<?xml version="1.0" encoding="UTF-8"?>
<testsuite xmlns:xsi="http://www.w3.org/2001/XMLSchema-instance" xsi:noNamespaceSchemaLocation="https://maven.apache.org/surefire/maven-surefire-plugin/xsd/surefire-test-report-3.0.xsd" version="3.0" name="org.apache.hadoop.ozone.container.TestECContainerRecovery" time="168.087" tests="2" errors="1" skipped="0" failures="0">
  <properties>
    <property name="awt.toolkit" value="sun.awt.X11.XToolkit"/>
    <property name="file.encoding.pkg" value="sun.io"/>
    <property name="java.specification.version" value="1.8"/>
    <property name="sun.cpu.isalist" value=""/>
    <property name="sun.jnu.encoding" value="UTF-8"/>
    <property name="java.class.path" value="/home/runner/work/ozone/ozone/hadoop-ozone/integration-test/target/test-classes:/home/runner/work/ozone/ozone/hadoop-ozone/integration-test/target/classes:/home/runner/.m2/repository/org/apache/ozone/ozone-common/1.3.0-SNAPSHOT/ozone-common-1.3.0-SNAPSHOT.jar:/home/runner/.m2/repository/io/grpc/grpc-netty/1.48.1/grpc-netty-1.48.1.jar:/home/runner/.m2/repository/io/grpc/grpc-core/1.48.1/grpc-core-1.48.1.jar:/home/runner/.m2/repository/com/google/android/annotations/4.1.1.4/annotations-4.1.1.4.jar:/home/runner/.m2/repository/org/codehaus/mojo/animal-sniffer-annotations/1.21/animal-sniffer-annotations-1.21.jar:/home/runner/.m2/repository/com/google/errorprone/error_prone_annotations/2.2.0/error_prone_annotations-2.2.0.jar:/home/runner/.m2/repository/io/perfmark/perfmark-api/0.25.0/perfmark-api-0.25.0.jar:/home/runner/.m2/repository/io/netty/netty-codec-http2/4.1.79.Final/netty-codec-http2-4.1.79.Final.jar:/home/runner/.m2/repository/io/netty/netty-common/4.1.79.Final/netty-common-4.1.79.Final.jar:/home/runner/.m2/repository/io/netty/netty-buffer/4.1.79.Final/netty-buffer-4.1.79.Final.jar:/home/runner/.m2/repository/io/netty/netty-codec-http/4.1.79.Final/netty-codec-http-4.1.79.Final.jar:/home/runner/.m2/repository/io/netty/netty-handler-proxy/4.1.79.Final/netty-handler-proxy-4.1.79.Final.jar:/home/runner/.m2/repository/io/netty/netty-codec-socks/4.1.79.Final/netty-codec-socks-4.1.79.Final.jar:/home/runner/.m2/repository/io/netty/netty-tcnative-boringssl-static/2.0.53.Final/netty-tcnative-boringssl-static-2.0.53.Final.jar:/home/runner/.m2/repository/io/netty/netty-tcnative-classes/2.0.53.Final/netty-tcnative-classes-2.0.53.Final.jar:/home/runner/.m2/repository/io/netty/netty-tcnative-boringssl-static/2.0.53.Final/netty-tcnative-boringssl-static-2.0.53.Final-linux-x86_64.jar:/home/runner/.m2/repository/io/netty/netty-tcnative-boringssl-static/2.0.53.Final/netty-tcnative-boringssl-static-2.0.53.Final-linux-aarch_64.jar:/home/runner/.m2/repository/io/netty/netty-tcnative-boringssl-static/2.0.53.Final/netty-tcnative-boringssl-static-2.0.53.Final-osx-x86_64.jar:/home/runner/.m2/repository/io/netty/netty-tcnative-boringssl-static/2.0.53.Final/netty-tcnative-boringssl-static-2.0.53.Final-osx-aarch_64.jar:/home/runner/.m2/repository/io/netty/netty-tcnative-boringssl-static/2.0.53.Final/netty-tcnative-boringssl-static-2.0.53.Final-windows-x86_64.jar:/home/runner/.m2/repository/org/apache/commons/commons-compress/1.21/commons-compress-1.21.jar:/home/runner/.m2/repository/org/apache/ozone/hdds-common/1.3.0-SNAPSHOT/hdds-common-1.3.0-SNAPSHOT.jar:/home/runner/.m2/repository/org/apache/ozone/hdds-client/1.3.0-SNAPSHOT/hdds-client-1.3.0-SNAPSHOT.jar:/home/runner/.m2/repository/org/apache/ozone/ozone-interface-client/1.3.0-SNAPSHOT/ozone-interface-client-1.3.0-SNAPSHOT.jar:/home/runner/.m2/repository/org/apache/ozone/hdds-test-utils/1.3.0-SNAPSHOT/hdds-test-utils-1.3.0-SNAPSHOT.jar:/home/runner/.m2/repository/com/google/guava/guava/31.1-jre/guava-31.1-jre.jar:/home/runner/.m2/repository/com/google/guava/failureaccess/1.0.1/failureaccess-1.0.1.jar:/home/runner/.m2/repository/com/google/guava/listenablefuture/9999.0-empty-to-avoid-conflict-with-guava/listenablefuture-9999.0-empty-to-avoid-conflict-with-guava.jar:/home/runner/.m2/repository/com/google/code/findbugs/jsr305/3.0.0/jsr305-3.0.0.jar:/home/runner/.m2/repository/org/checkerframework/checker-qual/3.12.0/checker-qual-3.12.0.jar:/home/runner/.m2/repository/com/google/j2objc/j2objc-annotations/1.3/j2objc-annotations-1.3.jar:/home/runner/.m2/repository/commons-io/commons-io/2.11.0/commons-io-2.11.0.jar:/home/runner/.m2/repository/commons-logging/commons-logging/1.2/commons-logging-1.2.jar:/home/runner/.m2/repository/ch/qos/reload4j/reload4j/1.2.22/reload4j-1.2.22.jar:/home/runner/.m2/repository/org/slf4j/slf4j-api/1.7.36/slf4j-api-1.7.36.jar:/home/runner/.m2/repository/org/apache/ozone/hdds-server-scm/1.3.0-SNAPSHOT/hdds-server-scm-1.3.0-SNAPSHOT.jar:/home/runner/.m2/repository/org/apache/ozone/hdds-container-service/1.3.0-SNAPSHOT/hdds-container-service-1.3.0-SNAPSHOT.jar:/home/runner/.m2/repository/org/apache/ozone/hdds-hadoop-dependency-server/1.3.0-SNAPSHOT/hdds-hadoop-dependency-server-1.3.0-SNAPSHOT.jar:/home/runner/.m2/repository/org/apache/hadoop/hadoop-hdfs/3.3.4/hadoop-hdfs-3.3.4.jar:/home/runner/.m2/repository/org/eclipse/jetty/jetty-util-ajax/9.4.49.v20220914/jetty-util-ajax-9.4.49.v20220914.jar:/home/runner/.m2/repository/commons-daemon/commons-daemon/1.0.13/commons-daemon-1.0.13.jar:/home/runner/.m2/repository/org/apache/ozone/hdds-server-framework/1.3.0-SNAPSHOT/hdds-server-framework-1.3.0-SNAPSHOT.jar:/home/runner/.m2/repository/org/apache/ozone/hdds-interface-server/1.3.0-SNAPSHOT/hdds-interface-server-1.3.0-SNAPSHOT.jar:/home/runner/.m2/repository/org/apache/commons/commons-configuration2/2.1.1/commons-configuration2-2.1.1.jar:/home/runner/.m2/repository/org/apache/logging/log4j/log4j-core/2.17.1/log4j-core-2.17.1.jar:/home/runner/.m2/repository/com/lmax/disruptor/3.4.2/disruptor-3.4.2.jar:/home/runner/.m2/repository/org/eclipse/jetty/jetty-servlet/9.4.49.v20220914/jetty-servlet-9.4.49.v20220914.jar:/home/runner/.m2/repository/org/eclipse/jetty/jetty-security/9.4.49.v20220914/jetty-security-9.4.49.v20220914.jar:/home/runner/.m2/repository/org/rocksdb/rocksdbjni/7.7.3/rocksdbjni-7.7.3.jar:/home/runner/.m2/repository/io/prometheus/simpleclient_dropwizard/0.7.0/simpleclient_dropwizard-0.7.0.jar:/home/runner/.m2/repository/io/prometheus/simpleclient/0.7.0/simpleclient-0.7.0.jar:/home/runner/.m2/repository/io/prometheus/simpleclient_common/0.7.0/simpleclient_common-0.7.0.jar:/home/runner/.m2/repository/com/github/spotbugs/spotbugs-annotations/3.1.12/spotbugs-annotations-3.1.12.jar:/home/runner/.m2/repository/io/dropwizard/metrics/metrics-core/3.2.4/metrics-core-3.2.4.jar:/home/runner/.m2/repository/org/apache/commons/commons-text/1.4/commons-text-1.4.jar:/home/runner/.m2/repository/org/apache/hadoop/hadoop-hdfs-client/3.3.4/hadoop-hdfs-client-3.3.4.jar:/home/runner/.m2/repository/com/squareup/okhttp3/okhttp/4.9.3/okhttp-4.9.3.jar:/home/runner/.m2/repository/com/squareup/okio/okio/2.8.0/okio-2.8.0.jar:/home/runner/.m2/repository/org/jetbrains/kotlin/kotlin-stdlib-common/1.4.10/kotlin-stdlib-common-1.4.10.jar:/home/runner/.m2/repository/org/bouncycastle/bcprov-jdk15on/1.67/bcprov-jdk15on-1.67.jar:/home/runner/.m2/repository/com/google/protobuf/protobuf-java/2.5.0/protobuf-java-2.5.0.jar:/home/runner/.m2/repository/org/apache/ozone/ozone-manager/1.3.0-SNAPSHOT/ozone-manager-1.3.0-SNAPSHOT.jar:/home/runner/.m2/repository/org/aspectj/aspectjrt/1.9.7/aspectjrt-1.9.7.jar:/home/runner/.m2/repository/org/aspectj/aspectjweaver/1.9.7/aspectjweaver-1.9.7.jar:/home/runner/.m2/repository/org/apache/ozone/hdds-interface-client/1.3.0-SNAPSHOT/hdds-interface-client-1.3.0-SNAPSHOT.jar:/home/runner/.m2/repository/org/apache/hadoop/thirdparty/hadoop-shaded-protobuf_3_7/1.1.1/hadoop-shaded-protobuf_3_7-1.1.1.jar:/home/runner/.m2/repository/org/apache/ozone/ozone-interface-storage/1.3.0-SNAPSHOT/ozone-interface-storage-1.3.0-SNAPSHOT.jar:/home/runner/.m2/repository/org/reflections/reflections/0.9.11/reflections-0.9.11.jar:/home/runner/.m2/repository/com/sun/jersey/jersey-client/1.19/jersey-client-1.19.jar:/home/runner/.m2/repository/org/apache/ranger/ranger-intg/2.3.0/ranger-intg-2.3.0.jar:/home/runner/.m2/repository/org/apache/ranger/ranger-plugins-common/2.3.0/ranger-plugins-common-2.3.0.jar:/home/runner/.m2/repository/commons-lang/commons-lang/2.6/commons-lang-2.6.jar:/home/runner/.m2/repository/org/codehaus/jackson/jackson-jaxrs/1.9.13/jackson-jaxrs-1.9.13.jar:/home/runner/.m2/repository/org/apache/ranger/ranger-plugins-cred/2.3.0/ranger-plugins-cred-2.3.0.jar:/home/runner/.m2/repository/org/apache/ranger/ranger-plugins-audit/2.3.0/ranger-plugins-audit-2.3.0.jar:/home/runner/.m2/repository/org/eclipse/jetty/jetty-client/9.4.31.v20200723/jetty-client-9.4.31.v20200723.jar:/home/runner/.m2/repository/org/apache/httpcomponents/httpmime/4.5.6/httpmime-4.5.6.jar:/home/runner/.m2/repository/org/apache/httpcomponents/httpcore-nio/4.4.6/httpcore-nio-4.4.6.jar:/home/runner/.m2/repository/org/apache/httpcomponents/httpasyncclient/4.1.3/httpasyncclient-4.1.3.jar:/home/runner/.m2/repository/com/carrotsearch/hppc/0.8.0/hppc-0.8.0.jar:/home/runner/.m2/repository/org/apache/orc/orc-core/1.5.8/orc-core-1.5.8.jar:/home/runner/.m2/repository/net/java/dev/jna/jna/5.2.0/jna-5.2.0.jar:/home/runner/.m2/repository/net/java/dev/jna/jna-platform/5.2.0/jna-platform-5.2.0.jar:/home/runner/.m2/repository/com/kstruct/gethostname4j/0.0.2/gethostname4j-0.0.2.jar:/home/runner/.m2/repository/org/apache/ranger/ranger-plugin-classloader/2.3.0/ranger-plugin-classloader-2.3.0.jar:/home/runner/.m2/repository/org/apache/hadoop/hadoop-minikdc/3.3.4/hadoop-minikdc-3.3.4.jar:/home/runner/.m2/repository/org/apache/kerby/kerb-simplekdc/1.0.1/kerb-simplekdc-1.0.1.jar:/home/runner/.m2/repository/org/apache/kerby/kerb-client/1.0.1/kerb-client-1.0.1.jar:/home/runner/.m2/repository/org/apache/kerby/kerby-config/1.0.1/kerby-config-1.0.1.jar:/home/runner/.m2/repository/org/apache/kerby/kerb-common/1.0.1/kerb-common-1.0.1.jar:/home/runner/.m2/repository/org/apache/kerby/kerb-crypto/1.0.1/kerb-crypto-1.0.1.jar:/home/runner/.m2/repository/org/apache/kerby/kerb-util/1.0.1/kerb-util-1.0.1.jar:/home/runner/.m2/repository/org/apache/kerby/token-provider/1.0.1/token-provider-1.0.1.jar:/home/runner/.m2/repository/org/apache/kerby/kerb-admin/1.0.1/kerb-admin-1.0.1.jar:/home/runner/.m2/repository/org/apache/kerby/kerb-server/1.0.1/kerb-server-1.0.1.jar:/home/runner/.m2/repository/org/apache/kerby/kerb-identity/1.0.1/kerb-identity-1.0.1.jar:/home/runner/.m2/repository/org/apache/kerby/kerby-xdr/1.0.1/kerby-xdr-1.0.1.jar:/home/runner/.m2/repository/org/apache/ozone/ozone-s3gateway/1.3.0-SNAPSHOT/ozone-s3gateway-1.3.0-SNAPSHOT.jar:/home/runner/.m2/repository/org/javassist/javassist/3.21.0-GA/javassist-3.21.0-GA.jar:/home/runner/.m2/repository/org/jboss/weld/servlet/weld-servlet/2.4.7.Final/weld-servlet-2.4.7.Final.jar:/home/runner/.m2/repository/org/glassfish/jersey/containers/jersey-container-servlet-core/2.34/jersey-container-servlet-core-2.34.jar:/home/runner/.m2/repository/org/glassfish/hk2/external/jakarta.inject/2.6.1/jakarta.inject-2.6.1.jar:/home/runner/.m2/repository/org/glassfish/jersey/core/jersey-common/2.34/jersey-common-2.34.jar:/home/runner/.m2/repository/jakarta/ws/rs/jakarta.ws.rs-api/2.1.6/jakarta.ws.rs-api-2.1.6.jar:/home/runner/.m2/repository/org/glassfish/jersey/ext/cdi/jersey-cdi1x/2.34/jersey-cdi1x-2.34.jar:/home/runner/.m2/repository/org/glassfish/jersey/inject/jersey-hk2/2.34/jersey-hk2-2.34.jar:/home/runner/.m2/repository/org/glassfish/hk2/hk2-locator/2.6.1/hk2-locator-2.6.1.jar:/home/runner/.m2/repository/org/glassfish/jersey/media/jersey-media-jaxb/2.34/jersey-media-jaxb-2.34.jar:/home/runner/.m2/repository/org/glassfish/hk2/osgi-resource-locator/1.0.3/osgi-resource-locator-1.0.3.jar:/home/runner/.m2/repository/org/glassfish/hk2/hk2-api/2.5.0/hk2-api-2.5.0.jar:/home/runner/.m2/repository/org/glassfish/hk2/hk2-utils/2.5.0/hk2-utils-2.5.0.jar:/home/runner/.m2/repository/org/glassfish/hk2/external/aopalliance-repackaged/2.5.0/aopalliance-repackaged-2.5.0.jar:/home/runner/.m2/repository/com/fasterxml/jackson/dataformat/jackson-dataformat-xml/2.13.4/jackson-dataformat-xml-2.13.4.jar:/home/runner/.m2/repository/com/fasterxml/jackson/core/jackson-core/2.13.4/jackson-core-2.13.4.jar:/home/runner/.m2/repository/org/codehaus/woodstox/stax2-api/4.2.1/stax2-api-4.2.1.jar:/home/runner/.m2/repository/com/fasterxml/woodstox/woodstox-core/5.4.0/woodstox-core-5.4.0.jar:/home/runner/.m2/repository/com/fasterxml/jackson/module/jackson-module-jaxb-annotations/2.13.4/jackson-module-jaxb-annotations-2.13.4.jar:/home/runner/.m2/repository/jakarta/xml/bind/jakarta.xml.bind-api/2.3.3/jakarta.xml.bind-api-2.3.3.jar:/home/runner/.m2/repository/jakarta/activation/jakarta.activation-api/1.2.1/jakarta.activation-api-1.2.1.jar:/home/runner/.m2/repository/javax/enterprise/cdi-api/1.2/cdi-api-1.2.jar:/home/runner/.m2/repository/javax/el/javax.el-api/3.0.0/javax.el-api-3.0.0.jar:/home/runner/.m2/repository/javax/interceptor/javax.interceptor-api/1.2/javax.interceptor-api-1.2.jar:/home/runner/.m2/repository/javax/inject/javax.inject/1/javax.inject-1.jar:/home/runner/.m2/repository/javax/xml/bind/jaxb-api/2.3.0/jaxb-api-2.3.0.jar:/home/runner/.m2/repository/org/glassfish/jaxb/jaxb-runtime/2.3.0.1/jaxb-runtime-2.3.0.1.jar:/home/runner/.m2/repository/org/glassfish/jaxb/jaxb-core/2.3.0.1/jaxb-core-2.3.0.1.jar:/home/runner/.m2/repository/org/glassfish/jaxb/txw2/2.3.0.1/txw2-2.3.0.1.jar:/home/runner/.m2/repository/com/sun/istack/istack-commons-runtime/3.0.5/istack-commons-runtime-3.0.5.jar:/home/runner/.m2/repository/org/jvnet/staxex/stax-ex/1.7.8/stax-ex-1.7.8.jar:/home/runner/.m2/repository/com/sun/xml/fastinfoset/FastInfoset/1.2.13/FastInfoset-1.2.13.jar:/home/runner/.m2/repository/javax/activation/activation/1.1.1/activation-1.1.1.jar:/home/runner/.m2/repository/io/grpc/grpc-protobuf/1.48.1/grpc-protobuf-1.48.1.jar:/home/runner/.m2/repository/io/grpc/grpc-api/1.48.1/grpc-api-1.48.1.jar:/home/runner/.m2/repository/io/grpc/grpc-context/1.48.1/grpc-context-1.48.1.jar:/home/runner/.m2/repository/com/google/api/grpc/proto-google-common-protos/2.9.0/proto-google-common-protos-2.9.0.jar:/home/runner/.m2/repository/io/grpc/grpc-protobuf-lite/1.48.1/grpc-protobuf-lite-1.48.1.jar:/home/runner/.m2/repository/io/grpc/grpc-stub/1.48.1/grpc-stub-1.48.1.jar:/home/runner/.m2/repository/io/netty/netty-transport/4.1.79.Final/netty-transport-4.1.79.Final.jar:/home/runner/.m2/repository/io/netty/netty-resolver/4.1.79.Final/netty-resolver-4.1.79.Final.jar:/home/runner/.m2/repository/org/apache/ozone/ozone-csi/1.3.0-SNAPSHOT/ozone-csi-1.3.0-SNAPSHOT.jar:/home/runner/.m2/repository/com/google/protobuf/protobuf-java-util/3.19.2/protobuf-java-util-3.19.2.jar:/home/runner/.m2/repository/com/google/code/gson/gson/2.9.0/gson-2.9.0.jar:/home/runner/.m2/repository/org/apache/ozone/hdds-config/1.3.0-SNAPSHOT/hdds-config-1.3.0-SNAPSHOT.jar:/home/runner/.m2/repository/io/netty/netty-transport-native-epoll/4.1.79.Final/netty-transport-native-epoll-4.1.79.Final-linux-x86_64.jar:/home/runner/.m2/repository/io/netty/netty-transport-classes-epoll/4.1.79.Final/netty-transport-classes-epoll-4.1.79.Final.jar:/home/runner/.m2/repository/io/netty/netty-transport-native-unix-common/4.1.79.Final/netty-transport-native-unix-common-4.1.79.Final.jar:/home/runner/.m2/repository/org/slf4j/slf4j-reload4j/1.7.36/slf4j-reload4j-1.7.36.jar:/home/runner/.m2/repository/org/apache/ozone/ozone-recon/1.3.0-SNAPSHOT/ozone-recon-1.3.0-SNAPSHOT.jar:/home/runner/.m2/repository/org/apache/ozone/ozone-reconcodegen/1.3.0-SNAPSHOT/ozone-reconcodegen-1.3.0-SNAPSHOT.jar:/home/runner/.m2/repository/com/google/inject/extensions/guice-multibindings/4.0/guice-multibindings-4.0.jar:/home/runner/.m2/repository/com/google/inject/guice/4.0/guice-4.0.jar:/home/runner/.m2/repository/aopalliance/aopalliance/1.0/aopalliance-1.0.jar:/home/runner/.m2/repository/com/google/inject/extensions/guice-assistedinject/4.0/guice-assistedinject-4.0.jar:/home/runner/.m2/repository/com/google/inject/extensions/guice-servlet/4.0/guice-servlet-4.0.jar:/home/runner/.m2/repository/org/glassfish/jersey/containers/jersey-container-servlet/2.34/jersey-container-servlet-2.34.jar:/home/runner/.m2/repository/org/glassfish/hk2/guice-bridge/2.5.0/guice-bridge-2.5.0.jar:/home/runner/.m2/repository/org/glassfish/jersey/core/jersey-server/2.34/jersey-server-2.34.jar:/home/runner/.m2/repository/org/glassfish/jersey/core/jersey-client/2.34/jersey-client-2.34.jar:/home/runner/.m2/repository/jakarta/annotation/jakarta.annotation-api/1.3.5/jakarta.annotation-api-1.3.5.jar:/home/runner/.m2/repository/jakarta/validation/jakarta.validation-api/2.0.2/jakarta.validation-api-2.0.2.jar:/home/runner/.m2/repository/org/glassfish/jersey/media/jersey-media-json-jackson/2.34/jersey-media-json-jackson-2.34.jar:/home/runner/.m2/repository/org/glassfish/jersey/ext/jersey-entity-filtering/2.34/jersey-entity-filtering-2.34.jar:/home/runner/.m2/repository/org/jooq/jooq/3.11.10/jooq-3.11.10.jar:/home/runner/.m2/repository/org/jooq/jooq-meta/3.11.10/jooq-meta-3.11.10.jar:/home/runner/.m2/repository/org/jooq/jooq-codegen/3.11.10/jooq-codegen-3.11.10.jar:/home/runner/.m2/repository/com/jolbox/bonecp/0.8.0.RELEASE/bonecp-0.8.0.RELEASE.jar:/home/runner/.m2/repository/org/apache/derby/derby/10.14.2.0/derby-10.14.2.0.jar:/home/runner/.m2/repository/org/xerial/sqlite-jdbc/3.25.2/sqlite-jdbc-3.25.2.jar:/home/runner/.m2/repository/org/springframework/spring-jdbc/5.3.23/spring-jdbc-5.3.23.jar:/home/runner/.m2/repository/org/springframework/spring-beans/5.3.23/spring-beans-5.3.23.jar:/home/runner/.m2/repository/org/springframework/spring-core/5.3.23/spring-core-5.3.23.jar:/home/runner/.m2/repository/org/springframework/spring-jcl/5.3.23/spring-jcl-5.3.23.jar:/home/runner/.m2/repository/org/springframework/spring-tx/5.3.23/spring-tx-5.3.23.jar:/home/runner/.m2/repository/org/apache/ozone/ozone-client/1.3.0-SNAPSHOT/ozone-client-1.3.0-SNAPSHOT.jar:/home/runner/.m2/repository/org/apache/ozone/hdds-erasurecode/1.3.0-SNAPSHOT/hdds-erasurecode-1.3.0-SNAPSHOT.jar:/home/runner/.m2/repository/org/apache/ozone/ozone-filesystem/1.3.0-SNAPSHOT/ozone-filesystem-1.3.0-SNAPSHOT.jar:/home/runner/.m2/repository/org/apache/ozone/ozone-filesystem-common/1.3.0-SNAPSHOT/ozone-filesystem-common-1.3.0-SNAPSHOT.jar:/home/runner/.m2/repository/org/apache/ozone/ozone-tools/1.3.0-SNAPSHOT/ozone-tools-1.3.0-SNAPSHOT.jar:/home/runner/.m2/repository/org/apache/ratis/ratis-tools/2.4.0/ratis-tools-2.4.0.jar:/home/runner/.m2/repository/com/amazonaws/aws-java-sdk-core/1.12.261/aws-java-sdk-core-1.12.261.jar:/home/runner/.m2/repository/org/apache/httpcomponents/httpclient/4.5.13/httpclient-4.5.13.jar:/home/runner/.m2/repository/org/apache/httpcomponents/httpcore/4.4.13/httpcore-4.4.13.jar:/home/runner/.m2/repository/software/amazon/ion/ion-java/1.0.2/ion-java-1.0.2.jar:/home/runner/.m2/repository/com/fasterxml/jackson/dataformat/jackson-dataformat-cbor/2.13.4/jackson-dataformat-cbor-2.13.4.jar:/home/runner/.m2/repository/joda-time/joda-time/2.8.1/joda-time-2.8.1.jar:/home/runner/.m2/repository/com/amazonaws/aws-java-sdk-s3/1.12.261/aws-java-sdk-s3-1.12.261.jar:/home/runner/.m2/repository/com/amazonaws/aws-java-sdk-kms/1.12.261/aws-java-sdk-kms-1.12.261.jar:/home/runner/.m2/repository/com/amazonaws/jmespath-java/1.12.261/jmespath-java-1.12.261.jar:/home/runner/.m2/repository/org/kohsuke/metainf-services/metainf-services/1.8/metainf-services-1.8.jar:/home/runner/.m2/repository/org/apache/ozone/hdds-tools/1.3.0-SNAPSHOT/hdds-tools-1.3.0-SNAPSHOT.jar:/home/runner/.m2/repository/commons-cli/commons-cli/1.2/commons-cli-1.2.jar:/home/runner/.m2/repository/org/apache/commons/commons-lang3/3.7/commons-lang3-3.7.jar:/home/runner/.m2/repository/org/apache/ozone/ozone-manager/1.3.0-SNAPSHOT/ozone-manager-1.3.0-SNAPSHOT-tests.jar:/home/runner/.m2/repository/org/apache/ozone/hdds-common/1.3.0-SNAPSHOT/hdds-common-1.3.0-SNAPSHOT-tests.jar:/home/runner/.m2/repository/org/apache/ozone/hdds-hadoop-dependency-client/1.3.0-SNAPSHOT/hdds-hadoop-dependency-client-1.3.0-SNAPSHOT.jar:/home/runner/.m2/repository/info/picocli/picocli/4.6.1/picocli-4.6.1.jar:/home/runner/.m2/repository/com/fasterxml/jackson/core/jackson-annotations/2.13.4/jackson-annotations-2.13.4.jar:/home/runner/.m2/repository/com/fasterxml/jackson/datatype/jackson-datatype-jsr310/2.13.4/jackson-datatype-jsr310-2.13.4.jar:/home/runner/.m2/repository/org/apache/ozone/hdds-annotation-processing/1.3.0-SNAPSHOT/hdds-annotation-processing-1.3.0-SNAPSHOT.jar:/home/runner/.m2/repository/javax/annotation/javax.annotation-api/1.2/javax.annotation-api-1.2.jar:/home/runner/.m2/repository/org/apache/ratis/ratis-server/2.4.0/ratis-server-2.4.0.jar:/home/runner/.m2/repository/org/apache/ratis/ratis-client/2.4.0/ratis-client-2.4.0.jar:/home/runner/.m2/repository/org/apache/ratis/ratis-server-api/2.4.0/ratis-server-api-2.4.0.jar:/home/runner/.m2/repository/org/apache/ratis/ratis-metrics/2.4.0/ratis-metrics-2.4.0.jar:/home/runner/.m2/repository/org/apache/ratis/ratis-netty/2.4.0/ratis-netty-2.4.0.jar:/home/runner/.m2/repository/org/apache/ratis/ratis-grpc/2.4.0/ratis-grpc-2.4.0.jar:/home/runner/.m2/repository/org/apache/logging/log4j/log4j-api/2.17.1/log4j-api-2.17.1.jar:/home/runner/.m2/repository/org/apache/commons/commons-pool2/2.6.0/commons-pool2-2.6.0.jar:/home/runner/.m2/repository/org/bouncycastle/bcpkix-jdk15on/1.67/bcpkix-jdk15on-1.67.jar:/home/runner/.m2/repository/commons-validator/commons-validator/1.6/commons-validator-1.6.jar:/home/runner/.m2/repository/commons-beanutils/commons-beanutils/1.9.4/commons-beanutils-1.9.4.jar:/home/runner/.m2/repository/commons-digester/commons-digester/1.8.1/commons-digester-1.8.1.jar:/home/runner/.m2/repository/commons-collections/commons-collections/3.2.2/commons-collections-3.2.2.jar:/home/runner/.m2/repository/io/jaegertracing/jaeger-client/1.6.0/jaeger-client-1.6.0.jar:/home/runner/.m2/repository/io/jaegertracing/jaeger-thrift/1.6.0/jaeger-thrift-1.6.0.jar:/home/runner/.m2/repository/org/apache/thrift/libthrift/0.14.1/libthrift-0.14.1.jar:/home/runner/.m2/repository/io/jaegertracing/jaeger-core/1.6.0/jaeger-core-1.6.0.jar:/home/runner/.m2/repository/io/jaegertracing/jaeger-tracerresolver/1.6.0/jaeger-tracerresolver-1.6.0.jar:/home/runner/.m2/repository/io/opentracing/contrib/opentracing-tracerresolver/0.1.8/opentracing-tracerresolver-0.1.8.jar:/home/runner/.m2/repository/org/jetbrains/kotlin/kotlin-stdlib/1.6.21/kotlin-stdlib-1.6.21.jar:/home/runner/.m2/repository/org/jetbrains/annotations/13.0/annotations-13.0.jar:/home/runner/.m2/repository/io/opentracing/opentracing-util/0.33.0/opentracing-util-0.33.0.jar:/home/runner/.m2/repository/io/opentracing/opentracing-api/0.33.0/opentracing-api-0.33.0.jar:/home/runner/.m2/repository/io/opentracing/opentracing-noop/0.33.0/opentracing-noop-0.33.0.jar:/home/runner/.m2/repository/org/yaml/snakeyaml/1.33/snakeyaml-1.33.jar:/home/runner/.m2/repository/org/apache/ozone/hdds-interface-admin/1.3.0-SNAPSHOT/hdds-interface-admin-1.3.0-SNAPSHOT.jar:/home/runner/.m2/repository/junit/junit/4.13.1/junit-4.13.1.jar:/home/runner/.m2/repository/org/hamcrest/hamcrest-core/1.3/hamcrest-core-1.3.jar:/home/runner/.m2/repository/org/junit/jupiter/junit-jupiter-api/5.8.2/junit-jupiter-api-5.8.2.jar:/home/runner/.m2/repository/org/opentest4j/opentest4j/1.2.0/opentest4j-1.2.0.jar:/home/runner/.m2/repository/org/junit/platform/junit-platform-commons/1.8.2/junit-platform-commons-1.8.2.jar:/home/runner/.m2/repository/org/apiguardian/apiguardian-api/1.1.2/apiguardian-api-1.1.2.jar:/home/runner/.m2/repository/org/junit/jupiter/junit-jupiter-params/5.8.2/junit-jupiter-params-5.8.2.jar:/home/runner/.m2/repository/org/junit/jupiter/junit-jupiter-migrationsupport/5.8.2/junit-jupiter-migrationsupport-5.8.2.jar:/home/runner/.m2/repository/org/junit/jupiter/junit-jupiter-engine/5.8.2/junit-jupiter-engine-5.8.2.jar:/home/runner/.m2/repository/org/junit/platform/junit-platform-engine/1.8.2/junit-platform-engine-1.8.2.jar:/home/runner/.m2/repository/org/junit/vintage/junit-vintage-engine/5.8.2/junit-vintage-engine-5.8.2.jar:/home/runner/.m2/repository/org/junit/platform/junit-platform-launcher/1.8.2/junit-platform-launcher-1.8.2.jar:/home/runner/.m2/repository/org/mockito/mockito-core/2.28.2/mockito-core-2.28.2.jar:/home/runner/.m2/repository/net/bytebuddy/byte-buddy/1.9.10/byte-buddy-1.9.10.jar:/home/runner/.m2/repository/net/bytebuddy/byte-buddy-agent/1.9.10/byte-buddy-agent-1.9.10.jar:/home/runner/.m2/repository/org/objenesis/objenesis/1.0/objenesis-1.0.jar:/home/runner/.m2/repository/org/apache/hadoop/hadoop-kms/3.3.4/hadoop-kms-3.3.4.jar:/home/runner/.m2/repository/org/apache/hadoop/hadoop-auth/3.3.4/hadoop-auth-3.3.4.jar:/home/runner/.m2/repository/com/nimbusds/nimbus-jose-jwt/9.8.1/nimbus-jose-jwt-9.8.1.jar:/home/runner/.m2/repository/com/github/stephenc/jcip/jcip-annotations/1.0-1/jcip-annotations-1.0-1.jar:/home/runner/.m2/repository/net/minidev/json-smart/2.4.7/json-smart-2.4.7.jar:/home/runner/.m2/repository/net/minidev/accessors-smart/2.4.7/accessors-smart-2.4.7.jar:/home/runner/.m2/repository/org/ow2/asm/asm/5.0.4/asm-5.0.4.jar:/home/runner/.m2/repository/org/apache/zookeeper/zookeeper/3.5.6/zookeeper-3.5.6.jar:/home/runner/.m2/repository/org/apache/zookeeper/zookeeper-jute/3.5.6/zookeeper-jute-3.5.6.jar:/home/runner/.m2/repository/org/apache/yetus/audience-annotations/0.5.0/audience-annotations-0.5.0.jar:/home/runner/.m2/repository/org/apache/curator/curator-framework/4.2.0/curator-framework-4.2.0.jar:/home/runner/.m2/repository/org/apache/hadoop/thirdparty/hadoop-shaded-guava/1.1.1/hadoop-shaded-guava-1.1.1.jar:/home/runner/.m2/repository/com/sun/jersey/jersey-core/1.19/jersey-core-1.19.jar:/home/runner/.m2/repository/javax/ws/rs/jsr311-api/1.1.1/jsr311-api-1.1.1.jar:/home/runner/.m2/repository/com/sun/jersey/jersey-server/1.19/jersey-server-1.19.jar:/home/runner/.m2/repository/javax/servlet/javax.servlet-api/3.1.0/javax.servlet-api-3.1.0.jar:/home/runner/.m2/repository/org/eclipse/jetty/jetty-server/9.4.49.v20220914/jetty-server-9.4.49.v20220914.jar:/home/runner/.m2/repository/org/eclipse/jetty/jetty-http/9.4.49.v20220914/jetty-http-9.4.49.v20220914.jar:/home/runner/.m2/repository/org/eclipse/jetty/jetty-io/9.4.49.v20220914/jetty-io-9.4.49.v20220914.jar:/home/runner/.m2/repository/org/eclipse/jetty/jetty-webapp/9.4.49.v20220914/jetty-webapp-9.4.49.v20220914.jar:/home/runner/.m2/repository/org/eclipse/jetty/jetty-xml/9.4.49.v20220914/jetty-xml-9.4.49.v20220914.jar:/home/runner/.m2/repository/org/apache/hadoop/hadoop-common/3.3.4/hadoop-common-3.3.4.jar:/home/runner/.m2/repository/org/apache/commons/commons-math3/3.1.1/commons-math3-3.1.1.jar:/home/runner/.m2/repository/commons-net/commons-net/3.6/commons-net-3.6.jar:/home/runner/.m2/repository/com/sun/jersey/jersey-servlet/1.19/jersey-servlet-1.19.jar:/home/runner/.m2/repository/com/sun/jersey/jersey-json/1.19/jersey-json-1.19.jar:/home/runner/.m2/repository/org/codehaus/jettison/jettison/1.1/jettison-1.1.jar:/home/runner/.m2/repository/com/sun/xml/bind/jaxb-impl/2.2.3-1/jaxb-impl-2.2.3-1.jar:/home/runner/.m2/repository/org/codehaus/jackson/jackson-xc/1.9.2/jackson-xc-1.9.2.jar:/home/runner/.m2/repository/com/google/re2j/re2j/1.1/re2j-1.1.jar:/home/runner/.m2/repository/com/jcraft/jsch/0.1.54/jsch-0.1.54.jar:/home/runner/.m2/repository/org/apache/curator/curator-client/4.2.0/curator-client-4.2.0.jar:/home/runner/.m2/repository/org/apache/curator/curator-recipes/4.2.0/curator-recipes-4.2.0.jar:/home/runner/.m2/repository/org/apache/kerby/kerb-core/1.0.1/kerb-core-1.0.1.jar:/home/runner/.m2/repository/org/apache/kerby/kerby-pkix/1.0.1/kerby-pkix-1.0.1.jar:/home/runner/.m2/repository/org/apache/kerby/kerby-asn1/1.0.1/kerby-asn1-1.0.1.jar:/home/runner/.m2/repository/org/apache/kerby/kerby-util/1.0.1/kerby-util-1.0.1.jar:/home/runner/.m2/repository/dnsjava/dnsjava/2.1.7/dnsjava-2.1.7.jar:/home/runner/.m2/repository/org/xerial/snappy/snappy-java/1.1.8.2/snappy-java-1.1.8.2.jar:/home/runner/.m2/repository/org/eclipse/jetty/jetty-util/9.4.49.v20220914/jetty-util-9.4.49.v20220914.jar:/home/runner/.m2/repository/com/fasterxml/jackson/core/jackson-databind/2.13.4.2/jackson-databind-2.13.4.2.jar:/home/runner/.m2/repository/org/apache/hadoop/hadoop-kms/3.3.4/hadoop-kms-3.3.4-tests.jar:/home/runner/.m2/repository/org/apache/ozone/hdds-server-scm/1.3.0-SNAPSHOT/hdds-server-scm-1.3.0-SNAPSHOT-tests.jar:/home/runner/.m2/repository/org/apache/ozone/hdds-container-service/1.3.0-SNAPSHOT/hdds-container-service-1.3.0-SNAPSHOT-tests.jar:/home/runner/.m2/repository/commons-codec/commons-codec/1.15/commons-codec-1.15.jar:/home/runner/.m2/repository/io/netty/netty-codec/4.1.79.Final/netty-codec-4.1.79.Final.jar:/home/runner/.m2/repository/io/netty/netty-handler/4.1.79.Final/netty-handler-4.1.79.Final.jar:/home/runner/.m2/repository/org/apache/ozone/hdds-hadoop-dependency-test/1.3.0-SNAPSHOT/hdds-hadoop-dependency-test-1.3.0-SNAPSHOT.jar:/home/runner/.m2/repository/org/apache/hadoop/hadoop-common/3.3.4/hadoop-common-3.3.4-tests.jar:/home/runner/.m2/repository/org/apache/hadoop/hadoop-hdfs/3.3.4/hadoop-hdfs-3.3.4-tests.jar:/home/runner/.m2/repository/org/assertj/assertj-core/3.12.2/assertj-core-3.12.2.jar:/home/runner/.m2/repository/org/apache/hadoop/hadoop-distcp/3.3.4/hadoop-distcp-3.3.4.jar:/home/runner/.m2/repository/org/apache/hadoop/hadoop-mapreduce-client-jobclient/3.3.4/hadoop-mapreduce-client-jobclient-3.3.4.jar:/home/runner/.m2/repository/org/apache/hadoop/hadoop-mapreduce-client-common/3.3.4/hadoop-mapreduce-client-common-3.3.4.jar:/home/runner/.m2/repository/org/apache/hadoop/hadoop-yarn-common/3.3.4/hadoop-yarn-common-3.3.4.jar:/home/runner/.m2/repository/org/apache/hadoop/hadoop-yarn-api/3.3.4/hadoop-yarn-api-3.3.4.jar:/home/runner/.m2/repository/com/sun/jersey/contribs/jersey-guice/1.19/jersey-guice-1.19.jar:/home/runner/.m2/repository/com/fasterxml/jackson/jaxrs/jackson-jaxrs-json-provider/2.13.4/jackson-jaxrs-json-provider-2.13.4.jar:/home/runner/.m2/repository/com/fasterxml/jackson/jaxrs/jackson-jaxrs-base/2.13.4/jackson-jaxrs-base-2.13.4.jar:/home/runner/.m2/repository/org/apache/hadoop/hadoop-yarn-client/3.3.4/hadoop-yarn-client-3.3.4.jar:/home/runner/.m2/repository/org/eclipse/jetty/websocket/websocket-client/9.4.43.v20210629/websocket-client-9.4.43.v20210629.jar:/home/runner/.m2/repository/org/eclipse/jetty/websocket/websocket-common/9.4.43.v20210629/websocket-common-9.4.43.v20210629.jar:/home/runner/.m2/repository/org/eclipse/jetty/websocket/websocket-api/9.4.43.v20210629/websocket-api-9.4.43.v20210629.jar:/home/runner/.m2/repository/org/jline/jline/3.9.0/jline-3.9.0.jar:/home/runner/.m2/repository/org/apache/hadoop/hadoop-mapreduce-client-core/3.3.4/hadoop-mapreduce-client-core-3.3.4.jar:/home/runner/.m2/repository/org/apache/avro/avro/1.7.7/avro-1.7.7.jar:/home/runner/.m2/repository/org/codehaus/jackson/jackson-core-asl/1.9.13/jackson-core-asl-1.9.13.jar:/home/runner/.m2/repository/org/codehaus/jackson/jackson-mapper-asl/1.9.13/jackson-mapper-asl-1.9.13.jar:/home/runner/.m2/repository/com/thoughtworks/paranamer/paranamer/2.3/paranamer-2.3.jar:/home/runner/.m2/repository/org/apache/hadoop/hadoop-annotations/3.3.4/hadoop-annotations-3.3.4.jar:/usr/lib/jvm/temurin-8-jdk-amd64/jre/../lib/tools.jar:/home/runner/.m2/repository/io/netty/netty/3.10.6.Final/netty-3.10.6.Final.jar:/home/runner/.m2/repository/org/apache/hadoop/hadoop-distcp/3.3.4/hadoop-distcp-3.3.4-tests.jar:/home/runner/.m2/repository/org/slf4j/jul-to-slf4j/1.7.36/jul-to-slf4j-1.7.36.jar:/home/runner/.m2/repository/org/apache/ratis/ratis-common/2.4.0/ratis-common-2.4.0.jar:/home/runner/.m2/repository/org/apache/ratis/ratis-thirdparty-misc/1.0.2/ratis-thirdparty-misc-1.0.2.jar:/home/runner/.m2/repository/org/apache/ratis/ratis-proto/2.4.0/ratis-proto-2.4.0.jar:"/>
    <property name="java.vm.vendor" value="Temurin"/>
    <property name="sun.arch.data.model" value="64"/>
    <property name="test.build.dir" value="/home/runner/work/ozone/ozone/hadoop-ozone/integration-test/target/test-dir"/>
    <property name="test.cache.data" value=""/>
    <property name="java.vendor.url" value="https://adoptium.net/"/>
    <property name="user.timezone" value="Etc/UTC"/>
    <property name="java.vm.specification.version" value="1.8"/>
    <property name="os.name" value="Linux"/>
    <property name="test.build.data" value="/home/runner/work/ozone/ozone/hadoop-ozone/integration-test/target/test-dir"/>
    <property name="sun.java.launcher" value="SUN_STANDARD"/>
    <property name="sun.boot.library.path" value="/usr/lib/jvm/temurin-8-jdk-amd64/jre/lib/amd64"/>
    <property name="sun.java.command" value="/home/runner/work/ozone/ozone/hadoop-ozone/integration-test/target/surefire/surefirebooter8415099799344468839.jar /home/runner/work/ozone/ozone/hadoop-ozone/integration-test/target/surefire 2022-11-24T06-26-13_340-jvmRun1 surefire4838109253616664125tmp surefire_122710266375709635252tmp"/>
    <property name="surefire.test.class.path" value="/home/runner/work/ozone/ozone/hadoop-ozone/integration-test/target/test-classes:/home/runner/work/ozone/ozone/hadoop-ozone/integration-test/target/classes:/home/runner/.m2/repository/org/apache/ozone/ozone-common/1.3.0-SNAPSHOT/ozone-common-1.3.0-SNAPSHOT.jar:/home/runner/.m2/repository/io/grpc/grpc-netty/1.48.1/grpc-netty-1.48.1.jar:/home/runner/.m2/repository/io/grpc/grpc-core/1.48.1/grpc-core-1.48.1.jar:/home/runner/.m2/repository/com/google/android/annotations/4.1.1.4/annotations-4.1.1.4.jar:/home/runner/.m2/repository/org/codehaus/mojo/animal-sniffer-annotations/1.21/animal-sniffer-annotations-1.21.jar:/home/runner/.m2/repository/com/google/errorprone/error_prone_annotations/2.2.0/error_prone_annotations-2.2.0.jar:/home/runner/.m2/repository/io/perfmark/perfmark-api/0.25.0/perfmark-api-0.25.0.jar:/home/runner/.m2/repository/io/netty/netty-codec-http2/4.1.79.Final/netty-codec-http2-4.1.79.Final.jar:/home/runner/.m2/repository/io/netty/netty-common/4.1.79.Final/netty-common-4.1.79.Final.jar:/home/runner/.m2/repository/io/netty/netty-buffer/4.1.79.Final/netty-buffer-4.1.79.Final.jar:/home/runner/.m2/repository/io/netty/netty-codec-http/4.1.79.Final/netty-codec-http-4.1.79.Final.jar:/home/runner/.m2/repository/io/netty/netty-handler-proxy/4.1.79.Final/netty-handler-proxy-4.1.79.Final.jar:/home/runner/.m2/repository/io/netty/netty-codec-socks/4.1.79.Final/netty-codec-socks-4.1.79.Final.jar:/home/runner/.m2/repository/io/netty/netty-tcnative-boringssl-static/2.0.53.Final/netty-tcnative-boringssl-static-2.0.53.Final.jar:/home/runner/.m2/repository/io/netty/netty-tcnative-classes/2.0.53.Final/netty-tcnative-classes-2.0.53.Final.jar:/home/runner/.m2/repository/io/netty/netty-tcnative-boringssl-static/2.0.53.Final/netty-tcnative-boringssl-static-2.0.53.Final-linux-x86_64.jar:/home/runner/.m2/repository/io/netty/netty-tcnative-boringssl-static/2.0.53.Final/netty-tcnative-boringssl-static-2.0.53.Final-linux-aarch_64.jar:/home/runner/.m2/repository/io/netty/netty-tcnative-boringssl-static/2.0.53.Final/netty-tcnative-boringssl-static-2.0.53.Final-osx-x86_64.jar:/home/runner/.m2/repository/io/netty/netty-tcnative-boringssl-static/2.0.53.Final/netty-tcnative-boringssl-static-2.0.53.Final-osx-aarch_64.jar:/home/runner/.m2/repository/io/netty/netty-tcnative-boringssl-static/2.0.53.Final/netty-tcnative-boringssl-static-2.0.53.Final-windows-x86_64.jar:/home/runner/.m2/repository/org/apache/commons/commons-compress/1.21/commons-compress-1.21.jar:/home/runner/.m2/repository/org/apache/ozone/hdds-common/1.3.0-SNAPSHOT/hdds-common-1.3.0-SNAPSHOT.jar:/home/runner/.m2/repository/org/apache/ozone/hdds-client/1.3.0-SNAPSHOT/hdds-client-1.3.0-SNAPSHOT.jar:/home/runner/.m2/repository/org/apache/ozone/ozone-interface-client/1.3.0-SNAPSHOT/ozone-interface-client-1.3.0-SNAPSHOT.jar:/home/runner/.m2/repository/org/apache/ozone/hdds-test-utils/1.3.0-SNAPSHOT/hdds-test-utils-1.3.0-SNAPSHOT.jar:/home/runner/.m2/repository/com/google/guava/guava/31.1-jre/guava-31.1-jre.jar:/home/runner/.m2/repository/com/google/guava/failureaccess/1.0.1/failureaccess-1.0.1.jar:/home/runner/.m2/repository/com/google/guava/listenablefuture/9999.0-empty-to-avoid-conflict-with-guava/listenablefuture-9999.0-empty-to-avoid-conflict-with-guava.jar:/home/runner/.m2/repository/com/google/code/findbugs/jsr305/3.0.0/jsr305-3.0.0.jar:/home/runner/.m2/repository/org/checkerframework/checker-qual/3.12.0/checker-qual-3.12.0.jar:/home/runner/.m2/repository/com/google/j2objc/j2objc-annotations/1.3/j2objc-annotations-1.3.jar:/home/runner/.m2/repository/commons-io/commons-io/2.11.0/commons-io-2.11.0.jar:/home/runner/.m2/repository/commons-logging/commons-logging/1.2/commons-logging-1.2.jar:/home/runner/.m2/repository/ch/qos/reload4j/reload4j/1.2.22/reload4j-1.2.22.jar:/home/runner/.m2/repository/org/slf4j/slf4j-api/1.7.36/slf4j-api-1.7.36.jar:/home/runner/.m2/repository/org/apache/ozone/hdds-server-scm/1.3.0-SNAPSHOT/hdds-server-scm-1.3.0-SNAPSHOT.jar:/home/runner/.m2/repository/org/apache/ozone/hdds-container-service/1.3.0-SNAPSHOT/hdds-container-service-1.3.0-SNAPSHOT.jar:/home/runner/.m2/repository/org/apache/ozone/hdds-hadoop-dependency-server/1.3.0-SNAPSHOT/hdds-hadoop-dependency-server-1.3.0-SNAPSHOT.jar:/home/runner/.m2/repository/org/apache/hadoop/hadoop-hdfs/3.3.4/hadoop-hdfs-3.3.4.jar:/home/runner/.m2/repository/org/eclipse/jetty/jetty-util-ajax/9.4.49.v20220914/jetty-util-ajax-9.4.49.v20220914.jar:/home/runner/.m2/repository/commons-daemon/commons-daemon/1.0.13/commons-daemon-1.0.13.jar:/home/runner/.m2/repository/org/apache/ozone/hdds-server-framework/1.3.0-SNAPSHOT/hdds-server-framework-1.3.0-SNAPSHOT.jar:/home/runner/.m2/repository/org/apache/ozone/hdds-interface-server/1.3.0-SNAPSHOT/hdds-interface-server-1.3.0-SNAPSHOT.jar:/home/runner/.m2/repository/org/apache/commons/commons-configuration2/2.1.1/commons-configuration2-2.1.1.jar:/home/runner/.m2/repository/org/apache/logging/log4j/log4j-core/2.17.1/log4j-core-2.17.1.jar:/home/runner/.m2/repository/com/lmax/disruptor/3.4.2/disruptor-3.4.2.jar:/home/runner/.m2/repository/org/eclipse/jetty/jetty-servlet/9.4.49.v20220914/jetty-servlet-9.4.49.v20220914.jar:/home/runner/.m2/repository/org/eclipse/jetty/jetty-security/9.4.49.v20220914/jetty-security-9.4.49.v20220914.jar:/home/runner/.m2/repository/org/rocksdb/rocksdbjni/7.7.3/rocksdbjni-7.7.3.jar:/home/runner/.m2/repository/io/prometheus/simpleclient_dropwizard/0.7.0/simpleclient_dropwizard-0.7.0.jar:/home/runner/.m2/repository/io/prometheus/simpleclient/0.7.0/simpleclient-0.7.0.jar:/home/runner/.m2/repository/io/prometheus/simpleclient_common/0.7.0/simpleclient_common-0.7.0.jar:/home/runner/.m2/repository/com/github/spotbugs/spotbugs-annotations/3.1.12/spotbugs-annotations-3.1.12.jar:/home/runner/.m2/repository/io/dropwizard/metrics/metrics-core/3.2.4/metrics-core-3.2.4.jar:/home/runner/.m2/repository/org/apache/commons/commons-text/1.4/commons-text-1.4.jar:/home/runner/.m2/repository/org/apache/hadoop/hadoop-hdfs-client/3.3.4/hadoop-hdfs-client-3.3.4.jar:/home/runner/.m2/repository/com/squareup/okhttp3/okhttp/4.9.3/okhttp-4.9.3.jar:/home/runner/.m2/repository/com/squareup/okio/okio/2.8.0/okio-2.8.0.jar:/home/runner/.m2/repository/org/jetbrains/kotlin/kotlin-stdlib-common/1.4.10/kotlin-stdlib-common-1.4.10.jar:/home/runner/.m2/repository/org/bouncycastle/bcprov-jdk15on/1.67/bcprov-jdk15on-1.67.jar:/home/runner/.m2/repository/com/google/protobuf/protobuf-java/2.5.0/protobuf-java-2.5.0.jar:/home/runner/.m2/repository/org/apache/ozone/ozone-manager/1.3.0-SNAPSHOT/ozone-manager-1.3.0-SNAPSHOT.jar:/home/runner/.m2/repository/org/aspectj/aspectjrt/1.9.7/aspectjrt-1.9.7.jar:/home/runner/.m2/repository/org/aspectj/aspectjweaver/1.9.7/aspectjweaver-1.9.7.jar:/home/runner/.m2/repository/org/apache/ozone/hdds-interface-client/1.3.0-SNAPSHOT/hdds-interface-client-1.3.0-SNAPSHOT.jar:/home/runner/.m2/repository/org/apache/hadoop/thirdparty/hadoop-shaded-protobuf_3_7/1.1.1/hadoop-shaded-protobuf_3_7-1.1.1.jar:/home/runner/.m2/repository/org/apache/ozone/ozone-interface-storage/1.3.0-SNAPSHOT/ozone-interface-storage-1.3.0-SNAPSHOT.jar:/home/runner/.m2/repository/org/reflections/reflections/0.9.11/reflections-0.9.11.jar:/home/runner/.m2/repository/com/sun/jersey/jersey-client/1.19/jersey-client-1.19.jar:/home/runner/.m2/repository/org/apache/ranger/ranger-intg/2.3.0/ranger-intg-2.3.0.jar:/home/runner/.m2/repository/org/apache/ranger/ranger-plugins-common/2.3.0/ranger-plugins-common-2.3.0.jar:/home/runner/.m2/repository/commons-lang/commons-lang/2.6/commons-lang-2.6.jar:/home/runner/.m2/repository/org/codehaus/jackson/jackson-jaxrs/1.9.13/jackson-jaxrs-1.9.13.jar:/home/runner/.m2/repository/org/apache/ranger/ranger-plugins-cred/2.3.0/ranger-plugins-cred-2.3.0.jar:/home/runner/.m2/repository/org/apache/ranger/ranger-plugins-audit/2.3.0/ranger-plugins-audit-2.3.0.jar:/home/runner/.m2/repository/org/eclipse/jetty/jetty-client/9.4.31.v20200723/jetty-client-9.4.31.v20200723.jar:/home/runner/.m2/repository/org/apache/httpcomponents/httpmime/4.5.6/httpmime-4.5.6.jar:/home/runner/.m2/repository/org/apache/httpcomponents/httpcore-nio/4.4.6/httpcore-nio-4.4.6.jar:/home/runner/.m2/repository/org/apache/httpcomponents/httpasyncclient/4.1.3/httpasyncclient-4.1.3.jar:/home/runner/.m2/repository/com/carrotsearch/hppc/0.8.0/hppc-0.8.0.jar:/home/runner/.m2/repository/org/apache/orc/orc-core/1.5.8/orc-core-1.5.8.jar:/home/runner/.m2/repository/net/java/dev/jna/jna/5.2.0/jna-5.2.0.jar:/home/runner/.m2/repository/net/java/dev/jna/jna-platform/5.2.0/jna-platform-5.2.0.jar:/home/runner/.m2/repository/com/kstruct/gethostname4j/0.0.2/gethostname4j-0.0.2.jar:/home/runner/.m2/repository/org/apache/ranger/ranger-plugin-classloader/2.3.0/ranger-plugin-classloader-2.3.0.jar:/home/runner/.m2/repository/org/apache/hadoop/hadoop-minikdc/3.3.4/hadoop-minikdc-3.3.4.jar:/home/runner/.m2/repository/org/apache/kerby/kerb-simplekdc/1.0.1/kerb-simplekdc-1.0.1.jar:/home/runner/.m2/repository/org/apache/kerby/kerb-client/1.0.1/kerb-client-1.0.1.jar:/home/runner/.m2/repository/org/apache/kerby/kerby-config/1.0.1/kerby-config-1.0.1.jar:/home/runner/.m2/repository/org/apache/kerby/kerb-common/1.0.1/kerb-common-1.0.1.jar:/home/runner/.m2/repository/org/apache/kerby/kerb-crypto/1.0.1/kerb-crypto-1.0.1.jar:/home/runner/.m2/repository/org/apache/kerby/kerb-util/1.0.1/kerb-util-1.0.1.jar:/home/runner/.m2/repository/org/apache/kerby/token-provider/1.0.1/token-provider-1.0.1.jar:/home/runner/.m2/repository/org/apache/kerby/kerb-admin/1.0.1/kerb-admin-1.0.1.jar:/home/runner/.m2/repository/org/apache/kerby/kerb-server/1.0.1/kerb-server-1.0.1.jar:/home/runner/.m2/repository/org/apache/kerby/kerb-identity/1.0.1/kerb-identity-1.0.1.jar:/home/runner/.m2/repository/org/apache/kerby/kerby-xdr/1.0.1/kerby-xdr-1.0.1.jar:/home/runner/.m2/repository/org/apache/ozone/ozone-s3gateway/1.3.0-SNAPSHOT/ozone-s3gateway-1.3.0-SNAPSHOT.jar:/home/runner/.m2/repository/org/javassist/javassist/3.21.0-GA/javassist-3.21.0-GA.jar:/home/runner/.m2/repository/org/jboss/weld/servlet/weld-servlet/2.4.7.Final/weld-servlet-2.4.7.Final.jar:/home/runner/.m2/repository/org/glassfish/jersey/containers/jersey-container-servlet-core/2.34/jersey-container-servlet-core-2.34.jar:/home/runner/.m2/repository/org/glassfish/hk2/external/jakarta.inject/2.6.1/jakarta.inject-2.6.1.jar:/home/runner/.m2/repository/org/glassfish/jersey/core/jersey-common/2.34/jersey-common-2.34.jar:/home/runner/.m2/repository/jakarta/ws/rs/jakarta.ws.rs-api/2.1.6/jakarta.ws.rs-api-2.1.6.jar:/home/runner/.m2/repository/org/glassfish/jersey/ext/cdi/jersey-cdi1x/2.34/jersey-cdi1x-2.34.jar:/home/runner/.m2/repository/org/glassfish/jersey/inject/jersey-hk2/2.34/jersey-hk2-2.34.jar:/home/runner/.m2/repository/org/glassfish/hk2/hk2-locator/2.6.1/hk2-locator-2.6.1.jar:/home/runner/.m2/repository/org/glassfish/jersey/media/jersey-media-jaxb/2.34/jersey-media-jaxb-2.34.jar:/home/runner/.m2/repository/org/glassfish/hk2/osgi-resource-locator/1.0.3/osgi-resource-locator-1.0.3.jar:/home/runner/.m2/repository/org/glassfish/hk2/hk2-api/2.5.0/hk2-api-2.5.0.jar:/home/runner/.m2/repository/org/glassfish/hk2/hk2-utils/2.5.0/hk2-utils-2.5.0.jar:/home/runner/.m2/repository/org/glassfish/hk2/external/aopalliance-repackaged/2.5.0/aopalliance-repackaged-2.5.0.jar:/home/runner/.m2/repository/com/fasterxml/jackson/dataformat/jackson-dataformat-xml/2.13.4/jackson-dataformat-xml-2.13.4.jar:/home/runner/.m2/repository/com/fasterxml/jackson/core/jackson-core/2.13.4/jackson-core-2.13.4.jar:/home/runner/.m2/repository/org/codehaus/woodstox/stax2-api/4.2.1/stax2-api-4.2.1.jar:/home/runner/.m2/repository/com/fasterxml/woodstox/woodstox-core/5.4.0/woodstox-core-5.4.0.jar:/home/runner/.m2/repository/com/fasterxml/jackson/module/jackson-module-jaxb-annotations/2.13.4/jackson-module-jaxb-annotations-2.13.4.jar:/home/runner/.m2/repository/jakarta/xml/bind/jakarta.xml.bind-api/2.3.3/jakarta.xml.bind-api-2.3.3.jar:/home/runner/.m2/repository/jakarta/activation/jakarta.activation-api/1.2.1/jakarta.activation-api-1.2.1.jar:/home/runner/.m2/repository/javax/enterprise/cdi-api/1.2/cdi-api-1.2.jar:/home/runner/.m2/repository/javax/el/javax.el-api/3.0.0/javax.el-api-3.0.0.jar:/home/runner/.m2/repository/javax/interceptor/javax.interceptor-api/1.2/javax.interceptor-api-1.2.jar:/home/runner/.m2/repository/javax/inject/javax.inject/1/javax.inject-1.jar:/home/runner/.m2/repository/javax/xml/bind/jaxb-api/2.3.0/jaxb-api-2.3.0.jar:/home/runner/.m2/repository/org/glassfish/jaxb/jaxb-runtime/2.3.0.1/jaxb-runtime-2.3.0.1.jar:/home/runner/.m2/repository/org/glassfish/jaxb/jaxb-core/2.3.0.1/jaxb-core-2.3.0.1.jar:/home/runner/.m2/repository/org/glassfish/jaxb/txw2/2.3.0.1/txw2-2.3.0.1.jar:/home/runner/.m2/repository/com/sun/istack/istack-commons-runtime/3.0.5/istack-commons-runtime-3.0.5.jar:/home/runner/.m2/repository/org/jvnet/staxex/stax-ex/1.7.8/stax-ex-1.7.8.jar:/home/runner/.m2/repository/com/sun/xml/fastinfoset/FastInfoset/1.2.13/FastInfoset-1.2.13.jar:/home/runner/.m2/repository/javax/activation/activation/1.1.1/activation-1.1.1.jar:/home/runner/.m2/repository/io/grpc/grpc-protobuf/1.48.1/grpc-protobuf-1.48.1.jar:/home/runner/.m2/repository/io/grpc/grpc-api/1.48.1/grpc-api-1.48.1.jar:/home/runner/.m2/repository/io/grpc/grpc-context/1.48.1/grpc-context-1.48.1.jar:/home/runner/.m2/repository/com/google/api/grpc/proto-google-common-protos/2.9.0/proto-google-common-protos-2.9.0.jar:/home/runner/.m2/repository/io/grpc/grpc-protobuf-lite/1.48.1/grpc-protobuf-lite-1.48.1.jar:/home/runner/.m2/repository/io/grpc/grpc-stub/1.48.1/grpc-stub-1.48.1.jar:/home/runner/.m2/repository/io/netty/netty-transport/4.1.79.Final/netty-transport-4.1.79.Final.jar:/home/runner/.m2/repository/io/netty/netty-resolver/4.1.79.Final/netty-resolver-4.1.79.Final.jar:/home/runner/.m2/repository/org/apache/ozone/ozone-csi/1.3.0-SNAPSHOT/ozone-csi-1.3.0-SNAPSHOT.jar:/home/runner/.m2/repository/com/google/protobuf/protobuf-java-util/3.19.2/protobuf-java-util-3.19.2.jar:/home/runner/.m2/repository/com/google/code/gson/gson/2.9.0/gson-2.9.0.jar:/home/runner/.m2/repository/org/apache/ozone/hdds-config/1.3.0-SNAPSHOT/hdds-config-1.3.0-SNAPSHOT.jar:/home/runner/.m2/repository/io/netty/netty-transport-native-epoll/4.1.79.Final/netty-transport-native-epoll-4.1.79.Final-linux-x86_64.jar:/home/runner/.m2/repository/io/netty/netty-transport-classes-epoll/4.1.79.Final/netty-transport-classes-epoll-4.1.79.Final.jar:/home/runner/.m2/repository/io/netty/netty-transport-native-unix-common/4.1.79.Final/netty-transport-native-unix-common-4.1.79.Final.jar:/home/runner/.m2/repository/org/slf4j/slf4j-reload4j/1.7.36/slf4j-reload4j-1.7.36.jar:/home/runner/.m2/repository/org/apache/ozone/ozone-recon/1.3.0-SNAPSHOT/ozone-recon-1.3.0-SNAPSHOT.jar:/home/runner/.m2/repository/org/apache/ozone/ozone-reconcodegen/1.3.0-SNAPSHOT/ozone-reconcodegen-1.3.0-SNAPSHOT.jar:/home/runner/.m2/repository/com/google/inject/extensions/guice-multibindings/4.0/guice-multibindings-4.0.jar:/home/runner/.m2/repository/com/google/inject/guice/4.0/guice-4.0.jar:/home/runner/.m2/repository/aopalliance/aopalliance/1.0/aopalliance-1.0.jar:/home/runner/.m2/repository/com/google/inject/extensions/guice-assistedinject/4.0/guice-assistedinject-4.0.jar:/home/runner/.m2/repository/com/google/inject/extensions/guice-servlet/4.0/guice-servlet-4.0.jar:/home/runner/.m2/repository/org/glassfish/jersey/containers/jersey-container-servlet/2.34/jersey-container-servlet-2.34.jar:/home/runner/.m2/repository/org/glassfish/hk2/guice-bridge/2.5.0/guice-bridge-2.5.0.jar:/home/runner/.m2/repository/org/glassfish/jersey/core/jersey-server/2.34/jersey-server-2.34.jar:/home/runner/.m2/repository/org/glassfish/jersey/core/jersey-client/2.34/jersey-client-2.34.jar:/home/runner/.m2/repository/jakarta/annotation/jakarta.annotation-api/1.3.5/jakarta.annotation-api-1.3.5.jar:/home/runner/.m2/repository/jakarta/validation/jakarta.validation-api/2.0.2/jakarta.validation-api-2.0.2.jar:/home/runner/.m2/repository/org/glassfish/jersey/media/jersey-media-json-jackson/2.34/jersey-media-json-jackson-2.34.jar:/home/runner/.m2/repository/org/glassfish/jersey/ext/jersey-entity-filtering/2.34/jersey-entity-filtering-2.34.jar:/home/runner/.m2/repository/org/jooq/jooq/3.11.10/jooq-3.11.10.jar:/home/runner/.m2/repository/org/jooq/jooq-meta/3.11.10/jooq-meta-3.11.10.jar:/home/runner/.m2/repository/org/jooq/jooq-codegen/3.11.10/jooq-codegen-3.11.10.jar:/home/runner/.m2/repository/com/jolbox/bonecp/0.8.0.RELEASE/bonecp-0.8.0.RELEASE.jar:/home/runner/.m2/repository/org/apache/derby/derby/10.14.2.0/derby-10.14.2.0.jar:/home/runner/.m2/repository/org/xerial/sqlite-jdbc/3.25.2/sqlite-jdbc-3.25.2.jar:/home/runner/.m2/repository/org/springframework/spring-jdbc/5.3.23/spring-jdbc-5.3.23.jar:/home/runner/.m2/repository/org/springframework/spring-beans/5.3.23/spring-beans-5.3.23.jar:/home/runner/.m2/repository/org/springframework/spring-core/5.3.23/spring-core-5.3.23.jar:/home/runner/.m2/repository/org/springframework/spring-jcl/5.3.23/spring-jcl-5.3.23.jar:/home/runner/.m2/repository/org/springframework/spring-tx/5.3.23/spring-tx-5.3.23.jar:/home/runner/.m2/repository/org/apache/ozone/ozone-client/1.3.0-SNAPSHOT/ozone-client-1.3.0-SNAPSHOT.jar:/home/runner/.m2/repository/org/apache/ozone/hdds-erasurecode/1.3.0-SNAPSHOT/hdds-erasurecode-1.3.0-SNAPSHOT.jar:/home/runner/.m2/repository/org/apache/ozone/ozone-filesystem/1.3.0-SNAPSHOT/ozone-filesystem-1.3.0-SNAPSHOT.jar:/home/runner/.m2/repository/org/apache/ozone/ozone-filesystem-common/1.3.0-SNAPSHOT/ozone-filesystem-common-1.3.0-SNAPSHOT.jar:/home/runner/.m2/repository/org/apache/ozone/ozone-tools/1.3.0-SNAPSHOT/ozone-tools-1.3.0-SNAPSHOT.jar:/home/runner/.m2/repository/org/apache/ratis/ratis-tools/2.4.0/ratis-tools-2.4.0.jar:/home/runner/.m2/repository/com/amazonaws/aws-java-sdk-core/1.12.261/aws-java-sdk-core-1.12.261.jar:/home/runner/.m2/repository/org/apache/httpcomponents/httpclient/4.5.13/httpclient-4.5.13.jar:/home/runner/.m2/repository/org/apache/httpcomponents/httpcore/4.4.13/httpcore-4.4.13.jar:/home/runner/.m2/repository/software/amazon/ion/ion-java/1.0.2/ion-java-1.0.2.jar:/home/runner/.m2/repository/com/fasterxml/jackson/dataformat/jackson-dataformat-cbor/2.13.4/jackson-dataformat-cbor-2.13.4.jar:/home/runner/.m2/repository/joda-time/joda-time/2.8.1/joda-time-2.8.1.jar:/home/runner/.m2/repository/com/amazonaws/aws-java-sdk-s3/1.12.261/aws-java-sdk-s3-1.12.261.jar:/home/runner/.m2/repository/com/amazonaws/aws-java-sdk-kms/1.12.261/aws-java-sdk-kms-1.12.261.jar:/home/runner/.m2/repository/com/amazonaws/jmespath-java/1.12.261/jmespath-java-1.12.261.jar:/home/runner/.m2/repository/org/kohsuke/metainf-services/metainf-services/1.8/metainf-services-1.8.jar:/home/runner/.m2/repository/org/apache/ozone/hdds-tools/1.3.0-SNAPSHOT/hdds-tools-1.3.0-SNAPSHOT.jar:/home/runner/.m2/repository/commons-cli/commons-cli/1.2/commons-cli-1.2.jar:/home/runner/.m2/repository/org/apache/commons/commons-lang3/3.7/commons-lang3-3.7.jar:/home/runner/.m2/repository/org/apache/ozone/ozone-manager/1.3.0-SNAPSHOT/ozone-manager-1.3.0-SNAPSHOT-tests.jar:/home/runner/.m2/repository/org/apache/ozone/hdds-common/1.3.0-SNAPSHOT/hdds-common-1.3.0-SNAPSHOT-tests.jar:/home/runner/.m2/repository/org/apache/ozone/hdds-hadoop-dependency-client/1.3.0-SNAPSHOT/hdds-hadoop-dependency-client-1.3.0-SNAPSHOT.jar:/home/runner/.m2/repository/info/picocli/picocli/4.6.1/picocli-4.6.1.jar:/home/runner/.m2/repository/com/fasterxml/jackson/core/jackson-annotations/2.13.4/jackson-annotations-2.13.4.jar:/home/runner/.m2/repository/com/fasterxml/jackson/datatype/jackson-datatype-jsr310/2.13.4/jackson-datatype-jsr310-2.13.4.jar:/home/runner/.m2/repository/org/apache/ozone/hdds-annotation-processing/1.3.0-SNAPSHOT/hdds-annotation-processing-1.3.0-SNAPSHOT.jar:/home/runner/.m2/repository/javax/annotation/javax.annotation-api/1.2/javax.annotation-api-1.2.jar:/home/runner/.m2/repository/org/apache/ratis/ratis-server/2.4.0/ratis-server-2.4.0.jar:/home/runner/.m2/repository/org/apache/ratis/ratis-client/2.4.0/ratis-client-2.4.0.jar:/home/runner/.m2/repository/org/apache/ratis/ratis-server-api/2.4.0/ratis-server-api-2.4.0.jar:/home/runner/.m2/repository/org/apache/ratis/ratis-metrics/2.4.0/ratis-metrics-2.4.0.jar:/home/runner/.m2/repository/org/apache/ratis/ratis-netty/2.4.0/ratis-netty-2.4.0.jar:/home/runner/.m2/repository/org/apache/ratis/ratis-grpc/2.4.0/ratis-grpc-2.4.0.jar:/home/runner/.m2/repository/org/apache/logging/log4j/log4j-api/2.17.1/log4j-api-2.17.1.jar:/home/runner/.m2/repository/org/apache/commons/commons-pool2/2.6.0/commons-pool2-2.6.0.jar:/home/runner/.m2/repository/org/bouncycastle/bcpkix-jdk15on/1.67/bcpkix-jdk15on-1.67.jar:/home/runner/.m2/repository/commons-validator/commons-validator/1.6/commons-validator-1.6.jar:/home/runner/.m2/repository/commons-beanutils/commons-beanutils/1.9.4/commons-beanutils-1.9.4.jar:/home/runner/.m2/repository/commons-digester/commons-digester/1.8.1/commons-digester-1.8.1.jar:/home/runner/.m2/repository/commons-collections/commons-collections/3.2.2/commons-collections-3.2.2.jar:/home/runner/.m2/repository/io/jaegertracing/jaeger-client/1.6.0/jaeger-client-1.6.0.jar:/home/runner/.m2/repository/io/jaegertracing/jaeger-thrift/1.6.0/jaeger-thrift-1.6.0.jar:/home/runner/.m2/repository/org/apache/thrift/libthrift/0.14.1/libthrift-0.14.1.jar:/home/runner/.m2/repository/io/jaegertracing/jaeger-core/1.6.0/jaeger-core-1.6.0.jar:/home/runner/.m2/repository/io/jaegertracing/jaeger-tracerresolver/1.6.0/jaeger-tracerresolver-1.6.0.jar:/home/runner/.m2/repository/io/opentracing/contrib/opentracing-tracerresolver/0.1.8/opentracing-tracerresolver-0.1.8.jar:/home/runner/.m2/repository/org/jetbrains/kotlin/kotlin-stdlib/1.6.21/kotlin-stdlib-1.6.21.jar:/home/runner/.m2/repository/org/jetbrains/annotations/13.0/annotations-13.0.jar:/home/runner/.m2/repository/io/opentracing/opentracing-util/0.33.0/opentracing-util-0.33.0.jar:/home/runner/.m2/repository/io/opentracing/opentracing-api/0.33.0/opentracing-api-0.33.0.jar:/home/runner/.m2/repository/io/opentracing/opentracing-noop/0.33.0/opentracing-noop-0.33.0.jar:/home/runner/.m2/repository/org/yaml/snakeyaml/1.33/snakeyaml-1.33.jar:/home/runner/.m2/repository/org/apache/ozone/hdds-interface-admin/1.3.0-SNAPSHOT/hdds-interface-admin-1.3.0-SNAPSHOT.jar:/home/runner/.m2/repository/junit/junit/4.13.1/junit-4.13.1.jar:/home/runner/.m2/repository/org/hamcrest/hamcrest-core/1.3/hamcrest-core-1.3.jar:/home/runner/.m2/repository/org/junit/jupiter/junit-jupiter-api/5.8.2/junit-jupiter-api-5.8.2.jar:/home/runner/.m2/repository/org/opentest4j/opentest4j/1.2.0/opentest4j-1.2.0.jar:/home/runner/.m2/repository/org/junit/platform/junit-platform-commons/1.8.2/junit-platform-commons-1.8.2.jar:/home/runner/.m2/repository/org/apiguardian/apiguardian-api/1.1.2/apiguardian-api-1.1.2.jar:/home/runner/.m2/repository/org/junit/jupiter/junit-jupiter-params/5.8.2/junit-jupiter-params-5.8.2.jar:/home/runner/.m2/repository/org/junit/jupiter/junit-jupiter-migrationsupport/5.8.2/junit-jupiter-migrationsupport-5.8.2.jar:/home/runner/.m2/repository/org/junit/jupiter/junit-jupiter-engine/5.8.2/junit-jupiter-engine-5.8.2.jar:/home/runner/.m2/repository/org/junit/platform/junit-platform-engine/1.8.2/junit-platform-engine-1.8.2.jar:/home/runner/.m2/repository/org/junit/vintage/junit-vintage-engine/5.8.2/junit-vintage-engine-5.8.2.jar:/home/runner/.m2/repository/org/junit/platform/junit-platform-launcher/1.8.2/junit-platform-launcher-1.8.2.jar:/home/runner/.m2/repository/org/mockito/mockito-core/2.28.2/mockito-core-2.28.2.jar:/home/runner/.m2/repository/net/bytebuddy/byte-buddy/1.9.10/byte-buddy-1.9.10.jar:/home/runner/.m2/repository/net/bytebuddy/byte-buddy-agent/1.9.10/byte-buddy-agent-1.9.10.jar:/home/runner/.m2/repository/org/objenesis/objenesis/1.0/objenesis-1.0.jar:/home/runner/.m2/repository/org/apache/hadoop/hadoop-kms/3.3.4/hadoop-kms-3.3.4.jar:/home/runner/.m2/repository/org/apache/hadoop/hadoop-auth/3.3.4/hadoop-auth-3.3.4.jar:/home/runner/.m2/repository/com/nimbusds/nimbus-jose-jwt/9.8.1/nimbus-jose-jwt-9.8.1.jar:/home/runner/.m2/repository/com/github/stephenc/jcip/jcip-annotations/1.0-1/jcip-annotations-1.0-1.jar:/home/runner/.m2/repository/net/minidev/json-smart/2.4.7/json-smart-2.4.7.jar:/home/runner/.m2/repository/net/minidev/accessors-smart/2.4.7/accessors-smart-2.4.7.jar:/home/runner/.m2/repository/org/ow2/asm/asm/5.0.4/asm-5.0.4.jar:/home/runner/.m2/repository/org/apache/zookeeper/zookeeper/3.5.6/zookeeper-3.5.6.jar:/home/runner/.m2/repository/org/apache/zookeeper/zookeeper-jute/3.5.6/zookeeper-jute-3.5.6.jar:/home/runner/.m2/repository/org/apache/yetus/audience-annotations/0.5.0/audience-annotations-0.5.0.jar:/home/runner/.m2/repository/org/apache/curator/curator-framework/4.2.0/curator-framework-4.2.0.jar:/home/runner/.m2/repository/org/apache/hadoop/thirdparty/hadoop-shaded-guava/1.1.1/hadoop-shaded-guava-1.1.1.jar:/home/runner/.m2/repository/com/sun/jersey/jersey-core/1.19/jersey-core-1.19.jar:/home/runner/.m2/repository/javax/ws/rs/jsr311-api/1.1.1/jsr311-api-1.1.1.jar:/home/runner/.m2/repository/com/sun/jersey/jersey-server/1.19/jersey-server-1.19.jar:/home/runner/.m2/repository/javax/servlet/javax.servlet-api/3.1.0/javax.servlet-api-3.1.0.jar:/home/runner/.m2/repository/org/eclipse/jetty/jetty-server/9.4.49.v20220914/jetty-server-9.4.49.v20220914.jar:/home/runner/.m2/repository/org/eclipse/jetty/jetty-http/9.4.49.v20220914/jetty-http-9.4.49.v20220914.jar:/home/runner/.m2/repository/org/eclipse/jetty/jetty-io/9.4.49.v20220914/jetty-io-9.4.49.v20220914.jar:/home/runner/.m2/repository/org/eclipse/jetty/jetty-webapp/9.4.49.v20220914/jetty-webapp-9.4.49.v20220914.jar:/home/runner/.m2/repository/org/eclipse/jetty/jetty-xml/9.4.49.v20220914/jetty-xml-9.4.49.v20220914.jar:/home/runner/.m2/repository/org/apache/hadoop/hadoop-common/3.3.4/hadoop-common-3.3.4.jar:/home/runner/.m2/repository/org/apache/commons/commons-math3/3.1.1/commons-math3-3.1.1.jar:/home/runner/.m2/repository/commons-net/commons-net/3.6/commons-net-3.6.jar:/home/runner/.m2/repository/com/sun/jersey/jersey-servlet/1.19/jersey-servlet-1.19.jar:/home/runner/.m2/repository/com/sun/jersey/jersey-json/1.19/jersey-json-1.19.jar:/home/runner/.m2/repository/org/codehaus/jettison/jettison/1.1/jettison-1.1.jar:/home/runner/.m2/repository/com/sun/xml/bind/jaxb-impl/2.2.3-1/jaxb-impl-2.2.3-1.jar:/home/runner/.m2/repository/org/codehaus/jackson/jackson-xc/1.9.2/jackson-xc-1.9.2.jar:/home/runner/.m2/repository/com/google/re2j/re2j/1.1/re2j-1.1.jar:/home/runner/.m2/repository/com/jcraft/jsch/0.1.54/jsch-0.1.54.jar:/home/runner/.m2/repository/org/apache/curator/curator-client/4.2.0/curator-client-4.2.0.jar:/home/runner/.m2/repository/org/apache/curator/curator-recipes/4.2.0/curator-recipes-4.2.0.jar:/home/runner/.m2/repository/org/apache/kerby/kerb-core/1.0.1/kerb-core-1.0.1.jar:/home/runner/.m2/repository/org/apache/kerby/kerby-pkix/1.0.1/kerby-pkix-1.0.1.jar:/home/runner/.m2/repository/org/apache/kerby/kerby-asn1/1.0.1/kerby-asn1-1.0.1.jar:/home/runner/.m2/repository/org/apache/kerby/kerby-util/1.0.1/kerby-util-1.0.1.jar:/home/runner/.m2/repository/dnsjava/dnsjava/2.1.7/dnsjava-2.1.7.jar:/home/runner/.m2/repository/org/xerial/snappy/snappy-java/1.1.8.2/snappy-java-1.1.8.2.jar:/home/runner/.m2/repository/org/eclipse/jetty/jetty-util/9.4.49.v20220914/jetty-util-9.4.49.v20220914.jar:/home/runner/.m2/repository/com/fasterxml/jackson/core/jackson-databind/2.13.4.2/jackson-databind-2.13.4.2.jar:/home/runner/.m2/repository/org/apache/hadoop/hadoop-kms/3.3.4/hadoop-kms-3.3.4-tests.jar:/home/runner/.m2/repository/org/apache/ozone/hdds-server-scm/1.3.0-SNAPSHOT/hdds-server-scm-1.3.0-SNAPSHOT-tests.jar:/home/runner/.m2/repository/org/apache/ozone/hdds-container-service/1.3.0-SNAPSHOT/hdds-container-service-1.3.0-SNAPSHOT-tests.jar:/home/runner/.m2/repository/commons-codec/commons-codec/1.15/commons-codec-1.15.jar:/home/runner/.m2/repository/io/netty/netty-codec/4.1.79.Final/netty-codec-4.1.79.Final.jar:/home/runner/.m2/repository/io/netty/netty-handler/4.1.79.Final/netty-handler-4.1.79.Final.jar:/home/runner/.m2/repository/org/apache/ozone/hdds-hadoop-dependency-test/1.3.0-SNAPSHOT/hdds-hadoop-dependency-test-1.3.0-SNAPSHOT.jar:/home/runner/.m2/repository/org/apache/hadoop/hadoop-common/3.3.4/hadoop-common-3.3.4-tests.jar:/home/runner/.m2/repository/org/apache/hadoop/hadoop-hdfs/3.3.4/hadoop-hdfs-3.3.4-tests.jar:/home/runner/.m2/repository/org/assertj/assertj-core/3.12.2/assertj-core-3.12.2.jar:/home/runner/.m2/repository/org/apache/hadoop/hadoop-distcp/3.3.4/hadoop-distcp-3.3.4.jar:/home/runner/.m2/repository/org/apache/hadoop/hadoop-mapreduce-client-jobclient/3.3.4/hadoop-mapreduce-client-jobclient-3.3.4.jar:/home/runner/.m2/repository/org/apache/hadoop/hadoop-mapreduce-client-common/3.3.4/hadoop-mapreduce-client-common-3.3.4.jar:/home/runner/.m2/repository/org/apache/hadoop/hadoop-yarn-common/3.3.4/hadoop-yarn-common-3.3.4.jar:/home/runner/.m2/repository/org/apache/hadoop/hadoop-yarn-api/3.3.4/hadoop-yarn-api-3.3.4.jar:/home/runner/.m2/repository/com/sun/jersey/contribs/jersey-guice/1.19/jersey-guice-1.19.jar:/home/runner/.m2/repository/com/fasterxml/jackson/jaxrs/jackson-jaxrs-json-provider/2.13.4/jackson-jaxrs-json-provider-2.13.4.jar:/home/runner/.m2/repository/com/fasterxml/jackson/jaxrs/jackson-jaxrs-base/2.13.4/jackson-jaxrs-base-2.13.4.jar:/home/runner/.m2/repository/org/apache/hadoop/hadoop-yarn-client/3.3.4/hadoop-yarn-client-3.3.4.jar:/home/runner/.m2/repository/org/eclipse/jetty/websocket/websocket-client/9.4.43.v20210629/websocket-client-9.4.43.v20210629.jar:/home/runner/.m2/repository/org/eclipse/jetty/websocket/websocket-common/9.4.43.v20210629/websocket-common-9.4.43.v20210629.jar:/home/runner/.m2/repository/org/eclipse/jetty/websocket/websocket-api/9.4.43.v20210629/websocket-api-9.4.43.v20210629.jar:/home/runner/.m2/repository/org/jline/jline/3.9.0/jline-3.9.0.jar:/home/runner/.m2/repository/org/apache/hadoop/hadoop-mapreduce-client-core/3.3.4/hadoop-mapreduce-client-core-3.3.4.jar:/home/runner/.m2/repository/org/apache/avro/avro/1.7.7/avro-1.7.7.jar:/home/runner/.m2/repository/org/codehaus/jackson/jackson-core-asl/1.9.13/jackson-core-asl-1.9.13.jar:/home/runner/.m2/repository/org/codehaus/jackson/jackson-mapper-asl/1.9.13/jackson-mapper-asl-1.9.13.jar:/home/runner/.m2/repository/com/thoughtworks/paranamer/paranamer/2.3/paranamer-2.3.jar:/home/runner/.m2/repository/org/apache/hadoop/hadoop-annotations/3.3.4/hadoop-annotations-3.3.4.jar:/usr/lib/jvm/temurin-8-jdk-amd64/jre/../lib/tools.jar:/home/runner/.m2/repository/io/netty/netty/3.10.6.Final/netty-3.10.6.Final.jar:/home/runner/.m2/repository/org/apache/hadoop/hadoop-distcp/3.3.4/hadoop-distcp-3.3.4-tests.jar:/home/runner/.m2/repository/org/slf4j/jul-to-slf4j/1.7.36/jul-to-slf4j-1.7.36.jar:/home/runner/.m2/repository/org/apache/ratis/ratis-common/2.4.0/ratis-common-2.4.0.jar:/home/runner/.m2/repository/org/apache/ratis/ratis-thirdparty-misc/1.0.2/ratis-thirdparty-misc-1.0.2.jar:/home/runner/.m2/repository/org/apache/ratis/ratis-proto/2.4.0/ratis-proto-2.4.0.jar:"/>
    <property name="sun.cpu.endian" value="little"/>
    <property name="user.home" value="/home/runner"/>
    <property name="user.language" value="en"/>
    <property name="java.specification.vendor" value="Oracle Corporation"/>
    <property name="java.home" value="/usr/lib/jvm/temurin-8-jdk-amd64/jre"/>
    <property name="java.security.krb5.conf" value="/home/runner/work/ozone/ozone/hadoop-ozone/integration-test/target/test-classes/krb5.conf"/>
    <property name="basedir" value="/home/runner/work/ozone/ozone/hadoop-ozone/integration-test"/>
    <property name="file.separator" value="/"/>
    <property name="line.separator" value="&#10;"/>
    <property name="java.vm.specification.vendor" value="Oracle Corporation"/>
    <property name="java.specification.name" value="Java Platform API Specification"/>
    <property name="java.awt.graphicsenv" value="sun.awt.X11GraphicsEnvironment"/>
    <property name="skip.installnpx" value="true"/>
    <property name="surefire.real.class.path" value="/home/runner/work/ozone/ozone/hadoop-ozone/integration-test/target/surefire/surefirebooter8415099799344468839.jar:/home/runner/.m2/repository/org/jacoco/org.jacoco.agent/0.8.5/org.jacoco.agent-0.8.5-runtime.jar"/>
    <property name="hadoop.log.dir" value="/home/runner/work/ozone/ozone/hadoop-ozone/integration-test/target/log"/>
    <property name="sun.boot.class.path" value="/usr/lib/jvm/temurin-8-jdk-amd64/jre/lib/resources.jar:/usr/lib/jvm/temurin-8-jdk-amd64/jre/lib/rt.jar:/usr/lib/jvm/temurin-8-jdk-amd64/jre/lib/sunrsasign.jar:/usr/lib/jvm/temurin-8-jdk-amd64/jre/lib/jsse.jar:/usr/lib/jvm/temurin-8-jdk-amd64/jre/lib/jce.jar:/usr/lib/jvm/temurin-8-jdk-amd64/jre/lib/charsets.jar:/usr/lib/jvm/temurin-8-jdk-amd64/jre/lib/jfr.jar:/usr/lib/jvm/temurin-8-jdk-amd64/jre/classes"/>
    <property name="sun.management.compiler" value="HotSpot 64-Bit Tiered Compilers"/>
    <property name="skip.npx" value="true"/>
    <property name="java.runtime.version" value="1.8.0_345-b01"/>
    <property name="java.net.preferIPv4Stack" value="true"/>
    <property name="user.name" value="runner"/>
    <property name="path.separator" value=":"/>
    <property name="java.security.egd" value="file:///dev/urandom"/>
    <property name="os.version" value="5.15.0-1022-azure"/>
    <property name="java.endorsed.dirs" value="/usr/lib/jvm/temurin-8-jdk-amd64/jre/lib/endorsed"/>
    <property name="java.runtime.name" value="OpenJDK Runtime Environment"/>
    <property name="file.encoding" value="UTF-8"/>
    <property name="java.vm.name" value="OpenJDK 64-Bit Server VM"/>
    <property name="test.build.webapps" value=""/>
    <property name="localRepository" value="/home/runner/.m2/repository"/>
    <property name="jetty.git.hash" value="4231a3b2e4cb8548a412a789936d640a97b1aa0a"/>
    <property name="java.vendor.url.bug" value="https://github.com/adoptium/adoptium-support/issues"/>
    <property name="java.io.tmpdir" value="/tmp"/>
    <property name="require.test.libhadoop" value=""/>
    <property name="java.version" value="1.8.0_345"/>
    <property name="user.dir" value="/home/runner/work/ozone/ozone/hadoop-ozone/integration-test"/>
    <property name="os.arch" value="amd64"/>
    <property name="java.vm.specification.name" value="Java Virtual Machine Specification"/>
    <property name="test.build.classes" value="/home/runner/work/ozone/ozone/hadoop-ozone/integration-test/target/test-classes"/>
    <property name="java.awt.printerjob" value="sun.print.PSPrinterJob"/>
    <property name="sun.os.patch.level" value="unknown"/>
    <property name="org.apache.ratis.thirdparty.io.netty.allocator.useCacheForAllThreads" value="false"/>
    <property name="hadoop.tmp.dir" value="/home/runner/work/ozone/ozone/hadoop-ozone/integration-test/target/tmp"/>
    <property name="java.library.path" value="/usr/java/packages/lib/amd64:/usr/lib64:/lib64:/lib:/usr/lib"/>
    <property name="java.vm.info" value="mixed mode"/>
    <property name="java.vendor" value="Temurin"/>
    <property name="java.vm.version" value="25.345-b01"/>
    <property name="java.ext.dirs" value="/usr/lib/jvm/temurin-8-jdk-amd64/jre/lib/ext:/usr/java/packages/lib/ext"/>
    <property name="sun.io.unicode.encoding" value="UnicodeLittle"/>
    <property name="java.class.version" value="52.0"/>
  </properties>
  <testcase name="testContainerRecoveryOverReplicationProcessing" classname="org.apache.hadoop.ozone.container.TestECContainerRecovery" time="26.261">
    <system-out><![CDATA[2022-11-24 06:38:20,546 [main] WARN  server.ServerUtils (ServerUtils.java:getScmDbDir(148)) - ozone.scm.db.dirs is not configured. We recommend adding this setting. Falling back to ozone.metadata.dirs instead.
2022-11-24 06:38:20,635 [main] WARN  server.ServerUtils (ServerUtils.java:getScmDbDir(148)) - ozone.scm.db.dirs is not configured. We recommend adding this setting. Falling back to ozone.metadata.dirs instead.
2022-11-24 06:38:20,641 [main] INFO  ha.SCMHANodeDetails (SCMHANodeDetails.java:loadSCMHAConfig(209)) - ServiceID for StorageContainerManager is null
2022-11-24 06:38:20,654 [main] WARN  ha.SCMHANodeDetails (SCMHANodeDetails.java:validateSCMHAConfig(182)) - Invalid config ozone.scm.ratis.enable. The config was not specified, but the default value true conflicts with the expected config value false. Falling back to the expected value. Current State of SCM: SCM is running in Non-HA without Ratis Ratis SCM -> Non Ratis SCM or Non HA SCM -> HA SCM is not supported
2022-11-24 06:38:20,654 [main] INFO  ha.SCMHANodeDetails (SCMHANodeDetails.java:loadSCMHAConfig(214)) - ozone.scm.default.service.id is not defined, falling back to ozone.scm.service.ids to find serviceID for StorageContainerManager if it is HA enabled cluster
2022-11-24 06:38:21,336 [main] WARN  utils.HAUtils (HAUtils.java:getMetaDir(342)) - ozone.scm.db.dirs is not configured. We recommend adding this setting. Falling back to ozone.metadata.dirs instead.
2022-11-24 06:38:21,496 [main] WARN  db.DBStoreBuilder (DBStoreBuilder.java:applyDBDefinition(144)) - ozone.scm.db.dirs is not configured. We recommend adding this setting. Falling back to ozone.metadata.dirs instead.
2022-11-24 06:38:21,871 [main] INFO  net.NodeSchemaLoader (NodeSchemaLoader.java:loadSchemaFromFile(129)) - Loading schema from [jar:file:/home/runner/.m2/repository/org/apache/ozone/hdds-common/1.3.0-SNAPSHOT/hdds-common-1.3.0-SNAPSHOT.jar!/network-topology-default.xml]
2022-11-24 06:38:21,873 [main] INFO  net.NodeSchemaLoader (NodeSchemaLoader.java:loadSchema(176)) - Loading network topology layer schema file
2022-11-24 06:38:21,925 [main] INFO  metrics.MetricRegistries (MetricRegistriesLoader.java:load(64)) - Loaded MetricRegistries class org.apache.ratis.metrics.impl.MetricRegistriesImpl
2022-11-24 06:38:21,936 [main] INFO  upgrade.AbstractLayoutVersionManager (AbstractLayoutVersionManager.java:init(83)) - Initializing Layout version manager with metadata layout = DATANODE_SCHEMA_V3 (version = 4), software layout = DATANODE_SCHEMA_V3 (version = 4)
2022-11-24 06:38:22,257 [main] INFO  reflections.Reflections (Reflections.java:scan(232)) - Reflections took 201 ms to scan 7 urls, producing 140 keys and 342 values 
2022-11-24 06:38:22,397 [main] INFO  ha.SequenceIdGenerator (SequenceIdGenerator.java:upgradeToSequenceId(349)) - upgrade localId to 109611004723200000
2022-11-24 06:38:22,397 [main] INFO  ha.SequenceIdGenerator (SequenceIdGenerator.java:upgradeToSequenceId(359)) - upgrade delTxnId to 0
2022-11-24 06:38:22,401 [main] INFO  ha.SequenceIdGenerator (SequenceIdGenerator.java:upgradeToSequenceId(376)) - upgrade containerId to 0
2022-11-24 06:38:22,404 [main] INFO  ha.SequenceIdGenerator (SequenceIdGenerator.java:<init>(220)) - Init the HA SequenceIdGenerator.
2022-11-24 06:38:22,452 [main] WARN  server.ServerUtils (ServerUtils.java:sanitizeUserArgs(67)) - ozone.scm.stale.node.interval value = 1000 is smaller than min = 3000 based on the key value of hdds.heartbeat.interval, reset to the min value 3000.
2022-11-24 06:38:22,452 [main] WARN  server.ServerUtils (ServerUtils.java:sanitizeUserArgs(67)) - ozone.scm.stale.node.interval value = 1000 is smaller than min = 3000 based on the key value of hdds.heartbeat.interval, reset to the min value 3000.
2022-11-24 06:38:22,453 [main] WARN  server.ServerUtils (ServerUtils.java:sanitizeUserArgs(67)) - ozone.scm.dead.node.interval value = 1000 is smaller than min = 6000 based on the key value of ozone.scm.stale.node.interval, reset to the min value 6000.
2022-11-24 06:38:22,460 [main] INFO  node.SCMNodeManager (SCMNodeManager.java:<init>(149)) - Entering startup safe mode.
2022-11-24 06:38:22,553 [main] INFO  algorithms.ContainerPlacementPolicyFactory (ContainerPlacementPolicyFactory.java:getPolicyInternal(86)) - Create container placement policy of type org.apache.hadoop.hdds.scm.container.placement.algorithms.SCMContainerPlacementRandom
2022-11-24 06:38:22,555 [main] INFO  algorithms.ContainerPlacementPolicyFactory (ContainerPlacementPolicyFactory.java:getPolicyInternal(86)) - Create container placement policy of type org.apache.hadoop.hdds.scm.container.placement.algorithms.SCMContainerPlacementRackScatter
2022-11-24 06:38:22,585 [main] INFO  pipeline.PipelineStateManagerImpl (PipelineStateManagerImpl.java:initialize(78)) - No pipeline exists in current db
2022-11-24 06:38:22,622 [main] INFO  algorithms.LeaderChoosePolicyFactory (LeaderChoosePolicyFactory.java:getPolicy(57)) - Create leader choose policy of type org.apache.hadoop.hdds.scm.pipeline.leader.choose.algorithms.MinLeaderCountChoosePolicy
2022-11-24 06:38:22,622 [main] INFO  algorithms.ContainerPlacementPolicyFactory (ContainerPlacementPolicyFactory.java:getPolicyInternal(86)) - Create container placement policy of type org.apache.hadoop.hdds.scm.container.placement.algorithms.SCMContainerPlacementRackScatter
2022-11-24 06:38:22,629 [main] INFO  ha.SCMServiceManager (SCMServiceManager.java:register(42)) - Registering service BackgroundPipelineCreator.
2022-11-24 06:38:22,629 [main] INFO  pipeline.BackgroundPipelineCreator (BackgroundPipelineCreator.java:start(124)) - Starting RatisPipelineUtilsThread.
2022-11-24 06:38:22,634 [main] INFO  BackgroundPipelineScrubber (BackgroundSCMService.java:start(68)) - Starting BackgroundPipelineScrubber Service.
2022-11-24 06:38:22,638 [main] INFO  ha.SCMServiceManager (SCMServiceManager.java:register(42)) - Registering service BackgroundPipelineScrubber.
2022-11-24 06:38:22,647 [main] INFO  ExpiredContainerReplicaOpScrubber (BackgroundSCMService.java:start(68)) - Starting ExpiredContainerReplicaOpScrubber Service.
2022-11-24 06:38:22,650 [main] INFO  ha.SCMServiceManager (SCMServiceManager.java:register(42)) - Registering service ExpiredContainerReplicaOpScrubber.
2022-11-24 06:38:22,703 [main] INFO  algorithms.PipelineChoosePolicyFactory (PipelineChoosePolicyFactory.java:createPipelineChoosePolicyFromClass(73)) - Create pipeline choose policy of type org.apache.hadoop.hdds.scm.pipeline.choose.algorithms.RandomPipelineChoosePolicy
2022-11-24 06:38:22,722 [main] INFO  ha.SCMServiceManager (SCMServiceManager.java:register(42)) - Registering service SCMBlockDeletingService.
2022-11-24 06:38:22,772 [main] INFO  replication.ReplicationManager (ReplicationManager.java:start(251)) - Starting Replication Monitor Thread.
2022-11-24 06:38:22,786 [main] INFO  ha.SCMServiceManager (SCMServiceManager.java:register(42)) - Registering service ReplicationManager.
2022-11-24 06:38:22,790 [ReplicationMonitor] INFO  replication.ReplicationManager (ReplicationManager.java:processAll(320)) - Replication Manager is not ready to run until 3000ms after safemode exit
2022-11-24 06:38:22,796 [main] INFO  safemode.ContainerSafeModeRule (ContainerSafeModeRule.java:<init>(89)) - containers with one replica threshold count 0
2022-11-24 06:38:22,800 [main] INFO  safemode.HealthyPipelineSafeModeRule (HealthyPipelineSafeModeRule.java:initializeRule(169)) - Total pipeline count is 0, healthy pipeline threshold count is 1
2022-11-24 06:38:22,802 [main] INFO  safemode.OneReplicaPipelineSafeModeRule (OneReplicaPipelineSafeModeRule.java:initializeRule(180)) - Total pipeline count is 0, pipeline's with at least one datanode reported threshold count is 0
2022-11-24 06:38:23,156 [main] INFO  audit.AuditLogger (AuditLogger.java:refreshDebugCmdSet(126)) - Refresh DebugCmdSet for SCMAudit to [].
2022-11-24 06:38:23,191 [main] INFO  ipc.CallQueueManager (CallQueueManager.java:<init>(90)) - Using callQueue: class java.util.concurrent.LinkedBlockingQueue, queueCapacity: 2000, scheduler: class org.apache.hadoop.ipc.DefaultRpcScheduler, ipcBackoff: false.
2022-11-24 06:38:23,236 [Socket Reader #1 for port 0] INFO  ipc.Server (Server.java:run(1273)) - Starting Socket Reader #1 for port 0
2022-11-24 06:38:23,306 [Listener at 0.0.0.0/42997] INFO  audit.AuditLogger (AuditLogger.java:refreshDebugCmdSet(126)) - Refresh DebugCmdSet for SCMAudit to [].
2022-11-24 06:38:23,313 [Listener at 0.0.0.0/42997] INFO  ipc.CallQueueManager (CallQueueManager.java:<init>(90)) - Using callQueue: class java.util.concurrent.LinkedBlockingQueue, queueCapacity: 2000, scheduler: class org.apache.hadoop.ipc.DefaultRpcScheduler, ipcBackoff: false.
2022-11-24 06:38:23,319 [Socket Reader #1 for port 0] INFO  ipc.Server (Server.java:run(1273)) - Starting Socket Reader #1 for port 0
2022-11-24 06:38:23,369 [Listener at 0.0.0.0/40677] INFO  audit.AuditLogger (AuditLogger.java:refreshDebugCmdSet(126)) - Refresh DebugCmdSet for SCMAudit to [].
2022-11-24 06:38:23,383 [Listener at 0.0.0.0/40677] INFO  ipc.CallQueueManager (CallQueueManager.java:<init>(90)) - Using callQueue: class java.util.concurrent.LinkedBlockingQueue, queueCapacity: 2000, scheduler: class org.apache.hadoop.ipc.DefaultRpcScheduler, ipcBackoff: false.
2022-11-24 06:38:23,384 [Socket Reader #1 for port 0] INFO  ipc.Server (Server.java:run(1273)) - Starting Socket Reader #1 for port 0
2022-11-24 06:38:23,486 [Listener at 0.0.0.0/35707] INFO  ha.SCMServiceManager (SCMServiceManager.java:register(42)) - Registering service ContainerBalancer.
2022-11-24 06:38:23,487 [Listener at 0.0.0.0/35707] INFO  server.StorageContainerManager (StorageContainerManager.java:<init>(417)) - 
Container Balancer status:
Key                            Value
Running                        true
Container Balancer Configuration values:
Key                                                Value
Threshold                                          10
Max Datanodes to Involve per Iteration(percent)    20
Max Size to Move per Iteration                     500GB
Max Size Entering Target per Iteration             26GB
Max Size Leaving Source per Iteration              26GB

2022-11-24 06:38:23,488 [Listener at 0.0.0.0/35707] WARN  events.EventQueue (EventQueue.java:fireEvent(216)) - No event handler registered for event TypedEvent{payloadType=SafeModeStatus, name='Safe mode status'}
2022-11-24 06:38:23,488 [Listener at 0.0.0.0/35707] INFO  ha.SCMContext (SCMContext.java:updateSafeModeStatus(228)) - Update SafeModeStatus from SafeModeStatus{safeModeStatus=true, preCheckPassed=false} to SafeModeStatus{safeModeStatus=true, preCheckPassed=false}.
2022-11-24 06:38:23,491 [Listener at 0.0.0.0/35707] INFO  server.StorageContainerManager (StorageContainerManager.java:start(1470)) - StorageContainerLocationProtocol RPC server is listening at /0.0.0.0:35707
2022-11-24 06:38:23,563 [Listener at 0.0.0.0/35707] WARN  impl.MetricsConfig (MetricsConfig.java:loadFirst(136)) - Cannot locate configuration: tried hadoop-metrics2-storagecontainermanager.properties,hadoop-metrics2.properties
2022-11-24 06:38:23,577 [Listener at 0.0.0.0/35707] INFO  impl.MetricsSystemImpl (MetricsSystemImpl.java:startTimer(378)) - Scheduled Metric snapshot period at 10 second(s).
2022-11-24 06:38:23,578 [Listener at 0.0.0.0/35707] INFO  impl.MetricsSystemImpl (MetricsSystemImpl.java:start(191)) - StorageContainerManager metrics system started
2022-11-24 06:38:23,923 [Listener at 0.0.0.0/35707] INFO  server.SCMClientProtocolServer (SCMClientProtocolServer.java:start(170)) - RPC server for Client  is listening at /0.0.0.0:35707
2022-11-24 06:38:23,924 [IPC Server Responder] INFO  ipc.Server (Server.java:run(1512)) - IPC Server Responder: starting
2022-11-24 06:38:23,930 [IPC Server listener on 0] INFO  ipc.Server (Server.java:run(1352)) - IPC Server listener on 0: starting
2022-11-24 06:38:23,967 [Listener at 0.0.0.0/35707] INFO  server.StorageContainerManager (StorageContainerManager.java:start(1485)) - ScmBlockLocationProtocol RPC server is listening at /0.0.0.0:40677
2022-11-24 06:38:23,969 [Listener at 0.0.0.0/35707] INFO  server.SCMBlockProtocolServer (SCMBlockProtocolServer.java:start(152)) - RPC server for Block Protocol is listening at /0.0.0.0:40677
2022-11-24 06:38:23,969 [IPC Server Responder] INFO  ipc.Server (Server.java:run(1512)) - IPC Server Responder: starting
2022-11-24 06:38:23,970 [IPC Server listener on 0] INFO  ipc.Server (Server.java:run(1352)) - IPC Server listener on 0: starting
2022-11-24 06:38:23,983 [Listener at 0.0.0.0/35707] INFO  server.SCMDatanodeProtocolServer (SCMDatanodeProtocolServer.java:start(186)) - ScmDatanodeProtocol RPC server for DataNodes is listening at /0.0.0.0:42997
2022-11-24 06:38:23,984 [IPC Server Responder] INFO  ipc.Server (Server.java:run(1512)) - IPC Server Responder: starting
2022-11-24 06:38:23,985 [IPC Server listener on 0] INFO  ipc.Server (Server.java:run(1352)) - IPC Server listener on 0: starting
2022-11-24 06:38:24,008 [org.apache.hadoop.util.JvmPauseMonitor$Monitor@17541204] INFO  util.JvmPauseMonitor (JvmPauseMonitor.java:run(188)) - Starting JVM pause monitor
2022-11-24 06:38:24,033 [Listener at 0.0.0.0/35707] INFO  http.BaseHttpServer (BaseHttpServer.java:newHttpServer2BuilderForOzone(213)) - Starting Web-server for scm at: http://0.0.0.0:0
2022-11-24 06:38:24,033 [Listener at 0.0.0.0/35707] INFO  http.BaseHttpServer (BaseHttpServer.java:<init>(108)) - Hadoop Security Enabled: false Ozone Security Enabled: false Ozone HTTP Security Enabled: false 
2022-11-24 06:38:24,070 [Listener at 0.0.0.0/35707] INFO  util.log (Log.java:initialized(170)) - Logging initialized @5272ms to org.eclipse.jetty.util.log.Slf4jLog
2022-11-24 06:38:24,204 [Listener at 0.0.0.0/35707] WARN  server.AuthenticationFilter (AuthenticationFilter.java:constructSecretProvider(240)) - Unable to initialize FileSignerSecretProvider, falling back to use random secrets. Reason: Could not read signature secret file: /home/runner/hadoop-http-auth-signature-secret
2022-11-24 06:38:24,213 [Listener at 0.0.0.0/35707] WARN  http.HttpRequestLog (HttpRequestLog.java:getRequestLog(103)) - Jetty request log can only be enabled using Log4j
2022-11-24 06:38:24,221 [Listener at 0.0.0.0/35707] INFO  http.HttpServer2 (HttpServer2.java:addGlobalFilter(1031)) - Added global filter 'safety' (class=org.apache.hadoop.hdds.server.http.HttpServer2$QuotingInputFilter)
2022-11-24 06:38:24,224 [Listener at 0.0.0.0/35707] INFO  http.HttpServer2 (HttpServer2.java:addFilter(1007)) - Added filter static_user_filter (class=org.apache.hadoop.http.lib.StaticUserWebFilter$StaticUserFilter) to context scm
2022-11-24 06:38:24,224 [Listener at 0.0.0.0/35707] INFO  http.HttpServer2 (HttpServer2.java:addFilter(1015)) - Added filter static_user_filter (class=org.apache.hadoop.http.lib.StaticUserWebFilter$StaticUserFilter) to context static
2022-11-24 06:38:24,225 [Listener at 0.0.0.0/35707] INFO  http.HttpServer2 (HttpServer2.java:addFilter(1015)) - Added filter static_user_filter (class=org.apache.hadoop.http.lib.StaticUserWebFilter$StaticUserFilter) to context logs
2022-11-24 06:38:24,272 [Listener at 0.0.0.0/35707] INFO  http.HttpServer2 (HttpServer2.java:bindListener(1250)) - Jetty bound to port 43267
2022-11-24 06:38:24,273 [Listener at 0.0.0.0/35707] INFO  server.Server (Server.java:doStart(375)) - jetty-9.4.49.v20220914; built: 2022-09-14T01:07:36.601Z; git: 4231a3b2e4cb8548a412a789936d640a97b1aa0a; jvm 1.8.0_345-b01
2022-11-24 06:38:24,327 [Listener at 0.0.0.0/35707] INFO  server.session (DefaultSessionIdManager.java:doStart(334)) - DefaultSessionIdManager workerName=node0
2022-11-24 06:38:24,328 [Listener at 0.0.0.0/35707] INFO  server.session (DefaultSessionIdManager.java:doStart(339)) - No SessionScavenger set, using defaults
2022-11-24 06:38:24,330 [Listener at 0.0.0.0/35707] INFO  server.session (HouseKeeper.java:startScavenging(132)) - node0 Scavenging every 600000ms
2022-11-24 06:38:24,346 [Listener at 0.0.0.0/35707] INFO  handler.ContextHandler (ContextHandler.java:doStart(921)) - Started o.e.j.s.ServletContextHandler@13552290{logs,/logs,file:///home/runner/work/ozone/ozone/hadoop-ozone/integration-test/target/log,AVAILABLE}
2022-11-24 06:38:24,348 [Listener at 0.0.0.0/35707] INFO  handler.ContextHandler (ContextHandler.java:doStart(921)) - Started o.e.j.s.ServletContextHandler@38d895e8{static,/static,file:///home/runner/work/ozone/ozone/hadoop-ozone/integration-test/target/test-classes/webapps/static,AVAILABLE}
2022-11-24 06:38:24,405 [Listener at 0.0.0.0/35707] INFO  handler.ContextHandler (ContextHandler.java:doStart(921)) - Started o.e.j.w.WebAppContext@24f77077{scm,/,file:///home/runner/work/ozone/ozone/hadoop-ozone/integration-test/target/test-classes/webapps/scm/,AVAILABLE}{file:/home/runner/work/ozone/ozone/hadoop-ozone/integration-test/target/test-classes/webapps/scm}
2022-11-24 06:38:24,428 [Listener at 0.0.0.0/35707] INFO  server.AbstractConnector (AbstractConnector.java:doStart(333)) - Started ServerConnector@6dadcf58{HTTP/1.1, (http/1.1)}{0.0.0.0:43267}
2022-11-24 06:38:24,429 [Listener at 0.0.0.0/35707] INFO  server.Server (Server.java:doStart(415)) - Started @5631ms
2022-11-24 06:38:24,431 [Listener at 0.0.0.0/35707] INFO  impl.MetricsSinkAdapter (MetricsSinkAdapter.java:start(204)) - Sink prometheus started
2022-11-24 06:38:24,432 [Listener at 0.0.0.0/35707] INFO  impl.MetricsSystemImpl (MetricsSystemImpl.java:registerSink(305)) - Registered sink prometheus
2022-11-24 06:38:24,433 [Listener at 0.0.0.0/35707] INFO  http.BaseHttpServer (BaseHttpServer.java:updateConnectorAddress(333)) - HTTP server of scm listening at http://0.0.0.0:43267
2022-11-24 06:38:24,435 [Listener at 0.0.0.0/35707] WARN  server.ServerUtils (ServerUtils.java:getDBPath(225)) - ozone.om.db.dirs is not configured. We recommend adding this setting. Falling back to ozone.metadata.dirs instead.
2022-11-24 06:38:24,503 [Listener at 0.0.0.0/35707] INFO  audit.AuditLogger (AuditLogger.java:refreshDebugCmdSet(126)) - Refresh DebugCmdSet for OMAudit to [].
2022-11-24 06:38:24,624 [Listener at 0.0.0.0/35707] INFO  ha.OMHANodeDetails (OMHANodeDetails.java:loadOMHAConfig(115)) - ozone.om.internal.service.id is not defined, falling back to ozone.om.service.ids to find serviceID for OzoneManager if it is HA enabled cluster
2022-11-24 06:38:24,627 [Listener at 0.0.0.0/35707] INFO  ha.OMHANodeDetails (OMHANodeDetails.java:loadOMHAConfig(226)) - Configuration does not have ozone.om.address set. Falling back to the default OM address /127.0.0.1:0
2022-11-24 06:38:24,627 [Listener at 0.0.0.0/35707] INFO  ha.OMHANodeDetails (OMHANodeDetails.java:getOMNodeDetailsForNonHA(254)) - OM Service ID is not set. Setting it to the default ID: omServiceIdDefault
2022-11-24 06:38:24,628 [Listener at 0.0.0.0/35707] INFO  ha.OMHANodeDetails (OMHANodeDetails.java:getOMNodeDetailsForNonHA(261)) - OM Node ID is not set. Setting it to the default ID: om1
2022-11-24 06:38:24,632 [Listener at 0.0.0.0/35707] WARN  server.ServerUtils (ServerUtils.java:getDBPath(225)) - ozone.om.db.dirs is not configured. We recommend adding this setting. Falling back to ozone.metadata.dirs instead.
2022-11-24 06:38:24,634 [Listener at 0.0.0.0/35707] INFO  upgrade.AbstractLayoutVersionManager (AbstractLayoutVersionManager.java:init(83)) - Initializing Layout version manager with metadata layout = MULTITENANCY_SCHEMA (version = 3), software layout = MULTITENANCY_SCHEMA (version = 3)
2022-11-24 06:38:24,729 [Listener at 0.0.0.0/35707] INFO  reflections.Reflections (Reflections.java:scan(232)) - Reflections took 89 ms to scan 2 urls, producing 154 keys and 429 values [using 2 cores]
2022-11-24 06:38:24,735 [Listener at 0.0.0.0/35707] INFO  upgrade.OMLayoutVersionManager (OMLayoutVersionManager.java:lambda$0(115)) - Skipping Upgrade Action MockOmUpgradeAction since it has been finalized.
2022-11-24 06:38:24,736 [Listener at 0.0.0.0/35707] WARN  server.ServerUtils (ServerUtils.java:getDBPath(225)) - ozone.om.db.dirs is not configured. We recommend adding this setting. Falling back to ozone.metadata.dirs instead.
2022-11-24 06:38:24,929 [Listener at 0.0.0.0/35707] INFO  proxy.SCMBlockLocationFailoverProxyProvider (SCMBlockLocationFailoverProxyProvider.java:<init>(114)) - Created block location fail-over proxy with 1 nodes: [nodeId=scmNodeId,nodeAddress=/0.0.0.0:40677]
2022-11-24 06:38:24,969 [Listener at 0.0.0.0/35707] INFO  proxy.SCMBlockLocationFailoverProxyProvider (SCMBlockLocationFailoverProxyProvider.java:<init>(114)) - Created block location fail-over proxy with 1 nodes: [nodeId=scmNodeId,nodeAddress=/0.0.0.0:40677]
2022-11-24 06:38:25,238 [Listener at 0.0.0.0/35707] WARN  server.ServerUtils (ServerUtils.java:getDBPath(225)) - ozone.om.db.dirs is not configured. We recommend adding this setting. Falling back to ozone.metadata.dirs instead.
2022-11-24 06:38:25,247 [Listener at 0.0.0.0/35707] INFO  codec.OmKeyInfoCodec (OmKeyInfoCodec.java:<init>(49)) - OmKeyInfoCodec ignorePipeline = true
2022-11-24 06:38:25,249 [Listener at 0.0.0.0/35707] INFO  codec.RepeatedOmKeyInfoCodec (RepeatedOmKeyInfoCodec.java:<init>(41)) - RepeatedOmKeyInfoCodec ignorePipeline = true
2022-11-24 06:38:25,484 [Listener at 0.0.0.0/35707] INFO  om.OzoneManager (OzoneManager.java:instantiateServices(715)) - S3 Multi-Tenancy is disabled
2022-11-24 06:38:25,609 [Listener at 0.0.0.0/35707] INFO  om.OzoneManager (OzoneManager.java:addS3GVolumeToDB(4400)) - Created Volume s3v With Owner runner required for S3Gateway operations.
2022-11-24 06:38:25,676 [Listener at 0.0.0.0/35707] WARN  server.ServerUtils (ServerUtils.java:getDefaultRatisDirectory(237)) - Storage directory for Ratis is not configured. It is a good idea to map this to an SSD disk. Falling back to ozone.metadata.dirs
2022-11-24 06:38:25,676 [Listener at 0.0.0.0/35707] WARN  utils.OzoneManagerRatisUtils (OzoneManagerRatisUtils.java:getOMRatisSnapshotDirectory(434)) - ozone.om.ratis.snapshot.dir is not configured. Falling back to ozone.metadata.dirs config
2022-11-24 06:38:25,703 [Listener at 0.0.0.0/35707] WARN  server.ServerUtils (ServerUtils.java:getDefaultRatisDirectory(237)) - Storage directory for Ratis is not configured. It is a good idea to map this to an SSD disk. Falling back to ozone.metadata.dirs
2022-11-24 06:38:25,739 [Listener at 0.0.0.0/35707] INFO  ratis.OzoneManagerRatisServer (OzoneManagerRatisServer.java:<init>(160)) - Instantiating OM Ratis server with groupID: omServiceIdDefault and peers: localhost:9872
2022-11-24 06:38:25,749 [Listener at 0.0.0.0/35707] INFO  ratis.OzoneManagerStateMachine (OzoneManagerStateMachine.java:loadSnapshotInfoFromDB(636)) - LastAppliedIndex is set from TransactionInfo from OM DB as (t:0, i:~)
2022-11-24 06:38:25,810 [Listener at 0.0.0.0/35707] INFO  server.RaftServer (ConfUtils.java:logGet(46)) - raft.rpc.type = GRPC (default)
2022-11-24 06:38:25,914 [Listener at 0.0.0.0/35707] INFO  grpc.GrpcConfigKeys (ConfUtils.java:logFallback(53)) - raft.grpc.admin.host = null (fallback to raft.grpc.server.host)
2022-11-24 06:38:25,916 [Listener at 0.0.0.0/35707] INFO  grpc.GrpcConfigKeys (ConfUtils.java:logFallback(53)) - raft.grpc.admin.port = 9872 (fallback to raft.grpc.server.port)
2022-11-24 06:38:25,916 [Listener at 0.0.0.0/35707] INFO  grpc.GrpcConfigKeys (ConfUtils.java:logFallback(53)) - raft.grpc.client.host = null (fallback to raft.grpc.server.host)
2022-11-24 06:38:25,917 [Listener at 0.0.0.0/35707] INFO  grpc.GrpcConfigKeys (ConfUtils.java:logFallback(53)) - raft.grpc.client.port = 9872 (fallback to raft.grpc.server.port)
2022-11-24 06:38:25,917 [Listener at 0.0.0.0/35707] INFO  grpc.GrpcConfigKeys (ConfUtils.java:logGet(46)) - raft.grpc.server.host = null (default)
2022-11-24 06:38:25,918 [Listener at 0.0.0.0/35707] INFO  grpc.GrpcConfigKeys (ConfUtils.java:logGet(46)) - raft.grpc.server.port = 9872 (custom)
2022-11-24 06:38:25,918 [Listener at 0.0.0.0/35707] INFO  server.GrpcService (ConfUtils.java:logGet(46)) - raft.grpc.message.size.max = 33554432 (custom)
2022-11-24 06:38:25,920 [Listener at 0.0.0.0/35707] INFO  server.RaftServerConfigKeys (ConfUtils.java:logGet(46)) - raft.server.log.appender.buffer.byte-limit = 33554432 (custom)
2022-11-24 06:38:25,920 [Listener at 0.0.0.0/35707] INFO  server.GrpcService (ConfUtils.java:logGet(46)) - raft.grpc.flow.control.window = 1MB (=1048576) (default)
2022-11-24 06:38:25,921 [Listener at 0.0.0.0/35707] INFO  server.RaftServerConfigKeys (ConfUtils.java:logGet(46)) - raft.server.rpc.request.timeout = 3000ms (default)
2022-11-24 06:38:25,940 [Listener at 0.0.0.0/35707] INFO  grpc.GrpcConfigKeys (ConfUtils.java:logGet(46)) - raft.grpc.server.heartbeat.channel = true (default)
2022-11-24 06:38:25,944 [Listener at 0.0.0.0/35707] INFO  grpc.GrpcConfigKeys (ConfUtils.java:logGet(46)) - raft.grpc.server.async.request.thread.pool.cached = true (default)
2022-11-24 06:38:25,945 [Listener at 0.0.0.0/35707] INFO  grpc.GrpcConfigKeys (ConfUtils.java:logGet(46)) - raft.grpc.server.async.request.thread.pool.size = 32 (default)
2022-11-24 06:38:26,312 [Listener at 0.0.0.0/35707] INFO  impl.DataStreamServerImpl (ConfUtils.java:logGet(46)) - raft.datastream.type = DISABLED (default)
2022-11-24 06:38:26,315 [Listener at 0.0.0.0/35707] INFO  server.RaftServerConfigKeys (ConfUtils.java:logGet(46)) - raft.server.threadpool.proxy.cached = true (default)
2022-11-24 06:38:26,316 [Listener at 0.0.0.0/35707] INFO  server.RaftServerConfigKeys (ConfUtils.java:logGet(46)) - raft.server.threadpool.proxy.size = 0 (default)
2022-11-24 06:38:26,316 [Listener at 0.0.0.0/35707] INFO  server.RaftServerConfigKeys (ConfUtils.java:logGet(46)) - raft.server.rpc.slowness.timeout = 120s (custom)
2022-11-24 06:38:26,317 [Listener at 0.0.0.0/35707] INFO  server.RaftServerConfigKeys (ConfUtils.java:logGet(46)) - raft.server.leaderelection.leader.step-down.wait-time = 10s (default)
2022-11-24 06:38:26,320 [Listener at 0.0.0.0/35707] INFO  server.RaftServerConfigKeys (ConfUtils.java:logGet(46)) - raft.server.storage.dir = [/home/runner/work/ozone/ozone/hadoop-ozone/integration-test/target/test-dir/MiniOzoneClusterImpl-3ca4de4a-72c8-4c23-a990-0556c1b2e11a/ozone-meta/ratis] (custom)
2022-11-24 06:38:26,331 [Listener at 0.0.0.0/35707] INFO  server.RaftServer (RaftServerProxy.java:addNew(96)) - om1: addNew group-C5BA1605619E:[om1|rpc:localhost:9872|priority:0|startupRole:FOLLOWER] returns group-C5BA1605619E:java.util.concurrent.CompletableFuture@53bf7b33[Not completed]
2022-11-24 06:38:26,331 [Listener at 0.0.0.0/35707] INFO  om.OzoneManager (OzoneManager.java:initializeRatisServer(1977)) - OzoneManager Ratis server initialized at port 9872
2022-11-24 06:38:26,360 [Listener at 0.0.0.0/35707] INFO  om.OzoneManager (OzoneManager.java:getRpcServer(1104)) - Creating RPC Server
2022-11-24 06:38:26,381 [pool-55-thread-1] INFO  server.RaftServer$Division (RaftServerImpl.java:<init>(195)) - om1: new RaftServerImpl for group-C5BA1605619E:[om1|rpc:localhost:9872|priority:0|startupRole:FOLLOWER] with OzoneManagerStateMachine:uninitialized
2022-11-24 06:38:26,388 [pool-55-thread-1] INFO  server.RaftServerConfigKeys (ConfUtils.java:logGet(46)) - raft.server.rpc.timeout.min = 1s (custom)
2022-11-24 06:38:26,403 [pool-55-thread-1] INFO  server.RaftServerConfigKeys (ConfUtils.java:logGet(46)) - raft.server.rpc.timeout.max = 1200ms (custom)
2022-11-24 06:38:26,403 [pool-55-thread-1] INFO  server.RaftServerConfigKeys (ConfUtils.java:logGet(46)) - raft.server.rpc.sleep.time = 25ms (default)
2022-11-24 06:38:26,403 [pool-55-thread-1] INFO  server.RaftServerConfigKeys (ConfUtils.java:logGet(46)) - raft.server.rpc.slowness.timeout = 120s (custom)
2022-11-24 06:38:26,404 [pool-55-thread-1] INFO  server.RaftServerConfigKeys (ConfUtils.java:logGet(46)) - raft.server.leaderelection.leader.step-down.wait-time = 10s (default)
2022-11-24 06:38:26,404 [pool-55-thread-1] INFO  server.RaftServerConfigKeys (ConfUtils.java:logGet(46)) - raft.server.sleep.deviation.threshold = 300ms (default)
2022-11-24 06:38:26,425 [pool-55-thread-1] INFO  server.RaftServer$Division (ServerState.java:<init>(118)) - om1@group-C5BA1605619E: ConfigurationManager, init=-1: peers:[om1|rpc:localhost:9872|priority:0|startupRole:FOLLOWER]|listeners:[], old=null, confs=<EMPTY_MAP>
2022-11-24 06:38:26,425 [pool-55-thread-1] INFO  server.RaftServerConfigKeys (ConfUtils.java:logGet(46)) - raft.server.storage.dir = [/home/runner/work/ozone/ozone/hadoop-ozone/integration-test/target/test-dir/MiniOzoneClusterImpl-3ca4de4a-72c8-4c23-a990-0556c1b2e11a/ozone-meta/ratis] (custom)
2022-11-24 06:38:26,473 [pool-55-thread-1] INFO  server.RaftServerConfigKeys (ConfUtils.java:logGet(46)) - raft.server.log.corruption.policy = EXCEPTION (default)
2022-11-24 06:38:26,474 [pool-55-thread-1] INFO  server.RaftServerConfigKeys (ConfUtils.java:logGet(46)) - raft.server.storage.free-space.min = 0MB (=0) (default)
2022-11-24 06:38:26,496 [pool-55-thread-1] INFO  server.RaftServerConfigKeys (ConfUtils.java:logGet(46)) - raft.server.notification.no-leader.timeout = 120s (custom)
2022-11-24 06:38:26,503 [pool-55-thread-1] INFO  server.RaftServerConfigKeys (ConfUtils.java:logGet(46)) - raft.server.retrycache.expirytime = 300s (custom)
2022-11-24 06:38:26,503 [pool-55-thread-1] INFO  server.RaftServerConfigKeys (ConfUtils.java:logGet(46)) - raft.server.retrycache.statistics.expirytime = 100μs (default)
2022-11-24 06:38:26,682 [pool-55-thread-1] INFO  server.RaftServerConfigKeys (ConfUtils.java:logGet(46)) - raft.server.log.appender.install.snapshot.enabled = false (custom)
2022-11-24 06:38:26,683 [pool-55-thread-1] INFO  server.RaftServerConfigKeys (ConfUtils.java:logGet(46)) - raft.server.threadpool.server.cached = true (default)
2022-11-24 06:38:26,685 [pool-55-thread-1] INFO  server.RaftServerConfigKeys (ConfUtils.java:logGet(46)) - raft.server.threadpool.server.size = 0 (default)
2022-11-24 06:38:26,685 [pool-55-thread-1] INFO  server.RaftServerConfigKeys (ConfUtils.java:logGet(46)) - raft.server.threadpool.client.cached = true (default)
2022-11-24 06:38:26,687 [pool-55-thread-1] INFO  server.RaftServerConfigKeys (ConfUtils.java:logGet(46)) - raft.server.threadpool.client.size = 0 (default)
2022-11-24 06:38:27,218 [Listener at 0.0.0.0/35707] INFO  reflections.Reflections (Reflections.java:scan(232)) - Reflections took 735 ms to scan 19 urls, producing 67 keys and 4378 values [using 2 cores]
2022-11-24 06:38:27,417 [Listener at 0.0.0.0/35707] INFO  ipc.CallQueueManager (CallQueueManager.java:<init>(90)) - Using callQueue: class java.util.concurrent.LinkedBlockingQueue, queueCapacity: 2000, scheduler: class org.apache.hadoop.ipc.DefaultRpcScheduler, ipcBackoff: false.
2022-11-24 06:38:27,418 [Socket Reader #1 for port 0] INFO  ipc.Server (Server.java:run(1273)) - Starting Socket Reader #1 for port 0
2022-11-24 06:38:27,468 [Listener at 127.0.0.1/43781] INFO  impl.MetricsSystemImpl (MetricsSystemImpl.java:init(158)) - OzoneManager metrics system started (again)
2022-11-24 06:38:27,482 [Listener at 127.0.0.1/43781] INFO  om.OzoneManager (OzoneManager.java:start(1484)) - OzoneManager RPC server is listening at localhost/127.0.0.1:43781
2022-11-24 06:38:27,482 [Listener at 127.0.0.1/43781] INFO  ratis.OzoneManagerRatisServer (OzoneManagerRatisServer.java:start(555)) - Starting OzoneManagerRatisServer om1 at port 9872
2022-11-24 06:38:27,486 [om1-impl-thread1] INFO  storage.RaftStorageDirectory (RaftStorageDirectoryImpl.java:analyzeStorage(137)) - The storage directory /home/runner/work/ozone/ozone/hadoop-ozone/integration-test/target/test-dir/MiniOzoneClusterImpl-3ca4de4a-72c8-4c23-a990-0556c1b2e11a/ozone-meta/ratis/bf265839-605b-3f16-9796-c5ba1605619e does not exist. Creating ...
2022-11-24 06:38:27,491 [om1-impl-thread1] INFO  storage.RaftStorageDirectory (RaftStorageDirectoryImpl.java:tryLock(231)) - Lock on /home/runner/work/ozone/ozone/hadoop-ozone/integration-test/target/test-dir/MiniOzoneClusterImpl-3ca4de4a-72c8-4c23-a990-0556c1b2e11a/ozone-meta/ratis/bf265839-605b-3f16-9796-c5ba1605619e/in_use.lock acquired by nodename 14982@fv-az453-211
2022-11-24 06:38:27,501 [om1-impl-thread1] INFO  storage.RaftStorage (RaftStorageImpl.java:format(96)) - Storage directory /home/runner/work/ozone/ozone/hadoop-ozone/integration-test/target/test-dir/MiniOzoneClusterImpl-3ca4de4a-72c8-4c23-a990-0556c1b2e11a/ozone-meta/ratis/bf265839-605b-3f16-9796-c5ba1605619e has been successfully formatted.
2022-11-24 06:38:27,505 [om1-impl-thread1] INFO  server.RaftServerConfigKeys (ConfUtils.java:logGet(46)) - raft.server.log.use.memory = false (default)
2022-11-24 06:38:27,651 [om1-impl-thread1] INFO  server.RaftServerConfigKeys (ConfUtils.java:logGet(46)) - raft.server.log.purge.gap = 1000000 (custom)
2022-11-24 06:38:27,652 [om1-impl-thread1] INFO  server.RaftServerConfigKeys (ConfUtils.java:logGet(46)) - raft.server.log.appender.buffer.byte-limit = 33554432 (custom)
2022-11-24 06:38:27,658 [om1-impl-thread1] INFO  server.RaftServerConfigKeys (ConfUtils.java:logGet(46)) - raft.server.log.statemachine.data.read.timeout = 1000ms (default)
2022-11-24 06:38:27,659 [om1-impl-thread1] INFO  server.RaftServerConfigKeys (ConfUtils.java:logGet(46)) - raft.server.log.purge.preservation.log.num = 0 (default)
2022-11-24 06:38:27,663 [om1-impl-thread1] INFO  server.RaftServerConfigKeys (ConfUtils.java:logGet(46)) - raft.server.log.segment.size.max = 4194304 (custom)
2022-11-24 06:38:27,669 [om1-impl-thread1] INFO  server.RaftServerConfigKeys (ConfUtils.java:logGet(46)) - raft.server.log.segment.cache.num.max = 2 (custom)
2022-11-24 06:38:27,670 [om1-impl-thread1] INFO  server.RaftServerConfigKeys (ConfUtils.java:logGet(46)) - raft.server.log.segment.cache.size.max = 200MB (=209715200) (default)
2022-11-24 06:38:27,677 [om1-impl-thread1] INFO  segmented.SegmentedRaftLogWorker (SegmentedRaftLogWorker.java:<init>(191)) - new om1@group-C5BA1605619E-SegmentedRaftLogWorker for RaftStorageImpl:Storage Directory /home/runner/work/ozone/ozone/hadoop-ozone/integration-test/target/test-dir/MiniOzoneClusterImpl-3ca4de4a-72c8-4c23-a990-0556c1b2e11a/ozone-meta/ratis/bf265839-605b-3f16-9796-c5ba1605619e
2022-11-24 06:38:27,677 [om1-impl-thread1] INFO  server.RaftServerConfigKeys (ConfUtils.java:logGet(46)) - raft.server.log.queue.byte-limit = 64MB (=67108864) (default)
2022-11-24 06:38:27,678 [om1-impl-thread1] INFO  server.RaftServerConfigKeys (ConfUtils.java:logGet(46)) - raft.server.log.queue.element-limit = 4096 (default)
2022-11-24 06:38:27,679 [om1-impl-thread1] INFO  server.RaftServerConfigKeys (ConfUtils.java:logGet(46)) - raft.server.log.segment.size.max = 4194304 (custom)
2022-11-24 06:38:27,679 [om1-impl-thread1] INFO  server.RaftServerConfigKeys (ConfUtils.java:logGet(46)) - raft.server.log.preallocated.size = 4194304 (custom)
2022-11-24 06:38:27,679 [om1-impl-thread1] INFO  server.RaftServerConfigKeys (ConfUtils.java:logGet(46)) - raft.server.log.force.sync.num = 128 (default)
2022-11-24 06:38:27,680 [om1-impl-thread1] INFO  server.RaftServerConfigKeys (ConfUtils.java:logGet(46)) - raft.server.log.statemachine.data.sync = true (default)
2022-11-24 06:38:27,680 [om1-impl-thread1] INFO  server.RaftServerConfigKeys (ConfUtils.java:logGet(46)) - raft.server.log.statemachine.data.sync.timeout = 10s (default)
2022-11-24 06:38:27,681 [om1-impl-thread1] INFO  server.RaftServerConfigKeys (ConfUtils.java:logGet(46)) - raft.server.log.statemachine.data.sync.timeout.retry = -1 (default)
2022-11-24 06:38:27,691 [om1-impl-thread1] INFO  server.RaftServerConfigKeys (ConfUtils.java:logGet(46)) - raft.server.log.write.buffer.size = 64KB (=65536) (default)
2022-11-24 06:38:27,692 [om1-impl-thread1] INFO  server.RaftServerConfigKeys (ConfUtils.java:logGet(46)) - raft.server.log.unsafe-flush.enabled = false (default)
2022-11-24 06:38:27,692 [om1-impl-thread1] INFO  server.RaftServerConfigKeys (ConfUtils.java:logGet(46)) - raft.server.log.async-flush.enabled = false (default)
2022-11-24 06:38:27,693 [om1-impl-thread1] INFO  server.RaftServerConfigKeys (ConfUtils.java:logGet(46)) - raft.server.log.statemachine.data.caching.enabled = false (default)
2022-11-24 06:38:27,700 [om1-impl-thread1] INFO  segmented.SegmentedRaftLogWorker (SegmentedRaftLogWorker.java:lambda$new$0(136)) - om1@group-C5BA1605619E-SegmentedRaftLogWorker: flushIndex: setUnconditionally 0 -> -1
2022-11-24 06:38:27,700 [om1-impl-thread1] INFO  segmented.SegmentedRaftLogWorker (SegmentedRaftLogWorker.java:lambda$new$0(136)) - om1@group-C5BA1605619E-SegmentedRaftLogWorker: safeCacheEvictIndex: setUnconditionally 0 -> -1
2022-11-24 06:38:27,703 [om1-impl-thread1] INFO  server.RaftServer$Division (RaftServerImpl.java:start(334)) - om1@group-C5BA1605619E: start as a follower, conf=-1: peers:[om1|rpc:localhost:9872|priority:0|startupRole:FOLLOWER]|listeners:[], old=null
2022-11-24 06:38:27,707 [om1-impl-thread1] INFO  server.RaftServer$Division (RaftServerImpl.java:setRole(321)) - om1@group-C5BA1605619E: changes role from      null to FOLLOWER at term 0 for startAsFollower
2022-11-24 06:38:27,709 [om1-impl-thread1] INFO  impl.RoleInfo (RoleInfo.java:updateAndGet(139)) - om1: start om1@group-C5BA1605619E-FollowerState
2022-11-24 06:38:27,711 [om1-impl-thread1] INFO  util.JmxRegister (JmxRegister.java:tryRegister(44)) - Successfully registered JMX Bean with object name Ratis:service=RaftServer,group=group-C5BA1605619E,id=om1
2022-11-24 06:38:27,713 [om1-impl-thread1] INFO  server.RaftServerConfigKeys (ConfUtils.java:logGet(46)) - raft.server.snapshot.auto.trigger.enabled = true (custom)
2022-11-24 06:38:27,713 [om1-impl-thread1] INFO  server.RaftServerConfigKeys (ConfUtils.java:logGet(46)) - raft.server.snapshot.auto.trigger.threshold = 400000 (default)
2022-11-24 06:38:27,713 [om1-impl-thread1] INFO  server.RaftServerConfigKeys (ConfUtils.java:logGet(46)) - raft.server.snapshot.retention.file.num = -1 (default)
2022-11-24 06:38:27,714 [om1-impl-thread1] INFO  server.RaftServerConfigKeys (ConfUtils.java:logGet(46)) - raft.server.log.purge.upto.snapshot.index = true (custom)
2022-11-24 06:38:27,715 [om1@group-C5BA1605619E-FollowerState] INFO  server.RaftServerConfigKeys (ConfUtils.java:logFallback(53)) - raft.server.rpc.first-election.timeout.min = 1s (fallback to raft.server.rpc.timeout.min)
2022-11-24 06:38:27,716 [om1@group-C5BA1605619E-FollowerState] INFO  server.RaftServerConfigKeys (ConfUtils.java:logFallback(53)) - raft.server.rpc.first-election.timeout.max = 1200ms (fallback to raft.server.rpc.timeout.max)
2022-11-24 06:38:27,722 [Listener at 127.0.0.1/43781] INFO  server.RaftServer (RaftServerProxy.java:startImpl(393)) - om1: start RPC server
2022-11-24 06:38:27,804 [Listener at 127.0.0.1/43781] INFO  server.GrpcService (GrpcService.java:startImpl(270)) - om1: GrpcService started, listening on 9872
2022-11-24 06:38:27,807 [Listener at 127.0.0.1/43781] INFO  om.OzoneManager (OzoneManager.java:start(1500)) - Version File has different layout version (3) than OM DB (null). That is expected if this OM has never been finalized to a newer layout version.
2022-11-24 06:38:27,809 [JvmPauseMonitor0] INFO  util.JvmPauseMonitor (JvmPauseMonitor.java:run(105)) - JvmPauseMonitor-om1: Started
2022-11-24 06:38:27,846 [Listener at 127.0.0.1/43781] INFO  http.BaseHttpServer (BaseHttpServer.java:newHttpServer2BuilderForOzone(213)) - Starting Web-server for ozoneManager at: http://0.0.0.0:0
2022-11-24 06:38:27,846 [Listener at 127.0.0.1/43781] INFO  http.BaseHttpServer (BaseHttpServer.java:<init>(108)) - Hadoop Security Enabled: false Ozone Security Enabled: false Ozone HTTP Security Enabled: false 
2022-11-24 06:38:27,848 [Listener at 127.0.0.1/43781] WARN  server.AuthenticationFilter (AuthenticationFilter.java:constructSecretProvider(240)) - Unable to initialize FileSignerSecretProvider, falling back to use random secrets. Reason: Could not read signature secret file: /home/runner/hadoop-http-auth-signature-secret
2022-11-24 06:38:27,849 [Listener at 127.0.0.1/43781] WARN  http.HttpRequestLog (HttpRequestLog.java:getRequestLog(103)) - Jetty request log can only be enabled using Log4j
2022-11-24 06:38:27,851 [Listener at 127.0.0.1/43781] INFO  http.HttpServer2 (HttpServer2.java:addGlobalFilter(1031)) - Added global filter 'safety' (class=org.apache.hadoop.hdds.server.http.HttpServer2$QuotingInputFilter)
2022-11-24 06:38:27,852 [Listener at 127.0.0.1/43781] INFO  http.HttpServer2 (HttpServer2.java:addFilter(1007)) - Added filter static_user_filter (class=org.apache.hadoop.http.lib.StaticUserWebFilter$StaticUserFilter) to context ozoneManager
2022-11-24 06:38:27,853 [Listener at 127.0.0.1/43781] INFO  http.HttpServer2 (HttpServer2.java:addFilter(1015)) - Added filter static_user_filter (class=org.apache.hadoop.http.lib.StaticUserWebFilter$StaticUserFilter) to context logs
2022-11-24 06:38:27,858 [Listener at 127.0.0.1/43781] INFO  http.HttpServer2 (HttpServer2.java:addFilter(1015)) - Added filter static_user_filter (class=org.apache.hadoop.http.lib.StaticUserWebFilter$StaticUserFilter) to context static
2022-11-24 06:38:27,863 [Listener at 127.0.0.1/43781] INFO  http.HttpServer2 (HttpServer2.java:bindListener(1250)) - Jetty bound to port 40261
2022-11-24 06:38:27,863 [Listener at 127.0.0.1/43781] INFO  server.Server (Server.java:doStart(375)) - jetty-9.4.49.v20220914; built: 2022-09-14T01:07:36.601Z; git: 4231a3b2e4cb8548a412a789936d640a97b1aa0a; jvm 1.8.0_345-b01
2022-11-24 06:38:27,867 [Listener at 127.0.0.1/43781] INFO  server.session (DefaultSessionIdManager.java:doStart(334)) - DefaultSessionIdManager workerName=node0
2022-11-24 06:38:27,867 [Listener at 127.0.0.1/43781] INFO  server.session (DefaultSessionIdManager.java:doStart(339)) - No SessionScavenger set, using defaults
2022-11-24 06:38:27,867 [Listener at 127.0.0.1/43781] INFO  server.session (HouseKeeper.java:startScavenging(132)) - node0 Scavenging every 600000ms
2022-11-24 06:38:27,868 [Listener at 127.0.0.1/43781] INFO  handler.ContextHandler (ContextHandler.java:doStart(921)) - Started o.e.j.s.ServletContextHandler@793b6fb9{logs,/logs,file:///home/runner/work/ozone/ozone/hadoop-ozone/integration-test/target/log,AVAILABLE}
2022-11-24 06:38:27,869 [Listener at 127.0.0.1/43781] INFO  handler.ContextHandler (ContextHandler.java:doStart(921)) - Started o.e.j.s.ServletContextHandler@63884640{static,/static,file:///home/runner/work/ozone/ozone/hadoop-ozone/integration-test/target/test-classes/webapps/static,AVAILABLE}
2022-11-24 06:38:27,878 [Listener at 127.0.0.1/43781] INFO  handler.ContextHandler (ContextHandler.java:doStart(921)) - Started o.e.j.w.WebAppContext@7b9b32f3{ozoneManager,/,file:///home/runner/work/ozone/ozone/hadoop-ozone/integration-test/target/test-classes/webapps/ozoneManager/,AVAILABLE}{file:/home/runner/work/ozone/ozone/hadoop-ozone/integration-test/target/test-classes/webapps/ozoneManager}
2022-11-24 06:38:27,883 [Listener at 127.0.0.1/43781] INFO  server.AbstractConnector (AbstractConnector.java:doStart(333)) - Started ServerConnector@4d46444b{HTTP/1.1, (http/1.1)}{0.0.0.0:40261}
2022-11-24 06:38:27,883 [Listener at 127.0.0.1/43781] INFO  server.Server (Server.java:doStart(415)) - Started @9086ms
2022-11-24 06:38:27,884 [Listener at 127.0.0.1/43781] WARN  impl.MetricsSystemImpl (MetricsSystemImpl.java:register(279)) - Sink prometheus already exists!
2022-11-24 06:38:27,885 [Listener at 127.0.0.1/43781] INFO  http.BaseHttpServer (BaseHttpServer.java:updateConnectorAddress(333)) - HTTP server of ozoneManager listening at http://0.0.0.0:40261
2022-11-24 06:38:27,885 [IPC Server Responder] INFO  ipc.Server (Server.java:run(1512)) - IPC Server Responder: starting
2022-11-24 06:38:27,886 [IPC Server listener on 0] INFO  ipc.Server (Server.java:run(1352)) - IPC Server listener on 0: starting
2022-11-24 06:38:27,889 [Listener at 127.0.0.1/43781] INFO  om.OzoneManager (OzoneManager.java:startTrashEmptier(1921)) - Trash Interval set to 0. Files deleted won't move to trash
2022-11-24 06:38:27,891 [org.apache.hadoop.util.JvmPauseMonitor$Monitor@4ac40529] INFO  util.JvmPauseMonitor (JvmPauseMonitor.java:run(188)) - Starting JVM pause monitor
2022-11-24 06:38:28,117 [Listener at 127.0.0.1/43781] WARN  impl.MetricRegistriesImpl (MetricRegistriesImpl.java:addReporterRegistration(111)) - New reporters are added after registries were created. Some metrics will be missing from the reporter. Please add reporter before adding any new registry.
2022-11-24 06:38:28,118 [Listener at 127.0.0.1/43781] WARN  impl.MetricRegistriesImpl (MetricRegistriesImpl.java:addReporterRegistration(111)) - New reporters are added after registries were created. Some metrics will be missing from the reporter. Please add reporter before adding any new registry.
2022-11-24 06:38:28,118 [Listener at 127.0.0.1/43781] INFO  impl.MetricsSystemImpl (MetricsSystemImpl.java:init(158)) - HddsDatanode metrics system started (again)
2022-11-24 06:38:28,139 [Listener at 127.0.0.1/43781] INFO  ozone.HddsDatanodeService (HddsDatanodeService.java:start(236)) - HddsDatanodeService host:fv-az453-211.hss2zji4abbufegd5wcf2so25h.dx.internal.cloudapp.net ip:10.1.1.33
2022-11-24 06:38:28,181 [Listener at 127.0.0.1/43781] INFO  upgrade.AbstractLayoutVersionManager (AbstractLayoutVersionManager.java:init(83)) - Initializing Layout version manager with metadata layout = DATANODE_SCHEMA_V3 (version = 4), software layout = DATANODE_SCHEMA_V3 (version = 4)
2022-11-24 06:38:28,246 [Listener at 127.0.0.1/43781] INFO  reflections.Reflections (Reflections.java:scan(232)) - Reflections took 60 ms to scan 7 urls, producing 140 keys and 342 values 
2022-11-24 06:38:28,252 [Listener at 127.0.0.1/43781] INFO  statemachine.DatanodeStateMachine (DatanodeStateMachine.java:getEndPointTaskThreadPoolSize(245)) - Datanode State Machine Task Thread Pool size 2
2022-11-24 06:38:28,321 [Listener at 127.0.0.1/43781] INFO  volume.HddsVolume (HddsVolume.java:<init>(117)) - Creating HddsVolume: /home/runner/work/ozone/ozone/hadoop-ozone/integration-test/target/test-dir/MiniOzoneClusterImpl-3ca4de4a-72c8-4c23-a990-0556c1b2e11a/datanode-0/data-0/containers/hdds of storage type : DISK capacity : 9223372036854775807
2022-11-24 06:38:28,324 [Listener at 127.0.0.1/43781] INFO  volume.MutableVolumeSet (MutableVolumeSet.java:initializeVolumeSet(174)) - Added Volume : /home/runner/work/ozone/ozone/hadoop-ozone/integration-test/target/test-dir/MiniOzoneClusterImpl-3ca4de4a-72c8-4c23-a990-0556c1b2e11a/datanode-0/data-0/containers/hdds to VolumeSet
2022-11-24 06:38:28,325 [Listener at 127.0.0.1/43781] INFO  volume.ThrottledAsyncChecker (ThrottledAsyncChecker.java:schedule(141)) - Scheduling a check for /home/runner/work/ozone/ozone/hadoop-ozone/integration-test/target/test-dir/MiniOzoneClusterImpl-3ca4de4a-72c8-4c23-a990-0556c1b2e11a/datanode-0/data-0/containers/hdds
2022-11-24 06:38:28,345 [Listener at 127.0.0.1/43781] INFO  volume.StorageVolumeChecker (StorageVolumeChecker.java:checkAllVolumes(202)) - Scheduled health check for volume /home/runner/work/ozone/ozone/hadoop-ozone/integration-test/target/test-dir/MiniOzoneClusterImpl-3ca4de4a-72c8-4c23-a990-0556c1b2e11a/datanode-0/data-0/containers/hdds
2022-11-24 06:38:28,365 [Listener at 127.0.0.1/43781] INFO  volume.MutableVolumeSet (MutableVolumeSet.java:initializeVolumeSet(174)) - Added Volume : /home/runner/work/ozone/ozone/hadoop-ozone/integration-test/target/test-dir/MiniOzoneClusterImpl-3ca4de4a-72c8-4c23-a990-0556c1b2e11a/datanode-0/data/ratis to VolumeSet
2022-11-24 06:38:28,365 [Listener at 127.0.0.1/43781] INFO  volume.ThrottledAsyncChecker (ThrottledAsyncChecker.java:schedule(141)) - Scheduling a check for /home/runner/work/ozone/ozone/hadoop-ozone/integration-test/target/test-dir/MiniOzoneClusterImpl-3ca4de4a-72c8-4c23-a990-0556c1b2e11a/datanode-0/data/ratis
2022-11-24 06:38:28,366 [Listener at 127.0.0.1/43781] INFO  volume.StorageVolumeChecker (StorageVolumeChecker.java:checkAllVolumes(202)) - Scheduled health check for volume /home/runner/work/ozone/ozone/hadoop-ozone/integration-test/target/test-dir/MiniOzoneClusterImpl-3ca4de4a-72c8-4c23-a990-0556c1b2e11a/datanode-0/data/ratis
2022-11-24 06:38:28,391 [Thread-136] INFO  ozoneimpl.ContainerReader (ContainerReader.java:readVolume(175)) - Finish verifying containers on volume /home/runner/work/ozone/ozone/hadoop-ozone/integration-test/target/test-dir/MiniOzoneClusterImpl-3ca4de4a-72c8-4c23-a990-0556c1b2e11a/datanode-0/data-0/containers/hdds
2022-11-24 06:38:28,392 [Listener at 127.0.0.1/43781] INFO  ozoneimpl.OzoneContainer (OzoneContainer.java:buildContainerSet(301)) - Build ContainerSet costs 0s
2022-11-24 06:38:28,442 [Listener at 127.0.0.1/43781] INFO  audit.AuditLogger (AuditLogger.java:refreshDebugCmdSet(126)) - Refresh DebugCmdSet for DNAudit to [].
2022-11-24 06:38:28,476 [Listener at 127.0.0.1/43781] INFO  server.RaftServer (ConfUtils.java:logGet(46)) - raft.rpc.type = GRPC (default)
2022-11-24 06:38:28,477 [Listener at 127.0.0.1/43781] INFO  grpc.GrpcConfigKeys (ConfUtils.java:logFallback(53)) - raft.grpc.admin.host = null (fallback to raft.grpc.server.host)
2022-11-24 06:38:28,477 [Listener at 127.0.0.1/43781] INFO  grpc.GrpcConfigKeys (ConfUtils.java:logGet(46)) - raft.grpc.admin.port = 0 (custom)
2022-11-24 06:38:28,477 [Listener at 127.0.0.1/43781] INFO  grpc.GrpcConfigKeys (ConfUtils.java:logFallback(53)) - raft.grpc.client.host = null (fallback to raft.grpc.server.host)
2022-11-24 06:38:28,478 [Listener at 127.0.0.1/43781] INFO  grpc.GrpcConfigKeys (ConfUtils.java:logGet(46)) - raft.grpc.client.port = 0 (custom)
2022-11-24 06:38:28,478 [Listener at 127.0.0.1/43781] INFO  grpc.GrpcConfigKeys (ConfUtils.java:logGet(46)) - raft.grpc.server.host = null (default)
2022-11-24 06:38:28,478 [Listener at 127.0.0.1/43781] INFO  grpc.GrpcConfigKeys (ConfUtils.java:logGet(46)) - raft.grpc.server.port = 0 (default)
2022-11-24 06:38:28,478 [Listener at 127.0.0.1/43781] INFO  server.GrpcService (ConfUtils.java:logGet(46)) - raft.grpc.message.size.max = 32MB (=33554432) (custom)
2022-11-24 06:38:28,478 [Listener at 127.0.0.1/43781] INFO  server.RaftServerConfigKeys (ConfUtils.java:logGet(46)) - raft.server.log.appender.buffer.byte-limit = 33554432 (custom)
2022-11-24 06:38:28,479 [Listener at 127.0.0.1/43781] INFO  server.GrpcService (ConfUtils.java:logGet(46)) - raft.grpc.flow.control.window = 5MB (=5242880) (custom)
2022-11-24 06:38:28,479 [Listener at 127.0.0.1/43781] INFO  server.RaftServerConfigKeys (ConfUtils.java:logGet(46)) - raft.server.rpc.request.timeout = 60s (custom)
2022-11-24 06:38:28,479 [Listener at 127.0.0.1/43781] INFO  grpc.GrpcConfigKeys (ConfUtils.java:logGet(46)) - raft.grpc.server.heartbeat.channel = true (default)
2022-11-24 06:38:28,479 [Listener at 127.0.0.1/43781] INFO  grpc.GrpcConfigKeys (ConfUtils.java:logGet(46)) - raft.grpc.server.async.request.thread.pool.cached = true (default)
2022-11-24 06:38:28,480 [Listener at 127.0.0.1/43781] INFO  grpc.GrpcConfigKeys (ConfUtils.java:logGet(46)) - raft.grpc.server.async.request.thread.pool.size = 32 (default)
2022-11-24 06:38:28,481 [Listener at 127.0.0.1/43781] INFO  impl.DataStreamServerImpl (ConfUtils.java:logGet(46)) - raft.datastream.type = DISABLED (default)
2022-11-24 06:38:28,482 [Listener at 127.0.0.1/43781] INFO  server.RaftServerConfigKeys (ConfUtils.java:logGet(46)) - raft.server.threadpool.proxy.cached = true (default)
2022-11-24 06:38:28,482 [Listener at 127.0.0.1/43781] INFO  server.RaftServerConfigKeys (ConfUtils.java:logGet(46)) - raft.server.threadpool.proxy.size = 0 (default)
2022-11-24 06:38:28,482 [Listener at 127.0.0.1/43781] INFO  server.RaftServerConfigKeys (ConfUtils.java:logGet(46)) - raft.server.rpc.slowness.timeout = 300s (custom)
2022-11-24 06:38:28,482 [Listener at 127.0.0.1/43781] INFO  server.RaftServerConfigKeys (ConfUtils.java:logGet(46)) - raft.server.leaderelection.leader.step-down.wait-time = 10s (default)
2022-11-24 06:38:28,483 [Listener at 127.0.0.1/43781] INFO  server.RaftServerConfigKeys (ConfUtils.java:logGet(46)) - raft.server.storage.dir = [/home/runner/work/ozone/ozone/hadoop-ozone/integration-test/target/test-dir/MiniOzoneClusterImpl-3ca4de4a-72c8-4c23-a990-0556c1b2e11a/datanode-0/data/ratis] (custom)
2022-11-24 06:38:28,503 [Listener at 127.0.0.1/43781] INFO  server.XceiverServerGrpc (XceiverServerGrpc.java:<init>(132)) - GrpcServer channel type EpollServerSocketChannel
2022-11-24 06:38:28,601 [Listener at 127.0.0.1/43781] INFO  http.BaseHttpServer (BaseHttpServer.java:newHttpServer2BuilderForOzone(213)) - Starting Web-server for hddsDatanode at: http://0.0.0.0:0
2022-11-24 06:38:28,602 [Listener at 127.0.0.1/43781] INFO  http.BaseHttpServer (BaseHttpServer.java:<init>(108)) - Hadoop Security Enabled: false Ozone Security Enabled: false Ozone HTTP Security Enabled: false 
2022-11-24 06:38:28,603 [Listener at 127.0.0.1/43781] WARN  server.AuthenticationFilter (AuthenticationFilter.java:constructSecretProvider(240)) - Unable to initialize FileSignerSecretProvider, falling back to use random secrets. Reason: Could not read signature secret file: /home/runner/hadoop-http-auth-signature-secret
2022-11-24 06:38:28,605 [Listener at 127.0.0.1/43781] WARN  http.HttpRequestLog (HttpRequestLog.java:getRequestLog(103)) - Jetty request log can only be enabled using Log4j
2022-11-24 06:38:28,606 [Listener at 127.0.0.1/43781] INFO  http.HttpServer2 (HttpServer2.java:addGlobalFilter(1031)) - Added global filter 'safety' (class=org.apache.hadoop.hdds.server.http.HttpServer2$QuotingInputFilter)
2022-11-24 06:38:28,607 [Listener at 127.0.0.1/43781] INFO  http.HttpServer2 (HttpServer2.java:addFilter(1007)) - Added filter static_user_filter (class=org.apache.hadoop.http.lib.StaticUserWebFilter$StaticUserFilter) to context hddsDatanode
2022-11-24 06:38:28,607 [Listener at 127.0.0.1/43781] INFO  http.HttpServer2 (HttpServer2.java:addFilter(1015)) - Added filter static_user_filter (class=org.apache.hadoop.http.lib.StaticUserWebFilter$StaticUserFilter) to context logs
2022-11-24 06:38:28,608 [Listener at 127.0.0.1/43781] INFO  http.HttpServer2 (HttpServer2.java:addFilter(1015)) - Added filter static_user_filter (class=org.apache.hadoop.http.lib.StaticUserWebFilter$StaticUserFilter) to context static
2022-11-24 06:38:28,609 [Listener at 127.0.0.1/43781] INFO  http.HttpServer2 (HttpServer2.java:bindListener(1250)) - Jetty bound to port 39649
2022-11-24 06:38:28,609 [Listener at 127.0.0.1/43781] INFO  server.Server (Server.java:doStart(375)) - jetty-9.4.49.v20220914; built: 2022-09-14T01:07:36.601Z; git: 4231a3b2e4cb8548a412a789936d640a97b1aa0a; jvm 1.8.0_345-b01
2022-11-24 06:38:28,620 [Listener at 127.0.0.1/43781] INFO  server.session (DefaultSessionIdManager.java:doStart(334)) - DefaultSessionIdManager workerName=node0
2022-11-24 06:38:28,620 [Listener at 127.0.0.1/43781] INFO  server.session (DefaultSessionIdManager.java:doStart(339)) - No SessionScavenger set, using defaults
2022-11-24 06:38:28,621 [Listener at 127.0.0.1/43781] INFO  server.session (HouseKeeper.java:startScavenging(132)) - node0 Scavenging every 660000ms
2022-11-24 06:38:28,623 [Listener at 127.0.0.1/43781] INFO  handler.ContextHandler (ContextHandler.java:doStart(921)) - Started o.e.j.s.ServletContextHandler@583608bc{logs,/logs,file:///home/runner/work/ozone/ozone/hadoop-ozone/integration-test/target/log,AVAILABLE}
2022-11-24 06:38:28,624 [Listener at 127.0.0.1/43781] INFO  handler.ContextHandler (ContextHandler.java:doStart(921)) - Started o.e.j.s.ServletContextHandler@3f793327{static,/static,jar:file:/home/runner/.m2/repository/org/apache/ozone/hdds-container-service/1.3.0-SNAPSHOT/hdds-container-service-1.3.0-SNAPSHOT.jar!/webapps/static,AVAILABLE}
2022-11-24 06:38:28,857 [Listener at 127.0.0.1/43781] INFO  handler.ContextHandler (ContextHandler.java:doStart(921)) - Started o.e.j.w.WebAppContext@698c55bf{hddsDatanode,/,file:///tmp/jetty-0_0_0_0-39649-hdds-container-service-1_3_0-SNAPSHOT_jar-_-any-5499463939921843559/webapp/,AVAILABLE}{jar:file:/home/runner/.m2/repository/org/apache/ozone/hdds-container-service/1.3.0-SNAPSHOT/hdds-container-service-1.3.0-SNAPSHOT.jar!/webapps/hddsDatanode}
2022-11-24 06:38:28,859 [Listener at 127.0.0.1/43781] INFO  server.AbstractConnector (AbstractConnector.java:doStart(333)) - Started ServerConnector@2f2e38a7{HTTP/1.1, (http/1.1)}{0.0.0.0:39649}
2022-11-24 06:38:28,859 [Listener at 127.0.0.1/43781] INFO  server.Server (Server.java:doStart(415)) - Started @10061ms
2022-11-24 06:38:28,859 [Listener at 127.0.0.1/43781] WARN  impl.MetricsSystemImpl (MetricsSystemImpl.java:register(279)) - Sink prometheus already exists!
2022-11-24 06:38:28,860 [Listener at 127.0.0.1/43781] INFO  http.BaseHttpServer (BaseHttpServer.java:updateConnectorAddress(333)) - HTTP server of hddsDatanode listening at http://0.0.0.0:39649
2022-11-24 06:38:28,861 [Listener at 127.0.0.1/43781] WARN  impl.MetricRegistriesImpl (MetricRegistriesImpl.java:addReporterRegistration(111)) - New reporters are added after registries were created. Some metrics will be missing from the reporter. Please add reporter before adding any new registry.
2022-11-24 06:38:28,862 [Listener at 127.0.0.1/43781] WARN  impl.MetricRegistriesImpl (MetricRegistriesImpl.java:addReporterRegistration(111)) - New reporters are added after registries were created. Some metrics will be missing from the reporter. Please add reporter before adding any new registry.
2022-11-24 06:38:28,862 [Listener at 127.0.0.1/43781] INFO  impl.MetricsSystemImpl (MetricsSystemImpl.java:init(158)) - HddsDatanode metrics system started (again)
2022-11-24 06:38:28,872 [Datanode State Machine Daemon Thread] INFO  statemachine.DatanodeStateMachine (DatanodeStateMachine.java:lambda$startDaemon$0(505)) - Ozone container server started.
2022-11-24 06:38:28,877 [Listener at 127.0.0.1/43781] INFO  ozone.HddsDatanodeService (HddsDatanodeService.java:start(236)) - HddsDatanodeService host:fv-az453-211.hss2zji4abbufegd5wcf2so25h.dx.internal.cloudapp.net ip:10.1.1.33
2022-11-24 06:38:28,883 [org.apache.hadoop.util.JvmPauseMonitor$Monitor@3e145ac] INFO  util.JvmPauseMonitor (JvmPauseMonitor.java:run(188)) - Starting JVM pause monitor
2022-11-24 06:38:28,896 [om1@group-C5BA1605619E-FollowerState] INFO  impl.FollowerState (FollowerState.java:run(143)) - om1@group-C5BA1605619E-FollowerState: change to CANDIDATE, lastRpcElapsedTime:1186998642ns, electionTimeout:1178ms
2022-11-24 06:38:28,898 [om1@group-C5BA1605619E-FollowerState] INFO  impl.RoleInfo (RoleInfo.java:shutdownFollowerState(110)) - om1: shutdown om1@group-C5BA1605619E-FollowerState
2022-11-24 06:38:28,899 [om1@group-C5BA1605619E-FollowerState] INFO  server.RaftServer$Division (RaftServerImpl.java:setRole(321)) - om1@group-C5BA1605619E: changes role from  FOLLOWER to CANDIDATE at term 0 for changeToCandidate
2022-11-24 06:38:28,905 [om1@group-C5BA1605619E-FollowerState] INFO  server.RaftServerConfigKeys (ConfUtils.java:logGet(46)) - raft.server.leaderelection.pre-vote = false (custom)
2022-11-24 06:38:28,905 [om1@group-C5BA1605619E-FollowerState] INFO  impl.RoleInfo (RoleInfo.java:updateAndGet(139)) - om1: start om1@group-C5BA1605619E-LeaderElection1
2022-11-24 06:38:28,918 [om1@group-C5BA1605619E-LeaderElection1] INFO  impl.LeaderElection (LeaderElection.java:askForVotes(312)) - om1@group-C5BA1605619E-LeaderElection1 ELECTION round 0: submit vote requests at term 1 for -1: peers:[om1|rpc:localhost:9872|priority:0|startupRole:FOLLOWER]|listeners:[], old=null
2022-11-24 06:38:28,926 [Listener at 127.0.0.1/43781] INFO  upgrade.AbstractLayoutVersionManager (AbstractLayoutVersionManager.java:init(83)) - Initializing Layout version manager with metadata layout = DATANODE_SCHEMA_V3 (version = 4), software layout = DATANODE_SCHEMA_V3 (version = 4)
2022-11-24 06:38:28,927 [om1@group-C5BA1605619E-LeaderElection1] INFO  impl.LeaderElection (LeaderElection.java:askForVotes(314)) - om1@group-C5BA1605619E-LeaderElection1 ELECTION round 0: result PASSED (term=1)
2022-11-24 06:38:28,930 [om1@group-C5BA1605619E-LeaderElection1] INFO  impl.RoleInfo (RoleInfo.java:shutdownLeaderElection(130)) - om1: shutdown om1@group-C5BA1605619E-LeaderElection1
2022-11-24 06:38:28,934 [om1@group-C5BA1605619E-LeaderElection1] INFO  server.RaftServer$Division (RaftServerImpl.java:setRole(321)) - om1@group-C5BA1605619E: changes role from CANDIDATE to LEADER at term 1 for changeToLeader
2022-11-24 06:38:28,935 [om1@group-C5BA1605619E-LeaderElection1] INFO  server.RaftServer$Division (ServerState.java:setLeader(313)) - om1@group-C5BA1605619E: change Leader from null to om1 at term 1 for becomeLeader, leader elected after 2438ms
2022-11-24 06:38:28,956 [om1@group-C5BA1605619E-LeaderElection1] INFO  server.RaftServerConfigKeys (ConfUtils.java:logGet(46)) - raft.server.staging.catchup.gap = 1000 (default)
2022-11-24 06:38:28,969 [om1@group-C5BA1605619E-LeaderElection1] INFO  server.RaftServerConfigKeys (ConfUtils.java:logGet(46)) - raft.server.write.element-limit = 4096 (default)
2022-11-24 06:38:28,971 [om1@group-C5BA1605619E-LeaderElection1] INFO  server.RaftServerConfigKeys (ConfUtils.java:logGet(46)) - raft.server.write.byte-limit = 64MB (=67108864) (default)
2022-11-24 06:38:28,984 [om1@group-C5BA1605619E-LeaderElection1] INFO  server.RaftServerConfigKeys (ConfUtils.java:logGet(46)) - raft.server.watch.timeout = 10s (default)
2022-11-24 06:38:28,985 [om1@group-C5BA1605619E-LeaderElection1] INFO  server.RaftServerConfigKeys (ConfUtils.java:logGet(46)) - raft.server.watch.timeout.denomination = 1s (default)
2022-11-24 06:38:28,988 [om1@group-C5BA1605619E-LeaderElection1] INFO  server.RaftServerConfigKeys (ConfUtils.java:logGet(46)) - raft.server.watch.element-limit = 65536 (default)
2022-11-24 06:38:29,003 [om1@group-C5BA1605619E-LeaderElection1] INFO  server.RaftServerConfigKeys (ConfUtils.java:logGet(46)) - raft.server.write.element-limit = 4096 (default)
2022-11-24 06:38:29,011 [om1@group-C5BA1605619E-LeaderElection1] INFO  server.RaftServerConfigKeys (ConfUtils.java:logGet(46)) - raft.server.write.follower.gap.ratio.max = -1.0 (default)
2022-11-24 06:38:29,023 [om1@group-C5BA1605619E-LeaderElection1] INFO  impl.RoleInfo (RoleInfo.java:updateAndGet(139)) - om1: start om1@group-C5BA1605619E-LeaderStateImpl
2022-11-24 06:38:29,080 [Listener at 127.0.0.1/43781] INFO  reflections.Reflections (Reflections.java:scan(232)) - Reflections took 142 ms to scan 7 urls, producing 140 keys and 342 values 
2022-11-24 06:38:29,083 [Listener at 127.0.0.1/43781] INFO  statemachine.DatanodeStateMachine (DatanodeStateMachine.java:getEndPointTaskThreadPoolSize(245)) - Datanode State Machine Task Thread Pool size 2
2022-11-24 06:38:29,104 [Listener at 127.0.0.1/43781] INFO  volume.HddsVolume (HddsVolume.java:<init>(117)) - Creating HddsVolume: /home/runner/work/ozone/ozone/hadoop-ozone/integration-test/target/test-dir/MiniOzoneClusterImpl-3ca4de4a-72c8-4c23-a990-0556c1b2e11a/datanode-1/data-0/containers/hdds of storage type : DISK capacity : 9223372036854775807
2022-11-24 06:38:29,106 [Listener at 127.0.0.1/43781] INFO  volume.MutableVolumeSet (MutableVolumeSet.java:initializeVolumeSet(174)) - Added Volume : /home/runner/work/ozone/ozone/hadoop-ozone/integration-test/target/test-dir/MiniOzoneClusterImpl-3ca4de4a-72c8-4c23-a990-0556c1b2e11a/datanode-1/data-0/containers/hdds to VolumeSet
2022-11-24 06:38:29,106 [Listener at 127.0.0.1/43781] INFO  volume.ThrottledAsyncChecker (ThrottledAsyncChecker.java:schedule(141)) - Scheduling a check for /home/runner/work/ozone/ozone/hadoop-ozone/integration-test/target/test-dir/MiniOzoneClusterImpl-3ca4de4a-72c8-4c23-a990-0556c1b2e11a/datanode-1/data-0/containers/hdds
2022-11-24 06:38:29,118 [Listener at 127.0.0.1/43781] INFO  volume.StorageVolumeChecker (StorageVolumeChecker.java:checkAllVolumes(202)) - Scheduled health check for volume /home/runner/work/ozone/ozone/hadoop-ozone/integration-test/target/test-dir/MiniOzoneClusterImpl-3ca4de4a-72c8-4c23-a990-0556c1b2e11a/datanode-1/data-0/containers/hdds
2022-11-24 06:38:29,118 [om1@group-C5BA1605619E-LeaderElection1] INFO  segmented.SegmentedRaftLogWorker (SegmentedRaftLogWorker.java:startLogSegment(452)) - om1@group-C5BA1605619E-SegmentedRaftLogWorker: Starting segment from index:0
2022-11-24 06:38:29,151 [Listener at 127.0.0.1/43781] INFO  volume.MutableVolumeSet (MutableVolumeSet.java:initializeVolumeSet(174)) - Added Volume : /home/runner/work/ozone/ozone/hadoop-ozone/integration-test/target/test-dir/MiniOzoneClusterImpl-3ca4de4a-72c8-4c23-a990-0556c1b2e11a/datanode-1/data/ratis to VolumeSet
2022-11-24 06:38:29,151 [Listener at 127.0.0.1/43781] INFO  volume.ThrottledAsyncChecker (ThrottledAsyncChecker.java:schedule(141)) - Scheduling a check for /home/runner/work/ozone/ozone/hadoop-ozone/integration-test/target/test-dir/MiniOzoneClusterImpl-3ca4de4a-72c8-4c23-a990-0556c1b2e11a/datanode-1/data/ratis
2022-11-24 06:38:29,156 [Listener at 127.0.0.1/43781] INFO  volume.StorageVolumeChecker (StorageVolumeChecker.java:checkAllVolumes(202)) - Scheduled health check for volume /home/runner/work/ozone/ozone/hadoop-ozone/integration-test/target/test-dir/MiniOzoneClusterImpl-3ca4de4a-72c8-4c23-a990-0556c1b2e11a/datanode-1/data/ratis
2022-11-24 06:38:29,187 [Datanode State Machine Task Thread - 0] INFO  datanode.InitDatanodeState (InitDatanodeState.java:persistContainerDatanodeDetails(138)) - DatanodeDetails is persisted to /home/runner/work/ozone/ozone/hadoop-ozone/integration-test/target/test-dir/MiniOzoneClusterImpl-3ca4de4a-72c8-4c23-a990-0556c1b2e11a/datanode-0/meta/datanode.id
2022-11-24 06:38:29,204 [Thread-151] INFO  ozoneimpl.ContainerReader (ContainerReader.java:readVolume(175)) - Finish verifying containers on volume /home/runner/work/ozone/ozone/hadoop-ozone/integration-test/target/test-dir/MiniOzoneClusterImpl-3ca4de4a-72c8-4c23-a990-0556c1b2e11a/datanode-1/data-0/containers/hdds
2022-11-24 06:38:29,206 [Listener at 127.0.0.1/43781] INFO  ozoneimpl.OzoneContainer (OzoneContainer.java:buildContainerSet(301)) - Build ContainerSet costs 0s
2022-11-24 06:38:29,213 [Listener at 127.0.0.1/43781] INFO  server.RaftServer (ConfUtils.java:logGet(46)) - raft.rpc.type = GRPC (default)
2022-11-24 06:38:29,213 [Listener at 127.0.0.1/43781] INFO  grpc.GrpcConfigKeys (ConfUtils.java:logFallback(53)) - raft.grpc.admin.host = null (fallback to raft.grpc.server.host)
2022-11-24 06:38:29,214 [Listener at 127.0.0.1/43781] INFO  grpc.GrpcConfigKeys (ConfUtils.java:logGet(46)) - raft.grpc.admin.port = 0 (custom)
2022-11-24 06:38:29,214 [Listener at 127.0.0.1/43781] INFO  grpc.GrpcConfigKeys (ConfUtils.java:logFallback(53)) - raft.grpc.client.host = null (fallback to raft.grpc.server.host)
2022-11-24 06:38:29,216 [Listener at 127.0.0.1/43781] INFO  grpc.GrpcConfigKeys (ConfUtils.java:logGet(46)) - raft.grpc.client.port = 0 (custom)
2022-11-24 06:38:29,217 [Listener at 127.0.0.1/43781] INFO  grpc.GrpcConfigKeys (ConfUtils.java:logGet(46)) - raft.grpc.server.host = null (default)
2022-11-24 06:38:29,222 [Listener at 127.0.0.1/43781] INFO  grpc.GrpcConfigKeys (ConfUtils.java:logGet(46)) - raft.grpc.server.port = 0 (default)
2022-11-24 06:38:29,223 [Listener at 127.0.0.1/43781] INFO  server.GrpcService (ConfUtils.java:logGet(46)) - raft.grpc.message.size.max = 32MB (=33554432) (custom)
2022-11-24 06:38:29,223 [Listener at 127.0.0.1/43781] INFO  server.RaftServerConfigKeys (ConfUtils.java:logGet(46)) - raft.server.log.appender.buffer.byte-limit = 33554432 (custom)
2022-11-24 06:38:29,223 [Listener at 127.0.0.1/43781] INFO  server.GrpcService (ConfUtils.java:logGet(46)) - raft.grpc.flow.control.window = 5MB (=5242880) (custom)
2022-11-24 06:38:29,224 [Listener at 127.0.0.1/43781] INFO  server.RaftServerConfigKeys (ConfUtils.java:logGet(46)) - raft.server.rpc.request.timeout = 60s (custom)
2022-11-24 06:38:29,224 [Listener at 127.0.0.1/43781] INFO  grpc.GrpcConfigKeys (ConfUtils.java:logGet(46)) - raft.grpc.server.heartbeat.channel = true (default)
2022-11-24 06:38:29,224 [Listener at 127.0.0.1/43781] INFO  grpc.GrpcConfigKeys (ConfUtils.java:logGet(46)) - raft.grpc.server.async.request.thread.pool.cached = true (default)
2022-11-24 06:38:29,224 [Listener at 127.0.0.1/43781] INFO  grpc.GrpcConfigKeys (ConfUtils.java:logGet(46)) - raft.grpc.server.async.request.thread.pool.size = 32 (default)
2022-11-24 06:38:29,226 [Listener at 127.0.0.1/43781] INFO  impl.DataStreamServerImpl (ConfUtils.java:logGet(46)) - raft.datastream.type = DISABLED (default)
2022-11-24 06:38:29,226 [Listener at 127.0.0.1/43781] INFO  server.RaftServerConfigKeys (ConfUtils.java:logGet(46)) - raft.server.threadpool.proxy.cached = true (default)
2022-11-24 06:38:29,226 [Listener at 127.0.0.1/43781] INFO  server.RaftServerConfigKeys (ConfUtils.java:logGet(46)) - raft.server.threadpool.proxy.size = 0 (default)
2022-11-24 06:38:29,227 [Listener at 127.0.0.1/43781] INFO  server.RaftServerConfigKeys (ConfUtils.java:logGet(46)) - raft.server.rpc.slowness.timeout = 300s (custom)
2022-11-24 06:38:29,227 [Listener at 127.0.0.1/43781] INFO  server.RaftServerConfigKeys (ConfUtils.java:logGet(46)) - raft.server.leaderelection.leader.step-down.wait-time = 10s (default)
2022-11-24 06:38:29,227 [Listener at 127.0.0.1/43781] INFO  server.RaftServerConfigKeys (ConfUtils.java:logGet(46)) - raft.server.storage.dir = [/home/runner/work/ozone/ozone/hadoop-ozone/integration-test/target/test-dir/MiniOzoneClusterImpl-3ca4de4a-72c8-4c23-a990-0556c1b2e11a/datanode-1/data/ratis] (custom)
2022-11-24 06:38:29,228 [om1@group-C5BA1605619E-LeaderElection1] INFO  server.RaftServer$Division (ServerState.java:setRaftConf(430)) - om1@group-C5BA1605619E: set configuration 0: peers:[om1|rpc:localhost:9872|admin:|client:|dataStream:|priority:0|startupRole:FOLLOWER]|listeners:[], old=null
2022-11-24 06:38:29,231 [Listener at 127.0.0.1/43781] INFO  server.XceiverServerGrpc (XceiverServerGrpc.java:<init>(132)) - GrpcServer channel type EpollServerSocketChannel
2022-11-24 06:38:29,239 [Listener at 127.0.0.1/43781] INFO  http.BaseHttpServer (BaseHttpServer.java:newHttpServer2BuilderForOzone(213)) - Starting Web-server for hddsDatanode at: http://0.0.0.0:0
2022-11-24 06:38:29,240 [Listener at 127.0.0.1/43781] INFO  http.BaseHttpServer (BaseHttpServer.java:<init>(108)) - Hadoop Security Enabled: false Ozone Security Enabled: false Ozone HTTP Security Enabled: false 
2022-11-24 06:38:29,243 [Listener at 127.0.0.1/43781] WARN  server.AuthenticationFilter (AuthenticationFilter.java:constructSecretProvider(240)) - Unable to initialize FileSignerSecretProvider, falling back to use random secrets. Reason: Could not read signature secret file: /home/runner/hadoop-http-auth-signature-secret
2022-11-24 06:38:29,249 [Listener at 127.0.0.1/43781] WARN  http.HttpRequestLog (HttpRequestLog.java:getRequestLog(103)) - Jetty request log can only be enabled using Log4j
2022-11-24 06:38:29,251 [Listener at 127.0.0.1/43781] INFO  http.HttpServer2 (HttpServer2.java:addGlobalFilter(1031)) - Added global filter 'safety' (class=org.apache.hadoop.hdds.server.http.HttpServer2$QuotingInputFilter)
2022-11-24 06:38:29,252 [Listener at 127.0.0.1/43781] INFO  http.HttpServer2 (HttpServer2.java:addFilter(1007)) - Added filter static_user_filter (class=org.apache.hadoop.http.lib.StaticUserWebFilter$StaticUserFilter) to context hddsDatanode
2022-11-24 06:38:29,252 [Listener at 127.0.0.1/43781] INFO  http.HttpServer2 (HttpServer2.java:addFilter(1015)) - Added filter static_user_filter (class=org.apache.hadoop.http.lib.StaticUserWebFilter$StaticUserFilter) to context static
2022-11-24 06:38:29,252 [Listener at 127.0.0.1/43781] INFO  http.HttpServer2 (HttpServer2.java:addFilter(1015)) - Added filter static_user_filter (class=org.apache.hadoop.http.lib.StaticUserWebFilter$StaticUserFilter) to context logs
2022-11-24 06:38:29,253 [Listener at 127.0.0.1/43781] INFO  http.HttpServer2 (HttpServer2.java:bindListener(1250)) - Jetty bound to port 45591
2022-11-24 06:38:29,253 [Listener at 127.0.0.1/43781] INFO  server.Server (Server.java:doStart(375)) - jetty-9.4.49.v20220914; built: 2022-09-14T01:07:36.601Z; git: 4231a3b2e4cb8548a412a789936d640a97b1aa0a; jvm 1.8.0_345-b01
2022-11-24 06:38:29,293 [Listener at 127.0.0.1/43781] INFO  server.session (DefaultSessionIdManager.java:doStart(334)) - DefaultSessionIdManager workerName=node0
2022-11-24 06:38:29,293 [Listener at 127.0.0.1/43781] INFO  server.session (DefaultSessionIdManager.java:doStart(339)) - No SessionScavenger set, using defaults
2022-11-24 06:38:29,293 [Listener at 127.0.0.1/43781] INFO  server.session (HouseKeeper.java:startScavenging(132)) - node0 Scavenging every 600000ms
2022-11-24 06:38:29,303 [Listener at 127.0.0.1/43781] INFO  handler.ContextHandler (ContextHandler.java:doStart(921)) - Started o.e.j.s.ServletContextHandler@35e04167{logs,/logs,file:///home/runner/work/ozone/ozone/hadoop-ozone/integration-test/target/log,AVAILABLE}
2022-11-24 06:38:29,304 [Listener at 127.0.0.1/43781] INFO  handler.ContextHandler (ContextHandler.java:doStart(921)) - Started o.e.j.s.ServletContextHandler@76e1c593{static,/static,jar:file:/home/runner/.m2/repository/org/apache/ozone/hdds-container-service/1.3.0-SNAPSHOT/hdds-container-service-1.3.0-SNAPSHOT.jar!/webapps/static,AVAILABLE}
2022-11-24 06:38:29,319 [om1@group-C5BA1605619E-SegmentedRaftLogWorker] INFO  segmented.SegmentedRaftLogWorker (SegmentedRaftLogWorker.java:execute(656)) - om1@group-C5BA1605619E-SegmentedRaftLogWorker: created new log segment /home/runner/work/ozone/ozone/hadoop-ozone/integration-test/target/test-dir/MiniOzoneClusterImpl-3ca4de4a-72c8-4c23-a990-0556c1b2e11a/ozone-meta/ratis/bf265839-605b-3f16-9796-c5ba1605619e/current/log_inprogress_0
2022-11-24 06:38:29,483 [om1@group-C5BA1605619E-StateMachineUpdater] INFO  ratis.OzoneManagerStateMachine (OzoneManagerStateMachine.java:notifyConfigurationChanged(192)) - Received Configuration change notification from Ratis. New Peer list:
[id: "om1"
address: "localhost:9872"
startupRole: FOLLOWER
]
2022-11-24 06:38:29,538 [Listener at 127.0.0.1/43781] INFO  handler.ContextHandler (ContextHandler.java:doStart(921)) - Started o.e.j.w.WebAppContext@ca698e0{hddsDatanode,/,file:///tmp/jetty-0_0_0_0-45591-hdds-container-service-1_3_0-SNAPSHOT_jar-_-any-8760604721325060560/webapp/,AVAILABLE}{jar:file:/home/runner/.m2/repository/org/apache/ozone/hdds-container-service/1.3.0-SNAPSHOT/hdds-container-service-1.3.0-SNAPSHOT.jar!/webapps/hddsDatanode}
2022-11-24 06:38:29,540 [Listener at 127.0.0.1/43781] INFO  server.AbstractConnector (AbstractConnector.java:doStart(333)) - Started ServerConnector@63e1dd68{HTTP/1.1, (http/1.1)}{0.0.0.0:45591}
2022-11-24 06:38:29,540 [Listener at 127.0.0.1/43781] INFO  server.Server (Server.java:doStart(415)) - Started @10742ms
2022-11-24 06:38:29,540 [Listener at 127.0.0.1/43781] WARN  impl.MetricsSystemImpl (MetricsSystemImpl.java:register(279)) - Sink prometheus already exists!
2022-11-24 06:38:29,541 [Listener at 127.0.0.1/43781] INFO  http.BaseHttpServer (BaseHttpServer.java:updateConnectorAddress(333)) - HTTP server of hddsDatanode listening at http://0.0.0.0:45591
2022-11-24 06:38:29,541 [Datanode State Machine Daemon Thread] INFO  statemachine.DatanodeStateMachine (DatanodeStateMachine.java:lambda$startDaemon$0(505)) - Ozone container server started.
2022-11-24 06:38:29,542 [Listener at 127.0.0.1/43781] WARN  impl.MetricRegistriesImpl (MetricRegistriesImpl.java:addReporterRegistration(111)) - New reporters are added after registries were created. Some metrics will be missing from the reporter. Please add reporter before adding any new registry.
2022-11-24 06:38:29,543 [Listener at 127.0.0.1/43781] WARN  impl.MetricRegistriesImpl (MetricRegistriesImpl.java:addReporterRegistration(111)) - New reporters are added after registries were created. Some metrics will be missing from the reporter. Please add reporter before adding any new registry.
2022-11-24 06:38:29,543 [Listener at 127.0.0.1/43781] INFO  impl.MetricsSystemImpl (MetricsSystemImpl.java:init(158)) - HddsDatanode metrics system started (again)
2022-11-24 06:38:29,561 [Listener at 127.0.0.1/43781] INFO  ozone.HddsDatanodeService (HddsDatanodeService.java:start(236)) - HddsDatanodeService host:fv-az453-211.hss2zji4abbufegd5wcf2so25h.dx.internal.cloudapp.net ip:10.1.1.33
2022-11-24 06:38:29,578 [org.apache.hadoop.util.JvmPauseMonitor$Monitor@8c2b6bc] INFO  util.JvmPauseMonitor (JvmPauseMonitor.java:run(188)) - Starting JVM pause monitor
2022-11-24 06:38:29,595 [Datanode State Machine Task Thread - 0] INFO  datanode.InitDatanodeState (InitDatanodeState.java:persistContainerDatanodeDetails(138)) - DatanodeDetails is persisted to /home/runner/work/ozone/ozone/hadoop-ozone/integration-test/target/test-dir/MiniOzoneClusterImpl-3ca4de4a-72c8-4c23-a990-0556c1b2e11a/datanode-1/meta/datanode.id
2022-11-24 06:38:29,597 [Listener at 127.0.0.1/43781] INFO  upgrade.AbstractLayoutVersionManager (AbstractLayoutVersionManager.java:init(83)) - Initializing Layout version manager with metadata layout = DATANODE_SCHEMA_V3 (version = 4), software layout = DATANODE_SCHEMA_V3 (version = 4)
2022-11-24 06:38:29,668 [Listener at 127.0.0.1/43781] INFO  reflections.Reflections (Reflections.java:scan(232)) - Reflections took 64 ms to scan 7 urls, producing 140 keys and 342 values 
2022-11-24 06:38:29,673 [Listener at 127.0.0.1/43781] INFO  statemachine.DatanodeStateMachine (DatanodeStateMachine.java:getEndPointTaskThreadPoolSize(245)) - Datanode State Machine Task Thread Pool size 2
2022-11-24 06:38:29,676 [Listener at 127.0.0.1/43781] INFO  volume.HddsVolume (HddsVolume.java:<init>(117)) - Creating HddsVolume: /home/runner/work/ozone/ozone/hadoop-ozone/integration-test/target/test-dir/MiniOzoneClusterImpl-3ca4de4a-72c8-4c23-a990-0556c1b2e11a/datanode-2/data-0/containers/hdds of storage type : DISK capacity : 9223372036854775807
2022-11-24 06:38:29,677 [Listener at 127.0.0.1/43781] INFO  volume.MutableVolumeSet (MutableVolumeSet.java:initializeVolumeSet(174)) - Added Volume : /home/runner/work/ozone/ozone/hadoop-ozone/integration-test/target/test-dir/MiniOzoneClusterImpl-3ca4de4a-72c8-4c23-a990-0556c1b2e11a/datanode-2/data-0/containers/hdds to VolumeSet
2022-11-24 06:38:29,677 [Listener at 127.0.0.1/43781] INFO  volume.ThrottledAsyncChecker (ThrottledAsyncChecker.java:schedule(141)) - Scheduling a check for /home/runner/work/ozone/ozone/hadoop-ozone/integration-test/target/test-dir/MiniOzoneClusterImpl-3ca4de4a-72c8-4c23-a990-0556c1b2e11a/datanode-2/data-0/containers/hdds
2022-11-24 06:38:29,686 [Listener at 127.0.0.1/43781] INFO  volume.StorageVolumeChecker (StorageVolumeChecker.java:checkAllVolumes(202)) - Scheduled health check for volume /home/runner/work/ozone/ozone/hadoop-ozone/integration-test/target/test-dir/MiniOzoneClusterImpl-3ca4de4a-72c8-4c23-a990-0556c1b2e11a/datanode-2/data-0/containers/hdds
2022-11-24 06:38:29,703 [Listener at 127.0.0.1/43781] INFO  volume.MutableVolumeSet (MutableVolumeSet.java:initializeVolumeSet(174)) - Added Volume : /home/runner/work/ozone/ozone/hadoop-ozone/integration-test/target/test-dir/MiniOzoneClusterImpl-3ca4de4a-72c8-4c23-a990-0556c1b2e11a/datanode-2/data/ratis to VolumeSet
2022-11-24 06:38:29,704 [Listener at 127.0.0.1/43781] INFO  volume.ThrottledAsyncChecker (ThrottledAsyncChecker.java:schedule(141)) - Scheduling a check for /home/runner/work/ozone/ozone/hadoop-ozone/integration-test/target/test-dir/MiniOzoneClusterImpl-3ca4de4a-72c8-4c23-a990-0556c1b2e11a/datanode-2/data/ratis
2022-11-24 06:38:29,704 [Listener at 127.0.0.1/43781] INFO  volume.StorageVolumeChecker (StorageVolumeChecker.java:checkAllVolumes(202)) - Scheduled health check for volume /home/runner/work/ozone/ozone/hadoop-ozone/integration-test/target/test-dir/MiniOzoneClusterImpl-3ca4de4a-72c8-4c23-a990-0556c1b2e11a/datanode-2/data/ratis
2022-11-24 06:38:29,723 [Thread-164] INFO  ozoneimpl.ContainerReader (ContainerReader.java:readVolume(175)) - Finish verifying containers on volume /home/runner/work/ozone/ozone/hadoop-ozone/integration-test/target/test-dir/MiniOzoneClusterImpl-3ca4de4a-72c8-4c23-a990-0556c1b2e11a/datanode-2/data-0/containers/hdds
2022-11-24 06:38:29,726 [Listener at 127.0.0.1/43781] INFO  ozoneimpl.OzoneContainer (OzoneContainer.java:buildContainerSet(301)) - Build ContainerSet costs 0s
2022-11-24 06:38:29,734 [Listener at 127.0.0.1/43781] INFO  server.RaftServer (ConfUtils.java:logGet(46)) - raft.rpc.type = GRPC (default)
2022-11-24 06:38:29,734 [Listener at 127.0.0.1/43781] INFO  grpc.GrpcConfigKeys (ConfUtils.java:logFallback(53)) - raft.grpc.admin.host = null (fallback to raft.grpc.server.host)
2022-11-24 06:38:29,734 [Listener at 127.0.0.1/43781] INFO  grpc.GrpcConfigKeys (ConfUtils.java:logGet(46)) - raft.grpc.admin.port = 0 (custom)
2022-11-24 06:38:29,735 [Listener at 127.0.0.1/43781] INFO  grpc.GrpcConfigKeys (ConfUtils.java:logFallback(53)) - raft.grpc.client.host = null (fallback to raft.grpc.server.host)
2022-11-24 06:38:29,735 [Listener at 127.0.0.1/43781] INFO  grpc.GrpcConfigKeys (ConfUtils.java:logGet(46)) - raft.grpc.client.port = 0 (custom)
2022-11-24 06:38:29,735 [Listener at 127.0.0.1/43781] INFO  grpc.GrpcConfigKeys (ConfUtils.java:logGet(46)) - raft.grpc.server.host = null (default)
2022-11-24 06:38:29,735 [Listener at 127.0.0.1/43781] INFO  grpc.GrpcConfigKeys (ConfUtils.java:logGet(46)) - raft.grpc.server.port = 0 (default)
2022-11-24 06:38:29,736 [Listener at 127.0.0.1/43781] INFO  server.GrpcService (ConfUtils.java:logGet(46)) - raft.grpc.message.size.max = 32MB (=33554432) (custom)
2022-11-24 06:38:29,736 [Listener at 127.0.0.1/43781] INFO  server.RaftServerConfigKeys (ConfUtils.java:logGet(46)) - raft.server.log.appender.buffer.byte-limit = 33554432 (custom)
2022-11-24 06:38:29,740 [Listener at 127.0.0.1/43781] INFO  server.GrpcService (ConfUtils.java:logGet(46)) - raft.grpc.flow.control.window = 5MB (=5242880) (custom)
2022-11-24 06:38:29,740 [Listener at 127.0.0.1/43781] INFO  server.RaftServerConfigKeys (ConfUtils.java:logGet(46)) - raft.server.rpc.request.timeout = 60s (custom)
2022-11-24 06:38:29,741 [Listener at 127.0.0.1/43781] INFO  grpc.GrpcConfigKeys (ConfUtils.java:logGet(46)) - raft.grpc.server.heartbeat.channel = true (default)
2022-11-24 06:38:29,741 [Listener at 127.0.0.1/43781] INFO  grpc.GrpcConfigKeys (ConfUtils.java:logGet(46)) - raft.grpc.server.async.request.thread.pool.cached = true (default)
2022-11-24 06:38:29,741 [Listener at 127.0.0.1/43781] INFO  grpc.GrpcConfigKeys (ConfUtils.java:logGet(46)) - raft.grpc.server.async.request.thread.pool.size = 32 (default)
2022-11-24 06:38:29,742 [Listener at 127.0.0.1/43781] INFO  impl.DataStreamServerImpl (ConfUtils.java:logGet(46)) - raft.datastream.type = DISABLED (default)
2022-11-24 06:38:29,743 [Listener at 127.0.0.1/43781] INFO  server.RaftServerConfigKeys (ConfUtils.java:logGet(46)) - raft.server.threadpool.proxy.cached = true (default)
2022-11-24 06:38:29,743 [Listener at 127.0.0.1/43781] INFO  server.RaftServerConfigKeys (ConfUtils.java:logGet(46)) - raft.server.threadpool.proxy.size = 0 (default)
2022-11-24 06:38:29,743 [Listener at 127.0.0.1/43781] INFO  server.RaftServerConfigKeys (ConfUtils.java:logGet(46)) - raft.server.rpc.slowness.timeout = 300s (custom)
2022-11-24 06:38:29,743 [Listener at 127.0.0.1/43781] INFO  server.RaftServerConfigKeys (ConfUtils.java:logGet(46)) - raft.server.leaderelection.leader.step-down.wait-time = 10s (default)
2022-11-24 06:38:29,744 [Listener at 127.0.0.1/43781] INFO  server.RaftServerConfigKeys (ConfUtils.java:logGet(46)) - raft.server.storage.dir = [/home/runner/work/ozone/ozone/hadoop-ozone/integration-test/target/test-dir/MiniOzoneClusterImpl-3ca4de4a-72c8-4c23-a990-0556c1b2e11a/datanode-2/data/ratis] (custom)
2022-11-24 06:38:29,746 [Listener at 127.0.0.1/43781] INFO  server.XceiverServerGrpc (XceiverServerGrpc.java:<init>(132)) - GrpcServer channel type EpollServerSocketChannel
2022-11-24 06:38:29,755 [Listener at 127.0.0.1/43781] INFO  http.BaseHttpServer (BaseHttpServer.java:newHttpServer2BuilderForOzone(213)) - Starting Web-server for hddsDatanode at: http://0.0.0.0:0
2022-11-24 06:38:29,755 [Listener at 127.0.0.1/43781] INFO  http.BaseHttpServer (BaseHttpServer.java:<init>(108)) - Hadoop Security Enabled: false Ozone Security Enabled: false Ozone HTTP Security Enabled: false 
2022-11-24 06:38:29,756 [Listener at 127.0.0.1/43781] WARN  server.AuthenticationFilter (AuthenticationFilter.java:constructSecretProvider(240)) - Unable to initialize FileSignerSecretProvider, falling back to use random secrets. Reason: Could not read signature secret file: /home/runner/hadoop-http-auth-signature-secret
2022-11-24 06:38:29,757 [Listener at 127.0.0.1/43781] WARN  http.HttpRequestLog (HttpRequestLog.java:getRequestLog(103)) - Jetty request log can only be enabled using Log4j
2022-11-24 06:38:29,759 [Listener at 127.0.0.1/43781] INFO  http.HttpServer2 (HttpServer2.java:addGlobalFilter(1031)) - Added global filter 'safety' (class=org.apache.hadoop.hdds.server.http.HttpServer2$QuotingInputFilter)
2022-11-24 06:38:29,760 [Listener at 127.0.0.1/43781] INFO  http.HttpServer2 (HttpServer2.java:addFilter(1007)) - Added filter static_user_filter (class=org.apache.hadoop.http.lib.StaticUserWebFilter$StaticUserFilter) to context hddsDatanode
2022-11-24 06:38:29,760 [Listener at 127.0.0.1/43781] INFO  http.HttpServer2 (HttpServer2.java:addFilter(1015)) - Added filter static_user_filter (class=org.apache.hadoop.http.lib.StaticUserWebFilter$StaticUserFilter) to context static
2022-11-24 06:38:29,761 [Listener at 127.0.0.1/43781] INFO  http.HttpServer2 (HttpServer2.java:addFilter(1015)) - Added filter static_user_filter (class=org.apache.hadoop.http.lib.StaticUserWebFilter$StaticUserFilter) to context logs
2022-11-24 06:38:29,761 [Listener at 127.0.0.1/43781] INFO  http.HttpServer2 (HttpServer2.java:bindListener(1250)) - Jetty bound to port 44363
2022-11-24 06:38:29,762 [Listener at 127.0.0.1/43781] INFO  server.Server (Server.java:doStart(375)) - jetty-9.4.49.v20220914; built: 2022-09-14T01:07:36.601Z; git: 4231a3b2e4cb8548a412a789936d640a97b1aa0a; jvm 1.8.0_345-b01
2022-11-24 06:38:29,771 [Listener at 127.0.0.1/43781] INFO  server.session (DefaultSessionIdManager.java:doStart(334)) - DefaultSessionIdManager workerName=node0
2022-11-24 06:38:29,771 [Listener at 127.0.0.1/43781] INFO  server.session (DefaultSessionIdManager.java:doStart(339)) - No SessionScavenger set, using defaults
2022-11-24 06:38:29,772 [Listener at 127.0.0.1/43781] INFO  server.session (HouseKeeper.java:startScavenging(132)) - node0 Scavenging every 660000ms
2022-11-24 06:38:29,773 [Listener at 127.0.0.1/43781] INFO  handler.ContextHandler (ContextHandler.java:doStart(921)) - Started o.e.j.s.ServletContextHandler@5861c89{logs,/logs,file:///home/runner/work/ozone/ozone/hadoop-ozone/integration-test/target/log,AVAILABLE}
2022-11-24 06:38:29,774 [Listener at 127.0.0.1/43781] INFO  handler.ContextHandler (ContextHandler.java:doStart(921)) - Started o.e.j.s.ServletContextHandler@6c1c89e2{static,/static,jar:file:/home/runner/.m2/repository/org/apache/ozone/hdds-container-service/1.3.0-SNAPSHOT/hdds-container-service-1.3.0-SNAPSHOT.jar!/webapps/static,AVAILABLE}
2022-11-24 06:38:29,979 [Listener at 127.0.0.1/43781] INFO  handler.ContextHandler (ContextHandler.java:doStart(921)) - Started o.e.j.w.WebAppContext@3d223638{hddsDatanode,/,file:///tmp/jetty-0_0_0_0-44363-hdds-container-service-1_3_0-SNAPSHOT_jar-_-any-6540437983566565398/webapp/,AVAILABLE}{jar:file:/home/runner/.m2/repository/org/apache/ozone/hdds-container-service/1.3.0-SNAPSHOT/hdds-container-service-1.3.0-SNAPSHOT.jar!/webapps/hddsDatanode}
2022-11-24 06:38:29,980 [Listener at 127.0.0.1/43781] INFO  server.AbstractConnector (AbstractConnector.java:doStart(333)) - Started ServerConnector@238e788e{HTTP/1.1, (http/1.1)}{0.0.0.0:44363}
2022-11-24 06:38:29,981 [Listener at 127.0.0.1/43781] INFO  server.Server (Server.java:doStart(415)) - Started @11183ms
2022-11-24 06:38:29,981 [Listener at 127.0.0.1/43781] WARN  impl.MetricsSystemImpl (MetricsSystemImpl.java:register(279)) - Sink prometheus already exists!
2022-11-24 06:38:29,982 [Listener at 127.0.0.1/43781] INFO  http.BaseHttpServer (BaseHttpServer.java:updateConnectorAddress(333)) - HTTP server of hddsDatanode listening at http://0.0.0.0:44363
2022-11-24 06:38:29,982 [Listener at 127.0.0.1/43781] WARN  impl.MetricRegistriesImpl (MetricRegistriesImpl.java:addReporterRegistration(111)) - New reporters are added after registries were created. Some metrics will be missing from the reporter. Please add reporter before adding any new registry.
2022-11-24 06:38:29,983 [Listener at 127.0.0.1/43781] WARN  impl.MetricRegistriesImpl (MetricRegistriesImpl.java:addReporterRegistration(111)) - New reporters are added after registries were created. Some metrics will be missing from the reporter. Please add reporter before adding any new registry.
2022-11-24 06:38:29,983 [Listener at 127.0.0.1/43781] INFO  impl.MetricsSystemImpl (MetricsSystemImpl.java:init(158)) - HddsDatanode metrics system started (again)
2022-11-24 06:38:29,983 [Datanode State Machine Daemon Thread] INFO  statemachine.DatanodeStateMachine (DatanodeStateMachine.java:lambda$startDaemon$0(505)) - Ozone container server started.
2022-11-24 06:38:29,996 [Listener at 127.0.0.1/43781] INFO  ozone.HddsDatanodeService (HddsDatanodeService.java:start(236)) - HddsDatanodeService host:fv-az453-211.hss2zji4abbufegd5wcf2so25h.dx.internal.cloudapp.net ip:10.1.1.33
2022-11-24 06:38:30,001 [Datanode State Machine Task Thread - 0] INFO  datanode.InitDatanodeState (InitDatanodeState.java:persistContainerDatanodeDetails(138)) - DatanodeDetails is persisted to /home/runner/work/ozone/ozone/hadoop-ozone/integration-test/target/test-dir/MiniOzoneClusterImpl-3ca4de4a-72c8-4c23-a990-0556c1b2e11a/datanode-2/meta/datanode.id
2022-11-24 06:38:30,001 [org.apache.hadoop.util.JvmPauseMonitor$Monitor@21603d1b] INFO  util.JvmPauseMonitor (JvmPauseMonitor.java:run(188)) - Starting JVM pause monitor
2022-11-24 06:38:30,035 [Listener at 127.0.0.1/43781] INFO  upgrade.AbstractLayoutVersionManager (AbstractLayoutVersionManager.java:init(83)) - Initializing Layout version manager with metadata layout = DATANODE_SCHEMA_V3 (version = 4), software layout = DATANODE_SCHEMA_V3 (version = 4)
2022-11-24 06:38:30,098 [Listener at 127.0.0.1/43781] INFO  reflections.Reflections (Reflections.java:scan(232)) - Reflections took 58 ms to scan 7 urls, producing 140 keys and 342 values 
2022-11-24 06:38:30,102 [Listener at 127.0.0.1/43781] INFO  statemachine.DatanodeStateMachine (DatanodeStateMachine.java:getEndPointTaskThreadPoolSize(245)) - Datanode State Machine Task Thread Pool size 2
2022-11-24 06:38:30,108 [Listener at 127.0.0.1/43781] INFO  volume.HddsVolume (HddsVolume.java:<init>(117)) - Creating HddsVolume: /home/runner/work/ozone/ozone/hadoop-ozone/integration-test/target/test-dir/MiniOzoneClusterImpl-3ca4de4a-72c8-4c23-a990-0556c1b2e11a/datanode-3/data-0/containers/hdds of storage type : DISK capacity : 9223372036854775807
2022-11-24 06:38:30,109 [Listener at 127.0.0.1/43781] INFO  volume.MutableVolumeSet (MutableVolumeSet.java:initializeVolumeSet(174)) - Added Volume : /home/runner/work/ozone/ozone/hadoop-ozone/integration-test/target/test-dir/MiniOzoneClusterImpl-3ca4de4a-72c8-4c23-a990-0556c1b2e11a/datanode-3/data-0/containers/hdds to VolumeSet
2022-11-24 06:38:30,112 [Listener at 127.0.0.1/43781] INFO  volume.ThrottledAsyncChecker (ThrottledAsyncChecker.java:schedule(141)) - Scheduling a check for /home/runner/work/ozone/ozone/hadoop-ozone/integration-test/target/test-dir/MiniOzoneClusterImpl-3ca4de4a-72c8-4c23-a990-0556c1b2e11a/datanode-3/data-0/containers/hdds
2022-11-24 06:38:30,116 [Listener at 127.0.0.1/43781] INFO  volume.StorageVolumeChecker (StorageVolumeChecker.java:checkAllVolumes(202)) - Scheduled health check for volume /home/runner/work/ozone/ozone/hadoop-ozone/integration-test/target/test-dir/MiniOzoneClusterImpl-3ca4de4a-72c8-4c23-a990-0556c1b2e11a/datanode-3/data-0/containers/hdds
2022-11-24 06:38:30,129 [Listener at 127.0.0.1/43781] INFO  volume.MutableVolumeSet (MutableVolumeSet.java:initializeVolumeSet(174)) - Added Volume : /home/runner/work/ozone/ozone/hadoop-ozone/integration-test/target/test-dir/MiniOzoneClusterImpl-3ca4de4a-72c8-4c23-a990-0556c1b2e11a/datanode-3/data/ratis to VolumeSet
2022-11-24 06:38:30,129 [Listener at 127.0.0.1/43781] INFO  volume.ThrottledAsyncChecker (ThrottledAsyncChecker.java:schedule(141)) - Scheduling a check for /home/runner/work/ozone/ozone/hadoop-ozone/integration-test/target/test-dir/MiniOzoneClusterImpl-3ca4de4a-72c8-4c23-a990-0556c1b2e11a/datanode-3/data/ratis
2022-11-24 06:38:30,129 [Listener at 127.0.0.1/43781] INFO  volume.StorageVolumeChecker (StorageVolumeChecker.java:checkAllVolumes(202)) - Scheduled health check for volume /home/runner/work/ozone/ozone/hadoop-ozone/integration-test/target/test-dir/MiniOzoneClusterImpl-3ca4de4a-72c8-4c23-a990-0556c1b2e11a/datanode-3/data/ratis
2022-11-24 06:38:30,141 [Thread-177] INFO  ozoneimpl.ContainerReader (ContainerReader.java:readVolume(175)) - Finish verifying containers on volume /home/runner/work/ozone/ozone/hadoop-ozone/integration-test/target/test-dir/MiniOzoneClusterImpl-3ca4de4a-72c8-4c23-a990-0556c1b2e11a/datanode-3/data-0/containers/hdds
2022-11-24 06:38:30,141 [Listener at 127.0.0.1/43781] INFO  ozoneimpl.OzoneContainer (OzoneContainer.java:buildContainerSet(301)) - Build ContainerSet costs 0s
2022-11-24 06:38:30,145 [Listener at 127.0.0.1/43781] INFO  server.RaftServer (ConfUtils.java:logGet(46)) - raft.rpc.type = GRPC (default)
2022-11-24 06:38:30,146 [Listener at 127.0.0.1/43781] INFO  grpc.GrpcConfigKeys (ConfUtils.java:logFallback(53)) - raft.grpc.admin.host = null (fallback to raft.grpc.server.host)
2022-11-24 06:38:30,146 [Listener at 127.0.0.1/43781] INFO  grpc.GrpcConfigKeys (ConfUtils.java:logGet(46)) - raft.grpc.admin.port = 0 (custom)
2022-11-24 06:38:30,146 [Listener at 127.0.0.1/43781] INFO  grpc.GrpcConfigKeys (ConfUtils.java:logFallback(53)) - raft.grpc.client.host = null (fallback to raft.grpc.server.host)
2022-11-24 06:38:30,146 [Listener at 127.0.0.1/43781] INFO  grpc.GrpcConfigKeys (ConfUtils.java:logGet(46)) - raft.grpc.client.port = 0 (custom)
2022-11-24 06:38:30,146 [Listener at 127.0.0.1/43781] INFO  grpc.GrpcConfigKeys (ConfUtils.java:logGet(46)) - raft.grpc.server.host = null (default)
2022-11-24 06:38:30,147 [Listener at 127.0.0.1/43781] INFO  grpc.GrpcConfigKeys (ConfUtils.java:logGet(46)) - raft.grpc.server.port = 0 (default)
2022-11-24 06:38:30,148 [Listener at 127.0.0.1/43781] INFO  server.GrpcService (ConfUtils.java:logGet(46)) - raft.grpc.message.size.max = 32MB (=33554432) (custom)
2022-11-24 06:38:30,148 [Listener at 127.0.0.1/43781] INFO  server.RaftServerConfigKeys (ConfUtils.java:logGet(46)) - raft.server.log.appender.buffer.byte-limit = 33554432 (custom)
2022-11-24 06:38:30,148 [Listener at 127.0.0.1/43781] INFO  server.GrpcService (ConfUtils.java:logGet(46)) - raft.grpc.flow.control.window = 5MB (=5242880) (custom)
2022-11-24 06:38:30,149 [Listener at 127.0.0.1/43781] INFO  server.RaftServerConfigKeys (ConfUtils.java:logGet(46)) - raft.server.rpc.request.timeout = 60s (custom)
2022-11-24 06:38:30,149 [Listener at 127.0.0.1/43781] INFO  grpc.GrpcConfigKeys (ConfUtils.java:logGet(46)) - raft.grpc.server.heartbeat.channel = true (default)
2022-11-24 06:38:30,149 [Listener at 127.0.0.1/43781] INFO  grpc.GrpcConfigKeys (ConfUtils.java:logGet(46)) - raft.grpc.server.async.request.thread.pool.cached = true (default)
2022-11-24 06:38:30,149 [Listener at 127.0.0.1/43781] INFO  grpc.GrpcConfigKeys (ConfUtils.java:logGet(46)) - raft.grpc.server.async.request.thread.pool.size = 32 (default)
2022-11-24 06:38:30,151 [Listener at 127.0.0.1/43781] INFO  impl.DataStreamServerImpl (ConfUtils.java:logGet(46)) - raft.datastream.type = DISABLED (default)
2022-11-24 06:38:30,151 [Listener at 127.0.0.1/43781] INFO  server.RaftServerConfigKeys (ConfUtils.java:logGet(46)) - raft.server.threadpool.proxy.cached = true (default)
2022-11-24 06:38:30,151 [Listener at 127.0.0.1/43781] INFO  server.RaftServerConfigKeys (ConfUtils.java:logGet(46)) - raft.server.threadpool.proxy.size = 0 (default)
2022-11-24 06:38:30,151 [Listener at 127.0.0.1/43781] INFO  server.RaftServerConfigKeys (ConfUtils.java:logGet(46)) - raft.server.rpc.slowness.timeout = 300s (custom)
2022-11-24 06:38:30,151 [Listener at 127.0.0.1/43781] INFO  server.RaftServerConfigKeys (ConfUtils.java:logGet(46)) - raft.server.leaderelection.leader.step-down.wait-time = 10s (default)
2022-11-24 06:38:30,152 [Listener at 127.0.0.1/43781] INFO  server.RaftServerConfigKeys (ConfUtils.java:logGet(46)) - raft.server.storage.dir = [/home/runner/work/ozone/ozone/hadoop-ozone/integration-test/target/test-dir/MiniOzoneClusterImpl-3ca4de4a-72c8-4c23-a990-0556c1b2e11a/datanode-3/data/ratis] (custom)
2022-11-24 06:38:30,153 [Listener at 127.0.0.1/43781] INFO  server.XceiverServerGrpc (XceiverServerGrpc.java:<init>(132)) - GrpcServer channel type EpollServerSocketChannel
2022-11-24 06:38:30,160 [Listener at 127.0.0.1/43781] INFO  http.BaseHttpServer (BaseHttpServer.java:newHttpServer2BuilderForOzone(213)) - Starting Web-server for hddsDatanode at: http://0.0.0.0:0
2022-11-24 06:38:30,160 [Listener at 127.0.0.1/43781] INFO  http.BaseHttpServer (BaseHttpServer.java:<init>(108)) - Hadoop Security Enabled: false Ozone Security Enabled: false Ozone HTTP Security Enabled: false 
2022-11-24 06:38:30,162 [Listener at 127.0.0.1/43781] WARN  server.AuthenticationFilter (AuthenticationFilter.java:constructSecretProvider(240)) - Unable to initialize FileSignerSecretProvider, falling back to use random secrets. Reason: Could not read signature secret file: /home/runner/hadoop-http-auth-signature-secret
2022-11-24 06:38:30,166 [Listener at 127.0.0.1/43781] WARN  http.HttpRequestLog (HttpRequestLog.java:getRequestLog(103)) - Jetty request log can only be enabled using Log4j
2022-11-24 06:38:30,167 [Listener at 127.0.0.1/43781] INFO  http.HttpServer2 (HttpServer2.java:addGlobalFilter(1031)) - Added global filter 'safety' (class=org.apache.hadoop.hdds.server.http.HttpServer2$QuotingInputFilter)
2022-11-24 06:38:30,169 [Listener at 127.0.0.1/43781] INFO  http.HttpServer2 (HttpServer2.java:addFilter(1007)) - Added filter static_user_filter (class=org.apache.hadoop.http.lib.StaticUserWebFilter$StaticUserFilter) to context hddsDatanode
2022-11-24 06:38:30,170 [Listener at 127.0.0.1/43781] INFO  http.HttpServer2 (HttpServer2.java:addFilter(1015)) - Added filter static_user_filter (class=org.apache.hadoop.http.lib.StaticUserWebFilter$StaticUserFilter) to context logs
2022-11-24 06:38:30,170 [Listener at 127.0.0.1/43781] INFO  http.HttpServer2 (HttpServer2.java:addFilter(1015)) - Added filter static_user_filter (class=org.apache.hadoop.http.lib.StaticUserWebFilter$StaticUserFilter) to context static
2022-11-24 06:38:30,174 [Listener at 127.0.0.1/43781] INFO  http.HttpServer2 (HttpServer2.java:bindListener(1250)) - Jetty bound to port 35997
2022-11-24 06:38:30,175 [Listener at 127.0.0.1/43781] INFO  server.Server (Server.java:doStart(375)) - jetty-9.4.49.v20220914; built: 2022-09-14T01:07:36.601Z; git: 4231a3b2e4cb8548a412a789936d640a97b1aa0a; jvm 1.8.0_345-b01
2022-11-24 06:38:30,178 [Listener at 127.0.0.1/43781] INFO  server.session (DefaultSessionIdManager.java:doStart(334)) - DefaultSessionIdManager workerName=node0
2022-11-24 06:38:30,179 [Listener at 127.0.0.1/43781] INFO  server.session (DefaultSessionIdManager.java:doStart(339)) - No SessionScavenger set, using defaults
2022-11-24 06:38:30,179 [Listener at 127.0.0.1/43781] INFO  server.session (HouseKeeper.java:startScavenging(132)) - node0 Scavenging every 600000ms
2022-11-24 06:38:30,180 [Listener at 127.0.0.1/43781] INFO  handler.ContextHandler (ContextHandler.java:doStart(921)) - Started o.e.j.s.ServletContextHandler@59489572{logs,/logs,file:///home/runner/work/ozone/ozone/hadoop-ozone/integration-test/target/log,AVAILABLE}
2022-11-24 06:38:30,180 [Listener at 127.0.0.1/43781] INFO  handler.ContextHandler (ContextHandler.java:doStart(921)) - Started o.e.j.s.ServletContextHandler@41bb9bf6{static,/static,jar:file:/home/runner/.m2/repository/org/apache/ozone/hdds-container-service/1.3.0-SNAPSHOT/hdds-container-service-1.3.0-SNAPSHOT.jar!/webapps/static,AVAILABLE}
2022-11-24 06:38:30,375 [Listener at 127.0.0.1/43781] INFO  handler.ContextHandler (ContextHandler.java:doStart(921)) - Started o.e.j.w.WebAppContext@58f6de19{hddsDatanode,/,file:///tmp/jetty-0_0_0_0-35997-hdds-container-service-1_3_0-SNAPSHOT_jar-_-any-8000695507650585203/webapp/,AVAILABLE}{jar:file:/home/runner/.m2/repository/org/apache/ozone/hdds-container-service/1.3.0-SNAPSHOT/hdds-container-service-1.3.0-SNAPSHOT.jar!/webapps/hddsDatanode}
2022-11-24 06:38:30,379 [Listener at 127.0.0.1/43781] INFO  server.AbstractConnector (AbstractConnector.java:doStart(333)) - Started ServerConnector@504b0a70{HTTP/1.1, (http/1.1)}{0.0.0.0:35997}
2022-11-24 06:38:30,380 [Listener at 127.0.0.1/43781] INFO  server.Server (Server.java:doStart(415)) - Started @11582ms
2022-11-24 06:38:30,381 [Listener at 127.0.0.1/43781] WARN  impl.MetricsSystemImpl (MetricsSystemImpl.java:register(279)) - Sink prometheus already exists!
2022-11-24 06:38:30,382 [Listener at 127.0.0.1/43781] INFO  http.BaseHttpServer (BaseHttpServer.java:updateConnectorAddress(333)) - HTTP server of hddsDatanode listening at http://0.0.0.0:35997
2022-11-24 06:38:30,383 [Listener at 127.0.0.1/43781] WARN  impl.MetricRegistriesImpl (MetricRegistriesImpl.java:addReporterRegistration(111)) - New reporters are added after registries were created. Some metrics will be missing from the reporter. Please add reporter before adding any new registry.
2022-11-24 06:38:30,383 [Listener at 127.0.0.1/43781] WARN  impl.MetricRegistriesImpl (MetricRegistriesImpl.java:addReporterRegistration(111)) - New reporters are added after registries were created. Some metrics will be missing from the reporter. Please add reporter before adding any new registry.
2022-11-24 06:38:30,383 [Listener at 127.0.0.1/43781] INFO  impl.MetricsSystemImpl (MetricsSystemImpl.java:init(158)) - HddsDatanode metrics system started (again)
2022-11-24 06:38:30,396 [Listener at 127.0.0.1/43781] INFO  ozone.HddsDatanodeService (HddsDatanodeService.java:start(236)) - HddsDatanodeService host:fv-az453-211.hss2zji4abbufegd5wcf2so25h.dx.internal.cloudapp.net ip:10.1.1.33
2022-11-24 06:38:30,397 [Datanode State Machine Daemon Thread] INFO  statemachine.DatanodeStateMachine (DatanodeStateMachine.java:lambda$startDaemon$0(505)) - Ozone container server started.
2022-11-24 06:38:30,417 [org.apache.hadoop.util.JvmPauseMonitor$Monitor@66d95066] INFO  util.JvmPauseMonitor (JvmPauseMonitor.java:run(188)) - Starting JVM pause monitor
2022-11-24 06:38:30,423 [Datanode State Machine Task Thread - 0] INFO  datanode.InitDatanodeState (InitDatanodeState.java:persistContainerDatanodeDetails(138)) - DatanodeDetails is persisted to /home/runner/work/ozone/ozone/hadoop-ozone/integration-test/target/test-dir/MiniOzoneClusterImpl-3ca4de4a-72c8-4c23-a990-0556c1b2e11a/datanode-3/meta/datanode.id
2022-11-24 06:38:30,431 [Listener at 127.0.0.1/43781] INFO  upgrade.AbstractLayoutVersionManager (AbstractLayoutVersionManager.java:init(83)) - Initializing Layout version manager with metadata layout = DATANODE_SCHEMA_V3 (version = 4), software layout = DATANODE_SCHEMA_V3 (version = 4)
2022-11-24 06:38:30,485 [Listener at 127.0.0.1/43781] INFO  reflections.Reflections (Reflections.java:scan(232)) - Reflections took 52 ms to scan 7 urls, producing 140 keys and 342 values 
2022-11-24 06:38:30,487 [Listener at 127.0.0.1/43781] INFO  statemachine.DatanodeStateMachine (DatanodeStateMachine.java:getEndPointTaskThreadPoolSize(245)) - Datanode State Machine Task Thread Pool size 2
2022-11-24 06:38:30,489 [Listener at 127.0.0.1/43781] INFO  volume.HddsVolume (HddsVolume.java:<init>(117)) - Creating HddsVolume: /home/runner/work/ozone/ozone/hadoop-ozone/integration-test/target/test-dir/MiniOzoneClusterImpl-3ca4de4a-72c8-4c23-a990-0556c1b2e11a/datanode-4/data-0/containers/hdds of storage type : DISK capacity : 9223372036854775807
2022-11-24 06:38:30,489 [Listener at 127.0.0.1/43781] INFO  volume.MutableVolumeSet (MutableVolumeSet.java:initializeVolumeSet(174)) - Added Volume : /home/runner/work/ozone/ozone/hadoop-ozone/integration-test/target/test-dir/MiniOzoneClusterImpl-3ca4de4a-72c8-4c23-a990-0556c1b2e11a/datanode-4/data-0/containers/hdds to VolumeSet
2022-11-24 06:38:30,489 [Listener at 127.0.0.1/43781] INFO  volume.ThrottledAsyncChecker (ThrottledAsyncChecker.java:schedule(141)) - Scheduling a check for /home/runner/work/ozone/ozone/hadoop-ozone/integration-test/target/test-dir/MiniOzoneClusterImpl-3ca4de4a-72c8-4c23-a990-0556c1b2e11a/datanode-4/data-0/containers/hdds
2022-11-24 06:38:30,490 [Listener at 127.0.0.1/43781] INFO  volume.StorageVolumeChecker (StorageVolumeChecker.java:checkAllVolumes(202)) - Scheduled health check for volume /home/runner/work/ozone/ozone/hadoop-ozone/integration-test/target/test-dir/MiniOzoneClusterImpl-3ca4de4a-72c8-4c23-a990-0556c1b2e11a/datanode-4/data-0/containers/hdds
2022-11-24 06:38:30,504 [Listener at 127.0.0.1/43781] INFO  volume.MutableVolumeSet (MutableVolumeSet.java:initializeVolumeSet(174)) - Added Volume : /home/runner/work/ozone/ozone/hadoop-ozone/integration-test/target/test-dir/MiniOzoneClusterImpl-3ca4de4a-72c8-4c23-a990-0556c1b2e11a/datanode-4/data/ratis to VolumeSet
2022-11-24 06:38:30,504 [Listener at 127.0.0.1/43781] INFO  volume.ThrottledAsyncChecker (ThrottledAsyncChecker.java:schedule(141)) - Scheduling a check for /home/runner/work/ozone/ozone/hadoop-ozone/integration-test/target/test-dir/MiniOzoneClusterImpl-3ca4de4a-72c8-4c23-a990-0556c1b2e11a/datanode-4/data/ratis
2022-11-24 06:38:30,505 [Listener at 127.0.0.1/43781] INFO  volume.StorageVolumeChecker (StorageVolumeChecker.java:checkAllVolumes(202)) - Scheduled health check for volume /home/runner/work/ozone/ozone/hadoop-ozone/integration-test/target/test-dir/MiniOzoneClusterImpl-3ca4de4a-72c8-4c23-a990-0556c1b2e11a/datanode-4/data/ratis
2022-11-24 06:38:30,517 [Thread-190] INFO  ozoneimpl.ContainerReader (ContainerReader.java:readVolume(175)) - Finish verifying containers on volume /home/runner/work/ozone/ozone/hadoop-ozone/integration-test/target/test-dir/MiniOzoneClusterImpl-3ca4de4a-72c8-4c23-a990-0556c1b2e11a/datanode-4/data-0/containers/hdds
2022-11-24 06:38:30,517 [Listener at 127.0.0.1/43781] INFO  ozoneimpl.OzoneContainer (OzoneContainer.java:buildContainerSet(301)) - Build ContainerSet costs 0s
2022-11-24 06:38:30,533 [Listener at 127.0.0.1/43781] INFO  server.RaftServer (ConfUtils.java:logGet(46)) - raft.rpc.type = GRPC (default)
2022-11-24 06:38:30,534 [Listener at 127.0.0.1/43781] INFO  grpc.GrpcConfigKeys (ConfUtils.java:logFallback(53)) - raft.grpc.admin.host = null (fallback to raft.grpc.server.host)
2022-11-24 06:38:30,535 [Listener at 127.0.0.1/43781] INFO  grpc.GrpcConfigKeys (ConfUtils.java:logGet(46)) - raft.grpc.admin.port = 0 (custom)
2022-11-24 06:38:30,535 [Listener at 127.0.0.1/43781] INFO  grpc.GrpcConfigKeys (ConfUtils.java:logFallback(53)) - raft.grpc.client.host = null (fallback to raft.grpc.server.host)
2022-11-24 06:38:30,535 [Listener at 127.0.0.1/43781] INFO  grpc.GrpcConfigKeys (ConfUtils.java:logGet(46)) - raft.grpc.client.port = 0 (custom)
2022-11-24 06:38:30,535 [Listener at 127.0.0.1/43781] INFO  grpc.GrpcConfigKeys (ConfUtils.java:logGet(46)) - raft.grpc.server.host = null (default)
2022-11-24 06:38:30,537 [Listener at 127.0.0.1/43781] INFO  grpc.GrpcConfigKeys (ConfUtils.java:logGet(46)) - raft.grpc.server.port = 0 (default)
2022-11-24 06:38:30,538 [Listener at 127.0.0.1/43781] INFO  server.GrpcService (ConfUtils.java:logGet(46)) - raft.grpc.message.size.max = 32MB (=33554432) (custom)
2022-11-24 06:38:30,543 [Listener at 127.0.0.1/43781] INFO  server.RaftServerConfigKeys (ConfUtils.java:logGet(46)) - raft.server.log.appender.buffer.byte-limit = 33554432 (custom)
2022-11-24 06:38:30,543 [Listener at 127.0.0.1/43781] INFO  server.GrpcService (ConfUtils.java:logGet(46)) - raft.grpc.flow.control.window = 5MB (=5242880) (custom)
2022-11-24 06:38:30,544 [Listener at 127.0.0.1/43781] INFO  server.RaftServerConfigKeys (ConfUtils.java:logGet(46)) - raft.server.rpc.request.timeout = 60s (custom)
2022-11-24 06:38:30,544 [Listener at 127.0.0.1/43781] INFO  grpc.GrpcConfigKeys (ConfUtils.java:logGet(46)) - raft.grpc.server.heartbeat.channel = true (default)
2022-11-24 06:38:30,544 [Listener at 127.0.0.1/43781] INFO  grpc.GrpcConfigKeys (ConfUtils.java:logGet(46)) - raft.grpc.server.async.request.thread.pool.cached = true (default)
2022-11-24 06:38:30,544 [Listener at 127.0.0.1/43781] INFO  grpc.GrpcConfigKeys (ConfUtils.java:logGet(46)) - raft.grpc.server.async.request.thread.pool.size = 32 (default)
2022-11-24 06:38:30,546 [Listener at 127.0.0.1/43781] INFO  impl.DataStreamServerImpl (ConfUtils.java:logGet(46)) - raft.datastream.type = DISABLED (default)
2022-11-24 06:38:30,546 [Listener at 127.0.0.1/43781] INFO  server.RaftServerConfigKeys (ConfUtils.java:logGet(46)) - raft.server.threadpool.proxy.cached = true (default)
2022-11-24 06:38:30,546 [Listener at 127.0.0.1/43781] INFO  server.RaftServerConfigKeys (ConfUtils.java:logGet(46)) - raft.server.threadpool.proxy.size = 0 (default)
2022-11-24 06:38:30,547 [Listener at 127.0.0.1/43781] INFO  server.RaftServerConfigKeys (ConfUtils.java:logGet(46)) - raft.server.rpc.slowness.timeout = 300s (custom)
2022-11-24 06:38:30,547 [Listener at 127.0.0.1/43781] INFO  server.RaftServerConfigKeys (ConfUtils.java:logGet(46)) - raft.server.leaderelection.leader.step-down.wait-time = 10s (default)
2022-11-24 06:38:30,547 [Listener at 127.0.0.1/43781] INFO  server.RaftServerConfigKeys (ConfUtils.java:logGet(46)) - raft.server.storage.dir = [/home/runner/work/ozone/ozone/hadoop-ozone/integration-test/target/test-dir/MiniOzoneClusterImpl-3ca4de4a-72c8-4c23-a990-0556c1b2e11a/datanode-4/data/ratis] (custom)
2022-11-24 06:38:30,549 [Listener at 127.0.0.1/43781] INFO  server.XceiverServerGrpc (XceiverServerGrpc.java:<init>(132)) - GrpcServer channel type EpollServerSocketChannel
2022-11-24 06:38:30,555 [Listener at 127.0.0.1/43781] INFO  http.BaseHttpServer (BaseHttpServer.java:newHttpServer2BuilderForOzone(213)) - Starting Web-server for hddsDatanode at: http://0.0.0.0:0
2022-11-24 06:38:30,555 [Listener at 127.0.0.1/43781] INFO  http.BaseHttpServer (BaseHttpServer.java:<init>(108)) - Hadoop Security Enabled: false Ozone Security Enabled: false Ozone HTTP Security Enabled: false 
2022-11-24 06:38:30,557 [Listener at 127.0.0.1/43781] WARN  server.AuthenticationFilter (AuthenticationFilter.java:constructSecretProvider(240)) - Unable to initialize FileSignerSecretProvider, falling back to use random secrets. Reason: Could not read signature secret file: /home/runner/hadoop-http-auth-signature-secret
2022-11-24 06:38:30,559 [Listener at 127.0.0.1/43781] WARN  http.HttpRequestLog (HttpRequestLog.java:getRequestLog(103)) - Jetty request log can only be enabled using Log4j
2022-11-24 06:38:30,560 [Listener at 127.0.0.1/43781] INFO  http.HttpServer2 (HttpServer2.java:addGlobalFilter(1031)) - Added global filter 'safety' (class=org.apache.hadoop.hdds.server.http.HttpServer2$QuotingInputFilter)
2022-11-24 06:38:30,561 [Listener at 127.0.0.1/43781] INFO  http.HttpServer2 (HttpServer2.java:addFilter(1007)) - Added filter static_user_filter (class=org.apache.hadoop.http.lib.StaticUserWebFilter$StaticUserFilter) to context hddsDatanode
2022-11-24 06:38:30,561 [Listener at 127.0.0.1/43781] INFO  http.HttpServer2 (HttpServer2.java:addFilter(1015)) - Added filter static_user_filter (class=org.apache.hadoop.http.lib.StaticUserWebFilter$StaticUserFilter) to context static
2022-11-24 06:38:30,562 [Listener at 127.0.0.1/43781] INFO  http.HttpServer2 (HttpServer2.java:addFilter(1015)) - Added filter static_user_filter (class=org.apache.hadoop.http.lib.StaticUserWebFilter$StaticUserFilter) to context logs
2022-11-24 06:38:30,562 [Listener at 127.0.0.1/43781] INFO  http.HttpServer2 (HttpServer2.java:bindListener(1250)) - Jetty bound to port 34719
2022-11-24 06:38:30,563 [Listener at 127.0.0.1/43781] INFO  server.Server (Server.java:doStart(375)) - jetty-9.4.49.v20220914; built: 2022-09-14T01:07:36.601Z; git: 4231a3b2e4cb8548a412a789936d640a97b1aa0a; jvm 1.8.0_345-b01
2022-11-24 06:38:30,564 [Listener at 127.0.0.1/43781] INFO  server.session (DefaultSessionIdManager.java:doStart(334)) - DefaultSessionIdManager workerName=node0
2022-11-24 06:38:30,565 [Listener at 127.0.0.1/43781] INFO  server.session (DefaultSessionIdManager.java:doStart(339)) - No SessionScavenger set, using defaults
2022-11-24 06:38:30,565 [Listener at 127.0.0.1/43781] INFO  server.session (HouseKeeper.java:startScavenging(132)) - node0 Scavenging every 600000ms
2022-11-24 06:38:30,568 [Listener at 127.0.0.1/43781] INFO  handler.ContextHandler (ContextHandler.java:doStart(921)) - Started o.e.j.s.ServletContextHandler@1501b99a{logs,/logs,file:///home/runner/work/ozone/ozone/hadoop-ozone/integration-test/target/log,AVAILABLE}
2022-11-24 06:38:30,568 [Listener at 127.0.0.1/43781] INFO  handler.ContextHandler (ContextHandler.java:doStart(921)) - Started o.e.j.s.ServletContextHandler@5b08a421{static,/static,jar:file:/home/runner/.m2/repository/org/apache/ozone/hdds-container-service/1.3.0-SNAPSHOT/hdds-container-service-1.3.0-SNAPSHOT.jar!/webapps/static,AVAILABLE}
2022-11-24 06:38:30,765 [Listener at 127.0.0.1/43781] INFO  handler.ContextHandler (ContextHandler.java:doStart(921)) - Started o.e.j.w.WebAppContext@e5d4db4{hddsDatanode,/,file:///tmp/jetty-0_0_0_0-34719-hdds-container-service-1_3_0-SNAPSHOT_jar-_-any-6716835849202583067/webapp/,AVAILABLE}{jar:file:/home/runner/.m2/repository/org/apache/ozone/hdds-container-service/1.3.0-SNAPSHOT/hdds-container-service-1.3.0-SNAPSHOT.jar!/webapps/hddsDatanode}
2022-11-24 06:38:30,767 [Listener at 127.0.0.1/43781] INFO  server.AbstractConnector (AbstractConnector.java:doStart(333)) - Started ServerConnector@5db93afa{HTTP/1.1, (http/1.1)}{0.0.0.0:34719}
2022-11-24 06:38:30,767 [Listener at 127.0.0.1/43781] INFO  server.Server (Server.java:doStart(415)) - Started @11970ms
2022-11-24 06:38:30,767 [Listener at 127.0.0.1/43781] WARN  impl.MetricsSystemImpl (MetricsSystemImpl.java:register(279)) - Sink prometheus already exists!
2022-11-24 06:38:30,768 [Listener at 127.0.0.1/43781] INFO  http.BaseHttpServer (BaseHttpServer.java:updateConnectorAddress(333)) - HTTP server of hddsDatanode listening at http://0.0.0.0:34719
2022-11-24 06:38:30,769 [Datanode State Machine Daemon Thread] INFO  statemachine.DatanodeStateMachine (DatanodeStateMachine.java:lambda$startDaemon$0(505)) - Ozone container server started.
2022-11-24 06:38:30,779 [Listener at 127.0.0.1/43781] WARN  impl.MetricRegistriesImpl (MetricRegistriesImpl.java:addReporterRegistration(111)) - New reporters are added after registries were created. Some metrics will be missing from the reporter. Please add reporter before adding any new registry.
2022-11-24 06:38:30,779 [Listener at 127.0.0.1/43781] WARN  impl.MetricRegistriesImpl (MetricRegistriesImpl.java:addReporterRegistration(111)) - New reporters are added after registries were created. Some metrics will be missing from the reporter. Please add reporter before adding any new registry.
2022-11-24 06:38:30,779 [Listener at 127.0.0.1/43781] INFO  impl.MetricsSystemImpl (MetricsSystemImpl.java:init(158)) - HddsDatanode metrics system started (again)
2022-11-24 06:38:30,793 [Listener at 127.0.0.1/43781] INFO  ozone.HddsDatanodeService (HddsDatanodeService.java:start(236)) - HddsDatanodeService host:fv-az453-211.hss2zji4abbufegd5wcf2so25h.dx.internal.cloudapp.net ip:10.1.1.33
2022-11-24 06:38:30,794 [org.apache.hadoop.util.JvmPauseMonitor$Monitor@1d4298b9] INFO  util.JvmPauseMonitor (JvmPauseMonitor.java:run(188)) - Starting JVM pause monitor
2022-11-24 06:38:30,804 [Datanode State Machine Task Thread - 0] INFO  datanode.InitDatanodeState (InitDatanodeState.java:persistContainerDatanodeDetails(138)) - DatanodeDetails is persisted to /home/runner/work/ozone/ozone/hadoop-ozone/integration-test/target/test-dir/MiniOzoneClusterImpl-3ca4de4a-72c8-4c23-a990-0556c1b2e11a/datanode-4/meta/datanode.id
2022-11-24 06:38:30,822 [Listener at 127.0.0.1/43781] INFO  upgrade.AbstractLayoutVersionManager (AbstractLayoutVersionManager.java:init(83)) - Initializing Layout version manager with metadata layout = DATANODE_SCHEMA_V3 (version = 4), software layout = DATANODE_SCHEMA_V3 (version = 4)
2022-11-24 06:38:30,876 [Listener at 127.0.0.1/43781] INFO  reflections.Reflections (Reflections.java:scan(232)) - Reflections took 53 ms to scan 7 urls, producing 140 keys and 342 values 
2022-11-24 06:38:30,878 [Listener at 127.0.0.1/43781] INFO  statemachine.DatanodeStateMachine (DatanodeStateMachine.java:getEndPointTaskThreadPoolSize(245)) - Datanode State Machine Task Thread Pool size 2
2022-11-24 06:38:30,880 [Listener at 127.0.0.1/43781] INFO  volume.HddsVolume (HddsVolume.java:<init>(117)) - Creating HddsVolume: /home/runner/work/ozone/ozone/hadoop-ozone/integration-test/target/test-dir/MiniOzoneClusterImpl-3ca4de4a-72c8-4c23-a990-0556c1b2e11a/datanode-5/data-0/containers/hdds of storage type : DISK capacity : 9223372036854775807
2022-11-24 06:38:30,880 [Listener at 127.0.0.1/43781] INFO  volume.MutableVolumeSet (MutableVolumeSet.java:initializeVolumeSet(174)) - Added Volume : /home/runner/work/ozone/ozone/hadoop-ozone/integration-test/target/test-dir/MiniOzoneClusterImpl-3ca4de4a-72c8-4c23-a990-0556c1b2e11a/datanode-5/data-0/containers/hdds to VolumeSet
2022-11-24 06:38:30,881 [Listener at 127.0.0.1/43781] INFO  volume.ThrottledAsyncChecker (ThrottledAsyncChecker.java:schedule(141)) - Scheduling a check for /home/runner/work/ozone/ozone/hadoop-ozone/integration-test/target/test-dir/MiniOzoneClusterImpl-3ca4de4a-72c8-4c23-a990-0556c1b2e11a/datanode-5/data-0/containers/hdds
2022-11-24 06:38:30,883 [Listener at 127.0.0.1/43781] INFO  volume.StorageVolumeChecker (StorageVolumeChecker.java:checkAllVolumes(202)) - Scheduled health check for volume /home/runner/work/ozone/ozone/hadoop-ozone/integration-test/target/test-dir/MiniOzoneClusterImpl-3ca4de4a-72c8-4c23-a990-0556c1b2e11a/datanode-5/data-0/containers/hdds
2022-11-24 06:38:30,895 [Listener at 127.0.0.1/43781] INFO  volume.MutableVolumeSet (MutableVolumeSet.java:initializeVolumeSet(174)) - Added Volume : /home/runner/work/ozone/ozone/hadoop-ozone/integration-test/target/test-dir/MiniOzoneClusterImpl-3ca4de4a-72c8-4c23-a990-0556c1b2e11a/datanode-5/data/ratis to VolumeSet
2022-11-24 06:38:30,896 [Listener at 127.0.0.1/43781] INFO  volume.ThrottledAsyncChecker (ThrottledAsyncChecker.java:schedule(141)) - Scheduling a check for /home/runner/work/ozone/ozone/hadoop-ozone/integration-test/target/test-dir/MiniOzoneClusterImpl-3ca4de4a-72c8-4c23-a990-0556c1b2e11a/datanode-5/data/ratis
2022-11-24 06:38:30,896 [Listener at 127.0.0.1/43781] INFO  volume.StorageVolumeChecker (StorageVolumeChecker.java:checkAllVolumes(202)) - Scheduled health check for volume /home/runner/work/ozone/ozone/hadoop-ozone/integration-test/target/test-dir/MiniOzoneClusterImpl-3ca4de4a-72c8-4c23-a990-0556c1b2e11a/datanode-5/data/ratis
2022-11-24 06:38:30,908 [Thread-203] INFO  ozoneimpl.ContainerReader (ContainerReader.java:readVolume(175)) - Finish verifying containers on volume /home/runner/work/ozone/ozone/hadoop-ozone/integration-test/target/test-dir/MiniOzoneClusterImpl-3ca4de4a-72c8-4c23-a990-0556c1b2e11a/datanode-5/data-0/containers/hdds
2022-11-24 06:38:30,908 [Listener at 127.0.0.1/43781] INFO  ozoneimpl.OzoneContainer (OzoneContainer.java:buildContainerSet(301)) - Build ContainerSet costs 0s
2022-11-24 06:38:30,912 [Listener at 127.0.0.1/43781] INFO  server.RaftServer (ConfUtils.java:logGet(46)) - raft.rpc.type = GRPC (default)
2022-11-24 06:38:30,912 [Listener at 127.0.0.1/43781] INFO  grpc.GrpcConfigKeys (ConfUtils.java:logFallback(53)) - raft.grpc.admin.host = null (fallback to raft.grpc.server.host)
2022-11-24 06:38:30,912 [Listener at 127.0.0.1/43781] INFO  grpc.GrpcConfigKeys (ConfUtils.java:logGet(46)) - raft.grpc.admin.port = 0 (custom)
2022-11-24 06:38:30,912 [Listener at 127.0.0.1/43781] INFO  grpc.GrpcConfigKeys (ConfUtils.java:logFallback(53)) - raft.grpc.client.host = null (fallback to raft.grpc.server.host)
2022-11-24 06:38:30,912 [Listener at 127.0.0.1/43781] INFO  grpc.GrpcConfigKeys (ConfUtils.java:logGet(46)) - raft.grpc.client.port = 0 (custom)
2022-11-24 06:38:30,913 [Listener at 127.0.0.1/43781] INFO  grpc.GrpcConfigKeys (ConfUtils.java:logGet(46)) - raft.grpc.server.host = null (default)
2022-11-24 06:38:30,913 [Listener at 127.0.0.1/43781] INFO  grpc.GrpcConfigKeys (ConfUtils.java:logGet(46)) - raft.grpc.server.port = 0 (default)
2022-11-24 06:38:30,913 [Listener at 127.0.0.1/43781] INFO  server.GrpcService (ConfUtils.java:logGet(46)) - raft.grpc.message.size.max = 32MB (=33554432) (custom)
2022-11-24 06:38:30,913 [Listener at 127.0.0.1/43781] INFO  server.RaftServerConfigKeys (ConfUtils.java:logGet(46)) - raft.server.log.appender.buffer.byte-limit = 33554432 (custom)
2022-11-24 06:38:30,913 [Listener at 127.0.0.1/43781] INFO  server.GrpcService (ConfUtils.java:logGet(46)) - raft.grpc.flow.control.window = 5MB (=5242880) (custom)
2022-11-24 06:38:30,913 [Listener at 127.0.0.1/43781] INFO  server.RaftServerConfigKeys (ConfUtils.java:logGet(46)) - raft.server.rpc.request.timeout = 60s (custom)
2022-11-24 06:38:30,914 [Listener at 127.0.0.1/43781] INFO  grpc.GrpcConfigKeys (ConfUtils.java:logGet(46)) - raft.grpc.server.heartbeat.channel = true (default)
2022-11-24 06:38:30,914 [Listener at 127.0.0.1/43781] INFO  grpc.GrpcConfigKeys (ConfUtils.java:logGet(46)) - raft.grpc.server.async.request.thread.pool.cached = true (default)
2022-11-24 06:38:30,914 [Listener at 127.0.0.1/43781] INFO  grpc.GrpcConfigKeys (ConfUtils.java:logGet(46)) - raft.grpc.server.async.request.thread.pool.size = 32 (default)
2022-11-24 06:38:30,915 [Listener at 127.0.0.1/43781] INFO  impl.DataStreamServerImpl (ConfUtils.java:logGet(46)) - raft.datastream.type = DISABLED (default)
2022-11-24 06:38:30,916 [Listener at 127.0.0.1/43781] INFO  server.RaftServerConfigKeys (ConfUtils.java:logGet(46)) - raft.server.threadpool.proxy.cached = true (default)
2022-11-24 06:38:30,916 [Listener at 127.0.0.1/43781] INFO  server.RaftServerConfigKeys (ConfUtils.java:logGet(46)) - raft.server.threadpool.proxy.size = 0 (default)
2022-11-24 06:38:30,916 [Listener at 127.0.0.1/43781] INFO  server.RaftServerConfigKeys (ConfUtils.java:logGet(46)) - raft.server.rpc.slowness.timeout = 300s (custom)
2022-11-24 06:38:30,916 [Listener at 127.0.0.1/43781] INFO  server.RaftServerConfigKeys (ConfUtils.java:logGet(46)) - raft.server.leaderelection.leader.step-down.wait-time = 10s (default)
2022-11-24 06:38:30,916 [Listener at 127.0.0.1/43781] INFO  server.RaftServerConfigKeys (ConfUtils.java:logGet(46)) - raft.server.storage.dir = [/home/runner/work/ozone/ozone/hadoop-ozone/integration-test/target/test-dir/MiniOzoneClusterImpl-3ca4de4a-72c8-4c23-a990-0556c1b2e11a/datanode-5/data/ratis] (custom)
2022-11-24 06:38:30,919 [Listener at 127.0.0.1/43781] INFO  server.XceiverServerGrpc (XceiverServerGrpc.java:<init>(132)) - GrpcServer channel type EpollServerSocketChannel
2022-11-24 06:38:30,922 [Listener at 127.0.0.1/43781] INFO  http.BaseHttpServer (BaseHttpServer.java:newHttpServer2BuilderForOzone(213)) - Starting Web-server for hddsDatanode at: http://0.0.0.0:0
2022-11-24 06:38:30,922 [Listener at 127.0.0.1/43781] INFO  http.BaseHttpServer (BaseHttpServer.java:<init>(108)) - Hadoop Security Enabled: false Ozone Security Enabled: false Ozone HTTP Security Enabled: false 
2022-11-24 06:38:30,924 [Listener at 127.0.0.1/43781] WARN  server.AuthenticationFilter (AuthenticationFilter.java:constructSecretProvider(240)) - Unable to initialize FileSignerSecretProvider, falling back to use random secrets. Reason: Could not read signature secret file: /home/runner/hadoop-http-auth-signature-secret
2022-11-24 06:38:30,925 [Listener at 127.0.0.1/43781] WARN  http.HttpRequestLog (HttpRequestLog.java:getRequestLog(103)) - Jetty request log can only be enabled using Log4j
2022-11-24 06:38:30,927 [Listener at 127.0.0.1/43781] INFO  http.HttpServer2 (HttpServer2.java:addGlobalFilter(1031)) - Added global filter 'safety' (class=org.apache.hadoop.hdds.server.http.HttpServer2$QuotingInputFilter)
2022-11-24 06:38:30,928 [Listener at 127.0.0.1/43781] INFO  http.HttpServer2 (HttpServer2.java:addFilter(1007)) - Added filter static_user_filter (class=org.apache.hadoop.http.lib.StaticUserWebFilter$StaticUserFilter) to context hddsDatanode
2022-11-24 06:38:30,928 [Listener at 127.0.0.1/43781] INFO  http.HttpServer2 (HttpServer2.java:addFilter(1015)) - Added filter static_user_filter (class=org.apache.hadoop.http.lib.StaticUserWebFilter$StaticUserFilter) to context logs
2022-11-24 06:38:30,928 [Listener at 127.0.0.1/43781] INFO  http.HttpServer2 (HttpServer2.java:addFilter(1015)) - Added filter static_user_filter (class=org.apache.hadoop.http.lib.StaticUserWebFilter$StaticUserFilter) to context static
2022-11-24 06:38:30,929 [Listener at 127.0.0.1/43781] INFO  http.HttpServer2 (HttpServer2.java:bindListener(1250)) - Jetty bound to port 42851
2022-11-24 06:38:30,929 [Listener at 127.0.0.1/43781] INFO  server.Server (Server.java:doStart(375)) - jetty-9.4.49.v20220914; built: 2022-09-14T01:07:36.601Z; git: 4231a3b2e4cb8548a412a789936d640a97b1aa0a; jvm 1.8.0_345-b01
2022-11-24 06:38:30,951 [Listener at 127.0.0.1/43781] INFO  server.session (DefaultSessionIdManager.java:doStart(334)) - DefaultSessionIdManager workerName=node0
2022-11-24 06:38:30,952 [Listener at 127.0.0.1/43781] INFO  server.session (DefaultSessionIdManager.java:doStart(339)) - No SessionScavenger set, using defaults
2022-11-24 06:38:30,952 [Listener at 127.0.0.1/43781] INFO  server.session (HouseKeeper.java:startScavenging(132)) - node0 Scavenging every 660000ms
2022-11-24 06:38:30,953 [Listener at 127.0.0.1/43781] INFO  handler.ContextHandler (ContextHandler.java:doStart(921)) - Started o.e.j.s.ServletContextHandler@7eecccfb{logs,/logs,file:///home/runner/work/ozone/ozone/hadoop-ozone/integration-test/target/log,AVAILABLE}
2022-11-24 06:38:30,953 [Listener at 127.0.0.1/43781] INFO  handler.ContextHandler (ContextHandler.java:doStart(921)) - Started o.e.j.s.ServletContextHandler@2aa43b2e{static,/static,jar:file:/home/runner/.m2/repository/org/apache/ozone/hdds-container-service/1.3.0-SNAPSHOT/hdds-container-service-1.3.0-SNAPSHOT.jar!/webapps/static,AVAILABLE}
2022-11-24 06:38:31,157 [EndpointStateMachine task thread for /0.0.0.0:42997 - 0 ] INFO  utils.DatanodeStoreCache (DatanodeStoreCache.java:addDB(58)) - Added db /home/runner/work/ozone/ozone/hadoop-ozone/integration-test/target/test-dir/MiniOzoneClusterImpl-3ca4de4a-72c8-4c23-a990-0556c1b2e11a/datanode-0/data-0/containers/hdds/3ca4de4a-72c8-4c23-a990-0556c1b2e11a/DS-98045d06-f82c-4cb5-8181-dc1d7997f863/container.db to cache
2022-11-24 06:38:31,158 [EndpointStateMachine task thread for /0.0.0.0:42997 - 0 ] INFO  volume.HddsVolume (HddsVolume.java:createDbStore(307)) - SchemaV3 db is created and loaded at /home/runner/work/ozone/ozone/hadoop-ozone/integration-test/target/test-dir/MiniOzoneClusterImpl-3ca4de4a-72c8-4c23-a990-0556c1b2e11a/datanode-0/data-0/containers/hdds/3ca4de4a-72c8-4c23-a990-0556c1b2e11a/DS-98045d06-f82c-4cb5-8181-dc1d7997f863/container.db for volume DS-98045d06-f82c-4cb5-8181-dc1d7997f863
2022-11-24 06:38:31,159 [EndpointStateMachine task thread for /0.0.0.0:42997 - 0 ] INFO  ozoneimpl.OzoneContainer (OzoneContainer.java:start(395)) - Attempting to start container services.
2022-11-24 06:38:31,164 [EndpointStateMachine task thread for /0.0.0.0:42997 - 0 ] INFO  ozoneimpl.OzoneContainer (OzoneContainer.java:startContainerScrub(312)) - Scheduled background container scanners and the on-demand container scanner have been disabled.
2022-11-24 06:38:31,166 [EndpointStateMachine task thread for /0.0.0.0:42997 - 0 ] INFO  replication.ReplicationServer (ReplicationServer.java:start(111)) - ReplicationServer is started using port 44533
2022-11-24 06:38:31,169 [EndpointStateMachine task thread for /0.0.0.0:42997 - 0 ] INFO  ratis.XceiverServerRatis (XceiverServerRatis.java:start(481)) - Starting XceiverServerRatis fb3b41a4-a9f1-45d3-bf74-4074fcf3e767
2022-11-24 06:38:31,192 [Listener at 127.0.0.1/43781] INFO  handler.ContextHandler (ContextHandler.java:doStart(921)) - Started o.e.j.w.WebAppContext@f033ec6{hddsDatanode,/,file:///tmp/jetty-0_0_0_0-42851-hdds-container-service-1_3_0-SNAPSHOT_jar-_-any-242742500332776567/webapp/,AVAILABLE}{jar:file:/home/runner/.m2/repository/org/apache/ozone/hdds-container-service/1.3.0-SNAPSHOT/hdds-container-service-1.3.0-SNAPSHOT.jar!/webapps/hddsDatanode}
2022-11-24 06:38:31,194 [EndpointStateMachine task thread for /0.0.0.0:42997 - 0 ] INFO  server.RaftServer (RaftServerProxy.java:startImpl(393)) - fb3b41a4-a9f1-45d3-bf74-4074fcf3e767: start RPC server
2022-11-24 06:38:31,204 [Listener at 127.0.0.1/43781] INFO  server.AbstractConnector (AbstractConnector.java:doStart(333)) - Started ServerConnector@27a18e3b{HTTP/1.1, (http/1.1)}{0.0.0.0:42851}
2022-11-24 06:38:31,204 [Listener at 127.0.0.1/43781] INFO  server.Server (Server.java:doStart(415)) - Started @12407ms
2022-11-24 06:38:31,205 [Listener at 127.0.0.1/43781] WARN  impl.MetricsSystemImpl (MetricsSystemImpl.java:register(279)) - Sink prometheus already exists!
2022-11-24 06:38:31,205 [Listener at 127.0.0.1/43781] INFO  http.BaseHttpServer (BaseHttpServer.java:updateConnectorAddress(333)) - HTTP server of hddsDatanode listening at http://0.0.0.0:42851
2022-11-24 06:38:31,206 [Listener at 127.0.0.1/43781] WARN  impl.MetricRegistriesImpl (MetricRegistriesImpl.java:addReporterRegistration(111)) - New reporters are added after registries were created. Some metrics will be missing from the reporter. Please add reporter before adding any new registry.
2022-11-24 06:38:31,206 [Listener at 127.0.0.1/43781] WARN  impl.MetricRegistriesImpl (MetricRegistriesImpl.java:addReporterRegistration(111)) - New reporters are added after registries were created. Some metrics will be missing from the reporter. Please add reporter before adding any new registry.
2022-11-24 06:38:31,207 [Listener at 127.0.0.1/43781] INFO  impl.MetricsSystemImpl (MetricsSystemImpl.java:init(158)) - HddsDatanode metrics system started (again)
2022-11-24 06:38:31,213 [Datanode State Machine Daemon Thread] INFO  statemachine.DatanodeStateMachine (DatanodeStateMachine.java:lambda$startDaemon$0(505)) - Ozone container server started.
2022-11-24 06:38:31,214 [EndpointStateMachine task thread for /0.0.0.0:42997 - 0 ] INFO  server.GrpcService (GrpcService.java:startImpl(270)) - fb3b41a4-a9f1-45d3-bf74-4074fcf3e767: GrpcService started, listening on 41917
2022-11-24 06:38:31,227 [Listener at 127.0.0.1/43781] INFO  ozone.HddsDatanodeService (HddsDatanodeService.java:start(236)) - HddsDatanodeService host:fv-az453-211.hss2zji4abbufegd5wcf2so25h.dx.internal.cloudapp.net ip:10.1.1.33
2022-11-24 06:38:31,229 [EndpointStateMachine task thread for /0.0.0.0:42997 - 0 ] INFO  ratis.XceiverServerRatis (XceiverServerRatis.java:getRealPort(502)) - XceiverServerRatis fb3b41a4-a9f1-45d3-bf74-4074fcf3e767 is started using port 41917 for RATIS
2022-11-24 06:38:31,230 [EndpointStateMachine task thread for /0.0.0.0:42997 - 0 ] INFO  ratis.XceiverServerRatis (XceiverServerRatis.java:getRealPort(502)) - XceiverServerRatis fb3b41a4-a9f1-45d3-bf74-4074fcf3e767 is started using port 41917 for RATIS_ADMIN
2022-11-24 06:38:31,230 [EndpointStateMachine task thread for /0.0.0.0:42997 - 0 ] INFO  ratis.XceiverServerRatis (XceiverServerRatis.java:getRealPort(502)) - XceiverServerRatis fb3b41a4-a9f1-45d3-bf74-4074fcf3e767 is started using port 41917 for RATIS_SERVER
2022-11-24 06:38:31,232 [JvmPauseMonitor1] INFO  util.JvmPauseMonitor (JvmPauseMonitor.java:run(105)) - JvmPauseMonitor-fb3b41a4-a9f1-45d3-bf74-4074fcf3e767: Started
2022-11-24 06:38:31,247 [EndpointStateMachine task thread for /0.0.0.0:42997 - 0 ] INFO  server.XceiverServerGrpc (XceiverServerGrpc.java:start(180)) - XceiverServerGrpc fb3b41a4-a9f1-45d3-bf74-4074fcf3e767 is started using port 33289
2022-11-24 06:38:31,249 [org.apache.hadoop.util.JvmPauseMonitor$Monitor@75553b33] INFO  util.JvmPauseMonitor (JvmPauseMonitor.java:run(188)) - Starting JVM pause monitor
2022-11-24 06:38:31,265 [Listener at 127.0.0.1/43781] INFO  upgrade.AbstractLayoutVersionManager (AbstractLayoutVersionManager.java:init(83)) - Initializing Layout version manager with metadata layout = DATANODE_SCHEMA_V3 (version = 4), software layout = DATANODE_SCHEMA_V3 (version = 4)
2022-11-24 06:38:31,270 [Datanode State Machine Task Thread - 0] INFO  datanode.InitDatanodeState (InitDatanodeState.java:persistContainerDatanodeDetails(138)) - DatanodeDetails is persisted to /home/runner/work/ozone/ozone/hadoop-ozone/integration-test/target/test-dir/MiniOzoneClusterImpl-3ca4de4a-72c8-4c23-a990-0556c1b2e11a/datanode-5/meta/datanode.id
2022-11-24 06:38:31,324 [Listener at 127.0.0.1/43781] INFO  reflections.Reflections (Reflections.java:scan(232)) - Reflections took 57 ms to scan 7 urls, producing 140 keys and 342 values 
2022-11-24 06:38:31,325 [Listener at 127.0.0.1/43781] INFO  statemachine.DatanodeStateMachine (DatanodeStateMachine.java:getEndPointTaskThreadPoolSize(245)) - Datanode State Machine Task Thread Pool size 2
2022-11-24 06:38:31,328 [Listener at 127.0.0.1/43781] INFO  volume.HddsVolume (HddsVolume.java:<init>(117)) - Creating HddsVolume: /home/runner/work/ozone/ozone/hadoop-ozone/integration-test/target/test-dir/MiniOzoneClusterImpl-3ca4de4a-72c8-4c23-a990-0556c1b2e11a/datanode-6/data-0/containers/hdds of storage type : DISK capacity : 9223372036854775807
2022-11-24 06:38:31,328 [Listener at 127.0.0.1/43781] INFO  volume.MutableVolumeSet (MutableVolumeSet.java:initializeVolumeSet(174)) - Added Volume : /home/runner/work/ozone/ozone/hadoop-ozone/integration-test/target/test-dir/MiniOzoneClusterImpl-3ca4de4a-72c8-4c23-a990-0556c1b2e11a/datanode-6/data-0/containers/hdds to VolumeSet
2022-11-24 06:38:31,329 [Listener at 127.0.0.1/43781] INFO  volume.ThrottledAsyncChecker (ThrottledAsyncChecker.java:schedule(141)) - Scheduling a check for /home/runner/work/ozone/ozone/hadoop-ozone/integration-test/target/test-dir/MiniOzoneClusterImpl-3ca4de4a-72c8-4c23-a990-0556c1b2e11a/datanode-6/data-0/containers/hdds
2022-11-24 06:38:31,338 [Listener at 127.0.0.1/43781] INFO  volume.StorageVolumeChecker (StorageVolumeChecker.java:checkAllVolumes(202)) - Scheduled health check for volume /home/runner/work/ozone/ozone/hadoop-ozone/integration-test/target/test-dir/MiniOzoneClusterImpl-3ca4de4a-72c8-4c23-a990-0556c1b2e11a/datanode-6/data-0/containers/hdds
2022-11-24 06:38:31,353 [Listener at 127.0.0.1/43781] INFO  volume.MutableVolumeSet (MutableVolumeSet.java:initializeVolumeSet(174)) - Added Volume : /home/runner/work/ozone/ozone/hadoop-ozone/integration-test/target/test-dir/MiniOzoneClusterImpl-3ca4de4a-72c8-4c23-a990-0556c1b2e11a/datanode-6/data/ratis to VolumeSet
2022-11-24 06:38:31,353 [Listener at 127.0.0.1/43781] INFO  volume.ThrottledAsyncChecker (ThrottledAsyncChecker.java:schedule(141)) - Scheduling a check for /home/runner/work/ozone/ozone/hadoop-ozone/integration-test/target/test-dir/MiniOzoneClusterImpl-3ca4de4a-72c8-4c23-a990-0556c1b2e11a/datanode-6/data/ratis
2022-11-24 06:38:31,354 [Listener at 127.0.0.1/43781] INFO  volume.StorageVolumeChecker (StorageVolumeChecker.java:checkAllVolumes(202)) - Scheduled health check for volume /home/runner/work/ozone/ozone/hadoop-ozone/integration-test/target/test-dir/MiniOzoneClusterImpl-3ca4de4a-72c8-4c23-a990-0556c1b2e11a/datanode-6/data/ratis
2022-11-24 06:38:31,370 [Thread-222] INFO  ozoneimpl.ContainerReader (ContainerReader.java:readVolume(175)) - Finish verifying containers on volume /home/runner/work/ozone/ozone/hadoop-ozone/integration-test/target/test-dir/MiniOzoneClusterImpl-3ca4de4a-72c8-4c23-a990-0556c1b2e11a/datanode-6/data-0/containers/hdds
2022-11-24 06:38:31,371 [Listener at 127.0.0.1/43781] INFO  ozoneimpl.OzoneContainer (OzoneContainer.java:buildContainerSet(301)) - Build ContainerSet costs 0s
2022-11-24 06:38:31,375 [Listener at 127.0.0.1/43781] INFO  server.RaftServer (ConfUtils.java:logGet(46)) - raft.rpc.type = GRPC (default)
2022-11-24 06:38:31,375 [Listener at 127.0.0.1/43781] INFO  grpc.GrpcConfigKeys (ConfUtils.java:logFallback(53)) - raft.grpc.admin.host = null (fallback to raft.grpc.server.host)
2022-11-24 06:38:31,375 [Listener at 127.0.0.1/43781] INFO  grpc.GrpcConfigKeys (ConfUtils.java:logGet(46)) - raft.grpc.admin.port = 0 (custom)
2022-11-24 06:38:31,375 [Listener at 127.0.0.1/43781] INFO  grpc.GrpcConfigKeys (ConfUtils.java:logFallback(53)) - raft.grpc.client.host = null (fallback to raft.grpc.server.host)
2022-11-24 06:38:31,375 [Listener at 127.0.0.1/43781] INFO  grpc.GrpcConfigKeys (ConfUtils.java:logGet(46)) - raft.grpc.client.port = 0 (custom)
2022-11-24 06:38:31,376 [Listener at 127.0.0.1/43781] INFO  grpc.GrpcConfigKeys (ConfUtils.java:logGet(46)) - raft.grpc.server.host = null (default)
2022-11-24 06:38:31,376 [Listener at 127.0.0.1/43781] INFO  grpc.GrpcConfigKeys (ConfUtils.java:logGet(46)) - raft.grpc.server.port = 0 (default)
2022-11-24 06:38:31,376 [Listener at 127.0.0.1/43781] INFO  server.GrpcService (ConfUtils.java:logGet(46)) - raft.grpc.message.size.max = 32MB (=33554432) (custom)
2022-11-24 06:38:31,376 [Listener at 127.0.0.1/43781] INFO  server.RaftServerConfigKeys (ConfUtils.java:logGet(46)) - raft.server.log.appender.buffer.byte-limit = 33554432 (custom)
2022-11-24 06:38:31,377 [Listener at 127.0.0.1/43781] INFO  server.GrpcService (ConfUtils.java:logGet(46)) - raft.grpc.flow.control.window = 5MB (=5242880) (custom)
2022-11-24 06:38:31,377 [Listener at 127.0.0.1/43781] INFO  server.RaftServerConfigKeys (ConfUtils.java:logGet(46)) - raft.server.rpc.request.timeout = 60s (custom)
2022-11-24 06:38:31,377 [Listener at 127.0.0.1/43781] INFO  grpc.GrpcConfigKeys (ConfUtils.java:logGet(46)) - raft.grpc.server.heartbeat.channel = true (default)
2022-11-24 06:38:31,377 [Listener at 127.0.0.1/43781] INFO  grpc.GrpcConfigKeys (ConfUtils.java:logGet(46)) - raft.grpc.server.async.request.thread.pool.cached = true (default)
2022-11-24 06:38:31,377 [Listener at 127.0.0.1/43781] INFO  grpc.GrpcConfigKeys (ConfUtils.java:logGet(46)) - raft.grpc.server.async.request.thread.pool.size = 32 (default)
2022-11-24 06:38:31,379 [Listener at 127.0.0.1/43781] INFO  impl.DataStreamServerImpl (ConfUtils.java:logGet(46)) - raft.datastream.type = DISABLED (default)
2022-11-24 06:38:31,379 [Listener at 127.0.0.1/43781] INFO  server.RaftServerConfigKeys (ConfUtils.java:logGet(46)) - raft.server.threadpool.proxy.cached = true (default)
2022-11-24 06:38:31,379 [Listener at 127.0.0.1/43781] INFO  server.RaftServerConfigKeys (ConfUtils.java:logGet(46)) - raft.server.threadpool.proxy.size = 0 (default)
2022-11-24 06:38:31,380 [Listener at 127.0.0.1/43781] INFO  server.RaftServerConfigKeys (ConfUtils.java:logGet(46)) - raft.server.rpc.slowness.timeout = 300s (custom)
2022-11-24 06:38:31,380 [Listener at 127.0.0.1/43781] INFO  server.RaftServerConfigKeys (ConfUtils.java:logGet(46)) - raft.server.leaderelection.leader.step-down.wait-time = 10s (default)
2022-11-24 06:38:31,380 [Listener at 127.0.0.1/43781] INFO  server.RaftServerConfigKeys (ConfUtils.java:logGet(46)) - raft.server.storage.dir = [/home/runner/work/ozone/ozone/hadoop-ozone/integration-test/target/test-dir/MiniOzoneClusterImpl-3ca4de4a-72c8-4c23-a990-0556c1b2e11a/datanode-6/data/ratis] (custom)
2022-11-24 06:38:31,382 [Listener at 127.0.0.1/43781] INFO  server.XceiverServerGrpc (XceiverServerGrpc.java:<init>(132)) - GrpcServer channel type EpollServerSocketChannel
2022-11-24 06:38:31,394 [Listener at 127.0.0.1/43781] INFO  http.BaseHttpServer (BaseHttpServer.java:newHttpServer2BuilderForOzone(213)) - Starting Web-server for hddsDatanode at: http://0.0.0.0:0
2022-11-24 06:38:31,395 [Listener at 127.0.0.1/43781] INFO  http.BaseHttpServer (BaseHttpServer.java:<init>(108)) - Hadoop Security Enabled: false Ozone Security Enabled: false Ozone HTTP Security Enabled: false 
2022-11-24 06:38:31,397 [Listener at 127.0.0.1/43781] WARN  server.AuthenticationFilter (AuthenticationFilter.java:constructSecretProvider(240)) - Unable to initialize FileSignerSecretProvider, falling back to use random secrets. Reason: Could not read signature secret file: /home/runner/hadoop-http-auth-signature-secret
2022-11-24 06:38:31,397 [Listener at 127.0.0.1/43781] WARN  http.HttpRequestLog (HttpRequestLog.java:getRequestLog(103)) - Jetty request log can only be enabled using Log4j
2022-11-24 06:38:31,399 [Listener at 127.0.0.1/43781] INFO  http.HttpServer2 (HttpServer2.java:addGlobalFilter(1031)) - Added global filter 'safety' (class=org.apache.hadoop.hdds.server.http.HttpServer2$QuotingInputFilter)
2022-11-24 06:38:31,400 [Listener at 127.0.0.1/43781] INFO  http.HttpServer2 (HttpServer2.java:addFilter(1007)) - Added filter static_user_filter (class=org.apache.hadoop.http.lib.StaticUserWebFilter$StaticUserFilter) to context hddsDatanode
2022-11-24 06:38:31,400 [Listener at 127.0.0.1/43781] INFO  http.HttpServer2 (HttpServer2.java:addFilter(1015)) - Added filter static_user_filter (class=org.apache.hadoop.http.lib.StaticUserWebFilter$StaticUserFilter) to context static
2022-11-24 06:38:31,400 [Listener at 127.0.0.1/43781] INFO  http.HttpServer2 (HttpServer2.java:addFilter(1015)) - Added filter static_user_filter (class=org.apache.hadoop.http.lib.StaticUserWebFilter$StaticUserFilter) to context logs
2022-11-24 06:38:31,401 [Listener at 127.0.0.1/43781] INFO  http.HttpServer2 (HttpServer2.java:bindListener(1250)) - Jetty bound to port 39043
2022-11-24 06:38:31,401 [Listener at 127.0.0.1/43781] INFO  server.Server (Server.java:doStart(375)) - jetty-9.4.49.v20220914; built: 2022-09-14T01:07:36.601Z; git: 4231a3b2e4cb8548a412a789936d640a97b1aa0a; jvm 1.8.0_345-b01
2022-11-24 06:38:31,414 [Listener at 127.0.0.1/43781] INFO  server.session (DefaultSessionIdManager.java:doStart(334)) - DefaultSessionIdManager workerName=node0
2022-11-24 06:38:31,415 [Listener at 127.0.0.1/43781] INFO  server.session (DefaultSessionIdManager.java:doStart(339)) - No SessionScavenger set, using defaults
2022-11-24 06:38:31,415 [Listener at 127.0.0.1/43781] INFO  server.session (HouseKeeper.java:startScavenging(132)) - node0 Scavenging every 600000ms
2022-11-24 06:38:31,421 [Listener at 127.0.0.1/43781] INFO  handler.ContextHandler (ContextHandler.java:doStart(921)) - Started o.e.j.s.ServletContextHandler@a22767a{logs,/logs,file:///home/runner/work/ozone/ozone/hadoop-ozone/integration-test/target/log,AVAILABLE}
2022-11-24 06:38:31,421 [Listener at 127.0.0.1/43781] INFO  handler.ContextHandler (ContextHandler.java:doStart(921)) - Started o.e.j.s.ServletContextHandler@25061517{static,/static,jar:file:/home/runner/.m2/repository/org/apache/ozone/hdds-container-service/1.3.0-SNAPSHOT/hdds-container-service-1.3.0-SNAPSHOT.jar!/webapps/static,AVAILABLE}
2022-11-24 06:38:31,631 [EndpointStateMachine task thread for /0.0.0.0:42997 - 0 ] INFO  utils.DatanodeStoreCache (DatanodeStoreCache.java:addDB(58)) - Added db /home/runner/work/ozone/ozone/hadoop-ozone/integration-test/target/test-dir/MiniOzoneClusterImpl-3ca4de4a-72c8-4c23-a990-0556c1b2e11a/datanode-1/data-0/containers/hdds/3ca4de4a-72c8-4c23-a990-0556c1b2e11a/DS-6ebda304-b7d0-40c2-bb7f-a5cbbd122e6c/container.db to cache
2022-11-24 06:38:31,632 [EndpointStateMachine task thread for /0.0.0.0:42997 - 0 ] INFO  volume.HddsVolume (HddsVolume.java:createDbStore(307)) - SchemaV3 db is created and loaded at /home/runner/work/ozone/ozone/hadoop-ozone/integration-test/target/test-dir/MiniOzoneClusterImpl-3ca4de4a-72c8-4c23-a990-0556c1b2e11a/datanode-1/data-0/containers/hdds/3ca4de4a-72c8-4c23-a990-0556c1b2e11a/DS-6ebda304-b7d0-40c2-bb7f-a5cbbd122e6c/container.db for volume DS-6ebda304-b7d0-40c2-bb7f-a5cbbd122e6c
2022-11-24 06:38:31,632 [EndpointStateMachine task thread for /0.0.0.0:42997 - 0 ] INFO  ozoneimpl.OzoneContainer (OzoneContainer.java:start(395)) - Attempting to start container services.
2022-11-24 06:38:31,633 [EndpointStateMachine task thread for /0.0.0.0:42997 - 0 ] INFO  ozoneimpl.OzoneContainer (OzoneContainer.java:startContainerScrub(312)) - Scheduled background container scanners and the on-demand container scanner have been disabled.
2022-11-24 06:38:31,635 [EndpointStateMachine task thread for /0.0.0.0:42997 - 0 ] INFO  replication.ReplicationServer (ReplicationServer.java:start(111)) - ReplicationServer is started using port 41653
2022-11-24 06:38:31,636 [EndpointStateMachine task thread for /0.0.0.0:42997 - 0 ] INFO  ratis.XceiverServerRatis (XceiverServerRatis.java:start(481)) - Starting XceiverServerRatis cb9a1e57-5a73-4518-a050-b0d695628b3e
2022-11-24 06:38:31,658 [EndpointStateMachine task thread for /0.0.0.0:42997 - 0 ] INFO  server.RaftServer (RaftServerProxy.java:startImpl(393)) - cb9a1e57-5a73-4518-a050-b0d695628b3e: start RPC server
2022-11-24 06:38:31,661 [EndpointStateMachine task thread for /0.0.0.0:42997 - 0 ] INFO  server.GrpcService (GrpcService.java:startImpl(270)) - cb9a1e57-5a73-4518-a050-b0d695628b3e: GrpcService started, listening on 33351
2022-11-24 06:38:31,661 [EndpointStateMachine task thread for /0.0.0.0:42997 - 0 ] INFO  ratis.XceiverServerRatis (XceiverServerRatis.java:getRealPort(502)) - XceiverServerRatis cb9a1e57-5a73-4518-a050-b0d695628b3e is started using port 33351 for RATIS
2022-11-24 06:38:31,661 [EndpointStateMachine task thread for /0.0.0.0:42997 - 0 ] INFO  ratis.XceiverServerRatis (XceiverServerRatis.java:getRealPort(502)) - XceiverServerRatis cb9a1e57-5a73-4518-a050-b0d695628b3e is started using port 33351 for RATIS_ADMIN
2022-11-24 06:38:31,661 [EndpointStateMachine task thread for /0.0.0.0:42997 - 0 ] INFO  ratis.XceiverServerRatis (XceiverServerRatis.java:getRealPort(502)) - XceiverServerRatis cb9a1e57-5a73-4518-a050-b0d695628b3e is started using port 33351 for RATIS_SERVER
2022-11-24 06:38:31,663 [Listener at 127.0.0.1/43781] INFO  handler.ContextHandler (ContextHandler.java:doStart(921)) - Started o.e.j.w.WebAppContext@24f18372{hddsDatanode,/,file:///tmp/jetty-0_0_0_0-39043-hdds-container-service-1_3_0-SNAPSHOT_jar-_-any-4782474274327031363/webapp/,AVAILABLE}{jar:file:/home/runner/.m2/repository/org/apache/ozone/hdds-container-service/1.3.0-SNAPSHOT/hdds-container-service-1.3.0-SNAPSHOT.jar!/webapps/hddsDatanode}
2022-11-24 06:38:31,666 [JvmPauseMonitor2] INFO  util.JvmPauseMonitor (JvmPauseMonitor.java:run(105)) - JvmPauseMonitor-cb9a1e57-5a73-4518-a050-b0d695628b3e: Started
2022-11-24 06:38:31,667 [Listener at 127.0.0.1/43781] INFO  server.AbstractConnector (AbstractConnector.java:doStart(333)) - Started ServerConnector@10adc78d{HTTP/1.1, (http/1.1)}{0.0.0.0:39043}
2022-11-24 06:38:31,668 [Listener at 127.0.0.1/43781] INFO  server.Server (Server.java:doStart(415)) - Started @12870ms
2022-11-24 06:38:31,668 [Listener at 127.0.0.1/43781] WARN  impl.MetricsSystemImpl (MetricsSystemImpl.java:register(279)) - Sink prometheus already exists!
2022-11-24 06:38:31,670 [Listener at 127.0.0.1/43781] INFO  http.BaseHttpServer (BaseHttpServer.java:updateConnectorAddress(333)) - HTTP server of hddsDatanode listening at http://0.0.0.0:39043
2022-11-24 06:38:31,670 [Listener at 127.0.0.1/43781] WARN  impl.MetricRegistriesImpl (MetricRegistriesImpl.java:addReporterRegistration(111)) - New reporters are added after registries were created. Some metrics will be missing from the reporter. Please add reporter before adding any new registry.
2022-11-24 06:38:31,670 [Listener at 127.0.0.1/43781] WARN  impl.MetricRegistriesImpl (MetricRegistriesImpl.java:addReporterRegistration(111)) - New reporters are added after registries were created. Some metrics will be missing from the reporter. Please add reporter before adding any new registry.
2022-11-24 06:38:31,671 [Listener at 127.0.0.1/43781] INFO  impl.MetricsSystemImpl (MetricsSystemImpl.java:init(158)) - HddsDatanode metrics system started (again)
2022-11-24 06:38:31,683 [EndpointStateMachine task thread for /0.0.0.0:42997 - 0 ] INFO  server.XceiverServerGrpc (XceiverServerGrpc.java:start(180)) - XceiverServerGrpc cb9a1e57-5a73-4518-a050-b0d695628b3e is started using port 40057
2022-11-24 06:38:31,684 [Datanode State Machine Daemon Thread] INFO  statemachine.DatanodeStateMachine (DatanodeStateMachine.java:lambda$startDaemon$0(505)) - Ozone container server started.
2022-11-24 06:38:31,706 [Listener at 127.0.0.1/43781] INFO  ozone.HddsDatanodeService (HddsDatanodeService.java:start(236)) - HddsDatanodeService host:fv-az453-211.hss2zji4abbufegd5wcf2so25h.dx.internal.cloudapp.net ip:10.1.1.33
2022-11-24 06:38:31,713 [org.apache.hadoop.util.JvmPauseMonitor$Monitor@101c0460] INFO  util.JvmPauseMonitor (JvmPauseMonitor.java:run(188)) - Starting JVM pause monitor
2022-11-24 06:38:31,719 [Datanode State Machine Task Thread - 0] INFO  datanode.InitDatanodeState (InitDatanodeState.java:persistContainerDatanodeDetails(138)) - DatanodeDetails is persisted to /home/runner/work/ozone/ozone/hadoop-ozone/integration-test/target/test-dir/MiniOzoneClusterImpl-3ca4de4a-72c8-4c23-a990-0556c1b2e11a/datanode-6/meta/datanode.id
2022-11-24 06:38:31,734 [Listener at 127.0.0.1/43781] INFO  upgrade.AbstractLayoutVersionManager (AbstractLayoutVersionManager.java:init(83)) - Initializing Layout version manager with metadata layout = DATANODE_SCHEMA_V3 (version = 4), software layout = DATANODE_SCHEMA_V3 (version = 4)
2022-11-24 06:38:31,788 [Listener at 127.0.0.1/43781] INFO  reflections.Reflections (Reflections.java:scan(232)) - Reflections took 51 ms to scan 7 urls, producing 140 keys and 342 values 
2022-11-24 06:38:31,790 [Listener at 127.0.0.1/43781] INFO  statemachine.DatanodeStateMachine (DatanodeStateMachine.java:getEndPointTaskThreadPoolSize(245)) - Datanode State Machine Task Thread Pool size 2
2022-11-24 06:38:31,796 [Listener at 127.0.0.1/43781] INFO  volume.HddsVolume (HddsVolume.java:<init>(117)) - Creating HddsVolume: /home/runner/work/ozone/ozone/hadoop-ozone/integration-test/target/test-dir/MiniOzoneClusterImpl-3ca4de4a-72c8-4c23-a990-0556c1b2e11a/datanode-7/data-0/containers/hdds of storage type : DISK capacity : 9223372036854775807
2022-11-24 06:38:31,799 [Listener at 127.0.0.1/43781] INFO  volume.MutableVolumeSet (MutableVolumeSet.java:initializeVolumeSet(174)) - Added Volume : /home/runner/work/ozone/ozone/hadoop-ozone/integration-test/target/test-dir/MiniOzoneClusterImpl-3ca4de4a-72c8-4c23-a990-0556c1b2e11a/datanode-7/data-0/containers/hdds to VolumeSet
2022-11-24 06:38:31,800 [Listener at 127.0.0.1/43781] INFO  volume.ThrottledAsyncChecker (ThrottledAsyncChecker.java:schedule(141)) - Scheduling a check for /home/runner/work/ozone/ozone/hadoop-ozone/integration-test/target/test-dir/MiniOzoneClusterImpl-3ca4de4a-72c8-4c23-a990-0556c1b2e11a/datanode-7/data-0/containers/hdds
2022-11-24 06:38:31,804 [Listener at 127.0.0.1/43781] INFO  volume.StorageVolumeChecker (StorageVolumeChecker.java:checkAllVolumes(202)) - Scheduled health check for volume /home/runner/work/ozone/ozone/hadoop-ozone/integration-test/target/test-dir/MiniOzoneClusterImpl-3ca4de4a-72c8-4c23-a990-0556c1b2e11a/datanode-7/data-0/containers/hdds
2022-11-24 06:38:31,821 [Listener at 127.0.0.1/43781] INFO  volume.MutableVolumeSet (MutableVolumeSet.java:initializeVolumeSet(174)) - Added Volume : /home/runner/work/ozone/ozone/hadoop-ozone/integration-test/target/test-dir/MiniOzoneClusterImpl-3ca4de4a-72c8-4c23-a990-0556c1b2e11a/datanode-7/data/ratis to VolumeSet
2022-11-24 06:38:31,821 [Listener at 127.0.0.1/43781] INFO  volume.ThrottledAsyncChecker (ThrottledAsyncChecker.java:schedule(141)) - Scheduling a check for /home/runner/work/ozone/ozone/hadoop-ozone/integration-test/target/test-dir/MiniOzoneClusterImpl-3ca4de4a-72c8-4c23-a990-0556c1b2e11a/datanode-7/data/ratis
2022-11-24 06:38:31,822 [Listener at 127.0.0.1/43781] INFO  volume.StorageVolumeChecker (StorageVolumeChecker.java:checkAllVolumes(202)) - Scheduled health check for volume /home/runner/work/ozone/ozone/hadoop-ozone/integration-test/target/test-dir/MiniOzoneClusterImpl-3ca4de4a-72c8-4c23-a990-0556c1b2e11a/datanode-7/data/ratis
2022-11-24 06:38:31,836 [Thread-240] INFO  ozoneimpl.ContainerReader (ContainerReader.java:readVolume(175)) - Finish verifying containers on volume /home/runner/work/ozone/ozone/hadoop-ozone/integration-test/target/test-dir/MiniOzoneClusterImpl-3ca4de4a-72c8-4c23-a990-0556c1b2e11a/datanode-7/data-0/containers/hdds
2022-11-24 06:38:31,836 [Listener at 127.0.0.1/43781] INFO  ozoneimpl.OzoneContainer (OzoneContainer.java:buildContainerSet(301)) - Build ContainerSet costs 0s
2022-11-24 06:38:31,841 [Listener at 127.0.0.1/43781] INFO  server.RaftServer (ConfUtils.java:logGet(46)) - raft.rpc.type = GRPC (default)
2022-11-24 06:38:31,841 [Listener at 127.0.0.1/43781] INFO  grpc.GrpcConfigKeys (ConfUtils.java:logFallback(53)) - raft.grpc.admin.host = null (fallback to raft.grpc.server.host)
2022-11-24 06:38:31,841 [Listener at 127.0.0.1/43781] INFO  grpc.GrpcConfigKeys (ConfUtils.java:logGet(46)) - raft.grpc.admin.port = 0 (custom)
2022-11-24 06:38:31,841 [Listener at 127.0.0.1/43781] INFO  grpc.GrpcConfigKeys (ConfUtils.java:logFallback(53)) - raft.grpc.client.host = null (fallback to raft.grpc.server.host)
2022-11-24 06:38:31,842 [Listener at 127.0.0.1/43781] INFO  grpc.GrpcConfigKeys (ConfUtils.java:logGet(46)) - raft.grpc.client.port = 0 (custom)
2022-11-24 06:38:31,842 [Listener at 127.0.0.1/43781] INFO  grpc.GrpcConfigKeys (ConfUtils.java:logGet(46)) - raft.grpc.server.host = null (default)
2022-11-24 06:38:31,842 [Listener at 127.0.0.1/43781] INFO  grpc.GrpcConfigKeys (ConfUtils.java:logGet(46)) - raft.grpc.server.port = 0 (default)
2022-11-24 06:38:31,842 [Listener at 127.0.0.1/43781] INFO  server.GrpcService (ConfUtils.java:logGet(46)) - raft.grpc.message.size.max = 32MB (=33554432) (custom)
2022-11-24 06:38:31,842 [Listener at 127.0.0.1/43781] INFO  server.RaftServerConfigKeys (ConfUtils.java:logGet(46)) - raft.server.log.appender.buffer.byte-limit = 33554432 (custom)
2022-11-24 06:38:31,843 [Listener at 127.0.0.1/43781] INFO  server.GrpcService (ConfUtils.java:logGet(46)) - raft.grpc.flow.control.window = 5MB (=5242880) (custom)
2022-11-24 06:38:31,843 [Listener at 127.0.0.1/43781] INFO  server.RaftServerConfigKeys (ConfUtils.java:logGet(46)) - raft.server.rpc.request.timeout = 60s (custom)
2022-11-24 06:38:31,844 [Listener at 127.0.0.1/43781] INFO  grpc.GrpcConfigKeys (ConfUtils.java:logGet(46)) - raft.grpc.server.heartbeat.channel = true (default)
2022-11-24 06:38:31,844 [Listener at 127.0.0.1/43781] INFO  grpc.GrpcConfigKeys (ConfUtils.java:logGet(46)) - raft.grpc.server.async.request.thread.pool.cached = true (default)
2022-11-24 06:38:31,844 [Listener at 127.0.0.1/43781] INFO  grpc.GrpcConfigKeys (ConfUtils.java:logGet(46)) - raft.grpc.server.async.request.thread.pool.size = 32 (default)
2022-11-24 06:38:31,846 [Listener at 127.0.0.1/43781] INFO  impl.DataStreamServerImpl (ConfUtils.java:logGet(46)) - raft.datastream.type = DISABLED (default)
2022-11-24 06:38:31,847 [Listener at 127.0.0.1/43781] INFO  server.RaftServerConfigKeys (ConfUtils.java:logGet(46)) - raft.server.threadpool.proxy.cached = true (default)
2022-11-24 06:38:31,847 [Listener at 127.0.0.1/43781] INFO  server.RaftServerConfigKeys (ConfUtils.java:logGet(46)) - raft.server.threadpool.proxy.size = 0 (default)
2022-11-24 06:38:31,848 [Listener at 127.0.0.1/43781] INFO  server.RaftServerConfigKeys (ConfUtils.java:logGet(46)) - raft.server.rpc.slowness.timeout = 300s (custom)
2022-11-24 06:38:31,848 [Listener at 127.0.0.1/43781] INFO  server.RaftServerConfigKeys (ConfUtils.java:logGet(46)) - raft.server.leaderelection.leader.step-down.wait-time = 10s (default)
2022-11-24 06:38:31,848 [Listener at 127.0.0.1/43781] INFO  server.RaftServerConfigKeys (ConfUtils.java:logGet(46)) - raft.server.storage.dir = [/home/runner/work/ozone/ozone/hadoop-ozone/integration-test/target/test-dir/MiniOzoneClusterImpl-3ca4de4a-72c8-4c23-a990-0556c1b2e11a/datanode-7/data/ratis] (custom)
2022-11-24 06:38:31,853 [Listener at 127.0.0.1/43781] INFO  server.XceiverServerGrpc (XceiverServerGrpc.java:<init>(132)) - GrpcServer channel type EpollServerSocketChannel
2022-11-24 06:38:31,857 [Listener at 127.0.0.1/43781] INFO  http.BaseHttpServer (BaseHttpServer.java:newHttpServer2BuilderForOzone(213)) - Starting Web-server for hddsDatanode at: http://0.0.0.0:0
2022-11-24 06:38:31,857 [Listener at 127.0.0.1/43781] INFO  http.BaseHttpServer (BaseHttpServer.java:<init>(108)) - Hadoop Security Enabled: false Ozone Security Enabled: false Ozone HTTP Security Enabled: false 
2022-11-24 06:38:31,859 [Listener at 127.0.0.1/43781] WARN  server.AuthenticationFilter (AuthenticationFilter.java:constructSecretProvider(240)) - Unable to initialize FileSignerSecretProvider, falling back to use random secrets. Reason: Could not read signature secret file: /home/runner/hadoop-http-auth-signature-secret
2022-11-24 06:38:31,860 [Listener at 127.0.0.1/43781] WARN  http.HttpRequestLog (HttpRequestLog.java:getRequestLog(103)) - Jetty request log can only be enabled using Log4j
2022-11-24 06:38:31,862 [Listener at 127.0.0.1/43781] INFO  http.HttpServer2 (HttpServer2.java:addGlobalFilter(1031)) - Added global filter 'safety' (class=org.apache.hadoop.hdds.server.http.HttpServer2$QuotingInputFilter)
2022-11-24 06:38:31,863 [Listener at 127.0.0.1/43781] INFO  http.HttpServer2 (HttpServer2.java:addFilter(1007)) - Added filter static_user_filter (class=org.apache.hadoop.http.lib.StaticUserWebFilter$StaticUserFilter) to context hddsDatanode
2022-11-24 06:38:31,863 [Listener at 127.0.0.1/43781] INFO  http.HttpServer2 (HttpServer2.java:addFilter(1015)) - Added filter static_user_filter (class=org.apache.hadoop.http.lib.StaticUserWebFilter$StaticUserFilter) to context logs
2022-11-24 06:38:31,864 [Listener at 127.0.0.1/43781] INFO  http.HttpServer2 (HttpServer2.java:addFilter(1015)) - Added filter static_user_filter (class=org.apache.hadoop.http.lib.StaticUserWebFilter$StaticUserFilter) to context static
2022-11-24 06:38:31,864 [Listener at 127.0.0.1/43781] INFO  http.HttpServer2 (HttpServer2.java:bindListener(1250)) - Jetty bound to port 40093
2022-11-24 06:38:31,864 [Listener at 127.0.0.1/43781] INFO  server.Server (Server.java:doStart(375)) - jetty-9.4.49.v20220914; built: 2022-09-14T01:07:36.601Z; git: 4231a3b2e4cb8548a412a789936d640a97b1aa0a; jvm 1.8.0_345-b01
2022-11-24 06:38:31,866 [Listener at 127.0.0.1/43781] INFO  server.session (DefaultSessionIdManager.java:doStart(334)) - DefaultSessionIdManager workerName=node0
2022-11-24 06:38:31,866 [Listener at 127.0.0.1/43781] INFO  server.session (DefaultSessionIdManager.java:doStart(339)) - No SessionScavenger set, using defaults
2022-11-24 06:38:31,867 [Listener at 127.0.0.1/43781] INFO  server.session (HouseKeeper.java:startScavenging(132)) - node0 Scavenging every 660000ms
2022-11-24 06:38:31,867 [Listener at 127.0.0.1/43781] INFO  handler.ContextHandler (ContextHandler.java:doStart(921)) - Started o.e.j.s.ServletContextHandler@3c83d370{logs,/logs,file:///home/runner/work/ozone/ozone/hadoop-ozone/integration-test/target/log,AVAILABLE}
2022-11-24 06:38:31,868 [Listener at 127.0.0.1/43781] INFO  handler.ContextHandler (ContextHandler.java:doStart(921)) - Started o.e.j.s.ServletContextHandler@43b6ee92{static,/static,jar:file:/home/runner/.m2/repository/org/apache/ozone/hdds-container-service/1.3.0-SNAPSHOT/hdds-container-service-1.3.0-SNAPSHOT.jar!/webapps/static,AVAILABLE}
2022-11-24 06:38:32,063 [EndpointStateMachine task thread for /0.0.0.0:42997 - 0 ] INFO  utils.DatanodeStoreCache (DatanodeStoreCache.java:addDB(58)) - Added db /home/runner/work/ozone/ozone/hadoop-ozone/integration-test/target/test-dir/MiniOzoneClusterImpl-3ca4de4a-72c8-4c23-a990-0556c1b2e11a/datanode-2/data-0/containers/hdds/3ca4de4a-72c8-4c23-a990-0556c1b2e11a/DS-e452951e-052c-4371-8a3f-635204282cd8/container.db to cache
2022-11-24 06:38:32,064 [EndpointStateMachine task thread for /0.0.0.0:42997 - 0 ] INFO  volume.HddsVolume (HddsVolume.java:createDbStore(307)) - SchemaV3 db is created and loaded at /home/runner/work/ozone/ozone/hadoop-ozone/integration-test/target/test-dir/MiniOzoneClusterImpl-3ca4de4a-72c8-4c23-a990-0556c1b2e11a/datanode-2/data-0/containers/hdds/3ca4de4a-72c8-4c23-a990-0556c1b2e11a/DS-e452951e-052c-4371-8a3f-635204282cd8/container.db for volume DS-e452951e-052c-4371-8a3f-635204282cd8
2022-11-24 06:38:32,064 [EndpointStateMachine task thread for /0.0.0.0:42997 - 0 ] INFO  ozoneimpl.OzoneContainer (OzoneContainer.java:start(395)) - Attempting to start container services.
2022-11-24 06:38:32,064 [EndpointStateMachine task thread for /0.0.0.0:42997 - 0 ] INFO  ozoneimpl.OzoneContainer (OzoneContainer.java:startContainerScrub(312)) - Scheduled background container scanners and the on-demand container scanner have been disabled.
2022-11-24 06:38:32,068 [EndpointStateMachine task thread for /0.0.0.0:42997 - 0 ] INFO  replication.ReplicationServer (ReplicationServer.java:start(111)) - ReplicationServer is started using port 44101
2022-11-24 06:38:32,068 [EndpointStateMachine task thread for /0.0.0.0:42997 - 0 ] INFO  ratis.XceiverServerRatis (XceiverServerRatis.java:start(481)) - Starting XceiverServerRatis 06429dc3-6184-4705-8d2a-a6f8dedf2170
2022-11-24 06:38:32,083 [EndpointStateMachine task thread for /0.0.0.0:42997 - 0 ] INFO  server.RaftServer (RaftServerProxy.java:startImpl(393)) - 06429dc3-6184-4705-8d2a-a6f8dedf2170: start RPC server
2022-11-24 06:38:32,085 [EndpointStateMachine task thread for /0.0.0.0:42997 - 0 ] INFO  server.GrpcService (GrpcService.java:startImpl(270)) - 06429dc3-6184-4705-8d2a-a6f8dedf2170: GrpcService started, listening on 44897
2022-11-24 06:38:32,086 [EndpointStateMachine task thread for /0.0.0.0:42997 - 0 ] INFO  ratis.XceiverServerRatis (XceiverServerRatis.java:getRealPort(502)) - XceiverServerRatis 06429dc3-6184-4705-8d2a-a6f8dedf2170 is started using port 44897 for RATIS
2022-11-24 06:38:32,086 [EndpointStateMachine task thread for /0.0.0.0:42997 - 0 ] INFO  ratis.XceiverServerRatis (XceiverServerRatis.java:getRealPort(502)) - XceiverServerRatis 06429dc3-6184-4705-8d2a-a6f8dedf2170 is started using port 44897 for RATIS_ADMIN
2022-11-24 06:38:32,086 [EndpointStateMachine task thread for /0.0.0.0:42997 - 0 ] INFO  ratis.XceiverServerRatis (XceiverServerRatis.java:getRealPort(502)) - XceiverServerRatis 06429dc3-6184-4705-8d2a-a6f8dedf2170 is started using port 44897 for RATIS_SERVER
2022-11-24 06:38:32,094 [JvmPauseMonitor3] INFO  util.JvmPauseMonitor (JvmPauseMonitor.java:run(105)) - JvmPauseMonitor-06429dc3-6184-4705-8d2a-a6f8dedf2170: Started
2022-11-24 06:38:32,098 [EndpointStateMachine task thread for /0.0.0.0:42997 - 0 ] INFO  server.XceiverServerGrpc (XceiverServerGrpc.java:start(180)) - XceiverServerGrpc 06429dc3-6184-4705-8d2a-a6f8dedf2170 is started using port 36083
2022-11-24 06:38:32,150 [Listener at 127.0.0.1/43781] INFO  handler.ContextHandler (ContextHandler.java:doStart(921)) - Started o.e.j.w.WebAppContext@38322f24{hddsDatanode,/,file:///tmp/jetty-0_0_0_0-40093-hdds-container-service-1_3_0-SNAPSHOT_jar-_-any-4269729867957189216/webapp/,AVAILABLE}{jar:file:/home/runner/.m2/repository/org/apache/ozone/hdds-container-service/1.3.0-SNAPSHOT/hdds-container-service-1.3.0-SNAPSHOT.jar!/webapps/hddsDatanode}
2022-11-24 06:38:32,152 [Listener at 127.0.0.1/43781] INFO  server.AbstractConnector (AbstractConnector.java:doStart(333)) - Started ServerConnector@2e310896{HTTP/1.1, (http/1.1)}{0.0.0.0:40093}
2022-11-24 06:38:32,152 [Listener at 127.0.0.1/43781] INFO  server.Server (Server.java:doStart(415)) - Started @13354ms
2022-11-24 06:38:32,152 [Listener at 127.0.0.1/43781] WARN  impl.MetricsSystemImpl (MetricsSystemImpl.java:register(279)) - Sink prometheus already exists!
2022-11-24 06:38:32,153 [Listener at 127.0.0.1/43781] INFO  http.BaseHttpServer (BaseHttpServer.java:updateConnectorAddress(333)) - HTTP server of hddsDatanode listening at http://0.0.0.0:40093
2022-11-24 06:38:32,155 [Listener at 127.0.0.1/43781] WARN  impl.MetricRegistriesImpl (MetricRegistriesImpl.java:addReporterRegistration(111)) - New reporters are added after registries were created. Some metrics will be missing from the reporter. Please add reporter before adding any new registry.
2022-11-24 06:38:32,155 [Listener at 127.0.0.1/43781] WARN  impl.MetricRegistriesImpl (MetricRegistriesImpl.java:addReporterRegistration(111)) - New reporters are added after registries were created. Some metrics will be missing from the reporter. Please add reporter before adding any new registry.
2022-11-24 06:38:32,155 [Listener at 127.0.0.1/43781] INFO  impl.MetricsSystemImpl (MetricsSystemImpl.java:init(158)) - HddsDatanode metrics system started (again)
2022-11-24 06:38:32,159 [Datanode State Machine Daemon Thread] INFO  statemachine.DatanodeStateMachine (DatanodeStateMachine.java:lambda$startDaemon$0(505)) - Ozone container server started.
2022-11-24 06:38:32,177 [Listener at 127.0.0.1/43781] INFO  ozone.HddsDatanodeService (HddsDatanodeService.java:start(236)) - HddsDatanodeService host:fv-az453-211.hss2zji4abbufegd5wcf2so25h.dx.internal.cloudapp.net ip:10.1.1.33
2022-11-24 06:38:32,178 [org.apache.hadoop.util.JvmPauseMonitor$Monitor@5b929a59] INFO  util.JvmPauseMonitor (JvmPauseMonitor.java:run(188)) - Starting JVM pause monitor
2022-11-24 06:38:32,187 [Datanode State Machine Task Thread - 0] INFO  datanode.InitDatanodeState (InitDatanodeState.java:persistContainerDatanodeDetails(138)) - DatanodeDetails is persisted to /home/runner/work/ozone/ozone/hadoop-ozone/integration-test/target/test-dir/MiniOzoneClusterImpl-3ca4de4a-72c8-4c23-a990-0556c1b2e11a/datanode-7/meta/datanode.id
2022-11-24 06:38:32,203 [Listener at 127.0.0.1/43781] INFO  upgrade.AbstractLayoutVersionManager (AbstractLayoutVersionManager.java:init(83)) - Initializing Layout version manager with metadata layout = DATANODE_SCHEMA_V3 (version = 4), software layout = DATANODE_SCHEMA_V3 (version = 4)
2022-11-24 06:38:32,291 [Listener at 127.0.0.1/43781] INFO  reflections.Reflections (Reflections.java:scan(232)) - Reflections took 86 ms to scan 7 urls, producing 140 keys and 342 values 
2022-11-24 06:38:32,293 [Listener at 127.0.0.1/43781] INFO  statemachine.DatanodeStateMachine (DatanodeStateMachine.java:getEndPointTaskThreadPoolSize(245)) - Datanode State Machine Task Thread Pool size 2
2022-11-24 06:38:32,295 [Listener at 127.0.0.1/43781] INFO  volume.HddsVolume (HddsVolume.java:<init>(117)) - Creating HddsVolume: /home/runner/work/ozone/ozone/hadoop-ozone/integration-test/target/test-dir/MiniOzoneClusterImpl-3ca4de4a-72c8-4c23-a990-0556c1b2e11a/datanode-8/data-0/containers/hdds of storage type : DISK capacity : 9223372036854775807
2022-11-24 06:38:32,296 [Listener at 127.0.0.1/43781] INFO  volume.MutableVolumeSet (MutableVolumeSet.java:initializeVolumeSet(174)) - Added Volume : /home/runner/work/ozone/ozone/hadoop-ozone/integration-test/target/test-dir/MiniOzoneClusterImpl-3ca4de4a-72c8-4c23-a990-0556c1b2e11a/datanode-8/data-0/containers/hdds to VolumeSet
2022-11-24 06:38:32,296 [Listener at 127.0.0.1/43781] INFO  volume.ThrottledAsyncChecker (ThrottledAsyncChecker.java:schedule(141)) - Scheduling a check for /home/runner/work/ozone/ozone/hadoop-ozone/integration-test/target/test-dir/MiniOzoneClusterImpl-3ca4de4a-72c8-4c23-a990-0556c1b2e11a/datanode-8/data-0/containers/hdds
2022-11-24 06:38:32,301 [Listener at 127.0.0.1/43781] INFO  volume.StorageVolumeChecker (StorageVolumeChecker.java:checkAllVolumes(202)) - Scheduled health check for volume /home/runner/work/ozone/ozone/hadoop-ozone/integration-test/target/test-dir/MiniOzoneClusterImpl-3ca4de4a-72c8-4c23-a990-0556c1b2e11a/datanode-8/data-0/containers/hdds
2022-11-24 06:38:32,314 [Listener at 127.0.0.1/43781] INFO  volume.MutableVolumeSet (MutableVolumeSet.java:initializeVolumeSet(174)) - Added Volume : /home/runner/work/ozone/ozone/hadoop-ozone/integration-test/target/test-dir/MiniOzoneClusterImpl-3ca4de4a-72c8-4c23-a990-0556c1b2e11a/datanode-8/data/ratis to VolumeSet
2022-11-24 06:38:32,314 [Listener at 127.0.0.1/43781] INFO  volume.ThrottledAsyncChecker (ThrottledAsyncChecker.java:schedule(141)) - Scheduling a check for /home/runner/work/ozone/ozone/hadoop-ozone/integration-test/target/test-dir/MiniOzoneClusterImpl-3ca4de4a-72c8-4c23-a990-0556c1b2e11a/datanode-8/data/ratis
2022-11-24 06:38:32,315 [Listener at 127.0.0.1/43781] INFO  volume.StorageVolumeChecker (StorageVolumeChecker.java:checkAllVolumes(202)) - Scheduled health check for volume /home/runner/work/ozone/ozone/hadoop-ozone/integration-test/target/test-dir/MiniOzoneClusterImpl-3ca4de4a-72c8-4c23-a990-0556c1b2e11a/datanode-8/data/ratis
2022-11-24 06:38:32,329 [Thread-258] INFO  ozoneimpl.ContainerReader (ContainerReader.java:readVolume(175)) - Finish verifying containers on volume /home/runner/work/ozone/ozone/hadoop-ozone/integration-test/target/test-dir/MiniOzoneClusterImpl-3ca4de4a-72c8-4c23-a990-0556c1b2e11a/datanode-8/data-0/containers/hdds
2022-11-24 06:38:32,329 [Listener at 127.0.0.1/43781] INFO  ozoneimpl.OzoneContainer (OzoneContainer.java:buildContainerSet(301)) - Build ContainerSet costs 0s
2022-11-24 06:38:32,332 [Listener at 127.0.0.1/43781] INFO  server.RaftServer (ConfUtils.java:logGet(46)) - raft.rpc.type = GRPC (default)
2022-11-24 06:38:32,332 [Listener at 127.0.0.1/43781] INFO  grpc.GrpcConfigKeys (ConfUtils.java:logFallback(53)) - raft.grpc.admin.host = null (fallback to raft.grpc.server.host)
2022-11-24 06:38:32,333 [Listener at 127.0.0.1/43781] INFO  grpc.GrpcConfigKeys (ConfUtils.java:logGet(46)) - raft.grpc.admin.port = 0 (custom)
2022-11-24 06:38:32,333 [Listener at 127.0.0.1/43781] INFO  grpc.GrpcConfigKeys (ConfUtils.java:logFallback(53)) - raft.grpc.client.host = null (fallback to raft.grpc.server.host)
2022-11-24 06:38:32,333 [Listener at 127.0.0.1/43781] INFO  grpc.GrpcConfigKeys (ConfUtils.java:logGet(46)) - raft.grpc.client.port = 0 (custom)
2022-11-24 06:38:32,333 [Listener at 127.0.0.1/43781] INFO  grpc.GrpcConfigKeys (ConfUtils.java:logGet(46)) - raft.grpc.server.host = null (default)
2022-11-24 06:38:32,333 [Listener at 127.0.0.1/43781] INFO  grpc.GrpcConfigKeys (ConfUtils.java:logGet(46)) - raft.grpc.server.port = 0 (default)
2022-11-24 06:38:32,334 [Listener at 127.0.0.1/43781] INFO  server.GrpcService (ConfUtils.java:logGet(46)) - raft.grpc.message.size.max = 32MB (=33554432) (custom)
2022-11-24 06:38:32,334 [Listener at 127.0.0.1/43781] INFO  server.RaftServerConfigKeys (ConfUtils.java:logGet(46)) - raft.server.log.appender.buffer.byte-limit = 33554432 (custom)
2022-11-24 06:38:32,334 [Listener at 127.0.0.1/43781] INFO  server.GrpcService (ConfUtils.java:logGet(46)) - raft.grpc.flow.control.window = 5MB (=5242880) (custom)
2022-11-24 06:38:32,334 [Listener at 127.0.0.1/43781] INFO  server.RaftServerConfigKeys (ConfUtils.java:logGet(46)) - raft.server.rpc.request.timeout = 60s (custom)
2022-11-24 06:38:32,334 [Listener at 127.0.0.1/43781] INFO  grpc.GrpcConfigKeys (ConfUtils.java:logGet(46)) - raft.grpc.server.heartbeat.channel = true (default)
2022-11-24 06:38:32,335 [Listener at 127.0.0.1/43781] INFO  grpc.GrpcConfigKeys (ConfUtils.java:logGet(46)) - raft.grpc.server.async.request.thread.pool.cached = true (default)
2022-11-24 06:38:32,335 [Listener at 127.0.0.1/43781] INFO  grpc.GrpcConfigKeys (ConfUtils.java:logGet(46)) - raft.grpc.server.async.request.thread.pool.size = 32 (default)
2022-11-24 06:38:32,336 [Listener at 127.0.0.1/43781] INFO  impl.DataStreamServerImpl (ConfUtils.java:logGet(46)) - raft.datastream.type = DISABLED (default)
2022-11-24 06:38:32,337 [Listener at 127.0.0.1/43781] INFO  server.RaftServerConfigKeys (ConfUtils.java:logGet(46)) - raft.server.threadpool.proxy.cached = true (default)
2022-11-24 06:38:32,337 [Listener at 127.0.0.1/43781] INFO  server.RaftServerConfigKeys (ConfUtils.java:logGet(46)) - raft.server.threadpool.proxy.size = 0 (default)
2022-11-24 06:38:32,337 [Listener at 127.0.0.1/43781] INFO  server.RaftServerConfigKeys (ConfUtils.java:logGet(46)) - raft.server.rpc.slowness.timeout = 300s (custom)
2022-11-24 06:38:32,337 [Listener at 127.0.0.1/43781] INFO  server.RaftServerConfigKeys (ConfUtils.java:logGet(46)) - raft.server.leaderelection.leader.step-down.wait-time = 10s (default)
2022-11-24 06:38:32,337 [Listener at 127.0.0.1/43781] INFO  server.RaftServerConfigKeys (ConfUtils.java:logGet(46)) - raft.server.storage.dir = [/home/runner/work/ozone/ozone/hadoop-ozone/integration-test/target/test-dir/MiniOzoneClusterImpl-3ca4de4a-72c8-4c23-a990-0556c1b2e11a/datanode-8/data/ratis] (custom)
2022-11-24 06:38:32,340 [Listener at 127.0.0.1/43781] INFO  server.XceiverServerGrpc (XceiverServerGrpc.java:<init>(132)) - GrpcServer channel type EpollServerSocketChannel
2022-11-24 06:38:32,344 [Listener at 127.0.0.1/43781] INFO  http.BaseHttpServer (BaseHttpServer.java:newHttpServer2BuilderForOzone(213)) - Starting Web-server for hddsDatanode at: http://0.0.0.0:0
2022-11-24 06:38:32,345 [Listener at 127.0.0.1/43781] INFO  http.BaseHttpServer (BaseHttpServer.java:<init>(108)) - Hadoop Security Enabled: false Ozone Security Enabled: false Ozone HTTP Security Enabled: false 
2022-11-24 06:38:32,346 [Listener at 127.0.0.1/43781] WARN  server.AuthenticationFilter (AuthenticationFilter.java:constructSecretProvider(240)) - Unable to initialize FileSignerSecretProvider, falling back to use random secrets. Reason: Could not read signature secret file: /home/runner/hadoop-http-auth-signature-secret
2022-11-24 06:38:32,347 [Listener at 127.0.0.1/43781] WARN  http.HttpRequestLog (HttpRequestLog.java:getRequestLog(103)) - Jetty request log can only be enabled using Log4j
2022-11-24 06:38:32,348 [Listener at 127.0.0.1/43781] INFO  http.HttpServer2 (HttpServer2.java:addGlobalFilter(1031)) - Added global filter 'safety' (class=org.apache.hadoop.hdds.server.http.HttpServer2$QuotingInputFilter)
2022-11-24 06:38:32,349 [Listener at 127.0.0.1/43781] INFO  http.HttpServer2 (HttpServer2.java:addFilter(1007)) - Added filter static_user_filter (class=org.apache.hadoop.http.lib.StaticUserWebFilter$StaticUserFilter) to context hddsDatanode
2022-11-24 06:38:32,349 [Listener at 127.0.0.1/43781] INFO  http.HttpServer2 (HttpServer2.java:addFilter(1015)) - Added filter static_user_filter (class=org.apache.hadoop.http.lib.StaticUserWebFilter$StaticUserFilter) to context logs
2022-11-24 06:38:32,350 [Listener at 127.0.0.1/43781] INFO  http.HttpServer2 (HttpServer2.java:addFilter(1015)) - Added filter static_user_filter (class=org.apache.hadoop.http.lib.StaticUserWebFilter$StaticUserFilter) to context static
2022-11-24 06:38:32,350 [Listener at 127.0.0.1/43781] INFO  http.HttpServer2 (HttpServer2.java:bindListener(1250)) - Jetty bound to port 38493
2022-11-24 06:38:32,351 [Listener at 127.0.0.1/43781] INFO  server.Server (Server.java:doStart(375)) - jetty-9.4.49.v20220914; built: 2022-09-14T01:07:36.601Z; git: 4231a3b2e4cb8548a412a789936d640a97b1aa0a; jvm 1.8.0_345-b01
2022-11-24 06:38:32,375 [Listener at 127.0.0.1/43781] INFO  server.session (DefaultSessionIdManager.java:doStart(334)) - DefaultSessionIdManager workerName=node0
2022-11-24 06:38:32,375 [Listener at 127.0.0.1/43781] INFO  server.session (DefaultSessionIdManager.java:doStart(339)) - No SessionScavenger set, using defaults
2022-11-24 06:38:32,375 [Listener at 127.0.0.1/43781] INFO  server.session (HouseKeeper.java:startScavenging(132)) - node0 Scavenging every 600000ms
2022-11-24 06:38:32,376 [Listener at 127.0.0.1/43781] INFO  handler.ContextHandler (ContextHandler.java:doStart(921)) - Started o.e.j.s.ServletContextHandler@477b324e{logs,/logs,file:///home/runner/work/ozone/ozone/hadoop-ozone/integration-test/target/log,AVAILABLE}
2022-11-24 06:38:32,377 [Listener at 127.0.0.1/43781] INFO  handler.ContextHandler (ContextHandler.java:doStart(921)) - Started o.e.j.s.ServletContextHandler@1b2c756a{static,/static,jar:file:/home/runner/.m2/repository/org/apache/ozone/hdds-container-service/1.3.0-SNAPSHOT/hdds-container-service-1.3.0-SNAPSHOT.jar!/webapps/static,AVAILABLE}
2022-11-24 06:38:32,461 [EndpointStateMachine task thread for /0.0.0.0:42997 - 0 ] INFO  utils.DatanodeStoreCache (DatanodeStoreCache.java:addDB(58)) - Added db /home/runner/work/ozone/ozone/hadoop-ozone/integration-test/target/test-dir/MiniOzoneClusterImpl-3ca4de4a-72c8-4c23-a990-0556c1b2e11a/datanode-3/data-0/containers/hdds/3ca4de4a-72c8-4c23-a990-0556c1b2e11a/DS-4d9f59a4-1cd4-4010-afab-bca64171c24c/container.db to cache
2022-11-24 06:38:32,461 [EndpointStateMachine task thread for /0.0.0.0:42997 - 0 ] INFO  volume.HddsVolume (HddsVolume.java:createDbStore(307)) - SchemaV3 db is created and loaded at /home/runner/work/ozone/ozone/hadoop-ozone/integration-test/target/test-dir/MiniOzoneClusterImpl-3ca4de4a-72c8-4c23-a990-0556c1b2e11a/datanode-3/data-0/containers/hdds/3ca4de4a-72c8-4c23-a990-0556c1b2e11a/DS-4d9f59a4-1cd4-4010-afab-bca64171c24c/container.db for volume DS-4d9f59a4-1cd4-4010-afab-bca64171c24c
2022-11-24 06:38:32,462 [EndpointStateMachine task thread for /0.0.0.0:42997 - 0 ] INFO  ozoneimpl.OzoneContainer (OzoneContainer.java:start(395)) - Attempting to start container services.
2022-11-24 06:38:32,462 [EndpointStateMachine task thread for /0.0.0.0:42997 - 0 ] INFO  ozoneimpl.OzoneContainer (OzoneContainer.java:startContainerScrub(312)) - Scheduled background container scanners and the on-demand container scanner have been disabled.
2022-11-24 06:38:32,464 [EndpointStateMachine task thread for /0.0.0.0:42997 - 0 ] INFO  replication.ReplicationServer (ReplicationServer.java:start(111)) - ReplicationServer is started using port 44501
2022-11-24 06:38:32,465 [EndpointStateMachine task thread for /0.0.0.0:42997 - 0 ] INFO  ratis.XceiverServerRatis (XceiverServerRatis.java:start(481)) - Starting XceiverServerRatis db462c09-4a41-41c4-b065-df9d46fc3c08
2022-11-24 06:38:32,469 [EndpointStateMachine task thread for /0.0.0.0:42997 - 0 ] INFO  server.RaftServer (RaftServerProxy.java:startImpl(393)) - db462c09-4a41-41c4-b065-df9d46fc3c08: start RPC server
2022-11-24 06:38:32,476 [EndpointStateMachine task thread for /0.0.0.0:42997 - 0 ] INFO  server.GrpcService (GrpcService.java:startImpl(270)) - db462c09-4a41-41c4-b065-df9d46fc3c08: GrpcService started, listening on 45705
2022-11-24 06:38:32,476 [EndpointStateMachine task thread for /0.0.0.0:42997 - 0 ] INFO  ratis.XceiverServerRatis (XceiverServerRatis.java:getRealPort(502)) - XceiverServerRatis db462c09-4a41-41c4-b065-df9d46fc3c08 is started using port 45705 for RATIS
2022-11-24 06:38:32,476 [EndpointStateMachine task thread for /0.0.0.0:42997 - 0 ] INFO  ratis.XceiverServerRatis (XceiverServerRatis.java:getRealPort(502)) - XceiverServerRatis db462c09-4a41-41c4-b065-df9d46fc3c08 is started using port 45705 for RATIS_ADMIN
2022-11-24 06:38:32,476 [EndpointStateMachine task thread for /0.0.0.0:42997 - 0 ] INFO  ratis.XceiverServerRatis (XceiverServerRatis.java:getRealPort(502)) - XceiverServerRatis db462c09-4a41-41c4-b065-df9d46fc3c08 is started using port 45705 for RATIS_SERVER
2022-11-24 06:38:32,476 [JvmPauseMonitor4] INFO  util.JvmPauseMonitor (JvmPauseMonitor.java:run(105)) - JvmPauseMonitor-db462c09-4a41-41c4-b065-df9d46fc3c08: Started
2022-11-24 06:38:32,488 [EndpointStateMachine task thread for /0.0.0.0:42997 - 0 ] INFO  server.XceiverServerGrpc (XceiverServerGrpc.java:start(180)) - XceiverServerGrpc db462c09-4a41-41c4-b065-df9d46fc3c08 is started using port 35325
2022-11-24 06:38:32,595 [Listener at 127.0.0.1/43781] INFO  handler.ContextHandler (ContextHandler.java:doStart(921)) - Started o.e.j.w.WebAppContext@2e5ac612{hddsDatanode,/,file:///tmp/jetty-0_0_0_0-38493-hdds-container-service-1_3_0-SNAPSHOT_jar-_-any-3500730901398639796/webapp/,AVAILABLE}{jar:file:/home/runner/.m2/repository/org/apache/ozone/hdds-container-service/1.3.0-SNAPSHOT/hdds-container-service-1.3.0-SNAPSHOT.jar!/webapps/hddsDatanode}
2022-11-24 06:38:32,599 [Listener at 127.0.0.1/43781] INFO  server.AbstractConnector (AbstractConnector.java:doStart(333)) - Started ServerConnector@2cca83a4{HTTP/1.1, (http/1.1)}{0.0.0.0:38493}
2022-11-24 06:38:32,599 [Listener at 127.0.0.1/43781] INFO  server.Server (Server.java:doStart(415)) - Started @13801ms
2022-11-24 06:38:32,599 [Listener at 127.0.0.1/43781] WARN  impl.MetricsSystemImpl (MetricsSystemImpl.java:register(279)) - Sink prometheus already exists!
2022-11-24 06:38:32,600 [Listener at 127.0.0.1/43781] INFO  http.BaseHttpServer (BaseHttpServer.java:updateConnectorAddress(333)) - HTTP server of hddsDatanode listening at http://0.0.0.0:38493
2022-11-24 06:38:32,602 [Datanode State Machine Daemon Thread] INFO  statemachine.DatanodeStateMachine (DatanodeStateMachine.java:lambda$startDaemon$0(505)) - Ozone container server started.
2022-11-24 06:38:32,609 [Listener at 127.0.0.1/43781] WARN  impl.MetricRegistriesImpl (MetricRegistriesImpl.java:addReporterRegistration(111)) - New reporters are added after registries were created. Some metrics will be missing from the reporter. Please add reporter before adding any new registry.
2022-11-24 06:38:32,609 [Listener at 127.0.0.1/43781] WARN  impl.MetricRegistriesImpl (MetricRegistriesImpl.java:addReporterRegistration(111)) - New reporters are added after registries were created. Some metrics will be missing from the reporter. Please add reporter before adding any new registry.
2022-11-24 06:38:32,609 [Listener at 127.0.0.1/43781] INFO  impl.MetricsSystemImpl (MetricsSystemImpl.java:init(158)) - HddsDatanode metrics system started (again)
2022-11-24 06:38:32,620 [org.apache.hadoop.util.JvmPauseMonitor$Monitor@5c74dd47] INFO  util.JvmPauseMonitor (JvmPauseMonitor.java:run(188)) - Starting JVM pause monitor
2022-11-24 06:38:32,627 [Datanode State Machine Task Thread - 0] INFO  datanode.InitDatanodeState (InitDatanodeState.java:persistContainerDatanodeDetails(138)) - DatanodeDetails is persisted to /home/runner/work/ozone/ozone/hadoop-ozone/integration-test/target/test-dir/MiniOzoneClusterImpl-3ca4de4a-72c8-4c23-a990-0556c1b2e11a/datanode-8/meta/datanode.id
2022-11-24 06:38:32,631 [Listener at 127.0.0.1/43781] INFO  ozone.HddsDatanodeService (HddsDatanodeService.java:start(236)) - HddsDatanodeService host:fv-az453-211.hss2zji4abbufegd5wcf2so25h.dx.internal.cloudapp.net ip:10.1.1.33
2022-11-24 06:38:32,654 [Listener at 127.0.0.1/43781] INFO  upgrade.AbstractLayoutVersionManager (AbstractLayoutVersionManager.java:init(83)) - Initializing Layout version manager with metadata layout = DATANODE_SCHEMA_V3 (version = 4), software layout = DATANODE_SCHEMA_V3 (version = 4)
2022-11-24 06:38:32,711 [Listener at 127.0.0.1/43781] INFO  reflections.Reflections (Reflections.java:scan(232)) - Reflections took 52 ms to scan 7 urls, producing 140 keys and 342 values 
2022-11-24 06:38:32,713 [Listener at 127.0.0.1/43781] INFO  statemachine.DatanodeStateMachine (DatanodeStateMachine.java:getEndPointTaskThreadPoolSize(245)) - Datanode State Machine Task Thread Pool size 2
2022-11-24 06:38:32,715 [Listener at 127.0.0.1/43781] INFO  volume.HddsVolume (HddsVolume.java:<init>(117)) - Creating HddsVolume: /home/runner/work/ozone/ozone/hadoop-ozone/integration-test/target/test-dir/MiniOzoneClusterImpl-3ca4de4a-72c8-4c23-a990-0556c1b2e11a/datanode-9/data-0/containers/hdds of storage type : DISK capacity : 9223372036854775807
2022-11-24 06:38:32,715 [Listener at 127.0.0.1/43781] INFO  volume.MutableVolumeSet (MutableVolumeSet.java:initializeVolumeSet(174)) - Added Volume : /home/runner/work/ozone/ozone/hadoop-ozone/integration-test/target/test-dir/MiniOzoneClusterImpl-3ca4de4a-72c8-4c23-a990-0556c1b2e11a/datanode-9/data-0/containers/hdds to VolumeSet
2022-11-24 06:38:32,716 [Listener at 127.0.0.1/43781] INFO  volume.ThrottledAsyncChecker (ThrottledAsyncChecker.java:schedule(141)) - Scheduling a check for /home/runner/work/ozone/ozone/hadoop-ozone/integration-test/target/test-dir/MiniOzoneClusterImpl-3ca4de4a-72c8-4c23-a990-0556c1b2e11a/datanode-9/data-0/containers/hdds
2022-11-24 06:38:32,723 [Listener at 127.0.0.1/43781] INFO  volume.StorageVolumeChecker (StorageVolumeChecker.java:checkAllVolumes(202)) - Scheduled health check for volume /home/runner/work/ozone/ozone/hadoop-ozone/integration-test/target/test-dir/MiniOzoneClusterImpl-3ca4de4a-72c8-4c23-a990-0556c1b2e11a/datanode-9/data-0/containers/hdds
2022-11-24 06:38:32,736 [Listener at 127.0.0.1/43781] INFO  volume.MutableVolumeSet (MutableVolumeSet.java:initializeVolumeSet(174)) - Added Volume : /home/runner/work/ozone/ozone/hadoop-ozone/integration-test/target/test-dir/MiniOzoneClusterImpl-3ca4de4a-72c8-4c23-a990-0556c1b2e11a/datanode-9/data/ratis to VolumeSet
2022-11-24 06:38:32,736 [Listener at 127.0.0.1/43781] INFO  volume.ThrottledAsyncChecker (ThrottledAsyncChecker.java:schedule(141)) - Scheduling a check for /home/runner/work/ozone/ozone/hadoop-ozone/integration-test/target/test-dir/MiniOzoneClusterImpl-3ca4de4a-72c8-4c23-a990-0556c1b2e11a/datanode-9/data/ratis
2022-11-24 06:38:32,737 [Listener at 127.0.0.1/43781] INFO  volume.StorageVolumeChecker (StorageVolumeChecker.java:checkAllVolumes(202)) - Scheduled health check for volume /home/runner/work/ozone/ozone/hadoop-ozone/integration-test/target/test-dir/MiniOzoneClusterImpl-3ca4de4a-72c8-4c23-a990-0556c1b2e11a/datanode-9/data/ratis
2022-11-24 06:38:32,748 [Thread-276] INFO  ozoneimpl.ContainerReader (ContainerReader.java:readVolume(175)) - Finish verifying containers on volume /home/runner/work/ozone/ozone/hadoop-ozone/integration-test/target/test-dir/MiniOzoneClusterImpl-3ca4de4a-72c8-4c23-a990-0556c1b2e11a/datanode-9/data-0/containers/hdds
2022-11-24 06:38:32,749 [Listener at 127.0.0.1/43781] INFO  ozoneimpl.OzoneContainer (OzoneContainer.java:buildContainerSet(301)) - Build ContainerSet costs 0s
2022-11-24 06:38:32,753 [Listener at 127.0.0.1/43781] INFO  server.RaftServer (ConfUtils.java:logGet(46)) - raft.rpc.type = GRPC (default)
2022-11-24 06:38:32,753 [Listener at 127.0.0.1/43781] INFO  grpc.GrpcConfigKeys (ConfUtils.java:logFallback(53)) - raft.grpc.admin.host = null (fallback to raft.grpc.server.host)
2022-11-24 06:38:32,753 [Listener at 127.0.0.1/43781] INFO  grpc.GrpcConfigKeys (ConfUtils.java:logGet(46)) - raft.grpc.admin.port = 0 (custom)
2022-11-24 06:38:32,754 [Listener at 127.0.0.1/43781] INFO  grpc.GrpcConfigKeys (ConfUtils.java:logFallback(53)) - raft.grpc.client.host = null (fallback to raft.grpc.server.host)
2022-11-24 06:38:32,754 [Listener at 127.0.0.1/43781] INFO  grpc.GrpcConfigKeys (ConfUtils.java:logGet(46)) - raft.grpc.client.port = 0 (custom)
2022-11-24 06:38:32,754 [Listener at 127.0.0.1/43781] INFO  grpc.GrpcConfigKeys (ConfUtils.java:logGet(46)) - raft.grpc.server.host = null (default)
2022-11-24 06:38:32,754 [Listener at 127.0.0.1/43781] INFO  grpc.GrpcConfigKeys (ConfUtils.java:logGet(46)) - raft.grpc.server.port = 0 (default)
2022-11-24 06:38:32,754 [Listener at 127.0.0.1/43781] INFO  server.GrpcService (ConfUtils.java:logGet(46)) - raft.grpc.message.size.max = 32MB (=33554432) (custom)
2022-11-24 06:38:32,755 [Listener at 127.0.0.1/43781] INFO  server.RaftServerConfigKeys (ConfUtils.java:logGet(46)) - raft.server.log.appender.buffer.byte-limit = 33554432 (custom)
2022-11-24 06:38:32,755 [Listener at 127.0.0.1/43781] INFO  server.GrpcService (ConfUtils.java:logGet(46)) - raft.grpc.flow.control.window = 5MB (=5242880) (custom)
2022-11-24 06:38:32,755 [Listener at 127.0.0.1/43781] INFO  server.RaftServerConfigKeys (ConfUtils.java:logGet(46)) - raft.server.rpc.request.timeout = 60s (custom)
2022-11-24 06:38:32,755 [Listener at 127.0.0.1/43781] INFO  grpc.GrpcConfigKeys (ConfUtils.java:logGet(46)) - raft.grpc.server.heartbeat.channel = true (default)
2022-11-24 06:38:32,755 [Listener at 127.0.0.1/43781] INFO  grpc.GrpcConfigKeys (ConfUtils.java:logGet(46)) - raft.grpc.server.async.request.thread.pool.cached = true (default)
2022-11-24 06:38:32,756 [Listener at 127.0.0.1/43781] INFO  grpc.GrpcConfigKeys (ConfUtils.java:logGet(46)) - raft.grpc.server.async.request.thread.pool.size = 32 (default)
2022-11-24 06:38:32,757 [Listener at 127.0.0.1/43781] INFO  impl.DataStreamServerImpl (ConfUtils.java:logGet(46)) - raft.datastream.type = DISABLED (default)
2022-11-24 06:38:32,757 [Listener at 127.0.0.1/43781] INFO  server.RaftServerConfigKeys (ConfUtils.java:logGet(46)) - raft.server.threadpool.proxy.cached = true (default)
2022-11-24 06:38:32,757 [Listener at 127.0.0.1/43781] INFO  server.RaftServerConfigKeys (ConfUtils.java:logGet(46)) - raft.server.threadpool.proxy.size = 0 (default)
2022-11-24 06:38:32,758 [Listener at 127.0.0.1/43781] INFO  server.RaftServerConfigKeys (ConfUtils.java:logGet(46)) - raft.server.rpc.slowness.timeout = 300s (custom)
2022-11-24 06:38:32,758 [Listener at 127.0.0.1/43781] INFO  server.RaftServerConfigKeys (ConfUtils.java:logGet(46)) - raft.server.leaderelection.leader.step-down.wait-time = 10s (default)
2022-11-24 06:38:32,758 [Listener at 127.0.0.1/43781] INFO  server.RaftServerConfigKeys (ConfUtils.java:logGet(46)) - raft.server.storage.dir = [/home/runner/work/ozone/ozone/hadoop-ozone/integration-test/target/test-dir/MiniOzoneClusterImpl-3ca4de4a-72c8-4c23-a990-0556c1b2e11a/datanode-9/data/ratis] (custom)
2022-11-24 06:38:32,760 [Listener at 127.0.0.1/43781] INFO  server.XceiverServerGrpc (XceiverServerGrpc.java:<init>(132)) - GrpcServer channel type EpollServerSocketChannel
2022-11-24 06:38:32,764 [Listener at 127.0.0.1/43781] INFO  http.BaseHttpServer (BaseHttpServer.java:newHttpServer2BuilderForOzone(213)) - Starting Web-server for hddsDatanode at: http://0.0.0.0:0
2022-11-24 06:38:32,765 [Listener at 127.0.0.1/43781] INFO  http.BaseHttpServer (BaseHttpServer.java:<init>(108)) - Hadoop Security Enabled: false Ozone Security Enabled: false Ozone HTTP Security Enabled: false 
2022-11-24 06:38:32,766 [Listener at 127.0.0.1/43781] WARN  server.AuthenticationFilter (AuthenticationFilter.java:constructSecretProvider(240)) - Unable to initialize FileSignerSecretProvider, falling back to use random secrets. Reason: Could not read signature secret file: /home/runner/hadoop-http-auth-signature-secret
2022-11-24 06:38:32,767 [Listener at 127.0.0.1/43781] WARN  http.HttpRequestLog (HttpRequestLog.java:getRequestLog(103)) - Jetty request log can only be enabled using Log4j
2022-11-24 06:38:32,769 [Listener at 127.0.0.1/43781] INFO  http.HttpServer2 (HttpServer2.java:addGlobalFilter(1031)) - Added global filter 'safety' (class=org.apache.hadoop.hdds.server.http.HttpServer2$QuotingInputFilter)
2022-11-24 06:38:32,769 [Listener at 127.0.0.1/43781] INFO  http.HttpServer2 (HttpServer2.java:addFilter(1007)) - Added filter static_user_filter (class=org.apache.hadoop.http.lib.StaticUserWebFilter$StaticUserFilter) to context hddsDatanode
2022-11-24 06:38:32,770 [Listener at 127.0.0.1/43781] INFO  http.HttpServer2 (HttpServer2.java:addFilter(1015)) - Added filter static_user_filter (class=org.apache.hadoop.http.lib.StaticUserWebFilter$StaticUserFilter) to context logs
2022-11-24 06:38:32,770 [Listener at 127.0.0.1/43781] INFO  http.HttpServer2 (HttpServer2.java:addFilter(1015)) - Added filter static_user_filter (class=org.apache.hadoop.http.lib.StaticUserWebFilter$StaticUserFilter) to context static
2022-11-24 06:38:32,771 [Listener at 127.0.0.1/43781] INFO  http.HttpServer2 (HttpServer2.java:bindListener(1250)) - Jetty bound to port 45825
2022-11-24 06:38:32,771 [Listener at 127.0.0.1/43781] INFO  server.Server (Server.java:doStart(375)) - jetty-9.4.49.v20220914; built: 2022-09-14T01:07:36.601Z; git: 4231a3b2e4cb8548a412a789936d640a97b1aa0a; jvm 1.8.0_345-b01
2022-11-24 06:38:32,773 [Listener at 127.0.0.1/43781] INFO  server.session (DefaultSessionIdManager.java:doStart(334)) - DefaultSessionIdManager workerName=node0
2022-11-24 06:38:32,773 [Listener at 127.0.0.1/43781] INFO  server.session (DefaultSessionIdManager.java:doStart(339)) - No SessionScavenger set, using defaults
2022-11-24 06:38:32,773 [Listener at 127.0.0.1/43781] INFO  server.session (HouseKeeper.java:startScavenging(132)) - node0 Scavenging every 600000ms
2022-11-24 06:38:32,774 [Listener at 127.0.0.1/43781] INFO  handler.ContextHandler (ContextHandler.java:doStart(921)) - Started o.e.j.s.ServletContextHandler@5027e367{logs,/logs,file:///home/runner/work/ozone/ozone/hadoop-ozone/integration-test/target/log,AVAILABLE}
2022-11-24 06:38:32,775 [Listener at 127.0.0.1/43781] INFO  handler.ContextHandler (ContextHandler.java:doStart(921)) - Started o.e.j.s.ServletContextHandler@53aa86b7{static,/static,jar:file:/home/runner/.m2/repository/org/apache/ozone/hdds-container-service/1.3.0-SNAPSHOT/hdds-container-service-1.3.0-SNAPSHOT.jar!/webapps/static,AVAILABLE}
2022-11-24 06:38:32,791 [ReplicationMonitor] INFO  replication.ReplicationManager (ReplicationManager.java:processAll(320)) - Replication Manager is not ready to run until 3000ms after safemode exit
2022-11-24 06:38:32,846 [EndpointStateMachine task thread for /0.0.0.0:42997 - 0 ] INFO  utils.DatanodeStoreCache (DatanodeStoreCache.java:addDB(58)) - Added db /home/runner/work/ozone/ozone/hadoop-ozone/integration-test/target/test-dir/MiniOzoneClusterImpl-3ca4de4a-72c8-4c23-a990-0556c1b2e11a/datanode-4/data-0/containers/hdds/3ca4de4a-72c8-4c23-a990-0556c1b2e11a/DS-0a058485-b24d-4924-850d-598f96c4c77d/container.db to cache
2022-11-24 06:38:32,847 [EndpointStateMachine task thread for /0.0.0.0:42997 - 0 ] INFO  volume.HddsVolume (HddsVolume.java:createDbStore(307)) - SchemaV3 db is created and loaded at /home/runner/work/ozone/ozone/hadoop-ozone/integration-test/target/test-dir/MiniOzoneClusterImpl-3ca4de4a-72c8-4c23-a990-0556c1b2e11a/datanode-4/data-0/containers/hdds/3ca4de4a-72c8-4c23-a990-0556c1b2e11a/DS-0a058485-b24d-4924-850d-598f96c4c77d/container.db for volume DS-0a058485-b24d-4924-850d-598f96c4c77d
2022-11-24 06:38:32,847 [EndpointStateMachine task thread for /0.0.0.0:42997 - 0 ] INFO  ozoneimpl.OzoneContainer (OzoneContainer.java:start(395)) - Attempting to start container services.
2022-11-24 06:38:32,847 [EndpointStateMachine task thread for /0.0.0.0:42997 - 0 ] INFO  ozoneimpl.OzoneContainer (OzoneContainer.java:startContainerScrub(312)) - Scheduled background container scanners and the on-demand container scanner have been disabled.
2022-11-24 06:38:32,850 [EndpointStateMachine task thread for /0.0.0.0:42997 - 0 ] INFO  replication.ReplicationServer (ReplicationServer.java:start(111)) - ReplicationServer is started using port 36327
2022-11-24 06:38:32,850 [EndpointStateMachine task thread for /0.0.0.0:42997 - 0 ] INFO  ratis.XceiverServerRatis (XceiverServerRatis.java:start(481)) - Starting XceiverServerRatis 2412583d-f0ce-4b83-96a1-c4f14f6f25ae
2022-11-24 06:38:32,865 [EndpointStateMachine task thread for /0.0.0.0:42997 - 0 ] INFO  server.RaftServer (RaftServerProxy.java:startImpl(393)) - 2412583d-f0ce-4b83-96a1-c4f14f6f25ae: start RPC server
2022-11-24 06:38:32,875 [EndpointStateMachine task thread for /0.0.0.0:42997 - 0 ] INFO  server.GrpcService (GrpcService.java:startImpl(270)) - 2412583d-f0ce-4b83-96a1-c4f14f6f25ae: GrpcService started, listening on 34367
2022-11-24 06:38:32,875 [EndpointStateMachine task thread for /0.0.0.0:42997 - 0 ] INFO  ratis.XceiverServerRatis (XceiverServerRatis.java:getRealPort(502)) - XceiverServerRatis 2412583d-f0ce-4b83-96a1-c4f14f6f25ae is started using port 34367 for RATIS
2022-11-24 06:38:32,875 [JvmPauseMonitor5] INFO  util.JvmPauseMonitor (JvmPauseMonitor.java:run(105)) - JvmPauseMonitor-2412583d-f0ce-4b83-96a1-c4f14f6f25ae: Started
2022-11-24 06:38:32,875 [EndpointStateMachine task thread for /0.0.0.0:42997 - 0 ] INFO  ratis.XceiverServerRatis (XceiverServerRatis.java:getRealPort(502)) - XceiverServerRatis 2412583d-f0ce-4b83-96a1-c4f14f6f25ae is started using port 34367 for RATIS_ADMIN
2022-11-24 06:38:32,876 [EndpointStateMachine task thread for /0.0.0.0:42997 - 0 ] INFO  ratis.XceiverServerRatis (XceiverServerRatis.java:getRealPort(502)) - XceiverServerRatis 2412583d-f0ce-4b83-96a1-c4f14f6f25ae is started using port 34367 for RATIS_SERVER
2022-11-24 06:38:32,882 [EndpointStateMachine task thread for /0.0.0.0:42997 - 0 ] INFO  server.XceiverServerGrpc (XceiverServerGrpc.java:start(180)) - XceiverServerGrpc 2412583d-f0ce-4b83-96a1-c4f14f6f25ae is started using port 42617
2022-11-24 06:38:32,936 [IPC Server handler 2 on default port 42997] INFO  net.NetworkTopologyImpl (NetworkTopologyImpl.java:add(112)) - Added a new node: /default-rack/fb3b41a4-a9f1-45d3-bf74-4074fcf3e767
2022-11-24 06:38:32,940 [IPC Server handler 2 on default port 42997] INFO  node.SCMNodeManager (SCMNodeManager.java:register(397)) - Registered Data node : fb3b41a4-a9f1-45d3-bf74-4074fcf3e767{ip: 10.1.1.33, host: fv-az453-211.hss2zji4abbufegd5wcf2so25h.dx.internal.cloudapp.net, ports: [REPLICATION=44533, RATIS=41917, RATIS_ADMIN=41917, RATIS_SERVER=41917, STANDALONE=33289], networkLocation: /default-rack, certSerialId: null, persistedOpState: null, persistedOpStateExpiryEpochSec: 0}
2022-11-24 06:38:32,952 [EventQueue-NewNodeForNewNodeHandler] INFO  pipeline.BackgroundPipelineCreator (BackgroundPipelineCreator.java:notifyEventTriggered(276)) - trigger a one-shot run on RatisPipelineUtilsThread.
2022-11-24 06:38:32,955 [EventQueue-NodeRegistrationContainerReportForContainerSafeModeRule] INFO  safemode.SCMSafeModeManager (SCMSafeModeManager.java:validateSafeModeExitRules(204)) - ContainerSafeModeRule rule is successfully validated
2022-11-24 06:38:32,959 [EventQueue-NodeRegistrationContainerReportForDataNodeSafeModeRule] INFO  safemode.SCMSafeModeManager (DataNodeSafeModeRule.java:process(71)) - SCM in safe mode. 1 DataNodes registered, 3 required.
2022-11-24 06:38:32,962 [RatisPipelineUtilsThread - 0] INFO  pipeline.RatisPipelineProvider (RatisPipelineProvider.java:lambda$create$0(195)) - Sending CreatePipelineCommand for pipeline:PipelineID=bd3c6721-1ed8-4ff3-a7c8-26cca98a274a to datanode:fb3b41a4-a9f1-45d3-bf74-4074fcf3e767
2022-11-24 06:38:32,963 [EventQueue-PipelineReportForOneReplicaPipelineSafeModeRule] INFO  safemode.SCMSafeModeManager (SCMSafeModeManager.java:validateSafeModeExitRules(204)) - AtleastOneDatanodeReportedRule rule is successfully validated
2022-11-24 06:38:32,986 [RatisPipelineUtilsThread - 0] INFO  pipeline.PipelineStateManagerImpl (PipelineStateManagerImpl.java:addPipeline(103)) - Created pipeline Pipeline[ Id: bd3c6721-1ed8-4ff3-a7c8-26cca98a274a, Nodes: fb3b41a4-a9f1-45d3-bf74-4074fcf3e767{ip: 10.1.1.33, host: fv-az453-211.hss2zji4abbufegd5wcf2so25h.dx.internal.cloudapp.net, ports: [REPLICATION=44533, RATIS=41917, RATIS_ADMIN=41917, RATIS_SERVER=41917, STANDALONE=33289], networkLocation: /default-rack, certSerialId: null, persistedOpState: IN_SERVICE, persistedOpStateExpiryEpochSec: 0}, ReplicationConfig: RATIS/ONE, State:ALLOCATED, leaderId:, CreationTimestamp2022-11-24T06:38:32.961Z[Etc/UTC]].
2022-11-24 06:38:33,040 [Listener at 127.0.0.1/43781] INFO  handler.ContextHandler (ContextHandler.java:doStart(921)) - Started o.e.j.w.WebAppContext@73e87b96{hddsDatanode,/,file:///tmp/jetty-0_0_0_0-45825-hdds-container-service-1_3_0-SNAPSHOT_jar-_-any-4342182255656803062/webapp/,AVAILABLE}{jar:file:/home/runner/.m2/repository/org/apache/ozone/hdds-container-service/1.3.0-SNAPSHOT/hdds-container-service-1.3.0-SNAPSHOT.jar!/webapps/hddsDatanode}
2022-11-24 06:38:33,042 [Listener at 127.0.0.1/43781] INFO  server.AbstractConnector (AbstractConnector.java:doStart(333)) - Started ServerConnector@2cb7d48d{HTTP/1.1, (http/1.1)}{0.0.0.0:45825}
2022-11-24 06:38:33,043 [Listener at 127.0.0.1/43781] INFO  server.Server (Server.java:doStart(415)) - Started @14245ms
2022-11-24 06:38:33,043 [Listener at 127.0.0.1/43781] WARN  impl.MetricsSystemImpl (MetricsSystemImpl.java:register(279)) - Sink prometheus already exists!
2022-11-24 06:38:33,044 [Listener at 127.0.0.1/43781] INFO  http.BaseHttpServer (BaseHttpServer.java:updateConnectorAddress(333)) - HTTP server of hddsDatanode listening at http://0.0.0.0:45825
2022-11-24 06:38:33,044 [Datanode State Machine Daemon Thread] INFO  statemachine.DatanodeStateMachine (DatanodeStateMachine.java:lambda$startDaemon$0(505)) - Ozone container server started.
2022-11-24 06:38:33,050 [Listener at 127.0.0.1/43781] INFO  ozone.MiniOzoneClusterImpl (MiniOzoneClusterImpl.java:lambda$waitForClusterToBeReady$0(216)) - Waiting for nodes to be ready. Got 1 of 10 DN Heartbeats.
2022-11-24 06:38:33,050 [Listener at 127.0.0.1/43781] INFO  ozone.MiniOzoneClusterImpl (MiniOzoneClusterImpl.java:lambda$waitForClusterToBeReady$0(219)) - Waiting for cluster to exit safe mode
2022-11-24 06:38:33,050 [Listener at 127.0.0.1/43781] INFO  ozone.MiniOzoneClusterImpl (MiniOzoneClusterImpl.java:lambda$waitForClusterToBeReady$0(221)) - SCM became leader
2022-11-24 06:38:33,052 [org.apache.hadoop.util.JvmPauseMonitor$Monitor@195fd0b4] INFO  util.JvmPauseMonitor (JvmPauseMonitor.java:run(188)) - Starting JVM pause monitor
2022-11-24 06:38:33,055 [Datanode State Machine Task Thread - 0] INFO  datanode.InitDatanodeState (InitDatanodeState.java:persistContainerDatanodeDetails(138)) - DatanodeDetails is persisted to /home/runner/work/ozone/ozone/hadoop-ozone/integration-test/target/test-dir/MiniOzoneClusterImpl-3ca4de4a-72c8-4c23-a990-0556c1b2e11a/datanode-9/meta/datanode.id
2022-11-24 06:38:33,292 [EndpointStateMachine task thread for /0.0.0.0:42997 - 0 ] INFO  utils.DatanodeStoreCache (DatanodeStoreCache.java:addDB(58)) - Added db /home/runner/work/ozone/ozone/hadoop-ozone/integration-test/target/test-dir/MiniOzoneClusterImpl-3ca4de4a-72c8-4c23-a990-0556c1b2e11a/datanode-5/data-0/containers/hdds/3ca4de4a-72c8-4c23-a990-0556c1b2e11a/DS-c2f4dbce-65fc-4ea6-87d7-68d7413fc2b2/container.db to cache
2022-11-24 06:38:33,292 [EndpointStateMachine task thread for /0.0.0.0:42997 - 0 ] INFO  volume.HddsVolume (HddsVolume.java:createDbStore(307)) - SchemaV3 db is created and loaded at /home/runner/work/ozone/ozone/hadoop-ozone/integration-test/target/test-dir/MiniOzoneClusterImpl-3ca4de4a-72c8-4c23-a990-0556c1b2e11a/datanode-5/data-0/containers/hdds/3ca4de4a-72c8-4c23-a990-0556c1b2e11a/DS-c2f4dbce-65fc-4ea6-87d7-68d7413fc2b2/container.db for volume DS-c2f4dbce-65fc-4ea6-87d7-68d7413fc2b2
2022-11-24 06:38:33,293 [EndpointStateMachine task thread for /0.0.0.0:42997 - 0 ] INFO  ozoneimpl.OzoneContainer (OzoneContainer.java:start(395)) - Attempting to start container services.
2022-11-24 06:38:33,293 [EndpointStateMachine task thread for /0.0.0.0:42997 - 0 ] INFO  ozoneimpl.OzoneContainer (OzoneContainer.java:startContainerScrub(312)) - Scheduled background container scanners and the on-demand container scanner have been disabled.
2022-11-24 06:38:33,295 [EndpointStateMachine task thread for /0.0.0.0:42997 - 0 ] INFO  replication.ReplicationServer (ReplicationServer.java:start(111)) - ReplicationServer is started using port 46619
2022-11-24 06:38:33,296 [EndpointStateMachine task thread for /0.0.0.0:42997 - 0 ] INFO  ratis.XceiverServerRatis (XceiverServerRatis.java:start(481)) - Starting XceiverServerRatis 6fd96d8c-4ef2-4ba8-87f7-371671a16fe6
2022-11-24 06:38:33,297 [EndpointStateMachine task thread for /0.0.0.0:42997 - 0 ] INFO  server.RaftServer (RaftServerProxy.java:startImpl(393)) - 6fd96d8c-4ef2-4ba8-87f7-371671a16fe6: start RPC server
2022-11-24 06:38:33,299 [EndpointStateMachine task thread for /0.0.0.0:42997 - 0 ] INFO  server.GrpcService (GrpcService.java:startImpl(270)) - 6fd96d8c-4ef2-4ba8-87f7-371671a16fe6: GrpcService started, listening on 38311
2022-11-24 06:38:33,299 [EndpointStateMachine task thread for /0.0.0.0:42997 - 0 ] INFO  ratis.XceiverServerRatis (XceiverServerRatis.java:getRealPort(502)) - XceiverServerRatis 6fd96d8c-4ef2-4ba8-87f7-371671a16fe6 is started using port 38311 for RATIS
2022-11-24 06:38:33,300 [EndpointStateMachine task thread for /0.0.0.0:42997 - 0 ] INFO  ratis.XceiverServerRatis (XceiverServerRatis.java:getRealPort(502)) - XceiverServerRatis 6fd96d8c-4ef2-4ba8-87f7-371671a16fe6 is started using port 38311 for RATIS_ADMIN
2022-11-24 06:38:33,300 [EndpointStateMachine task thread for /0.0.0.0:42997 - 0 ] INFO  ratis.XceiverServerRatis (XceiverServerRatis.java:getRealPort(502)) - XceiverServerRatis 6fd96d8c-4ef2-4ba8-87f7-371671a16fe6 is started using port 38311 for RATIS_SERVER
2022-11-24 06:38:33,300 [JvmPauseMonitor6] INFO  util.JvmPauseMonitor (JvmPauseMonitor.java:run(105)) - JvmPauseMonitor-6fd96d8c-4ef2-4ba8-87f7-371671a16fe6: Started
2022-11-24 06:38:33,307 [EndpointStateMachine task thread for /0.0.0.0:42997 - 0 ] INFO  server.XceiverServerGrpc (XceiverServerGrpc.java:start(180)) - XceiverServerGrpc 6fd96d8c-4ef2-4ba8-87f7-371671a16fe6 is started using port 45669
2022-11-24 06:38:33,590 [IPC Server handler 1 on default port 42997] INFO  net.NetworkTopologyImpl (NetworkTopologyImpl.java:add(112)) - Added a new node: /default-rack/cb9a1e57-5a73-4518-a050-b0d695628b3e
2022-11-24 06:38:33,591 [IPC Server handler 1 on default port 42997] INFO  node.SCMNodeManager (SCMNodeManager.java:register(397)) - Registered Data node : cb9a1e57-5a73-4518-a050-b0d695628b3e{ip: 10.1.1.33, host: fv-az453-211.hss2zji4abbufegd5wcf2so25h.dx.internal.cloudapp.net, ports: [REPLICATION=41653, RATIS=33351, RATIS_ADMIN=33351, RATIS_SERVER=33351, STANDALONE=40057], networkLocation: /default-rack, certSerialId: null, persistedOpState: null, persistedOpStateExpiryEpochSec: 0}
2022-11-24 06:38:33,595 [EventQueue-NodeRegistrationContainerReportForDataNodeSafeModeRule] INFO  safemode.SCMSafeModeManager (DataNodeSafeModeRule.java:process(71)) - SCM in safe mode. 2 DataNodes registered, 3 required.
2022-11-24 06:38:33,595 [EventQueue-NewNodeForNewNodeHandler] INFO  pipeline.BackgroundPipelineCreator (BackgroundPipelineCreator.java:notifyEventTriggered(276)) - trigger a one-shot run on RatisPipelineUtilsThread.
2022-11-24 06:38:33,597 [RatisPipelineUtilsThread - 0] INFO  pipeline.RatisPipelineProvider (RatisPipelineProvider.java:lambda$create$0(195)) - Sending CreatePipelineCommand for pipeline:PipelineID=c0453bad-53f0-4204-a631-7b32be84cb0b to datanode:cb9a1e57-5a73-4518-a050-b0d695628b3e
2022-11-24 06:38:33,598 [RatisPipelineUtilsThread - 0] INFO  pipeline.PipelineStateManagerImpl (PipelineStateManagerImpl.java:addPipeline(103)) - Created pipeline Pipeline[ Id: c0453bad-53f0-4204-a631-7b32be84cb0b, Nodes: cb9a1e57-5a73-4518-a050-b0d695628b3e{ip: 10.1.1.33, host: fv-az453-211.hss2zji4abbufegd5wcf2so25h.dx.internal.cloudapp.net, ports: [REPLICATION=41653, RATIS=33351, RATIS_ADMIN=33351, RATIS_SERVER=33351, STANDALONE=40057], networkLocation: /default-rack, certSerialId: null, persistedOpState: IN_SERVICE, persistedOpStateExpiryEpochSec: 0}, ReplicationConfig: RATIS/ONE, State:ALLOCATED, leaderId:, CreationTimestamp2022-11-24T06:38:33.597Z[Etc/UTC]].
2022-11-24 06:38:33,789 [EndpointStateMachine task thread for /0.0.0.0:42997 - 0 ] INFO  utils.DatanodeStoreCache (DatanodeStoreCache.java:addDB(58)) - Added db /home/runner/work/ozone/ozone/hadoop-ozone/integration-test/target/test-dir/MiniOzoneClusterImpl-3ca4de4a-72c8-4c23-a990-0556c1b2e11a/datanode-6/data-0/containers/hdds/3ca4de4a-72c8-4c23-a990-0556c1b2e11a/DS-0432710e-923f-410d-aac0-9c9eef136c4e/container.db to cache
2022-11-24 06:38:33,789 [EndpointStateMachine task thread for /0.0.0.0:42997 - 0 ] INFO  volume.HddsVolume (HddsVolume.java:createDbStore(307)) - SchemaV3 db is created and loaded at /home/runner/work/ozone/ozone/hadoop-ozone/integration-test/target/test-dir/MiniOzoneClusterImpl-3ca4de4a-72c8-4c23-a990-0556c1b2e11a/datanode-6/data-0/containers/hdds/3ca4de4a-72c8-4c23-a990-0556c1b2e11a/DS-0432710e-923f-410d-aac0-9c9eef136c4e/container.db for volume DS-0432710e-923f-410d-aac0-9c9eef136c4e
2022-11-24 06:38:33,790 [EndpointStateMachine task thread for /0.0.0.0:42997 - 0 ] INFO  ozoneimpl.OzoneContainer (OzoneContainer.java:start(395)) - Attempting to start container services.
2022-11-24 06:38:33,790 [EndpointStateMachine task thread for /0.0.0.0:42997 - 0 ] INFO  ozoneimpl.OzoneContainer (OzoneContainer.java:startContainerScrub(312)) - Scheduled background container scanners and the on-demand container scanner have been disabled.
2022-11-24 06:38:33,798 [EndpointStateMachine task thread for /0.0.0.0:42997 - 0 ] INFO  replication.ReplicationServer (ReplicationServer.java:start(111)) - ReplicationServer is started using port 36185
2022-11-24 06:38:33,799 [EndpointStateMachine task thread for /0.0.0.0:42997 - 0 ] INFO  ratis.XceiverServerRatis (XceiverServerRatis.java:start(481)) - Starting XceiverServerRatis 8af73eb1-79e8-42bd-81b7-d22b4389184f
2022-11-24 06:38:33,807 [EndpointStateMachine task thread for /0.0.0.0:42997 - 0 ] INFO  server.RaftServer (RaftServerProxy.java:startImpl(393)) - 8af73eb1-79e8-42bd-81b7-d22b4389184f: start RPC server
2022-11-24 06:38:33,810 [EndpointStateMachine task thread for /0.0.0.0:42997 - 0 ] INFO  server.GrpcService (GrpcService.java:startImpl(270)) - 8af73eb1-79e8-42bd-81b7-d22b4389184f: GrpcService started, listening on 44141
2022-11-24 06:38:33,815 [EndpointStateMachine task thread for /0.0.0.0:42997 - 0 ] INFO  ratis.XceiverServerRatis (XceiverServerRatis.java:getRealPort(502)) - XceiverServerRatis 8af73eb1-79e8-42bd-81b7-d22b4389184f is started using port 44141 for RATIS
2022-11-24 06:38:33,815 [JvmPauseMonitor7] INFO  util.JvmPauseMonitor (JvmPauseMonitor.java:run(105)) - JvmPauseMonitor-8af73eb1-79e8-42bd-81b7-d22b4389184f: Started
2022-11-24 06:38:33,815 [EndpointStateMachine task thread for /0.0.0.0:42997 - 0 ] INFO  ratis.XceiverServerRatis (XceiverServerRatis.java:getRealPort(502)) - XceiverServerRatis 8af73eb1-79e8-42bd-81b7-d22b4389184f is started using port 44141 for RATIS_ADMIN
2022-11-24 06:38:33,816 [EndpointStateMachine task thread for /0.0.0.0:42997 - 0 ] INFO  ratis.XceiverServerRatis (XceiverServerRatis.java:getRealPort(502)) - XceiverServerRatis 8af73eb1-79e8-42bd-81b7-d22b4389184f is started using port 44141 for RATIS_SERVER
2022-11-24 06:38:33,818 [EndpointStateMachine task thread for /0.0.0.0:42997 - 0 ] INFO  server.XceiverServerGrpc (XceiverServerGrpc.java:start(180)) - XceiverServerGrpc 8af73eb1-79e8-42bd-81b7-d22b4389184f is started using port 36899
2022-11-24 06:38:34,003 [IPC Server handler 13 on default port 42997] INFO  net.NetworkTopologyImpl (NetworkTopologyImpl.java:add(112)) - Added a new node: /default-rack/06429dc3-6184-4705-8d2a-a6f8dedf2170
2022-11-24 06:38:34,003 [IPC Server handler 13 on default port 42997] INFO  node.SCMNodeManager (SCMNodeManager.java:register(397)) - Registered Data node : 06429dc3-6184-4705-8d2a-a6f8dedf2170{ip: 10.1.1.33, host: fv-az453-211.hss2zji4abbufegd5wcf2so25h.dx.internal.cloudapp.net, ports: [REPLICATION=44101, RATIS=44897, RATIS_ADMIN=44897, RATIS_SERVER=44897, STANDALONE=36083], networkLocation: /default-rack, certSerialId: null, persistedOpState: null, persistedOpStateExpiryEpochSec: 0}
2022-11-24 06:38:34,004 [EventQueue-NodeRegistrationContainerReportForDataNodeSafeModeRule] INFO  safemode.SCMSafeModeManager (DataNodeSafeModeRule.java:process(71)) - SCM in safe mode. 3 DataNodes registered, 3 required.
2022-11-24 06:38:34,004 [EventQueue-NodeRegistrationContainerReportForDataNodeSafeModeRule] INFO  safemode.SCMSafeModeManager (SCMSafeModeManager.java:validateSafeModeExitRules(204)) - DataNodeSafeModeRule rule is successfully validated
2022-11-24 06:38:34,004 [EventQueue-NodeRegistrationContainerReportForDataNodeSafeModeRule] INFO  safemode.SCMSafeModeManager (SCMSafeModeManager.java:completePreCheck(233)) - All SCM safe mode pre check rules have passed
2022-11-24 06:38:34,004 [EventQueue-NodeRegistrationContainerReportForDataNodeSafeModeRule] WARN  events.EventQueue (EventQueue.java:fireEvent(216)) - No event handler registered for event TypedEvent{payloadType=SafeModeStatus, name='Safe mode status'}
2022-11-24 06:38:34,004 [EventQueue-NodeRegistrationContainerReportForDataNodeSafeModeRule] INFO  ha.SCMContext (SCMContext.java:updateSafeModeStatus(228)) - Update SafeModeStatus from SafeModeStatus{safeModeStatus=true, preCheckPassed=false} to SafeModeStatus{safeModeStatus=true, preCheckPassed=true}.
2022-11-24 06:38:34,004 [EventQueue-NewNodeForNewNodeHandler] INFO  pipeline.BackgroundPipelineCreator (BackgroundPipelineCreator.java:notifyEventTriggered(276)) - trigger a one-shot run on RatisPipelineUtilsThread.
2022-11-24 06:38:34,005 [EventQueue-NodeRegistrationContainerReportForDataNodeSafeModeRule] INFO  pipeline.BackgroundPipelineCreator (BackgroundPipelineCreator.java:notifyEventTriggered(276)) - trigger a one-shot run on RatisPipelineUtilsThread.
2022-11-24 06:38:34,005 [RatisPipelineUtilsThread - 0] INFO  pipeline.RatisPipelineProvider (RatisPipelineProvider.java:lambda$create$0(195)) - Sending CreatePipelineCommand for pipeline:PipelineID=ea090946-2374-474d-9be4-f829801c2906 to datanode:06429dc3-6184-4705-8d2a-a6f8dedf2170
2022-11-24 06:38:34,006 [RatisPipelineUtilsThread - 0] INFO  pipeline.PipelineStateManagerImpl (PipelineStateManagerImpl.java:addPipeline(103)) - Created pipeline Pipeline[ Id: ea090946-2374-474d-9be4-f829801c2906, Nodes: 06429dc3-6184-4705-8d2a-a6f8dedf2170{ip: 10.1.1.33, host: fv-az453-211.hss2zji4abbufegd5wcf2so25h.dx.internal.cloudapp.net, ports: [REPLICATION=44101, RATIS=44897, RATIS_ADMIN=44897, RATIS_SERVER=44897, STANDALONE=36083], networkLocation: /default-rack, certSerialId: null, persistedOpState: IN_SERVICE, persistedOpStateExpiryEpochSec: 0}, ReplicationConfig: RATIS/ONE, State:ALLOCATED, leaderId:, CreationTimestamp2022-11-24T06:38:34.005Z[Etc/UTC]].
2022-11-24 06:38:34,011 [RatisPipelineUtilsThread - 0] INFO  pipeline.RatisPipelineProvider (RatisPipelineProvider.java:lambda$create$0(195)) - Sending CreatePipelineCommand for pipeline:PipelineID=c3da2c06-27c7-4ed5-b8eb-510a37b8e04c to datanode:fb3b41a4-a9f1-45d3-bf74-4074fcf3e767
2022-11-24 06:38:34,011 [RatisPipelineUtilsThread - 0] INFO  pipeline.RatisPipelineProvider (RatisPipelineProvider.java:lambda$create$0(195)) - Sending CreatePipelineCommand for pipeline:PipelineID=c3da2c06-27c7-4ed5-b8eb-510a37b8e04c to datanode:06429dc3-6184-4705-8d2a-a6f8dedf2170
2022-11-24 06:38:34,011 [RatisPipelineUtilsThread - 0] INFO  pipeline.RatisPipelineProvider (RatisPipelineProvider.java:lambda$create$0(195)) - Sending CreatePipelineCommand for pipeline:PipelineID=c3da2c06-27c7-4ed5-b8eb-510a37b8e04c to datanode:cb9a1e57-5a73-4518-a050-b0d695628b3e
2022-11-24 06:38:34,012 [RatisPipelineUtilsThread - 0] INFO  pipeline.PipelineStateManagerImpl (PipelineStateManagerImpl.java:addPipeline(103)) - Created pipeline Pipeline[ Id: c3da2c06-27c7-4ed5-b8eb-510a37b8e04c, Nodes: fb3b41a4-a9f1-45d3-bf74-4074fcf3e767{ip: 10.1.1.33, host: fv-az453-211.hss2zji4abbufegd5wcf2so25h.dx.internal.cloudapp.net, ports: [REPLICATION=44533, RATIS=41917, RATIS_ADMIN=41917, RATIS_SERVER=41917, STANDALONE=33289], networkLocation: /default-rack, certSerialId: null, persistedOpState: IN_SERVICE, persistedOpStateExpiryEpochSec: 0}06429dc3-6184-4705-8d2a-a6f8dedf2170{ip: 10.1.1.33, host: fv-az453-211.hss2zji4abbufegd5wcf2so25h.dx.internal.cloudapp.net, ports: [REPLICATION=44101, RATIS=44897, RATIS_ADMIN=44897, RATIS_SERVER=44897, STANDALONE=36083], networkLocation: /default-rack, certSerialId: null, persistedOpState: IN_SERVICE, persistedOpStateExpiryEpochSec: 0}cb9a1e57-5a73-4518-a050-b0d695628b3e{ip: 10.1.1.33, host: fv-az453-211.hss2zji4abbufegd5wcf2so25h.dx.internal.cloudapp.net, ports: [REPLICATION=41653, RATIS=33351, RATIS_ADMIN=33351, RATIS_SERVER=33351, STANDALONE=40057], networkLocation: /default-rack, certSerialId: null, persistedOpState: IN_SERVICE, persistedOpStateExpiryEpochSec: 0}, ReplicationConfig: RATIS/THREE, State:ALLOCATED, leaderId:, CreationTimestamp2022-11-24T06:38:34.011Z[Etc/UTC]].
2022-11-24 06:38:34,016 [RatisPipelineUtilsThread - 0] INFO  pipeline.RatisPipelineProvider (RatisPipelineProvider.java:lambda$create$0(195)) - Sending CreatePipelineCommand for pipeline:PipelineID=1243174a-1692-479f-8736-763b35d9546f to datanode:cb9a1e57-5a73-4518-a050-b0d695628b3e
2022-11-24 06:38:34,016 [RatisPipelineUtilsThread - 0] INFO  pipeline.RatisPipelineProvider (RatisPipelineProvider.java:lambda$create$0(195)) - Sending CreatePipelineCommand for pipeline:PipelineID=1243174a-1692-479f-8736-763b35d9546f to datanode:06429dc3-6184-4705-8d2a-a6f8dedf2170
2022-11-24 06:38:34,016 [RatisPipelineUtilsThread - 0] INFO  pipeline.RatisPipelineProvider (RatisPipelineProvider.java:lambda$create$0(195)) - Sending CreatePipelineCommand for pipeline:PipelineID=1243174a-1692-479f-8736-763b35d9546f to datanode:fb3b41a4-a9f1-45d3-bf74-4074fcf3e767
2022-11-24 06:38:34,018 [RatisPipelineUtilsThread - 0] INFO  pipeline.PipelineStateManagerImpl (PipelineStateManagerImpl.java:addPipeline(103)) - Created pipeline Pipeline[ Id: 1243174a-1692-479f-8736-763b35d9546f, Nodes: cb9a1e57-5a73-4518-a050-b0d695628b3e{ip: 10.1.1.33, host: fv-az453-211.hss2zji4abbufegd5wcf2so25h.dx.internal.cloudapp.net, ports: [REPLICATION=41653, RATIS=33351, RATIS_ADMIN=33351, RATIS_SERVER=33351, STANDALONE=40057], networkLocation: /default-rack, certSerialId: null, persistedOpState: IN_SERVICE, persistedOpStateExpiryEpochSec: 0}06429dc3-6184-4705-8d2a-a6f8dedf2170{ip: 10.1.1.33, host: fv-az453-211.hss2zji4abbufegd5wcf2so25h.dx.internal.cloudapp.net, ports: [REPLICATION=44101, RATIS=44897, RATIS_ADMIN=44897, RATIS_SERVER=44897, STANDALONE=36083], networkLocation: /default-rack, certSerialId: null, persistedOpState: IN_SERVICE, persistedOpStateExpiryEpochSec: 0}fb3b41a4-a9f1-45d3-bf74-4074fcf3e767{ip: 10.1.1.33, host: fv-az453-211.hss2zji4abbufegd5wcf2so25h.dx.internal.cloudapp.net, ports: [REPLICATION=44533, RATIS=41917, RATIS_ADMIN=41917, RATIS_SERVER=41917, STANDALONE=33289], networkLocation: /default-rack, certSerialId: null, persistedOpState: IN_SERVICE, persistedOpStateExpiryEpochSec: 0}, ReplicationConfig: RATIS/THREE, State:ALLOCATED, leaderId:, CreationTimestamp2022-11-24T06:38:34.016Z[Etc/UTC]].
2022-11-24 06:38:34,019 [RatisPipelineUtilsThread - 0] INFO  pipeline.PipelineManagerImpl (PipelineManagerImpl.java:recordMetricsForPipeline(826)) - Pipeline: PipelineID=1243174a-1692-479f-8736-763b35d9546f contains same datanodes as previous pipelines: PipelineID=c3da2c06-27c7-4ed5-b8eb-510a37b8e04c nodeIds: cb9a1e57-5a73-4518-a050-b0d695628b3e, 06429dc3-6184-4705-8d2a-a6f8dedf2170, fb3b41a4-a9f1-45d3-bf74-4074fcf3e767
2022-11-24 06:38:34,051 [Listener at 127.0.0.1/43781] INFO  ozone.MiniOzoneClusterImpl (MiniOzoneClusterImpl.java:lambda$waitForClusterToBeReady$0(216)) - Waiting for nodes to be ready. Got 3 of 10 DN Heartbeats.
2022-11-24 06:38:34,055 [Listener at 127.0.0.1/43781] INFO  ozone.MiniOzoneClusterImpl (MiniOzoneClusterImpl.java:lambda$waitForClusterToBeReady$0(219)) - Waiting for cluster to exit safe mode
2022-11-24 06:38:34,055 [Listener at 127.0.0.1/43781] INFO  ozone.MiniOzoneClusterImpl (MiniOzoneClusterImpl.java:lambda$waitForClusterToBeReady$0(221)) - SCM became leader
2022-11-24 06:38:34,223 [EndpointStateMachine task thread for /0.0.0.0:42997 - 0 ] INFO  utils.DatanodeStoreCache (DatanodeStoreCache.java:addDB(58)) - Added db /home/runner/work/ozone/ozone/hadoop-ozone/integration-test/target/test-dir/MiniOzoneClusterImpl-3ca4de4a-72c8-4c23-a990-0556c1b2e11a/datanode-7/data-0/containers/hdds/3ca4de4a-72c8-4c23-a990-0556c1b2e11a/DS-9c71bdb3-2dfd-4b14-a593-b83ddeb5a0e7/container.db to cache
2022-11-24 06:38:34,223 [EndpointStateMachine task thread for /0.0.0.0:42997 - 0 ] INFO  volume.HddsVolume (HddsVolume.java:createDbStore(307)) - SchemaV3 db is created and loaded at /home/runner/work/ozone/ozone/hadoop-ozone/integration-test/target/test-dir/MiniOzoneClusterImpl-3ca4de4a-72c8-4c23-a990-0556c1b2e11a/datanode-7/data-0/containers/hdds/3ca4de4a-72c8-4c23-a990-0556c1b2e11a/DS-9c71bdb3-2dfd-4b14-a593-b83ddeb5a0e7/container.db for volume DS-9c71bdb3-2dfd-4b14-a593-b83ddeb5a0e7
2022-11-24 06:38:34,224 [EndpointStateMachine task thread for /0.0.0.0:42997 - 0 ] INFO  ozoneimpl.OzoneContainer (OzoneContainer.java:start(395)) - Attempting to start container services.
2022-11-24 06:38:34,224 [EndpointStateMachine task thread for /0.0.0.0:42997 - 0 ] INFO  ozoneimpl.OzoneContainer (OzoneContainer.java:startContainerScrub(312)) - Scheduled background container scanners and the on-demand container scanner have been disabled.
2022-11-24 06:38:34,226 [EndpointStateMachine task thread for /0.0.0.0:42997 - 0 ] INFO  replication.ReplicationServer (ReplicationServer.java:start(111)) - ReplicationServer is started using port 45671
2022-11-24 06:38:34,227 [EndpointStateMachine task thread for /0.0.0.0:42997 - 0 ] INFO  ratis.XceiverServerRatis (XceiverServerRatis.java:start(481)) - Starting XceiverServerRatis f61b783c-62f9-462d-872d-ac09aa128e21
2022-11-24 06:38:34,229 [EndpointStateMachine task thread for /0.0.0.0:42997 - 0 ] INFO  server.RaftServer (RaftServerProxy.java:startImpl(393)) - f61b783c-62f9-462d-872d-ac09aa128e21: start RPC server
2022-11-24 06:38:34,231 [EndpointStateMachine task thread for /0.0.0.0:42997 - 0 ] INFO  server.GrpcService (GrpcService.java:startImpl(270)) - f61b783c-62f9-462d-872d-ac09aa128e21: GrpcService started, listening on 44027
2022-11-24 06:38:34,231 [EndpointStateMachine task thread for /0.0.0.0:42997 - 0 ] INFO  ratis.XceiverServerRatis (XceiverServerRatis.java:getRealPort(502)) - XceiverServerRatis f61b783c-62f9-462d-872d-ac09aa128e21 is started using port 44027 for RATIS
2022-11-24 06:38:34,231 [JvmPauseMonitor8] INFO  util.JvmPauseMonitor (JvmPauseMonitor.java:run(105)) - JvmPauseMonitor-f61b783c-62f9-462d-872d-ac09aa128e21: Started
2022-11-24 06:38:34,231 [EndpointStateMachine task thread for /0.0.0.0:42997 - 0 ] INFO  ratis.XceiverServerRatis (XceiverServerRatis.java:getRealPort(502)) - XceiverServerRatis f61b783c-62f9-462d-872d-ac09aa128e21 is started using port 44027 for RATIS_ADMIN
2022-11-24 06:38:34,231 [EndpointStateMachine task thread for /0.0.0.0:42997 - 0 ] INFO  ratis.XceiverServerRatis (XceiverServerRatis.java:getRealPort(502)) - XceiverServerRatis f61b783c-62f9-462d-872d-ac09aa128e21 is started using port 44027 for RATIS_SERVER
2022-11-24 06:38:34,235 [EndpointStateMachine task thread for /0.0.0.0:42997 - 0 ] INFO  server.XceiverServerGrpc (XceiverServerGrpc.java:start(180)) - XceiverServerGrpc f61b783c-62f9-462d-872d-ac09aa128e21 is started using port 38233
2022-11-24 06:38:34,420 [IPC Server handler 1 on default port 42997] INFO  net.NetworkTopologyImpl (NetworkTopologyImpl.java:add(112)) - Added a new node: /default-rack/db462c09-4a41-41c4-b065-df9d46fc3c08
2022-11-24 06:38:34,420 [IPC Server handler 1 on default port 42997] INFO  node.SCMNodeManager (SCMNodeManager.java:register(397)) - Registered Data node : db462c09-4a41-41c4-b065-df9d46fc3c08{ip: 10.1.1.33, host: fv-az453-211.hss2zji4abbufegd5wcf2so25h.dx.internal.cloudapp.net, ports: [REPLICATION=44501, RATIS=45705, RATIS_ADMIN=45705, RATIS_SERVER=45705, STANDALONE=35325], networkLocation: /default-rack, certSerialId: null, persistedOpState: null, persistedOpStateExpiryEpochSec: 0}
2022-11-24 06:38:34,421 [EventQueue-NewNodeForNewNodeHandler] INFO  pipeline.BackgroundPipelineCreator (BackgroundPipelineCreator.java:notifyEventTriggered(276)) - trigger a one-shot run on RatisPipelineUtilsThread.
2022-11-24 06:38:34,421 [RatisPipelineUtilsThread - 0] INFO  pipeline.RatisPipelineProvider (RatisPipelineProvider.java:lambda$create$0(195)) - Sending CreatePipelineCommand for pipeline:PipelineID=7386cf82-caa5-47e8-b798-f0f0b9d819ad to datanode:db462c09-4a41-41c4-b065-df9d46fc3c08
2022-11-24 06:38:34,422 [RatisPipelineUtilsThread - 0] INFO  pipeline.PipelineStateManagerImpl (PipelineStateManagerImpl.java:addPipeline(103)) - Created pipeline Pipeline[ Id: 7386cf82-caa5-47e8-b798-f0f0b9d819ad, Nodes: db462c09-4a41-41c4-b065-df9d46fc3c08{ip: 10.1.1.33, host: fv-az453-211.hss2zji4abbufegd5wcf2so25h.dx.internal.cloudapp.net, ports: [REPLICATION=44501, RATIS=45705, RATIS_ADMIN=45705, RATIS_SERVER=45705, STANDALONE=35325], networkLocation: /default-rack, certSerialId: null, persistedOpState: IN_SERVICE, persistedOpStateExpiryEpochSec: 0}, ReplicationConfig: RATIS/ONE, State:ALLOCATED, leaderId:, CreationTimestamp2022-11-24T06:38:34.421Z[Etc/UTC]].
2022-11-24 06:38:34,661 [EndpointStateMachine task thread for /0.0.0.0:42997 - 0 ] INFO  utils.DatanodeStoreCache (DatanodeStoreCache.java:addDB(58)) - Added db /home/runner/work/ozone/ozone/hadoop-ozone/integration-test/target/test-dir/MiniOzoneClusterImpl-3ca4de4a-72c8-4c23-a990-0556c1b2e11a/datanode-8/data-0/containers/hdds/3ca4de4a-72c8-4c23-a990-0556c1b2e11a/DS-3b78a2b9-8bad-4ca0-b270-bbd5ea16fa56/container.db to cache
2022-11-24 06:38:34,661 [EndpointStateMachine task thread for /0.0.0.0:42997 - 0 ] INFO  volume.HddsVolume (HddsVolume.java:createDbStore(307)) - SchemaV3 db is created and loaded at /home/runner/work/ozone/ozone/hadoop-ozone/integration-test/target/test-dir/MiniOzoneClusterImpl-3ca4de4a-72c8-4c23-a990-0556c1b2e11a/datanode-8/data-0/containers/hdds/3ca4de4a-72c8-4c23-a990-0556c1b2e11a/DS-3b78a2b9-8bad-4ca0-b270-bbd5ea16fa56/container.db for volume DS-3b78a2b9-8bad-4ca0-b270-bbd5ea16fa56
2022-11-24 06:38:34,661 [EndpointStateMachine task thread for /0.0.0.0:42997 - 0 ] INFO  ozoneimpl.OzoneContainer (OzoneContainer.java:start(395)) - Attempting to start container services.
2022-11-24 06:38:34,661 [EndpointStateMachine task thread for /0.0.0.0:42997 - 0 ] INFO  ozoneimpl.OzoneContainer (OzoneContainer.java:startContainerScrub(312)) - Scheduled background container scanners and the on-demand container scanner have been disabled.
2022-11-24 06:38:34,664 [EndpointStateMachine task thread for /0.0.0.0:42997 - 0 ] INFO  replication.ReplicationServer (ReplicationServer.java:start(111)) - ReplicationServer is started using port 33399
2022-11-24 06:38:34,664 [EndpointStateMachine task thread for /0.0.0.0:42997 - 0 ] INFO  ratis.XceiverServerRatis (XceiverServerRatis.java:start(481)) - Starting XceiverServerRatis c8bfac46-0061-4906-a354-59c2fa211c25
2022-11-24 06:38:34,665 [EndpointStateMachine task thread for /0.0.0.0:42997 - 0 ] INFO  server.RaftServer (RaftServerProxy.java:startImpl(393)) - c8bfac46-0061-4906-a354-59c2fa211c25: start RPC server
2022-11-24 06:38:34,668 [EndpointStateMachine task thread for /0.0.0.0:42997 - 0 ] INFO  server.GrpcService (GrpcService.java:startImpl(270)) - c8bfac46-0061-4906-a354-59c2fa211c25: GrpcService started, listening on 41215
2022-11-24 06:38:34,668 [EndpointStateMachine task thread for /0.0.0.0:42997 - 0 ] INFO  ratis.XceiverServerRatis (XceiverServerRatis.java:getRealPort(502)) - XceiverServerRatis c8bfac46-0061-4906-a354-59c2fa211c25 is started using port 41215 for RATIS
2022-11-24 06:38:34,668 [JvmPauseMonitor9] INFO  util.JvmPauseMonitor (JvmPauseMonitor.java:run(105)) - JvmPauseMonitor-c8bfac46-0061-4906-a354-59c2fa211c25: Started
2022-11-24 06:38:34,668 [EndpointStateMachine task thread for /0.0.0.0:42997 - 0 ] INFO  ratis.XceiverServerRatis (XceiverServerRatis.java:getRealPort(502)) - XceiverServerRatis c8bfac46-0061-4906-a354-59c2fa211c25 is started using port 41215 for RATIS_ADMIN
2022-11-24 06:38:34,669 [EndpointStateMachine task thread for /0.0.0.0:42997 - 0 ] INFO  ratis.XceiverServerRatis (XceiverServerRatis.java:getRealPort(502)) - XceiverServerRatis c8bfac46-0061-4906-a354-59c2fa211c25 is started using port 41215 for RATIS_SERVER
2022-11-24 06:38:34,673 [EndpointStateMachine task thread for /0.0.0.0:42997 - 0 ] INFO  server.XceiverServerGrpc (XceiverServerGrpc.java:start(180)) - XceiverServerGrpc c8bfac46-0061-4906-a354-59c2fa211c25 is started using port 43477
2022-11-24 06:38:34,799 [IPC Server handler 3 on default port 42997] INFO  net.NetworkTopologyImpl (NetworkTopologyImpl.java:add(112)) - Added a new node: /default-rack/2412583d-f0ce-4b83-96a1-c4f14f6f25ae
2022-11-24 06:38:34,799 [IPC Server handler 3 on default port 42997] INFO  node.SCMNodeManager (SCMNodeManager.java:register(397)) - Registered Data node : 2412583d-f0ce-4b83-96a1-c4f14f6f25ae{ip: 10.1.1.33, host: fv-az453-211.hss2zji4abbufegd5wcf2so25h.dx.internal.cloudapp.net, ports: [REPLICATION=36327, RATIS=34367, RATIS_ADMIN=34367, RATIS_SERVER=34367, STANDALONE=42617], networkLocation: /default-rack, certSerialId: null, persistedOpState: null, persistedOpStateExpiryEpochSec: 0}
2022-11-24 06:38:34,799 [EventQueue-NewNodeForNewNodeHandler] INFO  pipeline.BackgroundPipelineCreator (BackgroundPipelineCreator.java:notifyEventTriggered(276)) - trigger a one-shot run on RatisPipelineUtilsThread.
2022-11-24 06:38:34,800 [RatisPipelineUtilsThread - 0] INFO  pipeline.RatisPipelineProvider (RatisPipelineProvider.java:lambda$create$0(195)) - Sending CreatePipelineCommand for pipeline:PipelineID=520352dc-7e01-43f8-932e-b83bce7b16ab to datanode:2412583d-f0ce-4b83-96a1-c4f14f6f25ae
2022-11-24 06:38:34,801 [RatisPipelineUtilsThread - 0] INFO  pipeline.PipelineStateManagerImpl (PipelineStateManagerImpl.java:addPipeline(103)) - Created pipeline Pipeline[ Id: 520352dc-7e01-43f8-932e-b83bce7b16ab, Nodes: 2412583d-f0ce-4b83-96a1-c4f14f6f25ae{ip: 10.1.1.33, host: fv-az453-211.hss2zji4abbufegd5wcf2so25h.dx.internal.cloudapp.net, ports: [REPLICATION=36327, RATIS=34367, RATIS_ADMIN=34367, RATIS_SERVER=34367, STANDALONE=42617], networkLocation: /default-rack, certSerialId: null, persistedOpState: IN_SERVICE, persistedOpStateExpiryEpochSec: 0}, ReplicationConfig: RATIS/ONE, State:ALLOCATED, leaderId:, CreationTimestamp2022-11-24T06:38:34.800Z[Etc/UTC]].
2022-11-24 06:38:35,056 [Listener at 127.0.0.1/43781] INFO  ozone.MiniOzoneClusterImpl (MiniOzoneClusterImpl.java:lambda$waitForClusterToBeReady$0(216)) - Waiting for nodes to be ready. Got 5 of 10 DN Heartbeats.
2022-11-24 06:38:35,056 [Listener at 127.0.0.1/43781] INFO  ozone.MiniOzoneClusterImpl (MiniOzoneClusterImpl.java:lambda$waitForClusterToBeReady$0(219)) - Waiting for cluster to exit safe mode
2022-11-24 06:38:35,056 [Listener at 127.0.0.1/43781] INFO  ozone.MiniOzoneClusterImpl (MiniOzoneClusterImpl.java:lambda$waitForClusterToBeReady$0(221)) - SCM became leader
2022-11-24 06:38:35,107 [EndpointStateMachine task thread for /0.0.0.0:42997 - 0 ] INFO  utils.DatanodeStoreCache (DatanodeStoreCache.java:addDB(58)) - Added db /home/runner/work/ozone/ozone/hadoop-ozone/integration-test/target/test-dir/MiniOzoneClusterImpl-3ca4de4a-72c8-4c23-a990-0556c1b2e11a/datanode-9/data-0/containers/hdds/3ca4de4a-72c8-4c23-a990-0556c1b2e11a/DS-b25e121f-1b36-4605-a1fb-031ffacf04c2/container.db to cache
2022-11-24 06:38:35,109 [EndpointStateMachine task thread for /0.0.0.0:42997 - 0 ] INFO  volume.HddsVolume (HddsVolume.java:createDbStore(307)) - SchemaV3 db is created and loaded at /home/runner/work/ozone/ozone/hadoop-ozone/integration-test/target/test-dir/MiniOzoneClusterImpl-3ca4de4a-72c8-4c23-a990-0556c1b2e11a/datanode-9/data-0/containers/hdds/3ca4de4a-72c8-4c23-a990-0556c1b2e11a/DS-b25e121f-1b36-4605-a1fb-031ffacf04c2/container.db for volume DS-b25e121f-1b36-4605-a1fb-031ffacf04c2
2022-11-24 06:38:35,109 [EndpointStateMachine task thread for /0.0.0.0:42997 - 0 ] INFO  ozoneimpl.OzoneContainer (OzoneContainer.java:start(395)) - Attempting to start container services.
2022-11-24 06:38:35,110 [EndpointStateMachine task thread for /0.0.0.0:42997 - 0 ] INFO  ozoneimpl.OzoneContainer (OzoneContainer.java:startContainerScrub(312)) - Scheduled background container scanners and the on-demand container scanner have been disabled.
2022-11-24 06:38:35,112 [EndpointStateMachine task thread for /0.0.0.0:42997 - 0 ] INFO  replication.ReplicationServer (ReplicationServer.java:start(111)) - ReplicationServer is started using port 46611
2022-11-24 06:38:35,112 [EndpointStateMachine task thread for /0.0.0.0:42997 - 0 ] INFO  ratis.XceiverServerRatis (XceiverServerRatis.java:start(481)) - Starting XceiverServerRatis 4949dc81-86be-4926-96a6-534c5c5588ca
2022-11-24 06:38:35,119 [EndpointStateMachine task thread for /0.0.0.0:42997 - 0 ] INFO  server.RaftServer (RaftServerProxy.java:startImpl(393)) - 4949dc81-86be-4926-96a6-534c5c5588ca: start RPC server
2022-11-24 06:38:35,131 [EndpointStateMachine task thread for /0.0.0.0:42997 - 0 ] INFO  server.GrpcService (GrpcService.java:startImpl(270)) - 4949dc81-86be-4926-96a6-534c5c5588ca: GrpcService started, listening on 45371
2022-11-24 06:38:35,132 [EndpointStateMachine task thread for /0.0.0.0:42997 - 0 ] INFO  ratis.XceiverServerRatis (XceiverServerRatis.java:getRealPort(502)) - XceiverServerRatis 4949dc81-86be-4926-96a6-534c5c5588ca is started using port 45371 for RATIS
2022-11-24 06:38:35,132 [EndpointStateMachine task thread for /0.0.0.0:42997 - 0 ] INFO  ratis.XceiverServerRatis (XceiverServerRatis.java:getRealPort(502)) - XceiverServerRatis 4949dc81-86be-4926-96a6-534c5c5588ca is started using port 45371 for RATIS_ADMIN
2022-11-24 06:38:35,132 [EndpointStateMachine task thread for /0.0.0.0:42997 - 0 ] INFO  ratis.XceiverServerRatis (XceiverServerRatis.java:getRealPort(502)) - XceiverServerRatis 4949dc81-86be-4926-96a6-534c5c5588ca is started using port 45371 for RATIS_SERVER
2022-11-24 06:38:35,132 [JvmPauseMonitor10] INFO  util.JvmPauseMonitor (JvmPauseMonitor.java:run(105)) - JvmPauseMonitor-4949dc81-86be-4926-96a6-534c5c5588ca: Started
2022-11-24 06:38:35,134 [EndpointStateMachine task thread for /0.0.0.0:42997 - 0 ] INFO  server.XceiverServerGrpc (XceiverServerGrpc.java:start(180)) - XceiverServerGrpc 4949dc81-86be-4926-96a6-534c5c5588ca is started using port 38135
2022-11-24 06:38:35,246 [IPC Server handler 1 on default port 42997] INFO  net.NetworkTopologyImpl (NetworkTopologyImpl.java:add(112)) - Added a new node: /default-rack/6fd96d8c-4ef2-4ba8-87f7-371671a16fe6
2022-11-24 06:38:35,246 [IPC Server handler 1 on default port 42997] INFO  node.SCMNodeManager (SCMNodeManager.java:register(397)) - Registered Data node : 6fd96d8c-4ef2-4ba8-87f7-371671a16fe6{ip: 10.1.1.33, host: fv-az453-211.hss2zji4abbufegd5wcf2so25h.dx.internal.cloudapp.net, ports: [REPLICATION=46619, RATIS=38311, RATIS_ADMIN=38311, RATIS_SERVER=38311, STANDALONE=45669], networkLocation: /default-rack, certSerialId: null, persistedOpState: null, persistedOpStateExpiryEpochSec: 0}
2022-11-24 06:38:35,247 [EventQueue-NewNodeForNewNodeHandler] INFO  pipeline.BackgroundPipelineCreator (BackgroundPipelineCreator.java:notifyEventTriggered(276)) - trigger a one-shot run on RatisPipelineUtilsThread.
2022-11-24 06:38:35,248 [RatisPipelineUtilsThread - 0] INFO  pipeline.RatisPipelineProvider (RatisPipelineProvider.java:lambda$create$0(195)) - Sending CreatePipelineCommand for pipeline:PipelineID=e36e3a53-4b3b-4730-a7ba-f81aff323ccd to datanode:6fd96d8c-4ef2-4ba8-87f7-371671a16fe6
2022-11-24 06:38:35,249 [RatisPipelineUtilsThread - 0] INFO  pipeline.PipelineStateManagerImpl (PipelineStateManagerImpl.java:addPipeline(103)) - Created pipeline Pipeline[ Id: e36e3a53-4b3b-4730-a7ba-f81aff323ccd, Nodes: 6fd96d8c-4ef2-4ba8-87f7-371671a16fe6{ip: 10.1.1.33, host: fv-az453-211.hss2zji4abbufegd5wcf2so25h.dx.internal.cloudapp.net, ports: [REPLICATION=46619, RATIS=38311, RATIS_ADMIN=38311, RATIS_SERVER=38311, STANDALONE=45669], networkLocation: /default-rack, certSerialId: null, persistedOpState: IN_SERVICE, persistedOpStateExpiryEpochSec: 0}, ReplicationConfig: RATIS/ONE, State:ALLOCATED, leaderId:, CreationTimestamp2022-11-24T06:38:35.248Z[Etc/UTC]].
2022-11-24 06:38:35,249 [RatisPipelineUtilsThread - 0] INFO  pipeline.RatisPipelineProvider (RatisPipelineProvider.java:lambda$create$0(195)) - Sending CreatePipelineCommand for pipeline:PipelineID=6c1baca7-7371-4652-9c57-386a04bc3586 to datanode:6fd96d8c-4ef2-4ba8-87f7-371671a16fe6
2022-11-24 06:38:35,249 [RatisPipelineUtilsThread - 0] INFO  pipeline.RatisPipelineProvider (RatisPipelineProvider.java:lambda$create$0(195)) - Sending CreatePipelineCommand for pipeline:PipelineID=6c1baca7-7371-4652-9c57-386a04bc3586 to datanode:db462c09-4a41-41c4-b065-df9d46fc3c08
2022-11-24 06:38:35,250 [RatisPipelineUtilsThread - 0] INFO  pipeline.RatisPipelineProvider (RatisPipelineProvider.java:lambda$create$0(195)) - Sending CreatePipelineCommand for pipeline:PipelineID=6c1baca7-7371-4652-9c57-386a04bc3586 to datanode:2412583d-f0ce-4b83-96a1-c4f14f6f25ae
2022-11-24 06:38:35,254 [RatisPipelineUtilsThread - 0] INFO  pipeline.PipelineStateManagerImpl (PipelineStateManagerImpl.java:addPipeline(103)) - Created pipeline Pipeline[ Id: 6c1baca7-7371-4652-9c57-386a04bc3586, Nodes: 6fd96d8c-4ef2-4ba8-87f7-371671a16fe6{ip: 10.1.1.33, host: fv-az453-211.hss2zji4abbufegd5wcf2so25h.dx.internal.cloudapp.net, ports: [REPLICATION=46619, RATIS=38311, RATIS_ADMIN=38311, RATIS_SERVER=38311, STANDALONE=45669], networkLocation: /default-rack, certSerialId: null, persistedOpState: IN_SERVICE, persistedOpStateExpiryEpochSec: 0}db462c09-4a41-41c4-b065-df9d46fc3c08{ip: 10.1.1.33, host: fv-az453-211.hss2zji4abbufegd5wcf2so25h.dx.internal.cloudapp.net, ports: [REPLICATION=44501, RATIS=45705, RATIS_ADMIN=45705, RATIS_SERVER=45705, STANDALONE=35325], networkLocation: /default-rack, certSerialId: null, persistedOpState: IN_SERVICE, persistedOpStateExpiryEpochSec: 0}2412583d-f0ce-4b83-96a1-c4f14f6f25ae{ip: 10.1.1.33, host: fv-az453-211.hss2zji4abbufegd5wcf2so25h.dx.internal.cloudapp.net, ports: [REPLICATION=36327, RATIS=34367, RATIS_ADMIN=34367, RATIS_SERVER=34367, STANDALONE=42617], networkLocation: /default-rack, certSerialId: null, persistedOpState: IN_SERVICE, persistedOpStateExpiryEpochSec: 0}, ReplicationConfig: RATIS/THREE, State:ALLOCATED, leaderId:, CreationTimestamp2022-11-24T06:38:35.249Z[Etc/UTC]].
2022-11-24 06:38:35,257 [RatisPipelineUtilsThread - 0] INFO  pipeline.RatisPipelineProvider (RatisPipelineProvider.java:lambda$create$0(195)) - Sending CreatePipelineCommand for pipeline:PipelineID=c4c04c51-39b0-4ebd-bb9d-845f74418684 to datanode:2412583d-f0ce-4b83-96a1-c4f14f6f25ae
2022-11-24 06:38:35,258 [RatisPipelineUtilsThread - 0] INFO  pipeline.RatisPipelineProvider (RatisPipelineProvider.java:lambda$create$0(195)) - Sending CreatePipelineCommand for pipeline:PipelineID=c4c04c51-39b0-4ebd-bb9d-845f74418684 to datanode:6fd96d8c-4ef2-4ba8-87f7-371671a16fe6
2022-11-24 06:38:35,258 [RatisPipelineUtilsThread - 0] INFO  pipeline.RatisPipelineProvider (RatisPipelineProvider.java:lambda$create$0(195)) - Sending CreatePipelineCommand for pipeline:PipelineID=c4c04c51-39b0-4ebd-bb9d-845f74418684 to datanode:db462c09-4a41-41c4-b065-df9d46fc3c08
2022-11-24 06:38:35,260 [RatisPipelineUtilsThread - 0] INFO  pipeline.PipelineStateManagerImpl (PipelineStateManagerImpl.java:addPipeline(103)) - Created pipeline Pipeline[ Id: c4c04c51-39b0-4ebd-bb9d-845f74418684, Nodes: 2412583d-f0ce-4b83-96a1-c4f14f6f25ae{ip: 10.1.1.33, host: fv-az453-211.hss2zji4abbufegd5wcf2so25h.dx.internal.cloudapp.net, ports: [REPLICATION=36327, RATIS=34367, RATIS_ADMIN=34367, RATIS_SERVER=34367, STANDALONE=42617], networkLocation: /default-rack, certSerialId: null, persistedOpState: IN_SERVICE, persistedOpStateExpiryEpochSec: 0}6fd96d8c-4ef2-4ba8-87f7-371671a16fe6{ip: 10.1.1.33, host: fv-az453-211.hss2zji4abbufegd5wcf2so25h.dx.internal.cloudapp.net, ports: [REPLICATION=46619, RATIS=38311, RATIS_ADMIN=38311, RATIS_SERVER=38311, STANDALONE=45669], networkLocation: /default-rack, certSerialId: null, persistedOpState: IN_SERVICE, persistedOpStateExpiryEpochSec: 0}db462c09-4a41-41c4-b065-df9d46fc3c08{ip: 10.1.1.33, host: fv-az453-211.hss2zji4abbufegd5wcf2so25h.dx.internal.cloudapp.net, ports: [REPLICATION=44501, RATIS=45705, RATIS_ADMIN=45705, RATIS_SERVER=45705, STANDALONE=35325], networkLocation: /default-rack, certSerialId: null, persistedOpState: IN_SERVICE, persistedOpStateExpiryEpochSec: 0}, ReplicationConfig: RATIS/THREE, State:ALLOCATED, leaderId:, CreationTimestamp2022-11-24T06:38:35.257Z[Etc/UTC]].
2022-11-24 06:38:35,261 [RatisPipelineUtilsThread - 0] INFO  pipeline.PipelineManagerImpl (PipelineManagerImpl.java:recordMetricsForPipeline(826)) - Pipeline: PipelineID=c4c04c51-39b0-4ebd-bb9d-845f74418684 contains same datanodes as previous pipelines: PipelineID=6c1baca7-7371-4652-9c57-386a04bc3586 nodeIds: 2412583d-f0ce-4b83-96a1-c4f14f6f25ae, 6fd96d8c-4ef2-4ba8-87f7-371671a16fe6, db462c09-4a41-41c4-b065-df9d46fc3c08
2022-11-24 06:38:35,719 [IPC Server handler 3 on default port 42997] INFO  net.NetworkTopologyImpl (NetworkTopologyImpl.java:add(112)) - Added a new node: /default-rack/8af73eb1-79e8-42bd-81b7-d22b4389184f
2022-11-24 06:38:35,720 [IPC Server handler 3 on default port 42997] INFO  node.SCMNodeManager (SCMNodeManager.java:register(397)) - Registered Data node : 8af73eb1-79e8-42bd-81b7-d22b4389184f{ip: 10.1.1.33, host: fv-az453-211.hss2zji4abbufegd5wcf2so25h.dx.internal.cloudapp.net, ports: [REPLICATION=36185, RATIS=44141, RATIS_ADMIN=44141, RATIS_SERVER=44141, STANDALONE=36899], networkLocation: /default-rack, certSerialId: null, persistedOpState: null, persistedOpStateExpiryEpochSec: 0}
2022-11-24 06:38:35,722 [EventQueue-NewNodeForNewNodeHandler] INFO  pipeline.BackgroundPipelineCreator (BackgroundPipelineCreator.java:notifyEventTriggered(276)) - trigger a one-shot run on RatisPipelineUtilsThread.
2022-11-24 06:38:35,723 [RatisPipelineUtilsThread - 0] INFO  pipeline.RatisPipelineProvider (RatisPipelineProvider.java:lambda$create$0(195)) - Sending CreatePipelineCommand for pipeline:PipelineID=78a3379c-db77-46a6-9b1d-90f10f00f203 to datanode:8af73eb1-79e8-42bd-81b7-d22b4389184f
2022-11-24 06:38:35,724 [RatisPipelineUtilsThread - 0] INFO  pipeline.PipelineStateManagerImpl (PipelineStateManagerImpl.java:addPipeline(103)) - Created pipeline Pipeline[ Id: 78a3379c-db77-46a6-9b1d-90f10f00f203, Nodes: 8af73eb1-79e8-42bd-81b7-d22b4389184f{ip: 10.1.1.33, host: fv-az453-211.hss2zji4abbufegd5wcf2so25h.dx.internal.cloudapp.net, ports: [REPLICATION=36185, RATIS=44141, RATIS_ADMIN=44141, RATIS_SERVER=44141, STANDALONE=36899], networkLocation: /default-rack, certSerialId: null, persistedOpState: IN_SERVICE, persistedOpStateExpiryEpochSec: 0}, ReplicationConfig: RATIS/ONE, State:ALLOCATED, leaderId:, CreationTimestamp2022-11-24T06:38:35.723Z[Etc/UTC]].
2022-11-24 06:38:35,924 [Command processor thread] INFO  server.RaftServer (RaftServerProxy.java:addNew(96)) - fb3b41a4-a9f1-45d3-bf74-4074fcf3e767: addNew group-26CCA98A274A:[fb3b41a4-a9f1-45d3-bf74-4074fcf3e767|rpc:10.1.1.33:41917|priority:1|startupRole:FOLLOWER] returns group-26CCA98A274A:java.util.concurrent.CompletableFuture@3cbfda68[Not completed]
2022-11-24 06:38:35,942 [pool-72-thread-1] INFO  server.RaftServer$Division (RaftServerImpl.java:<init>(195)) - fb3b41a4-a9f1-45d3-bf74-4074fcf3e767: new RaftServerImpl for group-26CCA98A274A:[fb3b41a4-a9f1-45d3-bf74-4074fcf3e767|rpc:10.1.1.33:41917|priority:1|startupRole:FOLLOWER] with ContainerStateMachine:uninitialized
2022-11-24 06:38:35,943 [pool-72-thread-1] INFO  server.RaftServerConfigKeys (ConfUtils.java:logGet(46)) - raft.server.rpc.timeout.min = 5s (custom)
2022-11-24 06:38:35,944 [pool-72-thread-1] INFO  server.RaftServerConfigKeys (ConfUtils.java:logGet(46)) - raft.server.rpc.timeout.max = 5200ms (custom)
2022-11-24 06:38:35,944 [pool-72-thread-1] INFO  server.RaftServerConfigKeys (ConfUtils.java:logGet(46)) - raft.server.rpc.sleep.time = 25ms (default)
2022-11-24 06:38:35,944 [pool-72-thread-1] INFO  server.RaftServerConfigKeys (ConfUtils.java:logGet(46)) - raft.server.rpc.slowness.timeout = 300s (custom)
2022-11-24 06:38:35,944 [pool-72-thread-1] INFO  server.RaftServerConfigKeys (ConfUtils.java:logGet(46)) - raft.server.leaderelection.leader.step-down.wait-time = 10s (default)
2022-11-24 06:38:35,945 [pool-72-thread-1] INFO  server.RaftServerConfigKeys (ConfUtils.java:logGet(46)) - raft.server.sleep.deviation.threshold = 300ms (default)
2022-11-24 06:38:35,945 [pool-72-thread-1] INFO  server.RaftServer$Division (ServerState.java:<init>(118)) - fb3b41a4-a9f1-45d3-bf74-4074fcf3e767@group-26CCA98A274A: ConfigurationManager, init=-1: peers:[fb3b41a4-a9f1-45d3-bf74-4074fcf3e767|rpc:10.1.1.33:41917|priority:1|startupRole:FOLLOWER]|listeners:[], old=null, confs=<EMPTY_MAP>
2022-11-24 06:38:35,945 [pool-72-thread-1] INFO  server.RaftServerConfigKeys (ConfUtils.java:logGet(46)) - raft.server.storage.dir = [/home/runner/work/ozone/ozone/hadoop-ozone/integration-test/target/test-dir/MiniOzoneClusterImpl-3ca4de4a-72c8-4c23-a990-0556c1b2e11a/datanode-0/data/ratis] (custom)
2022-11-24 06:38:35,946 [pool-72-thread-1] INFO  server.RaftServerConfigKeys (ConfUtils.java:logGet(46)) - raft.server.log.corruption.policy = EXCEPTION (default)
2022-11-24 06:38:35,946 [pool-72-thread-1] INFO  server.RaftServerConfigKeys (ConfUtils.java:logGet(46)) - raft.server.storage.free-space.min = 0MB (=0) (default)
2022-11-24 06:38:35,947 [pool-72-thread-1] INFO  server.RaftServerConfigKeys (ConfUtils.java:logGet(46)) - raft.server.notification.no-leader.timeout = 300s (custom)
2022-11-24 06:38:35,947 [pool-72-thread-1] INFO  server.RaftServerConfigKeys (ConfUtils.java:logGet(46)) - raft.server.retrycache.expirytime = 600000ms (custom)
2022-11-24 06:38:35,947 [pool-72-thread-1] INFO  server.RaftServerConfigKeys (ConfUtils.java:logGet(46)) - raft.server.retrycache.statistics.expirytime = 100μs (default)
2022-11-24 06:38:35,963 [pool-72-thread-1] INFO  server.RaftServerConfigKeys (ConfUtils.java:logGet(46)) - raft.server.log.appender.install.snapshot.enabled = false (custom)
2022-11-24 06:38:35,963 [pool-72-thread-1] INFO  server.RaftServerConfigKeys (ConfUtils.java:logGet(46)) - raft.server.threadpool.server.cached = true (default)
2022-11-24 06:38:35,963 [pool-72-thread-1] INFO  server.RaftServerConfigKeys (ConfUtils.java:logGet(46)) - raft.server.threadpool.server.size = 0 (default)
2022-11-24 06:38:35,964 [pool-72-thread-1] INFO  server.RaftServerConfigKeys (ConfUtils.java:logGet(46)) - raft.server.threadpool.client.cached = true (default)
2022-11-24 06:38:35,964 [pool-72-thread-1] INFO  server.RaftServerConfigKeys (ConfUtils.java:logGet(46)) - raft.server.threadpool.client.size = 0 (default)
2022-11-24 06:38:35,964 [pool-72-thread-1] INFO  storage.RaftStorageDirectory (RaftStorageDirectoryImpl.java:analyzeStorage(137)) - The storage directory /home/runner/work/ozone/ozone/hadoop-ozone/integration-test/target/test-dir/MiniOzoneClusterImpl-3ca4de4a-72c8-4c23-a990-0556c1b2e11a/datanode-0/data/ratis/bd3c6721-1ed8-4ff3-a7c8-26cca98a274a does not exist. Creating ...
2022-11-24 06:38:35,967 [pool-72-thread-1] INFO  storage.RaftStorageDirectory (RaftStorageDirectoryImpl.java:tryLock(231)) - Lock on /home/runner/work/ozone/ozone/hadoop-ozone/integration-test/target/test-dir/MiniOzoneClusterImpl-3ca4de4a-72c8-4c23-a990-0556c1b2e11a/datanode-0/data/ratis/bd3c6721-1ed8-4ff3-a7c8-26cca98a274a/in_use.lock acquired by nodename 14982@fv-az453-211
2022-11-24 06:38:35,969 [pool-72-thread-1] INFO  storage.RaftStorage (RaftStorageImpl.java:format(96)) - Storage directory /home/runner/work/ozone/ozone/hadoop-ozone/integration-test/target/test-dir/MiniOzoneClusterImpl-3ca4de4a-72c8-4c23-a990-0556c1b2e11a/datanode-0/data/ratis/bd3c6721-1ed8-4ff3-a7c8-26cca98a274a has been successfully formatted.
2022-11-24 06:38:35,984 [pool-72-thread-1] INFO  ratis.ContainerStateMachine (ContainerStateMachine.java:loadSnapshot(236)) - group-26CCA98A274A: The snapshot info is null. Setting the last applied indexto:(t:0, i:~)
2022-11-24 06:38:35,984 [pool-72-thread-1] INFO  server.RaftServerConfigKeys (ConfUtils.java:logGet(46)) - raft.server.log.use.memory = false (default)
2022-11-24 06:38:35,984 [pool-72-thread-1] INFO  server.RaftServerConfigKeys (ConfUtils.java:logGet(46)) - raft.server.log.purge.gap = 1000000 (custom)
2022-11-24 06:38:35,984 [pool-72-thread-1] INFO  server.RaftServerConfigKeys (ConfUtils.java:logGet(46)) - raft.server.log.appender.buffer.byte-limit = 33554432 (custom)
2022-11-24 06:38:35,988 [EventQueue-PipelineReportForPipelineReportHandler] INFO  pipeline.PipelineManagerImpl (PipelineManagerImpl.java:openPipeline(367)) - Pipeline Pipeline[ Id: bd3c6721-1ed8-4ff3-a7c8-26cca98a274a, Nodes: fb3b41a4-a9f1-45d3-bf74-4074fcf3e767{ip: 10.1.1.33, host: fv-az453-211.hss2zji4abbufegd5wcf2so25h.dx.internal.cloudapp.net, ports: [REPLICATION=44533, RATIS=41917, RATIS_ADMIN=41917, RATIS_SERVER=41917, STANDALONE=33289], networkLocation: /default-rack, certSerialId: null, persistedOpState: IN_SERVICE, persistedOpStateExpiryEpochSec: 0}, ReplicationConfig: RATIS/ONE, State:ALLOCATED, leaderId:fb3b41a4-a9f1-45d3-bf74-4074fcf3e767, CreationTimestamp2022-11-24T06:38:32.961Z[Etc/UTC]] moved to OPEN state
2022-11-24 06:38:35,998 [pool-72-thread-1] INFO  server.RaftServerConfigKeys (ConfUtils.java:logGet(46)) - raft.server.log.statemachine.data.read.timeout = 1000ms (default)
2022-11-24 06:38:35,999 [pool-72-thread-1] INFO  server.RaftServerConfigKeys (ConfUtils.java:logGet(46)) - raft.server.log.purge.preservation.log.num = 0 (default)
2022-11-24 06:38:36,001 [pool-72-thread-1] INFO  server.RaftServerConfigKeys (ConfUtils.java:logGet(46)) - raft.server.log.segment.size.max = 1048576 (custom)
2022-11-24 06:38:36,004 [pool-72-thread-1] INFO  server.RaftServerConfigKeys (ConfUtils.java:logGet(46)) - raft.server.log.segment.cache.num.max = 2 (custom)
2022-11-24 06:38:36,004 [pool-72-thread-1] INFO  server.RaftServerConfigKeys (ConfUtils.java:logGet(46)) - raft.server.log.segment.cache.size.max = 200MB (=209715200) (default)
2022-11-24 06:38:36,004 [pool-72-thread-1] INFO  segmented.SegmentedRaftLogWorker (SegmentedRaftLogWorker.java:<init>(191)) - new fb3b41a4-a9f1-45d3-bf74-4074fcf3e767@group-26CCA98A274A-SegmentedRaftLogWorker for RaftStorageImpl:Storage Directory /home/runner/work/ozone/ozone/hadoop-ozone/integration-test/target/test-dir/MiniOzoneClusterImpl-3ca4de4a-72c8-4c23-a990-0556c1b2e11a/datanode-0/data/ratis/bd3c6721-1ed8-4ff3-a7c8-26cca98a274a
2022-11-24 06:38:36,004 [pool-72-thread-1] INFO  server.RaftServerConfigKeys (ConfUtils.java:logGet(46)) - raft.server.log.queue.byte-limit = 4294967296 (custom)
2022-11-24 06:38:36,006 [EventQueue-OpenPipelineForHealthyPipelineSafeModeRule] INFO  safemode.SCMSafeModeManager (HealthyPipelineSafeModeRule.java:process(137)) - SCM in safe mode. Healthy pipelines reported count is 0, required healthy pipeline reported count is 1
2022-11-24 06:38:36,020 [pool-72-thread-1] INFO  server.RaftServerConfigKeys (ConfUtils.java:logGet(46)) - raft.server.log.queue.element-limit = 1024 (custom)
2022-11-24 06:38:36,020 [pool-72-thread-1] INFO  server.RaftServerConfigKeys (ConfUtils.java:logGet(46)) - raft.server.log.segment.size.max = 1048576 (custom)
2022-11-24 06:38:36,020 [pool-72-thread-1] INFO  server.RaftServerConfigKeys (ConfUtils.java:logGet(46)) - raft.server.log.preallocated.size = 16384 (custom)
2022-11-24 06:38:36,021 [pool-72-thread-1] INFO  server.RaftServerConfigKeys (ConfUtils.java:logGet(46)) - raft.server.log.force.sync.num = 128 (default)
2022-11-24 06:38:36,021 [pool-72-thread-1] INFO  server.RaftServerConfigKeys (ConfUtils.java:logGet(46)) - raft.server.log.statemachine.data.sync = true (default)
2022-11-24 06:38:36,021 [pool-72-thread-1] INFO  server.RaftServerConfigKeys (ConfUtils.java:logGet(46)) - raft.server.log.statemachine.data.sync.timeout = 10s (default)
2022-11-24 06:38:36,021 [pool-72-thread-1] INFO  server.RaftServerConfigKeys (ConfUtils.java:logGet(46)) - raft.server.log.statemachine.data.sync.timeout.retry = -1 (default)
2022-11-24 06:38:36,024 [pool-72-thread-1] INFO  server.RaftServerConfigKeys (ConfUtils.java:logGet(46)) - raft.server.log.write.buffer.size = 1048576 (custom)
2022-11-24 06:38:36,025 [pool-72-thread-1] INFO  server.RaftServerConfigKeys (ConfUtils.java:logGet(46)) - raft.server.log.unsafe-flush.enabled = false (default)
2022-11-24 06:38:36,025 [pool-72-thread-1] INFO  server.RaftServerConfigKeys (ConfUtils.java:logGet(46)) - raft.server.log.async-flush.enabled = false (default)
2022-11-24 06:38:36,025 [pool-72-thread-1] INFO  server.RaftServerConfigKeys (ConfUtils.java:logGet(46)) - raft.server.log.statemachine.data.caching.enabled = true (custom)
2022-11-24 06:38:36,025 [pool-72-thread-1] INFO  segmented.SegmentedRaftLogWorker (SegmentedRaftLogWorker.java:lambda$new$0(136)) - fb3b41a4-a9f1-45d3-bf74-4074fcf3e767@group-26CCA98A274A-SegmentedRaftLogWorker: flushIndex: setUnconditionally 0 -> -1
2022-11-24 06:38:36,026 [pool-72-thread-1] INFO  segmented.SegmentedRaftLogWorker (SegmentedRaftLogWorker.java:lambda$new$0(136)) - fb3b41a4-a9f1-45d3-bf74-4074fcf3e767@group-26CCA98A274A-SegmentedRaftLogWorker: safeCacheEvictIndex: setUnconditionally 0 -> -1
2022-11-24 06:38:36,029 [pool-72-thread-1] INFO  server.RaftServer$Division (RaftServerImpl.java:start(334)) - fb3b41a4-a9f1-45d3-bf74-4074fcf3e767@group-26CCA98A274A: start as a follower, conf=-1: peers:[fb3b41a4-a9f1-45d3-bf74-4074fcf3e767|rpc:10.1.1.33:41917|priority:1|startupRole:FOLLOWER]|listeners:[], old=null
2022-11-24 06:38:36,029 [pool-72-thread-1] INFO  server.RaftServer$Division (RaftServerImpl.java:setRole(321)) - fb3b41a4-a9f1-45d3-bf74-4074fcf3e767@group-26CCA98A274A: changes role from      null to FOLLOWER at term 0 for startAsFollower
2022-11-24 06:38:36,029 [pool-72-thread-1] INFO  impl.RoleInfo (RoleInfo.java:updateAndGet(139)) - fb3b41a4-a9f1-45d3-bf74-4074fcf3e767: start fb3b41a4-a9f1-45d3-bf74-4074fcf3e767@group-26CCA98A274A-FollowerState
2022-11-24 06:38:36,034 [pool-72-thread-1] INFO  util.JmxRegister (JmxRegister.java:tryRegister(44)) - Successfully registered JMX Bean with object name Ratis:service=RaftServer,group=group-26CCA98A274A,id=fb3b41a4-a9f1-45d3-bf74-4074fcf3e767
2022-11-24 06:38:36,034 [pool-72-thread-1] INFO  server.RaftServerConfigKeys (ConfUtils.java:logGet(46)) - raft.server.snapshot.auto.trigger.enabled = true (custom)
2022-11-24 06:38:36,034 [pool-72-thread-1] INFO  server.RaftServerConfigKeys (ConfUtils.java:logGet(46)) - raft.server.snapshot.auto.trigger.threshold = 10000 (custom)
2022-11-24 06:38:36,034 [pool-72-thread-1] INFO  server.RaftServerConfigKeys (ConfUtils.java:logGet(46)) - raft.server.snapshot.retention.file.num = 5 (custom)
2022-11-24 06:38:36,034 [pool-72-thread-1] INFO  server.RaftServerConfigKeys (ConfUtils.java:logGet(46)) - raft.server.log.purge.upto.snapshot.index = false (default)
2022-11-24 06:38:36,035 [fb3b41a4-a9f1-45d3-bf74-4074fcf3e767@group-26CCA98A274A-FollowerState] INFO  server.RaftServerConfigKeys (ConfUtils.java:logFallback(53)) - raft.server.rpc.first-election.timeout.min = 5s (fallback to raft.server.rpc.timeout.min)
2022-11-24 06:38:36,035 [fb3b41a4-a9f1-45d3-bf74-4074fcf3e767@group-26CCA98A274A-FollowerState] INFO  server.RaftServerConfigKeys (ConfUtils.java:logFallback(53)) - raft.server.rpc.first-election.timeout.max = 5200ms (fallback to raft.server.rpc.timeout.max)
2022-11-24 06:38:36,054 [Command processor thread] INFO  ratis.XceiverServerRatis (XceiverServerRatis.java:addGroup(765)) - Created group PipelineID=bd3c6721-1ed8-4ff3-a7c8-26cca98a274a
2022-11-24 06:38:36,054 [Command processor thread] INFO  commandhandler.CreatePipelineCommandHandler (CreatePipelineCommandHandler.java:handle(113)) - Created Pipeline RATIS ONE PipelineID=bd3c6721-1ed8-4ff3-a7c8-26cca98a274a.
2022-11-24 06:38:36,055 [Command processor thread] INFO  server.RaftServer (RaftServerProxy.java:addNew(96)) - fb3b41a4-a9f1-45d3-bf74-4074fcf3e767: addNew group-510A37B8E04C:[06429dc3-6184-4705-8d2a-a6f8dedf2170|rpc:10.1.1.33:44897|priority:0|startupRole:FOLLOWER, fb3b41a4-a9f1-45d3-bf74-4074fcf3e767|rpc:10.1.1.33:41917|priority:1|startupRole:FOLLOWER, cb9a1e57-5a73-4518-a050-b0d695628b3e|rpc:10.1.1.33:33351|priority:0|startupRole:FOLLOWER] returns group-510A37B8E04C:java.util.concurrent.CompletableFuture@58320d84[Not completed]
2022-11-24 06:38:36,059 [Listener at 127.0.0.1/43781] INFO  ozone.MiniOzoneClusterImpl (MiniOzoneClusterImpl.java:lambda$waitForClusterToBeReady$0(216)) - Waiting for nodes to be ready. Got 7 of 10 DN Heartbeats.
2022-11-24 06:38:36,060 [Listener at 127.0.0.1/43781] INFO  ozone.MiniOzoneClusterImpl (MiniOzoneClusterImpl.java:lambda$waitForClusterToBeReady$0(219)) - Waiting for cluster to exit safe mode
2022-11-24 06:38:36,060 [Listener at 127.0.0.1/43781] INFO  ozone.MiniOzoneClusterImpl (MiniOzoneClusterImpl.java:lambda$waitForClusterToBeReady$0(221)) - SCM became leader
2022-11-24 06:38:36,062 [pool-72-thread-1] INFO  server.RaftServer$Division (RaftServerImpl.java:<init>(195)) - fb3b41a4-a9f1-45d3-bf74-4074fcf3e767: new RaftServerImpl for group-510A37B8E04C:[06429dc3-6184-4705-8d2a-a6f8dedf2170|rpc:10.1.1.33:44897|priority:0|startupRole:FOLLOWER, fb3b41a4-a9f1-45d3-bf74-4074fcf3e767|rpc:10.1.1.33:41917|priority:1|startupRole:FOLLOWER, cb9a1e57-5a73-4518-a050-b0d695628b3e|rpc:10.1.1.33:33351|priority:0|startupRole:FOLLOWER] with ContainerStateMachine:uninitialized
2022-11-24 06:38:36,064 [pool-72-thread-1] INFO  server.RaftServerConfigKeys (ConfUtils.java:logGet(46)) - raft.server.rpc.timeout.min = 5s (custom)
2022-11-24 06:38:36,064 [pool-72-thread-1] INFO  server.RaftServerConfigKeys (ConfUtils.java:logGet(46)) - raft.server.rpc.timeout.max = 5200ms (custom)
2022-11-24 06:38:36,064 [pool-72-thread-1] INFO  server.RaftServerConfigKeys (ConfUtils.java:logGet(46)) - raft.server.rpc.sleep.time = 25ms (default)
2022-11-24 06:38:36,066 [pool-72-thread-1] INFO  server.RaftServerConfigKeys (ConfUtils.java:logGet(46)) - raft.server.rpc.slowness.timeout = 300s (custom)
2022-11-24 06:38:36,066 [pool-72-thread-1] INFO  server.RaftServerConfigKeys (ConfUtils.java:logGet(46)) - raft.server.leaderelection.leader.step-down.wait-time = 10s (default)
2022-11-24 06:38:36,066 [pool-72-thread-1] INFO  server.RaftServerConfigKeys (ConfUtils.java:logGet(46)) - raft.server.sleep.deviation.threshold = 300ms (default)
2022-11-24 06:38:36,066 [pool-72-thread-1] INFO  server.RaftServer$Division (ServerState.java:<init>(118)) - fb3b41a4-a9f1-45d3-bf74-4074fcf3e767@group-510A37B8E04C: ConfigurationManager, init=-1: peers:[06429dc3-6184-4705-8d2a-a6f8dedf2170|rpc:10.1.1.33:44897|priority:0|startupRole:FOLLOWER, fb3b41a4-a9f1-45d3-bf74-4074fcf3e767|rpc:10.1.1.33:41917|priority:1|startupRole:FOLLOWER, cb9a1e57-5a73-4518-a050-b0d695628b3e|rpc:10.1.1.33:33351|priority:0|startupRole:FOLLOWER]|listeners:[], old=null, confs=<EMPTY_MAP>
2022-11-24 06:38:36,066 [pool-72-thread-1] INFO  server.RaftServerConfigKeys (ConfUtils.java:logGet(46)) - raft.server.storage.dir = [/home/runner/work/ozone/ozone/hadoop-ozone/integration-test/target/test-dir/MiniOzoneClusterImpl-3ca4de4a-72c8-4c23-a990-0556c1b2e11a/datanode-0/data/ratis] (custom)
2022-11-24 06:38:36,067 [pool-72-thread-1] INFO  server.RaftServerConfigKeys (ConfUtils.java:logGet(46)) - raft.server.log.corruption.policy = EXCEPTION (default)
2022-11-24 06:38:36,067 [pool-72-thread-1] INFO  server.RaftServerConfigKeys (ConfUtils.java:logGet(46)) - raft.server.storage.free-space.min = 0MB (=0) (default)
2022-11-24 06:38:36,067 [pool-72-thread-1] INFO  server.RaftServerConfigKeys (ConfUtils.java:logGet(46)) - raft.server.notification.no-leader.timeout = 300s (custom)
2022-11-24 06:38:36,067 [pool-72-thread-1] INFO  server.RaftServerConfigKeys (ConfUtils.java:logGet(46)) - raft.server.retrycache.expirytime = 600000ms (custom)
2022-11-24 06:38:36,067 [pool-72-thread-1] INFO  server.RaftServerConfigKeys (ConfUtils.java:logGet(46)) - raft.server.retrycache.statistics.expirytime = 100μs (default)
2022-11-24 06:38:36,071 [pool-72-thread-1] INFO  server.RaftServerConfigKeys (ConfUtils.java:logGet(46)) - raft.server.log.appender.install.snapshot.enabled = false (custom)
2022-11-24 06:38:36,071 [pool-72-thread-1] INFO  server.RaftServerConfigKeys (ConfUtils.java:logGet(46)) - raft.server.threadpool.server.cached = true (default)
2022-11-24 06:38:36,071 [pool-72-thread-1] INFO  server.RaftServerConfigKeys (ConfUtils.java:logGet(46)) - raft.server.threadpool.server.size = 0 (default)
2022-11-24 06:38:36,071 [pool-72-thread-1] INFO  server.RaftServerConfigKeys (ConfUtils.java:logGet(46)) - raft.server.threadpool.client.cached = true (default)
2022-11-24 06:38:36,072 [pool-72-thread-1] INFO  server.RaftServerConfigKeys (ConfUtils.java:logGet(46)) - raft.server.threadpool.client.size = 0 (default)
2022-11-24 06:38:36,072 [pool-72-thread-1] INFO  storage.RaftStorageDirectory (RaftStorageDirectoryImpl.java:analyzeStorage(137)) - The storage directory /home/runner/work/ozone/ozone/hadoop-ozone/integration-test/target/test-dir/MiniOzoneClusterImpl-3ca4de4a-72c8-4c23-a990-0556c1b2e11a/datanode-0/data/ratis/c3da2c06-27c7-4ed5-b8eb-510a37b8e04c does not exist. Creating ...
2022-11-24 06:38:36,073 [pool-72-thread-1] INFO  storage.RaftStorageDirectory (RaftStorageDirectoryImpl.java:tryLock(231)) - Lock on /home/runner/work/ozone/ozone/hadoop-ozone/integration-test/target/test-dir/MiniOzoneClusterImpl-3ca4de4a-72c8-4c23-a990-0556c1b2e11a/datanode-0/data/ratis/c3da2c06-27c7-4ed5-b8eb-510a37b8e04c/in_use.lock acquired by nodename 14982@fv-az453-211
2022-11-24 06:38:36,075 [pool-72-thread-1] INFO  storage.RaftStorage (RaftStorageImpl.java:format(96)) - Storage directory /home/runner/work/ozone/ozone/hadoop-ozone/integration-test/target/test-dir/MiniOzoneClusterImpl-3ca4de4a-72c8-4c23-a990-0556c1b2e11a/datanode-0/data/ratis/c3da2c06-27c7-4ed5-b8eb-510a37b8e04c has been successfully formatted.
2022-11-24 06:38:36,075 [pool-72-thread-1] INFO  ratis.ContainerStateMachine (ContainerStateMachine.java:loadSnapshot(236)) - group-510A37B8E04C: The snapshot info is null. Setting the last applied indexto:(t:0, i:~)
2022-11-24 06:38:36,075 [pool-72-thread-1] INFO  server.RaftServerConfigKeys (ConfUtils.java:logGet(46)) - raft.server.log.use.memory = false (default)
2022-11-24 06:38:36,079 [EventQueue-OpenPipelineForHealthyPipelineSafeModeRule] INFO  safemode.SCMSafeModeManager (HealthyPipelineSafeModeRule.java:process(137)) - SCM in safe mode. Healthy pipelines reported count is 0, required healthy pipeline reported count is 1
2022-11-24 06:38:36,087 [pool-72-thread-1] INFO  server.RaftServerConfigKeys (ConfUtils.java:logGet(46)) - raft.server.log.purge.gap = 1000000 (custom)
2022-11-24 06:38:36,087 [pool-72-thread-1] INFO  server.RaftServerConfigKeys (ConfUtils.java:logGet(46)) - raft.server.log.appender.buffer.byte-limit = 33554432 (custom)
2022-11-24 06:38:36,088 [pool-72-thread-1] INFO  server.RaftServerConfigKeys (ConfUtils.java:logGet(46)) - raft.server.log.statemachine.data.read.timeout = 1000ms (default)
2022-11-24 06:38:36,088 [pool-72-thread-1] INFO  server.RaftServerConfigKeys (ConfUtils.java:logGet(46)) - raft.server.log.purge.preservation.log.num = 0 (default)
2022-11-24 06:38:36,088 [pool-72-thread-1] INFO  server.RaftServerConfigKeys (ConfUtils.java:logGet(46)) - raft.server.log.segment.size.max = 1048576 (custom)
2022-11-24 06:38:36,089 [pool-72-thread-1] INFO  server.RaftServerConfigKeys (ConfUtils.java:logGet(46)) - raft.server.log.segment.cache.num.max = 2 (custom)
2022-11-24 06:38:36,089 [pool-72-thread-1] INFO  server.RaftServerConfigKeys (ConfUtils.java:logGet(46)) - raft.server.log.segment.cache.size.max = 200MB (=209715200) (default)
2022-11-24 06:38:36,089 [pool-72-thread-1] INFO  segmented.SegmentedRaftLogWorker (SegmentedRaftLogWorker.java:<init>(191)) - new fb3b41a4-a9f1-45d3-bf74-4074fcf3e767@group-510A37B8E04C-SegmentedRaftLogWorker for RaftStorageImpl:Storage Directory /home/runner/work/ozone/ozone/hadoop-ozone/integration-test/target/test-dir/MiniOzoneClusterImpl-3ca4de4a-72c8-4c23-a990-0556c1b2e11a/datanode-0/data/ratis/c3da2c06-27c7-4ed5-b8eb-510a37b8e04c
2022-11-24 06:38:36,090 [pool-72-thread-1] INFO  server.RaftServerConfigKeys (ConfUtils.java:logGet(46)) - raft.server.log.queue.byte-limit = 4294967296 (custom)
2022-11-24 06:38:36,090 [pool-72-thread-1] INFO  server.RaftServerConfigKeys (ConfUtils.java:logGet(46)) - raft.server.log.queue.element-limit = 1024 (custom)
2022-11-24 06:38:36,090 [pool-72-thread-1] INFO  server.RaftServerConfigKeys (ConfUtils.java:logGet(46)) - raft.server.log.segment.size.max = 1048576 (custom)
2022-11-24 06:38:36,090 [pool-72-thread-1] INFO  server.RaftServerConfigKeys (ConfUtils.java:logGet(46)) - raft.server.log.preallocated.size = 16384 (custom)
2022-11-24 06:38:36,090 [pool-72-thread-1] INFO  server.RaftServerConfigKeys (ConfUtils.java:logGet(46)) - raft.server.log.force.sync.num = 128 (default)
2022-11-24 06:38:36,090 [pool-72-thread-1] INFO  server.RaftServerConfigKeys (ConfUtils.java:logGet(46)) - raft.server.log.statemachine.data.sync = true (default)
2022-11-24 06:38:36,090 [pool-72-thread-1] INFO  server.RaftServerConfigKeys (ConfUtils.java:logGet(46)) - raft.server.log.statemachine.data.sync.timeout = 10s (default)
2022-11-24 06:38:36,090 [pool-72-thread-1] INFO  server.RaftServerConfigKeys (ConfUtils.java:logGet(46)) - raft.server.log.statemachine.data.sync.timeout.retry = -1 (default)
2022-11-24 06:38:36,093 [pool-72-thread-1] INFO  server.RaftServerConfigKeys (ConfUtils.java:logGet(46)) - raft.server.log.write.buffer.size = 1048576 (custom)
2022-11-24 06:38:36,093 [pool-72-thread-1] INFO  server.RaftServerConfigKeys (ConfUtils.java:logGet(46)) - raft.server.log.unsafe-flush.enabled = false (default)
2022-11-24 06:38:36,093 [pool-72-thread-1] INFO  server.RaftServerConfigKeys (ConfUtils.java:logGet(46)) - raft.server.log.async-flush.enabled = false (default)
2022-11-24 06:38:36,094 [pool-72-thread-1] INFO  server.RaftServerConfigKeys (ConfUtils.java:logGet(46)) - raft.server.log.statemachine.data.caching.enabled = true (custom)
2022-11-24 06:38:36,094 [pool-72-thread-1] INFO  segmented.SegmentedRaftLogWorker (SegmentedRaftLogWorker.java:lambda$new$0(136)) - fb3b41a4-a9f1-45d3-bf74-4074fcf3e767@group-510A37B8E04C-SegmentedRaftLogWorker: flushIndex: setUnconditionally 0 -> -1
2022-11-24 06:38:36,094 [pool-72-thread-1] INFO  segmented.SegmentedRaftLogWorker (SegmentedRaftLogWorker.java:lambda$new$0(136)) - fb3b41a4-a9f1-45d3-bf74-4074fcf3e767@group-510A37B8E04C-SegmentedRaftLogWorker: safeCacheEvictIndex: setUnconditionally 0 -> -1
2022-11-24 06:38:36,094 [pool-72-thread-1] INFO  server.RaftServer$Division (RaftServerImpl.java:start(334)) - fb3b41a4-a9f1-45d3-bf74-4074fcf3e767@group-510A37B8E04C: start as a follower, conf=-1: peers:[06429dc3-6184-4705-8d2a-a6f8dedf2170|rpc:10.1.1.33:44897|priority:0|startupRole:FOLLOWER, fb3b41a4-a9f1-45d3-bf74-4074fcf3e767|rpc:10.1.1.33:41917|priority:1|startupRole:FOLLOWER, cb9a1e57-5a73-4518-a050-b0d695628b3e|rpc:10.1.1.33:33351|priority:0|startupRole:FOLLOWER]|listeners:[], old=null
2022-11-24 06:38:36,094 [pool-72-thread-1] INFO  server.RaftServer$Division (RaftServerImpl.java:setRole(321)) - fb3b41a4-a9f1-45d3-bf74-4074fcf3e767@group-510A37B8E04C: changes role from      null to FOLLOWER at term 0 for startAsFollower
2022-11-24 06:38:36,094 [pool-72-thread-1] INFO  impl.RoleInfo (RoleInfo.java:updateAndGet(139)) - fb3b41a4-a9f1-45d3-bf74-4074fcf3e767: start fb3b41a4-a9f1-45d3-bf74-4074fcf3e767@group-510A37B8E04C-FollowerState
2022-11-24 06:38:36,095 [pool-72-thread-1] INFO  util.JmxRegister (JmxRegister.java:tryRegister(44)) - Successfully registered JMX Bean with object name Ratis:service=RaftServer,group=group-510A37B8E04C,id=fb3b41a4-a9f1-45d3-bf74-4074fcf3e767
2022-11-24 06:38:36,095 [pool-72-thread-1] INFO  server.RaftServerConfigKeys (ConfUtils.java:logGet(46)) - raft.server.snapshot.auto.trigger.enabled = true (custom)
2022-11-24 06:38:36,095 [pool-72-thread-1] INFO  server.RaftServerConfigKeys (ConfUtils.java:logGet(46)) - raft.server.snapshot.auto.trigger.threshold = 10000 (custom)
2022-11-24 06:38:36,095 [pool-72-thread-1] INFO  server.RaftServerConfigKeys (ConfUtils.java:logGet(46)) - raft.server.snapshot.retention.file.num = 5 (custom)
2022-11-24 06:38:36,095 [pool-72-thread-1] INFO  server.RaftServerConfigKeys (ConfUtils.java:logGet(46)) - raft.server.log.purge.upto.snapshot.index = false (default)
2022-11-24 06:38:36,097 [fb3b41a4-a9f1-45d3-bf74-4074fcf3e767@group-510A37B8E04C-FollowerState] INFO  server.RaftServerConfigKeys (ConfUtils.java:logFallback(53)) - raft.server.rpc.first-election.timeout.min = 5s (fallback to raft.server.rpc.timeout.min)
2022-11-24 06:38:36,097 [fb3b41a4-a9f1-45d3-bf74-4074fcf3e767@group-510A37B8E04C-FollowerState] INFO  server.RaftServerConfigKeys (ConfUtils.java:logFallback(53)) - raft.server.rpc.first-election.timeout.max = 5200ms (fallback to raft.server.rpc.timeout.max)
2022-11-24 06:38:36,097 [Command processor thread] INFO  ratis.XceiverServerRatis (XceiverServerRatis.java:addGroup(765)) - Created group PipelineID=c3da2c06-27c7-4ed5-b8eb-510a37b8e04c
2022-11-24 06:38:36,180 [IPC Server handler 2 on default port 42997] INFO  net.NetworkTopologyImpl (NetworkTopologyImpl.java:add(112)) - Added a new node: /default-rack/f61b783c-62f9-462d-872d-ac09aa128e21
2022-11-24 06:38:36,180 [IPC Server handler 2 on default port 42997] INFO  node.SCMNodeManager (SCMNodeManager.java:register(397)) - Registered Data node : f61b783c-62f9-462d-872d-ac09aa128e21{ip: 10.1.1.33, host: fv-az453-211.hss2zji4abbufegd5wcf2so25h.dx.internal.cloudapp.net, ports: [REPLICATION=45671, RATIS=44027, RATIS_ADMIN=44027, RATIS_SERVER=44027, STANDALONE=38233], networkLocation: /default-rack, certSerialId: null, persistedOpState: null, persistedOpStateExpiryEpochSec: 0}
2022-11-24 06:38:36,181 [EventQueue-NewNodeForNewNodeHandler] INFO  pipeline.BackgroundPipelineCreator (BackgroundPipelineCreator.java:notifyEventTriggered(276)) - trigger a one-shot run on RatisPipelineUtilsThread.
2022-11-24 06:38:36,181 [RatisPipelineUtilsThread - 0] INFO  pipeline.RatisPipelineProvider (RatisPipelineProvider.java:lambda$create$0(195)) - Sending CreatePipelineCommand for pipeline:PipelineID=6575c6d3-2d91-49ba-b6af-a00e16961674 to datanode:f61b783c-62f9-462d-872d-ac09aa128e21
2022-11-24 06:38:36,182 [RatisPipelineUtilsThread - 0] INFO  pipeline.PipelineStateManagerImpl (PipelineStateManagerImpl.java:addPipeline(103)) - Created pipeline Pipeline[ Id: 6575c6d3-2d91-49ba-b6af-a00e16961674, Nodes: f61b783c-62f9-462d-872d-ac09aa128e21{ip: 10.1.1.33, host: fv-az453-211.hss2zji4abbufegd5wcf2so25h.dx.internal.cloudapp.net, ports: [REPLICATION=45671, RATIS=44027, RATIS_ADMIN=44027, RATIS_SERVER=44027, STANDALONE=38233], networkLocation: /default-rack, certSerialId: null, persistedOpState: IN_SERVICE, persistedOpStateExpiryEpochSec: 0}, ReplicationConfig: RATIS/ONE, State:ALLOCATED, leaderId:, CreationTimestamp2022-11-24T06:38:36.181Z[Etc/UTC]].
2022-11-24 06:38:36,582 [Command processor thread] INFO  server.RaftServer (RaftServerProxy.java:addNew(96)) - cb9a1e57-5a73-4518-a050-b0d695628b3e: addNew group-7B32BE84CB0B:[cb9a1e57-5a73-4518-a050-b0d695628b3e|rpc:10.1.1.33:33351|priority:1|startupRole:FOLLOWER] returns group-7B32BE84CB0B:java.util.concurrent.CompletableFuture@2008a355[Not completed]
2022-11-24 06:38:36,595 [pool-95-thread-1] INFO  server.RaftServer$Division (RaftServerImpl.java:<init>(195)) - cb9a1e57-5a73-4518-a050-b0d695628b3e: new RaftServerImpl for group-7B32BE84CB0B:[cb9a1e57-5a73-4518-a050-b0d695628b3e|rpc:10.1.1.33:33351|priority:1|startupRole:FOLLOWER] with ContainerStateMachine:uninitialized
2022-11-24 06:38:36,603 [pool-95-thread-1] INFO  server.RaftServerConfigKeys (ConfUtils.java:logGet(46)) - raft.server.rpc.timeout.min = 5s (custom)
2022-11-24 06:38:36,603 [pool-95-thread-1] INFO  server.RaftServerConfigKeys (ConfUtils.java:logGet(46)) - raft.server.rpc.timeout.max = 5200ms (custom)
2022-11-24 06:38:36,604 [pool-95-thread-1] INFO  server.RaftServerConfigKeys (ConfUtils.java:logGet(46)) - raft.server.rpc.sleep.time = 25ms (default)
2022-11-24 06:38:36,604 [pool-95-thread-1] INFO  server.RaftServerConfigKeys (ConfUtils.java:logGet(46)) - raft.server.rpc.slowness.timeout = 300s (custom)
2022-11-24 06:38:36,604 [pool-95-thread-1] INFO  server.RaftServerConfigKeys (ConfUtils.java:logGet(46)) - raft.server.leaderelection.leader.step-down.wait-time = 10s (default)
2022-11-24 06:38:36,604 [pool-95-thread-1] INFO  server.RaftServerConfigKeys (ConfUtils.java:logGet(46)) - raft.server.sleep.deviation.threshold = 300ms (default)
2022-11-24 06:38:36,604 [pool-95-thread-1] INFO  server.RaftServer$Division (ServerState.java:<init>(118)) - cb9a1e57-5a73-4518-a050-b0d695628b3e@group-7B32BE84CB0B: ConfigurationManager, init=-1: peers:[cb9a1e57-5a73-4518-a050-b0d695628b3e|rpc:10.1.1.33:33351|priority:1|startupRole:FOLLOWER]|listeners:[], old=null, confs=<EMPTY_MAP>
2022-11-24 06:38:36,604 [pool-95-thread-1] INFO  server.RaftServerConfigKeys (ConfUtils.java:logGet(46)) - raft.server.storage.dir = [/home/runner/work/ozone/ozone/hadoop-ozone/integration-test/target/test-dir/MiniOzoneClusterImpl-3ca4de4a-72c8-4c23-a990-0556c1b2e11a/datanode-1/data/ratis] (custom)
2022-11-24 06:38:36,604 [pool-95-thread-1] INFO  server.RaftServerConfigKeys (ConfUtils.java:logGet(46)) - raft.server.log.corruption.policy = EXCEPTION (default)
2022-11-24 06:38:36,604 [pool-95-thread-1] INFO  server.RaftServerConfigKeys (ConfUtils.java:logGet(46)) - raft.server.storage.free-space.min = 0MB (=0) (default)
2022-11-24 06:38:36,605 [pool-95-thread-1] INFO  server.RaftServerConfigKeys (ConfUtils.java:logGet(46)) - raft.server.notification.no-leader.timeout = 300s (custom)
2022-11-24 06:38:36,605 [pool-95-thread-1] INFO  server.RaftServerConfigKeys (ConfUtils.java:logGet(46)) - raft.server.retrycache.expirytime = 600000ms (custom)
2022-11-24 06:38:36,605 [pool-95-thread-1] INFO  server.RaftServerConfigKeys (ConfUtils.java:logGet(46)) - raft.server.retrycache.statistics.expirytime = 100μs (default)
2022-11-24 06:38:36,608 [pool-95-thread-1] INFO  server.RaftServerConfigKeys (ConfUtils.java:logGet(46)) - raft.server.log.appender.install.snapshot.enabled = false (custom)
2022-11-24 06:38:36,608 [pool-95-thread-1] INFO  server.RaftServerConfigKeys (ConfUtils.java:logGet(46)) - raft.server.threadpool.server.cached = true (default)
2022-11-24 06:38:36,608 [pool-95-thread-1] INFO  server.RaftServerConfigKeys (ConfUtils.java:logGet(46)) - raft.server.threadpool.server.size = 0 (default)
2022-11-24 06:38:36,608 [pool-95-thread-1] INFO  server.RaftServerConfigKeys (ConfUtils.java:logGet(46)) - raft.server.threadpool.client.cached = true (default)
2022-11-24 06:38:36,608 [pool-95-thread-1] INFO  server.RaftServerConfigKeys (ConfUtils.java:logGet(46)) - raft.server.threadpool.client.size = 0 (default)
2022-11-24 06:38:36,608 [pool-95-thread-1] INFO  storage.RaftStorageDirectory (RaftStorageDirectoryImpl.java:analyzeStorage(137)) - The storage directory /home/runner/work/ozone/ozone/hadoop-ozone/integration-test/target/test-dir/MiniOzoneClusterImpl-3ca4de4a-72c8-4c23-a990-0556c1b2e11a/datanode-1/data/ratis/c0453bad-53f0-4204-a631-7b32be84cb0b does not exist. Creating ...
2022-11-24 06:38:36,615 [pool-95-thread-1] INFO  storage.RaftStorageDirectory (RaftStorageDirectoryImpl.java:tryLock(231)) - Lock on /home/runner/work/ozone/ozone/hadoop-ozone/integration-test/target/test-dir/MiniOzoneClusterImpl-3ca4de4a-72c8-4c23-a990-0556c1b2e11a/datanode-1/data/ratis/c0453bad-53f0-4204-a631-7b32be84cb0b/in_use.lock acquired by nodename 14982@fv-az453-211
2022-11-24 06:38:36,616 [pool-95-thread-1] INFO  storage.RaftStorage (RaftStorageImpl.java:format(96)) - Storage directory /home/runner/work/ozone/ozone/hadoop-ozone/integration-test/target/test-dir/MiniOzoneClusterImpl-3ca4de4a-72c8-4c23-a990-0556c1b2e11a/datanode-1/data/ratis/c0453bad-53f0-4204-a631-7b32be84cb0b has been successfully formatted.
2022-11-24 06:38:36,618 [pool-95-thread-1] INFO  ratis.ContainerStateMachine (ContainerStateMachine.java:loadSnapshot(236)) - group-7B32BE84CB0B: The snapshot info is null. Setting the last applied indexto:(t:0, i:~)
2022-11-24 06:38:36,619 [pool-95-thread-1] INFO  server.RaftServerConfigKeys (ConfUtils.java:logGet(46)) - raft.server.log.use.memory = false (default)
2022-11-24 06:38:36,619 [pool-95-thread-1] INFO  server.RaftServerConfigKeys (ConfUtils.java:logGet(46)) - raft.server.log.purge.gap = 1000000 (custom)
2022-11-24 06:38:36,619 [pool-95-thread-1] INFO  server.RaftServerConfigKeys (ConfUtils.java:logGet(46)) - raft.server.log.appender.buffer.byte-limit = 33554432 (custom)
2022-11-24 06:38:36,619 [pool-95-thread-1] INFO  server.RaftServerConfigKeys (ConfUtils.java:logGet(46)) - raft.server.log.statemachine.data.read.timeout = 1000ms (default)
2022-11-24 06:38:36,619 [pool-95-thread-1] INFO  server.RaftServerConfigKeys (ConfUtils.java:logGet(46)) - raft.server.log.purge.preservation.log.num = 0 (default)
2022-11-24 06:38:36,620 [pool-95-thread-1] INFO  server.RaftServerConfigKeys (ConfUtils.java:logGet(46)) - raft.server.log.segment.size.max = 1048576 (custom)
2022-11-24 06:38:36,631 [EventQueue-PipelineReportForPipelineReportHandler] INFO  pipeline.PipelineManagerImpl (PipelineManagerImpl.java:openPipeline(367)) - Pipeline Pipeline[ Id: c0453bad-53f0-4204-a631-7b32be84cb0b, Nodes: cb9a1e57-5a73-4518-a050-b0d695628b3e{ip: 10.1.1.33, host: fv-az453-211.hss2zji4abbufegd5wcf2so25h.dx.internal.cloudapp.net, ports: [REPLICATION=41653, RATIS=33351, RATIS_ADMIN=33351, RATIS_SERVER=33351, STANDALONE=40057], networkLocation: /default-rack, certSerialId: null, persistedOpState: IN_SERVICE, persistedOpStateExpiryEpochSec: 0}, ReplicationConfig: RATIS/ONE, State:ALLOCATED, leaderId:cb9a1e57-5a73-4518-a050-b0d695628b3e, CreationTimestamp2022-11-24T06:38:33.597Z[Etc/UTC]] moved to OPEN state
2022-11-24 06:38:36,632 [pool-95-thread-1] INFO  server.RaftServerConfigKeys (ConfUtils.java:logGet(46)) - raft.server.log.segment.cache.num.max = 2 (custom)
2022-11-24 06:38:36,632 [pool-95-thread-1] INFO  server.RaftServerConfigKeys (ConfUtils.java:logGet(46)) - raft.server.log.segment.cache.size.max = 200MB (=209715200) (default)
2022-11-24 06:38:36,632 [pool-95-thread-1] INFO  segmented.SegmentedRaftLogWorker (SegmentedRaftLogWorker.java:<init>(191)) - new cb9a1e57-5a73-4518-a050-b0d695628b3e@group-7B32BE84CB0B-SegmentedRaftLogWorker for RaftStorageImpl:Storage Directory /home/runner/work/ozone/ozone/hadoop-ozone/integration-test/target/test-dir/MiniOzoneClusterImpl-3ca4de4a-72c8-4c23-a990-0556c1b2e11a/datanode-1/data/ratis/c0453bad-53f0-4204-a631-7b32be84cb0b
2022-11-24 06:38:36,632 [pool-95-thread-1] INFO  server.RaftServerConfigKeys (ConfUtils.java:logGet(46)) - raft.server.log.queue.byte-limit = 4294967296 (custom)
2022-11-24 06:38:36,632 [pool-95-thread-1] INFO  server.RaftServerConfigKeys (ConfUtils.java:logGet(46)) - raft.server.log.queue.element-limit = 1024 (custom)
2022-11-24 06:38:36,632 [pool-95-thread-1] INFO  server.RaftServerConfigKeys (ConfUtils.java:logGet(46)) - raft.server.log.segment.size.max = 1048576 (custom)
2022-11-24 06:38:36,632 [pool-95-thread-1] INFO  server.RaftServerConfigKeys (ConfUtils.java:logGet(46)) - raft.server.log.preallocated.size = 16384 (custom)
2022-11-24 06:38:36,632 [pool-95-thread-1] INFO  server.RaftServerConfigKeys (ConfUtils.java:logGet(46)) - raft.server.log.force.sync.num = 128 (default)
2022-11-24 06:38:36,632 [pool-95-thread-1] INFO  server.RaftServerConfigKeys (ConfUtils.java:logGet(46)) - raft.server.log.statemachine.data.sync = true (default)
2022-11-24 06:38:36,632 [pool-95-thread-1] INFO  server.RaftServerConfigKeys (ConfUtils.java:logGet(46)) - raft.server.log.statemachine.data.sync.timeout = 10s (default)
2022-11-24 06:38:36,633 [pool-95-thread-1] INFO  server.RaftServerConfigKeys (ConfUtils.java:logGet(46)) - raft.server.log.statemachine.data.sync.timeout.retry = -1 (default)
2022-11-24 06:38:36,635 [EventQueue-OpenPipelineForHealthyPipelineSafeModeRule] INFO  safemode.SCMSafeModeManager (HealthyPipelineSafeModeRule.java:process(137)) - SCM in safe mode. Healthy pipelines reported count is 0, required healthy pipeline reported count is 1
2022-11-24 06:38:36,643 [pool-95-thread-1] INFO  server.RaftServerConfigKeys (ConfUtils.java:logGet(46)) - raft.server.log.write.buffer.size = 1048576 (custom)
2022-11-24 06:38:36,643 [pool-95-thread-1] INFO  server.RaftServerConfigKeys (ConfUtils.java:logGet(46)) - raft.server.log.unsafe-flush.enabled = false (default)
2022-11-24 06:38:36,643 [pool-95-thread-1] INFO  server.RaftServerConfigKeys (ConfUtils.java:logGet(46)) - raft.server.log.async-flush.enabled = false (default)
2022-11-24 06:38:36,643 [pool-95-thread-1] INFO  server.RaftServerConfigKeys (ConfUtils.java:logGet(46)) - raft.server.log.statemachine.data.caching.enabled = true (custom)
2022-11-24 06:38:36,644 [pool-95-thread-1] INFO  segmented.SegmentedRaftLogWorker (SegmentedRaftLogWorker.java:lambda$new$0(136)) - cb9a1e57-5a73-4518-a050-b0d695628b3e@group-7B32BE84CB0B-SegmentedRaftLogWorker: flushIndex: setUnconditionally 0 -> -1
2022-11-24 06:38:36,644 [pool-95-thread-1] INFO  segmented.SegmentedRaftLogWorker (SegmentedRaftLogWorker.java:lambda$new$0(136)) - cb9a1e57-5a73-4518-a050-b0d695628b3e@group-7B32BE84CB0B-SegmentedRaftLogWorker: safeCacheEvictIndex: setUnconditionally 0 -> -1
2022-11-24 06:38:36,650 [pool-95-thread-1] INFO  server.RaftServer$Division (RaftServerImpl.java:start(334)) - cb9a1e57-5a73-4518-a050-b0d695628b3e@group-7B32BE84CB0B: start as a follower, conf=-1: peers:[cb9a1e57-5a73-4518-a050-b0d695628b3e|rpc:10.1.1.33:33351|priority:1|startupRole:FOLLOWER]|listeners:[], old=null
2022-11-24 06:38:36,650 [pool-95-thread-1] INFO  server.RaftServer$Division (RaftServerImpl.java:setRole(321)) - cb9a1e57-5a73-4518-a050-b0d695628b3e@group-7B32BE84CB0B: changes role from      null to FOLLOWER at term 0 for startAsFollower
2022-11-24 06:38:36,650 [pool-95-thread-1] INFO  impl.RoleInfo (RoleInfo.java:updateAndGet(139)) - cb9a1e57-5a73-4518-a050-b0d695628b3e: start cb9a1e57-5a73-4518-a050-b0d695628b3e@group-7B32BE84CB0B-FollowerState
2022-11-24 06:38:36,651 [pool-95-thread-1] INFO  util.JmxRegister (JmxRegister.java:tryRegister(44)) - Successfully registered JMX Bean with object name Ratis:service=RaftServer,group=group-7B32BE84CB0B,id=cb9a1e57-5a73-4518-a050-b0d695628b3e
2022-11-24 06:38:36,652 [pool-95-thread-1] INFO  server.RaftServerConfigKeys (ConfUtils.java:logGet(46)) - raft.server.snapshot.auto.trigger.enabled = true (custom)
2022-11-24 06:38:36,652 [pool-95-thread-1] INFO  server.RaftServerConfigKeys (ConfUtils.java:logGet(46)) - raft.server.snapshot.auto.trigger.threshold = 10000 (custom)
2022-11-24 06:38:36,652 [pool-95-thread-1] INFO  server.RaftServerConfigKeys (ConfUtils.java:logGet(46)) - raft.server.snapshot.retention.file.num = 5 (custom)
2022-11-24 06:38:36,652 [pool-95-thread-1] INFO  server.RaftServerConfigKeys (ConfUtils.java:logGet(46)) - raft.server.log.purge.upto.snapshot.index = false (default)
2022-11-24 06:38:36,654 [Command processor thread] INFO  ratis.XceiverServerRatis (XceiverServerRatis.java:addGroup(765)) - Created group PipelineID=c0453bad-53f0-4204-a631-7b32be84cb0b
2022-11-24 06:38:36,654 [Command processor thread] INFO  commandhandler.CreatePipelineCommandHandler (CreatePipelineCommandHandler.java:handle(113)) - Created Pipeline RATIS ONE PipelineID=c0453bad-53f0-4204-a631-7b32be84cb0b.
2022-11-24 06:38:36,657 [Command processor thread] INFO  server.RaftServer (RaftServerProxy.java:addNew(96)) - cb9a1e57-5a73-4518-a050-b0d695628b3e: addNew group-510A37B8E04C:[06429dc3-6184-4705-8d2a-a6f8dedf2170|rpc:10.1.1.33:44897|priority:0|startupRole:FOLLOWER, fb3b41a4-a9f1-45d3-bf74-4074fcf3e767|rpc:10.1.1.33:41917|priority:1|startupRole:FOLLOWER, cb9a1e57-5a73-4518-a050-b0d695628b3e|rpc:10.1.1.33:33351|priority:0|startupRole:FOLLOWER] returns group-510A37B8E04C:java.util.concurrent.CompletableFuture@2437238c[Not completed]
2022-11-24 06:38:36,659 [pool-95-thread-1] INFO  server.RaftServer$Division (RaftServerImpl.java:<init>(195)) - cb9a1e57-5a73-4518-a050-b0d695628b3e: new RaftServerImpl for group-510A37B8E04C:[06429dc3-6184-4705-8d2a-a6f8dedf2170|rpc:10.1.1.33:44897|priority:0|startupRole:FOLLOWER, fb3b41a4-a9f1-45d3-bf74-4074fcf3e767|rpc:10.1.1.33:41917|priority:1|startupRole:FOLLOWER, cb9a1e57-5a73-4518-a050-b0d695628b3e|rpc:10.1.1.33:33351|priority:0|startupRole:FOLLOWER] with ContainerStateMachine:uninitialized
2022-11-24 06:38:36,659 [pool-95-thread-1] INFO  server.RaftServerConfigKeys (ConfUtils.java:logGet(46)) - raft.server.rpc.timeout.min = 5s (custom)
2022-11-24 06:38:36,659 [pool-95-thread-1] INFO  server.RaftServerConfigKeys (ConfUtils.java:logGet(46)) - raft.server.rpc.timeout.max = 5200ms (custom)
2022-11-24 06:38:36,659 [pool-95-thread-1] INFO  server.RaftServerConfigKeys (ConfUtils.java:logGet(46)) - raft.server.rpc.sleep.time = 25ms (default)
2022-11-24 06:38:36,659 [pool-95-thread-1] INFO  server.RaftServerConfigKeys (ConfUtils.java:logGet(46)) - raft.server.rpc.slowness.timeout = 300s (custom)
2022-11-24 06:38:36,660 [pool-95-thread-1] INFO  server.RaftServerConfigKeys (ConfUtils.java:logGet(46)) - raft.server.leaderelection.leader.step-down.wait-time = 10s (default)
2022-11-24 06:38:36,660 [pool-95-thread-1] INFO  server.RaftServerConfigKeys (ConfUtils.java:logGet(46)) - raft.server.sleep.deviation.threshold = 300ms (default)
2022-11-24 06:38:36,660 [pool-95-thread-1] INFO  server.RaftServer$Division (ServerState.java:<init>(118)) - cb9a1e57-5a73-4518-a050-b0d695628b3e@group-510A37B8E04C: ConfigurationManager, init=-1: peers:[06429dc3-6184-4705-8d2a-a6f8dedf2170|rpc:10.1.1.33:44897|priority:0|startupRole:FOLLOWER, fb3b41a4-a9f1-45d3-bf74-4074fcf3e767|rpc:10.1.1.33:41917|priority:1|startupRole:FOLLOWER, cb9a1e57-5a73-4518-a050-b0d695628b3e|rpc:10.1.1.33:33351|priority:0|startupRole:FOLLOWER]|listeners:[], old=null, confs=<EMPTY_MAP>
2022-11-24 06:38:36,660 [pool-95-thread-1] INFO  server.RaftServerConfigKeys (ConfUtils.java:logGet(46)) - raft.server.storage.dir = [/home/runner/work/ozone/ozone/hadoop-ozone/integration-test/target/test-dir/MiniOzoneClusterImpl-3ca4de4a-72c8-4c23-a990-0556c1b2e11a/datanode-1/data/ratis] (custom)
2022-11-24 06:38:36,660 [pool-95-thread-1] INFO  server.RaftServerConfigKeys (ConfUtils.java:logGet(46)) - raft.server.log.corruption.policy = EXCEPTION (default)
2022-11-24 06:38:36,660 [pool-95-thread-1] INFO  server.RaftServerConfigKeys (ConfUtils.java:logGet(46)) - raft.server.storage.free-space.min = 0MB (=0) (default)
2022-11-24 06:38:36,660 [pool-95-thread-1] INFO  server.RaftServerConfigKeys (ConfUtils.java:logGet(46)) - raft.server.notification.no-leader.timeout = 300s (custom)
2022-11-24 06:38:36,660 [pool-95-thread-1] INFO  server.RaftServerConfigKeys (ConfUtils.java:logGet(46)) - raft.server.retrycache.expirytime = 600000ms (custom)
2022-11-24 06:38:36,660 [pool-95-thread-1] INFO  server.RaftServerConfigKeys (ConfUtils.java:logGet(46)) - raft.server.retrycache.statistics.expirytime = 100μs (default)
2022-11-24 06:38:36,662 [IPC Server handler 5 on default port 42997] INFO  net.NetworkTopologyImpl (NetworkTopologyImpl.java:add(112)) - Added a new node: /default-rack/c8bfac46-0061-4906-a354-59c2fa211c25
2022-11-24 06:38:36,664 [IPC Server handler 5 on default port 42997] INFO  node.SCMNodeManager (SCMNodeManager.java:register(397)) - Registered Data node : c8bfac46-0061-4906-a354-59c2fa211c25{ip: 10.1.1.33, host: fv-az453-211.hss2zji4abbufegd5wcf2so25h.dx.internal.cloudapp.net, ports: [REPLICATION=33399, RATIS=41215, RATIS_ADMIN=41215, RATIS_SERVER=41215, STANDALONE=43477], networkLocation: /default-rack, certSerialId: null, persistedOpState: null, persistedOpStateExpiryEpochSec: 0}
2022-11-24 06:38:36,665 [EventQueue-NewNodeForNewNodeHandler] INFO  pipeline.BackgroundPipelineCreator (BackgroundPipelineCreator.java:notifyEventTriggered(276)) - trigger a one-shot run on RatisPipelineUtilsThread.
2022-11-24 06:38:36,666 [RatisPipelineUtilsThread - 0] INFO  pipeline.RatisPipelineProvider (RatisPipelineProvider.java:lambda$create$0(195)) - Sending CreatePipelineCommand for pipeline:PipelineID=6b851af7-b87e-4d85-b286-bf229f9aab43 to datanode:c8bfac46-0061-4906-a354-59c2fa211c25
2022-11-24 06:38:36,667 [RatisPipelineUtilsThread - 0] INFO  pipeline.PipelineStateManagerImpl (PipelineStateManagerImpl.java:addPipeline(103)) - Created pipeline Pipeline[ Id: 6b851af7-b87e-4d85-b286-bf229f9aab43, Nodes: c8bfac46-0061-4906-a354-59c2fa211c25{ip: 10.1.1.33, host: fv-az453-211.hss2zji4abbufegd5wcf2so25h.dx.internal.cloudapp.net, ports: [REPLICATION=33399, RATIS=41215, RATIS_ADMIN=41215, RATIS_SERVER=41215, STANDALONE=43477], networkLocation: /default-rack, certSerialId: null, persistedOpState: IN_SERVICE, persistedOpStateExpiryEpochSec: 0}, ReplicationConfig: RATIS/ONE, State:ALLOCATED, leaderId:, CreationTimestamp2022-11-24T06:38:36.666Z[Etc/UTC]].
2022-11-24 06:38:36,667 [RatisPipelineUtilsThread - 0] INFO  pipeline.RatisPipelineProvider (RatisPipelineProvider.java:lambda$create$0(195)) - Sending CreatePipelineCommand for pipeline:PipelineID=3cb81546-a1e4-4674-93a2-4ec97286dcbf to datanode:f61b783c-62f9-462d-872d-ac09aa128e21
2022-11-24 06:38:36,667 [RatisPipelineUtilsThread - 0] INFO  pipeline.RatisPipelineProvider (RatisPipelineProvider.java:lambda$create$0(195)) - Sending CreatePipelineCommand for pipeline:PipelineID=3cb81546-a1e4-4674-93a2-4ec97286dcbf to datanode:8af73eb1-79e8-42bd-81b7-d22b4389184f
2022-11-24 06:38:36,667 [RatisPipelineUtilsThread - 0] INFO  pipeline.RatisPipelineProvider (RatisPipelineProvider.java:lambda$create$0(195)) - Sending CreatePipelineCommand for pipeline:PipelineID=3cb81546-a1e4-4674-93a2-4ec97286dcbf to datanode:c8bfac46-0061-4906-a354-59c2fa211c25
2022-11-24 06:38:36,668 [RatisPipelineUtilsThread - 0] INFO  pipeline.PipelineStateManagerImpl (PipelineStateManagerImpl.java:addPipeline(103)) - Created pipeline Pipeline[ Id: 3cb81546-a1e4-4674-93a2-4ec97286dcbf, Nodes: f61b783c-62f9-462d-872d-ac09aa128e21{ip: 10.1.1.33, host: fv-az453-211.hss2zji4abbufegd5wcf2so25h.dx.internal.cloudapp.net, ports: [REPLICATION=45671, RATIS=44027, RATIS_ADMIN=44027, RATIS_SERVER=44027, STANDALONE=38233], networkLocation: /default-rack, certSerialId: null, persistedOpState: IN_SERVICE, persistedOpStateExpiryEpochSec: 0}8af73eb1-79e8-42bd-81b7-d22b4389184f{ip: 10.1.1.33, host: fv-az453-211.hss2zji4abbufegd5wcf2so25h.dx.internal.cloudapp.net, ports: [REPLICATION=36185, RATIS=44141, RATIS_ADMIN=44141, RATIS_SERVER=44141, STANDALONE=36899], networkLocation: /default-rack, certSerialId: null, persistedOpState: IN_SERVICE, persistedOpStateExpiryEpochSec: 0}c8bfac46-0061-4906-a354-59c2fa211c25{ip: 10.1.1.33, host: fv-az453-211.hss2zji4abbufegd5wcf2so25h.dx.internal.cloudapp.net, ports: [REPLICATION=33399, RATIS=41215, RATIS_ADMIN=41215, RATIS_SERVER=41215, STANDALONE=43477], networkLocation: /default-rack, certSerialId: null, persistedOpState: IN_SERVICE, persistedOpStateExpiryEpochSec: 0}, ReplicationConfig: RATIS/THREE, State:ALLOCATED, leaderId:, CreationTimestamp2022-11-24T06:38:36.667Z[Etc/UTC]].
2022-11-24 06:38:36,669 [RatisPipelineUtilsThread - 0] INFO  pipeline.RatisPipelineProvider (RatisPipelineProvider.java:lambda$create$0(195)) - Sending CreatePipelineCommand for pipeline:PipelineID=7eab0d13-f1ae-4404-aa34-4a1627a7e140 to datanode:8af73eb1-79e8-42bd-81b7-d22b4389184f
2022-11-24 06:38:36,669 [RatisPipelineUtilsThread - 0] INFO  pipeline.RatisPipelineProvider (RatisPipelineProvider.java:lambda$create$0(195)) - Sending CreatePipelineCommand for pipeline:PipelineID=7eab0d13-f1ae-4404-aa34-4a1627a7e140 to datanode:c8bfac46-0061-4906-a354-59c2fa211c25
2022-11-24 06:38:36,669 [RatisPipelineUtilsThread - 0] INFO  pipeline.RatisPipelineProvider (RatisPipelineProvider.java:lambda$create$0(195)) - Sending CreatePipelineCommand for pipeline:PipelineID=7eab0d13-f1ae-4404-aa34-4a1627a7e140 to datanode:f61b783c-62f9-462d-872d-ac09aa128e21
2022-11-24 06:38:36,670 [RatisPipelineUtilsThread - 0] INFO  pipeline.PipelineStateManagerImpl (PipelineStateManagerImpl.java:addPipeline(103)) - Created pipeline Pipeline[ Id: 7eab0d13-f1ae-4404-aa34-4a1627a7e140, Nodes: 8af73eb1-79e8-42bd-81b7-d22b4389184f{ip: 10.1.1.33, host: fv-az453-211.hss2zji4abbufegd5wcf2so25h.dx.internal.cloudapp.net, ports: [REPLICATION=36185, RATIS=44141, RATIS_ADMIN=44141, RATIS_SERVER=44141, STANDALONE=36899], networkLocation: /default-rack, certSerialId: null, persistedOpState: IN_SERVICE, persistedOpStateExpiryEpochSec: 0}c8bfac46-0061-4906-a354-59c2fa211c25{ip: 10.1.1.33, host: fv-az453-211.hss2zji4abbufegd5wcf2so25h.dx.internal.cloudapp.net, ports: [REPLICATION=33399, RATIS=41215, RATIS_ADMIN=41215, RATIS_SERVER=41215, STANDALONE=43477], networkLocation: /default-rack, certSerialId: null, persistedOpState: IN_SERVICE, persistedOpStateExpiryEpochSec: 0}f61b783c-62f9-462d-872d-ac09aa128e21{ip: 10.1.1.33, host: fv-az453-211.hss2zji4abbufegd5wcf2so25h.dx.internal.cloudapp.net, ports: [REPLICATION=45671, RATIS=44027, RATIS_ADMIN=44027, RATIS_SERVER=44027, STANDALONE=38233], networkLocation: /default-rack, certSerialId: null, persistedOpState: IN_SERVICE, persistedOpStateExpiryEpochSec: 0}, ReplicationConfig: RATIS/THREE, State:ALLOCATED, leaderId:, CreationTimestamp2022-11-24T06:38:36.669Z[Etc/UTC]].
2022-11-24 06:38:36,670 [RatisPipelineUtilsThread - 0] INFO  pipeline.PipelineManagerImpl (PipelineManagerImpl.java:recordMetricsForPipeline(826)) - Pipeline: PipelineID=7eab0d13-f1ae-4404-aa34-4a1627a7e140 contains same datanodes as previous pipelines: PipelineID=3cb81546-a1e4-4674-93a2-4ec97286dcbf nodeIds: 8af73eb1-79e8-42bd-81b7-d22b4389184f, c8bfac46-0061-4906-a354-59c2fa211c25, f61b783c-62f9-462d-872d-ac09aa128e21
2022-11-24 06:38:36,671 [cb9a1e57-5a73-4518-a050-b0d695628b3e@group-7B32BE84CB0B-FollowerState] INFO  server.RaftServerConfigKeys (ConfUtils.java:logFallback(53)) - raft.server.rpc.first-election.timeout.min = 5s (fallback to raft.server.rpc.timeout.min)
2022-11-24 06:38:36,675 [cb9a1e57-5a73-4518-a050-b0d695628b3e@group-7B32BE84CB0B-FollowerState] INFO  server.RaftServerConfigKeys (ConfUtils.java:logFallback(53)) - raft.server.rpc.first-election.timeout.max = 5200ms (fallback to raft.server.rpc.timeout.max)
2022-11-24 06:38:36,683 [pool-95-thread-1] INFO  server.RaftServerConfigKeys (ConfUtils.java:logGet(46)) - raft.server.log.appender.install.snapshot.enabled = false (custom)
2022-11-24 06:38:36,683 [pool-95-thread-1] INFO  server.RaftServerConfigKeys (ConfUtils.java:logGet(46)) - raft.server.threadpool.server.cached = true (default)
2022-11-24 06:38:36,683 [pool-95-thread-1] INFO  server.RaftServerConfigKeys (ConfUtils.java:logGet(46)) - raft.server.threadpool.server.size = 0 (default)
2022-11-24 06:38:36,683 [pool-95-thread-1] INFO  server.RaftServerConfigKeys (ConfUtils.java:logGet(46)) - raft.server.threadpool.client.cached = true (default)
2022-11-24 06:38:36,683 [pool-95-thread-1] INFO  server.RaftServerConfigKeys (ConfUtils.java:logGet(46)) - raft.server.threadpool.client.size = 0 (default)
2022-11-24 06:38:36,684 [pool-95-thread-1] INFO  storage.RaftStorageDirectory (RaftStorageDirectoryImpl.java:analyzeStorage(137)) - The storage directory /home/runner/work/ozone/ozone/hadoop-ozone/integration-test/target/test-dir/MiniOzoneClusterImpl-3ca4de4a-72c8-4c23-a990-0556c1b2e11a/datanode-1/data/ratis/c3da2c06-27c7-4ed5-b8eb-510a37b8e04c does not exist. Creating ...
2022-11-24 06:38:36,685 [pool-95-thread-1] INFO  storage.RaftStorageDirectory (RaftStorageDirectoryImpl.java:tryLock(231)) - Lock on /home/runner/work/ozone/ozone/hadoop-ozone/integration-test/target/test-dir/MiniOzoneClusterImpl-3ca4de4a-72c8-4c23-a990-0556c1b2e11a/datanode-1/data/ratis/c3da2c06-27c7-4ed5-b8eb-510a37b8e04c/in_use.lock acquired by nodename 14982@fv-az453-211
2022-11-24 06:38:36,687 [pool-95-thread-1] INFO  storage.RaftStorage (RaftStorageImpl.java:format(96)) - Storage directory /home/runner/work/ozone/ozone/hadoop-ozone/integration-test/target/test-dir/MiniOzoneClusterImpl-3ca4de4a-72c8-4c23-a990-0556c1b2e11a/datanode-1/data/ratis/c3da2c06-27c7-4ed5-b8eb-510a37b8e04c has been successfully formatted.
2022-11-24 06:38:36,688 [pool-95-thread-1] INFO  ratis.ContainerStateMachine (ContainerStateMachine.java:loadSnapshot(236)) - group-510A37B8E04C: The snapshot info is null. Setting the last applied indexto:(t:0, i:~)
2022-11-24 06:38:36,688 [pool-95-thread-1] INFO  server.RaftServerConfigKeys (ConfUtils.java:logGet(46)) - raft.server.log.use.memory = false (default)
2022-11-24 06:38:36,688 [pool-95-thread-1] INFO  server.RaftServerConfigKeys (ConfUtils.java:logGet(46)) - raft.server.log.purge.gap = 1000000 (custom)
2022-11-24 06:38:36,691 [pool-95-thread-1] INFO  server.RaftServerConfigKeys (ConfUtils.java:logGet(46)) - raft.server.log.appender.buffer.byte-limit = 33554432 (custom)
2022-11-24 06:38:36,691 [pool-95-thread-1] INFO  server.RaftServerConfigKeys (ConfUtils.java:logGet(46)) - raft.server.log.statemachine.data.read.timeout = 1000ms (default)
2022-11-24 06:38:36,692 [pool-95-thread-1] INFO  server.RaftServerConfigKeys (ConfUtils.java:logGet(46)) - raft.server.log.purge.preservation.log.num = 0 (default)
2022-11-24 06:38:36,692 [pool-95-thread-1] INFO  server.RaftServerConfigKeys (ConfUtils.java:logGet(46)) - raft.server.log.segment.size.max = 1048576 (custom)
2022-11-24 06:38:36,693 [pool-95-thread-1] INFO  server.RaftServerConfigKeys (ConfUtils.java:logGet(46)) - raft.server.log.segment.cache.num.max = 2 (custom)
2022-11-24 06:38:36,693 [pool-95-thread-1] INFO  server.RaftServerConfigKeys (ConfUtils.java:logGet(46)) - raft.server.log.segment.cache.size.max = 200MB (=209715200) (default)
2022-11-24 06:38:36,693 [pool-95-thread-1] INFO  segmented.SegmentedRaftLogWorker (SegmentedRaftLogWorker.java:<init>(191)) - new cb9a1e57-5a73-4518-a050-b0d695628b3e@group-510A37B8E04C-SegmentedRaftLogWorker for RaftStorageImpl:Storage Directory /home/runner/work/ozone/ozone/hadoop-ozone/integration-test/target/test-dir/MiniOzoneClusterImpl-3ca4de4a-72c8-4c23-a990-0556c1b2e11a/datanode-1/data/ratis/c3da2c06-27c7-4ed5-b8eb-510a37b8e04c
2022-11-24 06:38:36,693 [pool-95-thread-1] INFO  server.RaftServerConfigKeys (ConfUtils.java:logGet(46)) - raft.server.log.queue.byte-limit = 4294967296 (custom)
2022-11-24 06:38:36,693 [EventQueue-OpenPipelineForHealthyPipelineSafeModeRule] INFO  safemode.SCMSafeModeManager (HealthyPipelineSafeModeRule.java:process(137)) - SCM in safe mode. Healthy pipelines reported count is 0, required healthy pipeline reported count is 1
2022-11-24 06:38:36,694 [pool-95-thread-1] INFO  server.RaftServerConfigKeys (ConfUtils.java:logGet(46)) - raft.server.log.queue.element-limit = 1024 (custom)
2022-11-24 06:38:36,695 [pool-95-thread-1] INFO  server.RaftServerConfigKeys (ConfUtils.java:logGet(46)) - raft.server.log.segment.size.max = 1048576 (custom)
2022-11-24 06:38:36,695 [pool-95-thread-1] INFO  server.RaftServerConfigKeys (ConfUtils.java:logGet(46)) - raft.server.log.preallocated.size = 16384 (custom)
2022-11-24 06:38:36,695 [pool-95-thread-1] INFO  server.RaftServerConfigKeys (ConfUtils.java:logGet(46)) - raft.server.log.force.sync.num = 128 (default)
2022-11-24 06:38:36,695 [pool-95-thread-1] INFO  server.RaftServerConfigKeys (ConfUtils.java:logGet(46)) - raft.server.log.statemachine.data.sync = true (default)
2022-11-24 06:38:36,695 [pool-95-thread-1] INFO  server.RaftServerConfigKeys (ConfUtils.java:logGet(46)) - raft.server.log.statemachine.data.sync.timeout = 10s (default)
2022-11-24 06:38:36,695 [pool-95-thread-1] INFO  server.RaftServerConfigKeys (ConfUtils.java:logGet(46)) - raft.server.log.statemachine.data.sync.timeout.retry = -1 (default)
2022-11-24 06:38:36,697 [pool-95-thread-1] INFO  server.RaftServerConfigKeys (ConfUtils.java:logGet(46)) - raft.server.log.write.buffer.size = 1048576 (custom)
2022-11-24 06:38:36,697 [pool-95-thread-1] INFO  server.RaftServerConfigKeys (ConfUtils.java:logGet(46)) - raft.server.log.unsafe-flush.enabled = false (default)
2022-11-24 06:38:36,697 [pool-95-thread-1] INFO  server.RaftServerConfigKeys (ConfUtils.java:logGet(46)) - raft.server.log.async-flush.enabled = false (default)
2022-11-24 06:38:36,698 [pool-95-thread-1] INFO  server.RaftServerConfigKeys (ConfUtils.java:logGet(46)) - raft.server.log.statemachine.data.caching.enabled = true (custom)
2022-11-24 06:38:36,698 [pool-95-thread-1] INFO  segmented.SegmentedRaftLogWorker (SegmentedRaftLogWorker.java:lambda$new$0(136)) - cb9a1e57-5a73-4518-a050-b0d695628b3e@group-510A37B8E04C-SegmentedRaftLogWorker: flushIndex: setUnconditionally 0 -> -1
2022-11-24 06:38:36,698 [pool-95-thread-1] INFO  segmented.SegmentedRaftLogWorker (SegmentedRaftLogWorker.java:lambda$new$0(136)) - cb9a1e57-5a73-4518-a050-b0d695628b3e@group-510A37B8E04C-SegmentedRaftLogWorker: safeCacheEvictIndex: setUnconditionally 0 -> -1
2022-11-24 06:38:36,706 [pool-95-thread-1] INFO  server.RaftServer$Division (RaftServerImpl.java:start(334)) - cb9a1e57-5a73-4518-a050-b0d695628b3e@group-510A37B8E04C: start as a follower, conf=-1: peers:[06429dc3-6184-4705-8d2a-a6f8dedf2170|rpc:10.1.1.33:44897|priority:0|startupRole:FOLLOWER, fb3b41a4-a9f1-45d3-bf74-4074fcf3e767|rpc:10.1.1.33:41917|priority:1|startupRole:FOLLOWER, cb9a1e57-5a73-4518-a050-b0d695628b3e|rpc:10.1.1.33:33351|priority:0|startupRole:FOLLOWER]|listeners:[], old=null
2022-11-24 06:38:36,707 [pool-95-thread-1] INFO  server.RaftServer$Division (RaftServerImpl.java:setRole(321)) - cb9a1e57-5a73-4518-a050-b0d695628b3e@group-510A37B8E04C: changes role from      null to FOLLOWER at term 0 for startAsFollower
2022-11-24 06:38:36,707 [pool-95-thread-1] INFO  impl.RoleInfo (RoleInfo.java:updateAndGet(139)) - cb9a1e57-5a73-4518-a050-b0d695628b3e: start cb9a1e57-5a73-4518-a050-b0d695628b3e@group-510A37B8E04C-FollowerState
2022-11-24 06:38:36,708 [pool-95-thread-1] INFO  util.JmxRegister (JmxRegister.java:tryRegister(44)) - Successfully registered JMX Bean with object name Ratis:service=RaftServer,group=group-510A37B8E04C,id=cb9a1e57-5a73-4518-a050-b0d695628b3e
2022-11-24 06:38:36,708 [pool-95-thread-1] INFO  server.RaftServerConfigKeys (ConfUtils.java:logGet(46)) - raft.server.snapshot.auto.trigger.enabled = true (custom)
2022-11-24 06:38:36,708 [pool-95-thread-1] INFO  server.RaftServerConfigKeys (ConfUtils.java:logGet(46)) - raft.server.snapshot.auto.trigger.threshold = 10000 (custom)
2022-11-24 06:38:36,709 [pool-95-thread-1] INFO  server.RaftServerConfigKeys (ConfUtils.java:logGet(46)) - raft.server.snapshot.retention.file.num = 5 (custom)
2022-11-24 06:38:36,709 [pool-95-thread-1] INFO  server.RaftServerConfigKeys (ConfUtils.java:logGet(46)) - raft.server.log.purge.upto.snapshot.index = false (default)
2022-11-24 06:38:36,711 [cb9a1e57-5a73-4518-a050-b0d695628b3e@group-510A37B8E04C-FollowerState] INFO  server.RaftServerConfigKeys (ConfUtils.java:logFallback(53)) - raft.server.rpc.first-election.timeout.min = 5s (fallback to raft.server.rpc.timeout.min)
2022-11-24 06:38:36,712 [cb9a1e57-5a73-4518-a050-b0d695628b3e@group-510A37B8E04C-FollowerState] INFO  server.RaftServerConfigKeys (ConfUtils.java:logFallback(53)) - raft.server.rpc.first-election.timeout.max = 5200ms (fallback to raft.server.rpc.timeout.max)
2022-11-24 06:38:36,712 [Command processor thread] INFO  ratis.XceiverServerRatis (XceiverServerRatis.java:addGroup(765)) - Created group PipelineID=c3da2c06-27c7-4ed5-b8eb-510a37b8e04c
2022-11-24 06:38:36,876 [grpc-default-executor-0] INFO  server.RaftServer (RaftServerProxy.java:addNew(96)) - 06429dc3-6184-4705-8d2a-a6f8dedf2170: addNew group-510A37B8E04C:[06429dc3-6184-4705-8d2a-a6f8dedf2170|rpc:10.1.1.33:44897|dataStream:|priority:0|startupRole:FOLLOWER, fb3b41a4-a9f1-45d3-bf74-4074fcf3e767|rpc:10.1.1.33:41917|dataStream:|priority:1|startupRole:FOLLOWER, cb9a1e57-5a73-4518-a050-b0d695628b3e|rpc:10.1.1.33:33351|dataStream:|priority:0|startupRole:FOLLOWER] returns group-510A37B8E04C:java.util.concurrent.CompletableFuture@5407f452[Not completed]
2022-11-24 06:38:36,879 [pool-118-thread-1] INFO  server.RaftServer$Division (RaftServerImpl.java:<init>(195)) - 06429dc3-6184-4705-8d2a-a6f8dedf2170: new RaftServerImpl for group-510A37B8E04C:[06429dc3-6184-4705-8d2a-a6f8dedf2170|rpc:10.1.1.33:44897|dataStream:|priority:0|startupRole:FOLLOWER, fb3b41a4-a9f1-45d3-bf74-4074fcf3e767|rpc:10.1.1.33:41917|dataStream:|priority:1|startupRole:FOLLOWER, cb9a1e57-5a73-4518-a050-b0d695628b3e|rpc:10.1.1.33:33351|dataStream:|priority:0|startupRole:FOLLOWER] with ContainerStateMachine:uninitialized
2022-11-24 06:38:36,879 [pool-118-thread-1] INFO  server.RaftServerConfigKeys (ConfUtils.java:logGet(46)) - raft.server.rpc.timeout.min = 5s (custom)
2022-11-24 06:38:36,880 [pool-118-thread-1] INFO  server.RaftServerConfigKeys (ConfUtils.java:logGet(46)) - raft.server.rpc.timeout.max = 5200ms (custom)
2022-11-24 06:38:36,881 [pool-118-thread-1] INFO  server.RaftServerConfigKeys (ConfUtils.java:logGet(46)) - raft.server.rpc.sleep.time = 25ms (default)
2022-11-24 06:38:36,881 [pool-118-thread-1] INFO  server.RaftServerConfigKeys (ConfUtils.java:logGet(46)) - raft.server.rpc.slowness.timeout = 300s (custom)
2022-11-24 06:38:36,881 [pool-118-thread-1] INFO  server.RaftServerConfigKeys (ConfUtils.java:logGet(46)) - raft.server.leaderelection.leader.step-down.wait-time = 10s (default)
2022-11-24 06:38:36,881 [pool-118-thread-1] INFO  server.RaftServerConfigKeys (ConfUtils.java:logGet(46)) - raft.server.sleep.deviation.threshold = 300ms (default)
2022-11-24 06:38:36,881 [pool-118-thread-1] INFO  server.RaftServer$Division (ServerState.java:<init>(118)) - 06429dc3-6184-4705-8d2a-a6f8dedf2170@group-510A37B8E04C: ConfigurationManager, init=-1: peers:[06429dc3-6184-4705-8d2a-a6f8dedf2170|rpc:10.1.1.33:44897|dataStream:|priority:0|startupRole:FOLLOWER, fb3b41a4-a9f1-45d3-bf74-4074fcf3e767|rpc:10.1.1.33:41917|dataStream:|priority:1|startupRole:FOLLOWER, cb9a1e57-5a73-4518-a050-b0d695628b3e|rpc:10.1.1.33:33351|dataStream:|priority:0|startupRole:FOLLOWER]|listeners:[], old=null, confs=<EMPTY_MAP>
2022-11-24 06:38:36,881 [pool-118-thread-1] INFO  server.RaftServerConfigKeys (ConfUtils.java:logGet(46)) - raft.server.storage.dir = [/home/runner/work/ozone/ozone/hadoop-ozone/integration-test/target/test-dir/MiniOzoneClusterImpl-3ca4de4a-72c8-4c23-a990-0556c1b2e11a/datanode-2/data/ratis] (custom)
2022-11-24 06:38:36,881 [pool-118-thread-1] INFO  server.RaftServerConfigKeys (ConfUtils.java:logGet(46)) - raft.server.log.corruption.policy = EXCEPTION (default)
2022-11-24 06:38:36,881 [pool-118-thread-1] INFO  server.RaftServerConfigKeys (ConfUtils.java:logGet(46)) - raft.server.storage.free-space.min = 0MB (=0) (default)
2022-11-24 06:38:36,882 [pool-118-thread-1] INFO  server.RaftServerConfigKeys (ConfUtils.java:logGet(46)) - raft.server.notification.no-leader.timeout = 300s (custom)
2022-11-24 06:38:36,882 [pool-118-thread-1] INFO  server.RaftServerConfigKeys (ConfUtils.java:logGet(46)) - raft.server.retrycache.expirytime = 600000ms (custom)
2022-11-24 06:38:36,882 [pool-118-thread-1] INFO  server.RaftServerConfigKeys (ConfUtils.java:logGet(46)) - raft.server.retrycache.statistics.expirytime = 100μs (default)
2022-11-24 06:38:36,887 [pool-118-thread-1] INFO  server.RaftServerConfigKeys (ConfUtils.java:logGet(46)) - raft.server.log.appender.install.snapshot.enabled = false (custom)
2022-11-24 06:38:36,887 [pool-118-thread-1] INFO  server.RaftServerConfigKeys (ConfUtils.java:logGet(46)) - raft.server.threadpool.server.cached = true (default)
2022-11-24 06:38:36,887 [pool-118-thread-1] INFO  server.RaftServerConfigKeys (ConfUtils.java:logGet(46)) - raft.server.threadpool.server.size = 0 (default)
2022-11-24 06:38:36,887 [pool-118-thread-1] INFO  server.RaftServerConfigKeys (ConfUtils.java:logGet(46)) - raft.server.threadpool.client.cached = true (default)
2022-11-24 06:38:36,887 [pool-118-thread-1] INFO  server.RaftServerConfigKeys (ConfUtils.java:logGet(46)) - raft.server.threadpool.client.size = 0 (default)
2022-11-24 06:38:36,888 [pool-118-thread-1] INFO  storage.RaftStorageDirectory (RaftStorageDirectoryImpl.java:analyzeStorage(137)) - The storage directory /home/runner/work/ozone/ozone/hadoop-ozone/integration-test/target/test-dir/MiniOzoneClusterImpl-3ca4de4a-72c8-4c23-a990-0556c1b2e11a/datanode-2/data/ratis/c3da2c06-27c7-4ed5-b8eb-510a37b8e04c does not exist. Creating ...
2022-11-24 06:38:36,889 [pool-118-thread-1] INFO  storage.RaftStorageDirectory (RaftStorageDirectoryImpl.java:tryLock(231)) - Lock on /home/runner/work/ozone/ozone/hadoop-ozone/integration-test/target/test-dir/MiniOzoneClusterImpl-3ca4de4a-72c8-4c23-a990-0556c1b2e11a/datanode-2/data/ratis/c3da2c06-27c7-4ed5-b8eb-510a37b8e04c/in_use.lock acquired by nodename 14982@fv-az453-211
2022-11-24 06:38:36,891 [pool-118-thread-1] INFO  storage.RaftStorage (RaftStorageImpl.java:format(96)) - Storage directory /home/runner/work/ozone/ozone/hadoop-ozone/integration-test/target/test-dir/MiniOzoneClusterImpl-3ca4de4a-72c8-4c23-a990-0556c1b2e11a/datanode-2/data/ratis/c3da2c06-27c7-4ed5-b8eb-510a37b8e04c has been successfully formatted.
2022-11-24 06:38:36,891 [pool-118-thread-1] INFO  ratis.ContainerStateMachine (ContainerStateMachine.java:loadSnapshot(236)) - group-510A37B8E04C: The snapshot info is null. Setting the last applied indexto:(t:0, i:~)
2022-11-24 06:38:36,891 [pool-118-thread-1] INFO  server.RaftServerConfigKeys (ConfUtils.java:logGet(46)) - raft.server.log.use.memory = false (default)
2022-11-24 06:38:36,891 [pool-118-thread-1] INFO  server.RaftServerConfigKeys (ConfUtils.java:logGet(46)) - raft.server.log.purge.gap = 1000000 (custom)
2022-11-24 06:38:36,902 [pool-118-thread-1] INFO  server.RaftServerConfigKeys (ConfUtils.java:logGet(46)) - raft.server.log.appender.buffer.byte-limit = 33554432 (custom)
2022-11-24 06:38:36,902 [pool-118-thread-1] INFO  server.RaftServerConfigKeys (ConfUtils.java:logGet(46)) - raft.server.log.statemachine.data.read.timeout = 1000ms (default)
2022-11-24 06:38:36,902 [pool-118-thread-1] INFO  server.RaftServerConfigKeys (ConfUtils.java:logGet(46)) - raft.server.log.purge.preservation.log.num = 0 (default)
2022-11-24 06:38:36,918 [pool-118-thread-1] INFO  server.RaftServerConfigKeys (ConfUtils.java:logGet(46)) - raft.server.log.segment.size.max = 1048576 (custom)
2022-11-24 06:38:36,920 [pool-118-thread-1] INFO  server.RaftServerConfigKeys (ConfUtils.java:logGet(46)) - raft.server.log.segment.cache.num.max = 2 (custom)
2022-11-24 06:38:36,920 [pool-118-thread-1] INFO  server.RaftServerConfigKeys (ConfUtils.java:logGet(46)) - raft.server.log.segment.cache.size.max = 200MB (=209715200) (default)
2022-11-24 06:38:36,920 [pool-118-thread-1] INFO  segmented.SegmentedRaftLogWorker (SegmentedRaftLogWorker.java:<init>(191)) - new 06429dc3-6184-4705-8d2a-a6f8dedf2170@group-510A37B8E04C-SegmentedRaftLogWorker for RaftStorageImpl:Storage Directory /home/runner/work/ozone/ozone/hadoop-ozone/integration-test/target/test-dir/MiniOzoneClusterImpl-3ca4de4a-72c8-4c23-a990-0556c1b2e11a/datanode-2/data/ratis/c3da2c06-27c7-4ed5-b8eb-510a37b8e04c
2022-11-24 06:38:36,920 [pool-118-thread-1] INFO  server.RaftServerConfigKeys (ConfUtils.java:logGet(46)) - raft.server.log.queue.byte-limit = 4294967296 (custom)
2022-11-24 06:38:36,920 [pool-118-thread-1] INFO  server.RaftServerConfigKeys (ConfUtils.java:logGet(46)) - raft.server.log.queue.element-limit = 1024 (custom)
2022-11-24 06:38:36,920 [pool-118-thread-1] INFO  server.RaftServerConfigKeys (ConfUtils.java:logGet(46)) - raft.server.log.segment.size.max = 1048576 (custom)
2022-11-24 06:38:36,920 [pool-118-thread-1] INFO  server.RaftServerConfigKeys (ConfUtils.java:logGet(46)) - raft.server.log.preallocated.size = 16384 (custom)
2022-11-24 06:38:36,920 [pool-118-thread-1] INFO  server.RaftServerConfigKeys (ConfUtils.java:logGet(46)) - raft.server.log.force.sync.num = 128 (default)
2022-11-24 06:38:36,920 [pool-118-thread-1] INFO  server.RaftServerConfigKeys (ConfUtils.java:logGet(46)) - raft.server.log.statemachine.data.sync = true (default)
2022-11-24 06:38:36,921 [pool-118-thread-1] INFO  server.RaftServerConfigKeys (ConfUtils.java:logGet(46)) - raft.server.log.statemachine.data.sync.timeout = 10s (default)
2022-11-24 06:38:36,921 [pool-118-thread-1] INFO  server.RaftServerConfigKeys (ConfUtils.java:logGet(46)) - raft.server.log.statemachine.data.sync.timeout.retry = -1 (default)
2022-11-24 06:38:36,926 [pool-118-thread-1] INFO  server.RaftServerConfigKeys (ConfUtils.java:logGet(46)) - raft.server.log.write.buffer.size = 1048576 (custom)
2022-11-24 06:38:36,928 [pool-118-thread-1] INFO  server.RaftServerConfigKeys (ConfUtils.java:logGet(46)) - raft.server.log.unsafe-flush.enabled = false (default)
2022-11-24 06:38:36,928 [pool-118-thread-1] INFO  server.RaftServerConfigKeys (ConfUtils.java:logGet(46)) - raft.server.log.async-flush.enabled = false (default)
2022-11-24 06:38:36,928 [pool-118-thread-1] INFO  server.RaftServerConfigKeys (ConfUtils.java:logGet(46)) - raft.server.log.statemachine.data.caching.enabled = true (custom)
2022-11-24 06:38:36,930 [pool-118-thread-1] INFO  segmented.SegmentedRaftLogWorker (SegmentedRaftLogWorker.java:lambda$new$0(136)) - 06429dc3-6184-4705-8d2a-a6f8dedf2170@group-510A37B8E04C-SegmentedRaftLogWorker: flushIndex: setUnconditionally 0 -> -1
2022-11-24 06:38:36,930 [pool-118-thread-1] INFO  segmented.SegmentedRaftLogWorker (SegmentedRaftLogWorker.java:lambda$new$0(136)) - 06429dc3-6184-4705-8d2a-a6f8dedf2170@group-510A37B8E04C-SegmentedRaftLogWorker: safeCacheEvictIndex: setUnconditionally 0 -> -1
2022-11-24 06:38:36,933 [pool-118-thread-1] INFO  server.RaftServer$Division (RaftServerImpl.java:start(334)) - 06429dc3-6184-4705-8d2a-a6f8dedf2170@group-510A37B8E04C: start as a follower, conf=-1: peers:[06429dc3-6184-4705-8d2a-a6f8dedf2170|rpc:10.1.1.33:44897|dataStream:|priority:0|startupRole:FOLLOWER, fb3b41a4-a9f1-45d3-bf74-4074fcf3e767|rpc:10.1.1.33:41917|dataStream:|priority:1|startupRole:FOLLOWER, cb9a1e57-5a73-4518-a050-b0d695628b3e|rpc:10.1.1.33:33351|dataStream:|priority:0|startupRole:FOLLOWER]|listeners:[], old=null
2022-11-24 06:38:36,933 [pool-118-thread-1] INFO  server.RaftServer$Division (RaftServerImpl.java:setRole(321)) - 06429dc3-6184-4705-8d2a-a6f8dedf2170@group-510A37B8E04C: changes role from      null to FOLLOWER at term 0 for startAsFollower
2022-11-24 06:38:36,933 [pool-118-thread-1] INFO  impl.RoleInfo (RoleInfo.java:updateAndGet(139)) - 06429dc3-6184-4705-8d2a-a6f8dedf2170: start 06429dc3-6184-4705-8d2a-a6f8dedf2170@group-510A37B8E04C-FollowerState
2022-11-24 06:38:36,933 [pool-118-thread-1] INFO  util.JmxRegister (JmxRegister.java:tryRegister(44)) - Successfully registered JMX Bean with object name Ratis:service=RaftServer,group=group-510A37B8E04C,id=06429dc3-6184-4705-8d2a-a6f8dedf2170
2022-11-24 06:38:36,934 [pool-118-thread-1] INFO  server.RaftServerConfigKeys (ConfUtils.java:logGet(46)) - raft.server.snapshot.auto.trigger.enabled = true (custom)
2022-11-24 06:38:36,934 [pool-118-thread-1] INFO  server.RaftServerConfigKeys (ConfUtils.java:logGet(46)) - raft.server.snapshot.auto.trigger.threshold = 10000 (custom)
2022-11-24 06:38:36,934 [pool-118-thread-1] INFO  server.RaftServerConfigKeys (ConfUtils.java:logGet(46)) - raft.server.snapshot.retention.file.num = 5 (custom)
2022-11-24 06:38:36,934 [pool-118-thread-1] INFO  server.RaftServerConfigKeys (ConfUtils.java:logGet(46)) - raft.server.log.purge.upto.snapshot.index = false (default)
2022-11-24 06:38:36,938 [06429dc3-6184-4705-8d2a-a6f8dedf2170@group-510A37B8E04C-FollowerState] INFO  server.RaftServerConfigKeys (ConfUtils.java:logFallback(53)) - raft.server.rpc.first-election.timeout.min = 5s (fallback to raft.server.rpc.timeout.min)
2022-11-24 06:38:36,940 [06429dc3-6184-4705-8d2a-a6f8dedf2170@group-510A37B8E04C-FollowerState] INFO  server.RaftServerConfigKeys (ConfUtils.java:logFallback(53)) - raft.server.rpc.first-election.timeout.max = 5200ms (fallback to raft.server.rpc.timeout.max)
2022-11-24 06:38:36,999 [Command processor thread] INFO  server.RaftServer (RaftServerProxy.java:addNew(96)) - 06429dc3-6184-4705-8d2a-a6f8dedf2170: addNew group-F829801C2906:[06429dc3-6184-4705-8d2a-a6f8dedf2170|rpc:10.1.1.33:44897|priority:1|startupRole:FOLLOWER] returns group-F829801C2906:java.util.concurrent.CompletableFuture@77f693c8[Not completed]
2022-11-24 06:38:37,000 [pool-118-thread-1] INFO  server.RaftServer$Division (RaftServerImpl.java:<init>(195)) - 06429dc3-6184-4705-8d2a-a6f8dedf2170: new RaftServerImpl for group-F829801C2906:[06429dc3-6184-4705-8d2a-a6f8dedf2170|rpc:10.1.1.33:44897|priority:1|startupRole:FOLLOWER] with ContainerStateMachine:uninitialized
2022-11-24 06:38:37,000 [pool-118-thread-1] INFO  server.RaftServerConfigKeys (ConfUtils.java:logGet(46)) - raft.server.rpc.timeout.min = 5s (custom)
2022-11-24 06:38:37,000 [pool-118-thread-1] INFO  server.RaftServerConfigKeys (ConfUtils.java:logGet(46)) - raft.server.rpc.timeout.max = 5200ms (custom)
2022-11-24 06:38:37,000 [pool-118-thread-1] INFO  server.RaftServerConfigKeys (ConfUtils.java:logGet(46)) - raft.server.rpc.sleep.time = 25ms (default)
2022-11-24 06:38:37,000 [pool-118-thread-1] INFO  server.RaftServerConfigKeys (ConfUtils.java:logGet(46)) - raft.server.rpc.slowness.timeout = 300s (custom)
2022-11-24 06:38:37,001 [pool-118-thread-1] INFO  server.RaftServerConfigKeys (ConfUtils.java:logGet(46)) - raft.server.leaderelection.leader.step-down.wait-time = 10s (default)
2022-11-24 06:38:37,001 [pool-118-thread-1] INFO  server.RaftServerConfigKeys (ConfUtils.java:logGet(46)) - raft.server.sleep.deviation.threshold = 300ms (default)
2022-11-24 06:38:37,001 [pool-118-thread-1] INFO  server.RaftServer$Division (ServerState.java:<init>(118)) - 06429dc3-6184-4705-8d2a-a6f8dedf2170@group-F829801C2906: ConfigurationManager, init=-1: peers:[06429dc3-6184-4705-8d2a-a6f8dedf2170|rpc:10.1.1.33:44897|priority:1|startupRole:FOLLOWER]|listeners:[], old=null, confs=<EMPTY_MAP>
2022-11-24 06:38:37,001 [pool-118-thread-1] INFO  server.RaftServerConfigKeys (ConfUtils.java:logGet(46)) - raft.server.storage.dir = [/home/runner/work/ozone/ozone/hadoop-ozone/integration-test/target/test-dir/MiniOzoneClusterImpl-3ca4de4a-72c8-4c23-a990-0556c1b2e11a/datanode-2/data/ratis] (custom)
2022-11-24 06:38:37,001 [pool-118-thread-1] INFO  server.RaftServerConfigKeys (ConfUtils.java:logGet(46)) - raft.server.log.corruption.policy = EXCEPTION (default)
2022-11-24 06:38:37,001 [pool-118-thread-1] INFO  server.RaftServerConfigKeys (ConfUtils.java:logGet(46)) - raft.server.storage.free-space.min = 0MB (=0) (default)
2022-11-24 06:38:37,007 [pool-118-thread-1] INFO  server.RaftServerConfigKeys (ConfUtils.java:logGet(46)) - raft.server.notification.no-leader.timeout = 300s (custom)
2022-11-24 06:38:37,007 [pool-118-thread-1] INFO  server.RaftServerConfigKeys (ConfUtils.java:logGet(46)) - raft.server.retrycache.expirytime = 600000ms (custom)
2022-11-24 06:38:37,007 [pool-118-thread-1] INFO  server.RaftServerConfigKeys (ConfUtils.java:logGet(46)) - raft.server.retrycache.statistics.expirytime = 100μs (default)
2022-11-24 06:38:37,012 [pool-118-thread-1] INFO  server.RaftServerConfigKeys (ConfUtils.java:logGet(46)) - raft.server.log.appender.install.snapshot.enabled = false (custom)
2022-11-24 06:38:37,012 [pool-118-thread-1] INFO  server.RaftServerConfigKeys (ConfUtils.java:logGet(46)) - raft.server.threadpool.server.cached = true (default)
2022-11-24 06:38:37,012 [pool-118-thread-1] INFO  server.RaftServerConfigKeys (ConfUtils.java:logGet(46)) - raft.server.threadpool.server.size = 0 (default)
2022-11-24 06:38:37,012 [pool-118-thread-1] INFO  server.RaftServerConfigKeys (ConfUtils.java:logGet(46)) - raft.server.threadpool.client.cached = true (default)
2022-11-24 06:38:37,014 [pool-118-thread-1] INFO  server.RaftServerConfigKeys (ConfUtils.java:logGet(46)) - raft.server.threadpool.client.size = 0 (default)
2022-11-24 06:38:37,023 [pool-118-thread-1] INFO  storage.RaftStorageDirectory (RaftStorageDirectoryImpl.java:analyzeStorage(137)) - The storage directory /home/runner/work/ozone/ozone/hadoop-ozone/integration-test/target/test-dir/MiniOzoneClusterImpl-3ca4de4a-72c8-4c23-a990-0556c1b2e11a/datanode-2/data/ratis/ea090946-2374-474d-9be4-f829801c2906 does not exist. Creating ...
2022-11-24 06:38:37,028 [pool-118-thread-1] INFO  storage.RaftStorageDirectory (RaftStorageDirectoryImpl.java:tryLock(231)) - Lock on /home/runner/work/ozone/ozone/hadoop-ozone/integration-test/target/test-dir/MiniOzoneClusterImpl-3ca4de4a-72c8-4c23-a990-0556c1b2e11a/datanode-2/data/ratis/ea090946-2374-474d-9be4-f829801c2906/in_use.lock acquired by nodename 14982@fv-az453-211
2022-11-24 06:38:37,030 [pool-118-thread-1] INFO  storage.RaftStorage (RaftStorageImpl.java:format(96)) - Storage directory /home/runner/work/ozone/ozone/hadoop-ozone/integration-test/target/test-dir/MiniOzoneClusterImpl-3ca4de4a-72c8-4c23-a990-0556c1b2e11a/datanode-2/data/ratis/ea090946-2374-474d-9be4-f829801c2906 has been successfully formatted.
2022-11-24 06:38:37,031 [pool-118-thread-1] INFO  ratis.ContainerStateMachine (ContainerStateMachine.java:loadSnapshot(236)) - group-F829801C2906: The snapshot info is null. Setting the last applied indexto:(t:0, i:~)
2022-11-24 06:38:37,031 [pool-118-thread-1] INFO  server.RaftServerConfigKeys (ConfUtils.java:logGet(46)) - raft.server.log.use.memory = false (default)
2022-11-24 06:38:37,031 [pool-118-thread-1] INFO  server.RaftServerConfigKeys (ConfUtils.java:logGet(46)) - raft.server.log.purge.gap = 1000000 (custom)
2022-11-24 06:38:37,031 [pool-118-thread-1] INFO  server.RaftServerConfigKeys (ConfUtils.java:logGet(46)) - raft.server.log.appender.buffer.byte-limit = 33554432 (custom)
2022-11-24 06:38:37,031 [pool-118-thread-1] INFO  server.RaftServerConfigKeys (ConfUtils.java:logGet(46)) - raft.server.log.statemachine.data.read.timeout = 1000ms (default)
2022-11-24 06:38:37,031 [pool-118-thread-1] INFO  server.RaftServerConfigKeys (ConfUtils.java:logGet(46)) - raft.server.log.purge.preservation.log.num = 0 (default)
2022-11-24 06:38:37,031 [pool-118-thread-1] INFO  server.RaftServerConfigKeys (ConfUtils.java:logGet(46)) - raft.server.log.segment.size.max = 1048576 (custom)
2022-11-24 06:38:37,032 [pool-118-thread-1] INFO  server.RaftServerConfigKeys (ConfUtils.java:logGet(46)) - raft.server.log.segment.cache.num.max = 2 (custom)
2022-11-24 06:38:37,032 [pool-118-thread-1] INFO  server.RaftServerConfigKeys (ConfUtils.java:logGet(46)) - raft.server.log.segment.cache.size.max = 200MB (=209715200) (default)
2022-11-24 06:38:37,038 [pool-118-thread-1] INFO  segmented.SegmentedRaftLogWorker (SegmentedRaftLogWorker.java:<init>(191)) - new 06429dc3-6184-4705-8d2a-a6f8dedf2170@group-F829801C2906-SegmentedRaftLogWorker for RaftStorageImpl:Storage Directory /home/runner/work/ozone/ozone/hadoop-ozone/integration-test/target/test-dir/MiniOzoneClusterImpl-3ca4de4a-72c8-4c23-a990-0556c1b2e11a/datanode-2/data/ratis/ea090946-2374-474d-9be4-f829801c2906
2022-11-24 06:38:37,038 [pool-118-thread-1] INFO  server.RaftServerConfigKeys (ConfUtils.java:logGet(46)) - raft.server.log.queue.byte-limit = 4294967296 (custom)
2022-11-24 06:38:37,038 [pool-118-thread-1] INFO  server.RaftServerConfigKeys (ConfUtils.java:logGet(46)) - raft.server.log.queue.element-limit = 1024 (custom)
2022-11-24 06:38:37,038 [pool-118-thread-1] INFO  server.RaftServerConfigKeys (ConfUtils.java:logGet(46)) - raft.server.log.segment.size.max = 1048576 (custom)
2022-11-24 06:38:37,038 [pool-118-thread-1] INFO  server.RaftServerConfigKeys (ConfUtils.java:logGet(46)) - raft.server.log.preallocated.size = 16384 (custom)
2022-11-24 06:38:37,038 [pool-118-thread-1] INFO  server.RaftServerConfigKeys (ConfUtils.java:logGet(46)) - raft.server.log.force.sync.num = 128 (default)
2022-11-24 06:38:37,038 [pool-118-thread-1] INFO  server.RaftServerConfigKeys (ConfUtils.java:logGet(46)) - raft.server.log.statemachine.data.sync = true (default)
2022-11-24 06:38:37,039 [pool-118-thread-1] INFO  server.RaftServerConfigKeys (ConfUtils.java:logGet(46)) - raft.server.log.statemachine.data.sync.timeout = 10s (default)
2022-11-24 06:38:37,039 [pool-118-thread-1] INFO  server.RaftServerConfigKeys (ConfUtils.java:logGet(46)) - raft.server.log.statemachine.data.sync.timeout.retry = -1 (default)
2022-11-24 06:38:37,040 [pool-118-thread-1] INFO  server.RaftServerConfigKeys (ConfUtils.java:logGet(46)) - raft.server.log.write.buffer.size = 1048576 (custom)
2022-11-24 06:38:37,041 [pool-118-thread-1] INFO  server.RaftServerConfigKeys (ConfUtils.java:logGet(46)) - raft.server.log.unsafe-flush.enabled = false (default)
2022-11-24 06:38:37,041 [pool-118-thread-1] INFO  server.RaftServerConfigKeys (ConfUtils.java:logGet(46)) - raft.server.log.async-flush.enabled = false (default)
2022-11-24 06:38:37,041 [pool-118-thread-1] INFO  server.RaftServerConfigKeys (ConfUtils.java:logGet(46)) - raft.server.log.statemachine.data.caching.enabled = true (custom)
2022-11-24 06:38:37,041 [pool-118-thread-1] INFO  segmented.SegmentedRaftLogWorker (SegmentedRaftLogWorker.java:lambda$new$0(136)) - 06429dc3-6184-4705-8d2a-a6f8dedf2170@group-F829801C2906-SegmentedRaftLogWorker: flushIndex: setUnconditionally 0 -> -1
2022-11-24 06:38:37,042 [pool-118-thread-1] INFO  segmented.SegmentedRaftLogWorker (SegmentedRaftLogWorker.java:lambda$new$0(136)) - 06429dc3-6184-4705-8d2a-a6f8dedf2170@group-F829801C2906-SegmentedRaftLogWorker: safeCacheEvictIndex: setUnconditionally 0 -> -1
2022-11-24 06:38:37,054 [pool-118-thread-1] INFO  server.RaftServer$Division (RaftServerImpl.java:start(334)) - 06429dc3-6184-4705-8d2a-a6f8dedf2170@group-F829801C2906: start as a follower, conf=-1: peers:[06429dc3-6184-4705-8d2a-a6f8dedf2170|rpc:10.1.1.33:44897|priority:1|startupRole:FOLLOWER]|listeners:[], old=null
2022-11-24 06:38:37,054 [pool-118-thread-1] INFO  server.RaftServer$Division (RaftServerImpl.java:setRole(321)) - 06429dc3-6184-4705-8d2a-a6f8dedf2170@group-F829801C2906: changes role from      null to FOLLOWER at term 0 for startAsFollower
2022-11-24 06:38:37,056 [pool-118-thread-1] INFO  impl.RoleInfo (RoleInfo.java:updateAndGet(139)) - 06429dc3-6184-4705-8d2a-a6f8dedf2170: start 06429dc3-6184-4705-8d2a-a6f8dedf2170@group-F829801C2906-FollowerState
2022-11-24 06:38:37,056 [pool-118-thread-1] INFO  util.JmxRegister (JmxRegister.java:tryRegister(44)) - Successfully registered JMX Bean with object name Ratis:service=RaftServer,group=group-F829801C2906,id=06429dc3-6184-4705-8d2a-a6f8dedf2170
2022-11-24 06:38:37,056 [06429dc3-6184-4705-8d2a-a6f8dedf2170@group-F829801C2906-FollowerState] INFO  server.RaftServerConfigKeys (ConfUtils.java:logFallback(53)) - raft.server.rpc.first-election.timeout.min = 5s (fallback to raft.server.rpc.timeout.min)
2022-11-24 06:38:37,056 [pool-118-thread-1] INFO  server.RaftServerConfigKeys (ConfUtils.java:logGet(46)) - raft.server.snapshot.auto.trigger.enabled = true (custom)
2022-11-24 06:38:37,057 [06429dc3-6184-4705-8d2a-a6f8dedf2170@group-F829801C2906-FollowerState] INFO  server.RaftServerConfigKeys (ConfUtils.java:logFallback(53)) - raft.server.rpc.first-election.timeout.max = 5200ms (fallback to raft.server.rpc.timeout.max)
2022-11-24 06:38:37,057 [pool-118-thread-1] INFO  server.RaftServerConfigKeys (ConfUtils.java:logGet(46)) - raft.server.snapshot.auto.trigger.threshold = 10000 (custom)
2022-11-24 06:38:37,058 [pool-118-thread-1] INFO  server.RaftServerConfigKeys (ConfUtils.java:logGet(46)) - raft.server.snapshot.retention.file.num = 5 (custom)
2022-11-24 06:38:37,058 [pool-118-thread-1] INFO  server.RaftServerConfigKeys (ConfUtils.java:logGet(46)) - raft.server.log.purge.upto.snapshot.index = false (default)
2022-11-24 06:38:37,060 [Listener at 127.0.0.1/43781] INFO  ozone.MiniOzoneClusterImpl (MiniOzoneClusterImpl.java:lambda$waitForClusterToBeReady$0(216)) - Waiting for nodes to be ready. Got 9 of 10 DN Heartbeats.
2022-11-24 06:38:37,060 [Listener at 127.0.0.1/43781] INFO  ozone.MiniOzoneClusterImpl (MiniOzoneClusterImpl.java:lambda$waitForClusterToBeReady$0(219)) - Waiting for cluster to exit safe mode
2022-11-24 06:38:37,060 [Listener at 127.0.0.1/43781] INFO  ozone.MiniOzoneClusterImpl (MiniOzoneClusterImpl.java:lambda$waitForClusterToBeReady$0(221)) - SCM became leader
2022-11-24 06:38:37,060 [Command processor thread] INFO  ratis.XceiverServerRatis (XceiverServerRatis.java:addGroup(765)) - Created group PipelineID=ea090946-2374-474d-9be4-f829801c2906
2022-11-24 06:38:37,061 [Command processor thread] INFO  commandhandler.CreatePipelineCommandHandler (CreatePipelineCommandHandler.java:handle(113)) - Created Pipeline RATIS ONE PipelineID=ea090946-2374-474d-9be4-f829801c2906.
2022-11-24 06:38:37,061 [Command processor thread] INFO  server.RaftServer (RaftServerProxy.java:addNew(96)) - 06429dc3-6184-4705-8d2a-a6f8dedf2170: addNew group-763B35D9546F:[06429dc3-6184-4705-8d2a-a6f8dedf2170|rpc:10.1.1.33:44897|priority:0|startupRole:FOLLOWER, fb3b41a4-a9f1-45d3-bf74-4074fcf3e767|rpc:10.1.1.33:41917|priority:0|startupRole:FOLLOWER, cb9a1e57-5a73-4518-a050-b0d695628b3e|rpc:10.1.1.33:33351|priority:1|startupRole:FOLLOWER] returns group-763B35D9546F:java.util.concurrent.CompletableFuture@79316346[Not completed]
2022-11-24 06:38:37,062 [pool-118-thread-1] INFO  server.RaftServer$Division (RaftServerImpl.java:<init>(195)) - 06429dc3-6184-4705-8d2a-a6f8dedf2170: new RaftServerImpl for group-763B35D9546F:[06429dc3-6184-4705-8d2a-a6f8dedf2170|rpc:10.1.1.33:44897|priority:0|startupRole:FOLLOWER, fb3b41a4-a9f1-45d3-bf74-4074fcf3e767|rpc:10.1.1.33:41917|priority:0|startupRole:FOLLOWER, cb9a1e57-5a73-4518-a050-b0d695628b3e|rpc:10.1.1.33:33351|priority:1|startupRole:FOLLOWER] with ContainerStateMachine:uninitialized
2022-11-24 06:38:37,062 [pool-118-thread-1] INFO  server.RaftServerConfigKeys (ConfUtils.java:logGet(46)) - raft.server.rpc.timeout.min = 5s (custom)
2022-11-24 06:38:37,062 [pool-118-thread-1] INFO  server.RaftServerConfigKeys (ConfUtils.java:logGet(46)) - raft.server.rpc.timeout.max = 5200ms (custom)
2022-11-24 06:38:37,062 [pool-118-thread-1] INFO  server.RaftServerConfigKeys (ConfUtils.java:logGet(46)) - raft.server.rpc.sleep.time = 25ms (default)
2022-11-24 06:38:37,063 [pool-118-thread-1] INFO  server.RaftServerConfigKeys (ConfUtils.java:logGet(46)) - raft.server.rpc.slowness.timeout = 300s (custom)
2022-11-24 06:38:37,063 [pool-118-thread-1] INFO  server.RaftServerConfigKeys (ConfUtils.java:logGet(46)) - raft.server.leaderelection.leader.step-down.wait-time = 10s (default)
2022-11-24 06:38:37,063 [pool-118-thread-1] INFO  server.RaftServerConfigKeys (ConfUtils.java:logGet(46)) - raft.server.sleep.deviation.threshold = 300ms (default)
2022-11-24 06:38:37,064 [pool-118-thread-1] INFO  server.RaftServer$Division (ServerState.java:<init>(118)) - 06429dc3-6184-4705-8d2a-a6f8dedf2170@group-763B35D9546F: ConfigurationManager, init=-1: peers:[06429dc3-6184-4705-8d2a-a6f8dedf2170|rpc:10.1.1.33:44897|priority:0|startupRole:FOLLOWER, fb3b41a4-a9f1-45d3-bf74-4074fcf3e767|rpc:10.1.1.33:41917|priority:0|startupRole:FOLLOWER, cb9a1e57-5a73-4518-a050-b0d695628b3e|rpc:10.1.1.33:33351|priority:1|startupRole:FOLLOWER]|listeners:[], old=null, confs=<EMPTY_MAP>
2022-11-24 06:38:37,064 [pool-118-thread-1] INFO  server.RaftServerConfigKeys (ConfUtils.java:logGet(46)) - raft.server.storage.dir = [/home/runner/work/ozone/ozone/hadoop-ozone/integration-test/target/test-dir/MiniOzoneClusterImpl-3ca4de4a-72c8-4c23-a990-0556c1b2e11a/datanode-2/data/ratis] (custom)
2022-11-24 06:38:37,064 [pool-118-thread-1] INFO  server.RaftServerConfigKeys (ConfUtils.java:logGet(46)) - raft.server.log.corruption.policy = EXCEPTION (default)
2022-11-24 06:38:37,064 [pool-118-thread-1] INFO  server.RaftServerConfigKeys (ConfUtils.java:logGet(46)) - raft.server.storage.free-space.min = 0MB (=0) (default)
2022-11-24 06:38:37,065 [pool-118-thread-1] INFO  server.RaftServerConfigKeys (ConfUtils.java:logGet(46)) - raft.server.notification.no-leader.timeout = 300s (custom)
2022-11-24 06:38:37,065 [pool-118-thread-1] INFO  server.RaftServerConfigKeys (ConfUtils.java:logGet(46)) - raft.server.retrycache.expirytime = 600000ms (custom)
2022-11-24 06:38:37,065 [pool-118-thread-1] INFO  server.RaftServerConfigKeys (ConfUtils.java:logGet(46)) - raft.server.retrycache.statistics.expirytime = 100μs (default)
2022-11-24 06:38:37,068 [EventQueue-PipelineReportForPipelineReportHandler] INFO  pipeline.PipelineManagerImpl (PipelineManagerImpl.java:openPipeline(367)) - Pipeline Pipeline[ Id: ea090946-2374-474d-9be4-f829801c2906, Nodes: 06429dc3-6184-4705-8d2a-a6f8dedf2170{ip: 10.1.1.33, host: fv-az453-211.hss2zji4abbufegd5wcf2so25h.dx.internal.cloudapp.net, ports: [REPLICATION=44101, RATIS=44897, RATIS_ADMIN=44897, RATIS_SERVER=44897, STANDALONE=36083], networkLocation: /default-rack, certSerialId: null, persistedOpState: IN_SERVICE, persistedOpStateExpiryEpochSec: 0}, ReplicationConfig: RATIS/ONE, State:ALLOCATED, leaderId:06429dc3-6184-4705-8d2a-a6f8dedf2170, CreationTimestamp2022-11-24T06:38:34.005Z[Etc/UTC]] moved to OPEN state
2022-11-24 06:38:37,073 [EventQueue-OpenPipelineForHealthyPipelineSafeModeRule] INFO  safemode.SCMSafeModeManager (HealthyPipelineSafeModeRule.java:process(137)) - SCM in safe mode. Healthy pipelines reported count is 0, required healthy pipeline reported count is 1
2022-11-24 06:38:37,074 [Command processor thread] INFO  commandhandler.CreatePipelineCommandHandler (CreatePipelineCommandHandler.java:handle(113)) - Created Pipeline RATIS THREE PipelineID=c3da2c06-27c7-4ed5-b8eb-510a37b8e04c.
2022-11-24 06:38:37,079 [Command processor thread] INFO  server.RaftServer (RaftServerProxy.java:addNew(96)) - fb3b41a4-a9f1-45d3-bf74-4074fcf3e767: addNew group-763B35D9546F:[06429dc3-6184-4705-8d2a-a6f8dedf2170|rpc:10.1.1.33:44897|priority:0|startupRole:FOLLOWER, fb3b41a4-a9f1-45d3-bf74-4074fcf3e767|rpc:10.1.1.33:41917|priority:0|startupRole:FOLLOWER, cb9a1e57-5a73-4518-a050-b0d695628b3e|rpc:10.1.1.33:33351|priority:1|startupRole:FOLLOWER] returns group-763B35D9546F:java.util.concurrent.CompletableFuture@551720d7[Not completed]
2022-11-24 06:38:37,080 [pool-72-thread-1] INFO  server.RaftServer$Division (RaftServerImpl.java:<init>(195)) - fb3b41a4-a9f1-45d3-bf74-4074fcf3e767: new RaftServerImpl for group-763B35D9546F:[06429dc3-6184-4705-8d2a-a6f8dedf2170|rpc:10.1.1.33:44897|priority:0|startupRole:FOLLOWER, fb3b41a4-a9f1-45d3-bf74-4074fcf3e767|rpc:10.1.1.33:41917|priority:0|startupRole:FOLLOWER, cb9a1e57-5a73-4518-a050-b0d695628b3e|rpc:10.1.1.33:33351|priority:1|startupRole:FOLLOWER] with ContainerStateMachine:uninitialized
2022-11-24 06:38:37,080 [pool-72-thread-1] INFO  server.RaftServerConfigKeys (ConfUtils.java:logGet(46)) - raft.server.rpc.timeout.min = 5s (custom)
2022-11-24 06:38:37,080 [pool-72-thread-1] INFO  server.RaftServerConfigKeys (ConfUtils.java:logGet(46)) - raft.server.rpc.timeout.max = 5200ms (custom)
2022-11-24 06:38:37,080 [pool-72-thread-1] INFO  server.RaftServerConfigKeys (ConfUtils.java:logGet(46)) - raft.server.rpc.sleep.time = 25ms (default)
2022-11-24 06:38:37,080 [pool-72-thread-1] INFO  server.RaftServerConfigKeys (ConfUtils.java:logGet(46)) - raft.server.rpc.slowness.timeout = 300s (custom)
2022-11-24 06:38:37,080 [pool-72-thread-1] INFO  server.RaftServerConfigKeys (ConfUtils.java:logGet(46)) - raft.server.leaderelection.leader.step-down.wait-time = 10s (default)
2022-11-24 06:38:37,080 [pool-72-thread-1] INFO  server.RaftServerConfigKeys (ConfUtils.java:logGet(46)) - raft.server.sleep.deviation.threshold = 300ms (default)
2022-11-24 06:38:37,080 [pool-72-thread-1] INFO  server.RaftServer$Division (ServerState.java:<init>(118)) - fb3b41a4-a9f1-45d3-bf74-4074fcf3e767@group-763B35D9546F: ConfigurationManager, init=-1: peers:[06429dc3-6184-4705-8d2a-a6f8dedf2170|rpc:10.1.1.33:44897|priority:0|startupRole:FOLLOWER, fb3b41a4-a9f1-45d3-bf74-4074fcf3e767|rpc:10.1.1.33:41917|priority:0|startupRole:FOLLOWER, cb9a1e57-5a73-4518-a050-b0d695628b3e|rpc:10.1.1.33:33351|priority:1|startupRole:FOLLOWER]|listeners:[], old=null, confs=<EMPTY_MAP>
2022-11-24 06:38:37,080 [pool-72-thread-1] INFO  server.RaftServerConfigKeys (ConfUtils.java:logGet(46)) - raft.server.storage.dir = [/home/runner/work/ozone/ozone/hadoop-ozone/integration-test/target/test-dir/MiniOzoneClusterImpl-3ca4de4a-72c8-4c23-a990-0556c1b2e11a/datanode-0/data/ratis] (custom)
2022-11-24 06:38:37,081 [pool-72-thread-1] INFO  server.RaftServerConfigKeys (ConfUtils.java:logGet(46)) - raft.server.log.corruption.policy = EXCEPTION (default)
2022-11-24 06:38:37,081 [pool-72-thread-1] INFO  server.RaftServerConfigKeys (ConfUtils.java:logGet(46)) - raft.server.storage.free-space.min = 0MB (=0) (default)
2022-11-24 06:38:37,081 [pool-72-thread-1] INFO  server.RaftServerConfigKeys (ConfUtils.java:logGet(46)) - raft.server.notification.no-leader.timeout = 300s (custom)
2022-11-24 06:38:37,081 [pool-72-thread-1] INFO  server.RaftServerConfigKeys (ConfUtils.java:logGet(46)) - raft.server.retrycache.expirytime = 600000ms (custom)
2022-11-24 06:38:37,081 [pool-72-thread-1] INFO  server.RaftServerConfigKeys (ConfUtils.java:logGet(46)) - raft.server.retrycache.statistics.expirytime = 100μs (default)
2022-11-24 06:38:37,070 [pool-118-thread-1] INFO  server.RaftServerConfigKeys (ConfUtils.java:logGet(46)) - raft.server.log.appender.install.snapshot.enabled = false (custom)
2022-11-24 06:38:37,086 [IPC Server handler 2 on default port 42997] INFO  net.NetworkTopologyImpl (NetworkTopologyImpl.java:add(112)) - Added a new node: /default-rack/4949dc81-86be-4926-96a6-534c5c5588ca
2022-11-24 06:38:37,083 [pool-72-thread-1] INFO  server.RaftServerConfigKeys (ConfUtils.java:logGet(46)) - raft.server.log.appender.install.snapshot.enabled = false (custom)
2022-11-24 06:38:37,088 [IPC Server handler 2 on default port 42997] INFO  node.SCMNodeManager (SCMNodeManager.java:register(397)) - Registered Data node : 4949dc81-86be-4926-96a6-534c5c5588ca{ip: 10.1.1.33, host: fv-az453-211.hss2zji4abbufegd5wcf2so25h.dx.internal.cloudapp.net, ports: [REPLICATION=46611, RATIS=45371, RATIS_ADMIN=45371, RATIS_SERVER=45371, STANDALONE=38135], networkLocation: /default-rack, certSerialId: null, persistedOpState: null, persistedOpStateExpiryEpochSec: 0}
2022-11-24 06:38:37,088 [pool-118-thread-1] INFO  server.RaftServerConfigKeys (ConfUtils.java:logGet(46)) - raft.server.threadpool.server.cached = true (default)
2022-11-24 06:38:37,088 [EventQueue-NewNodeForNewNodeHandler] INFO  pipeline.BackgroundPipelineCreator (BackgroundPipelineCreator.java:notifyEventTriggered(276)) - trigger a one-shot run on RatisPipelineUtilsThread.
2022-11-24 06:38:37,089 [RatisPipelineUtilsThread - 0] INFO  pipeline.RatisPipelineProvider (RatisPipelineProvider.java:lambda$create$0(195)) - Sending CreatePipelineCommand for pipeline:PipelineID=eeb478f1-5fff-4274-aef9-9e9806e9fecc to datanode:4949dc81-86be-4926-96a6-534c5c5588ca
2022-11-24 06:38:37,090 [RatisPipelineUtilsThread - 0] INFO  pipeline.PipelineStateManagerImpl (PipelineStateManagerImpl.java:addPipeline(103)) - Created pipeline Pipeline[ Id: eeb478f1-5fff-4274-aef9-9e9806e9fecc, Nodes: 4949dc81-86be-4926-96a6-534c5c5588ca{ip: 10.1.1.33, host: fv-az453-211.hss2zji4abbufegd5wcf2so25h.dx.internal.cloudapp.net, ports: [REPLICATION=46611, RATIS=45371, RATIS_ADMIN=45371, RATIS_SERVER=45371, STANDALONE=38135], networkLocation: /default-rack, certSerialId: null, persistedOpState: IN_SERVICE, persistedOpStateExpiryEpochSec: 0}, ReplicationConfig: RATIS/ONE, State:ALLOCATED, leaderId:, CreationTimestamp2022-11-24T06:38:37.089Z[Etc/UTC]].
2022-11-24 06:38:37,091 [pool-118-thread-1] INFO  server.RaftServerConfigKeys (ConfUtils.java:logGet(46)) - raft.server.threadpool.server.size = 0 (default)
2022-11-24 06:38:37,091 [pool-118-thread-1] INFO  server.RaftServerConfigKeys (ConfUtils.java:logGet(46)) - raft.server.threadpool.client.cached = true (default)
2022-11-24 06:38:37,091 [pool-118-thread-1] INFO  server.RaftServerConfigKeys (ConfUtils.java:logGet(46)) - raft.server.threadpool.client.size = 0 (default)
2022-11-24 06:38:37,092 [pool-118-thread-1] INFO  storage.RaftStorageDirectory (RaftStorageDirectoryImpl.java:analyzeStorage(137)) - The storage directory /home/runner/work/ozone/ozone/hadoop-ozone/integration-test/target/test-dir/MiniOzoneClusterImpl-3ca4de4a-72c8-4c23-a990-0556c1b2e11a/datanode-2/data/ratis/1243174a-1692-479f-8736-763b35d9546f does not exist. Creating ...
2022-11-24 06:38:37,088 [pool-72-thread-1] INFO  server.RaftServerConfigKeys (ConfUtils.java:logGet(46)) - raft.server.threadpool.server.cached = true (default)
2022-11-24 06:38:37,097 [pool-72-thread-1] INFO  server.RaftServerConfigKeys (ConfUtils.java:logGet(46)) - raft.server.threadpool.server.size = 0 (default)
2022-11-24 06:38:37,098 [pool-72-thread-1] INFO  server.RaftServerConfigKeys (ConfUtils.java:logGet(46)) - raft.server.threadpool.client.cached = true (default)
2022-11-24 06:38:37,098 [pool-72-thread-1] INFO  server.RaftServerConfigKeys (ConfUtils.java:logGet(46)) - raft.server.threadpool.client.size = 0 (default)
2022-11-24 06:38:37,098 [pool-72-thread-1] INFO  storage.RaftStorageDirectory (RaftStorageDirectoryImpl.java:analyzeStorage(137)) - The storage directory /home/runner/work/ozone/ozone/hadoop-ozone/integration-test/target/test-dir/MiniOzoneClusterImpl-3ca4de4a-72c8-4c23-a990-0556c1b2e11a/datanode-0/data/ratis/1243174a-1692-479f-8736-763b35d9546f does not exist. Creating ...
2022-11-24 06:38:37,097 [Command processor thread] INFO  commandhandler.CreatePipelineCommandHandler (CreatePipelineCommandHandler.java:handle(113)) - Created Pipeline RATIS THREE PipelineID=c3da2c06-27c7-4ed5-b8eb-510a37b8e04c.
2022-11-24 06:38:37,102 [Command processor thread] INFO  server.RaftServer (RaftServerProxy.java:addNew(96)) - cb9a1e57-5a73-4518-a050-b0d695628b3e: addNew group-763B35D9546F:[06429dc3-6184-4705-8d2a-a6f8dedf2170|rpc:10.1.1.33:44897|priority:0|startupRole:FOLLOWER, fb3b41a4-a9f1-45d3-bf74-4074fcf3e767|rpc:10.1.1.33:41917|priority:0|startupRole:FOLLOWER, cb9a1e57-5a73-4518-a050-b0d695628b3e|rpc:10.1.1.33:33351|priority:1|startupRole:FOLLOWER] returns group-763B35D9546F:java.util.concurrent.CompletableFuture@2538fd43[Not completed]
2022-11-24 06:38:37,093 [pool-118-thread-1] INFO  storage.RaftStorageDirectory (RaftStorageDirectoryImpl.java:tryLock(231)) - Lock on /home/runner/work/ozone/ozone/hadoop-ozone/integration-test/target/test-dir/MiniOzoneClusterImpl-3ca4de4a-72c8-4c23-a990-0556c1b2e11a/datanode-2/data/ratis/1243174a-1692-479f-8736-763b35d9546f/in_use.lock acquired by nodename 14982@fv-az453-211
2022-11-24 06:38:37,099 [pool-72-thread-1] INFO  storage.RaftStorageDirectory (RaftStorageDirectoryImpl.java:tryLock(231)) - Lock on /home/runner/work/ozone/ozone/hadoop-ozone/integration-test/target/test-dir/MiniOzoneClusterImpl-3ca4de4a-72c8-4c23-a990-0556c1b2e11a/datanode-0/data/ratis/1243174a-1692-479f-8736-763b35d9546f/in_use.lock acquired by nodename 14982@fv-az453-211
2022-11-24 06:38:37,104 [pool-95-thread-1] INFO  server.RaftServer$Division (RaftServerImpl.java:<init>(195)) - cb9a1e57-5a73-4518-a050-b0d695628b3e: new RaftServerImpl for group-763B35D9546F:[06429dc3-6184-4705-8d2a-a6f8dedf2170|rpc:10.1.1.33:44897|priority:0|startupRole:FOLLOWER, fb3b41a4-a9f1-45d3-bf74-4074fcf3e767|rpc:10.1.1.33:41917|priority:0|startupRole:FOLLOWER, cb9a1e57-5a73-4518-a050-b0d695628b3e|rpc:10.1.1.33:33351|priority:1|startupRole:FOLLOWER] with ContainerStateMachine:uninitialized
2022-11-24 06:38:37,104 [pool-95-thread-1] INFO  server.RaftServerConfigKeys (ConfUtils.java:logGet(46)) - raft.server.rpc.timeout.min = 5s (custom)
2022-11-24 06:38:37,104 [pool-118-thread-1] INFO  storage.RaftStorage (RaftStorageImpl.java:format(96)) - Storage directory /home/runner/work/ozone/ozone/hadoop-ozone/integration-test/target/test-dir/MiniOzoneClusterImpl-3ca4de4a-72c8-4c23-a990-0556c1b2e11a/datanode-2/data/ratis/1243174a-1692-479f-8736-763b35d9546f has been successfully formatted.
2022-11-24 06:38:37,105 [pool-118-thread-1] INFO  ratis.ContainerStateMachine (ContainerStateMachine.java:loadSnapshot(236)) - group-763B35D9546F: The snapshot info is null. Setting the last applied indexto:(t:0, i:~)
2022-11-24 06:38:37,105 [pool-118-thread-1] INFO  server.RaftServerConfigKeys (ConfUtils.java:logGet(46)) - raft.server.log.use.memory = false (default)
2022-11-24 06:38:37,105 [pool-118-thread-1] INFO  server.RaftServerConfigKeys (ConfUtils.java:logGet(46)) - raft.server.log.purge.gap = 1000000 (custom)
2022-11-24 06:38:37,105 [pool-118-thread-1] INFO  server.RaftServerConfigKeys (ConfUtils.java:logGet(46)) - raft.server.log.appender.buffer.byte-limit = 33554432 (custom)
2022-11-24 06:38:37,105 [pool-118-thread-1] INFO  server.RaftServerConfigKeys (ConfUtils.java:logGet(46)) - raft.server.log.statemachine.data.read.timeout = 1000ms (default)
2022-11-24 06:38:37,105 [pool-118-thread-1] INFO  server.RaftServerConfigKeys (ConfUtils.java:logGet(46)) - raft.server.log.purge.preservation.log.num = 0 (default)
2022-11-24 06:38:37,106 [pool-118-thread-1] INFO  server.RaftServerConfigKeys (ConfUtils.java:logGet(46)) - raft.server.log.segment.size.max = 1048576 (custom)
2022-11-24 06:38:37,106 [pool-118-thread-1] INFO  server.RaftServerConfigKeys (ConfUtils.java:logGet(46)) - raft.server.log.segment.cache.num.max = 2 (custom)
2022-11-24 06:38:37,106 [pool-118-thread-1] INFO  server.RaftServerConfigKeys (ConfUtils.java:logGet(46)) - raft.server.log.segment.cache.size.max = 200MB (=209715200) (default)
2022-11-24 06:38:37,107 [pool-118-thread-1] INFO  segmented.SegmentedRaftLogWorker (SegmentedRaftLogWorker.java:<init>(191)) - new 06429dc3-6184-4705-8d2a-a6f8dedf2170@group-763B35D9546F-SegmentedRaftLogWorker for RaftStorageImpl:Storage Directory /home/runner/work/ozone/ozone/hadoop-ozone/integration-test/target/test-dir/MiniOzoneClusterImpl-3ca4de4a-72c8-4c23-a990-0556c1b2e11a/datanode-2/data/ratis/1243174a-1692-479f-8736-763b35d9546f
2022-11-24 06:38:37,107 [pool-118-thread-1] INFO  server.RaftServerConfigKeys (ConfUtils.java:logGet(46)) - raft.server.log.queue.byte-limit = 4294967296 (custom)
2022-11-24 06:38:37,107 [pool-118-thread-1] INFO  server.RaftServerConfigKeys (ConfUtils.java:logGet(46)) - raft.server.log.queue.element-limit = 1024 (custom)
2022-11-24 06:38:37,107 [pool-118-thread-1] INFO  server.RaftServerConfigKeys (ConfUtils.java:logGet(46)) - raft.server.log.segment.size.max = 1048576 (custom)
2022-11-24 06:38:37,107 [pool-118-thread-1] INFO  server.RaftServerConfigKeys (ConfUtils.java:logGet(46)) - raft.server.log.preallocated.size = 16384 (custom)
2022-11-24 06:38:37,107 [pool-118-thread-1] INFO  server.RaftServerConfigKeys (ConfUtils.java:logGet(46)) - raft.server.log.force.sync.num = 128 (default)
2022-11-24 06:38:37,107 [pool-118-thread-1] INFO  server.RaftServerConfigKeys (ConfUtils.java:logGet(46)) - raft.server.log.statemachine.data.sync = true (default)
2022-11-24 06:38:37,107 [pool-118-thread-1] INFO  server.RaftServerConfigKeys (ConfUtils.java:logGet(46)) - raft.server.log.statemachine.data.sync.timeout = 10s (default)
2022-11-24 06:38:37,107 [pool-118-thread-1] INFO  server.RaftServerConfigKeys (ConfUtils.java:logGet(46)) - raft.server.log.statemachine.data.sync.timeout.retry = -1 (default)
2022-11-24 06:38:37,109 [pool-118-thread-1] INFO  server.RaftServerConfigKeys (ConfUtils.java:logGet(46)) - raft.server.log.write.buffer.size = 1048576 (custom)
2022-11-24 06:38:37,105 [pool-95-thread-1] INFO  server.RaftServerConfigKeys (ConfUtils.java:logGet(46)) - raft.server.rpc.timeout.max = 5200ms (custom)
2022-11-24 06:38:37,110 [pool-95-thread-1] INFO  server.RaftServerConfigKeys (ConfUtils.java:logGet(46)) - raft.server.rpc.sleep.time = 25ms (default)
2022-11-24 06:38:37,110 [pool-95-thread-1] INFO  server.RaftServerConfigKeys (ConfUtils.java:logGet(46)) - raft.server.rpc.slowness.timeout = 300s (custom)
2022-11-24 06:38:37,110 [pool-95-thread-1] INFO  server.RaftServerConfigKeys (ConfUtils.java:logGet(46)) - raft.server.leaderelection.leader.step-down.wait-time = 10s (default)
2022-11-24 06:38:37,110 [pool-95-thread-1] INFO  server.RaftServerConfigKeys (ConfUtils.java:logGet(46)) - raft.server.sleep.deviation.threshold = 300ms (default)
2022-11-24 06:38:37,110 [pool-95-thread-1] INFO  server.RaftServer$Division (ServerState.java:<init>(118)) - cb9a1e57-5a73-4518-a050-b0d695628b3e@group-763B35D9546F: ConfigurationManager, init=-1: peers:[06429dc3-6184-4705-8d2a-a6f8dedf2170|rpc:10.1.1.33:44897|priority:0|startupRole:FOLLOWER, fb3b41a4-a9f1-45d3-bf74-4074fcf3e767|rpc:10.1.1.33:41917|priority:0|startupRole:FOLLOWER, cb9a1e57-5a73-4518-a050-b0d695628b3e|rpc:10.1.1.33:33351|priority:1|startupRole:FOLLOWER]|listeners:[], old=null, confs=<EMPTY_MAP>
2022-11-24 06:38:37,110 [pool-95-thread-1] INFO  server.RaftServerConfigKeys (ConfUtils.java:logGet(46)) - raft.server.storage.dir = [/home/runner/work/ozone/ozone/hadoop-ozone/integration-test/target/test-dir/MiniOzoneClusterImpl-3ca4de4a-72c8-4c23-a990-0556c1b2e11a/datanode-1/data/ratis] (custom)
2022-11-24 06:38:37,111 [pool-72-thread-1] INFO  storage.RaftStorage (RaftStorageImpl.java:format(96)) - Storage directory /home/runner/work/ozone/ozone/hadoop-ozone/integration-test/target/test-dir/MiniOzoneClusterImpl-3ca4de4a-72c8-4c23-a990-0556c1b2e11a/datanode-0/data/ratis/1243174a-1692-479f-8736-763b35d9546f has been successfully formatted.
2022-11-24 06:38:37,113 [pool-72-thread-1] INFO  ratis.ContainerStateMachine (ContainerStateMachine.java:loadSnapshot(236)) - group-763B35D9546F: The snapshot info is null. Setting the last applied indexto:(t:0, i:~)
2022-11-24 06:38:37,113 [pool-72-thread-1] INFO  server.RaftServerConfigKeys (ConfUtils.java:logGet(46)) - raft.server.log.use.memory = false (default)
2022-11-24 06:38:37,113 [pool-72-thread-1] INFO  server.RaftServerConfigKeys (ConfUtils.java:logGet(46)) - raft.server.log.purge.gap = 1000000 (custom)
2022-11-24 06:38:37,113 [pool-72-thread-1] INFO  server.RaftServerConfigKeys (ConfUtils.java:logGet(46)) - raft.server.log.appender.buffer.byte-limit = 33554432 (custom)
2022-11-24 06:38:37,113 [pool-72-thread-1] INFO  server.RaftServerConfigKeys (ConfUtils.java:logGet(46)) - raft.server.log.statemachine.data.read.timeout = 1000ms (default)
2022-11-24 06:38:37,113 [pool-72-thread-1] INFO  server.RaftServerConfigKeys (ConfUtils.java:logGet(46)) - raft.server.log.purge.preservation.log.num = 0 (default)
2022-11-24 06:38:37,114 [EventQueue-OpenPipelineForHealthyPipelineSafeModeRule] INFO  safemode.SCMSafeModeManager (HealthyPipelineSafeModeRule.java:process(137)) - SCM in safe mode. Healthy pipelines reported count is 0, required healthy pipeline reported count is 1
2022-11-24 06:38:37,114 [pool-72-thread-1] INFO  server.RaftServerConfigKeys (ConfUtils.java:logGet(46)) - raft.server.log.segment.size.max = 1048576 (custom)
2022-11-24 06:38:37,114 [pool-72-thread-1] INFO  server.RaftServerConfigKeys (ConfUtils.java:logGet(46)) - raft.server.log.segment.cache.num.max = 2 (custom)
2022-11-24 06:38:37,114 [pool-72-thread-1] INFO  server.RaftServerConfigKeys (ConfUtils.java:logGet(46)) - raft.server.log.segment.cache.size.max = 200MB (=209715200) (default)
2022-11-24 06:38:37,114 [pool-72-thread-1] INFO  segmented.SegmentedRaftLogWorker (SegmentedRaftLogWorker.java:<init>(191)) - new fb3b41a4-a9f1-45d3-bf74-4074fcf3e767@group-763B35D9546F-SegmentedRaftLogWorker for RaftStorageImpl:Storage Directory /home/runner/work/ozone/ozone/hadoop-ozone/integration-test/target/test-dir/MiniOzoneClusterImpl-3ca4de4a-72c8-4c23-a990-0556c1b2e11a/datanode-0/data/ratis/1243174a-1692-479f-8736-763b35d9546f
2022-11-24 06:38:37,115 [pool-72-thread-1] INFO  server.RaftServerConfigKeys (ConfUtils.java:logGet(46)) - raft.server.log.queue.byte-limit = 4294967296 (custom)
2022-11-24 06:38:37,115 [pool-72-thread-1] INFO  server.RaftServerConfigKeys (ConfUtils.java:logGet(46)) - raft.server.log.queue.element-limit = 1024 (custom)
2022-11-24 06:38:37,115 [pool-72-thread-1] INFO  server.RaftServerConfigKeys (ConfUtils.java:logGet(46)) - raft.server.log.segment.size.max = 1048576 (custom)
2022-11-24 06:38:37,115 [pool-72-thread-1] INFO  server.RaftServerConfigKeys (ConfUtils.java:logGet(46)) - raft.server.log.preallocated.size = 16384 (custom)
2022-11-24 06:38:37,115 [pool-72-thread-1] INFO  server.RaftServerConfigKeys (ConfUtils.java:logGet(46)) - raft.server.log.force.sync.num = 128 (default)
2022-11-24 06:38:37,115 [pool-72-thread-1] INFO  server.RaftServerConfigKeys (ConfUtils.java:logGet(46)) - raft.server.log.statemachine.data.sync = true (default)
2022-11-24 06:38:37,115 [pool-72-thread-1] INFO  server.RaftServerConfigKeys (ConfUtils.java:logGet(46)) - raft.server.log.statemachine.data.sync.timeout = 10s (default)
2022-11-24 06:38:37,115 [pool-72-thread-1] INFO  server.RaftServerConfigKeys (ConfUtils.java:logGet(46)) - raft.server.log.statemachine.data.sync.timeout.retry = -1 (default)
2022-11-24 06:38:37,117 [pool-72-thread-1] INFO  server.RaftServerConfigKeys (ConfUtils.java:logGet(46)) - raft.server.log.write.buffer.size = 1048576 (custom)
2022-11-24 06:38:37,117 [pool-72-thread-1] INFO  server.RaftServerConfigKeys (ConfUtils.java:logGet(46)) - raft.server.log.unsafe-flush.enabled = false (default)
2022-11-24 06:38:37,117 [pool-72-thread-1] INFO  server.RaftServerConfigKeys (ConfUtils.java:logGet(46)) - raft.server.log.async-flush.enabled = false (default)
2022-11-24 06:38:37,117 [pool-72-thread-1] INFO  server.RaftServerConfigKeys (ConfUtils.java:logGet(46)) - raft.server.log.statemachine.data.caching.enabled = true (custom)
2022-11-24 06:38:37,117 [pool-72-thread-1] INFO  segmented.SegmentedRaftLogWorker (SegmentedRaftLogWorker.java:lambda$new$0(136)) - fb3b41a4-a9f1-45d3-bf74-4074fcf3e767@group-763B35D9546F-SegmentedRaftLogWorker: flushIndex: setUnconditionally 0 -> -1
2022-11-24 06:38:37,117 [pool-72-thread-1] INFO  segmented.SegmentedRaftLogWorker (SegmentedRaftLogWorker.java:lambda$new$0(136)) - fb3b41a4-a9f1-45d3-bf74-4074fcf3e767@group-763B35D9546F-SegmentedRaftLogWorker: safeCacheEvictIndex: setUnconditionally 0 -> -1
2022-11-24 06:38:37,111 [pool-118-thread-1] INFO  server.RaftServerConfigKeys (ConfUtils.java:logGet(46)) - raft.server.log.unsafe-flush.enabled = false (default)
2022-11-24 06:38:37,111 [pool-95-thread-1] INFO  server.RaftServerConfigKeys (ConfUtils.java:logGet(46)) - raft.server.log.corruption.policy = EXCEPTION (default)
2022-11-24 06:38:37,118 [pool-95-thread-1] INFO  server.RaftServerConfigKeys (ConfUtils.java:logGet(46)) - raft.server.storage.free-space.min = 0MB (=0) (default)
2022-11-24 06:38:37,118 [pool-95-thread-1] INFO  server.RaftServerConfigKeys (ConfUtils.java:logGet(46)) - raft.server.notification.no-leader.timeout = 300s (custom)
2022-11-24 06:38:37,118 [pool-95-thread-1] INFO  server.RaftServerConfigKeys (ConfUtils.java:logGet(46)) - raft.server.retrycache.expirytime = 600000ms (custom)
2022-11-24 06:38:37,118 [pool-95-thread-1] INFO  server.RaftServerConfigKeys (ConfUtils.java:logGet(46)) - raft.server.retrycache.statistics.expirytime = 100μs (default)
2022-11-24 06:38:37,120 [pool-95-thread-1] INFO  server.RaftServerConfigKeys (ConfUtils.java:logGet(46)) - raft.server.log.appender.install.snapshot.enabled = false (custom)
2022-11-24 06:38:37,120 [pool-95-thread-1] INFO  server.RaftServerConfigKeys (ConfUtils.java:logGet(46)) - raft.server.threadpool.server.cached = true (default)
2022-11-24 06:38:37,120 [pool-95-thread-1] INFO  server.RaftServerConfigKeys (ConfUtils.java:logGet(46)) - raft.server.threadpool.server.size = 0 (default)
2022-11-24 06:38:37,120 [pool-95-thread-1] INFO  server.RaftServerConfigKeys (ConfUtils.java:logGet(46)) - raft.server.threadpool.client.cached = true (default)
2022-11-24 06:38:37,120 [pool-95-thread-1] INFO  server.RaftServerConfigKeys (ConfUtils.java:logGet(46)) - raft.server.threadpool.client.size = 0 (default)
2022-11-24 06:38:37,120 [pool-95-thread-1] INFO  storage.RaftStorageDirectory (RaftStorageDirectoryImpl.java:analyzeStorage(137)) - The storage directory /home/runner/work/ozone/ozone/hadoop-ozone/integration-test/target/test-dir/MiniOzoneClusterImpl-3ca4de4a-72c8-4c23-a990-0556c1b2e11a/datanode-1/data/ratis/1243174a-1692-479f-8736-763b35d9546f does not exist. Creating ...
2022-11-24 06:38:37,122 [pool-95-thread-1] INFO  storage.RaftStorageDirectory (RaftStorageDirectoryImpl.java:tryLock(231)) - Lock on /home/runner/work/ozone/ozone/hadoop-ozone/integration-test/target/test-dir/MiniOzoneClusterImpl-3ca4de4a-72c8-4c23-a990-0556c1b2e11a/datanode-1/data/ratis/1243174a-1692-479f-8736-763b35d9546f/in_use.lock acquired by nodename 14982@fv-az453-211
2022-11-24 06:38:37,123 [pool-95-thread-1] INFO  storage.RaftStorage (RaftStorageImpl.java:format(96)) - Storage directory /home/runner/work/ozone/ozone/hadoop-ozone/integration-test/target/test-dir/MiniOzoneClusterImpl-3ca4de4a-72c8-4c23-a990-0556c1b2e11a/datanode-1/data/ratis/1243174a-1692-479f-8736-763b35d9546f has been successfully formatted.
2022-11-24 06:38:37,124 [pool-95-thread-1] INFO  ratis.ContainerStateMachine (ContainerStateMachine.java:loadSnapshot(236)) - group-763B35D9546F: The snapshot info is null. Setting the last applied indexto:(t:0, i:~)
2022-11-24 06:38:37,124 [pool-95-thread-1] INFO  server.RaftServerConfigKeys (ConfUtils.java:logGet(46)) - raft.server.log.use.memory = false (default)
2022-11-24 06:38:37,124 [pool-95-thread-1] INFO  server.RaftServerConfigKeys (ConfUtils.java:logGet(46)) - raft.server.log.purge.gap = 1000000 (custom)
2022-11-24 06:38:37,124 [pool-95-thread-1] INFO  server.RaftServerConfigKeys (ConfUtils.java:logGet(46)) - raft.server.log.appender.buffer.byte-limit = 33554432 (custom)
2022-11-24 06:38:37,124 [pool-95-thread-1] INFO  server.RaftServerConfigKeys (ConfUtils.java:logGet(46)) - raft.server.log.statemachine.data.read.timeout = 1000ms (default)
2022-11-24 06:38:37,126 [pool-95-thread-1] INFO  server.RaftServerConfigKeys (ConfUtils.java:logGet(46)) - raft.server.log.purge.preservation.log.num = 0 (default)
2022-11-24 06:38:37,118 [pool-118-thread-1] INFO  server.RaftServerConfigKeys (ConfUtils.java:logGet(46)) - raft.server.log.async-flush.enabled = false (default)
2022-11-24 06:38:37,127 [pool-118-thread-1] INFO  server.RaftServerConfigKeys (ConfUtils.java:logGet(46)) - raft.server.log.statemachine.data.caching.enabled = true (custom)
2022-11-24 06:38:37,127 [pool-95-thread-1] INFO  server.RaftServerConfigKeys (ConfUtils.java:logGet(46)) - raft.server.log.segment.size.max = 1048576 (custom)
2022-11-24 06:38:37,127 [pool-118-thread-1] INFO  segmented.SegmentedRaftLogWorker (SegmentedRaftLogWorker.java:lambda$new$0(136)) - 06429dc3-6184-4705-8d2a-a6f8dedf2170@group-763B35D9546F-SegmentedRaftLogWorker: flushIndex: setUnconditionally 0 -> -1
2022-11-24 06:38:37,127 [pool-118-thread-1] INFO  segmented.SegmentedRaftLogWorker (SegmentedRaftLogWorker.java:lambda$new$0(136)) - 06429dc3-6184-4705-8d2a-a6f8dedf2170@group-763B35D9546F-SegmentedRaftLogWorker: safeCacheEvictIndex: setUnconditionally 0 -> -1
2022-11-24 06:38:37,118 [pool-72-thread-1] INFO  server.RaftServer$Division (RaftServerImpl.java:start(334)) - fb3b41a4-a9f1-45d3-bf74-4074fcf3e767@group-763B35D9546F: start as a follower, conf=-1: peers:[06429dc3-6184-4705-8d2a-a6f8dedf2170|rpc:10.1.1.33:44897|priority:0|startupRole:FOLLOWER, fb3b41a4-a9f1-45d3-bf74-4074fcf3e767|rpc:10.1.1.33:41917|priority:0|startupRole:FOLLOWER, cb9a1e57-5a73-4518-a050-b0d695628b3e|rpc:10.1.1.33:33351|priority:1|startupRole:FOLLOWER]|listeners:[], old=null
2022-11-24 06:38:37,127 [pool-72-thread-1] INFO  server.RaftServer$Division (RaftServerImpl.java:setRole(321)) - fb3b41a4-a9f1-45d3-bf74-4074fcf3e767@group-763B35D9546F: changes role from      null to FOLLOWER at term 0 for startAsFollower
2022-11-24 06:38:37,127 [pool-95-thread-1] INFO  server.RaftServerConfigKeys (ConfUtils.java:logGet(46)) - raft.server.log.segment.cache.num.max = 2 (custom)
2022-11-24 06:38:37,127 [pool-118-thread-1] INFO  server.RaftServer$Division (RaftServerImpl.java:start(334)) - 06429dc3-6184-4705-8d2a-a6f8dedf2170@group-763B35D9546F: start as a follower, conf=-1: peers:[06429dc3-6184-4705-8d2a-a6f8dedf2170|rpc:10.1.1.33:44897|priority:0|startupRole:FOLLOWER, fb3b41a4-a9f1-45d3-bf74-4074fcf3e767|rpc:10.1.1.33:41917|priority:0|startupRole:FOLLOWER, cb9a1e57-5a73-4518-a050-b0d695628b3e|rpc:10.1.1.33:33351|priority:1|startupRole:FOLLOWER]|listeners:[], old=null
2022-11-24 06:38:37,127 [pool-118-thread-1] INFO  server.RaftServer$Division (RaftServerImpl.java:setRole(321)) - 06429dc3-6184-4705-8d2a-a6f8dedf2170@group-763B35D9546F: changes role from      null to FOLLOWER at term 0 for startAsFollower
2022-11-24 06:38:37,128 [pool-118-thread-1] INFO  impl.RoleInfo (RoleInfo.java:updateAndGet(139)) - 06429dc3-6184-4705-8d2a-a6f8dedf2170: start 06429dc3-6184-4705-8d2a-a6f8dedf2170@group-763B35D9546F-FollowerState
2022-11-24 06:38:37,127 [pool-95-thread-1] INFO  server.RaftServerConfigKeys (ConfUtils.java:logGet(46)) - raft.server.log.segment.cache.size.max = 200MB (=209715200) (default)
2022-11-24 06:38:37,128 [pool-95-thread-1] INFO  segmented.SegmentedRaftLogWorker (SegmentedRaftLogWorker.java:<init>(191)) - new cb9a1e57-5a73-4518-a050-b0d695628b3e@group-763B35D9546F-SegmentedRaftLogWorker for RaftStorageImpl:Storage Directory /home/runner/work/ozone/ozone/hadoop-ozone/integration-test/target/test-dir/MiniOzoneClusterImpl-3ca4de4a-72c8-4c23-a990-0556c1b2e11a/datanode-1/data/ratis/1243174a-1692-479f-8736-763b35d9546f
2022-11-24 06:38:37,129 [EventQueue-OpenPipelineForHealthyPipelineSafeModeRule] INFO  safemode.SCMSafeModeManager (HealthyPipelineSafeModeRule.java:process(137)) - SCM in safe mode. Healthy pipelines reported count is 0, required healthy pipeline reported count is 1
2022-11-24 06:38:37,129 [pool-95-thread-1] INFO  server.RaftServerConfigKeys (ConfUtils.java:logGet(46)) - raft.server.log.queue.byte-limit = 4294967296 (custom)
2022-11-24 06:38:37,129 [pool-95-thread-1] INFO  server.RaftServerConfigKeys (ConfUtils.java:logGet(46)) - raft.server.log.queue.element-limit = 1024 (custom)
2022-11-24 06:38:37,129 [pool-95-thread-1] INFO  server.RaftServerConfigKeys (ConfUtils.java:logGet(46)) - raft.server.log.segment.size.max = 1048576 (custom)
2022-11-24 06:38:37,129 [pool-95-thread-1] INFO  server.RaftServerConfigKeys (ConfUtils.java:logGet(46)) - raft.server.log.preallocated.size = 16384 (custom)
2022-11-24 06:38:37,129 [pool-95-thread-1] INFO  server.RaftServerConfigKeys (ConfUtils.java:logGet(46)) - raft.server.log.force.sync.num = 128 (default)
2022-11-24 06:38:37,129 [pool-95-thread-1] INFO  server.RaftServerConfigKeys (ConfUtils.java:logGet(46)) - raft.server.log.statemachine.data.sync = true (default)
2022-11-24 06:38:37,129 [pool-95-thread-1] INFO  server.RaftServerConfigKeys (ConfUtils.java:logGet(46)) - raft.server.log.statemachine.data.sync.timeout = 10s (default)
2022-11-24 06:38:37,129 [pool-95-thread-1] INFO  server.RaftServerConfigKeys (ConfUtils.java:logGet(46)) - raft.server.log.statemachine.data.sync.timeout.retry = -1 (default)
2022-11-24 06:38:37,135 [EventQueue-OpenPipelineForHealthyPipelineSafeModeRule] INFO  safemode.SCMSafeModeManager (HealthyPipelineSafeModeRule.java:process(137)) - SCM in safe mode. Healthy pipelines reported count is 0, required healthy pipeline reported count is 1
2022-11-24 06:38:37,135 [pool-118-thread-1] INFO  util.JmxRegister (JmxRegister.java:tryRegister(44)) - Successfully registered JMX Bean with object name Ratis:service=RaftServer,group=group-763B35D9546F,id=06429dc3-6184-4705-8d2a-a6f8dedf2170
2022-11-24 06:38:37,135 [pool-118-thread-1] INFO  server.RaftServerConfigKeys (ConfUtils.java:logGet(46)) - raft.server.snapshot.auto.trigger.enabled = true (custom)
2022-11-24 06:38:37,136 [pool-118-thread-1] INFO  server.RaftServerConfigKeys (ConfUtils.java:logGet(46)) - raft.server.snapshot.auto.trigger.threshold = 10000 (custom)
2022-11-24 06:38:37,136 [pool-118-thread-1] INFO  server.RaftServerConfigKeys (ConfUtils.java:logGet(46)) - raft.server.snapshot.retention.file.num = 5 (custom)
2022-11-24 06:38:37,136 [pool-118-thread-1] INFO  server.RaftServerConfigKeys (ConfUtils.java:logGet(46)) - raft.server.log.purge.upto.snapshot.index = false (default)
2022-11-24 06:38:37,136 [pool-72-thread-1] INFO  impl.RoleInfo (RoleInfo.java:updateAndGet(139)) - fb3b41a4-a9f1-45d3-bf74-4074fcf3e767: start fb3b41a4-a9f1-45d3-bf74-4074fcf3e767@group-763B35D9546F-FollowerState
2022-11-24 06:38:37,138 [pool-95-thread-1] INFO  server.RaftServerConfigKeys (ConfUtils.java:logGet(46)) - raft.server.log.write.buffer.size = 1048576 (custom)
2022-11-24 06:38:37,138 [pool-95-thread-1] INFO  server.RaftServerConfigKeys (ConfUtils.java:logGet(46)) - raft.server.log.unsafe-flush.enabled = false (default)
2022-11-24 06:38:37,138 [pool-95-thread-1] INFO  server.RaftServerConfigKeys (ConfUtils.java:logGet(46)) - raft.server.log.async-flush.enabled = false (default)
2022-11-24 06:38:37,139 [pool-95-thread-1] INFO  server.RaftServerConfigKeys (ConfUtils.java:logGet(46)) - raft.server.log.statemachine.data.caching.enabled = true (custom)
2022-11-24 06:38:37,139 [pool-95-thread-1] INFO  segmented.SegmentedRaftLogWorker (SegmentedRaftLogWorker.java:lambda$new$0(136)) - cb9a1e57-5a73-4518-a050-b0d695628b3e@group-763B35D9546F-SegmentedRaftLogWorker: flushIndex: setUnconditionally 0 -> -1
2022-11-24 06:38:37,139 [pool-95-thread-1] INFO  segmented.SegmentedRaftLogWorker (SegmentedRaftLogWorker.java:lambda$new$0(136)) - cb9a1e57-5a73-4518-a050-b0d695628b3e@group-763B35D9546F-SegmentedRaftLogWorker: safeCacheEvictIndex: setUnconditionally 0 -> -1
2022-11-24 06:38:37,139 [06429dc3-6184-4705-8d2a-a6f8dedf2170@group-763B35D9546F-FollowerState] INFO  server.RaftServerConfigKeys (ConfUtils.java:logFallback(53)) - raft.server.rpc.first-election.timeout.min = 5s (fallback to raft.server.rpc.timeout.min)
2022-11-24 06:38:37,139 [06429dc3-6184-4705-8d2a-a6f8dedf2170@group-763B35D9546F-FollowerState] INFO  server.RaftServerConfigKeys (ConfUtils.java:logFallback(53)) - raft.server.rpc.first-election.timeout.max = 5200ms (fallback to raft.server.rpc.timeout.max)
2022-11-24 06:38:37,143 [pool-72-thread-1] INFO  util.JmxRegister (JmxRegister.java:tryRegister(44)) - Successfully registered JMX Bean with object name Ratis:service=RaftServer,group=group-763B35D9546F,id=fb3b41a4-a9f1-45d3-bf74-4074fcf3e767
2022-11-24 06:38:37,143 [fb3b41a4-a9f1-45d3-bf74-4074fcf3e767@group-763B35D9546F-FollowerState] INFO  server.RaftServerConfigKeys (ConfUtils.java:logFallback(53)) - raft.server.rpc.first-election.timeout.min = 5s (fallback to raft.server.rpc.timeout.min)
2022-11-24 06:38:37,143 [pool-72-thread-1] INFO  server.RaftServerConfigKeys (ConfUtils.java:logGet(46)) - raft.server.snapshot.auto.trigger.enabled = true (custom)
2022-11-24 06:38:37,143 [pool-72-thread-1] INFO  server.RaftServerConfigKeys (ConfUtils.java:logGet(46)) - raft.server.snapshot.auto.trigger.threshold = 10000 (custom)
2022-11-24 06:38:37,143 [pool-72-thread-1] INFO  server.RaftServerConfigKeys (ConfUtils.java:logGet(46)) - raft.server.snapshot.retention.file.num = 5 (custom)
2022-11-24 06:38:37,143 [pool-72-thread-1] INFO  server.RaftServerConfigKeys (ConfUtils.java:logGet(46)) - raft.server.log.purge.upto.snapshot.index = false (default)
2022-11-24 06:38:37,143 [fb3b41a4-a9f1-45d3-bf74-4074fcf3e767@group-763B35D9546F-FollowerState] INFO  server.RaftServerConfigKeys (ConfUtils.java:logFallback(53)) - raft.server.rpc.first-election.timeout.max = 5200ms (fallback to raft.server.rpc.timeout.max)
2022-11-24 06:38:37,145 [pool-95-thread-1] INFO  server.RaftServer$Division (RaftServerImpl.java:start(334)) - cb9a1e57-5a73-4518-a050-b0d695628b3e@group-763B35D9546F: start as a follower, conf=-1: peers:[06429dc3-6184-4705-8d2a-a6f8dedf2170|rpc:10.1.1.33:44897|priority:0|startupRole:FOLLOWER, fb3b41a4-a9f1-45d3-bf74-4074fcf3e767|rpc:10.1.1.33:41917|priority:0|startupRole:FOLLOWER, cb9a1e57-5a73-4518-a050-b0d695628b3e|rpc:10.1.1.33:33351|priority:1|startupRole:FOLLOWER]|listeners:[], old=null
2022-11-24 06:38:37,145 [pool-95-thread-1] INFO  server.RaftServer$Division (RaftServerImpl.java:setRole(321)) - cb9a1e57-5a73-4518-a050-b0d695628b3e@group-763B35D9546F: changes role from      null to FOLLOWER at term 0 for startAsFollower
2022-11-24 06:38:37,150 [pool-95-thread-1] INFO  impl.RoleInfo (RoleInfo.java:updateAndGet(139)) - cb9a1e57-5a73-4518-a050-b0d695628b3e: start cb9a1e57-5a73-4518-a050-b0d695628b3e@group-763B35D9546F-FollowerState
2022-11-24 06:38:37,150 [Command processor thread] INFO  ratis.XceiverServerRatis (XceiverServerRatis.java:addGroup(765)) - Created group PipelineID=1243174a-1692-479f-8736-763b35d9546f
2022-11-24 06:38:37,158 [pool-95-thread-1] INFO  util.JmxRegister (JmxRegister.java:tryRegister(44)) - Successfully registered JMX Bean with object name Ratis:service=RaftServer,group=group-763B35D9546F,id=cb9a1e57-5a73-4518-a050-b0d695628b3e
2022-11-24 06:38:37,158 [pool-95-thread-1] INFO  server.RaftServerConfigKeys (ConfUtils.java:logGet(46)) - raft.server.snapshot.auto.trigger.enabled = true (custom)
2022-11-24 06:38:37,159 [pool-95-thread-1] INFO  server.RaftServerConfigKeys (ConfUtils.java:logGet(46)) - raft.server.snapshot.auto.trigger.threshold = 10000 (custom)
2022-11-24 06:38:37,159 [pool-95-thread-1] INFO  server.RaftServerConfigKeys (ConfUtils.java:logGet(46)) - raft.server.snapshot.retention.file.num = 5 (custom)
2022-11-24 06:38:37,159 [pool-95-thread-1] INFO  server.RaftServerConfigKeys (ConfUtils.java:logGet(46)) - raft.server.log.purge.upto.snapshot.index = false (default)
2022-11-24 06:38:37,159 [Command processor thread] INFO  ratis.XceiverServerRatis (XceiverServerRatis.java:addGroup(765)) - Created group PipelineID=1243174a-1692-479f-8736-763b35d9546f
2022-11-24 06:38:37,163 [cb9a1e57-5a73-4518-a050-b0d695628b3e@group-763B35D9546F-FollowerState] INFO  server.RaftServerConfigKeys (ConfUtils.java:logFallback(53)) - raft.server.rpc.first-election.timeout.min = 5s (fallback to raft.server.rpc.timeout.min)
2022-11-24 06:38:37,163 [cb9a1e57-5a73-4518-a050-b0d695628b3e@group-763B35D9546F-FollowerState] INFO  server.RaftServerConfigKeys (ConfUtils.java:logFallback(53)) - raft.server.rpc.first-election.timeout.max = 5200ms (fallback to raft.server.rpc.timeout.max)
2022-11-24 06:38:37,166 [Command processor thread] INFO  ratis.XceiverServerRatis (XceiverServerRatis.java:addGroup(765)) - Created group PipelineID=1243174a-1692-479f-8736-763b35d9546f
2022-11-24 06:38:37,305 [Command processor thread] INFO  commandhandler.CreatePipelineCommandHandler (CreatePipelineCommandHandler.java:handle(113)) - Created Pipeline RATIS THREE PipelineID=1243174a-1692-479f-8736-763b35d9546f.
2022-11-24 06:38:37,305 [Command processor thread] INFO  commandhandler.CreatePipelineCommandHandler (CreatePipelineCommandHandler.java:handle(113)) - Created Pipeline RATIS THREE PipelineID=1243174a-1692-479f-8736-763b35d9546f.
2022-11-24 06:38:37,314 [Command processor thread] INFO  commandhandler.CreatePipelineCommandHandler (CreatePipelineCommandHandler.java:handle(113)) - Created Pipeline RATIS THREE PipelineID=1243174a-1692-479f-8736-763b35d9546f.
2022-11-24 06:38:37,423 [Command processor thread] INFO  server.RaftServer (RaftServerProxy.java:addNew(96)) - db462c09-4a41-41c4-b065-df9d46fc3c08: addNew group-F0F0B9D819AD:[db462c09-4a41-41c4-b065-df9d46fc3c08|rpc:10.1.1.33:45705|priority:1|startupRole:FOLLOWER] returns group-F0F0B9D819AD:java.util.concurrent.CompletableFuture@68dddd03[Not completed]
2022-11-24 06:38:37,425 [pool-141-thread-1] INFO  server.RaftServer$Division (RaftServerImpl.java:<init>(195)) - db462c09-4a41-41c4-b065-df9d46fc3c08: new RaftServerImpl for group-F0F0B9D819AD:[db462c09-4a41-41c4-b065-df9d46fc3c08|rpc:10.1.1.33:45705|priority:1|startupRole:FOLLOWER] with ContainerStateMachine:uninitialized
2022-11-24 06:38:37,425 [pool-141-thread-1] INFO  server.RaftServerConfigKeys (ConfUtils.java:logGet(46)) - raft.server.rpc.timeout.min = 5s (custom)
2022-11-24 06:38:37,425 [pool-141-thread-1] INFO  server.RaftServerConfigKeys (ConfUtils.java:logGet(46)) - raft.server.rpc.timeout.max = 5200ms (custom)
2022-11-24 06:38:37,425 [pool-141-thread-1] INFO  server.RaftServerConfigKeys (ConfUtils.java:logGet(46)) - raft.server.rpc.sleep.time = 25ms (default)
2022-11-24 06:38:37,425 [pool-141-thread-1] INFO  server.RaftServerConfigKeys (ConfUtils.java:logGet(46)) - raft.server.rpc.slowness.timeout = 300s (custom)
2022-11-24 06:38:37,425 [pool-141-thread-1] INFO  server.RaftServerConfigKeys (ConfUtils.java:logGet(46)) - raft.server.leaderelection.leader.step-down.wait-time = 10s (default)
2022-11-24 06:38:37,425 [pool-141-thread-1] INFO  server.RaftServerConfigKeys (ConfUtils.java:logGet(46)) - raft.server.sleep.deviation.threshold = 300ms (default)
2022-11-24 06:38:37,426 [pool-141-thread-1] INFO  server.RaftServer$Division (ServerState.java:<init>(118)) - db462c09-4a41-41c4-b065-df9d46fc3c08@group-F0F0B9D819AD: ConfigurationManager, init=-1: peers:[db462c09-4a41-41c4-b065-df9d46fc3c08|rpc:10.1.1.33:45705|priority:1|startupRole:FOLLOWER]|listeners:[], old=null, confs=<EMPTY_MAP>
2022-11-24 06:38:37,426 [pool-141-thread-1] INFO  server.RaftServerConfigKeys (ConfUtils.java:logGet(46)) - raft.server.storage.dir = [/home/runner/work/ozone/ozone/hadoop-ozone/integration-test/target/test-dir/MiniOzoneClusterImpl-3ca4de4a-72c8-4c23-a990-0556c1b2e11a/datanode-3/data/ratis] (custom)
2022-11-24 06:38:37,426 [pool-141-thread-1] INFO  server.RaftServerConfigKeys (ConfUtils.java:logGet(46)) - raft.server.log.corruption.policy = EXCEPTION (default)
2022-11-24 06:38:37,426 [pool-141-thread-1] INFO  server.RaftServerConfigKeys (ConfUtils.java:logGet(46)) - raft.server.storage.free-space.min = 0MB (=0) (default)
2022-11-24 06:38:37,426 [pool-141-thread-1] INFO  server.RaftServerConfigKeys (ConfUtils.java:logGet(46)) - raft.server.notification.no-leader.timeout = 300s (custom)
2022-11-24 06:38:37,426 [pool-141-thread-1] INFO  server.RaftServerConfigKeys (ConfUtils.java:logGet(46)) - raft.server.retrycache.expirytime = 600000ms (custom)
2022-11-24 06:38:37,426 [pool-141-thread-1] INFO  server.RaftServerConfigKeys (ConfUtils.java:logGet(46)) - raft.server.retrycache.statistics.expirytime = 100μs (default)
2022-11-24 06:38:37,429 [pool-141-thread-1] INFO  server.RaftServerConfigKeys (ConfUtils.java:logGet(46)) - raft.server.log.appender.install.snapshot.enabled = false (custom)
2022-11-24 06:38:37,429 [pool-141-thread-1] INFO  server.RaftServerConfigKeys (ConfUtils.java:logGet(46)) - raft.server.threadpool.server.cached = true (default)
2022-11-24 06:38:37,430 [pool-141-thread-1] INFO  server.RaftServerConfigKeys (ConfUtils.java:logGet(46)) - raft.server.threadpool.server.size = 0 (default)
2022-11-24 06:38:37,430 [pool-141-thread-1] INFO  server.RaftServerConfigKeys (ConfUtils.java:logGet(46)) - raft.server.threadpool.client.cached = true (default)
2022-11-24 06:38:37,430 [pool-141-thread-1] INFO  server.RaftServerConfigKeys (ConfUtils.java:logGet(46)) - raft.server.threadpool.client.size = 0 (default)
2022-11-24 06:38:37,430 [pool-141-thread-1] INFO  storage.RaftStorageDirectory (RaftStorageDirectoryImpl.java:analyzeStorage(137)) - The storage directory /home/runner/work/ozone/ozone/hadoop-ozone/integration-test/target/test-dir/MiniOzoneClusterImpl-3ca4de4a-72c8-4c23-a990-0556c1b2e11a/datanode-3/data/ratis/7386cf82-caa5-47e8-b798-f0f0b9d819ad does not exist. Creating ...
2022-11-24 06:38:37,431 [pool-141-thread-1] INFO  storage.RaftStorageDirectory (RaftStorageDirectoryImpl.java:tryLock(231)) - Lock on /home/runner/work/ozone/ozone/hadoop-ozone/integration-test/target/test-dir/MiniOzoneClusterImpl-3ca4de4a-72c8-4c23-a990-0556c1b2e11a/datanode-3/data/ratis/7386cf82-caa5-47e8-b798-f0f0b9d819ad/in_use.lock acquired by nodename 14982@fv-az453-211
2022-11-24 06:38:37,433 [pool-141-thread-1] INFO  storage.RaftStorage (RaftStorageImpl.java:format(96)) - Storage directory /home/runner/work/ozone/ozone/hadoop-ozone/integration-test/target/test-dir/MiniOzoneClusterImpl-3ca4de4a-72c8-4c23-a990-0556c1b2e11a/datanode-3/data/ratis/7386cf82-caa5-47e8-b798-f0f0b9d819ad has been successfully formatted.
2022-11-24 06:38:37,433 [pool-141-thread-1] INFO  ratis.ContainerStateMachine (ContainerStateMachine.java:loadSnapshot(236)) - group-F0F0B9D819AD: The snapshot info is null. Setting the last applied indexto:(t:0, i:~)
2022-11-24 06:38:37,434 [pool-141-thread-1] INFO  server.RaftServerConfigKeys (ConfUtils.java:logGet(46)) - raft.server.log.use.memory = false (default)
2022-11-24 06:38:37,434 [pool-141-thread-1] INFO  server.RaftServerConfigKeys (ConfUtils.java:logGet(46)) - raft.server.log.purge.gap = 1000000 (custom)
2022-11-24 06:38:37,434 [pool-141-thread-1] INFO  server.RaftServerConfigKeys (ConfUtils.java:logGet(46)) - raft.server.log.appender.buffer.byte-limit = 33554432 (custom)
2022-11-24 06:38:37,434 [pool-141-thread-1] INFO  server.RaftServerConfigKeys (ConfUtils.java:logGet(46)) - raft.server.log.statemachine.data.read.timeout = 1000ms (default)
2022-11-24 06:38:37,434 [pool-141-thread-1] INFO  server.RaftServerConfigKeys (ConfUtils.java:logGet(46)) - raft.server.log.purge.preservation.log.num = 0 (default)
2022-11-24 06:38:37,434 [pool-141-thread-1] INFO  server.RaftServerConfigKeys (ConfUtils.java:logGet(46)) - raft.server.log.segment.size.max = 1048576 (custom)
2022-11-24 06:38:37,435 [EventQueue-PipelineReportForPipelineReportHandler] INFO  pipeline.PipelineManagerImpl (PipelineManagerImpl.java:openPipeline(367)) - Pipeline Pipeline[ Id: 7386cf82-caa5-47e8-b798-f0f0b9d819ad, Nodes: db462c09-4a41-41c4-b065-df9d46fc3c08{ip: 10.1.1.33, host: fv-az453-211.hss2zji4abbufegd5wcf2so25h.dx.internal.cloudapp.net, ports: [REPLICATION=44501, RATIS=45705, RATIS_ADMIN=45705, RATIS_SERVER=45705, STANDALONE=35325], networkLocation: /default-rack, certSerialId: null, persistedOpState: IN_SERVICE, persistedOpStateExpiryEpochSec: 0}, ReplicationConfig: RATIS/ONE, State:ALLOCATED, leaderId:db462c09-4a41-41c4-b065-df9d46fc3c08, CreationTimestamp2022-11-24T06:38:34.421Z[Etc/UTC]] moved to OPEN state
2022-11-24 06:38:37,436 [EventQueue-OpenPipelineForHealthyPipelineSafeModeRule] INFO  safemode.SCMSafeModeManager (HealthyPipelineSafeModeRule.java:process(137)) - SCM in safe mode. Healthy pipelines reported count is 0, required healthy pipeline reported count is 1
2022-11-24 06:38:37,437 [pool-141-thread-1] INFO  server.RaftServerConfigKeys (ConfUtils.java:logGet(46)) - raft.server.log.segment.cache.num.max = 2 (custom)
2022-11-24 06:38:37,438 [pool-141-thread-1] INFO  server.RaftServerConfigKeys (ConfUtils.java:logGet(46)) - raft.server.log.segment.cache.size.max = 200MB (=209715200) (default)
2022-11-24 06:38:37,438 [pool-141-thread-1] INFO  segmented.SegmentedRaftLogWorker (SegmentedRaftLogWorker.java:<init>(191)) - new db462c09-4a41-41c4-b065-df9d46fc3c08@group-F0F0B9D819AD-SegmentedRaftLogWorker for RaftStorageImpl:Storage Directory /home/runner/work/ozone/ozone/hadoop-ozone/integration-test/target/test-dir/MiniOzoneClusterImpl-3ca4de4a-72c8-4c23-a990-0556c1b2e11a/datanode-3/data/ratis/7386cf82-caa5-47e8-b798-f0f0b9d819ad
2022-11-24 06:38:37,438 [pool-141-thread-1] INFO  server.RaftServerConfigKeys (ConfUtils.java:logGet(46)) - raft.server.log.queue.byte-limit = 4294967296 (custom)
2022-11-24 06:38:37,438 [pool-141-thread-1] INFO  server.RaftServerConfigKeys (ConfUtils.java:logGet(46)) - raft.server.log.queue.element-limit = 1024 (custom)
2022-11-24 06:38:37,438 [pool-141-thread-1] INFO  server.RaftServerConfigKeys (ConfUtils.java:logGet(46)) - raft.server.log.segment.size.max = 1048576 (custom)
2022-11-24 06:38:37,438 [pool-141-thread-1] INFO  server.RaftServerConfigKeys (ConfUtils.java:logGet(46)) - raft.server.log.preallocated.size = 16384 (custom)
2022-11-24 06:38:37,438 [pool-141-thread-1] INFO  server.RaftServerConfigKeys (ConfUtils.java:logGet(46)) - raft.server.log.force.sync.num = 128 (default)
2022-11-24 06:38:37,439 [pool-141-thread-1] INFO  server.RaftServerConfigKeys (ConfUtils.java:logGet(46)) - raft.server.log.statemachine.data.sync = true (default)
2022-11-24 06:38:37,439 [pool-141-thread-1] INFO  server.RaftServerConfigKeys (ConfUtils.java:logGet(46)) - raft.server.log.statemachine.data.sync.timeout = 10s (default)
2022-11-24 06:38:37,439 [pool-141-thread-1] INFO  server.RaftServerConfigKeys (ConfUtils.java:logGet(46)) - raft.server.log.statemachine.data.sync.timeout.retry = -1 (default)
2022-11-24 06:38:37,440 [pool-141-thread-1] INFO  server.RaftServerConfigKeys (ConfUtils.java:logGet(46)) - raft.server.log.write.buffer.size = 1048576 (custom)
2022-11-24 06:38:37,441 [pool-141-thread-1] INFO  server.RaftServerConfigKeys (ConfUtils.java:logGet(46)) - raft.server.log.unsafe-flush.enabled = false (default)
2022-11-24 06:38:37,441 [pool-141-thread-1] INFO  server.RaftServerConfigKeys (ConfUtils.java:logGet(46)) - raft.server.log.async-flush.enabled = false (default)
2022-11-24 06:38:37,441 [pool-141-thread-1] INFO  server.RaftServerConfigKeys (ConfUtils.java:logGet(46)) - raft.server.log.statemachine.data.caching.enabled = true (custom)
2022-11-24 06:38:37,441 [pool-141-thread-1] INFO  segmented.SegmentedRaftLogWorker (SegmentedRaftLogWorker.java:lambda$new$0(136)) - db462c09-4a41-41c4-b065-df9d46fc3c08@group-F0F0B9D819AD-SegmentedRaftLogWorker: flushIndex: setUnconditionally 0 -> -1
2022-11-24 06:38:37,441 [pool-141-thread-1] INFO  segmented.SegmentedRaftLogWorker (SegmentedRaftLogWorker.java:lambda$new$0(136)) - db462c09-4a41-41c4-b065-df9d46fc3c08@group-F0F0B9D819AD-SegmentedRaftLogWorker: safeCacheEvictIndex: setUnconditionally 0 -> -1
2022-11-24 06:38:37,442 [pool-141-thread-1] INFO  server.RaftServer$Division (RaftServerImpl.java:start(334)) - db462c09-4a41-41c4-b065-df9d46fc3c08@group-F0F0B9D819AD: start as a follower, conf=-1: peers:[db462c09-4a41-41c4-b065-df9d46fc3c08|rpc:10.1.1.33:45705|priority:1|startupRole:FOLLOWER]|listeners:[], old=null
2022-11-24 06:38:37,442 [pool-141-thread-1] INFO  server.RaftServer$Division (RaftServerImpl.java:setRole(321)) - db462c09-4a41-41c4-b065-df9d46fc3c08@group-F0F0B9D819AD: changes role from      null to FOLLOWER at term 0 for startAsFollower
2022-11-24 06:38:37,442 [pool-141-thread-1] INFO  impl.RoleInfo (RoleInfo.java:updateAndGet(139)) - db462c09-4a41-41c4-b065-df9d46fc3c08: start db462c09-4a41-41c4-b065-df9d46fc3c08@group-F0F0B9D819AD-FollowerState
2022-11-24 06:38:37,442 [pool-141-thread-1] INFO  util.JmxRegister (JmxRegister.java:tryRegister(44)) - Successfully registered JMX Bean with object name Ratis:service=RaftServer,group=group-F0F0B9D819AD,id=db462c09-4a41-41c4-b065-df9d46fc3c08
2022-11-24 06:38:37,442 [pool-141-thread-1] INFO  server.RaftServerConfigKeys (ConfUtils.java:logGet(46)) - raft.server.snapshot.auto.trigger.enabled = true (custom)
2022-11-24 06:38:37,443 [pool-141-thread-1] INFO  server.RaftServerConfigKeys (ConfUtils.java:logGet(46)) - raft.server.snapshot.auto.trigger.threshold = 10000 (custom)
2022-11-24 06:38:37,443 [pool-141-thread-1] INFO  server.RaftServerConfigKeys (ConfUtils.java:logGet(46)) - raft.server.snapshot.retention.file.num = 5 (custom)
2022-11-24 06:38:37,443 [pool-141-thread-1] INFO  server.RaftServerConfigKeys (ConfUtils.java:logGet(46)) - raft.server.log.purge.upto.snapshot.index = false (default)
2022-11-24 06:38:37,444 [db462c09-4a41-41c4-b065-df9d46fc3c08@group-F0F0B9D819AD-FollowerState] INFO  server.RaftServerConfigKeys (ConfUtils.java:logFallback(53)) - raft.server.rpc.first-election.timeout.min = 5s (fallback to raft.server.rpc.timeout.min)
2022-11-24 06:38:37,444 [db462c09-4a41-41c4-b065-df9d46fc3c08@group-F0F0B9D819AD-FollowerState] INFO  server.RaftServerConfigKeys (ConfUtils.java:logFallback(53)) - raft.server.rpc.first-election.timeout.max = 5200ms (fallback to raft.server.rpc.timeout.max)
2022-11-24 06:38:37,445 [Command processor thread] INFO  ratis.XceiverServerRatis (XceiverServerRatis.java:addGroup(765)) - Created group PipelineID=7386cf82-caa5-47e8-b798-f0f0b9d819ad
2022-11-24 06:38:37,446 [Command processor thread] INFO  commandhandler.CreatePipelineCommandHandler (CreatePipelineCommandHandler.java:handle(113)) - Created Pipeline RATIS ONE PipelineID=7386cf82-caa5-47e8-b798-f0f0b9d819ad.
2022-11-24 06:38:37,446 [Command processor thread] INFO  server.RaftServer (RaftServerProxy.java:addNew(96)) - db462c09-4a41-41c4-b065-df9d46fc3c08: addNew group-386A04BC3586:[6fd96d8c-4ef2-4ba8-87f7-371671a16fe6|rpc:10.1.1.33:38311|priority:0|startupRole:FOLLOWER, db462c09-4a41-41c4-b065-df9d46fc3c08|rpc:10.1.1.33:45705|priority:0|startupRole:FOLLOWER, 2412583d-f0ce-4b83-96a1-c4f14f6f25ae|rpc:10.1.1.33:34367|priority:1|startupRole:FOLLOWER] returns group-386A04BC3586:java.util.concurrent.CompletableFuture@6ce254c0[Not completed]
2022-11-24 06:38:37,447 [pool-141-thread-1] INFO  server.RaftServer$Division (RaftServerImpl.java:<init>(195)) - db462c09-4a41-41c4-b065-df9d46fc3c08: new RaftServerImpl for group-386A04BC3586:[6fd96d8c-4ef2-4ba8-87f7-371671a16fe6|rpc:10.1.1.33:38311|priority:0|startupRole:FOLLOWER, db462c09-4a41-41c4-b065-df9d46fc3c08|rpc:10.1.1.33:45705|priority:0|startupRole:FOLLOWER, 2412583d-f0ce-4b83-96a1-c4f14f6f25ae|rpc:10.1.1.33:34367|priority:1|startupRole:FOLLOWER] with ContainerStateMachine:uninitialized
2022-11-24 06:38:37,447 [pool-141-thread-1] INFO  server.RaftServerConfigKeys (ConfUtils.java:logGet(46)) - raft.server.rpc.timeout.min = 5s (custom)
2022-11-24 06:38:37,447 [pool-141-thread-1] INFO  server.RaftServerConfigKeys (ConfUtils.java:logGet(46)) - raft.server.rpc.timeout.max = 5200ms (custom)
2022-11-24 06:38:37,448 [pool-141-thread-1] INFO  server.RaftServerConfigKeys (ConfUtils.java:logGet(46)) - raft.server.rpc.sleep.time = 25ms (default)
2022-11-24 06:38:37,448 [pool-141-thread-1] INFO  server.RaftServerConfigKeys (ConfUtils.java:logGet(46)) - raft.server.rpc.slowness.timeout = 300s (custom)
2022-11-24 06:38:37,448 [pool-141-thread-1] INFO  server.RaftServerConfigKeys (ConfUtils.java:logGet(46)) - raft.server.leaderelection.leader.step-down.wait-time = 10s (default)
2022-11-24 06:38:37,448 [pool-141-thread-1] INFO  server.RaftServerConfigKeys (ConfUtils.java:logGet(46)) - raft.server.sleep.deviation.threshold = 300ms (default)
2022-11-24 06:38:37,448 [pool-141-thread-1] INFO  server.RaftServer$Division (ServerState.java:<init>(118)) - db462c09-4a41-41c4-b065-df9d46fc3c08@group-386A04BC3586: ConfigurationManager, init=-1: peers:[6fd96d8c-4ef2-4ba8-87f7-371671a16fe6|rpc:10.1.1.33:38311|priority:0|startupRole:FOLLOWER, db462c09-4a41-41c4-b065-df9d46fc3c08|rpc:10.1.1.33:45705|priority:0|startupRole:FOLLOWER, 2412583d-f0ce-4b83-96a1-c4f14f6f25ae|rpc:10.1.1.33:34367|priority:1|startupRole:FOLLOWER]|listeners:[], old=null, confs=<EMPTY_MAP>
2022-11-24 06:38:37,448 [pool-141-thread-1] INFO  server.RaftServerConfigKeys (ConfUtils.java:logGet(46)) - raft.server.storage.dir = [/home/runner/work/ozone/ozone/hadoop-ozone/integration-test/target/test-dir/MiniOzoneClusterImpl-3ca4de4a-72c8-4c23-a990-0556c1b2e11a/datanode-3/data/ratis] (custom)
2022-11-24 06:38:37,448 [pool-141-thread-1] INFO  server.RaftServerConfigKeys (ConfUtils.java:logGet(46)) - raft.server.log.corruption.policy = EXCEPTION (default)
2022-11-24 06:38:37,448 [pool-141-thread-1] INFO  server.RaftServerConfigKeys (ConfUtils.java:logGet(46)) - raft.server.storage.free-space.min = 0MB (=0) (default)
2022-11-24 06:38:37,448 [pool-141-thread-1] INFO  server.RaftServerConfigKeys (ConfUtils.java:logGet(46)) - raft.server.notification.no-leader.timeout = 300s (custom)
2022-11-24 06:38:37,449 [pool-141-thread-1] INFO  server.RaftServerConfigKeys (ConfUtils.java:logGet(46)) - raft.server.retrycache.expirytime = 600000ms (custom)
2022-11-24 06:38:37,449 [pool-141-thread-1] INFO  server.RaftServerConfigKeys (ConfUtils.java:logGet(46)) - raft.server.retrycache.statistics.expirytime = 100μs (default)
2022-11-24 06:38:37,451 [pool-141-thread-1] INFO  server.RaftServerConfigKeys (ConfUtils.java:logGet(46)) - raft.server.log.appender.install.snapshot.enabled = false (custom)
2022-11-24 06:38:37,451 [pool-141-thread-1] INFO  server.RaftServerConfigKeys (ConfUtils.java:logGet(46)) - raft.server.threadpool.server.cached = true (default)
2022-11-24 06:38:37,451 [pool-141-thread-1] INFO  server.RaftServerConfigKeys (ConfUtils.java:logGet(46)) - raft.server.threadpool.server.size = 0 (default)
2022-11-24 06:38:37,451 [pool-141-thread-1] INFO  server.RaftServerConfigKeys (ConfUtils.java:logGet(46)) - raft.server.threadpool.client.cached = true (default)
2022-11-24 06:38:37,451 [pool-141-thread-1] INFO  server.RaftServerConfigKeys (ConfUtils.java:logGet(46)) - raft.server.threadpool.client.size = 0 (default)
2022-11-24 06:38:37,451 [pool-141-thread-1] INFO  storage.RaftStorageDirectory (RaftStorageDirectoryImpl.java:analyzeStorage(137)) - The storage directory /home/runner/work/ozone/ozone/hadoop-ozone/integration-test/target/test-dir/MiniOzoneClusterImpl-3ca4de4a-72c8-4c23-a990-0556c1b2e11a/datanode-3/data/ratis/6c1baca7-7371-4652-9c57-386a04bc3586 does not exist. Creating ...
2022-11-24 06:38:37,453 [pool-141-thread-1] INFO  storage.RaftStorageDirectory (RaftStorageDirectoryImpl.java:tryLock(231)) - Lock on /home/runner/work/ozone/ozone/hadoop-ozone/integration-test/target/test-dir/MiniOzoneClusterImpl-3ca4de4a-72c8-4c23-a990-0556c1b2e11a/datanode-3/data/ratis/6c1baca7-7371-4652-9c57-386a04bc3586/in_use.lock acquired by nodename 14982@fv-az453-211
2022-11-24 06:38:37,455 [pool-141-thread-1] INFO  storage.RaftStorage (RaftStorageImpl.java:format(96)) - Storage directory /home/runner/work/ozone/ozone/hadoop-ozone/integration-test/target/test-dir/MiniOzoneClusterImpl-3ca4de4a-72c8-4c23-a990-0556c1b2e11a/datanode-3/data/ratis/6c1baca7-7371-4652-9c57-386a04bc3586 has been successfully formatted.
2022-11-24 06:38:37,455 [pool-141-thread-1] INFO  ratis.ContainerStateMachine (ContainerStateMachine.java:loadSnapshot(236)) - group-386A04BC3586: The snapshot info is null. Setting the last applied indexto:(t:0, i:~)
2022-11-24 06:38:37,455 [pool-141-thread-1] INFO  server.RaftServerConfigKeys (ConfUtils.java:logGet(46)) - raft.server.log.use.memory = false (default)
2022-11-24 06:38:37,456 [pool-141-thread-1] INFO  server.RaftServerConfigKeys (ConfUtils.java:logGet(46)) - raft.server.log.purge.gap = 1000000 (custom)
2022-11-24 06:38:37,456 [pool-141-thread-1] INFO  server.RaftServerConfigKeys (ConfUtils.java:logGet(46)) - raft.server.log.appender.buffer.byte-limit = 33554432 (custom)
2022-11-24 06:38:37,456 [pool-141-thread-1] INFO  server.RaftServerConfigKeys (ConfUtils.java:logGet(46)) - raft.server.log.statemachine.data.read.timeout = 1000ms (default)
2022-11-24 06:38:37,456 [pool-141-thread-1] INFO  server.RaftServerConfigKeys (ConfUtils.java:logGet(46)) - raft.server.log.purge.preservation.log.num = 0 (default)
2022-11-24 06:38:37,457 [pool-141-thread-1] INFO  server.RaftServerConfigKeys (ConfUtils.java:logGet(46)) - raft.server.log.segment.size.max = 1048576 (custom)
2022-11-24 06:38:37,457 [pool-141-thread-1] INFO  server.RaftServerConfigKeys (ConfUtils.java:logGet(46)) - raft.server.log.segment.cache.num.max = 2 (custom)
2022-11-24 06:38:37,457 [pool-141-thread-1] INFO  server.RaftServerConfigKeys (ConfUtils.java:logGet(46)) - raft.server.log.segment.cache.size.max = 200MB (=209715200) (default)
2022-11-24 06:38:37,457 [pool-141-thread-1] INFO  segmented.SegmentedRaftLogWorker (SegmentedRaftLogWorker.java:<init>(191)) - new db462c09-4a41-41c4-b065-df9d46fc3c08@group-386A04BC3586-SegmentedRaftLogWorker for RaftStorageImpl:Storage Directory /home/runner/work/ozone/ozone/hadoop-ozone/integration-test/target/test-dir/MiniOzoneClusterImpl-3ca4de4a-72c8-4c23-a990-0556c1b2e11a/datanode-3/data/ratis/6c1baca7-7371-4652-9c57-386a04bc3586
2022-11-24 06:38:37,458 [pool-141-thread-1] INFO  server.RaftServerConfigKeys (ConfUtils.java:logGet(46)) - raft.server.log.queue.byte-limit = 4294967296 (custom)
2022-11-24 06:38:37,458 [pool-141-thread-1] INFO  server.RaftServerConfigKeys (ConfUtils.java:logGet(46)) - raft.server.log.queue.element-limit = 1024 (custom)
2022-11-24 06:38:37,458 [pool-141-thread-1] INFO  server.RaftServerConfigKeys (ConfUtils.java:logGet(46)) - raft.server.log.segment.size.max = 1048576 (custom)
2022-11-24 06:38:37,458 [pool-141-thread-1] INFO  server.RaftServerConfigKeys (ConfUtils.java:logGet(46)) - raft.server.log.preallocated.size = 16384 (custom)
2022-11-24 06:38:37,458 [pool-141-thread-1] INFO  server.RaftServerConfigKeys (ConfUtils.java:logGet(46)) - raft.server.log.force.sync.num = 128 (default)
2022-11-24 06:38:37,458 [EventQueue-OpenPipelineForHealthyPipelineSafeModeRule] INFO  safemode.SCMSafeModeManager (HealthyPipelineSafeModeRule.java:process(137)) - SCM in safe mode. Healthy pipelines reported count is 0, required healthy pipeline reported count is 1
2022-11-24 06:38:37,458 [pool-141-thread-1] INFO  server.RaftServerConfigKeys (ConfUtils.java:logGet(46)) - raft.server.log.statemachine.data.sync = true (default)
2022-11-24 06:38:37,460 [pool-141-thread-1] INFO  server.RaftServerConfigKeys (ConfUtils.java:logGet(46)) - raft.server.log.statemachine.data.sync.timeout = 10s (default)
2022-11-24 06:38:37,460 [pool-141-thread-1] INFO  server.RaftServerConfigKeys (ConfUtils.java:logGet(46)) - raft.server.log.statemachine.data.sync.timeout.retry = -1 (default)
2022-11-24 06:38:37,467 [pool-141-thread-1] INFO  server.RaftServerConfigKeys (ConfUtils.java:logGet(46)) - raft.server.log.write.buffer.size = 1048576 (custom)
2022-11-24 06:38:37,467 [pool-141-thread-1] INFO  server.RaftServerConfigKeys (ConfUtils.java:logGet(46)) - raft.server.log.unsafe-flush.enabled = false (default)
2022-11-24 06:38:37,467 [pool-141-thread-1] INFO  server.RaftServerConfigKeys (ConfUtils.java:logGet(46)) - raft.server.log.async-flush.enabled = false (default)
2022-11-24 06:38:37,468 [pool-141-thread-1] INFO  server.RaftServerConfigKeys (ConfUtils.java:logGet(46)) - raft.server.log.statemachine.data.caching.enabled = true (custom)
2022-11-24 06:38:37,468 [pool-141-thread-1] INFO  segmented.SegmentedRaftLogWorker (SegmentedRaftLogWorker.java:lambda$new$0(136)) - db462c09-4a41-41c4-b065-df9d46fc3c08@group-386A04BC3586-SegmentedRaftLogWorker: flushIndex: setUnconditionally 0 -> -1
2022-11-24 06:38:37,468 [pool-141-thread-1] INFO  segmented.SegmentedRaftLogWorker (SegmentedRaftLogWorker.java:lambda$new$0(136)) - db462c09-4a41-41c4-b065-df9d46fc3c08@group-386A04BC3586-SegmentedRaftLogWorker: safeCacheEvictIndex: setUnconditionally 0 -> -1
2022-11-24 06:38:37,478 [pool-141-thread-1] INFO  server.RaftServer$Division (RaftServerImpl.java:start(334)) - db462c09-4a41-41c4-b065-df9d46fc3c08@group-386A04BC3586: start as a follower, conf=-1: peers:[6fd96d8c-4ef2-4ba8-87f7-371671a16fe6|rpc:10.1.1.33:38311|priority:0|startupRole:FOLLOWER, db462c09-4a41-41c4-b065-df9d46fc3c08|rpc:10.1.1.33:45705|priority:0|startupRole:FOLLOWER, 2412583d-f0ce-4b83-96a1-c4f14f6f25ae|rpc:10.1.1.33:34367|priority:1|startupRole:FOLLOWER]|listeners:[], old=null
2022-11-24 06:38:37,479 [pool-141-thread-1] INFO  server.RaftServer$Division (RaftServerImpl.java:setRole(321)) - db462c09-4a41-41c4-b065-df9d46fc3c08@group-386A04BC3586: changes role from      null to FOLLOWER at term 0 for startAsFollower
2022-11-24 06:38:37,479 [pool-141-thread-1] INFO  impl.RoleInfo (RoleInfo.java:updateAndGet(139)) - db462c09-4a41-41c4-b065-df9d46fc3c08: start db462c09-4a41-41c4-b065-df9d46fc3c08@group-386A04BC3586-FollowerState
2022-11-24 06:38:37,482 [pool-141-thread-1] INFO  util.JmxRegister (JmxRegister.java:tryRegister(44)) - Successfully registered JMX Bean with object name Ratis:service=RaftServer,group=group-386A04BC3586,id=db462c09-4a41-41c4-b065-df9d46fc3c08
2022-11-24 06:38:37,483 [pool-141-thread-1] INFO  server.RaftServerConfigKeys (ConfUtils.java:logGet(46)) - raft.server.snapshot.auto.trigger.enabled = true (custom)
2022-11-24 06:38:37,483 [pool-141-thread-1] INFO  server.RaftServerConfigKeys (ConfUtils.java:logGet(46)) - raft.server.snapshot.auto.trigger.threshold = 10000 (custom)
2022-11-24 06:38:37,483 [pool-141-thread-1] INFO  server.RaftServerConfigKeys (ConfUtils.java:logGet(46)) - raft.server.snapshot.retention.file.num = 5 (custom)
2022-11-24 06:38:37,483 [pool-141-thread-1] INFO  server.RaftServerConfigKeys (ConfUtils.java:logGet(46)) - raft.server.log.purge.upto.snapshot.index = false (default)
2022-11-24 06:38:37,484 [db462c09-4a41-41c4-b065-df9d46fc3c08@group-386A04BC3586-FollowerState] INFO  server.RaftServerConfigKeys (ConfUtils.java:logFallback(53)) - raft.server.rpc.first-election.timeout.min = 5s (fallback to raft.server.rpc.timeout.min)
2022-11-24 06:38:37,484 [db462c09-4a41-41c4-b065-df9d46fc3c08@group-386A04BC3586-FollowerState] INFO  server.RaftServerConfigKeys (ConfUtils.java:logFallback(53)) - raft.server.rpc.first-election.timeout.max = 5200ms (fallback to raft.server.rpc.timeout.max)
2022-11-24 06:38:37,486 [Command processor thread] INFO  ratis.XceiverServerRatis (XceiverServerRatis.java:addGroup(765)) - Created group PipelineID=6c1baca7-7371-4652-9c57-386a04bc3586
2022-11-24 06:38:37,509 [grpc-default-executor-1] INFO  server.RaftServer (RaftServerProxy.java:addNew(96)) - 6fd96d8c-4ef2-4ba8-87f7-371671a16fe6: addNew group-386A04BC3586:[6fd96d8c-4ef2-4ba8-87f7-371671a16fe6|rpc:10.1.1.33:38311|dataStream:|priority:0|startupRole:FOLLOWER, db462c09-4a41-41c4-b065-df9d46fc3c08|rpc:10.1.1.33:45705|dataStream:|priority:0|startupRole:FOLLOWER, 2412583d-f0ce-4b83-96a1-c4f14f6f25ae|rpc:10.1.1.33:34367|dataStream:|priority:1|startupRole:FOLLOWER] returns group-386A04BC3586:java.util.concurrent.CompletableFuture@6c4a096[Not completed]
2022-11-24 06:38:37,513 [pool-187-thread-1] INFO  server.RaftServer$Division (RaftServerImpl.java:<init>(195)) - 6fd96d8c-4ef2-4ba8-87f7-371671a16fe6: new RaftServerImpl for group-386A04BC3586:[6fd96d8c-4ef2-4ba8-87f7-371671a16fe6|rpc:10.1.1.33:38311|dataStream:|priority:0|startupRole:FOLLOWER, db462c09-4a41-41c4-b065-df9d46fc3c08|rpc:10.1.1.33:45705|dataStream:|priority:0|startupRole:FOLLOWER, 2412583d-f0ce-4b83-96a1-c4f14f6f25ae|rpc:10.1.1.33:34367|dataStream:|priority:1|startupRole:FOLLOWER] with ContainerStateMachine:uninitialized
2022-11-24 06:38:37,514 [pool-187-thread-1] INFO  server.RaftServerConfigKeys (ConfUtils.java:logGet(46)) - raft.server.rpc.timeout.min = 5s (custom)
2022-11-24 06:38:37,514 [pool-187-thread-1] INFO  server.RaftServerConfigKeys (ConfUtils.java:logGet(46)) - raft.server.rpc.timeout.max = 5200ms (custom)
2022-11-24 06:38:37,516 [pool-187-thread-1] INFO  server.RaftServerConfigKeys (ConfUtils.java:logGet(46)) - raft.server.rpc.sleep.time = 25ms (default)
2022-11-24 06:38:37,516 [pool-187-thread-1] INFO  server.RaftServerConfigKeys (ConfUtils.java:logGet(46)) - raft.server.rpc.slowness.timeout = 300s (custom)
2022-11-24 06:38:37,516 [pool-187-thread-1] INFO  server.RaftServerConfigKeys (ConfUtils.java:logGet(46)) - raft.server.leaderelection.leader.step-down.wait-time = 10s (default)
2022-11-24 06:38:37,517 [pool-187-thread-1] INFO  server.RaftServerConfigKeys (ConfUtils.java:logGet(46)) - raft.server.sleep.deviation.threshold = 300ms (default)
2022-11-24 06:38:37,517 [pool-187-thread-1] INFO  server.RaftServer$Division (ServerState.java:<init>(118)) - 6fd96d8c-4ef2-4ba8-87f7-371671a16fe6@group-386A04BC3586: ConfigurationManager, init=-1: peers:[6fd96d8c-4ef2-4ba8-87f7-371671a16fe6|rpc:10.1.1.33:38311|dataStream:|priority:0|startupRole:FOLLOWER, db462c09-4a41-41c4-b065-df9d46fc3c08|rpc:10.1.1.33:45705|dataStream:|priority:0|startupRole:FOLLOWER, 2412583d-f0ce-4b83-96a1-c4f14f6f25ae|rpc:10.1.1.33:34367|dataStream:|priority:1|startupRole:FOLLOWER]|listeners:[], old=null, confs=<EMPTY_MAP>
2022-11-24 06:38:37,517 [pool-187-thread-1] INFO  server.RaftServerConfigKeys (ConfUtils.java:logGet(46)) - raft.server.storage.dir = [/home/runner/work/ozone/ozone/hadoop-ozone/integration-test/target/test-dir/MiniOzoneClusterImpl-3ca4de4a-72c8-4c23-a990-0556c1b2e11a/datanode-5/data/ratis] (custom)
2022-11-24 06:38:37,517 [pool-187-thread-1] INFO  server.RaftServerConfigKeys (ConfUtils.java:logGet(46)) - raft.server.log.corruption.policy = EXCEPTION (default)
2022-11-24 06:38:37,517 [pool-187-thread-1] INFO  server.RaftServerConfigKeys (ConfUtils.java:logGet(46)) - raft.server.storage.free-space.min = 0MB (=0) (default)
2022-11-24 06:38:37,517 [pool-187-thread-1] INFO  server.RaftServerConfigKeys (ConfUtils.java:logGet(46)) - raft.server.notification.no-leader.timeout = 300s (custom)
2022-11-24 06:38:37,518 [pool-187-thread-1] INFO  server.RaftServerConfigKeys (ConfUtils.java:logGet(46)) - raft.server.retrycache.expirytime = 600000ms (custom)
2022-11-24 06:38:37,519 [pool-187-thread-1] INFO  server.RaftServerConfigKeys (ConfUtils.java:logGet(46)) - raft.server.retrycache.statistics.expirytime = 100μs (default)
2022-11-24 06:38:37,524 [pool-187-thread-1] INFO  server.RaftServerConfigKeys (ConfUtils.java:logGet(46)) - raft.server.log.appender.install.snapshot.enabled = false (custom)
2022-11-24 06:38:37,524 [pool-187-thread-1] INFO  server.RaftServerConfigKeys (ConfUtils.java:logGet(46)) - raft.server.threadpool.server.cached = true (default)
2022-11-24 06:38:37,524 [pool-187-thread-1] INFO  server.RaftServerConfigKeys (ConfUtils.java:logGet(46)) - raft.server.threadpool.server.size = 0 (default)
2022-11-24 06:38:37,524 [pool-187-thread-1] INFO  server.RaftServerConfigKeys (ConfUtils.java:logGet(46)) - raft.server.threadpool.client.cached = true (default)
2022-11-24 06:38:37,524 [pool-187-thread-1] INFO  server.RaftServerConfigKeys (ConfUtils.java:logGet(46)) - raft.server.threadpool.client.size = 0 (default)
2022-11-24 06:38:37,524 [pool-187-thread-1] INFO  storage.RaftStorageDirectory (RaftStorageDirectoryImpl.java:analyzeStorage(137)) - The storage directory /home/runner/work/ozone/ozone/hadoop-ozone/integration-test/target/test-dir/MiniOzoneClusterImpl-3ca4de4a-72c8-4c23-a990-0556c1b2e11a/datanode-5/data/ratis/6c1baca7-7371-4652-9c57-386a04bc3586 does not exist. Creating ...
2022-11-24 06:38:37,526 [pool-187-thread-1] INFO  storage.RaftStorageDirectory (RaftStorageDirectoryImpl.java:tryLock(231)) - Lock on /home/runner/work/ozone/ozone/hadoop-ozone/integration-test/target/test-dir/MiniOzoneClusterImpl-3ca4de4a-72c8-4c23-a990-0556c1b2e11a/datanode-5/data/ratis/6c1baca7-7371-4652-9c57-386a04bc3586/in_use.lock acquired by nodename 14982@fv-az453-211
2022-11-24 06:38:37,528 [pool-187-thread-1] INFO  storage.RaftStorage (RaftStorageImpl.java:format(96)) - Storage directory /home/runner/work/ozone/ozone/hadoop-ozone/integration-test/target/test-dir/MiniOzoneClusterImpl-3ca4de4a-72c8-4c23-a990-0556c1b2e11a/datanode-5/data/ratis/6c1baca7-7371-4652-9c57-386a04bc3586 has been successfully formatted.
2022-11-24 06:38:37,531 [pool-187-thread-1] INFO  ratis.ContainerStateMachine (ContainerStateMachine.java:loadSnapshot(236)) - group-386A04BC3586: The snapshot info is null. Setting the last applied indexto:(t:0, i:~)
2022-11-24 06:38:37,531 [pool-187-thread-1] INFO  server.RaftServerConfigKeys (ConfUtils.java:logGet(46)) - raft.server.log.use.memory = false (default)
2022-11-24 06:38:37,531 [pool-187-thread-1] INFO  server.RaftServerConfigKeys (ConfUtils.java:logGet(46)) - raft.server.log.purge.gap = 1000000 (custom)
2022-11-24 06:38:37,531 [pool-187-thread-1] INFO  server.RaftServerConfigKeys (ConfUtils.java:logGet(46)) - raft.server.log.appender.buffer.byte-limit = 33554432 (custom)
2022-11-24 06:38:37,531 [pool-187-thread-1] INFO  server.RaftServerConfigKeys (ConfUtils.java:logGet(46)) - raft.server.log.statemachine.data.read.timeout = 1000ms (default)
2022-11-24 06:38:37,531 [pool-187-thread-1] INFO  server.RaftServerConfigKeys (ConfUtils.java:logGet(46)) - raft.server.log.purge.preservation.log.num = 0 (default)
2022-11-24 06:38:37,532 [pool-187-thread-1] INFO  server.RaftServerConfigKeys (ConfUtils.java:logGet(46)) - raft.server.log.segment.size.max = 1048576 (custom)
2022-11-24 06:38:37,532 [pool-187-thread-1] INFO  server.RaftServerConfigKeys (ConfUtils.java:logGet(46)) - raft.server.log.segment.cache.num.max = 2 (custom)
2022-11-24 06:38:37,532 [pool-187-thread-1] INFO  server.RaftServerConfigKeys (ConfUtils.java:logGet(46)) - raft.server.log.segment.cache.size.max = 200MB (=209715200) (default)
2022-11-24 06:38:37,532 [pool-187-thread-1] INFO  segmented.SegmentedRaftLogWorker (SegmentedRaftLogWorker.java:<init>(191)) - new 6fd96d8c-4ef2-4ba8-87f7-371671a16fe6@group-386A04BC3586-SegmentedRaftLogWorker for RaftStorageImpl:Storage Directory /home/runner/work/ozone/ozone/hadoop-ozone/integration-test/target/test-dir/MiniOzoneClusterImpl-3ca4de4a-72c8-4c23-a990-0556c1b2e11a/datanode-5/data/ratis/6c1baca7-7371-4652-9c57-386a04bc3586
2022-11-24 06:38:37,532 [pool-187-thread-1] INFO  server.RaftServerConfigKeys (ConfUtils.java:logGet(46)) - raft.server.log.queue.byte-limit = 4294967296 (custom)
2022-11-24 06:38:37,533 [pool-187-thread-1] INFO  server.RaftServerConfigKeys (ConfUtils.java:logGet(46)) - raft.server.log.queue.element-limit = 1024 (custom)
2022-11-24 06:38:37,533 [pool-187-thread-1] INFO  server.RaftServerConfigKeys (ConfUtils.java:logGet(46)) - raft.server.log.segment.size.max = 1048576 (custom)
2022-11-24 06:38:37,533 [pool-187-thread-1] INFO  server.RaftServerConfigKeys (ConfUtils.java:logGet(46)) - raft.server.log.preallocated.size = 16384 (custom)
2022-11-24 06:38:37,533 [pool-187-thread-1] INFO  server.RaftServerConfigKeys (ConfUtils.java:logGet(46)) - raft.server.log.force.sync.num = 128 (default)
2022-11-24 06:38:37,533 [pool-187-thread-1] INFO  server.RaftServerConfigKeys (ConfUtils.java:logGet(46)) - raft.server.log.statemachine.data.sync = true (default)
2022-11-24 06:38:37,533 [pool-187-thread-1] INFO  server.RaftServerConfigKeys (ConfUtils.java:logGet(46)) - raft.server.log.statemachine.data.sync.timeout = 10s (default)
2022-11-24 06:38:37,533 [pool-187-thread-1] INFO  server.RaftServerConfigKeys (ConfUtils.java:logGet(46)) - raft.server.log.statemachine.data.sync.timeout.retry = -1 (default)
2022-11-24 06:38:37,534 [pool-187-thread-1] INFO  server.RaftServerConfigKeys (ConfUtils.java:logGet(46)) - raft.server.log.write.buffer.size = 1048576 (custom)
2022-11-24 06:38:37,535 [pool-187-thread-1] INFO  server.RaftServerConfigKeys (ConfUtils.java:logGet(46)) - raft.server.log.unsafe-flush.enabled = false (default)
2022-11-24 06:38:37,535 [pool-187-thread-1] INFO  server.RaftServerConfigKeys (ConfUtils.java:logGet(46)) - raft.server.log.async-flush.enabled = false (default)
2022-11-24 06:38:37,535 [pool-187-thread-1] INFO  server.RaftServerConfigKeys (ConfUtils.java:logGet(46)) - raft.server.log.statemachine.data.caching.enabled = true (custom)
2022-11-24 06:38:37,535 [pool-187-thread-1] INFO  segmented.SegmentedRaftLogWorker (SegmentedRaftLogWorker.java:lambda$new$0(136)) - 6fd96d8c-4ef2-4ba8-87f7-371671a16fe6@group-386A04BC3586-SegmentedRaftLogWorker: flushIndex: setUnconditionally 0 -> -1
2022-11-24 06:38:37,535 [pool-187-thread-1] INFO  segmented.SegmentedRaftLogWorker (SegmentedRaftLogWorker.java:lambda$new$0(136)) - 6fd96d8c-4ef2-4ba8-87f7-371671a16fe6@group-386A04BC3586-SegmentedRaftLogWorker: safeCacheEvictIndex: setUnconditionally 0 -> -1
2022-11-24 06:38:37,536 [pool-187-thread-1] INFO  server.RaftServer$Division (RaftServerImpl.java:start(334)) - 6fd96d8c-4ef2-4ba8-87f7-371671a16fe6@group-386A04BC3586: start as a follower, conf=-1: peers:[6fd96d8c-4ef2-4ba8-87f7-371671a16fe6|rpc:10.1.1.33:38311|dataStream:|priority:0|startupRole:FOLLOWER, db462c09-4a41-41c4-b065-df9d46fc3c08|rpc:10.1.1.33:45705|dataStream:|priority:0|startupRole:FOLLOWER, 2412583d-f0ce-4b83-96a1-c4f14f6f25ae|rpc:10.1.1.33:34367|dataStream:|priority:1|startupRole:FOLLOWER]|listeners:[], old=null
2022-11-24 06:38:37,536 [pool-187-thread-1] INFO  server.RaftServer$Division (RaftServerImpl.java:setRole(321)) - 6fd96d8c-4ef2-4ba8-87f7-371671a16fe6@group-386A04BC3586: changes role from      null to FOLLOWER at term 0 for startAsFollower
2022-11-24 06:38:37,536 [pool-187-thread-1] INFO  impl.RoleInfo (RoleInfo.java:updateAndGet(139)) - 6fd96d8c-4ef2-4ba8-87f7-371671a16fe6: start 6fd96d8c-4ef2-4ba8-87f7-371671a16fe6@group-386A04BC3586-FollowerState
2022-11-24 06:38:37,536 [pool-187-thread-1] INFO  util.JmxRegister (JmxRegister.java:tryRegister(44)) - Successfully registered JMX Bean with object name Ratis:service=RaftServer,group=group-386A04BC3586,id=6fd96d8c-4ef2-4ba8-87f7-371671a16fe6
2022-11-24 06:38:37,536 [pool-187-thread-1] INFO  server.RaftServerConfigKeys (ConfUtils.java:logGet(46)) - raft.server.snapshot.auto.trigger.enabled = true (custom)
2022-11-24 06:38:37,536 [pool-187-thread-1] INFO  server.RaftServerConfigKeys (ConfUtils.java:logGet(46)) - raft.server.snapshot.auto.trigger.threshold = 10000 (custom)
2022-11-24 06:38:37,536 [pool-187-thread-1] INFO  server.RaftServerConfigKeys (ConfUtils.java:logGet(46)) - raft.server.snapshot.retention.file.num = 5 (custom)
2022-11-24 06:38:37,536 [pool-187-thread-1] INFO  server.RaftServerConfigKeys (ConfUtils.java:logGet(46)) - raft.server.log.purge.upto.snapshot.index = false (default)
2022-11-24 06:38:37,537 [6fd96d8c-4ef2-4ba8-87f7-371671a16fe6@group-386A04BC3586-FollowerState] INFO  server.RaftServerConfigKeys (ConfUtils.java:logFallback(53)) - raft.server.rpc.first-election.timeout.min = 5s (fallback to raft.server.rpc.timeout.min)
2022-11-24 06:38:37,545 [6fd96d8c-4ef2-4ba8-87f7-371671a16fe6@group-386A04BC3586-FollowerState] INFO  server.RaftServerConfigKeys (ConfUtils.java:logFallback(53)) - raft.server.rpc.first-election.timeout.max = 5200ms (fallback to raft.server.rpc.timeout.max)
2022-11-24 06:38:37,579 [grpc-default-executor-1] INFO  server.RaftServer (RaftServerProxy.java:addNew(96)) - 2412583d-f0ce-4b83-96a1-c4f14f6f25ae: addNew group-386A04BC3586:[6fd96d8c-4ef2-4ba8-87f7-371671a16fe6|rpc:10.1.1.33:38311|dataStream:|priority:0|startupRole:FOLLOWER, db462c09-4a41-41c4-b065-df9d46fc3c08|rpc:10.1.1.33:45705|dataStream:|priority:0|startupRole:FOLLOWER, 2412583d-f0ce-4b83-96a1-c4f14f6f25ae|rpc:10.1.1.33:34367|dataStream:|priority:1|startupRole:FOLLOWER] returns group-386A04BC3586:java.util.concurrent.CompletableFuture@6ef70a82[Not completed]
2022-11-24 06:38:37,581 [pool-164-thread-1] INFO  server.RaftServer$Division (RaftServerImpl.java:<init>(195)) - 2412583d-f0ce-4b83-96a1-c4f14f6f25ae: new RaftServerImpl for group-386A04BC3586:[6fd96d8c-4ef2-4ba8-87f7-371671a16fe6|rpc:10.1.1.33:38311|dataStream:|priority:0|startupRole:FOLLOWER, db462c09-4a41-41c4-b065-df9d46fc3c08|rpc:10.1.1.33:45705|dataStream:|priority:0|startupRole:FOLLOWER, 2412583d-f0ce-4b83-96a1-c4f14f6f25ae|rpc:10.1.1.33:34367|dataStream:|priority:1|startupRole:FOLLOWER] with ContainerStateMachine:uninitialized
2022-11-24 06:38:37,581 [pool-164-thread-1] INFO  server.RaftServerConfigKeys (ConfUtils.java:logGet(46)) - raft.server.rpc.timeout.min = 5s (custom)
2022-11-24 06:38:37,581 [pool-164-thread-1] INFO  server.RaftServerConfigKeys (ConfUtils.java:logGet(46)) - raft.server.rpc.timeout.max = 5200ms (custom)
2022-11-24 06:38:37,581 [pool-164-thread-1] INFO  server.RaftServerConfigKeys (ConfUtils.java:logGet(46)) - raft.server.rpc.sleep.time = 25ms (default)
2022-11-24 06:38:37,582 [pool-164-thread-1] INFO  server.RaftServerConfigKeys (ConfUtils.java:logGet(46)) - raft.server.rpc.slowness.timeout = 300s (custom)
2022-11-24 06:38:37,582 [pool-164-thread-1] INFO  server.RaftServerConfigKeys (ConfUtils.java:logGet(46)) - raft.server.leaderelection.leader.step-down.wait-time = 10s (default)
2022-11-24 06:38:37,582 [pool-164-thread-1] INFO  server.RaftServerConfigKeys (ConfUtils.java:logGet(46)) - raft.server.sleep.deviation.threshold = 300ms (default)
2022-11-24 06:38:37,582 [pool-164-thread-1] INFO  server.RaftServer$Division (ServerState.java:<init>(118)) - 2412583d-f0ce-4b83-96a1-c4f14f6f25ae@group-386A04BC3586: ConfigurationManager, init=-1: peers:[6fd96d8c-4ef2-4ba8-87f7-371671a16fe6|rpc:10.1.1.33:38311|dataStream:|priority:0|startupRole:FOLLOWER, db462c09-4a41-41c4-b065-df9d46fc3c08|rpc:10.1.1.33:45705|dataStream:|priority:0|startupRole:FOLLOWER, 2412583d-f0ce-4b83-96a1-c4f14f6f25ae|rpc:10.1.1.33:34367|dataStream:|priority:1|startupRole:FOLLOWER]|listeners:[], old=null, confs=<EMPTY_MAP>
2022-11-24 06:38:37,582 [pool-164-thread-1] INFO  server.RaftServerConfigKeys (ConfUtils.java:logGet(46)) - raft.server.storage.dir = [/home/runner/work/ozone/ozone/hadoop-ozone/integration-test/target/test-dir/MiniOzoneClusterImpl-3ca4de4a-72c8-4c23-a990-0556c1b2e11a/datanode-4/data/ratis] (custom)
2022-11-24 06:38:37,582 [pool-164-thread-1] INFO  server.RaftServerConfigKeys (ConfUtils.java:logGet(46)) - raft.server.log.corruption.policy = EXCEPTION (default)
2022-11-24 06:38:37,582 [pool-164-thread-1] INFO  server.RaftServerConfigKeys (ConfUtils.java:logGet(46)) - raft.server.storage.free-space.min = 0MB (=0) (default)
2022-11-24 06:38:37,582 [pool-164-thread-1] INFO  server.RaftServerConfigKeys (ConfUtils.java:logGet(46)) - raft.server.notification.no-leader.timeout = 300s (custom)
2022-11-24 06:38:37,583 [pool-164-thread-1] INFO  server.RaftServerConfigKeys (ConfUtils.java:logGet(46)) - raft.server.retrycache.expirytime = 600000ms (custom)
2022-11-24 06:38:37,583 [pool-164-thread-1] INFO  server.RaftServerConfigKeys (ConfUtils.java:logGet(46)) - raft.server.retrycache.statistics.expirytime = 100μs (default)
2022-11-24 06:38:37,587 [pool-164-thread-1] INFO  server.RaftServerConfigKeys (ConfUtils.java:logGet(46)) - raft.server.log.appender.install.snapshot.enabled = false (custom)
2022-11-24 06:38:37,587 [pool-164-thread-1] INFO  server.RaftServerConfigKeys (ConfUtils.java:logGet(46)) - raft.server.threadpool.server.cached = true (default)
2022-11-24 06:38:37,587 [pool-164-thread-1] INFO  server.RaftServerConfigKeys (ConfUtils.java:logGet(46)) - raft.server.threadpool.server.size = 0 (default)
2022-11-24 06:38:37,587 [pool-164-thread-1] INFO  server.RaftServerConfigKeys (ConfUtils.java:logGet(46)) - raft.server.threadpool.client.cached = true (default)
2022-11-24 06:38:37,587 [pool-164-thread-1] INFO  server.RaftServerConfigKeys (ConfUtils.java:logGet(46)) - raft.server.threadpool.client.size = 0 (default)
2022-11-24 06:38:37,588 [pool-164-thread-1] INFO  storage.RaftStorageDirectory (RaftStorageDirectoryImpl.java:analyzeStorage(137)) - The storage directory /home/runner/work/ozone/ozone/hadoop-ozone/integration-test/target/test-dir/MiniOzoneClusterImpl-3ca4de4a-72c8-4c23-a990-0556c1b2e11a/datanode-4/data/ratis/6c1baca7-7371-4652-9c57-386a04bc3586 does not exist. Creating ...
2022-11-24 06:38:37,589 [pool-164-thread-1] INFO  storage.RaftStorageDirectory (RaftStorageDirectoryImpl.java:tryLock(231)) - Lock on /home/runner/work/ozone/ozone/hadoop-ozone/integration-test/target/test-dir/MiniOzoneClusterImpl-3ca4de4a-72c8-4c23-a990-0556c1b2e11a/datanode-4/data/ratis/6c1baca7-7371-4652-9c57-386a04bc3586/in_use.lock acquired by nodename 14982@fv-az453-211
2022-11-24 06:38:37,592 [pool-164-thread-1] INFO  storage.RaftStorage (RaftStorageImpl.java:format(96)) - Storage directory /home/runner/work/ozone/ozone/hadoop-ozone/integration-test/target/test-dir/MiniOzoneClusterImpl-3ca4de4a-72c8-4c23-a990-0556c1b2e11a/datanode-4/data/ratis/6c1baca7-7371-4652-9c57-386a04bc3586 has been successfully formatted.
2022-11-24 06:38:37,592 [pool-164-thread-1] INFO  ratis.ContainerStateMachine (ContainerStateMachine.java:loadSnapshot(236)) - group-386A04BC3586: The snapshot info is null. Setting the last applied indexto:(t:0, i:~)
2022-11-24 06:38:37,592 [pool-164-thread-1] INFO  server.RaftServerConfigKeys (ConfUtils.java:logGet(46)) - raft.server.log.use.memory = false (default)
2022-11-24 06:38:37,593 [pool-164-thread-1] INFO  server.RaftServerConfigKeys (ConfUtils.java:logGet(46)) - raft.server.log.purge.gap = 1000000 (custom)
2022-11-24 06:38:37,593 [pool-164-thread-1] INFO  server.RaftServerConfigKeys (ConfUtils.java:logGet(46)) - raft.server.log.appender.buffer.byte-limit = 33554432 (custom)
2022-11-24 06:38:37,593 [pool-164-thread-1] INFO  server.RaftServerConfigKeys (ConfUtils.java:logGet(46)) - raft.server.log.statemachine.data.read.timeout = 1000ms (default)
2022-11-24 06:38:37,593 [pool-164-thread-1] INFO  server.RaftServerConfigKeys (ConfUtils.java:logGet(46)) - raft.server.log.purge.preservation.log.num = 0 (default)
2022-11-24 06:38:37,593 [pool-164-thread-1] INFO  server.RaftServerConfigKeys (ConfUtils.java:logGet(46)) - raft.server.log.segment.size.max = 1048576 (custom)
2022-11-24 06:38:37,594 [pool-164-thread-1] INFO  server.RaftServerConfigKeys (ConfUtils.java:logGet(46)) - raft.server.log.segment.cache.num.max = 2 (custom)
2022-11-24 06:38:37,594 [pool-164-thread-1] INFO  server.RaftServerConfigKeys (ConfUtils.java:logGet(46)) - raft.server.log.segment.cache.size.max = 200MB (=209715200) (default)
2022-11-24 06:38:37,594 [pool-164-thread-1] INFO  segmented.SegmentedRaftLogWorker (SegmentedRaftLogWorker.java:<init>(191)) - new 2412583d-f0ce-4b83-96a1-c4f14f6f25ae@group-386A04BC3586-SegmentedRaftLogWorker for RaftStorageImpl:Storage Directory /home/runner/work/ozone/ozone/hadoop-ozone/integration-test/target/test-dir/MiniOzoneClusterImpl-3ca4de4a-72c8-4c23-a990-0556c1b2e11a/datanode-4/data/ratis/6c1baca7-7371-4652-9c57-386a04bc3586
2022-11-24 06:38:37,594 [pool-164-thread-1] INFO  server.RaftServerConfigKeys (ConfUtils.java:logGet(46)) - raft.server.log.queue.byte-limit = 4294967296 (custom)
2022-11-24 06:38:37,594 [pool-164-thread-1] INFO  server.RaftServerConfigKeys (ConfUtils.java:logGet(46)) - raft.server.log.queue.element-limit = 1024 (custom)
2022-11-24 06:38:37,594 [pool-164-thread-1] INFO  server.RaftServerConfigKeys (ConfUtils.java:logGet(46)) - raft.server.log.segment.size.max = 1048576 (custom)
2022-11-24 06:38:37,595 [pool-164-thread-1] INFO  server.RaftServerConfigKeys (ConfUtils.java:logGet(46)) - raft.server.log.preallocated.size = 16384 (custom)
2022-11-24 06:38:37,595 [pool-164-thread-1] INFO  server.RaftServerConfigKeys (ConfUtils.java:logGet(46)) - raft.server.log.force.sync.num = 128 (default)
2022-11-24 06:38:37,597 [pool-164-thread-1] INFO  server.RaftServerConfigKeys (ConfUtils.java:logGet(46)) - raft.server.log.statemachine.data.sync = true (default)
2022-11-24 06:38:37,597 [pool-164-thread-1] INFO  server.RaftServerConfigKeys (ConfUtils.java:logGet(46)) - raft.server.log.statemachine.data.sync.timeout = 10s (default)
2022-11-24 06:38:37,597 [pool-164-thread-1] INFO  server.RaftServerConfigKeys (ConfUtils.java:logGet(46)) - raft.server.log.statemachine.data.sync.timeout.retry = -1 (default)
2022-11-24 06:38:37,600 [pool-164-thread-1] INFO  server.RaftServerConfigKeys (ConfUtils.java:logGet(46)) - raft.server.log.write.buffer.size = 1048576 (custom)
2022-11-24 06:38:37,602 [pool-164-thread-1] INFO  server.RaftServerConfigKeys (ConfUtils.java:logGet(46)) - raft.server.log.unsafe-flush.enabled = false (default)
2022-11-24 06:38:37,602 [pool-164-thread-1] INFO  server.RaftServerConfigKeys (ConfUtils.java:logGet(46)) - raft.server.log.async-flush.enabled = false (default)
2022-11-24 06:38:37,603 [pool-164-thread-1] INFO  server.RaftServerConfigKeys (ConfUtils.java:logGet(46)) - raft.server.log.statemachine.data.caching.enabled = true (custom)
2022-11-24 06:38:37,603 [pool-164-thread-1] INFO  segmented.SegmentedRaftLogWorker (SegmentedRaftLogWorker.java:lambda$new$0(136)) - 2412583d-f0ce-4b83-96a1-c4f14f6f25ae@group-386A04BC3586-SegmentedRaftLogWorker: flushIndex: setUnconditionally 0 -> -1
2022-11-24 06:38:37,603 [pool-164-thread-1] INFO  segmented.SegmentedRaftLogWorker (SegmentedRaftLogWorker.java:lambda$new$0(136)) - 2412583d-f0ce-4b83-96a1-c4f14f6f25ae@group-386A04BC3586-SegmentedRaftLogWorker: safeCacheEvictIndex: setUnconditionally 0 -> -1
2022-11-24 06:38:37,604 [pool-164-thread-1] INFO  server.RaftServer$Division (RaftServerImpl.java:start(334)) - 2412583d-f0ce-4b83-96a1-c4f14f6f25ae@group-386A04BC3586: start as a follower, conf=-1: peers:[6fd96d8c-4ef2-4ba8-87f7-371671a16fe6|rpc:10.1.1.33:38311|dataStream:|priority:0|startupRole:FOLLOWER, db462c09-4a41-41c4-b065-df9d46fc3c08|rpc:10.1.1.33:45705|dataStream:|priority:0|startupRole:FOLLOWER, 2412583d-f0ce-4b83-96a1-c4f14f6f25ae|rpc:10.1.1.33:34367|dataStream:|priority:1|startupRole:FOLLOWER]|listeners:[], old=null
2022-11-24 06:38:37,604 [pool-164-thread-1] INFO  server.RaftServer$Division (RaftServerImpl.java:setRole(321)) - 2412583d-f0ce-4b83-96a1-c4f14f6f25ae@group-386A04BC3586: changes role from      null to FOLLOWER at term 0 for startAsFollower
2022-11-24 06:38:37,604 [pool-164-thread-1] INFO  impl.RoleInfo (RoleInfo.java:updateAndGet(139)) - 2412583d-f0ce-4b83-96a1-c4f14f6f25ae: start 2412583d-f0ce-4b83-96a1-c4f14f6f25ae@group-386A04BC3586-FollowerState
2022-11-24 06:38:37,607 [pool-164-thread-1] INFO  util.JmxRegister (JmxRegister.java:tryRegister(44)) - Successfully registered JMX Bean with object name Ratis:service=RaftServer,group=group-386A04BC3586,id=2412583d-f0ce-4b83-96a1-c4f14f6f25ae
2022-11-24 06:38:37,607 [pool-164-thread-1] INFO  server.RaftServerConfigKeys (ConfUtils.java:logGet(46)) - raft.server.snapshot.auto.trigger.enabled = true (custom)
2022-11-24 06:38:37,607 [pool-164-thread-1] INFO  server.RaftServerConfigKeys (ConfUtils.java:logGet(46)) - raft.server.snapshot.auto.trigger.threshold = 10000 (custom)
2022-11-24 06:38:37,607 [pool-164-thread-1] INFO  server.RaftServerConfigKeys (ConfUtils.java:logGet(46)) - raft.server.snapshot.retention.file.num = 5 (custom)
2022-11-24 06:38:37,607 [pool-164-thread-1] INFO  server.RaftServerConfigKeys (ConfUtils.java:logGet(46)) - raft.server.log.purge.upto.snapshot.index = false (default)
2022-11-24 06:38:37,608 [2412583d-f0ce-4b83-96a1-c4f14f6f25ae@group-386A04BC3586-FollowerState] INFO  server.RaftServerConfigKeys (ConfUtils.java:logFallback(53)) - raft.server.rpc.first-election.timeout.min = 5s (fallback to raft.server.rpc.timeout.min)
2022-11-24 06:38:37,611 [2412583d-f0ce-4b83-96a1-c4f14f6f25ae@group-386A04BC3586-FollowerState] INFO  server.RaftServerConfigKeys (ConfUtils.java:logFallback(53)) - raft.server.rpc.first-election.timeout.max = 5200ms (fallback to raft.server.rpc.timeout.max)
2022-11-24 06:38:37,626 [Command processor thread] INFO  commandhandler.CreatePipelineCommandHandler (CreatePipelineCommandHandler.java:handle(113)) - Created Pipeline RATIS THREE PipelineID=6c1baca7-7371-4652-9c57-386a04bc3586.
2022-11-24 06:38:37,626 [Command processor thread] INFO  server.RaftServer (RaftServerProxy.java:addNew(96)) - db462c09-4a41-41c4-b065-df9d46fc3c08: addNew group-845F74418684:[6fd96d8c-4ef2-4ba8-87f7-371671a16fe6|rpc:10.1.1.33:38311|priority:0|startupRole:FOLLOWER, db462c09-4a41-41c4-b065-df9d46fc3c08|rpc:10.1.1.33:45705|priority:1|startupRole:FOLLOWER, 2412583d-f0ce-4b83-96a1-c4f14f6f25ae|rpc:10.1.1.33:34367|priority:0|startupRole:FOLLOWER] returns group-845F74418684:java.util.concurrent.CompletableFuture@e8a4ed0[Not completed]
2022-11-24 06:38:37,627 [pool-141-thread-1] INFO  server.RaftServer$Division (RaftServerImpl.java:<init>(195)) - db462c09-4a41-41c4-b065-df9d46fc3c08: new RaftServerImpl for group-845F74418684:[6fd96d8c-4ef2-4ba8-87f7-371671a16fe6|rpc:10.1.1.33:38311|priority:0|startupRole:FOLLOWER, db462c09-4a41-41c4-b065-df9d46fc3c08|rpc:10.1.1.33:45705|priority:1|startupRole:FOLLOWER, 2412583d-f0ce-4b83-96a1-c4f14f6f25ae|rpc:10.1.1.33:34367|priority:0|startupRole:FOLLOWER] with ContainerStateMachine:uninitialized
2022-11-24 06:38:37,627 [pool-141-thread-1] INFO  server.RaftServerConfigKeys (ConfUtils.java:logGet(46)) - raft.server.rpc.timeout.min = 5s (custom)
2022-11-24 06:38:37,628 [pool-141-thread-1] INFO  server.RaftServerConfigKeys (ConfUtils.java:logGet(46)) - raft.server.rpc.timeout.max = 5200ms (custom)
2022-11-24 06:38:37,628 [pool-141-thread-1] INFO  server.RaftServerConfigKeys (ConfUtils.java:logGet(46)) - raft.server.rpc.sleep.time = 25ms (default)
2022-11-24 06:38:37,628 [pool-141-thread-1] INFO  server.RaftServerConfigKeys (ConfUtils.java:logGet(46)) - raft.server.rpc.slowness.timeout = 300s (custom)
2022-11-24 06:38:37,628 [pool-141-thread-1] INFO  server.RaftServerConfigKeys (ConfUtils.java:logGet(46)) - raft.server.leaderelection.leader.step-down.wait-time = 10s (default)
2022-11-24 06:38:37,628 [pool-141-thread-1] INFO  server.RaftServerConfigKeys (ConfUtils.java:logGet(46)) - raft.server.sleep.deviation.threshold = 300ms (default)
2022-11-24 06:38:37,628 [pool-141-thread-1] INFO  server.RaftServer$Division (ServerState.java:<init>(118)) - db462c09-4a41-41c4-b065-df9d46fc3c08@group-845F74418684: ConfigurationManager, init=-1: peers:[6fd96d8c-4ef2-4ba8-87f7-371671a16fe6|rpc:10.1.1.33:38311|priority:0|startupRole:FOLLOWER, db462c09-4a41-41c4-b065-df9d46fc3c08|rpc:10.1.1.33:45705|priority:1|startupRole:FOLLOWER, 2412583d-f0ce-4b83-96a1-c4f14f6f25ae|rpc:10.1.1.33:34367|priority:0|startupRole:FOLLOWER]|listeners:[], old=null, confs=<EMPTY_MAP>
2022-11-24 06:38:37,628 [pool-141-thread-1] INFO  server.RaftServerConfigKeys (ConfUtils.java:logGet(46)) - raft.server.storage.dir = [/home/runner/work/ozone/ozone/hadoop-ozone/integration-test/target/test-dir/MiniOzoneClusterImpl-3ca4de4a-72c8-4c23-a990-0556c1b2e11a/datanode-3/data/ratis] (custom)
2022-11-24 06:38:37,628 [pool-141-thread-1] INFO  server.RaftServerConfigKeys (ConfUtils.java:logGet(46)) - raft.server.log.corruption.policy = EXCEPTION (default)
2022-11-24 06:38:37,628 [pool-141-thread-1] INFO  server.RaftServerConfigKeys (ConfUtils.java:logGet(46)) - raft.server.storage.free-space.min = 0MB (=0) (default)
2022-11-24 06:38:37,628 [pool-141-thread-1] INFO  server.RaftServerConfigKeys (ConfUtils.java:logGet(46)) - raft.server.notification.no-leader.timeout = 300s (custom)
2022-11-24 06:38:37,629 [pool-141-thread-1] INFO  server.RaftServerConfigKeys (ConfUtils.java:logGet(46)) - raft.server.retrycache.expirytime = 600000ms (custom)
2022-11-24 06:38:37,629 [pool-141-thread-1] INFO  server.RaftServerConfigKeys (ConfUtils.java:logGet(46)) - raft.server.retrycache.statistics.expirytime = 100μs (default)
2022-11-24 06:38:37,630 [pool-141-thread-1] INFO  server.RaftServerConfigKeys (ConfUtils.java:logGet(46)) - raft.server.log.appender.install.snapshot.enabled = false (custom)
2022-11-24 06:38:37,630 [pool-141-thread-1] INFO  server.RaftServerConfigKeys (ConfUtils.java:logGet(46)) - raft.server.threadpool.server.cached = true (default)
2022-11-24 06:38:37,630 [pool-141-thread-1] INFO  server.RaftServerConfigKeys (ConfUtils.java:logGet(46)) - raft.server.threadpool.server.size = 0 (default)
2022-11-24 06:38:37,635 [pool-141-thread-1] INFO  server.RaftServerConfigKeys (ConfUtils.java:logGet(46)) - raft.server.threadpool.client.cached = true (default)
2022-11-24 06:38:37,635 [pool-141-thread-1] INFO  server.RaftServerConfigKeys (ConfUtils.java:logGet(46)) - raft.server.threadpool.client.size = 0 (default)
2022-11-24 06:38:37,635 [pool-141-thread-1] INFO  storage.RaftStorageDirectory (RaftStorageDirectoryImpl.java:analyzeStorage(137)) - The storage directory /home/runner/work/ozone/ozone/hadoop-ozone/integration-test/target/test-dir/MiniOzoneClusterImpl-3ca4de4a-72c8-4c23-a990-0556c1b2e11a/datanode-3/data/ratis/c4c04c51-39b0-4ebd-bb9d-845f74418684 does not exist. Creating ...
2022-11-24 06:38:37,637 [pool-141-thread-1] INFO  storage.RaftStorageDirectory (RaftStorageDirectoryImpl.java:tryLock(231)) - Lock on /home/runner/work/ozone/ozone/hadoop-ozone/integration-test/target/test-dir/MiniOzoneClusterImpl-3ca4de4a-72c8-4c23-a990-0556c1b2e11a/datanode-3/data/ratis/c4c04c51-39b0-4ebd-bb9d-845f74418684/in_use.lock acquired by nodename 14982@fv-az453-211
2022-11-24 06:38:37,638 [pool-141-thread-1] INFO  storage.RaftStorage (RaftStorageImpl.java:format(96)) - Storage directory /home/runner/work/ozone/ozone/hadoop-ozone/integration-test/target/test-dir/MiniOzoneClusterImpl-3ca4de4a-72c8-4c23-a990-0556c1b2e11a/datanode-3/data/ratis/c4c04c51-39b0-4ebd-bb9d-845f74418684 has been successfully formatted.
2022-11-24 06:38:37,639 [pool-141-thread-1] INFO  ratis.ContainerStateMachine (ContainerStateMachine.java:loadSnapshot(236)) - group-845F74418684: The snapshot info is null. Setting the last applied indexto:(t:0, i:~)
2022-11-24 06:38:37,639 [pool-141-thread-1] INFO  server.RaftServerConfigKeys (ConfUtils.java:logGet(46)) - raft.server.log.use.memory = false (default)
2022-11-24 06:38:37,639 [pool-141-thread-1] INFO  server.RaftServerConfigKeys (ConfUtils.java:logGet(46)) - raft.server.log.purge.gap = 1000000 (custom)
2022-11-24 06:38:37,639 [pool-141-thread-1] INFO  server.RaftServerConfigKeys (ConfUtils.java:logGet(46)) - raft.server.log.appender.buffer.byte-limit = 33554432 (custom)
2022-11-24 06:38:37,639 [pool-141-thread-1] INFO  server.RaftServerConfigKeys (ConfUtils.java:logGet(46)) - raft.server.log.statemachine.data.read.timeout = 1000ms (default)
2022-11-24 06:38:37,639 [pool-141-thread-1] INFO  server.RaftServerConfigKeys (ConfUtils.java:logGet(46)) - raft.server.log.purge.preservation.log.num = 0 (default)
2022-11-24 06:38:37,640 [pool-141-thread-1] INFO  server.RaftServerConfigKeys (ConfUtils.java:logGet(46)) - raft.server.log.segment.size.max = 1048576 (custom)
2022-11-24 06:38:37,640 [pool-141-thread-1] INFO  server.RaftServerConfigKeys (ConfUtils.java:logGet(46)) - raft.server.log.segment.cache.num.max = 2 (custom)
2022-11-24 06:38:37,641 [pool-141-thread-1] INFO  server.RaftServerConfigKeys (ConfUtils.java:logGet(46)) - raft.server.log.segment.cache.size.max = 200MB (=209715200) (default)
2022-11-24 06:38:37,641 [pool-141-thread-1] INFO  segmented.SegmentedRaftLogWorker (SegmentedRaftLogWorker.java:<init>(191)) - new db462c09-4a41-41c4-b065-df9d46fc3c08@group-845F74418684-SegmentedRaftLogWorker for RaftStorageImpl:Storage Directory /home/runner/work/ozone/ozone/hadoop-ozone/integration-test/target/test-dir/MiniOzoneClusterImpl-3ca4de4a-72c8-4c23-a990-0556c1b2e11a/datanode-3/data/ratis/c4c04c51-39b0-4ebd-bb9d-845f74418684
2022-11-24 06:38:37,641 [pool-141-thread-1] INFO  server.RaftServerConfigKeys (ConfUtils.java:logGet(46)) - raft.server.log.queue.byte-limit = 4294967296 (custom)
2022-11-24 06:38:37,641 [pool-141-thread-1] INFO  server.RaftServerConfigKeys (ConfUtils.java:logGet(46)) - raft.server.log.queue.element-limit = 1024 (custom)
2022-11-24 06:38:37,641 [EventQueue-OpenPipelineForHealthyPipelineSafeModeRule] INFO  safemode.SCMSafeModeManager (HealthyPipelineSafeModeRule.java:process(137)) - SCM in safe mode. Healthy pipelines reported count is 0, required healthy pipeline reported count is 1
2022-11-24 06:38:37,641 [pool-141-thread-1] INFO  server.RaftServerConfigKeys (ConfUtils.java:logGet(46)) - raft.server.log.segment.size.max = 1048576 (custom)
2022-11-24 06:38:37,644 [pool-141-thread-1] INFO  server.RaftServerConfigKeys (ConfUtils.java:logGet(46)) - raft.server.log.preallocated.size = 16384 (custom)
2022-11-24 06:38:37,644 [pool-141-thread-1] INFO  server.RaftServerConfigKeys (ConfUtils.java:logGet(46)) - raft.server.log.force.sync.num = 128 (default)
2022-11-24 06:38:37,644 [pool-141-thread-1] INFO  server.RaftServerConfigKeys (ConfUtils.java:logGet(46)) - raft.server.log.statemachine.data.sync = true (default)
2022-11-24 06:38:37,644 [pool-141-thread-1] INFO  server.RaftServerConfigKeys (ConfUtils.java:logGet(46)) - raft.server.log.statemachine.data.sync.timeout = 10s (default)
2022-11-24 06:38:37,644 [pool-141-thread-1] INFO  server.RaftServerConfigKeys (ConfUtils.java:logGet(46)) - raft.server.log.statemachine.data.sync.timeout.retry = -1 (default)
2022-11-24 06:38:37,645 [pool-141-thread-1] INFO  server.RaftServerConfigKeys (ConfUtils.java:logGet(46)) - raft.server.log.write.buffer.size = 1048576 (custom)
2022-11-24 06:38:37,646 [pool-141-thread-1] INFO  server.RaftServerConfigKeys (ConfUtils.java:logGet(46)) - raft.server.log.unsafe-flush.enabled = false (default)
2022-11-24 06:38:37,646 [pool-141-thread-1] INFO  server.RaftServerConfigKeys (ConfUtils.java:logGet(46)) - raft.server.log.async-flush.enabled = false (default)
2022-11-24 06:38:37,646 [pool-141-thread-1] INFO  server.RaftServerConfigKeys (ConfUtils.java:logGet(46)) - raft.server.log.statemachine.data.caching.enabled = true (custom)
2022-11-24 06:38:37,647 [pool-141-thread-1] INFO  segmented.SegmentedRaftLogWorker (SegmentedRaftLogWorker.java:lambda$new$0(136)) - db462c09-4a41-41c4-b065-df9d46fc3c08@group-845F74418684-SegmentedRaftLogWorker: flushIndex: setUnconditionally 0 -> -1
2022-11-24 06:38:37,647 [pool-141-thread-1] INFO  segmented.SegmentedRaftLogWorker (SegmentedRaftLogWorker.java:lambda$new$0(136)) - db462c09-4a41-41c4-b065-df9d46fc3c08@group-845F74418684-SegmentedRaftLogWorker: safeCacheEvictIndex: setUnconditionally 0 -> -1
2022-11-24 06:38:37,647 [pool-141-thread-1] INFO  server.RaftServer$Division (RaftServerImpl.java:start(334)) - db462c09-4a41-41c4-b065-df9d46fc3c08@group-845F74418684: start as a follower, conf=-1: peers:[6fd96d8c-4ef2-4ba8-87f7-371671a16fe6|rpc:10.1.1.33:38311|priority:0|startupRole:FOLLOWER, db462c09-4a41-41c4-b065-df9d46fc3c08|rpc:10.1.1.33:45705|priority:1|startupRole:FOLLOWER, 2412583d-f0ce-4b83-96a1-c4f14f6f25ae|rpc:10.1.1.33:34367|priority:0|startupRole:FOLLOWER]|listeners:[], old=null
2022-11-24 06:38:37,647 [pool-141-thread-1] INFO  server.RaftServer$Division (RaftServerImpl.java:setRole(321)) - db462c09-4a41-41c4-b065-df9d46fc3c08@group-845F74418684: changes role from      null to FOLLOWER at term 0 for startAsFollower
2022-11-24 06:38:37,647 [pool-141-thread-1] INFO  impl.RoleInfo (RoleInfo.java:updateAndGet(139)) - db462c09-4a41-41c4-b065-df9d46fc3c08: start db462c09-4a41-41c4-b065-df9d46fc3c08@group-845F74418684-FollowerState
2022-11-24 06:38:37,650 [db462c09-4a41-41c4-b065-df9d46fc3c08@group-845F74418684-FollowerState] INFO  server.RaftServerConfigKeys (ConfUtils.java:logFallback(53)) - raft.server.rpc.first-election.timeout.min = 5s (fallback to raft.server.rpc.timeout.min)
2022-11-24 06:38:37,650 [pool-141-thread-1] INFO  util.JmxRegister (JmxRegister.java:tryRegister(44)) - Successfully registered JMX Bean with object name Ratis:service=RaftServer,group=group-845F74418684,id=db462c09-4a41-41c4-b065-df9d46fc3c08
2022-11-24 06:38:37,650 [db462c09-4a41-41c4-b065-df9d46fc3c08@group-845F74418684-FollowerState] INFO  server.RaftServerConfigKeys (ConfUtils.java:logFallback(53)) - raft.server.rpc.first-election.timeout.max = 5200ms (fallback to raft.server.rpc.timeout.max)
2022-11-24 06:38:37,650 [pool-141-thread-1] INFO  server.RaftServerConfigKeys (ConfUtils.java:logGet(46)) - raft.server.snapshot.auto.trigger.enabled = true (custom)
2022-11-24 06:38:37,650 [pool-141-thread-1] INFO  server.RaftServerConfigKeys (ConfUtils.java:logGet(46)) - raft.server.snapshot.auto.trigger.threshold = 10000 (custom)
2022-11-24 06:38:37,650 [pool-141-thread-1] INFO  server.RaftServerConfigKeys (ConfUtils.java:logGet(46)) - raft.server.snapshot.retention.file.num = 5 (custom)
2022-11-24 06:38:37,650 [pool-141-thread-1] INFO  server.RaftServerConfigKeys (ConfUtils.java:logGet(46)) - raft.server.log.purge.upto.snapshot.index = false (default)
2022-11-24 06:38:37,651 [Command processor thread] INFO  ratis.XceiverServerRatis (XceiverServerRatis.java:addGroup(765)) - Created group PipelineID=c4c04c51-39b0-4ebd-bb9d-845f74418684
2022-11-24 06:38:37,667 [grpc-default-executor-1] INFO  server.RaftServer (RaftServerProxy.java:addNew(96)) - 2412583d-f0ce-4b83-96a1-c4f14f6f25ae: addNew group-845F74418684:[6fd96d8c-4ef2-4ba8-87f7-371671a16fe6|rpc:10.1.1.33:38311|dataStream:|priority:0|startupRole:FOLLOWER, db462c09-4a41-41c4-b065-df9d46fc3c08|rpc:10.1.1.33:45705|dataStream:|priority:1|startupRole:FOLLOWER, 2412583d-f0ce-4b83-96a1-c4f14f6f25ae|rpc:10.1.1.33:34367|dataStream:|priority:0|startupRole:FOLLOWER] returns group-845F74418684:java.util.concurrent.CompletableFuture@7473b4a[Not completed]
2022-11-24 06:38:37,668 [pool-164-thread-1] INFO  server.RaftServer$Division (RaftServerImpl.java:<init>(195)) - 2412583d-f0ce-4b83-96a1-c4f14f6f25ae: new RaftServerImpl for group-845F74418684:[6fd96d8c-4ef2-4ba8-87f7-371671a16fe6|rpc:10.1.1.33:38311|dataStream:|priority:0|startupRole:FOLLOWER, db462c09-4a41-41c4-b065-df9d46fc3c08|rpc:10.1.1.33:45705|dataStream:|priority:1|startupRole:FOLLOWER, 2412583d-f0ce-4b83-96a1-c4f14f6f25ae|rpc:10.1.1.33:34367|dataStream:|priority:0|startupRole:FOLLOWER] with ContainerStateMachine:uninitialized
2022-11-24 06:38:37,668 [pool-164-thread-1] INFO  server.RaftServerConfigKeys (ConfUtils.java:logGet(46)) - raft.server.rpc.timeout.min = 5s (custom)
2022-11-24 06:38:37,668 [pool-164-thread-1] INFO  server.RaftServerConfigKeys (ConfUtils.java:logGet(46)) - raft.server.rpc.timeout.max = 5200ms (custom)
2022-11-24 06:38:37,668 [pool-164-thread-1] INFO  server.RaftServerConfigKeys (ConfUtils.java:logGet(46)) - raft.server.rpc.sleep.time = 25ms (default)
2022-11-24 06:38:37,668 [pool-164-thread-1] INFO  server.RaftServerConfigKeys (ConfUtils.java:logGet(46)) - raft.server.rpc.slowness.timeout = 300s (custom)
2022-11-24 06:38:37,668 [pool-164-thread-1] INFO  server.RaftServerConfigKeys (ConfUtils.java:logGet(46)) - raft.server.leaderelection.leader.step-down.wait-time = 10s (default)
2022-11-24 06:38:37,669 [pool-164-thread-1] INFO  server.RaftServerConfigKeys (ConfUtils.java:logGet(46)) - raft.server.sleep.deviation.threshold = 300ms (default)
2022-11-24 06:38:37,669 [pool-164-thread-1] INFO  server.RaftServer$Division (ServerState.java:<init>(118)) - 2412583d-f0ce-4b83-96a1-c4f14f6f25ae@group-845F74418684: ConfigurationManager, init=-1: peers:[6fd96d8c-4ef2-4ba8-87f7-371671a16fe6|rpc:10.1.1.33:38311|dataStream:|priority:0|startupRole:FOLLOWER, db462c09-4a41-41c4-b065-df9d46fc3c08|rpc:10.1.1.33:45705|dataStream:|priority:1|startupRole:FOLLOWER, 2412583d-f0ce-4b83-96a1-c4f14f6f25ae|rpc:10.1.1.33:34367|dataStream:|priority:0|startupRole:FOLLOWER]|listeners:[], old=null, confs=<EMPTY_MAP>
2022-11-24 06:38:37,669 [pool-164-thread-1] INFO  server.RaftServerConfigKeys (ConfUtils.java:logGet(46)) - raft.server.storage.dir = [/home/runner/work/ozone/ozone/hadoop-ozone/integration-test/target/test-dir/MiniOzoneClusterImpl-3ca4de4a-72c8-4c23-a990-0556c1b2e11a/datanode-4/data/ratis] (custom)
2022-11-24 06:38:37,669 [pool-164-thread-1] INFO  server.RaftServerConfigKeys (ConfUtils.java:logGet(46)) - raft.server.log.corruption.policy = EXCEPTION (default)
2022-11-24 06:38:37,669 [pool-164-thread-1] INFO  server.RaftServerConfigKeys (ConfUtils.java:logGet(46)) - raft.server.storage.free-space.min = 0MB (=0) (default)
2022-11-24 06:38:37,670 [pool-164-thread-1] INFO  server.RaftServerConfigKeys (ConfUtils.java:logGet(46)) - raft.server.notification.no-leader.timeout = 300s (custom)
2022-11-24 06:38:37,670 [pool-164-thread-1] INFO  server.RaftServerConfigKeys (ConfUtils.java:logGet(46)) - raft.server.retrycache.expirytime = 600000ms (custom)
2022-11-24 06:38:37,670 [pool-164-thread-1] INFO  server.RaftServerConfigKeys (ConfUtils.java:logGet(46)) - raft.server.retrycache.statistics.expirytime = 100μs (default)
2022-11-24 06:38:37,671 [pool-164-thread-1] INFO  server.RaftServerConfigKeys (ConfUtils.java:logGet(46)) - raft.server.log.appender.install.snapshot.enabled = false (custom)
2022-11-24 06:38:37,671 [pool-164-thread-1] INFO  server.RaftServerConfigKeys (ConfUtils.java:logGet(46)) - raft.server.threadpool.server.cached = true (default)
2022-11-24 06:38:37,672 [pool-164-thread-1] INFO  server.RaftServerConfigKeys (ConfUtils.java:logGet(46)) - raft.server.threadpool.server.size = 0 (default)
2022-11-24 06:38:37,672 [pool-164-thread-1] INFO  server.RaftServerConfigKeys (ConfUtils.java:logGet(46)) - raft.server.threadpool.client.cached = true (default)
2022-11-24 06:38:37,672 [pool-164-thread-1] INFO  server.RaftServerConfigKeys (ConfUtils.java:logGet(46)) - raft.server.threadpool.client.size = 0 (default)
2022-11-24 06:38:37,672 [pool-164-thread-1] INFO  storage.RaftStorageDirectory (RaftStorageDirectoryImpl.java:analyzeStorage(137)) - The storage directory /home/runner/work/ozone/ozone/hadoop-ozone/integration-test/target/test-dir/MiniOzoneClusterImpl-3ca4de4a-72c8-4c23-a990-0556c1b2e11a/datanode-4/data/ratis/c4c04c51-39b0-4ebd-bb9d-845f74418684 does not exist. Creating ...
2022-11-24 06:38:37,673 [pool-164-thread-1] INFO  storage.RaftStorageDirectory (RaftStorageDirectoryImpl.java:tryLock(231)) - Lock on /home/runner/work/ozone/ozone/hadoop-ozone/integration-test/target/test-dir/MiniOzoneClusterImpl-3ca4de4a-72c8-4c23-a990-0556c1b2e11a/datanode-4/data/ratis/c4c04c51-39b0-4ebd-bb9d-845f74418684/in_use.lock acquired by nodename 14982@fv-az453-211
2022-11-24 06:38:37,675 [pool-164-thread-1] INFO  storage.RaftStorage (RaftStorageImpl.java:format(96)) - Storage directory /home/runner/work/ozone/ozone/hadoop-ozone/integration-test/target/test-dir/MiniOzoneClusterImpl-3ca4de4a-72c8-4c23-a990-0556c1b2e11a/datanode-4/data/ratis/c4c04c51-39b0-4ebd-bb9d-845f74418684 has been successfully formatted.
2022-11-24 06:38:37,677 [pool-164-thread-1] INFO  ratis.ContainerStateMachine (ContainerStateMachine.java:loadSnapshot(236)) - group-845F74418684: The snapshot info is null. Setting the last applied indexto:(t:0, i:~)
2022-11-24 06:38:37,677 [pool-164-thread-1] INFO  server.RaftServerConfigKeys (ConfUtils.java:logGet(46)) - raft.server.log.use.memory = false (default)
2022-11-24 06:38:37,677 [pool-164-thread-1] INFO  server.RaftServerConfigKeys (ConfUtils.java:logGet(46)) - raft.server.log.purge.gap = 1000000 (custom)
2022-11-24 06:38:37,677 [pool-164-thread-1] INFO  server.RaftServerConfigKeys (ConfUtils.java:logGet(46)) - raft.server.log.appender.buffer.byte-limit = 33554432 (custom)
2022-11-24 06:38:37,677 [pool-164-thread-1] INFO  server.RaftServerConfigKeys (ConfUtils.java:logGet(46)) - raft.server.log.statemachine.data.read.timeout = 1000ms (default)
2022-11-24 06:38:37,678 [pool-164-thread-1] INFO  server.RaftServerConfigKeys (ConfUtils.java:logGet(46)) - raft.server.log.purge.preservation.log.num = 0 (default)
2022-11-24 06:38:37,678 [pool-164-thread-1] INFO  server.RaftServerConfigKeys (ConfUtils.java:logGet(46)) - raft.server.log.segment.size.max = 1048576 (custom)
2022-11-24 06:38:37,679 [pool-164-thread-1] INFO  server.RaftServerConfigKeys (ConfUtils.java:logGet(46)) - raft.server.log.segment.cache.num.max = 2 (custom)
2022-11-24 06:38:37,679 [pool-164-thread-1] INFO  server.RaftServerConfigKeys (ConfUtils.java:logGet(46)) - raft.server.log.segment.cache.size.max = 200MB (=209715200) (default)
2022-11-24 06:38:37,679 [pool-164-thread-1] INFO  segmented.SegmentedRaftLogWorker (SegmentedRaftLogWorker.java:<init>(191)) - new 2412583d-f0ce-4b83-96a1-c4f14f6f25ae@group-845F74418684-SegmentedRaftLogWorker for RaftStorageImpl:Storage Directory /home/runner/work/ozone/ozone/hadoop-ozone/integration-test/target/test-dir/MiniOzoneClusterImpl-3ca4de4a-72c8-4c23-a990-0556c1b2e11a/datanode-4/data/ratis/c4c04c51-39b0-4ebd-bb9d-845f74418684
2022-11-24 06:38:37,679 [pool-164-thread-1] INFO  server.RaftServerConfigKeys (ConfUtils.java:logGet(46)) - raft.server.log.queue.byte-limit = 4294967296 (custom)
2022-11-24 06:38:37,679 [pool-164-thread-1] INFO  server.RaftServerConfigKeys (ConfUtils.java:logGet(46)) - raft.server.log.queue.element-limit = 1024 (custom)
2022-11-24 06:38:37,679 [pool-164-thread-1] INFO  server.RaftServerConfigKeys (ConfUtils.java:logGet(46)) - raft.server.log.segment.size.max = 1048576 (custom)
2022-11-24 06:38:37,679 [pool-164-thread-1] INFO  server.RaftServerConfigKeys (ConfUtils.java:logGet(46)) - raft.server.log.preallocated.size = 16384 (custom)
2022-11-24 06:38:37,679 [pool-164-thread-1] INFO  server.RaftServerConfigKeys (ConfUtils.java:logGet(46)) - raft.server.log.force.sync.num = 128 (default)
2022-11-24 06:38:37,679 [pool-164-thread-1] INFO  server.RaftServerConfigKeys (ConfUtils.java:logGet(46)) - raft.server.log.statemachine.data.sync = true (default)
2022-11-24 06:38:37,679 [pool-164-thread-1] INFO  server.RaftServerConfigKeys (ConfUtils.java:logGet(46)) - raft.server.log.statemachine.data.sync.timeout = 10s (default)
2022-11-24 06:38:37,679 [pool-164-thread-1] INFO  server.RaftServerConfigKeys (ConfUtils.java:logGet(46)) - raft.server.log.statemachine.data.sync.timeout.retry = -1 (default)
2022-11-24 06:38:37,680 [pool-164-thread-1] INFO  server.RaftServerConfigKeys (ConfUtils.java:logGet(46)) - raft.server.log.write.buffer.size = 1048576 (custom)
2022-11-24 06:38:37,681 [pool-164-thread-1] INFO  server.RaftServerConfigKeys (ConfUtils.java:logGet(46)) - raft.server.log.unsafe-flush.enabled = false (default)
2022-11-24 06:38:37,681 [pool-164-thread-1] INFO  server.RaftServerConfigKeys (ConfUtils.java:logGet(46)) - raft.server.log.async-flush.enabled = false (default)
2022-11-24 06:38:37,681 [pool-164-thread-1] INFO  server.RaftServerConfigKeys (ConfUtils.java:logGet(46)) - raft.server.log.statemachine.data.caching.enabled = true (custom)
2022-11-24 06:38:37,682 [pool-164-thread-1] INFO  segmented.SegmentedRaftLogWorker (SegmentedRaftLogWorker.java:lambda$new$0(136)) - 2412583d-f0ce-4b83-96a1-c4f14f6f25ae@group-845F74418684-SegmentedRaftLogWorker: flushIndex: setUnconditionally 0 -> -1
2022-11-24 06:38:37,682 [pool-164-thread-1] INFO  segmented.SegmentedRaftLogWorker (SegmentedRaftLogWorker.java:lambda$new$0(136)) - 2412583d-f0ce-4b83-96a1-c4f14f6f25ae@group-845F74418684-SegmentedRaftLogWorker: safeCacheEvictIndex: setUnconditionally 0 -> -1
2022-11-24 06:38:37,682 [pool-164-thread-1] INFO  server.RaftServer$Division (RaftServerImpl.java:start(334)) - 2412583d-f0ce-4b83-96a1-c4f14f6f25ae@group-845F74418684: start as a follower, conf=-1: peers:[6fd96d8c-4ef2-4ba8-87f7-371671a16fe6|rpc:10.1.1.33:38311|dataStream:|priority:0|startupRole:FOLLOWER, db462c09-4a41-41c4-b065-df9d46fc3c08|rpc:10.1.1.33:45705|dataStream:|priority:1|startupRole:FOLLOWER, 2412583d-f0ce-4b83-96a1-c4f14f6f25ae|rpc:10.1.1.33:34367|dataStream:|priority:0|startupRole:FOLLOWER]|listeners:[], old=null
2022-11-24 06:38:37,682 [pool-164-thread-1] INFO  server.RaftServer$Division (RaftServerImpl.java:setRole(321)) - 2412583d-f0ce-4b83-96a1-c4f14f6f25ae@group-845F74418684: changes role from      null to FOLLOWER at term 0 for startAsFollower
2022-11-24 06:38:37,682 [pool-164-thread-1] INFO  impl.RoleInfo (RoleInfo.java:updateAndGet(139)) - 2412583d-f0ce-4b83-96a1-c4f14f6f25ae: start 2412583d-f0ce-4b83-96a1-c4f14f6f25ae@group-845F74418684-FollowerState
2022-11-24 06:38:37,682 [pool-164-thread-1] INFO  util.JmxRegister (JmxRegister.java:tryRegister(44)) - Successfully registered JMX Bean with object name Ratis:service=RaftServer,group=group-845F74418684,id=2412583d-f0ce-4b83-96a1-c4f14f6f25ae
2022-11-24 06:38:37,682 [2412583d-f0ce-4b83-96a1-c4f14f6f25ae@group-845F74418684-FollowerState] INFO  server.RaftServerConfigKeys (ConfUtils.java:logFallback(53)) - raft.server.rpc.first-election.timeout.min = 5s (fallback to raft.server.rpc.timeout.min)
2022-11-24 06:38:37,688 [2412583d-f0ce-4b83-96a1-c4f14f6f25ae@group-845F74418684-FollowerState] INFO  server.RaftServerConfigKeys (ConfUtils.java:logFallback(53)) - raft.server.rpc.first-election.timeout.max = 5200ms (fallback to raft.server.rpc.timeout.max)
2022-11-24 06:38:37,688 [pool-164-thread-1] INFO  server.RaftServerConfigKeys (ConfUtils.java:logGet(46)) - raft.server.snapshot.auto.trigger.enabled = true (custom)
2022-11-24 06:38:37,688 [pool-164-thread-1] INFO  server.RaftServerConfigKeys (ConfUtils.java:logGet(46)) - raft.server.snapshot.auto.trigger.threshold = 10000 (custom)
2022-11-24 06:38:37,688 [pool-164-thread-1] INFO  server.RaftServerConfigKeys (ConfUtils.java:logGet(46)) - raft.server.snapshot.retention.file.num = 5 (custom)
2022-11-24 06:38:37,688 [pool-164-thread-1] INFO  server.RaftServerConfigKeys (ConfUtils.java:logGet(46)) - raft.server.log.purge.upto.snapshot.index = false (default)
2022-11-24 06:38:37,705 [grpc-default-executor-1] INFO  server.RaftServer (RaftServerProxy.java:addNew(96)) - 6fd96d8c-4ef2-4ba8-87f7-371671a16fe6: addNew group-845F74418684:[6fd96d8c-4ef2-4ba8-87f7-371671a16fe6|rpc:10.1.1.33:38311|dataStream:|priority:0|startupRole:FOLLOWER, db462c09-4a41-41c4-b065-df9d46fc3c08|rpc:10.1.1.33:45705|dataStream:|priority:1|startupRole:FOLLOWER, 2412583d-f0ce-4b83-96a1-c4f14f6f25ae|rpc:10.1.1.33:34367|dataStream:|priority:0|startupRole:FOLLOWER] returns group-845F74418684:java.util.concurrent.CompletableFuture@4c3d9e5f[Not completed]
2022-11-24 06:38:37,707 [pool-187-thread-1] INFO  server.RaftServer$Division (RaftServerImpl.java:<init>(195)) - 6fd96d8c-4ef2-4ba8-87f7-371671a16fe6: new RaftServerImpl for group-845F74418684:[6fd96d8c-4ef2-4ba8-87f7-371671a16fe6|rpc:10.1.1.33:38311|dataStream:|priority:0|startupRole:FOLLOWER, db462c09-4a41-41c4-b065-df9d46fc3c08|rpc:10.1.1.33:45705|dataStream:|priority:1|startupRole:FOLLOWER, 2412583d-f0ce-4b83-96a1-c4f14f6f25ae|rpc:10.1.1.33:34367|dataStream:|priority:0|startupRole:FOLLOWER] with ContainerStateMachine:uninitialized
2022-11-24 06:38:37,707 [pool-187-thread-1] INFO  server.RaftServerConfigKeys (ConfUtils.java:logGet(46)) - raft.server.rpc.timeout.min = 5s (custom)
2022-11-24 06:38:37,707 [pool-187-thread-1] INFO  server.RaftServerConfigKeys (ConfUtils.java:logGet(46)) - raft.server.rpc.timeout.max = 5200ms (custom)
2022-11-24 06:38:37,707 [pool-187-thread-1] INFO  server.RaftServerConfigKeys (ConfUtils.java:logGet(46)) - raft.server.rpc.sleep.time = 25ms (default)
2022-11-24 06:38:37,707 [pool-187-thread-1] INFO  server.RaftServerConfigKeys (ConfUtils.java:logGet(46)) - raft.server.rpc.slowness.timeout = 300s (custom)
2022-11-24 06:38:37,707 [pool-187-thread-1] INFO  server.RaftServerConfigKeys (ConfUtils.java:logGet(46)) - raft.server.leaderelection.leader.step-down.wait-time = 10s (default)
2022-11-24 06:38:37,707 [pool-187-thread-1] INFO  server.RaftServerConfigKeys (ConfUtils.java:logGet(46)) - raft.server.sleep.deviation.threshold = 300ms (default)
2022-11-24 06:38:37,707 [pool-187-thread-1] INFO  server.RaftServer$Division (ServerState.java:<init>(118)) - 6fd96d8c-4ef2-4ba8-87f7-371671a16fe6@group-845F74418684: ConfigurationManager, init=-1: peers:[6fd96d8c-4ef2-4ba8-87f7-371671a16fe6|rpc:10.1.1.33:38311|dataStream:|priority:0|startupRole:FOLLOWER, db462c09-4a41-41c4-b065-df9d46fc3c08|rpc:10.1.1.33:45705|dataStream:|priority:1|startupRole:FOLLOWER, 2412583d-f0ce-4b83-96a1-c4f14f6f25ae|rpc:10.1.1.33:34367|dataStream:|priority:0|startupRole:FOLLOWER]|listeners:[], old=null, confs=<EMPTY_MAP>
2022-11-24 06:38:37,707 [pool-187-thread-1] INFO  server.RaftServerConfigKeys (ConfUtils.java:logGet(46)) - raft.server.storage.dir = [/home/runner/work/ozone/ozone/hadoop-ozone/integration-test/target/test-dir/MiniOzoneClusterImpl-3ca4de4a-72c8-4c23-a990-0556c1b2e11a/datanode-5/data/ratis] (custom)
2022-11-24 06:38:37,708 [pool-187-thread-1] INFO  server.RaftServerConfigKeys (ConfUtils.java:logGet(46)) - raft.server.log.corruption.policy = EXCEPTION (default)
2022-11-24 06:38:37,708 [pool-187-thread-1] INFO  server.RaftServerConfigKeys (ConfUtils.java:logGet(46)) - raft.server.storage.free-space.min = 0MB (=0) (default)
2022-11-24 06:38:37,708 [pool-187-thread-1] INFO  server.RaftServerConfigKeys (ConfUtils.java:logGet(46)) - raft.server.notification.no-leader.timeout = 300s (custom)
2022-11-24 06:38:37,708 [pool-187-thread-1] INFO  server.RaftServerConfigKeys (ConfUtils.java:logGet(46)) - raft.server.retrycache.expirytime = 600000ms (custom)
2022-11-24 06:38:37,708 [pool-187-thread-1] INFO  server.RaftServerConfigKeys (ConfUtils.java:logGet(46)) - raft.server.retrycache.statistics.expirytime = 100μs (default)
2022-11-24 06:38:37,709 [pool-187-thread-1] INFO  server.RaftServerConfigKeys (ConfUtils.java:logGet(46)) - raft.server.log.appender.install.snapshot.enabled = false (custom)
2022-11-24 06:38:37,710 [pool-187-thread-1] INFO  server.RaftServerConfigKeys (ConfUtils.java:logGet(46)) - raft.server.threadpool.server.cached = true (default)
2022-11-24 06:38:37,710 [pool-187-thread-1] INFO  server.RaftServerConfigKeys (ConfUtils.java:logGet(46)) - raft.server.threadpool.server.size = 0 (default)
2022-11-24 06:38:37,710 [pool-187-thread-1] INFO  server.RaftServerConfigKeys (ConfUtils.java:logGet(46)) - raft.server.threadpool.client.cached = true (default)
2022-11-24 06:38:37,710 [pool-187-thread-1] INFO  server.RaftServerConfigKeys (ConfUtils.java:logGet(46)) - raft.server.threadpool.client.size = 0 (default)
2022-11-24 06:38:37,710 [pool-187-thread-1] INFO  storage.RaftStorageDirectory (RaftStorageDirectoryImpl.java:analyzeStorage(137)) - The storage directory /home/runner/work/ozone/ozone/hadoop-ozone/integration-test/target/test-dir/MiniOzoneClusterImpl-3ca4de4a-72c8-4c23-a990-0556c1b2e11a/datanode-5/data/ratis/c4c04c51-39b0-4ebd-bb9d-845f74418684 does not exist. Creating ...
2022-11-24 06:38:37,711 [pool-187-thread-1] INFO  storage.RaftStorageDirectory (RaftStorageDirectoryImpl.java:tryLock(231)) - Lock on /home/runner/work/ozone/ozone/hadoop-ozone/integration-test/target/test-dir/MiniOzoneClusterImpl-3ca4de4a-72c8-4c23-a990-0556c1b2e11a/datanode-5/data/ratis/c4c04c51-39b0-4ebd-bb9d-845f74418684/in_use.lock acquired by nodename 14982@fv-az453-211
2022-11-24 06:38:37,714 [pool-187-thread-1] INFO  storage.RaftStorage (RaftStorageImpl.java:format(96)) - Storage directory /home/runner/work/ozone/ozone/hadoop-ozone/integration-test/target/test-dir/MiniOzoneClusterImpl-3ca4de4a-72c8-4c23-a990-0556c1b2e11a/datanode-5/data/ratis/c4c04c51-39b0-4ebd-bb9d-845f74418684 has been successfully formatted.
2022-11-24 06:38:37,716 [pool-187-thread-1] INFO  ratis.ContainerStateMachine (ContainerStateMachine.java:loadSnapshot(236)) - group-845F74418684: The snapshot info is null. Setting the last applied indexto:(t:0, i:~)
2022-11-24 06:38:37,716 [pool-187-thread-1] INFO  server.RaftServerConfigKeys (ConfUtils.java:logGet(46)) - raft.server.log.use.memory = false (default)
2022-11-24 06:38:37,716 [pool-187-thread-1] INFO  server.RaftServerConfigKeys (ConfUtils.java:logGet(46)) - raft.server.log.purge.gap = 1000000 (custom)
2022-11-24 06:38:37,716 [pool-187-thread-1] INFO  server.RaftServerConfigKeys (ConfUtils.java:logGet(46)) - raft.server.log.appender.buffer.byte-limit = 33554432 (custom)
2022-11-24 06:38:37,717 [pool-187-thread-1] INFO  server.RaftServerConfigKeys (ConfUtils.java:logGet(46)) - raft.server.log.statemachine.data.read.timeout = 1000ms (default)
2022-11-24 06:38:37,717 [pool-187-thread-1] INFO  server.RaftServerConfigKeys (ConfUtils.java:logGet(46)) - raft.server.log.purge.preservation.log.num = 0 (default)
2022-11-24 06:38:37,717 [pool-187-thread-1] INFO  server.RaftServerConfigKeys (ConfUtils.java:logGet(46)) - raft.server.log.segment.size.max = 1048576 (custom)
2022-11-24 06:38:37,719 [pool-187-thread-1] INFO  server.RaftServerConfigKeys (ConfUtils.java:logGet(46)) - raft.server.log.segment.cache.num.max = 2 (custom)
2022-11-24 06:38:37,719 [pool-187-thread-1] INFO  server.RaftServerConfigKeys (ConfUtils.java:logGet(46)) - raft.server.log.segment.cache.size.max = 200MB (=209715200) (default)
2022-11-24 06:38:37,720 [pool-187-thread-1] INFO  segmented.SegmentedRaftLogWorker (SegmentedRaftLogWorker.java:<init>(191)) - new 6fd96d8c-4ef2-4ba8-87f7-371671a16fe6@group-845F74418684-SegmentedRaftLogWorker for RaftStorageImpl:Storage Directory /home/runner/work/ozone/ozone/hadoop-ozone/integration-test/target/test-dir/MiniOzoneClusterImpl-3ca4de4a-72c8-4c23-a990-0556c1b2e11a/datanode-5/data/ratis/c4c04c51-39b0-4ebd-bb9d-845f74418684
2022-11-24 06:38:37,720 [pool-187-thread-1] INFO  server.RaftServerConfigKeys (ConfUtils.java:logGet(46)) - raft.server.log.queue.byte-limit = 4294967296 (custom)
2022-11-24 06:38:37,720 [pool-187-thread-1] INFO  server.RaftServerConfigKeys (ConfUtils.java:logGet(46)) - raft.server.log.queue.element-limit = 1024 (custom)
2022-11-24 06:38:37,720 [pool-187-thread-1] INFO  server.RaftServerConfigKeys (ConfUtils.java:logGet(46)) - raft.server.log.segment.size.max = 1048576 (custom)
2022-11-24 06:38:37,720 [pool-187-thread-1] INFO  server.RaftServerConfigKeys (ConfUtils.java:logGet(46)) - raft.server.log.preallocated.size = 16384 (custom)
2022-11-24 06:38:37,720 [pool-187-thread-1] INFO  server.RaftServerConfigKeys (ConfUtils.java:logGet(46)) - raft.server.log.force.sync.num = 128 (default)
2022-11-24 06:38:37,720 [pool-187-thread-1] INFO  server.RaftServerConfigKeys (ConfUtils.java:logGet(46)) - raft.server.log.statemachine.data.sync = true (default)
2022-11-24 06:38:37,720 [pool-187-thread-1] INFO  server.RaftServerConfigKeys (ConfUtils.java:logGet(46)) - raft.server.log.statemachine.data.sync.timeout = 10s (default)
2022-11-24 06:38:37,720 [pool-187-thread-1] INFO  server.RaftServerConfigKeys (ConfUtils.java:logGet(46)) - raft.server.log.statemachine.data.sync.timeout.retry = -1 (default)
2022-11-24 06:38:37,722 [pool-187-thread-1] INFO  server.RaftServerConfigKeys (ConfUtils.java:logGet(46)) - raft.server.log.write.buffer.size = 1048576 (custom)
2022-11-24 06:38:37,723 [pool-187-thread-1] INFO  server.RaftServerConfigKeys (ConfUtils.java:logGet(46)) - raft.server.log.unsafe-flush.enabled = false (default)
2022-11-24 06:38:37,723 [pool-187-thread-1] INFO  server.RaftServerConfigKeys (ConfUtils.java:logGet(46)) - raft.server.log.async-flush.enabled = false (default)
2022-11-24 06:38:37,723 [pool-187-thread-1] INFO  server.RaftServerConfigKeys (ConfUtils.java:logGet(46)) - raft.server.log.statemachine.data.caching.enabled = true (custom)
2022-11-24 06:38:37,723 [pool-187-thread-1] INFO  segmented.SegmentedRaftLogWorker (SegmentedRaftLogWorker.java:lambda$new$0(136)) - 6fd96d8c-4ef2-4ba8-87f7-371671a16fe6@group-845F74418684-SegmentedRaftLogWorker: flushIndex: setUnconditionally 0 -> -1
2022-11-24 06:38:37,723 [pool-187-thread-1] INFO  segmented.SegmentedRaftLogWorker (SegmentedRaftLogWorker.java:lambda$new$0(136)) - 6fd96d8c-4ef2-4ba8-87f7-371671a16fe6@group-845F74418684-SegmentedRaftLogWorker: safeCacheEvictIndex: setUnconditionally 0 -> -1
2022-11-24 06:38:37,723 [pool-187-thread-1] INFO  server.RaftServer$Division (RaftServerImpl.java:start(334)) - 6fd96d8c-4ef2-4ba8-87f7-371671a16fe6@group-845F74418684: start as a follower, conf=-1: peers:[6fd96d8c-4ef2-4ba8-87f7-371671a16fe6|rpc:10.1.1.33:38311|dataStream:|priority:0|startupRole:FOLLOWER, db462c09-4a41-41c4-b065-df9d46fc3c08|rpc:10.1.1.33:45705|dataStream:|priority:1|startupRole:FOLLOWER, 2412583d-f0ce-4b83-96a1-c4f14f6f25ae|rpc:10.1.1.33:34367|dataStream:|priority:0|startupRole:FOLLOWER]|listeners:[], old=null
2022-11-24 06:38:37,723 [pool-187-thread-1] INFO  server.RaftServer$Division (RaftServerImpl.java:setRole(321)) - 6fd96d8c-4ef2-4ba8-87f7-371671a16fe6@group-845F74418684: changes role from      null to FOLLOWER at term 0 for startAsFollower
2022-11-24 06:38:37,723 [pool-187-thread-1] INFO  impl.RoleInfo (RoleInfo.java:updateAndGet(139)) - 6fd96d8c-4ef2-4ba8-87f7-371671a16fe6: start 6fd96d8c-4ef2-4ba8-87f7-371671a16fe6@group-845F74418684-FollowerState
2022-11-24 06:38:37,725 [pool-187-thread-1] INFO  util.JmxRegister (JmxRegister.java:tryRegister(44)) - Successfully registered JMX Bean with object name Ratis:service=RaftServer,group=group-845F74418684,id=6fd96d8c-4ef2-4ba8-87f7-371671a16fe6
2022-11-24 06:38:37,725 [pool-187-thread-1] INFO  server.RaftServerConfigKeys (ConfUtils.java:logGet(46)) - raft.server.snapshot.auto.trigger.enabled = true (custom)
2022-11-24 06:38:37,725 [6fd96d8c-4ef2-4ba8-87f7-371671a16fe6@group-845F74418684-FollowerState] INFO  server.RaftServerConfigKeys (ConfUtils.java:logFallback(53)) - raft.server.rpc.first-election.timeout.min = 5s (fallback to raft.server.rpc.timeout.min)
2022-11-24 06:38:37,725 [pool-187-thread-1] INFO  server.RaftServerConfigKeys (ConfUtils.java:logGet(46)) - raft.server.snapshot.auto.trigger.threshold = 10000 (custom)
2022-11-24 06:38:37,727 [6fd96d8c-4ef2-4ba8-87f7-371671a16fe6@group-845F74418684-FollowerState] INFO  server.RaftServerConfigKeys (ConfUtils.java:logFallback(53)) - raft.server.rpc.first-election.timeout.max = 5200ms (fallback to raft.server.rpc.timeout.max)
2022-11-24 06:38:37,727 [pool-187-thread-1] INFO  server.RaftServerConfigKeys (ConfUtils.java:logGet(46)) - raft.server.snapshot.retention.file.num = 5 (custom)
2022-11-24 06:38:37,727 [pool-187-thread-1] INFO  server.RaftServerConfigKeys (ConfUtils.java:logGet(46)) - raft.server.log.purge.upto.snapshot.index = false (default)
2022-11-24 06:38:37,733 [Command processor thread] INFO  commandhandler.CreatePipelineCommandHandler (CreatePipelineCommandHandler.java:handle(113)) - Created Pipeline RATIS THREE PipelineID=c4c04c51-39b0-4ebd-bb9d-845f74418684.
2022-11-24 06:38:37,795 [Command processor thread] INFO  server.RaftServer (RaftServerProxy.java:addNew(96)) - 2412583d-f0ce-4b83-96a1-c4f14f6f25ae: addNew group-B83BCE7B16AB:[2412583d-f0ce-4b83-96a1-c4f14f6f25ae|rpc:10.1.1.33:34367|priority:1|startupRole:FOLLOWER] returns group-B83BCE7B16AB:java.util.concurrent.CompletableFuture@a97df6a[Not completed]
2022-11-24 06:38:37,796 [pool-164-thread-1] INFO  server.RaftServer$Division (RaftServerImpl.java:<init>(195)) - 2412583d-f0ce-4b83-96a1-c4f14f6f25ae: new RaftServerImpl for group-B83BCE7B16AB:[2412583d-f0ce-4b83-96a1-c4f14f6f25ae|rpc:10.1.1.33:34367|priority:1|startupRole:FOLLOWER] with ContainerStateMachine:uninitialized
2022-11-24 06:38:37,796 [pool-164-thread-1] INFO  server.RaftServerConfigKeys (ConfUtils.java:logGet(46)) - raft.server.rpc.timeout.min = 5s (custom)
2022-11-24 06:38:37,796 [pool-164-thread-1] INFO  server.RaftServerConfigKeys (ConfUtils.java:logGet(46)) - raft.server.rpc.timeout.max = 5200ms (custom)
2022-11-24 06:38:37,796 [pool-164-thread-1] INFO  server.RaftServerConfigKeys (ConfUtils.java:logGet(46)) - raft.server.rpc.sleep.time = 25ms (default)
2022-11-24 06:38:37,796 [pool-164-thread-1] INFO  server.RaftServerConfigKeys (ConfUtils.java:logGet(46)) - raft.server.rpc.slowness.timeout = 300s (custom)
2022-11-24 06:38:37,796 [pool-164-thread-1] INFO  server.RaftServerConfigKeys (ConfUtils.java:logGet(46)) - raft.server.leaderelection.leader.step-down.wait-time = 10s (default)
2022-11-24 06:38:37,796 [pool-164-thread-1] INFO  server.RaftServerConfigKeys (ConfUtils.java:logGet(46)) - raft.server.sleep.deviation.threshold = 300ms (default)
2022-11-24 06:38:37,797 [pool-164-thread-1] INFO  server.RaftServer$Division (ServerState.java:<init>(118)) - 2412583d-f0ce-4b83-96a1-c4f14f6f25ae@group-B83BCE7B16AB: ConfigurationManager, init=-1: peers:[2412583d-f0ce-4b83-96a1-c4f14f6f25ae|rpc:10.1.1.33:34367|priority:1|startupRole:FOLLOWER]|listeners:[], old=null, confs=<EMPTY_MAP>
2022-11-24 06:38:37,797 [pool-164-thread-1] INFO  server.RaftServerConfigKeys (ConfUtils.java:logGet(46)) - raft.server.storage.dir = [/home/runner/work/ozone/ozone/hadoop-ozone/integration-test/target/test-dir/MiniOzoneClusterImpl-3ca4de4a-72c8-4c23-a990-0556c1b2e11a/datanode-4/data/ratis] (custom)
2022-11-24 06:38:37,797 [pool-164-thread-1] INFO  server.RaftServerConfigKeys (ConfUtils.java:logGet(46)) - raft.server.log.corruption.policy = EXCEPTION (default)
2022-11-24 06:38:37,797 [pool-164-thread-1] INFO  server.RaftServerConfigKeys (ConfUtils.java:logGet(46)) - raft.server.storage.free-space.min = 0MB (=0) (default)
2022-11-24 06:38:37,797 [pool-164-thread-1] INFO  server.RaftServerConfigKeys (ConfUtils.java:logGet(46)) - raft.server.notification.no-leader.timeout = 300s (custom)
2022-11-24 06:38:37,797 [pool-164-thread-1] INFO  server.RaftServerConfigKeys (ConfUtils.java:logGet(46)) - raft.server.retrycache.expirytime = 600000ms (custom)
2022-11-24 06:38:37,797 [pool-164-thread-1] INFO  server.RaftServerConfigKeys (ConfUtils.java:logGet(46)) - raft.server.retrycache.statistics.expirytime = 100μs (default)
2022-11-24 06:38:37,799 [pool-164-thread-1] INFO  server.RaftServerConfigKeys (ConfUtils.java:logGet(46)) - raft.server.log.appender.install.snapshot.enabled = false (custom)
2022-11-24 06:38:37,799 [pool-164-thread-1] INFO  server.RaftServerConfigKeys (ConfUtils.java:logGet(46)) - raft.server.threadpool.server.cached = true (default)
2022-11-24 06:38:37,799 [pool-164-thread-1] INFO  server.RaftServerConfigKeys (ConfUtils.java:logGet(46)) - raft.server.threadpool.server.size = 0 (default)
2022-11-24 06:38:37,799 [pool-164-thread-1] INFO  server.RaftServerConfigKeys (ConfUtils.java:logGet(46)) - raft.server.threadpool.client.cached = true (default)
2022-11-24 06:38:37,799 [pool-164-thread-1] INFO  server.RaftServerConfigKeys (ConfUtils.java:logGet(46)) - raft.server.threadpool.client.size = 0 (default)
2022-11-24 06:38:37,800 [pool-164-thread-1] INFO  storage.RaftStorageDirectory (RaftStorageDirectoryImpl.java:analyzeStorage(137)) - The storage directory /home/runner/work/ozone/ozone/hadoop-ozone/integration-test/target/test-dir/MiniOzoneClusterImpl-3ca4de4a-72c8-4c23-a990-0556c1b2e11a/datanode-4/data/ratis/520352dc-7e01-43f8-932e-b83bce7b16ab does not exist. Creating ...
2022-11-24 06:38:37,805 [pool-164-thread-1] INFO  storage.RaftStorageDirectory (RaftStorageDirectoryImpl.java:tryLock(231)) - Lock on /home/runner/work/ozone/ozone/hadoop-ozone/integration-test/target/test-dir/MiniOzoneClusterImpl-3ca4de4a-72c8-4c23-a990-0556c1b2e11a/datanode-4/data/ratis/520352dc-7e01-43f8-932e-b83bce7b16ab/in_use.lock acquired by nodename 14982@fv-az453-211
2022-11-24 06:38:37,807 [pool-164-thread-1] INFO  storage.RaftStorage (RaftStorageImpl.java:format(96)) - Storage directory /home/runner/work/ozone/ozone/hadoop-ozone/integration-test/target/test-dir/MiniOzoneClusterImpl-3ca4de4a-72c8-4c23-a990-0556c1b2e11a/datanode-4/data/ratis/520352dc-7e01-43f8-932e-b83bce7b16ab has been successfully formatted.
2022-11-24 06:38:37,807 [pool-164-thread-1] INFO  ratis.ContainerStateMachine (ContainerStateMachine.java:loadSnapshot(236)) - group-B83BCE7B16AB: The snapshot info is null. Setting the last applied indexto:(t:0, i:~)
2022-11-24 06:38:37,807 [pool-164-thread-1] INFO  server.RaftServerConfigKeys (ConfUtils.java:logGet(46)) - raft.server.log.use.memory = false (default)
2022-11-24 06:38:37,807 [pool-164-thread-1] INFO  server.RaftServerConfigKeys (ConfUtils.java:logGet(46)) - raft.server.log.purge.gap = 1000000 (custom)
2022-11-24 06:38:37,807 [pool-164-thread-1] INFO  server.RaftServerConfigKeys (ConfUtils.java:logGet(46)) - raft.server.log.appender.buffer.byte-limit = 33554432 (custom)
2022-11-24 06:38:37,807 [pool-164-thread-1] INFO  server.RaftServerConfigKeys (ConfUtils.java:logGet(46)) - raft.server.log.statemachine.data.read.timeout = 1000ms (default)
2022-11-24 06:38:37,808 [pool-164-thread-1] INFO  server.RaftServerConfigKeys (ConfUtils.java:logGet(46)) - raft.server.log.purge.preservation.log.num = 0 (default)
2022-11-24 06:38:37,808 [pool-164-thread-1] INFO  server.RaftServerConfigKeys (ConfUtils.java:logGet(46)) - raft.server.log.segment.size.max = 1048576 (custom)
2022-11-24 06:38:37,808 [pool-164-thread-1] INFO  server.RaftServerConfigKeys (ConfUtils.java:logGet(46)) - raft.server.log.segment.cache.num.max = 2 (custom)
2022-11-24 06:38:37,809 [pool-164-thread-1] INFO  server.RaftServerConfigKeys (ConfUtils.java:logGet(46)) - raft.server.log.segment.cache.size.max = 200MB (=209715200) (default)
2022-11-24 06:38:37,809 [pool-164-thread-1] INFO  segmented.SegmentedRaftLogWorker (SegmentedRaftLogWorker.java:<init>(191)) - new 2412583d-f0ce-4b83-96a1-c4f14f6f25ae@group-B83BCE7B16AB-SegmentedRaftLogWorker for RaftStorageImpl:Storage Directory /home/runner/work/ozone/ozone/hadoop-ozone/integration-test/target/test-dir/MiniOzoneClusterImpl-3ca4de4a-72c8-4c23-a990-0556c1b2e11a/datanode-4/data/ratis/520352dc-7e01-43f8-932e-b83bce7b16ab
2022-11-24 06:38:37,809 [EventQueue-PipelineReportForPipelineReportHandler] INFO  pipeline.PipelineManagerImpl (PipelineManagerImpl.java:openPipeline(367)) - Pipeline Pipeline[ Id: 520352dc-7e01-43f8-932e-b83bce7b16ab, Nodes: 2412583d-f0ce-4b83-96a1-c4f14f6f25ae{ip: 10.1.1.33, host: fv-az453-211.hss2zji4abbufegd5wcf2so25h.dx.internal.cloudapp.net, ports: [REPLICATION=36327, RATIS=34367, RATIS_ADMIN=34367, RATIS_SERVER=34367, STANDALONE=42617], networkLocation: /default-rack, certSerialId: null, persistedOpState: IN_SERVICE, persistedOpStateExpiryEpochSec: 0}, ReplicationConfig: RATIS/ONE, State:ALLOCATED, leaderId:2412583d-f0ce-4b83-96a1-c4f14f6f25ae, CreationTimestamp2022-11-24T06:38:34.800Z[Etc/UTC]] moved to OPEN state
2022-11-24 06:38:37,810 [EventQueue-OpenPipelineForHealthyPipelineSafeModeRule] INFO  safemode.SCMSafeModeManager (HealthyPipelineSafeModeRule.java:process(137)) - SCM in safe mode. Healthy pipelines reported count is 0, required healthy pipeline reported count is 1
2022-11-24 06:38:37,810 [pool-164-thread-1] INFO  server.RaftServerConfigKeys (ConfUtils.java:logGet(46)) - raft.server.log.queue.byte-limit = 4294967296 (custom)
2022-11-24 06:38:37,811 [pool-164-thread-1] INFO  server.RaftServerConfigKeys (ConfUtils.java:logGet(46)) - raft.server.log.queue.element-limit = 1024 (custom)
2022-11-24 06:38:37,811 [pool-164-thread-1] INFO  server.RaftServerConfigKeys (ConfUtils.java:logGet(46)) - raft.server.log.segment.size.max = 1048576 (custom)
2022-11-24 06:38:37,811 [pool-164-thread-1] INFO  server.RaftServerConfigKeys (ConfUtils.java:logGet(46)) - raft.server.log.preallocated.size = 16384 (custom)
2022-11-24 06:38:37,811 [pool-164-thread-1] INFO  server.RaftServerConfigKeys (ConfUtils.java:logGet(46)) - raft.server.log.force.sync.num = 128 (default)
2022-11-24 06:38:37,811 [pool-164-thread-1] INFO  server.RaftServerConfigKeys (ConfUtils.java:logGet(46)) - raft.server.log.statemachine.data.sync = true (default)
2022-11-24 06:38:37,812 [pool-164-thread-1] INFO  server.RaftServerConfigKeys (ConfUtils.java:logGet(46)) - raft.server.log.statemachine.data.sync.timeout = 10s (default)
2022-11-24 06:38:37,812 [pool-164-thread-1] INFO  server.RaftServerConfigKeys (ConfUtils.java:logGet(46)) - raft.server.log.statemachine.data.sync.timeout.retry = -1 (default)
2022-11-24 06:38:37,813 [pool-164-thread-1] INFO  server.RaftServerConfigKeys (ConfUtils.java:logGet(46)) - raft.server.log.write.buffer.size = 1048576 (custom)
2022-11-24 06:38:37,814 [pool-164-thread-1] INFO  server.RaftServerConfigKeys (ConfUtils.java:logGet(46)) - raft.server.log.unsafe-flush.enabled = false (default)
2022-11-24 06:38:37,814 [pool-164-thread-1] INFO  server.RaftServerConfigKeys (ConfUtils.java:logGet(46)) - raft.server.log.async-flush.enabled = false (default)
2022-11-24 06:38:37,814 [pool-164-thread-1] INFO  server.RaftServerConfigKeys (ConfUtils.java:logGet(46)) - raft.server.log.statemachine.data.caching.enabled = true (custom)
2022-11-24 06:38:37,814 [pool-164-thread-1] INFO  segmented.SegmentedRaftLogWorker (SegmentedRaftLogWorker.java:lambda$new$0(136)) - 2412583d-f0ce-4b83-96a1-c4f14f6f25ae@group-B83BCE7B16AB-SegmentedRaftLogWorker: flushIndex: setUnconditionally 0 -> -1
2022-11-24 06:38:37,814 [pool-164-thread-1] INFO  segmented.SegmentedRaftLogWorker (SegmentedRaftLogWorker.java:lambda$new$0(136)) - 2412583d-f0ce-4b83-96a1-c4f14f6f25ae@group-B83BCE7B16AB-SegmentedRaftLogWorker: safeCacheEvictIndex: setUnconditionally 0 -> -1
2022-11-24 06:38:37,817 [pool-164-thread-1] INFO  server.RaftServer$Division (RaftServerImpl.java:start(334)) - 2412583d-f0ce-4b83-96a1-c4f14f6f25ae@group-B83BCE7B16AB: start as a follower, conf=-1: peers:[2412583d-f0ce-4b83-96a1-c4f14f6f25ae|rpc:10.1.1.33:34367|priority:1|startupRole:FOLLOWER]|listeners:[], old=null
2022-11-24 06:38:37,817 [pool-164-thread-1] INFO  server.RaftServer$Division (RaftServerImpl.java:setRole(321)) - 2412583d-f0ce-4b83-96a1-c4f14f6f25ae@group-B83BCE7B16AB: changes role from      null to FOLLOWER at term 0 for startAsFollower
2022-11-24 06:38:37,817 [pool-164-thread-1] INFO  impl.RoleInfo (RoleInfo.java:updateAndGet(139)) - 2412583d-f0ce-4b83-96a1-c4f14f6f25ae: start 2412583d-f0ce-4b83-96a1-c4f14f6f25ae@group-B83BCE7B16AB-FollowerState
2022-11-24 06:38:37,818 [pool-164-thread-1] INFO  util.JmxRegister (JmxRegister.java:tryRegister(44)) - Successfully registered JMX Bean with object name Ratis:service=RaftServer,group=group-B83BCE7B16AB,id=2412583d-f0ce-4b83-96a1-c4f14f6f25ae
2022-11-24 06:38:37,818 [pool-164-thread-1] INFO  server.RaftServerConfigKeys (ConfUtils.java:logGet(46)) - raft.server.snapshot.auto.trigger.enabled = true (custom)
2022-11-24 06:38:37,818 [pool-164-thread-1] INFO  server.RaftServerConfigKeys (ConfUtils.java:logGet(46)) - raft.server.snapshot.auto.trigger.threshold = 10000 (custom)
2022-11-24 06:38:37,818 [pool-164-thread-1] INFO  server.RaftServerConfigKeys (ConfUtils.java:logGet(46)) - raft.server.snapshot.retention.file.num = 5 (custom)
2022-11-24 06:38:37,818 [pool-164-thread-1] INFO  server.RaftServerConfigKeys (ConfUtils.java:logGet(46)) - raft.server.log.purge.upto.snapshot.index = false (default)
2022-11-24 06:38:37,819 [2412583d-f0ce-4b83-96a1-c4f14f6f25ae@group-B83BCE7B16AB-FollowerState] INFO  server.RaftServerConfigKeys (ConfUtils.java:logFallback(53)) - raft.server.rpc.first-election.timeout.min = 5s (fallback to raft.server.rpc.timeout.min)
2022-11-24 06:38:37,820 [2412583d-f0ce-4b83-96a1-c4f14f6f25ae@group-B83BCE7B16AB-FollowerState] INFO  server.RaftServerConfigKeys (ConfUtils.java:logFallback(53)) - raft.server.rpc.first-election.timeout.max = 5200ms (fallback to raft.server.rpc.timeout.max)
2022-11-24 06:38:37,820 [Command processor thread] INFO  ratis.XceiverServerRatis (XceiverServerRatis.java:addGroup(765)) - Created group PipelineID=520352dc-7e01-43f8-932e-b83bce7b16ab
2022-11-24 06:38:37,820 [Command processor thread] INFO  commandhandler.CreatePipelineCommandHandler (CreatePipelineCommandHandler.java:handle(113)) - Created Pipeline RATIS ONE PipelineID=520352dc-7e01-43f8-932e-b83bce7b16ab.
2022-11-24 06:38:38,061 [Listener at 127.0.0.1/43781] INFO  ozone.MiniOzoneClusterImpl (MiniOzoneClusterImpl.java:lambda$waitForClusterToBeReady$0(216)) - Nodes are ready. Got 10 of 10 DN Heartbeats.
2022-11-24 06:38:38,061 [Listener at 127.0.0.1/43781] INFO  ozone.MiniOzoneClusterImpl (MiniOzoneClusterImpl.java:lambda$waitForClusterToBeReady$0(219)) - Waiting for cluster to exit safe mode
2022-11-24 06:38:38,061 [Listener at 127.0.0.1/43781] INFO  ozone.MiniOzoneClusterImpl (MiniOzoneClusterImpl.java:lambda$waitForClusterToBeReady$0(221)) - SCM became leader
2022-11-24 06:38:38,243 [Command processor thread] INFO  server.RaftServer (RaftServerProxy.java:addNew(96)) - 6fd96d8c-4ef2-4ba8-87f7-371671a16fe6: addNew group-F81AFF323CCD:[6fd96d8c-4ef2-4ba8-87f7-371671a16fe6|rpc:10.1.1.33:38311|priority:1|startupRole:FOLLOWER] returns group-F81AFF323CCD:java.util.concurrent.CompletableFuture@161f9d4e[Not completed]
2022-11-24 06:38:38,244 [pool-187-thread-1] INFO  server.RaftServer$Division (RaftServerImpl.java:<init>(195)) - 6fd96d8c-4ef2-4ba8-87f7-371671a16fe6: new RaftServerImpl for group-F81AFF323CCD:[6fd96d8c-4ef2-4ba8-87f7-371671a16fe6|rpc:10.1.1.33:38311|priority:1|startupRole:FOLLOWER] with ContainerStateMachine:uninitialized
2022-11-24 06:38:38,244 [pool-187-thread-1] INFO  server.RaftServerConfigKeys (ConfUtils.java:logGet(46)) - raft.server.rpc.timeout.min = 5s (custom)
2022-11-24 06:38:38,244 [pool-187-thread-1] INFO  server.RaftServerConfigKeys (ConfUtils.java:logGet(46)) - raft.server.rpc.timeout.max = 5200ms (custom)
2022-11-24 06:38:38,244 [pool-187-thread-1] INFO  server.RaftServerConfigKeys (ConfUtils.java:logGet(46)) - raft.server.rpc.sleep.time = 25ms (default)
2022-11-24 06:38:38,244 [pool-187-thread-1] INFO  server.RaftServerConfigKeys (ConfUtils.java:logGet(46)) - raft.server.rpc.slowness.timeout = 300s (custom)
2022-11-24 06:38:38,244 [pool-187-thread-1] INFO  server.RaftServerConfigKeys (ConfUtils.java:logGet(46)) - raft.server.leaderelection.leader.step-down.wait-time = 10s (default)
2022-11-24 06:38:38,244 [pool-187-thread-1] INFO  server.RaftServerConfigKeys (ConfUtils.java:logGet(46)) - raft.server.sleep.deviation.threshold = 300ms (default)
2022-11-24 06:38:38,245 [pool-187-thread-1] INFO  server.RaftServer$Division (ServerState.java:<init>(118)) - 6fd96d8c-4ef2-4ba8-87f7-371671a16fe6@group-F81AFF323CCD: ConfigurationManager, init=-1: peers:[6fd96d8c-4ef2-4ba8-87f7-371671a16fe6|rpc:10.1.1.33:38311|priority:1|startupRole:FOLLOWER]|listeners:[], old=null, confs=<EMPTY_MAP>
2022-11-24 06:38:38,245 [pool-187-thread-1] INFO  server.RaftServerConfigKeys (ConfUtils.java:logGet(46)) - raft.server.storage.dir = [/home/runner/work/ozone/ozone/hadoop-ozone/integration-test/target/test-dir/MiniOzoneClusterImpl-3ca4de4a-72c8-4c23-a990-0556c1b2e11a/datanode-5/data/ratis] (custom)
2022-11-24 06:38:38,245 [pool-187-thread-1] INFO  server.RaftServerConfigKeys (ConfUtils.java:logGet(46)) - raft.server.log.corruption.policy = EXCEPTION (default)
2022-11-24 06:38:38,245 [pool-187-thread-1] INFO  server.RaftServerConfigKeys (ConfUtils.java:logGet(46)) - raft.server.storage.free-space.min = 0MB (=0) (default)
2022-11-24 06:38:38,245 [pool-187-thread-1] INFO  server.RaftServerConfigKeys (ConfUtils.java:logGet(46)) - raft.server.notification.no-leader.timeout = 300s (custom)
2022-11-24 06:38:38,245 [pool-187-thread-1] INFO  server.RaftServerConfigKeys (ConfUtils.java:logGet(46)) - raft.server.retrycache.expirytime = 600000ms (custom)
2022-11-24 06:38:38,245 [pool-187-thread-1] INFO  server.RaftServerConfigKeys (ConfUtils.java:logGet(46)) - raft.server.retrycache.statistics.expirytime = 100μs (default)
2022-11-24 06:38:38,247 [pool-187-thread-1] INFO  server.RaftServerConfigKeys (ConfUtils.java:logGet(46)) - raft.server.log.appender.install.snapshot.enabled = false (custom)
2022-11-24 06:38:38,247 [pool-187-thread-1] INFO  server.RaftServerConfigKeys (ConfUtils.java:logGet(46)) - raft.server.threadpool.server.cached = true (default)
2022-11-24 06:38:38,247 [pool-187-thread-1] INFO  server.RaftServerConfigKeys (ConfUtils.java:logGet(46)) - raft.server.threadpool.server.size = 0 (default)
2022-11-24 06:38:38,247 [pool-187-thread-1] INFO  server.RaftServerConfigKeys (ConfUtils.java:logGet(46)) - raft.server.threadpool.client.cached = true (default)
2022-11-24 06:38:38,247 [pool-187-thread-1] INFO  server.RaftServerConfigKeys (ConfUtils.java:logGet(46)) - raft.server.threadpool.client.size = 0 (default)
2022-11-24 06:38:38,247 [pool-187-thread-1] INFO  storage.RaftStorageDirectory (RaftStorageDirectoryImpl.java:analyzeStorage(137)) - The storage directory /home/runner/work/ozone/ozone/hadoop-ozone/integration-test/target/test-dir/MiniOzoneClusterImpl-3ca4de4a-72c8-4c23-a990-0556c1b2e11a/datanode-5/data/ratis/e36e3a53-4b3b-4730-a7ba-f81aff323ccd does not exist. Creating ...
2022-11-24 06:38:38,249 [pool-187-thread-1] INFO  storage.RaftStorageDirectory (RaftStorageDirectoryImpl.java:tryLock(231)) - Lock on /home/runner/work/ozone/ozone/hadoop-ozone/integration-test/target/test-dir/MiniOzoneClusterImpl-3ca4de4a-72c8-4c23-a990-0556c1b2e11a/datanode-5/data/ratis/e36e3a53-4b3b-4730-a7ba-f81aff323ccd/in_use.lock acquired by nodename 14982@fv-az453-211
2022-11-24 06:38:38,252 [pool-187-thread-1] INFO  storage.RaftStorage (RaftStorageImpl.java:format(96)) - Storage directory /home/runner/work/ozone/ozone/hadoop-ozone/integration-test/target/test-dir/MiniOzoneClusterImpl-3ca4de4a-72c8-4c23-a990-0556c1b2e11a/datanode-5/data/ratis/e36e3a53-4b3b-4730-a7ba-f81aff323ccd has been successfully formatted.
2022-11-24 06:38:38,253 [pool-187-thread-1] INFO  ratis.ContainerStateMachine (ContainerStateMachine.java:loadSnapshot(236)) - group-F81AFF323CCD: The snapshot info is null. Setting the last applied indexto:(t:0, i:~)
2022-11-24 06:38:38,253 [pool-187-thread-1] INFO  server.RaftServerConfigKeys (ConfUtils.java:logGet(46)) - raft.server.log.use.memory = false (default)
2022-11-24 06:38:38,254 [pool-187-thread-1] INFO  server.RaftServerConfigKeys (ConfUtils.java:logGet(46)) - raft.server.log.purge.gap = 1000000 (custom)
2022-11-24 06:38:38,254 [pool-187-thread-1] INFO  server.RaftServerConfigKeys (ConfUtils.java:logGet(46)) - raft.server.log.appender.buffer.byte-limit = 33554432 (custom)
2022-11-24 06:38:38,254 [pool-187-thread-1] INFO  server.RaftServerConfigKeys (ConfUtils.java:logGet(46)) - raft.server.log.statemachine.data.read.timeout = 1000ms (default)
2022-11-24 06:38:38,254 [EventQueue-PipelineReportForPipelineReportHandler] INFO  pipeline.PipelineManagerImpl (PipelineManagerImpl.java:openPipeline(367)) - Pipeline Pipeline[ Id: e36e3a53-4b3b-4730-a7ba-f81aff323ccd, Nodes: 6fd96d8c-4ef2-4ba8-87f7-371671a16fe6{ip: 10.1.1.33, host: fv-az453-211.hss2zji4abbufegd5wcf2so25h.dx.internal.cloudapp.net, ports: [REPLICATION=46619, RATIS=38311, RATIS_ADMIN=38311, RATIS_SERVER=38311, STANDALONE=45669], networkLocation: /default-rack, certSerialId: null, persistedOpState: IN_SERVICE, persistedOpStateExpiryEpochSec: 0}, ReplicationConfig: RATIS/ONE, State:ALLOCATED, leaderId:6fd96d8c-4ef2-4ba8-87f7-371671a16fe6, CreationTimestamp2022-11-24T06:38:35.248Z[Etc/UTC]] moved to OPEN state
2022-11-24 06:38:38,255 [pool-187-thread-1] INFO  server.RaftServerConfigKeys (ConfUtils.java:logGet(46)) - raft.server.log.purge.preservation.log.num = 0 (default)
2022-11-24 06:38:38,255 [pool-187-thread-1] INFO  server.RaftServerConfigKeys (ConfUtils.java:logGet(46)) - raft.server.log.segment.size.max = 1048576 (custom)
2022-11-24 06:38:38,255 [EventQueue-OpenPipelineForHealthyPipelineSafeModeRule] INFO  safemode.SCMSafeModeManager (HealthyPipelineSafeModeRule.java:process(137)) - SCM in safe mode. Healthy pipelines reported count is 0, required healthy pipeline reported count is 1
2022-11-24 06:38:38,260 [pool-187-thread-1] INFO  server.RaftServerConfigKeys (ConfUtils.java:logGet(46)) - raft.server.log.segment.cache.num.max = 2 (custom)
2022-11-24 06:38:38,260 [pool-187-thread-1] INFO  server.RaftServerConfigKeys (ConfUtils.java:logGet(46)) - raft.server.log.segment.cache.size.max = 200MB (=209715200) (default)
2022-11-24 06:38:38,260 [pool-187-thread-1] INFO  segmented.SegmentedRaftLogWorker (SegmentedRaftLogWorker.java:<init>(191)) - new 6fd96d8c-4ef2-4ba8-87f7-371671a16fe6@group-F81AFF323CCD-SegmentedRaftLogWorker for RaftStorageImpl:Storage Directory /home/runner/work/ozone/ozone/hadoop-ozone/integration-test/target/test-dir/MiniOzoneClusterImpl-3ca4de4a-72c8-4c23-a990-0556c1b2e11a/datanode-5/data/ratis/e36e3a53-4b3b-4730-a7ba-f81aff323ccd
2022-11-24 06:38:38,260 [pool-187-thread-1] INFO  server.RaftServerConfigKeys (ConfUtils.java:logGet(46)) - raft.server.log.queue.byte-limit = 4294967296 (custom)
2022-11-24 06:38:38,260 [pool-187-thread-1] INFO  server.RaftServerConfigKeys (ConfUtils.java:logGet(46)) - raft.server.log.queue.element-limit = 1024 (custom)
2022-11-24 06:38:38,260 [pool-187-thread-1] INFO  server.RaftServerConfigKeys (ConfUtils.java:logGet(46)) - raft.server.log.segment.size.max = 1048576 (custom)
2022-11-24 06:38:38,260 [pool-187-thread-1] INFO  server.RaftServerConfigKeys (ConfUtils.java:logGet(46)) - raft.server.log.preallocated.size = 16384 (custom)
2022-11-24 06:38:38,261 [pool-187-thread-1] INFO  server.RaftServerConfigKeys (ConfUtils.java:logGet(46)) - raft.server.log.force.sync.num = 128 (default)
2022-11-24 06:38:38,261 [pool-187-thread-1] INFO  server.RaftServerConfigKeys (ConfUtils.java:logGet(46)) - raft.server.log.statemachine.data.sync = true (default)
2022-11-24 06:38:38,261 [pool-187-thread-1] INFO  server.RaftServerConfigKeys (ConfUtils.java:logGet(46)) - raft.server.log.statemachine.data.sync.timeout = 10s (default)
2022-11-24 06:38:38,261 [pool-187-thread-1] INFO  server.RaftServerConfigKeys (ConfUtils.java:logGet(46)) - raft.server.log.statemachine.data.sync.timeout.retry = -1 (default)
2022-11-24 06:38:38,262 [pool-187-thread-1] INFO  server.RaftServerConfigKeys (ConfUtils.java:logGet(46)) - raft.server.log.write.buffer.size = 1048576 (custom)
2022-11-24 06:38:38,263 [pool-187-thread-1] INFO  server.RaftServerConfigKeys (ConfUtils.java:logGet(46)) - raft.server.log.unsafe-flush.enabled = false (default)
2022-11-24 06:38:38,263 [pool-187-thread-1] INFO  server.RaftServerConfigKeys (ConfUtils.java:logGet(46)) - raft.server.log.async-flush.enabled = false (default)
2022-11-24 06:38:38,263 [pool-187-thread-1] INFO  server.RaftServerConfigKeys (ConfUtils.java:logGet(46)) - raft.server.log.statemachine.data.caching.enabled = true (custom)
2022-11-24 06:38:38,263 [pool-187-thread-1] INFO  segmented.SegmentedRaftLogWorker (SegmentedRaftLogWorker.java:lambda$new$0(136)) - 6fd96d8c-4ef2-4ba8-87f7-371671a16fe6@group-F81AFF323CCD-SegmentedRaftLogWorker: flushIndex: setUnconditionally 0 -> -1
2022-11-24 06:38:38,263 [pool-187-thread-1] INFO  segmented.SegmentedRaftLogWorker (SegmentedRaftLogWorker.java:lambda$new$0(136)) - 6fd96d8c-4ef2-4ba8-87f7-371671a16fe6@group-F81AFF323CCD-SegmentedRaftLogWorker: safeCacheEvictIndex: setUnconditionally 0 -> -1
2022-11-24 06:38:38,264 [pool-187-thread-1] INFO  server.RaftServer$Division (RaftServerImpl.java:start(334)) - 6fd96d8c-4ef2-4ba8-87f7-371671a16fe6@group-F81AFF323CCD: start as a follower, conf=-1: peers:[6fd96d8c-4ef2-4ba8-87f7-371671a16fe6|rpc:10.1.1.33:38311|priority:1|startupRole:FOLLOWER]|listeners:[], old=null
2022-11-24 06:38:38,264 [pool-187-thread-1] INFO  server.RaftServer$Division (RaftServerImpl.java:setRole(321)) - 6fd96d8c-4ef2-4ba8-87f7-371671a16fe6@group-F81AFF323CCD: changes role from      null to FOLLOWER at term 0 for startAsFollower
2022-11-24 06:38:38,264 [pool-187-thread-1] INFO  impl.RoleInfo (RoleInfo.java:updateAndGet(139)) - 6fd96d8c-4ef2-4ba8-87f7-371671a16fe6: start 6fd96d8c-4ef2-4ba8-87f7-371671a16fe6@group-F81AFF323CCD-FollowerState
2022-11-24 06:38:38,264 [pool-187-thread-1] INFO  util.JmxRegister (JmxRegister.java:tryRegister(44)) - Successfully registered JMX Bean with object name Ratis:service=RaftServer,group=group-F81AFF323CCD,id=6fd96d8c-4ef2-4ba8-87f7-371671a16fe6
2022-11-24 06:38:38,264 [pool-187-thread-1] INFO  server.RaftServerConfigKeys (ConfUtils.java:logGet(46)) - raft.server.snapshot.auto.trigger.enabled = true (custom)
2022-11-24 06:38:38,264 [pool-187-thread-1] INFO  server.RaftServerConfigKeys (ConfUtils.java:logGet(46)) - raft.server.snapshot.auto.trigger.threshold = 10000 (custom)
2022-11-24 06:38:38,264 [pool-187-thread-1] INFO  server.RaftServerConfigKeys (ConfUtils.java:logGet(46)) - raft.server.snapshot.retention.file.num = 5 (custom)
2022-11-24 06:38:38,264 [pool-187-thread-1] INFO  server.RaftServerConfigKeys (ConfUtils.java:logGet(46)) - raft.server.log.purge.upto.snapshot.index = false (default)
2022-11-24 06:38:38,265 [6fd96d8c-4ef2-4ba8-87f7-371671a16fe6@group-F81AFF323CCD-FollowerState] INFO  server.RaftServerConfigKeys (ConfUtils.java:logFallback(53)) - raft.server.rpc.first-election.timeout.min = 5s (fallback to raft.server.rpc.timeout.min)
2022-11-24 06:38:38,265 [6fd96d8c-4ef2-4ba8-87f7-371671a16fe6@group-F81AFF323CCD-FollowerState] INFO  server.RaftServerConfigKeys (ConfUtils.java:logFallback(53)) - raft.server.rpc.first-election.timeout.max = 5200ms (fallback to raft.server.rpc.timeout.max)
2022-11-24 06:38:38,266 [Command processor thread] INFO  ratis.XceiverServerRatis (XceiverServerRatis.java:addGroup(765)) - Created group PipelineID=e36e3a53-4b3b-4730-a7ba-f81aff323ccd
2022-11-24 06:38:38,266 [Command processor thread] INFO  commandhandler.CreatePipelineCommandHandler (CreatePipelineCommandHandler.java:handle(113)) - Created Pipeline RATIS ONE PipelineID=e36e3a53-4b3b-4730-a7ba-f81aff323ccd.
2022-11-24 06:38:38,715 [Command processor thread] INFO  server.RaftServer (RaftServerProxy.java:addNew(96)) - 8af73eb1-79e8-42bd-81b7-d22b4389184f: addNew group-90F10F00F203:[8af73eb1-79e8-42bd-81b7-d22b4389184f|rpc:10.1.1.33:44141|priority:1|startupRole:FOLLOWER] returns group-90F10F00F203:java.util.concurrent.CompletableFuture@1338d8eb[Not completed]
2022-11-24 06:38:38,718 [pool-214-thread-1] INFO  server.RaftServer$Division (RaftServerImpl.java:<init>(195)) - 8af73eb1-79e8-42bd-81b7-d22b4389184f: new RaftServerImpl for group-90F10F00F203:[8af73eb1-79e8-42bd-81b7-d22b4389184f|rpc:10.1.1.33:44141|priority:1|startupRole:FOLLOWER] with ContainerStateMachine:uninitialized
2022-11-24 06:38:38,718 [pool-214-thread-1] INFO  server.RaftServerConfigKeys (ConfUtils.java:logGet(46)) - raft.server.rpc.timeout.min = 5s (custom)
2022-11-24 06:38:38,718 [pool-214-thread-1] INFO  server.RaftServerConfigKeys (ConfUtils.java:logGet(46)) - raft.server.rpc.timeout.max = 5200ms (custom)
2022-11-24 06:38:38,719 [pool-214-thread-1] INFO  server.RaftServerConfigKeys (ConfUtils.java:logGet(46)) - raft.server.rpc.sleep.time = 25ms (default)
2022-11-24 06:38:38,719 [pool-214-thread-1] INFO  server.RaftServerConfigKeys (ConfUtils.java:logGet(46)) - raft.server.rpc.slowness.timeout = 300s (custom)
2022-11-24 06:38:38,719 [pool-214-thread-1] INFO  server.RaftServerConfigKeys (ConfUtils.java:logGet(46)) - raft.server.leaderelection.leader.step-down.wait-time = 10s (default)
2022-11-24 06:38:38,719 [pool-214-thread-1] INFO  server.RaftServerConfigKeys (ConfUtils.java:logGet(46)) - raft.server.sleep.deviation.threshold = 300ms (default)
2022-11-24 06:38:38,719 [pool-214-thread-1] INFO  server.RaftServer$Division (ServerState.java:<init>(118)) - 8af73eb1-79e8-42bd-81b7-d22b4389184f@group-90F10F00F203: ConfigurationManager, init=-1: peers:[8af73eb1-79e8-42bd-81b7-d22b4389184f|rpc:10.1.1.33:44141|priority:1|startupRole:FOLLOWER]|listeners:[], old=null, confs=<EMPTY_MAP>
2022-11-24 06:38:38,719 [pool-214-thread-1] INFO  server.RaftServerConfigKeys (ConfUtils.java:logGet(46)) - raft.server.storage.dir = [/home/runner/work/ozone/ozone/hadoop-ozone/integration-test/target/test-dir/MiniOzoneClusterImpl-3ca4de4a-72c8-4c23-a990-0556c1b2e11a/datanode-6/data/ratis] (custom)
2022-11-24 06:38:38,719 [pool-214-thread-1] INFO  server.RaftServerConfigKeys (ConfUtils.java:logGet(46)) - raft.server.log.corruption.policy = EXCEPTION (default)
2022-11-24 06:38:38,719 [pool-214-thread-1] INFO  server.RaftServerConfigKeys (ConfUtils.java:logGet(46)) - raft.server.storage.free-space.min = 0MB (=0) (default)
2022-11-24 06:38:38,719 [pool-214-thread-1] INFO  server.RaftServerConfigKeys (ConfUtils.java:logGet(46)) - raft.server.notification.no-leader.timeout = 300s (custom)
2022-11-24 06:38:38,720 [pool-214-thread-1] INFO  server.RaftServerConfigKeys (ConfUtils.java:logGet(46)) - raft.server.retrycache.expirytime = 600000ms (custom)
2022-11-24 06:38:38,720 [pool-214-thread-1] INFO  server.RaftServerConfigKeys (ConfUtils.java:logGet(46)) - raft.server.retrycache.statistics.expirytime = 100μs (default)
2022-11-24 06:38:38,722 [pool-214-thread-1] INFO  server.RaftServerConfigKeys (ConfUtils.java:logGet(46)) - raft.server.log.appender.install.snapshot.enabled = false (custom)
2022-11-24 06:38:38,723 [pool-214-thread-1] INFO  server.RaftServerConfigKeys (ConfUtils.java:logGet(46)) - raft.server.threadpool.server.cached = true (default)
2022-11-24 06:38:38,723 [pool-214-thread-1] INFO  server.RaftServerConfigKeys (ConfUtils.java:logGet(46)) - raft.server.threadpool.server.size = 0 (default)
2022-11-24 06:38:38,723 [pool-214-thread-1] INFO  server.RaftServerConfigKeys (ConfUtils.java:logGet(46)) - raft.server.threadpool.client.cached = true (default)
2022-11-24 06:38:38,723 [pool-214-thread-1] INFO  server.RaftServerConfigKeys (ConfUtils.java:logGet(46)) - raft.server.threadpool.client.size = 0 (default)
2022-11-24 06:38:38,723 [pool-214-thread-1] INFO  storage.RaftStorageDirectory (RaftStorageDirectoryImpl.java:analyzeStorage(137)) - The storage directory /home/runner/work/ozone/ozone/hadoop-ozone/integration-test/target/test-dir/MiniOzoneClusterImpl-3ca4de4a-72c8-4c23-a990-0556c1b2e11a/datanode-6/data/ratis/78a3379c-db77-46a6-9b1d-90f10f00f203 does not exist. Creating ...
2022-11-24 06:38:38,725 [pool-214-thread-1] INFO  storage.RaftStorageDirectory (RaftStorageDirectoryImpl.java:tryLock(231)) - Lock on /home/runner/work/ozone/ozone/hadoop-ozone/integration-test/target/test-dir/MiniOzoneClusterImpl-3ca4de4a-72c8-4c23-a990-0556c1b2e11a/datanode-6/data/ratis/78a3379c-db77-46a6-9b1d-90f10f00f203/in_use.lock acquired by nodename 14982@fv-az453-211
2022-11-24 06:38:38,726 [pool-214-thread-1] INFO  storage.RaftStorage (RaftStorageImpl.java:format(96)) - Storage directory /home/runner/work/ozone/ozone/hadoop-ozone/integration-test/target/test-dir/MiniOzoneClusterImpl-3ca4de4a-72c8-4c23-a990-0556c1b2e11a/datanode-6/data/ratis/78a3379c-db77-46a6-9b1d-90f10f00f203 has been successfully formatted.
2022-11-24 06:38:38,727 [pool-214-thread-1] INFO  ratis.ContainerStateMachine (ContainerStateMachine.java:loadSnapshot(236)) - group-90F10F00F203: The snapshot info is null. Setting the last applied indexto:(t:0, i:~)
2022-11-24 06:38:38,727 [pool-214-thread-1] INFO  server.RaftServerConfigKeys (ConfUtils.java:logGet(46)) - raft.server.log.use.memory = false (default)
2022-11-24 06:38:38,729 [pool-214-thread-1] INFO  server.RaftServerConfigKeys (ConfUtils.java:logGet(46)) - raft.server.log.purge.gap = 1000000 (custom)
2022-11-24 06:38:38,729 [EventQueue-PipelineReportForPipelineReportHandler] INFO  pipeline.PipelineManagerImpl (PipelineManagerImpl.java:openPipeline(367)) - Pipeline Pipeline[ Id: 78a3379c-db77-46a6-9b1d-90f10f00f203, Nodes: 8af73eb1-79e8-42bd-81b7-d22b4389184f{ip: 10.1.1.33, host: fv-az453-211.hss2zji4abbufegd5wcf2so25h.dx.internal.cloudapp.net, ports: [REPLICATION=36185, RATIS=44141, RATIS_ADMIN=44141, RATIS_SERVER=44141, STANDALONE=36899], networkLocation: /default-rack, certSerialId: null, persistedOpState: IN_SERVICE, persistedOpStateExpiryEpochSec: 0}, ReplicationConfig: RATIS/ONE, State:ALLOCATED, leaderId:8af73eb1-79e8-42bd-81b7-d22b4389184f, CreationTimestamp2022-11-24T06:38:35.723Z[Etc/UTC]] moved to OPEN state
2022-11-24 06:38:38,729 [pool-214-thread-1] INFO  server.RaftServerConfigKeys (ConfUtils.java:logGet(46)) - raft.server.log.appender.buffer.byte-limit = 33554432 (custom)
2022-11-24 06:38:38,729 [pool-214-thread-1] INFO  server.RaftServerConfigKeys (ConfUtils.java:logGet(46)) - raft.server.log.statemachine.data.read.timeout = 1000ms (default)
2022-11-24 06:38:38,729 [pool-214-thread-1] INFO  server.RaftServerConfigKeys (ConfUtils.java:logGet(46)) - raft.server.log.purge.preservation.log.num = 0 (default)
2022-11-24 06:38:38,729 [EventQueue-OpenPipelineForHealthyPipelineSafeModeRule] INFO  safemode.SCMSafeModeManager (HealthyPipelineSafeModeRule.java:process(137)) - SCM in safe mode. Healthy pipelines reported count is 0, required healthy pipeline reported count is 1
2022-11-24 06:38:38,740 [pool-214-thread-1] INFO  server.RaftServerConfigKeys (ConfUtils.java:logGet(46)) - raft.server.log.segment.size.max = 1048576 (custom)
2022-11-24 06:38:38,740 [pool-214-thread-1] INFO  server.RaftServerConfigKeys (ConfUtils.java:logGet(46)) - raft.server.log.segment.cache.num.max = 2 (custom)
2022-11-24 06:38:38,740 [pool-214-thread-1] INFO  server.RaftServerConfigKeys (ConfUtils.java:logGet(46)) - raft.server.log.segment.cache.size.max = 200MB (=209715200) (default)
2022-11-24 06:38:38,742 [pool-214-thread-1] INFO  segmented.SegmentedRaftLogWorker (SegmentedRaftLogWorker.java:<init>(191)) - new 8af73eb1-79e8-42bd-81b7-d22b4389184f@group-90F10F00F203-SegmentedRaftLogWorker for RaftStorageImpl:Storage Directory /home/runner/work/ozone/ozone/hadoop-ozone/integration-test/target/test-dir/MiniOzoneClusterImpl-3ca4de4a-72c8-4c23-a990-0556c1b2e11a/datanode-6/data/ratis/78a3379c-db77-46a6-9b1d-90f10f00f203
2022-11-24 06:38:38,742 [pool-214-thread-1] INFO  server.RaftServerConfigKeys (ConfUtils.java:logGet(46)) - raft.server.log.queue.byte-limit = 4294967296 (custom)
2022-11-24 06:38:38,742 [pool-214-thread-1] INFO  server.RaftServerConfigKeys (ConfUtils.java:logGet(46)) - raft.server.log.queue.element-limit = 1024 (custom)
2022-11-24 06:38:38,743 [pool-214-thread-1] INFO  server.RaftServerConfigKeys (ConfUtils.java:logGet(46)) - raft.server.log.segment.size.max = 1048576 (custom)
2022-11-24 06:38:38,743 [pool-214-thread-1] INFO  server.RaftServerConfigKeys (ConfUtils.java:logGet(46)) - raft.server.log.preallocated.size = 16384 (custom)
2022-11-24 06:38:38,743 [pool-214-thread-1] INFO  server.RaftServerConfigKeys (ConfUtils.java:logGet(46)) - raft.server.log.force.sync.num = 128 (default)
2022-11-24 06:38:38,743 [pool-214-thread-1] INFO  server.RaftServerConfigKeys (ConfUtils.java:logGet(46)) - raft.server.log.statemachine.data.sync = true (default)
2022-11-24 06:38:38,743 [pool-214-thread-1] INFO  server.RaftServerConfigKeys (ConfUtils.java:logGet(46)) - raft.server.log.statemachine.data.sync.timeout = 10s (default)
2022-11-24 06:38:38,743 [pool-214-thread-1] INFO  server.RaftServerConfigKeys (ConfUtils.java:logGet(46)) - raft.server.log.statemachine.data.sync.timeout.retry = -1 (default)
2022-11-24 06:38:38,744 [pool-214-thread-1] INFO  server.RaftServerConfigKeys (ConfUtils.java:logGet(46)) - raft.server.log.write.buffer.size = 1048576 (custom)
2022-11-24 06:38:38,746 [pool-214-thread-1] INFO  server.RaftServerConfigKeys (ConfUtils.java:logGet(46)) - raft.server.log.unsafe-flush.enabled = false (default)
2022-11-24 06:38:38,746 [pool-214-thread-1] INFO  server.RaftServerConfigKeys (ConfUtils.java:logGet(46)) - raft.server.log.async-flush.enabled = false (default)
2022-11-24 06:38:38,746 [pool-214-thread-1] INFO  server.RaftServerConfigKeys (ConfUtils.java:logGet(46)) - raft.server.log.statemachine.data.caching.enabled = true (custom)
2022-11-24 06:38:38,747 [pool-214-thread-1] INFO  segmented.SegmentedRaftLogWorker (SegmentedRaftLogWorker.java:lambda$new$0(136)) - 8af73eb1-79e8-42bd-81b7-d22b4389184f@group-90F10F00F203-SegmentedRaftLogWorker: flushIndex: setUnconditionally 0 -> -1
2022-11-24 06:38:38,747 [pool-214-thread-1] INFO  segmented.SegmentedRaftLogWorker (SegmentedRaftLogWorker.java:lambda$new$0(136)) - 8af73eb1-79e8-42bd-81b7-d22b4389184f@group-90F10F00F203-SegmentedRaftLogWorker: safeCacheEvictIndex: setUnconditionally 0 -> -1
2022-11-24 06:38:38,747 [pool-214-thread-1] INFO  server.RaftServer$Division (RaftServerImpl.java:start(334)) - 8af73eb1-79e8-42bd-81b7-d22b4389184f@group-90F10F00F203: start as a follower, conf=-1: peers:[8af73eb1-79e8-42bd-81b7-d22b4389184f|rpc:10.1.1.33:44141|priority:1|startupRole:FOLLOWER]|listeners:[], old=null
2022-11-24 06:38:38,747 [pool-214-thread-1] INFO  server.RaftServer$Division (RaftServerImpl.java:setRole(321)) - 8af73eb1-79e8-42bd-81b7-d22b4389184f@group-90F10F00F203: changes role from      null to FOLLOWER at term 0 for startAsFollower
2022-11-24 06:38:38,747 [pool-214-thread-1] INFO  impl.RoleInfo (RoleInfo.java:updateAndGet(139)) - 8af73eb1-79e8-42bd-81b7-d22b4389184f: start 8af73eb1-79e8-42bd-81b7-d22b4389184f@group-90F10F00F203-FollowerState
2022-11-24 06:38:38,751 [8af73eb1-79e8-42bd-81b7-d22b4389184f@group-90F10F00F203-FollowerState] INFO  server.RaftServerConfigKeys (ConfUtils.java:logFallback(53)) - raft.server.rpc.first-election.timeout.min = 5s (fallback to raft.server.rpc.timeout.min)
2022-11-24 06:38:38,754 [pool-214-thread-1] INFO  util.JmxRegister (JmxRegister.java:tryRegister(44)) - Successfully registered JMX Bean with object name Ratis:service=RaftServer,group=group-90F10F00F203,id=8af73eb1-79e8-42bd-81b7-d22b4389184f
2022-11-24 06:38:38,756 [pool-214-thread-1] INFO  server.RaftServerConfigKeys (ConfUtils.java:logGet(46)) - raft.server.snapshot.auto.trigger.enabled = true (custom)
2022-11-24 06:38:38,756 [pool-214-thread-1] INFO  server.RaftServerConfigKeys (ConfUtils.java:logGet(46)) - raft.server.snapshot.auto.trigger.threshold = 10000 (custom)
2022-11-24 06:38:38,756 [pool-214-thread-1] INFO  server.RaftServerConfigKeys (ConfUtils.java:logGet(46)) - raft.server.snapshot.retention.file.num = 5 (custom)
2022-11-24 06:38:38,756 [pool-214-thread-1] INFO  server.RaftServerConfigKeys (ConfUtils.java:logGet(46)) - raft.server.log.purge.upto.snapshot.index = false (default)
2022-11-24 06:38:38,756 [8af73eb1-79e8-42bd-81b7-d22b4389184f@group-90F10F00F203-FollowerState] INFO  server.RaftServerConfigKeys (ConfUtils.java:logFallback(53)) - raft.server.rpc.first-election.timeout.max = 5200ms (fallback to raft.server.rpc.timeout.max)
2022-11-24 06:38:38,762 [Command processor thread] INFO  ratis.XceiverServerRatis (XceiverServerRatis.java:addGroup(765)) - Created group PipelineID=78a3379c-db77-46a6-9b1d-90f10f00f203
2022-11-24 06:38:38,763 [Command processor thread] INFO  commandhandler.CreatePipelineCommandHandler (CreatePipelineCommandHandler.java:handle(113)) - Created Pipeline RATIS ONE PipelineID=78a3379c-db77-46a6-9b1d-90f10f00f203.
2022-11-24 06:38:38,763 [Command processor thread] INFO  server.RaftServer (RaftServerProxy.java:addNew(96)) - 8af73eb1-79e8-42bd-81b7-d22b4389184f: addNew group-4EC97286DCBF:[f61b783c-62f9-462d-872d-ac09aa128e21|rpc:10.1.1.33:44027|priority:1|startupRole:FOLLOWER, 8af73eb1-79e8-42bd-81b7-d22b4389184f|rpc:10.1.1.33:44141|priority:0|startupRole:FOLLOWER, c8bfac46-0061-4906-a354-59c2fa211c25|rpc:10.1.1.33:41215|priority:0|startupRole:FOLLOWER] returns group-4EC97286DCBF:java.util.concurrent.CompletableFuture@17074e54[Not completed]
2022-11-24 06:38:38,765 [pool-214-thread-1] INFO  server.RaftServer$Division (RaftServerImpl.java:<init>(195)) - 8af73eb1-79e8-42bd-81b7-d22b4389184f: new RaftServerImpl for group-4EC97286DCBF:[f61b783c-62f9-462d-872d-ac09aa128e21|rpc:10.1.1.33:44027|priority:1|startupRole:FOLLOWER, 8af73eb1-79e8-42bd-81b7-d22b4389184f|rpc:10.1.1.33:44141|priority:0|startupRole:FOLLOWER, c8bfac46-0061-4906-a354-59c2fa211c25|rpc:10.1.1.33:41215|priority:0|startupRole:FOLLOWER] with ContainerStateMachine:uninitialized
2022-11-24 06:38:38,765 [pool-214-thread-1] INFO  server.RaftServerConfigKeys (ConfUtils.java:logGet(46)) - raft.server.rpc.timeout.min = 5s (custom)
2022-11-24 06:38:38,765 [pool-214-thread-1] INFO  server.RaftServerConfigKeys (ConfUtils.java:logGet(46)) - raft.server.rpc.timeout.max = 5200ms (custom)
2022-11-24 06:38:38,765 [pool-214-thread-1] INFO  server.RaftServerConfigKeys (ConfUtils.java:logGet(46)) - raft.server.rpc.sleep.time = 25ms (default)
2022-11-24 06:38:38,765 [pool-214-thread-1] INFO  server.RaftServerConfigKeys (ConfUtils.java:logGet(46)) - raft.server.rpc.slowness.timeout = 300s (custom)
2022-11-24 06:38:38,765 [pool-214-thread-1] INFO  server.RaftServerConfigKeys (ConfUtils.java:logGet(46)) - raft.server.leaderelection.leader.step-down.wait-time = 10s (default)
2022-11-24 06:38:38,765 [pool-214-thread-1] INFO  server.RaftServerConfigKeys (ConfUtils.java:logGet(46)) - raft.server.sleep.deviation.threshold = 300ms (default)
2022-11-24 06:38:38,766 [pool-214-thread-1] INFO  server.RaftServer$Division (ServerState.java:<init>(118)) - 8af73eb1-79e8-42bd-81b7-d22b4389184f@group-4EC97286DCBF: ConfigurationManager, init=-1: peers:[f61b783c-62f9-462d-872d-ac09aa128e21|rpc:10.1.1.33:44027|priority:1|startupRole:FOLLOWER, 8af73eb1-79e8-42bd-81b7-d22b4389184f|rpc:10.1.1.33:44141|priority:0|startupRole:FOLLOWER, c8bfac46-0061-4906-a354-59c2fa211c25|rpc:10.1.1.33:41215|priority:0|startupRole:FOLLOWER]|listeners:[], old=null, confs=<EMPTY_MAP>
2022-11-24 06:38:38,766 [pool-214-thread-1] INFO  server.RaftServerConfigKeys (ConfUtils.java:logGet(46)) - raft.server.storage.dir = [/home/runner/work/ozone/ozone/hadoop-ozone/integration-test/target/test-dir/MiniOzoneClusterImpl-3ca4de4a-72c8-4c23-a990-0556c1b2e11a/datanode-6/data/ratis] (custom)
2022-11-24 06:38:38,766 [pool-214-thread-1] INFO  server.RaftServerConfigKeys (ConfUtils.java:logGet(46)) - raft.server.log.corruption.policy = EXCEPTION (default)
2022-11-24 06:38:38,766 [pool-214-thread-1] INFO  server.RaftServerConfigKeys (ConfUtils.java:logGet(46)) - raft.server.storage.free-space.min = 0MB (=0) (default)
2022-11-24 06:38:38,766 [pool-214-thread-1] INFO  server.RaftServerConfigKeys (ConfUtils.java:logGet(46)) - raft.server.notification.no-leader.timeout = 300s (custom)
2022-11-24 06:38:38,768 [pool-214-thread-1] INFO  server.RaftServerConfigKeys (ConfUtils.java:logGet(46)) - raft.server.retrycache.expirytime = 600000ms (custom)
2022-11-24 06:38:38,768 [pool-214-thread-1] INFO  server.RaftServerConfigKeys (ConfUtils.java:logGet(46)) - raft.server.retrycache.statistics.expirytime = 100μs (default)
2022-11-24 06:38:38,771 [pool-214-thread-1] INFO  server.RaftServerConfigKeys (ConfUtils.java:logGet(46)) - raft.server.log.appender.install.snapshot.enabled = false (custom)
2022-11-24 06:38:38,771 [pool-214-thread-1] INFO  server.RaftServerConfigKeys (ConfUtils.java:logGet(46)) - raft.server.threadpool.server.cached = true (default)
2022-11-24 06:38:38,771 [pool-214-thread-1] INFO  server.RaftServerConfigKeys (ConfUtils.java:logGet(46)) - raft.server.threadpool.server.size = 0 (default)
2022-11-24 06:38:38,771 [pool-214-thread-1] INFO  server.RaftServerConfigKeys (ConfUtils.java:logGet(46)) - raft.server.threadpool.client.cached = true (default)
2022-11-24 06:38:38,771 [pool-214-thread-1] INFO  server.RaftServerConfigKeys (ConfUtils.java:logGet(46)) - raft.server.threadpool.client.size = 0 (default)
2022-11-24 06:38:38,771 [pool-214-thread-1] INFO  storage.RaftStorageDirectory (RaftStorageDirectoryImpl.java:analyzeStorage(137)) - The storage directory /home/runner/work/ozone/ozone/hadoop-ozone/integration-test/target/test-dir/MiniOzoneClusterImpl-3ca4de4a-72c8-4c23-a990-0556c1b2e11a/datanode-6/data/ratis/3cb81546-a1e4-4674-93a2-4ec97286dcbf does not exist. Creating ...
2022-11-24 06:38:38,773 [pool-214-thread-1] INFO  storage.RaftStorageDirectory (RaftStorageDirectoryImpl.java:tryLock(231)) - Lock on /home/runner/work/ozone/ozone/hadoop-ozone/integration-test/target/test-dir/MiniOzoneClusterImpl-3ca4de4a-72c8-4c23-a990-0556c1b2e11a/datanode-6/data/ratis/3cb81546-a1e4-4674-93a2-4ec97286dcbf/in_use.lock acquired by nodename 14982@fv-az453-211
2022-11-24 06:38:38,775 [pool-214-thread-1] INFO  storage.RaftStorage (RaftStorageImpl.java:format(96)) - Storage directory /home/runner/work/ozone/ozone/hadoop-ozone/integration-test/target/test-dir/MiniOzoneClusterImpl-3ca4de4a-72c8-4c23-a990-0556c1b2e11a/datanode-6/data/ratis/3cb81546-a1e4-4674-93a2-4ec97286dcbf has been successfully formatted.
2022-11-24 06:38:38,775 [pool-214-thread-1] INFO  ratis.ContainerStateMachine (ContainerStateMachine.java:loadSnapshot(236)) - group-4EC97286DCBF: The snapshot info is null. Setting the last applied indexto:(t:0, i:~)
2022-11-24 06:38:38,775 [pool-214-thread-1] INFO  server.RaftServerConfigKeys (ConfUtils.java:logGet(46)) - raft.server.log.use.memory = false (default)
2022-11-24 06:38:38,776 [pool-214-thread-1] INFO  server.RaftServerConfigKeys (ConfUtils.java:logGet(46)) - raft.server.log.purge.gap = 1000000 (custom)
2022-11-24 06:38:38,776 [pool-214-thread-1] INFO  server.RaftServerConfigKeys (ConfUtils.java:logGet(46)) - raft.server.log.appender.buffer.byte-limit = 33554432 (custom)
2022-11-24 06:38:38,777 [EventQueue-OpenPipelineForHealthyPipelineSafeModeRule] INFO  safemode.SCMSafeModeManager (HealthyPipelineSafeModeRule.java:process(137)) - SCM in safe mode. Healthy pipelines reported count is 0, required healthy pipeline reported count is 1
2022-11-24 06:38:38,779 [pool-214-thread-1] INFO  server.RaftServerConfigKeys (ConfUtils.java:logGet(46)) - raft.server.log.statemachine.data.read.timeout = 1000ms (default)
2022-11-24 06:38:38,779 [pool-214-thread-1] INFO  server.RaftServerConfigKeys (ConfUtils.java:logGet(46)) - raft.server.log.purge.preservation.log.num = 0 (default)
2022-11-24 06:38:38,780 [pool-214-thread-1] INFO  server.RaftServerConfigKeys (ConfUtils.java:logGet(46)) - raft.server.log.segment.size.max = 1048576 (custom)
2022-11-24 06:38:38,780 [pool-214-thread-1] INFO  server.RaftServerConfigKeys (ConfUtils.java:logGet(46)) - raft.server.log.segment.cache.num.max = 2 (custom)
2022-11-24 06:38:38,780 [pool-214-thread-1] INFO  server.RaftServerConfigKeys (ConfUtils.java:logGet(46)) - raft.server.log.segment.cache.size.max = 200MB (=209715200) (default)
2022-11-24 06:38:38,780 [pool-214-thread-1] INFO  segmented.SegmentedRaftLogWorker (SegmentedRaftLogWorker.java:<init>(191)) - new 8af73eb1-79e8-42bd-81b7-d22b4389184f@group-4EC97286DCBF-SegmentedRaftLogWorker for RaftStorageImpl:Storage Directory /home/runner/work/ozone/ozone/hadoop-ozone/integration-test/target/test-dir/MiniOzoneClusterImpl-3ca4de4a-72c8-4c23-a990-0556c1b2e11a/datanode-6/data/ratis/3cb81546-a1e4-4674-93a2-4ec97286dcbf
2022-11-24 06:38:38,781 [pool-214-thread-1] INFO  server.RaftServerConfigKeys (ConfUtils.java:logGet(46)) - raft.server.log.queue.byte-limit = 4294967296 (custom)
2022-11-24 06:38:38,781 [pool-214-thread-1] INFO  server.RaftServerConfigKeys (ConfUtils.java:logGet(46)) - raft.server.log.queue.element-limit = 1024 (custom)
2022-11-24 06:38:38,781 [pool-214-thread-1] INFO  server.RaftServerConfigKeys (ConfUtils.java:logGet(46)) - raft.server.log.segment.size.max = 1048576 (custom)
2022-11-24 06:38:38,781 [pool-214-thread-1] INFO  server.RaftServerConfigKeys (ConfUtils.java:logGet(46)) - raft.server.log.preallocated.size = 16384 (custom)
2022-11-24 06:38:38,781 [pool-214-thread-1] INFO  server.RaftServerConfigKeys (ConfUtils.java:logGet(46)) - raft.server.log.force.sync.num = 128 (default)
2022-11-24 06:38:38,781 [pool-214-thread-1] INFO  server.RaftServerConfigKeys (ConfUtils.java:logGet(46)) - raft.server.log.statemachine.data.sync = true (default)
2022-11-24 06:38:38,781 [pool-214-thread-1] INFO  server.RaftServerConfigKeys (ConfUtils.java:logGet(46)) - raft.server.log.statemachine.data.sync.timeout = 10s (default)
2022-11-24 06:38:38,781 [pool-214-thread-1] INFO  server.RaftServerConfigKeys (ConfUtils.java:logGet(46)) - raft.server.log.statemachine.data.sync.timeout.retry = -1 (default)
2022-11-24 06:38:38,784 [pool-214-thread-1] INFO  server.RaftServerConfigKeys (ConfUtils.java:logGet(46)) - raft.server.log.write.buffer.size = 1048576 (custom)
2022-11-24 06:38:38,785 [pool-214-thread-1] INFO  server.RaftServerConfigKeys (ConfUtils.java:logGet(46)) - raft.server.log.unsafe-flush.enabled = false (default)
2022-11-24 06:38:38,785 [pool-214-thread-1] INFO  server.RaftServerConfigKeys (ConfUtils.java:logGet(46)) - raft.server.log.async-flush.enabled = false (default)
2022-11-24 06:38:38,785 [pool-214-thread-1] INFO  server.RaftServerConfigKeys (ConfUtils.java:logGet(46)) - raft.server.log.statemachine.data.caching.enabled = true (custom)
2022-11-24 06:38:38,785 [pool-214-thread-1] INFO  segmented.SegmentedRaftLogWorker (SegmentedRaftLogWorker.java:lambda$new$0(136)) - 8af73eb1-79e8-42bd-81b7-d22b4389184f@group-4EC97286DCBF-SegmentedRaftLogWorker: flushIndex: setUnconditionally 0 -> -1
2022-11-24 06:38:38,785 [pool-214-thread-1] INFO  segmented.SegmentedRaftLogWorker (SegmentedRaftLogWorker.java:lambda$new$0(136)) - 8af73eb1-79e8-42bd-81b7-d22b4389184f@group-4EC97286DCBF-SegmentedRaftLogWorker: safeCacheEvictIndex: setUnconditionally 0 -> -1
2022-11-24 06:38:38,786 [pool-214-thread-1] INFO  server.RaftServer$Division (RaftServerImpl.java:start(334)) - 8af73eb1-79e8-42bd-81b7-d22b4389184f@group-4EC97286DCBF: start as a follower, conf=-1: peers:[f61b783c-62f9-462d-872d-ac09aa128e21|rpc:10.1.1.33:44027|priority:1|startupRole:FOLLOWER, 8af73eb1-79e8-42bd-81b7-d22b4389184f|rpc:10.1.1.33:44141|priority:0|startupRole:FOLLOWER, c8bfac46-0061-4906-a354-59c2fa211c25|rpc:10.1.1.33:41215|priority:0|startupRole:FOLLOWER]|listeners:[], old=null
2022-11-24 06:38:38,786 [pool-214-thread-1] INFO  server.RaftServer$Division (RaftServerImpl.java:setRole(321)) - 8af73eb1-79e8-42bd-81b7-d22b4389184f@group-4EC97286DCBF: changes role from      null to FOLLOWER at term 0 for startAsFollower
2022-11-24 06:38:38,786 [pool-214-thread-1] INFO  impl.RoleInfo (RoleInfo.java:updateAndGet(139)) - 8af73eb1-79e8-42bd-81b7-d22b4389184f: start 8af73eb1-79e8-42bd-81b7-d22b4389184f@group-4EC97286DCBF-FollowerState
2022-11-24 06:38:38,790 [8af73eb1-79e8-42bd-81b7-d22b4389184f@group-4EC97286DCBF-FollowerState] INFO  server.RaftServerConfigKeys (ConfUtils.java:logFallback(53)) - raft.server.rpc.first-election.timeout.min = 5s (fallback to raft.server.rpc.timeout.min)
2022-11-24 06:38:38,790 [pool-214-thread-1] INFO  util.JmxRegister (JmxRegister.java:tryRegister(44)) - Successfully registered JMX Bean with object name Ratis:service=RaftServer,group=group-4EC97286DCBF,id=8af73eb1-79e8-42bd-81b7-d22b4389184f
2022-11-24 06:38:38,791 [8af73eb1-79e8-42bd-81b7-d22b4389184f@group-4EC97286DCBF-FollowerState] INFO  server.RaftServerConfigKeys (ConfUtils.java:logFallback(53)) - raft.server.rpc.first-election.timeout.max = 5200ms (fallback to raft.server.rpc.timeout.max)
2022-11-24 06:38:38,791 [pool-214-thread-1] INFO  server.RaftServerConfigKeys (ConfUtils.java:logGet(46)) - raft.server.snapshot.auto.trigger.enabled = true (custom)
2022-11-24 06:38:38,791 [pool-214-thread-1] INFO  server.RaftServerConfigKeys (ConfUtils.java:logGet(46)) - raft.server.snapshot.auto.trigger.threshold = 10000 (custom)
2022-11-24 06:38:38,791 [pool-214-thread-1] INFO  server.RaftServerConfigKeys (ConfUtils.java:logGet(46)) - raft.server.snapshot.retention.file.num = 5 (custom)
2022-11-24 06:38:38,791 [pool-214-thread-1] INFO  server.RaftServerConfigKeys (ConfUtils.java:logGet(46)) - raft.server.log.purge.upto.snapshot.index = false (default)
2022-11-24 06:38:38,793 [Command processor thread] INFO  ratis.XceiverServerRatis (XceiverServerRatis.java:addGroup(765)) - Created group PipelineID=3cb81546-a1e4-4674-93a2-4ec97286dcbf
2022-11-24 06:38:38,818 [grpc-default-executor-1] INFO  server.RaftServer (RaftServerProxy.java:addNew(96)) - f61b783c-62f9-462d-872d-ac09aa128e21: addNew group-4EC97286DCBF:[f61b783c-62f9-462d-872d-ac09aa128e21|rpc:10.1.1.33:44027|dataStream:|priority:1|startupRole:FOLLOWER, 8af73eb1-79e8-42bd-81b7-d22b4389184f|rpc:10.1.1.33:44141|dataStream:|priority:0|startupRole:FOLLOWER, c8bfac46-0061-4906-a354-59c2fa211c25|rpc:10.1.1.33:41215|dataStream:|priority:0|startupRole:FOLLOWER] returns group-4EC97286DCBF:java.util.concurrent.CompletableFuture@4aef1c98[Not completed]
2022-11-24 06:38:38,821 [pool-241-thread-1] INFO  server.RaftServer$Division (RaftServerImpl.java:<init>(195)) - f61b783c-62f9-462d-872d-ac09aa128e21: new RaftServerImpl for group-4EC97286DCBF:[f61b783c-62f9-462d-872d-ac09aa128e21|rpc:10.1.1.33:44027|dataStream:|priority:1|startupRole:FOLLOWER, 8af73eb1-79e8-42bd-81b7-d22b4389184f|rpc:10.1.1.33:44141|dataStream:|priority:0|startupRole:FOLLOWER, c8bfac46-0061-4906-a354-59c2fa211c25|rpc:10.1.1.33:41215|dataStream:|priority:0|startupRole:FOLLOWER] with ContainerStateMachine:uninitialized
2022-11-24 06:38:38,821 [pool-241-thread-1] INFO  server.RaftServerConfigKeys (ConfUtils.java:logGet(46)) - raft.server.rpc.timeout.min = 5s (custom)
2022-11-24 06:38:38,822 [pool-241-thread-1] INFO  server.RaftServerConfigKeys (ConfUtils.java:logGet(46)) - raft.server.rpc.timeout.max = 5200ms (custom)
2022-11-24 06:38:38,822 [pool-241-thread-1] INFO  server.RaftServerConfigKeys (ConfUtils.java:logGet(46)) - raft.server.rpc.sleep.time = 25ms (default)
2022-11-24 06:38:38,822 [pool-241-thread-1] INFO  server.RaftServerConfigKeys (ConfUtils.java:logGet(46)) - raft.server.rpc.slowness.timeout = 300s (custom)
2022-11-24 06:38:38,822 [pool-241-thread-1] INFO  server.RaftServerConfigKeys (ConfUtils.java:logGet(46)) - raft.server.leaderelection.leader.step-down.wait-time = 10s (default)
2022-11-24 06:38:38,823 [pool-241-thread-1] INFO  server.RaftServerConfigKeys (ConfUtils.java:logGet(46)) - raft.server.sleep.deviation.threshold = 300ms (default)
2022-11-24 06:38:38,823 [pool-241-thread-1] INFO  server.RaftServer$Division (ServerState.java:<init>(118)) - f61b783c-62f9-462d-872d-ac09aa128e21@group-4EC97286DCBF: ConfigurationManager, init=-1: peers:[f61b783c-62f9-462d-872d-ac09aa128e21|rpc:10.1.1.33:44027|dataStream:|priority:1|startupRole:FOLLOWER, 8af73eb1-79e8-42bd-81b7-d22b4389184f|rpc:10.1.1.33:44141|dataStream:|priority:0|startupRole:FOLLOWER, c8bfac46-0061-4906-a354-59c2fa211c25|rpc:10.1.1.33:41215|dataStream:|priority:0|startupRole:FOLLOWER]|listeners:[], old=null, confs=<EMPTY_MAP>
2022-11-24 06:38:38,823 [pool-241-thread-1] INFO  server.RaftServerConfigKeys (ConfUtils.java:logGet(46)) - raft.server.storage.dir = [/home/runner/work/ozone/ozone/hadoop-ozone/integration-test/target/test-dir/MiniOzoneClusterImpl-3ca4de4a-72c8-4c23-a990-0556c1b2e11a/datanode-7/data/ratis] (custom)
2022-11-24 06:38:38,824 [pool-241-thread-1] INFO  server.RaftServerConfigKeys (ConfUtils.java:logGet(46)) - raft.server.log.corruption.policy = EXCEPTION (default)
2022-11-24 06:38:38,824 [pool-241-thread-1] INFO  server.RaftServerConfigKeys (ConfUtils.java:logGet(46)) - raft.server.storage.free-space.min = 0MB (=0) (default)
2022-11-24 06:38:38,824 [pool-241-thread-1] INFO  server.RaftServerConfigKeys (ConfUtils.java:logGet(46)) - raft.server.notification.no-leader.timeout = 300s (custom)
2022-11-24 06:38:38,824 [pool-241-thread-1] INFO  server.RaftServerConfigKeys (ConfUtils.java:logGet(46)) - raft.server.retrycache.expirytime = 600000ms (custom)
2022-11-24 06:38:38,824 [pool-241-thread-1] INFO  server.RaftServerConfigKeys (ConfUtils.java:logGet(46)) - raft.server.retrycache.statistics.expirytime = 100μs (default)
2022-11-24 06:38:38,827 [pool-241-thread-1] INFO  server.RaftServerConfigKeys (ConfUtils.java:logGet(46)) - raft.server.log.appender.install.snapshot.enabled = false (custom)
2022-11-24 06:38:38,828 [pool-241-thread-1] INFO  server.RaftServerConfigKeys (ConfUtils.java:logGet(46)) - raft.server.threadpool.server.cached = true (default)
2022-11-24 06:38:38,828 [pool-241-thread-1] INFO  server.RaftServerConfigKeys (ConfUtils.java:logGet(46)) - raft.server.threadpool.server.size = 0 (default)
2022-11-24 06:38:38,828 [pool-241-thread-1] INFO  server.RaftServerConfigKeys (ConfUtils.java:logGet(46)) - raft.server.threadpool.client.cached = true (default)
2022-11-24 06:38:38,828 [pool-241-thread-1] INFO  server.RaftServerConfigKeys (ConfUtils.java:logGet(46)) - raft.server.threadpool.client.size = 0 (default)
2022-11-24 06:38:38,828 [pool-241-thread-1] INFO  storage.RaftStorageDirectory (RaftStorageDirectoryImpl.java:analyzeStorage(137)) - The storage directory /home/runner/work/ozone/ozone/hadoop-ozone/integration-test/target/test-dir/MiniOzoneClusterImpl-3ca4de4a-72c8-4c23-a990-0556c1b2e11a/datanode-7/data/ratis/3cb81546-a1e4-4674-93a2-4ec97286dcbf does not exist. Creating ...
2022-11-24 06:38:38,829 [pool-241-thread-1] INFO  storage.RaftStorageDirectory (RaftStorageDirectoryImpl.java:tryLock(231)) - Lock on /home/runner/work/ozone/ozone/hadoop-ozone/integration-test/target/test-dir/MiniOzoneClusterImpl-3ca4de4a-72c8-4c23-a990-0556c1b2e11a/datanode-7/data/ratis/3cb81546-a1e4-4674-93a2-4ec97286dcbf/in_use.lock acquired by nodename 14982@fv-az453-211
2022-11-24 06:38:38,831 [pool-241-thread-1] INFO  storage.RaftStorage (RaftStorageImpl.java:format(96)) - Storage directory /home/runner/work/ozone/ozone/hadoop-ozone/integration-test/target/test-dir/MiniOzoneClusterImpl-3ca4de4a-72c8-4c23-a990-0556c1b2e11a/datanode-7/data/ratis/3cb81546-a1e4-4674-93a2-4ec97286dcbf has been successfully formatted.
2022-11-24 06:38:38,835 [pool-241-thread-1] INFO  ratis.ContainerStateMachine (ContainerStateMachine.java:loadSnapshot(236)) - group-4EC97286DCBF: The snapshot info is null. Setting the last applied indexto:(t:0, i:~)
2022-11-24 06:38:38,835 [pool-241-thread-1] INFO  server.RaftServerConfigKeys (ConfUtils.java:logGet(46)) - raft.server.log.use.memory = false (default)
2022-11-24 06:38:38,836 [pool-241-thread-1] INFO  server.RaftServerConfigKeys (ConfUtils.java:logGet(46)) - raft.server.log.purge.gap = 1000000 (custom)
2022-11-24 06:38:38,836 [pool-241-thread-1] INFO  server.RaftServerConfigKeys (ConfUtils.java:logGet(46)) - raft.server.log.appender.buffer.byte-limit = 33554432 (custom)
2022-11-24 06:38:38,836 [pool-241-thread-1] INFO  server.RaftServerConfigKeys (ConfUtils.java:logGet(46)) - raft.server.log.statemachine.data.read.timeout = 1000ms (default)
2022-11-24 06:38:38,836 [pool-241-thread-1] INFO  server.RaftServerConfigKeys (ConfUtils.java:logGet(46)) - raft.server.log.purge.preservation.log.num = 0 (default)
2022-11-24 06:38:38,836 [pool-241-thread-1] INFO  server.RaftServerConfigKeys (ConfUtils.java:logGet(46)) - raft.server.log.segment.size.max = 1048576 (custom)
2022-11-24 06:38:38,837 [pool-241-thread-1] INFO  server.RaftServerConfigKeys (ConfUtils.java:logGet(46)) - raft.server.log.segment.cache.num.max = 2 (custom)
2022-11-24 06:38:38,837 [pool-241-thread-1] INFO  server.RaftServerConfigKeys (ConfUtils.java:logGet(46)) - raft.server.log.segment.cache.size.max = 200MB (=209715200) (default)
2022-11-24 06:38:38,837 [pool-241-thread-1] INFO  segmented.SegmentedRaftLogWorker (SegmentedRaftLogWorker.java:<init>(191)) - new f61b783c-62f9-462d-872d-ac09aa128e21@group-4EC97286DCBF-SegmentedRaftLogWorker for RaftStorageImpl:Storage Directory /home/runner/work/ozone/ozone/hadoop-ozone/integration-test/target/test-dir/MiniOzoneClusterImpl-3ca4de4a-72c8-4c23-a990-0556c1b2e11a/datanode-7/data/ratis/3cb81546-a1e4-4674-93a2-4ec97286dcbf
2022-11-24 06:38:38,837 [pool-241-thread-1] INFO  server.RaftServerConfigKeys (ConfUtils.java:logGet(46)) - raft.server.log.queue.byte-limit = 4294967296 (custom)
2022-11-24 06:38:38,837 [pool-241-thread-1] INFO  server.RaftServerConfigKeys (ConfUtils.java:logGet(46)) - raft.server.log.queue.element-limit = 1024 (custom)
2022-11-24 06:38:38,837 [pool-241-thread-1] INFO  server.RaftServerConfigKeys (ConfUtils.java:logGet(46)) - raft.server.log.segment.size.max = 1048576 (custom)
2022-11-24 06:38:38,837 [pool-241-thread-1] INFO  server.RaftServerConfigKeys (ConfUtils.java:logGet(46)) - raft.server.log.preallocated.size = 16384 (custom)
2022-11-24 06:38:38,837 [pool-241-thread-1] INFO  server.RaftServerConfigKeys (ConfUtils.java:logGet(46)) - raft.server.log.force.sync.num = 128 (default)
2022-11-24 06:38:38,838 [pool-241-thread-1] INFO  server.RaftServerConfigKeys (ConfUtils.java:logGet(46)) - raft.server.log.statemachine.data.sync = true (default)
2022-11-24 06:38:38,838 [pool-241-thread-1] INFO  server.RaftServerConfigKeys (ConfUtils.java:logGet(46)) - raft.server.log.statemachine.data.sync.timeout = 10s (default)
2022-11-24 06:38:38,838 [pool-241-thread-1] INFO  server.RaftServerConfigKeys (ConfUtils.java:logGet(46)) - raft.server.log.statemachine.data.sync.timeout.retry = -1 (default)
2022-11-24 06:38:38,841 [pool-241-thread-1] INFO  server.RaftServerConfigKeys (ConfUtils.java:logGet(46)) - raft.server.log.write.buffer.size = 1048576 (custom)
2022-11-24 06:38:38,842 [pool-241-thread-1] INFO  server.RaftServerConfigKeys (ConfUtils.java:logGet(46)) - raft.server.log.unsafe-flush.enabled = false (default)
2022-11-24 06:38:38,842 [pool-241-thread-1] INFO  server.RaftServerConfigKeys (ConfUtils.java:logGet(46)) - raft.server.log.async-flush.enabled = false (default)
2022-11-24 06:38:38,842 [pool-241-thread-1] INFO  server.RaftServerConfigKeys (ConfUtils.java:logGet(46)) - raft.server.log.statemachine.data.caching.enabled = true (custom)
2022-11-24 06:38:38,842 [pool-241-thread-1] INFO  segmented.SegmentedRaftLogWorker (SegmentedRaftLogWorker.java:lambda$new$0(136)) - f61b783c-62f9-462d-872d-ac09aa128e21@group-4EC97286DCBF-SegmentedRaftLogWorker: flushIndex: setUnconditionally 0 -> -1
2022-11-24 06:38:38,843 [pool-241-thread-1] INFO  segmented.SegmentedRaftLogWorker (SegmentedRaftLogWorker.java:lambda$new$0(136)) - f61b783c-62f9-462d-872d-ac09aa128e21@group-4EC97286DCBF-SegmentedRaftLogWorker: safeCacheEvictIndex: setUnconditionally 0 -> -1
2022-11-24 06:38:38,843 [pool-241-thread-1] INFO  server.RaftServer$Division (RaftServerImpl.java:start(334)) - f61b783c-62f9-462d-872d-ac09aa128e21@group-4EC97286DCBF: start as a follower, conf=-1: peers:[f61b783c-62f9-462d-872d-ac09aa128e21|rpc:10.1.1.33:44027|dataStream:|priority:1|startupRole:FOLLOWER, 8af73eb1-79e8-42bd-81b7-d22b4389184f|rpc:10.1.1.33:44141|dataStream:|priority:0|startupRole:FOLLOWER, c8bfac46-0061-4906-a354-59c2fa211c25|rpc:10.1.1.33:41215|dataStream:|priority:0|startupRole:FOLLOWER]|listeners:[], old=null
2022-11-24 06:38:38,843 [pool-241-thread-1] INFO  server.RaftServer$Division (RaftServerImpl.java:setRole(321)) - f61b783c-62f9-462d-872d-ac09aa128e21@group-4EC97286DCBF: changes role from      null to FOLLOWER at term 0 for startAsFollower
2022-11-24 06:38:38,843 [pool-241-thread-1] INFO  impl.RoleInfo (RoleInfo.java:updateAndGet(139)) - f61b783c-62f9-462d-872d-ac09aa128e21: start f61b783c-62f9-462d-872d-ac09aa128e21@group-4EC97286DCBF-FollowerState
2022-11-24 06:38:38,846 [pool-241-thread-1] INFO  util.JmxRegister (JmxRegister.java:tryRegister(44)) - Successfully registered JMX Bean with object name Ratis:service=RaftServer,group=group-4EC97286DCBF,id=f61b783c-62f9-462d-872d-ac09aa128e21
2022-11-24 06:38:38,847 [pool-241-thread-1] INFO  server.RaftServerConfigKeys (ConfUtils.java:logGet(46)) - raft.server.snapshot.auto.trigger.enabled = true (custom)
2022-11-24 06:38:38,847 [pool-241-thread-1] INFO  server.RaftServerConfigKeys (ConfUtils.java:logGet(46)) - raft.server.snapshot.auto.trigger.threshold = 10000 (custom)
2022-11-24 06:38:38,847 [pool-241-thread-1] INFO  server.RaftServerConfigKeys (ConfUtils.java:logGet(46)) - raft.server.snapshot.retention.file.num = 5 (custom)
2022-11-24 06:38:38,847 [pool-241-thread-1] INFO  server.RaftServerConfigKeys (ConfUtils.java:logGet(46)) - raft.server.log.purge.upto.snapshot.index = false (default)
2022-11-24 06:38:38,849 [f61b783c-62f9-462d-872d-ac09aa128e21@group-4EC97286DCBF-FollowerState] INFO  server.RaftServerConfigKeys (ConfUtils.java:logFallback(53)) - raft.server.rpc.first-election.timeout.min = 5s (fallback to raft.server.rpc.timeout.min)
2022-11-24 06:38:38,856 [f61b783c-62f9-462d-872d-ac09aa128e21@group-4EC97286DCBF-FollowerState] INFO  server.RaftServerConfigKeys (ConfUtils.java:logFallback(53)) - raft.server.rpc.first-election.timeout.max = 5200ms (fallback to raft.server.rpc.timeout.max)
2022-11-24 06:38:38,879 [grpc-default-executor-1] INFO  server.RaftServer (RaftServerProxy.java:addNew(96)) - c8bfac46-0061-4906-a354-59c2fa211c25: addNew group-4EC97286DCBF:[f61b783c-62f9-462d-872d-ac09aa128e21|rpc:10.1.1.33:44027|dataStream:|priority:1|startupRole:FOLLOWER, 8af73eb1-79e8-42bd-81b7-d22b4389184f|rpc:10.1.1.33:44141|dataStream:|priority:0|startupRole:FOLLOWER, c8bfac46-0061-4906-a354-59c2fa211c25|rpc:10.1.1.33:41215|dataStream:|priority:0|startupRole:FOLLOWER] returns group-4EC97286DCBF:java.util.concurrent.CompletableFuture@5b871fb2[Not completed]
2022-11-24 06:38:38,880 [pool-268-thread-1] INFO  server.RaftServer$Division (RaftServerImpl.java:<init>(195)) - c8bfac46-0061-4906-a354-59c2fa211c25: new RaftServerImpl for group-4EC97286DCBF:[f61b783c-62f9-462d-872d-ac09aa128e21|rpc:10.1.1.33:44027|dataStream:|priority:1|startupRole:FOLLOWER, 8af73eb1-79e8-42bd-81b7-d22b4389184f|rpc:10.1.1.33:44141|dataStream:|priority:0|startupRole:FOLLOWER, c8bfac46-0061-4906-a354-59c2fa211c25|rpc:10.1.1.33:41215|dataStream:|priority:0|startupRole:FOLLOWER] with ContainerStateMachine:uninitialized
2022-11-24 06:38:38,880 [pool-268-thread-1] INFO  server.RaftServerConfigKeys (ConfUtils.java:logGet(46)) - raft.server.rpc.timeout.min = 5s (custom)
2022-11-24 06:38:38,881 [pool-268-thread-1] INFO  server.RaftServerConfigKeys (ConfUtils.java:logGet(46)) - raft.server.rpc.timeout.max = 5200ms (custom)
2022-11-24 06:38:38,881 [pool-268-thread-1] INFO  server.RaftServerConfigKeys (ConfUtils.java:logGet(46)) - raft.server.rpc.sleep.time = 25ms (default)
2022-11-24 06:38:38,881 [pool-268-thread-1] INFO  server.RaftServerConfigKeys (ConfUtils.java:logGet(46)) - raft.server.rpc.slowness.timeout = 300s (custom)
2022-11-24 06:38:38,881 [pool-268-thread-1] INFO  server.RaftServerConfigKeys (ConfUtils.java:logGet(46)) - raft.server.leaderelection.leader.step-down.wait-time = 10s (default)
2022-11-24 06:38:38,881 [pool-268-thread-1] INFO  server.RaftServerConfigKeys (ConfUtils.java:logGet(46)) - raft.server.sleep.deviation.threshold = 300ms (default)
2022-11-24 06:38:38,881 [pool-268-thread-1] INFO  server.RaftServer$Division (ServerState.java:<init>(118)) - c8bfac46-0061-4906-a354-59c2fa211c25@group-4EC97286DCBF: ConfigurationManager, init=-1: peers:[f61b783c-62f9-462d-872d-ac09aa128e21|rpc:10.1.1.33:44027|dataStream:|priority:1|startupRole:FOLLOWER, 8af73eb1-79e8-42bd-81b7-d22b4389184f|rpc:10.1.1.33:44141|dataStream:|priority:0|startupRole:FOLLOWER, c8bfac46-0061-4906-a354-59c2fa211c25|rpc:10.1.1.33:41215|dataStream:|priority:0|startupRole:FOLLOWER]|listeners:[], old=null, confs=<EMPTY_MAP>
2022-11-24 06:38:38,881 [pool-268-thread-1] INFO  server.RaftServerConfigKeys (ConfUtils.java:logGet(46)) - raft.server.storage.dir = [/home/runner/work/ozone/ozone/hadoop-ozone/integration-test/target/test-dir/MiniOzoneClusterImpl-3ca4de4a-72c8-4c23-a990-0556c1b2e11a/datanode-8/data/ratis] (custom)
2022-11-24 06:38:38,881 [pool-268-thread-1] INFO  server.RaftServerConfigKeys (ConfUtils.java:logGet(46)) - raft.server.log.corruption.policy = EXCEPTION (default)
2022-11-24 06:38:38,881 [pool-268-thread-1] INFO  server.RaftServerConfigKeys (ConfUtils.java:logGet(46)) - raft.server.storage.free-space.min = 0MB (=0) (default)
2022-11-24 06:38:38,881 [pool-268-thread-1] INFO  server.RaftServerConfigKeys (ConfUtils.java:logGet(46)) - raft.server.notification.no-leader.timeout = 300s (custom)
2022-11-24 06:38:38,882 [pool-268-thread-1] INFO  server.RaftServerConfigKeys (ConfUtils.java:logGet(46)) - raft.server.retrycache.expirytime = 600000ms (custom)
2022-11-24 06:38:38,882 [pool-268-thread-1] INFO  server.RaftServerConfigKeys (ConfUtils.java:logGet(46)) - raft.server.retrycache.statistics.expirytime = 100μs (default)
2022-11-24 06:38:38,884 [pool-268-thread-1] INFO  server.RaftServerConfigKeys (ConfUtils.java:logGet(46)) - raft.server.log.appender.install.snapshot.enabled = false (custom)
2022-11-24 06:38:38,884 [pool-268-thread-1] INFO  server.RaftServerConfigKeys (ConfUtils.java:logGet(46)) - raft.server.threadpool.server.cached = true (default)
2022-11-24 06:38:38,884 [pool-268-thread-1] INFO  server.RaftServerConfigKeys (ConfUtils.java:logGet(46)) - raft.server.threadpool.server.size = 0 (default)
2022-11-24 06:38:38,884 [pool-268-thread-1] INFO  server.RaftServerConfigKeys (ConfUtils.java:logGet(46)) - raft.server.threadpool.client.cached = true (default)
2022-11-24 06:38:38,885 [pool-268-thread-1] INFO  server.RaftServerConfigKeys (ConfUtils.java:logGet(46)) - raft.server.threadpool.client.size = 0 (default)
2022-11-24 06:38:38,885 [pool-268-thread-1] INFO  storage.RaftStorageDirectory (RaftStorageDirectoryImpl.java:analyzeStorage(137)) - The storage directory /home/runner/work/ozone/ozone/hadoop-ozone/integration-test/target/test-dir/MiniOzoneClusterImpl-3ca4de4a-72c8-4c23-a990-0556c1b2e11a/datanode-8/data/ratis/3cb81546-a1e4-4674-93a2-4ec97286dcbf does not exist. Creating ...
2022-11-24 06:38:38,886 [pool-268-thread-1] INFO  storage.RaftStorageDirectory (RaftStorageDirectoryImpl.java:tryLock(231)) - Lock on /home/runner/work/ozone/ozone/hadoop-ozone/integration-test/target/test-dir/MiniOzoneClusterImpl-3ca4de4a-72c8-4c23-a990-0556c1b2e11a/datanode-8/data/ratis/3cb81546-a1e4-4674-93a2-4ec97286dcbf/in_use.lock acquired by nodename 14982@fv-az453-211
2022-11-24 06:38:38,887 [pool-268-thread-1] INFO  storage.RaftStorage (RaftStorageImpl.java:format(96)) - Storage directory /home/runner/work/ozone/ozone/hadoop-ozone/integration-test/target/test-dir/MiniOzoneClusterImpl-3ca4de4a-72c8-4c23-a990-0556c1b2e11a/datanode-8/data/ratis/3cb81546-a1e4-4674-93a2-4ec97286dcbf has been successfully formatted.
2022-11-24 06:38:38,888 [pool-268-thread-1] INFO  ratis.ContainerStateMachine (ContainerStateMachine.java:loadSnapshot(236)) - group-4EC97286DCBF: The snapshot info is null. Setting the last applied indexto:(t:0, i:~)
2022-11-24 06:38:38,888 [pool-268-thread-1] INFO  server.RaftServerConfigKeys (ConfUtils.java:logGet(46)) - raft.server.log.use.memory = false (default)
2022-11-24 06:38:38,888 [pool-268-thread-1] INFO  server.RaftServerConfigKeys (ConfUtils.java:logGet(46)) - raft.server.log.purge.gap = 1000000 (custom)
2022-11-24 06:38:38,889 [pool-268-thread-1] INFO  server.RaftServerConfigKeys (ConfUtils.java:logGet(46)) - raft.server.log.appender.buffer.byte-limit = 33554432 (custom)
2022-11-24 06:38:38,889 [pool-268-thread-1] INFO  server.RaftServerConfigKeys (ConfUtils.java:logGet(46)) - raft.server.log.statemachine.data.read.timeout = 1000ms (default)
2022-11-24 06:38:38,889 [pool-268-thread-1] INFO  server.RaftServerConfigKeys (ConfUtils.java:logGet(46)) - raft.server.log.purge.preservation.log.num = 0 (default)
2022-11-24 06:38:38,890 [pool-268-thread-1] INFO  server.RaftServerConfigKeys (ConfUtils.java:logGet(46)) - raft.server.log.segment.size.max = 1048576 (custom)
2022-11-24 06:38:38,891 [pool-268-thread-1] INFO  server.RaftServerConfigKeys (ConfUtils.java:logGet(46)) - raft.server.log.segment.cache.num.max = 2 (custom)
2022-11-24 06:38:38,891 [pool-268-thread-1] INFO  server.RaftServerConfigKeys (ConfUtils.java:logGet(46)) - raft.server.log.segment.cache.size.max = 200MB (=209715200) (default)
2022-11-24 06:38:38,891 [pool-268-thread-1] INFO  segmented.SegmentedRaftLogWorker (SegmentedRaftLogWorker.java:<init>(191)) - new c8bfac46-0061-4906-a354-59c2fa211c25@group-4EC97286DCBF-SegmentedRaftLogWorker for RaftStorageImpl:Storage Directory /home/runner/work/ozone/ozone/hadoop-ozone/integration-test/target/test-dir/MiniOzoneClusterImpl-3ca4de4a-72c8-4c23-a990-0556c1b2e11a/datanode-8/data/ratis/3cb81546-a1e4-4674-93a2-4ec97286dcbf
2022-11-24 06:38:38,891 [pool-268-thread-1] INFO  server.RaftServerConfigKeys (ConfUtils.java:logGet(46)) - raft.server.log.queue.byte-limit = 4294967296 (custom)
2022-11-24 06:38:38,891 [pool-268-thread-1] INFO  server.RaftServerConfigKeys (ConfUtils.java:logGet(46)) - raft.server.log.queue.element-limit = 1024 (custom)
2022-11-24 06:38:38,891 [pool-268-thread-1] INFO  server.RaftServerConfigKeys (ConfUtils.java:logGet(46)) - raft.server.log.segment.size.max = 1048576 (custom)
2022-11-24 06:38:38,891 [pool-268-thread-1] INFO  server.RaftServerConfigKeys (ConfUtils.java:logGet(46)) - raft.server.log.preallocated.size = 16384 (custom)
2022-11-24 06:38:38,891 [pool-268-thread-1] INFO  server.RaftServerConfigKeys (ConfUtils.java:logGet(46)) - raft.server.log.force.sync.num = 128 (default)
2022-11-24 06:38:38,891 [pool-268-thread-1] INFO  server.RaftServerConfigKeys (ConfUtils.java:logGet(46)) - raft.server.log.statemachine.data.sync = true (default)
2022-11-24 06:38:38,892 [pool-268-thread-1] INFO  server.RaftServerConfigKeys (ConfUtils.java:logGet(46)) - raft.server.log.statemachine.data.sync.timeout = 10s (default)
2022-11-24 06:38:38,892 [pool-268-thread-1] INFO  server.RaftServerConfigKeys (ConfUtils.java:logGet(46)) - raft.server.log.statemachine.data.sync.timeout.retry = -1 (default)
2022-11-24 06:38:38,893 [pool-268-thread-1] INFO  server.RaftServerConfigKeys (ConfUtils.java:logGet(46)) - raft.server.log.write.buffer.size = 1048576 (custom)
2022-11-24 06:38:38,893 [pool-268-thread-1] INFO  server.RaftServerConfigKeys (ConfUtils.java:logGet(46)) - raft.server.log.unsafe-flush.enabled = false (default)
2022-11-24 06:38:38,893 [pool-268-thread-1] INFO  server.RaftServerConfigKeys (ConfUtils.java:logGet(46)) - raft.server.log.async-flush.enabled = false (default)
2022-11-24 06:38:38,894 [pool-268-thread-1] INFO  server.RaftServerConfigKeys (ConfUtils.java:logGet(46)) - raft.server.log.statemachine.data.caching.enabled = true (custom)
2022-11-24 06:38:38,894 [pool-268-thread-1] INFO  segmented.SegmentedRaftLogWorker (SegmentedRaftLogWorker.java:lambda$new$0(136)) - c8bfac46-0061-4906-a354-59c2fa211c25@group-4EC97286DCBF-SegmentedRaftLogWorker: flushIndex: setUnconditionally 0 -> -1
2022-11-24 06:38:38,894 [pool-268-thread-1] INFO  segmented.SegmentedRaftLogWorker (SegmentedRaftLogWorker.java:lambda$new$0(136)) - c8bfac46-0061-4906-a354-59c2fa211c25@group-4EC97286DCBF-SegmentedRaftLogWorker: safeCacheEvictIndex: setUnconditionally 0 -> -1
2022-11-24 06:38:38,894 [pool-268-thread-1] INFO  server.RaftServer$Division (RaftServerImpl.java:start(334)) - c8bfac46-0061-4906-a354-59c2fa211c25@group-4EC97286DCBF: start as a follower, conf=-1: peers:[f61b783c-62f9-462d-872d-ac09aa128e21|rpc:10.1.1.33:44027|dataStream:|priority:1|startupRole:FOLLOWER, 8af73eb1-79e8-42bd-81b7-d22b4389184f|rpc:10.1.1.33:44141|dataStream:|priority:0|startupRole:FOLLOWER, c8bfac46-0061-4906-a354-59c2fa211c25|rpc:10.1.1.33:41215|dataStream:|priority:0|startupRole:FOLLOWER]|listeners:[], old=null
2022-11-24 06:38:38,894 [pool-268-thread-1] INFO  server.RaftServer$Division (RaftServerImpl.java:setRole(321)) - c8bfac46-0061-4906-a354-59c2fa211c25@group-4EC97286DCBF: changes role from      null to FOLLOWER at term 0 for startAsFollower
2022-11-24 06:38:38,895 [pool-268-thread-1] INFO  impl.RoleInfo (RoleInfo.java:updateAndGet(139)) - c8bfac46-0061-4906-a354-59c2fa211c25: start c8bfac46-0061-4906-a354-59c2fa211c25@group-4EC97286DCBF-FollowerState
2022-11-24 06:38:38,895 [pool-268-thread-1] INFO  util.JmxRegister (JmxRegister.java:tryRegister(44)) - Successfully registered JMX Bean with object name Ratis:service=RaftServer,group=group-4EC97286DCBF,id=c8bfac46-0061-4906-a354-59c2fa211c25
2022-11-24 06:38:38,895 [pool-268-thread-1] INFO  server.RaftServerConfigKeys (ConfUtils.java:logGet(46)) - raft.server.snapshot.auto.trigger.enabled = true (custom)
2022-11-24 06:38:38,896 [pool-268-thread-1] INFO  server.RaftServerConfigKeys (ConfUtils.java:logGet(46)) - raft.server.snapshot.auto.trigger.threshold = 10000 (custom)
2022-11-24 06:38:38,896 [pool-268-thread-1] INFO  server.RaftServerConfigKeys (ConfUtils.java:logGet(46)) - raft.server.snapshot.retention.file.num = 5 (custom)
2022-11-24 06:38:38,896 [pool-268-thread-1] INFO  server.RaftServerConfigKeys (ConfUtils.java:logGet(46)) - raft.server.log.purge.upto.snapshot.index = false (default)
2022-11-24 06:38:38,897 [c8bfac46-0061-4906-a354-59c2fa211c25@group-4EC97286DCBF-FollowerState] INFO  server.RaftServerConfigKeys (ConfUtils.java:logFallback(53)) - raft.server.rpc.first-election.timeout.min = 5s (fallback to raft.server.rpc.timeout.min)
2022-11-24 06:38:38,899 [c8bfac46-0061-4906-a354-59c2fa211c25@group-4EC97286DCBF-FollowerState] INFO  server.RaftServerConfigKeys (ConfUtils.java:logFallback(53)) - raft.server.rpc.first-election.timeout.max = 5200ms (fallback to raft.server.rpc.timeout.max)
2022-11-24 06:38:38,908 [Command processor thread] INFO  commandhandler.CreatePipelineCommandHandler (CreatePipelineCommandHandler.java:handle(113)) - Created Pipeline RATIS THREE PipelineID=3cb81546-a1e4-4674-93a2-4ec97286dcbf.
2022-11-24 06:38:38,908 [Command processor thread] INFO  server.RaftServer (RaftServerProxy.java:addNew(96)) - 8af73eb1-79e8-42bd-81b7-d22b4389184f: addNew group-4A1627A7E140:[f61b783c-62f9-462d-872d-ac09aa128e21|rpc:10.1.1.33:44027|priority:0|startupRole:FOLLOWER, 8af73eb1-79e8-42bd-81b7-d22b4389184f|rpc:10.1.1.33:44141|priority:1|startupRole:FOLLOWER, c8bfac46-0061-4906-a354-59c2fa211c25|rpc:10.1.1.33:41215|priority:0|startupRole:FOLLOWER] returns group-4A1627A7E140:java.util.concurrent.CompletableFuture@62236395[Not completed]
2022-11-24 06:38:38,909 [pool-214-thread-1] INFO  server.RaftServer$Division (RaftServerImpl.java:<init>(195)) - 8af73eb1-79e8-42bd-81b7-d22b4389184f: new RaftServerImpl for group-4A1627A7E140:[f61b783c-62f9-462d-872d-ac09aa128e21|rpc:10.1.1.33:44027|priority:0|startupRole:FOLLOWER, 8af73eb1-79e8-42bd-81b7-d22b4389184f|rpc:10.1.1.33:44141|priority:1|startupRole:FOLLOWER, c8bfac46-0061-4906-a354-59c2fa211c25|rpc:10.1.1.33:41215|priority:0|startupRole:FOLLOWER] with ContainerStateMachine:uninitialized
2022-11-24 06:38:38,910 [pool-214-thread-1] INFO  server.RaftServerConfigKeys (ConfUtils.java:logGet(46)) - raft.server.rpc.timeout.min = 5s (custom)
2022-11-24 06:38:38,910 [pool-214-thread-1] INFO  server.RaftServerConfigKeys (ConfUtils.java:logGet(46)) - raft.server.rpc.timeout.max = 5200ms (custom)
2022-11-24 06:38:38,910 [pool-214-thread-1] INFO  server.RaftServerConfigKeys (ConfUtils.java:logGet(46)) - raft.server.rpc.sleep.time = 25ms (default)
2022-11-24 06:38:38,910 [pool-214-thread-1] INFO  server.RaftServerConfigKeys (ConfUtils.java:logGet(46)) - raft.server.rpc.slowness.timeout = 300s (custom)
2022-11-24 06:38:38,910 [pool-214-thread-1] INFO  server.RaftServerConfigKeys (ConfUtils.java:logGet(46)) - raft.server.leaderelection.leader.step-down.wait-time = 10s (default)
2022-11-24 06:38:38,910 [pool-214-thread-1] INFO  server.RaftServerConfigKeys (ConfUtils.java:logGet(46)) - raft.server.sleep.deviation.threshold = 300ms (default)
2022-11-24 06:38:38,910 [pool-214-thread-1] INFO  server.RaftServer$Division (ServerState.java:<init>(118)) - 8af73eb1-79e8-42bd-81b7-d22b4389184f@group-4A1627A7E140: ConfigurationManager, init=-1: peers:[f61b783c-62f9-462d-872d-ac09aa128e21|rpc:10.1.1.33:44027|priority:0|startupRole:FOLLOWER, 8af73eb1-79e8-42bd-81b7-d22b4389184f|rpc:10.1.1.33:44141|priority:1|startupRole:FOLLOWER, c8bfac46-0061-4906-a354-59c2fa211c25|rpc:10.1.1.33:41215|priority:0|startupRole:FOLLOWER]|listeners:[], old=null, confs=<EMPTY_MAP>
2022-11-24 06:38:38,910 [pool-214-thread-1] INFO  server.RaftServerConfigKeys (ConfUtils.java:logGet(46)) - raft.server.storage.dir = [/home/runner/work/ozone/ozone/hadoop-ozone/integration-test/target/test-dir/MiniOzoneClusterImpl-3ca4de4a-72c8-4c23-a990-0556c1b2e11a/datanode-6/data/ratis] (custom)
2022-11-24 06:38:38,910 [pool-214-thread-1] INFO  server.RaftServerConfigKeys (ConfUtils.java:logGet(46)) - raft.server.log.corruption.policy = EXCEPTION (default)
2022-11-24 06:38:38,910 [pool-214-thread-1] INFO  server.RaftServerConfigKeys (ConfUtils.java:logGet(46)) - raft.server.storage.free-space.min = 0MB (=0) (default)
2022-11-24 06:38:38,911 [pool-214-thread-1] INFO  server.RaftServerConfigKeys (ConfUtils.java:logGet(46)) - raft.server.notification.no-leader.timeout = 300s (custom)
2022-11-24 06:38:38,911 [pool-214-thread-1] INFO  server.RaftServerConfigKeys (ConfUtils.java:logGet(46)) - raft.server.retrycache.expirytime = 600000ms (custom)
2022-11-24 06:38:38,911 [pool-214-thread-1] INFO  server.RaftServerConfigKeys (ConfUtils.java:logGet(46)) - raft.server.retrycache.statistics.expirytime = 100μs (default)
2022-11-24 06:38:38,912 [pool-214-thread-1] INFO  server.RaftServerConfigKeys (ConfUtils.java:logGet(46)) - raft.server.log.appender.install.snapshot.enabled = false (custom)
2022-11-24 06:38:38,913 [pool-214-thread-1] INFO  server.RaftServerConfigKeys (ConfUtils.java:logGet(46)) - raft.server.threadpool.server.cached = true (default)
2022-11-24 06:38:38,913 [pool-214-thread-1] INFO  server.RaftServerConfigKeys (ConfUtils.java:logGet(46)) - raft.server.threadpool.server.size = 0 (default)
2022-11-24 06:38:38,913 [pool-214-thread-1] INFO  server.RaftServerConfigKeys (ConfUtils.java:logGet(46)) - raft.server.threadpool.client.cached = true (default)
2022-11-24 06:38:38,913 [pool-214-thread-1] INFO  server.RaftServerConfigKeys (ConfUtils.java:logGet(46)) - raft.server.threadpool.client.size = 0 (default)
2022-11-24 06:38:38,913 [pool-214-thread-1] INFO  storage.RaftStorageDirectory (RaftStorageDirectoryImpl.java:analyzeStorage(137)) - The storage directory /home/runner/work/ozone/ozone/hadoop-ozone/integration-test/target/test-dir/MiniOzoneClusterImpl-3ca4de4a-72c8-4c23-a990-0556c1b2e11a/datanode-6/data/ratis/7eab0d13-f1ae-4404-aa34-4a1627a7e140 does not exist. Creating ...
2022-11-24 06:38:38,915 [pool-214-thread-1] INFO  storage.RaftStorageDirectory (RaftStorageDirectoryImpl.java:tryLock(231)) - Lock on /home/runner/work/ozone/ozone/hadoop-ozone/integration-test/target/test-dir/MiniOzoneClusterImpl-3ca4de4a-72c8-4c23-a990-0556c1b2e11a/datanode-6/data/ratis/7eab0d13-f1ae-4404-aa34-4a1627a7e140/in_use.lock acquired by nodename 14982@fv-az453-211
2022-11-24 06:38:38,916 [pool-214-thread-1] INFO  storage.RaftStorage (RaftStorageImpl.java:format(96)) - Storage directory /home/runner/work/ozone/ozone/hadoop-ozone/integration-test/target/test-dir/MiniOzoneClusterImpl-3ca4de4a-72c8-4c23-a990-0556c1b2e11a/datanode-6/data/ratis/7eab0d13-f1ae-4404-aa34-4a1627a7e140 has been successfully formatted.
2022-11-24 06:38:38,917 [pool-214-thread-1] INFO  ratis.ContainerStateMachine (ContainerStateMachine.java:loadSnapshot(236)) - group-4A1627A7E140: The snapshot info is null. Setting the last applied indexto:(t:0, i:~)
2022-11-24 06:38:38,917 [pool-214-thread-1] INFO  server.RaftServerConfigKeys (ConfUtils.java:logGet(46)) - raft.server.log.use.memory = false (default)
2022-11-24 06:38:38,917 [pool-214-thread-1] INFO  server.RaftServerConfigKeys (ConfUtils.java:logGet(46)) - raft.server.log.purge.gap = 1000000 (custom)
2022-11-24 06:38:38,918 [pool-214-thread-1] INFO  server.RaftServerConfigKeys (ConfUtils.java:logGet(46)) - raft.server.log.appender.buffer.byte-limit = 33554432 (custom)
2022-11-24 06:38:38,918 [pool-214-thread-1] INFO  server.RaftServerConfigKeys (ConfUtils.java:logGet(46)) - raft.server.log.statemachine.data.read.timeout = 1000ms (default)
2022-11-24 06:38:38,918 [pool-214-thread-1] INFO  server.RaftServerConfigKeys (ConfUtils.java:logGet(46)) - raft.server.log.purge.preservation.log.num = 0 (default)
2022-11-24 06:38:38,919 [EventQueue-OpenPipelineForHealthyPipelineSafeModeRule] INFO  safemode.SCMSafeModeManager (HealthyPipelineSafeModeRule.java:process(137)) - SCM in safe mode. Healthy pipelines reported count is 0, required healthy pipeline reported count is 1
2022-11-24 06:38:38,919 [pool-214-thread-1] INFO  server.RaftServerConfigKeys (ConfUtils.java:logGet(46)) - raft.server.log.segment.size.max = 1048576 (custom)
2022-11-24 06:38:38,921 [pool-214-thread-1] INFO  server.RaftServerConfigKeys (ConfUtils.java:logGet(46)) - raft.server.log.segment.cache.num.max = 2 (custom)
2022-11-24 06:38:38,921 [pool-214-thread-1] INFO  server.RaftServerConfigKeys (ConfUtils.java:logGet(46)) - raft.server.log.segment.cache.size.max = 200MB (=209715200) (default)
2022-11-24 06:38:38,921 [pool-214-thread-1] INFO  segmented.SegmentedRaftLogWorker (SegmentedRaftLogWorker.java:<init>(191)) - new 8af73eb1-79e8-42bd-81b7-d22b4389184f@group-4A1627A7E140-SegmentedRaftLogWorker for RaftStorageImpl:Storage Directory /home/runner/work/ozone/ozone/hadoop-ozone/integration-test/target/test-dir/MiniOzoneClusterImpl-3ca4de4a-72c8-4c23-a990-0556c1b2e11a/datanode-6/data/ratis/7eab0d13-f1ae-4404-aa34-4a1627a7e140
2022-11-24 06:38:38,922 [pool-214-thread-1] INFO  server.RaftServerConfigKeys (ConfUtils.java:logGet(46)) - raft.server.log.queue.byte-limit = 4294967296 (custom)
2022-11-24 06:38:38,922 [pool-214-thread-1] INFO  server.RaftServerConfigKeys (ConfUtils.java:logGet(46)) - raft.server.log.queue.element-limit = 1024 (custom)
2022-11-24 06:38:38,922 [pool-214-thread-1] INFO  server.RaftServerConfigKeys (ConfUtils.java:logGet(46)) - raft.server.log.segment.size.max = 1048576 (custom)
2022-11-24 06:38:38,922 [pool-214-thread-1] INFO  server.RaftServerConfigKeys (ConfUtils.java:logGet(46)) - raft.server.log.preallocated.size = 16384 (custom)
2022-11-24 06:38:38,922 [pool-214-thread-1] INFO  server.RaftServerConfigKeys (ConfUtils.java:logGet(46)) - raft.server.log.force.sync.num = 128 (default)
2022-11-24 06:38:38,922 [pool-214-thread-1] INFO  server.RaftServerConfigKeys (ConfUtils.java:logGet(46)) - raft.server.log.statemachine.data.sync = true (default)
2022-11-24 06:38:38,922 [pool-214-thread-1] INFO  server.RaftServerConfigKeys (ConfUtils.java:logGet(46)) - raft.server.log.statemachine.data.sync.timeout = 10s (default)
2022-11-24 06:38:38,922 [pool-214-thread-1] INFO  server.RaftServerConfigKeys (ConfUtils.java:logGet(46)) - raft.server.log.statemachine.data.sync.timeout.retry = -1 (default)
2022-11-24 06:38:38,924 [pool-214-thread-1] INFO  server.RaftServerConfigKeys (ConfUtils.java:logGet(46)) - raft.server.log.write.buffer.size = 1048576 (custom)
2022-11-24 06:38:38,925 [pool-214-thread-1] INFO  server.RaftServerConfigKeys (ConfUtils.java:logGet(46)) - raft.server.log.unsafe-flush.enabled = false (default)
2022-11-24 06:38:38,925 [pool-214-thread-1] INFO  server.RaftServerConfigKeys (ConfUtils.java:logGet(46)) - raft.server.log.async-flush.enabled = false (default)
2022-11-24 06:38:38,925 [pool-214-thread-1] INFO  server.RaftServerConfigKeys (ConfUtils.java:logGet(46)) - raft.server.log.statemachine.data.caching.enabled = true (custom)
2022-11-24 06:38:38,925 [pool-214-thread-1] INFO  segmented.SegmentedRaftLogWorker (SegmentedRaftLogWorker.java:lambda$new$0(136)) - 8af73eb1-79e8-42bd-81b7-d22b4389184f@group-4A1627A7E140-SegmentedRaftLogWorker: flushIndex: setUnconditionally 0 -> -1
2022-11-24 06:38:38,925 [pool-214-thread-1] INFO  segmented.SegmentedRaftLogWorker (SegmentedRaftLogWorker.java:lambda$new$0(136)) - 8af73eb1-79e8-42bd-81b7-d22b4389184f@group-4A1627A7E140-SegmentedRaftLogWorker: safeCacheEvictIndex: setUnconditionally 0 -> -1
2022-11-24 06:38:38,925 [pool-214-thread-1] INFO  server.RaftServer$Division (RaftServerImpl.java:start(334)) - 8af73eb1-79e8-42bd-81b7-d22b4389184f@group-4A1627A7E140: start as a follower, conf=-1: peers:[f61b783c-62f9-462d-872d-ac09aa128e21|rpc:10.1.1.33:44027|priority:0|startupRole:FOLLOWER, 8af73eb1-79e8-42bd-81b7-d22b4389184f|rpc:10.1.1.33:44141|priority:1|startupRole:FOLLOWER, c8bfac46-0061-4906-a354-59c2fa211c25|rpc:10.1.1.33:41215|priority:0|startupRole:FOLLOWER]|listeners:[], old=null
2022-11-24 06:38:38,925 [pool-214-thread-1] INFO  server.RaftServer$Division (RaftServerImpl.java:setRole(321)) - 8af73eb1-79e8-42bd-81b7-d22b4389184f@group-4A1627A7E140: changes role from      null to FOLLOWER at term 0 for startAsFollower
2022-11-24 06:38:38,926 [pool-214-thread-1] INFO  impl.RoleInfo (RoleInfo.java:updateAndGet(139)) - 8af73eb1-79e8-42bd-81b7-d22b4389184f: start 8af73eb1-79e8-42bd-81b7-d22b4389184f@group-4A1627A7E140-FollowerState
2022-11-24 06:38:38,926 [pool-214-thread-1] INFO  util.JmxRegister (JmxRegister.java:tryRegister(44)) - Successfully registered JMX Bean with object name Ratis:service=RaftServer,group=group-4A1627A7E140,id=8af73eb1-79e8-42bd-81b7-d22b4389184f
2022-11-24 06:38:38,926 [pool-214-thread-1] INFO  server.RaftServerConfigKeys (ConfUtils.java:logGet(46)) - raft.server.snapshot.auto.trigger.enabled = true (custom)
2022-11-24 06:38:38,927 [pool-214-thread-1] INFO  server.RaftServerConfigKeys (ConfUtils.java:logGet(46)) - raft.server.snapshot.auto.trigger.threshold = 10000 (custom)
2022-11-24 06:38:38,927 [pool-214-thread-1] INFO  server.RaftServerConfigKeys (ConfUtils.java:logGet(46)) - raft.server.snapshot.retention.file.num = 5 (custom)
2022-11-24 06:38:38,927 [pool-214-thread-1] INFO  server.RaftServerConfigKeys (ConfUtils.java:logGet(46)) - raft.server.log.purge.upto.snapshot.index = false (default)
2022-11-24 06:38:38,927 [8af73eb1-79e8-42bd-81b7-d22b4389184f@group-4A1627A7E140-FollowerState] INFO  server.RaftServerConfigKeys (ConfUtils.java:logFallback(53)) - raft.server.rpc.first-election.timeout.min = 5s (fallback to raft.server.rpc.timeout.min)
2022-11-24 06:38:38,928 [8af73eb1-79e8-42bd-81b7-d22b4389184f@group-4A1627A7E140-FollowerState] INFO  server.RaftServerConfigKeys (ConfUtils.java:logFallback(53)) - raft.server.rpc.first-election.timeout.max = 5200ms (fallback to raft.server.rpc.timeout.max)
2022-11-24 06:38:38,930 [Command processor thread] INFO  ratis.XceiverServerRatis (XceiverServerRatis.java:addGroup(765)) - Created group PipelineID=7eab0d13-f1ae-4404-aa34-4a1627a7e140
2022-11-24 06:38:38,950 [grpc-default-executor-1] INFO  server.RaftServer (RaftServerProxy.java:addNew(96)) - c8bfac46-0061-4906-a354-59c2fa211c25: addNew group-4A1627A7E140:[f61b783c-62f9-462d-872d-ac09aa128e21|rpc:10.1.1.33:44027|dataStream:|priority:0|startupRole:FOLLOWER, 8af73eb1-79e8-42bd-81b7-d22b4389184f|rpc:10.1.1.33:44141|dataStream:|priority:1|startupRole:FOLLOWER, c8bfac46-0061-4906-a354-59c2fa211c25|rpc:10.1.1.33:41215|dataStream:|priority:0|startupRole:FOLLOWER] returns group-4A1627A7E140:java.util.concurrent.CompletableFuture@60cca533[Not completed]
2022-11-24 06:38:38,951 [pool-268-thread-1] INFO  server.RaftServer$Division (RaftServerImpl.java:<init>(195)) - c8bfac46-0061-4906-a354-59c2fa211c25: new RaftServerImpl for group-4A1627A7E140:[f61b783c-62f9-462d-872d-ac09aa128e21|rpc:10.1.1.33:44027|dataStream:|priority:0|startupRole:FOLLOWER, 8af73eb1-79e8-42bd-81b7-d22b4389184f|rpc:10.1.1.33:44141|dataStream:|priority:1|startupRole:FOLLOWER, c8bfac46-0061-4906-a354-59c2fa211c25|rpc:10.1.1.33:41215|dataStream:|priority:0|startupRole:FOLLOWER] with ContainerStateMachine:uninitialized
2022-11-24 06:38:38,951 [pool-268-thread-1] INFO  server.RaftServerConfigKeys (ConfUtils.java:logGet(46)) - raft.server.rpc.timeout.min = 5s (custom)
2022-11-24 06:38:38,952 [pool-268-thread-1] INFO  server.RaftServerConfigKeys (ConfUtils.java:logGet(46)) - raft.server.rpc.timeout.max = 5200ms (custom)
2022-11-24 06:38:38,952 [pool-268-thread-1] INFO  server.RaftServerConfigKeys (ConfUtils.java:logGet(46)) - raft.server.rpc.sleep.time = 25ms (default)
2022-11-24 06:38:38,952 [pool-268-thread-1] INFO  server.RaftServerConfigKeys (ConfUtils.java:logGet(46)) - raft.server.rpc.slowness.timeout = 300s (custom)
2022-11-24 06:38:38,952 [pool-268-thread-1] INFO  server.RaftServerConfigKeys (ConfUtils.java:logGet(46)) - raft.server.leaderelection.leader.step-down.wait-time = 10s (default)
2022-11-24 06:38:38,952 [pool-268-thread-1] INFO  server.RaftServerConfigKeys (ConfUtils.java:logGet(46)) - raft.server.sleep.deviation.threshold = 300ms (default)
2022-11-24 06:38:38,952 [pool-268-thread-1] INFO  server.RaftServer$Division (ServerState.java:<init>(118)) - c8bfac46-0061-4906-a354-59c2fa211c25@group-4A1627A7E140: ConfigurationManager, init=-1: peers:[f61b783c-62f9-462d-872d-ac09aa128e21|rpc:10.1.1.33:44027|dataStream:|priority:0|startupRole:FOLLOWER, 8af73eb1-79e8-42bd-81b7-d22b4389184f|rpc:10.1.1.33:44141|dataStream:|priority:1|startupRole:FOLLOWER, c8bfac46-0061-4906-a354-59c2fa211c25|rpc:10.1.1.33:41215|dataStream:|priority:0|startupRole:FOLLOWER]|listeners:[], old=null, confs=<EMPTY_MAP>
2022-11-24 06:38:38,952 [pool-268-thread-1] INFO  server.RaftServerConfigKeys (ConfUtils.java:logGet(46)) - raft.server.storage.dir = [/home/runner/work/ozone/ozone/hadoop-ozone/integration-test/target/test-dir/MiniOzoneClusterImpl-3ca4de4a-72c8-4c23-a990-0556c1b2e11a/datanode-8/data/ratis] (custom)
2022-11-24 06:38:38,952 [pool-268-thread-1] INFO  server.RaftServerConfigKeys (ConfUtils.java:logGet(46)) - raft.server.log.corruption.policy = EXCEPTION (default)
2022-11-24 06:38:38,952 [pool-268-thread-1] INFO  server.RaftServerConfigKeys (ConfUtils.java:logGet(46)) - raft.server.storage.free-space.min = 0MB (=0) (default)
2022-11-24 06:38:38,952 [pool-268-thread-1] INFO  server.RaftServerConfigKeys (ConfUtils.java:logGet(46)) - raft.server.notification.no-leader.timeout = 300s (custom)
2022-11-24 06:38:38,953 [pool-268-thread-1] INFO  server.RaftServerConfigKeys (ConfUtils.java:logGet(46)) - raft.server.retrycache.expirytime = 600000ms (custom)
2022-11-24 06:38:38,953 [pool-268-thread-1] INFO  server.RaftServerConfigKeys (ConfUtils.java:logGet(46)) - raft.server.retrycache.statistics.expirytime = 100μs (default)
2022-11-24 06:38:38,954 [pool-268-thread-1] INFO  server.RaftServerConfigKeys (ConfUtils.java:logGet(46)) - raft.server.log.appender.install.snapshot.enabled = false (custom)
2022-11-24 06:38:38,954 [pool-268-thread-1] INFO  server.RaftServerConfigKeys (ConfUtils.java:logGet(46)) - raft.server.threadpool.server.cached = true (default)
2022-11-24 06:38:38,954 [pool-268-thread-1] INFO  server.RaftServerConfigKeys (ConfUtils.java:logGet(46)) - raft.server.threadpool.server.size = 0 (default)
2022-11-24 06:38:38,954 [pool-268-thread-1] INFO  server.RaftServerConfigKeys (ConfUtils.java:logGet(46)) - raft.server.threadpool.client.cached = true (default)
2022-11-24 06:38:38,954 [pool-268-thread-1] INFO  server.RaftServerConfigKeys (ConfUtils.java:logGet(46)) - raft.server.threadpool.client.size = 0 (default)
2022-11-24 06:38:38,955 [pool-268-thread-1] INFO  storage.RaftStorageDirectory (RaftStorageDirectoryImpl.java:analyzeStorage(137)) - The storage directory /home/runner/work/ozone/ozone/hadoop-ozone/integration-test/target/test-dir/MiniOzoneClusterImpl-3ca4de4a-72c8-4c23-a990-0556c1b2e11a/datanode-8/data/ratis/7eab0d13-f1ae-4404-aa34-4a1627a7e140 does not exist. Creating ...
2022-11-24 06:38:38,956 [pool-268-thread-1] INFO  storage.RaftStorageDirectory (RaftStorageDirectoryImpl.java:tryLock(231)) - Lock on /home/runner/work/ozone/ozone/hadoop-ozone/integration-test/target/test-dir/MiniOzoneClusterImpl-3ca4de4a-72c8-4c23-a990-0556c1b2e11a/datanode-8/data/ratis/7eab0d13-f1ae-4404-aa34-4a1627a7e140/in_use.lock acquired by nodename 14982@fv-az453-211
2022-11-24 06:38:38,957 [pool-268-thread-1] INFO  storage.RaftStorage (RaftStorageImpl.java:format(96)) - Storage directory /home/runner/work/ozone/ozone/hadoop-ozone/integration-test/target/test-dir/MiniOzoneClusterImpl-3ca4de4a-72c8-4c23-a990-0556c1b2e11a/datanode-8/data/ratis/7eab0d13-f1ae-4404-aa34-4a1627a7e140 has been successfully formatted.
2022-11-24 06:38:38,959 [pool-268-thread-1] INFO  ratis.ContainerStateMachine (ContainerStateMachine.java:loadSnapshot(236)) - group-4A1627A7E140: The snapshot info is null. Setting the last applied indexto:(t:0, i:~)
2022-11-24 06:38:38,959 [pool-268-thread-1] INFO  server.RaftServerConfigKeys (ConfUtils.java:logGet(46)) - raft.server.log.use.memory = false (default)
2022-11-24 06:38:38,959 [pool-268-thread-1] INFO  server.RaftServerConfigKeys (ConfUtils.java:logGet(46)) - raft.server.log.purge.gap = 1000000 (custom)
2022-11-24 06:38:38,959 [pool-268-thread-1] INFO  server.RaftServerConfigKeys (ConfUtils.java:logGet(46)) - raft.server.log.appender.buffer.byte-limit = 33554432 (custom)
2022-11-24 06:38:38,960 [pool-268-thread-1] INFO  server.RaftServerConfigKeys (ConfUtils.java:logGet(46)) - raft.server.log.statemachine.data.read.timeout = 1000ms (default)
2022-11-24 06:38:38,960 [pool-268-thread-1] INFO  server.RaftServerConfigKeys (ConfUtils.java:logGet(46)) - raft.server.log.purge.preservation.log.num = 0 (default)
2022-11-24 06:38:38,960 [pool-268-thread-1] INFO  server.RaftServerConfigKeys (ConfUtils.java:logGet(46)) - raft.server.log.segment.size.max = 1048576 (custom)
2022-11-24 06:38:38,961 [pool-268-thread-1] INFO  server.RaftServerConfigKeys (ConfUtils.java:logGet(46)) - raft.server.log.segment.cache.num.max = 2 (custom)
2022-11-24 06:38:38,961 [pool-268-thread-1] INFO  server.RaftServerConfigKeys (ConfUtils.java:logGet(46)) - raft.server.log.segment.cache.size.max = 200MB (=209715200) (default)
2022-11-24 06:38:38,961 [pool-268-thread-1] INFO  segmented.SegmentedRaftLogWorker (SegmentedRaftLogWorker.java:<init>(191)) - new c8bfac46-0061-4906-a354-59c2fa211c25@group-4A1627A7E140-SegmentedRaftLogWorker for RaftStorageImpl:Storage Directory /home/runner/work/ozone/ozone/hadoop-ozone/integration-test/target/test-dir/MiniOzoneClusterImpl-3ca4de4a-72c8-4c23-a990-0556c1b2e11a/datanode-8/data/ratis/7eab0d13-f1ae-4404-aa34-4a1627a7e140
2022-11-24 06:38:38,961 [pool-268-thread-1] INFO  server.RaftServerConfigKeys (ConfUtils.java:logGet(46)) - raft.server.log.queue.byte-limit = 4294967296 (custom)
2022-11-24 06:38:38,961 [pool-268-thread-1] INFO  server.RaftServerConfigKeys (ConfUtils.java:logGet(46)) - raft.server.log.queue.element-limit = 1024 (custom)
2022-11-24 06:38:38,961 [pool-268-thread-1] INFO  server.RaftServerConfigKeys (ConfUtils.java:logGet(46)) - raft.server.log.segment.size.max = 1048576 (custom)
2022-11-24 06:38:38,961 [pool-268-thread-1] INFO  server.RaftServerConfigKeys (ConfUtils.java:logGet(46)) - raft.server.log.preallocated.size = 16384 (custom)
2022-11-24 06:38:38,961 [pool-268-thread-1] INFO  server.RaftServerConfigKeys (ConfUtils.java:logGet(46)) - raft.server.log.force.sync.num = 128 (default)
2022-11-24 06:38:38,961 [pool-268-thread-1] INFO  server.RaftServerConfigKeys (ConfUtils.java:logGet(46)) - raft.server.log.statemachine.data.sync = true (default)
2022-11-24 06:38:38,961 [pool-268-thread-1] INFO  server.RaftServerConfigKeys (ConfUtils.java:logGet(46)) - raft.server.log.statemachine.data.sync.timeout = 10s (default)
2022-11-24 06:38:38,962 [pool-268-thread-1] INFO  server.RaftServerConfigKeys (ConfUtils.java:logGet(46)) - raft.server.log.statemachine.data.sync.timeout.retry = -1 (default)
2022-11-24 06:38:38,963 [pool-268-thread-1] INFO  server.RaftServerConfigKeys (ConfUtils.java:logGet(46)) - raft.server.log.write.buffer.size = 1048576 (custom)
2022-11-24 06:38:38,963 [pool-268-thread-1] INFO  server.RaftServerConfigKeys (ConfUtils.java:logGet(46)) - raft.server.log.unsafe-flush.enabled = false (default)
2022-11-24 06:38:38,963 [pool-268-thread-1] INFO  server.RaftServerConfigKeys (ConfUtils.java:logGet(46)) - raft.server.log.async-flush.enabled = false (default)
2022-11-24 06:38:38,963 [pool-268-thread-1] INFO  server.RaftServerConfigKeys (ConfUtils.java:logGet(46)) - raft.server.log.statemachine.data.caching.enabled = true (custom)
2022-11-24 06:38:38,964 [pool-268-thread-1] INFO  segmented.SegmentedRaftLogWorker (SegmentedRaftLogWorker.java:lambda$new$0(136)) - c8bfac46-0061-4906-a354-59c2fa211c25@group-4A1627A7E140-SegmentedRaftLogWorker: flushIndex: setUnconditionally 0 -> -1
2022-11-24 06:38:38,964 [pool-268-thread-1] INFO  segmented.SegmentedRaftLogWorker (SegmentedRaftLogWorker.java:lambda$new$0(136)) - c8bfac46-0061-4906-a354-59c2fa211c25@group-4A1627A7E140-SegmentedRaftLogWorker: safeCacheEvictIndex: setUnconditionally 0 -> -1
2022-11-24 06:38:38,964 [pool-268-thread-1] INFO  server.RaftServer$Division (RaftServerImpl.java:start(334)) - c8bfac46-0061-4906-a354-59c2fa211c25@group-4A1627A7E140: start as a follower, conf=-1: peers:[f61b783c-62f9-462d-872d-ac09aa128e21|rpc:10.1.1.33:44027|dataStream:|priority:0|startupRole:FOLLOWER, 8af73eb1-79e8-42bd-81b7-d22b4389184f|rpc:10.1.1.33:44141|dataStream:|priority:1|startupRole:FOLLOWER, c8bfac46-0061-4906-a354-59c2fa211c25|rpc:10.1.1.33:41215|dataStream:|priority:0|startupRole:FOLLOWER]|listeners:[], old=null
2022-11-24 06:38:38,964 [pool-268-thread-1] INFO  server.RaftServer$Division (RaftServerImpl.java:setRole(321)) - c8bfac46-0061-4906-a354-59c2fa211c25@group-4A1627A7E140: changes role from      null to FOLLOWER at term 0 for startAsFollower
2022-11-24 06:38:38,964 [pool-268-thread-1] INFO  impl.RoleInfo (RoleInfo.java:updateAndGet(139)) - c8bfac46-0061-4906-a354-59c2fa211c25: start c8bfac46-0061-4906-a354-59c2fa211c25@group-4A1627A7E140-FollowerState
2022-11-24 06:38:38,966 [pool-268-thread-1] INFO  util.JmxRegister (JmxRegister.java:tryRegister(44)) - Successfully registered JMX Bean with object name Ratis:service=RaftServer,group=group-4A1627A7E140,id=c8bfac46-0061-4906-a354-59c2fa211c25
2022-11-24 06:38:38,967 [pool-268-thread-1] INFO  server.RaftServerConfigKeys (ConfUtils.java:logGet(46)) - raft.server.snapshot.auto.trigger.enabled = true (custom)
2022-11-24 06:38:38,967 [pool-268-thread-1] INFO  server.RaftServerConfigKeys (ConfUtils.java:logGet(46)) - raft.server.snapshot.auto.trigger.threshold = 10000 (custom)
2022-11-24 06:38:38,967 [pool-268-thread-1] INFO  server.RaftServerConfigKeys (ConfUtils.java:logGet(46)) - raft.server.snapshot.retention.file.num = 5 (custom)
2022-11-24 06:38:38,967 [pool-268-thread-1] INFO  server.RaftServerConfigKeys (ConfUtils.java:logGet(46)) - raft.server.log.purge.upto.snapshot.index = false (default)
2022-11-24 06:38:38,967 [c8bfac46-0061-4906-a354-59c2fa211c25@group-4A1627A7E140-FollowerState] INFO  server.RaftServerConfigKeys (ConfUtils.java:logFallback(53)) - raft.server.rpc.first-election.timeout.min = 5s (fallback to raft.server.rpc.timeout.min)
2022-11-24 06:38:38,977 [c8bfac46-0061-4906-a354-59c2fa211c25@group-4A1627A7E140-FollowerState] INFO  server.RaftServerConfigKeys (ConfUtils.java:logFallback(53)) - raft.server.rpc.first-election.timeout.max = 5200ms (fallback to raft.server.rpc.timeout.max)
2022-11-24 06:38:38,998 [grpc-default-executor-1] INFO  server.RaftServer (RaftServerProxy.java:addNew(96)) - f61b783c-62f9-462d-872d-ac09aa128e21: addNew group-4A1627A7E140:[f61b783c-62f9-462d-872d-ac09aa128e21|rpc:10.1.1.33:44027|dataStream:|priority:0|startupRole:FOLLOWER, 8af73eb1-79e8-42bd-81b7-d22b4389184f|rpc:10.1.1.33:44141|dataStream:|priority:1|startupRole:FOLLOWER, c8bfac46-0061-4906-a354-59c2fa211c25|rpc:10.1.1.33:41215|dataStream:|priority:0|startupRole:FOLLOWER] returns group-4A1627A7E140:java.util.concurrent.CompletableFuture@66ac78a9[Not completed]
2022-11-24 06:38:38,999 [pool-241-thread-1] INFO  server.RaftServer$Division (RaftServerImpl.java:<init>(195)) - f61b783c-62f9-462d-872d-ac09aa128e21: new RaftServerImpl for group-4A1627A7E140:[f61b783c-62f9-462d-872d-ac09aa128e21|rpc:10.1.1.33:44027|dataStream:|priority:0|startupRole:FOLLOWER, 8af73eb1-79e8-42bd-81b7-d22b4389184f|rpc:10.1.1.33:44141|dataStream:|priority:1|startupRole:FOLLOWER, c8bfac46-0061-4906-a354-59c2fa211c25|rpc:10.1.1.33:41215|dataStream:|priority:0|startupRole:FOLLOWER] with ContainerStateMachine:uninitialized
2022-11-24 06:38:39,000 [pool-241-thread-1] INFO  server.RaftServerConfigKeys (ConfUtils.java:logGet(46)) - raft.server.rpc.timeout.min = 5s (custom)
2022-11-24 06:38:39,000 [pool-241-thread-1] INFO  server.RaftServerConfigKeys (ConfUtils.java:logGet(46)) - raft.server.rpc.timeout.max = 5200ms (custom)
2022-11-24 06:38:39,000 [pool-241-thread-1] INFO  server.RaftServerConfigKeys (ConfUtils.java:logGet(46)) - raft.server.rpc.sleep.time = 25ms (default)
2022-11-24 06:38:39,000 [pool-241-thread-1] INFO  server.RaftServerConfigKeys (ConfUtils.java:logGet(46)) - raft.server.rpc.slowness.timeout = 300s (custom)
2022-11-24 06:38:39,000 [pool-241-thread-1] INFO  server.RaftServerConfigKeys (ConfUtils.java:logGet(46)) - raft.server.leaderelection.leader.step-down.wait-time = 10s (default)
2022-11-24 06:38:39,000 [pool-241-thread-1] INFO  server.RaftServerConfigKeys (ConfUtils.java:logGet(46)) - raft.server.sleep.deviation.threshold = 300ms (default)
2022-11-24 06:38:39,000 [pool-241-thread-1] INFO  server.RaftServer$Division (ServerState.java:<init>(118)) - f61b783c-62f9-462d-872d-ac09aa128e21@group-4A1627A7E140: ConfigurationManager, init=-1: peers:[f61b783c-62f9-462d-872d-ac09aa128e21|rpc:10.1.1.33:44027|dataStream:|priority:0|startupRole:FOLLOWER, 8af73eb1-79e8-42bd-81b7-d22b4389184f|rpc:10.1.1.33:44141|dataStream:|priority:1|startupRole:FOLLOWER, c8bfac46-0061-4906-a354-59c2fa211c25|rpc:10.1.1.33:41215|dataStream:|priority:0|startupRole:FOLLOWER]|listeners:[], old=null, confs=<EMPTY_MAP>
2022-11-24 06:38:39,000 [pool-241-thread-1] INFO  server.RaftServerConfigKeys (ConfUtils.java:logGet(46)) - raft.server.storage.dir = [/home/runner/work/ozone/ozone/hadoop-ozone/integration-test/target/test-dir/MiniOzoneClusterImpl-3ca4de4a-72c8-4c23-a990-0556c1b2e11a/datanode-7/data/ratis] (custom)
2022-11-24 06:38:39,001 [pool-241-thread-1] INFO  server.RaftServerConfigKeys (ConfUtils.java:logGet(46)) - raft.server.log.corruption.policy = EXCEPTION (default)
2022-11-24 06:38:39,001 [pool-241-thread-1] INFO  server.RaftServerConfigKeys (ConfUtils.java:logGet(46)) - raft.server.storage.free-space.min = 0MB (=0) (default)
2022-11-24 06:38:39,001 [pool-241-thread-1] INFO  server.RaftServerConfigKeys (ConfUtils.java:logGet(46)) - raft.server.notification.no-leader.timeout = 300s (custom)
2022-11-24 06:38:39,001 [pool-241-thread-1] INFO  server.RaftServerConfigKeys (ConfUtils.java:logGet(46)) - raft.server.retrycache.expirytime = 600000ms (custom)
2022-11-24 06:38:39,001 [pool-241-thread-1] INFO  server.RaftServerConfigKeys (ConfUtils.java:logGet(46)) - raft.server.retrycache.statistics.expirytime = 100μs (default)
2022-11-24 06:38:39,003 [pool-241-thread-1] INFO  server.RaftServerConfigKeys (ConfUtils.java:logGet(46)) - raft.server.log.appender.install.snapshot.enabled = false (custom)
2022-11-24 06:38:39,003 [pool-241-thread-1] INFO  server.RaftServerConfigKeys (ConfUtils.java:logGet(46)) - raft.server.threadpool.server.cached = true (default)
2022-11-24 06:38:39,003 [pool-241-thread-1] INFO  server.RaftServerConfigKeys (ConfUtils.java:logGet(46)) - raft.server.threadpool.server.size = 0 (default)
2022-11-24 06:38:39,003 [pool-241-thread-1] INFO  server.RaftServerConfigKeys (ConfUtils.java:logGet(46)) - raft.server.threadpool.client.cached = true (default)
2022-11-24 06:38:39,003 [pool-241-thread-1] INFO  server.RaftServerConfigKeys (ConfUtils.java:logGet(46)) - raft.server.threadpool.client.size = 0 (default)
2022-11-24 06:38:39,003 [pool-241-thread-1] INFO  storage.RaftStorageDirectory (RaftStorageDirectoryImpl.java:analyzeStorage(137)) - The storage directory /home/runner/work/ozone/ozone/hadoop-ozone/integration-test/target/test-dir/MiniOzoneClusterImpl-3ca4de4a-72c8-4c23-a990-0556c1b2e11a/datanode-7/data/ratis/7eab0d13-f1ae-4404-aa34-4a1627a7e140 does not exist. Creating ...
2022-11-24 06:38:39,010 [pool-241-thread-1] INFO  storage.RaftStorageDirectory (RaftStorageDirectoryImpl.java:tryLock(231)) - Lock on /home/runner/work/ozone/ozone/hadoop-ozone/integration-test/target/test-dir/MiniOzoneClusterImpl-3ca4de4a-72c8-4c23-a990-0556c1b2e11a/datanode-7/data/ratis/7eab0d13-f1ae-4404-aa34-4a1627a7e140/in_use.lock acquired by nodename 14982@fv-az453-211
2022-11-24 06:38:39,012 [pool-241-thread-1] INFO  storage.RaftStorage (RaftStorageImpl.java:format(96)) - Storage directory /home/runner/work/ozone/ozone/hadoop-ozone/integration-test/target/test-dir/MiniOzoneClusterImpl-3ca4de4a-72c8-4c23-a990-0556c1b2e11a/datanode-7/data/ratis/7eab0d13-f1ae-4404-aa34-4a1627a7e140 has been successfully formatted.
2022-11-24 06:38:39,013 [pool-241-thread-1] INFO  ratis.ContainerStateMachine (ContainerStateMachine.java:loadSnapshot(236)) - group-4A1627A7E140: The snapshot info is null. Setting the last applied indexto:(t:0, i:~)
2022-11-24 06:38:39,013 [pool-241-thread-1] INFO  server.RaftServerConfigKeys (ConfUtils.java:logGet(46)) - raft.server.log.use.memory = false (default)
2022-11-24 06:38:39,013 [pool-241-thread-1] INFO  server.RaftServerConfigKeys (ConfUtils.java:logGet(46)) - raft.server.log.purge.gap = 1000000 (custom)
2022-11-24 06:38:39,013 [pool-241-thread-1] INFO  server.RaftServerConfigKeys (ConfUtils.java:logGet(46)) - raft.server.log.appender.buffer.byte-limit = 33554432 (custom)
2022-11-24 06:38:39,013 [pool-241-thread-1] INFO  server.RaftServerConfigKeys (ConfUtils.java:logGet(46)) - raft.server.log.statemachine.data.read.timeout = 1000ms (default)
2022-11-24 06:38:39,013 [pool-241-thread-1] INFO  server.RaftServerConfigKeys (ConfUtils.java:logGet(46)) - raft.server.log.purge.preservation.log.num = 0 (default)
2022-11-24 06:38:39,013 [pool-241-thread-1] INFO  server.RaftServerConfigKeys (ConfUtils.java:logGet(46)) - raft.server.log.segment.size.max = 1048576 (custom)
2022-11-24 06:38:39,014 [pool-241-thread-1] INFO  server.RaftServerConfigKeys (ConfUtils.java:logGet(46)) - raft.server.log.segment.cache.num.max = 2 (custom)
2022-11-24 06:38:39,014 [pool-241-thread-1] INFO  server.RaftServerConfigKeys (ConfUtils.java:logGet(46)) - raft.server.log.segment.cache.size.max = 200MB (=209715200) (default)
2022-11-24 06:38:39,014 [pool-241-thread-1] INFO  segmented.SegmentedRaftLogWorker (SegmentedRaftLogWorker.java:<init>(191)) - new f61b783c-62f9-462d-872d-ac09aa128e21@group-4A1627A7E140-SegmentedRaftLogWorker for RaftStorageImpl:Storage Directory /home/runner/work/ozone/ozone/hadoop-ozone/integration-test/target/test-dir/MiniOzoneClusterImpl-3ca4de4a-72c8-4c23-a990-0556c1b2e11a/datanode-7/data/ratis/7eab0d13-f1ae-4404-aa34-4a1627a7e140
2022-11-24 06:38:39,014 [pool-241-thread-1] INFO  server.RaftServerConfigKeys (ConfUtils.java:logGet(46)) - raft.server.log.queue.byte-limit = 4294967296 (custom)
2022-11-24 06:38:39,015 [pool-241-thread-1] INFO  server.RaftServerConfigKeys (ConfUtils.java:logGet(46)) - raft.server.log.queue.element-limit = 1024 (custom)
2022-11-24 06:38:39,017 [pool-241-thread-1] INFO  server.RaftServerConfigKeys (ConfUtils.java:logGet(46)) - raft.server.log.segment.size.max = 1048576 (custom)
2022-11-24 06:38:39,017 [pool-241-thread-1] INFO  server.RaftServerConfigKeys (ConfUtils.java:logGet(46)) - raft.server.log.preallocated.size = 16384 (custom)
2022-11-24 06:38:39,017 [pool-241-thread-1] INFO  server.RaftServerConfigKeys (ConfUtils.java:logGet(46)) - raft.server.log.force.sync.num = 128 (default)
2022-11-24 06:38:39,017 [pool-241-thread-1] INFO  server.RaftServerConfigKeys (ConfUtils.java:logGet(46)) - raft.server.log.statemachine.data.sync = true (default)
2022-11-24 06:38:39,017 [pool-241-thread-1] INFO  server.RaftServerConfigKeys (ConfUtils.java:logGet(46)) - raft.server.log.statemachine.data.sync.timeout = 10s (default)
2022-11-24 06:38:39,017 [pool-241-thread-1] INFO  server.RaftServerConfigKeys (ConfUtils.java:logGet(46)) - raft.server.log.statemachine.data.sync.timeout.retry = -1 (default)
2022-11-24 06:38:39,018 [pool-241-thread-1] INFO  server.RaftServerConfigKeys (ConfUtils.java:logGet(46)) - raft.server.log.write.buffer.size = 1048576 (custom)
2022-11-24 06:38:39,019 [pool-241-thread-1] INFO  server.RaftServerConfigKeys (ConfUtils.java:logGet(46)) - raft.server.log.unsafe-flush.enabled = false (default)
2022-11-24 06:38:39,019 [pool-241-thread-1] INFO  server.RaftServerConfigKeys (ConfUtils.java:logGet(46)) - raft.server.log.async-flush.enabled = false (default)
2022-11-24 06:38:39,019 [pool-241-thread-1] INFO  server.RaftServerConfigKeys (ConfUtils.java:logGet(46)) - raft.server.log.statemachine.data.caching.enabled = true (custom)
2022-11-24 06:38:39,019 [pool-241-thread-1] INFO  segmented.SegmentedRaftLogWorker (SegmentedRaftLogWorker.java:lambda$new$0(136)) - f61b783c-62f9-462d-872d-ac09aa128e21@group-4A1627A7E140-SegmentedRaftLogWorker: flushIndex: setUnconditionally 0 -> -1
2022-11-24 06:38:39,019 [pool-241-thread-1] INFO  segmented.SegmentedRaftLogWorker (SegmentedRaftLogWorker.java:lambda$new$0(136)) - f61b783c-62f9-462d-872d-ac09aa128e21@group-4A1627A7E140-SegmentedRaftLogWorker: safeCacheEvictIndex: setUnconditionally 0 -> -1
2022-11-24 06:38:39,025 [pool-241-thread-1] INFO  server.RaftServer$Division (RaftServerImpl.java:start(334)) - f61b783c-62f9-462d-872d-ac09aa128e21@group-4A1627A7E140: start as a follower, conf=-1: peers:[f61b783c-62f9-462d-872d-ac09aa128e21|rpc:10.1.1.33:44027|dataStream:|priority:0|startupRole:FOLLOWER, 8af73eb1-79e8-42bd-81b7-d22b4389184f|rpc:10.1.1.33:44141|dataStream:|priority:1|startupRole:FOLLOWER, c8bfac46-0061-4906-a354-59c2fa211c25|rpc:10.1.1.33:41215|dataStream:|priority:0|startupRole:FOLLOWER]|listeners:[], old=null
2022-11-24 06:38:39,025 [pool-241-thread-1] INFO  server.RaftServer$Division (RaftServerImpl.java:setRole(321)) - f61b783c-62f9-462d-872d-ac09aa128e21@group-4A1627A7E140: changes role from      null to FOLLOWER at term 0 for startAsFollower
2022-11-24 06:38:39,025 [pool-241-thread-1] INFO  impl.RoleInfo (RoleInfo.java:updateAndGet(139)) - f61b783c-62f9-462d-872d-ac09aa128e21: start f61b783c-62f9-462d-872d-ac09aa128e21@group-4A1627A7E140-FollowerState
2022-11-24 06:38:39,026 [pool-241-thread-1] INFO  util.JmxRegister (JmxRegister.java:tryRegister(44)) - Successfully registered JMX Bean with object name Ratis:service=RaftServer,group=group-4A1627A7E140,id=f61b783c-62f9-462d-872d-ac09aa128e21
2022-11-24 06:38:39,026 [pool-241-thread-1] INFO  server.RaftServerConfigKeys (ConfUtils.java:logGet(46)) - raft.server.snapshot.auto.trigger.enabled = true (custom)
2022-11-24 06:38:39,027 [pool-241-thread-1] INFO  server.RaftServerConfigKeys (ConfUtils.java:logGet(46)) - raft.server.snapshot.auto.trigger.threshold = 10000 (custom)
2022-11-24 06:38:39,027 [pool-241-thread-1] INFO  server.RaftServerConfigKeys (ConfUtils.java:logGet(46)) - raft.server.snapshot.retention.file.num = 5 (custom)
2022-11-24 06:38:39,027 [pool-241-thread-1] INFO  server.RaftServerConfigKeys (ConfUtils.java:logGet(46)) - raft.server.log.purge.upto.snapshot.index = false (default)
2022-11-24 06:38:39,028 [f61b783c-62f9-462d-872d-ac09aa128e21@group-4A1627A7E140-FollowerState] INFO  server.RaftServerConfigKeys (ConfUtils.java:logFallback(53)) - raft.server.rpc.first-election.timeout.min = 5s (fallback to raft.server.rpc.timeout.min)
2022-11-24 06:38:39,044 [f61b783c-62f9-462d-872d-ac09aa128e21@group-4A1627A7E140-FollowerState] INFO  server.RaftServerConfigKeys (ConfUtils.java:logFallback(53)) - raft.server.rpc.first-election.timeout.max = 5200ms (fallback to raft.server.rpc.timeout.max)
2022-11-24 06:38:39,052 [Command processor thread] INFO  commandhandler.CreatePipelineCommandHandler (CreatePipelineCommandHandler.java:handle(113)) - Created Pipeline RATIS THREE PipelineID=7eab0d13-f1ae-4404-aa34-4a1627a7e140.
2022-11-24 06:38:39,062 [Listener at 127.0.0.1/43781] INFO  ozone.MiniOzoneClusterImpl (MiniOzoneClusterImpl.java:lambda$waitForClusterToBeReady$0(216)) - Nodes are ready. Got 10 of 10 DN Heartbeats.
2022-11-24 06:38:39,062 [Listener at 127.0.0.1/43781] INFO  ozone.MiniOzoneClusterImpl (MiniOzoneClusterImpl.java:lambda$waitForClusterToBeReady$0(219)) - Waiting for cluster to exit safe mode
2022-11-24 06:38:39,062 [Listener at 127.0.0.1/43781] INFO  ozone.MiniOzoneClusterImpl (MiniOzoneClusterImpl.java:lambda$waitForClusterToBeReady$0(221)) - SCM became leader
2022-11-24 06:38:39,178 [Command processor thread] INFO  server.RaftServer (RaftServerProxy.java:addNew(96)) - f61b783c-62f9-462d-872d-ac09aa128e21: addNew group-A00E16961674:[f61b783c-62f9-462d-872d-ac09aa128e21|rpc:10.1.1.33:44027|priority:1|startupRole:FOLLOWER] returns group-A00E16961674:java.util.concurrent.CompletableFuture@21284913[Not completed]
2022-11-24 06:38:39,179 [pool-241-thread-1] INFO  server.RaftServer$Division (RaftServerImpl.java:<init>(195)) - f61b783c-62f9-462d-872d-ac09aa128e21: new RaftServerImpl for group-A00E16961674:[f61b783c-62f9-462d-872d-ac09aa128e21|rpc:10.1.1.33:44027|priority:1|startupRole:FOLLOWER] with ContainerStateMachine:uninitialized
2022-11-24 06:38:39,180 [pool-241-thread-1] INFO  server.RaftServerConfigKeys (ConfUtils.java:logGet(46)) - raft.server.rpc.timeout.min = 5s (custom)
2022-11-24 06:38:39,180 [pool-241-thread-1] INFO  server.RaftServerConfigKeys (ConfUtils.java:logGet(46)) - raft.server.rpc.timeout.max = 5200ms (custom)
2022-11-24 06:38:39,180 [pool-241-thread-1] INFO  server.RaftServerConfigKeys (ConfUtils.java:logGet(46)) - raft.server.rpc.sleep.time = 25ms (default)
2022-11-24 06:38:39,180 [pool-241-thread-1] INFO  server.RaftServerConfigKeys (ConfUtils.java:logGet(46)) - raft.server.rpc.slowness.timeout = 300s (custom)
2022-11-24 06:38:39,180 [pool-241-thread-1] INFO  server.RaftServerConfigKeys (ConfUtils.java:logGet(46)) - raft.server.leaderelection.leader.step-down.wait-time = 10s (default)
2022-11-24 06:38:39,180 [pool-241-thread-1] INFO  server.RaftServerConfigKeys (ConfUtils.java:logGet(46)) - raft.server.sleep.deviation.threshold = 300ms (default)
2022-11-24 06:38:39,180 [pool-241-thread-1] INFO  server.RaftServer$Division (ServerState.java:<init>(118)) - f61b783c-62f9-462d-872d-ac09aa128e21@group-A00E16961674: ConfigurationManager, init=-1: peers:[f61b783c-62f9-462d-872d-ac09aa128e21|rpc:10.1.1.33:44027|priority:1|startupRole:FOLLOWER]|listeners:[], old=null, confs=<EMPTY_MAP>
2022-11-24 06:38:39,180 [pool-241-thread-1] INFO  server.RaftServerConfigKeys (ConfUtils.java:logGet(46)) - raft.server.storage.dir = [/home/runner/work/ozone/ozone/hadoop-ozone/integration-test/target/test-dir/MiniOzoneClusterImpl-3ca4de4a-72c8-4c23-a990-0556c1b2e11a/datanode-7/data/ratis] (custom)
2022-11-24 06:38:39,181 [pool-241-thread-1] INFO  server.RaftServerConfigKeys (ConfUtils.java:logGet(46)) - raft.server.log.corruption.policy = EXCEPTION (default)
2022-11-24 06:38:39,181 [pool-241-thread-1] INFO  server.RaftServerConfigKeys (ConfUtils.java:logGet(46)) - raft.server.storage.free-space.min = 0MB (=0) (default)
2022-11-24 06:38:39,181 [pool-241-thread-1] INFO  server.RaftServerConfigKeys (ConfUtils.java:logGet(46)) - raft.server.notification.no-leader.timeout = 300s (custom)
2022-11-24 06:38:39,181 [pool-241-thread-1] INFO  server.RaftServerConfigKeys (ConfUtils.java:logGet(46)) - raft.server.retrycache.expirytime = 600000ms (custom)
2022-11-24 06:38:39,181 [pool-241-thread-1] INFO  server.RaftServerConfigKeys (ConfUtils.java:logGet(46)) - raft.server.retrycache.statistics.expirytime = 100μs (default)
2022-11-24 06:38:39,182 [pool-241-thread-1] INFO  server.RaftServerConfigKeys (ConfUtils.java:logGet(46)) - raft.server.log.appender.install.snapshot.enabled = false (custom)
2022-11-24 06:38:39,182 [pool-241-thread-1] INFO  server.RaftServerConfigKeys (ConfUtils.java:logGet(46)) - raft.server.threadpool.server.cached = true (default)
2022-11-24 06:38:39,182 [pool-241-thread-1] INFO  server.RaftServerConfigKeys (ConfUtils.java:logGet(46)) - raft.server.threadpool.server.size = 0 (default)
2022-11-24 06:38:39,182 [pool-241-thread-1] INFO  server.RaftServerConfigKeys (ConfUtils.java:logGet(46)) - raft.server.threadpool.client.cached = true (default)
2022-11-24 06:38:39,182 [pool-241-thread-1] INFO  server.RaftServerConfigKeys (ConfUtils.java:logGet(46)) - raft.server.threadpool.client.size = 0 (default)
2022-11-24 06:38:39,183 [pool-241-thread-1] INFO  storage.RaftStorageDirectory (RaftStorageDirectoryImpl.java:analyzeStorage(137)) - The storage directory /home/runner/work/ozone/ozone/hadoop-ozone/integration-test/target/test-dir/MiniOzoneClusterImpl-3ca4de4a-72c8-4c23-a990-0556c1b2e11a/datanode-7/data/ratis/6575c6d3-2d91-49ba-b6af-a00e16961674 does not exist. Creating ...
2022-11-24 06:38:39,187 [pool-241-thread-1] INFO  storage.RaftStorageDirectory (RaftStorageDirectoryImpl.java:tryLock(231)) - Lock on /home/runner/work/ozone/ozone/hadoop-ozone/integration-test/target/test-dir/MiniOzoneClusterImpl-3ca4de4a-72c8-4c23-a990-0556c1b2e11a/datanode-7/data/ratis/6575c6d3-2d91-49ba-b6af-a00e16961674/in_use.lock acquired by nodename 14982@fv-az453-211
2022-11-24 06:38:39,188 [pool-241-thread-1] INFO  storage.RaftStorage (RaftStorageImpl.java:format(96)) - Storage directory /home/runner/work/ozone/ozone/hadoop-ozone/integration-test/target/test-dir/MiniOzoneClusterImpl-3ca4de4a-72c8-4c23-a990-0556c1b2e11a/datanode-7/data/ratis/6575c6d3-2d91-49ba-b6af-a00e16961674 has been successfully formatted.
2022-11-24 06:38:39,189 [pool-241-thread-1] INFO  ratis.ContainerStateMachine (ContainerStateMachine.java:loadSnapshot(236)) - group-A00E16961674: The snapshot info is null. Setting the last applied indexto:(t:0, i:~)
2022-11-24 06:38:39,189 [pool-241-thread-1] INFO  server.RaftServerConfigKeys (ConfUtils.java:logGet(46)) - raft.server.log.use.memory = false (default)
2022-11-24 06:38:39,190 [pool-241-thread-1] INFO  server.RaftServerConfigKeys (ConfUtils.java:logGet(46)) - raft.server.log.purge.gap = 1000000 (custom)
2022-11-24 06:38:39,190 [pool-241-thread-1] INFO  server.RaftServerConfigKeys (ConfUtils.java:logGet(46)) - raft.server.log.appender.buffer.byte-limit = 33554432 (custom)
2022-11-24 06:38:39,190 [pool-241-thread-1] INFO  server.RaftServerConfigKeys (ConfUtils.java:logGet(46)) - raft.server.log.statemachine.data.read.timeout = 1000ms (default)
2022-11-24 06:38:39,190 [pool-241-thread-1] INFO  server.RaftServerConfigKeys (ConfUtils.java:logGet(46)) - raft.server.log.purge.preservation.log.num = 0 (default)
2022-11-24 06:38:39,191 [EventQueue-PipelineReportForPipelineReportHandler] INFO  pipeline.PipelineManagerImpl (PipelineManagerImpl.java:openPipeline(367)) - Pipeline Pipeline[ Id: 6575c6d3-2d91-49ba-b6af-a00e16961674, Nodes: f61b783c-62f9-462d-872d-ac09aa128e21{ip: 10.1.1.33, host: fv-az453-211.hss2zji4abbufegd5wcf2so25h.dx.internal.cloudapp.net, ports: [REPLICATION=45671, RATIS=44027, RATIS_ADMIN=44027, RATIS_SERVER=44027, STANDALONE=38233], networkLocation: /default-rack, certSerialId: null, persistedOpState: IN_SERVICE, persistedOpStateExpiryEpochSec: 0}, ReplicationConfig: RATIS/ONE, State:ALLOCATED, leaderId:f61b783c-62f9-462d-872d-ac09aa128e21, CreationTimestamp2022-11-24T06:38:36.181Z[Etc/UTC]] moved to OPEN state
2022-11-24 06:38:39,192 [EventQueue-OpenPipelineForHealthyPipelineSafeModeRule] INFO  safemode.SCMSafeModeManager (HealthyPipelineSafeModeRule.java:process(137)) - SCM in safe mode. Healthy pipelines reported count is 0, required healthy pipeline reported count is 1
2022-11-24 06:38:39,192 [pool-241-thread-1] INFO  server.RaftServerConfigKeys (ConfUtils.java:logGet(46)) - raft.server.log.segment.size.max = 1048576 (custom)
2022-11-24 06:38:39,196 [pool-241-thread-1] INFO  server.RaftServerConfigKeys (ConfUtils.java:logGet(46)) - raft.server.log.segment.cache.num.max = 2 (custom)
2022-11-24 06:38:39,196 [pool-241-thread-1] INFO  server.RaftServerConfigKeys (ConfUtils.java:logGet(46)) - raft.server.log.segment.cache.size.max = 200MB (=209715200) (default)
2022-11-24 06:38:39,196 [pool-241-thread-1] INFO  segmented.SegmentedRaftLogWorker (SegmentedRaftLogWorker.java:<init>(191)) - new f61b783c-62f9-462d-872d-ac09aa128e21@group-A00E16961674-SegmentedRaftLogWorker for RaftStorageImpl:Storage Directory /home/runner/work/ozone/ozone/hadoop-ozone/integration-test/target/test-dir/MiniOzoneClusterImpl-3ca4de4a-72c8-4c23-a990-0556c1b2e11a/datanode-7/data/ratis/6575c6d3-2d91-49ba-b6af-a00e16961674
2022-11-24 06:38:39,197 [pool-241-thread-1] INFO  server.RaftServerConfigKeys (ConfUtils.java:logGet(46)) - raft.server.log.queue.byte-limit = 4294967296 (custom)
2022-11-24 06:38:39,197 [pool-241-thread-1] INFO  server.RaftServerConfigKeys (ConfUtils.java:logGet(46)) - raft.server.log.queue.element-limit = 1024 (custom)
2022-11-24 06:38:39,197 [pool-241-thread-1] INFO  server.RaftServerConfigKeys (ConfUtils.java:logGet(46)) - raft.server.log.segment.size.max = 1048576 (custom)
2022-11-24 06:38:39,197 [pool-241-thread-1] INFO  server.RaftServerConfigKeys (ConfUtils.java:logGet(46)) - raft.server.log.preallocated.size = 16384 (custom)
2022-11-24 06:38:39,197 [pool-241-thread-1] INFO  server.RaftServerConfigKeys (ConfUtils.java:logGet(46)) - raft.server.log.force.sync.num = 128 (default)
2022-11-24 06:38:39,197 [pool-241-thread-1] INFO  server.RaftServerConfigKeys (ConfUtils.java:logGet(46)) - raft.server.log.statemachine.data.sync = true (default)
2022-11-24 06:38:39,197 [pool-241-thread-1] INFO  server.RaftServerConfigKeys (ConfUtils.java:logGet(46)) - raft.server.log.statemachine.data.sync.timeout = 10s (default)
2022-11-24 06:38:39,197 [pool-241-thread-1] INFO  server.RaftServerConfigKeys (ConfUtils.java:logGet(46)) - raft.server.log.statemachine.data.sync.timeout.retry = -1 (default)
2022-11-24 06:38:39,198 [pool-241-thread-1] INFO  server.RaftServerConfigKeys (ConfUtils.java:logGet(46)) - raft.server.log.write.buffer.size = 1048576 (custom)
2022-11-24 06:38:39,199 [pool-241-thread-1] INFO  server.RaftServerConfigKeys (ConfUtils.java:logGet(46)) - raft.server.log.unsafe-flush.enabled = false (default)
2022-11-24 06:38:39,199 [pool-241-thread-1] INFO  server.RaftServerConfigKeys (ConfUtils.java:logGet(46)) - raft.server.log.async-flush.enabled = false (default)
2022-11-24 06:38:39,199 [pool-241-thread-1] INFO  server.RaftServerConfigKeys (ConfUtils.java:logGet(46)) - raft.server.log.statemachine.data.caching.enabled = true (custom)
2022-11-24 06:38:39,200 [pool-241-thread-1] INFO  segmented.SegmentedRaftLogWorker (SegmentedRaftLogWorker.java:lambda$new$0(136)) - f61b783c-62f9-462d-872d-ac09aa128e21@group-A00E16961674-SegmentedRaftLogWorker: flushIndex: setUnconditionally 0 -> -1
2022-11-24 06:38:39,200 [pool-241-thread-1] INFO  segmented.SegmentedRaftLogWorker (SegmentedRaftLogWorker.java:lambda$new$0(136)) - f61b783c-62f9-462d-872d-ac09aa128e21@group-A00E16961674-SegmentedRaftLogWorker: safeCacheEvictIndex: setUnconditionally 0 -> -1
2022-11-24 06:38:39,200 [pool-241-thread-1] INFO  server.RaftServer$Division (RaftServerImpl.java:start(334)) - f61b783c-62f9-462d-872d-ac09aa128e21@group-A00E16961674: start as a follower, conf=-1: peers:[f61b783c-62f9-462d-872d-ac09aa128e21|rpc:10.1.1.33:44027|priority:1|startupRole:FOLLOWER]|listeners:[], old=null
2022-11-24 06:38:39,200 [pool-241-thread-1] INFO  server.RaftServer$Division (RaftServerImpl.java:setRole(321)) - f61b783c-62f9-462d-872d-ac09aa128e21@group-A00E16961674: changes role from      null to FOLLOWER at term 0 for startAsFollower
2022-11-24 06:38:39,200 [pool-241-thread-1] INFO  impl.RoleInfo (RoleInfo.java:updateAndGet(139)) - f61b783c-62f9-462d-872d-ac09aa128e21: start f61b783c-62f9-462d-872d-ac09aa128e21@group-A00E16961674-FollowerState
2022-11-24 06:38:39,200 [pool-241-thread-1] INFO  util.JmxRegister (JmxRegister.java:tryRegister(44)) - Successfully registered JMX Bean with object name Ratis:service=RaftServer,group=group-A00E16961674,id=f61b783c-62f9-462d-872d-ac09aa128e21
2022-11-24 06:38:39,201 [pool-241-thread-1] INFO  server.RaftServerConfigKeys (ConfUtils.java:logGet(46)) - raft.server.snapshot.auto.trigger.enabled = true (custom)
2022-11-24 06:38:39,201 [pool-241-thread-1] INFO  server.RaftServerConfigKeys (ConfUtils.java:logGet(46)) - raft.server.snapshot.auto.trigger.threshold = 10000 (custom)
2022-11-24 06:38:39,201 [pool-241-thread-1] INFO  server.RaftServerConfigKeys (ConfUtils.java:logGet(46)) - raft.server.snapshot.retention.file.num = 5 (custom)
2022-11-24 06:38:39,201 [pool-241-thread-1] INFO  server.RaftServerConfigKeys (ConfUtils.java:logGet(46)) - raft.server.log.purge.upto.snapshot.index = false (default)
2022-11-24 06:38:39,202 [Command processor thread] INFO  ratis.XceiverServerRatis (XceiverServerRatis.java:addGroup(765)) - Created group PipelineID=6575c6d3-2d91-49ba-b6af-a00e16961674
2022-11-24 06:38:39,202 [f61b783c-62f9-462d-872d-ac09aa128e21@group-A00E16961674-FollowerState] INFO  server.RaftServerConfigKeys (ConfUtils.java:logFallback(53)) - raft.server.rpc.first-election.timeout.min = 5s (fallback to raft.server.rpc.timeout.min)
2022-11-24 06:38:39,202 [Command processor thread] INFO  commandhandler.CreatePipelineCommandHandler (CreatePipelineCommandHandler.java:handle(113)) - Created Pipeline RATIS ONE PipelineID=6575c6d3-2d91-49ba-b6af-a00e16961674.
2022-11-24 06:38:39,202 [f61b783c-62f9-462d-872d-ac09aa128e21@group-A00E16961674-FollowerState] INFO  server.RaftServerConfigKeys (ConfUtils.java:logFallback(53)) - raft.server.rpc.first-election.timeout.max = 5200ms (fallback to raft.server.rpc.timeout.max)
2022-11-24 06:38:39,620 [Command processor thread] INFO  server.RaftServer (RaftServerProxy.java:addNew(96)) - c8bfac46-0061-4906-a354-59c2fa211c25: addNew group-BF229F9AAB43:[c8bfac46-0061-4906-a354-59c2fa211c25|rpc:10.1.1.33:41215|priority:1|startupRole:FOLLOWER] returns group-BF229F9AAB43:java.util.concurrent.CompletableFuture@5c4a64c7[Not completed]
2022-11-24 06:38:39,621 [pool-268-thread-1] INFO  server.RaftServer$Division (RaftServerImpl.java:<init>(195)) - c8bfac46-0061-4906-a354-59c2fa211c25: new RaftServerImpl for group-BF229F9AAB43:[c8bfac46-0061-4906-a354-59c2fa211c25|rpc:10.1.1.33:41215|priority:1|startupRole:FOLLOWER] with ContainerStateMachine:uninitialized
2022-11-24 06:38:39,621 [pool-268-thread-1] INFO  server.RaftServerConfigKeys (ConfUtils.java:logGet(46)) - raft.server.rpc.timeout.min = 5s (custom)
2022-11-24 06:38:39,622 [pool-268-thread-1] INFO  server.RaftServerConfigKeys (ConfUtils.java:logGet(46)) - raft.server.rpc.timeout.max = 5200ms (custom)
2022-11-24 06:38:39,622 [pool-268-thread-1] INFO  server.RaftServerConfigKeys (ConfUtils.java:logGet(46)) - raft.server.rpc.sleep.time = 25ms (default)
2022-11-24 06:38:39,622 [pool-268-thread-1] INFO  server.RaftServerConfigKeys (ConfUtils.java:logGet(46)) - raft.server.rpc.slowness.timeout = 300s (custom)
2022-11-24 06:38:39,622 [pool-268-thread-1] INFO  server.RaftServerConfigKeys (ConfUtils.java:logGet(46)) - raft.server.leaderelection.leader.step-down.wait-time = 10s (default)
2022-11-24 06:38:39,622 [pool-268-thread-1] INFO  server.RaftServerConfigKeys (ConfUtils.java:logGet(46)) - raft.server.sleep.deviation.threshold = 300ms (default)
2022-11-24 06:38:39,622 [pool-268-thread-1] INFO  server.RaftServer$Division (ServerState.java:<init>(118)) - c8bfac46-0061-4906-a354-59c2fa211c25@group-BF229F9AAB43: ConfigurationManager, init=-1: peers:[c8bfac46-0061-4906-a354-59c2fa211c25|rpc:10.1.1.33:41215|priority:1|startupRole:FOLLOWER]|listeners:[], old=null, confs=<EMPTY_MAP>
2022-11-24 06:38:39,622 [pool-268-thread-1] INFO  server.RaftServerConfigKeys (ConfUtils.java:logGet(46)) - raft.server.storage.dir = [/home/runner/work/ozone/ozone/hadoop-ozone/integration-test/target/test-dir/MiniOzoneClusterImpl-3ca4de4a-72c8-4c23-a990-0556c1b2e11a/datanode-8/data/ratis] (custom)
2022-11-24 06:38:39,622 [pool-268-thread-1] INFO  server.RaftServerConfigKeys (ConfUtils.java:logGet(46)) - raft.server.log.corruption.policy = EXCEPTION (default)
2022-11-24 06:38:39,622 [pool-268-thread-1] INFO  server.RaftServerConfigKeys (ConfUtils.java:logGet(46)) - raft.server.storage.free-space.min = 0MB (=0) (default)
2022-11-24 06:38:39,623 [pool-268-thread-1] INFO  server.RaftServerConfigKeys (ConfUtils.java:logGet(46)) - raft.server.notification.no-leader.timeout = 300s (custom)
2022-11-24 06:38:39,623 [pool-268-thread-1] INFO  server.RaftServerConfigKeys (ConfUtils.java:logGet(46)) - raft.server.retrycache.expirytime = 600000ms (custom)
2022-11-24 06:38:39,623 [pool-268-thread-1] INFO  server.RaftServerConfigKeys (ConfUtils.java:logGet(46)) - raft.server.retrycache.statistics.expirytime = 100μs (default)
2022-11-24 06:38:39,624 [pool-268-thread-1] INFO  server.RaftServerConfigKeys (ConfUtils.java:logGet(46)) - raft.server.log.appender.install.snapshot.enabled = false (custom)
2022-11-24 06:38:39,624 [pool-268-thread-1] INFO  server.RaftServerConfigKeys (ConfUtils.java:logGet(46)) - raft.server.threadpool.server.cached = true (default)
2022-11-24 06:38:39,624 [pool-268-thread-1] INFO  server.RaftServerConfigKeys (ConfUtils.java:logGet(46)) - raft.server.threadpool.server.size = 0 (default)
2022-11-24 06:38:39,624 [pool-268-thread-1] INFO  server.RaftServerConfigKeys (ConfUtils.java:logGet(46)) - raft.server.threadpool.client.cached = true (default)
2022-11-24 06:38:39,624 [pool-268-thread-1] INFO  server.RaftServerConfigKeys (ConfUtils.java:logGet(46)) - raft.server.threadpool.client.size = 0 (default)
2022-11-24 06:38:39,624 [pool-268-thread-1] INFO  storage.RaftStorageDirectory (RaftStorageDirectoryImpl.java:analyzeStorage(137)) - The storage directory /home/runner/work/ozone/ozone/hadoop-ozone/integration-test/target/test-dir/MiniOzoneClusterImpl-3ca4de4a-72c8-4c23-a990-0556c1b2e11a/datanode-8/data/ratis/6b851af7-b87e-4d85-b286-bf229f9aab43 does not exist. Creating ...
2022-11-24 06:38:39,626 [pool-268-thread-1] INFO  storage.RaftStorageDirectory (RaftStorageDirectoryImpl.java:tryLock(231)) - Lock on /home/runner/work/ozone/ozone/hadoop-ozone/integration-test/target/test-dir/MiniOzoneClusterImpl-3ca4de4a-72c8-4c23-a990-0556c1b2e11a/datanode-8/data/ratis/6b851af7-b87e-4d85-b286-bf229f9aab43/in_use.lock acquired by nodename 14982@fv-az453-211
2022-11-24 06:38:39,627 [pool-268-thread-1] INFO  storage.RaftStorage (RaftStorageImpl.java:format(96)) - Storage directory /home/runner/work/ozone/ozone/hadoop-ozone/integration-test/target/test-dir/MiniOzoneClusterImpl-3ca4de4a-72c8-4c23-a990-0556c1b2e11a/datanode-8/data/ratis/6b851af7-b87e-4d85-b286-bf229f9aab43 has been successfully formatted.
2022-11-24 06:38:39,628 [pool-268-thread-1] INFO  ratis.ContainerStateMachine (ContainerStateMachine.java:loadSnapshot(236)) - group-BF229F9AAB43: The snapshot info is null. Setting the last applied indexto:(t:0, i:~)
2022-11-24 06:38:39,628 [pool-268-thread-1] INFO  server.RaftServerConfigKeys (ConfUtils.java:logGet(46)) - raft.server.log.use.memory = false (default)
2022-11-24 06:38:39,628 [pool-268-thread-1] INFO  server.RaftServerConfigKeys (ConfUtils.java:logGet(46)) - raft.server.log.purge.gap = 1000000 (custom)
2022-11-24 06:38:39,630 [pool-268-thread-1] INFO  server.RaftServerConfigKeys (ConfUtils.java:logGet(46)) - raft.server.log.appender.buffer.byte-limit = 33554432 (custom)
2022-11-24 06:38:39,630 [pool-268-thread-1] INFO  server.RaftServerConfigKeys (ConfUtils.java:logGet(46)) - raft.server.log.statemachine.data.read.timeout = 1000ms (default)
2022-11-24 06:38:39,630 [pool-268-thread-1] INFO  server.RaftServerConfigKeys (ConfUtils.java:logGet(46)) - raft.server.log.purge.preservation.log.num = 0 (default)
2022-11-24 06:38:39,631 [pool-268-thread-1] INFO  server.RaftServerConfigKeys (ConfUtils.java:logGet(46)) - raft.server.log.segment.size.max = 1048576 (custom)
2022-11-24 06:38:39,631 [EventQueue-PipelineReportForPipelineReportHandler] INFO  pipeline.PipelineManagerImpl (PipelineManagerImpl.java:openPipeline(367)) - Pipeline Pipeline[ Id: 6b851af7-b87e-4d85-b286-bf229f9aab43, Nodes: c8bfac46-0061-4906-a354-59c2fa211c25{ip: 10.1.1.33, host: fv-az453-211.hss2zji4abbufegd5wcf2so25h.dx.internal.cloudapp.net, ports: [REPLICATION=33399, RATIS=41215, RATIS_ADMIN=41215, RATIS_SERVER=41215, STANDALONE=43477], networkLocation: /default-rack, certSerialId: null, persistedOpState: IN_SERVICE, persistedOpStateExpiryEpochSec: 0}, ReplicationConfig: RATIS/ONE, State:ALLOCATED, leaderId:c8bfac46-0061-4906-a354-59c2fa211c25, CreationTimestamp2022-11-24T06:38:36.666Z[Etc/UTC]] moved to OPEN state
2022-11-24 06:38:39,631 [pool-268-thread-1] INFO  server.RaftServerConfigKeys (ConfUtils.java:logGet(46)) - raft.server.log.segment.cache.num.max = 2 (custom)
2022-11-24 06:38:39,632 [EventQueue-OpenPipelineForHealthyPipelineSafeModeRule] INFO  safemode.SCMSafeModeManager (HealthyPipelineSafeModeRule.java:process(137)) - SCM in safe mode. Healthy pipelines reported count is 0, required healthy pipeline reported count is 1
2022-11-24 06:38:39,632 [pool-268-thread-1] INFO  server.RaftServerConfigKeys (ConfUtils.java:logGet(46)) - raft.server.log.segment.cache.size.max = 200MB (=209715200) (default)
2022-11-24 06:38:39,632 [pool-268-thread-1] INFO  segmented.SegmentedRaftLogWorker (SegmentedRaftLogWorker.java:<init>(191)) - new c8bfac46-0061-4906-a354-59c2fa211c25@group-BF229F9AAB43-SegmentedRaftLogWorker for RaftStorageImpl:Storage Directory /home/runner/work/ozone/ozone/hadoop-ozone/integration-test/target/test-dir/MiniOzoneClusterImpl-3ca4de4a-72c8-4c23-a990-0556c1b2e11a/datanode-8/data/ratis/6b851af7-b87e-4d85-b286-bf229f9aab43
2022-11-24 06:38:39,632 [pool-268-thread-1] INFO  server.RaftServerConfigKeys (ConfUtils.java:logGet(46)) - raft.server.log.queue.byte-limit = 4294967296 (custom)
2022-11-24 06:38:39,632 [pool-268-thread-1] INFO  server.RaftServerConfigKeys (ConfUtils.java:logGet(46)) - raft.server.log.queue.element-limit = 1024 (custom)
2022-11-24 06:38:39,633 [pool-268-thread-1] INFO  server.RaftServerConfigKeys (ConfUtils.java:logGet(46)) - raft.server.log.segment.size.max = 1048576 (custom)
2022-11-24 06:38:39,633 [pool-268-thread-1] INFO  server.RaftServerConfigKeys (ConfUtils.java:logGet(46)) - raft.server.log.preallocated.size = 16384 (custom)
2022-11-24 06:38:39,633 [pool-268-thread-1] INFO  server.RaftServerConfigKeys (ConfUtils.java:logGet(46)) - raft.server.log.force.sync.num = 128 (default)
2022-11-24 06:38:39,633 [pool-268-thread-1] INFO  server.RaftServerConfigKeys (ConfUtils.java:logGet(46)) - raft.server.log.statemachine.data.sync = true (default)
2022-11-24 06:38:39,633 [pool-268-thread-1] INFO  server.RaftServerConfigKeys (ConfUtils.java:logGet(46)) - raft.server.log.statemachine.data.sync.timeout = 10s (default)
2022-11-24 06:38:39,633 [pool-268-thread-1] INFO  server.RaftServerConfigKeys (ConfUtils.java:logGet(46)) - raft.server.log.statemachine.data.sync.timeout.retry = -1 (default)
2022-11-24 06:38:39,635 [pool-268-thread-1] INFO  server.RaftServerConfigKeys (ConfUtils.java:logGet(46)) - raft.server.log.write.buffer.size = 1048576 (custom)
2022-11-24 06:38:39,636 [pool-268-thread-1] INFO  server.RaftServerConfigKeys (ConfUtils.java:logGet(46)) - raft.server.log.unsafe-flush.enabled = false (default)
2022-11-24 06:38:39,636 [pool-268-thread-1] INFO  server.RaftServerConfigKeys (ConfUtils.java:logGet(46)) - raft.server.log.async-flush.enabled = false (default)
2022-11-24 06:38:39,636 [pool-268-thread-1] INFO  server.RaftServerConfigKeys (ConfUtils.java:logGet(46)) - raft.server.log.statemachine.data.caching.enabled = true (custom)
2022-11-24 06:38:39,636 [pool-268-thread-1] INFO  segmented.SegmentedRaftLogWorker (SegmentedRaftLogWorker.java:lambda$new$0(136)) - c8bfac46-0061-4906-a354-59c2fa211c25@group-BF229F9AAB43-SegmentedRaftLogWorker: flushIndex: setUnconditionally 0 -> -1
2022-11-24 06:38:39,637 [pool-268-thread-1] INFO  segmented.SegmentedRaftLogWorker (SegmentedRaftLogWorker.java:lambda$new$0(136)) - c8bfac46-0061-4906-a354-59c2fa211c25@group-BF229F9AAB43-SegmentedRaftLogWorker: safeCacheEvictIndex: setUnconditionally 0 -> -1
2022-11-24 06:38:39,637 [pool-268-thread-1] INFO  server.RaftServer$Division (RaftServerImpl.java:start(334)) - c8bfac46-0061-4906-a354-59c2fa211c25@group-BF229F9AAB43: start as a follower, conf=-1: peers:[c8bfac46-0061-4906-a354-59c2fa211c25|rpc:10.1.1.33:41215|priority:1|startupRole:FOLLOWER]|listeners:[], old=null
2022-11-24 06:38:39,637 [pool-268-thread-1] INFO  server.RaftServer$Division (RaftServerImpl.java:setRole(321)) - c8bfac46-0061-4906-a354-59c2fa211c25@group-BF229F9AAB43: changes role from      null to FOLLOWER at term 0 for startAsFollower
2022-11-24 06:38:39,638 [pool-268-thread-1] INFO  impl.RoleInfo (RoleInfo.java:updateAndGet(139)) - c8bfac46-0061-4906-a354-59c2fa211c25: start c8bfac46-0061-4906-a354-59c2fa211c25@group-BF229F9AAB43-FollowerState
2022-11-24 06:38:39,638 [pool-268-thread-1] INFO  util.JmxRegister (JmxRegister.java:tryRegister(44)) - Successfully registered JMX Bean with object name Ratis:service=RaftServer,group=group-BF229F9AAB43,id=c8bfac46-0061-4906-a354-59c2fa211c25
2022-11-24 06:38:39,638 [pool-268-thread-1] INFO  server.RaftServerConfigKeys (ConfUtils.java:logGet(46)) - raft.server.snapshot.auto.trigger.enabled = true (custom)
2022-11-24 06:38:39,638 [pool-268-thread-1] INFO  server.RaftServerConfigKeys (ConfUtils.java:logGet(46)) - raft.server.snapshot.auto.trigger.threshold = 10000 (custom)
2022-11-24 06:38:39,638 [pool-268-thread-1] INFO  server.RaftServerConfigKeys (ConfUtils.java:logGet(46)) - raft.server.snapshot.retention.file.num = 5 (custom)
2022-11-24 06:38:39,638 [pool-268-thread-1] INFO  server.RaftServerConfigKeys (ConfUtils.java:logGet(46)) - raft.server.log.purge.upto.snapshot.index = false (default)
2022-11-24 06:38:39,639 [c8bfac46-0061-4906-a354-59c2fa211c25@group-BF229F9AAB43-FollowerState] INFO  server.RaftServerConfigKeys (ConfUtils.java:logFallback(53)) - raft.server.rpc.first-election.timeout.min = 5s (fallback to raft.server.rpc.timeout.min)
2022-11-24 06:38:39,639 [c8bfac46-0061-4906-a354-59c2fa211c25@group-BF229F9AAB43-FollowerState] INFO  server.RaftServerConfigKeys (ConfUtils.java:logFallback(53)) - raft.server.rpc.first-election.timeout.max = 5200ms (fallback to raft.server.rpc.timeout.max)
2022-11-24 06:38:39,658 [Command processor thread] INFO  ratis.XceiverServerRatis (XceiverServerRatis.java:addGroup(765)) - Created group PipelineID=6b851af7-b87e-4d85-b286-bf229f9aab43
2022-11-24 06:38:39,658 [Command processor thread] INFO  commandhandler.CreatePipelineCommandHandler (CreatePipelineCommandHandler.java:handle(113)) - Created Pipeline RATIS ONE PipelineID=6b851af7-b87e-4d85-b286-bf229f9aab43.
2022-11-24 06:38:40,055 [Command processor thread] INFO  server.RaftServer (RaftServerProxy.java:addNew(96)) - 4949dc81-86be-4926-96a6-534c5c5588ca: addNew group-9E9806E9FECC:[4949dc81-86be-4926-96a6-534c5c5588ca|rpc:10.1.1.33:45371|priority:1|startupRole:FOLLOWER] returns group-9E9806E9FECC:java.util.concurrent.CompletableFuture@316acb3a[Not completed]
2022-11-24 06:38:40,057 [pool-295-thread-1] INFO  server.RaftServer$Division (RaftServerImpl.java:<init>(195)) - 4949dc81-86be-4926-96a6-534c5c5588ca: new RaftServerImpl for group-9E9806E9FECC:[4949dc81-86be-4926-96a6-534c5c5588ca|rpc:10.1.1.33:45371|priority:1|startupRole:FOLLOWER] with ContainerStateMachine:uninitialized
2022-11-24 06:38:40,057 [pool-295-thread-1] INFO  server.RaftServerConfigKeys (ConfUtils.java:logGet(46)) - raft.server.rpc.timeout.min = 5s (custom)
2022-11-24 06:38:40,057 [pool-295-thread-1] INFO  server.RaftServerConfigKeys (ConfUtils.java:logGet(46)) - raft.server.rpc.timeout.max = 5200ms (custom)
2022-11-24 06:38:40,057 [pool-295-thread-1] INFO  server.RaftServerConfigKeys (ConfUtils.java:logGet(46)) - raft.server.rpc.sleep.time = 25ms (default)
2022-11-24 06:38:40,058 [pool-295-thread-1] INFO  server.RaftServerConfigKeys (ConfUtils.java:logGet(46)) - raft.server.rpc.slowness.timeout = 300s (custom)
2022-11-24 06:38:40,058 [pool-295-thread-1] INFO  server.RaftServerConfigKeys (ConfUtils.java:logGet(46)) - raft.server.leaderelection.leader.step-down.wait-time = 10s (default)
2022-11-24 06:38:40,058 [pool-295-thread-1] INFO  server.RaftServerConfigKeys (ConfUtils.java:logGet(46)) - raft.server.sleep.deviation.threshold = 300ms (default)
2022-11-24 06:38:40,058 [pool-295-thread-1] INFO  server.RaftServer$Division (ServerState.java:<init>(118)) - 4949dc81-86be-4926-96a6-534c5c5588ca@group-9E9806E9FECC: ConfigurationManager, init=-1: peers:[4949dc81-86be-4926-96a6-534c5c5588ca|rpc:10.1.1.33:45371|priority:1|startupRole:FOLLOWER]|listeners:[], old=null, confs=<EMPTY_MAP>
2022-11-24 06:38:40,058 [pool-295-thread-1] INFO  server.RaftServerConfigKeys (ConfUtils.java:logGet(46)) - raft.server.storage.dir = [/home/runner/work/ozone/ozone/hadoop-ozone/integration-test/target/test-dir/MiniOzoneClusterImpl-3ca4de4a-72c8-4c23-a990-0556c1b2e11a/datanode-9/data/ratis] (custom)
2022-11-24 06:38:40,058 [pool-295-thread-1] INFO  server.RaftServerConfigKeys (ConfUtils.java:logGet(46)) - raft.server.log.corruption.policy = EXCEPTION (default)
2022-11-24 06:38:40,059 [pool-295-thread-1] INFO  server.RaftServerConfigKeys (ConfUtils.java:logGet(46)) - raft.server.storage.free-space.min = 0MB (=0) (default)
2022-11-24 06:38:40,059 [pool-295-thread-1] INFO  server.RaftServerConfigKeys (ConfUtils.java:logGet(46)) - raft.server.notification.no-leader.timeout = 300s (custom)
2022-11-24 06:38:40,059 [pool-295-thread-1] INFO  server.RaftServerConfigKeys (ConfUtils.java:logGet(46)) - raft.server.retrycache.expirytime = 600000ms (custom)
2022-11-24 06:38:40,059 [pool-295-thread-1] INFO  server.RaftServerConfigKeys (ConfUtils.java:logGet(46)) - raft.server.retrycache.statistics.expirytime = 100μs (default)
2022-11-24 06:38:40,063 [Listener at 127.0.0.1/43781] INFO  ozone.MiniOzoneClusterImpl (MiniOzoneClusterImpl.java:lambda$waitForClusterToBeReady$0(216)) - Nodes are ready. Got 10 of 10 DN Heartbeats.
2022-11-24 06:38:40,063 [Listener at 127.0.0.1/43781] INFO  ozone.MiniOzoneClusterImpl (MiniOzoneClusterImpl.java:lambda$waitForClusterToBeReady$0(219)) - Waiting for cluster to exit safe mode
2022-11-24 06:38:40,063 [Listener at 127.0.0.1/43781] INFO  ozone.MiniOzoneClusterImpl (MiniOzoneClusterImpl.java:lambda$waitForClusterToBeReady$0(221)) - SCM became leader
2022-11-24 06:38:40,065 [pool-295-thread-1] INFO  server.RaftServerConfigKeys (ConfUtils.java:logGet(46)) - raft.server.log.appender.install.snapshot.enabled = false (custom)
2022-11-24 06:38:40,065 [pool-295-thread-1] INFO  server.RaftServerConfigKeys (ConfUtils.java:logGet(46)) - raft.server.threadpool.server.cached = true (default)
2022-11-24 06:38:40,065 [pool-295-thread-1] INFO  server.RaftServerConfigKeys (ConfUtils.java:logGet(46)) - raft.server.threadpool.server.size = 0 (default)
2022-11-24 06:38:40,065 [pool-295-thread-1] INFO  server.RaftServerConfigKeys (ConfUtils.java:logGet(46)) - raft.server.threadpool.client.cached = true (default)
2022-11-24 06:38:40,065 [pool-295-thread-1] INFO  server.RaftServerConfigKeys (ConfUtils.java:logGet(46)) - raft.server.threadpool.client.size = 0 (default)
2022-11-24 06:38:40,066 [pool-295-thread-1] INFO  storage.RaftStorageDirectory (RaftStorageDirectoryImpl.java:analyzeStorage(137)) - The storage directory /home/runner/work/ozone/ozone/hadoop-ozone/integration-test/target/test-dir/MiniOzoneClusterImpl-3ca4de4a-72c8-4c23-a990-0556c1b2e11a/datanode-9/data/ratis/eeb478f1-5fff-4274-aef9-9e9806e9fecc does not exist. Creating ...
2022-11-24 06:38:40,073 [pool-295-thread-1] INFO  storage.RaftStorageDirectory (RaftStorageDirectoryImpl.java:tryLock(231)) - Lock on /home/runner/work/ozone/ozone/hadoop-ozone/integration-test/target/test-dir/MiniOzoneClusterImpl-3ca4de4a-72c8-4c23-a990-0556c1b2e11a/datanode-9/data/ratis/eeb478f1-5fff-4274-aef9-9e9806e9fecc/in_use.lock acquired by nodename 14982@fv-az453-211
2022-11-24 06:38:40,075 [pool-295-thread-1] INFO  storage.RaftStorage (RaftStorageImpl.java:format(96)) - Storage directory /home/runner/work/ozone/ozone/hadoop-ozone/integration-test/target/test-dir/MiniOzoneClusterImpl-3ca4de4a-72c8-4c23-a990-0556c1b2e11a/datanode-9/data/ratis/eeb478f1-5fff-4274-aef9-9e9806e9fecc has been successfully formatted.
2022-11-24 06:38:40,076 [pool-295-thread-1] INFO  ratis.ContainerStateMachine (ContainerStateMachine.java:loadSnapshot(236)) - group-9E9806E9FECC: The snapshot info is null. Setting the last applied indexto:(t:0, i:~)
2022-11-24 06:38:40,076 [pool-295-thread-1] INFO  server.RaftServerConfigKeys (ConfUtils.java:logGet(46)) - raft.server.log.use.memory = false (default)
2022-11-24 06:38:40,076 [pool-295-thread-1] INFO  server.RaftServerConfigKeys (ConfUtils.java:logGet(46)) - raft.server.log.purge.gap = 1000000 (custom)
2022-11-24 06:38:40,076 [pool-295-thread-1] INFO  server.RaftServerConfigKeys (ConfUtils.java:logGet(46)) - raft.server.log.appender.buffer.byte-limit = 33554432 (custom)
2022-11-24 06:38:40,076 [pool-295-thread-1] INFO  server.RaftServerConfigKeys (ConfUtils.java:logGet(46)) - raft.server.log.statemachine.data.read.timeout = 1000ms (default)
2022-11-24 06:38:40,076 [pool-295-thread-1] INFO  server.RaftServerConfigKeys (ConfUtils.java:logGet(46)) - raft.server.log.purge.preservation.log.num = 0 (default)
2022-11-24 06:38:40,076 [pool-295-thread-1] INFO  server.RaftServerConfigKeys (ConfUtils.java:logGet(46)) - raft.server.log.segment.size.max = 1048576 (custom)
2022-11-24 06:38:40,077 [pool-295-thread-1] INFO  server.RaftServerConfigKeys (ConfUtils.java:logGet(46)) - raft.server.log.segment.cache.num.max = 2 (custom)
2022-11-24 06:38:40,077 [pool-295-thread-1] INFO  server.RaftServerConfigKeys (ConfUtils.java:logGet(46)) - raft.server.log.segment.cache.size.max = 200MB (=209715200) (default)
2022-11-24 06:38:40,077 [pool-295-thread-1] INFO  segmented.SegmentedRaftLogWorker (SegmentedRaftLogWorker.java:<init>(191)) - new 4949dc81-86be-4926-96a6-534c5c5588ca@group-9E9806E9FECC-SegmentedRaftLogWorker for RaftStorageImpl:Storage Directory /home/runner/work/ozone/ozone/hadoop-ozone/integration-test/target/test-dir/MiniOzoneClusterImpl-3ca4de4a-72c8-4c23-a990-0556c1b2e11a/datanode-9/data/ratis/eeb478f1-5fff-4274-aef9-9e9806e9fecc
2022-11-24 06:38:40,077 [pool-295-thread-1] INFO  server.RaftServerConfigKeys (ConfUtils.java:logGet(46)) - raft.server.log.queue.byte-limit = 4294967296 (custom)
2022-11-24 06:38:40,077 [pool-295-thread-1] INFO  server.RaftServerConfigKeys (ConfUtils.java:logGet(46)) - raft.server.log.queue.element-limit = 1024 (custom)
2022-11-24 06:38:40,077 [pool-295-thread-1] INFO  server.RaftServerConfigKeys (ConfUtils.java:logGet(46)) - raft.server.log.segment.size.max = 1048576 (custom)
2022-11-24 06:38:40,077 [pool-295-thread-1] INFO  server.RaftServerConfigKeys (ConfUtils.java:logGet(46)) - raft.server.log.preallocated.size = 16384 (custom)
2022-11-24 06:38:40,077 [pool-295-thread-1] INFO  server.RaftServerConfigKeys (ConfUtils.java:logGet(46)) - raft.server.log.force.sync.num = 128 (default)
2022-11-24 06:38:40,077 [pool-295-thread-1] INFO  server.RaftServerConfigKeys (ConfUtils.java:logGet(46)) - raft.server.log.statemachine.data.sync = true (default)
2022-11-24 06:38:40,077 [pool-295-thread-1] INFO  server.RaftServerConfigKeys (ConfUtils.java:logGet(46)) - raft.server.log.statemachine.data.sync.timeout = 10s (default)
2022-11-24 06:38:40,077 [pool-295-thread-1] INFO  server.RaftServerConfigKeys (ConfUtils.java:logGet(46)) - raft.server.log.statemachine.data.sync.timeout.retry = -1 (default)
2022-11-24 06:38:40,081 [EventQueue-PipelineReportForPipelineReportHandler] INFO  pipeline.PipelineManagerImpl (PipelineManagerImpl.java:openPipeline(367)) - Pipeline Pipeline[ Id: eeb478f1-5fff-4274-aef9-9e9806e9fecc, Nodes: 4949dc81-86be-4926-96a6-534c5c5588ca{ip: 10.1.1.33, host: fv-az453-211.hss2zji4abbufegd5wcf2so25h.dx.internal.cloudapp.net, ports: [REPLICATION=46611, RATIS=45371, RATIS_ADMIN=45371, RATIS_SERVER=45371, STANDALONE=38135], networkLocation: /default-rack, certSerialId: null, persistedOpState: IN_SERVICE, persistedOpStateExpiryEpochSec: 0}, ReplicationConfig: RATIS/ONE, State:ALLOCATED, leaderId:4949dc81-86be-4926-96a6-534c5c5588ca, CreationTimestamp2022-11-24T06:38:37.089Z[Etc/UTC]] moved to OPEN state
2022-11-24 06:38:40,082 [EventQueue-OpenPipelineForHealthyPipelineSafeModeRule] INFO  safemode.SCMSafeModeManager (HealthyPipelineSafeModeRule.java:process(137)) - SCM in safe mode. Healthy pipelines reported count is 0, required healthy pipeline reported count is 1
2022-11-24 06:38:40,084 [pool-295-thread-1] INFO  server.RaftServerConfigKeys (ConfUtils.java:logGet(46)) - raft.server.log.write.buffer.size = 1048576 (custom)
2022-11-24 06:38:40,084 [pool-295-thread-1] INFO  server.RaftServerConfigKeys (ConfUtils.java:logGet(46)) - raft.server.log.unsafe-flush.enabled = false (default)
2022-11-24 06:38:40,084 [pool-295-thread-1] INFO  server.RaftServerConfigKeys (ConfUtils.java:logGet(46)) - raft.server.log.async-flush.enabled = false (default)
2022-11-24 06:38:40,084 [pool-295-thread-1] INFO  server.RaftServerConfigKeys (ConfUtils.java:logGet(46)) - raft.server.log.statemachine.data.caching.enabled = true (custom)
2022-11-24 06:38:40,086 [pool-295-thread-1] INFO  segmented.SegmentedRaftLogWorker (SegmentedRaftLogWorker.java:lambda$new$0(136)) - 4949dc81-86be-4926-96a6-534c5c5588ca@group-9E9806E9FECC-SegmentedRaftLogWorker: flushIndex: setUnconditionally 0 -> -1
2022-11-24 06:38:40,086 [pool-295-thread-1] INFO  segmented.SegmentedRaftLogWorker (SegmentedRaftLogWorker.java:lambda$new$0(136)) - 4949dc81-86be-4926-96a6-534c5c5588ca@group-9E9806E9FECC-SegmentedRaftLogWorker: safeCacheEvictIndex: setUnconditionally 0 -> -1
2022-11-24 06:38:40,086 [pool-295-thread-1] INFO  server.RaftServer$Division (RaftServerImpl.java:start(334)) - 4949dc81-86be-4926-96a6-534c5c5588ca@group-9E9806E9FECC: start as a follower, conf=-1: peers:[4949dc81-86be-4926-96a6-534c5c5588ca|rpc:10.1.1.33:45371|priority:1|startupRole:FOLLOWER]|listeners:[], old=null
2022-11-24 06:38:40,086 [pool-295-thread-1] INFO  server.RaftServer$Division (RaftServerImpl.java:setRole(321)) - 4949dc81-86be-4926-96a6-534c5c5588ca@group-9E9806E9FECC: changes role from      null to FOLLOWER at term 0 for startAsFollower
2022-11-24 06:38:40,086 [pool-295-thread-1] INFO  impl.RoleInfo (RoleInfo.java:updateAndGet(139)) - 4949dc81-86be-4926-96a6-534c5c5588ca: start 4949dc81-86be-4926-96a6-534c5c5588ca@group-9E9806E9FECC-FollowerState
2022-11-24 06:38:40,092 [4949dc81-86be-4926-96a6-534c5c5588ca@group-9E9806E9FECC-FollowerState] INFO  server.RaftServerConfigKeys (ConfUtils.java:logFallback(53)) - raft.server.rpc.first-election.timeout.min = 5s (fallback to raft.server.rpc.timeout.min)
2022-11-24 06:38:40,092 [4949dc81-86be-4926-96a6-534c5c5588ca@group-9E9806E9FECC-FollowerState] INFO  server.RaftServerConfigKeys (ConfUtils.java:logFallback(53)) - raft.server.rpc.first-election.timeout.max = 5200ms (fallback to raft.server.rpc.timeout.max)
2022-11-24 06:38:40,095 [pool-295-thread-1] INFO  util.JmxRegister (JmxRegister.java:tryRegister(44)) - Successfully registered JMX Bean with object name Ratis:service=RaftServer,group=group-9E9806E9FECC,id=4949dc81-86be-4926-96a6-534c5c5588ca
2022-11-24 06:38:40,095 [pool-295-thread-1] INFO  server.RaftServerConfigKeys (ConfUtils.java:logGet(46)) - raft.server.snapshot.auto.trigger.enabled = true (custom)
2022-11-24 06:38:40,095 [pool-295-thread-1] INFO  server.RaftServerConfigKeys (ConfUtils.java:logGet(46)) - raft.server.snapshot.auto.trigger.threshold = 10000 (custom)
2022-11-24 06:38:40,095 [pool-295-thread-1] INFO  server.RaftServerConfigKeys (ConfUtils.java:logGet(46)) - raft.server.snapshot.retention.file.num = 5 (custom)
2022-11-24 06:38:40,095 [pool-295-thread-1] INFO  server.RaftServerConfigKeys (ConfUtils.java:logGet(46)) - raft.server.log.purge.upto.snapshot.index = false (default)
2022-11-24 06:38:40,097 [Command processor thread] INFO  ratis.XceiverServerRatis (XceiverServerRatis.java:addGroup(765)) - Created group PipelineID=eeb478f1-5fff-4274-aef9-9e9806e9fecc
2022-11-24 06:38:40,097 [Command processor thread] INFO  commandhandler.CreatePipelineCommandHandler (CreatePipelineCommandHandler.java:handle(113)) - Created Pipeline RATIS ONE PipelineID=eeb478f1-5fff-4274-aef9-9e9806e9fecc.
2022-11-24 06:38:41,064 [Listener at 127.0.0.1/43781] INFO  ozone.MiniOzoneClusterImpl (MiniOzoneClusterImpl.java:lambda$waitForClusterToBeReady$0(216)) - Nodes are ready. Got 10 of 10 DN Heartbeats.
2022-11-24 06:38:41,064 [Listener at 127.0.0.1/43781] INFO  ozone.MiniOzoneClusterImpl (MiniOzoneClusterImpl.java:lambda$waitForClusterToBeReady$0(219)) - Waiting for cluster to exit safe mode
2022-11-24 06:38:41,064 [Listener at 127.0.0.1/43781] INFO  ozone.MiniOzoneClusterImpl (MiniOzoneClusterImpl.java:lambda$waitForClusterToBeReady$0(221)) - SCM became leader
2022-11-24 06:38:41,178 [fb3b41a4-a9f1-45d3-bf74-4074fcf3e767@group-26CCA98A274A-FollowerState] INFO  impl.FollowerState (FollowerState.java:run(143)) - fb3b41a4-a9f1-45d3-bf74-4074fcf3e767@group-26CCA98A274A-FollowerState: change to CANDIDATE, lastRpcElapsedTime:5148269883ns, electionTimeout:5142ms
2022-11-24 06:38:41,178 [fb3b41a4-a9f1-45d3-bf74-4074fcf3e767@group-26CCA98A274A-FollowerState] INFO  impl.RoleInfo (RoleInfo.java:shutdownFollowerState(110)) - fb3b41a4-a9f1-45d3-bf74-4074fcf3e767: shutdown fb3b41a4-a9f1-45d3-bf74-4074fcf3e767@group-26CCA98A274A-FollowerState
2022-11-24 06:38:41,178 [fb3b41a4-a9f1-45d3-bf74-4074fcf3e767@group-26CCA98A274A-FollowerState] INFO  server.RaftServer$Division (RaftServerImpl.java:setRole(321)) - fb3b41a4-a9f1-45d3-bf74-4074fcf3e767@group-26CCA98A274A: changes role from  FOLLOWER to CANDIDATE at term 0 for changeToCandidate
2022-11-24 06:38:41,180 [fb3b41a4-a9f1-45d3-bf74-4074fcf3e767@group-26CCA98A274A-FollowerState] INFO  server.RaftServerConfigKeys (ConfUtils.java:logGet(46)) - raft.server.leaderelection.pre-vote = false (custom)
2022-11-24 06:38:41,180 [fb3b41a4-a9f1-45d3-bf74-4074fcf3e767@group-26CCA98A274A-FollowerState] INFO  impl.RoleInfo (RoleInfo.java:updateAndGet(139)) - fb3b41a4-a9f1-45d3-bf74-4074fcf3e767: start fb3b41a4-a9f1-45d3-bf74-4074fcf3e767@group-26CCA98A274A-LeaderElection2
2022-11-24 06:38:41,183 [fb3b41a4-a9f1-45d3-bf74-4074fcf3e767@group-26CCA98A274A-LeaderElection2] INFO  impl.LeaderElection (LeaderElection.java:askForVotes(312)) - fb3b41a4-a9f1-45d3-bf74-4074fcf3e767@group-26CCA98A274A-LeaderElection2 ELECTION round 0: submit vote requests at term 1 for -1: peers:[fb3b41a4-a9f1-45d3-bf74-4074fcf3e767|rpc:10.1.1.33:41917|priority:1|startupRole:FOLLOWER]|listeners:[], old=null
2022-11-24 06:38:41,183 [fb3b41a4-a9f1-45d3-bf74-4074fcf3e767@group-26CCA98A274A-LeaderElection2] INFO  impl.LeaderElection (LeaderElection.java:askForVotes(314)) - fb3b41a4-a9f1-45d3-bf74-4074fcf3e767@group-26CCA98A274A-LeaderElection2 ELECTION round 0: result PASSED (term=1)
2022-11-24 06:38:41,183 [fb3b41a4-a9f1-45d3-bf74-4074fcf3e767@group-26CCA98A274A-LeaderElection2] INFO  impl.RoleInfo (RoleInfo.java:shutdownLeaderElection(130)) - fb3b41a4-a9f1-45d3-bf74-4074fcf3e767: shutdown fb3b41a4-a9f1-45d3-bf74-4074fcf3e767@group-26CCA98A274A-LeaderElection2
2022-11-24 06:38:41,183 [fb3b41a4-a9f1-45d3-bf74-4074fcf3e767@group-26CCA98A274A-LeaderElection2] INFO  server.RaftServer$Division (RaftServerImpl.java:setRole(321)) - fb3b41a4-a9f1-45d3-bf74-4074fcf3e767@group-26CCA98A274A: changes role from CANDIDATE to LEADER at term 1 for changeToLeader
2022-11-24 06:38:41,184 [fb3b41a4-a9f1-45d3-bf74-4074fcf3e767@group-26CCA98A274A-LeaderElection2] INFO  ratis.XceiverServerRatis (XceiverServerRatis.java:handleLeaderChangedNotification(863)) - Leader change notification received for group: group-26CCA98A274A with new leaderId: fb3b41a4-a9f1-45d3-bf74-4074fcf3e767
2022-11-24 06:38:41,184 [fb3b41a4-a9f1-45d3-bf74-4074fcf3e767@group-26CCA98A274A-LeaderElection2] INFO  server.RaftServer$Division (ServerState.java:setLeader(313)) - fb3b41a4-a9f1-45d3-bf74-4074fcf3e767@group-26CCA98A274A: change Leader from null to fb3b41a4-a9f1-45d3-bf74-4074fcf3e767 at term 1 for becomeLeader, leader elected after 5237ms
2022-11-24 06:38:41,184 [fb3b41a4-a9f1-45d3-bf74-4074fcf3e767@group-26CCA98A274A-LeaderElection2] INFO  server.RaftServerConfigKeys (ConfUtils.java:logGet(46)) - raft.server.staging.catchup.gap = 1000 (default)
2022-11-24 06:38:41,184 [fb3b41a4-a9f1-45d3-bf74-4074fcf3e767@group-26CCA98A274A-LeaderElection2] INFO  server.RaftServerConfigKeys (ConfUtils.java:logGet(46)) - raft.server.write.element-limit = 1024 (custom)
2022-11-24 06:38:41,185 [fb3b41a4-a9f1-45d3-bf74-4074fcf3e767@group-26CCA98A274A-LeaderElection2] INFO  server.RaftServerConfigKeys (ConfUtils.java:logGet(46)) - raft.server.write.byte-limit = 1024 M (=1073741824) (custom)
2022-11-24 06:38:41,185 [fb3b41a4-a9f1-45d3-bf74-4074fcf3e767@group-26CCA98A274A-LeaderElection2] INFO  server.RaftServerConfigKeys (ConfUtils.java:logGet(46)) - raft.server.watch.timeout = 180s (custom)
2022-11-24 06:38:41,185 [fb3b41a4-a9f1-45d3-bf74-4074fcf3e767@group-26CCA98A274A-LeaderElection2] INFO  server.RaftServerConfigKeys (ConfUtils.java:logGet(46)) - raft.server.watch.timeout.denomination = 1s (default)
2022-11-24 06:38:41,185 [fb3b41a4-a9f1-45d3-bf74-4074fcf3e767@group-26CCA98A274A-LeaderElection2] INFO  server.RaftServerConfigKeys (ConfUtils.java:logGet(46)) - raft.server.watch.element-limit = 65536 (default)
2022-11-24 06:38:41,185 [fb3b41a4-a9f1-45d3-bf74-4074fcf3e767@group-26CCA98A274A-LeaderElection2] INFO  server.RaftServerConfigKeys (ConfUtils.java:logGet(46)) - raft.server.write.element-limit = 1024 (custom)
2022-11-24 06:38:41,185 [fb3b41a4-a9f1-45d3-bf74-4074fcf3e767@group-26CCA98A274A-LeaderElection2] INFO  server.RaftServerConfigKeys (ConfUtils.java:logGet(46)) - raft.server.write.follower.gap.ratio.max = -1.0 (default)
2022-11-24 06:38:41,185 [fb3b41a4-a9f1-45d3-bf74-4074fcf3e767@group-26CCA98A274A-LeaderElection2] INFO  impl.RoleInfo (RoleInfo.java:updateAndGet(139)) - fb3b41a4-a9f1-45d3-bf74-4074fcf3e767: start fb3b41a4-a9f1-45d3-bf74-4074fcf3e767@group-26CCA98A274A-LeaderStateImpl
2022-11-24 06:38:41,186 [fb3b41a4-a9f1-45d3-bf74-4074fcf3e767@group-26CCA98A274A-LeaderElection2] INFO  segmented.SegmentedRaftLogWorker (SegmentedRaftLogWorker.java:startLogSegment(452)) - fb3b41a4-a9f1-45d3-bf74-4074fcf3e767@group-26CCA98A274A-SegmentedRaftLogWorker: Starting segment from index:0
2022-11-24 06:38:41,186 [EventQueue-OpenPipelineForHealthyPipelineSafeModeRule] INFO  safemode.SCMSafeModeManager (HealthyPipelineSafeModeRule.java:process(137)) - SCM in safe mode. Healthy pipelines reported count is 0, required healthy pipeline reported count is 1
2022-11-24 06:38:41,187 [fb3b41a4-a9f1-45d3-bf74-4074fcf3e767@group-26CCA98A274A-SegmentedRaftLogWorker] INFO  segmented.SegmentedRaftLogWorker (SegmentedRaftLogWorker.java:execute(656)) - fb3b41a4-a9f1-45d3-bf74-4074fcf3e767@group-26CCA98A274A-SegmentedRaftLogWorker: created new log segment /home/runner/work/ozone/ozone/hadoop-ozone/integration-test/target/test-dir/MiniOzoneClusterImpl-3ca4de4a-72c8-4c23-a990-0556c1b2e11a/datanode-0/data/ratis/bd3c6721-1ed8-4ff3-a7c8-26cca98a274a/current/log_inprogress_0
2022-11-24 06:38:41,194 [fb3b41a4-a9f1-45d3-bf74-4074fcf3e767@group-26CCA98A274A-LeaderElection2] INFO  server.RaftServer$Division (ServerState.java:setRaftConf(430)) - fb3b41a4-a9f1-45d3-bf74-4074fcf3e767@group-26CCA98A274A: set configuration 0: peers:[fb3b41a4-a9f1-45d3-bf74-4074fcf3e767|rpc:10.1.1.33:41917|dataStream:|priority:1|startupRole:FOLLOWER]|listeners:[], old=null
2022-11-24 06:38:41,240 [fb3b41a4-a9f1-45d3-bf74-4074fcf3e767@group-510A37B8E04C-FollowerState] INFO  impl.FollowerState (FollowerState.java:run(143)) - fb3b41a4-a9f1-45d3-bf74-4074fcf3e767@group-510A37B8E04C-FollowerState: change to CANDIDATE, lastRpcElapsedTime:5145692587ns, electionTimeout:5143ms
2022-11-24 06:38:41,242 [fb3b41a4-a9f1-45d3-bf74-4074fcf3e767@group-510A37B8E04C-FollowerState] INFO  impl.RoleInfo (RoleInfo.java:shutdownFollowerState(110)) - fb3b41a4-a9f1-45d3-bf74-4074fcf3e767: shutdown fb3b41a4-a9f1-45d3-bf74-4074fcf3e767@group-510A37B8E04C-FollowerState
2022-11-24 06:38:41,242 [fb3b41a4-a9f1-45d3-bf74-4074fcf3e767@group-510A37B8E04C-FollowerState] INFO  server.RaftServer$Division (RaftServerImpl.java:setRole(321)) - fb3b41a4-a9f1-45d3-bf74-4074fcf3e767@group-510A37B8E04C: changes role from  FOLLOWER to CANDIDATE at term 0 for changeToCandidate
2022-11-24 06:38:41,243 [fb3b41a4-a9f1-45d3-bf74-4074fcf3e767@group-510A37B8E04C-FollowerState] INFO  server.RaftServerConfigKeys (ConfUtils.java:logGet(46)) - raft.server.leaderelection.pre-vote = false (custom)
2022-11-24 06:38:41,243 [fb3b41a4-a9f1-45d3-bf74-4074fcf3e767@group-510A37B8E04C-FollowerState] INFO  impl.RoleInfo (RoleInfo.java:updateAndGet(139)) - fb3b41a4-a9f1-45d3-bf74-4074fcf3e767: start fb3b41a4-a9f1-45d3-bf74-4074fcf3e767@group-510A37B8E04C-LeaderElection3
2022-11-24 06:38:41,248 [fb3b41a4-a9f1-45d3-bf74-4074fcf3e767@group-510A37B8E04C-LeaderElection3] INFO  impl.LeaderElection (LeaderElection.java:askForVotes(312)) - fb3b41a4-a9f1-45d3-bf74-4074fcf3e767@group-510A37B8E04C-LeaderElection3 ELECTION round 0: submit vote requests at term 1 for -1: peers:[06429dc3-6184-4705-8d2a-a6f8dedf2170|rpc:10.1.1.33:44897|priority:0|startupRole:FOLLOWER, fb3b41a4-a9f1-45d3-bf74-4074fcf3e767|rpc:10.1.1.33:41917|priority:1|startupRole:FOLLOWER, cb9a1e57-5a73-4518-a050-b0d695628b3e|rpc:10.1.1.33:33351|priority:0|startupRole:FOLLOWER]|listeners:[], old=null
2022-11-24 06:38:41,258 [fb3b41a4-a9f1-45d3-bf74-4074fcf3e767@group-510A37B8E04C-LeaderElection3-1] INFO  server.GrpcServerProtocolClient (GrpcServerProtocolClient.java:<init>(63)) - Build channel for 06429dc3-6184-4705-8d2a-a6f8dedf2170
2022-11-24 06:38:41,261 [fb3b41a4-a9f1-45d3-bf74-4074fcf3e767@group-510A37B8E04C-LeaderElection3] INFO  server.RaftServerConfigKeys (ConfUtils.java:logFallback(53)) - raft.server.rpc.first-election.timeout.min = 5s (fallback to raft.server.rpc.timeout.min)
2022-11-24 06:38:41,261 [fb3b41a4-a9f1-45d3-bf74-4074fcf3e767@group-510A37B8E04C-LeaderElection3] INFO  server.RaftServerConfigKeys (ConfUtils.java:logFallback(53)) - raft.server.rpc.first-election.timeout.max = 5200ms (fallback to raft.server.rpc.timeout.max)
2022-11-24 06:38:41,263 [fb3b41a4-a9f1-45d3-bf74-4074fcf3e767@group-510A37B8E04C-LeaderElection3-2] INFO  server.GrpcServerProtocolClient (GrpcServerProtocolClient.java:<init>(63)) - Build channel for cb9a1e57-5a73-4518-a050-b0d695628b3e
2022-11-24 06:38:41,287 [grpc-default-executor-1] INFO  server.RaftServer$Division (RaftServerImpl.java:requestVote(1218)) - 06429dc3-6184-4705-8d2a-a6f8dedf2170@group-510A37B8E04C: receive requestVote(ELECTION, fb3b41a4-a9f1-45d3-bf74-4074fcf3e767, group-510A37B8E04C, 1, (t:0, i:0))
2022-11-24 06:38:41,289 [grpc-default-executor-1] INFO  impl.VoteContext (VoteContext.java:log(48)) - 06429dc3-6184-4705-8d2a-a6f8dedf2170@group-510A37B8E04C-FOLLOWER: accept ELECTION from fb3b41a4-a9f1-45d3-bf74-4074fcf3e767: our priority 0 <= candidate's priority 1
2022-11-24 06:38:41,290 [grpc-default-executor-1] INFO  server.RaftServer$Division (RaftServerImpl.java:setRole(321)) - 06429dc3-6184-4705-8d2a-a6f8dedf2170@group-510A37B8E04C: changes role from  FOLLOWER to FOLLOWER at term 1 for candidate:fb3b41a4-a9f1-45d3-bf74-4074fcf3e767
2022-11-24 06:38:41,290 [grpc-default-executor-1] INFO  impl.RoleInfo (RoleInfo.java:shutdownFollowerState(110)) - 06429dc3-6184-4705-8d2a-a6f8dedf2170: shutdown 06429dc3-6184-4705-8d2a-a6f8dedf2170@group-510A37B8E04C-FollowerState
2022-11-24 06:38:41,290 [06429dc3-6184-4705-8d2a-a6f8dedf2170@group-510A37B8E04C-FollowerState] INFO  impl.FollowerState (FollowerState.java:run(152)) - 06429dc3-6184-4705-8d2a-a6f8dedf2170@group-510A37B8E04C-FollowerState was interrupted
2022-11-24 06:38:41,294 [grpc-default-executor-1] INFO  impl.RoleInfo (RoleInfo.java:updateAndGet(139)) - 06429dc3-6184-4705-8d2a-a6f8dedf2170: start 06429dc3-6184-4705-8d2a-a6f8dedf2170@group-510A37B8E04C-FollowerState
2022-11-24 06:38:41,305 [grpc-default-executor-0] INFO  server.RaftServer$Division (RaftServerImpl.java:requestVote(1218)) - cb9a1e57-5a73-4518-a050-b0d695628b3e@group-510A37B8E04C: receive requestVote(ELECTION, fb3b41a4-a9f1-45d3-bf74-4074fcf3e767, group-510A37B8E04C, 1, (t:0, i:0))
2022-11-24 06:38:41,306 [06429dc3-6184-4705-8d2a-a6f8dedf2170@group-510A37B8E04C-FollowerState] INFO  server.RaftServerConfigKeys (ConfUtils.java:logFallback(53)) - raft.server.rpc.first-election.timeout.min = 5s (fallback to raft.server.rpc.timeout.min)
2022-11-24 06:38:41,306 [06429dc3-6184-4705-8d2a-a6f8dedf2170@group-510A37B8E04C-FollowerState] INFO  server.RaftServerConfigKeys (ConfUtils.java:logFallback(53)) - raft.server.rpc.first-election.timeout.max = 5200ms (fallback to raft.server.rpc.timeout.max)
2022-11-24 06:38:41,306 [grpc-default-executor-0] INFO  impl.VoteContext (VoteContext.java:log(48)) - cb9a1e57-5a73-4518-a050-b0d695628b3e@group-510A37B8E04C-FOLLOWER: accept ELECTION from fb3b41a4-a9f1-45d3-bf74-4074fcf3e767: our priority 0 <= candidate's priority 1
2022-11-24 06:38:41,307 [grpc-default-executor-0] INFO  server.RaftServer$Division (RaftServerImpl.java:setRole(321)) - cb9a1e57-5a73-4518-a050-b0d695628b3e@group-510A37B8E04C: changes role from  FOLLOWER to FOLLOWER at term 1 for candidate:fb3b41a4-a9f1-45d3-bf74-4074fcf3e767
2022-11-24 06:38:41,307 [grpc-default-executor-0] INFO  impl.RoleInfo (RoleInfo.java:shutdownFollowerState(110)) - cb9a1e57-5a73-4518-a050-b0d695628b3e: shutdown cb9a1e57-5a73-4518-a050-b0d695628b3e@group-510A37B8E04C-FollowerState
2022-11-24 06:38:41,307 [grpc-default-executor-0] INFO  impl.RoleInfo (RoleInfo.java:updateAndGet(139)) - cb9a1e57-5a73-4518-a050-b0d695628b3e: start cb9a1e57-5a73-4518-a050-b0d695628b3e@group-510A37B8E04C-FollowerState
2022-11-24 06:38:41,307 [cb9a1e57-5a73-4518-a050-b0d695628b3e@group-510A37B8E04C-FollowerState] INFO  impl.FollowerState (FollowerState.java:run(152)) - cb9a1e57-5a73-4518-a050-b0d695628b3e@group-510A37B8E04C-FollowerState was interrupted
2022-11-24 06:38:41,311 [cb9a1e57-5a73-4518-a050-b0d695628b3e@group-510A37B8E04C-FollowerState] INFO  server.RaftServerConfigKeys (ConfUtils.java:logFallback(53)) - raft.server.rpc.first-election.timeout.min = 5s (fallback to raft.server.rpc.timeout.min)
2022-11-24 06:38:41,311 [cb9a1e57-5a73-4518-a050-b0d695628b3e@group-510A37B8E04C-FollowerState] INFO  server.RaftServerConfigKeys (ConfUtils.java:logFallback(53)) - raft.server.rpc.first-election.timeout.max = 5200ms (fallback to raft.server.rpc.timeout.max)
2022-11-24 06:38:41,314 [grpc-default-executor-1] INFO  server.RaftServer$Division (RaftServerImpl.java:requestVote(1251)) - 06429dc3-6184-4705-8d2a-a6f8dedf2170@group-510A37B8E04C replies to ELECTION vote request: fb3b41a4-a9f1-45d3-bf74-4074fcf3e767<-06429dc3-6184-4705-8d2a-a6f8dedf2170#0:OK-t1. Peer's state: 06429dc3-6184-4705-8d2a-a6f8dedf2170@group-510A37B8E04C:t1, leader=null, voted=fb3b41a4-a9f1-45d3-bf74-4074fcf3e767, raftlog=Memoized:06429dc3-6184-4705-8d2a-a6f8dedf2170@group-510A37B8E04C-SegmentedRaftLog:OPENED:c-1, conf=-1: peers:[06429dc3-6184-4705-8d2a-a6f8dedf2170|rpc:10.1.1.33:44897|dataStream:|priority:0|startupRole:FOLLOWER, fb3b41a4-a9f1-45d3-bf74-4074fcf3e767|rpc:10.1.1.33:41917|dataStream:|priority:1|startupRole:FOLLOWER, cb9a1e57-5a73-4518-a050-b0d695628b3e|rpc:10.1.1.33:33351|dataStream:|priority:0|startupRole:FOLLOWER]|listeners:[], old=null
2022-11-24 06:38:41,314 [grpc-default-executor-0] INFO  server.RaftServer$Division (RaftServerImpl.java:requestVote(1251)) - cb9a1e57-5a73-4518-a050-b0d695628b3e@group-510A37B8E04C replies to ELECTION vote request: fb3b41a4-a9f1-45d3-bf74-4074fcf3e767<-cb9a1e57-5a73-4518-a050-b0d695628b3e#0:OK-t1. Peer's state: cb9a1e57-5a73-4518-a050-b0d695628b3e@group-510A37B8E04C:t1, leader=null, voted=fb3b41a4-a9f1-45d3-bf74-4074fcf3e767, raftlog=Memoized:cb9a1e57-5a73-4518-a050-b0d695628b3e@group-510A37B8E04C-SegmentedRaftLog:OPENED:c-1, conf=-1: peers:[06429dc3-6184-4705-8d2a-a6f8dedf2170|rpc:10.1.1.33:44897|priority:0|startupRole:FOLLOWER, fb3b41a4-a9f1-45d3-bf74-4074fcf3e767|rpc:10.1.1.33:41917|priority:1|startupRole:FOLLOWER, cb9a1e57-5a73-4518-a050-b0d695628b3e|rpc:10.1.1.33:33351|priority:0|startupRole:FOLLOWER]|listeners:[], old=null
2022-11-24 06:38:41,318 [fb3b41a4-a9f1-45d3-bf74-4074fcf3e767@group-510A37B8E04C-LeaderElection3] INFO  impl.LeaderElection (LeaderElection.java:logAndReturn(90)) - fb3b41a4-a9f1-45d3-bf74-4074fcf3e767@group-510A37B8E04C-LeaderElection3: ELECTION PASSED received 1 response(s) and 0 exception(s):
2022-11-24 06:38:41,318 [fb3b41a4-a9f1-45d3-bf74-4074fcf3e767@group-510A37B8E04C-LeaderElection3] INFO  impl.LeaderElection (LeaderElection.java:logAndReturn(94)) -   Response 0: fb3b41a4-a9f1-45d3-bf74-4074fcf3e767<-cb9a1e57-5a73-4518-a050-b0d695628b3e#0:OK-t1
2022-11-24 06:38:41,318 [fb3b41a4-a9f1-45d3-bf74-4074fcf3e767@group-510A37B8E04C-LeaderElection3] INFO  impl.LeaderElection (LeaderElection.java:askForVotes(314)) - fb3b41a4-a9f1-45d3-bf74-4074fcf3e767@group-510A37B8E04C-LeaderElection3 ELECTION round 0: result PASSED
2022-11-24 06:38:41,318 [fb3b41a4-a9f1-45d3-bf74-4074fcf3e767@group-510A37B8E04C-LeaderElection3] INFO  impl.RoleInfo (RoleInfo.java:shutdownLeaderElection(130)) - fb3b41a4-a9f1-45d3-bf74-4074fcf3e767: shutdown fb3b41a4-a9f1-45d3-bf74-4074fcf3e767@group-510A37B8E04C-LeaderElection3
2022-11-24 06:38:41,318 [fb3b41a4-a9f1-45d3-bf74-4074fcf3e767@group-510A37B8E04C-LeaderElection3] INFO  server.RaftServer$Division (RaftServerImpl.java:setRole(321)) - fb3b41a4-a9f1-45d3-bf74-4074fcf3e767@group-510A37B8E04C: changes role from CANDIDATE to LEADER at term 1 for changeToLeader
2022-11-24 06:38:41,318 [fb3b41a4-a9f1-45d3-bf74-4074fcf3e767@group-510A37B8E04C-LeaderElection3] INFO  ratis.XceiverServerRatis (XceiverServerRatis.java:handleLeaderChangedNotification(863)) - Leader change notification received for group: group-510A37B8E04C with new leaderId: fb3b41a4-a9f1-45d3-bf74-4074fcf3e767
2022-11-24 06:38:41,318 [fb3b41a4-a9f1-45d3-bf74-4074fcf3e767@group-510A37B8E04C-LeaderElection3] INFO  server.RaftServer$Division (ServerState.java:setLeader(313)) - fb3b41a4-a9f1-45d3-bf74-4074fcf3e767@group-510A37B8E04C: change Leader from null to fb3b41a4-a9f1-45d3-bf74-4074fcf3e767 at term 1 for becomeLeader, leader elected after 5251ms
2022-11-24 06:38:41,319 [fb3b41a4-a9f1-45d3-bf74-4074fcf3e767@group-510A37B8E04C-LeaderElection3] INFO  server.RaftServerConfigKeys (ConfUtils.java:logGet(46)) - raft.server.staging.catchup.gap = 1000 (default)
2022-11-24 06:38:41,319 [fb3b41a4-a9f1-45d3-bf74-4074fcf3e767@group-510A37B8E04C-LeaderElection3] INFO  server.RaftServerConfigKeys (ConfUtils.java:logGet(46)) - raft.server.write.element-limit = 1024 (custom)
2022-11-24 06:38:41,319 [fb3b41a4-a9f1-45d3-bf74-4074fcf3e767@group-510A37B8E04C-LeaderElection3] INFO  server.RaftServerConfigKeys (ConfUtils.java:logGet(46)) - raft.server.write.byte-limit = 1024 M (=1073741824) (custom)
2022-11-24 06:38:41,319 [fb3b41a4-a9f1-45d3-bf74-4074fcf3e767@group-510A37B8E04C-LeaderElection3] INFO  server.RaftServerConfigKeys (ConfUtils.java:logGet(46)) - raft.server.watch.timeout = 180s (custom)
2022-11-24 06:38:41,319 [fb3b41a4-a9f1-45d3-bf74-4074fcf3e767@group-510A37B8E04C-LeaderElection3] INFO  server.RaftServerConfigKeys (ConfUtils.java:logGet(46)) - raft.server.watch.timeout.denomination = 1s (default)
2022-11-24 06:38:41,319 [fb3b41a4-a9f1-45d3-bf74-4074fcf3e767@group-510A37B8E04C-LeaderElection3] INFO  server.RaftServerConfigKeys (ConfUtils.java:logGet(46)) - raft.server.watch.element-limit = 65536 (default)
2022-11-24 06:38:41,319 [fb3b41a4-a9f1-45d3-bf74-4074fcf3e767@group-510A37B8E04C-LeaderElection3] INFO  server.RaftServerConfigKeys (ConfUtils.java:logGet(46)) - raft.server.write.element-limit = 1024 (custom)
2022-11-24 06:38:41,319 [fb3b41a4-a9f1-45d3-bf74-4074fcf3e767@group-510A37B8E04C-LeaderElection3] INFO  server.RaftServerConfigKeys (ConfUtils.java:logGet(46)) - raft.server.write.follower.gap.ratio.max = -1.0 (default)
2022-11-24 06:38:41,330 [EventQueue-PipelineReportForPipelineReportHandler] INFO  pipeline.PipelineManagerImpl (PipelineManagerImpl.java:openPipeline(367)) - Pipeline Pipeline[ Id: c3da2c06-27c7-4ed5-b8eb-510a37b8e04c, Nodes: fb3b41a4-a9f1-45d3-bf74-4074fcf3e767{ip: 10.1.1.33, host: fv-az453-211.hss2zji4abbufegd5wcf2so25h.dx.internal.cloudapp.net, ports: [REPLICATION=44533, RATIS=41917, RATIS_ADMIN=41917, RATIS_SERVER=41917, STANDALONE=33289], networkLocation: /default-rack, certSerialId: null, persistedOpState: IN_SERVICE, persistedOpStateExpiryEpochSec: 0}06429dc3-6184-4705-8d2a-a6f8dedf2170{ip: 10.1.1.33, host: fv-az453-211.hss2zji4abbufegd5wcf2so25h.dx.internal.cloudapp.net, ports: [REPLICATION=44101, RATIS=44897, RATIS_ADMIN=44897, RATIS_SERVER=44897, STANDALONE=36083], networkLocation: /default-rack, certSerialId: null, persistedOpState: IN_SERVICE, persistedOpStateExpiryEpochSec: 0}cb9a1e57-5a73-4518-a050-b0d695628b3e{ip: 10.1.1.33, host: fv-az453-211.hss2zji4abbufegd5wcf2so25h.dx.internal.cloudapp.net, ports: [REPLICATION=41653, RATIS=33351, RATIS_ADMIN=33351, RATIS_SERVER=33351, STANDALONE=40057], networkLocation: /default-rack, certSerialId: null, persistedOpState: IN_SERVICE, persistedOpStateExpiryEpochSec: 0}, ReplicationConfig: RATIS/THREE, State:ALLOCATED, leaderId:fb3b41a4-a9f1-45d3-bf74-4074fcf3e767, CreationTimestamp2022-11-24T06:38:34.011Z[Etc/UTC]] moved to OPEN state
2022-11-24 06:38:41,331 [EventQueue-OpenPipelineForHealthyPipelineSafeModeRule] INFO  safemode.SCMSafeModeManager (HealthyPipelineSafeModeRule.java:process(137)) - SCM in safe mode. Healthy pipelines reported count is 0, required healthy pipeline reported count is 1
2022-11-24 06:38:41,331 [EventQueue-OpenPipelineForHealthyPipelineSafeModeRule] INFO  safemode.SCMSafeModeManager (HealthyPipelineSafeModeRule.java:process(137)) - SCM in safe mode. Healthy pipelines reported count is 1, required healthy pipeline reported count is 1
2022-11-24 06:38:41,331 [EventQueue-OpenPipelineForHealthyPipelineSafeModeRule] INFO  safemode.SCMSafeModeManager (SCMSafeModeManager.java:validateSafeModeExitRules(204)) - HealthyPipelineSafeModeRule rule is successfully validated
2022-11-24 06:38:41,331 [EventQueue-OpenPipelineForHealthyPipelineSafeModeRule] INFO  safemode.SCMSafeModeManager (SCMSafeModeManager.java:validateSafeModeExitRules(219)) - ScmSafeModeManager, all rules are successfully validated
2022-11-24 06:38:41,331 [EventQueue-OpenPipelineForHealthyPipelineSafeModeRule] INFO  safemode.SCMSafeModeManager (SCMSafeModeManager.java:exitSafeMode(248)) - SCM exiting safe mode.
2022-11-24 06:38:41,331 [EventQueue-OpenPipelineForHealthyPipelineSafeModeRule] WARN  events.EventQueue (EventQueue.java:fireEvent(216)) - No event handler registered for event TypedEvent{payloadType=SafeModeStatus, name='Safe mode status'}
2022-11-24 06:38:41,331 [EventQueue-OpenPipelineForHealthyPipelineSafeModeRule] INFO  ha.SCMContext (SCMContext.java:updateSafeModeStatus(228)) - Update SafeModeStatus from SafeModeStatus{safeModeStatus=true, preCheckPassed=true} to SafeModeStatus{safeModeStatus=false, preCheckPassed=true}.
2022-11-24 06:38:41,331 [EventQueue-OpenPipelineForHealthyPipelineSafeModeRule] INFO  pipeline.BackgroundPipelineCreator (BackgroundPipelineCreator.java:notifyStatusChanged(254)) - Service BackgroundPipelineCreator transitions to RUNNING.
2022-11-24 06:38:41,332 [EventQueue-OpenPipelineForHealthyPipelineSafeModeRule] INFO  BackgroundPipelineScrubber (BackgroundSCMService.java:notifyStatusChanged(82)) - Service BackgroundPipelineScrubber transitions to RUNNING.
2022-11-24 06:38:41,332 [EventQueue-OpenPipelineForHealthyPipelineSafeModeRule] INFO  ExpiredContainerReplicaOpScrubber (BackgroundSCMService.java:notifyStatusChanged(82)) - Service ExpiredContainerReplicaOpScrubber transitions to RUNNING.
2022-11-24 06:38:41,332 [EventQueue-OpenPipelineForHealthyPipelineSafeModeRule] INFO  replication.ReplicationManager (ReplicationManager.java:notifyStatusChanged(853)) - Service ReplicationManager transitions to RUNNING.
2022-11-24 06:38:41,336 [EventQueue-OpenPipelineForHealthyPipelineSafeModeRule] WARN  balancer.ContainerBalancer (ContainerBalancer.java:shouldRun(131)) - Could not find persisted configuration for ContainerBalancer when checking if ContainerBalancer should run. ContainerBalancer should not run now.
2022-11-24 06:38:41,344 [fb3b41a4-a9f1-45d3-bf74-4074fcf3e767@group-510A37B8E04C-LeaderElection3] INFO  server.RaftServerConfigKeys (ConfUtils.java:logGet(46)) - raft.server.log.appender.snapshot.chunk.size.max = 16MB (=16777216) (default)
2022-11-24 06:38:41,344 [fb3b41a4-a9f1-45d3-bf74-4074fcf3e767@group-510A37B8E04C-LeaderElection3] INFO  server.RaftServerConfigKeys (ConfUtils.java:logGet(46)) - raft.server.log.appender.buffer.byte-limit = 33554432 (custom)
2022-11-24 06:38:41,345 [fb3b41a4-a9f1-45d3-bf74-4074fcf3e767@group-510A37B8E04C-LeaderElection3] INFO  server.RaftServerConfigKeys (ConfUtils.java:logGet(46)) - raft.server.log.appender.buffer.element-limit = 1 (custom)
2022-11-24 06:38:41,349 [fb3b41a4-a9f1-45d3-bf74-4074fcf3e767@group-510A37B8E04C-LeaderElection3] INFO  grpc.GrpcConfigKeys (ConfUtils.java:logGet(46)) - raft.grpc.server.leader.outstanding.appends.max = 128 (default)
2022-11-24 06:38:41,349 [fb3b41a4-a9f1-45d3-bf74-4074fcf3e767@group-510A37B8E04C-LeaderElection3] INFO  server.RaftServerConfigKeys (ConfUtils.java:logGet(46)) - raft.server.rpc.request.timeout = 60s (custom)
2022-11-24 06:38:41,349 [fb3b41a4-a9f1-45d3-bf74-4074fcf3e767@group-510A37B8E04C-LeaderElection3] INFO  server.RaftServerConfigKeys (ConfUtils.java:logGet(46)) - raft.server.log.appender.install.snapshot.enabled = false (custom)
2022-11-24 06:38:41,349 [fb3b41a4-a9f1-45d3-bf74-4074fcf3e767@group-510A37B8E04C-LeaderElection3] INFO  grpc.GrpcConfigKeys (ConfUtils.java:logGet(46)) - raft.grpc.server.heartbeat.channel = true (default)
2022-11-24 06:38:41,350 [fb3b41a4-a9f1-45d3-bf74-4074fcf3e767@group-510A37B8E04C-LeaderElection3] INFO  server.RaftServerConfigKeys (ConfUtils.java:logGet(46)) - raft.server.log.appender.wait-time.min = 10ms (default)
2022-11-24 06:38:41,352 [fb3b41a4-a9f1-45d3-bf74-4074fcf3e767@group-510A37B8E04C-LeaderElection3] INFO  server.RaftServerConfigKeys (ConfUtils.java:logGet(46)) - raft.server.log.appender.snapshot.chunk.size.max = 16MB (=16777216) (default)
2022-11-24 06:38:41,352 [fb3b41a4-a9f1-45d3-bf74-4074fcf3e767@group-510A37B8E04C-LeaderElection3] INFO  server.RaftServerConfigKeys (ConfUtils.java:logGet(46)) - raft.server.log.appender.buffer.byte-limit = 33554432 (custom)
2022-11-24 06:38:41,353 [fb3b41a4-a9f1-45d3-bf74-4074fcf3e767@group-510A37B8E04C-LeaderElection3] INFO  server.RaftServerConfigKeys (ConfUtils.java:logGet(46)) - raft.server.log.appender.buffer.element-limit = 1 (custom)
2022-11-24 06:38:41,353 [fb3b41a4-a9f1-45d3-bf74-4074fcf3e767@group-510A37B8E04C-LeaderElection3] INFO  grpc.GrpcConfigKeys (ConfUtils.java:logGet(46)) - raft.grpc.server.leader.outstanding.appends.max = 128 (default)
2022-11-24 06:38:41,353 [fb3b41a4-a9f1-45d3-bf74-4074fcf3e767@group-510A37B8E04C-LeaderElection3] INFO  server.RaftServerConfigKeys (ConfUtils.java:logGet(46)) - raft.server.rpc.request.timeout = 60s (custom)
2022-11-24 06:38:41,353 [fb3b41a4-a9f1-45d3-bf74-4074fcf3e767@group-510A37B8E04C-LeaderElection3] INFO  server.RaftServerConfigKeys (ConfUtils.java:logGet(46)) - raft.server.log.appender.install.snapshot.enabled = false (custom)
2022-11-24 06:38:41,353 [fb3b41a4-a9f1-45d3-bf74-4074fcf3e767@group-510A37B8E04C-LeaderElection3] INFO  grpc.GrpcConfigKeys (ConfUtils.java:logGet(46)) - raft.grpc.server.heartbeat.channel = true (default)
2022-11-24 06:38:41,353 [fb3b41a4-a9f1-45d3-bf74-4074fcf3e767@group-510A37B8E04C-LeaderElection3] INFO  server.RaftServerConfigKeys (ConfUtils.java:logGet(46)) - raft.server.log.appender.wait-time.min = 10ms (default)
2022-11-24 06:38:41,354 [fb3b41a4-a9f1-45d3-bf74-4074fcf3e767@group-510A37B8E04C-LeaderElection3] INFO  impl.RoleInfo (RoleInfo.java:updateAndGet(139)) - fb3b41a4-a9f1-45d3-bf74-4074fcf3e767: start fb3b41a4-a9f1-45d3-bf74-4074fcf3e767@group-510A37B8E04C-LeaderStateImpl
2022-11-24 06:38:41,354 [fb3b41a4-a9f1-45d3-bf74-4074fcf3e767@group-510A37B8E04C-LeaderElection3] INFO  segmented.SegmentedRaftLogWorker (SegmentedRaftLogWorker.java:startLogSegment(452)) - fb3b41a4-a9f1-45d3-bf74-4074fcf3e767@group-510A37B8E04C-SegmentedRaftLogWorker: Starting segment from index:0
2022-11-24 06:38:41,356 [fb3b41a4-a9f1-45d3-bf74-4074fcf3e767@group-510A37B8E04C-SegmentedRaftLogWorker] INFO  segmented.SegmentedRaftLogWorker (SegmentedRaftLogWorker.java:execute(656)) - fb3b41a4-a9f1-45d3-bf74-4074fcf3e767@group-510A37B8E04C-SegmentedRaftLogWorker: created new log segment /home/runner/work/ozone/ozone/hadoop-ozone/integration-test/target/test-dir/MiniOzoneClusterImpl-3ca4de4a-72c8-4c23-a990-0556c1b2e11a/datanode-0/data/ratis/c3da2c06-27c7-4ed5-b8eb-510a37b8e04c/current/log_inprogress_0
2022-11-24 06:38:41,367 [fb3b41a4-a9f1-45d3-bf74-4074fcf3e767@group-510A37B8E04C-LeaderElection3] INFO  server.RaftServer$Division (ServerState.java:setRaftConf(430)) - fb3b41a4-a9f1-45d3-bf74-4074fcf3e767@group-510A37B8E04C: set configuration 0: peers:[06429dc3-6184-4705-8d2a-a6f8dedf2170|rpc:10.1.1.33:44897|dataStream:|priority:0|startupRole:FOLLOWER, fb3b41a4-a9f1-45d3-bf74-4074fcf3e767|rpc:10.1.1.33:41917|dataStream:|priority:1|startupRole:FOLLOWER, cb9a1e57-5a73-4518-a050-b0d695628b3e|rpc:10.1.1.33:33351|dataStream:|priority:0|startupRole:FOLLOWER]|listeners:[], old=null
2022-11-24 06:38:41,403 [06429dc3-6184-4705-8d2a-a6f8dedf2170-server-thread1] INFO  ratis.XceiverServerRatis (XceiverServerRatis.java:handleLeaderChangedNotification(863)) - Leader change notification received for group: group-510A37B8E04C with new leaderId: fb3b41a4-a9f1-45d3-bf74-4074fcf3e767
2022-11-24 06:38:41,404 [06429dc3-6184-4705-8d2a-a6f8dedf2170-server-thread1] INFO  server.RaftServer$Division (ServerState.java:setLeader(313)) - 06429dc3-6184-4705-8d2a-a6f8dedf2170@group-510A37B8E04C: change Leader from null to fb3b41a4-a9f1-45d3-bf74-4074fcf3e767 at term 1 for appendEntries, leader elected after 4521ms
2022-11-24 06:38:41,434 [06429dc3-6184-4705-8d2a-a6f8dedf2170-server-thread1] INFO  server.RaftServer$Division (ServerState.java:setRaftConf(430)) - 06429dc3-6184-4705-8d2a-a6f8dedf2170@group-510A37B8E04C: set configuration 0: peers:[06429dc3-6184-4705-8d2a-a6f8dedf2170|rpc:10.1.1.33:44897|dataStream:|priority:0|startupRole:FOLLOWER, fb3b41a4-a9f1-45d3-bf74-4074fcf3e767|rpc:10.1.1.33:41917|dataStream:|priority:1|startupRole:FOLLOWER, cb9a1e57-5a73-4518-a050-b0d695628b3e|rpc:10.1.1.33:33351|dataStream:|priority:0|startupRole:FOLLOWER]|listeners:[], old=null
2022-11-24 06:38:41,435 [06429dc3-6184-4705-8d2a-a6f8dedf2170-server-thread1] INFO  segmented.SegmentedRaftLogWorker (SegmentedRaftLogWorker.java:startLogSegment(452)) - 06429dc3-6184-4705-8d2a-a6f8dedf2170@group-510A37B8E04C-SegmentedRaftLogWorker: Starting segment from index:0
2022-11-24 06:38:41,442 [06429dc3-6184-4705-8d2a-a6f8dedf2170@group-510A37B8E04C-SegmentedRaftLogWorker] INFO  segmented.SegmentedRaftLogWorker (SegmentedRaftLogWorker.java:execute(656)) - 06429dc3-6184-4705-8d2a-a6f8dedf2170@group-510A37B8E04C-SegmentedRaftLogWorker: created new log segment /home/runner/work/ozone/ozone/hadoop-ozone/integration-test/target/test-dir/MiniOzoneClusterImpl-3ca4de4a-72c8-4c23-a990-0556c1b2e11a/datanode-2/data/ratis/c3da2c06-27c7-4ed5-b8eb-510a37b8e04c/current/log_inprogress_0
2022-11-24 06:38:41,444 [cb9a1e57-5a73-4518-a050-b0d695628b3e-server-thread1] INFO  ratis.XceiverServerRatis (XceiverServerRatis.java:handleLeaderChangedNotification(863)) - Leader change notification received for group: group-510A37B8E04C with new leaderId: fb3b41a4-a9f1-45d3-bf74-4074fcf3e767
2022-11-24 06:38:41,444 [cb9a1e57-5a73-4518-a050-b0d695628b3e-server-thread1] INFO  server.RaftServer$Division (ServerState.java:setLeader(313)) - cb9a1e57-5a73-4518-a050-b0d695628b3e@group-510A37B8E04C: change Leader from null to fb3b41a4-a9f1-45d3-bf74-4074fcf3e767 at term 1 for appendEntries, leader elected after 4784ms
2022-11-24 06:38:41,445 [cb9a1e57-5a73-4518-a050-b0d695628b3e-server-thread1] INFO  server.RaftServer$Division (ServerState.java:setRaftConf(430)) - cb9a1e57-5a73-4518-a050-b0d695628b3e@group-510A37B8E04C: set configuration 0: peers:[06429dc3-6184-4705-8d2a-a6f8dedf2170|rpc:10.1.1.33:44897|dataStream:|priority:0|startupRole:FOLLOWER, fb3b41a4-a9f1-45d3-bf74-4074fcf3e767|rpc:10.1.1.33:41917|dataStream:|priority:1|startupRole:FOLLOWER, cb9a1e57-5a73-4518-a050-b0d695628b3e|rpc:10.1.1.33:33351|dataStream:|priority:0|startupRole:FOLLOWER]|listeners:[], old=null
2022-11-24 06:38:41,446 [cb9a1e57-5a73-4518-a050-b0d695628b3e-server-thread1] INFO  segmented.SegmentedRaftLogWorker (SegmentedRaftLogWorker.java:startLogSegment(452)) - cb9a1e57-5a73-4518-a050-b0d695628b3e@group-510A37B8E04C-SegmentedRaftLogWorker: Starting segment from index:0
2022-11-24 06:38:41,448 [cb9a1e57-5a73-4518-a050-b0d695628b3e@group-510A37B8E04C-SegmentedRaftLogWorker] INFO  segmented.SegmentedRaftLogWorker (SegmentedRaftLogWorker.java:execute(656)) - cb9a1e57-5a73-4518-a050-b0d695628b3e@group-510A37B8E04C-SegmentedRaftLogWorker: created new log segment /home/runner/work/ozone/ozone/hadoop-ozone/integration-test/target/test-dir/MiniOzoneClusterImpl-3ca4de4a-72c8-4c23-a990-0556c1b2e11a/datanode-1/data/ratis/c3da2c06-27c7-4ed5-b8eb-510a37b8e04c/current/log_inprogress_0
2022-11-24 06:38:41,720 [cb9a1e57-5a73-4518-a050-b0d695628b3e@group-7B32BE84CB0B-FollowerState] INFO  impl.FollowerState (FollowerState.java:run(143)) - cb9a1e57-5a73-4518-a050-b0d695628b3e@group-7B32BE84CB0B-FollowerState: change to CANDIDATE, lastRpcElapsedTime:5069208975ns, electionTimeout:5044ms
2022-11-24 06:38:41,720 [cb9a1e57-5a73-4518-a050-b0d695628b3e@group-7B32BE84CB0B-FollowerState] INFO  impl.RoleInfo (RoleInfo.java:shutdownFollowerState(110)) - cb9a1e57-5a73-4518-a050-b0d695628b3e: shutdown cb9a1e57-5a73-4518-a050-b0d695628b3e@group-7B32BE84CB0B-FollowerState
2022-11-24 06:38:41,720 [cb9a1e57-5a73-4518-a050-b0d695628b3e@group-7B32BE84CB0B-FollowerState] INFO  server.RaftServer$Division (RaftServerImpl.java:setRole(321)) - cb9a1e57-5a73-4518-a050-b0d695628b3e@group-7B32BE84CB0B: changes role from  FOLLOWER to CANDIDATE at term 0 for changeToCandidate
2022-11-24 06:38:41,720 [cb9a1e57-5a73-4518-a050-b0d695628b3e@group-7B32BE84CB0B-FollowerState] INFO  server.RaftServerConfigKeys (ConfUtils.java:logGet(46)) - raft.server.leaderelection.pre-vote = false (custom)
2022-11-24 06:38:41,720 [cb9a1e57-5a73-4518-a050-b0d695628b3e@group-7B32BE84CB0B-FollowerState] INFO  impl.RoleInfo (RoleInfo.java:updateAndGet(139)) - cb9a1e57-5a73-4518-a050-b0d695628b3e: start cb9a1e57-5a73-4518-a050-b0d695628b3e@group-7B32BE84CB0B-LeaderElection4
2022-11-24 06:38:41,725 [cb9a1e57-5a73-4518-a050-b0d695628b3e@group-7B32BE84CB0B-LeaderElection4] INFO  impl.LeaderElection (LeaderElection.java:askForVotes(312)) - cb9a1e57-5a73-4518-a050-b0d695628b3e@group-7B32BE84CB0B-LeaderElection4 ELECTION round 0: submit vote requests at term 1 for -1: peers:[cb9a1e57-5a73-4518-a050-b0d695628b3e|rpc:10.1.1.33:33351|priority:1|startupRole:FOLLOWER]|listeners:[], old=null
2022-11-24 06:38:41,725 [cb9a1e57-5a73-4518-a050-b0d695628b3e@group-7B32BE84CB0B-LeaderElection4] INFO  impl.LeaderElection (LeaderElection.java:askForVotes(314)) - cb9a1e57-5a73-4518-a050-b0d695628b3e@group-7B32BE84CB0B-LeaderElection4 ELECTION round 0: result PASSED (term=1)
2022-11-24 06:38:41,725 [cb9a1e57-5a73-4518-a050-b0d695628b3e@group-7B32BE84CB0B-LeaderElection4] INFO  impl.RoleInfo (RoleInfo.java:shutdownLeaderElection(130)) - cb9a1e57-5a73-4518-a050-b0d695628b3e: shutdown cb9a1e57-5a73-4518-a050-b0d695628b3e@group-7B32BE84CB0B-LeaderElection4
2022-11-24 06:38:41,725 [cb9a1e57-5a73-4518-a050-b0d695628b3e@group-7B32BE84CB0B-LeaderElection4] INFO  server.RaftServer$Division (RaftServerImpl.java:setRole(321)) - cb9a1e57-5a73-4518-a050-b0d695628b3e@group-7B32BE84CB0B: changes role from CANDIDATE to LEADER at term 1 for changeToLeader
2022-11-24 06:38:41,725 [cb9a1e57-5a73-4518-a050-b0d695628b3e@group-7B32BE84CB0B-LeaderElection4] INFO  ratis.XceiverServerRatis (XceiverServerRatis.java:handleLeaderChangedNotification(863)) - Leader change notification received for group: group-7B32BE84CB0B with new leaderId: cb9a1e57-5a73-4518-a050-b0d695628b3e
2022-11-24 06:38:41,725 [cb9a1e57-5a73-4518-a050-b0d695628b3e@group-7B32BE84CB0B-LeaderElection4] INFO  server.RaftServer$Division (ServerState.java:setLeader(313)) - cb9a1e57-5a73-4518-a050-b0d695628b3e@group-7B32BE84CB0B: change Leader from null to cb9a1e57-5a73-4518-a050-b0d695628b3e at term 1 for becomeLeader, leader elected after 5120ms
2022-11-24 06:38:41,726 [cb9a1e57-5a73-4518-a050-b0d695628b3e@group-7B32BE84CB0B-LeaderElection4] INFO  server.RaftServerConfigKeys (ConfUtils.java:logGet(46)) - raft.server.staging.catchup.gap = 1000 (default)
2022-11-24 06:38:41,726 [cb9a1e57-5a73-4518-a050-b0d695628b3e@group-7B32BE84CB0B-LeaderElection4] INFO  server.RaftServerConfigKeys (ConfUtils.java:logGet(46)) - raft.server.write.element-limit = 1024 (custom)
2022-11-24 06:38:41,726 [cb9a1e57-5a73-4518-a050-b0d695628b3e@group-7B32BE84CB0B-LeaderElection4] INFO  server.RaftServerConfigKeys (ConfUtils.java:logGet(46)) - raft.server.write.byte-limit = 1024 M (=1073741824) (custom)
2022-11-24 06:38:41,726 [cb9a1e57-5a73-4518-a050-b0d695628b3e@group-7B32BE84CB0B-LeaderElection4] INFO  server.RaftServerConfigKeys (ConfUtils.java:logGet(46)) - raft.server.watch.timeout = 180s (custom)
2022-11-24 06:38:41,726 [cb9a1e57-5a73-4518-a050-b0d695628b3e@group-7B32BE84CB0B-LeaderElection4] INFO  server.RaftServerConfigKeys (ConfUtils.java:logGet(46)) - raft.server.watch.timeout.denomination = 1s (default)
2022-11-24 06:38:41,726 [cb9a1e57-5a73-4518-a050-b0d695628b3e@group-7B32BE84CB0B-LeaderElection4] INFO  server.RaftServerConfigKeys (ConfUtils.java:logGet(46)) - raft.server.watch.element-limit = 65536 (default)
2022-11-24 06:38:41,727 [cb9a1e57-5a73-4518-a050-b0d695628b3e@group-7B32BE84CB0B-LeaderElection4] INFO  server.RaftServerConfigKeys (ConfUtils.java:logGet(46)) - raft.server.write.element-limit = 1024 (custom)
2022-11-24 06:38:41,727 [cb9a1e57-5a73-4518-a050-b0d695628b3e@group-7B32BE84CB0B-LeaderElection4] INFO  server.RaftServerConfigKeys (ConfUtils.java:logGet(46)) - raft.server.write.follower.gap.ratio.max = -1.0 (default)
2022-11-24 06:38:41,727 [cb9a1e57-5a73-4518-a050-b0d695628b3e@group-7B32BE84CB0B-LeaderElection4] INFO  impl.RoleInfo (RoleInfo.java:updateAndGet(139)) - cb9a1e57-5a73-4518-a050-b0d695628b3e: start cb9a1e57-5a73-4518-a050-b0d695628b3e@group-7B32BE84CB0B-LeaderStateImpl
2022-11-24 06:38:41,727 [cb9a1e57-5a73-4518-a050-b0d695628b3e@group-7B32BE84CB0B-LeaderElection4] INFO  segmented.SegmentedRaftLogWorker (SegmentedRaftLogWorker.java:startLogSegment(452)) - cb9a1e57-5a73-4518-a050-b0d695628b3e@group-7B32BE84CB0B-SegmentedRaftLogWorker: Starting segment from index:0
2022-11-24 06:38:41,729 [cb9a1e57-5a73-4518-a050-b0d695628b3e@group-7B32BE84CB0B-LeaderElection4] INFO  server.RaftServer$Division (ServerState.java:setRaftConf(430)) - cb9a1e57-5a73-4518-a050-b0d695628b3e@group-7B32BE84CB0B: set configuration 0: peers:[cb9a1e57-5a73-4518-a050-b0d695628b3e|rpc:10.1.1.33:33351|dataStream:|priority:1|startupRole:FOLLOWER]|listeners:[], old=null
2022-11-24 06:38:41,729 [cb9a1e57-5a73-4518-a050-b0d695628b3e@group-7B32BE84CB0B-SegmentedRaftLogWorker] INFO  segmented.SegmentedRaftLogWorker (SegmentedRaftLogWorker.java:execute(656)) - cb9a1e57-5a73-4518-a050-b0d695628b3e@group-7B32BE84CB0B-SegmentedRaftLogWorker: created new log segment /home/runner/work/ozone/ozone/hadoop-ozone/integration-test/target/test-dir/MiniOzoneClusterImpl-3ca4de4a-72c8-4c23-a990-0556c1b2e11a/datanode-1/data/ratis/c0453bad-53f0-4204-a631-7b32be84cb0b/current/log_inprogress_0
2022-11-24 06:38:42,061 [06429dc3-6184-4705-8d2a-a6f8dedf2170@group-F829801C2906-FollowerState] INFO  impl.FollowerState (FollowerState.java:run(143)) - 06429dc3-6184-4705-8d2a-a6f8dedf2170@group-F829801C2906-FollowerState: change to CANDIDATE, lastRpcElapsedTime:5004872149ns, electionTimeout:5004ms
2022-11-24 06:38:42,061 [06429dc3-6184-4705-8d2a-a6f8dedf2170@group-F829801C2906-FollowerState] INFO  impl.RoleInfo (RoleInfo.java:shutdownFollowerState(110)) - 06429dc3-6184-4705-8d2a-a6f8dedf2170: shutdown 06429dc3-6184-4705-8d2a-a6f8dedf2170@group-F829801C2906-FollowerState
2022-11-24 06:38:42,061 [06429dc3-6184-4705-8d2a-a6f8dedf2170@group-F829801C2906-FollowerState] INFO  server.RaftServer$Division (RaftServerImpl.java:setRole(321)) - 06429dc3-6184-4705-8d2a-a6f8dedf2170@group-F829801C2906: changes role from  FOLLOWER to CANDIDATE at term 0 for changeToCandidate
2022-11-24 06:38:42,062 [06429dc3-6184-4705-8d2a-a6f8dedf2170@group-F829801C2906-FollowerState] INFO  server.RaftServerConfigKeys (ConfUtils.java:logGet(46)) - raft.server.leaderelection.pre-vote = false (custom)
2022-11-24 06:38:42,062 [06429dc3-6184-4705-8d2a-a6f8dedf2170@group-F829801C2906-FollowerState] INFO  impl.RoleInfo (RoleInfo.java:updateAndGet(139)) - 06429dc3-6184-4705-8d2a-a6f8dedf2170: start 06429dc3-6184-4705-8d2a-a6f8dedf2170@group-F829801C2906-LeaderElection5
2022-11-24 06:38:42,065 [Listener at 127.0.0.1/43781] INFO  ozone.MiniOzoneClusterImpl (MiniOzoneClusterImpl.java:lambda$waitForClusterToBeReady$0(216)) - Nodes are ready. Got 10 of 10 DN Heartbeats.
2022-11-24 06:38:42,065 [Listener at 127.0.0.1/43781] INFO  ozone.MiniOzoneClusterImpl (MiniOzoneClusterImpl.java:lambda$waitForClusterToBeReady$0(219)) - Cluster exits safe mode
2022-11-24 06:38:42,065 [Listener at 127.0.0.1/43781] INFO  ozone.MiniOzoneClusterImpl (MiniOzoneClusterImpl.java:lambda$waitForClusterToBeReady$0(221)) - SCM became leader
2022-11-24 06:38:42,066 [06429dc3-6184-4705-8d2a-a6f8dedf2170@group-F829801C2906-LeaderElection5] INFO  impl.LeaderElection (LeaderElection.java:askForVotes(312)) - 06429dc3-6184-4705-8d2a-a6f8dedf2170@group-F829801C2906-LeaderElection5 ELECTION round 0: submit vote requests at term 1 for -1: peers:[06429dc3-6184-4705-8d2a-a6f8dedf2170|rpc:10.1.1.33:44897|priority:1|startupRole:FOLLOWER]|listeners:[], old=null
2022-11-24 06:38:42,066 [06429dc3-6184-4705-8d2a-a6f8dedf2170@group-F829801C2906-LeaderElection5] INFO  impl.LeaderElection (LeaderElection.java:askForVotes(314)) - 06429dc3-6184-4705-8d2a-a6f8dedf2170@group-F829801C2906-LeaderElection5 ELECTION round 0: result PASSED (term=1)
2022-11-24 06:38:42,066 [06429dc3-6184-4705-8d2a-a6f8dedf2170@group-F829801C2906-LeaderElection5] INFO  impl.RoleInfo (RoleInfo.java:shutdownLeaderElection(130)) - 06429dc3-6184-4705-8d2a-a6f8dedf2170: shutdown 06429dc3-6184-4705-8d2a-a6f8dedf2170@group-F829801C2906-LeaderElection5
2022-11-24 06:38:42,066 [06429dc3-6184-4705-8d2a-a6f8dedf2170@group-F829801C2906-LeaderElection5] INFO  server.RaftServer$Division (RaftServerImpl.java:setRole(321)) - 06429dc3-6184-4705-8d2a-a6f8dedf2170@group-F829801C2906: changes role from CANDIDATE to LEADER at term 1 for changeToLeader
2022-11-24 06:38:42,066 [06429dc3-6184-4705-8d2a-a6f8dedf2170@group-F829801C2906-LeaderElection5] INFO  ratis.XceiverServerRatis (XceiverServerRatis.java:handleLeaderChangedNotification(863)) - Leader change notification received for group: group-F829801C2906 with new leaderId: 06429dc3-6184-4705-8d2a-a6f8dedf2170
2022-11-24 06:38:42,067 [06429dc3-6184-4705-8d2a-a6f8dedf2170@group-F829801C2906-LeaderElection5] INFO  server.RaftServer$Division (ServerState.java:setLeader(313)) - 06429dc3-6184-4705-8d2a-a6f8dedf2170@group-F829801C2906: change Leader from null to 06429dc3-6184-4705-8d2a-a6f8dedf2170 at term 1 for becomeLeader, leader elected after 5058ms
2022-11-24 06:38:42,067 [06429dc3-6184-4705-8d2a-a6f8dedf2170@group-F829801C2906-LeaderElection5] INFO  server.RaftServerConfigKeys (ConfUtils.java:logGet(46)) - raft.server.staging.catchup.gap = 1000 (default)
2022-11-24 06:38:42,067 [06429dc3-6184-4705-8d2a-a6f8dedf2170@group-F829801C2906-LeaderElection5] INFO  server.RaftServerConfigKeys (ConfUtils.java:logGet(46)) - raft.server.write.element-limit = 1024 (custom)
2022-11-24 06:38:42,067 [06429dc3-6184-4705-8d2a-a6f8dedf2170@group-F829801C2906-LeaderElection5] INFO  server.RaftServerConfigKeys (ConfUtils.java:logGet(46)) - raft.server.write.byte-limit = 1024 M (=1073741824) (custom)
2022-11-24 06:38:42,067 [06429dc3-6184-4705-8d2a-a6f8dedf2170@group-F829801C2906-LeaderElection5] INFO  server.RaftServerConfigKeys (ConfUtils.java:logGet(46)) - raft.server.watch.timeout = 180s (custom)
2022-11-24 06:38:42,067 [06429dc3-6184-4705-8d2a-a6f8dedf2170@group-F829801C2906-LeaderElection5] INFO  server.RaftServerConfigKeys (ConfUtils.java:logGet(46)) - raft.server.watch.timeout.denomination = 1s (default)
2022-11-24 06:38:42,068 [06429dc3-6184-4705-8d2a-a6f8dedf2170@group-F829801C2906-LeaderElection5] INFO  server.RaftServerConfigKeys (ConfUtils.java:logGet(46)) - raft.server.watch.element-limit = 65536 (default)
2022-11-24 06:38:42,068 [06429dc3-6184-4705-8d2a-a6f8dedf2170@group-F829801C2906-LeaderElection5] INFO  server.RaftServerConfigKeys (ConfUtils.java:logGet(46)) - raft.server.write.element-limit = 1024 (custom)
2022-11-24 06:38:42,068 [06429dc3-6184-4705-8d2a-a6f8dedf2170@group-F829801C2906-LeaderElection5] INFO  server.RaftServerConfigKeys (ConfUtils.java:logGet(46)) - raft.server.write.follower.gap.ratio.max = -1.0 (default)
2022-11-24 06:38:42,068 [06429dc3-6184-4705-8d2a-a6f8dedf2170@group-F829801C2906-LeaderElection5] INFO  impl.RoleInfo (RoleInfo.java:updateAndGet(139)) - 06429dc3-6184-4705-8d2a-a6f8dedf2170: start 06429dc3-6184-4705-8d2a-a6f8dedf2170@group-F829801C2906-LeaderStateImpl
2022-11-24 06:38:42,068 [06429dc3-6184-4705-8d2a-a6f8dedf2170@group-F829801C2906-LeaderElection5] INFO  segmented.SegmentedRaftLogWorker (SegmentedRaftLogWorker.java:startLogSegment(452)) - 06429dc3-6184-4705-8d2a-a6f8dedf2170@group-F829801C2906-SegmentedRaftLogWorker: Starting segment from index:0
2022-11-24 06:38:42,071 [06429dc3-6184-4705-8d2a-a6f8dedf2170@group-F829801C2906-LeaderElection5] INFO  server.RaftServer$Division (ServerState.java:setRaftConf(430)) - 06429dc3-6184-4705-8d2a-a6f8dedf2170@group-F829801C2906: set configuration 0: peers:[06429dc3-6184-4705-8d2a-a6f8dedf2170|rpc:10.1.1.33:44897|dataStream:|priority:1|startupRole:FOLLOWER]|listeners:[], old=null
2022-11-24 06:38:42,074 [06429dc3-6184-4705-8d2a-a6f8dedf2170@group-F829801C2906-SegmentedRaftLogWorker] INFO  segmented.SegmentedRaftLogWorker (SegmentedRaftLogWorker.java:execute(656)) - 06429dc3-6184-4705-8d2a-a6f8dedf2170@group-F829801C2906-SegmentedRaftLogWorker: created new log segment /home/runner/work/ozone/ozone/hadoop-ozone/integration-test/target/test-dir/MiniOzoneClusterImpl-3ca4de4a-72c8-4c23-a990-0556c1b2e11a/datanode-2/data/ratis/ea090946-2374-474d-9be4-f829801c2906/current/log_inprogress_0
2022-11-24 06:38:42,214 [fb3b41a4-a9f1-45d3-bf74-4074fcf3e767@group-763B35D9546F-FollowerState] INFO  impl.FollowerState (FollowerState.java:run(143)) - fb3b41a4-a9f1-45d3-bf74-4074fcf3e767@group-763B35D9546F-FollowerState: change to CANDIDATE, lastRpcElapsedTime:5077601112ns, electionTimeout:5070ms
2022-11-24 06:38:42,214 [fb3b41a4-a9f1-45d3-bf74-4074fcf3e767@group-763B35D9546F-FollowerState] INFO  impl.RoleInfo (RoleInfo.java:shutdownFollowerState(110)) - fb3b41a4-a9f1-45d3-bf74-4074fcf3e767: shutdown fb3b41a4-a9f1-45d3-bf74-4074fcf3e767@group-763B35D9546F-FollowerState
2022-11-24 06:38:42,214 [fb3b41a4-a9f1-45d3-bf74-4074fcf3e767@group-763B35D9546F-FollowerState] INFO  server.RaftServer$Division (RaftServerImpl.java:setRole(321)) - fb3b41a4-a9f1-45d3-bf74-4074fcf3e767@group-763B35D9546F: changes role from  FOLLOWER to CANDIDATE at term 0 for changeToCandidate
2022-11-24 06:38:42,214 [fb3b41a4-a9f1-45d3-bf74-4074fcf3e767@group-763B35D9546F-FollowerState] INFO  server.RaftServerConfigKeys (ConfUtils.java:logGet(46)) - raft.server.leaderelection.pre-vote = false (custom)
2022-11-24 06:38:42,214 [fb3b41a4-a9f1-45d3-bf74-4074fcf3e767@group-763B35D9546F-FollowerState] INFO  impl.RoleInfo (RoleInfo.java:updateAndGet(139)) - fb3b41a4-a9f1-45d3-bf74-4074fcf3e767: start fb3b41a4-a9f1-45d3-bf74-4074fcf3e767@group-763B35D9546F-LeaderElection6
2022-11-24 06:38:42,225 [fb3b41a4-a9f1-45d3-bf74-4074fcf3e767@group-763B35D9546F-LeaderElection6] INFO  impl.LeaderElection (LeaderElection.java:askForVotes(312)) - fb3b41a4-a9f1-45d3-bf74-4074fcf3e767@group-763B35D9546F-LeaderElection6 ELECTION round 0: submit vote requests at term 1 for -1: peers:[06429dc3-6184-4705-8d2a-a6f8dedf2170|rpc:10.1.1.33:44897|priority:0|startupRole:FOLLOWER, fb3b41a4-a9f1-45d3-bf74-4074fcf3e767|rpc:10.1.1.33:41917|priority:0|startupRole:FOLLOWER, cb9a1e57-5a73-4518-a050-b0d695628b3e|rpc:10.1.1.33:33351|priority:1|startupRole:FOLLOWER]|listeners:[], old=null
2022-11-24 06:38:42,235 [fb3b41a4-a9f1-45d3-bf74-4074fcf3e767@group-763B35D9546F-LeaderElection6] INFO  server.RaftServerConfigKeys (ConfUtils.java:logFallback(53)) - raft.server.rpc.first-election.timeout.min = 5s (fallback to raft.server.rpc.timeout.min)
2022-11-24 06:38:42,235 [fb3b41a4-a9f1-45d3-bf74-4074fcf3e767@group-763B35D9546F-LeaderElection6] INFO  server.RaftServerConfigKeys (ConfUtils.java:logFallback(53)) - raft.server.rpc.first-election.timeout.max = 5200ms (fallback to raft.server.rpc.timeout.max)
2022-11-24 06:38:42,240 [grpc-default-executor-3] INFO  server.RaftServer$Division (RaftServerImpl.java:requestVote(1218)) - cb9a1e57-5a73-4518-a050-b0d695628b3e@group-763B35D9546F: receive requestVote(ELECTION, fb3b41a4-a9f1-45d3-bf74-4074fcf3e767, group-763B35D9546F, 1, (t:0, i:0))
2022-11-24 06:38:42,241 [grpc-default-executor-3] INFO  impl.VoteContext (VoteContext.java:log(48)) - cb9a1e57-5a73-4518-a050-b0d695628b3e@group-763B35D9546F-FOLLOWER: reject ELECTION from fb3b41a4-a9f1-45d3-bf74-4074fcf3e767: our priority 1 > candidate's priority 0
2022-11-24 06:38:42,241 [grpc-default-executor-3] INFO  server.RaftServer$Division (RaftServerImpl.java:setRole(321)) - cb9a1e57-5a73-4518-a050-b0d695628b3e@group-763B35D9546F: changes role from  FOLLOWER to FOLLOWER at term 1 for candidate:fb3b41a4-a9f1-45d3-bf74-4074fcf3e767
2022-11-24 06:38:42,241 [grpc-default-executor-3] INFO  impl.RoleInfo (RoleInfo.java:shutdownFollowerState(110)) - cb9a1e57-5a73-4518-a050-b0d695628b3e: shutdown cb9a1e57-5a73-4518-a050-b0d695628b3e@group-763B35D9546F-FollowerState
2022-11-24 06:38:42,241 [grpc-default-executor-3] INFO  impl.RoleInfo (RoleInfo.java:updateAndGet(139)) - cb9a1e57-5a73-4518-a050-b0d695628b3e: start cb9a1e57-5a73-4518-a050-b0d695628b3e@group-763B35D9546F-FollowerState
2022-11-24 06:38:42,241 [cb9a1e57-5a73-4518-a050-b0d695628b3e@group-763B35D9546F-FollowerState] INFO  impl.FollowerState (FollowerState.java:run(152)) - cb9a1e57-5a73-4518-a050-b0d695628b3e@group-763B35D9546F-FollowerState was interrupted
2022-11-24 06:38:42,256 [grpc-default-executor-3] INFO  server.RaftServer$Division (RaftServerImpl.java:requestVote(1251)) - cb9a1e57-5a73-4518-a050-b0d695628b3e@group-763B35D9546F replies to ELECTION vote request: fb3b41a4-a9f1-45d3-bf74-4074fcf3e767<-cb9a1e57-5a73-4518-a050-b0d695628b3e#0:FAIL-t1. Peer's state: cb9a1e57-5a73-4518-a050-b0d695628b3e@group-763B35D9546F:t1, leader=null, voted=null, raftlog=Memoized:cb9a1e57-5a73-4518-a050-b0d695628b3e@group-763B35D9546F-SegmentedRaftLog:OPENED:c-1, conf=-1: peers:[06429dc3-6184-4705-8d2a-a6f8dedf2170|rpc:10.1.1.33:44897|priority:0|startupRole:FOLLOWER, fb3b41a4-a9f1-45d3-bf74-4074fcf3e767|rpc:10.1.1.33:41917|priority:0|startupRole:FOLLOWER, cb9a1e57-5a73-4518-a050-b0d695628b3e|rpc:10.1.1.33:33351|priority:1|startupRole:FOLLOWER]|listeners:[], old=null
2022-11-24 06:38:42,256 [cb9a1e57-5a73-4518-a050-b0d695628b3e@group-763B35D9546F-FollowerState] INFO  server.RaftServerConfigKeys (ConfUtils.java:logFallback(53)) - raft.server.rpc.first-election.timeout.min = 5s (fallback to raft.server.rpc.timeout.min)
2022-11-24 06:38:42,256 [cb9a1e57-5a73-4518-a050-b0d695628b3e@group-763B35D9546F-FollowerState] INFO  server.RaftServerConfigKeys (ConfUtils.java:logFallback(53)) - raft.server.rpc.first-election.timeout.max = 5200ms (fallback to raft.server.rpc.timeout.max)
2022-11-24 06:38:42,257 [grpc-default-executor-1] INFO  server.RaftServer$Division (RaftServerImpl.java:requestVote(1218)) - 06429dc3-6184-4705-8d2a-a6f8dedf2170@group-763B35D9546F: receive requestVote(ELECTION, fb3b41a4-a9f1-45d3-bf74-4074fcf3e767, group-763B35D9546F, 1, (t:0, i:0))
2022-11-24 06:38:42,257 [grpc-default-executor-1] INFO  impl.VoteContext (VoteContext.java:log(48)) - 06429dc3-6184-4705-8d2a-a6f8dedf2170@group-763B35D9546F-FOLLOWER: accept ELECTION from fb3b41a4-a9f1-45d3-bf74-4074fcf3e767: our priority 0 <= candidate's priority 0
2022-11-24 06:38:42,257 [grpc-default-executor-1] INFO  server.RaftServer$Division (RaftServerImpl.java:setRole(321)) - 06429dc3-6184-4705-8d2a-a6f8dedf2170@group-763B35D9546F: changes role from  FOLLOWER to FOLLOWER at term 1 for candidate:fb3b41a4-a9f1-45d3-bf74-4074fcf3e767
2022-11-24 06:38:42,257 [grpc-default-executor-1] INFO  impl.RoleInfo (RoleInfo.java:shutdownFollowerState(110)) - 06429dc3-6184-4705-8d2a-a6f8dedf2170: shutdown 06429dc3-6184-4705-8d2a-a6f8dedf2170@group-763B35D9546F-FollowerState
2022-11-24 06:38:42,257 [grpc-default-executor-1] INFO  impl.RoleInfo (RoleInfo.java:updateAndGet(139)) - 06429dc3-6184-4705-8d2a-a6f8dedf2170: start 06429dc3-6184-4705-8d2a-a6f8dedf2170@group-763B35D9546F-FollowerState
2022-11-24 06:38:42,257 [06429dc3-6184-4705-8d2a-a6f8dedf2170@group-763B35D9546F-FollowerState] INFO  impl.FollowerState (FollowerState.java:run(152)) - 06429dc3-6184-4705-8d2a-a6f8dedf2170@group-763B35D9546F-FollowerState was interrupted
2022-11-24 06:38:42,259 [06429dc3-6184-4705-8d2a-a6f8dedf2170@group-763B35D9546F-FollowerState] INFO  server.RaftServerConfigKeys (ConfUtils.java:logFallback(53)) - raft.server.rpc.first-election.timeout.min = 5s (fallback to raft.server.rpc.timeout.min)
2022-11-24 06:38:42,259 [06429dc3-6184-4705-8d2a-a6f8dedf2170@group-763B35D9546F-FollowerState] INFO  server.RaftServerConfigKeys (ConfUtils.java:logFallback(53)) - raft.server.rpc.first-election.timeout.max = 5200ms (fallback to raft.server.rpc.timeout.max)
2022-11-24 06:38:42,261 [fb3b41a4-a9f1-45d3-bf74-4074fcf3e767@group-763B35D9546F-LeaderElection6] INFO  impl.LeaderElection (LeaderElection.java:logAndReturn(90)) - fb3b41a4-a9f1-45d3-bf74-4074fcf3e767@group-763B35D9546F-LeaderElection6: ELECTION REJECTED received 1 response(s) and 0 exception(s):
2022-11-24 06:38:42,261 [fb3b41a4-a9f1-45d3-bf74-4074fcf3e767@group-763B35D9546F-LeaderElection6] INFO  impl.LeaderElection (LeaderElection.java:logAndReturn(94)) -   Response 0: fb3b41a4-a9f1-45d3-bf74-4074fcf3e767<-cb9a1e57-5a73-4518-a050-b0d695628b3e#0:FAIL-t1
2022-11-24 06:38:42,261 [fb3b41a4-a9f1-45d3-bf74-4074fcf3e767@group-763B35D9546F-LeaderElection6] INFO  impl.LeaderElection (LeaderElection.java:askForVotes(314)) - fb3b41a4-a9f1-45d3-bf74-4074fcf3e767@group-763B35D9546F-LeaderElection6 ELECTION round 0: result REJECTED
2022-11-24 06:38:42,261 [fb3b41a4-a9f1-45d3-bf74-4074fcf3e767@group-763B35D9546F-LeaderElection6] INFO  server.RaftServer$Division (RaftServerImpl.java:setRole(321)) - fb3b41a4-a9f1-45d3-bf74-4074fcf3e767@group-763B35D9546F: changes role from CANDIDATE to FOLLOWER at term 1 for REJECTED
2022-11-24 06:38:42,261 [fb3b41a4-a9f1-45d3-bf74-4074fcf3e767@group-763B35D9546F-LeaderElection6] INFO  impl.RoleInfo (RoleInfo.java:shutdownLeaderElection(130)) - fb3b41a4-a9f1-45d3-bf74-4074fcf3e767: shutdown fb3b41a4-a9f1-45d3-bf74-4074fcf3e767@group-763B35D9546F-LeaderElection6
2022-11-24 06:38:42,261 [fb3b41a4-a9f1-45d3-bf74-4074fcf3e767@group-763B35D9546F-LeaderElection6] INFO  impl.RoleInfo (RoleInfo.java:updateAndGet(139)) - fb3b41a4-a9f1-45d3-bf74-4074fcf3e767: start fb3b41a4-a9f1-45d3-bf74-4074fcf3e767@group-763B35D9546F-FollowerState
2022-11-24 06:38:42,263 [grpc-default-executor-1] INFO  server.RaftServer$Division (RaftServerImpl.java:requestVote(1251)) - 06429dc3-6184-4705-8d2a-a6f8dedf2170@group-763B35D9546F replies to ELECTION vote request: fb3b41a4-a9f1-45d3-bf74-4074fcf3e767<-06429dc3-6184-4705-8d2a-a6f8dedf2170#0:OK-t1. Peer's state: 06429dc3-6184-4705-8d2a-a6f8dedf2170@group-763B35D9546F:t1, leader=null, voted=fb3b41a4-a9f1-45d3-bf74-4074fcf3e767, raftlog=Memoized:06429dc3-6184-4705-8d2a-a6f8dedf2170@group-763B35D9546F-SegmentedRaftLog:OPENED:c-1, conf=-1: peers:[06429dc3-6184-4705-8d2a-a6f8dedf2170|rpc:10.1.1.33:44897|priority:0|startupRole:FOLLOWER, fb3b41a4-a9f1-45d3-bf74-4074fcf3e767|rpc:10.1.1.33:41917|priority:0|startupRole:FOLLOWER, cb9a1e57-5a73-4518-a050-b0d695628b3e|rpc:10.1.1.33:33351|priority:1|startupRole:FOLLOWER]|listeners:[], old=null
2022-11-24 06:38:42,274 [fb3b41a4-a9f1-45d3-bf74-4074fcf3e767@group-763B35D9546F-FollowerState] INFO  server.RaftServerConfigKeys (ConfUtils.java:logFallback(53)) - raft.server.rpc.first-election.timeout.min = 5s (fallback to raft.server.rpc.timeout.min)
2022-11-24 06:38:42,275 [fb3b41a4-a9f1-45d3-bf74-4074fcf3e767@group-763B35D9546F-FollowerState] INFO  server.RaftServerConfigKeys (ConfUtils.java:logFallback(53)) - raft.server.rpc.first-election.timeout.max = 5200ms (fallback to raft.server.rpc.timeout.max)
2022-11-24 06:38:42,532 [db462c09-4a41-41c4-b065-df9d46fc3c08@group-F0F0B9D819AD-FollowerState] INFO  impl.FollowerState (FollowerState.java:run(143)) - db462c09-4a41-41c4-b065-df9d46fc3c08@group-F0F0B9D819AD-FollowerState: change to CANDIDATE, lastRpcElapsedTime:5089998696ns, electionTimeout:5088ms
2022-11-24 06:38:42,532 [db462c09-4a41-41c4-b065-df9d46fc3c08@group-F0F0B9D819AD-FollowerState] INFO  impl.RoleInfo (RoleInfo.java:shutdownFollowerState(110)) - db462c09-4a41-41c4-b065-df9d46fc3c08: shutdown db462c09-4a41-41c4-b065-df9d46fc3c08@group-F0F0B9D819AD-FollowerState
2022-11-24 06:38:42,532 [db462c09-4a41-41c4-b065-df9d46fc3c08@group-F0F0B9D819AD-FollowerState] INFO  server.RaftServer$Division (RaftServerImpl.java:setRole(321)) - db462c09-4a41-41c4-b065-df9d46fc3c08@group-F0F0B9D819AD: changes role from  FOLLOWER to CANDIDATE at term 0 for changeToCandidate
2022-11-24 06:38:42,532 [db462c09-4a41-41c4-b065-df9d46fc3c08@group-F0F0B9D819AD-FollowerState] INFO  server.RaftServerConfigKeys (ConfUtils.java:logGet(46)) - raft.server.leaderelection.pre-vote = false (custom)
2022-11-24 06:38:42,532 [db462c09-4a41-41c4-b065-df9d46fc3c08@group-F0F0B9D819AD-FollowerState] INFO  impl.RoleInfo (RoleInfo.java:updateAndGet(139)) - db462c09-4a41-41c4-b065-df9d46fc3c08: start db462c09-4a41-41c4-b065-df9d46fc3c08@group-F0F0B9D819AD-LeaderElection7
2022-11-24 06:38:42,538 [db462c09-4a41-41c4-b065-df9d46fc3c08@group-F0F0B9D819AD-LeaderElection7] INFO  impl.LeaderElection (LeaderElection.java:askForVotes(312)) - db462c09-4a41-41c4-b065-df9d46fc3c08@group-F0F0B9D819AD-LeaderElection7 ELECTION round 0: submit vote requests at term 1 for -1: peers:[db462c09-4a41-41c4-b065-df9d46fc3c08|rpc:10.1.1.33:45705|priority:1|startupRole:FOLLOWER]|listeners:[], old=null
2022-11-24 06:38:42,538 [db462c09-4a41-41c4-b065-df9d46fc3c08@group-F0F0B9D819AD-LeaderElection7] INFO  impl.LeaderElection (LeaderElection.java:askForVotes(314)) - db462c09-4a41-41c4-b065-df9d46fc3c08@group-F0F0B9D819AD-LeaderElection7 ELECTION round 0: result PASSED (term=1)
2022-11-24 06:38:42,538 [db462c09-4a41-41c4-b065-df9d46fc3c08@group-F0F0B9D819AD-LeaderElection7] INFO  impl.RoleInfo (RoleInfo.java:shutdownLeaderElection(130)) - db462c09-4a41-41c4-b065-df9d46fc3c08: shutdown db462c09-4a41-41c4-b065-df9d46fc3c08@group-F0F0B9D819AD-LeaderElection7
2022-11-24 06:38:42,538 [db462c09-4a41-41c4-b065-df9d46fc3c08@group-F0F0B9D819AD-LeaderElection7] INFO  server.RaftServer$Division (RaftServerImpl.java:setRole(321)) - db462c09-4a41-41c4-b065-df9d46fc3c08@group-F0F0B9D819AD: changes role from CANDIDATE to LEADER at term 1 for changeToLeader
2022-11-24 06:38:42,538 [db462c09-4a41-41c4-b065-df9d46fc3c08@group-F0F0B9D819AD-LeaderElection7] INFO  ratis.XceiverServerRatis (XceiverServerRatis.java:handleLeaderChangedNotification(863)) - Leader change notification received for group: group-F0F0B9D819AD with new leaderId: db462c09-4a41-41c4-b065-df9d46fc3c08
2022-11-24 06:38:42,540 [db462c09-4a41-41c4-b065-df9d46fc3c08@group-F0F0B9D819AD-LeaderElection7] INFO  server.RaftServer$Division (ServerState.java:setLeader(313)) - db462c09-4a41-41c4-b065-df9d46fc3c08@group-F0F0B9D819AD: change Leader from null to db462c09-4a41-41c4-b065-df9d46fc3c08 at term 1 for becomeLeader, leader elected after 5112ms
2022-11-24 06:38:42,540 [db462c09-4a41-41c4-b065-df9d46fc3c08@group-F0F0B9D819AD-LeaderElection7] INFO  server.RaftServerConfigKeys (ConfUtils.java:logGet(46)) - raft.server.staging.catchup.gap = 1000 (default)
2022-11-24 06:38:42,540 [db462c09-4a41-41c4-b065-df9d46fc3c08@group-F0F0B9D819AD-LeaderElection7] INFO  server.RaftServerConfigKeys (ConfUtils.java:logGet(46)) - raft.server.write.element-limit = 1024 (custom)
2022-11-24 06:38:42,547 [db462c09-4a41-41c4-b065-df9d46fc3c08@group-F0F0B9D819AD-LeaderElection7] INFO  server.RaftServerConfigKeys (ConfUtils.java:logGet(46)) - raft.server.write.byte-limit = 1024 M (=1073741824) (custom)
2022-11-24 06:38:42,547 [db462c09-4a41-41c4-b065-df9d46fc3c08@group-F0F0B9D819AD-LeaderElection7] INFO  server.RaftServerConfigKeys (ConfUtils.java:logGet(46)) - raft.server.watch.timeout = 180s (custom)
2022-11-24 06:38:42,547 [db462c09-4a41-41c4-b065-df9d46fc3c08@group-F0F0B9D819AD-LeaderElection7] INFO  server.RaftServerConfigKeys (ConfUtils.java:logGet(46)) - raft.server.watch.timeout.denomination = 1s (default)
2022-11-24 06:38:42,547 [db462c09-4a41-41c4-b065-df9d46fc3c08@group-F0F0B9D819AD-LeaderElection7] INFO  server.RaftServerConfigKeys (ConfUtils.java:logGet(46)) - raft.server.watch.element-limit = 65536 (default)
2022-11-24 06:38:42,548 [db462c09-4a41-41c4-b065-df9d46fc3c08@group-F0F0B9D819AD-LeaderElection7] INFO  server.RaftServerConfigKeys (ConfUtils.java:logGet(46)) - raft.server.write.element-limit = 1024 (custom)
2022-11-24 06:38:42,548 [db462c09-4a41-41c4-b065-df9d46fc3c08@group-F0F0B9D819AD-LeaderElection7] INFO  server.RaftServerConfigKeys (ConfUtils.java:logGet(46)) - raft.server.write.follower.gap.ratio.max = -1.0 (default)
2022-11-24 06:38:42,548 [db462c09-4a41-41c4-b065-df9d46fc3c08@group-F0F0B9D819AD-LeaderElection7] INFO  impl.RoleInfo (RoleInfo.java:updateAndGet(139)) - db462c09-4a41-41c4-b065-df9d46fc3c08: start db462c09-4a41-41c4-b065-df9d46fc3c08@group-F0F0B9D819AD-LeaderStateImpl
2022-11-24 06:38:42,548 [db462c09-4a41-41c4-b065-df9d46fc3c08@group-F0F0B9D819AD-LeaderElection7] INFO  segmented.SegmentedRaftLogWorker (SegmentedRaftLogWorker.java:startLogSegment(452)) - db462c09-4a41-41c4-b065-df9d46fc3c08@group-F0F0B9D819AD-SegmentedRaftLogWorker: Starting segment from index:0
2022-11-24 06:38:42,550 [db462c09-4a41-41c4-b065-df9d46fc3c08@group-F0F0B9D819AD-SegmentedRaftLogWorker] INFO  segmented.SegmentedRaftLogWorker (SegmentedRaftLogWorker.java:execute(656)) - db462c09-4a41-41c4-b065-df9d46fc3c08@group-F0F0B9D819AD-SegmentedRaftLogWorker: created new log segment /home/runner/work/ozone/ozone/hadoop-ozone/integration-test/target/test-dir/MiniOzoneClusterImpl-3ca4de4a-72c8-4c23-a990-0556c1b2e11a/datanode-3/data/ratis/7386cf82-caa5-47e8-b798-f0f0b9d819ad/current/log_inprogress_0
2022-11-24 06:38:42,552 [6fd96d8c-4ef2-4ba8-87f7-371671a16fe6@group-386A04BC3586-FollowerState] INFO  impl.FollowerState (FollowerState.java:run(143)) - 6fd96d8c-4ef2-4ba8-87f7-371671a16fe6@group-386A04BC3586-FollowerState: change to CANDIDATE, lastRpcElapsedTime:5016160288ns, electionTimeout:5007ms
2022-11-24 06:38:42,552 [6fd96d8c-4ef2-4ba8-87f7-371671a16fe6@group-386A04BC3586-FollowerState] INFO  impl.RoleInfo (RoleInfo.java:shutdownFollowerState(110)) - 6fd96d8c-4ef2-4ba8-87f7-371671a16fe6: shutdown 6fd96d8c-4ef2-4ba8-87f7-371671a16fe6@group-386A04BC3586-FollowerState
2022-11-24 06:38:42,552 [6fd96d8c-4ef2-4ba8-87f7-371671a16fe6@group-386A04BC3586-FollowerState] INFO  server.RaftServer$Division (RaftServerImpl.java:setRole(321)) - 6fd96d8c-4ef2-4ba8-87f7-371671a16fe6@group-386A04BC3586: changes role from  FOLLOWER to CANDIDATE at term 0 for changeToCandidate
2022-11-24 06:38:42,554 [6fd96d8c-4ef2-4ba8-87f7-371671a16fe6@group-386A04BC3586-FollowerState] INFO  server.RaftServerConfigKeys (ConfUtils.java:logGet(46)) - raft.server.leaderelection.pre-vote = false (custom)
2022-11-24 06:38:42,554 [6fd96d8c-4ef2-4ba8-87f7-371671a16fe6@group-386A04BC3586-FollowerState] INFO  impl.RoleInfo (RoleInfo.java:updateAndGet(139)) - 6fd96d8c-4ef2-4ba8-87f7-371671a16fe6: start 6fd96d8c-4ef2-4ba8-87f7-371671a16fe6@group-386A04BC3586-LeaderElection8
2022-11-24 06:38:42,557 [db462c09-4a41-41c4-b065-df9d46fc3c08@group-386A04BC3586-FollowerState] INFO  impl.FollowerState (FollowerState.java:run(143)) - db462c09-4a41-41c4-b065-df9d46fc3c08@group-386A04BC3586-FollowerState: change to CANDIDATE, lastRpcElapsedTime:5077971718ns, electionTimeout:5073ms
2022-11-24 06:38:42,557 [db462c09-4a41-41c4-b065-df9d46fc3c08@group-386A04BC3586-FollowerState] INFO  impl.RoleInfo (RoleInfo.java:shutdownFollowerState(110)) - db462c09-4a41-41c4-b065-df9d46fc3c08: shutdown db462c09-4a41-41c4-b065-df9d46fc3c08@group-386A04BC3586-FollowerState
2022-11-24 06:38:42,557 [db462c09-4a41-41c4-b065-df9d46fc3c08@group-386A04BC3586-FollowerState] INFO  server.RaftServer$Division (RaftServerImpl.java:setRole(321)) - db462c09-4a41-41c4-b065-df9d46fc3c08@group-386A04BC3586: changes role from  FOLLOWER to CANDIDATE at term 0 for changeToCandidate
2022-11-24 06:38:42,561 [db462c09-4a41-41c4-b065-df9d46fc3c08@group-386A04BC3586-FollowerState] INFO  server.RaftServerConfigKeys (ConfUtils.java:logGet(46)) - raft.server.leaderelection.pre-vote = false (custom)
2022-11-24 06:38:42,561 [db462c09-4a41-41c4-b065-df9d46fc3c08@group-386A04BC3586-FollowerState] INFO  impl.RoleInfo (RoleInfo.java:updateAndGet(139)) - db462c09-4a41-41c4-b065-df9d46fc3c08: start db462c09-4a41-41c4-b065-df9d46fc3c08@group-386A04BC3586-LeaderElection9
2022-11-24 06:38:42,563 [db462c09-4a41-41c4-b065-df9d46fc3c08@group-F0F0B9D819AD-LeaderElection7] INFO  server.RaftServer$Division (ServerState.java:setRaftConf(430)) - db462c09-4a41-41c4-b065-df9d46fc3c08@group-F0F0B9D819AD: set configuration 0: peers:[db462c09-4a41-41c4-b065-df9d46fc3c08|rpc:10.1.1.33:45705|dataStream:|priority:1|startupRole:FOLLOWER]|listeners:[], old=null
2022-11-24 06:38:42,577 [6fd96d8c-4ef2-4ba8-87f7-371671a16fe6@group-386A04BC3586-LeaderElection8] INFO  impl.LeaderElection (LeaderElection.java:askForVotes(312)) - 6fd96d8c-4ef2-4ba8-87f7-371671a16fe6@group-386A04BC3586-LeaderElection8 ELECTION round 0: submit vote requests at term 1 for -1: peers:[6fd96d8c-4ef2-4ba8-87f7-371671a16fe6|rpc:10.1.1.33:38311|dataStream:|priority:0|startupRole:FOLLOWER, db462c09-4a41-41c4-b065-df9d46fc3c08|rpc:10.1.1.33:45705|dataStream:|priority:0|startupRole:FOLLOWER, 2412583d-f0ce-4b83-96a1-c4f14f6f25ae|rpc:10.1.1.33:34367|dataStream:|priority:1|startupRole:FOLLOWER]|listeners:[], old=null
2022-11-24 06:38:42,578 [db462c09-4a41-41c4-b065-df9d46fc3c08@group-386A04BC3586-LeaderElection9] INFO  impl.LeaderElection (LeaderElection.java:askForVotes(312)) - db462c09-4a41-41c4-b065-df9d46fc3c08@group-386A04BC3586-LeaderElection9 ELECTION round 0: submit vote requests at term 1 for -1: peers:[6fd96d8c-4ef2-4ba8-87f7-371671a16fe6|rpc:10.1.1.33:38311|priority:0|startupRole:FOLLOWER, db462c09-4a41-41c4-b065-df9d46fc3c08|rpc:10.1.1.33:45705|priority:0|startupRole:FOLLOWER, 2412583d-f0ce-4b83-96a1-c4f14f6f25ae|rpc:10.1.1.33:34367|priority:1|startupRole:FOLLOWER]|listeners:[], old=null
2022-11-24 06:38:42,580 [6fd96d8c-4ef2-4ba8-87f7-371671a16fe6@group-386A04BC3586-LeaderElection8] INFO  server.RaftServerConfigKeys (ConfUtils.java:logFallback(53)) - raft.server.rpc.first-election.timeout.min = 5s (fallback to raft.server.rpc.timeout.min)
2022-11-24 06:38:42,580 [6fd96d8c-4ef2-4ba8-87f7-371671a16fe6@group-386A04BC3586-LeaderElection8] INFO  server.RaftServerConfigKeys (ConfUtils.java:logFallback(53)) - raft.server.rpc.first-election.timeout.max = 5200ms (fallback to raft.server.rpc.timeout.max)
2022-11-24 06:38:42,581 [6fd96d8c-4ef2-4ba8-87f7-371671a16fe6@group-386A04BC3586-LeaderElection8-1] INFO  server.GrpcServerProtocolClient (GrpcServerProtocolClient.java:<init>(63)) - Build channel for db462c09-4a41-41c4-b065-df9d46fc3c08
2022-11-24 06:38:42,591 [db462c09-4a41-41c4-b065-df9d46fc3c08@group-386A04BC3586-LeaderElection9-1] INFO  server.GrpcServerProtocolClient (GrpcServerProtocolClient.java:<init>(63)) - Build channel for 6fd96d8c-4ef2-4ba8-87f7-371671a16fe6
2022-11-24 06:38:42,593 [6fd96d8c-4ef2-4ba8-87f7-371671a16fe6@group-386A04BC3586-LeaderElection8-2] INFO  server.GrpcServerProtocolClient (GrpcServerProtocolClient.java:<init>(63)) - Build channel for 2412583d-f0ce-4b83-96a1-c4f14f6f25ae
2022-11-24 06:38:42,603 [db462c09-4a41-41c4-b065-df9d46fc3c08@group-386A04BC3586-LeaderElection9] INFO  server.RaftServerConfigKeys (ConfUtils.java:logFallback(53)) - raft.server.rpc.first-election.timeout.min = 5s (fallback to raft.server.rpc.timeout.min)
2022-11-24 06:38:42,604 [db462c09-4a41-41c4-b065-df9d46fc3c08@group-386A04BC3586-LeaderElection9] INFO  server.RaftServerConfigKeys (ConfUtils.java:logFallback(53)) - raft.server.rpc.first-election.timeout.max = 5200ms (fallback to raft.server.rpc.timeout.max)
2022-11-24 06:38:42,604 [grpc-default-executor-1] INFO  server.RaftServer$Division (RaftServerImpl.java:requestVote(1218)) - db462c09-4a41-41c4-b065-df9d46fc3c08@group-386A04BC3586: receive requestVote(ELECTION, 6fd96d8c-4ef2-4ba8-87f7-371671a16fe6, group-386A04BC3586, 1, (t:0, i:0))
2022-11-24 06:38:42,604 [grpc-default-executor-1] INFO  impl.VoteContext (VoteContext.java:log(48)) - db462c09-4a41-41c4-b065-df9d46fc3c08@group-386A04BC3586-CANDIDATE: reject ELECTION from 6fd96d8c-4ef2-4ba8-87f7-371671a16fe6: already has voted for db462c09-4a41-41c4-b065-df9d46fc3c08 at current term 1
2022-11-24 06:38:42,604 [grpc-default-executor-1] INFO  server.RaftServer$Division (RaftServerImpl.java:requestVote(1251)) - db462c09-4a41-41c4-b065-df9d46fc3c08@group-386A04BC3586 replies to ELECTION vote request: 6fd96d8c-4ef2-4ba8-87f7-371671a16fe6<-db462c09-4a41-41c4-b065-df9d46fc3c08#0:FAIL-t1. Peer's state: db462c09-4a41-41c4-b065-df9d46fc3c08@group-386A04BC3586:t1, leader=null, voted=db462c09-4a41-41c4-b065-df9d46fc3c08, raftlog=Memoized:db462c09-4a41-41c4-b065-df9d46fc3c08@group-386A04BC3586-SegmentedRaftLog:OPENED:c-1, conf=-1: peers:[6fd96d8c-4ef2-4ba8-87f7-371671a16fe6|rpc:10.1.1.33:38311|priority:0|startupRole:FOLLOWER, db462c09-4a41-41c4-b065-df9d46fc3c08|rpc:10.1.1.33:45705|priority:0|startupRole:FOLLOWER, 2412583d-f0ce-4b83-96a1-c4f14f6f25ae|rpc:10.1.1.33:34367|priority:1|startupRole:FOLLOWER]|listeners:[], old=null
2022-11-24 06:38:42,612 [db462c09-4a41-41c4-b065-df9d46fc3c08@group-386A04BC3586-LeaderElection9-2] INFO  server.GrpcServerProtocolClient (GrpcServerProtocolClient.java:<init>(63)) - Build channel for 2412583d-f0ce-4b83-96a1-c4f14f6f25ae
2022-11-24 06:38:42,627 [grpc-default-executor-3] INFO  server.RaftServer$Division (RaftServerImpl.java:requestVote(1218)) - 2412583d-f0ce-4b83-96a1-c4f14f6f25ae@group-386A04BC3586: receive requestVote(ELECTION, 6fd96d8c-4ef2-4ba8-87f7-371671a16fe6, group-386A04BC3586, 1, (t:0, i:0))
2022-11-24 06:38:42,627 [grpc-default-executor-3] INFO  impl.VoteContext (VoteContext.java:log(48)) - 2412583d-f0ce-4b83-96a1-c4f14f6f25ae@group-386A04BC3586-FOLLOWER: reject ELECTION from 6fd96d8c-4ef2-4ba8-87f7-371671a16fe6: our priority 1 > candidate's priority 0
2022-11-24 06:38:42,627 [grpc-default-executor-3] INFO  server.RaftServer$Division (RaftServerImpl.java:setRole(321)) - 2412583d-f0ce-4b83-96a1-c4f14f6f25ae@group-386A04BC3586: changes role from  FOLLOWER to FOLLOWER at term 1 for candidate:6fd96d8c-4ef2-4ba8-87f7-371671a16fe6
2022-11-24 06:38:42,627 [grpc-default-executor-3] INFO  impl.RoleInfo (RoleInfo.java:shutdownFollowerState(110)) - 2412583d-f0ce-4b83-96a1-c4f14f6f25ae: shutdown 2412583d-f0ce-4b83-96a1-c4f14f6f25ae@group-386A04BC3586-FollowerState
2022-11-24 06:38:42,627 [grpc-default-executor-3] INFO  impl.RoleInfo (RoleInfo.java:updateAndGet(139)) - 2412583d-f0ce-4b83-96a1-c4f14f6f25ae: start 2412583d-f0ce-4b83-96a1-c4f14f6f25ae@group-386A04BC3586-FollowerState
2022-11-24 06:38:42,628 [2412583d-f0ce-4b83-96a1-c4f14f6f25ae@group-386A04BC3586-FollowerState] INFO  impl.FollowerState (FollowerState.java:run(152)) - 2412583d-f0ce-4b83-96a1-c4f14f6f25ae@group-386A04BC3586-FollowerState was interrupted
2022-11-24 06:38:42,639 [grpc-default-executor-1] INFO  server.RaftServer$Division (RaftServerImpl.java:requestVote(1218)) - 6fd96d8c-4ef2-4ba8-87f7-371671a16fe6@group-386A04BC3586: receive requestVote(ELECTION, db462c09-4a41-41c4-b065-df9d46fc3c08, group-386A04BC3586, 1, (t:0, i:0))
2022-11-24 06:38:42,639 [grpc-default-executor-1] INFO  impl.VoteContext (VoteContext.java:log(48)) - 6fd96d8c-4ef2-4ba8-87f7-371671a16fe6@group-386A04BC3586-CANDIDATE: reject ELECTION from db462c09-4a41-41c4-b065-df9d46fc3c08: already has voted for 6fd96d8c-4ef2-4ba8-87f7-371671a16fe6 at current term 1
2022-11-24 06:38:42,639 [grpc-default-executor-1] INFO  server.RaftServer$Division (RaftServerImpl.java:requestVote(1251)) - 6fd96d8c-4ef2-4ba8-87f7-371671a16fe6@group-386A04BC3586 replies to ELECTION vote request: db462c09-4a41-41c4-b065-df9d46fc3c08<-6fd96d8c-4ef2-4ba8-87f7-371671a16fe6#0:FAIL-t1. Peer's state: 6fd96d8c-4ef2-4ba8-87f7-371671a16fe6@group-386A04BC3586:t1, leader=null, voted=6fd96d8c-4ef2-4ba8-87f7-371671a16fe6, raftlog=Memoized:6fd96d8c-4ef2-4ba8-87f7-371671a16fe6@group-386A04BC3586-SegmentedRaftLog:OPENED:c-1, conf=-1: peers:[6fd96d8c-4ef2-4ba8-87f7-371671a16fe6|rpc:10.1.1.33:38311|dataStream:|priority:0|startupRole:FOLLOWER, db462c09-4a41-41c4-b065-df9d46fc3c08|rpc:10.1.1.33:45705|dataStream:|priority:0|startupRole:FOLLOWER, 2412583d-f0ce-4b83-96a1-c4f14f6f25ae|rpc:10.1.1.33:34367|dataStream:|priority:1|startupRole:FOLLOWER]|listeners:[], old=null
2022-11-24 06:38:42,639 [grpc-default-executor-2] INFO  server.RaftServer$Division (RaftServerImpl.java:requestVote(1218)) - 2412583d-f0ce-4b83-96a1-c4f14f6f25ae@group-386A04BC3586: receive requestVote(ELECTION, db462c09-4a41-41c4-b065-df9d46fc3c08, group-386A04BC3586, 1, (t:0, i:0))
2022-11-24 06:38:42,639 [grpc-default-executor-3] INFO  server.RaftServer$Division (RaftServerImpl.java:requestVote(1251)) - 2412583d-f0ce-4b83-96a1-c4f14f6f25ae@group-386A04BC3586 replies to ELECTION vote request: 6fd96d8c-4ef2-4ba8-87f7-371671a16fe6<-2412583d-f0ce-4b83-96a1-c4f14f6f25ae#0:FAIL-t1. Peer's state: 2412583d-f0ce-4b83-96a1-c4f14f6f25ae@group-386A04BC3586:t1, leader=null, voted=null, raftlog=Memoized:2412583d-f0ce-4b83-96a1-c4f14f6f25ae@group-386A04BC3586-SegmentedRaftLog:OPENED:c-1, conf=-1: peers:[6fd96d8c-4ef2-4ba8-87f7-371671a16fe6|rpc:10.1.1.33:38311|dataStream:|priority:0|startupRole:FOLLOWER, db462c09-4a41-41c4-b065-df9d46fc3c08|rpc:10.1.1.33:45705|dataStream:|priority:0|startupRole:FOLLOWER, 2412583d-f0ce-4b83-96a1-c4f14f6f25ae|rpc:10.1.1.33:34367|dataStream:|priority:1|startupRole:FOLLOWER]|listeners:[], old=null
2022-11-24 06:38:42,642 [2412583d-f0ce-4b83-96a1-c4f14f6f25ae@group-386A04BC3586-FollowerState] INFO  server.RaftServerConfigKeys (ConfUtils.java:logFallback(53)) - raft.server.rpc.first-election.timeout.min = 5s (fallback to raft.server.rpc.timeout.min)
2022-11-24 06:38:42,642 [2412583d-f0ce-4b83-96a1-c4f14f6f25ae@group-386A04BC3586-FollowerState] INFO  server.RaftServerConfigKeys (ConfUtils.java:logFallback(53)) - raft.server.rpc.first-election.timeout.max = 5200ms (fallback to raft.server.rpc.timeout.max)
2022-11-24 06:38:42,643 [grpc-default-executor-2] INFO  impl.VoteContext (VoteContext.java:log(48)) - 2412583d-f0ce-4b83-96a1-c4f14f6f25ae@group-386A04BC3586-FOLLOWER: reject ELECTION from db462c09-4a41-41c4-b065-df9d46fc3c08: our priority 1 > candidate's priority 0
2022-11-24 06:38:42,643 [grpc-default-executor-2] INFO  server.RaftServer$Division (RaftServerImpl.java:setRole(321)) - 2412583d-f0ce-4b83-96a1-c4f14f6f25ae@group-386A04BC3586: changes role from  FOLLOWER to FOLLOWER at term 1 for candidate:db462c09-4a41-41c4-b065-df9d46fc3c08
2022-11-24 06:38:42,643 [grpc-default-executor-2] INFO  impl.RoleInfo (RoleInfo.java:shutdownFollowerState(110)) - 2412583d-f0ce-4b83-96a1-c4f14f6f25ae: shutdown 2412583d-f0ce-4b83-96a1-c4f14f6f25ae@group-386A04BC3586-FollowerState
2022-11-24 06:38:42,643 [grpc-default-executor-2] INFO  impl.RoleInfo (RoleInfo.java:updateAndGet(139)) - 2412583d-f0ce-4b83-96a1-c4f14f6f25ae: start 2412583d-f0ce-4b83-96a1-c4f14f6f25ae@group-386A04BC3586-FollowerState
2022-11-24 06:38:42,644 [2412583d-f0ce-4b83-96a1-c4f14f6f25ae@group-386A04BC3586-FollowerState] INFO  impl.FollowerState (FollowerState.java:run(152)) - 2412583d-f0ce-4b83-96a1-c4f14f6f25ae@group-386A04BC3586-FollowerState was interrupted
2022-11-24 06:38:42,646 [Listener at 127.0.0.1/43781] INFO  rpc.RpcClient (RpcClient.java:createVolume(472)) - Creating Volume: 5308ca91-0897-4c47-8273-1ee7e13c807f, with runner as owner and space quota set to -1 bytes, counts quota set to -1
2022-11-24 06:38:42,650 [grpc-default-executor-2] INFO  server.RaftServer$Division (RaftServerImpl.java:requestVote(1251)) - 2412583d-f0ce-4b83-96a1-c4f14f6f25ae@group-386A04BC3586 replies to ELECTION vote request: db462c09-4a41-41c4-b065-df9d46fc3c08<-2412583d-f0ce-4b83-96a1-c4f14f6f25ae#0:FAIL-t1. Peer's state: 2412583d-f0ce-4b83-96a1-c4f14f6f25ae@group-386A04BC3586:t1, leader=null, voted=null, raftlog=Memoized:2412583d-f0ce-4b83-96a1-c4f14f6f25ae@group-386A04BC3586-SegmentedRaftLog:OPENED:c-1, conf=-1: peers:[6fd96d8c-4ef2-4ba8-87f7-371671a16fe6|rpc:10.1.1.33:38311|dataStream:|priority:0|startupRole:FOLLOWER, db462c09-4a41-41c4-b065-df9d46fc3c08|rpc:10.1.1.33:45705|dataStream:|priority:0|startupRole:FOLLOWER, 2412583d-f0ce-4b83-96a1-c4f14f6f25ae|rpc:10.1.1.33:34367|dataStream:|priority:1|startupRole:FOLLOWER]|listeners:[], old=null
2022-11-24 06:38:42,651 [6fd96d8c-4ef2-4ba8-87f7-371671a16fe6@group-386A04BC3586-LeaderElection8] INFO  impl.LeaderElection (LeaderElection.java:logAndReturn(90)) - 6fd96d8c-4ef2-4ba8-87f7-371671a16fe6@group-386A04BC3586-LeaderElection8: ELECTION REJECTED received 2 response(s) and 0 exception(s):
2022-11-24 06:38:42,651 [6fd96d8c-4ef2-4ba8-87f7-371671a16fe6@group-386A04BC3586-LeaderElection8] INFO  impl.LeaderElection (LeaderElection.java:logAndReturn(94)) -   Response 0: 6fd96d8c-4ef2-4ba8-87f7-371671a16fe6<-db462c09-4a41-41c4-b065-df9d46fc3c08#0:FAIL-t1
2022-11-24 06:38:42,651 [6fd96d8c-4ef2-4ba8-87f7-371671a16fe6@group-386A04BC3586-LeaderElection8] INFO  impl.LeaderElection (LeaderElection.java:logAndReturn(94)) -   Response 1: 6fd96d8c-4ef2-4ba8-87f7-371671a16fe6<-2412583d-f0ce-4b83-96a1-c4f14f6f25ae#0:FAIL-t1
2022-11-24 06:38:42,651 [6fd96d8c-4ef2-4ba8-87f7-371671a16fe6@group-386A04BC3586-LeaderElection8] INFO  impl.LeaderElection (LeaderElection.java:askForVotes(314)) - 6fd96d8c-4ef2-4ba8-87f7-371671a16fe6@group-386A04BC3586-LeaderElection8 ELECTION round 0: result REJECTED
2022-11-24 06:38:42,653 [2412583d-f0ce-4b83-96a1-c4f14f6f25ae@group-386A04BC3586-FollowerState] INFO  server.RaftServerConfigKeys (ConfUtils.java:logFallback(53)) - raft.server.rpc.first-election.timeout.min = 5s (fallback to raft.server.rpc.timeout.min)
2022-11-24 06:38:42,657 [db462c09-4a41-41c4-b065-df9d46fc3c08@group-386A04BC3586-LeaderElection9] INFO  impl.LeaderElection (LeaderElection.java:logAndReturn(90)) - db462c09-4a41-41c4-b065-df9d46fc3c08@group-386A04BC3586-LeaderElection9: ELECTION REJECTED received 2 response(s) and 0 exception(s):
2022-11-24 06:38:42,661 [2412583d-f0ce-4b83-96a1-c4f14f6f25ae@group-386A04BC3586-FollowerState] INFO  server.RaftServerConfigKeys (ConfUtils.java:logFallback(53)) - raft.server.rpc.first-election.timeout.max = 5200ms (fallback to raft.server.rpc.timeout.max)
2022-11-24 06:38:42,653 [6fd96d8c-4ef2-4ba8-87f7-371671a16fe6@group-386A04BC3586-LeaderElection8] INFO  server.RaftServer$Division (RaftServerImpl.java:setRole(321)) - 6fd96d8c-4ef2-4ba8-87f7-371671a16fe6@group-386A04BC3586: changes role from CANDIDATE to FOLLOWER at term 1 for REJECTED
2022-11-24 06:38:42,661 [6fd96d8c-4ef2-4ba8-87f7-371671a16fe6@group-386A04BC3586-LeaderElection8] INFO  impl.RoleInfo (RoleInfo.java:shutdownLeaderElection(130)) - 6fd96d8c-4ef2-4ba8-87f7-371671a16fe6: shutdown 6fd96d8c-4ef2-4ba8-87f7-371671a16fe6@group-386A04BC3586-LeaderElection8
2022-11-24 06:38:42,661 [6fd96d8c-4ef2-4ba8-87f7-371671a16fe6@group-386A04BC3586-LeaderElection8] INFO  impl.RoleInfo (RoleInfo.java:updateAndGet(139)) - 6fd96d8c-4ef2-4ba8-87f7-371671a16fe6: start 6fd96d8c-4ef2-4ba8-87f7-371671a16fe6@group-386A04BC3586-FollowerState
2022-11-24 06:38:42,661 [db462c09-4a41-41c4-b065-df9d46fc3c08@group-386A04BC3586-LeaderElection9] INFO  impl.LeaderElection (LeaderElection.java:logAndReturn(94)) -   Response 0: db462c09-4a41-41c4-b065-df9d46fc3c08<-6fd96d8c-4ef2-4ba8-87f7-371671a16fe6#0:FAIL-t1
2022-11-24 06:38:42,662 [db462c09-4a41-41c4-b065-df9d46fc3c08@group-386A04BC3586-LeaderElection9] INFO  impl.LeaderElection (LeaderElection.java:logAndReturn(94)) -   Response 1: db462c09-4a41-41c4-b065-df9d46fc3c08<-2412583d-f0ce-4b83-96a1-c4f14f6f25ae#0:FAIL-t1
2022-11-24 06:38:42,674 [6fd96d8c-4ef2-4ba8-87f7-371671a16fe6@group-386A04BC3586-FollowerState] INFO  server.RaftServerConfigKeys (ConfUtils.java:logFallback(53)) - raft.server.rpc.first-election.timeout.min = 5s (fallback to raft.server.rpc.timeout.min)
2022-11-24 06:38:42,677 [6fd96d8c-4ef2-4ba8-87f7-371671a16fe6@group-386A04BC3586-FollowerState] INFO  server.RaftServerConfigKeys (ConfUtils.java:logFallback(53)) - raft.server.rpc.first-election.timeout.max = 5200ms (fallback to raft.server.rpc.timeout.max)
2022-11-24 06:38:42,676 [db462c09-4a41-41c4-b065-df9d46fc3c08@group-386A04BC3586-LeaderElection9] INFO  impl.LeaderElection (LeaderElection.java:askForVotes(314)) - db462c09-4a41-41c4-b065-df9d46fc3c08@group-386A04BC3586-LeaderElection9 ELECTION round 0: result REJECTED
2022-11-24 06:38:42,682 [db462c09-4a41-41c4-b065-df9d46fc3c08@group-386A04BC3586-LeaderElection9] INFO  server.RaftServer$Division (RaftServerImpl.java:setRole(321)) - db462c09-4a41-41c4-b065-df9d46fc3c08@group-386A04BC3586: changes role from CANDIDATE to FOLLOWER at term 1 for REJECTED
2022-11-24 06:38:42,682 [db462c09-4a41-41c4-b065-df9d46fc3c08@group-386A04BC3586-LeaderElection9] INFO  impl.RoleInfo (RoleInfo.java:shutdownLeaderElection(130)) - db462c09-4a41-41c4-b065-df9d46fc3c08: shutdown db462c09-4a41-41c4-b065-df9d46fc3c08@group-386A04BC3586-LeaderElection9
2022-11-24 06:38:42,682 [db462c09-4a41-41c4-b065-df9d46fc3c08@group-386A04BC3586-LeaderElection9] INFO  impl.RoleInfo (RoleInfo.java:updateAndGet(139)) - db462c09-4a41-41c4-b065-df9d46fc3c08: start db462c09-4a41-41c4-b065-df9d46fc3c08@group-386A04BC3586-FollowerState
2022-11-24 06:38:42,690 [db462c09-4a41-41c4-b065-df9d46fc3c08@group-386A04BC3586-FollowerState] INFO  server.RaftServerConfigKeys (ConfUtils.java:logFallback(53)) - raft.server.rpc.first-election.timeout.min = 5s (fallback to raft.server.rpc.timeout.min)
2022-11-24 06:38:42,691 [db462c09-4a41-41c4-b065-df9d46fc3c08@group-386A04BC3586-FollowerState] INFO  server.RaftServerConfigKeys (ConfUtils.java:logFallback(53)) - raft.server.rpc.first-election.timeout.max = 5200ms (fallback to raft.server.rpc.timeout.max)
2022-11-24 06:38:42,729 [2412583d-f0ce-4b83-96a1-c4f14f6f25ae@group-845F74418684-FollowerState] INFO  impl.FollowerState (FollowerState.java:run(143)) - 2412583d-f0ce-4b83-96a1-c4f14f6f25ae@group-845F74418684-FollowerState: change to CANDIDATE, lastRpcElapsedTime:5046594508ns, electionTimeout:5041ms
2022-11-24 06:38:42,729 [2412583d-f0ce-4b83-96a1-c4f14f6f25ae@group-845F74418684-FollowerState] INFO  impl.RoleInfo (RoleInfo.java:shutdownFollowerState(110)) - 2412583d-f0ce-4b83-96a1-c4f14f6f25ae: shutdown 2412583d-f0ce-4b83-96a1-c4f14f6f25ae@group-845F74418684-FollowerState
2022-11-24 06:38:42,729 [2412583d-f0ce-4b83-96a1-c4f14f6f25ae@group-845F74418684-FollowerState] INFO  server.RaftServer$Division (RaftServerImpl.java:setRole(321)) - 2412583d-f0ce-4b83-96a1-c4f14f6f25ae@group-845F74418684: changes role from  FOLLOWER to CANDIDATE at term 0 for changeToCandidate
2022-11-24 06:38:42,729 [2412583d-f0ce-4b83-96a1-c4f14f6f25ae@group-845F74418684-FollowerState] INFO  server.RaftServerConfigKeys (ConfUtils.java:logGet(46)) - raft.server.leaderelection.pre-vote = false (custom)
2022-11-24 06:38:42,729 [2412583d-f0ce-4b83-96a1-c4f14f6f25ae@group-845F74418684-FollowerState] INFO  impl.RoleInfo (RoleInfo.java:updateAndGet(139)) - 2412583d-f0ce-4b83-96a1-c4f14f6f25ae: start 2412583d-f0ce-4b83-96a1-c4f14f6f25ae@group-845F74418684-LeaderElection10
2022-11-24 06:38:42,735 [OM StateMachine ApplyTransaction Thread - 0] INFO  volume.OMVolumeCreateRequest (OMVolumeCreateRequest.java:validateAndUpdateCache(195)) - created volume:5308ca91-0897-4c47-8273-1ee7e13c807f for user:runner
2022-11-24 06:38:42,748 [2412583d-f0ce-4b83-96a1-c4f14f6f25ae@group-845F74418684-LeaderElection10] INFO  impl.LeaderElection (LeaderElection.java:askForVotes(312)) - 2412583d-f0ce-4b83-96a1-c4f14f6f25ae@group-845F74418684-LeaderElection10 ELECTION round 0: submit vote requests at term 1 for -1: peers:[6fd96d8c-4ef2-4ba8-87f7-371671a16fe6|rpc:10.1.1.33:38311|dataStream:|priority:0|startupRole:FOLLOWER, db462c09-4a41-41c4-b065-df9d46fc3c08|rpc:10.1.1.33:45705|dataStream:|priority:1|startupRole:FOLLOWER, 2412583d-f0ce-4b83-96a1-c4f14f6f25ae|rpc:10.1.1.33:34367|dataStream:|priority:0|startupRole:FOLLOWER]|listeners:[], old=null
2022-11-24 06:38:42,759 [2412583d-f0ce-4b83-96a1-c4f14f6f25ae@group-845F74418684-LeaderElection10-1] INFO  server.GrpcServerProtocolClient (GrpcServerProtocolClient.java:<init>(63)) - Build channel for 6fd96d8c-4ef2-4ba8-87f7-371671a16fe6
2022-11-24 06:38:42,766 [2412583d-f0ce-4b83-96a1-c4f14f6f25ae@group-845F74418684-LeaderElection10] INFO  server.RaftServerConfigKeys (ConfUtils.java:logFallback(53)) - raft.server.rpc.first-election.timeout.min = 5s (fallback to raft.server.rpc.timeout.min)
2022-11-24 06:38:42,767 [2412583d-f0ce-4b83-96a1-c4f14f6f25ae@group-845F74418684-LeaderElection10] INFO  server.RaftServerConfigKeys (ConfUtils.java:logFallback(53)) - raft.server.rpc.first-election.timeout.max = 5200ms (fallback to raft.server.rpc.timeout.max)
2022-11-24 06:38:42,767 [2412583d-f0ce-4b83-96a1-c4f14f6f25ae@group-845F74418684-LeaderElection10-2] INFO  server.GrpcServerProtocolClient (GrpcServerProtocolClient.java:<init>(63)) - Build channel for db462c09-4a41-41c4-b065-df9d46fc3c08
2022-11-24 06:38:42,789 [6fd96d8c-4ef2-4ba8-87f7-371671a16fe6@group-845F74418684-FollowerState] INFO  impl.FollowerState (FollowerState.java:run(143)) - 6fd96d8c-4ef2-4ba8-87f7-371671a16fe6@group-845F74418684-FollowerState: change to CANDIDATE, lastRpcElapsedTime:5065657704ns, electionTimeout:5062ms
2022-11-24 06:38:42,789 [6fd96d8c-4ef2-4ba8-87f7-371671a16fe6@group-845F74418684-FollowerState] INFO  impl.RoleInfo (RoleInfo.java:shutdownFollowerState(110)) - 6fd96d8c-4ef2-4ba8-87f7-371671a16fe6: shutdown 6fd96d8c-4ef2-4ba8-87f7-371671a16fe6@group-845F74418684-FollowerState
2022-11-24 06:38:42,789 [6fd96d8c-4ef2-4ba8-87f7-371671a16fe6@group-845F74418684-FollowerState] INFO  server.RaftServer$Division (RaftServerImpl.java:setRole(321)) - 6fd96d8c-4ef2-4ba8-87f7-371671a16fe6@group-845F74418684: changes role from  FOLLOWER to CANDIDATE at term 0 for changeToCandidate
2022-11-24 06:38:42,790 [6fd96d8c-4ef2-4ba8-87f7-371671a16fe6@group-845F74418684-FollowerState] INFO  server.RaftServerConfigKeys (ConfUtils.java:logGet(46)) - raft.server.leaderelection.pre-vote = false (custom)
2022-11-24 06:38:42,790 [6fd96d8c-4ef2-4ba8-87f7-371671a16fe6@group-845F74418684-FollowerState] INFO  impl.RoleInfo (RoleInfo.java:updateAndGet(139)) - 6fd96d8c-4ef2-4ba8-87f7-371671a16fe6: start 6fd96d8c-4ef2-4ba8-87f7-371671a16fe6@group-845F74418684-LeaderElection11
2022-11-24 06:38:42,791 [ReplicationMonitor] INFO  replication.ReplicationManager (ReplicationManager.java:processAll(320)) - Replication Manager is not ready to run until 3000ms after safemode exit
2022-11-24 06:38:42,795 [grpc-default-executor-2] INFO  server.RaftServer$Division (RaftServerImpl.java:requestVote(1218)) - 6fd96d8c-4ef2-4ba8-87f7-371671a16fe6@group-845F74418684: receive requestVote(ELECTION, 2412583d-f0ce-4b83-96a1-c4f14f6f25ae, group-845F74418684, 1, (t:0, i:0))
2022-11-24 06:38:42,804 [db462c09-4a41-41c4-b065-df9d46fc3c08@group-845F74418684-FollowerState] INFO  impl.FollowerState (FollowerState.java:run(143)) - db462c09-4a41-41c4-b065-df9d46fc3c08@group-845F74418684-FollowerState: change to CANDIDATE, lastRpcElapsedTime:5156644805ns, electionTimeout:5143ms
2022-11-24 06:38:42,804 [db462c09-4a41-41c4-b065-df9d46fc3c08@group-845F74418684-FollowerState] INFO  impl.RoleInfo (RoleInfo.java:shutdownFollowerState(110)) - db462c09-4a41-41c4-b065-df9d46fc3c08: shutdown db462c09-4a41-41c4-b065-df9d46fc3c08@group-845F74418684-FollowerState
2022-11-24 06:38:42,804 [db462c09-4a41-41c4-b065-df9d46fc3c08@group-845F74418684-FollowerState] INFO  server.RaftServer$Division (RaftServerImpl.java:setRole(321)) - db462c09-4a41-41c4-b065-df9d46fc3c08@group-845F74418684: changes role from  FOLLOWER to CANDIDATE at term 0 for changeToCandidate
2022-11-24 06:38:42,805 [db462c09-4a41-41c4-b065-df9d46fc3c08@group-845F74418684-FollowerState] INFO  server.RaftServerConfigKeys (ConfUtils.java:logGet(46)) - raft.server.leaderelection.pre-vote = false (custom)
2022-11-24 06:38:42,805 [db462c09-4a41-41c4-b065-df9d46fc3c08@group-845F74418684-FollowerState] INFO  impl.RoleInfo (RoleInfo.java:updateAndGet(139)) - db462c09-4a41-41c4-b065-df9d46fc3c08: start db462c09-4a41-41c4-b065-df9d46fc3c08@group-845F74418684-LeaderElection12
2022-11-24 06:38:42,809 [grpc-default-executor-2] INFO  impl.VoteContext (VoteContext.java:log(48)) - 6fd96d8c-4ef2-4ba8-87f7-371671a16fe6@group-845F74418684-CANDIDATE: accept ELECTION from 2412583d-f0ce-4b83-96a1-c4f14f6f25ae: our priority 0 <= candidate's priority 0
2022-11-24 06:38:42,809 [grpc-default-executor-2] INFO  server.RaftServer$Division (RaftServerImpl.java:setRole(321)) - 6fd96d8c-4ef2-4ba8-87f7-371671a16fe6@group-845F74418684: changes role from CANDIDATE to FOLLOWER at term 1 for candidate:2412583d-f0ce-4b83-96a1-c4f14f6f25ae
2022-11-24 06:38:42,809 [grpc-default-executor-2] INFO  impl.RoleInfo (RoleInfo.java:shutdownLeaderElection(130)) - 6fd96d8c-4ef2-4ba8-87f7-371671a16fe6: shutdown 6fd96d8c-4ef2-4ba8-87f7-371671a16fe6@group-845F74418684-LeaderElection11
2022-11-24 06:38:42,809 [grpc-default-executor-2] INFO  impl.RoleInfo (RoleInfo.java:updateAndGet(139)) - 6fd96d8c-4ef2-4ba8-87f7-371671a16fe6: start 6fd96d8c-4ef2-4ba8-87f7-371671a16fe6@group-845F74418684-FollowerState
2022-11-24 06:38:42,809 [grpc-default-executor-3] INFO  server.RaftServer$Division (RaftServerImpl.java:requestVote(1218)) - db462c09-4a41-41c4-b065-df9d46fc3c08@group-845F74418684: receive requestVote(ELECTION, 2412583d-f0ce-4b83-96a1-c4f14f6f25ae, group-845F74418684, 1, (t:0, i:0))
2022-11-24 06:38:42,811 [6fd96d8c-4ef2-4ba8-87f7-371671a16fe6@group-845F74418684-FollowerState] INFO  server.RaftServerConfigKeys (ConfUtils.java:logFallback(53)) - raft.server.rpc.first-election.timeout.min = 5s (fallback to raft.server.rpc.timeout.min)
2022-11-24 06:38:42,811 [6fd96d8c-4ef2-4ba8-87f7-371671a16fe6@group-845F74418684-FollowerState] INFO  server.RaftServerConfigKeys (ConfUtils.java:logFallback(53)) - raft.server.rpc.first-election.timeout.max = 5200ms (fallback to raft.server.rpc.timeout.max)
2022-11-24 06:38:42,816 [grpc-default-executor-3] INFO  impl.VoteContext (VoteContext.java:log(48)) - db462c09-4a41-41c4-b065-df9d46fc3c08@group-845F74418684-CANDIDATE: reject ELECTION from 2412583d-f0ce-4b83-96a1-c4f14f6f25ae: our priority 1 > candidate's priority 0
2022-11-24 06:38:42,816 [grpc-default-executor-3] INFO  server.RaftServer$Division (RaftServerImpl.java:setRole(321)) - db462c09-4a41-41c4-b065-df9d46fc3c08@group-845F74418684: changes role from CANDIDATE to FOLLOWER at term 1 for candidate:2412583d-f0ce-4b83-96a1-c4f14f6f25ae
2022-11-24 06:38:42,816 [grpc-default-executor-3] INFO  impl.RoleInfo (RoleInfo.java:shutdownLeaderElection(130)) - db462c09-4a41-41c4-b065-df9d46fc3c08: shutdown db462c09-4a41-41c4-b065-df9d46fc3c08@group-845F74418684-LeaderElection12
2022-11-24 06:38:42,816 [grpc-default-executor-3] INFO  impl.RoleInfo (RoleInfo.java:updateAndGet(139)) - db462c09-4a41-41c4-b065-df9d46fc3c08: start db462c09-4a41-41c4-b065-df9d46fc3c08@group-845F74418684-FollowerState
2022-11-24 06:38:42,817 [grpc-default-executor-2] INFO  server.RaftServer$Division (RaftServerImpl.java:requestVote(1251)) - 6fd96d8c-4ef2-4ba8-87f7-371671a16fe6@group-845F74418684 replies to ELECTION vote request: 2412583d-f0ce-4b83-96a1-c4f14f6f25ae<-6fd96d8c-4ef2-4ba8-87f7-371671a16fe6#0:OK-t1. Peer's state: 6fd96d8c-4ef2-4ba8-87f7-371671a16fe6@group-845F74418684:t1, leader=null, voted=2412583d-f0ce-4b83-96a1-c4f14f6f25ae, raftlog=Memoized:6fd96d8c-4ef2-4ba8-87f7-371671a16fe6@group-845F74418684-SegmentedRaftLog:OPENED:c-1, conf=-1: peers:[6fd96d8c-4ef2-4ba8-87f7-371671a16fe6|rpc:10.1.1.33:38311|dataStream:|priority:0|startupRole:FOLLOWER, db462c09-4a41-41c4-b065-df9d46fc3c08|rpc:10.1.1.33:45705|dataStream:|priority:1|startupRole:FOLLOWER, 2412583d-f0ce-4b83-96a1-c4f14f6f25ae|rpc:10.1.1.33:34367|dataStream:|priority:0|startupRole:FOLLOWER]|listeners:[], old=null
2022-11-24 06:38:42,823 [grpc-default-executor-3] INFO  server.RaftServer$Division (RaftServerImpl.java:requestVote(1251)) - db462c09-4a41-41c4-b065-df9d46fc3c08@group-845F74418684 replies to ELECTION vote request: 2412583d-f0ce-4b83-96a1-c4f14f6f25ae<-db462c09-4a41-41c4-b065-df9d46fc3c08#0:FAIL-t1. Peer's state: db462c09-4a41-41c4-b065-df9d46fc3c08@group-845F74418684:t1, leader=null, voted=null, raftlog=Memoized:db462c09-4a41-41c4-b065-df9d46fc3c08@group-845F74418684-SegmentedRaftLog:OPENED:c-1, conf=-1: peers:[6fd96d8c-4ef2-4ba8-87f7-371671a16fe6|rpc:10.1.1.33:38311|priority:0|startupRole:FOLLOWER, db462c09-4a41-41c4-b065-df9d46fc3c08|rpc:10.1.1.33:45705|priority:1|startupRole:FOLLOWER, 2412583d-f0ce-4b83-96a1-c4f14f6f25ae|rpc:10.1.1.33:34367|priority:0|startupRole:FOLLOWER]|listeners:[], old=null
2022-11-24 06:38:42,825 [2412583d-f0ce-4b83-96a1-c4f14f6f25ae@group-845F74418684-LeaderElection10] INFO  impl.LeaderElection (LeaderElection.java:logAndReturn(90)) - 2412583d-f0ce-4b83-96a1-c4f14f6f25ae@group-845F74418684-LeaderElection10: ELECTION REJECTED received 2 response(s) and 0 exception(s):
2022-11-24 06:38:42,825 [2412583d-f0ce-4b83-96a1-c4f14f6f25ae@group-845F74418684-LeaderElection10] INFO  impl.LeaderElection (LeaderElection.java:logAndReturn(94)) -   Response 0: 2412583d-f0ce-4b83-96a1-c4f14f6f25ae<-6fd96d8c-4ef2-4ba8-87f7-371671a16fe6#0:OK-t1
2022-11-24 06:38:42,825 [2412583d-f0ce-4b83-96a1-c4f14f6f25ae@group-845F74418684-LeaderElection10] INFO  impl.LeaderElection (LeaderElection.java:logAndReturn(94)) -   Response 1: 2412583d-f0ce-4b83-96a1-c4f14f6f25ae<-db462c09-4a41-41c4-b065-df9d46fc3c08#0:FAIL-t1
2022-11-24 06:38:42,825 [2412583d-f0ce-4b83-96a1-c4f14f6f25ae@group-845F74418684-LeaderElection10] INFO  impl.LeaderElection (LeaderElection.java:askForVotes(314)) - 2412583d-f0ce-4b83-96a1-c4f14f6f25ae@group-845F74418684-LeaderElection10 ELECTION round 0: result REJECTED
2022-11-24 06:38:42,826 [2412583d-f0ce-4b83-96a1-c4f14f6f25ae@group-845F74418684-LeaderElection10] INFO  server.RaftServer$Division (RaftServerImpl.java:setRole(321)) - 2412583d-f0ce-4b83-96a1-c4f14f6f25ae@group-845F74418684: changes role from CANDIDATE to FOLLOWER at term 1 for REJECTED
2022-11-24 06:38:42,826 [2412583d-f0ce-4b83-96a1-c4f14f6f25ae@group-845F74418684-LeaderElection10] INFO  impl.RoleInfo (RoleInfo.java:shutdownLeaderElection(130)) - 2412583d-f0ce-4b83-96a1-c4f14f6f25ae: shutdown 2412583d-f0ce-4b83-96a1-c4f14f6f25ae@group-845F74418684-LeaderElection10
2022-11-24 06:38:42,826 [2412583d-f0ce-4b83-96a1-c4f14f6f25ae@group-845F74418684-LeaderElection10] INFO  impl.RoleInfo (RoleInfo.java:updateAndGet(139)) - 2412583d-f0ce-4b83-96a1-c4f14f6f25ae: start 2412583d-f0ce-4b83-96a1-c4f14f6f25ae@group-845F74418684-FollowerState
2022-11-24 06:38:42,826 [Listener at 127.0.0.1/43781] INFO  rpc.RpcClient (RpcClient.java:createBucket(691)) - Creating Bucket: 5308ca91-0897-4c47-8273-1ee7e13c807f/5308ca91-0897-4c47-8273-1ee7e13c807f, with server-side default bucket layout, runner as owner, Versioning false, Storage Type set to DISK and Encryption set to false 
2022-11-24 06:38:42,829 [db462c09-4a41-41c4-b065-df9d46fc3c08@group-845F74418684-FollowerState] INFO  server.RaftServerConfigKeys (ConfUtils.java:logFallback(53)) - raft.server.rpc.first-election.timeout.min = 5s (fallback to raft.server.rpc.timeout.min)
2022-11-24 06:38:42,829 [db462c09-4a41-41c4-b065-df9d46fc3c08@group-845F74418684-FollowerState] INFO  server.RaftServerConfigKeys (ConfUtils.java:logFallback(53)) - raft.server.rpc.first-election.timeout.max = 5200ms (fallback to raft.server.rpc.timeout.max)
2022-11-24 06:38:42,838 [2412583d-f0ce-4b83-96a1-c4f14f6f25ae@group-845F74418684-FollowerState] INFO  server.RaftServerConfigKeys (ConfUtils.java:logFallback(53)) - raft.server.rpc.first-election.timeout.min = 5s (fallback to raft.server.rpc.timeout.min)
2022-11-24 06:38:42,839 [2412583d-f0ce-4b83-96a1-c4f14f6f25ae@group-845F74418684-FollowerState] INFO  server.RaftServerConfigKeys (ConfUtils.java:logFallback(53)) - raft.server.rpc.first-election.timeout.max = 5200ms (fallback to raft.server.rpc.timeout.max)
2022-11-24 06:38:42,858 [OM StateMachine ApplyTransaction Thread - 0] INFO  bucket.OMBucketCreateRequest (OMBucketCreateRequest.java:validateAndUpdateCache(260)) - created bucket: 5308ca91-0897-4c47-8273-1ee7e13c807f of layout LEGACY in volume: 5308ca91-0897-4c47-8273-1ee7e13c807f
2022-11-24 06:38:42,882 [Listener at 127.0.0.1/43781] INFO  rpc.RpcClient (RpcClient.java:createBucket(691)) - Creating Bucket: 5308ca91-0897-4c47-8273-1ee7e13c807f/b7e1cfd0-13c0-49fa-a489-317e20e9af00, with server-side default bucket layout, runner as owner, Versioning false, Storage Type set to DISK and Encryption set to false 
2022-11-24 06:38:42,894 [OM StateMachine ApplyTransaction Thread - 0] INFO  bucket.OMBucketCreateRequest (OMBucketCreateRequest.java:validateAndUpdateCache(260)) - created bucket: b7e1cfd0-13c0-49fa-a489-317e20e9af00 of layout LEGACY in volume: 5308ca91-0897-4c47-8273-1ee7e13c807f
2022-11-24 06:38:42,922 [2412583d-f0ce-4b83-96a1-c4f14f6f25ae@group-B83BCE7B16AB-FollowerState] INFO  impl.FollowerState (FollowerState.java:run(143)) - 2412583d-f0ce-4b83-96a1-c4f14f6f25ae@group-B83BCE7B16AB-FollowerState: change to CANDIDATE, lastRpcElapsedTime:5104403601ns, electionTimeout:5102ms
2022-11-24 06:38:42,922 [2412583d-f0ce-4b83-96a1-c4f14f6f25ae@group-B83BCE7B16AB-FollowerState] INFO  impl.RoleInfo (RoleInfo.java:shutdownFollowerState(110)) - 2412583d-f0ce-4b83-96a1-c4f14f6f25ae: shutdown 2412583d-f0ce-4b83-96a1-c4f14f6f25ae@group-B83BCE7B16AB-FollowerState
2022-11-24 06:38:42,922 [2412583d-f0ce-4b83-96a1-c4f14f6f25ae@group-B83BCE7B16AB-FollowerState] INFO  server.RaftServer$Division (RaftServerImpl.java:setRole(321)) - 2412583d-f0ce-4b83-96a1-c4f14f6f25ae@group-B83BCE7B16AB: changes role from  FOLLOWER to CANDIDATE at term 0 for changeToCandidate
2022-11-24 06:38:42,922 [2412583d-f0ce-4b83-96a1-c4f14f6f25ae@group-B83BCE7B16AB-FollowerState] INFO  server.RaftServerConfigKeys (ConfUtils.java:logGet(46)) - raft.server.leaderelection.pre-vote = false (custom)
2022-11-24 06:38:42,922 [2412583d-f0ce-4b83-96a1-c4f14f6f25ae@group-B83BCE7B16AB-FollowerState] INFO  impl.RoleInfo (RoleInfo.java:updateAndGet(139)) - 2412583d-f0ce-4b83-96a1-c4f14f6f25ae: start 2412583d-f0ce-4b83-96a1-c4f14f6f25ae@group-B83BCE7B16AB-LeaderElection13
2022-11-24 06:38:42,937 [2412583d-f0ce-4b83-96a1-c4f14f6f25ae@group-B83BCE7B16AB-LeaderElection13] INFO  impl.LeaderElection (LeaderElection.java:askForVotes(312)) - 2412583d-f0ce-4b83-96a1-c4f14f6f25ae@group-B83BCE7B16AB-LeaderElection13 ELECTION round 0: submit vote requests at term 1 for -1: peers:[2412583d-f0ce-4b83-96a1-c4f14f6f25ae|rpc:10.1.1.33:34367|priority:1|startupRole:FOLLOWER]|listeners:[], old=null
2022-11-24 06:38:42,937 [2412583d-f0ce-4b83-96a1-c4f14f6f25ae@group-B83BCE7B16AB-LeaderElection13] INFO  impl.LeaderElection (LeaderElection.java:askForVotes(314)) - 2412583d-f0ce-4b83-96a1-c4f14f6f25ae@group-B83BCE7B16AB-LeaderElection13 ELECTION round 0: result PASSED (term=1)
2022-11-24 06:38:42,937 [2412583d-f0ce-4b83-96a1-c4f14f6f25ae@group-B83BCE7B16AB-LeaderElection13] INFO  impl.RoleInfo (RoleInfo.java:shutdownLeaderElection(130)) - 2412583d-f0ce-4b83-96a1-c4f14f6f25ae: shutdown 2412583d-f0ce-4b83-96a1-c4f14f6f25ae@group-B83BCE7B16AB-LeaderElection13
2022-11-24 06:38:42,938 [2412583d-f0ce-4b83-96a1-c4f14f6f25ae@group-B83BCE7B16AB-LeaderElection13] INFO  server.RaftServer$Division (RaftServerImpl.java:setRole(321)) - 2412583d-f0ce-4b83-96a1-c4f14f6f25ae@group-B83BCE7B16AB: changes role from CANDIDATE to LEADER at term 1 for changeToLeader
2022-11-24 06:38:42,938 [2412583d-f0ce-4b83-96a1-c4f14f6f25ae@group-B83BCE7B16AB-LeaderElection13] INFO  ratis.XceiverServerRatis (XceiverServerRatis.java:handleLeaderChangedNotification(863)) - Leader change notification received for group: group-B83BCE7B16AB with new leaderId: 2412583d-f0ce-4b83-96a1-c4f14f6f25ae
2022-11-24 06:38:42,940 [2412583d-f0ce-4b83-96a1-c4f14f6f25ae@group-B83BCE7B16AB-LeaderElection13] INFO  server.RaftServer$Division (ServerState.java:setLeader(313)) - 2412583d-f0ce-4b83-96a1-c4f14f6f25ae@group-B83BCE7B16AB: change Leader from null to 2412583d-f0ce-4b83-96a1-c4f14f6f25ae at term 1 for becomeLeader, leader elected after 5140ms
2022-11-24 06:38:42,940 [2412583d-f0ce-4b83-96a1-c4f14f6f25ae@group-B83BCE7B16AB-LeaderElection13] INFO  server.RaftServerConfigKeys (ConfUtils.java:logGet(46)) - raft.server.staging.catchup.gap = 1000 (default)
2022-11-24 06:38:42,940 [2412583d-f0ce-4b83-96a1-c4f14f6f25ae@group-B83BCE7B16AB-LeaderElection13] INFO  server.RaftServerConfigKeys (ConfUtils.java:logGet(46)) - raft.server.write.element-limit = 1024 (custom)
2022-11-24 06:38:42,940 [2412583d-f0ce-4b83-96a1-c4f14f6f25ae@group-B83BCE7B16AB-LeaderElection13] INFO  server.RaftServerConfigKeys (ConfUtils.java:logGet(46)) - raft.server.write.byte-limit = 1024 M (=1073741824) (custom)
2022-11-24 06:38:42,941 [2412583d-f0ce-4b83-96a1-c4f14f6f25ae@group-B83BCE7B16AB-LeaderElection13] INFO  server.RaftServerConfigKeys (ConfUtils.java:logGet(46)) - raft.server.watch.timeout = 180s (custom)
2022-11-24 06:38:42,941 [2412583d-f0ce-4b83-96a1-c4f14f6f25ae@group-B83BCE7B16AB-LeaderElection13] INFO  server.RaftServerConfigKeys (ConfUtils.java:logGet(46)) - raft.server.watch.timeout.denomination = 1s (default)
2022-11-24 06:38:42,941 [2412583d-f0ce-4b83-96a1-c4f14f6f25ae@group-B83BCE7B16AB-LeaderElection13] INFO  server.RaftServerConfigKeys (ConfUtils.java:logGet(46)) - raft.server.watch.element-limit = 65536 (default)
2022-11-24 06:38:42,941 [2412583d-f0ce-4b83-96a1-c4f14f6f25ae@group-B83BCE7B16AB-LeaderElection13] INFO  server.RaftServerConfigKeys (ConfUtils.java:logGet(46)) - raft.server.write.element-limit = 1024 (custom)
2022-11-24 06:38:42,941 [2412583d-f0ce-4b83-96a1-c4f14f6f25ae@group-B83BCE7B16AB-LeaderElection13] INFO  server.RaftServerConfigKeys (ConfUtils.java:logGet(46)) - raft.server.write.follower.gap.ratio.max = -1.0 (default)
2022-11-24 06:38:42,942 [2412583d-f0ce-4b83-96a1-c4f14f6f25ae@group-B83BCE7B16AB-LeaderElection13] INFO  impl.RoleInfo (RoleInfo.java:updateAndGet(139)) - 2412583d-f0ce-4b83-96a1-c4f14f6f25ae: start 2412583d-f0ce-4b83-96a1-c4f14f6f25ae@group-B83BCE7B16AB-LeaderStateImpl
2022-11-24 06:38:42,942 [2412583d-f0ce-4b83-96a1-c4f14f6f25ae@group-B83BCE7B16AB-LeaderElection13] INFO  segmented.SegmentedRaftLogWorker (SegmentedRaftLogWorker.java:startLogSegment(452)) - 2412583d-f0ce-4b83-96a1-c4f14f6f25ae@group-B83BCE7B16AB-SegmentedRaftLogWorker: Starting segment from index:0
2022-11-24 06:38:42,951 [2412583d-f0ce-4b83-96a1-c4f14f6f25ae@group-B83BCE7B16AB-LeaderElection13] INFO  server.RaftServer$Division (ServerState.java:setRaftConf(430)) - 2412583d-f0ce-4b83-96a1-c4f14f6f25ae@group-B83BCE7B16AB: set configuration 0: peers:[2412583d-f0ce-4b83-96a1-c4f14f6f25ae|rpc:10.1.1.33:34367|dataStream:|priority:1|startupRole:FOLLOWER]|listeners:[], old=null
2022-11-24 06:38:42,953 [2412583d-f0ce-4b83-96a1-c4f14f6f25ae@group-B83BCE7B16AB-SegmentedRaftLogWorker] INFO  segmented.SegmentedRaftLogWorker (SegmentedRaftLogWorker.java:execute(656)) - 2412583d-f0ce-4b83-96a1-c4f14f6f25ae@group-B83BCE7B16AB-SegmentedRaftLogWorker: created new log segment /home/runner/work/ozone/ozone/hadoop-ozone/integration-test/target/test-dir/MiniOzoneClusterImpl-3ca4de4a-72c8-4c23-a990-0556c1b2e11a/datanode-4/data/ratis/520352dc-7e01-43f8-932e-b83bce7b16ab/current/log_inprogress_0
2022-11-24 06:38:42,993 [IPC Server handler 17 on default port 40677] INFO  pipeline.PipelineStateManagerImpl (PipelineStateManagerImpl.java:addPipeline(103)) - Created pipeline Pipeline[ Id: be17f3ae-1561-42cb-ba13-fbe109162e5c, Nodes: 8af73eb1-79e8-42bd-81b7-d22b4389184f{ip: 10.1.1.33, host: fv-az453-211.hss2zji4abbufegd5wcf2so25h.dx.internal.cloudapp.net, ports: [REPLICATION=36185, RATIS=44141, RATIS_ADMIN=44141, RATIS_SERVER=44141, STANDALONE=36899], networkLocation: /default-rack, certSerialId: null, persistedOpState: null, persistedOpStateExpiryEpochSec: 0}f61b783c-62f9-462d-872d-ac09aa128e21{ip: 10.1.1.33, host: fv-az453-211.hss2zji4abbufegd5wcf2so25h.dx.internal.cloudapp.net, ports: [REPLICATION=45671, RATIS=44027, RATIS_ADMIN=44027, RATIS_SERVER=44027, STANDALONE=38233], networkLocation: /default-rack, certSerialId: null, persistedOpState: null, persistedOpStateExpiryEpochSec: 0}4949dc81-86be-4926-96a6-534c5c5588ca{ip: 10.1.1.33, host: fv-az453-211.hss2zji4abbufegd5wcf2so25h.dx.internal.cloudapp.net, ports: [REPLICATION=46611, RATIS=45371, RATIS_ADMIN=45371, RATIS_SERVER=45371, STANDALONE=38135], networkLocation: /default-rack, certSerialId: null, persistedOpState: null, persistedOpStateExpiryEpochSec: 0}2412583d-f0ce-4b83-96a1-c4f14f6f25ae{ip: 10.1.1.33, host: fv-az453-211.hss2zji4abbufegd5wcf2so25h.dx.internal.cloudapp.net, ports: [REPLICATION=36327, RATIS=34367, RATIS_ADMIN=34367, RATIS_SERVER=34367, STANDALONE=42617], networkLocation: /default-rack, certSerialId: null, persistedOpState: null, persistedOpStateExpiryEpochSec: 0}06429dc3-6184-4705-8d2a-a6f8dedf2170{ip: 10.1.1.33, host: fv-az453-211.hss2zji4abbufegd5wcf2so25h.dx.internal.cloudapp.net, ports: [REPLICATION=44101, RATIS=44897, RATIS_ADMIN=44897, RATIS_SERVER=44897, STANDALONE=36083], networkLocation: /default-rack, certSerialId: null, persistedOpState: null, persistedOpStateExpiryEpochSec: 0}, ReplicationConfig: EC/ECReplicationConfig{data=3, parity=2, ecChunkSize=1024, codec=rs}, State:ALLOCATED, leaderId:, CreationTimestamp2022-11-24T06:38:42.992Z[Etc/UTC]].
2022-11-24 06:38:42,995 [IPC Server handler 17 on default port 40677] INFO  ha.SequenceIdGenerator (SequenceIdGenerator.java:getNextId(128)) - Allocate a batch for containerId, change lastId from 0 to 1000.
2022-11-24 06:38:43,009 [IPC Server handler 17 on default port 40677] INFO  pipeline.PipelineManagerImpl (PipelineManagerImpl.java:openPipeline(367)) - Pipeline Pipeline[ Id: be17f3ae-1561-42cb-ba13-fbe109162e5c, Nodes: 8af73eb1-79e8-42bd-81b7-d22b4389184f{ip: 10.1.1.33, host: fv-az453-211.hss2zji4abbufegd5wcf2so25h.dx.internal.cloudapp.net, ports: [REPLICATION=36185, RATIS=44141, RATIS_ADMIN=44141, RATIS_SERVER=44141, STANDALONE=36899], networkLocation: /default-rack, certSerialId: null, persistedOpState: null, persistedOpStateExpiryEpochSec: 0}f61b783c-62f9-462d-872d-ac09aa128e21{ip: 10.1.1.33, host: fv-az453-211.hss2zji4abbufegd5wcf2so25h.dx.internal.cloudapp.net, ports: [REPLICATION=45671, RATIS=44027, RATIS_ADMIN=44027, RATIS_SERVER=44027, STANDALONE=38233], networkLocation: /default-rack, certSerialId: null, persistedOpState: null, persistedOpStateExpiryEpochSec: 0}4949dc81-86be-4926-96a6-534c5c5588ca{ip: 10.1.1.33, host: fv-az453-211.hss2zji4abbufegd5wcf2so25h.dx.internal.cloudapp.net, ports: [REPLICATION=46611, RATIS=45371, RATIS_ADMIN=45371, RATIS_SERVER=45371, STANDALONE=38135], networkLocation: /default-rack, certSerialId: null, persistedOpState: null, persistedOpStateExpiryEpochSec: 0}2412583d-f0ce-4b83-96a1-c4f14f6f25ae{ip: 10.1.1.33, host: fv-az453-211.hss2zji4abbufegd5wcf2so25h.dx.internal.cloudapp.net, ports: [REPLICATION=36327, RATIS=34367, RATIS_ADMIN=34367, RATIS_SERVER=34367, STANDALONE=42617], networkLocation: /default-rack, certSerialId: null, persistedOpState: null, persistedOpStateExpiryEpochSec: 0}06429dc3-6184-4705-8d2a-a6f8dedf2170{ip: 10.1.1.33, host: fv-az453-211.hss2zji4abbufegd5wcf2so25h.dx.internal.cloudapp.net, ports: [REPLICATION=44101, RATIS=44897, RATIS_ADMIN=44897, RATIS_SERVER=44897, STANDALONE=36083], networkLocation: /default-rack, certSerialId: null, persistedOpState: null, persistedOpStateExpiryEpochSec: 0}, ReplicationConfig: EC/ECReplicationConfig{data=3, parity=2, ecChunkSize=1024, codec=rs}, State:ALLOCATED, leaderId:, CreationTimestamp2022-11-24T06:38:42.992Z[Etc/UTC]] moved to OPEN state
2022-11-24 06:38:43,010 [IPC Server handler 17 on default port 40677] WARN  ha.SequenceIdGenerator (SequenceIdGenerator.java:allocateBatch(237)) - Failed to allocate a batch for localId, expected lastId is 0, actual lastId is 109611004723200000.
2022-11-24 06:38:43,011 [IPC Server handler 17 on default port 40677] INFO  ha.SequenceIdGenerator (SequenceIdGenerator.java:getNextId(128)) - Allocate a batch for localId, change lastId from 109611004723200000 to 109611004723201000.
2022-11-24 06:38:43,120 [Listener at 127.0.0.1/43781] WARN  erasurecode.ErasureCodeNative (ErasureCodeNative.java:<clinit>(55)) - ISA-L support is not available in your platform... using builtin-java codec where applicable
2022-11-24 06:38:43,267 [Listener at 127.0.0.1/43781] INFO  impl.MetricsSystemImpl (MetricsSystemImpl.java:init(158)) - XceiverClientMetrics metrics system started (again)
2022-11-24 06:38:43,448 [6fd96d8c-4ef2-4ba8-87f7-371671a16fe6@group-F81AFF323CCD-FollowerState] INFO  impl.FollowerState (FollowerState.java:run(143)) - 6fd96d8c-4ef2-4ba8-87f7-371671a16fe6@group-F81AFF323CCD-FollowerState: change to CANDIDATE, lastRpcElapsedTime:5184576272ns, electionTimeout:5183ms
2022-11-24 06:38:43,449 [6fd96d8c-4ef2-4ba8-87f7-371671a16fe6@group-F81AFF323CCD-FollowerState] INFO  impl.RoleInfo (RoleInfo.java:shutdownFollowerState(110)) - 6fd96d8c-4ef2-4ba8-87f7-371671a16fe6: shutdown 6fd96d8c-4ef2-4ba8-87f7-371671a16fe6@group-F81AFF323CCD-FollowerState
2022-11-24 06:38:43,449 [6fd96d8c-4ef2-4ba8-87f7-371671a16fe6@group-F81AFF323CCD-FollowerState] INFO  server.RaftServer$Division (RaftServerImpl.java:setRole(321)) - 6fd96d8c-4ef2-4ba8-87f7-371671a16fe6@group-F81AFF323CCD: changes role from  FOLLOWER to CANDIDATE at term 0 for changeToCandidate
2022-11-24 06:38:43,449 [6fd96d8c-4ef2-4ba8-87f7-371671a16fe6@group-F81AFF323CCD-FollowerState] INFO  server.RaftServerConfigKeys (ConfUtils.java:logGet(46)) - raft.server.leaderelection.pre-vote = false (custom)
2022-11-24 06:38:43,449 [6fd96d8c-4ef2-4ba8-87f7-371671a16fe6@group-F81AFF323CCD-FollowerState] INFO  impl.RoleInfo (RoleInfo.java:updateAndGet(139)) - 6fd96d8c-4ef2-4ba8-87f7-371671a16fe6: start 6fd96d8c-4ef2-4ba8-87f7-371671a16fe6@group-F81AFF323CCD-LeaderElection14
2022-11-24 06:38:43,468 [6fd96d8c-4ef2-4ba8-87f7-371671a16fe6@group-F81AFF323CCD-LeaderElection14] INFO  impl.LeaderElection (LeaderElection.java:askForVotes(312)) - 6fd96d8c-4ef2-4ba8-87f7-371671a16fe6@group-F81AFF323CCD-LeaderElection14 ELECTION round 0: submit vote requests at term 1 for -1: peers:[6fd96d8c-4ef2-4ba8-87f7-371671a16fe6|rpc:10.1.1.33:38311|priority:1|startupRole:FOLLOWER]|listeners:[], old=null
2022-11-24 06:38:43,468 [6fd96d8c-4ef2-4ba8-87f7-371671a16fe6@group-F81AFF323CCD-LeaderElection14] INFO  impl.LeaderElection (LeaderElection.java:askForVotes(314)) - 6fd96d8c-4ef2-4ba8-87f7-371671a16fe6@group-F81AFF323CCD-LeaderElection14 ELECTION round 0: result PASSED (term=1)
2022-11-24 06:38:43,468 [6fd96d8c-4ef2-4ba8-87f7-371671a16fe6@group-F81AFF323CCD-LeaderElection14] INFO  impl.RoleInfo (RoleInfo.java:shutdownLeaderElection(130)) - 6fd96d8c-4ef2-4ba8-87f7-371671a16fe6: shutdown 6fd96d8c-4ef2-4ba8-87f7-371671a16fe6@group-F81AFF323CCD-LeaderElection14
2022-11-24 06:38:43,468 [6fd96d8c-4ef2-4ba8-87f7-371671a16fe6@group-F81AFF323CCD-LeaderElection14] INFO  server.RaftServer$Division (RaftServerImpl.java:setRole(321)) - 6fd96d8c-4ef2-4ba8-87f7-371671a16fe6@group-F81AFF323CCD: changes role from CANDIDATE to LEADER at term 1 for changeToLeader
2022-11-24 06:38:43,468 [6fd96d8c-4ef2-4ba8-87f7-371671a16fe6@group-F81AFF323CCD-LeaderElection14] INFO  ratis.XceiverServerRatis (XceiverServerRatis.java:handleLeaderChangedNotification(863)) - Leader change notification received for group: group-F81AFF323CCD with new leaderId: 6fd96d8c-4ef2-4ba8-87f7-371671a16fe6
2022-11-24 06:38:43,468 [6fd96d8c-4ef2-4ba8-87f7-371671a16fe6@group-F81AFF323CCD-LeaderElection14] INFO  server.RaftServer$Division (ServerState.java:setLeader(313)) - 6fd96d8c-4ef2-4ba8-87f7-371671a16fe6@group-F81AFF323CCD: change Leader from null to 6fd96d8c-4ef2-4ba8-87f7-371671a16fe6 at term 1 for becomeLeader, leader elected after 5223ms
2022-11-24 06:38:43,468 [6fd96d8c-4ef2-4ba8-87f7-371671a16fe6@group-F81AFF323CCD-LeaderElection14] INFO  server.RaftServerConfigKeys (ConfUtils.java:logGet(46)) - raft.server.staging.catchup.gap = 1000 (default)
2022-11-24 06:38:43,471 [6fd96d8c-4ef2-4ba8-87f7-371671a16fe6@group-F81AFF323CCD-LeaderElection14] INFO  server.RaftServerConfigKeys (ConfUtils.java:logGet(46)) - raft.server.write.element-limit = 1024 (custom)
2022-11-24 06:38:43,471 [6fd96d8c-4ef2-4ba8-87f7-371671a16fe6@group-F81AFF323CCD-LeaderElection14] INFO  server.RaftServerConfigKeys (ConfUtils.java:logGet(46)) - raft.server.write.byte-limit = 1024 M (=1073741824) (custom)
2022-11-24 06:38:43,472 [6fd96d8c-4ef2-4ba8-87f7-371671a16fe6@group-F81AFF323CCD-LeaderElection14] INFO  server.RaftServerConfigKeys (ConfUtils.java:logGet(46)) - raft.server.watch.timeout = 180s (custom)
2022-11-24 06:38:43,472 [6fd96d8c-4ef2-4ba8-87f7-371671a16fe6@group-F81AFF323CCD-LeaderElection14] INFO  server.RaftServerConfigKeys (ConfUtils.java:logGet(46)) - raft.server.watch.timeout.denomination = 1s (default)
2022-11-24 06:38:43,472 [6fd96d8c-4ef2-4ba8-87f7-371671a16fe6@group-F81AFF323CCD-LeaderElection14] INFO  server.RaftServerConfigKeys (ConfUtils.java:logGet(46)) - raft.server.watch.element-limit = 65536 (default)
2022-11-24 06:38:43,472 [6fd96d8c-4ef2-4ba8-87f7-371671a16fe6@group-F81AFF323CCD-LeaderElection14] INFO  server.RaftServerConfigKeys (ConfUtils.java:logGet(46)) - raft.server.write.element-limit = 1024 (custom)
2022-11-24 06:38:43,472 [6fd96d8c-4ef2-4ba8-87f7-371671a16fe6@group-F81AFF323CCD-LeaderElection14] INFO  server.RaftServerConfigKeys (ConfUtils.java:logGet(46)) - raft.server.write.follower.gap.ratio.max = -1.0 (default)
2022-11-24 06:38:43,473 [6fd96d8c-4ef2-4ba8-87f7-371671a16fe6@group-F81AFF323CCD-LeaderElection14] INFO  impl.RoleInfo (RoleInfo.java:updateAndGet(139)) - 6fd96d8c-4ef2-4ba8-87f7-371671a16fe6: start 6fd96d8c-4ef2-4ba8-87f7-371671a16fe6@group-F81AFF323CCD-LeaderStateImpl
2022-11-24 06:38:43,473 [6fd96d8c-4ef2-4ba8-87f7-371671a16fe6@group-F81AFF323CCD-LeaderElection14] INFO  segmented.SegmentedRaftLogWorker (SegmentedRaftLogWorker.java:startLogSegment(452)) - 6fd96d8c-4ef2-4ba8-87f7-371671a16fe6@group-F81AFF323CCD-SegmentedRaftLogWorker: Starting segment from index:0
2022-11-24 06:38:43,490 [6fd96d8c-4ef2-4ba8-87f7-371671a16fe6@group-F81AFF323CCD-LeaderElection14] INFO  server.RaftServer$Division (ServerState.java:setRaftConf(430)) - 6fd96d8c-4ef2-4ba8-87f7-371671a16fe6@group-F81AFF323CCD: set configuration 0: peers:[6fd96d8c-4ef2-4ba8-87f7-371671a16fe6|rpc:10.1.1.33:38311|dataStream:|priority:1|startupRole:FOLLOWER]|listeners:[], old=null
2022-11-24 06:38:43,492 [6fd96d8c-4ef2-4ba8-87f7-371671a16fe6@group-F81AFF323CCD-SegmentedRaftLogWorker] INFO  segmented.SegmentedRaftLogWorker (SegmentedRaftLogWorker.java:execute(656)) - 6fd96d8c-4ef2-4ba8-87f7-371671a16fe6@group-F81AFF323CCD-SegmentedRaftLogWorker: created new log segment /home/runner/work/ozone/ozone/hadoop-ozone/integration-test/target/test-dir/MiniOzoneClusterImpl-3ca4de4a-72c8-4c23-a990-0556c1b2e11a/datanode-5/data/ratis/e36e3a53-4b3b-4730-a7ba-f81aff323ccd/current/log_inprogress_0
2022-11-24 06:38:43,709 [Listener at 127.0.0.1/43781] INFO  ozoneimpl.OzoneContainer (OzoneContainer.java:stop(417)) - Attempting to stop container services.
2022-11-24 06:38:43,736 [Listener at 127.0.0.1/43781] INFO  server.RaftServer (RaftServerProxy.java:lambda$close$6(409)) - 8af73eb1-79e8-42bd-81b7-d22b4389184f: close
2022-11-24 06:38:43,737 [8af73eb1-79e8-42bd-81b7-d22b4389184f-impl-thread1] INFO  server.RaftServer$Division (RaftServerImpl.java:lambda$close$4(458)) - 8af73eb1-79e8-42bd-81b7-d22b4389184f@group-90F10F00F203: shutdown
2022-11-24 06:38:43,737 [8af73eb1-79e8-42bd-81b7-d22b4389184f-impl-thread1] INFO  util.JmxRegister (JmxRegister.java:unregister(73)) - Successfully un-registered JMX Bean with object name Ratis:service=RaftServer,group=group-90F10F00F203,id=8af73eb1-79e8-42bd-81b7-d22b4389184f
2022-11-24 06:38:43,737 [8af73eb1-79e8-42bd-81b7-d22b4389184f-impl-thread1] INFO  impl.RoleInfo (RoleInfo.java:shutdownFollowerState(110)) - 8af73eb1-79e8-42bd-81b7-d22b4389184f: shutdown 8af73eb1-79e8-42bd-81b7-d22b4389184f@group-90F10F00F203-FollowerState
2022-11-24 06:38:43,738 [8af73eb1-79e8-42bd-81b7-d22b4389184f-impl-thread2] INFO  server.RaftServer$Division (RaftServerImpl.java:lambda$close$4(458)) - 8af73eb1-79e8-42bd-81b7-d22b4389184f@group-4A1627A7E140: shutdown
2022-11-24 06:38:43,738 [8af73eb1-79e8-42bd-81b7-d22b4389184f-impl-thread2] INFO  util.JmxRegister (JmxRegister.java:unregister(73)) - Successfully un-registered JMX Bean with object name Ratis:service=RaftServer,group=group-4A1627A7E140,id=8af73eb1-79e8-42bd-81b7-d22b4389184f
2022-11-24 06:38:43,738 [8af73eb1-79e8-42bd-81b7-d22b4389184f-impl-thread2] INFO  impl.RoleInfo (RoleInfo.java:shutdownFollowerState(110)) - 8af73eb1-79e8-42bd-81b7-d22b4389184f: shutdown 8af73eb1-79e8-42bd-81b7-d22b4389184f@group-4A1627A7E140-FollowerState
2022-11-24 06:38:43,739 [Listener at 127.0.0.1/43781] INFO  server.GrpcService (GrpcService.java:closeImpl(279)) - 8af73eb1-79e8-42bd-81b7-d22b4389184f: shutdown server GrpcServerProtocolService now
2022-11-24 06:38:43,741 [8af73eb1-79e8-42bd-81b7-d22b4389184f@group-4A1627A7E140-FollowerState] INFO  impl.FollowerState (FollowerState.java:run(152)) - 8af73eb1-79e8-42bd-81b7-d22b4389184f@group-4A1627A7E140-FollowerState was interrupted
2022-11-24 06:38:43,741 [8af73eb1-79e8-42bd-81b7-d22b4389184f-impl-thread1] INFO  impl.StateMachineUpdater (StateMachineUpdater.java:stopAndJoin(153)) - 8af73eb1-79e8-42bd-81b7-d22b4389184f@group-90F10F00F203-StateMachineUpdater: set stopIndex = -1
2022-11-24 06:38:43,741 [8af73eb1-79e8-42bd-81b7-d22b4389184f@group-90F10F00F203-FollowerState] INFO  impl.FollowerState (FollowerState.java:run(152)) - 8af73eb1-79e8-42bd-81b7-d22b4389184f@group-90F10F00F203-FollowerState was interrupted
2022-11-24 06:38:43,743 [8af73eb1-79e8-42bd-81b7-d22b4389184f-impl-thread1] INFO  server.RaftServer$Division (ServerState.java:close(466)) - 8af73eb1-79e8-42bd-81b7-d22b4389184f@group-90F10F00F203: closes. applyIndex: -1
2022-11-24 06:38:43,744 [8af73eb1-79e8-42bd-81b7-d22b4389184f@group-90F10F00F203-SegmentedRaftLogWorker] INFO  segmented.SegmentedRaftLogWorker (SegmentedRaftLogWorker.java:run(345)) - 8af73eb1-79e8-42bd-81b7-d22b4389184f@group-90F10F00F203-SegmentedRaftLogWorker was interrupted, exiting. There are 0 tasks remaining in the queue.
2022-11-24 06:38:43,744 [8af73eb1-79e8-42bd-81b7-d22b4389184f-impl-thread1] INFO  segmented.SegmentedRaftLogWorker (SegmentedRaftLogWorker.java:close(255)) - 8af73eb1-79e8-42bd-81b7-d22b4389184f@group-90F10F00F203-SegmentedRaftLogWorker close()
2022-11-24 06:38:43,752 [8af73eb1-79e8-42bd-81b7-d22b4389184f-impl-thread2] INFO  impl.StateMachineUpdater (StateMachineUpdater.java:stopAndJoin(153)) - 8af73eb1-79e8-42bd-81b7-d22b4389184f@group-4A1627A7E140-StateMachineUpdater: set stopIndex = -1
2022-11-24 06:38:43,752 [8af73eb1-79e8-42bd-81b7-d22b4389184f-impl-thread2] INFO  server.RaftServer$Division (ServerState.java:close(466)) - 8af73eb1-79e8-42bd-81b7-d22b4389184f@group-4A1627A7E140: closes. applyIndex: -1
2022-11-24 06:38:43,752 [8af73eb1-79e8-42bd-81b7-d22b4389184f@group-4A1627A7E140-SegmentedRaftLogWorker] INFO  segmented.SegmentedRaftLogWorker (SegmentedRaftLogWorker.java:run(345)) - 8af73eb1-79e8-42bd-81b7-d22b4389184f@group-4A1627A7E140-SegmentedRaftLogWorker was interrupted, exiting. There are 0 tasks remaining in the queue.
2022-11-24 06:38:43,752 [8af73eb1-79e8-42bd-81b7-d22b4389184f-impl-thread3] INFO  server.RaftServer$Division (RaftServerImpl.java:lambda$close$4(458)) - 8af73eb1-79e8-42bd-81b7-d22b4389184f@group-4EC97286DCBF: shutdown
2022-11-24 06:38:43,753 [8af73eb1-79e8-42bd-81b7-d22b4389184f-impl-thread2] INFO  segmented.SegmentedRaftLogWorker (SegmentedRaftLogWorker.java:close(255)) - 8af73eb1-79e8-42bd-81b7-d22b4389184f@group-4A1627A7E140-SegmentedRaftLogWorker close()
2022-11-24 06:38:43,754 [8af73eb1-79e8-42bd-81b7-d22b4389184f-impl-thread3] INFO  util.JmxRegister (JmxRegister.java:unregister(73)) - Successfully un-registered JMX Bean with object name Ratis:service=RaftServer,group=group-4EC97286DCBF,id=8af73eb1-79e8-42bd-81b7-d22b4389184f
2022-11-24 06:38:43,754 [Listener at 127.0.0.1/43781] INFO  server.GrpcService (GrpcService.java:closeImpl(288)) - 8af73eb1-79e8-42bd-81b7-d22b4389184f: shutdown server GrpcServerProtocolService successfully
2022-11-24 06:38:43,754 [8af73eb1-79e8-42bd-81b7-d22b4389184f-impl-thread3] INFO  impl.RoleInfo (RoleInfo.java:shutdownFollowerState(110)) - 8af73eb1-79e8-42bd-81b7-d22b4389184f: shutdown 8af73eb1-79e8-42bd-81b7-d22b4389184f@group-4EC97286DCBF-FollowerState
2022-11-24 06:38:43,754 [8af73eb1-79e8-42bd-81b7-d22b4389184f@group-4EC97286DCBF-FollowerState] INFO  impl.FollowerState (FollowerState.java:run(152)) - 8af73eb1-79e8-42bd-81b7-d22b4389184f@group-4EC97286DCBF-FollowerState was interrupted
2022-11-24 06:38:43,755 [8af73eb1-79e8-42bd-81b7-d22b4389184f-impl-thread3] INFO  impl.StateMachineUpdater (StateMachineUpdater.java:stopAndJoin(153)) - 8af73eb1-79e8-42bd-81b7-d22b4389184f@group-4EC97286DCBF-StateMachineUpdater: set stopIndex = -1
2022-11-24 06:38:43,755 [8af73eb1-79e8-42bd-81b7-d22b4389184f-impl-thread3] INFO  server.RaftServer$Division (ServerState.java:close(466)) - 8af73eb1-79e8-42bd-81b7-d22b4389184f@group-4EC97286DCBF: closes. applyIndex: -1
2022-11-24 06:38:43,756 [8af73eb1-79e8-42bd-81b7-d22b4389184f@group-4EC97286DCBF-SegmentedRaftLogWorker] INFO  segmented.SegmentedRaftLogWorker (SegmentedRaftLogWorker.java:run(345)) - 8af73eb1-79e8-42bd-81b7-d22b4389184f@group-4EC97286DCBF-SegmentedRaftLogWorker was interrupted, exiting. There are 0 tasks remaining in the queue.
2022-11-24 06:38:43,757 [8af73eb1-79e8-42bd-81b7-d22b4389184f-impl-thread3] INFO  segmented.SegmentedRaftLogWorker (SegmentedRaftLogWorker.java:close(255)) - 8af73eb1-79e8-42bd-81b7-d22b4389184f@group-4EC97286DCBF-SegmentedRaftLogWorker close()
2022-11-24 06:38:43,772 [JvmPauseMonitor7] INFO  util.JvmPauseMonitor (JvmPauseMonitor.java:run(111)) - JvmPauseMonitor-8af73eb1-79e8-42bd-81b7-d22b4389184f: Stopped
2022-11-24 06:38:43,866 [f61b783c-62f9-462d-872d-ac09aa128e21@group-4EC97286DCBF-FollowerState] INFO  impl.FollowerState (FollowerState.java:run(143)) - f61b783c-62f9-462d-872d-ac09aa128e21@group-4EC97286DCBF-FollowerState: change to CANDIDATE, lastRpcElapsedTime:5022702988ns, electionTimeout:5010ms
2022-11-24 06:38:43,866 [f61b783c-62f9-462d-872d-ac09aa128e21@group-4EC97286DCBF-FollowerState] INFO  impl.RoleInfo (RoleInfo.java:shutdownFollowerState(110)) - f61b783c-62f9-462d-872d-ac09aa128e21: shutdown f61b783c-62f9-462d-872d-ac09aa128e21@group-4EC97286DCBF-FollowerState
2022-11-24 06:38:43,866 [f61b783c-62f9-462d-872d-ac09aa128e21@group-4EC97286DCBF-FollowerState] INFO  server.RaftServer$Division (RaftServerImpl.java:setRole(321)) - f61b783c-62f9-462d-872d-ac09aa128e21@group-4EC97286DCBF: changes role from  FOLLOWER to CANDIDATE at term 0 for changeToCandidate
2022-11-24 06:38:43,866 [f61b783c-62f9-462d-872d-ac09aa128e21@group-4EC97286DCBF-FollowerState] INFO  server.RaftServerConfigKeys (ConfUtils.java:logGet(46)) - raft.server.leaderelection.pre-vote = false (custom)
2022-11-24 06:38:43,866 [f61b783c-62f9-462d-872d-ac09aa128e21@group-4EC97286DCBF-FollowerState] INFO  impl.RoleInfo (RoleInfo.java:updateAndGet(139)) - f61b783c-62f9-462d-872d-ac09aa128e21: start f61b783c-62f9-462d-872d-ac09aa128e21@group-4EC97286DCBF-LeaderElection15
2022-11-24 06:38:43,877 [f61b783c-62f9-462d-872d-ac09aa128e21@group-4EC97286DCBF-LeaderElection15] INFO  impl.LeaderElection (LeaderElection.java:askForVotes(312)) - f61b783c-62f9-462d-872d-ac09aa128e21@group-4EC97286DCBF-LeaderElection15 ELECTION round 0: submit vote requests at term 1 for -1: peers:[f61b783c-62f9-462d-872d-ac09aa128e21|rpc:10.1.1.33:44027|dataStream:|priority:1|startupRole:FOLLOWER, 8af73eb1-79e8-42bd-81b7-d22b4389184f|rpc:10.1.1.33:44141|dataStream:|priority:0|startupRole:FOLLOWER, c8bfac46-0061-4906-a354-59c2fa211c25|rpc:10.1.1.33:41215|dataStream:|priority:0|startupRole:FOLLOWER]|listeners:[], old=null
2022-11-24 06:38:43,883 [f61b783c-62f9-462d-872d-ac09aa128e21@group-4EC97286DCBF-LeaderElection15-1] INFO  server.GrpcServerProtocolClient (GrpcServerProtocolClient.java:<init>(63)) - Build channel for 8af73eb1-79e8-42bd-81b7-d22b4389184f
2022-11-24 06:38:43,890 [f61b783c-62f9-462d-872d-ac09aa128e21@group-4EC97286DCBF-LeaderElection15] INFO  server.RaftServerConfigKeys (ConfUtils.java:logFallback(53)) - raft.server.rpc.first-election.timeout.min = 5s (fallback to raft.server.rpc.timeout.min)
2022-11-24 06:38:43,890 [f61b783c-62f9-462d-872d-ac09aa128e21@group-4EC97286DCBF-LeaderElection15] INFO  server.RaftServerConfigKeys (ConfUtils.java:logFallback(53)) - raft.server.rpc.first-election.timeout.max = 5200ms (fallback to raft.server.rpc.timeout.max)
2022-11-24 06:38:43,891 [f61b783c-62f9-462d-872d-ac09aa128e21@group-4EC97286DCBF-LeaderElection15-2] INFO  server.GrpcServerProtocolClient (GrpcServerProtocolClient.java:<init>(63)) - Build channel for c8bfac46-0061-4906-a354-59c2fa211c25
2022-11-24 06:38:43,901 [f61b783c-62f9-462d-872d-ac09aa128e21@group-4EC97286DCBF-LeaderElection15] INFO  impl.LeaderElection (LogUtils.java:infoOrTrace(137)) - f61b783c-62f9-462d-872d-ac09aa128e21@group-4EC97286DCBF-LeaderElection15 got exception when requesting votes: java.util.concurrent.ExecutionException: org.apache.ratis.thirdparty.io.grpc.StatusRuntimeException: UNAVAILABLE: io exception
2022-11-24 06:38:43,908 [grpc-default-executor-3] INFO  server.RaftServer$Division (RaftServerImpl.java:requestVote(1218)) - c8bfac46-0061-4906-a354-59c2fa211c25@group-4EC97286DCBF: receive requestVote(ELECTION, f61b783c-62f9-462d-872d-ac09aa128e21, group-4EC97286DCBF, 1, (t:0, i:0))
2022-11-24 06:38:43,908 [grpc-default-executor-3] INFO  impl.VoteContext (VoteContext.java:log(48)) - c8bfac46-0061-4906-a354-59c2fa211c25@group-4EC97286DCBF-FOLLOWER: accept ELECTION from f61b783c-62f9-462d-872d-ac09aa128e21: our priority 0 <= candidate's priority 1
2022-11-24 06:38:43,908 [grpc-default-executor-3] INFO  server.RaftServer$Division (RaftServerImpl.java:setRole(321)) - c8bfac46-0061-4906-a354-59c2fa211c25@group-4EC97286DCBF: changes role from  FOLLOWER to FOLLOWER at term 1 for candidate:f61b783c-62f9-462d-872d-ac09aa128e21
2022-11-24 06:38:43,908 [grpc-default-executor-3] INFO  impl.RoleInfo (RoleInfo.java:shutdownFollowerState(110)) - c8bfac46-0061-4906-a354-59c2fa211c25: shutdown c8bfac46-0061-4906-a354-59c2fa211c25@group-4EC97286DCBF-FollowerState
2022-11-24 06:38:43,908 [grpc-default-executor-3] INFO  impl.RoleInfo (RoleInfo.java:updateAndGet(139)) - c8bfac46-0061-4906-a354-59c2fa211c25: start c8bfac46-0061-4906-a354-59c2fa211c25@group-4EC97286DCBF-FollowerState
2022-11-24 06:38:43,908 [c8bfac46-0061-4906-a354-59c2fa211c25@group-4EC97286DCBF-FollowerState] INFO  impl.FollowerState (FollowerState.java:run(152)) - c8bfac46-0061-4906-a354-59c2fa211c25@group-4EC97286DCBF-FollowerState was interrupted
2022-11-24 06:38:43,911 [grpc-default-executor-3] INFO  server.RaftServer$Division (RaftServerImpl.java:requestVote(1251)) - c8bfac46-0061-4906-a354-59c2fa211c25@group-4EC97286DCBF replies to ELECTION vote request: f61b783c-62f9-462d-872d-ac09aa128e21<-c8bfac46-0061-4906-a354-59c2fa211c25#0:OK-t1. Peer's state: c8bfac46-0061-4906-a354-59c2fa211c25@group-4EC97286DCBF:t1, leader=null, voted=f61b783c-62f9-462d-872d-ac09aa128e21, raftlog=Memoized:c8bfac46-0061-4906-a354-59c2fa211c25@group-4EC97286DCBF-SegmentedRaftLog:OPENED:c-1, conf=-1: peers:[f61b783c-62f9-462d-872d-ac09aa128e21|rpc:10.1.1.33:44027|dataStream:|priority:1|startupRole:FOLLOWER, 8af73eb1-79e8-42bd-81b7-d22b4389184f|rpc:10.1.1.33:44141|dataStream:|priority:0|startupRole:FOLLOWER, c8bfac46-0061-4906-a354-59c2fa211c25|rpc:10.1.1.33:41215|dataStream:|priority:0|startupRole:FOLLOWER]|listeners:[], old=null
2022-11-24 06:38:43,916 [f61b783c-62f9-462d-872d-ac09aa128e21@group-4EC97286DCBF-LeaderElection15] INFO  impl.LeaderElection (LeaderElection.java:logAndReturn(90)) - f61b783c-62f9-462d-872d-ac09aa128e21@group-4EC97286DCBF-LeaderElection15: ELECTION PASSED received 1 response(s) and 1 exception(s):
2022-11-24 06:38:43,917 [f61b783c-62f9-462d-872d-ac09aa128e21@group-4EC97286DCBF-LeaderElection15] INFO  impl.LeaderElection (LeaderElection.java:logAndReturn(94)) -   Response 0: f61b783c-62f9-462d-872d-ac09aa128e21<-c8bfac46-0061-4906-a354-59c2fa211c25#0:OK-t1
2022-11-24 06:38:43,917 [f61b783c-62f9-462d-872d-ac09aa128e21@group-4EC97286DCBF-LeaderElection15] INFO  impl.LeaderElection (LogUtils.java:infoOrTrace(137)) -   Exception 1: java.util.concurrent.ExecutionException: org.apache.ratis.thirdparty.io.grpc.StatusRuntimeException: UNAVAILABLE: io exception
2022-11-24 06:38:43,917 [f61b783c-62f9-462d-872d-ac09aa128e21@group-4EC97286DCBF-LeaderElection15] INFO  impl.LeaderElection (LeaderElection.java:askForVotes(314)) - f61b783c-62f9-462d-872d-ac09aa128e21@group-4EC97286DCBF-LeaderElection15 ELECTION round 0: result PASSED
2022-11-24 06:38:43,919 [f61b783c-62f9-462d-872d-ac09aa128e21@group-4EC97286DCBF-LeaderElection15] INFO  impl.RoleInfo (RoleInfo.java:shutdownLeaderElection(130)) - f61b783c-62f9-462d-872d-ac09aa128e21: shutdown f61b783c-62f9-462d-872d-ac09aa128e21@group-4EC97286DCBF-LeaderElection15
2022-11-24 06:38:43,919 [c8bfac46-0061-4906-a354-59c2fa211c25@group-4EC97286DCBF-FollowerState] INFO  server.RaftServerConfigKeys (ConfUtils.java:logFallback(53)) - raft.server.rpc.first-election.timeout.min = 5s (fallback to raft.server.rpc.timeout.min)
2022-11-24 06:38:43,919 [f61b783c-62f9-462d-872d-ac09aa128e21@group-4EC97286DCBF-LeaderElection15] INFO  server.RaftServer$Division (RaftServerImpl.java:setRole(321)) - f61b783c-62f9-462d-872d-ac09aa128e21@group-4EC97286DCBF: changes role from CANDIDATE to LEADER at term 1 for changeToLeader
2022-11-24 06:38:43,920 [c8bfac46-0061-4906-a354-59c2fa211c25@group-4EC97286DCBF-FollowerState] INFO  server.RaftServerConfigKeys (ConfUtils.java:logFallback(53)) - raft.server.rpc.first-election.timeout.max = 5200ms (fallback to raft.server.rpc.timeout.max)
2022-11-24 06:38:43,920 [f61b783c-62f9-462d-872d-ac09aa128e21@group-4EC97286DCBF-LeaderElection15] INFO  ratis.XceiverServerRatis (XceiverServerRatis.java:handleLeaderChangedNotification(863)) - Leader change notification received for group: group-4EC97286DCBF with new leaderId: f61b783c-62f9-462d-872d-ac09aa128e21
2022-11-24 06:38:43,920 [f61b783c-62f9-462d-872d-ac09aa128e21@group-4EC97286DCBF-LeaderElection15] INFO  server.RaftServer$Division (ServerState.java:setLeader(313)) - f61b783c-62f9-462d-872d-ac09aa128e21@group-4EC97286DCBF: change Leader from null to f61b783c-62f9-462d-872d-ac09aa128e21 at term 1 for becomeLeader, leader elected after 5095ms
2022-11-24 06:38:43,920 [f61b783c-62f9-462d-872d-ac09aa128e21@group-4EC97286DCBF-LeaderElection15] INFO  server.RaftServerConfigKeys (ConfUtils.java:logGet(46)) - raft.server.staging.catchup.gap = 1000 (default)
2022-11-24 06:38:43,920 [f61b783c-62f9-462d-872d-ac09aa128e21@group-4EC97286DCBF-LeaderElection15] INFO  server.RaftServerConfigKeys (ConfUtils.java:logGet(46)) - raft.server.write.element-limit = 1024 (custom)
2022-11-24 06:38:43,921 [f61b783c-62f9-462d-872d-ac09aa128e21@group-4EC97286DCBF-LeaderElection15] INFO  server.RaftServerConfigKeys (ConfUtils.java:logGet(46)) - raft.server.write.byte-limit = 1024 M (=1073741824) (custom)
2022-11-24 06:38:43,921 [f61b783c-62f9-462d-872d-ac09aa128e21@group-4EC97286DCBF-LeaderElection15] INFO  server.RaftServerConfigKeys (ConfUtils.java:logGet(46)) - raft.server.watch.timeout = 180s (custom)
2022-11-24 06:38:43,921 [f61b783c-62f9-462d-872d-ac09aa128e21@group-4EC97286DCBF-LeaderElection15] INFO  server.RaftServerConfigKeys (ConfUtils.java:logGet(46)) - raft.server.watch.timeout.denomination = 1s (default)
2022-11-24 06:38:43,921 [f61b783c-62f9-462d-872d-ac09aa128e21@group-4EC97286DCBF-LeaderElection15] INFO  server.RaftServerConfigKeys (ConfUtils.java:logGet(46)) - raft.server.watch.element-limit = 65536 (default)
2022-11-24 06:38:43,921 [f61b783c-62f9-462d-872d-ac09aa128e21@group-4EC97286DCBF-LeaderElection15] INFO  server.RaftServerConfigKeys (ConfUtils.java:logGet(46)) - raft.server.write.element-limit = 1024 (custom)
2022-11-24 06:38:43,921 [f61b783c-62f9-462d-872d-ac09aa128e21@group-4EC97286DCBF-LeaderElection15] INFO  server.RaftServerConfigKeys (ConfUtils.java:logGet(46)) - raft.server.write.follower.gap.ratio.max = -1.0 (default)
2022-11-24 06:38:43,922 [f61b783c-62f9-462d-872d-ac09aa128e21@group-4EC97286DCBF-LeaderElection15] INFO  server.RaftServerConfigKeys (ConfUtils.java:logGet(46)) - raft.server.log.appender.snapshot.chunk.size.max = 16MB (=16777216) (default)
2022-11-24 06:38:43,922 [f61b783c-62f9-462d-872d-ac09aa128e21@group-4EC97286DCBF-LeaderElection15] INFO  server.RaftServerConfigKeys (ConfUtils.java:logGet(46)) - raft.server.log.appender.buffer.byte-limit = 33554432 (custom)
2022-11-24 06:38:43,922 [f61b783c-62f9-462d-872d-ac09aa128e21@group-4EC97286DCBF-LeaderElection15] INFO  server.RaftServerConfigKeys (ConfUtils.java:logGet(46)) - raft.server.log.appender.buffer.element-limit = 1 (custom)
2022-11-24 06:38:43,925 [EventQueue-PipelineReportForPipelineReportHandler] INFO  pipeline.PipelineManagerImpl (PipelineManagerImpl.java:openPipeline(367)) - Pipeline Pipeline[ Id: 3cb81546-a1e4-4674-93a2-4ec97286dcbf, Nodes: f61b783c-62f9-462d-872d-ac09aa128e21{ip: 10.1.1.33, host: fv-az453-211.hss2zji4abbufegd5wcf2so25h.dx.internal.cloudapp.net, ports: [REPLICATION=45671, RATIS=44027, RATIS_ADMIN=44027, RATIS_SERVER=44027, STANDALONE=38233], networkLocation: /default-rack, certSerialId: null, persistedOpState: IN_SERVICE, persistedOpStateExpiryEpochSec: 0}8af73eb1-79e8-42bd-81b7-d22b4389184f{ip: 10.1.1.33, host: fv-az453-211.hss2zji4abbufegd5wcf2so25h.dx.internal.cloudapp.net, ports: [REPLICATION=36185, RATIS=44141, RATIS_ADMIN=44141, RATIS_SERVER=44141, STANDALONE=36899], networkLocation: /default-rack, certSerialId: null, persistedOpState: IN_SERVICE, persistedOpStateExpiryEpochSec: 0}c8bfac46-0061-4906-a354-59c2fa211c25{ip: 10.1.1.33, host: fv-az453-211.hss2zji4abbufegd5wcf2so25h.dx.internal.cloudapp.net, ports: [REPLICATION=33399, RATIS=41215, RATIS_ADMIN=41215, RATIS_SERVER=41215, STANDALONE=43477], networkLocation: /default-rack, certSerialId: null, persistedOpState: IN_SERVICE, persistedOpStateExpiryEpochSec: 0}, ReplicationConfig: RATIS/THREE, State:ALLOCATED, leaderId:f61b783c-62f9-462d-872d-ac09aa128e21, CreationTimestamp2022-11-24T06:38:36.667Z[Etc/UTC]] moved to OPEN state
2022-11-24 06:38:43,924 [f61b783c-62f9-462d-872d-ac09aa128e21@group-4EC97286DCBF-LeaderElection15] INFO  grpc.GrpcConfigKeys (ConfUtils.java:logGet(46)) - raft.grpc.server.leader.outstanding.appends.max = 128 (default)
2022-11-24 06:38:43,927 [f61b783c-62f9-462d-872d-ac09aa128e21@group-4EC97286DCBF-LeaderElection15] INFO  server.RaftServerConfigKeys (ConfUtils.java:logGet(46)) - raft.server.rpc.request.timeout = 60s (custom)
2022-11-24 06:38:43,927 [f61b783c-62f9-462d-872d-ac09aa128e21@group-4EC97286DCBF-LeaderElection15] INFO  server.RaftServerConfigKeys (ConfUtils.java:logGet(46)) - raft.server.log.appender.install.snapshot.enabled = false (custom)
2022-11-24 06:38:43,927 [f61b783c-62f9-462d-872d-ac09aa128e21@group-4EC97286DCBF-LeaderElection15] INFO  grpc.GrpcConfigKeys (ConfUtils.java:logGet(46)) - raft.grpc.server.heartbeat.channel = true (default)
2022-11-24 06:38:43,928 [f61b783c-62f9-462d-872d-ac09aa128e21@group-4EC97286DCBF-LeaderElection15] INFO  server.RaftServerConfigKeys (ConfUtils.java:logGet(46)) - raft.server.log.appender.wait-time.min = 10ms (default)
2022-11-24 06:38:43,928 [f61b783c-62f9-462d-872d-ac09aa128e21@group-4EC97286DCBF-LeaderElection15] INFO  server.RaftServerConfigKeys (ConfUtils.java:logGet(46)) - raft.server.log.appender.snapshot.chunk.size.max = 16MB (=16777216) (default)
2022-11-24 06:38:43,929 [f61b783c-62f9-462d-872d-ac09aa128e21@group-4EC97286DCBF-LeaderElection15] INFO  server.RaftServerConfigKeys (ConfUtils.java:logGet(46)) - raft.server.log.appender.buffer.byte-limit = 33554432 (custom)
2022-11-24 06:38:43,929 [f61b783c-62f9-462d-872d-ac09aa128e21@group-4EC97286DCBF-LeaderElection15] INFO  server.RaftServerConfigKeys (ConfUtils.java:logGet(46)) - raft.server.log.appender.buffer.element-limit = 1 (custom)
2022-11-24 06:38:43,929 [f61b783c-62f9-462d-872d-ac09aa128e21@group-4EC97286DCBF-LeaderElection15] INFO  grpc.GrpcConfigKeys (ConfUtils.java:logGet(46)) - raft.grpc.server.leader.outstanding.appends.max = 128 (default)
2022-11-24 06:38:43,929 [f61b783c-62f9-462d-872d-ac09aa128e21@group-4EC97286DCBF-LeaderElection15] INFO  server.RaftServerConfigKeys (ConfUtils.java:logGet(46)) - raft.server.rpc.request.timeout = 60s (custom)
2022-11-24 06:38:43,929 [f61b783c-62f9-462d-872d-ac09aa128e21@group-4EC97286DCBF-LeaderElection15] INFO  server.RaftServerConfigKeys (ConfUtils.java:logGet(46)) - raft.server.log.appender.install.snapshot.enabled = false (custom)
2022-11-24 06:38:43,929 [f61b783c-62f9-462d-872d-ac09aa128e21@group-4EC97286DCBF-LeaderElection15] INFO  grpc.GrpcConfigKeys (ConfUtils.java:logGet(46)) - raft.grpc.server.heartbeat.channel = true (default)
2022-11-24 06:38:43,929 [f61b783c-62f9-462d-872d-ac09aa128e21@group-4EC97286DCBF-LeaderElection15] INFO  server.RaftServerConfigKeys (ConfUtils.java:logGet(46)) - raft.server.log.appender.wait-time.min = 10ms (default)
2022-11-24 06:38:43,929 [f61b783c-62f9-462d-872d-ac09aa128e21@group-4EC97286DCBF-LeaderElection15] INFO  impl.RoleInfo (RoleInfo.java:updateAndGet(139)) - f61b783c-62f9-462d-872d-ac09aa128e21: start f61b783c-62f9-462d-872d-ac09aa128e21@group-4EC97286DCBF-LeaderStateImpl
2022-11-24 06:38:43,930 [f61b783c-62f9-462d-872d-ac09aa128e21@group-4EC97286DCBF-LeaderElection15] INFO  segmented.SegmentedRaftLogWorker (SegmentedRaftLogWorker.java:startLogSegment(452)) - f61b783c-62f9-462d-872d-ac09aa128e21@group-4EC97286DCBF-SegmentedRaftLogWorker: Starting segment from index:0
2022-11-24 06:38:43,933 [f61b783c-62f9-462d-872d-ac09aa128e21@group-4EC97286DCBF-SegmentedRaftLogWorker] INFO  segmented.SegmentedRaftLogWorker (SegmentedRaftLogWorker.java:execute(656)) - f61b783c-62f9-462d-872d-ac09aa128e21@group-4EC97286DCBF-SegmentedRaftLogWorker: created new log segment /home/runner/work/ozone/ozone/hadoop-ozone/integration-test/target/test-dir/MiniOzoneClusterImpl-3ca4de4a-72c8-4c23-a990-0556c1b2e11a/datanode-7/data/ratis/3cb81546-a1e4-4674-93a2-4ec97286dcbf/current/log_inprogress_0
2022-11-24 06:38:43,944 [grpc-default-executor-3] WARN  server.GrpcLogAppender (LogUtils.java:warn(122)) - f61b783c-62f9-462d-872d-ac09aa128e21@group-4EC97286DCBF->8af73eb1-79e8-42bd-81b7-d22b4389184f-AppendLogResponseHandler: Failed appendEntries: org.apache.ratis.thirdparty.io.grpc.StatusRuntimeException: UNAVAILABLE: io exception
2022-11-24 06:38:43,948 [grpc-default-executor-3] WARN  server.GrpcLogAppender (GrpcLogAppender.java:resetClient(131)) - f61b783c-62f9-462d-872d-ac09aa128e21@group-4EC97286DCBF->8af73eb1-79e8-42bd-81b7-d22b4389184f-GrpcLogAppender: Leader has not got in touch with Follower f61b783c-62f9-462d-872d-ac09aa128e21@group-4EC97286DCBF->8af73eb1-79e8-42bd-81b7-d22b4389184f(c-1,m0,n0, attendVote=true, lastRpcSendTime=5226, lastRpcResponseTime=5226) yet, just keep nextIndex unchanged and retry.
2022-11-24 06:38:43,958 [f61b783c-62f9-462d-872d-ac09aa128e21@group-4EC97286DCBF-LeaderElection15] INFO  server.RaftServer$Division (ServerState.java:setRaftConf(430)) - f61b783c-62f9-462d-872d-ac09aa128e21@group-4EC97286DCBF: set configuration 0: peers:[f61b783c-62f9-462d-872d-ac09aa128e21|rpc:10.1.1.33:44027|dataStream:|priority:1|startupRole:FOLLOWER, 8af73eb1-79e8-42bd-81b7-d22b4389184f|rpc:10.1.1.33:44141|dataStream:|priority:0|startupRole:FOLLOWER, c8bfac46-0061-4906-a354-59c2fa211c25|rpc:10.1.1.33:41215|dataStream:|priority:0|startupRole:FOLLOWER]|listeners:[], old=null
2022-11-24 06:38:43,965 [grpc-default-executor-0] WARN  server.GrpcLogAppender (LogUtils.java:warn(122)) - f61b783c-62f9-462d-872d-ac09aa128e21@group-4EC97286DCBF->8af73eb1-79e8-42bd-81b7-d22b4389184f-AppendLogResponseHandler: Failed appendEntries: org.apache.ratis.thirdparty.io.grpc.StatusRuntimeException: UNAVAILABLE: io exception
2022-11-24 06:38:43,967 [grpc-default-executor-3] WARN  server.GrpcLogAppender (LogUtils.java:warn(122)) - f61b783c-62f9-462d-872d-ac09aa128e21@group-4EC97286DCBF->8af73eb1-79e8-42bd-81b7-d22b4389184f-AppendLogResponseHandler: Failed appendEntries: org.apache.ratis.thirdparty.io.grpc.StatusRuntimeException: UNAVAILABLE: io exception
2022-11-24 06:38:43,970 [grpc-default-executor-4] WARN  server.GrpcLogAppender (LogUtils.java:warn(122)) - f61b783c-62f9-462d-872d-ac09aa128e21@group-4EC97286DCBF->8af73eb1-79e8-42bd-81b7-d22b4389184f-AppendLogResponseHandler: Failed appendEntries: org.apache.ratis.thirdparty.io.grpc.StatusRuntimeException: UNAVAILABLE: io exception
2022-11-24 06:38:43,972 [grpc-default-executor-0] WARN  server.GrpcLogAppender (GrpcLogAppender.java:resetClient(131)) - f61b783c-62f9-462d-872d-ac09aa128e21@group-4EC97286DCBF->8af73eb1-79e8-42bd-81b7-d22b4389184f-GrpcLogAppender: Leader has not got in touch with Follower f61b783c-62f9-462d-872d-ac09aa128e21@group-4EC97286DCBF->8af73eb1-79e8-42bd-81b7-d22b4389184f(c-1,m0,n1, attendVote=true, lastRpcSendTime=7, lastRpcResponseTime=5250) yet, just keep nextIndex unchanged and retry.
2022-11-24 06:38:43,981 [grpc-default-executor-3] WARN  server.GrpcLogAppender (GrpcLogAppender.java:resetClient(131)) - f61b783c-62f9-462d-872d-ac09aa128e21@group-4EC97286DCBF->8af73eb1-79e8-42bd-81b7-d22b4389184f-GrpcLogAppender: Leader has not got in touch with Follower f61b783c-62f9-462d-872d-ac09aa128e21@group-4EC97286DCBF->8af73eb1-79e8-42bd-81b7-d22b4389184f(c-1,m0,n1, attendVote=true, lastRpcSendTime=16, lastRpcResponseTime=5259) yet, just keep nextIndex unchanged and retry.
2022-11-24 06:38:43,982 [grpc-default-executor-4] WARN  server.GrpcLogAppender (GrpcLogAppender.java:resetClient(131)) - f61b783c-62f9-462d-872d-ac09aa128e21@group-4EC97286DCBF->8af73eb1-79e8-42bd-81b7-d22b4389184f-GrpcLogAppender: Leader has not got in touch with Follower f61b783c-62f9-462d-872d-ac09aa128e21@group-4EC97286DCBF->8af73eb1-79e8-42bd-81b7-d22b4389184f(c-1,m0,n1, attendVote=true, lastRpcSendTime=17, lastRpcResponseTime=5260) yet, just keep nextIndex unchanged and retry.
2022-11-24 06:38:43,999 [c8bfac46-0061-4906-a354-59c2fa211c25-server-thread2] INFO  ratis.XceiverServerRatis (XceiverServerRatis.java:handleLeaderChangedNotification(863)) - Leader change notification received for group: group-4EC97286DCBF with new leaderId: f61b783c-62f9-462d-872d-ac09aa128e21
2022-11-24 06:38:44,001 [c8bfac46-0061-4906-a354-59c2fa211c25-server-thread2] INFO  server.RaftServer$Division (ServerState.java:setLeader(313)) - c8bfac46-0061-4906-a354-59c2fa211c25@group-4EC97286DCBF: change Leader from null to f61b783c-62f9-462d-872d-ac09aa128e21 at term 1 for appendEntries, leader elected after 5117ms
2022-11-24 06:38:44,002 [c8bfac46-0061-4906-a354-59c2fa211c25-server-thread2] INFO  server.RaftServer$Division (ServerState.java:setRaftConf(430)) - c8bfac46-0061-4906-a354-59c2fa211c25@group-4EC97286DCBF: set configuration 0: peers:[f61b783c-62f9-462d-872d-ac09aa128e21|rpc:10.1.1.33:44027|dataStream:|priority:1|startupRole:FOLLOWER, 8af73eb1-79e8-42bd-81b7-d22b4389184f|rpc:10.1.1.33:44141|dataStream:|priority:0|startupRole:FOLLOWER, c8bfac46-0061-4906-a354-59c2fa211c25|rpc:10.1.1.33:41215|dataStream:|priority:0|startupRole:FOLLOWER]|listeners:[], old=null
2022-11-24 06:38:44,003 [c8bfac46-0061-4906-a354-59c2fa211c25-server-thread2] INFO  segmented.SegmentedRaftLogWorker (SegmentedRaftLogWorker.java:startLogSegment(452)) - c8bfac46-0061-4906-a354-59c2fa211c25@group-4EC97286DCBF-SegmentedRaftLogWorker: Starting segment from index:0
2022-11-24 06:38:44,005 [c8bfac46-0061-4906-a354-59c2fa211c25@group-4EC97286DCBF-SegmentedRaftLogWorker] INFO  segmented.SegmentedRaftLogWorker (SegmentedRaftLogWorker.java:execute(656)) - c8bfac46-0061-4906-a354-59c2fa211c25@group-4EC97286DCBF-SegmentedRaftLogWorker: created new log segment /home/runner/work/ozone/ozone/hadoop-ozone/integration-test/target/test-dir/MiniOzoneClusterImpl-3ca4de4a-72c8-4c23-a990-0556c1b2e11a/datanode-8/data/ratis/3cb81546-a1e4-4674-93a2-4ec97286dcbf/current/log_inprogress_0
2022-11-24 06:38:44,096 [f61b783c-62f9-462d-872d-ac09aa128e21@group-4A1627A7E140-FollowerState] INFO  impl.FollowerState (FollowerState.java:run(143)) - f61b783c-62f9-462d-872d-ac09aa128e21@group-4A1627A7E140-FollowerState: change to CANDIDATE, lastRpcElapsedTime:5070796404ns, electionTimeout:5052ms
2022-11-24 06:38:44,096 [f61b783c-62f9-462d-872d-ac09aa128e21@group-4A1627A7E140-FollowerState] INFO  impl.RoleInfo (RoleInfo.java:shutdownFollowerState(110)) - f61b783c-62f9-462d-872d-ac09aa128e21: shutdown f61b783c-62f9-462d-872d-ac09aa128e21@group-4A1627A7E140-FollowerState
2022-11-24 06:38:44,096 [f61b783c-62f9-462d-872d-ac09aa128e21@group-4A1627A7E140-FollowerState] INFO  server.RaftServer$Division (RaftServerImpl.java:setRole(321)) - f61b783c-62f9-462d-872d-ac09aa128e21@group-4A1627A7E140: changes role from  FOLLOWER to CANDIDATE at term 0 for changeToCandidate
2022-11-24 06:38:44,096 [f61b783c-62f9-462d-872d-ac09aa128e21@group-4A1627A7E140-FollowerState] INFO  server.RaftServerConfigKeys (ConfUtils.java:logGet(46)) - raft.server.leaderelection.pre-vote = false (custom)
2022-11-24 06:38:44,097 [f61b783c-62f9-462d-872d-ac09aa128e21@group-4A1627A7E140-FollowerState] INFO  impl.RoleInfo (RoleInfo.java:updateAndGet(139)) - f61b783c-62f9-462d-872d-ac09aa128e21: start f61b783c-62f9-462d-872d-ac09aa128e21@group-4A1627A7E140-LeaderElection16
2022-11-24 06:38:44,108 [f61b783c-62f9-462d-872d-ac09aa128e21@group-4A1627A7E140-LeaderElection16] INFO  impl.LeaderElection (LeaderElection.java:askForVotes(312)) - f61b783c-62f9-462d-872d-ac09aa128e21@group-4A1627A7E140-LeaderElection16 ELECTION round 0: submit vote requests at term 1 for -1: peers:[f61b783c-62f9-462d-872d-ac09aa128e21|rpc:10.1.1.33:44027|dataStream:|priority:0|startupRole:FOLLOWER, 8af73eb1-79e8-42bd-81b7-d22b4389184f|rpc:10.1.1.33:44141|dataStream:|priority:1|startupRole:FOLLOWER, c8bfac46-0061-4906-a354-59c2fa211c25|rpc:10.1.1.33:41215|dataStream:|priority:0|startupRole:FOLLOWER]|listeners:[], old=null
2022-11-24 06:38:44,114 [f61b783c-62f9-462d-872d-ac09aa128e21@group-4A1627A7E140-LeaderElection16] INFO  server.RaftServerConfigKeys (ConfUtils.java:logFallback(53)) - raft.server.rpc.first-election.timeout.min = 5s (fallback to raft.server.rpc.timeout.min)
2022-11-24 06:38:44,114 [f61b783c-62f9-462d-872d-ac09aa128e21@group-4A1627A7E140-LeaderElection16] INFO  server.RaftServerConfigKeys (ConfUtils.java:logFallback(53)) - raft.server.rpc.first-election.timeout.max = 5200ms (fallback to raft.server.rpc.timeout.max)
2022-11-24 06:38:44,115 [f61b783c-62f9-462d-872d-ac09aa128e21@group-4A1627A7E140-LeaderElection16] INFO  impl.LeaderElection (LogUtils.java:infoOrTrace(137)) - f61b783c-62f9-462d-872d-ac09aa128e21@group-4A1627A7E140-LeaderElection16 got exception when requesting votes: java.util.concurrent.ExecutionException: org.apache.ratis.thirdparty.io.grpc.StatusRuntimeException: UNAVAILABLE: io exception
2022-11-24 06:38:44,117 [c8bfac46-0061-4906-a354-59c2fa211c25@group-4A1627A7E140-FollowerState] INFO  impl.FollowerState (FollowerState.java:run(143)) - c8bfac46-0061-4906-a354-59c2fa211c25@group-4A1627A7E140-FollowerState: change to CANDIDATE, lastRpcElapsedTime:5152680816ns, electionTimeout:5140ms
2022-11-24 06:38:44,117 [c8bfac46-0061-4906-a354-59c2fa211c25@group-4A1627A7E140-FollowerState] INFO  impl.RoleInfo (RoleInfo.java:shutdownFollowerState(110)) - c8bfac46-0061-4906-a354-59c2fa211c25: shutdown c8bfac46-0061-4906-a354-59c2fa211c25@group-4A1627A7E140-FollowerState
2022-11-24 06:38:44,117 [c8bfac46-0061-4906-a354-59c2fa211c25@group-4A1627A7E140-FollowerState] INFO  server.RaftServer$Division (RaftServerImpl.java:setRole(321)) - c8bfac46-0061-4906-a354-59c2fa211c25@group-4A1627A7E140: changes role from  FOLLOWER to CANDIDATE at term 0 for changeToCandidate
2022-11-24 06:38:44,117 [c8bfac46-0061-4906-a354-59c2fa211c25@group-4A1627A7E140-FollowerState] INFO  server.RaftServerConfigKeys (ConfUtils.java:logGet(46)) - raft.server.leaderelection.pre-vote = false (custom)
2022-11-24 06:38:44,118 [c8bfac46-0061-4906-a354-59c2fa211c25@group-4A1627A7E140-FollowerState] INFO  impl.RoleInfo (RoleInfo.java:updateAndGet(139)) - c8bfac46-0061-4906-a354-59c2fa211c25: start c8bfac46-0061-4906-a354-59c2fa211c25@group-4A1627A7E140-LeaderElection17
2022-11-24 06:38:44,131 [grpc-default-executor-3] INFO  server.RaftServer$Division (RaftServerImpl.java:requestVote(1218)) - c8bfac46-0061-4906-a354-59c2fa211c25@group-4A1627A7E140: receive requestVote(ELECTION, f61b783c-62f9-462d-872d-ac09aa128e21, group-4A1627A7E140, 1, (t:0, i:0))
2022-11-24 06:38:44,177 [c8bfac46-0061-4906-a354-59c2fa211c25@group-4A1627A7E140-LeaderElection17] INFO  impl.LeaderElection (LeaderElection.java:askForVotes(312)) - c8bfac46-0061-4906-a354-59c2fa211c25@group-4A1627A7E140-LeaderElection17 ELECTION round 0: submit vote requests at term 1 for -1: peers:[f61b783c-62f9-462d-872d-ac09aa128e21|rpc:10.1.1.33:44027|dataStream:|priority:0|startupRole:FOLLOWER, 8af73eb1-79e8-42bd-81b7-d22b4389184f|rpc:10.1.1.33:44141|dataStream:|priority:1|startupRole:FOLLOWER, c8bfac46-0061-4906-a354-59c2fa211c25|rpc:10.1.1.33:41215|dataStream:|priority:0|startupRole:FOLLOWER]|listeners:[], old=null
2022-11-24 06:38:44,177 [grpc-default-executor-3] INFO  impl.VoteContext (VoteContext.java:log(48)) - c8bfac46-0061-4906-a354-59c2fa211c25@group-4A1627A7E140-CANDIDATE: reject ELECTION from f61b783c-62f9-462d-872d-ac09aa128e21: already has voted for c8bfac46-0061-4906-a354-59c2fa211c25 at current term 1
2022-11-24 06:38:44,178 [grpc-default-executor-3] INFO  server.RaftServer$Division (RaftServerImpl.java:requestVote(1251)) - c8bfac46-0061-4906-a354-59c2fa211c25@group-4A1627A7E140 replies to ELECTION vote request: f61b783c-62f9-462d-872d-ac09aa128e21<-c8bfac46-0061-4906-a354-59c2fa211c25#0:FAIL-t1. Peer's state: c8bfac46-0061-4906-a354-59c2fa211c25@group-4A1627A7E140:t1, leader=null, voted=c8bfac46-0061-4906-a354-59c2fa211c25, raftlog=Memoized:c8bfac46-0061-4906-a354-59c2fa211c25@group-4A1627A7E140-SegmentedRaftLog:OPENED:c-1, conf=-1: peers:[f61b783c-62f9-462d-872d-ac09aa128e21|rpc:10.1.1.33:44027|dataStream:|priority:0|startupRole:FOLLOWER, 8af73eb1-79e8-42bd-81b7-d22b4389184f|rpc:10.1.1.33:44141|dataStream:|priority:1|startupRole:FOLLOWER, c8bfac46-0061-4906-a354-59c2fa211c25|rpc:10.1.1.33:41215|dataStream:|priority:0|startupRole:FOLLOWER]|listeners:[], old=null
2022-11-24 06:38:44,187 [c8bfac46-0061-4906-a354-59c2fa211c25@group-4A1627A7E140-LeaderElection17-1] INFO  server.GrpcServerProtocolClient (GrpcServerProtocolClient.java:<init>(63)) - Build channel for f61b783c-62f9-462d-872d-ac09aa128e21
2022-11-24 06:38:44,187 [f61b783c-62f9-462d-872d-ac09aa128e21@group-4A1627A7E140-LeaderElection16] INFO  impl.LeaderElection (LeaderElection.java:logAndReturn(90)) - f61b783c-62f9-462d-872d-ac09aa128e21@group-4A1627A7E140-LeaderElection16: ELECTION REJECTED received 1 response(s) and 1 exception(s):
2022-11-24 06:38:44,187 [f61b783c-62f9-462d-872d-ac09aa128e21@group-4A1627A7E140-LeaderElection16] INFO  impl.LeaderElection (LeaderElection.java:logAndReturn(94)) -   Response 0: f61b783c-62f9-462d-872d-ac09aa128e21<-c8bfac46-0061-4906-a354-59c2fa211c25#0:FAIL-t1
2022-11-24 06:38:44,187 [f61b783c-62f9-462d-872d-ac09aa128e21@group-4A1627A7E140-LeaderElection16] INFO  impl.LeaderElection (LogUtils.java:infoOrTrace(137)) -   Exception 1: java.util.concurrent.ExecutionException: org.apache.ratis.thirdparty.io.grpc.StatusRuntimeException: UNAVAILABLE: io exception
2022-11-24 06:38:44,200 [c8bfac46-0061-4906-a354-59c2fa211c25@group-4A1627A7E140-LeaderElection17] INFO  server.RaftServerConfigKeys (ConfUtils.java:logFallback(53)) - raft.server.rpc.first-election.timeout.min = 5s (fallback to raft.server.rpc.timeout.min)
2022-11-24 06:38:44,200 [c8bfac46-0061-4906-a354-59c2fa211c25@group-4A1627A7E140-LeaderElection17] INFO  server.RaftServerConfigKeys (ConfUtils.java:logFallback(53)) - raft.server.rpc.first-election.timeout.max = 5200ms (fallback to raft.server.rpc.timeout.max)
2022-11-24 06:38:44,200 [f61b783c-62f9-462d-872d-ac09aa128e21@group-4A1627A7E140-LeaderElection16] INFO  impl.LeaderElection (LeaderElection.java:askForVotes(314)) - f61b783c-62f9-462d-872d-ac09aa128e21@group-4A1627A7E140-LeaderElection16 ELECTION round 0: result REJECTED
2022-11-24 06:38:44,200 [f61b783c-62f9-462d-872d-ac09aa128e21@group-4A1627A7E140-LeaderElection16] INFO  server.RaftServer$Division (RaftServerImpl.java:setRole(321)) - f61b783c-62f9-462d-872d-ac09aa128e21@group-4A1627A7E140: changes role from CANDIDATE to FOLLOWER at term 1 for REJECTED
2022-11-24 06:38:44,200 [c8bfac46-0061-4906-a354-59c2fa211c25@group-4A1627A7E140-LeaderElection17-2] INFO  server.GrpcServerProtocolClient (GrpcServerProtocolClient.java:<init>(63)) - Build channel for 8af73eb1-79e8-42bd-81b7-d22b4389184f
2022-11-24 06:38:44,200 [f61b783c-62f9-462d-872d-ac09aa128e21@group-4A1627A7E140-LeaderElection16] INFO  impl.RoleInfo (RoleInfo.java:shutdownLeaderElection(130)) - f61b783c-62f9-462d-872d-ac09aa128e21: shutdown f61b783c-62f9-462d-872d-ac09aa128e21@group-4A1627A7E140-LeaderElection16
2022-11-24 06:38:44,201 [f61b783c-62f9-462d-872d-ac09aa128e21@group-4A1627A7E140-LeaderElection16] INFO  impl.RoleInfo (RoleInfo.java:updateAndGet(139)) - f61b783c-62f9-462d-872d-ac09aa128e21: start f61b783c-62f9-462d-872d-ac09aa128e21@group-4A1627A7E140-FollowerState
2022-11-24 06:38:44,214 [grpc-default-executor-0] INFO  server.RaftServer$Division (RaftServerImpl.java:requestVote(1218)) - f61b783c-62f9-462d-872d-ac09aa128e21@group-4A1627A7E140: receive requestVote(ELECTION, c8bfac46-0061-4906-a354-59c2fa211c25, group-4A1627A7E140, 1, (t:0, i:0))
2022-11-24 06:38:44,225 [grpc-default-executor-0] INFO  impl.VoteContext (VoteContext.java:log(48)) - f61b783c-62f9-462d-872d-ac09aa128e21@group-4A1627A7E140-FOLLOWER: reject ELECTION from c8bfac46-0061-4906-a354-59c2fa211c25: already has voted for f61b783c-62f9-462d-872d-ac09aa128e21 at current term 1
2022-11-24 06:38:44,225 [grpc-default-executor-0] INFO  server.RaftServer$Division (RaftServerImpl.java:requestVote(1251)) - f61b783c-62f9-462d-872d-ac09aa128e21@group-4A1627A7E140 replies to ELECTION vote request: c8bfac46-0061-4906-a354-59c2fa211c25<-f61b783c-62f9-462d-872d-ac09aa128e21#0:FAIL-t1. Peer's state: f61b783c-62f9-462d-872d-ac09aa128e21@group-4A1627A7E140:t1, leader=null, voted=f61b783c-62f9-462d-872d-ac09aa128e21, raftlog=Memoized:f61b783c-62f9-462d-872d-ac09aa128e21@group-4A1627A7E140-SegmentedRaftLog:OPENED:c-1, conf=-1: peers:[f61b783c-62f9-462d-872d-ac09aa128e21|rpc:10.1.1.33:44027|dataStream:|priority:0|startupRole:FOLLOWER, 8af73eb1-79e8-42bd-81b7-d22b4389184f|rpc:10.1.1.33:44141|dataStream:|priority:1|startupRole:FOLLOWER, c8bfac46-0061-4906-a354-59c2fa211c25|rpc:10.1.1.33:41215|dataStream:|priority:0|startupRole:FOLLOWER]|listeners:[], old=null
2022-11-24 06:38:44,225 [f61b783c-62f9-462d-872d-ac09aa128e21@group-4A1627A7E140-FollowerState] INFO  server.RaftServerConfigKeys (ConfUtils.java:logFallback(53)) - raft.server.rpc.first-election.timeout.min = 5s (fallback to raft.server.rpc.timeout.min)
2022-11-24 06:38:44,225 [f61b783c-62f9-462d-872d-ac09aa128e21@group-4A1627A7E140-FollowerState] INFO  server.RaftServerConfigKeys (ConfUtils.java:logFallback(53)) - raft.server.rpc.first-election.timeout.max = 5200ms (fallback to raft.server.rpc.timeout.max)
2022-11-24 06:38:44,230 [c8bfac46-0061-4906-a354-59c2fa211c25@group-4A1627A7E140-LeaderElection17] INFO  impl.LeaderElection (LogUtils.java:infoOrTrace(137)) - c8bfac46-0061-4906-a354-59c2fa211c25@group-4A1627A7E140-LeaderElection17 got exception when requesting votes: java.util.concurrent.ExecutionException: org.apache.ratis.thirdparty.io.grpc.StatusRuntimeException: UNAVAILABLE: io exception
2022-11-24 06:38:44,231 [c8bfac46-0061-4906-a354-59c2fa211c25@group-4A1627A7E140-LeaderElection17] INFO  impl.LeaderElection (LeaderElection.java:logAndReturn(90)) - c8bfac46-0061-4906-a354-59c2fa211c25@group-4A1627A7E140-LeaderElection17: ELECTION REJECTED received 1 response(s) and 1 exception(s):
2022-11-24 06:38:44,231 [c8bfac46-0061-4906-a354-59c2fa211c25@group-4A1627A7E140-LeaderElection17] INFO  impl.LeaderElection (LeaderElection.java:logAndReturn(94)) -   Response 0: c8bfac46-0061-4906-a354-59c2fa211c25<-f61b783c-62f9-462d-872d-ac09aa128e21#0:FAIL-t1
2022-11-24 06:38:44,231 [c8bfac46-0061-4906-a354-59c2fa211c25@group-4A1627A7E140-LeaderElection17] INFO  impl.LeaderElection (LogUtils.java:infoOrTrace(137)) -   Exception 1: java.util.concurrent.ExecutionException: org.apache.ratis.thirdparty.io.grpc.StatusRuntimeException: UNAVAILABLE: io exception
2022-11-24 06:38:44,231 [c8bfac46-0061-4906-a354-59c2fa211c25@group-4A1627A7E140-LeaderElection17] INFO  impl.LeaderElection (LeaderElection.java:askForVotes(314)) - c8bfac46-0061-4906-a354-59c2fa211c25@group-4A1627A7E140-LeaderElection17 ELECTION round 0: result REJECTED
2022-11-24 06:38:44,231 [c8bfac46-0061-4906-a354-59c2fa211c25@group-4A1627A7E140-LeaderElection17] INFO  server.RaftServer$Division (RaftServerImpl.java:setRole(321)) - c8bfac46-0061-4906-a354-59c2fa211c25@group-4A1627A7E140: changes role from CANDIDATE to FOLLOWER at term 1 for REJECTED
2022-11-24 06:38:44,231 [c8bfac46-0061-4906-a354-59c2fa211c25@group-4A1627A7E140-LeaderElection17] INFO  impl.RoleInfo (RoleInfo.java:shutdownLeaderElection(130)) - c8bfac46-0061-4906-a354-59c2fa211c25: shutdown c8bfac46-0061-4906-a354-59c2fa211c25@group-4A1627A7E140-LeaderElection17
2022-11-24 06:38:44,231 [c8bfac46-0061-4906-a354-59c2fa211c25@group-4A1627A7E140-LeaderElection17] INFO  impl.RoleInfo (RoleInfo.java:updateAndGet(139)) - c8bfac46-0061-4906-a354-59c2fa211c25: start c8bfac46-0061-4906-a354-59c2fa211c25@group-4A1627A7E140-FollowerState
2022-11-24 06:38:44,233 [c8bfac46-0061-4906-a354-59c2fa211c25@group-4A1627A7E140-FollowerState] INFO  server.RaftServerConfigKeys (ConfUtils.java:logFallback(53)) - raft.server.rpc.first-election.timeout.min = 5s (fallback to raft.server.rpc.timeout.min)
2022-11-24 06:38:44,233 [c8bfac46-0061-4906-a354-59c2fa211c25@group-4A1627A7E140-FollowerState] INFO  server.RaftServerConfigKeys (ConfUtils.java:logFallback(53)) - raft.server.rpc.first-election.timeout.max = 5200ms (fallback to raft.server.rpc.timeout.max)
2022-11-24 06:38:44,250 [f61b783c-62f9-462d-872d-ac09aa128e21@group-A00E16961674-FollowerState] INFO  impl.FollowerState (FollowerState.java:run(143)) - f61b783c-62f9-462d-872d-ac09aa128e21@group-A00E16961674-FollowerState: change to CANDIDATE, lastRpcElapsedTime:5050153675ns, electionTimeout:5048ms
2022-11-24 06:38:44,250 [f61b783c-62f9-462d-872d-ac09aa128e21@group-A00E16961674-FollowerState] INFO  impl.RoleInfo (RoleInfo.java:shutdownFollowerState(110)) - f61b783c-62f9-462d-872d-ac09aa128e21: shutdown f61b783c-62f9-462d-872d-ac09aa128e21@group-A00E16961674-FollowerState
2022-11-24 06:38:44,251 [f61b783c-62f9-462d-872d-ac09aa128e21@group-A00E16961674-FollowerState] INFO  server.RaftServer$Division (RaftServerImpl.java:setRole(321)) - f61b783c-62f9-462d-872d-ac09aa128e21@group-A00E16961674: changes role from  FOLLOWER to CANDIDATE at term 0 for changeToCandidate
2022-11-24 06:38:44,251 [f61b783c-62f9-462d-872d-ac09aa128e21@group-A00E16961674-FollowerState] INFO  server.RaftServerConfigKeys (ConfUtils.java:logGet(46)) - raft.server.leaderelection.pre-vote = false (custom)
2022-11-24 06:38:44,251 [f61b783c-62f9-462d-872d-ac09aa128e21@group-A00E16961674-FollowerState] INFO  impl.RoleInfo (RoleInfo.java:updateAndGet(139)) - f61b783c-62f9-462d-872d-ac09aa128e21: start f61b783c-62f9-462d-872d-ac09aa128e21@group-A00E16961674-LeaderElection18
2022-11-24 06:38:44,262 [f61b783c-62f9-462d-872d-ac09aa128e21@group-A00E16961674-LeaderElection18] INFO  impl.LeaderElection (LeaderElection.java:askForVotes(312)) - f61b783c-62f9-462d-872d-ac09aa128e21@group-A00E16961674-LeaderElection18 ELECTION round 0: submit vote requests at term 1 for -1: peers:[f61b783c-62f9-462d-872d-ac09aa128e21|rpc:10.1.1.33:44027|priority:1|startupRole:FOLLOWER]|listeners:[], old=null
2022-11-24 06:38:44,262 [f61b783c-62f9-462d-872d-ac09aa128e21@group-A00E16961674-LeaderElection18] INFO  impl.LeaderElection (LeaderElection.java:askForVotes(314)) - f61b783c-62f9-462d-872d-ac09aa128e21@group-A00E16961674-LeaderElection18 ELECTION round 0: result PASSED (term=1)
2022-11-24 06:38:44,262 [f61b783c-62f9-462d-872d-ac09aa128e21@group-A00E16961674-LeaderElection18] INFO  impl.RoleInfo (RoleInfo.java:shutdownLeaderElection(130)) - f61b783c-62f9-462d-872d-ac09aa128e21: shutdown f61b783c-62f9-462d-872d-ac09aa128e21@group-A00E16961674-LeaderElection18
2022-11-24 06:38:44,262 [f61b783c-62f9-462d-872d-ac09aa128e21@group-A00E16961674-LeaderElection18] INFO  server.RaftServer$Division (RaftServerImpl.java:setRole(321)) - f61b783c-62f9-462d-872d-ac09aa128e21@group-A00E16961674: changes role from CANDIDATE to LEADER at term 1 for changeToLeader
2022-11-24 06:38:44,262 [f61b783c-62f9-462d-872d-ac09aa128e21@group-A00E16961674-LeaderElection18] INFO  ratis.XceiverServerRatis (XceiverServerRatis.java:handleLeaderChangedNotification(863)) - Leader change notification received for group: group-A00E16961674 with new leaderId: f61b783c-62f9-462d-872d-ac09aa128e21
2022-11-24 06:38:44,269 [f61b783c-62f9-462d-872d-ac09aa128e21@group-A00E16961674-LeaderElection18] INFO  server.RaftServer$Division (ServerState.java:setLeader(313)) - f61b783c-62f9-462d-872d-ac09aa128e21@group-A00E16961674: change Leader from null to f61b783c-62f9-462d-872d-ac09aa128e21 at term 1 for becomeLeader, leader elected after 5081ms
2022-11-24 06:38:44,270 [f61b783c-62f9-462d-872d-ac09aa128e21@group-A00E16961674-LeaderElection18] INFO  server.RaftServerConfigKeys (ConfUtils.java:logGet(46)) - raft.server.staging.catchup.gap = 1000 (default)
2022-11-24 06:38:44,270 [f61b783c-62f9-462d-872d-ac09aa128e21@group-A00E16961674-LeaderElection18] INFO  server.RaftServerConfigKeys (ConfUtils.java:logGet(46)) - raft.server.write.element-limit = 1024 (custom)
2022-11-24 06:38:44,270 [f61b783c-62f9-462d-872d-ac09aa128e21@group-A00E16961674-LeaderElection18] INFO  server.RaftServerConfigKeys (ConfUtils.java:logGet(46)) - raft.server.write.byte-limit = 1024 M (=1073741824) (custom)
2022-11-24 06:38:44,270 [f61b783c-62f9-462d-872d-ac09aa128e21@group-A00E16961674-LeaderElection18] INFO  server.RaftServerConfigKeys (ConfUtils.java:logGet(46)) - raft.server.watch.timeout = 180s (custom)
2022-11-24 06:38:44,272 [f61b783c-62f9-462d-872d-ac09aa128e21@group-A00E16961674-LeaderElection18] INFO  server.RaftServerConfigKeys (ConfUtils.java:logGet(46)) - raft.server.watch.timeout.denomination = 1s (default)
2022-11-24 06:38:44,272 [f61b783c-62f9-462d-872d-ac09aa128e21@group-A00E16961674-LeaderElection18] INFO  server.RaftServerConfigKeys (ConfUtils.java:logGet(46)) - raft.server.watch.element-limit = 65536 (default)
2022-11-24 06:38:44,272 [f61b783c-62f9-462d-872d-ac09aa128e21@group-A00E16961674-LeaderElection18] INFO  server.RaftServerConfigKeys (ConfUtils.java:logGet(46)) - raft.server.write.element-limit = 1024 (custom)
2022-11-24 06:38:44,272 [f61b783c-62f9-462d-872d-ac09aa128e21@group-A00E16961674-LeaderElection18] INFO  server.RaftServerConfigKeys (ConfUtils.java:logGet(46)) - raft.server.write.follower.gap.ratio.max = -1.0 (default)
2022-11-24 06:38:44,272 [f61b783c-62f9-462d-872d-ac09aa128e21@group-A00E16961674-LeaderElection18] INFO  impl.RoleInfo (RoleInfo.java:updateAndGet(139)) - f61b783c-62f9-462d-872d-ac09aa128e21: start f61b783c-62f9-462d-872d-ac09aa128e21@group-A00E16961674-LeaderStateImpl
2022-11-24 06:38:44,272 [f61b783c-62f9-462d-872d-ac09aa128e21@group-A00E16961674-LeaderElection18] INFO  segmented.SegmentedRaftLogWorker (SegmentedRaftLogWorker.java:startLogSegment(452)) - f61b783c-62f9-462d-872d-ac09aa128e21@group-A00E16961674-SegmentedRaftLogWorker: Starting segment from index:0
2022-11-24 06:38:44,274 [f61b783c-62f9-462d-872d-ac09aa128e21@group-A00E16961674-SegmentedRaftLogWorker] INFO  segmented.SegmentedRaftLogWorker (SegmentedRaftLogWorker.java:execute(656)) - f61b783c-62f9-462d-872d-ac09aa128e21@group-A00E16961674-SegmentedRaftLogWorker: created new log segment /home/runner/work/ozone/ozone/hadoop-ozone/integration-test/target/test-dir/MiniOzoneClusterImpl-3ca4de4a-72c8-4c23-a990-0556c1b2e11a/datanode-7/data/ratis/6575c6d3-2d91-49ba-b6af-a00e16961674/current/log_inprogress_0
2022-11-24 06:38:44,293 [f61b783c-62f9-462d-872d-ac09aa128e21@group-A00E16961674-LeaderElection18] INFO  server.RaftServer$Division (ServerState.java:setRaftConf(430)) - f61b783c-62f9-462d-872d-ac09aa128e21@group-A00E16961674: set configuration 0: peers:[f61b783c-62f9-462d-872d-ac09aa128e21|rpc:10.1.1.33:44027|dataStream:|priority:1|startupRole:FOLLOWER]|listeners:[], old=null
2022-11-24 06:38:44,745 [c8bfac46-0061-4906-a354-59c2fa211c25@group-BF229F9AAB43-FollowerState] INFO  impl.FollowerState (FollowerState.java:run(143)) - c8bfac46-0061-4906-a354-59c2fa211c25@group-BF229F9AAB43-FollowerState: change to CANDIDATE, lastRpcElapsedTime:5107625463ns, electionTimeout:5106ms
2022-11-24 06:38:44,745 [c8bfac46-0061-4906-a354-59c2fa211c25@group-BF229F9AAB43-FollowerState] INFO  impl.RoleInfo (RoleInfo.java:shutdownFollowerState(110)) - c8bfac46-0061-4906-a354-59c2fa211c25: shutdown c8bfac46-0061-4906-a354-59c2fa211c25@group-BF229F9AAB43-FollowerState
2022-11-24 06:38:44,746 [c8bfac46-0061-4906-a354-59c2fa211c25@group-BF229F9AAB43-FollowerState] INFO  server.RaftServer$Division (RaftServerImpl.java:setRole(321)) - c8bfac46-0061-4906-a354-59c2fa211c25@group-BF229F9AAB43: changes role from  FOLLOWER to CANDIDATE at term 0 for changeToCandidate
2022-11-24 06:38:44,746 [c8bfac46-0061-4906-a354-59c2fa211c25@group-BF229F9AAB43-FollowerState] INFO  server.RaftServerConfigKeys (ConfUtils.java:logGet(46)) - raft.server.leaderelection.pre-vote = false (custom)
2022-11-24 06:38:44,746 [c8bfac46-0061-4906-a354-59c2fa211c25@group-BF229F9AAB43-FollowerState] INFO  impl.RoleInfo (RoleInfo.java:updateAndGet(139)) - c8bfac46-0061-4906-a354-59c2fa211c25: start c8bfac46-0061-4906-a354-59c2fa211c25@group-BF229F9AAB43-LeaderElection19
2022-11-24 06:38:44,749 [c8bfac46-0061-4906-a354-59c2fa211c25@group-BF229F9AAB43-LeaderElection19] INFO  impl.LeaderElection (LeaderElection.java:askForVotes(312)) - c8bfac46-0061-4906-a354-59c2fa211c25@group-BF229F9AAB43-LeaderElection19 ELECTION round 0: submit vote requests at term 1 for -1: peers:[c8bfac46-0061-4906-a354-59c2fa211c25|rpc:10.1.1.33:41215|priority:1|startupRole:FOLLOWER]|listeners:[], old=null
2022-11-24 06:38:44,749 [c8bfac46-0061-4906-a354-59c2fa211c25@group-BF229F9AAB43-LeaderElection19] INFO  impl.LeaderElection (LeaderElection.java:askForVotes(314)) - c8bfac46-0061-4906-a354-59c2fa211c25@group-BF229F9AAB43-LeaderElection19 ELECTION round 0: result PASSED (term=1)
2022-11-24 06:38:44,750 [c8bfac46-0061-4906-a354-59c2fa211c25@group-BF229F9AAB43-LeaderElection19] INFO  impl.RoleInfo (RoleInfo.java:shutdownLeaderElection(130)) - c8bfac46-0061-4906-a354-59c2fa211c25: shutdown c8bfac46-0061-4906-a354-59c2fa211c25@group-BF229F9AAB43-LeaderElection19
2022-11-24 06:38:44,750 [c8bfac46-0061-4906-a354-59c2fa211c25@group-BF229F9AAB43-LeaderElection19] INFO  server.RaftServer$Division (RaftServerImpl.java:setRole(321)) - c8bfac46-0061-4906-a354-59c2fa211c25@group-BF229F9AAB43: changes role from CANDIDATE to LEADER at term 1 for changeToLeader
2022-11-24 06:38:44,750 [c8bfac46-0061-4906-a354-59c2fa211c25@group-BF229F9AAB43-LeaderElection19] INFO  ratis.XceiverServerRatis (XceiverServerRatis.java:handleLeaderChangedNotification(863)) - Leader change notification received for group: group-BF229F9AAB43 with new leaderId: c8bfac46-0061-4906-a354-59c2fa211c25
2022-11-24 06:38:44,755 [c8bfac46-0061-4906-a354-59c2fa211c25@group-BF229F9AAB43-LeaderElection19] INFO  server.RaftServer$Division (ServerState.java:setLeader(313)) - c8bfac46-0061-4906-a354-59c2fa211c25@group-BF229F9AAB43: change Leader from null to c8bfac46-0061-4906-a354-59c2fa211c25 at term 1 for becomeLeader, leader elected after 5127ms
2022-11-24 06:38:44,755 [c8bfac46-0061-4906-a354-59c2fa211c25@group-BF229F9AAB43-LeaderElection19] INFO  server.RaftServerConfigKeys (ConfUtils.java:logGet(46)) - raft.server.staging.catchup.gap = 1000 (default)
2022-11-24 06:38:44,755 [c8bfac46-0061-4906-a354-59c2fa211c25@group-BF229F9AAB43-LeaderElection19] INFO  server.RaftServerConfigKeys (ConfUtils.java:logGet(46)) - raft.server.write.element-limit = 1024 (custom)
2022-11-24 06:38:44,755 [c8bfac46-0061-4906-a354-59c2fa211c25@group-BF229F9AAB43-LeaderElection19] INFO  server.RaftServerConfigKeys (ConfUtils.java:logGet(46)) - raft.server.write.byte-limit = 1024 M (=1073741824) (custom)
2022-11-24 06:38:44,755 [c8bfac46-0061-4906-a354-59c2fa211c25@group-BF229F9AAB43-LeaderElection19] INFO  server.RaftServerConfigKeys (ConfUtils.java:logGet(46)) - raft.server.watch.timeout = 180s (custom)
2022-11-24 06:38:44,755 [c8bfac46-0061-4906-a354-59c2fa211c25@group-BF229F9AAB43-LeaderElection19] INFO  server.RaftServerConfigKeys (ConfUtils.java:logGet(46)) - raft.server.watch.timeout.denomination = 1s (default)
2022-11-24 06:38:44,756 [c8bfac46-0061-4906-a354-59c2fa211c25@group-BF229F9AAB43-LeaderElection19] INFO  server.RaftServerConfigKeys (ConfUtils.java:logGet(46)) - raft.server.watch.element-limit = 65536 (default)
2022-11-24 06:38:44,756 [c8bfac46-0061-4906-a354-59c2fa211c25@group-BF229F9AAB43-LeaderElection19] INFO  server.RaftServerConfigKeys (ConfUtils.java:logGet(46)) - raft.server.write.element-limit = 1024 (custom)
2022-11-24 06:38:44,756 [c8bfac46-0061-4906-a354-59c2fa211c25@group-BF229F9AAB43-LeaderElection19] INFO  server.RaftServerConfigKeys (ConfUtils.java:logGet(46)) - raft.server.write.follower.gap.ratio.max = -1.0 (default)
2022-11-24 06:38:44,756 [c8bfac46-0061-4906-a354-59c2fa211c25@group-BF229F9AAB43-LeaderElection19] INFO  impl.RoleInfo (RoleInfo.java:updateAndGet(139)) - c8bfac46-0061-4906-a354-59c2fa211c25: start c8bfac46-0061-4906-a354-59c2fa211c25@group-BF229F9AAB43-LeaderStateImpl
2022-11-24 06:38:44,757 [c8bfac46-0061-4906-a354-59c2fa211c25@group-BF229F9AAB43-LeaderElection19] INFO  segmented.SegmentedRaftLogWorker (SegmentedRaftLogWorker.java:startLogSegment(452)) - c8bfac46-0061-4906-a354-59c2fa211c25@group-BF229F9AAB43-SegmentedRaftLogWorker: Starting segment from index:0
2022-11-24 06:38:44,758 [c8bfac46-0061-4906-a354-59c2fa211c25@group-BF229F9AAB43-SegmentedRaftLogWorker] INFO  segmented.SegmentedRaftLogWorker (SegmentedRaftLogWorker.java:execute(656)) - c8bfac46-0061-4906-a354-59c2fa211c25@group-BF229F9AAB43-SegmentedRaftLogWorker: created new log segment /home/runner/work/ozone/ozone/hadoop-ozone/integration-test/target/test-dir/MiniOzoneClusterImpl-3ca4de4a-72c8-4c23-a990-0556c1b2e11a/datanode-8/data/ratis/6b851af7-b87e-4d85-b286-bf229f9aab43/current/log_inprogress_0
2022-11-24 06:38:44,768 [c8bfac46-0061-4906-a354-59c2fa211c25@group-BF229F9AAB43-LeaderElection19] INFO  server.RaftServer$Division (ServerState.java:setRaftConf(430)) - c8bfac46-0061-4906-a354-59c2fa211c25@group-BF229F9AAB43: set configuration 0: peers:[c8bfac46-0061-4906-a354-59c2fa211c25|rpc:10.1.1.33:41215|dataStream:|priority:1|startupRole:FOLLOWER]|listeners:[], old=null
2022-11-24 06:38:45,183 [4949dc81-86be-4926-96a6-534c5c5588ca@group-9E9806E9FECC-FollowerState] INFO  impl.FollowerState (FollowerState.java:run(143)) - 4949dc81-86be-4926-96a6-534c5c5588ca@group-9E9806E9FECC-FollowerState: change to CANDIDATE, lastRpcElapsedTime:5097066610ns, electionTimeout:5091ms
2022-11-24 06:38:45,184 [4949dc81-86be-4926-96a6-534c5c5588ca@group-9E9806E9FECC-FollowerState] INFO  impl.RoleInfo (RoleInfo.java:shutdownFollowerState(110)) - 4949dc81-86be-4926-96a6-534c5c5588ca: shutdown 4949dc81-86be-4926-96a6-534c5c5588ca@group-9E9806E9FECC-FollowerState
2022-11-24 06:38:45,184 [4949dc81-86be-4926-96a6-534c5c5588ca@group-9E9806E9FECC-FollowerState] INFO  server.RaftServer$Division (RaftServerImpl.java:setRole(321)) - 4949dc81-86be-4926-96a6-534c5c5588ca@group-9E9806E9FECC: changes role from  FOLLOWER to CANDIDATE at term 0 for changeToCandidate
2022-11-24 06:38:45,184 [4949dc81-86be-4926-96a6-534c5c5588ca@group-9E9806E9FECC-FollowerState] INFO  server.RaftServerConfigKeys (ConfUtils.java:logGet(46)) - raft.server.leaderelection.pre-vote = false (custom)
2022-11-24 06:38:45,184 [4949dc81-86be-4926-96a6-534c5c5588ca@group-9E9806E9FECC-FollowerState] INFO  impl.RoleInfo (RoleInfo.java:updateAndGet(139)) - 4949dc81-86be-4926-96a6-534c5c5588ca: start 4949dc81-86be-4926-96a6-534c5c5588ca@group-9E9806E9FECC-LeaderElection20
2022-11-24 06:38:45,188 [4949dc81-86be-4926-96a6-534c5c5588ca@group-9E9806E9FECC-LeaderElection20] INFO  impl.LeaderElection (LeaderElection.java:askForVotes(312)) - 4949dc81-86be-4926-96a6-534c5c5588ca@group-9E9806E9FECC-LeaderElection20 ELECTION round 0: submit vote requests at term 1 for -1: peers:[4949dc81-86be-4926-96a6-534c5c5588ca|rpc:10.1.1.33:45371|priority:1|startupRole:FOLLOWER]|listeners:[], old=null
2022-11-24 06:38:45,188 [4949dc81-86be-4926-96a6-534c5c5588ca@group-9E9806E9FECC-LeaderElection20] INFO  impl.LeaderElection (LeaderElection.java:askForVotes(314)) - 4949dc81-86be-4926-96a6-534c5c5588ca@group-9E9806E9FECC-LeaderElection20 ELECTION round 0: result PASSED (term=1)
2022-11-24 06:38:45,188 [4949dc81-86be-4926-96a6-534c5c5588ca@group-9E9806E9FECC-LeaderElection20] INFO  impl.RoleInfo (RoleInfo.java:shutdownLeaderElection(130)) - 4949dc81-86be-4926-96a6-534c5c5588ca: shutdown 4949dc81-86be-4926-96a6-534c5c5588ca@group-9E9806E9FECC-LeaderElection20
2022-11-24 06:38:45,188 [4949dc81-86be-4926-96a6-534c5c5588ca@group-9E9806E9FECC-LeaderElection20] INFO  server.RaftServer$Division (RaftServerImpl.java:setRole(321)) - 4949dc81-86be-4926-96a6-534c5c5588ca@group-9E9806E9FECC: changes role from CANDIDATE to LEADER at term 1 for changeToLeader
2022-11-24 06:38:45,188 [4949dc81-86be-4926-96a6-534c5c5588ca@group-9E9806E9FECC-LeaderElection20] INFO  ratis.XceiverServerRatis (XceiverServerRatis.java:handleLeaderChangedNotification(863)) - Leader change notification received for group: group-9E9806E9FECC with new leaderId: 4949dc81-86be-4926-96a6-534c5c5588ca
2022-11-24 06:38:45,190 [4949dc81-86be-4926-96a6-534c5c5588ca@group-9E9806E9FECC-LeaderElection20] INFO  server.RaftServer$Division (ServerState.java:setLeader(313)) - 4949dc81-86be-4926-96a6-534c5c5588ca@group-9E9806E9FECC: change Leader from null to 4949dc81-86be-4926-96a6-534c5c5588ca at term 1 for becomeLeader, leader elected after 5129ms
2022-11-24 06:38:45,190 [4949dc81-86be-4926-96a6-534c5c5588ca@group-9E9806E9FECC-LeaderElection20] INFO  server.RaftServerConfigKeys (ConfUtils.java:logGet(46)) - raft.server.staging.catchup.gap = 1000 (default)
2022-11-24 06:38:45,190 [4949dc81-86be-4926-96a6-534c5c5588ca@group-9E9806E9FECC-LeaderElection20] INFO  server.RaftServerConfigKeys (ConfUtils.java:logGet(46)) - raft.server.write.element-limit = 1024 (custom)
2022-11-24 06:38:45,191 [4949dc81-86be-4926-96a6-534c5c5588ca@group-9E9806E9FECC-LeaderElection20] INFO  server.RaftServerConfigKeys (ConfUtils.java:logGet(46)) - raft.server.write.byte-limit = 1024 M (=1073741824) (custom)
2022-11-24 06:38:45,194 [4949dc81-86be-4926-96a6-534c5c5588ca@group-9E9806E9FECC-LeaderElection20] INFO  server.RaftServerConfigKeys (ConfUtils.java:logGet(46)) - raft.server.watch.timeout = 180s (custom)
2022-11-24 06:38:45,194 [4949dc81-86be-4926-96a6-534c5c5588ca@group-9E9806E9FECC-LeaderElection20] INFO  server.RaftServerConfigKeys (ConfUtils.java:logGet(46)) - raft.server.watch.timeout.denomination = 1s (default)
2022-11-24 06:38:45,194 [4949dc81-86be-4926-96a6-534c5c5588ca@group-9E9806E9FECC-LeaderElection20] INFO  server.RaftServerConfigKeys (ConfUtils.java:logGet(46)) - raft.server.watch.element-limit = 65536 (default)
2022-11-24 06:38:45,194 [4949dc81-86be-4926-96a6-534c5c5588ca@group-9E9806E9FECC-LeaderElection20] INFO  server.RaftServerConfigKeys (ConfUtils.java:logGet(46)) - raft.server.write.element-limit = 1024 (custom)
2022-11-24 06:38:45,194 [4949dc81-86be-4926-96a6-534c5c5588ca@group-9E9806E9FECC-LeaderElection20] INFO  server.RaftServerConfigKeys (ConfUtils.java:logGet(46)) - raft.server.write.follower.gap.ratio.max = -1.0 (default)
2022-11-24 06:38:45,194 [4949dc81-86be-4926-96a6-534c5c5588ca@group-9E9806E9FECC-LeaderElection20] INFO  impl.RoleInfo (RoleInfo.java:updateAndGet(139)) - 4949dc81-86be-4926-96a6-534c5c5588ca: start 4949dc81-86be-4926-96a6-534c5c5588ca@group-9E9806E9FECC-LeaderStateImpl
2022-11-24 06:38:45,195 [4949dc81-86be-4926-96a6-534c5c5588ca@group-9E9806E9FECC-LeaderElection20] INFO  segmented.SegmentedRaftLogWorker (SegmentedRaftLogWorker.java:startLogSegment(452)) - 4949dc81-86be-4926-96a6-534c5c5588ca@group-9E9806E9FECC-SegmentedRaftLogWorker: Starting segment from index:0
2022-11-24 06:38:45,197 [4949dc81-86be-4926-96a6-534c5c5588ca@group-9E9806E9FECC-SegmentedRaftLogWorker] INFO  segmented.SegmentedRaftLogWorker (SegmentedRaftLogWorker.java:execute(656)) - 4949dc81-86be-4926-96a6-534c5c5588ca@group-9E9806E9FECC-SegmentedRaftLogWorker: created new log segment /home/runner/work/ozone/ozone/hadoop-ozone/integration-test/target/test-dir/MiniOzoneClusterImpl-3ca4de4a-72c8-4c23-a990-0556c1b2e11a/datanode-9/data/ratis/eeb478f1-5fff-4274-aef9-9e9806e9fecc/current/log_inprogress_0
2022-11-24 06:38:45,204 [4949dc81-86be-4926-96a6-534c5c5588ca@group-9E9806E9FECC-LeaderElection20] INFO  server.RaftServer$Division (ServerState.java:setRaftConf(430)) - 4949dc81-86be-4926-96a6-534c5c5588ca@group-9E9806E9FECC: set configuration 0: peers:[4949dc81-86be-4926-96a6-534c5c5588ca|rpc:10.1.1.33:45371|dataStream:|priority:1|startupRole:FOLLOWER]|listeners:[], old=null
2022-11-24 06:38:45,215 [grpc-default-executor-0] WARN  server.GrpcLogAppender (LogUtils.java:warn(122)) - f61b783c-62f9-462d-872d-ac09aa128e21@group-4EC97286DCBF->8af73eb1-79e8-42bd-81b7-d22b4389184f-AppendLogResponseHandler: Failed appendEntries: org.apache.ratis.thirdparty.io.grpc.StatusRuntimeException: UNAVAILABLE: io exception
2022-11-24 06:38:45,215 [grpc-default-executor-3] WARN  server.GrpcLogAppender (LogUtils.java:warn(122)) - f61b783c-62f9-462d-872d-ac09aa128e21@group-4EC97286DCBF->8af73eb1-79e8-42bd-81b7-d22b4389184f-AppendLogResponseHandler: Failed appendEntries: org.apache.ratis.thirdparty.io.grpc.StatusRuntimeException: UNAVAILABLE: io exception
2022-11-24 06:38:45,216 [grpc-default-executor-0] WARN  server.GrpcLogAppender (GrpcLogAppender.java:resetClient(131)) - f61b783c-62f9-462d-872d-ac09aa128e21@group-4EC97286DCBF->8af73eb1-79e8-42bd-81b7-d22b4389184f-GrpcLogAppender: Leader has not got in touch with Follower f61b783c-62f9-462d-872d-ac09aa128e21@group-4EC97286DCBF->8af73eb1-79e8-42bd-81b7-d22b4389184f(c-1,m0,n1, attendVote=true, lastRpcSendTime=1, lastRpcResponseTime=6494) yet, just keep nextIndex unchanged and retry.
2022-11-24 06:38:45,218 [grpc-default-executor-3] WARN  server.GrpcLogAppender (GrpcLogAppender.java:resetClient(131)) - f61b783c-62f9-462d-872d-ac09aa128e21@group-4EC97286DCBF->8af73eb1-79e8-42bd-81b7-d22b4389184f-GrpcLogAppender: Leader has not got in touch with Follower f61b783c-62f9-462d-872d-ac09aa128e21@group-4EC97286DCBF->8af73eb1-79e8-42bd-81b7-d22b4389184f(c-1,m0,n1, attendVote=true, lastRpcSendTime=2, lastRpcResponseTime=6496) yet, just keep nextIndex unchanged and retry.
2022-11-24 06:38:45,873 [Listener at 127.0.0.1/43781] INFO  volume.HddsVolume (HddsVolume.java:closeDbStore(338)) - SchemaV3 db is stopped at /home/runner/work/ozone/ozone/hadoop-ozone/integration-test/target/test-dir/MiniOzoneClusterImpl-3ca4de4a-72c8-4c23-a990-0556c1b2e11a/datanode-6/data-0/containers/hdds/3ca4de4a-72c8-4c23-a990-0556c1b2e11a/DS-0432710e-923f-410d-aac0-9c9eef136c4e/container.db for volume DS-0432710e-923f-410d-aac0-9c9eef136c4e
2022-11-24 06:38:45,873 [Listener at 127.0.0.1/43781] INFO  utils.BackgroundService (BackgroundService.java:shutdown(141)) - Shutting down service BlockDeletingService
2022-11-24 06:38:45,873 [Listener at 127.0.0.1/43781] INFO  utils.BackgroundService (BackgroundService.java:shutdown(141)) - Shutting down service StaleRecoveringContainerScrubbingService
2022-11-24 06:38:45,877 [Listener at 127.0.0.1/43781] INFO  statemachine.DatanodeStateMachine (DatanodeStateMachine.java:stopDaemon(593)) - Ozone container server stopped.
2022-11-24 06:38:45,891 [Listener at 127.0.0.1/43781] INFO  handler.ContextHandler (ContextHandler.java:doStop(1159)) - Stopped o.e.j.w.WebAppContext@24f18372{hddsDatanode,/,null,STOPPED}{jar:file:/home/runner/.m2/repository/org/apache/ozone/hdds-container-service/1.3.0-SNAPSHOT/hdds-container-service-1.3.0-SNAPSHOT.jar!/webapps/hddsDatanode}
2022-11-24 06:38:45,897 [Listener at 127.0.0.1/43781] INFO  server.AbstractConnector (AbstractConnector.java:doStop(383)) - Stopped ServerConnector@10adc78d{HTTP/1.1, (http/1.1)}{0.0.0.0:0}
2022-11-24 06:38:45,897 [Listener at 127.0.0.1/43781] INFO  server.session (HouseKeeper.java:stopScavenging(149)) - node0 Stopped scavenging
2022-11-24 06:38:45,897 [Listener at 127.0.0.1/43781] INFO  handler.ContextHandler (ContextHandler.java:doStop(1159)) - Stopped o.e.j.s.ServletContextHandler@25061517{static,/static,jar:file:/home/runner/.m2/repository/org/apache/ozone/hdds-container-service/1.3.0-SNAPSHOT/hdds-container-service-1.3.0-SNAPSHOT.jar!/webapps/static,STOPPED}
2022-11-24 06:38:45,898 [Listener at 127.0.0.1/43781] INFO  handler.ContextHandler (ContextHandler.java:doStop(1159)) - Stopped o.e.j.s.ServletContextHandler@a22767a{logs,/logs,file:///home/runner/work/ozone/ozone/hadoop-ozone/integration-test/target/log,STOPPED}
2022-11-24 06:38:46,466 [grpc-default-executor-3] WARN  server.GrpcLogAppender (LogUtils.java:warn(122)) - f61b783c-62f9-462d-872d-ac09aa128e21@group-4EC97286DCBF->8af73eb1-79e8-42bd-81b7-d22b4389184f-AppendLogResponseHandler: Failed appendEntries: org.apache.ratis.thirdparty.io.grpc.StatusRuntimeException: UNAVAILABLE: io exception
2022-11-24 06:38:46,467 [grpc-default-executor-3] WARN  server.GrpcLogAppender (GrpcLogAppender.java:resetClient(131)) - f61b783c-62f9-462d-872d-ac09aa128e21@group-4EC97286DCBF->8af73eb1-79e8-42bd-81b7-d22b4389184f-GrpcLogAppender: Leader has not got in touch with Follower f61b783c-62f9-462d-872d-ac09aa128e21@group-4EC97286DCBF->8af73eb1-79e8-42bd-81b7-d22b4389184f(c-1,m0,n1, attendVote=true, lastRpcSendTime=1, lastRpcResponseTime=7745) yet, just keep nextIndex unchanged and retry.
2022-11-24 06:38:46,467 [grpc-default-executor-0] WARN  server.GrpcLogAppender (LogUtils.java:warn(122)) - f61b783c-62f9-462d-872d-ac09aa128e21@group-4EC97286DCBF->8af73eb1-79e8-42bd-81b7-d22b4389184f-AppendLogResponseHandler: Failed appendEntries: org.apache.ratis.thirdparty.io.grpc.StatusRuntimeException: UNAVAILABLE: io exception
2022-11-24 06:38:46,467 [grpc-default-executor-0] WARN  server.GrpcLogAppender (GrpcLogAppender.java:resetClient(131)) - f61b783c-62f9-462d-872d-ac09aa128e21@group-4EC97286DCBF->8af73eb1-79e8-42bd-81b7-d22b4389184f-GrpcLogAppender: Leader has not got in touch with Follower f61b783c-62f9-462d-872d-ac09aa128e21@group-4EC97286DCBF->8af73eb1-79e8-42bd-81b7-d22b4389184f(c-1,m0,n1, attendVote=true, lastRpcSendTime=1, lastRpcResponseTime=7745) yet, just keep nextIndex unchanged and retry.
2022-11-24 06:38:46,536 [EventQueue-StaleNodeForStaleNodeHandler] INFO  node.StaleNodeHandler (StaleNodeHandler.java:onMessage(59)) - Datanode 8af73eb1-79e8-42bd-81b7-d22b4389184f{ip: 10.1.1.33, host: fv-az453-211.hss2zji4abbufegd5wcf2so25h.dx.internal.cloudapp.net, ports: [REPLICATION=36185, RATIS=44141, RATIS_ADMIN=44141, RATIS_SERVER=44141, STANDALONE=36899], networkLocation: /default-rack, certSerialId: null, persistedOpState: IN_SERVICE, persistedOpStateExpiryEpochSec: 0} moved to stale state. Finalizing its pipelines [PipelineID=78a3379c-db77-46a6-9b1d-90f10f00f203, PipelineID=7eab0d13-f1ae-4404-aa34-4a1627a7e140, PipelineID=be17f3ae-1561-42cb-ba13-fbe109162e5c, PipelineID=3cb81546-a1e4-4674-93a2-4ec97286dcbf]
2022-11-24 06:38:46,537 [EventQueue-StaleNodeForStaleNodeHandler] INFO  pipeline.PipelineManagerImpl (PipelineManagerImpl.java:closePipeline(442)) - Pipeline Pipeline[ Id: 78a3379c-db77-46a6-9b1d-90f10f00f203, Nodes: 8af73eb1-79e8-42bd-81b7-d22b4389184f{ip: 10.1.1.33, host: fv-az453-211.hss2zji4abbufegd5wcf2so25h.dx.internal.cloudapp.net, ports: [REPLICATION=36185, RATIS=44141, RATIS_ADMIN=44141, RATIS_SERVER=44141, STANDALONE=36899], networkLocation: /default-rack, certSerialId: null, persistedOpState: IN_SERVICE, persistedOpStateExpiryEpochSec: 0}, ReplicationConfig: RATIS/ONE, State:OPEN, leaderId:8af73eb1-79e8-42bd-81b7-d22b4389184f, CreationTimestamp2022-11-24T06:38:35.723Z[Etc/UTC]] moved to CLOSED state
2022-11-24 06:38:46,537 [EventQueue-StaleNodeForStaleNodeHandler] INFO  pipeline.PipelineManagerImpl (PipelineManagerImpl.java:closePipeline(442)) - Pipeline Pipeline[ Id: 7eab0d13-f1ae-4404-aa34-4a1627a7e140, Nodes: 8af73eb1-79e8-42bd-81b7-d22b4389184f{ip: 10.1.1.33, host: fv-az453-211.hss2zji4abbufegd5wcf2so25h.dx.internal.cloudapp.net, ports: [REPLICATION=36185, RATIS=44141, RATIS_ADMIN=44141, RATIS_SERVER=44141, STANDALONE=36899], networkLocation: /default-rack, certSerialId: null, persistedOpState: IN_SERVICE, persistedOpStateExpiryEpochSec: 0}c8bfac46-0061-4906-a354-59c2fa211c25{ip: 10.1.1.33, host: fv-az453-211.hss2zji4abbufegd5wcf2so25h.dx.internal.cloudapp.net, ports: [REPLICATION=33399, RATIS=41215, RATIS_ADMIN=41215, RATIS_SERVER=41215, STANDALONE=43477], networkLocation: /default-rack, certSerialId: null, persistedOpState: IN_SERVICE, persistedOpStateExpiryEpochSec: 0}f61b783c-62f9-462d-872d-ac09aa128e21{ip: 10.1.1.33, host: fv-az453-211.hss2zji4abbufegd5wcf2so25h.dx.internal.cloudapp.net, ports: [REPLICATION=45671, RATIS=44027, RATIS_ADMIN=44027, RATIS_SERVER=44027, STANDALONE=38233], networkLocation: /default-rack, certSerialId: null, persistedOpState: IN_SERVICE, persistedOpStateExpiryEpochSec: 0}, ReplicationConfig: RATIS/THREE, State:ALLOCATED, leaderId:, CreationTimestamp2022-11-24T06:38:36.669Z[Etc/UTC]] moved to CLOSED state
2022-11-24 06:38:46,542 [EventQueue-StaleNodeForStaleNodeHandler] INFO  pipeline.PipelineManagerImpl (PipelineManagerImpl.java:closeContainersForPipeline(421)) - Container #1 closed for pipeline=PipelineID=be17f3ae-1561-42cb-ba13-fbe109162e5c
2022-11-24 06:38:46,543 [EventQueue-StaleNodeForStaleNodeHandler] INFO  pipeline.PipelineManagerImpl (PipelineManagerImpl.java:closePipeline(442)) - Pipeline Pipeline[ Id: be17f3ae-1561-42cb-ba13-fbe109162e5c, Nodes: 8af73eb1-79e8-42bd-81b7-d22b4389184f{ip: 10.1.1.33, host: fv-az453-211.hss2zji4abbufegd5wcf2so25h.dx.internal.cloudapp.net, ports: [REPLICATION=36185, RATIS=44141, RATIS_ADMIN=44141, RATIS_SERVER=44141, STANDALONE=36899], networkLocation: /default-rack, certSerialId: null, persistedOpState: null, persistedOpStateExpiryEpochSec: 0}f61b783c-62f9-462d-872d-ac09aa128e21{ip: 10.1.1.33, host: fv-az453-211.hss2zji4abbufegd5wcf2so25h.dx.internal.cloudapp.net, ports: [REPLICATION=45671, RATIS=44027, RATIS_ADMIN=44027, RATIS_SERVER=44027, STANDALONE=38233], networkLocation: /default-rack, certSerialId: null, persistedOpState: null, persistedOpStateExpiryEpochSec: 0}4949dc81-86be-4926-96a6-534c5c5588ca{ip: 10.1.1.33, host: fv-az453-211.hss2zji4abbufegd5wcf2so25h.dx.internal.cloudapp.net, ports: [REPLICATION=46611, RATIS=45371, RATIS_ADMIN=45371, RATIS_SERVER=45371, STANDALONE=38135], networkLocation: /default-rack, certSerialId: null, persistedOpState: null, persistedOpStateExpiryEpochSec: 0}2412583d-f0ce-4b83-96a1-c4f14f6f25ae{ip: 10.1.1.33, host: fv-az453-211.hss2zji4abbufegd5wcf2so25h.dx.internal.cloudapp.net, ports: [REPLICATION=36327, RATIS=34367, RATIS_ADMIN=34367, RATIS_SERVER=34367, STANDALONE=42617], networkLocation: /default-rack, certSerialId: null, persistedOpState: null, persistedOpStateExpiryEpochSec: 0}06429dc3-6184-4705-8d2a-a6f8dedf2170{ip: 10.1.1.33, host: fv-az453-211.hss2zji4abbufegd5wcf2so25h.dx.internal.cloudapp.net, ports: [REPLICATION=44101, RATIS=44897, RATIS_ADMIN=44897, RATIS_SERVER=44897, STANDALONE=36083], networkLocation: /default-rack, certSerialId: null, persistedOpState: null, persistedOpStateExpiryEpochSec: 0}, ReplicationConfig: EC/ECReplicationConfig{data=3, parity=2, ecChunkSize=1024, codec=rs}, State:OPEN, leaderId:, CreationTimestamp2022-11-24T06:38:42.992Z[Etc/UTC]] moved to CLOSED state
2022-11-24 06:38:46,544 [EventQueue-StaleNodeForStaleNodeHandler] INFO  pipeline.PipelineManagerImpl (PipelineManagerImpl.java:closePipeline(442)) - Pipeline Pipeline[ Id: 3cb81546-a1e4-4674-93a2-4ec97286dcbf, Nodes: f61b783c-62f9-462d-872d-ac09aa128e21{ip: 10.1.1.33, host: fv-az453-211.hss2zji4abbufegd5wcf2so25h.dx.internal.cloudapp.net, ports: [REPLICATION=45671, RATIS=44027, RATIS_ADMIN=44027, RATIS_SERVER=44027, STANDALONE=38233], networkLocation: /default-rack, certSerialId: null, persistedOpState: IN_SERVICE, persistedOpStateExpiryEpochSec: 0}8af73eb1-79e8-42bd-81b7-d22b4389184f{ip: 10.1.1.33, host: fv-az453-211.hss2zji4abbufegd5wcf2so25h.dx.internal.cloudapp.net, ports: [REPLICATION=36185, RATIS=44141, RATIS_ADMIN=44141, RATIS_SERVER=44141, STANDALONE=36899], networkLocation: /default-rack, certSerialId: null, persistedOpState: IN_SERVICE, persistedOpStateExpiryEpochSec: 0}c8bfac46-0061-4906-a354-59c2fa211c25{ip: 10.1.1.33, host: fv-az453-211.hss2zji4abbufegd5wcf2so25h.dx.internal.cloudapp.net, ports: [REPLICATION=33399, RATIS=41215, RATIS_ADMIN=41215, RATIS_SERVER=41215, STANDALONE=43477], networkLocation: /default-rack, certSerialId: null, persistedOpState: IN_SERVICE, persistedOpStateExpiryEpochSec: 0}, ReplicationConfig: RATIS/THREE, State:OPEN, leaderId:f61b783c-62f9-462d-872d-ac09aa128e21, CreationTimestamp2022-11-24T06:38:36.667Z[Etc/UTC]] moved to CLOSED state
2022-11-24 06:38:46,544 [EventQueue-CloseContainerForCloseContainerEventHandler] INFO  container.CloseContainerEventHandler (CloseContainerEventHandler.java:onMessage(73)) - Close container Event triggered for container : #1, current state: CLOSING
2022-11-24 06:38:47,259 [cb9a1e57-5a73-4518-a050-b0d695628b3e@group-763B35D9546F-FollowerState] INFO  impl.FollowerState (FollowerState.java:run(143)) - cb9a1e57-5a73-4518-a050-b0d695628b3e@group-763B35D9546F-FollowerState: change to CANDIDATE, lastRpcElapsedTime:5017797888ns, electionTimeout:5002ms
2022-11-24 06:38:47,259 [cb9a1e57-5a73-4518-a050-b0d695628b3e@group-763B35D9546F-FollowerState] INFO  impl.RoleInfo (RoleInfo.java:shutdownFollowerState(110)) - cb9a1e57-5a73-4518-a050-b0d695628b3e: shutdown cb9a1e57-5a73-4518-a050-b0d695628b3e@group-763B35D9546F-FollowerState
2022-11-24 06:38:47,259 [cb9a1e57-5a73-4518-a050-b0d695628b3e@group-763B35D9546F-FollowerState] INFO  server.RaftServer$Division (RaftServerImpl.java:setRole(321)) - cb9a1e57-5a73-4518-a050-b0d695628b3e@group-763B35D9546F: changes role from  FOLLOWER to CANDIDATE at term 1 for changeToCandidate
2022-11-24 06:38:47,259 [cb9a1e57-5a73-4518-a050-b0d695628b3e@group-763B35D9546F-FollowerState] INFO  server.RaftServerConfigKeys (ConfUtils.java:logGet(46)) - raft.server.leaderelection.pre-vote = false (custom)
2022-11-24 06:38:47,259 [cb9a1e57-5a73-4518-a050-b0d695628b3e@group-763B35D9546F-FollowerState] INFO  impl.RoleInfo (RoleInfo.java:updateAndGet(139)) - cb9a1e57-5a73-4518-a050-b0d695628b3e: start cb9a1e57-5a73-4518-a050-b0d695628b3e@group-763B35D9546F-LeaderElection21
2022-11-24 06:38:47,268 [cb9a1e57-5a73-4518-a050-b0d695628b3e@group-763B35D9546F-LeaderElection21] INFO  impl.LeaderElection (LeaderElection.java:askForVotes(312)) - cb9a1e57-5a73-4518-a050-b0d695628b3e@group-763B35D9546F-LeaderElection21 ELECTION round 0: submit vote requests at term 2 for -1: peers:[06429dc3-6184-4705-8d2a-a6f8dedf2170|rpc:10.1.1.33:44897|priority:0|startupRole:FOLLOWER, fb3b41a4-a9f1-45d3-bf74-4074fcf3e767|rpc:10.1.1.33:41917|priority:0|startupRole:FOLLOWER, cb9a1e57-5a73-4518-a050-b0d695628b3e|rpc:10.1.1.33:33351|priority:1|startupRole:FOLLOWER]|listeners:[], old=null
2022-11-24 06:38:47,269 [cb9a1e57-5a73-4518-a050-b0d695628b3e@group-763B35D9546F-LeaderElection21-1] INFO  server.GrpcServerProtocolClient (GrpcServerProtocolClient.java:<init>(63)) - Build channel for 06429dc3-6184-4705-8d2a-a6f8dedf2170
2022-11-24 06:38:47,274 [cb9a1e57-5a73-4518-a050-b0d695628b3e@group-763B35D9546F-LeaderElection21] INFO  server.RaftServerConfigKeys (ConfUtils.java:logFallback(53)) - raft.server.rpc.first-election.timeout.min = 5s (fallback to raft.server.rpc.timeout.min)
2022-11-24 06:38:47,274 [cb9a1e57-5a73-4518-a050-b0d695628b3e@group-763B35D9546F-LeaderElection21] INFO  server.RaftServerConfigKeys (ConfUtils.java:logFallback(53)) - raft.server.rpc.first-election.timeout.max = 5200ms (fallback to raft.server.rpc.timeout.max)
2022-11-24 06:38:47,275 [cb9a1e57-5a73-4518-a050-b0d695628b3e@group-763B35D9546F-LeaderElection21-2] INFO  server.GrpcServerProtocolClient (GrpcServerProtocolClient.java:<init>(63)) - Build channel for fb3b41a4-a9f1-45d3-bf74-4074fcf3e767
2022-11-24 06:38:47,282 [grpc-default-executor-3] INFO  server.RaftServer$Division (RaftServerImpl.java:requestVote(1218)) - 06429dc3-6184-4705-8d2a-a6f8dedf2170@group-763B35D9546F: receive requestVote(ELECTION, cb9a1e57-5a73-4518-a050-b0d695628b3e, group-763B35D9546F, 2, (t:0, i:0))
2022-11-24 06:38:47,282 [grpc-default-executor-3] INFO  impl.VoteContext (VoteContext.java:log(48)) - 06429dc3-6184-4705-8d2a-a6f8dedf2170@group-763B35D9546F-FOLLOWER: accept ELECTION from cb9a1e57-5a73-4518-a050-b0d695628b3e: our priority 0 <= candidate's priority 1
2022-11-24 06:38:47,282 [grpc-default-executor-3] INFO  server.RaftServer$Division (RaftServerImpl.java:setRole(321)) - 06429dc3-6184-4705-8d2a-a6f8dedf2170@group-763B35D9546F: changes role from  FOLLOWER to FOLLOWER at term 2 for candidate:cb9a1e57-5a73-4518-a050-b0d695628b3e
2022-11-24 06:38:47,282 [grpc-default-executor-3] INFO  impl.RoleInfo (RoleInfo.java:shutdownFollowerState(110)) - 06429dc3-6184-4705-8d2a-a6f8dedf2170: shutdown 06429dc3-6184-4705-8d2a-a6f8dedf2170@group-763B35D9546F-FollowerState
2022-11-24 06:38:47,282 [grpc-default-executor-3] INFO  impl.RoleInfo (RoleInfo.java:updateAndGet(139)) - 06429dc3-6184-4705-8d2a-a6f8dedf2170: start 06429dc3-6184-4705-8d2a-a6f8dedf2170@group-763B35D9546F-FollowerState
2022-11-24 06:38:47,282 [06429dc3-6184-4705-8d2a-a6f8dedf2170@group-763B35D9546F-FollowerState] INFO  impl.FollowerState (FollowerState.java:run(152)) - 06429dc3-6184-4705-8d2a-a6f8dedf2170@group-763B35D9546F-FollowerState was interrupted
2022-11-24 06:38:47,286 [06429dc3-6184-4705-8d2a-a6f8dedf2170@group-763B35D9546F-FollowerState] INFO  server.RaftServerConfigKeys (ConfUtils.java:logFallback(53)) - raft.server.rpc.first-election.timeout.min = 5s (fallback to raft.server.rpc.timeout.min)
2022-11-24 06:38:47,288 [grpc-default-executor-3] INFO  server.RaftServer$Division (RaftServerImpl.java:requestVote(1251)) - 06429dc3-6184-4705-8d2a-a6f8dedf2170@group-763B35D9546F replies to ELECTION vote request: cb9a1e57-5a73-4518-a050-b0d695628b3e<-06429dc3-6184-4705-8d2a-a6f8dedf2170#0:OK-t2. Peer's state: 06429dc3-6184-4705-8d2a-a6f8dedf2170@group-763B35D9546F:t2, leader=null, voted=cb9a1e57-5a73-4518-a050-b0d695628b3e, raftlog=Memoized:06429dc3-6184-4705-8d2a-a6f8dedf2170@group-763B35D9546F-SegmentedRaftLog:OPENED:c-1, conf=-1: peers:[06429dc3-6184-4705-8d2a-a6f8dedf2170|rpc:10.1.1.33:44897|priority:0|startupRole:FOLLOWER, fb3b41a4-a9f1-45d3-bf74-4074fcf3e767|rpc:10.1.1.33:41917|priority:0|startupRole:FOLLOWER, cb9a1e57-5a73-4518-a050-b0d695628b3e|rpc:10.1.1.33:33351|priority:1|startupRole:FOLLOWER]|listeners:[], old=null
2022-11-24 06:38:47,289 [06429dc3-6184-4705-8d2a-a6f8dedf2170@group-763B35D9546F-FollowerState] INFO  server.RaftServerConfigKeys (ConfUtils.java:logFallback(53)) - raft.server.rpc.first-election.timeout.max = 5200ms (fallback to raft.server.rpc.timeout.max)
2022-11-24 06:38:47,292 [cb9a1e57-5a73-4518-a050-b0d695628b3e@group-763B35D9546F-LeaderElection21] INFO  impl.LeaderElection (LeaderElection.java:logAndReturn(90)) - cb9a1e57-5a73-4518-a050-b0d695628b3e@group-763B35D9546F-LeaderElection21: ELECTION PASSED received 1 response(s) and 0 exception(s):
2022-11-24 06:38:47,292 [cb9a1e57-5a73-4518-a050-b0d695628b3e@group-763B35D9546F-LeaderElection21] INFO  impl.LeaderElection (LeaderElection.java:logAndReturn(94)) -   Response 0: cb9a1e57-5a73-4518-a050-b0d695628b3e<-06429dc3-6184-4705-8d2a-a6f8dedf2170#0:OK-t2
2022-11-24 06:38:47,292 [cb9a1e57-5a73-4518-a050-b0d695628b3e@group-763B35D9546F-LeaderElection21] INFO  impl.LeaderElection (LeaderElection.java:askForVotes(314)) - cb9a1e57-5a73-4518-a050-b0d695628b3e@group-763B35D9546F-LeaderElection21 ELECTION round 0: result PASSED
2022-11-24 06:38:47,292 [cb9a1e57-5a73-4518-a050-b0d695628b3e@group-763B35D9546F-LeaderElection21] INFO  impl.RoleInfo (RoleInfo.java:shutdownLeaderElection(130)) - cb9a1e57-5a73-4518-a050-b0d695628b3e: shutdown cb9a1e57-5a73-4518-a050-b0d695628b3e@group-763B35D9546F-LeaderElection21
2022-11-24 06:38:47,292 [cb9a1e57-5a73-4518-a050-b0d695628b3e@group-763B35D9546F-LeaderElection21] INFO  server.RaftServer$Division (RaftServerImpl.java:setRole(321)) - cb9a1e57-5a73-4518-a050-b0d695628b3e@group-763B35D9546F: changes role from CANDIDATE to LEADER at term 2 for changeToLeader
2022-11-24 06:38:47,292 [cb9a1e57-5a73-4518-a050-b0d695628b3e@group-763B35D9546F-LeaderElection21] INFO  ratis.XceiverServerRatis (XceiverServerRatis.java:handleLeaderChangedNotification(863)) - Leader change notification received for group: group-763B35D9546F with new leaderId: cb9a1e57-5a73-4518-a050-b0d695628b3e
2022-11-24 06:38:47,293 [cb9a1e57-5a73-4518-a050-b0d695628b3e@group-763B35D9546F-LeaderElection21] INFO  server.RaftServer$Division (ServerState.java:setLeader(313)) - cb9a1e57-5a73-4518-a050-b0d695628b3e@group-763B35D9546F: change Leader from null to cb9a1e57-5a73-4518-a050-b0d695628b3e at term 2 for becomeLeader, leader elected after 10174ms
2022-11-24 06:38:47,293 [cb9a1e57-5a73-4518-a050-b0d695628b3e@group-763B35D9546F-LeaderElection21] INFO  server.RaftServerConfigKeys (ConfUtils.java:logGet(46)) - raft.server.staging.catchup.gap = 1000 (default)
2022-11-24 06:38:47,293 [cb9a1e57-5a73-4518-a050-b0d695628b3e@group-763B35D9546F-LeaderElection21] INFO  server.RaftServerConfigKeys (ConfUtils.java:logGet(46)) - raft.server.write.element-limit = 1024 (custom)
2022-11-24 06:38:47,293 [cb9a1e57-5a73-4518-a050-b0d695628b3e@group-763B35D9546F-LeaderElection21] INFO  server.RaftServerConfigKeys (ConfUtils.java:logGet(46)) - raft.server.write.byte-limit = 1024 M (=1073741824) (custom)
2022-11-24 06:38:47,293 [cb9a1e57-5a73-4518-a050-b0d695628b3e@group-763B35D9546F-LeaderElection21] INFO  server.RaftServerConfigKeys (ConfUtils.java:logGet(46)) - raft.server.watch.timeout = 180s (custom)
2022-11-24 06:38:47,293 [cb9a1e57-5a73-4518-a050-b0d695628b3e@group-763B35D9546F-LeaderElection21] INFO  server.RaftServerConfigKeys (ConfUtils.java:logGet(46)) - raft.server.watch.timeout.denomination = 1s (default)
2022-11-24 06:38:47,293 [cb9a1e57-5a73-4518-a050-b0d695628b3e@group-763B35D9546F-LeaderElection21] INFO  server.RaftServerConfigKeys (ConfUtils.java:logGet(46)) - raft.server.watch.element-limit = 65536 (default)
2022-11-24 06:38:47,293 [cb9a1e57-5a73-4518-a050-b0d695628b3e@group-763B35D9546F-LeaderElection21] INFO  server.RaftServerConfigKeys (ConfUtils.java:logGet(46)) - raft.server.write.element-limit = 1024 (custom)
2022-11-24 06:38:47,294 [cb9a1e57-5a73-4518-a050-b0d695628b3e@group-763B35D9546F-LeaderElection21] INFO  server.RaftServerConfigKeys (ConfUtils.java:logGet(46)) - raft.server.write.follower.gap.ratio.max = -1.0 (default)
2022-11-24 06:38:47,294 [grpc-default-executor-0] INFO  server.RaftServer$Division (RaftServerImpl.java:requestVote(1218)) - fb3b41a4-a9f1-45d3-bf74-4074fcf3e767@group-763B35D9546F: receive requestVote(ELECTION, cb9a1e57-5a73-4518-a050-b0d695628b3e, group-763B35D9546F, 2, (t:0, i:0))
2022-11-24 06:38:47,294 [grpc-default-executor-0] INFO  impl.VoteContext (VoteContext.java:log(48)) - fb3b41a4-a9f1-45d3-bf74-4074fcf3e767@group-763B35D9546F-FOLLOWER: accept ELECTION from cb9a1e57-5a73-4518-a050-b0d695628b3e: our priority 0 <= candidate's priority 1
2022-11-24 06:38:47,294 [grpc-default-executor-0] INFO  server.RaftServer$Division (RaftServerImpl.java:setRole(321)) - fb3b41a4-a9f1-45d3-bf74-4074fcf3e767@group-763B35D9546F: changes role from  FOLLOWER to FOLLOWER at term 2 for candidate:cb9a1e57-5a73-4518-a050-b0d695628b3e
2022-11-24 06:38:47,294 [grpc-default-executor-0] INFO  impl.RoleInfo (RoleInfo.java:shutdownFollowerState(110)) - fb3b41a4-a9f1-45d3-bf74-4074fcf3e767: shutdown fb3b41a4-a9f1-45d3-bf74-4074fcf3e767@group-763B35D9546F-FollowerState
2022-11-24 06:38:47,294 [grpc-default-executor-0] INFO  impl.RoleInfo (RoleInfo.java:updateAndGet(139)) - fb3b41a4-a9f1-45d3-bf74-4074fcf3e767: start fb3b41a4-a9f1-45d3-bf74-4074fcf3e767@group-763B35D9546F-FollowerState
2022-11-24 06:38:47,294 [fb3b41a4-a9f1-45d3-bf74-4074fcf3e767@group-763B35D9546F-FollowerState] INFO  impl.FollowerState (FollowerState.java:run(152)) - fb3b41a4-a9f1-45d3-bf74-4074fcf3e767@group-763B35D9546F-FollowerState was interrupted
2022-11-24 06:38:47,295 [cb9a1e57-5a73-4518-a050-b0d695628b3e@group-763B35D9546F-LeaderElection21] INFO  server.RaftServerConfigKeys (ConfUtils.java:logGet(46)) - raft.server.log.appender.snapshot.chunk.size.max = 16MB (=16777216) (default)
2022-11-24 06:38:47,295 [cb9a1e57-5a73-4518-a050-b0d695628b3e@group-763B35D9546F-LeaderElection21] INFO  server.RaftServerConfigKeys (ConfUtils.java:logGet(46)) - raft.server.log.appender.buffer.byte-limit = 33554432 (custom)
2022-11-24 06:38:47,295 [cb9a1e57-5a73-4518-a050-b0d695628b3e@group-763B35D9546F-LeaderElection21] INFO  server.RaftServerConfigKeys (ConfUtils.java:logGet(46)) - raft.server.log.appender.buffer.element-limit = 1 (custom)
2022-11-24 06:38:47,300 [EventQueue-PipelineReportForPipelineReportHandler] INFO  pipeline.PipelineManagerImpl (PipelineManagerImpl.java:openPipeline(367)) - Pipeline Pipeline[ Id: 1243174a-1692-479f-8736-763b35d9546f, Nodes: cb9a1e57-5a73-4518-a050-b0d695628b3e{ip: 10.1.1.33, host: fv-az453-211.hss2zji4abbufegd5wcf2so25h.dx.internal.cloudapp.net, ports: [REPLICATION=41653, RATIS=33351, RATIS_ADMIN=33351, RATIS_SERVER=33351, STANDALONE=40057], networkLocation: /default-rack, certSerialId: null, persistedOpState: IN_SERVICE, persistedOpStateExpiryEpochSec: 0}06429dc3-6184-4705-8d2a-a6f8dedf2170{ip: 10.1.1.33, host: fv-az453-211.hss2zji4abbufegd5wcf2so25h.dx.internal.cloudapp.net, ports: [REPLICATION=44101, RATIS=44897, RATIS_ADMIN=44897, RATIS_SERVER=44897, STANDALONE=36083], networkLocation: /default-rack, certSerialId: null, persistedOpState: IN_SERVICE, persistedOpStateExpiryEpochSec: 0}fb3b41a4-a9f1-45d3-bf74-4074fcf3e767{ip: 10.1.1.33, host: fv-az453-211.hss2zji4abbufegd5wcf2so25h.dx.internal.cloudapp.net, ports: [REPLICATION=44533, RATIS=41917, RATIS_ADMIN=41917, RATIS_SERVER=41917, STANDALONE=33289], networkLocation: /default-rack, certSerialId: null, persistedOpState: IN_SERVICE, persistedOpStateExpiryEpochSec: 0}, ReplicationConfig: RATIS/THREE, State:ALLOCATED, leaderId:cb9a1e57-5a73-4518-a050-b0d695628b3e, CreationTimestamp2022-11-24T06:38:34.016Z[Etc/UTC]] moved to OPEN state
2022-11-24 06:38:47,324 [cb9a1e57-5a73-4518-a050-b0d695628b3e@group-763B35D9546F-LeaderElection21] INFO  grpc.GrpcConfigKeys (ConfUtils.java:logGet(46)) - raft.grpc.server.leader.outstanding.appends.max = 128 (default)
2022-11-24 06:38:47,324 [cb9a1e57-5a73-4518-a050-b0d695628b3e@group-763B35D9546F-LeaderElection21] INFO  server.RaftServerConfigKeys (ConfUtils.java:logGet(46)) - raft.server.rpc.request.timeout = 60s (custom)
2022-11-24 06:38:47,324 [cb9a1e57-5a73-4518-a050-b0d695628b3e@group-763B35D9546F-LeaderElection21] INFO  server.RaftServerConfigKeys (ConfUtils.java:logGet(46)) - raft.server.log.appender.install.snapshot.enabled = false (custom)
2022-11-24 06:38:47,324 [cb9a1e57-5a73-4518-a050-b0d695628b3e@group-763B35D9546F-LeaderElection21] INFO  grpc.GrpcConfigKeys (ConfUtils.java:logGet(46)) - raft.grpc.server.heartbeat.channel = true (default)
2022-11-24 06:38:47,324 [cb9a1e57-5a73-4518-a050-b0d695628b3e@group-763B35D9546F-LeaderElection21] INFO  server.RaftServerConfigKeys (ConfUtils.java:logGet(46)) - raft.server.log.appender.wait-time.min = 10ms (default)
2022-11-24 06:38:47,325 [cb9a1e57-5a73-4518-a050-b0d695628b3e@group-763B35D9546F-LeaderElection21] INFO  server.RaftServerConfigKeys (ConfUtils.java:logGet(46)) - raft.server.log.appender.snapshot.chunk.size.max = 16MB (=16777216) (default)
2022-11-24 06:38:47,325 [cb9a1e57-5a73-4518-a050-b0d695628b3e@group-763B35D9546F-LeaderElection21] INFO  server.RaftServerConfigKeys (ConfUtils.java:logGet(46)) - raft.server.log.appender.buffer.byte-limit = 33554432 (custom)
2022-11-24 06:38:47,325 [cb9a1e57-5a73-4518-a050-b0d695628b3e@group-763B35D9546F-LeaderElection21] INFO  server.RaftServerConfigKeys (ConfUtils.java:logGet(46)) - raft.server.log.appender.buffer.element-limit = 1 (custom)
2022-11-24 06:38:47,325 [cb9a1e57-5a73-4518-a050-b0d695628b3e@group-763B35D9546F-LeaderElection21] INFO  grpc.GrpcConfigKeys (ConfUtils.java:logGet(46)) - raft.grpc.server.leader.outstanding.appends.max = 128 (default)
2022-11-24 06:38:47,325 [cb9a1e57-5a73-4518-a050-b0d695628b3e@group-763B35D9546F-LeaderElection21] INFO  server.RaftServerConfigKeys (ConfUtils.java:logGet(46)) - raft.server.rpc.request.timeout = 60s (custom)
2022-11-24 06:38:47,325 [cb9a1e57-5a73-4518-a050-b0d695628b3e@group-763B35D9546F-LeaderElection21] INFO  server.RaftServerConfigKeys (ConfUtils.java:logGet(46)) - raft.server.log.appender.install.snapshot.enabled = false (custom)
2022-11-24 06:38:47,325 [cb9a1e57-5a73-4518-a050-b0d695628b3e@group-763B35D9546F-LeaderElection21] INFO  grpc.GrpcConfigKeys (ConfUtils.java:logGet(46)) - raft.grpc.server.heartbeat.channel = true (default)
2022-11-24 06:38:47,325 [cb9a1e57-5a73-4518-a050-b0d695628b3e@group-763B35D9546F-LeaderElection21] INFO  server.RaftServerConfigKeys (ConfUtils.java:logGet(46)) - raft.server.log.appender.wait-time.min = 10ms (default)
2022-11-24 06:38:47,326 [cb9a1e57-5a73-4518-a050-b0d695628b3e@group-763B35D9546F-LeaderElection21] INFO  impl.RoleInfo (RoleInfo.java:updateAndGet(139)) - cb9a1e57-5a73-4518-a050-b0d695628b3e: start cb9a1e57-5a73-4518-a050-b0d695628b3e@group-763B35D9546F-LeaderStateImpl
2022-11-24 06:38:47,326 [cb9a1e57-5a73-4518-a050-b0d695628b3e@group-763B35D9546F-LeaderElection21] INFO  segmented.SegmentedRaftLogWorker (SegmentedRaftLogWorker.java:startLogSegment(452)) - cb9a1e57-5a73-4518-a050-b0d695628b3e@group-763B35D9546F-SegmentedRaftLogWorker: Starting segment from index:0
2022-11-24 06:38:47,328 [cb9a1e57-5a73-4518-a050-b0d695628b3e@group-763B35D9546F-SegmentedRaftLogWorker] INFO  segmented.SegmentedRaftLogWorker (SegmentedRaftLogWorker.java:execute(656)) - cb9a1e57-5a73-4518-a050-b0d695628b3e@group-763B35D9546F-SegmentedRaftLogWorker: created new log segment /home/runner/work/ozone/ozone/hadoop-ozone/integration-test/target/test-dir/MiniOzoneClusterImpl-3ca4de4a-72c8-4c23-a990-0556c1b2e11a/datanode-1/data/ratis/1243174a-1692-479f-8736-763b35d9546f/current/log_inprogress_0
2022-11-24 06:38:47,332 [fb3b41a4-a9f1-45d3-bf74-4074fcf3e767@group-763B35D9546F-FollowerState] INFO  server.RaftServerConfigKeys (ConfUtils.java:logFallback(53)) - raft.server.rpc.first-election.timeout.min = 5s (fallback to raft.server.rpc.timeout.min)
2022-11-24 06:38:47,332 [fb3b41a4-a9f1-45d3-bf74-4074fcf3e767@group-763B35D9546F-FollowerState] INFO  server.RaftServerConfigKeys (ConfUtils.java:logFallback(53)) - raft.server.rpc.first-election.timeout.max = 5200ms (fallback to raft.server.rpc.timeout.max)
2022-11-24 06:38:47,335 [grpc-default-executor-0] INFO  server.RaftServer$Division (RaftServerImpl.java:requestVote(1251)) - fb3b41a4-a9f1-45d3-bf74-4074fcf3e767@group-763B35D9546F replies to ELECTION vote request: cb9a1e57-5a73-4518-a050-b0d695628b3e<-fb3b41a4-a9f1-45d3-bf74-4074fcf3e767#0:OK-t2. Peer's state: fb3b41a4-a9f1-45d3-bf74-4074fcf3e767@group-763B35D9546F:t2, leader=null, voted=cb9a1e57-5a73-4518-a050-b0d695628b3e, raftlog=Memoized:fb3b41a4-a9f1-45d3-bf74-4074fcf3e767@group-763B35D9546F-SegmentedRaftLog:OPENED:c-1, conf=-1: peers:[06429dc3-6184-4705-8d2a-a6f8dedf2170|rpc:10.1.1.33:44897|priority:0|startupRole:FOLLOWER, fb3b41a4-a9f1-45d3-bf74-4074fcf3e767|rpc:10.1.1.33:41917|priority:0|startupRole:FOLLOWER, cb9a1e57-5a73-4518-a050-b0d695628b3e|rpc:10.1.1.33:33351|priority:1|startupRole:FOLLOWER]|listeners:[], old=null
2022-11-24 06:38:47,338 [cb9a1e57-5a73-4518-a050-b0d695628b3e@group-763B35D9546F-LeaderElection21] INFO  server.RaftServer$Division (ServerState.java:setRaftConf(430)) - cb9a1e57-5a73-4518-a050-b0d695628b3e@group-763B35D9546F: set configuration 0: peers:[06429dc3-6184-4705-8d2a-a6f8dedf2170|rpc:10.1.1.33:44897|dataStream:|priority:0|startupRole:FOLLOWER, fb3b41a4-a9f1-45d3-bf74-4074fcf3e767|rpc:10.1.1.33:41917|dataStream:|priority:0|startupRole:FOLLOWER, cb9a1e57-5a73-4518-a050-b0d695628b3e|rpc:10.1.1.33:33351|dataStream:|priority:1|startupRole:FOLLOWER]|listeners:[], old=null
2022-11-24 06:38:47,379 [06429dc3-6184-4705-8d2a-a6f8dedf2170-server-thread1] INFO  ratis.XceiverServerRatis (XceiverServerRatis.java:handleLeaderChangedNotification(863)) - Leader change notification received for group: group-763B35D9546F with new leaderId: cb9a1e57-5a73-4518-a050-b0d695628b3e
2022-11-24 06:38:47,380 [06429dc3-6184-4705-8d2a-a6f8dedf2170-server-thread1] INFO  server.RaftServer$Division (ServerState.java:setLeader(313)) - 06429dc3-6184-4705-8d2a-a6f8dedf2170@group-763B35D9546F: change Leader from null to cb9a1e57-5a73-4518-a050-b0d695628b3e at term 2 for appendEntries, leader elected after 10314ms
2022-11-24 06:38:47,381 [06429dc3-6184-4705-8d2a-a6f8dedf2170-server-thread2] INFO  server.RaftServer$Division (ServerState.java:setRaftConf(430)) - 06429dc3-6184-4705-8d2a-a6f8dedf2170@group-763B35D9546F: set configuration 0: peers:[06429dc3-6184-4705-8d2a-a6f8dedf2170|rpc:10.1.1.33:44897|dataStream:|priority:0|startupRole:FOLLOWER, fb3b41a4-a9f1-45d3-bf74-4074fcf3e767|rpc:10.1.1.33:41917|dataStream:|priority:0|startupRole:FOLLOWER, cb9a1e57-5a73-4518-a050-b0d695628b3e|rpc:10.1.1.33:33351|dataStream:|priority:1|startupRole:FOLLOWER]|listeners:[], old=null
2022-11-24 06:38:47,381 [06429dc3-6184-4705-8d2a-a6f8dedf2170-server-thread2] INFO  segmented.SegmentedRaftLogWorker (SegmentedRaftLogWorker.java:startLogSegment(452)) - 06429dc3-6184-4705-8d2a-a6f8dedf2170@group-763B35D9546F-SegmentedRaftLogWorker: Starting segment from index:0
2022-11-24 06:38:47,382 [fb3b41a4-a9f1-45d3-bf74-4074fcf3e767-server-thread1] INFO  ratis.XceiverServerRatis (XceiverServerRatis.java:handleLeaderChangedNotification(863)) - Leader change notification received for group: group-763B35D9546F with new leaderId: cb9a1e57-5a73-4518-a050-b0d695628b3e
2022-11-24 06:38:47,382 [fb3b41a4-a9f1-45d3-bf74-4074fcf3e767-server-thread1] INFO  server.RaftServer$Division (ServerState.java:setLeader(313)) - fb3b41a4-a9f1-45d3-bf74-4074fcf3e767@group-763B35D9546F: change Leader from null to cb9a1e57-5a73-4518-a050-b0d695628b3e at term 2 for appendEntries, leader elected after 10301ms
2022-11-24 06:38:47,383 [06429dc3-6184-4705-8d2a-a6f8dedf2170@group-763B35D9546F-SegmentedRaftLogWorker] INFO  segmented.SegmentedRaftLogWorker (SegmentedRaftLogWorker.java:execute(656)) - 06429dc3-6184-4705-8d2a-a6f8dedf2170@group-763B35D9546F-SegmentedRaftLogWorker: created new log segment /home/runner/work/ozone/ozone/hadoop-ozone/integration-test/target/test-dir/MiniOzoneClusterImpl-3ca4de4a-72c8-4c23-a990-0556c1b2e11a/datanode-2/data/ratis/1243174a-1692-479f-8736-763b35d9546f/current/log_inprogress_0
2022-11-24 06:38:47,394 [fb3b41a4-a9f1-45d3-bf74-4074fcf3e767-server-thread1] INFO  server.RaftServer$Division (ServerState.java:setRaftConf(430)) - fb3b41a4-a9f1-45d3-bf74-4074fcf3e767@group-763B35D9546F: set configuration 0: peers:[06429dc3-6184-4705-8d2a-a6f8dedf2170|rpc:10.1.1.33:44897|dataStream:|priority:0|startupRole:FOLLOWER, fb3b41a4-a9f1-45d3-bf74-4074fcf3e767|rpc:10.1.1.33:41917|dataStream:|priority:0|startupRole:FOLLOWER, cb9a1e57-5a73-4518-a050-b0d695628b3e|rpc:10.1.1.33:33351|dataStream:|priority:1|startupRole:FOLLOWER]|listeners:[], old=null
2022-11-24 06:38:47,395 [fb3b41a4-a9f1-45d3-bf74-4074fcf3e767-server-thread1] INFO  segmented.SegmentedRaftLogWorker (SegmentedRaftLogWorker.java:startLogSegment(452)) - fb3b41a4-a9f1-45d3-bf74-4074fcf3e767@group-763B35D9546F-SegmentedRaftLogWorker: Starting segment from index:0
2022-11-24 06:38:47,396 [fb3b41a4-a9f1-45d3-bf74-4074fcf3e767@group-763B35D9546F-SegmentedRaftLogWorker] INFO  segmented.SegmentedRaftLogWorker (SegmentedRaftLogWorker.java:execute(656)) - fb3b41a4-a9f1-45d3-bf74-4074fcf3e767@group-763B35D9546F-SegmentedRaftLogWorker: created new log segment /home/runner/work/ozone/ozone/hadoop-ozone/integration-test/target/test-dir/MiniOzoneClusterImpl-3ca4de4a-72c8-4c23-a990-0556c1b2e11a/datanode-0/data/ratis/1243174a-1692-479f-8736-763b35d9546f/current/log_inprogress_0
2022-11-24 06:38:47,717 [grpc-default-executor-3] WARN  server.GrpcLogAppender (LogUtils.java:warn(122)) - f61b783c-62f9-462d-872d-ac09aa128e21@group-4EC97286DCBF->8af73eb1-79e8-42bd-81b7-d22b4389184f-AppendLogResponseHandler: Failed appendEntries: org.apache.ratis.thirdparty.io.grpc.StatusRuntimeException: UNAVAILABLE: io exception
2022-11-24 06:38:47,717 [grpc-default-executor-0] WARN  server.GrpcLogAppender (LogUtils.java:warn(122)) - f61b783c-62f9-462d-872d-ac09aa128e21@group-4EC97286DCBF->8af73eb1-79e8-42bd-81b7-d22b4389184f-AppendLogResponseHandler: Failed appendEntries: org.apache.ratis.thirdparty.io.grpc.StatusRuntimeException: UNAVAILABLE: io exception
2022-11-24 06:38:47,718 [grpc-default-executor-3] WARN  server.GrpcLogAppender (GrpcLogAppender.java:resetClient(131)) - f61b783c-62f9-462d-872d-ac09aa128e21@group-4EC97286DCBF->8af73eb1-79e8-42bd-81b7-d22b4389184f-GrpcLogAppender: Leader has not got in touch with Follower f61b783c-62f9-462d-872d-ac09aa128e21@group-4EC97286DCBF->8af73eb1-79e8-42bd-81b7-d22b4389184f(c-1,m0,n1, attendVote=true, lastRpcSendTime=0, lastRpcResponseTime=8996) yet, just keep nextIndex unchanged and retry.
2022-11-24 06:38:47,718 [grpc-default-executor-0] WARN  server.GrpcLogAppender (GrpcLogAppender.java:resetClient(131)) - f61b783c-62f9-462d-872d-ac09aa128e21@group-4EC97286DCBF->8af73eb1-79e8-42bd-81b7-d22b4389184f-GrpcLogAppender: Leader has not got in touch with Follower f61b783c-62f9-462d-872d-ac09aa128e21@group-4EC97286DCBF->8af73eb1-79e8-42bd-81b7-d22b4389184f(c-1,m0,n1, attendVote=true, lastRpcSendTime=1, lastRpcResponseTime=8996) yet, just keep nextIndex unchanged and retry.
2022-11-24 06:38:47,759 [2412583d-f0ce-4b83-96a1-c4f14f6f25ae@group-386A04BC3586-FollowerState] INFO  impl.FollowerState (FollowerState.java:run(143)) - 2412583d-f0ce-4b83-96a1-c4f14f6f25ae@group-386A04BC3586-FollowerState: change to CANDIDATE, lastRpcElapsedTime:5116290806ns, electionTimeout:5098ms
2022-11-24 06:38:47,760 [2412583d-f0ce-4b83-96a1-c4f14f6f25ae@group-386A04BC3586-FollowerState] INFO  impl.RoleInfo (RoleInfo.java:shutdownFollowerState(110)) - 2412583d-f0ce-4b83-96a1-c4f14f6f25ae: shutdown 2412583d-f0ce-4b83-96a1-c4f14f6f25ae@group-386A04BC3586-FollowerState
2022-11-24 06:38:47,760 [2412583d-f0ce-4b83-96a1-c4f14f6f25ae@group-386A04BC3586-FollowerState] INFO  server.RaftServer$Division (RaftServerImpl.java:setRole(321)) - 2412583d-f0ce-4b83-96a1-c4f14f6f25ae@group-386A04BC3586: changes role from  FOLLOWER to CANDIDATE at term 1 for changeToCandidate
2022-11-24 06:38:47,760 [2412583d-f0ce-4b83-96a1-c4f14f6f25ae@group-386A04BC3586-FollowerState] INFO  server.RaftServerConfigKeys (ConfUtils.java:logGet(46)) - raft.server.leaderelection.pre-vote = false (custom)
2022-11-24 06:38:47,760 [2412583d-f0ce-4b83-96a1-c4f14f6f25ae@group-386A04BC3586-FollowerState] INFO  impl.RoleInfo (RoleInfo.java:updateAndGet(139)) - 2412583d-f0ce-4b83-96a1-c4f14f6f25ae: start 2412583d-f0ce-4b83-96a1-c4f14f6f25ae@group-386A04BC3586-LeaderElection22
2022-11-24 06:38:47,762 [2412583d-f0ce-4b83-96a1-c4f14f6f25ae@group-386A04BC3586-LeaderElection22] INFO  impl.LeaderElection (LeaderElection.java:askForVotes(312)) - 2412583d-f0ce-4b83-96a1-c4f14f6f25ae@group-386A04BC3586-LeaderElection22 ELECTION round 0: submit vote requests at term 2 for -1: peers:[6fd96d8c-4ef2-4ba8-87f7-371671a16fe6|rpc:10.1.1.33:38311|dataStream:|priority:0|startupRole:FOLLOWER, db462c09-4a41-41c4-b065-df9d46fc3c08|rpc:10.1.1.33:45705|dataStream:|priority:0|startupRole:FOLLOWER, 2412583d-f0ce-4b83-96a1-c4f14f6f25ae|rpc:10.1.1.33:34367|dataStream:|priority:1|startupRole:FOLLOWER]|listeners:[], old=null
2022-11-24 06:38:47,765 [grpc-default-executor-0] INFO  server.RaftServer$Division (RaftServerImpl.java:requestVote(1218)) - 6fd96d8c-4ef2-4ba8-87f7-371671a16fe6@group-386A04BC3586: receive requestVote(ELECTION, 2412583d-f0ce-4b83-96a1-c4f14f6f25ae, group-386A04BC3586, 2, (t:0, i:0))
2022-11-24 06:38:47,766 [grpc-default-executor-0] INFO  impl.VoteContext (VoteContext.java:log(48)) - 6fd96d8c-4ef2-4ba8-87f7-371671a16fe6@group-386A04BC3586-FOLLOWER: accept ELECTION from 2412583d-f0ce-4b83-96a1-c4f14f6f25ae: our priority 0 <= candidate's priority 1
2022-11-24 06:38:47,766 [grpc-default-executor-0] INFO  server.RaftServer$Division (RaftServerImpl.java:setRole(321)) - 6fd96d8c-4ef2-4ba8-87f7-371671a16fe6@group-386A04BC3586: changes role from  FOLLOWER to FOLLOWER at term 2 for candidate:2412583d-f0ce-4b83-96a1-c4f14f6f25ae
2022-11-24 06:38:47,766 [grpc-default-executor-0] INFO  impl.RoleInfo (RoleInfo.java:shutdownFollowerState(110)) - 6fd96d8c-4ef2-4ba8-87f7-371671a16fe6: shutdown 6fd96d8c-4ef2-4ba8-87f7-371671a16fe6@group-386A04BC3586-FollowerState
2022-11-24 06:38:47,770 [grpc-default-executor-0] INFO  impl.RoleInfo (RoleInfo.java:updateAndGet(139)) - 6fd96d8c-4ef2-4ba8-87f7-371671a16fe6: start 6fd96d8c-4ef2-4ba8-87f7-371671a16fe6@group-386A04BC3586-FollowerState
2022-11-24 06:38:47,770 [2412583d-f0ce-4b83-96a1-c4f14f6f25ae@group-386A04BC3586-LeaderElection22] INFO  server.RaftServerConfigKeys (ConfUtils.java:logFallback(53)) - raft.server.rpc.first-election.timeout.min = 5s (fallback to raft.server.rpc.timeout.min)
2022-11-24 06:38:47,770 [2412583d-f0ce-4b83-96a1-c4f14f6f25ae@group-386A04BC3586-LeaderElection22] INFO  server.RaftServerConfigKeys (ConfUtils.java:logFallback(53)) - raft.server.rpc.first-election.timeout.max = 5200ms (fallback to raft.server.rpc.timeout.max)
2022-11-24 06:38:47,770 [6fd96d8c-4ef2-4ba8-87f7-371671a16fe6@group-386A04BC3586-FollowerState] INFO  impl.FollowerState (FollowerState.java:run(152)) - 6fd96d8c-4ef2-4ba8-87f7-371671a16fe6@group-386A04BC3586-FollowerState was interrupted
2022-11-24 06:38:47,776 [grpc-default-executor-3] INFO  server.RaftServer$Division (RaftServerImpl.java:requestVote(1218)) - db462c09-4a41-41c4-b065-df9d46fc3c08@group-386A04BC3586: receive requestVote(ELECTION, 2412583d-f0ce-4b83-96a1-c4f14f6f25ae, group-386A04BC3586, 2, (t:0, i:0))
2022-11-24 06:38:47,776 [grpc-default-executor-3] INFO  impl.VoteContext (VoteContext.java:log(48)) - db462c09-4a41-41c4-b065-df9d46fc3c08@group-386A04BC3586-FOLLOWER: accept ELECTION from 2412583d-f0ce-4b83-96a1-c4f14f6f25ae: our priority 0 <= candidate's priority 1
2022-11-24 06:38:47,776 [grpc-default-executor-3] INFO  server.RaftServer$Division (RaftServerImpl.java:setRole(321)) - db462c09-4a41-41c4-b065-df9d46fc3c08@group-386A04BC3586: changes role from  FOLLOWER to FOLLOWER at term 2 for candidate:2412583d-f0ce-4b83-96a1-c4f14f6f25ae
2022-11-24 06:38:47,776 [grpc-default-executor-3] INFO  impl.RoleInfo (RoleInfo.java:shutdownFollowerState(110)) - db462c09-4a41-41c4-b065-df9d46fc3c08: shutdown db462c09-4a41-41c4-b065-df9d46fc3c08@group-386A04BC3586-FollowerState
2022-11-24 06:38:47,776 [grpc-default-executor-3] INFO  impl.RoleInfo (RoleInfo.java:updateAndGet(139)) - db462c09-4a41-41c4-b065-df9d46fc3c08: start db462c09-4a41-41c4-b065-df9d46fc3c08@group-386A04BC3586-FollowerState
2022-11-24 06:38:47,776 [db462c09-4a41-41c4-b065-df9d46fc3c08@group-386A04BC3586-FollowerState] INFO  impl.FollowerState (FollowerState.java:run(152)) - db462c09-4a41-41c4-b065-df9d46fc3c08@group-386A04BC3586-FollowerState was interrupted
2022-11-24 06:38:47,776 [6fd96d8c-4ef2-4ba8-87f7-371671a16fe6@group-386A04BC3586-FollowerState] INFO  server.RaftServerConfigKeys (ConfUtils.java:logFallback(53)) - raft.server.rpc.first-election.timeout.min = 5s (fallback to raft.server.rpc.timeout.min)
2022-11-24 06:38:47,776 [6fd96d8c-4ef2-4ba8-87f7-371671a16fe6@group-386A04BC3586-FollowerState] INFO  server.RaftServerConfigKeys (ConfUtils.java:logFallback(53)) - raft.server.rpc.first-election.timeout.max = 5200ms (fallback to raft.server.rpc.timeout.max)
2022-11-24 06:38:47,777 [grpc-default-executor-0] INFO  server.RaftServer$Division (RaftServerImpl.java:requestVote(1251)) - 6fd96d8c-4ef2-4ba8-87f7-371671a16fe6@group-386A04BC3586 replies to ELECTION vote request: 2412583d-f0ce-4b83-96a1-c4f14f6f25ae<-6fd96d8c-4ef2-4ba8-87f7-371671a16fe6#0:OK-t2. Peer's state: 6fd96d8c-4ef2-4ba8-87f7-371671a16fe6@group-386A04BC3586:t2, leader=null, voted=2412583d-f0ce-4b83-96a1-c4f14f6f25ae, raftlog=Memoized:6fd96d8c-4ef2-4ba8-87f7-371671a16fe6@group-386A04BC3586-SegmentedRaftLog:OPENED:c-1, conf=-1: peers:[6fd96d8c-4ef2-4ba8-87f7-371671a16fe6|rpc:10.1.1.33:38311|dataStream:|priority:0|startupRole:FOLLOWER, db462c09-4a41-41c4-b065-df9d46fc3c08|rpc:10.1.1.33:45705|dataStream:|priority:0|startupRole:FOLLOWER, 2412583d-f0ce-4b83-96a1-c4f14f6f25ae|rpc:10.1.1.33:34367|dataStream:|priority:1|startupRole:FOLLOWER]|listeners:[], old=null
2022-11-24 06:38:47,779 [2412583d-f0ce-4b83-96a1-c4f14f6f25ae@group-386A04BC3586-LeaderElection22] INFO  impl.LeaderElection (LeaderElection.java:logAndReturn(90)) - 2412583d-f0ce-4b83-96a1-c4f14f6f25ae@group-386A04BC3586-LeaderElection22: ELECTION PASSED received 1 response(s) and 0 exception(s):
2022-11-24 06:38:47,780 [2412583d-f0ce-4b83-96a1-c4f14f6f25ae@group-386A04BC3586-LeaderElection22] INFO  impl.LeaderElection (LeaderElection.java:logAndReturn(94)) -   Response 0: 2412583d-f0ce-4b83-96a1-c4f14f6f25ae<-6fd96d8c-4ef2-4ba8-87f7-371671a16fe6#0:OK-t2
2022-11-24 06:38:47,780 [2412583d-f0ce-4b83-96a1-c4f14f6f25ae@group-386A04BC3586-LeaderElection22] INFO  impl.LeaderElection (LeaderElection.java:askForVotes(314)) - 2412583d-f0ce-4b83-96a1-c4f14f6f25ae@group-386A04BC3586-LeaderElection22 ELECTION round 0: result PASSED
2022-11-24 06:38:47,780 [2412583d-f0ce-4b83-96a1-c4f14f6f25ae@group-386A04BC3586-LeaderElection22] INFO  impl.RoleInfo (RoleInfo.java:shutdownLeaderElection(130)) - 2412583d-f0ce-4b83-96a1-c4f14f6f25ae: shutdown 2412583d-f0ce-4b83-96a1-c4f14f6f25ae@group-386A04BC3586-LeaderElection22
2022-11-24 06:38:47,780 [2412583d-f0ce-4b83-96a1-c4f14f6f25ae@group-386A04BC3586-LeaderElection22] INFO  server.RaftServer$Division (RaftServerImpl.java:setRole(321)) - 2412583d-f0ce-4b83-96a1-c4f14f6f25ae@group-386A04BC3586: changes role from CANDIDATE to LEADER at term 2 for changeToLeader
2022-11-24 06:38:47,780 [2412583d-f0ce-4b83-96a1-c4f14f6f25ae@group-386A04BC3586-LeaderElection22] INFO  ratis.XceiverServerRatis (XceiverServerRatis.java:handleLeaderChangedNotification(863)) - Leader change notification received for group: group-386A04BC3586 with new leaderId: 2412583d-f0ce-4b83-96a1-c4f14f6f25ae
2022-11-24 06:38:47,780 [2412583d-f0ce-4b83-96a1-c4f14f6f25ae@group-386A04BC3586-LeaderElection22] INFO  server.RaftServer$Division (ServerState.java:setLeader(313)) - 2412583d-f0ce-4b83-96a1-c4f14f6f25ae@group-386A04BC3586: change Leader from null to 2412583d-f0ce-4b83-96a1-c4f14f6f25ae at term 2 for becomeLeader, leader elected after 10197ms
2022-11-24 06:38:47,780 [2412583d-f0ce-4b83-96a1-c4f14f6f25ae@group-386A04BC3586-LeaderElection22] INFO  server.RaftServerConfigKeys (ConfUtils.java:logGet(46)) - raft.server.staging.catchup.gap = 1000 (default)
2022-11-24 06:38:47,780 [2412583d-f0ce-4b83-96a1-c4f14f6f25ae@group-386A04BC3586-LeaderElection22] INFO  server.RaftServerConfigKeys (ConfUtils.java:logGet(46)) - raft.server.write.element-limit = 1024 (custom)
2022-11-24 06:38:47,780 [2412583d-f0ce-4b83-96a1-c4f14f6f25ae@group-386A04BC3586-LeaderElection22] INFO  server.RaftServerConfigKeys (ConfUtils.java:logGet(46)) - raft.server.write.byte-limit = 1024 M (=1073741824) (custom)
2022-11-24 06:38:47,781 [2412583d-f0ce-4b83-96a1-c4f14f6f25ae@group-386A04BC3586-LeaderElection22] INFO  server.RaftServerConfigKeys (ConfUtils.java:logGet(46)) - raft.server.watch.timeout = 180s (custom)
2022-11-24 06:38:47,781 [2412583d-f0ce-4b83-96a1-c4f14f6f25ae@group-386A04BC3586-LeaderElection22] INFO  server.RaftServerConfigKeys (ConfUtils.java:logGet(46)) - raft.server.watch.timeout.denomination = 1s (default)
2022-11-24 06:38:47,781 [2412583d-f0ce-4b83-96a1-c4f14f6f25ae@group-386A04BC3586-LeaderElection22] INFO  server.RaftServerConfigKeys (ConfUtils.java:logGet(46)) - raft.server.watch.element-limit = 65536 (default)
2022-11-24 06:38:47,781 [2412583d-f0ce-4b83-96a1-c4f14f6f25ae@group-386A04BC3586-LeaderElection22] INFO  server.RaftServerConfigKeys (ConfUtils.java:logGet(46)) - raft.server.write.element-limit = 1024 (custom)
2022-11-24 06:38:47,781 [2412583d-f0ce-4b83-96a1-c4f14f6f25ae@group-386A04BC3586-LeaderElection22] INFO  server.RaftServerConfigKeys (ConfUtils.java:logGet(46)) - raft.server.write.follower.gap.ratio.max = -1.0 (default)
2022-11-24 06:38:47,782 [2412583d-f0ce-4b83-96a1-c4f14f6f25ae@group-386A04BC3586-LeaderElection22] INFO  server.RaftServerConfigKeys (ConfUtils.java:logGet(46)) - raft.server.log.appender.snapshot.chunk.size.max = 16MB (=16777216) (default)
2022-11-24 06:38:47,782 [2412583d-f0ce-4b83-96a1-c4f14f6f25ae@group-386A04BC3586-LeaderElection22] INFO  server.RaftServerConfigKeys (ConfUtils.java:logGet(46)) - raft.server.log.appender.buffer.byte-limit = 33554432 (custom)
2022-11-24 06:38:47,782 [2412583d-f0ce-4b83-96a1-c4f14f6f25ae@group-386A04BC3586-LeaderElection22] INFO  server.RaftServerConfigKeys (ConfUtils.java:logGet(46)) - raft.server.log.appender.buffer.element-limit = 1 (custom)
2022-11-24 06:38:47,782 [2412583d-f0ce-4b83-96a1-c4f14f6f25ae@group-386A04BC3586-LeaderElection22] INFO  grpc.GrpcConfigKeys (ConfUtils.java:logGet(46)) - raft.grpc.server.leader.outstanding.appends.max = 128 (default)
2022-11-24 06:38:47,782 [2412583d-f0ce-4b83-96a1-c4f14f6f25ae@group-386A04BC3586-LeaderElection22] INFO  server.RaftServerConfigKeys (ConfUtils.java:logGet(46)) - raft.server.rpc.request.timeout = 60s (custom)
2022-11-24 06:38:47,783 [grpc-default-executor-3] INFO  server.RaftServer$Division (RaftServerImpl.java:requestVote(1251)) - db462c09-4a41-41c4-b065-df9d46fc3c08@group-386A04BC3586 replies to ELECTION vote request: 2412583d-f0ce-4b83-96a1-c4f14f6f25ae<-db462c09-4a41-41c4-b065-df9d46fc3c08#0:OK-t2. Peer's state: db462c09-4a41-41c4-b065-df9d46fc3c08@group-386A04BC3586:t2, leader=null, voted=2412583d-f0ce-4b83-96a1-c4f14f6f25ae, raftlog=Memoized:db462c09-4a41-41c4-b065-df9d46fc3c08@group-386A04BC3586-SegmentedRaftLog:OPENED:c-1, conf=-1: peers:[6fd96d8c-4ef2-4ba8-87f7-371671a16fe6|rpc:10.1.1.33:38311|priority:0|startupRole:FOLLOWER, db462c09-4a41-41c4-b065-df9d46fc3c08|rpc:10.1.1.33:45705|priority:0|startupRole:FOLLOWER, 2412583d-f0ce-4b83-96a1-c4f14f6f25ae|rpc:10.1.1.33:34367|priority:1|startupRole:FOLLOWER]|listeners:[], old=null
2022-11-24 06:38:47,784 [2412583d-f0ce-4b83-96a1-c4f14f6f25ae@group-386A04BC3586-LeaderElection22] INFO  server.RaftServerConfigKeys (ConfUtils.java:logGet(46)) - raft.server.log.appender.install.snapshot.enabled = false (custom)
2022-11-24 06:38:47,784 [2412583d-f0ce-4b83-96a1-c4f14f6f25ae@group-386A04BC3586-LeaderElection22] INFO  grpc.GrpcConfigKeys (ConfUtils.java:logGet(46)) - raft.grpc.server.heartbeat.channel = true (default)
2022-11-24 06:38:47,784 [2412583d-f0ce-4b83-96a1-c4f14f6f25ae@group-386A04BC3586-LeaderElection22] INFO  server.RaftServerConfigKeys (ConfUtils.java:logGet(46)) - raft.server.log.appender.wait-time.min = 10ms (default)
2022-11-24 06:38:47,784 [EventQueue-PipelineReportForPipelineReportHandler] INFO  pipeline.PipelineManagerImpl (PipelineManagerImpl.java:openPipeline(367)) - Pipeline Pipeline[ Id: 6c1baca7-7371-4652-9c57-386a04bc3586, Nodes: 6fd96d8c-4ef2-4ba8-87f7-371671a16fe6{ip: 10.1.1.33, host: fv-az453-211.hss2zji4abbufegd5wcf2so25h.dx.internal.cloudapp.net, ports: [REPLICATION=46619, RATIS=38311, RATIS_ADMIN=38311, RATIS_SERVER=38311, STANDALONE=45669], networkLocation: /default-rack, certSerialId: null, persistedOpState: IN_SERVICE, persistedOpStateExpiryEpochSec: 0}db462c09-4a41-41c4-b065-df9d46fc3c08{ip: 10.1.1.33, host: fv-az453-211.hss2zji4abbufegd5wcf2so25h.dx.internal.cloudapp.net, ports: [REPLICATION=44501, RATIS=45705, RATIS_ADMIN=45705, RATIS_SERVER=45705, STANDALONE=35325], networkLocation: /default-rack, certSerialId: null, persistedOpState: IN_SERVICE, persistedOpStateExpiryEpochSec: 0}2412583d-f0ce-4b83-96a1-c4f14f6f25ae{ip: 10.1.1.33, host: fv-az453-211.hss2zji4abbufegd5wcf2so25h.dx.internal.cloudapp.net, ports: [REPLICATION=36327, RATIS=34367, RATIS_ADMIN=34367, RATIS_SERVER=34367, STANDALONE=42617], networkLocation: /default-rack, certSerialId: null, persistedOpState: IN_SERVICE, persistedOpStateExpiryEpochSec: 0}, ReplicationConfig: RATIS/THREE, State:ALLOCATED, leaderId:2412583d-f0ce-4b83-96a1-c4f14f6f25ae, CreationTimestamp2022-11-24T06:38:35.249Z[Etc/UTC]] moved to OPEN state
2022-11-24 06:38:47,795 [2412583d-f0ce-4b83-96a1-c4f14f6f25ae@group-386A04BC3586-LeaderElection22] INFO  server.RaftServerConfigKeys (ConfUtils.java:logGet(46)) - raft.server.log.appender.snapshot.chunk.size.max = 16MB (=16777216) (default)
2022-11-24 06:38:47,798 [2412583d-f0ce-4b83-96a1-c4f14f6f25ae@group-386A04BC3586-LeaderElection22] INFO  server.RaftServerConfigKeys (ConfUtils.java:logGet(46)) - raft.server.log.appender.buffer.byte-limit = 33554432 (custom)
2022-11-24 06:38:47,798 [2412583d-f0ce-4b83-96a1-c4f14f6f25ae@group-386A04BC3586-LeaderElection22] INFO  server.RaftServerConfigKeys (ConfUtils.java:logGet(46)) - raft.server.log.appender.buffer.element-limit = 1 (custom)
2022-11-24 06:38:47,798 [2412583d-f0ce-4b83-96a1-c4f14f6f25ae@group-386A04BC3586-LeaderElection22] INFO  grpc.GrpcConfigKeys (ConfUtils.java:logGet(46)) - raft.grpc.server.leader.outstanding.appends.max = 128 (default)
2022-11-24 06:38:47,799 [db462c09-4a41-41c4-b065-df9d46fc3c08@group-386A04BC3586-FollowerState] INFO  server.RaftServerConfigKeys (ConfUtils.java:logFallback(53)) - raft.server.rpc.first-election.timeout.min = 5s (fallback to raft.server.rpc.timeout.min)
2022-11-24 06:38:47,799 [db462c09-4a41-41c4-b065-df9d46fc3c08@group-386A04BC3586-FollowerState] INFO  server.RaftServerConfigKeys (ConfUtils.java:logFallback(53)) - raft.server.rpc.first-election.timeout.max = 5200ms (fallback to raft.server.rpc.timeout.max)
2022-11-24 06:38:47,799 [2412583d-f0ce-4b83-96a1-c4f14f6f25ae@group-386A04BC3586-LeaderElection22] INFO  server.RaftServerConfigKeys (ConfUtils.java:logGet(46)) - raft.server.rpc.request.timeout = 60s (custom)
2022-11-24 06:38:47,802 [2412583d-f0ce-4b83-96a1-c4f14f6f25ae@group-386A04BC3586-LeaderElection22] INFO  server.RaftServerConfigKeys (ConfUtils.java:logGet(46)) - raft.server.log.appender.install.snapshot.enabled = false (custom)
2022-11-24 06:38:47,802 [2412583d-f0ce-4b83-96a1-c4f14f6f25ae@group-386A04BC3586-LeaderElection22] INFO  grpc.GrpcConfigKeys (ConfUtils.java:logGet(46)) - raft.grpc.server.heartbeat.channel = true (default)
2022-11-24 06:38:47,803 [2412583d-f0ce-4b83-96a1-c4f14f6f25ae@group-386A04BC3586-LeaderElection22] INFO  server.RaftServerConfigKeys (ConfUtils.java:logGet(46)) - raft.server.log.appender.wait-time.min = 10ms (default)
2022-11-24 06:38:47,803 [2412583d-f0ce-4b83-96a1-c4f14f6f25ae@group-386A04BC3586-LeaderElection22] INFO  impl.RoleInfo (RoleInfo.java:updateAndGet(139)) - 2412583d-f0ce-4b83-96a1-c4f14f6f25ae: start 2412583d-f0ce-4b83-96a1-c4f14f6f25ae@group-386A04BC3586-LeaderStateImpl
2022-11-24 06:38:47,804 [2412583d-f0ce-4b83-96a1-c4f14f6f25ae@group-386A04BC3586-LeaderElection22] INFO  segmented.SegmentedRaftLogWorker (SegmentedRaftLogWorker.java:startLogSegment(452)) - 2412583d-f0ce-4b83-96a1-c4f14f6f25ae@group-386A04BC3586-SegmentedRaftLogWorker: Starting segment from index:0
2022-11-24 06:38:47,807 [2412583d-f0ce-4b83-96a1-c4f14f6f25ae@group-386A04BC3586-SegmentedRaftLogWorker] INFO  segmented.SegmentedRaftLogWorker (SegmentedRaftLogWorker.java:execute(656)) - 2412583d-f0ce-4b83-96a1-c4f14f6f25ae@group-386A04BC3586-SegmentedRaftLogWorker: created new log segment /home/runner/work/ozone/ozone/hadoop-ozone/integration-test/target/test-dir/MiniOzoneClusterImpl-3ca4de4a-72c8-4c23-a990-0556c1b2e11a/datanode-4/data/ratis/6c1baca7-7371-4652-9c57-386a04bc3586/current/log_inprogress_0
2022-11-24 06:38:47,844 [6fd96d8c-4ef2-4ba8-87f7-371671a16fe6-server-thread1] INFO  ratis.XceiverServerRatis (XceiverServerRatis.java:handleLeaderChangedNotification(863)) - Leader change notification received for group: group-386A04BC3586 with new leaderId: 2412583d-f0ce-4b83-96a1-c4f14f6f25ae
2022-11-24 06:38:47,844 [6fd96d8c-4ef2-4ba8-87f7-371671a16fe6-server-thread1] INFO  server.RaftServer$Division (ServerState.java:setLeader(313)) - 6fd96d8c-4ef2-4ba8-87f7-371671a16fe6@group-386A04BC3586: change Leader from null to 2412583d-f0ce-4b83-96a1-c4f14f6f25ae at term 2 for appendEntries, leader elected after 10326ms
2022-11-24 06:38:47,852 [2412583d-f0ce-4b83-96a1-c4f14f6f25ae@group-386A04BC3586-LeaderElection22] INFO  server.RaftServer$Division (ServerState.java:setRaftConf(430)) - 2412583d-f0ce-4b83-96a1-c4f14f6f25ae@group-386A04BC3586: set configuration 0: peers:[6fd96d8c-4ef2-4ba8-87f7-371671a16fe6|rpc:10.1.1.33:38311|dataStream:|priority:0|startupRole:FOLLOWER, db462c09-4a41-41c4-b065-df9d46fc3c08|rpc:10.1.1.33:45705|dataStream:|priority:0|startupRole:FOLLOWER, 2412583d-f0ce-4b83-96a1-c4f14f6f25ae|rpc:10.1.1.33:34367|dataStream:|priority:1|startupRole:FOLLOWER]|listeners:[], old=null
2022-11-24 06:38:47,870 [6fd96d8c-4ef2-4ba8-87f7-371671a16fe6-server-thread2] INFO  server.RaftServer$Division (ServerState.java:setRaftConf(430)) - 6fd96d8c-4ef2-4ba8-87f7-371671a16fe6@group-386A04BC3586: set configuration 0: peers:[6fd96d8c-4ef2-4ba8-87f7-371671a16fe6|rpc:10.1.1.33:38311|dataStream:|priority:0|startupRole:FOLLOWER, db462c09-4a41-41c4-b065-df9d46fc3c08|rpc:10.1.1.33:45705|dataStream:|priority:0|startupRole:FOLLOWER, 2412583d-f0ce-4b83-96a1-c4f14f6f25ae|rpc:10.1.1.33:34367|dataStream:|priority:1|startupRole:FOLLOWER]|listeners:[], old=null
2022-11-24 06:38:47,870 [db462c09-4a41-41c4-b065-df9d46fc3c08-server-thread2] INFO  ratis.XceiverServerRatis (XceiverServerRatis.java:handleLeaderChangedNotification(863)) - Leader change notification received for group: group-386A04BC3586 with new leaderId: 2412583d-f0ce-4b83-96a1-c4f14f6f25ae
2022-11-24 06:38:47,870 [db462c09-4a41-41c4-b065-df9d46fc3c08-server-thread2] INFO  server.RaftServer$Division (ServerState.java:setLeader(313)) - db462c09-4a41-41c4-b065-df9d46fc3c08@group-386A04BC3586: change Leader from null to 2412583d-f0ce-4b83-96a1-c4f14f6f25ae at term 2 for appendEntries, leader elected after 10421ms
2022-11-24 06:38:47,870 [6fd96d8c-4ef2-4ba8-87f7-371671a16fe6-server-thread2] INFO  segmented.SegmentedRaftLogWorker (SegmentedRaftLogWorker.java:startLogSegment(452)) - 6fd96d8c-4ef2-4ba8-87f7-371671a16fe6@group-386A04BC3586-SegmentedRaftLogWorker: Starting segment from index:0
2022-11-24 06:38:47,883 [2412583d-f0ce-4b83-96a1-c4f14f6f25ae@group-845F74418684-FollowerState] INFO  impl.FollowerState (FollowerState.java:run(143)) - 2412583d-f0ce-4b83-96a1-c4f14f6f25ae@group-845F74418684-FollowerState: change to CANDIDATE, lastRpcElapsedTime:5057471955ns, electionTimeout:5034ms
2022-11-24 06:38:47,883 [2412583d-f0ce-4b83-96a1-c4f14f6f25ae@group-845F74418684-FollowerState] INFO  impl.RoleInfo (RoleInfo.java:shutdownFollowerState(110)) - 2412583d-f0ce-4b83-96a1-c4f14f6f25ae: shutdown 2412583d-f0ce-4b83-96a1-c4f14f6f25ae@group-845F74418684-FollowerState
2022-11-24 06:38:47,883 [2412583d-f0ce-4b83-96a1-c4f14f6f25ae@group-845F74418684-FollowerState] INFO  server.RaftServer$Division (RaftServerImpl.java:setRole(321)) - 2412583d-f0ce-4b83-96a1-c4f14f6f25ae@group-845F74418684: changes role from  FOLLOWER to CANDIDATE at term 1 for changeToCandidate
2022-11-24 06:38:47,883 [2412583d-f0ce-4b83-96a1-c4f14f6f25ae@group-845F74418684-FollowerState] INFO  server.RaftServerConfigKeys (ConfUtils.java:logGet(46)) - raft.server.leaderelection.pre-vote = false (custom)
2022-11-24 06:38:47,883 [2412583d-f0ce-4b83-96a1-c4f14f6f25ae@group-845F74418684-FollowerState] INFO  impl.RoleInfo (RoleInfo.java:updateAndGet(139)) - 2412583d-f0ce-4b83-96a1-c4f14f6f25ae: start 2412583d-f0ce-4b83-96a1-c4f14f6f25ae@group-845F74418684-LeaderElection23
2022-11-24 06:38:47,884 [db462c09-4a41-41c4-b065-df9d46fc3c08-server-thread2] INFO  server.RaftServer$Division (ServerState.java:setRaftConf(430)) - db462c09-4a41-41c4-b065-df9d46fc3c08@group-386A04BC3586: set configuration 0: peers:[6fd96d8c-4ef2-4ba8-87f7-371671a16fe6|rpc:10.1.1.33:38311|dataStream:|priority:0|startupRole:FOLLOWER, db462c09-4a41-41c4-b065-df9d46fc3c08|rpc:10.1.1.33:45705|dataStream:|priority:0|startupRole:FOLLOWER, 2412583d-f0ce-4b83-96a1-c4f14f6f25ae|rpc:10.1.1.33:34367|dataStream:|priority:1|startupRole:FOLLOWER]|listeners:[], old=null
2022-11-24 06:38:47,884 [db462c09-4a41-41c4-b065-df9d46fc3c08-server-thread2] INFO  segmented.SegmentedRaftLogWorker (SegmentedRaftLogWorker.java:startLogSegment(452)) - db462c09-4a41-41c4-b065-df9d46fc3c08@group-386A04BC3586-SegmentedRaftLogWorker: Starting segment from index:0
2022-11-24 06:38:47,886 [2412583d-f0ce-4b83-96a1-c4f14f6f25ae@group-845F74418684-LeaderElection23] INFO  impl.LeaderElection (LeaderElection.java:askForVotes(312)) - 2412583d-f0ce-4b83-96a1-c4f14f6f25ae@group-845F74418684-LeaderElection23 ELECTION round 0: submit vote requests at term 2 for -1: peers:[6fd96d8c-4ef2-4ba8-87f7-371671a16fe6|rpc:10.1.1.33:38311|dataStream:|priority:0|startupRole:FOLLOWER, db462c09-4a41-41c4-b065-df9d46fc3c08|rpc:10.1.1.33:45705|dataStream:|priority:1|startupRole:FOLLOWER, 2412583d-f0ce-4b83-96a1-c4f14f6f25ae|rpc:10.1.1.33:34367|dataStream:|priority:0|startupRole:FOLLOWER]|listeners:[], old=null
2022-11-24 06:38:47,888 [grpc-default-executor-2] INFO  server.RaftServer$Division (RaftServerImpl.java:requestVote(1218)) - 6fd96d8c-4ef2-4ba8-87f7-371671a16fe6@group-845F74418684: receive requestVote(ELECTION, 2412583d-f0ce-4b83-96a1-c4f14f6f25ae, group-845F74418684, 2, (t:0, i:0))
2022-11-24 06:38:47,888 [grpc-default-executor-2] INFO  impl.VoteContext (VoteContext.java:log(48)) - 6fd96d8c-4ef2-4ba8-87f7-371671a16fe6@group-845F74418684-FOLLOWER: accept ELECTION from 2412583d-f0ce-4b83-96a1-c4f14f6f25ae: our priority 0 <= candidate's priority 0
2022-11-24 06:38:47,888 [grpc-default-executor-2] INFO  server.RaftServer$Division (RaftServerImpl.java:setRole(321)) - 6fd96d8c-4ef2-4ba8-87f7-371671a16fe6@group-845F74418684: changes role from  FOLLOWER to FOLLOWER at term 2 for candidate:2412583d-f0ce-4b83-96a1-c4f14f6f25ae
2022-11-24 06:38:47,888 [grpc-default-executor-2] INFO  impl.RoleInfo (RoleInfo.java:shutdownFollowerState(110)) - 6fd96d8c-4ef2-4ba8-87f7-371671a16fe6: shutdown 6fd96d8c-4ef2-4ba8-87f7-371671a16fe6@group-845F74418684-FollowerState
2022-11-24 06:38:47,890 [2412583d-f0ce-4b83-96a1-c4f14f6f25ae@group-845F74418684-LeaderElection23] INFO  server.RaftServerConfigKeys (ConfUtils.java:logFallback(53)) - raft.server.rpc.first-election.timeout.min = 5s (fallback to raft.server.rpc.timeout.min)
2022-11-24 06:38:47,890 [2412583d-f0ce-4b83-96a1-c4f14f6f25ae@group-845F74418684-LeaderElection23] INFO  server.RaftServerConfigKeys (ConfUtils.java:logFallback(53)) - raft.server.rpc.first-election.timeout.max = 5200ms (fallback to raft.server.rpc.timeout.max)
2022-11-24 06:38:47,920 [db462c09-4a41-41c4-b065-df9d46fc3c08@group-845F74418684-FollowerState] INFO  impl.FollowerState (FollowerState.java:run(143)) - db462c09-4a41-41c4-b065-df9d46fc3c08@group-845F74418684-FollowerState: change to CANDIDATE, lastRpcElapsedTime:5103707117ns, electionTimeout:5043ms
2022-11-24 06:38:47,920 [6fd96d8c-4ef2-4ba8-87f7-371671a16fe6@group-845F74418684-FollowerState] INFO  impl.FollowerState (FollowerState.java:run(152)) - 6fd96d8c-4ef2-4ba8-87f7-371671a16fe6@group-845F74418684-FollowerState was interrupted
2022-11-24 06:38:47,893 [grpc-default-executor-2] INFO  impl.RoleInfo (RoleInfo.java:updateAndGet(139)) - 6fd96d8c-4ef2-4ba8-87f7-371671a16fe6: start 6fd96d8c-4ef2-4ba8-87f7-371671a16fe6@group-845F74418684-FollowerState
2022-11-24 06:38:47,891 [6fd96d8c-4ef2-4ba8-87f7-371671a16fe6@group-386A04BC3586-SegmentedRaftLogWorker] INFO  segmented.SegmentedRaftLogWorker (SegmentedRaftLogWorker.java:execute(656)) - 6fd96d8c-4ef2-4ba8-87f7-371671a16fe6@group-386A04BC3586-SegmentedRaftLogWorker: created new log segment /home/runner/work/ozone/ozone/hadoop-ozone/integration-test/target/test-dir/MiniOzoneClusterImpl-3ca4de4a-72c8-4c23-a990-0556c1b2e11a/datanode-5/data/ratis/6c1baca7-7371-4652-9c57-386a04bc3586/current/log_inprogress_0
2022-11-24 06:38:47,922 [db462c09-4a41-41c4-b065-df9d46fc3c08@group-845F74418684-FollowerState] INFO  impl.RoleInfo (RoleInfo.java:shutdownFollowerState(110)) - db462c09-4a41-41c4-b065-df9d46fc3c08: shutdown db462c09-4a41-41c4-b065-df9d46fc3c08@group-845F74418684-FollowerState
2022-11-24 06:38:47,923 [db462c09-4a41-41c4-b065-df9d46fc3c08@group-845F74418684-FollowerState] INFO  server.RaftServer$Division (RaftServerImpl.java:setRole(321)) - db462c09-4a41-41c4-b065-df9d46fc3c08@group-845F74418684: changes role from  FOLLOWER to CANDIDATE at term 1 for changeToCandidate
2022-11-24 06:38:47,923 [db462c09-4a41-41c4-b065-df9d46fc3c08@group-845F74418684-FollowerState] INFO  server.RaftServerConfigKeys (ConfUtils.java:logGet(46)) - raft.server.leaderelection.pre-vote = false (custom)
2022-11-24 06:38:47,923 [db462c09-4a41-41c4-b065-df9d46fc3c08@group-845F74418684-FollowerState] INFO  impl.RoleInfo (RoleInfo.java:updateAndGet(139)) - db462c09-4a41-41c4-b065-df9d46fc3c08: start db462c09-4a41-41c4-b065-df9d46fc3c08@group-845F74418684-LeaderElection24
2022-11-24 06:38:47,932 [grpc-default-executor-2] INFO  server.RaftServer$Division (RaftServerImpl.java:requestVote(1251)) - 6fd96d8c-4ef2-4ba8-87f7-371671a16fe6@group-845F74418684 replies to ELECTION vote request: 2412583d-f0ce-4b83-96a1-c4f14f6f25ae<-6fd96d8c-4ef2-4ba8-87f7-371671a16fe6#0:OK-t2. Peer's state: 6fd96d8c-4ef2-4ba8-87f7-371671a16fe6@group-845F74418684:t2, leader=null, voted=2412583d-f0ce-4b83-96a1-c4f14f6f25ae, raftlog=Memoized:6fd96d8c-4ef2-4ba8-87f7-371671a16fe6@group-845F74418684-SegmentedRaftLog:OPENED:c-1, conf=-1: peers:[6fd96d8c-4ef2-4ba8-87f7-371671a16fe6|rpc:10.1.1.33:38311|dataStream:|priority:0|startupRole:FOLLOWER, db462c09-4a41-41c4-b065-df9d46fc3c08|rpc:10.1.1.33:45705|dataStream:|priority:1|startupRole:FOLLOWER, 2412583d-f0ce-4b83-96a1-c4f14f6f25ae|rpc:10.1.1.33:34367|dataStream:|priority:0|startupRole:FOLLOWER]|listeners:[], old=null
2022-11-24 06:38:47,932 [db462c09-4a41-41c4-b065-df9d46fc3c08@group-386A04BC3586-SegmentedRaftLogWorker] INFO  segmented.SegmentedRaftLogWorker (SegmentedRaftLogWorker.java:execute(656)) - db462c09-4a41-41c4-b065-df9d46fc3c08@group-386A04BC3586-SegmentedRaftLogWorker: created new log segment /home/runner/work/ozone/ozone/hadoop-ozone/integration-test/target/test-dir/MiniOzoneClusterImpl-3ca4de4a-72c8-4c23-a990-0556c1b2e11a/datanode-3/data/ratis/6c1baca7-7371-4652-9c57-386a04bc3586/current/log_inprogress_0
2022-11-24 06:38:47,933 [6fd96d8c-4ef2-4ba8-87f7-371671a16fe6@group-845F74418684-FollowerState] INFO  server.RaftServerConfigKeys (ConfUtils.java:logFallback(53)) - raft.server.rpc.first-election.timeout.min = 5s (fallback to raft.server.rpc.timeout.min)
2022-11-24 06:38:47,933 [6fd96d8c-4ef2-4ba8-87f7-371671a16fe6@group-845F74418684-FollowerState] INFO  server.RaftServerConfigKeys (ConfUtils.java:logFallback(53)) - raft.server.rpc.first-election.timeout.max = 5200ms (fallback to raft.server.rpc.timeout.max)
2022-11-24 06:38:47,937 [grpc-default-executor-2] INFO  server.RaftServer$Division (RaftServerImpl.java:requestVote(1218)) - db462c09-4a41-41c4-b065-df9d46fc3c08@group-845F74418684: receive requestVote(ELECTION, 2412583d-f0ce-4b83-96a1-c4f14f6f25ae, group-845F74418684, 2, (t:0, i:0))
2022-11-24 06:38:47,946 [grpc-default-executor-2] INFO  impl.VoteContext (VoteContext.java:log(48)) - db462c09-4a41-41c4-b065-df9d46fc3c08@group-845F74418684-CANDIDATE: reject ELECTION from 2412583d-f0ce-4b83-96a1-c4f14f6f25ae: already has voted for db462c09-4a41-41c4-b065-df9d46fc3c08 at current term 2
2022-11-24 06:38:47,946 [grpc-default-executor-2] INFO  server.RaftServer$Division (RaftServerImpl.java:requestVote(1251)) - db462c09-4a41-41c4-b065-df9d46fc3c08@group-845F74418684 replies to ELECTION vote request: 2412583d-f0ce-4b83-96a1-c4f14f6f25ae<-db462c09-4a41-41c4-b065-df9d46fc3c08#0:FAIL-t2. Peer's state: db462c09-4a41-41c4-b065-df9d46fc3c08@group-845F74418684:t2, leader=null, voted=db462c09-4a41-41c4-b065-df9d46fc3c08, raftlog=Memoized:db462c09-4a41-41c4-b065-df9d46fc3c08@group-845F74418684-SegmentedRaftLog:OPENED:c-1, conf=-1: peers:[6fd96d8c-4ef2-4ba8-87f7-371671a16fe6|rpc:10.1.1.33:38311|priority:0|startupRole:FOLLOWER, db462c09-4a41-41c4-b065-df9d46fc3c08|rpc:10.1.1.33:45705|priority:1|startupRole:FOLLOWER, 2412583d-f0ce-4b83-96a1-c4f14f6f25ae|rpc:10.1.1.33:34367|priority:0|startupRole:FOLLOWER]|listeners:[], old=null
2022-11-24 06:38:47,947 [2412583d-f0ce-4b83-96a1-c4f14f6f25ae@group-845F74418684-LeaderElection23] INFO  impl.LeaderElection (LeaderElection.java:logAndReturn(90)) - 2412583d-f0ce-4b83-96a1-c4f14f6f25ae@group-845F74418684-LeaderElection23: ELECTION REJECTED received 2 response(s) and 0 exception(s):
2022-11-24 06:38:47,947 [2412583d-f0ce-4b83-96a1-c4f14f6f25ae@group-845F74418684-LeaderElection23] INFO  impl.LeaderElection (LeaderElection.java:logAndReturn(94)) -   Response 0: 2412583d-f0ce-4b83-96a1-c4f14f6f25ae<-6fd96d8c-4ef2-4ba8-87f7-371671a16fe6#0:OK-t2
2022-11-24 06:38:47,947 [2412583d-f0ce-4b83-96a1-c4f14f6f25ae@group-845F74418684-LeaderElection23] INFO  impl.LeaderElection (LeaderElection.java:logAndReturn(94)) -   Response 1: 2412583d-f0ce-4b83-96a1-c4f14f6f25ae<-db462c09-4a41-41c4-b065-df9d46fc3c08#0:FAIL-t2
2022-11-24 06:38:47,947 [2412583d-f0ce-4b83-96a1-c4f14f6f25ae@group-845F74418684-LeaderElection23] INFO  impl.LeaderElection (LeaderElection.java:askForVotes(314)) - 2412583d-f0ce-4b83-96a1-c4f14f6f25ae@group-845F74418684-LeaderElection23 ELECTION round 0: result REJECTED
2022-11-24 06:38:47,948 [2412583d-f0ce-4b83-96a1-c4f14f6f25ae@group-845F74418684-LeaderElection23] INFO  server.RaftServer$Division (RaftServerImpl.java:setRole(321)) - 2412583d-f0ce-4b83-96a1-c4f14f6f25ae@group-845F74418684: changes role from CANDIDATE to FOLLOWER at term 2 for REJECTED
2022-11-24 06:38:47,948 [2412583d-f0ce-4b83-96a1-c4f14f6f25ae@group-845F74418684-LeaderElection23] INFO  impl.RoleInfo (RoleInfo.java:shutdownLeaderElection(130)) - 2412583d-f0ce-4b83-96a1-c4f14f6f25ae: shutdown 2412583d-f0ce-4b83-96a1-c4f14f6f25ae@group-845F74418684-LeaderElection23
2022-11-24 06:38:47,948 [2412583d-f0ce-4b83-96a1-c4f14f6f25ae@group-845F74418684-LeaderElection23] INFO  impl.RoleInfo (RoleInfo.java:updateAndGet(139)) - 2412583d-f0ce-4b83-96a1-c4f14f6f25ae: start 2412583d-f0ce-4b83-96a1-c4f14f6f25ae@group-845F74418684-FollowerState
2022-11-24 06:38:47,949 [db462c09-4a41-41c4-b065-df9d46fc3c08@group-845F74418684-LeaderElection24] INFO  impl.LeaderElection (LeaderElection.java:askForVotes(312)) - db462c09-4a41-41c4-b065-df9d46fc3c08@group-845F74418684-LeaderElection24 ELECTION round 0: submit vote requests at term 2 for -1: peers:[6fd96d8c-4ef2-4ba8-87f7-371671a16fe6|rpc:10.1.1.33:38311|priority:0|startupRole:FOLLOWER, db462c09-4a41-41c4-b065-df9d46fc3c08|rpc:10.1.1.33:45705|priority:1|startupRole:FOLLOWER, 2412583d-f0ce-4b83-96a1-c4f14f6f25ae|rpc:10.1.1.33:34367|priority:0|startupRole:FOLLOWER]|listeners:[], old=null
2022-11-24 06:38:47,952 [2412583d-f0ce-4b83-96a1-c4f14f6f25ae@group-845F74418684-FollowerState] INFO  server.RaftServerConfigKeys (ConfUtils.java:logFallback(53)) - raft.server.rpc.first-election.timeout.min = 5s (fallback to raft.server.rpc.timeout.min)
2022-11-24 06:38:47,952 [2412583d-f0ce-4b83-96a1-c4f14f6f25ae@group-845F74418684-FollowerState] INFO  server.RaftServerConfigKeys (ConfUtils.java:logFallback(53)) - raft.server.rpc.first-election.timeout.max = 5200ms (fallback to raft.server.rpc.timeout.max)
2022-11-24 06:38:47,961 [grpc-default-executor-2] INFO  server.RaftServer$Division (RaftServerImpl.java:requestVote(1218)) - 6fd96d8c-4ef2-4ba8-87f7-371671a16fe6@group-845F74418684: receive requestVote(ELECTION, db462c09-4a41-41c4-b065-df9d46fc3c08, group-845F74418684, 2, (t:0, i:0))
2022-11-24 06:38:47,961 [grpc-default-executor-2] INFO  impl.VoteContext (VoteContext.java:log(48)) - 6fd96d8c-4ef2-4ba8-87f7-371671a16fe6@group-845F74418684-FOLLOWER: reject ELECTION from db462c09-4a41-41c4-b065-df9d46fc3c08: already has voted for 2412583d-f0ce-4b83-96a1-c4f14f6f25ae at current term 2
2022-11-24 06:38:47,961 [grpc-default-executor-2] INFO  server.RaftServer$Division (RaftServerImpl.java:requestVote(1251)) - 6fd96d8c-4ef2-4ba8-87f7-371671a16fe6@group-845F74418684 replies to ELECTION vote request: db462c09-4a41-41c4-b065-df9d46fc3c08<-6fd96d8c-4ef2-4ba8-87f7-371671a16fe6#0:FAIL-t2. Peer's state: 6fd96d8c-4ef2-4ba8-87f7-371671a16fe6@group-845F74418684:t2, leader=null, voted=2412583d-f0ce-4b83-96a1-c4f14f6f25ae, raftlog=Memoized:6fd96d8c-4ef2-4ba8-87f7-371671a16fe6@group-845F74418684-SegmentedRaftLog:OPENED:c-1, conf=-1: peers:[6fd96d8c-4ef2-4ba8-87f7-371671a16fe6|rpc:10.1.1.33:38311|dataStream:|priority:0|startupRole:FOLLOWER, db462c09-4a41-41c4-b065-df9d46fc3c08|rpc:10.1.1.33:45705|dataStream:|priority:1|startupRole:FOLLOWER, 2412583d-f0ce-4b83-96a1-c4f14f6f25ae|rpc:10.1.1.33:34367|dataStream:|priority:0|startupRole:FOLLOWER]|listeners:[], old=null
2022-11-24 06:38:47,962 [db462c09-4a41-41c4-b065-df9d46fc3c08@group-845F74418684-LeaderElection24] INFO  server.RaftServerConfigKeys (ConfUtils.java:logFallback(53)) - raft.server.rpc.first-election.timeout.min = 5s (fallback to raft.server.rpc.timeout.min)
2022-11-24 06:38:47,962 [db462c09-4a41-41c4-b065-df9d46fc3c08@group-845F74418684-LeaderElection24] INFO  server.RaftServerConfigKeys (ConfUtils.java:logFallback(53)) - raft.server.rpc.first-election.timeout.max = 5200ms (fallback to raft.server.rpc.timeout.max)
2022-11-24 06:38:47,966 [grpc-default-executor-2] INFO  server.RaftServer$Division (RaftServerImpl.java:requestVote(1218)) - 2412583d-f0ce-4b83-96a1-c4f14f6f25ae@group-845F74418684: receive requestVote(ELECTION, db462c09-4a41-41c4-b065-df9d46fc3c08, group-845F74418684, 2, (t:0, i:0))
2022-11-24 06:38:47,966 [grpc-default-executor-2] INFO  impl.VoteContext (VoteContext.java:log(48)) - 2412583d-f0ce-4b83-96a1-c4f14f6f25ae@group-845F74418684-FOLLOWER: reject ELECTION from db462c09-4a41-41c4-b065-df9d46fc3c08: already has voted for 2412583d-f0ce-4b83-96a1-c4f14f6f25ae at current term 2
2022-11-24 06:38:47,966 [grpc-default-executor-2] INFO  server.RaftServer$Division (RaftServerImpl.java:requestVote(1251)) - 2412583d-f0ce-4b83-96a1-c4f14f6f25ae@group-845F74418684 replies to ELECTION vote request: db462c09-4a41-41c4-b065-df9d46fc3c08<-2412583d-f0ce-4b83-96a1-c4f14f6f25ae#0:FAIL-t2. Peer's state: 2412583d-f0ce-4b83-96a1-c4f14f6f25ae@group-845F74418684:t2, leader=null, voted=2412583d-f0ce-4b83-96a1-c4f14f6f25ae, raftlog=Memoized:2412583d-f0ce-4b83-96a1-c4f14f6f25ae@group-845F74418684-SegmentedRaftLog:OPENED:c-1, conf=-1: peers:[6fd96d8c-4ef2-4ba8-87f7-371671a16fe6|rpc:10.1.1.33:38311|dataStream:|priority:0|startupRole:FOLLOWER, db462c09-4a41-41c4-b065-df9d46fc3c08|rpc:10.1.1.33:45705|dataStream:|priority:1|startupRole:FOLLOWER, 2412583d-f0ce-4b83-96a1-c4f14f6f25ae|rpc:10.1.1.33:34367|dataStream:|priority:0|startupRole:FOLLOWER]|listeners:[], old=null
2022-11-24 06:38:47,969 [db462c09-4a41-41c4-b065-df9d46fc3c08@group-845F74418684-LeaderElection24] INFO  impl.LeaderElection (LeaderElection.java:logAndReturn(90)) - db462c09-4a41-41c4-b065-df9d46fc3c08@group-845F74418684-LeaderElection24: ELECTION REJECTED received 2 response(s) and 0 exception(s):
2022-11-24 06:38:47,969 [db462c09-4a41-41c4-b065-df9d46fc3c08@group-845F74418684-LeaderElection24] INFO  impl.LeaderElection (LeaderElection.java:logAndReturn(94)) -   Response 0: db462c09-4a41-41c4-b065-df9d46fc3c08<-6fd96d8c-4ef2-4ba8-87f7-371671a16fe6#0:FAIL-t2
2022-11-24 06:38:47,969 [db462c09-4a41-41c4-b065-df9d46fc3c08@group-845F74418684-LeaderElection24] INFO  impl.LeaderElection (LeaderElection.java:logAndReturn(94)) -   Response 1: db462c09-4a41-41c4-b065-df9d46fc3c08<-2412583d-f0ce-4b83-96a1-c4f14f6f25ae#0:FAIL-t2
2022-11-24 06:38:47,969 [db462c09-4a41-41c4-b065-df9d46fc3c08@group-845F74418684-LeaderElection24] INFO  impl.LeaderElection (LeaderElection.java:askForVotes(314)) - db462c09-4a41-41c4-b065-df9d46fc3c08@group-845F74418684-LeaderElection24 ELECTION round 0: result REJECTED
2022-11-24 06:38:47,969 [db462c09-4a41-41c4-b065-df9d46fc3c08@group-845F74418684-LeaderElection24] INFO  server.RaftServer$Division (RaftServerImpl.java:setRole(321)) - db462c09-4a41-41c4-b065-df9d46fc3c08@group-845F74418684: changes role from CANDIDATE to FOLLOWER at term 2 for REJECTED
2022-11-24 06:38:47,969 [db462c09-4a41-41c4-b065-df9d46fc3c08@group-845F74418684-LeaderElection24] INFO  impl.RoleInfo (RoleInfo.java:shutdownLeaderElection(130)) - db462c09-4a41-41c4-b065-df9d46fc3c08: shutdown db462c09-4a41-41c4-b065-df9d46fc3c08@group-845F74418684-LeaderElection24
2022-11-24 06:38:47,969 [db462c09-4a41-41c4-b065-df9d46fc3c08@group-845F74418684-LeaderElection24] INFO  impl.RoleInfo (RoleInfo.java:updateAndGet(139)) - db462c09-4a41-41c4-b065-df9d46fc3c08: start db462c09-4a41-41c4-b065-df9d46fc3c08@group-845F74418684-FollowerState
2022-11-24 06:38:47,974 [db462c09-4a41-41c4-b065-df9d46fc3c08@group-845F74418684-FollowerState] INFO  server.RaftServerConfigKeys (ConfUtils.java:logFallback(53)) - raft.server.rpc.first-election.timeout.min = 5s (fallback to raft.server.rpc.timeout.min)
2022-11-24 06:38:47,974 [db462c09-4a41-41c4-b065-df9d46fc3c08@group-845F74418684-FollowerState] INFO  server.RaftServerConfigKeys (ConfUtils.java:logFallback(53)) - raft.server.rpc.first-election.timeout.max = 5200ms (fallback to raft.server.rpc.timeout.max)
2022-11-24 06:38:48,311 [Command processor thread] INFO  keyvalue.KeyValueContainer (KeyValueContainer.java:flushAndSyncDB(437)) - Container 1 is synced with bcsId 0.
2022-11-24 06:38:48,311 [Command processor thread] INFO  keyvalue.KeyValueContainer (KeyValueContainer.java:flushAndSyncDB(437)) - Container 1 is synced with bcsId 0.
2022-11-24 06:38:48,320 [Command processor thread] INFO  keyvalue.KeyValueContainer (KeyValueContainer.java:close(352)) - Container 1 is closed with bcsId 0.
2022-11-24 06:38:48,325 [FixedThreadPoolWithAffinityExecutor-9-0] INFO  container.IncrementalContainerReportHandler (AbstractContainerReportHandler.java:updateContainerState(292)) - Moving container #1 to CLOSED state, datanode f61b783c-62f9-462d-872d-ac09aa128e21{ip: 10.1.1.33, host: fv-az453-211.hss2zji4abbufegd5wcf2so25h.dx.internal.cloudapp.net, ports: [REPLICATION=45671, RATIS=44027, RATIS_ADMIN=44027, RATIS_SERVER=44027, STANDALONE=38233], networkLocation: /default-rack, certSerialId: null, persistedOpState: IN_SERVICE, persistedOpStateExpiryEpochSec: 0} reported CLOSED replica.
2022-11-24 06:38:48,338 [Listener at 127.0.0.1/43781] INFO  replication.ReplicationManager (ReplicationManager.java:stop(286)) - Stopping Replication Monitor Thread.
2022-11-24 06:38:48,339 [ReplicationMonitor] INFO  replication.ReplicationManager (ReplicationManager.java:run(634)) - Replication Monitor Thread is stopped
2022-11-24 06:38:48,340 [Under Replicated Processor] WARN  replication.UnderReplicatedProcessor (UnderReplicatedProcessor.java:run(108)) - Under Replicated Processor interrupted. Exiting...
2022-11-24 06:38:48,341 [Over Replicated Processor] WARN  replication.OverReplicatedProcessor (OverReplicatedProcessor.java:run(109)) - Over Replicated Processor interrupted. Exiting...
2022-11-24 06:38:48,549 [Command processor thread] INFO  keyvalue.KeyValueContainer (KeyValueContainer.java:flushAndSyncDB(437)) - Container 1 is synced with bcsId 0.
2022-11-24 06:38:48,555 [Command processor thread] INFO  keyvalue.KeyValueContainer (KeyValueContainer.java:flushAndSyncDB(437)) - Container 1 is synced with bcsId 0.
2022-11-24 06:38:48,565 [Command processor thread] INFO  keyvalue.KeyValueContainer (KeyValueContainer.java:close(352)) - Container 1 is closed with bcsId 0.
2022-11-24 06:38:48,601 [Command processor thread] INFO  keyvalue.KeyValueContainer (KeyValueContainer.java:flushAndSyncDB(437)) - Container 1 is synced with bcsId 0.
2022-11-24 06:38:48,601 [Command processor thread] INFO  keyvalue.KeyValueContainer (KeyValueContainer.java:flushAndSyncDB(437)) - Container 1 is synced with bcsId 0.
2022-11-24 06:38:48,609 [Command processor thread] INFO  keyvalue.KeyValueContainer (KeyValueContainer.java:close(352)) - Container 1 is closed with bcsId 0.
2022-11-24 06:38:48,967 [grpc-default-executor-3] WARN  server.GrpcLogAppender (LogUtils.java:warn(122)) - f61b783c-62f9-462d-872d-ac09aa128e21@group-4EC97286DCBF->8af73eb1-79e8-42bd-81b7-d22b4389184f-AppendLogResponseHandler: Failed appendEntries: org.apache.ratis.thirdparty.io.grpc.StatusRuntimeException: UNAVAILABLE: io exception
2022-11-24 06:38:48,967 [grpc-default-executor-2] WARN  server.GrpcLogAppender (LogUtils.java:warn(122)) - f61b783c-62f9-462d-872d-ac09aa128e21@group-4EC97286DCBF->8af73eb1-79e8-42bd-81b7-d22b4389184f-AppendLogResponseHandler: Failed appendEntries: org.apache.ratis.thirdparty.io.grpc.StatusRuntimeException: UNAVAILABLE: io exception
2022-11-24 06:38:48,968 [grpc-default-executor-3] WARN  server.GrpcLogAppender (GrpcLogAppender.java:resetClient(131)) - f61b783c-62f9-462d-872d-ac09aa128e21@group-4EC97286DCBF->8af73eb1-79e8-42bd-81b7-d22b4389184f-GrpcLogAppender: Leader has not got in touch with Follower f61b783c-62f9-462d-872d-ac09aa128e21@group-4EC97286DCBF->8af73eb1-79e8-42bd-81b7-d22b4389184f(c-1,m0,n1, attendVote=true, lastRpcSendTime=1251, lastRpcResponseTime=10246) yet, just keep nextIndex unchanged and retry.
2022-11-24 06:38:48,970 [grpc-default-executor-2] WARN  server.GrpcLogAppender (GrpcLogAppender.java:resetClient(131)) - f61b783c-62f9-462d-872d-ac09aa128e21@group-4EC97286DCBF->8af73eb1-79e8-42bd-81b7-d22b4389184f-GrpcLogAppender: Leader has not got in touch with Follower f61b783c-62f9-462d-872d-ac09aa128e21@group-4EC97286DCBF->8af73eb1-79e8-42bd-81b7-d22b4389184f(c-1,m0,n1, attendVote=true, lastRpcSendTime=1253, lastRpcResponseTime=10249) yet, just keep nextIndex unchanged and retry.
2022-11-24 06:38:48,971 [grpc-default-executor-2] WARN  server.GrpcLogAppender (LogUtils.java:warn(122)) - f61b783c-62f9-462d-872d-ac09aa128e21@group-4EC97286DCBF->8af73eb1-79e8-42bd-81b7-d22b4389184f-AppendLogResponseHandler: Failed appendEntries: org.apache.ratis.thirdparty.io.grpc.StatusRuntimeException: UNAVAILABLE: io exception
2022-11-24 06:38:48,972 [grpc-default-executor-2] WARN  server.GrpcLogAppender (GrpcLogAppender.java:resetClient(131)) - f61b783c-62f9-462d-872d-ac09aa128e21@group-4EC97286DCBF->8af73eb1-79e8-42bd-81b7-d22b4389184f-GrpcLogAppender: Leader has not got in touch with Follower f61b783c-62f9-462d-872d-ac09aa128e21@group-4EC97286DCBF->8af73eb1-79e8-42bd-81b7-d22b4389184f(c-1,m0,n1, attendVote=true, lastRpcSendTime=0, lastRpcResponseTime=10250) yet, just keep nextIndex unchanged and retry.
2022-11-24 06:38:48,973 [grpc-default-executor-2] WARN  server.GrpcLogAppender (LogUtils.java:warn(122)) - f61b783c-62f9-462d-872d-ac09aa128e21@group-4EC97286DCBF->8af73eb1-79e8-42bd-81b7-d22b4389184f-AppendLogResponseHandler: Failed appendEntries: org.apache.ratis.thirdparty.io.grpc.StatusRuntimeException: UNAVAILABLE: io exception
2022-11-24 06:38:48,974 [grpc-default-executor-2] WARN  server.GrpcLogAppender (GrpcLogAppender.java:resetClient(131)) - f61b783c-62f9-462d-872d-ac09aa128e21@group-4EC97286DCBF->8af73eb1-79e8-42bd-81b7-d22b4389184f-GrpcLogAppender: Leader has not got in touch with Follower f61b783c-62f9-462d-872d-ac09aa128e21@group-4EC97286DCBF->8af73eb1-79e8-42bd-81b7-d22b4389184f(c-1,m0,n1, attendVote=true, lastRpcSendTime=3, lastRpcResponseTime=10252) yet, just keep nextIndex unchanged and retry.
2022-11-24 06:38:49,234 [Command processor thread] INFO  keyvalue.KeyValueContainer (KeyValueContainer.java:flushAndSyncDB(437)) - Container 1 is synced with bcsId 0.
2022-11-24 06:38:49,236 [Command processor thread] INFO  keyvalue.KeyValueContainer (KeyValueContainer.java:flushAndSyncDB(437)) - Container 1 is synced with bcsId 0.
2022-11-24 06:38:49,246 [Command processor thread] INFO  keyvalue.KeyValueContainer (KeyValueContainer.java:close(352)) - Container 1 is closed with bcsId 0.
2022-11-24 06:38:49,320 [c8bfac46-0061-4906-a354-59c2fa211c25@group-4A1627A7E140-FollowerState] INFO  impl.FollowerState (FollowerState.java:run(143)) - c8bfac46-0061-4906-a354-59c2fa211c25@group-4A1627A7E140-FollowerState: change to CANDIDATE, lastRpcElapsedTime:5089440029ns, electionTimeout:5087ms
2022-11-24 06:38:49,321 [c8bfac46-0061-4906-a354-59c2fa211c25@group-4A1627A7E140-FollowerState] INFO  impl.RoleInfo (RoleInfo.java:shutdownFollowerState(110)) - c8bfac46-0061-4906-a354-59c2fa211c25: shutdown c8bfac46-0061-4906-a354-59c2fa211c25@group-4A1627A7E140-FollowerState
2022-11-24 06:38:49,321 [c8bfac46-0061-4906-a354-59c2fa211c25@group-4A1627A7E140-FollowerState] INFO  server.RaftServer$Division (RaftServerImpl.java:setRole(321)) - c8bfac46-0061-4906-a354-59c2fa211c25@group-4A1627A7E140: changes role from  FOLLOWER to CANDIDATE at term 1 for changeToCandidate
2022-11-24 06:38:49,321 [c8bfac46-0061-4906-a354-59c2fa211c25@group-4A1627A7E140-FollowerState] INFO  server.RaftServerConfigKeys (ConfUtils.java:logGet(46)) - raft.server.leaderelection.pre-vote = false (custom)
2022-11-24 06:38:49,321 [c8bfac46-0061-4906-a354-59c2fa211c25@group-4A1627A7E140-FollowerState] INFO  impl.RoleInfo (RoleInfo.java:updateAndGet(139)) - c8bfac46-0061-4906-a354-59c2fa211c25: start c8bfac46-0061-4906-a354-59c2fa211c25@group-4A1627A7E140-LeaderElection25
2022-11-24 06:38:49,349 [c8bfac46-0061-4906-a354-59c2fa211c25@group-4A1627A7E140-LeaderElection25] INFO  impl.LeaderElection (LeaderElection.java:askForVotes(312)) - c8bfac46-0061-4906-a354-59c2fa211c25@group-4A1627A7E140-LeaderElection25 ELECTION round 0: submit vote requests at term 2 for -1: peers:[f61b783c-62f9-462d-872d-ac09aa128e21|rpc:10.1.1.33:44027|dataStream:|priority:0|startupRole:FOLLOWER, 8af73eb1-79e8-42bd-81b7-d22b4389184f|rpc:10.1.1.33:44141|dataStream:|priority:1|startupRole:FOLLOWER, c8bfac46-0061-4906-a354-59c2fa211c25|rpc:10.1.1.33:41215|dataStream:|priority:0|startupRole:FOLLOWER]|listeners:[], old=null
2022-11-24 06:38:49,353 [f61b783c-62f9-462d-872d-ac09aa128e21@group-4A1627A7E140-FollowerState] INFO  impl.FollowerState (FollowerState.java:run(143)) - f61b783c-62f9-462d-872d-ac09aa128e21@group-4A1627A7E140-FollowerState: change to CANDIDATE, lastRpcElapsedTime:5152162076ns, electionTimeout:5127ms
2022-11-24 06:38:49,353 [f61b783c-62f9-462d-872d-ac09aa128e21@group-4A1627A7E140-FollowerState] INFO  impl.RoleInfo (RoleInfo.java:shutdownFollowerState(110)) - f61b783c-62f9-462d-872d-ac09aa128e21: shutdown f61b783c-62f9-462d-872d-ac09aa128e21@group-4A1627A7E140-FollowerState
2022-11-24 06:38:49,353 [f61b783c-62f9-462d-872d-ac09aa128e21@group-4A1627A7E140-FollowerState] INFO  server.RaftServer$Division (RaftServerImpl.java:setRole(321)) - f61b783c-62f9-462d-872d-ac09aa128e21@group-4A1627A7E140: changes role from  FOLLOWER to CANDIDATE at term 1 for changeToCandidate
2022-11-24 06:38:49,360 [c8bfac46-0061-4906-a354-59c2fa211c25@group-4A1627A7E140-LeaderElection25] INFO  server.RaftServerConfigKeys (ConfUtils.java:logFallback(53)) - raft.server.rpc.first-election.timeout.min = 5s (fallback to raft.server.rpc.timeout.min)
2022-11-24 06:38:49,361 [c8bfac46-0061-4906-a354-59c2fa211c25@group-4A1627A7E140-LeaderElection25] INFO  server.RaftServerConfigKeys (ConfUtils.java:logFallback(53)) - raft.server.rpc.first-election.timeout.max = 5200ms (fallback to raft.server.rpc.timeout.max)
2022-11-24 06:38:49,361 [f61b783c-62f9-462d-872d-ac09aa128e21@group-4A1627A7E140-FollowerState] INFO  server.RaftServerConfigKeys (ConfUtils.java:logGet(46)) - raft.server.leaderelection.pre-vote = false (custom)
2022-11-24 06:38:49,361 [f61b783c-62f9-462d-872d-ac09aa128e21@group-4A1627A7E140-FollowerState] INFO  impl.RoleInfo (RoleInfo.java:updateAndGet(139)) - f61b783c-62f9-462d-872d-ac09aa128e21: start f61b783c-62f9-462d-872d-ac09aa128e21@group-4A1627A7E140-LeaderElection26
2022-11-24 06:38:49,362 [grpc-default-executor-2] INFO  server.RaftServer$Division (RaftServerImpl.java:requestVote(1218)) - f61b783c-62f9-462d-872d-ac09aa128e21@group-4A1627A7E140: receive requestVote(ELECTION, c8bfac46-0061-4906-a354-59c2fa211c25, group-4A1627A7E140, 2, (t:0, i:0))
2022-11-24 06:38:49,369 [grpc-default-executor-2] INFO  impl.VoteContext (VoteContext.java:log(48)) - f61b783c-62f9-462d-872d-ac09aa128e21@group-4A1627A7E140-CANDIDATE: accept ELECTION from c8bfac46-0061-4906-a354-59c2fa211c25: our priority 0 <= candidate's priority 0
2022-11-24 06:38:49,370 [grpc-default-executor-2] INFO  server.RaftServer$Division (RaftServerImpl.java:setRole(321)) - f61b783c-62f9-462d-872d-ac09aa128e21@group-4A1627A7E140: changes role from CANDIDATE to FOLLOWER at term 2 for candidate:c8bfac46-0061-4906-a354-59c2fa211c25
2022-11-24 06:38:49,370 [grpc-default-executor-2] INFO  impl.RoleInfo (RoleInfo.java:shutdownLeaderElection(130)) - f61b783c-62f9-462d-872d-ac09aa128e21: shutdown f61b783c-62f9-462d-872d-ac09aa128e21@group-4A1627A7E140-LeaderElection26
2022-11-24 06:38:49,370 [grpc-default-executor-2] INFO  impl.RoleInfo (RoleInfo.java:updateAndGet(139)) - f61b783c-62f9-462d-872d-ac09aa128e21: start f61b783c-62f9-462d-872d-ac09aa128e21@group-4A1627A7E140-FollowerState
2022-11-24 06:38:49,373 [f61b783c-62f9-462d-872d-ac09aa128e21@group-4A1627A7E140-LeaderElection26] INFO  impl.LeaderElection (LeaderElection.java:run(233)) - f61b783c-62f9-462d-872d-ac09aa128e21@group-4A1627A7E140-LeaderElection26: skip running since this is already CLOSING
2022-11-24 06:38:49,373 [c8bfac46-0061-4906-a354-59c2fa211c25@group-4A1627A7E140-LeaderElection25] INFO  impl.LeaderElection (LogUtils.java:infoOrTrace(137)) - c8bfac46-0061-4906-a354-59c2fa211c25@group-4A1627A7E140-LeaderElection25 got exception when requesting votes: java.util.concurrent.ExecutionException: org.apache.ratis.thirdparty.io.grpc.StatusRuntimeException: UNAVAILABLE: io exception
2022-11-24 06:38:49,374 [f61b783c-62f9-462d-872d-ac09aa128e21@group-4A1627A7E140-FollowerState] INFO  server.RaftServerConfigKeys (ConfUtils.java:logFallback(53)) - raft.server.rpc.first-election.timeout.min = 5s (fallback to raft.server.rpc.timeout.min)
2022-11-24 06:38:49,374 [f61b783c-62f9-462d-872d-ac09aa128e21@group-4A1627A7E140-FollowerState] INFO  server.RaftServerConfigKeys (ConfUtils.java:logFallback(53)) - raft.server.rpc.first-election.timeout.max = 5200ms (fallback to raft.server.rpc.timeout.max)
2022-11-24 06:38:49,375 [grpc-default-executor-2] INFO  server.RaftServer$Division (RaftServerImpl.java:requestVote(1251)) - f61b783c-62f9-462d-872d-ac09aa128e21@group-4A1627A7E140 replies to ELECTION vote request: c8bfac46-0061-4906-a354-59c2fa211c25<-f61b783c-62f9-462d-872d-ac09aa128e21#0:OK-t2. Peer's state: f61b783c-62f9-462d-872d-ac09aa128e21@group-4A1627A7E140:t2, leader=null, voted=c8bfac46-0061-4906-a354-59c2fa211c25, raftlog=Memoized:f61b783c-62f9-462d-872d-ac09aa128e21@group-4A1627A7E140-SegmentedRaftLog:OPENED:c-1, conf=-1: peers:[f61b783c-62f9-462d-872d-ac09aa128e21|rpc:10.1.1.33:44027|dataStream:|priority:0|startupRole:FOLLOWER, 8af73eb1-79e8-42bd-81b7-d22b4389184f|rpc:10.1.1.33:44141|dataStream:|priority:1|startupRole:FOLLOWER, c8bfac46-0061-4906-a354-59c2fa211c25|rpc:10.1.1.33:41215|dataStream:|priority:0|startupRole:FOLLOWER]|listeners:[], old=null
2022-11-24 06:38:49,377 [c8bfac46-0061-4906-a354-59c2fa211c25@group-4A1627A7E140-LeaderElection25] INFO  impl.LeaderElection (LeaderElection.java:logAndReturn(90)) - c8bfac46-0061-4906-a354-59c2fa211c25@group-4A1627A7E140-LeaderElection25: ELECTION PASSED received 1 response(s) and 1 exception(s):
2022-11-24 06:38:49,377 [c8bfac46-0061-4906-a354-59c2fa211c25@group-4A1627A7E140-LeaderElection25] INFO  impl.LeaderElection (LeaderElection.java:logAndReturn(94)) -   Response 0: c8bfac46-0061-4906-a354-59c2fa211c25<-f61b783c-62f9-462d-872d-ac09aa128e21#0:OK-t2
2022-11-24 06:38:49,377 [c8bfac46-0061-4906-a354-59c2fa211c25@group-4A1627A7E140-LeaderElection25] INFO  impl.LeaderElection (LogUtils.java:infoOrTrace(137)) -   Exception 1: java.util.concurrent.ExecutionException: org.apache.ratis.thirdparty.io.grpc.StatusRuntimeException: UNAVAILABLE: io exception
2022-11-24 06:38:49,378 [c8bfac46-0061-4906-a354-59c2fa211c25@group-4A1627A7E140-LeaderElection25] INFO  impl.LeaderElection (LeaderElection.java:askForVotes(314)) - c8bfac46-0061-4906-a354-59c2fa211c25@group-4A1627A7E140-LeaderElection25 ELECTION round 0: result PASSED
2022-11-24 06:38:49,378 [c8bfac46-0061-4906-a354-59c2fa211c25@group-4A1627A7E140-LeaderElection25] INFO  impl.RoleInfo (RoleInfo.java:shutdownLeaderElection(130)) - c8bfac46-0061-4906-a354-59c2fa211c25: shutdown c8bfac46-0061-4906-a354-59c2fa211c25@group-4A1627A7E140-LeaderElection25
2022-11-24 06:38:49,378 [c8bfac46-0061-4906-a354-59c2fa211c25@group-4A1627A7E140-LeaderElection25] INFO  server.RaftServer$Division (RaftServerImpl.java:setRole(321)) - c8bfac46-0061-4906-a354-59c2fa211c25@group-4A1627A7E140: changes role from CANDIDATE to LEADER at term 2 for changeToLeader
2022-11-24 06:38:49,378 [c8bfac46-0061-4906-a354-59c2fa211c25@group-4A1627A7E140-LeaderElection25] INFO  ratis.XceiverServerRatis (XceiverServerRatis.java:handleLeaderChangedNotification(863)) - Leader change notification received for group: group-4A1627A7E140 with new leaderId: c8bfac46-0061-4906-a354-59c2fa211c25
2022-11-24 06:38:49,378 [c8bfac46-0061-4906-a354-59c2fa211c25@group-4A1627A7E140-LeaderElection25] INFO  server.RaftServer$Division (ServerState.java:setLeader(313)) - c8bfac46-0061-4906-a354-59c2fa211c25@group-4A1627A7E140: change Leader from null to c8bfac46-0061-4906-a354-59c2fa211c25 at term 2 for becomeLeader, leader elected after 10425ms
2022-11-24 06:38:49,378 [c8bfac46-0061-4906-a354-59c2fa211c25@group-4A1627A7E140-LeaderElection25] INFO  server.RaftServerConfigKeys (ConfUtils.java:logGet(46)) - raft.server.staging.catchup.gap = 1000 (default)
2022-11-24 06:38:49,378 [c8bfac46-0061-4906-a354-59c2fa211c25@group-4A1627A7E140-LeaderElection25] INFO  server.RaftServerConfigKeys (ConfUtils.java:logGet(46)) - raft.server.write.element-limit = 1024 (custom)
2022-11-24 06:38:49,378 [c8bfac46-0061-4906-a354-59c2fa211c25@group-4A1627A7E140-LeaderElection25] INFO  server.RaftServerConfigKeys (ConfUtils.java:logGet(46)) - raft.server.write.byte-limit = 1024 M (=1073741824) (custom)
2022-11-24 06:38:49,381 [c8bfac46-0061-4906-a354-59c2fa211c25@group-4A1627A7E140-LeaderElection25] INFO  server.RaftServerConfigKeys (ConfUtils.java:logGet(46)) - raft.server.watch.timeout = 180s (custom)
2022-11-24 06:38:49,381 [c8bfac46-0061-4906-a354-59c2fa211c25@group-4A1627A7E140-LeaderElection25] INFO  server.RaftServerConfigKeys (ConfUtils.java:logGet(46)) - raft.server.watch.timeout.denomination = 1s (default)
2022-11-24 06:38:49,381 [c8bfac46-0061-4906-a354-59c2fa211c25@group-4A1627A7E140-LeaderElection25] INFO  server.RaftServerConfigKeys (ConfUtils.java:logGet(46)) - raft.server.watch.element-limit = 65536 (default)
2022-11-24 06:38:49,381 [c8bfac46-0061-4906-a354-59c2fa211c25@group-4A1627A7E140-LeaderElection25] INFO  server.RaftServerConfigKeys (ConfUtils.java:logGet(46)) - raft.server.write.element-limit = 1024 (custom)
2022-11-24 06:38:49,381 [c8bfac46-0061-4906-a354-59c2fa211c25@group-4A1627A7E140-LeaderElection25] INFO  server.RaftServerConfigKeys (ConfUtils.java:logGet(46)) - raft.server.write.follower.gap.ratio.max = -1.0 (default)
2022-11-24 06:38:49,382 [c8bfac46-0061-4906-a354-59c2fa211c25@group-4A1627A7E140-LeaderElection25] INFO  server.RaftServerConfigKeys (ConfUtils.java:logGet(46)) - raft.server.log.appender.snapshot.chunk.size.max = 16MB (=16777216) (default)
2022-11-24 06:38:49,382 [c8bfac46-0061-4906-a354-59c2fa211c25@group-4A1627A7E140-LeaderElection25] INFO  server.RaftServerConfigKeys (ConfUtils.java:logGet(46)) - raft.server.log.appender.buffer.byte-limit = 33554432 (custom)
2022-11-24 06:38:49,382 [c8bfac46-0061-4906-a354-59c2fa211c25@group-4A1627A7E140-LeaderElection25] INFO  server.RaftServerConfigKeys (ConfUtils.java:logGet(46)) - raft.server.log.appender.buffer.element-limit = 1 (custom)
2022-11-24 06:38:49,382 [c8bfac46-0061-4906-a354-59c2fa211c25@group-4A1627A7E140-LeaderElection25] INFO  grpc.GrpcConfigKeys (ConfUtils.java:logGet(46)) - raft.grpc.server.leader.outstanding.appends.max = 128 (default)
2022-11-24 06:38:49,382 [c8bfac46-0061-4906-a354-59c2fa211c25@group-4A1627A7E140-LeaderElection25] INFO  server.RaftServerConfigKeys (ConfUtils.java:logGet(46)) - raft.server.rpc.request.timeout = 60s (custom)
2022-11-24 06:38:49,382 [c8bfac46-0061-4906-a354-59c2fa211c25@group-4A1627A7E140-LeaderElection25] INFO  server.RaftServerConfigKeys (ConfUtils.java:logGet(46)) - raft.server.log.appender.install.snapshot.enabled = false (custom)
2022-11-24 06:38:49,382 [c8bfac46-0061-4906-a354-59c2fa211c25@group-4A1627A7E140-LeaderElection25] INFO  grpc.GrpcConfigKeys (ConfUtils.java:logGet(46)) - raft.grpc.server.heartbeat.channel = true (default)
2022-11-24 06:38:49,382 [c8bfac46-0061-4906-a354-59c2fa211c25@group-4A1627A7E140-LeaderElection25] INFO  server.RaftServerConfigKeys (ConfUtils.java:logGet(46)) - raft.server.log.appender.wait-time.min = 10ms (default)
2022-11-24 06:38:49,383 [c8bfac46-0061-4906-a354-59c2fa211c25@group-4A1627A7E140-LeaderElection25] INFO  server.RaftServerConfigKeys (ConfUtils.java:logGet(46)) - raft.server.log.appender.snapshot.chunk.size.max = 16MB (=16777216) (default)
2022-11-24 06:38:49,383 [c8bfac46-0061-4906-a354-59c2fa211c25@group-4A1627A7E140-LeaderElection25] INFO  server.RaftServerConfigKeys (ConfUtils.java:logGet(46)) - raft.server.log.appender.buffer.byte-limit = 33554432 (custom)
2022-11-24 06:38:49,384 [c8bfac46-0061-4906-a354-59c2fa211c25@group-4A1627A7E140-LeaderElection25] INFO  server.RaftServerConfigKeys (ConfUtils.java:logGet(46)) - raft.server.log.appender.buffer.element-limit = 1 (custom)
2022-11-24 06:38:49,384 [c8bfac46-0061-4906-a354-59c2fa211c25@group-4A1627A7E140-LeaderElection25] INFO  grpc.GrpcConfigKeys (ConfUtils.java:logGet(46)) - raft.grpc.server.leader.outstanding.appends.max = 128 (default)
2022-11-24 06:38:49,384 [c8bfac46-0061-4906-a354-59c2fa211c25@group-4A1627A7E140-LeaderElection25] INFO  server.RaftServerConfigKeys (ConfUtils.java:logGet(46)) - raft.server.rpc.request.timeout = 60s (custom)
2022-11-24 06:38:49,384 [c8bfac46-0061-4906-a354-59c2fa211c25@group-4A1627A7E140-LeaderElection25] INFO  server.RaftServerConfigKeys (ConfUtils.java:logGet(46)) - raft.server.log.appender.install.snapshot.enabled = false (custom)
2022-11-24 06:38:49,384 [c8bfac46-0061-4906-a354-59c2fa211c25@group-4A1627A7E140-LeaderElection25] INFO  grpc.GrpcConfigKeys (ConfUtils.java:logGet(46)) - raft.grpc.server.heartbeat.channel = true (default)
2022-11-24 06:38:49,384 [c8bfac46-0061-4906-a354-59c2fa211c25@group-4A1627A7E140-LeaderElection25] INFO  server.RaftServerConfigKeys (ConfUtils.java:logGet(46)) - raft.server.log.appender.wait-time.min = 10ms (default)
2022-11-24 06:38:49,384 [c8bfac46-0061-4906-a354-59c2fa211c25@group-4A1627A7E140-LeaderElection25] INFO  impl.RoleInfo (RoleInfo.java:updateAndGet(139)) - c8bfac46-0061-4906-a354-59c2fa211c25: start c8bfac46-0061-4906-a354-59c2fa211c25@group-4A1627A7E140-LeaderStateImpl
2022-11-24 06:38:49,385 [c8bfac46-0061-4906-a354-59c2fa211c25@group-4A1627A7E140-LeaderElection25] INFO  segmented.SegmentedRaftLogWorker (SegmentedRaftLogWorker.java:startLogSegment(452)) - c8bfac46-0061-4906-a354-59c2fa211c25@group-4A1627A7E140-SegmentedRaftLogWorker: Starting segment from index:0
2022-11-24 06:38:49,386 [c8bfac46-0061-4906-a354-59c2fa211c25@group-4A1627A7E140-SegmentedRaftLogWorker] INFO  segmented.SegmentedRaftLogWorker (SegmentedRaftLogWorker.java:execute(656)) - c8bfac46-0061-4906-a354-59c2fa211c25@group-4A1627A7E140-SegmentedRaftLogWorker: created new log segment /home/runner/work/ozone/ozone/hadoop-ozone/integration-test/target/test-dir/MiniOzoneClusterImpl-3ca4de4a-72c8-4c23-a990-0556c1b2e11a/datanode-8/data/ratis/7eab0d13-f1ae-4404-aa34-4a1627a7e140/current/log_inprogress_0
2022-11-24 06:38:49,393 [c8bfac46-0061-4906-a354-59c2fa211c25@group-4A1627A7E140-LeaderElection25] INFO  server.RaftServer$Division (ServerState.java:setRaftConf(430)) - c8bfac46-0061-4906-a354-59c2fa211c25@group-4A1627A7E140: set configuration 0: peers:[f61b783c-62f9-462d-872d-ac09aa128e21|rpc:10.1.1.33:44027|dataStream:|priority:0|startupRole:FOLLOWER, 8af73eb1-79e8-42bd-81b7-d22b4389184f|rpc:10.1.1.33:44141|dataStream:|priority:1|startupRole:FOLLOWER, c8bfac46-0061-4906-a354-59c2fa211c25|rpc:10.1.1.33:41215|dataStream:|priority:0|startupRole:FOLLOWER]|listeners:[], old=null
2022-11-24 06:38:49,397 [grpc-default-executor-2] WARN  server.GrpcLogAppender (LogUtils.java:warn(122)) - c8bfac46-0061-4906-a354-59c2fa211c25@group-4A1627A7E140->8af73eb1-79e8-42bd-81b7-d22b4389184f-AppendLogResponseHandler: Failed appendEntries: org.apache.ratis.thirdparty.io.grpc.StatusRuntimeException: UNAVAILABLE: io exception
2022-11-24 06:38:49,398 [grpc-default-executor-2] WARN  server.GrpcLogAppender (GrpcLogAppender.java:resetClient(131)) - c8bfac46-0061-4906-a354-59c2fa211c25@group-4A1627A7E140->8af73eb1-79e8-42bd-81b7-d22b4389184f-GrpcLogAppender: Leader has not got in touch with Follower c8bfac46-0061-4906-a354-59c2fa211c25@group-4A1627A7E140->8af73eb1-79e8-42bd-81b7-d22b4389184f(c-1,m0,n0, attendVote=true, lastRpcSendTime=5216, lastRpcResponseTime=5216) yet, just keep nextIndex unchanged and retry.
2022-11-24 06:38:49,403 [grpc-default-executor-4] WARN  server.GrpcLogAppender (LogUtils.java:warn(122)) - c8bfac46-0061-4906-a354-59c2fa211c25@group-4A1627A7E140->8af73eb1-79e8-42bd-81b7-d22b4389184f-AppendLogResponseHandler: Failed appendEntries: org.apache.ratis.thirdparty.io.grpc.StatusRuntimeException: UNAVAILABLE: io exception
2022-11-24 06:38:49,404 [grpc-default-executor-4] WARN  server.GrpcLogAppender (GrpcLogAppender.java:resetClient(131)) - c8bfac46-0061-4906-a354-59c2fa211c25@group-4A1627A7E140->8af73eb1-79e8-42bd-81b7-d22b4389184f-GrpcLogAppender: Leader has not got in touch with Follower c8bfac46-0061-4906-a354-59c2fa211c25@group-4A1627A7E140->8af73eb1-79e8-42bd-81b7-d22b4389184f(c-1,m0,n0, attendVote=true, lastRpcSendTime=5222, lastRpcResponseTime=5222) yet, just keep nextIndex unchanged and retry.
2022-11-24 06:38:49,413 [grpc-default-executor-0] WARN  server.GrpcLogAppender (LogUtils.java:warn(122)) - c8bfac46-0061-4906-a354-59c2fa211c25@group-4A1627A7E140->8af73eb1-79e8-42bd-81b7-d22b4389184f-AppendLogResponseHandler: Failed appendEntries: org.apache.ratis.thirdparty.io.grpc.StatusRuntimeException: UNAVAILABLE: io exception
2022-11-24 06:38:49,414 [grpc-default-executor-0] WARN  server.GrpcLogAppender (GrpcLogAppender.java:resetClient(131)) - c8bfac46-0061-4906-a354-59c2fa211c25@group-4A1627A7E140->8af73eb1-79e8-42bd-81b7-d22b4389184f-GrpcLogAppender: Leader has not got in touch with Follower c8bfac46-0061-4906-a354-59c2fa211c25@group-4A1627A7E140->8af73eb1-79e8-42bd-81b7-d22b4389184f(c-1,m0,n0, attendVote=true, lastRpcSendTime=8, lastRpcResponseTime=5233) yet, just keep nextIndex unchanged and retry.
2022-11-24 06:38:49,415 [grpc-default-executor-0] WARN  server.GrpcLogAppender (LogUtils.java:warn(122)) - c8bfac46-0061-4906-a354-59c2fa211c25@group-4A1627A7E140->8af73eb1-79e8-42bd-81b7-d22b4389184f-AppendLogResponseHandler: Failed appendEntries: org.apache.ratis.thirdparty.io.grpc.StatusRuntimeException: UNAVAILABLE: io exception
2022-11-24 06:38:49,415 [grpc-default-executor-0] WARN  server.GrpcLogAppender (GrpcLogAppender.java:resetClient(131)) - c8bfac46-0061-4906-a354-59c2fa211c25@group-4A1627A7E140->8af73eb1-79e8-42bd-81b7-d22b4389184f-GrpcLogAppender: Leader has not got in touch with Follower c8bfac46-0061-4906-a354-59c2fa211c25@group-4A1627A7E140->8af73eb1-79e8-42bd-81b7-d22b4389184f(c-1,m0,n0, attendVote=true, lastRpcSendTime=9, lastRpcResponseTime=5233) yet, just keep nextIndex unchanged and retry.
2022-11-24 06:38:49,423 [grpc-default-executor-4] WARN  server.GrpcLogAppender (LogUtils.java:warn(122)) - c8bfac46-0061-4906-a354-59c2fa211c25@group-4A1627A7E140->8af73eb1-79e8-42bd-81b7-d22b4389184f-AppendLogResponseHandler: Failed appendEntries: org.apache.ratis.thirdparty.io.grpc.StatusRuntimeException: UNAVAILABLE: io exception
2022-11-24 06:38:49,423 [grpc-default-executor-4] WARN  server.GrpcLogAppender (GrpcLogAppender.java:resetClient(131)) - c8bfac46-0061-4906-a354-59c2fa211c25@group-4A1627A7E140->8af73eb1-79e8-42bd-81b7-d22b4389184f-GrpcLogAppender: Leader has not got in touch with Follower c8bfac46-0061-4906-a354-59c2fa211c25@group-4A1627A7E140->8af73eb1-79e8-42bd-81b7-d22b4389184f(c-1,m0,n1, attendVote=true, lastRpcSendTime=0, lastRpcResponseTime=5242) yet, just keep nextIndex unchanged and retry.
2022-11-24 06:38:49,423 [grpc-default-executor-3] WARN  server.GrpcLogAppender (LogUtils.java:warn(122)) - c8bfac46-0061-4906-a354-59c2fa211c25@group-4A1627A7E140->8af73eb1-79e8-42bd-81b7-d22b4389184f-AppendLogResponseHandler: Failed appendEntries: org.apache.ratis.thirdparty.io.grpc.StatusRuntimeException: UNAVAILABLE: io exception
2022-11-24 06:38:49,424 [grpc-default-executor-3] WARN  server.GrpcLogAppender (GrpcLogAppender.java:resetClient(131)) - c8bfac46-0061-4906-a354-59c2fa211c25@group-4A1627A7E140->8af73eb1-79e8-42bd-81b7-d22b4389184f-GrpcLogAppender: Leader has not got in touch with Follower c8bfac46-0061-4906-a354-59c2fa211c25@group-4A1627A7E140->8af73eb1-79e8-42bd-81b7-d22b4389184f(c-1,m0,n1, attendVote=true, lastRpcSendTime=0, lastRpcResponseTime=5242) yet, just keep nextIndex unchanged and retry.
2022-11-24 06:38:49,434 [f61b783c-62f9-462d-872d-ac09aa128e21-server-thread1] INFO  ratis.XceiverServerRatis (XceiverServerRatis.java:handleLeaderChangedNotification(863)) - Leader change notification received for group: group-4A1627A7E140 with new leaderId: c8bfac46-0061-4906-a354-59c2fa211c25
2022-11-24 06:38:49,434 [f61b783c-62f9-462d-872d-ac09aa128e21-server-thread1] INFO  server.RaftServer$Division (ServerState.java:setLeader(313)) - f61b783c-62f9-462d-872d-ac09aa128e21@group-4A1627A7E140: change Leader from null to c8bfac46-0061-4906-a354-59c2fa211c25 at term 2 for appendEntries, leader elected after 10433ms
2022-11-24 06:38:49,441 [f61b783c-62f9-462d-872d-ac09aa128e21-server-thread2] INFO  server.RaftServer$Division (ServerState.java:setRaftConf(430)) - f61b783c-62f9-462d-872d-ac09aa128e21@group-4A1627A7E140: set configuration 0: peers:[f61b783c-62f9-462d-872d-ac09aa128e21|rpc:10.1.1.33:44027|dataStream:|priority:0|startupRole:FOLLOWER, 8af73eb1-79e8-42bd-81b7-d22b4389184f|rpc:10.1.1.33:44141|dataStream:|priority:1|startupRole:FOLLOWER, c8bfac46-0061-4906-a354-59c2fa211c25|rpc:10.1.1.33:41215|dataStream:|priority:0|startupRole:FOLLOWER]|listeners:[], old=null
2022-11-24 06:38:49,441 [f61b783c-62f9-462d-872d-ac09aa128e21-server-thread2] INFO  segmented.SegmentedRaftLogWorker (SegmentedRaftLogWorker.java:startLogSegment(452)) - f61b783c-62f9-462d-872d-ac09aa128e21@group-4A1627A7E140-SegmentedRaftLogWorker: Starting segment from index:0
2022-11-24 06:38:49,445 [f61b783c-62f9-462d-872d-ac09aa128e21@group-4A1627A7E140-SegmentedRaftLogWorker] INFO  segmented.SegmentedRaftLogWorker (SegmentedRaftLogWorker.java:execute(656)) - f61b783c-62f9-462d-872d-ac09aa128e21@group-4A1627A7E140-SegmentedRaftLogWorker: created new log segment /home/runner/work/ozone/ozone/hadoop-ozone/integration-test/target/test-dir/MiniOzoneClusterImpl-3ca4de4a-72c8-4c23-a990-0556c1b2e11a/datanode-7/data/ratis/7eab0d13-f1ae-4404-aa34-4a1627a7e140/current/log_inprogress_0
2022-11-24 06:38:49,566 [EventQueue-DeadNodeForDeadNodeHandler] INFO  node.DeadNodeHandler (DeadNodeHandler.java:onMessage(81)) - A dead datanode is detected. 8af73eb1-79e8-42bd-81b7-d22b4389184f{ip: 10.1.1.33, host: fv-az453-211.hss2zji4abbufegd5wcf2so25h.dx.internal.cloudapp.net, ports: [REPLICATION=36185, RATIS=44141, RATIS_ADMIN=44141, RATIS_SERVER=44141, STANDALONE=36899], networkLocation: /default-rack, certSerialId: null, persistedOpState: IN_SERVICE, persistedOpStateExpiryEpochSec: 0}
2022-11-24 06:38:49,569 [EventQueue-DeadNodeForDeadNodeHandler] INFO  pipeline.RatisPipelineProvider (RatisPipelineProvider.java:lambda$close$1(244)) - Send pipeline:PipelineID=78a3379c-db77-46a6-9b1d-90f10f00f203 close command to datanode 8af73eb1-79e8-42bd-81b7-d22b4389184f
2022-11-24 06:38:49,572 [EventQueue-DeadNodeForDeadNodeHandler] INFO  pipeline.PipelineStateManagerImpl (PipelineStateManagerImpl.java:removePipeline(245)) - Pipeline Pipeline[ Id: 78a3379c-db77-46a6-9b1d-90f10f00f203, Nodes: 8af73eb1-79e8-42bd-81b7-d22b4389184f{ip: 10.1.1.33, host: fv-az453-211.hss2zji4abbufegd5wcf2so25h.dx.internal.cloudapp.net, ports: [REPLICATION=36185, RATIS=44141, RATIS_ADMIN=44141, RATIS_SERVER=44141, STANDALONE=36899], networkLocation: /default-rack, certSerialId: null, persistedOpState: IN_SERVICE, persistedOpStateExpiryEpochSec: 0}, ReplicationConfig: RATIS/ONE, State:CLOSED, leaderId:8af73eb1-79e8-42bd-81b7-d22b4389184f, CreationTimestamp2022-11-24T06:38:35.723Z[Etc/UTC]] removed.
2022-11-24 06:38:49,572 [EventQueue-DeadNodeForDeadNodeHandler] INFO  pipeline.RatisPipelineProvider (RatisPipelineProvider.java:lambda$close$1(244)) - Send pipeline:PipelineID=7eab0d13-f1ae-4404-aa34-4a1627a7e140 close command to datanode 8af73eb1-79e8-42bd-81b7-d22b4389184f
2022-11-24 06:38:49,573 [EventQueue-DeadNodeForDeadNodeHandler] INFO  pipeline.RatisPipelineProvider (RatisPipelineProvider.java:lambda$close$1(244)) - Send pipeline:PipelineID=7eab0d13-f1ae-4404-aa34-4a1627a7e140 close command to datanode c8bfac46-0061-4906-a354-59c2fa211c25
2022-11-24 06:38:49,573 [EventQueue-DeadNodeForDeadNodeHandler] INFO  pipeline.RatisPipelineProvider (RatisPipelineProvider.java:lambda$close$1(244)) - Send pipeline:PipelineID=7eab0d13-f1ae-4404-aa34-4a1627a7e140 close command to datanode f61b783c-62f9-462d-872d-ac09aa128e21
2022-11-24 06:38:49,573 [EventQueue-DeadNodeForDeadNodeHandler] INFO  pipeline.PipelineStateManagerImpl (PipelineStateManagerImpl.java:removePipeline(245)) - Pipeline Pipeline[ Id: 7eab0d13-f1ae-4404-aa34-4a1627a7e140, Nodes: 8af73eb1-79e8-42bd-81b7-d22b4389184f{ip: 10.1.1.33, host: fv-az453-211.hss2zji4abbufegd5wcf2so25h.dx.internal.cloudapp.net, ports: [REPLICATION=36185, RATIS=44141, RATIS_ADMIN=44141, RATIS_SERVER=44141, STANDALONE=36899], networkLocation: /default-rack, certSerialId: null, persistedOpState: IN_SERVICE, persistedOpStateExpiryEpochSec: 0}c8bfac46-0061-4906-a354-59c2fa211c25{ip: 10.1.1.33, host: fv-az453-211.hss2zji4abbufegd5wcf2so25h.dx.internal.cloudapp.net, ports: [REPLICATION=33399, RATIS=41215, RATIS_ADMIN=41215, RATIS_SERVER=41215, STANDALONE=43477], networkLocation: /default-rack, certSerialId: null, persistedOpState: IN_SERVICE, persistedOpStateExpiryEpochSec: 0}f61b783c-62f9-462d-872d-ac09aa128e21{ip: 10.1.1.33, host: fv-az453-211.hss2zji4abbufegd5wcf2so25h.dx.internal.cloudapp.net, ports: [REPLICATION=45671, RATIS=44027, RATIS_ADMIN=44027, RATIS_SERVER=44027, STANDALONE=38233], networkLocation: /default-rack, certSerialId: null, persistedOpState: IN_SERVICE, persistedOpStateExpiryEpochSec: 0}, ReplicationConfig: RATIS/THREE, State:CLOSED, leaderId:c8bfac46-0061-4906-a354-59c2fa211c25, CreationTimestamp2022-11-24T06:38:36.669Z[Etc/UTC]] removed.
2022-11-24 06:38:49,575 [EventQueue-DeadNodeForDeadNodeHandler] INFO  pipeline.PipelineStateManagerImpl (PipelineStateManagerImpl.java:removePipeline(245)) - Pipeline Pipeline[ Id: be17f3ae-1561-42cb-ba13-fbe109162e5c, Nodes: 8af73eb1-79e8-42bd-81b7-d22b4389184f{ip: 10.1.1.33, host: fv-az453-211.hss2zji4abbufegd5wcf2so25h.dx.internal.cloudapp.net, ports: [REPLICATION=36185, RATIS=44141, RATIS_ADMIN=44141, RATIS_SERVER=44141, STANDALONE=36899], networkLocation: /default-rack, certSerialId: null, persistedOpState: null, persistedOpStateExpiryEpochSec: 0}f61b783c-62f9-462d-872d-ac09aa128e21{ip: 10.1.1.33, host: fv-az453-211.hss2zji4abbufegd5wcf2so25h.dx.internal.cloudapp.net, ports: [REPLICATION=45671, RATIS=44027, RATIS_ADMIN=44027, RATIS_SERVER=44027, STANDALONE=38233], networkLocation: /default-rack, certSerialId: null, persistedOpState: null, persistedOpStateExpiryEpochSec: 0}4949dc81-86be-4926-96a6-534c5c5588ca{ip: 10.1.1.33, host: fv-az453-211.hss2zji4abbufegd5wcf2so25h.dx.internal.cloudapp.net, ports: [REPLICATION=46611, RATIS=45371, RATIS_ADMIN=45371, RATIS_SERVER=45371, STANDALONE=38135], networkLocation: /default-rack, certSerialId: null, persistedOpState: null, persistedOpStateExpiryEpochSec: 0}2412583d-f0ce-4b83-96a1-c4f14f6f25ae{ip: 10.1.1.33, host: fv-az453-211.hss2zji4abbufegd5wcf2so25h.dx.internal.cloudapp.net, ports: [REPLICATION=36327, RATIS=34367, RATIS_ADMIN=34367, RATIS_SERVER=34367, STANDALONE=42617], networkLocation: /default-rack, certSerialId: null, persistedOpState: null, persistedOpStateExpiryEpochSec: 0}06429dc3-6184-4705-8d2a-a6f8dedf2170{ip: 10.1.1.33, host: fv-az453-211.hss2zji4abbufegd5wcf2so25h.dx.internal.cloudapp.net, ports: [REPLICATION=44101, RATIS=44897, RATIS_ADMIN=44897, RATIS_SERVER=44897, STANDALONE=36083], networkLocation: /default-rack, certSerialId: null, persistedOpState: null, persistedOpStateExpiryEpochSec: 0}, ReplicationConfig: EC/ECReplicationConfig{data=3, parity=2, ecChunkSize=1024, codec=rs}, State:CLOSED, leaderId:, CreationTimestamp2022-11-24T06:38:42.992Z[Etc/UTC]] removed.
2022-11-24 06:38:49,575 [EventQueue-DeadNodeForDeadNodeHandler] INFO  pipeline.RatisPipelineProvider (RatisPipelineProvider.java:lambda$close$1(244)) - Send pipeline:PipelineID=3cb81546-a1e4-4674-93a2-4ec97286dcbf close command to datanode f61b783c-62f9-462d-872d-ac09aa128e21
2022-11-24 06:38:49,575 [EventQueue-DeadNodeForDeadNodeHandler] INFO  pipeline.RatisPipelineProvider (RatisPipelineProvider.java:lambda$close$1(244)) - Send pipeline:PipelineID=3cb81546-a1e4-4674-93a2-4ec97286dcbf close command to datanode 8af73eb1-79e8-42bd-81b7-d22b4389184f
2022-11-24 06:38:49,575 [EventQueue-DeadNodeForDeadNodeHandler] INFO  pipeline.RatisPipelineProvider (RatisPipelineProvider.java:lambda$close$1(244)) - Send pipeline:PipelineID=3cb81546-a1e4-4674-93a2-4ec97286dcbf close command to datanode c8bfac46-0061-4906-a354-59c2fa211c25
2022-11-24 06:38:49,576 [EventQueue-DeadNodeForDeadNodeHandler] INFO  pipeline.PipelineStateManagerImpl (PipelineStateManagerImpl.java:removePipeline(245)) - Pipeline Pipeline[ Id: 3cb81546-a1e4-4674-93a2-4ec97286dcbf, Nodes: f61b783c-62f9-462d-872d-ac09aa128e21{ip: 10.1.1.33, host: fv-az453-211.hss2zji4abbufegd5wcf2so25h.dx.internal.cloudapp.net, ports: [REPLICATION=45671, RATIS=44027, RATIS_ADMIN=44027, RATIS_SERVER=44027, STANDALONE=38233], networkLocation: /default-rack, certSerialId: null, persistedOpState: IN_SERVICE, persistedOpStateExpiryEpochSec: 0}8af73eb1-79e8-42bd-81b7-d22b4389184f{ip: 10.1.1.33, host: fv-az453-211.hss2zji4abbufegd5wcf2so25h.dx.internal.cloudapp.net, ports: [REPLICATION=36185, RATIS=44141, RATIS_ADMIN=44141, RATIS_SERVER=44141, STANDALONE=36899], networkLocation: /default-rack, certSerialId: null, persistedOpState: IN_SERVICE, persistedOpStateExpiryEpochSec: 0}c8bfac46-0061-4906-a354-59c2fa211c25{ip: 10.1.1.33, host: fv-az453-211.hss2zji4abbufegd5wcf2so25h.dx.internal.cloudapp.net, ports: [REPLICATION=33399, RATIS=41215, RATIS_ADMIN=41215, RATIS_SERVER=41215, STANDALONE=43477], networkLocation: /default-rack, certSerialId: null, persistedOpState: IN_SERVICE, persistedOpStateExpiryEpochSec: 0}, ReplicationConfig: RATIS/THREE, State:CLOSED, leaderId:f61b783c-62f9-462d-872d-ac09aa128e21, CreationTimestamp2022-11-24T06:38:36.667Z[Etc/UTC]] removed.
2022-11-24 06:38:49,580 [EventQueue-DeadNodeForDeadNodeHandler] INFO  net.NetworkTopologyImpl (NetworkTopologyImpl.java:remove(190)) - Removed a node: /default-rack/8af73eb1-79e8-42bd-81b7-d22b4389184f
2022-11-24 06:38:49,648 [Listener at 127.0.0.1/43781] INFO  replication.ReplicationManager (ReplicationManager.java:start(251)) - Starting Replication Monitor Thread.
2022-11-24 06:38:49,658 [Under Replicated Processor] INFO  replication.UnderReplicatedProcessor (UnderReplicatedProcessor.java:processAll(79)) - Processed 0 under replicated containers, failed processing 0
2022-11-24 06:38:49,667 [ReplicationMonitor] INFO  replication.ReplicationManager (ReplicationManager.java:processAll(353)) - Replication Monitor Thread took 7 milliseconds for processing 1 containers.
2022-11-24 06:38:49,667 [Over Replicated Processor] INFO  replication.OverReplicatedProcessor (OverReplicatedProcessor.java:processAll(79)) - Processed 0 over replicated containers, failed processing 0
2022-11-24 06:38:50,222 [grpc-default-executor-3] WARN  server.GrpcLogAppender (LogUtils.java:warn(122)) - f61b783c-62f9-462d-872d-ac09aa128e21@group-4EC97286DCBF->8af73eb1-79e8-42bd-81b7-d22b4389184f-AppendLogResponseHandler: Failed appendEntries: org.apache.ratis.thirdparty.io.grpc.StatusRuntimeException: UNAVAILABLE: io exception
2022-11-24 06:38:50,222 [grpc-default-executor-0] WARN  server.GrpcLogAppender (LogUtils.java:warn(122)) - f61b783c-62f9-462d-872d-ac09aa128e21@group-4EC97286DCBF->8af73eb1-79e8-42bd-81b7-d22b4389184f-AppendLogResponseHandler: Failed appendEntries: org.apache.ratis.thirdparty.io.grpc.StatusRuntimeException: UNAVAILABLE: io exception
2022-11-24 06:38:50,223 [grpc-default-executor-3] WARN  server.GrpcLogAppender (GrpcLogAppender.java:resetClient(131)) - f61b783c-62f9-462d-872d-ac09aa128e21@group-4EC97286DCBF->8af73eb1-79e8-42bd-81b7-d22b4389184f-GrpcLogAppender: Leader has not got in touch with Follower f61b783c-62f9-462d-872d-ac09aa128e21@group-4EC97286DCBF->8af73eb1-79e8-42bd-81b7-d22b4389184f(c-1,m0,n1, attendVote=true, lastRpcSendTime=1252, lastRpcResponseTime=11501) yet, just keep nextIndex unchanged and retry.
2022-11-24 06:38:50,225 [grpc-default-executor-0] WARN  server.GrpcLogAppender (GrpcLogAppender.java:resetClient(131)) - f61b783c-62f9-462d-872d-ac09aa128e21@group-4EC97286DCBF->8af73eb1-79e8-42bd-81b7-d22b4389184f-GrpcLogAppender: Leader has not got in touch with Follower f61b783c-62f9-462d-872d-ac09aa128e21@group-4EC97286DCBF->8af73eb1-79e8-42bd-81b7-d22b4389184f(c-1,m0,n1, attendVote=true, lastRpcSendTime=1254, lastRpcResponseTime=11503) yet, just keep nextIndex unchanged and retry.
2022-11-24 06:38:50,230 [grpc-default-executor-0] WARN  server.GrpcLogAppender (LogUtils.java:warn(122)) - f61b783c-62f9-462d-872d-ac09aa128e21@group-4EC97286DCBF->8af73eb1-79e8-42bd-81b7-d22b4389184f-AppendLogResponseHandler: Failed appendEntries: org.apache.ratis.thirdparty.io.grpc.StatusRuntimeException: UNAVAILABLE: io exception
2022-11-24 06:38:50,231 [grpc-default-executor-3] WARN  server.GrpcLogAppender (LogUtils.java:warn(122)) - f61b783c-62f9-462d-872d-ac09aa128e21@group-4EC97286DCBF->8af73eb1-79e8-42bd-81b7-d22b4389184f-AppendLogResponseHandler: Failed appendEntries: org.apache.ratis.thirdparty.io.grpc.StatusRuntimeException: UNAVAILABLE: io exception
2022-11-24 06:38:50,231 [grpc-default-executor-0] WARN  server.GrpcLogAppender (GrpcLogAppender.java:resetClient(131)) - f61b783c-62f9-462d-872d-ac09aa128e21@group-4EC97286DCBF->8af73eb1-79e8-42bd-81b7-d22b4389184f-GrpcLogAppender: Leader has not got in touch with Follower f61b783c-62f9-462d-872d-ac09aa128e21@group-4EC97286DCBF->8af73eb1-79e8-42bd-81b7-d22b4389184f(c-1,m0,n1, attendVote=true, lastRpcSendTime=1260, lastRpcResponseTime=11509) yet, just keep nextIndex unchanged and retry.
2022-11-24 06:38:50,231 [grpc-default-executor-3] WARN  server.GrpcLogAppender (GrpcLogAppender.java:resetClient(131)) - f61b783c-62f9-462d-872d-ac09aa128e21@group-4EC97286DCBF->8af73eb1-79e8-42bd-81b7-d22b4389184f-GrpcLogAppender: Leader has not got in touch with Follower f61b783c-62f9-462d-872d-ac09aa128e21@group-4EC97286DCBF->8af73eb1-79e8-42bd-81b7-d22b4389184f(c-1,m0,n1, attendVote=true, lastRpcSendTime=1260, lastRpcResponseTime=11510) yet, just keep nextIndex unchanged and retry.
2022-11-24 06:38:50,235 [grpc-default-executor-3] WARN  server.GrpcLogAppender (LogUtils.java:warn(122)) - f61b783c-62f9-462d-872d-ac09aa128e21@group-4EC97286DCBF->8af73eb1-79e8-42bd-81b7-d22b4389184f-AppendLogResponseHandler: Failed appendEntries: org.apache.ratis.thirdparty.io.grpc.StatusRuntimeException: UNAVAILABLE: io exception
2022-11-24 06:38:50,236 [grpc-default-executor-0] WARN  server.GrpcLogAppender (LogUtils.java:warn(122)) - f61b783c-62f9-462d-872d-ac09aa128e21@group-4EC97286DCBF->8af73eb1-79e8-42bd-81b7-d22b4389184f-AppendLogResponseHandler: Failed appendEntries: org.apache.ratis.thirdparty.io.grpc.StatusRuntimeException: UNAVAILABLE: io exception
2022-11-24 06:38:50,236 [grpc-default-executor-3] WARN  server.GrpcLogAppender (GrpcLogAppender.java:resetClient(131)) - f61b783c-62f9-462d-872d-ac09aa128e21@group-4EC97286DCBF->8af73eb1-79e8-42bd-81b7-d22b4389184f-GrpcLogAppender: Leader has not got in touch with Follower f61b783c-62f9-462d-872d-ac09aa128e21@group-4EC97286DCBF->8af73eb1-79e8-42bd-81b7-d22b4389184f(c-1,m0,n1, attendVote=true, lastRpcSendTime=1265, lastRpcResponseTime=11514) yet, just keep nextIndex unchanged and retry.
2022-11-24 06:38:50,237 [grpc-default-executor-0] WARN  server.GrpcLogAppender (GrpcLogAppender.java:resetClient(131)) - f61b783c-62f9-462d-872d-ac09aa128e21@group-4EC97286DCBF->8af73eb1-79e8-42bd-81b7-d22b4389184f-GrpcLogAppender: Leader has not got in touch with Follower f61b783c-62f9-462d-872d-ac09aa128e21@group-4EC97286DCBF->8af73eb1-79e8-42bd-81b7-d22b4389184f(c-1,m0,n1, attendVote=true, lastRpcSendTime=1265, lastRpcResponseTime=11515) yet, just keep nextIndex unchanged and retry.
2022-11-24 06:38:50,238 [grpc-default-executor-0] WARN  server.GrpcLogAppender (LogUtils.java:warn(122)) - f61b783c-62f9-462d-872d-ac09aa128e21@group-4EC97286DCBF->8af73eb1-79e8-42bd-81b7-d22b4389184f-AppendLogResponseHandler: Failed appendEntries: org.apache.ratis.thirdparty.io.grpc.StatusRuntimeException: UNAVAILABLE: io exception
2022-11-24 06:38:50,238 [grpc-default-executor-3] WARN  server.GrpcLogAppender (LogUtils.java:warn(122)) - f61b783c-62f9-462d-872d-ac09aa128e21@group-4EC97286DCBF->8af73eb1-79e8-42bd-81b7-d22b4389184f-AppendLogResponseHandler: Failed appendEntries: org.apache.ratis.thirdparty.io.grpc.StatusRuntimeException: UNAVAILABLE: io exception
2022-11-24 06:38:50,239 [grpc-default-executor-0] WARN  server.GrpcLogAppender (GrpcLogAppender.java:resetClient(131)) - f61b783c-62f9-462d-872d-ac09aa128e21@group-4EC97286DCBF->8af73eb1-79e8-42bd-81b7-d22b4389184f-GrpcLogAppender: Leader has not got in touch with Follower f61b783c-62f9-462d-872d-ac09aa128e21@group-4EC97286DCBF->8af73eb1-79e8-42bd-81b7-d22b4389184f(c-1,m0,n1, attendVote=true, lastRpcSendTime=1267, lastRpcResponseTime=11517) yet, just keep nextIndex unchanged and retry.
2022-11-24 06:38:50,240 [grpc-default-executor-3] WARN  server.GrpcLogAppender (GrpcLogAppender.java:resetClient(131)) - f61b783c-62f9-462d-872d-ac09aa128e21@group-4EC97286DCBF->8af73eb1-79e8-42bd-81b7-d22b4389184f-GrpcLogAppender: Leader has not got in touch with Follower f61b783c-62f9-462d-872d-ac09aa128e21@group-4EC97286DCBF->8af73eb1-79e8-42bd-81b7-d22b4389184f(c-1,m0,n1, attendVote=true, lastRpcSendTime=1268, lastRpcResponseTime=11518) yet, just keep nextIndex unchanged and retry.
2022-11-24 06:38:50,243 [grpc-default-executor-3] WARN  server.GrpcLogAppender (LogUtils.java:warn(122)) - f61b783c-62f9-462d-872d-ac09aa128e21@group-4EC97286DCBF->8af73eb1-79e8-42bd-81b7-d22b4389184f-AppendLogResponseHandler: Failed appendEntries: org.apache.ratis.thirdparty.io.grpc.StatusRuntimeException: UNAVAILABLE: io exception
2022-11-24 06:38:50,243 [grpc-default-executor-0] WARN  server.GrpcLogAppender (LogUtils.java:warn(122)) - f61b783c-62f9-462d-872d-ac09aa128e21@group-4EC97286DCBF->8af73eb1-79e8-42bd-81b7-d22b4389184f-AppendLogResponseHandler: Failed appendEntries: org.apache.ratis.thirdparty.io.grpc.StatusRuntimeException: UNAVAILABLE: io exception
2022-11-24 06:38:50,243 [grpc-default-executor-3] WARN  server.GrpcLogAppender (GrpcLogAppender.java:resetClient(131)) - f61b783c-62f9-462d-872d-ac09aa128e21@group-4EC97286DCBF->8af73eb1-79e8-42bd-81b7-d22b4389184f-GrpcLogAppender: Leader has not got in touch with Follower f61b783c-62f9-462d-872d-ac09aa128e21@group-4EC97286DCBF->8af73eb1-79e8-42bd-81b7-d22b4389184f(c-1,m0,n1, attendVote=true, lastRpcSendTime=1272, lastRpcResponseTime=11521) yet, just keep nextIndex unchanged and retry.
2022-11-24 06:38:50,244 [grpc-default-executor-0] WARN  server.GrpcLogAppender (GrpcLogAppender.java:resetClient(131)) - f61b783c-62f9-462d-872d-ac09aa128e21@group-4EC97286DCBF->8af73eb1-79e8-42bd-81b7-d22b4389184f-GrpcLogAppender: Leader has not got in touch with Follower f61b783c-62f9-462d-872d-ac09aa128e21@group-4EC97286DCBF->8af73eb1-79e8-42bd-81b7-d22b4389184f(c-1,m0,n1, attendVote=true, lastRpcSendTime=1272, lastRpcResponseTime=11522) yet, just keep nextIndex unchanged and retry.
2022-11-24 06:38:50,246 [grpc-default-executor-0] WARN  server.GrpcLogAppender (LogUtils.java:warn(122)) - f61b783c-62f9-462d-872d-ac09aa128e21@group-4EC97286DCBF->8af73eb1-79e8-42bd-81b7-d22b4389184f-AppendLogResponseHandler: Failed appendEntries: org.apache.ratis.thirdparty.io.grpc.StatusRuntimeException: UNAVAILABLE: io exception
2022-11-24 06:38:50,246 [grpc-default-executor-3] WARN  server.GrpcLogAppender (LogUtils.java:warn(122)) - f61b783c-62f9-462d-872d-ac09aa128e21@group-4EC97286DCBF->8af73eb1-79e8-42bd-81b7-d22b4389184f-AppendLogResponseHandler: Failed appendEntries: org.apache.ratis.thirdparty.io.grpc.StatusRuntimeException: UNAVAILABLE: io exception
2022-11-24 06:38:50,248 [grpc-default-executor-0] WARN  server.GrpcLogAppender (GrpcLogAppender.java:resetClient(131)) - f61b783c-62f9-462d-872d-ac09aa128e21@group-4EC97286DCBF->8af73eb1-79e8-42bd-81b7-d22b4389184f-GrpcLogAppender: Leader has not got in touch with Follower f61b783c-62f9-462d-872d-ac09aa128e21@group-4EC97286DCBF->8af73eb1-79e8-42bd-81b7-d22b4389184f(c-1,m0,n1, attendVote=true, lastRpcSendTime=1276, lastRpcResponseTime=11526) yet, just keep nextIndex unchanged and retry.
2022-11-24 06:38:50,248 [grpc-default-executor-3] WARN  server.GrpcLogAppender (GrpcLogAppender.java:resetClient(131)) - f61b783c-62f9-462d-872d-ac09aa128e21@group-4EC97286DCBF->8af73eb1-79e8-42bd-81b7-d22b4389184f-GrpcLogAppender: Leader has not got in touch with Follower f61b783c-62f9-462d-872d-ac09aa128e21@group-4EC97286DCBF->8af73eb1-79e8-42bd-81b7-d22b4389184f(c-1,m0,n1, attendVote=true, lastRpcSendTime=1277, lastRpcResponseTime=11526) yet, just keep nextIndex unchanged and retry.
2022-11-24 06:38:50,258 [grpc-default-executor-3] WARN  server.GrpcLogAppender (LogUtils.java:warn(122)) - f61b783c-62f9-462d-872d-ac09aa128e21@group-4EC97286DCBF->8af73eb1-79e8-42bd-81b7-d22b4389184f-AppendLogResponseHandler: Failed appendEntries: org.apache.ratis.thirdparty.io.grpc.StatusRuntimeException: UNAVAILABLE: io exception
2022-11-24 06:38:50,259 [grpc-default-executor-0] WARN  server.GrpcLogAppender (LogUtils.java:warn(122)) - f61b783c-62f9-462d-872d-ac09aa128e21@group-4EC97286DCBF->8af73eb1-79e8-42bd-81b7-d22b4389184f-AppendLogResponseHandler: Failed appendEntries: org.apache.ratis.thirdparty.io.grpc.StatusRuntimeException: UNAVAILABLE: io exception
2022-11-24 06:38:50,260 [grpc-default-executor-3] WARN  server.GrpcLogAppender (GrpcLogAppender.java:resetClient(131)) - f61b783c-62f9-462d-872d-ac09aa128e21@group-4EC97286DCBF->8af73eb1-79e8-42bd-81b7-d22b4389184f-GrpcLogAppender: Leader has not got in touch with Follower f61b783c-62f9-462d-872d-ac09aa128e21@group-4EC97286DCBF->8af73eb1-79e8-42bd-81b7-d22b4389184f(c-1,m0,n1, attendVote=true, lastRpcSendTime=1288, lastRpcResponseTime=11538) yet, just keep nextIndex unchanged and retry.
2022-11-24 06:38:50,261 [grpc-default-executor-0] WARN  server.GrpcLogAppender (GrpcLogAppender.java:resetClient(131)) - f61b783c-62f9-462d-872d-ac09aa128e21@group-4EC97286DCBF->8af73eb1-79e8-42bd-81b7-d22b4389184f-GrpcLogAppender: Leader has not got in touch with Follower f61b783c-62f9-462d-872d-ac09aa128e21@group-4EC97286DCBF->8af73eb1-79e8-42bd-81b7-d22b4389184f(c-1,m0,n1, attendVote=true, lastRpcSendTime=1290, lastRpcResponseTime=11539) yet, just keep nextIndex unchanged and retry.
2022-11-24 06:38:50,264 [grpc-default-executor-0] WARN  server.GrpcLogAppender (LogUtils.java:warn(122)) - f61b783c-62f9-462d-872d-ac09aa128e21@group-4EC97286DCBF->8af73eb1-79e8-42bd-81b7-d22b4389184f-AppendLogResponseHandler: Failed appendEntries: org.apache.ratis.thirdparty.io.grpc.StatusRuntimeException: UNAVAILABLE: io exception
2022-11-24 06:38:50,264 [grpc-default-executor-3] WARN  server.GrpcLogAppender (LogUtils.java:warn(122)) - f61b783c-62f9-462d-872d-ac09aa128e21@group-4EC97286DCBF->8af73eb1-79e8-42bd-81b7-d22b4389184f-AppendLogResponseHandler: Failed appendEntries: org.apache.ratis.thirdparty.io.grpc.StatusRuntimeException: UNAVAILABLE: io exception
2022-11-24 06:38:50,265 [grpc-default-executor-0] WARN  server.GrpcLogAppender (GrpcLogAppender.java:resetClient(131)) - f61b783c-62f9-462d-872d-ac09aa128e21@group-4EC97286DCBF->8af73eb1-79e8-42bd-81b7-d22b4389184f-GrpcLogAppender: Leader has not got in touch with Follower f61b783c-62f9-462d-872d-ac09aa128e21@group-4EC97286DCBF->8af73eb1-79e8-42bd-81b7-d22b4389184f(c-1,m0,n1, attendVote=true, lastRpcSendTime=1294, lastRpcResponseTime=11543) yet, just keep nextIndex unchanged and retry.
2022-11-24 06:38:50,266 [grpc-default-executor-3] WARN  server.GrpcLogAppender (GrpcLogAppender.java:resetClient(131)) - f61b783c-62f9-462d-872d-ac09aa128e21@group-4EC97286DCBF->8af73eb1-79e8-42bd-81b7-d22b4389184f-GrpcLogAppender: Leader has not got in touch with Follower f61b783c-62f9-462d-872d-ac09aa128e21@group-4EC97286DCBF->8af73eb1-79e8-42bd-81b7-d22b4389184f(c-1,m0,n1, attendVote=true, lastRpcSendTime=1294, lastRpcResponseTime=11544) yet, just keep nextIndex unchanged and retry.
2022-11-24 06:38:50,268 [grpc-default-executor-3] WARN  server.GrpcLogAppender (LogUtils.java:warn(122)) - f61b783c-62f9-462d-872d-ac09aa128e21@group-4EC97286DCBF->8af73eb1-79e8-42bd-81b7-d22b4389184f-AppendLogResponseHandler: Failed appendEntries: org.apache.ratis.thirdparty.io.grpc.StatusRuntimeException: UNAVAILABLE: io exception
2022-11-24 06:38:50,268 [grpc-default-executor-0] WARN  server.GrpcLogAppender (LogUtils.java:warn(122)) - f61b783c-62f9-462d-872d-ac09aa128e21@group-4EC97286DCBF->8af73eb1-79e8-42bd-81b7-d22b4389184f-AppendLogResponseHandler: Failed appendEntries: org.apache.ratis.thirdparty.io.grpc.StatusRuntimeException: UNAVAILABLE: io exception
2022-11-24 06:38:50,268 [grpc-default-executor-3] WARN  server.GrpcLogAppender (GrpcLogAppender.java:resetClient(131)) - f61b783c-62f9-462d-872d-ac09aa128e21@group-4EC97286DCBF->8af73eb1-79e8-42bd-81b7-d22b4389184f-GrpcLogAppender: Leader has not got in touch with Follower f61b783c-62f9-462d-872d-ac09aa128e21@group-4EC97286DCBF->8af73eb1-79e8-42bd-81b7-d22b4389184f(c-1,m0,n1, attendVote=true, lastRpcSendTime=1297, lastRpcResponseTime=11546) yet, just keep nextIndex unchanged and retry.
2022-11-24 06:38:50,269 [grpc-default-executor-0] WARN  server.GrpcLogAppender (GrpcLogAppender.java:resetClient(131)) - f61b783c-62f9-462d-872d-ac09aa128e21@group-4EC97286DCBF->8af73eb1-79e8-42bd-81b7-d22b4389184f-GrpcLogAppender: Leader has not got in touch with Follower f61b783c-62f9-462d-872d-ac09aa128e21@group-4EC97286DCBF->8af73eb1-79e8-42bd-81b7-d22b4389184f(c-1,m0,n1, attendVote=true, lastRpcSendTime=1297, lastRpcResponseTime=11547) yet, just keep nextIndex unchanged and retry.
2022-11-24 06:38:50,270 [grpc-default-executor-0] WARN  server.GrpcLogAppender (LogUtils.java:warn(122)) - f61b783c-62f9-462d-872d-ac09aa128e21@group-4EC97286DCBF->8af73eb1-79e8-42bd-81b7-d22b4389184f-AppendLogResponseHandler: Failed appendEntries: org.apache.ratis.thirdparty.io.grpc.StatusRuntimeException: UNAVAILABLE: io exception
2022-11-24 06:38:50,270 [grpc-default-executor-3] WARN  server.GrpcLogAppender (LogUtils.java:warn(122)) - f61b783c-62f9-462d-872d-ac09aa128e21@group-4EC97286DCBF->8af73eb1-79e8-42bd-81b7-d22b4389184f-AppendLogResponseHandler: Failed appendEntries: org.apache.ratis.thirdparty.io.grpc.StatusRuntimeException: UNAVAILABLE: io exception
2022-11-24 06:38:50,271 [grpc-default-executor-0] WARN  server.GrpcLogAppender (GrpcLogAppender.java:resetClient(131)) - f61b783c-62f9-462d-872d-ac09aa128e21@group-4EC97286DCBF->8af73eb1-79e8-42bd-81b7-d22b4389184f-GrpcLogAppender: Leader has not got in touch with Follower f61b783c-62f9-462d-872d-ac09aa128e21@group-4EC97286DCBF->8af73eb1-79e8-42bd-81b7-d22b4389184f(c-1,m0,n1, attendVote=true, lastRpcSendTime=1299, lastRpcResponseTime=11549) yet, just keep nextIndex unchanged and retry.
2022-11-24 06:38:50,272 [grpc-default-executor-3] WARN  server.GrpcLogAppender (GrpcLogAppender.java:resetClient(131)) - f61b783c-62f9-462d-872d-ac09aa128e21@group-4EC97286DCBF->8af73eb1-79e8-42bd-81b7-d22b4389184f-GrpcLogAppender: Leader has not got in touch with Follower f61b783c-62f9-462d-872d-ac09aa128e21@group-4EC97286DCBF->8af73eb1-79e8-42bd-81b7-d22b4389184f(c-1,m0,n1, attendVote=true, lastRpcSendTime=1300, lastRpcResponseTime=11550) yet, just keep nextIndex unchanged and retry.
2022-11-24 06:38:50,273 [grpc-default-executor-3] WARN  server.GrpcLogAppender (LogUtils.java:warn(122)) - f61b783c-62f9-462d-872d-ac09aa128e21@group-4EC97286DCBF->8af73eb1-79e8-42bd-81b7-d22b4389184f-AppendLogResponseHandler: Failed appendEntries: org.apache.ratis.thirdparty.io.grpc.StatusRuntimeException: UNAVAILABLE: io exception
2022-11-24 06:38:50,274 [grpc-default-executor-0] WARN  server.GrpcLogAppender (LogUtils.java:warn(122)) - f61b783c-62f9-462d-872d-ac09aa128e21@group-4EC97286DCBF->8af73eb1-79e8-42bd-81b7-d22b4389184f-AppendLogResponseHandler: Failed appendEntries: org.apache.ratis.thirdparty.io.grpc.StatusRuntimeException: UNAVAILABLE: io exception
2022-11-24 06:38:50,276 [grpc-default-executor-3] WARN  server.GrpcLogAppender (GrpcLogAppender.java:resetClient(131)) - f61b783c-62f9-462d-872d-ac09aa128e21@group-4EC97286DCBF->8af73eb1-79e8-42bd-81b7-d22b4389184f-GrpcLogAppender: Leader has not got in touch with Follower f61b783c-62f9-462d-872d-ac09aa128e21@group-4EC97286DCBF->8af73eb1-79e8-42bd-81b7-d22b4389184f(c-1,m0,n1, attendVote=true, lastRpcSendTime=1304, lastRpcResponseTime=11554) yet, just keep nextIndex unchanged and retry.
2022-11-24 06:38:50,276 [grpc-default-executor-0] WARN  server.GrpcLogAppender (GrpcLogAppender.java:resetClient(131)) - f61b783c-62f9-462d-872d-ac09aa128e21@group-4EC97286DCBF->8af73eb1-79e8-42bd-81b7-d22b4389184f-GrpcLogAppender: Leader has not got in touch with Follower f61b783c-62f9-462d-872d-ac09aa128e21@group-4EC97286DCBF->8af73eb1-79e8-42bd-81b7-d22b4389184f(c-1,m0,n1, attendVote=true, lastRpcSendTime=1304, lastRpcResponseTime=11554) yet, just keep nextIndex unchanged and retry.
2022-11-24 06:38:50,277 [grpc-default-executor-0] WARN  server.GrpcLogAppender (LogUtils.java:warn(122)) - f61b783c-62f9-462d-872d-ac09aa128e21@group-4EC97286DCBF->8af73eb1-79e8-42bd-81b7-d22b4389184f-AppendLogResponseHandler: Failed appendEntries: org.apache.ratis.thirdparty.io.grpc.StatusRuntimeException: UNAVAILABLE: io exception
2022-11-24 06:38:50,277 [grpc-default-executor-3] WARN  server.GrpcLogAppender (LogUtils.java:warn(122)) - f61b783c-62f9-462d-872d-ac09aa128e21@group-4EC97286DCBF->8af73eb1-79e8-42bd-81b7-d22b4389184f-AppendLogResponseHandler: Failed appendEntries: org.apache.ratis.thirdparty.io.grpc.StatusRuntimeException: UNAVAILABLE: io exception
2022-11-24 06:38:50,278 [grpc-default-executor-0] WARN  server.GrpcLogAppender (GrpcLogAppender.java:resetClient(131)) - f61b783c-62f9-462d-872d-ac09aa128e21@group-4EC97286DCBF->8af73eb1-79e8-42bd-81b7-d22b4389184f-GrpcLogAppender: Leader has not got in touch with Follower f61b783c-62f9-462d-872d-ac09aa128e21@group-4EC97286DCBF->8af73eb1-79e8-42bd-81b7-d22b4389184f(c-1,m0,n1, attendVote=true, lastRpcSendTime=1306, lastRpcResponseTime=11556) yet, just keep nextIndex unchanged and retry.
2022-11-24 06:38:50,281 [grpc-default-executor-3] WARN  server.GrpcLogAppender (GrpcLogAppender.java:resetClient(131)) - f61b783c-62f9-462d-872d-ac09aa128e21@group-4EC97286DCBF->8af73eb1-79e8-42bd-81b7-d22b4389184f-GrpcLogAppender: Leader has not got in touch with Follower f61b783c-62f9-462d-872d-ac09aa128e21@group-4EC97286DCBF->8af73eb1-79e8-42bd-81b7-d22b4389184f(c-1,m0,n1, attendVote=true, lastRpcSendTime=1309, lastRpcResponseTime=11559) yet, just keep nextIndex unchanged and retry.
2022-11-24 06:38:50,282 [grpc-default-executor-3] WARN  server.GrpcLogAppender (LogUtils.java:warn(122)) - f61b783c-62f9-462d-872d-ac09aa128e21@group-4EC97286DCBF->8af73eb1-79e8-42bd-81b7-d22b4389184f-AppendLogResponseHandler: Failed appendEntries: org.apache.ratis.thirdparty.io.grpc.StatusRuntimeException: UNAVAILABLE: io exception
2022-11-24 06:38:50,282 [grpc-default-executor-0] WARN  server.GrpcLogAppender (LogUtils.java:warn(122)) - f61b783c-62f9-462d-872d-ac09aa128e21@group-4EC97286DCBF->8af73eb1-79e8-42bd-81b7-d22b4389184f-AppendLogResponseHandler: Failed appendEntries: org.apache.ratis.thirdparty.io.grpc.StatusRuntimeException: UNAVAILABLE: io exception
2022-11-24 06:38:50,283 [grpc-default-executor-3] WARN  server.GrpcLogAppender (GrpcLogAppender.java:resetClient(131)) - f61b783c-62f9-462d-872d-ac09aa128e21@group-4EC97286DCBF->8af73eb1-79e8-42bd-81b7-d22b4389184f-GrpcLogAppender: Leader has not got in touch with Follower f61b783c-62f9-462d-872d-ac09aa128e21@group-4EC97286DCBF->8af73eb1-79e8-42bd-81b7-d22b4389184f(c-1,m0,n1, attendVote=true, lastRpcSendTime=0, lastRpcResponseTime=11561) yet, just keep nextIndex unchanged and retry.
2022-11-24 06:38:50,283 [grpc-default-executor-0] WARN  server.GrpcLogAppender (GrpcLogAppender.java:resetClient(131)) - f61b783c-62f9-462d-872d-ac09aa128e21@group-4EC97286DCBF->8af73eb1-79e8-42bd-81b7-d22b4389184f-GrpcLogAppender: Leader has not got in touch with Follower f61b783c-62f9-462d-872d-ac09aa128e21@group-4EC97286DCBF->8af73eb1-79e8-42bd-81b7-d22b4389184f(c-1,m0,n1, attendVote=true, lastRpcSendTime=0, lastRpcResponseTime=11561) yet, just keep nextIndex unchanged and retry.
2022-11-24 06:38:50,656 [grpc-default-executor-0] WARN  server.GrpcLogAppender (LogUtils.java:warn(122)) - c8bfac46-0061-4906-a354-59c2fa211c25@group-4A1627A7E140->8af73eb1-79e8-42bd-81b7-d22b4389184f-AppendLogResponseHandler: Failed appendEntries: org.apache.ratis.thirdparty.io.grpc.StatusRuntimeException: UNAVAILABLE: io exception
2022-11-24 06:38:50,656 [grpc-default-executor-3] WARN  server.GrpcLogAppender (LogUtils.java:warn(122)) - c8bfac46-0061-4906-a354-59c2fa211c25@group-4A1627A7E140->8af73eb1-79e8-42bd-81b7-d22b4389184f-AppendLogResponseHandler: Failed appendEntries: org.apache.ratis.thirdparty.io.grpc.StatusRuntimeException: UNAVAILABLE: io exception
2022-11-24 06:38:50,657 [grpc-default-executor-0] WARN  server.GrpcLogAppender (GrpcLogAppender.java:resetClient(131)) - c8bfac46-0061-4906-a354-59c2fa211c25@group-4A1627A7E140->8af73eb1-79e8-42bd-81b7-d22b4389184f-GrpcLogAppender: Leader has not got in touch with Follower c8bfac46-0061-4906-a354-59c2fa211c25@group-4A1627A7E140->8af73eb1-79e8-42bd-81b7-d22b4389184f(c-1,m0,n1, attendVote=true, lastRpcSendTime=0, lastRpcResponseTime=6475) yet, just keep nextIndex unchanged and retry.
2022-11-24 06:38:50,659 [grpc-default-executor-3] WARN  server.GrpcLogAppender (GrpcLogAppender.java:resetClient(131)) - c8bfac46-0061-4906-a354-59c2fa211c25@group-4A1627A7E140->8af73eb1-79e8-42bd-81b7-d22b4389184f-GrpcLogAppender: Leader has not got in touch with Follower c8bfac46-0061-4906-a354-59c2fa211c25@group-4A1627A7E140->8af73eb1-79e8-42bd-81b7-d22b4389184f(c-1,m0,n1, attendVote=true, lastRpcSendTime=2, lastRpcResponseTime=6477) yet, just keep nextIndex unchanged and retry.
2022-11-24 06:38:50,755 [Command processor thread] INFO  server.RaftServer (RaftServerProxy.java:remove(107)) - c8bfac46-0061-4906-a354-59c2fa211c25: remove    LEADER c8bfac46-0061-4906-a354-59c2fa211c25@group-4A1627A7E140:t2, leader=c8bfac46-0061-4906-a354-59c2fa211c25, voted=c8bfac46-0061-4906-a354-59c2fa211c25, raftlog=Memoized:c8bfac46-0061-4906-a354-59c2fa211c25@group-4A1627A7E140-SegmentedRaftLog:OPENED:c0, conf=0: peers:[f61b783c-62f9-462d-872d-ac09aa128e21|rpc:10.1.1.33:44027|dataStream:|priority:0|startupRole:FOLLOWER, 8af73eb1-79e8-42bd-81b7-d22b4389184f|rpc:10.1.1.33:44141|dataStream:|priority:1|startupRole:FOLLOWER, c8bfac46-0061-4906-a354-59c2fa211c25|rpc:10.1.1.33:41215|dataStream:|priority:0|startupRole:FOLLOWER]|listeners:[], old=null RUNNING
2022-11-24 06:38:50,757 [Command processor thread] INFO  server.RaftServer$Division (RaftServerImpl.java:lambda$close$4(458)) - c8bfac46-0061-4906-a354-59c2fa211c25@group-4A1627A7E140: shutdown
2022-11-24 06:38:50,757 [Command processor thread] INFO  util.JmxRegister (JmxRegister.java:unregister(73)) - Successfully un-registered JMX Bean with object name Ratis:service=RaftServer,group=group-4A1627A7E140,id=c8bfac46-0061-4906-a354-59c2fa211c25
2022-11-24 06:38:50,757 [Command processor thread] INFO  impl.RoleInfo (RoleInfo.java:shutdownLeaderState(93)) - c8bfac46-0061-4906-a354-59c2fa211c25: shutdown c8bfac46-0061-4906-a354-59c2fa211c25@group-4A1627A7E140-LeaderStateImpl
2022-11-24 06:38:50,758 [c8bfac46-0061-4906-a354-59c2fa211c25@group-4A1627A7E140->f61b783c-62f9-462d-872d-ac09aa128e21-GrpcLogAppender-LogAppenderDaemon] WARN  server.GrpcLogAppender (GrpcLogAppender.java:mayWait(200)) - c8bfac46-0061-4906-a354-59c2fa211c25@group-4A1627A7E140->f61b783c-62f9-462d-872d-ac09aa128e21-GrpcLogAppender: Wait interrupted by java.lang.InterruptedException
2022-11-24 06:38:50,761 [grpc-default-executor-0] INFO  server.GrpcServerProtocolService (GrpcServerProtocolService.java:onCompleted(145)) - f61b783c-62f9-462d-872d-ac09aa128e21: Completed APPEND_ENTRIES, lastRequest: null
2022-11-24 06:38:50,761 [grpc-default-executor-4] INFO  server.GrpcLogAppender (GrpcLogAppender.java:onCompleted(415)) - c8bfac46-0061-4906-a354-59c2fa211c25@group-4A1627A7E140->f61b783c-62f9-462d-872d-ac09aa128e21-AppendLogResponseHandler: follower responses appendEntries COMPLETED
2022-11-24 06:38:50,762 [grpc-default-executor-3] INFO  server.GrpcServerProtocolService (GrpcServerProtocolService.java:onCompleted(145)) - f61b783c-62f9-462d-872d-ac09aa128e21: Completed APPEND_ENTRIES, lastRequest: c8bfac46-0061-4906-a354-59c2fa211c25->f61b783c-62f9-462d-872d-ac09aa128e21#1-t2,previous=(t:0, i:0),leaderCommit=0,initializing? true,entries: size=1, first=(t:2, i:0), CONFIGURATIONENTRY(current:id: "f61b783c-62f9-462d-872d-ac09aa128e21"
address: "10.1.1.33:44027"
clientAddress: "10.1.1.33:44027"
adminAddress: "10.1.1.33:44027"
startupRole: FOLLOWER
,id: "8af73eb1-79e8-42bd-81b7-d22b4389184f"
address: "10.1.1.33:44141"
priority: 1
clientAddress: "10.1.1.33:44141"
adminAddress: "10.1.1.33:44141"
startupRole: FOLLOWER
,id: "c8bfac46-0061-4906-a354-59c2fa211c25"
address: "10.1.1.33:41215"
clientAddress: "10.1.1.33:41215"
adminAddress: "10.1.1.33:41215"
startupRole: FOLLOWER
, old:)
2022-11-24 06:38:50,768 [grpc-default-executor-4] INFO  leader.FollowerInfo (FollowerInfoImpl.java:lambda$new$0(48)) - c8bfac46-0061-4906-a354-59c2fa211c25@group-4A1627A7E140->f61b783c-62f9-462d-872d-ac09aa128e21: nextIndex: updateUnconditionally 1 -> 0
2022-11-24 06:38:50,768 [grpc-default-executor-4] INFO  server.GrpcLogAppender (GrpcLogAppender.java:onCompleted(415)) - c8bfac46-0061-4906-a354-59c2fa211c25@group-4A1627A7E140->f61b783c-62f9-462d-872d-ac09aa128e21-AppendLogResponseHandler: follower responses appendEntries COMPLETED
2022-11-24 06:38:50,768 [grpc-default-executor-4] INFO  leader.FollowerInfo (FollowerInfoImpl.java:lambda$new$0(48)) - c8bfac46-0061-4906-a354-59c2fa211c25@group-4A1627A7E140->f61b783c-62f9-462d-872d-ac09aa128e21: nextIndex: updateUnconditionally 0 -> 0
2022-11-24 06:38:50,769 [Command processor thread] INFO  impl.PendingRequests (PendingRequests.java:sendNotLeaderResponses(282)) - c8bfac46-0061-4906-a354-59c2fa211c25@group-4A1627A7E140-PendingRequests: sendNotLeaderResponses
2022-11-24 06:38:50,770 [Command processor thread] INFO  impl.StateMachineUpdater (StateMachineUpdater.java:stopAndJoin(153)) - c8bfac46-0061-4906-a354-59c2fa211c25@group-4A1627A7E140-StateMachineUpdater: set stopIndex = 0
2022-11-24 06:38:50,770 [c8bfac46-0061-4906-a354-59c2fa211c25@group-4A1627A7E140-StateMachineUpdater] INFO  ratis.ContainerStateMachine (ContainerStateMachine.java:takeSnapshot(304)) - group-4A1627A7E140: Taking a snapshot at:(t:2, i:0) file /home/runner/work/ozone/ozone/hadoop-ozone/integration-test/target/test-dir/MiniOzoneClusterImpl-3ca4de4a-72c8-4c23-a990-0556c1b2e11a/datanode-8/data/ratis/7eab0d13-f1ae-4404-aa34-4a1627a7e140/sm/snapshot.2_0
2022-11-24 06:38:50,836 [c8bfac46-0061-4906-a354-59c2fa211c25@group-4A1627A7E140-StateMachineUpdater] INFO  ratis.ContainerStateMachine (ContainerStateMachine.java:takeSnapshot(315)) - group-4A1627A7E140: Finished taking a snapshot at:(t:2, i:0) file:/home/runner/work/ozone/ozone/hadoop-ozone/integration-test/target/test-dir/MiniOzoneClusterImpl-3ca4de4a-72c8-4c23-a990-0556c1b2e11a/datanode-8/data/ratis/7eab0d13-f1ae-4404-aa34-4a1627a7e140/sm/snapshot.2_0 took: 66 ms
2022-11-24 06:38:50,838 [c8bfac46-0061-4906-a354-59c2fa211c25@group-4A1627A7E140-StateMachineUpdater] INFO  impl.StateMachineUpdater (StateMachineUpdater.java:takeSnapshot(287)) - c8bfac46-0061-4906-a354-59c2fa211c25@group-4A1627A7E140-StateMachineUpdater: Took a snapshot at index 0
2022-11-24 06:38:50,838 [c8bfac46-0061-4906-a354-59c2fa211c25@group-4A1627A7E140-StateMachineUpdater] INFO  impl.StateMachineUpdater (StateMachineUpdater.java:lambda$new$0(92)) - c8bfac46-0061-4906-a354-59c2fa211c25@group-4A1627A7E140-StateMachineUpdater: snapshotIndex: updateIncreasingly -1 -> 0
2022-11-24 06:38:50,845 [Command processor thread] INFO  server.RaftServer$Division (ServerState.java:close(466)) - c8bfac46-0061-4906-a354-59c2fa211c25@group-4A1627A7E140: closes. applyIndex: 0
2022-11-24 06:38:50,845 [c8bfac46-0061-4906-a354-59c2fa211c25@group-4A1627A7E140-SegmentedRaftLogWorker] INFO  segmented.SegmentedRaftLogWorker (SegmentedRaftLogWorker.java:run(345)) - c8bfac46-0061-4906-a354-59c2fa211c25@group-4A1627A7E140-SegmentedRaftLogWorker was interrupted, exiting. There are 0 tasks remaining in the queue.
2022-11-24 06:38:50,848 [Command processor thread] INFO  segmented.SegmentedRaftLogWorker (SegmentedRaftLogWorker.java:close(255)) - c8bfac46-0061-4906-a354-59c2fa211c25@group-4A1627A7E140-SegmentedRaftLogWorker close()
2022-11-24 06:38:50,854 [Command processor thread] INFO  server.RaftServer$Division (RaftServerImpl.java:groupRemove(428)) - c8bfac46-0061-4906-a354-59c2fa211c25@group-4A1627A7E140: Succeed to remove RaftStorageDirectory Storage Directory /home/runner/work/ozone/ozone/hadoop-ozone/integration-test/target/test-dir/MiniOzoneClusterImpl-3ca4de4a-72c8-4c23-a990-0556c1b2e11a/datanode-8/data/ratis/7eab0d13-f1ae-4404-aa34-4a1627a7e140
2022-11-24 06:38:50,854 [Command processor thread] INFO  commandhandler.ClosePipelineCommandHandler (ClosePipelineCommandHandler.java:handle(78)) - Close Pipeline PipelineID=7eab0d13-f1ae-4404-aa34-4a1627a7e140 command on datanode c8bfac46-0061-4906-a354-59c2fa211c25.
2022-11-24 06:38:50,854 [Command processor thread] INFO  server.RaftServer (RaftServerProxy.java:remove(107)) - c8bfac46-0061-4906-a354-59c2fa211c25: remove  FOLLOWER c8bfac46-0061-4906-a354-59c2fa211c25@group-4EC97286DCBF:t1, leader=f61b783c-62f9-462d-872d-ac09aa128e21, voted=f61b783c-62f9-462d-872d-ac09aa128e21, raftlog=Memoized:c8bfac46-0061-4906-a354-59c2fa211c25@group-4EC97286DCBF-SegmentedRaftLog:OPENED:c0, conf=0: peers:[f61b783c-62f9-462d-872d-ac09aa128e21|rpc:10.1.1.33:44027|dataStream:|priority:1|startupRole:FOLLOWER, 8af73eb1-79e8-42bd-81b7-d22b4389184f|rpc:10.1.1.33:44141|dataStream:|priority:0|startupRole:FOLLOWER, c8bfac46-0061-4906-a354-59c2fa211c25|rpc:10.1.1.33:41215|dataStream:|priority:0|startupRole:FOLLOWER]|listeners:[], old=null RUNNING
2022-11-24 06:38:50,854 [Command processor thread] INFO  server.RaftServer$Division (RaftServerImpl.java:lambda$close$4(458)) - c8bfac46-0061-4906-a354-59c2fa211c25@group-4EC97286DCBF: shutdown
2022-11-24 06:38:50,854 [Command processor thread] INFO  util.JmxRegister (JmxRegister.java:unregister(73)) - Successfully un-registered JMX Bean with object name Ratis:service=RaftServer,group=group-4EC97286DCBF,id=c8bfac46-0061-4906-a354-59c2fa211c25
2022-11-24 06:38:50,854 [Command processor thread] INFO  impl.RoleInfo (RoleInfo.java:shutdownFollowerState(110)) - c8bfac46-0061-4906-a354-59c2fa211c25: shutdown c8bfac46-0061-4906-a354-59c2fa211c25@group-4EC97286DCBF-FollowerState
2022-11-24 06:38:50,855 [c8bfac46-0061-4906-a354-59c2fa211c25@group-4EC97286DCBF-FollowerState] INFO  impl.FollowerState (FollowerState.java:run(152)) - c8bfac46-0061-4906-a354-59c2fa211c25@group-4EC97286DCBF-FollowerState was interrupted
2022-11-24 06:38:50,862 [Command processor thread] INFO  impl.StateMachineUpdater (StateMachineUpdater.java:stopAndJoin(153)) - c8bfac46-0061-4906-a354-59c2fa211c25@group-4EC97286DCBF-StateMachineUpdater: set stopIndex = 0
2022-11-24 06:38:50,863 [c8bfac46-0061-4906-a354-59c2fa211c25@group-4EC97286DCBF-StateMachineUpdater] INFO  ratis.ContainerStateMachine (ContainerStateMachine.java:takeSnapshot(304)) - group-4EC97286DCBF: Taking a snapshot at:(t:1, i:0) file /home/runner/work/ozone/ozone/hadoop-ozone/integration-test/target/test-dir/MiniOzoneClusterImpl-3ca4de4a-72c8-4c23-a990-0556c1b2e11a/datanode-8/data/ratis/3cb81546-a1e4-4674-93a2-4ec97286dcbf/sm/snapshot.1_0
2022-11-24 06:38:50,864 [c8bfac46-0061-4906-a354-59c2fa211c25@group-4EC97286DCBF-StateMachineUpdater] INFO  ratis.ContainerStateMachine (ContainerStateMachine.java:takeSnapshot(315)) - group-4EC97286DCBF: Finished taking a snapshot at:(t:1, i:0) file:/home/runner/work/ozone/ozone/hadoop-ozone/integration-test/target/test-dir/MiniOzoneClusterImpl-3ca4de4a-72c8-4c23-a990-0556c1b2e11a/datanode-8/data/ratis/3cb81546-a1e4-4674-93a2-4ec97286dcbf/sm/snapshot.1_0 took: 2 ms
2022-11-24 06:38:50,865 [c8bfac46-0061-4906-a354-59c2fa211c25@group-4EC97286DCBF-StateMachineUpdater] INFO  impl.StateMachineUpdater (StateMachineUpdater.java:takeSnapshot(287)) - c8bfac46-0061-4906-a354-59c2fa211c25@group-4EC97286DCBF-StateMachineUpdater: Took a snapshot at index 0
2022-11-24 06:38:50,865 [c8bfac46-0061-4906-a354-59c2fa211c25@group-4EC97286DCBF-StateMachineUpdater] INFO  impl.StateMachineUpdater (StateMachineUpdater.java:lambda$new$0(92)) - c8bfac46-0061-4906-a354-59c2fa211c25@group-4EC97286DCBF-StateMachineUpdater: snapshotIndex: updateIncreasingly -1 -> 0
2022-11-24 06:38:50,865 [Command processor thread] INFO  server.RaftServer$Division (ServerState.java:close(466)) - c8bfac46-0061-4906-a354-59c2fa211c25@group-4EC97286DCBF: closes. applyIndex: 0
2022-11-24 06:38:50,866 [c8bfac46-0061-4906-a354-59c2fa211c25@group-4EC97286DCBF-SegmentedRaftLogWorker] INFO  segmented.SegmentedRaftLogWorker (SegmentedRaftLogWorker.java:run(345)) - c8bfac46-0061-4906-a354-59c2fa211c25@group-4EC97286DCBF-SegmentedRaftLogWorker was interrupted, exiting. There are 0 tasks remaining in the queue.
2022-11-24 06:38:50,867 [Command processor thread] INFO  segmented.SegmentedRaftLogWorker (SegmentedRaftLogWorker.java:close(255)) - c8bfac46-0061-4906-a354-59c2fa211c25@group-4EC97286DCBF-SegmentedRaftLogWorker close()
2022-11-24 06:38:50,870 [Command processor thread] INFO  server.RaftServer$Division (RaftServerImpl.java:groupRemove(428)) - c8bfac46-0061-4906-a354-59c2fa211c25@group-4EC97286DCBF: Succeed to remove RaftStorageDirectory Storage Directory /home/runner/work/ozone/ozone/hadoop-ozone/integration-test/target/test-dir/MiniOzoneClusterImpl-3ca4de4a-72c8-4c23-a990-0556c1b2e11a/datanode-8/data/ratis/3cb81546-a1e4-4674-93a2-4ec97286dcbf
2022-11-24 06:38:50,870 [Command processor thread] INFO  commandhandler.ClosePipelineCommandHandler (ClosePipelineCommandHandler.java:handle(78)) - Close Pipeline PipelineID=3cb81546-a1e4-4674-93a2-4ec97286dcbf command on datanode c8bfac46-0061-4906-a354-59c2fa211c25.
2022-11-24 06:38:51,320 [Command processor thread] INFO  server.RaftServer (RaftServerProxy.java:remove(107)) - f61b783c-62f9-462d-872d-ac09aa128e21: remove  FOLLOWER f61b783c-62f9-462d-872d-ac09aa128e21@group-4A1627A7E140:t2, leader=c8bfac46-0061-4906-a354-59c2fa211c25, voted=c8bfac46-0061-4906-a354-59c2fa211c25, raftlog=Memoized:f61b783c-62f9-462d-872d-ac09aa128e21@group-4A1627A7E140-SegmentedRaftLog:OPENED:c0, conf=0: peers:[f61b783c-62f9-462d-872d-ac09aa128e21|rpc:10.1.1.33:44027|dataStream:|priority:0|startupRole:FOLLOWER, 8af73eb1-79e8-42bd-81b7-d22b4389184f|rpc:10.1.1.33:44141|dataStream:|priority:1|startupRole:FOLLOWER, c8bfac46-0061-4906-a354-59c2fa211c25|rpc:10.1.1.33:41215|dataStream:|priority:0|startupRole:FOLLOWER]|listeners:[], old=null RUNNING
2022-11-24 06:38:51,320 [Command processor thread] INFO  server.RaftServer$Division (RaftServerImpl.java:lambda$close$4(458)) - f61b783c-62f9-462d-872d-ac09aa128e21@group-4A1627A7E140: shutdown
2022-11-24 06:38:51,320 [Command processor thread] INFO  util.JmxRegister (JmxRegister.java:unregister(73)) - Successfully un-registered JMX Bean with object name Ratis:service=RaftServer,group=group-4A1627A7E140,id=f61b783c-62f9-462d-872d-ac09aa128e21
2022-11-24 06:38:51,320 [Command processor thread] INFO  impl.RoleInfo (RoleInfo.java:shutdownFollowerState(110)) - f61b783c-62f9-462d-872d-ac09aa128e21: shutdown f61b783c-62f9-462d-872d-ac09aa128e21@group-4A1627A7E140-FollowerState
2022-11-24 06:38:51,321 [Command processor thread] INFO  impl.StateMachineUpdater (StateMachineUpdater.java:stopAndJoin(153)) - f61b783c-62f9-462d-872d-ac09aa128e21@group-4A1627A7E140-StateMachineUpdater: set stopIndex = 0
2022-11-24 06:38:51,321 [f61b783c-62f9-462d-872d-ac09aa128e21@group-4A1627A7E140-FollowerState] INFO  impl.FollowerState (FollowerState.java:run(152)) - f61b783c-62f9-462d-872d-ac09aa128e21@group-4A1627A7E140-FollowerState was interrupted
2022-11-24 06:38:51,321 [f61b783c-62f9-462d-872d-ac09aa128e21@group-4A1627A7E140-StateMachineUpdater] INFO  ratis.ContainerStateMachine (ContainerStateMachine.java:takeSnapshot(304)) - group-4A1627A7E140: Taking a snapshot at:(t:2, i:0) file /home/runner/work/ozone/ozone/hadoop-ozone/integration-test/target/test-dir/MiniOzoneClusterImpl-3ca4de4a-72c8-4c23-a990-0556c1b2e11a/datanode-7/data/ratis/7eab0d13-f1ae-4404-aa34-4a1627a7e140/sm/snapshot.2_0
2022-11-24 06:38:51,334 [f61b783c-62f9-462d-872d-ac09aa128e21@group-4A1627A7E140-StateMachineUpdater] INFO  ratis.ContainerStateMachine (ContainerStateMachine.java:takeSnapshot(315)) - group-4A1627A7E140: Finished taking a snapshot at:(t:2, i:0) file:/home/runner/work/ozone/ozone/hadoop-ozone/integration-test/target/test-dir/MiniOzoneClusterImpl-3ca4de4a-72c8-4c23-a990-0556c1b2e11a/datanode-7/data/ratis/7eab0d13-f1ae-4404-aa34-4a1627a7e140/sm/snapshot.2_0 took: 11 ms
2022-11-24 06:38:51,335 [f61b783c-62f9-462d-872d-ac09aa128e21@group-4A1627A7E140-StateMachineUpdater] INFO  impl.StateMachineUpdater (StateMachineUpdater.java:takeSnapshot(287)) - f61b783c-62f9-462d-872d-ac09aa128e21@group-4A1627A7E140-StateMachineUpdater: Took a snapshot at index 0
2022-11-24 06:38:51,335 [f61b783c-62f9-462d-872d-ac09aa128e21@group-4A1627A7E140-StateMachineUpdater] INFO  impl.StateMachineUpdater (StateMachineUpdater.java:lambda$new$0(92)) - f61b783c-62f9-462d-872d-ac09aa128e21@group-4A1627A7E140-StateMachineUpdater: snapshotIndex: updateIncreasingly -1 -> 0
2022-11-24 06:38:51,335 [Command processor thread] INFO  server.RaftServer$Division (ServerState.java:close(466)) - f61b783c-62f9-462d-872d-ac09aa128e21@group-4A1627A7E140: closes. applyIndex: 0
2022-11-24 06:38:51,335 [f61b783c-62f9-462d-872d-ac09aa128e21@group-4A1627A7E140-SegmentedRaftLogWorker] INFO  segmented.SegmentedRaftLogWorker (SegmentedRaftLogWorker.java:run(345)) - f61b783c-62f9-462d-872d-ac09aa128e21@group-4A1627A7E140-SegmentedRaftLogWorker was interrupted, exiting. There are 0 tasks remaining in the queue.
2022-11-24 06:38:51,339 [Command processor thread] INFO  segmented.SegmentedRaftLogWorker (SegmentedRaftLogWorker.java:close(255)) - f61b783c-62f9-462d-872d-ac09aa128e21@group-4A1627A7E140-SegmentedRaftLogWorker close()
2022-11-24 06:38:51,341 [Command processor thread] INFO  server.RaftServer$Division (RaftServerImpl.java:groupRemove(428)) - f61b783c-62f9-462d-872d-ac09aa128e21@group-4A1627A7E140: Succeed to remove RaftStorageDirectory Storage Directory /home/runner/work/ozone/ozone/hadoop-ozone/integration-test/target/test-dir/MiniOzoneClusterImpl-3ca4de4a-72c8-4c23-a990-0556c1b2e11a/datanode-7/data/ratis/7eab0d13-f1ae-4404-aa34-4a1627a7e140
2022-11-24 06:38:51,342 [Command processor thread] INFO  commandhandler.ClosePipelineCommandHandler (ClosePipelineCommandHandler.java:handle(78)) - Close Pipeline PipelineID=7eab0d13-f1ae-4404-aa34-4a1627a7e140 command on datanode f61b783c-62f9-462d-872d-ac09aa128e21.
2022-11-24 06:38:51,343 [Command processor thread] INFO  server.RaftServer (RaftServerProxy.java:remove(107)) - f61b783c-62f9-462d-872d-ac09aa128e21: remove    LEADER f61b783c-62f9-462d-872d-ac09aa128e21@group-4EC97286DCBF:t1, leader=f61b783c-62f9-462d-872d-ac09aa128e21, voted=f61b783c-62f9-462d-872d-ac09aa128e21, raftlog=Memoized:f61b783c-62f9-462d-872d-ac09aa128e21@group-4EC97286DCBF-SegmentedRaftLog:OPENED:c0, conf=0: peers:[f61b783c-62f9-462d-872d-ac09aa128e21|rpc:10.1.1.33:44027|dataStream:|priority:1|startupRole:FOLLOWER, 8af73eb1-79e8-42bd-81b7-d22b4389184f|rpc:10.1.1.33:44141|dataStream:|priority:0|startupRole:FOLLOWER, c8bfac46-0061-4906-a354-59c2fa211c25|rpc:10.1.1.33:41215|dataStream:|priority:0|startupRole:FOLLOWER]|listeners:[], old=null RUNNING
2022-11-24 06:38:51,343 [Command processor thread] INFO  server.RaftServer$Division (RaftServerImpl.java:lambda$close$4(458)) - f61b783c-62f9-462d-872d-ac09aa128e21@group-4EC97286DCBF: shutdown
2022-11-24 06:38:51,343 [Command processor thread] INFO  util.JmxRegister (JmxRegister.java:unregister(73)) - Successfully un-registered JMX Bean with object name Ratis:service=RaftServer,group=group-4EC97286DCBF,id=f61b783c-62f9-462d-872d-ac09aa128e21
2022-11-24 06:38:51,343 [Command processor thread] INFO  impl.RoleInfo (RoleInfo.java:shutdownLeaderState(93)) - f61b783c-62f9-462d-872d-ac09aa128e21: shutdown f61b783c-62f9-462d-872d-ac09aa128e21@group-4EC97286DCBF-LeaderStateImpl
2022-11-24 06:38:51,343 [f61b783c-62f9-462d-872d-ac09aa128e21@group-4EC97286DCBF->c8bfac46-0061-4906-a354-59c2fa211c25-GrpcLogAppender-LogAppenderDaemon] WARN  server.GrpcLogAppender (GrpcLogAppender.java:mayWait(200)) - f61b783c-62f9-462d-872d-ac09aa128e21@group-4EC97286DCBF->c8bfac46-0061-4906-a354-59c2fa211c25-GrpcLogAppender: Wait interrupted by java.lang.InterruptedException
2022-11-24 06:38:51,344 [grpc-default-executor-0] INFO  server.GrpcServerProtocolService (GrpcServerProtocolService.java:onCompleted(145)) - c8bfac46-0061-4906-a354-59c2fa211c25: Completed APPEND_ENTRIES, lastRequest: null
2022-11-24 06:38:51,345 [grpc-default-executor-4] INFO  server.GrpcServerProtocolService (GrpcServerProtocolService.java:onCompleted(145)) - c8bfac46-0061-4906-a354-59c2fa211c25: Completed APPEND_ENTRIES, lastRequest: f61b783c-62f9-462d-872d-ac09aa128e21->c8bfac46-0061-4906-a354-59c2fa211c25#1-t1,previous=(t:0, i:0),leaderCommit=0,initializing? true,entries: size=1, first=(t:1, i:0), CONFIGURATIONENTRY(current:id: "f61b783c-62f9-462d-872d-ac09aa128e21"
address: "10.1.1.33:44027"
priority: 1
clientAddress: "10.1.1.33:44027"
adminAddress: "10.1.1.33:44027"
startupRole: FOLLOWER
,id: "8af73eb1-79e8-42bd-81b7-d22b4389184f"
address: "10.1.1.33:44141"
clientAddress: "10.1.1.33:44141"
adminAddress: "10.1.1.33:44141"
startupRole: FOLLOWER
,id: "c8bfac46-0061-4906-a354-59c2fa211c25"
address: "10.1.1.33:41215"
clientAddress: "10.1.1.33:41215"
adminAddress: "10.1.1.33:41215"
startupRole: FOLLOWER
, old:)
2022-11-24 06:38:51,347 [grpc-default-executor-2] INFO  server.GrpcLogAppender (GrpcLogAppender.java:onCompleted(415)) - f61b783c-62f9-462d-872d-ac09aa128e21@group-4EC97286DCBF->c8bfac46-0061-4906-a354-59c2fa211c25-AppendLogResponseHandler: follower responses appendEntries COMPLETED
2022-11-24 06:38:51,343 [Command processor thread] INFO  impl.PendingRequests (PendingRequests.java:sendNotLeaderResponses(282)) - f61b783c-62f9-462d-872d-ac09aa128e21@group-4EC97286DCBF-PendingRequests: sendNotLeaderResponses
2022-11-24 06:38:51,350 [Command processor thread] INFO  impl.StateMachineUpdater (StateMachineUpdater.java:stopAndJoin(153)) - f61b783c-62f9-462d-872d-ac09aa128e21@group-4EC97286DCBF-StateMachineUpdater: set stopIndex = 0
2022-11-24 06:38:51,347 [grpc-default-executor-2] INFO  leader.FollowerInfo (FollowerInfoImpl.java:lambda$new$0(48)) - f61b783c-62f9-462d-872d-ac09aa128e21@group-4EC97286DCBF->c8bfac46-0061-4906-a354-59c2fa211c25: nextIndex: updateUnconditionally 1 -> 0
2022-11-24 06:38:51,350 [grpc-default-executor-0] INFO  server.GrpcLogAppender (GrpcLogAppender.java:onCompleted(415)) - f61b783c-62f9-462d-872d-ac09aa128e21@group-4EC97286DCBF->c8bfac46-0061-4906-a354-59c2fa211c25-AppendLogResponseHandler: follower responses appendEntries COMPLETED
2022-11-24 06:38:51,350 [grpc-default-executor-0] INFO  leader.FollowerInfo (FollowerInfoImpl.java:lambda$new$0(48)) - f61b783c-62f9-462d-872d-ac09aa128e21@group-4EC97286DCBF->c8bfac46-0061-4906-a354-59c2fa211c25: nextIndex: updateUnconditionally 0 -> 0
2022-11-24 06:38:51,351 [f61b783c-62f9-462d-872d-ac09aa128e21@group-4EC97286DCBF-StateMachineUpdater] INFO  ratis.ContainerStateMachine (ContainerStateMachine.java:takeSnapshot(304)) - group-4EC97286DCBF: Taking a snapshot at:(t:1, i:0) file /home/runner/work/ozone/ozone/hadoop-ozone/integration-test/target/test-dir/MiniOzoneClusterImpl-3ca4de4a-72c8-4c23-a990-0556c1b2e11a/datanode-7/data/ratis/3cb81546-a1e4-4674-93a2-4ec97286dcbf/sm/snapshot.1_0
2022-11-24 06:38:51,352 [f61b783c-62f9-462d-872d-ac09aa128e21@group-4EC97286DCBF-StateMachineUpdater] INFO  ratis.ContainerStateMachine (ContainerStateMachine.java:takeSnapshot(315)) - group-4EC97286DCBF: Finished taking a snapshot at:(t:1, i:0) file:/home/runner/work/ozone/ozone/hadoop-ozone/integration-test/target/test-dir/MiniOzoneClusterImpl-3ca4de4a-72c8-4c23-a990-0556c1b2e11a/datanode-7/data/ratis/3cb81546-a1e4-4674-93a2-4ec97286dcbf/sm/snapshot.1_0 took: 1 ms
2022-11-24 06:38:51,352 [f61b783c-62f9-462d-872d-ac09aa128e21@group-4EC97286DCBF-StateMachineUpdater] INFO  impl.StateMachineUpdater (StateMachineUpdater.java:takeSnapshot(287)) - f61b783c-62f9-462d-872d-ac09aa128e21@group-4EC97286DCBF-StateMachineUpdater: Took a snapshot at index 0
2022-11-24 06:38:51,352 [f61b783c-62f9-462d-872d-ac09aa128e21@group-4EC97286DCBF-StateMachineUpdater] INFO  impl.StateMachineUpdater (StateMachineUpdater.java:lambda$new$0(92)) - f61b783c-62f9-462d-872d-ac09aa128e21@group-4EC97286DCBF-StateMachineUpdater: snapshotIndex: updateIncreasingly -1 -> 0
2022-11-24 06:38:51,352 [Command processor thread] INFO  server.RaftServer$Division (ServerState.java:close(466)) - f61b783c-62f9-462d-872d-ac09aa128e21@group-4EC97286DCBF: closes. applyIndex: 0
2022-11-24 06:38:51,352 [f61b783c-62f9-462d-872d-ac09aa128e21@group-4EC97286DCBF-SegmentedRaftLogWorker] INFO  segmented.SegmentedRaftLogWorker (SegmentedRaftLogWorker.java:run(345)) - f61b783c-62f9-462d-872d-ac09aa128e21@group-4EC97286DCBF-SegmentedRaftLogWorker was interrupted, exiting. There are 0 tasks remaining in the queue.
2022-11-24 06:38:51,354 [Command processor thread] INFO  segmented.SegmentedRaftLogWorker (SegmentedRaftLogWorker.java:close(255)) - f61b783c-62f9-462d-872d-ac09aa128e21@group-4EC97286DCBF-SegmentedRaftLogWorker close()
2022-11-24 06:38:51,356 [Command processor thread] INFO  server.RaftServer$Division (RaftServerImpl.java:groupRemove(428)) - f61b783c-62f9-462d-872d-ac09aa128e21@group-4EC97286DCBF: Succeed to remove RaftStorageDirectory Storage Directory /home/runner/work/ozone/ozone/hadoop-ozone/integration-test/target/test-dir/MiniOzoneClusterImpl-3ca4de4a-72c8-4c23-a990-0556c1b2e11a/datanode-7/data/ratis/3cb81546-a1e4-4674-93a2-4ec97286dcbf
2022-11-24 06:38:51,356 [Command processor thread] INFO  commandhandler.ClosePipelineCommandHandler (ClosePipelineCommandHandler.java:handle(78)) - Close Pipeline PipelineID=3cb81546-a1e4-4674-93a2-4ec97286dcbf command on datanode f61b783c-62f9-462d-872d-ac09aa128e21.
2022-11-24 06:38:52,938 [6fd96d8c-4ef2-4ba8-87f7-371671a16fe6@group-845F74418684-FollowerState] INFO  impl.FollowerState (FollowerState.java:run(143)) - 6fd96d8c-4ef2-4ba8-87f7-371671a16fe6@group-845F74418684-FollowerState: change to CANDIDATE, lastRpcElapsedTime:5006396918ns, electionTimeout:5005ms
2022-11-24 06:38:52,938 [6fd96d8c-4ef2-4ba8-87f7-371671a16fe6@group-845F74418684-FollowerState] INFO  impl.RoleInfo (RoleInfo.java:shutdownFollowerState(110)) - 6fd96d8c-4ef2-4ba8-87f7-371671a16fe6: shutdown 6fd96d8c-4ef2-4ba8-87f7-371671a16fe6@group-845F74418684-FollowerState
2022-11-24 06:38:52,938 [6fd96d8c-4ef2-4ba8-87f7-371671a16fe6@group-845F74418684-FollowerState] INFO  server.RaftServer$Division (RaftServerImpl.java:setRole(321)) - 6fd96d8c-4ef2-4ba8-87f7-371671a16fe6@group-845F74418684: changes role from  FOLLOWER to CANDIDATE at term 2 for changeToCandidate
2022-11-24 06:38:52,938 [6fd96d8c-4ef2-4ba8-87f7-371671a16fe6@group-845F74418684-FollowerState] INFO  server.RaftServerConfigKeys (ConfUtils.java:logGet(46)) - raft.server.leaderelection.pre-vote = false (custom)
2022-11-24 06:38:52,938 [6fd96d8c-4ef2-4ba8-87f7-371671a16fe6@group-845F74418684-FollowerState] INFO  impl.RoleInfo (RoleInfo.java:updateAndGet(139)) - 6fd96d8c-4ef2-4ba8-87f7-371671a16fe6: start 6fd96d8c-4ef2-4ba8-87f7-371671a16fe6@group-845F74418684-LeaderElection27
2022-11-24 06:38:52,943 [6fd96d8c-4ef2-4ba8-87f7-371671a16fe6@group-845F74418684-LeaderElection27] INFO  impl.LeaderElection (LeaderElection.java:askForVotes(312)) - 6fd96d8c-4ef2-4ba8-87f7-371671a16fe6@group-845F74418684-LeaderElection27 ELECTION round 0: submit vote requests at term 3 for -1: peers:[6fd96d8c-4ef2-4ba8-87f7-371671a16fe6|rpc:10.1.1.33:38311|dataStream:|priority:0|startupRole:FOLLOWER, db462c09-4a41-41c4-b065-df9d46fc3c08|rpc:10.1.1.33:45705|dataStream:|priority:1|startupRole:FOLLOWER, 2412583d-f0ce-4b83-96a1-c4f14f6f25ae|rpc:10.1.1.33:34367|dataStream:|priority:0|startupRole:FOLLOWER]|listeners:[], old=null
2022-11-24 06:38:52,943 [6fd96d8c-4ef2-4ba8-87f7-371671a16fe6@group-845F74418684-LeaderElection27] INFO  server.RaftServerConfigKeys (ConfUtils.java:logFallback(53)) - raft.server.rpc.first-election.timeout.min = 5s (fallback to raft.server.rpc.timeout.min)
2022-11-24 06:38:52,943 [6fd96d8c-4ef2-4ba8-87f7-371671a16fe6@group-845F74418684-LeaderElection27] INFO  server.RaftServerConfigKeys (ConfUtils.java:logFallback(53)) - raft.server.rpc.first-election.timeout.max = 5200ms (fallback to raft.server.rpc.timeout.max)
2022-11-24 06:38:52,945 [grpc-default-executor-0] INFO  server.RaftServer$Division (RaftServerImpl.java:requestVote(1218)) - db462c09-4a41-41c4-b065-df9d46fc3c08@group-845F74418684: receive requestVote(ELECTION, 6fd96d8c-4ef2-4ba8-87f7-371671a16fe6, group-845F74418684, 3, (t:0, i:0))
2022-11-24 06:38:52,945 [grpc-default-executor-0] INFO  impl.VoteContext (VoteContext.java:log(48)) - db462c09-4a41-41c4-b065-df9d46fc3c08@group-845F74418684-FOLLOWER: reject ELECTION from 6fd96d8c-4ef2-4ba8-87f7-371671a16fe6: our priority 1 > candidate's priority 0
2022-11-24 06:38:52,945 [grpc-default-executor-0] INFO  server.RaftServer$Division (RaftServerImpl.java:setRole(321)) - db462c09-4a41-41c4-b065-df9d46fc3c08@group-845F74418684: changes role from  FOLLOWER to FOLLOWER at term 3 for candidate:6fd96d8c-4ef2-4ba8-87f7-371671a16fe6
2022-11-24 06:38:52,945 [grpc-default-executor-0] INFO  impl.RoleInfo (RoleInfo.java:shutdownFollowerState(110)) - db462c09-4a41-41c4-b065-df9d46fc3c08: shutdown db462c09-4a41-41c4-b065-df9d46fc3c08@group-845F74418684-FollowerState
2022-11-24 06:38:52,945 [grpc-default-executor-0] INFO  impl.RoleInfo (RoleInfo.java:updateAndGet(139)) - db462c09-4a41-41c4-b065-df9d46fc3c08: start db462c09-4a41-41c4-b065-df9d46fc3c08@group-845F74418684-FollowerState
2022-11-24 06:38:52,946 [db462c09-4a41-41c4-b065-df9d46fc3c08@group-845F74418684-FollowerState] INFO  impl.FollowerState (FollowerState.java:run(152)) - db462c09-4a41-41c4-b065-df9d46fc3c08@group-845F74418684-FollowerState was interrupted
2022-11-24 06:38:52,956 [db462c09-4a41-41c4-b065-df9d46fc3c08@group-845F74418684-FollowerState] INFO  server.RaftServerConfigKeys (ConfUtils.java:logFallback(53)) - raft.server.rpc.first-election.timeout.min = 5s (fallback to raft.server.rpc.timeout.min)
2022-11-24 06:38:52,956 [grpc-default-executor-0] INFO  server.RaftServer$Division (RaftServerImpl.java:requestVote(1251)) - db462c09-4a41-41c4-b065-df9d46fc3c08@group-845F74418684 replies to ELECTION vote request: 6fd96d8c-4ef2-4ba8-87f7-371671a16fe6<-db462c09-4a41-41c4-b065-df9d46fc3c08#0:FAIL-t3. Peer's state: db462c09-4a41-41c4-b065-df9d46fc3c08@group-845F74418684:t3, leader=null, voted=null, raftlog=Memoized:db462c09-4a41-41c4-b065-df9d46fc3c08@group-845F74418684-SegmentedRaftLog:OPENED:c-1, conf=-1: peers:[6fd96d8c-4ef2-4ba8-87f7-371671a16fe6|rpc:10.1.1.33:38311|priority:0|startupRole:FOLLOWER, db462c09-4a41-41c4-b065-df9d46fc3c08|rpc:10.1.1.33:45705|priority:1|startupRole:FOLLOWER, 2412583d-f0ce-4b83-96a1-c4f14f6f25ae|rpc:10.1.1.33:34367|priority:0|startupRole:FOLLOWER]|listeners:[], old=null
2022-11-24 06:38:52,957 [db462c09-4a41-41c4-b065-df9d46fc3c08@group-845F74418684-FollowerState] INFO  server.RaftServerConfigKeys (ConfUtils.java:logFallback(53)) - raft.server.rpc.first-election.timeout.max = 5200ms (fallback to raft.server.rpc.timeout.max)
2022-11-24 06:38:52,960 [grpc-default-executor-2] INFO  server.RaftServer$Division (RaftServerImpl.java:requestVote(1218)) - 2412583d-f0ce-4b83-96a1-c4f14f6f25ae@group-845F74418684: receive requestVote(ELECTION, 6fd96d8c-4ef2-4ba8-87f7-371671a16fe6, group-845F74418684, 3, (t:0, i:0))
2022-11-24 06:38:52,960 [grpc-default-executor-2] INFO  impl.VoteContext (VoteContext.java:log(48)) - 2412583d-f0ce-4b83-96a1-c4f14f6f25ae@group-845F74418684-FOLLOWER: accept ELECTION from 6fd96d8c-4ef2-4ba8-87f7-371671a16fe6: our priority 0 <= candidate's priority 0
2022-11-24 06:38:52,961 [grpc-default-executor-2] INFO  server.RaftServer$Division (RaftServerImpl.java:setRole(321)) - 2412583d-f0ce-4b83-96a1-c4f14f6f25ae@group-845F74418684: changes role from  FOLLOWER to FOLLOWER at term 3 for candidate:6fd96d8c-4ef2-4ba8-87f7-371671a16fe6
2022-11-24 06:38:52,961 [grpc-default-executor-2] INFO  impl.RoleInfo (RoleInfo.java:shutdownFollowerState(110)) - 2412583d-f0ce-4b83-96a1-c4f14f6f25ae: shutdown 2412583d-f0ce-4b83-96a1-c4f14f6f25ae@group-845F74418684-FollowerState
2022-11-24 06:38:52,961 [grpc-default-executor-2] INFO  impl.RoleInfo (RoleInfo.java:updateAndGet(139)) - 2412583d-f0ce-4b83-96a1-c4f14f6f25ae: start 2412583d-f0ce-4b83-96a1-c4f14f6f25ae@group-845F74418684-FollowerState
2022-11-24 06:38:52,961 [2412583d-f0ce-4b83-96a1-c4f14f6f25ae@group-845F74418684-FollowerState] INFO  impl.FollowerState (FollowerState.java:run(152)) - 2412583d-f0ce-4b83-96a1-c4f14f6f25ae@group-845F74418684-FollowerState was interrupted
2022-11-24 06:38:52,963 [6fd96d8c-4ef2-4ba8-87f7-371671a16fe6@group-845F74418684-LeaderElection27] INFO  impl.LeaderElection (LeaderElection.java:logAndReturn(90)) - 6fd96d8c-4ef2-4ba8-87f7-371671a16fe6@group-845F74418684-LeaderElection27: ELECTION REJECTED received 1 response(s) and 0 exception(s):
2022-11-24 06:38:52,963 [6fd96d8c-4ef2-4ba8-87f7-371671a16fe6@group-845F74418684-LeaderElection27] INFO  impl.LeaderElection (LeaderElection.java:logAndReturn(94)) -   Response 0: 6fd96d8c-4ef2-4ba8-87f7-371671a16fe6<-db462c09-4a41-41c4-b065-df9d46fc3c08#0:FAIL-t3
2022-11-24 06:38:52,963 [6fd96d8c-4ef2-4ba8-87f7-371671a16fe6@group-845F74418684-LeaderElection27] INFO  impl.LeaderElection (LeaderElection.java:askForVotes(314)) - 6fd96d8c-4ef2-4ba8-87f7-371671a16fe6@group-845F74418684-LeaderElection27 ELECTION round 0: result REJECTED
2022-11-24 06:38:52,963 [6fd96d8c-4ef2-4ba8-87f7-371671a16fe6@group-845F74418684-LeaderElection27] INFO  server.RaftServer$Division (RaftServerImpl.java:setRole(321)) - 6fd96d8c-4ef2-4ba8-87f7-371671a16fe6@group-845F74418684: changes role from CANDIDATE to FOLLOWER at term 3 for REJECTED
2022-11-24 06:38:52,963 [6fd96d8c-4ef2-4ba8-87f7-371671a16fe6@group-845F74418684-LeaderElection27] INFO  impl.RoleInfo (RoleInfo.java:shutdownLeaderElection(130)) - 6fd96d8c-4ef2-4ba8-87f7-371671a16fe6: shutdown 6fd96d8c-4ef2-4ba8-87f7-371671a16fe6@group-845F74418684-LeaderElection27
2022-11-24 06:38:52,963 [6fd96d8c-4ef2-4ba8-87f7-371671a16fe6@group-845F74418684-LeaderElection27] INFO  impl.RoleInfo (RoleInfo.java:updateAndGet(139)) - 6fd96d8c-4ef2-4ba8-87f7-371671a16fe6: start 6fd96d8c-4ef2-4ba8-87f7-371671a16fe6@group-845F74418684-FollowerState
2022-11-24 06:38:52,963 [2412583d-f0ce-4b83-96a1-c4f14f6f25ae@group-845F74418684-FollowerState] INFO  server.RaftServerConfigKeys (ConfUtils.java:logFallback(53)) - raft.server.rpc.first-election.timeout.min = 5s (fallback to raft.server.rpc.timeout.min)
2022-11-24 06:38:52,963 [2412583d-f0ce-4b83-96a1-c4f14f6f25ae@group-845F74418684-FollowerState] INFO  server.RaftServerConfigKeys (ConfUtils.java:logFallback(53)) - raft.server.rpc.first-election.timeout.max = 5200ms (fallback to raft.server.rpc.timeout.max)
2022-11-24 06:38:52,964 [grpc-default-executor-2] INFO  server.RaftServer$Division (RaftServerImpl.java:requestVote(1251)) - 2412583d-f0ce-4b83-96a1-c4f14f6f25ae@group-845F74418684 replies to ELECTION vote request: 6fd96d8c-4ef2-4ba8-87f7-371671a16fe6<-2412583d-f0ce-4b83-96a1-c4f14f6f25ae#0:OK-t3. Peer's state: 2412583d-f0ce-4b83-96a1-c4f14f6f25ae@group-845F74418684:t3, leader=null, voted=6fd96d8c-4ef2-4ba8-87f7-371671a16fe6, raftlog=Memoized:2412583d-f0ce-4b83-96a1-c4f14f6f25ae@group-845F74418684-SegmentedRaftLog:OPENED:c-1, conf=-1: peers:[6fd96d8c-4ef2-4ba8-87f7-371671a16fe6|rpc:10.1.1.33:38311|dataStream:|priority:0|startupRole:FOLLOWER, db462c09-4a41-41c4-b065-df9d46fc3c08|rpc:10.1.1.33:45705|dataStream:|priority:1|startupRole:FOLLOWER, 2412583d-f0ce-4b83-96a1-c4f14f6f25ae|rpc:10.1.1.33:34367|dataStream:|priority:0|startupRole:FOLLOWER]|listeners:[], old=null
2022-11-24 06:38:52,964 [6fd96d8c-4ef2-4ba8-87f7-371671a16fe6@group-845F74418684-FollowerState] INFO  server.RaftServerConfigKeys (ConfUtils.java:logFallback(53)) - raft.server.rpc.first-election.timeout.min = 5s (fallback to raft.server.rpc.timeout.min)
2022-11-24 06:38:52,964 [6fd96d8c-4ef2-4ba8-87f7-371671a16fe6@group-845F74418684-FollowerState] INFO  server.RaftServerConfigKeys (ConfUtils.java:logFallback(53)) - raft.server.rpc.first-election.timeout.max = 5200ms (fallback to raft.server.rpc.timeout.max)
2022-11-24 06:38:57,996 [db462c09-4a41-41c4-b065-df9d46fc3c08@group-845F74418684-FollowerState] INFO  impl.FollowerState (FollowerState.java:run(143)) - db462c09-4a41-41c4-b065-df9d46fc3c08@group-845F74418684-FollowerState: change to CANDIDATE, lastRpcElapsedTime:5050608520ns, electionTimeout:5039ms
2022-11-24 06:38:57,996 [db462c09-4a41-41c4-b065-df9d46fc3c08@group-845F74418684-FollowerState] INFO  impl.RoleInfo (RoleInfo.java:shutdownFollowerState(110)) - db462c09-4a41-41c4-b065-df9d46fc3c08: shutdown db462c09-4a41-41c4-b065-df9d46fc3c08@group-845F74418684-FollowerState
2022-11-24 06:38:57,996 [db462c09-4a41-41c4-b065-df9d46fc3c08@group-845F74418684-FollowerState] INFO  server.RaftServer$Division (RaftServerImpl.java:setRole(321)) - db462c09-4a41-41c4-b065-df9d46fc3c08@group-845F74418684: changes role from  FOLLOWER to CANDIDATE at term 3 for changeToCandidate
2022-11-24 06:38:57,996 [db462c09-4a41-41c4-b065-df9d46fc3c08@group-845F74418684-FollowerState] INFO  server.RaftServerConfigKeys (ConfUtils.java:logGet(46)) - raft.server.leaderelection.pre-vote = false (custom)
2022-11-24 06:38:57,997 [db462c09-4a41-41c4-b065-df9d46fc3c08@group-845F74418684-FollowerState] INFO  impl.RoleInfo (RoleInfo.java:updateAndGet(139)) - db462c09-4a41-41c4-b065-df9d46fc3c08: start db462c09-4a41-41c4-b065-df9d46fc3c08@group-845F74418684-LeaderElection28
2022-11-24 06:38:58,002 [db462c09-4a41-41c4-b065-df9d46fc3c08@group-845F74418684-LeaderElection28] INFO  impl.LeaderElection (LeaderElection.java:askForVotes(312)) - db462c09-4a41-41c4-b065-df9d46fc3c08@group-845F74418684-LeaderElection28 ELECTION round 0: submit vote requests at term 4 for -1: peers:[6fd96d8c-4ef2-4ba8-87f7-371671a16fe6|rpc:10.1.1.33:38311|priority:0|startupRole:FOLLOWER, db462c09-4a41-41c4-b065-df9d46fc3c08|rpc:10.1.1.33:45705|priority:1|startupRole:FOLLOWER, 2412583d-f0ce-4b83-96a1-c4f14f6f25ae|rpc:10.1.1.33:34367|priority:0|startupRole:FOLLOWER]|listeners:[], old=null
2022-11-24 06:38:58,003 [db462c09-4a41-41c4-b065-df9d46fc3c08@group-845F74418684-LeaderElection28] INFO  server.RaftServerConfigKeys (ConfUtils.java:logFallback(53)) - raft.server.rpc.first-election.timeout.min = 5s (fallback to raft.server.rpc.timeout.min)
2022-11-24 06:38:58,003 [db462c09-4a41-41c4-b065-df9d46fc3c08@group-845F74418684-LeaderElection28] INFO  server.RaftServerConfigKeys (ConfUtils.java:logFallback(53)) - raft.server.rpc.first-election.timeout.max = 5200ms (fallback to raft.server.rpc.timeout.max)
2022-11-24 06:38:58,005 [grpc-default-executor-2] INFO  server.RaftServer$Division (RaftServerImpl.java:requestVote(1218)) - 2412583d-f0ce-4b83-96a1-c4f14f6f25ae@group-845F74418684: receive requestVote(ELECTION, db462c09-4a41-41c4-b065-df9d46fc3c08, group-845F74418684, 4, (t:0, i:0))
2022-11-24 06:38:58,005 [grpc-default-executor-0] INFO  server.RaftServer$Division (RaftServerImpl.java:requestVote(1218)) - 6fd96d8c-4ef2-4ba8-87f7-371671a16fe6@group-845F74418684: receive requestVote(ELECTION, db462c09-4a41-41c4-b065-df9d46fc3c08, group-845F74418684, 4, (t:0, i:0))
2022-11-24 06:38:58,005 [grpc-default-executor-2] INFO  impl.VoteContext (VoteContext.java:log(48)) - 2412583d-f0ce-4b83-96a1-c4f14f6f25ae@group-845F74418684-FOLLOWER: accept ELECTION from db462c09-4a41-41c4-b065-df9d46fc3c08: our priority 0 <= candidate's priority 1
2022-11-24 06:38:58,006 [grpc-default-executor-0] INFO  impl.VoteContext (VoteContext.java:log(48)) - 6fd96d8c-4ef2-4ba8-87f7-371671a16fe6@group-845F74418684-FOLLOWER: accept ELECTION from db462c09-4a41-41c4-b065-df9d46fc3c08: our priority 0 <= candidate's priority 1
2022-11-24 06:38:58,006 [grpc-default-executor-2] INFO  server.RaftServer$Division (RaftServerImpl.java:setRole(321)) - 2412583d-f0ce-4b83-96a1-c4f14f6f25ae@group-845F74418684: changes role from  FOLLOWER to FOLLOWER at term 4 for candidate:db462c09-4a41-41c4-b065-df9d46fc3c08
2022-11-24 06:38:58,006 [grpc-default-executor-2] INFO  impl.RoleInfo (RoleInfo.java:shutdownFollowerState(110)) - 2412583d-f0ce-4b83-96a1-c4f14f6f25ae: shutdown 2412583d-f0ce-4b83-96a1-c4f14f6f25ae@group-845F74418684-FollowerState
2022-11-24 06:38:58,006 [grpc-default-executor-2] INFO  impl.RoleInfo (RoleInfo.java:updateAndGet(139)) - 2412583d-f0ce-4b83-96a1-c4f14f6f25ae: start 2412583d-f0ce-4b83-96a1-c4f14f6f25ae@group-845F74418684-FollowerState
2022-11-24 06:38:58,006 [grpc-default-executor-0] INFO  server.RaftServer$Division (RaftServerImpl.java:setRole(321)) - 6fd96d8c-4ef2-4ba8-87f7-371671a16fe6@group-845F74418684: changes role from  FOLLOWER to FOLLOWER at term 4 for candidate:db462c09-4a41-41c4-b065-df9d46fc3c08
2022-11-24 06:38:58,006 [2412583d-f0ce-4b83-96a1-c4f14f6f25ae@group-845F74418684-FollowerState] INFO  impl.FollowerState (FollowerState.java:run(152)) - 2412583d-f0ce-4b83-96a1-c4f14f6f25ae@group-845F74418684-FollowerState was interrupted
2022-11-24 06:38:58,008 [grpc-default-executor-0] INFO  impl.RoleInfo (RoleInfo.java:shutdownFollowerState(110)) - 6fd96d8c-4ef2-4ba8-87f7-371671a16fe6: shutdown 6fd96d8c-4ef2-4ba8-87f7-371671a16fe6@group-845F74418684-FollowerState
2022-11-24 06:38:58,013 [grpc-default-executor-0] INFO  impl.RoleInfo (RoleInfo.java:updateAndGet(139)) - 6fd96d8c-4ef2-4ba8-87f7-371671a16fe6: start 6fd96d8c-4ef2-4ba8-87f7-371671a16fe6@group-845F74418684-FollowerState
2022-11-24 06:38:58,013 [6fd96d8c-4ef2-4ba8-87f7-371671a16fe6@group-845F74418684-FollowerState] INFO  impl.FollowerState (FollowerState.java:run(152)) - 6fd96d8c-4ef2-4ba8-87f7-371671a16fe6@group-845F74418684-FollowerState was interrupted
2022-11-24 06:38:58,014 [2412583d-f0ce-4b83-96a1-c4f14f6f25ae@group-845F74418684-FollowerState] INFO  server.RaftServerConfigKeys (ConfUtils.java:logFallback(53)) - raft.server.rpc.first-election.timeout.min = 5s (fallback to raft.server.rpc.timeout.min)
2022-11-24 06:38:58,014 [2412583d-f0ce-4b83-96a1-c4f14f6f25ae@group-845F74418684-FollowerState] INFO  server.RaftServerConfigKeys (ConfUtils.java:logFallback(53)) - raft.server.rpc.first-election.timeout.max = 5200ms (fallback to raft.server.rpc.timeout.max)
2022-11-24 06:38:58,023 [6fd96d8c-4ef2-4ba8-87f7-371671a16fe6@group-845F74418684-FollowerState] INFO  server.RaftServerConfigKeys (ConfUtils.java:logFallback(53)) - raft.server.rpc.first-election.timeout.min = 5s (fallback to raft.server.rpc.timeout.min)
2022-11-24 06:38:58,024 [6fd96d8c-4ef2-4ba8-87f7-371671a16fe6@group-845F74418684-FollowerState] INFO  server.RaftServerConfigKeys (ConfUtils.java:logFallback(53)) - raft.server.rpc.first-election.timeout.max = 5200ms (fallback to raft.server.rpc.timeout.max)
2022-11-24 06:38:58,024 [grpc-default-executor-2] INFO  server.RaftServer$Division (RaftServerImpl.java:requestVote(1251)) - 2412583d-f0ce-4b83-96a1-c4f14f6f25ae@group-845F74418684 replies to ELECTION vote request: db462c09-4a41-41c4-b065-df9d46fc3c08<-2412583d-f0ce-4b83-96a1-c4f14f6f25ae#0:OK-t4. Peer's state: 2412583d-f0ce-4b83-96a1-c4f14f6f25ae@group-845F74418684:t4, leader=null, voted=db462c09-4a41-41c4-b065-df9d46fc3c08, raftlog=Memoized:2412583d-f0ce-4b83-96a1-c4f14f6f25ae@group-845F74418684-SegmentedRaftLog:OPENED:c-1, conf=-1: peers:[6fd96d8c-4ef2-4ba8-87f7-371671a16fe6|rpc:10.1.1.33:38311|dataStream:|priority:0|startupRole:FOLLOWER, db462c09-4a41-41c4-b065-df9d46fc3c08|rpc:10.1.1.33:45705|dataStream:|priority:1|startupRole:FOLLOWER, 2412583d-f0ce-4b83-96a1-c4f14f6f25ae|rpc:10.1.1.33:34367|dataStream:|priority:0|startupRole:FOLLOWER]|listeners:[], old=null
2022-11-24 06:38:58,025 [grpc-default-executor-0] INFO  server.RaftServer$Division (RaftServerImpl.java:requestVote(1251)) - 6fd96d8c-4ef2-4ba8-87f7-371671a16fe6@group-845F74418684 replies to ELECTION vote request: db462c09-4a41-41c4-b065-df9d46fc3c08<-6fd96d8c-4ef2-4ba8-87f7-371671a16fe6#0:OK-t4. Peer's state: 6fd96d8c-4ef2-4ba8-87f7-371671a16fe6@group-845F74418684:t4, leader=null, voted=db462c09-4a41-41c4-b065-df9d46fc3c08, raftlog=Memoized:6fd96d8c-4ef2-4ba8-87f7-371671a16fe6@group-845F74418684-SegmentedRaftLog:OPENED:c-1, conf=-1: peers:[6fd96d8c-4ef2-4ba8-87f7-371671a16fe6|rpc:10.1.1.33:38311|dataStream:|priority:0|startupRole:FOLLOWER, db462c09-4a41-41c4-b065-df9d46fc3c08|rpc:10.1.1.33:45705|dataStream:|priority:1|startupRole:FOLLOWER, 2412583d-f0ce-4b83-96a1-c4f14f6f25ae|rpc:10.1.1.33:34367|dataStream:|priority:0|startupRole:FOLLOWER]|listeners:[], old=null
2022-11-24 06:38:58,029 [db462c09-4a41-41c4-b065-df9d46fc3c08@group-845F74418684-LeaderElection28] INFO  impl.LeaderElection (LeaderElection.java:logAndReturn(90)) - db462c09-4a41-41c4-b065-df9d46fc3c08@group-845F74418684-LeaderElection28: ELECTION PASSED received 1 response(s) and 0 exception(s):
2022-11-24 06:38:58,029 [db462c09-4a41-41c4-b065-df9d46fc3c08@group-845F74418684-LeaderElection28] INFO  impl.LeaderElection (LeaderElection.java:logAndReturn(94)) -   Response 0: db462c09-4a41-41c4-b065-df9d46fc3c08<-6fd96d8c-4ef2-4ba8-87f7-371671a16fe6#0:OK-t4
2022-11-24 06:38:58,029 [db462c09-4a41-41c4-b065-df9d46fc3c08@group-845F74418684-LeaderElection28] INFO  impl.LeaderElection (LeaderElection.java:askForVotes(314)) - db462c09-4a41-41c4-b065-df9d46fc3c08@group-845F74418684-LeaderElection28 ELECTION round 0: result PASSED
2022-11-24 06:38:58,029 [db462c09-4a41-41c4-b065-df9d46fc3c08@group-845F74418684-LeaderElection28] INFO  impl.RoleInfo (RoleInfo.java:shutdownLeaderElection(130)) - db462c09-4a41-41c4-b065-df9d46fc3c08: shutdown db462c09-4a41-41c4-b065-df9d46fc3c08@group-845F74418684-LeaderElection28
2022-11-24 06:38:58,029 [db462c09-4a41-41c4-b065-df9d46fc3c08@group-845F74418684-LeaderElection28] INFO  server.RaftServer$Division (RaftServerImpl.java:setRole(321)) - db462c09-4a41-41c4-b065-df9d46fc3c08@group-845F74418684: changes role from CANDIDATE to LEADER at term 4 for changeToLeader
2022-11-24 06:38:58,029 [db462c09-4a41-41c4-b065-df9d46fc3c08@group-845F74418684-LeaderElection28] INFO  ratis.XceiverServerRatis (XceiverServerRatis.java:handleLeaderChangedNotification(863)) - Leader change notification received for group: group-845F74418684 with new leaderId: db462c09-4a41-41c4-b065-df9d46fc3c08
2022-11-24 06:38:58,029 [db462c09-4a41-41c4-b065-df9d46fc3c08@group-845F74418684-LeaderElection28] INFO  server.RaftServer$Division (ServerState.java:setLeader(313)) - db462c09-4a41-41c4-b065-df9d46fc3c08@group-845F74418684: change Leader from null to db462c09-4a41-41c4-b065-df9d46fc3c08 at term 4 for becomeLeader, leader elected after 20400ms
2022-11-24 06:38:58,029 [db462c09-4a41-41c4-b065-df9d46fc3c08@group-845F74418684-LeaderElection28] INFO  server.RaftServerConfigKeys (ConfUtils.java:logGet(46)) - raft.server.staging.catchup.gap = 1000 (default)
2022-11-24 06:38:58,029 [db462c09-4a41-41c4-b065-df9d46fc3c08@group-845F74418684-LeaderElection28] INFO  server.RaftServerConfigKeys (ConfUtils.java:logGet(46)) - raft.server.write.element-limit = 1024 (custom)
2022-11-24 06:38:58,030 [db462c09-4a41-41c4-b065-df9d46fc3c08@group-845F74418684-LeaderElection28] INFO  server.RaftServerConfigKeys (ConfUtils.java:logGet(46)) - raft.server.write.byte-limit = 1024 M (=1073741824) (custom)
2022-11-24 06:38:58,030 [db462c09-4a41-41c4-b065-df9d46fc3c08@group-845F74418684-LeaderElection28] INFO  server.RaftServerConfigKeys (ConfUtils.java:logGet(46)) - raft.server.watch.timeout = 180s (custom)
2022-11-24 06:38:58,030 [db462c09-4a41-41c4-b065-df9d46fc3c08@group-845F74418684-LeaderElection28] INFO  server.RaftServerConfigKeys (ConfUtils.java:logGet(46)) - raft.server.watch.timeout.denomination = 1s (default)
2022-11-24 06:38:58,030 [db462c09-4a41-41c4-b065-df9d46fc3c08@group-845F74418684-LeaderElection28] INFO  server.RaftServerConfigKeys (ConfUtils.java:logGet(46)) - raft.server.watch.element-limit = 65536 (default)
2022-11-24 06:38:58,030 [db462c09-4a41-41c4-b065-df9d46fc3c08@group-845F74418684-LeaderElection28] INFO  server.RaftServerConfigKeys (ConfUtils.java:logGet(46)) - raft.server.write.element-limit = 1024 (custom)
2022-11-24 06:38:58,030 [db462c09-4a41-41c4-b065-df9d46fc3c08@group-845F74418684-LeaderElection28] INFO  server.RaftServerConfigKeys (ConfUtils.java:logGet(46)) - raft.server.write.follower.gap.ratio.max = -1.0 (default)
2022-11-24 06:38:58,032 [db462c09-4a41-41c4-b065-df9d46fc3c08@group-845F74418684-LeaderElection28] INFO  server.RaftServerConfigKeys (ConfUtils.java:logGet(46)) - raft.server.log.appender.snapshot.chunk.size.max = 16MB (=16777216) (default)
2022-11-24 06:38:58,032 [db462c09-4a41-41c4-b065-df9d46fc3c08@group-845F74418684-LeaderElection28] INFO  server.RaftServerConfigKeys (ConfUtils.java:logGet(46)) - raft.server.log.appender.buffer.byte-limit = 33554432 (custom)
2022-11-24 06:38:58,032 [EventQueue-PipelineReportForPipelineReportHandler] INFO  pipeline.PipelineManagerImpl (PipelineManagerImpl.java:openPipeline(367)) - Pipeline Pipeline[ Id: c4c04c51-39b0-4ebd-bb9d-845f74418684, Nodes: 2412583d-f0ce-4b83-96a1-c4f14f6f25ae{ip: 10.1.1.33, host: fv-az453-211.hss2zji4abbufegd5wcf2so25h.dx.internal.cloudapp.net, ports: [REPLICATION=36327, RATIS=34367, RATIS_ADMIN=34367, RATIS_SERVER=34367, STANDALONE=42617], networkLocation: /default-rack, certSerialId: null, persistedOpState: IN_SERVICE, persistedOpStateExpiryEpochSec: 0}6fd96d8c-4ef2-4ba8-87f7-371671a16fe6{ip: 10.1.1.33, host: fv-az453-211.hss2zji4abbufegd5wcf2so25h.dx.internal.cloudapp.net, ports: [REPLICATION=46619, RATIS=38311, RATIS_ADMIN=38311, RATIS_SERVER=38311, STANDALONE=45669], networkLocation: /default-rack, certSerialId: null, persistedOpState: IN_SERVICE, persistedOpStateExpiryEpochSec: 0}db462c09-4a41-41c4-b065-df9d46fc3c08{ip: 10.1.1.33, host: fv-az453-211.hss2zji4abbufegd5wcf2so25h.dx.internal.cloudapp.net, ports: [REPLICATION=44501, RATIS=45705, RATIS_ADMIN=45705, RATIS_SERVER=45705, STANDALONE=35325], networkLocation: /default-rack, certSerialId: null, persistedOpState: IN_SERVICE, persistedOpStateExpiryEpochSec: 0}, ReplicationConfig: RATIS/THREE, State:ALLOCATED, leaderId:db462c09-4a41-41c4-b065-df9d46fc3c08, CreationTimestamp2022-11-24T06:38:35.257Z[Etc/UTC]] moved to OPEN state
2022-11-24 06:38:58,032 [db462c09-4a41-41c4-b065-df9d46fc3c08@group-845F74418684-LeaderElection28] INFO  server.RaftServerConfigKeys (ConfUtils.java:logGet(46)) - raft.server.log.appender.buffer.element-limit = 1 (custom)
2022-11-24 06:38:58,032 [db462c09-4a41-41c4-b065-df9d46fc3c08@group-845F74418684-LeaderElection28] INFO  grpc.GrpcConfigKeys (ConfUtils.java:logGet(46)) - raft.grpc.server.leader.outstanding.appends.max = 128 (default)
2022-11-24 06:38:58,032 [db462c09-4a41-41c4-b065-df9d46fc3c08@group-845F74418684-LeaderElection28] INFO  server.RaftServerConfigKeys (ConfUtils.java:logGet(46)) - raft.server.rpc.request.timeout = 60s (custom)
2022-11-24 06:38:58,033 [db462c09-4a41-41c4-b065-df9d46fc3c08@group-845F74418684-LeaderElection28] INFO  server.RaftServerConfigKeys (ConfUtils.java:logGet(46)) - raft.server.log.appender.install.snapshot.enabled = false (custom)
2022-11-24 06:38:58,033 [db462c09-4a41-41c4-b065-df9d46fc3c08@group-845F74418684-LeaderElection28] INFO  grpc.GrpcConfigKeys (ConfUtils.java:logGet(46)) - raft.grpc.server.heartbeat.channel = true (default)
2022-11-24 06:38:58,033 [db462c09-4a41-41c4-b065-df9d46fc3c08@group-845F74418684-LeaderElection28] INFO  server.RaftServerConfigKeys (ConfUtils.java:logGet(46)) - raft.server.log.appender.wait-time.min = 10ms (default)
2022-11-24 06:38:58,034 [db462c09-4a41-41c4-b065-df9d46fc3c08@group-845F74418684-LeaderElection28] INFO  server.RaftServerConfigKeys (ConfUtils.java:logGet(46)) - raft.server.log.appender.snapshot.chunk.size.max = 16MB (=16777216) (default)
2022-11-24 06:38:58,034 [db462c09-4a41-41c4-b065-df9d46fc3c08@group-845F74418684-LeaderElection28] INFO  server.RaftServerConfigKeys (ConfUtils.java:logGet(46)) - raft.server.log.appender.buffer.byte-limit = 33554432 (custom)
2022-11-24 06:38:58,034 [db462c09-4a41-41c4-b065-df9d46fc3c08@group-845F74418684-LeaderElection28] INFO  server.RaftServerConfigKeys (ConfUtils.java:logGet(46)) - raft.server.log.appender.buffer.element-limit = 1 (custom)
2022-11-24 06:38:58,034 [db462c09-4a41-41c4-b065-df9d46fc3c08@group-845F74418684-LeaderElection28] INFO  grpc.GrpcConfigKeys (ConfUtils.java:logGet(46)) - raft.grpc.server.leader.outstanding.appends.max = 128 (default)
2022-11-24 06:38:58,034 [db462c09-4a41-41c4-b065-df9d46fc3c08@group-845F74418684-LeaderElection28] INFO  server.RaftServerConfigKeys (ConfUtils.java:logGet(46)) - raft.server.rpc.request.timeout = 60s (custom)
2022-11-24 06:38:58,034 [db462c09-4a41-41c4-b065-df9d46fc3c08@group-845F74418684-LeaderElection28] INFO  server.RaftServerConfigKeys (ConfUtils.java:logGet(46)) - raft.server.log.appender.install.snapshot.enabled = false (custom)
2022-11-24 06:38:58,034 [db462c09-4a41-41c4-b065-df9d46fc3c08@group-845F74418684-LeaderElection28] INFO  grpc.GrpcConfigKeys (ConfUtils.java:logGet(46)) - raft.grpc.server.heartbeat.channel = true (default)
2022-11-24 06:38:58,034 [db462c09-4a41-41c4-b065-df9d46fc3c08@group-845F74418684-LeaderElection28] INFO  server.RaftServerConfigKeys (ConfUtils.java:logGet(46)) - raft.server.log.appender.wait-time.min = 10ms (default)
2022-11-24 06:38:58,035 [db462c09-4a41-41c4-b065-df9d46fc3c08@group-845F74418684-LeaderElection28] INFO  impl.RoleInfo (RoleInfo.java:updateAndGet(139)) - db462c09-4a41-41c4-b065-df9d46fc3c08: start db462c09-4a41-41c4-b065-df9d46fc3c08@group-845F74418684-LeaderStateImpl
2022-11-24 06:38:58,035 [db462c09-4a41-41c4-b065-df9d46fc3c08@group-845F74418684-LeaderElection28] INFO  segmented.SegmentedRaftLogWorker (SegmentedRaftLogWorker.java:startLogSegment(452)) - db462c09-4a41-41c4-b065-df9d46fc3c08@group-845F74418684-SegmentedRaftLogWorker: Starting segment from index:0
2022-11-24 06:38:58,037 [db462c09-4a41-41c4-b065-df9d46fc3c08@group-845F74418684-SegmentedRaftLogWorker] INFO  segmented.SegmentedRaftLogWorker (SegmentedRaftLogWorker.java:execute(656)) - db462c09-4a41-41c4-b065-df9d46fc3c08@group-845F74418684-SegmentedRaftLogWorker: created new log segment /home/runner/work/ozone/ozone/hadoop-ozone/integration-test/target/test-dir/MiniOzoneClusterImpl-3ca4de4a-72c8-4c23-a990-0556c1b2e11a/datanode-3/data/ratis/c4c04c51-39b0-4ebd-bb9d-845f74418684/current/log_inprogress_0
2022-11-24 06:38:58,049 [db462c09-4a41-41c4-b065-df9d46fc3c08@group-845F74418684-LeaderElection28] INFO  server.RaftServer$Division (ServerState.java:setRaftConf(430)) - db462c09-4a41-41c4-b065-df9d46fc3c08@group-845F74418684: set configuration 0: peers:[6fd96d8c-4ef2-4ba8-87f7-371671a16fe6|rpc:10.1.1.33:38311|dataStream:|priority:0|startupRole:FOLLOWER, db462c09-4a41-41c4-b065-df9d46fc3c08|rpc:10.1.1.33:45705|dataStream:|priority:1|startupRole:FOLLOWER, 2412583d-f0ce-4b83-96a1-c4f14f6f25ae|rpc:10.1.1.33:34367|dataStream:|priority:0|startupRole:FOLLOWER]|listeners:[], old=null
2022-11-24 06:38:58,053 [6fd96d8c-4ef2-4ba8-87f7-371671a16fe6-server-thread1] INFO  ratis.XceiverServerRatis (XceiverServerRatis.java:handleLeaderChangedNotification(863)) - Leader change notification received for group: group-845F74418684 with new leaderId: db462c09-4a41-41c4-b065-df9d46fc3c08
2022-11-24 06:38:58,053 [6fd96d8c-4ef2-4ba8-87f7-371671a16fe6-server-thread1] INFO  server.RaftServer$Division (ServerState.java:setLeader(313)) - 6fd96d8c-4ef2-4ba8-87f7-371671a16fe6@group-845F74418684: change Leader from null to db462c09-4a41-41c4-b065-df9d46fc3c08 at term 4 for appendEntries, leader elected after 20344ms
2022-11-24 06:38:58,060 [6fd96d8c-4ef2-4ba8-87f7-371671a16fe6-server-thread2] INFO  server.RaftServer$Division (ServerState.java:setRaftConf(430)) - 6fd96d8c-4ef2-4ba8-87f7-371671a16fe6@group-845F74418684: set configuration 0: peers:[6fd96d8c-4ef2-4ba8-87f7-371671a16fe6|rpc:10.1.1.33:38311|dataStream:|priority:0|startupRole:FOLLOWER, db462c09-4a41-41c4-b065-df9d46fc3c08|rpc:10.1.1.33:45705|dataStream:|priority:1|startupRole:FOLLOWER, 2412583d-f0ce-4b83-96a1-c4f14f6f25ae|rpc:10.1.1.33:34367|dataStream:|priority:0|startupRole:FOLLOWER]|listeners:[], old=null
2022-11-24 06:38:58,060 [2412583d-f0ce-4b83-96a1-c4f14f6f25ae-server-thread1] INFO  ratis.XceiverServerRatis (XceiverServerRatis.java:handleLeaderChangedNotification(863)) - Leader change notification received for group: group-845F74418684 with new leaderId: db462c09-4a41-41c4-b065-df9d46fc3c08
2022-11-24 06:38:58,060 [6fd96d8c-4ef2-4ba8-87f7-371671a16fe6-server-thread2] INFO  segmented.SegmentedRaftLogWorker (SegmentedRaftLogWorker.java:startLogSegment(452)) - 6fd96d8c-4ef2-4ba8-87f7-371671a16fe6@group-845F74418684-SegmentedRaftLogWorker: Starting segment from index:0
2022-11-24 06:38:58,060 [2412583d-f0ce-4b83-96a1-c4f14f6f25ae-server-thread1] INFO  server.RaftServer$Division (ServerState.java:setLeader(313)) - 2412583d-f0ce-4b83-96a1-c4f14f6f25ae@group-845F74418684: change Leader from null to db462c09-4a41-41c4-b065-df9d46fc3c08 at term 4 for appendEntries, leader elected after 20390ms
2022-11-24 06:38:58,062 [6fd96d8c-4ef2-4ba8-87f7-371671a16fe6@group-845F74418684-SegmentedRaftLogWorker] INFO  segmented.SegmentedRaftLogWorker (SegmentedRaftLogWorker.java:execute(656)) - 6fd96d8c-4ef2-4ba8-87f7-371671a16fe6@group-845F74418684-SegmentedRaftLogWorker: created new log segment /home/runner/work/ozone/ozone/hadoop-ozone/integration-test/target/test-dir/MiniOzoneClusterImpl-3ca4de4a-72c8-4c23-a990-0556c1b2e11a/datanode-5/data/ratis/c4c04c51-39b0-4ebd-bb9d-845f74418684/current/log_inprogress_0
2022-11-24 06:38:58,067 [2412583d-f0ce-4b83-96a1-c4f14f6f25ae-server-thread2] INFO  server.RaftServer$Division (ServerState.java:setRaftConf(430)) - 2412583d-f0ce-4b83-96a1-c4f14f6f25ae@group-845F74418684: set configuration 0: peers:[6fd96d8c-4ef2-4ba8-87f7-371671a16fe6|rpc:10.1.1.33:38311|dataStream:|priority:0|startupRole:FOLLOWER, db462c09-4a41-41c4-b065-df9d46fc3c08|rpc:10.1.1.33:45705|dataStream:|priority:1|startupRole:FOLLOWER, 2412583d-f0ce-4b83-96a1-c4f14f6f25ae|rpc:10.1.1.33:34367|dataStream:|priority:0|startupRole:FOLLOWER]|listeners:[], old=null
2022-11-24 06:38:58,067 [2412583d-f0ce-4b83-96a1-c4f14f6f25ae-server-thread2] INFO  segmented.SegmentedRaftLogWorker (SegmentedRaftLogWorker.java:startLogSegment(452)) - 2412583d-f0ce-4b83-96a1-c4f14f6f25ae@group-845F74418684-SegmentedRaftLogWorker: Starting segment from index:0
2022-11-24 06:38:58,073 [2412583d-f0ce-4b83-96a1-c4f14f6f25ae@group-845F74418684-SegmentedRaftLogWorker] INFO  segmented.SegmentedRaftLogWorker (SegmentedRaftLogWorker.java:execute(656)) - 2412583d-f0ce-4b83-96a1-c4f14f6f25ae@group-845F74418684-SegmentedRaftLogWorker: created new log segment /home/runner/work/ozone/ozone/hadoop-ozone/integration-test/target/test-dir/MiniOzoneClusterImpl-3ca4de4a-72c8-4c23-a990-0556c1b2e11a/datanode-4/data/ratis/c4c04c51-39b0-4ebd-bb9d-845f74418684/current/log_inprogress_0
2022-11-24 06:38:59,664 [Under Replicated Processor] INFO  replication.ReplicationManager (ReplicationManager.java:sendDatanodeCommand(414)) - Sending command of type reconstructECContainersCommand for container ContainerInfo{id=#1, state=CLOSED, pipelineID=PipelineID=be17f3ae-1561-42cb-ba13-fbe109162e5c, stateEnterTime=2022-11-24T06:38:42.998Z, owner=om1} to db462c09-4a41-41c4-b065-df9d46fc3c08{ip: 10.1.1.33, host: fv-az453-211.hss2zji4abbufegd5wcf2so25h.dx.internal.cloudapp.net, ports: [REPLICATION=44501, RATIS=45705, RATIS_ADMIN=45705, RATIS_SERVER=45705, STANDALONE=35325], networkLocation: /default-rack, certSerialId: null, persistedOpState: null, persistedOpStateExpiryEpochSec: 0}
2022-11-24 06:38:59,665 [Under Replicated Processor] INFO  replication.UnderReplicatedProcessor (UnderReplicatedProcessor.java:processAll(79)) - Processed 1 under replicated containers, failed processing 0
2022-11-24 06:38:59,668 [Over Replicated Processor] INFO  replication.OverReplicatedProcessor (OverReplicatedProcessor.java:processAll(79)) - Processed 0 over replicated containers, failed processing 0
2022-11-24 06:38:59,668 [ReplicationMonitor] INFO  replication.ReplicationManager (ReplicationManager.java:processAll(353)) - Replication Monitor Thread took 1 milliseconds for processing 1 containers.
2022-11-24 06:39:01,290 [ChunkReader-0] INFO  keyvalue.KeyValueContainer (KeyValueContainer.java:flushAndSyncDB(437)) - Container 1 is synced with bcsId 0.
2022-11-24 06:39:01,291 [ChunkReader-0] INFO  keyvalue.KeyValueContainer (KeyValueContainer.java:flushAndSyncDB(437)) - Container 1 is synced with bcsId 0.
2022-11-24 06:39:01,293 [ChunkReader-0] INFO  keyvalue.KeyValueContainer (KeyValueContainer.java:close(352)) - Container 1 is closed with bcsId 0.
2022-11-24 06:39:01,297 [ECContainerReconstructionThread-0] INFO  reconstruction.ECReconstructionCoordinatorTask (ECReconstructionCoordinatorTask.java:run(88)) - Completed the EC reconstruction of the container 1
2022-11-24 06:39:01,319 [Listener at 127.0.0.1/43781] INFO  replication.ReplicationManager (ReplicationManager.java:stop(286)) - Stopping Replication Monitor Thread.
2022-11-24 06:39:01,319 [Under Replicated Processor] WARN  replication.UnderReplicatedProcessor (UnderReplicatedProcessor.java:run(108)) - Under Replicated Processor interrupted. Exiting...
2022-11-24 06:39:01,319 [ReplicationMonitor] INFO  replication.ReplicationManager (ReplicationManager.java:run(634)) - Replication Monitor Thread is stopped
2022-11-24 06:39:01,322 [Over Replicated Processor] WARN  replication.OverReplicatedProcessor (OverReplicatedProcessor.java:run(109)) - Over Replicated Processor interrupted. Exiting...
2022-11-24 06:39:01,323 [Listener at 127.0.0.1/43781] WARN  impl.MetricRegistriesImpl (MetricRegistriesImpl.java:addReporterRegistration(111)) - New reporters are added after registries were created. Some metrics will be missing from the reporter. Please add reporter before adding any new registry.
2022-11-24 06:39:01,323 [Listener at 127.0.0.1/43781] WARN  impl.MetricRegistriesImpl (MetricRegistriesImpl.java:addReporterRegistration(111)) - New reporters are added after registries were created. Some metrics will be missing from the reporter. Please add reporter before adding any new registry.
2022-11-24 06:39:01,323 [Listener at 127.0.0.1/43781] INFO  impl.MetricsSystemImpl (MetricsSystemImpl.java:init(158)) - HddsDatanode metrics system started (again)
2022-11-24 06:39:01,380 [Listener at 127.0.0.1/43781] INFO  ozone.HddsDatanodeService (HddsDatanodeService.java:start(236)) - HddsDatanodeService host:fv-az453-211.hss2zji4abbufegd5wcf2so25h.dx.internal.cloudapp.net ip:10.1.1.33
2022-11-24 06:39:01,396 [Listener at 127.0.0.1/43781] INFO  upgrade.AbstractLayoutVersionManager (AbstractLayoutVersionManager.java:init(83)) - Initializing Layout version manager with metadata layout = DATANODE_SCHEMA_V3 (version = 4), software layout = DATANODE_SCHEMA_V3 (version = 4)
2022-11-24 06:39:01,445 [Listener at 127.0.0.1/43781] INFO  reflections.Reflections (Reflections.java:scan(232)) - Reflections took 47 ms to scan 7 urls, producing 140 keys and 342 values 
2022-11-24 06:39:01,446 [Listener at 127.0.0.1/43781] INFO  statemachine.DatanodeStateMachine (DatanodeStateMachine.java:getEndPointTaskThreadPoolSize(245)) - Datanode State Machine Task Thread Pool size 2
2022-11-24 06:39:01,448 [Listener at 127.0.0.1/43781] INFO  volume.HddsVolume (HddsVolume.java:<init>(117)) - Creating HddsVolume: /home/runner/work/ozone/ozone/hadoop-ozone/integration-test/target/test-dir/MiniOzoneClusterImpl-3ca4de4a-72c8-4c23-a990-0556c1b2e11a/datanode-6/data-0/containers/hdds of storage type : DISK capacity : 9223372036854775807
2022-11-24 06:39:01,449 [Listener at 127.0.0.1/43781] INFO  volume.MutableVolumeSet (MutableVolumeSet.java:initializeVolumeSet(174)) - Added Volume : /home/runner/work/ozone/ozone/hadoop-ozone/integration-test/target/test-dir/MiniOzoneClusterImpl-3ca4de4a-72c8-4c23-a990-0556c1b2e11a/datanode-6/data-0/containers/hdds to VolumeSet
2022-11-24 06:39:01,449 [Listener at 127.0.0.1/43781] INFO  volume.ThrottledAsyncChecker (ThrottledAsyncChecker.java:schedule(141)) - Scheduling a check for /home/runner/work/ozone/ozone/hadoop-ozone/integration-test/target/test-dir/MiniOzoneClusterImpl-3ca4de4a-72c8-4c23-a990-0556c1b2e11a/datanode-6/data-0/containers/hdds
2022-11-24 06:39:01,450 [Listener at 127.0.0.1/43781] INFO  volume.StorageVolumeChecker (StorageVolumeChecker.java:checkAllVolumes(202)) - Scheduled health check for volume /home/runner/work/ozone/ozone/hadoop-ozone/integration-test/target/test-dir/MiniOzoneClusterImpl-3ca4de4a-72c8-4c23-a990-0556c1b2e11a/datanode-6/data-0/containers/hdds
2022-11-24 06:39:01,465 [Listener at 127.0.0.1/43781] INFO  volume.MutableVolumeSet (MutableVolumeSet.java:initializeVolumeSet(174)) - Added Volume : /home/runner/work/ozone/ozone/hadoop-ozone/integration-test/target/test-dir/MiniOzoneClusterImpl-3ca4de4a-72c8-4c23-a990-0556c1b2e11a/datanode-6/data/ratis to VolumeSet
2022-11-24 06:39:01,465 [Listener at 127.0.0.1/43781] INFO  volume.ThrottledAsyncChecker (ThrottledAsyncChecker.java:schedule(141)) - Scheduling a check for /home/runner/work/ozone/ozone/hadoop-ozone/integration-test/target/test-dir/MiniOzoneClusterImpl-3ca4de4a-72c8-4c23-a990-0556c1b2e11a/datanode-6/data/ratis
2022-11-24 06:39:01,466 [Listener at 127.0.0.1/43781] INFO  volume.StorageVolumeChecker (StorageVolumeChecker.java:checkAllVolumes(202)) - Scheduled health check for volume /home/runner/work/ozone/ozone/hadoop-ozone/integration-test/target/test-dir/MiniOzoneClusterImpl-3ca4de4a-72c8-4c23-a990-0556c1b2e11a/datanode-6/data/ratis
2022-11-24 06:39:01,533 [Listener at 127.0.0.1/43781] INFO  utils.DatanodeStoreCache (DatanodeStoreCache.java:addDB(58)) - Added db /home/runner/work/ozone/ozone/hadoop-ozone/integration-test/target/test-dir/MiniOzoneClusterImpl-3ca4de4a-72c8-4c23-a990-0556c1b2e11a/datanode-6/data-0/containers/hdds/3ca4de4a-72c8-4c23-a990-0556c1b2e11a/DS-0432710e-923f-410d-aac0-9c9eef136c4e/container.db to cache
2022-11-24 06:39:01,534 [Listener at 127.0.0.1/43781] INFO  volume.HddsVolume (HddsVolume.java:loadDbStore(260)) - SchemaV3 db is loaded at /home/runner/work/ozone/ozone/hadoop-ozone/integration-test/target/test-dir/MiniOzoneClusterImpl-3ca4de4a-72c8-4c23-a990-0556c1b2e11a/datanode-6/data-0/containers/hdds/3ca4de4a-72c8-4c23-a990-0556c1b2e11a/DS-0432710e-923f-410d-aac0-9c9eef136c4e/container.db for volume DS-0432710e-923f-410d-aac0-9c9eef136c4e
2022-11-24 06:39:01,534 [Thread-579] INFO  ozoneimpl.ContainerReader (ContainerReader.java:readVolume(145)) - Start to verify containers on volume /home/runner/work/ozone/ozone/hadoop-ozone/integration-test/target/test-dir/MiniOzoneClusterImpl-3ca4de4a-72c8-4c23-a990-0556c1b2e11a/datanode-6/data-0/containers/hdds
2022-11-24 06:39:01,553 [Thread-579] INFO  ozoneimpl.ContainerReader (ContainerReader.java:readVolume(175)) - Finish verifying containers on volume /home/runner/work/ozone/ozone/hadoop-ozone/integration-test/target/test-dir/MiniOzoneClusterImpl-3ca4de4a-72c8-4c23-a990-0556c1b2e11a/datanode-6/data-0/containers/hdds
2022-11-24 06:39:01,553 [Listener at 127.0.0.1/43781] INFO  ozoneimpl.OzoneContainer (OzoneContainer.java:buildContainerSet(301)) - Build ContainerSet costs 0s
2022-11-24 06:39:01,556 [Listener at 127.0.0.1/43781] INFO  server.RaftServer (ConfUtils.java:logGet(46)) - raft.rpc.type = GRPC (default)
2022-11-24 06:39:01,557 [Listener at 127.0.0.1/43781] INFO  grpc.GrpcConfigKeys (ConfUtils.java:logFallback(53)) - raft.grpc.admin.host = null (fallback to raft.grpc.server.host)
2022-11-24 06:39:01,557 [Listener at 127.0.0.1/43781] INFO  grpc.GrpcConfigKeys (ConfUtils.java:logGet(46)) - raft.grpc.admin.port = 44141 (custom)
2022-11-24 06:39:01,559 [Listener at 127.0.0.1/43781] INFO  grpc.GrpcConfigKeys (ConfUtils.java:logFallback(53)) - raft.grpc.client.host = null (fallback to raft.grpc.server.host)
2022-11-24 06:39:01,559 [Listener at 127.0.0.1/43781] INFO  grpc.GrpcConfigKeys (ConfUtils.java:logGet(46)) - raft.grpc.client.port = 44141 (custom)
2022-11-24 06:39:01,559 [Listener at 127.0.0.1/43781] INFO  grpc.GrpcConfigKeys (ConfUtils.java:logGet(46)) - raft.grpc.server.host = null (default)
2022-11-24 06:39:01,559 [Listener at 127.0.0.1/43781] INFO  grpc.GrpcConfigKeys (ConfUtils.java:logGet(46)) - raft.grpc.server.port = 44141 (custom)
2022-11-24 06:39:01,559 [Listener at 127.0.0.1/43781] INFO  server.GrpcService (ConfUtils.java:logGet(46)) - raft.grpc.message.size.max = 32MB (=33554432) (custom)
2022-11-24 06:39:01,560 [Listener at 127.0.0.1/43781] INFO  server.RaftServerConfigKeys (ConfUtils.java:logGet(46)) - raft.server.log.appender.buffer.byte-limit = 33554432 (custom)
2022-11-24 06:39:01,560 [Listener at 127.0.0.1/43781] INFO  server.GrpcService (ConfUtils.java:logGet(46)) - raft.grpc.flow.control.window = 5MB (=5242880) (custom)
2022-11-24 06:39:01,560 [Listener at 127.0.0.1/43781] INFO  server.RaftServerConfigKeys (ConfUtils.java:logGet(46)) - raft.server.rpc.request.timeout = 60s (custom)
2022-11-24 06:39:01,560 [Listener at 127.0.0.1/43781] INFO  grpc.GrpcConfigKeys (ConfUtils.java:logGet(46)) - raft.grpc.server.heartbeat.channel = true (default)
2022-11-24 06:39:01,560 [Listener at 127.0.0.1/43781] INFO  grpc.GrpcConfigKeys (ConfUtils.java:logGet(46)) - raft.grpc.server.async.request.thread.pool.cached = true (default)
2022-11-24 06:39:01,561 [Listener at 127.0.0.1/43781] INFO  grpc.GrpcConfigKeys (ConfUtils.java:logGet(46)) - raft.grpc.server.async.request.thread.pool.size = 32 (default)
2022-11-24 06:39:01,563 [Listener at 127.0.0.1/43781] INFO  impl.DataStreamServerImpl (ConfUtils.java:logGet(46)) - raft.datastream.type = DISABLED (default)
2022-11-24 06:39:01,564 [Listener at 127.0.0.1/43781] INFO  server.RaftServerConfigKeys (ConfUtils.java:logGet(46)) - raft.server.threadpool.proxy.cached = true (default)
2022-11-24 06:39:01,564 [Listener at 127.0.0.1/43781] INFO  server.RaftServerConfigKeys (ConfUtils.java:logGet(46)) - raft.server.threadpool.proxy.size = 0 (default)
2022-11-24 06:39:01,564 [Listener at 127.0.0.1/43781] INFO  server.RaftServerConfigKeys (ConfUtils.java:logGet(46)) - raft.server.rpc.slowness.timeout = 300s (custom)
2022-11-24 06:39:01,564 [Listener at 127.0.0.1/43781] INFO  server.RaftServerConfigKeys (ConfUtils.java:logGet(46)) - raft.server.leaderelection.leader.step-down.wait-time = 10s (default)
2022-11-24 06:39:01,564 [Listener at 127.0.0.1/43781] INFO  server.RaftServerConfigKeys (ConfUtils.java:logGet(46)) - raft.server.storage.dir = [/home/runner/work/ozone/ozone/hadoop-ozone/integration-test/target/test-dir/MiniOzoneClusterImpl-3ca4de4a-72c8-4c23-a990-0556c1b2e11a/datanode-6/data/ratis] (custom)
2022-11-24 06:39:01,567 [8af73eb1-79e8-42bd-81b7-d22b4389184f-impl-thread1] INFO  server.RaftServer (RaftServerProxy.java:initGroupDir(251)) - 8af73eb1-79e8-42bd-81b7-d22b4389184f: found a subdirectory /home/runner/work/ozone/ozone/hadoop-ozone/integration-test/target/test-dir/MiniOzoneClusterImpl-3ca4de4a-72c8-4c23-a990-0556c1b2e11a/datanode-6/data/ratis/3cb81546-a1e4-4674-93a2-4ec97286dcbf
2022-11-24 06:39:01,570 [8af73eb1-79e8-42bd-81b7-d22b4389184f-impl-thread1] INFO  server.RaftServer (RaftServerProxy.java:addNew(96)) - 8af73eb1-79e8-42bd-81b7-d22b4389184f: addNew group-4EC97286DCBF:[] returns group-4EC97286DCBF:java.util.concurrent.CompletableFuture@3db82748[Not completed]
2022-11-24 06:39:01,570 [8af73eb1-79e8-42bd-81b7-d22b4389184f-impl-thread1] INFO  server.RaftServer (RaftServerProxy.java:initGroupDir(251)) - 8af73eb1-79e8-42bd-81b7-d22b4389184f: found a subdirectory /home/runner/work/ozone/ozone/hadoop-ozone/integration-test/target/test-dir/MiniOzoneClusterImpl-3ca4de4a-72c8-4c23-a990-0556c1b2e11a/datanode-6/data/ratis/7eab0d13-f1ae-4404-aa34-4a1627a7e140
2022-11-24 06:39:01,571 [8af73eb1-79e8-42bd-81b7-d22b4389184f-impl-thread1] INFO  server.RaftServer (RaftServerProxy.java:addNew(96)) - 8af73eb1-79e8-42bd-81b7-d22b4389184f: addNew group-4A1627A7E140:[] returns group-4A1627A7E140:java.util.concurrent.CompletableFuture@3987b427[Not completed]
2022-11-24 06:39:01,571 [8af73eb1-79e8-42bd-81b7-d22b4389184f-impl-thread1] INFO  server.RaftServer (RaftServerProxy.java:initGroupDir(251)) - 8af73eb1-79e8-42bd-81b7-d22b4389184f: found a subdirectory /home/runner/work/ozone/ozone/hadoop-ozone/integration-test/target/test-dir/MiniOzoneClusterImpl-3ca4de4a-72c8-4c23-a990-0556c1b2e11a/datanode-6/data/ratis/78a3379c-db77-46a6-9b1d-90f10f00f203
2022-11-24 06:39:01,571 [8af73eb1-79e8-42bd-81b7-d22b4389184f-impl-thread1] INFO  server.RaftServer (RaftServerProxy.java:addNew(96)) - 8af73eb1-79e8-42bd-81b7-d22b4389184f: addNew group-90F10F00F203:[] returns group-90F10F00F203:java.util.concurrent.CompletableFuture@7c852d73[Not completed]
2022-11-24 06:39:01,573 [Listener at 127.0.0.1/43781] INFO  server.XceiverServerGrpc (XceiverServerGrpc.java:<init>(132)) - GrpcServer channel type EpollServerSocketChannel
2022-11-24 06:39:01,587 [pool-400-thread-1] INFO  server.RaftServer$Division (RaftServerImpl.java:<init>(195)) - 8af73eb1-79e8-42bd-81b7-d22b4389184f: new RaftServerImpl for group-4EC97286DCBF:[] with ContainerStateMachine:uninitialized
2022-11-24 06:39:01,587 [pool-400-thread-1] INFO  server.RaftServerConfigKeys (ConfUtils.java:logGet(46)) - raft.server.rpc.timeout.min = 5s (custom)
2022-11-24 06:39:01,587 [pool-400-thread-1] INFO  server.RaftServerConfigKeys (ConfUtils.java:logGet(46)) - raft.server.rpc.timeout.max = 5200ms (custom)
2022-11-24 06:39:01,587 [pool-400-thread-1] INFO  server.RaftServerConfigKeys (ConfUtils.java:logGet(46)) - raft.server.rpc.sleep.time = 25ms (default)
2022-11-24 06:39:01,588 [Listener at 127.0.0.1/43781] INFO  http.BaseHttpServer (BaseHttpServer.java:newHttpServer2BuilderForOzone(213)) - Starting Web-server for hddsDatanode at: http://0.0.0.0:39043
2022-11-24 06:39:01,588 [Listener at 127.0.0.1/43781] INFO  http.BaseHttpServer (BaseHttpServer.java:<init>(108)) - Hadoop Security Enabled: false Ozone Security Enabled: false Ozone HTTP Security Enabled: false 
2022-11-24 06:39:01,590 [Listener at 127.0.0.1/43781] WARN  server.AuthenticationFilter (AuthenticationFilter.java:constructSecretProvider(240)) - Unable to initialize FileSignerSecretProvider, falling back to use random secrets. Reason: Could not read signature secret file: /home/runner/hadoop-http-auth-signature-secret
2022-11-24 06:39:01,591 [Listener at 127.0.0.1/43781] WARN  http.HttpRequestLog (HttpRequestLog.java:getRequestLog(103)) - Jetty request log can only be enabled using Log4j
2022-11-24 06:39:01,588 [pool-400-thread-1] INFO  server.RaftServerConfigKeys (ConfUtils.java:logGet(46)) - raft.server.rpc.slowness.timeout = 300s (custom)
2022-11-24 06:39:01,591 [pool-400-thread-1] INFO  server.RaftServerConfigKeys (ConfUtils.java:logGet(46)) - raft.server.leaderelection.leader.step-down.wait-time = 10s (default)
2022-11-24 06:39:01,591 [pool-400-thread-1] INFO  server.RaftServerConfigKeys (ConfUtils.java:logGet(46)) - raft.server.sleep.deviation.threshold = 300ms (default)
2022-11-24 06:39:01,592 [pool-400-thread-1] INFO  server.RaftServer$Division (ServerState.java:<init>(118)) - 8af73eb1-79e8-42bd-81b7-d22b4389184f@group-4EC97286DCBF: ConfigurationManager, init=-1: peers:[]|listeners:[], old=null, confs=<EMPTY_MAP>
2022-11-24 06:39:01,592 [pool-400-thread-1] INFO  server.RaftServerConfigKeys (ConfUtils.java:logGet(46)) - raft.server.storage.dir = [/home/runner/work/ozone/ozone/hadoop-ozone/integration-test/target/test-dir/MiniOzoneClusterImpl-3ca4de4a-72c8-4c23-a990-0556c1b2e11a/datanode-6/data/ratis] (custom)
2022-11-24 06:39:01,592 [pool-400-thread-1] INFO  server.RaftServerConfigKeys (ConfUtils.java:logGet(46)) - raft.server.log.corruption.policy = EXCEPTION (default)
2022-11-24 06:39:01,592 [pool-400-thread-1] INFO  server.RaftServerConfigKeys (ConfUtils.java:logGet(46)) - raft.server.storage.free-space.min = 0MB (=0) (default)
2022-11-24 06:39:01,592 [pool-400-thread-1] INFO  server.RaftServerConfigKeys (ConfUtils.java:logGet(46)) - raft.server.notification.no-leader.timeout = 300s (custom)
2022-11-24 06:39:01,592 [pool-400-thread-1] INFO  server.RaftServerConfigKeys (ConfUtils.java:logGet(46)) - raft.server.retrycache.expirytime = 600000ms (custom)
2022-11-24 06:39:01,592 [pool-400-thread-1] INFO  server.RaftServerConfigKeys (ConfUtils.java:logGet(46)) - raft.server.retrycache.statistics.expirytime = 100μs (default)
2022-11-24 06:39:01,592 [Listener at 127.0.0.1/43781] INFO  http.HttpServer2 (HttpServer2.java:addGlobalFilter(1031)) - Added global filter 'safety' (class=org.apache.hadoop.hdds.server.http.HttpServer2$QuotingInputFilter)
2022-11-24 06:39:01,593 [Listener at 127.0.0.1/43781] INFO  http.HttpServer2 (HttpServer2.java:addFilter(1007)) - Added filter static_user_filter (class=org.apache.hadoop.http.lib.StaticUserWebFilter$StaticUserFilter) to context hddsDatanode
2022-11-24 06:39:01,593 [Listener at 127.0.0.1/43781] INFO  http.HttpServer2 (HttpServer2.java:addFilter(1015)) - Added filter static_user_filter (class=org.apache.hadoop.http.lib.StaticUserWebFilter$StaticUserFilter) to context logs
2022-11-24 06:39:01,593 [Listener at 127.0.0.1/43781] INFO  http.HttpServer2 (HttpServer2.java:addFilter(1015)) - Added filter static_user_filter (class=org.apache.hadoop.http.lib.StaticUserWebFilter$StaticUserFilter) to context static
2022-11-24 06:39:01,593 [pool-400-thread-1] INFO  server.RaftServerConfigKeys (ConfUtils.java:logGet(46)) - raft.server.log.appender.install.snapshot.enabled = false (custom)
2022-11-24 06:39:01,594 [pool-400-thread-1] INFO  server.RaftServerConfigKeys (ConfUtils.java:logGet(46)) - raft.server.threadpool.server.cached = true (default)
2022-11-24 06:39:01,594 [pool-400-thread-1] INFO  server.RaftServerConfigKeys (ConfUtils.java:logGet(46)) - raft.server.threadpool.server.size = 0 (default)
2022-11-24 06:39:01,594 [pool-400-thread-1] INFO  server.RaftServerConfigKeys (ConfUtils.java:logGet(46)) - raft.server.threadpool.client.cached = true (default)
2022-11-24 06:39:01,594 [pool-400-thread-1] INFO  server.RaftServerConfigKeys (ConfUtils.java:logGet(46)) - raft.server.threadpool.client.size = 0 (default)
2022-11-24 06:39:01,594 [Listener at 127.0.0.1/43781] INFO  http.HttpServer2 (HttpServer2.java:bindListener(1250)) - Jetty bound to port 39043
2022-11-24 06:39:01,594 [Listener at 127.0.0.1/43781] INFO  server.Server (Server.java:doStart(375)) - jetty-9.4.49.v20220914; built: 2022-09-14T01:07:36.601Z; git: 4231a3b2e4cb8548a412a789936d640a97b1aa0a; jvm 1.8.0_345-b01
2022-11-24 06:39:01,596 [Listener at 127.0.0.1/43781] INFO  server.session (DefaultSessionIdManager.java:doStart(334)) - DefaultSessionIdManager workerName=node0
2022-11-24 06:39:01,596 [Listener at 127.0.0.1/43781] INFO  server.session (DefaultSessionIdManager.java:doStart(339)) - No SessionScavenger set, using defaults
2022-11-24 06:39:01,597 [Listener at 127.0.0.1/43781] INFO  server.session (HouseKeeper.java:startScavenging(132)) - node0 Scavenging every 600000ms
2022-11-24 06:39:01,598 [Listener at 127.0.0.1/43781] INFO  handler.ContextHandler (ContextHandler.java:doStart(921)) - Started o.e.j.s.ServletContextHandler@1fa3dd3{logs,/logs,file:///home/runner/work/ozone/ozone/hadoop-ozone/integration-test/target/log,AVAILABLE}
2022-11-24 06:39:01,598 [Listener at 127.0.0.1/43781] INFO  handler.ContextHandler (ContextHandler.java:doStart(921)) - Started o.e.j.s.ServletContextHandler@6846c0db{static,/static,jar:file:/home/runner/.m2/repository/org/apache/ozone/hdds-container-service/1.3.0-SNAPSHOT/hdds-container-service-1.3.0-SNAPSHOT.jar!/webapps/static,AVAILABLE}
2022-11-24 06:39:01,598 [pool-400-thread-1] INFO  server.RaftServer$Division (RaftServerImpl.java:<init>(195)) - 8af73eb1-79e8-42bd-81b7-d22b4389184f: new RaftServerImpl for group-4A1627A7E140:[] with ContainerStateMachine:uninitialized
2022-11-24 06:39:01,599 [pool-400-thread-1] INFO  server.RaftServerConfigKeys (ConfUtils.java:logGet(46)) - raft.server.rpc.timeout.min = 5s (custom)
2022-11-24 06:39:01,599 [pool-400-thread-1] INFO  server.RaftServerConfigKeys (ConfUtils.java:logGet(46)) - raft.server.rpc.timeout.max = 5200ms (custom)
2022-11-24 06:39:01,599 [pool-400-thread-1] INFO  server.RaftServerConfigKeys (ConfUtils.java:logGet(46)) - raft.server.rpc.sleep.time = 25ms (default)
2022-11-24 06:39:01,599 [pool-400-thread-1] INFO  server.RaftServerConfigKeys (ConfUtils.java:logGet(46)) - raft.server.rpc.slowness.timeout = 300s (custom)
2022-11-24 06:39:01,599 [pool-400-thread-1] INFO  server.RaftServerConfigKeys (ConfUtils.java:logGet(46)) - raft.server.leaderelection.leader.step-down.wait-time = 10s (default)
2022-11-24 06:39:01,599 [pool-400-thread-1] INFO  server.RaftServerConfigKeys (ConfUtils.java:logGet(46)) - raft.server.sleep.deviation.threshold = 300ms (default)
2022-11-24 06:39:01,599 [pool-400-thread-1] INFO  server.RaftServer$Division (ServerState.java:<init>(118)) - 8af73eb1-79e8-42bd-81b7-d22b4389184f@group-4A1627A7E140: ConfigurationManager, init=-1: peers:[]|listeners:[], old=null, confs=<EMPTY_MAP>
2022-11-24 06:39:01,599 [pool-400-thread-1] INFO  server.RaftServerConfigKeys (ConfUtils.java:logGet(46)) - raft.server.storage.dir = [/home/runner/work/ozone/ozone/hadoop-ozone/integration-test/target/test-dir/MiniOzoneClusterImpl-3ca4de4a-72c8-4c23-a990-0556c1b2e11a/datanode-6/data/ratis] (custom)
2022-11-24 06:39:01,600 [pool-400-thread-1] INFO  server.RaftServerConfigKeys (ConfUtils.java:logGet(46)) - raft.server.log.corruption.policy = EXCEPTION (default)
2022-11-24 06:39:01,600 [pool-400-thread-1] INFO  server.RaftServerConfigKeys (ConfUtils.java:logGet(46)) - raft.server.storage.free-space.min = 0MB (=0) (default)
2022-11-24 06:39:01,600 [pool-400-thread-1] INFO  server.RaftServerConfigKeys (ConfUtils.java:logGet(46)) - raft.server.notification.no-leader.timeout = 300s (custom)
2022-11-24 06:39:01,600 [pool-400-thread-1] INFO  server.RaftServerConfigKeys (ConfUtils.java:logGet(46)) - raft.server.retrycache.expirytime = 600000ms (custom)
2022-11-24 06:39:01,600 [pool-400-thread-1] INFO  server.RaftServerConfigKeys (ConfUtils.java:logGet(46)) - raft.server.retrycache.statistics.expirytime = 100μs (default)
2022-11-24 06:39:01,609 [pool-400-thread-1] INFO  server.RaftServerConfigKeys (ConfUtils.java:logGet(46)) - raft.server.log.appender.install.snapshot.enabled = false (custom)
2022-11-24 06:39:01,609 [pool-400-thread-1] INFO  server.RaftServerConfigKeys (ConfUtils.java:logGet(46)) - raft.server.threadpool.server.cached = true (default)
2022-11-24 06:39:01,614 [pool-400-thread-1] INFO  server.RaftServerConfigKeys (ConfUtils.java:logGet(46)) - raft.server.threadpool.server.size = 0 (default)
2022-11-24 06:39:01,614 [pool-400-thread-1] INFO  server.RaftServerConfigKeys (ConfUtils.java:logGet(46)) - raft.server.threadpool.client.cached = true (default)
2022-11-24 06:39:01,614 [pool-400-thread-1] INFO  server.RaftServerConfigKeys (ConfUtils.java:logGet(46)) - raft.server.threadpool.client.size = 0 (default)
2022-11-24 06:39:01,617 [pool-400-thread-1] INFO  server.RaftServer$Division (RaftServerImpl.java:<init>(195)) - 8af73eb1-79e8-42bd-81b7-d22b4389184f: new RaftServerImpl for group-90F10F00F203:[] with ContainerStateMachine:uninitialized
2022-11-24 06:39:01,617 [pool-400-thread-1] INFO  server.RaftServerConfigKeys (ConfUtils.java:logGet(46)) - raft.server.rpc.timeout.min = 5s (custom)
2022-11-24 06:39:01,617 [pool-400-thread-1] INFO  server.RaftServerConfigKeys (ConfUtils.java:logGet(46)) - raft.server.rpc.timeout.max = 5200ms (custom)
2022-11-24 06:39:01,617 [pool-400-thread-1] INFO  server.RaftServerConfigKeys (ConfUtils.java:logGet(46)) - raft.server.rpc.sleep.time = 25ms (default)
2022-11-24 06:39:01,617 [pool-400-thread-1] INFO  server.RaftServerConfigKeys (ConfUtils.java:logGet(46)) - raft.server.rpc.slowness.timeout = 300s (custom)
2022-11-24 06:39:01,617 [pool-400-thread-1] INFO  server.RaftServerConfigKeys (ConfUtils.java:logGet(46)) - raft.server.leaderelection.leader.step-down.wait-time = 10s (default)
2022-11-24 06:39:01,618 [pool-400-thread-1] INFO  server.RaftServerConfigKeys (ConfUtils.java:logGet(46)) - raft.server.sleep.deviation.threshold = 300ms (default)
2022-11-24 06:39:01,618 [pool-400-thread-1] INFO  server.RaftServer$Division (ServerState.java:<init>(118)) - 8af73eb1-79e8-42bd-81b7-d22b4389184f@group-90F10F00F203: ConfigurationManager, init=-1: peers:[]|listeners:[], old=null, confs=<EMPTY_MAP>
2022-11-24 06:39:01,618 [pool-400-thread-1] INFO  server.RaftServerConfigKeys (ConfUtils.java:logGet(46)) - raft.server.storage.dir = [/home/runner/work/ozone/ozone/hadoop-ozone/integration-test/target/test-dir/MiniOzoneClusterImpl-3ca4de4a-72c8-4c23-a990-0556c1b2e11a/datanode-6/data/ratis] (custom)
2022-11-24 06:39:01,618 [pool-400-thread-1] INFO  server.RaftServerConfigKeys (ConfUtils.java:logGet(46)) - raft.server.log.corruption.policy = EXCEPTION (default)
2022-11-24 06:39:01,618 [pool-400-thread-1] INFO  server.RaftServerConfigKeys (ConfUtils.java:logGet(46)) - raft.server.storage.free-space.min = 0MB (=0) (default)
2022-11-24 06:39:01,619 [pool-400-thread-1] INFO  server.RaftServerConfigKeys (ConfUtils.java:logGet(46)) - raft.server.notification.no-leader.timeout = 300s (custom)
2022-11-24 06:39:01,620 [pool-400-thread-1] INFO  server.RaftServerConfigKeys (ConfUtils.java:logGet(46)) - raft.server.retrycache.expirytime = 600000ms (custom)
2022-11-24 06:39:01,620 [pool-400-thread-1] INFO  server.RaftServerConfigKeys (ConfUtils.java:logGet(46)) - raft.server.retrycache.statistics.expirytime = 100μs (default)
2022-11-24 06:39:01,623 [pool-400-thread-1] INFO  server.RaftServerConfigKeys (ConfUtils.java:logGet(46)) - raft.server.log.appender.install.snapshot.enabled = false (custom)
2022-11-24 06:39:01,623 [pool-400-thread-1] INFO  server.RaftServerConfigKeys (ConfUtils.java:logGet(46)) - raft.server.threadpool.server.cached = true (default)
2022-11-24 06:39:01,623 [pool-400-thread-1] INFO  server.RaftServerConfigKeys (ConfUtils.java:logGet(46)) - raft.server.threadpool.server.size = 0 (default)
2022-11-24 06:39:01,623 [pool-400-thread-1] INFO  server.RaftServerConfigKeys (ConfUtils.java:logGet(46)) - raft.server.threadpool.client.cached = true (default)
2022-11-24 06:39:01,624 [pool-400-thread-1] INFO  server.RaftServerConfigKeys (ConfUtils.java:logGet(46)) - raft.server.threadpool.client.size = 0 (default)
2022-11-24 06:39:01,790 [Listener at 127.0.0.1/43781] INFO  handler.ContextHandler (ContextHandler.java:doStart(921)) - Started o.e.j.w.WebAppContext@3e898d36{hddsDatanode,/,file:///tmp/jetty-0_0_0_0-39043-hdds-container-service-1_3_0-SNAPSHOT_jar-_-any-3477304799093858474/webapp/,AVAILABLE}{jar:file:/home/runner/.m2/repository/org/apache/ozone/hdds-container-service/1.3.0-SNAPSHOT/hdds-container-service-1.3.0-SNAPSHOT.jar!/webapps/hddsDatanode}
2022-11-24 06:39:01,793 [Listener at 127.0.0.1/43781] INFO  server.AbstractConnector (AbstractConnector.java:doStart(333)) - Started ServerConnector@82cf8fd{HTTP/1.1, (http/1.1)}{0.0.0.0:39043}
2022-11-24 06:39:01,793 [Listener at 127.0.0.1/43781] INFO  server.Server (Server.java:doStart(415)) - Started @42996ms
2022-11-24 06:39:01,794 [Listener at 127.0.0.1/43781] WARN  impl.MetricsSystemImpl (MetricsSystemImpl.java:register(279)) - Sink prometheus already exists!
2022-11-24 06:39:01,794 [Listener at 127.0.0.1/43781] INFO  http.BaseHttpServer (BaseHttpServer.java:updateConnectorAddress(333)) - HTTP server of hddsDatanode listening at http://0.0.0.0:39043
2022-11-24 06:39:01,795 [Datanode State Machine Daemon Thread] INFO  statemachine.DatanodeStateMachine (DatanodeStateMachine.java:lambda$startDaemon$0(505)) - Ozone container server started.
2022-11-24 06:39:01,795 [Listener at 127.0.0.1/43781] INFO  ozone.MiniOzoneClusterImpl (MiniOzoneClusterImpl.java:lambda$waitForClusterToBeReady$0(216)) - Waiting for nodes to be ready. Got 9 of 10 DN Heartbeats.
2022-11-24 06:39:01,795 [Listener at 127.0.0.1/43781] INFO  ozone.MiniOzoneClusterImpl (MiniOzoneClusterImpl.java:lambda$waitForClusterToBeReady$0(219)) - Cluster exits safe mode
2022-11-24 06:39:01,795 [Listener at 127.0.0.1/43781] INFO  ozone.MiniOzoneClusterImpl (MiniOzoneClusterImpl.java:lambda$waitForClusterToBeReady$0(221)) - SCM became leader
2022-11-24 06:39:01,797 [org.apache.hadoop.util.JvmPauseMonitor$Monitor@7373e872] INFO  util.JvmPauseMonitor (JvmPauseMonitor.java:run(188)) - Starting JVM pause monitor
2022-11-24 06:39:01,798 [Datanode State Machine Task Thread - 0] INFO  datanode.InitDatanodeState (InitDatanodeState.java:persistContainerDatanodeDetails(138)) - DatanodeDetails is persisted to /home/runner/work/ozone/ozone/hadoop-ozone/integration-test/target/test-dir/MiniOzoneClusterImpl-3ca4de4a-72c8-4c23-a990-0556c1b2e11a/datanode-6/meta/datanode.id
2022-11-24 06:39:02,796 [Listener at 127.0.0.1/43781] INFO  ozone.MiniOzoneClusterImpl (MiniOzoneClusterImpl.java:lambda$waitForClusterToBeReady$0(216)) - Waiting for nodes to be ready. Got 9 of 10 DN Heartbeats.
2022-11-24 06:39:02,796 [Listener at 127.0.0.1/43781] INFO  ozone.MiniOzoneClusterImpl (MiniOzoneClusterImpl.java:lambda$waitForClusterToBeReady$0(219)) - Cluster exits safe mode
2022-11-24 06:39:02,796 [Listener at 127.0.0.1/43781] INFO  ozone.MiniOzoneClusterImpl (MiniOzoneClusterImpl.java:lambda$waitForClusterToBeReady$0(221)) - SCM became leader
2022-11-24 06:39:03,797 [Listener at 127.0.0.1/43781] INFO  ozone.MiniOzoneClusterImpl (MiniOzoneClusterImpl.java:lambda$waitForClusterToBeReady$0(216)) - Waiting for nodes to be ready. Got 9 of 10 DN Heartbeats.
2022-11-24 06:39:03,797 [Listener at 127.0.0.1/43781] INFO  ozone.MiniOzoneClusterImpl (MiniOzoneClusterImpl.java:lambda$waitForClusterToBeReady$0(219)) - Cluster exits safe mode
2022-11-24 06:39:03,797 [Listener at 127.0.0.1/43781] INFO  ozone.MiniOzoneClusterImpl (MiniOzoneClusterImpl.java:lambda$waitForClusterToBeReady$0(221)) - SCM became leader
2022-11-24 06:39:03,799 [EndpointStateMachine task thread for /0.0.0.0:42997 - 0 ] INFO  ozoneimpl.OzoneContainer (OzoneContainer.java:start(395)) - Attempting to start container services.
2022-11-24 06:39:03,799 [EndpointStateMachine task thread for /0.0.0.0:42997 - 0 ] INFO  ozoneimpl.OzoneContainer (OzoneContainer.java:startContainerScrub(312)) - Scheduled background container scanners and the on-demand container scanner have been disabled.
2022-11-24 06:39:03,808 [EndpointStateMachine task thread for /0.0.0.0:42997 - 0 ] INFO  ratis.XceiverServerRatis (XceiverServerRatis.java:start(481)) - Starting XceiverServerRatis 8af73eb1-79e8-42bd-81b7-d22b4389184f
2022-11-24 06:39:03,818 [8af73eb1-79e8-42bd-81b7-d22b4389184f-impl-thread2] INFO  storage.RaftStorageDirectory (RaftStorageDirectoryImpl.java:tryLock(231)) - Lock on /home/runner/work/ozone/ozone/hadoop-ozone/integration-test/target/test-dir/MiniOzoneClusterImpl-3ca4de4a-72c8-4c23-a990-0556c1b2e11a/datanode-6/data/ratis/7eab0d13-f1ae-4404-aa34-4a1627a7e140/in_use.lock acquired by nodename 14982@fv-az453-211
2022-11-24 06:39:03,819 [8af73eb1-79e8-42bd-81b7-d22b4389184f-impl-thread2] INFO  storage.RaftStorage (RaftStorageImpl.java:analyzeAndRecoverStorage(117)) - Read RaftStorageMetadata{term=0, votedFor=} from /home/runner/work/ozone/ozone/hadoop-ozone/integration-test/target/test-dir/MiniOzoneClusterImpl-3ca4de4a-72c8-4c23-a990-0556c1b2e11a/datanode-6/data/ratis/7eab0d13-f1ae-4404-aa34-4a1627a7e140/current/raft-meta
2022-11-24 06:39:03,818 [8af73eb1-79e8-42bd-81b7-d22b4389184f-impl-thread1] INFO  storage.RaftStorageDirectory (RaftStorageDirectoryImpl.java:tryLock(231)) - Lock on /home/runner/work/ozone/ozone/hadoop-ozone/integration-test/target/test-dir/MiniOzoneClusterImpl-3ca4de4a-72c8-4c23-a990-0556c1b2e11a/datanode-6/data/ratis/78a3379c-db77-46a6-9b1d-90f10f00f203/in_use.lock acquired by nodename 14982@fv-az453-211
2022-11-24 06:39:03,820 [8af73eb1-79e8-42bd-81b7-d22b4389184f-impl-thread1] INFO  storage.RaftStorage (RaftStorageImpl.java:analyzeAndRecoverStorage(117)) - Read RaftStorageMetadata{term=0, votedFor=} from /home/runner/work/ozone/ozone/hadoop-ozone/integration-test/target/test-dir/MiniOzoneClusterImpl-3ca4de4a-72c8-4c23-a990-0556c1b2e11a/datanode-6/data/ratis/78a3379c-db77-46a6-9b1d-90f10f00f203/current/raft-meta
2022-11-24 06:39:03,822 [8af73eb1-79e8-42bd-81b7-d22b4389184f-impl-thread1] INFO  ratis.ContainerStateMachine (ContainerStateMachine.java:loadSnapshot(236)) - group-90F10F00F203: The snapshot info is null. Setting the last applied indexto:(t:0, i:~)
2022-11-24 06:39:03,822 [8af73eb1-79e8-42bd-81b7-d22b4389184f-impl-thread2] INFO  ratis.ContainerStateMachine (ContainerStateMachine.java:loadSnapshot(236)) - group-4A1627A7E140: The snapshot info is null. Setting the last applied indexto:(t:0, i:~)
2022-11-24 06:39:03,822 [8af73eb1-79e8-42bd-81b7-d22b4389184f-impl-thread1] INFO  server.RaftServerConfigKeys (ConfUtils.java:logGet(46)) - raft.server.log.use.memory = false (default)
2022-11-24 06:39:03,822 [8af73eb1-79e8-42bd-81b7-d22b4389184f-impl-thread2] INFO  server.RaftServerConfigKeys (ConfUtils.java:logGet(46)) - raft.server.log.use.memory = false (default)
2022-11-24 06:39:03,822 [8af73eb1-79e8-42bd-81b7-d22b4389184f-impl-thread1] INFO  server.RaftServerConfigKeys (ConfUtils.java:logGet(46)) - raft.server.log.purge.gap = 1000000 (custom)
2022-11-24 06:39:03,822 [8af73eb1-79e8-42bd-81b7-d22b4389184f-impl-thread2] INFO  server.RaftServerConfigKeys (ConfUtils.java:logGet(46)) - raft.server.log.purge.gap = 1000000 (custom)
2022-11-24 06:39:03,822 [8af73eb1-79e8-42bd-81b7-d22b4389184f-impl-thread1] INFO  server.RaftServerConfigKeys (ConfUtils.java:logGet(46)) - raft.server.log.appender.buffer.byte-limit = 33554432 (custom)
2022-11-24 06:39:03,822 [8af73eb1-79e8-42bd-81b7-d22b4389184f-impl-thread2] INFO  server.RaftServerConfigKeys (ConfUtils.java:logGet(46)) - raft.server.log.appender.buffer.byte-limit = 33554432 (custom)
2022-11-24 06:39:03,822 [8af73eb1-79e8-42bd-81b7-d22b4389184f-impl-thread2] INFO  server.RaftServerConfigKeys (ConfUtils.java:logGet(46)) - raft.server.log.statemachine.data.read.timeout = 1000ms (default)
2022-11-24 06:39:03,823 [8af73eb1-79e8-42bd-81b7-d22b4389184f-impl-thread2] INFO  server.RaftServerConfigKeys (ConfUtils.java:logGet(46)) - raft.server.log.purge.preservation.log.num = 0 (default)
2022-11-24 06:39:03,823 [8af73eb1-79e8-42bd-81b7-d22b4389184f-impl-thread2] INFO  server.RaftServerConfigKeys (ConfUtils.java:logGet(46)) - raft.server.log.segment.size.max = 1048576 (custom)
2022-11-24 06:39:03,823 [8af73eb1-79e8-42bd-81b7-d22b4389184f-impl-thread2] INFO  server.RaftServerConfigKeys (ConfUtils.java:logGet(46)) - raft.server.log.segment.cache.num.max = 2 (custom)
2022-11-24 06:39:03,823 [8af73eb1-79e8-42bd-81b7-d22b4389184f-impl-thread2] INFO  server.RaftServerConfigKeys (ConfUtils.java:logGet(46)) - raft.server.log.segment.cache.size.max = 200MB (=209715200) (default)
2022-11-24 06:39:03,823 [8af73eb1-79e8-42bd-81b7-d22b4389184f-impl-thread2] INFO  segmented.SegmentedRaftLogWorker (SegmentedRaftLogWorker.java:<init>(191)) - new 8af73eb1-79e8-42bd-81b7-d22b4389184f@group-4A1627A7E140-SegmentedRaftLogWorker for RaftStorageImpl:Storage Directory /home/runner/work/ozone/ozone/hadoop-ozone/integration-test/target/test-dir/MiniOzoneClusterImpl-3ca4de4a-72c8-4c23-a990-0556c1b2e11a/datanode-6/data/ratis/7eab0d13-f1ae-4404-aa34-4a1627a7e140
2022-11-24 06:39:03,823 [8af73eb1-79e8-42bd-81b7-d22b4389184f-impl-thread2] INFO  server.RaftServerConfigKeys (ConfUtils.java:logGet(46)) - raft.server.log.queue.byte-limit = 4294967296 (custom)
2022-11-24 06:39:03,823 [8af73eb1-79e8-42bd-81b7-d22b4389184f-impl-thread2] INFO  server.RaftServerConfigKeys (ConfUtils.java:logGet(46)) - raft.server.log.queue.element-limit = 1024 (custom)
2022-11-24 06:39:03,824 [8af73eb1-79e8-42bd-81b7-d22b4389184f-impl-thread2] INFO  server.RaftServerConfigKeys (ConfUtils.java:logGet(46)) - raft.server.log.segment.size.max = 1048576 (custom)
2022-11-24 06:39:03,824 [8af73eb1-79e8-42bd-81b7-d22b4389184f-impl-thread2] INFO  server.RaftServerConfigKeys (ConfUtils.java:logGet(46)) - raft.server.log.preallocated.size = 16384 (custom)
2022-11-24 06:39:03,824 [8af73eb1-79e8-42bd-81b7-d22b4389184f-impl-thread2] INFO  server.RaftServerConfigKeys (ConfUtils.java:logGet(46)) - raft.server.log.force.sync.num = 128 (default)
2022-11-24 06:39:03,824 [8af73eb1-79e8-42bd-81b7-d22b4389184f-impl-thread2] INFO  server.RaftServerConfigKeys (ConfUtils.java:logGet(46)) - raft.server.log.statemachine.data.sync = true (default)
2022-11-24 06:39:03,824 [8af73eb1-79e8-42bd-81b7-d22b4389184f-impl-thread2] INFO  server.RaftServerConfigKeys (ConfUtils.java:logGet(46)) - raft.server.log.statemachine.data.sync.timeout = 10s (default)
2022-11-24 06:39:03,824 [8af73eb1-79e8-42bd-81b7-d22b4389184f-impl-thread2] INFO  server.RaftServerConfigKeys (ConfUtils.java:logGet(46)) - raft.server.log.statemachine.data.sync.timeout.retry = -1 (default)
2022-11-24 06:39:03,822 [8af73eb1-79e8-42bd-81b7-d22b4389184f-impl-thread1] INFO  server.RaftServerConfigKeys (ConfUtils.java:logGet(46)) - raft.server.log.statemachine.data.read.timeout = 1000ms (default)
2022-11-24 06:39:03,825 [8af73eb1-79e8-42bd-81b7-d22b4389184f-impl-thread2] INFO  server.RaftServerConfigKeys (ConfUtils.java:logGet(46)) - raft.server.log.write.buffer.size = 1048576 (custom)
2022-11-24 06:39:03,825 [8af73eb1-79e8-42bd-81b7-d22b4389184f-impl-thread3] INFO  storage.RaftStorageDirectory (RaftStorageDirectoryImpl.java:tryLock(231)) - Lock on /home/runner/work/ozone/ozone/hadoop-ozone/integration-test/target/test-dir/MiniOzoneClusterImpl-3ca4de4a-72c8-4c23-a990-0556c1b2e11a/datanode-6/data/ratis/3cb81546-a1e4-4674-93a2-4ec97286dcbf/in_use.lock acquired by nodename 14982@fv-az453-211
2022-11-24 06:39:03,825 [8af73eb1-79e8-42bd-81b7-d22b4389184f-impl-thread1] INFO  server.RaftServerConfigKeys (ConfUtils.java:logGet(46)) - raft.server.log.purge.preservation.log.num = 0 (default)
2022-11-24 06:39:03,825 [8af73eb1-79e8-42bd-81b7-d22b4389184f-impl-thread1] INFO  server.RaftServerConfigKeys (ConfUtils.java:logGet(46)) - raft.server.log.segment.size.max = 1048576 (custom)
2022-11-24 06:39:03,825 [8af73eb1-79e8-42bd-81b7-d22b4389184f-impl-thread2] INFO  server.RaftServerConfigKeys (ConfUtils.java:logGet(46)) - raft.server.log.unsafe-flush.enabled = false (default)
2022-11-24 06:39:03,825 [8af73eb1-79e8-42bd-81b7-d22b4389184f-impl-thread1] INFO  server.RaftServerConfigKeys (ConfUtils.java:logGet(46)) - raft.server.log.segment.cache.num.max = 2 (custom)
2022-11-24 06:39:03,825 [8af73eb1-79e8-42bd-81b7-d22b4389184f-impl-thread2] INFO  server.RaftServerConfigKeys (ConfUtils.java:logGet(46)) - raft.server.log.async-flush.enabled = false (default)
2022-11-24 06:39:03,826 [8af73eb1-79e8-42bd-81b7-d22b4389184f-impl-thread1] INFO  server.RaftServerConfigKeys (ConfUtils.java:logGet(46)) - raft.server.log.segment.cache.size.max = 200MB (=209715200) (default)
2022-11-24 06:39:03,826 [8af73eb1-79e8-42bd-81b7-d22b4389184f-impl-thread2] INFO  server.RaftServerConfigKeys (ConfUtils.java:logGet(46)) - raft.server.log.statemachine.data.caching.enabled = true (custom)
2022-11-24 06:39:03,826 [8af73eb1-79e8-42bd-81b7-d22b4389184f-impl-thread1] INFO  segmented.SegmentedRaftLogWorker (SegmentedRaftLogWorker.java:<init>(191)) - new 8af73eb1-79e8-42bd-81b7-d22b4389184f@group-90F10F00F203-SegmentedRaftLogWorker for RaftStorageImpl:Storage Directory /home/runner/work/ozone/ozone/hadoop-ozone/integration-test/target/test-dir/MiniOzoneClusterImpl-3ca4de4a-72c8-4c23-a990-0556c1b2e11a/datanode-6/data/ratis/78a3379c-db77-46a6-9b1d-90f10f00f203
2022-11-24 06:39:03,826 [8af73eb1-79e8-42bd-81b7-d22b4389184f-impl-thread1] INFO  server.RaftServerConfigKeys (ConfUtils.java:logGet(46)) - raft.server.log.queue.byte-limit = 4294967296 (custom)
2022-11-24 06:39:03,826 [8af73eb1-79e8-42bd-81b7-d22b4389184f-impl-thread2] INFO  segmented.SegmentedRaftLogWorker (SegmentedRaftLogWorker.java:lambda$new$0(136)) - 8af73eb1-79e8-42bd-81b7-d22b4389184f@group-4A1627A7E140-SegmentedRaftLogWorker: flushIndex: setUnconditionally 0 -> -1
2022-11-24 06:39:03,826 [8af73eb1-79e8-42bd-81b7-d22b4389184f-impl-thread1] INFO  server.RaftServerConfigKeys (ConfUtils.java:logGet(46)) - raft.server.log.queue.element-limit = 1024 (custom)
2022-11-24 06:39:03,826 [8af73eb1-79e8-42bd-81b7-d22b4389184f-impl-thread2] INFO  segmented.SegmentedRaftLogWorker (SegmentedRaftLogWorker.java:lambda$new$0(136)) - 8af73eb1-79e8-42bd-81b7-d22b4389184f@group-4A1627A7E140-SegmentedRaftLogWorker: safeCacheEvictIndex: setUnconditionally 0 -> -1
2022-11-24 06:39:03,826 [8af73eb1-79e8-42bd-81b7-d22b4389184f-impl-thread1] INFO  server.RaftServerConfigKeys (ConfUtils.java:logGet(46)) - raft.server.log.segment.size.max = 1048576 (custom)
2022-11-24 06:39:03,826 [8af73eb1-79e8-42bd-81b7-d22b4389184f-impl-thread1] INFO  server.RaftServerConfigKeys (ConfUtils.java:logGet(46)) - raft.server.log.preallocated.size = 16384 (custom)
2022-11-24 06:39:03,827 [8af73eb1-79e8-42bd-81b7-d22b4389184f-impl-thread2] INFO  server.RaftServer$Division (RaftServerImpl.java:start(340)) - 8af73eb1-79e8-42bd-81b7-d22b4389184f@group-4A1627A7E140: start with initializing state, conf=-1: peers:[]|listeners:[], old=null
2022-11-24 06:39:03,827 [8af73eb1-79e8-42bd-81b7-d22b4389184f-impl-thread2] INFO  server.RaftServer$Division (RaftServerImpl.java:setRole(321)) - 8af73eb1-79e8-42bd-81b7-d22b4389184f@group-4A1627A7E140: changes role from      null to FOLLOWER at term 0 for startInitializing
2022-11-24 06:39:03,827 [8af73eb1-79e8-42bd-81b7-d22b4389184f-impl-thread2] INFO  util.JmxRegister (JmxRegister.java:tryRegister(44)) - Successfully registered JMX Bean with object name Ratis:service=RaftServer,group=group-4A1627A7E140,id=8af73eb1-79e8-42bd-81b7-d22b4389184f
2022-11-24 06:39:03,827 [8af73eb1-79e8-42bd-81b7-d22b4389184f-impl-thread2] INFO  server.RaftServerConfigKeys (ConfUtils.java:logGet(46)) - raft.server.snapshot.auto.trigger.enabled = true (custom)
2022-11-24 06:39:03,827 [8af73eb1-79e8-42bd-81b7-d22b4389184f-impl-thread2] INFO  server.RaftServerConfigKeys (ConfUtils.java:logGet(46)) - raft.server.snapshot.auto.trigger.threshold = 10000 (custom)
2022-11-24 06:39:03,827 [8af73eb1-79e8-42bd-81b7-d22b4389184f-impl-thread2] INFO  server.RaftServerConfigKeys (ConfUtils.java:logGet(46)) - raft.server.snapshot.retention.file.num = 5 (custom)
2022-11-24 06:39:03,827 [8af73eb1-79e8-42bd-81b7-d22b4389184f-impl-thread2] INFO  server.RaftServerConfigKeys (ConfUtils.java:logGet(46)) - raft.server.log.purge.upto.snapshot.index = false (default)
2022-11-24 06:39:03,828 [8af73eb1-79e8-42bd-81b7-d22b4389184f-impl-thread1] INFO  server.RaftServerConfigKeys (ConfUtils.java:logGet(46)) - raft.server.log.force.sync.num = 128 (default)
2022-11-24 06:39:03,828 [8af73eb1-79e8-42bd-81b7-d22b4389184f-impl-thread1] INFO  server.RaftServerConfigKeys (ConfUtils.java:logGet(46)) - raft.server.log.statemachine.data.sync = true (default)
2022-11-24 06:39:03,828 [8af73eb1-79e8-42bd-81b7-d22b4389184f-impl-thread1] INFO  server.RaftServerConfigKeys (ConfUtils.java:logGet(46)) - raft.server.log.statemachine.data.sync.timeout = 10s (default)
2022-11-24 06:39:03,828 [8af73eb1-79e8-42bd-81b7-d22b4389184f-impl-thread1] INFO  server.RaftServerConfigKeys (ConfUtils.java:logGet(46)) - raft.server.log.statemachine.data.sync.timeout.retry = -1 (default)
2022-11-24 06:39:03,829 [8af73eb1-79e8-42bd-81b7-d22b4389184f-impl-thread3] INFO  storage.RaftStorage (RaftStorageImpl.java:analyzeAndRecoverStorage(117)) - Read RaftStorageMetadata{term=0, votedFor=} from /home/runner/work/ozone/ozone/hadoop-ozone/integration-test/target/test-dir/MiniOzoneClusterImpl-3ca4de4a-72c8-4c23-a990-0556c1b2e11a/datanode-6/data/ratis/3cb81546-a1e4-4674-93a2-4ec97286dcbf/current/raft-meta
2022-11-24 06:39:03,830 [8af73eb1-79e8-42bd-81b7-d22b4389184f-impl-thread1] INFO  server.RaftServerConfigKeys (ConfUtils.java:logGet(46)) - raft.server.log.write.buffer.size = 1048576 (custom)
2022-11-24 06:39:03,831 [8af73eb1-79e8-42bd-81b7-d22b4389184f-impl-thread1] INFO  server.RaftServerConfigKeys (ConfUtils.java:logGet(46)) - raft.server.log.unsafe-flush.enabled = false (default)
2022-11-24 06:39:03,831 [8af73eb1-79e8-42bd-81b7-d22b4389184f-impl-thread1] INFO  server.RaftServerConfigKeys (ConfUtils.java:logGet(46)) - raft.server.log.async-flush.enabled = false (default)
2022-11-24 06:39:03,831 [8af73eb1-79e8-42bd-81b7-d22b4389184f-impl-thread1] INFO  server.RaftServerConfigKeys (ConfUtils.java:logGet(46)) - raft.server.log.statemachine.data.caching.enabled = true (custom)
2022-11-24 06:39:03,831 [8af73eb1-79e8-42bd-81b7-d22b4389184f-impl-thread1] INFO  segmented.SegmentedRaftLogWorker (SegmentedRaftLogWorker.java:lambda$new$0(136)) - 8af73eb1-79e8-42bd-81b7-d22b4389184f@group-90F10F00F203-SegmentedRaftLogWorker: flushIndex: setUnconditionally 0 -> -1
2022-11-24 06:39:03,832 [8af73eb1-79e8-42bd-81b7-d22b4389184f-impl-thread1] INFO  segmented.SegmentedRaftLogWorker (SegmentedRaftLogWorker.java:lambda$new$0(136)) - 8af73eb1-79e8-42bd-81b7-d22b4389184f@group-90F10F00F203-SegmentedRaftLogWorker: safeCacheEvictIndex: setUnconditionally 0 -> -1
2022-11-24 06:39:03,832 [8af73eb1-79e8-42bd-81b7-d22b4389184f-impl-thread3] INFO  ratis.ContainerStateMachine (ContainerStateMachine.java:loadSnapshot(236)) - group-4EC97286DCBF: The snapshot info is null. Setting the last applied indexto:(t:0, i:~)
2022-11-24 06:39:03,832 [8af73eb1-79e8-42bd-81b7-d22b4389184f-impl-thread3] INFO  server.RaftServerConfigKeys (ConfUtils.java:logGet(46)) - raft.server.log.use.memory = false (default)
2022-11-24 06:39:03,832 [8af73eb1-79e8-42bd-81b7-d22b4389184f-impl-thread3] INFO  server.RaftServerConfigKeys (ConfUtils.java:logGet(46)) - raft.server.log.purge.gap = 1000000 (custom)
2022-11-24 06:39:03,832 [8af73eb1-79e8-42bd-81b7-d22b4389184f-impl-thread3] INFO  server.RaftServerConfigKeys (ConfUtils.java:logGet(46)) - raft.server.log.appender.buffer.byte-limit = 33554432 (custom)
2022-11-24 06:39:03,832 [8af73eb1-79e8-42bd-81b7-d22b4389184f-impl-thread3] INFO  server.RaftServerConfigKeys (ConfUtils.java:logGet(46)) - raft.server.log.statemachine.data.read.timeout = 1000ms (default)
2022-11-24 06:39:03,832 [8af73eb1-79e8-42bd-81b7-d22b4389184f-impl-thread3] INFO  server.RaftServerConfigKeys (ConfUtils.java:logGet(46)) - raft.server.log.purge.preservation.log.num = 0 (default)
2022-11-24 06:39:03,832 [8af73eb1-79e8-42bd-81b7-d22b4389184f-impl-thread1] INFO  server.RaftServer$Division (RaftServerImpl.java:start(340)) - 8af73eb1-79e8-42bd-81b7-d22b4389184f@group-90F10F00F203: start with initializing state, conf=-1: peers:[]|listeners:[], old=null
2022-11-24 06:39:03,832 [8af73eb1-79e8-42bd-81b7-d22b4389184f-impl-thread1] INFO  server.RaftServer$Division (RaftServerImpl.java:setRole(321)) - 8af73eb1-79e8-42bd-81b7-d22b4389184f@group-90F10F00F203: changes role from      null to FOLLOWER at term 0 for startInitializing
2022-11-24 06:39:03,833 [8af73eb1-79e8-42bd-81b7-d22b4389184f-impl-thread1] INFO  util.JmxRegister (JmxRegister.java:tryRegister(44)) - Successfully registered JMX Bean with object name Ratis:service=RaftServer,group=group-90F10F00F203,id=8af73eb1-79e8-42bd-81b7-d22b4389184f
2022-11-24 06:39:03,833 [8af73eb1-79e8-42bd-81b7-d22b4389184f-impl-thread1] INFO  server.RaftServerConfigKeys (ConfUtils.java:logGet(46)) - raft.server.snapshot.auto.trigger.enabled = true (custom)
2022-11-24 06:39:03,833 [8af73eb1-79e8-42bd-81b7-d22b4389184f-impl-thread1] INFO  server.RaftServerConfigKeys (ConfUtils.java:logGet(46)) - raft.server.snapshot.auto.trigger.threshold = 10000 (custom)
2022-11-24 06:39:03,833 [8af73eb1-79e8-42bd-81b7-d22b4389184f-impl-thread1] INFO  server.RaftServerConfigKeys (ConfUtils.java:logGet(46)) - raft.server.snapshot.retention.file.num = 5 (custom)
2022-11-24 06:39:03,833 [8af73eb1-79e8-42bd-81b7-d22b4389184f-impl-thread1] INFO  server.RaftServerConfigKeys (ConfUtils.java:logGet(46)) - raft.server.log.purge.upto.snapshot.index = false (default)
2022-11-24 06:39:03,835 [8af73eb1-79e8-42bd-81b7-d22b4389184f-impl-thread3] INFO  server.RaftServerConfigKeys (ConfUtils.java:logGet(46)) - raft.server.log.segment.size.max = 1048576 (custom)
2022-11-24 06:39:03,835 [8af73eb1-79e8-42bd-81b7-d22b4389184f-impl-thread3] INFO  server.RaftServerConfigKeys (ConfUtils.java:logGet(46)) - raft.server.log.segment.cache.num.max = 2 (custom)
2022-11-24 06:39:03,835 [8af73eb1-79e8-42bd-81b7-d22b4389184f-impl-thread3] INFO  server.RaftServerConfigKeys (ConfUtils.java:logGet(46)) - raft.server.log.segment.cache.size.max = 200MB (=209715200) (default)
2022-11-24 06:39:03,835 [8af73eb1-79e8-42bd-81b7-d22b4389184f-impl-thread3] INFO  segmented.SegmentedRaftLogWorker (SegmentedRaftLogWorker.java:<init>(191)) - new 8af73eb1-79e8-42bd-81b7-d22b4389184f@group-4EC97286DCBF-SegmentedRaftLogWorker for RaftStorageImpl:Storage Directory /home/runner/work/ozone/ozone/hadoop-ozone/integration-test/target/test-dir/MiniOzoneClusterImpl-3ca4de4a-72c8-4c23-a990-0556c1b2e11a/datanode-6/data/ratis/3cb81546-a1e4-4674-93a2-4ec97286dcbf
2022-11-24 06:39:03,835 [8af73eb1-79e8-42bd-81b7-d22b4389184f-impl-thread3] INFO  server.RaftServerConfigKeys (ConfUtils.java:logGet(46)) - raft.server.log.queue.byte-limit = 4294967296 (custom)
2022-11-24 06:39:03,835 [8af73eb1-79e8-42bd-81b7-d22b4389184f-impl-thread3] INFO  server.RaftServerConfigKeys (ConfUtils.java:logGet(46)) - raft.server.log.queue.element-limit = 1024 (custom)
2022-11-24 06:39:03,835 [8af73eb1-79e8-42bd-81b7-d22b4389184f-impl-thread3] INFO  server.RaftServerConfigKeys (ConfUtils.java:logGet(46)) - raft.server.log.segment.size.max = 1048576 (custom)
2022-11-24 06:39:03,835 [8af73eb1-79e8-42bd-81b7-d22b4389184f-impl-thread3] INFO  server.RaftServerConfigKeys (ConfUtils.java:logGet(46)) - raft.server.log.preallocated.size = 16384 (custom)
2022-11-24 06:39:03,835 [8af73eb1-79e8-42bd-81b7-d22b4389184f-impl-thread3] INFO  server.RaftServerConfigKeys (ConfUtils.java:logGet(46)) - raft.server.log.force.sync.num = 128 (default)
2022-11-24 06:39:03,836 [8af73eb1-79e8-42bd-81b7-d22b4389184f-impl-thread3] INFO  server.RaftServerConfigKeys (ConfUtils.java:logGet(46)) - raft.server.log.statemachine.data.sync = true (default)
2022-11-24 06:39:03,836 [8af73eb1-79e8-42bd-81b7-d22b4389184f-impl-thread3] INFO  server.RaftServerConfigKeys (ConfUtils.java:logGet(46)) - raft.server.log.statemachine.data.sync.timeout = 10s (default)
2022-11-24 06:39:03,836 [8af73eb1-79e8-42bd-81b7-d22b4389184f-impl-thread3] INFO  server.RaftServerConfigKeys (ConfUtils.java:logGet(46)) - raft.server.log.statemachine.data.sync.timeout.retry = -1 (default)
2022-11-24 06:39:03,839 [8af73eb1-79e8-42bd-81b7-d22b4389184f-impl-thread3] INFO  server.RaftServerConfigKeys (ConfUtils.java:logGet(46)) - raft.server.log.write.buffer.size = 1048576 (custom)
2022-11-24 06:39:03,839 [8af73eb1-79e8-42bd-81b7-d22b4389184f-impl-thread3] INFO  server.RaftServerConfigKeys (ConfUtils.java:logGet(46)) - raft.server.log.unsafe-flush.enabled = false (default)
2022-11-24 06:39:03,839 [8af73eb1-79e8-42bd-81b7-d22b4389184f-impl-thread3] INFO  server.RaftServerConfigKeys (ConfUtils.java:logGet(46)) - raft.server.log.async-flush.enabled = false (default)
2022-11-24 06:39:03,839 [8af73eb1-79e8-42bd-81b7-d22b4389184f-impl-thread3] INFO  server.RaftServerConfigKeys (ConfUtils.java:logGet(46)) - raft.server.log.statemachine.data.caching.enabled = true (custom)
2022-11-24 06:39:03,840 [8af73eb1-79e8-42bd-81b7-d22b4389184f-impl-thread3] INFO  segmented.SegmentedRaftLogWorker (SegmentedRaftLogWorker.java:lambda$new$0(136)) - 8af73eb1-79e8-42bd-81b7-d22b4389184f@group-4EC97286DCBF-SegmentedRaftLogWorker: flushIndex: setUnconditionally 0 -> -1
2022-11-24 06:39:03,840 [8af73eb1-79e8-42bd-81b7-d22b4389184f-impl-thread3] INFO  segmented.SegmentedRaftLogWorker (SegmentedRaftLogWorker.java:lambda$new$0(136)) - 8af73eb1-79e8-42bd-81b7-d22b4389184f@group-4EC97286DCBF-SegmentedRaftLogWorker: safeCacheEvictIndex: setUnconditionally 0 -> -1
2022-11-24 06:39:03,842 [8af73eb1-79e8-42bd-81b7-d22b4389184f-impl-thread3] INFO  server.RaftServer$Division (RaftServerImpl.java:start(340)) - 8af73eb1-79e8-42bd-81b7-d22b4389184f@group-4EC97286DCBF: start with initializing state, conf=-1: peers:[]|listeners:[], old=null
2022-11-24 06:39:03,842 [8af73eb1-79e8-42bd-81b7-d22b4389184f-impl-thread3] INFO  server.RaftServer$Division (RaftServerImpl.java:setRole(321)) - 8af73eb1-79e8-42bd-81b7-d22b4389184f@group-4EC97286DCBF: changes role from      null to FOLLOWER at term 0 for startInitializing
2022-11-24 06:39:03,843 [8af73eb1-79e8-42bd-81b7-d22b4389184f-impl-thread3] INFO  util.JmxRegister (JmxRegister.java:tryRegister(44)) - Successfully registered JMX Bean with object name Ratis:service=RaftServer,group=group-4EC97286DCBF,id=8af73eb1-79e8-42bd-81b7-d22b4389184f
2022-11-24 06:39:03,843 [8af73eb1-79e8-42bd-81b7-d22b4389184f-impl-thread3] INFO  server.RaftServerConfigKeys (ConfUtils.java:logGet(46)) - raft.server.snapshot.auto.trigger.enabled = true (custom)
2022-11-24 06:39:03,843 [8af73eb1-79e8-42bd-81b7-d22b4389184f-impl-thread3] INFO  server.RaftServerConfigKeys (ConfUtils.java:logGet(46)) - raft.server.snapshot.auto.trigger.threshold = 10000 (custom)
2022-11-24 06:39:03,843 [8af73eb1-79e8-42bd-81b7-d22b4389184f-impl-thread3] INFO  server.RaftServerConfigKeys (ConfUtils.java:logGet(46)) - raft.server.snapshot.retention.file.num = 5 (custom)
2022-11-24 06:39:03,843 [8af73eb1-79e8-42bd-81b7-d22b4389184f-impl-thread3] INFO  server.RaftServerConfigKeys (ConfUtils.java:logGet(46)) - raft.server.log.purge.upto.snapshot.index = false (default)
2022-11-24 06:39:03,849 [EndpointStateMachine task thread for /0.0.0.0:42997 - 0 ] INFO  server.RaftServer (RaftServerProxy.java:startImpl(393)) - 8af73eb1-79e8-42bd-81b7-d22b4389184f: start RPC server
2022-11-24 06:39:03,852 [EndpointStateMachine task thread for /0.0.0.0:42997 - 0 ] INFO  server.GrpcService (GrpcService.java:startImpl(270)) - 8af73eb1-79e8-42bd-81b7-d22b4389184f: GrpcService started, listening on 44141
2022-11-24 06:39:03,852 [EndpointStateMachine task thread for /0.0.0.0:42997 - 0 ] INFO  ratis.XceiverServerRatis (XceiverServerRatis.java:getRealPort(502)) - XceiverServerRatis 8af73eb1-79e8-42bd-81b7-d22b4389184f is started using port 44141 for RATIS
2022-11-24 06:39:03,852 [EndpointStateMachine task thread for /0.0.0.0:42997 - 0 ] INFO  ratis.XceiverServerRatis (XceiverServerRatis.java:getRealPort(502)) - XceiverServerRatis 8af73eb1-79e8-42bd-81b7-d22b4389184f is started using port 44141 for RATIS_ADMIN
2022-11-24 06:39:03,852 [EndpointStateMachine task thread for /0.0.0.0:42997 - 0 ] INFO  ratis.XceiverServerRatis (XceiverServerRatis.java:getRealPort(502)) - XceiverServerRatis 8af73eb1-79e8-42bd-81b7-d22b4389184f is started using port 44141 for RATIS_SERVER
2022-11-24 06:39:03,853 [JvmPauseMonitor11] INFO  util.JvmPauseMonitor (JvmPauseMonitor.java:run(105)) - JvmPauseMonitor-8af73eb1-79e8-42bd-81b7-d22b4389184f: Started
2022-11-24 06:39:04,797 [Listener at 127.0.0.1/43781] INFO  ozone.MiniOzoneClusterImpl (MiniOzoneClusterImpl.java:lambda$waitForClusterToBeReady$0(216)) - Waiting for nodes to be ready. Got 9 of 10 DN Heartbeats.
2022-11-24 06:39:04,798 [Listener at 127.0.0.1/43781] INFO  ozone.MiniOzoneClusterImpl (MiniOzoneClusterImpl.java:lambda$waitForClusterToBeReady$0(219)) - Cluster exits safe mode
2022-11-24 06:39:04,798 [Listener at 127.0.0.1/43781] INFO  ozone.MiniOzoneClusterImpl (MiniOzoneClusterImpl.java:lambda$waitForClusterToBeReady$0(221)) - SCM became leader
2022-11-24 06:39:05,798 [Listener at 127.0.0.1/43781] INFO  ozone.MiniOzoneClusterImpl (MiniOzoneClusterImpl.java:lambda$waitForClusterToBeReady$0(216)) - Waiting for nodes to be ready. Got 9 of 10 DN Heartbeats.
2022-11-24 06:39:05,799 [Listener at 127.0.0.1/43781] INFO  ozone.MiniOzoneClusterImpl (MiniOzoneClusterImpl.java:lambda$waitForClusterToBeReady$0(219)) - Cluster exits safe mode
2022-11-24 06:39:05,799 [Listener at 127.0.0.1/43781] INFO  ozone.MiniOzoneClusterImpl (MiniOzoneClusterImpl.java:lambda$waitForClusterToBeReady$0(221)) - SCM became leader
2022-11-24 06:39:05,834 [EventQueue-PipelineReportForPipelineReportHandler] INFO  pipeline.PipelineReportHandler (PipelineReportHandler.java:processPipelineReport(115)) - Reported pipeline PipelineID=78a3379c-db77-46a6-9b1d-90f10f00f203 is not found
2022-11-24 06:39:05,834 [EventQueue-PipelineReportForPipelineReportHandler] INFO  pipeline.PipelineReportHandler (PipelineReportHandler.java:processPipelineReport(115)) - Reported pipeline PipelineID=7eab0d13-f1ae-4404-aa34-4a1627a7e140 is not found
2022-11-24 06:39:05,834 [EventQueue-PipelineReportForPipelineReportHandler] INFO  pipeline.PipelineReportHandler (PipelineReportHandler.java:processPipelineReport(115)) - Reported pipeline PipelineID=3cb81546-a1e4-4674-93a2-4ec97286dcbf is not found
2022-11-24 06:39:06,799 [Listener at 127.0.0.1/43781] INFO  ozone.MiniOzoneClusterImpl (MiniOzoneClusterImpl.java:lambda$waitForClusterToBeReady$0(216)) - Waiting for nodes to be ready. Got 9 of 10 DN Heartbeats.
2022-11-24 06:39:06,799 [Listener at 127.0.0.1/43781] INFO  ozone.MiniOzoneClusterImpl (MiniOzoneClusterImpl.java:lambda$waitForClusterToBeReady$0(219)) - Cluster exits safe mode
2022-11-24 06:39:06,799 [Listener at 127.0.0.1/43781] INFO  ozone.MiniOzoneClusterImpl (MiniOzoneClusterImpl.java:lambda$waitForClusterToBeReady$0(221)) - SCM became leader
2022-11-24 06:39:07,800 [Listener at 127.0.0.1/43781] INFO  ozone.MiniOzoneClusterImpl (MiniOzoneClusterImpl.java:lambda$waitForClusterToBeReady$0(216)) - Waiting for nodes to be ready. Got 9 of 10 DN Heartbeats.
2022-11-24 06:39:07,800 [Listener at 127.0.0.1/43781] INFO  ozone.MiniOzoneClusterImpl (MiniOzoneClusterImpl.java:lambda$waitForClusterToBeReady$0(219)) - Cluster exits safe mode
2022-11-24 06:39:07,800 [Listener at 127.0.0.1/43781] INFO  ozone.MiniOzoneClusterImpl (MiniOzoneClusterImpl.java:lambda$waitForClusterToBeReady$0(221)) - SCM became leader
2022-11-24 06:39:07,832 [EventQueue-PipelineReportForPipelineReportHandler] INFO  pipeline.PipelineReportHandler (PipelineReportHandler.java:processPipelineReport(115)) - Reported pipeline PipelineID=78a3379c-db77-46a6-9b1d-90f10f00f203 is not found
2022-11-24 06:39:07,832 [EventQueue-PipelineReportForPipelineReportHandler] INFO  pipeline.PipelineReportHandler (PipelineReportHandler.java:processPipelineReport(115)) - Reported pipeline PipelineID=7eab0d13-f1ae-4404-aa34-4a1627a7e140 is not found
2022-11-24 06:39:07,832 [EventQueue-PipelineReportForPipelineReportHandler] INFO  pipeline.PipelineReportHandler (PipelineReportHandler.java:processPipelineReport(115)) - Reported pipeline PipelineID=3cb81546-a1e4-4674-93a2-4ec97286dcbf is not found
2022-11-24 06:39:07,923 [EventQueue-HealthyReadonlyNodeForHealthyReadOnlyNodeHandler] INFO  node.HealthyReadOnlyNodeHandler (HealthyReadOnlyNodeHandler.java:onMessage(56)) - Datanode 8af73eb1-79e8-42bd-81b7-d22b4389184f{ip: 10.1.1.33, host: fv-az453-211.hss2zji4abbufegd5wcf2so25h.dx.internal.cloudapp.net, ports: [REPLICATION=36185, RATIS=44141, RATIS_ADMIN=44141, RATIS_SERVER=44141, STANDALONE=36899], networkLocation: /default-rack, certSerialId: null, persistedOpState: IN_SERVICE, persistedOpStateExpiryEpochSec: 0} moved to HEALTHY READONLY state.
2022-11-24 06:39:07,924 [EventQueue-HealthyReadonlyNodeForHealthyReadOnlyNodeHandler] INFO  net.NetworkTopologyImpl (NetworkTopologyImpl.java:add(112)) - Added a new node: /default-rack/8af73eb1-79e8-42bd-81b7-d22b4389184f
2022-11-24 06:39:08,024 [EventQueue-HealthyReadonlyToHealthyNodeForReadOnlyHealthyToHealthyNodeHandler] INFO  node.ReadOnlyHealthyToHealthyNodeHandler (ReadOnlyHealthyToHealthyNodeHandler.java:onMessage(51)) - Datanode 8af73eb1-79e8-42bd-81b7-d22b4389184f{ip: 10.1.1.33, host: fv-az453-211.hss2zji4abbufegd5wcf2so25h.dx.internal.cloudapp.net, ports: [REPLICATION=36185, RATIS=44141, RATIS_ADMIN=44141, RATIS_SERVER=44141, STANDALONE=36899], networkLocation: /default-rack, certSerialId: null, persistedOpState: IN_SERVICE, persistedOpStateExpiryEpochSec: 0} moved to HEALTHY state.
2022-11-24 06:39:08,024 [EventQueue-HealthyReadonlyToHealthyNodeForReadOnlyHealthyToHealthyNodeHandler] INFO  pipeline.BackgroundPipelineCreator (BackgroundPipelineCreator.java:notifyEventTriggered(276)) - trigger a one-shot run on RatisPipelineUtilsThread.
2022-11-24 06:39:08,025 [RatisPipelineUtilsThread - 0] INFO  pipeline.RatisPipelineProvider (RatisPipelineProvider.java:lambda$create$0(195)) - Sending CreatePipelineCommand for pipeline:PipelineID=86ffadfe-6c15-4c4b-8c67-039c2e77fc58 to datanode:8af73eb1-79e8-42bd-81b7-d22b4389184f
2022-11-24 06:39:08,026 [RatisPipelineUtilsThread - 0] INFO  pipeline.PipelineStateManagerImpl (PipelineStateManagerImpl.java:addPipeline(103)) - Created pipeline Pipeline[ Id: 86ffadfe-6c15-4c4b-8c67-039c2e77fc58, Nodes: 8af73eb1-79e8-42bd-81b7-d22b4389184f{ip: 10.1.1.33, host: fv-az453-211.hss2zji4abbufegd5wcf2so25h.dx.internal.cloudapp.net, ports: [REPLICATION=36185, RATIS=44141, RATIS_ADMIN=44141, RATIS_SERVER=44141, STANDALONE=36899], networkLocation: /default-rack, certSerialId: null, persistedOpState: IN_SERVICE, persistedOpStateExpiryEpochSec: 0}, ReplicationConfig: RATIS/ONE, State:ALLOCATED, leaderId:, CreationTimestamp2022-11-24T06:39:08.025Z[Etc/UTC]].
2022-11-24 06:39:08,026 [RatisPipelineUtilsThread - 0] INFO  pipeline.RatisPipelineProvider (RatisPipelineProvider.java:lambda$create$0(195)) - Sending CreatePipelineCommand for pipeline:PipelineID=0b0d9a62-1108-4899-9c7e-a067bc3d260c to datanode:4949dc81-86be-4926-96a6-534c5c5588ca
2022-11-24 06:39:08,026 [RatisPipelineUtilsThread - 0] INFO  pipeline.RatisPipelineProvider (RatisPipelineProvider.java:lambda$create$0(195)) - Sending CreatePipelineCommand for pipeline:PipelineID=0b0d9a62-1108-4899-9c7e-a067bc3d260c to datanode:c8bfac46-0061-4906-a354-59c2fa211c25
2022-11-24 06:39:08,027 [RatisPipelineUtilsThread - 0] INFO  pipeline.RatisPipelineProvider (RatisPipelineProvider.java:lambda$create$0(195)) - Sending CreatePipelineCommand for pipeline:PipelineID=0b0d9a62-1108-4899-9c7e-a067bc3d260c to datanode:8af73eb1-79e8-42bd-81b7-d22b4389184f
2022-11-24 06:39:08,027 [RatisPipelineUtilsThread - 0] INFO  pipeline.PipelineStateManagerImpl (PipelineStateManagerImpl.java:addPipeline(103)) - Created pipeline Pipeline[ Id: 0b0d9a62-1108-4899-9c7e-a067bc3d260c, Nodes: 4949dc81-86be-4926-96a6-534c5c5588ca{ip: 10.1.1.33, host: fv-az453-211.hss2zji4abbufegd5wcf2so25h.dx.internal.cloudapp.net, ports: [REPLICATION=46611, RATIS=45371, RATIS_ADMIN=45371, RATIS_SERVER=45371, STANDALONE=38135], networkLocation: /default-rack, certSerialId: null, persistedOpState: IN_SERVICE, persistedOpStateExpiryEpochSec: 0}c8bfac46-0061-4906-a354-59c2fa211c25{ip: 10.1.1.33, host: fv-az453-211.hss2zji4abbufegd5wcf2so25h.dx.internal.cloudapp.net, ports: [REPLICATION=33399, RATIS=41215, RATIS_ADMIN=41215, RATIS_SERVER=41215, STANDALONE=43477], networkLocation: /default-rack, certSerialId: null, persistedOpState: IN_SERVICE, persistedOpStateExpiryEpochSec: 0}8af73eb1-79e8-42bd-81b7-d22b4389184f{ip: 10.1.1.33, host: fv-az453-211.hss2zji4abbufegd5wcf2so25h.dx.internal.cloudapp.net, ports: [REPLICATION=36185, RATIS=44141, RATIS_ADMIN=44141, RATIS_SERVER=44141, STANDALONE=36899], networkLocation: /default-rack, certSerialId: null, persistedOpState: IN_SERVICE, persistedOpStateExpiryEpochSec: 0}, ReplicationConfig: RATIS/THREE, State:ALLOCATED, leaderId:, CreationTimestamp2022-11-24T06:39:08.026Z[Etc/UTC]].
2022-11-24 06:39:08,034 [RatisPipelineUtilsThread - 0] INFO  pipeline.RatisPipelineProvider (RatisPipelineProvider.java:lambda$create$0(195)) - Sending CreatePipelineCommand for pipeline:PipelineID=57982a3e-8dec-4699-b995-a46a7f7eb5cd to datanode:8af73eb1-79e8-42bd-81b7-d22b4389184f
2022-11-24 06:39:08,034 [RatisPipelineUtilsThread - 0] INFO  pipeline.RatisPipelineProvider (RatisPipelineProvider.java:lambda$create$0(195)) - Sending CreatePipelineCommand for pipeline:PipelineID=57982a3e-8dec-4699-b995-a46a7f7eb5cd to datanode:4949dc81-86be-4926-96a6-534c5c5588ca
2022-11-24 06:39:08,035 [RatisPipelineUtilsThread - 0] INFO  pipeline.RatisPipelineProvider (RatisPipelineProvider.java:lambda$create$0(195)) - Sending CreatePipelineCommand for pipeline:PipelineID=57982a3e-8dec-4699-b995-a46a7f7eb5cd to datanode:c8bfac46-0061-4906-a354-59c2fa211c25
2022-11-24 06:39:08,035 [RatisPipelineUtilsThread - 0] INFO  pipeline.PipelineStateManagerImpl (PipelineStateManagerImpl.java:addPipeline(103)) - Created pipeline Pipeline[ Id: 57982a3e-8dec-4699-b995-a46a7f7eb5cd, Nodes: 8af73eb1-79e8-42bd-81b7-d22b4389184f{ip: 10.1.1.33, host: fv-az453-211.hss2zji4abbufegd5wcf2so25h.dx.internal.cloudapp.net, ports: [REPLICATION=36185, RATIS=44141, RATIS_ADMIN=44141, RATIS_SERVER=44141, STANDALONE=36899], networkLocation: /default-rack, certSerialId: null, persistedOpState: IN_SERVICE, persistedOpStateExpiryEpochSec: 0}4949dc81-86be-4926-96a6-534c5c5588ca{ip: 10.1.1.33, host: fv-az453-211.hss2zji4abbufegd5wcf2so25h.dx.internal.cloudapp.net, ports: [REPLICATION=46611, RATIS=45371, RATIS_ADMIN=45371, RATIS_SERVER=45371, STANDALONE=38135], networkLocation: /default-rack, certSerialId: null, persistedOpState: IN_SERVICE, persistedOpStateExpiryEpochSec: 0}c8bfac46-0061-4906-a354-59c2fa211c25{ip: 10.1.1.33, host: fv-az453-211.hss2zji4abbufegd5wcf2so25h.dx.internal.cloudapp.net, ports: [REPLICATION=33399, RATIS=41215, RATIS_ADMIN=41215, RATIS_SERVER=41215, STANDALONE=43477], networkLocation: /default-rack, certSerialId: null, persistedOpState: IN_SERVICE, persistedOpStateExpiryEpochSec: 0}, ReplicationConfig: RATIS/THREE, State:ALLOCATED, leaderId:, CreationTimestamp2022-11-24T06:39:08.034Z[Etc/UTC]].
2022-11-24 06:39:08,036 [RatisPipelineUtilsThread - 0] INFO  pipeline.PipelineManagerImpl (PipelineManagerImpl.java:recordMetricsForPipeline(826)) - Pipeline: PipelineID=57982a3e-8dec-4699-b995-a46a7f7eb5cd contains same datanodes as previous pipelines: PipelineID=0b0d9a62-1108-4899-9c7e-a067bc3d260c nodeIds: 8af73eb1-79e8-42bd-81b7-d22b4389184f, 4949dc81-86be-4926-96a6-534c5c5588ca, c8bfac46-0061-4906-a354-59c2fa211c25
2022-11-24 06:39:08,801 [Listener at 127.0.0.1/43781] INFO  ozone.MiniOzoneClusterImpl (MiniOzoneClusterImpl.java:lambda$waitForClusterToBeReady$0(216)) - Nodes are ready. Got 10 of 10 DN Heartbeats.
2022-11-24 06:39:08,801 [Listener at 127.0.0.1/43781] INFO  ozone.MiniOzoneClusterImpl (MiniOzoneClusterImpl.java:lambda$waitForClusterToBeReady$0(219)) - Cluster exits safe mode
2022-11-24 06:39:08,801 [Listener at 127.0.0.1/43781] INFO  ozone.MiniOzoneClusterImpl (MiniOzoneClusterImpl.java:lambda$waitForClusterToBeReady$0(221)) - SCM became leader
2022-11-24 06:39:08,837 [Command processor thread] INFO  keyvalue.KeyValueContainer (KeyValueContainer.java:flushAndSyncDB(437)) - Container 1 is synced with bcsId 0.
2022-11-24 06:39:08,837 [Command processor thread] INFO  keyvalue.KeyValueContainer (KeyValueContainer.java:flushAndSyncDB(437)) - Container 1 is synced with bcsId 0.
2022-11-24 06:39:08,840 [Command processor thread] INFO  keyvalue.KeyValueContainer (KeyValueContainer.java:close(352)) - Container 1 is closed with bcsId 0.
2022-11-24 06:39:08,840 [Command processor thread] INFO  server.RaftServer (RaftServerProxy.java:remove(107)) - 8af73eb1-79e8-42bd-81b7-d22b4389184f: remove  FOLLOWER 8af73eb1-79e8-42bd-81b7-d22b4389184f@group-90F10F00F203:t0, leader=null, voted=, raftlog=Memoized:8af73eb1-79e8-42bd-81b7-d22b4389184f@group-90F10F00F203-SegmentedRaftLog:OPENED:c-1, conf=-1: peers:[]|listeners:[], old=null STARTING
2022-11-24 06:39:08,841 [Command processor thread] INFO  server.RaftServer$Division (RaftServerImpl.java:lambda$close$4(458)) - 8af73eb1-79e8-42bd-81b7-d22b4389184f@group-90F10F00F203: shutdown
2022-11-24 06:39:08,841 [Command processor thread] INFO  util.JmxRegister (JmxRegister.java:unregister(73)) - Successfully un-registered JMX Bean with object name Ratis:service=RaftServer,group=group-90F10F00F203,id=8af73eb1-79e8-42bd-81b7-d22b4389184f
2022-11-24 06:39:08,841 [Command processor thread] INFO  impl.StateMachineUpdater (StateMachineUpdater.java:stopAndJoin(153)) - 8af73eb1-79e8-42bd-81b7-d22b4389184f@group-90F10F00F203-StateMachineUpdater: set stopIndex = -1
2022-11-24 06:39:08,841 [Command processor thread] INFO  server.RaftServer$Division (ServerState.java:close(466)) - 8af73eb1-79e8-42bd-81b7-d22b4389184f@group-90F10F00F203: closes. applyIndex: -1
2022-11-24 06:39:08,841 [8af73eb1-79e8-42bd-81b7-d22b4389184f@group-90F10F00F203-SegmentedRaftLogWorker] INFO  segmented.SegmentedRaftLogWorker (SegmentedRaftLogWorker.java:run(345)) - 8af73eb1-79e8-42bd-81b7-d22b4389184f@group-90F10F00F203-SegmentedRaftLogWorker was interrupted, exiting. There are 0 tasks remaining in the queue.
2022-11-24 06:39:08,842 [Command processor thread] INFO  segmented.SegmentedRaftLogWorker (SegmentedRaftLogWorker.java:close(255)) - 8af73eb1-79e8-42bd-81b7-d22b4389184f@group-90F10F00F203-SegmentedRaftLogWorker close()
2022-11-24 06:39:08,847 [Command processor thread] INFO  server.RaftServer$Division (RaftServerImpl.java:groupRemove(428)) - 8af73eb1-79e8-42bd-81b7-d22b4389184f@group-90F10F00F203: Succeed to remove RaftStorageDirectory Storage Directory /home/runner/work/ozone/ozone/hadoop-ozone/integration-test/target/test-dir/MiniOzoneClusterImpl-3ca4de4a-72c8-4c23-a990-0556c1b2e11a/datanode-6/data/ratis/78a3379c-db77-46a6-9b1d-90f10f00f203
2022-11-24 06:39:08,847 [Command processor thread] INFO  commandhandler.ClosePipelineCommandHandler (ClosePipelineCommandHandler.java:handle(78)) - Close Pipeline PipelineID=78a3379c-db77-46a6-9b1d-90f10f00f203 command on datanode 8af73eb1-79e8-42bd-81b7-d22b4389184f.
2022-11-24 06:39:08,847 [Command processor thread] INFO  server.RaftServer (RaftServerProxy.java:remove(107)) - 8af73eb1-79e8-42bd-81b7-d22b4389184f: remove  FOLLOWER 8af73eb1-79e8-42bd-81b7-d22b4389184f@group-4A1627A7E140:t0, leader=null, voted=, raftlog=Memoized:8af73eb1-79e8-42bd-81b7-d22b4389184f@group-4A1627A7E140-SegmentedRaftLog:OPENED:c-1, conf=-1: peers:[]|listeners:[], old=null STARTING
2022-11-24 06:39:08,848 [Command processor thread] INFO  server.RaftServer$Division (RaftServerImpl.java:lambda$close$4(458)) - 8af73eb1-79e8-42bd-81b7-d22b4389184f@group-4A1627A7E140: shutdown
2022-11-24 06:39:08,848 [Command processor thread] INFO  util.JmxRegister (JmxRegister.java:unregister(73)) - Successfully un-registered JMX Bean with object name Ratis:service=RaftServer,group=group-4A1627A7E140,id=8af73eb1-79e8-42bd-81b7-d22b4389184f
2022-11-24 06:39:08,848 [Command processor thread] INFO  impl.StateMachineUpdater (StateMachineUpdater.java:stopAndJoin(153)) - 8af73eb1-79e8-42bd-81b7-d22b4389184f@group-4A1627A7E140-StateMachineUpdater: set stopIndex = -1
2022-11-24 06:39:08,848 [Command processor thread] INFO  server.RaftServer$Division (ServerState.java:close(466)) - 8af73eb1-79e8-42bd-81b7-d22b4389184f@group-4A1627A7E140: closes. applyIndex: -1
2022-11-24 06:39:08,848 [8af73eb1-79e8-42bd-81b7-d22b4389184f@group-4A1627A7E140-SegmentedRaftLogWorker] INFO  segmented.SegmentedRaftLogWorker (SegmentedRaftLogWorker.java:run(345)) - 8af73eb1-79e8-42bd-81b7-d22b4389184f@group-4A1627A7E140-SegmentedRaftLogWorker was interrupted, exiting. There are 0 tasks remaining in the queue.
2022-11-24 06:39:08,848 [Command processor thread] INFO  segmented.SegmentedRaftLogWorker (SegmentedRaftLogWorker.java:close(255)) - 8af73eb1-79e8-42bd-81b7-d22b4389184f@group-4A1627A7E140-SegmentedRaftLogWorker close()
2022-11-24 06:39:08,852 [Command processor thread] INFO  server.RaftServer$Division (RaftServerImpl.java:groupRemove(428)) - 8af73eb1-79e8-42bd-81b7-d22b4389184f@group-4A1627A7E140: Succeed to remove RaftStorageDirectory Storage Directory /home/runner/work/ozone/ozone/hadoop-ozone/integration-test/target/test-dir/MiniOzoneClusterImpl-3ca4de4a-72c8-4c23-a990-0556c1b2e11a/datanode-6/data/ratis/7eab0d13-f1ae-4404-aa34-4a1627a7e140
2022-11-24 06:39:08,852 [Command processor thread] INFO  commandhandler.ClosePipelineCommandHandler (ClosePipelineCommandHandler.java:handle(78)) - Close Pipeline PipelineID=7eab0d13-f1ae-4404-aa34-4a1627a7e140 command on datanode 8af73eb1-79e8-42bd-81b7-d22b4389184f.
2022-11-24 06:39:08,852 [Command processor thread] INFO  server.RaftServer (RaftServerProxy.java:remove(107)) - 8af73eb1-79e8-42bd-81b7-d22b4389184f: remove  FOLLOWER 8af73eb1-79e8-42bd-81b7-d22b4389184f@group-4EC97286DCBF:t0, leader=null, voted=, raftlog=Memoized:8af73eb1-79e8-42bd-81b7-d22b4389184f@group-4EC97286DCBF-SegmentedRaftLog:OPENED:c-1, conf=-1: peers:[]|listeners:[], old=null STARTING
2022-11-24 06:39:08,852 [Command processor thread] INFO  server.RaftServer$Division (RaftServerImpl.java:lambda$close$4(458)) - 8af73eb1-79e8-42bd-81b7-d22b4389184f@group-4EC97286DCBF: shutdown
2022-11-24 06:39:08,853 [Command processor thread] INFO  util.JmxRegister (JmxRegister.java:unregister(73)) - Successfully un-registered JMX Bean with object name Ratis:service=RaftServer,group=group-4EC97286DCBF,id=8af73eb1-79e8-42bd-81b7-d22b4389184f
2022-11-24 06:39:08,853 [Command processor thread] INFO  impl.StateMachineUpdater (StateMachineUpdater.java:stopAndJoin(153)) - 8af73eb1-79e8-42bd-81b7-d22b4389184f@group-4EC97286DCBF-StateMachineUpdater: set stopIndex = -1
2022-11-24 06:39:08,853 [Command processor thread] INFO  server.RaftServer$Division (ServerState.java:close(466)) - 8af73eb1-79e8-42bd-81b7-d22b4389184f@group-4EC97286DCBF: closes. applyIndex: -1
2022-11-24 06:39:08,853 [8af73eb1-79e8-42bd-81b7-d22b4389184f@group-4EC97286DCBF-SegmentedRaftLogWorker] INFO  segmented.SegmentedRaftLogWorker (SegmentedRaftLogWorker.java:run(345)) - 8af73eb1-79e8-42bd-81b7-d22b4389184f@group-4EC97286DCBF-SegmentedRaftLogWorker was interrupted, exiting. There are 0 tasks remaining in the queue.
2022-11-24 06:39:08,853 [Command processor thread] INFO  segmented.SegmentedRaftLogWorker (SegmentedRaftLogWorker.java:close(255)) - 8af73eb1-79e8-42bd-81b7-d22b4389184f@group-4EC97286DCBF-SegmentedRaftLogWorker close()
2022-11-24 06:39:08,857 [Command processor thread] INFO  server.RaftServer$Division (RaftServerImpl.java:groupRemove(428)) - 8af73eb1-79e8-42bd-81b7-d22b4389184f@group-4EC97286DCBF: Succeed to remove RaftStorageDirectory Storage Directory /home/runner/work/ozone/ozone/hadoop-ozone/integration-test/target/test-dir/MiniOzoneClusterImpl-3ca4de4a-72c8-4c23-a990-0556c1b2e11a/datanode-6/data/ratis/3cb81546-a1e4-4674-93a2-4ec97286dcbf
2022-11-24 06:39:08,857 [Command processor thread] INFO  commandhandler.ClosePipelineCommandHandler (ClosePipelineCommandHandler.java:handle(78)) - Close Pipeline PipelineID=3cb81546-a1e4-4674-93a2-4ec97286dcbf command on datanode 8af73eb1-79e8-42bd-81b7-d22b4389184f.
2022-11-24 06:39:08,859 [pool-400-thread-1] INFO  server.RaftServer$Division (RaftServerImpl.java:<init>(195)) - 8af73eb1-79e8-42bd-81b7-d22b4389184f: new RaftServerImpl for group-039C2E77FC58:[8af73eb1-79e8-42bd-81b7-d22b4389184f|rpc:10.1.1.33:44141|priority:1|startupRole:FOLLOWER] with ContainerStateMachine:uninitialized
2022-11-24 06:39:08,859 [pool-400-thread-1] INFO  server.RaftServerConfigKeys (ConfUtils.java:logGet(46)) - raft.server.rpc.timeout.min = 5s (custom)
2022-11-24 06:39:08,859 [pool-400-thread-1] INFO  server.RaftServerConfigKeys (ConfUtils.java:logGet(46)) - raft.server.rpc.timeout.max = 5200ms (custom)
2022-11-24 06:39:08,859 [pool-400-thread-1] INFO  server.RaftServerConfigKeys (ConfUtils.java:logGet(46)) - raft.server.rpc.sleep.time = 25ms (default)
2022-11-24 06:39:08,859 [pool-400-thread-1] INFO  server.RaftServerConfigKeys (ConfUtils.java:logGet(46)) - raft.server.rpc.slowness.timeout = 300s (custom)
2022-11-24 06:39:08,859 [pool-400-thread-1] INFO  server.RaftServerConfigKeys (ConfUtils.java:logGet(46)) - raft.server.leaderelection.leader.step-down.wait-time = 10s (default)
2022-11-24 06:39:08,859 [pool-400-thread-1] INFO  server.RaftServerConfigKeys (ConfUtils.java:logGet(46)) - raft.server.sleep.deviation.threshold = 300ms (default)
2022-11-24 06:39:08,859 [pool-400-thread-1] INFO  server.RaftServer$Division (ServerState.java:<init>(118)) - 8af73eb1-79e8-42bd-81b7-d22b4389184f@group-039C2E77FC58: ConfigurationManager, init=-1: peers:[8af73eb1-79e8-42bd-81b7-d22b4389184f|rpc:10.1.1.33:44141|priority:1|startupRole:FOLLOWER]|listeners:[], old=null, confs=<EMPTY_MAP>
2022-11-24 06:39:08,859 [pool-400-thread-1] INFO  server.RaftServerConfigKeys (ConfUtils.java:logGet(46)) - raft.server.storage.dir = [/home/runner/work/ozone/ozone/hadoop-ozone/integration-test/target/test-dir/MiniOzoneClusterImpl-3ca4de4a-72c8-4c23-a990-0556c1b2e11a/datanode-6/data/ratis] (custom)
2022-11-24 06:39:08,859 [pool-400-thread-1] INFO  server.RaftServerConfigKeys (ConfUtils.java:logGet(46)) - raft.server.log.corruption.policy = EXCEPTION (default)
2022-11-24 06:39:08,859 [pool-400-thread-1] INFO  server.RaftServerConfigKeys (ConfUtils.java:logGet(46)) - raft.server.storage.free-space.min = 0MB (=0) (default)
2022-11-24 06:39:08,860 [pool-400-thread-1] INFO  server.RaftServerConfigKeys (ConfUtils.java:logGet(46)) - raft.server.notification.no-leader.timeout = 300s (custom)
2022-11-24 06:39:08,860 [pool-400-thread-1] INFO  server.RaftServerConfigKeys (ConfUtils.java:logGet(46)) - raft.server.retrycache.expirytime = 600000ms (custom)
2022-11-24 06:39:08,860 [pool-400-thread-1] INFO  server.RaftServerConfigKeys (ConfUtils.java:logGet(46)) - raft.server.retrycache.statistics.expirytime = 100μs (default)
2022-11-24 06:39:08,861 [pool-400-thread-1] INFO  server.RaftServerConfigKeys (ConfUtils.java:logGet(46)) - raft.server.log.appender.install.snapshot.enabled = false (custom)
2022-11-24 06:39:08,861 [pool-400-thread-1] INFO  server.RaftServerConfigKeys (ConfUtils.java:logGet(46)) - raft.server.threadpool.server.cached = true (default)
2022-11-24 06:39:08,861 [pool-400-thread-1] INFO  server.RaftServerConfigKeys (ConfUtils.java:logGet(46)) - raft.server.threadpool.server.size = 0 (default)
2022-11-24 06:39:08,861 [pool-400-thread-1] INFO  server.RaftServerConfigKeys (ConfUtils.java:logGet(46)) - raft.server.threadpool.client.cached = true (default)
2022-11-24 06:39:08,861 [pool-400-thread-1] INFO  server.RaftServerConfigKeys (ConfUtils.java:logGet(46)) - raft.server.threadpool.client.size = 0 (default)
2022-11-24 06:39:08,861 [Command processor thread] INFO  server.RaftServer (RaftServerProxy.java:addNew(96)) - 8af73eb1-79e8-42bd-81b7-d22b4389184f: addNew group-039C2E77FC58:[8af73eb1-79e8-42bd-81b7-d22b4389184f|rpc:10.1.1.33:44141|priority:1|startupRole:FOLLOWER] returns      null 8af73eb1-79e8-42bd-81b7-d22b4389184f@group-039C2E77FC58:t0, leader=null, voted=null, raftlog=UNINITIALIZED, conf=-1: peers:[8af73eb1-79e8-42bd-81b7-d22b4389184f|rpc:10.1.1.33:44141|priority:1|startupRole:FOLLOWER]|listeners:[], old=null NEW
2022-11-24 06:39:08,861 [pool-400-thread-1] INFO  storage.RaftStorageDirectory (RaftStorageDirectoryImpl.java:analyzeStorage(137)) - The storage directory /home/runner/work/ozone/ozone/hadoop-ozone/integration-test/target/test-dir/MiniOzoneClusterImpl-3ca4de4a-72c8-4c23-a990-0556c1b2e11a/datanode-6/data/ratis/86ffadfe-6c15-4c4b-8c67-039c2e77fc58 does not exist. Creating ...
2022-11-24 06:39:08,863 [pool-400-thread-1] INFO  storage.RaftStorageDirectory (RaftStorageDirectoryImpl.java:tryLock(231)) - Lock on /home/runner/work/ozone/ozone/hadoop-ozone/integration-test/target/test-dir/MiniOzoneClusterImpl-3ca4de4a-72c8-4c23-a990-0556c1b2e11a/datanode-6/data/ratis/86ffadfe-6c15-4c4b-8c67-039c2e77fc58/in_use.lock acquired by nodename 14982@fv-az453-211
2022-11-24 06:39:08,865 [pool-400-thread-1] INFO  storage.RaftStorage (RaftStorageImpl.java:format(96)) - Storage directory /home/runner/work/ozone/ozone/hadoop-ozone/integration-test/target/test-dir/MiniOzoneClusterImpl-3ca4de4a-72c8-4c23-a990-0556c1b2e11a/datanode-6/data/ratis/86ffadfe-6c15-4c4b-8c67-039c2e77fc58 has been successfully formatted.
2022-11-24 06:39:08,866 [pool-400-thread-1] INFO  ratis.ContainerStateMachine (ContainerStateMachine.java:loadSnapshot(236)) - group-039C2E77FC58: The snapshot info is null. Setting the last applied indexto:(t:0, i:~)
2022-11-24 06:39:08,866 [pool-400-thread-1] INFO  server.RaftServerConfigKeys (ConfUtils.java:logGet(46)) - raft.server.log.use.memory = false (default)
2022-11-24 06:39:08,866 [pool-400-thread-1] INFO  server.RaftServerConfigKeys (ConfUtils.java:logGet(46)) - raft.server.log.purge.gap = 1000000 (custom)
2022-11-24 06:39:08,866 [EventQueue-PipelineReportForPipelineReportHandler] INFO  pipeline.PipelineManagerImpl (PipelineManagerImpl.java:openPipeline(367)) - Pipeline Pipeline[ Id: 86ffadfe-6c15-4c4b-8c67-039c2e77fc58, Nodes: 8af73eb1-79e8-42bd-81b7-d22b4389184f{ip: 10.1.1.33, host: fv-az453-211.hss2zji4abbufegd5wcf2so25h.dx.internal.cloudapp.net, ports: [REPLICATION=36185, RATIS=44141, RATIS_ADMIN=44141, RATIS_SERVER=44141, STANDALONE=36899], networkLocation: /default-rack, certSerialId: null, persistedOpState: IN_SERVICE, persistedOpStateExpiryEpochSec: 0}, ReplicationConfig: RATIS/ONE, State:ALLOCATED, leaderId:8af73eb1-79e8-42bd-81b7-d22b4389184f, CreationTimestamp2022-11-24T06:39:08.025Z[Etc/UTC]] moved to OPEN state
2022-11-24 06:39:08,867 [pool-400-thread-1] INFO  server.RaftServerConfigKeys (ConfUtils.java:logGet(46)) - raft.server.log.appender.buffer.byte-limit = 33554432 (custom)
2022-11-24 06:39:08,867 [pool-400-thread-1] INFO  server.RaftServerConfigKeys (ConfUtils.java:logGet(46)) - raft.server.log.statemachine.data.read.timeout = 1000ms (default)
2022-11-24 06:39:08,867 [pool-400-thread-1] INFO  server.RaftServerConfigKeys (ConfUtils.java:logGet(46)) - raft.server.log.purge.preservation.log.num = 0 (default)
2022-11-24 06:39:08,868 [pool-400-thread-1] INFO  server.RaftServerConfigKeys (ConfUtils.java:logGet(46)) - raft.server.log.segment.size.max = 1048576 (custom)
2022-11-24 06:39:08,868 [pool-400-thread-1] INFO  server.RaftServerConfigKeys (ConfUtils.java:logGet(46)) - raft.server.log.segment.cache.num.max = 2 (custom)
2022-11-24 06:39:08,868 [pool-400-thread-1] INFO  server.RaftServerConfigKeys (ConfUtils.java:logGet(46)) - raft.server.log.segment.cache.size.max = 200MB (=209715200) (default)
2022-11-24 06:39:08,868 [pool-400-thread-1] INFO  segmented.SegmentedRaftLogWorker (SegmentedRaftLogWorker.java:<init>(191)) - new 8af73eb1-79e8-42bd-81b7-d22b4389184f@group-039C2E77FC58-SegmentedRaftLogWorker for RaftStorageImpl:Storage Directory /home/runner/work/ozone/ozone/hadoop-ozone/integration-test/target/test-dir/MiniOzoneClusterImpl-3ca4de4a-72c8-4c23-a990-0556c1b2e11a/datanode-6/data/ratis/86ffadfe-6c15-4c4b-8c67-039c2e77fc58
2022-11-24 06:39:08,868 [pool-400-thread-1] INFO  server.RaftServerConfigKeys (ConfUtils.java:logGet(46)) - raft.server.log.queue.byte-limit = 4294967296 (custom)
2022-11-24 06:39:08,868 [pool-400-thread-1] INFO  server.RaftServerConfigKeys (ConfUtils.java:logGet(46)) - raft.server.log.queue.element-limit = 1024 (custom)
2022-11-24 06:39:08,868 [pool-400-thread-1] INFO  server.RaftServerConfigKeys (ConfUtils.java:logGet(46)) - raft.server.log.segment.size.max = 1048576 (custom)
2022-11-24 06:39:08,868 [pool-400-thread-1] INFO  server.RaftServerConfigKeys (ConfUtils.java:logGet(46)) - raft.server.log.preallocated.size = 16384 (custom)
2022-11-24 06:39:08,868 [pool-400-thread-1] INFO  server.RaftServerConfigKeys (ConfUtils.java:logGet(46)) - raft.server.log.force.sync.num = 128 (default)
2022-11-24 06:39:08,869 [pool-400-thread-1] INFO  server.RaftServerConfigKeys (ConfUtils.java:logGet(46)) - raft.server.log.statemachine.data.sync = true (default)
2022-11-24 06:39:08,869 [pool-400-thread-1] INFO  server.RaftServerConfigKeys (ConfUtils.java:logGet(46)) - raft.server.log.statemachine.data.sync.timeout = 10s (default)
2022-11-24 06:39:08,869 [pool-400-thread-1] INFO  server.RaftServerConfigKeys (ConfUtils.java:logGet(46)) - raft.server.log.statemachine.data.sync.timeout.retry = -1 (default)
2022-11-24 06:39:08,870 [pool-400-thread-1] INFO  server.RaftServerConfigKeys (ConfUtils.java:logGet(46)) - raft.server.log.write.buffer.size = 1048576 (custom)
2022-11-24 06:39:08,870 [pool-400-thread-1] INFO  server.RaftServerConfigKeys (ConfUtils.java:logGet(46)) - raft.server.log.unsafe-flush.enabled = false (default)
2022-11-24 06:39:08,870 [pool-400-thread-1] INFO  server.RaftServerConfigKeys (ConfUtils.java:logGet(46)) - raft.server.log.async-flush.enabled = false (default)
2022-11-24 06:39:08,870 [pool-400-thread-1] INFO  server.RaftServerConfigKeys (ConfUtils.java:logGet(46)) - raft.server.log.statemachine.data.caching.enabled = true (custom)
2022-11-24 06:39:08,871 [pool-400-thread-1] INFO  segmented.SegmentedRaftLogWorker (SegmentedRaftLogWorker.java:lambda$new$0(136)) - 8af73eb1-79e8-42bd-81b7-d22b4389184f@group-039C2E77FC58-SegmentedRaftLogWorker: flushIndex: setUnconditionally 0 -> -1
2022-11-24 06:39:08,871 [pool-400-thread-1] INFO  segmented.SegmentedRaftLogWorker (SegmentedRaftLogWorker.java:lambda$new$0(136)) - 8af73eb1-79e8-42bd-81b7-d22b4389184f@group-039C2E77FC58-SegmentedRaftLogWorker: safeCacheEvictIndex: setUnconditionally 0 -> -1
2022-11-24 06:39:08,874 [pool-400-thread-1] INFO  server.RaftServer$Division (RaftServerImpl.java:start(334)) - 8af73eb1-79e8-42bd-81b7-d22b4389184f@group-039C2E77FC58: start as a follower, conf=-1: peers:[8af73eb1-79e8-42bd-81b7-d22b4389184f|rpc:10.1.1.33:44141|priority:1|startupRole:FOLLOWER]|listeners:[], old=null
2022-11-24 06:39:08,874 [pool-400-thread-1] INFO  server.RaftServer$Division (RaftServerImpl.java:setRole(321)) - 8af73eb1-79e8-42bd-81b7-d22b4389184f@group-039C2E77FC58: changes role from      null to FOLLOWER at term 0 for startAsFollower
2022-11-24 06:39:08,874 [pool-400-thread-1] INFO  impl.RoleInfo (RoleInfo.java:updateAndGet(139)) - 8af73eb1-79e8-42bd-81b7-d22b4389184f: start 8af73eb1-79e8-42bd-81b7-d22b4389184f@group-039C2E77FC58-FollowerState
2022-11-24 06:39:08,883 [8af73eb1-79e8-42bd-81b7-d22b4389184f@group-039C2E77FC58-FollowerState] INFO  server.RaftServerConfigKeys (ConfUtils.java:logFallback(53)) - raft.server.rpc.first-election.timeout.min = 5s (fallback to raft.server.rpc.timeout.min)
2022-11-24 06:39:08,884 [pool-400-thread-1] INFO  util.JmxRegister (JmxRegister.java:tryRegister(44)) - Successfully registered JMX Bean with object name Ratis:service=RaftServer,group=group-039C2E77FC58,id=8af73eb1-79e8-42bd-81b7-d22b4389184f
2022-11-24 06:39:08,884 [8af73eb1-79e8-42bd-81b7-d22b4389184f@group-039C2E77FC58-FollowerState] INFO  server.RaftServerConfigKeys (ConfUtils.java:logFallback(53)) - raft.server.rpc.first-election.timeout.max = 5200ms (fallback to raft.server.rpc.timeout.max)
2022-11-24 06:39:08,884 [pool-400-thread-1] INFO  server.RaftServerConfigKeys (ConfUtils.java:logGet(46)) - raft.server.snapshot.auto.trigger.enabled = true (custom)
2022-11-24 06:39:08,884 [pool-400-thread-1] INFO  server.RaftServerConfigKeys (ConfUtils.java:logGet(46)) - raft.server.snapshot.auto.trigger.threshold = 10000 (custom)
2022-11-24 06:39:08,884 [pool-400-thread-1] INFO  server.RaftServerConfigKeys (ConfUtils.java:logGet(46)) - raft.server.snapshot.retention.file.num = 5 (custom)
2022-11-24 06:39:08,884 [pool-400-thread-1] INFO  server.RaftServerConfigKeys (ConfUtils.java:logGet(46)) - raft.server.log.purge.upto.snapshot.index = false (default)
2022-11-24 06:39:08,886 [Command processor thread] INFO  ratis.XceiverServerRatis (XceiverServerRatis.java:addGroup(765)) - Created group PipelineID=86ffadfe-6c15-4c4b-8c67-039c2e77fc58
2022-11-24 06:39:08,886 [Command processor thread] INFO  commandhandler.CreatePipelineCommandHandler (CreatePipelineCommandHandler.java:handle(113)) - Created Pipeline RATIS ONE PipelineID=86ffadfe-6c15-4c4b-8c67-039c2e77fc58.
2022-11-24 06:39:08,887 [Command processor thread] INFO  server.RaftServer (RaftServerProxy.java:addNew(96)) - 8af73eb1-79e8-42bd-81b7-d22b4389184f: addNew group-A067BC3D260C:[4949dc81-86be-4926-96a6-534c5c5588ca|rpc:10.1.1.33:45371|priority:1|startupRole:FOLLOWER, 8af73eb1-79e8-42bd-81b7-d22b4389184f|rpc:10.1.1.33:44141|priority:0|startupRole:FOLLOWER, c8bfac46-0061-4906-a354-59c2fa211c25|rpc:10.1.1.33:41215|priority:0|startupRole:FOLLOWER] returns group-A067BC3D260C:java.util.concurrent.CompletableFuture@2cf87337[Not completed]
2022-11-24 06:39:08,888 [pool-400-thread-1] INFO  server.RaftServer$Division (RaftServerImpl.java:<init>(195)) - 8af73eb1-79e8-42bd-81b7-d22b4389184f: new RaftServerImpl for group-A067BC3D260C:[4949dc81-86be-4926-96a6-534c5c5588ca|rpc:10.1.1.33:45371|priority:1|startupRole:FOLLOWER, 8af73eb1-79e8-42bd-81b7-d22b4389184f|rpc:10.1.1.33:44141|priority:0|startupRole:FOLLOWER, c8bfac46-0061-4906-a354-59c2fa211c25|rpc:10.1.1.33:41215|priority:0|startupRole:FOLLOWER] with ContainerStateMachine:uninitialized
2022-11-24 06:39:08,888 [pool-400-thread-1] INFO  server.RaftServerConfigKeys (ConfUtils.java:logGet(46)) - raft.server.rpc.timeout.min = 5s (custom)
2022-11-24 06:39:08,888 [pool-400-thread-1] INFO  server.RaftServerConfigKeys (ConfUtils.java:logGet(46)) - raft.server.rpc.timeout.max = 5200ms (custom)
2022-11-24 06:39:08,888 [pool-400-thread-1] INFO  server.RaftServerConfigKeys (ConfUtils.java:logGet(46)) - raft.server.rpc.sleep.time = 25ms (default)
2022-11-24 06:39:08,888 [pool-400-thread-1] INFO  server.RaftServerConfigKeys (ConfUtils.java:logGet(46)) - raft.server.rpc.slowness.timeout = 300s (custom)
2022-11-24 06:39:08,888 [pool-400-thread-1] INFO  server.RaftServerConfigKeys (ConfUtils.java:logGet(46)) - raft.server.leaderelection.leader.step-down.wait-time = 10s (default)
2022-11-24 06:39:08,888 [pool-400-thread-1] INFO  server.RaftServerConfigKeys (ConfUtils.java:logGet(46)) - raft.server.sleep.deviation.threshold = 300ms (default)
2022-11-24 06:39:08,889 [pool-400-thread-1] INFO  server.RaftServer$Division (ServerState.java:<init>(118)) - 8af73eb1-79e8-42bd-81b7-d22b4389184f@group-A067BC3D260C: ConfigurationManager, init=-1: peers:[4949dc81-86be-4926-96a6-534c5c5588ca|rpc:10.1.1.33:45371|priority:1|startupRole:FOLLOWER, 8af73eb1-79e8-42bd-81b7-d22b4389184f|rpc:10.1.1.33:44141|priority:0|startupRole:FOLLOWER, c8bfac46-0061-4906-a354-59c2fa211c25|rpc:10.1.1.33:41215|priority:0|startupRole:FOLLOWER]|listeners:[], old=null, confs=<EMPTY_MAP>
2022-11-24 06:39:08,889 [pool-400-thread-1] INFO  server.RaftServerConfigKeys (ConfUtils.java:logGet(46)) - raft.server.storage.dir = [/home/runner/work/ozone/ozone/hadoop-ozone/integration-test/target/test-dir/MiniOzoneClusterImpl-3ca4de4a-72c8-4c23-a990-0556c1b2e11a/datanode-6/data/ratis] (custom)
2022-11-24 06:39:08,889 [pool-400-thread-1] INFO  server.RaftServerConfigKeys (ConfUtils.java:logGet(46)) - raft.server.log.corruption.policy = EXCEPTION (default)
2022-11-24 06:39:08,889 [pool-400-thread-1] INFO  server.RaftServerConfigKeys (ConfUtils.java:logGet(46)) - raft.server.storage.free-space.min = 0MB (=0) (default)
2022-11-24 06:39:08,889 [pool-400-thread-1] INFO  server.RaftServerConfigKeys (ConfUtils.java:logGet(46)) - raft.server.notification.no-leader.timeout = 300s (custom)
2022-11-24 06:39:08,889 [pool-400-thread-1] INFO  server.RaftServerConfigKeys (ConfUtils.java:logGet(46)) - raft.server.retrycache.expirytime = 600000ms (custom)
2022-11-24 06:39:08,889 [pool-400-thread-1] INFO  server.RaftServerConfigKeys (ConfUtils.java:logGet(46)) - raft.server.retrycache.statistics.expirytime = 100μs (default)
2022-11-24 06:39:08,890 [pool-400-thread-1] INFO  server.RaftServerConfigKeys (ConfUtils.java:logGet(46)) - raft.server.log.appender.install.snapshot.enabled = false (custom)
2022-11-24 06:39:08,890 [pool-400-thread-1] INFO  server.RaftServerConfigKeys (ConfUtils.java:logGet(46)) - raft.server.threadpool.server.cached = true (default)
2022-11-24 06:39:08,890 [pool-400-thread-1] INFO  server.RaftServerConfigKeys (ConfUtils.java:logGet(46)) - raft.server.threadpool.server.size = 0 (default)
2022-11-24 06:39:08,890 [pool-400-thread-1] INFO  server.RaftServerConfigKeys (ConfUtils.java:logGet(46)) - raft.server.threadpool.client.cached = true (default)
2022-11-24 06:39:08,890 [pool-400-thread-1] INFO  server.RaftServerConfigKeys (ConfUtils.java:logGet(46)) - raft.server.threadpool.client.size = 0 (default)
2022-11-24 06:39:08,891 [pool-400-thread-1] INFO  storage.RaftStorageDirectory (RaftStorageDirectoryImpl.java:analyzeStorage(137)) - The storage directory /home/runner/work/ozone/ozone/hadoop-ozone/integration-test/target/test-dir/MiniOzoneClusterImpl-3ca4de4a-72c8-4c23-a990-0556c1b2e11a/datanode-6/data/ratis/0b0d9a62-1108-4899-9c7e-a067bc3d260c does not exist. Creating ...
2022-11-24 06:39:08,892 [pool-400-thread-1] INFO  storage.RaftStorageDirectory (RaftStorageDirectoryImpl.java:tryLock(231)) - Lock on /home/runner/work/ozone/ozone/hadoop-ozone/integration-test/target/test-dir/MiniOzoneClusterImpl-3ca4de4a-72c8-4c23-a990-0556c1b2e11a/datanode-6/data/ratis/0b0d9a62-1108-4899-9c7e-a067bc3d260c/in_use.lock acquired by nodename 14982@fv-az453-211
2022-11-24 06:39:08,893 [pool-400-thread-1] INFO  storage.RaftStorage (RaftStorageImpl.java:format(96)) - Storage directory /home/runner/work/ozone/ozone/hadoop-ozone/integration-test/target/test-dir/MiniOzoneClusterImpl-3ca4de4a-72c8-4c23-a990-0556c1b2e11a/datanode-6/data/ratis/0b0d9a62-1108-4899-9c7e-a067bc3d260c has been successfully formatted.
2022-11-24 06:39:08,896 [pool-400-thread-1] INFO  ratis.ContainerStateMachine (ContainerStateMachine.java:loadSnapshot(236)) - group-A067BC3D260C: The snapshot info is null. Setting the last applied indexto:(t:0, i:~)
2022-11-24 06:39:08,896 [pool-400-thread-1] INFO  server.RaftServerConfigKeys (ConfUtils.java:logGet(46)) - raft.server.log.use.memory = false (default)
2022-11-24 06:39:08,896 [pool-400-thread-1] INFO  server.RaftServerConfigKeys (ConfUtils.java:logGet(46)) - raft.server.log.purge.gap = 1000000 (custom)
2022-11-24 06:39:08,896 [pool-400-thread-1] INFO  server.RaftServerConfigKeys (ConfUtils.java:logGet(46)) - raft.server.log.appender.buffer.byte-limit = 33554432 (custom)
2022-11-24 06:39:08,896 [pool-400-thread-1] INFO  server.RaftServerConfigKeys (ConfUtils.java:logGet(46)) - raft.server.log.statemachine.data.read.timeout = 1000ms (default)
2022-11-24 06:39:08,896 [pool-400-thread-1] INFO  server.RaftServerConfigKeys (ConfUtils.java:logGet(46)) - raft.server.log.purge.preservation.log.num = 0 (default)
2022-11-24 06:39:08,896 [pool-400-thread-1] INFO  server.RaftServerConfigKeys (ConfUtils.java:logGet(46)) - raft.server.log.segment.size.max = 1048576 (custom)
2022-11-24 06:39:08,897 [pool-400-thread-1] INFO  server.RaftServerConfigKeys (ConfUtils.java:logGet(46)) - raft.server.log.segment.cache.num.max = 2 (custom)
2022-11-24 06:39:08,897 [pool-400-thread-1] INFO  server.RaftServerConfigKeys (ConfUtils.java:logGet(46)) - raft.server.log.segment.cache.size.max = 200MB (=209715200) (default)
2022-11-24 06:39:08,897 [pool-400-thread-1] INFO  segmented.SegmentedRaftLogWorker (SegmentedRaftLogWorker.java:<init>(191)) - new 8af73eb1-79e8-42bd-81b7-d22b4389184f@group-A067BC3D260C-SegmentedRaftLogWorker for RaftStorageImpl:Storage Directory /home/runner/work/ozone/ozone/hadoop-ozone/integration-test/target/test-dir/MiniOzoneClusterImpl-3ca4de4a-72c8-4c23-a990-0556c1b2e11a/datanode-6/data/ratis/0b0d9a62-1108-4899-9c7e-a067bc3d260c
2022-11-24 06:39:08,897 [pool-400-thread-1] INFO  server.RaftServerConfigKeys (ConfUtils.java:logGet(46)) - raft.server.log.queue.byte-limit = 4294967296 (custom)
2022-11-24 06:39:08,897 [pool-400-thread-1] INFO  server.RaftServerConfigKeys (ConfUtils.java:logGet(46)) - raft.server.log.queue.element-limit = 1024 (custom)
2022-11-24 06:39:08,897 [pool-400-thread-1] INFO  server.RaftServerConfigKeys (ConfUtils.java:logGet(46)) - raft.server.log.segment.size.max = 1048576 (custom)
2022-11-24 06:39:08,897 [pool-400-thread-1] INFO  server.RaftServerConfigKeys (ConfUtils.java:logGet(46)) - raft.server.log.preallocated.size = 16384 (custom)
2022-11-24 06:39:08,897 [pool-400-thread-1] INFO  server.RaftServerConfigKeys (ConfUtils.java:logGet(46)) - raft.server.log.force.sync.num = 128 (default)
2022-11-24 06:39:08,898 [pool-400-thread-1] INFO  server.RaftServerConfigKeys (ConfUtils.java:logGet(46)) - raft.server.log.statemachine.data.sync = true (default)
2022-11-24 06:39:08,898 [pool-400-thread-1] INFO  server.RaftServerConfigKeys (ConfUtils.java:logGet(46)) - raft.server.log.statemachine.data.sync.timeout = 10s (default)
2022-11-24 06:39:08,898 [pool-400-thread-1] INFO  server.RaftServerConfigKeys (ConfUtils.java:logGet(46)) - raft.server.log.statemachine.data.sync.timeout.retry = -1 (default)
2022-11-24 06:39:08,898 [pool-400-thread-1] INFO  server.RaftServerConfigKeys (ConfUtils.java:logGet(46)) - raft.server.log.write.buffer.size = 1048576 (custom)
2022-11-24 06:39:08,899 [pool-400-thread-1] INFO  server.RaftServerConfigKeys (ConfUtils.java:logGet(46)) - raft.server.log.unsafe-flush.enabled = false (default)
2022-11-24 06:39:08,900 [pool-400-thread-1] INFO  server.RaftServerConfigKeys (ConfUtils.java:logGet(46)) - raft.server.log.async-flush.enabled = false (default)
2022-11-24 06:39:08,900 [pool-400-thread-1] INFO  server.RaftServerConfigKeys (ConfUtils.java:logGet(46)) - raft.server.log.statemachine.data.caching.enabled = true (custom)
2022-11-24 06:39:08,900 [pool-400-thread-1] INFO  segmented.SegmentedRaftLogWorker (SegmentedRaftLogWorker.java:lambda$new$0(136)) - 8af73eb1-79e8-42bd-81b7-d22b4389184f@group-A067BC3D260C-SegmentedRaftLogWorker: flushIndex: setUnconditionally 0 -> -1
2022-11-24 06:39:08,900 [pool-400-thread-1] INFO  segmented.SegmentedRaftLogWorker (SegmentedRaftLogWorker.java:lambda$new$0(136)) - 8af73eb1-79e8-42bd-81b7-d22b4389184f@group-A067BC3D260C-SegmentedRaftLogWorker: safeCacheEvictIndex: setUnconditionally 0 -> -1
2022-11-24 06:39:08,901 [pool-400-thread-1] INFO  server.RaftServer$Division (RaftServerImpl.java:start(334)) - 8af73eb1-79e8-42bd-81b7-d22b4389184f@group-A067BC3D260C: start as a follower, conf=-1: peers:[4949dc81-86be-4926-96a6-534c5c5588ca|rpc:10.1.1.33:45371|priority:1|startupRole:FOLLOWER, 8af73eb1-79e8-42bd-81b7-d22b4389184f|rpc:10.1.1.33:44141|priority:0|startupRole:FOLLOWER, c8bfac46-0061-4906-a354-59c2fa211c25|rpc:10.1.1.33:41215|priority:0|startupRole:FOLLOWER]|listeners:[], old=null
2022-11-24 06:39:08,901 [pool-400-thread-1] INFO  server.RaftServer$Division (RaftServerImpl.java:setRole(321)) - 8af73eb1-79e8-42bd-81b7-d22b4389184f@group-A067BC3D260C: changes role from      null to FOLLOWER at term 0 for startAsFollower
2022-11-24 06:39:08,901 [pool-400-thread-1] INFO  impl.RoleInfo (RoleInfo.java:updateAndGet(139)) - 8af73eb1-79e8-42bd-81b7-d22b4389184f: start 8af73eb1-79e8-42bd-81b7-d22b4389184f@group-A067BC3D260C-FollowerState
2022-11-24 06:39:08,902 [8af73eb1-79e8-42bd-81b7-d22b4389184f@group-A067BC3D260C-FollowerState] INFO  server.RaftServerConfigKeys (ConfUtils.java:logFallback(53)) - raft.server.rpc.first-election.timeout.min = 5s (fallback to raft.server.rpc.timeout.min)
2022-11-24 06:39:08,902 [pool-400-thread-1] INFO  util.JmxRegister (JmxRegister.java:tryRegister(44)) - Successfully registered JMX Bean with object name Ratis:service=RaftServer,group=group-A067BC3D260C,id=8af73eb1-79e8-42bd-81b7-d22b4389184f
2022-11-24 06:39:08,902 [8af73eb1-79e8-42bd-81b7-d22b4389184f@group-A067BC3D260C-FollowerState] INFO  server.RaftServerConfigKeys (ConfUtils.java:logFallback(53)) - raft.server.rpc.first-election.timeout.max = 5200ms (fallback to raft.server.rpc.timeout.max)
2022-11-24 06:39:08,902 [pool-400-thread-1] INFO  server.RaftServerConfigKeys (ConfUtils.java:logGet(46)) - raft.server.snapshot.auto.trigger.enabled = true (custom)
2022-11-24 06:39:08,902 [pool-400-thread-1] INFO  server.RaftServerConfigKeys (ConfUtils.java:logGet(46)) - raft.server.snapshot.auto.trigger.threshold = 10000 (custom)
2022-11-24 06:39:08,902 [pool-400-thread-1] INFO  server.RaftServerConfigKeys (ConfUtils.java:logGet(46)) - raft.server.snapshot.retention.file.num = 5 (custom)
2022-11-24 06:39:08,902 [pool-400-thread-1] INFO  server.RaftServerConfigKeys (ConfUtils.java:logGet(46)) - raft.server.log.purge.upto.snapshot.index = false (default)
2022-11-24 06:39:08,903 [Listener at 127.0.0.1/43781] INFO  replication.ReplicationManager (ReplicationManager.java:start(251)) - Starting Replication Monitor Thread.
2022-11-24 06:39:08,904 [Command processor thread] INFO  ratis.XceiverServerRatis (XceiverServerRatis.java:addGroup(765)) - Created group PipelineID=0b0d9a62-1108-4899-9c7e-a067bc3d260c
2022-11-24 06:39:08,906 [Under Replicated Processor] INFO  replication.UnderReplicatedProcessor (UnderReplicatedProcessor.java:processAll(79)) - Processed 0 under replicated containers, failed processing 0
2022-11-24 06:39:08,915 [ReplicationMonitor] INFO  replication.ReplicationManager (ReplicationManager.java:processAll(353)) - Replication Monitor Thread took 1 milliseconds for processing 1 containers.
2022-11-24 06:39:08,919 [grpc-default-executor-2] INFO  server.RaftServer (RaftServerProxy.java:addNew(96)) - 4949dc81-86be-4926-96a6-534c5c5588ca: addNew group-A067BC3D260C:[4949dc81-86be-4926-96a6-534c5c5588ca|rpc:10.1.1.33:45371|dataStream:|priority:1|startupRole:FOLLOWER, 8af73eb1-79e8-42bd-81b7-d22b4389184f|rpc:10.1.1.33:44141|dataStream:|priority:0|startupRole:FOLLOWER, c8bfac46-0061-4906-a354-59c2fa211c25|rpc:10.1.1.33:41215|dataStream:|priority:0|startupRole:FOLLOWER] returns group-A067BC3D260C:java.util.concurrent.CompletableFuture@43208daa[Not completed]
2022-11-24 06:39:08,920 [pool-295-thread-1] INFO  server.RaftServer$Division (RaftServerImpl.java:<init>(195)) - 4949dc81-86be-4926-96a6-534c5c5588ca: new RaftServerImpl for group-A067BC3D260C:[4949dc81-86be-4926-96a6-534c5c5588ca|rpc:10.1.1.33:45371|dataStream:|priority:1|startupRole:FOLLOWER, 8af73eb1-79e8-42bd-81b7-d22b4389184f|rpc:10.1.1.33:44141|dataStream:|priority:0|startupRole:FOLLOWER, c8bfac46-0061-4906-a354-59c2fa211c25|rpc:10.1.1.33:41215|dataStream:|priority:0|startupRole:FOLLOWER] with ContainerStateMachine:uninitialized
2022-11-24 06:39:08,920 [pool-295-thread-1] INFO  server.RaftServerConfigKeys (ConfUtils.java:logGet(46)) - raft.server.rpc.timeout.min = 5s (custom)
2022-11-24 06:39:08,920 [pool-295-thread-1] INFO  server.RaftServerConfigKeys (ConfUtils.java:logGet(46)) - raft.server.rpc.timeout.max = 5200ms (custom)
2022-11-24 06:39:08,920 [pool-295-thread-1] INFO  server.RaftServerConfigKeys (ConfUtils.java:logGet(46)) - raft.server.rpc.sleep.time = 25ms (default)
2022-11-24 06:39:08,920 [pool-295-thread-1] INFO  server.RaftServerConfigKeys (ConfUtils.java:logGet(46)) - raft.server.rpc.slowness.timeout = 300s (custom)
2022-11-24 06:39:08,920 [pool-295-thread-1] INFO  server.RaftServerConfigKeys (ConfUtils.java:logGet(46)) - raft.server.leaderelection.leader.step-down.wait-time = 10s (default)
2022-11-24 06:39:08,920 [pool-295-thread-1] INFO  server.RaftServerConfigKeys (ConfUtils.java:logGet(46)) - raft.server.sleep.deviation.threshold = 300ms (default)
2022-11-24 06:39:08,921 [pool-295-thread-1] INFO  server.RaftServer$Division (ServerState.java:<init>(118)) - 4949dc81-86be-4926-96a6-534c5c5588ca@group-A067BC3D260C: ConfigurationManager, init=-1: peers:[4949dc81-86be-4926-96a6-534c5c5588ca|rpc:10.1.1.33:45371|dataStream:|priority:1|startupRole:FOLLOWER, 8af73eb1-79e8-42bd-81b7-d22b4389184f|rpc:10.1.1.33:44141|dataStream:|priority:0|startupRole:FOLLOWER, c8bfac46-0061-4906-a354-59c2fa211c25|rpc:10.1.1.33:41215|dataStream:|priority:0|startupRole:FOLLOWER]|listeners:[], old=null, confs=<EMPTY_MAP>
2022-11-24 06:39:08,921 [pool-295-thread-1] INFO  server.RaftServerConfigKeys (ConfUtils.java:logGet(46)) - raft.server.storage.dir = [/home/runner/work/ozone/ozone/hadoop-ozone/integration-test/target/test-dir/MiniOzoneClusterImpl-3ca4de4a-72c8-4c23-a990-0556c1b2e11a/datanode-9/data/ratis] (custom)
2022-11-24 06:39:08,921 [pool-295-thread-1] INFO  server.RaftServerConfigKeys (ConfUtils.java:logGet(46)) - raft.server.log.corruption.policy = EXCEPTION (default)
2022-11-24 06:39:08,921 [pool-295-thread-1] INFO  server.RaftServerConfigKeys (ConfUtils.java:logGet(46)) - raft.server.storage.free-space.min = 0MB (=0) (default)
2022-11-24 06:39:08,921 [pool-295-thread-1] INFO  server.RaftServerConfigKeys (ConfUtils.java:logGet(46)) - raft.server.notification.no-leader.timeout = 300s (custom)
2022-11-24 06:39:08,921 [pool-295-thread-1] INFO  server.RaftServerConfigKeys (ConfUtils.java:logGet(46)) - raft.server.retrycache.expirytime = 600000ms (custom)
2022-11-24 06:39:08,921 [pool-295-thread-1] INFO  server.RaftServerConfigKeys (ConfUtils.java:logGet(46)) - raft.server.retrycache.statistics.expirytime = 100μs (default)
2022-11-24 06:39:08,923 [pool-295-thread-1] INFO  server.RaftServerConfigKeys (ConfUtils.java:logGet(46)) - raft.server.log.appender.install.snapshot.enabled = false (custom)
2022-11-24 06:39:08,923 [pool-295-thread-1] INFO  server.RaftServerConfigKeys (ConfUtils.java:logGet(46)) - raft.server.threadpool.server.cached = true (default)
2022-11-24 06:39:08,923 [pool-295-thread-1] INFO  server.RaftServerConfigKeys (ConfUtils.java:logGet(46)) - raft.server.threadpool.server.size = 0 (default)
2022-11-24 06:39:08,923 [pool-295-thread-1] INFO  server.RaftServerConfigKeys (ConfUtils.java:logGet(46)) - raft.server.threadpool.client.cached = true (default)
2022-11-24 06:39:08,923 [pool-295-thread-1] INFO  server.RaftServerConfigKeys (ConfUtils.java:logGet(46)) - raft.server.threadpool.client.size = 0 (default)
2022-11-24 06:39:08,923 [pool-295-thread-1] INFO  storage.RaftStorageDirectory (RaftStorageDirectoryImpl.java:analyzeStorage(137)) - The storage directory /home/runner/work/ozone/ozone/hadoop-ozone/integration-test/target/test-dir/MiniOzoneClusterImpl-3ca4de4a-72c8-4c23-a990-0556c1b2e11a/datanode-9/data/ratis/0b0d9a62-1108-4899-9c7e-a067bc3d260c does not exist. Creating ...
2022-11-24 06:39:08,925 [pool-295-thread-1] INFO  storage.RaftStorageDirectory (RaftStorageDirectoryImpl.java:tryLock(231)) - Lock on /home/runner/work/ozone/ozone/hadoop-ozone/integration-test/target/test-dir/MiniOzoneClusterImpl-3ca4de4a-72c8-4c23-a990-0556c1b2e11a/datanode-9/data/ratis/0b0d9a62-1108-4899-9c7e-a067bc3d260c/in_use.lock acquired by nodename 14982@fv-az453-211
2022-11-24 06:39:08,925 [Over Replicated Processor] INFO  replication.ReplicationManager (ReplicationManager.java:sendDatanodeCommand(414)) - Sending command of type deleteContainerCommand for container ContainerInfo{id=#1, state=CLOSED, pipelineID=PipelineID=be17f3ae-1561-42cb-ba13-fbe109162e5c, stateEnterTime=2022-11-24T06:38:42.998Z, owner=om1} to 8af73eb1-79e8-42bd-81b7-d22b4389184f{ip: 10.1.1.33, host: fv-az453-211.hss2zji4abbufegd5wcf2so25h.dx.internal.cloudapp.net, ports: [REPLICATION=36185, RATIS=44141, RATIS_ADMIN=44141, RATIS_SERVER=44141, STANDALONE=36899], networkLocation: /default-rack, certSerialId: null, persistedOpState: IN_SERVICE, persistedOpStateExpiryEpochSec: 0}
2022-11-24 06:39:08,926 [Over Replicated Processor] INFO  replication.OverReplicatedProcessor (OverReplicatedProcessor.java:processAll(79)) - Processed 1 over replicated containers, failed processing 0
2022-11-24 06:39:08,926 [pool-295-thread-1] INFO  storage.RaftStorage (RaftStorageImpl.java:format(96)) - Storage directory /home/runner/work/ozone/ozone/hadoop-ozone/integration-test/target/test-dir/MiniOzoneClusterImpl-3ca4de4a-72c8-4c23-a990-0556c1b2e11a/datanode-9/data/ratis/0b0d9a62-1108-4899-9c7e-a067bc3d260c has been successfully formatted.
2022-11-24 06:39:08,927 [pool-295-thread-1] INFO  ratis.ContainerStateMachine (ContainerStateMachine.java:loadSnapshot(236)) - group-A067BC3D260C: The snapshot info is null. Setting the last applied indexto:(t:0, i:~)
2022-11-24 06:39:08,927 [pool-295-thread-1] INFO  server.RaftServerConfigKeys (ConfUtils.java:logGet(46)) - raft.server.log.use.memory = false (default)
2022-11-24 06:39:08,927 [pool-295-thread-1] INFO  server.RaftServerConfigKeys (ConfUtils.java:logGet(46)) - raft.server.log.purge.gap = 1000000 (custom)
2022-11-24 06:39:08,928 [pool-295-thread-1] INFO  server.RaftServerConfigKeys (ConfUtils.java:logGet(46)) - raft.server.log.appender.buffer.byte-limit = 33554432 (custom)
2022-11-24 06:39:08,928 [pool-295-thread-1] INFO  server.RaftServerConfigKeys (ConfUtils.java:logGet(46)) - raft.server.log.statemachine.data.read.timeout = 1000ms (default)
2022-11-24 06:39:08,928 [pool-295-thread-1] INFO  server.RaftServerConfigKeys (ConfUtils.java:logGet(46)) - raft.server.log.purge.preservation.log.num = 0 (default)
2022-11-24 06:39:08,928 [pool-295-thread-1] INFO  server.RaftServerConfigKeys (ConfUtils.java:logGet(46)) - raft.server.log.segment.size.max = 1048576 (custom)
2022-11-24 06:39:08,928 [pool-295-thread-1] INFO  server.RaftServerConfigKeys (ConfUtils.java:logGet(46)) - raft.server.log.segment.cache.num.max = 2 (custom)
2022-11-24 06:39:08,929 [pool-295-thread-1] INFO  server.RaftServerConfigKeys (ConfUtils.java:logGet(46)) - raft.server.log.segment.cache.size.max = 200MB (=209715200) (default)
2022-11-24 06:39:08,929 [pool-295-thread-1] INFO  segmented.SegmentedRaftLogWorker (SegmentedRaftLogWorker.java:<init>(191)) - new 4949dc81-86be-4926-96a6-534c5c5588ca@group-A067BC3D260C-SegmentedRaftLogWorker for RaftStorageImpl:Storage Directory /home/runner/work/ozone/ozone/hadoop-ozone/integration-test/target/test-dir/MiniOzoneClusterImpl-3ca4de4a-72c8-4c23-a990-0556c1b2e11a/datanode-9/data/ratis/0b0d9a62-1108-4899-9c7e-a067bc3d260c
2022-11-24 06:39:08,929 [pool-295-thread-1] INFO  server.RaftServerConfigKeys (ConfUtils.java:logGet(46)) - raft.server.log.queue.byte-limit = 4294967296 (custom)
2022-11-24 06:39:08,929 [pool-295-thread-1] INFO  server.RaftServerConfigKeys (ConfUtils.java:logGet(46)) - raft.server.log.queue.element-limit = 1024 (custom)
2022-11-24 06:39:08,929 [pool-295-thread-1] INFO  server.RaftServerConfigKeys (ConfUtils.java:logGet(46)) - raft.server.log.segment.size.max = 1048576 (custom)
2022-11-24 06:39:08,929 [pool-295-thread-1] INFO  server.RaftServerConfigKeys (ConfUtils.java:logGet(46)) - raft.server.log.preallocated.size = 16384 (custom)
2022-11-24 06:39:08,929 [pool-295-thread-1] INFO  server.RaftServerConfigKeys (ConfUtils.java:logGet(46)) - raft.server.log.force.sync.num = 128 (default)
2022-11-24 06:39:08,929 [pool-295-thread-1] INFO  server.RaftServerConfigKeys (ConfUtils.java:logGet(46)) - raft.server.log.statemachine.data.sync = true (default)
2022-11-24 06:39:08,929 [pool-295-thread-1] INFO  server.RaftServerConfigKeys (ConfUtils.java:logGet(46)) - raft.server.log.statemachine.data.sync.timeout = 10s (default)
2022-11-24 06:39:08,929 [pool-295-thread-1] INFO  server.RaftServerConfigKeys (ConfUtils.java:logGet(46)) - raft.server.log.statemachine.data.sync.timeout.retry = -1 (default)
2022-11-24 06:39:08,930 [pool-295-thread-1] INFO  server.RaftServerConfigKeys (ConfUtils.java:logGet(46)) - raft.server.log.write.buffer.size = 1048576 (custom)
2022-11-24 06:39:08,931 [pool-295-thread-1] INFO  server.RaftServerConfigKeys (ConfUtils.java:logGet(46)) - raft.server.log.unsafe-flush.enabled = false (default)
2022-11-24 06:39:08,931 [pool-295-thread-1] INFO  server.RaftServerConfigKeys (ConfUtils.java:logGet(46)) - raft.server.log.async-flush.enabled = false (default)
2022-11-24 06:39:08,931 [pool-295-thread-1] INFO  server.RaftServerConfigKeys (ConfUtils.java:logGet(46)) - raft.server.log.statemachine.data.caching.enabled = true (custom)
2022-11-24 06:39:08,931 [pool-295-thread-1] INFO  segmented.SegmentedRaftLogWorker (SegmentedRaftLogWorker.java:lambda$new$0(136)) - 4949dc81-86be-4926-96a6-534c5c5588ca@group-A067BC3D260C-SegmentedRaftLogWorker: flushIndex: setUnconditionally 0 -> -1
2022-11-24 06:39:08,931 [pool-295-thread-1] INFO  segmented.SegmentedRaftLogWorker (SegmentedRaftLogWorker.java:lambda$new$0(136)) - 4949dc81-86be-4926-96a6-534c5c5588ca@group-A067BC3D260C-SegmentedRaftLogWorker: safeCacheEvictIndex: setUnconditionally 0 -> -1
2022-11-24 06:39:08,931 [pool-295-thread-1] INFO  server.RaftServer$Division (RaftServerImpl.java:start(334)) - 4949dc81-86be-4926-96a6-534c5c5588ca@group-A067BC3D260C: start as a follower, conf=-1: peers:[4949dc81-86be-4926-96a6-534c5c5588ca|rpc:10.1.1.33:45371|dataStream:|priority:1|startupRole:FOLLOWER, 8af73eb1-79e8-42bd-81b7-d22b4389184f|rpc:10.1.1.33:44141|dataStream:|priority:0|startupRole:FOLLOWER, c8bfac46-0061-4906-a354-59c2fa211c25|rpc:10.1.1.33:41215|dataStream:|priority:0|startupRole:FOLLOWER]|listeners:[], old=null
2022-11-24 06:39:08,932 [pool-295-thread-1] INFO  server.RaftServer$Division (RaftServerImpl.java:setRole(321)) - 4949dc81-86be-4926-96a6-534c5c5588ca@group-A067BC3D260C: changes role from      null to FOLLOWER at term 0 for startAsFollower
2022-11-24 06:39:08,932 [pool-295-thread-1] INFO  impl.RoleInfo (RoleInfo.java:updateAndGet(139)) - 4949dc81-86be-4926-96a6-534c5c5588ca: start 4949dc81-86be-4926-96a6-534c5c5588ca@group-A067BC3D260C-FollowerState
2022-11-24 06:39:08,934 [pool-295-thread-1] INFO  util.JmxRegister (JmxRegister.java:tryRegister(44)) - Successfully registered JMX Bean with object name Ratis:service=RaftServer,group=group-A067BC3D260C,id=4949dc81-86be-4926-96a6-534c5c5588ca
2022-11-24 06:39:08,934 [pool-295-thread-1] INFO  server.RaftServerConfigKeys (ConfUtils.java:logGet(46)) - raft.server.snapshot.auto.trigger.enabled = true (custom)
2022-11-24 06:39:08,935 [pool-295-thread-1] INFO  server.RaftServerConfigKeys (ConfUtils.java:logGet(46)) - raft.server.snapshot.auto.trigger.threshold = 10000 (custom)
2022-11-24 06:39:08,935 [pool-295-thread-1] INFO  server.RaftServerConfigKeys (ConfUtils.java:logGet(46)) - raft.server.snapshot.retention.file.num = 5 (custom)
2022-11-24 06:39:08,935 [pool-295-thread-1] INFO  server.RaftServerConfigKeys (ConfUtils.java:logGet(46)) - raft.server.log.purge.upto.snapshot.index = false (default)
2022-11-24 06:39:08,935 [4949dc81-86be-4926-96a6-534c5c5588ca@group-A067BC3D260C-FollowerState] INFO  server.RaftServerConfigKeys (ConfUtils.java:logFallback(53)) - raft.server.rpc.first-election.timeout.min = 5s (fallback to raft.server.rpc.timeout.min)
2022-11-24 06:39:08,935 [4949dc81-86be-4926-96a6-534c5c5588ca@group-A067BC3D260C-FollowerState] INFO  server.RaftServerConfigKeys (ConfUtils.java:logFallback(53)) - raft.server.rpc.first-election.timeout.max = 5200ms (fallback to raft.server.rpc.timeout.max)
2022-11-24 06:39:08,950 [grpc-default-executor-2] INFO  server.RaftServer (RaftServerProxy.java:addNew(96)) - c8bfac46-0061-4906-a354-59c2fa211c25: addNew group-A067BC3D260C:[4949dc81-86be-4926-96a6-534c5c5588ca|rpc:10.1.1.33:45371|dataStream:|priority:1|startupRole:FOLLOWER, 8af73eb1-79e8-42bd-81b7-d22b4389184f|rpc:10.1.1.33:44141|dataStream:|priority:0|startupRole:FOLLOWER, c8bfac46-0061-4906-a354-59c2fa211c25|rpc:10.1.1.33:41215|dataStream:|priority:0|startupRole:FOLLOWER] returns group-A067BC3D260C:java.util.concurrent.CompletableFuture@f8a79fa[Not completed]
2022-11-24 06:39:08,951 [pool-268-thread-1] INFO  server.RaftServer$Division (RaftServerImpl.java:<init>(195)) - c8bfac46-0061-4906-a354-59c2fa211c25: new RaftServerImpl for group-A067BC3D260C:[4949dc81-86be-4926-96a6-534c5c5588ca|rpc:10.1.1.33:45371|dataStream:|priority:1|startupRole:FOLLOWER, 8af73eb1-79e8-42bd-81b7-d22b4389184f|rpc:10.1.1.33:44141|dataStream:|priority:0|startupRole:FOLLOWER, c8bfac46-0061-4906-a354-59c2fa211c25|rpc:10.1.1.33:41215|dataStream:|priority:0|startupRole:FOLLOWER] with ContainerStateMachine:uninitialized
2022-11-24 06:39:08,951 [pool-268-thread-1] INFO  server.RaftServerConfigKeys (ConfUtils.java:logGet(46)) - raft.server.rpc.timeout.min = 5s (custom)
2022-11-24 06:39:08,951 [pool-268-thread-1] INFO  server.RaftServerConfigKeys (ConfUtils.java:logGet(46)) - raft.server.rpc.timeout.max = 5200ms (custom)
2022-11-24 06:39:08,951 [pool-268-thread-1] INFO  server.RaftServerConfigKeys (ConfUtils.java:logGet(46)) - raft.server.rpc.sleep.time = 25ms (default)
2022-11-24 06:39:08,951 [pool-268-thread-1] INFO  server.RaftServerConfigKeys (ConfUtils.java:logGet(46)) - raft.server.rpc.slowness.timeout = 300s (custom)
2022-11-24 06:39:08,951 [pool-268-thread-1] INFO  server.RaftServerConfigKeys (ConfUtils.java:logGet(46)) - raft.server.leaderelection.leader.step-down.wait-time = 10s (default)
2022-11-24 06:39:08,951 [pool-268-thread-1] INFO  server.RaftServerConfigKeys (ConfUtils.java:logGet(46)) - raft.server.sleep.deviation.threshold = 300ms (default)
2022-11-24 06:39:08,951 [pool-268-thread-1] INFO  server.RaftServer$Division (ServerState.java:<init>(118)) - c8bfac46-0061-4906-a354-59c2fa211c25@group-A067BC3D260C: ConfigurationManager, init=-1: peers:[4949dc81-86be-4926-96a6-534c5c5588ca|rpc:10.1.1.33:45371|dataStream:|priority:1|startupRole:FOLLOWER, 8af73eb1-79e8-42bd-81b7-d22b4389184f|rpc:10.1.1.33:44141|dataStream:|priority:0|startupRole:FOLLOWER, c8bfac46-0061-4906-a354-59c2fa211c25|rpc:10.1.1.33:41215|dataStream:|priority:0|startupRole:FOLLOWER]|listeners:[], old=null, confs=<EMPTY_MAP>
2022-11-24 06:39:08,951 [pool-268-thread-1] INFO  server.RaftServerConfigKeys (ConfUtils.java:logGet(46)) - raft.server.storage.dir = [/home/runner/work/ozone/ozone/hadoop-ozone/integration-test/target/test-dir/MiniOzoneClusterImpl-3ca4de4a-72c8-4c23-a990-0556c1b2e11a/datanode-8/data/ratis] (custom)
2022-11-24 06:39:08,951 [pool-268-thread-1] INFO  server.RaftServerConfigKeys (ConfUtils.java:logGet(46)) - raft.server.log.corruption.policy = EXCEPTION (default)
2022-11-24 06:39:08,951 [pool-268-thread-1] INFO  server.RaftServerConfigKeys (ConfUtils.java:logGet(46)) - raft.server.storage.free-space.min = 0MB (=0) (default)
2022-11-24 06:39:08,952 [pool-268-thread-1] INFO  server.RaftServerConfigKeys (ConfUtils.java:logGet(46)) - raft.server.notification.no-leader.timeout = 300s (custom)
2022-11-24 06:39:08,952 [pool-268-thread-1] INFO  server.RaftServerConfigKeys (ConfUtils.java:logGet(46)) - raft.server.retrycache.expirytime = 600000ms (custom)
2022-11-24 06:39:08,952 [pool-268-thread-1] INFO  server.RaftServerConfigKeys (ConfUtils.java:logGet(46)) - raft.server.retrycache.statistics.expirytime = 100μs (default)
2022-11-24 06:39:08,953 [pool-268-thread-1] INFO  server.RaftServerConfigKeys (ConfUtils.java:logGet(46)) - raft.server.log.appender.install.snapshot.enabled = false (custom)
2022-11-24 06:39:08,953 [pool-268-thread-1] INFO  server.RaftServerConfigKeys (ConfUtils.java:logGet(46)) - raft.server.threadpool.server.cached = true (default)
2022-11-24 06:39:08,953 [pool-268-thread-1] INFO  server.RaftServerConfigKeys (ConfUtils.java:logGet(46)) - raft.server.threadpool.server.size = 0 (default)
2022-11-24 06:39:08,953 [pool-268-thread-1] INFO  server.RaftServerConfigKeys (ConfUtils.java:logGet(46)) - raft.server.threadpool.client.cached = true (default)
2022-11-24 06:39:08,953 [pool-268-thread-1] INFO  server.RaftServerConfigKeys (ConfUtils.java:logGet(46)) - raft.server.threadpool.client.size = 0 (default)
2022-11-24 06:39:08,953 [pool-268-thread-1] INFO  storage.RaftStorageDirectory (RaftStorageDirectoryImpl.java:analyzeStorage(137)) - The storage directory /home/runner/work/ozone/ozone/hadoop-ozone/integration-test/target/test-dir/MiniOzoneClusterImpl-3ca4de4a-72c8-4c23-a990-0556c1b2e11a/datanode-8/data/ratis/0b0d9a62-1108-4899-9c7e-a067bc3d260c does not exist. Creating ...
2022-11-24 06:39:08,954 [pool-268-thread-1] INFO  storage.RaftStorageDirectory (RaftStorageDirectoryImpl.java:tryLock(231)) - Lock on /home/runner/work/ozone/ozone/hadoop-ozone/integration-test/target/test-dir/MiniOzoneClusterImpl-3ca4de4a-72c8-4c23-a990-0556c1b2e11a/datanode-8/data/ratis/0b0d9a62-1108-4899-9c7e-a067bc3d260c/in_use.lock acquired by nodename 14982@fv-az453-211
2022-11-24 06:39:08,956 [pool-268-thread-1] INFO  storage.RaftStorage (RaftStorageImpl.java:format(96)) - Storage directory /home/runner/work/ozone/ozone/hadoop-ozone/integration-test/target/test-dir/MiniOzoneClusterImpl-3ca4de4a-72c8-4c23-a990-0556c1b2e11a/datanode-8/data/ratis/0b0d9a62-1108-4899-9c7e-a067bc3d260c has been successfully formatted.
2022-11-24 06:39:08,957 [pool-268-thread-1] INFO  ratis.ContainerStateMachine (ContainerStateMachine.java:loadSnapshot(236)) - group-A067BC3D260C: The snapshot info is null. Setting the last applied indexto:(t:0, i:~)
2022-11-24 06:39:08,957 [pool-268-thread-1] INFO  server.RaftServerConfigKeys (ConfUtils.java:logGet(46)) - raft.server.log.use.memory = false (default)
2022-11-24 06:39:08,958 [pool-268-thread-1] INFO  server.RaftServerConfigKeys (ConfUtils.java:logGet(46)) - raft.server.log.purge.gap = 1000000 (custom)
2022-11-24 06:39:08,959 [pool-268-thread-1] INFO  server.RaftServerConfigKeys (ConfUtils.java:logGet(46)) - raft.server.log.appender.buffer.byte-limit = 33554432 (custom)
2022-11-24 06:39:08,959 [pool-268-thread-1] INFO  server.RaftServerConfigKeys (ConfUtils.java:logGet(46)) - raft.server.log.statemachine.data.read.timeout = 1000ms (default)
2022-11-24 06:39:08,959 [pool-268-thread-1] INFO  server.RaftServerConfigKeys (ConfUtils.java:logGet(46)) - raft.server.log.purge.preservation.log.num = 0 (default)
2022-11-24 06:39:08,959 [pool-268-thread-1] INFO  server.RaftServerConfigKeys (ConfUtils.java:logGet(46)) - raft.server.log.segment.size.max = 1048576 (custom)
2022-11-24 06:39:08,959 [pool-268-thread-1] INFO  server.RaftServerConfigKeys (ConfUtils.java:logGet(46)) - raft.server.log.segment.cache.num.max = 2 (custom)
2022-11-24 06:39:08,960 [pool-268-thread-1] INFO  server.RaftServerConfigKeys (ConfUtils.java:logGet(46)) - raft.server.log.segment.cache.size.max = 200MB (=209715200) (default)
2022-11-24 06:39:08,960 [pool-268-thread-1] INFO  segmented.SegmentedRaftLogWorker (SegmentedRaftLogWorker.java:<init>(191)) - new c8bfac46-0061-4906-a354-59c2fa211c25@group-A067BC3D260C-SegmentedRaftLogWorker for RaftStorageImpl:Storage Directory /home/runner/work/ozone/ozone/hadoop-ozone/integration-test/target/test-dir/MiniOzoneClusterImpl-3ca4de4a-72c8-4c23-a990-0556c1b2e11a/datanode-8/data/ratis/0b0d9a62-1108-4899-9c7e-a067bc3d260c
2022-11-24 06:39:08,960 [pool-268-thread-1] INFO  server.RaftServerConfigKeys (ConfUtils.java:logGet(46)) - raft.server.log.queue.byte-limit = 4294967296 (custom)
2022-11-24 06:39:08,960 [pool-268-thread-1] INFO  server.RaftServerConfigKeys (ConfUtils.java:logGet(46)) - raft.server.log.queue.element-limit = 1024 (custom)
2022-11-24 06:39:08,960 [pool-268-thread-1] INFO  server.RaftServerConfigKeys (ConfUtils.java:logGet(46)) - raft.server.log.segment.size.max = 1048576 (custom)
2022-11-24 06:39:08,960 [pool-268-thread-1] INFO  server.RaftServerConfigKeys (ConfUtils.java:logGet(46)) - raft.server.log.preallocated.size = 16384 (custom)
2022-11-24 06:39:08,960 [pool-268-thread-1] INFO  server.RaftServerConfigKeys (ConfUtils.java:logGet(46)) - raft.server.log.force.sync.num = 128 (default)
2022-11-24 06:39:08,960 [pool-268-thread-1] INFO  server.RaftServerConfigKeys (ConfUtils.java:logGet(46)) - raft.server.log.statemachine.data.sync = true (default)
2022-11-24 06:39:08,960 [pool-268-thread-1] INFO  server.RaftServerConfigKeys (ConfUtils.java:logGet(46)) - raft.server.log.statemachine.data.sync.timeout = 10s (default)
2022-11-24 06:39:08,960 [pool-268-thread-1] INFO  server.RaftServerConfigKeys (ConfUtils.java:logGet(46)) - raft.server.log.statemachine.data.sync.timeout.retry = -1 (default)
2022-11-24 06:39:08,961 [pool-268-thread-1] INFO  server.RaftServerConfigKeys (ConfUtils.java:logGet(46)) - raft.server.log.write.buffer.size = 1048576 (custom)
2022-11-24 06:39:08,962 [pool-268-thread-1] INFO  server.RaftServerConfigKeys (ConfUtils.java:logGet(46)) - raft.server.log.unsafe-flush.enabled = false (default)
2022-11-24 06:39:08,962 [pool-268-thread-1] INFO  server.RaftServerConfigKeys (ConfUtils.java:logGet(46)) - raft.server.log.async-flush.enabled = false (default)
2022-11-24 06:39:08,962 [pool-268-thread-1] INFO  server.RaftServerConfigKeys (ConfUtils.java:logGet(46)) - raft.server.log.statemachine.data.caching.enabled = true (custom)
2022-11-24 06:39:08,962 [pool-268-thread-1] INFO  segmented.SegmentedRaftLogWorker (SegmentedRaftLogWorker.java:lambda$new$0(136)) - c8bfac46-0061-4906-a354-59c2fa211c25@group-A067BC3D260C-SegmentedRaftLogWorker: flushIndex: setUnconditionally 0 -> -1
2022-11-24 06:39:08,962 [pool-268-thread-1] INFO  segmented.SegmentedRaftLogWorker (SegmentedRaftLogWorker.java:lambda$new$0(136)) - c8bfac46-0061-4906-a354-59c2fa211c25@group-A067BC3D260C-SegmentedRaftLogWorker: safeCacheEvictIndex: setUnconditionally 0 -> -1
2022-11-24 06:39:08,963 [pool-268-thread-1] INFO  server.RaftServer$Division (RaftServerImpl.java:start(334)) - c8bfac46-0061-4906-a354-59c2fa211c25@group-A067BC3D260C: start as a follower, conf=-1: peers:[4949dc81-86be-4926-96a6-534c5c5588ca|rpc:10.1.1.33:45371|dataStream:|priority:1|startupRole:FOLLOWER, 8af73eb1-79e8-42bd-81b7-d22b4389184f|rpc:10.1.1.33:44141|dataStream:|priority:0|startupRole:FOLLOWER, c8bfac46-0061-4906-a354-59c2fa211c25|rpc:10.1.1.33:41215|dataStream:|priority:0|startupRole:FOLLOWER]|listeners:[], old=null
2022-11-24 06:39:08,963 [pool-268-thread-1] INFO  server.RaftServer$Division (RaftServerImpl.java:setRole(321)) - c8bfac46-0061-4906-a354-59c2fa211c25@group-A067BC3D260C: changes role from      null to FOLLOWER at term 0 for startAsFollower
2022-11-24 06:39:08,963 [pool-268-thread-1] INFO  impl.RoleInfo (RoleInfo.java:updateAndGet(139)) - c8bfac46-0061-4906-a354-59c2fa211c25: start c8bfac46-0061-4906-a354-59c2fa211c25@group-A067BC3D260C-FollowerState
2022-11-24 06:39:08,969 [pool-268-thread-1] INFO  util.JmxRegister (JmxRegister.java:tryRegister(44)) - Successfully registered JMX Bean with object name Ratis:service=RaftServer,group=group-A067BC3D260C,id=c8bfac46-0061-4906-a354-59c2fa211c25
2022-11-24 06:39:08,969 [c8bfac46-0061-4906-a354-59c2fa211c25@group-A067BC3D260C-FollowerState] INFO  server.RaftServerConfigKeys (ConfUtils.java:logFallback(53)) - raft.server.rpc.first-election.timeout.min = 5s (fallback to raft.server.rpc.timeout.min)
2022-11-24 06:39:08,969 [pool-268-thread-1] INFO  server.RaftServerConfigKeys (ConfUtils.java:logGet(46)) - raft.server.snapshot.auto.trigger.enabled = true (custom)
2022-11-24 06:39:08,969 [c8bfac46-0061-4906-a354-59c2fa211c25@group-A067BC3D260C-FollowerState] INFO  server.RaftServerConfigKeys (ConfUtils.java:logFallback(53)) - raft.server.rpc.first-election.timeout.max = 5200ms (fallback to raft.server.rpc.timeout.max)
2022-11-24 06:39:08,969 [pool-268-thread-1] INFO  server.RaftServerConfigKeys (ConfUtils.java:logGet(46)) - raft.server.snapshot.auto.trigger.threshold = 10000 (custom)
2022-11-24 06:39:08,969 [pool-268-thread-1] INFO  server.RaftServerConfigKeys (ConfUtils.java:logGet(46)) - raft.server.snapshot.retention.file.num = 5 (custom)
2022-11-24 06:39:08,969 [pool-268-thread-1] INFO  server.RaftServerConfigKeys (ConfUtils.java:logGet(46)) - raft.server.log.purge.upto.snapshot.index = false (default)
2022-11-24 06:39:08,984 [Command processor thread] INFO  commandhandler.CreatePipelineCommandHandler (CreatePipelineCommandHandler.java:handle(113)) - Created Pipeline RATIS THREE PipelineID=0b0d9a62-1108-4899-9c7e-a067bc3d260c.
2022-11-24 06:39:08,985 [Command processor thread] INFO  server.RaftServer (RaftServerProxy.java:addNew(96)) - 8af73eb1-79e8-42bd-81b7-d22b4389184f: addNew group-A46A7F7EB5CD:[4949dc81-86be-4926-96a6-534c5c5588ca|rpc:10.1.1.33:45371|priority:0|startupRole:FOLLOWER, 8af73eb1-79e8-42bd-81b7-d22b4389184f|rpc:10.1.1.33:44141|priority:1|startupRole:FOLLOWER, c8bfac46-0061-4906-a354-59c2fa211c25|rpc:10.1.1.33:41215|priority:0|startupRole:FOLLOWER] returns group-A46A7F7EB5CD:java.util.concurrent.CompletableFuture@60f30a4e[Not completed]
2022-11-24 06:39:08,985 [pool-400-thread-1] INFO  server.RaftServer$Division (RaftServerImpl.java:<init>(195)) - 8af73eb1-79e8-42bd-81b7-d22b4389184f: new RaftServerImpl for group-A46A7F7EB5CD:[4949dc81-86be-4926-96a6-534c5c5588ca|rpc:10.1.1.33:45371|priority:0|startupRole:FOLLOWER, 8af73eb1-79e8-42bd-81b7-d22b4389184f|rpc:10.1.1.33:44141|priority:1|startupRole:FOLLOWER, c8bfac46-0061-4906-a354-59c2fa211c25|rpc:10.1.1.33:41215|priority:0|startupRole:FOLLOWER] with ContainerStateMachine:uninitialized
2022-11-24 06:39:08,986 [pool-400-thread-1] INFO  server.RaftServerConfigKeys (ConfUtils.java:logGet(46)) - raft.server.rpc.timeout.min = 5s (custom)
2022-11-24 06:39:08,986 [pool-400-thread-1] INFO  server.RaftServerConfigKeys (ConfUtils.java:logGet(46)) - raft.server.rpc.timeout.max = 5200ms (custom)
2022-11-24 06:39:08,986 [pool-400-thread-1] INFO  server.RaftServerConfigKeys (ConfUtils.java:logGet(46)) - raft.server.rpc.sleep.time = 25ms (default)
2022-11-24 06:39:08,986 [pool-400-thread-1] INFO  server.RaftServerConfigKeys (ConfUtils.java:logGet(46)) - raft.server.rpc.slowness.timeout = 300s (custom)
2022-11-24 06:39:08,986 [pool-400-thread-1] INFO  server.RaftServerConfigKeys (ConfUtils.java:logGet(46)) - raft.server.leaderelection.leader.step-down.wait-time = 10s (default)
2022-11-24 06:39:08,986 [pool-400-thread-1] INFO  server.RaftServerConfigKeys (ConfUtils.java:logGet(46)) - raft.server.sleep.deviation.threshold = 300ms (default)
2022-11-24 06:39:08,986 [pool-400-thread-1] INFO  server.RaftServer$Division (ServerState.java:<init>(118)) - 8af73eb1-79e8-42bd-81b7-d22b4389184f@group-A46A7F7EB5CD: ConfigurationManager, init=-1: peers:[4949dc81-86be-4926-96a6-534c5c5588ca|rpc:10.1.1.33:45371|priority:0|startupRole:FOLLOWER, 8af73eb1-79e8-42bd-81b7-d22b4389184f|rpc:10.1.1.33:44141|priority:1|startupRole:FOLLOWER, c8bfac46-0061-4906-a354-59c2fa211c25|rpc:10.1.1.33:41215|priority:0|startupRole:FOLLOWER]|listeners:[], old=null, confs=<EMPTY_MAP>
2022-11-24 06:39:08,986 [pool-400-thread-1] INFO  server.RaftServerConfigKeys (ConfUtils.java:logGet(46)) - raft.server.storage.dir = [/home/runner/work/ozone/ozone/hadoop-ozone/integration-test/target/test-dir/MiniOzoneClusterImpl-3ca4de4a-72c8-4c23-a990-0556c1b2e11a/datanode-6/data/ratis] (custom)
2022-11-24 06:39:08,986 [pool-400-thread-1] INFO  server.RaftServerConfigKeys (ConfUtils.java:logGet(46)) - raft.server.log.corruption.policy = EXCEPTION (default)
2022-11-24 06:39:08,986 [pool-400-thread-1] INFO  server.RaftServerConfigKeys (ConfUtils.java:logGet(46)) - raft.server.storage.free-space.min = 0MB (=0) (default)
2022-11-24 06:39:08,987 [pool-400-thread-1] INFO  server.RaftServerConfigKeys (ConfUtils.java:logGet(46)) - raft.server.notification.no-leader.timeout = 300s (custom)
2022-11-24 06:39:08,987 [pool-400-thread-1] INFO  server.RaftServerConfigKeys (ConfUtils.java:logGet(46)) - raft.server.retrycache.expirytime = 600000ms (custom)
2022-11-24 06:39:08,987 [pool-400-thread-1] INFO  server.RaftServerConfigKeys (ConfUtils.java:logGet(46)) - raft.server.retrycache.statistics.expirytime = 100μs (default)
2022-11-24 06:39:08,988 [pool-400-thread-1] INFO  server.RaftServerConfigKeys (ConfUtils.java:logGet(46)) - raft.server.log.appender.install.snapshot.enabled = false (custom)
2022-11-24 06:39:08,989 [pool-400-thread-1] INFO  server.RaftServerConfigKeys (ConfUtils.java:logGet(46)) - raft.server.threadpool.server.cached = true (default)
2022-11-24 06:39:08,989 [pool-400-thread-1] INFO  server.RaftServerConfigKeys (ConfUtils.java:logGet(46)) - raft.server.threadpool.server.size = 0 (default)
2022-11-24 06:39:08,989 [pool-400-thread-1] INFO  server.RaftServerConfigKeys (ConfUtils.java:logGet(46)) - raft.server.threadpool.client.cached = true (default)
2022-11-24 06:39:08,989 [pool-400-thread-1] INFO  server.RaftServerConfigKeys (ConfUtils.java:logGet(46)) - raft.server.threadpool.client.size = 0 (default)
2022-11-24 06:39:08,989 [pool-400-thread-1] INFO  storage.RaftStorageDirectory (RaftStorageDirectoryImpl.java:analyzeStorage(137)) - The storage directory /home/runner/work/ozone/ozone/hadoop-ozone/integration-test/target/test-dir/MiniOzoneClusterImpl-3ca4de4a-72c8-4c23-a990-0556c1b2e11a/datanode-6/data/ratis/57982a3e-8dec-4699-b995-a46a7f7eb5cd does not exist. Creating ...
2022-11-24 06:39:08,990 [pool-400-thread-1] INFO  storage.RaftStorageDirectory (RaftStorageDirectoryImpl.java:tryLock(231)) - Lock on /home/runner/work/ozone/ozone/hadoop-ozone/integration-test/target/test-dir/MiniOzoneClusterImpl-3ca4de4a-72c8-4c23-a990-0556c1b2e11a/datanode-6/data/ratis/57982a3e-8dec-4699-b995-a46a7f7eb5cd/in_use.lock acquired by nodename 14982@fv-az453-211
2022-11-24 06:39:08,992 [pool-400-thread-1] INFO  storage.RaftStorage (RaftStorageImpl.java:format(96)) - Storage directory /home/runner/work/ozone/ozone/hadoop-ozone/integration-test/target/test-dir/MiniOzoneClusterImpl-3ca4de4a-72c8-4c23-a990-0556c1b2e11a/datanode-6/data/ratis/57982a3e-8dec-4699-b995-a46a7f7eb5cd has been successfully formatted.
2022-11-24 06:39:08,993 [pool-400-thread-1] INFO  ratis.ContainerStateMachine (ContainerStateMachine.java:loadSnapshot(236)) - group-A46A7F7EB5CD: The snapshot info is null. Setting the last applied indexto:(t:0, i:~)
2022-11-24 06:39:08,993 [pool-400-thread-1] INFO  server.RaftServerConfigKeys (ConfUtils.java:logGet(46)) - raft.server.log.use.memory = false (default)
2022-11-24 06:39:08,993 [pool-400-thread-1] INFO  server.RaftServerConfigKeys (ConfUtils.java:logGet(46)) - raft.server.log.purge.gap = 1000000 (custom)
2022-11-24 06:39:08,993 [pool-400-thread-1] INFO  server.RaftServerConfigKeys (ConfUtils.java:logGet(46)) - raft.server.log.appender.buffer.byte-limit = 33554432 (custom)
2022-11-24 06:39:08,994 [pool-400-thread-1] INFO  server.RaftServerConfigKeys (ConfUtils.java:logGet(46)) - raft.server.log.statemachine.data.read.timeout = 1000ms (default)
2022-11-24 06:39:08,994 [pool-400-thread-1] INFO  server.RaftServerConfigKeys (ConfUtils.java:logGet(46)) - raft.server.log.purge.preservation.log.num = 0 (default)
2022-11-24 06:39:08,994 [pool-400-thread-1] INFO  server.RaftServerConfigKeys (ConfUtils.java:logGet(46)) - raft.server.log.segment.size.max = 1048576 (custom)
2022-11-24 06:39:08,995 [pool-400-thread-1] INFO  server.RaftServerConfigKeys (ConfUtils.java:logGet(46)) - raft.server.log.segment.cache.num.max = 2 (custom)
2022-11-24 06:39:08,995 [pool-400-thread-1] INFO  server.RaftServerConfigKeys (ConfUtils.java:logGet(46)) - raft.server.log.segment.cache.size.max = 200MB (=209715200) (default)
2022-11-24 06:39:08,995 [pool-400-thread-1] INFO  segmented.SegmentedRaftLogWorker (SegmentedRaftLogWorker.java:<init>(191)) - new 8af73eb1-79e8-42bd-81b7-d22b4389184f@group-A46A7F7EB5CD-SegmentedRaftLogWorker for RaftStorageImpl:Storage Directory /home/runner/work/ozone/ozone/hadoop-ozone/integration-test/target/test-dir/MiniOzoneClusterImpl-3ca4de4a-72c8-4c23-a990-0556c1b2e11a/datanode-6/data/ratis/57982a3e-8dec-4699-b995-a46a7f7eb5cd
2022-11-24 06:39:08,995 [pool-400-thread-1] INFO  server.RaftServerConfigKeys (ConfUtils.java:logGet(46)) - raft.server.log.queue.byte-limit = 4294967296 (custom)
2022-11-24 06:39:08,995 [pool-400-thread-1] INFO  server.RaftServerConfigKeys (ConfUtils.java:logGet(46)) - raft.server.log.queue.element-limit = 1024 (custom)
2022-11-24 06:39:08,995 [pool-400-thread-1] INFO  server.RaftServerConfigKeys (ConfUtils.java:logGet(46)) - raft.server.log.segment.size.max = 1048576 (custom)
2022-11-24 06:39:08,995 [pool-400-thread-1] INFO  server.RaftServerConfigKeys (ConfUtils.java:logGet(46)) - raft.server.log.preallocated.size = 16384 (custom)
2022-11-24 06:39:08,995 [pool-400-thread-1] INFO  server.RaftServerConfigKeys (ConfUtils.java:logGet(46)) - raft.server.log.force.sync.num = 128 (default)
2022-11-24 06:39:08,995 [pool-400-thread-1] INFO  server.RaftServerConfigKeys (ConfUtils.java:logGet(46)) - raft.server.log.statemachine.data.sync = true (default)
2022-11-24 06:39:08,995 [pool-400-thread-1] INFO  server.RaftServerConfigKeys (ConfUtils.java:logGet(46)) - raft.server.log.statemachine.data.sync.timeout = 10s (default)
2022-11-24 06:39:08,995 [pool-400-thread-1] INFO  server.RaftServerConfigKeys (ConfUtils.java:logGet(46)) - raft.server.log.statemachine.data.sync.timeout.retry = -1 (default)
2022-11-24 06:39:08,996 [pool-400-thread-1] INFO  server.RaftServerConfigKeys (ConfUtils.java:logGet(46)) - raft.server.log.write.buffer.size = 1048576 (custom)
2022-11-24 06:39:08,997 [pool-400-thread-1] INFO  server.RaftServerConfigKeys (ConfUtils.java:logGet(46)) - raft.server.log.unsafe-flush.enabled = false (default)
2022-11-24 06:39:08,997 [pool-400-thread-1] INFO  server.RaftServerConfigKeys (ConfUtils.java:logGet(46)) - raft.server.log.async-flush.enabled = false (default)
2022-11-24 06:39:08,997 [pool-400-thread-1] INFO  server.RaftServerConfigKeys (ConfUtils.java:logGet(46)) - raft.server.log.statemachine.data.caching.enabled = true (custom)
2022-11-24 06:39:08,998 [pool-400-thread-1] INFO  segmented.SegmentedRaftLogWorker (SegmentedRaftLogWorker.java:lambda$new$0(136)) - 8af73eb1-79e8-42bd-81b7-d22b4389184f@group-A46A7F7EB5CD-SegmentedRaftLogWorker: flushIndex: setUnconditionally 0 -> -1
2022-11-24 06:39:08,998 [pool-400-thread-1] INFO  segmented.SegmentedRaftLogWorker (SegmentedRaftLogWorker.java:lambda$new$0(136)) - 8af73eb1-79e8-42bd-81b7-d22b4389184f@group-A46A7F7EB5CD-SegmentedRaftLogWorker: safeCacheEvictIndex: setUnconditionally 0 -> -1
2022-11-24 06:39:08,998 [pool-400-thread-1] INFO  server.RaftServer$Division (RaftServerImpl.java:start(334)) - 8af73eb1-79e8-42bd-81b7-d22b4389184f@group-A46A7F7EB5CD: start as a follower, conf=-1: peers:[4949dc81-86be-4926-96a6-534c5c5588ca|rpc:10.1.1.33:45371|priority:0|startupRole:FOLLOWER, 8af73eb1-79e8-42bd-81b7-d22b4389184f|rpc:10.1.1.33:44141|priority:1|startupRole:FOLLOWER, c8bfac46-0061-4906-a354-59c2fa211c25|rpc:10.1.1.33:41215|priority:0|startupRole:FOLLOWER]|listeners:[], old=null
2022-11-24 06:39:08,998 [pool-400-thread-1] INFO  server.RaftServer$Division (RaftServerImpl.java:setRole(321)) - 8af73eb1-79e8-42bd-81b7-d22b4389184f@group-A46A7F7EB5CD: changes role from      null to FOLLOWER at term 0 for startAsFollower
2022-11-24 06:39:08,998 [pool-400-thread-1] INFO  impl.RoleInfo (RoleInfo.java:updateAndGet(139)) - 8af73eb1-79e8-42bd-81b7-d22b4389184f: start 8af73eb1-79e8-42bd-81b7-d22b4389184f@group-A46A7F7EB5CD-FollowerState
2022-11-24 06:39:08,999 [pool-400-thread-1] INFO  util.JmxRegister (JmxRegister.java:tryRegister(44)) - Successfully registered JMX Bean with object name Ratis:service=RaftServer,group=group-A46A7F7EB5CD,id=8af73eb1-79e8-42bd-81b7-d22b4389184f
2022-11-24 06:39:08,999 [8af73eb1-79e8-42bd-81b7-d22b4389184f@group-A46A7F7EB5CD-FollowerState] INFO  server.RaftServerConfigKeys (ConfUtils.java:logFallback(53)) - raft.server.rpc.first-election.timeout.min = 5s (fallback to raft.server.rpc.timeout.min)
2022-11-24 06:39:08,999 [pool-400-thread-1] INFO  server.RaftServerConfigKeys (ConfUtils.java:logGet(46)) - raft.server.snapshot.auto.trigger.enabled = true (custom)
2022-11-24 06:39:08,999 [pool-400-thread-1] INFO  server.RaftServerConfigKeys (ConfUtils.java:logGet(46)) - raft.server.snapshot.auto.trigger.threshold = 10000 (custom)
2022-11-24 06:39:08,999 [pool-400-thread-1] INFO  server.RaftServerConfigKeys (ConfUtils.java:logGet(46)) - raft.server.snapshot.retention.file.num = 5 (custom)
2022-11-24 06:39:09,000 [pool-400-thread-1] INFO  server.RaftServerConfigKeys (ConfUtils.java:logGet(46)) - raft.server.log.purge.upto.snapshot.index = false (default)
2022-11-24 06:39:09,000 [8af73eb1-79e8-42bd-81b7-d22b4389184f@group-A46A7F7EB5CD-FollowerState] INFO  server.RaftServerConfigKeys (ConfUtils.java:logFallback(53)) - raft.server.rpc.first-election.timeout.max = 5200ms (fallback to raft.server.rpc.timeout.max)
2022-11-24 06:39:09,000 [Command processor thread] INFO  ratis.XceiverServerRatis (XceiverServerRatis.java:addGroup(765)) - Created group PipelineID=57982a3e-8dec-4699-b995-a46a7f7eb5cd
2022-11-24 06:39:09,019 [grpc-default-executor-0] INFO  server.RaftServer (RaftServerProxy.java:addNew(96)) - 4949dc81-86be-4926-96a6-534c5c5588ca: addNew group-A46A7F7EB5CD:[4949dc81-86be-4926-96a6-534c5c5588ca|rpc:10.1.1.33:45371|dataStream:|priority:0|startupRole:FOLLOWER, 8af73eb1-79e8-42bd-81b7-d22b4389184f|rpc:10.1.1.33:44141|dataStream:|priority:1|startupRole:FOLLOWER, c8bfac46-0061-4906-a354-59c2fa211c25|rpc:10.1.1.33:41215|dataStream:|priority:0|startupRole:FOLLOWER] returns group-A46A7F7EB5CD:java.util.concurrent.CompletableFuture@6009bcb9[Not completed]
2022-11-24 06:39:09,020 [pool-295-thread-1] INFO  server.RaftServer$Division (RaftServerImpl.java:<init>(195)) - 4949dc81-86be-4926-96a6-534c5c5588ca: new RaftServerImpl for group-A46A7F7EB5CD:[4949dc81-86be-4926-96a6-534c5c5588ca|rpc:10.1.1.33:45371|dataStream:|priority:0|startupRole:FOLLOWER, 8af73eb1-79e8-42bd-81b7-d22b4389184f|rpc:10.1.1.33:44141|dataStream:|priority:1|startupRole:FOLLOWER, c8bfac46-0061-4906-a354-59c2fa211c25|rpc:10.1.1.33:41215|dataStream:|priority:0|startupRole:FOLLOWER] with ContainerStateMachine:uninitialized
2022-11-24 06:39:09,020 [pool-295-thread-1] INFO  server.RaftServerConfigKeys (ConfUtils.java:logGet(46)) - raft.server.rpc.timeout.min = 5s (custom)
2022-11-24 06:39:09,020 [pool-295-thread-1] INFO  server.RaftServerConfigKeys (ConfUtils.java:logGet(46)) - raft.server.rpc.timeout.max = 5200ms (custom)
2022-11-24 06:39:09,020 [pool-295-thread-1] INFO  server.RaftServerConfigKeys (ConfUtils.java:logGet(46)) - raft.server.rpc.sleep.time = 25ms (default)
2022-11-24 06:39:09,020 [pool-295-thread-1] INFO  server.RaftServerConfigKeys (ConfUtils.java:logGet(46)) - raft.server.rpc.slowness.timeout = 300s (custom)
2022-11-24 06:39:09,020 [pool-295-thread-1] INFO  server.RaftServerConfigKeys (ConfUtils.java:logGet(46)) - raft.server.leaderelection.leader.step-down.wait-time = 10s (default)
2022-11-24 06:39:09,020 [pool-295-thread-1] INFO  server.RaftServerConfigKeys (ConfUtils.java:logGet(46)) - raft.server.sleep.deviation.threshold = 300ms (default)
2022-11-24 06:39:09,020 [pool-295-thread-1] INFO  server.RaftServer$Division (ServerState.java:<init>(118)) - 4949dc81-86be-4926-96a6-534c5c5588ca@group-A46A7F7EB5CD: ConfigurationManager, init=-1: peers:[4949dc81-86be-4926-96a6-534c5c5588ca|rpc:10.1.1.33:45371|dataStream:|priority:0|startupRole:FOLLOWER, 8af73eb1-79e8-42bd-81b7-d22b4389184f|rpc:10.1.1.33:44141|dataStream:|priority:1|startupRole:FOLLOWER, c8bfac46-0061-4906-a354-59c2fa211c25|rpc:10.1.1.33:41215|dataStream:|priority:0|startupRole:FOLLOWER]|listeners:[], old=null, confs=<EMPTY_MAP>
2022-11-24 06:39:09,021 [pool-295-thread-1] INFO  server.RaftServerConfigKeys (ConfUtils.java:logGet(46)) - raft.server.storage.dir = [/home/runner/work/ozone/ozone/hadoop-ozone/integration-test/target/test-dir/MiniOzoneClusterImpl-3ca4de4a-72c8-4c23-a990-0556c1b2e11a/datanode-9/data/ratis] (custom)
2022-11-24 06:39:09,021 [pool-295-thread-1] INFO  server.RaftServerConfigKeys (ConfUtils.java:logGet(46)) - raft.server.log.corruption.policy = EXCEPTION (default)
2022-11-24 06:39:09,021 [pool-295-thread-1] INFO  server.RaftServerConfigKeys (ConfUtils.java:logGet(46)) - raft.server.storage.free-space.min = 0MB (=0) (default)
2022-11-24 06:39:09,021 [pool-295-thread-1] INFO  server.RaftServerConfigKeys (ConfUtils.java:logGet(46)) - raft.server.notification.no-leader.timeout = 300s (custom)
2022-11-24 06:39:09,021 [pool-295-thread-1] INFO  server.RaftServerConfigKeys (ConfUtils.java:logGet(46)) - raft.server.retrycache.expirytime = 600000ms (custom)
2022-11-24 06:39:09,021 [pool-295-thread-1] INFO  server.RaftServerConfigKeys (ConfUtils.java:logGet(46)) - raft.server.retrycache.statistics.expirytime = 100μs (default)
2022-11-24 06:39:09,022 [pool-295-thread-1] INFO  server.RaftServerConfigKeys (ConfUtils.java:logGet(46)) - raft.server.log.appender.install.snapshot.enabled = false (custom)
2022-11-24 06:39:09,022 [pool-295-thread-1] INFO  server.RaftServerConfigKeys (ConfUtils.java:logGet(46)) - raft.server.threadpool.server.cached = true (default)
2022-11-24 06:39:09,022 [pool-295-thread-1] INFO  server.RaftServerConfigKeys (ConfUtils.java:logGet(46)) - raft.server.threadpool.server.size = 0 (default)
2022-11-24 06:39:09,022 [pool-295-thread-1] INFO  server.RaftServerConfigKeys (ConfUtils.java:logGet(46)) - raft.server.threadpool.client.cached = true (default)
2022-11-24 06:39:09,022 [pool-295-thread-1] INFO  server.RaftServerConfigKeys (ConfUtils.java:logGet(46)) - raft.server.threadpool.client.size = 0 (default)
2022-11-24 06:39:09,023 [pool-295-thread-1] INFO  storage.RaftStorageDirectory (RaftStorageDirectoryImpl.java:analyzeStorage(137)) - The storage directory /home/runner/work/ozone/ozone/hadoop-ozone/integration-test/target/test-dir/MiniOzoneClusterImpl-3ca4de4a-72c8-4c23-a990-0556c1b2e11a/datanode-9/data/ratis/57982a3e-8dec-4699-b995-a46a7f7eb5cd does not exist. Creating ...
2022-11-24 06:39:09,024 [pool-295-thread-1] INFO  storage.RaftStorageDirectory (RaftStorageDirectoryImpl.java:tryLock(231)) - Lock on /home/runner/work/ozone/ozone/hadoop-ozone/integration-test/target/test-dir/MiniOzoneClusterImpl-3ca4de4a-72c8-4c23-a990-0556c1b2e11a/datanode-9/data/ratis/57982a3e-8dec-4699-b995-a46a7f7eb5cd/in_use.lock acquired by nodename 14982@fv-az453-211
2022-11-24 06:39:09,025 [pool-295-thread-1] INFO  storage.RaftStorage (RaftStorageImpl.java:format(96)) - Storage directory /home/runner/work/ozone/ozone/hadoop-ozone/integration-test/target/test-dir/MiniOzoneClusterImpl-3ca4de4a-72c8-4c23-a990-0556c1b2e11a/datanode-9/data/ratis/57982a3e-8dec-4699-b995-a46a7f7eb5cd has been successfully formatted.
2022-11-24 06:39:09,026 [pool-295-thread-1] INFO  ratis.ContainerStateMachine (ContainerStateMachine.java:loadSnapshot(236)) - group-A46A7F7EB5CD: The snapshot info is null. Setting the last applied indexto:(t:0, i:~)
2022-11-24 06:39:09,026 [pool-295-thread-1] INFO  server.RaftServerConfigKeys (ConfUtils.java:logGet(46)) - raft.server.log.use.memory = false (default)
2022-11-24 06:39:09,028 [pool-295-thread-1] INFO  server.RaftServerConfigKeys (ConfUtils.java:logGet(46)) - raft.server.log.purge.gap = 1000000 (custom)
2022-11-24 06:39:09,028 [pool-295-thread-1] INFO  server.RaftServerConfigKeys (ConfUtils.java:logGet(46)) - raft.server.log.appender.buffer.byte-limit = 33554432 (custom)
2022-11-24 06:39:09,028 [pool-295-thread-1] INFO  server.RaftServerConfigKeys (ConfUtils.java:logGet(46)) - raft.server.log.statemachine.data.read.timeout = 1000ms (default)
2022-11-24 06:39:09,028 [pool-295-thread-1] INFO  server.RaftServerConfigKeys (ConfUtils.java:logGet(46)) - raft.server.log.purge.preservation.log.num = 0 (default)
2022-11-24 06:39:09,028 [pool-295-thread-1] INFO  server.RaftServerConfigKeys (ConfUtils.java:logGet(46)) - raft.server.log.segment.size.max = 1048576 (custom)
2022-11-24 06:39:09,031 [pool-295-thread-1] INFO  server.RaftServerConfigKeys (ConfUtils.java:logGet(46)) - raft.server.log.segment.cache.num.max = 2 (custom)
2022-11-24 06:39:09,031 [pool-295-thread-1] INFO  server.RaftServerConfigKeys (ConfUtils.java:logGet(46)) - raft.server.log.segment.cache.size.max = 200MB (=209715200) (default)
2022-11-24 06:39:09,031 [pool-295-thread-1] INFO  segmented.SegmentedRaftLogWorker (SegmentedRaftLogWorker.java:<init>(191)) - new 4949dc81-86be-4926-96a6-534c5c5588ca@group-A46A7F7EB5CD-SegmentedRaftLogWorker for RaftStorageImpl:Storage Directory /home/runner/work/ozone/ozone/hadoop-ozone/integration-test/target/test-dir/MiniOzoneClusterImpl-3ca4de4a-72c8-4c23-a990-0556c1b2e11a/datanode-9/data/ratis/57982a3e-8dec-4699-b995-a46a7f7eb5cd
2022-11-24 06:39:09,031 [pool-295-thread-1] INFO  server.RaftServerConfigKeys (ConfUtils.java:logGet(46)) - raft.server.log.queue.byte-limit = 4294967296 (custom)
2022-11-24 06:39:09,031 [pool-295-thread-1] INFO  server.RaftServerConfigKeys (ConfUtils.java:logGet(46)) - raft.server.log.queue.element-limit = 1024 (custom)
2022-11-24 06:39:09,031 [pool-295-thread-1] INFO  server.RaftServerConfigKeys (ConfUtils.java:logGet(46)) - raft.server.log.segment.size.max = 1048576 (custom)
2022-11-24 06:39:09,032 [pool-295-thread-1] INFO  server.RaftServerConfigKeys (ConfUtils.java:logGet(46)) - raft.server.log.preallocated.size = 16384 (custom)
2022-11-24 06:39:09,032 [pool-295-thread-1] INFO  server.RaftServerConfigKeys (ConfUtils.java:logGet(46)) - raft.server.log.force.sync.num = 128 (default)
2022-11-24 06:39:09,032 [pool-295-thread-1] INFO  server.RaftServerConfigKeys (ConfUtils.java:logGet(46)) - raft.server.log.statemachine.data.sync = true (default)
2022-11-24 06:39:09,032 [pool-295-thread-1] INFO  server.RaftServerConfigKeys (ConfUtils.java:logGet(46)) - raft.server.log.statemachine.data.sync.timeout = 10s (default)
2022-11-24 06:39:09,032 [pool-295-thread-1] INFO  server.RaftServerConfigKeys (ConfUtils.java:logGet(46)) - raft.server.log.statemachine.data.sync.timeout.retry = -1 (default)
2022-11-24 06:39:09,032 [pool-295-thread-1] INFO  server.RaftServerConfigKeys (ConfUtils.java:logGet(46)) - raft.server.log.write.buffer.size = 1048576 (custom)
2022-11-24 06:39:09,033 [pool-295-thread-1] INFO  server.RaftServerConfigKeys (ConfUtils.java:logGet(46)) - raft.server.log.unsafe-flush.enabled = false (default)
2022-11-24 06:39:09,033 [pool-295-thread-1] INFO  server.RaftServerConfigKeys (ConfUtils.java:logGet(46)) - raft.server.log.async-flush.enabled = false (default)
2022-11-24 06:39:09,033 [pool-295-thread-1] INFO  server.RaftServerConfigKeys (ConfUtils.java:logGet(46)) - raft.server.log.statemachine.data.caching.enabled = true (custom)
2022-11-24 06:39:09,034 [pool-295-thread-1] INFO  segmented.SegmentedRaftLogWorker (SegmentedRaftLogWorker.java:lambda$new$0(136)) - 4949dc81-86be-4926-96a6-534c5c5588ca@group-A46A7F7EB5CD-SegmentedRaftLogWorker: flushIndex: setUnconditionally 0 -> -1
2022-11-24 06:39:09,034 [pool-295-thread-1] INFO  segmented.SegmentedRaftLogWorker (SegmentedRaftLogWorker.java:lambda$new$0(136)) - 4949dc81-86be-4926-96a6-534c5c5588ca@group-A46A7F7EB5CD-SegmentedRaftLogWorker: safeCacheEvictIndex: setUnconditionally 0 -> -1
2022-11-24 06:39:09,034 [pool-295-thread-1] INFO  server.RaftServer$Division (RaftServerImpl.java:start(334)) - 4949dc81-86be-4926-96a6-534c5c5588ca@group-A46A7F7EB5CD: start as a follower, conf=-1: peers:[4949dc81-86be-4926-96a6-534c5c5588ca|rpc:10.1.1.33:45371|dataStream:|priority:0|startupRole:FOLLOWER, 8af73eb1-79e8-42bd-81b7-d22b4389184f|rpc:10.1.1.33:44141|dataStream:|priority:1|startupRole:FOLLOWER, c8bfac46-0061-4906-a354-59c2fa211c25|rpc:10.1.1.33:41215|dataStream:|priority:0|startupRole:FOLLOWER]|listeners:[], old=null
2022-11-24 06:39:09,034 [pool-295-thread-1] INFO  server.RaftServer$Division (RaftServerImpl.java:setRole(321)) - 4949dc81-86be-4926-96a6-534c5c5588ca@group-A46A7F7EB5CD: changes role from      null to FOLLOWER at term 0 for startAsFollower
2022-11-24 06:39:09,034 [pool-295-thread-1] INFO  impl.RoleInfo (RoleInfo.java:updateAndGet(139)) - 4949dc81-86be-4926-96a6-534c5c5588ca: start 4949dc81-86be-4926-96a6-534c5c5588ca@group-A46A7F7EB5CD-FollowerState
2022-11-24 06:39:09,034 [pool-295-thread-1] INFO  util.JmxRegister (JmxRegister.java:tryRegister(44)) - Successfully registered JMX Bean with object name Ratis:service=RaftServer,group=group-A46A7F7EB5CD,id=4949dc81-86be-4926-96a6-534c5c5588ca
2022-11-24 06:39:09,035 [pool-295-thread-1] INFO  server.RaftServerConfigKeys (ConfUtils.java:logGet(46)) - raft.server.snapshot.auto.trigger.enabled = true (custom)
2022-11-24 06:39:09,035 [pool-295-thread-1] INFO  server.RaftServerConfigKeys (ConfUtils.java:logGet(46)) - raft.server.snapshot.auto.trigger.threshold = 10000 (custom)
2022-11-24 06:39:09,035 [pool-295-thread-1] INFO  server.RaftServerConfigKeys (ConfUtils.java:logGet(46)) - raft.server.snapshot.retention.file.num = 5 (custom)
2022-11-24 06:39:09,035 [pool-295-thread-1] INFO  server.RaftServerConfigKeys (ConfUtils.java:logGet(46)) - raft.server.log.purge.upto.snapshot.index = false (default)
2022-11-24 06:39:09,035 [4949dc81-86be-4926-96a6-534c5c5588ca@group-A46A7F7EB5CD-FollowerState] INFO  server.RaftServerConfigKeys (ConfUtils.java:logFallback(53)) - raft.server.rpc.first-election.timeout.min = 5s (fallback to raft.server.rpc.timeout.min)
2022-11-24 06:39:09,035 [4949dc81-86be-4926-96a6-534c5c5588ca@group-A46A7F7EB5CD-FollowerState] INFO  server.RaftServerConfigKeys (ConfUtils.java:logFallback(53)) - raft.server.rpc.first-election.timeout.max = 5200ms (fallback to raft.server.rpc.timeout.max)
2022-11-24 06:39:09,050 [grpc-default-executor-0] INFO  server.RaftServer (RaftServerProxy.java:addNew(96)) - c8bfac46-0061-4906-a354-59c2fa211c25: addNew group-A46A7F7EB5CD:[4949dc81-86be-4926-96a6-534c5c5588ca|rpc:10.1.1.33:45371|dataStream:|priority:0|startupRole:FOLLOWER, 8af73eb1-79e8-42bd-81b7-d22b4389184f|rpc:10.1.1.33:44141|dataStream:|priority:1|startupRole:FOLLOWER, c8bfac46-0061-4906-a354-59c2fa211c25|rpc:10.1.1.33:41215|dataStream:|priority:0|startupRole:FOLLOWER] returns group-A46A7F7EB5CD:java.util.concurrent.CompletableFuture@731a528b[Not completed]
2022-11-24 06:39:09,051 [pool-268-thread-1] INFO  server.RaftServer$Division (RaftServerImpl.java:<init>(195)) - c8bfac46-0061-4906-a354-59c2fa211c25: new RaftServerImpl for group-A46A7F7EB5CD:[4949dc81-86be-4926-96a6-534c5c5588ca|rpc:10.1.1.33:45371|dataStream:|priority:0|startupRole:FOLLOWER, 8af73eb1-79e8-42bd-81b7-d22b4389184f|rpc:10.1.1.33:44141|dataStream:|priority:1|startupRole:FOLLOWER, c8bfac46-0061-4906-a354-59c2fa211c25|rpc:10.1.1.33:41215|dataStream:|priority:0|startupRole:FOLLOWER] with ContainerStateMachine:uninitialized
2022-11-24 06:39:09,051 [pool-268-thread-1] INFO  server.RaftServerConfigKeys (ConfUtils.java:logGet(46)) - raft.server.rpc.timeout.min = 5s (custom)
2022-11-24 06:39:09,051 [pool-268-thread-1] INFO  server.RaftServerConfigKeys (ConfUtils.java:logGet(46)) - raft.server.rpc.timeout.max = 5200ms (custom)
2022-11-24 06:39:09,051 [pool-268-thread-1] INFO  server.RaftServerConfigKeys (ConfUtils.java:logGet(46)) - raft.server.rpc.sleep.time = 25ms (default)
2022-11-24 06:39:09,051 [pool-268-thread-1] INFO  server.RaftServerConfigKeys (ConfUtils.java:logGet(46)) - raft.server.rpc.slowness.timeout = 300s (custom)
2022-11-24 06:39:09,051 [pool-268-thread-1] INFO  server.RaftServerConfigKeys (ConfUtils.java:logGet(46)) - raft.server.leaderelection.leader.step-down.wait-time = 10s (default)
2022-11-24 06:39:09,051 [pool-268-thread-1] INFO  server.RaftServerConfigKeys (ConfUtils.java:logGet(46)) - raft.server.sleep.deviation.threshold = 300ms (default)
2022-11-24 06:39:09,051 [pool-268-thread-1] INFO  server.RaftServer$Division (ServerState.java:<init>(118)) - c8bfac46-0061-4906-a354-59c2fa211c25@group-A46A7F7EB5CD: ConfigurationManager, init=-1: peers:[4949dc81-86be-4926-96a6-534c5c5588ca|rpc:10.1.1.33:45371|dataStream:|priority:0|startupRole:FOLLOWER, 8af73eb1-79e8-42bd-81b7-d22b4389184f|rpc:10.1.1.33:44141|dataStream:|priority:1|startupRole:FOLLOWER, c8bfac46-0061-4906-a354-59c2fa211c25|rpc:10.1.1.33:41215|dataStream:|priority:0|startupRole:FOLLOWER]|listeners:[], old=null, confs=<EMPTY_MAP>
2022-11-24 06:39:09,051 [pool-268-thread-1] INFO  server.RaftServerConfigKeys (ConfUtils.java:logGet(46)) - raft.server.storage.dir = [/home/runner/work/ozone/ozone/hadoop-ozone/integration-test/target/test-dir/MiniOzoneClusterImpl-3ca4de4a-72c8-4c23-a990-0556c1b2e11a/datanode-8/data/ratis] (custom)
2022-11-24 06:39:09,052 [pool-268-thread-1] INFO  server.RaftServerConfigKeys (ConfUtils.java:logGet(46)) - raft.server.log.corruption.policy = EXCEPTION (default)
2022-11-24 06:39:09,052 [pool-268-thread-1] INFO  server.RaftServerConfigKeys (ConfUtils.java:logGet(46)) - raft.server.storage.free-space.min = 0MB (=0) (default)
2022-11-24 06:39:09,052 [pool-268-thread-1] INFO  server.RaftServerConfigKeys (ConfUtils.java:logGet(46)) - raft.server.notification.no-leader.timeout = 300s (custom)
2022-11-24 06:39:09,052 [pool-268-thread-1] INFO  server.RaftServerConfigKeys (ConfUtils.java:logGet(46)) - raft.server.retrycache.expirytime = 600000ms (custom)
2022-11-24 06:39:09,052 [pool-268-thread-1] INFO  server.RaftServerConfigKeys (ConfUtils.java:logGet(46)) - raft.server.retrycache.statistics.expirytime = 100μs (default)
2022-11-24 06:39:09,053 [pool-268-thread-1] INFO  server.RaftServerConfigKeys (ConfUtils.java:logGet(46)) - raft.server.log.appender.install.snapshot.enabled = false (custom)
2022-11-24 06:39:09,053 [pool-268-thread-1] INFO  server.RaftServerConfigKeys (ConfUtils.java:logGet(46)) - raft.server.threadpool.server.cached = true (default)
2022-11-24 06:39:09,053 [pool-268-thread-1] INFO  server.RaftServerConfigKeys (ConfUtils.java:logGet(46)) - raft.server.threadpool.server.size = 0 (default)
2022-11-24 06:39:09,053 [pool-268-thread-1] INFO  server.RaftServerConfigKeys (ConfUtils.java:logGet(46)) - raft.server.threadpool.client.cached = true (default)
2022-11-24 06:39:09,053 [pool-268-thread-1] INFO  server.RaftServerConfigKeys (ConfUtils.java:logGet(46)) - raft.server.threadpool.client.size = 0 (default)
2022-11-24 06:39:09,053 [pool-268-thread-1] INFO  storage.RaftStorageDirectory (RaftStorageDirectoryImpl.java:analyzeStorage(137)) - The storage directory /home/runner/work/ozone/ozone/hadoop-ozone/integration-test/target/test-dir/MiniOzoneClusterImpl-3ca4de4a-72c8-4c23-a990-0556c1b2e11a/datanode-8/data/ratis/57982a3e-8dec-4699-b995-a46a7f7eb5cd does not exist. Creating ...
2022-11-24 06:39:09,055 [pool-268-thread-1] INFO  storage.RaftStorageDirectory (RaftStorageDirectoryImpl.java:tryLock(231)) - Lock on /home/runner/work/ozone/ozone/hadoop-ozone/integration-test/target/test-dir/MiniOzoneClusterImpl-3ca4de4a-72c8-4c23-a990-0556c1b2e11a/datanode-8/data/ratis/57982a3e-8dec-4699-b995-a46a7f7eb5cd/in_use.lock acquired by nodename 14982@fv-az453-211
2022-11-24 06:39:09,056 [pool-268-thread-1] INFO  storage.RaftStorage (RaftStorageImpl.java:format(96)) - Storage directory /home/runner/work/ozone/ozone/hadoop-ozone/integration-test/target/test-dir/MiniOzoneClusterImpl-3ca4de4a-72c8-4c23-a990-0556c1b2e11a/datanode-8/data/ratis/57982a3e-8dec-4699-b995-a46a7f7eb5cd has been successfully formatted.
2022-11-24 06:39:09,057 [pool-268-thread-1] INFO  ratis.ContainerStateMachine (ContainerStateMachine.java:loadSnapshot(236)) - group-A46A7F7EB5CD: The snapshot info is null. Setting the last applied indexto:(t:0, i:~)
2022-11-24 06:39:09,057 [pool-268-thread-1] INFO  server.RaftServerConfigKeys (ConfUtils.java:logGet(46)) - raft.server.log.use.memory = false (default)
2022-11-24 06:39:09,058 [pool-268-thread-1] INFO  server.RaftServerConfigKeys (ConfUtils.java:logGet(46)) - raft.server.log.purge.gap = 1000000 (custom)
2022-11-24 06:39:09,058 [pool-268-thread-1] INFO  server.RaftServerConfigKeys (ConfUtils.java:logGet(46)) - raft.server.log.appender.buffer.byte-limit = 33554432 (custom)
2022-11-24 06:39:09,058 [pool-268-thread-1] INFO  server.RaftServerConfigKeys (ConfUtils.java:logGet(46)) - raft.server.log.statemachine.data.read.timeout = 1000ms (default)
2022-11-24 06:39:09,058 [pool-268-thread-1] INFO  server.RaftServerConfigKeys (ConfUtils.java:logGet(46)) - raft.server.log.purge.preservation.log.num = 0 (default)
2022-11-24 06:39:09,058 [pool-268-thread-1] INFO  server.RaftServerConfigKeys (ConfUtils.java:logGet(46)) - raft.server.log.segment.size.max = 1048576 (custom)
2022-11-24 06:39:09,059 [pool-268-thread-1] INFO  server.RaftServerConfigKeys (ConfUtils.java:logGet(46)) - raft.server.log.segment.cache.num.max = 2 (custom)
2022-11-24 06:39:09,059 [pool-268-thread-1] INFO  server.RaftServerConfigKeys (ConfUtils.java:logGet(46)) - raft.server.log.segment.cache.size.max = 200MB (=209715200) (default)
2022-11-24 06:39:09,059 [pool-268-thread-1] INFO  segmented.SegmentedRaftLogWorker (SegmentedRaftLogWorker.java:<init>(191)) - new c8bfac46-0061-4906-a354-59c2fa211c25@group-A46A7F7EB5CD-SegmentedRaftLogWorker for RaftStorageImpl:Storage Directory /home/runner/work/ozone/ozone/hadoop-ozone/integration-test/target/test-dir/MiniOzoneClusterImpl-3ca4de4a-72c8-4c23-a990-0556c1b2e11a/datanode-8/data/ratis/57982a3e-8dec-4699-b995-a46a7f7eb5cd
2022-11-24 06:39:09,059 [pool-268-thread-1] INFO  server.RaftServerConfigKeys (ConfUtils.java:logGet(46)) - raft.server.log.queue.byte-limit = 4294967296 (custom)
2022-11-24 06:39:09,059 [pool-268-thread-1] INFO  server.RaftServerConfigKeys (ConfUtils.java:logGet(46)) - raft.server.log.queue.element-limit = 1024 (custom)
2022-11-24 06:39:09,060 [pool-268-thread-1] INFO  server.RaftServerConfigKeys (ConfUtils.java:logGet(46)) - raft.server.log.segment.size.max = 1048576 (custom)
2022-11-24 06:39:09,060 [pool-268-thread-1] INFO  server.RaftServerConfigKeys (ConfUtils.java:logGet(46)) - raft.server.log.preallocated.size = 16384 (custom)
2022-11-24 06:39:09,060 [pool-268-thread-1] INFO  server.RaftServerConfigKeys (ConfUtils.java:logGet(46)) - raft.server.log.force.sync.num = 128 (default)
2022-11-24 06:39:09,060 [pool-268-thread-1] INFO  server.RaftServerConfigKeys (ConfUtils.java:logGet(46)) - raft.server.log.statemachine.data.sync = true (default)
2022-11-24 06:39:09,060 [pool-268-thread-1] INFO  server.RaftServerConfigKeys (ConfUtils.java:logGet(46)) - raft.server.log.statemachine.data.sync.timeout = 10s (default)
2022-11-24 06:39:09,060 [pool-268-thread-1] INFO  server.RaftServerConfigKeys (ConfUtils.java:logGet(46)) - raft.server.log.statemachine.data.sync.timeout.retry = -1 (default)
2022-11-24 06:39:09,063 [pool-268-thread-1] INFO  server.RaftServerConfigKeys (ConfUtils.java:logGet(46)) - raft.server.log.write.buffer.size = 1048576 (custom)
2022-11-24 06:39:09,065 [pool-268-thread-1] INFO  server.RaftServerConfigKeys (ConfUtils.java:logGet(46)) - raft.server.log.unsafe-flush.enabled = false (default)
2022-11-24 06:39:09,065 [pool-268-thread-1] INFO  server.RaftServerConfigKeys (ConfUtils.java:logGet(46)) - raft.server.log.async-flush.enabled = false (default)
2022-11-24 06:39:09,065 [pool-268-thread-1] INFO  server.RaftServerConfigKeys (ConfUtils.java:logGet(46)) - raft.server.log.statemachine.data.caching.enabled = true (custom)
2022-11-24 06:39:09,067 [pool-268-thread-1] INFO  segmented.SegmentedRaftLogWorker (SegmentedRaftLogWorker.java:lambda$new$0(136)) - c8bfac46-0061-4906-a354-59c2fa211c25@group-A46A7F7EB5CD-SegmentedRaftLogWorker: flushIndex: setUnconditionally 0 -> -1
2022-11-24 06:39:09,067 [pool-268-thread-1] INFO  segmented.SegmentedRaftLogWorker (SegmentedRaftLogWorker.java:lambda$new$0(136)) - c8bfac46-0061-4906-a354-59c2fa211c25@group-A46A7F7EB5CD-SegmentedRaftLogWorker: safeCacheEvictIndex: setUnconditionally 0 -> -1
2022-11-24 06:39:09,068 [pool-268-thread-1] INFO  server.RaftServer$Division (RaftServerImpl.java:start(334)) - c8bfac46-0061-4906-a354-59c2fa211c25@group-A46A7F7EB5CD: start as a follower, conf=-1: peers:[4949dc81-86be-4926-96a6-534c5c5588ca|rpc:10.1.1.33:45371|dataStream:|priority:0|startupRole:FOLLOWER, 8af73eb1-79e8-42bd-81b7-d22b4389184f|rpc:10.1.1.33:44141|dataStream:|priority:1|startupRole:FOLLOWER, c8bfac46-0061-4906-a354-59c2fa211c25|rpc:10.1.1.33:41215|dataStream:|priority:0|startupRole:FOLLOWER]|listeners:[], old=null
2022-11-24 06:39:09,068 [pool-268-thread-1] INFO  server.RaftServer$Division (RaftServerImpl.java:setRole(321)) - c8bfac46-0061-4906-a354-59c2fa211c25@group-A46A7F7EB5CD: changes role from      null to FOLLOWER at term 0 for startAsFollower
2022-11-24 06:39:09,068 [pool-268-thread-1] INFO  impl.RoleInfo (RoleInfo.java:updateAndGet(139)) - c8bfac46-0061-4906-a354-59c2fa211c25: start c8bfac46-0061-4906-a354-59c2fa211c25@group-A46A7F7EB5CD-FollowerState
2022-11-24 06:39:09,068 [pool-268-thread-1] INFO  util.JmxRegister (JmxRegister.java:tryRegister(44)) - Successfully registered JMX Bean with object name Ratis:service=RaftServer,group=group-A46A7F7EB5CD,id=c8bfac46-0061-4906-a354-59c2fa211c25
2022-11-24 06:39:09,068 [c8bfac46-0061-4906-a354-59c2fa211c25@group-A46A7F7EB5CD-FollowerState] INFO  server.RaftServerConfigKeys (ConfUtils.java:logFallback(53)) - raft.server.rpc.first-election.timeout.min = 5s (fallback to raft.server.rpc.timeout.min)
2022-11-24 06:39:09,068 [c8bfac46-0061-4906-a354-59c2fa211c25@group-A46A7F7EB5CD-FollowerState] INFO  server.RaftServerConfigKeys (ConfUtils.java:logFallback(53)) - raft.server.rpc.first-election.timeout.max = 5200ms (fallback to raft.server.rpc.timeout.max)
2022-11-24 06:39:09,068 [pool-268-thread-1] INFO  server.RaftServerConfigKeys (ConfUtils.java:logGet(46)) - raft.server.snapshot.auto.trigger.enabled = true (custom)
2022-11-24 06:39:09,069 [pool-268-thread-1] INFO  server.RaftServerConfigKeys (ConfUtils.java:logGet(46)) - raft.server.snapshot.auto.trigger.threshold = 10000 (custom)
2022-11-24 06:39:09,069 [pool-268-thread-1] INFO  server.RaftServerConfigKeys (ConfUtils.java:logGet(46)) - raft.server.snapshot.retention.file.num = 5 (custom)
2022-11-24 06:39:09,069 [pool-268-thread-1] INFO  server.RaftServerConfigKeys (ConfUtils.java:logGet(46)) - raft.server.log.purge.upto.snapshot.index = false (default)
2022-11-24 06:39:09,075 [Command processor thread] INFO  commandhandler.CreatePipelineCommandHandler (CreatePipelineCommandHandler.java:handle(113)) - Created Pipeline RATIS THREE PipelineID=57982a3e-8dec-4699-b995-a46a7f7eb5cd.
]]></system-out>
  </testcase>
  <testcase name="testECContainerRecoveryWithTimedOutRecovery" classname="org.apache.hadoop.ozone.container.TestECContainerRecovery" time="107.62">
    <error type="java.util.concurrent.TimeoutException"><![CDATA[java.util.concurrent.TimeoutException: 
Timed out waiting for condition. Thread diagnostics:
Timestamp: 2022-11-24 06:40:56,665

"StaleRecoveringContainerScrubbingService#5" daemon prio=5 tid=1037 in Object.wait()
java.lang.Thread.State: WAITING (on object monitor)
        at sun.misc.Unsafe.park(Native Method)
        at java.util.concurrent.locks.LockSupport.park(LockSupport.java:175)
        at java.util.concurrent.locks.AbstractQueuedSynchronizer$ConditionObject.await(AbstractQueuedSynchronizer.java:2039)
        at java.util.concurrent.ScheduledThreadPoolExecutor$DelayedWorkQueue.take(ScheduledThreadPoolExecutor.java:1088)
        at java.util.concurrent.ScheduledThreadPoolExecutor$DelayedWorkQueue.take(ScheduledThreadPoolExecutor.java:809)
        at java.util.concurrent.ThreadPoolExecutor.getTask(ThreadPoolExecutor.java:1074)
        at java.util.concurrent.ThreadPoolExecutor.runWorker(ThreadPoolExecutor.java:1134)
        at java.util.concurrent.ThreadPoolExecutor$Worker.run(ThreadPoolExecutor.java:624)
        at java.lang.Thread.run(Thread.java:750)
"qtp963101981-190" daemon prio=5 tid=190 timed_waiting
java.lang.Thread.State: TIMED_WAITING
        at sun.misc.Unsafe.park(Native Method)
        at java.util.concurrent.locks.LockSupport.parkNanos(LockSupport.java:215)
        at java.util.concurrent.locks.AbstractQueuedSynchronizer$ConditionObject.awaitNanos(AbstractQueuedSynchronizer.java:2078)
        at org.eclipse.jetty.util.BlockingArrayQueue.poll(BlockingArrayQueue.java:382)
        at org.eclipse.jetty.util.thread.QueuedThreadPool$Runner.idleJobPoll(QueuedThreadPool.java:974)
        at org.eclipse.jetty.util.thread.QueuedThreadPool$Runner.run(QueuedThreadPool.java:1018)
        at java.lang.Thread.run(Thread.java:750)
"IPC Server handler 1 on default port 35707" daemon prio=5 tid=48 timed_waiting
java.lang.Thread.State: TIMED_WAITING
        at sun.misc.Unsafe.park(Native Method)
        at java.util.concurrent.locks.LockSupport.parkNanos(LockSupport.java:215)
        at java.util.concurrent.locks.AbstractQueuedSynchronizer$ConditionObject.awaitNanos(AbstractQueuedSynchronizer.java:2078)
        at java.util.concurrent.LinkedBlockingQueue.poll(LinkedBlockingQueue.java:467)
        at org.apache.hadoop.ipc.CallQueueManager.take(CallQueueManager.java:317)
        at org.apache.hadoop.ipc.Server$Handler.run(Server.java:2942)
"qtp483653299-435" daemon prio=5 tid=435 timed_waiting
java.lang.Thread.State: TIMED_WAITING
        at sun.misc.Unsafe.park(Native Method)
        at java.util.concurrent.locks.LockSupport.parkNanos(LockSupport.java:215)
        at java.util.concurrent.locks.AbstractQueuedSynchronizer$ConditionObject.awaitNanos(AbstractQueuedSynchronizer.java:2078)
        at org.eclipse.jetty.util.BlockingArrayQueue.poll(BlockingArrayQueue.java:382)
        at org.eclipse.jetty.util.thread.QueuedThreadPool$Runner.idleJobPoll(QueuedThreadPool.java:974)
        at org.eclipse.jetty.util.thread.QueuedThreadPool$Runner.run(QueuedThreadPool.java:1018)
        at java.lang.Thread.run(Thread.java:750)
"IPC Server handler 5 on default port 35707" daemon prio=5 tid=52 timed_waiting
java.lang.Thread.State: TIMED_WAITING
        at sun.misc.Unsafe.park(Native Method)
        at java.util.concurrent.locks.LockSupport.parkNanos(LockSupport.java:215)
        at java.util.concurrent.locks.AbstractQueuedSynchronizer$ConditionObject.awaitNanos(AbstractQueuedSynchronizer.java:2078)
        at java.util.concurrent.LinkedBlockingQueue.poll(LinkedBlockingQueue.java:467)
        at org.apache.hadoop.ipc.CallQueueManager.take(CallQueueManager.java:317)
        at org.apache.hadoop.ipc.Server$Handler.run(Server.java:2942)
"StaleRecoveringContainerScrubbingService#8" daemon prio=5 tid=1098 in Object.wait()
java.lang.Thread.State: WAITING (on object monitor)
        at sun.misc.Unsafe.park(Native Method)
        at java.util.concurrent.locks.LockSupport.park(LockSupport.java:175)
        at java.util.concurrent.locks.AbstractQueuedSynchronizer$ConditionObject.await(AbstractQueuedSynchronizer.java:2039)
        at java.util.concurrent.ScheduledThreadPoolExecutor$DelayedWorkQueue.take(ScheduledThreadPoolExecutor.java:1088)
        at java.util.concurrent.ScheduledThreadPoolExecutor$DelayedWorkQueue.take(ScheduledThreadPoolExecutor.java:809)
        at java.util.concurrent.ThreadPoolExecutor.getTask(ThreadPoolExecutor.java:1074)
        at java.util.concurrent.ThreadPoolExecutor.runWorker(ThreadPoolExecutor.java:1134)
        at java.util.concurrent.ThreadPoolExecutor$Worker.run(ThreadPoolExecutor.java:624)
        at java.lang.Thread.run(Thread.java:750)
"pool-72-thread-1"  prio=5 tid=568 in Object.wait()
java.lang.Thread.State: WAITING (on object monitor)
        at sun.misc.Unsafe.park(Native Method)
        at java.util.concurrent.locks.LockSupport.park(LockSupport.java:175)
        at java.util.concurrent.locks.AbstractQueuedSynchronizer$ConditionObject.await(AbstractQueuedSynchronizer.java:2039)
        at java.util.concurrent.LinkedBlockingQueue.take(LinkedBlockingQueue.java:442)
        at java.util.concurrent.ThreadPoolExecutor.getTask(ThreadPoolExecutor.java:1074)
        at java.util.concurrent.ThreadPoolExecutor.runWorker(ThreadPoolExecutor.java:1134)
        at java.util.concurrent.ThreadPoolExecutor$Worker.run(ThreadPoolExecutor.java:624)
        at java.lang.Thread.run(Thread.java:750)
"ChunkReader-2" daemon prio=5 tid=769 in Object.wait()
java.lang.Thread.State: WAITING (on object monitor)
        at sun.misc.Unsafe.park(Native Method)
        at java.util.concurrent.locks.LockSupport.park(LockSupport.java:175)
        at java.util.concurrent.locks.AbstractQueuedSynchronizer$ConditionObject.await(AbstractQueuedSynchronizer.java:2039)
        at java.util.concurrent.LinkedBlockingQueue.take(LinkedBlockingQueue.java:442)
        at java.util.concurrent.ThreadPoolExecutor.getTask(ThreadPoolExecutor.java:1074)
        at java.util.concurrent.ThreadPoolExecutor.runWorker(ThreadPoolExecutor.java:1134)
        at java.util.concurrent.ThreadPoolExecutor$Worker.run(ThreadPoolExecutor.java:624)
        at java.lang.Thread.run(Thread.java:750)
"ECContainerReconstructionThread-0" daemon prio=5 tid=894 in Object.wait()
java.lang.Thread.State: WAITING (on object monitor)
        at sun.misc.Unsafe.park(Native Method)
        at java.util.concurrent.locks.LockSupport.park(LockSupport.java:175)
        at java.util.concurrent.locks.AbstractQueuedSynchronizer$ConditionObject.await(AbstractQueuedSynchronizer.java:2039)
        at java.util.concurrent.LinkedBlockingQueue.take(LinkedBlockingQueue.java:442)
        at java.util.concurrent.ThreadPoolExecutor.getTask(ThreadPoolExecutor.java:1074)
        at java.util.concurrent.ThreadPoolExecutor.runWorker(ThreadPoolExecutor.java:1134)
        at java.util.concurrent.ThreadPoolExecutor$Worker.run(ThreadPoolExecutor.java:624)
        at java.lang.Thread.run(Thread.java:750)
"IPC Server handler 10 on default port 43781" daemon prio=5 tid=164 timed_waiting
java.lang.Thread.State: TIMED_WAITING
        at sun.misc.Unsafe.park(Native Method)
        at java.util.concurrent.locks.LockSupport.parkNanos(LockSupport.java:215)
        at java.util.concurrent.locks.AbstractQueuedSynchronizer$ConditionObject.awaitNanos(AbstractQueuedSynchronizer.java:2078)
        at java.util.concurrent.LinkedBlockingQueue.poll(LinkedBlockingQueue.java:467)
        at org.apache.hadoop.ipc.CallQueueManager.take(CallQueueManager.java:317)
        at org.apache.hadoop.ipc.Server$Handler.run(Server.java:2942)
"StaleRecoveringContainerScrubbingService#1" daemon prio=5 tid=516 in Object.wait()
java.lang.Thread.State: WAITING (on object monitor)
        at sun.misc.Unsafe.park(Native Method)
        at java.util.concurrent.locks.LockSupport.park(LockSupport.java:175)
        at java.util.concurrent.locks.AbstractQueuedSynchronizer$ConditionObject.await(AbstractQueuedSynchronizer.java:2039)
        at java.util.concurrent.ScheduledThreadPoolExecutor$DelayedWorkQueue.take(ScheduledThreadPoolExecutor.java:1088)
        at java.util.concurrent.ScheduledThreadPoolExecutor$DelayedWorkQueue.take(ScheduledThreadPoolExecutor.java:809)
        at java.util.concurrent.ThreadPoolExecutor.getTask(ThreadPoolExecutor.java:1074)
        at java.util.concurrent.ThreadPoolExecutor.runWorker(ThreadPoolExecutor.java:1134)
        at java.util.concurrent.ThreadPoolExecutor$Worker.run(ThreadPoolExecutor.java:624)
        at java.lang.Thread.run(Thread.java:750)
"IPC Server handler 14 on default port 40677" daemon prio=5 tid=81 timed_waiting
java.lang.Thread.State: TIMED_WAITING
        at sun.misc.Unsafe.park(Native Method)
        at java.util.concurrent.locks.LockSupport.parkNanos(LockSupport.java:215)
        at java.util.concurrent.locks.AbstractQueuedSynchronizer$ConditionObject.awaitNanos(AbstractQueuedSynchronizer.java:2078)
        at java.util.concurrent.LinkedBlockingQueue.poll(LinkedBlockingQueue.java:467)
        at org.apache.hadoop.ipc.CallQueueManager.take(CallQueueManager.java:317)
        at org.apache.hadoop.ipc.Server$Handler.run(Server.java:2942)
"BlockDeletingService#2" daemon prio=5 tid=1082 in Object.wait()
java.lang.Thread.State: WAITING (on object monitor)
        at sun.misc.Unsafe.park(Native Method)
        at java.util.concurrent.locks.LockSupport.park(LockSupport.java:175)
        at java.util.concurrent.locks.AbstractQueuedSynchronizer$ConditionObject.await(AbstractQueuedSynchronizer.java:2039)
        at java.util.concurrent.ScheduledThreadPoolExecutor$DelayedWorkQueue.take(ScheduledThreadPoolExecutor.java:1088)
        at java.util.concurrent.ScheduledThreadPoolExecutor$DelayedWorkQueue.take(ScheduledThreadPoolExecutor.java:809)
        at java.util.concurrent.ThreadPoolExecutor.getTask(ThreadPoolExecutor.java:1074)
        at java.util.concurrent.ThreadPoolExecutor.runWorker(ThreadPoolExecutor.java:1134)
        at java.util.concurrent.ThreadPoolExecutor$Worker.run(ThreadPoolExecutor.java:624)
        at java.lang.Thread.run(Thread.java:750)
"EventQueue-StaleNodeForStaleNodeHandler" daemon prio=5 tid=813 in Object.wait()
java.lang.Thread.State: WAITING (on object monitor)
        at sun.misc.Unsafe.park(Native Method)
        at java.util.concurrent.locks.LockSupport.park(LockSupport.java:175)
        at java.util.concurrent.locks.AbstractQueuedSynchronizer$ConditionObject.await(AbstractQueuedSynchronizer.java:2039)
        at java.util.concurrent.LinkedBlockingQueue.take(LinkedBlockingQueue.java:442)
        at java.util.concurrent.ThreadPoolExecutor.getTask(ThreadPoolExecutor.java:1074)
        at java.util.concurrent.ThreadPoolExecutor.runWorker(ThreadPoolExecutor.java:1134)
        at java.util.concurrent.ThreadPoolExecutor$Worker.run(ThreadPoolExecutor.java:624)
        at java.lang.Thread.run(Thread.java:750)
"f61b783c-62f9-462d-872d-ac09aa128e21@group-A00E16961674-StateMachineUpdater" daemon prio=5 tid=677 timed_waiting
java.lang.Thread.State: TIMED_WAITING
        at sun.misc.Unsafe.park(Native Method)
        at java.util.concurrent.locks.LockSupport.parkNanos(LockSupport.java:215)
        at java.util.concurrent.CompletableFuture$Signaller.block(CompletableFuture.java:1709)
        at java.util.concurrent.ForkJoinPool.managedBlock(ForkJoinPool.java:3323)
        at java.util.concurrent.CompletableFuture.timedGet(CompletableFuture.java:1788)
        at java.util.concurrent.CompletableFuture.get(CompletableFuture.java:1928)
        at org.apache.ratis.util.AwaitForSignal.await(AwaitForSignal.java:56)
        at org.apache.ratis.server.impl.StateMachineUpdater.waitForCommit(StateMachineUpdater.java:207)
        at org.apache.ratis.server.impl.StateMachineUpdater.run(StateMachineUpdater.java:176)
        at java.lang.Thread.run(Thread.java:750)
"Datanode State Machine Task Thread - 1"  prio=5 tid=440 in Object.wait()
java.lang.Thread.State: WAITING (on object monitor)
        at sun.misc.Unsafe.park(Native Method)
        at java.util.concurrent.locks.LockSupport.park(LockSupport.java:175)
        at java.util.concurrent.locks.AbstractQueuedSynchronizer$ConditionObject.await(AbstractQueuedSynchronizer.java:2039)
        at java.util.concurrent.LinkedBlockingQueue.take(LinkedBlockingQueue.java:442)
        at java.util.concurrent.ThreadPoolExecutor.getTask(ThreadPoolExecutor.java:1074)
        at java.util.concurrent.ThreadPoolExecutor.runWorker(ThreadPoolExecutor.java:1134)
        at java.util.concurrent.ThreadPoolExecutor$Worker.run(ThreadPoolExecutor.java:624)
        at java.lang.Thread.run(Thread.java:750)
"qtp483653299-436" daemon prio=5 tid=436 timed_waiting
java.lang.Thread.State: TIMED_WAITING
        at sun.misc.Unsafe.park(Native Method)
        at java.util.concurrent.locks.LockSupport.parkNanos(LockSupport.java:215)
        at java.util.concurrent.locks.AbstractQueuedSynchronizer$ConditionObject.awaitNanos(AbstractQueuedSynchronizer.java:2078)
        at org.eclipse.jetty.util.BlockingArrayQueue.poll(BlockingArrayQueue.java:382)
        at org.eclipse.jetty.util.thread.QueuedThreadPool$Runner.idleJobPoll(QueuedThreadPool.java:974)
        at org.eclipse.jetty.util.thread.QueuedThreadPool$Runner.run(QueuedThreadPool.java:1018)
        at java.lang.Thread.run(Thread.java:750)
"IPC Server handler 11 on default port 40677" daemon prio=5 tid=78 timed_waiting
java.lang.Thread.State: TIMED_WAITING
        at sun.misc.Unsafe.park(Native Method)
        at java.util.concurrent.locks.LockSupport.parkNanos(LockSupport.java:215)
        at java.util.concurrent.locks.AbstractQueuedSynchronizer$ConditionObject.awaitNanos(AbstractQueuedSynchronizer.java:2078)
        at java.util.concurrent.LinkedBlockingQueue.poll(LinkedBlockingQueue.java:467)
        at org.apache.hadoop.ipc.CallQueueManager.take(CallQueueManager.java:317)
        at org.apache.hadoop.ipc.Server$Handler.run(Server.java:2942)
"StaleRecoveringContainerScrubbingService#6" daemon prio=5 tid=1069 in Object.wait()
java.lang.Thread.State: WAITING (on object monitor)
        at sun.misc.Unsafe.park(Native Method)
        at java.util.concurrent.locks.LockSupport.park(LockSupport.java:175)
        at java.util.concurrent.locks.AbstractQueuedSynchronizer$ConditionObject.await(AbstractQueuedSynchronizer.java:2039)
        at java.util.concurrent.ScheduledThreadPoolExecutor$DelayedWorkQueue.take(ScheduledThreadPoolExecutor.java:1088)
        at java.util.concurrent.ScheduledThreadPoolExecutor$DelayedWorkQueue.take(ScheduledThreadPoolExecutor.java:809)
        at java.util.concurrent.ThreadPoolExecutor.getTask(ThreadPoolExecutor.java:1074)
        at java.util.concurrent.ThreadPoolExecutor.runWorker(ThreadPoolExecutor.java:1134)
        at java.util.concurrent.ThreadPoolExecutor$Worker.run(ThreadPoolExecutor.java:624)
        at java.lang.Thread.run(Thread.java:750)
"ChunkReader-3" daemon prio=5 tid=901 in Object.wait()
java.lang.Thread.State: WAITING (on object monitor)
        at sun.misc.Unsafe.park(Native Method)
        at java.util.concurrent.locks.LockSupport.park(LockSupport.java:175)
        at java.util.concurrent.locks.AbstractQueuedSynchronizer$ConditionObject.await(AbstractQueuedSynchronizer.java:2039)
        at java.util.concurrent.LinkedBlockingQueue.take(LinkedBlockingQueue.java:442)
        at java.util.concurrent.ThreadPoolExecutor.getTask(ThreadPoolExecutor.java:1074)
        at java.util.concurrent.ThreadPoolExecutor.runWorker(ThreadPoolExecutor.java:1134)
        at java.util.concurrent.ThreadPoolExecutor$Worker.run(ThreadPoolExecutor.java:624)
        at java.lang.Thread.run(Thread.java:750)
"Datanode ReportManager Thread - 3" daemon prio=5 tid=456 in Object.wait()
java.lang.Thread.State: WAITING (on object monitor)
        at sun.misc.Unsafe.park(Native Method)
        at java.util.concurrent.locks.LockSupport.park(LockSupport.java:175)
        at java.util.concurrent.locks.AbstractQueuedSynchronizer$ConditionObject.await(AbstractQueuedSynchronizer.java:2039)
        at java.util.concurrent.ScheduledThreadPoolExecutor$DelayedWorkQueue.take(ScheduledThreadPoolExecutor.java:1088)
        at java.util.concurrent.ScheduledThreadPoolExecutor$DelayedWorkQueue.take(ScheduledThreadPoolExecutor.java:809)
        at java.util.concurrent.ThreadPoolExecutor.getTask(ThreadPoolExecutor.java:1074)
        at java.util.concurrent.ThreadPoolExecutor.runWorker(ThreadPoolExecutor.java:1134)
        at java.util.concurrent.ThreadPoolExecutor$Worker.run(ThreadPoolExecutor.java:624)
        at java.lang.Thread.run(Thread.java:750)
"DatanodeAdminManager-0" daemon prio=5 tid=21 timed_waiting
java.lang.Thread.State: TIMED_WAITING
        at sun.misc.Unsafe.park(Native Method)
        at java.util.concurrent.locks.LockSupport.parkNanos(LockSupport.java:215)
        at java.util.concurrent.locks.AbstractQueuedSynchronizer$ConditionObject.awaitNanos(AbstractQueuedSynchronizer.java:2078)
        at java.util.concurrent.ScheduledThreadPoolExecutor$DelayedWorkQueue.take(ScheduledThreadPoolExecutor.java:1093)
        at java.util.concurrent.ScheduledThreadPoolExecutor$DelayedWorkQueue.take(ScheduledThreadPoolExecutor.java:809)
        at java.util.concurrent.ThreadPoolExecutor.getTask(ThreadPoolExecutor.java:1074)
        at java.util.concurrent.ThreadPoolExecutor.runWorker(ThreadPoolExecutor.java:1134)
        at java.util.concurrent.ThreadPoolExecutor$Worker.run(ThreadPoolExecutor.java:624)
        at java.lang.Thread.run(Thread.java:750)
"Datanode ReportManager Thread - 2" daemon prio=5 tid=335 timed_waiting
java.lang.Thread.State: TIMED_WAITING
        at sun.misc.Unsafe.park(Native Method)
        at java.util.concurrent.locks.LockSupport.parkNanos(LockSupport.java:215)
        at java.util.concurrent.locks.AbstractQueuedSynchronizer$ConditionObject.awaitNanos(AbstractQueuedSynchronizer.java:2078)
        at java.util.concurrent.ScheduledThreadPoolExecutor$DelayedWorkQueue.take(ScheduledThreadPoolExecutor.java:1093)
        at java.util.concurrent.ScheduledThreadPoolExecutor$DelayedWorkQueue.take(ScheduledThreadPoolExecutor.java:809)
        at java.util.concurrent.ThreadPoolExecutor.getTask(ThreadPoolExecutor.java:1074)
        at java.util.concurrent.ThreadPoolExecutor.runWorker(ThreadPoolExecutor.java:1134)
        at java.util.concurrent.ThreadPoolExecutor$Worker.run(ThreadPoolExecutor.java:624)
        at java.lang.Thread.run(Thread.java:750)
"BlockDeletingService#2" daemon prio=5 tid=1088 in Object.wait()
java.lang.Thread.State: WAITING (on object monitor)
        at sun.misc.Unsafe.park(Native Method)
        at java.util.concurrent.locks.LockSupport.park(LockSupport.java:175)
        at java.util.concurrent.locks.AbstractQueuedSynchronizer$ConditionObject.await(AbstractQueuedSynchronizer.java:2039)
        at java.util.concurrent.ScheduledThreadPoolExecutor$DelayedWorkQueue.take(ScheduledThreadPoolExecutor.java:1088)
        at java.util.concurrent.ScheduledThreadPoolExecutor$DelayedWorkQueue.take(ScheduledThreadPoolExecutor.java:809)
        at java.util.concurrent.ThreadPoolExecutor.getTask(ThreadPoolExecutor.java:1074)
        at java.util.concurrent.ThreadPoolExecutor.runWorker(ThreadPoolExecutor.java:1134)
        at java.util.concurrent.ThreadPoolExecutor$Worker.run(ThreadPoolExecutor.java:624)
        at java.lang.Thread.run(Thread.java:750)
"StaleRecoveringContainerScrubbingService#9" daemon prio=5 tid=1112 in Object.wait()
java.lang.Thread.State: WAITING (on object monitor)
        at sun.misc.Unsafe.park(Native Method)
        at java.util.concurrent.locks.LockSupport.park(LockSupport.java:175)
        at java.util.concurrent.locks.AbstractQueuedSynchronizer$ConditionObject.await(AbstractQueuedSynchronizer.java:2039)
        at java.util.concurrent.ScheduledThreadPoolExecutor$DelayedWorkQueue.take(ScheduledThreadPoolExecutor.java:1088)
        at java.util.concurrent.ScheduledThreadPoolExecutor$DelayedWorkQueue.take(ScheduledThreadPoolExecutor.java:809)
        at java.util.concurrent.ThreadPoolExecutor.getTask(ThreadPoolExecutor.java:1074)
        at java.util.concurrent.ThreadPoolExecutor.runWorker(ThreadPoolExecutor.java:1134)
        at java.util.concurrent.ThreadPoolExecutor$Worker.run(ThreadPoolExecutor.java:624)
        at java.lang.Thread.run(Thread.java:750)
"ChunkReader-1" daemon prio=5 tid=773 in Object.wait()
java.lang.Thread.State: WAITING (on object monitor)
        at sun.misc.Unsafe.park(Native Method)
        at java.util.concurrent.locks.LockSupport.park(LockSupport.java:175)
        at java.util.concurrent.locks.AbstractQueuedSynchronizer$ConditionObject.await(AbstractQueuedSynchronizer.java:2039)
        at java.util.concurrent.LinkedBlockingQueue.take(LinkedBlockingQueue.java:442)
        at java.util.concurrent.ThreadPoolExecutor.getTask(ThreadPoolExecutor.java:1074)
        at java.util.concurrent.ThreadPoolExecutor.runWorker(ThreadPoolExecutor.java:1134)
        at java.util.concurrent.ThreadPoolExecutor$Worker.run(ThreadPoolExecutor.java:624)
        at java.lang.Thread.run(Thread.java:750)
"qtp483653299-438" daemon prio=5 tid=438 timed_waiting
java.lang.Thread.State: TIMED_WAITING
        at sun.misc.Unsafe.park(Native Method)
        at java.util.concurrent.locks.LockSupport.parkNanos(LockSupport.java:215)
        at java.util.concurrent.locks.AbstractQueuedSynchronizer$ConditionObject.awaitNanos(AbstractQueuedSynchronizer.java:2078)
        at org.eclipse.jetty.util.BlockingArrayQueue.poll(BlockingArrayQueue.java:382)
        at org.eclipse.jetty.util.thread.QueuedThreadPool$Runner.idleJobPoll(QueuedThreadPool.java:974)
        at org.eclipse.jetty.util.thread.QueuedThreadPool$Runner.run(QueuedThreadPool.java:1018)
        at java.lang.Thread.run(Thread.java:750)
"StaleRecoveringContainerScrubbingService#0" daemon prio=5 tid=344 in Object.wait()
java.lang.Thread.State: WAITING (on object monitor)
        at sun.misc.Unsafe.park(Native Method)
        at java.util.concurrent.locks.LockSupport.park(LockSupport.java:175)
        at java.util.concurrent.locks.AbstractQueuedSynchronizer$ConditionObject.await(AbstractQueuedSynchronizer.java:2039)
        at java.util.concurrent.ScheduledThreadPoolExecutor$DelayedWorkQueue.take(ScheduledThreadPoolExecutor.java:1088)
        at java.util.concurrent.ScheduledThreadPoolExecutor$DelayedWorkQueue.take(ScheduledThreadPoolExecutor.java:809)
        at java.util.concurrent.ThreadPoolExecutor.getTask(ThreadPoolExecutor.java:1074)
        at java.util.concurrent.ThreadPoolExecutor.runWorker(ThreadPoolExecutor.java:1134)
        at java.util.concurrent.ThreadPoolExecutor$Worker.run(ThreadPoolExecutor.java:624)
        at java.lang.Thread.run(Thread.java:750)
"StaleRecoveringContainerScrubbingService#2" daemon prio=5 tid=809 timed_waiting
java.lang.Thread.State: TIMED_WAITING
        at sun.misc.Unsafe.park(Native Method)
        at java.util.concurrent.locks.LockSupport.parkNanos(LockSupport.java:215)
        at java.util.concurrent.locks.AbstractQueuedSynchronizer$ConditionObject.awaitNanos(AbstractQueuedSynchronizer.java:2078)
        at java.util.concurrent.ScheduledThreadPoolExecutor$DelayedWorkQueue.take(ScheduledThreadPoolExecutor.java:1093)
        at java.util.concurrent.ScheduledThreadPoolExecutor$DelayedWorkQueue.take(ScheduledThreadPoolExecutor.java:809)
        at java.util.concurrent.ThreadPoolExecutor.getTask(ThreadPoolExecutor.java:1074)
        at java.util.concurrent.ThreadPoolExecutor.runWorker(ThreadPoolExecutor.java:1134)
        at java.util.concurrent.ThreadPoolExecutor$Worker.run(ThreadPoolExecutor.java:624)
        at java.lang.Thread.run(Thread.java:750)
"qtp483653299-437" daemon prio=5 tid=437 timed_waiting
java.lang.Thread.State: TIMED_WAITING
        at sun.misc.Unsafe.park(Native Method)
        at java.util.concurrent.locks.LockSupport.parkNanos(LockSupport.java:215)
        at java.util.concurrent.locks.AbstractQueuedSynchronizer$ConditionObject.awaitNanos(AbstractQueuedSynchronizer.java:2078)
        at org.eclipse.jetty.util.BlockingArrayQueue.poll(BlockingArrayQueue.java:382)
        at org.eclipse.jetty.util.thread.QueuedThreadPool$Runner.idleJobPoll(QueuedThreadPool.java:974)
        at org.eclipse.jetty.util.thread.QueuedThreadPool$Runner.run(QueuedThreadPool.java:1018)
        at java.lang.Thread.run(Thread.java:750)
"StaleRecoveringContainerScrubbingService#8" daemon prio=5 tid=1099 in Object.wait()
java.lang.Thread.State: WAITING (on object monitor)
        at sun.misc.Unsafe.park(Native Method)
        at java.util.concurrent.locks.LockSupport.park(LockSupport.java:175)
        at java.util.concurrent.locks.AbstractQueuedSynchronizer$ConditionObject.await(AbstractQueuedSynchronizer.java:2039)
        at java.util.concurrent.ScheduledThreadPoolExecutor$DelayedWorkQueue.take(ScheduledThreadPoolExecutor.java:1088)
        at java.util.concurrent.ScheduledThreadPoolExecutor$DelayedWorkQueue.take(ScheduledThreadPoolExecutor.java:809)
        at java.util.concurrent.ThreadPoolExecutor.getTask(ThreadPoolExecutor.java:1074)
        at java.util.concurrent.ThreadPoolExecutor.runWorker(ThreadPoolExecutor.java:1134)
        at java.util.concurrent.ThreadPoolExecutor$Worker.run(ThreadPoolExecutor.java:624)
        at java.lang.Thread.run(Thread.java:750)
"ChunkReader-ELG-0" daemon prio=5 tid=338 runnable
java.lang.Thread.State: RUNNABLE
        at org.apache.ratis.thirdparty.io.netty.channel.epoll.Native.epollWait(Native Method)
        at org.apache.ratis.thirdparty.io.netty.channel.epoll.Native.epollWait(Native.java:209)
        at org.apache.ratis.thirdparty.io.netty.channel.epoll.Native.epollWait(Native.java:202)
        at org.apache.ratis.thirdparty.io.netty.channel.epoll.EpollEventLoop.epollWaitNoTimerChange(EpollEventLoop.java:294)
        at org.apache.ratis.thirdparty.io.netty.channel.epoll.EpollEventLoop.run(EpollEventLoop.java:351)
        at org.apache.ratis.thirdparty.io.netty.util.concurrent.SingleThreadEventExecutor$4.run(SingleThreadEventExecutor.java:995)
        at org.apache.ratis.thirdparty.io.netty.util.internal.ThreadExecutorMap$2.run(ThreadExecutorMap.java:74)
        at java.lang.Thread.run(Thread.java:750)
"EndpointStateMachine task thread for /0.0.0.0:42997 - 0 "  prio=5 tid=543 in Object.wait()
java.lang.Thread.State: WAITING (on object monitor)
        at sun.misc.Unsafe.park(Native Method)
        at java.util.concurrent.locks.LockSupport.park(LockSupport.java:175)
        at java.util.concurrent.locks.AbstractQueuedSynchronizer$ConditionObject.await(AbstractQueuedSynchronizer.java:2039)
        at java.util.concurrent.LinkedBlockingQueue.take(LinkedBlockingQueue.java:442)
        at java.util.concurrent.ThreadPoolExecutor.getTask(ThreadPoolExecutor.java:1074)
        at java.util.concurrent.ThreadPoolExecutor.runWorker(ThreadPoolExecutor.java:1134)
        at java.util.concurrent.ThreadPoolExecutor$Worker.run(ThreadPoolExecutor.java:624)
        at java.lang.Thread.run(Thread.java:750)
"IPC Server handler 15 on default port 40677" daemon prio=5 tid=82 timed_waiting
java.lang.Thread.State: TIMED_WAITING
        at sun.misc.Unsafe.park(Native Method)
        at java.util.concurrent.locks.LockSupport.parkNanos(LockSupport.java:215)
        at java.util.concurrent.locks.AbstractQueuedSynchronizer$ConditionObject.awaitNanos(AbstractQueuedSynchronizer.java:2078)
        at java.util.concurrent.LinkedBlockingQueue.poll(LinkedBlockingQueue.java:467)
        at org.apache.hadoop.ipc.CallQueueManager.take(CallQueueManager.java:317)
        at org.apache.hadoop.ipc.Server$Handler.run(Server.java:2942)
"db462c09-4a41-41c4-b065-df9d46fc3c08@group-845F74418684-StateMachineUpdater" daemon prio=5 tid=632 timed_waiting
java.lang.Thread.State: TIMED_WAITING
        at sun.misc.Unsafe.park(Native Method)
        at java.util.concurrent.locks.LockSupport.parkNanos(LockSupport.java:215)
        at java.util.concurrent.CompletableFuture$Signaller.block(CompletableFuture.java:1709)
        at java.util.concurrent.ForkJoinPool.managedBlock(ForkJoinPool.java:3323)
        at java.util.concurrent.CompletableFuture.timedGet(CompletableFuture.java:1788)
        at java.util.concurrent.CompletableFuture.get(CompletableFuture.java:1928)
        at org.apache.ratis.util.AwaitForSignal.await(AwaitForSignal.java:56)
        at org.apache.ratis.server.impl.StateMachineUpdater.waitForCommit(StateMachineUpdater.java:207)
        at org.apache.ratis.server.impl.StateMachineUpdater.run(StateMachineUpdater.java:176)
        at java.lang.Thread.run(Thread.java:750)
"2412583d-f0ce-4b83-96a1-c4f14f6f25ae@group-845F74418684-SegmentedRaftLogWorker"  prio=5 tid=633 timed_waiting
java.lang.Thread.State: TIMED_WAITING
        at sun.misc.Unsafe.park(Native Method)
        at java.util.concurrent.locks.LockSupport.parkNanos(LockSupport.java:215)
        at java.util.concurrent.locks.AbstractQueuedSynchronizer$ConditionObject.awaitNanos(AbstractQueuedSynchronizer.java:2078)
        at org.apache.ratis.util.DataBlockingQueue.poll(DataBlockingQueue.java:148)
        at org.apache.ratis.server.raftlog.segmented.SegmentedRaftLogWorker.run(SegmentedRaftLogWorker.java:310)
        at org.apache.ratis.server.raftlog.segmented.SegmentedRaftLogWorker$$Lambda$665/1566430543.run(Unknown Source)
        at java.lang.Thread.run(Thread.java:750)
"Timer for 'StorageContainerManager' metrics system" daemon prio=5 tid=45 timed_waiting
java.lang.Thread.State: TIMED_WAITING
        at java.lang.Object.wait(Native Method)
        at java.util.TimerThread.mainLoop(Timer.java:552)
        at java.util.TimerThread.run(Timer.java:505)
"ChunkReader-6" daemon prio=5 tid=915 in Object.wait()
java.lang.Thread.State: WAITING (on object monitor)
        at sun.misc.Unsafe.park(Native Method)
        at java.util.concurrent.locks.LockSupport.park(LockSupport.java:175)
        at java.util.concurrent.locks.AbstractQueuedSynchronizer$ConditionObject.await(AbstractQueuedSynchronizer.java:2039)
        at java.util.concurrent.LinkedBlockingQueue.take(LinkedBlockingQueue.java:442)
        at java.util.concurrent.ThreadPoolExecutor.getTask(ThreadPoolExecutor.java:1074)
        at java.util.concurrent.ThreadPoolExecutor.runWorker(ThreadPoolExecutor.java:1134)
        at java.util.concurrent.ThreadPoolExecutor$Worker.run(ThreadPoolExecutor.java:624)
        at java.lang.Thread.run(Thread.java:750)
"BlockDeletingService#2" daemon prio=5 tid=1078 in Object.wait()
java.lang.Thread.State: WAITING (on object monitor)
        at sun.misc.Unsafe.park(Native Method)
        at java.util.concurrent.locks.LockSupport.park(LockSupport.java:175)
        at java.util.concurrent.locks.AbstractQueuedSynchronizer$ConditionObject.await(AbstractQueuedSynchronizer.java:2039)
        at java.util.concurrent.ScheduledThreadPoolExecutor$DelayedWorkQueue.take(ScheduledThreadPoolExecutor.java:1088)
        at java.util.concurrent.ScheduledThreadPoolExecutor$DelayedWorkQueue.take(ScheduledThreadPoolExecutor.java:809)
        at java.util.concurrent.ThreadPoolExecutor.getTask(ThreadPoolExecutor.java:1074)
        at java.util.concurrent.ThreadPoolExecutor.runWorker(ThreadPoolExecutor.java:1134)
        at java.util.concurrent.ThreadPoolExecutor$Worker.run(ThreadPoolExecutor.java:624)
        at java.lang.Thread.run(Thread.java:750)
"ChunkReader-ELG-0" daemon prio=5 tid=537 runnable
java.lang.Thread.State: RUNNABLE
        at org.apache.ratis.thirdparty.io.netty.channel.epoll.Native.epollWait0(Native Method)
        at org.apache.ratis.thirdparty.io.netty.channel.epoll.Native.epollWait(Native.java:182)
        at org.apache.ratis.thirdparty.io.netty.channel.epoll.EpollEventLoop.epollWait(EpollEventLoop.java:290)
        at org.apache.ratis.thirdparty.io.netty.channel.epoll.EpollEventLoop.run(EpollEventLoop.java:354)
        at org.apache.ratis.thirdparty.io.netty.util.concurrent.SingleThreadEventExecutor$4.run(SingleThreadEventExecutor.java:995)
        at org.apache.ratis.thirdparty.io.netty.util.internal.ThreadExecutorMap$2.run(ThreadExecutorMap.java:74)
        at java.lang.Thread.run(Thread.java:750)
"6fd96d8c-4ef2-4ba8-87f7-371671a16fe6-server-thread1" daemon prio=5 tid=889 timed_waiting
java.lang.Thread.State: TIMED_WAITING
        at sun.misc.Unsafe.park(Native Method)
        at java.util.concurrent.locks.LockSupport.parkNanos(LockSupport.java:215)
        at java.util.concurrent.SynchronousQueue$TransferStack.awaitFulfill(SynchronousQueue.java:460)
        at java.util.concurrent.SynchronousQueue$TransferStack.transfer(SynchronousQueue.java:362)
        at java.util.concurrent.SynchronousQueue.poll(SynchronousQueue.java:941)
        at java.util.concurrent.ThreadPoolExecutor.getTask(ThreadPoolExecutor.java:1073)
        at java.util.concurrent.ThreadPoolExecutor.runWorker(ThreadPoolExecutor.java:1134)
        at java.util.concurrent.ThreadPoolExecutor$Worker.run(ThreadPoolExecutor.java:624)
        at java.lang.Thread.run(Thread.java:750)
"db462c09-4a41-41c4-b065-df9d46fc3c08@group-386A04BC3586-StateMachineUpdater" daemon prio=5 tid=619 timed_waiting
java.lang.Thread.State: TIMED_WAITING
        at sun.misc.Unsafe.park(Native Method)
        at java.util.concurrent.locks.LockSupport.parkNanos(LockSupport.java:215)
        at java.util.concurrent.CompletableFuture$Signaller.block(CompletableFuture.java:1709)
        at java.util.concurrent.ForkJoinPool.managedBlock(ForkJoinPool.java:3323)
        at java.util.concurrent.CompletableFuture.timedGet(CompletableFuture.java:1788)
        at java.util.concurrent.CompletableFuture.get(CompletableFuture.java:1928)
        at org.apache.ratis.util.AwaitForSignal.await(AwaitForSignal.java:56)
        at org.apache.ratis.server.impl.StateMachineUpdater.waitForCommit(StateMachineUpdater.java:207)
        at org.apache.ratis.server.impl.StateMachineUpdater.run(StateMachineUpdater.java:176)
        at java.lang.Thread.run(Thread.java:750)
"qtp380675952-244" daemon prio=5 tid=244 timed_waiting
java.lang.Thread.State: TIMED_WAITING
        at sun.misc.Unsafe.park(Native Method)
        at java.util.concurrent.locks.LockSupport.parkNanos(LockSupport.java:215)
        at java.util.concurrent.locks.AbstractQueuedSynchronizer$ConditionObject.awaitNanos(AbstractQueuedSynchronizer.java:2078)
        at org.eclipse.jetty.util.BlockingArrayQueue.poll(BlockingArrayQueue.java:382)
        at org.eclipse.jetty.util.thread.QueuedThreadPool$Runner.idleJobPoll(QueuedThreadPool.java:974)
        at org.eclipse.jetty.util.thread.QueuedThreadPool$Runner.run(QueuedThreadPool.java:1018)
        at java.lang.Thread.run(Thread.java:750)
"IPC Server handler 15 on default port 42997" daemon prio=5 tid=102 timed_waiting
java.lang.Thread.State: TIMED_WAITING
        at sun.misc.Unsafe.park(Native Method)
        at java.util.concurrent.locks.LockSupport.parkNanos(LockSupport.java:215)
        at java.util.concurrent.locks.AbstractQueuedSynchronizer$ConditionObject.awaitNanos(AbstractQueuedSynchronizer.java:2078)
        at java.util.concurrent.LinkedBlockingQueue.poll(LinkedBlockingQueue.java:467)
        at org.apache.hadoop.ipc.CallQueueManager.take(CallQueueManager.java:317)
        at org.apache.hadoop.ipc.Server$Handler.run(Server.java:2942)
"Datanode ReportManager Thread - 1" daemon prio=5 tid=275 in Object.wait()
java.lang.Thread.State: WAITING (on object monitor)
        at sun.misc.Unsafe.park(Native Method)
        at java.util.concurrent.locks.LockSupport.park(LockSupport.java:175)
        at java.util.concurrent.locks.AbstractQueuedSynchronizer$ConditionObject.await(AbstractQueuedSynchronizer.java:2039)
        at java.util.concurrent.ScheduledThreadPoolExecutor$DelayedWorkQueue.take(ScheduledThreadPoolExecutor.java:1088)
        at java.util.concurrent.ScheduledThreadPoolExecutor$DelayedWorkQueue.take(ScheduledThreadPoolExecutor.java:809)
        at java.util.concurrent.ThreadPoolExecutor.getTask(ThreadPoolExecutor.java:1074)
        at java.util.concurrent.ThreadPoolExecutor.runWorker(ThreadPoolExecutor.java:1134)
        at java.util.concurrent.ThreadPoolExecutor$Worker.run(ThreadPoolExecutor.java:624)
        at java.lang.Thread.run(Thread.java:750)
"ChunkWriter-3-0" daemon prio=5 tid=483 in Object.wait()
java.lang.Thread.State: WAITING (on object monitor)
        at sun.misc.Unsafe.park(Native Method)
        at java.util.concurrent.locks.LockSupport.park(LockSupport.java:175)
        at java.util.concurrent.locks.AbstractQueuedSynchronizer$ConditionObject.await(AbstractQueuedSynchronizer.java:2039)
        at java.util.concurrent.LinkedBlockingDeque.takeFirst(LinkedBlockingDeque.java:492)
        at java.util.concurrent.LinkedBlockingDeque.take(LinkedBlockingDeque.java:680)
        at java.util.concurrent.ThreadPoolExecutor.getTask(ThreadPoolExecutor.java:1074)
        at java.util.concurrent.ThreadPoolExecutor.runWorker(ThreadPoolExecutor.java:1134)
        at java.util.concurrent.ThreadPoolExecutor$Worker.run(ThreadPoolExecutor.java:624)
        at java.lang.Thread.run(Thread.java:750)
"ChunkWriter-1-0" daemon prio=5 tid=481 in Object.wait()
java.lang.Thread.State: WAITING (on object monitor)
        at sun.misc.Unsafe.park(Native Method)
        at java.util.concurrent.locks.LockSupport.park(LockSupport.java:175)
        at java.util.concurrent.locks.AbstractQueuedSynchronizer$ConditionObject.await(AbstractQueuedSynchronizer.java:2039)
        at java.util.concurrent.LinkedBlockingDeque.takeFirst(LinkedBlockingDeque.java:492)
        at java.util.concurrent.LinkedBlockingDeque.take(LinkedBlockingDeque.java:680)
        at java.util.concurrent.ThreadPoolExecutor.getTask(ThreadPoolExecutor.java:1074)
        at java.util.concurrent.ThreadPoolExecutor.runWorker(ThreadPoolExecutor.java:1134)
        at java.util.concurrent.ThreadPoolExecutor$Worker.run(ThreadPoolExecutor.java:624)
        at java.lang.Thread.run(Thread.java:750)
"ChunkReader-5" daemon prio=5 tid=911 in Object.wait()
java.lang.Thread.State: WAITING (on object monitor)
        at sun.misc.Unsafe.park(Native Method)
        at java.util.concurrent.locks.LockSupport.park(LockSupport.java:175)
        at java.util.concurrent.locks.AbstractQueuedSynchronizer$ConditionObject.await(AbstractQueuedSynchronizer.java:2039)
        at java.util.concurrent.LinkedBlockingQueue.take(LinkedBlockingQueue.java:442)
        at java.util.concurrent.ThreadPoolExecutor.getTask(ThreadPoolExecutor.java:1074)
        at java.util.concurrent.ThreadPoolExecutor.runWorker(ThreadPoolExecutor.java:1134)
        at java.util.concurrent.ThreadPoolExecutor$Worker.run(ThreadPoolExecutor.java:624)
        at java.lang.Thread.run(Thread.java:750)
"surefire-forkedjvm-command-thread" daemon prio=5 tid=10 runnable
java.lang.Thread.State: RUNNABLE
        at java.io.FileInputStream.readBytes(Native Method)
        at java.io.FileInputStream.read(FileInputStream.java:255)
        at java.io.BufferedInputStream.read1(BufferedInputStream.java:284)
        at java.io.BufferedInputStream.read(BufferedInputStream.java:345)
        at java.io.BufferedInputStream.fill(BufferedInputStream.java:246)
        at java.io.BufferedInputStream.read1(BufferedInputStream.java:286)
        at java.io.BufferedInputStream.read(BufferedInputStream.java:345)
        at org.apache.maven.surefire.api.util.internal.Channels$3.readImpl(Channels.java:214)
        at org.apache.maven.surefire.api.util.internal.AbstractNoninterruptibleReadableChannel.read(AbstractNoninterruptibleReadableChannel.java:54)
        at org.apache.maven.surefire.booter.spi.LegacyMasterProcessChannelDecoder.decode(LegacyMasterProcessChannelDecoder.java:80)
        at org.apache.maven.surefire.booter.CommandReader$CommandRunnable.run(CommandReader.java:343)
        at java.lang.Thread.run(Thread.java:750)
"cb9a1e57-5a73-4518-a050-b0d695628b3e-server-thread2" daemon prio=5 tid=706 timed_waiting
java.lang.Thread.State: TIMED_WAITING
        at sun.misc.Unsafe.park(Native Method)
        at java.util.concurrent.locks.LockSupport.parkNanos(LockSupport.java:215)
        at java.util.concurrent.SynchronousQueue$TransferStack.awaitFulfill(SynchronousQueue.java:460)
        at java.util.concurrent.SynchronousQueue$TransferStack.transfer(SynchronousQueue.java:362)
        at java.util.concurrent.SynchronousQueue.poll(SynchronousQueue.java:941)
        at java.util.concurrent.ThreadPoolExecutor.getTask(ThreadPoolExecutor.java:1073)
        at java.util.concurrent.ThreadPoolExecutor.runWorker(ThreadPoolExecutor.java:1134)
        at java.util.concurrent.ThreadPoolExecutor$Worker.run(ThreadPoolExecutor.java:624)
        at java.lang.Thread.run(Thread.java:750)
"qtp1026182168-147" daemon prio=5 tid=147 timed_waiting
java.lang.Thread.State: TIMED_WAITING
        at sun.misc.Unsafe.park(Native Method)
        at java.util.concurrent.locks.LockSupport.parkNanos(LockSupport.java:215)
        at java.util.concurrent.locks.AbstractQueuedSynchronizer$ConditionObject.awaitNanos(AbstractQueuedSynchronizer.java:2078)
        at org.eclipse.jetty.util.BlockingArrayQueue.poll(BlockingArrayQueue.java:382)
        at org.eclipse.jetty.util.thread.QueuedThreadPool$Runner.idleJobPoll(QueuedThreadPool.java:974)
        at org.eclipse.jetty.util.thread.QueuedThreadPool$Runner.run(QueuedThreadPool.java:1018)
        at java.lang.Thread.run(Thread.java:750)
"StaleRecoveringContainerScrubbingService#1" daemon prio=5 tid=345 in Object.wait()
java.lang.Thread.State: WAITING (on object monitor)
        at sun.misc.Unsafe.park(Native Method)
        at java.util.concurrent.locks.LockSupport.park(LockSupport.java:175)
        at java.util.concurrent.locks.AbstractQueuedSynchronizer$ConditionObject.await(AbstractQueuedSynchronizer.java:2039)
        at java.util.concurrent.ScheduledThreadPoolExecutor$DelayedWorkQueue.take(ScheduledThreadPoolExecutor.java:1088)
        at java.util.concurrent.ScheduledThreadPoolExecutor$DelayedWorkQueue.take(ScheduledThreadPoolExecutor.java:809)
        at java.util.concurrent.ThreadPoolExecutor.getTask(ThreadPoolExecutor.java:1074)
        at java.util.concurrent.ThreadPoolExecutor.runWorker(ThreadPoolExecutor.java:1134)
        at java.util.concurrent.ThreadPoolExecutor$Worker.run(ThreadPoolExecutor.java:624)
        at java.lang.Thread.run(Thread.java:750)
"ChunkReader-0" daemon prio=5 tid=754 in Object.wait()
java.lang.Thread.State: WAITING (on object monitor)
        at sun.misc.Unsafe.park(Native Method)
        at java.util.concurrent.locks.LockSupport.park(LockSupport.java:175)
        at java.util.concurrent.locks.AbstractQueuedSynchronizer$ConditionObject.await(AbstractQueuedSynchronizer.java:2039)
        at java.util.concurrent.LinkedBlockingQueue.take(LinkedBlockingQueue.java:442)
        at java.util.concurrent.ThreadPoolExecutor.getTask(ThreadPoolExecutor.java:1074)
        at java.util.concurrent.ThreadPoolExecutor.runWorker(ThreadPoolExecutor.java:1134)
        at java.util.concurrent.ThreadPoolExecutor$Worker.run(ThreadPoolExecutor.java:624)
        at java.lang.Thread.run(Thread.java:750)
"IPC Server handler 2 on default port 40677" daemon prio=5 tid=69 timed_waiting
java.lang.Thread.State: TIMED_WAITING
        at sun.misc.Unsafe.park(Native Method)
        at java.util.concurrent.locks.LockSupport.parkNanos(LockSupport.java:215)
        at java.util.concurrent.locks.AbstractQueuedSynchronizer$ConditionObject.awaitNanos(AbstractQueuedSynchronizer.java:2078)
        at java.util.concurrent.LinkedBlockingQueue.poll(LinkedBlockingQueue.java:467)
        at org.apache.hadoop.ipc.CallQueueManager.take(CallQueueManager.java:317)
        at org.apache.hadoop.ipc.Server$Handler.run(Server.java:2942)
"StaleRecoveringContainerScrubbingService#0" daemon prio=5 tid=449 in Object.wait()
java.lang.Thread.State: WAITING (on object monitor)
        at sun.misc.Unsafe.park(Native Method)
        at java.util.concurrent.locks.LockSupport.park(LockSupport.java:175)
        at java.util.concurrent.locks.AbstractQueuedSynchronizer$ConditionObject.await(AbstractQueuedSynchronizer.java:2039)
        at java.util.concurrent.ScheduledThreadPoolExecutor$DelayedWorkQueue.take(ScheduledThreadPoolExecutor.java:1088)
        at java.util.concurrent.ScheduledThreadPoolExecutor$DelayedWorkQueue.take(ScheduledThreadPoolExecutor.java:809)
        at java.util.concurrent.ThreadPoolExecutor.getTask(ThreadPoolExecutor.java:1074)
        at java.util.concurrent.ThreadPoolExecutor.runWorker(ThreadPoolExecutor.java:1134)
        at java.util.concurrent.ThreadPoolExecutor$Worker.run(ThreadPoolExecutor.java:624)
        at java.lang.Thread.run(Thread.java:750)
"ChunkWriter-1-0" daemon prio=5 tid=508 in Object.wait()
java.lang.Thread.State: WAITING (on object monitor)
        at sun.misc.Unsafe.park(Native Method)
        at java.util.concurrent.locks.LockSupport.park(LockSupport.java:175)
        at java.util.concurrent.locks.AbstractQueuedSynchronizer$ConditionObject.await(AbstractQueuedSynchronizer.java:2039)
        at java.util.concurrent.LinkedBlockingDeque.takeFirst(LinkedBlockingDeque.java:492)
        at java.util.concurrent.LinkedBlockingDeque.take(LinkedBlockingDeque.java:680)
        at java.util.concurrent.ThreadPoolExecutor.getTask(ThreadPoolExecutor.java:1074)
        at java.util.concurrent.ThreadPoolExecutor.runWorker(ThreadPoolExecutor.java:1134)
        at java.util.concurrent.ThreadPoolExecutor$Worker.run(ThreadPoolExecutor.java:624)
        at java.lang.Thread.run(Thread.java:750)
"ChunkReader-0" daemon prio=5 tid=1018 in Object.wait()
java.lang.Thread.State: WAITING (on object monitor)
        at sun.misc.Unsafe.park(Native Method)
        at java.util.concurrent.locks.LockSupport.park(LockSupport.java:175)
        at java.util.concurrent.locks.AbstractQueuedSynchronizer$ConditionObject.await(AbstractQueuedSynchronizer.java:2039)
        at java.util.concurrent.LinkedBlockingQueue.take(LinkedBlockingQueue.java:442)
        at java.util.concurrent.ThreadPoolExecutor.getTask(ThreadPoolExecutor.java:1074)
        at java.util.concurrent.ThreadPoolExecutor.runWorker(ThreadPoolExecutor.java:1134)
        at java.util.concurrent.ThreadPoolExecutor$Worker.run(ThreadPoolExecutor.java:624)
        at java.lang.Thread.run(Thread.java:750)
"qtp2032401286-393" daemon prio=5 tid=393 runnable
java.lang.Thread.State: RUNNABLE
        at sun.nio.ch.EPollArrayWrapper.epollWait(Native Method)
        at sun.nio.ch.EPollArrayWrapper.poll(EPollArrayWrapper.java:269)
        at sun.nio.ch.EPollSelectorImpl.doSelect(EPollSelectorImpl.java:93)
        at sun.nio.ch.SelectorImpl.lockAndDoSelect(SelectorImpl.java:86)
        at sun.nio.ch.SelectorImpl.select(SelectorImpl.java:97)
        at sun.nio.ch.SelectorImpl.select(SelectorImpl.java:101)
        at org.eclipse.jetty.io.ManagedSelector.nioSelect(ManagedSelector.java:183)
        at org.eclipse.jetty.io.ManagedSelector.select(ManagedSelector.java:190)
        at org.eclipse.jetty.io.ManagedSelector$SelectorProducer.select(ManagedSelector.java:606)
        at org.eclipse.jetty.io.ManagedSelector$SelectorProducer.produce(ManagedSelector.java:543)
        at org.eclipse.jetty.util.thread.strategy.EatWhatYouKill.produceTask(EatWhatYouKill.java:362)
        at org.eclipse.jetty.util.thread.strategy.EatWhatYouKill.doProduce(EatWhatYouKill.java:186)
        at org.eclipse.jetty.util.thread.strategy.EatWhatYouKill.tryProduce(EatWhatYouKill.java:173)
        at org.eclipse.jetty.util.thread.strategy.EatWhatYouKill.produce(EatWhatYouKill.java:137)
        at org.eclipse.jetty.io.ManagedSelector$$Lambda$446/1969754956.run(Unknown Source)
        at org.eclipse.jetty.util.thread.QueuedThreadPool.runJob(QueuedThreadPool.java:883)
        at org.eclipse.jetty.util.thread.QueuedThreadPool$Runner.run(QueuedThreadPool.java:1034)
        at java.lang.Thread.run(Thread.java:750)
"StaleRecoveringContainerScrubbingService#7" daemon prio=5 tid=1095 in Object.wait()
java.lang.Thread.State: WAITING (on object monitor)
        at sun.misc.Unsafe.park(Native Method)
        at java.util.concurrent.locks.LockSupport.park(LockSupport.java:175)
        at java.util.concurrent.locks.AbstractQueuedSynchronizer$ConditionObject.await(AbstractQueuedSynchronizer.java:2039)
        at java.util.concurrent.ScheduledThreadPoolExecutor$DelayedWorkQueue.take(ScheduledThreadPoolExecutor.java:1088)
        at java.util.concurrent.ScheduledThreadPoolExecutor$DelayedWorkQueue.take(ScheduledThreadPoolExecutor.java:809)
        at java.util.concurrent.ThreadPoolExecutor.getTask(ThreadPoolExecutor.java:1074)
        at java.util.concurrent.ThreadPoolExecutor.runWorker(ThreadPoolExecutor.java:1134)
        at java.util.concurrent.ThreadPoolExecutor$Worker.run(ThreadPoolExecutor.java:624)
        at java.lang.Thread.run(Thread.java:750)
"IPC Server handler 14 on default port 35707" daemon prio=5 tid=61 timed_waiting
java.lang.Thread.State: TIMED_WAITING
        at sun.misc.Unsafe.park(Native Method)
        at java.util.concurrent.locks.LockSupport.parkNanos(LockSupport.java:215)
        at java.util.concurrent.locks.AbstractQueuedSynchronizer$ConditionObject.awaitNanos(AbstractQueuedSynchronizer.java:2078)
        at java.util.concurrent.LinkedBlockingQueue.poll(LinkedBlockingQueue.java:467)
        at org.apache.hadoop.ipc.CallQueueManager.take(CallQueueManager.java:317)
        at org.apache.hadoop.ipc.Server$Handler.run(Server.java:2942)
"Datanode ReportManager Thread - 0" daemon prio=5 tid=333 in Object.wait()
java.lang.Thread.State: WAITING (on object monitor)
        at sun.misc.Unsafe.park(Native Method)
        at java.util.concurrent.locks.LockSupport.park(LockSupport.java:175)
        at java.util.concurrent.locks.AbstractQueuedSynchronizer$ConditionObject.await(AbstractQueuedSynchronizer.java:2039)
        at java.util.concurrent.ScheduledThreadPoolExecutor$DelayedWorkQueue.take(ScheduledThreadPoolExecutor.java:1088)
        at java.util.concurrent.ScheduledThreadPoolExecutor$DelayedWorkQueue.take(ScheduledThreadPoolExecutor.java:809)
        at java.util.concurrent.ThreadPoolExecutor.getTask(ThreadPoolExecutor.java:1074)
        at java.util.concurrent.ThreadPoolExecutor.runWorker(ThreadPoolExecutor.java:1134)
        at java.util.concurrent.ThreadPoolExecutor$Worker.run(ThreadPoolExecutor.java:624)
        at java.lang.Thread.run(Thread.java:750)
"ChunkReader-7" daemon prio=5 tid=922 in Object.wait()
java.lang.Thread.State: WAITING (on object monitor)
        at sun.misc.Unsafe.park(Native Method)
        at java.util.concurrent.locks.LockSupport.park(LockSupport.java:175)
        at java.util.concurrent.locks.AbstractQueuedSynchronizer$ConditionObject.await(AbstractQueuedSynchronizer.java:2039)
        at java.util.concurrent.LinkedBlockingQueue.take(LinkedBlockingQueue.java:442)
        at java.util.concurrent.ThreadPoolExecutor.getTask(ThreadPoolExecutor.java:1074)
        at java.util.concurrent.ThreadPoolExecutor.runWorker(ThreadPoolExecutor.java:1134)
        at java.util.concurrent.ThreadPoolExecutor$Worker.run(ThreadPoolExecutor.java:624)
        at java.lang.Thread.run(Thread.java:750)
"Datanode ReportManager Thread - 0" daemon prio=5 tid=497 in Object.wait()
java.lang.Thread.State: WAITING (on object monitor)
        at sun.misc.Unsafe.park(Native Method)
        at java.util.concurrent.locks.LockSupport.park(LockSupport.java:175)
        at java.util.concurrent.locks.AbstractQueuedSynchronizer$ConditionObject.await(AbstractQueuedSynchronizer.java:2039)
        at java.util.concurrent.ScheduledThreadPoolExecutor$DelayedWorkQueue.take(ScheduledThreadPoolExecutor.java:1088)
        at java.util.concurrent.ScheduledThreadPoolExecutor$DelayedWorkQueue.take(ScheduledThreadPoolExecutor.java:809)
        at java.util.concurrent.ThreadPoolExecutor.getTask(ThreadPoolExecutor.java:1074)
        at java.util.concurrent.ThreadPoolExecutor.runWorker(ThreadPoolExecutor.java:1134)
        at java.util.concurrent.ThreadPoolExecutor$Worker.run(ThreadPoolExecutor.java:624)
        at java.lang.Thread.run(Thread.java:750)
"IPC Server handler 4 on default port 35707" daemon prio=5 tid=51 timed_waiting
java.lang.Thread.State: TIMED_WAITING
        at sun.misc.Unsafe.park(Native Method)
        at java.util.concurrent.locks.LockSupport.parkNanos(LockSupport.java:215)
        at java.util.concurrent.locks.AbstractQueuedSynchronizer$ConditionObject.awaitNanos(AbstractQueuedSynchronizer.java:2078)
        at java.util.concurrent.LinkedBlockingQueue.poll(LinkedBlockingQueue.java:467)
        at org.apache.hadoop.ipc.CallQueueManager.take(CallQueueManager.java:317)
        at org.apache.hadoop.ipc.Server$Handler.run(Server.java:2942)
"StaleRecoveringContainerScrubbingService#1" daemon prio=5 tid=488 in Object.wait()
java.lang.Thread.State: WAITING (on object monitor)
        at sun.misc.Unsafe.park(Native Method)
        at java.util.concurrent.locks.LockSupport.park(LockSupport.java:175)
        at java.util.concurrent.locks.AbstractQueuedSynchronizer$ConditionObject.await(AbstractQueuedSynchronizer.java:2039)
        at java.util.concurrent.ScheduledThreadPoolExecutor$DelayedWorkQueue.take(ScheduledThreadPoolExecutor.java:1088)
        at java.util.concurrent.ScheduledThreadPoolExecutor$DelayedWorkQueue.take(ScheduledThreadPoolExecutor.java:809)
        at java.util.concurrent.ThreadPoolExecutor.getTask(ThreadPoolExecutor.java:1074)
        at java.util.concurrent.ThreadPoolExecutor.runWorker(ThreadPoolExecutor.java:1134)
        at java.util.concurrent.ThreadPoolExecutor$Worker.run(ThreadPoolExecutor.java:624)
        at java.lang.Thread.run(Thread.java:750)
"Datanode State Machine Task Thread - 0"  prio=5 tid=422 in Object.wait()
java.lang.Thread.State: WAITING (on object monitor)
        at sun.misc.Unsafe.park(Native Method)
        at java.util.concurrent.locks.LockSupport.park(LockSupport.java:175)
        at java.util.concurrent.locks.AbstractQueuedSynchronizer$ConditionObject.await(AbstractQueuedSynchronizer.java:2039)
        at java.util.concurrent.LinkedBlockingQueue.take(LinkedBlockingQueue.java:442)
        at java.util.concurrent.ThreadPoolExecutor.getTask(ThreadPoolExecutor.java:1074)
        at java.util.concurrent.ThreadPoolExecutor.runWorker(ThreadPoolExecutor.java:1134)
        at java.util.concurrent.ThreadPoolExecutor$Worker.run(ThreadPoolExecutor.java:624)
        at java.lang.Thread.run(Thread.java:750)
"org.apache.hadoop.util.JvmPauseMonitor$Monitor@75553b33" daemon prio=5 tid=341 timed_waiting
java.lang.Thread.State: TIMED_WAITING
        at java.lang.Thread.sleep(Native Method)
        at org.apache.hadoop.util.JvmPauseMonitor$Monitor.run(JvmPauseMonitor.java:192)
        at java.lang.Thread.run(Thread.java:750)
"StaleRecoveringContainerScrubbingService#2" daemon prio=5 tid=708 timed_waiting
java.lang.Thread.State: TIMED_WAITING
        at sun.misc.Unsafe.park(Native Method)
        at java.util.concurrent.locks.LockSupport.parkNanos(LockSupport.java:215)
        at java.util.concurrent.locks.AbstractQueuedSynchronizer$ConditionObject.awaitNanos(AbstractQueuedSynchronizer.java:2078)
        at java.util.concurrent.ScheduledThreadPoolExecutor$DelayedWorkQueue.take(ScheduledThreadPoolExecutor.java:1093)
        at java.util.concurrent.ScheduledThreadPoolExecutor$DelayedWorkQueue.take(ScheduledThreadPoolExecutor.java:809)
        at java.util.concurrent.ThreadPoolExecutor.getTask(ThreadPoolExecutor.java:1074)
        at java.util.concurrent.ThreadPoolExecutor.runWorker(ThreadPoolExecutor.java:1134)
        at java.util.concurrent.ThreadPoolExecutor$Worker.run(ThreadPoolExecutor.java:624)
        at java.lang.Thread.run(Thread.java:750)
"IPC Server handler 3 on default port 42997" daemon prio=5 tid=90 timed_waiting
java.lang.Thread.State: TIMED_WAITING
        at sun.misc.Unsafe.park(Native Method)
        at java.util.concurrent.locks.LockSupport.parkNanos(LockSupport.java:215)
        at java.util.concurrent.locks.AbstractQueuedSynchronizer$ConditionObject.awaitNanos(AbstractQueuedSynchronizer.java:2078)
        at java.util.concurrent.LinkedBlockingQueue.poll(LinkedBlockingQueue.java:467)
        at org.apache.hadoop.ipc.CallQueueManager.take(CallQueueManager.java:317)
        at org.apache.hadoop.ipc.Server$Handler.run(Server.java:2942)
"6fd96d8c-4ef2-4ba8-87f7-371671a16fe6@group-F81AFF323CCD-StateMachineUpdater" daemon prio=5 tid=646 timed_waiting
java.lang.Thread.State: TIMED_WAITING
        at sun.misc.Unsafe.park(Native Method)
        at java.util.concurrent.locks.LockSupport.parkNanos(LockSupport.java:215)
        at java.util.concurrent.CompletableFuture$Signaller.block(CompletableFuture.java:1709)
        at java.util.concurrent.ForkJoinPool.managedBlock(ForkJoinPool.java:3323)
        at java.util.concurrent.CompletableFuture.timedGet(CompletableFuture.java:1788)
        at java.util.concurrent.CompletableFuture.get(CompletableFuture.java:1928)
        at org.apache.ratis.util.AwaitForSignal.await(AwaitForSignal.java:56)
        at org.apache.ratis.server.impl.StateMachineUpdater.waitForCommit(StateMachineUpdater.java:207)
        at org.apache.ratis.server.impl.StateMachineUpdater.run(StateMachineUpdater.java:176)
        at java.lang.Thread.run(Thread.java:750)
"StaleRecoveringContainerScrubbingService#8" daemon prio=5 tid=1102 in Object.wait()
java.lang.Thread.State: WAITING (on object monitor)
        at sun.misc.Unsafe.park(Native Method)
        at java.util.concurrent.locks.LockSupport.park(LockSupport.java:175)
        at java.util.concurrent.locks.AbstractQueuedSynchronizer$ConditionObject.await(AbstractQueuedSynchronizer.java:2039)
        at java.util.concurrent.ScheduledThreadPoolExecutor$DelayedWorkQueue.take(ScheduledThreadPoolExecutor.java:1088)
        at java.util.concurrent.ScheduledThreadPoolExecutor$DelayedWorkQueue.take(ScheduledThreadPoolExecutor.java:809)
        at java.util.concurrent.ThreadPoolExecutor.getTask(ThreadPoolExecutor.java:1074)
        at java.util.concurrent.ThreadPoolExecutor.runWorker(ThreadPoolExecutor.java:1134)
        at java.util.concurrent.ThreadPoolExecutor$Worker.run(ThreadPoolExecutor.java:624)
        at java.lang.Thread.run(Thread.java:750)
"Datanode State Machine Daemon Thread" daemon prio=5 tid=332 timed_waiting
java.lang.Thread.State: TIMED_WAITING
        at java.lang.Thread.sleep(Native Method)
        at org.apache.hadoop.ozone.container.common.statemachine.DatanodeStateMachine.startStateMachineThread(DatanodeStateMachine.java:321)
        at org.apache.hadoop.ozone.container.common.statemachine.DatanodeStateMachine.lambda$startDaemon$0(DatanodeStateMachine.java:506)
        at org.apache.hadoop.ozone.container.common.statemachine.DatanodeStateMachine$$Lambda$751/1388137600.run(Unknown Source)
        at java.lang.Thread.run(Thread.java:750)
"Socket Reader #1 for port 0"  prio=5 tid=32 runnable
java.lang.Thread.State: RUNNABLE
        at sun.nio.ch.EPollArrayWrapper.epollWait(Native Method)
        at sun.nio.ch.EPollArrayWrapper.poll(EPollArrayWrapper.java:269)
        at sun.nio.ch.EPollSelectorImpl.doSelect(EPollSelectorImpl.java:93)
        at sun.nio.ch.SelectorImpl.lockAndDoSelect(SelectorImpl.java:86)
        at sun.nio.ch.SelectorImpl.select(SelectorImpl.java:97)
        at sun.nio.ch.SelectorImpl.select(SelectorImpl.java:101)
        at org.apache.hadoop.ipc.Server$Listener$Reader.doRunLoop(Server.java:1296)
        at org.apache.hadoop.ipc.Server$Listener$Reader.run(Server.java:1275)
"db462c09-4a41-41c4-b065-df9d46fc3c08@group-845F74418684-LeaderStateImpl" daemon prio=5 tid=886 timed_waiting
java.lang.Thread.State: TIMED_WAITING
        at sun.misc.Unsafe.park(Native Method)
        at java.util.concurrent.locks.LockSupport.parkNanos(LockSupport.java:215)
        at java.util.concurrent.locks.AbstractQueuedSynchronizer$ConditionObject.awaitNanos(AbstractQueuedSynchronizer.java:2078)
        at java.util.concurrent.ArrayBlockingQueue.poll(ArrayBlockingQueue.java:418)
        at org.apache.ratis.server.impl.LeaderStateImpl$EventQueue.poll(LeaderStateImpl.java:159)
        at org.apache.ratis.server.impl.LeaderStateImpl$EventProcessor.run(LeaderStateImpl.java:630)
"qtp70104063-110" daemon prio=5 tid=110 runnable
java.lang.Thread.State: RUNNABLE
        at sun.nio.ch.EPollArrayWrapper.epollWait(Native Method)
        at sun.nio.ch.EPollArrayWrapper.poll(EPollArrayWrapper.java:269)
        at sun.nio.ch.EPollSelectorImpl.doSelect(EPollSelectorImpl.java:93)
        at sun.nio.ch.SelectorImpl.lockAndDoSelect(SelectorImpl.java:86)
        at sun.nio.ch.SelectorImpl.select(SelectorImpl.java:97)
        at sun.nio.ch.SelectorImpl.select(SelectorImpl.java:101)
        at org.eclipse.jetty.io.ManagedSelector.nioSelect(ManagedSelector.java:183)
        at org.eclipse.jetty.io.ManagedSelector.select(ManagedSelector.java:190)
        at org.eclipse.jetty.io.ManagedSelector$SelectorProducer.select(ManagedSelector.java:606)
        at org.eclipse.jetty.io.ManagedSelector$SelectorProducer.produce(ManagedSelector.java:543)
        at org.eclipse.jetty.util.thread.strategy.EatWhatYouKill.produceTask(EatWhatYouKill.java:362)
        at org.eclipse.jetty.util.thread.strategy.EatWhatYouKill.doProduce(EatWhatYouKill.java:186)
        at org.eclipse.jetty.util.thread.strategy.EatWhatYouKill.tryProduce(EatWhatYouKill.java:173)
        at org.eclipse.jetty.util.thread.strategy.EatWhatYouKill.produce(EatWhatYouKill.java:137)
        at org.eclipse.jetty.io.ManagedSelector$$Lambda$446/1969754956.run(Unknown Source)
        at org.eclipse.jetty.util.thread.QueuedThreadPool.runJob(QueuedThreadPool.java:883)
        at org.eclipse.jetty.util.thread.QueuedThreadPool$Runner.run(QueuedThreadPool.java:1034)
        at java.lang.Thread.run(Thread.java:750)
"BlockDeletingService#2" daemon prio=5 tid=1094 in Object.wait()
java.lang.Thread.State: WAITING (on object monitor)
        at sun.misc.Unsafe.park(Native Method)
        at java.util.concurrent.locks.LockSupport.park(LockSupport.java:175)
        at java.util.concurrent.locks.AbstractQueuedSynchronizer$ConditionObject.await(AbstractQueuedSynchronizer.java:2039)
        at java.util.concurrent.ScheduledThreadPoolExecutor$DelayedWorkQueue.take(ScheduledThreadPoolExecutor.java:1088)
        at java.util.concurrent.ScheduledThreadPoolExecutor$DelayedWorkQueue.take(ScheduledThreadPoolExecutor.java:809)
        at java.util.concurrent.ThreadPoolExecutor.getTask(ThreadPoolExecutor.java:1074)
        at java.util.concurrent.ThreadPoolExecutor.runWorker(ThreadPoolExecutor.java:1134)
        at java.util.concurrent.ThreadPoolExecutor$Worker.run(ThreadPoolExecutor.java:624)
        at java.lang.Thread.run(Thread.java:750)
"qtp1996954635-293" daemon prio=5 tid=293 timed_waiting
java.lang.Thread.State: TIMED_WAITING
        at sun.misc.Unsafe.park(Native Method)
        at java.util.concurrent.locks.LockSupport.parkNanos(LockSupport.java:215)
        at java.util.concurrent.locks.AbstractQueuedSynchronizer$ConditionObject.awaitNanos(AbstractQueuedSynchronizer.java:2078)
        at org.eclipse.jetty.util.BlockingArrayQueue.poll(BlockingArrayQueue.java:382)
        at org.eclipse.jetty.util.thread.QueuedThreadPool$Runner.idleJobPoll(QueuedThreadPool.java:974)
        at org.eclipse.jetty.util.thread.QueuedThreadPool$Runner.run(QueuedThreadPool.java:1018)
        at java.lang.Thread.run(Thread.java:750)
"pool-150-thread-1"  prio=5 tid=263 timed_waiting
java.lang.Thread.State: TIMED_WAITING
        at sun.misc.Unsafe.park(Native Method)
        at java.util.concurrent.locks.LockSupport.parkNanos(LockSupport.java:215)
        at java.util.concurrent.locks.AbstractQueuedSynchronizer$ConditionObject.awaitNanos(AbstractQueuedSynchronizer.java:2078)
        at java.util.concurrent.ScheduledThreadPoolExecutor$DelayedWorkQueue.take(ScheduledThreadPoolExecutor.java:1093)
        at java.util.concurrent.ScheduledThreadPoolExecutor$DelayedWorkQueue.take(ScheduledThreadPoolExecutor.java:809)
        at java.util.concurrent.ThreadPoolExecutor.getTask(ThreadPoolExecutor.java:1074)
        at java.util.concurrent.ThreadPoolExecutor.runWorker(ThreadPoolExecutor.java:1134)
        at java.util.concurrent.ThreadPoolExecutor$Worker.run(ThreadPoolExecutor.java:624)
        at java.lang.Thread.run(Thread.java:750)
"qtp1996954635-296" daemon prio=5 tid=296 timed_waiting
java.lang.Thread.State: TIMED_WAITING
        at sun.misc.Unsafe.park(Native Method)
        at java.util.concurrent.locks.LockSupport.parkNanos(LockSupport.java:215)
        at java.util.concurrent.locks.AbstractQueuedSynchronizer$ConditionObject.awaitNanos(AbstractQueuedSynchronizer.java:2078)
        at org.eclipse.jetty.util.BlockingArrayQueue.poll(BlockingArrayQueue.java:382)
        at org.eclipse.jetty.util.thread.QueuedThreadPool$Runner.idleJobPoll(QueuedThreadPool.java:974)
        at org.eclipse.jetty.util.thread.QueuedThreadPool$Runner.run(QueuedThreadPool.java:1018)
        at java.lang.Thread.run(Thread.java:750)
"StaleRecoveringContainerScrubbingService#0" daemon prio=5 tid=539 in Object.wait()
java.lang.Thread.State: WAITING (on object monitor)
        at sun.misc.Unsafe.park(Native Method)
        at java.util.concurrent.locks.LockSupport.park(LockSupport.java:175)
        at java.util.concurrent.locks.AbstractQueuedSynchronizer$ConditionObject.await(AbstractQueuedSynchronizer.java:2039)
        at java.util.concurrent.ScheduledThreadPoolExecutor$DelayedWorkQueue.take(ScheduledThreadPoolExecutor.java:1088)
        at java.util.concurrent.ScheduledThreadPoolExecutor$DelayedWorkQueue.take(ScheduledThreadPoolExecutor.java:809)
        at java.util.concurrent.ThreadPoolExecutor.getTask(ThreadPoolExecutor.java:1074)
        at java.util.concurrent.ThreadPoolExecutor.runWorker(ThreadPoolExecutor.java:1134)
        at java.util.concurrent.ThreadPoolExecutor$Worker.run(ThreadPoolExecutor.java:624)
        at java.lang.Thread.run(Thread.java:750)
"Datanode State Machine Daemon Thread" daemon prio=5 tid=221 timed_waiting
java.lang.Thread.State: TIMED_WAITING
        at java.lang.Thread.sleep(Native Method)
        at org.apache.hadoop.ozone.container.common.statemachine.DatanodeStateMachine.startStateMachineThread(DatanodeStateMachine.java:321)
        at org.apache.hadoop.ozone.container.common.statemachine.DatanodeStateMachine.lambda$startDaemon$0(DatanodeStateMachine.java:506)
        at org.apache.hadoop.ozone.container.common.statemachine.DatanodeStateMachine$$Lambda$751/1388137600.run(Unknown Source)
        at java.lang.Thread.run(Thread.java:750)
"timer0" daemon prio=5 tid=791 timed_waiting
java.lang.Thread.State: TIMED_WAITING
        at java.lang.Object.wait(Native Method)
        at java.util.TimerThread.mainLoop(Timer.java:552)
        at java.util.TimerThread.run(Timer.java:505)
"BlockDeletingService#3" daemon prio=5 tid=1120 in Object.wait()
java.lang.Thread.State: WAITING (on object monitor)
        at sun.misc.Unsafe.park(Native Method)
        at java.util.concurrent.locks.LockSupport.park(LockSupport.java:175)
        at java.util.concurrent.locks.AbstractQueuedSynchronizer$ConditionObject.await(AbstractQueuedSynchronizer.java:2039)
        at java.util.concurrent.ScheduledThreadPoolExecutor$DelayedWorkQueue.take(ScheduledThreadPoolExecutor.java:1088)
        at java.util.concurrent.ScheduledThreadPoolExecutor$DelayedWorkQueue.take(ScheduledThreadPoolExecutor.java:809)
        at java.util.concurrent.ThreadPoolExecutor.getTask(ThreadPoolExecutor.java:1074)
        at java.util.concurrent.ThreadPoolExecutor.runWorker(ThreadPoolExecutor.java:1134)
        at java.util.concurrent.ThreadPoolExecutor$Worker.run(ThreadPoolExecutor.java:624)
        at java.lang.Thread.run(Thread.java:750)
"Attach Listener" daemon prio=9 tid=1036 runnable
java.lang.Thread.State: RUNNABLE
"FullTableCache Cleanup Thread - 0" daemon prio=5 tid=745 in Object.wait()
java.lang.Thread.State: WAITING (on object monitor)
        at sun.misc.Unsafe.park(Native Method)
        at java.util.concurrent.locks.LockSupport.park(LockSupport.java:175)
        at java.util.concurrent.locks.AbstractQueuedSynchronizer$ConditionObject.await(AbstractQueuedSynchronizer.java:2039)
        at java.util.concurrent.LinkedBlockingQueue.take(LinkedBlockingQueue.java:442)
        at java.util.concurrent.ThreadPoolExecutor.getTask(ThreadPoolExecutor.java:1074)
        at java.util.concurrent.ThreadPoolExecutor.runWorker(ThreadPoolExecutor.java:1134)
        at java.util.concurrent.ThreadPoolExecutor$Worker.run(ThreadPoolExecutor.java:624)
        at java.lang.Thread.run(Thread.java:750)
"ChunkReader-5" daemon prio=5 tid=919 in Object.wait()
java.lang.Thread.State: WAITING (on object monitor)
        at sun.misc.Unsafe.park(Native Method)
        at java.util.concurrent.locks.LockSupport.park(LockSupport.java:175)
        at java.util.concurrent.locks.AbstractQueuedSynchronizer$ConditionObject.await(AbstractQueuedSynchronizer.java:2039)
        at java.util.concurrent.LinkedBlockingQueue.take(LinkedBlockingQueue.java:442)
        at java.util.concurrent.ThreadPoolExecutor.getTask(ThreadPoolExecutor.java:1074)
        at java.util.concurrent.ThreadPoolExecutor.runWorker(ThreadPoolExecutor.java:1134)
        at java.util.concurrent.ThreadPoolExecutor$Worker.run(ThreadPoolExecutor.java:624)
        at java.lang.Thread.run(Thread.java:750)
"IPC Server handler 14 on default port 42997" daemon prio=5 tid=101 timed_waiting
java.lang.Thread.State: TIMED_WAITING
        at sun.misc.Unsafe.park(Native Method)
        at java.util.concurrent.locks.LockSupport.parkNanos(LockSupport.java:215)
        at java.util.concurrent.locks.AbstractQueuedSynchronizer$ConditionObject.awaitNanos(AbstractQueuedSynchronizer.java:2078)
        at java.util.concurrent.LinkedBlockingQueue.poll(LinkedBlockingQueue.java:467)
        at org.apache.hadoop.ipc.CallQueueManager.take(CallQueueManager.java:317)
        at org.apache.hadoop.ipc.Server$Handler.run(Server.java:2942)
"FixedThreadPoolWithAffinityExecutor-0-0" daemon prio=5 tid=35 timed_waiting
java.lang.Thread.State: TIMED_WAITING
        at sun.misc.Unsafe.park(Native Method)
        at java.util.concurrent.locks.LockSupport.parkNanos(LockSupport.java:215)
        at java.util.concurrent.locks.AbstractQueuedSynchronizer$ConditionObject.awaitNanos(AbstractQueuedSynchronizer.java:2078)
        at java.util.concurrent.LinkedBlockingQueue.poll(LinkedBlockingQueue.java:467)
        at org.apache.hadoop.hdds.scm.server.ContainerReportQueue.poll(ContainerReportQueue.java:266)
        at org.apache.hadoop.hdds.scm.server.ContainerReportQueue.poll(ContainerReportQueue.java:42)
        at org.apache.hadoop.hdds.server.events.FixedThreadPoolWithAffinityExecutor$ContainerReportProcessTask.run(FixedThreadPoolWithAffinityExecutor.java:248)
        at java.util.concurrent.Executors$RunnableAdapter.call(Executors.java:511)
        at java.util.concurrent.FutureTask.run(FutureTask.java:266)
        at java.util.concurrent.ThreadPoolExecutor.runWorker(ThreadPoolExecutor.java:1149)
        at java.util.concurrent.ThreadPoolExecutor$Worker.run(ThreadPoolExecutor.java:624)
        at java.lang.Thread.run(Thread.java:750)
"grpc-default-worker-ELG-3-2" daemon prio=5 tid=578 runnable
java.lang.Thread.State: RUNNABLE
        at org.apache.ratis.thirdparty.io.netty.channel.epoll.Native.epollWait0(Native Method)
        at org.apache.ratis.thirdparty.io.netty.channel.epoll.Native.epollWait(Native.java:182)
        at org.apache.ratis.thirdparty.io.netty.channel.epoll.EpollEventLoop.epollWait(EpollEventLoop.java:290)
        at org.apache.ratis.thirdparty.io.netty.channel.epoll.EpollEventLoop.run(EpollEventLoop.java:354)
        at org.apache.ratis.thirdparty.io.netty.util.concurrent.SingleThreadEventExecutor$4.run(SingleThreadEventExecutor.java:995)
        at org.apache.ratis.thirdparty.io.netty.util.internal.ThreadExecutorMap$2.run(ThreadExecutorMap.java:74)
        at org.apache.ratis.thirdparty.io.netty.util.concurrent.FastThreadLocalRunnable.run(FastThreadLocalRunnable.java:30)
        at java.lang.Thread.run(Thread.java:750)
"ChunkReader-5" daemon prio=5 tid=909 in Object.wait()
java.lang.Thread.State: WAITING (on object monitor)
        at sun.misc.Unsafe.park(Native Method)
        at java.util.concurrent.locks.LockSupport.park(LockSupport.java:175)
        at java.util.concurrent.locks.AbstractQueuedSynchronizer$ConditionObject.await(AbstractQueuedSynchronizer.java:2039)
        at java.util.concurrent.LinkedBlockingQueue.take(LinkedBlockingQueue.java:442)
        at java.util.concurrent.ThreadPoolExecutor.getTask(ThreadPoolExecutor.java:1074)
        at java.util.concurrent.ThreadPoolExecutor.runWorker(ThreadPoolExecutor.java:1134)
        at java.util.concurrent.ThreadPoolExecutor$Worker.run(ThreadPoolExecutor.java:624)
        at java.lang.Thread.run(Thread.java:750)
"ChunkWriter-0-0" daemon prio=5 tid=404 in Object.wait()
java.lang.Thread.State: WAITING (on object monitor)
        at sun.misc.Unsafe.park(Native Method)
        at java.util.concurrent.locks.LockSupport.park(LockSupport.java:175)
        at java.util.concurrent.locks.AbstractQueuedSynchronizer$ConditionObject.await(AbstractQueuedSynchronizer.java:2039)
        at java.util.concurrent.LinkedBlockingDeque.takeFirst(LinkedBlockingDeque.java:492)
        at java.util.concurrent.LinkedBlockingDeque.take(LinkedBlockingDeque.java:680)
        at java.util.concurrent.ThreadPoolExecutor.getTask(ThreadPoolExecutor.java:1074)
        at java.util.concurrent.ThreadPoolExecutor.runWorker(ThreadPoolExecutor.java:1134)
        at java.util.concurrent.ThreadPoolExecutor$Worker.run(ThreadPoolExecutor.java:624)
        at java.lang.Thread.run(Thread.java:750)
"pool-268-thread-1"  prio=5 tid=659 in Object.wait()
java.lang.Thread.State: WAITING (on object monitor)
        at sun.misc.Unsafe.park(Native Method)
        at java.util.concurrent.locks.LockSupport.park(LockSupport.java:175)
        at java.util.concurrent.locks.AbstractQueuedSynchronizer$ConditionObject.await(AbstractQueuedSynchronizer.java:2039)
        at java.util.concurrent.LinkedBlockingQueue.take(LinkedBlockingQueue.java:442)
        at java.util.concurrent.ThreadPoolExecutor.getTask(ThreadPoolExecutor.java:1074)
        at java.util.concurrent.ThreadPoolExecutor.runWorker(ThreadPoolExecutor.java:1134)
        at java.util.concurrent.ThreadPoolExecutor$Worker.run(ThreadPoolExecutor.java:624)
        at java.lang.Thread.run(Thread.java:750)
"qtp963101981-191" daemon prio=5 tid=191 timed_waiting
java.lang.Thread.State: TIMED_WAITING
        at sun.misc.Unsafe.park(Native Method)
        at java.util.concurrent.locks.LockSupport.parkNanos(LockSupport.java:215)
        at java.util.concurrent.locks.AbstractQueuedSynchronizer$ConditionObject.awaitNanos(AbstractQueuedSynchronizer.java:2078)
        at org.eclipse.jetty.util.BlockingArrayQueue.poll(BlockingArrayQueue.java:382)
        at org.eclipse.jetty.util.thread.QueuedThreadPool$Runner.idleJobPoll(QueuedThreadPool.java:974)
        at org.eclipse.jetty.util.thread.QueuedThreadPool$Runner.run(QueuedThreadPool.java:1018)
        at java.lang.Thread.run(Thread.java:750)
"db462c09-4a41-41c4-b065-df9d46fc3c08@group-386A04BC3586-SegmentedRaftLogWorker"  prio=5 tid=617 timed_waiting
java.lang.Thread.State: TIMED_WAITING
        at sun.misc.Unsafe.park(Native Method)
        at java.util.concurrent.locks.LockSupport.parkNanos(LockSupport.java:215)
        at java.util.concurrent.locks.AbstractQueuedSynchronizer$ConditionObject.awaitNanos(AbstractQueuedSynchronizer.java:2078)
        at org.apache.ratis.util.DataBlockingQueue.poll(DataBlockingQueue.java:148)
        at org.apache.ratis.server.raftlog.segmented.SegmentedRaftLogWorker.run(SegmentedRaftLogWorker.java:310)
        at org.apache.ratis.server.raftlog.segmented.SegmentedRaftLogWorker$$Lambda$665/1566430543.run(Unknown Source)
        at java.lang.Thread.run(Thread.java:750)
"IPC Server handler 17 on default port 42997" daemon prio=5 tid=104 timed_waiting
java.lang.Thread.State: TIMED_WAITING
        at sun.misc.Unsafe.park(Native Method)
        at java.util.concurrent.locks.LockSupport.parkNanos(LockSupport.java:215)
        at java.util.concurrent.locks.AbstractQueuedSynchronizer$ConditionObject.awaitNanos(AbstractQueuedSynchronizer.java:2078)
        at java.util.concurrent.LinkedBlockingQueue.poll(LinkedBlockingQueue.java:467)
        at org.apache.hadoop.ipc.CallQueueManager.take(CallQueueManager.java:317)
        at org.apache.hadoop.ipc.Server$Handler.run(Server.java:2942)
"ChunkReader-7" daemon prio=5 tid=916 in Object.wait()
java.lang.Thread.State: WAITING (on object monitor)
        at sun.misc.Unsafe.park(Native Method)
        at java.util.concurrent.locks.LockSupport.park(LockSupport.java:175)
        at java.util.concurrent.locks.AbstractQueuedSynchronizer$ConditionObject.await(AbstractQueuedSynchronizer.java:2039)
        at java.util.concurrent.LinkedBlockingQueue.take(LinkedBlockingQueue.java:442)
        at java.util.concurrent.ThreadPoolExecutor.getTask(ThreadPoolExecutor.java:1074)
        at java.util.concurrent.ThreadPoolExecutor.runWorker(ThreadPoolExecutor.java:1134)
        at java.util.concurrent.ThreadPoolExecutor$Worker.run(ThreadPoolExecutor.java:624)
        at java.lang.Thread.run(Thread.java:750)
"pool-111-thread-1" daemon prio=5 tid=233 timed_waiting
java.lang.Thread.State: TIMED_WAITING
        at sun.misc.Unsafe.park(Native Method)
        at java.util.concurrent.locks.LockSupport.parkNanos(LockSupport.java:215)
        at java.util.concurrent.locks.AbstractQueuedSynchronizer$ConditionObject.awaitNanos(AbstractQueuedSynchronizer.java:2078)
        at java.util.concurrent.ScheduledThreadPoolExecutor$DelayedWorkQueue.take(ScheduledThreadPoolExecutor.java:1093)
        at java.util.concurrent.ScheduledThreadPoolExecutor$DelayedWorkQueue.take(ScheduledThreadPoolExecutor.java:809)
        at java.util.concurrent.ThreadPoolExecutor.getTask(ThreadPoolExecutor.java:1074)
        at java.util.concurrent.ThreadPoolExecutor.runWorker(ThreadPoolExecutor.java:1134)
        at java.util.concurrent.ThreadPoolExecutor$Worker.run(ThreadPoolExecutor.java:624)
        at java.lang.Thread.run(Thread.java:750)
"fb3b41a4-a9f1-45d3-bf74-4074fcf3e767@group-763B35D9546F-FollowerState" daemon prio=5 tid=820 timed_waiting
java.lang.Thread.State: TIMED_WAITING
        at java.lang.Thread.sleep(Native Method)
        at java.lang.Thread.sleep(Thread.java:342)
        at java.util.concurrent.TimeUnit.sleep(TimeUnit.java:386)
        at org.apache.ratis.util.TimeDuration.sleep(TimeDuration.java:325)
        at org.apache.ratis.util.TimeDuration.sleep(TimeDuration.java:310)
        at org.apache.ratis.server.impl.FollowerState.run(FollowerState.java:128)
"IPC Server handler 12 on default port 42997" daemon prio=5 tid=99 timed_waiting
java.lang.Thread.State: TIMED_WAITING
        at sun.misc.Unsafe.park(Native Method)
        at java.util.concurrent.locks.LockSupport.parkNanos(LockSupport.java:215)
        at java.util.concurrent.locks.AbstractQueuedSynchronizer$ConditionObject.awaitNanos(AbstractQueuedSynchronizer.java:2078)
        at java.util.concurrent.LinkedBlockingQueue.poll(LinkedBlockingQueue.java:467)
        at org.apache.hadoop.ipc.CallQueueManager.take(CallQueueManager.java:317)
        at org.apache.hadoop.ipc.Server$Handler.run(Server.java:2942)
"BlockDeletingService#0" daemon prio=5 tid=410 timed_waiting
java.lang.Thread.State: TIMED_WAITING
        at sun.misc.Unsafe.park(Native Method)
        at java.util.concurrent.locks.LockSupport.parkNanos(LockSupport.java:215)
        at java.util.concurrent.locks.AbstractQueuedSynchronizer$ConditionObject.awaitNanos(AbstractQueuedSynchronizer.java:2078)
        at java.util.concurrent.ScheduledThreadPoolExecutor$DelayedWorkQueue.take(ScheduledThreadPoolExecutor.java:1093)
        at java.util.concurrent.ScheduledThreadPoolExecutor$DelayedWorkQueue.take(ScheduledThreadPoolExecutor.java:809)
        at java.util.concurrent.ThreadPoolExecutor.getTask(ThreadPoolExecutor.java:1074)
        at java.util.concurrent.ThreadPoolExecutor.runWorker(ThreadPoolExecutor.java:1134)
        at java.util.concurrent.ThreadPoolExecutor$Worker.run(ThreadPoolExecutor.java:624)
        at java.lang.Thread.run(Thread.java:750)
"qtp1881254670-319" daemon prio=5 tid=319 timed_waiting
java.lang.Thread.State: TIMED_WAITING
        at sun.misc.Unsafe.park(Native Method)
        at java.util.concurrent.locks.LockSupport.parkNanos(LockSupport.java:215)
        at java.util.concurrent.locks.AbstractQueuedSynchronizer$ConditionObject.awaitNanos(AbstractQueuedSynchronizer.java:2078)
        at org.eclipse.jetty.util.BlockingArrayQueue.poll(BlockingArrayQueue.java:382)
        at org.eclipse.jetty.util.thread.QueuedThreadPool$Runner.idleJobPoll(QueuedThreadPool.java:974)
        at org.eclipse.jetty.util.thread.QueuedThreadPool$Runner.run(QueuedThreadPool.java:1018)
        at java.lang.Thread.run(Thread.java:750)
"Periodic HDDS volume checker" daemon prio=5 tid=205 timed_waiting
java.lang.Thread.State: TIMED_WAITING
        at sun.misc.Unsafe.park(Native Method)
        at java.util.concurrent.locks.LockSupport.parkNanos(LockSupport.java:215)
        at java.util.concurrent.locks.AbstractQueuedSynchronizer$ConditionObject.awaitNanos(AbstractQueuedSynchronizer.java:2078)
        at java.util.concurrent.ScheduledThreadPoolExecutor$DelayedWorkQueue.take(ScheduledThreadPoolExecutor.java:1093)
        at java.util.concurrent.ScheduledThreadPoolExecutor$DelayedWorkQueue.take(ScheduledThreadPoolExecutor.java:809)
        at java.util.concurrent.ThreadPoolExecutor.getTask(ThreadPoolExecutor.java:1074)
        at java.util.concurrent.ThreadPoolExecutor.runWorker(ThreadPoolExecutor.java:1134)
        at java.util.concurrent.ThreadPoolExecutor$Worker.run(ThreadPoolExecutor.java:624)
        at java.lang.Thread.run(Thread.java:750)
"ChunkWriter-3-0" daemon prio=5 tid=535 in Object.wait()
java.lang.Thread.State: WAITING (on object monitor)
        at sun.misc.Unsafe.park(Native Method)
        at java.util.concurrent.locks.LockSupport.park(LockSupport.java:175)
        at java.util.concurrent.locks.AbstractQueuedSynchronizer$ConditionObject.await(AbstractQueuedSynchronizer.java:2039)
        at java.util.concurrent.LinkedBlockingDeque.takeFirst(LinkedBlockingDeque.java:492)
        at java.util.concurrent.LinkedBlockingDeque.take(LinkedBlockingDeque.java:680)
        at java.util.concurrent.ThreadPoolExecutor.getTask(ThreadPoolExecutor.java:1074)
        at java.util.concurrent.ThreadPoolExecutor.runWorker(ThreadPoolExecutor.java:1134)
        at java.util.concurrent.ThreadPoolExecutor$Worker.run(ThreadPoolExecutor.java:624)
        at java.lang.Thread.run(Thread.java:750)
"Datanode ReportManager Thread - 4" daemon prio=5 tid=278 in Object.wait()
java.lang.Thread.State: WAITING (on object monitor)
        at sun.misc.Unsafe.park(Native Method)
        at java.util.concurrent.locks.LockSupport.park(LockSupport.java:175)
        at java.util.concurrent.locks.AbstractQueuedSynchronizer$ConditionObject.await(AbstractQueuedSynchronizer.java:2039)
        at java.util.concurrent.ScheduledThreadPoolExecutor$DelayedWorkQueue.take(ScheduledThreadPoolExecutor.java:1088)
        at java.util.concurrent.ScheduledThreadPoolExecutor$DelayedWorkQueue.take(ScheduledThreadPoolExecutor.java:809)
        at java.util.concurrent.ThreadPoolExecutor.getTask(ThreadPoolExecutor.java:1074)
        at java.util.concurrent.ThreadPoolExecutor.runWorker(ThreadPoolExecutor.java:1134)
        at java.util.concurrent.ThreadPoolExecutor$Worker.run(ThreadPoolExecutor.java:624)
        at java.lang.Thread.run(Thread.java:750)
"2412583d-f0ce-4b83-96a1-c4f14f6f25ae@group-386A04BC3586-StateMachineUpdater" daemon prio=5 tid=628 timed_waiting
java.lang.Thread.State: TIMED_WAITING
        at sun.misc.Unsafe.park(Native Method)
        at java.util.concurrent.locks.LockSupport.parkNanos(LockSupport.java:215)
        at java.util.concurrent.CompletableFuture$Signaller.block(CompletableFuture.java:1709)
        at java.util.concurrent.ForkJoinPool.managedBlock(ForkJoinPool.java:3323)
        at java.util.concurrent.CompletableFuture.timedGet(CompletableFuture.java:1788)
        at java.util.concurrent.CompletableFuture.get(CompletableFuture.java:1928)
        at org.apache.ratis.util.AwaitForSignal.await(AwaitForSignal.java:56)
        at org.apache.ratis.server.impl.StateMachineUpdater.waitForCommit(StateMachineUpdater.java:207)
        at org.apache.ratis.server.impl.StateMachineUpdater.run(StateMachineUpdater.java:176)
        at java.lang.Thread.run(Thread.java:750)
"pool-55-thread-1"  prio=5 tid=127 in Object.wait()
java.lang.Thread.State: WAITING (on object monitor)
        at sun.misc.Unsafe.park(Native Method)
        at java.util.concurrent.locks.LockSupport.park(LockSupport.java:175)
        at java.util.concurrent.locks.AbstractQueuedSynchronizer$ConditionObject.await(AbstractQueuedSynchronizer.java:2039)
        at java.util.concurrent.LinkedBlockingQueue.take(LinkedBlockingQueue.java:442)
        at java.util.concurrent.ThreadPoolExecutor.getTask(ThreadPoolExecutor.java:1074)
        at java.util.concurrent.ThreadPoolExecutor.runWorker(ThreadPoolExecutor.java:1134)
        at java.util.concurrent.ThreadPoolExecutor$Worker.run(ThreadPoolExecutor.java:624)
        at java.lang.Thread.run(Thread.java:750)
"EventQueue-DatanodeCommandQueueUpdatedForDatanodeCommandCountUpdatedHandler" daemon prio=5 tid=555 in Object.wait()
java.lang.Thread.State: WAITING (on object monitor)
        at sun.misc.Unsafe.park(Native Method)
        at java.util.concurrent.locks.LockSupport.park(LockSupport.java:175)
        at java.util.concurrent.locks.AbstractQueuedSynchronizer$ConditionObject.await(AbstractQueuedSynchronizer.java:2039)
        at java.util.concurrent.LinkedBlockingQueue.take(LinkedBlockingQueue.java:442)
        at java.util.concurrent.ThreadPoolExecutor.getTask(ThreadPoolExecutor.java:1074)
        at java.util.concurrent.ThreadPoolExecutor.runWorker(ThreadPoolExecutor.java:1134)
        at java.util.concurrent.ThreadPoolExecutor$Worker.run(ThreadPoolExecutor.java:624)
        at java.lang.Thread.run(Thread.java:750)
"IPC Server handler 9 on default port 42997" daemon prio=5 tid=96 timed_waiting
java.lang.Thread.State: TIMED_WAITING
        at sun.misc.Unsafe.park(Native Method)
        at java.util.concurrent.locks.LockSupport.parkNanos(LockSupport.java:215)
        at java.util.concurrent.locks.AbstractQueuedSynchronizer$ConditionObject.awaitNanos(AbstractQueuedSynchronizer.java:2078)
        at java.util.concurrent.LinkedBlockingQueue.poll(LinkedBlockingQueue.java:467)
        at org.apache.hadoop.ipc.CallQueueManager.take(CallQueueManager.java:317)
        at org.apache.hadoop.ipc.Server$Handler.run(Server.java:2942)
"IPC Server handler 4 on default port 42997" daemon prio=5 tid=91 timed_waiting
java.lang.Thread.State: TIMED_WAITING
        at sun.misc.Unsafe.park(Native Method)
        at java.util.concurrent.locks.LockSupport.parkNanos(LockSupport.java:215)
        at java.util.concurrent.locks.AbstractQueuedSynchronizer$ConditionObject.awaitNanos(AbstractQueuedSynchronizer.java:2078)
        at java.util.concurrent.LinkedBlockingQueue.poll(LinkedBlockingQueue.java:467)
        at org.apache.hadoop.ipc.CallQueueManager.take(CallQueueManager.java:317)
        at org.apache.hadoop.ipc.Server$Handler.run(Server.java:2942)
"StaleRecoveringContainerScrubbingService#6" daemon prio=5 tid=1067 in Object.wait()
java.lang.Thread.State: WAITING (on object monitor)
        at sun.misc.Unsafe.park(Native Method)
        at java.util.concurrent.locks.LockSupport.park(LockSupport.java:175)
        at java.util.concurrent.locks.AbstractQueuedSynchronizer$ConditionObject.await(AbstractQueuedSynchronizer.java:2039)
        at java.util.concurrent.ScheduledThreadPoolExecutor$DelayedWorkQueue.take(ScheduledThreadPoolExecutor.java:1088)
        at java.util.concurrent.ScheduledThreadPoolExecutor$DelayedWorkQueue.take(ScheduledThreadPoolExecutor.java:809)
        at java.util.concurrent.ThreadPoolExecutor.getTask(ThreadPoolExecutor.java:1074)
        at java.util.concurrent.ThreadPoolExecutor.runWorker(ThreadPoolExecutor.java:1134)
        at java.util.concurrent.ThreadPoolExecutor$Worker.run(ThreadPoolExecutor.java:624)
        at java.lang.Thread.run(Thread.java:750)
"EventQueue-OpenPipelineForHealthyPipelineSafeModeRule" daemon prio=5 tid=569 in Object.wait()
java.lang.Thread.State: WAITING (on object monitor)
        at sun.misc.Unsafe.park(Native Method)
        at java.util.concurrent.locks.LockSupport.park(LockSupport.java:175)
        at java.util.concurrent.locks.AbstractQueuedSynchronizer$ConditionObject.await(AbstractQueuedSynchronizer.java:2039)
        at java.util.concurrent.LinkedBlockingQueue.take(LinkedBlockingQueue.java:442)
        at java.util.concurrent.ThreadPoolExecutor.getTask(ThreadPoolExecutor.java:1074)
        at java.util.concurrent.ThreadPoolExecutor.runWorker(ThreadPoolExecutor.java:1134)
        at java.util.concurrent.ThreadPoolExecutor$Worker.run(ThreadPoolExecutor.java:624)
        at java.lang.Thread.run(Thread.java:750)
"ChunkReader-8" daemon prio=5 tid=1020 in Object.wait()
java.lang.Thread.State: WAITING (on object monitor)
        at sun.misc.Unsafe.park(Native Method)
        at java.util.concurrent.locks.LockSupport.park(LockSupport.java:175)
        at java.util.concurrent.locks.AbstractQueuedSynchronizer$ConditionObject.await(AbstractQueuedSynchronizer.java:2039)
        at java.util.concurrent.LinkedBlockingQueue.take(LinkedBlockingQueue.java:442)
        at java.util.concurrent.ThreadPoolExecutor.getTask(ThreadPoolExecutor.java:1074)
        at java.util.concurrent.ThreadPoolExecutor.runWorker(ThreadPoolExecutor.java:1134)
        at java.util.concurrent.ThreadPoolExecutor$Worker.run(ThreadPoolExecutor.java:624)
        at java.lang.Thread.run(Thread.java:750)
"qtp1881254670-318" daemon prio=5 tid=318 timed_waiting
java.lang.Thread.State: TIMED_WAITING
        at sun.misc.Unsafe.park(Native Method)
        at java.util.concurrent.locks.LockSupport.parkNanos(LockSupport.java:215)
        at java.util.concurrent.locks.AbstractQueuedSynchronizer$ConditionObject.awaitNanos(AbstractQueuedSynchronizer.java:2078)
        at org.eclipse.jetty.util.BlockingArrayQueue.poll(BlockingArrayQueue.java:382)
        at org.eclipse.jetty.util.thread.QueuedThreadPool$Runner.idleJobPoll(QueuedThreadPool.java:974)
        at org.eclipse.jetty.util.thread.QueuedThreadPool$Runner.run(QueuedThreadPool.java:1018)
        at java.lang.Thread.run(Thread.java:750)
"Session-HouseKeeper-6a906078-1"  prio=5 tid=118 timed_waiting
java.lang.Thread.State: TIMED_WAITING
        at sun.misc.Unsafe.park(Native Method)
        at java.util.concurrent.locks.LockSupport.parkNanos(LockSupport.java:215)
        at java.util.concurrent.locks.AbstractQueuedSynchronizer$ConditionObject.awaitNanos(AbstractQueuedSynchronizer.java:2078)
        at java.util.concurrent.ScheduledThreadPoolExecutor$DelayedWorkQueue.take(ScheduledThreadPoolExecutor.java:1093)
        at java.util.concurrent.ScheduledThreadPoolExecutor$DelayedWorkQueue.take(ScheduledThreadPoolExecutor.java:809)
        at java.util.concurrent.ThreadPoolExecutor.getTask(ThreadPoolExecutor.java:1074)
        at java.util.concurrent.ThreadPoolExecutor.runWorker(ThreadPoolExecutor.java:1134)
        at java.util.concurrent.ThreadPoolExecutor$Worker.run(ThreadPoolExecutor.java:624)
        at java.lang.Thread.run(Thread.java:750)
"Periodic HDDS volume checker" daemon prio=5 tid=386 timed_waiting
java.lang.Thread.State: TIMED_WAITING
        at sun.misc.Unsafe.park(Native Method)
        at java.util.concurrent.locks.LockSupport.parkNanos(LockSupport.java:215)
        at java.util.concurrent.locks.AbstractQueuedSynchronizer$ConditionObject.awaitNanos(AbstractQueuedSynchronizer.java:2078)
        at java.util.concurrent.ScheduledThreadPoolExecutor$DelayedWorkQueue.take(ScheduledThreadPoolExecutor.java:1093)
        at java.util.concurrent.ScheduledThreadPoolExecutor$DelayedWorkQueue.take(ScheduledThreadPoolExecutor.java:809)
        at java.util.concurrent.ThreadPoolExecutor.getTask(ThreadPoolExecutor.java:1074)
        at java.util.concurrent.ThreadPoolExecutor.runWorker(ThreadPoolExecutor.java:1134)
        at java.util.concurrent.ThreadPoolExecutor$Worker.run(ThreadPoolExecutor.java:624)
        at java.lang.Thread.run(Thread.java:750)
"ChunkReader-6" daemon prio=5 tid=913 in Object.wait()
java.lang.Thread.State: WAITING (on object monitor)
        at sun.misc.Unsafe.park(Native Method)
        at java.util.concurrent.locks.LockSupport.park(LockSupport.java:175)
        at java.util.concurrent.locks.AbstractQueuedSynchronizer$ConditionObject.await(AbstractQueuedSynchronizer.java:2039)
        at java.util.concurrent.LinkedBlockingQueue.take(LinkedBlockingQueue.java:442)
        at java.util.concurrent.ThreadPoolExecutor.getTask(ThreadPoolExecutor.java:1074)
        at java.util.concurrent.ThreadPoolExecutor.runWorker(ThreadPoolExecutor.java:1134)
        at java.util.concurrent.ThreadPoolExecutor$Worker.run(ThreadPoolExecutor.java:624)
        at java.lang.Thread.run(Thread.java:750)
"6fd96d8c-4ef2-4ba8-87f7-371671a16fe6-server-thread1" daemon prio=5 tid=836 timed_waiting
java.lang.Thread.State: TIMED_WAITING
        at sun.misc.Unsafe.park(Native Method)
        at java.util.concurrent.locks.LockSupport.parkNanos(LockSupport.java:215)
        at java.util.concurrent.SynchronousQueue$TransferStack.awaitFulfill(SynchronousQueue.java:460)
        at java.util.concurrent.SynchronousQueue$TransferStack.transfer(SynchronousQueue.java:362)
        at java.util.concurrent.SynchronousQueue.poll(SynchronousQueue.java:941)
        at java.util.concurrent.ThreadPoolExecutor.getTask(ThreadPoolExecutor.java:1073)
        at java.util.concurrent.ThreadPoolExecutor.runWorker(ThreadPoolExecutor.java:1134)
        at java.util.concurrent.ThreadPoolExecutor$Worker.run(ThreadPoolExecutor.java:624)
        at java.lang.Thread.run(Thread.java:750)
"IPC Server handler 18 on default port 35707" daemon prio=5 tid=65 timed_waiting
java.lang.Thread.State: TIMED_WAITING
        at sun.misc.Unsafe.park(Native Method)
        at java.util.concurrent.locks.LockSupport.parkNanos(LockSupport.java:215)
        at java.util.concurrent.locks.AbstractQueuedSynchronizer$ConditionObject.awaitNanos(AbstractQueuedSynchronizer.java:2078)
        at java.util.concurrent.LinkedBlockingQueue.poll(LinkedBlockingQueue.java:467)
        at org.apache.hadoop.ipc.CallQueueManager.take(CallQueueManager.java:317)
        at org.apache.hadoop.ipc.Server$Handler.run(Server.java:2942)
"qtp963101981-184" daemon prio=5 tid=184 runnable
java.lang.Thread.State: RUNNABLE
        at sun.nio.ch.EPollArrayWrapper.epollWait(Native Method)
        at sun.nio.ch.EPollArrayWrapper.poll(EPollArrayWrapper.java:269)
        at sun.nio.ch.EPollSelectorImpl.doSelect(EPollSelectorImpl.java:93)
        at sun.nio.ch.SelectorImpl.lockAndDoSelect(SelectorImpl.java:86)
        at sun.nio.ch.SelectorImpl.select(SelectorImpl.java:97)
        at sun.nio.ch.SelectorImpl.select(SelectorImpl.java:101)
        at org.eclipse.jetty.io.ManagedSelector.nioSelect(ManagedSelector.java:183)
        at org.eclipse.jetty.io.ManagedSelector.select(ManagedSelector.java:190)
        at org.eclipse.jetty.io.ManagedSelector$SelectorProducer.select(ManagedSelector.java:606)
        at org.eclipse.jetty.io.ManagedSelector$SelectorProducer.produce(ManagedSelector.java:543)
        at org.eclipse.jetty.util.thread.strategy.EatWhatYouKill.produceTask(EatWhatYouKill.java:362)
        at org.eclipse.jetty.util.thread.strategy.EatWhatYouKill.doProduce(EatWhatYouKill.java:186)
        at org.eclipse.jetty.util.thread.strategy.EatWhatYouKill.tryProduce(EatWhatYouKill.java:173)
        at org.eclipse.jetty.util.thread.strategy.EatWhatYouKill.produce(EatWhatYouKill.java:137)
        at org.eclipse.jetty.io.ManagedSelector$$Lambda$446/1969754956.run(Unknown Source)
        at org.eclipse.jetty.util.thread.QueuedThreadPool.runJob(QueuedThreadPool.java:883)
        at org.eclipse.jetty.util.thread.QueuedThreadPool$Runner.run(QueuedThreadPool.java:1034)
        at java.lang.Thread.run(Thread.java:750)
"IPC Server handler 3 on default port 40677" daemon prio=5 tid=70 timed_waiting
java.lang.Thread.State: TIMED_WAITING
        at sun.misc.Unsafe.park(Native Method)
        at java.util.concurrent.locks.LockSupport.parkNanos(LockSupport.java:215)
        at java.util.concurrent.locks.AbstractQueuedSynchronizer$ConditionObject.awaitNanos(AbstractQueuedSynchronizer.java:2078)
        at java.util.concurrent.LinkedBlockingQueue.poll(LinkedBlockingQueue.java:467)
        at org.apache.hadoop.ipc.CallQueueManager.take(CallQueueManager.java:317)
        at org.apache.hadoop.ipc.Server$Handler.run(Server.java:2942)
"qtp575983040-268" daemon prio=5 tid=268 timed_waiting
java.lang.Thread.State: TIMED_WAITING
        at sun.misc.Unsafe.park(Native Method)
        at java.util.concurrent.locks.LockSupport.parkNanos(LockSupport.java:215)
        at java.util.concurrent.locks.AbstractQueuedSynchronizer$ConditionObject.awaitNanos(AbstractQueuedSynchronizer.java:2078)
        at org.eclipse.jetty.util.BlockingArrayQueue.poll(BlockingArrayQueue.java:382)
        at org.eclipse.jetty.util.thread.QueuedThreadPool$Runner.idleJobPoll(QueuedThreadPool.java:974)
        at org.eclipse.jetty.util.thread.QueuedThreadPool$Runner.run(QueuedThreadPool.java:1018)
        at java.lang.Thread.run(Thread.java:750)
"org.apache.hadoop.util.JvmPauseMonitor$Monitor@5c74dd47" daemon prio=5 tid=459 timed_waiting
java.lang.Thread.State: TIMED_WAITING
        at java.lang.Thread.sleep(Native Method)
        at org.apache.hadoop.util.JvmPauseMonitor$Monitor.run(JvmPauseMonitor.java:192)
        at java.lang.Thread.run(Thread.java:750)
"ChunkWriter-0-0" daemon prio=5 tid=544 in Object.wait()
java.lang.Thread.State: WAITING (on object monitor)
        at sun.misc.Unsafe.park(Native Method)
        at java.util.concurrent.locks.LockSupport.park(LockSupport.java:175)
        at java.util.concurrent.locks.AbstractQueuedSynchronizer$ConditionObject.await(AbstractQueuedSynchronizer.java:2039)
        at java.util.concurrent.LinkedBlockingDeque.takeFirst(LinkedBlockingDeque.java:492)
        at java.util.concurrent.LinkedBlockingDeque.take(LinkedBlockingDeque.java:680)
        at java.util.concurrent.ThreadPoolExecutor.getTask(ThreadPoolExecutor.java:1074)
        at java.util.concurrent.ThreadPoolExecutor.runWorker(ThreadPoolExecutor.java:1134)
        at java.util.concurrent.ThreadPoolExecutor$Worker.run(ThreadPoolExecutor.java:624)
        at java.lang.Thread.run(Thread.java:750)
"StaleRecoveringContainerScrubbingService#2" daemon prio=5 tid=746 timed_waiting
java.lang.Thread.State: TIMED_WAITING
        at sun.misc.Unsafe.park(Native Method)
        at java.util.concurrent.locks.LockSupport.parkNanos(LockSupport.java:215)
        at java.util.concurrent.locks.AbstractQueuedSynchronizer$ConditionObject.awaitNanos(AbstractQueuedSynchronizer.java:2078)
        at java.util.concurrent.ScheduledThreadPoolExecutor$DelayedWorkQueue.take(ScheduledThreadPoolExecutor.java:1093)
        at java.util.concurrent.ScheduledThreadPoolExecutor$DelayedWorkQueue.take(ScheduledThreadPoolExecutor.java:809)
        at java.util.concurrent.ThreadPoolExecutor.getTask(ThreadPoolExecutor.java:1074)
        at java.util.concurrent.ThreadPoolExecutor.runWorker(ThreadPoolExecutor.java:1134)
        at java.util.concurrent.ThreadPoolExecutor$Worker.run(ThreadPoolExecutor.java:624)
        at java.lang.Thread.run(Thread.java:750)
"Datanode ReportManager Thread - 3" daemon prio=5 tid=336 in Object.wait()
java.lang.Thread.State: WAITING (on object monitor)
        at sun.misc.Unsafe.park(Native Method)
        at java.util.concurrent.locks.LockSupport.park(LockSupport.java:175)
        at java.util.concurrent.locks.AbstractQueuedSynchronizer$ConditionObject.await(AbstractQueuedSynchronizer.java:2039)
        at java.util.concurrent.ScheduledThreadPoolExecutor$DelayedWorkQueue.take(ScheduledThreadPoolExecutor.java:1088)
        at java.util.concurrent.ScheduledThreadPoolExecutor$DelayedWorkQueue.take(ScheduledThreadPoolExecutor.java:809)
        at java.util.concurrent.ThreadPoolExecutor.getTask(ThreadPoolExecutor.java:1074)
        at java.util.concurrent.ThreadPoolExecutor.runWorker(ThreadPoolExecutor.java:1134)
        at java.util.concurrent.ThreadPoolExecutor$Worker.run(ThreadPoolExecutor.java:624)
        at java.lang.Thread.run(Thread.java:750)
"ChunkReader-2" daemon prio=5 tid=771 in Object.wait()
java.lang.Thread.State: WAITING (on object monitor)
        at sun.misc.Unsafe.park(Native Method)
        at java.util.concurrent.locks.LockSupport.park(LockSupport.java:175)
        at java.util.concurrent.locks.AbstractQueuedSynchronizer$ConditionObject.await(AbstractQueuedSynchronizer.java:2039)
        at java.util.concurrent.LinkedBlockingQueue.take(LinkedBlockingQueue.java:442)
        at java.util.concurrent.ThreadPoolExecutor.getTask(ThreadPoolExecutor.java:1074)
        at java.util.concurrent.ThreadPoolExecutor.runWorker(ThreadPoolExecutor.java:1134)
        at java.util.concurrent.ThreadPoolExecutor$Worker.run(ThreadPoolExecutor.java:624)
        at java.lang.Thread.run(Thread.java:750)
"StaleRecoveringContainerScrubbingService#7" daemon prio=5 tid=1083 in Object.wait()
java.lang.Thread.State: WAITING (on object monitor)
        at sun.misc.Unsafe.park(Native Method)
        at java.util.concurrent.locks.LockSupport.park(LockSupport.java:175)
        at java.util.concurrent.locks.AbstractQueuedSynchronizer$ConditionObject.await(AbstractQueuedSynchronizer.java:2039)
        at java.util.concurrent.ScheduledThreadPoolExecutor$DelayedWorkQueue.take(ScheduledThreadPoolExecutor.java:1088)
        at java.util.concurrent.ScheduledThreadPoolExecutor$DelayedWorkQueue.take(ScheduledThreadPoolExecutor.java:809)
        at java.util.concurrent.ThreadPoolExecutor.getTask(ThreadPoolExecutor.java:1074)
        at java.util.concurrent.ThreadPoolExecutor.runWorker(ThreadPoolExecutor.java:1134)
        at java.util.concurrent.ThreadPoolExecutor$Worker.run(ThreadPoolExecutor.java:624)
        at java.lang.Thread.run(Thread.java:750)
"timer2" daemon prio=5 tid=698 timed_waiting
java.lang.Thread.State: TIMED_WAITING
        at java.lang.Object.wait(Native Method)
        at java.util.TimerThread.mainLoop(Timer.java:552)
        at java.util.TimerThread.run(Timer.java:505)
"ChunkReader-8" daemon prio=5 tid=1017 in Object.wait()
java.lang.Thread.State: WAITING (on object monitor)
        at sun.misc.Unsafe.park(Native Method)
        at java.util.concurrent.locks.LockSupport.park(LockSupport.java:175)
        at java.util.concurrent.locks.AbstractQueuedSynchronizer$ConditionObject.await(AbstractQueuedSynchronizer.java:2039)
        at java.util.concurrent.LinkedBlockingQueue.take(LinkedBlockingQueue.java:442)
        at java.util.concurrent.ThreadPoolExecutor.getTask(ThreadPoolExecutor.java:1074)
        at java.util.concurrent.ThreadPoolExecutor.runWorker(ThreadPoolExecutor.java:1134)
        at java.util.concurrent.ThreadPoolExecutor$Worker.run(ThreadPoolExecutor.java:624)
        at java.lang.Thread.run(Thread.java:750)
"4949dc81-86be-4926-96a6-534c5c5588ca@group-9E9806E9FECC-SegmentedRaftLogWorker"  prio=5 tid=682 timed_waiting
java.lang.Thread.State: TIMED_WAITING
        at sun.misc.Unsafe.park(Native Method)
        at java.util.concurrent.locks.LockSupport.parkNanos(LockSupport.java:215)
        at java.util.concurrent.locks.AbstractQueuedSynchronizer$ConditionObject.awaitNanos(AbstractQueuedSynchronizer.java:2078)
        at org.apache.ratis.util.DataBlockingQueue.poll(DataBlockingQueue.java:148)
        at org.apache.ratis.server.raftlog.segmented.SegmentedRaftLogWorker.run(SegmentedRaftLogWorker.java:310)
        at org.apache.ratis.server.raftlog.segmented.SegmentedRaftLogWorker$$Lambda$665/1566430543.run(Unknown Source)
        at java.lang.Thread.run(Thread.java:750)
"org.apache.hadoop.ozone.container.common.statemachine.commandhandler.DeleteBlocksCommandHandler$DeleteCmdWorker@7fed08c6" daemon prio=5 tid=314 timed_waiting
java.lang.Thread.State: TIMED_WAITING
        at java.lang.Thread.sleep(Native Method)
        at org.apache.hadoop.ozone.container.common.statemachine.commandhandler.DeleteBlocksCommandHandler$DeleteCmdWorker.run(DeleteBlocksCommandHandler.java:184)
        at java.lang.Thread.run(Thread.java:750)
"qtp366310941-215" daemon prio=5 tid=215 timed_waiting
java.lang.Thread.State: TIMED_WAITING
        at sun.misc.Unsafe.park(Native Method)
        at java.util.concurrent.locks.LockSupport.parkNanos(LockSupport.java:215)
        at java.util.concurrent.locks.AbstractQueuedSynchronizer$ConditionObject.awaitNanos(AbstractQueuedSynchronizer.java:2078)
        at org.eclipse.jetty.util.BlockingArrayQueue.poll(BlockingArrayQueue.java:382)
        at org.eclipse.jetty.util.thread.QueuedThreadPool$Runner.idleJobPoll(QueuedThreadPool.java:974)
        at org.eclipse.jetty.util.thread.QueuedThreadPool$Runner.run(QueuedThreadPool.java:1018)
        at java.lang.Thread.run(Thread.java:750)
"Datanode ReportManager Thread - 0" daemon prio=5 tid=194 timed_waiting
java.lang.Thread.State: TIMED_WAITING
        at sun.misc.Unsafe.park(Native Method)
        at java.util.concurrent.locks.LockSupport.parkNanos(LockSupport.java:215)
        at java.util.concurrent.locks.AbstractQueuedSynchronizer$ConditionObject.awaitNanos(AbstractQueuedSynchronizer.java:2078)
        at java.util.concurrent.ScheduledThreadPoolExecutor$DelayedWorkQueue.take(ScheduledThreadPoolExecutor.java:1093)
        at java.util.concurrent.ScheduledThreadPoolExecutor$DelayedWorkQueue.take(ScheduledThreadPoolExecutor.java:809)
        at java.util.concurrent.ThreadPoolExecutor.getTask(ThreadPoolExecutor.java:1074)
        at java.util.concurrent.ThreadPoolExecutor.runWorker(ThreadPoolExecutor.java:1134)
        at java.util.concurrent.ThreadPoolExecutor$Worker.run(ThreadPoolExecutor.java:624)
        at java.lang.Thread.run(Thread.java:750)
"cb9a1e57-5a73-4518-a050-b0d695628b3e@group-763B35D9546F-LeaderStateImpl" daemon prio=5 tid=819 timed_waiting
java.lang.Thread.State: TIMED_WAITING
        at sun.misc.Unsafe.park(Native Method)
        at java.util.concurrent.locks.LockSupport.parkNanos(LockSupport.java:215)
        at java.util.concurrent.locks.AbstractQueuedSynchronizer$ConditionObject.awaitNanos(AbstractQueuedSynchronizer.java:2078)
        at java.util.concurrent.ArrayBlockingQueue.poll(ArrayBlockingQueue.java:418)
        at org.apache.ratis.server.impl.LeaderStateImpl$EventQueue.poll(LeaderStateImpl.java:159)
        at org.apache.ratis.server.impl.LeaderStateImpl$EventProcessor.run(LeaderStateImpl.java:630)
"db462c09-4a41-41c4-b065-df9d46fc3c08@group-F0F0B9D819AD-LeaderStateImpl" daemon prio=5 tid=723 timed_waiting
java.lang.Thread.State: TIMED_WAITING
        at sun.misc.Unsafe.park(Native Method)
        at java.util.concurrent.locks.LockSupport.parkNanos(LockSupport.java:215)
        at java.util.concurrent.locks.AbstractQueuedSynchronizer$ConditionObject.awaitNanos(AbstractQueuedSynchronizer.java:2078)
        at java.util.concurrent.ArrayBlockingQueue.poll(ArrayBlockingQueue.java:418)
        at org.apache.ratis.server.impl.LeaderStateImpl$EventQueue.poll(LeaderStateImpl.java:159)
        at org.apache.ratis.server.impl.LeaderStateImpl$EventProcessor.run(LeaderStateImpl.java:630)
"StaleRecoveringContainerScrubbingService#0" daemon prio=5 tid=551 in Object.wait()
java.lang.Thread.State: WAITING (on object monitor)
        at sun.misc.Unsafe.park(Native Method)
        at java.util.concurrent.locks.LockSupport.park(LockSupport.java:175)
        at java.util.concurrent.locks.AbstractQueuedSynchronizer$ConditionObject.await(AbstractQueuedSynchronizer.java:2039)
        at java.util.concurrent.ScheduledThreadPoolExecutor$DelayedWorkQueue.take(ScheduledThreadPoolExecutor.java:1088)
        at java.util.concurrent.ScheduledThreadPoolExecutor$DelayedWorkQueue.take(ScheduledThreadPoolExecutor.java:809)
        at java.util.concurrent.ThreadPoolExecutor.getTask(ThreadPoolExecutor.java:1074)
        at java.util.concurrent.ThreadPoolExecutor.runWorker(ThreadPoolExecutor.java:1134)
        at java.util.concurrent.ThreadPoolExecutor$Worker.run(ThreadPoolExecutor.java:624)
        at java.lang.Thread.run(Thread.java:750)
"StaleRecoveringContainerScrubbingService#5" daemon prio=5 tid=1040 in Object.wait()
java.lang.Thread.State: WAITING (on object monitor)
        at sun.misc.Unsafe.park(Native Method)
        at java.util.concurrent.locks.LockSupport.park(LockSupport.java:175)
        at java.util.concurrent.locks.AbstractQueuedSynchronizer$ConditionObject.await(AbstractQueuedSynchronizer.java:2039)
        at java.util.concurrent.ScheduledThreadPoolExecutor$DelayedWorkQueue.take(ScheduledThreadPoolExecutor.java:1088)
        at java.util.concurrent.ScheduledThreadPoolExecutor$DelayedWorkQueue.take(ScheduledThreadPoolExecutor.java:809)
        at java.util.concurrent.ThreadPoolExecutor.getTask(ThreadPoolExecutor.java:1074)
        at java.util.concurrent.ThreadPoolExecutor.runWorker(ThreadPoolExecutor.java:1134)
        at java.util.concurrent.ThreadPoolExecutor$Worker.run(ThreadPoolExecutor.java:624)
        at java.lang.Thread.run(Thread.java:750)
"Datanode ReportManager Thread - 4" daemon prio=5 tid=304 in Object.wait()
java.lang.Thread.State: WAITING (on object monitor)
        at sun.misc.Unsafe.park(Native Method)
        at java.util.concurrent.locks.LockSupport.parkNanos(LockSupport.java:215)
        at java.util.concurrent.locks.AbstractQueuedSynchronizer$ConditionObject.awaitNanos(AbstractQueuedSynchronizer.java:2078)
        at java.util.concurrent.ScheduledThreadPoolExecutor$DelayedWorkQueue.take(ScheduledThreadPoolExecutor.java:1093)
        at java.util.concurrent.ScheduledThreadPoolExecutor$DelayedWorkQueue.take(ScheduledThreadPoolExecutor.java:809)
        at java.util.concurrent.ThreadPoolExecutor.getTask(ThreadPoolExecutor.java:1074)
        at java.util.concurrent.ThreadPoolExecutor.runWorker(ThreadPoolExecutor.java:1134)
        at java.util.concurrent.ThreadPoolExecutor$Worker.run(ThreadPoolExecutor.java:624)
        at java.lang.Thread.run(Thread.java:750)
"IPC Server handler 18 on default port 43781" daemon prio=5 tid=172 timed_waiting
java.lang.Thread.State: TIMED_WAITING
        at sun.misc.Unsafe.park(Native Method)
        at java.util.concurrent.locks.LockSupport.parkNanos(LockSupport.java:215)
        at java.util.concurrent.locks.AbstractQueuedSynchronizer$ConditionObject.awaitNanos(AbstractQueuedSynchronizer.java:2078)
        at java.util.concurrent.LinkedBlockingQueue.poll(LinkedBlockingQueue.java:467)
        at org.apache.hadoop.ipc.CallQueueManager.take(CallQueueManager.java:317)
        at org.apache.hadoop.ipc.Server$Handler.run(Server.java:2942)
"ChunkWriter-2-0" daemon prio=5 tid=546 in Object.wait()
java.lang.Thread.State: WAITING (on object monitor)
        at sun.misc.Unsafe.park(Native Method)
        at java.util.concurrent.locks.LockSupport.park(LockSupport.java:175)
        at java.util.concurrent.locks.AbstractQueuedSynchronizer$ConditionObject.await(AbstractQueuedSynchronizer.java:2039)
        at java.util.concurrent.LinkedBlockingDeque.takeFirst(LinkedBlockingDeque.java:492)
        at java.util.concurrent.LinkedBlockingDeque.take(LinkedBlockingDeque.java:680)
        at java.util.concurrent.ThreadPoolExecutor.getTask(ThreadPoolExecutor.java:1074)
        at java.util.concurrent.ThreadPoolExecutor.runWorker(ThreadPoolExecutor.java:1134)
        at java.util.concurrent.ThreadPoolExecutor$Worker.run(ThreadPoolExecutor.java:624)
        at java.lang.Thread.run(Thread.java:750)
"PartialTableCache Cleanup Thread - 0" daemon prio=5 tid=1076 in Object.wait()
java.lang.Thread.State: WAITING (on object monitor)
        at sun.misc.Unsafe.park(Native Method)
        at java.util.concurrent.locks.LockSupport.park(LockSupport.java:175)
        at java.util.concurrent.locks.AbstractQueuedSynchronizer$ConditionObject.await(AbstractQueuedSynchronizer.java:2039)
        at java.util.concurrent.LinkedBlockingQueue.take(LinkedBlockingQueue.java:442)
        at java.util.concurrent.ThreadPoolExecutor.getTask(ThreadPoolExecutor.java:1074)
        at java.util.concurrent.ThreadPoolExecutor.runWorker(ThreadPoolExecutor.java:1134)
        at java.util.concurrent.ThreadPoolExecutor$Worker.run(ThreadPoolExecutor.java:624)
        at java.lang.Thread.run(Thread.java:750)
"qtp575983040-269" daemon prio=5 tid=269 timed_waiting
java.lang.Thread.State: TIMED_WAITING
        at sun.misc.Unsafe.park(Native Method)
        at java.util.concurrent.locks.LockSupport.parkNanos(LockSupport.java:215)
        at java.util.concurrent.locks.AbstractQueuedSynchronizer$ConditionObject.awaitNanos(AbstractQueuedSynchronizer.java:2078)
        at org.eclipse.jetty.util.BlockingArrayQueue.poll(BlockingArrayQueue.java:382)
        at org.eclipse.jetty.util.thread.QueuedThreadPool$Runner.idleJobPoll(QueuedThreadPool.java:974)
        at org.eclipse.jetty.util.thread.QueuedThreadPool$Runner.run(QueuedThreadPool.java:1018)
        at java.lang.Thread.run(Thread.java:750)
"org.apache.hadoop.ozone.container.common.statemachine.commandhandler.DeleteBlocksCommandHandler$DeleteCmdWorker@57d9b274" daemon prio=5 tid=429 timed_waiting
java.lang.Thread.State: TIMED_WAITING
        at java.lang.Thread.sleep(Native Method)
        at org.apache.hadoop.ozone.container.common.statemachine.commandhandler.DeleteBlocksCommandHandler$DeleteCmdWorker.run(DeleteBlocksCommandHandler.java:184)
        at java.lang.Thread.run(Thread.java:750)
"ChunkReader-6" daemon prio=5 tid=921 in Object.wait()
java.lang.Thread.State: WAITING (on object monitor)
        at sun.misc.Unsafe.park(Native Method)
        at java.util.concurrent.locks.LockSupport.park(LockSupport.java:175)
        at java.util.concurrent.locks.AbstractQueuedSynchronizer$ConditionObject.await(AbstractQueuedSynchronizer.java:2039)
        at java.util.concurrent.LinkedBlockingQueue.take(LinkedBlockingQueue.java:442)
        at java.util.concurrent.ThreadPoolExecutor.getTask(ThreadPoolExecutor.java:1074)
        at java.util.concurrent.ThreadPoolExecutor.runWorker(ThreadPoolExecutor.java:1134)
        at java.util.concurrent.ThreadPoolExecutor$Worker.run(ThreadPoolExecutor.java:624)
        at java.lang.Thread.run(Thread.java:750)
"qtp541432460-474" daemon prio=5 tid=474 timed_waiting
java.lang.Thread.State: TIMED_WAITING
        at sun.misc.Unsafe.park(Native Method)
        at java.util.concurrent.locks.LockSupport.parkNanos(LockSupport.java:215)
        at java.util.concurrent.locks.AbstractQueuedSynchronizer$ConditionObject.awaitNanos(AbstractQueuedSynchronizer.java:2078)
        at org.eclipse.jetty.util.BlockingArrayQueue.poll(BlockingArrayQueue.java:382)
        at org.eclipse.jetty.util.thread.QueuedThreadPool$Runner.idleJobPoll(QueuedThreadPool.java:974)
        at org.eclipse.jetty.util.thread.QueuedThreadPool$Runner.run(QueuedThreadPool.java:1018)
        at java.lang.Thread.run(Thread.java:750)
"Datanode ReportManager Thread - 2" daemon prio=5 tid=224 timed_waiting
java.lang.Thread.State: TIMED_WAITING
        at sun.misc.Unsafe.park(Native Method)
        at java.util.concurrent.locks.LockSupport.parkNanos(LockSupport.java:215)
        at java.util.concurrent.locks.AbstractQueuedSynchronizer$ConditionObject.awaitNanos(AbstractQueuedSynchronizer.java:2078)
        at java.util.concurrent.ScheduledThreadPoolExecutor$DelayedWorkQueue.take(ScheduledThreadPoolExecutor.java:1093)
        at java.util.concurrent.ScheduledThreadPoolExecutor$DelayedWorkQueue.take(ScheduledThreadPoolExecutor.java:809)
        at java.util.concurrent.ThreadPoolExecutor.getTask(ThreadPoolExecutor.java:1074)
        at java.util.concurrent.ThreadPoolExecutor.runWorker(ThreadPoolExecutor.java:1134)
        at java.util.concurrent.ThreadPoolExecutor$Worker.run(ThreadPoolExecutor.java:624)
        at java.lang.Thread.run(Thread.java:750)
"KeyDeletingService#0" daemon prio=5 tid=141 timed_waiting
java.lang.Thread.State: TIMED_WAITING
        at sun.misc.Unsafe.park(Native Method)
        at java.util.concurrent.locks.LockSupport.parkNanos(LockSupport.java:215)
        at java.util.concurrent.locks.AbstractQueuedSynchronizer$ConditionObject.awaitNanos(AbstractQueuedSynchronizer.java:2078)
        at java.util.concurrent.ScheduledThreadPoolExecutor$DelayedWorkQueue.take(ScheduledThreadPoolExecutor.java:1093)
        at java.util.concurrent.ScheduledThreadPoolExecutor$DelayedWorkQueue.take(ScheduledThreadPoolExecutor.java:809)
        at java.util.concurrent.ThreadPoolExecutor.getTask(ThreadPoolExecutor.java:1074)
        at java.util.concurrent.ThreadPoolExecutor.runWorker(ThreadPoolExecutor.java:1134)
        at java.util.concurrent.ThreadPoolExecutor$Worker.run(ThreadPoolExecutor.java:624)
        at java.lang.Thread.run(Thread.java:750)
"Datanode ReportManager Thread - 1" daemon prio=5 tid=416 in Object.wait()
java.lang.Thread.State: WAITING (on object monitor)
        at sun.misc.Unsafe.park(Native Method)
        at java.util.concurrent.locks.LockSupport.park(LockSupport.java:175)
        at java.util.concurrent.locks.AbstractQueuedSynchronizer$ConditionObject.await(AbstractQueuedSynchronizer.java:2039)
        at java.util.concurrent.ScheduledThreadPoolExecutor$DelayedWorkQueue.take(ScheduledThreadPoolExecutor.java:1088)
        at java.util.concurrent.ScheduledThreadPoolExecutor$DelayedWorkQueue.take(ScheduledThreadPoolExecutor.java:809)
        at java.util.concurrent.ThreadPoolExecutor.getTask(ThreadPoolExecutor.java:1074)
        at java.util.concurrent.ThreadPoolExecutor.runWorker(ThreadPoolExecutor.java:1134)
        at java.util.concurrent.ThreadPoolExecutor$Worker.run(ThreadPoolExecutor.java:624)
        at java.lang.Thread.run(Thread.java:750)
"qtp575983040-266" daemon prio=5 tid=266 timed_waiting
java.lang.Thread.State: TIMED_WAITING
        at sun.misc.Unsafe.park(Native Method)
        at java.util.concurrent.locks.LockSupport.parkNanos(LockSupport.java:215)
        at java.util.concurrent.locks.AbstractQueuedSynchronizer$ConditionObject.awaitNanos(AbstractQueuedSynchronizer.java:2078)
        at org.eclipse.jetty.util.BlockingArrayQueue.poll(BlockingArrayQueue.java:382)
        at org.eclipse.jetty.util.thread.QueuedThreadPool$Runner.idleJobPoll(QueuedThreadPool.java:974)
        at org.eclipse.jetty.util.thread.QueuedThreadPool$Runner.run(QueuedThreadPool.java:1018)
        at java.lang.Thread.run(Thread.java:750)
"StaleRecoveringContainerScrubbingService#3" daemon prio=5 tid=866 in Object.wait()
java.lang.Thread.State: WAITING (on object monitor)
        at sun.misc.Unsafe.park(Native Method)
        at java.util.concurrent.locks.LockSupport.park(LockSupport.java:175)
        at java.util.concurrent.locks.AbstractQueuedSynchronizer$ConditionObject.await(AbstractQueuedSynchronizer.java:2039)
        at java.util.concurrent.ScheduledThreadPoolExecutor$DelayedWorkQueue.take(ScheduledThreadPoolExecutor.java:1088)
        at java.util.concurrent.ScheduledThreadPoolExecutor$DelayedWorkQueue.take(ScheduledThreadPoolExecutor.java:809)
        at java.util.concurrent.ThreadPoolExecutor.getTask(ThreadPoolExecutor.java:1074)
        at java.util.concurrent.ThreadPoolExecutor.runWorker(ThreadPoolExecutor.java:1134)
        at java.util.concurrent.ThreadPoolExecutor$Worker.run(ThreadPoolExecutor.java:624)
        at java.lang.Thread.run(Thread.java:750)
"cb9a1e57-5a73-4518-a050-b0d695628b3e@group-763B35D9546F-StateMachineUpdater" daemon prio=5 tid=606 timed_waiting
java.lang.Thread.State: TIMED_WAITING
        at sun.misc.Unsafe.park(Native Method)
        at java.util.concurrent.locks.LockSupport.parkNanos(LockSupport.java:215)
        at java.util.concurrent.CompletableFuture$Signaller.block(CompletableFuture.java:1709)
        at java.util.concurrent.ForkJoinPool.managedBlock(ForkJoinPool.java:3323)
        at java.util.concurrent.CompletableFuture.timedGet(CompletableFuture.java:1788)
        at java.util.concurrent.CompletableFuture.get(CompletableFuture.java:1928)
        at org.apache.ratis.util.AwaitForSignal.await(AwaitForSignal.java:56)
        at org.apache.ratis.server.impl.StateMachineUpdater.waitForCommit(StateMachineUpdater.java:207)
        at org.apache.ratis.server.impl.StateMachineUpdater.run(StateMachineUpdater.java:176)
        at java.lang.Thread.run(Thread.java:750)
"qtp70104063-117" daemon prio=5 tid=117 timed_waiting
java.lang.Thread.State: TIMED_WAITING
        at sun.misc.Unsafe.park(Native Method)
        at java.util.concurrent.locks.LockSupport.parkNanos(LockSupport.java:215)
        at java.util.concurrent.locks.AbstractQueuedSynchronizer$ConditionObject.awaitNanos(AbstractQueuedSynchronizer.java:2078)
        at org.eclipse.jetty.util.BlockingArrayQueue.poll(BlockingArrayQueue.java:382)
        at org.eclipse.jetty.util.thread.QueuedThreadPool$Runner.idleJobPoll(QueuedThreadPool.java:974)
        at org.eclipse.jetty.util.thread.QueuedThreadPool$Runner.run(QueuedThreadPool.java:1018)
        at java.lang.Thread.run(Thread.java:750)
"cb9a1e57-5a73-4518-a050-b0d695628b3e@group-510A37B8E04C-FollowerState" daemon prio=5 tid=692 timed_waiting
java.lang.Thread.State: TIMED_WAITING
        at java.lang.Thread.sleep(Native Method)
        at java.lang.Thread.sleep(Thread.java:342)
        at java.util.concurrent.TimeUnit.sleep(TimeUnit.java:386)
        at org.apache.ratis.util.TimeDuration.sleep(TimeDuration.java:325)
        at org.apache.ratis.util.TimeDuration.sleep(TimeDuration.java:310)
        at org.apache.ratis.server.impl.FollowerState.run(FollowerState.java:128)
"c8bfac46-0061-4906-a354-59c2fa211c25@group-BF229F9AAB43-StateMachineUpdater" daemon prio=5 tid=680 timed_waiting
java.lang.Thread.State: TIMED_WAITING
        at sun.misc.Unsafe.park(Native Method)
        at java.util.concurrent.locks.LockSupport.parkNanos(LockSupport.java:215)
        at java.util.concurrent.CompletableFuture$Signaller.block(CompletableFuture.java:1709)
        at java.util.concurrent.ForkJoinPool.managedBlock(ForkJoinPool.java:3323)
        at java.util.concurrent.CompletableFuture.timedGet(CompletableFuture.java:1788)
        at java.util.concurrent.CompletableFuture.get(CompletableFuture.java:1928)
        at org.apache.ratis.util.AwaitForSignal.await(AwaitForSignal.java:56)
        at org.apache.ratis.server.impl.StateMachineUpdater.waitForCommit(StateMachineUpdater.java:207)
        at org.apache.ratis.server.impl.StateMachineUpdater.run(StateMachineUpdater.java:176)
        at java.lang.Thread.run(Thread.java:750)
"Socket Reader #1 for port 0"  prio=5 tid=131 runnable
java.lang.Thread.State: RUNNABLE
        at sun.nio.ch.EPollArrayWrapper.epollWait(Native Method)
        at sun.nio.ch.EPollArrayWrapper.poll(EPollArrayWrapper.java:269)
        at sun.nio.ch.EPollSelectorImpl.doSelect(EPollSelectorImpl.java:93)
        at sun.nio.ch.SelectorImpl.lockAndDoSelect(SelectorImpl.java:86)
        at sun.nio.ch.SelectorImpl.select(SelectorImpl.java:97)
        at sun.nio.ch.SelectorImpl.select(SelectorImpl.java:101)
        at org.apache.hadoop.ipc.Server$Listener$Reader.doRunLoop(Server.java:1296)
        at org.apache.hadoop.ipc.Server$Listener$Reader.run(Server.java:1275)
"BlockDeletingService#2" daemon prio=5 tid=1087 in Object.wait()
java.lang.Thread.State: WAITING (on object monitor)
        at sun.misc.Unsafe.park(Native Method)
        at java.util.concurrent.locks.LockSupport.park(LockSupport.java:175)
        at java.util.concurrent.locks.AbstractQueuedSynchronizer$ConditionObject.await(AbstractQueuedSynchronizer.java:2039)
        at java.util.concurrent.ScheduledThreadPoolExecutor$DelayedWorkQueue.take(ScheduledThreadPoolExecutor.java:1088)
        at java.util.concurrent.ScheduledThreadPoolExecutor$DelayedWorkQueue.take(ScheduledThreadPoolExecutor.java:809)
        at java.util.concurrent.ThreadPoolExecutor.getTask(ThreadPoolExecutor.java:1074)
        at java.util.concurrent.ThreadPoolExecutor.runWorker(ThreadPoolExecutor.java:1134)
        at java.util.concurrent.ThreadPoolExecutor$Worker.run(ThreadPoolExecutor.java:624)
        at java.lang.Thread.run(Thread.java:750)
"org.apache.hadoop.util.JvmPauseMonitor$Monitor@21603d1b" daemon prio=5 tid=254 timed_waiting
java.lang.Thread.State: TIMED_WAITING
        at java.lang.Thread.sleep(Native Method)
        at org.apache.hadoop.util.JvmPauseMonitor$Monitor.run(JvmPauseMonitor.java:192)
        at java.lang.Thread.run(Thread.java:750)
"pool-277-thread-1"  prio=5 tid=430 timed_waiting
java.lang.Thread.State: TIMED_WAITING
        at sun.misc.Unsafe.park(Native Method)
        at java.util.concurrent.locks.LockSupport.parkNanos(LockSupport.java:215)
        at java.util.concurrent.locks.AbstractQueuedSynchronizer$ConditionObject.awaitNanos(AbstractQueuedSynchronizer.java:2078)
        at java.util.concurrent.ScheduledThreadPoolExecutor$DelayedWorkQueue.take(ScheduledThreadPoolExecutor.java:1093)
        at java.util.concurrent.ScheduledThreadPoolExecutor$DelayedWorkQueue.take(ScheduledThreadPoolExecutor.java:809)
        at java.util.concurrent.ThreadPoolExecutor.getTask(ThreadPoolExecutor.java:1074)
        at java.util.concurrent.ThreadPoolExecutor.runWorker(ThreadPoolExecutor.java:1134)
        at java.util.concurrent.ThreadPoolExecutor$Worker.run(ThreadPoolExecutor.java:624)
        at java.lang.Thread.run(Thread.java:750)
"ChunkReader-5" daemon prio=5 tid=912 in Object.wait()
java.lang.Thread.State: WAITING (on object monitor)
        at sun.misc.Unsafe.park(Native Method)
        at java.util.concurrent.locks.LockSupport.park(LockSupport.java:175)
        at java.util.concurrent.locks.AbstractQueuedSynchronizer$ConditionObject.await(AbstractQueuedSynchronizer.java:2039)
        at java.util.concurrent.LinkedBlockingQueue.take(LinkedBlockingQueue.java:442)
        at java.util.concurrent.ThreadPoolExecutor.getTask(ThreadPoolExecutor.java:1074)
        at java.util.concurrent.ThreadPoolExecutor.runWorker(ThreadPoolExecutor.java:1134)
        at java.util.concurrent.ThreadPoolExecutor$Worker.run(ThreadPoolExecutor.java:624)
        at java.lang.Thread.run(Thread.java:750)
"StaleRecoveringContainerScrubbingService#7" daemon prio=5 tid=1085 in Object.wait()
java.lang.Thread.State: WAITING (on object monitor)
        at sun.misc.Unsafe.park(Native Method)
        at java.util.concurrent.locks.LockSupport.park(LockSupport.java:175)
        at java.util.concurrent.locks.AbstractQueuedSynchronizer$ConditionObject.await(AbstractQueuedSynchronizer.java:2039)
        at java.util.concurrent.ScheduledThreadPoolExecutor$DelayedWorkQueue.take(ScheduledThreadPoolExecutor.java:1088)
        at java.util.concurrent.ScheduledThreadPoolExecutor$DelayedWorkQueue.take(ScheduledThreadPoolExecutor.java:809)
        at java.util.concurrent.ThreadPoolExecutor.getTask(ThreadPoolExecutor.java:1074)
        at java.util.concurrent.ThreadPoolExecutor.runWorker(ThreadPoolExecutor.java:1134)
        at java.util.concurrent.ThreadPoolExecutor$Worker.run(ThreadPoolExecutor.java:624)
        at java.lang.Thread.run(Thread.java:750)
"StaleRecoveringContainerScrubbingService#5" daemon prio=5 tid=1043 in Object.wait()
java.lang.Thread.State: WAITING (on object monitor)
        at sun.misc.Unsafe.park(Native Method)
        at java.util.concurrent.locks.LockSupport.park(LockSupport.java:175)
        at java.util.concurrent.locks.AbstractQueuedSynchronizer$ConditionObject.await(AbstractQueuedSynchronizer.java:2039)
        at java.util.concurrent.ScheduledThreadPoolExecutor$DelayedWorkQueue.take(ScheduledThreadPoolExecutor.java:1088)
        at java.util.concurrent.ScheduledThreadPoolExecutor$DelayedWorkQueue.take(ScheduledThreadPoolExecutor.java:809)
        at java.util.concurrent.ThreadPoolExecutor.getTask(ThreadPoolExecutor.java:1074)
        at java.util.concurrent.ThreadPoolExecutor.runWorker(ThreadPoolExecutor.java:1134)
        at java.util.concurrent.ThreadPoolExecutor$Worker.run(ThreadPoolExecutor.java:624)
        at java.lang.Thread.run(Thread.java:750)
"ChunkReader-1" daemon prio=5 tid=762 in Object.wait()
java.lang.Thread.State: WAITING (on object monitor)
        at sun.misc.Unsafe.park(Native Method)
        at java.util.concurrent.locks.LockSupport.park(LockSupport.java:175)
        at java.util.concurrent.locks.AbstractQueuedSynchronizer$ConditionObject.await(AbstractQueuedSynchronizer.java:2039)
        at java.util.concurrent.LinkedBlockingQueue.take(LinkedBlockingQueue.java:442)
        at java.util.concurrent.ThreadPoolExecutor.getTask(ThreadPoolExecutor.java:1074)
        at java.util.concurrent.ThreadPoolExecutor.runWorker(ThreadPoolExecutor.java:1134)
        at java.util.concurrent.ThreadPoolExecutor$Worker.run(ThreadPoolExecutor.java:624)
        at java.lang.Thread.run(Thread.java:750)
"db462c09-4a41-41c4-b065-df9d46fc3c08-server-thread2" daemon prio=5 tid=840 timed_waiting
java.lang.Thread.State: TIMED_WAITING
        at sun.misc.Unsafe.park(Native Method)
        at java.util.concurrent.locks.LockSupport.parkNanos(LockSupport.java:215)
        at java.util.concurrent.SynchronousQueue$TransferStack.awaitFulfill(SynchronousQueue.java:460)
        at java.util.concurrent.SynchronousQueue$TransferStack.transfer(SynchronousQueue.java:362)
        at java.util.concurrent.SynchronousQueue.poll(SynchronousQueue.java:941)
        at java.util.concurrent.ThreadPoolExecutor.getTask(ThreadPoolExecutor.java:1073)
        at java.util.concurrent.ThreadPoolExecutor.runWorker(ThreadPoolExecutor.java:1134)
        at java.util.concurrent.ThreadPoolExecutor$Worker.run(ThreadPoolExecutor.java:624)
        at java.lang.Thread.run(Thread.java:750)
"ChunkWriter-2-0" daemon prio=5 tid=509 in Object.wait()
java.lang.Thread.State: WAITING (on object monitor)
        at sun.misc.Unsafe.park(Native Method)
        at java.util.concurrent.locks.LockSupport.park(LockSupport.java:175)
        at java.util.concurrent.locks.AbstractQueuedSynchronizer$ConditionObject.await(AbstractQueuedSynchronizer.java:2039)
        at java.util.concurrent.LinkedBlockingDeque.takeFirst(LinkedBlockingDeque.java:492)
        at java.util.concurrent.LinkedBlockingDeque.take(LinkedBlockingDeque.java:680)
        at java.util.concurrent.ThreadPoolExecutor.getTask(ThreadPoolExecutor.java:1074)
        at java.util.concurrent.ThreadPoolExecutor.runWorker(ThreadPoolExecutor.java:1134)
        at java.util.concurrent.ThreadPoolExecutor$Worker.run(ThreadPoolExecutor.java:624)
        at java.lang.Thread.run(Thread.java:750)
"Command processor thread" daemon prio=5 tid=253 timed_waiting
java.lang.Thread.State: TIMED_WAITING
        at java.lang.Thread.sleep(Native Method)
        at org.apache.hadoop.ozone.container.common.statemachine.DatanodeStateMachine.lambda$initCommandHandlerThread$3(DatanodeStateMachine.java:641)
        at org.apache.hadoop.ozone.container.common.statemachine.DatanodeStateMachine$$Lambda$753/128958122.run(Unknown Source)
        at java.lang.Thread.run(Thread.java:750)
"StaleRecoveringContainerScrubbingService#9" daemon prio=5 tid=1108 in Object.wait()
java.lang.Thread.State: WAITING (on object monitor)
        at sun.misc.Unsafe.park(Native Method)
        at java.util.concurrent.locks.LockSupport.park(LockSupport.java:175)
        at java.util.concurrent.locks.AbstractQueuedSynchronizer$ConditionObject.await(AbstractQueuedSynchronizer.java:2039)
        at java.util.concurrent.ScheduledThreadPoolExecutor$DelayedWorkQueue.take(ScheduledThreadPoolExecutor.java:1088)
        at java.util.concurrent.ScheduledThreadPoolExecutor$DelayedWorkQueue.take(ScheduledThreadPoolExecutor.java:809)
        at java.util.concurrent.ThreadPoolExecutor.getTask(ThreadPoolExecutor.java:1074)
        at java.util.concurrent.ThreadPoolExecutor.runWorker(ThreadPoolExecutor.java:1134)
        at java.util.concurrent.ThreadPoolExecutor$Worker.run(ThreadPoolExecutor.java:624)
        at java.lang.Thread.run(Thread.java:750)
"Session-HouseKeeper-7f24d88b-1"  prio=5 tid=153 timed_waiting
java.lang.Thread.State: TIMED_WAITING
        at sun.misc.Unsafe.park(Native Method)
        at java.util.concurrent.locks.LockSupport.parkNanos(LockSupport.java:215)
        at java.util.concurrent.locks.AbstractQueuedSynchronizer$ConditionObject.awaitNanos(AbstractQueuedSynchronizer.java:2078)
        at java.util.concurrent.ScheduledThreadPoolExecutor$DelayedWorkQueue.take(ScheduledThreadPoolExecutor.java:1093)
        at java.util.concurrent.ScheduledThreadPoolExecutor$DelayedWorkQueue.take(ScheduledThreadPoolExecutor.java:809)
        at java.util.concurrent.ThreadPoolExecutor.getTask(ThreadPoolExecutor.java:1074)
        at java.util.concurrent.ThreadPoolExecutor.runWorker(ThreadPoolExecutor.java:1134)
        at java.util.concurrent.ThreadPoolExecutor$Worker.run(ThreadPoolExecutor.java:624)
        at java.lang.Thread.run(Thread.java:750)
"IPC Server handler 5 on default port 43781" daemon prio=5 tid=159 timed_waiting
java.lang.Thread.State: TIMED_WAITING
        at sun.misc.Unsafe.park(Native Method)
        at java.util.concurrent.locks.LockSupport.parkNanos(LockSupport.java:215)
        at java.util.concurrent.locks.AbstractQueuedSynchronizer$ConditionObject.awaitNanos(AbstractQueuedSynchronizer.java:2078)
        at java.util.concurrent.LinkedBlockingQueue.poll(LinkedBlockingQueue.java:467)
        at org.apache.hadoop.ipc.CallQueueManager.take(CallQueueManager.java:317)
        at org.apache.hadoop.ipc.Server$Handler.run(Server.java:2942)
"IPC Server handler 7 on default port 42997" daemon prio=5 tid=94 timed_waiting
java.lang.Thread.State: TIMED_WAITING
        at sun.misc.Unsafe.park(Native Method)
        at java.util.concurrent.locks.LockSupport.parkNanos(LockSupport.java:215)
        at java.util.concurrent.locks.AbstractQueuedSynchronizer$ConditionObject.awaitNanos(AbstractQueuedSynchronizer.java:2078)
        at java.util.concurrent.LinkedBlockingQueue.poll(LinkedBlockingQueue.java:467)
        at org.apache.hadoop.ipc.CallQueueManager.take(CallQueueManager.java:317)
        at org.apache.hadoop.ipc.Server$Handler.run(Server.java:2942)
"Datanode State Machine Daemon Thread" daemon prio=5 tid=273 timed_waiting
java.lang.Thread.State: TIMED_WAITING
        at java.lang.Thread.sleep(Native Method)
        at org.apache.hadoop.ozone.container.common.statemachine.DatanodeStateMachine.startStateMachineThread(DatanodeStateMachine.java:321)
        at org.apache.hadoop.ozone.container.common.statemachine.DatanodeStateMachine.lambda$startDaemon$0(DatanodeStateMachine.java:506)
        at org.apache.hadoop.ozone.container.common.statemachine.DatanodeStateMachine$$Lambda$751/1388137600.run(Unknown Source)
        at java.lang.Thread.run(Thread.java:750)
"FixedThreadPoolWithAffinityExecutor-6-0" daemon prio=5 tid=41 timed_waiting
java.lang.Thread.State: TIMED_WAITING
        at sun.misc.Unsafe.park(Native Method)
        at java.util.concurrent.locks.LockSupport.parkNanos(LockSupport.java:215)
        at java.util.concurrent.locks.AbstractQueuedSynchronizer$ConditionObject.awaitNanos(AbstractQueuedSynchronizer.java:2078)
        at java.util.concurrent.LinkedBlockingQueue.poll(LinkedBlockingQueue.java:467)
        at org.apache.hadoop.hdds.scm.server.ContainerReportQueue.poll(ContainerReportQueue.java:266)
        at org.apache.hadoop.hdds.scm.server.ContainerReportQueue.poll(ContainerReportQueue.java:42)
        at org.apache.hadoop.hdds.server.events.FixedThreadPoolWithAffinityExecutor$ContainerReportProcessTask.run(FixedThreadPoolWithAffinityExecutor.java:248)
        at java.util.concurrent.Executors$RunnableAdapter.call(Executors.java:511)
        at java.util.concurrent.FutureTask.run(FutureTask.java:266)
        at java.util.concurrent.ThreadPoolExecutor.runWorker(ThreadPoolExecutor.java:1149)
        at java.util.concurrent.ThreadPoolExecutor$Worker.run(ThreadPoolExecutor.java:624)
        at java.lang.Thread.run(Thread.java:750)
"ChunkReader-4" daemon prio=5 tid=895 in Object.wait()
java.lang.Thread.State: WAITING (on object monitor)
        at sun.misc.Unsafe.park(Native Method)
        at java.util.concurrent.locks.LockSupport.park(LockSupport.java:175)
        at java.util.concurrent.locks.AbstractQueuedSynchronizer$ConditionObject.await(AbstractQueuedSynchronizer.java:2039)
        at java.util.concurrent.LinkedBlockingQueue.take(LinkedBlockingQueue.java:442)
        at java.util.concurrent.ThreadPoolExecutor.getTask(ThreadPoolExecutor.java:1074)
        at java.util.concurrent.ThreadPoolExecutor.runWorker(ThreadPoolExecutor.java:1134)
        at java.util.concurrent.ThreadPoolExecutor$Worker.run(ThreadPoolExecutor.java:624)
        at java.lang.Thread.run(Thread.java:750)
"Datanode ReportManager Thread - 1" daemon prio=5 tid=334 in Object.wait()
java.lang.Thread.State: WAITING (on object monitor)
        at sun.misc.Unsafe.park(Native Method)
        at java.util.concurrent.locks.LockSupport.park(LockSupport.java:175)
        at java.util.concurrent.locks.AbstractQueuedSynchronizer$ConditionObject.await(AbstractQueuedSynchronizer.java:2039)
        at java.util.concurrent.ScheduledThreadPoolExecutor$DelayedWorkQueue.take(ScheduledThreadPoolExecutor.java:1088)
        at java.util.concurrent.ScheduledThreadPoolExecutor$DelayedWorkQueue.take(ScheduledThreadPoolExecutor.java:809)
        at java.util.concurrent.ThreadPoolExecutor.getTask(ThreadPoolExecutor.java:1074)
        at java.util.concurrent.ThreadPoolExecutor.runWorker(ThreadPoolExecutor.java:1134)
        at java.util.concurrent.ThreadPoolExecutor$Worker.run(ThreadPoolExecutor.java:624)
        at java.lang.Thread.run(Thread.java:750)
"org.apache.hadoop.util.JvmPauseMonitor$Monitor@3e145ac" daemon prio=5 tid=200 timed_waiting
java.lang.Thread.State: TIMED_WAITING
        at java.lang.Thread.sleep(Native Method)
        at org.apache.hadoop.util.JvmPauseMonitor$Monitor.run(JvmPauseMonitor.java:192)
        at java.lang.Thread.run(Thread.java:750)
"StaleRecoveringContainerScrubbingService#4" daemon prio=5 tid=944 in Object.wait()
java.lang.Thread.State: WAITING (on object monitor)
        at sun.misc.Unsafe.park(Native Method)
        at java.util.concurrent.locks.LockSupport.park(LockSupport.java:175)
        at java.util.concurrent.locks.AbstractQueuedSynchronizer$ConditionObject.await(AbstractQueuedSynchronizer.java:2039)
        at java.util.concurrent.ScheduledThreadPoolExecutor$DelayedWorkQueue.take(ScheduledThreadPoolExecutor.java:1088)
        at java.util.concurrent.ScheduledThreadPoolExecutor$DelayedWorkQueue.take(ScheduledThreadPoolExecutor.java:809)
        at java.util.concurrent.ThreadPoolExecutor.getTask(ThreadPoolExecutor.java:1074)
        at java.util.concurrent.ThreadPoolExecutor.runWorker(ThreadPoolExecutor.java:1134)
        at java.util.concurrent.ThreadPoolExecutor$Worker.run(ThreadPoolExecutor.java:624)
        at java.lang.Thread.run(Thread.java:750)
"FixedThreadPoolWithAffinityExecutor-1-0" daemon prio=5 tid=36 timed_waiting
java.lang.Thread.State: TIMED_WAITING
        at sun.misc.Unsafe.park(Native Method)
        at java.util.concurrent.locks.LockSupport.parkNanos(LockSupport.java:215)
        at java.util.concurrent.locks.AbstractQueuedSynchronizer$ConditionObject.awaitNanos(AbstractQueuedSynchronizer.java:2078)
        at java.util.concurrent.LinkedBlockingQueue.poll(LinkedBlockingQueue.java:467)
        at org.apache.hadoop.hdds.scm.server.ContainerReportQueue.poll(ContainerReportQueue.java:266)
        at org.apache.hadoop.hdds.scm.server.ContainerReportQueue.poll(ContainerReportQueue.java:42)
        at org.apache.hadoop.hdds.server.events.FixedThreadPoolWithAffinityExecutor$ContainerReportProcessTask.run(FixedThreadPoolWithAffinityExecutor.java:248)
        at java.util.concurrent.Executors$RunnableAdapter.call(Executors.java:511)
        at java.util.concurrent.FutureTask.run(FutureTask.java:266)
        at java.util.concurrent.ThreadPoolExecutor.runWorker(ThreadPoolExecutor.java:1149)
        at java.util.concurrent.ThreadPoolExecutor$Worker.run(ThreadPoolExecutor.java:624)
        at java.lang.Thread.run(Thread.java:750)
"BlockDeletingService#1" daemon prio=5 tid=346 in Object.wait()
java.lang.Thread.State: WAITING (on object monitor)
        at sun.misc.Unsafe.park(Native Method)
        at java.util.concurrent.locks.LockSupport.park(LockSupport.java:175)
        at java.util.concurrent.locks.AbstractQueuedSynchronizer$ConditionObject.await(AbstractQueuedSynchronizer.java:2039)
        at java.util.concurrent.ScheduledThreadPoolExecutor$DelayedWorkQueue.take(ScheduledThreadPoolExecutor.java:1088)
        at java.util.concurrent.ScheduledThreadPoolExecutor$DelayedWorkQueue.take(ScheduledThreadPoolExecutor.java:809)
        at java.util.concurrent.ThreadPoolExecutor.getTask(ThreadPoolExecutor.java:1074)
        at java.util.concurrent.ThreadPoolExecutor.runWorker(ThreadPoolExecutor.java:1134)
        at java.util.concurrent.ThreadPoolExecutor$Worker.run(ThreadPoolExecutor.java:624)
        at java.lang.Thread.run(Thread.java:750)
"grpc-default-executor-4" daemon prio=5 tid=701 timed_waiting
java.lang.Thread.State: TIMED_WAITING
        at sun.misc.Unsafe.park(Native Method)
        at java.util.concurrent.locks.LockSupport.parkNanos(LockSupport.java:215)
        at java.util.concurrent.SynchronousQueue$TransferStack.awaitFulfill(SynchronousQueue.java:460)
        at java.util.concurrent.SynchronousQueue$TransferStack.transfer(SynchronousQueue.java:362)
        at java.util.concurrent.SynchronousQueue.poll(SynchronousQueue.java:941)
        at java.util.concurrent.ThreadPoolExecutor.getTask(ThreadPoolExecutor.java:1073)
        at java.util.concurrent.ThreadPoolExecutor.runWorker(ThreadPoolExecutor.java:1134)
        at java.util.concurrent.ThreadPoolExecutor$Worker.run(ThreadPoolExecutor.java:624)
        at java.lang.Thread.run(Thread.java:750)
"Datanode ReportManager Thread - 4" daemon prio=5 tid=419 in Object.wait()
java.lang.Thread.State: WAITING (on object monitor)
        at sun.misc.Unsafe.park(Native Method)
        at java.util.concurrent.locks.LockSupport.park(LockSupport.java:175)
        at java.util.concurrent.locks.AbstractQueuedSynchronizer$ConditionObject.await(AbstractQueuedSynchronizer.java:2039)
        at java.util.concurrent.ScheduledThreadPoolExecutor$DelayedWorkQueue.take(ScheduledThreadPoolExecutor.java:1088)
        at java.util.concurrent.ScheduledThreadPoolExecutor$DelayedWorkQueue.take(ScheduledThreadPoolExecutor.java:809)
        at java.util.concurrent.ThreadPoolExecutor.getTask(ThreadPoolExecutor.java:1074)
        at java.util.concurrent.ThreadPoolExecutor.runWorker(ThreadPoolExecutor.java:1134)
        at java.util.concurrent.ThreadPoolExecutor$Worker.run(ThreadPoolExecutor.java:624)
        at java.lang.Thread.run(Thread.java:750)
"Command processor thread" daemon prio=5 tid=279 timed_waiting
java.lang.Thread.State: TIMED_WAITING
        at java.lang.Thread.sleep(Native Method)
        at org.apache.hadoop.ozone.container.common.statemachine.DatanodeStateMachine.lambda$initCommandHandlerThread$3(DatanodeStateMachine.java:641)
        at org.apache.hadoop.ozone.container.common.statemachine.DatanodeStateMachine$$Lambda$753/128958122.run(Unknown Source)
        at java.lang.Thread.run(Thread.java:750)
"StaleRecoveringContainerScrubbingService#5" daemon prio=5 tid=1039 in Object.wait()
java.lang.Thread.State: WAITING (on object monitor)
        at sun.misc.Unsafe.park(Native Method)
        at java.util.concurrent.locks.LockSupport.park(LockSupport.java:175)
        at java.util.concurrent.locks.AbstractQueuedSynchronizer$ConditionObject.await(AbstractQueuedSynchronizer.java:2039)
        at java.util.concurrent.ScheduledThreadPoolExecutor$DelayedWorkQueue.take(ScheduledThreadPoolExecutor.java:1088)
        at java.util.concurrent.ScheduledThreadPoolExecutor$DelayedWorkQueue.take(ScheduledThreadPoolExecutor.java:809)
        at java.util.concurrent.ThreadPoolExecutor.getTask(ThreadPoolExecutor.java:1074)
        at java.util.concurrent.ThreadPoolExecutor.runWorker(ThreadPoolExecutor.java:1134)
        at java.util.concurrent.ThreadPoolExecutor$Worker.run(ThreadPoolExecutor.java:624)
        at java.lang.Thread.run(Thread.java:750)
"org.apache.hadoop.ozone.container.common.statemachine.commandhandler.DeleteBlocksCommandHandler$DeleteCmdWorker@5dd94cfd" daemon prio=5 tid=391 timed_waiting
java.lang.Thread.State: TIMED_WAITING
        at java.lang.Thread.sleep(Native Method)
        at org.apache.hadoop.ozone.container.common.statemachine.commandhandler.DeleteBlocksCommandHandler$DeleteCmdWorker.run(DeleteBlocksCommandHandler.java:184)
        at java.lang.Thread.run(Thread.java:750)
"StaleRecoveringContainerScrubbingService#3" daemon prio=5 tid=877 in Object.wait()
java.lang.Thread.State: WAITING (on object monitor)
        at sun.misc.Unsafe.park(Native Method)
        at java.util.concurrent.locks.LockSupport.park(LockSupport.java:175)
        at java.util.concurrent.locks.AbstractQueuedSynchronizer$ConditionObject.await(AbstractQueuedSynchronizer.java:2039)
        at java.util.concurrent.ScheduledThreadPoolExecutor$DelayedWorkQueue.take(ScheduledThreadPoolExecutor.java:1088)
        at java.util.concurrent.ScheduledThreadPoolExecutor$DelayedWorkQueue.take(ScheduledThreadPoolExecutor.java:809)
        at java.util.concurrent.ThreadPoolExecutor.getTask(ThreadPoolExecutor.java:1074)
        at java.util.concurrent.ThreadPoolExecutor.runWorker(ThreadPoolExecutor.java:1134)
        at java.util.concurrent.ThreadPoolExecutor$Worker.run(ThreadPoolExecutor.java:624)
        at java.lang.Thread.run(Thread.java:750)
"Datanode State Machine Task Thread - 0"  prio=5 tid=255 in Object.wait()
java.lang.Thread.State: WAITING (on object monitor)
        at sun.misc.Unsafe.park(Native Method)
        at java.util.concurrent.locks.LockSupport.park(LockSupport.java:175)
        at java.util.concurrent.locks.AbstractQueuedSynchronizer$ConditionObject.await(AbstractQueuedSynchronizer.java:2039)
        at java.util.concurrent.LinkedBlockingQueue.take(LinkedBlockingQueue.java:442)
        at java.util.concurrent.ThreadPoolExecutor.getTask(ThreadPoolExecutor.java:1074)
        at java.util.concurrent.ThreadPoolExecutor.runWorker(ThreadPoolExecutor.java:1134)
        at java.util.concurrent.ThreadPoolExecutor$Worker.run(ThreadPoolExecutor.java:624)
        at java.lang.Thread.run(Thread.java:750)
"Periodic HDDS volume checker" daemon prio=5 tid=176 timed_waiting
java.lang.Thread.State: TIMED_WAITING
        at sun.misc.Unsafe.park(Native Method)
        at java.util.concurrent.locks.LockSupport.parkNanos(LockSupport.java:215)
        at java.util.concurrent.locks.AbstractQueuedSynchronizer$ConditionObject.awaitNanos(AbstractQueuedSynchronizer.java:2078)
        at java.util.concurrent.ScheduledThreadPoolExecutor$DelayedWorkQueue.take(ScheduledThreadPoolExecutor.java:1093)
        at java.util.concurrent.ScheduledThreadPoolExecutor$DelayedWorkQueue.take(ScheduledThreadPoolExecutor.java:809)
        at java.util.concurrent.ThreadPoolExecutor.getTask(ThreadPoolExecutor.java:1074)
        at java.util.concurrent.ThreadPoolExecutor.runWorker(ThreadPoolExecutor.java:1134)
        at java.util.concurrent.ThreadPoolExecutor$Worker.run(ThreadPoolExecutor.java:624)
        at java.lang.Thread.run(Thread.java:750)
"ChunkReader-3" daemon prio=5 tid=1032 in Object.wait()
java.lang.Thread.State: WAITING (on object monitor)
        at sun.misc.Unsafe.park(Native Method)
        at java.util.concurrent.locks.LockSupport.park(LockSupport.java:175)
        at java.util.concurrent.locks.AbstractQueuedSynchronizer$ConditionObject.await(AbstractQueuedSynchronizer.java:2039)
        at java.util.concurrent.LinkedBlockingQueue.take(LinkedBlockingQueue.java:442)
        at java.util.concurrent.ThreadPoolExecutor.getTask(ThreadPoolExecutor.java:1074)
        at java.util.concurrent.ThreadPoolExecutor.runWorker(ThreadPoolExecutor.java:1134)
        at java.util.concurrent.ThreadPoolExecutor$Worker.run(ThreadPoolExecutor.java:624)
        at java.lang.Thread.run(Thread.java:750)
"IPC Server handler 9 on default port 40677" daemon prio=5 tid=76 timed_waiting
java.lang.Thread.State: TIMED_WAITING
        at sun.misc.Unsafe.park(Native Method)
        at java.util.concurrent.locks.LockSupport.parkNanos(LockSupport.java:215)
        at java.util.concurrent.locks.AbstractQueuedSynchronizer$ConditionObject.awaitNanos(AbstractQueuedSynchronizer.java:2078)
        at java.util.concurrent.LinkedBlockingQueue.poll(LinkedBlockingQueue.java:467)
        at org.apache.hadoop.ipc.CallQueueManager.take(CallQueueManager.java:317)
        at org.apache.hadoop.ipc.Server$Handler.run(Server.java:2942)
"fb3b41a4-a9f1-45d3-bf74-4074fcf3e767@group-510A37B8E04C-LeaderStateImpl" daemon prio=5 tid=693 timed_waiting
java.lang.Thread.State: TIMED_WAITING
        at sun.misc.Unsafe.park(Native Method)
        at java.util.concurrent.locks.LockSupport.parkNanos(LockSupport.java:215)
        at java.util.concurrent.locks.AbstractQueuedSynchronizer$ConditionObject.awaitNanos(AbstractQueuedSynchronizer.java:2078)
        at java.util.concurrent.ArrayBlockingQueue.poll(ArrayBlockingQueue.java:418)
        at org.apache.ratis.server.impl.LeaderStateImpl$EventQueue.poll(LeaderStateImpl.java:159)
        at org.apache.ratis.server.impl.LeaderStateImpl$EventProcessor.run(LeaderStateImpl.java:630)
"FixedThreadPoolWithAffinityExecutor-7-0" daemon prio=5 tid=42 timed_waiting
java.lang.Thread.State: TIMED_WAITING
        at sun.misc.Unsafe.park(Native Method)
        at java.util.concurrent.locks.LockSupport.parkNanos(LockSupport.java:215)
        at java.util.concurrent.locks.AbstractQueuedSynchronizer$ConditionObject.awaitNanos(AbstractQueuedSynchronizer.java:2078)
        at java.util.concurrent.LinkedBlockingQueue.poll(LinkedBlockingQueue.java:467)
        at org.apache.hadoop.hdds.scm.server.ContainerReportQueue.poll(ContainerReportQueue.java:266)
        at org.apache.hadoop.hdds.scm.server.ContainerReportQueue.poll(ContainerReportQueue.java:42)
        at org.apache.hadoop.hdds.server.events.FixedThreadPoolWithAffinityExecutor$ContainerReportProcessTask.run(FixedThreadPoolWithAffinityExecutor.java:248)
        at java.util.concurrent.Executors$RunnableAdapter.call(Executors.java:511)
        at java.util.concurrent.FutureTask.run(FutureTask.java:266)
        at java.util.concurrent.ThreadPoolExecutor.runWorker(ThreadPoolExecutor.java:1149)
        at java.util.concurrent.ThreadPoolExecutor$Worker.run(ThreadPoolExecutor.java:624)
        at java.lang.Thread.run(Thread.java:750)
"ChunkWriter-1-0" daemon prio=5 tid=559 in Object.wait()
java.lang.Thread.State: WAITING (on object monitor)
        at sun.misc.Unsafe.park(Native Method)
        at java.util.concurrent.locks.LockSupport.park(LockSupport.java:175)
        at java.util.concurrent.locks.AbstractQueuedSynchronizer$ConditionObject.await(AbstractQueuedSynchronizer.java:2039)
        at java.util.concurrent.LinkedBlockingDeque.takeFirst(LinkedBlockingDeque.java:492)
        at java.util.concurrent.LinkedBlockingDeque.take(LinkedBlockingDeque.java:680)
        at java.util.concurrent.ThreadPoolExecutor.getTask(ThreadPoolExecutor.java:1074)
        at java.util.concurrent.ThreadPoolExecutor.runWorker(ThreadPoolExecutor.java:1134)
        at java.util.concurrent.ThreadPoolExecutor$Worker.run(ThreadPoolExecutor.java:624)
        at java.lang.Thread.run(Thread.java:750)
"JvmPauseMonitor3" daemon prio=5 tid=408 timed_waiting
java.lang.Thread.State: TIMED_WAITING
        at java.lang.Thread.sleep(Native Method)
        at java.lang.Thread.sleep(Thread.java:342)
        at java.util.concurrent.TimeUnit.sleep(TimeUnit.java:386)
        at org.apache.ratis.util.TimeDuration.sleep(TimeDuration.java:325)
        at org.apache.ratis.util.TimeDuration.sleep(TimeDuration.java:310)
        at org.apache.ratis.util.JvmPauseMonitor.detectPause(JvmPauseMonitor.java:119)
        at org.apache.ratis.util.JvmPauseMonitor.run(JvmPauseMonitor.java:108)
        at org.apache.ratis.util.JvmPauseMonitor$$Lambda$706/2022973332.run(Unknown Source)
        at java.lang.Thread.run(Thread.java:750)
"org.apache.hadoop.ozone.container.common.statemachine.commandhandler.DeleteBlocksCommandHandler$DeleteCmdWorker@53162e9c" daemon prio=5 tid=236 timed_waiting
java.lang.Thread.State: TIMED_WAITING
        at java.lang.Thread.sleep(Native Method)
        at org.apache.hadoop.ozone.container.common.statemachine.commandhandler.DeleteBlocksCommandHandler$DeleteCmdWorker.run(DeleteBlocksCommandHandler.java:184)
        at java.lang.Thread.run(Thread.java:750)
"fb3b41a4-a9f1-45d3-bf74-4074fcf3e767@group-26CCA98A274A-LeaderStateImpl" daemon prio=5 tid=686 timed_waiting
java.lang.Thread.State: TIMED_WAITING
        at sun.misc.Unsafe.park(Native Method)
        at java.util.concurrent.locks.LockSupport.parkNanos(LockSupport.java:215)
        at java.util.concurrent.locks.AbstractQueuedSynchronizer$ConditionObject.awaitNanos(AbstractQueuedSynchronizer.java:2078)
        at java.util.concurrent.ArrayBlockingQueue.poll(ArrayBlockingQueue.java:418)
        at org.apache.ratis.server.impl.LeaderStateImpl$EventQueue.poll(LeaderStateImpl.java:159)
        at org.apache.ratis.server.impl.LeaderStateImpl$EventProcessor.run(LeaderStateImpl.java:630)
"cb9a1e57-5a73-4518-a050-b0d695628b3e@group-510A37B8E04C-SegmentedRaftLogWorker"  prio=5 tid=583 timed_waiting
java.lang.Thread.State: TIMED_WAITING
        at sun.misc.Unsafe.park(Native Method)
        at java.util.concurrent.locks.LockSupport.parkNanos(LockSupport.java:215)
        at java.util.concurrent.locks.AbstractQueuedSynchronizer$ConditionObject.awaitNanos(AbstractQueuedSynchronizer.java:2078)
        at org.apache.ratis.util.DataBlockingQueue.poll(DataBlockingQueue.java:148)
        at org.apache.ratis.server.raftlog.segmented.SegmentedRaftLogWorker.run(SegmentedRaftLogWorker.java:310)
        at org.apache.ratis.server.raftlog.segmented.SegmentedRaftLogWorker$$Lambda$665/1566430543.run(Unknown Source)
        at java.lang.Thread.run(Thread.java:750)
"StaleRecoveringContainerScrubbingService#1" daemon prio=5 tid=413 in Object.wait()
java.lang.Thread.State: WAITING (on object monitor)
        at sun.misc.Unsafe.park(Native Method)
        at java.util.concurrent.locks.LockSupport.park(LockSupport.java:175)
        at java.util.concurrent.locks.AbstractQueuedSynchronizer$ConditionObject.await(AbstractQueuedSynchronizer.java:2039)
        at java.util.concurrent.ScheduledThreadPoolExecutor$DelayedWorkQueue.take(ScheduledThreadPoolExecutor.java:1088)
        at java.util.concurrent.ScheduledThreadPoolExecutor$DelayedWorkQueue.take(ScheduledThreadPoolExecutor.java:809)
        at java.util.concurrent.ThreadPoolExecutor.getTask(ThreadPoolExecutor.java:1074)
        at java.util.concurrent.ThreadPoolExecutor.runWorker(ThreadPoolExecutor.java:1134)
        at java.util.concurrent.ThreadPoolExecutor$Worker.run(ThreadPoolExecutor.java:624)
        at java.lang.Thread.run(Thread.java:750)
"IPC Server handler 4 on default port 43781" daemon prio=5 tid=158 timed_waiting
java.lang.Thread.State: TIMED_WAITING
        at sun.misc.Unsafe.park(Native Method)
        at java.util.concurrent.locks.LockSupport.parkNanos(LockSupport.java:215)
        at java.util.concurrent.locks.AbstractQueuedSynchronizer$ConditionObject.awaitNanos(AbstractQueuedSynchronizer.java:2078)
        at java.util.concurrent.LinkedBlockingQueue.poll(LinkedBlockingQueue.java:467)
        at org.apache.hadoop.ipc.CallQueueManager.take(CallQueueManager.java:317)
        at org.apache.hadoop.ipc.Server$Handler.run(Server.java:2942)
"ChunkReader-2" daemon prio=5 tid=770 in Object.wait()
java.lang.Thread.State: WAITING (on object monitor)
        at sun.misc.Unsafe.park(Native Method)
        at java.util.concurrent.locks.LockSupport.park(LockSupport.java:175)
        at java.util.concurrent.locks.AbstractQueuedSynchronizer$ConditionObject.await(AbstractQueuedSynchronizer.java:2039)
        at java.util.concurrent.LinkedBlockingQueue.take(LinkedBlockingQueue.java:442)
        at java.util.concurrent.ThreadPoolExecutor.getTask(ThreadPoolExecutor.java:1074)
        at java.util.concurrent.ThreadPoolExecutor.runWorker(ThreadPoolExecutor.java:1134)
        at java.util.concurrent.ThreadPoolExecutor$Worker.run(ThreadPoolExecutor.java:624)
        at java.lang.Thread.run(Thread.java:750)
"Session-HouseKeeper-4c39d732-1"  prio=5 tid=439 timed_waiting
java.lang.Thread.State: TIMED_WAITING
        at sun.misc.Unsafe.park(Native Method)
        at java.util.concurrent.locks.LockSupport.parkNanos(LockSupport.java:215)
        at java.util.concurrent.locks.AbstractQueuedSynchronizer$ConditionObject.awaitNanos(AbstractQueuedSynchronizer.java:2078)
        at java.util.concurrent.ScheduledThreadPoolExecutor$DelayedWorkQueue.take(ScheduledThreadPoolExecutor.java:1093)
        at java.util.concurrent.ScheduledThreadPoolExecutor$DelayedWorkQueue.take(ScheduledThreadPoolExecutor.java:809)
        at java.util.concurrent.ThreadPoolExecutor.getTask(ThreadPoolExecutor.java:1074)
        at java.util.concurrent.ThreadPoolExecutor.runWorker(ThreadPoolExecutor.java:1134)
        at java.util.concurrent.ThreadPoolExecutor$Worker.run(ThreadPoolExecutor.java:624)
        at java.lang.Thread.run(Thread.java:750)
"EventQueue-HealthyReadonlyToHealthyNodeForReadOnlyHealthyToHealthyNodeHandler" daemon prio=5 tid=982 in Object.wait()
java.lang.Thread.State: WAITING (on object monitor)
        at sun.misc.Unsafe.park(Native Method)
        at java.util.concurrent.locks.LockSupport.park(LockSupport.java:175)
        at java.util.concurrent.locks.AbstractQueuedSynchronizer$ConditionObject.await(AbstractQueuedSynchronizer.java:2039)
        at java.util.concurrent.LinkedBlockingQueue.take(LinkedBlockingQueue.java:442)
        at java.util.concurrent.ThreadPoolExecutor.getTask(ThreadPoolExecutor.java:1074)
        at java.util.concurrent.ThreadPoolExecutor.runWorker(ThreadPoolExecutor.java:1134)
        at java.util.concurrent.ThreadPoolExecutor$Worker.run(ThreadPoolExecutor.java:624)
        at java.lang.Thread.run(Thread.java:750)
"BlockDeletingService#1" daemon prio=5 tid=489 in Object.wait()
java.lang.Thread.State: WAITING (on object monitor)
        at sun.misc.Unsafe.park(Native Method)
        at java.util.concurrent.locks.LockSupport.park(LockSupport.java:175)
        at java.util.concurrent.locks.AbstractQueuedSynchronizer$ConditionObject.await(AbstractQueuedSynchronizer.java:2039)
        at java.util.concurrent.ScheduledThreadPoolExecutor$DelayedWorkQueue.take(ScheduledThreadPoolExecutor.java:1088)
        at java.util.concurrent.ScheduledThreadPoolExecutor$DelayedWorkQueue.take(ScheduledThreadPoolExecutor.java:809)
        at java.util.concurrent.ThreadPoolExecutor.getTask(ThreadPoolExecutor.java:1074)
        at java.util.concurrent.ThreadPoolExecutor.runWorker(ThreadPoolExecutor.java:1134)
        at java.util.concurrent.ThreadPoolExecutor$Worker.run(ThreadPoolExecutor.java:624)
        at java.lang.Thread.run(Thread.java:750)
"pool-134-thread-1" daemon prio=5 tid=259 timed_waiting
java.lang.Thread.State: TIMED_WAITING
        at sun.misc.Unsafe.park(Native Method)
        at java.util.concurrent.locks.LockSupport.parkNanos(LockSupport.java:215)
        at java.util.concurrent.locks.AbstractQueuedSynchronizer$ConditionObject.awaitNanos(AbstractQueuedSynchronizer.java:2078)
        at java.util.concurrent.ScheduledThreadPoolExecutor$DelayedWorkQueue.take(ScheduledThreadPoolExecutor.java:1093)
        at java.util.concurrent.ScheduledThreadPoolExecutor$DelayedWorkQueue.take(ScheduledThreadPoolExecutor.java:809)
        at java.util.concurrent.ThreadPoolExecutor.getTask(ThreadPoolExecutor.java:1074)
        at java.util.concurrent.ThreadPoolExecutor.runWorker(ThreadPoolExecutor.java:1134)
        at java.util.concurrent.ThreadPoolExecutor$Worker.run(ThreadPoolExecutor.java:624)
        at java.lang.Thread.run(Thread.java:750)
"om1-client-thread1" daemon prio=5 tid=734 timed_waiting
java.lang.Thread.State: TIMED_WAITING
        at sun.misc.Unsafe.park(Native Method)
        at java.util.concurrent.locks.LockSupport.parkNanos(LockSupport.java:215)
        at java.util.concurrent.SynchronousQueue$TransferStack.awaitFulfill(SynchronousQueue.java:460)
        at java.util.concurrent.SynchronousQueue$TransferStack.transfer(SynchronousQueue.java:362)
        at java.util.concurrent.SynchronousQueue.poll(SynchronousQueue.java:941)
        at java.util.concurrent.ThreadPoolExecutor.getTask(ThreadPoolExecutor.java:1073)
        at java.util.concurrent.ThreadPoolExecutor.runWorker(ThreadPoolExecutor.java:1134)
        at java.util.concurrent.ThreadPoolExecutor$Worker.run(ThreadPoolExecutor.java:624)
        at java.lang.Thread.run(Thread.java:750)
"IPC Server handler 6 on default port 40677" daemon prio=5 tid=73 timed_waiting
java.lang.Thread.State: TIMED_WAITING
        at sun.misc.Unsafe.park(Native Method)
        at java.util.concurrent.locks.LockSupport.parkNanos(LockSupport.java:215)
        at java.util.concurrent.locks.AbstractQueuedSynchronizer$ConditionObject.awaitNanos(AbstractQueuedSynchronizer.java:2078)
        at java.util.concurrent.LinkedBlockingQueue.poll(LinkedBlockingQueue.java:467)
        at org.apache.hadoop.ipc.CallQueueManager.take(CallQueueManager.java:317)
        at org.apache.hadoop.ipc.Server$Handler.run(Server.java:2942)
"StaleRecoveringContainerScrubbingService#0" daemon prio=5 tid=375 in Object.wait()
java.lang.Thread.State: WAITING (on object monitor)
        at sun.misc.Unsafe.park(Native Method)
        at java.util.concurrent.locks.LockSupport.park(LockSupport.java:175)
        at java.util.concurrent.locks.AbstractQueuedSynchronizer$ConditionObject.await(AbstractQueuedSynchronizer.java:2039)
        at java.util.concurrent.ScheduledThreadPoolExecutor$DelayedWorkQueue.take(ScheduledThreadPoolExecutor.java:1088)
        at java.util.concurrent.ScheduledThreadPoolExecutor$DelayedWorkQueue.take(ScheduledThreadPoolExecutor.java:809)
        at java.util.concurrent.ThreadPoolExecutor.getTask(ThreadPoolExecutor.java:1074)
        at java.util.concurrent.ThreadPoolExecutor.runWorker(ThreadPoolExecutor.java:1134)
        at java.util.concurrent.ThreadPoolExecutor$Worker.run(ThreadPoolExecutor.java:624)
        at java.lang.Thread.run(Thread.java:750)
"qtp1026182168-146-acceptor-0@61e8fbf1-ServerConnector@4d46444b{HTTP/1.1, (http/1.1)}{0.0.0.0:40261}" daemon prio=3 tid=146 runnable
java.lang.Thread.State: RUNNABLE
        at sun.nio.ch.ServerSocketChannelImpl.accept0(Native Method)
        at sun.nio.ch.ServerSocketChannelImpl.accept(ServerSocketChannelImpl.java:421)
        at sun.nio.ch.ServerSocketChannelImpl.accept(ServerSocketChannelImpl.java:249)
        at org.eclipse.jetty.server.ServerConnector.accept(ServerConnector.java:388)
        at org.eclipse.jetty.server.AbstractConnector$Acceptor.run(AbstractConnector.java:704)
        at org.eclipse.jetty.util.thread.QueuedThreadPool.runJob(QueuedThreadPool.java:883)
        at org.eclipse.jetty.util.thread.QueuedThreadPool$Runner.run(QueuedThreadPool.java:1034)
        at java.lang.Thread.run(Thread.java:750)
"StaleRecoveringContainerScrubbingService#3" daemon prio=5 tid=870 in Object.wait()
java.lang.Thread.State: WAITING (on object monitor)
        at sun.misc.Unsafe.park(Native Method)
        at java.util.concurrent.locks.LockSupport.park(LockSupport.java:175)
        at java.util.concurrent.locks.AbstractQueuedSynchronizer$ConditionObject.await(AbstractQueuedSynchronizer.java:2039)
        at java.util.concurrent.ScheduledThreadPoolExecutor$DelayedWorkQueue.take(ScheduledThreadPoolExecutor.java:1088)
        at java.util.concurrent.ScheduledThreadPoolExecutor$DelayedWorkQueue.take(ScheduledThreadPoolExecutor.java:809)
        at java.util.concurrent.ThreadPoolExecutor.getTask(ThreadPoolExecutor.java:1074)
        at java.util.concurrent.ThreadPoolExecutor.runWorker(ThreadPoolExecutor.java:1134)
        at java.util.concurrent.ThreadPoolExecutor$Worker.run(ThreadPoolExecutor.java:624)
        at java.lang.Thread.run(Thread.java:750)
"06429dc3-6184-4705-8d2a-a6f8dedf2170-server-thread1" daemon prio=5 tid=697 timed_waiting
java.lang.Thread.State: TIMED_WAITING
        at sun.misc.Unsafe.park(Native Method)
        at java.util.concurrent.locks.LockSupport.parkNanos(LockSupport.java:215)
        at java.util.concurrent.SynchronousQueue$TransferStack.awaitFulfill(SynchronousQueue.java:460)
        at java.util.concurrent.SynchronousQueue$TransferStack.transfer(SynchronousQueue.java:362)
        at java.util.concurrent.SynchronousQueue.poll(SynchronousQueue.java:941)
        at java.util.concurrent.ThreadPoolExecutor.getTask(ThreadPoolExecutor.java:1073)
        at java.util.concurrent.ThreadPoolExecutor.runWorker(ThreadPoolExecutor.java:1134)
        at java.util.concurrent.ThreadPoolExecutor$Worker.run(ThreadPoolExecutor.java:624)
        at java.lang.Thread.run(Thread.java:750)
"Datanode State Machine Task Thread - 1"  prio=5 tid=556 in Object.wait()
java.lang.Thread.State: WAITING (on object monitor)
        at sun.misc.Unsafe.park(Native Method)
        at java.util.concurrent.locks.LockSupport.park(LockSupport.java:175)
        at java.util.concurrent.locks.AbstractQueuedSynchronizer$ConditionObject.await(AbstractQueuedSynchronizer.java:2039)
        at java.util.concurrent.LinkedBlockingQueue.take(LinkedBlockingQueue.java:442)
        at java.util.concurrent.ThreadPoolExecutor.getTask(ThreadPoolExecutor.java:1074)
        at java.util.concurrent.ThreadPoolExecutor.runWorker(ThreadPoolExecutor.java:1134)
        at java.util.concurrent.ThreadPoolExecutor$Worker.run(ThreadPoolExecutor.java:624)
        at java.lang.Thread.run(Thread.java:750)
"ChunkReader-ELG-0" daemon prio=5 tid=485 runnable
java.lang.Thread.State: RUNNABLE
        at org.apache.ratis.thirdparty.io.netty.channel.epoll.Native.epollWait0(Native Method)
        at org.apache.ratis.thirdparty.io.netty.channel.epoll.Native.epollWait(Native.java:182)
        at org.apache.ratis.thirdparty.io.netty.channel.epoll.EpollEventLoop.epollWait(EpollEventLoop.java:290)
        at org.apache.ratis.thirdparty.io.netty.channel.epoll.EpollEventLoop.run(EpollEventLoop.java:354)
        at org.apache.ratis.thirdparty.io.netty.util.concurrent.SingleThreadEventExecutor$4.run(SingleThreadEventExecutor.java:995)
        at org.apache.ratis.thirdparty.io.netty.util.internal.ThreadExecutorMap$2.run(ThreadExecutorMap.java:74)
        at java.lang.Thread.run(Thread.java:750)
"BlockDeletingService#3" daemon prio=5 tid=1114 in Object.wait()
java.lang.Thread.State: WAITING (on object monitor)
        at sun.misc.Unsafe.park(Native Method)
        at java.util.concurrent.locks.LockSupport.park(LockSupport.java:175)
        at java.util.concurrent.locks.AbstractQueuedSynchronizer$ConditionObject.await(AbstractQueuedSynchronizer.java:2039)
        at java.util.concurrent.ScheduledThreadPoolExecutor$DelayedWorkQueue.take(ScheduledThreadPoolExecutor.java:1088)
        at java.util.concurrent.ScheduledThreadPoolExecutor$DelayedWorkQueue.take(ScheduledThreadPoolExecutor.java:809)
        at java.util.concurrent.ThreadPoolExecutor.getTask(ThreadPoolExecutor.java:1074)
        at java.util.concurrent.ThreadPoolExecutor.runWorker(ThreadPoolExecutor.java:1134)
        at java.util.concurrent.ThreadPoolExecutor$Worker.run(ThreadPoolExecutor.java:624)
        at java.lang.Thread.run(Thread.java:750)
"BlockDeletingService#2" daemon prio=5 tid=1084 in Object.wait()
java.lang.Thread.State: WAITING (on object monitor)
        at sun.misc.Unsafe.park(Native Method)
        at java.util.concurrent.locks.LockSupport.park(LockSupport.java:175)
        at java.util.concurrent.locks.AbstractQueuedSynchronizer$ConditionObject.await(AbstractQueuedSynchronizer.java:2039)
        at java.util.concurrent.ScheduledThreadPoolExecutor$DelayedWorkQueue.take(ScheduledThreadPoolExecutor.java:1088)
        at java.util.concurrent.ScheduledThreadPoolExecutor$DelayedWorkQueue.take(ScheduledThreadPoolExecutor.java:809)
        at java.util.concurrent.ThreadPoolExecutor.getTask(ThreadPoolExecutor.java:1074)
        at java.util.concurrent.ThreadPoolExecutor.runWorker(ThreadPoolExecutor.java:1134)
        at java.util.concurrent.ThreadPoolExecutor$Worker.run(ThreadPoolExecutor.java:624)
        at java.lang.Thread.run(Thread.java:750)
"ChunkWriter-0-0" daemon prio=5 tid=328 in Object.wait()
java.lang.Thread.State: WAITING (on object monitor)
        at sun.misc.Unsafe.park(Native Method)
        at java.util.concurrent.locks.LockSupport.park(LockSupport.java:175)
        at java.util.concurrent.locks.AbstractQueuedSynchronizer$ConditionObject.await(AbstractQueuedSynchronizer.java:2039)
        at java.util.concurrent.LinkedBlockingDeque.takeFirst(LinkedBlockingDeque.java:492)
        at java.util.concurrent.LinkedBlockingDeque.take(LinkedBlockingDeque.java:680)
        at java.util.concurrent.ThreadPoolExecutor.getTask(ThreadPoolExecutor.java:1074)
        at java.util.concurrent.ThreadPoolExecutor.runWorker(ThreadPoolExecutor.java:1134)
        at java.util.concurrent.ThreadPoolExecutor$Worker.run(ThreadPoolExecutor.java:624)
        at java.lang.Thread.run(Thread.java:750)
"timer7" daemon prio=5 tid=789 timed_waiting
java.lang.Thread.State: TIMED_WAITING
        at java.lang.Object.wait(Native Method)
        at java.util.TimerThread.mainLoop(Timer.java:552)
        at java.util.TimerThread.run(Timer.java:505)
"StaleRecoveringContainerScrubbingService#1" daemon prio=5 tid=553 in Object.wait()
java.lang.Thread.State: WAITING (on object monitor)
        at sun.misc.Unsafe.park(Native Method)
        at java.util.concurrent.locks.LockSupport.park(LockSupport.java:175)
        at java.util.concurrent.locks.AbstractQueuedSynchronizer$ConditionObject.await(AbstractQueuedSynchronizer.java:2039)
        at java.util.concurrent.ScheduledThreadPoolExecutor$DelayedWorkQueue.take(ScheduledThreadPoolExecutor.java:1088)
        at java.util.concurrent.ScheduledThreadPoolExecutor$DelayedWorkQueue.take(ScheduledThreadPoolExecutor.java:809)
        at java.util.concurrent.ThreadPoolExecutor.getTask(ThreadPoolExecutor.java:1074)
        at java.util.concurrent.ThreadPoolExecutor.runWorker(ThreadPoolExecutor.java:1134)
        at java.util.concurrent.ThreadPoolExecutor$Worker.run(ThreadPoolExecutor.java:624)
        at java.lang.Thread.run(Thread.java:750)
"IPC Server handler 13 on default port 35707" daemon prio=5 tid=60 timed_waiting
java.lang.Thread.State: TIMED_WAITING
        at sun.misc.Unsafe.park(Native Method)
        at java.util.concurrent.locks.LockSupport.parkNanos(LockSupport.java:215)
        at java.util.concurrent.locks.AbstractQueuedSynchronizer$ConditionObject.awaitNanos(AbstractQueuedSynchronizer.java:2078)
        at java.util.concurrent.LinkedBlockingQueue.poll(LinkedBlockingQueue.java:467)
        at org.apache.hadoop.ipc.CallQueueManager.take(CallQueueManager.java:317)
        at org.apache.hadoop.ipc.Server$Handler.run(Server.java:2942)
"qtp70104063-112-acceptor-0@3c060329-ServerConnector@6dadcf58{HTTP/1.1, (http/1.1)}{0.0.0.0:43267}" daemon prio=3 tid=112 runnable
java.lang.Thread.State: RUNNABLE
        at sun.nio.ch.ServerSocketChannelImpl.accept0(Native Method)
        at sun.nio.ch.ServerSocketChannelImpl.accept(ServerSocketChannelImpl.java:421)
        at sun.nio.ch.ServerSocketChannelImpl.accept(ServerSocketChannelImpl.java:249)
        at org.eclipse.jetty.server.ServerConnector.accept(ServerConnector.java:388)
        at org.eclipse.jetty.server.AbstractConnector$Acceptor.run(AbstractConnector.java:704)
        at org.eclipse.jetty.util.thread.QueuedThreadPool.runJob(QueuedThreadPool.java:883)
        at org.eclipse.jetty.util.thread.QueuedThreadPool$Runner.run(QueuedThreadPool.java:1034)
        at java.lang.Thread.run(Thread.java:750)
"Reference Handler" daemon prio=10 tid=2 in Object.wait()
java.lang.Thread.State: WAITING (on object monitor)
        at java.lang.Object.wait(Native Method)
        at java.lang.Object.wait(Object.java:502)
        at java.lang.ref.Reference.tryHandlePending(Reference.java:191)
        at java.lang.ref.Reference$ReferenceHandler.run(Reference.java:153)
"06429dc3-6184-4705-8d2a-a6f8dedf2170-server-thread2" daemon prio=5 tid=703 timed_waiting
java.lang.Thread.State: TIMED_WAITING
        at sun.misc.Unsafe.park(Native Method)
        at java.util.concurrent.locks.LockSupport.parkNanos(LockSupport.java:215)
        at java.util.concurrent.SynchronousQueue$TransferStack.awaitFulfill(SynchronousQueue.java:460)
        at java.util.concurrent.SynchronousQueue$TransferStack.transfer(SynchronousQueue.java:362)
        at java.util.concurrent.SynchronousQueue.poll(SynchronousQueue.java:941)
        at java.util.concurrent.ThreadPoolExecutor.getTask(ThreadPoolExecutor.java:1073)
        at java.util.concurrent.ThreadPoolExecutor.runWorker(ThreadPoolExecutor.java:1134)
        at java.util.concurrent.ThreadPoolExecutor$Worker.run(ThreadPoolExecutor.java:624)
        at java.lang.Thread.run(Thread.java:750)
"pool-180-thread-1" daemon prio=5 tid=311 timed_waiting
java.lang.Thread.State: TIMED_WAITING
        at sun.misc.Unsafe.park(Native Method)
        at java.util.concurrent.locks.LockSupport.parkNanos(LockSupport.java:215)
        at java.util.concurrent.locks.AbstractQueuedSynchronizer$ConditionObject.awaitNanos(AbstractQueuedSynchronizer.java:2078)
        at java.util.concurrent.ScheduledThreadPoolExecutor$DelayedWorkQueue.take(ScheduledThreadPoolExecutor.java:1093)
        at java.util.concurrent.ScheduledThreadPoolExecutor$DelayedWorkQueue.take(ScheduledThreadPoolExecutor.java:809)
        at java.util.concurrent.ThreadPoolExecutor.getTask(ThreadPoolExecutor.java:1074)
        at java.util.concurrent.ThreadPoolExecutor.runWorker(ThreadPoolExecutor.java:1134)
        at java.util.concurrent.ThreadPoolExecutor$Worker.run(ThreadPoolExecutor.java:624)
        at java.lang.Thread.run(Thread.java:750)
"Datanode ReportManager Thread - 2" daemon prio=5 tid=499 timed_waiting
java.lang.Thread.State: TIMED_WAITING
        at sun.misc.Unsafe.park(Native Method)
        at java.util.concurrent.locks.LockSupport.parkNanos(LockSupport.java:215)
        at java.util.concurrent.locks.AbstractQueuedSynchronizer$ConditionObject.awaitNanos(AbstractQueuedSynchronizer.java:2078)
        at java.util.concurrent.ScheduledThreadPoolExecutor$DelayedWorkQueue.take(ScheduledThreadPoolExecutor.java:1093)
        at java.util.concurrent.ScheduledThreadPoolExecutor$DelayedWorkQueue.take(ScheduledThreadPoolExecutor.java:809)
        at java.util.concurrent.ThreadPoolExecutor.getTask(ThreadPoolExecutor.java:1074)
        at java.util.concurrent.ThreadPoolExecutor.runWorker(ThreadPoolExecutor.java:1134)
        at java.util.concurrent.ThreadPoolExecutor$Worker.run(ThreadPoolExecutor.java:624)
        at java.lang.Thread.run(Thread.java:750)
"qtp483653299-434" daemon prio=5 tid=434 timed_waiting
java.lang.Thread.State: TIMED_WAITING
        at sun.misc.Unsafe.park(Native Method)
        at java.util.concurrent.locks.LockSupport.parkNanos(LockSupport.java:215)
        at java.util.concurrent.locks.AbstractQueuedSynchronizer$ConditionObject.awaitNanos(AbstractQueuedSynchronizer.java:2078)
        at org.eclipse.jetty.util.BlockingArrayQueue.poll(BlockingArrayQueue.java:382)
        at org.eclipse.jetty.util.thread.QueuedThreadPool$Runner.idleJobPoll(QueuedThreadPool.java:974)
        at org.eclipse.jetty.util.thread.QueuedThreadPool$Runner.run(QueuedThreadPool.java:1018)
        at java.lang.Thread.run(Thread.java:750)
"Datanode State Machine Daemon Thread" daemon prio=5 tid=193 timed_waiting
java.lang.Thread.State: TIMED_WAITING
        at java.lang.Thread.sleep(Native Method)
        at org.apache.hadoop.ozone.container.common.statemachine.DatanodeStateMachine.startStateMachineThread(DatanodeStateMachine.java:321)
        at org.apache.hadoop.ozone.container.common.statemachine.DatanodeStateMachine.lambda$startDaemon$0(DatanodeStateMachine.java:506)
        at org.apache.hadoop.ozone.container.common.statemachine.DatanodeStateMachine$$Lambda$751/1388137600.run(Unknown Source)
        at java.lang.Thread.run(Thread.java:750)
"qtp366310941-218" daemon prio=5 tid=218 timed_waiting
java.lang.Thread.State: TIMED_WAITING
        at sun.misc.Unsafe.park(Native Method)
        at java.util.concurrent.locks.LockSupport.parkNanos(LockSupport.java:215)
        at java.util.concurrent.locks.AbstractQueuedSynchronizer$ConditionObject.awaitNanos(AbstractQueuedSynchronizer.java:2078)
        at org.eclipse.jetty.util.BlockingArrayQueue.poll(BlockingArrayQueue.java:382)
        at org.eclipse.jetty.util.thread.QueuedThreadPool$Runner.idleJobPoll(QueuedThreadPool.java:974)
        at org.eclipse.jetty.util.thread.QueuedThreadPool$Runner.run(QueuedThreadPool.java:1018)
        at java.lang.Thread.run(Thread.java:750)
"Datanode ReportManager Thread - 1" daemon prio=5 tid=249 in Object.wait()
java.lang.Thread.State: WAITING (on object monitor)
        at sun.misc.Unsafe.park(Native Method)
        at java.util.concurrent.locks.LockSupport.park(LockSupport.java:175)
        at java.util.concurrent.locks.AbstractQueuedSynchronizer$ConditionObject.await(AbstractQueuedSynchronizer.java:2039)
        at java.util.concurrent.ScheduledThreadPoolExecutor$DelayedWorkQueue.take(ScheduledThreadPoolExecutor.java:1088)
        at java.util.concurrent.ScheduledThreadPoolExecutor$DelayedWorkQueue.take(ScheduledThreadPoolExecutor.java:809)
        at java.util.concurrent.ThreadPoolExecutor.getTask(ThreadPoolExecutor.java:1074)
        at java.util.concurrent.ThreadPoolExecutor.runWorker(ThreadPoolExecutor.java:1134)
        at java.util.concurrent.ThreadPoolExecutor$Worker.run(ThreadPoolExecutor.java:624)
        at java.lang.Thread.run(Thread.java:750)
"IPC Client (48504332) connection to 0.0.0.0/0.0.0.0:42997 from runner" daemon prio=5 tid=327 timed_waiting
java.lang.Thread.State: TIMED_WAITING
        at java.lang.Object.wait(Native Method)
        at org.apache.hadoop.ipc.Client$Connection.waitForWork(Client.java:1086)
        at org.apache.hadoop.ipc.Client$Connection.run(Client.java:1133)
"fb3b41a4-a9f1-45d3-bf74-4074fcf3e767@group-26CCA98A274A-SegmentedRaftLogWorker"  prio=5 tid=570 timed_waiting
java.lang.Thread.State: TIMED_WAITING
        at sun.misc.Unsafe.park(Native Method)
        at java.util.concurrent.locks.LockSupport.parkNanos(LockSupport.java:215)
        at java.util.concurrent.locks.AbstractQueuedSynchronizer$ConditionObject.awaitNanos(AbstractQueuedSynchronizer.java:2078)
        at org.apache.ratis.util.DataBlockingQueue.poll(DataBlockingQueue.java:148)
        at org.apache.ratis.server.raftlog.segmented.SegmentedRaftLogWorker.run(SegmentedRaftLogWorker.java:310)
        at org.apache.ratis.server.raftlog.segmented.SegmentedRaftLogWorker$$Lambda$665/1566430543.run(Unknown Source)
        at java.lang.Thread.run(Thread.java:750)
"Datanode State Machine Task Thread - 1"  prio=5 tid=478 in Object.wait()
java.lang.Thread.State: WAITING (on object monitor)
        at sun.misc.Unsafe.park(Native Method)
        at java.util.concurrent.locks.LockSupport.park(LockSupport.java:175)
        at java.util.concurrent.locks.AbstractQueuedSynchronizer$ConditionObject.await(AbstractQueuedSynchronizer.java:2039)
        at java.util.concurrent.LinkedBlockingQueue.take(LinkedBlockingQueue.java:442)
        at java.util.concurrent.ThreadPoolExecutor.getTask(ThreadPoolExecutor.java:1074)
        at java.util.concurrent.ThreadPoolExecutor.runWorker(ThreadPoolExecutor.java:1134)
        at java.util.concurrent.ThreadPoolExecutor$Worker.run(ThreadPoolExecutor.java:624)
        at java.lang.Thread.run(Thread.java:750)
"Datanode ReportManager Thread - 0" daemon prio=5 tid=274 in Object.wait()
java.lang.Thread.State: WAITING (on object monitor)
        at sun.misc.Unsafe.park(Native Method)
        at java.util.concurrent.locks.LockSupport.park(LockSupport.java:175)
        at java.util.concurrent.locks.AbstractQueuedSynchronizer$ConditionObject.await(AbstractQueuedSynchronizer.java:2039)
        at java.util.concurrent.ScheduledThreadPoolExecutor$DelayedWorkQueue.take(ScheduledThreadPoolExecutor.java:1088)
        at java.util.concurrent.ScheduledThreadPoolExecutor$DelayedWorkQueue.take(ScheduledThreadPoolExecutor.java:809)
        at java.util.concurrent.ThreadPoolExecutor.getTask(ThreadPoolExecutor.java:1074)
        at java.util.concurrent.ThreadPoolExecutor.runWorker(ThreadPoolExecutor.java:1134)
        at java.util.concurrent.ThreadPoolExecutor$Worker.run(ThreadPoolExecutor.java:624)
        at java.lang.Thread.run(Thread.java:750)
"qtp1026182168-145" daemon prio=5 tid=145 runnable
java.lang.Thread.State: RUNNABLE
        at sun.nio.ch.EPollArrayWrapper.epollWait(Native Method)
        at sun.nio.ch.EPollArrayWrapper.poll(EPollArrayWrapper.java:269)
        at sun.nio.ch.EPollSelectorImpl.doSelect(EPollSelectorImpl.java:93)
        at sun.nio.ch.SelectorImpl.lockAndDoSelect(SelectorImpl.java:86)
        at sun.nio.ch.SelectorImpl.select(SelectorImpl.java:97)
        at sun.nio.ch.SelectorImpl.select(SelectorImpl.java:101)
        at org.eclipse.jetty.io.ManagedSelector.nioSelect(ManagedSelector.java:183)
        at org.eclipse.jetty.io.ManagedSelector.select(ManagedSelector.java:190)
        at org.eclipse.jetty.io.ManagedSelector$SelectorProducer.select(ManagedSelector.java:606)
        at org.eclipse.jetty.io.ManagedSelector$SelectorProducer.produce(ManagedSelector.java:543)
        at org.eclipse.jetty.util.thread.strategy.EatWhatYouKill.produceTask(EatWhatYouKill.java:362)
        at org.eclipse.jetty.util.thread.strategy.EatWhatYouKill.doProduce(EatWhatYouKill.java:186)
        at org.eclipse.jetty.util.thread.strategy.EatWhatYouKill.tryProduce(EatWhatYouKill.java:173)
        at org.eclipse.jetty.util.thread.strategy.EatWhatYouKill.produce(EatWhatYouKill.java:137)
        at org.eclipse.jetty.io.ManagedSelector$$Lambda$446/1969754956.run(Unknown Source)
        at org.eclipse.jetty.util.thread.QueuedThreadPool.runJob(QueuedThreadPool.java:883)
        at org.eclipse.jetty.util.thread.QueuedThreadPool$Runner.run(QueuedThreadPool.java:1034)
        at java.lang.Thread.run(Thread.java:750)
"CommandWatcher-LeaseManager#LeaseMonitor" daemon prio=5 tid=46 timed_waiting
java.lang.Thread.State: TIMED_WAITING
        at java.lang.Object.wait(Native Method)
        at org.apache.hadoop.ozone.lease.LeaseManager$LeaseMonitor.run(LeaseManager.java:238)
        at java.lang.Thread.run(Thread.java:750)
"qtp380675952-238-acceptor-0@671a1428-ServerConnector@238e788e{HTTP/1.1, (http/1.1)}{0.0.0.0:44363}" daemon prio=3 tid=238 runnable
java.lang.Thread.State: RUNNABLE
        at sun.nio.ch.ServerSocketChannelImpl.accept0(Native Method)
        at sun.nio.ch.ServerSocketChannelImpl.accept(ServerSocketChannelImpl.java:421)
        at sun.nio.ch.ServerSocketChannelImpl.accept(ServerSocketChannelImpl.java:249)
        at org.eclipse.jetty.server.ServerConnector.accept(ServerConnector.java:388)
        at org.eclipse.jetty.server.AbstractConnector$Acceptor.run(AbstractConnector.java:704)
        at org.eclipse.jetty.util.thread.QueuedThreadPool.runJob(QueuedThreadPool.java:883)
        at org.eclipse.jetty.util.thread.QueuedThreadPool$Runner.run(QueuedThreadPool.java:1034)
        at java.lang.Thread.run(Thread.java:750)
"EventQueue-DatanodeCommandForSCMNodeManager"  prio=5 tid=495 in Object.wait()
java.lang.Thread.State: WAITING (on object monitor)
        at sun.misc.Unsafe.park(Native Method)
        at java.util.concurrent.locks.LockSupport.park(LockSupport.java:175)
        at java.util.concurrent.locks.AbstractQueuedSynchronizer$ConditionObject.await(AbstractQueuedSynchronizer.java:2039)
        at java.util.concurrent.LinkedBlockingQueue.take(LinkedBlockingQueue.java:442)
        at java.util.concurrent.ThreadPoolExecutor.getTask(ThreadPoolExecutor.java:1074)
        at java.util.concurrent.ThreadPoolExecutor.runWorker(ThreadPoolExecutor.java:1134)
        at java.util.concurrent.ThreadPoolExecutor$Worker.run(ThreadPoolExecutor.java:624)
        at java.lang.Thread.run(Thread.java:750)
"StaleRecoveringContainerScrubbingService#4" daemon prio=5 tid=956 in Object.wait()
java.lang.Thread.State: WAITING (on object monitor)
        at sun.misc.Unsafe.park(Native Method)
        at java.util.concurrent.locks.LockSupport.park(LockSupport.java:175)
        at java.util.concurrent.locks.AbstractQueuedSynchronizer$ConditionObject.await(AbstractQueuedSynchronizer.java:2039)
        at java.util.concurrent.ScheduledThreadPoolExecutor$DelayedWorkQueue.take(ScheduledThreadPoolExecutor.java:1088)
        at java.util.concurrent.ScheduledThreadPoolExecutor$DelayedWorkQueue.take(ScheduledThreadPoolExecutor.java:809)
        at java.util.concurrent.ThreadPoolExecutor.getTask(ThreadPoolExecutor.java:1074)
        at java.util.concurrent.ThreadPoolExecutor.runWorker(ThreadPoolExecutor.java:1134)
        at java.util.concurrent.ThreadPoolExecutor$Worker.run(ThreadPoolExecutor.java:624)
        at java.lang.Thread.run(Thread.java:750)
"qtp1881254670-323" daemon prio=5 tid=323 timed_waiting
java.lang.Thread.State: TIMED_WAITING
        at sun.misc.Unsafe.park(Native Method)
        at java.util.concurrent.locks.LockSupport.parkNanos(LockSupport.java:215)
        at java.util.concurrent.locks.AbstractQueuedSynchronizer$ConditionObject.awaitNanos(AbstractQueuedSynchronizer.java:2078)
        at org.eclipse.jetty.util.BlockingArrayQueue.poll(BlockingArrayQueue.java:382)
        at org.eclipse.jetty.util.thread.QueuedThreadPool$Runner.idleJobPoll(QueuedThreadPool.java:974)
        at org.eclipse.jetty.util.thread.QueuedThreadPool$Runner.run(QueuedThreadPool.java:1018)
        at java.lang.Thread.run(Thread.java:750)
"ChunkReader-3" daemon prio=5 tid=775 in Object.wait()
java.lang.Thread.State: WAITING (on object monitor)
        at sun.misc.Unsafe.park(Native Method)
        at java.util.concurrent.locks.LockSupport.park(LockSupport.java:175)
        at java.util.concurrent.locks.AbstractQueuedSynchronizer$ConditionObject.await(AbstractQueuedSynchronizer.java:2039)
        at java.util.concurrent.LinkedBlockingQueue.take(LinkedBlockingQueue.java:442)
        at java.util.concurrent.ThreadPoolExecutor.getTask(ThreadPoolExecutor.java:1074)
        at java.util.concurrent.ThreadPoolExecutor.runWorker(ThreadPoolExecutor.java:1134)
        at java.util.concurrent.ThreadPoolExecutor$Worker.run(ThreadPoolExecutor.java:624)
        at java.lang.Thread.run(Thread.java:750)
"qtp366310941-213-acceptor-0@15fa9f30-ServerConnector@63e1dd68{HTTP/1.1, (http/1.1)}{0.0.0.0:45591}" daemon prio=3 tid=213 runnable
java.lang.Thread.State: RUNNABLE
        at sun.nio.ch.ServerSocketChannelImpl.accept0(Native Method)
        at sun.nio.ch.ServerSocketChannelImpl.accept(ServerSocketChannelImpl.java:421)
        at sun.nio.ch.ServerSocketChannelImpl.accept(ServerSocketChannelImpl.java:249)
        at org.eclipse.jetty.server.ServerConnector.accept(ServerConnector.java:388)
        at org.eclipse.jetty.server.AbstractConnector$Acceptor.run(AbstractConnector.java:704)
        at org.eclipse.jetty.util.thread.QueuedThreadPool.runJob(QueuedThreadPool.java:883)
        at org.eclipse.jetty.util.thread.QueuedThreadPool$Runner.run(QueuedThreadPool.java:1034)
        at java.lang.Thread.run(Thread.java:750)
"ChunkReader-9" daemon prio=5 tid=1034 in Object.wait()
java.lang.Thread.State: WAITING (on object monitor)
        at sun.misc.Unsafe.park(Native Method)
        at java.util.concurrent.locks.LockSupport.park(LockSupport.java:175)
        at java.util.concurrent.locks.AbstractQueuedSynchronizer$ConditionObject.await(AbstractQueuedSynchronizer.java:2039)
        at java.util.concurrent.LinkedBlockingQueue.take(LinkedBlockingQueue.java:442)
        at java.util.concurrent.ThreadPoolExecutor.getTask(ThreadPoolExecutor.java:1074)
        at java.util.concurrent.ThreadPoolExecutor.runWorker(ThreadPoolExecutor.java:1134)
        at java.util.concurrent.ThreadPoolExecutor$Worker.run(ThreadPoolExecutor.java:624)
        at java.lang.Thread.run(Thread.java:750)
"6fd96d8c-4ef2-4ba8-87f7-371671a16fe6-server-thread3" daemon prio=5 tid=838 timed_waiting
java.lang.Thread.State: TIMED_WAITING
        at sun.misc.Unsafe.park(Native Method)
        at java.util.concurrent.locks.LockSupport.parkNanos(LockSupport.java:215)
        at java.util.concurrent.SynchronousQueue$TransferStack.awaitFulfill(SynchronousQueue.java:460)
        at java.util.concurrent.SynchronousQueue$TransferStack.transfer(SynchronousQueue.java:362)
        at java.util.concurrent.SynchronousQueue.poll(SynchronousQueue.java:941)
        at java.util.concurrent.ThreadPoolExecutor.getTask(ThreadPoolExecutor.java:1073)
        at java.util.concurrent.ThreadPoolExecutor.runWorker(ThreadPoolExecutor.java:1134)
        at java.util.concurrent.ThreadPoolExecutor$Worker.run(ThreadPoolExecutor.java:624)
        at java.lang.Thread.run(Thread.java:750)
"StaleRecoveringContainerScrubbingService#6" daemon prio=5 tid=1070 in Object.wait()
java.lang.Thread.State: WAITING (on object monitor)
        at sun.misc.Unsafe.park(Native Method)
        at java.util.concurrent.locks.LockSupport.park(LockSupport.java:175)
        at java.util.concurrent.locks.AbstractQueuedSynchronizer$ConditionObject.await(AbstractQueuedSynchronizer.java:2039)
        at java.util.concurrent.ScheduledThreadPoolExecutor$DelayedWorkQueue.take(ScheduledThreadPoolExecutor.java:1088)
        at java.util.concurrent.ScheduledThreadPoolExecutor$DelayedWorkQueue.take(ScheduledThreadPoolExecutor.java:809)
        at java.util.concurrent.ThreadPoolExecutor.getTask(ThreadPoolExecutor.java:1074)
        at java.util.concurrent.ThreadPoolExecutor.runWorker(ThreadPoolExecutor.java:1134)
        at java.util.concurrent.ThreadPoolExecutor$Worker.run(ThreadPoolExecutor.java:624)
        at java.lang.Thread.run(Thread.java:750)
"BlockDeletingService#2" daemon prio=5 tid=1090 in Object.wait()
java.lang.Thread.State: WAITING (on object monitor)
        at sun.misc.Unsafe.park(Native Method)
        at java.util.concurrent.locks.LockSupport.park(LockSupport.java:175)
        at java.util.concurrent.locks.AbstractQueuedSynchronizer$ConditionObject.await(AbstractQueuedSynchronizer.java:2039)
        at java.util.concurrent.ScheduledThreadPoolExecutor$DelayedWorkQueue.take(ScheduledThreadPoolExecutor.java:1088)
        at java.util.concurrent.ScheduledThreadPoolExecutor$DelayedWorkQueue.take(ScheduledThreadPoolExecutor.java:809)
        at java.util.concurrent.ThreadPoolExecutor.getTask(ThreadPoolExecutor.java:1074)
        at java.util.concurrent.ThreadPoolExecutor.runWorker(ThreadPoolExecutor.java:1134)
        at java.util.concurrent.ThreadPoolExecutor$Worker.run(ThreadPoolExecutor.java:624)
        at java.lang.Thread.run(Thread.java:750)
"pool-31-thread-1"  prio=5 tid=109 timed_waiting
java.lang.Thread.State: TIMED_WAITING
        at sun.misc.Unsafe.park(Native Method)
        at java.util.concurrent.locks.LockSupport.parkNanos(LockSupport.java:215)
        at java.util.concurrent.locks.AbstractQueuedSynchronizer$ConditionObject.awaitNanos(AbstractQueuedSynchronizer.java:2078)
        at java.util.concurrent.ScheduledThreadPoolExecutor$DelayedWorkQueue.take(ScheduledThreadPoolExecutor.java:1093)
        at java.util.concurrent.ScheduledThreadPoolExecutor$DelayedWorkQueue.take(ScheduledThreadPoolExecutor.java:809)
        at java.util.concurrent.ThreadPoolExecutor.getTask(ThreadPoolExecutor.java:1074)
        at java.util.concurrent.ThreadPoolExecutor.runWorker(ThreadPoolExecutor.java:1134)
        at java.util.concurrent.ThreadPoolExecutor$Worker.run(ThreadPoolExecutor.java:624)
        at java.lang.Thread.run(Thread.java:750)
"Socket Reader #1 for port 0"  prio=5 tid=24 runnable
java.lang.Thread.State: RUNNABLE
        at sun.nio.ch.EPollArrayWrapper.epollWait(Native Method)
        at sun.nio.ch.EPollArrayWrapper.poll(EPollArrayWrapper.java:269)
        at sun.nio.ch.EPollSelectorImpl.doSelect(EPollSelectorImpl.java:93)
        at sun.nio.ch.SelectorImpl.lockAndDoSelect(SelectorImpl.java:86)
        at sun.nio.ch.SelectorImpl.select(SelectorImpl.java:97)
        at sun.nio.ch.SelectorImpl.select(SelectorImpl.java:101)
        at org.apache.hadoop.ipc.Server$Listener$Reader.doRunLoop(Server.java:1296)
        at org.apache.hadoop.ipc.Server$Listener$Reader.run(Server.java:1275)
"org.apache.hadoop.ozone.container.common.statemachine.commandhandler.DeleteBlocksCommandHandler$DeleteCmdWorker@60aa7347" daemon prio=5 tid=182 timed_waiting
java.lang.Thread.State: TIMED_WAITING
        at java.lang.Thread.sleep(Native Method)
        at org.apache.hadoop.ozone.container.common.statemachine.commandhandler.DeleteBlocksCommandHandler$DeleteCmdWorker.run(DeleteBlocksCommandHandler.java:184)
        at java.lang.Thread.run(Thread.java:750)
"IPC Server handler 9 on default port 43781" daemon prio=5 tid=163 timed_waiting
java.lang.Thread.State: TIMED_WAITING
        at sun.misc.Unsafe.park(Native Method)
        at java.util.concurrent.locks.LockSupport.parkNanos(LockSupport.java:215)
        at java.util.concurrent.locks.AbstractQueuedSynchronizer$ConditionObject.awaitNanos(AbstractQueuedSynchronizer.java:2078)
        at java.util.concurrent.LinkedBlockingQueue.poll(LinkedBlockingQueue.java:467)
        at org.apache.hadoop.ipc.CallQueueManager.take(CallQueueManager.java:317)
        at org.apache.hadoop.ipc.Server$Handler.run(Server.java:2942)
"pool-127-thread-1"  prio=5 tid=237 timed_waiting
java.lang.Thread.State: TIMED_WAITING
        at sun.misc.Unsafe.park(Native Method)
        at java.util.concurrent.locks.LockSupport.parkNanos(LockSupport.java:215)
        at java.util.concurrent.locks.AbstractQueuedSynchronizer$ConditionObject.awaitNanos(AbstractQueuedSynchronizer.java:2078)
        at java.util.concurrent.ScheduledThreadPoolExecutor$DelayedWorkQueue.take(ScheduledThreadPoolExecutor.java:1093)
        at java.util.concurrent.ScheduledThreadPoolExecutor$DelayedWorkQueue.take(ScheduledThreadPoolExecutor.java:809)
        at java.util.concurrent.ThreadPoolExecutor.getTask(ThreadPoolExecutor.java:1074)
        at java.util.concurrent.ThreadPoolExecutor.runWorker(ThreadPoolExecutor.java:1134)
        at java.util.concurrent.ThreadPoolExecutor$Worker.run(ThreadPoolExecutor.java:624)
        at java.lang.Thread.run(Thread.java:750)
"IPC Server handler 1 on default port 42997" daemon prio=5 tid=88 timed_waiting
java.lang.Thread.State: TIMED_WAITING
        at sun.misc.Unsafe.park(Native Method)
        at java.util.concurrent.locks.LockSupport.parkNanos(LockSupport.java:215)
        at java.util.concurrent.locks.AbstractQueuedSynchronizer$ConditionObject.awaitNanos(AbstractQueuedSynchronizer.java:2078)
        at java.util.concurrent.LinkedBlockingQueue.poll(LinkedBlockingQueue.java:467)
        at org.apache.hadoop.ipc.CallQueueManager.take(CallQueueManager.java:317)
        at org.apache.hadoop.ipc.Server$Handler.run(Server.java:2942)
"ChunkWriter-0-0" daemon prio=5 tid=366 in Object.wait()
java.lang.Thread.State: WAITING (on object monitor)
        at sun.misc.Unsafe.park(Native Method)
        at java.util.concurrent.locks.LockSupport.park(LockSupport.java:175)
        at java.util.concurrent.locks.AbstractQueuedSynchronizer$ConditionObject.await(AbstractQueuedSynchronizer.java:2039)
        at java.util.concurrent.LinkedBlockingDeque.takeFirst(LinkedBlockingDeque.java:492)
        at java.util.concurrent.LinkedBlockingDeque.take(LinkedBlockingDeque.java:680)
        at java.util.concurrent.ThreadPoolExecutor.getTask(ThreadPoolExecutor.java:1074)
        at java.util.concurrent.ThreadPoolExecutor.runWorker(ThreadPoolExecutor.java:1134)
        at java.util.concurrent.ThreadPoolExecutor$Worker.run(ThreadPoolExecutor.java:624)
        at java.lang.Thread.run(Thread.java:750)
"6fd96d8c-4ef2-4ba8-87f7-371671a16fe6@group-386A04BC3586-StateMachineUpdater" daemon prio=5 tid=623 timed_waiting
java.lang.Thread.State: TIMED_WAITING
        at sun.misc.Unsafe.park(Native Method)
        at java.util.concurrent.locks.LockSupport.parkNanos(LockSupport.java:215)
        at java.util.concurrent.CompletableFuture$Signaller.block(CompletableFuture.java:1709)
        at java.util.concurrent.ForkJoinPool.managedBlock(ForkJoinPool.java:3323)
        at java.util.concurrent.CompletableFuture.timedGet(CompletableFuture.java:1788)
        at java.util.concurrent.CompletableFuture.get(CompletableFuture.java:1928)
        at org.apache.ratis.util.AwaitForSignal.await(AwaitForSignal.java:56)
        at org.apache.ratis.server.impl.StateMachineUpdater.waitForCommit(StateMachineUpdater.java:207)
        at org.apache.ratis.server.impl.StateMachineUpdater.run(StateMachineUpdater.java:176)
        at java.lang.Thread.run(Thread.java:750)
"grpc-default-executor-0" daemon prio=5 tid=577 timed_waiting
java.lang.Thread.State: TIMED_WAITING
        at sun.misc.Unsafe.park(Native Method)
        at java.util.concurrent.locks.LockSupport.parkNanos(LockSupport.java:215)
        at java.util.concurrent.SynchronousQueue$TransferStack.awaitFulfill(SynchronousQueue.java:460)
        at java.util.concurrent.SynchronousQueue$TransferStack.transfer(SynchronousQueue.java:362)
        at java.util.concurrent.SynchronousQueue.poll(SynchronousQueue.java:941)
        at java.util.concurrent.ThreadPoolExecutor.getTask(ThreadPoolExecutor.java:1073)
        at java.util.concurrent.ThreadPoolExecutor.runWorker(ThreadPoolExecutor.java:1134)
        at java.util.concurrent.ThreadPoolExecutor$Worker.run(ThreadPoolExecutor.java:624)
        at java.lang.Thread.run(Thread.java:750)
"qtp366310941-216" daemon prio=5 tid=216 timed_waiting
java.lang.Thread.State: TIMED_WAITING
        at sun.misc.Unsafe.park(Native Method)
        at java.util.concurrent.locks.LockSupport.parkNanos(LockSupport.java:215)
        at java.util.concurrent.locks.AbstractQueuedSynchronizer$ConditionObject.awaitNanos(AbstractQueuedSynchronizer.java:2078)
        at org.eclipse.jetty.util.BlockingArrayQueue.poll(BlockingArrayQueue.java:382)
        at org.eclipse.jetty.util.thread.QueuedThreadPool$Runner.idleJobPoll(QueuedThreadPool.java:974)
        at org.eclipse.jetty.util.thread.QueuedThreadPool$Runner.run(QueuedThreadPool.java:1018)
        at java.lang.Thread.run(Thread.java:750)
"Datanode State Machine Task Thread - 0"  prio=5 tid=307 in Object.wait()
java.lang.Thread.State: WAITING (on object monitor)
        at sun.misc.Unsafe.park(Native Method)
        at java.util.concurrent.locks.LockSupport.park(LockSupport.java:175)
        at java.util.concurrent.locks.AbstractQueuedSynchronizer$ConditionObject.await(AbstractQueuedSynchronizer.java:2039)
        at java.util.concurrent.LinkedBlockingQueue.take(LinkedBlockingQueue.java:442)
        at java.util.concurrent.ThreadPoolExecutor.getTask(ThreadPoolExecutor.java:1074)
        at java.util.concurrent.ThreadPoolExecutor.runWorker(ThreadPoolExecutor.java:1134)
        at java.util.concurrent.ThreadPoolExecutor$Worker.run(ThreadPoolExecutor.java:624)
        at java.lang.Thread.run(Thread.java:750)
"BlockDeletingService#1" daemon prio=5 tid=450 in Object.wait()
java.lang.Thread.State: WAITING (on object monitor)
        at sun.misc.Unsafe.park(Native Method)
        at java.util.concurrent.locks.LockSupport.park(LockSupport.java:175)
        at java.util.concurrent.locks.AbstractQueuedSynchronizer$ConditionObject.await(AbstractQueuedSynchronizer.java:2039)
        at java.util.concurrent.ScheduledThreadPoolExecutor$DelayedWorkQueue.take(ScheduledThreadPoolExecutor.java:1088)
        at java.util.concurrent.ScheduledThreadPoolExecutor$DelayedWorkQueue.take(ScheduledThreadPoolExecutor.java:809)
        at java.util.concurrent.ThreadPoolExecutor.getTask(ThreadPoolExecutor.java:1074)
        at java.util.concurrent.ThreadPoolExecutor.runWorker(ThreadPoolExecutor.java:1134)
        at java.util.concurrent.ThreadPoolExecutor$Worker.run(ThreadPoolExecutor.java:624)
        at java.lang.Thread.run(Thread.java:750)
"StaleRecoveringContainerScrubbingService#9" daemon prio=5 tid=1113 in Object.wait()
java.lang.Thread.State: WAITING (on object monitor)
        at sun.misc.Unsafe.park(Native Method)
        at java.util.concurrent.locks.LockSupport.park(LockSupport.java:175)
        at java.util.concurrent.locks.AbstractQueuedSynchronizer$ConditionObject.await(AbstractQueuedSynchronizer.java:2039)
        at java.util.concurrent.ScheduledThreadPoolExecutor$DelayedWorkQueue.take(ScheduledThreadPoolExecutor.java:1088)
        at java.util.concurrent.ScheduledThreadPoolExecutor$DelayedWorkQueue.take(ScheduledThreadPoolExecutor.java:809)
        at java.util.concurrent.ThreadPoolExecutor.getTask(ThreadPoolExecutor.java:1074)
        at java.util.concurrent.ThreadPoolExecutor.runWorker(ThreadPoolExecutor.java:1134)
        at java.util.concurrent.ThreadPoolExecutor$Worker.run(ThreadPoolExecutor.java:624)
        at java.lang.Thread.run(Thread.java:750)
"org.apache.hadoop.util.JvmPauseMonitor$Monitor@8c2b6bc" daemon prio=5 tid=228 timed_waiting
java.lang.Thread.State: TIMED_WAITING
        at java.lang.Thread.sleep(Native Method)
        at org.apache.hadoop.util.JvmPauseMonitor$Monitor.run(JvmPauseMonitor.java:192)
        at java.lang.Thread.run(Thread.java:750)
"f61b783c-62f9-462d-872d-ac09aa128e21@group-A00E16961674-SegmentedRaftLogWorker"  prio=5 tid=675 timed_waiting
java.lang.Thread.State: TIMED_WAITING
        at sun.misc.Unsafe.park(Native Method)
        at java.util.concurrent.locks.LockSupport.parkNanos(LockSupport.java:215)
        at java.util.concurrent.locks.AbstractQueuedSynchronizer$ConditionObject.awaitNanos(AbstractQueuedSynchronizer.java:2078)
        at org.apache.ratis.util.DataBlockingQueue.poll(DataBlockingQueue.java:148)
        at org.apache.ratis.server.raftlog.segmented.SegmentedRaftLogWorker.run(SegmentedRaftLogWorker.java:310)
        at org.apache.ratis.server.raftlog.segmented.SegmentedRaftLogWorker$$Lambda$665/1566430543.run(Unknown Source)
        at java.lang.Thread.run(Thread.java:750)
"ChunkWriter-3-0" daemon prio=5 tid=407 in Object.wait()
java.lang.Thread.State: WAITING (on object monitor)
        at sun.misc.Unsafe.park(Native Method)
        at java.util.concurrent.locks.LockSupport.park(LockSupport.java:175)
        at java.util.concurrent.locks.AbstractQueuedSynchronizer$ConditionObject.await(AbstractQueuedSynchronizer.java:2039)
        at java.util.concurrent.LinkedBlockingDeque.takeFirst(LinkedBlockingDeque.java:492)
        at java.util.concurrent.LinkedBlockingDeque.take(LinkedBlockingDeque.java:680)
        at java.util.concurrent.ThreadPoolExecutor.getTask(ThreadPoolExecutor.java:1074)
        at java.util.concurrent.ThreadPoolExecutor.runWorker(ThreadPoolExecutor.java:1134)
        at java.util.concurrent.ThreadPoolExecutor$Worker.run(ThreadPoolExecutor.java:624)
        at java.lang.Thread.run(Thread.java:750)
"FixedThreadPoolWithAffinityExecutor-9-0" daemon prio=5 tid=44 timed_waiting
java.lang.Thread.State: TIMED_WAITING
        at sun.misc.Unsafe.park(Native Method)
        at java.util.concurrent.locks.LockSupport.parkNanos(LockSupport.java:215)
        at java.util.concurrent.locks.AbstractQueuedSynchronizer$ConditionObject.awaitNanos(AbstractQueuedSynchronizer.java:2078)
        at java.util.concurrent.LinkedBlockingQueue.poll(LinkedBlockingQueue.java:467)
        at org.apache.hadoop.hdds.scm.server.ContainerReportQueue.poll(ContainerReportQueue.java:266)
        at org.apache.hadoop.hdds.scm.server.ContainerReportQueue.poll(ContainerReportQueue.java:42)
        at org.apache.hadoop.hdds.server.events.FixedThreadPoolWithAffinityExecutor$ContainerReportProcessTask.run(FixedThreadPoolWithAffinityExecutor.java:248)
        at java.util.concurrent.Executors$RunnableAdapter.call(Executors.java:511)
        at java.util.concurrent.FutureTask.run(FutureTask.java:266)
        at java.util.concurrent.ThreadPoolExecutor.runWorker(ThreadPoolExecutor.java:1149)
        at java.util.concurrent.ThreadPoolExecutor$Worker.run(ThreadPoolExecutor.java:624)
        at java.lang.Thread.run(Thread.java:750)
"OpenKeyCleanupService#0" daemon prio=5 tid=143 timed_waiting
java.lang.Thread.State: TIMED_WAITING
        at sun.misc.Unsafe.park(Native Method)
        at java.util.concurrent.locks.LockSupport.parkNanos(LockSupport.java:215)
        at java.util.concurrent.locks.AbstractQueuedSynchronizer$ConditionObject.awaitNanos(AbstractQueuedSynchronizer.java:2078)
        at java.util.concurrent.ScheduledThreadPoolExecutor$DelayedWorkQueue.take(ScheduledThreadPoolExecutor.java:1093)
        at java.util.concurrent.ScheduledThreadPoolExecutor$DelayedWorkQueue.take(ScheduledThreadPoolExecutor.java:809)
        at java.util.concurrent.ThreadPoolExecutor.getTask(ThreadPoolExecutor.java:1074)
        at java.util.concurrent.ThreadPoolExecutor.runWorker(ThreadPoolExecutor.java:1134)
        at java.util.concurrent.ThreadPoolExecutor$Worker.run(ThreadPoolExecutor.java:624)
        at java.lang.Thread.run(Thread.java:750)
"timer1" daemon prio=5 tid=696 timed_waiting
java.lang.Thread.State: TIMED_WAITING
        at java.lang.Object.wait(Native Method)
        at java.util.TimerThread.mainLoop(Timer.java:552)
        at java.util.TimerThread.run(Timer.java:505)
"org.apache.hadoop.util.JvmPauseMonitor$Monitor@5b929a59" daemon prio=5 tid=421 timed_waiting
java.lang.Thread.State: TIMED_WAITING
        at java.lang.Thread.sleep(Native Method)
        at org.apache.hadoop.util.JvmPauseMonitor$Monitor.run(JvmPauseMonitor.java:192)
        at java.lang.Thread.run(Thread.java:750)
"IPC Server handler 7 on default port 40677" daemon prio=5 tid=74 timed_waiting
java.lang.Thread.State: TIMED_WAITING
        at sun.misc.Unsafe.park(Native Method)
        at java.util.concurrent.locks.LockSupport.parkNanos(LockSupport.java:215)
        at java.util.concurrent.locks.AbstractQueuedSynchronizer$ConditionObject.awaitNanos(AbstractQueuedSynchronizer.java:2078)
        at java.util.concurrent.LinkedBlockingQueue.poll(LinkedBlockingQueue.java:467)
        at org.apache.hadoop.ipc.CallQueueManager.take(CallQueueManager.java:317)
        at org.apache.hadoop.ipc.Server$Handler.run(Server.java:2942)
"StaleRecoveringContainerScrubbingService#8" daemon prio=5 tid=1097 in Object.wait()
java.lang.Thread.State: WAITING (on object monitor)
        at sun.misc.Unsafe.park(Native Method)
        at java.util.concurrent.locks.LockSupport.park(LockSupport.java:175)
        at java.util.concurrent.locks.AbstractQueuedSynchronizer$ConditionObject.await(AbstractQueuedSynchronizer.java:2039)
        at java.util.concurrent.ScheduledThreadPoolExecutor$DelayedWorkQueue.take(ScheduledThreadPoolExecutor.java:1088)
        at java.util.concurrent.ScheduledThreadPoolExecutor$DelayedWorkQueue.take(ScheduledThreadPoolExecutor.java:809)
        at java.util.concurrent.ThreadPoolExecutor.getTask(ThreadPoolExecutor.java:1074)
        at java.util.concurrent.ThreadPoolExecutor.runWorker(ThreadPoolExecutor.java:1134)
        at java.util.concurrent.ThreadPoolExecutor$Worker.run(ThreadPoolExecutor.java:624)
        at java.lang.Thread.run(Thread.java:750)
"qtp2032401286-396" daemon prio=5 tid=396 timed_waiting
java.lang.Thread.State: TIMED_WAITING
        at sun.misc.Unsafe.park(Native Method)
        at java.util.concurrent.locks.LockSupport.parkNanos(LockSupport.java:215)
        at java.util.concurrent.locks.AbstractQueuedSynchronizer$ConditionObject.awaitNanos(AbstractQueuedSynchronizer.java:2078)
        at org.eclipse.jetty.util.BlockingArrayQueue.poll(BlockingArrayQueue.java:382)
        at org.eclipse.jetty.util.thread.QueuedThreadPool$Runner.idleJobPoll(QueuedThreadPool.java:974)
        at org.eclipse.jetty.util.thread.QueuedThreadPool$Runner.run(QueuedThreadPool.java:1018)
        at java.lang.Thread.run(Thread.java:750)
"IPC Server handler 16 on default port 40677" daemon prio=5 tid=83 timed_waiting
java.lang.Thread.State: TIMED_WAITING
        at sun.misc.Unsafe.park(Native Method)
        at java.util.concurrent.locks.LockSupport.parkNanos(LockSupport.java:215)
        at java.util.concurrent.locks.AbstractQueuedSynchronizer$ConditionObject.awaitNanos(AbstractQueuedSynchronizer.java:2078)
        at java.util.concurrent.LinkedBlockingQueue.poll(LinkedBlockingQueue.java:467)
        at org.apache.hadoop.ipc.CallQueueManager.take(CallQueueManager.java:317)
        at org.apache.hadoop.ipc.Server$Handler.run(Server.java:2942)
"Finalizer" daemon prio=8 tid=3 in Object.wait()
java.lang.Thread.State: WAITING (on object monitor)
        at java.lang.Object.wait(Native Method)
        at java.lang.ref.ReferenceQueue.remove(ReferenceQueue.java:144)
        at java.lang.ref.ReferenceQueue.remove(ReferenceQueue.java:165)
        at java.lang.ref.Finalizer$FinalizerThread.run(Finalizer.java:216)
"qtp366310941-214" daemon prio=5 tid=214 timed_waiting
java.lang.Thread.State: TIMED_WAITING
        at sun.misc.Unsafe.park(Native Method)
        at java.util.concurrent.locks.LockSupport.parkNanos(LockSupport.java:215)
        at java.util.concurrent.locks.AbstractQueuedSynchronizer$ConditionObject.awaitNanos(AbstractQueuedSynchronizer.java:2078)
        at org.eclipse.jetty.util.BlockingArrayQueue.poll(BlockingArrayQueue.java:382)
        at org.eclipse.jetty.util.thread.QueuedThreadPool$Runner.idleJobPoll(QueuedThreadPool.java:974)
        at org.eclipse.jetty.util.thread.QueuedThreadPool$Runner.run(QueuedThreadPool.java:1018)
        at java.lang.Thread.run(Thread.java:750)
"Datanode State Machine Task Thread - 1"  prio=5 tid=530 in Object.wait()
java.lang.Thread.State: WAITING (on object monitor)
        at sun.misc.Unsafe.park(Native Method)
        at java.util.concurrent.locks.LockSupport.park(LockSupport.java:175)
        at java.util.concurrent.locks.AbstractQueuedSynchronizer$ConditionObject.await(AbstractQueuedSynchronizer.java:2039)
        at java.util.concurrent.LinkedBlockingQueue.take(LinkedBlockingQueue.java:442)
        at java.util.concurrent.ThreadPoolExecutor.getTask(ThreadPoolExecutor.java:1074)
        at java.util.concurrent.ThreadPoolExecutor.runWorker(ThreadPoolExecutor.java:1134)
        at java.util.concurrent.ThreadPoolExecutor$Worker.run(ThreadPoolExecutor.java:624)
        at java.lang.Thread.run(Thread.java:750)
"ChunkWriter-2-0" daemon prio=5 tid=330 in Object.wait()
java.lang.Thread.State: WAITING (on object monitor)
        at sun.misc.Unsafe.park(Native Method)
        at java.util.concurrent.locks.LockSupport.park(LockSupport.java:175)
        at java.util.concurrent.locks.AbstractQueuedSynchronizer$ConditionObject.await(AbstractQueuedSynchronizer.java:2039)
        at java.util.concurrent.LinkedBlockingDeque.takeFirst(LinkedBlockingDeque.java:492)
        at java.util.concurrent.LinkedBlockingDeque.take(LinkedBlockingDeque.java:680)
        at java.util.concurrent.ThreadPoolExecutor.getTask(ThreadPoolExecutor.java:1074)
        at java.util.concurrent.ThreadPoolExecutor.runWorker(ThreadPoolExecutor.java:1134)
        at java.util.concurrent.ThreadPoolExecutor$Worker.run(ThreadPoolExecutor.java:624)
        at java.lang.Thread.run(Thread.java:750)
"Datanode ReportManager Thread - 3" daemon prio=5 tid=225 in Object.wait()
java.lang.Thread.State: WAITING (on object monitor)
        at sun.misc.Unsafe.park(Native Method)
        at java.util.concurrent.locks.LockSupport.park(LockSupport.java:175)
        at java.util.concurrent.locks.AbstractQueuedSynchronizer$ConditionObject.await(AbstractQueuedSynchronizer.java:2039)
        at java.util.concurrent.ScheduledThreadPoolExecutor$DelayedWorkQueue.take(ScheduledThreadPoolExecutor.java:1088)
        at java.util.concurrent.ScheduledThreadPoolExecutor$DelayedWorkQueue.take(ScheduledThreadPoolExecutor.java:809)
        at java.util.concurrent.ThreadPoolExecutor.getTask(ThreadPoolExecutor.java:1074)
        at java.util.concurrent.ThreadPoolExecutor.runWorker(ThreadPoolExecutor.java:1134)
        at java.util.concurrent.ThreadPoolExecutor$Worker.run(ThreadPoolExecutor.java:624)
        at java.lang.Thread.run(Thread.java:750)
"2412583d-f0ce-4b83-96a1-c4f14f6f25ae@group-B83BCE7B16AB-SegmentedRaftLogWorker"  prio=5 tid=641 timed_waiting
java.lang.Thread.State: TIMED_WAITING
        at sun.misc.Unsafe.park(Native Method)
        at java.util.concurrent.locks.LockSupport.parkNanos(LockSupport.java:215)
        at java.util.concurrent.locks.AbstractQueuedSynchronizer$ConditionObject.awaitNanos(AbstractQueuedSynchronizer.java:2078)
        at org.apache.ratis.util.DataBlockingQueue.poll(DataBlockingQueue.java:148)
        at org.apache.ratis.server.raftlog.segmented.SegmentedRaftLogWorker.run(SegmentedRaftLogWorker.java:310)
        at org.apache.ratis.server.raftlog.segmented.SegmentedRaftLogWorker$$Lambda$665/1566430543.run(Unknown Source)
        at java.lang.Thread.run(Thread.java:750)
"Datanode ReportManager Thread - 2" daemon prio=5 tid=417 timed_waiting
java.lang.Thread.State: TIMED_WAITING
        at sun.misc.Unsafe.park(Native Method)
        at java.util.concurrent.locks.LockSupport.parkNanos(LockSupport.java:215)
        at java.util.concurrent.locks.AbstractQueuedSynchronizer$ConditionObject.awaitNanos(AbstractQueuedSynchronizer.java:2078)
        at java.util.concurrent.ScheduledThreadPoolExecutor$DelayedWorkQueue.take(ScheduledThreadPoolExecutor.java:1093)
        at java.util.concurrent.ScheduledThreadPoolExecutor$DelayedWorkQueue.take(ScheduledThreadPoolExecutor.java:809)
        at java.util.concurrent.ThreadPoolExecutor.getTask(ThreadPoolExecutor.java:1074)
        at java.util.concurrent.ThreadPoolExecutor.runWorker(ThreadPoolExecutor.java:1134)
        at java.util.concurrent.ThreadPoolExecutor$Worker.run(ThreadPoolExecutor.java:624)
        at java.lang.Thread.run(Thread.java:750)
"IPC Server handler 0 on default port 40677" daemon prio=5 tid=67 timed_waiting
java.lang.Thread.State: TIMED_WAITING
        at sun.misc.Unsafe.park(Native Method)
        at java.util.concurrent.locks.LockSupport.parkNanos(LockSupport.java:215)
        at java.util.concurrent.locks.AbstractQueuedSynchronizer$ConditionObject.awaitNanos(AbstractQueuedSynchronizer.java:2078)
        at java.util.concurrent.LinkedBlockingQueue.poll(LinkedBlockingQueue.java:467)
        at org.apache.hadoop.ipc.CallQueueManager.take(CallQueueManager.java:317)
        at org.apache.hadoop.ipc.Server$Handler.run(Server.java:2942)
"StaleRecoveringContainerScrubbingService#6" daemon prio=5 tid=1073 in Object.wait()
java.lang.Thread.State: WAITING (on object monitor)
        at sun.misc.Unsafe.park(Native Method)
        at java.util.concurrent.locks.LockSupport.park(LockSupport.java:175)
        at java.util.concurrent.locks.AbstractQueuedSynchronizer$ConditionObject.await(AbstractQueuedSynchronizer.java:2039)
        at java.util.concurrent.ScheduledThreadPoolExecutor$DelayedWorkQueue.take(ScheduledThreadPoolExecutor.java:1088)
        at java.util.concurrent.ScheduledThreadPoolExecutor$DelayedWorkQueue.take(ScheduledThreadPoolExecutor.java:809)
        at java.util.concurrent.ThreadPoolExecutor.getTask(ThreadPoolExecutor.java:1074)
        at java.util.concurrent.ThreadPoolExecutor.runWorker(ThreadPoolExecutor.java:1134)
        at java.util.concurrent.ThreadPoolExecutor$Worker.run(ThreadPoolExecutor.java:624)
        at java.lang.Thread.run(Thread.java:750)
"qtp575983040-267" daemon prio=5 tid=267 timed_waiting
java.lang.Thread.State: TIMED_WAITING
        at sun.misc.Unsafe.park(Native Method)
        at java.util.concurrent.locks.LockSupport.parkNanos(LockSupport.java:215)
        at java.util.concurrent.locks.AbstractQueuedSynchronizer$ConditionObject.awaitNanos(AbstractQueuedSynchronizer.java:2078)
        at org.eclipse.jetty.util.BlockingArrayQueue.poll(BlockingArrayQueue.java:382)
        at org.eclipse.jetty.util.thread.QueuedThreadPool$Runner.idleJobPoll(QueuedThreadPool.java:974)
        at org.eclipse.jetty.util.thread.QueuedThreadPool$Runner.run(QueuedThreadPool.java:1018)
        at java.lang.Thread.run(Thread.java:750)
"ChunkReader-1" daemon prio=5 tid=1021 in Object.wait()
java.lang.Thread.State: WAITING (on object monitor)
        at sun.misc.Unsafe.park(Native Method)
        at java.util.concurrent.locks.LockSupport.park(LockSupport.java:175)
        at java.util.concurrent.locks.AbstractQueuedSynchronizer$ConditionObject.await(AbstractQueuedSynchronizer.java:2039)
        at java.util.concurrent.LinkedBlockingQueue.take(LinkedBlockingQueue.java:442)
        at java.util.concurrent.ThreadPoolExecutor.getTask(ThreadPoolExecutor.java:1074)
        at java.util.concurrent.ThreadPoolExecutor.runWorker(ThreadPoolExecutor.java:1134)
        at java.util.concurrent.ThreadPoolExecutor$Worker.run(ThreadPoolExecutor.java:624)
        at java.lang.Thread.run(Thread.java:750)
"qtp380675952-241" daemon prio=5 tid=241 timed_waiting
java.lang.Thread.State: TIMED_WAITING
        at sun.misc.Unsafe.park(Native Method)
        at java.util.concurrent.locks.LockSupport.parkNanos(LockSupport.java:215)
        at java.util.concurrent.locks.AbstractQueuedSynchronizer$ConditionObject.awaitNanos(AbstractQueuedSynchronizer.java:2078)
        at org.eclipse.jetty.util.BlockingArrayQueue.poll(BlockingArrayQueue.java:382)
        at org.eclipse.jetty.util.thread.QueuedThreadPool$Runner.idleJobPoll(QueuedThreadPool.java:974)
        at org.eclipse.jetty.util.thread.QueuedThreadPool$Runner.run(QueuedThreadPool.java:1018)
        at java.lang.Thread.run(Thread.java:750)
"IPC Server handler 19 on default port 40677" daemon prio=5 tid=86 timed_waiting
java.lang.Thread.State: TIMED_WAITING
        at sun.misc.Unsafe.park(Native Method)
        at java.util.concurrent.locks.LockSupport.parkNanos(LockSupport.java:215)
        at java.util.concurrent.locks.AbstractQueuedSynchronizer$ConditionObject.awaitNanos(AbstractQueuedSynchronizer.java:2078)
        at java.util.concurrent.LinkedBlockingQueue.poll(LinkedBlockingQueue.java:467)
        at org.apache.hadoop.ipc.CallQueueManager.take(CallQueueManager.java:317)
        at org.apache.hadoop.ipc.Server$Handler.run(Server.java:2942)
"EndpointStateMachine task thread for /0.0.0.0:42997 - 0 "  prio=5 tid=531 in Object.wait()
java.lang.Thread.State: WAITING (on object monitor)
        at sun.misc.Unsafe.park(Native Method)
        at java.util.concurrent.locks.LockSupport.park(LockSupport.java:175)
        at java.util.concurrent.locks.AbstractQueuedSynchronizer$ConditionObject.await(AbstractQueuedSynchronizer.java:2039)
        at java.util.concurrent.LinkedBlockingQueue.take(LinkedBlockingQueue.java:442)
        at java.util.concurrent.ThreadPoolExecutor.getTask(ThreadPoolExecutor.java:1074)
        at java.util.concurrent.ThreadPoolExecutor.runWorker(ThreadPoolExecutor.java:1134)
        at java.util.concurrent.ThreadPoolExecutor$Worker.run(ThreadPoolExecutor.java:624)
        at java.lang.Thread.run(Thread.java:750)
"Datanode ReportManager Thread - 3" daemon prio=5 tid=277 in Object.wait()
java.lang.Thread.State: WAITING (on object monitor)
        at sun.misc.Unsafe.park(Native Method)
        at java.util.concurrent.locks.LockSupport.park(LockSupport.java:175)
        at java.util.concurrent.locks.AbstractQueuedSynchronizer$ConditionObject.await(AbstractQueuedSynchronizer.java:2039)
        at java.util.concurrent.ScheduledThreadPoolExecutor$DelayedWorkQueue.take(ScheduledThreadPoolExecutor.java:1088)
        at java.util.concurrent.ScheduledThreadPoolExecutor$DelayedWorkQueue.take(ScheduledThreadPoolExecutor.java:809)
        at java.util.concurrent.ThreadPoolExecutor.getTask(ThreadPoolExecutor.java:1074)
        at java.util.concurrent.ThreadPoolExecutor.runWorker(ThreadPoolExecutor.java:1134)
        at java.util.concurrent.ThreadPoolExecutor$Worker.run(ThreadPoolExecutor.java:624)
        at java.lang.Thread.run(Thread.java:750)
"ChunkWriter-3-0" daemon prio=5 tid=547 in Object.wait()
java.lang.Thread.State: WAITING (on object monitor)
        at sun.misc.Unsafe.park(Native Method)
        at java.util.concurrent.locks.LockSupport.park(LockSupport.java:175)
        at java.util.concurrent.locks.AbstractQueuedSynchronizer$ConditionObject.await(AbstractQueuedSynchronizer.java:2039)
        at java.util.concurrent.LinkedBlockingDeque.takeFirst(LinkedBlockingDeque.java:492)
        at java.util.concurrent.LinkedBlockingDeque.take(LinkedBlockingDeque.java:680)
        at java.util.concurrent.ThreadPoolExecutor.getTask(ThreadPoolExecutor.java:1074)
        at java.util.concurrent.ThreadPoolExecutor.runWorker(ThreadPoolExecutor.java:1134)
        at java.util.concurrent.ThreadPoolExecutor$Worker.run(ThreadPoolExecutor.java:624)
        at java.lang.Thread.run(Thread.java:750)
"StaleRecoveringContainerScrubbingService#9" daemon prio=5 tid=1109 in Object.wait()
java.lang.Thread.State: WAITING (on object monitor)
        at sun.misc.Unsafe.park(Native Method)
        at java.util.concurrent.locks.LockSupport.park(LockSupport.java:175)
        at java.util.concurrent.locks.AbstractQueuedSynchronizer$ConditionObject.await(AbstractQueuedSynchronizer.java:2039)
        at java.util.concurrent.ScheduledThreadPoolExecutor$DelayedWorkQueue.take(ScheduledThreadPoolExecutor.java:1088)
        at java.util.concurrent.ScheduledThreadPoolExecutor$DelayedWorkQueue.take(ScheduledThreadPoolExecutor.java:809)
        at java.util.concurrent.ThreadPoolExecutor.getTask(ThreadPoolExecutor.java:1074)
        at java.util.concurrent.ThreadPoolExecutor.runWorker(ThreadPoolExecutor.java:1134)
        at java.util.concurrent.ThreadPoolExecutor$Worker.run(ThreadPoolExecutor.java:624)
        at java.lang.Thread.run(Thread.java:750)
"Datanode ReportManager Thread - 0" daemon prio=5 tid=222 in Object.wait()
java.lang.Thread.State: WAITING (on object monitor)
        at sun.misc.Unsafe.park(Native Method)
        at java.util.concurrent.locks.LockSupport.park(LockSupport.java:175)
        at java.util.concurrent.locks.AbstractQueuedSynchronizer$ConditionObject.await(AbstractQueuedSynchronizer.java:2039)
        at java.util.concurrent.ScheduledThreadPoolExecutor$DelayedWorkQueue.take(ScheduledThreadPoolExecutor.java:1088)
        at java.util.concurrent.ScheduledThreadPoolExecutor$DelayedWorkQueue.take(ScheduledThreadPoolExecutor.java:809)
        at java.util.concurrent.ThreadPoolExecutor.getTask(ThreadPoolExecutor.java:1074)
        at java.util.concurrent.ThreadPoolExecutor.runWorker(ThreadPoolExecutor.java:1134)
        at java.util.concurrent.ThreadPoolExecutor$Worker.run(ThreadPoolExecutor.java:624)
        at java.lang.Thread.run(Thread.java:750)
"IPC Server handler 2 on default port 35707" daemon prio=5 tid=49 timed_waiting
java.lang.Thread.State: TIMED_WAITING
        at sun.misc.Unsafe.park(Native Method)
        at java.util.concurrent.locks.LockSupport.parkNanos(LockSupport.java:215)
        at java.util.concurrent.locks.AbstractQueuedSynchronizer$ConditionObject.awaitNanos(AbstractQueuedSynchronizer.java:2078)
        at java.util.concurrent.LinkedBlockingQueue.poll(LinkedBlockingQueue.java:467)
        at org.apache.hadoop.ipc.CallQueueManager.take(CallQueueManager.java:317)
        at org.apache.hadoop.ipc.Server$Handler.run(Server.java:2942)
"fb3b41a4-a9f1-45d3-bf74-4074fcf3e767@group-763B35D9546F-StateMachineUpdater" daemon prio=5 tid=605 timed_waiting
java.lang.Thread.State: TIMED_WAITING
        at sun.misc.Unsafe.park(Native Method)
        at java.util.concurrent.locks.LockSupport.parkNanos(LockSupport.java:215)
        at java.util.concurrent.CompletableFuture$Signaller.block(CompletableFuture.java:1709)
        at java.util.concurrent.ForkJoinPool.managedBlock(ForkJoinPool.java:3323)
        at java.util.concurrent.CompletableFuture.timedGet(CompletableFuture.java:1788)
        at java.util.concurrent.CompletableFuture.get(CompletableFuture.java:1928)
        at org.apache.ratis.util.AwaitForSignal.await(AwaitForSignal.java:56)
        at org.apache.ratis.server.impl.StateMachineUpdater.waitForCommit(StateMachineUpdater.java:207)
        at org.apache.ratis.server.impl.StateMachineUpdater.run(StateMachineUpdater.java:176)
        at java.lang.Thread.run(Thread.java:750)
"EventQueue-NodeRegistrationContainerReportForDataNodeSafeModeRule" daemon prio=5 tid=492 in Object.wait()
java.lang.Thread.State: WAITING (on object monitor)
        at sun.misc.Unsafe.park(Native Method)
        at java.util.concurrent.locks.LockSupport.park(LockSupport.java:175)
        at java.util.concurrent.locks.AbstractQueuedSynchronizer$ConditionObject.await(AbstractQueuedSynchronizer.java:2039)
        at java.util.concurrent.LinkedBlockingQueue.take(LinkedBlockingQueue.java:442)
        at java.util.concurrent.ThreadPoolExecutor.getTask(ThreadPoolExecutor.java:1074)
        at java.util.concurrent.ThreadPoolExecutor.runWorker(ThreadPoolExecutor.java:1134)
        at java.util.concurrent.ThreadPoolExecutor$Worker.run(ThreadPoolExecutor.java:624)
        at java.lang.Thread.run(Thread.java:750)
"qtp1026182168-148" daemon prio=5 tid=148 timed_waiting
java.lang.Thread.State: TIMED_WAITING
        at sun.misc.Unsafe.park(Native Method)
        at java.util.concurrent.locks.LockSupport.parkNanos(LockSupport.java:215)
        at java.util.concurrent.locks.AbstractQueuedSynchronizer$ConditionObject.awaitNanos(AbstractQueuedSynchronizer.java:2078)
        at org.eclipse.jetty.util.BlockingArrayQueue.poll(BlockingArrayQueue.java:382)
        at org.eclipse.jetty.util.thread.QueuedThreadPool$Runner.idleJobPoll(QueuedThreadPool.java:974)
        at org.eclipse.jetty.util.thread.QueuedThreadPool$Runner.run(QueuedThreadPool.java:1018)
        at java.lang.Thread.run(Thread.java:750)
"IPC Server idle connection scanner for port 42997" daemon prio=5 tid=25 timed_waiting
java.lang.Thread.State: TIMED_WAITING
        at java.lang.Object.wait(Native Method)
        at java.util.TimerThread.mainLoop(Timer.java:552)
        at java.util.TimerThread.run(Timer.java:505)
"IPC Server handler 2 on default port 42997" daemon prio=5 tid=89 timed_waiting
java.lang.Thread.State: TIMED_WAITING
        at sun.misc.Unsafe.park(Native Method)
        at java.util.concurrent.locks.LockSupport.parkNanos(LockSupport.java:215)
        at java.util.concurrent.locks.AbstractQueuedSynchronizer$ConditionObject.awaitNanos(AbstractQueuedSynchronizer.java:2078)
        at java.util.concurrent.LinkedBlockingQueue.poll(LinkedBlockingQueue.java:467)
        at org.apache.hadoop.ipc.CallQueueManager.take(CallQueueManager.java:317)
        at org.apache.hadoop.ipc.Server$Handler.run(Server.java:2942)
"qtp963101981-187" daemon prio=5 tid=187 timed_waiting
java.lang.Thread.State: TIMED_WAITING
        at sun.misc.Unsafe.park(Native Method)
        at java.util.concurrent.locks.LockSupport.parkNanos(LockSupport.java:215)
        at java.util.concurrent.locks.AbstractQueuedSynchronizer$ConditionObject.awaitNanos(AbstractQueuedSynchronizer.java:2078)
        at org.eclipse.jetty.util.BlockingArrayQueue.poll(BlockingArrayQueue.java:382)
        at org.eclipse.jetty.util.thread.QueuedThreadPool$Runner.idleJobPoll(QueuedThreadPool.java:974)
        at org.eclipse.jetty.util.thread.QueuedThreadPool$Runner.run(QueuedThreadPool.java:1018)
        at java.lang.Thread.run(Thread.java:750)
"cb9a1e57-5a73-4518-a050-b0d695628b3e@group-763B35D9546F->06429dc3-6184-4705-8d2a-a6f8dedf2170-GrpcLogAppender-LogAppenderDaemon" daemon prio=5 tid=821 timed_waiting
java.lang.Thread.State: TIMED_WAITING
        at sun.misc.Unsafe.park(Native Method)
        at java.util.concurrent.locks.LockSupport.parkNanos(LockSupport.java:215)
        at java.util.concurrent.CompletableFuture$Signaller.block(CompletableFuture.java:1709)
        at java.util.concurrent.ForkJoinPool.managedBlock(ForkJoinPool.java:3323)
        at java.util.concurrent.CompletableFuture.timedGet(CompletableFuture.java:1788)
        at java.util.concurrent.CompletableFuture.get(CompletableFuture.java:1928)
        at org.apache.ratis.util.AwaitForSignal.await(AwaitForSignal.java:56)
        at org.apache.ratis.grpc.server.GrpcLogAppender.mayWait(GrpcLogAppender.java:198)
        at org.apache.ratis.grpc.server.GrpcLogAppender.run(GrpcLogAppender.java:148)
        at org.apache.ratis.server.leader.LogAppenderDaemon.run(LogAppenderDaemon.java:78)
        at org.apache.ratis.server.leader.LogAppenderDaemon$$Lambda$1042/797680037.run(Unknown Source)
        at java.lang.Thread.run(Thread.java:750)
"BackgroundPipelineScrubberThread" daemon prio=5 tid=16 timed_waiting
java.lang.Thread.State: TIMED_WAITING
        at java.lang.Object.wait(Native Method)
        at org.apache.hadoop.hdds.scm.ha.BackgroundSCMService.run(BackgroundSCMService.java:110)
        at org.apache.hadoop.hdds.scm.ha.BackgroundSCMService$$Lambda$375/1055317122.run(Unknown Source)
        at java.lang.Thread.run(Thread.java:750)
"IPC Server handler 16 on default port 35707" daemon prio=5 tid=63 timed_waiting
java.lang.Thread.State: TIMED_WAITING
        at sun.misc.Unsafe.park(Native Method)
        at java.util.concurrent.locks.LockSupport.parkNanos(LockSupport.java:215)
        at java.util.concurrent.locks.AbstractQueuedSynchronizer$ConditionObject.awaitNanos(AbstractQueuedSynchronizer.java:2078)
        at java.util.concurrent.LinkedBlockingQueue.poll(LinkedBlockingQueue.java:467)
        at org.apache.hadoop.ipc.CallQueueManager.take(CallQueueManager.java:317)
        at org.apache.hadoop.ipc.Server$Handler.run(Server.java:2942)
"ChunkReader-1" daemon prio=5 tid=903 in Object.wait()
java.lang.Thread.State: WAITING (on object monitor)
        at sun.misc.Unsafe.park(Native Method)
        at java.util.concurrent.locks.LockSupport.park(LockSupport.java:175)
        at java.util.concurrent.locks.AbstractQueuedSynchronizer$ConditionObject.await(AbstractQueuedSynchronizer.java:2039)
        at java.util.concurrent.LinkedBlockingQueue.take(LinkedBlockingQueue.java:442)
        at java.util.concurrent.ThreadPoolExecutor.getTask(ThreadPoolExecutor.java:1074)
        at java.util.concurrent.ThreadPoolExecutor.runWorker(ThreadPoolExecutor.java:1134)
        at java.util.concurrent.ThreadPoolExecutor$Worker.run(ThreadPoolExecutor.java:624)
        at java.lang.Thread.run(Thread.java:750)
"BlockDeletingService#3" daemon prio=5 tid=1119 in Object.wait()
java.lang.Thread.State: WAITING (on object monitor)
        at sun.misc.Unsafe.park(Native Method)
        at java.util.concurrent.locks.LockSupport.park(LockSupport.java:175)
        at java.util.concurrent.locks.AbstractQueuedSynchronizer$ConditionObject.await(AbstractQueuedSynchronizer.java:2039)
        at java.util.concurrent.ScheduledThreadPoolExecutor$DelayedWorkQueue.take(ScheduledThreadPoolExecutor.java:1088)
        at java.util.concurrent.ScheduledThreadPoolExecutor$DelayedWorkQueue.take(ScheduledThreadPoolExecutor.java:809)
        at java.util.concurrent.ThreadPoolExecutor.getTask(ThreadPoolExecutor.java:1074)
        at java.util.concurrent.ThreadPoolExecutor.runWorker(ThreadPoolExecutor.java:1134)
        at java.util.concurrent.ThreadPoolExecutor$Worker.run(ThreadPoolExecutor.java:624)
        at java.lang.Thread.run(Thread.java:750)
"ChunkReader-9" daemon prio=5 tid=1033 in Object.wait()
java.lang.Thread.State: WAITING (on object monitor)
        at sun.misc.Unsafe.park(Native Method)
        at java.util.concurrent.locks.LockSupport.park(LockSupport.java:175)
        at java.util.concurrent.locks.AbstractQueuedSynchronizer$ConditionObject.await(AbstractQueuedSynchronizer.java:2039)
        at java.util.concurrent.LinkedBlockingQueue.take(LinkedBlockingQueue.java:442)
        at java.util.concurrent.ThreadPoolExecutor.getTask(ThreadPoolExecutor.java:1074)
        at java.util.concurrent.ThreadPoolExecutor.runWorker(ThreadPoolExecutor.java:1134)
        at java.util.concurrent.ThreadPoolExecutor$Worker.run(ThreadPoolExecutor.java:624)
        at java.lang.Thread.run(Thread.java:750)
"ChunkReader-0" daemon prio=5 tid=1019 in Object.wait()
java.lang.Thread.State: WAITING (on object monitor)
        at sun.misc.Unsafe.park(Native Method)
        at java.util.concurrent.locks.LockSupport.park(LockSupport.java:175)
        at java.util.concurrent.locks.AbstractQueuedSynchronizer$ConditionObject.await(AbstractQueuedSynchronizer.java:2039)
        at java.util.concurrent.LinkedBlockingQueue.take(LinkedBlockingQueue.java:442)
        at java.util.concurrent.ThreadPoolExecutor.getTask(ThreadPoolExecutor.java:1074)
        at java.util.concurrent.ThreadPoolExecutor.runWorker(ThreadPoolExecutor.java:1134)
        at java.util.concurrent.ThreadPoolExecutor$Worker.run(ThreadPoolExecutor.java:624)
        at java.lang.Thread.run(Thread.java:750)
"Session-HouseKeeper-5b14b79e-1"  prio=5 tid=324 timed_waiting
java.lang.Thread.State: TIMED_WAITING
        at sun.misc.Unsafe.park(Native Method)
        at java.util.concurrent.locks.LockSupport.parkNanos(LockSupport.java:215)
        at java.util.concurrent.locks.AbstractQueuedSynchronizer$ConditionObject.awaitNanos(AbstractQueuedSynchronizer.java:2078)
        at java.util.concurrent.ScheduledThreadPoolExecutor$DelayedWorkQueue.take(ScheduledThreadPoolExecutor.java:1093)
        at java.util.concurrent.ScheduledThreadPoolExecutor$DelayedWorkQueue.take(ScheduledThreadPoolExecutor.java:809)
        at java.util.concurrent.ThreadPoolExecutor.getTask(ThreadPoolExecutor.java:1074)
        at java.util.concurrent.ThreadPoolExecutor.runWorker(ThreadPoolExecutor.java:1134)
        at java.util.concurrent.ThreadPoolExecutor$Worker.run(ThreadPoolExecutor.java:624)
        at java.lang.Thread.run(Thread.java:750)
"StaleRecoveringContainerScrubbingService#4" daemon prio=5 tid=978 in Object.wait()
java.lang.Thread.State: WAITING (on object monitor)
        at sun.misc.Unsafe.park(Native Method)
        at java.util.concurrent.locks.LockSupport.park(LockSupport.java:175)
        at java.util.concurrent.locks.AbstractQueuedSynchronizer$ConditionObject.await(AbstractQueuedSynchronizer.java:2039)
        at java.util.concurrent.ScheduledThreadPoolExecutor$DelayedWorkQueue.take(ScheduledThreadPoolExecutor.java:1088)
        at java.util.concurrent.ScheduledThreadPoolExecutor$DelayedWorkQueue.take(ScheduledThreadPoolExecutor.java:809)
        at java.util.concurrent.ThreadPoolExecutor.getTask(ThreadPoolExecutor.java:1074)
        at java.util.concurrent.ThreadPoolExecutor.runWorker(ThreadPoolExecutor.java:1134)
        at java.util.concurrent.ThreadPoolExecutor$Worker.run(ThreadPoolExecutor.java:624)
        at java.lang.Thread.run(Thread.java:750)
"ChunkReader-0" daemon prio=5 tid=757 in Object.wait()
java.lang.Thread.State: WAITING (on object monitor)
        at sun.misc.Unsafe.park(Native Method)
        at java.util.concurrent.locks.LockSupport.park(LockSupport.java:175)
        at java.util.concurrent.locks.AbstractQueuedSynchronizer$ConditionObject.await(AbstractQueuedSynchronizer.java:2039)
        at java.util.concurrent.LinkedBlockingQueue.take(LinkedBlockingQueue.java:442)
        at java.util.concurrent.ThreadPoolExecutor.getTask(ThreadPoolExecutor.java:1074)
        at java.util.concurrent.ThreadPoolExecutor.runWorker(ThreadPoolExecutor.java:1134)
        at java.util.concurrent.ThreadPoolExecutor$Worker.run(ThreadPoolExecutor.java:624)
        at java.lang.Thread.run(Thread.java:750)
"IPC Server Responder" daemon prio=5 tid=30 runnable
java.lang.Thread.State: RUNNABLE
        at sun.nio.ch.EPollArrayWrapper.epollWait(Native Method)
        at sun.nio.ch.EPollArrayWrapper.poll(EPollArrayWrapper.java:269)
        at sun.nio.ch.EPollSelectorImpl.doSelect(EPollSelectorImpl.java:93)
        at sun.nio.ch.SelectorImpl.lockAndDoSelect(SelectorImpl.java:86)
        at sun.nio.ch.SelectorImpl.select(SelectorImpl.java:97)
        at org.apache.hadoop.ipc.Server$Responder.doRunLoop(Server.java:1532)
        at org.apache.hadoop.ipc.Server$Responder.run(Server.java:1515)
"IPC Server handler 12 on default port 40677" daemon prio=5 tid=79 timed_waiting
java.lang.Thread.State: TIMED_WAITING
        at sun.misc.Unsafe.park(Native Method)
        at java.util.concurrent.locks.LockSupport.parkNanos(LockSupport.java:215)
        at java.util.concurrent.locks.AbstractQueuedSynchronizer$ConditionObject.awaitNanos(AbstractQueuedSynchronizer.java:2078)
        at java.util.concurrent.LinkedBlockingQueue.poll(LinkedBlockingQueue.java:467)
        at org.apache.hadoop.ipc.CallQueueManager.take(CallQueueManager.java:317)
        at org.apache.hadoop.ipc.Server$Handler.run(Server.java:2942)
"Datanode ReportManager Thread - 4" daemon prio=5 tid=501 timed_waiting
java.lang.Thread.State: TIMED_WAITING
        at sun.misc.Unsafe.park(Native Method)
        at java.util.concurrent.locks.LockSupport.parkNanos(LockSupport.java:215)
        at java.util.concurrent.locks.AbstractQueuedSynchronizer$ConditionObject.awaitNanos(AbstractQueuedSynchronizer.java:2078)
        at java.util.concurrent.ScheduledThreadPoolExecutor$DelayedWorkQueue.take(ScheduledThreadPoolExecutor.java:1093)
        at java.util.concurrent.ScheduledThreadPoolExecutor$DelayedWorkQueue.take(ScheduledThreadPoolExecutor.java:809)
        at java.util.concurrent.ThreadPoolExecutor.getTask(ThreadPoolExecutor.java:1074)
        at java.util.concurrent.ThreadPoolExecutor.runWorker(ThreadPoolExecutor.java:1134)
        at java.util.concurrent.ThreadPoolExecutor$Worker.run(ThreadPoolExecutor.java:624)
        at java.lang.Thread.run(Thread.java:750)
"Session-HouseKeeper-290b031e-1"  prio=5 tid=220 timed_waiting
java.lang.Thread.State: TIMED_WAITING
        at sun.misc.Unsafe.park(Native Method)
        at java.util.concurrent.locks.LockSupport.parkNanos(LockSupport.java:215)
        at java.util.concurrent.locks.AbstractQueuedSynchronizer$ConditionObject.awaitNanos(AbstractQueuedSynchronizer.java:2078)
        at java.util.concurrent.ScheduledThreadPoolExecutor$DelayedWorkQueue.take(ScheduledThreadPoolExecutor.java:1093)
        at java.util.concurrent.ScheduledThreadPoolExecutor$DelayedWorkQueue.take(ScheduledThreadPoolExecutor.java:809)
        at java.util.concurrent.ThreadPoolExecutor.getTask(ThreadPoolExecutor.java:1074)
        at java.util.concurrent.ThreadPoolExecutor.runWorker(ThreadPoolExecutor.java:1134)
        at java.util.concurrent.ThreadPoolExecutor$Worker.run(ThreadPoolExecutor.java:624)
        at java.lang.Thread.run(Thread.java:750)
"ChunkWriter-2-0" daemon prio=5 tid=534 in Object.wait()
java.lang.Thread.State: WAITING (on object monitor)
        at sun.misc.Unsafe.park(Native Method)
        at java.util.concurrent.locks.LockSupport.park(LockSupport.java:175)
        at java.util.concurrent.locks.AbstractQueuedSynchronizer$ConditionObject.await(AbstractQueuedSynchronizer.java:2039)
        at java.util.concurrent.LinkedBlockingDeque.takeFirst(LinkedBlockingDeque.java:492)
        at java.util.concurrent.LinkedBlockingDeque.take(LinkedBlockingDeque.java:680)
        at java.util.concurrent.ThreadPoolExecutor.getTask(ThreadPoolExecutor.java:1074)
        at java.util.concurrent.ThreadPoolExecutor.runWorker(ThreadPoolExecutor.java:1134)
        at java.util.concurrent.ThreadPoolExecutor$Worker.run(ThreadPoolExecutor.java:624)
        at java.lang.Thread.run(Thread.java:750)
"BlockDeletingService#3" daemon prio=5 tid=1117 in Object.wait()
java.lang.Thread.State: WAITING (on object monitor)
        at sun.misc.Unsafe.park(Native Method)
        at java.util.concurrent.locks.LockSupport.park(LockSupport.java:175)
        at java.util.concurrent.locks.AbstractQueuedSynchronizer$ConditionObject.await(AbstractQueuedSynchronizer.java:2039)
        at java.util.concurrent.ScheduledThreadPoolExecutor$DelayedWorkQueue.take(ScheduledThreadPoolExecutor.java:1088)
        at java.util.concurrent.ScheduledThreadPoolExecutor$DelayedWorkQueue.take(ScheduledThreadPoolExecutor.java:809)
        at java.util.concurrent.ThreadPoolExecutor.getTask(ThreadPoolExecutor.java:1074)
        at java.util.concurrent.ThreadPoolExecutor.runWorker(ThreadPoolExecutor.java:1134)
        at java.util.concurrent.ThreadPoolExecutor$Worker.run(ThreadPoolExecutor.java:624)
        at java.lang.Thread.run(Thread.java:750)
"06429dc3-6184-4705-8d2a-a6f8dedf2170@group-763B35D9546F-SegmentedRaftLogWorker"  prio=5 tid=598 timed_waiting
java.lang.Thread.State: TIMED_WAITING
        at sun.misc.Unsafe.park(Native Method)
        at java.util.concurrent.locks.LockSupport.parkNanos(LockSupport.java:215)
        at java.util.concurrent.locks.AbstractQueuedSynchronizer$ConditionObject.awaitNanos(AbstractQueuedSynchronizer.java:2078)
        at org.apache.ratis.util.DataBlockingQueue.poll(DataBlockingQueue.java:148)
        at org.apache.ratis.server.raftlog.segmented.SegmentedRaftLogWorker.run(SegmentedRaftLogWorker.java:310)
        at org.apache.ratis.server.raftlog.segmented.SegmentedRaftLogWorker$$Lambda$665/1566430543.run(Unknown Source)
        at java.lang.Thread.run(Thread.java:750)
"IPC Server handler 19 on default port 43781" daemon prio=5 tid=173 timed_waiting
java.lang.Thread.State: TIMED_WAITING
        at sun.misc.Unsafe.park(Native Method)
        at java.util.concurrent.locks.LockSupport.parkNanos(LockSupport.java:215)
        at java.util.concurrent.locks.AbstractQueuedSynchronizer$ConditionObject.awaitNanos(AbstractQueuedSynchronizer.java:2078)
        at java.util.concurrent.LinkedBlockingQueue.poll(LinkedBlockingQueue.java:467)
        at org.apache.hadoop.ipc.CallQueueManager.take(CallQueueManager.java:317)
        at org.apache.hadoop.ipc.Server$Handler.run(Server.java:2942)
"fb3b41a4-a9f1-45d3-bf74-4074fcf3e767@group-510A37B8E04C->cb9a1e57-5a73-4518-a050-b0d695628b3e-GrpcLogAppender-LogAppenderDaemon" daemon prio=5 tid=695 timed_waiting
java.lang.Thread.State: TIMED_WAITING
        at sun.misc.Unsafe.park(Native Method)
        at java.util.concurrent.locks.LockSupport.parkNanos(LockSupport.java:215)
        at java.util.concurrent.CompletableFuture$Signaller.block(CompletableFuture.java:1709)
        at java.util.concurrent.ForkJoinPool.managedBlock(ForkJoinPool.java:3323)
        at java.util.concurrent.CompletableFuture.timedGet(CompletableFuture.java:1788)
        at java.util.concurrent.CompletableFuture.get(CompletableFuture.java:1928)
        at org.apache.ratis.util.AwaitForSignal.await(AwaitForSignal.java:56)
        at org.apache.ratis.grpc.server.GrpcLogAppender.mayWait(GrpcLogAppender.java:198)
        at org.apache.ratis.grpc.server.GrpcLogAppender.run(GrpcLogAppender.java:148)
        at org.apache.ratis.server.leader.LogAppenderDaemon.run(LogAppenderDaemon.java:78)
        at org.apache.ratis.server.leader.LogAppenderDaemon$$Lambda$1042/797680037.run(Unknown Source)
        at java.lang.Thread.run(Thread.java:750)
"06429dc3-6184-4705-8d2a-a6f8dedf2170@group-F829801C2906-LeaderStateImpl" daemon prio=5 tid=712 timed_waiting
java.lang.Thread.State: TIMED_WAITING
        at sun.misc.Unsafe.park(Native Method)
        at java.util.concurrent.locks.LockSupport.parkNanos(LockSupport.java:215)
        at java.util.concurrent.locks.AbstractQueuedSynchronizer$ConditionObject.awaitNanos(AbstractQueuedSynchronizer.java:2078)
        at java.util.concurrent.ArrayBlockingQueue.poll(ArrayBlockingQueue.java:418)
        at org.apache.ratis.server.impl.LeaderStateImpl$EventQueue.poll(LeaderStateImpl.java:159)
        at org.apache.ratis.server.impl.LeaderStateImpl$EventProcessor.run(LeaderStateImpl.java:630)
"BlockDeletingService#0" daemon prio=5 tid=513 timed_waiting
java.lang.Thread.State: TIMED_WAITING
        at sun.misc.Unsafe.park(Native Method)
        at java.util.concurrent.locks.LockSupport.parkNanos(LockSupport.java:215)
        at java.util.concurrent.locks.AbstractQueuedSynchronizer$ConditionObject.awaitNanos(AbstractQueuedSynchronizer.java:2078)
        at java.util.concurrent.ScheduledThreadPoolExecutor$DelayedWorkQueue.take(ScheduledThreadPoolExecutor.java:1093)
        at java.util.concurrent.ScheduledThreadPoolExecutor$DelayedWorkQueue.take(ScheduledThreadPoolExecutor.java:809)
        at java.util.concurrent.ThreadPoolExecutor.getTask(ThreadPoolExecutor.java:1074)
        at java.util.concurrent.ThreadPoolExecutor.runWorker(ThreadPoolExecutor.java:1134)
        at java.util.concurrent.ThreadPoolExecutor$Worker.run(ThreadPoolExecutor.java:624)
        at java.lang.Thread.run(Thread.java:750)
"FixedThreadPoolWithAffinityExecutor-3-0" daemon prio=5 tid=38 timed_waiting
java.lang.Thread.State: TIMED_WAITING
        at sun.misc.Unsafe.park(Native Method)
        at java.util.concurrent.locks.LockSupport.parkNanos(LockSupport.java:215)
        at java.util.concurrent.locks.AbstractQueuedSynchronizer$ConditionObject.awaitNanos(AbstractQueuedSynchronizer.java:2078)
        at java.util.concurrent.LinkedBlockingQueue.poll(LinkedBlockingQueue.java:467)
        at org.apache.hadoop.hdds.scm.server.ContainerReportQueue.poll(ContainerReportQueue.java:266)
        at org.apache.hadoop.hdds.scm.server.ContainerReportQueue.poll(ContainerReportQueue.java:42)
        at org.apache.hadoop.hdds.server.events.FixedThreadPoolWithAffinityExecutor$ContainerReportProcessTask.run(FixedThreadPoolWithAffinityExecutor.java:248)
        at java.util.concurrent.Executors$RunnableAdapter.call(Executors.java:511)
        at java.util.concurrent.FutureTask.run(FutureTask.java:266)
        at java.util.concurrent.ThreadPoolExecutor.runWorker(ThreadPoolExecutor.java:1149)
        at java.util.concurrent.ThreadPoolExecutor$Worker.run(ThreadPoolExecutor.java:624)
        at java.lang.Thread.run(Thread.java:750)
"qtp1996954635-297" daemon prio=5 tid=297 timed_waiting
java.lang.Thread.State: TIMED_WAITING
        at sun.misc.Unsafe.park(Native Method)
        at java.util.concurrent.locks.LockSupport.parkNanos(LockSupport.java:215)
        at java.util.concurrent.locks.AbstractQueuedSynchronizer$ConditionObject.awaitNanos(AbstractQueuedSynchronizer.java:2078)
        at org.eclipse.jetty.util.BlockingArrayQueue.poll(BlockingArrayQueue.java:382)
        at org.eclipse.jetty.util.thread.QueuedThreadPool$Runner.idleJobPoll(QueuedThreadPool.java:974)
        at org.eclipse.jetty.util.thread.QueuedThreadPool$Runner.run(QueuedThreadPool.java:1018)
        at java.lang.Thread.run(Thread.java:750)
"BlockDeletingService#1" daemon prio=5 tid=540 in Object.wait()
java.lang.Thread.State: WAITING (on object monitor)
        at sun.misc.Unsafe.park(Native Method)
        at java.util.concurrent.locks.LockSupport.park(LockSupport.java:175)
        at java.util.concurrent.locks.AbstractQueuedSynchronizer$ConditionObject.await(AbstractQueuedSynchronizer.java:2039)
        at java.util.concurrent.ScheduledThreadPoolExecutor$DelayedWorkQueue.take(ScheduledThreadPoolExecutor.java:1088)
        at java.util.concurrent.ScheduledThreadPoolExecutor$DelayedWorkQueue.take(ScheduledThreadPoolExecutor.java:809)
        at java.util.concurrent.ThreadPoolExecutor.getTask(ThreadPoolExecutor.java:1074)
        at java.util.concurrent.ThreadPoolExecutor.runWorker(ThreadPoolExecutor.java:1134)
        at java.util.concurrent.ThreadPoolExecutor$Worker.run(ThreadPoolExecutor.java:624)
        at java.lang.Thread.run(Thread.java:750)
"DirectoryDeletingService#0" daemon prio=5 tid=142 timed_waiting
java.lang.Thread.State: TIMED_WAITING
        at sun.misc.Unsafe.park(Native Method)
        at java.util.concurrent.locks.LockSupport.parkNanos(LockSupport.java:215)
        at java.util.concurrent.locks.AbstractQueuedSynchronizer$ConditionObject.awaitNanos(AbstractQueuedSynchronizer.java:2078)
        at java.util.concurrent.ScheduledThreadPoolExecutor$DelayedWorkQueue.take(ScheduledThreadPoolExecutor.java:1093)
        at java.util.concurrent.ScheduledThreadPoolExecutor$DelayedWorkQueue.take(ScheduledThreadPoolExecutor.java:809)
        at java.util.concurrent.ThreadPoolExecutor.getTask(ThreadPoolExecutor.java:1074)
        at java.util.concurrent.ThreadPoolExecutor.runWorker(ThreadPoolExecutor.java:1134)
        at java.util.concurrent.ThreadPoolExecutor$Worker.run(ThreadPoolExecutor.java:624)
        at java.lang.Thread.run(Thread.java:750)
"cb9a1e57-5a73-4518-a050-b0d695628b3e@group-510A37B8E04C-StateMachineUpdater" daemon prio=5 tid=585 timed_waiting
java.lang.Thread.State: TIMED_WAITING
        at sun.misc.Unsafe.park(Native Method)
        at java.util.concurrent.locks.LockSupport.parkNanos(LockSupport.java:215)
        at java.util.concurrent.CompletableFuture$Signaller.block(CompletableFuture.java:1709)
        at java.util.concurrent.ForkJoinPool.managedBlock(ForkJoinPool.java:3323)
        at java.util.concurrent.CompletableFuture.timedGet(CompletableFuture.java:1788)
        at java.util.concurrent.CompletableFuture.get(CompletableFuture.java:1928)
        at org.apache.ratis.util.AwaitForSignal.await(AwaitForSignal.java:56)
        at org.apache.ratis.server.impl.StateMachineUpdater.waitForCommit(StateMachineUpdater.java:207)
        at org.apache.ratis.server.impl.StateMachineUpdater.run(StateMachineUpdater.java:176)
        at java.lang.Thread.run(Thread.java:750)
"qtp1996954635-294" daemon prio=5 tid=294 timed_waiting
java.lang.Thread.State: TIMED_WAITING
        at sun.misc.Unsafe.park(Native Method)
        at java.util.concurrent.locks.LockSupport.parkNanos(LockSupport.java:215)
        at java.util.concurrent.locks.AbstractQueuedSynchronizer$ConditionObject.awaitNanos(AbstractQueuedSynchronizer.java:2078)
        at org.eclipse.jetty.util.BlockingArrayQueue.poll(BlockingArrayQueue.java:382)
        at org.eclipse.jetty.util.thread.QueuedThreadPool$Runner.idleJobPoll(QueuedThreadPool.java:974)
        at org.eclipse.jetty.util.thread.QueuedThreadPool$Runner.run(QueuedThreadPool.java:1018)
        at java.lang.Thread.run(Thread.java:750)
"timer4" daemon prio=5 tid=704 timed_waiting
java.lang.Thread.State: TIMED_WAITING
        at java.lang.Object.wait(Native Method)
        at java.util.TimerThread.mainLoop(Timer.java:552)
        at java.util.TimerThread.run(Timer.java:505)
"qtp366310941-217" daemon prio=5 tid=217 timed_waiting
java.lang.Thread.State: TIMED_WAITING
        at sun.misc.Unsafe.park(Native Method)
        at java.util.concurrent.locks.LockSupport.parkNanos(LockSupport.java:215)
        at java.util.concurrent.locks.AbstractQueuedSynchronizer$ConditionObject.awaitNanos(AbstractQueuedSynchronizer.java:2078)
        at org.eclipse.jetty.util.BlockingArrayQueue.poll(BlockingArrayQueue.java:382)
        at org.eclipse.jetty.util.thread.QueuedThreadPool$Runner.idleJobPoll(QueuedThreadPool.java:974)
        at org.eclipse.jetty.util.thread.QueuedThreadPool$Runner.run(QueuedThreadPool.java:1018)
        at java.lang.Thread.run(Thread.java:750)
"BlockDeletingService#3" daemon prio=5 tid=1115 in Object.wait()
java.lang.Thread.State: WAITING (on object monitor)
        at sun.misc.Unsafe.park(Native Method)
        at java.util.concurrent.locks.LockSupport.park(LockSupport.java:175)
        at java.util.concurrent.locks.AbstractQueuedSynchronizer$ConditionObject.await(AbstractQueuedSynchronizer.java:2039)
        at java.util.concurrent.ScheduledThreadPoolExecutor$DelayedWorkQueue.take(ScheduledThreadPoolExecutor.java:1088)
        at java.util.concurrent.ScheduledThreadPoolExecutor$DelayedWorkQueue.take(ScheduledThreadPoolExecutor.java:809)
        at java.util.concurrent.ThreadPoolExecutor.getTask(ThreadPoolExecutor.java:1074)
        at java.util.concurrent.ThreadPoolExecutor.runWorker(ThreadPoolExecutor.java:1134)
        at java.util.concurrent.ThreadPoolExecutor$Worker.run(ThreadPoolExecutor.java:624)
        at java.lang.Thread.run(Thread.java:750)
"pool-104-thread-1"  prio=5 tid=211 timed_waiting
java.lang.Thread.State: TIMED_WAITING
        at sun.misc.Unsafe.park(Native Method)
        at java.util.concurrent.locks.LockSupport.parkNanos(LockSupport.java:215)
        at java.util.concurrent.locks.AbstractQueuedSynchronizer$ConditionObject.awaitNanos(AbstractQueuedSynchronizer.java:2078)
        at java.util.concurrent.ScheduledThreadPoolExecutor$DelayedWorkQueue.take(ScheduledThreadPoolExecutor.java:1093)
        at java.util.concurrent.ScheduledThreadPoolExecutor$DelayedWorkQueue.take(ScheduledThreadPoolExecutor.java:809)
        at java.util.concurrent.ThreadPoolExecutor.getTask(ThreadPoolExecutor.java:1074)
        at java.util.concurrent.ThreadPoolExecutor.runWorker(ThreadPoolExecutor.java:1134)
        at java.util.concurrent.ThreadPoolExecutor$Worker.run(ThreadPoolExecutor.java:624)
        at java.lang.Thread.run(Thread.java:750)
"StaleRecoveringContainerScrubbingService#7" daemon prio=5 tid=1086 in Object.wait()
java.lang.Thread.State: WAITING (on object monitor)
        at sun.misc.Unsafe.park(Native Method)
        at java.util.concurrent.locks.LockSupport.park(LockSupport.java:175)
        at java.util.concurrent.locks.AbstractQueuedSynchronizer$ConditionObject.await(AbstractQueuedSynchronizer.java:2039)
        at java.util.concurrent.ScheduledThreadPoolExecutor$DelayedWorkQueue.take(ScheduledThreadPoolExecutor.java:1088)
        at java.util.concurrent.ScheduledThreadPoolExecutor$DelayedWorkQueue.take(ScheduledThreadPoolExecutor.java:809)
        at java.util.concurrent.ThreadPoolExecutor.getTask(ThreadPoolExecutor.java:1074)
        at java.util.concurrent.ThreadPoolExecutor.runWorker(ThreadPoolExecutor.java:1134)
        at java.util.concurrent.ThreadPoolExecutor$Worker.run(ThreadPoolExecutor.java:624)
        at java.lang.Thread.run(Thread.java:750)
"ExpiredContainerReplicaOpScrubberThread" daemon prio=5 tid=17 timed_waiting
java.lang.Thread.State: TIMED_WAITING
        at java.lang.Object.wait(Native Method)
        at org.apache.hadoop.hdds.scm.ha.BackgroundSCMService.run(BackgroundSCMService.java:110)
        at org.apache.hadoop.hdds.scm.ha.BackgroundSCMService$$Lambda$375/1055317122.run(Unknown Source)
        at java.lang.Thread.run(Thread.java:750)
"EventQueue-CommandQueueReportForCommandQueueReportHandler" daemon prio=5 tid=554 in Object.wait()
java.lang.Thread.State: WAITING (on object monitor)
        at sun.misc.Unsafe.park(Native Method)
        at java.util.concurrent.locks.LockSupport.park(LockSupport.java:175)
        at java.util.concurrent.locks.AbstractQueuedSynchronizer$ConditionObject.await(AbstractQueuedSynchronizer.java:2039)
        at java.util.concurrent.LinkedBlockingQueue.take(LinkedBlockingQueue.java:442)
        at java.util.concurrent.ThreadPoolExecutor.getTask(ThreadPoolExecutor.java:1074)
        at java.util.concurrent.ThreadPoolExecutor.runWorker(ThreadPoolExecutor.java:1134)
        at java.util.concurrent.ThreadPoolExecutor$Worker.run(ThreadPoolExecutor.java:624)
        at java.lang.Thread.run(Thread.java:750)
"StaleRecoveringContainerScrubbingService#2" daemon prio=5 tid=721 timed_waiting
java.lang.Thread.State: TIMED_WAITING
        at sun.misc.Unsafe.park(Native Method)
        at java.util.concurrent.locks.LockSupport.parkNanos(LockSupport.java:215)
        at java.util.concurrent.locks.AbstractQueuedSynchronizer$ConditionObject.awaitNanos(AbstractQueuedSynchronizer.java:2078)
        at java.util.concurrent.ScheduledThreadPoolExecutor$DelayedWorkQueue.take(ScheduledThreadPoolExecutor.java:1093)
        at java.util.concurrent.ScheduledThreadPoolExecutor$DelayedWorkQueue.take(ScheduledThreadPoolExecutor.java:809)
        at java.util.concurrent.ThreadPoolExecutor.getTask(ThreadPoolExecutor.java:1074)
        at java.util.concurrent.ThreadPoolExecutor.runWorker(ThreadPoolExecutor.java:1134)
        at java.util.concurrent.ThreadPoolExecutor$Worker.run(ThreadPoolExecutor.java:624)
        at java.lang.Thread.run(Thread.java:750)
"ChunkReader-0" daemon prio=5 tid=755 in Object.wait()
java.lang.Thread.State: WAITING (on object monitor)
        at sun.misc.Unsafe.park(Native Method)
        at java.util.concurrent.locks.LockSupport.park(LockSupport.java:175)
        at java.util.concurrent.locks.AbstractQueuedSynchronizer$ConditionObject.await(AbstractQueuedSynchronizer.java:2039)
        at java.util.concurrent.LinkedBlockingQueue.take(LinkedBlockingQueue.java:442)
        at java.util.concurrent.ThreadPoolExecutor.getTask(ThreadPoolExecutor.java:1074)
        at java.util.concurrent.ThreadPoolExecutor.runWorker(ThreadPoolExecutor.java:1134)
        at java.util.concurrent.ThreadPoolExecutor$Worker.run(ThreadPoolExecutor.java:624)
        at java.lang.Thread.run(Thread.java:750)
"BlockDeletingService#0" daemon prio=5 tid=343 timed_waiting
java.lang.Thread.State: TIMED_WAITING
        at sun.misc.Unsafe.park(Native Method)
        at java.util.concurrent.locks.LockSupport.parkNanos(LockSupport.java:215)
        at java.util.concurrent.locks.AbstractQueuedSynchronizer$ConditionObject.awaitNanos(AbstractQueuedSynchronizer.java:2078)
        at java.util.concurrent.ScheduledThreadPoolExecutor$DelayedWorkQueue.take(ScheduledThreadPoolExecutor.java:1093)
        at java.util.concurrent.ScheduledThreadPoolExecutor$DelayedWorkQueue.take(ScheduledThreadPoolExecutor.java:809)
        at java.util.concurrent.ThreadPoolExecutor.getTask(ThreadPoolExecutor.java:1074)
        at java.util.concurrent.ThreadPoolExecutor.runWorker(ThreadPoolExecutor.java:1134)
        at java.util.concurrent.ThreadPoolExecutor$Worker.run(ThreadPoolExecutor.java:624)
        at java.lang.Thread.run(Thread.java:750)
"qtp575983040-270" daemon prio=5 tid=270 timed_waiting
java.lang.Thread.State: TIMED_WAITING
        at sun.misc.Unsafe.park(Native Method)
        at java.util.concurrent.locks.LockSupport.parkNanos(LockSupport.java:215)
        at java.util.concurrent.locks.AbstractQueuedSynchronizer$ConditionObject.awaitNanos(AbstractQueuedSynchronizer.java:2078)
        at org.eclipse.jetty.util.BlockingArrayQueue.poll(BlockingArrayQueue.java:382)
        at org.eclipse.jetty.util.thread.QueuedThreadPool$Runner.idleJobPoll(QueuedThreadPool.java:974)
        at org.eclipse.jetty.util.thread.QueuedThreadPool$Runner.run(QueuedThreadPool.java:1018)
        at java.lang.Thread.run(Thread.java:750)
"Command processor thread" daemon prio=5 tid=305 timed_waiting
java.lang.Thread.State: TIMED_WAITING
        at java.lang.Thread.sleep(Native Method)
        at org.apache.hadoop.ozone.container.common.statemachine.DatanodeStateMachine.lambda$initCommandHandlerThread$3(DatanodeStateMachine.java:641)
        at org.apache.hadoop.ozone.container.common.statemachine.DatanodeStateMachine$$Lambda$753/128958122.run(Unknown Source)
        at java.lang.Thread.run(Thread.java:750)
"IPC Server handler 1 on default port 43781" daemon prio=5 tid=155 timed_waiting
java.lang.Thread.State: TIMED_WAITING
        at sun.misc.Unsafe.park(Native Method)
        at java.util.concurrent.locks.LockSupport.parkNanos(LockSupport.java:215)
        at java.util.concurrent.locks.AbstractQueuedSynchronizer$ConditionObject.awaitNanos(AbstractQueuedSynchronizer.java:2078)
        at java.util.concurrent.LinkedBlockingQueue.poll(LinkedBlockingQueue.java:467)
        at org.apache.hadoop.ipc.CallQueueManager.take(CallQueueManager.java:317)
        at org.apache.hadoop.ipc.Server$Handler.run(Server.java:2942)
"qtp2032401286-394-acceptor-0@658b61c6-ServerConnector@2e310896{HTTP/1.1, (http/1.1)}{0.0.0.0:40093}" daemon prio=3 tid=394 runnable
java.lang.Thread.State: RUNNABLE
        at sun.nio.ch.ServerSocketChannelImpl.accept0(Native Method)
        at sun.nio.ch.ServerSocketChannelImpl.accept(ServerSocketChannelImpl.java:421)
        at sun.nio.ch.ServerSocketChannelImpl.accept(ServerSocketChannelImpl.java:249)
        at org.eclipse.jetty.server.ServerConnector.accept(ServerConnector.java:388)
        at org.eclipse.jetty.server.AbstractConnector$Acceptor.run(AbstractConnector.java:704)
        at org.eclipse.jetty.util.thread.QueuedThreadPool.runJob(QueuedThreadPool.java:883)
        at org.eclipse.jetty.util.thread.QueuedThreadPool$Runner.run(QueuedThreadPool.java:1034)
        at java.lang.Thread.run(Thread.java:750)
"ChunkWriter-1-0" daemon prio=5 tid=329 in Object.wait()
java.lang.Thread.State: WAITING (on object monitor)
        at sun.misc.Unsafe.park(Native Method)
        at java.util.concurrent.locks.LockSupport.park(LockSupport.java:175)
        at java.util.concurrent.locks.AbstractQueuedSynchronizer$ConditionObject.await(AbstractQueuedSynchronizer.java:2039)
        at java.util.concurrent.LinkedBlockingDeque.takeFirst(LinkedBlockingDeque.java:492)
        at java.util.concurrent.LinkedBlockingDeque.take(LinkedBlockingDeque.java:680)
        at java.util.concurrent.ThreadPoolExecutor.getTask(ThreadPoolExecutor.java:1074)
        at java.util.concurrent.ThreadPoolExecutor.runWorker(ThreadPoolExecutor.java:1134)
        at java.util.concurrent.ThreadPoolExecutor$Worker.run(ThreadPoolExecutor.java:624)
        at java.lang.Thread.run(Thread.java:750)
"Datanode ReportManager Thread - 2" daemon prio=5 tid=455 timed_waiting
java.lang.Thread.State: TIMED_WAITING
        at sun.misc.Unsafe.park(Native Method)
        at java.util.concurrent.locks.LockSupport.parkNanos(LockSupport.java:215)
        at java.util.concurrent.locks.AbstractQueuedSynchronizer$ConditionObject.awaitNanos(AbstractQueuedSynchronizer.java:2078)
        at java.util.concurrent.ScheduledThreadPoolExecutor$DelayedWorkQueue.take(ScheduledThreadPoolExecutor.java:1093)
        at java.util.concurrent.ScheduledThreadPoolExecutor$DelayedWorkQueue.take(ScheduledThreadPoolExecutor.java:809)
        at java.util.concurrent.ThreadPoolExecutor.getTask(ThreadPoolExecutor.java:1074)
        at java.util.concurrent.ThreadPoolExecutor.runWorker(ThreadPoolExecutor.java:1134)
        at java.util.concurrent.ThreadPoolExecutor$Worker.run(ThreadPoolExecutor.java:624)
        at java.lang.Thread.run(Thread.java:750)
"Datanode ReportManager Thread - 4" daemon prio=5 tid=339 timed_waiting
java.lang.Thread.State: TIMED_WAITING
        at sun.misc.Unsafe.park(Native Method)
        at java.util.concurrent.locks.LockSupport.parkNanos(LockSupport.java:215)
        at java.util.concurrent.locks.AbstractQueuedSynchronizer$ConditionObject.awaitNanos(AbstractQueuedSynchronizer.java:2078)
        at java.util.concurrent.ScheduledThreadPoolExecutor$DelayedWorkQueue.take(ScheduledThreadPoolExecutor.java:1093)
        at java.util.concurrent.ScheduledThreadPoolExecutor$DelayedWorkQueue.take(ScheduledThreadPoolExecutor.java:809)
        at java.util.concurrent.ThreadPoolExecutor.getTask(ThreadPoolExecutor.java:1074)
        at java.util.concurrent.ThreadPoolExecutor.runWorker(ThreadPoolExecutor.java:1134)
        at java.util.concurrent.ThreadPoolExecutor$Worker.run(ThreadPoolExecutor.java:624)
        at java.lang.Thread.run(Thread.java:750)
"IPC Server Responder" daemon prio=5 tid=34 runnable
java.lang.Thread.State: RUNNABLE
        at sun.nio.ch.EPollArrayWrapper.epollWait(Native Method)
        at sun.nio.ch.EPollArrayWrapper.poll(EPollArrayWrapper.java:269)
        at sun.nio.ch.EPollSelectorImpl.doSelect(EPollSelectorImpl.java:93)
        at sun.nio.ch.SelectorImpl.lockAndDoSelect(SelectorImpl.java:86)
        at sun.nio.ch.SelectorImpl.select(SelectorImpl.java:97)
        at org.apache.hadoop.ipc.Server$Responder.doRunLoop(Server.java:1532)
        at org.apache.hadoop.ipc.Server$Responder.run(Server.java:1515)
"db462c09-4a41-41c4-b065-df9d46fc3c08@group-845F74418684-SegmentedRaftLogWorker"  prio=5 tid=630 timed_waiting
java.lang.Thread.State: TIMED_WAITING
        at sun.misc.Unsafe.park(Native Method)
        at java.util.concurrent.locks.LockSupport.parkNanos(LockSupport.java:215)
        at java.util.concurrent.locks.AbstractQueuedSynchronizer$ConditionObject.awaitNanos(AbstractQueuedSynchronizer.java:2078)
        at org.apache.ratis.util.DataBlockingQueue.poll(DataBlockingQueue.java:148)
        at org.apache.ratis.server.raftlog.segmented.SegmentedRaftLogWorker.run(SegmentedRaftLogWorker.java:310)
        at org.apache.ratis.server.raftlog.segmented.SegmentedRaftLogWorker$$Lambda$665/1566430543.run(Unknown Source)
        at java.lang.Thread.run(Thread.java:750)
"StaleRecoveringContainerScrubbingService#6" daemon prio=5 tid=1065 in Object.wait()
java.lang.Thread.State: WAITING (on object monitor)
        at sun.misc.Unsafe.park(Native Method)
        at java.util.concurrent.locks.LockSupport.park(LockSupport.java:175)
        at java.util.concurrent.locks.AbstractQueuedSynchronizer$ConditionObject.await(AbstractQueuedSynchronizer.java:2039)
        at java.util.concurrent.ScheduledThreadPoolExecutor$DelayedWorkQueue.take(ScheduledThreadPoolExecutor.java:1088)
        at java.util.concurrent.ScheduledThreadPoolExecutor$DelayedWorkQueue.take(ScheduledThreadPoolExecutor.java:809)
        at java.util.concurrent.ThreadPoolExecutor.getTask(ThreadPoolExecutor.java:1074)
        at java.util.concurrent.ThreadPoolExecutor.runWorker(ThreadPoolExecutor.java:1134)
        at java.util.concurrent.ThreadPoolExecutor$Worker.run(ThreadPoolExecutor.java:624)
        at java.lang.Thread.run(Thread.java:750)
"BlockDeletingService#1" daemon prio=5 tid=566 in Object.wait()
java.lang.Thread.State: WAITING (on object monitor)
        at sun.misc.Unsafe.park(Native Method)
        at java.util.concurrent.locks.LockSupport.park(LockSupport.java:175)
        at java.util.concurrent.locks.AbstractQueuedSynchronizer$ConditionObject.await(AbstractQueuedSynchronizer.java:2039)
        at java.util.concurrent.ScheduledThreadPoolExecutor$DelayedWorkQueue.take(ScheduledThreadPoolExecutor.java:1088)
        at java.util.concurrent.ScheduledThreadPoolExecutor$DelayedWorkQueue.take(ScheduledThreadPoolExecutor.java:809)
        at java.util.concurrent.ThreadPoolExecutor.getTask(ThreadPoolExecutor.java:1074)
        at java.util.concurrent.ThreadPoolExecutor.runWorker(ThreadPoolExecutor.java:1134)
        at java.util.concurrent.ThreadPoolExecutor$Worker.run(ThreadPoolExecutor.java:624)
        at java.lang.Thread.run(Thread.java:750)
"ChunkReader-4" daemon prio=5 tid=910 in Object.wait()
java.lang.Thread.State: WAITING (on object monitor)
        at sun.misc.Unsafe.park(Native Method)
        at java.util.concurrent.locks.LockSupport.park(LockSupport.java:175)
        at java.util.concurrent.locks.AbstractQueuedSynchronizer$ConditionObject.await(AbstractQueuedSynchronizer.java:2039)
        at java.util.concurrent.LinkedBlockingQueue.take(LinkedBlockingQueue.java:442)
        at java.util.concurrent.ThreadPoolExecutor.getTask(ThreadPoolExecutor.java:1074)
        at java.util.concurrent.ThreadPoolExecutor.runWorker(ThreadPoolExecutor.java:1134)
        at java.util.concurrent.ThreadPoolExecutor$Worker.run(ThreadPoolExecutor.java:624)
        at java.lang.Thread.run(Thread.java:750)
"ChunkWriter-3-0" daemon prio=5 tid=510 in Object.wait()
java.lang.Thread.State: WAITING (on object monitor)
        at sun.misc.Unsafe.park(Native Method)
        at java.util.concurrent.locks.LockSupport.park(LockSupport.java:175)
        at java.util.concurrent.locks.AbstractQueuedSynchronizer$ConditionObject.await(AbstractQueuedSynchronizer.java:2039)
        at java.util.concurrent.LinkedBlockingDeque.takeFirst(LinkedBlockingDeque.java:492)
        at java.util.concurrent.LinkedBlockingDeque.take(LinkedBlockingDeque.java:680)
        at java.util.concurrent.ThreadPoolExecutor.getTask(ThreadPoolExecutor.java:1074)
        at java.util.concurrent.ThreadPoolExecutor.runWorker(ThreadPoolExecutor.java:1134)
        at java.util.concurrent.ThreadPoolExecutor$Worker.run(ThreadPoolExecutor.java:624)
        at java.lang.Thread.run(Thread.java:750)
"FixedThreadPoolWithAffinityExecutor-2-0" daemon prio=5 tid=37 timed_waiting
java.lang.Thread.State: TIMED_WAITING
        at sun.misc.Unsafe.park(Native Method)
        at java.util.concurrent.locks.LockSupport.parkNanos(LockSupport.java:215)
        at java.util.concurrent.locks.AbstractQueuedSynchronizer$ConditionObject.awaitNanos(AbstractQueuedSynchronizer.java:2078)
        at java.util.concurrent.LinkedBlockingQueue.poll(LinkedBlockingQueue.java:467)
        at org.apache.hadoop.hdds.scm.server.ContainerReportQueue.poll(ContainerReportQueue.java:266)
        at org.apache.hadoop.hdds.scm.server.ContainerReportQueue.poll(ContainerReportQueue.java:42)
        at org.apache.hadoop.hdds.server.events.FixedThreadPoolWithAffinityExecutor$ContainerReportProcessTask.run(FixedThreadPoolWithAffinityExecutor.java:248)
        at java.util.concurrent.Executors$RunnableAdapter.call(Executors.java:511)
        at java.util.concurrent.FutureTask.run(FutureTask.java:266)
        at java.util.concurrent.ThreadPoolExecutor.runWorker(ThreadPoolExecutor.java:1149)
        at java.util.concurrent.ThreadPoolExecutor$Worker.run(ThreadPoolExecutor.java:624)
        at java.lang.Thread.run(Thread.java:750)
"JvmPauseMonitor6" daemon prio=5 tid=511 timed_waiting
java.lang.Thread.State: TIMED_WAITING
        at java.lang.Thread.sleep(Native Method)
        at java.lang.Thread.sleep(Thread.java:342)
        at java.util.concurrent.TimeUnit.sleep(TimeUnit.java:386)
        at org.apache.ratis.util.TimeDuration.sleep(TimeDuration.java:325)
        at org.apache.ratis.util.TimeDuration.sleep(TimeDuration.java:310)
        at org.apache.ratis.util.JvmPauseMonitor.detectPause(JvmPauseMonitor.java:119)
        at org.apache.ratis.util.JvmPauseMonitor.run(JvmPauseMonitor.java:108)
        at org.apache.ratis.util.JvmPauseMonitor$$Lambda$706/2022973332.run(Unknown Source)
        at java.lang.Thread.run(Thread.java:750)
"qtp380675952-240" daemon prio=5 tid=240 timed_waiting
java.lang.Thread.State: TIMED_WAITING
        at sun.misc.Unsafe.park(Native Method)
        at java.util.concurrent.locks.LockSupport.parkNanos(LockSupport.java:215)
        at java.util.concurrent.locks.AbstractQueuedSynchronizer$ConditionObject.awaitNanos(AbstractQueuedSynchronizer.java:2078)
        at org.eclipse.jetty.util.BlockingArrayQueue.poll(BlockingArrayQueue.java:382)
        at org.eclipse.jetty.util.thread.QueuedThreadPool$Runner.idleJobPoll(QueuedThreadPool.java:974)
        at org.eclipse.jetty.util.thread.QueuedThreadPool$Runner.run(QueuedThreadPool.java:1018)
        at java.lang.Thread.run(Thread.java:750)
"pool-88-thread-1" daemon prio=5 tid=207 timed_waiting
java.lang.Thread.State: TIMED_WAITING
        at sun.misc.Unsafe.park(Native Method)
        at java.util.concurrent.locks.LockSupport.parkNanos(LockSupport.java:215)
        at java.util.concurrent.locks.AbstractQueuedSynchronizer$ConditionObject.awaitNanos(AbstractQueuedSynchronizer.java:2078)
        at java.util.concurrent.ScheduledThreadPoolExecutor$DelayedWorkQueue.take(ScheduledThreadPoolExecutor.java:1093)
        at java.util.concurrent.ScheduledThreadPoolExecutor$DelayedWorkQueue.take(ScheduledThreadPoolExecutor.java:809)
        at java.util.concurrent.ThreadPoolExecutor.getTask(ThreadPoolExecutor.java:1074)
        at java.util.concurrent.ThreadPoolExecutor.runWorker(ThreadPoolExecutor.java:1134)
        at java.util.concurrent.ThreadPoolExecutor$Worker.run(ThreadPoolExecutor.java:624)
        at java.lang.Thread.run(Thread.java:750)
"cb9a1e57-5a73-4518-a050-b0d695628b3e@group-7B32BE84CB0B-LeaderStateImpl" daemon prio=5 tid=710 timed_waiting
java.lang.Thread.State: TIMED_WAITING
        at sun.misc.Unsafe.park(Native Method)
        at java.util.concurrent.locks.LockSupport.parkNanos(LockSupport.java:215)
        at java.util.concurrent.locks.AbstractQueuedSynchronizer$ConditionObject.awaitNanos(AbstractQueuedSynchronizer.java:2078)
        at java.util.concurrent.ArrayBlockingQueue.poll(ArrayBlockingQueue.java:418)
        at org.apache.ratis.server.impl.LeaderStateImpl$EventQueue.poll(LeaderStateImpl.java:159)
        at org.apache.ratis.server.impl.LeaderStateImpl$EventProcessor.run(LeaderStateImpl.java:630)
"BlockDeletingService#3" daemon prio=5 tid=1121 in Object.wait()
java.lang.Thread.State: WAITING (on object monitor)
        at sun.misc.Unsafe.park(Native Method)
        at java.util.concurrent.locks.LockSupport.park(LockSupport.java:175)
        at java.util.concurrent.locks.AbstractQueuedSynchronizer$ConditionObject.await(AbstractQueuedSynchronizer.java:2039)
        at java.util.concurrent.ScheduledThreadPoolExecutor$DelayedWorkQueue.take(ScheduledThreadPoolExecutor.java:1088)
        at java.util.concurrent.ScheduledThreadPoolExecutor$DelayedWorkQueue.take(ScheduledThreadPoolExecutor.java:809)
        at java.util.concurrent.ThreadPoolExecutor.getTask(ThreadPoolExecutor.java:1074)
        at java.util.concurrent.ThreadPoolExecutor.runWorker(ThreadPoolExecutor.java:1134)
        at java.util.concurrent.ThreadPoolExecutor$Worker.run(ThreadPoolExecutor.java:624)
        at java.lang.Thread.run(Thread.java:750)
"IPC Server listener on 0" daemon prio=5 tid=27 runnable
java.lang.Thread.State: RUNNABLE
        at sun.nio.ch.EPollArrayWrapper.epollWait(Native Method)
        at sun.nio.ch.EPollArrayWrapper.poll(EPollArrayWrapper.java:269)
        at sun.nio.ch.EPollSelectorImpl.doSelect(EPollSelectorImpl.java:93)
        at sun.nio.ch.SelectorImpl.lockAndDoSelect(SelectorImpl.java:86)
        at sun.nio.ch.SelectorImpl.select(SelectorImpl.java:97)
        at sun.nio.ch.SelectorImpl.select(SelectorImpl.java:101)
        at org.apache.hadoop.ipc.Server$Listener.run(Server.java:1358)
"IPC Server handler 17 on default port 43781" daemon prio=5 tid=171 timed_waiting
java.lang.Thread.State: TIMED_WAITING
        at sun.misc.Unsafe.park(Native Method)
        at java.util.concurrent.locks.LockSupport.parkNanos(LockSupport.java:215)
        at java.util.concurrent.locks.AbstractQueuedSynchronizer$ConditionObject.awaitNanos(AbstractQueuedSynchronizer.java:2078)
        at java.util.concurrent.LinkedBlockingQueue.poll(LinkedBlockingQueue.java:467)
        at org.apache.hadoop.ipc.CallQueueManager.take(CallQueueManager.java:317)
        at org.apache.hadoop.ipc.Server$Handler.run(Server.java:2942)
"BlockDeletingService#2" daemon prio=5 tid=1080 in Object.wait()
java.lang.Thread.State: WAITING (on object monitor)
        at sun.misc.Unsafe.park(Native Method)
        at java.util.concurrent.locks.LockSupport.park(LockSupport.java:175)
        at java.util.concurrent.locks.AbstractQueuedSynchronizer$ConditionObject.await(AbstractQueuedSynchronizer.java:2039)
        at java.util.concurrent.ScheduledThreadPoolExecutor$DelayedWorkQueue.take(ScheduledThreadPoolExecutor.java:1088)
        at java.util.concurrent.ScheduledThreadPoolExecutor$DelayedWorkQueue.take(ScheduledThreadPoolExecutor.java:809)
        at java.util.concurrent.ThreadPoolExecutor.getTask(ThreadPoolExecutor.java:1074)
        at java.util.concurrent.ThreadPoolExecutor.runWorker(ThreadPoolExecutor.java:1134)
        at java.util.concurrent.ThreadPoolExecutor$Worker.run(ThreadPoolExecutor.java:624)
        at java.lang.Thread.run(Thread.java:750)
"EventQueue-NewNodeForNewNodeHandler" daemon prio=5 tid=490 in Object.wait()
java.lang.Thread.State: WAITING (on object monitor)
        at sun.misc.Unsafe.park(Native Method)
        at java.util.concurrent.locks.LockSupport.park(LockSupport.java:175)
        at java.util.concurrent.locks.AbstractQueuedSynchronizer$ConditionObject.await(AbstractQueuedSynchronizer.java:2039)
        at java.util.concurrent.LinkedBlockingQueue.take(LinkedBlockingQueue.java:442)
        at java.util.concurrent.ThreadPoolExecutor.getTask(ThreadPoolExecutor.java:1074)
        at java.util.concurrent.ThreadPoolExecutor.runWorker(ThreadPoolExecutor.java:1134)
        at java.util.concurrent.ThreadPoolExecutor$Worker.run(ThreadPoolExecutor.java:624)
        at java.lang.Thread.run(Thread.java:750)
"db462c09-4a41-41c4-b065-df9d46fc3c08@group-F0F0B9D819AD-SegmentedRaftLogWorker"  prio=5 tid=614 timed_waiting
java.lang.Thread.State: TIMED_WAITING
        at sun.misc.Unsafe.park(Native Method)
        at java.util.concurrent.locks.LockSupport.parkNanos(LockSupport.java:215)
        at java.util.concurrent.locks.AbstractQueuedSynchronizer$ConditionObject.awaitNanos(AbstractQueuedSynchronizer.java:2078)
        at org.apache.ratis.util.DataBlockingQueue.poll(DataBlockingQueue.java:148)
        at org.apache.ratis.server.raftlog.segmented.SegmentedRaftLogWorker.run(SegmentedRaftLogWorker.java:310)
        at org.apache.ratis.server.raftlog.segmented.SegmentedRaftLogWorker$$Lambda$665/1566430543.run(Unknown Source)
        at java.lang.Thread.run(Thread.java:750)
"Datanode ReportManager Thread - 4" daemon prio=5 tid=198 in Object.wait()
java.lang.Thread.State: WAITING (on object monitor)
        at sun.misc.Unsafe.park(Native Method)
        at java.util.concurrent.locks.LockSupport.park(LockSupport.java:175)
        at java.util.concurrent.locks.AbstractQueuedSynchronizer$ConditionObject.await(AbstractQueuedSynchronizer.java:2039)
        at java.util.concurrent.ScheduledThreadPoolExecutor$DelayedWorkQueue.take(ScheduledThreadPoolExecutor.java:1088)
        at java.util.concurrent.ScheduledThreadPoolExecutor$DelayedWorkQueue.take(ScheduledThreadPoolExecutor.java:809)
        at java.util.concurrent.ThreadPoolExecutor.getTask(ThreadPoolExecutor.java:1074)
        at java.util.concurrent.ThreadPoolExecutor.runWorker(ThreadPoolExecutor.java:1134)
        at java.util.concurrent.ThreadPoolExecutor$Worker.run(ThreadPoolExecutor.java:624)
        at java.lang.Thread.run(Thread.java:750)
"StaleRecoveringContainerScrubbingService#4" daemon prio=5 tid=979 in Object.wait()
java.lang.Thread.State: WAITING (on object monitor)
        at sun.misc.Unsafe.park(Native Method)
        at java.util.concurrent.locks.LockSupport.park(LockSupport.java:175)
        at java.util.concurrent.locks.AbstractQueuedSynchronizer$ConditionObject.await(AbstractQueuedSynchronizer.java:2039)
        at java.util.concurrent.ScheduledThreadPoolExecutor$DelayedWorkQueue.take(ScheduledThreadPoolExecutor.java:1088)
        at java.util.concurrent.ScheduledThreadPoolExecutor$DelayedWorkQueue.take(ScheduledThreadPoolExecutor.java:809)
        at java.util.concurrent.ThreadPoolExecutor.getTask(ThreadPoolExecutor.java:1074)
        at java.util.concurrent.ThreadPoolExecutor.runWorker(ThreadPoolExecutor.java:1134)
        at java.util.concurrent.ThreadPoolExecutor$Worker.run(ThreadPoolExecutor.java:624)
        at java.lang.Thread.run(Thread.java:750)
"ChunkWriter-1-0" daemon prio=5 tid=545 in Object.wait()
java.lang.Thread.State: WAITING (on object monitor)
        at sun.misc.Unsafe.park(Native Method)
        at java.util.concurrent.locks.LockSupport.park(LockSupport.java:175)
        at java.util.concurrent.locks.AbstractQueuedSynchronizer$ConditionObject.await(AbstractQueuedSynchronizer.java:2039)
        at java.util.concurrent.LinkedBlockingDeque.takeFirst(LinkedBlockingDeque.java:492)
        at java.util.concurrent.LinkedBlockingDeque.take(LinkedBlockingDeque.java:680)
        at java.util.concurrent.ThreadPoolExecutor.getTask(ThreadPoolExecutor.java:1074)
        at java.util.concurrent.ThreadPoolExecutor.runWorker(ThreadPoolExecutor.java:1134)
        at java.util.concurrent.ThreadPoolExecutor$Worker.run(ThreadPoolExecutor.java:624)
        at java.lang.Thread.run(Thread.java:750)
"qtp483653299-432-acceptor-0@484cb85-ServerConnector@2cca83a4{HTTP/1.1, (http/1.1)}{0.0.0.0:38493}" daemon prio=3 tid=432 runnable
java.lang.Thread.State: RUNNABLE
        at sun.nio.ch.ServerSocketChannelImpl.accept0(Native Method)
        at sun.nio.ch.ServerSocketChannelImpl.accept(ServerSocketChannelImpl.java:421)
        at sun.nio.ch.ServerSocketChannelImpl.accept(ServerSocketChannelImpl.java:249)
        at org.eclipse.jetty.server.ServerConnector.accept(ServerConnector.java:388)
        at org.eclipse.jetty.server.AbstractConnector$Acceptor.run(AbstractConnector.java:704)
        at org.eclipse.jetty.util.thread.QueuedThreadPool.runJob(QueuedThreadPool.java:883)
        at org.eclipse.jetty.util.thread.QueuedThreadPool$Runner.run(QueuedThreadPool.java:1034)
        at java.lang.Thread.run(Thread.java:750)
"StaleRecoveringContainerScrubbingService#6" daemon prio=5 tid=1068 in Object.wait()
java.lang.Thread.State: WAITING (on object monitor)
        at sun.misc.Unsafe.park(Native Method)
        at java.util.concurrent.locks.LockSupport.park(LockSupport.java:175)
        at java.util.concurrent.locks.AbstractQueuedSynchronizer$ConditionObject.await(AbstractQueuedSynchronizer.java:2039)
        at java.util.concurrent.ScheduledThreadPoolExecutor$DelayedWorkQueue.take(ScheduledThreadPoolExecutor.java:1088)
        at java.util.concurrent.ScheduledThreadPoolExecutor$DelayedWorkQueue.take(ScheduledThreadPoolExecutor.java:809)
        at java.util.concurrent.ThreadPoolExecutor.getTask(ThreadPoolExecutor.java:1074)
        at java.util.concurrent.ThreadPoolExecutor.runWorker(ThreadPoolExecutor.java:1134)
        at java.util.concurrent.ThreadPoolExecutor$Worker.run(ThreadPoolExecutor.java:624)
        at java.lang.Thread.run(Thread.java:750)
"PartialTableCache Cleanup Thread - 0" daemon prio=5 tid=1075 in Object.wait()
java.lang.Thread.State: WAITING (on object monitor)
        at sun.misc.Unsafe.park(Native Method)
        at java.util.concurrent.locks.LockSupport.park(LockSupport.java:175)
        at java.util.concurrent.locks.AbstractQueuedSynchronizer$ConditionObject.await(AbstractQueuedSynchronizer.java:2039)
        at java.util.concurrent.LinkedBlockingQueue.take(LinkedBlockingQueue.java:442)
        at java.util.concurrent.ThreadPoolExecutor.getTask(ThreadPoolExecutor.java:1074)
        at java.util.concurrent.ThreadPoolExecutor.runWorker(ThreadPoolExecutor.java:1134)
        at java.util.concurrent.ThreadPoolExecutor$Worker.run(ThreadPoolExecutor.java:624)
        at java.lang.Thread.run(Thread.java:750)
"IPC Server handler 18 on default port 42997" daemon prio=5 tid=105 timed_waiting
java.lang.Thread.State: TIMED_WAITING
        at sun.misc.Unsafe.park(Native Method)
        at java.util.concurrent.locks.LockSupport.parkNanos(LockSupport.java:215)
        at java.util.concurrent.locks.AbstractQueuedSynchronizer$ConditionObject.awaitNanos(AbstractQueuedSynchronizer.java:2078)
        at java.util.concurrent.LinkedBlockingQueue.poll(LinkedBlockingQueue.java:467)
        at org.apache.hadoop.ipc.CallQueueManager.take(CallQueueManager.java:317)
        at org.apache.hadoop.ipc.Server$Handler.run(Server.java:2942)
"JvmPauseMonitor5" daemon prio=5 tid=484 timed_waiting
java.lang.Thread.State: TIMED_WAITING
        at java.lang.Thread.sleep(Native Method)
        at java.lang.Thread.sleep(Thread.java:342)
        at java.util.concurrent.TimeUnit.sleep(TimeUnit.java:386)
        at org.apache.ratis.util.TimeDuration.sleep(TimeDuration.java:325)
        at org.apache.ratis.util.TimeDuration.sleep(TimeDuration.java:310)
        at org.apache.ratis.util.JvmPauseMonitor.detectPause(JvmPauseMonitor.java:119)
        at org.apache.ratis.util.JvmPauseMonitor.run(JvmPauseMonitor.java:108)
        at org.apache.ratis.util.JvmPauseMonitor$$Lambda$706/2022973332.run(Unknown Source)
        at java.lang.Thread.run(Thread.java:750)
"StaleRecoveringContainerScrubbingService#0" daemon prio=5 tid=411 in Object.wait()
java.lang.Thread.State: WAITING (on object monitor)
        at sun.misc.Unsafe.park(Native Method)
        at java.util.concurrent.locks.LockSupport.park(LockSupport.java:175)
        at java.util.concurrent.locks.AbstractQueuedSynchronizer$ConditionObject.await(AbstractQueuedSynchronizer.java:2039)
        at java.util.concurrent.ScheduledThreadPoolExecutor$DelayedWorkQueue.take(ScheduledThreadPoolExecutor.java:1088)
        at java.util.concurrent.ScheduledThreadPoolExecutor$DelayedWorkQueue.take(ScheduledThreadPoolExecutor.java:809)
        at java.util.concurrent.ThreadPoolExecutor.getTask(ThreadPoolExecutor.java:1074)
        at java.util.concurrent.ThreadPoolExecutor.runWorker(ThreadPoolExecutor.java:1134)
        at java.util.concurrent.ThreadPoolExecutor$Worker.run(ThreadPoolExecutor.java:624)
        at java.lang.Thread.run(Thread.java:750)
"StaleRecoveringContainerScrubbingService#2" daemon prio=5 tid=690 timed_waiting
java.lang.Thread.State: TIMED_WAITING
        at sun.misc.Unsafe.park(Native Method)
        at java.util.concurrent.locks.LockSupport.parkNanos(LockSupport.java:215)
        at java.util.concurrent.locks.AbstractQueuedSynchronizer$ConditionObject.awaitNanos(AbstractQueuedSynchronizer.java:2078)
        at java.util.concurrent.ScheduledThreadPoolExecutor$DelayedWorkQueue.take(ScheduledThreadPoolExecutor.java:1093)
        at java.util.concurrent.ScheduledThreadPoolExecutor$DelayedWorkQueue.take(ScheduledThreadPoolExecutor.java:809)
        at java.util.concurrent.ThreadPoolExecutor.getTask(ThreadPoolExecutor.java:1074)
        at java.util.concurrent.ThreadPoolExecutor.runWorker(ThreadPoolExecutor.java:1134)
        at java.util.concurrent.ThreadPoolExecutor$Worker.run(ThreadPoolExecutor.java:624)
        at java.lang.Thread.run(Thread.java:750)
"4949dc81-86be-4926-96a6-534c5c5588ca@group-9E9806E9FECC-StateMachineUpdater" daemon prio=5 tid=684 timed_waiting
java.lang.Thread.State: TIMED_WAITING
        at sun.misc.Unsafe.park(Native Method)
        at java.util.concurrent.locks.LockSupport.parkNanos(LockSupport.java:215)
        at java.util.concurrent.CompletableFuture$Signaller.block(CompletableFuture.java:1709)
        at java.util.concurrent.ForkJoinPool.managedBlock(ForkJoinPool.java:3323)
        at java.util.concurrent.CompletableFuture.timedGet(CompletableFuture.java:1788)
        at java.util.concurrent.CompletableFuture.get(CompletableFuture.java:1928)
        at org.apache.ratis.util.AwaitForSignal.await(AwaitForSignal.java:56)
        at org.apache.ratis.server.impl.StateMachineUpdater.waitForCommit(StateMachineUpdater.java:207)
        at org.apache.ratis.server.impl.StateMachineUpdater.run(StateMachineUpdater.java:176)
        at java.lang.Thread.run(Thread.java:750)
"ec-reconstruct-reader-TID-2"  prio=5 tid=907 in Object.wait()
java.lang.Thread.State: WAITING (on object monitor)
        at sun.misc.Unsafe.park(Native Method)
        at java.util.concurrent.locks.LockSupport.park(LockSupport.java:175)
        at java.util.concurrent.SynchronousQueue$TransferStack.awaitFulfill(SynchronousQueue.java:458)
        at java.util.concurrent.SynchronousQueue$TransferStack.transfer(SynchronousQueue.java:362)
        at java.util.concurrent.SynchronousQueue.take(SynchronousQueue.java:924)
        at java.util.concurrent.ThreadPoolExecutor.getTask(ThreadPoolExecutor.java:1074)
        at java.util.concurrent.ThreadPoolExecutor.runWorker(ThreadPoolExecutor.java:1134)
        at java.util.concurrent.ThreadPoolExecutor$Worker.run(ThreadPoolExecutor.java:624)
        at java.lang.Thread.run(Thread.java:750)
"BlockDeletingService#0" daemon prio=5 tid=550 timed_waiting
java.lang.Thread.State: TIMED_WAITING
        at sun.misc.Unsafe.park(Native Method)
        at java.util.concurrent.locks.LockSupport.parkNanos(LockSupport.java:215)
        at java.util.concurrent.locks.AbstractQueuedSynchronizer$ConditionObject.awaitNanos(AbstractQueuedSynchronizer.java:2078)
        at java.util.concurrent.ScheduledThreadPoolExecutor$DelayedWorkQueue.take(ScheduledThreadPoolExecutor.java:1093)
        at java.util.concurrent.ScheduledThreadPoolExecutor$DelayedWorkQueue.take(ScheduledThreadPoolExecutor.java:809)
        at java.util.concurrent.ThreadPoolExecutor.getTask(ThreadPoolExecutor.java:1074)
        at java.util.concurrent.ThreadPoolExecutor.runWorker(ThreadPoolExecutor.java:1134)
        at java.util.concurrent.ThreadPoolExecutor$Worker.run(ThreadPoolExecutor.java:624)
        at java.lang.Thread.run(Thread.java:750)
"IPC Server handler 8 on default port 40677" daemon prio=5 tid=75 timed_waiting
java.lang.Thread.State: TIMED_WAITING
        at sun.misc.Unsafe.park(Native Method)
        at java.util.concurrent.locks.LockSupport.parkNanos(LockSupport.java:215)
        at java.util.concurrent.locks.AbstractQueuedSynchronizer$ConditionObject.awaitNanos(AbstractQueuedSynchronizer.java:2078)
        at java.util.concurrent.LinkedBlockingQueue.poll(LinkedBlockingQueue.java:467)
        at org.apache.hadoop.ipc.CallQueueManager.take(CallQueueManager.java:317)
        at org.apache.hadoop.ipc.Server$Handler.run(Server.java:2942)
"fb3b41a4-a9f1-45d3-bf74-4074fcf3e767-server-thread2" daemon prio=5 tid=826 timed_waiting
java.lang.Thread.State: TIMED_WAITING
        at sun.misc.Unsafe.park(Native Method)
        at java.util.concurrent.locks.LockSupport.parkNanos(LockSupport.java:215)
        at java.util.concurrent.SynchronousQueue$TransferStack.awaitFulfill(SynchronousQueue.java:460)
        at java.util.concurrent.SynchronousQueue$TransferStack.transfer(SynchronousQueue.java:362)
        at java.util.concurrent.SynchronousQueue.poll(SynchronousQueue.java:941)
        at java.util.concurrent.ThreadPoolExecutor.getTask(ThreadPoolExecutor.java:1073)
        at java.util.concurrent.ThreadPoolExecutor.runWorker(ThreadPoolExecutor.java:1134)
        at java.util.concurrent.ThreadPoolExecutor$Worker.run(ThreadPoolExecutor.java:624)
        at java.lang.Thread.run(Thread.java:750)
"IPC Server Responder" daemon prio=5 tid=133 runnable
java.lang.Thread.State: RUNNABLE
        at sun.nio.ch.EPollArrayWrapper.epollWait(Native Method)
        at sun.nio.ch.EPollArrayWrapper.poll(EPollArrayWrapper.java:269)
        at sun.nio.ch.EPollSelectorImpl.doSelect(EPollSelectorImpl.java:93)
        at sun.nio.ch.SelectorImpl.lockAndDoSelect(SelectorImpl.java:86)
        at sun.nio.ch.SelectorImpl.select(SelectorImpl.java:97)
        at org.apache.hadoop.ipc.Server$Responder.doRunLoop(Server.java:1532)
        at org.apache.hadoop.ipc.Server$Responder.run(Server.java:1515)
"IPC Server handler 17 on default port 40677" daemon prio=5 tid=84 timed_waiting
java.lang.Thread.State: TIMED_WAITING
        at sun.misc.Unsafe.park(Native Method)
        at java.util.concurrent.locks.LockSupport.parkNanos(LockSupport.java:215)
        at java.util.concurrent.locks.AbstractQueuedSynchronizer$ConditionObject.awaitNanos(AbstractQueuedSynchronizer.java:2078)
        at java.util.concurrent.LinkedBlockingQueue.poll(LinkedBlockingQueue.java:467)
        at org.apache.hadoop.ipc.CallQueueManager.take(CallQueueManager.java:317)
        at org.apache.hadoop.ipc.Server$Handler.run(Server.java:2942)
"qtp70104063-113" daemon prio=5 tid=113 timed_waiting
java.lang.Thread.State: TIMED_WAITING
        at sun.misc.Unsafe.park(Native Method)
        at java.util.concurrent.locks.LockSupport.parkNanos(LockSupport.java:215)
        at java.util.concurrent.locks.AbstractQueuedSynchronizer$ConditionObject.awaitNanos(AbstractQueuedSynchronizer.java:2078)
        at org.eclipse.jetty.util.BlockingArrayQueue.poll(BlockingArrayQueue.java:382)
        at org.eclipse.jetty.util.thread.QueuedThreadPool$Runner.idleJobPoll(QueuedThreadPool.java:974)
        at org.eclipse.jetty.util.thread.QueuedThreadPool$Runner.run(QueuedThreadPool.java:1018)
        at java.lang.Thread.run(Thread.java:750)
"EndpointStateMachine task thread for /0.0.0.0:42997 - 0 "  prio=5 tid=403 in Object.wait()
java.lang.Thread.State: WAITING (on object monitor)
        at sun.misc.Unsafe.park(Native Method)
        at java.util.concurrent.locks.LockSupport.park(LockSupport.java:175)
        at java.util.concurrent.locks.AbstractQueuedSynchronizer$ConditionObject.await(AbstractQueuedSynchronizer.java:2039)
        at java.util.concurrent.LinkedBlockingQueue.take(LinkedBlockingQueue.java:442)
        at java.util.concurrent.ThreadPoolExecutor.getTask(ThreadPoolExecutor.java:1074)
        at java.util.concurrent.ThreadPoolExecutor.runWorker(ThreadPoolExecutor.java:1134)
        at java.util.concurrent.ThreadPoolExecutor$Worker.run(ThreadPoolExecutor.java:624)
        at java.lang.Thread.run(Thread.java:750)
"qtp70104063-116" daemon prio=5 tid=116 timed_waiting
java.lang.Thread.State: TIMED_WAITING
        at sun.misc.Unsafe.park(Native Method)
        at java.util.concurrent.locks.LockSupport.parkNanos(LockSupport.java:215)
        at java.util.concurrent.locks.AbstractQueuedSynchronizer$ConditionObject.awaitNanos(AbstractQueuedSynchronizer.java:2078)
        at org.eclipse.jetty.util.BlockingArrayQueue.poll(BlockingArrayQueue.java:382)
        at org.eclipse.jetty.util.thread.QueuedThreadPool$Runner.idleJobPoll(QueuedThreadPool.java:974)
        at org.eclipse.jetty.util.thread.QueuedThreadPool$Runner.run(QueuedThreadPool.java:1018)
        at java.lang.Thread.run(Thread.java:750)
"ChunkReader-ELG-0" daemon prio=5 tid=409 runnable
java.lang.Thread.State: RUNNABLE
        at org.apache.ratis.thirdparty.io.netty.channel.epoll.Native.epollWait0(Native Method)
        at org.apache.ratis.thirdparty.io.netty.channel.epoll.Native.epollWait(Native.java:182)
        at org.apache.ratis.thirdparty.io.netty.channel.epoll.EpollEventLoop.epollWait(EpollEventLoop.java:290)
        at org.apache.ratis.thirdparty.io.netty.channel.epoll.EpollEventLoop.run(EpollEventLoop.java:354)
        at org.apache.ratis.thirdparty.io.netty.util.concurrent.SingleThreadEventExecutor$4.run(SingleThreadEventExecutor.java:995)
        at org.apache.ratis.thirdparty.io.netty.util.internal.ThreadExecutorMap$2.run(ThreadExecutorMap.java:74)
        at java.lang.Thread.run(Thread.java:750)
"cb9a1e57-5a73-4518-a050-b0d695628b3e@group-7B32BE84CB0B-StateMachineUpdater" daemon prio=5 tid=582 timed_waiting
java.lang.Thread.State: TIMED_WAITING
        at sun.misc.Unsafe.park(Native Method)
        at java.util.concurrent.locks.LockSupport.parkNanos(LockSupport.java:215)
        at java.util.concurrent.CompletableFuture$Signaller.block(CompletableFuture.java:1709)
        at java.util.concurrent.ForkJoinPool.managedBlock(ForkJoinPool.java:3323)
        at java.util.concurrent.CompletableFuture.timedGet(CompletableFuture.java:1788)
        at java.util.concurrent.CompletableFuture.get(CompletableFuture.java:1928)
        at org.apache.ratis.util.AwaitForSignal.await(AwaitForSignal.java:56)
        at org.apache.ratis.server.impl.StateMachineUpdater.waitForCommit(StateMachineUpdater.java:207)
        at org.apache.ratis.server.impl.StateMachineUpdater.run(StateMachineUpdater.java:176)
        at java.lang.Thread.run(Thread.java:750)
"Datanode ReportManager Thread - 0" daemon prio=5 tid=453 timed_waiting
java.lang.Thread.State: TIMED_WAITING
        at sun.misc.Unsafe.park(Native Method)
        at java.util.concurrent.locks.LockSupport.parkNanos(LockSupport.java:215)
        at java.util.concurrent.locks.AbstractQueuedSynchronizer$ConditionObject.awaitNanos(AbstractQueuedSynchronizer.java:2078)
        at java.util.concurrent.ScheduledThreadPoolExecutor$DelayedWorkQueue.take(ScheduledThreadPoolExecutor.java:1093)
        at java.util.concurrent.ScheduledThreadPoolExecutor$DelayedWorkQueue.take(ScheduledThreadPoolExecutor.java:809)
        at java.util.concurrent.ThreadPoolExecutor.getTask(ThreadPoolExecutor.java:1074)
        at java.util.concurrent.ThreadPoolExecutor.runWorker(ThreadPoolExecutor.java:1134)
        at java.util.concurrent.ThreadPoolExecutor$Worker.run(ThreadPoolExecutor.java:624)
        at java.lang.Thread.run(Thread.java:750)
"Command processor thread" daemon prio=5 tid=199 timed_waiting
java.lang.Thread.State: TIMED_WAITING
        at java.lang.Thread.sleep(Native Method)
        at org.apache.hadoop.ozone.container.common.statemachine.DatanodeStateMachine.lambda$initCommandHandlerThread$3(DatanodeStateMachine.java:641)
        at org.apache.hadoop.ozone.container.common.statemachine.DatanodeStateMachine$$Lambda$753/128958122.run(Unknown Source)
        at java.lang.Thread.run(Thread.java:750)
"ChunkWriter-3-0" daemon prio=5 tid=561 in Object.wait()
java.lang.Thread.State: WAITING (on object monitor)
        at sun.misc.Unsafe.park(Native Method)
        at java.util.concurrent.locks.LockSupport.park(LockSupport.java:175)
        at java.util.concurrent.locks.AbstractQueuedSynchronizer$ConditionObject.await(AbstractQueuedSynchronizer.java:2039)
        at java.util.concurrent.LinkedBlockingDeque.takeFirst(LinkedBlockingDeque.java:492)
        at java.util.concurrent.LinkedBlockingDeque.take(LinkedBlockingDeque.java:680)
        at java.util.concurrent.ThreadPoolExecutor.getTask(ThreadPoolExecutor.java:1074)
        at java.util.concurrent.ThreadPoolExecutor.runWorker(ThreadPoolExecutor.java:1134)
        at java.util.concurrent.ThreadPoolExecutor$Worker.run(ThreadPoolExecutor.java:624)
        at java.lang.Thread.run(Thread.java:750)
"qtp541432460-472" daemon prio=5 tid=472 timed_waiting
java.lang.Thread.State: TIMED_WAITING
        at sun.misc.Unsafe.park(Native Method)
        at java.util.concurrent.locks.LockSupport.parkNanos(LockSupport.java:215)
        at java.util.concurrent.locks.AbstractQueuedSynchronizer$ConditionObject.awaitNanos(AbstractQueuedSynchronizer.java:2078)
        at org.eclipse.jetty.util.BlockingArrayQueue.poll(BlockingArrayQueue.java:382)
        at org.eclipse.jetty.util.thread.QueuedThreadPool$Runner.idleJobPoll(QueuedThreadPool.java:974)
        at org.eclipse.jetty.util.thread.QueuedThreadPool$Runner.run(QueuedThreadPool.java:1018)
        at java.lang.Thread.run(Thread.java:750)
"IPC Server handler 15 on default port 43781" daemon prio=5 tid=169 timed_waiting
java.lang.Thread.State: TIMED_WAITING
        at sun.misc.Unsafe.park(Native Method)
        at java.util.concurrent.locks.LockSupport.parkNanos(LockSupport.java:215)
        at java.util.concurrent.locks.AbstractQueuedSynchronizer$ConditionObject.awaitNanos(AbstractQueuedSynchronizer.java:2078)
        at java.util.concurrent.LinkedBlockingQueue.poll(LinkedBlockingQueue.java:467)
        at org.apache.hadoop.ipc.CallQueueManager.take(CallQueueManager.java:317)
        at org.apache.hadoop.ipc.Server$Handler.run(Server.java:2942)
"StaleRecoveringContainerScrubbingService#7" daemon prio=5 tid=1081 in Object.wait()
java.lang.Thread.State: WAITING (on object monitor)
        at sun.misc.Unsafe.park(Native Method)
        at java.util.concurrent.locks.LockSupport.park(LockSupport.java:175)
        at java.util.concurrent.locks.AbstractQueuedSynchronizer$ConditionObject.await(AbstractQueuedSynchronizer.java:2039)
        at java.util.concurrent.ScheduledThreadPoolExecutor$DelayedWorkQueue.take(ScheduledThreadPoolExecutor.java:1088)
        at java.util.concurrent.ScheduledThreadPoolExecutor$DelayedWorkQueue.take(ScheduledThreadPoolExecutor.java:809)
        at java.util.concurrent.ThreadPoolExecutor.getTask(ThreadPoolExecutor.java:1074)
        at java.util.concurrent.ThreadPoolExecutor.runWorker(ThreadPoolExecutor.java:1134)
        at java.util.concurrent.ThreadPoolExecutor$Worker.run(ThreadPoolExecutor.java:624)
        at java.lang.Thread.run(Thread.java:750)
"StaleRecoveringContainerScrubbingService#2" daemon prio=5 tid=752 timed_waiting
java.lang.Thread.State: TIMED_WAITING
        at sun.misc.Unsafe.park(Native Method)
        at java.util.concurrent.locks.LockSupport.parkNanos(LockSupport.java:215)
        at java.util.concurrent.locks.AbstractQueuedSynchronizer$ConditionObject.awaitNanos(AbstractQueuedSynchronizer.java:2078)
        at java.util.concurrent.ScheduledThreadPoolExecutor$DelayedWorkQueue.take(ScheduledThreadPoolExecutor.java:1093)
        at java.util.concurrent.ScheduledThreadPoolExecutor$DelayedWorkQueue.take(ScheduledThreadPoolExecutor.java:809)
        at java.util.concurrent.ThreadPoolExecutor.getTask(ThreadPoolExecutor.java:1074)
        at java.util.concurrent.ThreadPoolExecutor.runWorker(ThreadPoolExecutor.java:1134)
        at java.util.concurrent.ThreadPoolExecutor$Worker.run(ThreadPoolExecutor.java:624)
        at java.lang.Thread.run(Thread.java:750)
"StaleRecoveringContainerScrubbingService#8" daemon prio=5 tid=1101 in Object.wait()
java.lang.Thread.State: WAITING (on object monitor)
        at sun.misc.Unsafe.park(Native Method)
        at java.util.concurrent.locks.LockSupport.park(LockSupport.java:175)
        at java.util.concurrent.locks.AbstractQueuedSynchronizer$ConditionObject.await(AbstractQueuedSynchronizer.java:2039)
        at java.util.concurrent.ScheduledThreadPoolExecutor$DelayedWorkQueue.take(ScheduledThreadPoolExecutor.java:1088)
        at java.util.concurrent.ScheduledThreadPoolExecutor$DelayedWorkQueue.take(ScheduledThreadPoolExecutor.java:809)
        at java.util.concurrent.ThreadPoolExecutor.getTask(ThreadPoolExecutor.java:1074)
        at java.util.concurrent.ThreadPoolExecutor.runWorker(ThreadPoolExecutor.java:1134)
        at java.util.concurrent.ThreadPoolExecutor$Worker.run(ThreadPoolExecutor.java:624)
        at java.lang.Thread.run(Thread.java:750)
"org.apache.hadoop.util.JvmPauseMonitor$Monitor@1d4298b9" daemon prio=5 tid=306 timed_waiting
java.lang.Thread.State: TIMED_WAITING
        at java.lang.Thread.sleep(Native Method)
        at org.apache.hadoop.util.JvmPauseMonitor$Monitor.run(JvmPauseMonitor.java:192)
        at java.lang.Thread.run(Thread.java:750)
"StaleRecoveringContainerScrubbingService#4" daemon prio=5 tid=955 in Object.wait()
java.lang.Thread.State: WAITING (on object monitor)
        at sun.misc.Unsafe.park(Native Method)
        at java.util.concurrent.locks.LockSupport.park(LockSupport.java:175)
        at java.util.concurrent.locks.AbstractQueuedSynchronizer$ConditionObject.await(AbstractQueuedSynchronizer.java:2039)
        at java.util.concurrent.ScheduledThreadPoolExecutor$DelayedWorkQueue.take(ScheduledThreadPoolExecutor.java:1088)
        at java.util.concurrent.ScheduledThreadPoolExecutor$DelayedWorkQueue.take(ScheduledThreadPoolExecutor.java:809)
        at java.util.concurrent.ThreadPoolExecutor.getTask(ThreadPoolExecutor.java:1074)
        at java.util.concurrent.ThreadPoolExecutor.runWorker(ThreadPoolExecutor.java:1134)
        at java.util.concurrent.ThreadPoolExecutor$Worker.run(ThreadPoolExecutor.java:624)
        at java.lang.Thread.run(Thread.java:750)
"StaleRecoveringContainerScrubbingService#3" daemon prio=5 tid=880 in Object.wait()
java.lang.Thread.State: WAITING (on object monitor)
        at sun.misc.Unsafe.park(Native Method)
        at java.util.concurrent.locks.LockSupport.park(LockSupport.java:175)
        at java.util.concurrent.locks.AbstractQueuedSynchronizer$ConditionObject.await(AbstractQueuedSynchronizer.java:2039)
        at java.util.concurrent.ScheduledThreadPoolExecutor$DelayedWorkQueue.take(ScheduledThreadPoolExecutor.java:1088)
        at java.util.concurrent.ScheduledThreadPoolExecutor$DelayedWorkQueue.take(ScheduledThreadPoolExecutor.java:809)
        at java.util.concurrent.ThreadPoolExecutor.getTask(ThreadPoolExecutor.java:1074)
        at java.util.concurrent.ThreadPoolExecutor.runWorker(ThreadPoolExecutor.java:1134)
        at java.util.concurrent.ThreadPoolExecutor$Worker.run(ThreadPoolExecutor.java:624)
        at java.lang.Thread.run(Thread.java:750)
"Datanode ReportManager Thread - 0" daemon prio=5 tid=248 timed_waiting
java.lang.Thread.State: TIMED_WAITING
        at sun.misc.Unsafe.park(Native Method)
        at java.util.concurrent.locks.LockSupport.parkNanos(LockSupport.java:215)
        at java.util.concurrent.locks.AbstractQueuedSynchronizer$ConditionObject.awaitNanos(AbstractQueuedSynchronizer.java:2078)
        at java.util.concurrent.ScheduledThreadPoolExecutor$DelayedWorkQueue.take(ScheduledThreadPoolExecutor.java:1093)
        at java.util.concurrent.ScheduledThreadPoolExecutor$DelayedWorkQueue.take(ScheduledThreadPoolExecutor.java:809)
        at java.util.concurrent.ThreadPoolExecutor.getTask(ThreadPoolExecutor.java:1074)
        at java.util.concurrent.ThreadPoolExecutor.runWorker(ThreadPoolExecutor.java:1134)
        at java.util.concurrent.ThreadPoolExecutor$Worker.run(ThreadPoolExecutor.java:624)
        at java.lang.Thread.run(Thread.java:750)
"qtp963101981-186" daemon prio=5 tid=186 timed_waiting
java.lang.Thread.State: TIMED_WAITING
        at sun.misc.Unsafe.park(Native Method)
        at java.util.concurrent.locks.LockSupport.parkNanos(LockSupport.java:215)
        at java.util.concurrent.locks.AbstractQueuedSynchronizer$ConditionObject.awaitNanos(AbstractQueuedSynchronizer.java:2078)
        at org.eclipse.jetty.util.BlockingArrayQueue.poll(BlockingArrayQueue.java:382)
        at org.eclipse.jetty.util.thread.QueuedThreadPool$Runner.idleJobPoll(QueuedThreadPool.java:974)
        at org.eclipse.jetty.util.thread.QueuedThreadPool$Runner.run(QueuedThreadPool.java:1018)
        at java.lang.Thread.run(Thread.java:750)
"IPC Server handler 2 on default port 43781" daemon prio=5 tid=156 timed_waiting
java.lang.Thread.State: TIMED_WAITING
        at sun.misc.Unsafe.park(Native Method)
        at java.util.concurrent.locks.LockSupport.parkNanos(LockSupport.java:215)
        at java.util.concurrent.locks.AbstractQueuedSynchronizer$ConditionObject.awaitNanos(AbstractQueuedSynchronizer.java:2078)
        at java.util.concurrent.LinkedBlockingQueue.poll(LinkedBlockingQueue.java:467)
        at org.apache.hadoop.ipc.CallQueueManager.take(CallQueueManager.java:317)
        at org.apache.hadoop.ipc.Server$Handler.run(Server.java:2942)
"org.apache.hadoop.ozone.container.common.statemachine.commandhandler.DeleteBlocksCommandHandler$DeleteCmdWorker@31cc4e3b" daemon prio=5 tid=210 timed_waiting
java.lang.Thread.State: TIMED_WAITING
        at java.lang.Thread.sleep(Native Method)
        at org.apache.hadoop.ozone.container.common.statemachine.commandhandler.DeleteBlocksCommandHandler$DeleteCmdWorker.run(DeleteBlocksCommandHandler.java:184)
        at java.lang.Thread.run(Thread.java:750)
"ChunkWriter-1-0" daemon prio=5 tid=533 in Object.wait()
java.lang.Thread.State: WAITING (on object monitor)
        at sun.misc.Unsafe.park(Native Method)
        at java.util.concurrent.locks.LockSupport.park(LockSupport.java:175)
        at java.util.concurrent.locks.AbstractQueuedSynchronizer$ConditionObject.await(AbstractQueuedSynchronizer.java:2039)
        at java.util.concurrent.LinkedBlockingDeque.takeFirst(LinkedBlockingDeque.java:492)
        at java.util.concurrent.LinkedBlockingDeque.take(LinkedBlockingDeque.java:680)
        at java.util.concurrent.ThreadPoolExecutor.getTask(ThreadPoolExecutor.java:1074)
        at java.util.concurrent.ThreadPoolExecutor.runWorker(ThreadPoolExecutor.java:1134)
        at java.util.concurrent.ThreadPoolExecutor$Worker.run(ThreadPoolExecutor.java:624)
        at java.lang.Thread.run(Thread.java:750)
"fb3b41a4-a9f1-45d3-bf74-4074fcf3e767@group-510A37B8E04C-SegmentedRaftLogWorker"  prio=5 tid=573 timed_waiting
java.lang.Thread.State: TIMED_WAITING
        at sun.misc.Unsafe.park(Native Method)
        at java.util.concurrent.locks.LockSupport.parkNanos(LockSupport.java:215)
        at java.util.concurrent.locks.AbstractQueuedSynchronizer$ConditionObject.awaitNanos(AbstractQueuedSynchronizer.java:2078)
        at org.apache.ratis.util.DataBlockingQueue.poll(DataBlockingQueue.java:148)
        at org.apache.ratis.server.raftlog.segmented.SegmentedRaftLogWorker.run(SegmentedRaftLogWorker.java:310)
        at org.apache.ratis.server.raftlog.segmented.SegmentedRaftLogWorker$$Lambda$665/1566430543.run(Unknown Source)
        at java.lang.Thread.run(Thread.java:750)
"BlockDeletingService#1" daemon prio=5 tid=515 in Object.wait()
java.lang.Thread.State: WAITING (on object monitor)
        at sun.misc.Unsafe.park(Native Method)
        at java.util.concurrent.locks.LockSupport.park(LockSupport.java:175)
        at java.util.concurrent.locks.AbstractQueuedSynchronizer$ConditionObject.await(AbstractQueuedSynchronizer.java:2039)
        at java.util.concurrent.ScheduledThreadPoolExecutor$DelayedWorkQueue.take(ScheduledThreadPoolExecutor.java:1088)
        at java.util.concurrent.ScheduledThreadPoolExecutor$DelayedWorkQueue.take(ScheduledThreadPoolExecutor.java:809)
        at java.util.concurrent.ThreadPoolExecutor.getTask(ThreadPoolExecutor.java:1074)
        at java.util.concurrent.ThreadPoolExecutor.runWorker(ThreadPoolExecutor.java:1134)
        at java.util.concurrent.ThreadPoolExecutor$Worker.run(ThreadPoolExecutor.java:624)
        at java.lang.Thread.run(Thread.java:750)
"ChunkWriter-2-0" daemon prio=5 tid=368 in Object.wait()
java.lang.Thread.State: WAITING (on object monitor)
        at sun.misc.Unsafe.park(Native Method)
        at java.util.concurrent.locks.LockSupport.park(LockSupport.java:175)
        at java.util.concurrent.locks.AbstractQueuedSynchronizer$ConditionObject.await(AbstractQueuedSynchronizer.java:2039)
        at java.util.concurrent.LinkedBlockingDeque.takeFirst(LinkedBlockingDeque.java:492)
        at java.util.concurrent.LinkedBlockingDeque.take(LinkedBlockingDeque.java:680)
        at java.util.concurrent.ThreadPoolExecutor.getTask(ThreadPoolExecutor.java:1074)
        at java.util.concurrent.ThreadPoolExecutor.runWorker(ThreadPoolExecutor.java:1134)
        at java.util.concurrent.ThreadPoolExecutor$Worker.run(ThreadPoolExecutor.java:624)
        at java.lang.Thread.run(Thread.java:750)
"ChunkReader-ELG-0" daemon prio=5 tid=563 runnable
java.lang.Thread.State: RUNNABLE
        at org.apache.ratis.thirdparty.io.netty.channel.epoll.Native.epollWait0(Native Method)
        at org.apache.ratis.thirdparty.io.netty.channel.epoll.Native.epollWait(Native.java:182)
        at org.apache.ratis.thirdparty.io.netty.channel.epoll.EpollEventLoop.epollWait(EpollEventLoop.java:290)
        at org.apache.ratis.thirdparty.io.netty.channel.epoll.EpollEventLoop.run(EpollEventLoop.java:354)
        at org.apache.ratis.thirdparty.io.netty.util.concurrent.SingleThreadEventExecutor$4.run(SingleThreadEventExecutor.java:995)
        at org.apache.ratis.thirdparty.io.netty.util.internal.ThreadExecutorMap$2.run(ThreadExecutorMap.java:74)
        at java.lang.Thread.run(Thread.java:750)
"EventQueue-NodeRegistrationContainerReportForContainerSafeModeRule" daemon prio=5 tid=491 in Object.wait()
java.lang.Thread.State: WAITING (on object monitor)
        at sun.misc.Unsafe.park(Native Method)
        at java.util.concurrent.locks.LockSupport.park(LockSupport.java:175)
        at java.util.concurrent.locks.AbstractQueuedSynchronizer$ConditionObject.await(AbstractQueuedSynchronizer.java:2039)
        at java.util.concurrent.LinkedBlockingQueue.take(LinkedBlockingQueue.java:442)
        at java.util.concurrent.ThreadPoolExecutor.getTask(ThreadPoolExecutor.java:1074)
        at java.util.concurrent.ThreadPoolExecutor.runWorker(ThreadPoolExecutor.java:1134)
        at java.util.concurrent.ThreadPoolExecutor$Worker.run(ThreadPoolExecutor.java:624)
        at java.lang.Thread.run(Thread.java:750)
"StaleRecoveringContainerScrubbingService#9" daemon prio=5 tid=1106 in Object.wait()
java.lang.Thread.State: WAITING (on object monitor)
        at sun.misc.Unsafe.park(Native Method)
        at java.util.concurrent.locks.LockSupport.park(LockSupport.java:175)
        at java.util.concurrent.locks.AbstractQueuedSynchronizer$ConditionObject.await(AbstractQueuedSynchronizer.java:2039)
        at java.util.concurrent.ScheduledThreadPoolExecutor$DelayedWorkQueue.take(ScheduledThreadPoolExecutor.java:1088)
        at java.util.concurrent.ScheduledThreadPoolExecutor$DelayedWorkQueue.take(ScheduledThreadPoolExecutor.java:809)
        at java.util.concurrent.ThreadPoolExecutor.getTask(ThreadPoolExecutor.java:1074)
        at java.util.concurrent.ThreadPoolExecutor.runWorker(ThreadPoolExecutor.java:1134)
        at java.util.concurrent.ThreadPoolExecutor$Worker.run(ThreadPoolExecutor.java:624)
        at java.lang.Thread.run(Thread.java:750)
"BlockDeletingService#1" daemon prio=5 tid=552 in Object.wait()
java.lang.Thread.State: WAITING (on object monitor)
        at sun.misc.Unsafe.park(Native Method)
        at java.util.concurrent.locks.LockSupport.park(LockSupport.java:175)
        at java.util.concurrent.locks.AbstractQueuedSynchronizer$ConditionObject.await(AbstractQueuedSynchronizer.java:2039)
        at java.util.concurrent.ScheduledThreadPoolExecutor$DelayedWorkQueue.take(ScheduledThreadPoolExecutor.java:1088)
        at java.util.concurrent.ScheduledThreadPoolExecutor$DelayedWorkQueue.take(ScheduledThreadPoolExecutor.java:809)
        at java.util.concurrent.ThreadPoolExecutor.getTask(ThreadPoolExecutor.java:1074)
        at java.util.concurrent.ThreadPoolExecutor.runWorker(ThreadPoolExecutor.java:1134)
        at java.util.concurrent.ThreadPoolExecutor$Worker.run(ThreadPoolExecutor.java:624)
        at java.lang.Thread.run(Thread.java:750)
"StaleRecoveringContainerScrubbingService#1" daemon prio=5 tid=541 in Object.wait()
java.lang.Thread.State: WAITING (on object monitor)
        at sun.misc.Unsafe.park(Native Method)
        at java.util.concurrent.locks.LockSupport.park(LockSupport.java:175)
        at java.util.concurrent.locks.AbstractQueuedSynchronizer$ConditionObject.await(AbstractQueuedSynchronizer.java:2039)
        at java.util.concurrent.ScheduledThreadPoolExecutor$DelayedWorkQueue.take(ScheduledThreadPoolExecutor.java:1088)
        at java.util.concurrent.ScheduledThreadPoolExecutor$DelayedWorkQueue.take(ScheduledThreadPoolExecutor.java:809)
        at java.util.concurrent.ThreadPoolExecutor.getTask(ThreadPoolExecutor.java:1074)
        at java.util.concurrent.ThreadPoolExecutor.runWorker(ThreadPoolExecutor.java:1134)
        at java.util.concurrent.ThreadPoolExecutor$Worker.run(ThreadPoolExecutor.java:624)
        at java.lang.Thread.run(Thread.java:750)
"06429dc3-6184-4705-8d2a-a6f8dedf2170@group-763B35D9546F-StateMachineUpdater" daemon prio=5 tid=602 timed_waiting
java.lang.Thread.State: TIMED_WAITING
        at sun.misc.Unsafe.park(Native Method)
        at java.util.concurrent.locks.LockSupport.parkNanos(LockSupport.java:215)
        at java.util.concurrent.CompletableFuture$Signaller.block(CompletableFuture.java:1709)
        at java.util.concurrent.ForkJoinPool.managedBlock(ForkJoinPool.java:3323)
        at java.util.concurrent.CompletableFuture.timedGet(CompletableFuture.java:1788)
        at java.util.concurrent.CompletableFuture.get(CompletableFuture.java:1928)
        at org.apache.ratis.util.AwaitForSignal.await(AwaitForSignal.java:56)
        at org.apache.ratis.server.impl.StateMachineUpdater.waitForCommit(StateMachineUpdater.java:207)
        at org.apache.ratis.server.impl.StateMachineUpdater.run(StateMachineUpdater.java:176)
        at java.lang.Thread.run(Thread.java:750)
"ChunkWriter-0-0" daemon prio=5 tid=507 in Object.wait()
java.lang.Thread.State: WAITING (on object monitor)
        at sun.misc.Unsafe.park(Native Method)
        at java.util.concurrent.locks.LockSupport.park(LockSupport.java:175)
        at java.util.concurrent.locks.AbstractQueuedSynchronizer$ConditionObject.await(AbstractQueuedSynchronizer.java:2039)
        at java.util.concurrent.LinkedBlockingDeque.takeFirst(LinkedBlockingDeque.java:492)
        at java.util.concurrent.LinkedBlockingDeque.take(LinkedBlockingDeque.java:680)
        at java.util.concurrent.ThreadPoolExecutor.getTask(ThreadPoolExecutor.java:1074)
        at java.util.concurrent.ThreadPoolExecutor.runWorker(ThreadPoolExecutor.java:1134)
        at java.util.concurrent.ThreadPoolExecutor$Worker.run(ThreadPoolExecutor.java:624)
        at java.lang.Thread.run(Thread.java:750)
"ChunkReader-2" daemon prio=5 tid=900 in Object.wait()
java.lang.Thread.State: WAITING (on object monitor)
        at sun.misc.Unsafe.park(Native Method)
        at java.util.concurrent.locks.LockSupport.park(LockSupport.java:175)
        at java.util.concurrent.locks.AbstractQueuedSynchronizer$ConditionObject.await(AbstractQueuedSynchronizer.java:2039)
        at java.util.concurrent.LinkedBlockingQueue.take(LinkedBlockingQueue.java:442)
        at java.util.concurrent.ThreadPoolExecutor.getTask(ThreadPoolExecutor.java:1074)
        at java.util.concurrent.ThreadPoolExecutor.runWorker(ThreadPoolExecutor.java:1134)
        at java.util.concurrent.ThreadPoolExecutor$Worker.run(ThreadPoolExecutor.java:624)
        at java.lang.Thread.run(Thread.java:750)
"ChunkWriter-2-0" daemon prio=5 tid=406 in Object.wait()
java.lang.Thread.State: WAITING (on object monitor)
        at sun.misc.Unsafe.park(Native Method)
        at java.util.concurrent.locks.LockSupport.park(LockSupport.java:175)
        at java.util.concurrent.locks.AbstractQueuedSynchronizer$ConditionObject.await(AbstractQueuedSynchronizer.java:2039)
        at java.util.concurrent.LinkedBlockingDeque.takeFirst(LinkedBlockingDeque.java:492)
        at java.util.concurrent.LinkedBlockingDeque.take(LinkedBlockingDeque.java:680)
        at java.util.concurrent.ThreadPoolExecutor.getTask(ThreadPoolExecutor.java:1074)
        at java.util.concurrent.ThreadPoolExecutor.runWorker(ThreadPoolExecutor.java:1134)
        at java.util.concurrent.ThreadPoolExecutor$Worker.run(ThreadPoolExecutor.java:624)
        at java.lang.Thread.run(Thread.java:750)
"StaleRecoveringContainerScrubbingService#9" daemon prio=5 tid=1110 in Object.wait()
java.lang.Thread.State: WAITING (on object monitor)
        at sun.misc.Unsafe.park(Native Method)
        at java.util.concurrent.locks.LockSupport.park(LockSupport.java:175)
        at java.util.concurrent.locks.AbstractQueuedSynchronizer$ConditionObject.await(AbstractQueuedSynchronizer.java:2039)
        at java.util.concurrent.ScheduledThreadPoolExecutor$DelayedWorkQueue.take(ScheduledThreadPoolExecutor.java:1088)
        at java.util.concurrent.ScheduledThreadPoolExecutor$DelayedWorkQueue.take(ScheduledThreadPoolExecutor.java:809)
        at java.util.concurrent.ThreadPoolExecutor.getTask(ThreadPoolExecutor.java:1074)
        at java.util.concurrent.ThreadPoolExecutor.runWorker(ThreadPoolExecutor.java:1134)
        at java.util.concurrent.ThreadPoolExecutor$Worker.run(ThreadPoolExecutor.java:624)
        at java.lang.Thread.run(Thread.java:750)
"Periodic HDDS volume checker" daemon prio=5 tid=462 timed_waiting
java.lang.Thread.State: TIMED_WAITING
        at sun.misc.Unsafe.park(Native Method)
        at java.util.concurrent.locks.LockSupport.parkNanos(LockSupport.java:215)
        at java.util.concurrent.locks.AbstractQueuedSynchronizer$ConditionObject.awaitNanos(AbstractQueuedSynchronizer.java:2078)
        at java.util.concurrent.ScheduledThreadPoolExecutor$DelayedWorkQueue.take(ScheduledThreadPoolExecutor.java:1093)
        at java.util.concurrent.ScheduledThreadPoolExecutor$DelayedWorkQueue.take(ScheduledThreadPoolExecutor.java:809)
        at java.util.concurrent.ThreadPoolExecutor.getTask(ThreadPoolExecutor.java:1074)
        at java.util.concurrent.ThreadPoolExecutor.runWorker(ThreadPoolExecutor.java:1134)
        at java.util.concurrent.ThreadPoolExecutor$Worker.run(ThreadPoolExecutor.java:624)
        at java.lang.Thread.run(Thread.java:750)
"qtp1026182168-150" daemon prio=5 tid=150 timed_waiting
java.lang.Thread.State: TIMED_WAITING
        at sun.misc.Unsafe.park(Native Method)
        at java.util.concurrent.locks.LockSupport.parkNanos(LockSupport.java:215)
        at java.util.concurrent.locks.AbstractQueuedSynchronizer$ConditionObject.awaitNanos(AbstractQueuedSynchronizer.java:2078)
        at org.eclipse.jetty.util.BlockingArrayQueue.poll(BlockingArrayQueue.java:382)
        at org.eclipse.jetty.util.thread.QueuedThreadPool$Runner.idleJobPoll(QueuedThreadPool.java:974)
        at org.eclipse.jetty.util.thread.QueuedThreadPool$Runner.run(QueuedThreadPool.java:1018)
        at java.lang.Thread.run(Thread.java:750)
"Datanode ReportManager Thread - 1" daemon prio=5 tid=301 in Object.wait()
java.lang.Thread.State: WAITING (on object monitor)
        at sun.misc.Unsafe.park(Native Method)
        at java.util.concurrent.locks.LockSupport.park(LockSupport.java:175)
        at java.util.concurrent.locks.AbstractQueuedSynchronizer$ConditionObject.await(AbstractQueuedSynchronizer.java:2039)
        at java.util.concurrent.ScheduledThreadPoolExecutor$DelayedWorkQueue.take(ScheduledThreadPoolExecutor.java:1088)
        at java.util.concurrent.ScheduledThreadPoolExecutor$DelayedWorkQueue.take(ScheduledThreadPoolExecutor.java:809)
        at java.util.concurrent.ThreadPoolExecutor.getTask(ThreadPoolExecutor.java:1074)
        at java.util.concurrent.ThreadPoolExecutor.runWorker(ThreadPoolExecutor.java:1134)
        at java.util.concurrent.ThreadPoolExecutor$Worker.run(ThreadPoolExecutor.java:624)
        at java.lang.Thread.run(Thread.java:750)
"Periodic HDDS volume checker" daemon prio=5 tid=309 timed_waiting
java.lang.Thread.State: TIMED_WAITING
        at sun.misc.Unsafe.park(Native Method)
        at java.util.concurrent.locks.LockSupport.parkNanos(LockSupport.java:215)
        at java.util.concurrent.locks.AbstractQueuedSynchronizer$ConditionObject.awaitNanos(AbstractQueuedSynchronizer.java:2078)
        at java.util.concurrent.ScheduledThreadPoolExecutor$DelayedWorkQueue.take(ScheduledThreadPoolExecutor.java:1093)
        at java.util.concurrent.ScheduledThreadPoolExecutor$DelayedWorkQueue.take(ScheduledThreadPoolExecutor.java:809)
        at java.util.concurrent.ThreadPoolExecutor.getTask(ThreadPoolExecutor.java:1074)
        at java.util.concurrent.ThreadPoolExecutor.runWorker(ThreadPoolExecutor.java:1134)
        at java.util.concurrent.ThreadPoolExecutor$Worker.run(ThreadPoolExecutor.java:624)
        at java.lang.Thread.run(Thread.java:750)
"6fd96d8c-4ef2-4ba8-87f7-371671a16fe6@group-386A04BC3586-SegmentedRaftLogWorker"  prio=5 tid=621 timed_waiting
java.lang.Thread.State: TIMED_WAITING
        at sun.misc.Unsafe.park(Native Method)
        at java.util.concurrent.locks.LockSupport.parkNanos(LockSupport.java:215)
        at java.util.concurrent.locks.AbstractQueuedSynchronizer$ConditionObject.awaitNanos(AbstractQueuedSynchronizer.java:2078)
        at org.apache.ratis.util.DataBlockingQueue.poll(DataBlockingQueue.java:148)
        at org.apache.ratis.server.raftlog.segmented.SegmentedRaftLogWorker.run(SegmentedRaftLogWorker.java:310)
        at org.apache.ratis.server.raftlog.segmented.SegmentedRaftLogWorker$$Lambda$665/1566430543.run(Unknown Source)
        at java.lang.Thread.run(Thread.java:750)
"IPC Server handler 16 on default port 43781" daemon prio=5 tid=170 timed_waiting
java.lang.Thread.State: TIMED_WAITING
        at sun.misc.Unsafe.park(Native Method)
        at java.util.concurrent.locks.LockSupport.parkNanos(LockSupport.java:215)
        at java.util.concurrent.locks.AbstractQueuedSynchronizer$ConditionObject.awaitNanos(AbstractQueuedSynchronizer.java:2078)
        at java.util.concurrent.LinkedBlockingQueue.poll(LinkedBlockingQueue.java:467)
        at org.apache.hadoop.ipc.CallQueueManager.take(CallQueueManager.java:317)
        at org.apache.hadoop.ipc.Server$Handler.run(Server.java:2942)
"pool-173-thread-1"  prio=5 tid=289 timed_waiting
java.lang.Thread.State: TIMED_WAITING
        at sun.misc.Unsafe.park(Native Method)
        at java.util.concurrent.locks.LockSupport.parkNanos(LockSupport.java:215)
        at java.util.concurrent.locks.AbstractQueuedSynchronizer$ConditionObject.awaitNanos(AbstractQueuedSynchronizer.java:2078)
        at java.util.concurrent.ScheduledThreadPoolExecutor$DelayedWorkQueue.take(ScheduledThreadPoolExecutor.java:1093)
        at java.util.concurrent.ScheduledThreadPoolExecutor$DelayedWorkQueue.take(ScheduledThreadPoolExecutor.java:809)
        at java.util.concurrent.ThreadPoolExecutor.getTask(ThreadPoolExecutor.java:1074)
        at java.util.concurrent.ThreadPoolExecutor.runWorker(ThreadPoolExecutor.java:1134)
        at java.util.concurrent.ThreadPoolExecutor$Worker.run(ThreadPoolExecutor.java:624)
        at java.lang.Thread.run(Thread.java:750)
"StaleRecoveringContainerScrubbingService#7" daemon prio=5 tid=1091 in Object.wait()
java.lang.Thread.State: WAITING (on object monitor)
        at sun.misc.Unsafe.park(Native Method)
        at java.util.concurrent.locks.LockSupport.park(LockSupport.java:175)
        at java.util.concurrent.locks.AbstractQueuedSynchronizer$ConditionObject.await(AbstractQueuedSynchronizer.java:2039)
        at java.util.concurrent.ScheduledThreadPoolExecutor$DelayedWorkQueue.take(ScheduledThreadPoolExecutor.java:1088)
        at java.util.concurrent.ScheduledThreadPoolExecutor$DelayedWorkQueue.take(ScheduledThreadPoolExecutor.java:809)
        at java.util.concurrent.ThreadPoolExecutor.getTask(ThreadPoolExecutor.java:1074)
        at java.util.concurrent.ThreadPoolExecutor.runWorker(ThreadPoolExecutor.java:1134)
        at java.util.concurrent.ThreadPoolExecutor$Worker.run(ThreadPoolExecutor.java:624)
        at java.lang.Thread.run(Thread.java:750)
"qtp1996954635-290" daemon prio=5 tid=290 runnable
java.lang.Thread.State: RUNNABLE
        at sun.nio.ch.EPollArrayWrapper.epollWait(Native Method)
        at sun.nio.ch.EPollArrayWrapper.poll(EPollArrayWrapper.java:269)
        at sun.nio.ch.EPollSelectorImpl.doSelect(EPollSelectorImpl.java:93)
        at sun.nio.ch.SelectorImpl.lockAndDoSelect(SelectorImpl.java:86)
        at sun.nio.ch.SelectorImpl.select(SelectorImpl.java:97)
        at sun.nio.ch.SelectorImpl.select(SelectorImpl.java:101)
        at org.eclipse.jetty.io.ManagedSelector.nioSelect(ManagedSelector.java:183)
        at org.eclipse.jetty.io.ManagedSelector.select(ManagedSelector.java:190)
        at org.eclipse.jetty.io.ManagedSelector$SelectorProducer.select(ManagedSelector.java:606)
        at org.eclipse.jetty.io.ManagedSelector$SelectorProducer.produce(ManagedSelector.java:543)
        at org.eclipse.jetty.util.thread.strategy.EatWhatYouKill.produceTask(EatWhatYouKill.java:362)
        at org.eclipse.jetty.util.thread.strategy.EatWhatYouKill.doProduce(EatWhatYouKill.java:186)
        at org.eclipse.jetty.util.thread.strategy.EatWhatYouKill.tryProduce(EatWhatYouKill.java:173)
        at org.eclipse.jetty.util.thread.strategy.EatWhatYouKill.produce(EatWhatYouKill.java:137)
        at org.eclipse.jetty.io.ManagedSelector$$Lambda$446/1969754956.run(Unknown Source)
        at org.eclipse.jetty.util.thread.QueuedThreadPool.runJob(QueuedThreadPool.java:883)
        at org.eclipse.jetty.util.thread.QueuedThreadPool$Runner.run(QueuedThreadPool.java:1034)
        at java.lang.Thread.run(Thread.java:750)
"IPC Server handler 11 on default port 35707" daemon prio=5 tid=58 timed_waiting
java.lang.Thread.State: TIMED_WAITING
        at sun.misc.Unsafe.park(Native Method)
        at java.util.concurrent.locks.LockSupport.parkNanos(LockSupport.java:215)
        at java.util.concurrent.locks.AbstractQueuedSynchronizer$ConditionObject.awaitNanos(AbstractQueuedSynchronizer.java:2078)
        at java.util.concurrent.LinkedBlockingQueue.poll(LinkedBlockingQueue.java:467)
        at org.apache.hadoop.ipc.CallQueueManager.take(CallQueueManager.java:317)
        at org.apache.hadoop.ipc.Server$Handler.run(Server.java:2942)
"2412583d-f0ce-4b83-96a1-c4f14f6f25ae-server-thread2" daemon prio=5 tid=892 timed_waiting
java.lang.Thread.State: TIMED_WAITING
        at sun.misc.Unsafe.park(Native Method)
        at java.util.concurrent.locks.LockSupport.parkNanos(LockSupport.java:215)
        at java.util.concurrent.SynchronousQueue$TransferStack.awaitFulfill(SynchronousQueue.java:460)
        at java.util.concurrent.SynchronousQueue$TransferStack.transfer(SynchronousQueue.java:362)
        at java.util.concurrent.SynchronousQueue.poll(SynchronousQueue.java:941)
        at java.util.concurrent.ThreadPoolExecutor.getTask(ThreadPoolExecutor.java:1073)
        at java.util.concurrent.ThreadPoolExecutor.runWorker(ThreadPoolExecutor.java:1134)
        at java.util.concurrent.ThreadPoolExecutor$Worker.run(ThreadPoolExecutor.java:624)
        at java.lang.Thread.run(Thread.java:750)
"cb9a1e57-5a73-4518-a050-b0d695628b3e@group-763B35D9546F->fb3b41a4-a9f1-45d3-bf74-4074fcf3e767-GrpcLogAppender-LogAppenderDaemon" daemon prio=5 tid=822 timed_waiting
java.lang.Thread.State: TIMED_WAITING
        at sun.misc.Unsafe.park(Native Method)
        at java.util.concurrent.locks.LockSupport.parkNanos(LockSupport.java:215)
        at java.util.concurrent.CompletableFuture$Signaller.block(CompletableFuture.java:1709)
        at java.util.concurrent.ForkJoinPool.managedBlock(ForkJoinPool.java:3323)
        at java.util.concurrent.CompletableFuture.timedGet(CompletableFuture.java:1788)
        at java.util.concurrent.CompletableFuture.get(CompletableFuture.java:1928)
        at org.apache.ratis.util.AwaitForSignal.await(AwaitForSignal.java:56)
        at org.apache.ratis.grpc.server.GrpcLogAppender.mayWait(GrpcLogAppender.java:198)
        at org.apache.ratis.grpc.server.GrpcLogAppender.run(GrpcLogAppender.java:148)
        at org.apache.ratis.server.leader.LogAppenderDaemon.run(LogAppenderDaemon.java:78)
        at org.apache.ratis.server.leader.LogAppenderDaemon$$Lambda$1042/797680037.run(Unknown Source)
        at java.lang.Thread.run(Thread.java:750)
"pool-288-thread-1" daemon prio=5 tid=464 timed_waiting
java.lang.Thread.State: TIMED_WAITING
        at sun.misc.Unsafe.park(Native Method)
        at java.util.concurrent.locks.LockSupport.parkNanos(LockSupport.java:215)
        at java.util.concurrent.locks.AbstractQueuedSynchronizer$ConditionObject.awaitNanos(AbstractQueuedSynchronizer.java:2078)
        at java.util.concurrent.ScheduledThreadPoolExecutor$DelayedWorkQueue.take(ScheduledThreadPoolExecutor.java:1093)
        at java.util.concurrent.ScheduledThreadPoolExecutor$DelayedWorkQueue.take(ScheduledThreadPoolExecutor.java:809)
        at java.util.concurrent.ThreadPoolExecutor.getTask(ThreadPoolExecutor.java:1074)
        at java.util.concurrent.ThreadPoolExecutor.runWorker(ThreadPoolExecutor.java:1134)
        at java.util.concurrent.ThreadPoolExecutor$Worker.run(ThreadPoolExecutor.java:624)
        at java.lang.Thread.run(Thread.java:750)
"6fd96d8c-4ef2-4ba8-87f7-371671a16fe6-server-thread2" daemon prio=5 tid=890 timed_waiting
java.lang.Thread.State: TIMED_WAITING
        at sun.misc.Unsafe.park(Native Method)
        at java.util.concurrent.locks.LockSupport.parkNanos(LockSupport.java:215)
        at java.util.concurrent.SynchronousQueue$TransferStack.awaitFulfill(SynchronousQueue.java:460)
        at java.util.concurrent.SynchronousQueue$TransferStack.transfer(SynchronousQueue.java:362)
        at java.util.concurrent.SynchronousQueue.poll(SynchronousQueue.java:941)
        at java.util.concurrent.ThreadPoolExecutor.getTask(ThreadPoolExecutor.java:1073)
        at java.util.concurrent.ThreadPoolExecutor.runWorker(ThreadPoolExecutor.java:1134)
        at java.util.concurrent.ThreadPoolExecutor$Worker.run(ThreadPoolExecutor.java:624)
        at java.lang.Thread.run(Thread.java:750)
"db462c09-4a41-41c4-b065-df9d46fc3c08@group-845F74418684->2412583d-f0ce-4b83-96a1-c4f14f6f25ae-GrpcLogAppender-LogAppenderDaemon" daemon prio=5 tid=888 timed_waiting
java.lang.Thread.State: TIMED_WAITING
        at sun.misc.Unsafe.park(Native Method)
        at java.util.concurrent.locks.LockSupport.parkNanos(LockSupport.java:215)
        at java.util.concurrent.CompletableFuture$Signaller.block(CompletableFuture.java:1709)
        at java.util.concurrent.ForkJoinPool.managedBlock(ForkJoinPool.java:3323)
        at java.util.concurrent.CompletableFuture.timedGet(CompletableFuture.java:1788)
        at java.util.concurrent.CompletableFuture.get(CompletableFuture.java:1928)
        at org.apache.ratis.util.AwaitForSignal.await(AwaitForSignal.java:56)
        at org.apache.ratis.grpc.server.GrpcLogAppender.mayWait(GrpcLogAppender.java:198)
        at org.apache.ratis.grpc.server.GrpcLogAppender.run(GrpcLogAppender.java:148)
        at org.apache.ratis.server.leader.LogAppenderDaemon.run(LogAppenderDaemon.java:78)
        at org.apache.ratis.server.leader.LogAppenderDaemon$$Lambda$1042/797680037.run(Unknown Source)
        at java.lang.Thread.run(Thread.java:750)
"Datanode State Machine Task Thread - 0"  prio=5 tid=281 in Object.wait()
java.lang.Thread.State: WAITING (on object monitor)
        at sun.misc.Unsafe.park(Native Method)
        at java.util.concurrent.locks.LockSupport.park(LockSupport.java:175)
        at java.util.concurrent.locks.AbstractQueuedSynchronizer$ConditionObject.await(AbstractQueuedSynchronizer.java:2039)
        at java.util.concurrent.LinkedBlockingQueue.take(LinkedBlockingQueue.java:442)
        at java.util.concurrent.ThreadPoolExecutor.getTask(ThreadPoolExecutor.java:1074)
        at java.util.concurrent.ThreadPoolExecutor.runWorker(ThreadPoolExecutor.java:1134)
        at java.util.concurrent.ThreadPoolExecutor$Worker.run(ThreadPoolExecutor.java:624)
        at java.lang.Thread.run(Thread.java:750)
"qtp575983040-271" daemon prio=5 tid=271 timed_waiting
java.lang.Thread.State: TIMED_WAITING
        at sun.misc.Unsafe.park(Native Method)
        at java.util.concurrent.locks.LockSupport.parkNanos(LockSupport.java:215)
        at java.util.concurrent.locks.AbstractQueuedSynchronizer$ConditionObject.awaitNanos(AbstractQueuedSynchronizer.java:2078)
        at org.eclipse.jetty.util.BlockingArrayQueue.poll(BlockingArrayQueue.java:382)
        at org.eclipse.jetty.util.thread.QueuedThreadPool$Runner.idleJobPoll(QueuedThreadPool.java:974)
        at org.eclipse.jetty.util.thread.QueuedThreadPool$Runner.run(QueuedThreadPool.java:1018)
        at java.lang.Thread.run(Thread.java:750)
"BlockDeletingService#3" daemon prio=5 tid=1118 in Object.wait()
java.lang.Thread.State: WAITING (on object monitor)
        at sun.misc.Unsafe.park(Native Method)
        at java.util.concurrent.locks.LockSupport.park(LockSupport.java:175)
        at java.util.concurrent.locks.AbstractQueuedSynchronizer$ConditionObject.await(AbstractQueuedSynchronizer.java:2039)
        at java.util.concurrent.ScheduledThreadPoolExecutor$DelayedWorkQueue.take(ScheduledThreadPoolExecutor.java:1088)
        at java.util.concurrent.ScheduledThreadPoolExecutor$DelayedWorkQueue.take(ScheduledThreadPoolExecutor.java:809)
        at java.util.concurrent.ThreadPoolExecutor.getTask(ThreadPoolExecutor.java:1074)
        at java.util.concurrent.ThreadPoolExecutor.runWorker(ThreadPoolExecutor.java:1134)
        at java.util.concurrent.ThreadPoolExecutor$Worker.run(ThreadPoolExecutor.java:624)
        at java.lang.Thread.run(Thread.java:750)
"ChunkWriter-0-0" daemon prio=5 tid=532 in Object.wait()
java.lang.Thread.State: WAITING (on object monitor)
        at sun.misc.Unsafe.park(Native Method)
        at java.util.concurrent.locks.LockSupport.park(LockSupport.java:175)
        at java.util.concurrent.locks.AbstractQueuedSynchronizer$ConditionObject.await(AbstractQueuedSynchronizer.java:2039)
        at java.util.concurrent.LinkedBlockingDeque.takeFirst(LinkedBlockingDeque.java:492)
        at java.util.concurrent.LinkedBlockingDeque.take(LinkedBlockingDeque.java:680)
        at java.util.concurrent.ThreadPoolExecutor.getTask(ThreadPoolExecutor.java:1074)
        at java.util.concurrent.ThreadPoolExecutor.runWorker(ThreadPoolExecutor.java:1134)
        at java.util.concurrent.ThreadPoolExecutor$Worker.run(ThreadPoolExecutor.java:624)
        at java.lang.Thread.run(Thread.java:750)
"IPC Server handler 12 on default port 35707" daemon prio=5 tid=59 timed_waiting
java.lang.Thread.State: TIMED_WAITING
        at sun.misc.Unsafe.park(Native Method)
        at java.util.concurrent.locks.LockSupport.parkNanos(LockSupport.java:215)
        at java.util.concurrent.locks.AbstractQueuedSynchronizer$ConditionObject.awaitNanos(AbstractQueuedSynchronizer.java:2078)
        at java.util.concurrent.LinkedBlockingQueue.poll(LinkedBlockingQueue.java:467)
        at org.apache.hadoop.ipc.CallQueueManager.take(CallQueueManager.java:317)
        at org.apache.hadoop.ipc.Server$Handler.run(Server.java:2942)
"6fd96d8c-4ef2-4ba8-87f7-371671a16fe6@group-386A04BC3586-FollowerState" daemon prio=5 tid=831 timed_waiting
java.lang.Thread.State: TIMED_WAITING
        at java.lang.Thread.sleep(Native Method)
        at java.lang.Thread.sleep(Thread.java:342)
        at java.util.concurrent.TimeUnit.sleep(TimeUnit.java:386)
        at org.apache.ratis.util.TimeDuration.sleep(TimeDuration.java:325)
        at org.apache.ratis.util.TimeDuration.sleep(TimeDuration.java:310)
        at org.apache.ratis.server.impl.FollowerState.run(FollowerState.java:128)
"Datanode ReportManager Thread - 0" daemon prio=5 tid=300 timed_waiting
java.lang.Thread.State: TIMED_WAITING
        at sun.misc.Unsafe.park(Native Method)
        at java.util.concurrent.locks.LockSupport.parkNanos(LockSupport.java:215)
        at java.util.concurrent.locks.AbstractQueuedSynchronizer$ConditionObject.awaitNanos(AbstractQueuedSynchronizer.java:2078)
        at java.util.concurrent.ScheduledThreadPoolExecutor$DelayedWorkQueue.take(ScheduledThreadPoolExecutor.java:1093)
        at java.util.concurrent.ScheduledThreadPoolExecutor$DelayedWorkQueue.take(ScheduledThreadPoolExecutor.java:809)
        at java.util.concurrent.ThreadPoolExecutor.getTask(ThreadPoolExecutor.java:1074)
        at java.util.concurrent.ThreadPoolExecutor.runWorker(ThreadPoolExecutor.java:1134)
        at java.util.concurrent.ThreadPoolExecutor$Worker.run(ThreadPoolExecutor.java:624)
        at java.lang.Thread.run(Thread.java:750)
"OM StateMachine ApplyTransaction Thread - 0" daemon prio=5 tid=735 in Object.wait()
java.lang.Thread.State: WAITING (on object monitor)
        at sun.misc.Unsafe.park(Native Method)
        at java.util.concurrent.locks.LockSupport.park(LockSupport.java:175)
        at java.util.concurrent.locks.AbstractQueuedSynchronizer$ConditionObject.await(AbstractQueuedSynchronizer.java:2039)
        at java.util.concurrent.LinkedBlockingQueue.take(LinkedBlockingQueue.java:442)
        at java.util.concurrent.ThreadPoolExecutor.getTask(ThreadPoolExecutor.java:1074)
        at java.util.concurrent.ThreadPoolExecutor.runWorker(ThreadPoolExecutor.java:1134)
        at java.util.concurrent.ThreadPoolExecutor$Worker.run(ThreadPoolExecutor.java:624)
        at java.lang.Thread.run(Thread.java:750)
"IPC Server idle connection scanner for port 35707" daemon prio=5 tid=33 timed_waiting
java.lang.Thread.State: TIMED_WAITING
        at java.lang.Object.wait(Native Method)
        at java.util.TimerThread.mainLoop(Timer.java:552)
        at java.util.TimerThread.run(Timer.java:505)
"6fd96d8c-4ef2-4ba8-87f7-371671a16fe6@group-F81AFF323CCD-SegmentedRaftLogWorker"  prio=5 tid=644 timed_waiting
java.lang.Thread.State: TIMED_WAITING
        at sun.misc.Unsafe.park(Native Method)
        at java.util.concurrent.locks.LockSupport.parkNanos(LockSupport.java:215)
        at java.util.concurrent.locks.AbstractQueuedSynchronizer$ConditionObject.awaitNanos(AbstractQueuedSynchronizer.java:2078)
        at org.apache.ratis.util.DataBlockingQueue.poll(DataBlockingQueue.java:148)
        at org.apache.ratis.server.raftlog.segmented.SegmentedRaftLogWorker.run(SegmentedRaftLogWorker.java:310)
        at org.apache.ratis.server.raftlog.segmented.SegmentedRaftLogWorker$$Lambda$665/1566430543.run(Unknown Source)
        at java.lang.Thread.run(Thread.java:750)
"qtp1026182168-152" daemon prio=5 tid=152 timed_waiting
java.lang.Thread.State: TIMED_WAITING
        at sun.misc.Unsafe.park(Native Method)
        at java.util.concurrent.locks.LockSupport.parkNanos(LockSupport.java:215)
        at java.util.concurrent.locks.AbstractQueuedSynchronizer$ConditionObject.awaitNanos(AbstractQueuedSynchronizer.java:2078)
        at org.eclipse.jetty.util.BlockingArrayQueue.poll(BlockingArrayQueue.java:382)
        at org.eclipse.jetty.util.thread.QueuedThreadPool$Runner.idleJobPoll(QueuedThreadPool.java:974)
        at org.eclipse.jetty.util.thread.QueuedThreadPool$Runner.run(QueuedThreadPool.java:1018)
        at java.lang.Thread.run(Thread.java:750)
"StaleRecoveringContainerScrubbingService#4" daemon prio=5 tid=923 in Object.wait()
java.lang.Thread.State: WAITING (on object monitor)
        at sun.misc.Unsafe.park(Native Method)
        at java.util.concurrent.locks.LockSupport.park(LockSupport.java:175)
        at java.util.concurrent.locks.AbstractQueuedSynchronizer$ConditionObject.await(AbstractQueuedSynchronizer.java:2039)
        at java.util.concurrent.ScheduledThreadPoolExecutor$DelayedWorkQueue.take(ScheduledThreadPoolExecutor.java:1088)
        at java.util.concurrent.ScheduledThreadPoolExecutor$DelayedWorkQueue.take(ScheduledThreadPoolExecutor.java:809)
        at java.util.concurrent.ThreadPoolExecutor.getTask(ThreadPoolExecutor.java:1074)
        at java.util.concurrent.ThreadPoolExecutor.runWorker(ThreadPoolExecutor.java:1134)
        at java.util.concurrent.ThreadPoolExecutor$Worker.run(ThreadPoolExecutor.java:624)
        at java.lang.Thread.run(Thread.java:750)
"BlockDeletingService#3" daemon prio=5 tid=1116 in Object.wait()
java.lang.Thread.State: WAITING (on object monitor)
        at sun.misc.Unsafe.park(Native Method)
        at java.util.concurrent.locks.LockSupport.park(LockSupport.java:175)
        at java.util.concurrent.locks.AbstractQueuedSynchronizer$ConditionObject.await(AbstractQueuedSynchronizer.java:2039)
        at java.util.concurrent.ScheduledThreadPoolExecutor$DelayedWorkQueue.take(ScheduledThreadPoolExecutor.java:1088)
        at java.util.concurrent.ScheduledThreadPoolExecutor$DelayedWorkQueue.take(ScheduledThreadPoolExecutor.java:809)
        at java.util.concurrent.ThreadPoolExecutor.getTask(ThreadPoolExecutor.java:1074)
        at java.util.concurrent.ThreadPoolExecutor.runWorker(ThreadPoolExecutor.java:1134)
        at java.util.concurrent.ThreadPoolExecutor$Worker.run(ThreadPoolExecutor.java:624)
        at java.lang.Thread.run(Thread.java:750)
"Datanode ReportManager Thread - 4" daemon prio=5 tid=457 timed_waiting
java.lang.Thread.State: TIMED_WAITING
        at sun.misc.Unsafe.park(Native Method)
        at java.util.concurrent.locks.LockSupport.parkNanos(LockSupport.java:215)
        at java.util.concurrent.locks.AbstractQueuedSynchronizer$ConditionObject.awaitNanos(AbstractQueuedSynchronizer.java:2078)
        at java.util.concurrent.ScheduledThreadPoolExecutor$DelayedWorkQueue.take(ScheduledThreadPoolExecutor.java:1093)
        at java.util.concurrent.ScheduledThreadPoolExecutor$DelayedWorkQueue.take(ScheduledThreadPoolExecutor.java:809)
        at java.util.concurrent.ThreadPoolExecutor.getTask(ThreadPoolExecutor.java:1074)
        at java.util.concurrent.ThreadPoolExecutor.runWorker(ThreadPoolExecutor.java:1134)
        at java.util.concurrent.ThreadPoolExecutor$Worker.run(ThreadPoolExecutor.java:624)
        at java.lang.Thread.run(Thread.java:750)
"Datanode ReportManager Thread - 1" daemon prio=5 tid=195 in Object.wait()
java.lang.Thread.State: WAITING (on object monitor)
        at sun.misc.Unsafe.park(Native Method)
        at java.util.concurrent.locks.LockSupport.park(LockSupport.java:175)
        at java.util.concurrent.locks.AbstractQueuedSynchronizer$ConditionObject.await(AbstractQueuedSynchronizer.java:2039)
        at java.util.concurrent.ScheduledThreadPoolExecutor$DelayedWorkQueue.take(ScheduledThreadPoolExecutor.java:1088)
        at java.util.concurrent.ScheduledThreadPoolExecutor$DelayedWorkQueue.take(ScheduledThreadPoolExecutor.java:809)
        at java.util.concurrent.ThreadPoolExecutor.getTask(ThreadPoolExecutor.java:1074)
        at java.util.concurrent.ThreadPoolExecutor.runWorker(ThreadPoolExecutor.java:1134)
        at java.util.concurrent.ThreadPoolExecutor$Worker.run(ThreadPoolExecutor.java:624)
        at java.lang.Thread.run(Thread.java:750)
"IPC Parameter Sending Thread #0" daemon prio=5 tid=123 timed_waiting
java.lang.Thread.State: TIMED_WAITING
        at sun.misc.Unsafe.park(Native Method)
        at java.util.concurrent.locks.LockSupport.parkNanos(LockSupport.java:215)
        at java.util.concurrent.SynchronousQueue$TransferStack.awaitFulfill(SynchronousQueue.java:460)
        at java.util.concurrent.SynchronousQueue$TransferStack.transfer(SynchronousQueue.java:362)
        at java.util.concurrent.SynchronousQueue.poll(SynchronousQueue.java:941)
        at java.util.concurrent.ThreadPoolExecutor.getTask(ThreadPoolExecutor.java:1073)
        at java.util.concurrent.ThreadPoolExecutor.runWorker(ThreadPoolExecutor.java:1134)
        at java.util.concurrent.ThreadPoolExecutor$Worker.run(ThreadPoolExecutor.java:624)
        at java.lang.Thread.run(Thread.java:750)
"06429dc3-6184-4705-8d2a-a6f8dedf2170@group-510A37B8E04C-FollowerState" daemon prio=5 tid=691 timed_waiting
java.lang.Thread.State: TIMED_WAITING
        at java.lang.Thread.sleep(Native Method)
        at java.lang.Thread.sleep(Thread.java:342)
        at java.util.concurrent.TimeUnit.sleep(TimeUnit.java:386)
        at org.apache.ratis.util.TimeDuration.sleep(TimeDuration.java:325)
        at org.apache.ratis.util.TimeDuration.sleep(TimeDuration.java:310)
        at org.apache.ratis.server.impl.FollowerState.run(FollowerState.java:128)
"ChunkWriter-2-0" daemon prio=5 tid=560 in Object.wait()
java.lang.Thread.State: WAITING (on object monitor)
        at sun.misc.Unsafe.park(Native Method)
        at java.util.concurrent.locks.LockSupport.park(LockSupport.java:175)
        at java.util.concurrent.locks.AbstractQueuedSynchronizer$ConditionObject.await(AbstractQueuedSynchronizer.java:2039)
        at java.util.concurrent.LinkedBlockingDeque.takeFirst(LinkedBlockingDeque.java:492)
        at java.util.concurrent.LinkedBlockingDeque.take(LinkedBlockingDeque.java:680)
        at java.util.concurrent.ThreadPoolExecutor.getTask(ThreadPoolExecutor.java:1074)
        at java.util.concurrent.ThreadPoolExecutor.runWorker(ThreadPoolExecutor.java:1134)
        at java.util.concurrent.ThreadPoolExecutor$Worker.run(ThreadPoolExecutor.java:624)
        at java.lang.Thread.run(Thread.java:750)
"IPC Server handler 5 on default port 40677" daemon prio=5 tid=72 timed_waiting
java.lang.Thread.State: TIMED_WAITING
        at sun.misc.Unsafe.park(Native Method)
        at java.util.concurrent.locks.LockSupport.parkNanos(LockSupport.java:215)
        at java.util.concurrent.locks.AbstractQueuedSynchronizer$ConditionObject.awaitNanos(AbstractQueuedSynchronizer.java:2078)
        at java.util.concurrent.LinkedBlockingQueue.poll(LinkedBlockingQueue.java:467)
        at org.apache.hadoop.ipc.CallQueueManager.take(CallQueueManager.java:317)
        at org.apache.hadoop.ipc.Server$Handler.run(Server.java:2942)
"ChunkReader-6" daemon prio=5 tid=914 in Object.wait()
java.lang.Thread.State: WAITING (on object monitor)
        at sun.misc.Unsafe.park(Native Method)
        at java.util.concurrent.locks.LockSupport.park(LockSupport.java:175)
        at java.util.concurrent.locks.AbstractQueuedSynchronizer$ConditionObject.await(AbstractQueuedSynchronizer.java:2039)
        at java.util.concurrent.LinkedBlockingQueue.take(LinkedBlockingQueue.java:442)
        at java.util.concurrent.ThreadPoolExecutor.getTask(ThreadPoolExecutor.java:1074)
        at java.util.concurrent.ThreadPoolExecutor.runWorker(ThreadPoolExecutor.java:1134)
        at java.util.concurrent.ThreadPoolExecutor$Worker.run(ThreadPoolExecutor.java:624)
        at java.lang.Thread.run(Thread.java:750)
"StaleRecoveringContainerScrubbingService#0" daemon prio=5 tid=487 in Object.wait()
java.lang.Thread.State: WAITING (on object monitor)
        at sun.misc.Unsafe.park(Native Method)
        at java.util.concurrent.locks.LockSupport.park(LockSupport.java:175)
        at java.util.concurrent.locks.AbstractQueuedSynchronizer$ConditionObject.await(AbstractQueuedSynchronizer.java:2039)
        at java.util.concurrent.ScheduledThreadPoolExecutor$DelayedWorkQueue.take(ScheduledThreadPoolExecutor.java:1088)
        at java.util.concurrent.ScheduledThreadPoolExecutor$DelayedWorkQueue.take(ScheduledThreadPoolExecutor.java:809)
        at java.util.concurrent.ThreadPoolExecutor.getTask(ThreadPoolExecutor.java:1074)
        at java.util.concurrent.ThreadPoolExecutor.runWorker(ThreadPoolExecutor.java:1134)
        at java.util.concurrent.ThreadPoolExecutor$Worker.run(ThreadPoolExecutor.java:624)
        at java.lang.Thread.run(Thread.java:750)
"qtp1026182168-149" daemon prio=5 tid=149 timed_waiting
java.lang.Thread.State: TIMED_WAITING
        at sun.misc.Unsafe.park(Native Method)
        at java.util.concurrent.locks.LockSupport.parkNanos(LockSupport.java:215)
        at java.util.concurrent.locks.AbstractQueuedSynchronizer$ConditionObject.awaitNanos(AbstractQueuedSynchronizer.java:2078)
        at org.eclipse.jetty.util.BlockingArrayQueue.poll(BlockingArrayQueue.java:382)
        at org.eclipse.jetty.util.thread.QueuedThreadPool$Runner.idleJobPoll(QueuedThreadPool.java:974)
        at org.eclipse.jetty.util.thread.QueuedThreadPool$Runner.run(QueuedThreadPool.java:1018)
        at java.lang.Thread.run(Thread.java:750)
"Command processor thread" daemon prio=5 tid=502 timed_waiting
java.lang.Thread.State: TIMED_WAITING
        at java.lang.Thread.sleep(Native Method)
        at org.apache.hadoop.ozone.container.common.statemachine.DatanodeStateMachine.lambda$initCommandHandlerThread$3(DatanodeStateMachine.java:641)
        at org.apache.hadoop.ozone.container.common.statemachine.DatanodeStateMachine$$Lambda$753/128958122.run(Unknown Source)
        at java.lang.Thread.run(Thread.java:750)
"qtp1996954635-291-acceptor-0@7b82dacd-ServerConnector@5db93afa{HTTP/1.1, (http/1.1)}{0.0.0.0:34719}" daemon prio=3 tid=291 runnable
java.lang.Thread.State: RUNNABLE
        at sun.nio.ch.ServerSocketChannelImpl.accept0(Native Method)
        at sun.nio.ch.ServerSocketChannelImpl.accept(ServerSocketChannelImpl.java:421)
        at sun.nio.ch.ServerSocketChannelImpl.accept(ServerSocketChannelImpl.java:249)
        at org.eclipse.jetty.server.ServerConnector.accept(ServerConnector.java:388)
        at org.eclipse.jetty.server.AbstractConnector$Acceptor.run(AbstractConnector.java:704)
        at org.eclipse.jetty.util.thread.QueuedThreadPool.runJob(QueuedThreadPool.java:883)
        at org.eclipse.jetty.util.thread.QueuedThreadPool$Runner.run(QueuedThreadPool.java:1034)
        at java.lang.Thread.run(Thread.java:750)
"Command processor thread" daemon prio=5 tid=227 timed_waiting
java.lang.Thread.State: TIMED_WAITING
        at java.lang.Thread.sleep(Native Method)
        at org.apache.hadoop.ozone.container.common.statemachine.DatanodeStateMachine.lambda$initCommandHandlerThread$3(DatanodeStateMachine.java:641)
        at org.apache.hadoop.ozone.container.common.statemachine.DatanodeStateMachine$$Lambda$753/128958122.run(Unknown Source)
        at java.lang.Thread.run(Thread.java:750)
"2412583d-f0ce-4b83-96a1-c4f14f6f25ae@group-386A04BC3586->6fd96d8c-4ef2-4ba8-87f7-371671a16fe6-GrpcLogAppender-LogAppenderDaemon" daemon prio=5 tid=834 timed_waiting
java.lang.Thread.State: TIMED_WAITING
        at sun.misc.Unsafe.park(Native Method)
        at java.util.concurrent.locks.LockSupport.parkNanos(LockSupport.java:215)
        at java.util.concurrent.CompletableFuture$Signaller.block(CompletableFuture.java:1709)
        at java.util.concurrent.ForkJoinPool.managedBlock(ForkJoinPool.java:3323)
        at java.util.concurrent.CompletableFuture.timedGet(CompletableFuture.java:1788)
        at java.util.concurrent.CompletableFuture.get(CompletableFuture.java:1928)
        at org.apache.ratis.util.AwaitForSignal.await(AwaitForSignal.java:56)
        at org.apache.ratis.grpc.server.GrpcLogAppender.mayWait(GrpcLogAppender.java:198)
        at org.apache.ratis.grpc.server.GrpcLogAppender.run(GrpcLogAppender.java:148)
        at org.apache.ratis.server.leader.LogAppenderDaemon.run(LogAppenderDaemon.java:78)
        at org.apache.ratis.server.leader.LogAppenderDaemon$$Lambda$1042/797680037.run(Unknown Source)
        at java.lang.Thread.run(Thread.java:750)
"StaleRecoveringContainerScrubbingService#3" daemon prio=5 tid=867 in Object.wait()
java.lang.Thread.State: WAITING (on object monitor)
        at sun.misc.Unsafe.park(Native Method)
        at java.util.concurrent.locks.LockSupport.park(LockSupport.java:175)
        at java.util.concurrent.locks.AbstractQueuedSynchronizer$ConditionObject.await(AbstractQueuedSynchronizer.java:2039)
        at java.util.concurrent.ScheduledThreadPoolExecutor$DelayedWorkQueue.take(ScheduledThreadPoolExecutor.java:1088)
        at java.util.concurrent.ScheduledThreadPoolExecutor$DelayedWorkQueue.take(ScheduledThreadPoolExecutor.java:809)
        at java.util.concurrent.ThreadPoolExecutor.getTask(ThreadPoolExecutor.java:1074)
        at java.util.concurrent.ThreadPoolExecutor.runWorker(ThreadPoolExecutor.java:1134)
        at java.util.concurrent.ThreadPoolExecutor$Worker.run(ThreadPoolExecutor.java:624)
        at java.lang.Thread.run(Thread.java:750)
"06429dc3-6184-4705-8d2a-a6f8dedf2170-server-thread3" daemon prio=5 tid=827 timed_waiting
java.lang.Thread.State: TIMED_WAITING
        at sun.misc.Unsafe.park(Native Method)
        at java.util.concurrent.locks.LockSupport.parkNanos(LockSupport.java:215)
        at java.util.concurrent.SynchronousQueue$TransferStack.awaitFulfill(SynchronousQueue.java:460)
        at java.util.concurrent.SynchronousQueue$TransferStack.transfer(SynchronousQueue.java:362)
        at java.util.concurrent.SynchronousQueue.poll(SynchronousQueue.java:941)
        at java.util.concurrent.ThreadPoolExecutor.getTask(ThreadPoolExecutor.java:1073)
        at java.util.concurrent.ThreadPoolExecutor.runWorker(ThreadPoolExecutor.java:1134)
        at java.util.concurrent.ThreadPoolExecutor$Worker.run(ThreadPoolExecutor.java:624)
        at java.lang.Thread.run(Thread.java:750)
"ChunkWriter-3-0" daemon prio=5 tid=445 in Object.wait()
java.lang.Thread.State: WAITING (on object monitor)
        at sun.misc.Unsafe.park(Native Method)
        at java.util.concurrent.locks.LockSupport.park(LockSupport.java:175)
        at java.util.concurrent.locks.AbstractQueuedSynchronizer$ConditionObject.await(AbstractQueuedSynchronizer.java:2039)
        at java.util.concurrent.LinkedBlockingDeque.takeFirst(LinkedBlockingDeque.java:492)
        at java.util.concurrent.LinkedBlockingDeque.take(LinkedBlockingDeque.java:680)
        at java.util.concurrent.ThreadPoolExecutor.getTask(ThreadPoolExecutor.java:1074)
        at java.util.concurrent.ThreadPoolExecutor.runWorker(ThreadPoolExecutor.java:1134)
        at java.util.concurrent.ThreadPoolExecutor$Worker.run(ThreadPoolExecutor.java:624)
        at java.lang.Thread.run(Thread.java:750)
"BlockDeletingService#2" daemon prio=5 tid=1092 in Object.wait()
java.lang.Thread.State: WAITING (on object monitor)
        at sun.misc.Unsafe.park(Native Method)
        at java.util.concurrent.locks.LockSupport.park(LockSupport.java:175)
        at java.util.concurrent.locks.AbstractQueuedSynchronizer$ConditionObject.await(AbstractQueuedSynchronizer.java:2039)
        at java.util.concurrent.ScheduledThreadPoolExecutor$DelayedWorkQueue.take(ScheduledThreadPoolExecutor.java:1088)
        at java.util.concurrent.ScheduledThreadPoolExecutor$DelayedWorkQueue.take(ScheduledThreadPoolExecutor.java:809)
        at java.util.concurrent.ThreadPoolExecutor.getTask(ThreadPoolExecutor.java:1074)
        at java.util.concurrent.ThreadPoolExecutor.runWorker(ThreadPoolExecutor.java:1134)
        at java.util.concurrent.ThreadPoolExecutor$Worker.run(ThreadPoolExecutor.java:624)
        at java.lang.Thread.run(Thread.java:750)
"Datanode State Machine Daemon Thread" daemon prio=5 tid=452 timed_waiting
java.lang.Thread.State: TIMED_WAITING
        at java.lang.Thread.sleep(Native Method)
        at org.apache.hadoop.ozone.container.common.statemachine.DatanodeStateMachine.startStateMachineThread(DatanodeStateMachine.java:321)
        at org.apache.hadoop.ozone.container.common.statemachine.DatanodeStateMachine.lambda$startDaemon$0(DatanodeStateMachine.java:506)
        at org.apache.hadoop.ozone.container.common.statemachine.DatanodeStateMachine$$Lambda$751/1388137600.run(Unknown Source)
        at java.lang.Thread.run(Thread.java:750)
"BlockDeletingService#1" daemon prio=5 tid=412 in Object.wait()
java.lang.Thread.State: WAITING (on object monitor)
        at sun.misc.Unsafe.park(Native Method)
        at java.util.concurrent.locks.LockSupport.park(LockSupport.java:175)
        at java.util.concurrent.locks.AbstractQueuedSynchronizer$ConditionObject.await(AbstractQueuedSynchronizer.java:2039)
        at java.util.concurrent.ScheduledThreadPoolExecutor$DelayedWorkQueue.take(ScheduledThreadPoolExecutor.java:1088)
        at java.util.concurrent.ScheduledThreadPoolExecutor$DelayedWorkQueue.take(ScheduledThreadPoolExecutor.java:809)
        at java.util.concurrent.ThreadPoolExecutor.getTask(ThreadPoolExecutor.java:1074)
        at java.util.concurrent.ThreadPoolExecutor.runWorker(ThreadPoolExecutor.java:1134)
        at java.util.concurrent.ThreadPoolExecutor$Worker.run(ThreadPoolExecutor.java:624)
        at java.lang.Thread.run(Thread.java:750)
"BlockDeletingService#0" daemon prio=5 tid=564 timed_waiting
java.lang.Thread.State: TIMED_WAITING
        at sun.misc.Unsafe.park(Native Method)
        at java.util.concurrent.locks.LockSupport.parkNanos(LockSupport.java:215)
        at java.util.concurrent.locks.AbstractQueuedSynchronizer$ConditionObject.awaitNanos(AbstractQueuedSynchronizer.java:2078)
        at java.util.concurrent.ScheduledThreadPoolExecutor$DelayedWorkQueue.take(ScheduledThreadPoolExecutor.java:1093)
        at java.util.concurrent.ScheduledThreadPoolExecutor$DelayedWorkQueue.take(ScheduledThreadPoolExecutor.java:809)
        at java.util.concurrent.ThreadPoolExecutor.getTask(ThreadPoolExecutor.java:1074)
        at java.util.concurrent.ThreadPoolExecutor.runWorker(ThreadPoolExecutor.java:1134)
        at java.util.concurrent.ThreadPoolExecutor$Worker.run(ThreadPoolExecutor.java:624)
        at java.lang.Thread.run(Thread.java:750)
"Listener at 127.0.0.1/43781"  prio=5 tid=1 runnable
java.lang.Thread.State: RUNNABLE
        at java.lang.Thread.dumpThreads(Native Method)
        at java.lang.Thread.getAllStackTraces(Thread.java:1615)
        at org.apache.ozone.test.TimedOutTestsListener.buildThreadDump(TimedOutTestsListener.java:93)
        at org.apache.ozone.test.TimedOutTestsListener.buildThreadDiagnosticString(TimedOutTestsListener.java:79)
        at org.apache.ozone.test.GenericTestUtils.waitFor(GenericTestUtils.java:227)
        at org.apache.hadoop.ozone.container.TestECContainerRecovery.testECContainerRecoveryWithTimedOutRecovery(TestECContainerRecovery.java:339)
        at sun.reflect.NativeMethodAccessorImpl.invoke0(Native Method)
        at sun.reflect.NativeMethodAccessorImpl.invoke(NativeMethodAccessorImpl.java:62)
        at sun.reflect.DelegatingMethodAccessorImpl.invoke(DelegatingMethodAccessorImpl.java:43)
        at java.lang.reflect.Method.invoke(Method.java:498)
        at org.junit.platform.commons.util.ReflectionUtils.invokeMethod(ReflectionUtils.java:725)
        at org.junit.jupiter.engine.execution.MethodInvocation.proceed(MethodInvocation.java:60)
        at org.junit.jupiter.engine.execution.InvocationInterceptorChain$ValidatingInvocation.proceed(InvocationInterceptorChain.java:131)
        at org.junit.jupiter.engine.extension.TimeoutExtension.intercept(TimeoutExtension.java:149)
        at org.junit.jupiter.engine.extension.TimeoutExtension.interceptTestableMethod(TimeoutExtension.java:140)
        at org.junit.jupiter.engine.extension.TimeoutExtension.interceptTestMethod(TimeoutExtension.java:84)
        at org.junit.jupiter.engine.descriptor.TestMethodTestDescriptor$$Lambda$158/1391624125.apply(Unknown Source)
        at org.junit.jupiter.engine.execution.ExecutableInvoker$ReflectiveInterceptorCall.lambda$ofVoidMethod$0(ExecutableInvoker.java:115)
        at org.junit.jupiter.engine.execution.ExecutableInvoker$ReflectiveInterceptorCall$$Lambda$159/51554940.apply(Unknown Source)
        at org.junit.jupiter.engine.execution.ExecutableInvoker.lambda$invoke$0(ExecutableInvoker.java:105)
        at org.junit.jupiter.engine.execution.ExecutableInvoker$$Lambda$314/2072724423.apply(Unknown Source)
        at org.junit.jupiter.engine.execution.InvocationInterceptorChain$InterceptedInvocation.proceed(InvocationInterceptorChain.java:106)
        at org.junit.jupiter.engine.execution.InvocationInterceptorChain.proceed(InvocationInterceptorChain.java:64)
        at org.junit.jupiter.engine.execution.InvocationInterceptorChain.chainAndInvoke(InvocationInterceptorChain.java:45)
        at org.junit.jupiter.engine.execution.InvocationInterceptorChain.invoke(InvocationInterceptorChain.java:37)
        at org.junit.jupiter.engine.execution.ExecutableInvoker.invoke(ExecutableInvoker.java:104)
        at org.junit.jupiter.engine.execution.ExecutableInvoker.invoke(ExecutableInvoker.java:98)
        at org.junit.jupiter.engine.descriptor.TestMethodTestDescriptor.lambda$invokeTestMethod$7(TestMethodTestDescriptor.java:214)
        at org.junit.jupiter.engine.descriptor.TestMethodTestDescriptor$$Lambda$1174/1074638035.execute(Unknown Source)
        at org.junit.platform.engine.support.hierarchical.ThrowableCollector.execute(ThrowableCollector.java:73)
        at org.junit.jupiter.engine.descriptor.TestMethodTestDescriptor.invokeTestMethod(TestMethodTestDescriptor.java:210)
        at org.junit.jupiter.engine.descriptor.TestMethodTestDescriptor.execute(TestMethodTestDescriptor.java:135)
        at org.junit.jupiter.engine.descriptor.TestMethodTestDescriptor.execute(TestMethodTestDescriptor.java:66)
        at org.junit.platform.engine.support.hierarchical.NodeTestTask.lambda$executeRecursively$6(NodeTestTask.java:151)
        at org.junit.platform.engine.support.hierarchical.NodeTestTask$$Lambda$258/1297189682.execute(Unknown Source)
        at org.junit.platform.engine.support.hierarchical.ThrowableCollector.execute(ThrowableCollector.java:73)
        at org.junit.platform.engine.support.hierarchical.NodeTestTask.lambda$executeRecursively$8(NodeTestTask.java:141)
        at org.junit.platform.engine.support.hierarchical.NodeTestTask$$Lambda$257/346359559.invoke(Unknown Source)
        at org.junit.platform.engine.support.hierarchical.Node.around(Node.java:137)
        at org.junit.platform.engine.support.hierarchical.NodeTestTask.lambda$executeRecursively$9(NodeTestTask.java:139)
        at org.junit.platform.engine.support.hierarchical.NodeTestTask$$Lambda$256/1731656333.execute(Unknown Source)
        at org.junit.platform.engine.support.hierarchical.ThrowableCollector.execute(ThrowableCollector.java:73)
        at org.junit.platform.engine.support.hierarchical.NodeTestTask.executeRecursively(NodeTestTask.java:138)
        at org.junit.platform.engine.support.hierarchical.NodeTestTask.execute(NodeTestTask.java:95)
        at org.junit.platform.engine.support.hierarchical.SameThreadHierarchicalTestExecutorService$$Lambda$262/299413131.accept(Unknown Source)
        at java.util.ArrayList.forEach(ArrayList.java:1259)
        at org.junit.platform.engine.support.hierarchical.SameThreadHierarchicalTestExecutorService.invokeAll(SameThreadHierarchicalTestExecutorService.java:41)
        at org.junit.platform.engine.support.hierarchical.NodeTestTask.lambda$executeRecursively$6(NodeTestTask.java:155)
        at org.junit.platform.engine.support.hierarchical.NodeTestTask$$Lambda$258/1297189682.execute(Unknown Source)
        at org.junit.platform.engine.support.hierarchical.ThrowableCollector.execute(ThrowableCollector.java:73)
        at org.junit.platform.engine.support.hierarchical.NodeTestTask.lambda$executeRecursively$8(NodeTestTask.java:141)
        at org.junit.platform.engine.support.hierarchical.NodeTestTask$$Lambda$257/346359559.invoke(Unknown Source)
        at org.junit.platform.engine.support.hierarchical.Node.around(Node.java:137)
        at org.junit.platform.engine.support.hierarchical.NodeTestTask.lambda$executeRecursively$9(NodeTestTask.java:139)
        at org.junit.platform.engine.support.hierarchical.NodeTestTask$$Lambda$256/1731656333.execute(Unknown Source)
        at org.junit.platform.engine.support.hierarchical.ThrowableCollector.execute(ThrowableCollector.java:73)
        at org.junit.platform.engine.support.hierarchical.NodeTestTask.executeRecursively(NodeTestTask.java:138)
        at org.junit.platform.engine.support.hierarchical.NodeTestTask.execute(NodeTestTask.java:95)
        at org.junit.platform.engine.support.hierarchical.SameThreadHierarchicalTestExecutorService$$Lambda$262/299413131.accept(Unknown Source)
        at java.util.ArrayList.forEach(ArrayList.java:1259)
        at org.junit.platform.engine.support.hierarchical.SameThreadHierarchicalTestExecutorService.invokeAll(SameThreadHierarchicalTestExecutorService.java:41)
        at org.junit.platform.engine.support.hierarchical.NodeTestTask.lambda$executeRecursively$6(NodeTestTask.java:155)
        at org.junit.platform.engine.support.hierarchical.NodeTestTask$$Lambda$258/1297189682.execute(Unknown Source)
        at org.junit.platform.engine.support.hierarchical.ThrowableCollector.execute(ThrowableCollector.java:73)
        at org.junit.platform.engine.support.hierarchical.NodeTestTask.lambda$executeRecursively$8(NodeTestTask.java:141)
        at org.junit.platform.engine.support.hierarchical.NodeTestTask$$Lambda$257/346359559.invoke(Unknown Source)
        at org.junit.platform.engine.support.hierarchical.Node.around(Node.java:137)
        at org.junit.platform.engine.support.hierarchical.NodeTestTask.lambda$executeRecursively$9(NodeTestTask.java:139)
        at org.junit.platform.engine.support.hierarchical.NodeTestTask$$Lambda$256/1731656333.execute(Unknown Source)
        at org.junit.platform.engine.support.hierarchical.ThrowableCollector.execute(ThrowableCollector.java:73)
        at org.junit.platform.engine.support.hierarchical.NodeTestTask.executeRecursively(NodeTestTask.java:138)
        at org.junit.platform.engine.support.hierarchical.NodeTestTask.execute(NodeTestTask.java:95)
        at org.junit.platform.engine.support.hierarchical.SameThreadHierarchicalTestExecutorService.submit(SameThreadHierarchicalTestExecutorService.java:35)
        at org.junit.platform.engine.support.hierarchical.HierarchicalTestExecutor.execute(HierarchicalTestExecutor.java:57)
        at org.junit.platform.engine.support.hierarchical.HierarchicalTestEngine.execute(HierarchicalTestEngine.java:54)
        at org.junit.platform.launcher.core.EngineExecutionOrchestrator.execute(EngineExecutionOrchestrator.java:107)
        at org.junit.platform.launcher.core.EngineExecutionOrchestrator.execute(EngineExecutionOrchestrator.java:88)
        at org.junit.platform.launcher.core.EngineExecutionOrchestrator.lambda$execute$0(EngineExecutionOrchestrator.java:54)
        at org.junit.platform.launcher.core.EngineExecutionOrchestrator$$Lambda$214/1824837049.accept(Unknown Source)
        at org.junit.platform.launcher.core.EngineExecutionOrchestrator.withInterceptedStreams(EngineExecutionOrchestrator.java:67)
        at org.junit.platform.launcher.core.EngineExecutionOrchestrator.execute(EngineExecutionOrchestrator.java:52)
        at org.junit.platform.launcher.core.DefaultLauncher.execute(DefaultLauncher.java:114)
        at org.junit.platform.launcher.core.DefaultLauncher.execute(DefaultLauncher.java:86)
        at org.junit.platform.launcher.core.DefaultLauncherSession$DelegatingLauncher.execute(DefaultLauncherSession.java:86)
        at org.junit.platform.launcher.core.SessionPerRequestLauncher.execute(SessionPerRequestLauncher.java:53)
        at org.apache.maven.surefire.junitplatform.JUnitPlatformProvider.execute(JUnitPlatformProvider.java:188)
        at org.apache.maven.surefire.junitplatform.JUnitPlatformProvider.invokeAllTests(JUnitPlatformProvider.java:154)
        at org.apache.maven.surefire.junitplatform.JUnitPlatformProvider.invoke(JUnitPlatformProvider.java:124)
        at org.apache.maven.surefire.booter.ForkedBooter.runSuitesInProcess(ForkedBooter.java:428)
        at org.apache.maven.surefire.booter.ForkedBooter.execute(ForkedBooter.java:162)
        at org.apache.maven.surefire.booter.ForkedBooter.run(ForkedBooter.java:562)
        at org.apache.maven.surefire.booter.ForkedBooter.main(ForkedBooter.java:548)
"2412583d-f0ce-4b83-96a1-c4f14f6f25ae@group-386A04BC3586-LeaderStateImpl" daemon prio=5 tid=833 timed_waiting
java.lang.Thread.State: TIMED_WAITING
        at sun.misc.Unsafe.park(Native Method)
        at java.util.concurrent.locks.LockSupport.parkNanos(LockSupport.java:215)
        at java.util.concurrent.locks.AbstractQueuedSynchronizer$ConditionObject.awaitNanos(AbstractQueuedSynchronizer.java:2078)
        at java.util.concurrent.ArrayBlockingQueue.poll(ArrayBlockingQueue.java:418)
        at org.apache.ratis.server.impl.LeaderStateImpl$EventQueue.poll(LeaderStateImpl.java:159)
        at org.apache.ratis.server.impl.LeaderStateImpl$EventProcessor.run(LeaderStateImpl.java:630)
"om1@group-C5BA1605619E-StateMachineUpdater" daemon prio=5 tid=137 timed_waiting
java.lang.Thread.State: TIMED_WAITING
        at sun.misc.Unsafe.park(Native Method)
        at java.util.concurrent.locks.LockSupport.parkNanos(LockSupport.java:215)
        at java.util.concurrent.CompletableFuture$Signaller.block(CompletableFuture.java:1709)
        at java.util.concurrent.ForkJoinPool.managedBlock(ForkJoinPool.java:3323)
        at java.util.concurrent.CompletableFuture.timedGet(CompletableFuture.java:1788)
        at java.util.concurrent.CompletableFuture.get(CompletableFuture.java:1928)
        at org.apache.ratis.util.AwaitForSignal.await(AwaitForSignal.java:56)
        at org.apache.ratis.server.impl.StateMachineUpdater.waitForCommit(StateMachineUpdater.java:207)
        at org.apache.ratis.server.impl.StateMachineUpdater.run(StateMachineUpdater.java:176)
        at java.lang.Thread.run(Thread.java:750)
"qtp2032401286-399" daemon prio=5 tid=399 timed_waiting
java.lang.Thread.State: TIMED_WAITING
        at sun.misc.Unsafe.park(Native Method)
        at java.util.concurrent.locks.LockSupport.parkNanos(LockSupport.java:215)
        at java.util.concurrent.locks.AbstractQueuedSynchronizer$ConditionObject.awaitNanos(AbstractQueuedSynchronizer.java:2078)
        at org.eclipse.jetty.util.BlockingArrayQueue.poll(BlockingArrayQueue.java:382)
        at org.eclipse.jetty.util.thread.QueuedThreadPool$Runner.idleJobPoll(QueuedThreadPool.java:974)
        at org.eclipse.jetty.util.thread.QueuedThreadPool$Runner.run(QueuedThreadPool.java:1018)
        at java.lang.Thread.run(Thread.java:750)
"Datanode State Machine Task Thread - 1"  prio=5 tid=325 in Object.wait()
java.lang.Thread.State: WAITING (on object monitor)
        at sun.misc.Unsafe.park(Native Method)
        at java.util.concurrent.locks.LockSupport.park(LockSupport.java:175)
        at java.util.concurrent.locks.AbstractQueuedSynchronizer$ConditionObject.await(AbstractQueuedSynchronizer.java:2039)
        at java.util.concurrent.LinkedBlockingQueue.take(LinkedBlockingQueue.java:442)
        at java.util.concurrent.ThreadPoolExecutor.getTask(ThreadPoolExecutor.java:1074)
        at java.util.concurrent.ThreadPoolExecutor.runWorker(ThreadPoolExecutor.java:1134)
        at java.util.concurrent.ThreadPoolExecutor$Worker.run(ThreadPoolExecutor.java:624)
        at java.lang.Thread.run(Thread.java:750)
"qtp380675952-245" daemon prio=5 tid=245 timed_waiting
java.lang.Thread.State: TIMED_WAITING
        at sun.misc.Unsafe.park(Native Method)
        at java.util.concurrent.locks.LockSupport.parkNanos(LockSupport.java:215)
        at java.util.concurrent.locks.AbstractQueuedSynchronizer$ConditionObject.awaitNanos(AbstractQueuedSynchronizer.java:2078)
        at org.eclipse.jetty.util.BlockingArrayQueue.poll(BlockingArrayQueue.java:382)
        at org.eclipse.jetty.util.thread.QueuedThreadPool$Runner.idleJobPoll(QueuedThreadPool.java:974)
        at org.eclipse.jetty.util.thread.QueuedThreadPool$Runner.run(QueuedThreadPool.java:1018)
        at java.lang.Thread.run(Thread.java:750)
"Session-HouseKeeper-766bb7f-1"  prio=5 tid=401 timed_waiting
java.lang.Thread.State: TIMED_WAITING
        at sun.misc.Unsafe.park(Native Method)
        at java.util.concurrent.locks.LockSupport.parkNanos(LockSupport.java:215)
        at java.util.concurrent.locks.AbstractQueuedSynchronizer$ConditionObject.awaitNanos(AbstractQueuedSynchronizer.java:2078)
        at java.util.concurrent.ScheduledThreadPoolExecutor$DelayedWorkQueue.take(ScheduledThreadPoolExecutor.java:1093)
        at java.util.concurrent.ScheduledThreadPoolExecutor$DelayedWorkQueue.take(ScheduledThreadPoolExecutor.java:809)
        at java.util.concurrent.ThreadPoolExecutor.getTask(ThreadPoolExecutor.java:1074)
        at java.util.concurrent.ThreadPoolExecutor.runWorker(ThreadPoolExecutor.java:1134)
        at java.util.concurrent.ThreadPoolExecutor$Worker.run(ThreadPoolExecutor.java:624)
        at java.lang.Thread.run(Thread.java:750)
"FixedThreadPoolWithAffinityExecutor-4-0" daemon prio=5 tid=39 timed_waiting
java.lang.Thread.State: TIMED_WAITING
        at sun.misc.Unsafe.park(Native Method)
        at java.util.concurrent.locks.LockSupport.parkNanos(LockSupport.java:215)
        at java.util.concurrent.locks.AbstractQueuedSynchronizer$ConditionObject.awaitNanos(AbstractQueuedSynchronizer.java:2078)
        at java.util.concurrent.LinkedBlockingQueue.poll(LinkedBlockingQueue.java:467)
        at org.apache.hadoop.hdds.scm.server.ContainerReportQueue.poll(ContainerReportQueue.java:266)
        at org.apache.hadoop.hdds.scm.server.ContainerReportQueue.poll(ContainerReportQueue.java:42)
        at org.apache.hadoop.hdds.server.events.FixedThreadPoolWithAffinityExecutor$ContainerReportProcessTask.run(FixedThreadPoolWithAffinityExecutor.java:248)
        at java.util.concurrent.Executors$RunnableAdapter.call(Executors.java:511)
        at java.util.concurrent.FutureTask.run(FutureTask.java:266)
        at java.util.concurrent.ThreadPoolExecutor.runWorker(ThreadPoolExecutor.java:1149)
        at java.util.concurrent.ThreadPoolExecutor$Worker.run(ThreadPoolExecutor.java:624)
        at java.lang.Thread.run(Thread.java:750)
"pool-118-thread-1"  prio=5 tid=587 in Object.wait()
java.lang.Thread.State: WAITING (on object monitor)
        at sun.misc.Unsafe.park(Native Method)
        at java.util.concurrent.locks.LockSupport.park(LockSupport.java:175)
        at java.util.concurrent.locks.AbstractQueuedSynchronizer$ConditionObject.await(AbstractQueuedSynchronizer.java:2039)
        at java.util.concurrent.LinkedBlockingQueue.take(LinkedBlockingQueue.java:442)
        at java.util.concurrent.ThreadPoolExecutor.getTask(ThreadPoolExecutor.java:1074)
        at java.util.concurrent.ThreadPoolExecutor.runWorker(ThreadPoolExecutor.java:1134)
        at java.util.concurrent.ThreadPoolExecutor$Worker.run(ThreadPoolExecutor.java:624)
        at java.lang.Thread.run(Thread.java:750)
"qtp541432460-471" daemon prio=5 tid=471 timed_waiting
java.lang.Thread.State: TIMED_WAITING
        at sun.misc.Unsafe.park(Native Method)
        at java.util.concurrent.locks.LockSupport.parkNanos(LockSupport.java:215)
        at java.util.concurrent.locks.AbstractQueuedSynchronizer$ConditionObject.awaitNanos(AbstractQueuedSynchronizer.java:2078)
        at org.eclipse.jetty.util.BlockingArrayQueue.poll(BlockingArrayQueue.java:382)
        at org.eclipse.jetty.util.thread.QueuedThreadPool$Runner.idleJobPoll(QueuedThreadPool.java:974)
        at org.eclipse.jetty.util.thread.QueuedThreadPool$Runner.run(QueuedThreadPool.java:1018)
        at java.lang.Thread.run(Thread.java:750)
"qtp2032401286-395" daemon prio=5 tid=395 timed_waiting
java.lang.Thread.State: TIMED_WAITING
        at sun.misc.Unsafe.park(Native Method)
        at java.util.concurrent.locks.LockSupport.parkNanos(LockSupport.java:215)
        at java.util.concurrent.locks.AbstractQueuedSynchronizer$ConditionObject.awaitNanos(AbstractQueuedSynchronizer.java:2078)
        at org.eclipse.jetty.util.BlockingArrayQueue.poll(BlockingArrayQueue.java:382)
        at org.eclipse.jetty.util.thread.QueuedThreadPool$Runner.idleJobPoll(QueuedThreadPool.java:974)
        at org.eclipse.jetty.util.thread.QueuedThreadPool$Runner.run(QueuedThreadPool.java:1018)
        at java.lang.Thread.run(Thread.java:750)
"Datanode ReportManager Thread - 3" daemon prio=5 tid=251 timed_waiting
java.lang.Thread.State: TIMED_WAITING
        at sun.misc.Unsafe.park(Native Method)
        at java.util.concurrent.locks.LockSupport.parkNanos(LockSupport.java:215)
        at java.util.concurrent.locks.AbstractQueuedSynchronizer$ConditionObject.awaitNanos(AbstractQueuedSynchronizer.java:2078)
        at java.util.concurrent.ScheduledThreadPoolExecutor$DelayedWorkQueue.take(ScheduledThreadPoolExecutor.java:1093)
        at java.util.concurrent.ScheduledThreadPoolExecutor$DelayedWorkQueue.take(ScheduledThreadPoolExecutor.java:809)
        at java.util.concurrent.ThreadPoolExecutor.getTask(ThreadPoolExecutor.java:1074)
        at java.util.concurrent.ThreadPoolExecutor.runWorker(ThreadPoolExecutor.java:1134)
        at java.util.concurrent.ThreadPoolExecutor$Worker.run(ThreadPoolExecutor.java:624)
        at java.lang.Thread.run(Thread.java:750)
"6fd96d8c-4ef2-4ba8-87f7-371671a16fe6@group-845F74418684-StateMachineUpdater" daemon prio=5 tid=639 timed_waiting
java.lang.Thread.State: TIMED_WAITING
        at sun.misc.Unsafe.park(Native Method)
        at java.util.concurrent.locks.LockSupport.parkNanos(LockSupport.java:215)
        at java.util.concurrent.CompletableFuture$Signaller.block(CompletableFuture.java:1709)
        at java.util.concurrent.ForkJoinPool.managedBlock(ForkJoinPool.java:3323)
        at java.util.concurrent.CompletableFuture.timedGet(CompletableFuture.java:1788)
        at java.util.concurrent.CompletableFuture.get(CompletableFuture.java:1928)
        at org.apache.ratis.util.AwaitForSignal.await(AwaitForSignal.java:56)
        at org.apache.ratis.server.impl.StateMachineUpdater.waitForCommit(StateMachineUpdater.java:207)
        at org.apache.ratis.server.impl.StateMachineUpdater.run(StateMachineUpdater.java:176)
        at java.lang.Thread.run(Thread.java:750)
"Datanode State Machine Task Thread - 0"  prio=5 tid=342 in Object.wait()
java.lang.Thread.State: WAITING (on object monitor)
        at sun.misc.Unsafe.park(Native Method)
        at java.util.concurrent.locks.LockSupport.park(LockSupport.java:175)
        at java.util.concurrent.locks.AbstractQueuedSynchronizer$ConditionObject.await(AbstractQueuedSynchronizer.java:2039)
        at java.util.concurrent.LinkedBlockingQueue.take(LinkedBlockingQueue.java:442)
        at java.util.concurrent.ThreadPoolExecutor.getTask(ThreadPoolExecutor.java:1074)
        at java.util.concurrent.ThreadPoolExecutor.runWorker(ThreadPoolExecutor.java:1134)
        at java.util.concurrent.ThreadPoolExecutor$Worker.run(ThreadPoolExecutor.java:624)
        at java.lang.Thread.run(Thread.java:750)
"BlockDeletingService#0" daemon prio=5 tid=448 timed_waiting
java.lang.Thread.State: TIMED_WAITING
        at sun.misc.Unsafe.park(Native Method)
        at java.util.concurrent.locks.LockSupport.parkNanos(LockSupport.java:215)
        at java.util.concurrent.locks.AbstractQueuedSynchronizer$ConditionObject.awaitNanos(AbstractQueuedSynchronizer.java:2078)
        at java.util.concurrent.ScheduledThreadPoolExecutor$DelayedWorkQueue.take(ScheduledThreadPoolExecutor.java:1093)
        at java.util.concurrent.ScheduledThreadPoolExecutor$DelayedWorkQueue.take(ScheduledThreadPoolExecutor.java:809)
        at java.util.concurrent.ThreadPoolExecutor.getTask(ThreadPoolExecutor.java:1074)
        at java.util.concurrent.ThreadPoolExecutor.runWorker(ThreadPoolExecutor.java:1134)
        at java.util.concurrent.ThreadPoolExecutor$Worker.run(ThreadPoolExecutor.java:624)
        at java.lang.Thread.run(Thread.java:750)
"Datanode ReportManager Thread - 2" daemon prio=5 tid=196 timed_waiting
java.lang.Thread.State: TIMED_WAITING
        at sun.misc.Unsafe.park(Native Method)
        at java.util.concurrent.locks.LockSupport.parkNanos(LockSupport.java:215)
        at java.util.concurrent.locks.AbstractQueuedSynchronizer$ConditionObject.awaitNanos(AbstractQueuedSynchronizer.java:2078)
        at java.util.concurrent.ScheduledThreadPoolExecutor$DelayedWorkQueue.take(ScheduledThreadPoolExecutor.java:1093)
        at java.util.concurrent.ScheduledThreadPoolExecutor$DelayedWorkQueue.take(ScheduledThreadPoolExecutor.java:809)
        at java.util.concurrent.ThreadPoolExecutor.getTask(ThreadPoolExecutor.java:1074)
        at java.util.concurrent.ThreadPoolExecutor.runWorker(ThreadPoolExecutor.java:1134)
        at java.util.concurrent.ThreadPoolExecutor$Worker.run(ThreadPoolExecutor.java:624)
        at java.lang.Thread.run(Thread.java:750)
"om1@group-C5BA1605619E-SegmentedRaftLogWorker"  prio=5 tid=135 timed_waiting
java.lang.Thread.State: TIMED_WAITING
        at sun.misc.Unsafe.park(Native Method)
        at java.util.concurrent.locks.LockSupport.parkNanos(LockSupport.java:215)
        at java.util.concurrent.locks.AbstractQueuedSynchronizer$ConditionObject.awaitNanos(AbstractQueuedSynchronizer.java:2078)
        at org.apache.ratis.util.DataBlockingQueue.poll(DataBlockingQueue.java:148)
        at org.apache.ratis.server.raftlog.segmented.SegmentedRaftLogWorker.run(SegmentedRaftLogWorker.java:310)
        at org.apache.ratis.server.raftlog.segmented.SegmentedRaftLogWorker$$Lambda$665/1566430543.run(Unknown Source)
        at java.lang.Thread.run(Thread.java:750)
"IPC Server handler 9 on default port 35707" daemon prio=5 tid=56 timed_waiting
java.lang.Thread.State: TIMED_WAITING
        at sun.misc.Unsafe.park(Native Method)
        at java.util.concurrent.locks.LockSupport.parkNanos(LockSupport.java:215)
        at java.util.concurrent.locks.AbstractQueuedSynchronizer$ConditionObject.awaitNanos(AbstractQueuedSynchronizer.java:2078)
        at java.util.concurrent.LinkedBlockingQueue.poll(LinkedBlockingQueue.java:467)
        at org.apache.hadoop.ipc.CallQueueManager.take(CallQueueManager.java:317)
        at org.apache.hadoop.ipc.Server$Handler.run(Server.java:2942)
"qtp70104063-115" daemon prio=5 tid=115 timed_waiting
java.lang.Thread.State: TIMED_WAITING
        at sun.misc.Unsafe.park(Native Method)
        at java.util.concurrent.locks.LockSupport.parkNanos(LockSupport.java:215)
        at java.util.concurrent.locks.AbstractQueuedSynchronizer$ConditionObject.awaitNanos(AbstractQueuedSynchronizer.java:2078)
        at org.eclipse.jetty.util.BlockingArrayQueue.poll(BlockingArrayQueue.java:382)
        at org.eclipse.jetty.util.thread.QueuedThreadPool$Runner.idleJobPoll(QueuedThreadPool.java:974)
        at org.eclipse.jetty.util.thread.QueuedThreadPool$Runner.run(QueuedThreadPool.java:1018)
        at java.lang.Thread.run(Thread.java:750)
"qtp541432460-473" daemon prio=5 tid=473 timed_waiting
java.lang.Thread.State: TIMED_WAITING
        at sun.misc.Unsafe.park(Native Method)
        at java.util.concurrent.locks.LockSupport.parkNanos(LockSupport.java:215)
        at java.util.concurrent.locks.AbstractQueuedSynchronizer$ConditionObject.awaitNanos(AbstractQueuedSynchronizer.java:2078)
        at org.eclipse.jetty.util.BlockingArrayQueue.poll(BlockingArrayQueue.java:382)
        at org.eclipse.jetty.util.thread.QueuedThreadPool$Runner.idleJobPoll(QueuedThreadPool.java:974)
        at org.eclipse.jetty.util.thread.QueuedThreadPool$Runner.run(QueuedThreadPool.java:1018)
        at java.lang.Thread.run(Thread.java:750)
"ChunkReader-1" daemon prio=5 tid=1026 in Object.wait()
java.lang.Thread.State: WAITING (on object monitor)
        at sun.misc.Unsafe.park(Native Method)
        at java.util.concurrent.locks.LockSupport.park(LockSupport.java:175)
        at java.util.concurrent.locks.AbstractQueuedSynchronizer$ConditionObject.await(AbstractQueuedSynchronizer.java:2039)
        at java.util.concurrent.LinkedBlockingQueue.take(LinkedBlockingQueue.java:442)
        at java.util.concurrent.ThreadPoolExecutor.getTask(ThreadPoolExecutor.java:1074)
        at java.util.concurrent.ThreadPoolExecutor.runWorker(ThreadPoolExecutor.java:1134)
        at java.util.concurrent.ThreadPoolExecutor$Worker.run(ThreadPoolExecutor.java:624)
        at java.lang.Thread.run(Thread.java:750)
"IPC Server handler 5 on default port 42997" daemon prio=5 tid=92 timed_waiting
java.lang.Thread.State: TIMED_WAITING
        at sun.misc.Unsafe.park(Native Method)
        at java.util.concurrent.locks.LockSupport.parkNanos(LockSupport.java:215)
        at java.util.concurrent.locks.AbstractQueuedSynchronizer$ConditionObject.awaitNanos(AbstractQueuedSynchronizer.java:2078)
        at java.util.concurrent.LinkedBlockingQueue.poll(LinkedBlockingQueue.java:467)
        at org.apache.hadoop.ipc.CallQueueManager.take(CallQueueManager.java:317)
        at org.apache.hadoop.ipc.Server$Handler.run(Server.java:2942)
"ChunkReader-4" daemon prio=5 tid=896 in Object.wait()
java.lang.Thread.State: WAITING (on object monitor)
        at sun.misc.Unsafe.park(Native Method)
        at java.util.concurrent.locks.LockSupport.park(LockSupport.java:175)
        at java.util.concurrent.locks.AbstractQueuedSynchronizer$ConditionObject.await(AbstractQueuedSynchronizer.java:2039)
        at java.util.concurrent.LinkedBlockingQueue.take(LinkedBlockingQueue.java:442)
        at java.util.concurrent.ThreadPoolExecutor.getTask(ThreadPoolExecutor.java:1074)
        at java.util.concurrent.ThreadPoolExecutor.runWorker(ThreadPoolExecutor.java:1134)
        at java.util.concurrent.ThreadPoolExecutor$Worker.run(ThreadPoolExecutor.java:624)
        at java.lang.Thread.run(Thread.java:750)
"IPC Server handler 8 on default port 42997" daemon prio=5 tid=95 timed_waiting
java.lang.Thread.State: TIMED_WAITING
        at sun.misc.Unsafe.park(Native Method)
        at java.util.concurrent.locks.LockSupport.parkNanos(LockSupport.java:215)
        at java.util.concurrent.locks.AbstractQueuedSynchronizer$ConditionObject.awaitNanos(AbstractQueuedSynchronizer.java:2078)
        at java.util.concurrent.LinkedBlockingQueue.poll(LinkedBlockingQueue.java:467)
        at org.apache.hadoop.ipc.CallQueueManager.take(CallQueueManager.java:317)
        at org.apache.hadoop.ipc.Server$Handler.run(Server.java:2942)
"RatisPipelineUtilsThread - 0"  prio=5 tid=15 timed_waiting
java.lang.Thread.State: TIMED_WAITING
        at java.lang.Object.wait(Native Method)
        at org.apache.hadoop.hdds.scm.pipeline.BackgroundPipelineCreator.run(BackgroundPipelineCreator.java:176)
        at org.apache.hadoop.hdds.scm.pipeline.BackgroundPipelineCreator$$Lambda$372/1980278840.run(Unknown Source)
        at java.lang.Thread.run(Thread.java:750)
"StaleRecoveringContainerScrubbingService#4" daemon prio=5 tid=980 in Object.wait()
java.lang.Thread.State: WAITING (on object monitor)
        at sun.misc.Unsafe.park(Native Method)
        at java.util.concurrent.locks.LockSupport.park(LockSupport.java:175)
        at java.util.concurrent.locks.AbstractQueuedSynchronizer$ConditionObject.await(AbstractQueuedSynchronizer.java:2039)
        at java.util.concurrent.ScheduledThreadPoolExecutor$DelayedWorkQueue.take(ScheduledThreadPoolExecutor.java:1088)
        at java.util.concurrent.ScheduledThreadPoolExecutor$DelayedWorkQueue.take(ScheduledThreadPoolExecutor.java:809)
        at java.util.concurrent.ThreadPoolExecutor.getTask(ThreadPoolExecutor.java:1074)
        at java.util.concurrent.ThreadPoolExecutor.runWorker(ThreadPoolExecutor.java:1134)
        at java.util.concurrent.ThreadPoolExecutor$Worker.run(ThreadPoolExecutor.java:624)
        at java.lang.Thread.run(Thread.java:750)
"ec-reconstruct-reader-TID-0"  prio=5 tid=905 in Object.wait()
java.lang.Thread.State: WAITING (on object monitor)
        at sun.misc.Unsafe.park(Native Method)
        at java.util.concurrent.locks.LockSupport.park(LockSupport.java:175)
        at java.util.concurrent.SynchronousQueue$TransferStack.awaitFulfill(SynchronousQueue.java:458)
        at java.util.concurrent.SynchronousQueue$TransferStack.transfer(SynchronousQueue.java:362)
        at java.util.concurrent.SynchronousQueue.take(SynchronousQueue.java:924)
        at java.util.concurrent.ThreadPoolExecutor.getTask(ThreadPoolExecutor.java:1074)
        at java.util.concurrent.ThreadPoolExecutor.runWorker(ThreadPoolExecutor.java:1134)
        at java.util.concurrent.ThreadPoolExecutor$Worker.run(ThreadPoolExecutor.java:624)
        at java.lang.Thread.run(Thread.java:750)
"StaleRecoveringContainerScrubbingService#3" daemon prio=5 tid=879 in Object.wait()
java.lang.Thread.State: WAITING (on object monitor)
        at sun.misc.Unsafe.park(Native Method)
        at java.util.concurrent.locks.LockSupport.park(LockSupport.java:175)
        at java.util.concurrent.locks.AbstractQueuedSynchronizer$ConditionObject.await(AbstractQueuedSynchronizer.java:2039)
        at java.util.concurrent.ScheduledThreadPoolExecutor$DelayedWorkQueue.take(ScheduledThreadPoolExecutor.java:1088)
        at java.util.concurrent.ScheduledThreadPoolExecutor$DelayedWorkQueue.take(ScheduledThreadPoolExecutor.java:809)
        at java.util.concurrent.ThreadPoolExecutor.getTask(ThreadPoolExecutor.java:1074)
        at java.util.concurrent.ThreadPoolExecutor.runWorker(ThreadPoolExecutor.java:1134)
        at java.util.concurrent.ThreadPoolExecutor$Worker.run(ThreadPoolExecutor.java:624)
        at java.lang.Thread.run(Thread.java:750)
"IPC Server handler 10 on default port 35707" daemon prio=5 tid=57 timed_waiting
java.lang.Thread.State: TIMED_WAITING
        at sun.misc.Unsafe.park(Native Method)
        at java.util.concurrent.locks.LockSupport.parkNanos(LockSupport.java:215)
        at java.util.concurrent.locks.AbstractQueuedSynchronizer$ConditionObject.awaitNanos(AbstractQueuedSynchronizer.java:2078)
        at java.util.concurrent.LinkedBlockingQueue.poll(LinkedBlockingQueue.java:467)
        at org.apache.hadoop.ipc.CallQueueManager.take(CallQueueManager.java:317)
        at org.apache.hadoop.ipc.Server$Handler.run(Server.java:2942)
"Socket Reader #1 for port 0"  prio=5 tid=28 runnable
java.lang.Thread.State: RUNNABLE
        at sun.nio.ch.EPollArrayWrapper.epollWait(Native Method)
        at sun.nio.ch.EPollArrayWrapper.poll(EPollArrayWrapper.java:269)
        at sun.nio.ch.EPollSelectorImpl.doSelect(EPollSelectorImpl.java:93)
        at sun.nio.ch.SelectorImpl.lockAndDoSelect(SelectorImpl.java:86)
        at sun.nio.ch.SelectorImpl.select(SelectorImpl.java:97)
        at sun.nio.ch.SelectorImpl.select(SelectorImpl.java:101)
        at org.apache.hadoop.ipc.Server$Listener$Reader.doRunLoop(Server.java:1296)
        at org.apache.hadoop.ipc.Server$Listener$Reader.run(Server.java:1275)
"JvmPauseMonitor4" daemon prio=5 tid=446 timed_waiting
java.lang.Thread.State: TIMED_WAITING
        at java.lang.Thread.sleep(Native Method)
        at java.lang.Thread.sleep(Thread.java:342)
        at java.util.concurrent.TimeUnit.sleep(TimeUnit.java:386)
        at org.apache.ratis.util.TimeDuration.sleep(TimeDuration.java:325)
        at org.apache.ratis.util.TimeDuration.sleep(TimeDuration.java:310)
        at org.apache.ratis.util.JvmPauseMonitor.detectPause(JvmPauseMonitor.java:119)
        at org.apache.ratis.util.JvmPauseMonitor.run(JvmPauseMonitor.java:108)
        at org.apache.ratis.util.JvmPauseMonitor$$Lambda$706/2022973332.run(Unknown Source)
        at java.lang.Thread.run(Thread.java:750)
"IPC Server handler 1 on default port 40677" daemon prio=5 tid=68 timed_waiting
java.lang.Thread.State: TIMED_WAITING
        at sun.misc.Unsafe.park(Native Method)
        at java.util.concurrent.locks.LockSupport.parkNanos(LockSupport.java:215)
        at java.util.concurrent.locks.AbstractQueuedSynchronizer$ConditionObject.awaitNanos(AbstractQueuedSynchronizer.java:2078)
        at java.util.concurrent.LinkedBlockingQueue.poll(LinkedBlockingQueue.java:467)
        at org.apache.hadoop.ipc.CallQueueManager.take(CallQueueManager.java:317)
        at org.apache.hadoop.ipc.Server$Handler.run(Server.java:2942)
"ChunkReader-4" daemon prio=5 tid=918 in Object.wait()
java.lang.Thread.State: WAITING (on object monitor)
        at sun.misc.Unsafe.park(Native Method)
        at java.util.concurrent.locks.LockSupport.park(LockSupport.java:175)
        at java.util.concurrent.locks.AbstractQueuedSynchronizer$ConditionObject.await(AbstractQueuedSynchronizer.java:2039)
        at java.util.concurrent.LinkedBlockingQueue.take(LinkedBlockingQueue.java:442)
        at java.util.concurrent.ThreadPoolExecutor.getTask(ThreadPoolExecutor.java:1074)
        at java.util.concurrent.ThreadPoolExecutor.runWorker(ThreadPoolExecutor.java:1134)
        at java.util.concurrent.ThreadPoolExecutor$Worker.run(ThreadPoolExecutor.java:624)
        at java.lang.Thread.run(Thread.java:750)
"Datanode State Machine Daemon Thread" daemon prio=5 tid=496 timed_waiting
java.lang.Thread.State: TIMED_WAITING
        at java.lang.Thread.sleep(Native Method)
        at org.apache.hadoop.ozone.container.common.statemachine.DatanodeStateMachine.startStateMachineThread(DatanodeStateMachine.java:321)
        at org.apache.hadoop.ozone.container.common.statemachine.DatanodeStateMachine.lambda$startDaemon$0(DatanodeStateMachine.java:506)
        at org.apache.hadoop.ozone.container.common.statemachine.DatanodeStateMachine$$Lambda$751/1388137600.run(Unknown Source)
        at java.lang.Thread.run(Thread.java:750)
"StaleRecoveringContainerScrubbingService#8" daemon prio=5 tid=1103 in Object.wait()
java.lang.Thread.State: WAITING (on object monitor)
        at sun.misc.Unsafe.park(Native Method)
        at java.util.concurrent.locks.LockSupport.park(LockSupport.java:175)
        at java.util.concurrent.locks.AbstractQueuedSynchronizer$ConditionObject.await(AbstractQueuedSynchronizer.java:2039)
        at java.util.concurrent.ScheduledThreadPoolExecutor$DelayedWorkQueue.take(ScheduledThreadPoolExecutor.java:1088)
        at java.util.concurrent.ScheduledThreadPoolExecutor$DelayedWorkQueue.take(ScheduledThreadPoolExecutor.java:809)
        at java.util.concurrent.ThreadPoolExecutor.getTask(ThreadPoolExecutor.java:1074)
        at java.util.concurrent.ThreadPoolExecutor.runWorker(ThreadPoolExecutor.java:1134)
        at java.util.concurrent.ThreadPoolExecutor$Worker.run(ThreadPoolExecutor.java:624)
        at java.lang.Thread.run(Thread.java:750)
"pool-234-thread-1" daemon prio=5 tid=388 timed_waiting
java.lang.Thread.State: TIMED_WAITING
        at sun.misc.Unsafe.park(Native Method)
        at java.util.concurrent.locks.LockSupport.parkNanos(LockSupport.java:215)
        at java.util.concurrent.locks.AbstractQueuedSynchronizer$ConditionObject.awaitNanos(AbstractQueuedSynchronizer.java:2078)
        at java.util.concurrent.ScheduledThreadPoolExecutor$DelayedWorkQueue.take(ScheduledThreadPoolExecutor.java:1093)
        at java.util.concurrent.ScheduledThreadPoolExecutor$DelayedWorkQueue.take(ScheduledThreadPoolExecutor.java:809)
        at java.util.concurrent.ThreadPoolExecutor.getTask(ThreadPoolExecutor.java:1074)
        at java.util.concurrent.ThreadPoolExecutor.runWorker(ThreadPoolExecutor.java:1134)
        at java.util.concurrent.ThreadPoolExecutor$Worker.run(ThreadPoolExecutor.java:624)
        at java.lang.Thread.run(Thread.java:750)
"IPC Server handler 10 on default port 40677" daemon prio=5 tid=77 timed_waiting
java.lang.Thread.State: TIMED_WAITING
        at sun.misc.Unsafe.park(Native Method)
        at java.util.concurrent.locks.LockSupport.parkNanos(LockSupport.java:215)
        at java.util.concurrent.locks.AbstractQueuedSynchronizer$ConditionObject.awaitNanos(AbstractQueuedSynchronizer.java:2078)
        at java.util.concurrent.LinkedBlockingQueue.poll(LinkedBlockingQueue.java:467)
        at org.apache.hadoop.ipc.CallQueueManager.take(CallQueueManager.java:317)
        at org.apache.hadoop.ipc.Server$Handler.run(Server.java:2942)
"Signal Dispatcher" daemon prio=9 tid=4 runnable
java.lang.Thread.State: RUNNABLE
"qtp1996954635-292" daemon prio=5 tid=292 timed_waiting
java.lang.Thread.State: TIMED_WAITING
        at sun.misc.Unsafe.park(Native Method)
        at java.util.concurrent.locks.LockSupport.parkNanos(LockSupport.java:215)
        at java.util.concurrent.locks.AbstractQueuedSynchronizer$ConditionObject.awaitNanos(AbstractQueuedSynchronizer.java:2078)
        at org.eclipse.jetty.util.BlockingArrayQueue.poll(BlockingArrayQueue.java:382)
        at org.eclipse.jetty.util.thread.QueuedThreadPool$Runner.idleJobPoll(QueuedThreadPool.java:974)
        at org.eclipse.jetty.util.thread.QueuedThreadPool$Runner.run(QueuedThreadPool.java:1018)
        at java.lang.Thread.run(Thread.java:750)
"ChunkReader-8" daemon prio=5 tid=924 in Object.wait()
java.lang.Thread.State: WAITING (on object monitor)
        at sun.misc.Unsafe.park(Native Method)
        at java.util.concurrent.locks.LockSupport.park(LockSupport.java:175)
        at java.util.concurrent.locks.AbstractQueuedSynchronizer$ConditionObject.await(AbstractQueuedSynchronizer.java:2039)
        at java.util.concurrent.LinkedBlockingQueue.take(LinkedBlockingQueue.java:442)
        at java.util.concurrent.ThreadPoolExecutor.getTask(ThreadPoolExecutor.java:1074)
        at java.util.concurrent.ThreadPoolExecutor.runWorker(ThreadPoolExecutor.java:1134)
        at java.util.concurrent.ThreadPoolExecutor$Worker.run(ThreadPoolExecutor.java:624)
        at java.lang.Thread.run(Thread.java:750)
"IPC Server handler 8 on default port 43781" daemon prio=5 tid=162 timed_waiting
java.lang.Thread.State: TIMED_WAITING
        at sun.misc.Unsafe.park(Native Method)
        at java.util.concurrent.locks.LockSupport.parkNanos(LockSupport.java:215)
        at java.util.concurrent.locks.AbstractQueuedSynchronizer$ConditionObject.awaitNanos(AbstractQueuedSynchronizer.java:2078)
        at java.util.concurrent.LinkedBlockingQueue.poll(LinkedBlockingQueue.java:467)
        at org.apache.hadoop.ipc.CallQueueManager.take(CallQueueManager.java:317)
        at org.apache.hadoop.ipc.Server$Handler.run(Server.java:2942)
"JvmPauseMonitor8" daemon prio=5 tid=536 timed_waiting
java.lang.Thread.State: TIMED_WAITING
        at java.lang.Thread.sleep(Native Method)
        at java.lang.Thread.sleep(Thread.java:342)
        at java.util.concurrent.TimeUnit.sleep(TimeUnit.java:386)
        at org.apache.ratis.util.TimeDuration.sleep(TimeDuration.java:325)
        at org.apache.ratis.util.TimeDuration.sleep(TimeDuration.java:310)
        at org.apache.ratis.util.JvmPauseMonitor.detectPause(JvmPauseMonitor.java:119)
        at org.apache.ratis.util.JvmPauseMonitor.run(JvmPauseMonitor.java:108)
        at org.apache.ratis.util.JvmPauseMonitor$$Lambda$706/2022973332.run(Unknown Source)
        at java.lang.Thread.run(Thread.java:750)
"grpc-default-boss-ELG-1-1" daemon prio=5 tid=138 runnable
java.lang.Thread.State: RUNNABLE
        at org.apache.ratis.thirdparty.io.netty.channel.epoll.Native.epollWait(Native Method)
        at org.apache.ratis.thirdparty.io.netty.channel.epoll.Native.epollWait(Native.java:209)
        at org.apache.ratis.thirdparty.io.netty.channel.epoll.Native.epollWait(Native.java:202)
        at org.apache.ratis.thirdparty.io.netty.channel.epoll.EpollEventLoop.epollWaitNoTimerChange(EpollEventLoop.java:294)
        at org.apache.ratis.thirdparty.io.netty.channel.epoll.EpollEventLoop.run(EpollEventLoop.java:351)
        at org.apache.ratis.thirdparty.io.netty.util.concurrent.SingleThreadEventExecutor$4.run(SingleThreadEventExecutor.java:995)
        at org.apache.ratis.thirdparty.io.netty.util.internal.ThreadExecutorMap$2.run(ThreadExecutorMap.java:74)
        at org.apache.ratis.thirdparty.io.netty.util.concurrent.FastThreadLocalRunnable.run(FastThreadLocalRunnable.java:30)
        at java.lang.Thread.run(Thread.java:750)
"qtp1026182168-151" daemon prio=5 tid=151 timed_waiting
java.lang.Thread.State: TIMED_WAITING
        at sun.misc.Unsafe.park(Native Method)
        at java.util.concurrent.locks.LockSupport.parkNanos(LockSupport.java:215)
        at java.util.concurrent.locks.AbstractQueuedSynchronizer$ConditionObject.awaitNanos(AbstractQueuedSynchronizer.java:2078)
        at org.eclipse.jetty.util.BlockingArrayQueue.poll(BlockingArrayQueue.java:382)
        at org.eclipse.jetty.util.thread.QueuedThreadPool$Runner.idleJobPoll(QueuedThreadPool.java:974)
        at org.eclipse.jetty.util.thread.QueuedThreadPool$Runner.run(QueuedThreadPool.java:1018)
        at java.lang.Thread.run(Thread.java:750)
"Datanode ReportManager Thread - 1" daemon prio=5 tid=498 timed_waiting
java.lang.Thread.State: TIMED_WAITING
        at sun.misc.Unsafe.park(Native Method)
        at java.util.concurrent.locks.LockSupport.parkNanos(LockSupport.java:215)
        at java.util.concurrent.locks.AbstractQueuedSynchronizer$ConditionObject.awaitNanos(AbstractQueuedSynchronizer.java:2078)
        at java.util.concurrent.ScheduledThreadPoolExecutor$DelayedWorkQueue.take(ScheduledThreadPoolExecutor.java:1093)
        at java.util.concurrent.ScheduledThreadPoolExecutor$DelayedWorkQueue.take(ScheduledThreadPoolExecutor.java:809)
        at java.util.concurrent.ThreadPoolExecutor.getTask(ThreadPoolExecutor.java:1074)
        at java.util.concurrent.ThreadPoolExecutor.runWorker(ThreadPoolExecutor.java:1134)
        at java.util.concurrent.ThreadPoolExecutor$Worker.run(ThreadPoolExecutor.java:624)
        at java.lang.Thread.run(Thread.java:750)
"qtp380675952-242" daemon prio=5 tid=242 timed_waiting
java.lang.Thread.State: TIMED_WAITING
        at sun.misc.Unsafe.park(Native Method)
        at java.util.concurrent.locks.LockSupport.parkNanos(LockSupport.java:215)
        at java.util.concurrent.locks.AbstractQueuedSynchronizer$ConditionObject.awaitNanos(AbstractQueuedSynchronizer.java:2078)
        at org.eclipse.jetty.util.BlockingArrayQueue.poll(BlockingArrayQueue.java:382)
        at org.eclipse.jetty.util.thread.QueuedThreadPool$Runner.idleJobPoll(QueuedThreadPool.java:974)
        at org.eclipse.jetty.util.thread.QueuedThreadPool$Runner.run(QueuedThreadPool.java:1018)
        at java.lang.Thread.run(Thread.java:750)
"Periodic HDDS volume checker" daemon prio=5 tid=424 timed_waiting
java.lang.Thread.State: TIMED_WAITING
        at sun.misc.Unsafe.park(Native Method)
        at java.util.concurrent.locks.LockSupport.parkNanos(LockSupport.java:215)
        at java.util.concurrent.locks.AbstractQueuedSynchronizer$ConditionObject.awaitNanos(AbstractQueuedSynchronizer.java:2078)
        at java.util.concurrent.ScheduledThreadPoolExecutor$DelayedWorkQueue.take(ScheduledThreadPoolExecutor.java:1093)
        at java.util.concurrent.ScheduledThreadPoolExecutor$DelayedWorkQueue.take(ScheduledThreadPoolExecutor.java:809)
        at java.util.concurrent.ThreadPoolExecutor.getTask(ThreadPoolExecutor.java:1074)
        at java.util.concurrent.ThreadPoolExecutor.runWorker(ThreadPoolExecutor.java:1134)
        at java.util.concurrent.ThreadPoolExecutor$Worker.run(ThreadPoolExecutor.java:624)
        at java.lang.Thread.run(Thread.java:750)
"timer5" daemon prio=5 tid=707 timed_waiting
java.lang.Thread.State: TIMED_WAITING
        at java.lang.Object.wait(Native Method)
        at java.util.TimerThread.mainLoop(Timer.java:552)
        at java.util.TimerThread.run(Timer.java:505)
"ec-reconstruct-reader-TID-1"  prio=5 tid=906 in Object.wait()
java.lang.Thread.State: WAITING (on object monitor)
        at sun.misc.Unsafe.park(Native Method)
        at java.util.concurrent.locks.LockSupport.park(LockSupport.java:175)
        at java.util.concurrent.SynchronousQueue$TransferStack.awaitFulfill(SynchronousQueue.java:458)
        at java.util.concurrent.SynchronousQueue$TransferStack.transfer(SynchronousQueue.java:362)
        at java.util.concurrent.SynchronousQueue.take(SynchronousQueue.java:924)
        at java.util.concurrent.ThreadPoolExecutor.getTask(ThreadPoolExecutor.java:1074)
        at java.util.concurrent.ThreadPoolExecutor.runWorker(ThreadPoolExecutor.java:1134)
        at java.util.concurrent.ThreadPoolExecutor$Worker.run(ThreadPoolExecutor.java:624)
        at java.lang.Thread.run(Thread.java:750)
"2412583d-f0ce-4b83-96a1-c4f14f6f25ae@group-845F74418684-StateMachineUpdater" daemon prio=5 tid=635 timed_waiting
java.lang.Thread.State: TIMED_WAITING
        at sun.misc.Unsafe.park(Native Method)
        at java.util.concurrent.locks.LockSupport.parkNanos(LockSupport.java:215)
        at java.util.concurrent.CompletableFuture$Signaller.block(CompletableFuture.java:1709)
        at java.util.concurrent.ForkJoinPool.managedBlock(ForkJoinPool.java:3323)
        at java.util.concurrent.CompletableFuture.timedGet(CompletableFuture.java:1788)
        at java.util.concurrent.CompletableFuture.get(CompletableFuture.java:1928)
        at org.apache.ratis.util.AwaitForSignal.await(AwaitForSignal.java:56)
        at org.apache.ratis.server.impl.StateMachineUpdater.waitForCommit(StateMachineUpdater.java:207)
        at org.apache.ratis.server.impl.StateMachineUpdater.run(StateMachineUpdater.java:176)
        at java.lang.Thread.run(Thread.java:750)
"IPC Server handler 16 on default port 42997" daemon prio=5 tid=103 timed_waiting
java.lang.Thread.State: TIMED_WAITING
        at sun.misc.Unsafe.park(Native Method)
        at java.util.concurrent.locks.LockSupport.parkNanos(LockSupport.java:215)
        at java.util.concurrent.locks.AbstractQueuedSynchronizer$ConditionObject.awaitNanos(AbstractQueuedSynchronizer.java:2078)
        at java.util.concurrent.LinkedBlockingQueue.poll(LinkedBlockingQueue.java:467)
        at org.apache.hadoop.ipc.CallQueueManager.take(CallQueueManager.java:317)
        at org.apache.hadoop.ipc.Server$Handler.run(Server.java:2942)
"IPC Server handler 10 on default port 42997" daemon prio=5 tid=97 timed_waiting
java.lang.Thread.State: TIMED_WAITING
        at sun.misc.Unsafe.park(Native Method)
        at java.util.concurrent.locks.LockSupport.parkNanos(LockSupport.java:215)
        at java.util.concurrent.locks.AbstractQueuedSynchronizer$ConditionObject.awaitNanos(AbstractQueuedSynchronizer.java:2078)
        at java.util.concurrent.LinkedBlockingQueue.poll(LinkedBlockingQueue.java:467)
        at org.apache.hadoop.ipc.CallQueueManager.take(CallQueueManager.java:317)
        at org.apache.hadoop.ipc.Server$Handler.run(Server.java:2942)
"pool-304-thread-1"  prio=5 tid=468 timed_waiting
java.lang.Thread.State: TIMED_WAITING
        at sun.misc.Unsafe.park(Native Method)
        at java.util.concurrent.locks.LockSupport.parkNanos(LockSupport.java:215)
        at java.util.concurrent.locks.AbstractQueuedSynchronizer$ConditionObject.awaitNanos(AbstractQueuedSynchronizer.java:2078)
        at java.util.concurrent.ScheduledThreadPoolExecutor$DelayedWorkQueue.take(ScheduledThreadPoolExecutor.java:1093)
        at java.util.concurrent.ScheduledThreadPoolExecutor$DelayedWorkQueue.take(ScheduledThreadPoolExecutor.java:809)
        at java.util.concurrent.ThreadPoolExecutor.getTask(ThreadPoolExecutor.java:1074)
        at java.util.concurrent.ThreadPoolExecutor.runWorker(ThreadPoolExecutor.java:1134)
        at java.util.concurrent.ThreadPoolExecutor$Worker.run(ThreadPoolExecutor.java:624)
        at java.lang.Thread.run(Thread.java:750)
"OMDoubleBufferFlushThread" daemon prio=5 tid=125 timed_waiting
java.lang.Thread.State: TIMED_WAITING
        at java.lang.Object.wait(Native Method)
        at org.apache.hadoop.ozone.om.ratis.OzoneManagerDoubleBuffer.canFlush(OzoneManagerDoubleBuffer.java:538)
        at org.apache.hadoop.ozone.om.ratis.OzoneManagerDoubleBuffer.flushTransactions(OzoneManagerDoubleBuffer.java:268)
        at org.apache.hadoop.ozone.om.ratis.OzoneManagerDoubleBuffer$$Lambda$504/211087905.run(Unknown Source)
        at java.lang.Thread.run(Thread.java:750)
"IPC Server handler 3 on default port 43781" daemon prio=5 tid=157 timed_waiting
java.lang.Thread.State: TIMED_WAITING
        at sun.misc.Unsafe.park(Native Method)
        at java.util.concurrent.locks.LockSupport.parkNanos(LockSupport.java:215)
        at java.util.concurrent.locks.AbstractQueuedSynchronizer$ConditionObject.awaitNanos(AbstractQueuedSynchronizer.java:2078)
        at java.util.concurrent.LinkedBlockingQueue.poll(LinkedBlockingQueue.java:467)
        at org.apache.hadoop.ipc.CallQueueManager.take(CallQueueManager.java:317)
        at org.apache.hadoop.ipc.Server$Handler.run(Server.java:2942)
"ChunkReader-0" daemon prio=5 tid=756 in Object.wait()
java.lang.Thread.State: WAITING (on object monitor)
        at sun.misc.Unsafe.park(Native Method)
        at java.util.concurrent.locks.LockSupport.park(LockSupport.java:175)
        at java.util.concurrent.locks.AbstractQueuedSynchronizer$ConditionObject.await(AbstractQueuedSynchronizer.java:2039)
        at java.util.concurrent.LinkedBlockingQueue.take(LinkedBlockingQueue.java:442)
        at java.util.concurrent.ThreadPoolExecutor.getTask(ThreadPoolExecutor.java:1074)
        at java.util.concurrent.ThreadPoolExecutor.runWorker(ThreadPoolExecutor.java:1134)
        at java.util.concurrent.ThreadPoolExecutor$Worker.run(ThreadPoolExecutor.java:624)
        at java.lang.Thread.run(Thread.java:750)
"pool-141-thread-1"  prio=5 tid=613 in Object.wait()
java.lang.Thread.State: WAITING (on object monitor)
        at sun.misc.Unsafe.park(Native Method)
        at java.util.concurrent.locks.LockSupport.park(LockSupport.java:175)
        at java.util.concurrent.locks.AbstractQueuedSynchronizer$ConditionObject.await(AbstractQueuedSynchronizer.java:2039)
        at java.util.concurrent.LinkedBlockingQueue.take(LinkedBlockingQueue.java:442)
        at java.util.concurrent.ThreadPoolExecutor.getTask(ThreadPoolExecutor.java:1074)
        at java.util.concurrent.ThreadPoolExecutor.runWorker(ThreadPoolExecutor.java:1134)
        at java.util.concurrent.ThreadPoolExecutor$Worker.run(ThreadPoolExecutor.java:624)
        at java.lang.Thread.run(Thread.java:750)
"Command processor thread" daemon prio=5 tid=340 timed_waiting
java.lang.Thread.State: TIMED_WAITING
        at java.lang.Thread.sleep(Native Method)
        at org.apache.hadoop.ozone.container.common.statemachine.DatanodeStateMachine.lambda$initCommandHandlerThread$3(DatanodeStateMachine.java:641)
        at org.apache.hadoop.ozone.container.common.statemachine.DatanodeStateMachine$$Lambda$753/128958122.run(Unknown Source)
        at java.lang.Thread.run(Thread.java:750)
"IPC Server handler 6 on default port 42997" daemon prio=5 tid=93 timed_waiting
java.lang.Thread.State: TIMED_WAITING
        at sun.misc.Unsafe.park(Native Method)
        at java.util.concurrent.locks.LockSupport.parkNanos(LockSupport.java:215)
        at java.util.concurrent.locks.AbstractQueuedSynchronizer$ConditionObject.awaitNanos(AbstractQueuedSynchronizer.java:2078)
        at java.util.concurrent.LinkedBlockingQueue.poll(LinkedBlockingQueue.java:467)
        at org.apache.hadoop.ipc.CallQueueManager.take(CallQueueManager.java:317)
        at org.apache.hadoop.ipc.Server$Handler.run(Server.java:2942)
"IPC Server handler 17 on default port 35707" daemon prio=5 tid=64 timed_waiting
java.lang.Thread.State: TIMED_WAITING
        at sun.misc.Unsafe.park(Native Method)
        at java.util.concurrent.locks.LockSupport.parkNanos(LockSupport.java:215)
        at java.util.concurrent.locks.AbstractQueuedSynchronizer$ConditionObject.awaitNanos(AbstractQueuedSynchronizer.java:2078)
        at java.util.concurrent.LinkedBlockingQueue.poll(LinkedBlockingQueue.java:467)
        at org.apache.hadoop.ipc.CallQueueManager.take(CallQueueManager.java:317)
        at org.apache.hadoop.ipc.Server$Handler.run(Server.java:2942)
"StaleRecoveringContainerScrubbingService#3" daemon prio=5 tid=869 in Object.wait()
java.lang.Thread.State: WAITING (on object monitor)
        at sun.misc.Unsafe.park(Native Method)
        at java.util.concurrent.locks.LockSupport.park(LockSupport.java:175)
        at java.util.concurrent.locks.AbstractQueuedSynchronizer$ConditionObject.await(AbstractQueuedSynchronizer.java:2039)
        at java.util.concurrent.ScheduledThreadPoolExecutor$DelayedWorkQueue.take(ScheduledThreadPoolExecutor.java:1088)
        at java.util.concurrent.ScheduledThreadPoolExecutor$DelayedWorkQueue.take(ScheduledThreadPoolExecutor.java:809)
        at java.util.concurrent.ThreadPoolExecutor.getTask(ThreadPoolExecutor.java:1074)
        at java.util.concurrent.ThreadPoolExecutor.runWorker(ThreadPoolExecutor.java:1134)
        at java.util.concurrent.ThreadPoolExecutor$Worker.run(ThreadPoolExecutor.java:624)
        at java.lang.Thread.run(Thread.java:750)
"JvmPauseMonitor1" daemon prio=5 tid=337 timed_waiting
java.lang.Thread.State: TIMED_WAITING
        at java.lang.Thread.sleep(Native Method)
        at java.lang.Thread.sleep(Thread.java:342)
        at java.util.concurrent.TimeUnit.sleep(TimeUnit.java:386)
        at org.apache.ratis.util.TimeDuration.sleep(TimeDuration.java:325)
        at org.apache.ratis.util.TimeDuration.sleep(TimeDuration.java:310)
        at org.apache.ratis.util.JvmPauseMonitor.detectPause(JvmPauseMonitor.java:119)
        at org.apache.ratis.util.JvmPauseMonitor.run(JvmPauseMonitor.java:108)
        at org.apache.ratis.util.JvmPauseMonitor$$Lambda$706/2022973332.run(Unknown Source)
        at java.lang.Thread.run(Thread.java:750)
"ChunkReader-4" daemon prio=5 tid=908 in Object.wait()
java.lang.Thread.State: WAITING (on object monitor)
        at sun.misc.Unsafe.park(Native Method)
        at java.util.concurrent.locks.LockSupport.park(LockSupport.java:175)
        at java.util.concurrent.locks.AbstractQueuedSynchronizer$ConditionObject.await(AbstractQueuedSynchronizer.java:2039)
        at java.util.concurrent.LinkedBlockingQueue.take(LinkedBlockingQueue.java:442)
        at java.util.concurrent.ThreadPoolExecutor.getTask(ThreadPoolExecutor.java:1074)
        at java.util.concurrent.ThreadPoolExecutor.runWorker(ThreadPoolExecutor.java:1134)
        at java.util.concurrent.ThreadPoolExecutor$Worker.run(ThreadPoolExecutor.java:624)
        at java.lang.Thread.run(Thread.java:750)
"pool-164-thread-1"  prio=5 tid=625 in Object.wait()
java.lang.Thread.State: WAITING (on object monitor)
        at sun.misc.Unsafe.park(Native Method)
        at java.util.concurrent.locks.LockSupport.park(LockSupport.java:175)
        at java.util.concurrent.locks.AbstractQueuedSynchronizer$ConditionObject.await(AbstractQueuedSynchronizer.java:2039)
        at java.util.concurrent.LinkedBlockingQueue.take(LinkedBlockingQueue.java:442)
        at java.util.concurrent.ThreadPoolExecutor.getTask(ThreadPoolExecutor.java:1074)
        at java.util.concurrent.ThreadPoolExecutor.runWorker(ThreadPoolExecutor.java:1134)
        at java.util.concurrent.ThreadPoolExecutor$Worker.run(ThreadPoolExecutor.java:624)
        at java.lang.Thread.run(Thread.java:750)
"Datanode ReportManager Thread - 3" daemon prio=5 tid=303 timed_waiting
java.lang.Thread.State: TIMED_WAITING
        at sun.misc.Unsafe.park(Native Method)
        at java.util.concurrent.locks.LockSupport.parkNanos(LockSupport.java:215)
        at java.util.concurrent.locks.AbstractQueuedSynchronizer$ConditionObject.awaitNanos(AbstractQueuedSynchronizer.java:2078)
        at java.util.concurrent.ScheduledThreadPoolExecutor$DelayedWorkQueue.take(ScheduledThreadPoolExecutor.java:1093)
        at java.util.concurrent.ScheduledThreadPoolExecutor$DelayedWorkQueue.take(ScheduledThreadPoolExecutor.java:809)
        at java.util.concurrent.ThreadPoolExecutor.getTask(ThreadPoolExecutor.java:1074)
        at java.util.concurrent.ThreadPoolExecutor.runWorker(ThreadPoolExecutor.java:1134)
        at java.util.concurrent.ThreadPoolExecutor$Worker.run(ThreadPoolExecutor.java:624)
        at java.lang.Thread.run(Thread.java:750)
"fb3b41a4-a9f1-45d3-bf74-4074fcf3e767@group-510A37B8E04C-StateMachineUpdater" daemon prio=5 tid=575 timed_waiting
java.lang.Thread.State: TIMED_WAITING
        at sun.misc.Unsafe.park(Native Method)
        at java.util.concurrent.locks.LockSupport.parkNanos(LockSupport.java:215)
        at java.util.concurrent.CompletableFuture$Signaller.block(CompletableFuture.java:1709)
        at java.util.concurrent.ForkJoinPool.managedBlock(ForkJoinPool.java:3323)
        at java.util.concurrent.CompletableFuture.timedGet(CompletableFuture.java:1788)
        at java.util.concurrent.CompletableFuture.get(CompletableFuture.java:1928)
        at org.apache.ratis.util.AwaitForSignal.await(AwaitForSignal.java:56)
        at org.apache.ratis.server.impl.StateMachineUpdater.waitForCommit(StateMachineUpdater.java:207)
        at org.apache.ratis.server.impl.StateMachineUpdater.run(StateMachineUpdater.java:176)
        at java.lang.Thread.run(Thread.java:750)
"qtp483653299-433" daemon prio=5 tid=433 timed_waiting
java.lang.Thread.State: TIMED_WAITING
        at sun.misc.Unsafe.park(Native Method)
        at java.util.concurrent.locks.LockSupport.parkNanos(LockSupport.java:215)
        at java.util.concurrent.locks.AbstractQueuedSynchronizer$ConditionObject.awaitNanos(AbstractQueuedSynchronizer.java:2078)
        at org.eclipse.jetty.util.BlockingArrayQueue.poll(BlockingArrayQueue.java:382)
        at org.eclipse.jetty.util.thread.QueuedThreadPool$Runner.idleJobPoll(QueuedThreadPool.java:974)
        at org.eclipse.jetty.util.thread.QueuedThreadPool$Runner.run(QueuedThreadPool.java:1018)
        at java.lang.Thread.run(Thread.java:750)
"Datanode State Machine Task Thread - 0"  prio=5 tid=504 in Object.wait()
java.lang.Thread.State: WAITING (on object monitor)
        at sun.misc.Unsafe.park(Native Method)
        at java.util.concurrent.locks.LockSupport.park(LockSupport.java:175)
        at java.util.concurrent.locks.AbstractQueuedSynchronizer$ConditionObject.await(AbstractQueuedSynchronizer.java:2039)
        at java.util.concurrent.LinkedBlockingQueue.take(LinkedBlockingQueue.java:442)
        at java.util.concurrent.ThreadPoolExecutor.getTask(ThreadPoolExecutor.java:1074)
        at java.util.concurrent.ThreadPoolExecutor.runWorker(ThreadPoolExecutor.java:1134)
        at java.util.concurrent.ThreadPoolExecutor$Worker.run(ThreadPoolExecutor.java:624)
        at java.lang.Thread.run(Thread.java:750)
"org.apache.hadoop.util.JvmPauseMonitor$Monitor@4ac40529" daemon prio=5 tid=174 timed_waiting
java.lang.Thread.State: TIMED_WAITING
        at java.lang.Thread.sleep(Native Method)
        at org.apache.hadoop.util.JvmPauseMonitor$Monitor.run(JvmPauseMonitor.java:192)
        at java.lang.Thread.run(Thread.java:750)
"qtp2032401286-397" daemon prio=5 tid=397 timed_waiting
java.lang.Thread.State: TIMED_WAITING
        at sun.misc.Unsafe.park(Native Method)
        at java.util.concurrent.locks.LockSupport.parkNanos(LockSupport.java:215)
        at java.util.concurrent.locks.AbstractQueuedSynchronizer$ConditionObject.awaitNanos(AbstractQueuedSynchronizer.java:2078)
        at org.eclipse.jetty.util.BlockingArrayQueue.poll(BlockingArrayQueue.java:382)
        at org.eclipse.jetty.util.thread.QueuedThreadPool$Runner.idleJobPoll(QueuedThreadPool.java:974)
        at org.eclipse.jetty.util.thread.QueuedThreadPool$Runner.run(QueuedThreadPool.java:1018)
        at java.lang.Thread.run(Thread.java:750)
"06429dc3-6184-4705-8d2a-a6f8dedf2170@group-F829801C2906-SegmentedRaftLogWorker"  prio=5 tid=595 timed_waiting
java.lang.Thread.State: TIMED_WAITING
        at sun.misc.Unsafe.park(Native Method)
        at java.util.concurrent.locks.LockSupport.parkNanos(LockSupport.java:215)
        at java.util.concurrent.locks.AbstractQueuedSynchronizer$ConditionObject.awaitNanos(AbstractQueuedSynchronizer.java:2078)
        at org.apache.ratis.util.DataBlockingQueue.poll(DataBlockingQueue.java:148)
        at org.apache.ratis.server.raftlog.segmented.SegmentedRaftLogWorker.run(SegmentedRaftLogWorker.java:310)
        at org.apache.ratis.server.raftlog.segmented.SegmentedRaftLogWorker$$Lambda$665/1566430543.run(Unknown Source)
        at java.lang.Thread.run(Thread.java:750)
"Datanode State Machine Task Thread - 0"  prio=5 tid=229 in Object.wait()
java.lang.Thread.State: WAITING (on object monitor)
        at sun.misc.Unsafe.park(Native Method)
        at java.util.concurrent.locks.LockSupport.park(LockSupport.java:175)
        at java.util.concurrent.locks.AbstractQueuedSynchronizer$ConditionObject.await(AbstractQueuedSynchronizer.java:2039)
        at java.util.concurrent.LinkedBlockingQueue.take(LinkedBlockingQueue.java:442)
        at java.util.concurrent.ThreadPoolExecutor.getTask(ThreadPoolExecutor.java:1074)
        at java.util.concurrent.ThreadPoolExecutor.runWorker(ThreadPoolExecutor.java:1134)
        at java.util.concurrent.ThreadPoolExecutor$Worker.run(ThreadPoolExecutor.java:624)
        at java.lang.Thread.run(Thread.java:750)
"Session-HouseKeeper-aac61f0-1"  prio=5 tid=298 timed_waiting
java.lang.Thread.State: TIMED_WAITING
        at sun.misc.Unsafe.park(Native Method)
        at java.util.concurrent.locks.LockSupport.parkNanos(LockSupport.java:215)
        at java.util.concurrent.locks.AbstractQueuedSynchronizer$ConditionObject.awaitNanos(AbstractQueuedSynchronizer.java:2078)
        at java.util.concurrent.ScheduledThreadPoolExecutor$DelayedWorkQueue.take(ScheduledThreadPoolExecutor.java:1093)
        at java.util.concurrent.ScheduledThreadPoolExecutor$DelayedWorkQueue.take(ScheduledThreadPoolExecutor.java:809)
        at java.util.concurrent.ThreadPoolExecutor.getTask(ThreadPoolExecutor.java:1074)
        at java.util.concurrent.ThreadPoolExecutor.runWorker(ThreadPoolExecutor.java:1134)
        at java.util.concurrent.ThreadPoolExecutor$Worker.run(ThreadPoolExecutor.java:624)
        at java.lang.Thread.run(Thread.java:750)
"qtp1881254670-317-acceptor-0@22210bae-ServerConnector@27a18e3b{HTTP/1.1, (http/1.1)}{0.0.0.0:42851}" daemon prio=3 tid=317 runnable
java.lang.Thread.State: RUNNABLE
        at sun.nio.ch.ServerSocketChannelImpl.accept0(Native Method)
        at sun.nio.ch.ServerSocketChannelImpl.accept(ServerSocketChannelImpl.java:421)
        at sun.nio.ch.ServerSocketChannelImpl.accept(ServerSocketChannelImpl.java:249)
        at org.eclipse.jetty.server.ServerConnector.accept(ServerConnector.java:388)
        at org.eclipse.jetty.server.AbstractConnector$Acceptor.run(AbstractConnector.java:704)
        at org.eclipse.jetty.util.thread.QueuedThreadPool.runJob(QueuedThreadPool.java:883)
        at org.eclipse.jetty.util.thread.QueuedThreadPool$Runner.run(QueuedThreadPool.java:1034)
        at java.lang.Thread.run(Thread.java:750)
"Datanode State Machine Task Thread - 0"  prio=5 tid=201 in Object.wait()
java.lang.Thread.State: WAITING (on object monitor)
        at sun.misc.Unsafe.park(Native Method)
        at java.util.concurrent.locks.LockSupport.park(LockSupport.java:175)
        at java.util.concurrent.locks.AbstractQueuedSynchronizer$ConditionObject.await(AbstractQueuedSynchronizer.java:2039)
        at java.util.concurrent.LinkedBlockingQueue.take(LinkedBlockingQueue.java:442)
        at java.util.concurrent.ThreadPoolExecutor.getTask(ThreadPoolExecutor.java:1074)
        at java.util.concurrent.ThreadPoolExecutor.runWorker(ThreadPoolExecutor.java:1134)
        at java.util.concurrent.ThreadPoolExecutor$Worker.run(ThreadPoolExecutor.java:624)
        at java.lang.Thread.run(Thread.java:750)
"ChunkReader-7" daemon prio=5 tid=1016 in Object.wait()
java.lang.Thread.State: WAITING (on object monitor)
        at sun.misc.Unsafe.park(Native Method)
        at java.util.concurrent.locks.LockSupport.park(LockSupport.java:175)
        at java.util.concurrent.locks.AbstractQueuedSynchronizer$ConditionObject.await(AbstractQueuedSynchronizer.java:2039)
        at java.util.concurrent.LinkedBlockingQueue.take(LinkedBlockingQueue.java:442)
        at java.util.concurrent.ThreadPoolExecutor.getTask(ThreadPoolExecutor.java:1074)
        at java.util.concurrent.ThreadPoolExecutor.runWorker(ThreadPoolExecutor.java:1134)
        at java.util.concurrent.ThreadPoolExecutor$Worker.run(ThreadPoolExecutor.java:624)
        at java.lang.Thread.run(Thread.java:750)
"EventQueue-DeadNodeForDeadNodeHandler" daemon prio=5 tid=862 in Object.wait()
java.lang.Thread.State: WAITING (on object monitor)
        at sun.misc.Unsafe.park(Native Method)
        at java.util.concurrent.locks.LockSupport.park(LockSupport.java:175)
        at java.util.concurrent.locks.AbstractQueuedSynchronizer$ConditionObject.await(AbstractQueuedSynchronizer.java:2039)
        at java.util.concurrent.LinkedBlockingQueue.take(LinkedBlockingQueue.java:442)
        at java.util.concurrent.ThreadPoolExecutor.getTask(ThreadPoolExecutor.java:1074)
        at java.util.concurrent.ThreadPoolExecutor.runWorker(ThreadPoolExecutor.java:1134)
        at java.util.concurrent.ThreadPoolExecutor$Worker.run(ThreadPoolExecutor.java:624)
        at java.lang.Thread.run(Thread.java:750)
"StaleRecoveringContainerScrubbingService#1" daemon prio=5 tid=567 in Object.wait()
java.lang.Thread.State: WAITING (on object monitor)
        at sun.misc.Unsafe.park(Native Method)
        at java.util.concurrent.locks.LockSupport.park(LockSupport.java:175)
        at java.util.concurrent.locks.AbstractQueuedSynchronizer$ConditionObject.await(AbstractQueuedSynchronizer.java:2039)
        at java.util.concurrent.ScheduledThreadPoolExecutor$DelayedWorkQueue.take(ScheduledThreadPoolExecutor.java:1088)
        at java.util.concurrent.ScheduledThreadPoolExecutor$DelayedWorkQueue.take(ScheduledThreadPoolExecutor.java:809)
        at java.util.concurrent.ThreadPoolExecutor.getTask(ThreadPoolExecutor.java:1074)
        at java.util.concurrent.ThreadPoolExecutor.runWorker(ThreadPoolExecutor.java:1134)
        at java.util.concurrent.ThreadPoolExecutor$Worker.run(ThreadPoolExecutor.java:624)
        at java.lang.Thread.run(Thread.java:750)
"ChunkReader-1" daemon prio=5 tid=766 in Object.wait()
java.lang.Thread.State: WAITING (on object monitor)
        at sun.misc.Unsafe.park(Native Method)
        at java.util.concurrent.locks.LockSupport.park(LockSupport.java:175)
        at java.util.concurrent.locks.AbstractQueuedSynchronizer$ConditionObject.await(AbstractQueuedSynchronizer.java:2039)
        at java.util.concurrent.LinkedBlockingQueue.take(LinkedBlockingQueue.java:442)
        at java.util.concurrent.ThreadPoolExecutor.getTask(ThreadPoolExecutor.java:1074)
        at java.util.concurrent.ThreadPoolExecutor.runWorker(ThreadPoolExecutor.java:1134)
        at java.util.concurrent.ThreadPoolExecutor$Worker.run(ThreadPoolExecutor.java:624)
        at java.lang.Thread.run(Thread.java:750)
"06429dc3-6184-4705-8d2a-a6f8dedf2170@group-510A37B8E04C-SegmentedRaftLogWorker"  prio=5 tid=589 timed_waiting
java.lang.Thread.State: TIMED_WAITING
        at sun.misc.Unsafe.park(Native Method)
        at java.util.concurrent.locks.LockSupport.parkNanos(LockSupport.java:215)
        at java.util.concurrent.locks.AbstractQueuedSynchronizer$ConditionObject.awaitNanos(AbstractQueuedSynchronizer.java:2078)
        at org.apache.ratis.util.DataBlockingQueue.poll(DataBlockingQueue.java:148)
        at org.apache.ratis.server.raftlog.segmented.SegmentedRaftLogWorker.run(SegmentedRaftLogWorker.java:310)
        at org.apache.ratis.server.raftlog.segmented.SegmentedRaftLogWorker$$Lambda$665/1566430543.run(Unknown Source)
        at java.lang.Thread.run(Thread.java:750)
"EventQueue-PipelineReportForOneReplicaPipelineSafeModeRule" daemon prio=5 tid=493 in Object.wait()
java.lang.Thread.State: WAITING (on object monitor)
        at sun.misc.Unsafe.park(Native Method)
        at java.util.concurrent.locks.LockSupport.park(LockSupport.java:175)
        at java.util.concurrent.locks.AbstractQueuedSynchronizer$ConditionObject.await(AbstractQueuedSynchronizer.java:2039)
        at java.util.concurrent.LinkedBlockingQueue.take(LinkedBlockingQueue.java:442)
        at java.util.concurrent.ThreadPoolExecutor.getTask(ThreadPoolExecutor.java:1074)
        at java.util.concurrent.ThreadPoolExecutor.runWorker(ThreadPoolExecutor.java:1134)
        at java.util.concurrent.ThreadPoolExecutor$Worker.run(ThreadPoolExecutor.java:624)
        at java.lang.Thread.run(Thread.java:750)
"StaleRecoveringContainerScrubbingService#8" daemon prio=5 tid=1100 in Object.wait()
java.lang.Thread.State: WAITING (on object monitor)
        at sun.misc.Unsafe.park(Native Method)
        at java.util.concurrent.locks.LockSupport.park(LockSupport.java:175)
        at java.util.concurrent.locks.AbstractQueuedSynchronizer$ConditionObject.await(AbstractQueuedSynchronizer.java:2039)
        at java.util.concurrent.ScheduledThreadPoolExecutor$DelayedWorkQueue.take(ScheduledThreadPoolExecutor.java:1088)
        at java.util.concurrent.ScheduledThreadPoolExecutor$DelayedWorkQueue.take(ScheduledThreadPoolExecutor.java:809)
        at java.util.concurrent.ThreadPoolExecutor.getTask(ThreadPoolExecutor.java:1074)
        at java.util.concurrent.ThreadPoolExecutor.runWorker(ThreadPoolExecutor.java:1134)
        at java.util.concurrent.ThreadPoolExecutor$Worker.run(ThreadPoolExecutor.java:624)
        at java.lang.Thread.run(Thread.java:750)
"IPC Server Responder" daemon prio=5 tid=26 runnable
java.lang.Thread.State: RUNNABLE
        at sun.nio.ch.EPollArrayWrapper.epollWait(Native Method)
        at sun.nio.ch.EPollArrayWrapper.poll(EPollArrayWrapper.java:269)
        at sun.nio.ch.EPollSelectorImpl.doSelect(EPollSelectorImpl.java:93)
        at sun.nio.ch.SelectorImpl.lockAndDoSelect(SelectorImpl.java:86)
        at sun.nio.ch.SelectorImpl.select(SelectorImpl.java:97)
        at org.apache.hadoop.ipc.Server$Responder.doRunLoop(Server.java:1532)
        at org.apache.hadoop.ipc.Server$Responder.run(Server.java:1515)
"StaleRecoveringContainerScrubbingService#4" daemon prio=5 tid=957 in Object.wait()
java.lang.Thread.State: WAITING (on object monitor)
        at sun.misc.Unsafe.park(Native Method)
        at java.util.concurrent.locks.LockSupport.park(LockSupport.java:175)
        at java.util.concurrent.locks.AbstractQueuedSynchronizer$ConditionObject.await(AbstractQueuedSynchronizer.java:2039)
        at java.util.concurrent.ScheduledThreadPoolExecutor$DelayedWorkQueue.take(ScheduledThreadPoolExecutor.java:1088)
        at java.util.concurrent.ScheduledThreadPoolExecutor$DelayedWorkQueue.take(ScheduledThreadPoolExecutor.java:809)
        at java.util.concurrent.ThreadPoolExecutor.getTask(ThreadPoolExecutor.java:1074)
        at java.util.concurrent.ThreadPoolExecutor.runWorker(ThreadPoolExecutor.java:1134)
        at java.util.concurrent.ThreadPoolExecutor$Worker.run(ThreadPoolExecutor.java:624)
        at java.lang.Thread.run(Thread.java:750)
"qtp1881254670-321" daemon prio=5 tid=321 timed_waiting
java.lang.Thread.State: TIMED_WAITING
        at sun.misc.Unsafe.park(Native Method)
        at java.util.concurrent.locks.LockSupport.parkNanos(LockSupport.java:215)
        at java.util.concurrent.locks.AbstractQueuedSynchronizer$ConditionObject.awaitNanos(AbstractQueuedSynchronizer.java:2078)
        at org.eclipse.jetty.util.BlockingArrayQueue.poll(BlockingArrayQueue.java:382)
        at org.eclipse.jetty.util.thread.QueuedThreadPool$Runner.idleJobPoll(QueuedThreadPool.java:974)
        at org.eclipse.jetty.util.thread.QueuedThreadPool$Runner.run(QueuedThreadPool.java:1018)
        at java.lang.Thread.run(Thread.java:750)
"pool-59-thread-1"  prio=5 tid=144 timed_waiting
java.lang.Thread.State: TIMED_WAITING
        at sun.misc.Unsafe.park(Native Method)
        at java.util.concurrent.locks.LockSupport.parkNanos(LockSupport.java:215)
        at java.util.concurrent.locks.AbstractQueuedSynchronizer$ConditionObject.awaitNanos(AbstractQueuedSynchronizer.java:2078)
        at java.util.concurrent.ScheduledThreadPoolExecutor$DelayedWorkQueue.take(ScheduledThreadPoolExecutor.java:1093)
        at java.util.concurrent.ScheduledThreadPoolExecutor$DelayedWorkQueue.take(ScheduledThreadPoolExecutor.java:809)
        at java.util.concurrent.ThreadPoolExecutor.getTask(ThreadPoolExecutor.java:1074)
        at java.util.concurrent.ThreadPoolExecutor.runWorker(ThreadPoolExecutor.java:1134)
        at java.util.concurrent.ThreadPoolExecutor$Worker.run(ThreadPoolExecutor.java:624)
        at java.lang.Thread.run(Thread.java:750)
"qtp70104063-114" daemon prio=5 tid=114 timed_waiting
java.lang.Thread.State: TIMED_WAITING
        at sun.misc.Unsafe.park(Native Method)
        at java.util.concurrent.locks.LockSupport.parkNanos(LockSupport.java:215)
        at java.util.concurrent.locks.AbstractQueuedSynchronizer$ConditionObject.awaitNanos(AbstractQueuedSynchronizer.java:2078)
        at org.eclipse.jetty.util.BlockingArrayQueue.poll(BlockingArrayQueue.java:382)
        at org.eclipse.jetty.util.thread.QueuedThreadPool$Runner.idleJobPoll(QueuedThreadPool.java:974)
        at org.eclipse.jetty.util.thread.QueuedThreadPool$Runner.run(QueuedThreadPool.java:1018)
        at java.lang.Thread.run(Thread.java:750)
"StaleRecoveringContainerScrubbingService#8" daemon prio=5 tid=1096 in Object.wait()
java.lang.Thread.State: WAITING (on object monitor)
        at sun.misc.Unsafe.park(Native Method)
        at java.util.concurrent.locks.LockSupport.park(LockSupport.java:175)
        at java.util.concurrent.locks.AbstractQueuedSynchronizer$ConditionObject.await(AbstractQueuedSynchronizer.java:2039)
        at java.util.concurrent.ScheduledThreadPoolExecutor$DelayedWorkQueue.take(ScheduledThreadPoolExecutor.java:1088)
        at java.util.concurrent.ScheduledThreadPoolExecutor$DelayedWorkQueue.take(ScheduledThreadPoolExecutor.java:809)
        at java.util.concurrent.ThreadPoolExecutor.getTask(ThreadPoolExecutor.java:1074)
        at java.util.concurrent.ThreadPoolExecutor.runWorker(ThreadPoolExecutor.java:1134)
        at java.util.concurrent.ThreadPoolExecutor$Worker.run(ThreadPoolExecutor.java:624)
        at java.lang.Thread.run(Thread.java:750)
"ChunkReader-ELG-0" daemon prio=5 tid=512 runnable
java.lang.Thread.State: RUNNABLE
        at org.apache.ratis.thirdparty.io.netty.channel.epoll.Native.epollWait0(Native Method)
        at org.apache.ratis.thirdparty.io.netty.channel.epoll.Native.epollWait(Native.java:182)
        at org.apache.ratis.thirdparty.io.netty.channel.epoll.EpollEventLoop.epollWait(EpollEventLoop.java:290)
        at org.apache.ratis.thirdparty.io.netty.channel.epoll.EpollEventLoop.run(EpollEventLoop.java:354)
        at org.apache.ratis.thirdparty.io.netty.util.concurrent.SingleThreadEventExecutor$4.run(SingleThreadEventExecutor.java:995)
        at org.apache.ratis.thirdparty.io.netty.util.internal.ThreadExecutorMap$2.run(ThreadExecutorMap.java:74)
        at java.lang.Thread.run(Thread.java:750)
"Datanode State Machine Task Thread - 1"  prio=5 tid=542 in Object.wait()
java.lang.Thread.State: WAITING (on object monitor)
        at sun.misc.Unsafe.park(Native Method)
        at java.util.concurrent.locks.LockSupport.park(LockSupport.java:175)
        at java.util.concurrent.locks.AbstractQueuedSynchronizer$ConditionObject.await(AbstractQueuedSynchronizer.java:2039)
        at java.util.concurrent.LinkedBlockingQueue.take(LinkedBlockingQueue.java:442)
        at java.util.concurrent.ThreadPoolExecutor.getTask(ThreadPoolExecutor.java:1074)
        at java.util.concurrent.ThreadPoolExecutor.runWorker(ThreadPoolExecutor.java:1134)
        at java.util.concurrent.ThreadPoolExecutor$Worker.run(ThreadPoolExecutor.java:624)
        at java.lang.Thread.run(Thread.java:750)
"Session-HouseKeeper-7fd7bf93-1"  prio=5 tid=477 timed_waiting
java.lang.Thread.State: TIMED_WAITING
        at sun.misc.Unsafe.park(Native Method)
        at java.util.concurrent.locks.LockSupport.parkNanos(LockSupport.java:215)
        at java.util.concurrent.locks.AbstractQueuedSynchronizer$ConditionObject.awaitNanos(AbstractQueuedSynchronizer.java:2078)
        at java.util.concurrent.ScheduledThreadPoolExecutor$DelayedWorkQueue.take(ScheduledThreadPoolExecutor.java:1093)
        at java.util.concurrent.ScheduledThreadPoolExecutor$DelayedWorkQueue.take(ScheduledThreadPoolExecutor.java:809)
        at java.util.concurrent.ThreadPoolExecutor.getTask(ThreadPoolExecutor.java:1074)
        at java.util.concurrent.ThreadPoolExecutor.runWorker(ThreadPoolExecutor.java:1134)
        at java.util.concurrent.ThreadPoolExecutor$Worker.run(ThreadPoolExecutor.java:624)
        at java.lang.Thread.run(Thread.java:750)
"qtp541432460-470-acceptor-0@75f9f3c2-ServerConnector@2cb7d48d{HTTP/1.1, (http/1.1)}{0.0.0.0:45825}" daemon prio=3 tid=470 runnable
java.lang.Thread.State: RUNNABLE
        at sun.nio.ch.ServerSocketChannelImpl.accept0(Native Method)
        at sun.nio.ch.ServerSocketChannelImpl.accept(ServerSocketChannelImpl.java:421)
        at sun.nio.ch.ServerSocketChannelImpl.accept(ServerSocketChannelImpl.java:249)
        at org.eclipse.jetty.server.ServerConnector.accept(ServerConnector.java:388)
        at org.eclipse.jetty.server.AbstractConnector$Acceptor.run(AbstractConnector.java:704)
        at org.eclipse.jetty.util.thread.QueuedThreadPool.runJob(QueuedThreadPool.java:883)
        at org.eclipse.jetty.util.thread.QueuedThreadPool$Runner.run(QueuedThreadPool.java:1034)
        at java.lang.Thread.run(Thread.java:750)
"SCMBlockDeletingService#0" daemon prio=5 tid=107 timed_waiting
java.lang.Thread.State: TIMED_WAITING
        at sun.misc.Unsafe.park(Native Method)
        at java.util.concurrent.locks.LockSupport.parkNanos(LockSupport.java:215)
        at java.util.concurrent.locks.AbstractQueuedSynchronizer$ConditionObject.awaitNanos(AbstractQueuedSynchronizer.java:2078)
        at java.util.concurrent.ScheduledThreadPoolExecutor$DelayedWorkQueue.take(ScheduledThreadPoolExecutor.java:1093)
        at java.util.concurrent.ScheduledThreadPoolExecutor$DelayedWorkQueue.take(ScheduledThreadPoolExecutor.java:809)
        at java.util.concurrent.ThreadPoolExecutor.getTask(ThreadPoolExecutor.java:1074)
        at java.util.concurrent.ThreadPoolExecutor.runWorker(ThreadPoolExecutor.java:1134)
        at java.util.concurrent.ThreadPoolExecutor$Worker.run(ThreadPoolExecutor.java:624)
        at java.lang.Thread.run(Thread.java:750)
"fb3b41a4-a9f1-45d3-bf74-4074fcf3e767@group-510A37B8E04C->06429dc3-6184-4705-8d2a-a6f8dedf2170-GrpcLogAppender-LogAppenderDaemon" daemon prio=5 tid=694 timed_waiting
java.lang.Thread.State: TIMED_WAITING
        at org.apache.ratis.thirdparty.io.netty.util.internal.shaded.org.jctools.queues.MpscUnboundedArrayQueue.offer(MpscUnboundedArrayQueue.java:23)
        at org.apache.ratis.thirdparty.io.netty.util.concurrent.SingleThreadEventExecutor.offerTask(SingleThreadEventExecutor.java:353)
        at org.apache.ratis.thirdparty.io.netty.util.concurrent.SingleThreadEventExecutor.addTask(SingleThreadEventExecutor.java:344)
        at org.apache.ratis.thirdparty.io.netty.util.concurrent.SingleThreadEventExecutor.execute(SingleThreadEventExecutor.java:834)
        at org.apache.ratis.thirdparty.io.netty.util.concurrent.SingleThreadEventExecutor.execute0(SingleThreadEventExecutor.java:825)
        at org.apache.ratis.thirdparty.io.netty.util.concurrent.SingleThreadEventExecutor.execute(SingleThreadEventExecutor.java:815)
        at org.apache.ratis.thirdparty.io.grpc.netty.WriteQueue.scheduleFlush(WriteQueue.java:67)
        at org.apache.ratis.thirdparty.io.grpc.netty.WriteQueue.enqueue(WriteQueue.java:87)
        at org.apache.ratis.thirdparty.io.grpc.netty.NettyClientStream$Sink.writeFrameInternal(NettyClientStream.java:186)
        at org.apache.ratis.thirdparty.io.grpc.netty.NettyClientStream$Sink.writeFrame(NettyClientStream.java:212)
        at org.apache.ratis.thirdparty.io.grpc.internal.AbstractClientStream.deliverFrame(AbstractClientStream.java:187)
        at org.apache.ratis.thirdparty.io.grpc.internal.MessageFramer.commitToSink(MessageFramer.java:350)
        at org.apache.ratis.thirdparty.io.grpc.internal.MessageFramer.flush(MessageFramer.java:300)
        at org.apache.ratis.thirdparty.io.grpc.internal.AbstractStream.flush(AbstractStream.java:75)
        at org.apache.ratis.thirdparty.io.grpc.internal.ForwardingClientStream.flush(ForwardingClientStream.java:42)
        at org.apache.ratis.thirdparty.io.grpc.internal.DelayedStream.flush(DelayedStream.java:293)
        at org.apache.ratis.thirdparty.io.grpc.internal.ClientCallImpl.sendMessageInternal(ClientCallImpl.java:535)
        at org.apache.ratis.thirdparty.io.grpc.internal.ClientCallImpl.sendMessage(ClientCallImpl.java:506)
        at org.apache.ratis.thirdparty.io.grpc.stub.ClientCalls$CallToStreamObserverAdapter.onNext(ClientCalls.java:374)
        at org.apache.ratis.grpc.server.GrpcLogAppender$StreamObservers.onNext(GrpcLogAppender.java:243)
        at org.apache.ratis.grpc.server.GrpcLogAppender.lambda$sendRequest$1(GrpcLogAppender.java:296)
        at org.apache.ratis.grpc.server.GrpcLogAppender$$Lambda$1061/1423585673.apply(Unknown Source)
        at java.util.Optional.map(Optional.java:215)
        at org.apache.ratis.grpc.server.GrpcLogAppender.sendRequest(GrpcLogAppender.java:295)
        at org.apache.ratis.grpc.server.GrpcLogAppender.appendLog(GrpcLogAppender.java:285)
        at org.apache.ratis.grpc.server.GrpcLogAppender.run(GrpcLogAppender.java:168)
        at org.apache.ratis.server.leader.LogAppenderDaemon.run(LogAppenderDaemon.java:78)
        at org.apache.ratis.server.leader.LogAppenderDaemon$$Lambda$1042/797680037.run(Unknown Source)
        at java.lang.Thread.run(Thread.java:750)
"qtp963101981-185-acceptor-0@7e723de4-ServerConnector@2f2e38a7{HTTP/1.1, (http/1.1)}{0.0.0.0:39649}" daemon prio=3 tid=185 runnable
java.lang.Thread.State: RUNNABLE
        at sun.nio.ch.ServerSocketChannelImpl.accept0(Native Method)
        at sun.nio.ch.ServerSocketChannelImpl.accept(ServerSocketChannelImpl.java:421)
        at sun.nio.ch.ServerSocketChannelImpl.accept(ServerSocketChannelImpl.java:249)
        at org.eclipse.jetty.server.ServerConnector.accept(ServerConnector.java:388)
        at org.eclipse.jetty.server.AbstractConnector$Acceptor.run(AbstractConnector.java:704)
        at org.eclipse.jetty.util.thread.QueuedThreadPool.runJob(QueuedThreadPool.java:883)
        at org.eclipse.jetty.util.thread.QueuedThreadPool$Runner.run(QueuedThreadPool.java:1034)
        at java.lang.Thread.run(Thread.java:750)
"Datanode ReportManager Thread - 3" daemon prio=5 tid=418 timed_waiting
java.lang.Thread.State: TIMED_WAITING
        at sun.misc.Unsafe.park(Native Method)
        at java.util.concurrent.locks.LockSupport.parkNanos(LockSupport.java:215)
        at java.util.concurrent.locks.AbstractQueuedSynchronizer$ConditionObject.awaitNanos(AbstractQueuedSynchronizer.java:2078)
        at java.util.concurrent.ScheduledThreadPoolExecutor$DelayedWorkQueue.take(ScheduledThreadPoolExecutor.java:1093)
        at java.util.concurrent.ScheduledThreadPoolExecutor$DelayedWorkQueue.take(ScheduledThreadPoolExecutor.java:809)
        at java.util.concurrent.ThreadPoolExecutor.getTask(ThreadPoolExecutor.java:1074)
        at java.util.concurrent.ThreadPoolExecutor.runWorker(ThreadPoolExecutor.java:1134)
        at java.util.concurrent.ThreadPoolExecutor$Worker.run(ThreadPoolExecutor.java:624)
        at java.lang.Thread.run(Thread.java:750)
"StaleRecoveringContainerScrubbingService#5" daemon prio=5 tid=1042 in Object.wait()
java.lang.Thread.State: WAITING (on object monitor)
        at sun.misc.Unsafe.park(Native Method)
        at java.util.concurrent.locks.LockSupport.park(LockSupport.java:175)
        at java.util.concurrent.locks.AbstractQueuedSynchronizer$ConditionObject.await(AbstractQueuedSynchronizer.java:2039)
        at java.util.concurrent.ScheduledThreadPoolExecutor$DelayedWorkQueue.take(ScheduledThreadPoolExecutor.java:1088)
        at java.util.concurrent.ScheduledThreadPoolExecutor$DelayedWorkQueue.take(ScheduledThreadPoolExecutor.java:809)
        at java.util.concurrent.ThreadPoolExecutor.getTask(ThreadPoolExecutor.java:1074)
        at java.util.concurrent.ThreadPoolExecutor.runWorker(ThreadPoolExecutor.java:1134)
        at java.util.concurrent.ThreadPoolExecutor$Worker.run(ThreadPoolExecutor.java:624)
        at java.lang.Thread.run(Thread.java:750)
"qtp541432460-475" daemon prio=5 tid=475 timed_waiting
java.lang.Thread.State: TIMED_WAITING
        at sun.misc.Unsafe.park(Native Method)
        at java.util.concurrent.locks.LockSupport.parkNanos(LockSupport.java:215)
        at java.util.concurrent.locks.AbstractQueuedSynchronizer$ConditionObject.awaitNanos(AbstractQueuedSynchronizer.java:2078)
        at org.eclipse.jetty.util.BlockingArrayQueue.poll(BlockingArrayQueue.java:382)
        at org.eclipse.jetty.util.thread.QueuedThreadPool$Runner.idleJobPoll(QueuedThreadPool.java:974)
        at org.eclipse.jetty.util.thread.QueuedThreadPool$Runner.run(QueuedThreadPool.java:1018)
        at java.lang.Thread.run(Thread.java:750)
"Periodic HDDS volume checker" daemon prio=5 tid=283 timed_waiting
java.lang.Thread.State: TIMED_WAITING
        at sun.misc.Unsafe.park(Native Method)
        at java.util.concurrent.locks.LockSupport.parkNanos(LockSupport.java:215)
        at java.util.concurrent.locks.AbstractQueuedSynchronizer$ConditionObject.awaitNanos(AbstractQueuedSynchronizer.java:2078)
        at java.util.concurrent.ScheduledThreadPoolExecutor$DelayedWorkQueue.take(ScheduledThreadPoolExecutor.java:1093)
        at java.util.concurrent.ScheduledThreadPoolExecutor$DelayedWorkQueue.take(ScheduledThreadPoolExecutor.java:809)
        at java.util.concurrent.ThreadPoolExecutor.getTask(ThreadPoolExecutor.java:1074)
        at java.util.concurrent.ThreadPoolExecutor.runWorker(ThreadPoolExecutor.java:1134)
        at java.util.concurrent.ThreadPoolExecutor$Worker.run(ThreadPoolExecutor.java:624)
        at java.lang.Thread.run(Thread.java:750)
"qtp541432460-476" daemon prio=5 tid=476 timed_waiting
java.lang.Thread.State: TIMED_WAITING
        at sun.misc.Unsafe.park(Native Method)
        at java.util.concurrent.locks.LockSupport.parkNanos(LockSupport.java:215)
        at java.util.concurrent.locks.AbstractQueuedSynchronizer$ConditionObject.awaitNanos(AbstractQueuedSynchronizer.java:2078)
        at org.eclipse.jetty.util.BlockingArrayQueue.poll(BlockingArrayQueue.java:382)
        at org.eclipse.jetty.util.thread.QueuedThreadPool$Runner.idleJobPoll(QueuedThreadPool.java:974)
        at org.eclipse.jetty.util.thread.QueuedThreadPool$Runner.run(QueuedThreadPool.java:1018)
        at java.lang.Thread.run(Thread.java:750)
"IPC Server listener on 0" daemon prio=5 tid=31 runnable
java.lang.Thread.State: RUNNABLE
        at sun.nio.ch.EPollArrayWrapper.epollWait(Native Method)
        at sun.nio.ch.EPollArrayWrapper.poll(EPollArrayWrapper.java:269)
        at sun.nio.ch.EPollSelectorImpl.doSelect(EPollSelectorImpl.java:93)
        at sun.nio.ch.SelectorImpl.lockAndDoSelect(SelectorImpl.java:86)
        at sun.nio.ch.SelectorImpl.select(SelectorImpl.java:97)
        at sun.nio.ch.SelectorImpl.select(SelectorImpl.java:101)
        at org.apache.hadoop.ipc.Server$Listener.run(Server.java:1358)
"EndpointStateMachine task thread for /0.0.0.0:42997 - 0 "  prio=5 tid=326 in Object.wait()
java.lang.Thread.State: WAITING (on object monitor)
        at sun.misc.Unsafe.park(Native Method)
        at java.util.concurrent.locks.LockSupport.park(LockSupport.java:175)
        at java.util.concurrent.locks.AbstractQueuedSynchronizer$ConditionObject.await(AbstractQueuedSynchronizer.java:2039)
        at java.util.concurrent.LinkedBlockingQueue.take(LinkedBlockingQueue.java:442)
        at java.util.concurrent.ThreadPoolExecutor.getTask(ThreadPoolExecutor.java:1074)
        at java.util.concurrent.ThreadPoolExecutor.runWorker(ThreadPoolExecutor.java:1134)
        at java.util.concurrent.ThreadPoolExecutor$Worker.run(ThreadPoolExecutor.java:624)
        at java.lang.Thread.run(Thread.java:750)
"IPC Server handler 19 on default port 35707" daemon prio=5 tid=66 timed_waiting
java.lang.Thread.State: TIMED_WAITING
        at sun.misc.Unsafe.park(Native Method)
        at java.util.concurrent.locks.LockSupport.parkNanos(LockSupport.java:215)
        at java.util.concurrent.locks.AbstractQueuedSynchronizer$ConditionObject.awaitNanos(AbstractQueuedSynchronizer.java:2078)
        at java.util.concurrent.LinkedBlockingQueue.poll(LinkedBlockingQueue.java:467)
        at org.apache.hadoop.ipc.CallQueueManager.take(CallQueueManager.java:317)
        at org.apache.hadoop.ipc.Server$Handler.run(Server.java:2942)
"pool-241-thread-1"  prio=5 tid=654 in Object.wait()
java.lang.Thread.State: WAITING (on object monitor)
        at sun.misc.Unsafe.park(Native Method)
        at java.util.concurrent.locks.LockSupport.park(LockSupport.java:175)
        at java.util.concurrent.locks.AbstractQueuedSynchronizer$ConditionObject.await(AbstractQueuedSynchronizer.java:2039)
        at java.util.concurrent.LinkedBlockingQueue.take(LinkedBlockingQueue.java:442)
        at java.util.concurrent.ThreadPoolExecutor.getTask(ThreadPoolExecutor.java:1074)
        at java.util.concurrent.ThreadPoolExecutor.runWorker(ThreadPoolExecutor.java:1134)
        at java.util.concurrent.ThreadPoolExecutor$Worker.run(ThreadPoolExecutor.java:624)
        at java.lang.Thread.run(Thread.java:750)
"JvmPauseMonitor0" daemon prio=5 tid=139 timed_waiting
java.lang.Thread.State: TIMED_WAITING
        at java.lang.Thread.sleep(Native Method)
        at java.lang.Thread.sleep(Thread.java:342)
        at java.util.concurrent.TimeUnit.sleep(TimeUnit.java:386)
        at org.apache.ratis.util.TimeDuration.sleep(TimeDuration.java:325)
        at org.apache.ratis.util.TimeDuration.sleep(TimeDuration.java:310)
        at org.apache.ratis.util.JvmPauseMonitor.detectPause(JvmPauseMonitor.java:119)
        at org.apache.ratis.util.JvmPauseMonitor.run(JvmPauseMonitor.java:108)
        at org.apache.ratis.util.JvmPauseMonitor$$Lambda$706/2022973332.run(Unknown Source)
        at java.lang.Thread.run(Thread.java:750)
"IPC Server handler 0 on default port 42997" daemon prio=5 tid=87 timed_waiting
java.lang.Thread.State: TIMED_WAITING
        at sun.misc.Unsafe.park(Native Method)
        at java.util.concurrent.locks.LockSupport.parkNanos(LockSupport.java:215)
        at java.util.concurrent.locks.AbstractQueuedSynchronizer$ConditionObject.awaitNanos(AbstractQueuedSynchronizer.java:2078)
        at java.util.concurrent.LinkedBlockingQueue.poll(LinkedBlockingQueue.java:467)
        at org.apache.hadoop.ipc.CallQueueManager.take(CallQueueManager.java:317)
        at org.apache.hadoop.ipc.Server$Handler.run(Server.java:2942)
"ChunkReader-3" daemon prio=5 tid=898 in Object.wait()
java.lang.Thread.State: WAITING (on object monitor)
        at sun.misc.Unsafe.park(Native Method)
        at java.util.concurrent.locks.LockSupport.park(LockSupport.java:175)
        at java.util.concurrent.locks.AbstractQueuedSynchronizer$ConditionObject.await(AbstractQueuedSynchronizer.java:2039)
        at java.util.concurrent.LinkedBlockingQueue.take(LinkedBlockingQueue.java:442)
        at java.util.concurrent.ThreadPoolExecutor.getTask(ThreadPoolExecutor.java:1074)
        at java.util.concurrent.ThreadPoolExecutor.runWorker(ThreadPoolExecutor.java:1134)
        at java.util.concurrent.ThreadPoolExecutor$Worker.run(ThreadPoolExecutor.java:624)
        at java.lang.Thread.run(Thread.java:750)
"PartialTableCache Cleanup Thread - 0" daemon prio=5 tid=751 in Object.wait()
java.lang.Thread.State: WAITING (on object monitor)
        at sun.misc.Unsafe.park(Native Method)
        at java.util.concurrent.locks.LockSupport.park(LockSupport.java:175)
        at java.util.concurrent.locks.AbstractQueuedSynchronizer$ConditionObject.await(AbstractQueuedSynchronizer.java:2039)
        at java.util.concurrent.LinkedBlockingQueue.take(LinkedBlockingQueue.java:442)
        at java.util.concurrent.ThreadPoolExecutor.getTask(ThreadPoolExecutor.java:1074)
        at java.util.concurrent.ThreadPoolExecutor.runWorker(ThreadPoolExecutor.java:1134)
        at java.util.concurrent.ThreadPoolExecutor$Worker.run(ThreadPoolExecutor.java:624)
        at java.lang.Thread.run(Thread.java:750)
"cb9a1e57-5a73-4518-a050-b0d695628b3e@group-7B32BE84CB0B-SegmentedRaftLogWorker"  prio=5 tid=580 timed_waiting
java.lang.Thread.State: TIMED_WAITING
        at sun.misc.Unsafe.park(Native Method)
        at java.util.concurrent.locks.LockSupport.parkNanos(LockSupport.java:215)
        at java.util.concurrent.locks.AbstractQueuedSynchronizer$ConditionObject.awaitNanos(AbstractQueuedSynchronizer.java:2078)
        at org.apache.ratis.util.DataBlockingQueue.poll(DataBlockingQueue.java:148)
        at org.apache.ratis.server.raftlog.segmented.SegmentedRaftLogWorker.run(SegmentedRaftLogWorker.java:310)
        at org.apache.ratis.server.raftlog.segmented.SegmentedRaftLogWorker$$Lambda$665/1566430543.run(Unknown Source)
        at java.lang.Thread.run(Thread.java:750)
"qtp2032401286-400" daemon prio=5 tid=400 timed_waiting
java.lang.Thread.State: TIMED_WAITING
        at sun.misc.Unsafe.park(Native Method)
        at java.util.concurrent.locks.LockSupport.parkNanos(LockSupport.java:215)
        at java.util.concurrent.locks.AbstractQueuedSynchronizer$ConditionObject.awaitNanos(AbstractQueuedSynchronizer.java:2078)
        at org.eclipse.jetty.util.BlockingArrayQueue.poll(BlockingArrayQueue.java:382)
        at org.eclipse.jetty.util.thread.QueuedThreadPool$Runner.idleJobPoll(QueuedThreadPool.java:974)
        at org.eclipse.jetty.util.thread.QueuedThreadPool$Runner.run(QueuedThreadPool.java:1018)
        at java.lang.Thread.run(Thread.java:750)
"timer3" daemon prio=5 tid=702 timed_waiting
java.lang.Thread.State: TIMED_WAITING
        at java.lang.Object.wait(Native Method)
        at java.util.TimerThread.mainLoop(Timer.java:552)
        at java.util.TimerThread.run(Timer.java:505)
"StaleRecoveringContainerScrubbingService#6" daemon prio=5 tid=1072 in Object.wait()
java.lang.Thread.State: WAITING (on object monitor)
        at sun.misc.Unsafe.park(Native Method)
        at java.util.concurrent.locks.LockSupport.park(LockSupport.java:175)
        at java.util.concurrent.locks.AbstractQueuedSynchronizer$ConditionObject.await(AbstractQueuedSynchronizer.java:2039)
        at java.util.concurrent.ScheduledThreadPoolExecutor$DelayedWorkQueue.take(ScheduledThreadPoolExecutor.java:1088)
        at java.util.concurrent.ScheduledThreadPoolExecutor$DelayedWorkQueue.take(ScheduledThreadPoolExecutor.java:809)
        at java.util.concurrent.ThreadPoolExecutor.getTask(ThreadPoolExecutor.java:1074)
        at java.util.concurrent.ThreadPoolExecutor.runWorker(ThreadPoolExecutor.java:1134)
        at java.util.concurrent.ThreadPoolExecutor$Worker.run(ThreadPoolExecutor.java:624)
        at java.lang.Thread.run(Thread.java:750)
"StaleRecoveringContainerScrubbingService#9" daemon prio=5 tid=1105 in Object.wait()
java.lang.Thread.State: WAITING (on object monitor)
        at sun.misc.Unsafe.park(Native Method)
        at java.util.concurrent.locks.LockSupport.park(LockSupport.java:175)
        at java.util.concurrent.locks.AbstractQueuedSynchronizer$ConditionObject.await(AbstractQueuedSynchronizer.java:2039)
        at java.util.concurrent.ScheduledThreadPoolExecutor$DelayedWorkQueue.take(ScheduledThreadPoolExecutor.java:1088)
        at java.util.concurrent.ScheduledThreadPoolExecutor$DelayedWorkQueue.take(ScheduledThreadPoolExecutor.java:809)
        at java.util.concurrent.ThreadPoolExecutor.getTask(ThreadPoolExecutor.java:1074)
        at java.util.concurrent.ThreadPoolExecutor.runWorker(ThreadPoolExecutor.java:1134)
        at java.util.concurrent.ThreadPoolExecutor$Worker.run(ThreadPoolExecutor.java:624)
        at java.lang.Thread.run(Thread.java:750)
"Session-HouseKeeper-467ac5f8-1"  prio=5 tid=272 timed_waiting
java.lang.Thread.State: TIMED_WAITING
        at sun.misc.Unsafe.park(Native Method)
        at java.util.concurrent.locks.LockSupport.parkNanos(LockSupport.java:215)
        at java.util.concurrent.locks.AbstractQueuedSynchronizer$ConditionObject.awaitNanos(AbstractQueuedSynchronizer.java:2078)
        at java.util.concurrent.ScheduledThreadPoolExecutor$DelayedWorkQueue.take(ScheduledThreadPoolExecutor.java:1093)
        at java.util.concurrent.ScheduledThreadPoolExecutor$DelayedWorkQueue.take(ScheduledThreadPoolExecutor.java:809)
        at java.util.concurrent.ThreadPoolExecutor.getTask(ThreadPoolExecutor.java:1074)
        at java.util.concurrent.ThreadPoolExecutor.runWorker(ThreadPoolExecutor.java:1134)
        at java.util.concurrent.ThreadPoolExecutor$Worker.run(ThreadPoolExecutor.java:624)
        at java.lang.Thread.run(Thread.java:750)
"Timer-0"  prio=5 tid=140 timed_waiting
java.lang.Thread.State: TIMED_WAITING
        at java.lang.Object.wait(Native Method)
        at java.util.TimerThread.mainLoop(Timer.java:552)
        at java.util.TimerThread.run(Timer.java:505)
"ChunkReader-5" daemon prio=5 tid=897 in Object.wait()
java.lang.Thread.State: WAITING (on object monitor)
        at sun.misc.Unsafe.park(Native Method)
        at java.util.concurrent.locks.LockSupport.park(LockSupport.java:175)
        at java.util.concurrent.locks.AbstractQueuedSynchronizer$ConditionObject.await(AbstractQueuedSynchronizer.java:2039)
        at java.util.concurrent.LinkedBlockingQueue.take(LinkedBlockingQueue.java:442)
        at java.util.concurrent.ThreadPoolExecutor.getTask(ThreadPoolExecutor.java:1074)
        at java.util.concurrent.ThreadPoolExecutor.runWorker(ThreadPoolExecutor.java:1134)
        at java.util.concurrent.ThreadPoolExecutor$Worker.run(ThreadPoolExecutor.java:624)
        at java.lang.Thread.run(Thread.java:750)
"qtp575983040-264" daemon prio=5 tid=264 runnable
java.lang.Thread.State: RUNNABLE
        at sun.nio.ch.EPollArrayWrapper.epollWait(Native Method)
        at sun.nio.ch.EPollArrayWrapper.poll(EPollArrayWrapper.java:269)
        at sun.nio.ch.EPollSelectorImpl.doSelect(EPollSelectorImpl.java:93)
        at sun.nio.ch.SelectorImpl.lockAndDoSelect(SelectorImpl.java:86)
        at sun.nio.ch.SelectorImpl.select(SelectorImpl.java:97)
        at sun.nio.ch.SelectorImpl.select(SelectorImpl.java:101)
        at org.eclipse.jetty.io.ManagedSelector.nioSelect(ManagedSelector.java:183)
        at org.eclipse.jetty.io.ManagedSelector.select(ManagedSelector.java:190)
        at org.eclipse.jetty.io.ManagedSelector$SelectorProducer.select(ManagedSelector.java:606)
        at org.eclipse.jetty.io.ManagedSelector$SelectorProducer.produce(ManagedSelector.java:543)
        at org.eclipse.jetty.util.thread.strategy.EatWhatYouKill.produceTask(EatWhatYouKill.java:362)
        at org.eclipse.jetty.util.thread.strategy.EatWhatYouKill.doProduce(EatWhatYouKill.java:186)
        at org.eclipse.jetty.util.thread.strategy.EatWhatYouKill.tryProduce(EatWhatYouKill.java:173)
        at org.eclipse.jetty.util.thread.strategy.EatWhatYouKill.produce(EatWhatYouKill.java:137)
        at org.eclipse.jetty.io.ManagedSelector$$Lambda$446/1969754956.run(Unknown Source)
        at org.eclipse.jetty.util.thread.QueuedThreadPool.runJob(QueuedThreadPool.java:883)
        at org.eclipse.jetty.util.thread.QueuedThreadPool$Runner.run(QueuedThreadPool.java:1034)
        at java.lang.Thread.run(Thread.java:750)
"qtp483653299-431" daemon prio=5 tid=431 runnable
java.lang.Thread.State: RUNNABLE
        at sun.nio.ch.EPollArrayWrapper.epollWait(Native Method)
        at sun.nio.ch.EPollArrayWrapper.poll(EPollArrayWrapper.java:269)
        at sun.nio.ch.EPollSelectorImpl.doSelect(EPollSelectorImpl.java:93)
        at sun.nio.ch.SelectorImpl.lockAndDoSelect(SelectorImpl.java:86)
        at sun.nio.ch.SelectorImpl.select(SelectorImpl.java:97)
        at sun.nio.ch.SelectorImpl.select(SelectorImpl.java:101)
        at org.eclipse.jetty.io.ManagedSelector.nioSelect(ManagedSelector.java:183)
        at org.eclipse.jetty.io.ManagedSelector.select(ManagedSelector.java:190)
        at org.eclipse.jetty.io.ManagedSelector$SelectorProducer.select(ManagedSelector.java:606)
        at org.eclipse.jetty.io.ManagedSelector$SelectorProducer.produce(ManagedSelector.java:543)
        at org.eclipse.jetty.util.thread.strategy.EatWhatYouKill.produceTask(EatWhatYouKill.java:362)
        at org.eclipse.jetty.util.thread.strategy.EatWhatYouKill.doProduce(EatWhatYouKill.java:186)
        at org.eclipse.jetty.util.thread.strategy.EatWhatYouKill.tryProduce(EatWhatYouKill.java:173)
        at org.eclipse.jetty.util.thread.strategy.EatWhatYouKill.produce(EatWhatYouKill.java:137)
        at org.eclipse.jetty.io.ManagedSelector$$Lambda$446/1969754956.run(Unknown Source)
        at org.eclipse.jetty.util.thread.QueuedThreadPool.runJob(QueuedThreadPool.java:883)
        at org.eclipse.jetty.util.thread.QueuedThreadPool$Runner.run(QueuedThreadPool.java:1034)
        at java.lang.Thread.run(Thread.java:750)
"PartialTableCache Cleanup Thread - 0" daemon prio=5 tid=750 in Object.wait()
java.lang.Thread.State: WAITING (on object monitor)
        at sun.misc.Unsafe.park(Native Method)
        at java.util.concurrent.locks.LockSupport.park(LockSupport.java:175)
        at java.util.concurrent.locks.AbstractQueuedSynchronizer$ConditionObject.await(AbstractQueuedSynchronizer.java:2039)
        at java.util.concurrent.LinkedBlockingQueue.take(LinkedBlockingQueue.java:442)
        at java.util.concurrent.ThreadPoolExecutor.getTask(ThreadPoolExecutor.java:1074)
        at java.util.concurrent.ThreadPoolExecutor.runWorker(ThreadPoolExecutor.java:1134)
        at java.util.concurrent.ThreadPoolExecutor$Worker.run(ThreadPoolExecutor.java:624)
        at java.lang.Thread.run(Thread.java:750)
"2412583d-f0ce-4b83-96a1-c4f14f6f25ae@group-386A04BC3586->db462c09-4a41-41c4-b065-df9d46fc3c08-GrpcLogAppender-LogAppenderDaemon" daemon prio=5 tid=835 timed_waiting
java.lang.Thread.State: TIMED_WAITING
        at sun.misc.Unsafe.park(Native Method)
        at java.util.concurrent.locks.LockSupport.parkNanos(LockSupport.java:215)
        at java.util.concurrent.CompletableFuture$Signaller.block(CompletableFuture.java:1709)
        at java.util.concurrent.ForkJoinPool.managedBlock(ForkJoinPool.java:3323)
        at java.util.concurrent.CompletableFuture.timedGet(CompletableFuture.java:1788)
        at java.util.concurrent.CompletableFuture.get(CompletableFuture.java:1928)
        at org.apache.ratis.util.AwaitForSignal.await(AwaitForSignal.java:56)
        at org.apache.ratis.grpc.server.GrpcLogAppender.mayWait(GrpcLogAppender.java:198)
        at org.apache.ratis.grpc.server.GrpcLogAppender.run(GrpcLogAppender.java:148)
        at org.apache.ratis.server.leader.LogAppenderDaemon.run(LogAppenderDaemon.java:78)
        at org.apache.ratis.server.leader.LogAppenderDaemon$$Lambda$1042/797680037.run(Unknown Source)
        at java.lang.Thread.run(Thread.java:750)
"Datanode State Machine Task Thread - 1"  prio=5 tid=402 in Object.wait()
java.lang.Thread.State: WAITING (on object monitor)
        at sun.misc.Unsafe.park(Native Method)
        at java.util.concurrent.locks.LockSupport.park(LockSupport.java:175)
        at java.util.concurrent.locks.AbstractQueuedSynchronizer$ConditionObject.await(AbstractQueuedSynchronizer.java:2039)
        at java.util.concurrent.LinkedBlockingQueue.take(LinkedBlockingQueue.java:442)
        at java.util.concurrent.ThreadPoolExecutor.getTask(ThreadPoolExecutor.java:1074)
        at java.util.concurrent.ThreadPoolExecutor.runWorker(ThreadPoolExecutor.java:1134)
        at java.util.concurrent.ThreadPoolExecutor$Worker.run(ThreadPoolExecutor.java:624)
        at java.lang.Thread.run(Thread.java:750)
"IPC Server handler 13 on default port 42997" daemon prio=5 tid=100 timed_waiting
java.lang.Thread.State: TIMED_WAITING
        at sun.misc.Unsafe.park(Native Method)
        at java.util.concurrent.locks.LockSupport.parkNanos(LockSupport.java:215)
        at java.util.concurrent.locks.AbstractQueuedSynchronizer$ConditionObject.awaitNanos(AbstractQueuedSynchronizer.java:2078)
        at java.util.concurrent.LinkedBlockingQueue.poll(LinkedBlockingQueue.java:467)
        at org.apache.hadoop.ipc.CallQueueManager.take(CallQueueManager.java:317)
        at org.apache.hadoop.ipc.Server$Handler.run(Server.java:2942)
"ChunkWriter-3-0" daemon prio=5 tid=369 in Object.wait()
java.lang.Thread.State: WAITING (on object monitor)
        at sun.misc.Unsafe.park(Native Method)
        at java.util.concurrent.locks.LockSupport.park(LockSupport.java:175)
        at java.util.concurrent.locks.AbstractQueuedSynchronizer$ConditionObject.await(AbstractQueuedSynchronizer.java:2039)
        at java.util.concurrent.LinkedBlockingDeque.takeFirst(LinkedBlockingDeque.java:492)
        at java.util.concurrent.LinkedBlockingDeque.take(LinkedBlockingDeque.java:680)
        at java.util.concurrent.ThreadPoolExecutor.getTask(ThreadPoolExecutor.java:1074)
        at java.util.concurrent.ThreadPoolExecutor.runWorker(ThreadPoolExecutor.java:1134)
        at java.util.concurrent.ThreadPoolExecutor$Worker.run(ThreadPoolExecutor.java:624)
        at java.lang.Thread.run(Thread.java:750)
"FixedThreadPoolWithAffinityExecutor-5-0" daemon prio=5 tid=40 timed_waiting
java.lang.Thread.State: TIMED_WAITING
        at sun.misc.Unsafe.park(Native Method)
        at java.util.concurrent.locks.LockSupport.parkNanos(LockSupport.java:215)
        at java.util.concurrent.locks.AbstractQueuedSynchronizer$ConditionObject.awaitNanos(AbstractQueuedSynchronizer.java:2078)
        at java.util.concurrent.LinkedBlockingQueue.poll(LinkedBlockingQueue.java:467)
        at org.apache.hadoop.hdds.scm.server.ContainerReportQueue.poll(ContainerReportQueue.java:266)
        at org.apache.hadoop.hdds.scm.server.ContainerReportQueue.poll(ContainerReportQueue.java:42)
        at org.apache.hadoop.hdds.server.events.FixedThreadPoolWithAffinityExecutor$ContainerReportProcessTask.run(FixedThreadPoolWithAffinityExecutor.java:248)
        at java.util.concurrent.Executors$RunnableAdapter.call(Executors.java:511)
        at java.util.concurrent.FutureTask.run(FutureTask.java:266)
        at java.util.concurrent.ThreadPoolExecutor.runWorker(ThreadPoolExecutor.java:1149)
        at java.util.concurrent.ThreadPoolExecutor$Worker.run(ThreadPoolExecutor.java:624)
        at java.lang.Thread.run(Thread.java:750)
"IPC Server idle connection scanner for port 40677" daemon prio=5 tid=29 timed_waiting
java.lang.Thread.State: TIMED_WAITING
        at java.lang.Object.wait(Native Method)
        at java.util.TimerThread.mainLoop(Timer.java:552)
        at java.util.TimerThread.run(Timer.java:505)
"Periodic HDDS volume checker" daemon prio=5 tid=257 timed_waiting
java.lang.Thread.State: TIMED_WAITING
        at sun.misc.Unsafe.park(Native Method)
        at java.util.concurrent.locks.LockSupport.parkNanos(LockSupport.java:215)
        at java.util.concurrent.locks.AbstractQueuedSynchronizer$ConditionObject.awaitNanos(AbstractQueuedSynchronizer.java:2078)
        at java.util.concurrent.ScheduledThreadPoolExecutor$DelayedWorkQueue.take(ScheduledThreadPoolExecutor.java:1093)
        at java.util.concurrent.ScheduledThreadPoolExecutor$DelayedWorkQueue.take(ScheduledThreadPoolExecutor.java:809)
        at java.util.concurrent.ThreadPoolExecutor.getTask(ThreadPoolExecutor.java:1074)
        at java.util.concurrent.ThreadPoolExecutor.runWorker(ThreadPoolExecutor.java:1134)
        at java.util.concurrent.ThreadPoolExecutor$Worker.run(ThreadPoolExecutor.java:624)
        at java.lang.Thread.run(Thread.java:750)
"qtp70104063-111" daemon prio=5 tid=111 timed_waiting
java.lang.Thread.State: TIMED_WAITING
        at sun.misc.Unsafe.park(Native Method)
        at java.util.concurrent.locks.LockSupport.parkNanos(LockSupport.java:215)
        at java.util.concurrent.locks.AbstractQueuedSynchronizer$ConditionObject.awaitNanos(AbstractQueuedSynchronizer.java:2078)
        at org.eclipse.jetty.util.BlockingArrayQueue.poll(BlockingArrayQueue.java:382)
        at org.eclipse.jetty.util.thread.QueuedThreadPool$Runner.idleJobPoll(QueuedThreadPool.java:974)
        at org.eclipse.jetty.util.thread.QueuedThreadPool$Runner.run(QueuedThreadPool.java:1018)
        at java.lang.Thread.run(Thread.java:750)
"org.apache.hadoop.ozone.container.common.statemachine.commandhandler.DeleteBlocksCommandHandler$DeleteCmdWorker@e79a675" daemon prio=5 tid=262 timed_waiting
java.lang.Thread.State: TIMED_WAITING
        at java.lang.Thread.sleep(Native Method)
        at org.apache.hadoop.ozone.container.common.statemachine.commandhandler.DeleteBlocksCommandHandler$DeleteCmdWorker.run(DeleteBlocksCommandHandler.java:184)
        at java.lang.Thread.run(Thread.java:750)
"6fd96d8c-4ef2-4ba8-87f7-371671a16fe6@group-845F74418684-SegmentedRaftLogWorker"  prio=5 tid=637 timed_waiting
java.lang.Thread.State: TIMED_WAITING
        at sun.misc.Unsafe.park(Native Method)
        at java.util.concurrent.locks.LockSupport.parkNanos(LockSupport.java:215)
        at java.util.concurrent.locks.AbstractQueuedSynchronizer$ConditionObject.awaitNanos(AbstractQueuedSynchronizer.java:2078)
        at org.apache.ratis.util.DataBlockingQueue.poll(DataBlockingQueue.java:148)
        at org.apache.ratis.server.raftlog.segmented.SegmentedRaftLogWorker.run(SegmentedRaftLogWorker.java:310)
        at org.apache.ratis.server.raftlog.segmented.SegmentedRaftLogWorker$$Lambda$665/1566430543.run(Unknown Source)
        at java.lang.Thread.run(Thread.java:750)
"ChunkReader-1" daemon prio=5 tid=760 in Object.wait()
java.lang.Thread.State: WAITING (on object monitor)
        at sun.misc.Unsafe.park(Native Method)
        at java.util.concurrent.locks.LockSupport.park(LockSupport.java:175)
        at java.util.concurrent.locks.AbstractQueuedSynchronizer$ConditionObject.await(AbstractQueuedSynchronizer.java:2039)
        at java.util.concurrent.LinkedBlockingQueue.take(LinkedBlockingQueue.java:442)
        at java.util.concurrent.ThreadPoolExecutor.getTask(ThreadPoolExecutor.java:1074)
        at java.util.concurrent.ThreadPoolExecutor.runWorker(ThreadPoolExecutor.java:1134)
        at java.util.concurrent.ThreadPoolExecutor$Worker.run(ThreadPoolExecutor.java:624)
        at java.lang.Thread.run(Thread.java:750)
"Datanode ReportManager Thread - 2" daemon prio=5 tid=276 timed_waiting
java.lang.Thread.State: TIMED_WAITING
        at sun.misc.Unsafe.park(Native Method)
        at java.util.concurrent.locks.LockSupport.parkNanos(LockSupport.java:215)
        at java.util.concurrent.locks.AbstractQueuedSynchronizer$ConditionObject.awaitNanos(AbstractQueuedSynchronizer.java:2078)
        at java.util.concurrent.ScheduledThreadPoolExecutor$DelayedWorkQueue.take(ScheduledThreadPoolExecutor.java:1093)
        at java.util.concurrent.ScheduledThreadPoolExecutor$DelayedWorkQueue.take(ScheduledThreadPoolExecutor.java:809)
        at java.util.concurrent.ThreadPoolExecutor.getTask(ThreadPoolExecutor.java:1074)
        at java.util.concurrent.ThreadPoolExecutor.runWorker(ThreadPoolExecutor.java:1134)
        at java.util.concurrent.ThreadPoolExecutor$Worker.run(ThreadPoolExecutor.java:624)
        at java.lang.Thread.run(Thread.java:750)
"Datanode ReportManager Thread - 2" daemon prio=5 tid=302 in Object.wait()
java.lang.Thread.State: WAITING (on object monitor)
        at sun.misc.Unsafe.park(Native Method)
        at java.util.concurrent.locks.LockSupport.park(LockSupport.java:175)
        at java.util.concurrent.locks.AbstractQueuedSynchronizer$ConditionObject.await(AbstractQueuedSynchronizer.java:2039)
        at java.util.concurrent.ScheduledThreadPoolExecutor$DelayedWorkQueue.take(ScheduledThreadPoolExecutor.java:1088)
        at java.util.concurrent.ScheduledThreadPoolExecutor$DelayedWorkQueue.take(ScheduledThreadPoolExecutor.java:809)
        at java.util.concurrent.ThreadPoolExecutor.getTask(ThreadPoolExecutor.java:1074)
        at java.util.concurrent.ThreadPoolExecutor.runWorker(ThreadPoolExecutor.java:1134)
        at java.util.concurrent.ThreadPoolExecutor$Worker.run(ThreadPoolExecutor.java:624)
        at java.lang.Thread.run(Thread.java:750)
"4949dc81-86be-4926-96a6-534c5c5588ca@group-9E9806E9FECC-LeaderStateImpl" daemon prio=5 tid=811 timed_waiting
java.lang.Thread.State: TIMED_WAITING
        at sun.misc.Unsafe.park(Native Method)
        at java.util.concurrent.locks.LockSupport.parkNanos(LockSupport.java:215)
        at java.util.concurrent.locks.AbstractQueuedSynchronizer$ConditionObject.awaitNanos(AbstractQueuedSynchronizer.java:2078)
        at java.util.concurrent.ArrayBlockingQueue.poll(ArrayBlockingQueue.java:418)
        at org.apache.ratis.server.impl.LeaderStateImpl$EventQueue.poll(LeaderStateImpl.java:159)
        at org.apache.ratis.server.impl.LeaderStateImpl$EventProcessor.run(LeaderStateImpl.java:630)
"JvmPauseMonitor9" daemon prio=5 tid=548 timed_waiting
java.lang.Thread.State: TIMED_WAITING
        at java.lang.Thread.sleep(Native Method)
        at java.lang.Thread.sleep(Thread.java:342)
        at java.util.concurrent.TimeUnit.sleep(TimeUnit.java:386)
        at org.apache.ratis.util.TimeDuration.sleep(TimeDuration.java:325)
        at org.apache.ratis.util.TimeDuration.sleep(TimeDuration.java:310)
        at org.apache.ratis.util.JvmPauseMonitor.detectPause(JvmPauseMonitor.java:119)
        at org.apache.ratis.util.JvmPauseMonitor.run(JvmPauseMonitor.java:108)
        at org.apache.ratis.util.JvmPauseMonitor$$Lambda$706/2022973332.run(Unknown Source)
        at java.lang.Thread.run(Thread.java:750)
"IPC Server handler 13 on default port 40677" daemon prio=5 tid=80 timed_waiting
java.lang.Thread.State: TIMED_WAITING
        at sun.misc.Unsafe.park(Native Method)
        at java.util.concurrent.locks.LockSupport.parkNanos(LockSupport.java:215)
        at java.util.concurrent.locks.AbstractQueuedSynchronizer$ConditionObject.awaitNanos(AbstractQueuedSynchronizer.java:2078)
        at java.util.concurrent.LinkedBlockingQueue.poll(LinkedBlockingQueue.java:467)
        at org.apache.hadoop.ipc.CallQueueManager.take(CallQueueManager.java:317)
        at org.apache.hadoop.ipc.Server$Handler.run(Server.java:2942)
"ChunkReader-2" daemon prio=5 tid=1028 in Object.wait()
java.lang.Thread.State: WAITING (on object monitor)
        at sun.misc.Unsafe.park(Native Method)
        at java.util.concurrent.locks.LockSupport.park(LockSupport.java:175)
        at java.util.concurrent.locks.AbstractQueuedSynchronizer$ConditionObject.await(AbstractQueuedSynchronizer.java:2039)
        at java.util.concurrent.LinkedBlockingQueue.take(LinkedBlockingQueue.java:442)
        at java.util.concurrent.ThreadPoolExecutor.getTask(ThreadPoolExecutor.java:1074)
        at java.util.concurrent.ThreadPoolExecutor.runWorker(ThreadPoolExecutor.java:1134)
        at java.util.concurrent.ThreadPoolExecutor$Worker.run(ThreadPoolExecutor.java:624)
        at java.lang.Thread.run(Thread.java:750)
"c8bfac46-0061-4906-a354-59c2fa211c25@group-BF229F9AAB43-SegmentedRaftLogWorker"  prio=5 tid=678 timed_waiting
java.lang.Thread.State: TIMED_WAITING
        at sun.misc.Unsafe.park(Native Method)
        at java.util.concurrent.locks.LockSupport.parkNanos(LockSupport.java:215)
        at java.util.concurrent.locks.AbstractQueuedSynchronizer$ConditionObject.awaitNanos(AbstractQueuedSynchronizer.java:2078)
        at org.apache.ratis.util.DataBlockingQueue.poll(DataBlockingQueue.java:148)
        at org.apache.ratis.server.raftlog.segmented.SegmentedRaftLogWorker.run(SegmentedRaftLogWorker.java:310)
        at org.apache.ratis.server.raftlog.segmented.SegmentedRaftLogWorker$$Lambda$665/1566430543.run(Unknown Source)
        at java.lang.Thread.run(Thread.java:750)
"ChunkReader-ELG-0" daemon prio=5 tid=549 runnable
java.lang.Thread.State: RUNNABLE
        at org.apache.ratis.thirdparty.io.netty.channel.epoll.Native.epollWait0(Native Method)
        at org.apache.ratis.thirdparty.io.netty.channel.epoll.Native.epollWait(Native.java:182)
        at org.apache.ratis.thirdparty.io.netty.channel.epoll.EpollEventLoop.epollWait(EpollEventLoop.java:290)
        at org.apache.ratis.thirdparty.io.netty.channel.epoll.EpollEventLoop.run(EpollEventLoop.java:354)
        at org.apache.ratis.thirdparty.io.netty.util.concurrent.SingleThreadEventExecutor$4.run(SingleThreadEventExecutor.java:995)
        at org.apache.ratis.thirdparty.io.netty.util.internal.ThreadExecutorMap$2.run(ThreadExecutorMap.java:74)
        at java.lang.Thread.run(Thread.java:750)
"Datanode State Machine Daemon Thread" daemon prio=5 tid=299 timed_waiting
java.lang.Thread.State: TIMED_WAITING
        at java.lang.Thread.sleep(Native Method)
        at org.apache.hadoop.ozone.container.common.statemachine.DatanodeStateMachine.startStateMachineThread(DatanodeStateMachine.java:321)
        at org.apache.hadoop.ozone.container.common.statemachine.DatanodeStateMachine.lambda$startDaemon$0(DatanodeStateMachine.java:506)
        at org.apache.hadoop.ozone.container.common.statemachine.DatanodeStateMachine$$Lambda$751/1388137600.run(Unknown Source)
        at java.lang.Thread.run(Thread.java:750)
"pool-81-thread-1"  prio=5 tid=183 timed_waiting
java.lang.Thread.State: TIMED_WAITING
        at sun.misc.Unsafe.park(Native Method)
        at java.util.concurrent.locks.LockSupport.parkNanos(LockSupport.java:215)
        at java.util.concurrent.locks.AbstractQueuedSynchronizer$ConditionObject.awaitNanos(AbstractQueuedSynchronizer.java:2078)
        at java.util.concurrent.ScheduledThreadPoolExecutor$DelayedWorkQueue.take(ScheduledThreadPoolExecutor.java:1093)
        at java.util.concurrent.ScheduledThreadPoolExecutor$DelayedWorkQueue.take(ScheduledThreadPoolExecutor.java:809)
        at java.util.concurrent.ThreadPoolExecutor.getTask(ThreadPoolExecutor.java:1074)
        at java.util.concurrent.ThreadPoolExecutor.runWorker(ThreadPoolExecutor.java:1134)
        at java.util.concurrent.ThreadPoolExecutor$Worker.run(ThreadPoolExecutor.java:624)
        at java.lang.Thread.run(Thread.java:750)
"StaleRecoveringContainerScrubbingService#5" daemon prio=5 tid=1060 in Object.wait()
java.lang.Thread.State: WAITING (on object monitor)
        at sun.misc.Unsafe.park(Native Method)
        at java.util.concurrent.locks.LockSupport.park(LockSupport.java:175)
        at java.util.concurrent.locks.AbstractQueuedSynchronizer$ConditionObject.await(AbstractQueuedSynchronizer.java:2039)
        at java.util.concurrent.ScheduledThreadPoolExecutor$DelayedWorkQueue.take(ScheduledThreadPoolExecutor.java:1088)
        at java.util.concurrent.ScheduledThreadPoolExecutor$DelayedWorkQueue.take(ScheduledThreadPoolExecutor.java:809)
        at java.util.concurrent.ThreadPoolExecutor.getTask(ThreadPoolExecutor.java:1074)
        at java.util.concurrent.ThreadPoolExecutor.runWorker(ThreadPoolExecutor.java:1134)
        at java.util.concurrent.ThreadPoolExecutor$Worker.run(ThreadPoolExecutor.java:624)
        at java.lang.Thread.run(Thread.java:750)
"fb3b41a4-a9f1-45d3-bf74-4074fcf3e767@group-763B35D9546F-SegmentedRaftLogWorker"  prio=5 tid=599 timed_waiting
java.lang.Thread.State: TIMED_WAITING
        at sun.misc.Unsafe.park(Native Method)
        at java.util.concurrent.locks.LockSupport.parkNanos(LockSupport.java:215)
        at java.util.concurrent.locks.AbstractQueuedSynchronizer$ConditionObject.awaitNanos(AbstractQueuedSynchronizer.java:2078)
        at org.apache.ratis.util.DataBlockingQueue.poll(DataBlockingQueue.java:148)
        at org.apache.ratis.server.raftlog.segmented.SegmentedRaftLogWorker.run(SegmentedRaftLogWorker.java:310)
        at org.apache.ratis.server.raftlog.segmented.SegmentedRaftLogWorker$$Lambda$665/1566430543.run(Unknown Source)
        at java.lang.Thread.run(Thread.java:750)
"qtp366310941-212" daemon prio=5 tid=212 runnable
java.lang.Thread.State: RUNNABLE
        at sun.nio.ch.EPollArrayWrapper.epollWait(Native Method)
        at sun.nio.ch.EPollArrayWrapper.poll(EPollArrayWrapper.java:269)
        at sun.nio.ch.EPollSelectorImpl.doSelect(EPollSelectorImpl.java:93)
        at sun.nio.ch.SelectorImpl.lockAndDoSelect(SelectorImpl.java:86)
        at sun.nio.ch.SelectorImpl.select(SelectorImpl.java:97)
        at sun.nio.ch.SelectorImpl.select(SelectorImpl.java:101)
        at org.eclipse.jetty.io.ManagedSelector.nioSelect(ManagedSelector.java:183)
        at org.eclipse.jetty.io.ManagedSelector.select(ManagedSelector.java:190)
        at org.eclipse.jetty.io.ManagedSelector$SelectorProducer.select(ManagedSelector.java:606)
        at org.eclipse.jetty.io.ManagedSelector$SelectorProducer.produce(ManagedSelector.java:543)
        at org.eclipse.jetty.util.thread.strategy.EatWhatYouKill.produceTask(EatWhatYouKill.java:362)
        at org.eclipse.jetty.util.thread.strategy.EatWhatYouKill.doProduce(EatWhatYouKill.java:186)
        at org.eclipse.jetty.util.thread.strategy.EatWhatYouKill.tryProduce(EatWhatYouKill.java:173)
        at org.eclipse.jetty.util.thread.strategy.EatWhatYouKill.produce(EatWhatYouKill.java:137)
        at org.eclipse.jetty.io.ManagedSelector$$Lambda$446/1969754956.run(Unknown Source)
        at org.eclipse.jetty.util.thread.QueuedThreadPool.runJob(QueuedThreadPool.java:883)
        at org.eclipse.jetty.util.thread.QueuedThreadPool$Runner.run(QueuedThreadPool.java:1034)
        at java.lang.Thread.run(Thread.java:750)
"org.apache.hadoop.util.JvmPauseMonitor$Monitor@17541204" daemon prio=5 tid=108 timed_waiting
java.lang.Thread.State: TIMED_WAITING
        at java.lang.Thread.sleep(Native Method)
        at org.apache.hadoop.util.JvmPauseMonitor$Monitor.run(JvmPauseMonitor.java:192)
        at java.lang.Thread.run(Thread.java:750)
"StaleRecoveringContainerScrubbingService#2" daemon prio=5 tid=803 timed_waiting
java.lang.Thread.State: TIMED_WAITING
        at sun.misc.Unsafe.park(Native Method)
        at java.util.concurrent.locks.LockSupport.parkNanos(LockSupport.java:215)
        at java.util.concurrent.locks.AbstractQueuedSynchronizer$ConditionObject.awaitNanos(AbstractQueuedSynchronizer.java:2078)
        at java.util.concurrent.ScheduledThreadPoolExecutor$DelayedWorkQueue.take(ScheduledThreadPoolExecutor.java:1093)
        at java.util.concurrent.ScheduledThreadPoolExecutor$DelayedWorkQueue.take(ScheduledThreadPoolExecutor.java:809)
        at java.util.concurrent.ThreadPoolExecutor.getTask(ThreadPoolExecutor.java:1074)
        at java.util.concurrent.ThreadPoolExecutor.runWorker(ThreadPoolExecutor.java:1134)
        at java.util.concurrent.ThreadPoolExecutor$Worker.run(ThreadPoolExecutor.java:624)
        at java.lang.Thread.run(Thread.java:750)
"Datanode ReportManager Thread - 1" daemon prio=5 tid=454 in Object.wait()
java.lang.Thread.State: WAITING (on object monitor)
        at sun.misc.Unsafe.park(Native Method)
        at java.util.concurrent.locks.LockSupport.park(LockSupport.java:175)
        at java.util.concurrent.locks.AbstractQueuedSynchronizer$ConditionObject.await(AbstractQueuedSynchronizer.java:2039)
        at java.util.concurrent.ScheduledThreadPoolExecutor$DelayedWorkQueue.take(ScheduledThreadPoolExecutor.java:1088)
        at java.util.concurrent.ScheduledThreadPoolExecutor$DelayedWorkQueue.take(ScheduledThreadPoolExecutor.java:809)
        at java.util.concurrent.ThreadPoolExecutor.getTask(ThreadPoolExecutor.java:1074)
        at java.util.concurrent.ThreadPoolExecutor.runWorker(ThreadPoolExecutor.java:1134)
        at java.util.concurrent.ThreadPoolExecutor$Worker.run(ThreadPoolExecutor.java:624)
        at java.lang.Thread.run(Thread.java:750)
"prometheus" daemon prio=5 tid=119 in Object.wait()
java.lang.Thread.State: WAITING (on object monitor)
        at java.lang.Object.wait(Native Method)
        at java.lang.Object.wait(Object.java:502)
        at org.apache.hadoop.metrics2.impl.SinkQueue.waitForData(SinkQueue.java:114)
        at org.apache.hadoop.metrics2.impl.SinkQueue.consumeAll(SinkQueue.java:83)
        at org.apache.hadoop.metrics2.impl.MetricsSinkAdapter.publishMetricsFromQueue(MetricsSinkAdapter.java:135)
        at org.apache.hadoop.metrics2.impl.MetricsSinkAdapter$1.run(MetricsSinkAdapter.java:89)
"pool-64-thread-1" daemon prio=5 tid=178 timed_waiting
java.lang.Thread.State: TIMED_WAITING
        at sun.misc.Unsafe.park(Native Method)
        at java.util.concurrent.locks.LockSupport.parkNanos(LockSupport.java:215)
        at java.util.concurrent.locks.AbstractQueuedSynchronizer$ConditionObject.awaitNanos(AbstractQueuedSynchronizer.java:2078)
        at java.util.concurrent.ScheduledThreadPoolExecutor$DelayedWorkQueue.take(ScheduledThreadPoolExecutor.java:1093)
        at java.util.concurrent.ScheduledThreadPoolExecutor$DelayedWorkQueue.take(ScheduledThreadPoolExecutor.java:809)
        at java.util.concurrent.ThreadPoolExecutor.getTask(ThreadPoolExecutor.java:1074)
        at java.util.concurrent.ThreadPoolExecutor.runWorker(ThreadPoolExecutor.java:1134)
        at java.util.concurrent.ThreadPoolExecutor$Worker.run(ThreadPoolExecutor.java:624)
        at java.lang.Thread.run(Thread.java:750)
"IPC Server idle connection scanner for port 43781" daemon prio=5 tid=132 timed_waiting
java.lang.Thread.State: TIMED_WAITING
        at java.lang.Object.wait(Native Method)
        at java.util.TimerThread.mainLoop(Timer.java:552)
        at java.util.TimerThread.run(Timer.java:505)
"ChunkReader-3" daemon prio=5 tid=776 in Object.wait()
java.lang.Thread.State: WAITING (on object monitor)
        at sun.misc.Unsafe.park(Native Method)
        at java.util.concurrent.locks.LockSupport.park(LockSupport.java:175)
        at java.util.concurrent.locks.AbstractQueuedSynchronizer$ConditionObject.await(AbstractQueuedSynchronizer.java:2039)
        at java.util.concurrent.LinkedBlockingQueue.take(LinkedBlockingQueue.java:442)
        at java.util.concurrent.ThreadPoolExecutor.getTask(ThreadPoolExecutor.java:1074)
        at java.util.concurrent.ThreadPoolExecutor.runWorker(ThreadPoolExecutor.java:1134)
        at java.util.concurrent.ThreadPoolExecutor$Worker.run(ThreadPoolExecutor.java:624)
        at java.lang.Thread.run(Thread.java:750)
"Datanode State Machine Task Thread - 0"  prio=5 tid=460 in Object.wait()
java.lang.Thread.State: WAITING (on object monitor)
        at sun.misc.Unsafe.park(Native Method)
        at java.util.concurrent.locks.LockSupport.park(LockSupport.java:175)
        at java.util.concurrent.locks.AbstractQueuedSynchronizer$ConditionObject.await(AbstractQueuedSynchronizer.java:2039)
        at java.util.concurrent.LinkedBlockingQueue.take(LinkedBlockingQueue.java:442)
        at java.util.concurrent.ThreadPoolExecutor.getTask(ThreadPoolExecutor.java:1074)
        at java.util.concurrent.ThreadPoolExecutor.runWorker(ThreadPoolExecutor.java:1134)
        at java.util.concurrent.ThreadPoolExecutor$Worker.run(ThreadPoolExecutor.java:624)
        at java.lang.Thread.run(Thread.java:750)
"2412583d-f0ce-4b83-96a1-c4f14f6f25ae-server-thread3" daemon prio=5 tid=893 timed_waiting
java.lang.Thread.State: TIMED_WAITING
        at sun.misc.Unsafe.park(Native Method)
        at java.util.concurrent.locks.LockSupport.parkNanos(LockSupport.java:215)
        at java.util.concurrent.SynchronousQueue$TransferStack.awaitFulfill(SynchronousQueue.java:460)
        at java.util.concurrent.SynchronousQueue$TransferStack.transfer(SynchronousQueue.java:362)
        at java.util.concurrent.SynchronousQueue.poll(SynchronousQueue.java:941)
        at java.util.concurrent.ThreadPoolExecutor.getTask(ThreadPoolExecutor.java:1073)
        at java.util.concurrent.ThreadPoolExecutor.runWorker(ThreadPoolExecutor.java:1134)
        at java.util.concurrent.ThreadPoolExecutor$Worker.run(ThreadPoolExecutor.java:624)
        at java.lang.Thread.run(Thread.java:750)
"BlockDeletingService#0" daemon prio=5 tid=373 timed_waiting
java.lang.Thread.State: TIMED_WAITING
        at sun.misc.Unsafe.park(Native Method)
        at java.util.concurrent.locks.LockSupport.parkNanos(LockSupport.java:215)
        at java.util.concurrent.locks.AbstractQueuedSynchronizer$ConditionObject.awaitNanos(AbstractQueuedSynchronizer.java:2078)
        at java.util.concurrent.ScheduledThreadPoolExecutor$DelayedWorkQueue.take(ScheduledThreadPoolExecutor.java:1093)
        at java.util.concurrent.ScheduledThreadPoolExecutor$DelayedWorkQueue.take(ScheduledThreadPoolExecutor.java:809)
        at java.util.concurrent.ThreadPoolExecutor.getTask(ThreadPoolExecutor.java:1074)
        at java.util.concurrent.ThreadPoolExecutor.runWorker(ThreadPoolExecutor.java:1134)
        at java.util.concurrent.ThreadPoolExecutor$Worker.run(ThreadPoolExecutor.java:624)
        at java.lang.Thread.run(Thread.java:750)
"Periodic HDDS volume checker" daemon prio=5 tid=231 timed_waiting
java.lang.Thread.State: TIMED_WAITING
        at sun.misc.Unsafe.park(Native Method)
        at java.util.concurrent.locks.LockSupport.parkNanos(LockSupport.java:215)
        at java.util.concurrent.locks.AbstractQueuedSynchronizer$ConditionObject.awaitNanos(AbstractQueuedSynchronizer.java:2078)
        at java.util.concurrent.ScheduledThreadPoolExecutor$DelayedWorkQueue.take(ScheduledThreadPoolExecutor.java:1093)
        at java.util.concurrent.ScheduledThreadPoolExecutor$DelayedWorkQueue.take(ScheduledThreadPoolExecutor.java:809)
        at java.util.concurrent.ThreadPoolExecutor.getTask(ThreadPoolExecutor.java:1074)
        at java.util.concurrent.ThreadPoolExecutor.runWorker(ThreadPoolExecutor.java:1134)
        at java.util.concurrent.ThreadPoolExecutor$Worker.run(ThreadPoolExecutor.java:624)
        at java.lang.Thread.run(Thread.java:750)
"db462c09-4a41-41c4-b065-df9d46fc3c08@group-386A04BC3586-FollowerState" daemon prio=5 tid=832 timed_waiting
java.lang.Thread.State: TIMED_WAITING
        at java.lang.Thread.sleep(Native Method)
        at java.lang.Thread.sleep(Thread.java:342)
        at java.util.concurrent.TimeUnit.sleep(TimeUnit.java:386)
        at org.apache.ratis.util.TimeDuration.sleep(TimeDuration.java:325)
        at org.apache.ratis.util.TimeDuration.sleep(TimeDuration.java:310)
        at org.apache.ratis.server.impl.FollowerState.run(FollowerState.java:128)
"IPC Server handler 8 on default port 35707" daemon prio=5 tid=55 timed_waiting
java.lang.Thread.State: TIMED_WAITING
        at sun.misc.Unsafe.park(Native Method)
        at java.util.concurrent.locks.LockSupport.parkNanos(LockSupport.java:215)
        at java.util.concurrent.locks.AbstractQueuedSynchronizer$ConditionObject.awaitNanos(AbstractQueuedSynchronizer.java:2078)
        at java.util.concurrent.LinkedBlockingQueue.poll(LinkedBlockingQueue.java:467)
        at org.apache.hadoop.ipc.CallQueueManager.take(CallQueueManager.java:317)
        at org.apache.hadoop.ipc.Server$Handler.run(Server.java:2942)
"pool-187-thread-1"  prio=5 tid=620 in Object.wait()
java.lang.Thread.State: WAITING (on object monitor)
        at sun.misc.Unsafe.park(Native Method)
        at java.util.concurrent.locks.LockSupport.park(LockSupport.java:175)
        at java.util.concurrent.locks.AbstractQueuedSynchronizer$ConditionObject.await(AbstractQueuedSynchronizer.java:2039)
        at java.util.concurrent.LinkedBlockingQueue.take(LinkedBlockingQueue.java:442)
        at java.util.concurrent.ThreadPoolExecutor.getTask(ThreadPoolExecutor.java:1074)
        at java.util.concurrent.ThreadPoolExecutor.runWorker(ThreadPoolExecutor.java:1134)
        at java.util.concurrent.ThreadPoolExecutor$Worker.run(ThreadPoolExecutor.java:624)
        at java.lang.Thread.run(Thread.java:750)
"qtp1881254670-320" daemon prio=5 tid=320 timed_waiting
java.lang.Thread.State: TIMED_WAITING
        at sun.misc.Unsafe.park(Native Method)
        at java.util.concurrent.locks.LockSupport.parkNanos(LockSupport.java:215)
        at java.util.concurrent.locks.AbstractQueuedSynchronizer$ConditionObject.awaitNanos(AbstractQueuedSynchronizer.java:2078)
        at org.eclipse.jetty.util.BlockingArrayQueue.poll(BlockingArrayQueue.java:382)
        at org.eclipse.jetty.util.thread.QueuedThreadPool$Runner.idleJobPoll(QueuedThreadPool.java:974)
        at org.eclipse.jetty.util.thread.QueuedThreadPool$Runner.run(QueuedThreadPool.java:1018)
        at java.lang.Thread.run(Thread.java:750)
"IPC Server handler 6 on default port 43781" daemon prio=5 tid=160 timed_waiting
java.lang.Thread.State: TIMED_WAITING
        at sun.misc.Unsafe.park(Native Method)
        at java.util.concurrent.locks.LockSupport.parkNanos(LockSupport.java:215)
        at java.util.concurrent.locks.AbstractQueuedSynchronizer$ConditionObject.awaitNanos(AbstractQueuedSynchronizer.java:2078)
        at java.util.concurrent.LinkedBlockingQueue.poll(LinkedBlockingQueue.java:467)
        at org.apache.hadoop.ipc.CallQueueManager.take(CallQueueManager.java:317)
        at org.apache.hadoop.ipc.Server$Handler.run(Server.java:2942)
"ChunkWriter-3-0" daemon prio=5 tid=331 in Object.wait()
java.lang.Thread.State: WAITING (on object monitor)
        at sun.misc.Unsafe.park(Native Method)
        at java.util.concurrent.locks.LockSupport.park(LockSupport.java:175)
        at java.util.concurrent.locks.AbstractQueuedSynchronizer$ConditionObject.await(AbstractQueuedSynchronizer.java:2039)
        at java.util.concurrent.LinkedBlockingDeque.takeFirst(LinkedBlockingDeque.java:492)
        at java.util.concurrent.LinkedBlockingDeque.take(LinkedBlockingDeque.java:680)
        at java.util.concurrent.ThreadPoolExecutor.getTask(ThreadPoolExecutor.java:1074)
        at java.util.concurrent.ThreadPoolExecutor.runWorker(ThreadPoolExecutor.java:1134)
        at java.util.concurrent.ThreadPoolExecutor$Worker.run(ThreadPoolExecutor.java:624)
        at java.lang.Thread.run(Thread.java:750)
"Datanode ReportManager Thread - 3" daemon prio=5 tid=500 in Object.wait()
java.lang.Thread.State: WAITING (on object monitor)
        at sun.misc.Unsafe.park(Native Method)
        at java.util.concurrent.locks.LockSupport.park(LockSupport.java:175)
        at java.util.concurrent.locks.AbstractQueuedSynchronizer$ConditionObject.await(AbstractQueuedSynchronizer.java:2039)
        at java.util.concurrent.ScheduledThreadPoolExecutor$DelayedWorkQueue.take(ScheduledThreadPoolExecutor.java:1088)
        at java.util.concurrent.ScheduledThreadPoolExecutor$DelayedWorkQueue.take(ScheduledThreadPoolExecutor.java:809)
        at java.util.concurrent.ThreadPoolExecutor.getTask(ThreadPoolExecutor.java:1074)
        at java.util.concurrent.ThreadPoolExecutor.runWorker(ThreadPoolExecutor.java:1134)
        at java.util.concurrent.ThreadPoolExecutor$Worker.run(ThreadPoolExecutor.java:624)
        at java.lang.Thread.run(Thread.java:750)
"6fd96d8c-4ef2-4ba8-87f7-371671a16fe6@group-F81AFF323CCD-LeaderStateImpl" daemon prio=5 tid=759 timed_waiting
java.lang.Thread.State: TIMED_WAITING
        at sun.misc.Unsafe.park(Native Method)
        at java.util.concurrent.locks.LockSupport.parkNanos(LockSupport.java:215)
        at java.util.concurrent.locks.AbstractQueuedSynchronizer$ConditionObject.awaitNanos(AbstractQueuedSynchronizer.java:2078)
        at java.util.concurrent.ArrayBlockingQueue.poll(ArrayBlockingQueue.java:418)
        at org.apache.ratis.server.impl.LeaderStateImpl$EventQueue.poll(LeaderStateImpl.java:159)
        at org.apache.ratis.server.impl.LeaderStateImpl$EventProcessor.run(LeaderStateImpl.java:630)
"ChunkWriter-0-0" daemon prio=5 tid=480 in Object.wait()
java.lang.Thread.State: WAITING (on object monitor)
        at sun.misc.Unsafe.park(Native Method)
        at java.util.concurrent.locks.LockSupport.park(LockSupport.java:175)
        at java.util.concurrent.locks.AbstractQueuedSynchronizer$ConditionObject.await(AbstractQueuedSynchronizer.java:2039)
        at java.util.concurrent.LinkedBlockingDeque.takeFirst(LinkedBlockingDeque.java:492)
        at java.util.concurrent.LinkedBlockingDeque.take(LinkedBlockingDeque.java:680)
        at java.util.concurrent.ThreadPoolExecutor.getTask(ThreadPoolExecutor.java:1074)
        at java.util.concurrent.ThreadPoolExecutor.runWorker(ThreadPoolExecutor.java:1134)
        at java.util.concurrent.ThreadPoolExecutor$Worker.run(ThreadPoolExecutor.java:624)
        at java.lang.Thread.run(Thread.java:750)
"Datanode ReportManager Thread - 1" daemon prio=5 tid=223 timed_waiting
java.lang.Thread.State: TIMED_WAITING
        at sun.misc.Unsafe.park(Native Method)
        at java.util.concurrent.locks.LockSupport.parkNanos(LockSupport.java:215)
        at java.util.concurrent.locks.AbstractQueuedSynchronizer$ConditionObject.awaitNanos(AbstractQueuedSynchronizer.java:2078)
        at java.util.concurrent.ScheduledThreadPoolExecutor$DelayedWorkQueue.take(ScheduledThreadPoolExecutor.java:1093)
        at java.util.concurrent.ScheduledThreadPoolExecutor$DelayedWorkQueue.take(ScheduledThreadPoolExecutor.java:809)
        at java.util.concurrent.ThreadPoolExecutor.getTask(ThreadPoolExecutor.java:1074)
        at java.util.concurrent.ThreadPoolExecutor.runWorker(ThreadPoolExecutor.java:1134)
        at java.util.concurrent.ThreadPoolExecutor$Worker.run(ThreadPoolExecutor.java:624)
        at java.lang.Thread.run(Thread.java:750)
"06429dc3-6184-4705-8d2a-a6f8dedf2170@group-F829801C2906-StateMachineUpdater" daemon prio=5 tid=597 timed_waiting
java.lang.Thread.State: TIMED_WAITING
        at sun.misc.Unsafe.park(Native Method)
        at java.util.concurrent.locks.LockSupport.parkNanos(LockSupport.java:215)
        at java.util.concurrent.CompletableFuture$Signaller.block(CompletableFuture.java:1709)
        at java.util.concurrent.ForkJoinPool.managedBlock(ForkJoinPool.java:3323)
        at java.util.concurrent.CompletableFuture.timedGet(CompletableFuture.java:1788)
        at java.util.concurrent.CompletableFuture.get(CompletableFuture.java:1928)
        at org.apache.ratis.util.AwaitForSignal.await(AwaitForSignal.java:56)
        at org.apache.ratis.server.impl.StateMachineUpdater.waitForCommit(StateMachineUpdater.java:207)
        at org.apache.ratis.server.impl.StateMachineUpdater.run(StateMachineUpdater.java:176)
        at java.lang.Thread.run(Thread.java:750)
"StaleRecoveringContainerScrubbingService#4" daemon prio=5 tid=954 in Object.wait()
java.lang.Thread.State: WAITING (on object monitor)
        at sun.misc.Unsafe.park(Native Method)
        at java.util.concurrent.locks.LockSupport.park(LockSupport.java:175)
        at java.util.concurrent.locks.AbstractQueuedSynchronizer$ConditionObject.await(AbstractQueuedSynchronizer.java:2039)
        at java.util.concurrent.ScheduledThreadPoolExecutor$DelayedWorkQueue.take(ScheduledThreadPoolExecutor.java:1088)
        at java.util.concurrent.ScheduledThreadPoolExecutor$DelayedWorkQueue.take(ScheduledThreadPoolExecutor.java:809)
        at java.util.concurrent.ThreadPoolExecutor.getTask(ThreadPoolExecutor.java:1074)
        at java.util.concurrent.ThreadPoolExecutor.runWorker(ThreadPoolExecutor.java:1134)
        at java.util.concurrent.ThreadPoolExecutor$Worker.run(ThreadPoolExecutor.java:624)
        at java.lang.Thread.run(Thread.java:750)
"Command processor thread" daemon prio=5 tid=420 timed_waiting
java.lang.Thread.State: TIMED_WAITING
        at java.lang.Thread.sleep(Native Method)
        at org.apache.hadoop.ozone.container.common.statemachine.DatanodeStateMachine.lambda$initCommandHandlerThread$3(DatanodeStateMachine.java:641)
        at org.apache.hadoop.ozone.container.common.statemachine.DatanodeStateMachine$$Lambda$753/128958122.run(Unknown Source)
        at java.lang.Thread.run(Thread.java:750)
"EndpointStateMachine task thread for /0.0.0.0:42997 - 0 "  prio=5 tid=479 in Object.wait()
java.lang.Thread.State: WAITING (on object monitor)
        at sun.misc.Unsafe.park(Native Method)
        at java.util.concurrent.locks.LockSupport.park(LockSupport.java:175)
        at java.util.concurrent.locks.AbstractQueuedSynchronizer$ConditionObject.await(AbstractQueuedSynchronizer.java:2039)
        at java.util.concurrent.LinkedBlockingQueue.take(LinkedBlockingQueue.java:442)
        at java.util.concurrent.ThreadPoolExecutor.getTask(ThreadPoolExecutor.java:1074)
        at java.util.concurrent.ThreadPoolExecutor.runWorker(ThreadPoolExecutor.java:1134)
        at java.util.concurrent.ThreadPoolExecutor$Worker.run(ThreadPoolExecutor.java:624)
        at java.lang.Thread.run(Thread.java:750)
"pool-250-thread-1"  prio=5 tid=392 timed_waiting
java.lang.Thread.State: TIMED_WAITING
        at sun.misc.Unsafe.park(Native Method)
        at java.util.concurrent.locks.LockSupport.parkNanos(LockSupport.java:215)
        at java.util.concurrent.locks.AbstractQueuedSynchronizer$ConditionObject.awaitNanos(AbstractQueuedSynchronizer.java:2078)
        at java.util.concurrent.ScheduledThreadPoolExecutor$DelayedWorkQueue.take(ScheduledThreadPoolExecutor.java:1093)
        at java.util.concurrent.ScheduledThreadPoolExecutor$DelayedWorkQueue.take(ScheduledThreadPoolExecutor.java:809)
        at java.util.concurrent.ThreadPoolExecutor.getTask(ThreadPoolExecutor.java:1074)
        at java.util.concurrent.ThreadPoolExecutor.runWorker(ThreadPoolExecutor.java:1134)
        at java.util.concurrent.ThreadPoolExecutor$Worker.run(ThreadPoolExecutor.java:624)
        at java.lang.Thread.run(Thread.java:750)
"qtp575983040-265-acceptor-0@7816f7ca-ServerConnector@504b0a70{HTTP/1.1, (http/1.1)}{0.0.0.0:35997}" daemon prio=3 tid=265 runnable
java.lang.Thread.State: RUNNABLE
        at sun.nio.ch.ServerSocketChannelImpl.accept0(Native Method)
        at sun.nio.ch.ServerSocketChannelImpl.accept(ServerSocketChannelImpl.java:421)
        at sun.nio.ch.ServerSocketChannelImpl.accept(ServerSocketChannelImpl.java:249)
        at org.eclipse.jetty.server.ServerConnector.accept(ServerConnector.java:388)
        at org.eclipse.jetty.server.AbstractConnector$Acceptor.run(AbstractConnector.java:704)
        at org.eclipse.jetty.util.thread.QueuedThreadPool.runJob(QueuedThreadPool.java:883)
        at org.eclipse.jetty.util.thread.QueuedThreadPool$Runner.run(QueuedThreadPool.java:1034)
        at java.lang.Thread.run(Thread.java:750)
"qtp1996954635-295" daemon prio=5 tid=295 timed_waiting
java.lang.Thread.State: TIMED_WAITING
        at sun.misc.Unsafe.park(Native Method)
        at java.util.concurrent.locks.LockSupport.parkNanos(LockSupport.java:215)
        at java.util.concurrent.locks.AbstractQueuedSynchronizer$ConditionObject.awaitNanos(AbstractQueuedSynchronizer.java:2078)
        at org.eclipse.jetty.util.BlockingArrayQueue.poll(BlockingArrayQueue.java:382)
        at org.eclipse.jetty.util.thread.QueuedThreadPool$Runner.idleJobPoll(QueuedThreadPool.java:974)
        at org.eclipse.jetty.util.thread.QueuedThreadPool$Runner.run(QueuedThreadPool.java:1018)
        at java.lang.Thread.run(Thread.java:750)
"db462c09-4a41-41c4-b065-df9d46fc3c08@group-845F74418684->6fd96d8c-4ef2-4ba8-87f7-371671a16fe6-GrpcLogAppender-LogAppenderDaemon" daemon prio=5 tid=887 timed_waiting
java.lang.Thread.State: TIMED_WAITING
        at sun.misc.Unsafe.park(Native Method)
        at java.util.concurrent.locks.LockSupport.parkNanos(LockSupport.java:215)
        at java.util.concurrent.CompletableFuture$Signaller.block(CompletableFuture.java:1709)
        at java.util.concurrent.ForkJoinPool.managedBlock(ForkJoinPool.java:3323)
        at java.util.concurrent.CompletableFuture.timedGet(CompletableFuture.java:1788)
        at java.util.concurrent.CompletableFuture.get(CompletableFuture.java:1928)
        at org.apache.ratis.util.AwaitForSignal.await(AwaitForSignal.java:56)
        at org.apache.ratis.grpc.server.GrpcLogAppender.mayWait(GrpcLogAppender.java:198)
        at org.apache.ratis.grpc.server.GrpcLogAppender.run(GrpcLogAppender.java:148)
        at org.apache.ratis.server.leader.LogAppenderDaemon.run(LogAppenderDaemon.java:78)
        at org.apache.ratis.server.leader.LogAppenderDaemon$$Lambda$1042/797680037.run(Unknown Source)
        at java.lang.Thread.run(Thread.java:750)
"2412583d-f0ce-4b83-96a1-c4f14f6f25ae@group-845F74418684-FollowerState" daemon prio=5 tid=884 timed_waiting
java.lang.Thread.State: TIMED_WAITING
        at java.lang.Thread.sleep(Native Method)
        at java.lang.Thread.sleep(Thread.java:342)
        at java.util.concurrent.TimeUnit.sleep(TimeUnit.java:386)
        at org.apache.ratis.util.TimeDuration.sleep(TimeDuration.java:325)
        at org.apache.ratis.util.TimeDuration.sleep(TimeDuration.java:310)
        at org.apache.ratis.server.impl.FollowerState.run(FollowerState.java:128)
"pool-196-thread-1"  prio=5 tid=315 timed_waiting
java.lang.Thread.State: TIMED_WAITING
        at sun.misc.Unsafe.park(Native Method)
        at java.util.concurrent.locks.LockSupport.parkNanos(LockSupport.java:215)
        at java.util.concurrent.locks.AbstractQueuedSynchronizer$ConditionObject.awaitNanos(AbstractQueuedSynchronizer.java:2078)
        at java.util.concurrent.ScheduledThreadPoolExecutor$DelayedWorkQueue.take(ScheduledThreadPoolExecutor.java:1093)
        at java.util.concurrent.ScheduledThreadPoolExecutor$DelayedWorkQueue.take(ScheduledThreadPoolExecutor.java:809)
        at java.util.concurrent.ThreadPoolExecutor.getTask(ThreadPoolExecutor.java:1074)
        at java.util.concurrent.ThreadPoolExecutor.runWorker(ThreadPoolExecutor.java:1134)
        at java.util.concurrent.ThreadPoolExecutor$Worker.run(ThreadPoolExecutor.java:624)
        at java.lang.Thread.run(Thread.java:750)
"IPC Server handler 11 on default port 42997" daemon prio=5 tid=98 timed_waiting
java.lang.Thread.State: TIMED_WAITING
        at sun.misc.Unsafe.park(Native Method)
        at java.util.concurrent.locks.LockSupport.parkNanos(LockSupport.java:215)
        at java.util.concurrent.locks.AbstractQueuedSynchronizer$ConditionObject.awaitNanos(AbstractQueuedSynchronizer.java:2078)
        at java.util.concurrent.LinkedBlockingQueue.poll(LinkedBlockingQueue.java:467)
        at org.apache.hadoop.ipc.CallQueueManager.take(CallQueueManager.java:317)
        at org.apache.hadoop.ipc.Server$Handler.run(Server.java:2942)
"pool-95-thread-1"  prio=5 tid=579 in Object.wait()
java.lang.Thread.State: WAITING (on object monitor)
        at sun.misc.Unsafe.park(Native Method)
        at java.util.concurrent.locks.LockSupport.park(LockSupport.java:175)
        at java.util.concurrent.locks.AbstractQueuedSynchronizer$ConditionObject.await(AbstractQueuedSynchronizer.java:2039)
        at java.util.concurrent.LinkedBlockingQueue.take(LinkedBlockingQueue.java:442)
        at java.util.concurrent.ThreadPoolExecutor.getTask(ThreadPoolExecutor.java:1074)
        at java.util.concurrent.ThreadPoolExecutor.runWorker(ThreadPoolExecutor.java:1134)
        at java.util.concurrent.ThreadPoolExecutor$Worker.run(ThreadPoolExecutor.java:624)
        at java.lang.Thread.run(Thread.java:750)
"StaleRecoveringContainerScrubbingService#6" daemon prio=5 tid=1066 in Object.wait()
java.lang.Thread.State: WAITING (on object monitor)
        at sun.misc.Unsafe.park(Native Method)
        at java.util.concurrent.locks.LockSupport.park(LockSupport.java:175)
        at java.util.concurrent.locks.AbstractQueuedSynchronizer$ConditionObject.await(AbstractQueuedSynchronizer.java:2039)
        at java.util.concurrent.ScheduledThreadPoolExecutor$DelayedWorkQueue.take(ScheduledThreadPoolExecutor.java:1088)
        at java.util.concurrent.ScheduledThreadPoolExecutor$DelayedWorkQueue.take(ScheduledThreadPoolExecutor.java:809)
        at java.util.concurrent.ThreadPoolExecutor.getTask(ThreadPoolExecutor.java:1074)
        at java.util.concurrent.ThreadPoolExecutor.runWorker(ThreadPoolExecutor.java:1134)
        at java.util.concurrent.ThreadPoolExecutor$Worker.run(ThreadPoolExecutor.java:624)
        at java.lang.Thread.run(Thread.java:750)
"EventQueue-HealthyReadonlyNodeForHealthyReadOnlyNodeHandler" daemon prio=5 tid=981 in Object.wait()
java.lang.Thread.State: WAITING (on object monitor)
        at sun.misc.Unsafe.park(Native Method)
        at java.util.concurrent.locks.LockSupport.park(LockSupport.java:175)
        at java.util.concurrent.locks.AbstractQueuedSynchronizer$ConditionObject.await(AbstractQueuedSynchronizer.java:2039)
        at java.util.concurrent.LinkedBlockingQueue.take(LinkedBlockingQueue.java:442)
        at java.util.concurrent.ThreadPoolExecutor.getTask(ThreadPoolExecutor.java:1074)
        at java.util.concurrent.ThreadPoolExecutor.runWorker(ThreadPoolExecutor.java:1134)
        at java.util.concurrent.ThreadPoolExecutor$Worker.run(ThreadPoolExecutor.java:624)
        at java.lang.Thread.run(Thread.java:750)
"pool-295-thread-1"  prio=5 tid=681 in Object.wait()
java.lang.Thread.State: WAITING (on object monitor)
        at sun.misc.Unsafe.park(Native Method)
        at java.util.concurrent.locks.LockSupport.park(LockSupport.java:175)
        at java.util.concurrent.locks.AbstractQueuedSynchronizer$ConditionObject.await(AbstractQueuedSynchronizer.java:2039)
        at java.util.concurrent.LinkedBlockingQueue.take(LinkedBlockingQueue.java:442)
        at java.util.concurrent.ThreadPoolExecutor.getTask(ThreadPoolExecutor.java:1074)
        at java.util.concurrent.ThreadPoolExecutor.runWorker(ThreadPoolExecutor.java:1134)
        at java.util.concurrent.ThreadPoolExecutor$Worker.run(ThreadPoolExecutor.java:624)
        at java.lang.Thread.run(Thread.java:750)
"StaleRecoveringContainerScrubbingService#7" daemon prio=5 tid=1089 in Object.wait()
java.lang.Thread.State: WAITING (on object monitor)
        at sun.misc.Unsafe.park(Native Method)
        at java.util.concurrent.locks.LockSupport.park(LockSupport.java:175)
        at java.util.concurrent.locks.AbstractQueuedSynchronizer$ConditionObject.await(AbstractQueuedSynchronizer.java:2039)
        at java.util.concurrent.ScheduledThreadPoolExecutor$DelayedWorkQueue.take(ScheduledThreadPoolExecutor.java:1088)
        at java.util.concurrent.ScheduledThreadPoolExecutor$DelayedWorkQueue.take(ScheduledThreadPoolExecutor.java:809)
        at java.util.concurrent.ThreadPoolExecutor.getTask(ThreadPoolExecutor.java:1074)
        at java.util.concurrent.ThreadPoolExecutor.runWorker(ThreadPoolExecutor.java:1134)
        at java.util.concurrent.ThreadPoolExecutor$Worker.run(ThreadPoolExecutor.java:624)
        at java.lang.Thread.run(Thread.java:750)
"2412583d-f0ce-4b83-96a1-c4f14f6f25ae@group-B83BCE7B16AB-LeaderStateImpl" daemon prio=5 tid=748 timed_waiting
java.lang.Thread.State: TIMED_WAITING
        at sun.misc.Unsafe.park(Native Method)
        at java.util.concurrent.locks.LockSupport.parkNanos(LockSupport.java:215)
        at java.util.concurrent.locks.AbstractQueuedSynchronizer$ConditionObject.awaitNanos(AbstractQueuedSynchronizer.java:2078)
        at java.util.concurrent.ArrayBlockingQueue.poll(ArrayBlockingQueue.java:418)
        at org.apache.ratis.server.impl.LeaderStateImpl$EventQueue.poll(LeaderStateImpl.java:159)
        at org.apache.ratis.server.impl.LeaderStateImpl$EventProcessor.run(LeaderStateImpl.java:630)
"EventQueue-PipelineReportForPipelineReportHandler" daemon prio=5 tid=494 in Object.wait()
java.lang.Thread.State: WAITING (on object monitor)
        at sun.misc.Unsafe.park(Native Method)
        at java.util.concurrent.locks.LockSupport.park(LockSupport.java:175)
        at java.util.concurrent.locks.AbstractQueuedSynchronizer$ConditionObject.await(AbstractQueuedSynchronizer.java:2039)
        at java.util.concurrent.LinkedBlockingQueue.take(LinkedBlockingQueue.java:442)
        at java.util.concurrent.ThreadPoolExecutor.getTask(ThreadPoolExecutor.java:1074)
        at java.util.concurrent.ThreadPoolExecutor.runWorker(ThreadPoolExecutor.java:1134)
        at java.util.concurrent.ThreadPoolExecutor$Worker.run(ThreadPoolExecutor.java:624)
        at java.lang.Thread.run(Thread.java:750)
"qtp2032401286-398" daemon prio=5 tid=398 timed_waiting
java.lang.Thread.State: TIMED_WAITING
        at sun.misc.Unsafe.park(Native Method)
        at java.util.concurrent.locks.LockSupport.parkNanos(LockSupport.java:215)
        at java.util.concurrent.locks.AbstractQueuedSynchronizer$ConditionObject.awaitNanos(AbstractQueuedSynchronizer.java:2078)
        at org.eclipse.jetty.util.BlockingArrayQueue.poll(BlockingArrayQueue.java:382)
        at org.eclipse.jetty.util.thread.QueuedThreadPool$Runner.idleJobPoll(QueuedThreadPool.java:974)
        at org.eclipse.jetty.util.thread.QueuedThreadPool$Runner.run(QueuedThreadPool.java:1018)
        at java.lang.Thread.run(Thread.java:750)
"StaleRecoveringContainerScrubbingService#7" daemon prio=5 tid=1079 in Object.wait()
java.lang.Thread.State: WAITING (on object monitor)
        at sun.misc.Unsafe.park(Native Method)
        at java.util.concurrent.locks.LockSupport.park(LockSupport.java:175)
        at java.util.concurrent.locks.AbstractQueuedSynchronizer$ConditionObject.await(AbstractQueuedSynchronizer.java:2039)
        at java.util.concurrent.ScheduledThreadPoolExecutor$DelayedWorkQueue.take(ScheduledThreadPoolExecutor.java:1088)
        at java.util.concurrent.ScheduledThreadPoolExecutor$DelayedWorkQueue.take(ScheduledThreadPoolExecutor.java:809)
        at java.util.concurrent.ThreadPoolExecutor.getTask(ThreadPoolExecutor.java:1074)
        at java.util.concurrent.ThreadPoolExecutor.runWorker(ThreadPoolExecutor.java:1134)
        at java.util.concurrent.ThreadPoolExecutor$Worker.run(ThreadPoolExecutor.java:624)
        at java.lang.Thread.run(Thread.java:750)
"ChunkWriter-0-0" daemon prio=5 tid=558 in Object.wait()
java.lang.Thread.State: WAITING (on object monitor)
        at sun.misc.Unsafe.park(Native Method)
        at java.util.concurrent.locks.LockSupport.park(LockSupport.java:175)
        at java.util.concurrent.locks.AbstractQueuedSynchronizer$ConditionObject.await(AbstractQueuedSynchronizer.java:2039)
        at java.util.concurrent.LinkedBlockingDeque.takeFirst(LinkedBlockingDeque.java:492)
        at java.util.concurrent.LinkedBlockingDeque.take(LinkedBlockingDeque.java:680)
        at java.util.concurrent.ThreadPoolExecutor.getTask(ThreadPoolExecutor.java:1074)
        at java.util.concurrent.ThreadPoolExecutor.runWorker(ThreadPoolExecutor.java:1134)
        at java.util.concurrent.ThreadPoolExecutor$Worker.run(ThreadPoolExecutor.java:624)
        at java.lang.Thread.run(Thread.java:750)
"db462c09-4a41-41c4-b065-df9d46fc3c08-server-thread3" daemon prio=5 tid=845 timed_waiting
java.lang.Thread.State: TIMED_WAITING
        at sun.misc.Unsafe.park(Native Method)
        at java.util.concurrent.locks.LockSupport.parkNanos(LockSupport.java:215)
        at java.util.concurrent.SynchronousQueue$TransferStack.awaitFulfill(SynchronousQueue.java:460)
        at java.util.concurrent.SynchronousQueue$TransferStack.transfer(SynchronousQueue.java:362)
        at java.util.concurrent.SynchronousQueue.poll(SynchronousQueue.java:941)
        at java.util.concurrent.ThreadPoolExecutor.getTask(ThreadPoolExecutor.java:1073)
        at java.util.concurrent.ThreadPoolExecutor.runWorker(ThreadPoolExecutor.java:1134)
        at java.util.concurrent.ThreadPoolExecutor$Worker.run(ThreadPoolExecutor.java:624)
        at java.lang.Thread.run(Thread.java:750)
"06429dc3-6184-4705-8d2a-a6f8dedf2170-server-thread2" daemon prio=5 tid=824 timed_waiting
java.lang.Thread.State: TIMED_WAITING
        at sun.misc.Unsafe.park(Native Method)
        at java.util.concurrent.locks.LockSupport.parkNanos(LockSupport.java:215)
        at java.util.concurrent.SynchronousQueue$TransferStack.awaitFulfill(SynchronousQueue.java:460)
        at java.util.concurrent.SynchronousQueue$TransferStack.transfer(SynchronousQueue.java:362)
        at java.util.concurrent.SynchronousQueue.poll(SynchronousQueue.java:941)
        at java.util.concurrent.ThreadPoolExecutor.getTask(ThreadPoolExecutor.java:1073)
        at java.util.concurrent.ThreadPoolExecutor.runWorker(ThreadPoolExecutor.java:1134)
        at java.util.concurrent.ThreadPoolExecutor$Worker.run(ThreadPoolExecutor.java:624)
        at java.lang.Thread.run(Thread.java:750)
"qtp963101981-189" daemon prio=5 tid=189 timed_waiting
java.lang.Thread.State: TIMED_WAITING
        at sun.misc.Unsafe.park(Native Method)
        at java.util.concurrent.locks.LockSupport.parkNanos(LockSupport.java:215)
        at java.util.concurrent.locks.AbstractQueuedSynchronizer$ConditionObject.awaitNanos(AbstractQueuedSynchronizer.java:2078)
        at org.eclipse.jetty.util.BlockingArrayQueue.poll(BlockingArrayQueue.java:382)
        at org.eclipse.jetty.util.thread.QueuedThreadPool$Runner.idleJobPoll(QueuedThreadPool.java:974)
        at org.eclipse.jetty.util.thread.QueuedThreadPool$Runner.run(QueuedThreadPool.java:1018)
        at java.lang.Thread.run(Thread.java:750)
"IPC Server handler 0 on default port 43781" daemon prio=5 tid=154 timed_waiting
java.lang.Thread.State: TIMED_WAITING
        at sun.misc.Unsafe.park(Native Method)
        at java.util.concurrent.locks.LockSupport.parkNanos(LockSupport.java:215)
        at java.util.concurrent.locks.AbstractQueuedSynchronizer$ConditionObject.awaitNanos(AbstractQueuedSynchronizer.java:2078)
        at java.util.concurrent.LinkedBlockingQueue.poll(LinkedBlockingQueue.java:467)
        at org.apache.hadoop.ipc.CallQueueManager.take(CallQueueManager.java:317)
        at org.apache.hadoop.ipc.Server$Handler.run(Server.java:2942)
"06429dc3-6184-4705-8d2a-a6f8dedf2170@group-763B35D9546F-FollowerState" daemon prio=5 tid=818 timed_waiting
java.lang.Thread.State: TIMED_WAITING
        at java.lang.Thread.sleep(Native Method)
        at java.lang.Thread.sleep(Thread.java:342)
        at java.util.concurrent.TimeUnit.sleep(TimeUnit.java:386)
        at org.apache.ratis.util.TimeDuration.sleep(TimeDuration.java:325)
        at org.apache.ratis.util.TimeDuration.sleep(TimeDuration.java:310)
        at org.apache.ratis.server.impl.FollowerState.run(FollowerState.java:128)
"StaleRecoveringContainerScrubbingService#6" daemon prio=5 tid=1071 in Object.wait()
java.lang.Thread.State: WAITING (on object monitor)
        at sun.misc.Unsafe.park(Native Method)
        at java.util.concurrent.locks.LockSupport.park(LockSupport.java:175)
        at java.util.concurrent.locks.AbstractQueuedSynchronizer$ConditionObject.await(AbstractQueuedSynchronizer.java:2039)
        at java.util.concurrent.ScheduledThreadPoolExecutor$DelayedWorkQueue.take(ScheduledThreadPoolExecutor.java:1088)
        at java.util.concurrent.ScheduledThreadPoolExecutor$DelayedWorkQueue.take(ScheduledThreadPoolExecutor.java:809)
        at java.util.concurrent.ThreadPoolExecutor.getTask(ThreadPoolExecutor.java:1074)
        at java.util.concurrent.ThreadPoolExecutor.runWorker(ThreadPoolExecutor.java:1134)
        at java.util.concurrent.ThreadPoolExecutor$Worker.run(ThreadPoolExecutor.java:624)
        at java.lang.Thread.run(Thread.java:750)
"cb9a1e57-5a73-4518-a050-b0d695628b3e-server-thread1" daemon prio=5 tid=705 timed_waiting
java.lang.Thread.State: TIMED_WAITING
        at sun.misc.Unsafe.park(Native Method)
        at java.util.concurrent.locks.LockSupport.parkNanos(LockSupport.java:215)
        at java.util.concurrent.SynchronousQueue$TransferStack.awaitFulfill(SynchronousQueue.java:460)
        at java.util.concurrent.SynchronousQueue$TransferStack.transfer(SynchronousQueue.java:362)
        at java.util.concurrent.SynchronousQueue.poll(SynchronousQueue.java:941)
        at java.util.concurrent.ThreadPoolExecutor.getTask(ThreadPoolExecutor.java:1073)
        at java.util.concurrent.ThreadPoolExecutor.runWorker(ThreadPoolExecutor.java:1134)
        at java.util.concurrent.ThreadPoolExecutor$Worker.run(ThreadPoolExecutor.java:624)
        at java.lang.Thread.run(Thread.java:750)
"grpc-default-worker-ELG-3-1" daemon prio=5 tid=576 runnable
java.lang.Thread.State: RUNNABLE
        at org.apache.ratis.thirdparty.io.netty.channel.epoll.Native.epollWait0(Native Method)
        at org.apache.ratis.thirdparty.io.netty.channel.epoll.Native.epollWait(Native.java:182)
        at org.apache.ratis.thirdparty.io.netty.channel.epoll.EpollEventLoop.epollWait(EpollEventLoop.java:290)
        at org.apache.ratis.thirdparty.io.netty.channel.epoll.EpollEventLoop.run(EpollEventLoop.java:354)
        at org.apache.ratis.thirdparty.io.netty.util.concurrent.SingleThreadEventExecutor$4.run(SingleThreadEventExecutor.java:995)
        at org.apache.ratis.thirdparty.io.netty.util.internal.ThreadExecutorMap$2.run(ThreadExecutorMap.java:74)
        at org.apache.ratis.thirdparty.io.netty.util.concurrent.FastThreadLocalRunnable.run(FastThreadLocalRunnable.java:30)
        at java.lang.Thread.run(Thread.java:750)
"cb9a1e57-5a73-4518-a050-b0d695628b3e@group-763B35D9546F-SegmentedRaftLogWorker"  prio=5 tid=601 timed_waiting
java.lang.Thread.State: TIMED_WAITING
        at sun.misc.Unsafe.park(Native Method)
        at java.util.concurrent.locks.LockSupport.parkNanos(LockSupport.java:215)
        at java.util.concurrent.locks.AbstractQueuedSynchronizer$ConditionObject.awaitNanos(AbstractQueuedSynchronizer.java:2078)
        at org.apache.ratis.util.DataBlockingQueue.poll(DataBlockingQueue.java:148)
        at org.apache.ratis.server.raftlog.segmented.SegmentedRaftLogWorker.run(SegmentedRaftLogWorker.java:310)
        at org.apache.ratis.server.raftlog.segmented.SegmentedRaftLogWorker$$Lambda$665/1566430543.run(Unknown Source)
        at java.lang.Thread.run(Thread.java:750)
"Session-HouseKeeper-5c273b3e-1"  prio=5 tid=246 timed_waiting
java.lang.Thread.State: TIMED_WAITING
        at sun.misc.Unsafe.park(Native Method)
        at java.util.concurrent.locks.LockSupport.parkNanos(LockSupport.java:215)
        at java.util.concurrent.locks.AbstractQueuedSynchronizer$ConditionObject.awaitNanos(AbstractQueuedSynchronizer.java:2078)
        at java.util.concurrent.ScheduledThreadPoolExecutor$DelayedWorkQueue.take(ScheduledThreadPoolExecutor.java:1093)
        at java.util.concurrent.ScheduledThreadPoolExecutor$DelayedWorkQueue.take(ScheduledThreadPoolExecutor.java:809)
        at java.util.concurrent.ThreadPoolExecutor.getTask(ThreadPoolExecutor.java:1074)
        at java.util.concurrent.ThreadPoolExecutor.runWorker(ThreadPoolExecutor.java:1134)
        at java.util.concurrent.ThreadPoolExecutor$Worker.run(ThreadPoolExecutor.java:624)
        at java.lang.Thread.run(Thread.java:750)
"StaleRecoveringContainerScrubbingService#3" daemon prio=5 tid=868 in Object.wait()
java.lang.Thread.State: WAITING (on object monitor)
        at sun.misc.Unsafe.park(Native Method)
        at java.util.concurrent.locks.LockSupport.park(LockSupport.java:175)
        at java.util.concurrent.locks.AbstractQueuedSynchronizer$ConditionObject.await(AbstractQueuedSynchronizer.java:2039)
        at java.util.concurrent.ScheduledThreadPoolExecutor$DelayedWorkQueue.take(ScheduledThreadPoolExecutor.java:1088)
        at java.util.concurrent.ScheduledThreadPoolExecutor$DelayedWorkQueue.take(ScheduledThreadPoolExecutor.java:809)
        at java.util.concurrent.ThreadPoolExecutor.getTask(ThreadPoolExecutor.java:1074)
        at java.util.concurrent.ThreadPoolExecutor.runWorker(ThreadPoolExecutor.java:1134)
        at java.util.concurrent.ThreadPoolExecutor$Worker.run(ThreadPoolExecutor.java:624)
        at java.lang.Thread.run(Thread.java:750)
"qtp963101981-188" daemon prio=5 tid=188 timed_waiting
java.lang.Thread.State: TIMED_WAITING
        at sun.misc.Unsafe.park(Native Method)
        at java.util.concurrent.locks.LockSupport.parkNanos(LockSupport.java:215)
        at java.util.concurrent.locks.AbstractQueuedSynchronizer$ConditionObject.awaitNanos(AbstractQueuedSynchronizer.java:2078)
        at org.eclipse.jetty.util.BlockingArrayQueue.poll(BlockingArrayQueue.java:382)
        at org.eclipse.jetty.util.thread.QueuedThreadPool$Runner.idleJobPoll(QueuedThreadPool.java:974)
        at org.eclipse.jetty.util.thread.QueuedThreadPool$Runner.run(QueuedThreadPool.java:1018)
        at java.lang.Thread.run(Thread.java:750)
"IPC Server handler 0 on default port 35707" daemon prio=5 tid=47 timed_waiting
java.lang.Thread.State: TIMED_WAITING
        at sun.misc.Unsafe.park(Native Method)
        at java.util.concurrent.locks.LockSupport.parkNanos(LockSupport.java:215)
        at java.util.concurrent.locks.AbstractQueuedSynchronizer$ConditionObject.awaitNanos(AbstractQueuedSynchronizer.java:2078)
        at java.util.concurrent.LinkedBlockingQueue.poll(LinkedBlockingQueue.java:467)
        at org.apache.hadoop.ipc.CallQueueManager.take(CallQueueManager.java:317)
        at org.apache.hadoop.ipc.Server$Handler.run(Server.java:2942)
"qtp380675952-239" daemon prio=5 tid=239 runnable
java.lang.Thread.State: RUNNABLE
        at sun.nio.ch.EPollArrayWrapper.epollWait(Native Method)
        at sun.nio.ch.EPollArrayWrapper.poll(EPollArrayWrapper.java:269)
        at sun.nio.ch.EPollSelectorImpl.doSelect(EPollSelectorImpl.java:93)
        at sun.nio.ch.SelectorImpl.lockAndDoSelect(SelectorImpl.java:86)
        at sun.nio.ch.SelectorImpl.select(SelectorImpl.java:97)
        at sun.nio.ch.SelectorImpl.select(SelectorImpl.java:101)
        at org.eclipse.jetty.io.ManagedSelector.nioSelect(ManagedSelector.java:183)
        at org.eclipse.jetty.io.ManagedSelector.select(ManagedSelector.java:190)
        at org.eclipse.jetty.io.ManagedSelector$SelectorProducer.select(ManagedSelector.java:606)
        at org.eclipse.jetty.io.ManagedSelector$SelectorProducer.produce(ManagedSelector.java:543)
        at org.eclipse.jetty.util.thread.strategy.EatWhatYouKill.produceTask(EatWhatYouKill.java:362)
        at org.eclipse.jetty.util.thread.strategy.EatWhatYouKill.doProduce(EatWhatYouKill.java:186)
        at org.eclipse.jetty.util.thread.strategy.EatWhatYouKill.tryProduce(EatWhatYouKill.java:173)
        at org.eclipse.jetty.util.thread.strategy.EatWhatYouKill.produce(EatWhatYouKill.java:137)
        at org.eclipse.jetty.io.ManagedSelector$$Lambda$446/1969754956.run(Unknown Source)
        at org.eclipse.jetty.util.thread.QueuedThreadPool.runJob(QueuedThreadPool.java:883)
        at org.eclipse.jetty.util.thread.QueuedThreadPool$Runner.run(QueuedThreadPool.java:1034)
        at java.lang.Thread.run(Thread.java:750)
"StaleRecoveringContainerScrubbingService#1" daemon prio=5 tid=451 in Object.wait()
java.lang.Thread.State: WAITING (on object monitor)
        at sun.misc.Unsafe.park(Native Method)
        at java.util.concurrent.locks.LockSupport.park(LockSupport.java:175)
        at java.util.concurrent.locks.AbstractQueuedSynchronizer$ConditionObject.await(AbstractQueuedSynchronizer.java:2039)
        at java.util.concurrent.ScheduledThreadPoolExecutor$DelayedWorkQueue.take(ScheduledThreadPoolExecutor.java:1088)
        at java.util.concurrent.ScheduledThreadPoolExecutor$DelayedWorkQueue.take(ScheduledThreadPoolExecutor.java:809)
        at java.util.concurrent.ThreadPoolExecutor.getTask(ThreadPoolExecutor.java:1074)
        at java.util.concurrent.ThreadPoolExecutor.runWorker(ThreadPoolExecutor.java:1134)
        at java.util.concurrent.ThreadPoolExecutor$Worker.run(ThreadPoolExecutor.java:624)
        at java.lang.Thread.run(Thread.java:750)
"ChunkReader-ELG-0" daemon prio=5 tid=371 runnable
java.lang.Thread.State: RUNNABLE
        at org.apache.ratis.thirdparty.io.netty.channel.epoll.Native.epollWait(Native Method)
        at org.apache.ratis.thirdparty.io.netty.channel.epoll.Native.epollWait(Native.java:209)
        at org.apache.ratis.thirdparty.io.netty.channel.epoll.Native.epollWait(Native.java:202)
        at org.apache.ratis.thirdparty.io.netty.channel.epoll.EpollEventLoop.epollWaitNoTimerChange(EpollEventLoop.java:294)
        at org.apache.ratis.thirdparty.io.netty.channel.epoll.EpollEventLoop.run(EpollEventLoop.java:351)
        at org.apache.ratis.thirdparty.io.netty.util.concurrent.SingleThreadEventExecutor$4.run(SingleThreadEventExecutor.java:995)
        at org.apache.ratis.thirdparty.io.netty.util.internal.ThreadExecutorMap$2.run(ThreadExecutorMap.java:74)
        at java.lang.Thread.run(Thread.java:750)
"SCM Heartbeat Processing Thread - 0" daemon prio=5 tid=14 timed_waiting
java.lang.Thread.State: TIMED_WAITING
        at sun.misc.Unsafe.park(Native Method)
        at java.util.concurrent.locks.LockSupport.parkNanos(LockSupport.java:215)
        at java.util.concurrent.locks.AbstractQueuedSynchronizer$ConditionObject.awaitNanos(AbstractQueuedSynchronizer.java:2078)
        at java.util.concurrent.ScheduledThreadPoolExecutor$DelayedWorkQueue.take(ScheduledThreadPoolExecutor.java:1093)
        at java.util.concurrent.ScheduledThreadPoolExecutor$DelayedWorkQueue.take(ScheduledThreadPoolExecutor.java:809)
        at java.util.concurrent.ThreadPoolExecutor.getTask(ThreadPoolExecutor.java:1074)
        at java.util.concurrent.ThreadPoolExecutor.runWorker(ThreadPoolExecutor.java:1134)
        at java.util.concurrent.ThreadPoolExecutor$Worker.run(ThreadPoolExecutor.java:624)
        at java.lang.Thread.run(Thread.java:750)
"ChunkReader-0" daemon prio=5 tid=902 in Object.wait()
java.lang.Thread.State: WAITING (on object monitor)
        at sun.misc.Unsafe.park(Native Method)
        at java.util.concurrent.locks.LockSupport.park(LockSupport.java:175)
        at java.util.concurrent.locks.AbstractQueuedSynchronizer$ConditionObject.await(AbstractQueuedSynchronizer.java:2039)
        at java.util.concurrent.LinkedBlockingQueue.take(LinkedBlockingQueue.java:442)
        at java.util.concurrent.ThreadPoolExecutor.getTask(ThreadPoolExecutor.java:1074)
        at java.util.concurrent.ThreadPoolExecutor.runWorker(ThreadPoolExecutor.java:1134)
        at java.util.concurrent.ThreadPoolExecutor$Worker.run(ThreadPoolExecutor.java:624)
        at java.lang.Thread.run(Thread.java:750)
"BlockDeletingService#0" daemon prio=5 tid=486 timed_waiting
java.lang.Thread.State: TIMED_WAITING
        at sun.misc.Unsafe.park(Native Method)
        at java.util.concurrent.locks.LockSupport.parkNanos(LockSupport.java:215)
        at java.util.concurrent.locks.AbstractQueuedSynchronizer$ConditionObject.awaitNanos(AbstractQueuedSynchronizer.java:2078)
        at java.util.concurrent.ScheduledThreadPoolExecutor$DelayedWorkQueue.take(ScheduledThreadPoolExecutor.java:1093)
        at java.util.concurrent.ScheduledThreadPoolExecutor$DelayedWorkQueue.take(ScheduledThreadPoolExecutor.java:809)
        at java.util.concurrent.ThreadPoolExecutor.getTask(ThreadPoolExecutor.java:1074)
        at java.util.concurrent.ThreadPoolExecutor.runWorker(ThreadPoolExecutor.java:1134)
        at java.util.concurrent.ThreadPoolExecutor$Worker.run(ThreadPoolExecutor.java:624)
        at java.lang.Thread.run(Thread.java:750)
"fb3b41a4-a9f1-45d3-bf74-4074fcf3e767-server-thread1" daemon prio=5 tid=825 timed_waiting
java.lang.Thread.State: TIMED_WAITING
        at sun.misc.Unsafe.park(Native Method)
        at java.util.concurrent.locks.LockSupport.parkNanos(LockSupport.java:215)
        at java.util.concurrent.SynchronousQueue$TransferStack.awaitFulfill(SynchronousQueue.java:460)
        at java.util.concurrent.SynchronousQueue$TransferStack.transfer(SynchronousQueue.java:362)
        at java.util.concurrent.SynchronousQueue.poll(SynchronousQueue.java:941)
        at java.util.concurrent.ThreadPoolExecutor.getTask(ThreadPoolExecutor.java:1073)
        at java.util.concurrent.ThreadPoolExecutor.runWorker(ThreadPoolExecutor.java:1134)
        at java.util.concurrent.ThreadPoolExecutor$Worker.run(ThreadPoolExecutor.java:624)
        at java.lang.Thread.run(Thread.java:750)
"FullTableCache Cleanup Thread - 0" daemon prio=5 tid=737 in Object.wait()
java.lang.Thread.State: WAITING (on object monitor)
        at sun.misc.Unsafe.park(Native Method)
        at java.util.concurrent.locks.LockSupport.park(LockSupport.java:175)
        at java.util.concurrent.locks.AbstractQueuedSynchronizer$ConditionObject.await(AbstractQueuedSynchronizer.java:2039)
        at java.util.concurrent.LinkedBlockingQueue.take(LinkedBlockingQueue.java:442)
        at java.util.concurrent.ThreadPoolExecutor.getTask(ThreadPoolExecutor.java:1074)
        at java.util.concurrent.ThreadPoolExecutor.runWorker(ThreadPoolExecutor.java:1134)
        at java.util.concurrent.ThreadPoolExecutor$Worker.run(ThreadPoolExecutor.java:624)
        at java.lang.Thread.run(Thread.java:750)
"qtp541432460-469" daemon prio=5 tid=469 runnable
java.lang.Thread.State: RUNNABLE
        at sun.nio.ch.EPollArrayWrapper.epollWait(Native Method)
        at sun.nio.ch.EPollArrayWrapper.poll(EPollArrayWrapper.java:269)
        at sun.nio.ch.EPollSelectorImpl.doSelect(EPollSelectorImpl.java:93)
        at sun.nio.ch.SelectorImpl.lockAndDoSelect(SelectorImpl.java:86)
        at sun.nio.ch.SelectorImpl.select(SelectorImpl.java:97)
        at sun.nio.ch.SelectorImpl.select(SelectorImpl.java:101)
        at org.eclipse.jetty.io.ManagedSelector.nioSelect(ManagedSelector.java:183)
        at org.eclipse.jetty.io.ManagedSelector.select(ManagedSelector.java:190)
        at org.eclipse.jetty.io.ManagedSelector$SelectorProducer.select(ManagedSelector.java:606)
        at org.eclipse.jetty.io.ManagedSelector$SelectorProducer.produce(ManagedSelector.java:543)
        at org.eclipse.jetty.util.thread.strategy.EatWhatYouKill.produceTask(EatWhatYouKill.java:362)
        at org.eclipse.jetty.util.thread.strategy.EatWhatYouKill.doProduce(EatWhatYouKill.java:186)
        at org.eclipse.jetty.util.thread.strategy.EatWhatYouKill.tryProduce(EatWhatYouKill.java:173)
        at org.eclipse.jetty.util.thread.strategy.EatWhatYouKill.produce(EatWhatYouKill.java:137)
        at org.eclipse.jetty.io.ManagedSelector$$Lambda$446/1969754956.run(Unknown Source)
        at org.eclipse.jetty.util.thread.QueuedThreadPool.runJob(QueuedThreadPool.java:883)
        at org.eclipse.jetty.util.thread.QueuedThreadPool$Runner.run(QueuedThreadPool.java:1034)
        at java.lang.Thread.run(Thread.java:750)
"IPC Server listener on 0" daemon prio=5 tid=23 runnable
java.lang.Thread.State: RUNNABLE
        at sun.nio.ch.EPollArrayWrapper.epollWait(Native Method)
        at sun.nio.ch.EPollArrayWrapper.poll(EPollArrayWrapper.java:269)
        at sun.nio.ch.EPollSelectorImpl.doSelect(EPollSelectorImpl.java:93)
        at sun.nio.ch.SelectorImpl.lockAndDoSelect(SelectorImpl.java:86)
        at sun.nio.ch.SelectorImpl.select(SelectorImpl.java:97)
        at sun.nio.ch.SelectorImpl.select(SelectorImpl.java:101)
        at org.apache.hadoop.ipc.Server$Listener.run(Server.java:1358)
"StaleRecoveringContainerScrubbingService#5" daemon prio=5 tid=1064 in Object.wait()
java.lang.Thread.State: WAITING (on object monitor)
        at sun.misc.Unsafe.park(Native Method)
        at java.util.concurrent.locks.LockSupport.park(LockSupport.java:175)
        at java.util.concurrent.locks.AbstractQueuedSynchronizer$ConditionObject.await(AbstractQueuedSynchronizer.java:2039)
        at java.util.concurrent.ScheduledThreadPoolExecutor$DelayedWorkQueue.take(ScheduledThreadPoolExecutor.java:1088)
        at java.util.concurrent.ScheduledThreadPoolExecutor$DelayedWorkQueue.take(ScheduledThreadPoolExecutor.java:809)
        at java.util.concurrent.ThreadPoolExecutor.getTask(ThreadPoolExecutor.java:1074)
        at java.util.concurrent.ThreadPoolExecutor.runWorker(ThreadPoolExecutor.java:1134)
        at java.util.concurrent.ThreadPoolExecutor$Worker.run(ThreadPoolExecutor.java:624)
        at java.lang.Thread.run(Thread.java:750)
"Datanode ReportManager Thread - 4" daemon prio=5 tid=252 timed_waiting
java.lang.Thread.State: TIMED_WAITING
        at sun.misc.Unsafe.park(Native Method)
        at java.util.concurrent.locks.LockSupport.parkNanos(LockSupport.java:215)
        at java.util.concurrent.locks.AbstractQueuedSynchronizer$ConditionObject.awaitNanos(AbstractQueuedSynchronizer.java:2078)
        at java.util.concurrent.ScheduledThreadPoolExecutor$DelayedWorkQueue.take(ScheduledThreadPoolExecutor.java:1093)
        at java.util.concurrent.ScheduledThreadPoolExecutor$DelayedWorkQueue.take(ScheduledThreadPoolExecutor.java:809)
        at java.util.concurrent.ThreadPoolExecutor.getTask(ThreadPoolExecutor.java:1074)
        at java.util.concurrent.ThreadPoolExecutor.runWorker(ThreadPoolExecutor.java:1134)
        at java.util.concurrent.ThreadPoolExecutor$Worker.run(ThreadPoolExecutor.java:624)
        at java.lang.Thread.run(Thread.java:750)
"StaleRecoveringContainerScrubbingService#7" daemon prio=5 tid=1093 in Object.wait()
java.lang.Thread.State: WAITING (on object monitor)
        at sun.misc.Unsafe.park(Native Method)
        at java.util.concurrent.locks.LockSupport.park(LockSupport.java:175)
        at java.util.concurrent.locks.AbstractQueuedSynchronizer$ConditionObject.await(AbstractQueuedSynchronizer.java:2039)
        at java.util.concurrent.ScheduledThreadPoolExecutor$DelayedWorkQueue.take(ScheduledThreadPoolExecutor.java:1088)
        at java.util.concurrent.ScheduledThreadPoolExecutor$DelayedWorkQueue.take(ScheduledThreadPoolExecutor.java:809)
        at java.util.concurrent.ThreadPoolExecutor.getTask(ThreadPoolExecutor.java:1074)
        at java.util.concurrent.ThreadPoolExecutor.runWorker(ThreadPoolExecutor.java:1134)
        at java.util.concurrent.ThreadPoolExecutor$Worker.run(ThreadPoolExecutor.java:624)
        at java.lang.Thread.run(Thread.java:750)
"EndpointStateMachine task thread for /0.0.0.0:42997 - 0 "  prio=5 tid=441 in Object.wait()
java.lang.Thread.State: WAITING (on object monitor)
        at sun.misc.Unsafe.park(Native Method)
        at java.util.concurrent.locks.LockSupport.park(LockSupport.java:175)
        at java.util.concurrent.locks.AbstractQueuedSynchronizer$ConditionObject.await(AbstractQueuedSynchronizer.java:2039)
        at java.util.concurrent.LinkedBlockingQueue.take(LinkedBlockingQueue.java:442)
        at java.util.concurrent.ThreadPoolExecutor.getTask(ThreadPoolExecutor.java:1074)
        at java.util.concurrent.ThreadPoolExecutor.runWorker(ThreadPoolExecutor.java:1134)
        at java.util.concurrent.ThreadPoolExecutor$Worker.run(ThreadPoolExecutor.java:624)
        at java.lang.Thread.run(Thread.java:750)
"StaleRecoveringContainerScrubbingService#1" daemon prio=5 tid=376 in Object.wait()
java.lang.Thread.State: WAITING (on object monitor)
        at sun.misc.Unsafe.park(Native Method)
        at java.util.concurrent.locks.LockSupport.park(LockSupport.java:175)
        at java.util.concurrent.locks.AbstractQueuedSynchronizer$ConditionObject.await(AbstractQueuedSynchronizer.java:2039)
        at java.util.concurrent.ScheduledThreadPoolExecutor$DelayedWorkQueue.take(ScheduledThreadPoolExecutor.java:1088)
        at java.util.concurrent.ScheduledThreadPoolExecutor$DelayedWorkQueue.take(ScheduledThreadPoolExecutor.java:809)
        at java.util.concurrent.ThreadPoolExecutor.getTask(ThreadPoolExecutor.java:1074)
        at java.util.concurrent.ThreadPoolExecutor.runWorker(ThreadPoolExecutor.java:1134)
        at java.util.concurrent.ThreadPoolExecutor$Worker.run(ThreadPoolExecutor.java:624)
        at java.lang.Thread.run(Thread.java:750)
"IPC Server handler 14 on default port 43781" daemon prio=5 tid=168 timed_waiting
java.lang.Thread.State: TIMED_WAITING
        at sun.misc.Unsafe.park(Native Method)
        at java.util.concurrent.locks.LockSupport.parkNanos(LockSupport.java:215)
        at java.util.concurrent.locks.AbstractQueuedSynchronizer$ConditionObject.awaitNanos(AbstractQueuedSynchronizer.java:2078)
        at java.util.concurrent.LinkedBlockingQueue.poll(LinkedBlockingQueue.java:467)
        at org.apache.hadoop.ipc.CallQueueManager.take(CallQueueManager.java:317)
        at org.apache.hadoop.ipc.Server$Handler.run(Server.java:2942)
"IPC Server handler 15 on default port 35707" daemon prio=5 tid=62 timed_waiting
java.lang.Thread.State: TIMED_WAITING
        at sun.misc.Unsafe.park(Native Method)
        at java.util.concurrent.locks.LockSupport.parkNanos(LockSupport.java:215)
        at java.util.concurrent.locks.AbstractQueuedSynchronizer$ConditionObject.awaitNanos(AbstractQueuedSynchronizer.java:2078)
        at java.util.concurrent.LinkedBlockingQueue.poll(LinkedBlockingQueue.java:467)
        at org.apache.hadoop.ipc.CallQueueManager.take(CallQueueManager.java:317)
        at org.apache.hadoop.ipc.Server$Handler.run(Server.java:2942)
"StaleRecoveringContainerScrubbingService#0" daemon prio=5 tid=565 in Object.wait()
java.lang.Thread.State: WAITING (on object monitor)
        at sun.misc.Unsafe.park(Native Method)
        at java.util.concurrent.locks.LockSupport.park(LockSupport.java:175)
        at java.util.concurrent.locks.AbstractQueuedSynchronizer$ConditionObject.await(AbstractQueuedSynchronizer.java:2039)
        at java.util.concurrent.ScheduledThreadPoolExecutor$DelayedWorkQueue.take(ScheduledThreadPoolExecutor.java:1088)
        at java.util.concurrent.ScheduledThreadPoolExecutor$DelayedWorkQueue.take(ScheduledThreadPoolExecutor.java:809)
        at java.util.concurrent.ThreadPoolExecutor.getTask(ThreadPoolExecutor.java:1074)
        at java.util.concurrent.ThreadPoolExecutor.runWorker(ThreadPoolExecutor.java:1134)
        at java.util.concurrent.ThreadPoolExecutor$Worker.run(ThreadPoolExecutor.java:624)
        at java.lang.Thread.run(Thread.java:750)
"IPC Server handler 12 on default port 43781" daemon prio=5 tid=166 timed_waiting
java.lang.Thread.State: TIMED_WAITING
        at sun.misc.Unsafe.park(Native Method)
        at java.util.concurrent.locks.LockSupport.parkNanos(LockSupport.java:215)
        at java.util.concurrent.locks.AbstractQueuedSynchronizer$ConditionObject.awaitNanos(AbstractQueuedSynchronizer.java:2078)
        at java.util.concurrent.LinkedBlockingQueue.poll(LinkedBlockingQueue.java:467)
        at org.apache.hadoop.ipc.CallQueueManager.take(CallQueueManager.java:317)
        at org.apache.hadoop.ipc.Server$Handler.run(Server.java:2942)
"qtp366310941-219" daemon prio=5 tid=219 timed_waiting
java.lang.Thread.State: TIMED_WAITING
        at sun.misc.Unsafe.park(Native Method)
        at java.util.concurrent.locks.LockSupport.parkNanos(LockSupport.java:215)
        at java.util.concurrent.locks.AbstractQueuedSynchronizer$ConditionObject.awaitNanos(AbstractQueuedSynchronizer.java:2078)
        at org.eclipse.jetty.util.BlockingArrayQueue.poll(BlockingArrayQueue.java:382)
        at org.eclipse.jetty.util.thread.QueuedThreadPool$Runner.idleJobPoll(QueuedThreadPool.java:974)
        at org.eclipse.jetty.util.thread.QueuedThreadPool$Runner.run(QueuedThreadPool.java:1018)
        at java.lang.Thread.run(Thread.java:750)
"EndpointStateMachine task thread for /0.0.0.0:42997 - 0 "  prio=5 tid=365 in Object.wait()
java.lang.Thread.State: WAITING (on object monitor)
        at sun.misc.Unsafe.park(Native Method)
        at java.util.concurrent.locks.LockSupport.park(LockSupport.java:175)
        at java.util.concurrent.locks.AbstractQueuedSynchronizer$ConditionObject.await(AbstractQueuedSynchronizer.java:2039)
        at java.util.concurrent.LinkedBlockingQueue.take(LinkedBlockingQueue.java:442)
        at java.util.concurrent.ThreadPoolExecutor.getTask(ThreadPoolExecutor.java:1074)
        at java.util.concurrent.ThreadPoolExecutor.runWorker(ThreadPoolExecutor.java:1134)
        at java.util.concurrent.ThreadPoolExecutor$Worker.run(ThreadPoolExecutor.java:624)
        at java.lang.Thread.run(Thread.java:750)
"Datanode ReportManager Thread - 4" daemon prio=5 tid=226 in Object.wait()
java.lang.Thread.State: WAITING (on object monitor)
        at sun.misc.Unsafe.park(Native Method)
        at java.util.concurrent.locks.LockSupport.park(LockSupport.java:175)
        at java.util.concurrent.locks.AbstractQueuedSynchronizer$ConditionObject.await(AbstractQueuedSynchronizer.java:2039)
        at java.util.concurrent.ScheduledThreadPoolExecutor$DelayedWorkQueue.take(ScheduledThreadPoolExecutor.java:1088)
        at java.util.concurrent.ScheduledThreadPoolExecutor$DelayedWorkQueue.take(ScheduledThreadPoolExecutor.java:809)
        at java.util.concurrent.ThreadPoolExecutor.getTask(ThreadPoolExecutor.java:1074)
        at java.util.concurrent.ThreadPoolExecutor.runWorker(ThreadPoolExecutor.java:1134)
        at java.util.concurrent.ThreadPoolExecutor$Worker.run(ThreadPoolExecutor.java:624)
        at java.lang.Thread.run(Thread.java:750)
"EventQueue-NodeReportForNodeReportHandler" daemon prio=5 tid=1077 in Object.wait()
java.lang.Thread.State: WAITING (on object monitor)
        at sun.misc.Unsafe.park(Native Method)
        at java.util.concurrent.locks.LockSupport.park(LockSupport.java:175)
        at java.util.concurrent.locks.AbstractQueuedSynchronizer$ConditionObject.await(AbstractQueuedSynchronizer.java:2039)
        at java.util.concurrent.LinkedBlockingQueue.take(LinkedBlockingQueue.java:442)
        at java.util.concurrent.ThreadPoolExecutor.getTask(ThreadPoolExecutor.java:1074)
        at java.util.concurrent.ThreadPoolExecutor.runWorker(ThreadPoolExecutor.java:1134)
        at java.util.concurrent.ThreadPoolExecutor$Worker.run(ThreadPoolExecutor.java:624)
        at java.lang.Thread.run(Thread.java:750)
"ChunkReader-6" daemon prio=5 tid=899 in Object.wait()
java.lang.Thread.State: WAITING (on object monitor)
        at sun.misc.Unsafe.park(Native Method)
        at java.util.concurrent.locks.LockSupport.park(LockSupport.java:175)
        at java.util.concurrent.locks.AbstractQueuedSynchronizer$ConditionObject.await(AbstractQueuedSynchronizer.java:2039)
        at java.util.concurrent.LinkedBlockingQueue.take(LinkedBlockingQueue.java:442)
        at java.util.concurrent.ThreadPoolExecutor.getTask(ThreadPoolExecutor.java:1074)
        at java.util.concurrent.ThreadPoolExecutor.runWorker(ThreadPoolExecutor.java:1134)
        at java.util.concurrent.ThreadPoolExecutor$Worker.run(ThreadPoolExecutor.java:624)
        at java.lang.Thread.run(Thread.java:750)
"Datanode State Machine Task Thread - 1"  prio=5 tid=364 in Object.wait()
java.lang.Thread.State: WAITING (on object monitor)
        at sun.misc.Unsafe.park(Native Method)
        at java.util.concurrent.locks.LockSupport.park(LockSupport.java:175)
        at java.util.concurrent.locks.AbstractQueuedSynchronizer$ConditionObject.await(AbstractQueuedSynchronizer.java:2039)
        at java.util.concurrent.LinkedBlockingQueue.take(LinkedBlockingQueue.java:442)
        at java.util.concurrent.ThreadPoolExecutor.getTask(ThreadPoolExecutor.java:1074)
        at java.util.concurrent.ThreadPoolExecutor.runWorker(ThreadPoolExecutor.java:1134)
        at java.util.concurrent.ThreadPoolExecutor$Worker.run(ThreadPoolExecutor.java:624)
        at java.lang.Thread.run(Thread.java:750)
"IPC Server handler 19 on default port 42997" daemon prio=5 tid=106 timed_waiting
java.lang.Thread.State: TIMED_WAITING
        at sun.misc.Unsafe.park(Native Method)
        at java.util.concurrent.locks.LockSupport.parkNanos(LockSupport.java:215)
        at java.util.concurrent.locks.AbstractQueuedSynchronizer$ConditionObject.awaitNanos(AbstractQueuedSynchronizer.java:2078)
        at java.util.concurrent.LinkedBlockingQueue.poll(LinkedBlockingQueue.java:467)
        at org.apache.hadoop.ipc.CallQueueManager.take(CallQueueManager.java:317)
        at org.apache.hadoop.ipc.Server$Handler.run(Server.java:2942)
"qtp380675952-243" daemon prio=5 tid=243 timed_waiting
java.lang.Thread.State: TIMED_WAITING
        at sun.misc.Unsafe.park(Native Method)
        at java.util.concurrent.locks.LockSupport.parkNanos(LockSupport.java:215)
        at java.util.concurrent.locks.AbstractQueuedSynchronizer$ConditionObject.awaitNanos(AbstractQueuedSynchronizer.java:2078)
        at org.eclipse.jetty.util.BlockingArrayQueue.poll(BlockingArrayQueue.java:382)
        at org.eclipse.jetty.util.thread.QueuedThreadPool$Runner.idleJobPoll(QueuedThreadPool.java:974)
        at org.eclipse.jetty.util.thread.QueuedThreadPool$Runner.run(QueuedThreadPool.java:1018)
        at java.lang.Thread.run(Thread.java:750)
"Datanode ReportManager Thread - 2" daemon prio=5 tid=250 in Object.wait()
java.lang.Thread.State: WAITING (on object monitor)
        at sun.misc.Unsafe.park(Native Method)
        at java.util.concurrent.locks.LockSupport.park(LockSupport.java:175)
        at java.util.concurrent.locks.AbstractQueuedSynchronizer$ConditionObject.await(AbstractQueuedSynchronizer.java:2039)
        at java.util.concurrent.ScheduledThreadPoolExecutor$DelayedWorkQueue.take(ScheduledThreadPoolExecutor.java:1088)
        at java.util.concurrent.ScheduledThreadPoolExecutor$DelayedWorkQueue.take(ScheduledThreadPoolExecutor.java:809)
        at java.util.concurrent.ThreadPoolExecutor.getTask(ThreadPoolExecutor.java:1074)
        at java.util.concurrent.ThreadPoolExecutor.runWorker(ThreadPoolExecutor.java:1134)
        at java.util.concurrent.ThreadPoolExecutor$Worker.run(ThreadPoolExecutor.java:624)
        at java.lang.Thread.run(Thread.java:750)
"StaleRecoveringContainerScrubbingService#0" daemon prio=5 tid=514 in Object.wait()
java.lang.Thread.State: WAITING (on object monitor)
        at sun.misc.Unsafe.park(Native Method)
        at java.util.concurrent.locks.LockSupport.park(LockSupport.java:175)
        at java.util.concurrent.locks.AbstractQueuedSynchronizer$ConditionObject.await(AbstractQueuedSynchronizer.java:2039)
        at java.util.concurrent.ScheduledThreadPoolExecutor$DelayedWorkQueue.take(ScheduledThreadPoolExecutor.java:1088)
        at java.util.concurrent.ScheduledThreadPoolExecutor$DelayedWorkQueue.take(ScheduledThreadPoolExecutor.java:809)
        at java.util.concurrent.ThreadPoolExecutor.getTask(ThreadPoolExecutor.java:1074)
        at java.util.concurrent.ThreadPoolExecutor.runWorker(ThreadPoolExecutor.java:1134)
        at java.util.concurrent.ThreadPoolExecutor$Worker.run(ThreadPoolExecutor.java:624)
        at java.lang.Thread.run(Thread.java:750)
"JvmPauseMonitor2" daemon prio=5 tid=370 timed_waiting
java.lang.Thread.State: TIMED_WAITING
        at java.lang.Thread.sleep(Native Method)
        at java.lang.Thread.sleep(Thread.java:342)
        at java.util.concurrent.TimeUnit.sleep(TimeUnit.java:386)
        at org.apache.ratis.util.TimeDuration.sleep(TimeDuration.java:325)
        at org.apache.ratis.util.TimeDuration.sleep(TimeDuration.java:310)
        at org.apache.ratis.util.JvmPauseMonitor.detectPause(JvmPauseMonitor.java:119)
        at org.apache.ratis.util.JvmPauseMonitor.run(JvmPauseMonitor.java:108)
        at org.apache.ratis.util.JvmPauseMonitor$$Lambda$706/2022973332.run(Unknown Source)
        at java.lang.Thread.run(Thread.java:750)
"om1@group-C5BA1605619E-LeaderStateImpl" daemon prio=5 tid=203 timed_waiting
java.lang.Thread.State: TIMED_WAITING
        at sun.misc.Unsafe.park(Native Method)
        at java.util.concurrent.locks.LockSupport.parkNanos(LockSupport.java:215)
        at java.util.concurrent.locks.AbstractQueuedSynchronizer$ConditionObject.awaitNanos(AbstractQueuedSynchronizer.java:2078)
        at java.util.concurrent.ArrayBlockingQueue.poll(ArrayBlockingQueue.java:418)
        at org.apache.ratis.server.impl.LeaderStateImpl$EventQueue.poll(LeaderStateImpl.java:159)
        at org.apache.ratis.server.impl.LeaderStateImpl$EventProcessor.run(LeaderStateImpl.java:630)
"JvmPauseMonitor10" daemon prio=5 tid=562 timed_waiting
java.lang.Thread.State: TIMED_WAITING
        at java.lang.Thread.sleep(Native Method)
        at java.lang.Thread.sleep(Thread.java:342)
        at java.util.concurrent.TimeUnit.sleep(TimeUnit.java:386)
        at org.apache.ratis.util.TimeDuration.sleep(TimeDuration.java:325)
        at org.apache.ratis.util.TimeDuration.sleep(TimeDuration.java:310)
        at org.apache.ratis.util.JvmPauseMonitor.detectPause(JvmPauseMonitor.java:119)
        at org.apache.ratis.util.JvmPauseMonitor.run(JvmPauseMonitor.java:108)
        at org.apache.ratis.util.JvmPauseMonitor$$Lambda$706/2022973332.run(Unknown Source)
        at java.lang.Thread.run(Thread.java:750)
"IPC Server listener on 0" daemon prio=5 tid=130 runnable
java.lang.Thread.State: RUNNABLE
        at sun.nio.ch.EPollArrayWrapper.epollWait(Native Method)
        at sun.nio.ch.EPollArrayWrapper.poll(EPollArrayWrapper.java:269)
        at sun.nio.ch.EPollSelectorImpl.doSelect(EPollSelectorImpl.java:93)
        at sun.nio.ch.SelectorImpl.lockAndDoSelect(SelectorImpl.java:86)
        at sun.nio.ch.SelectorImpl.select(SelectorImpl.java:97)
        at sun.nio.ch.SelectorImpl.select(SelectorImpl.java:101)
        at org.apache.hadoop.ipc.Server$Listener.run(Server.java:1358)
"org.apache.hadoop.ozone.container.common.statemachine.commandhandler.DeleteBlocksCommandHandler$DeleteCmdWorker@3add5d6f" daemon prio=5 tid=467 timed_waiting
java.lang.Thread.State: TIMED_WAITING
        at java.lang.Thread.sleep(Native Method)
        at org.apache.hadoop.ozone.container.common.statemachine.commandhandler.DeleteBlocksCommandHandler$DeleteCmdWorker.run(DeleteBlocksCommandHandler.java:184)
        at java.lang.Thread.run(Thread.java:750)
"Datanode State Machine Daemon Thread" daemon prio=5 tid=247 timed_waiting
java.lang.Thread.State: TIMED_WAITING
        at java.lang.Thread.sleep(Native Method)
        at org.apache.hadoop.ozone.container.common.statemachine.DatanodeStateMachine.startStateMachineThread(DatanodeStateMachine.java:321)
        at org.apache.hadoop.ozone.container.common.statemachine.DatanodeStateMachine.lambda$startDaemon$0(DatanodeStateMachine.java:506)
        at org.apache.hadoop.ozone.container.common.statemachine.DatanodeStateMachine$$Lambda$751/1388137600.run(Unknown Source)
        at java.lang.Thread.run(Thread.java:750)
"StaleRecoveringContainerScrubbingService#2" daemon prio=5 tid=806 timed_waiting
java.lang.Thread.State: TIMED_WAITING
        at sun.misc.Unsafe.park(Native Method)
        at java.util.concurrent.locks.LockSupport.parkNanos(LockSupport.java:215)
        at java.util.concurrent.locks.AbstractQueuedSynchronizer$ConditionObject.awaitNanos(AbstractQueuedSynchronizer.java:2078)
        at java.util.concurrent.ScheduledThreadPoolExecutor$DelayedWorkQueue.take(ScheduledThreadPoolExecutor.java:1093)
        at java.util.concurrent.ScheduledThreadPoolExecutor$DelayedWorkQueue.take(ScheduledThreadPoolExecutor.java:809)
        at java.util.concurrent.ThreadPoolExecutor.getTask(ThreadPoolExecutor.java:1074)
        at java.util.concurrent.ThreadPoolExecutor.runWorker(ThreadPoolExecutor.java:1134)
        at java.util.concurrent.ThreadPoolExecutor$Worker.run(ThreadPoolExecutor.java:624)
        at java.lang.Thread.run(Thread.java:750)
"BlockDeletingService#1" daemon prio=5 tid=374 in Object.wait()
java.lang.Thread.State: WAITING (on object monitor)
        at sun.misc.Unsafe.park(Native Method)
        at java.util.concurrent.locks.LockSupport.park(LockSupport.java:175)
        at java.util.concurrent.locks.AbstractQueuedSynchronizer$ConditionObject.await(AbstractQueuedSynchronizer.java:2039)
        at java.util.concurrent.ScheduledThreadPoolExecutor$DelayedWorkQueue.take(ScheduledThreadPoolExecutor.java:1088)
        at java.util.concurrent.ScheduledThreadPoolExecutor$DelayedWorkQueue.take(ScheduledThreadPoolExecutor.java:809)
        at java.util.concurrent.ThreadPoolExecutor.getTask(ThreadPoolExecutor.java:1074)
        at java.util.concurrent.ThreadPoolExecutor.runWorker(ThreadPoolExecutor.java:1134)
        at java.util.concurrent.ThreadPoolExecutor$Worker.run(ThreadPoolExecutor.java:624)
        at java.lang.Thread.run(Thread.java:750)
"ChunkWriter-1-0" daemon prio=5 tid=443 in Object.wait()
java.lang.Thread.State: WAITING (on object monitor)
        at sun.misc.Unsafe.park(Native Method)
        at java.util.concurrent.locks.LockSupport.park(LockSupport.java:175)
        at java.util.concurrent.locks.AbstractQueuedSynchronizer$ConditionObject.await(AbstractQueuedSynchronizer.java:2039)
        at java.util.concurrent.LinkedBlockingDeque.takeFirst(LinkedBlockingDeque.java:492)
        at java.util.concurrent.LinkedBlockingDeque.take(LinkedBlockingDeque.java:680)
        at java.util.concurrent.ThreadPoolExecutor.getTask(ThreadPoolExecutor.java:1074)
        at java.util.concurrent.ThreadPoolExecutor.runWorker(ThreadPoolExecutor.java:1134)
        at java.util.concurrent.ThreadPoolExecutor$Worker.run(ThreadPoolExecutor.java:624)
        at java.lang.Thread.run(Thread.java:750)
"Command processor thread" daemon prio=5 tid=458 timed_waiting
java.lang.Thread.State: TIMED_WAITING
        at java.lang.Thread.sleep(Native Method)
        at org.apache.hadoop.ozone.container.common.statemachine.DatanodeStateMachine.lambda$initCommandHandlerThread$3(DatanodeStateMachine.java:641)
        at org.apache.hadoop.ozone.container.common.statemachine.DatanodeStateMachine$$Lambda$753/128958122.run(Unknown Source)
        at java.lang.Thread.run(Thread.java:750)
"ChunkWriter-1-0" daemon prio=5 tid=405 in Object.wait()
java.lang.Thread.State: WAITING (on object monitor)
        at sun.misc.Unsafe.park(Native Method)
        at java.util.concurrent.locks.LockSupport.park(LockSupport.java:175)
        at java.util.concurrent.locks.AbstractQueuedSynchronizer$ConditionObject.await(AbstractQueuedSynchronizer.java:2039)
        at java.util.concurrent.LinkedBlockingDeque.takeFirst(LinkedBlockingDeque.java:492)
        at java.util.concurrent.LinkedBlockingDeque.take(LinkedBlockingDeque.java:680)
        at java.util.concurrent.ThreadPoolExecutor.getTask(ThreadPoolExecutor.java:1074)
        at java.util.concurrent.ThreadPoolExecutor.runWorker(ThreadPoolExecutor.java:1134)
        at java.util.concurrent.ThreadPoolExecutor$Worker.run(ThreadPoolExecutor.java:624)
        at java.lang.Thread.run(Thread.java:750)
"c8bfac46-0061-4906-a354-59c2fa211c25@group-BF229F9AAB43-LeaderStateImpl" daemon prio=5 tid=808 timed_waiting
java.lang.Thread.State: TIMED_WAITING
        at sun.misc.Unsafe.park(Native Method)
        at java.util.concurrent.locks.LockSupport.parkNanos(LockSupport.java:215)
        at java.util.concurrent.locks.AbstractQueuedSynchronizer$ConditionObject.awaitNanos(AbstractQueuedSynchronizer.java:2078)
        at java.util.concurrent.ArrayBlockingQueue.poll(ArrayBlockingQueue.java:418)
        at org.apache.ratis.server.impl.LeaderStateImpl$EventQueue.poll(LeaderStateImpl.java:159)
        at org.apache.ratis.server.impl.LeaderStateImpl$EventProcessor.run(LeaderStateImpl.java:630)
"StaleRecoveringContainerScrubbingService#2" daemon prio=5 tid=713 timed_waiting
java.lang.Thread.State: TIMED_WAITING
        at sun.misc.Unsafe.park(Native Method)
        at java.util.concurrent.locks.LockSupport.parkNanos(LockSupport.java:215)
        at java.util.concurrent.locks.AbstractQueuedSynchronizer$ConditionObject.awaitNanos(AbstractQueuedSynchronizer.java:2078)
        at java.util.concurrent.ScheduledThreadPoolExecutor$DelayedWorkQueue.take(ScheduledThreadPoolExecutor.java:1093)
        at java.util.concurrent.ScheduledThreadPoolExecutor$DelayedWorkQueue.take(ScheduledThreadPoolExecutor.java:809)
        at java.util.concurrent.ThreadPoolExecutor.getTask(ThreadPoolExecutor.java:1074)
        at java.util.concurrent.ThreadPoolExecutor.runWorker(ThreadPoolExecutor.java:1134)
        at java.util.concurrent.ThreadPoolExecutor$Worker.run(ThreadPoolExecutor.java:624)
        at java.lang.Thread.run(Thread.java:750)
"FixedThreadPoolWithAffinityExecutor-8-0" daemon prio=5 tid=43 timed_waiting
java.lang.Thread.State: TIMED_WAITING
        at sun.misc.Unsafe.park(Native Method)
        at java.util.concurrent.locks.LockSupport.parkNanos(LockSupport.java:215)
        at java.util.concurrent.locks.AbstractQueuedSynchronizer$ConditionObject.awaitNanos(AbstractQueuedSynchronizer.java:2078)
        at java.util.concurrent.LinkedBlockingQueue.poll(LinkedBlockingQueue.java:467)
        at org.apache.hadoop.hdds.scm.server.ContainerReportQueue.poll(ContainerReportQueue.java:266)
        at org.apache.hadoop.hdds.scm.server.ContainerReportQueue.poll(ContainerReportQueue.java:42)
        at org.apache.hadoop.hdds.server.events.FixedThreadPoolWithAffinityExecutor$ContainerReportProcessTask.run(FixedThreadPoolWithAffinityExecutor.java:248)
        at java.util.concurrent.Executors$RunnableAdapter.call(Executors.java:511)
        at java.util.concurrent.FutureTask.run(FutureTask.java:266)
        at java.util.concurrent.ThreadPoolExecutor.runWorker(ThreadPoolExecutor.java:1149)
        at java.util.concurrent.ThreadPoolExecutor$Worker.run(ThreadPoolExecutor.java:624)
        at java.lang.Thread.run(Thread.java:750)
"StaleRecoveringContainerScrubbingService#8" daemon prio=5 tid=1104 in Object.wait()
java.lang.Thread.State: WAITING (on object monitor)
        at sun.misc.Unsafe.park(Native Method)
        at java.util.concurrent.locks.LockSupport.park(LockSupport.java:175)
        at java.util.concurrent.locks.AbstractQueuedSynchronizer$ConditionObject.await(AbstractQueuedSynchronizer.java:2039)
        at java.util.concurrent.ScheduledThreadPoolExecutor$DelayedWorkQueue.take(ScheduledThreadPoolExecutor.java:1088)
        at java.util.concurrent.ScheduledThreadPoolExecutor$DelayedWorkQueue.take(ScheduledThreadPoolExecutor.java:809)
        at java.util.concurrent.ThreadPoolExecutor.getTask(ThreadPoolExecutor.java:1074)
        at java.util.concurrent.ThreadPoolExecutor.runWorker(ThreadPoolExecutor.java:1134)
        at java.util.concurrent.ThreadPoolExecutor$Worker.run(ThreadPoolExecutor.java:624)
        at java.lang.Thread.run(Thread.java:750)
"ChunkWriter-2-0" daemon prio=5 tid=482 in Object.wait()
java.lang.Thread.State: WAITING (on object monitor)
        at sun.misc.Unsafe.park(Native Method)
        at java.util.concurrent.locks.LockSupport.park(LockSupport.java:175)
        at java.util.concurrent.locks.AbstractQueuedSynchronizer$ConditionObject.await(AbstractQueuedSynchronizer.java:2039)
        at java.util.concurrent.LinkedBlockingDeque.takeFirst(LinkedBlockingDeque.java:492)
        at java.util.concurrent.LinkedBlockingDeque.take(LinkedBlockingDeque.java:680)
        at java.util.concurrent.ThreadPoolExecutor.getTask(ThreadPoolExecutor.java:1074)
        at java.util.concurrent.ThreadPoolExecutor.runWorker(ThreadPoolExecutor.java:1134)
        at java.util.concurrent.ThreadPoolExecutor$Worker.run(ThreadPoolExecutor.java:624)
        at java.lang.Thread.run(Thread.java:750)
"org.apache.hadoop.util.JvmPauseMonitor$Monitor@66d95066" daemon prio=5 tid=280 timed_waiting
java.lang.Thread.State: TIMED_WAITING
        at java.lang.Thread.sleep(Native Method)
        at org.apache.hadoop.util.JvmPauseMonitor$Monitor.run(JvmPauseMonitor.java:192)
        at java.lang.Thread.run(Thread.java:750)
"BlockDeletingService#3" daemon prio=5 tid=1122 in Object.wait()
java.lang.Thread.State: WAITING (on object monitor)
        at sun.misc.Unsafe.park(Native Method)
        at java.util.concurrent.locks.LockSupport.park(LockSupport.java:175)
        at java.util.concurrent.locks.AbstractQueuedSynchronizer$ConditionObject.await(AbstractQueuedSynchronizer.java:2039)
        at java.util.concurrent.ScheduledThreadPoolExecutor$DelayedWorkQueue.take(ScheduledThreadPoolExecutor.java:1088)
        at java.util.concurrent.ScheduledThreadPoolExecutor$DelayedWorkQueue.take(ScheduledThreadPoolExecutor.java:809)
        at java.util.concurrent.ThreadPoolExecutor.getTask(ThreadPoolExecutor.java:1074)
        at java.util.concurrent.ThreadPoolExecutor.runWorker(ThreadPoolExecutor.java:1134)
        at java.util.concurrent.ThreadPoolExecutor$Worker.run(ThreadPoolExecutor.java:624)
        at java.lang.Thread.run(Thread.java:750)
"StaleRecoveringContainerScrubbingService#9" daemon prio=5 tid=1111 in Object.wait()
java.lang.Thread.State: WAITING (on object monitor)
        at sun.misc.Unsafe.park(Native Method)
        at java.util.concurrent.locks.LockSupport.park(LockSupport.java:175)
        at java.util.concurrent.locks.AbstractQueuedSynchronizer$ConditionObject.await(AbstractQueuedSynchronizer.java:2039)
        at java.util.concurrent.ScheduledThreadPoolExecutor$DelayedWorkQueue.take(ScheduledThreadPoolExecutor.java:1088)
        at java.util.concurrent.ScheduledThreadPoolExecutor$DelayedWorkQueue.take(ScheduledThreadPoolExecutor.java:809)
        at java.util.concurrent.ThreadPoolExecutor.getTask(ThreadPoolExecutor.java:1074)
        at java.util.concurrent.ThreadPoolExecutor.runWorker(ThreadPoolExecutor.java:1134)
        at java.util.concurrent.ThreadPoolExecutor$Worker.run(ThreadPoolExecutor.java:624)
        at java.lang.Thread.run(Thread.java:750)
"Datanode ReportManager Thread - 3" daemon prio=5 tid=197 in Object.wait()
java.lang.Thread.State: WAITING (on object monitor)
        at sun.misc.Unsafe.park(Native Method)
        at java.util.concurrent.locks.LockSupport.park(LockSupport.java:175)
        at java.util.concurrent.locks.AbstractQueuedSynchronizer$ConditionObject.await(AbstractQueuedSynchronizer.java:2039)
        at java.util.concurrent.ScheduledThreadPoolExecutor$DelayedWorkQueue.take(ScheduledThreadPoolExecutor.java:1088)
        at java.util.concurrent.ScheduledThreadPoolExecutor$DelayedWorkQueue.take(ScheduledThreadPoolExecutor.java:809)
        at java.util.concurrent.ThreadPoolExecutor.getTask(ThreadPoolExecutor.java:1074)
        at java.util.concurrent.ThreadPoolExecutor.runWorker(ThreadPoolExecutor.java:1134)
        at java.util.concurrent.ThreadPoolExecutor$Worker.run(ThreadPoolExecutor.java:624)
        at java.lang.Thread.run(Thread.java:750)
"StaleRecoveringContainerScrubbingService#3" daemon prio=5 tid=878 in Object.wait()
java.lang.Thread.State: WAITING (on object monitor)
        at sun.misc.Unsafe.park(Native Method)
        at java.util.concurrent.locks.LockSupport.park(LockSupport.java:175)
        at java.util.concurrent.locks.AbstractQueuedSynchronizer$ConditionObject.await(AbstractQueuedSynchronizer.java:2039)
        at java.util.concurrent.ScheduledThreadPoolExecutor$DelayedWorkQueue.take(ScheduledThreadPoolExecutor.java:1088)
        at java.util.concurrent.ScheduledThreadPoolExecutor$DelayedWorkQueue.take(ScheduledThreadPoolExecutor.java:809)
        at java.util.concurrent.ThreadPoolExecutor.getTask(ThreadPoolExecutor.java:1074)
        at java.util.concurrent.ThreadPoolExecutor.runWorker(ThreadPoolExecutor.java:1134)
        at java.util.concurrent.ThreadPoolExecutor$Worker.run(ThreadPoolExecutor.java:624)
        at java.lang.Thread.run(Thread.java:750)
"f61b783c-62f9-462d-872d-ac09aa128e21@group-A00E16961674-LeaderStateImpl" daemon prio=5 tid=805 timed_waiting
java.lang.Thread.State: TIMED_WAITING
        at sun.misc.Unsafe.park(Native Method)
        at java.util.concurrent.locks.LockSupport.parkNanos(LockSupport.java:215)
        at java.util.concurrent.locks.AbstractQueuedSynchronizer$ConditionObject.awaitNanos(AbstractQueuedSynchronizer.java:2078)
        at java.util.concurrent.ArrayBlockingQueue.poll(ArrayBlockingQueue.java:418)
        at org.apache.ratis.server.impl.LeaderStateImpl$EventQueue.poll(LeaderStateImpl.java:159)
        at org.apache.ratis.server.impl.LeaderStateImpl$EventProcessor.run(LeaderStateImpl.java:630)
"timer6" daemon prio=5 tid=790 in Object.wait()
java.lang.Thread.State: WAITING (on object monitor)
        at java.lang.Object.wait(Native Method)
        at java.lang.Object.wait(Object.java:502)
        at java.util.TimerThread.mainLoop(Timer.java:526)
        at java.util.TimerThread.run(Timer.java:505)
"ChunkReader-ELG-0" daemon prio=5 tid=447 runnable
java.lang.Thread.State: RUNNABLE
        at org.apache.ratis.thirdparty.io.netty.channel.epoll.Native.epollWait0(Native Method)
        at org.apache.ratis.thirdparty.io.netty.channel.epoll.Native.epollWait(Native.java:182)
        at org.apache.ratis.thirdparty.io.netty.channel.epoll.EpollEventLoop.epollWait(EpollEventLoop.java:290)
        at org.apache.ratis.thirdparty.io.netty.channel.epoll.EpollEventLoop.run(EpollEventLoop.java:354)
        at org.apache.ratis.thirdparty.io.netty.util.concurrent.SingleThreadEventExecutor$4.run(SingleThreadEventExecutor.java:995)
        at org.apache.ratis.thirdparty.io.netty.util.internal.ThreadExecutorMap$2.run(ThreadExecutorMap.java:74)
        at java.lang.Thread.run(Thread.java:750)
"IPC Server handler 4 on default port 40677" daemon prio=5 tid=71 timed_waiting
java.lang.Thread.State: TIMED_WAITING
        at sun.misc.Unsafe.park(Native Method)
        at java.util.concurrent.locks.LockSupport.parkNanos(LockSupport.java:215)
        at java.util.concurrent.locks.AbstractQueuedSynchronizer$ConditionObject.awaitNanos(AbstractQueuedSynchronizer.java:2078)
        at java.util.concurrent.LinkedBlockingQueue.poll(LinkedBlockingQueue.java:467)
        at org.apache.hadoop.ipc.CallQueueManager.take(CallQueueManager.java:317)
        at org.apache.hadoop.ipc.Server$Handler.run(Server.java:2942)
"org.apache.hadoop.ozone.container.common.statemachine.commandhandler.DeleteBlocksCommandHandler$DeleteCmdWorker@4063c453" daemon prio=5 tid=288 timed_waiting
java.lang.Thread.State: TIMED_WAITING
        at java.lang.Thread.sleep(Native Method)
        at org.apache.hadoop.ozone.container.common.statemachine.commandhandler.DeleteBlocksCommandHandler$DeleteCmdWorker.run(DeleteBlocksCommandHandler.java:184)
        at java.lang.Thread.run(Thread.java:750)
"db462c09-4a41-41c4-b065-df9d46fc3c08@group-F0F0B9D819AD-StateMachineUpdater" daemon prio=5 tid=616 timed_waiting
java.lang.Thread.State: TIMED_WAITING
        at sun.misc.Unsafe.park(Native Method)
        at java.util.concurrent.locks.LockSupport.parkNanos(LockSupport.java:215)
        at java.util.concurrent.CompletableFuture$Signaller.block(CompletableFuture.java:1709)
        at java.util.concurrent.ForkJoinPool.managedBlock(ForkJoinPool.java:3323)
        at java.util.concurrent.CompletableFuture.timedGet(CompletableFuture.java:1788)
        at java.util.concurrent.CompletableFuture.get(CompletableFuture.java:1928)
        at org.apache.ratis.util.AwaitForSignal.await(AwaitForSignal.java:56)
        at org.apache.ratis.server.impl.StateMachineUpdater.waitForCommit(StateMachineUpdater.java:207)
        at org.apache.ratis.server.impl.StateMachineUpdater.run(StateMachineUpdater.java:176)
        at java.lang.Thread.run(Thread.java:750)
"pool-157-thread-1" daemon prio=5 tid=285 timed_waiting
java.lang.Thread.State: TIMED_WAITING
        at sun.misc.Unsafe.park(Native Method)
        at java.util.concurrent.locks.LockSupport.parkNanos(LockSupport.java:215)
        at java.util.concurrent.locks.AbstractQueuedSynchronizer$ConditionObject.awaitNanos(AbstractQueuedSynchronizer.java:2078)
        at java.util.concurrent.ScheduledThreadPoolExecutor$DelayedWorkQueue.take(ScheduledThreadPoolExecutor.java:1093)
        at java.util.concurrent.ScheduledThreadPoolExecutor$DelayedWorkQueue.take(ScheduledThreadPoolExecutor.java:809)
        at java.util.concurrent.ThreadPoolExecutor.getTask(ThreadPoolExecutor.java:1074)
        at java.util.concurrent.ThreadPoolExecutor.runWorker(ThreadPoolExecutor.java:1134)
        at java.util.concurrent.ThreadPoolExecutor$Worker.run(ThreadPoolExecutor.java:624)
        at java.lang.Thread.run(Thread.java:750)
"ChunkWriter-2-0" daemon prio=5 tid=444 in Object.wait()
java.lang.Thread.State: WAITING (on object monitor)
        at sun.misc.Unsafe.park(Native Method)
        at java.util.concurrent.locks.LockSupport.park(LockSupport.java:175)
        at java.util.concurrent.locks.AbstractQueuedSynchronizer$ConditionObject.await(AbstractQueuedSynchronizer.java:2039)
        at java.util.concurrent.LinkedBlockingDeque.takeFirst(LinkedBlockingDeque.java:492)
        at java.util.concurrent.LinkedBlockingDeque.take(LinkedBlockingDeque.java:680)
        at java.util.concurrent.ThreadPoolExecutor.getTask(ThreadPoolExecutor.java:1074)
        at java.util.concurrent.ThreadPoolExecutor.runWorker(ThreadPoolExecutor.java:1134)
        at java.util.concurrent.ThreadPoolExecutor$Worker.run(ThreadPoolExecutor.java:624)
        at java.lang.Thread.run(Thread.java:750)
"IPC Server handler 6 on default port 35707" daemon prio=5 tid=53 timed_waiting
java.lang.Thread.State: TIMED_WAITING
        at sun.misc.Unsafe.park(Native Method)
        at java.util.concurrent.locks.LockSupport.parkNanos(LockSupport.java:215)
        at java.util.concurrent.locks.AbstractQueuedSynchronizer$ConditionObject.awaitNanos(AbstractQueuedSynchronizer.java:2078)
        at java.util.concurrent.LinkedBlockingQueue.poll(LinkedBlockingQueue.java:467)
        at org.apache.hadoop.ipc.CallQueueManager.take(CallQueueManager.java:317)
        at org.apache.hadoop.ipc.Server$Handler.run(Server.java:2942)
"06429dc3-6184-4705-8d2a-a6f8dedf2170@group-510A37B8E04C-StateMachineUpdater" daemon prio=5 tid=591 timed_waiting
java.lang.Thread.State: TIMED_WAITING
        at sun.misc.Unsafe.park(Native Method)
        at java.util.concurrent.locks.LockSupport.parkNanos(LockSupport.java:215)
        at java.util.concurrent.CompletableFuture$Signaller.block(CompletableFuture.java:1709)
        at java.util.concurrent.ForkJoinPool.managedBlock(ForkJoinPool.java:3323)
        at java.util.concurrent.CompletableFuture.timedGet(CompletableFuture.java:1788)
        at java.util.concurrent.CompletableFuture.get(CompletableFuture.java:1928)
        at org.apache.ratis.util.AwaitForSignal.await(AwaitForSignal.java:56)
        at org.apache.ratis.server.impl.StateMachineUpdater.waitForCommit(StateMachineUpdater.java:207)
        at org.apache.ratis.server.impl.StateMachineUpdater.run(StateMachineUpdater.java:176)
        at java.lang.Thread.run(Thread.java:750)
"EndpointStateMachine task thread for /0.0.0.0:42997 - 0 "  prio=5 tid=557 in Object.wait()
java.lang.Thread.State: WAITING (on object monitor)
        at sun.misc.Unsafe.park(Native Method)
        at java.util.concurrent.locks.LockSupport.park(LockSupport.java:175)
        at java.util.concurrent.locks.AbstractQueuedSynchronizer$ConditionObject.await(AbstractQueuedSynchronizer.java:2039)
        at java.util.concurrent.LinkedBlockingQueue.take(LinkedBlockingQueue.java:442)
        at java.util.concurrent.ThreadPoolExecutor.getTask(ThreadPoolExecutor.java:1074)
        at java.util.concurrent.ThreadPoolExecutor.runWorker(ThreadPoolExecutor.java:1134)
        at java.util.concurrent.ThreadPoolExecutor$Worker.run(ThreadPoolExecutor.java:624)
        at java.lang.Thread.run(Thread.java:750)
"org.apache.hadoop.util.JvmPauseMonitor$Monitor@195fd0b4" daemon prio=5 tid=503 timed_waiting
java.lang.Thread.State: TIMED_WAITING
        at java.lang.Thread.sleep(Native Method)
        at org.apache.hadoop.util.JvmPauseMonitor$Monitor.run(JvmPauseMonitor.java:192)
        at java.lang.Thread.run(Thread.java:750)
"ChunkReader-2" daemon prio=5 tid=904 in Object.wait()
java.lang.Thread.State: WAITING (on object monitor)
        at sun.misc.Unsafe.park(Native Method)
        at java.util.concurrent.locks.LockSupport.park(LockSupport.java:175)
        at java.util.concurrent.locks.AbstractQueuedSynchronizer$ConditionObject.await(AbstractQueuedSynchronizer.java:2039)
        at java.util.concurrent.LinkedBlockingQueue.take(LinkedBlockingQueue.java:442)
        at java.util.concurrent.ThreadPoolExecutor.getTask(ThreadPoolExecutor.java:1074)
        at java.util.concurrent.ThreadPoolExecutor.runWorker(ThreadPoolExecutor.java:1134)
        at java.util.concurrent.ThreadPoolExecutor$Worker.run(ThreadPoolExecutor.java:624)
        at java.lang.Thread.run(Thread.java:750)
"ChunkWriter-0-0" daemon prio=5 tid=442 in Object.wait()
java.lang.Thread.State: WAITING (on object monitor)
        at sun.misc.Unsafe.park(Native Method)
        at java.util.concurrent.locks.LockSupport.park(LockSupport.java:175)
        at java.util.concurrent.locks.AbstractQueuedSynchronizer$ConditionObject.await(AbstractQueuedSynchronizer.java:2039)
        at java.util.concurrent.LinkedBlockingDeque.takeFirst(LinkedBlockingDeque.java:492)
        at java.util.concurrent.LinkedBlockingDeque.take(LinkedBlockingDeque.java:680)
        at java.util.concurrent.ThreadPoolExecutor.getTask(ThreadPoolExecutor.java:1074)
        at java.util.concurrent.ThreadPoolExecutor.runWorker(ThreadPoolExecutor.java:1134)
        at java.util.concurrent.ThreadPoolExecutor$Worker.run(ThreadPoolExecutor.java:624)
        at java.lang.Thread.run(Thread.java:750)
"pool-261-thread-1" daemon prio=5 tid=426 timed_waiting
java.lang.Thread.State: TIMED_WAITING
        at sun.misc.Unsafe.park(Native Method)
        at java.util.concurrent.locks.LockSupport.parkNanos(LockSupport.java:215)
        at java.util.concurrent.locks.AbstractQueuedSynchronizer$ConditionObject.awaitNanos(AbstractQueuedSynchronizer.java:2078)
        at java.util.concurrent.ScheduledThreadPoolExecutor$DelayedWorkQueue.take(ScheduledThreadPoolExecutor.java:1093)
        at java.util.concurrent.ScheduledThreadPoolExecutor$DelayedWorkQueue.take(ScheduledThreadPoolExecutor.java:809)
        at java.util.concurrent.ThreadPoolExecutor.getTask(ThreadPoolExecutor.java:1074)
        at java.util.concurrent.ThreadPoolExecutor.runWorker(ThreadPoolExecutor.java:1134)
        at java.util.concurrent.ThreadPoolExecutor$Worker.run(ThreadPoolExecutor.java:624)
        at java.lang.Thread.run(Thread.java:750)
"Datanode ReportManager Thread - 0" daemon prio=5 tid=415 timed_waiting
java.lang.Thread.State: TIMED_WAITING
        at sun.misc.Unsafe.park(Native Method)
        at java.util.concurrent.locks.LockSupport.parkNanos(LockSupport.java:215)
        at java.util.concurrent.locks.AbstractQueuedSynchronizer$ConditionObject.awaitNanos(AbstractQueuedSynchronizer.java:2078)
        at java.util.concurrent.ScheduledThreadPoolExecutor$DelayedWorkQueue.take(ScheduledThreadPoolExecutor.java:1093)
        at java.util.concurrent.ScheduledThreadPoolExecutor$DelayedWorkQueue.take(ScheduledThreadPoolExecutor.java:809)
        at java.util.concurrent.ThreadPoolExecutor.getTask(ThreadPoolExecutor.java:1074)
        at java.util.concurrent.ThreadPoolExecutor.runWorker(ThreadPoolExecutor.java:1134)
        at java.util.concurrent.ThreadPoolExecutor$Worker.run(ThreadPoolExecutor.java:624)
        at java.lang.Thread.run(Thread.java:750)
"ChunkReader-9" daemon prio=5 tid=925 in Object.wait()
java.lang.Thread.State: WAITING (on object monitor)
        at sun.misc.Unsafe.park(Native Method)
        at java.util.concurrent.locks.LockSupport.park(LockSupport.java:175)
        at java.util.concurrent.locks.AbstractQueuedSynchronizer$ConditionObject.await(AbstractQueuedSynchronizer.java:2039)
        at java.util.concurrent.LinkedBlockingQueue.take(LinkedBlockingQueue.java:442)
        at java.util.concurrent.ThreadPoolExecutor.getTask(ThreadPoolExecutor.java:1074)
        at java.util.concurrent.ThreadPoolExecutor.runWorker(ThreadPoolExecutor.java:1134)
        at java.util.concurrent.ThreadPoolExecutor$Worker.run(ThreadPoolExecutor.java:624)
        at java.lang.Thread.run(Thread.java:750)
"PartialTableCache Cleanup Thread - 0" daemon prio=5 tid=777 in Object.wait()
java.lang.Thread.State: WAITING (on object monitor)
        at sun.misc.Unsafe.park(Native Method)
        at java.util.concurrent.locks.LockSupport.park(LockSupport.java:175)
        at java.util.concurrent.locks.AbstractQueuedSynchronizer$ConditionObject.await(AbstractQueuedSynchronizer.java:2039)
        at java.util.concurrent.LinkedBlockingQueue.take(LinkedBlockingQueue.java:442)
        at java.util.concurrent.ThreadPoolExecutor.getTask(ThreadPoolExecutor.java:1074)
        at java.util.concurrent.ThreadPoolExecutor.runWorker(ThreadPoolExecutor.java:1134)
        at java.util.concurrent.ThreadPoolExecutor$Worker.run(ThreadPoolExecutor.java:624)
        at java.lang.Thread.run(Thread.java:750)
"BlockDeletingService#0" daemon prio=5 tid=538 timed_waiting
java.lang.Thread.State: TIMED_WAITING
        at sun.misc.Unsafe.park(Native Method)
        at java.util.concurrent.locks.LockSupport.parkNanos(LockSupport.java:215)
        at java.util.concurrent.locks.AbstractQueuedSynchronizer$ConditionObject.awaitNanos(AbstractQueuedSynchronizer.java:2078)
        at java.util.concurrent.ScheduledThreadPoolExecutor$DelayedWorkQueue.take(ScheduledThreadPoolExecutor.java:1093)
        at java.util.concurrent.ScheduledThreadPoolExecutor$DelayedWorkQueue.take(ScheduledThreadPoolExecutor.java:809)
        at java.util.concurrent.ThreadPoolExecutor.getTask(ThreadPoolExecutor.java:1074)
        at java.util.concurrent.ThreadPoolExecutor.runWorker(ThreadPoolExecutor.java:1134)
        at java.util.concurrent.ThreadPoolExecutor$Worker.run(ThreadPoolExecutor.java:624)
        at java.lang.Thread.run(Thread.java:750)
"IPC Server handler 13 on default port 43781" daemon prio=5 tid=167 timed_waiting
java.lang.Thread.State: TIMED_WAITING
        at sun.misc.Unsafe.park(Native Method)
        at java.util.concurrent.locks.LockSupport.parkNanos(LockSupport.java:215)
        at java.util.concurrent.locks.AbstractQueuedSynchronizer$ConditionObject.awaitNanos(AbstractQueuedSynchronizer.java:2078)
        at java.util.concurrent.LinkedBlockingQueue.poll(LinkedBlockingQueue.java:467)
        at org.apache.hadoop.ipc.CallQueueManager.take(CallQueueManager.java:317)
        at org.apache.hadoop.ipc.Server$Handler.run(Server.java:2942)
"IPC Server handler 11 on default port 43781" daemon prio=5 tid=165 timed_waiting
java.lang.Thread.State: TIMED_WAITING
        at sun.misc.Unsafe.park(Native Method)
        at java.util.concurrent.locks.LockSupport.parkNanos(LockSupport.java:215)
        at java.util.concurrent.locks.AbstractQueuedSynchronizer$ConditionObject.awaitNanos(AbstractQueuedSynchronizer.java:2078)
        at java.util.concurrent.LinkedBlockingQueue.poll(LinkedBlockingQueue.java:467)
        at org.apache.hadoop.ipc.CallQueueManager.take(CallQueueManager.java:317)
        at org.apache.hadoop.ipc.Server$Handler.run(Server.java:2942)
"StaleRecoveringContainerScrubbingService#9" daemon prio=5 tid=1107 in Object.wait()
java.lang.Thread.State: WAITING (on object monitor)
        at sun.misc.Unsafe.park(Native Method)
        at java.util.concurrent.locks.LockSupport.park(LockSupport.java:175)
        at java.util.concurrent.locks.AbstractQueuedSynchronizer$ConditionObject.await(AbstractQueuedSynchronizer.java:2039)
        at java.util.concurrent.ScheduledThreadPoolExecutor$DelayedWorkQueue.take(ScheduledThreadPoolExecutor.java:1088)
        at java.util.concurrent.ScheduledThreadPoolExecutor$DelayedWorkQueue.take(ScheduledThreadPoolExecutor.java:809)
        at java.util.concurrent.ThreadPoolExecutor.getTask(ThreadPoolExecutor.java:1074)
        at java.util.concurrent.ThreadPoolExecutor.runWorker(ThreadPoolExecutor.java:1134)
        at java.util.concurrent.ThreadPoolExecutor$Worker.run(ThreadPoolExecutor.java:624)
        at java.lang.Thread.run(Thread.java:750)
"IPC Server handler 3 on default port 35707" daemon prio=5 tid=50 timed_waiting
java.lang.Thread.State: TIMED_WAITING
        at sun.misc.Unsafe.park(Native Method)
        at java.util.concurrent.locks.LockSupport.parkNanos(LockSupport.java:215)
        at java.util.concurrent.locks.AbstractQueuedSynchronizer$ConditionObject.awaitNanos(AbstractQueuedSynchronizer.java:2078)
        at java.util.concurrent.LinkedBlockingQueue.poll(LinkedBlockingQueue.java:467)
        at org.apache.hadoop.ipc.CallQueueManager.take(CallQueueManager.java:317)
        at org.apache.hadoop.ipc.Server$Handler.run(Server.java:2942)
"ChunkWriter-1-0" daemon prio=5 tid=367 in Object.wait()
java.lang.Thread.State: WAITING (on object monitor)
        at sun.misc.Unsafe.park(Native Method)
        at java.util.concurrent.locks.LockSupport.park(LockSupport.java:175)
        at java.util.concurrent.locks.AbstractQueuedSynchronizer$ConditionObject.await(AbstractQueuedSynchronizer.java:2039)
        at java.util.concurrent.LinkedBlockingDeque.takeFirst(LinkedBlockingDeque.java:492)
        at java.util.concurrent.LinkedBlockingDeque.take(LinkedBlockingDeque.java:680)
        at java.util.concurrent.ThreadPoolExecutor.getTask(ThreadPoolExecutor.java:1074)
        at java.util.concurrent.ThreadPoolExecutor.runWorker(ThreadPoolExecutor.java:1134)
        at java.util.concurrent.ThreadPoolExecutor$Worker.run(ThreadPoolExecutor.java:624)
        at java.lang.Thread.run(Thread.java:750)
"qtp1881254670-322" daemon prio=5 tid=322 timed_waiting
java.lang.Thread.State: TIMED_WAITING
        at sun.misc.Unsafe.park(Native Method)
        at java.util.concurrent.locks.LockSupport.parkNanos(LockSupport.java:215)
        at java.util.concurrent.locks.AbstractQueuedSynchronizer$ConditionObject.awaitNanos(AbstractQueuedSynchronizer.java:2078)
        at org.eclipse.jetty.util.BlockingArrayQueue.poll(BlockingArrayQueue.java:382)
        at org.eclipse.jetty.util.thread.QueuedThreadPool$Runner.idleJobPoll(QueuedThreadPool.java:974)
        at org.eclipse.jetty.util.thread.QueuedThreadPool$Runner.run(QueuedThreadPool.java:1018)
        at java.lang.Thread.run(Thread.java:750)
"2412583d-f0ce-4b83-96a1-c4f14f6f25ae@group-386A04BC3586-SegmentedRaftLogWorker"  prio=5 tid=626 timed_waiting
java.lang.Thread.State: TIMED_WAITING
        at sun.misc.Unsafe.park(Native Method)
        at java.util.concurrent.locks.LockSupport.parkNanos(LockSupport.java:215)
        at java.util.concurrent.locks.AbstractQueuedSynchronizer$ConditionObject.awaitNanos(AbstractQueuedSynchronizer.java:2078)
        at org.apache.ratis.util.DataBlockingQueue.poll(DataBlockingQueue.java:148)
        at org.apache.ratis.server.raftlog.segmented.SegmentedRaftLogWorker.run(SegmentedRaftLogWorker.java:310)
        at org.apache.ratis.server.raftlog.segmented.SegmentedRaftLogWorker$$Lambda$665/1566430543.run(Unknown Source)
        at java.lang.Thread.run(Thread.java:750)
"IPC Server handler 7 on default port 43781" daemon prio=5 tid=161 timed_waiting
java.lang.Thread.State: TIMED_WAITING
        at sun.misc.Unsafe.park(Native Method)
        at java.util.concurrent.locks.LockSupport.parkNanos(LockSupport.java:215)
        at java.util.concurrent.locks.AbstractQueuedSynchronizer$ConditionObject.awaitNanos(AbstractQueuedSynchronizer.java:2078)
        at java.util.concurrent.LinkedBlockingQueue.poll(LinkedBlockingQueue.java:467)
        at org.apache.hadoop.ipc.CallQueueManager.take(CallQueueManager.java:317)
        at org.apache.hadoop.ipc.Server$Handler.run(Server.java:2942)
"EndpointStateMachine task thread for /0.0.0.0:42997 - 0 "  prio=5 tid=506 in Object.wait()
java.lang.Thread.State: WAITING (on object monitor)
        at sun.misc.Unsafe.park(Native Method)
        at java.util.concurrent.locks.LockSupport.park(LockSupport.java:175)
        at java.util.concurrent.locks.AbstractQueuedSynchronizer$ConditionObject.await(AbstractQueuedSynchronizer.java:2039)
        at java.util.concurrent.LinkedBlockingQueue.take(LinkedBlockingQueue.java:442)
        at java.util.concurrent.ThreadPoolExecutor.getTask(ThreadPoolExecutor.java:1074)
        at java.util.concurrent.ThreadPoolExecutor.runWorker(ThreadPoolExecutor.java:1134)
        at java.util.concurrent.ThreadPoolExecutor$Worker.run(ThreadPoolExecutor.java:624)
        at java.lang.Thread.run(Thread.java:750)
"Session-HouseKeeper-35f15782-1"  prio=5 tid=192 timed_waiting
java.lang.Thread.State: TIMED_WAITING
        at sun.misc.Unsafe.park(Native Method)
        at java.util.concurrent.locks.LockSupport.parkNanos(LockSupport.java:215)
        at java.util.concurrent.locks.AbstractQueuedSynchronizer$ConditionObject.awaitNanos(AbstractQueuedSynchronizer.java:2078)
        at java.util.concurrent.ScheduledThreadPoolExecutor$DelayedWorkQueue.take(ScheduledThreadPoolExecutor.java:1093)
        at java.util.concurrent.ScheduledThreadPoolExecutor$DelayedWorkQueue.take(ScheduledThreadPoolExecutor.java:809)
        at java.util.concurrent.ThreadPoolExecutor.getTask(ThreadPoolExecutor.java:1074)
        at java.util.concurrent.ThreadPoolExecutor.runWorker(ThreadPoolExecutor.java:1134)
        at java.util.concurrent.ThreadPoolExecutor$Worker.run(ThreadPoolExecutor.java:624)
        at java.lang.Thread.run(Thread.java:750)
"ChunkReader-3" daemon prio=5 tid=917 in Object.wait()
java.lang.Thread.State: WAITING (on object monitor)
        at sun.misc.Unsafe.park(Native Method)
        at java.util.concurrent.locks.LockSupport.park(LockSupport.java:175)
        at java.util.concurrent.locks.AbstractQueuedSynchronizer$ConditionObject.await(AbstractQueuedSynchronizer.java:2039)
        at java.util.concurrent.LinkedBlockingQueue.take(LinkedBlockingQueue.java:442)
        at java.util.concurrent.ThreadPoolExecutor.getTask(ThreadPoolExecutor.java:1074)
        at java.util.concurrent.ThreadPoolExecutor.runWorker(ThreadPoolExecutor.java:1134)
        at java.util.concurrent.ThreadPoolExecutor$Worker.run(ThreadPoolExecutor.java:624)
        at java.lang.Thread.run(Thread.java:750)
"StaleRecoveringContainerScrubbingService#5" daemon prio=5 tid=1038 in Object.wait()
java.lang.Thread.State: WAITING (on object monitor)
        at sun.misc.Unsafe.park(Native Method)
        at java.util.concurrent.locks.LockSupport.park(LockSupport.java:175)
        at java.util.concurrent.locks.AbstractQueuedSynchronizer$ConditionObject.await(AbstractQueuedSynchronizer.java:2039)
        at java.util.concurrent.ScheduledThreadPoolExecutor$DelayedWorkQueue.take(ScheduledThreadPoolExecutor.java:1088)
        at java.util.concurrent.ScheduledThreadPoolExecutor$DelayedWorkQueue.take(ScheduledThreadPoolExecutor.java:809)
        at java.util.concurrent.ThreadPoolExecutor.getTask(ThreadPoolExecutor.java:1074)
        at java.util.concurrent.ThreadPoolExecutor.runWorker(ThreadPoolExecutor.java:1134)
        at java.util.concurrent.ThreadPoolExecutor$Worker.run(ThreadPoolExecutor.java:624)
        at java.lang.Thread.run(Thread.java:750)
"2412583d-f0ce-4b83-96a1-c4f14f6f25ae@group-B83BCE7B16AB-StateMachineUpdater" daemon prio=5 tid=643 timed_waiting
java.lang.Thread.State: TIMED_WAITING
        at sun.misc.Unsafe.park(Native Method)
        at java.util.concurrent.locks.LockSupport.parkNanos(LockSupport.java:215)
        at java.util.concurrent.CompletableFuture$Signaller.block(CompletableFuture.java:1709)
        at java.util.concurrent.ForkJoinPool.managedBlock(ForkJoinPool.java:3323)
        at java.util.concurrent.CompletableFuture.timedGet(CompletableFuture.java:1788)
        at java.util.concurrent.CompletableFuture.get(CompletableFuture.java:1928)
        at org.apache.ratis.util.AwaitForSignal.await(AwaitForSignal.java:56)
        at org.apache.ratis.server.impl.StateMachineUpdater.waitForCommit(StateMachineUpdater.java:207)
        at org.apache.ratis.server.impl.StateMachineUpdater.run(StateMachineUpdater.java:176)
        at java.lang.Thread.run(Thread.java:750)
"IPC Server handler 7 on default port 35707" daemon prio=5 tid=54 timed_waiting
java.lang.Thread.State: TIMED_WAITING
        at sun.misc.Unsafe.park(Native Method)
        at java.util.concurrent.locks.LockSupport.parkNanos(LockSupport.java:215)
        at java.util.concurrent.locks.AbstractQueuedSynchronizer$ConditionObject.awaitNanos(AbstractQueuedSynchronizer.java:2078)
        at java.util.concurrent.LinkedBlockingQueue.poll(LinkedBlockingQueue.java:467)
        at org.apache.hadoop.ipc.CallQueueManager.take(CallQueueManager.java:317)
        at org.apache.hadoop.ipc.Server$Handler.run(Server.java:2942)
"StaleRecoveringContainerScrubbingService#5" daemon prio=5 tid=1063 in Object.wait()
java.lang.Thread.State: WAITING (on object monitor)
        at sun.misc.Unsafe.park(Native Method)
        at java.util.concurrent.locks.LockSupport.park(LockSupport.java:175)
        at java.util.concurrent.locks.AbstractQueuedSynchronizer$ConditionObject.await(AbstractQueuedSynchronizer.java:2039)
        at java.util.concurrent.ScheduledThreadPoolExecutor$DelayedWorkQueue.take(ScheduledThreadPoolExecutor.java:1088)
        at java.util.concurrent.ScheduledThreadPoolExecutor$DelayedWorkQueue.take(ScheduledThreadPoolExecutor.java:809)
        at java.util.concurrent.ThreadPoolExecutor.getTask(ThreadPoolExecutor.java:1074)
        at java.util.concurrent.ThreadPoolExecutor.runWorker(ThreadPoolExecutor.java:1134)
        at java.util.concurrent.ThreadPoolExecutor$Worker.run(ThreadPoolExecutor.java:624)
        at java.lang.Thread.run(Thread.java:750)
"EventQueue-CloseContainerForCloseContainerEventHandler" daemon prio=5 tid=814 in Object.wait()
java.lang.Thread.State: WAITING (on object monitor)
        at sun.misc.Unsafe.park(Native Method)
        at java.util.concurrent.locks.LockSupport.park(LockSupport.java:175)
        at java.util.concurrent.locks.AbstractQueuedSynchronizer$ConditionObject.await(AbstractQueuedSynchronizer.java:2039)
        at java.util.concurrent.LinkedBlockingQueue.take(LinkedBlockingQueue.java:442)
        at java.util.concurrent.ThreadPoolExecutor.getTask(ThreadPoolExecutor.java:1074)
        at java.util.concurrent.ThreadPoolExecutor.runWorker(ThreadPoolExecutor.java:1134)
        at java.util.concurrent.ThreadPoolExecutor$Worker.run(ThreadPoolExecutor.java:624)
        at java.lang.Thread.run(Thread.java:750)
"Datanode State Machine Task Thread - 1"  prio=5 tid=505 in Object.wait()
java.lang.Thread.State: WAITING (on object monitor)
        at sun.misc.Unsafe.park(Native Method)
        at java.util.concurrent.locks.LockSupport.park(LockSupport.java:175)
        at java.util.concurrent.locks.AbstractQueuedSynchronizer$ConditionObject.await(AbstractQueuedSynchronizer.java:2039)
        at java.util.concurrent.LinkedBlockingQueue.take(LinkedBlockingQueue.java:442)
        at java.util.concurrent.ThreadPoolExecutor.getTask(ThreadPoolExecutor.java:1074)
        at java.util.concurrent.ThreadPoolExecutor.runWorker(ThreadPoolExecutor.java:1134)
        at java.util.concurrent.ThreadPoolExecutor$Worker.run(ThreadPoolExecutor.java:624)
        at java.lang.Thread.run(Thread.java:750)
"6fd96d8c-4ef2-4ba8-87f7-371671a16fe6@group-845F74418684-FollowerState" daemon prio=5 tid=885 timed_waiting
java.lang.Thread.State: TIMED_WAITING
        at java.lang.Thread.sleep(Native Method)
        at java.lang.Thread.sleep(Thread.java:342)
        at java.util.concurrent.TimeUnit.sleep(TimeUnit.java:386)
        at org.apache.ratis.util.TimeDuration.sleep(TimeDuration.java:325)
        at org.apache.ratis.util.TimeDuration.sleep(TimeDuration.java:310)
        at org.apache.ratis.server.impl.FollowerState.run(FollowerState.java:128)
"Datanode State Machine Daemon Thread" daemon prio=5 tid=414 timed_waiting
java.lang.Thread.State: TIMED_WAITING
        at java.lang.Thread.sleep(Native Method)
        at org.apache.hadoop.ozone.container.common.statemachine.DatanodeStateMachine.startStateMachineThread(DatanodeStateMachine.java:321)
        at org.apache.hadoop.ozone.container.common.statemachine.DatanodeStateMachine.lambda$startDaemon$0(DatanodeStateMachine.java:506)
        at org.apache.hadoop.ozone.container.common.statemachine.DatanodeStateMachine$$Lambda$751/1388137600.run(Unknown Source)
        at java.lang.Thread.run(Thread.java:750)
"PartialTableCache Cleanup Thread - 0" daemon prio=5 tid=1074 in Object.wait()
java.lang.Thread.State: WAITING (on object monitor)
        at sun.misc.Unsafe.park(Native Method)
        at java.util.concurrent.locks.LockSupport.park(LockSupport.java:175)
        at java.util.concurrent.locks.AbstractQueuedSynchronizer$ConditionObject.await(AbstractQueuedSynchronizer.java:2039)
        at java.util.concurrent.LinkedBlockingQueue.take(LinkedBlockingQueue.java:442)
        at java.util.concurrent.ThreadPoolExecutor.getTask(ThreadPoolExecutor.java:1074)
        at java.util.concurrent.ThreadPoolExecutor.runWorker(ThreadPoolExecutor.java:1134)
        at java.util.concurrent.ThreadPoolExecutor$Worker.run(ThreadPoolExecutor.java:624)
        at java.lang.Thread.run(Thread.java:750)
"IPC Server handler 18 on default port 40677" daemon prio=5 tid=85 timed_waiting
java.lang.Thread.State: TIMED_WAITING
        at sun.misc.Unsafe.park(Native Method)
        at java.util.concurrent.locks.LockSupport.parkNanos(LockSupport.java:215)
        at java.util.concurrent.locks.AbstractQueuedSynchronizer$ConditionObject.awaitNanos(AbstractQueuedSynchronizer.java:2078)
        at java.util.concurrent.LinkedBlockingQueue.poll(LinkedBlockingQueue.java:467)
        at org.apache.hadoop.ipc.CallQueueManager.take(CallQueueManager.java:317)
        at org.apache.hadoop.ipc.Server$Handler.run(Server.java:2942)
"fb3b41a4-a9f1-45d3-bf74-4074fcf3e767@group-26CCA98A274A-StateMachineUpdater" daemon prio=5 tid=572 timed_waiting
java.lang.Thread.State: TIMED_WAITING
        at sun.misc.Unsafe.park(Native Method)
        at java.util.concurrent.locks.LockSupport.parkNanos(LockSupport.java:215)
        at java.util.concurrent.CompletableFuture$Signaller.block(CompletableFuture.java:1709)
        at java.util.concurrent.ForkJoinPool.managedBlock(ForkJoinPool.java:3323)
        at java.util.concurrent.CompletableFuture.timedGet(CompletableFuture.java:1788)
        at java.util.concurrent.CompletableFuture.get(CompletableFuture.java:1928)
        at org.apache.ratis.util.AwaitForSignal.await(AwaitForSignal.java:56)
        at org.apache.ratis.server.impl.StateMachineUpdater.waitForCommit(StateMachineUpdater.java:207)
        at org.apache.ratis.server.impl.StateMachineUpdater.run(StateMachineUpdater.java:176)
        at java.lang.Thread.run(Thread.java:750)
"ChunkReader-2" daemon prio=5 tid=1030 in Object.wait()
java.lang.Thread.State: WAITING (on object monitor)
        at sun.misc.Unsafe.park(Native Method)
        at java.util.concurrent.locks.LockSupport.park(LockSupport.java:175)
        at java.util.concurrent.locks.AbstractQueuedSynchronizer$ConditionObject.await(AbstractQueuedSynchronizer.java:2039)
        at java.util.concurrent.LinkedBlockingQueue.take(LinkedBlockingQueue.java:442)
        at java.util.concurrent.ThreadPoolExecutor.getTask(ThreadPoolExecutor.java:1074)
        at java.util.concurrent.ThreadPoolExecutor.runWorker(ThreadPoolExecutor.java:1134)
        at java.util.concurrent.ThreadPoolExecutor$Worker.run(ThreadPoolExecutor.java:624)
        at java.lang.Thread.run(Thread.java:750)
"qtp1881254670-316" daemon prio=5 tid=316 runnable
java.lang.Thread.State: RUNNABLE
        at sun.nio.ch.EPollArrayWrapper.epollWait(Native Method)
        at sun.nio.ch.EPollArrayWrapper.poll(EPollArrayWrapper.java:269)
        at sun.nio.ch.EPollSelectorImpl.doSelect(EPollSelectorImpl.java:93)
        at sun.nio.ch.SelectorImpl.lockAndDoSelect(SelectorImpl.java:86)
        at sun.nio.ch.SelectorImpl.select(SelectorImpl.java:97)
        at sun.nio.ch.SelectorImpl.select(SelectorImpl.java:101)
        at org.eclipse.jetty.io.ManagedSelector.nioSelect(ManagedSelector.java:183)
        at org.eclipse.jetty.io.ManagedSelector.select(ManagedSelector.java:190)
        at org.eclipse.jetty.io.ManagedSelector$SelectorProducer.select(ManagedSelector.java:606)
        at org.eclipse.jetty.io.ManagedSelector$SelectorProducer.produce(ManagedSelector.java:543)
        at org.eclipse.jetty.util.thread.strategy.EatWhatYouKill.produceTask(EatWhatYouKill.java:362)
        at org.eclipse.jetty.util.thread.strategy.EatWhatYouKill.doProduce(EatWhatYouKill.java:186)
        at org.eclipse.jetty.util.thread.strategy.EatWhatYouKill.tryProduce(EatWhatYouKill.java:173)
        at org.eclipse.jetty.util.thread.strategy.EatWhatYouKill.produce(EatWhatYouKill.java:137)
        at org.eclipse.jetty.io.ManagedSelector$$Lambda$446/1969754956.run(Unknown Source)
        at org.eclipse.jetty.util.thread.QueuedThreadPool.runJob(QueuedThreadPool.java:883)
        at org.eclipse.jetty.util.thread.QueuedThreadPool$Runner.run(QueuedThreadPool.java:1034)
        at java.lang.Thread.run(Thread.java:750)


	at org.apache.ozone.test.GenericTestUtils.waitFor(GenericTestUtils.java:227)
	at org.apache.hadoop.ozone.container.TestECContainerRecovery.testECContainerRecoveryWithTimedOutRecovery(TestECContainerRecovery.java:339)
	at sun.reflect.NativeMethodAccessorImpl.invoke0(Native Method)
	at sun.reflect.NativeMethodAccessorImpl.invoke(NativeMethodAccessorImpl.java:62)
	at sun.reflect.DelegatingMethodAccessorImpl.invoke(DelegatingMethodAccessorImpl.java:43)
	at java.lang.reflect.Method.invoke(Method.java:498)
	at org.junit.platform.commons.util.ReflectionUtils.invokeMethod(ReflectionUtils.java:725)
	at org.junit.jupiter.engine.execution.MethodInvocation.proceed(MethodInvocation.java:60)
	at org.junit.jupiter.engine.execution.InvocationInterceptorChain$ValidatingInvocation.proceed(InvocationInterceptorChain.java:131)
	at org.junit.jupiter.engine.extension.TimeoutExtension.intercept(TimeoutExtension.java:149)
	at org.junit.jupiter.engine.extension.TimeoutExtension.interceptTestableMethod(TimeoutExtension.java:140)
	at org.junit.jupiter.engine.extension.TimeoutExtension.interceptTestMethod(TimeoutExtension.java:84)
	at org.junit.jupiter.engine.execution.ExecutableInvoker$ReflectiveInterceptorCall.lambda$ofVoidMethod$0(ExecutableInvoker.java:115)
	at org.junit.jupiter.engine.execution.ExecutableInvoker.lambda$invoke$0(ExecutableInvoker.java:105)
	at org.junit.jupiter.engine.execution.InvocationInterceptorChain$InterceptedInvocation.proceed(InvocationInterceptorChain.java:106)
	at org.junit.jupiter.engine.execution.InvocationInterceptorChain.proceed(InvocationInterceptorChain.java:64)
	at org.junit.jupiter.engine.execution.InvocationInterceptorChain.chainAndInvoke(InvocationInterceptorChain.java:45)
	at org.junit.jupiter.engine.execution.InvocationInterceptorChain.invoke(InvocationInterceptorChain.java:37)
	at org.junit.jupiter.engine.execution.ExecutableInvoker.invoke(ExecutableInvoker.java:104)
	at org.junit.jupiter.engine.execution.ExecutableInvoker.invoke(ExecutableInvoker.java:98)
	at org.junit.jupiter.engine.descriptor.TestMethodTestDescriptor.lambda$invokeTestMethod$7(TestMethodTestDescriptor.java:214)
	at org.junit.platform.engine.support.hierarchical.ThrowableCollector.execute(ThrowableCollector.java:73)
	at org.junit.jupiter.engine.descriptor.TestMethodTestDescriptor.invokeTestMethod(TestMethodTestDescriptor.java:210)
	at org.junit.jupiter.engine.descriptor.TestMethodTestDescriptor.execute(TestMethodTestDescriptor.java:135)
	at org.junit.jupiter.engine.descriptor.TestMethodTestDescriptor.execute(TestMethodTestDescriptor.java:66)
	at org.junit.platform.engine.support.hierarchical.NodeTestTask.lambda$executeRecursively$6(NodeTestTask.java:151)
	at org.junit.platform.engine.support.hierarchical.ThrowableCollector.execute(ThrowableCollector.java:73)
	at org.junit.platform.engine.support.hierarchical.NodeTestTask.lambda$executeRecursively$8(NodeTestTask.java:141)
	at org.junit.platform.engine.support.hierarchical.Node.around(Node.java:137)
	at org.junit.platform.engine.support.hierarchical.NodeTestTask.lambda$executeRecursively$9(NodeTestTask.java:139)
	at org.junit.platform.engine.support.hierarchical.ThrowableCollector.execute(ThrowableCollector.java:73)
	at org.junit.platform.engine.support.hierarchical.NodeTestTask.executeRecursively(NodeTestTask.java:138)
	at org.junit.platform.engine.support.hierarchical.NodeTestTask.execute(NodeTestTask.java:95)
	at java.util.ArrayList.forEach(ArrayList.java:1259)
	at org.junit.platform.engine.support.hierarchical.SameThreadHierarchicalTestExecutorService.invokeAll(SameThreadHierarchicalTestExecutorService.java:41)
	at org.junit.platform.engine.support.hierarchical.NodeTestTask.lambda$executeRecursively$6(NodeTestTask.java:155)
	at org.junit.platform.engine.support.hierarchical.ThrowableCollector.execute(ThrowableCollector.java:73)
	at org.junit.platform.engine.support.hierarchical.NodeTestTask.lambda$executeRecursively$8(NodeTestTask.java:141)
	at org.junit.platform.engine.support.hierarchical.Node.around(Node.java:137)
	at org.junit.platform.engine.support.hierarchical.NodeTestTask.lambda$executeRecursively$9(NodeTestTask.java:139)
	at org.junit.platform.engine.support.hierarchical.ThrowableCollector.execute(ThrowableCollector.java:73)
	at org.junit.platform.engine.support.hierarchical.NodeTestTask.executeRecursively(NodeTestTask.java:138)
	at org.junit.platform.engine.support.hierarchical.NodeTestTask.execute(NodeTestTask.java:95)
	at java.util.ArrayList.forEach(ArrayList.java:1259)
	at org.junit.platform.engine.support.hierarchical.SameThreadHierarchicalTestExecutorService.invokeAll(SameThreadHierarchicalTestExecutorService.java:41)
	at org.junit.platform.engine.support.hierarchical.NodeTestTask.lambda$executeRecursively$6(NodeTestTask.java:155)
	at org.junit.platform.engine.support.hierarchical.ThrowableCollector.execute(ThrowableCollector.java:73)
	at org.junit.platform.engine.support.hierarchical.NodeTestTask.lambda$executeRecursively$8(NodeTestTask.java:141)
	at org.junit.platform.engine.support.hierarchical.Node.around(Node.java:137)
	at org.junit.platform.engine.support.hierarchical.NodeTestTask.lambda$executeRecursively$9(NodeTestTask.java:139)
	at org.junit.platform.engine.support.hierarchical.ThrowableCollector.execute(ThrowableCollector.java:73)
	at org.junit.platform.engine.support.hierarchical.NodeTestTask.executeRecursively(NodeTestTask.java:138)
	at org.junit.platform.engine.support.hierarchical.NodeTestTask.execute(NodeTestTask.java:95)
	at org.junit.platform.engine.support.hierarchical.SameThreadHierarchicalTestExecutorService.submit(SameThreadHierarchicalTestExecutorService.java:35)
	at org.junit.platform.engine.support.hierarchical.HierarchicalTestExecutor.execute(HierarchicalTestExecutor.java:57)
	at org.junit.platform.engine.support.hierarchical.HierarchicalTestEngine.execute(HierarchicalTestEngine.java:54)
	at org.junit.platform.launcher.core.EngineExecutionOrchestrator.execute(EngineExecutionOrchestrator.java:107)
	at org.junit.platform.launcher.core.EngineExecutionOrchestrator.execute(EngineExecutionOrchestrator.java:88)
	at org.junit.platform.launcher.core.EngineExecutionOrchestrator.lambda$execute$0(EngineExecutionOrchestrator.java:54)
	at org.junit.platform.launcher.core.EngineExecutionOrchestrator.withInterceptedStreams(EngineExecutionOrchestrator.java:67)
	at org.junit.platform.launcher.core.EngineExecutionOrchestrator.execute(EngineExecutionOrchestrator.java:52)
	at org.junit.platform.launcher.core.DefaultLauncher.execute(DefaultLauncher.java:114)
	at org.junit.platform.launcher.core.DefaultLauncher.execute(DefaultLauncher.java:86)
	at org.junit.platform.launcher.core.DefaultLauncherSession$DelegatingLauncher.execute(DefaultLauncherSession.java:86)
	at org.junit.platform.launcher.core.SessionPerRequestLauncher.execute(SessionPerRequestLauncher.java:53)
	at org.apache.maven.surefire.junitplatform.JUnitPlatformProvider.execute(JUnitPlatformProvider.java:188)
	at org.apache.maven.surefire.junitplatform.JUnitPlatformProvider.invokeAllTests(JUnitPlatformProvider.java:154)
	at org.apache.maven.surefire.junitplatform.JUnitPlatformProvider.invoke(JUnitPlatformProvider.java:124)
	at org.apache.maven.surefire.booter.ForkedBooter.runSuitesInProcess(ForkedBooter.java:428)
	at org.apache.maven.surefire.booter.ForkedBooter.execute(ForkedBooter.java:162)
	at org.apache.maven.surefire.booter.ForkedBooter.run(ForkedBooter.java:562)
	at org.apache.maven.surefire.booter.ForkedBooter.main(ForkedBooter.java:548)
]]></error>
    <system-out><![CDATA[2022-11-24 06:39:09,150 [Listener at 127.0.0.1/43781] INFO  rpc.RpcClient (RpcClient.java:createBucket(691)) - Creating Bucket: 5308ca91-0897-4c47-8273-1ee7e13c807f/d7d972f7-bb18-4122-817c-9ae8690823b8, with server-side default bucket layout, runner as owner, Versioning false, Storage Type set to DISK and Encryption set to false 
2022-11-24 06:39:09,155 [OM StateMachine ApplyTransaction Thread - 0] INFO  bucket.OMBucketCreateRequest (OMBucketCreateRequest.java:validateAndUpdateCache(260)) - created bucket: d7d972f7-bb18-4122-817c-9ae8690823b8 of layout LEGACY in volume: 5308ca91-0897-4c47-8273-1ee7e13c807f
2022-11-24 06:39:09,192 [IPC Server handler 0 on default port 40677] INFO  pipeline.PipelineStateManagerImpl (PipelineStateManagerImpl.java:addPipeline(103)) - Created pipeline Pipeline[ Id: a69e154c-fcbc-498d-8bcf-77ec139bfaa1, Nodes: 8af73eb1-79e8-42bd-81b7-d22b4389184f{ip: 10.1.1.33, host: fv-az453-211.hss2zji4abbufegd5wcf2so25h.dx.internal.cloudapp.net, ports: [REPLICATION=36185, RATIS=44141, RATIS_ADMIN=44141, RATIS_SERVER=44141, STANDALONE=36899], networkLocation: /default-rack, certSerialId: null, persistedOpState: IN_SERVICE, persistedOpStateExpiryEpochSec: 0}2412583d-f0ce-4b83-96a1-c4f14f6f25ae{ip: 10.1.1.33, host: fv-az453-211.hss2zji4abbufegd5wcf2so25h.dx.internal.cloudapp.net, ports: [REPLICATION=36327, RATIS=34367, RATIS_ADMIN=34367, RATIS_SERVER=34367, STANDALONE=42617], networkLocation: /default-rack, certSerialId: null, persistedOpState: null, persistedOpStateExpiryEpochSec: 0}c8bfac46-0061-4906-a354-59c2fa211c25{ip: 10.1.1.33, host: fv-az453-211.hss2zji4abbufegd5wcf2so25h.dx.internal.cloudapp.net, ports: [REPLICATION=33399, RATIS=41215, RATIS_ADMIN=41215, RATIS_SERVER=41215, STANDALONE=43477], networkLocation: /default-rack, certSerialId: null, persistedOpState: null, persistedOpStateExpiryEpochSec: 0}6fd96d8c-4ef2-4ba8-87f7-371671a16fe6{ip: 10.1.1.33, host: fv-az453-211.hss2zji4abbufegd5wcf2so25h.dx.internal.cloudapp.net, ports: [REPLICATION=46619, RATIS=38311, RATIS_ADMIN=38311, RATIS_SERVER=38311, STANDALONE=45669], networkLocation: /default-rack, certSerialId: null, persistedOpState: null, persistedOpStateExpiryEpochSec: 0}f61b783c-62f9-462d-872d-ac09aa128e21{ip: 10.1.1.33, host: fv-az453-211.hss2zji4abbufegd5wcf2so25h.dx.internal.cloudapp.net, ports: [REPLICATION=45671, RATIS=44027, RATIS_ADMIN=44027, RATIS_SERVER=44027, STANDALONE=38233], networkLocation: /default-rack, certSerialId: null, persistedOpState: null, persistedOpStateExpiryEpochSec: 0}, ReplicationConfig: EC/ECReplicationConfig{data=3, parity=2, ecChunkSize=1024, codec=rs}, State:ALLOCATED, leaderId:, CreationTimestamp2022-11-24T06:39:09.192Z[Etc/UTC]].
2022-11-24 06:39:09,193 [IPC Server handler 0 on default port 40677] INFO  pipeline.PipelineManagerImpl (PipelineManagerImpl.java:openPipeline(367)) - Pipeline Pipeline[ Id: a69e154c-fcbc-498d-8bcf-77ec139bfaa1, Nodes: 8af73eb1-79e8-42bd-81b7-d22b4389184f{ip: 10.1.1.33, host: fv-az453-211.hss2zji4abbufegd5wcf2so25h.dx.internal.cloudapp.net, ports: [REPLICATION=36185, RATIS=44141, RATIS_ADMIN=44141, RATIS_SERVER=44141, STANDALONE=36899], networkLocation: /default-rack, certSerialId: null, persistedOpState: IN_SERVICE, persistedOpStateExpiryEpochSec: 0}2412583d-f0ce-4b83-96a1-c4f14f6f25ae{ip: 10.1.1.33, host: fv-az453-211.hss2zji4abbufegd5wcf2so25h.dx.internal.cloudapp.net, ports: [REPLICATION=36327, RATIS=34367, RATIS_ADMIN=34367, RATIS_SERVER=34367, STANDALONE=42617], networkLocation: /default-rack, certSerialId: null, persistedOpState: null, persistedOpStateExpiryEpochSec: 0}c8bfac46-0061-4906-a354-59c2fa211c25{ip: 10.1.1.33, host: fv-az453-211.hss2zji4abbufegd5wcf2so25h.dx.internal.cloudapp.net, ports: [REPLICATION=33399, RATIS=41215, RATIS_ADMIN=41215, RATIS_SERVER=41215, STANDALONE=43477], networkLocation: /default-rack, certSerialId: null, persistedOpState: null, persistedOpStateExpiryEpochSec: 0}6fd96d8c-4ef2-4ba8-87f7-371671a16fe6{ip: 10.1.1.33, host: fv-az453-211.hss2zji4abbufegd5wcf2so25h.dx.internal.cloudapp.net, ports: [REPLICATION=46619, RATIS=38311, RATIS_ADMIN=38311, RATIS_SERVER=38311, STANDALONE=45669], networkLocation: /default-rack, certSerialId: null, persistedOpState: null, persistedOpStateExpiryEpochSec: 0}f61b783c-62f9-462d-872d-ac09aa128e21{ip: 10.1.1.33, host: fv-az453-211.hss2zji4abbufegd5wcf2so25h.dx.internal.cloudapp.net, ports: [REPLICATION=45671, RATIS=44027, RATIS_ADMIN=44027, RATIS_SERVER=44027, STANDALONE=38233], networkLocation: /default-rack, certSerialId: null, persistedOpState: null, persistedOpStateExpiryEpochSec: 0}, ReplicationConfig: EC/ECReplicationConfig{data=3, parity=2, ecChunkSize=1024, codec=rs}, State:ALLOCATED, leaderId:, CreationTimestamp2022-11-24T06:39:09.192Z[Etc/UTC]] moved to OPEN state
2022-11-24 06:39:10,428 [JvmPauseMonitor6] WARN  util.JvmPauseMonitor (JvmPauseMonitor.java:detectPause(126)) - JvmPauseMonitor-6fd96d8c-4ef2-4ba8-87f7-371671a16fe6: Detected pause in JVM or host machine (eg GC): pause of approximately 103296318ns. No GCs detected.
2022-11-24 06:39:10,429 [JvmPauseMonitor8] WARN  util.JvmPauseMonitor (JvmPauseMonitor.java:detectPause(126)) - JvmPauseMonitor-f61b783c-62f9-462d-872d-ac09aa128e21: Detected pause in JVM or host machine (eg GC): pause of approximately 118712908ns. No GCs detected.
2022-11-24 06:39:10,430 [JvmPauseMonitor1] WARN  util.JvmPauseMonitor (JvmPauseMonitor.java:detectPause(126)) - JvmPauseMonitor-fb3b41a4-a9f1-45d3-bf74-4074fcf3e767: Detected pause in JVM or host machine (eg GC): pause of approximately 119164108ns. No GCs detected.
2022-11-24 06:39:10,711 [Listener at 127.0.0.1/43781] INFO  ozoneimpl.OzoneContainer (OzoneContainer.java:stop(417)) - Attempting to stop container services.
2022-11-24 06:39:10,714 [Listener at 127.0.0.1/43781] INFO  server.RaftServer (RaftServerProxy.java:lambda$close$6(409)) - 8af73eb1-79e8-42bd-81b7-d22b4389184f: close
2022-11-24 06:39:10,714 [8af73eb1-79e8-42bd-81b7-d22b4389184f-impl-thread3] INFO  server.RaftServer$Division (RaftServerImpl.java:lambda$close$4(458)) - 8af73eb1-79e8-42bd-81b7-d22b4389184f@group-A067BC3D260C: shutdown
2022-11-24 06:39:10,715 [8af73eb1-79e8-42bd-81b7-d22b4389184f-impl-thread3] INFO  util.JmxRegister (JmxRegister.java:unregister(73)) - Successfully un-registered JMX Bean with object name Ratis:service=RaftServer,group=group-A067BC3D260C,id=8af73eb1-79e8-42bd-81b7-d22b4389184f
2022-11-24 06:39:10,715 [8af73eb1-79e8-42bd-81b7-d22b4389184f-impl-thread3] INFO  impl.RoleInfo (RoleInfo.java:shutdownFollowerState(110)) - 8af73eb1-79e8-42bd-81b7-d22b4389184f: shutdown 8af73eb1-79e8-42bd-81b7-d22b4389184f@group-A067BC3D260C-FollowerState
2022-11-24 06:39:10,715 [8af73eb1-79e8-42bd-81b7-d22b4389184f-impl-thread3] INFO  impl.StateMachineUpdater (StateMachineUpdater.java:stopAndJoin(153)) - 8af73eb1-79e8-42bd-81b7-d22b4389184f@group-A067BC3D260C-StateMachineUpdater: set stopIndex = -1
2022-11-24 06:39:10,715 [8af73eb1-79e8-42bd-81b7-d22b4389184f@group-A067BC3D260C-FollowerState] INFO  impl.FollowerState (FollowerState.java:run(152)) - 8af73eb1-79e8-42bd-81b7-d22b4389184f@group-A067BC3D260C-FollowerState was interrupted
2022-11-24 06:39:10,718 [8af73eb1-79e8-42bd-81b7-d22b4389184f-impl-thread3] INFO  server.RaftServer$Division (ServerState.java:close(466)) - 8af73eb1-79e8-42bd-81b7-d22b4389184f@group-A067BC3D260C: closes. applyIndex: -1
2022-11-24 06:39:10,719 [8af73eb1-79e8-42bd-81b7-d22b4389184f@group-A067BC3D260C-SegmentedRaftLogWorker] INFO  segmented.SegmentedRaftLogWorker (SegmentedRaftLogWorker.java:run(345)) - 8af73eb1-79e8-42bd-81b7-d22b4389184f@group-A067BC3D260C-SegmentedRaftLogWorker was interrupted, exiting. There are 0 tasks remaining in the queue.
2022-11-24 06:39:10,719 [8af73eb1-79e8-42bd-81b7-d22b4389184f-impl-thread3] INFO  segmented.SegmentedRaftLogWorker (SegmentedRaftLogWorker.java:close(255)) - 8af73eb1-79e8-42bd-81b7-d22b4389184f@group-A067BC3D260C-SegmentedRaftLogWorker close()
2022-11-24 06:39:10,723 [8af73eb1-79e8-42bd-81b7-d22b4389184f-impl-thread1] INFO  server.RaftServer$Division (RaftServerImpl.java:lambda$close$4(458)) - 8af73eb1-79e8-42bd-81b7-d22b4389184f@group-039C2E77FC58: shutdown
2022-11-24 06:39:10,723 [8af73eb1-79e8-42bd-81b7-d22b4389184f-impl-thread1] INFO  util.JmxRegister (JmxRegister.java:unregister(73)) - Successfully un-registered JMX Bean with object name Ratis:service=RaftServer,group=group-039C2E77FC58,id=8af73eb1-79e8-42bd-81b7-d22b4389184f
2022-11-24 06:39:10,723 [8af73eb1-79e8-42bd-81b7-d22b4389184f-impl-thread1] INFO  impl.RoleInfo (RoleInfo.java:shutdownFollowerState(110)) - 8af73eb1-79e8-42bd-81b7-d22b4389184f: shutdown 8af73eb1-79e8-42bd-81b7-d22b4389184f@group-039C2E77FC58-FollowerState
2022-11-24 06:39:10,723 [8af73eb1-79e8-42bd-81b7-d22b4389184f-impl-thread1] INFO  impl.StateMachineUpdater (StateMachineUpdater.java:stopAndJoin(153)) - 8af73eb1-79e8-42bd-81b7-d22b4389184f@group-039C2E77FC58-StateMachineUpdater: set stopIndex = -1
2022-11-24 06:39:10,724 [8af73eb1-79e8-42bd-81b7-d22b4389184f@group-039C2E77FC58-FollowerState] INFO  impl.FollowerState (FollowerState.java:run(152)) - 8af73eb1-79e8-42bd-81b7-d22b4389184f@group-039C2E77FC58-FollowerState was interrupted
2022-11-24 06:39:10,724 [8af73eb1-79e8-42bd-81b7-d22b4389184f-impl-thread1] INFO  server.RaftServer$Division (ServerState.java:close(466)) - 8af73eb1-79e8-42bd-81b7-d22b4389184f@group-039C2E77FC58: closes. applyIndex: -1
2022-11-24 06:39:10,724 [Listener at 127.0.0.1/43781] INFO  server.GrpcService (GrpcService.java:closeImpl(279)) - 8af73eb1-79e8-42bd-81b7-d22b4389184f: shutdown server GrpcServerProtocolService now
2022-11-24 06:39:10,724 [8af73eb1-79e8-42bd-81b7-d22b4389184f-impl-thread3] INFO  server.RaftServer$Division (RaftServerImpl.java:lambda$close$4(458)) - 8af73eb1-79e8-42bd-81b7-d22b4389184f@group-A46A7F7EB5CD: shutdown
2022-11-24 06:39:10,728 [8af73eb1-79e8-42bd-81b7-d22b4389184f-impl-thread3] INFO  util.JmxRegister (JmxRegister.java:unregister(73)) - Successfully un-registered JMX Bean with object name Ratis:service=RaftServer,group=group-A46A7F7EB5CD,id=8af73eb1-79e8-42bd-81b7-d22b4389184f
2022-11-24 06:39:10,728 [8af73eb1-79e8-42bd-81b7-d22b4389184f-impl-thread3] INFO  impl.RoleInfo (RoleInfo.java:shutdownFollowerState(110)) - 8af73eb1-79e8-42bd-81b7-d22b4389184f: shutdown 8af73eb1-79e8-42bd-81b7-d22b4389184f@group-A46A7F7EB5CD-FollowerState
2022-11-24 06:39:10,724 [8af73eb1-79e8-42bd-81b7-d22b4389184f@group-039C2E77FC58-SegmentedRaftLogWorker] INFO  segmented.SegmentedRaftLogWorker (SegmentedRaftLogWorker.java:run(345)) - 8af73eb1-79e8-42bd-81b7-d22b4389184f@group-039C2E77FC58-SegmentedRaftLogWorker was interrupted, exiting. There are 0 tasks remaining in the queue.
2022-11-24 06:39:10,728 [8af73eb1-79e8-42bd-81b7-d22b4389184f@group-A46A7F7EB5CD-FollowerState] INFO  impl.FollowerState (FollowerState.java:run(152)) - 8af73eb1-79e8-42bd-81b7-d22b4389184f@group-A46A7F7EB5CD-FollowerState was interrupted
2022-11-24 06:39:10,730 [8af73eb1-79e8-42bd-81b7-d22b4389184f-impl-thread3] INFO  impl.StateMachineUpdater (StateMachineUpdater.java:stopAndJoin(153)) - 8af73eb1-79e8-42bd-81b7-d22b4389184f@group-A46A7F7EB5CD-StateMachineUpdater: set stopIndex = -1
2022-11-24 06:39:10,731 [8af73eb1-79e8-42bd-81b7-d22b4389184f-impl-thread3] INFO  server.RaftServer$Division (ServerState.java:close(466)) - 8af73eb1-79e8-42bd-81b7-d22b4389184f@group-A46A7F7EB5CD: closes. applyIndex: -1
2022-11-24 06:39:10,731 [8af73eb1-79e8-42bd-81b7-d22b4389184f-impl-thread1] INFO  segmented.SegmentedRaftLogWorker (SegmentedRaftLogWorker.java:close(255)) - 8af73eb1-79e8-42bd-81b7-d22b4389184f@group-039C2E77FC58-SegmentedRaftLogWorker close()
2022-11-24 06:39:10,731 [8af73eb1-79e8-42bd-81b7-d22b4389184f@group-A46A7F7EB5CD-SegmentedRaftLogWorker] INFO  segmented.SegmentedRaftLogWorker (SegmentedRaftLogWorker.java:run(345)) - 8af73eb1-79e8-42bd-81b7-d22b4389184f@group-A46A7F7EB5CD-SegmentedRaftLogWorker was interrupted, exiting. There are 0 tasks remaining in the queue.
2022-11-24 06:39:10,738 [8af73eb1-79e8-42bd-81b7-d22b4389184f-impl-thread3] INFO  segmented.SegmentedRaftLogWorker (SegmentedRaftLogWorker.java:close(255)) - 8af73eb1-79e8-42bd-81b7-d22b4389184f@group-A46A7F7EB5CD-SegmentedRaftLogWorker close()
2022-11-24 06:39:10,749 [Listener at 127.0.0.1/43781] INFO  server.GrpcService (GrpcService.java:closeImpl(288)) - 8af73eb1-79e8-42bd-81b7-d22b4389184f: shutdown server GrpcServerProtocolService successfully
2022-11-24 06:39:10,750 [JvmPauseMonitor11] INFO  util.JvmPauseMonitor (JvmPauseMonitor.java:run(111)) - JvmPauseMonitor-8af73eb1-79e8-42bd-81b7-d22b4389184f: Stopped
2022-11-24 06:39:12,772 [Listener at 127.0.0.1/43781] INFO  volume.HddsVolume (HddsVolume.java:closeDbStore(338)) - SchemaV3 db is stopped at /home/runner/work/ozone/ozone/hadoop-ozone/integration-test/target/test-dir/MiniOzoneClusterImpl-3ca4de4a-72c8-4c23-a990-0556c1b2e11a/datanode-6/data-0/containers/hdds/3ca4de4a-72c8-4c23-a990-0556c1b2e11a/DS-0432710e-923f-410d-aac0-9c9eef136c4e/container.db for volume DS-0432710e-923f-410d-aac0-9c9eef136c4e
2022-11-24 06:39:12,775 [Listener at 127.0.0.1/43781] INFO  utils.BackgroundService (BackgroundService.java:shutdown(141)) - Shutting down service BlockDeletingService
2022-11-24 06:39:12,776 [Listener at 127.0.0.1/43781] INFO  utils.BackgroundService (BackgroundService.java:shutdown(141)) - Shutting down service StaleRecoveringContainerScrubbingService
2022-11-24 06:39:12,787 [Listener at 127.0.0.1/43781] INFO  statemachine.DatanodeStateMachine (DatanodeStateMachine.java:stopDaemon(593)) - Ozone container server stopped.
2022-11-24 06:39:12,801 [Listener at 127.0.0.1/43781] INFO  handler.ContextHandler (ContextHandler.java:doStop(1159)) - Stopped o.e.j.w.WebAppContext@3e898d36{hddsDatanode,/,null,STOPPED}{jar:file:/home/runner/.m2/repository/org/apache/ozone/hdds-container-service/1.3.0-SNAPSHOT/hdds-container-service-1.3.0-SNAPSHOT.jar!/webapps/hddsDatanode}
2022-11-24 06:39:12,803 [Listener at 127.0.0.1/43781] INFO  server.AbstractConnector (AbstractConnector.java:doStop(383)) - Stopped ServerConnector@82cf8fd{HTTP/1.1, (http/1.1)}{0.0.0.0:39043}
2022-11-24 06:39:12,803 [Listener at 127.0.0.1/43781] INFO  server.session (HouseKeeper.java:stopScavenging(149)) - node0 Stopped scavenging
2022-11-24 06:39:12,804 [Listener at 127.0.0.1/43781] INFO  handler.ContextHandler (ContextHandler.java:doStop(1159)) - Stopped o.e.j.s.ServletContextHandler@6846c0db{static,/static,jar:file:/home/runner/.m2/repository/org/apache/ozone/hdds-container-service/1.3.0-SNAPSHOT/hdds-container-service-1.3.0-SNAPSHOT.jar!/webapps/static,STOPPED}
2022-11-24 06:39:12,804 [Listener at 127.0.0.1/43781] INFO  handler.ContextHandler (ContextHandler.java:doStop(1159)) - Stopped o.e.j.s.ServletContextHandler@1fa3dd3{logs,/logs,file:///home/runner/work/ozone/ozone/hadoop-ozone/integration-test/target/log,STOPPED}
2022-11-24 06:39:13,538 [EventQueue-StaleNodeForStaleNodeHandler] INFO  node.StaleNodeHandler (StaleNodeHandler.java:onMessage(59)) - Datanode 8af73eb1-79e8-42bd-81b7-d22b4389184f{ip: 10.1.1.33, host: fv-az453-211.hss2zji4abbufegd5wcf2so25h.dx.internal.cloudapp.net, ports: [REPLICATION=36185, RATIS=44141, RATIS_ADMIN=44141, RATIS_SERVER=44141, STANDALONE=36899], networkLocation: /default-rack, certSerialId: null, persistedOpState: IN_SERVICE, persistedOpStateExpiryEpochSec: 0} moved to stale state. Finalizing its pipelines [PipelineID=0b0d9a62-1108-4899-9c7e-a067bc3d260c, PipelineID=a69e154c-fcbc-498d-8bcf-77ec139bfaa1, PipelineID=86ffadfe-6c15-4c4b-8c67-039c2e77fc58, PipelineID=57982a3e-8dec-4699-b995-a46a7f7eb5cd]
2022-11-24 06:39:13,539 [EventQueue-StaleNodeForStaleNodeHandler] INFO  pipeline.PipelineManagerImpl (PipelineManagerImpl.java:closePipeline(442)) - Pipeline Pipeline[ Id: 0b0d9a62-1108-4899-9c7e-a067bc3d260c, Nodes: 4949dc81-86be-4926-96a6-534c5c5588ca{ip: 10.1.1.33, host: fv-az453-211.hss2zji4abbufegd5wcf2so25h.dx.internal.cloudapp.net, ports: [REPLICATION=46611, RATIS=45371, RATIS_ADMIN=45371, RATIS_SERVER=45371, STANDALONE=38135], networkLocation: /default-rack, certSerialId: null, persistedOpState: IN_SERVICE, persistedOpStateExpiryEpochSec: 0}c8bfac46-0061-4906-a354-59c2fa211c25{ip: 10.1.1.33, host: fv-az453-211.hss2zji4abbufegd5wcf2so25h.dx.internal.cloudapp.net, ports: [REPLICATION=33399, RATIS=41215, RATIS_ADMIN=41215, RATIS_SERVER=41215, STANDALONE=43477], networkLocation: /default-rack, certSerialId: null, persistedOpState: IN_SERVICE, persistedOpStateExpiryEpochSec: 0}8af73eb1-79e8-42bd-81b7-d22b4389184f{ip: 10.1.1.33, host: fv-az453-211.hss2zji4abbufegd5wcf2so25h.dx.internal.cloudapp.net, ports: [REPLICATION=36185, RATIS=44141, RATIS_ADMIN=44141, RATIS_SERVER=44141, STANDALONE=36899], networkLocation: /default-rack, certSerialId: null, persistedOpState: IN_SERVICE, persistedOpStateExpiryEpochSec: 0}, ReplicationConfig: RATIS/THREE, State:ALLOCATED, leaderId:, CreationTimestamp2022-11-24T06:39:08.026Z[Etc/UTC]] moved to CLOSED state
2022-11-24 06:39:13,540 [EventQueue-StaleNodeForStaleNodeHandler] INFO  pipeline.PipelineManagerImpl (PipelineManagerImpl.java:closeContainersForPipeline(421)) - Container #2 closed for pipeline=PipelineID=a69e154c-fcbc-498d-8bcf-77ec139bfaa1
2022-11-24 06:39:13,540 [EventQueue-CloseContainerForCloseContainerEventHandler] INFO  container.CloseContainerEventHandler (CloseContainerEventHandler.java:onMessage(73)) - Close container Event triggered for container : #2, current state: CLOSING
2022-11-24 06:39:13,541 [EventQueue-StaleNodeForStaleNodeHandler] INFO  pipeline.PipelineManagerImpl (PipelineManagerImpl.java:closePipeline(442)) - Pipeline Pipeline[ Id: a69e154c-fcbc-498d-8bcf-77ec139bfaa1, Nodes: 8af73eb1-79e8-42bd-81b7-d22b4389184f{ip: 10.1.1.33, host: fv-az453-211.hss2zji4abbufegd5wcf2so25h.dx.internal.cloudapp.net, ports: [REPLICATION=36185, RATIS=44141, RATIS_ADMIN=44141, RATIS_SERVER=44141, STANDALONE=36899], networkLocation: /default-rack, certSerialId: null, persistedOpState: IN_SERVICE, persistedOpStateExpiryEpochSec: 0}2412583d-f0ce-4b83-96a1-c4f14f6f25ae{ip: 10.1.1.33, host: fv-az453-211.hss2zji4abbufegd5wcf2so25h.dx.internal.cloudapp.net, ports: [REPLICATION=36327, RATIS=34367, RATIS_ADMIN=34367, RATIS_SERVER=34367, STANDALONE=42617], networkLocation: /default-rack, certSerialId: null, persistedOpState: null, persistedOpStateExpiryEpochSec: 0}c8bfac46-0061-4906-a354-59c2fa211c25{ip: 10.1.1.33, host: fv-az453-211.hss2zji4abbufegd5wcf2so25h.dx.internal.cloudapp.net, ports: [REPLICATION=33399, RATIS=41215, RATIS_ADMIN=41215, RATIS_SERVER=41215, STANDALONE=43477], networkLocation: /default-rack, certSerialId: null, persistedOpState: null, persistedOpStateExpiryEpochSec: 0}6fd96d8c-4ef2-4ba8-87f7-371671a16fe6{ip: 10.1.1.33, host: fv-az453-211.hss2zji4abbufegd5wcf2so25h.dx.internal.cloudapp.net, ports: [REPLICATION=46619, RATIS=38311, RATIS_ADMIN=38311, RATIS_SERVER=38311, STANDALONE=45669], networkLocation: /default-rack, certSerialId: null, persistedOpState: null, persistedOpStateExpiryEpochSec: 0}f61b783c-62f9-462d-872d-ac09aa128e21{ip: 10.1.1.33, host: fv-az453-211.hss2zji4abbufegd5wcf2so25h.dx.internal.cloudapp.net, ports: [REPLICATION=45671, RATIS=44027, RATIS_ADMIN=44027, RATIS_SERVER=44027, STANDALONE=38233], networkLocation: /default-rack, certSerialId: null, persistedOpState: null, persistedOpStateExpiryEpochSec: 0}, ReplicationConfig: EC/ECReplicationConfig{data=3, parity=2, ecChunkSize=1024, codec=rs}, State:OPEN, leaderId:, CreationTimestamp2022-11-24T06:39:09.192Z[Etc/UTC]] moved to CLOSED state
2022-11-24 06:39:13,542 [EventQueue-StaleNodeForStaleNodeHandler] INFO  pipeline.PipelineManagerImpl (PipelineManagerImpl.java:closePipeline(442)) - Pipeline Pipeline[ Id: 86ffadfe-6c15-4c4b-8c67-039c2e77fc58, Nodes: 8af73eb1-79e8-42bd-81b7-d22b4389184f{ip: 10.1.1.33, host: fv-az453-211.hss2zji4abbufegd5wcf2so25h.dx.internal.cloudapp.net, ports: [REPLICATION=36185, RATIS=44141, RATIS_ADMIN=44141, RATIS_SERVER=44141, STANDALONE=36899], networkLocation: /default-rack, certSerialId: null, persistedOpState: IN_SERVICE, persistedOpStateExpiryEpochSec: 0}, ReplicationConfig: RATIS/ONE, State:OPEN, leaderId:8af73eb1-79e8-42bd-81b7-d22b4389184f, CreationTimestamp2022-11-24T06:39:08.025Z[Etc/UTC]] moved to CLOSED state
2022-11-24 06:39:13,544 [EventQueue-StaleNodeForStaleNodeHandler] INFO  pipeline.PipelineManagerImpl (PipelineManagerImpl.java:closePipeline(442)) - Pipeline Pipeline[ Id: 57982a3e-8dec-4699-b995-a46a7f7eb5cd, Nodes: 8af73eb1-79e8-42bd-81b7-d22b4389184f{ip: 10.1.1.33, host: fv-az453-211.hss2zji4abbufegd5wcf2so25h.dx.internal.cloudapp.net, ports: [REPLICATION=36185, RATIS=44141, RATIS_ADMIN=44141, RATIS_SERVER=44141, STANDALONE=36899], networkLocation: /default-rack, certSerialId: null, persistedOpState: IN_SERVICE, persistedOpStateExpiryEpochSec: 0}4949dc81-86be-4926-96a6-534c5c5588ca{ip: 10.1.1.33, host: fv-az453-211.hss2zji4abbufegd5wcf2so25h.dx.internal.cloudapp.net, ports: [REPLICATION=46611, RATIS=45371, RATIS_ADMIN=45371, RATIS_SERVER=45371, STANDALONE=38135], networkLocation: /default-rack, certSerialId: null, persistedOpState: IN_SERVICE, persistedOpStateExpiryEpochSec: 0}c8bfac46-0061-4906-a354-59c2fa211c25{ip: 10.1.1.33, host: fv-az453-211.hss2zji4abbufegd5wcf2so25h.dx.internal.cloudapp.net, ports: [REPLICATION=33399, RATIS=41215, RATIS_ADMIN=41215, RATIS_SERVER=41215, STANDALONE=43477], networkLocation: /default-rack, certSerialId: null, persistedOpState: IN_SERVICE, persistedOpStateExpiryEpochSec: 0}, ReplicationConfig: RATIS/THREE, State:ALLOCATED, leaderId:, CreationTimestamp2022-11-24T06:39:08.034Z[Etc/UTC]] moved to CLOSED state
2022-11-24 06:39:13,984 [c8bfac46-0061-4906-a354-59c2fa211c25@group-A067BC3D260C-FollowerState] INFO  impl.FollowerState (FollowerState.java:run(143)) - c8bfac46-0061-4906-a354-59c2fa211c25@group-A067BC3D260C-FollowerState: change to CANDIDATE, lastRpcElapsedTime:5020758322ns, electionTimeout:5015ms
2022-11-24 06:39:13,985 [c8bfac46-0061-4906-a354-59c2fa211c25@group-A067BC3D260C-FollowerState] INFO  impl.RoleInfo (RoleInfo.java:shutdownFollowerState(110)) - c8bfac46-0061-4906-a354-59c2fa211c25: shutdown c8bfac46-0061-4906-a354-59c2fa211c25@group-A067BC3D260C-FollowerState
2022-11-24 06:39:13,986 [c8bfac46-0061-4906-a354-59c2fa211c25@group-A067BC3D260C-FollowerState] INFO  server.RaftServer$Division (RaftServerImpl.java:setRole(321)) - c8bfac46-0061-4906-a354-59c2fa211c25@group-A067BC3D260C: changes role from  FOLLOWER to CANDIDATE at term 0 for changeToCandidate
2022-11-24 06:39:13,986 [c8bfac46-0061-4906-a354-59c2fa211c25@group-A067BC3D260C-FollowerState] INFO  server.RaftServerConfigKeys (ConfUtils.java:logGet(46)) - raft.server.leaderelection.pre-vote = false (custom)
2022-11-24 06:39:13,986 [c8bfac46-0061-4906-a354-59c2fa211c25@group-A067BC3D260C-FollowerState] INFO  impl.RoleInfo (RoleInfo.java:updateAndGet(139)) - c8bfac46-0061-4906-a354-59c2fa211c25: start c8bfac46-0061-4906-a354-59c2fa211c25@group-A067BC3D260C-LeaderElection29
2022-11-24 06:39:14,002 [4949dc81-86be-4926-96a6-534c5c5588ca@group-A067BC3D260C-FollowerState] INFO  impl.FollowerState (FollowerState.java:run(143)) - 4949dc81-86be-4926-96a6-534c5c5588ca@group-A067BC3D260C-FollowerState: change to CANDIDATE, lastRpcElapsedTime:5070460591ns, electionTimeout:5066ms
2022-11-24 06:39:14,003 [4949dc81-86be-4926-96a6-534c5c5588ca@group-A067BC3D260C-FollowerState] INFO  impl.RoleInfo (RoleInfo.java:shutdownFollowerState(110)) - 4949dc81-86be-4926-96a6-534c5c5588ca: shutdown 4949dc81-86be-4926-96a6-534c5c5588ca@group-A067BC3D260C-FollowerState
2022-11-24 06:39:14,003 [4949dc81-86be-4926-96a6-534c5c5588ca@group-A067BC3D260C-FollowerState] INFO  server.RaftServer$Division (RaftServerImpl.java:setRole(321)) - 4949dc81-86be-4926-96a6-534c5c5588ca@group-A067BC3D260C: changes role from  FOLLOWER to CANDIDATE at term 0 for changeToCandidate
2022-11-24 06:39:14,004 [4949dc81-86be-4926-96a6-534c5c5588ca@group-A067BC3D260C-FollowerState] INFO  server.RaftServerConfigKeys (ConfUtils.java:logGet(46)) - raft.server.leaderelection.pre-vote = false (custom)
2022-11-24 06:39:14,004 [4949dc81-86be-4926-96a6-534c5c5588ca@group-A067BC3D260C-FollowerState] INFO  impl.RoleInfo (RoleInfo.java:updateAndGet(139)) - 4949dc81-86be-4926-96a6-534c5c5588ca: start 4949dc81-86be-4926-96a6-534c5c5588ca@group-A067BC3D260C-LeaderElection30
2022-11-24 06:39:14,008 [c8bfac46-0061-4906-a354-59c2fa211c25@group-A067BC3D260C-LeaderElection29] INFO  impl.LeaderElection (LeaderElection.java:askForVotes(312)) - c8bfac46-0061-4906-a354-59c2fa211c25@group-A067BC3D260C-LeaderElection29 ELECTION round 0: submit vote requests at term 1 for -1: peers:[4949dc81-86be-4926-96a6-534c5c5588ca|rpc:10.1.1.33:45371|dataStream:|priority:1|startupRole:FOLLOWER, 8af73eb1-79e8-42bd-81b7-d22b4389184f|rpc:10.1.1.33:44141|dataStream:|priority:0|startupRole:FOLLOWER, c8bfac46-0061-4906-a354-59c2fa211c25|rpc:10.1.1.33:41215|dataStream:|priority:0|startupRole:FOLLOWER]|listeners:[], old=null
2022-11-24 06:39:14,019 [c8bfac46-0061-4906-a354-59c2fa211c25@group-A067BC3D260C-LeaderElection29-1] INFO  server.GrpcServerProtocolClient (GrpcServerProtocolClient.java:<init>(63)) - Build channel for 4949dc81-86be-4926-96a6-534c5c5588ca
2022-11-24 06:39:14,019 [c8bfac46-0061-4906-a354-59c2fa211c25@group-A067BC3D260C-LeaderElection29] INFO  server.RaftServerConfigKeys (ConfUtils.java:logFallback(53)) - raft.server.rpc.first-election.timeout.min = 5s (fallback to raft.server.rpc.timeout.min)
2022-11-24 06:39:14,020 [c8bfac46-0061-4906-a354-59c2fa211c25@group-A067BC3D260C-LeaderElection29] INFO  server.RaftServerConfigKeys (ConfUtils.java:logFallback(53)) - raft.server.rpc.first-election.timeout.max = 5200ms (fallback to raft.server.rpc.timeout.max)
2022-11-24 06:39:14,026 [c8bfac46-0061-4906-a354-59c2fa211c25@group-A067BC3D260C-LeaderElection29] INFO  impl.LeaderElection (LogUtils.java:infoOrTrace(137)) - c8bfac46-0061-4906-a354-59c2fa211c25@group-A067BC3D260C-LeaderElection29 got exception when requesting votes: java.util.concurrent.ExecutionException: org.apache.ratis.thirdparty.io.grpc.StatusRuntimeException: UNAVAILABLE: io exception
2022-11-24 06:39:14,031 [4949dc81-86be-4926-96a6-534c5c5588ca@group-A067BC3D260C-LeaderElection30] INFO  impl.LeaderElection (LeaderElection.java:askForVotes(312)) - 4949dc81-86be-4926-96a6-534c5c5588ca@group-A067BC3D260C-LeaderElection30 ELECTION round 0: submit vote requests at term 1 for -1: peers:[4949dc81-86be-4926-96a6-534c5c5588ca|rpc:10.1.1.33:45371|dataStream:|priority:1|startupRole:FOLLOWER, 8af73eb1-79e8-42bd-81b7-d22b4389184f|rpc:10.1.1.33:44141|dataStream:|priority:0|startupRole:FOLLOWER, c8bfac46-0061-4906-a354-59c2fa211c25|rpc:10.1.1.33:41215|dataStream:|priority:0|startupRole:FOLLOWER]|listeners:[], old=null
2022-11-24 06:39:14,033 [4949dc81-86be-4926-96a6-534c5c5588ca@group-A067BC3D260C-LeaderElection30-1] INFO  server.GrpcServerProtocolClient (GrpcServerProtocolClient.java:<init>(63)) - Build channel for 8af73eb1-79e8-42bd-81b7-d22b4389184f
2022-11-24 06:39:14,036 [4949dc81-86be-4926-96a6-534c5c5588ca@group-A067BC3D260C-LeaderElection30] INFO  server.RaftServerConfigKeys (ConfUtils.java:logFallback(53)) - raft.server.rpc.first-election.timeout.min = 5s (fallback to raft.server.rpc.timeout.min)
2022-11-24 06:39:14,036 [4949dc81-86be-4926-96a6-534c5c5588ca@group-A067BC3D260C-LeaderElection30] INFO  server.RaftServerConfigKeys (ConfUtils.java:logFallback(53)) - raft.server.rpc.first-election.timeout.max = 5200ms (fallback to raft.server.rpc.timeout.max)
2022-11-24 06:39:14,037 [4949dc81-86be-4926-96a6-534c5c5588ca@group-A067BC3D260C-LeaderElection30-2] INFO  server.GrpcServerProtocolClient (GrpcServerProtocolClient.java:<init>(63)) - Build channel for c8bfac46-0061-4906-a354-59c2fa211c25
2022-11-24 06:39:14,062 [grpc-default-executor-3] INFO  server.RaftServer$Division (RaftServerImpl.java:requestVote(1218)) - 4949dc81-86be-4926-96a6-534c5c5588ca@group-A067BC3D260C: receive requestVote(ELECTION, c8bfac46-0061-4906-a354-59c2fa211c25, group-A067BC3D260C, 1, (t:0, i:0))
2022-11-24 06:39:14,062 [grpc-default-executor-3] INFO  impl.VoteContext (VoteContext.java:log(48)) - 4949dc81-86be-4926-96a6-534c5c5588ca@group-A067BC3D260C-CANDIDATE: reject ELECTION from c8bfac46-0061-4906-a354-59c2fa211c25: already has voted for 4949dc81-86be-4926-96a6-534c5c5588ca at current term 1
2022-11-24 06:39:14,062 [grpc-default-executor-3] INFO  server.RaftServer$Division (RaftServerImpl.java:requestVote(1251)) - 4949dc81-86be-4926-96a6-534c5c5588ca@group-A067BC3D260C replies to ELECTION vote request: c8bfac46-0061-4906-a354-59c2fa211c25<-4949dc81-86be-4926-96a6-534c5c5588ca#0:FAIL-t1. Peer's state: 4949dc81-86be-4926-96a6-534c5c5588ca@group-A067BC3D260C:t1, leader=null, voted=4949dc81-86be-4926-96a6-534c5c5588ca, raftlog=Memoized:4949dc81-86be-4926-96a6-534c5c5588ca@group-A067BC3D260C-SegmentedRaftLog:OPENED:c-1, conf=-1: peers:[4949dc81-86be-4926-96a6-534c5c5588ca|rpc:10.1.1.33:45371|dataStream:|priority:1|startupRole:FOLLOWER, 8af73eb1-79e8-42bd-81b7-d22b4389184f|rpc:10.1.1.33:44141|dataStream:|priority:0|startupRole:FOLLOWER, c8bfac46-0061-4906-a354-59c2fa211c25|rpc:10.1.1.33:41215|dataStream:|priority:0|startupRole:FOLLOWER]|listeners:[], old=null
2022-11-24 06:39:14,067 [c8bfac46-0061-4906-a354-59c2fa211c25@group-A067BC3D260C-LeaderElection29] INFO  impl.LeaderElection (LeaderElection.java:logAndReturn(90)) - c8bfac46-0061-4906-a354-59c2fa211c25@group-A067BC3D260C-LeaderElection29: ELECTION REJECTED received 1 response(s) and 1 exception(s):
2022-11-24 06:39:14,067 [c8bfac46-0061-4906-a354-59c2fa211c25@group-A067BC3D260C-LeaderElection29] INFO  impl.LeaderElection (LeaderElection.java:logAndReturn(94)) -   Response 0: c8bfac46-0061-4906-a354-59c2fa211c25<-4949dc81-86be-4926-96a6-534c5c5588ca#0:FAIL-t1
2022-11-24 06:39:14,067 [c8bfac46-0061-4906-a354-59c2fa211c25@group-A067BC3D260C-LeaderElection29] INFO  impl.LeaderElection (LogUtils.java:infoOrTrace(137)) -   Exception 1: java.util.concurrent.ExecutionException: org.apache.ratis.thirdparty.io.grpc.StatusRuntimeException: UNAVAILABLE: io exception
2022-11-24 06:39:14,067 [c8bfac46-0061-4906-a354-59c2fa211c25@group-A067BC3D260C-LeaderElection29] INFO  impl.LeaderElection (LeaderElection.java:askForVotes(314)) - c8bfac46-0061-4906-a354-59c2fa211c25@group-A067BC3D260C-LeaderElection29 ELECTION round 0: result REJECTED
2022-11-24 06:39:14,067 [c8bfac46-0061-4906-a354-59c2fa211c25@group-A067BC3D260C-LeaderElection29] INFO  server.RaftServer$Division (RaftServerImpl.java:setRole(321)) - c8bfac46-0061-4906-a354-59c2fa211c25@group-A067BC3D260C: changes role from CANDIDATE to FOLLOWER at term 1 for REJECTED
2022-11-24 06:39:14,067 [c8bfac46-0061-4906-a354-59c2fa211c25@group-A067BC3D260C-LeaderElection29] INFO  impl.RoleInfo (RoleInfo.java:shutdownLeaderElection(130)) - c8bfac46-0061-4906-a354-59c2fa211c25: shutdown c8bfac46-0061-4906-a354-59c2fa211c25@group-A067BC3D260C-LeaderElection29
2022-11-24 06:39:14,067 [c8bfac46-0061-4906-a354-59c2fa211c25@group-A067BC3D260C-LeaderElection29] INFO  impl.RoleInfo (RoleInfo.java:updateAndGet(139)) - c8bfac46-0061-4906-a354-59c2fa211c25: start c8bfac46-0061-4906-a354-59c2fa211c25@group-A067BC3D260C-FollowerState
2022-11-24 06:39:14,073 [grpc-default-executor-0] INFO  server.RaftServer$Division (RaftServerImpl.java:requestVote(1218)) - c8bfac46-0061-4906-a354-59c2fa211c25@group-A067BC3D260C: receive requestVote(ELECTION, 4949dc81-86be-4926-96a6-534c5c5588ca, group-A067BC3D260C, 1, (t:0, i:0))
2022-11-24 06:39:14,076 [grpc-default-executor-0] INFO  impl.VoteContext (VoteContext.java:log(48)) - c8bfac46-0061-4906-a354-59c2fa211c25@group-A067BC3D260C-FOLLOWER: reject ELECTION from 4949dc81-86be-4926-96a6-534c5c5588ca: already has voted for c8bfac46-0061-4906-a354-59c2fa211c25 at current term 1
2022-11-24 06:39:14,076 [grpc-default-executor-0] INFO  server.RaftServer$Division (RaftServerImpl.java:requestVote(1251)) - c8bfac46-0061-4906-a354-59c2fa211c25@group-A067BC3D260C replies to ELECTION vote request: 4949dc81-86be-4926-96a6-534c5c5588ca<-c8bfac46-0061-4906-a354-59c2fa211c25#0:FAIL-t1. Peer's state: c8bfac46-0061-4906-a354-59c2fa211c25@group-A067BC3D260C:t1, leader=null, voted=c8bfac46-0061-4906-a354-59c2fa211c25, raftlog=Memoized:c8bfac46-0061-4906-a354-59c2fa211c25@group-A067BC3D260C-SegmentedRaftLog:OPENED:c-1, conf=-1: peers:[4949dc81-86be-4926-96a6-534c5c5588ca|rpc:10.1.1.33:45371|dataStream:|priority:1|startupRole:FOLLOWER, 8af73eb1-79e8-42bd-81b7-d22b4389184f|rpc:10.1.1.33:44141|dataStream:|priority:0|startupRole:FOLLOWER, c8bfac46-0061-4906-a354-59c2fa211c25|rpc:10.1.1.33:41215|dataStream:|priority:0|startupRole:FOLLOWER]|listeners:[], old=null
2022-11-24 06:39:14,079 [4949dc81-86be-4926-96a6-534c5c5588ca@group-A067BC3D260C-LeaderElection30] INFO  impl.LeaderElection (LogUtils.java:infoOrTrace(137)) - 4949dc81-86be-4926-96a6-534c5c5588ca@group-A067BC3D260C-LeaderElection30 got exception when requesting votes: java.util.concurrent.ExecutionException: org.apache.ratis.thirdparty.io.grpc.StatusRuntimeException: UNAVAILABLE: io exception
2022-11-24 06:39:14,079 [4949dc81-86be-4926-96a6-534c5c5588ca@group-A067BC3D260C-LeaderElection30] INFO  impl.LeaderElection (LeaderElection.java:logAndReturn(90)) - 4949dc81-86be-4926-96a6-534c5c5588ca@group-A067BC3D260C-LeaderElection30: ELECTION REJECTED received 1 response(s) and 1 exception(s):
2022-11-24 06:39:14,079 [4949dc81-86be-4926-96a6-534c5c5588ca@group-A067BC3D260C-LeaderElection30] INFO  impl.LeaderElection (LeaderElection.java:logAndReturn(94)) -   Response 0: 4949dc81-86be-4926-96a6-534c5c5588ca<-c8bfac46-0061-4906-a354-59c2fa211c25#0:FAIL-t1
2022-11-24 06:39:14,079 [4949dc81-86be-4926-96a6-534c5c5588ca@group-A067BC3D260C-LeaderElection30] INFO  impl.LeaderElection (LogUtils.java:infoOrTrace(137)) -   Exception 1: java.util.concurrent.ExecutionException: org.apache.ratis.thirdparty.io.grpc.StatusRuntimeException: UNAVAILABLE: io exception
2022-11-24 06:39:14,079 [4949dc81-86be-4926-96a6-534c5c5588ca@group-A067BC3D260C-LeaderElection30] INFO  impl.LeaderElection (LeaderElection.java:askForVotes(314)) - 4949dc81-86be-4926-96a6-534c5c5588ca@group-A067BC3D260C-LeaderElection30 ELECTION round 0: result REJECTED
2022-11-24 06:39:14,079 [4949dc81-86be-4926-96a6-534c5c5588ca@group-A067BC3D260C-LeaderElection30] INFO  server.RaftServer$Division (RaftServerImpl.java:setRole(321)) - 4949dc81-86be-4926-96a6-534c5c5588ca@group-A067BC3D260C: changes role from CANDIDATE to FOLLOWER at term 1 for REJECTED
2022-11-24 06:39:14,080 [4949dc81-86be-4926-96a6-534c5c5588ca@group-A067BC3D260C-LeaderElection30] INFO  impl.RoleInfo (RoleInfo.java:shutdownLeaderElection(130)) - 4949dc81-86be-4926-96a6-534c5c5588ca: shutdown 4949dc81-86be-4926-96a6-534c5c5588ca@group-A067BC3D260C-LeaderElection30
2022-11-24 06:39:14,080 [4949dc81-86be-4926-96a6-534c5c5588ca@group-A067BC3D260C-LeaderElection30] INFO  impl.RoleInfo (RoleInfo.java:updateAndGet(139)) - 4949dc81-86be-4926-96a6-534c5c5588ca: start 4949dc81-86be-4926-96a6-534c5c5588ca@group-A067BC3D260C-FollowerState
2022-11-24 06:39:14,080 [c8bfac46-0061-4906-a354-59c2fa211c25@group-A067BC3D260C-FollowerState] INFO  server.RaftServerConfigKeys (ConfUtils.java:logFallback(53)) - raft.server.rpc.first-election.timeout.min = 5s (fallback to raft.server.rpc.timeout.min)
2022-11-24 06:39:14,081 [c8bfac46-0061-4906-a354-59c2fa211c25@group-A067BC3D260C-FollowerState] INFO  server.RaftServerConfigKeys (ConfUtils.java:logFallback(53)) - raft.server.rpc.first-election.timeout.max = 5200ms (fallback to raft.server.rpc.timeout.max)
2022-11-24 06:39:14,083 [4949dc81-86be-4926-96a6-534c5c5588ca@group-A067BC3D260C-FollowerState] INFO  server.RaftServerConfigKeys (ConfUtils.java:logFallback(53)) - raft.server.rpc.first-election.timeout.min = 5s (fallback to raft.server.rpc.timeout.min)
2022-11-24 06:39:14,083 [4949dc81-86be-4926-96a6-534c5c5588ca@group-A067BC3D260C-FollowerState] INFO  server.RaftServerConfigKeys (ConfUtils.java:logFallback(53)) - raft.server.rpc.first-election.timeout.max = 5200ms (fallback to raft.server.rpc.timeout.max)
2022-11-24 06:39:14,159 [4949dc81-86be-4926-96a6-534c5c5588ca@group-A46A7F7EB5CD-FollowerState] INFO  impl.FollowerState (FollowerState.java:run(143)) - 4949dc81-86be-4926-96a6-534c5c5588ca@group-A46A7F7EB5CD-FollowerState: change to CANDIDATE, lastRpcElapsedTime:5124503252ns, electionTimeout:5123ms
2022-11-24 06:39:14,160 [4949dc81-86be-4926-96a6-534c5c5588ca@group-A46A7F7EB5CD-FollowerState] INFO  impl.RoleInfo (RoleInfo.java:shutdownFollowerState(110)) - 4949dc81-86be-4926-96a6-534c5c5588ca: shutdown 4949dc81-86be-4926-96a6-534c5c5588ca@group-A46A7F7EB5CD-FollowerState
2022-11-24 06:39:14,160 [4949dc81-86be-4926-96a6-534c5c5588ca@group-A46A7F7EB5CD-FollowerState] INFO  server.RaftServer$Division (RaftServerImpl.java:setRole(321)) - 4949dc81-86be-4926-96a6-534c5c5588ca@group-A46A7F7EB5CD: changes role from  FOLLOWER to CANDIDATE at term 0 for changeToCandidate
2022-11-24 06:39:14,160 [4949dc81-86be-4926-96a6-534c5c5588ca@group-A46A7F7EB5CD-FollowerState] INFO  server.RaftServerConfigKeys (ConfUtils.java:logGet(46)) - raft.server.leaderelection.pre-vote = false (custom)
2022-11-24 06:39:14,160 [4949dc81-86be-4926-96a6-534c5c5588ca@group-A46A7F7EB5CD-FollowerState] INFO  impl.RoleInfo (RoleInfo.java:updateAndGet(139)) - 4949dc81-86be-4926-96a6-534c5c5588ca: start 4949dc81-86be-4926-96a6-534c5c5588ca@group-A46A7F7EB5CD-LeaderElection31
2022-11-24 06:39:14,169 [4949dc81-86be-4926-96a6-534c5c5588ca@group-A46A7F7EB5CD-LeaderElection31] INFO  impl.LeaderElection (LeaderElection.java:askForVotes(312)) - 4949dc81-86be-4926-96a6-534c5c5588ca@group-A46A7F7EB5CD-LeaderElection31 ELECTION round 0: submit vote requests at term 1 for -1: peers:[4949dc81-86be-4926-96a6-534c5c5588ca|rpc:10.1.1.33:45371|dataStream:|priority:0|startupRole:FOLLOWER, 8af73eb1-79e8-42bd-81b7-d22b4389184f|rpc:10.1.1.33:44141|dataStream:|priority:1|startupRole:FOLLOWER, c8bfac46-0061-4906-a354-59c2fa211c25|rpc:10.1.1.33:41215|dataStream:|priority:0|startupRole:FOLLOWER]|listeners:[], old=null
2022-11-24 06:39:14,173 [4949dc81-86be-4926-96a6-534c5c5588ca@group-A46A7F7EB5CD-LeaderElection31] INFO  server.RaftServerConfigKeys (ConfUtils.java:logFallback(53)) - raft.server.rpc.first-election.timeout.min = 5s (fallback to raft.server.rpc.timeout.min)
2022-11-24 06:39:14,174 [4949dc81-86be-4926-96a6-534c5c5588ca@group-A46A7F7EB5CD-LeaderElection31] INFO  server.RaftServerConfigKeys (ConfUtils.java:logFallback(53)) - raft.server.rpc.first-election.timeout.max = 5200ms (fallback to raft.server.rpc.timeout.max)
2022-11-24 06:39:14,174 [4949dc81-86be-4926-96a6-534c5c5588ca@group-A46A7F7EB5CD-LeaderElection31] INFO  impl.LeaderElection (LogUtils.java:infoOrTrace(137)) - 4949dc81-86be-4926-96a6-534c5c5588ca@group-A46A7F7EB5CD-LeaderElection31 got exception when requesting votes: java.util.concurrent.ExecutionException: org.apache.ratis.thirdparty.io.grpc.StatusRuntimeException: UNAVAILABLE: io exception
2022-11-24 06:39:14,178 [grpc-default-executor-0] INFO  server.RaftServer$Division (RaftServerImpl.java:requestVote(1218)) - c8bfac46-0061-4906-a354-59c2fa211c25@group-A46A7F7EB5CD: receive requestVote(ELECTION, 4949dc81-86be-4926-96a6-534c5c5588ca, group-A46A7F7EB5CD, 1, (t:0, i:0))
2022-11-24 06:39:14,178 [grpc-default-executor-0] INFO  impl.VoteContext (VoteContext.java:log(48)) - c8bfac46-0061-4906-a354-59c2fa211c25@group-A46A7F7EB5CD-FOLLOWER: accept ELECTION from 4949dc81-86be-4926-96a6-534c5c5588ca: our priority 0 <= candidate's priority 0
2022-11-24 06:39:14,178 [grpc-default-executor-0] INFO  server.RaftServer$Division (RaftServerImpl.java:setRole(321)) - c8bfac46-0061-4906-a354-59c2fa211c25@group-A46A7F7EB5CD: changes role from  FOLLOWER to FOLLOWER at term 1 for candidate:4949dc81-86be-4926-96a6-534c5c5588ca
2022-11-24 06:39:14,178 [grpc-default-executor-0] INFO  impl.RoleInfo (RoleInfo.java:shutdownFollowerState(110)) - c8bfac46-0061-4906-a354-59c2fa211c25: shutdown c8bfac46-0061-4906-a354-59c2fa211c25@group-A46A7F7EB5CD-FollowerState
2022-11-24 06:39:14,178 [grpc-default-executor-0] INFO  impl.RoleInfo (RoleInfo.java:updateAndGet(139)) - c8bfac46-0061-4906-a354-59c2fa211c25: start c8bfac46-0061-4906-a354-59c2fa211c25@group-A46A7F7EB5CD-FollowerState
2022-11-24 06:39:14,178 [c8bfac46-0061-4906-a354-59c2fa211c25@group-A46A7F7EB5CD-FollowerState] INFO  impl.FollowerState (FollowerState.java:run(152)) - c8bfac46-0061-4906-a354-59c2fa211c25@group-A46A7F7EB5CD-FollowerState was interrupted
2022-11-24 06:39:14,188 [grpc-default-executor-0] INFO  server.RaftServer$Division (RaftServerImpl.java:requestVote(1251)) - c8bfac46-0061-4906-a354-59c2fa211c25@group-A46A7F7EB5CD replies to ELECTION vote request: 4949dc81-86be-4926-96a6-534c5c5588ca<-c8bfac46-0061-4906-a354-59c2fa211c25#0:OK-t1. Peer's state: c8bfac46-0061-4906-a354-59c2fa211c25@group-A46A7F7EB5CD:t1, leader=null, voted=4949dc81-86be-4926-96a6-534c5c5588ca, raftlog=Memoized:c8bfac46-0061-4906-a354-59c2fa211c25@group-A46A7F7EB5CD-SegmentedRaftLog:OPENED:c-1, conf=-1: peers:[4949dc81-86be-4926-96a6-534c5c5588ca|rpc:10.1.1.33:45371|dataStream:|priority:0|startupRole:FOLLOWER, 8af73eb1-79e8-42bd-81b7-d22b4389184f|rpc:10.1.1.33:44141|dataStream:|priority:1|startupRole:FOLLOWER, c8bfac46-0061-4906-a354-59c2fa211c25|rpc:10.1.1.33:41215|dataStream:|priority:0|startupRole:FOLLOWER]|listeners:[], old=null
2022-11-24 06:39:14,190 [c8bfac46-0061-4906-a354-59c2fa211c25@group-A46A7F7EB5CD-FollowerState] INFO  server.RaftServerConfigKeys (ConfUtils.java:logFallback(53)) - raft.server.rpc.first-election.timeout.min = 5s (fallback to raft.server.rpc.timeout.min)
2022-11-24 06:39:14,191 [c8bfac46-0061-4906-a354-59c2fa211c25@group-A46A7F7EB5CD-FollowerState] INFO  server.RaftServerConfigKeys (ConfUtils.java:logFallback(53)) - raft.server.rpc.first-election.timeout.max = 5200ms (fallback to raft.server.rpc.timeout.max)
2022-11-24 06:39:14,192 [4949dc81-86be-4926-96a6-534c5c5588ca@group-A46A7F7EB5CD-LeaderElection31] INFO  impl.LeaderElection (LeaderElection.java:logAndReturn(90)) - 4949dc81-86be-4926-96a6-534c5c5588ca@group-A46A7F7EB5CD-LeaderElection31: ELECTION PASSED received 1 response(s) and 1 exception(s):
2022-11-24 06:39:14,192 [4949dc81-86be-4926-96a6-534c5c5588ca@group-A46A7F7EB5CD-LeaderElection31] INFO  impl.LeaderElection (LeaderElection.java:logAndReturn(94)) -   Response 0: 4949dc81-86be-4926-96a6-534c5c5588ca<-c8bfac46-0061-4906-a354-59c2fa211c25#0:OK-t1
2022-11-24 06:39:14,192 [4949dc81-86be-4926-96a6-534c5c5588ca@group-A46A7F7EB5CD-LeaderElection31] INFO  impl.LeaderElection (LogUtils.java:infoOrTrace(137)) -   Exception 1: java.util.concurrent.ExecutionException: org.apache.ratis.thirdparty.io.grpc.StatusRuntimeException: UNAVAILABLE: io exception
2022-11-24 06:39:14,192 [4949dc81-86be-4926-96a6-534c5c5588ca@group-A46A7F7EB5CD-LeaderElection31] INFO  impl.LeaderElection (LeaderElection.java:askForVotes(314)) - 4949dc81-86be-4926-96a6-534c5c5588ca@group-A46A7F7EB5CD-LeaderElection31 ELECTION round 0: result PASSED
2022-11-24 06:39:14,193 [4949dc81-86be-4926-96a6-534c5c5588ca@group-A46A7F7EB5CD-LeaderElection31] INFO  impl.RoleInfo (RoleInfo.java:shutdownLeaderElection(130)) - 4949dc81-86be-4926-96a6-534c5c5588ca: shutdown 4949dc81-86be-4926-96a6-534c5c5588ca@group-A46A7F7EB5CD-LeaderElection31
2022-11-24 06:39:14,193 [4949dc81-86be-4926-96a6-534c5c5588ca@group-A46A7F7EB5CD-LeaderElection31] INFO  server.RaftServer$Division (RaftServerImpl.java:setRole(321)) - 4949dc81-86be-4926-96a6-534c5c5588ca@group-A46A7F7EB5CD: changes role from CANDIDATE to LEADER at term 1 for changeToLeader
2022-11-24 06:39:14,193 [4949dc81-86be-4926-96a6-534c5c5588ca@group-A46A7F7EB5CD-LeaderElection31] INFO  ratis.XceiverServerRatis (XceiverServerRatis.java:handleLeaderChangedNotification(863)) - Leader change notification received for group: group-A46A7F7EB5CD with new leaderId: 4949dc81-86be-4926-96a6-534c5c5588ca
2022-11-24 06:39:14,194 [4949dc81-86be-4926-96a6-534c5c5588ca@group-A46A7F7EB5CD-LeaderElection31] INFO  server.RaftServer$Division (ServerState.java:setLeader(313)) - 4949dc81-86be-4926-96a6-534c5c5588ca@group-A46A7F7EB5CD: change Leader from null to 4949dc81-86be-4926-96a6-534c5c5588ca at term 1 for becomeLeader, leader elected after 5172ms
2022-11-24 06:39:14,194 [4949dc81-86be-4926-96a6-534c5c5588ca@group-A46A7F7EB5CD-LeaderElection31] INFO  server.RaftServerConfigKeys (ConfUtils.java:logGet(46)) - raft.server.staging.catchup.gap = 1000 (default)
2022-11-24 06:39:14,195 [4949dc81-86be-4926-96a6-534c5c5588ca@group-A46A7F7EB5CD-LeaderElection31] INFO  server.RaftServerConfigKeys (ConfUtils.java:logGet(46)) - raft.server.write.element-limit = 1024 (custom)
2022-11-24 06:39:14,195 [4949dc81-86be-4926-96a6-534c5c5588ca@group-A46A7F7EB5CD-LeaderElection31] INFO  server.RaftServerConfigKeys (ConfUtils.java:logGet(46)) - raft.server.write.byte-limit = 1024 M (=1073741824) (custom)
2022-11-24 06:39:14,196 [4949dc81-86be-4926-96a6-534c5c5588ca@group-A46A7F7EB5CD-LeaderElection31] INFO  server.RaftServerConfigKeys (ConfUtils.java:logGet(46)) - raft.server.watch.timeout = 180s (custom)
2022-11-24 06:39:14,196 [4949dc81-86be-4926-96a6-534c5c5588ca@group-A46A7F7EB5CD-LeaderElection31] INFO  server.RaftServerConfigKeys (ConfUtils.java:logGet(46)) - raft.server.watch.timeout.denomination = 1s (default)
2022-11-24 06:39:14,198 [4949dc81-86be-4926-96a6-534c5c5588ca@group-A46A7F7EB5CD-LeaderElection31] INFO  server.RaftServerConfigKeys (ConfUtils.java:logGet(46)) - raft.server.watch.element-limit = 65536 (default)
2022-11-24 06:39:14,198 [4949dc81-86be-4926-96a6-534c5c5588ca@group-A46A7F7EB5CD-LeaderElection31] INFO  server.RaftServerConfigKeys (ConfUtils.java:logGet(46)) - raft.server.write.element-limit = 1024 (custom)
2022-11-24 06:39:14,198 [4949dc81-86be-4926-96a6-534c5c5588ca@group-A46A7F7EB5CD-LeaderElection31] INFO  server.RaftServerConfigKeys (ConfUtils.java:logGet(46)) - raft.server.write.follower.gap.ratio.max = -1.0 (default)
2022-11-24 06:39:14,199 [4949dc81-86be-4926-96a6-534c5c5588ca@group-A46A7F7EB5CD-LeaderElection31] INFO  server.RaftServerConfigKeys (ConfUtils.java:logGet(46)) - raft.server.log.appender.snapshot.chunk.size.max = 16MB (=16777216) (default)
2022-11-24 06:39:14,200 [4949dc81-86be-4926-96a6-534c5c5588ca@group-A46A7F7EB5CD-LeaderElection31] INFO  server.RaftServerConfigKeys (ConfUtils.java:logGet(46)) - raft.server.log.appender.buffer.byte-limit = 33554432 (custom)
2022-11-24 06:39:14,200 [4949dc81-86be-4926-96a6-534c5c5588ca@group-A46A7F7EB5CD-LeaderElection31] INFO  server.RaftServerConfigKeys (ConfUtils.java:logGet(46)) - raft.server.log.appender.buffer.element-limit = 1 (custom)
2022-11-24 06:39:14,200 [4949dc81-86be-4926-96a6-534c5c5588ca@group-A46A7F7EB5CD-LeaderElection31] INFO  grpc.GrpcConfigKeys (ConfUtils.java:logGet(46)) - raft.grpc.server.leader.outstanding.appends.max = 128 (default)
2022-11-24 06:39:14,200 [4949dc81-86be-4926-96a6-534c5c5588ca@group-A46A7F7EB5CD-LeaderElection31] INFO  server.RaftServerConfigKeys (ConfUtils.java:logGet(46)) - raft.server.rpc.request.timeout = 60s (custom)
2022-11-24 06:39:14,200 [4949dc81-86be-4926-96a6-534c5c5588ca@group-A46A7F7EB5CD-LeaderElection31] INFO  server.RaftServerConfigKeys (ConfUtils.java:logGet(46)) - raft.server.log.appender.install.snapshot.enabled = false (custom)
2022-11-24 06:39:14,201 [4949dc81-86be-4926-96a6-534c5c5588ca@group-A46A7F7EB5CD-LeaderElection31] INFO  grpc.GrpcConfigKeys (ConfUtils.java:logGet(46)) - raft.grpc.server.heartbeat.channel = true (default)
2022-11-24 06:39:14,201 [4949dc81-86be-4926-96a6-534c5c5588ca@group-A46A7F7EB5CD-LeaderElection31] INFO  server.RaftServerConfigKeys (ConfUtils.java:logGet(46)) - raft.server.log.appender.wait-time.min = 10ms (default)
2022-11-24 06:39:14,205 [4949dc81-86be-4926-96a6-534c5c5588ca@group-A46A7F7EB5CD-LeaderElection31] INFO  server.RaftServerConfigKeys (ConfUtils.java:logGet(46)) - raft.server.log.appender.snapshot.chunk.size.max = 16MB (=16777216) (default)
2022-11-24 06:39:14,206 [4949dc81-86be-4926-96a6-534c5c5588ca@group-A46A7F7EB5CD-LeaderElection31] INFO  server.RaftServerConfigKeys (ConfUtils.java:logGet(46)) - raft.server.log.appender.buffer.byte-limit = 33554432 (custom)
2022-11-24 06:39:14,206 [4949dc81-86be-4926-96a6-534c5c5588ca@group-A46A7F7EB5CD-LeaderElection31] INFO  server.RaftServerConfigKeys (ConfUtils.java:logGet(46)) - raft.server.log.appender.buffer.element-limit = 1 (custom)
2022-11-24 06:39:14,206 [4949dc81-86be-4926-96a6-534c5c5588ca@group-A46A7F7EB5CD-LeaderElection31] INFO  grpc.GrpcConfigKeys (ConfUtils.java:logGet(46)) - raft.grpc.server.leader.outstanding.appends.max = 128 (default)
2022-11-24 06:39:14,206 [4949dc81-86be-4926-96a6-534c5c5588ca@group-A46A7F7EB5CD-LeaderElection31] INFO  server.RaftServerConfigKeys (ConfUtils.java:logGet(46)) - raft.server.rpc.request.timeout = 60s (custom)
2022-11-24 06:39:14,207 [4949dc81-86be-4926-96a6-534c5c5588ca@group-A46A7F7EB5CD-LeaderElection31] INFO  server.RaftServerConfigKeys (ConfUtils.java:logGet(46)) - raft.server.log.appender.install.snapshot.enabled = false (custom)
2022-11-24 06:39:14,207 [4949dc81-86be-4926-96a6-534c5c5588ca@group-A46A7F7EB5CD-LeaderElection31] INFO  grpc.GrpcConfigKeys (ConfUtils.java:logGet(46)) - raft.grpc.server.heartbeat.channel = true (default)
2022-11-24 06:39:14,207 [4949dc81-86be-4926-96a6-534c5c5588ca@group-A46A7F7EB5CD-LeaderElection31] INFO  server.RaftServerConfigKeys (ConfUtils.java:logGet(46)) - raft.server.log.appender.wait-time.min = 10ms (default)
2022-11-24 06:39:14,208 [4949dc81-86be-4926-96a6-534c5c5588ca@group-A46A7F7EB5CD-LeaderElection31] INFO  impl.RoleInfo (RoleInfo.java:updateAndGet(139)) - 4949dc81-86be-4926-96a6-534c5c5588ca: start 4949dc81-86be-4926-96a6-534c5c5588ca@group-A46A7F7EB5CD-LeaderStateImpl
2022-11-24 06:39:14,210 [4949dc81-86be-4926-96a6-534c5c5588ca@group-A46A7F7EB5CD-LeaderElection31] INFO  segmented.SegmentedRaftLogWorker (SegmentedRaftLogWorker.java:startLogSegment(452)) - 4949dc81-86be-4926-96a6-534c5c5588ca@group-A46A7F7EB5CD-SegmentedRaftLogWorker: Starting segment from index:0
2022-11-24 06:39:14,212 [4949dc81-86be-4926-96a6-534c5c5588ca@group-A46A7F7EB5CD-SegmentedRaftLogWorker] INFO  segmented.SegmentedRaftLogWorker (SegmentedRaftLogWorker.java:execute(656)) - 4949dc81-86be-4926-96a6-534c5c5588ca@group-A46A7F7EB5CD-SegmentedRaftLogWorker: created new log segment /home/runner/work/ozone/ozone/hadoop-ozone/integration-test/target/test-dir/MiniOzoneClusterImpl-3ca4de4a-72c8-4c23-a990-0556c1b2e11a/datanode-9/data/ratis/57982a3e-8dec-4699-b995-a46a7f7eb5cd/current/log_inprogress_0
2022-11-24 06:39:14,223 [grpc-default-executor-0] WARN  server.GrpcLogAppender (LogUtils.java:warn(122)) - 4949dc81-86be-4926-96a6-534c5c5588ca@group-A46A7F7EB5CD->8af73eb1-79e8-42bd-81b7-d22b4389184f-AppendLogResponseHandler: Failed appendEntries: org.apache.ratis.thirdparty.io.grpc.StatusRuntimeException: UNAVAILABLE: io exception
2022-11-24 06:39:14,225 [4949dc81-86be-4926-96a6-534c5c5588ca@group-A46A7F7EB5CD-LeaderElection31] INFO  server.RaftServer$Division (ServerState.java:setRaftConf(430)) - 4949dc81-86be-4926-96a6-534c5c5588ca@group-A46A7F7EB5CD: set configuration 0: peers:[4949dc81-86be-4926-96a6-534c5c5588ca|rpc:10.1.1.33:45371|dataStream:|priority:0|startupRole:FOLLOWER, 8af73eb1-79e8-42bd-81b7-d22b4389184f|rpc:10.1.1.33:44141|dataStream:|priority:1|startupRole:FOLLOWER, c8bfac46-0061-4906-a354-59c2fa211c25|rpc:10.1.1.33:41215|dataStream:|priority:0|startupRole:FOLLOWER]|listeners:[], old=null
2022-11-24 06:39:14,235 [grpc-default-executor-3] WARN  server.GrpcLogAppender (LogUtils.java:warn(122)) - 4949dc81-86be-4926-96a6-534c5c5588ca@group-A46A7F7EB5CD->8af73eb1-79e8-42bd-81b7-d22b4389184f-AppendLogResponseHandler: Failed appendEntries: org.apache.ratis.thirdparty.io.grpc.StatusRuntimeException: UNAVAILABLE: io exception
2022-11-24 06:39:14,236 [grpc-default-executor-0] WARN  server.GrpcLogAppender (GrpcLogAppender.java:resetClient(131)) - 4949dc81-86be-4926-96a6-534c5c5588ca@group-A46A7F7EB5CD->8af73eb1-79e8-42bd-81b7-d22b4389184f-GrpcLogAppender: Leader has not got in touch with Follower 4949dc81-86be-4926-96a6-534c5c5588ca@group-A46A7F7EB5CD->8af73eb1-79e8-42bd-81b7-d22b4389184f(c-1,m0,n0, attendVote=true, lastRpcSendTime=0, lastRpcResponseTime=5238) yet, just keep nextIndex unchanged and retry.
2022-11-24 06:39:14,237 [grpc-default-executor-3] WARN  server.GrpcLogAppender (GrpcLogAppender.java:resetClient(131)) - 4949dc81-86be-4926-96a6-534c5c5588ca@group-A46A7F7EB5CD->8af73eb1-79e8-42bd-81b7-d22b4389184f-GrpcLogAppender: Leader has not got in touch with Follower 4949dc81-86be-4926-96a6-534c5c5588ca@group-A46A7F7EB5CD->8af73eb1-79e8-42bd-81b7-d22b4389184f(c-1,m0,n0, attendVote=true, lastRpcSendTime=1, lastRpcResponseTime=5238) yet, just keep nextIndex unchanged and retry.
2022-11-24 06:39:14,249 [c8bfac46-0061-4906-a354-59c2fa211c25-server-thread1] INFO  ratis.XceiverServerRatis (XceiverServerRatis.java:handleLeaderChangedNotification(863)) - Leader change notification received for group: group-A46A7F7EB5CD with new leaderId: 4949dc81-86be-4926-96a6-534c5c5588ca
2022-11-24 06:39:14,249 [c8bfac46-0061-4906-a354-59c2fa211c25-server-thread1] INFO  server.RaftServer$Division (ServerState.java:setLeader(313)) - c8bfac46-0061-4906-a354-59c2fa211c25@group-A46A7F7EB5CD: change Leader from null to 4949dc81-86be-4926-96a6-534c5c5588ca at term 1 for appendEntries, leader elected after 5197ms
2022-11-24 06:39:14,252 [grpc-default-executor-0] WARN  server.GrpcLogAppender (LogUtils.java:warn(122)) - 4949dc81-86be-4926-96a6-534c5c5588ca@group-A46A7F7EB5CD->8af73eb1-79e8-42bd-81b7-d22b4389184f-AppendLogResponseHandler: Failed appendEntries: org.apache.ratis.thirdparty.io.grpc.StatusRuntimeException: UNAVAILABLE: io exception
2022-11-24 06:39:14,254 [c8bfac46-0061-4906-a354-59c2fa211c25-server-thread2] INFO  server.RaftServer$Division (ServerState.java:setRaftConf(430)) - c8bfac46-0061-4906-a354-59c2fa211c25@group-A46A7F7EB5CD: set configuration 0: peers:[4949dc81-86be-4926-96a6-534c5c5588ca|rpc:10.1.1.33:45371|dataStream:|priority:0|startupRole:FOLLOWER, 8af73eb1-79e8-42bd-81b7-d22b4389184f|rpc:10.1.1.33:44141|dataStream:|priority:1|startupRole:FOLLOWER, c8bfac46-0061-4906-a354-59c2fa211c25|rpc:10.1.1.33:41215|dataStream:|priority:0|startupRole:FOLLOWER]|listeners:[], old=null
2022-11-24 06:39:14,255 [c8bfac46-0061-4906-a354-59c2fa211c25-server-thread2] INFO  segmented.SegmentedRaftLogWorker (SegmentedRaftLogWorker.java:startLogSegment(452)) - c8bfac46-0061-4906-a354-59c2fa211c25@group-A46A7F7EB5CD-SegmentedRaftLogWorker: Starting segment from index:0
2022-11-24 06:39:14,256 [grpc-default-executor-4] WARN  server.GrpcLogAppender (LogUtils.java:warn(122)) - 4949dc81-86be-4926-96a6-534c5c5588ca@group-A46A7F7EB5CD->8af73eb1-79e8-42bd-81b7-d22b4389184f-AppendLogResponseHandler: Failed appendEntries: org.apache.ratis.thirdparty.io.grpc.StatusRuntimeException: UNAVAILABLE: io exception
2022-11-24 06:39:14,257 [grpc-default-executor-0] WARN  server.GrpcLogAppender (GrpcLogAppender.java:resetClient(131)) - 4949dc81-86be-4926-96a6-534c5c5588ca@group-A46A7F7EB5CD->8af73eb1-79e8-42bd-81b7-d22b4389184f-GrpcLogAppender: Leader has not got in touch with Follower 4949dc81-86be-4926-96a6-534c5c5588ca@group-A46A7F7EB5CD->8af73eb1-79e8-42bd-81b7-d22b4389184f(c-1,m0,n1, attendVote=true, lastRpcSendTime=1, lastRpcResponseTime=5259) yet, just keep nextIndex unchanged and retry.
2022-11-24 06:39:14,258 [c8bfac46-0061-4906-a354-59c2fa211c25@group-A46A7F7EB5CD-SegmentedRaftLogWorker] INFO  segmented.SegmentedRaftLogWorker (SegmentedRaftLogWorker.java:execute(656)) - c8bfac46-0061-4906-a354-59c2fa211c25@group-A46A7F7EB5CD-SegmentedRaftLogWorker: created new log segment /home/runner/work/ozone/ozone/hadoop-ozone/integration-test/target/test-dir/MiniOzoneClusterImpl-3ca4de4a-72c8-4c23-a990-0556c1b2e11a/datanode-8/data/ratis/57982a3e-8dec-4699-b995-a46a7f7eb5cd/current/log_inprogress_0
2022-11-24 06:39:14,259 [grpc-default-executor-4] WARN  server.GrpcLogAppender (GrpcLogAppender.java:resetClient(131)) - 4949dc81-86be-4926-96a6-534c5c5588ca@group-A46A7F7EB5CD->8af73eb1-79e8-42bd-81b7-d22b4389184f-GrpcLogAppender: Leader has not got in touch with Follower 4949dc81-86be-4926-96a6-534c5c5588ca@group-A46A7F7EB5CD->8af73eb1-79e8-42bd-81b7-d22b4389184f(c-1,m0,n1, attendVote=true, lastRpcSendTime=3, lastRpcResponseTime=5261) yet, just keep nextIndex unchanged and retry.
2022-11-24 06:39:15,486 [grpc-default-executor-3] WARN  server.GrpcLogAppender (LogUtils.java:warn(122)) - 4949dc81-86be-4926-96a6-534c5c5588ca@group-A46A7F7EB5CD->8af73eb1-79e8-42bd-81b7-d22b4389184f-AppendLogResponseHandler: Failed appendEntries: org.apache.ratis.thirdparty.io.grpc.StatusRuntimeException: UNAVAILABLE: io exception
2022-11-24 06:39:15,487 [grpc-default-executor-4] WARN  server.GrpcLogAppender (LogUtils.java:warn(122)) - 4949dc81-86be-4926-96a6-534c5c5588ca@group-A46A7F7EB5CD->8af73eb1-79e8-42bd-81b7-d22b4389184f-AppendLogResponseHandler: Failed appendEntries: org.apache.ratis.thirdparty.io.grpc.StatusRuntimeException: UNAVAILABLE: io exception
2022-11-24 06:39:15,489 [grpc-default-executor-3] WARN  server.GrpcLogAppender (GrpcLogAppender.java:resetClient(131)) - 4949dc81-86be-4926-96a6-534c5c5588ca@group-A46A7F7EB5CD->8af73eb1-79e8-42bd-81b7-d22b4389184f-GrpcLogAppender: Leader has not got in touch with Follower 4949dc81-86be-4926-96a6-534c5c5588ca@group-A46A7F7EB5CD->8af73eb1-79e8-42bd-81b7-d22b4389184f(c-1,m0,n1, attendVote=true, lastRpcSendTime=1, lastRpcResponseTime=6490) yet, just keep nextIndex unchanged and retry.
2022-11-24 06:39:15,489 [grpc-default-executor-4] WARN  server.GrpcLogAppender (GrpcLogAppender.java:resetClient(131)) - 4949dc81-86be-4926-96a6-534c5c5588ca@group-A46A7F7EB5CD->8af73eb1-79e8-42bd-81b7-d22b4389184f-GrpcLogAppender: Leader has not got in touch with Follower 4949dc81-86be-4926-96a6-534c5c5588ca@group-A46A7F7EB5CD->8af73eb1-79e8-42bd-81b7-d22b4389184f(c-1,m0,n1, attendVote=true, lastRpcSendTime=1, lastRpcResponseTime=6490) yet, just keep nextIndex unchanged and retry.
2022-11-24 06:39:16,482 [EventQueue-DeadNodeForDeadNodeHandler] INFO  node.DeadNodeHandler (DeadNodeHandler.java:onMessage(81)) - A dead datanode is detected. 8af73eb1-79e8-42bd-81b7-d22b4389184f{ip: 10.1.1.33, host: fv-az453-211.hss2zji4abbufegd5wcf2so25h.dx.internal.cloudapp.net, ports: [REPLICATION=36185, RATIS=44141, RATIS_ADMIN=44141, RATIS_SERVER=44141, STANDALONE=36899], networkLocation: /default-rack, certSerialId: null, persistedOpState: IN_SERVICE, persistedOpStateExpiryEpochSec: 0}
2022-11-24 06:39:16,482 [EventQueue-DeadNodeForDeadNodeHandler] INFO  pipeline.RatisPipelineProvider (RatisPipelineProvider.java:lambda$close$1(244)) - Send pipeline:PipelineID=0b0d9a62-1108-4899-9c7e-a067bc3d260c close command to datanode 4949dc81-86be-4926-96a6-534c5c5588ca
2022-11-24 06:39:16,483 [EventQueue-DeadNodeForDeadNodeHandler] INFO  pipeline.RatisPipelineProvider (RatisPipelineProvider.java:lambda$close$1(244)) - Send pipeline:PipelineID=0b0d9a62-1108-4899-9c7e-a067bc3d260c close command to datanode c8bfac46-0061-4906-a354-59c2fa211c25
2022-11-24 06:39:16,483 [EventQueue-DeadNodeForDeadNodeHandler] INFO  pipeline.RatisPipelineProvider (RatisPipelineProvider.java:lambda$close$1(244)) - Send pipeline:PipelineID=0b0d9a62-1108-4899-9c7e-a067bc3d260c close command to datanode 8af73eb1-79e8-42bd-81b7-d22b4389184f
2022-11-24 06:39:16,483 [EventQueue-DeadNodeForDeadNodeHandler] INFO  pipeline.PipelineStateManagerImpl (PipelineStateManagerImpl.java:removePipeline(245)) - Pipeline Pipeline[ Id: 0b0d9a62-1108-4899-9c7e-a067bc3d260c, Nodes: 4949dc81-86be-4926-96a6-534c5c5588ca{ip: 10.1.1.33, host: fv-az453-211.hss2zji4abbufegd5wcf2so25h.dx.internal.cloudapp.net, ports: [REPLICATION=46611, RATIS=45371, RATIS_ADMIN=45371, RATIS_SERVER=45371, STANDALONE=38135], networkLocation: /default-rack, certSerialId: null, persistedOpState: IN_SERVICE, persistedOpStateExpiryEpochSec: 0}c8bfac46-0061-4906-a354-59c2fa211c25{ip: 10.1.1.33, host: fv-az453-211.hss2zji4abbufegd5wcf2so25h.dx.internal.cloudapp.net, ports: [REPLICATION=33399, RATIS=41215, RATIS_ADMIN=41215, RATIS_SERVER=41215, STANDALONE=43477], networkLocation: /default-rack, certSerialId: null, persistedOpState: IN_SERVICE, persistedOpStateExpiryEpochSec: 0}8af73eb1-79e8-42bd-81b7-d22b4389184f{ip: 10.1.1.33, host: fv-az453-211.hss2zji4abbufegd5wcf2so25h.dx.internal.cloudapp.net, ports: [REPLICATION=36185, RATIS=44141, RATIS_ADMIN=44141, RATIS_SERVER=44141, STANDALONE=36899], networkLocation: /default-rack, certSerialId: null, persistedOpState: IN_SERVICE, persistedOpStateExpiryEpochSec: 0}, ReplicationConfig: RATIS/THREE, State:CLOSED, leaderId:, CreationTimestamp2022-11-24T06:39:08.026Z[Etc/UTC]] removed.
2022-11-24 06:39:16,483 [EventQueue-DeadNodeForDeadNodeHandler] INFO  pipeline.PipelineStateManagerImpl (PipelineStateManagerImpl.java:removePipeline(245)) - Pipeline Pipeline[ Id: a69e154c-fcbc-498d-8bcf-77ec139bfaa1, Nodes: 8af73eb1-79e8-42bd-81b7-d22b4389184f{ip: 10.1.1.33, host: fv-az453-211.hss2zji4abbufegd5wcf2so25h.dx.internal.cloudapp.net, ports: [REPLICATION=36185, RATIS=44141, RATIS_ADMIN=44141, RATIS_SERVER=44141, STANDALONE=36899], networkLocation: /default-rack, certSerialId: null, persistedOpState: IN_SERVICE, persistedOpStateExpiryEpochSec: 0}2412583d-f0ce-4b83-96a1-c4f14f6f25ae{ip: 10.1.1.33, host: fv-az453-211.hss2zji4abbufegd5wcf2so25h.dx.internal.cloudapp.net, ports: [REPLICATION=36327, RATIS=34367, RATIS_ADMIN=34367, RATIS_SERVER=34367, STANDALONE=42617], networkLocation: /default-rack, certSerialId: null, persistedOpState: null, persistedOpStateExpiryEpochSec: 0}c8bfac46-0061-4906-a354-59c2fa211c25{ip: 10.1.1.33, host: fv-az453-211.hss2zji4abbufegd5wcf2so25h.dx.internal.cloudapp.net, ports: [REPLICATION=33399, RATIS=41215, RATIS_ADMIN=41215, RATIS_SERVER=41215, STANDALONE=43477], networkLocation: /default-rack, certSerialId: null, persistedOpState: null, persistedOpStateExpiryEpochSec: 0}6fd96d8c-4ef2-4ba8-87f7-371671a16fe6{ip: 10.1.1.33, host: fv-az453-211.hss2zji4abbufegd5wcf2so25h.dx.internal.cloudapp.net, ports: [REPLICATION=46619, RATIS=38311, RATIS_ADMIN=38311, RATIS_SERVER=38311, STANDALONE=45669], networkLocation: /default-rack, certSerialId: null, persistedOpState: null, persistedOpStateExpiryEpochSec: 0}f61b783c-62f9-462d-872d-ac09aa128e21{ip: 10.1.1.33, host: fv-az453-211.hss2zji4abbufegd5wcf2so25h.dx.internal.cloudapp.net, ports: [REPLICATION=45671, RATIS=44027, RATIS_ADMIN=44027, RATIS_SERVER=44027, STANDALONE=38233], networkLocation: /default-rack, certSerialId: null, persistedOpState: null, persistedOpStateExpiryEpochSec: 0}, ReplicationConfig: EC/ECReplicationConfig{data=3, parity=2, ecChunkSize=1024, codec=rs}, State:CLOSED, leaderId:, CreationTimestamp2022-11-24T06:39:09.192Z[Etc/UTC]] removed.
2022-11-24 06:39:16,484 [EventQueue-DeadNodeForDeadNodeHandler] INFO  pipeline.RatisPipelineProvider (RatisPipelineProvider.java:lambda$close$1(244)) - Send pipeline:PipelineID=86ffadfe-6c15-4c4b-8c67-039c2e77fc58 close command to datanode 8af73eb1-79e8-42bd-81b7-d22b4389184f
2022-11-24 06:39:16,484 [EventQueue-DeadNodeForDeadNodeHandler] INFO  pipeline.PipelineStateManagerImpl (PipelineStateManagerImpl.java:removePipeline(245)) - Pipeline Pipeline[ Id: 86ffadfe-6c15-4c4b-8c67-039c2e77fc58, Nodes: 8af73eb1-79e8-42bd-81b7-d22b4389184f{ip: 10.1.1.33, host: fv-az453-211.hss2zji4abbufegd5wcf2so25h.dx.internal.cloudapp.net, ports: [REPLICATION=36185, RATIS=44141, RATIS_ADMIN=44141, RATIS_SERVER=44141, STANDALONE=36899], networkLocation: /default-rack, certSerialId: null, persistedOpState: IN_SERVICE, persistedOpStateExpiryEpochSec: 0}, ReplicationConfig: RATIS/ONE, State:CLOSED, leaderId:8af73eb1-79e8-42bd-81b7-d22b4389184f, CreationTimestamp2022-11-24T06:39:08.025Z[Etc/UTC]] removed.
2022-11-24 06:39:16,484 [EventQueue-DeadNodeForDeadNodeHandler] INFO  pipeline.RatisPipelineProvider (RatisPipelineProvider.java:lambda$close$1(244)) - Send pipeline:PipelineID=57982a3e-8dec-4699-b995-a46a7f7eb5cd close command to datanode 8af73eb1-79e8-42bd-81b7-d22b4389184f
2022-11-24 06:39:16,484 [EventQueue-DeadNodeForDeadNodeHandler] INFO  pipeline.RatisPipelineProvider (RatisPipelineProvider.java:lambda$close$1(244)) - Send pipeline:PipelineID=57982a3e-8dec-4699-b995-a46a7f7eb5cd close command to datanode 4949dc81-86be-4926-96a6-534c5c5588ca
2022-11-24 06:39:16,484 [EventQueue-DeadNodeForDeadNodeHandler] INFO  pipeline.RatisPipelineProvider (RatisPipelineProvider.java:lambda$close$1(244)) - Send pipeline:PipelineID=57982a3e-8dec-4699-b995-a46a7f7eb5cd close command to datanode c8bfac46-0061-4906-a354-59c2fa211c25
2022-11-24 06:39:16,485 [EventQueue-DeadNodeForDeadNodeHandler] INFO  pipeline.PipelineStateManagerImpl (PipelineStateManagerImpl.java:removePipeline(245)) - Pipeline Pipeline[ Id: 57982a3e-8dec-4699-b995-a46a7f7eb5cd, Nodes: 8af73eb1-79e8-42bd-81b7-d22b4389184f{ip: 10.1.1.33, host: fv-az453-211.hss2zji4abbufegd5wcf2so25h.dx.internal.cloudapp.net, ports: [REPLICATION=36185, RATIS=44141, RATIS_ADMIN=44141, RATIS_SERVER=44141, STANDALONE=36899], networkLocation: /default-rack, certSerialId: null, persistedOpState: IN_SERVICE, persistedOpStateExpiryEpochSec: 0}4949dc81-86be-4926-96a6-534c5c5588ca{ip: 10.1.1.33, host: fv-az453-211.hss2zji4abbufegd5wcf2so25h.dx.internal.cloudapp.net, ports: [REPLICATION=46611, RATIS=45371, RATIS_ADMIN=45371, RATIS_SERVER=45371, STANDALONE=38135], networkLocation: /default-rack, certSerialId: null, persistedOpState: IN_SERVICE, persistedOpStateExpiryEpochSec: 0}c8bfac46-0061-4906-a354-59c2fa211c25{ip: 10.1.1.33, host: fv-az453-211.hss2zji4abbufegd5wcf2so25h.dx.internal.cloudapp.net, ports: [REPLICATION=33399, RATIS=41215, RATIS_ADMIN=41215, RATIS_SERVER=41215, STANDALONE=43477], networkLocation: /default-rack, certSerialId: null, persistedOpState: IN_SERVICE, persistedOpStateExpiryEpochSec: 0}, ReplicationConfig: RATIS/THREE, State:CLOSED, leaderId:4949dc81-86be-4926-96a6-534c5c5588ca, CreationTimestamp2022-11-24T06:39:08.034Z[Etc/UTC]] removed.
2022-11-24 06:39:16,500 [EventQueue-DeadNodeForDeadNodeHandler] INFO  net.NetworkTopologyImpl (NetworkTopologyImpl.java:remove(190)) - Removed a node: /default-rack/8af73eb1-79e8-42bd-81b7-d22b4389184f
2022-11-24 06:39:16,600 [Command processor thread] INFO  keyvalue.KeyValueContainer (KeyValueContainer.java:flushAndSyncDB(437)) - Container 2 is synced with bcsId 0.
2022-11-24 06:39:16,600 [Command processor thread] INFO  keyvalue.KeyValueContainer (KeyValueContainer.java:flushAndSyncDB(437)) - Container 2 is synced with bcsId 0.
2022-11-24 06:39:16,605 [Command processor thread] INFO  keyvalue.KeyValueContainer (KeyValueContainer.java:close(352)) - Container 2 is closed with bcsId 0.
2022-11-24 06:39:16,607 [Command processor thread] INFO  server.RaftServer (RaftServerProxy.java:remove(107)) - c8bfac46-0061-4906-a354-59c2fa211c25: remove  FOLLOWER c8bfac46-0061-4906-a354-59c2fa211c25@group-A067BC3D260C:t1, leader=null, voted=c8bfac46-0061-4906-a354-59c2fa211c25, raftlog=Memoized:c8bfac46-0061-4906-a354-59c2fa211c25@group-A067BC3D260C-SegmentedRaftLog:OPENED:c-1, conf=-1: peers:[4949dc81-86be-4926-96a6-534c5c5588ca|rpc:10.1.1.33:45371|dataStream:|priority:1|startupRole:FOLLOWER, 8af73eb1-79e8-42bd-81b7-d22b4389184f|rpc:10.1.1.33:44141|dataStream:|priority:0|startupRole:FOLLOWER, c8bfac46-0061-4906-a354-59c2fa211c25|rpc:10.1.1.33:41215|dataStream:|priority:0|startupRole:FOLLOWER]|listeners:[], old=null RUNNING
2022-11-24 06:39:16,607 [FixedThreadPoolWithAffinityExecutor-1-0] INFO  container.IncrementalContainerReportHandler (AbstractContainerReportHandler.java:updateContainerState(292)) - Moving container #2 to CLOSED state, datanode c8bfac46-0061-4906-a354-59c2fa211c25{ip: 10.1.1.33, host: fv-az453-211.hss2zji4abbufegd5wcf2so25h.dx.internal.cloudapp.net, ports: [REPLICATION=33399, RATIS=41215, RATIS_ADMIN=41215, RATIS_SERVER=41215, STANDALONE=43477], networkLocation: /default-rack, certSerialId: null, persistedOpState: IN_SERVICE, persistedOpStateExpiryEpochSec: 0} reported CLOSED replica.
2022-11-24 06:39:16,619 [Command processor thread] INFO  server.RaftServer$Division (RaftServerImpl.java:lambda$close$4(458)) - c8bfac46-0061-4906-a354-59c2fa211c25@group-A067BC3D260C: shutdown
2022-11-24 06:39:16,619 [Command processor thread] INFO  util.JmxRegister (JmxRegister.java:unregister(73)) - Successfully un-registered JMX Bean with object name Ratis:service=RaftServer,group=group-A067BC3D260C,id=c8bfac46-0061-4906-a354-59c2fa211c25
2022-11-24 06:39:16,619 [Command processor thread] INFO  impl.RoleInfo (RoleInfo.java:shutdownFollowerState(110)) - c8bfac46-0061-4906-a354-59c2fa211c25: shutdown c8bfac46-0061-4906-a354-59c2fa211c25@group-A067BC3D260C-FollowerState
2022-11-24 06:39:16,619 [Command processor thread] INFO  impl.StateMachineUpdater (StateMachineUpdater.java:stopAndJoin(153)) - c8bfac46-0061-4906-a354-59c2fa211c25@group-A067BC3D260C-StateMachineUpdater: set stopIndex = -1
2022-11-24 06:39:16,620 [c8bfac46-0061-4906-a354-59c2fa211c25@group-A067BC3D260C-FollowerState] INFO  impl.FollowerState (FollowerState.java:run(152)) - c8bfac46-0061-4906-a354-59c2fa211c25@group-A067BC3D260C-FollowerState was interrupted
2022-11-24 06:39:16,620 [Command processor thread] INFO  server.RaftServer$Division (ServerState.java:close(466)) - c8bfac46-0061-4906-a354-59c2fa211c25@group-A067BC3D260C: closes. applyIndex: -1
2022-11-24 06:39:16,626 [c8bfac46-0061-4906-a354-59c2fa211c25@group-A067BC3D260C-SegmentedRaftLogWorker] INFO  segmented.SegmentedRaftLogWorker (SegmentedRaftLogWorker.java:run(345)) - c8bfac46-0061-4906-a354-59c2fa211c25@group-A067BC3D260C-SegmentedRaftLogWorker was interrupted, exiting. There are 0 tasks remaining in the queue.
2022-11-24 06:39:16,631 [Command processor thread] INFO  segmented.SegmentedRaftLogWorker (SegmentedRaftLogWorker.java:close(255)) - c8bfac46-0061-4906-a354-59c2fa211c25@group-A067BC3D260C-SegmentedRaftLogWorker close()
2022-11-24 06:39:16,635 [Command processor thread] INFO  server.RaftServer$Division (RaftServerImpl.java:groupRemove(428)) - c8bfac46-0061-4906-a354-59c2fa211c25@group-A067BC3D260C: Succeed to remove RaftStorageDirectory Storage Directory /home/runner/work/ozone/ozone/hadoop-ozone/integration-test/target/test-dir/MiniOzoneClusterImpl-3ca4de4a-72c8-4c23-a990-0556c1b2e11a/datanode-8/data/ratis/0b0d9a62-1108-4899-9c7e-a067bc3d260c
2022-11-24 06:39:16,635 [Command processor thread] INFO  commandhandler.ClosePipelineCommandHandler (ClosePipelineCommandHandler.java:handle(78)) - Close Pipeline PipelineID=0b0d9a62-1108-4899-9c7e-a067bc3d260c command on datanode c8bfac46-0061-4906-a354-59c2fa211c25.
2022-11-24 06:39:16,635 [Command processor thread] INFO  server.RaftServer (RaftServerProxy.java:remove(107)) - c8bfac46-0061-4906-a354-59c2fa211c25: remove  FOLLOWER c8bfac46-0061-4906-a354-59c2fa211c25@group-A46A7F7EB5CD:t1, leader=4949dc81-86be-4926-96a6-534c5c5588ca, voted=4949dc81-86be-4926-96a6-534c5c5588ca, raftlog=Memoized:c8bfac46-0061-4906-a354-59c2fa211c25@group-A46A7F7EB5CD-SegmentedRaftLog:OPENED:c0, conf=0: peers:[4949dc81-86be-4926-96a6-534c5c5588ca|rpc:10.1.1.33:45371|dataStream:|priority:0|startupRole:FOLLOWER, 8af73eb1-79e8-42bd-81b7-d22b4389184f|rpc:10.1.1.33:44141|dataStream:|priority:1|startupRole:FOLLOWER, c8bfac46-0061-4906-a354-59c2fa211c25|rpc:10.1.1.33:41215|dataStream:|priority:0|startupRole:FOLLOWER]|listeners:[], old=null RUNNING
2022-11-24 06:39:16,635 [Command processor thread] INFO  server.RaftServer$Division (RaftServerImpl.java:lambda$close$4(458)) - c8bfac46-0061-4906-a354-59c2fa211c25@group-A46A7F7EB5CD: shutdown
2022-11-24 06:39:16,635 [Command processor thread] INFO  util.JmxRegister (JmxRegister.java:unregister(73)) - Successfully un-registered JMX Bean with object name Ratis:service=RaftServer,group=group-A46A7F7EB5CD,id=c8bfac46-0061-4906-a354-59c2fa211c25
2022-11-24 06:39:16,635 [Command processor thread] INFO  impl.RoleInfo (RoleInfo.java:shutdownFollowerState(110)) - c8bfac46-0061-4906-a354-59c2fa211c25: shutdown c8bfac46-0061-4906-a354-59c2fa211c25@group-A46A7F7EB5CD-FollowerState
2022-11-24 06:39:16,636 [c8bfac46-0061-4906-a354-59c2fa211c25@group-A46A7F7EB5CD-FollowerState] INFO  impl.FollowerState (FollowerState.java:run(152)) - c8bfac46-0061-4906-a354-59c2fa211c25@group-A46A7F7EB5CD-FollowerState was interrupted
2022-11-24 06:39:16,636 [c8bfac46-0061-4906-a354-59c2fa211c25@group-A46A7F7EB5CD-StateMachineUpdater] INFO  ratis.ContainerStateMachine (ContainerStateMachine.java:takeSnapshot(304)) - group-A46A7F7EB5CD: Taking a snapshot at:(t:1, i:0) file /home/runner/work/ozone/ozone/hadoop-ozone/integration-test/target/test-dir/MiniOzoneClusterImpl-3ca4de4a-72c8-4c23-a990-0556c1b2e11a/datanode-8/data/ratis/57982a3e-8dec-4699-b995-a46a7f7eb5cd/sm/snapshot.1_0
2022-11-24 06:39:16,636 [Command processor thread] INFO  impl.StateMachineUpdater (StateMachineUpdater.java:stopAndJoin(153)) - c8bfac46-0061-4906-a354-59c2fa211c25@group-A46A7F7EB5CD-StateMachineUpdater: set stopIndex = 0
2022-11-24 06:39:16,637 [c8bfac46-0061-4906-a354-59c2fa211c25@group-A46A7F7EB5CD-StateMachineUpdater] INFO  ratis.ContainerStateMachine (ContainerStateMachine.java:takeSnapshot(315)) - group-A46A7F7EB5CD: Finished taking a snapshot at:(t:1, i:0) file:/home/runner/work/ozone/ozone/hadoop-ozone/integration-test/target/test-dir/MiniOzoneClusterImpl-3ca4de4a-72c8-4c23-a990-0556c1b2e11a/datanode-8/data/ratis/57982a3e-8dec-4699-b995-a46a7f7eb5cd/sm/snapshot.1_0 took: 1 ms
2022-11-24 06:39:16,637 [c8bfac46-0061-4906-a354-59c2fa211c25@group-A46A7F7EB5CD-StateMachineUpdater] INFO  impl.StateMachineUpdater (StateMachineUpdater.java:takeSnapshot(287)) - c8bfac46-0061-4906-a354-59c2fa211c25@group-A46A7F7EB5CD-StateMachineUpdater: Took a snapshot at index 0
2022-11-24 06:39:16,637 [c8bfac46-0061-4906-a354-59c2fa211c25@group-A46A7F7EB5CD-StateMachineUpdater] INFO  impl.StateMachineUpdater (StateMachineUpdater.java:lambda$new$0(92)) - c8bfac46-0061-4906-a354-59c2fa211c25@group-A46A7F7EB5CD-StateMachineUpdater: snapshotIndex: updateIncreasingly -1 -> 0
2022-11-24 06:39:16,638 [Command processor thread] INFO  server.RaftServer$Division (ServerState.java:close(466)) - c8bfac46-0061-4906-a354-59c2fa211c25@group-A46A7F7EB5CD: closes. applyIndex: 0
2022-11-24 06:39:16,638 [c8bfac46-0061-4906-a354-59c2fa211c25@group-A46A7F7EB5CD-SegmentedRaftLogWorker] INFO  segmented.SegmentedRaftLogWorker (SegmentedRaftLogWorker.java:run(345)) - c8bfac46-0061-4906-a354-59c2fa211c25@group-A46A7F7EB5CD-SegmentedRaftLogWorker was interrupted, exiting. There are 0 tasks remaining in the queue.
2022-11-24 06:39:16,644 [Command processor thread] INFO  segmented.SegmentedRaftLogWorker (SegmentedRaftLogWorker.java:close(255)) - c8bfac46-0061-4906-a354-59c2fa211c25@group-A46A7F7EB5CD-SegmentedRaftLogWorker close()
2022-11-24 06:39:16,651 [Command processor thread] INFO  server.RaftServer$Division (RaftServerImpl.java:groupRemove(428)) - c8bfac46-0061-4906-a354-59c2fa211c25@group-A46A7F7EB5CD: Succeed to remove RaftStorageDirectory Storage Directory /home/runner/work/ozone/ozone/hadoop-ozone/integration-test/target/test-dir/MiniOzoneClusterImpl-3ca4de4a-72c8-4c23-a990-0556c1b2e11a/datanode-8/data/ratis/57982a3e-8dec-4699-b995-a46a7f7eb5cd
2022-11-24 06:39:16,652 [Command processor thread] INFO  commandhandler.ClosePipelineCommandHandler (ClosePipelineCommandHandler.java:handle(78)) - Close Pipeline PipelineID=57982a3e-8dec-4699-b995-a46a7f7eb5cd command on datanode c8bfac46-0061-4906-a354-59c2fa211c25.
2022-11-24 06:39:16,659 [Listener at 127.0.0.1/43781] INFO  replication.ReplicationManager (ReplicationManager.java:stop(286)) - Stopping Replication Monitor Thread.
2022-11-24 06:39:16,660 [Under Replicated Processor] WARN  replication.UnderReplicatedProcessor (UnderReplicatedProcessor.java:run(108)) - Under Replicated Processor interrupted. Exiting...
2022-11-24 06:39:16,660 [Listener at 127.0.0.1/43781] INFO  replication.ReplicationManager (ReplicationManager.java:start(262)) - Replication Monitor Thread is already running.
2022-11-24 06:39:16,660 [ReplicationMonitor] INFO  replication.ReplicationManager (ReplicationManager.java:run(634)) - Replication Monitor Thread is stopped
2022-11-24 06:39:16,661 [Over Replicated Processor] WARN  replication.OverReplicatedProcessor (OverReplicatedProcessor.java:run(109)) - Over Replicated Processor interrupted. Exiting...
2022-11-24 06:39:16,663 [Command processor thread] INFO  keyvalue.KeyValueContainer (KeyValueContainer.java:flushAndSyncDB(437)) - Container 2 is synced with bcsId 0.
2022-11-24 06:39:16,664 [Command processor thread] INFO  keyvalue.KeyValueContainer (KeyValueContainer.java:flushAndSyncDB(437)) - Container 2 is synced with bcsId 0.
2022-11-24 06:39:16,677 [Command processor thread] INFO  keyvalue.KeyValueContainer (KeyValueContainer.java:close(352)) - Container 2 is closed with bcsId 0.
2022-11-24 06:39:16,713 [Command processor thread] INFO  keyvalue.KeyValueContainer (KeyValueContainer.java:flushAndSyncDB(437)) - Container 2 is synced with bcsId 0.
2022-11-24 06:39:16,713 [Command processor thread] INFO  keyvalue.KeyValueContainer (KeyValueContainer.java:flushAndSyncDB(437)) - Container 2 is synced with bcsId 0.
2022-11-24 06:39:16,717 [Command processor thread] INFO  keyvalue.KeyValueContainer (KeyValueContainer.java:close(352)) - Container 2 is closed with bcsId 0.
2022-11-24 06:39:16,741 [grpc-default-executor-4] WARN  server.GrpcLogAppender (LogUtils.java:warn(122)) - 4949dc81-86be-4926-96a6-534c5c5588ca@group-A46A7F7EB5CD->8af73eb1-79e8-42bd-81b7-d22b4389184f-AppendLogResponseHandler: Failed appendEntries: org.apache.ratis.thirdparty.io.grpc.StatusRuntimeException: UNAVAILABLE: io exception
2022-11-24 06:39:16,741 [grpc-default-executor-3] WARN  server.GrpcLogAppender (LogUtils.java:warn(122)) - 4949dc81-86be-4926-96a6-534c5c5588ca@group-A46A7F7EB5CD->8af73eb1-79e8-42bd-81b7-d22b4389184f-AppendLogResponseHandler: Failed appendEntries: org.apache.ratis.thirdparty.io.grpc.StatusRuntimeException: UNAVAILABLE: io exception
2022-11-24 06:39:16,743 [grpc-default-executor-4] WARN  server.GrpcLogAppender (GrpcLogAppender.java:resetClient(131)) - 4949dc81-86be-4926-96a6-534c5c5588ca@group-A46A7F7EB5CD->8af73eb1-79e8-42bd-81b7-d22b4389184f-GrpcLogAppender: Leader has not got in touch with Follower 4949dc81-86be-4926-96a6-534c5c5588ca@group-A46A7F7EB5CD->8af73eb1-79e8-42bd-81b7-d22b4389184f(c-1,m0,n1, attendVote=true, lastRpcSendTime=1254, lastRpcResponseTime=7744) yet, just keep nextIndex unchanged and retry.
2022-11-24 06:39:16,743 [grpc-default-executor-3] WARN  server.GrpcLogAppender (GrpcLogAppender.java:resetClient(131)) - 4949dc81-86be-4926-96a6-534c5c5588ca@group-A46A7F7EB5CD->8af73eb1-79e8-42bd-81b7-d22b4389184f-GrpcLogAppender: Leader has not got in touch with Follower 4949dc81-86be-4926-96a6-534c5c5588ca@group-A46A7F7EB5CD->8af73eb1-79e8-42bd-81b7-d22b4389184f(c-1,m0,n1, attendVote=true, lastRpcSendTime=1255, lastRpcResponseTime=7744) yet, just keep nextIndex unchanged and retry.
2022-11-24 06:39:16,744 [grpc-default-executor-3] WARN  server.GrpcLogAppender (LogUtils.java:warn(122)) - 4949dc81-86be-4926-96a6-534c5c5588ca@group-A46A7F7EB5CD->8af73eb1-79e8-42bd-81b7-d22b4389184f-AppendLogResponseHandler: Failed appendEntries: org.apache.ratis.thirdparty.io.grpc.StatusRuntimeException: UNAVAILABLE: io exception
2022-11-24 06:39:16,745 [grpc-default-executor-3] WARN  server.GrpcLogAppender (GrpcLogAppender.java:resetClient(131)) - 4949dc81-86be-4926-96a6-534c5c5588ca@group-A46A7F7EB5CD->8af73eb1-79e8-42bd-81b7-d22b4389184f-GrpcLogAppender: Leader has not got in touch with Follower 4949dc81-86be-4926-96a6-534c5c5588ca@group-A46A7F7EB5CD->8af73eb1-79e8-42bd-81b7-d22b4389184f(c-1,m0,n1, attendVote=true, lastRpcSendTime=0, lastRpcResponseTime=7747) yet, just keep nextIndex unchanged and retry.
2022-11-24 06:39:16,744 [grpc-default-executor-4] WARN  server.GrpcLogAppender (LogUtils.java:warn(122)) - 4949dc81-86be-4926-96a6-534c5c5588ca@group-A46A7F7EB5CD->8af73eb1-79e8-42bd-81b7-d22b4389184f-AppendLogResponseHandler: Failed appendEntries: org.apache.ratis.thirdparty.io.grpc.StatusRuntimeException: UNAVAILABLE: io exception
2022-11-24 06:39:16,748 [grpc-default-executor-4] WARN  server.GrpcLogAppender (GrpcLogAppender.java:resetClient(131)) - 4949dc81-86be-4926-96a6-534c5c5588ca@group-A46A7F7EB5CD->8af73eb1-79e8-42bd-81b7-d22b4389184f-GrpcLogAppender: Leader has not got in touch with Follower 4949dc81-86be-4926-96a6-534c5c5588ca@group-A46A7F7EB5CD->8af73eb1-79e8-42bd-81b7-d22b4389184f(c-1,m0,n1, attendVote=true, lastRpcSendTime=3, lastRpcResponseTime=7749) yet, just keep nextIndex unchanged and retry.
2022-11-24 06:39:16,781 [Command processor thread] INFO  keyvalue.KeyValueContainer (KeyValueContainer.java:flushAndSyncDB(437)) - Container 2 is synced with bcsId 0.
2022-11-24 06:39:16,781 [Command processor thread] INFO  keyvalue.KeyValueContainer (KeyValueContainer.java:flushAndSyncDB(437)) - Container 2 is synced with bcsId 0.
2022-11-24 06:39:16,787 [Command processor thread] INFO  keyvalue.KeyValueContainer (KeyValueContainer.java:close(352)) - Container 2 is closed with bcsId 0.
2022-11-24 06:39:17,995 [grpc-default-executor-4] WARN  server.GrpcLogAppender (LogUtils.java:warn(122)) - 4949dc81-86be-4926-96a6-534c5c5588ca@group-A46A7F7EB5CD->8af73eb1-79e8-42bd-81b7-d22b4389184f-AppendLogResponseHandler: Failed appendEntries: org.apache.ratis.thirdparty.io.grpc.StatusRuntimeException: UNAVAILABLE: io exception
2022-11-24 06:39:17,996 [grpc-default-executor-3] WARN  server.GrpcLogAppender (LogUtils.java:warn(122)) - 4949dc81-86be-4926-96a6-534c5c5588ca@group-A46A7F7EB5CD->8af73eb1-79e8-42bd-81b7-d22b4389184f-AppendLogResponseHandler: Failed appendEntries: org.apache.ratis.thirdparty.io.grpc.StatusRuntimeException: UNAVAILABLE: io exception
2022-11-24 06:39:17,996 [grpc-default-executor-4] WARN  server.GrpcLogAppender (GrpcLogAppender.java:resetClient(131)) - 4949dc81-86be-4926-96a6-534c5c5588ca@group-A46A7F7EB5CD->8af73eb1-79e8-42bd-81b7-d22b4389184f-GrpcLogAppender: Leader has not got in touch with Follower 4949dc81-86be-4926-96a6-534c5c5588ca@group-A46A7F7EB5CD->8af73eb1-79e8-42bd-81b7-d22b4389184f(c-1,m0,n1, attendVote=true, lastRpcSendTime=1251, lastRpcResponseTime=8998) yet, just keep nextIndex unchanged and retry.
2022-11-24 06:39:18,001 [grpc-default-executor-3] WARN  server.GrpcLogAppender (GrpcLogAppender.java:resetClient(131)) - 4949dc81-86be-4926-96a6-534c5c5588ca@group-A46A7F7EB5CD->8af73eb1-79e8-42bd-81b7-d22b4389184f-GrpcLogAppender: Leader has not got in touch with Follower 4949dc81-86be-4926-96a6-534c5c5588ca@group-A46A7F7EB5CD->8af73eb1-79e8-42bd-81b7-d22b4389184f(c-1,m0,n1, attendVote=true, lastRpcSendTime=1256, lastRpcResponseTime=9003) yet, just keep nextIndex unchanged and retry.
2022-11-24 06:39:18,003 [grpc-default-executor-3] WARN  server.GrpcLogAppender (LogUtils.java:warn(122)) - 4949dc81-86be-4926-96a6-534c5c5588ca@group-A46A7F7EB5CD->8af73eb1-79e8-42bd-81b7-d22b4389184f-AppendLogResponseHandler: Failed appendEntries: org.apache.ratis.thirdparty.io.grpc.StatusRuntimeException: UNAVAILABLE: io exception
2022-11-24 06:39:18,003 [grpc-default-executor-4] WARN  server.GrpcLogAppender (LogUtils.java:warn(122)) - 4949dc81-86be-4926-96a6-534c5c5588ca@group-A46A7F7EB5CD->8af73eb1-79e8-42bd-81b7-d22b4389184f-AppendLogResponseHandler: Failed appendEntries: org.apache.ratis.thirdparty.io.grpc.StatusRuntimeException: UNAVAILABLE: io exception
2022-11-24 06:39:18,004 [grpc-default-executor-3] WARN  server.GrpcLogAppender (GrpcLogAppender.java:resetClient(131)) - 4949dc81-86be-4926-96a6-534c5c5588ca@group-A46A7F7EB5CD->8af73eb1-79e8-42bd-81b7-d22b4389184f-GrpcLogAppender: Leader has not got in touch with Follower 4949dc81-86be-4926-96a6-534c5c5588ca@group-A46A7F7EB5CD->8af73eb1-79e8-42bd-81b7-d22b4389184f(c-1,m0,n1, attendVote=true, lastRpcSendTime=1259, lastRpcResponseTime=9005) yet, just keep nextIndex unchanged and retry.
2022-11-24 06:39:18,004 [grpc-default-executor-4] WARN  server.GrpcLogAppender (GrpcLogAppender.java:resetClient(131)) - 4949dc81-86be-4926-96a6-534c5c5588ca@group-A46A7F7EB5CD->8af73eb1-79e8-42bd-81b7-d22b4389184f-GrpcLogAppender: Leader has not got in touch with Follower 4949dc81-86be-4926-96a6-534c5c5588ca@group-A46A7F7EB5CD->8af73eb1-79e8-42bd-81b7-d22b4389184f(c-1,m0,n1, attendVote=true, lastRpcSendTime=1259, lastRpcResponseTime=9006) yet, just keep nextIndex unchanged and retry.
2022-11-24 06:39:18,006 [grpc-default-executor-3] WARN  server.GrpcLogAppender (LogUtils.java:warn(122)) - 4949dc81-86be-4926-96a6-534c5c5588ca@group-A46A7F7EB5CD->8af73eb1-79e8-42bd-81b7-d22b4389184f-AppendLogResponseHandler: Failed appendEntries: org.apache.ratis.thirdparty.io.grpc.StatusRuntimeException: UNAVAILABLE: io exception
2022-11-24 06:39:18,006 [grpc-default-executor-4] WARN  server.GrpcLogAppender (LogUtils.java:warn(122)) - 4949dc81-86be-4926-96a6-534c5c5588ca@group-A46A7F7EB5CD->8af73eb1-79e8-42bd-81b7-d22b4389184f-AppendLogResponseHandler: Failed appendEntries: org.apache.ratis.thirdparty.io.grpc.StatusRuntimeException: UNAVAILABLE: io exception
2022-11-24 06:39:18,007 [grpc-default-executor-3] WARN  server.GrpcLogAppender (GrpcLogAppender.java:resetClient(131)) - 4949dc81-86be-4926-96a6-534c5c5588ca@group-A46A7F7EB5CD->8af73eb1-79e8-42bd-81b7-d22b4389184f-GrpcLogAppender: Leader has not got in touch with Follower 4949dc81-86be-4926-96a6-534c5c5588ca@group-A46A7F7EB5CD->8af73eb1-79e8-42bd-81b7-d22b4389184f(c-1,m0,n1, attendVote=true, lastRpcSendTime=1, lastRpcResponseTime=9009) yet, just keep nextIndex unchanged and retry.
2022-11-24 06:39:18,008 [grpc-default-executor-4] WARN  server.GrpcLogAppender (GrpcLogAppender.java:resetClient(131)) - 4949dc81-86be-4926-96a6-534c5c5588ca@group-A46A7F7EB5CD->8af73eb1-79e8-42bd-81b7-d22b4389184f-GrpcLogAppender: Leader has not got in touch with Follower 4949dc81-86be-4926-96a6-534c5c5588ca@group-A46A7F7EB5CD->8af73eb1-79e8-42bd-81b7-d22b4389184f(c-1,m0,n1, attendVote=true, lastRpcSendTime=2, lastRpcResponseTime=9010) yet, just keep nextIndex unchanged and retry.
2022-11-24 06:39:18,195 [Command processor thread] INFO  server.RaftServer (RaftServerProxy.java:remove(107)) - 4949dc81-86be-4926-96a6-534c5c5588ca: remove  FOLLOWER 4949dc81-86be-4926-96a6-534c5c5588ca@group-A067BC3D260C:t1, leader=null, voted=4949dc81-86be-4926-96a6-534c5c5588ca, raftlog=Memoized:4949dc81-86be-4926-96a6-534c5c5588ca@group-A067BC3D260C-SegmentedRaftLog:OPENED:c-1, conf=-1: peers:[4949dc81-86be-4926-96a6-534c5c5588ca|rpc:10.1.1.33:45371|dataStream:|priority:1|startupRole:FOLLOWER, 8af73eb1-79e8-42bd-81b7-d22b4389184f|rpc:10.1.1.33:44141|dataStream:|priority:0|startupRole:FOLLOWER, c8bfac46-0061-4906-a354-59c2fa211c25|rpc:10.1.1.33:41215|dataStream:|priority:0|startupRole:FOLLOWER]|listeners:[], old=null RUNNING
2022-11-24 06:39:18,195 [Command processor thread] INFO  server.RaftServer$Division (RaftServerImpl.java:lambda$close$4(458)) - 4949dc81-86be-4926-96a6-534c5c5588ca@group-A067BC3D260C: shutdown
2022-11-24 06:39:18,195 [Command processor thread] INFO  util.JmxRegister (JmxRegister.java:unregister(73)) - Successfully un-registered JMX Bean with object name Ratis:service=RaftServer,group=group-A067BC3D260C,id=4949dc81-86be-4926-96a6-534c5c5588ca
2022-11-24 06:39:18,195 [Command processor thread] INFO  impl.RoleInfo (RoleInfo.java:shutdownFollowerState(110)) - 4949dc81-86be-4926-96a6-534c5c5588ca: shutdown 4949dc81-86be-4926-96a6-534c5c5588ca@group-A067BC3D260C-FollowerState
2022-11-24 06:39:18,195 [Command processor thread] INFO  impl.StateMachineUpdater (StateMachineUpdater.java:stopAndJoin(153)) - 4949dc81-86be-4926-96a6-534c5c5588ca@group-A067BC3D260C-StateMachineUpdater: set stopIndex = -1
2022-11-24 06:39:18,197 [Command processor thread] INFO  server.RaftServer$Division (ServerState.java:close(466)) - 4949dc81-86be-4926-96a6-534c5c5588ca@group-A067BC3D260C: closes. applyIndex: -1
2022-11-24 06:39:18,197 [4949dc81-86be-4926-96a6-534c5c5588ca@group-A067BC3D260C-SegmentedRaftLogWorker] INFO  segmented.SegmentedRaftLogWorker (SegmentedRaftLogWorker.java:run(345)) - 4949dc81-86be-4926-96a6-534c5c5588ca@group-A067BC3D260C-SegmentedRaftLogWorker was interrupted, exiting. There are 0 tasks remaining in the queue.
2022-11-24 06:39:18,197 [Command processor thread] INFO  segmented.SegmentedRaftLogWorker (SegmentedRaftLogWorker.java:close(255)) - 4949dc81-86be-4926-96a6-534c5c5588ca@group-A067BC3D260C-SegmentedRaftLogWorker close()
2022-11-24 06:39:18,195 [4949dc81-86be-4926-96a6-534c5c5588ca@group-A067BC3D260C-FollowerState] INFO  impl.FollowerState (FollowerState.java:run(152)) - 4949dc81-86be-4926-96a6-534c5c5588ca@group-A067BC3D260C-FollowerState was interrupted
2022-11-24 06:39:18,204 [Command processor thread] INFO  server.RaftServer$Division (RaftServerImpl.java:groupRemove(428)) - 4949dc81-86be-4926-96a6-534c5c5588ca@group-A067BC3D260C: Succeed to remove RaftStorageDirectory Storage Directory /home/runner/work/ozone/ozone/hadoop-ozone/integration-test/target/test-dir/MiniOzoneClusterImpl-3ca4de4a-72c8-4c23-a990-0556c1b2e11a/datanode-9/data/ratis/0b0d9a62-1108-4899-9c7e-a067bc3d260c
2022-11-24 06:39:18,204 [Command processor thread] INFO  commandhandler.ClosePipelineCommandHandler (ClosePipelineCommandHandler.java:handle(78)) - Close Pipeline PipelineID=0b0d9a62-1108-4899-9c7e-a067bc3d260c command on datanode 4949dc81-86be-4926-96a6-534c5c5588ca.
2022-11-24 06:39:18,205 [Command processor thread] INFO  server.RaftServer (RaftServerProxy.java:remove(107)) - 4949dc81-86be-4926-96a6-534c5c5588ca: remove    LEADER 4949dc81-86be-4926-96a6-534c5c5588ca@group-A46A7F7EB5CD:t1, leader=4949dc81-86be-4926-96a6-534c5c5588ca, voted=4949dc81-86be-4926-96a6-534c5c5588ca, raftlog=Memoized:4949dc81-86be-4926-96a6-534c5c5588ca@group-A46A7F7EB5CD-SegmentedRaftLog:OPENED:c0, conf=0: peers:[4949dc81-86be-4926-96a6-534c5c5588ca|rpc:10.1.1.33:45371|dataStream:|priority:0|startupRole:FOLLOWER, 8af73eb1-79e8-42bd-81b7-d22b4389184f|rpc:10.1.1.33:44141|dataStream:|priority:1|startupRole:FOLLOWER, c8bfac46-0061-4906-a354-59c2fa211c25|rpc:10.1.1.33:41215|dataStream:|priority:0|startupRole:FOLLOWER]|listeners:[], old=null RUNNING
2022-11-24 06:39:18,205 [Command processor thread] INFO  server.RaftServer$Division (RaftServerImpl.java:lambda$close$4(458)) - 4949dc81-86be-4926-96a6-534c5c5588ca@group-A46A7F7EB5CD: shutdown
2022-11-24 06:39:18,205 [Command processor thread] INFO  util.JmxRegister (JmxRegister.java:unregister(73)) - Successfully un-registered JMX Bean with object name Ratis:service=RaftServer,group=group-A46A7F7EB5CD,id=4949dc81-86be-4926-96a6-534c5c5588ca
2022-11-24 06:39:18,205 [Command processor thread] INFO  impl.RoleInfo (RoleInfo.java:shutdownLeaderState(93)) - 4949dc81-86be-4926-96a6-534c5c5588ca: shutdown 4949dc81-86be-4926-96a6-534c5c5588ca@group-A46A7F7EB5CD-LeaderStateImpl
2022-11-24 06:39:18,205 [4949dc81-86be-4926-96a6-534c5c5588ca@group-A46A7F7EB5CD->c8bfac46-0061-4906-a354-59c2fa211c25-GrpcLogAppender-LogAppenderDaemon] WARN  server.GrpcLogAppender (GrpcLogAppender.java:mayWait(200)) - 4949dc81-86be-4926-96a6-534c5c5588ca@group-A46A7F7EB5CD->c8bfac46-0061-4906-a354-59c2fa211c25-GrpcLogAppender: Wait interrupted by java.lang.InterruptedException
2022-11-24 06:39:18,207 [grpc-default-executor-4] INFO  server.GrpcServerProtocolService (GrpcServerProtocolService.java:onCompleted(145)) - c8bfac46-0061-4906-a354-59c2fa211c25: Completed APPEND_ENTRIES, lastRequest: null
2022-11-24 06:39:18,209 [grpc-default-executor-3] INFO  server.GrpcServerProtocolService (GrpcServerProtocolService.java:onCompleted(145)) - c8bfac46-0061-4906-a354-59c2fa211c25: Completed APPEND_ENTRIES, lastRequest: 4949dc81-86be-4926-96a6-534c5c5588ca->c8bfac46-0061-4906-a354-59c2fa211c25#1-t1,previous=(t:0, i:0),leaderCommit=0,initializing? true,entries: size=1, first=(t:1, i:0), CONFIGURATIONENTRY(current:id: "4949dc81-86be-4926-96a6-534c5c5588ca"
address: "10.1.1.33:45371"
clientAddress: "10.1.1.33:45371"
adminAddress: "10.1.1.33:45371"
startupRole: FOLLOWER
,id: "8af73eb1-79e8-42bd-81b7-d22b4389184f"
address: "10.1.1.33:44141"
priority: 1
clientAddress: "10.1.1.33:44141"
adminAddress: "10.1.1.33:44141"
startupRole: FOLLOWER
,id: "c8bfac46-0061-4906-a354-59c2fa211c25"
address: "10.1.1.33:41215"
clientAddress: "10.1.1.33:41215"
adminAddress: "10.1.1.33:41215"
startupRole: FOLLOWER
, old:)
2022-11-24 06:39:18,210 [grpc-default-executor-0] INFO  server.GrpcLogAppender (GrpcLogAppender.java:onCompleted(415)) - 4949dc81-86be-4926-96a6-534c5c5588ca@group-A46A7F7EB5CD->c8bfac46-0061-4906-a354-59c2fa211c25-AppendLogResponseHandler: follower responses appendEntries COMPLETED
2022-11-24 06:39:18,212 [grpc-default-executor-4] INFO  server.GrpcLogAppender (GrpcLogAppender.java:onCompleted(415)) - 4949dc81-86be-4926-96a6-534c5c5588ca@group-A46A7F7EB5CD->c8bfac46-0061-4906-a354-59c2fa211c25-AppendLogResponseHandler: follower responses appendEntries COMPLETED
2022-11-24 06:39:18,212 [Command processor thread] INFO  impl.PendingRequests (PendingRequests.java:sendNotLeaderResponses(282)) - 4949dc81-86be-4926-96a6-534c5c5588ca@group-A46A7F7EB5CD-PendingRequests: sendNotLeaderResponses
2022-11-24 06:39:18,212 [grpc-default-executor-0] INFO  leader.FollowerInfo (FollowerInfoImpl.java:lambda$new$0(48)) - 4949dc81-86be-4926-96a6-534c5c5588ca@group-A46A7F7EB5CD->c8bfac46-0061-4906-a354-59c2fa211c25: nextIndex: updateUnconditionally 1 -> 0
2022-11-24 06:39:18,212 [grpc-default-executor-4] INFO  leader.FollowerInfo (FollowerInfoImpl.java:lambda$new$0(48)) - 4949dc81-86be-4926-96a6-534c5c5588ca@group-A46A7F7EB5CD->c8bfac46-0061-4906-a354-59c2fa211c25: nextIndex: updateUnconditionally 0 -> 0
2022-11-24 06:39:18,213 [4949dc81-86be-4926-96a6-534c5c5588ca@group-A46A7F7EB5CD-StateMachineUpdater] INFO  ratis.ContainerStateMachine (ContainerStateMachine.java:takeSnapshot(304)) - group-A46A7F7EB5CD: Taking a snapshot at:(t:1, i:0) file /home/runner/work/ozone/ozone/hadoop-ozone/integration-test/target/test-dir/MiniOzoneClusterImpl-3ca4de4a-72c8-4c23-a990-0556c1b2e11a/datanode-9/data/ratis/57982a3e-8dec-4699-b995-a46a7f7eb5cd/sm/snapshot.1_0
2022-11-24 06:39:18,213 [Command processor thread] INFO  impl.StateMachineUpdater (StateMachineUpdater.java:stopAndJoin(153)) - 4949dc81-86be-4926-96a6-534c5c5588ca@group-A46A7F7EB5CD-StateMachineUpdater: set stopIndex = 0
2022-11-24 06:39:18,215 [4949dc81-86be-4926-96a6-534c5c5588ca@group-A46A7F7EB5CD-StateMachineUpdater] INFO  ratis.ContainerStateMachine (ContainerStateMachine.java:takeSnapshot(315)) - group-A46A7F7EB5CD: Finished taking a snapshot at:(t:1, i:0) file:/home/runner/work/ozone/ozone/hadoop-ozone/integration-test/target/test-dir/MiniOzoneClusterImpl-3ca4de4a-72c8-4c23-a990-0556c1b2e11a/datanode-9/data/ratis/57982a3e-8dec-4699-b995-a46a7f7eb5cd/sm/snapshot.1_0 took: 1 ms
2022-11-24 06:39:18,215 [4949dc81-86be-4926-96a6-534c5c5588ca@group-A46A7F7EB5CD-StateMachineUpdater] INFO  impl.StateMachineUpdater (StateMachineUpdater.java:takeSnapshot(287)) - 4949dc81-86be-4926-96a6-534c5c5588ca@group-A46A7F7EB5CD-StateMachineUpdater: Took a snapshot at index 0
2022-11-24 06:39:18,215 [4949dc81-86be-4926-96a6-534c5c5588ca@group-A46A7F7EB5CD-StateMachineUpdater] INFO  impl.StateMachineUpdater (StateMachineUpdater.java:lambda$new$0(92)) - 4949dc81-86be-4926-96a6-534c5c5588ca@group-A46A7F7EB5CD-StateMachineUpdater: snapshotIndex: updateIncreasingly -1 -> 0
2022-11-24 06:39:18,215 [Command processor thread] INFO  server.RaftServer$Division (ServerState.java:close(466)) - 4949dc81-86be-4926-96a6-534c5c5588ca@group-A46A7F7EB5CD: closes. applyIndex: 0
2022-11-24 06:39:18,216 [4949dc81-86be-4926-96a6-534c5c5588ca@group-A46A7F7EB5CD-SegmentedRaftLogWorker] INFO  segmented.SegmentedRaftLogWorker (SegmentedRaftLogWorker.java:run(345)) - 4949dc81-86be-4926-96a6-534c5c5588ca@group-A46A7F7EB5CD-SegmentedRaftLogWorker was interrupted, exiting. There are 0 tasks remaining in the queue.
2022-11-24 06:39:18,218 [Command processor thread] INFO  segmented.SegmentedRaftLogWorker (SegmentedRaftLogWorker.java:close(255)) - 4949dc81-86be-4926-96a6-534c5c5588ca@group-A46A7F7EB5CD-SegmentedRaftLogWorker close()
2022-11-24 06:39:18,221 [Command processor thread] INFO  server.RaftServer$Division (RaftServerImpl.java:groupRemove(428)) - 4949dc81-86be-4926-96a6-534c5c5588ca@group-A46A7F7EB5CD: Succeed to remove RaftStorageDirectory Storage Directory /home/runner/work/ozone/ozone/hadoop-ozone/integration-test/target/test-dir/MiniOzoneClusterImpl-3ca4de4a-72c8-4c23-a990-0556c1b2e11a/datanode-9/data/ratis/57982a3e-8dec-4699-b995-a46a7f7eb5cd
2022-11-24 06:39:18,221 [Command processor thread] INFO  commandhandler.ClosePipelineCommandHandler (ClosePipelineCommandHandler.java:handle(78)) - Close Pipeline PipelineID=57982a3e-8dec-4699-b995-a46a7f7eb5cd command on datanode 4949dc81-86be-4926-96a6-534c5c5588ca.
]]></system-out>
  </testcase>
</testsuite>