<?xml version="1.0" encoding="UTF-8"?>
<testsuite xmlns:xsi="http://www.w3.org/2001/XMLSchema-instance" xsi:noNamespaceSchemaLocation="https://maven.apache.org/surefire/maven-surefire-plugin/xsd/surefire-test-report-3.0.xsd" version="3.0" name="org.apache.hadoop.fs.ozone.TestOzoneFileSystem" time="303.412" tests="136" errors="0" skipped="0" failures="2">
  <properties>
    <property name="awt.toolkit" value="sun.awt.X11.XToolkit"/>
    <property name="file.encoding.pkg" value="sun.io"/>
    <property name="java.specification.version" value="1.8"/>
    <property name="sun.cpu.isalist" value=""/>
    <property name="sun.jnu.encoding" value="UTF-8"/>
    <property name="java.class.path" value="/home/runner/work/ozone/ozone/hadoop-ozone/integration-test/target/test-classes:/home/runner/work/ozone/ozone/hadoop-ozone/integration-test/target/classes:/home/runner/.m2/repository/org/apache/ozone/ozone-common/1.3.0-SNAPSHOT/ozone-common-1.3.0-SNAPSHOT.jar:/home/runner/.m2/repository/io/grpc/grpc-netty/1.44.0/grpc-netty-1.44.0.jar:/home/runner/.m2/repository/io/grpc/grpc-core/1.44.0/grpc-core-1.44.0.jar:/home/runner/.m2/repository/com/google/android/annotations/4.1.1.4/annotations-4.1.1.4.jar:/home/runner/.m2/repository/org/codehaus/mojo/animal-sniffer-annotations/1.19/animal-sniffer-annotations-1.19.jar:/home/runner/.m2/repository/com/google/errorprone/error_prone_annotations/2.2.0/error_prone_annotations-2.2.0.jar:/home/runner/.m2/repository/io/perfmark/perfmark-api/0.23.0/perfmark-api-0.23.0.jar:/home/runner/.m2/repository/io/netty/netty-codec-http2/4.1.74.Final/netty-codec-http2-4.1.74.Final.jar:/home/runner/.m2/repository/io/netty/netty-common/4.1.74.Final/netty-common-4.1.74.Final.jar:/home/runner/.m2/repository/io/netty/netty-buffer/4.1.74.Final/netty-buffer-4.1.74.Final.jar:/home/runner/.m2/repository/io/netty/netty-codec-http/4.1.74.Final/netty-codec-http-4.1.74.Final.jar:/home/runner/.m2/repository/io/netty/netty-handler-proxy/4.1.74.Final/netty-handler-proxy-4.1.74.Final.jar:/home/runner/.m2/repository/io/netty/netty-codec-socks/4.1.74.Final/netty-codec-socks-4.1.74.Final.jar:/home/runner/.m2/repository/io/netty/netty-tcnative-boringssl-static/2.0.48.Final/netty-tcnative-boringssl-static-2.0.48.Final.jar:/home/runner/.m2/repository/io/netty/netty-tcnative-classes/2.0.48.Final/netty-tcnative-classes-2.0.48.Final.jar:/home/runner/.m2/repository/io/netty/netty-tcnative/2.0.48.Final/netty-tcnative-2.0.48.Final.jar:/home/runner/.m2/repository/org/apache/commons/commons-compress/1.21/commons-compress-1.21.jar:/home/runner/.m2/repository/org/apache/ozone/hdds-common/1.3.0-SNAPSHOT/hdds-common-1.3.0-SNAPSHOT.jar:/home/runner/.m2/repository/org/apache/ozone/hdds-client/1.3.0-SNAPSHOT/hdds-client-1.3.0-SNAPSHOT.jar:/home/runner/.m2/repository/org/apache/ozone/ozone-interface-client/1.3.0-SNAPSHOT/ozone-interface-client-1.3.0-SNAPSHOT.jar:/home/runner/.m2/repository/org/apache/ozone/hdds-test-utils/1.3.0-SNAPSHOT/hdds-test-utils-1.3.0-SNAPSHOT.jar:/home/runner/.m2/repository/com/google/guava/guava/31.1-jre/guava-31.1-jre.jar:/home/runner/.m2/repository/com/google/guava/failureaccess/1.0.1/failureaccess-1.0.1.jar:/home/runner/.m2/repository/com/google/guava/listenablefuture/9999.0-empty-to-avoid-conflict-with-guava/listenablefuture-9999.0-empty-to-avoid-conflict-with-guava.jar:/home/runner/.m2/repository/com/google/code/findbugs/jsr305/3.0.0/jsr305-3.0.0.jar:/home/runner/.m2/repository/org/checkerframework/checker-qual/3.12.0/checker-qual-3.12.0.jar:/home/runner/.m2/repository/com/google/j2objc/j2objc-annotations/1.3/j2objc-annotations-1.3.jar:/home/runner/.m2/repository/commons-io/commons-io/2.11.0/commons-io-2.11.0.jar:/home/runner/.m2/repository/commons-logging/commons-logging/1.2/commons-logging-1.2.jar:/home/runner/.m2/repository/log4j/log4j/1.2.17/log4j-1.2.17.jar:/home/runner/.m2/repository/org/slf4j/slf4j-api/1.7.30/slf4j-api-1.7.30.jar:/home/runner/.m2/repository/org/apache/ozone/hdds-server-scm/1.3.0-SNAPSHOT/hdds-server-scm-1.3.0-SNAPSHOT.jar:/home/runner/.m2/repository/org/apache/ozone/hdds-container-service/1.3.0-SNAPSHOT/hdds-container-service-1.3.0-SNAPSHOT.jar:/home/runner/.m2/repository/org/apache/ozone/hdds-hadoop-dependency-server/1.3.0-SNAPSHOT/hdds-hadoop-dependency-server-1.3.0-SNAPSHOT.jar:/home/runner/.m2/repository/org/apache/hadoop/hadoop-hdfs/3.3.1/hadoop-hdfs-3.3.1.jar:/home/runner/.m2/repository/org/apache/ozone/hdds-server-framework/1.3.0-SNAPSHOT/hdds-server-framework-1.3.0-SNAPSHOT.jar:/home/runner/.m2/repository/org/apache/ozone/hdds-interface-server/1.3.0-SNAPSHOT/hdds-interface-server-1.3.0-SNAPSHOT.jar:/home/runner/.m2/repository/org/apache/logging/log4j/log4j-core/2.17.1/log4j-core-2.17.1.jar:/home/runner/.m2/repository/com/lmax/disruptor/3.4.2/disruptor-3.4.2.jar:/home/runner/.m2/repository/org/eclipse/jetty/jetty-servlet/9.4.43.v20210629/jetty-servlet-9.4.43.v20210629.jar:/home/runner/.m2/repository/org/eclipse/jetty/jetty-security/9.4.43.v20210629/jetty-security-9.4.43.v20210629.jar:/home/runner/.m2/repository/org/rocksdb/rocksdbjni/6.29.5/rocksdbjni-6.29.5.jar:/home/runner/.m2/repository/io/prometheus/simpleclient_dropwizard/0.7.0/simpleclient_dropwizard-0.7.0.jar:/home/runner/.m2/repository/io/prometheus/simpleclient/0.7.0/simpleclient-0.7.0.jar:/home/runner/.m2/repository/io/prometheus/simpleclient_common/0.7.0/simpleclient_common-0.7.0.jar:/home/runner/.m2/repository/io/dropwizard/metrics/metrics-core/3.2.4/metrics-core-3.2.4.jar:/home/runner/.m2/repository/org/apache/hadoop/hadoop-hdfs-client/3.3.1/hadoop-hdfs-client-3.3.1.jar:/home/runner/.m2/repository/org/bouncycastle/bcprov-jdk15on/1.67/bcprov-jdk15on-1.67.jar:/home/runner/.m2/repository/com/google/protobuf/protobuf-java/2.5.0/protobuf-java-2.5.0.jar:/home/runner/.m2/repository/org/apache/ozone/ozone-manager/1.3.0-SNAPSHOT/ozone-manager-1.3.0-SNAPSHOT.jar:/home/runner/.m2/repository/org/aspectj/aspectjrt/1.9.7/aspectjrt-1.9.7.jar:/home/runner/.m2/repository/org/aspectj/aspectjweaver/1.9.7/aspectjweaver-1.9.7.jar:/home/runner/.m2/repository/org/apache/ozone/hdds-interface-client/1.3.0-SNAPSHOT/hdds-interface-client-1.3.0-SNAPSHOT.jar:/home/runner/.m2/repository/org/apache/hadoop/thirdparty/hadoop-shaded-protobuf_3_7/1.1.1/hadoop-shaded-protobuf_3_7-1.1.1.jar:/home/runner/.m2/repository/org/apache/ozone/ozone-interface-storage/1.3.0-SNAPSHOT/ozone-interface-storage-1.3.0-SNAPSHOT.jar:/home/runner/.m2/repository/org/reflections/reflections/0.9.11/reflections-0.9.11.jar:/home/runner/.m2/repository/com/sun/jersey/jersey-client/1.19/jersey-client-1.19.jar:/home/runner/.m2/repository/org/apache/ranger/ranger-intg/3.0.0-SNAPSHOT/ranger-intg-3.0.0-SNAPSHOT.jar:/home/runner/.m2/repository/org/apache/ranger/ranger-plugins-common/3.0.0-SNAPSHOT/ranger-plugins-common-3.0.0-SNAPSHOT.jar:/home/runner/.m2/repository/commons-lang/commons-lang/2.6/commons-lang-2.6.jar:/home/runner/.m2/repository/org/codehaus/jackson/jackson-jaxrs/1.9.13/jackson-jaxrs-1.9.13.jar:/home/runner/.m2/repository/org/apache/ranger/ranger-plugins-cred/3.0.0-SNAPSHOT/ranger-plugins-cred-3.0.0-SNAPSHOT.jar:/home/runner/.m2/repository/org/apache/ranger/ranger-plugins-audit/3.0.0-SNAPSHOT/ranger-plugins-audit-3.0.0-SNAPSHOT.jar:/home/runner/.m2/repository/org/apache/kafka/kafka-clients/2.8.1/kafka-clients-2.8.1.jar:/home/runner/.m2/repository/com/github/luben/zstd-jni/1.4.9-1/zstd-jni-1.4.9-1.jar:/home/runner/.m2/repository/org/apache/solr/solr-solrj/8.6.3/solr-solrj-8.6.3.jar:/home/runner/.m2/repository/org/eclipse/jetty/jetty-client/9.4.44.v20210927/jetty-client-9.4.44.v20210927.jar:/home/runner/.m2/repository/org/apache/httpcomponents/httpmime/4.5.13/httpmime-4.5.13.jar:/home/runner/.m2/repository/org/apache/httpcomponents/httpcore-nio/4.4.14/httpcore-nio-4.4.14.jar:/home/runner/.m2/repository/org/apache/httpcomponents/httpasyncclient/4.1.4/httpasyncclient-4.1.4.jar:/home/runner/.m2/repository/com/carrotsearch/hppc/0.8.0/hppc-0.8.0.jar:/home/runner/.m2/repository/org/apache/hive/hive-storage-api/2.7.2/hive-storage-api-2.7.2.jar:/home/runner/.m2/repository/org/apache/orc/orc-core/1.5.8/orc-core-1.5.8.jar:/home/runner/.m2/repository/com/amazonaws/aws-java-sdk-bundle/1.12.125/aws-java-sdk-bundle-1.12.125.jar:/home/runner/.m2/repository/net/java/dev/jna/jna/5.2.0/jna-5.2.0.jar:/home/runner/.m2/repository/net/java/dev/jna/jna-platform/5.2.0/jna-platform-5.2.0.jar:/home/runner/.m2/repository/com/kstruct/gethostname4j/0.0.2/gethostname4j-0.0.2.jar:/home/runner/.m2/repository/org/apache/ranger/ranger-plugin-classloader/3.0.0-SNAPSHOT/ranger-plugin-classloader-3.0.0-SNAPSHOT.jar:/home/runner/.m2/repository/org/apache/hadoop/hadoop-minikdc/3.3.1/hadoop-minikdc-3.3.1.jar:/home/runner/.m2/repository/org/apache/kerby/kerb-simplekdc/1.0.1/kerb-simplekdc-1.0.1.jar:/home/runner/.m2/repository/org/apache/kerby/kerb-client/1.0.1/kerb-client-1.0.1.jar:/home/runner/.m2/repository/org/apache/kerby/kerby-config/1.0.1/kerby-config-1.0.1.jar:/home/runner/.m2/repository/org/apache/kerby/kerb-common/1.0.1/kerb-common-1.0.1.jar:/home/runner/.m2/repository/org/apache/kerby/kerb-crypto/1.0.1/kerb-crypto-1.0.1.jar:/home/runner/.m2/repository/org/apache/kerby/kerb-util/1.0.1/kerb-util-1.0.1.jar:/home/runner/.m2/repository/org/apache/kerby/token-provider/1.0.1/token-provider-1.0.1.jar:/home/runner/.m2/repository/org/apache/kerby/kerb-admin/1.0.1/kerb-admin-1.0.1.jar:/home/runner/.m2/repository/org/apache/kerby/kerb-server/1.0.1/kerb-server-1.0.1.jar:/home/runner/.m2/repository/org/apache/kerby/kerb-identity/1.0.1/kerb-identity-1.0.1.jar:/home/runner/.m2/repository/org/apache/kerby/kerby-xdr/1.0.1/kerby-xdr-1.0.1.jar:/home/runner/.m2/repository/org/slf4j/slf4j-log4j12/1.7.30/slf4j-log4j12-1.7.30.jar:/home/runner/.m2/repository/org/apache/ozone/ozone-s3gateway/1.3.0-SNAPSHOT/ozone-s3gateway-1.3.0-SNAPSHOT.jar:/home/runner/.m2/repository/org/javassist/javassist/3.21.0-GA/javassist-3.21.0-GA.jar:/home/runner/.m2/repository/org/jboss/weld/servlet/weld-servlet/2.4.7.Final/weld-servlet-2.4.7.Final.jar:/home/runner/.m2/repository/org/glassfish/jersey/containers/jersey-container-servlet-core/2.33/jersey-container-servlet-core-2.33.jar:/home/runner/.m2/repository/org/glassfish/hk2/external/jakarta.inject/2.6.1/jakarta.inject-2.6.1.jar:/home/runner/.m2/repository/org/glassfish/jersey/core/jersey-common/2.33/jersey-common-2.33.jar:/home/runner/.m2/repository/jakarta/ws/rs/jakarta.ws.rs-api/2.1.6/jakarta.ws.rs-api-2.1.6.jar:/home/runner/.m2/repository/org/glassfish/jersey/ext/cdi/jersey-cdi1x/2.33/jersey-cdi1x-2.33.jar:/home/runner/.m2/repository/org/glassfish/jersey/inject/jersey-hk2/2.33/jersey-hk2-2.33.jar:/home/runner/.m2/repository/org/glassfish/hk2/hk2-locator/2.6.1/hk2-locator-2.6.1.jar:/home/runner/.m2/repository/org/glassfish/jersey/media/jersey-media-jaxb/2.33/jersey-media-jaxb-2.33.jar:/home/runner/.m2/repository/org/glassfish/hk2/osgi-resource-locator/1.0.3/osgi-resource-locator-1.0.3.jar:/home/runner/.m2/repository/org/glassfish/hk2/hk2-api/2.5.0/hk2-api-2.5.0.jar:/home/runner/.m2/repository/org/glassfish/hk2/hk2-utils/2.5.0/hk2-utils-2.5.0.jar:/home/runner/.m2/repository/org/glassfish/hk2/external/aopalliance-repackaged/2.5.0/aopalliance-repackaged-2.5.0.jar:/home/runner/.m2/repository/com/fasterxml/jackson/dataformat/jackson-dataformat-xml/2.13.2/jackson-dataformat-xml-2.13.2.jar:/home/runner/.m2/repository/com/fasterxml/jackson/core/jackson-core/2.13.2/jackson-core-2.13.2.jar:/home/runner/.m2/repository/org/codehaus/woodstox/stax2-api/3.1.4/stax2-api-3.1.4.jar:/home/runner/.m2/repository/com/fasterxml/woodstox/woodstox-core/5.0.3/woodstox-core-5.0.3.jar:/home/runner/.m2/repository/com/fasterxml/jackson/module/jackson-module-jaxb-annotations/2.13.2/jackson-module-jaxb-annotations-2.13.2.jar:/home/runner/.m2/repository/jakarta/xml/bind/jakarta.xml.bind-api/2.3.3/jakarta.xml.bind-api-2.3.3.jar:/home/runner/.m2/repository/jakarta/activation/jakarta.activation-api/1.2.1/jakarta.activation-api-1.2.1.jar:/home/runner/.m2/repository/javax/enterprise/cdi-api/1.2/cdi-api-1.2.jar:/home/runner/.m2/repository/javax/el/javax.el-api/3.0.0/javax.el-api-3.0.0.jar:/home/runner/.m2/repository/javax/interceptor/javax.interceptor-api/1.2/javax.interceptor-api-1.2.jar:/home/runner/.m2/repository/javax/inject/javax.inject/1/javax.inject-1.jar:/home/runner/.m2/repository/javax/xml/bind/jaxb-api/2.3.0/jaxb-api-2.3.0.jar:/home/runner/.m2/repository/org/glassfish/jaxb/jaxb-runtime/2.3.0.1/jaxb-runtime-2.3.0.1.jar:/home/runner/.m2/repository/org/glassfish/jaxb/jaxb-core/2.3.0.1/jaxb-core-2.3.0.1.jar:/home/runner/.m2/repository/org/glassfish/jaxb/txw2/2.3.0.1/txw2-2.3.0.1.jar:/home/runner/.m2/repository/com/sun/istack/istack-commons-runtime/3.0.5/istack-commons-runtime-3.0.5.jar:/home/runner/.m2/repository/org/jvnet/staxex/stax-ex/1.7.8/stax-ex-1.7.8.jar:/home/runner/.m2/repository/com/sun/xml/fastinfoset/FastInfoset/1.2.13/FastInfoset-1.2.13.jar:/home/runner/.m2/repository/javax/activation/activation/1.1.1/activation-1.1.1.jar:/home/runner/.m2/repository/io/grpc/grpc-protobuf/1.44.0/grpc-protobuf-1.44.0.jar:/home/runner/.m2/repository/io/grpc/grpc-api/1.44.0/grpc-api-1.44.0.jar:/home/runner/.m2/repository/io/grpc/grpc-context/1.44.0/grpc-context-1.44.0.jar:/home/runner/.m2/repository/com/google/api/grpc/proto-google-common-protos/2.0.1/proto-google-common-protos-2.0.1.jar:/home/runner/.m2/repository/io/grpc/grpc-protobuf-lite/1.44.0/grpc-protobuf-lite-1.44.0.jar:/home/runner/.m2/repository/io/grpc/grpc-stub/1.44.0/grpc-stub-1.44.0.jar:/home/runner/.m2/repository/io/netty/netty-transport/4.1.74.Final/netty-transport-4.1.74.Final.jar:/home/runner/.m2/repository/io/netty/netty-resolver/4.1.74.Final/netty-resolver-4.1.74.Final.jar:/home/runner/.m2/repository/org/apache/ozone/ozone-csi/1.3.0-SNAPSHOT/ozone-csi-1.3.0-SNAPSHOT.jar:/home/runner/.m2/repository/com/google/protobuf/protobuf-java-util/3.19.2/protobuf-java-util-3.19.2.jar:/home/runner/.m2/repository/com/google/code/gson/gson/2.8.9/gson-2.8.9.jar:/home/runner/.m2/repository/org/apache/ozone/hdds-config/1.3.0-SNAPSHOT/hdds-config-1.3.0-SNAPSHOT.jar:/home/runner/.m2/repository/io/netty/netty-transport-native-epoll/4.1.74.Final/netty-transport-native-epoll-4.1.74.Final-linux-x86_64.jar:/home/runner/.m2/repository/io/netty/netty-transport-classes-epoll/4.1.74.Final/netty-transport-classes-epoll-4.1.74.Final.jar:/home/runner/.m2/repository/io/netty/netty-transport-native-unix-common/4.1.74.Final/netty-transport-native-unix-common-4.1.74.Final.jar:/home/runner/.m2/repository/org/apache/ozone/ozone-recon/1.3.0-SNAPSHOT/ozone-recon-1.3.0-SNAPSHOT.jar:/home/runner/.m2/repository/org/apache/ozone/ozone-reconcodegen/1.3.0-SNAPSHOT/ozone-reconcodegen-1.3.0-SNAPSHOT.jar:/home/runner/.m2/repository/com/google/inject/extensions/guice-multibindings/4.0/guice-multibindings-4.0.jar:/home/runner/.m2/repository/com/google/inject/guice/4.0/guice-4.0.jar:/home/runner/.m2/repository/aopalliance/aopalliance/1.0/aopalliance-1.0.jar:/home/runner/.m2/repository/com/google/inject/extensions/guice-assistedinject/4.0/guice-assistedinject-4.0.jar:/home/runner/.m2/repository/com/google/inject/extensions/guice-servlet/4.0/guice-servlet-4.0.jar:/home/runner/.m2/repository/org/glassfish/jersey/containers/jersey-container-servlet/2.33/jersey-container-servlet-2.33.jar:/home/runner/.m2/repository/org/glassfish/hk2/guice-bridge/2.5.0/guice-bridge-2.5.0.jar:/home/runner/.m2/repository/org/glassfish/jersey/core/jersey-server/2.33/jersey-server-2.33.jar:/home/runner/.m2/repository/org/glassfish/jersey/core/jersey-client/2.33/jersey-client-2.33.jar:/home/runner/.m2/repository/jakarta/annotation/jakarta.annotation-api/1.3.5/jakarta.annotation-api-1.3.5.jar:/home/runner/.m2/repository/jakarta/validation/jakarta.validation-api/2.0.2/jakarta.validation-api-2.0.2.jar:/home/runner/.m2/repository/org/glassfish/jersey/media/jersey-media-json-jackson/2.33/jersey-media-json-jackson-2.33.jar:/home/runner/.m2/repository/org/glassfish/jersey/ext/jersey-entity-filtering/2.33/jersey-entity-filtering-2.33.jar:/home/runner/.m2/repository/org/jooq/jooq/3.11.10/jooq-3.11.10.jar:/home/runner/.m2/repository/org/jooq/jooq-meta/3.11.10/jooq-meta-3.11.10.jar:/home/runner/.m2/repository/org/jooq/jooq-codegen/3.11.10/jooq-codegen-3.11.10.jar:/home/runner/.m2/repository/com/jolbox/bonecp/0.8.0.RELEASE/bonecp-0.8.0.RELEASE.jar:/home/runner/.m2/repository/org/apache/derby/derby/10.14.2.0/derby-10.14.2.0.jar:/home/runner/.m2/repository/org/xerial/sqlite-jdbc/3.25.2/sqlite-jdbc-3.25.2.jar:/home/runner/.m2/repository/org/springframework/spring-jdbc/5.2.20.RELEASE/spring-jdbc-5.2.20.RELEASE.jar:/home/runner/.m2/repository/org/springframework/spring-beans/5.2.20.RELEASE/spring-beans-5.2.20.RELEASE.jar:/home/runner/.m2/repository/org/springframework/spring-core/5.2.20.RELEASE/spring-core-5.2.20.RELEASE.jar:/home/runner/.m2/repository/org/springframework/spring-jcl/5.2.20.RELEASE/spring-jcl-5.2.20.RELEASE.jar:/home/runner/.m2/repository/org/springframework/spring-tx/5.2.20.RELEASE/spring-tx-5.2.20.RELEASE.jar:/home/runner/.m2/repository/org/apache/ozone/ozone-client/1.3.0-SNAPSHOT/ozone-client-1.3.0-SNAPSHOT.jar:/home/runner/.m2/repository/org/apache/ozone/hdds-erasurecode/1.3.0-SNAPSHOT/hdds-erasurecode-1.3.0-SNAPSHOT.jar:/home/runner/.m2/repository/com/github/spotbugs/spotbugs-annotations/3.1.12/spotbugs-annotations-3.1.12.jar:/home/runner/.m2/repository/org/apache/ozone/ozone-filesystem/1.3.0-SNAPSHOT/ozone-filesystem-1.3.0-SNAPSHOT.jar:/home/runner/.m2/repository/org/apache/ozone/ozone-filesystem-common/1.3.0-SNAPSHOT/ozone-filesystem-common-1.3.0-SNAPSHOT.jar:/home/runner/.m2/repository/org/apache/ozone/ozone-tools/1.3.0-SNAPSHOT/ozone-tools-1.3.0-SNAPSHOT.jar:/home/runner/.m2/repository/org/apache/ratis/ratis-tools/2.3.0/ratis-tools-2.3.0.jar:/home/runner/.m2/repository/com/amazonaws/aws-java-sdk-core/1.12.124/aws-java-sdk-core-1.12.124.jar:/home/runner/.m2/repository/org/apache/httpcomponents/httpclient/4.5.13/httpclient-4.5.13.jar:/home/runner/.m2/repository/org/apache/httpcomponents/httpcore/4.4.13/httpcore-4.4.13.jar:/home/runner/.m2/repository/software/amazon/ion/ion-java/1.0.2/ion-java-1.0.2.jar:/home/runner/.m2/repository/com/fasterxml/jackson/dataformat/jackson-dataformat-cbor/2.13.2/jackson-dataformat-cbor-2.13.2.jar:/home/runner/.m2/repository/joda-time/joda-time/2.8.1/joda-time-2.8.1.jar:/home/runner/.m2/repository/com/amazonaws/aws-java-sdk-s3/1.12.124/aws-java-sdk-s3-1.12.124.jar:/home/runner/.m2/repository/com/amazonaws/aws-java-sdk-kms/1.12.124/aws-java-sdk-kms-1.12.124.jar:/home/runner/.m2/repository/com/amazonaws/jmespath-java/1.12.124/jmespath-java-1.12.124.jar:/home/runner/.m2/repository/org/kohsuke/metainf-services/metainf-services/1.8/metainf-services-1.8.jar:/home/runner/.m2/repository/org/apache/ozone/hdds-tools/1.3.0-SNAPSHOT/hdds-tools-1.3.0-SNAPSHOT.jar:/home/runner/.m2/repository/commons-cli/commons-cli/1.2/commons-cli-1.2.jar:/home/runner/.m2/repository/org/apache/commons/commons-lang3/3.7/commons-lang3-3.7.jar:/home/runner/.m2/repository/org/apache/ozone/ozone-manager/1.3.0-SNAPSHOT/ozone-manager-1.3.0-SNAPSHOT-tests.jar:/home/runner/.m2/repository/org/apache/ozone/hdds-common/1.3.0-SNAPSHOT/hdds-common-1.3.0-SNAPSHOT-tests.jar:/home/runner/.m2/repository/org/apache/ozone/hdds-hadoop-dependency-client/1.3.0-SNAPSHOT/hdds-hadoop-dependency-client-1.3.0-SNAPSHOT.jar:/home/runner/.m2/repository/info/picocli/picocli/4.6.1/picocli-4.6.1.jar:/home/runner/.m2/repository/com/fasterxml/jackson/core/jackson-annotations/2.13.2/jackson-annotations-2.13.2.jar:/home/runner/.m2/repository/com/fasterxml/jackson/datatype/jackson-datatype-jsr310/2.13.2/jackson-datatype-jsr310-2.13.2.jar:/home/runner/.m2/repository/javax/annotation/javax.annotation-api/1.2/javax.annotation-api-1.2.jar:/home/runner/.m2/repository/org/apache/ratis/ratis-server/2.3.0/ratis-server-2.3.0.jar:/home/runner/.m2/repository/org/apache/ratis/ratis-client/2.3.0/ratis-client-2.3.0.jar:/home/runner/.m2/repository/org/apache/ratis/ratis-server-api/2.3.0/ratis-server-api-2.3.0.jar:/home/runner/.m2/repository/org/apache/ratis/ratis-metrics/2.3.0/ratis-metrics-2.3.0.jar:/home/runner/.m2/repository/org/apache/ratis/ratis-netty/2.3.0/ratis-netty-2.3.0.jar:/home/runner/.m2/repository/org/apache/ratis/ratis-grpc/2.3.0/ratis-grpc-2.3.0.jar:/home/runner/.m2/repository/org/apache/logging/log4j/log4j-api/2.17.1/log4j-api-2.17.1.jar:/home/runner/.m2/repository/org/apache/commons/commons-pool2/2.6.0/commons-pool2-2.6.0.jar:/home/runner/.m2/repository/org/bouncycastle/bcpkix-jdk15on/1.67/bcpkix-jdk15on-1.67.jar:/home/runner/.m2/repository/commons-validator/commons-validator/1.6/commons-validator-1.6.jar:/home/runner/.m2/repository/commons-beanutils/commons-beanutils/1.9.4/commons-beanutils-1.9.4.jar:/home/runner/.m2/repository/commons-digester/commons-digester/1.8.1/commons-digester-1.8.1.jar:/home/runner/.m2/repository/commons-collections/commons-collections/3.2.2/commons-collections-3.2.2.jar:/home/runner/.m2/repository/io/jaegertracing/jaeger-client/1.6.0/jaeger-client-1.6.0.jar:/home/runner/.m2/repository/io/jaegertracing/jaeger-thrift/1.6.0/jaeger-thrift-1.6.0.jar:/home/runner/.m2/repository/org/apache/thrift/libthrift/0.14.1/libthrift-0.14.1.jar:/home/runner/.m2/repository/com/squareup/okhttp3/okhttp/4.9.0/okhttp-4.9.0.jar:/home/runner/.m2/repository/com/squareup/okio/okio/2.8.0/okio-2.8.0.jar:/home/runner/.m2/repository/io/jaegertracing/jaeger-core/1.6.0/jaeger-core-1.6.0.jar:/home/runner/.m2/repository/io/jaegertracing/jaeger-tracerresolver/1.6.0/jaeger-tracerresolver-1.6.0.jar:/home/runner/.m2/repository/io/opentracing/contrib/opentracing-tracerresolver/0.1.8/opentracing-tracerresolver-0.1.8.jar:/home/runner/.m2/repository/org/jetbrains/kotlin/kotlin-stdlib/1.6.21/kotlin-stdlib-1.6.21.jar:/home/runner/.m2/repository/org/jetbrains/kotlin/kotlin-stdlib-common/1.6.21/kotlin-stdlib-common-1.6.21.jar:/home/runner/.m2/repository/org/jetbrains/annotations/13.0/annotations-13.0.jar:/home/runner/.m2/repository/io/opentracing/opentracing-util/0.33.0/opentracing-util-0.33.0.jar:/home/runner/.m2/repository/io/opentracing/opentracing-api/0.33.0/opentracing-api-0.33.0.jar:/home/runner/.m2/repository/io/opentracing/opentracing-noop/0.33.0/opentracing-noop-0.33.0.jar:/home/runner/.m2/repository/org/yaml/snakeyaml/1.26/snakeyaml-1.26.jar:/home/runner/.m2/repository/org/apache/ozone/hdds-interface-admin/1.3.0-SNAPSHOT/hdds-interface-admin-1.3.0-SNAPSHOT.jar:/home/runner/.m2/repository/junit/junit/4.13.1/junit-4.13.1.jar:/home/runner/.m2/repository/org/hamcrest/hamcrest-core/1.3/hamcrest-core-1.3.jar:/home/runner/.m2/repository/org/junit/jupiter/junit-jupiter-api/5.8.2/junit-jupiter-api-5.8.2.jar:/home/runner/.m2/repository/org/opentest4j/opentest4j/1.2.0/opentest4j-1.2.0.jar:/home/runner/.m2/repository/org/junit/platform/junit-platform-commons/1.8.2/junit-platform-commons-1.8.2.jar:/home/runner/.m2/repository/org/apiguardian/apiguardian-api/1.1.2/apiguardian-api-1.1.2.jar:/home/runner/.m2/repository/org/junit/jupiter/junit-jupiter-params/5.8.2/junit-jupiter-params-5.8.2.jar:/home/runner/.m2/repository/org/junit/jupiter/junit-jupiter-migrationsupport/5.8.2/junit-jupiter-migrationsupport-5.8.2.jar:/home/runner/.m2/repository/org/junit/jupiter/junit-jupiter-engine/5.8.2/junit-jupiter-engine-5.8.2.jar:/home/runner/.m2/repository/org/junit/platform/junit-platform-engine/1.8.2/junit-platform-engine-1.8.2.jar:/home/runner/.m2/repository/org/junit/vintage/junit-vintage-engine/5.8.2/junit-vintage-engine-5.8.2.jar:/home/runner/.m2/repository/org/junit/platform/junit-platform-launcher/1.8.2/junit-platform-launcher-1.8.2.jar:/home/runner/.m2/repository/org/mockito/mockito-core/2.28.2/mockito-core-2.28.2.jar:/home/runner/.m2/repository/net/bytebuddy/byte-buddy/1.9.10/byte-buddy-1.9.10.jar:/home/runner/.m2/repository/net/bytebuddy/byte-buddy-agent/1.9.10/byte-buddy-agent-1.9.10.jar:/home/runner/.m2/repository/org/objenesis/objenesis/1.0/objenesis-1.0.jar:/home/runner/.m2/repository/org/apache/hadoop/hadoop-kms/3.3.1/hadoop-kms-3.3.1.jar:/home/runner/.m2/repository/org/apache/hadoop/hadoop-auth/3.3.1/hadoop-auth-3.3.1.jar:/home/runner/.m2/repository/com/nimbusds/nimbus-jose-jwt/7.9/nimbus-jose-jwt-7.9.jar:/home/runner/.m2/repository/com/github/stephenc/jcip/jcip-annotations/1.0-1/jcip-annotations-1.0-1.jar:/home/runner/.m2/repository/net/minidev/json-smart/2.4.7/json-smart-2.4.7.jar:/home/runner/.m2/repository/net/minidev/accessors-smart/2.4.7/accessors-smart-2.4.7.jar:/home/runner/.m2/repository/org/ow2/asm/asm/5.0.4/asm-5.0.4.jar:/home/runner/.m2/repository/org/apache/zookeeper/zookeeper/3.5.6/zookeeper-3.5.6.jar:/home/runner/.m2/repository/org/apache/zookeeper/zookeeper-jute/3.5.6/zookeeper-jute-3.5.6.jar:/home/runner/.m2/repository/org/apache/yetus/audience-annotations/0.5.0/audience-annotations-0.5.0.jar:/home/runner/.m2/repository/org/apache/curator/curator-framework/4.2.0/curator-framework-4.2.0.jar:/home/runner/.m2/repository/org/apache/hadoop/thirdparty/hadoop-shaded-guava/1.1.1/hadoop-shaded-guava-1.1.1.jar:/home/runner/.m2/repository/com/sun/jersey/jersey-core/1.19/jersey-core-1.19.jar:/home/runner/.m2/repository/javax/ws/rs/jsr311-api/1.1.1/jsr311-api-1.1.1.jar:/home/runner/.m2/repository/com/sun/jersey/jersey-server/1.19/jersey-server-1.19.jar:/home/runner/.m2/repository/javax/servlet/javax.servlet-api/3.1.0/javax.servlet-api-3.1.0.jar:/home/runner/.m2/repository/org/eclipse/jetty/jetty-server/9.4.43.v20210629/jetty-server-9.4.43.v20210629.jar:/home/runner/.m2/repository/org/eclipse/jetty/jetty-http/9.4.43.v20210629/jetty-http-9.4.43.v20210629.jar:/home/runner/.m2/repository/org/eclipse/jetty/jetty-io/9.4.43.v20210629/jetty-io-9.4.43.v20210629.jar:/home/runner/.m2/repository/org/eclipse/jetty/jetty-webapp/9.4.43.v20210629/jetty-webapp-9.4.43.v20210629.jar:/home/runner/.m2/repository/org/eclipse/jetty/jetty-xml/9.4.43.v20210629/jetty-xml-9.4.43.v20210629.jar:/home/runner/.m2/repository/org/apache/hadoop/hadoop-common/3.3.1/hadoop-common-3.3.1.jar:/home/runner/.m2/repository/org/apache/commons/commons-math3/3.1.1/commons-math3-3.1.1.jar:/home/runner/.m2/repository/commons-net/commons-net/3.6/commons-net-3.6.jar:/home/runner/.m2/repository/com/sun/jersey/jersey-servlet/1.19/jersey-servlet-1.19.jar:/home/runner/.m2/repository/com/sun/jersey/jersey-json/1.19/jersey-json-1.19.jar:/home/runner/.m2/repository/org/codehaus/jettison/jettison/1.1/jettison-1.1.jar:/home/runner/.m2/repository/com/sun/xml/bind/jaxb-impl/2.2.3-1/jaxb-impl-2.2.3-1.jar:/home/runner/.m2/repository/org/codehaus/jackson/jackson-xc/1.9.2/jackson-xc-1.9.2.jar:/home/runner/.m2/repository/org/apache/commons/commons-configuration2/2.1.1/commons-configuration2-2.1.1.jar:/home/runner/.m2/repository/org/apache/commons/commons-text/1.4/commons-text-1.4.jar:/home/runner/.m2/repository/com/google/re2j/re2j/1.1/re2j-1.1.jar:/home/runner/.m2/repository/com/jcraft/jsch/0.1.54/jsch-0.1.54.jar:/home/runner/.m2/repository/org/apache/curator/curator-client/4.2.0/curator-client-4.2.0.jar:/home/runner/.m2/repository/org/apache/curator/curator-recipes/4.2.0/curator-recipes-4.2.0.jar:/home/runner/.m2/repository/org/apache/kerby/kerb-core/1.0.1/kerb-core-1.0.1.jar:/home/runner/.m2/repository/org/apache/kerby/kerby-pkix/1.0.1/kerby-pkix-1.0.1.jar:/home/runner/.m2/repository/org/apache/kerby/kerby-asn1/1.0.1/kerby-asn1-1.0.1.jar:/home/runner/.m2/repository/org/apache/kerby/kerby-util/1.0.1/kerby-util-1.0.1.jar:/home/runner/.m2/repository/dnsjava/dnsjava/2.1.7/dnsjava-2.1.7.jar:/home/runner/.m2/repository/org/xerial/snappy/snappy-java/1.1.8.2/snappy-java-1.1.8.2.jar:/home/runner/.m2/repository/org/slf4j/jul-to-slf4j/1.7.30/jul-to-slf4j-1.7.30.jar:/home/runner/.m2/repository/org/eclipse/jetty/jetty-util/9.4.43.v20210629/jetty-util-9.4.43.v20210629.jar:/home/runner/.m2/repository/com/fasterxml/jackson/core/jackson-databind/2.13.2.2/jackson-databind-2.13.2.2.jar:/home/runner/.m2/repository/org/apache/hadoop/hadoop-kms/3.3.1/hadoop-kms-3.3.1-tests.jar:/home/runner/.m2/repository/org/apache/ozone/hdds-server-scm/1.3.0-SNAPSHOT/hdds-server-scm-1.3.0-SNAPSHOT-tests.jar:/home/runner/.m2/repository/org/apache/ozone/hdds-container-service/1.3.0-SNAPSHOT/hdds-container-service-1.3.0-SNAPSHOT-tests.jar:/home/runner/.m2/repository/commons-codec/commons-codec/1.11/commons-codec-1.11.jar:/home/runner/.m2/repository/io/netty/netty-codec/4.1.74.Final/netty-codec-4.1.74.Final.jar:/home/runner/.m2/repository/io/netty/netty-handler/4.1.74.Final/netty-handler-4.1.74.Final.jar:/home/runner/.m2/repository/org/apache/ozone/hdds-hadoop-dependency-test/1.3.0-SNAPSHOT/hdds-hadoop-dependency-test-1.3.0-SNAPSHOT.jar:/home/runner/.m2/repository/org/apache/hadoop/hadoop-common/3.3.1/hadoop-common-3.3.1-tests.jar:/home/runner/.m2/repository/org/assertj/assertj-core/3.12.2/assertj-core-3.12.2.jar:/home/runner/.m2/repository/org/apache/hadoop/hadoop-hdfs/3.3.1/hadoop-hdfs-3.3.1-tests.jar:/home/runner/.m2/repository/org/eclipse/jetty/jetty-util-ajax/9.4.43.v20210629/jetty-util-ajax-9.4.43.v20210629.jar:/home/runner/.m2/repository/commons-daemon/commons-daemon/1.0.13/commons-daemon-1.0.13.jar:/home/runner/.m2/repository/io/netty/netty/3.10.6.Final/netty-3.10.6.Final.jar:/home/runner/.m2/repository/io/netty/netty-all/4.1.74.Final/netty-all-4.1.74.Final.jar:/home/runner/.m2/repository/io/netty/netty-codec-dns/4.1.74.Final/netty-codec-dns-4.1.74.Final.jar:/home/runner/.m2/repository/io/netty/netty-codec-haproxy/4.1.74.Final/netty-codec-haproxy-4.1.74.Final.jar:/home/runner/.m2/repository/io/netty/netty-codec-memcache/4.1.74.Final/netty-codec-memcache-4.1.74.Final.jar:/home/runner/.m2/repository/io/netty/netty-codec-mqtt/4.1.74.Final/netty-codec-mqtt-4.1.74.Final.jar:/home/runner/.m2/repository/io/netty/netty-codec-redis/4.1.74.Final/netty-codec-redis-4.1.74.Final.jar:/home/runner/.m2/repository/io/netty/netty-codec-smtp/4.1.74.Final/netty-codec-smtp-4.1.74.Final.jar:/home/runner/.m2/repository/io/netty/netty-codec-stomp/4.1.74.Final/netty-codec-stomp-4.1.74.Final.jar:/home/runner/.m2/repository/io/netty/netty-codec-xml/4.1.74.Final/netty-codec-xml-4.1.74.Final.jar:/home/runner/.m2/repository/io/netty/netty-resolver-dns/4.1.74.Final/netty-resolver-dns-4.1.74.Final.jar:/home/runner/.m2/repository/io/netty/netty-transport-rxtx/4.1.74.Final/netty-transport-rxtx-4.1.74.Final.jar:/home/runner/.m2/repository/io/netty/netty-transport-sctp/4.1.74.Final/netty-transport-sctp-4.1.74.Final.jar:/home/runner/.m2/repository/io/netty/netty-transport-udt/4.1.74.Final/netty-transport-udt-4.1.74.Final.jar:/home/runner/.m2/repository/io/netty/netty-transport-classes-kqueue/4.1.74.Final/netty-transport-classes-kqueue-4.1.74.Final.jar:/home/runner/.m2/repository/io/netty/netty-resolver-dns-classes-macos/4.1.74.Final/netty-resolver-dns-classes-macos-4.1.74.Final.jar:/home/runner/.m2/repository/io/netty/netty-transport-native-epoll/4.1.74.Final/netty-transport-native-epoll-4.1.74.Final-linux-aarch_64.jar:/home/runner/.m2/repository/io/netty/netty-transport-native-kqueue/4.1.74.Final/netty-transport-native-kqueue-4.1.74.Final-osx-x86_64.jar:/home/runner/.m2/repository/io/netty/netty-transport-native-kqueue/4.1.74.Final/netty-transport-native-kqueue-4.1.74.Final-osx-aarch_64.jar:/home/runner/.m2/repository/io/netty/netty-resolver-dns-native-macos/4.1.74.Final/netty-resolver-dns-native-macos-4.1.74.Final-osx-x86_64.jar:/home/runner/.m2/repository/io/netty/netty-resolver-dns-native-macos/4.1.74.Final/netty-resolver-dns-native-macos-4.1.74.Final-osx-aarch_64.jar:/home/runner/.m2/repository/org/apache/htrace/htrace-core4/4.1.0-incubating/htrace-core4-4.1.0-incubating.jar:/home/runner/.m2/repository/org/fusesource/leveldbjni/leveldbjni-all/1.8/leveldbjni-all-1.8.jar:/home/runner/.m2/repository/org/apache/hadoop/hadoop-distcp/3.3.1/hadoop-distcp-3.3.1.jar:/home/runner/.m2/repository/org/apache/hadoop/hadoop-mapreduce-client-jobclient/3.3.1/hadoop-mapreduce-client-jobclient-3.3.1.jar:/home/runner/.m2/repository/org/apache/hadoop/hadoop-mapreduce-client-common/3.3.1/hadoop-mapreduce-client-common-3.3.1.jar:/home/runner/.m2/repository/org/apache/hadoop/hadoop-yarn-common/3.3.1/hadoop-yarn-common-3.3.1.jar:/home/runner/.m2/repository/org/apache/hadoop/hadoop-yarn-api/3.3.1/hadoop-yarn-api-3.3.1.jar:/home/runner/.m2/repository/com/sun/jersey/contribs/jersey-guice/1.19/jersey-guice-1.19.jar:/home/runner/.m2/repository/com/fasterxml/jackson/jaxrs/jackson-jaxrs-json-provider/2.13.2/jackson-jaxrs-json-provider-2.13.2.jar:/home/runner/.m2/repository/com/fasterxml/jackson/jaxrs/jackson-jaxrs-base/2.13.2/jackson-jaxrs-base-2.13.2.jar:/home/runner/.m2/repository/org/apache/hadoop/hadoop-yarn-client/3.3.1/hadoop-yarn-client-3.3.1.jar:/home/runner/.m2/repository/org/eclipse/jetty/websocket/websocket-client/9.4.40.v20210413/websocket-client-9.4.40.v20210413.jar:/home/runner/.m2/repository/org/eclipse/jetty/websocket/websocket-common/9.4.40.v20210413/websocket-common-9.4.40.v20210413.jar:/home/runner/.m2/repository/org/eclipse/jetty/websocket/websocket-api/9.4.40.v20210413/websocket-api-9.4.40.v20210413.jar:/home/runner/.m2/repository/org/jline/jline/3.9.0/jline-3.9.0.jar:/home/runner/.m2/repository/org/apache/hadoop/hadoop-mapreduce-client-core/3.3.1/hadoop-mapreduce-client-core-3.3.1.jar:/home/runner/.m2/repository/org/apache/avro/avro/1.7.7/avro-1.7.7.jar:/home/runner/.m2/repository/org/codehaus/jackson/jackson-core-asl/1.9.13/jackson-core-asl-1.9.13.jar:/home/runner/.m2/repository/org/codehaus/jackson/jackson-mapper-asl/1.9.13/jackson-mapper-asl-1.9.13.jar:/home/runner/.m2/repository/com/thoughtworks/paranamer/paranamer/2.3/paranamer-2.3.jar:/home/runner/.m2/repository/org/apache/hadoop/hadoop-annotations/3.3.1/hadoop-annotations-3.3.1.jar:/usr/lib/jvm/temurin-8-jdk-amd64/jre/../lib/tools.jar:/home/runner/.m2/repository/org/apache/hadoop/hadoop-distcp/3.3.1/hadoop-distcp-3.3.1-tests.jar:/home/runner/.m2/repository/org/apache/ratis/ratis-common/2.3.0/ratis-common-2.3.0.jar:/home/runner/.m2/repository/org/apache/ratis/ratis-thirdparty-misc/1.0.0/ratis-thirdparty-misc-1.0.0.jar:/home/runner/.m2/repository/org/apache/ratis/ratis-proto/2.3.0/ratis-proto-2.3.0.jar:/home/runner/.m2/repository/org/apache/ozone/ozone-annotation-processing/1.3.0-SNAPSHOT/ozone-annotation-processing-1.3.0-SNAPSHOT.jar:"/>
    <property name="java.vm.vendor" value="Temurin"/>
    <property name="sun.arch.data.model" value="64"/>
    <property name="test.build.dir" value="/home/runner/work/ozone/ozone/hadoop-ozone/integration-test/target/test-dir"/>
    <property name="test.cache.data" value=""/>
    <property name="java.vendor.url" value="https://adoptium.net/"/>
    <property name="user.timezone" value="Etc/UTC"/>
    <property name="java.vm.specification.version" value="1.8"/>
    <property name="os.name" value="Linux"/>
    <property name="test.build.data" value="/home/runner/work/ozone/ozone/hadoop-ozone/integration-test/target/test-dir"/>
    <property name="sun.java.launcher" value="SUN_STANDARD"/>
    <property name="sun.boot.library.path" value="/usr/lib/jvm/temurin-8-jdk-amd64/jre/lib/amd64"/>
    <property name="sun.java.command" value="/home/runner/work/ozone/ozone/hadoop-ozone/integration-test/target/surefire/surefirebooter8574123377107560780.jar /home/runner/work/ozone/ozone/hadoop-ozone/integration-test/target/surefire 2022-06-19T12-50-30_743-jvmRun1 surefire7874924450621020103tmp surefire_65726478581914000323tmp"/>
    <property name="surefire.test.class.path" value="/home/runner/work/ozone/ozone/hadoop-ozone/integration-test/target/test-classes:/home/runner/work/ozone/ozone/hadoop-ozone/integration-test/target/classes:/home/runner/.m2/repository/org/apache/ozone/ozone-common/1.3.0-SNAPSHOT/ozone-common-1.3.0-SNAPSHOT.jar:/home/runner/.m2/repository/io/grpc/grpc-netty/1.44.0/grpc-netty-1.44.0.jar:/home/runner/.m2/repository/io/grpc/grpc-core/1.44.0/grpc-core-1.44.0.jar:/home/runner/.m2/repository/com/google/android/annotations/4.1.1.4/annotations-4.1.1.4.jar:/home/runner/.m2/repository/org/codehaus/mojo/animal-sniffer-annotations/1.19/animal-sniffer-annotations-1.19.jar:/home/runner/.m2/repository/com/google/errorprone/error_prone_annotations/2.2.0/error_prone_annotations-2.2.0.jar:/home/runner/.m2/repository/io/perfmark/perfmark-api/0.23.0/perfmark-api-0.23.0.jar:/home/runner/.m2/repository/io/netty/netty-codec-http2/4.1.74.Final/netty-codec-http2-4.1.74.Final.jar:/home/runner/.m2/repository/io/netty/netty-common/4.1.74.Final/netty-common-4.1.74.Final.jar:/home/runner/.m2/repository/io/netty/netty-buffer/4.1.74.Final/netty-buffer-4.1.74.Final.jar:/home/runner/.m2/repository/io/netty/netty-codec-http/4.1.74.Final/netty-codec-http-4.1.74.Final.jar:/home/runner/.m2/repository/io/netty/netty-handler-proxy/4.1.74.Final/netty-handler-proxy-4.1.74.Final.jar:/home/runner/.m2/repository/io/netty/netty-codec-socks/4.1.74.Final/netty-codec-socks-4.1.74.Final.jar:/home/runner/.m2/repository/io/netty/netty-tcnative-boringssl-static/2.0.48.Final/netty-tcnative-boringssl-static-2.0.48.Final.jar:/home/runner/.m2/repository/io/netty/netty-tcnative-classes/2.0.48.Final/netty-tcnative-classes-2.0.48.Final.jar:/home/runner/.m2/repository/io/netty/netty-tcnative/2.0.48.Final/netty-tcnative-2.0.48.Final.jar:/home/runner/.m2/repository/org/apache/commons/commons-compress/1.21/commons-compress-1.21.jar:/home/runner/.m2/repository/org/apache/ozone/hdds-common/1.3.0-SNAPSHOT/hdds-common-1.3.0-SNAPSHOT.jar:/home/runner/.m2/repository/org/apache/ozone/hdds-client/1.3.0-SNAPSHOT/hdds-client-1.3.0-SNAPSHOT.jar:/home/runner/.m2/repository/org/apache/ozone/ozone-interface-client/1.3.0-SNAPSHOT/ozone-interface-client-1.3.0-SNAPSHOT.jar:/home/runner/.m2/repository/org/apache/ozone/hdds-test-utils/1.3.0-SNAPSHOT/hdds-test-utils-1.3.0-SNAPSHOT.jar:/home/runner/.m2/repository/com/google/guava/guava/31.1-jre/guava-31.1-jre.jar:/home/runner/.m2/repository/com/google/guava/failureaccess/1.0.1/failureaccess-1.0.1.jar:/home/runner/.m2/repository/com/google/guava/listenablefuture/9999.0-empty-to-avoid-conflict-with-guava/listenablefuture-9999.0-empty-to-avoid-conflict-with-guava.jar:/home/runner/.m2/repository/com/google/code/findbugs/jsr305/3.0.0/jsr305-3.0.0.jar:/home/runner/.m2/repository/org/checkerframework/checker-qual/3.12.0/checker-qual-3.12.0.jar:/home/runner/.m2/repository/com/google/j2objc/j2objc-annotations/1.3/j2objc-annotations-1.3.jar:/home/runner/.m2/repository/commons-io/commons-io/2.11.0/commons-io-2.11.0.jar:/home/runner/.m2/repository/commons-logging/commons-logging/1.2/commons-logging-1.2.jar:/home/runner/.m2/repository/log4j/log4j/1.2.17/log4j-1.2.17.jar:/home/runner/.m2/repository/org/slf4j/slf4j-api/1.7.30/slf4j-api-1.7.30.jar:/home/runner/.m2/repository/org/apache/ozone/hdds-server-scm/1.3.0-SNAPSHOT/hdds-server-scm-1.3.0-SNAPSHOT.jar:/home/runner/.m2/repository/org/apache/ozone/hdds-container-service/1.3.0-SNAPSHOT/hdds-container-service-1.3.0-SNAPSHOT.jar:/home/runner/.m2/repository/org/apache/ozone/hdds-hadoop-dependency-server/1.3.0-SNAPSHOT/hdds-hadoop-dependency-server-1.3.0-SNAPSHOT.jar:/home/runner/.m2/repository/org/apache/hadoop/hadoop-hdfs/3.3.1/hadoop-hdfs-3.3.1.jar:/home/runner/.m2/repository/org/apache/ozone/hdds-server-framework/1.3.0-SNAPSHOT/hdds-server-framework-1.3.0-SNAPSHOT.jar:/home/runner/.m2/repository/org/apache/ozone/hdds-interface-server/1.3.0-SNAPSHOT/hdds-interface-server-1.3.0-SNAPSHOT.jar:/home/runner/.m2/repository/org/apache/logging/log4j/log4j-core/2.17.1/log4j-core-2.17.1.jar:/home/runner/.m2/repository/com/lmax/disruptor/3.4.2/disruptor-3.4.2.jar:/home/runner/.m2/repository/org/eclipse/jetty/jetty-servlet/9.4.43.v20210629/jetty-servlet-9.4.43.v20210629.jar:/home/runner/.m2/repository/org/eclipse/jetty/jetty-security/9.4.43.v20210629/jetty-security-9.4.43.v20210629.jar:/home/runner/.m2/repository/org/rocksdb/rocksdbjni/6.29.5/rocksdbjni-6.29.5.jar:/home/runner/.m2/repository/io/prometheus/simpleclient_dropwizard/0.7.0/simpleclient_dropwizard-0.7.0.jar:/home/runner/.m2/repository/io/prometheus/simpleclient/0.7.0/simpleclient-0.7.0.jar:/home/runner/.m2/repository/io/prometheus/simpleclient_common/0.7.0/simpleclient_common-0.7.0.jar:/home/runner/.m2/repository/io/dropwizard/metrics/metrics-core/3.2.4/metrics-core-3.2.4.jar:/home/runner/.m2/repository/org/apache/hadoop/hadoop-hdfs-client/3.3.1/hadoop-hdfs-client-3.3.1.jar:/home/runner/.m2/repository/org/bouncycastle/bcprov-jdk15on/1.67/bcprov-jdk15on-1.67.jar:/home/runner/.m2/repository/com/google/protobuf/protobuf-java/2.5.0/protobuf-java-2.5.0.jar:/home/runner/.m2/repository/org/apache/ozone/ozone-manager/1.3.0-SNAPSHOT/ozone-manager-1.3.0-SNAPSHOT.jar:/home/runner/.m2/repository/org/aspectj/aspectjrt/1.9.7/aspectjrt-1.9.7.jar:/home/runner/.m2/repository/org/aspectj/aspectjweaver/1.9.7/aspectjweaver-1.9.7.jar:/home/runner/.m2/repository/org/apache/ozone/hdds-interface-client/1.3.0-SNAPSHOT/hdds-interface-client-1.3.0-SNAPSHOT.jar:/home/runner/.m2/repository/org/apache/hadoop/thirdparty/hadoop-shaded-protobuf_3_7/1.1.1/hadoop-shaded-protobuf_3_7-1.1.1.jar:/home/runner/.m2/repository/org/apache/ozone/ozone-interface-storage/1.3.0-SNAPSHOT/ozone-interface-storage-1.3.0-SNAPSHOT.jar:/home/runner/.m2/repository/org/reflections/reflections/0.9.11/reflections-0.9.11.jar:/home/runner/.m2/repository/com/sun/jersey/jersey-client/1.19/jersey-client-1.19.jar:/home/runner/.m2/repository/org/apache/ranger/ranger-intg/3.0.0-SNAPSHOT/ranger-intg-3.0.0-SNAPSHOT.jar:/home/runner/.m2/repository/org/apache/ranger/ranger-plugins-common/3.0.0-SNAPSHOT/ranger-plugins-common-3.0.0-SNAPSHOT.jar:/home/runner/.m2/repository/commons-lang/commons-lang/2.6/commons-lang-2.6.jar:/home/runner/.m2/repository/org/codehaus/jackson/jackson-jaxrs/1.9.13/jackson-jaxrs-1.9.13.jar:/home/runner/.m2/repository/org/apache/ranger/ranger-plugins-cred/3.0.0-SNAPSHOT/ranger-plugins-cred-3.0.0-SNAPSHOT.jar:/home/runner/.m2/repository/org/apache/ranger/ranger-plugins-audit/3.0.0-SNAPSHOT/ranger-plugins-audit-3.0.0-SNAPSHOT.jar:/home/runner/.m2/repository/org/apache/kafka/kafka-clients/2.8.1/kafka-clients-2.8.1.jar:/home/runner/.m2/repository/com/github/luben/zstd-jni/1.4.9-1/zstd-jni-1.4.9-1.jar:/home/runner/.m2/repository/org/apache/solr/solr-solrj/8.6.3/solr-solrj-8.6.3.jar:/home/runner/.m2/repository/org/eclipse/jetty/jetty-client/9.4.44.v20210927/jetty-client-9.4.44.v20210927.jar:/home/runner/.m2/repository/org/apache/httpcomponents/httpmime/4.5.13/httpmime-4.5.13.jar:/home/runner/.m2/repository/org/apache/httpcomponents/httpcore-nio/4.4.14/httpcore-nio-4.4.14.jar:/home/runner/.m2/repository/org/apache/httpcomponents/httpasyncclient/4.1.4/httpasyncclient-4.1.4.jar:/home/runner/.m2/repository/com/carrotsearch/hppc/0.8.0/hppc-0.8.0.jar:/home/runner/.m2/repository/org/apache/hive/hive-storage-api/2.7.2/hive-storage-api-2.7.2.jar:/home/runner/.m2/repository/org/apache/orc/orc-core/1.5.8/orc-core-1.5.8.jar:/home/runner/.m2/repository/com/amazonaws/aws-java-sdk-bundle/1.12.125/aws-java-sdk-bundle-1.12.125.jar:/home/runner/.m2/repository/net/java/dev/jna/jna/5.2.0/jna-5.2.0.jar:/home/runner/.m2/repository/net/java/dev/jna/jna-platform/5.2.0/jna-platform-5.2.0.jar:/home/runner/.m2/repository/com/kstruct/gethostname4j/0.0.2/gethostname4j-0.0.2.jar:/home/runner/.m2/repository/org/apache/ranger/ranger-plugin-classloader/3.0.0-SNAPSHOT/ranger-plugin-classloader-3.0.0-SNAPSHOT.jar:/home/runner/.m2/repository/org/apache/hadoop/hadoop-minikdc/3.3.1/hadoop-minikdc-3.3.1.jar:/home/runner/.m2/repository/org/apache/kerby/kerb-simplekdc/1.0.1/kerb-simplekdc-1.0.1.jar:/home/runner/.m2/repository/org/apache/kerby/kerb-client/1.0.1/kerb-client-1.0.1.jar:/home/runner/.m2/repository/org/apache/kerby/kerby-config/1.0.1/kerby-config-1.0.1.jar:/home/runner/.m2/repository/org/apache/kerby/kerb-common/1.0.1/kerb-common-1.0.1.jar:/home/runner/.m2/repository/org/apache/kerby/kerb-crypto/1.0.1/kerb-crypto-1.0.1.jar:/home/runner/.m2/repository/org/apache/kerby/kerb-util/1.0.1/kerb-util-1.0.1.jar:/home/runner/.m2/repository/org/apache/kerby/token-provider/1.0.1/token-provider-1.0.1.jar:/home/runner/.m2/repository/org/apache/kerby/kerb-admin/1.0.1/kerb-admin-1.0.1.jar:/home/runner/.m2/repository/org/apache/kerby/kerb-server/1.0.1/kerb-server-1.0.1.jar:/home/runner/.m2/repository/org/apache/kerby/kerb-identity/1.0.1/kerb-identity-1.0.1.jar:/home/runner/.m2/repository/org/apache/kerby/kerby-xdr/1.0.1/kerby-xdr-1.0.1.jar:/home/runner/.m2/repository/org/slf4j/slf4j-log4j12/1.7.30/slf4j-log4j12-1.7.30.jar:/home/runner/.m2/repository/org/apache/ozone/ozone-s3gateway/1.3.0-SNAPSHOT/ozone-s3gateway-1.3.0-SNAPSHOT.jar:/home/runner/.m2/repository/org/javassist/javassist/3.21.0-GA/javassist-3.21.0-GA.jar:/home/runner/.m2/repository/org/jboss/weld/servlet/weld-servlet/2.4.7.Final/weld-servlet-2.4.7.Final.jar:/home/runner/.m2/repository/org/glassfish/jersey/containers/jersey-container-servlet-core/2.33/jersey-container-servlet-core-2.33.jar:/home/runner/.m2/repository/org/glassfish/hk2/external/jakarta.inject/2.6.1/jakarta.inject-2.6.1.jar:/home/runner/.m2/repository/org/glassfish/jersey/core/jersey-common/2.33/jersey-common-2.33.jar:/home/runner/.m2/repository/jakarta/ws/rs/jakarta.ws.rs-api/2.1.6/jakarta.ws.rs-api-2.1.6.jar:/home/runner/.m2/repository/org/glassfish/jersey/ext/cdi/jersey-cdi1x/2.33/jersey-cdi1x-2.33.jar:/home/runner/.m2/repository/org/glassfish/jersey/inject/jersey-hk2/2.33/jersey-hk2-2.33.jar:/home/runner/.m2/repository/org/glassfish/hk2/hk2-locator/2.6.1/hk2-locator-2.6.1.jar:/home/runner/.m2/repository/org/glassfish/jersey/media/jersey-media-jaxb/2.33/jersey-media-jaxb-2.33.jar:/home/runner/.m2/repository/org/glassfish/hk2/osgi-resource-locator/1.0.3/osgi-resource-locator-1.0.3.jar:/home/runner/.m2/repository/org/glassfish/hk2/hk2-api/2.5.0/hk2-api-2.5.0.jar:/home/runner/.m2/repository/org/glassfish/hk2/hk2-utils/2.5.0/hk2-utils-2.5.0.jar:/home/runner/.m2/repository/org/glassfish/hk2/external/aopalliance-repackaged/2.5.0/aopalliance-repackaged-2.5.0.jar:/home/runner/.m2/repository/com/fasterxml/jackson/dataformat/jackson-dataformat-xml/2.13.2/jackson-dataformat-xml-2.13.2.jar:/home/runner/.m2/repository/com/fasterxml/jackson/core/jackson-core/2.13.2/jackson-core-2.13.2.jar:/home/runner/.m2/repository/org/codehaus/woodstox/stax2-api/3.1.4/stax2-api-3.1.4.jar:/home/runner/.m2/repository/com/fasterxml/woodstox/woodstox-core/5.0.3/woodstox-core-5.0.3.jar:/home/runner/.m2/repository/com/fasterxml/jackson/module/jackson-module-jaxb-annotations/2.13.2/jackson-module-jaxb-annotations-2.13.2.jar:/home/runner/.m2/repository/jakarta/xml/bind/jakarta.xml.bind-api/2.3.3/jakarta.xml.bind-api-2.3.3.jar:/home/runner/.m2/repository/jakarta/activation/jakarta.activation-api/1.2.1/jakarta.activation-api-1.2.1.jar:/home/runner/.m2/repository/javax/enterprise/cdi-api/1.2/cdi-api-1.2.jar:/home/runner/.m2/repository/javax/el/javax.el-api/3.0.0/javax.el-api-3.0.0.jar:/home/runner/.m2/repository/javax/interceptor/javax.interceptor-api/1.2/javax.interceptor-api-1.2.jar:/home/runner/.m2/repository/javax/inject/javax.inject/1/javax.inject-1.jar:/home/runner/.m2/repository/javax/xml/bind/jaxb-api/2.3.0/jaxb-api-2.3.0.jar:/home/runner/.m2/repository/org/glassfish/jaxb/jaxb-runtime/2.3.0.1/jaxb-runtime-2.3.0.1.jar:/home/runner/.m2/repository/org/glassfish/jaxb/jaxb-core/2.3.0.1/jaxb-core-2.3.0.1.jar:/home/runner/.m2/repository/org/glassfish/jaxb/txw2/2.3.0.1/txw2-2.3.0.1.jar:/home/runner/.m2/repository/com/sun/istack/istack-commons-runtime/3.0.5/istack-commons-runtime-3.0.5.jar:/home/runner/.m2/repository/org/jvnet/staxex/stax-ex/1.7.8/stax-ex-1.7.8.jar:/home/runner/.m2/repository/com/sun/xml/fastinfoset/FastInfoset/1.2.13/FastInfoset-1.2.13.jar:/home/runner/.m2/repository/javax/activation/activation/1.1.1/activation-1.1.1.jar:/home/runner/.m2/repository/io/grpc/grpc-protobuf/1.44.0/grpc-protobuf-1.44.0.jar:/home/runner/.m2/repository/io/grpc/grpc-api/1.44.0/grpc-api-1.44.0.jar:/home/runner/.m2/repository/io/grpc/grpc-context/1.44.0/grpc-context-1.44.0.jar:/home/runner/.m2/repository/com/google/api/grpc/proto-google-common-protos/2.0.1/proto-google-common-protos-2.0.1.jar:/home/runner/.m2/repository/io/grpc/grpc-protobuf-lite/1.44.0/grpc-protobuf-lite-1.44.0.jar:/home/runner/.m2/repository/io/grpc/grpc-stub/1.44.0/grpc-stub-1.44.0.jar:/home/runner/.m2/repository/io/netty/netty-transport/4.1.74.Final/netty-transport-4.1.74.Final.jar:/home/runner/.m2/repository/io/netty/netty-resolver/4.1.74.Final/netty-resolver-4.1.74.Final.jar:/home/runner/.m2/repository/org/apache/ozone/ozone-csi/1.3.0-SNAPSHOT/ozone-csi-1.3.0-SNAPSHOT.jar:/home/runner/.m2/repository/com/google/protobuf/protobuf-java-util/3.19.2/protobuf-java-util-3.19.2.jar:/home/runner/.m2/repository/com/google/code/gson/gson/2.8.9/gson-2.8.9.jar:/home/runner/.m2/repository/org/apache/ozone/hdds-config/1.3.0-SNAPSHOT/hdds-config-1.3.0-SNAPSHOT.jar:/home/runner/.m2/repository/io/netty/netty-transport-native-epoll/4.1.74.Final/netty-transport-native-epoll-4.1.74.Final-linux-x86_64.jar:/home/runner/.m2/repository/io/netty/netty-transport-classes-epoll/4.1.74.Final/netty-transport-classes-epoll-4.1.74.Final.jar:/home/runner/.m2/repository/io/netty/netty-transport-native-unix-common/4.1.74.Final/netty-transport-native-unix-common-4.1.74.Final.jar:/home/runner/.m2/repository/org/apache/ozone/ozone-recon/1.3.0-SNAPSHOT/ozone-recon-1.3.0-SNAPSHOT.jar:/home/runner/.m2/repository/org/apache/ozone/ozone-reconcodegen/1.3.0-SNAPSHOT/ozone-reconcodegen-1.3.0-SNAPSHOT.jar:/home/runner/.m2/repository/com/google/inject/extensions/guice-multibindings/4.0/guice-multibindings-4.0.jar:/home/runner/.m2/repository/com/google/inject/guice/4.0/guice-4.0.jar:/home/runner/.m2/repository/aopalliance/aopalliance/1.0/aopalliance-1.0.jar:/home/runner/.m2/repository/com/google/inject/extensions/guice-assistedinject/4.0/guice-assistedinject-4.0.jar:/home/runner/.m2/repository/com/google/inject/extensions/guice-servlet/4.0/guice-servlet-4.0.jar:/home/runner/.m2/repository/org/glassfish/jersey/containers/jersey-container-servlet/2.33/jersey-container-servlet-2.33.jar:/home/runner/.m2/repository/org/glassfish/hk2/guice-bridge/2.5.0/guice-bridge-2.5.0.jar:/home/runner/.m2/repository/org/glassfish/jersey/core/jersey-server/2.33/jersey-server-2.33.jar:/home/runner/.m2/repository/org/glassfish/jersey/core/jersey-client/2.33/jersey-client-2.33.jar:/home/runner/.m2/repository/jakarta/annotation/jakarta.annotation-api/1.3.5/jakarta.annotation-api-1.3.5.jar:/home/runner/.m2/repository/jakarta/validation/jakarta.validation-api/2.0.2/jakarta.validation-api-2.0.2.jar:/home/runner/.m2/repository/org/glassfish/jersey/media/jersey-media-json-jackson/2.33/jersey-media-json-jackson-2.33.jar:/home/runner/.m2/repository/org/glassfish/jersey/ext/jersey-entity-filtering/2.33/jersey-entity-filtering-2.33.jar:/home/runner/.m2/repository/org/jooq/jooq/3.11.10/jooq-3.11.10.jar:/home/runner/.m2/repository/org/jooq/jooq-meta/3.11.10/jooq-meta-3.11.10.jar:/home/runner/.m2/repository/org/jooq/jooq-codegen/3.11.10/jooq-codegen-3.11.10.jar:/home/runner/.m2/repository/com/jolbox/bonecp/0.8.0.RELEASE/bonecp-0.8.0.RELEASE.jar:/home/runner/.m2/repository/org/apache/derby/derby/10.14.2.0/derby-10.14.2.0.jar:/home/runner/.m2/repository/org/xerial/sqlite-jdbc/3.25.2/sqlite-jdbc-3.25.2.jar:/home/runner/.m2/repository/org/springframework/spring-jdbc/5.2.20.RELEASE/spring-jdbc-5.2.20.RELEASE.jar:/home/runner/.m2/repository/org/springframework/spring-beans/5.2.20.RELEASE/spring-beans-5.2.20.RELEASE.jar:/home/runner/.m2/repository/org/springframework/spring-core/5.2.20.RELEASE/spring-core-5.2.20.RELEASE.jar:/home/runner/.m2/repository/org/springframework/spring-jcl/5.2.20.RELEASE/spring-jcl-5.2.20.RELEASE.jar:/home/runner/.m2/repository/org/springframework/spring-tx/5.2.20.RELEASE/spring-tx-5.2.20.RELEASE.jar:/home/runner/.m2/repository/org/apache/ozone/ozone-client/1.3.0-SNAPSHOT/ozone-client-1.3.0-SNAPSHOT.jar:/home/runner/.m2/repository/org/apache/ozone/hdds-erasurecode/1.3.0-SNAPSHOT/hdds-erasurecode-1.3.0-SNAPSHOT.jar:/home/runner/.m2/repository/com/github/spotbugs/spotbugs-annotations/3.1.12/spotbugs-annotations-3.1.12.jar:/home/runner/.m2/repository/org/apache/ozone/ozone-filesystem/1.3.0-SNAPSHOT/ozone-filesystem-1.3.0-SNAPSHOT.jar:/home/runner/.m2/repository/org/apache/ozone/ozone-filesystem-common/1.3.0-SNAPSHOT/ozone-filesystem-common-1.3.0-SNAPSHOT.jar:/home/runner/.m2/repository/org/apache/ozone/ozone-tools/1.3.0-SNAPSHOT/ozone-tools-1.3.0-SNAPSHOT.jar:/home/runner/.m2/repository/org/apache/ratis/ratis-tools/2.3.0/ratis-tools-2.3.0.jar:/home/runner/.m2/repository/com/amazonaws/aws-java-sdk-core/1.12.124/aws-java-sdk-core-1.12.124.jar:/home/runner/.m2/repository/org/apache/httpcomponents/httpclient/4.5.13/httpclient-4.5.13.jar:/home/runner/.m2/repository/org/apache/httpcomponents/httpcore/4.4.13/httpcore-4.4.13.jar:/home/runner/.m2/repository/software/amazon/ion/ion-java/1.0.2/ion-java-1.0.2.jar:/home/runner/.m2/repository/com/fasterxml/jackson/dataformat/jackson-dataformat-cbor/2.13.2/jackson-dataformat-cbor-2.13.2.jar:/home/runner/.m2/repository/joda-time/joda-time/2.8.1/joda-time-2.8.1.jar:/home/runner/.m2/repository/com/amazonaws/aws-java-sdk-s3/1.12.124/aws-java-sdk-s3-1.12.124.jar:/home/runner/.m2/repository/com/amazonaws/aws-java-sdk-kms/1.12.124/aws-java-sdk-kms-1.12.124.jar:/home/runner/.m2/repository/com/amazonaws/jmespath-java/1.12.124/jmespath-java-1.12.124.jar:/home/runner/.m2/repository/org/kohsuke/metainf-services/metainf-services/1.8/metainf-services-1.8.jar:/home/runner/.m2/repository/org/apache/ozone/hdds-tools/1.3.0-SNAPSHOT/hdds-tools-1.3.0-SNAPSHOT.jar:/home/runner/.m2/repository/commons-cli/commons-cli/1.2/commons-cli-1.2.jar:/home/runner/.m2/repository/org/apache/commons/commons-lang3/3.7/commons-lang3-3.7.jar:/home/runner/.m2/repository/org/apache/ozone/ozone-manager/1.3.0-SNAPSHOT/ozone-manager-1.3.0-SNAPSHOT-tests.jar:/home/runner/.m2/repository/org/apache/ozone/hdds-common/1.3.0-SNAPSHOT/hdds-common-1.3.0-SNAPSHOT-tests.jar:/home/runner/.m2/repository/org/apache/ozone/hdds-hadoop-dependency-client/1.3.0-SNAPSHOT/hdds-hadoop-dependency-client-1.3.0-SNAPSHOT.jar:/home/runner/.m2/repository/info/picocli/picocli/4.6.1/picocli-4.6.1.jar:/home/runner/.m2/repository/com/fasterxml/jackson/core/jackson-annotations/2.13.2/jackson-annotations-2.13.2.jar:/home/runner/.m2/repository/com/fasterxml/jackson/datatype/jackson-datatype-jsr310/2.13.2/jackson-datatype-jsr310-2.13.2.jar:/home/runner/.m2/repository/javax/annotation/javax.annotation-api/1.2/javax.annotation-api-1.2.jar:/home/runner/.m2/repository/org/apache/ratis/ratis-server/2.3.0/ratis-server-2.3.0.jar:/home/runner/.m2/repository/org/apache/ratis/ratis-client/2.3.0/ratis-client-2.3.0.jar:/home/runner/.m2/repository/org/apache/ratis/ratis-server-api/2.3.0/ratis-server-api-2.3.0.jar:/home/runner/.m2/repository/org/apache/ratis/ratis-metrics/2.3.0/ratis-metrics-2.3.0.jar:/home/runner/.m2/repository/org/apache/ratis/ratis-netty/2.3.0/ratis-netty-2.3.0.jar:/home/runner/.m2/repository/org/apache/ratis/ratis-grpc/2.3.0/ratis-grpc-2.3.0.jar:/home/runner/.m2/repository/org/apache/logging/log4j/log4j-api/2.17.1/log4j-api-2.17.1.jar:/home/runner/.m2/repository/org/apache/commons/commons-pool2/2.6.0/commons-pool2-2.6.0.jar:/home/runner/.m2/repository/org/bouncycastle/bcpkix-jdk15on/1.67/bcpkix-jdk15on-1.67.jar:/home/runner/.m2/repository/commons-validator/commons-validator/1.6/commons-validator-1.6.jar:/home/runner/.m2/repository/commons-beanutils/commons-beanutils/1.9.4/commons-beanutils-1.9.4.jar:/home/runner/.m2/repository/commons-digester/commons-digester/1.8.1/commons-digester-1.8.1.jar:/home/runner/.m2/repository/commons-collections/commons-collections/3.2.2/commons-collections-3.2.2.jar:/home/runner/.m2/repository/io/jaegertracing/jaeger-client/1.6.0/jaeger-client-1.6.0.jar:/home/runner/.m2/repository/io/jaegertracing/jaeger-thrift/1.6.0/jaeger-thrift-1.6.0.jar:/home/runner/.m2/repository/org/apache/thrift/libthrift/0.14.1/libthrift-0.14.1.jar:/home/runner/.m2/repository/com/squareup/okhttp3/okhttp/4.9.0/okhttp-4.9.0.jar:/home/runner/.m2/repository/com/squareup/okio/okio/2.8.0/okio-2.8.0.jar:/home/runner/.m2/repository/io/jaegertracing/jaeger-core/1.6.0/jaeger-core-1.6.0.jar:/home/runner/.m2/repository/io/jaegertracing/jaeger-tracerresolver/1.6.0/jaeger-tracerresolver-1.6.0.jar:/home/runner/.m2/repository/io/opentracing/contrib/opentracing-tracerresolver/0.1.8/opentracing-tracerresolver-0.1.8.jar:/home/runner/.m2/repository/org/jetbrains/kotlin/kotlin-stdlib/1.6.21/kotlin-stdlib-1.6.21.jar:/home/runner/.m2/repository/org/jetbrains/kotlin/kotlin-stdlib-common/1.6.21/kotlin-stdlib-common-1.6.21.jar:/home/runner/.m2/repository/org/jetbrains/annotations/13.0/annotations-13.0.jar:/home/runner/.m2/repository/io/opentracing/opentracing-util/0.33.0/opentracing-util-0.33.0.jar:/home/runner/.m2/repository/io/opentracing/opentracing-api/0.33.0/opentracing-api-0.33.0.jar:/home/runner/.m2/repository/io/opentracing/opentracing-noop/0.33.0/opentracing-noop-0.33.0.jar:/home/runner/.m2/repository/org/yaml/snakeyaml/1.26/snakeyaml-1.26.jar:/home/runner/.m2/repository/org/apache/ozone/hdds-interface-admin/1.3.0-SNAPSHOT/hdds-interface-admin-1.3.0-SNAPSHOT.jar:/home/runner/.m2/repository/junit/junit/4.13.1/junit-4.13.1.jar:/home/runner/.m2/repository/org/hamcrest/hamcrest-core/1.3/hamcrest-core-1.3.jar:/home/runner/.m2/repository/org/junit/jupiter/junit-jupiter-api/5.8.2/junit-jupiter-api-5.8.2.jar:/home/runner/.m2/repository/org/opentest4j/opentest4j/1.2.0/opentest4j-1.2.0.jar:/home/runner/.m2/repository/org/junit/platform/junit-platform-commons/1.8.2/junit-platform-commons-1.8.2.jar:/home/runner/.m2/repository/org/apiguardian/apiguardian-api/1.1.2/apiguardian-api-1.1.2.jar:/home/runner/.m2/repository/org/junit/jupiter/junit-jupiter-params/5.8.2/junit-jupiter-params-5.8.2.jar:/home/runner/.m2/repository/org/junit/jupiter/junit-jupiter-migrationsupport/5.8.2/junit-jupiter-migrationsupport-5.8.2.jar:/home/runner/.m2/repository/org/junit/jupiter/junit-jupiter-engine/5.8.2/junit-jupiter-engine-5.8.2.jar:/home/runner/.m2/repository/org/junit/platform/junit-platform-engine/1.8.2/junit-platform-engine-1.8.2.jar:/home/runner/.m2/repository/org/junit/vintage/junit-vintage-engine/5.8.2/junit-vintage-engine-5.8.2.jar:/home/runner/.m2/repository/org/junit/platform/junit-platform-launcher/1.8.2/junit-platform-launcher-1.8.2.jar:/home/runner/.m2/repository/org/mockito/mockito-core/2.28.2/mockito-core-2.28.2.jar:/home/runner/.m2/repository/net/bytebuddy/byte-buddy/1.9.10/byte-buddy-1.9.10.jar:/home/runner/.m2/repository/net/bytebuddy/byte-buddy-agent/1.9.10/byte-buddy-agent-1.9.10.jar:/home/runner/.m2/repository/org/objenesis/objenesis/1.0/objenesis-1.0.jar:/home/runner/.m2/repository/org/apache/hadoop/hadoop-kms/3.3.1/hadoop-kms-3.3.1.jar:/home/runner/.m2/repository/org/apache/hadoop/hadoop-auth/3.3.1/hadoop-auth-3.3.1.jar:/home/runner/.m2/repository/com/nimbusds/nimbus-jose-jwt/7.9/nimbus-jose-jwt-7.9.jar:/home/runner/.m2/repository/com/github/stephenc/jcip/jcip-annotations/1.0-1/jcip-annotations-1.0-1.jar:/home/runner/.m2/repository/net/minidev/json-smart/2.4.7/json-smart-2.4.7.jar:/home/runner/.m2/repository/net/minidev/accessors-smart/2.4.7/accessors-smart-2.4.7.jar:/home/runner/.m2/repository/org/ow2/asm/asm/5.0.4/asm-5.0.4.jar:/home/runner/.m2/repository/org/apache/zookeeper/zookeeper/3.5.6/zookeeper-3.5.6.jar:/home/runner/.m2/repository/org/apache/zookeeper/zookeeper-jute/3.5.6/zookeeper-jute-3.5.6.jar:/home/runner/.m2/repository/org/apache/yetus/audience-annotations/0.5.0/audience-annotations-0.5.0.jar:/home/runner/.m2/repository/org/apache/curator/curator-framework/4.2.0/curator-framework-4.2.0.jar:/home/runner/.m2/repository/org/apache/hadoop/thirdparty/hadoop-shaded-guava/1.1.1/hadoop-shaded-guava-1.1.1.jar:/home/runner/.m2/repository/com/sun/jersey/jersey-core/1.19/jersey-core-1.19.jar:/home/runner/.m2/repository/javax/ws/rs/jsr311-api/1.1.1/jsr311-api-1.1.1.jar:/home/runner/.m2/repository/com/sun/jersey/jersey-server/1.19/jersey-server-1.19.jar:/home/runner/.m2/repository/javax/servlet/javax.servlet-api/3.1.0/javax.servlet-api-3.1.0.jar:/home/runner/.m2/repository/org/eclipse/jetty/jetty-server/9.4.43.v20210629/jetty-server-9.4.43.v20210629.jar:/home/runner/.m2/repository/org/eclipse/jetty/jetty-http/9.4.43.v20210629/jetty-http-9.4.43.v20210629.jar:/home/runner/.m2/repository/org/eclipse/jetty/jetty-io/9.4.43.v20210629/jetty-io-9.4.43.v20210629.jar:/home/runner/.m2/repository/org/eclipse/jetty/jetty-webapp/9.4.43.v20210629/jetty-webapp-9.4.43.v20210629.jar:/home/runner/.m2/repository/org/eclipse/jetty/jetty-xml/9.4.43.v20210629/jetty-xml-9.4.43.v20210629.jar:/home/runner/.m2/repository/org/apache/hadoop/hadoop-common/3.3.1/hadoop-common-3.3.1.jar:/home/runner/.m2/repository/org/apache/commons/commons-math3/3.1.1/commons-math3-3.1.1.jar:/home/runner/.m2/repository/commons-net/commons-net/3.6/commons-net-3.6.jar:/home/runner/.m2/repository/com/sun/jersey/jersey-servlet/1.19/jersey-servlet-1.19.jar:/home/runner/.m2/repository/com/sun/jersey/jersey-json/1.19/jersey-json-1.19.jar:/home/runner/.m2/repository/org/codehaus/jettison/jettison/1.1/jettison-1.1.jar:/home/runner/.m2/repository/com/sun/xml/bind/jaxb-impl/2.2.3-1/jaxb-impl-2.2.3-1.jar:/home/runner/.m2/repository/org/codehaus/jackson/jackson-xc/1.9.2/jackson-xc-1.9.2.jar:/home/runner/.m2/repository/org/apache/commons/commons-configuration2/2.1.1/commons-configuration2-2.1.1.jar:/home/runner/.m2/repository/org/apache/commons/commons-text/1.4/commons-text-1.4.jar:/home/runner/.m2/repository/com/google/re2j/re2j/1.1/re2j-1.1.jar:/home/runner/.m2/repository/com/jcraft/jsch/0.1.54/jsch-0.1.54.jar:/home/runner/.m2/repository/org/apache/curator/curator-client/4.2.0/curator-client-4.2.0.jar:/home/runner/.m2/repository/org/apache/curator/curator-recipes/4.2.0/curator-recipes-4.2.0.jar:/home/runner/.m2/repository/org/apache/kerby/kerb-core/1.0.1/kerb-core-1.0.1.jar:/home/runner/.m2/repository/org/apache/kerby/kerby-pkix/1.0.1/kerby-pkix-1.0.1.jar:/home/runner/.m2/repository/org/apache/kerby/kerby-asn1/1.0.1/kerby-asn1-1.0.1.jar:/home/runner/.m2/repository/org/apache/kerby/kerby-util/1.0.1/kerby-util-1.0.1.jar:/home/runner/.m2/repository/dnsjava/dnsjava/2.1.7/dnsjava-2.1.7.jar:/home/runner/.m2/repository/org/xerial/snappy/snappy-java/1.1.8.2/snappy-java-1.1.8.2.jar:/home/runner/.m2/repository/org/slf4j/jul-to-slf4j/1.7.30/jul-to-slf4j-1.7.30.jar:/home/runner/.m2/repository/org/eclipse/jetty/jetty-util/9.4.43.v20210629/jetty-util-9.4.43.v20210629.jar:/home/runner/.m2/repository/com/fasterxml/jackson/core/jackson-databind/2.13.2.2/jackson-databind-2.13.2.2.jar:/home/runner/.m2/repository/org/apache/hadoop/hadoop-kms/3.3.1/hadoop-kms-3.3.1-tests.jar:/home/runner/.m2/repository/org/apache/ozone/hdds-server-scm/1.3.0-SNAPSHOT/hdds-server-scm-1.3.0-SNAPSHOT-tests.jar:/home/runner/.m2/repository/org/apache/ozone/hdds-container-service/1.3.0-SNAPSHOT/hdds-container-service-1.3.0-SNAPSHOT-tests.jar:/home/runner/.m2/repository/commons-codec/commons-codec/1.11/commons-codec-1.11.jar:/home/runner/.m2/repository/io/netty/netty-codec/4.1.74.Final/netty-codec-4.1.74.Final.jar:/home/runner/.m2/repository/io/netty/netty-handler/4.1.74.Final/netty-handler-4.1.74.Final.jar:/home/runner/.m2/repository/org/apache/ozone/hdds-hadoop-dependency-test/1.3.0-SNAPSHOT/hdds-hadoop-dependency-test-1.3.0-SNAPSHOT.jar:/home/runner/.m2/repository/org/apache/hadoop/hadoop-common/3.3.1/hadoop-common-3.3.1-tests.jar:/home/runner/.m2/repository/org/assertj/assertj-core/3.12.2/assertj-core-3.12.2.jar:/home/runner/.m2/repository/org/apache/hadoop/hadoop-hdfs/3.3.1/hadoop-hdfs-3.3.1-tests.jar:/home/runner/.m2/repository/org/eclipse/jetty/jetty-util-ajax/9.4.43.v20210629/jetty-util-ajax-9.4.43.v20210629.jar:/home/runner/.m2/repository/commons-daemon/commons-daemon/1.0.13/commons-daemon-1.0.13.jar:/home/runner/.m2/repository/io/netty/netty/3.10.6.Final/netty-3.10.6.Final.jar:/home/runner/.m2/repository/io/netty/netty-all/4.1.74.Final/netty-all-4.1.74.Final.jar:/home/runner/.m2/repository/io/netty/netty-codec-dns/4.1.74.Final/netty-codec-dns-4.1.74.Final.jar:/home/runner/.m2/repository/io/netty/netty-codec-haproxy/4.1.74.Final/netty-codec-haproxy-4.1.74.Final.jar:/home/runner/.m2/repository/io/netty/netty-codec-memcache/4.1.74.Final/netty-codec-memcache-4.1.74.Final.jar:/home/runner/.m2/repository/io/netty/netty-codec-mqtt/4.1.74.Final/netty-codec-mqtt-4.1.74.Final.jar:/home/runner/.m2/repository/io/netty/netty-codec-redis/4.1.74.Final/netty-codec-redis-4.1.74.Final.jar:/home/runner/.m2/repository/io/netty/netty-codec-smtp/4.1.74.Final/netty-codec-smtp-4.1.74.Final.jar:/home/runner/.m2/repository/io/netty/netty-codec-stomp/4.1.74.Final/netty-codec-stomp-4.1.74.Final.jar:/home/runner/.m2/repository/io/netty/netty-codec-xml/4.1.74.Final/netty-codec-xml-4.1.74.Final.jar:/home/runner/.m2/repository/io/netty/netty-resolver-dns/4.1.74.Final/netty-resolver-dns-4.1.74.Final.jar:/home/runner/.m2/repository/io/netty/netty-transport-rxtx/4.1.74.Final/netty-transport-rxtx-4.1.74.Final.jar:/home/runner/.m2/repository/io/netty/netty-transport-sctp/4.1.74.Final/netty-transport-sctp-4.1.74.Final.jar:/home/runner/.m2/repository/io/netty/netty-transport-udt/4.1.74.Final/netty-transport-udt-4.1.74.Final.jar:/home/runner/.m2/repository/io/netty/netty-transport-classes-kqueue/4.1.74.Final/netty-transport-classes-kqueue-4.1.74.Final.jar:/home/runner/.m2/repository/io/netty/netty-resolver-dns-classes-macos/4.1.74.Final/netty-resolver-dns-classes-macos-4.1.74.Final.jar:/home/runner/.m2/repository/io/netty/netty-transport-native-epoll/4.1.74.Final/netty-transport-native-epoll-4.1.74.Final-linux-aarch_64.jar:/home/runner/.m2/repository/io/netty/netty-transport-native-kqueue/4.1.74.Final/netty-transport-native-kqueue-4.1.74.Final-osx-x86_64.jar:/home/runner/.m2/repository/io/netty/netty-transport-native-kqueue/4.1.74.Final/netty-transport-native-kqueue-4.1.74.Final-osx-aarch_64.jar:/home/runner/.m2/repository/io/netty/netty-resolver-dns-native-macos/4.1.74.Final/netty-resolver-dns-native-macos-4.1.74.Final-osx-x86_64.jar:/home/runner/.m2/repository/io/netty/netty-resolver-dns-native-macos/4.1.74.Final/netty-resolver-dns-native-macos-4.1.74.Final-osx-aarch_64.jar:/home/runner/.m2/repository/org/apache/htrace/htrace-core4/4.1.0-incubating/htrace-core4-4.1.0-incubating.jar:/home/runner/.m2/repository/org/fusesource/leveldbjni/leveldbjni-all/1.8/leveldbjni-all-1.8.jar:/home/runner/.m2/repository/org/apache/hadoop/hadoop-distcp/3.3.1/hadoop-distcp-3.3.1.jar:/home/runner/.m2/repository/org/apache/hadoop/hadoop-mapreduce-client-jobclient/3.3.1/hadoop-mapreduce-client-jobclient-3.3.1.jar:/home/runner/.m2/repository/org/apache/hadoop/hadoop-mapreduce-client-common/3.3.1/hadoop-mapreduce-client-common-3.3.1.jar:/home/runner/.m2/repository/org/apache/hadoop/hadoop-yarn-common/3.3.1/hadoop-yarn-common-3.3.1.jar:/home/runner/.m2/repository/org/apache/hadoop/hadoop-yarn-api/3.3.1/hadoop-yarn-api-3.3.1.jar:/home/runner/.m2/repository/com/sun/jersey/contribs/jersey-guice/1.19/jersey-guice-1.19.jar:/home/runner/.m2/repository/com/fasterxml/jackson/jaxrs/jackson-jaxrs-json-provider/2.13.2/jackson-jaxrs-json-provider-2.13.2.jar:/home/runner/.m2/repository/com/fasterxml/jackson/jaxrs/jackson-jaxrs-base/2.13.2/jackson-jaxrs-base-2.13.2.jar:/home/runner/.m2/repository/org/apache/hadoop/hadoop-yarn-client/3.3.1/hadoop-yarn-client-3.3.1.jar:/home/runner/.m2/repository/org/eclipse/jetty/websocket/websocket-client/9.4.40.v20210413/websocket-client-9.4.40.v20210413.jar:/home/runner/.m2/repository/org/eclipse/jetty/websocket/websocket-common/9.4.40.v20210413/websocket-common-9.4.40.v20210413.jar:/home/runner/.m2/repository/org/eclipse/jetty/websocket/websocket-api/9.4.40.v20210413/websocket-api-9.4.40.v20210413.jar:/home/runner/.m2/repository/org/jline/jline/3.9.0/jline-3.9.0.jar:/home/runner/.m2/repository/org/apache/hadoop/hadoop-mapreduce-client-core/3.3.1/hadoop-mapreduce-client-core-3.3.1.jar:/home/runner/.m2/repository/org/apache/avro/avro/1.7.7/avro-1.7.7.jar:/home/runner/.m2/repository/org/codehaus/jackson/jackson-core-asl/1.9.13/jackson-core-asl-1.9.13.jar:/home/runner/.m2/repository/org/codehaus/jackson/jackson-mapper-asl/1.9.13/jackson-mapper-asl-1.9.13.jar:/home/runner/.m2/repository/com/thoughtworks/paranamer/paranamer/2.3/paranamer-2.3.jar:/home/runner/.m2/repository/org/apache/hadoop/hadoop-annotations/3.3.1/hadoop-annotations-3.3.1.jar:/usr/lib/jvm/temurin-8-jdk-amd64/jre/../lib/tools.jar:/home/runner/.m2/repository/org/apache/hadoop/hadoop-distcp/3.3.1/hadoop-distcp-3.3.1-tests.jar:/home/runner/.m2/repository/org/apache/ratis/ratis-common/2.3.0/ratis-common-2.3.0.jar:/home/runner/.m2/repository/org/apache/ratis/ratis-thirdparty-misc/1.0.0/ratis-thirdparty-misc-1.0.0.jar:/home/runner/.m2/repository/org/apache/ratis/ratis-proto/2.3.0/ratis-proto-2.3.0.jar:/home/runner/.m2/repository/org/apache/ozone/ozone-annotation-processing/1.3.0-SNAPSHOT/ozone-annotation-processing-1.3.0-SNAPSHOT.jar:"/>
    <property name="sun.cpu.endian" value="little"/>
    <property name="user.home" value="/home/runner"/>
    <property name="user.language" value="en"/>
    <property name="java.specification.vendor" value="Oracle Corporation"/>
    <property name="java.home" value="/usr/lib/jvm/temurin-8-jdk-amd64/jre"/>
    <property name="java.security.krb5.conf" value="/home/runner/work/ozone/ozone/hadoop-ozone/integration-test/target/test-classes/krb5.conf"/>
    <property name="basedir" value="/home/runner/work/ozone/ozone/hadoop-ozone/integration-test"/>
    <property name="file.separator" value="/"/>
    <property name="line.separator" value="&#10;"/>
    <property name="java.vm.specification.vendor" value="Oracle Corporation"/>
    <property name="java.specification.name" value="Java Platform API Specification"/>
    <property name="java.awt.graphicsenv" value="sun.awt.X11GraphicsEnvironment"/>
    <property name="skip.installnpx" value="true"/>
    <property name="surefire.real.class.path" value="/home/runner/work/ozone/ozone/hadoop-ozone/integration-test/target/surefire/surefirebooter8574123377107560780.jar:/home/runner/.m2/repository/org/jacoco/org.jacoco.agent/0.8.5/org.jacoco.agent-0.8.5-runtime.jar"/>
    <property name="hadoop.log.dir" value="/home/runner/work/ozone/ozone/hadoop-ozone/integration-test/target/log"/>
    <property name="sun.boot.class.path" value="/usr/lib/jvm/temurin-8-jdk-amd64/jre/lib/resources.jar:/usr/lib/jvm/temurin-8-jdk-amd64/jre/lib/rt.jar:/usr/lib/jvm/temurin-8-jdk-amd64/jre/lib/sunrsasign.jar:/usr/lib/jvm/temurin-8-jdk-amd64/jre/lib/jsse.jar:/usr/lib/jvm/temurin-8-jdk-amd64/jre/lib/jce.jar:/usr/lib/jvm/temurin-8-jdk-amd64/jre/lib/charsets.jar:/usr/lib/jvm/temurin-8-jdk-amd64/jre/lib/jfr.jar:/usr/lib/jvm/temurin-8-jdk-amd64/jre/classes"/>
    <property name="sun.management.compiler" value="HotSpot 64-Bit Tiered Compilers"/>
    <property name="skip.npx" value="true"/>
    <property name="java.runtime.version" value="1.8.0_332-b09"/>
    <property name="java.net.preferIPv4Stack" value="true"/>
    <property name="user.name" value="runner"/>
    <property name="path.separator" value=":"/>
    <property name="java.security.egd" value="file:///dev/urandom"/>
    <property name="os.version" value="5.4.0-1083-azure"/>
    <property name="java.endorsed.dirs" value="/usr/lib/jvm/temurin-8-jdk-amd64/jre/lib/endorsed"/>
    <property name="java.runtime.name" value="OpenJDK Runtime Environment"/>
    <property name="file.encoding" value="UTF-8"/>
    <property name="java.vm.name" value="OpenJDK 64-Bit Server VM"/>
    <property name="test.build.webapps" value=""/>
    <property name="localRepository" value="/home/runner/.m2/repository"/>
    <property name="jetty.git.hash" value="526006ecfa3af7f1a27ef3a288e2bef7ea9dd7e8"/>
    <property name="java.vendor.url.bug" value="https://github.com/adoptium/adoptium-support/issues"/>
    <property name="java.io.tmpdir" value="/tmp"/>
    <property name="require.test.libhadoop" value=""/>
    <property name="java.version" value="1.8.0_332"/>
    <property name="user.dir" value="/home/runner/work/ozone/ozone/hadoop-ozone/integration-test"/>
    <property name="os.arch" value="amd64"/>
    <property name="java.vm.specification.name" value="Java Virtual Machine Specification"/>
    <property name="test.build.classes" value="/home/runner/work/ozone/ozone/hadoop-ozone/integration-test/target/test-classes"/>
    <property name="java.awt.printerjob" value="sun.print.PSPrinterJob"/>
    <property name="sun.os.patch.level" value="unknown"/>
    <property name="hadoop.tmp.dir" value="/home/runner/work/ozone/ozone/hadoop-ozone/integration-test/target/tmp"/>
    <property name="java.library.path" value="/usr/java/packages/lib/amd64:/usr/lib64:/lib64:/lib:/usr/lib"/>
    <property name="java.vm.info" value="mixed mode"/>
    <property name="java.vendor" value="Temurin"/>
    <property name="java.vm.version" value="25.332-b09"/>
    <property name="java.ext.dirs" value="/usr/lib/jvm/temurin-8-jdk-amd64/jre/lib/ext:/usr/java/packages/lib/ext"/>
    <property name="sun.io.unicode.encoding" value="UnicodeLittle"/>
    <property name="java.class.version" value="52.0"/>
  </properties>
  <testcase name="testGetTrashRoot" classname="TestOzoneFileSystem" time="20.566">
    <system-out><![CDATA[2022-06-19 13:04:41,254 [main] WARN  server.ServerUtils (ServerUtils.java:getScmDbDir(148)) - ozone.scm.db.dirs is not configured. We recommend adding this setting. Falling back to ozone.metadata.dirs instead.
2022-06-19 13:04:41,315 [main] INFO  ha.SCMHANodeDetails (SCMHANodeDetails.java:loadSCMHAConfig(160)) - ServiceID for StorageContainerManager is null
2022-06-19 13:04:41,316 [main] INFO  ha.SCMHANodeDetails (SCMHANodeDetails.java:loadSCMHAConfig(165)) - ozone.scm.default.service.id is not defined, falling back to ozone.scm.service.ids to find serviceID for StorageContainerManager if it is HA enabled cluster
2022-06-19 13:04:41,410 [main] WARN  server.ServerUtils (ServerUtils.java:getScmDbDir(148)) - ozone.scm.db.dirs is not configured. We recommend adding this setting. Falling back to ozone.metadata.dirs instead.
2022-06-19 13:04:41,762 [main] WARN  utils.HAUtils (HAUtils.java:getMetaDir(342)) - ozone.scm.db.dirs is not configured. We recommend adding this setting. Falling back to ozone.metadata.dirs instead.
2022-06-19 13:04:41,895 [main] WARN  db.DBStoreBuilder (DBStoreBuilder.java:applyDBDefinition(145)) - ozone.scm.db.dirs is not configured. We recommend adding this setting. Falling back to ozone.metadata.dirs instead.
2022-06-19 13:04:42,158 [main] INFO  net.NodeSchemaLoader (NodeSchemaLoader.java:loadSchemaFromFile(129)) - Loading schema from [jar:file:/home/runner/.m2/repository/org/apache/ozone/hdds-common/1.3.0-SNAPSHOT/hdds-common-1.3.0-SNAPSHOT.jar!/network-topology-default.xml]
2022-06-19 13:04:42,159 [main] INFO  net.NodeSchemaLoader (NodeSchemaLoader.java:loadSchema(176)) - Loading network topology layer schema file
2022-06-19 13:04:42,198 [main] INFO  metrics.MetricRegistries (MetricRegistriesLoader.java:load(64)) - Loaded MetricRegistries class org.apache.ratis.metrics.impl.MetricRegistriesImpl
2022-06-19 13:04:42,204 [main] INFO  upgrade.AbstractLayoutVersionManager (AbstractLayoutVersionManager.java:init(82)) - Initializing Layout version manager with metadata layout = DATANODE_SCHEMA_V3 (version = 4), software layout = DATANODE_SCHEMA_V3 (version = 4)
2022-06-19 13:04:42,391 [main] INFO  reflections.Reflections (Reflections.java:scan(232)) - Reflections took 121 ms to scan 7 urls, producing 131 keys and 315 values 
2022-06-19 13:04:42,493 [main] INFO  ha.SequenceIdGenerator (SequenceIdGenerator.java:upgradeToSequenceId(347)) - upgrade localId to 109611004723200000
2022-06-19 13:04:42,494 [main] INFO  ha.SequenceIdGenerator (SequenceIdGenerator.java:upgradeToSequenceId(357)) - upgrade delTxnId to 0
2022-06-19 13:04:42,497 [main] INFO  ha.SequenceIdGenerator (SequenceIdGenerator.java:upgradeToSequenceId(374)) - upgrade containerId to 0
2022-06-19 13:04:42,499 [main] INFO  ha.SequenceIdGenerator (SequenceIdGenerator.java:<init>(218)) - Init the HA SequenceIdGenerator.
2022-06-19 13:04:42,542 [main] WARN  server.ServerUtils (ServerUtils.java:sanitizeUserArgs(73)) - ozone.scm.stale.node.interval value = 300000 is larger than max = 100000 based on the key value of ozone.scm.heartbeat.thread.interval, reset to the max value 100000.
2022-06-19 13:04:42,543 [main] WARN  server.ServerUtils (ServerUtils.java:sanitizeUserArgs(73)) - ozone.scm.stale.node.interval value = 300000 is larger than max = 100000 based on the key value of ozone.scm.heartbeat.thread.interval, reset to the max value 100000.
2022-06-19 13:04:42,549 [main] INFO  node.SCMNodeManager (SCMNodeManager.java:<init>(149)) - Entering startup safe mode.
2022-06-19 13:04:42,624 [main] INFO  algorithms.ContainerPlacementPolicyFactory (ContainerPlacementPolicyFactory.java:getPolicyInternal(86)) - Create container placement policy of type org.apache.hadoop.hdds.scm.container.placement.algorithms.SCMContainerPlacementRandom
2022-06-19 13:04:42,634 [main] INFO  pipeline.PipelineStateManagerImpl (PipelineStateManagerImpl.java:initialize(78)) - No pipeline exists in current db
2022-06-19 13:04:42,686 [main] INFO  algorithms.LeaderChoosePolicyFactory (LeaderChoosePolicyFactory.java:getPolicy(57)) - Create leader choose policy of type org.apache.hadoop.hdds.scm.pipeline.leader.choose.algorithms.MinLeaderCountChoosePolicy
2022-06-19 13:04:42,687 [main] INFO  algorithms.ContainerPlacementPolicyFactory (ContainerPlacementPolicyFactory.java:getPolicyInternal(86)) - Create container placement policy of type org.apache.hadoop.hdds.scm.container.placement.algorithms.SCMContainerPlacementRackScatter
2022-06-19 13:04:42,693 [main] INFO  pipeline.BackgroundPipelineCreator (BackgroundPipelineCreator.java:start(125)) - Starting RatisPipelineUtilsThread.
2022-06-19 13:04:42,700 [main] INFO  BackgroundPipelineScrubber (BackgroundSCMService.java:start(68)) - Starting BackgroundPipelineScrubber Service.
2022-06-19 13:04:42,701 [main] INFO  ha.SCMServiceManager (SCMServiceManager.java:register(42)) - Registering service BackgroundPipelineCreator.
2022-06-19 13:04:42,701 [main] INFO  ha.SCMServiceManager (SCMServiceManager.java:register(42)) - Registering service BackgroundPipelineScrubber.
2022-06-19 13:04:42,709 [main] INFO  ExpiredContainerReplicaOpScrubber (BackgroundSCMService.java:start(68)) - Starting ExpiredContainerReplicaOpScrubber Service.
2022-06-19 13:04:42,709 [main] INFO  ha.SCMServiceManager (SCMServiceManager.java:register(42)) - Registering service ExpiredContainerReplicaOpScrubber.
2022-06-19 13:04:42,740 [main] INFO  algorithms.PipelineChoosePolicyFactory (PipelineChoosePolicyFactory.java:createPipelineChoosePolicyFromClass(73)) - Create pipeline choose policy of type org.apache.hadoop.hdds.scm.pipeline.choose.algorithms.RandomPipelineChoosePolicy
2022-06-19 13:04:42,760 [main] INFO  ha.SCMServiceManager (SCMServiceManager.java:register(42)) - Registering service SCMBlockDeletingService.
2022-06-19 13:04:42,792 [main] INFO  ha.SCMServiceManager (SCMServiceManager.java:register(42)) - Registering service ReplicationManager.
2022-06-19 13:04:42,792 [main] INFO  replication.ReplicationManager (ReplicationManager.java:start(179)) - Starting Replication Monitor Thread.
2022-06-19 13:04:42,809 [ReplicationMonitor] INFO  replication.ReplicationManager (ReplicationManager.java:processAll(228)) - Replication Manager is not ready to run until 3000ms after safemode exit
2022-06-19 13:04:42,810 [main] INFO  safemode.ContainerSafeModeRule (ContainerSafeModeRule.java:<init>(89)) - containers with one replica threshold count 0
2022-06-19 13:04:42,814 [main] INFO  safemode.HealthyPipelineSafeModeRule (HealthyPipelineSafeModeRule.java:initializeRule(156)) - Total pipeline count is 0, healthy pipeline threshold count is 1
2022-06-19 13:04:42,818 [main] INFO  safemode.OneReplicaPipelineSafeModeRule (OneReplicaPipelineSafeModeRule.java:initializeRule(180)) - Total pipeline count is 0, pipeline's with at least one datanode reported threshold count is 0
2022-06-19 13:04:43,122 [main] INFO  audit.AuditLogger (AuditLogger.java:refreshDebugCmdSet(120)) - Refresh DebugCmdSet for SCMAudit to [].
2022-06-19 13:04:43,150 [main] INFO  ipc.CallQueueManager (CallQueueManager.java:<init>(90)) - Using callQueue: class java.util.concurrent.LinkedBlockingQueue, queueCapacity: 2000, scheduler: class org.apache.hadoop.ipc.DefaultRpcScheduler, ipcBackoff: false.
2022-06-19 13:04:43,187 [Socket Reader #1 for port 0] INFO  ipc.Server (Server.java:run(1265)) - Starting Socket Reader #1 for port 0
2022-06-19 13:04:43,237 [Listener at 0.0.0.0/36427] INFO  audit.AuditLogger (AuditLogger.java:refreshDebugCmdSet(120)) - Refresh DebugCmdSet for SCMAudit to [].
2022-06-19 13:04:43,241 [Listener at 0.0.0.0/36427] INFO  ipc.CallQueueManager (CallQueueManager.java:<init>(90)) - Using callQueue: class java.util.concurrent.LinkedBlockingQueue, queueCapacity: 2000, scheduler: class org.apache.hadoop.ipc.DefaultRpcScheduler, ipcBackoff: false.
2022-06-19 13:04:43,243 [Socket Reader #1 for port 0] INFO  ipc.Server (Server.java:run(1265)) - Starting Socket Reader #1 for port 0
2022-06-19 13:04:43,268 [Listener at 0.0.0.0/34337] INFO  audit.AuditLogger (AuditLogger.java:refreshDebugCmdSet(120)) - Refresh DebugCmdSet for SCMAudit to [].
2022-06-19 13:04:43,278 [Listener at 0.0.0.0/34337] INFO  ipc.CallQueueManager (CallQueueManager.java:<init>(90)) - Using callQueue: class java.util.concurrent.LinkedBlockingQueue, queueCapacity: 2000, scheduler: class org.apache.hadoop.ipc.DefaultRpcScheduler, ipcBackoff: false.
2022-06-19 13:04:43,284 [Socket Reader #1 for port 0] INFO  ipc.Server (Server.java:run(1265)) - Starting Socket Reader #1 for port 0
2022-06-19 13:04:43,347 [Listener at 0.0.0.0/45801] INFO  ha.SCMServiceManager (SCMServiceManager.java:register(42)) - Registering service ContainerBalancer.
2022-06-19 13:04:43,347 [Listener at 0.0.0.0/45801] INFO  server.StorageContainerManager (StorageContainerManager.java:<init>(398)) - 
Container Balancer status:
Key                            Value
Running                        false
Container Balancer Configuration values:
Key                                                Value
Threshold                                          10
Max Datanodes to Involve per Iteration(percent)    20
Max Size to Move per Iteration                     500GB
Max Size Entering Target per Iteration             26GB
Max Size Leaving Source per Iteration              26GB

2022-06-19 13:04:43,348 [Listener at 0.0.0.0/45801] WARN  events.EventQueue (EventQueue.java:fireEvent(194)) - No event handler registered for event TypedEvent{payloadType=SafeModeStatus, name='Safe mode status'}
2022-06-19 13:04:43,348 [Listener at 0.0.0.0/45801] INFO  ha.SCMContext (SCMContext.java:updateSafeModeStatus(228)) - Update SafeModeStatus from SafeModeStatus{safeModeStatus=true, preCheckPassed=false} to SafeModeStatus{safeModeStatus=true, preCheckPassed=false}.
2022-06-19 13:04:43,351 [Listener at 0.0.0.0/45801] INFO  server.StorageContainerManager (StorageContainerManager.java:start(1409)) - StorageContainerLocationProtocol RPC server is listening at /0.0.0.0:45801
2022-06-19 13:04:43,416 [Listener at 0.0.0.0/45801] WARN  impl.MetricsConfig (MetricsConfig.java:loadFirst(136)) - Cannot locate configuration: tried hadoop-metrics2-storagecontainermanager.properties,hadoop-metrics2.properties
2022-06-19 13:04:43,428 [Listener at 0.0.0.0/45801] INFO  impl.MetricsSystemImpl (MetricsSystemImpl.java:startTimer(378)) - Scheduled Metric snapshot period at 10 second(s).
2022-06-19 13:04:43,429 [Listener at 0.0.0.0/45801] INFO  impl.MetricsSystemImpl (MetricsSystemImpl.java:start(191)) - StorageContainerManager metrics system started
2022-06-19 13:04:43,732 [Listener at 0.0.0.0/45801] INFO  server.SCMClientProtocolServer (SCMClientProtocolServer.java:start(169)) - RPC server for Client  is listening at /0.0.0.0:45801
2022-06-19 13:04:43,733 [IPC Server Responder] INFO  ipc.Server (Server.java:run(1507)) - IPC Server Responder: starting
2022-06-19 13:04:43,734 [IPC Server listener on 0] INFO  ipc.Server (Server.java:run(1344)) - IPC Server listener on 0: starting
2022-06-19 13:04:43,739 [Listener at 0.0.0.0/45801] INFO  server.StorageContainerManager (StorageContainerManager.java:start(1424)) - ScmBlockLocationProtocol RPC server is listening at /0.0.0.0:34337
2022-06-19 13:04:43,739 [Listener at 0.0.0.0/45801] INFO  server.SCMBlockProtocolServer (SCMBlockProtocolServer.java:start(151)) - RPC server for Block Protocol is listening at /0.0.0.0:34337
2022-06-19 13:04:43,741 [IPC Server Responder] INFO  ipc.Server (Server.java:run(1507)) - IPC Server Responder: starting
2022-06-19 13:04:43,741 [IPC Server listener on 0] INFO  ipc.Server (Server.java:run(1344)) - IPC Server listener on 0: starting
2022-06-19 13:04:43,744 [Listener at 0.0.0.0/45801] INFO  server.SCMDatanodeProtocolServer (SCMDatanodeProtocolServer.java:start(183)) - ScmDatanodeProtocol RPC server for DataNodes is listening at /0.0.0.0:36427
2022-06-19 13:04:43,745 [IPC Server Responder] INFO  ipc.Server (Server.java:run(1507)) - IPC Server Responder: starting
2022-06-19 13:04:43,745 [IPC Server listener on 0] INFO  ipc.Server (Server.java:run(1344)) - IPC Server listener on 0: starting
2022-06-19 13:04:43,764 [org.apache.hadoop.util.JvmPauseMonitor$Monitor@4113d9ab] INFO  util.JvmPauseMonitor (JvmPauseMonitor.java:run(188)) - Starting JVM pause monitor
2022-06-19 13:04:43,776 [Listener at 0.0.0.0/45801] INFO  http.BaseHttpServer (BaseHttpServer.java:newHttpServer2BuilderForOzone(209)) - Starting Web-server for scm at: http://0.0.0.0:0
2022-06-19 13:04:43,776 [Listener at 0.0.0.0/45801] INFO  http.BaseHttpServer (BaseHttpServer.java:<init>(107)) - Hadoop Security Enabled: false Ozone Security Enabled: false Ozone HTTP Security Enabled: false 
2022-06-19 13:04:43,802 [Listener at 0.0.0.0/45801] INFO  util.log (Log.java:initialized(170)) - Logging initialized @4038ms to org.eclipse.jetty.util.log.Slf4jLog
2022-06-19 13:04:43,907 [Listener at 0.0.0.0/45801] INFO  server.AuthenticationFilter (AuthenticationFilter.java:constructSecretProvider(240)) - Unable to initialize FileSignerSecretProvider, falling back to use random secrets.
2022-06-19 13:04:43,912 [Listener at 0.0.0.0/45801] WARN  http.HttpRequestLog (HttpRequestLog.java:getRequestLog(103)) - Jetty request log can only be enabled using Log4j
2022-06-19 13:04:43,919 [Listener at 0.0.0.0/45801] INFO  http.HttpServer2 (HttpServer2.java:addGlobalFilter(1029)) - Added global filter 'safety' (class=org.apache.hadoop.hdds.server.http.HttpServer2$QuotingInputFilter)
2022-06-19 13:04:43,921 [Listener at 0.0.0.0/45801] INFO  http.HttpServer2 (HttpServer2.java:addFilter(1005)) - Added filter static_user_filter (class=org.apache.hadoop.http.lib.StaticUserWebFilter$StaticUserFilter) to context scm
2022-06-19 13:04:43,921 [Listener at 0.0.0.0/45801] INFO  http.HttpServer2 (HttpServer2.java:addFilter(1013)) - Added filter static_user_filter (class=org.apache.hadoop.http.lib.StaticUserWebFilter$StaticUserFilter) to context static
2022-06-19 13:04:43,922 [Listener at 0.0.0.0/45801] INFO  http.HttpServer2 (HttpServer2.java:addFilter(1013)) - Added filter static_user_filter (class=org.apache.hadoop.http.lib.StaticUserWebFilter$StaticUserFilter) to context logs
2022-06-19 13:04:43,962 [Listener at 0.0.0.0/45801] INFO  http.HttpServer2 (HttpServer2.java:bindListener(1248)) - Jetty bound to port 40769
2022-06-19 13:04:43,963 [Listener at 0.0.0.0/45801] INFO  server.Server (Server.java:doStart(375)) - jetty-9.4.43.v20210629; built: 2021-06-30T11:07:22.254Z; git: 526006ecfa3af7f1a27ef3a288e2bef7ea9dd7e8; jvm 1.8.0_332-b09
2022-06-19 13:04:43,993 [Listener at 0.0.0.0/45801] INFO  server.session (DefaultSessionIdManager.java:doStart(334)) - DefaultSessionIdManager workerName=node0
2022-06-19 13:04:43,993 [Listener at 0.0.0.0/45801] INFO  server.session (DefaultSessionIdManager.java:doStart(339)) - No SessionScavenger set, using defaults
2022-06-19 13:04:43,995 [Listener at 0.0.0.0/45801] INFO  server.session (HouseKeeper.java:startScavenging(132)) - node0 Scavenging every 660000ms
2022-06-19 13:04:44,008 [Listener at 0.0.0.0/45801] INFO  handler.ContextHandler (ContextHandler.java:doStart(915)) - Started o.e.j.s.ServletContextHandler@6075a4ea{logs,/logs,file:///home/runner/work/ozone/ozone/hadoop-ozone/integration-test/target/log,AVAILABLE}
2022-06-19 13:04:44,009 [Listener at 0.0.0.0/45801] INFO  handler.ContextHandler (ContextHandler.java:doStart(915)) - Started o.e.j.s.ServletContextHandler@2eb03908{static,/static,file:///home/runner/work/ozone/ozone/hadoop-ozone/integration-test/target/test-classes/webapps/static,AVAILABLE}
2022-06-19 13:04:44,055 [Listener at 0.0.0.0/45801] INFO  handler.ContextHandler (ContextHandler.java:doStart(915)) - Started o.e.j.w.WebAppContext@147c4523{scm,/,file:///home/runner/work/ozone/ozone/hadoop-ozone/integration-test/target/test-classes/webapps/scm/,AVAILABLE}{file:/home/runner/work/ozone/ozone/hadoop-ozone/integration-test/target/test-classes/webapps/scm}
2022-06-19 13:04:44,066 [Listener at 0.0.0.0/45801] INFO  server.AbstractConnector (AbstractConnector.java:doStart(331)) - Started ServerConnector@1f229c40{HTTP/1.1, (http/1.1)}{0.0.0.0:40769}
2022-06-19 13:04:44,066 [Listener at 0.0.0.0/45801] INFO  server.Server (Server.java:doStart(415)) - Started @4303ms
2022-06-19 13:04:44,068 [Listener at 0.0.0.0/45801] INFO  impl.MetricsSinkAdapter (MetricsSinkAdapter.java:start(204)) - Sink prometheus started
2022-06-19 13:04:44,068 [Listener at 0.0.0.0/45801] INFO  impl.MetricsSystemImpl (MetricsSystemImpl.java:registerSink(305)) - Registered sink prometheus
2022-06-19 13:04:44,069 [Listener at 0.0.0.0/45801] INFO  http.BaseHttpServer (BaseHttpServer.java:updateConnectorAddress(329)) - HTTP server of scm listening at http://0.0.0.0:40769
2022-06-19 13:04:44,071 [Listener at 0.0.0.0/45801] WARN  server.ServerUtils (ServerUtils.java:getDBPath(225)) - ozone.om.db.dirs is not configured. We recommend adding this setting. Falling back to ozone.metadata.dirs instead.
2022-06-19 13:04:44,120 [Listener at 0.0.0.0/45801] INFO  audit.AuditLogger (AuditLogger.java:refreshDebugCmdSet(120)) - Refresh DebugCmdSet for OMAudit to [].
2022-06-19 13:04:44,209 [Listener at 0.0.0.0/45801] INFO  ha.OMHANodeDetails (OMHANodeDetails.java:loadOMHAConfig(115)) - ozone.om.internal.service.id is not defined, falling back to ozone.om.service.ids to find serviceID for OzoneManager if it is HA enabled cluster
2022-06-19 13:04:44,212 [Listener at 0.0.0.0/45801] INFO  ha.OMHANodeDetails (OMHANodeDetails.java:loadOMHAConfig(226)) - Configuration does not have ozone.om.address set. Falling back to the default OM address /127.0.0.1:0
2022-06-19 13:04:44,212 [Listener at 0.0.0.0/45801] INFO  ha.OMHANodeDetails (OMHANodeDetails.java:getOMNodeDetailsForNonHA(254)) - OM Service ID is not set. Setting it to the default ID: omServiceIdDefault
2022-06-19 13:04:44,213 [Listener at 0.0.0.0/45801] INFO  ha.OMHANodeDetails (OMHANodeDetails.java:getOMNodeDetailsForNonHA(261)) - OM Node ID is not set. Setting it to the default ID: om1
2022-06-19 13:04:44,216 [Listener at 0.0.0.0/45801] WARN  server.ServerUtils (ServerUtils.java:getDBPath(225)) - ozone.om.db.dirs is not configured. We recommend adding this setting. Falling back to ozone.metadata.dirs instead.
2022-06-19 13:04:44,218 [Listener at 0.0.0.0/45801] INFO  upgrade.AbstractLayoutVersionManager (AbstractLayoutVersionManager.java:init(82)) - Initializing Layout version manager with metadata layout = MULTITENANCY_SCHEMA (version = 3), software layout = MULTITENANCY_SCHEMA (version = 3)
2022-06-19 13:04:44,299 [Listener at 0.0.0.0/45801] INFO  reflections.Reflections (Reflections.java:scan(232)) - Reflections took 76 ms to scan 2 urls, producing 153 keys and 431 values [using 2 cores]
2022-06-19 13:04:44,304 [Listener at 0.0.0.0/45801] INFO  upgrade.OMLayoutVersionManager (OMLayoutVersionManager.java:lambda$0(115)) - Skipping Upgrade Action MockOmUpgradeAction since it has been finalized.
2022-06-19 13:04:44,305 [Listener at 0.0.0.0/45801] WARN  server.ServerUtils (ServerUtils.java:getDBPath(225)) - ozone.om.db.dirs is not configured. We recommend adding this setting. Falling back to ozone.metadata.dirs instead.
2022-06-19 13:04:44,477 [Listener at 0.0.0.0/45801] INFO  proxy.SCMBlockLocationFailoverProxyProvider (SCMBlockLocationFailoverProxyProvider.java:<init>(114)) - Created block location fail-over proxy with 1 nodes: [nodeId=scmNodeId,nodeAddress=/0.0.0.0:34337]
2022-06-19 13:04:44,503 [Listener at 0.0.0.0/45801] INFO  proxy.SCMBlockLocationFailoverProxyProvider (SCMBlockLocationFailoverProxyProvider.java:<init>(114)) - Created block location fail-over proxy with 1 nodes: [nodeId=scmNodeId,nodeAddress=/0.0.0.0:34337]
2022-06-19 13:04:44,708 [Listener at 0.0.0.0/45801] WARN  server.ServerUtils (ServerUtils.java:getDBPath(225)) - ozone.om.db.dirs is not configured. We recommend adding this setting. Falling back to ozone.metadata.dirs instead.
2022-06-19 13:04:44,716 [Listener at 0.0.0.0/45801] INFO  codec.OmKeyInfoCodec (OmKeyInfoCodec.java:<init>(49)) - OmKeyInfoCodec ignorePipeline = true
2022-06-19 13:04:44,717 [Listener at 0.0.0.0/45801] INFO  codec.RepeatedOmKeyInfoCodec (RepeatedOmKeyInfoCodec.java:<init>(41)) - RepeatedOmKeyInfoCodec ignorePipeline = true
2022-06-19 13:04:44,878 [Listener at 0.0.0.0/45801] INFO  om.OzoneManager (OzoneManager.java:instantiateServices(692)) - S3 Multi-Tenancy is disabled
2022-06-19 13:04:44,953 [Listener at 0.0.0.0/45801] INFO  om.OzoneManager (OzoneManager.java:addS3GVolumeToDB(4259)) - Created Volume s3v With Owner runner required for S3Gateway operations.
2022-06-19 13:04:45,019 [Listener at 0.0.0.0/45801] WARN  server.ServerUtils (ServerUtils.java:getDefaultRatisDirectory(237)) - Storage directory for Ratis is not configured. It is a good idea to map this to an SSD disk. Falling back to ozone.metadata.dirs
2022-06-19 13:04:45,019 [Listener at 0.0.0.0/45801] WARN  utils.OzoneManagerRatisUtils (OzoneManagerRatisUtils.java:getOMRatisSnapshotDirectory(423)) - ozone.om.ratis.snapshot.dir is not configured. Falling back to ozone.metadata.dirs config
2022-06-19 13:04:45,039 [Listener at 0.0.0.0/45801] WARN  server.ServerUtils (ServerUtils.java:getDefaultRatisDirectory(237)) - Storage directory for Ratis is not configured. It is a good idea to map this to an SSD disk. Falling back to ozone.metadata.dirs
2022-06-19 13:04:45,068 [Listener at 0.0.0.0/45801] INFO  ratis.OzoneManagerRatisServer (OzoneManagerRatisServer.java:<init>(159)) - Instantiating OM Ratis server with groupID: omServiceIdDefault and peers: localhost:9872
2022-06-19 13:04:45,077 [Listener at 0.0.0.0/45801] INFO  ratis.OzoneManagerStateMachine (OzoneManagerStateMachine.java:loadSnapshotInfoFromDB(632)) - LastAppliedIndex is set from TransactionInfo from OM DB as (t:0, i:~)
2022-06-19 13:04:45,123 [Listener at 0.0.0.0/45801] INFO  server.RaftServer (ConfUtils.java:logGet(46)) - raft.rpc.type = GRPC (default)
2022-06-19 13:04:45,203 [Listener at 0.0.0.0/45801] INFO  grpc.GrpcFactory (GrpcFactory.java:checkPooledByteBufAllocatorUseCacheForAllThreads(48)) - PERFORMANCE WARNING: useCacheForAllThreads is true that may cause Netty to create a lot garbage objects and, as a result, trigger GC.
	It is recommended to disable useCacheForAllThreads by setting -Dorg.apache.ratis.thirdparty.io.netty.allocator.useCacheForAllThreads=false in command line.
2022-06-19 13:04:45,207 [Listener at 0.0.0.0/45801] INFO  grpc.GrpcConfigKeys (ConfUtils.java:logGet(46)) - raft.grpc.admin.port = -1 (default)
2022-06-19 13:04:45,207 [Listener at 0.0.0.0/45801] INFO  grpc.GrpcConfigKeys (ConfUtils.java:logGet(46)) - raft.grpc.server.port = 9872 (custom)
2022-06-19 13:04:45,208 [Listener at 0.0.0.0/45801] INFO  grpc.GrpcConfigKeys (ConfUtils.java:logGet(46)) - raft.grpc.client.port = -1 (default)
2022-06-19 13:04:45,208 [Listener at 0.0.0.0/45801] INFO  grpc.GrpcConfigKeys (ConfUtils.java:logGet(46)) - raft.grpc.server.port = 9872 (custom)
2022-06-19 13:04:45,208 [Listener at 0.0.0.0/45801] INFO  grpc.GrpcConfigKeys (ConfUtils.java:logGet(46)) - raft.grpc.server.port = 9872 (custom)
2022-06-19 13:04:45,209 [Listener at 0.0.0.0/45801] INFO  server.GrpcService (ConfUtils.java:logGet(46)) - raft.grpc.message.size.max = 33554432 (custom)
2022-06-19 13:04:45,210 [Listener at 0.0.0.0/45801] INFO  server.RaftServerConfigKeys (ConfUtils.java:logGet(46)) - raft.server.log.appender.buffer.byte-limit = 33554432 (custom)
2022-06-19 13:04:45,211 [Listener at 0.0.0.0/45801] INFO  server.GrpcService (ConfUtils.java:logGet(46)) - raft.grpc.flow.control.window = 1MB (=1048576) (default)
2022-06-19 13:04:45,212 [Listener at 0.0.0.0/45801] INFO  server.RaftServerConfigKeys (ConfUtils.java:logGet(46)) - raft.server.rpc.request.timeout = 3000ms (default)
2022-06-19 13:04:45,229 [Listener at 0.0.0.0/45801] INFO  grpc.GrpcConfigKeys (ConfUtils.java:logGet(46)) - raft.grpc.server.async.request.thread.pool.cached = true (default)
2022-06-19 13:04:45,229 [Listener at 0.0.0.0/45801] INFO  grpc.GrpcConfigKeys (ConfUtils.java:logGet(46)) - raft.grpc.server.async.request.thread.pool.size = 32 (default)
2022-06-19 13:04:45,546 [Listener at 0.0.0.0/45801] INFO  impl.DataStreamServerImpl (ConfUtils.java:logGet(46)) - raft.datastream.type = DISABLED (default)
2022-06-19 13:04:45,549 [Listener at 0.0.0.0/45801] INFO  server.RaftServerConfigKeys (ConfUtils.java:logGet(46)) - raft.server.threadpool.proxy.cached = true (default)
2022-06-19 13:04:45,550 [Listener at 0.0.0.0/45801] INFO  server.RaftServerConfigKeys (ConfUtils.java:logGet(46)) - raft.server.threadpool.proxy.size = 0 (default)
2022-06-19 13:04:45,550 [Listener at 0.0.0.0/45801] INFO  server.RaftServerConfigKeys (ConfUtils.java:logGet(46)) - raft.server.rpc.slowness.timeout = 120s (custom)
2022-06-19 13:04:45,550 [Listener at 0.0.0.0/45801] INFO  server.RaftServerConfigKeys (ConfUtils.java:logGet(46)) - raft.server.leaderelection.leader.step-down.wait-time = 10s (default)
2022-06-19 13:04:45,554 [Listener at 0.0.0.0/45801] INFO  server.RaftServerConfigKeys (ConfUtils.java:logGet(46)) - raft.server.storage.dir = [/home/runner/work/ozone/ozone/hadoop-ozone/integration-test/target/test-dir/MiniOzoneClusterImpl-9f34b74b-d5f0-454e-a8cb-06b69a9d8d3b/ozone-meta/ratis] (custom)
2022-06-19 13:04:45,566 [Listener at 0.0.0.0/45801] INFO  server.RaftServer (RaftServerProxy.java:addNew(96)) - om1: addNew group-C5BA1605619E:[om1|rpc:localhost:9872|priority:0] returns group-C5BA1605619E:java.util.concurrent.CompletableFuture@1f4863e0[Not completed]
2022-06-19 13:04:45,566 [Listener at 0.0.0.0/45801] INFO  om.OzoneManager (OzoneManager.java:initializeRatisServer(1961)) - OzoneManager Ratis server initialized at port 9872
2022-06-19 13:04:45,592 [pool-55-thread-1] INFO  server.RaftServer$Division (RaftServerImpl.java:<init>(190)) - om1: new RaftServerImpl for group-C5BA1605619E:[om1|rpc:localhost:9872|priority:0] with OzoneManagerStateMachine:uninitialized
2022-06-19 13:04:45,596 [Listener at 0.0.0.0/45801] INFO  om.OzoneManager (OzoneManager.java:getRpcServer(1081)) - Creating RPC Server
2022-06-19 13:04:45,594 [pool-55-thread-1] INFO  server.RaftServerConfigKeys (ConfUtils.java:logGet(46)) - raft.server.rpc.timeout.min = 1s (custom)
2022-06-19 13:04:45,598 [pool-55-thread-1] INFO  server.RaftServerConfigKeys (ConfUtils.java:logGet(46)) - raft.server.rpc.timeout.max = 1200ms (custom)
2022-06-19 13:04:45,598 [pool-55-thread-1] INFO  server.RaftServerConfigKeys (ConfUtils.java:logGet(46)) - raft.server.rpc.sleep.time = 25ms (default)
2022-06-19 13:04:45,599 [pool-55-thread-1] INFO  server.RaftServerConfigKeys (ConfUtils.java:logGet(46)) - raft.server.rpc.slowness.timeout = 120s (custom)
2022-06-19 13:04:45,599 [pool-55-thread-1] INFO  server.RaftServerConfigKeys (ConfUtils.java:logGet(46)) - raft.server.leaderelection.leader.step-down.wait-time = 10s (default)
2022-06-19 13:04:45,599 [pool-55-thread-1] INFO  server.RaftServerConfigKeys (ConfUtils.java:logGet(46)) - raft.server.sleep.deviation.threshold = 300ms (default)
2022-06-19 13:04:45,606 [pool-55-thread-1] INFO  server.RaftServer$Division (ServerState.java:<init>(107)) - om1@group-C5BA1605619E: ConfigurationManager, init=-1: [om1|rpc:localhost:9872|priority:0], old=null, confs=<EMPTY_MAP>
2022-06-19 13:04:45,607 [pool-55-thread-1] INFO  server.RaftServerConfigKeys (ConfUtils.java:logGet(46)) - raft.server.storage.dir = [/home/runner/work/ozone/ozone/hadoop-ozone/integration-test/target/test-dir/MiniOzoneClusterImpl-9f34b74b-d5f0-454e-a8cb-06b69a9d8d3b/ozone-meta/ratis] (custom)
2022-06-19 13:04:45,617 [pool-55-thread-1] INFO  server.RaftServerConfigKeys (ConfUtils.java:logGet(46)) - raft.server.log.corruption.policy = EXCEPTION (default)
2022-06-19 13:04:45,626 [pool-55-thread-1] INFO  server.RaftServerConfigKeys (ConfUtils.java:logGet(46)) - raft.server.storage.free-space.min = 0MB (=0) (default)
2022-06-19 13:04:45,627 [pool-55-thread-1] INFO  storage.RaftStorageDirectory (RaftStorageDirectoryImpl.java:analyzeStorage(135)) - The storage directory /home/runner/work/ozone/ozone/hadoop-ozone/integration-test/target/test-dir/MiniOzoneClusterImpl-9f34b74b-d5f0-454e-a8cb-06b69a9d8d3b/ozone-meta/ratis/bf265839-605b-3f16-9796-c5ba1605619e does not exist. Creating ...
2022-06-19 13:04:45,634 [pool-55-thread-1] INFO  storage.RaftStorageDirectory (RaftStorageDirectoryImpl.java:tryLock(230)) - Lock on /home/runner/work/ozone/ozone/hadoop-ozone/integration-test/target/test-dir/MiniOzoneClusterImpl-9f34b74b-d5f0-454e-a8cb-06b69a9d8d3b/ozone-meta/ratis/bf265839-605b-3f16-9796-c5ba1605619e/in_use.lock acquired by nodename 17254@fv-az58-449
2022-06-19 13:04:45,650 [pool-55-thread-1] INFO  storage.RaftStorage (RaftStorageImpl.java:format(89)) - Storage directory /home/runner/work/ozone/ozone/hadoop-ozone/integration-test/target/test-dir/MiniOzoneClusterImpl-9f34b74b-d5f0-454e-a8cb-06b69a9d8d3b/ozone-meta/ratis/bf265839-605b-3f16-9796-c5ba1605619e has been successfully formatted.
2022-06-19 13:04:45,653 [pool-55-thread-1] INFO  server.RaftServerConfigKeys (ConfUtils.java:logGet(46)) - raft.server.notification.no-leader.timeout = 120s (custom)
2022-06-19 13:04:45,655 [pool-55-thread-1] INFO  server.RaftServerConfigKeys (ConfUtils.java:logGet(46)) - raft.server.log.use.memory = false (default)
2022-06-19 13:04:45,668 [pool-55-thread-1] INFO  server.RaftServerConfigKeys (ConfUtils.java:logGet(46)) - raft.server.log.purge.gap = 1000000 (custom)
2022-06-19 13:04:45,668 [pool-55-thread-1] INFO  server.RaftServerConfigKeys (ConfUtils.java:logGet(46)) - raft.server.log.appender.buffer.byte-limit = 33554432 (custom)
2022-06-19 13:04:45,679 [pool-55-thread-1] INFO  server.RaftServerConfigKeys (ConfUtils.java:logGet(46)) - raft.server.log.statemachine.data.read.timeout = 1000ms (default)
2022-06-19 13:04:45,710 [pool-55-thread-1] INFO  server.RaftServerConfigKeys (ConfUtils.java:logGet(46)) - raft.server.log.segment.size.max = 4194304 (custom)
2022-06-19 13:04:45,745 [pool-55-thread-1] INFO  server.RaftServerConfigKeys (ConfUtils.java:logGet(46)) - raft.server.log.segment.cache.num.max = 2 (custom)
2022-06-19 13:04:45,745 [pool-55-thread-1] INFO  server.RaftServerConfigKeys (ConfUtils.java:logGet(46)) - raft.server.log.segment.cache.size.max = 200MB (=209715200) (default)
2022-06-19 13:04:45,765 [pool-55-thread-1] INFO  segmented.SegmentedRaftLogWorker (SegmentedRaftLogWorker.java:<init>(187)) - new om1@group-C5BA1605619E-SegmentedRaftLogWorker for RaftStorageImpl:Storage Directory /home/runner/work/ozone/ozone/hadoop-ozone/integration-test/target/test-dir/MiniOzoneClusterImpl-9f34b74b-d5f0-454e-a8cb-06b69a9d8d3b/ozone-meta/ratis/bf265839-605b-3f16-9796-c5ba1605619e
2022-06-19 13:04:45,766 [pool-55-thread-1] INFO  server.RaftServerConfigKeys (ConfUtils.java:logGet(46)) - raft.server.log.queue.byte-limit = 64MB (=67108864) (default)
2022-06-19 13:04:45,766 [pool-55-thread-1] INFO  server.RaftServerConfigKeys (ConfUtils.java:logGet(46)) - raft.server.log.queue.element-limit = 4096 (default)
2022-06-19 13:04:45,767 [pool-55-thread-1] INFO  server.RaftServerConfigKeys (ConfUtils.java:logGet(46)) - raft.server.log.segment.size.max = 4194304 (custom)
2022-06-19 13:04:45,768 [pool-55-thread-1] INFO  server.RaftServerConfigKeys (ConfUtils.java:logGet(46)) - raft.server.log.preallocated.size = 4194304 (custom)
2022-06-19 13:04:45,768 [pool-55-thread-1] INFO  server.RaftServerConfigKeys (ConfUtils.java:logGet(46)) - raft.server.log.force.sync.num = 128 (default)
2022-06-19 13:04:45,769 [pool-55-thread-1] INFO  server.RaftServerConfigKeys (ConfUtils.java:logGet(46)) - raft.server.log.statemachine.data.sync = true (default)
2022-06-19 13:04:45,769 [pool-55-thread-1] INFO  server.RaftServerConfigKeys (ConfUtils.java:logGet(46)) - raft.server.log.statemachine.data.sync.timeout = 10s (default)
2022-06-19 13:04:45,770 [pool-55-thread-1] INFO  server.RaftServerConfigKeys (ConfUtils.java:logGet(46)) - raft.server.log.statemachine.data.sync.timeout.retry = -1 (default)
2022-06-19 13:04:45,799 [pool-55-thread-1] INFO  server.RaftServerConfigKeys (ConfUtils.java:logGet(46)) - raft.server.log.write.buffer.size = 64KB (=65536) (default)
2022-06-19 13:04:45,799 [pool-55-thread-1] INFO  server.RaftServerConfigKeys (ConfUtils.java:logGet(46)) - raft.server.log.unsafe-flush.enabled = false (default)
2022-06-19 13:04:45,800 [pool-55-thread-1] INFO  server.RaftServerConfigKeys (ConfUtils.java:logGet(46)) - raft.server.log.statemachine.data.caching.enabled = false (default)
2022-06-19 13:04:45,808 [pool-55-thread-1] INFO  segmented.SegmentedRaftLogWorker (SegmentedRaftLogWorker.java:lambda$new$0(135)) - om1@group-C5BA1605619E-SegmentedRaftLogWorker: flushIndex: setUnconditionally 0 -> -1
2022-06-19 13:04:45,808 [pool-55-thread-1] INFO  segmented.SegmentedRaftLogWorker (SegmentedRaftLogWorker.java:lambda$new$0(135)) - om1@group-C5BA1605619E-SegmentedRaftLogWorker: safeCacheEvictIndex: setUnconditionally 0 -> -1
2022-06-19 13:04:45,814 [pool-55-thread-1] INFO  server.RaftServerConfigKeys (ConfUtils.java:logGet(46)) - raft.server.snapshot.auto.trigger.enabled = true (custom)
2022-06-19 13:04:45,815 [pool-55-thread-1] INFO  server.RaftServerConfigKeys (ConfUtils.java:logGet(46)) - raft.server.snapshot.auto.trigger.threshold = 400000 (default)
2022-06-19 13:04:45,815 [pool-55-thread-1] INFO  server.RaftServerConfigKeys (ConfUtils.java:logGet(46)) - raft.server.snapshot.retention.file.num = -1 (default)
2022-06-19 13:04:45,816 [pool-55-thread-1] INFO  server.RaftServerConfigKeys (ConfUtils.java:logGet(46)) - raft.server.log.purge.upto.snapshot.index = true (custom)
2022-06-19 13:04:45,818 [pool-55-thread-1] INFO  server.RaftServerConfigKeys (ConfUtils.java:logGet(46)) - raft.server.retrycache.expirytime = 300s (custom)
2022-06-19 13:04:45,818 [pool-55-thread-1] INFO  server.RaftServerConfigKeys (ConfUtils.java:logGet(46)) - raft.server.retrycache.statistics.expirytime = 100μs (default)
2022-06-19 13:04:45,879 [pool-55-thread-1] INFO  server.RaftServerConfigKeys (ConfUtils.java:logGet(46)) - raft.server.log.appender.install.snapshot.enabled = false (custom)
2022-06-19 13:04:45,880 [pool-55-thread-1] INFO  server.RaftServerConfigKeys (ConfUtils.java:logGet(46)) - raft.server.threadpool.server.cached = true (default)
2022-06-19 13:04:45,880 [pool-55-thread-1] INFO  server.RaftServerConfigKeys (ConfUtils.java:logGet(46)) - raft.server.threadpool.server.size = 0 (default)
2022-06-19 13:04:45,880 [pool-55-thread-1] INFO  server.RaftServerConfigKeys (ConfUtils.java:logGet(46)) - raft.server.threadpool.client.cached = true (default)
2022-06-19 13:04:45,881 [pool-55-thread-1] INFO  server.RaftServerConfigKeys (ConfUtils.java:logGet(46)) - raft.server.threadpool.client.size = 0 (default)
2022-06-19 13:04:46,244 [Listener at 0.0.0.0/45801] INFO  reflections.Reflections (Reflections.java:scan(232)) - Reflections took 578 ms to scan 19 urls, producing 66 keys and 4010 values [using 2 cores]
2022-06-19 13:04:46,385 [Listener at 0.0.0.0/45801] INFO  ipc.CallQueueManager (CallQueueManager.java:<init>(90)) - Using callQueue: class java.util.concurrent.LinkedBlockingQueue, queueCapacity: 2000, scheduler: class org.apache.hadoop.ipc.DefaultRpcScheduler, ipcBackoff: false.
2022-06-19 13:04:46,385 [Socket Reader #1 for port 0] INFO  ipc.Server (Server.java:run(1265)) - Starting Socket Reader #1 for port 0
2022-06-19 13:04:46,420 [Listener at 127.0.0.1/33959] INFO  impl.MetricsSystemImpl (MetricsSystemImpl.java:init(158)) - OzoneManager metrics system started (again)
2022-06-19 13:04:46,430 [Listener at 127.0.0.1/33959] INFO  om.OzoneManager (OzoneManager.java:start(1465)) - OzoneManager RPC server is listening at localhost/127.0.0.1:33959
2022-06-19 13:04:46,431 [Listener at 127.0.0.1/33959] INFO  ratis.OzoneManagerRatisServer (OzoneManagerRatisServer.java:start(554)) - Starting OzoneManagerRatisServer om1 at port 9872
2022-06-19 13:04:46,433 [om1-impl-thread1] INFO  server.RaftServer$Division (RaftServerImpl.java:start(310)) - om1@group-C5BA1605619E: start as a follower, conf=-1: [om1|rpc:localhost:9872|priority:0], old=null
2022-06-19 13:04:46,434 [om1-impl-thread1] INFO  server.RaftServer$Division (RaftServerImpl.java:setRole(299)) - om1@group-C5BA1605619E: changes role from      null to FOLLOWER at term 0 for startAsFollower
2022-06-19 13:04:46,435 [om1-impl-thread1] INFO  impl.RoleInfo (RoleInfo.java:updateAndGet(139)) - om1: start om1@group-C5BA1605619E-FollowerState
2022-06-19 13:04:46,436 [om1-impl-thread1] INFO  util.JmxRegister (JmxRegister.java:tryRegister(44)) - Successfully registered JMX Bean with object name Ratis:service=RaftServer,group=group-C5BA1605619E,id=om1
2022-06-19 13:04:46,442 [Listener at 127.0.0.1/33959] INFO  server.RaftServer (RaftServerProxy.java:lambda$start$6(382)) - om1: start RPC server
2022-06-19 13:04:46,629 [Listener at 127.0.0.1/33959] INFO  server.GrpcService (GrpcService.java:startImpl(260)) - om1: GrpcService started, listening on 9872
2022-06-19 13:04:46,637 [org.apache.ratis.util.JvmPauseMonitor$$Lambda$627/819749933@339e1787] INFO  util.JvmPauseMonitor (JvmPauseMonitor.java:run(103)) - JvmPauseMonitor-om1: Started
2022-06-19 13:04:46,638 [Listener at 127.0.0.1/33959] INFO  om.OzoneManager (OzoneManager.java:start(1481)) - Version File has different layout version (3) than OM DB (null). That is expected if this OM has never been finalized to a newer layout version.
2022-06-19 13:04:46,657 [Listener at 127.0.0.1/33959] INFO  http.BaseHttpServer (BaseHttpServer.java:newHttpServer2BuilderForOzone(209)) - Starting Web-server for ozoneManager at: http://0.0.0.0:0
2022-06-19 13:04:46,657 [Listener at 127.0.0.1/33959] INFO  http.BaseHttpServer (BaseHttpServer.java:<init>(107)) - Hadoop Security Enabled: false Ozone Security Enabled: false Ozone HTTP Security Enabled: false 
2022-06-19 13:04:46,659 [Listener at 127.0.0.1/33959] INFO  server.AuthenticationFilter (AuthenticationFilter.java:constructSecretProvider(240)) - Unable to initialize FileSignerSecretProvider, falling back to use random secrets.
2022-06-19 13:04:46,664 [Listener at 127.0.0.1/33959] WARN  http.HttpRequestLog (HttpRequestLog.java:getRequestLog(103)) - Jetty request log can only be enabled using Log4j
2022-06-19 13:04:46,665 [Listener at 127.0.0.1/33959] INFO  http.HttpServer2 (HttpServer2.java:addGlobalFilter(1029)) - Added global filter 'safety' (class=org.apache.hadoop.hdds.server.http.HttpServer2$QuotingInputFilter)
2022-06-19 13:04:46,666 [Listener at 127.0.0.1/33959] INFO  http.HttpServer2 (HttpServer2.java:addFilter(1005)) - Added filter static_user_filter (class=org.apache.hadoop.http.lib.StaticUserWebFilter$StaticUserFilter) to context ozoneManager
2022-06-19 13:04:46,667 [Listener at 127.0.0.1/33959] INFO  http.HttpServer2 (HttpServer2.java:addFilter(1013)) - Added filter static_user_filter (class=org.apache.hadoop.http.lib.StaticUserWebFilter$StaticUserFilter) to context static
2022-06-19 13:04:46,667 [Listener at 127.0.0.1/33959] INFO  http.HttpServer2 (HttpServer2.java:addFilter(1013)) - Added filter static_user_filter (class=org.apache.hadoop.http.lib.StaticUserWebFilter$StaticUserFilter) to context logs
2022-06-19 13:04:46,668 [Listener at 127.0.0.1/33959] INFO  http.HttpServer2 (HttpServer2.java:bindListener(1248)) - Jetty bound to port 37957
2022-06-19 13:04:46,668 [Listener at 127.0.0.1/33959] INFO  server.Server (Server.java:doStart(375)) - jetty-9.4.43.v20210629; built: 2021-06-30T11:07:22.254Z; git: 526006ecfa3af7f1a27ef3a288e2bef7ea9dd7e8; jvm 1.8.0_332-b09
2022-06-19 13:04:46,671 [Listener at 127.0.0.1/33959] INFO  server.session (DefaultSessionIdManager.java:doStart(334)) - DefaultSessionIdManager workerName=node0
2022-06-19 13:04:46,671 [Listener at 127.0.0.1/33959] INFO  server.session (DefaultSessionIdManager.java:doStart(339)) - No SessionScavenger set, using defaults
2022-06-19 13:04:46,671 [Listener at 127.0.0.1/33959] INFO  server.session (HouseKeeper.java:startScavenging(132)) - node0 Scavenging every 600000ms
2022-06-19 13:04:46,672 [Listener at 127.0.0.1/33959] INFO  handler.ContextHandler (ContextHandler.java:doStart(915)) - Started o.e.j.s.ServletContextHandler@3b7f8fd5{logs,/logs,file:///home/runner/work/ozone/ozone/hadoop-ozone/integration-test/target/log,AVAILABLE}
2022-06-19 13:04:46,673 [Listener at 127.0.0.1/33959] INFO  handler.ContextHandler (ContextHandler.java:doStart(915)) - Started o.e.j.s.ServletContextHandler@198e7fda{static,/static,file:///home/runner/work/ozone/ozone/hadoop-ozone/integration-test/target/test-classes/webapps/static,AVAILABLE}
2022-06-19 13:04:46,676 [Listener at 127.0.0.1/33959] INFO  handler.ContextHandler (ContextHandler.java:doStart(915)) - Started o.e.j.w.WebAppContext@75723fe1{ozoneManager,/,file:///home/runner/work/ozone/ozone/hadoop-ozone/integration-test/target/test-classes/webapps/ozoneManager/,AVAILABLE}{file:/home/runner/work/ozone/ozone/hadoop-ozone/integration-test/target/test-classes/webapps/ozoneManager}
2022-06-19 13:04:46,680 [Listener at 127.0.0.1/33959] INFO  server.AbstractConnector (AbstractConnector.java:doStart(331)) - Started ServerConnector@10d8beb5{HTTP/1.1, (http/1.1)}{0.0.0.0:37957}
2022-06-19 13:04:46,680 [Listener at 127.0.0.1/33959] INFO  server.Server (Server.java:doStart(415)) - Started @6917ms
2022-06-19 13:04:46,680 [Listener at 127.0.0.1/33959] WARN  impl.MetricsSystemImpl (MetricsSystemImpl.java:register(279)) - Sink prometheus already exists!
2022-06-19 13:04:46,681 [Listener at 127.0.0.1/33959] INFO  http.BaseHttpServer (BaseHttpServer.java:updateConnectorAddress(329)) - HTTP server of ozoneManager listening at http://0.0.0.0:37957
2022-06-19 13:04:46,681 [IPC Server Responder] INFO  ipc.Server (Server.java:run(1507)) - IPC Server Responder: starting
2022-06-19 13:04:46,682 [IPC Server listener on 0] INFO  ipc.Server (Server.java:run(1344)) - IPC Server listener on 0: starting
2022-06-19 13:04:46,727 [Listener at 127.0.0.1/33959] INFO  om.TrashPolicyOzone (TrashPolicyOzone.java:<init>(178)) - Ozone Manager trash configuration: Deletion interval = 0 minutes, Emptier interval = 0 minutes.
2022-06-19 13:04:46,731 [org.apache.hadoop.util.JvmPauseMonitor$Monitor@7cebf48d] INFO  util.JvmPauseMonitor (JvmPauseMonitor.java:run(188)) - Starting JVM pause monitor
2022-06-19 13:04:46,874 [Listener at 127.0.0.1/33959] WARN  impl.MetricRegistriesImpl (MetricRegistriesImpl.java:addReporterRegistration(111)) - New reporters are added after registries were created. Some metrics will be missing from the reporter. Please add reporter before adding any new registry.
2022-06-19 13:04:46,874 [Listener at 127.0.0.1/33959] WARN  impl.MetricRegistriesImpl (MetricRegistriesImpl.java:addReporterRegistration(111)) - New reporters are added after registries were created. Some metrics will be missing from the reporter. Please add reporter before adding any new registry.
2022-06-19 13:04:46,874 [Listener at 127.0.0.1/33959] INFO  impl.MetricsSystemImpl (MetricsSystemImpl.java:init(158)) - HddsDatanode metrics system started (again)
2022-06-19 13:04:46,889 [Listener at 127.0.0.1/33959] INFO  ozone.HddsDatanodeService (HddsDatanodeService.java:start(236)) - HddsDatanodeService host:fv-az58-449.32bp4kehjaiexiom31oljkjdjg.cx.internal.cloudapp.net ip:10.1.0.4
2022-06-19 13:04:46,922 [Listener at 127.0.0.1/33959] INFO  upgrade.AbstractLayoutVersionManager (AbstractLayoutVersionManager.java:init(82)) - Initializing Layout version manager with metadata layout = DATANODE_SCHEMA_V3 (version = 4), software layout = DATANODE_SCHEMA_V3 (version = 4)
2022-06-19 13:04:46,964 [Listener at 127.0.0.1/33959] INFO  reflections.Reflections (Reflections.java:scan(232)) - Reflections took 41 ms to scan 7 urls, producing 131 keys and 315 values 
2022-06-19 13:04:46,967 [Listener at 127.0.0.1/33959] INFO  statemachine.DatanodeStateMachine (DatanodeStateMachine.java:getEndPointTaskThreadPoolSize(237)) - Datanode State Machine Task Thread Pool size 2
2022-06-19 13:04:47,019 [Listener at 127.0.0.1/33959] INFO  volume.HddsVolume (HddsVolume.java:<init>(116)) - Creating HddsVolume: /home/runner/work/ozone/ozone/hadoop-ozone/integration-test/target/test-dir/MiniOzoneClusterImpl-9f34b74b-d5f0-454e-a8cb-06b69a9d8d3b/datanode-0/data-0/containers/hdds of storage type : DISK capacity : 9223372036854775807
2022-06-19 13:04:47,021 [Listener at 127.0.0.1/33959] INFO  volume.MutableVolumeSet (MutableVolumeSet.java:initializeVolumeSet(174)) - Added Volume : /home/runner/work/ozone/ozone/hadoop-ozone/integration-test/target/test-dir/MiniOzoneClusterImpl-9f34b74b-d5f0-454e-a8cb-06b69a9d8d3b/datanode-0/data-0/containers/hdds to VolumeSet
2022-06-19 13:04:47,022 [Listener at 127.0.0.1/33959] INFO  volume.ThrottledAsyncChecker (ThrottledAsyncChecker.java:schedule(141)) - Scheduling a check for /home/runner/work/ozone/ozone/hadoop-ozone/integration-test/target/test-dir/MiniOzoneClusterImpl-9f34b74b-d5f0-454e-a8cb-06b69a9d8d3b/datanode-0/data-0/containers/hdds
2022-06-19 13:04:47,038 [Listener at 127.0.0.1/33959] INFO  volume.StorageVolumeChecker (StorageVolumeChecker.java:checkAllVolumes(202)) - Scheduled health check for volume /home/runner/work/ozone/ozone/hadoop-ozone/integration-test/target/test-dir/MiniOzoneClusterImpl-9f34b74b-d5f0-454e-a8cb-06b69a9d8d3b/datanode-0/data-0/containers/hdds
2022-06-19 13:04:47,054 [Listener at 127.0.0.1/33959] INFO  volume.MutableVolumeSet (MutableVolumeSet.java:initializeVolumeSet(174)) - Added Volume : /home/runner/work/ozone/ozone/hadoop-ozone/integration-test/target/test-dir/MiniOzoneClusterImpl-9f34b74b-d5f0-454e-a8cb-06b69a9d8d3b/datanode-0/data/ratis to VolumeSet
2022-06-19 13:04:47,054 [Listener at 127.0.0.1/33959] INFO  volume.ThrottledAsyncChecker (ThrottledAsyncChecker.java:schedule(141)) - Scheduling a check for /home/runner/work/ozone/ozone/hadoop-ozone/integration-test/target/test-dir/MiniOzoneClusterImpl-9f34b74b-d5f0-454e-a8cb-06b69a9d8d3b/datanode-0/data/ratis
2022-06-19 13:04:47,054 [Listener at 127.0.0.1/33959] INFO  volume.StorageVolumeChecker (StorageVolumeChecker.java:checkAllVolumes(202)) - Scheduled health check for volume /home/runner/work/ozone/ozone/hadoop-ozone/integration-test/target/test-dir/MiniOzoneClusterImpl-9f34b74b-d5f0-454e-a8cb-06b69a9d8d3b/datanode-0/data/ratis
2022-06-19 13:04:47,074 [Thread-133] INFO  ozoneimpl.ContainerReader (ContainerReader.java:readVolume(172)) - Finish verifying containers on volume /home/runner/work/ozone/ozone/hadoop-ozone/integration-test/target/test-dir/MiniOzoneClusterImpl-9f34b74b-d5f0-454e-a8cb-06b69a9d8d3b/datanode-0/data-0/containers/hdds
2022-06-19 13:04:47,074 [Listener at 127.0.0.1/33959] INFO  ozoneimpl.OzoneContainer (OzoneContainer.java:buildContainerSet(266)) - Build ContainerSet costs 0s
2022-06-19 13:04:47,121 [Listener at 127.0.0.1/33959] INFO  audit.AuditLogger (AuditLogger.java:refreshDebugCmdSet(120)) - Refresh DebugCmdSet for DNAudit to [].
2022-06-19 13:04:47,149 [Listener at 127.0.0.1/33959] INFO  server.RaftServer (ConfUtils.java:logGet(46)) - raft.rpc.type = GRPC (default)
2022-06-19 13:04:47,149 [Listener at 127.0.0.1/33959] INFO  grpc.GrpcFactory (GrpcFactory.java:checkPooledByteBufAllocatorUseCacheForAllThreads(48)) - PERFORMANCE WARNING: useCacheForAllThreads is true that may cause Netty to create a lot garbage objects and, as a result, trigger GC.
	It is recommended to disable useCacheForAllThreads by setting -Dorg.apache.ratis.thirdparty.io.netty.allocator.useCacheForAllThreads=false in command line.
2022-06-19 13:04:47,149 [Listener at 127.0.0.1/33959] INFO  grpc.GrpcConfigKeys (ConfUtils.java:logGet(46)) - raft.grpc.admin.port = 0 (custom)
2022-06-19 13:04:47,149 [Listener at 127.0.0.1/33959] INFO  grpc.GrpcConfigKeys (ConfUtils.java:logGet(46)) - raft.grpc.client.port = 0 (custom)
2022-06-19 13:04:47,150 [Listener at 127.0.0.1/33959] INFO  grpc.GrpcConfigKeys (ConfUtils.java:logGet(46)) - raft.grpc.server.port = 0 (default)
2022-06-19 13:04:47,151 [Listener at 127.0.0.1/33959] INFO  server.GrpcService (ConfUtils.java:logGet(46)) - raft.grpc.message.size.max = 32MB (=33554432) (custom)
2022-06-19 13:04:47,151 [Listener at 127.0.0.1/33959] INFO  server.RaftServerConfigKeys (ConfUtils.java:logGet(46)) - raft.server.log.appender.buffer.byte-limit = 33554432 (custom)
2022-06-19 13:04:47,151 [Listener at 127.0.0.1/33959] INFO  server.GrpcService (ConfUtils.java:logGet(46)) - raft.grpc.flow.control.window = 5MB (=5242880) (custom)
2022-06-19 13:04:47,151 [Listener at 127.0.0.1/33959] INFO  server.RaftServerConfigKeys (ConfUtils.java:logGet(46)) - raft.server.rpc.request.timeout = 60s (custom)
2022-06-19 13:04:47,153 [Listener at 127.0.0.1/33959] INFO  grpc.GrpcConfigKeys (ConfUtils.java:logGet(46)) - raft.grpc.server.async.request.thread.pool.cached = true (default)
2022-06-19 13:04:47,153 [Listener at 127.0.0.1/33959] INFO  grpc.GrpcConfigKeys (ConfUtils.java:logGet(46)) - raft.grpc.server.async.request.thread.pool.size = 32 (default)
2022-06-19 13:04:47,155 [Listener at 127.0.0.1/33959] INFO  impl.DataStreamServerImpl (ConfUtils.java:logGet(46)) - raft.datastream.type = DISABLED (default)
2022-06-19 13:04:47,155 [Listener at 127.0.0.1/33959] INFO  server.RaftServerConfigKeys (ConfUtils.java:logGet(46)) - raft.server.threadpool.proxy.cached = true (default)
2022-06-19 13:04:47,156 [Listener at 127.0.0.1/33959] INFO  server.RaftServerConfigKeys (ConfUtils.java:logGet(46)) - raft.server.threadpool.proxy.size = 0 (default)
2022-06-19 13:04:47,156 [Listener at 127.0.0.1/33959] INFO  server.RaftServerConfigKeys (ConfUtils.java:logGet(46)) - raft.server.rpc.slowness.timeout = 300s (custom)
2022-06-19 13:04:47,157 [Listener at 127.0.0.1/33959] INFO  server.RaftServerConfigKeys (ConfUtils.java:logGet(46)) - raft.server.leaderelection.leader.step-down.wait-time = 10s (default)
2022-06-19 13:04:47,158 [Listener at 127.0.0.1/33959] INFO  server.RaftServerConfigKeys (ConfUtils.java:logGet(46)) - raft.server.storage.dir = [/home/runner/work/ozone/ozone/hadoop-ozone/integration-test/target/test-dir/MiniOzoneClusterImpl-9f34b74b-d5f0-454e-a8cb-06b69a9d8d3b/datanode-0/data/ratis] (custom)
2022-06-19 13:04:47,180 [Listener at 127.0.0.1/33959] INFO  server.XceiverServerGrpc (XceiverServerGrpc.java:<init>(132)) - GrpcServer channel type EpollServerSocketChannel
2022-06-19 13:04:47,237 [Listener at 127.0.0.1/33959] INFO  http.BaseHttpServer (BaseHttpServer.java:newHttpServer2BuilderForOzone(209)) - Starting Web-server for hddsDatanode at: http://0.0.0.0:0
2022-06-19 13:04:47,238 [Listener at 127.0.0.1/33959] INFO  http.BaseHttpServer (BaseHttpServer.java:<init>(107)) - Hadoop Security Enabled: false Ozone Security Enabled: false Ozone HTTP Security Enabled: false 
2022-06-19 13:04:47,240 [Listener at 127.0.0.1/33959] INFO  server.AuthenticationFilter (AuthenticationFilter.java:constructSecretProvider(240)) - Unable to initialize FileSignerSecretProvider, falling back to use random secrets.
2022-06-19 13:04:47,242 [Listener at 127.0.0.1/33959] WARN  http.HttpRequestLog (HttpRequestLog.java:getRequestLog(103)) - Jetty request log can only be enabled using Log4j
2022-06-19 13:04:47,244 [Listener at 127.0.0.1/33959] INFO  http.HttpServer2 (HttpServer2.java:addGlobalFilter(1029)) - Added global filter 'safety' (class=org.apache.hadoop.hdds.server.http.HttpServer2$QuotingInputFilter)
2022-06-19 13:04:47,245 [Listener at 127.0.0.1/33959] INFO  http.HttpServer2 (HttpServer2.java:addFilter(1005)) - Added filter static_user_filter (class=org.apache.hadoop.http.lib.StaticUserWebFilter$StaticUserFilter) to context hddsDatanode
2022-06-19 13:04:47,245 [Listener at 127.0.0.1/33959] INFO  http.HttpServer2 (HttpServer2.java:addFilter(1013)) - Added filter static_user_filter (class=org.apache.hadoop.http.lib.StaticUserWebFilter$StaticUserFilter) to context static
2022-06-19 13:04:47,245 [Listener at 127.0.0.1/33959] INFO  http.HttpServer2 (HttpServer2.java:addFilter(1013)) - Added filter static_user_filter (class=org.apache.hadoop.http.lib.StaticUserWebFilter$StaticUserFilter) to context logs
2022-06-19 13:04:47,247 [Listener at 127.0.0.1/33959] INFO  http.HttpServer2 (HttpServer2.java:bindListener(1248)) - Jetty bound to port 39543
2022-06-19 13:04:47,248 [Listener at 127.0.0.1/33959] INFO  server.Server (Server.java:doStart(375)) - jetty-9.4.43.v20210629; built: 2021-06-30T11:07:22.254Z; git: 526006ecfa3af7f1a27ef3a288e2bef7ea9dd7e8; jvm 1.8.0_332-b09
2022-06-19 13:04:47,254 [Listener at 127.0.0.1/33959] INFO  server.session (DefaultSessionIdManager.java:doStart(334)) - DefaultSessionIdManager workerName=node0
2022-06-19 13:04:47,254 [Listener at 127.0.0.1/33959] INFO  server.session (DefaultSessionIdManager.java:doStart(339)) - No SessionScavenger set, using defaults
2022-06-19 13:04:47,255 [Listener at 127.0.0.1/33959] INFO  server.session (HouseKeeper.java:startScavenging(132)) - node0 Scavenging every 600000ms
2022-06-19 13:04:47,256 [Listener at 127.0.0.1/33959] INFO  handler.ContextHandler (ContextHandler.java:doStart(915)) - Started o.e.j.s.ServletContextHandler@f37e5bb{logs,/logs,file:///home/runner/work/ozone/ozone/hadoop-ozone/integration-test/target/log,AVAILABLE}
2022-06-19 13:04:47,256 [Listener at 127.0.0.1/33959] INFO  handler.ContextHandler (ContextHandler.java:doStart(915)) - Started o.e.j.s.ServletContextHandler@7fdcccd5{static,/static,jar:file:/home/runner/.m2/repository/org/apache/ozone/hdds-container-service/1.3.0-SNAPSHOT/hdds-container-service-1.3.0-SNAPSHOT.jar!/webapps/static,AVAILABLE}
2022-06-19 13:04:47,439 [Listener at 127.0.0.1/33959] INFO  handler.ContextHandler (ContextHandler.java:doStart(915)) - Started o.e.j.w.WebAppContext@7bc81a1f{hddsDatanode,/,file:///tmp/jetty-0_0_0_0-39543-hdds-container-service-1_3_0-SNAPSHOT_jar-_-any-6873417390496622082/webapp/,AVAILABLE}{jar:file:/home/runner/.m2/repository/org/apache/ozone/hdds-container-service/1.3.0-SNAPSHOT/hdds-container-service-1.3.0-SNAPSHOT.jar!/webapps/hddsDatanode}
2022-06-19 13:04:47,441 [Listener at 127.0.0.1/33959] INFO  server.AbstractConnector (AbstractConnector.java:doStart(331)) - Started ServerConnector@6ca3957a{HTTP/1.1, (http/1.1)}{0.0.0.0:39543}
2022-06-19 13:04:47,442 [Listener at 127.0.0.1/33959] INFO  server.Server (Server.java:doStart(415)) - Started @7678ms
2022-06-19 13:04:47,442 [Listener at 127.0.0.1/33959] WARN  impl.MetricsSystemImpl (MetricsSystemImpl.java:register(279)) - Sink prometheus already exists!
2022-06-19 13:04:47,442 [Listener at 127.0.0.1/33959] INFO  http.BaseHttpServer (BaseHttpServer.java:updateConnectorAddress(329)) - HTTP server of hddsDatanode listening at http://0.0.0.0:39543
2022-06-19 13:04:47,444 [Datanode State Machine Daemon Thread] INFO  statemachine.DatanodeStateMachine (DatanodeStateMachine.java:lambda$startDaemon$0(492)) - Ozone container server started.
2022-06-19 13:04:47,447 [Listener at 127.0.0.1/33959] WARN  impl.MetricRegistriesImpl (MetricRegistriesImpl.java:addReporterRegistration(111)) - New reporters are added after registries were created. Some metrics will be missing from the reporter. Please add reporter before adding any new registry.
2022-06-19 13:04:47,447 [Listener at 127.0.0.1/33959] WARN  impl.MetricRegistriesImpl (MetricRegistriesImpl.java:addReporterRegistration(111)) - New reporters are added after registries were created. Some metrics will be missing from the reporter. Please add reporter before adding any new registry.
2022-06-19 13:04:47,447 [Listener at 127.0.0.1/33959] INFO  impl.MetricsSystemImpl (MetricsSystemImpl.java:init(158)) - HddsDatanode metrics system started (again)
2022-06-19 13:04:47,455 [org.apache.hadoop.util.JvmPauseMonitor$Monitor@68f5dd16] INFO  util.JvmPauseMonitor (JvmPauseMonitor.java:run(188)) - Starting JVM pause monitor
2022-06-19 13:04:47,481 [Listener at 127.0.0.1/33959] INFO  ozone.HddsDatanodeService (HddsDatanodeService.java:start(236)) - HddsDatanodeService host:fv-az58-449.32bp4kehjaiexiom31oljkjdjg.cx.internal.cloudapp.net ip:10.1.0.4
2022-06-19 13:04:47,522 [Listener at 127.0.0.1/33959] INFO  upgrade.AbstractLayoutVersionManager (AbstractLayoutVersionManager.java:init(82)) - Initializing Layout version manager with metadata layout = DATANODE_SCHEMA_V3 (version = 4), software layout = DATANODE_SCHEMA_V3 (version = 4)
2022-06-19 13:04:47,541 [Datanode State Machine Task Thread - 0] INFO  datanode.InitDatanodeState (InitDatanodeState.java:persistContainerDatanodeDetails(138)) - DatanodeDetails is persisted to /home/runner/work/ozone/ozone/hadoop-ozone/integration-test/target/test-dir/MiniOzoneClusterImpl-9f34b74b-d5f0-454e-a8cb-06b69a9d8d3b/datanode-0/meta/datanode.id
2022-06-19 13:04:47,568 [om1@group-C5BA1605619E-FollowerState] INFO  impl.FollowerState (FollowerState.java:run(143)) - om1@group-C5BA1605619E-FollowerState: change to CANDIDATE, lastRpcElapsedTime:1133469529ns, electionTimeout:1125ms
2022-06-19 13:04:47,569 [om1@group-C5BA1605619E-FollowerState] INFO  impl.RoleInfo (RoleInfo.java:shutdownFollowerState(110)) - om1: shutdown om1@group-C5BA1605619E-FollowerState
2022-06-19 13:04:47,570 [om1@group-C5BA1605619E-FollowerState] INFO  server.RaftServer$Division (RaftServerImpl.java:setRole(299)) - om1@group-C5BA1605619E: changes role from  FOLLOWER to CANDIDATE at term 0 for changeToCandidate
2022-06-19 13:04:47,572 [om1@group-C5BA1605619E-FollowerState] INFO  server.RaftServerConfigKeys (ConfUtils.java:logGet(46)) - raft.server.leaderelection.pre-vote = false (custom)
2022-06-19 13:04:47,572 [om1@group-C5BA1605619E-FollowerState] INFO  impl.RoleInfo (RoleInfo.java:updateAndGet(139)) - om1: start om1@group-C5BA1605619E-LeaderElection1
2022-06-19 13:04:47,600 [Listener at 127.0.0.1/33959] INFO  reflections.Reflections (Reflections.java:scan(232)) - Reflections took 76 ms to scan 7 urls, producing 131 keys and 315 values 
2022-06-19 13:04:47,601 [Listener at 127.0.0.1/33959] INFO  statemachine.DatanodeStateMachine (DatanodeStateMachine.java:getEndPointTaskThreadPoolSize(237)) - Datanode State Machine Task Thread Pool size 2
2022-06-19 13:04:47,611 [om1@group-C5BA1605619E-LeaderElection1] INFO  impl.LeaderElection (LeaderElection.java:askForVotes(310)) - om1@group-C5BA1605619E-LeaderElection1 ELECTION round 0: submit vote requests at term 1 for -1: [om1|rpc:localhost:9872|priority:0], old=null
2022-06-19 13:04:47,611 [Listener at 127.0.0.1/33959] INFO  volume.HddsVolume (HddsVolume.java:<init>(116)) - Creating HddsVolume: /home/runner/work/ozone/ozone/hadoop-ozone/integration-test/target/test-dir/MiniOzoneClusterImpl-9f34b74b-d5f0-454e-a8cb-06b69a9d8d3b/datanode-1/data-0/containers/hdds of storage type : DISK capacity : 9223372036854775807
2022-06-19 13:04:47,611 [Listener at 127.0.0.1/33959] INFO  volume.MutableVolumeSet (MutableVolumeSet.java:initializeVolumeSet(174)) - Added Volume : /home/runner/work/ozone/ozone/hadoop-ozone/integration-test/target/test-dir/MiniOzoneClusterImpl-9f34b74b-d5f0-454e-a8cb-06b69a9d8d3b/datanode-1/data-0/containers/hdds to VolumeSet
2022-06-19 13:04:47,611 [Listener at 127.0.0.1/33959] INFO  volume.ThrottledAsyncChecker (ThrottledAsyncChecker.java:schedule(141)) - Scheduling a check for /home/runner/work/ozone/ozone/hadoop-ozone/integration-test/target/test-dir/MiniOzoneClusterImpl-9f34b74b-d5f0-454e-a8cb-06b69a9d8d3b/datanode-1/data-0/containers/hdds
2022-06-19 13:04:47,612 [om1@group-C5BA1605619E-LeaderElection1] INFO  impl.LeaderElection (LeaderElection.java:askForVotes(312)) - om1@group-C5BA1605619E-LeaderElection1 ELECTION round 0: result PASSED (term=1)
2022-06-19 13:04:47,612 [Listener at 127.0.0.1/33959] INFO  volume.StorageVolumeChecker (StorageVolumeChecker.java:checkAllVolumes(202)) - Scheduled health check for volume /home/runner/work/ozone/ozone/hadoop-ozone/integration-test/target/test-dir/MiniOzoneClusterImpl-9f34b74b-d5f0-454e-a8cb-06b69a9d8d3b/datanode-1/data-0/containers/hdds
2022-06-19 13:04:47,612 [om1@group-C5BA1605619E-LeaderElection1] INFO  impl.RoleInfo (RoleInfo.java:shutdownLeaderElection(130)) - om1: shutdown om1@group-C5BA1605619E-LeaderElection1
2022-06-19 13:04:47,613 [om1@group-C5BA1605619E-LeaderElection1] INFO  server.RaftServer$Division (RaftServerImpl.java:setRole(299)) - om1@group-C5BA1605619E: changes role from CANDIDATE to LEADER at term 1 for changeToLeader
2022-06-19 13:04:47,613 [om1@group-C5BA1605619E-LeaderElection1] INFO  server.RaftServer$Division (ServerState.java:setLeader(287)) - om1@group-C5BA1605619E: change Leader from null to om1 at term 1 for becomeLeader, leader elected after 1960ms
2022-06-19 13:04:47,622 [om1@group-C5BA1605619E-LeaderElection1] INFO  server.RaftServerConfigKeys (ConfUtils.java:logGet(46)) - raft.server.staging.catchup.gap = 1000 (default)
2022-06-19 13:04:47,627 [Listener at 127.0.0.1/33959] INFO  volume.MutableVolumeSet (MutableVolumeSet.java:initializeVolumeSet(174)) - Added Volume : /home/runner/work/ozone/ozone/hadoop-ozone/integration-test/target/test-dir/MiniOzoneClusterImpl-9f34b74b-d5f0-454e-a8cb-06b69a9d8d3b/datanode-1/data/ratis to VolumeSet
2022-06-19 13:04:47,632 [Listener at 127.0.0.1/33959] INFO  volume.ThrottledAsyncChecker (ThrottledAsyncChecker.java:schedule(141)) - Scheduling a check for /home/runner/work/ozone/ozone/hadoop-ozone/integration-test/target/test-dir/MiniOzoneClusterImpl-9f34b74b-d5f0-454e-a8cb-06b69a9d8d3b/datanode-1/data/ratis
2022-06-19 13:04:47,634 [om1@group-C5BA1605619E-LeaderElection1] INFO  server.RaftServerConfigKeys (ConfUtils.java:logGet(46)) - raft.server.write.element-limit = 4096 (default)
2022-06-19 13:04:47,634 [om1@group-C5BA1605619E-LeaderElection1] INFO  server.RaftServerConfigKeys (ConfUtils.java:logGet(46)) - raft.server.write.byte-limit = 64MB (=67108864) (default)
2022-06-19 13:04:47,636 [Listener at 127.0.0.1/33959] INFO  volume.StorageVolumeChecker (StorageVolumeChecker.java:checkAllVolumes(202)) - Scheduled health check for volume /home/runner/work/ozone/ozone/hadoop-ozone/integration-test/target/test-dir/MiniOzoneClusterImpl-9f34b74b-d5f0-454e-a8cb-06b69a9d8d3b/datanode-1/data/ratis
2022-06-19 13:04:47,650 [om1@group-C5BA1605619E-LeaderElection1] INFO  server.RaftServerConfigKeys (ConfUtils.java:logGet(46)) - raft.server.watch.timeout = 10s (default)
2022-06-19 13:04:47,650 [om1@group-C5BA1605619E-LeaderElection1] INFO  server.RaftServerConfigKeys (ConfUtils.java:logGet(46)) - raft.server.watch.timeout.denomination = 1s (default)
2022-06-19 13:04:47,651 [om1@group-C5BA1605619E-LeaderElection1] INFO  server.RaftServerConfigKeys (ConfUtils.java:logGet(46)) - raft.server.watch.element-limit = 65536 (default)
2022-06-19 13:04:47,655 [om1@group-C5BA1605619E-LeaderElection1] INFO  server.RaftServerConfigKeys (ConfUtils.java:logGet(46)) - raft.server.write.element-limit = 4096 (default)
2022-06-19 13:04:47,657 [Thread-148] INFO  ozoneimpl.ContainerReader (ContainerReader.java:readVolume(172)) - Finish verifying containers on volume /home/runner/work/ozone/ozone/hadoop-ozone/integration-test/target/test-dir/MiniOzoneClusterImpl-9f34b74b-d5f0-454e-a8cb-06b69a9d8d3b/datanode-1/data-0/containers/hdds
2022-06-19 13:04:47,658 [Listener at 127.0.0.1/33959] INFO  ozoneimpl.OzoneContainer (OzoneContainer.java:buildContainerSet(266)) - Build ContainerSet costs 0s
2022-06-19 13:04:47,663 [Listener at 127.0.0.1/33959] INFO  server.RaftServer (ConfUtils.java:logGet(46)) - raft.rpc.type = GRPC (default)
2022-06-19 13:04:47,663 [Listener at 127.0.0.1/33959] INFO  grpc.GrpcFactory (GrpcFactory.java:checkPooledByteBufAllocatorUseCacheForAllThreads(48)) - PERFORMANCE WARNING: useCacheForAllThreads is true that may cause Netty to create a lot garbage objects and, as a result, trigger GC.
	It is recommended to disable useCacheForAllThreads by setting -Dorg.apache.ratis.thirdparty.io.netty.allocator.useCacheForAllThreads=false in command line.
2022-06-19 13:04:47,664 [Listener at 127.0.0.1/33959] INFO  grpc.GrpcConfigKeys (ConfUtils.java:logGet(46)) - raft.grpc.admin.port = 0 (custom)
2022-06-19 13:04:47,664 [Listener at 127.0.0.1/33959] INFO  grpc.GrpcConfigKeys (ConfUtils.java:logGet(46)) - raft.grpc.client.port = 0 (custom)
2022-06-19 13:04:47,664 [Listener at 127.0.0.1/33959] INFO  grpc.GrpcConfigKeys (ConfUtils.java:logGet(46)) - raft.grpc.server.port = 0 (default)
2022-06-19 13:04:47,664 [Listener at 127.0.0.1/33959] INFO  server.GrpcService (ConfUtils.java:logGet(46)) - raft.grpc.message.size.max = 32MB (=33554432) (custom)
2022-06-19 13:04:47,664 [Listener at 127.0.0.1/33959] INFO  server.RaftServerConfigKeys (ConfUtils.java:logGet(46)) - raft.server.log.appender.buffer.byte-limit = 33554432 (custom)
2022-06-19 13:04:47,665 [Listener at 127.0.0.1/33959] INFO  server.GrpcService (ConfUtils.java:logGet(46)) - raft.grpc.flow.control.window = 5MB (=5242880) (custom)
2022-06-19 13:04:47,665 [Listener at 127.0.0.1/33959] INFO  server.RaftServerConfigKeys (ConfUtils.java:logGet(46)) - raft.server.rpc.request.timeout = 60s (custom)
2022-06-19 13:04:47,665 [Listener at 127.0.0.1/33959] INFO  grpc.GrpcConfigKeys (ConfUtils.java:logGet(46)) - raft.grpc.server.async.request.thread.pool.cached = true (default)
2022-06-19 13:04:47,665 [Listener at 127.0.0.1/33959] INFO  grpc.GrpcConfigKeys (ConfUtils.java:logGet(46)) - raft.grpc.server.async.request.thread.pool.size = 32 (default)
2022-06-19 13:04:47,666 [om1@group-C5BA1605619E-LeaderElection1] INFO  server.RaftServerConfigKeys (ConfUtils.java:logGet(46)) - raft.server.write.follower.gap.ratio.max = -1.0 (default)
2022-06-19 13:04:47,666 [Listener at 127.0.0.1/33959] INFO  impl.DataStreamServerImpl (ConfUtils.java:logGet(46)) - raft.datastream.type = DISABLED (default)
2022-06-19 13:04:47,666 [Listener at 127.0.0.1/33959] INFO  server.RaftServerConfigKeys (ConfUtils.java:logGet(46)) - raft.server.threadpool.proxy.cached = true (default)
2022-06-19 13:04:47,666 [Listener at 127.0.0.1/33959] INFO  server.RaftServerConfigKeys (ConfUtils.java:logGet(46)) - raft.server.threadpool.proxy.size = 0 (default)
2022-06-19 13:04:47,666 [Listener at 127.0.0.1/33959] INFO  server.RaftServerConfigKeys (ConfUtils.java:logGet(46)) - raft.server.rpc.slowness.timeout = 300s (custom)
2022-06-19 13:04:47,667 [Listener at 127.0.0.1/33959] INFO  server.RaftServerConfigKeys (ConfUtils.java:logGet(46)) - raft.server.leaderelection.leader.step-down.wait-time = 10s (default)
2022-06-19 13:04:47,667 [Listener at 127.0.0.1/33959] INFO  server.RaftServerConfigKeys (ConfUtils.java:logGet(46)) - raft.server.storage.dir = [/home/runner/work/ozone/ozone/hadoop-ozone/integration-test/target/test-dir/MiniOzoneClusterImpl-9f34b74b-d5f0-454e-a8cb-06b69a9d8d3b/datanode-1/data/ratis] (custom)
2022-06-19 13:04:47,668 [om1@group-C5BA1605619E-LeaderElection1] INFO  impl.RoleInfo (RoleInfo.java:updateAndGet(139)) - om1: start om1@group-C5BA1605619E-LeaderStateImpl
2022-06-19 13:04:47,669 [Listener at 127.0.0.1/33959] INFO  server.XceiverServerGrpc (XceiverServerGrpc.java:<init>(132)) - GrpcServer channel type EpollServerSocketChannel
2022-06-19 13:04:47,673 [Listener at 127.0.0.1/33959] INFO  http.BaseHttpServer (BaseHttpServer.java:newHttpServer2BuilderForOzone(209)) - Starting Web-server for hddsDatanode at: http://0.0.0.0:0
2022-06-19 13:04:47,674 [Listener at 127.0.0.1/33959] INFO  http.BaseHttpServer (BaseHttpServer.java:<init>(107)) - Hadoop Security Enabled: false Ozone Security Enabled: false Ozone HTTP Security Enabled: false 
2022-06-19 13:04:47,675 [Listener at 127.0.0.1/33959] INFO  server.AuthenticationFilter (AuthenticationFilter.java:constructSecretProvider(240)) - Unable to initialize FileSignerSecretProvider, falling back to use random secrets.
2022-06-19 13:04:47,675 [Listener at 127.0.0.1/33959] WARN  http.HttpRequestLog (HttpRequestLog.java:getRequestLog(103)) - Jetty request log can only be enabled using Log4j
2022-06-19 13:04:47,676 [Listener at 127.0.0.1/33959] INFO  http.HttpServer2 (HttpServer2.java:addGlobalFilter(1029)) - Added global filter 'safety' (class=org.apache.hadoop.hdds.server.http.HttpServer2$QuotingInputFilter)
2022-06-19 13:04:47,677 [Listener at 127.0.0.1/33959] INFO  http.HttpServer2 (HttpServer2.java:addFilter(1005)) - Added filter static_user_filter (class=org.apache.hadoop.http.lib.StaticUserWebFilter$StaticUserFilter) to context hddsDatanode
2022-06-19 13:04:47,677 [Listener at 127.0.0.1/33959] INFO  http.HttpServer2 (HttpServer2.java:addFilter(1013)) - Added filter static_user_filter (class=org.apache.hadoop.http.lib.StaticUserWebFilter$StaticUserFilter) to context logs
2022-06-19 13:04:47,678 [Listener at 127.0.0.1/33959] INFO  http.HttpServer2 (HttpServer2.java:addFilter(1013)) - Added filter static_user_filter (class=org.apache.hadoop.http.lib.StaticUserWebFilter$StaticUserFilter) to context static
2022-06-19 13:04:47,678 [Listener at 127.0.0.1/33959] INFO  http.HttpServer2 (HttpServer2.java:bindListener(1248)) - Jetty bound to port 45731
2022-06-19 13:04:47,678 [Listener at 127.0.0.1/33959] INFO  server.Server (Server.java:doStart(375)) - jetty-9.4.43.v20210629; built: 2021-06-30T11:07:22.254Z; git: 526006ecfa3af7f1a27ef3a288e2bef7ea9dd7e8; jvm 1.8.0_332-b09
2022-06-19 13:04:47,706 [Listener at 127.0.0.1/33959] INFO  server.session (DefaultSessionIdManager.java:doStart(334)) - DefaultSessionIdManager workerName=node0
2022-06-19 13:04:47,706 [Listener at 127.0.0.1/33959] INFO  server.session (DefaultSessionIdManager.java:doStart(339)) - No SessionScavenger set, using defaults
2022-06-19 13:04:47,706 [Listener at 127.0.0.1/33959] INFO  server.session (HouseKeeper.java:startScavenging(132)) - node0 Scavenging every 660000ms
2022-06-19 13:04:47,707 [Listener at 127.0.0.1/33959] INFO  handler.ContextHandler (ContextHandler.java:doStart(915)) - Started o.e.j.s.ServletContextHandler@67cc6ef9{logs,/logs,file:///home/runner/work/ozone/ozone/hadoop-ozone/integration-test/target/log,AVAILABLE}
2022-06-19 13:04:47,707 [Listener at 127.0.0.1/33959] INFO  handler.ContextHandler (ContextHandler.java:doStart(915)) - Started o.e.j.s.ServletContextHandler@377a84d6{static,/static,jar:file:/home/runner/.m2/repository/org/apache/ozone/hdds-container-service/1.3.0-SNAPSHOT/hdds-container-service-1.3.0-SNAPSHOT.jar!/webapps/static,AVAILABLE}
2022-06-19 13:04:47,713 [om1@group-C5BA1605619E-LeaderElection1] INFO  segmented.SegmentedRaftLogWorker (SegmentedRaftLogWorker.java:startLogSegment(425)) - om1@group-C5BA1605619E-SegmentedRaftLogWorker: Starting segment from index:0
2022-06-19 13:04:47,767 [om1@group-C5BA1605619E-LeaderElection1] INFO  server.RaftServer$Division (ServerState.java:setRaftConf(393)) - om1@group-C5BA1605619E: set configuration 0: [om1|rpc:localhost:9872|admin:|client:|dataStream:|priority:0], old=null
2022-06-19 13:04:47,820 [om1@group-C5BA1605619E-SegmentedRaftLogWorker] INFO  segmented.SegmentedRaftLogWorker (SegmentedRaftLogWorker.java:execute(629)) - om1@group-C5BA1605619E-SegmentedRaftLogWorker: created new log segment /home/runner/work/ozone/ozone/hadoop-ozone/integration-test/target/test-dir/MiniOzoneClusterImpl-9f34b74b-d5f0-454e-a8cb-06b69a9d8d3b/ozone-meta/ratis/bf265839-605b-3f16-9796-c5ba1605619e/current/log_inprogress_0
2022-06-19 13:04:47,939 [om1@group-C5BA1605619E-StateMachineUpdater] INFO  ratis.OzoneManagerStateMachine (OzoneManagerStateMachine.java:notifyConfigurationChanged(192)) - Received Configuration change notification from Ratis. New Peer list:
[id: "om1"
address: "localhost:9872"
]
2022-06-19 13:04:47,943 [Listener at 127.0.0.1/33959] INFO  handler.ContextHandler (ContextHandler.java:doStart(915)) - Started o.e.j.w.WebAppContext@93a5c6c{hddsDatanode,/,file:///tmp/jetty-0_0_0_0-45731-hdds-container-service-1_3_0-SNAPSHOT_jar-_-any-2121499760560461865/webapp/,AVAILABLE}{jar:file:/home/runner/.m2/repository/org/apache/ozone/hdds-container-service/1.3.0-SNAPSHOT/hdds-container-service-1.3.0-SNAPSHOT.jar!/webapps/hddsDatanode}
2022-06-19 13:04:47,944 [Listener at 127.0.0.1/33959] INFO  server.AbstractConnector (AbstractConnector.java:doStart(331)) - Started ServerConnector@1adee1a1{HTTP/1.1, (http/1.1)}{0.0.0.0:45731}
2022-06-19 13:04:47,944 [Listener at 127.0.0.1/33959] INFO  server.Server (Server.java:doStart(415)) - Started @8181ms
2022-06-19 13:04:47,944 [Listener at 127.0.0.1/33959] WARN  impl.MetricsSystemImpl (MetricsSystemImpl.java:register(279)) - Sink prometheus already exists!
2022-06-19 13:04:47,945 [Listener at 127.0.0.1/33959] INFO  http.BaseHttpServer (BaseHttpServer.java:updateConnectorAddress(329)) - HTTP server of hddsDatanode listening at http://0.0.0.0:45731
2022-06-19 13:04:47,945 [Listener at 127.0.0.1/33959] WARN  impl.MetricRegistriesImpl (MetricRegistriesImpl.java:addReporterRegistration(111)) - New reporters are added after registries were created. Some metrics will be missing from the reporter. Please add reporter before adding any new registry.
2022-06-19 13:04:47,946 [Listener at 127.0.0.1/33959] WARN  impl.MetricRegistriesImpl (MetricRegistriesImpl.java:addReporterRegistration(111)) - New reporters are added after registries were created. Some metrics will be missing from the reporter. Please add reporter before adding any new registry.
2022-06-19 13:04:47,946 [Listener at 127.0.0.1/33959] INFO  impl.MetricsSystemImpl (MetricsSystemImpl.java:init(158)) - HddsDatanode metrics system started (again)
2022-06-19 13:04:47,953 [Datanode State Machine Daemon Thread] INFO  statemachine.DatanodeStateMachine (DatanodeStateMachine.java:lambda$startDaemon$0(492)) - Ozone container server started.
2022-06-19 13:04:47,958 [Listener at 127.0.0.1/33959] INFO  ozone.HddsDatanodeService (HddsDatanodeService.java:start(236)) - HddsDatanodeService host:fv-az58-449.32bp4kehjaiexiom31oljkjdjg.cx.internal.cloudapp.net ip:10.1.0.4
2022-06-19 13:04:47,967 [org.apache.hadoop.util.JvmPauseMonitor$Monitor@5f9ac990] INFO  util.JvmPauseMonitor (JvmPauseMonitor.java:run(188)) - Starting JVM pause monitor
2022-06-19 13:04:47,972 [Datanode State Machine Task Thread - 0] INFO  datanode.InitDatanodeState (InitDatanodeState.java:persistContainerDatanodeDetails(138)) - DatanodeDetails is persisted to /home/runner/work/ozone/ozone/hadoop-ozone/integration-test/target/test-dir/MiniOzoneClusterImpl-9f34b74b-d5f0-454e-a8cb-06b69a9d8d3b/datanode-1/meta/datanode.id
2022-06-19 13:04:47,980 [Listener at 127.0.0.1/33959] INFO  upgrade.AbstractLayoutVersionManager (AbstractLayoutVersionManager.java:init(82)) - Initializing Layout version manager with metadata layout = DATANODE_SCHEMA_V3 (version = 4), software layout = DATANODE_SCHEMA_V3 (version = 4)
2022-06-19 13:04:48,021 [Listener at 127.0.0.1/33959] INFO  reflections.Reflections (Reflections.java:scan(232)) - Reflections took 40 ms to scan 7 urls, producing 131 keys and 315 values 
2022-06-19 13:04:48,022 [Listener at 127.0.0.1/33959] INFO  statemachine.DatanodeStateMachine (DatanodeStateMachine.java:getEndPointTaskThreadPoolSize(237)) - Datanode State Machine Task Thread Pool size 2
2022-06-19 13:04:48,026 [Listener at 127.0.0.1/33959] INFO  volume.HddsVolume (HddsVolume.java:<init>(116)) - Creating HddsVolume: /home/runner/work/ozone/ozone/hadoop-ozone/integration-test/target/test-dir/MiniOzoneClusterImpl-9f34b74b-d5f0-454e-a8cb-06b69a9d8d3b/datanode-2/data-0/containers/hdds of storage type : DISK capacity : 9223372036854775807
2022-06-19 13:04:48,027 [Listener at 127.0.0.1/33959] INFO  volume.MutableVolumeSet (MutableVolumeSet.java:initializeVolumeSet(174)) - Added Volume : /home/runner/work/ozone/ozone/hadoop-ozone/integration-test/target/test-dir/MiniOzoneClusterImpl-9f34b74b-d5f0-454e-a8cb-06b69a9d8d3b/datanode-2/data-0/containers/hdds to VolumeSet
2022-06-19 13:04:48,027 [Listener at 127.0.0.1/33959] INFO  volume.ThrottledAsyncChecker (ThrottledAsyncChecker.java:schedule(141)) - Scheduling a check for /home/runner/work/ozone/ozone/hadoop-ozone/integration-test/target/test-dir/MiniOzoneClusterImpl-9f34b74b-d5f0-454e-a8cb-06b69a9d8d3b/datanode-2/data-0/containers/hdds
2022-06-19 13:04:48,027 [Listener at 127.0.0.1/33959] INFO  volume.StorageVolumeChecker (StorageVolumeChecker.java:checkAllVolumes(202)) - Scheduled health check for volume /home/runner/work/ozone/ozone/hadoop-ozone/integration-test/target/test-dir/MiniOzoneClusterImpl-9f34b74b-d5f0-454e-a8cb-06b69a9d8d3b/datanode-2/data-0/containers/hdds
2022-06-19 13:04:48,038 [Listener at 127.0.0.1/33959] INFO  volume.MutableVolumeSet (MutableVolumeSet.java:initializeVolumeSet(174)) - Added Volume : /home/runner/work/ozone/ozone/hadoop-ozone/integration-test/target/test-dir/MiniOzoneClusterImpl-9f34b74b-d5f0-454e-a8cb-06b69a9d8d3b/datanode-2/data/ratis to VolumeSet
2022-06-19 13:04:48,038 [Listener at 127.0.0.1/33959] INFO  volume.ThrottledAsyncChecker (ThrottledAsyncChecker.java:schedule(141)) - Scheduling a check for /home/runner/work/ozone/ozone/hadoop-ozone/integration-test/target/test-dir/MiniOzoneClusterImpl-9f34b74b-d5f0-454e-a8cb-06b69a9d8d3b/datanode-2/data/ratis
2022-06-19 13:04:48,039 [Listener at 127.0.0.1/33959] INFO  volume.StorageVolumeChecker (StorageVolumeChecker.java:checkAllVolumes(202)) - Scheduled health check for volume /home/runner/work/ozone/ozone/hadoop-ozone/integration-test/target/test-dir/MiniOzoneClusterImpl-9f34b74b-d5f0-454e-a8cb-06b69a9d8d3b/datanode-2/data/ratis
2022-06-19 13:04:48,049 [Thread-161] INFO  ozoneimpl.ContainerReader (ContainerReader.java:readVolume(172)) - Finish verifying containers on volume /home/runner/work/ozone/ozone/hadoop-ozone/integration-test/target/test-dir/MiniOzoneClusterImpl-9f34b74b-d5f0-454e-a8cb-06b69a9d8d3b/datanode-2/data-0/containers/hdds
2022-06-19 13:04:48,049 [Listener at 127.0.0.1/33959] INFO  ozoneimpl.OzoneContainer (OzoneContainer.java:buildContainerSet(266)) - Build ContainerSet costs 0s
2022-06-19 13:04:48,052 [Listener at 127.0.0.1/33959] INFO  server.RaftServer (ConfUtils.java:logGet(46)) - raft.rpc.type = GRPC (default)
2022-06-19 13:04:48,052 [Listener at 127.0.0.1/33959] INFO  grpc.GrpcFactory (GrpcFactory.java:checkPooledByteBufAllocatorUseCacheForAllThreads(48)) - PERFORMANCE WARNING: useCacheForAllThreads is true that may cause Netty to create a lot garbage objects and, as a result, trigger GC.
	It is recommended to disable useCacheForAllThreads by setting -Dorg.apache.ratis.thirdparty.io.netty.allocator.useCacheForAllThreads=false in command line.
2022-06-19 13:04:48,053 [Listener at 127.0.0.1/33959] INFO  grpc.GrpcConfigKeys (ConfUtils.java:logGet(46)) - raft.grpc.admin.port = 0 (custom)
2022-06-19 13:04:48,053 [Listener at 127.0.0.1/33959] INFO  grpc.GrpcConfigKeys (ConfUtils.java:logGet(46)) - raft.grpc.client.port = 0 (custom)
2022-06-19 13:04:48,053 [Listener at 127.0.0.1/33959] INFO  grpc.GrpcConfigKeys (ConfUtils.java:logGet(46)) - raft.grpc.server.port = 0 (default)
2022-06-19 13:04:48,053 [Listener at 127.0.0.1/33959] INFO  server.GrpcService (ConfUtils.java:logGet(46)) - raft.grpc.message.size.max = 32MB (=33554432) (custom)
2022-06-19 13:04:48,053 [Listener at 127.0.0.1/33959] INFO  server.RaftServerConfigKeys (ConfUtils.java:logGet(46)) - raft.server.log.appender.buffer.byte-limit = 33554432 (custom)
2022-06-19 13:04:48,053 [Listener at 127.0.0.1/33959] INFO  server.GrpcService (ConfUtils.java:logGet(46)) - raft.grpc.flow.control.window = 5MB (=5242880) (custom)
2022-06-19 13:04:48,053 [Listener at 127.0.0.1/33959] INFO  server.RaftServerConfigKeys (ConfUtils.java:logGet(46)) - raft.server.rpc.request.timeout = 60s (custom)
2022-06-19 13:04:48,053 [Listener at 127.0.0.1/33959] INFO  grpc.GrpcConfigKeys (ConfUtils.java:logGet(46)) - raft.grpc.server.async.request.thread.pool.cached = true (default)
2022-06-19 13:04:48,054 [Listener at 127.0.0.1/33959] INFO  grpc.GrpcConfigKeys (ConfUtils.java:logGet(46)) - raft.grpc.server.async.request.thread.pool.size = 32 (default)
2022-06-19 13:04:48,055 [Listener at 127.0.0.1/33959] INFO  impl.DataStreamServerImpl (ConfUtils.java:logGet(46)) - raft.datastream.type = DISABLED (default)
2022-06-19 13:04:48,055 [Listener at 127.0.0.1/33959] INFO  server.RaftServerConfigKeys (ConfUtils.java:logGet(46)) - raft.server.threadpool.proxy.cached = true (default)
2022-06-19 13:04:48,055 [Listener at 127.0.0.1/33959] INFO  server.RaftServerConfigKeys (ConfUtils.java:logGet(46)) - raft.server.threadpool.proxy.size = 0 (default)
2022-06-19 13:04:48,055 [Listener at 127.0.0.1/33959] INFO  server.RaftServerConfigKeys (ConfUtils.java:logGet(46)) - raft.server.rpc.slowness.timeout = 300s (custom)
2022-06-19 13:04:48,055 [Listener at 127.0.0.1/33959] INFO  server.RaftServerConfigKeys (ConfUtils.java:logGet(46)) - raft.server.leaderelection.leader.step-down.wait-time = 10s (default)
2022-06-19 13:04:48,055 [Listener at 127.0.0.1/33959] INFO  server.RaftServerConfigKeys (ConfUtils.java:logGet(46)) - raft.server.storage.dir = [/home/runner/work/ozone/ozone/hadoop-ozone/integration-test/target/test-dir/MiniOzoneClusterImpl-9f34b74b-d5f0-454e-a8cb-06b69a9d8d3b/datanode-2/data/ratis] (custom)
2022-06-19 13:04:48,059 [Listener at 127.0.0.1/33959] INFO  server.XceiverServerGrpc (XceiverServerGrpc.java:<init>(132)) - GrpcServer channel type EpollServerSocketChannel
2022-06-19 13:04:48,062 [Listener at 127.0.0.1/33959] INFO  http.BaseHttpServer (BaseHttpServer.java:newHttpServer2BuilderForOzone(209)) - Starting Web-server for hddsDatanode at: http://0.0.0.0:0
2022-06-19 13:04:48,062 [Listener at 127.0.0.1/33959] INFO  http.BaseHttpServer (BaseHttpServer.java:<init>(107)) - Hadoop Security Enabled: false Ozone Security Enabled: false Ozone HTTP Security Enabled: false 
2022-06-19 13:04:48,063 [Listener at 127.0.0.1/33959] INFO  server.AuthenticationFilter (AuthenticationFilter.java:constructSecretProvider(240)) - Unable to initialize FileSignerSecretProvider, falling back to use random secrets.
2022-06-19 13:04:48,069 [Listener at 127.0.0.1/33959] WARN  http.HttpRequestLog (HttpRequestLog.java:getRequestLog(103)) - Jetty request log can only be enabled using Log4j
2022-06-19 13:04:48,071 [Listener at 127.0.0.1/33959] INFO  http.HttpServer2 (HttpServer2.java:addGlobalFilter(1029)) - Added global filter 'safety' (class=org.apache.hadoop.hdds.server.http.HttpServer2$QuotingInputFilter)
2022-06-19 13:04:48,071 [Listener at 127.0.0.1/33959] INFO  http.HttpServer2 (HttpServer2.java:addFilter(1005)) - Added filter static_user_filter (class=org.apache.hadoop.http.lib.StaticUserWebFilter$StaticUserFilter) to context hddsDatanode
2022-06-19 13:04:48,072 [Listener at 127.0.0.1/33959] INFO  http.HttpServer2 (HttpServer2.java:addFilter(1013)) - Added filter static_user_filter (class=org.apache.hadoop.http.lib.StaticUserWebFilter$StaticUserFilter) to context logs
2022-06-19 13:04:48,072 [Listener at 127.0.0.1/33959] INFO  http.HttpServer2 (HttpServer2.java:addFilter(1013)) - Added filter static_user_filter (class=org.apache.hadoop.http.lib.StaticUserWebFilter$StaticUserFilter) to context static
2022-06-19 13:04:48,072 [Listener at 127.0.0.1/33959] INFO  http.HttpServer2 (HttpServer2.java:bindListener(1248)) - Jetty bound to port 33381
2022-06-19 13:04:48,072 [Listener at 127.0.0.1/33959] INFO  server.Server (Server.java:doStart(375)) - jetty-9.4.43.v20210629; built: 2021-06-30T11:07:22.254Z; git: 526006ecfa3af7f1a27ef3a288e2bef7ea9dd7e8; jvm 1.8.0_332-b09
2022-06-19 13:04:48,085 [Listener at 127.0.0.1/33959] INFO  server.session (DefaultSessionIdManager.java:doStart(334)) - DefaultSessionIdManager workerName=node0
2022-06-19 13:04:48,086 [Listener at 127.0.0.1/33959] INFO  server.session (DefaultSessionIdManager.java:doStart(339)) - No SessionScavenger set, using defaults
2022-06-19 13:04:48,086 [Listener at 127.0.0.1/33959] INFO  server.session (HouseKeeper.java:startScavenging(132)) - node0 Scavenging every 660000ms
2022-06-19 13:04:48,087 [Listener at 127.0.0.1/33959] INFO  handler.ContextHandler (ContextHandler.java:doStart(915)) - Started o.e.j.s.ServletContextHandler@6ae0e411{logs,/logs,file:///home/runner/work/ozone/ozone/hadoop-ozone/integration-test/target/log,AVAILABLE}
2022-06-19 13:04:48,088 [Listener at 127.0.0.1/33959] INFO  handler.ContextHandler (ContextHandler.java:doStart(915)) - Started o.e.j.s.ServletContextHandler@440bf250{static,/static,jar:file:/home/runner/.m2/repository/org/apache/ozone/hdds-container-service/1.3.0-SNAPSHOT/hdds-container-service-1.3.0-SNAPSHOT.jar!/webapps/static,AVAILABLE}
2022-06-19 13:04:48,255 [Listener at 127.0.0.1/33959] INFO  handler.ContextHandler (ContextHandler.java:doStart(915)) - Started o.e.j.w.WebAppContext@6c60c170{hddsDatanode,/,file:///tmp/jetty-0_0_0_0-33381-hdds-container-service-1_3_0-SNAPSHOT_jar-_-any-8468892230037324010/webapp/,AVAILABLE}{jar:file:/home/runner/.m2/repository/org/apache/ozone/hdds-container-service/1.3.0-SNAPSHOT/hdds-container-service-1.3.0-SNAPSHOT.jar!/webapps/hddsDatanode}
2022-06-19 13:04:48,256 [Listener at 127.0.0.1/33959] INFO  server.AbstractConnector (AbstractConnector.java:doStart(331)) - Started ServerConnector@6e92e40a{HTTP/1.1, (http/1.1)}{0.0.0.0:33381}
2022-06-19 13:04:48,257 [Listener at 127.0.0.1/33959] INFO  server.Server (Server.java:doStart(415)) - Started @8493ms
2022-06-19 13:04:48,257 [Listener at 127.0.0.1/33959] WARN  impl.MetricsSystemImpl (MetricsSystemImpl.java:register(279)) - Sink prometheus already exists!
2022-06-19 13:04:48,257 [Listener at 127.0.0.1/33959] INFO  http.BaseHttpServer (BaseHttpServer.java:updateConnectorAddress(329)) - HTTP server of hddsDatanode listening at http://0.0.0.0:33381
2022-06-19 13:04:48,258 [Listener at 127.0.0.1/33959] WARN  impl.MetricRegistriesImpl (MetricRegistriesImpl.java:addReporterRegistration(111)) - New reporters are added after registries were created. Some metrics will be missing from the reporter. Please add reporter before adding any new registry.
2022-06-19 13:04:48,258 [Listener at 127.0.0.1/33959] WARN  impl.MetricRegistriesImpl (MetricRegistriesImpl.java:addReporterRegistration(111)) - New reporters are added after registries were created. Some metrics will be missing from the reporter. Please add reporter before adding any new registry.
2022-06-19 13:04:48,258 [Listener at 127.0.0.1/33959] INFO  impl.MetricsSystemImpl (MetricsSystemImpl.java:init(158)) - HddsDatanode metrics system started (again)
2022-06-19 13:04:48,261 [Datanode State Machine Daemon Thread] INFO  statemachine.DatanodeStateMachine (DatanodeStateMachine.java:lambda$startDaemon$0(492)) - Ozone container server started.
2022-06-19 13:04:48,270 [Listener at 127.0.0.1/33959] INFO  ozone.HddsDatanodeService (HddsDatanodeService.java:start(236)) - HddsDatanodeService host:fv-az58-449.32bp4kehjaiexiom31oljkjdjg.cx.internal.cloudapp.net ip:10.1.0.4
2022-06-19 13:04:48,271 [org.apache.hadoop.util.JvmPauseMonitor$Monitor@7182945f] INFO  util.JvmPauseMonitor (JvmPauseMonitor.java:run(188)) - Starting JVM pause monitor
2022-06-19 13:04:48,281 [Datanode State Machine Task Thread - 0] INFO  datanode.InitDatanodeState (InitDatanodeState.java:persistContainerDatanodeDetails(138)) - DatanodeDetails is persisted to /home/runner/work/ozone/ozone/hadoop-ozone/integration-test/target/test-dir/MiniOzoneClusterImpl-9f34b74b-d5f0-454e-a8cb-06b69a9d8d3b/datanode-2/meta/datanode.id
2022-06-19 13:04:48,295 [Listener at 127.0.0.1/33959] INFO  upgrade.AbstractLayoutVersionManager (AbstractLayoutVersionManager.java:init(82)) - Initializing Layout version manager with metadata layout = DATANODE_SCHEMA_V3 (version = 4), software layout = DATANODE_SCHEMA_V3 (version = 4)
2022-06-19 13:04:48,335 [Listener at 127.0.0.1/33959] INFO  reflections.Reflections (Reflections.java:scan(232)) - Reflections took 39 ms to scan 7 urls, producing 131 keys and 315 values 
2022-06-19 13:04:48,337 [Listener at 127.0.0.1/33959] INFO  statemachine.DatanodeStateMachine (DatanodeStateMachine.java:getEndPointTaskThreadPoolSize(237)) - Datanode State Machine Task Thread Pool size 2
2022-06-19 13:04:48,342 [Listener at 127.0.0.1/33959] INFO  volume.HddsVolume (HddsVolume.java:<init>(116)) - Creating HddsVolume: /home/runner/work/ozone/ozone/hadoop-ozone/integration-test/target/test-dir/MiniOzoneClusterImpl-9f34b74b-d5f0-454e-a8cb-06b69a9d8d3b/datanode-3/data-0/containers/hdds of storage type : DISK capacity : 9223372036854775807
2022-06-19 13:04:48,343 [Listener at 127.0.0.1/33959] INFO  volume.MutableVolumeSet (MutableVolumeSet.java:initializeVolumeSet(174)) - Added Volume : /home/runner/work/ozone/ozone/hadoop-ozone/integration-test/target/test-dir/MiniOzoneClusterImpl-9f34b74b-d5f0-454e-a8cb-06b69a9d8d3b/datanode-3/data-0/containers/hdds to VolumeSet
2022-06-19 13:04:48,343 [Listener at 127.0.0.1/33959] INFO  volume.ThrottledAsyncChecker (ThrottledAsyncChecker.java:schedule(141)) - Scheduling a check for /home/runner/work/ozone/ozone/hadoop-ozone/integration-test/target/test-dir/MiniOzoneClusterImpl-9f34b74b-d5f0-454e-a8cb-06b69a9d8d3b/datanode-3/data-0/containers/hdds
2022-06-19 13:04:48,343 [Listener at 127.0.0.1/33959] INFO  volume.StorageVolumeChecker (StorageVolumeChecker.java:checkAllVolumes(202)) - Scheduled health check for volume /home/runner/work/ozone/ozone/hadoop-ozone/integration-test/target/test-dir/MiniOzoneClusterImpl-9f34b74b-d5f0-454e-a8cb-06b69a9d8d3b/datanode-3/data-0/containers/hdds
2022-06-19 13:04:48,354 [Listener at 127.0.0.1/33959] INFO  volume.MutableVolumeSet (MutableVolumeSet.java:initializeVolumeSet(174)) - Added Volume : /home/runner/work/ozone/ozone/hadoop-ozone/integration-test/target/test-dir/MiniOzoneClusterImpl-9f34b74b-d5f0-454e-a8cb-06b69a9d8d3b/datanode-3/data/ratis to VolumeSet
2022-06-19 13:04:48,354 [Listener at 127.0.0.1/33959] INFO  volume.ThrottledAsyncChecker (ThrottledAsyncChecker.java:schedule(141)) - Scheduling a check for /home/runner/work/ozone/ozone/hadoop-ozone/integration-test/target/test-dir/MiniOzoneClusterImpl-9f34b74b-d5f0-454e-a8cb-06b69a9d8d3b/datanode-3/data/ratis
2022-06-19 13:04:48,354 [Listener at 127.0.0.1/33959] INFO  volume.StorageVolumeChecker (StorageVolumeChecker.java:checkAllVolumes(202)) - Scheduled health check for volume /home/runner/work/ozone/ozone/hadoop-ozone/integration-test/target/test-dir/MiniOzoneClusterImpl-9f34b74b-d5f0-454e-a8cb-06b69a9d8d3b/datanode-3/data/ratis
2022-06-19 13:04:48,365 [Thread-174] INFO  ozoneimpl.ContainerReader (ContainerReader.java:readVolume(172)) - Finish verifying containers on volume /home/runner/work/ozone/ozone/hadoop-ozone/integration-test/target/test-dir/MiniOzoneClusterImpl-9f34b74b-d5f0-454e-a8cb-06b69a9d8d3b/datanode-3/data-0/containers/hdds
2022-06-19 13:04:48,373 [Listener at 127.0.0.1/33959] INFO  ozoneimpl.OzoneContainer (OzoneContainer.java:buildContainerSet(266)) - Build ContainerSet costs 0s
2022-06-19 13:04:48,376 [Listener at 127.0.0.1/33959] INFO  server.RaftServer (ConfUtils.java:logGet(46)) - raft.rpc.type = GRPC (default)
2022-06-19 13:04:48,376 [Listener at 127.0.0.1/33959] INFO  grpc.GrpcFactory (GrpcFactory.java:checkPooledByteBufAllocatorUseCacheForAllThreads(48)) - PERFORMANCE WARNING: useCacheForAllThreads is true that may cause Netty to create a lot garbage objects and, as a result, trigger GC.
	It is recommended to disable useCacheForAllThreads by setting -Dorg.apache.ratis.thirdparty.io.netty.allocator.useCacheForAllThreads=false in command line.
2022-06-19 13:04:48,376 [Listener at 127.0.0.1/33959] INFO  grpc.GrpcConfigKeys (ConfUtils.java:logGet(46)) - raft.grpc.admin.port = 0 (custom)
2022-06-19 13:04:48,376 [Listener at 127.0.0.1/33959] INFO  grpc.GrpcConfigKeys (ConfUtils.java:logGet(46)) - raft.grpc.client.port = 0 (custom)
2022-06-19 13:04:48,376 [Listener at 127.0.0.1/33959] INFO  grpc.GrpcConfigKeys (ConfUtils.java:logGet(46)) - raft.grpc.server.port = 0 (default)
2022-06-19 13:04:48,376 [Listener at 127.0.0.1/33959] INFO  server.GrpcService (ConfUtils.java:logGet(46)) - raft.grpc.message.size.max = 32MB (=33554432) (custom)
2022-06-19 13:04:48,376 [Listener at 127.0.0.1/33959] INFO  server.RaftServerConfigKeys (ConfUtils.java:logGet(46)) - raft.server.log.appender.buffer.byte-limit = 33554432 (custom)
2022-06-19 13:04:48,376 [Listener at 127.0.0.1/33959] INFO  server.GrpcService (ConfUtils.java:logGet(46)) - raft.grpc.flow.control.window = 5MB (=5242880) (custom)
2022-06-19 13:04:48,377 [Listener at 127.0.0.1/33959] INFO  server.RaftServerConfigKeys (ConfUtils.java:logGet(46)) - raft.server.rpc.request.timeout = 60s (custom)
2022-06-19 13:04:48,377 [Listener at 127.0.0.1/33959] INFO  grpc.GrpcConfigKeys (ConfUtils.java:logGet(46)) - raft.grpc.server.async.request.thread.pool.cached = true (default)
2022-06-19 13:04:48,377 [Listener at 127.0.0.1/33959] INFO  grpc.GrpcConfigKeys (ConfUtils.java:logGet(46)) - raft.grpc.server.async.request.thread.pool.size = 32 (default)
2022-06-19 13:04:48,378 [Listener at 127.0.0.1/33959] INFO  impl.DataStreamServerImpl (ConfUtils.java:logGet(46)) - raft.datastream.type = DISABLED (default)
2022-06-19 13:04:48,378 [Listener at 127.0.0.1/33959] INFO  server.RaftServerConfigKeys (ConfUtils.java:logGet(46)) - raft.server.threadpool.proxy.cached = true (default)
2022-06-19 13:04:48,378 [Listener at 127.0.0.1/33959] INFO  server.RaftServerConfigKeys (ConfUtils.java:logGet(46)) - raft.server.threadpool.proxy.size = 0 (default)
2022-06-19 13:04:48,378 [Listener at 127.0.0.1/33959] INFO  server.RaftServerConfigKeys (ConfUtils.java:logGet(46)) - raft.server.rpc.slowness.timeout = 300s (custom)
2022-06-19 13:04:48,379 [Listener at 127.0.0.1/33959] INFO  server.RaftServerConfigKeys (ConfUtils.java:logGet(46)) - raft.server.leaderelection.leader.step-down.wait-time = 10s (default)
2022-06-19 13:04:48,379 [Listener at 127.0.0.1/33959] INFO  server.RaftServerConfigKeys (ConfUtils.java:logGet(46)) - raft.server.storage.dir = [/home/runner/work/ozone/ozone/hadoop-ozone/integration-test/target/test-dir/MiniOzoneClusterImpl-9f34b74b-d5f0-454e-a8cb-06b69a9d8d3b/datanode-3/data/ratis] (custom)
2022-06-19 13:04:48,380 [Listener at 127.0.0.1/33959] INFO  server.XceiverServerGrpc (XceiverServerGrpc.java:<init>(132)) - GrpcServer channel type EpollServerSocketChannel
2022-06-19 13:04:48,383 [Listener at 127.0.0.1/33959] INFO  http.BaseHttpServer (BaseHttpServer.java:newHttpServer2BuilderForOzone(209)) - Starting Web-server for hddsDatanode at: http://0.0.0.0:0
2022-06-19 13:04:48,383 [Listener at 127.0.0.1/33959] INFO  http.BaseHttpServer (BaseHttpServer.java:<init>(107)) - Hadoop Security Enabled: false Ozone Security Enabled: false Ozone HTTP Security Enabled: false 
2022-06-19 13:04:48,384 [Listener at 127.0.0.1/33959] INFO  server.AuthenticationFilter (AuthenticationFilter.java:constructSecretProvider(240)) - Unable to initialize FileSignerSecretProvider, falling back to use random secrets.
2022-06-19 13:04:48,385 [Listener at 127.0.0.1/33959] WARN  http.HttpRequestLog (HttpRequestLog.java:getRequestLog(103)) - Jetty request log can only be enabled using Log4j
2022-06-19 13:04:48,386 [Listener at 127.0.0.1/33959] INFO  http.HttpServer2 (HttpServer2.java:addGlobalFilter(1029)) - Added global filter 'safety' (class=org.apache.hadoop.hdds.server.http.HttpServer2$QuotingInputFilter)
2022-06-19 13:04:48,387 [Listener at 127.0.0.1/33959] INFO  http.HttpServer2 (HttpServer2.java:addFilter(1005)) - Added filter static_user_filter (class=org.apache.hadoop.http.lib.StaticUserWebFilter$StaticUserFilter) to context hddsDatanode
2022-06-19 13:04:48,387 [Listener at 127.0.0.1/33959] INFO  http.HttpServer2 (HttpServer2.java:addFilter(1013)) - Added filter static_user_filter (class=org.apache.hadoop.http.lib.StaticUserWebFilter$StaticUserFilter) to context static
2022-06-19 13:04:48,387 [Listener at 127.0.0.1/33959] INFO  http.HttpServer2 (HttpServer2.java:addFilter(1013)) - Added filter static_user_filter (class=org.apache.hadoop.http.lib.StaticUserWebFilter$StaticUserFilter) to context logs
2022-06-19 13:04:48,387 [Listener at 127.0.0.1/33959] INFO  http.HttpServer2 (HttpServer2.java:bindListener(1248)) - Jetty bound to port 35621
2022-06-19 13:04:48,388 [Listener at 127.0.0.1/33959] INFO  server.Server (Server.java:doStart(375)) - jetty-9.4.43.v20210629; built: 2021-06-30T11:07:22.254Z; git: 526006ecfa3af7f1a27ef3a288e2bef7ea9dd7e8; jvm 1.8.0_332-b09
2022-06-19 13:04:48,391 [Listener at 127.0.0.1/33959] INFO  server.session (DefaultSessionIdManager.java:doStart(334)) - DefaultSessionIdManager workerName=node0
2022-06-19 13:04:48,391 [Listener at 127.0.0.1/33959] INFO  server.session (DefaultSessionIdManager.java:doStart(339)) - No SessionScavenger set, using defaults
2022-06-19 13:04:48,391 [Listener at 127.0.0.1/33959] INFO  server.session (HouseKeeper.java:startScavenging(132)) - node0 Scavenging every 600000ms
2022-06-19 13:04:48,392 [Listener at 127.0.0.1/33959] INFO  handler.ContextHandler (ContextHandler.java:doStart(915)) - Started o.e.j.s.ServletContextHandler@65500c79{logs,/logs,file:///home/runner/work/ozone/ozone/hadoop-ozone/integration-test/target/log,AVAILABLE}
2022-06-19 13:04:48,393 [Listener at 127.0.0.1/33959] INFO  handler.ContextHandler (ContextHandler.java:doStart(915)) - Started o.e.j.s.ServletContextHandler@357f678b{static,/static,jar:file:/home/runner/.m2/repository/org/apache/ozone/hdds-container-service/1.3.0-SNAPSHOT/hdds-container-service-1.3.0-SNAPSHOT.jar!/webapps/static,AVAILABLE}
2022-06-19 13:04:48,554 [Listener at 127.0.0.1/33959] INFO  handler.ContextHandler (ContextHandler.java:doStart(915)) - Started o.e.j.w.WebAppContext@31fcad71{hddsDatanode,/,file:///tmp/jetty-0_0_0_0-35621-hdds-container-service-1_3_0-SNAPSHOT_jar-_-any-4554812709454837546/webapp/,AVAILABLE}{jar:file:/home/runner/.m2/repository/org/apache/ozone/hdds-container-service/1.3.0-SNAPSHOT/hdds-container-service-1.3.0-SNAPSHOT.jar!/webapps/hddsDatanode}
2022-06-19 13:04:48,555 [Listener at 127.0.0.1/33959] INFO  server.AbstractConnector (AbstractConnector.java:doStart(331)) - Started ServerConnector@25539a73{HTTP/1.1, (http/1.1)}{0.0.0.0:35621}
2022-06-19 13:04:48,556 [Listener at 127.0.0.1/33959] INFO  server.Server (Server.java:doStart(415)) - Started @8792ms
2022-06-19 13:04:48,556 [Listener at 127.0.0.1/33959] WARN  impl.MetricsSystemImpl (MetricsSystemImpl.java:register(279)) - Sink prometheus already exists!
2022-06-19 13:04:48,556 [Listener at 127.0.0.1/33959] INFO  http.BaseHttpServer (BaseHttpServer.java:updateConnectorAddress(329)) - HTTP server of hddsDatanode listening at http://0.0.0.0:35621
2022-06-19 13:04:48,557 [Datanode State Machine Daemon Thread] INFO  statemachine.DatanodeStateMachine (DatanodeStateMachine.java:lambda$startDaemon$0(492)) - Ozone container server started.
2022-06-19 13:04:48,557 [Listener at 127.0.0.1/33959] WARN  impl.MetricRegistriesImpl (MetricRegistriesImpl.java:addReporterRegistration(111)) - New reporters are added after registries were created. Some metrics will be missing from the reporter. Please add reporter before adding any new registry.
2022-06-19 13:04:48,558 [Listener at 127.0.0.1/33959] WARN  impl.MetricRegistriesImpl (MetricRegistriesImpl.java:addReporterRegistration(111)) - New reporters are added after registries were created. Some metrics will be missing from the reporter. Please add reporter before adding any new registry.
2022-06-19 13:04:48,558 [Listener at 127.0.0.1/33959] INFO  impl.MetricsSystemImpl (MetricsSystemImpl.java:init(158)) - HddsDatanode metrics system started (again)
2022-06-19 13:04:48,569 [Listener at 127.0.0.1/33959] INFO  ozone.HddsDatanodeService (HddsDatanodeService.java:start(236)) - HddsDatanodeService host:fv-az58-449.32bp4kehjaiexiom31oljkjdjg.cx.internal.cloudapp.net ip:10.1.0.4
2022-06-19 13:04:48,585 [org.apache.hadoop.util.JvmPauseMonitor$Monitor@d659273] INFO  util.JvmPauseMonitor (JvmPauseMonitor.java:run(188)) - Starting JVM pause monitor
2022-06-19 13:04:48,587 [Datanode State Machine Task Thread - 0] INFO  datanode.InitDatanodeState (InitDatanodeState.java:persistContainerDatanodeDetails(138)) - DatanodeDetails is persisted to /home/runner/work/ozone/ozone/hadoop-ozone/integration-test/target/test-dir/MiniOzoneClusterImpl-9f34b74b-d5f0-454e-a8cb-06b69a9d8d3b/datanode-3/meta/datanode.id
2022-06-19 13:04:48,598 [Listener at 127.0.0.1/33959] INFO  upgrade.AbstractLayoutVersionManager (AbstractLayoutVersionManager.java:init(82)) - Initializing Layout version manager with metadata layout = DATANODE_SCHEMA_V3 (version = 4), software layout = DATANODE_SCHEMA_V3 (version = 4)
2022-06-19 13:04:48,639 [Listener at 127.0.0.1/33959] INFO  reflections.Reflections (Reflections.java:scan(232)) - Reflections took 38 ms to scan 7 urls, producing 131 keys and 315 values 
2022-06-19 13:04:48,641 [Listener at 127.0.0.1/33959] INFO  statemachine.DatanodeStateMachine (DatanodeStateMachine.java:getEndPointTaskThreadPoolSize(237)) - Datanode State Machine Task Thread Pool size 2
2022-06-19 13:04:48,643 [Listener at 127.0.0.1/33959] INFO  volume.HddsVolume (HddsVolume.java:<init>(116)) - Creating HddsVolume: /home/runner/work/ozone/ozone/hadoop-ozone/integration-test/target/test-dir/MiniOzoneClusterImpl-9f34b74b-d5f0-454e-a8cb-06b69a9d8d3b/datanode-4/data-0/containers/hdds of storage type : DISK capacity : 9223372036854775807
2022-06-19 13:04:48,643 [Listener at 127.0.0.1/33959] INFO  volume.MutableVolumeSet (MutableVolumeSet.java:initializeVolumeSet(174)) - Added Volume : /home/runner/work/ozone/ozone/hadoop-ozone/integration-test/target/test-dir/MiniOzoneClusterImpl-9f34b74b-d5f0-454e-a8cb-06b69a9d8d3b/datanode-4/data-0/containers/hdds to VolumeSet
2022-06-19 13:04:48,643 [Listener at 127.0.0.1/33959] INFO  volume.ThrottledAsyncChecker (ThrottledAsyncChecker.java:schedule(141)) - Scheduling a check for /home/runner/work/ozone/ozone/hadoop-ozone/integration-test/target/test-dir/MiniOzoneClusterImpl-9f34b74b-d5f0-454e-a8cb-06b69a9d8d3b/datanode-4/data-0/containers/hdds
2022-06-19 13:04:48,644 [Listener at 127.0.0.1/33959] INFO  volume.StorageVolumeChecker (StorageVolumeChecker.java:checkAllVolumes(202)) - Scheduled health check for volume /home/runner/work/ozone/ozone/hadoop-ozone/integration-test/target/test-dir/MiniOzoneClusterImpl-9f34b74b-d5f0-454e-a8cb-06b69a9d8d3b/datanode-4/data-0/containers/hdds
2022-06-19 13:04:48,654 [Listener at 127.0.0.1/33959] INFO  volume.MutableVolumeSet (MutableVolumeSet.java:initializeVolumeSet(174)) - Added Volume : /home/runner/work/ozone/ozone/hadoop-ozone/integration-test/target/test-dir/MiniOzoneClusterImpl-9f34b74b-d5f0-454e-a8cb-06b69a9d8d3b/datanode-4/data/ratis to VolumeSet
2022-06-19 13:04:48,654 [Listener at 127.0.0.1/33959] INFO  volume.ThrottledAsyncChecker (ThrottledAsyncChecker.java:schedule(141)) - Scheduling a check for /home/runner/work/ozone/ozone/hadoop-ozone/integration-test/target/test-dir/MiniOzoneClusterImpl-9f34b74b-d5f0-454e-a8cb-06b69a9d8d3b/datanode-4/data/ratis
2022-06-19 13:04:48,654 [Listener at 127.0.0.1/33959] INFO  volume.StorageVolumeChecker (StorageVolumeChecker.java:checkAllVolumes(202)) - Scheduled health check for volume /home/runner/work/ozone/ozone/hadoop-ozone/integration-test/target/test-dir/MiniOzoneClusterImpl-9f34b74b-d5f0-454e-a8cb-06b69a9d8d3b/datanode-4/data/ratis
2022-06-19 13:04:48,665 [Thread-187] INFO  ozoneimpl.ContainerReader (ContainerReader.java:readVolume(172)) - Finish verifying containers on volume /home/runner/work/ozone/ozone/hadoop-ozone/integration-test/target/test-dir/MiniOzoneClusterImpl-9f34b74b-d5f0-454e-a8cb-06b69a9d8d3b/datanode-4/data-0/containers/hdds
2022-06-19 13:04:48,665 [Listener at 127.0.0.1/33959] INFO  ozoneimpl.OzoneContainer (OzoneContainer.java:buildContainerSet(266)) - Build ContainerSet costs 0s
2022-06-19 13:04:48,667 [Listener at 127.0.0.1/33959] INFO  server.RaftServer (ConfUtils.java:logGet(46)) - raft.rpc.type = GRPC (default)
2022-06-19 13:04:48,668 [Listener at 127.0.0.1/33959] INFO  grpc.GrpcFactory (GrpcFactory.java:checkPooledByteBufAllocatorUseCacheForAllThreads(48)) - PERFORMANCE WARNING: useCacheForAllThreads is true that may cause Netty to create a lot garbage objects and, as a result, trigger GC.
	It is recommended to disable useCacheForAllThreads by setting -Dorg.apache.ratis.thirdparty.io.netty.allocator.useCacheForAllThreads=false in command line.
2022-06-19 13:04:48,668 [Listener at 127.0.0.1/33959] INFO  grpc.GrpcConfigKeys (ConfUtils.java:logGet(46)) - raft.grpc.admin.port = 0 (custom)
2022-06-19 13:04:48,669 [Listener at 127.0.0.1/33959] INFO  grpc.GrpcConfigKeys (ConfUtils.java:logGet(46)) - raft.grpc.client.port = 0 (custom)
2022-06-19 13:04:48,669 [Listener at 127.0.0.1/33959] INFO  grpc.GrpcConfigKeys (ConfUtils.java:logGet(46)) - raft.grpc.server.port = 0 (default)
2022-06-19 13:04:48,669 [Listener at 127.0.0.1/33959] INFO  server.GrpcService (ConfUtils.java:logGet(46)) - raft.grpc.message.size.max = 32MB (=33554432) (custom)
2022-06-19 13:04:48,669 [Listener at 127.0.0.1/33959] INFO  server.RaftServerConfigKeys (ConfUtils.java:logGet(46)) - raft.server.log.appender.buffer.byte-limit = 33554432 (custom)
2022-06-19 13:04:48,669 [Listener at 127.0.0.1/33959] INFO  server.GrpcService (ConfUtils.java:logGet(46)) - raft.grpc.flow.control.window = 5MB (=5242880) (custom)
2022-06-19 13:04:48,669 [Listener at 127.0.0.1/33959] INFO  server.RaftServerConfigKeys (ConfUtils.java:logGet(46)) - raft.server.rpc.request.timeout = 60s (custom)
2022-06-19 13:04:48,669 [Listener at 127.0.0.1/33959] INFO  grpc.GrpcConfigKeys (ConfUtils.java:logGet(46)) - raft.grpc.server.async.request.thread.pool.cached = true (default)
2022-06-19 13:04:48,669 [Listener at 127.0.0.1/33959] INFO  grpc.GrpcConfigKeys (ConfUtils.java:logGet(46)) - raft.grpc.server.async.request.thread.pool.size = 32 (default)
2022-06-19 13:04:48,671 [Listener at 127.0.0.1/33959] INFO  impl.DataStreamServerImpl (ConfUtils.java:logGet(46)) - raft.datastream.type = DISABLED (default)
2022-06-19 13:04:48,671 [Listener at 127.0.0.1/33959] INFO  server.RaftServerConfigKeys (ConfUtils.java:logGet(46)) - raft.server.threadpool.proxy.cached = true (default)
2022-06-19 13:04:48,671 [Listener at 127.0.0.1/33959] INFO  server.RaftServerConfigKeys (ConfUtils.java:logGet(46)) - raft.server.threadpool.proxy.size = 0 (default)
2022-06-19 13:04:48,671 [Listener at 127.0.0.1/33959] INFO  server.RaftServerConfigKeys (ConfUtils.java:logGet(46)) - raft.server.rpc.slowness.timeout = 300s (custom)
2022-06-19 13:04:48,671 [Listener at 127.0.0.1/33959] INFO  server.RaftServerConfigKeys (ConfUtils.java:logGet(46)) - raft.server.leaderelection.leader.step-down.wait-time = 10s (default)
2022-06-19 13:04:48,671 [Listener at 127.0.0.1/33959] INFO  server.RaftServerConfigKeys (ConfUtils.java:logGet(46)) - raft.server.storage.dir = [/home/runner/work/ozone/ozone/hadoop-ozone/integration-test/target/test-dir/MiniOzoneClusterImpl-9f34b74b-d5f0-454e-a8cb-06b69a9d8d3b/datanode-4/data/ratis] (custom)
2022-06-19 13:04:48,673 [Listener at 127.0.0.1/33959] INFO  server.XceiverServerGrpc (XceiverServerGrpc.java:<init>(132)) - GrpcServer channel type EpollServerSocketChannel
2022-06-19 13:04:48,676 [Listener at 127.0.0.1/33959] INFO  http.BaseHttpServer (BaseHttpServer.java:newHttpServer2BuilderForOzone(209)) - Starting Web-server for hddsDatanode at: http://0.0.0.0:0
2022-06-19 13:04:48,676 [Listener at 127.0.0.1/33959] INFO  http.BaseHttpServer (BaseHttpServer.java:<init>(107)) - Hadoop Security Enabled: false Ozone Security Enabled: false Ozone HTTP Security Enabled: false 
2022-06-19 13:04:48,677 [Listener at 127.0.0.1/33959] INFO  server.AuthenticationFilter (AuthenticationFilter.java:constructSecretProvider(240)) - Unable to initialize FileSignerSecretProvider, falling back to use random secrets.
2022-06-19 13:04:48,677 [Listener at 127.0.0.1/33959] WARN  http.HttpRequestLog (HttpRequestLog.java:getRequestLog(103)) - Jetty request log can only be enabled using Log4j
2022-06-19 13:04:48,679 [Listener at 127.0.0.1/33959] INFO  http.HttpServer2 (HttpServer2.java:addGlobalFilter(1029)) - Added global filter 'safety' (class=org.apache.hadoop.hdds.server.http.HttpServer2$QuotingInputFilter)
2022-06-19 13:04:48,679 [Listener at 127.0.0.1/33959] INFO  http.HttpServer2 (HttpServer2.java:addFilter(1005)) - Added filter static_user_filter (class=org.apache.hadoop.http.lib.StaticUserWebFilter$StaticUserFilter) to context hddsDatanode
2022-06-19 13:04:48,679 [Listener at 127.0.0.1/33959] INFO  http.HttpServer2 (HttpServer2.java:addFilter(1013)) - Added filter static_user_filter (class=org.apache.hadoop.http.lib.StaticUserWebFilter$StaticUserFilter) to context logs
2022-06-19 13:04:48,680 [Listener at 127.0.0.1/33959] INFO  http.HttpServer2 (HttpServer2.java:addFilter(1013)) - Added filter static_user_filter (class=org.apache.hadoop.http.lib.StaticUserWebFilter$StaticUserFilter) to context static
2022-06-19 13:04:48,680 [Listener at 127.0.0.1/33959] INFO  http.HttpServer2 (HttpServer2.java:bindListener(1248)) - Jetty bound to port 34839
2022-06-19 13:04:48,680 [Listener at 127.0.0.1/33959] INFO  server.Server (Server.java:doStart(375)) - jetty-9.4.43.v20210629; built: 2021-06-30T11:07:22.254Z; git: 526006ecfa3af7f1a27ef3a288e2bef7ea9dd7e8; jvm 1.8.0_332-b09
2022-06-19 13:04:48,694 [Listener at 127.0.0.1/33959] INFO  server.session (DefaultSessionIdManager.java:doStart(334)) - DefaultSessionIdManager workerName=node0
2022-06-19 13:04:48,694 [Listener at 127.0.0.1/33959] INFO  server.session (DefaultSessionIdManager.java:doStart(339)) - No SessionScavenger set, using defaults
2022-06-19 13:04:48,694 [Listener at 127.0.0.1/33959] INFO  server.session (HouseKeeper.java:startScavenging(132)) - node0 Scavenging every 660000ms
2022-06-19 13:04:48,695 [Listener at 127.0.0.1/33959] INFO  handler.ContextHandler (ContextHandler.java:doStart(915)) - Started o.e.j.s.ServletContextHandler@2ac05560{logs,/logs,file:///home/runner/work/ozone/ozone/hadoop-ozone/integration-test/target/log,AVAILABLE}
2022-06-19 13:04:48,695 [Listener at 127.0.0.1/33959] INFO  handler.ContextHandler (ContextHandler.java:doStart(915)) - Started o.e.j.s.ServletContextHandler@6795bfdc{static,/static,jar:file:/home/runner/.m2/repository/org/apache/ozone/hdds-container-service/1.3.0-SNAPSHOT/hdds-container-service-1.3.0-SNAPSHOT.jar!/webapps/static,AVAILABLE}
2022-06-19 13:04:48,857 [Listener at 127.0.0.1/33959] INFO  handler.ContextHandler (ContextHandler.java:doStart(915)) - Started o.e.j.w.WebAppContext@3358ea01{hddsDatanode,/,file:///tmp/jetty-0_0_0_0-34839-hdds-container-service-1_3_0-SNAPSHOT_jar-_-any-6125293688818472500/webapp/,AVAILABLE}{jar:file:/home/runner/.m2/repository/org/apache/ozone/hdds-container-service/1.3.0-SNAPSHOT/hdds-container-service-1.3.0-SNAPSHOT.jar!/webapps/hddsDatanode}
2022-06-19 13:04:48,858 [Listener at 127.0.0.1/33959] INFO  server.AbstractConnector (AbstractConnector.java:doStart(331)) - Started ServerConnector@4275ec8f{HTTP/1.1, (http/1.1)}{0.0.0.0:34839}
2022-06-19 13:04:48,858 [Listener at 127.0.0.1/33959] INFO  server.Server (Server.java:doStart(415)) - Started @9095ms
2022-06-19 13:04:48,858 [Listener at 127.0.0.1/33959] WARN  impl.MetricsSystemImpl (MetricsSystemImpl.java:register(279)) - Sink prometheus already exists!
2022-06-19 13:04:48,860 [Listener at 127.0.0.1/33959] INFO  http.BaseHttpServer (BaseHttpServer.java:updateConnectorAddress(329)) - HTTP server of hddsDatanode listening at http://0.0.0.0:34839
2022-06-19 13:04:48,861 [Datanode State Machine Daemon Thread] INFO  statemachine.DatanodeStateMachine (DatanodeStateMachine.java:lambda$startDaemon$0(492)) - Ozone container server started.
2022-06-19 13:04:48,863 [Listener at 127.0.0.1/33959] INFO  ozone.MiniOzoneClusterImpl (MiniOzoneClusterImpl.java:lambda$waitForClusterToBeReady$0(221)) - Waiting for nodes to be ready. Got 0 of 5 DN Heartbeats.
2022-06-19 13:04:48,863 [Listener at 127.0.0.1/33959] INFO  ozone.MiniOzoneClusterImpl (MiniOzoneClusterImpl.java:lambda$waitForClusterToBeReady$0(224)) - Waiting for cluster to exit safe mode
2022-06-19 13:04:48,863 [Listener at 127.0.0.1/33959] INFO  ozone.MiniOzoneClusterImpl (MiniOzoneClusterImpl.java:lambda$waitForClusterToBeReady$0(226)) - SCM became leader
2022-06-19 13:04:48,869 [org.apache.hadoop.util.JvmPauseMonitor$Monitor@527461e4] INFO  util.JvmPauseMonitor (JvmPauseMonitor.java:run(188)) - Starting JVM pause monitor
2022-06-19 13:04:48,877 [Datanode State Machine Task Thread - 0] INFO  datanode.InitDatanodeState (InitDatanodeState.java:persistContainerDatanodeDetails(138)) - DatanodeDetails is persisted to /home/runner/work/ozone/ozone/hadoop-ozone/integration-test/target/test-dir/MiniOzoneClusterImpl-9f34b74b-d5f0-454e-a8cb-06b69a9d8d3b/datanode-4/meta/datanode.id
2022-06-19 13:04:49,557 [EndpointStateMachine task thread for /0.0.0.0:36427 - 0 ] INFO  volume.HddsVolume (HddsVolume.java:createDbStore(309)) - SchemaV3 db is created and loaded at /home/runner/work/ozone/ozone/hadoop-ozone/integration-test/target/test-dir/MiniOzoneClusterImpl-9f34b74b-d5f0-454e-a8cb-06b69a9d8d3b/datanode-0/data-0/containers/hdds/9f34b74b-d5f0-454e-a8cb-06b69a9d8d3b/DS-842106d6-4585-4852-a585-d67b43ba8c21/container.db for volume DS-842106d6-4585-4852-a585-d67b43ba8c21
2022-06-19 13:04:49,560 [EndpointStateMachine task thread for /0.0.0.0:36427 - 0 ] INFO  volume.HddsVolume (HddsVolume.java:closeDbStore(340)) - SchemaV3 db is stopped at /home/runner/work/ozone/ozone/hadoop-ozone/integration-test/target/test-dir/MiniOzoneClusterImpl-9f34b74b-d5f0-454e-a8cb-06b69a9d8d3b/datanode-0/data-0/containers/hdds/9f34b74b-d5f0-454e-a8cb-06b69a9d8d3b/DS-842106d6-4585-4852-a585-d67b43ba8c21/container.db for volume DS-842106d6-4585-4852-a585-d67b43ba8c21
2022-06-19 13:04:49,560 [EndpointStateMachine task thread for /0.0.0.0:36427 - 0 ] INFO  ozoneimpl.OzoneContainer (OzoneContainer.java:start(344)) - Attempting to start container services.
2022-06-19 13:04:49,564 [EndpointStateMachine task thread for /0.0.0.0:36427 - 0 ] INFO  ozoneimpl.OzoneContainer (OzoneContainer.java:startContainerScrub(279)) - Background container scanner has been disabled.
2022-06-19 13:04:49,566 [EndpointStateMachine task thread for /0.0.0.0:36427 - 0 ] INFO  replication.ReplicationServer (ReplicationServer.java:start(111)) - ReplicationServer is started using port 46703
2022-06-19 13:04:49,569 [EndpointStateMachine task thread for /0.0.0.0:36427 - 0 ] INFO  ratis.XceiverServerRatis (XceiverServerRatis.java:start(481)) - Starting XceiverServerRatis d57ef6cc-857b-4c4f-ab3c-49c4eddebbaf
2022-06-19 13:04:49,570 [EndpointStateMachine task thread for /0.0.0.0:36427 - 0 ] INFO  server.RaftServer (RaftServerProxy.java:lambda$start$6(382)) - d57ef6cc-857b-4c4f-ab3c-49c4eddebbaf: start RPC server
2022-06-19 13:04:49,576 [EndpointStateMachine task thread for /0.0.0.0:36427 - 0 ] INFO  server.GrpcService (GrpcService.java:startImpl(260)) - d57ef6cc-857b-4c4f-ab3c-49c4eddebbaf: GrpcService started, listening on 38535
2022-06-19 13:04:49,577 [EndpointStateMachine task thread for /0.0.0.0:36427 - 0 ] INFO  ratis.XceiverServerRatis (XceiverServerRatis.java:getRealPort(502)) - XceiverServerRatis d57ef6cc-857b-4c4f-ab3c-49c4eddebbaf is started using port 38535 for RATIS
2022-06-19 13:04:49,577 [EndpointStateMachine task thread for /0.0.0.0:36427 - 0 ] INFO  ratis.XceiverServerRatis (XceiverServerRatis.java:getRealPort(502)) - XceiverServerRatis d57ef6cc-857b-4c4f-ab3c-49c4eddebbaf is started using port 38535 for RATIS_ADMIN
2022-06-19 13:04:49,577 [EndpointStateMachine task thread for /0.0.0.0:36427 - 0 ] INFO  ratis.XceiverServerRatis (XceiverServerRatis.java:getRealPort(502)) - XceiverServerRatis d57ef6cc-857b-4c4f-ab3c-49c4eddebbaf is started using port 38535 for RATIS_SERVER
2022-06-19 13:04:49,578 [org.apache.ratis.util.JvmPauseMonitor$$Lambda$627/819749933@4786d2f4] INFO  util.JvmPauseMonitor (JvmPauseMonitor.java:run(103)) - JvmPauseMonitor-d57ef6cc-857b-4c4f-ab3c-49c4eddebbaf: Started
2022-06-19 13:04:49,586 [EndpointStateMachine task thread for /0.0.0.0:36427 - 0 ] INFO  server.XceiverServerGrpc (XceiverServerGrpc.java:start(180)) - XceiverServerGrpc d57ef6cc-857b-4c4f-ab3c-49c4eddebbaf is started using port 32823
2022-06-19 13:04:49,863 [Listener at 127.0.0.1/33959] INFO  ozone.MiniOzoneClusterImpl (MiniOzoneClusterImpl.java:lambda$waitForClusterToBeReady$0(221)) - Waiting for nodes to be ready. Got 0 of 5 DN Heartbeats.
2022-06-19 13:04:49,863 [Listener at 127.0.0.1/33959] INFO  ozone.MiniOzoneClusterImpl (MiniOzoneClusterImpl.java:lambda$waitForClusterToBeReady$0(224)) - Waiting for cluster to exit safe mode
2022-06-19 13:04:49,864 [Listener at 127.0.0.1/33959] INFO  ozone.MiniOzoneClusterImpl (MiniOzoneClusterImpl.java:lambda$waitForClusterToBeReady$0(226)) - SCM became leader
2022-06-19 13:04:49,999 [EndpointStateMachine task thread for /0.0.0.0:36427 - 0 ] INFO  volume.HddsVolume (HddsVolume.java:createDbStore(309)) - SchemaV3 db is created and loaded at /home/runner/work/ozone/ozone/hadoop-ozone/integration-test/target/test-dir/MiniOzoneClusterImpl-9f34b74b-d5f0-454e-a8cb-06b69a9d8d3b/datanode-1/data-0/containers/hdds/9f34b74b-d5f0-454e-a8cb-06b69a9d8d3b/DS-cbaaf774-dad8-41cb-acb6-449e01f47309/container.db for volume DS-cbaaf774-dad8-41cb-acb6-449e01f47309
2022-06-19 13:04:50,000 [EndpointStateMachine task thread for /0.0.0.0:36427 - 0 ] INFO  volume.HddsVolume (HddsVolume.java:closeDbStore(340)) - SchemaV3 db is stopped at /home/runner/work/ozone/ozone/hadoop-ozone/integration-test/target/test-dir/MiniOzoneClusterImpl-9f34b74b-d5f0-454e-a8cb-06b69a9d8d3b/datanode-1/data-0/containers/hdds/9f34b74b-d5f0-454e-a8cb-06b69a9d8d3b/DS-cbaaf774-dad8-41cb-acb6-449e01f47309/container.db for volume DS-cbaaf774-dad8-41cb-acb6-449e01f47309
2022-06-19 13:04:50,000 [EndpointStateMachine task thread for /0.0.0.0:36427 - 0 ] INFO  ozoneimpl.OzoneContainer (OzoneContainer.java:start(344)) - Attempting to start container services.
2022-06-19 13:04:50,000 [EndpointStateMachine task thread for /0.0.0.0:36427 - 0 ] INFO  ozoneimpl.OzoneContainer (OzoneContainer.java:startContainerScrub(279)) - Background container scanner has been disabled.
2022-06-19 13:04:50,001 [EndpointStateMachine task thread for /0.0.0.0:36427 - 0 ] INFO  replication.ReplicationServer (ReplicationServer.java:start(111)) - ReplicationServer is started using port 46005
2022-06-19 13:04:50,002 [EndpointStateMachine task thread for /0.0.0.0:36427 - 0 ] INFO  ratis.XceiverServerRatis (XceiverServerRatis.java:start(481)) - Starting XceiverServerRatis a1a795c4-f5a2-46b7-b5e4-aef7f82751b2
2022-06-19 13:04:50,003 [EndpointStateMachine task thread for /0.0.0.0:36427 - 0 ] INFO  server.RaftServer (RaftServerProxy.java:lambda$start$6(382)) - a1a795c4-f5a2-46b7-b5e4-aef7f82751b2: start RPC server
2022-06-19 13:04:50,004 [EndpointStateMachine task thread for /0.0.0.0:36427 - 0 ] INFO  server.GrpcService (GrpcService.java:startImpl(260)) - a1a795c4-f5a2-46b7-b5e4-aef7f82751b2: GrpcService started, listening on 34871
2022-06-19 13:04:50,004 [EndpointStateMachine task thread for /0.0.0.0:36427 - 0 ] INFO  ratis.XceiverServerRatis (XceiverServerRatis.java:getRealPort(502)) - XceiverServerRatis a1a795c4-f5a2-46b7-b5e4-aef7f82751b2 is started using port 34871 for RATIS
2022-06-19 13:04:50,004 [EndpointStateMachine task thread for /0.0.0.0:36427 - 0 ] INFO  ratis.XceiverServerRatis (XceiverServerRatis.java:getRealPort(502)) - XceiverServerRatis a1a795c4-f5a2-46b7-b5e4-aef7f82751b2 is started using port 34871 for RATIS_ADMIN
2022-06-19 13:04:50,005 [EndpointStateMachine task thread for /0.0.0.0:36427 - 0 ] INFO  ratis.XceiverServerRatis (XceiverServerRatis.java:getRealPort(502)) - XceiverServerRatis a1a795c4-f5a2-46b7-b5e4-aef7f82751b2 is started using port 34871 for RATIS_SERVER
2022-06-19 13:04:50,005 [org.apache.ratis.util.JvmPauseMonitor$$Lambda$627/819749933@5f204778] INFO  util.JvmPauseMonitor (JvmPauseMonitor.java:run(103)) - JvmPauseMonitor-a1a795c4-f5a2-46b7-b5e4-aef7f82751b2: Started
2022-06-19 13:04:50,006 [EndpointStateMachine task thread for /0.0.0.0:36427 - 0 ] INFO  server.XceiverServerGrpc (XceiverServerGrpc.java:start(180)) - XceiverServerGrpc a1a795c4-f5a2-46b7-b5e4-aef7f82751b2 is started using port 40083
2022-06-19 13:04:50,301 [EndpointStateMachine task thread for /0.0.0.0:36427 - 0 ] INFO  volume.HddsVolume (HddsVolume.java:createDbStore(309)) - SchemaV3 db is created and loaded at /home/runner/work/ozone/ozone/hadoop-ozone/integration-test/target/test-dir/MiniOzoneClusterImpl-9f34b74b-d5f0-454e-a8cb-06b69a9d8d3b/datanode-2/data-0/containers/hdds/9f34b74b-d5f0-454e-a8cb-06b69a9d8d3b/DS-3ec034a2-ca2b-4867-93de-9c0425664bae/container.db for volume DS-3ec034a2-ca2b-4867-93de-9c0425664bae
2022-06-19 13:04:50,302 [EndpointStateMachine task thread for /0.0.0.0:36427 - 0 ] INFO  volume.HddsVolume (HddsVolume.java:closeDbStore(340)) - SchemaV3 db is stopped at /home/runner/work/ozone/ozone/hadoop-ozone/integration-test/target/test-dir/MiniOzoneClusterImpl-9f34b74b-d5f0-454e-a8cb-06b69a9d8d3b/datanode-2/data-0/containers/hdds/9f34b74b-d5f0-454e-a8cb-06b69a9d8d3b/DS-3ec034a2-ca2b-4867-93de-9c0425664bae/container.db for volume DS-3ec034a2-ca2b-4867-93de-9c0425664bae
2022-06-19 13:04:50,302 [EndpointStateMachine task thread for /0.0.0.0:36427 - 0 ] INFO  ozoneimpl.OzoneContainer (OzoneContainer.java:start(344)) - Attempting to start container services.
2022-06-19 13:04:50,302 [EndpointStateMachine task thread for /0.0.0.0:36427 - 0 ] INFO  ozoneimpl.OzoneContainer (OzoneContainer.java:startContainerScrub(279)) - Background container scanner has been disabled.
2022-06-19 13:04:50,304 [EndpointStateMachine task thread for /0.0.0.0:36427 - 0 ] INFO  replication.ReplicationServer (ReplicationServer.java:start(111)) - ReplicationServer is started using port 44271
2022-06-19 13:04:50,304 [EndpointStateMachine task thread for /0.0.0.0:36427 - 0 ] INFO  ratis.XceiverServerRatis (XceiverServerRatis.java:start(481)) - Starting XceiverServerRatis 3336e988-a1cc-4f09-b2d1-22a9863ee945
2022-06-19 13:04:50,305 [EndpointStateMachine task thread for /0.0.0.0:36427 - 0 ] INFO  server.RaftServer (RaftServerProxy.java:lambda$start$6(382)) - 3336e988-a1cc-4f09-b2d1-22a9863ee945: start RPC server
2022-06-19 13:04:50,306 [EndpointStateMachine task thread for /0.0.0.0:36427 - 0 ] INFO  server.GrpcService (GrpcService.java:startImpl(260)) - 3336e988-a1cc-4f09-b2d1-22a9863ee945: GrpcService started, listening on 37777
2022-06-19 13:04:50,306 [EndpointStateMachine task thread for /0.0.0.0:36427 - 0 ] INFO  ratis.XceiverServerRatis (XceiverServerRatis.java:getRealPort(502)) - XceiverServerRatis 3336e988-a1cc-4f09-b2d1-22a9863ee945 is started using port 37777 for RATIS
2022-06-19 13:04:50,306 [EndpointStateMachine task thread for /0.0.0.0:36427 - 0 ] INFO  ratis.XceiverServerRatis (XceiverServerRatis.java:getRealPort(502)) - XceiverServerRatis 3336e988-a1cc-4f09-b2d1-22a9863ee945 is started using port 37777 for RATIS_ADMIN
2022-06-19 13:04:50,306 [EndpointStateMachine task thread for /0.0.0.0:36427 - 0 ] INFO  ratis.XceiverServerRatis (XceiverServerRatis.java:getRealPort(502)) - XceiverServerRatis 3336e988-a1cc-4f09-b2d1-22a9863ee945 is started using port 37777 for RATIS_SERVER
2022-06-19 13:04:50,307 [org.apache.ratis.util.JvmPauseMonitor$$Lambda$627/819749933@498cc8e6] INFO  util.JvmPauseMonitor (JvmPauseMonitor.java:run(103)) - JvmPauseMonitor-3336e988-a1cc-4f09-b2d1-22a9863ee945: Started
2022-06-19 13:04:50,311 [EndpointStateMachine task thread for /0.0.0.0:36427 - 0 ] INFO  server.XceiverServerGrpc (XceiverServerGrpc.java:start(180)) - XceiverServerGrpc 3336e988-a1cc-4f09-b2d1-22a9863ee945 is started using port 42101
2022-06-19 13:04:50,617 [EndpointStateMachine task thread for /0.0.0.0:36427 - 0 ] INFO  volume.HddsVolume (HddsVolume.java:createDbStore(309)) - SchemaV3 db is created and loaded at /home/runner/work/ozone/ozone/hadoop-ozone/integration-test/target/test-dir/MiniOzoneClusterImpl-9f34b74b-d5f0-454e-a8cb-06b69a9d8d3b/datanode-3/data-0/containers/hdds/9f34b74b-d5f0-454e-a8cb-06b69a9d8d3b/DS-fad92ca7-f290-47f3-bcc8-fe5b68dc6468/container.db for volume DS-fad92ca7-f290-47f3-bcc8-fe5b68dc6468
2022-06-19 13:04:50,618 [EndpointStateMachine task thread for /0.0.0.0:36427 - 0 ] INFO  volume.HddsVolume (HddsVolume.java:closeDbStore(340)) - SchemaV3 db is stopped at /home/runner/work/ozone/ozone/hadoop-ozone/integration-test/target/test-dir/MiniOzoneClusterImpl-9f34b74b-d5f0-454e-a8cb-06b69a9d8d3b/datanode-3/data-0/containers/hdds/9f34b74b-d5f0-454e-a8cb-06b69a9d8d3b/DS-fad92ca7-f290-47f3-bcc8-fe5b68dc6468/container.db for volume DS-fad92ca7-f290-47f3-bcc8-fe5b68dc6468
2022-06-19 13:04:50,618 [EndpointStateMachine task thread for /0.0.0.0:36427 - 0 ] INFO  ozoneimpl.OzoneContainer (OzoneContainer.java:start(344)) - Attempting to start container services.
2022-06-19 13:04:50,618 [EndpointStateMachine task thread for /0.0.0.0:36427 - 0 ] INFO  ozoneimpl.OzoneContainer (OzoneContainer.java:startContainerScrub(279)) - Background container scanner has been disabled.
2022-06-19 13:04:50,621 [EndpointStateMachine task thread for /0.0.0.0:36427 - 0 ] INFO  replication.ReplicationServer (ReplicationServer.java:start(111)) - ReplicationServer is started using port 42983
2022-06-19 13:04:50,622 [EndpointStateMachine task thread for /0.0.0.0:36427 - 0 ] INFO  ratis.XceiverServerRatis (XceiverServerRatis.java:start(481)) - Starting XceiverServerRatis 62dec303-d7b7-4d93-94d6-85b7019bab29
2022-06-19 13:04:50,623 [EndpointStateMachine task thread for /0.0.0.0:36427 - 0 ] INFO  server.RaftServer (RaftServerProxy.java:lambda$start$6(382)) - 62dec303-d7b7-4d93-94d6-85b7019bab29: start RPC server
2022-06-19 13:04:50,625 [EndpointStateMachine task thread for /0.0.0.0:36427 - 0 ] INFO  server.GrpcService (GrpcService.java:startImpl(260)) - 62dec303-d7b7-4d93-94d6-85b7019bab29: GrpcService started, listening on 35789
2022-06-19 13:04:50,625 [EndpointStateMachine task thread for /0.0.0.0:36427 - 0 ] INFO  ratis.XceiverServerRatis (XceiverServerRatis.java:getRealPort(502)) - XceiverServerRatis 62dec303-d7b7-4d93-94d6-85b7019bab29 is started using port 35789 for RATIS
2022-06-19 13:04:50,625 [EndpointStateMachine task thread for /0.0.0.0:36427 - 0 ] INFO  ratis.XceiverServerRatis (XceiverServerRatis.java:getRealPort(502)) - XceiverServerRatis 62dec303-d7b7-4d93-94d6-85b7019bab29 is started using port 35789 for RATIS_ADMIN
2022-06-19 13:04:50,625 [EndpointStateMachine task thread for /0.0.0.0:36427 - 0 ] INFO  ratis.XceiverServerRatis (XceiverServerRatis.java:getRealPort(502)) - XceiverServerRatis 62dec303-d7b7-4d93-94d6-85b7019bab29 is started using port 35789 for RATIS_SERVER
2022-06-19 13:04:50,626 [org.apache.ratis.util.JvmPauseMonitor$$Lambda$627/819749933@7e894deb] INFO  util.JvmPauseMonitor (JvmPauseMonitor.java:run(103)) - JvmPauseMonitor-62dec303-d7b7-4d93-94d6-85b7019bab29: Started
2022-06-19 13:04:50,627 [EndpointStateMachine task thread for /0.0.0.0:36427 - 0 ] INFO  server.XceiverServerGrpc (XceiverServerGrpc.java:start(180)) - XceiverServerGrpc 62dec303-d7b7-4d93-94d6-85b7019bab29 is started using port 40463
2022-06-19 13:04:50,864 [Listener at 127.0.0.1/33959] INFO  ozone.MiniOzoneClusterImpl (MiniOzoneClusterImpl.java:lambda$waitForClusterToBeReady$0(221)) - Waiting for nodes to be ready. Got 0 of 5 DN Heartbeats.
2022-06-19 13:04:50,864 [Listener at 127.0.0.1/33959] INFO  ozone.MiniOzoneClusterImpl (MiniOzoneClusterImpl.java:lambda$waitForClusterToBeReady$0(224)) - Waiting for cluster to exit safe mode
2022-06-19 13:04:50,864 [Listener at 127.0.0.1/33959] INFO  ozone.MiniOzoneClusterImpl (MiniOzoneClusterImpl.java:lambda$waitForClusterToBeReady$0(226)) - SCM became leader
2022-06-19 13:04:50,898 [EndpointStateMachine task thread for /0.0.0.0:36427 - 0 ] INFO  volume.HddsVolume (HddsVolume.java:createDbStore(309)) - SchemaV3 db is created and loaded at /home/runner/work/ozone/ozone/hadoop-ozone/integration-test/target/test-dir/MiniOzoneClusterImpl-9f34b74b-d5f0-454e-a8cb-06b69a9d8d3b/datanode-4/data-0/containers/hdds/9f34b74b-d5f0-454e-a8cb-06b69a9d8d3b/DS-4c4efd4e-4c46-4080-82bc-6df07a8ce6f0/container.db for volume DS-4c4efd4e-4c46-4080-82bc-6df07a8ce6f0
2022-06-19 13:04:50,899 [EndpointStateMachine task thread for /0.0.0.0:36427 - 0 ] INFO  volume.HddsVolume (HddsVolume.java:closeDbStore(340)) - SchemaV3 db is stopped at /home/runner/work/ozone/ozone/hadoop-ozone/integration-test/target/test-dir/MiniOzoneClusterImpl-9f34b74b-d5f0-454e-a8cb-06b69a9d8d3b/datanode-4/data-0/containers/hdds/9f34b74b-d5f0-454e-a8cb-06b69a9d8d3b/DS-4c4efd4e-4c46-4080-82bc-6df07a8ce6f0/container.db for volume DS-4c4efd4e-4c46-4080-82bc-6df07a8ce6f0
2022-06-19 13:04:50,899 [EndpointStateMachine task thread for /0.0.0.0:36427 - 0 ] INFO  ozoneimpl.OzoneContainer (OzoneContainer.java:start(344)) - Attempting to start container services.
2022-06-19 13:04:50,899 [EndpointStateMachine task thread for /0.0.0.0:36427 - 0 ] INFO  ozoneimpl.OzoneContainer (OzoneContainer.java:startContainerScrub(279)) - Background container scanner has been disabled.
2022-06-19 13:04:50,901 [EndpointStateMachine task thread for /0.0.0.0:36427 - 0 ] INFO  replication.ReplicationServer (ReplicationServer.java:start(111)) - ReplicationServer is started using port 36433
2022-06-19 13:04:50,902 [EndpointStateMachine task thread for /0.0.0.0:36427 - 0 ] INFO  ratis.XceiverServerRatis (XceiverServerRatis.java:start(481)) - Starting XceiverServerRatis 32ed00d5-15dd-4dbd-8016-698f8e5f4c3f
2022-06-19 13:04:50,902 [EndpointStateMachine task thread for /0.0.0.0:36427 - 0 ] INFO  server.RaftServer (RaftServerProxy.java:lambda$start$6(382)) - 32ed00d5-15dd-4dbd-8016-698f8e5f4c3f: start RPC server
2022-06-19 13:04:50,905 [EndpointStateMachine task thread for /0.0.0.0:36427 - 0 ] INFO  server.GrpcService (GrpcService.java:startImpl(260)) - 32ed00d5-15dd-4dbd-8016-698f8e5f4c3f: GrpcService started, listening on 45569
2022-06-19 13:04:50,905 [EndpointStateMachine task thread for /0.0.0.0:36427 - 0 ] INFO  ratis.XceiverServerRatis (XceiverServerRatis.java:getRealPort(502)) - XceiverServerRatis 32ed00d5-15dd-4dbd-8016-698f8e5f4c3f is started using port 45569 for RATIS
2022-06-19 13:04:50,905 [EndpointStateMachine task thread for /0.0.0.0:36427 - 0 ] INFO  ratis.XceiverServerRatis (XceiverServerRatis.java:getRealPort(502)) - XceiverServerRatis 32ed00d5-15dd-4dbd-8016-698f8e5f4c3f is started using port 45569 for RATIS_ADMIN
2022-06-19 13:04:50,905 [EndpointStateMachine task thread for /0.0.0.0:36427 - 0 ] INFO  ratis.XceiverServerRatis (XceiverServerRatis.java:getRealPort(502)) - XceiverServerRatis 32ed00d5-15dd-4dbd-8016-698f8e5f4c3f is started using port 45569 for RATIS_SERVER
2022-06-19 13:04:50,906 [org.apache.ratis.util.JvmPauseMonitor$$Lambda$627/819749933@7ee042d] INFO  util.JvmPauseMonitor (JvmPauseMonitor.java:run(103)) - JvmPauseMonitor-32ed00d5-15dd-4dbd-8016-698f8e5f4c3f: Started
2022-06-19 13:04:50,909 [EndpointStateMachine task thread for /0.0.0.0:36427 - 0 ] INFO  server.XceiverServerGrpc (XceiverServerGrpc.java:start(180)) - XceiverServerGrpc 32ed00d5-15dd-4dbd-8016-698f8e5f4c3f is started using port 46191
2022-06-19 13:04:51,488 [IPC Server handler 0 on default port 36427] INFO  net.NetworkTopologyImpl (NetworkTopologyImpl.java:add(112)) - Added a new node: /default-rack/d57ef6cc-857b-4c4f-ab3c-49c4eddebbaf
2022-06-19 13:04:51,490 [IPC Server handler 0 on default port 36427] INFO  node.SCMNodeManager (SCMNodeManager.java:register(394)) - Registered Data node : d57ef6cc-857b-4c4f-ab3c-49c4eddebbaf{ip: 10.1.0.4, host: fv-az58-449.32bp4kehjaiexiom31oljkjdjg.cx.internal.cloudapp.net, ports: [REPLICATION=46703, RATIS=38535, RATIS_ADMIN=38535, RATIS_SERVER=38535, STANDALONE=32823], networkLocation: /default-rack, certSerialId: null, persistedOpState: null, persistedOpStateExpiryEpochSec: 0}
2022-06-19 13:04:51,499 [EventQueue-NewNodeForNewNodeHandler] INFO  pipeline.BackgroundPipelineCreator (BackgroundPipelineCreator.java:notifyEventTriggered(272)) - trigger a one-shot run on RatisPipelineUtilsThread.
2022-06-19 13:04:51,510 [RatisPipelineUtilsThread - 0] INFO  pipeline.RatisPipelineProvider (RatisPipelineProvider.java:lambda$create$0(195)) - Sending CreatePipelineCommand for pipeline:PipelineID=7841a45e-4f39-4847-b490-6724c927785b to datanode:d57ef6cc-857b-4c4f-ab3c-49c4eddebbaf
2022-06-19 13:04:51,510 [EventQueue-NodeRegistrationContainerReportForContainerSafeModeRule] INFO  safemode.SCMSafeModeManager (SCMSafeModeManager.java:validateSafeModeExitRules(204)) - ContainerSafeModeRule rule is successfully validated
2022-06-19 13:04:51,511 [EventQueue-NodeRegistrationContainerReportForDataNodeSafeModeRule] INFO  safemode.SCMSafeModeManager (DataNodeSafeModeRule.java:process(71)) - SCM in safe mode. 1 DataNodes registered, 3 required.
2022-06-19 13:04:51,511 [EventQueue-PipelineReportForOneReplicaPipelineSafeModeRule] INFO  safemode.SCMSafeModeManager (SCMSafeModeManager.java:validateSafeModeExitRules(204)) - AtleastOneDatanodeReportedRule rule is successfully validated
2022-06-19 13:04:51,523 [RatisPipelineUtilsThread - 0] INFO  pipeline.PipelineStateManagerImpl (PipelineStateManagerImpl.java:addPipeline(101)) - Created pipeline Pipeline[ Id: 7841a45e-4f39-4847-b490-6724c927785b, Nodes: d57ef6cc-857b-4c4f-ab3c-49c4eddebbaf{ip: 10.1.0.4, host: fv-az58-449.32bp4kehjaiexiom31oljkjdjg.cx.internal.cloudapp.net, ports: [REPLICATION=46703, RATIS=38535, RATIS_ADMIN=38535, RATIS_SERVER=38535, STANDALONE=32823], networkLocation: /default-rack, certSerialId: null, persistedOpState: IN_SERVICE, persistedOpStateExpiryEpochSec: 0}, ReplicationConfig: RATIS/ONE, State:ALLOCATED, leaderId:, CreationTimestamp2022-06-19T13:04:51.505Z[Etc/UTC]].
2022-06-19 13:04:51,865 [Listener at 127.0.0.1/33959] INFO  ozone.MiniOzoneClusterImpl (MiniOzoneClusterImpl.java:lambda$waitForClusterToBeReady$0(221)) - Waiting for nodes to be ready. Got 1 of 5 DN Heartbeats.
2022-06-19 13:04:51,865 [Listener at 127.0.0.1/33959] INFO  ozone.MiniOzoneClusterImpl (MiniOzoneClusterImpl.java:lambda$waitForClusterToBeReady$0(224)) - Waiting for cluster to exit safe mode
2022-06-19 13:04:51,865 [Listener at 127.0.0.1/33959] INFO  ozone.MiniOzoneClusterImpl (MiniOzoneClusterImpl.java:lambda$waitForClusterToBeReady$0(226)) - SCM became leader
2022-06-19 13:04:51,970 [IPC Server handler 3 on default port 36427] INFO  net.NetworkTopologyImpl (NetworkTopologyImpl.java:add(112)) - Added a new node: /default-rack/a1a795c4-f5a2-46b7-b5e4-aef7f82751b2
2022-06-19 13:04:51,971 [IPC Server handler 3 on default port 36427] INFO  node.SCMNodeManager (SCMNodeManager.java:register(394)) - Registered Data node : a1a795c4-f5a2-46b7-b5e4-aef7f82751b2{ip: 10.1.0.4, host: fv-az58-449.32bp4kehjaiexiom31oljkjdjg.cx.internal.cloudapp.net, ports: [REPLICATION=46005, RATIS=34871, RATIS_ADMIN=34871, RATIS_SERVER=34871, STANDALONE=40083], networkLocation: /default-rack, certSerialId: null, persistedOpState: null, persistedOpStateExpiryEpochSec: 0}
2022-06-19 13:04:51,971 [EventQueue-NewNodeForNewNodeHandler] INFO  pipeline.BackgroundPipelineCreator (BackgroundPipelineCreator.java:notifyEventTriggered(272)) - trigger a one-shot run on RatisPipelineUtilsThread.
2022-06-19 13:04:51,972 [EventQueue-NodeRegistrationContainerReportForDataNodeSafeModeRule] INFO  safemode.SCMSafeModeManager (DataNodeSafeModeRule.java:process(71)) - SCM in safe mode. 2 DataNodes registered, 3 required.
2022-06-19 13:04:51,974 [RatisPipelineUtilsThread - 0] INFO  pipeline.RatisPipelineProvider (RatisPipelineProvider.java:lambda$create$0(195)) - Sending CreatePipelineCommand for pipeline:PipelineID=68a11c86-8872-4edf-8917-247e35d136fd to datanode:a1a795c4-f5a2-46b7-b5e4-aef7f82751b2
2022-06-19 13:04:51,974 [RatisPipelineUtilsThread - 0] INFO  pipeline.PipelineStateManagerImpl (PipelineStateManagerImpl.java:addPipeline(101)) - Created pipeline Pipeline[ Id: 68a11c86-8872-4edf-8917-247e35d136fd, Nodes: a1a795c4-f5a2-46b7-b5e4-aef7f82751b2{ip: 10.1.0.4, host: fv-az58-449.32bp4kehjaiexiom31oljkjdjg.cx.internal.cloudapp.net, ports: [REPLICATION=46005, RATIS=34871, RATIS_ADMIN=34871, RATIS_SERVER=34871, STANDALONE=40083], networkLocation: /default-rack, certSerialId: null, persistedOpState: IN_SERVICE, persistedOpStateExpiryEpochSec: 0}, ReplicationConfig: RATIS/ONE, State:ALLOCATED, leaderId:, CreationTimestamp2022-06-19T13:04:51.973Z[Etc/UTC]].
2022-06-19 13:04:52,273 [IPC Server handler 0 on default port 36427] INFO  net.NetworkTopologyImpl (NetworkTopologyImpl.java:add(112)) - Added a new node: /default-rack/3336e988-a1cc-4f09-b2d1-22a9863ee945
2022-06-19 13:04:52,274 [IPC Server handler 0 on default port 36427] INFO  node.SCMNodeManager (SCMNodeManager.java:register(394)) - Registered Data node : 3336e988-a1cc-4f09-b2d1-22a9863ee945{ip: 10.1.0.4, host: fv-az58-449.32bp4kehjaiexiom31oljkjdjg.cx.internal.cloudapp.net, ports: [REPLICATION=44271, RATIS=37777, RATIS_ADMIN=37777, RATIS_SERVER=37777, STANDALONE=42101], networkLocation: /default-rack, certSerialId: null, persistedOpState: null, persistedOpStateExpiryEpochSec: 0}
2022-06-19 13:04:52,274 [EventQueue-NewNodeForNewNodeHandler] INFO  pipeline.BackgroundPipelineCreator (BackgroundPipelineCreator.java:notifyEventTriggered(272)) - trigger a one-shot run on RatisPipelineUtilsThread.
2022-06-19 13:04:52,275 [RatisPipelineUtilsThread - 0] INFO  pipeline.RatisPipelineProvider (RatisPipelineProvider.java:lambda$create$0(195)) - Sending CreatePipelineCommand for pipeline:PipelineID=6e2c370d-3d7e-4933-a91d-0ea6e9bd2da0 to datanode:3336e988-a1cc-4f09-b2d1-22a9863ee945
2022-06-19 13:04:52,275 [EventQueue-NodeRegistrationContainerReportForDataNodeSafeModeRule] INFO  safemode.SCMSafeModeManager (DataNodeSafeModeRule.java:process(71)) - SCM in safe mode. 3 DataNodes registered, 3 required.
2022-06-19 13:04:52,275 [EventQueue-NodeRegistrationContainerReportForDataNodeSafeModeRule] INFO  safemode.SCMSafeModeManager (SCMSafeModeManager.java:validateSafeModeExitRules(204)) - DataNodeSafeModeRule rule is successfully validated
2022-06-19 13:04:52,276 [RatisPipelineUtilsThread - 0] INFO  pipeline.PipelineStateManagerImpl (PipelineStateManagerImpl.java:addPipeline(101)) - Created pipeline Pipeline[ Id: 6e2c370d-3d7e-4933-a91d-0ea6e9bd2da0, Nodes: 3336e988-a1cc-4f09-b2d1-22a9863ee945{ip: 10.1.0.4, host: fv-az58-449.32bp4kehjaiexiom31oljkjdjg.cx.internal.cloudapp.net, ports: [REPLICATION=44271, RATIS=37777, RATIS_ADMIN=37777, RATIS_SERVER=37777, STANDALONE=42101], networkLocation: /default-rack, certSerialId: null, persistedOpState: IN_SERVICE, persistedOpStateExpiryEpochSec: 0}, ReplicationConfig: RATIS/ONE, State:ALLOCATED, leaderId:, CreationTimestamp2022-06-19T13:04:52.275Z[Etc/UTC]].
2022-06-19 13:04:52,276 [EventQueue-NodeRegistrationContainerReportForDataNodeSafeModeRule] INFO  safemode.SCMSafeModeManager (SCMSafeModeManager.java:completePreCheck(233)) - All SCM safe mode pre check rules have passed
2022-06-19 13:04:52,276 [EventQueue-NodeRegistrationContainerReportForDataNodeSafeModeRule] WARN  events.EventQueue (EventQueue.java:fireEvent(194)) - No event handler registered for event TypedEvent{payloadType=SafeModeStatus, name='Safe mode status'}
2022-06-19 13:04:52,276 [EventQueue-NodeRegistrationContainerReportForDataNodeSafeModeRule] INFO  ha.SCMContext (SCMContext.java:updateSafeModeStatus(228)) - Update SafeModeStatus from SafeModeStatus{safeModeStatus=true, preCheckPassed=false} to SafeModeStatus{safeModeStatus=true, preCheckPassed=true}.
2022-06-19 13:04:52,276 [EventQueue-NodeRegistrationContainerReportForDataNodeSafeModeRule] INFO  pipeline.BackgroundPipelineCreator (BackgroundPipelineCreator.java:notifyEventTriggered(272)) - trigger a one-shot run on RatisPipelineUtilsThread.
2022-06-19 13:04:52,280 [RatisPipelineUtilsThread - 0] INFO  pipeline.RatisPipelineProvider (RatisPipelineProvider.java:lambda$create$0(195)) - Sending CreatePipelineCommand for pipeline:PipelineID=df729f6f-e340-4004-8212-b66f265a3155 to datanode:d57ef6cc-857b-4c4f-ab3c-49c4eddebbaf
2022-06-19 13:04:52,280 [RatisPipelineUtilsThread - 0] INFO  pipeline.RatisPipelineProvider (RatisPipelineProvider.java:lambda$create$0(195)) - Sending CreatePipelineCommand for pipeline:PipelineID=df729f6f-e340-4004-8212-b66f265a3155 to datanode:3336e988-a1cc-4f09-b2d1-22a9863ee945
2022-06-19 13:04:52,280 [RatisPipelineUtilsThread - 0] INFO  pipeline.RatisPipelineProvider (RatisPipelineProvider.java:lambda$create$0(195)) - Sending CreatePipelineCommand for pipeline:PipelineID=df729f6f-e340-4004-8212-b66f265a3155 to datanode:a1a795c4-f5a2-46b7-b5e4-aef7f82751b2
2022-06-19 13:04:52,281 [RatisPipelineUtilsThread - 0] INFO  pipeline.PipelineStateManagerImpl (PipelineStateManagerImpl.java:addPipeline(101)) - Created pipeline Pipeline[ Id: df729f6f-e340-4004-8212-b66f265a3155, Nodes: d57ef6cc-857b-4c4f-ab3c-49c4eddebbaf{ip: 10.1.0.4, host: fv-az58-449.32bp4kehjaiexiom31oljkjdjg.cx.internal.cloudapp.net, ports: [REPLICATION=46703, RATIS=38535, RATIS_ADMIN=38535, RATIS_SERVER=38535, STANDALONE=32823], networkLocation: /default-rack, certSerialId: null, persistedOpState: IN_SERVICE, persistedOpStateExpiryEpochSec: 0}3336e988-a1cc-4f09-b2d1-22a9863ee945{ip: 10.1.0.4, host: fv-az58-449.32bp4kehjaiexiom31oljkjdjg.cx.internal.cloudapp.net, ports: [REPLICATION=44271, RATIS=37777, RATIS_ADMIN=37777, RATIS_SERVER=37777, STANDALONE=42101], networkLocation: /default-rack, certSerialId: null, persistedOpState: IN_SERVICE, persistedOpStateExpiryEpochSec: 0}a1a795c4-f5a2-46b7-b5e4-aef7f82751b2{ip: 10.1.0.4, host: fv-az58-449.32bp4kehjaiexiom31oljkjdjg.cx.internal.cloudapp.net, ports: [REPLICATION=46005, RATIS=34871, RATIS_ADMIN=34871, RATIS_SERVER=34871, STANDALONE=40083], networkLocation: /default-rack, certSerialId: null, persistedOpState: IN_SERVICE, persistedOpStateExpiryEpochSec: 0}, ReplicationConfig: RATIS/THREE, State:ALLOCATED, leaderId:, CreationTimestamp2022-06-19T13:04:52.279Z[Etc/UTC]].
2022-06-19 13:04:52,282 [RatisPipelineUtilsThread - 0] INFO  pipeline.RatisPipelineProvider (RatisPipelineProvider.java:lambda$create$0(195)) - Sending CreatePipelineCommand for pipeline:PipelineID=734119a6-1274-4adc-a312-83b20a47feca to datanode:d57ef6cc-857b-4c4f-ab3c-49c4eddebbaf
2022-06-19 13:04:52,282 [RatisPipelineUtilsThread - 0] INFO  pipeline.RatisPipelineProvider (RatisPipelineProvider.java:lambda$create$0(195)) - Sending CreatePipelineCommand for pipeline:PipelineID=734119a6-1274-4adc-a312-83b20a47feca to datanode:3336e988-a1cc-4f09-b2d1-22a9863ee945
2022-06-19 13:04:52,283 [RatisPipelineUtilsThread - 0] INFO  pipeline.RatisPipelineProvider (RatisPipelineProvider.java:lambda$create$0(195)) - Sending CreatePipelineCommand for pipeline:PipelineID=734119a6-1274-4adc-a312-83b20a47feca to datanode:a1a795c4-f5a2-46b7-b5e4-aef7f82751b2
2022-06-19 13:04:52,283 [RatisPipelineUtilsThread - 0] INFO  pipeline.PipelineStateManagerImpl (PipelineStateManagerImpl.java:addPipeline(101)) - Created pipeline Pipeline[ Id: 734119a6-1274-4adc-a312-83b20a47feca, Nodes: d57ef6cc-857b-4c4f-ab3c-49c4eddebbaf{ip: 10.1.0.4, host: fv-az58-449.32bp4kehjaiexiom31oljkjdjg.cx.internal.cloudapp.net, ports: [REPLICATION=46703, RATIS=38535, RATIS_ADMIN=38535, RATIS_SERVER=38535, STANDALONE=32823], networkLocation: /default-rack, certSerialId: null, persistedOpState: IN_SERVICE, persistedOpStateExpiryEpochSec: 0}3336e988-a1cc-4f09-b2d1-22a9863ee945{ip: 10.1.0.4, host: fv-az58-449.32bp4kehjaiexiom31oljkjdjg.cx.internal.cloudapp.net, ports: [REPLICATION=44271, RATIS=37777, RATIS_ADMIN=37777, RATIS_SERVER=37777, STANDALONE=42101], networkLocation: /default-rack, certSerialId: null, persistedOpState: IN_SERVICE, persistedOpStateExpiryEpochSec: 0}a1a795c4-f5a2-46b7-b5e4-aef7f82751b2{ip: 10.1.0.4, host: fv-az58-449.32bp4kehjaiexiom31oljkjdjg.cx.internal.cloudapp.net, ports: [REPLICATION=46005, RATIS=34871, RATIS_ADMIN=34871, RATIS_SERVER=34871, STANDALONE=40083], networkLocation: /default-rack, certSerialId: null, persistedOpState: IN_SERVICE, persistedOpStateExpiryEpochSec: 0}, ReplicationConfig: RATIS/THREE, State:ALLOCATED, leaderId:, CreationTimestamp2022-06-19T13:04:52.282Z[Etc/UTC]].
2022-06-19 13:04:52,284 [RatisPipelineUtilsThread - 0] INFO  pipeline.PipelineManagerImpl (PipelineManagerImpl.java:recordMetricsForPipeline(715)) - Pipeline: PipelineID=734119a6-1274-4adc-a312-83b20a47feca contains same datanodes as previous pipelines: PipelineID=df729f6f-e340-4004-8212-b66f265a3155 nodeIds: d57ef6cc-857b-4c4f-ab3c-49c4eddebbaf, 3336e988-a1cc-4f09-b2d1-22a9863ee945, a1a795c4-f5a2-46b7-b5e4-aef7f82751b2
2022-06-19 13:04:52,588 [IPC Server handler 1 on default port 36427] INFO  net.NetworkTopologyImpl (NetworkTopologyImpl.java:add(112)) - Added a new node: /default-rack/62dec303-d7b7-4d93-94d6-85b7019bab29
2022-06-19 13:04:52,588 [IPC Server handler 1 on default port 36427] INFO  node.SCMNodeManager (SCMNodeManager.java:register(394)) - Registered Data node : 62dec303-d7b7-4d93-94d6-85b7019bab29{ip: 10.1.0.4, host: fv-az58-449.32bp4kehjaiexiom31oljkjdjg.cx.internal.cloudapp.net, ports: [REPLICATION=42983, RATIS=35789, RATIS_ADMIN=35789, RATIS_SERVER=35789, STANDALONE=40463], networkLocation: /default-rack, certSerialId: null, persistedOpState: null, persistedOpStateExpiryEpochSec: 0}
2022-06-19 13:04:52,589 [EventQueue-NewNodeForNewNodeHandler] INFO  pipeline.BackgroundPipelineCreator (BackgroundPipelineCreator.java:notifyEventTriggered(272)) - trigger a one-shot run on RatisPipelineUtilsThread.
2022-06-19 13:04:52,589 [RatisPipelineUtilsThread - 0] INFO  pipeline.RatisPipelineProvider (RatisPipelineProvider.java:lambda$create$0(195)) - Sending CreatePipelineCommand for pipeline:PipelineID=bf3aa285-ebad-497b-b5cb-0dca32802063 to datanode:62dec303-d7b7-4d93-94d6-85b7019bab29
2022-06-19 13:04:52,590 [RatisPipelineUtilsThread - 0] INFO  pipeline.PipelineStateManagerImpl (PipelineStateManagerImpl.java:addPipeline(101)) - Created pipeline Pipeline[ Id: bf3aa285-ebad-497b-b5cb-0dca32802063, Nodes: 62dec303-d7b7-4d93-94d6-85b7019bab29{ip: 10.1.0.4, host: fv-az58-449.32bp4kehjaiexiom31oljkjdjg.cx.internal.cloudapp.net, ports: [REPLICATION=42983, RATIS=35789, RATIS_ADMIN=35789, RATIS_SERVER=35789, STANDALONE=40463], networkLocation: /default-rack, certSerialId: null, persistedOpState: IN_SERVICE, persistedOpStateExpiryEpochSec: 0}, ReplicationConfig: RATIS/ONE, State:ALLOCATED, leaderId:, CreationTimestamp2022-06-19T13:04:52.589Z[Etc/UTC]].
2022-06-19 13:04:52,865 [Listener at 127.0.0.1/33959] INFO  ozone.MiniOzoneClusterImpl (MiniOzoneClusterImpl.java:lambda$waitForClusterToBeReady$0(221)) - Waiting for nodes to be ready. Got 4 of 5 DN Heartbeats.
2022-06-19 13:04:52,866 [Listener at 127.0.0.1/33959] INFO  ozone.MiniOzoneClusterImpl (MiniOzoneClusterImpl.java:lambda$waitForClusterToBeReady$0(224)) - Waiting for cluster to exit safe mode
2022-06-19 13:04:52,866 [Listener at 127.0.0.1/33959] INFO  ozone.MiniOzoneClusterImpl (MiniOzoneClusterImpl.java:lambda$waitForClusterToBeReady$0(226)) - SCM became leader
2022-06-19 13:04:52,871 [IPC Server handler 2 on default port 36427] INFO  net.NetworkTopologyImpl (NetworkTopologyImpl.java:add(112)) - Added a new node: /default-rack/32ed00d5-15dd-4dbd-8016-698f8e5f4c3f
2022-06-19 13:04:52,872 [IPC Server handler 2 on default port 36427] INFO  node.SCMNodeManager (SCMNodeManager.java:register(394)) - Registered Data node : 32ed00d5-15dd-4dbd-8016-698f8e5f4c3f{ip: 10.1.0.4, host: fv-az58-449.32bp4kehjaiexiom31oljkjdjg.cx.internal.cloudapp.net, ports: [REPLICATION=36433, RATIS=45569, RATIS_ADMIN=45569, RATIS_SERVER=45569, STANDALONE=46191], networkLocation: /default-rack, certSerialId: null, persistedOpState: null, persistedOpStateExpiryEpochSec: 0}
2022-06-19 13:04:52,872 [EventQueue-NewNodeForNewNodeHandler] INFO  pipeline.BackgroundPipelineCreator (BackgroundPipelineCreator.java:notifyEventTriggered(272)) - trigger a one-shot run on RatisPipelineUtilsThread.
2022-06-19 13:04:52,873 [RatisPipelineUtilsThread - 0] INFO  pipeline.RatisPipelineProvider (RatisPipelineProvider.java:lambda$create$0(195)) - Sending CreatePipelineCommand for pipeline:PipelineID=148ff1a8-f3e6-4d57-bda2-df33edcb4ad7 to datanode:32ed00d5-15dd-4dbd-8016-698f8e5f4c3f
2022-06-19 13:04:52,874 [RatisPipelineUtilsThread - 0] INFO  pipeline.PipelineStateManagerImpl (PipelineStateManagerImpl.java:addPipeline(101)) - Created pipeline Pipeline[ Id: 148ff1a8-f3e6-4d57-bda2-df33edcb4ad7, Nodes: 32ed00d5-15dd-4dbd-8016-698f8e5f4c3f{ip: 10.1.0.4, host: fv-az58-449.32bp4kehjaiexiom31oljkjdjg.cx.internal.cloudapp.net, ports: [REPLICATION=36433, RATIS=45569, RATIS_ADMIN=45569, RATIS_SERVER=45569, STANDALONE=46191], networkLocation: /default-rack, certSerialId: null, persistedOpState: IN_SERVICE, persistedOpStateExpiryEpochSec: 0}, ReplicationConfig: RATIS/ONE, State:ALLOCATED, leaderId:, CreationTimestamp2022-06-19T13:04:52.873Z[Etc/UTC]].
2022-06-19 13:04:53,867 [Listener at 127.0.0.1/33959] INFO  ozone.MiniOzoneClusterImpl (MiniOzoneClusterImpl.java:lambda$waitForClusterToBeReady$0(221)) - Nodes are ready. Got 5 of 5 DN Heartbeats.
2022-06-19 13:04:53,867 [Listener at 127.0.0.1/33959] INFO  ozone.MiniOzoneClusterImpl (MiniOzoneClusterImpl.java:lambda$waitForClusterToBeReady$0(224)) - Waiting for cluster to exit safe mode
2022-06-19 13:04:53,867 [Listener at 127.0.0.1/33959] INFO  ozone.MiniOzoneClusterImpl (MiniOzoneClusterImpl.java:lambda$waitForClusterToBeReady$0(226)) - SCM became leader
2022-06-19 13:04:54,474 [Command processor thread] INFO  server.RaftServer (RaftServerProxy.java:addNew(96)) - d57ef6cc-857b-4c4f-ab3c-49c4eddebbaf: addNew group-6724C927785B:[d57ef6cc-857b-4c4f-ab3c-49c4eddebbaf|rpc:10.1.0.4:38535|priority:1] returns group-6724C927785B:java.util.concurrent.CompletableFuture@8e39761[Not completed]
2022-06-19 13:04:54,484 [pool-73-thread-1] INFO  server.RaftServer$Division (RaftServerImpl.java:<init>(190)) - d57ef6cc-857b-4c4f-ab3c-49c4eddebbaf: new RaftServerImpl for group-6724C927785B:[d57ef6cc-857b-4c4f-ab3c-49c4eddebbaf|rpc:10.1.0.4:38535|priority:1] with ContainerStateMachine:uninitialized
2022-06-19 13:04:54,485 [pool-73-thread-1] INFO  server.RaftServerConfigKeys (ConfUtils.java:logGet(46)) - raft.server.rpc.timeout.min = 5s (custom)
2022-06-19 13:04:54,485 [pool-73-thread-1] INFO  server.RaftServerConfigKeys (ConfUtils.java:logGet(46)) - raft.server.rpc.timeout.max = 5200ms (custom)
2022-06-19 13:04:54,485 [pool-73-thread-1] INFO  server.RaftServerConfigKeys (ConfUtils.java:logGet(46)) - raft.server.rpc.sleep.time = 25ms (default)
2022-06-19 13:04:54,485 [pool-73-thread-1] INFO  server.RaftServerConfigKeys (ConfUtils.java:logGet(46)) - raft.server.rpc.slowness.timeout = 300s (custom)
2022-06-19 13:04:54,485 [pool-73-thread-1] INFO  server.RaftServerConfigKeys (ConfUtils.java:logGet(46)) - raft.server.leaderelection.leader.step-down.wait-time = 10s (default)
2022-06-19 13:04:54,485 [pool-73-thread-1] INFO  server.RaftServerConfigKeys (ConfUtils.java:logGet(46)) - raft.server.sleep.deviation.threshold = 300ms (default)
2022-06-19 13:04:54,485 [pool-73-thread-1] INFO  server.RaftServer$Division (ServerState.java:<init>(107)) - d57ef6cc-857b-4c4f-ab3c-49c4eddebbaf@group-6724C927785B: ConfigurationManager, init=-1: [d57ef6cc-857b-4c4f-ab3c-49c4eddebbaf|rpc:10.1.0.4:38535|priority:1], old=null, confs=<EMPTY_MAP>
2022-06-19 13:04:54,485 [pool-73-thread-1] INFO  server.RaftServerConfigKeys (ConfUtils.java:logGet(46)) - raft.server.storage.dir = [/home/runner/work/ozone/ozone/hadoop-ozone/integration-test/target/test-dir/MiniOzoneClusterImpl-9f34b74b-d5f0-454e-a8cb-06b69a9d8d3b/datanode-0/data/ratis] (custom)
2022-06-19 13:04:54,485 [pool-73-thread-1] INFO  server.RaftServerConfigKeys (ConfUtils.java:logGet(46)) - raft.server.log.corruption.policy = EXCEPTION (default)
2022-06-19 13:04:54,485 [pool-73-thread-1] INFO  server.RaftServerConfigKeys (ConfUtils.java:logGet(46)) - raft.server.storage.free-space.min = 0MB (=0) (default)
2022-06-19 13:04:54,485 [pool-73-thread-1] INFO  storage.RaftStorageDirectory (RaftStorageDirectoryImpl.java:analyzeStorage(135)) - The storage directory /home/runner/work/ozone/ozone/hadoop-ozone/integration-test/target/test-dir/MiniOzoneClusterImpl-9f34b74b-d5f0-454e-a8cb-06b69a9d8d3b/datanode-0/data/ratis/7841a45e-4f39-4847-b490-6724c927785b does not exist. Creating ...
2022-06-19 13:04:54,487 [pool-73-thread-1] INFO  storage.RaftStorageDirectory (RaftStorageDirectoryImpl.java:tryLock(230)) - Lock on /home/runner/work/ozone/ozone/hadoop-ozone/integration-test/target/test-dir/MiniOzoneClusterImpl-9f34b74b-d5f0-454e-a8cb-06b69a9d8d3b/datanode-0/data/ratis/7841a45e-4f39-4847-b490-6724c927785b/in_use.lock acquired by nodename 17254@fv-az58-449
2022-06-19 13:04:54,488 [pool-73-thread-1] INFO  storage.RaftStorage (RaftStorageImpl.java:format(89)) - Storage directory /home/runner/work/ozone/ozone/hadoop-ozone/integration-test/target/test-dir/MiniOzoneClusterImpl-9f34b74b-d5f0-454e-a8cb-06b69a9d8d3b/datanode-0/data/ratis/7841a45e-4f39-4847-b490-6724c927785b has been successfully formatted.
2022-06-19 13:04:54,492 [pool-73-thread-1] INFO  ratis.ContainerStateMachine (ContainerStateMachine.java:loadSnapshot(236)) - group-6724C927785B: The snapshot info is null. Setting the last applied indexto:(t:0, i:~)
2022-06-19 13:04:54,492 [pool-73-thread-1] INFO  server.RaftServerConfigKeys (ConfUtils.java:logGet(46)) - raft.server.notification.no-leader.timeout = 300s (custom)
2022-06-19 13:04:54,492 [pool-73-thread-1] INFO  server.RaftServerConfigKeys (ConfUtils.java:logGet(46)) - raft.server.log.use.memory = false (default)
2022-06-19 13:04:54,492 [pool-73-thread-1] INFO  server.RaftServerConfigKeys (ConfUtils.java:logGet(46)) - raft.server.log.purge.gap = 1000000 (custom)
2022-06-19 13:04:54,492 [pool-73-thread-1] INFO  server.RaftServerConfigKeys (ConfUtils.java:logGet(46)) - raft.server.log.appender.buffer.byte-limit = 33554432 (custom)
2022-06-19 13:04:54,492 [pool-73-thread-1] INFO  server.RaftServerConfigKeys (ConfUtils.java:logGet(46)) - raft.server.log.statemachine.data.read.timeout = 1000ms (default)
2022-06-19 13:04:54,501 [pool-73-thread-1] INFO  server.RaftServerConfigKeys (ConfUtils.java:logGet(46)) - raft.server.log.segment.size.max = 1048576 (custom)
2022-06-19 13:04:54,502 [pool-73-thread-1] INFO  server.RaftServerConfigKeys (ConfUtils.java:logGet(46)) - raft.server.log.segment.cache.num.max = 2 (custom)
2022-06-19 13:04:54,502 [pool-73-thread-1] INFO  server.RaftServerConfigKeys (ConfUtils.java:logGet(46)) - raft.server.log.segment.cache.size.max = 200MB (=209715200) (default)
2022-06-19 13:04:54,502 [pool-73-thread-1] INFO  segmented.SegmentedRaftLogWorker (SegmentedRaftLogWorker.java:<init>(187)) - new d57ef6cc-857b-4c4f-ab3c-49c4eddebbaf@group-6724C927785B-SegmentedRaftLogWorker for RaftStorageImpl:Storage Directory /home/runner/work/ozone/ozone/hadoop-ozone/integration-test/target/test-dir/MiniOzoneClusterImpl-9f34b74b-d5f0-454e-a8cb-06b69a9d8d3b/datanode-0/data/ratis/7841a45e-4f39-4847-b490-6724c927785b
2022-06-19 13:04:54,502 [pool-73-thread-1] INFO  server.RaftServerConfigKeys (ConfUtils.java:logGet(46)) - raft.server.log.queue.byte-limit = 4294967296 (custom)
2022-06-19 13:04:54,502 [pool-73-thread-1] INFO  server.RaftServerConfigKeys (ConfUtils.java:logGet(46)) - raft.server.log.queue.element-limit = 1024 (custom)
2022-06-19 13:04:54,502 [pool-73-thread-1] INFO  server.RaftServerConfigKeys (ConfUtils.java:logGet(46)) - raft.server.log.segment.size.max = 1048576 (custom)
2022-06-19 13:04:54,502 [pool-73-thread-1] INFO  server.RaftServerConfigKeys (ConfUtils.java:logGet(46)) - raft.server.log.preallocated.size = 16384 (custom)
2022-06-19 13:04:54,502 [pool-73-thread-1] INFO  server.RaftServerConfigKeys (ConfUtils.java:logGet(46)) - raft.server.log.force.sync.num = 128 (default)
2022-06-19 13:04:54,502 [pool-73-thread-1] INFO  server.RaftServerConfigKeys (ConfUtils.java:logGet(46)) - raft.server.log.statemachine.data.sync = true (default)
2022-06-19 13:04:54,502 [pool-73-thread-1] INFO  server.RaftServerConfigKeys (ConfUtils.java:logGet(46)) - raft.server.log.statemachine.data.sync.timeout = 10s (default)
2022-06-19 13:04:54,503 [pool-73-thread-1] INFO  server.RaftServerConfigKeys (ConfUtils.java:logGet(46)) - raft.server.log.statemachine.data.sync.timeout.retry = -1 (default)
2022-06-19 13:04:54,505 [EventQueue-PipelineReportForPipelineReportHandler] INFO  pipeline.PipelineManagerImpl (PipelineManagerImpl.java:openPipeline(356)) - Pipeline Pipeline[ Id: 7841a45e-4f39-4847-b490-6724c927785b, Nodes: d57ef6cc-857b-4c4f-ab3c-49c4eddebbaf{ip: 10.1.0.4, host: fv-az58-449.32bp4kehjaiexiom31oljkjdjg.cx.internal.cloudapp.net, ports: [REPLICATION=46703, RATIS=38535, RATIS_ADMIN=38535, RATIS_SERVER=38535, STANDALONE=32823], networkLocation: /default-rack, certSerialId: null, persistedOpState: IN_SERVICE, persistedOpStateExpiryEpochSec: 0}, ReplicationConfig: RATIS/ONE, State:ALLOCATED, leaderId:d57ef6cc-857b-4c4f-ab3c-49c4eddebbaf, CreationTimestamp2022-06-19T13:04:51.505Z[Etc/UTC]] moved to OPEN state
2022-06-19 13:04:54,506 [pool-73-thread-1] INFO  server.RaftServerConfigKeys (ConfUtils.java:logGet(46)) - raft.server.log.write.buffer.size = 1048576 (custom)
2022-06-19 13:04:54,506 [pool-73-thread-1] INFO  server.RaftServerConfigKeys (ConfUtils.java:logGet(46)) - raft.server.log.unsafe-flush.enabled = false (default)
2022-06-19 13:04:54,506 [pool-73-thread-1] INFO  server.RaftServerConfigKeys (ConfUtils.java:logGet(46)) - raft.server.log.statemachine.data.caching.enabled = true (custom)
2022-06-19 13:04:54,507 [pool-73-thread-1] INFO  segmented.SegmentedRaftLogWorker (SegmentedRaftLogWorker.java:lambda$new$0(135)) - d57ef6cc-857b-4c4f-ab3c-49c4eddebbaf@group-6724C927785B-SegmentedRaftLogWorker: flushIndex: setUnconditionally 0 -> -1
2022-06-19 13:04:54,510 [pool-73-thread-1] INFO  segmented.SegmentedRaftLogWorker (SegmentedRaftLogWorker.java:lambda$new$0(135)) - d57ef6cc-857b-4c4f-ab3c-49c4eddebbaf@group-6724C927785B-SegmentedRaftLogWorker: safeCacheEvictIndex: setUnconditionally 0 -> -1
2022-06-19 13:04:54,511 [pool-73-thread-1] INFO  server.RaftServerConfigKeys (ConfUtils.java:logGet(46)) - raft.server.snapshot.auto.trigger.enabled = true (custom)
2022-06-19 13:04:54,511 [pool-73-thread-1] INFO  server.RaftServerConfigKeys (ConfUtils.java:logGet(46)) - raft.server.snapshot.auto.trigger.threshold = 10000 (custom)
2022-06-19 13:04:54,511 [pool-73-thread-1] INFO  server.RaftServerConfigKeys (ConfUtils.java:logGet(46)) - raft.server.snapshot.retention.file.num = 5 (custom)
2022-06-19 13:04:54,511 [pool-73-thread-1] INFO  server.RaftServerConfigKeys (ConfUtils.java:logGet(46)) - raft.server.log.purge.upto.snapshot.index = false (default)
2022-06-19 13:04:54,511 [pool-73-thread-1] INFO  server.RaftServerConfigKeys (ConfUtils.java:logGet(46)) - raft.server.retrycache.expirytime = 600000ms (custom)
2022-06-19 13:04:54,511 [pool-73-thread-1] INFO  server.RaftServerConfigKeys (ConfUtils.java:logGet(46)) - raft.server.retrycache.statistics.expirytime = 100μs (default)
2022-06-19 13:04:54,513 [pool-73-thread-1] INFO  server.RaftServerConfigKeys (ConfUtils.java:logGet(46)) - raft.server.log.appender.install.snapshot.enabled = false (custom)
2022-06-19 13:04:54,513 [pool-73-thread-1] INFO  server.RaftServerConfigKeys (ConfUtils.java:logGet(46)) - raft.server.threadpool.server.cached = true (default)
2022-06-19 13:04:54,513 [pool-73-thread-1] INFO  server.RaftServerConfigKeys (ConfUtils.java:logGet(46)) - raft.server.threadpool.server.size = 0 (default)
2022-06-19 13:04:54,513 [pool-73-thread-1] INFO  server.RaftServerConfigKeys (ConfUtils.java:logGet(46)) - raft.server.threadpool.client.cached = true (default)
2022-06-19 13:04:54,513 [pool-73-thread-1] INFO  server.RaftServerConfigKeys (ConfUtils.java:logGet(46)) - raft.server.threadpool.client.size = 0 (default)
2022-06-19 13:04:54,513 [pool-73-thread-1] INFO  server.RaftServer$Division (RaftServerImpl.java:start(310)) - d57ef6cc-857b-4c4f-ab3c-49c4eddebbaf@group-6724C927785B: start as a follower, conf=-1: [d57ef6cc-857b-4c4f-ab3c-49c4eddebbaf|rpc:10.1.0.4:38535|priority:1], old=null
2022-06-19 13:04:54,513 [pool-73-thread-1] INFO  server.RaftServer$Division (RaftServerImpl.java:setRole(299)) - d57ef6cc-857b-4c4f-ab3c-49c4eddebbaf@group-6724C927785B: changes role from      null to FOLLOWER at term 0 for startAsFollower
2022-06-19 13:04:54,513 [pool-73-thread-1] INFO  impl.RoleInfo (RoleInfo.java:updateAndGet(139)) - d57ef6cc-857b-4c4f-ab3c-49c4eddebbaf: start d57ef6cc-857b-4c4f-ab3c-49c4eddebbaf@group-6724C927785B-FollowerState
2022-06-19 13:04:54,515 [EventQueue-OpenPipelineForHealthyPipelineSafeModeRule] INFO  safemode.SCMSafeModeManager (HealthyPipelineSafeModeRule.java:process(124)) - SCM in safe mode. Healthy pipelines reported count is 0, required healthy pipeline reported count is 1
2022-06-19 13:04:54,517 [pool-73-thread-1] INFO  util.JmxRegister (JmxRegister.java:tryRegister(44)) - Successfully registered JMX Bean with object name Ratis:service=RaftServer,group=group-6724C927785B,id=d57ef6cc-857b-4c4f-ab3c-49c4eddebbaf
2022-06-19 13:04:54,528 [Command processor thread] INFO  ratis.XceiverServerRatis (XceiverServerRatis.java:addGroup(765)) - Created group PipelineID=7841a45e-4f39-4847-b490-6724c927785b
2022-06-19 13:04:54,529 [Command processor thread] INFO  commandhandler.CreatePipelineCommandHandler (CreatePipelineCommandHandler.java:handle(113)) - Created Pipeline RATIS ONE PipelineID=7841a45e-4f39-4847-b490-6724c927785b.
2022-06-19 13:04:54,529 [Command processor thread] INFO  server.RaftServer (RaftServerProxy.java:addNew(96)) - d57ef6cc-857b-4c4f-ab3c-49c4eddebbaf: addNew group-B66F265A3155:[d57ef6cc-857b-4c4f-ab3c-49c4eddebbaf|rpc:10.1.0.4:38535|priority:0, 3336e988-a1cc-4f09-b2d1-22a9863ee945|rpc:10.1.0.4:37777|priority:0, a1a795c4-f5a2-46b7-b5e4-aef7f82751b2|rpc:10.1.0.4:34871|priority:1] returns group-B66F265A3155:java.util.concurrent.CompletableFuture@7ee48871[Not completed]
2022-06-19 13:04:54,530 [pool-73-thread-1] INFO  server.RaftServer$Division (RaftServerImpl.java:<init>(190)) - d57ef6cc-857b-4c4f-ab3c-49c4eddebbaf: new RaftServerImpl for group-B66F265A3155:[d57ef6cc-857b-4c4f-ab3c-49c4eddebbaf|rpc:10.1.0.4:38535|priority:0, 3336e988-a1cc-4f09-b2d1-22a9863ee945|rpc:10.1.0.4:37777|priority:0, a1a795c4-f5a2-46b7-b5e4-aef7f82751b2|rpc:10.1.0.4:34871|priority:1] with ContainerStateMachine:uninitialized
2022-06-19 13:04:54,530 [pool-73-thread-1] INFO  server.RaftServerConfigKeys (ConfUtils.java:logGet(46)) - raft.server.rpc.timeout.min = 5s (custom)
2022-06-19 13:04:54,530 [pool-73-thread-1] INFO  server.RaftServerConfigKeys (ConfUtils.java:logGet(46)) - raft.server.rpc.timeout.max = 5200ms (custom)
2022-06-19 13:04:54,530 [pool-73-thread-1] INFO  server.RaftServerConfigKeys (ConfUtils.java:logGet(46)) - raft.server.rpc.sleep.time = 25ms (default)
2022-06-19 13:04:54,530 [pool-73-thread-1] INFO  server.RaftServerConfigKeys (ConfUtils.java:logGet(46)) - raft.server.rpc.slowness.timeout = 300s (custom)
2022-06-19 13:04:54,531 [pool-73-thread-1] INFO  server.RaftServerConfigKeys (ConfUtils.java:logGet(46)) - raft.server.leaderelection.leader.step-down.wait-time = 10s (default)
2022-06-19 13:04:54,531 [pool-73-thread-1] INFO  server.RaftServerConfigKeys (ConfUtils.java:logGet(46)) - raft.server.sleep.deviation.threshold = 300ms (default)
2022-06-19 13:04:54,531 [pool-73-thread-1] INFO  server.RaftServer$Division (ServerState.java:<init>(107)) - d57ef6cc-857b-4c4f-ab3c-49c4eddebbaf@group-B66F265A3155: ConfigurationManager, init=-1: [d57ef6cc-857b-4c4f-ab3c-49c4eddebbaf|rpc:10.1.0.4:38535|priority:0, 3336e988-a1cc-4f09-b2d1-22a9863ee945|rpc:10.1.0.4:37777|priority:0, a1a795c4-f5a2-46b7-b5e4-aef7f82751b2|rpc:10.1.0.4:34871|priority:1], old=null, confs=<EMPTY_MAP>
2022-06-19 13:04:54,531 [pool-73-thread-1] INFO  server.RaftServerConfigKeys (ConfUtils.java:logGet(46)) - raft.server.storage.dir = [/home/runner/work/ozone/ozone/hadoop-ozone/integration-test/target/test-dir/MiniOzoneClusterImpl-9f34b74b-d5f0-454e-a8cb-06b69a9d8d3b/datanode-0/data/ratis] (custom)
2022-06-19 13:04:54,531 [pool-73-thread-1] INFO  server.RaftServerConfigKeys (ConfUtils.java:logGet(46)) - raft.server.log.corruption.policy = EXCEPTION (default)
2022-06-19 13:04:54,531 [pool-73-thread-1] INFO  server.RaftServerConfigKeys (ConfUtils.java:logGet(46)) - raft.server.storage.free-space.min = 0MB (=0) (default)
2022-06-19 13:04:54,531 [pool-73-thread-1] INFO  storage.RaftStorageDirectory (RaftStorageDirectoryImpl.java:analyzeStorage(135)) - The storage directory /home/runner/work/ozone/ozone/hadoop-ozone/integration-test/target/test-dir/MiniOzoneClusterImpl-9f34b74b-d5f0-454e-a8cb-06b69a9d8d3b/datanode-0/data/ratis/df729f6f-e340-4004-8212-b66f265a3155 does not exist. Creating ...
2022-06-19 13:04:54,532 [pool-73-thread-1] INFO  storage.RaftStorageDirectory (RaftStorageDirectoryImpl.java:tryLock(230)) - Lock on /home/runner/work/ozone/ozone/hadoop-ozone/integration-test/target/test-dir/MiniOzoneClusterImpl-9f34b74b-d5f0-454e-a8cb-06b69a9d8d3b/datanode-0/data/ratis/df729f6f-e340-4004-8212-b66f265a3155/in_use.lock acquired by nodename 17254@fv-az58-449
2022-06-19 13:04:54,533 [pool-73-thread-1] INFO  storage.RaftStorage (RaftStorageImpl.java:format(89)) - Storage directory /home/runner/work/ozone/ozone/hadoop-ozone/integration-test/target/test-dir/MiniOzoneClusterImpl-9f34b74b-d5f0-454e-a8cb-06b69a9d8d3b/datanode-0/data/ratis/df729f6f-e340-4004-8212-b66f265a3155 has been successfully formatted.
2022-06-19 13:04:54,533 [pool-73-thread-1] INFO  ratis.ContainerStateMachine (ContainerStateMachine.java:loadSnapshot(236)) - group-B66F265A3155: The snapshot info is null. Setting the last applied indexto:(t:0, i:~)
2022-06-19 13:04:54,536 [EventQueue-OpenPipelineForHealthyPipelineSafeModeRule] INFO  safemode.SCMSafeModeManager (HealthyPipelineSafeModeRule.java:process(124)) - SCM in safe mode. Healthy pipelines reported count is 0, required healthy pipeline reported count is 1
2022-06-19 13:04:54,536 [pool-73-thread-1] INFO  server.RaftServerConfigKeys (ConfUtils.java:logGet(46)) - raft.server.notification.no-leader.timeout = 300s (custom)
2022-06-19 13:04:54,536 [pool-73-thread-1] INFO  server.RaftServerConfigKeys (ConfUtils.java:logGet(46)) - raft.server.log.use.memory = false (default)
2022-06-19 13:04:54,536 [pool-73-thread-1] INFO  server.RaftServerConfigKeys (ConfUtils.java:logGet(46)) - raft.server.log.purge.gap = 1000000 (custom)
2022-06-19 13:04:54,536 [pool-73-thread-1] INFO  server.RaftServerConfigKeys (ConfUtils.java:logGet(46)) - raft.server.log.appender.buffer.byte-limit = 33554432 (custom)
2022-06-19 13:04:54,536 [pool-73-thread-1] INFO  server.RaftServerConfigKeys (ConfUtils.java:logGet(46)) - raft.server.log.statemachine.data.read.timeout = 1000ms (default)
2022-06-19 13:04:54,537 [pool-73-thread-1] INFO  server.RaftServerConfigKeys (ConfUtils.java:logGet(46)) - raft.server.log.segment.size.max = 1048576 (custom)
2022-06-19 13:04:54,537 [pool-73-thread-1] INFO  server.RaftServerConfigKeys (ConfUtils.java:logGet(46)) - raft.server.log.segment.cache.num.max = 2 (custom)
2022-06-19 13:04:54,537 [pool-73-thread-1] INFO  server.RaftServerConfigKeys (ConfUtils.java:logGet(46)) - raft.server.log.segment.cache.size.max = 200MB (=209715200) (default)
2022-06-19 13:04:54,537 [pool-73-thread-1] INFO  segmented.SegmentedRaftLogWorker (SegmentedRaftLogWorker.java:<init>(187)) - new d57ef6cc-857b-4c4f-ab3c-49c4eddebbaf@group-B66F265A3155-SegmentedRaftLogWorker for RaftStorageImpl:Storage Directory /home/runner/work/ozone/ozone/hadoop-ozone/integration-test/target/test-dir/MiniOzoneClusterImpl-9f34b74b-d5f0-454e-a8cb-06b69a9d8d3b/datanode-0/data/ratis/df729f6f-e340-4004-8212-b66f265a3155
2022-06-19 13:04:54,537 [pool-73-thread-1] INFO  server.RaftServerConfigKeys (ConfUtils.java:logGet(46)) - raft.server.log.queue.byte-limit = 4294967296 (custom)
2022-06-19 13:04:54,537 [pool-73-thread-1] INFO  server.RaftServerConfigKeys (ConfUtils.java:logGet(46)) - raft.server.log.queue.element-limit = 1024 (custom)
2022-06-19 13:04:54,538 [pool-73-thread-1] INFO  server.RaftServerConfigKeys (ConfUtils.java:logGet(46)) - raft.server.log.segment.size.max = 1048576 (custom)
2022-06-19 13:04:54,538 [pool-73-thread-1] INFO  server.RaftServerConfigKeys (ConfUtils.java:logGet(46)) - raft.server.log.preallocated.size = 16384 (custom)
2022-06-19 13:04:54,538 [pool-73-thread-1] INFO  server.RaftServerConfigKeys (ConfUtils.java:logGet(46)) - raft.server.log.force.sync.num = 128 (default)
2022-06-19 13:04:54,538 [pool-73-thread-1] INFO  server.RaftServerConfigKeys (ConfUtils.java:logGet(46)) - raft.server.log.statemachine.data.sync = true (default)
2022-06-19 13:04:54,538 [pool-73-thread-1] INFO  server.RaftServerConfigKeys (ConfUtils.java:logGet(46)) - raft.server.log.statemachine.data.sync.timeout = 10s (default)
2022-06-19 13:04:54,538 [pool-73-thread-1] INFO  server.RaftServerConfigKeys (ConfUtils.java:logGet(46)) - raft.server.log.statemachine.data.sync.timeout.retry = -1 (default)
2022-06-19 13:04:54,539 [pool-73-thread-1] INFO  server.RaftServerConfigKeys (ConfUtils.java:logGet(46)) - raft.server.log.write.buffer.size = 1048576 (custom)
2022-06-19 13:04:54,540 [pool-73-thread-1] INFO  server.RaftServerConfigKeys (ConfUtils.java:logGet(46)) - raft.server.log.unsafe-flush.enabled = false (default)
2022-06-19 13:04:54,540 [pool-73-thread-1] INFO  server.RaftServerConfigKeys (ConfUtils.java:logGet(46)) - raft.server.log.statemachine.data.caching.enabled = true (custom)
2022-06-19 13:04:54,540 [pool-73-thread-1] INFO  segmented.SegmentedRaftLogWorker (SegmentedRaftLogWorker.java:lambda$new$0(135)) - d57ef6cc-857b-4c4f-ab3c-49c4eddebbaf@group-B66F265A3155-SegmentedRaftLogWorker: flushIndex: setUnconditionally 0 -> -1
2022-06-19 13:04:54,540 [pool-73-thread-1] INFO  segmented.SegmentedRaftLogWorker (SegmentedRaftLogWorker.java:lambda$new$0(135)) - d57ef6cc-857b-4c4f-ab3c-49c4eddebbaf@group-B66F265A3155-SegmentedRaftLogWorker: safeCacheEvictIndex: setUnconditionally 0 -> -1
2022-06-19 13:04:54,540 [pool-73-thread-1] INFO  server.RaftServerConfigKeys (ConfUtils.java:logGet(46)) - raft.server.snapshot.auto.trigger.enabled = true (custom)
2022-06-19 13:04:54,540 [pool-73-thread-1] INFO  server.RaftServerConfigKeys (ConfUtils.java:logGet(46)) - raft.server.snapshot.auto.trigger.threshold = 10000 (custom)
2022-06-19 13:04:54,540 [pool-73-thread-1] INFO  server.RaftServerConfigKeys (ConfUtils.java:logGet(46)) - raft.server.snapshot.retention.file.num = 5 (custom)
2022-06-19 13:04:54,540 [pool-73-thread-1] INFO  server.RaftServerConfigKeys (ConfUtils.java:logGet(46)) - raft.server.log.purge.upto.snapshot.index = false (default)
2022-06-19 13:04:54,541 [pool-73-thread-1] INFO  server.RaftServerConfigKeys (ConfUtils.java:logGet(46)) - raft.server.retrycache.expirytime = 600000ms (custom)
2022-06-19 13:04:54,541 [pool-73-thread-1] INFO  server.RaftServerConfigKeys (ConfUtils.java:logGet(46)) - raft.server.retrycache.statistics.expirytime = 100μs (default)
2022-06-19 13:04:54,542 [pool-73-thread-1] INFO  server.RaftServerConfigKeys (ConfUtils.java:logGet(46)) - raft.server.log.appender.install.snapshot.enabled = false (custom)
2022-06-19 13:04:54,542 [pool-73-thread-1] INFO  server.RaftServerConfigKeys (ConfUtils.java:logGet(46)) - raft.server.threadpool.server.cached = true (default)
2022-06-19 13:04:54,542 [pool-73-thread-1] INFO  server.RaftServerConfigKeys (ConfUtils.java:logGet(46)) - raft.server.threadpool.server.size = 0 (default)
2022-06-19 13:04:54,542 [pool-73-thread-1] INFO  server.RaftServerConfigKeys (ConfUtils.java:logGet(46)) - raft.server.threadpool.client.cached = true (default)
2022-06-19 13:04:54,543 [pool-73-thread-1] INFO  server.RaftServerConfigKeys (ConfUtils.java:logGet(46)) - raft.server.threadpool.client.size = 0 (default)
2022-06-19 13:04:54,543 [pool-73-thread-1] INFO  server.RaftServer$Division (RaftServerImpl.java:start(310)) - d57ef6cc-857b-4c4f-ab3c-49c4eddebbaf@group-B66F265A3155: start as a follower, conf=-1: [d57ef6cc-857b-4c4f-ab3c-49c4eddebbaf|rpc:10.1.0.4:38535|priority:0, 3336e988-a1cc-4f09-b2d1-22a9863ee945|rpc:10.1.0.4:37777|priority:0, a1a795c4-f5a2-46b7-b5e4-aef7f82751b2|rpc:10.1.0.4:34871|priority:1], old=null
2022-06-19 13:04:54,543 [pool-73-thread-1] INFO  server.RaftServer$Division (RaftServerImpl.java:setRole(299)) - d57ef6cc-857b-4c4f-ab3c-49c4eddebbaf@group-B66F265A3155: changes role from      null to FOLLOWER at term 0 for startAsFollower
2022-06-19 13:04:54,543 [pool-73-thread-1] INFO  impl.RoleInfo (RoleInfo.java:updateAndGet(139)) - d57ef6cc-857b-4c4f-ab3c-49c4eddebbaf: start d57ef6cc-857b-4c4f-ab3c-49c4eddebbaf@group-B66F265A3155-FollowerState
2022-06-19 13:04:54,543 [pool-73-thread-1] INFO  util.JmxRegister (JmxRegister.java:tryRegister(44)) - Successfully registered JMX Bean with object name Ratis:service=RaftServer,group=group-B66F265A3155,id=d57ef6cc-857b-4c4f-ab3c-49c4eddebbaf
2022-06-19 13:04:54,545 [Command processor thread] INFO  ratis.XceiverServerRatis (XceiverServerRatis.java:addGroup(765)) - Created group PipelineID=df729f6f-e340-4004-8212-b66f265a3155
2022-06-19 13:04:54,867 [Listener at 127.0.0.1/33959] INFO  ozone.MiniOzoneClusterImpl (MiniOzoneClusterImpl.java:lambda$waitForClusterToBeReady$0(221)) - Nodes are ready. Got 5 of 5 DN Heartbeats.
2022-06-19 13:04:54,868 [Listener at 127.0.0.1/33959] INFO  ozone.MiniOzoneClusterImpl (MiniOzoneClusterImpl.java:lambda$waitForClusterToBeReady$0(224)) - Waiting for cluster to exit safe mode
2022-06-19 13:04:54,868 [Listener at 127.0.0.1/33959] INFO  ozone.MiniOzoneClusterImpl (MiniOzoneClusterImpl.java:lambda$waitForClusterToBeReady$0(226)) - SCM became leader
2022-06-19 13:04:54,969 [Command processor thread] INFO  server.RaftServer (RaftServerProxy.java:addNew(96)) - a1a795c4-f5a2-46b7-b5e4-aef7f82751b2: addNew group-247E35D136FD:[a1a795c4-f5a2-46b7-b5e4-aef7f82751b2|rpc:10.1.0.4:34871|priority:1] returns group-247E35D136FD:java.util.concurrent.CompletableFuture@1ecf43d1[Not completed]
2022-06-19 13:04:54,987 [pool-96-thread-1] INFO  server.RaftServer$Division (RaftServerImpl.java:<init>(190)) - a1a795c4-f5a2-46b7-b5e4-aef7f82751b2: new RaftServerImpl for group-247E35D136FD:[a1a795c4-f5a2-46b7-b5e4-aef7f82751b2|rpc:10.1.0.4:34871|priority:1] with ContainerStateMachine:uninitialized
2022-06-19 13:04:54,987 [pool-96-thread-1] INFO  server.RaftServerConfigKeys (ConfUtils.java:logGet(46)) - raft.server.rpc.timeout.min = 5s (custom)
2022-06-19 13:04:54,987 [pool-96-thread-1] INFO  server.RaftServerConfigKeys (ConfUtils.java:logGet(46)) - raft.server.rpc.timeout.max = 5200ms (custom)
2022-06-19 13:04:54,987 [pool-96-thread-1] INFO  server.RaftServerConfigKeys (ConfUtils.java:logGet(46)) - raft.server.rpc.sleep.time = 25ms (default)
2022-06-19 13:04:54,988 [pool-96-thread-1] INFO  server.RaftServerConfigKeys (ConfUtils.java:logGet(46)) - raft.server.rpc.slowness.timeout = 300s (custom)
2022-06-19 13:04:54,988 [pool-96-thread-1] INFO  server.RaftServerConfigKeys (ConfUtils.java:logGet(46)) - raft.server.leaderelection.leader.step-down.wait-time = 10s (default)
2022-06-19 13:04:54,988 [pool-96-thread-1] INFO  server.RaftServerConfigKeys (ConfUtils.java:logGet(46)) - raft.server.sleep.deviation.threshold = 300ms (default)
2022-06-19 13:04:54,988 [pool-96-thread-1] INFO  server.RaftServer$Division (ServerState.java:<init>(107)) - a1a795c4-f5a2-46b7-b5e4-aef7f82751b2@group-247E35D136FD: ConfigurationManager, init=-1: [a1a795c4-f5a2-46b7-b5e4-aef7f82751b2|rpc:10.1.0.4:34871|priority:1], old=null, confs=<EMPTY_MAP>
2022-06-19 13:04:54,988 [pool-96-thread-1] INFO  server.RaftServerConfigKeys (ConfUtils.java:logGet(46)) - raft.server.storage.dir = [/home/runner/work/ozone/ozone/hadoop-ozone/integration-test/target/test-dir/MiniOzoneClusterImpl-9f34b74b-d5f0-454e-a8cb-06b69a9d8d3b/datanode-1/data/ratis] (custom)
2022-06-19 13:04:54,988 [pool-96-thread-1] INFO  server.RaftServerConfigKeys (ConfUtils.java:logGet(46)) - raft.server.log.corruption.policy = EXCEPTION (default)
2022-06-19 13:04:54,988 [pool-96-thread-1] INFO  server.RaftServerConfigKeys (ConfUtils.java:logGet(46)) - raft.server.storage.free-space.min = 0MB (=0) (default)
2022-06-19 13:04:54,988 [pool-96-thread-1] INFO  storage.RaftStorageDirectory (RaftStorageDirectoryImpl.java:analyzeStorage(135)) - The storage directory /home/runner/work/ozone/ozone/hadoop-ozone/integration-test/target/test-dir/MiniOzoneClusterImpl-9f34b74b-d5f0-454e-a8cb-06b69a9d8d3b/datanode-1/data/ratis/68a11c86-8872-4edf-8917-247e35d136fd does not exist. Creating ...
2022-06-19 13:04:54,995 [pool-96-thread-1] INFO  storage.RaftStorageDirectory (RaftStorageDirectoryImpl.java:tryLock(230)) - Lock on /home/runner/work/ozone/ozone/hadoop-ozone/integration-test/target/test-dir/MiniOzoneClusterImpl-9f34b74b-d5f0-454e-a8cb-06b69a9d8d3b/datanode-1/data/ratis/68a11c86-8872-4edf-8917-247e35d136fd/in_use.lock acquired by nodename 17254@fv-az58-449
2022-06-19 13:04:54,996 [pool-96-thread-1] INFO  storage.RaftStorage (RaftStorageImpl.java:format(89)) - Storage directory /home/runner/work/ozone/ozone/hadoop-ozone/integration-test/target/test-dir/MiniOzoneClusterImpl-9f34b74b-d5f0-454e-a8cb-06b69a9d8d3b/datanode-1/data/ratis/68a11c86-8872-4edf-8917-247e35d136fd has been successfully formatted.
2022-06-19 13:04:55,003 [pool-96-thread-1] INFO  ratis.ContainerStateMachine (ContainerStateMachine.java:loadSnapshot(236)) - group-247E35D136FD: The snapshot info is null. Setting the last applied indexto:(t:0, i:~)
2022-06-19 13:04:55,013 [pool-96-thread-1] INFO  server.RaftServerConfigKeys (ConfUtils.java:logGet(46)) - raft.server.notification.no-leader.timeout = 300s (custom)
2022-06-19 13:04:55,013 [pool-96-thread-1] INFO  server.RaftServerConfigKeys (ConfUtils.java:logGet(46)) - raft.server.log.use.memory = false (default)
2022-06-19 13:04:55,013 [pool-96-thread-1] INFO  server.RaftServerConfigKeys (ConfUtils.java:logGet(46)) - raft.server.log.purge.gap = 1000000 (custom)
2022-06-19 13:04:55,014 [pool-96-thread-1] INFO  server.RaftServerConfigKeys (ConfUtils.java:logGet(46)) - raft.server.log.appender.buffer.byte-limit = 33554432 (custom)
2022-06-19 13:04:55,014 [pool-96-thread-1] INFO  server.RaftServerConfigKeys (ConfUtils.java:logGet(46)) - raft.server.log.statemachine.data.read.timeout = 1000ms (default)
2022-06-19 13:04:55,014 [pool-96-thread-1] INFO  server.RaftServerConfigKeys (ConfUtils.java:logGet(46)) - raft.server.log.segment.size.max = 1048576 (custom)
2022-06-19 13:04:55,015 [pool-96-thread-1] INFO  server.RaftServerConfigKeys (ConfUtils.java:logGet(46)) - raft.server.log.segment.cache.num.max = 2 (custom)
2022-06-19 13:04:55,015 [pool-96-thread-1] INFO  server.RaftServerConfigKeys (ConfUtils.java:logGet(46)) - raft.server.log.segment.cache.size.max = 200MB (=209715200) (default)
2022-06-19 13:04:55,015 [pool-96-thread-1] INFO  segmented.SegmentedRaftLogWorker (SegmentedRaftLogWorker.java:<init>(187)) - new a1a795c4-f5a2-46b7-b5e4-aef7f82751b2@group-247E35D136FD-SegmentedRaftLogWorker for RaftStorageImpl:Storage Directory /home/runner/work/ozone/ozone/hadoop-ozone/integration-test/target/test-dir/MiniOzoneClusterImpl-9f34b74b-d5f0-454e-a8cb-06b69a9d8d3b/datanode-1/data/ratis/68a11c86-8872-4edf-8917-247e35d136fd
2022-06-19 13:04:55,015 [pool-96-thread-1] INFO  server.RaftServerConfigKeys (ConfUtils.java:logGet(46)) - raft.server.log.queue.byte-limit = 4294967296 (custom)
2022-06-19 13:04:55,015 [pool-96-thread-1] INFO  server.RaftServerConfigKeys (ConfUtils.java:logGet(46)) - raft.server.log.queue.element-limit = 1024 (custom)
2022-06-19 13:04:55,015 [pool-96-thread-1] INFO  server.RaftServerConfigKeys (ConfUtils.java:logGet(46)) - raft.server.log.segment.size.max = 1048576 (custom)
2022-06-19 13:04:55,015 [pool-96-thread-1] INFO  server.RaftServerConfigKeys (ConfUtils.java:logGet(46)) - raft.server.log.preallocated.size = 16384 (custom)
2022-06-19 13:04:55,015 [pool-96-thread-1] INFO  server.RaftServerConfigKeys (ConfUtils.java:logGet(46)) - raft.server.log.force.sync.num = 128 (default)
2022-06-19 13:04:55,015 [pool-96-thread-1] INFO  server.RaftServerConfigKeys (ConfUtils.java:logGet(46)) - raft.server.log.statemachine.data.sync = true (default)
2022-06-19 13:04:55,015 [pool-96-thread-1] INFO  server.RaftServerConfigKeys (ConfUtils.java:logGet(46)) - raft.server.log.statemachine.data.sync.timeout = 10s (default)
2022-06-19 13:04:55,015 [pool-96-thread-1] INFO  server.RaftServerConfigKeys (ConfUtils.java:logGet(46)) - raft.server.log.statemachine.data.sync.timeout.retry = -1 (default)
2022-06-19 13:04:55,016 [pool-96-thread-1] INFO  server.RaftServerConfigKeys (ConfUtils.java:logGet(46)) - raft.server.log.write.buffer.size = 1048576 (custom)
2022-06-19 13:04:55,017 [pool-96-thread-1] INFO  server.RaftServerConfigKeys (ConfUtils.java:logGet(46)) - raft.server.log.unsafe-flush.enabled = false (default)
2022-06-19 13:04:55,017 [pool-96-thread-1] INFO  server.RaftServerConfigKeys (ConfUtils.java:logGet(46)) - raft.server.log.statemachine.data.caching.enabled = true (custom)
2022-06-19 13:04:55,017 [pool-96-thread-1] INFO  segmented.SegmentedRaftLogWorker (SegmentedRaftLogWorker.java:lambda$new$0(135)) - a1a795c4-f5a2-46b7-b5e4-aef7f82751b2@group-247E35D136FD-SegmentedRaftLogWorker: flushIndex: setUnconditionally 0 -> -1
2022-06-19 13:04:55,017 [pool-96-thread-1] INFO  segmented.SegmentedRaftLogWorker (SegmentedRaftLogWorker.java:lambda$new$0(135)) - a1a795c4-f5a2-46b7-b5e4-aef7f82751b2@group-247E35D136FD-SegmentedRaftLogWorker: safeCacheEvictIndex: setUnconditionally 0 -> -1
2022-06-19 13:04:55,021 [pool-96-thread-1] INFO  server.RaftServerConfigKeys (ConfUtils.java:logGet(46)) - raft.server.snapshot.auto.trigger.enabled = true (custom)
2022-06-19 13:04:55,021 [pool-96-thread-1] INFO  server.RaftServerConfigKeys (ConfUtils.java:logGet(46)) - raft.server.snapshot.auto.trigger.threshold = 10000 (custom)
2022-06-19 13:04:55,021 [pool-96-thread-1] INFO  server.RaftServerConfigKeys (ConfUtils.java:logGet(46)) - raft.server.snapshot.retention.file.num = 5 (custom)
2022-06-19 13:04:55,021 [pool-96-thread-1] INFO  server.RaftServerConfigKeys (ConfUtils.java:logGet(46)) - raft.server.log.purge.upto.snapshot.index = false (default)
2022-06-19 13:04:55,021 [pool-96-thread-1] INFO  server.RaftServerConfigKeys (ConfUtils.java:logGet(46)) - raft.server.retrycache.expirytime = 600000ms (custom)
2022-06-19 13:04:55,022 [pool-96-thread-1] INFO  server.RaftServerConfigKeys (ConfUtils.java:logGet(46)) - raft.server.retrycache.statistics.expirytime = 100μs (default)
2022-06-19 13:04:55,023 [pool-96-thread-1] INFO  server.RaftServerConfigKeys (ConfUtils.java:logGet(46)) - raft.server.log.appender.install.snapshot.enabled = false (custom)
2022-06-19 13:04:55,023 [pool-96-thread-1] INFO  server.RaftServerConfigKeys (ConfUtils.java:logGet(46)) - raft.server.threadpool.server.cached = true (default)
2022-06-19 13:04:55,023 [pool-96-thread-1] INFO  server.RaftServerConfigKeys (ConfUtils.java:logGet(46)) - raft.server.threadpool.server.size = 0 (default)
2022-06-19 13:04:55,023 [pool-96-thread-1] INFO  server.RaftServerConfigKeys (ConfUtils.java:logGet(46)) - raft.server.threadpool.client.cached = true (default)
2022-06-19 13:04:55,023 [pool-96-thread-1] INFO  server.RaftServerConfigKeys (ConfUtils.java:logGet(46)) - raft.server.threadpool.client.size = 0 (default)
2022-06-19 13:04:55,023 [pool-96-thread-1] INFO  server.RaftServer$Division (RaftServerImpl.java:start(310)) - a1a795c4-f5a2-46b7-b5e4-aef7f82751b2@group-247E35D136FD: start as a follower, conf=-1: [a1a795c4-f5a2-46b7-b5e4-aef7f82751b2|rpc:10.1.0.4:34871|priority:1], old=null
2022-06-19 13:04:55,023 [pool-96-thread-1] INFO  server.RaftServer$Division (RaftServerImpl.java:setRole(299)) - a1a795c4-f5a2-46b7-b5e4-aef7f82751b2@group-247E35D136FD: changes role from      null to FOLLOWER at term 0 for startAsFollower
2022-06-19 13:04:55,023 [pool-96-thread-1] INFO  impl.RoleInfo (RoleInfo.java:updateAndGet(139)) - a1a795c4-f5a2-46b7-b5e4-aef7f82751b2: start a1a795c4-f5a2-46b7-b5e4-aef7f82751b2@group-247E35D136FD-FollowerState
2022-06-19 13:04:55,025 [pool-96-thread-1] INFO  util.JmxRegister (JmxRegister.java:tryRegister(44)) - Successfully registered JMX Bean with object name Ratis:service=RaftServer,group=group-247E35D136FD,id=a1a795c4-f5a2-46b7-b5e4-aef7f82751b2
2022-06-19 13:04:55,039 [EventQueue-PipelineReportForPipelineReportHandler] INFO  pipeline.PipelineManagerImpl (PipelineManagerImpl.java:openPipeline(356)) - Pipeline Pipeline[ Id: 68a11c86-8872-4edf-8917-247e35d136fd, Nodes: a1a795c4-f5a2-46b7-b5e4-aef7f82751b2{ip: 10.1.0.4, host: fv-az58-449.32bp4kehjaiexiom31oljkjdjg.cx.internal.cloudapp.net, ports: [REPLICATION=46005, RATIS=34871, RATIS_ADMIN=34871, RATIS_SERVER=34871, STANDALONE=40083], networkLocation: /default-rack, certSerialId: null, persistedOpState: IN_SERVICE, persistedOpStateExpiryEpochSec: 0}, ReplicationConfig: RATIS/ONE, State:ALLOCATED, leaderId:a1a795c4-f5a2-46b7-b5e4-aef7f82751b2, CreationTimestamp2022-06-19T13:04:51.973Z[Etc/UTC]] moved to OPEN state
2022-06-19 13:04:55,039 [EventQueue-OpenPipelineForHealthyPipelineSafeModeRule] INFO  safemode.SCMSafeModeManager (HealthyPipelineSafeModeRule.java:process(124)) - SCM in safe mode. Healthy pipelines reported count is 0, required healthy pipeline reported count is 1
2022-06-19 13:04:55,045 [Command processor thread] INFO  ratis.XceiverServerRatis (XceiverServerRatis.java:addGroup(765)) - Created group PipelineID=68a11c86-8872-4edf-8917-247e35d136fd
2022-06-19 13:04:55,046 [Command processor thread] INFO  commandhandler.CreatePipelineCommandHandler (CreatePipelineCommandHandler.java:handle(113)) - Created Pipeline RATIS ONE PipelineID=68a11c86-8872-4edf-8917-247e35d136fd.
2022-06-19 13:04:55,046 [Command processor thread] INFO  server.RaftServer (RaftServerProxy.java:addNew(96)) - a1a795c4-f5a2-46b7-b5e4-aef7f82751b2: addNew group-B66F265A3155:[d57ef6cc-857b-4c4f-ab3c-49c4eddebbaf|rpc:10.1.0.4:38535|priority:0, 3336e988-a1cc-4f09-b2d1-22a9863ee945|rpc:10.1.0.4:37777|priority:0, a1a795c4-f5a2-46b7-b5e4-aef7f82751b2|rpc:10.1.0.4:34871|priority:1] returns group-B66F265A3155:java.util.concurrent.CompletableFuture@1af0c4d0[Not completed]
2022-06-19 13:04:55,047 [pool-96-thread-1] INFO  server.RaftServer$Division (RaftServerImpl.java:<init>(190)) - a1a795c4-f5a2-46b7-b5e4-aef7f82751b2: new RaftServerImpl for group-B66F265A3155:[d57ef6cc-857b-4c4f-ab3c-49c4eddebbaf|rpc:10.1.0.4:38535|priority:0, 3336e988-a1cc-4f09-b2d1-22a9863ee945|rpc:10.1.0.4:37777|priority:0, a1a795c4-f5a2-46b7-b5e4-aef7f82751b2|rpc:10.1.0.4:34871|priority:1] with ContainerStateMachine:uninitialized
2022-06-19 13:04:55,047 [pool-96-thread-1] INFO  server.RaftServerConfigKeys (ConfUtils.java:logGet(46)) - raft.server.rpc.timeout.min = 5s (custom)
2022-06-19 13:04:55,048 [pool-96-thread-1] INFO  server.RaftServerConfigKeys (ConfUtils.java:logGet(46)) - raft.server.rpc.timeout.max = 5200ms (custom)
2022-06-19 13:04:55,048 [pool-96-thread-1] INFO  server.RaftServerConfigKeys (ConfUtils.java:logGet(46)) - raft.server.rpc.sleep.time = 25ms (default)
2022-06-19 13:04:55,048 [pool-96-thread-1] INFO  server.RaftServerConfigKeys (ConfUtils.java:logGet(46)) - raft.server.rpc.slowness.timeout = 300s (custom)
2022-06-19 13:04:55,048 [pool-96-thread-1] INFO  server.RaftServerConfigKeys (ConfUtils.java:logGet(46)) - raft.server.leaderelection.leader.step-down.wait-time = 10s (default)
2022-06-19 13:04:55,048 [pool-96-thread-1] INFO  server.RaftServerConfigKeys (ConfUtils.java:logGet(46)) - raft.server.sleep.deviation.threshold = 300ms (default)
2022-06-19 13:04:55,048 [pool-96-thread-1] INFO  server.RaftServer$Division (ServerState.java:<init>(107)) - a1a795c4-f5a2-46b7-b5e4-aef7f82751b2@group-B66F265A3155: ConfigurationManager, init=-1: [d57ef6cc-857b-4c4f-ab3c-49c4eddebbaf|rpc:10.1.0.4:38535|priority:0, 3336e988-a1cc-4f09-b2d1-22a9863ee945|rpc:10.1.0.4:37777|priority:0, a1a795c4-f5a2-46b7-b5e4-aef7f82751b2|rpc:10.1.0.4:34871|priority:1], old=null, confs=<EMPTY_MAP>
2022-06-19 13:04:55,048 [pool-96-thread-1] INFO  server.RaftServerConfigKeys (ConfUtils.java:logGet(46)) - raft.server.storage.dir = [/home/runner/work/ozone/ozone/hadoop-ozone/integration-test/target/test-dir/MiniOzoneClusterImpl-9f34b74b-d5f0-454e-a8cb-06b69a9d8d3b/datanode-1/data/ratis] (custom)
2022-06-19 13:04:55,048 [pool-96-thread-1] INFO  server.RaftServerConfigKeys (ConfUtils.java:logGet(46)) - raft.server.log.corruption.policy = EXCEPTION (default)
2022-06-19 13:04:55,048 [pool-96-thread-1] INFO  server.RaftServerConfigKeys (ConfUtils.java:logGet(46)) - raft.server.storage.free-space.min = 0MB (=0) (default)
2022-06-19 13:04:55,048 [pool-96-thread-1] INFO  storage.RaftStorageDirectory (RaftStorageDirectoryImpl.java:analyzeStorage(135)) - The storage directory /home/runner/work/ozone/ozone/hadoop-ozone/integration-test/target/test-dir/MiniOzoneClusterImpl-9f34b74b-d5f0-454e-a8cb-06b69a9d8d3b/datanode-1/data/ratis/df729f6f-e340-4004-8212-b66f265a3155 does not exist. Creating ...
2022-06-19 13:04:55,049 [pool-96-thread-1] INFO  storage.RaftStorageDirectory (RaftStorageDirectoryImpl.java:tryLock(230)) - Lock on /home/runner/work/ozone/ozone/hadoop-ozone/integration-test/target/test-dir/MiniOzoneClusterImpl-9f34b74b-d5f0-454e-a8cb-06b69a9d8d3b/datanode-1/data/ratis/df729f6f-e340-4004-8212-b66f265a3155/in_use.lock acquired by nodename 17254@fv-az58-449
2022-06-19 13:04:55,050 [pool-96-thread-1] INFO  storage.RaftStorage (RaftStorageImpl.java:format(89)) - Storage directory /home/runner/work/ozone/ozone/hadoop-ozone/integration-test/target/test-dir/MiniOzoneClusterImpl-9f34b74b-d5f0-454e-a8cb-06b69a9d8d3b/datanode-1/data/ratis/df729f6f-e340-4004-8212-b66f265a3155 has been successfully formatted.
2022-06-19 13:04:55,050 [pool-96-thread-1] INFO  ratis.ContainerStateMachine (ContainerStateMachine.java:loadSnapshot(236)) - group-B66F265A3155: The snapshot info is null. Setting the last applied indexto:(t:0, i:~)
2022-06-19 13:04:55,051 [pool-96-thread-1] INFO  server.RaftServerConfigKeys (ConfUtils.java:logGet(46)) - raft.server.notification.no-leader.timeout = 300s (custom)
2022-06-19 13:04:55,051 [pool-96-thread-1] INFO  server.RaftServerConfigKeys (ConfUtils.java:logGet(46)) - raft.server.log.use.memory = false (default)
2022-06-19 13:04:55,051 [pool-96-thread-1] INFO  server.RaftServerConfigKeys (ConfUtils.java:logGet(46)) - raft.server.log.purge.gap = 1000000 (custom)
2022-06-19 13:04:55,051 [pool-96-thread-1] INFO  server.RaftServerConfigKeys (ConfUtils.java:logGet(46)) - raft.server.log.appender.buffer.byte-limit = 33554432 (custom)
2022-06-19 13:04:55,051 [pool-96-thread-1] INFO  server.RaftServerConfigKeys (ConfUtils.java:logGet(46)) - raft.server.log.statemachine.data.read.timeout = 1000ms (default)
2022-06-19 13:04:55,051 [pool-96-thread-1] INFO  server.RaftServerConfigKeys (ConfUtils.java:logGet(46)) - raft.server.log.segment.size.max = 1048576 (custom)
2022-06-19 13:04:55,052 [pool-96-thread-1] INFO  server.RaftServerConfigKeys (ConfUtils.java:logGet(46)) - raft.server.log.segment.cache.num.max = 2 (custom)
2022-06-19 13:04:55,052 [pool-96-thread-1] INFO  server.RaftServerConfigKeys (ConfUtils.java:logGet(46)) - raft.server.log.segment.cache.size.max = 200MB (=209715200) (default)
2022-06-19 13:04:55,052 [pool-96-thread-1] INFO  segmented.SegmentedRaftLogWorker (SegmentedRaftLogWorker.java:<init>(187)) - new a1a795c4-f5a2-46b7-b5e4-aef7f82751b2@group-B66F265A3155-SegmentedRaftLogWorker for RaftStorageImpl:Storage Directory /home/runner/work/ozone/ozone/hadoop-ozone/integration-test/target/test-dir/MiniOzoneClusterImpl-9f34b74b-d5f0-454e-a8cb-06b69a9d8d3b/datanode-1/data/ratis/df729f6f-e340-4004-8212-b66f265a3155
2022-06-19 13:04:55,052 [pool-96-thread-1] INFO  server.RaftServerConfigKeys (ConfUtils.java:logGet(46)) - raft.server.log.queue.byte-limit = 4294967296 (custom)
2022-06-19 13:04:55,052 [pool-96-thread-1] INFO  server.RaftServerConfigKeys (ConfUtils.java:logGet(46)) - raft.server.log.queue.element-limit = 1024 (custom)
2022-06-19 13:04:55,052 [pool-96-thread-1] INFO  server.RaftServerConfigKeys (ConfUtils.java:logGet(46)) - raft.server.log.segment.size.max = 1048576 (custom)
2022-06-19 13:04:55,052 [pool-96-thread-1] INFO  server.RaftServerConfigKeys (ConfUtils.java:logGet(46)) - raft.server.log.preallocated.size = 16384 (custom)
2022-06-19 13:04:55,052 [pool-96-thread-1] INFO  server.RaftServerConfigKeys (ConfUtils.java:logGet(46)) - raft.server.log.force.sync.num = 128 (default)
2022-06-19 13:04:55,052 [pool-96-thread-1] INFO  server.RaftServerConfigKeys (ConfUtils.java:logGet(46)) - raft.server.log.statemachine.data.sync = true (default)
2022-06-19 13:04:55,052 [pool-96-thread-1] INFO  server.RaftServerConfigKeys (ConfUtils.java:logGet(46)) - raft.server.log.statemachine.data.sync.timeout = 10s (default)
2022-06-19 13:04:55,052 [pool-96-thread-1] INFO  server.RaftServerConfigKeys (ConfUtils.java:logGet(46)) - raft.server.log.statemachine.data.sync.timeout.retry = -1 (default)
2022-06-19 13:04:55,053 [pool-96-thread-1] INFO  server.RaftServerConfigKeys (ConfUtils.java:logGet(46)) - raft.server.log.write.buffer.size = 1048576 (custom)
2022-06-19 13:04:55,058 [pool-96-thread-1] INFO  server.RaftServerConfigKeys (ConfUtils.java:logGet(46)) - raft.server.log.unsafe-flush.enabled = false (default)
2022-06-19 13:04:55,058 [pool-96-thread-1] INFO  server.RaftServerConfigKeys (ConfUtils.java:logGet(46)) - raft.server.log.statemachine.data.caching.enabled = true (custom)
2022-06-19 13:04:55,058 [pool-96-thread-1] INFO  segmented.SegmentedRaftLogWorker (SegmentedRaftLogWorker.java:lambda$new$0(135)) - a1a795c4-f5a2-46b7-b5e4-aef7f82751b2@group-B66F265A3155-SegmentedRaftLogWorker: flushIndex: setUnconditionally 0 -> -1
2022-06-19 13:04:55,058 [pool-96-thread-1] INFO  segmented.SegmentedRaftLogWorker (SegmentedRaftLogWorker.java:lambda$new$0(135)) - a1a795c4-f5a2-46b7-b5e4-aef7f82751b2@group-B66F265A3155-SegmentedRaftLogWorker: safeCacheEvictIndex: setUnconditionally 0 -> -1
2022-06-19 13:04:55,061 [EventQueue-OpenPipelineForHealthyPipelineSafeModeRule] INFO  safemode.SCMSafeModeManager (HealthyPipelineSafeModeRule.java:process(124)) - SCM in safe mode. Healthy pipelines reported count is 0, required healthy pipeline reported count is 1
2022-06-19 13:04:55,061 [pool-96-thread-1] INFO  server.RaftServerConfigKeys (ConfUtils.java:logGet(46)) - raft.server.snapshot.auto.trigger.enabled = true (custom)
2022-06-19 13:04:55,061 [pool-96-thread-1] INFO  server.RaftServerConfigKeys (ConfUtils.java:logGet(46)) - raft.server.snapshot.auto.trigger.threshold = 10000 (custom)
2022-06-19 13:04:55,061 [pool-96-thread-1] INFO  server.RaftServerConfigKeys (ConfUtils.java:logGet(46)) - raft.server.snapshot.retention.file.num = 5 (custom)
2022-06-19 13:04:55,061 [pool-96-thread-1] INFO  server.RaftServerConfigKeys (ConfUtils.java:logGet(46)) - raft.server.log.purge.upto.snapshot.index = false (default)
2022-06-19 13:04:55,061 [pool-96-thread-1] INFO  server.RaftServerConfigKeys (ConfUtils.java:logGet(46)) - raft.server.retrycache.expirytime = 600000ms (custom)
2022-06-19 13:04:55,061 [pool-96-thread-1] INFO  server.RaftServerConfigKeys (ConfUtils.java:logGet(46)) - raft.server.retrycache.statistics.expirytime = 100μs (default)
2022-06-19 13:04:55,062 [pool-96-thread-1] INFO  server.RaftServerConfigKeys (ConfUtils.java:logGet(46)) - raft.server.log.appender.install.snapshot.enabled = false (custom)
2022-06-19 13:04:55,062 [pool-96-thread-1] INFO  server.RaftServerConfigKeys (ConfUtils.java:logGet(46)) - raft.server.threadpool.server.cached = true (default)
2022-06-19 13:04:55,062 [pool-96-thread-1] INFO  server.RaftServerConfigKeys (ConfUtils.java:logGet(46)) - raft.server.threadpool.server.size = 0 (default)
2022-06-19 13:04:55,063 [pool-96-thread-1] INFO  server.RaftServerConfigKeys (ConfUtils.java:logGet(46)) - raft.server.threadpool.client.cached = true (default)
2022-06-19 13:04:55,063 [pool-96-thread-1] INFO  server.RaftServerConfigKeys (ConfUtils.java:logGet(46)) - raft.server.threadpool.client.size = 0 (default)
2022-06-19 13:04:55,063 [pool-96-thread-1] INFO  server.RaftServer$Division (RaftServerImpl.java:start(310)) - a1a795c4-f5a2-46b7-b5e4-aef7f82751b2@group-B66F265A3155: start as a follower, conf=-1: [d57ef6cc-857b-4c4f-ab3c-49c4eddebbaf|rpc:10.1.0.4:38535|priority:0, 3336e988-a1cc-4f09-b2d1-22a9863ee945|rpc:10.1.0.4:37777|priority:0, a1a795c4-f5a2-46b7-b5e4-aef7f82751b2|rpc:10.1.0.4:34871|priority:1], old=null
2022-06-19 13:04:55,063 [pool-96-thread-1] INFO  server.RaftServer$Division (RaftServerImpl.java:setRole(299)) - a1a795c4-f5a2-46b7-b5e4-aef7f82751b2@group-B66F265A3155: changes role from      null to FOLLOWER at term 0 for startAsFollower
2022-06-19 13:04:55,063 [pool-96-thread-1] INFO  impl.RoleInfo (RoleInfo.java:updateAndGet(139)) - a1a795c4-f5a2-46b7-b5e4-aef7f82751b2: start a1a795c4-f5a2-46b7-b5e4-aef7f82751b2@group-B66F265A3155-FollowerState
2022-06-19 13:04:55,063 [pool-96-thread-1] INFO  util.JmxRegister (JmxRegister.java:tryRegister(44)) - Successfully registered JMX Bean with object name Ratis:service=RaftServer,group=group-B66F265A3155,id=a1a795c4-f5a2-46b7-b5e4-aef7f82751b2
2022-06-19 13:04:55,064 [Command processor thread] INFO  ratis.XceiverServerRatis (XceiverServerRatis.java:addGroup(765)) - Created group PipelineID=df729f6f-e340-4004-8212-b66f265a3155
2022-06-19 13:04:55,151 [grpc-default-executor-0] INFO  server.RaftServer (RaftServerProxy.java:addNew(96)) - 3336e988-a1cc-4f09-b2d1-22a9863ee945: addNew group-B66F265A3155:[d57ef6cc-857b-4c4f-ab3c-49c4eddebbaf|rpc:10.1.0.4:38535|dataStream:|priority:0, 3336e988-a1cc-4f09-b2d1-22a9863ee945|rpc:10.1.0.4:37777|dataStream:|priority:0, a1a795c4-f5a2-46b7-b5e4-aef7f82751b2|rpc:10.1.0.4:34871|dataStream:|priority:1] returns group-B66F265A3155:java.util.concurrent.CompletableFuture@2d2604fa[Not completed]
2022-06-19 13:04:55,160 [pool-119-thread-1] INFO  server.RaftServer$Division (RaftServerImpl.java:<init>(190)) - 3336e988-a1cc-4f09-b2d1-22a9863ee945: new RaftServerImpl for group-B66F265A3155:[d57ef6cc-857b-4c4f-ab3c-49c4eddebbaf|rpc:10.1.0.4:38535|dataStream:|priority:0, 3336e988-a1cc-4f09-b2d1-22a9863ee945|rpc:10.1.0.4:37777|dataStream:|priority:0, a1a795c4-f5a2-46b7-b5e4-aef7f82751b2|rpc:10.1.0.4:34871|dataStream:|priority:1] with ContainerStateMachine:uninitialized
2022-06-19 13:04:55,160 [pool-119-thread-1] INFO  server.RaftServerConfigKeys (ConfUtils.java:logGet(46)) - raft.server.rpc.timeout.min = 5s (custom)
2022-06-19 13:04:55,160 [pool-119-thread-1] INFO  server.RaftServerConfigKeys (ConfUtils.java:logGet(46)) - raft.server.rpc.timeout.max = 5200ms (custom)
2022-06-19 13:04:55,160 [pool-119-thread-1] INFO  server.RaftServerConfigKeys (ConfUtils.java:logGet(46)) - raft.server.rpc.sleep.time = 25ms (default)
2022-06-19 13:04:55,160 [pool-119-thread-1] INFO  server.RaftServerConfigKeys (ConfUtils.java:logGet(46)) - raft.server.rpc.slowness.timeout = 300s (custom)
2022-06-19 13:04:55,160 [pool-119-thread-1] INFO  server.RaftServerConfigKeys (ConfUtils.java:logGet(46)) - raft.server.leaderelection.leader.step-down.wait-time = 10s (default)
2022-06-19 13:04:55,160 [pool-119-thread-1] INFO  server.RaftServerConfigKeys (ConfUtils.java:logGet(46)) - raft.server.sleep.deviation.threshold = 300ms (default)
2022-06-19 13:04:55,160 [pool-119-thread-1] INFO  server.RaftServer$Division (ServerState.java:<init>(107)) - 3336e988-a1cc-4f09-b2d1-22a9863ee945@group-B66F265A3155: ConfigurationManager, init=-1: [d57ef6cc-857b-4c4f-ab3c-49c4eddebbaf|rpc:10.1.0.4:38535|dataStream:|priority:0, 3336e988-a1cc-4f09-b2d1-22a9863ee945|rpc:10.1.0.4:37777|dataStream:|priority:0, a1a795c4-f5a2-46b7-b5e4-aef7f82751b2|rpc:10.1.0.4:34871|dataStream:|priority:1], old=null, confs=<EMPTY_MAP>
2022-06-19 13:04:55,160 [pool-119-thread-1] INFO  server.RaftServerConfigKeys (ConfUtils.java:logGet(46)) - raft.server.storage.dir = [/home/runner/work/ozone/ozone/hadoop-ozone/integration-test/target/test-dir/MiniOzoneClusterImpl-9f34b74b-d5f0-454e-a8cb-06b69a9d8d3b/datanode-2/data/ratis] (custom)
2022-06-19 13:04:55,160 [pool-119-thread-1] INFO  server.RaftServerConfigKeys (ConfUtils.java:logGet(46)) - raft.server.log.corruption.policy = EXCEPTION (default)
2022-06-19 13:04:55,160 [pool-119-thread-1] INFO  server.RaftServerConfigKeys (ConfUtils.java:logGet(46)) - raft.server.storage.free-space.min = 0MB (=0) (default)
2022-06-19 13:04:55,161 [pool-119-thread-1] INFO  storage.RaftStorageDirectory (RaftStorageDirectoryImpl.java:analyzeStorage(135)) - The storage directory /home/runner/work/ozone/ozone/hadoop-ozone/integration-test/target/test-dir/MiniOzoneClusterImpl-9f34b74b-d5f0-454e-a8cb-06b69a9d8d3b/datanode-2/data/ratis/df729f6f-e340-4004-8212-b66f265a3155 does not exist. Creating ...
2022-06-19 13:04:55,162 [pool-119-thread-1] INFO  storage.RaftStorageDirectory (RaftStorageDirectoryImpl.java:tryLock(230)) - Lock on /home/runner/work/ozone/ozone/hadoop-ozone/integration-test/target/test-dir/MiniOzoneClusterImpl-9f34b74b-d5f0-454e-a8cb-06b69a9d8d3b/datanode-2/data/ratis/df729f6f-e340-4004-8212-b66f265a3155/in_use.lock acquired by nodename 17254@fv-az58-449
2022-06-19 13:04:55,163 [pool-119-thread-1] INFO  storage.RaftStorage (RaftStorageImpl.java:format(89)) - Storage directory /home/runner/work/ozone/ozone/hadoop-ozone/integration-test/target/test-dir/MiniOzoneClusterImpl-9f34b74b-d5f0-454e-a8cb-06b69a9d8d3b/datanode-2/data/ratis/df729f6f-e340-4004-8212-b66f265a3155 has been successfully formatted.
2022-06-19 13:04:55,170 [pool-119-thread-1] INFO  ratis.ContainerStateMachine (ContainerStateMachine.java:loadSnapshot(236)) - group-B66F265A3155: The snapshot info is null. Setting the last applied indexto:(t:0, i:~)
2022-06-19 13:04:55,171 [pool-119-thread-1] INFO  server.RaftServerConfigKeys (ConfUtils.java:logGet(46)) - raft.server.notification.no-leader.timeout = 300s (custom)
2022-06-19 13:04:55,171 [pool-119-thread-1] INFO  server.RaftServerConfigKeys (ConfUtils.java:logGet(46)) - raft.server.log.use.memory = false (default)
2022-06-19 13:04:55,171 [pool-119-thread-1] INFO  server.RaftServerConfigKeys (ConfUtils.java:logGet(46)) - raft.server.log.purge.gap = 1000000 (custom)
2022-06-19 13:04:55,171 [pool-119-thread-1] INFO  server.RaftServerConfigKeys (ConfUtils.java:logGet(46)) - raft.server.log.appender.buffer.byte-limit = 33554432 (custom)
2022-06-19 13:04:55,171 [pool-119-thread-1] INFO  server.RaftServerConfigKeys (ConfUtils.java:logGet(46)) - raft.server.log.statemachine.data.read.timeout = 1000ms (default)
2022-06-19 13:04:55,172 [pool-119-thread-1] INFO  server.RaftServerConfigKeys (ConfUtils.java:logGet(46)) - raft.server.log.segment.size.max = 1048576 (custom)
2022-06-19 13:04:55,172 [pool-119-thread-1] INFO  server.RaftServerConfigKeys (ConfUtils.java:logGet(46)) - raft.server.log.segment.cache.num.max = 2 (custom)
2022-06-19 13:04:55,172 [pool-119-thread-1] INFO  server.RaftServerConfigKeys (ConfUtils.java:logGet(46)) - raft.server.log.segment.cache.size.max = 200MB (=209715200) (default)
2022-06-19 13:04:55,172 [pool-119-thread-1] INFO  segmented.SegmentedRaftLogWorker (SegmentedRaftLogWorker.java:<init>(187)) - new 3336e988-a1cc-4f09-b2d1-22a9863ee945@group-B66F265A3155-SegmentedRaftLogWorker for RaftStorageImpl:Storage Directory /home/runner/work/ozone/ozone/hadoop-ozone/integration-test/target/test-dir/MiniOzoneClusterImpl-9f34b74b-d5f0-454e-a8cb-06b69a9d8d3b/datanode-2/data/ratis/df729f6f-e340-4004-8212-b66f265a3155
2022-06-19 13:04:55,172 [pool-119-thread-1] INFO  server.RaftServerConfigKeys (ConfUtils.java:logGet(46)) - raft.server.log.queue.byte-limit = 4294967296 (custom)
2022-06-19 13:04:55,172 [pool-119-thread-1] INFO  server.RaftServerConfigKeys (ConfUtils.java:logGet(46)) - raft.server.log.queue.element-limit = 1024 (custom)
2022-06-19 13:04:55,172 [pool-119-thread-1] INFO  server.RaftServerConfigKeys (ConfUtils.java:logGet(46)) - raft.server.log.segment.size.max = 1048576 (custom)
2022-06-19 13:04:55,172 [pool-119-thread-1] INFO  server.RaftServerConfigKeys (ConfUtils.java:logGet(46)) - raft.server.log.preallocated.size = 16384 (custom)
2022-06-19 13:04:55,172 [pool-119-thread-1] INFO  server.RaftServerConfigKeys (ConfUtils.java:logGet(46)) - raft.server.log.force.sync.num = 128 (default)
2022-06-19 13:04:55,172 [pool-119-thread-1] INFO  server.RaftServerConfigKeys (ConfUtils.java:logGet(46)) - raft.server.log.statemachine.data.sync = true (default)
2022-06-19 13:04:55,172 [pool-119-thread-1] INFO  server.RaftServerConfigKeys (ConfUtils.java:logGet(46)) - raft.server.log.statemachine.data.sync.timeout = 10s (default)
2022-06-19 13:04:55,172 [pool-119-thread-1] INFO  server.RaftServerConfigKeys (ConfUtils.java:logGet(46)) - raft.server.log.statemachine.data.sync.timeout.retry = -1 (default)
2022-06-19 13:04:55,176 [pool-119-thread-1] INFO  server.RaftServerConfigKeys (ConfUtils.java:logGet(46)) - raft.server.log.write.buffer.size = 1048576 (custom)
2022-06-19 13:04:55,176 [pool-119-thread-1] INFO  server.RaftServerConfigKeys (ConfUtils.java:logGet(46)) - raft.server.log.unsafe-flush.enabled = false (default)
2022-06-19 13:04:55,176 [pool-119-thread-1] INFO  server.RaftServerConfigKeys (ConfUtils.java:logGet(46)) - raft.server.log.statemachine.data.caching.enabled = true (custom)
2022-06-19 13:04:55,177 [pool-119-thread-1] INFO  segmented.SegmentedRaftLogWorker (SegmentedRaftLogWorker.java:lambda$new$0(135)) - 3336e988-a1cc-4f09-b2d1-22a9863ee945@group-B66F265A3155-SegmentedRaftLogWorker: flushIndex: setUnconditionally 0 -> -1
2022-06-19 13:04:55,177 [pool-119-thread-1] INFO  segmented.SegmentedRaftLogWorker (SegmentedRaftLogWorker.java:lambda$new$0(135)) - 3336e988-a1cc-4f09-b2d1-22a9863ee945@group-B66F265A3155-SegmentedRaftLogWorker: safeCacheEvictIndex: setUnconditionally 0 -> -1
2022-06-19 13:04:55,181 [pool-119-thread-1] INFO  server.RaftServerConfigKeys (ConfUtils.java:logGet(46)) - raft.server.snapshot.auto.trigger.enabled = true (custom)
2022-06-19 13:04:55,181 [pool-119-thread-1] INFO  server.RaftServerConfigKeys (ConfUtils.java:logGet(46)) - raft.server.snapshot.auto.trigger.threshold = 10000 (custom)
2022-06-19 13:04:55,181 [pool-119-thread-1] INFO  server.RaftServerConfigKeys (ConfUtils.java:logGet(46)) - raft.server.snapshot.retention.file.num = 5 (custom)
2022-06-19 13:04:55,186 [pool-119-thread-1] INFO  server.RaftServerConfigKeys (ConfUtils.java:logGet(46)) - raft.server.log.purge.upto.snapshot.index = false (default)
2022-06-19 13:04:55,186 [pool-119-thread-1] INFO  server.RaftServerConfigKeys (ConfUtils.java:logGet(46)) - raft.server.retrycache.expirytime = 600000ms (custom)
2022-06-19 13:04:55,186 [pool-119-thread-1] INFO  server.RaftServerConfigKeys (ConfUtils.java:logGet(46)) - raft.server.retrycache.statistics.expirytime = 100μs (default)
2022-06-19 13:04:55,189 [pool-119-thread-1] INFO  server.RaftServerConfigKeys (ConfUtils.java:logGet(46)) - raft.server.log.appender.install.snapshot.enabled = false (custom)
2022-06-19 13:04:55,189 [pool-119-thread-1] INFO  server.RaftServerConfigKeys (ConfUtils.java:logGet(46)) - raft.server.threadpool.server.cached = true (default)
2022-06-19 13:04:55,189 [pool-119-thread-1] INFO  server.RaftServerConfigKeys (ConfUtils.java:logGet(46)) - raft.server.threadpool.server.size = 0 (default)
2022-06-19 13:04:55,189 [pool-119-thread-1] INFO  server.RaftServerConfigKeys (ConfUtils.java:logGet(46)) - raft.server.threadpool.client.cached = true (default)
2022-06-19 13:04:55,189 [pool-119-thread-1] INFO  server.RaftServerConfigKeys (ConfUtils.java:logGet(46)) - raft.server.threadpool.client.size = 0 (default)
2022-06-19 13:04:55,189 [pool-119-thread-1] INFO  server.RaftServer$Division (RaftServerImpl.java:start(310)) - 3336e988-a1cc-4f09-b2d1-22a9863ee945@group-B66F265A3155: start as a follower, conf=-1: [d57ef6cc-857b-4c4f-ab3c-49c4eddebbaf|rpc:10.1.0.4:38535|dataStream:|priority:0, 3336e988-a1cc-4f09-b2d1-22a9863ee945|rpc:10.1.0.4:37777|dataStream:|priority:0, a1a795c4-f5a2-46b7-b5e4-aef7f82751b2|rpc:10.1.0.4:34871|dataStream:|priority:1], old=null
2022-06-19 13:04:55,189 [pool-119-thread-1] INFO  server.RaftServer$Division (RaftServerImpl.java:setRole(299)) - 3336e988-a1cc-4f09-b2d1-22a9863ee945@group-B66F265A3155: changes role from      null to FOLLOWER at term 0 for startAsFollower
2022-06-19 13:04:55,189 [pool-119-thread-1] INFO  impl.RoleInfo (RoleInfo.java:updateAndGet(139)) - 3336e988-a1cc-4f09-b2d1-22a9863ee945: start 3336e988-a1cc-4f09-b2d1-22a9863ee945@group-B66F265A3155-FollowerState
2022-06-19 13:04:55,195 [pool-119-thread-1] INFO  util.JmxRegister (JmxRegister.java:tryRegister(44)) - Successfully registered JMX Bean with object name Ratis:service=RaftServer,group=group-B66F265A3155,id=3336e988-a1cc-4f09-b2d1-22a9863ee945
2022-06-19 13:04:55,272 [Command processor thread] INFO  server.RaftServer (RaftServerProxy.java:addNew(96)) - 3336e988-a1cc-4f09-b2d1-22a9863ee945: addNew group-0EA6E9BD2DA0:[3336e988-a1cc-4f09-b2d1-22a9863ee945|rpc:10.1.0.4:37777|priority:1] returns group-0EA6E9BD2DA0:java.util.concurrent.CompletableFuture@532b6df2[Not completed]
2022-06-19 13:04:55,273 [pool-119-thread-1] INFO  server.RaftServer$Division (RaftServerImpl.java:<init>(190)) - 3336e988-a1cc-4f09-b2d1-22a9863ee945: new RaftServerImpl for group-0EA6E9BD2DA0:[3336e988-a1cc-4f09-b2d1-22a9863ee945|rpc:10.1.0.4:37777|priority:1] with ContainerStateMachine:uninitialized
2022-06-19 13:04:55,273 [pool-119-thread-1] INFO  server.RaftServerConfigKeys (ConfUtils.java:logGet(46)) - raft.server.rpc.timeout.min = 5s (custom)
2022-06-19 13:04:55,273 [pool-119-thread-1] INFO  server.RaftServerConfigKeys (ConfUtils.java:logGet(46)) - raft.server.rpc.timeout.max = 5200ms (custom)
2022-06-19 13:04:55,273 [pool-119-thread-1] INFO  server.RaftServerConfigKeys (ConfUtils.java:logGet(46)) - raft.server.rpc.sleep.time = 25ms (default)
2022-06-19 13:04:55,273 [pool-119-thread-1] INFO  server.RaftServerConfigKeys (ConfUtils.java:logGet(46)) - raft.server.rpc.slowness.timeout = 300s (custom)
2022-06-19 13:04:55,273 [pool-119-thread-1] INFO  server.RaftServerConfigKeys (ConfUtils.java:logGet(46)) - raft.server.leaderelection.leader.step-down.wait-time = 10s (default)
2022-06-19 13:04:55,273 [pool-119-thread-1] INFO  server.RaftServerConfigKeys (ConfUtils.java:logGet(46)) - raft.server.sleep.deviation.threshold = 300ms (default)
2022-06-19 13:04:55,273 [pool-119-thread-1] INFO  server.RaftServer$Division (ServerState.java:<init>(107)) - 3336e988-a1cc-4f09-b2d1-22a9863ee945@group-0EA6E9BD2DA0: ConfigurationManager, init=-1: [3336e988-a1cc-4f09-b2d1-22a9863ee945|rpc:10.1.0.4:37777|priority:1], old=null, confs=<EMPTY_MAP>
2022-06-19 13:04:55,274 [pool-119-thread-1] INFO  server.RaftServerConfigKeys (ConfUtils.java:logGet(46)) - raft.server.storage.dir = [/home/runner/work/ozone/ozone/hadoop-ozone/integration-test/target/test-dir/MiniOzoneClusterImpl-9f34b74b-d5f0-454e-a8cb-06b69a9d8d3b/datanode-2/data/ratis] (custom)
2022-06-19 13:04:55,274 [pool-119-thread-1] INFO  server.RaftServerConfigKeys (ConfUtils.java:logGet(46)) - raft.server.log.corruption.policy = EXCEPTION (default)
2022-06-19 13:04:55,274 [pool-119-thread-1] INFO  server.RaftServerConfigKeys (ConfUtils.java:logGet(46)) - raft.server.storage.free-space.min = 0MB (=0) (default)
2022-06-19 13:04:55,274 [pool-119-thread-1] INFO  storage.RaftStorageDirectory (RaftStorageDirectoryImpl.java:analyzeStorage(135)) - The storage directory /home/runner/work/ozone/ozone/hadoop-ozone/integration-test/target/test-dir/MiniOzoneClusterImpl-9f34b74b-d5f0-454e-a8cb-06b69a9d8d3b/datanode-2/data/ratis/6e2c370d-3d7e-4933-a91d-0ea6e9bd2da0 does not exist. Creating ...
2022-06-19 13:04:55,275 [pool-119-thread-1] INFO  storage.RaftStorageDirectory (RaftStorageDirectoryImpl.java:tryLock(230)) - Lock on /home/runner/work/ozone/ozone/hadoop-ozone/integration-test/target/test-dir/MiniOzoneClusterImpl-9f34b74b-d5f0-454e-a8cb-06b69a9d8d3b/datanode-2/data/ratis/6e2c370d-3d7e-4933-a91d-0ea6e9bd2da0/in_use.lock acquired by nodename 17254@fv-az58-449
2022-06-19 13:04:55,278 [pool-119-thread-1] INFO  storage.RaftStorage (RaftStorageImpl.java:format(89)) - Storage directory /home/runner/work/ozone/ozone/hadoop-ozone/integration-test/target/test-dir/MiniOzoneClusterImpl-9f34b74b-d5f0-454e-a8cb-06b69a9d8d3b/datanode-2/data/ratis/6e2c370d-3d7e-4933-a91d-0ea6e9bd2da0 has been successfully formatted.
2022-06-19 13:04:55,278 [pool-119-thread-1] INFO  ratis.ContainerStateMachine (ContainerStateMachine.java:loadSnapshot(236)) - group-0EA6E9BD2DA0: The snapshot info is null. Setting the last applied indexto:(t:0, i:~)
2022-06-19 13:04:55,279 [pool-119-thread-1] INFO  server.RaftServerConfigKeys (ConfUtils.java:logGet(46)) - raft.server.notification.no-leader.timeout = 300s (custom)
2022-06-19 13:04:55,279 [pool-119-thread-1] INFO  server.RaftServerConfigKeys (ConfUtils.java:logGet(46)) - raft.server.log.use.memory = false (default)
2022-06-19 13:04:55,279 [pool-119-thread-1] INFO  server.RaftServerConfigKeys (ConfUtils.java:logGet(46)) - raft.server.log.purge.gap = 1000000 (custom)
2022-06-19 13:04:55,279 [pool-119-thread-1] INFO  server.RaftServerConfigKeys (ConfUtils.java:logGet(46)) - raft.server.log.appender.buffer.byte-limit = 33554432 (custom)
2022-06-19 13:04:55,279 [pool-119-thread-1] INFO  server.RaftServerConfigKeys (ConfUtils.java:logGet(46)) - raft.server.log.statemachine.data.read.timeout = 1000ms (default)
2022-06-19 13:04:55,279 [pool-119-thread-1] INFO  server.RaftServerConfigKeys (ConfUtils.java:logGet(46)) - raft.server.log.segment.size.max = 1048576 (custom)
2022-06-19 13:04:55,279 [pool-119-thread-1] INFO  server.RaftServerConfigKeys (ConfUtils.java:logGet(46)) - raft.server.log.segment.cache.num.max = 2 (custom)
2022-06-19 13:04:55,279 [pool-119-thread-1] INFO  server.RaftServerConfigKeys (ConfUtils.java:logGet(46)) - raft.server.log.segment.cache.size.max = 200MB (=209715200) (default)
2022-06-19 13:04:55,279 [pool-119-thread-1] INFO  segmented.SegmentedRaftLogWorker (SegmentedRaftLogWorker.java:<init>(187)) - new 3336e988-a1cc-4f09-b2d1-22a9863ee945@group-0EA6E9BD2DA0-SegmentedRaftLogWorker for RaftStorageImpl:Storage Directory /home/runner/work/ozone/ozone/hadoop-ozone/integration-test/target/test-dir/MiniOzoneClusterImpl-9f34b74b-d5f0-454e-a8cb-06b69a9d8d3b/datanode-2/data/ratis/6e2c370d-3d7e-4933-a91d-0ea6e9bd2da0
2022-06-19 13:04:55,286 [pool-119-thread-1] INFO  server.RaftServerConfigKeys (ConfUtils.java:logGet(46)) - raft.server.log.queue.byte-limit = 4294967296 (custom)
2022-06-19 13:04:55,286 [pool-119-thread-1] INFO  server.RaftServerConfigKeys (ConfUtils.java:logGet(46)) - raft.server.log.queue.element-limit = 1024 (custom)
2022-06-19 13:04:55,286 [pool-119-thread-1] INFO  server.RaftServerConfigKeys (ConfUtils.java:logGet(46)) - raft.server.log.segment.size.max = 1048576 (custom)
2022-06-19 13:04:55,287 [pool-119-thread-1] INFO  server.RaftServerConfigKeys (ConfUtils.java:logGet(46)) - raft.server.log.preallocated.size = 16384 (custom)
2022-06-19 13:04:55,287 [pool-119-thread-1] INFO  server.RaftServerConfigKeys (ConfUtils.java:logGet(46)) - raft.server.log.force.sync.num = 128 (default)
2022-06-19 13:04:55,287 [pool-119-thread-1] INFO  server.RaftServerConfigKeys (ConfUtils.java:logGet(46)) - raft.server.log.statemachine.data.sync = true (default)
2022-06-19 13:04:55,287 [pool-119-thread-1] INFO  server.RaftServerConfigKeys (ConfUtils.java:logGet(46)) - raft.server.log.statemachine.data.sync.timeout = 10s (default)
2022-06-19 13:04:55,287 [pool-119-thread-1] INFO  server.RaftServerConfigKeys (ConfUtils.java:logGet(46)) - raft.server.log.statemachine.data.sync.timeout.retry = -1 (default)
2022-06-19 13:04:55,287 [pool-119-thread-1] INFO  server.RaftServerConfigKeys (ConfUtils.java:logGet(46)) - raft.server.log.write.buffer.size = 1048576 (custom)
2022-06-19 13:04:55,288 [pool-119-thread-1] INFO  server.RaftServerConfigKeys (ConfUtils.java:logGet(46)) - raft.server.log.unsafe-flush.enabled = false (default)
2022-06-19 13:04:55,288 [pool-119-thread-1] INFO  server.RaftServerConfigKeys (ConfUtils.java:logGet(46)) - raft.server.log.statemachine.data.caching.enabled = true (custom)
2022-06-19 13:04:55,288 [pool-119-thread-1] INFO  segmented.SegmentedRaftLogWorker (SegmentedRaftLogWorker.java:lambda$new$0(135)) - 3336e988-a1cc-4f09-b2d1-22a9863ee945@group-0EA6E9BD2DA0-SegmentedRaftLogWorker: flushIndex: setUnconditionally 0 -> -1
2022-06-19 13:04:55,288 [pool-119-thread-1] INFO  segmented.SegmentedRaftLogWorker (SegmentedRaftLogWorker.java:lambda$new$0(135)) - 3336e988-a1cc-4f09-b2d1-22a9863ee945@group-0EA6E9BD2DA0-SegmentedRaftLogWorker: safeCacheEvictIndex: setUnconditionally 0 -> -1
2022-06-19 13:04:55,288 [pool-119-thread-1] INFO  server.RaftServerConfigKeys (ConfUtils.java:logGet(46)) - raft.server.snapshot.auto.trigger.enabled = true (custom)
2022-06-19 13:04:55,289 [pool-119-thread-1] INFO  server.RaftServerConfigKeys (ConfUtils.java:logGet(46)) - raft.server.snapshot.auto.trigger.threshold = 10000 (custom)
2022-06-19 13:04:55,289 [pool-119-thread-1] INFO  server.RaftServerConfigKeys (ConfUtils.java:logGet(46)) - raft.server.snapshot.retention.file.num = 5 (custom)
2022-06-19 13:04:55,289 [pool-119-thread-1] INFO  server.RaftServerConfigKeys (ConfUtils.java:logGet(46)) - raft.server.log.purge.upto.snapshot.index = false (default)
2022-06-19 13:04:55,289 [pool-119-thread-1] INFO  server.RaftServerConfigKeys (ConfUtils.java:logGet(46)) - raft.server.retrycache.expirytime = 600000ms (custom)
2022-06-19 13:04:55,289 [pool-119-thread-1] INFO  server.RaftServerConfigKeys (ConfUtils.java:logGet(46)) - raft.server.retrycache.statistics.expirytime = 100μs (default)
2022-06-19 13:04:55,290 [pool-119-thread-1] INFO  server.RaftServerConfigKeys (ConfUtils.java:logGet(46)) - raft.server.log.appender.install.snapshot.enabled = false (custom)
2022-06-19 13:04:55,290 [pool-119-thread-1] INFO  server.RaftServerConfigKeys (ConfUtils.java:logGet(46)) - raft.server.threadpool.server.cached = true (default)
2022-06-19 13:04:55,290 [pool-119-thread-1] INFO  server.RaftServerConfigKeys (ConfUtils.java:logGet(46)) - raft.server.threadpool.server.size = 0 (default)
2022-06-19 13:04:55,290 [pool-119-thread-1] INFO  server.RaftServerConfigKeys (ConfUtils.java:logGet(46)) - raft.server.threadpool.client.cached = true (default)
2022-06-19 13:04:55,290 [pool-119-thread-1] INFO  server.RaftServerConfigKeys (ConfUtils.java:logGet(46)) - raft.server.threadpool.client.size = 0 (default)
2022-06-19 13:04:55,290 [pool-119-thread-1] INFO  server.RaftServer$Division (RaftServerImpl.java:start(310)) - 3336e988-a1cc-4f09-b2d1-22a9863ee945@group-0EA6E9BD2DA0: start as a follower, conf=-1: [3336e988-a1cc-4f09-b2d1-22a9863ee945|rpc:10.1.0.4:37777|priority:1], old=null
2022-06-19 13:04:55,290 [pool-119-thread-1] INFO  server.RaftServer$Division (RaftServerImpl.java:setRole(299)) - 3336e988-a1cc-4f09-b2d1-22a9863ee945@group-0EA6E9BD2DA0: changes role from      null to FOLLOWER at term 0 for startAsFollower
2022-06-19 13:04:55,290 [pool-119-thread-1] INFO  impl.RoleInfo (RoleInfo.java:updateAndGet(139)) - 3336e988-a1cc-4f09-b2d1-22a9863ee945: start 3336e988-a1cc-4f09-b2d1-22a9863ee945@group-0EA6E9BD2DA0-FollowerState
2022-06-19 13:04:55,290 [pool-119-thread-1] INFO  util.JmxRegister (JmxRegister.java:tryRegister(44)) - Successfully registered JMX Bean with object name Ratis:service=RaftServer,group=group-0EA6E9BD2DA0,id=3336e988-a1cc-4f09-b2d1-22a9863ee945
2022-06-19 13:04:55,291 [Command processor thread] INFO  ratis.XceiverServerRatis (XceiverServerRatis.java:addGroup(765)) - Created group PipelineID=6e2c370d-3d7e-4933-a91d-0ea6e9bd2da0
2022-06-19 13:04:55,291 [Command processor thread] INFO  commandhandler.CreatePipelineCommandHandler (CreatePipelineCommandHandler.java:handle(113)) - Created Pipeline RATIS ONE PipelineID=6e2c370d-3d7e-4933-a91d-0ea6e9bd2da0.
2022-06-19 13:04:55,293 [Command processor thread] INFO  server.RaftServer (RaftServerProxy.java:addNew(96)) - 3336e988-a1cc-4f09-b2d1-22a9863ee945: addNew group-83B20A47FECA:[d57ef6cc-857b-4c4f-ab3c-49c4eddebbaf|rpc:10.1.0.4:38535|priority:0, 3336e988-a1cc-4f09-b2d1-22a9863ee945|rpc:10.1.0.4:37777|priority:1, a1a795c4-f5a2-46b7-b5e4-aef7f82751b2|rpc:10.1.0.4:34871|priority:0] returns group-83B20A47FECA:java.util.concurrent.CompletableFuture@5dec99e7[Not completed]
2022-06-19 13:04:55,293 [EventQueue-PipelineReportForPipelineReportHandler] INFO  pipeline.PipelineManagerImpl (PipelineManagerImpl.java:openPipeline(356)) - Pipeline Pipeline[ Id: 6e2c370d-3d7e-4933-a91d-0ea6e9bd2da0, Nodes: 3336e988-a1cc-4f09-b2d1-22a9863ee945{ip: 10.1.0.4, host: fv-az58-449.32bp4kehjaiexiom31oljkjdjg.cx.internal.cloudapp.net, ports: [REPLICATION=44271, RATIS=37777, RATIS_ADMIN=37777, RATIS_SERVER=37777, STANDALONE=42101], networkLocation: /default-rack, certSerialId: null, persistedOpState: IN_SERVICE, persistedOpStateExpiryEpochSec: 0}, ReplicationConfig: RATIS/ONE, State:ALLOCATED, leaderId:3336e988-a1cc-4f09-b2d1-22a9863ee945, CreationTimestamp2022-06-19T13:04:52.275Z[Etc/UTC]] moved to OPEN state
2022-06-19 13:04:55,294 [EventQueue-OpenPipelineForHealthyPipelineSafeModeRule] INFO  safemode.SCMSafeModeManager (HealthyPipelineSafeModeRule.java:process(124)) - SCM in safe mode. Healthy pipelines reported count is 0, required healthy pipeline reported count is 1
2022-06-19 13:04:55,295 [pool-119-thread-1] INFO  server.RaftServer$Division (RaftServerImpl.java:<init>(190)) - 3336e988-a1cc-4f09-b2d1-22a9863ee945: new RaftServerImpl for group-83B20A47FECA:[d57ef6cc-857b-4c4f-ab3c-49c4eddebbaf|rpc:10.1.0.4:38535|priority:0, 3336e988-a1cc-4f09-b2d1-22a9863ee945|rpc:10.1.0.4:37777|priority:1, a1a795c4-f5a2-46b7-b5e4-aef7f82751b2|rpc:10.1.0.4:34871|priority:0] with ContainerStateMachine:uninitialized
2022-06-19 13:04:55,296 [pool-119-thread-1] INFO  server.RaftServerConfigKeys (ConfUtils.java:logGet(46)) - raft.server.rpc.timeout.min = 5s (custom)
2022-06-19 13:04:55,296 [pool-119-thread-1] INFO  server.RaftServerConfigKeys (ConfUtils.java:logGet(46)) - raft.server.rpc.timeout.max = 5200ms (custom)
2022-06-19 13:04:55,296 [pool-119-thread-1] INFO  server.RaftServerConfigKeys (ConfUtils.java:logGet(46)) - raft.server.rpc.sleep.time = 25ms (default)
2022-06-19 13:04:55,296 [pool-119-thread-1] INFO  server.RaftServerConfigKeys (ConfUtils.java:logGet(46)) - raft.server.rpc.slowness.timeout = 300s (custom)
2022-06-19 13:04:55,296 [pool-119-thread-1] INFO  server.RaftServerConfigKeys (ConfUtils.java:logGet(46)) - raft.server.leaderelection.leader.step-down.wait-time = 10s (default)
2022-06-19 13:04:55,296 [pool-119-thread-1] INFO  server.RaftServerConfigKeys (ConfUtils.java:logGet(46)) - raft.server.sleep.deviation.threshold = 300ms (default)
2022-06-19 13:04:55,296 [pool-119-thread-1] INFO  server.RaftServer$Division (ServerState.java:<init>(107)) - 3336e988-a1cc-4f09-b2d1-22a9863ee945@group-83B20A47FECA: ConfigurationManager, init=-1: [d57ef6cc-857b-4c4f-ab3c-49c4eddebbaf|rpc:10.1.0.4:38535|priority:0, 3336e988-a1cc-4f09-b2d1-22a9863ee945|rpc:10.1.0.4:37777|priority:1, a1a795c4-f5a2-46b7-b5e4-aef7f82751b2|rpc:10.1.0.4:34871|priority:0], old=null, confs=<EMPTY_MAP>
2022-06-19 13:04:55,296 [pool-119-thread-1] INFO  server.RaftServerConfigKeys (ConfUtils.java:logGet(46)) - raft.server.storage.dir = [/home/runner/work/ozone/ozone/hadoop-ozone/integration-test/target/test-dir/MiniOzoneClusterImpl-9f34b74b-d5f0-454e-a8cb-06b69a9d8d3b/datanode-2/data/ratis] (custom)
2022-06-19 13:04:55,296 [pool-119-thread-1] INFO  server.RaftServerConfigKeys (ConfUtils.java:logGet(46)) - raft.server.log.corruption.policy = EXCEPTION (default)
2022-06-19 13:04:55,296 [pool-119-thread-1] INFO  server.RaftServerConfigKeys (ConfUtils.java:logGet(46)) - raft.server.storage.free-space.min = 0MB (=0) (default)
2022-06-19 13:04:55,296 [pool-119-thread-1] INFO  storage.RaftStorageDirectory (RaftStorageDirectoryImpl.java:analyzeStorage(135)) - The storage directory /home/runner/work/ozone/ozone/hadoop-ozone/integration-test/target/test-dir/MiniOzoneClusterImpl-9f34b74b-d5f0-454e-a8cb-06b69a9d8d3b/datanode-2/data/ratis/734119a6-1274-4adc-a312-83b20a47feca does not exist. Creating ...
2022-06-19 13:04:55,297 [pool-119-thread-1] INFO  storage.RaftStorageDirectory (RaftStorageDirectoryImpl.java:tryLock(230)) - Lock on /home/runner/work/ozone/ozone/hadoop-ozone/integration-test/target/test-dir/MiniOzoneClusterImpl-9f34b74b-d5f0-454e-a8cb-06b69a9d8d3b/datanode-2/data/ratis/734119a6-1274-4adc-a312-83b20a47feca/in_use.lock acquired by nodename 17254@fv-az58-449
2022-06-19 13:04:55,298 [pool-119-thread-1] INFO  storage.RaftStorage (RaftStorageImpl.java:format(89)) - Storage directory /home/runner/work/ozone/ozone/hadoop-ozone/integration-test/target/test-dir/MiniOzoneClusterImpl-9f34b74b-d5f0-454e-a8cb-06b69a9d8d3b/datanode-2/data/ratis/734119a6-1274-4adc-a312-83b20a47feca has been successfully formatted.
2022-06-19 13:04:55,298 [pool-119-thread-1] INFO  ratis.ContainerStateMachine (ContainerStateMachine.java:loadSnapshot(236)) - group-83B20A47FECA: The snapshot info is null. Setting the last applied indexto:(t:0, i:~)
2022-06-19 13:04:55,298 [pool-119-thread-1] INFO  server.RaftServerConfigKeys (ConfUtils.java:logGet(46)) - raft.server.notification.no-leader.timeout = 300s (custom)
2022-06-19 13:04:55,298 [pool-119-thread-1] INFO  server.RaftServerConfigKeys (ConfUtils.java:logGet(46)) - raft.server.log.use.memory = false (default)
2022-06-19 13:04:55,298 [pool-119-thread-1] INFO  server.RaftServerConfigKeys (ConfUtils.java:logGet(46)) - raft.server.log.purge.gap = 1000000 (custom)
2022-06-19 13:04:55,299 [pool-119-thread-1] INFO  server.RaftServerConfigKeys (ConfUtils.java:logGet(46)) - raft.server.log.appender.buffer.byte-limit = 33554432 (custom)
2022-06-19 13:04:55,305 [pool-119-thread-1] INFO  server.RaftServerConfigKeys (ConfUtils.java:logGet(46)) - raft.server.log.statemachine.data.read.timeout = 1000ms (default)
2022-06-19 13:04:55,306 [pool-119-thread-1] INFO  server.RaftServerConfigKeys (ConfUtils.java:logGet(46)) - raft.server.log.segment.size.max = 1048576 (custom)
2022-06-19 13:04:55,306 [pool-119-thread-1] INFO  server.RaftServerConfigKeys (ConfUtils.java:logGet(46)) - raft.server.log.segment.cache.num.max = 2 (custom)
2022-06-19 13:04:55,306 [pool-119-thread-1] INFO  server.RaftServerConfigKeys (ConfUtils.java:logGet(46)) - raft.server.log.segment.cache.size.max = 200MB (=209715200) (default)
2022-06-19 13:04:55,306 [pool-119-thread-1] INFO  segmented.SegmentedRaftLogWorker (SegmentedRaftLogWorker.java:<init>(187)) - new 3336e988-a1cc-4f09-b2d1-22a9863ee945@group-83B20A47FECA-SegmentedRaftLogWorker for RaftStorageImpl:Storage Directory /home/runner/work/ozone/ozone/hadoop-ozone/integration-test/target/test-dir/MiniOzoneClusterImpl-9f34b74b-d5f0-454e-a8cb-06b69a9d8d3b/datanode-2/data/ratis/734119a6-1274-4adc-a312-83b20a47feca
2022-06-19 13:04:55,306 [pool-119-thread-1] INFO  server.RaftServerConfigKeys (ConfUtils.java:logGet(46)) - raft.server.log.queue.byte-limit = 4294967296 (custom)
2022-06-19 13:04:55,306 [pool-119-thread-1] INFO  server.RaftServerConfigKeys (ConfUtils.java:logGet(46)) - raft.server.log.queue.element-limit = 1024 (custom)
2022-06-19 13:04:55,306 [pool-119-thread-1] INFO  server.RaftServerConfigKeys (ConfUtils.java:logGet(46)) - raft.server.log.segment.size.max = 1048576 (custom)
2022-06-19 13:04:55,306 [EventQueue-OpenPipelineForHealthyPipelineSafeModeRule] INFO  safemode.SCMSafeModeManager (HealthyPipelineSafeModeRule.java:process(124)) - SCM in safe mode. Healthy pipelines reported count is 0, required healthy pipeline reported count is 1
2022-06-19 13:04:55,306 [pool-119-thread-1] INFO  server.RaftServerConfigKeys (ConfUtils.java:logGet(46)) - raft.server.log.preallocated.size = 16384 (custom)
2022-06-19 13:04:55,308 [pool-119-thread-1] INFO  server.RaftServerConfigKeys (ConfUtils.java:logGet(46)) - raft.server.log.force.sync.num = 128 (default)
2022-06-19 13:04:55,308 [pool-119-thread-1] INFO  server.RaftServerConfigKeys (ConfUtils.java:logGet(46)) - raft.server.log.statemachine.data.sync = true (default)
2022-06-19 13:04:55,308 [pool-119-thread-1] INFO  server.RaftServerConfigKeys (ConfUtils.java:logGet(46)) - raft.server.log.statemachine.data.sync.timeout = 10s (default)
2022-06-19 13:04:55,308 [pool-119-thread-1] INFO  server.RaftServerConfigKeys (ConfUtils.java:logGet(46)) - raft.server.log.statemachine.data.sync.timeout.retry = -1 (default)
2022-06-19 13:04:55,309 [pool-119-thread-1] INFO  server.RaftServerConfigKeys (ConfUtils.java:logGet(46)) - raft.server.log.write.buffer.size = 1048576 (custom)
2022-06-19 13:04:55,310 [pool-119-thread-1] INFO  server.RaftServerConfigKeys (ConfUtils.java:logGet(46)) - raft.server.log.unsafe-flush.enabled = false (default)
2022-06-19 13:04:55,310 [pool-119-thread-1] INFO  server.RaftServerConfigKeys (ConfUtils.java:logGet(46)) - raft.server.log.statemachine.data.caching.enabled = true (custom)
2022-06-19 13:04:55,310 [pool-119-thread-1] INFO  segmented.SegmentedRaftLogWorker (SegmentedRaftLogWorker.java:lambda$new$0(135)) - 3336e988-a1cc-4f09-b2d1-22a9863ee945@group-83B20A47FECA-SegmentedRaftLogWorker: flushIndex: setUnconditionally 0 -> -1
2022-06-19 13:04:55,310 [pool-119-thread-1] INFO  segmented.SegmentedRaftLogWorker (SegmentedRaftLogWorker.java:lambda$new$0(135)) - 3336e988-a1cc-4f09-b2d1-22a9863ee945@group-83B20A47FECA-SegmentedRaftLogWorker: safeCacheEvictIndex: setUnconditionally 0 -> -1
2022-06-19 13:04:55,310 [pool-119-thread-1] INFO  server.RaftServerConfigKeys (ConfUtils.java:logGet(46)) - raft.server.snapshot.auto.trigger.enabled = true (custom)
2022-06-19 13:04:55,310 [pool-119-thread-1] INFO  server.RaftServerConfigKeys (ConfUtils.java:logGet(46)) - raft.server.snapshot.auto.trigger.threshold = 10000 (custom)
2022-06-19 13:04:55,310 [pool-119-thread-1] INFO  server.RaftServerConfigKeys (ConfUtils.java:logGet(46)) - raft.server.snapshot.retention.file.num = 5 (custom)
2022-06-19 13:04:55,310 [pool-119-thread-1] INFO  server.RaftServerConfigKeys (ConfUtils.java:logGet(46)) - raft.server.log.purge.upto.snapshot.index = false (default)
2022-06-19 13:04:55,310 [pool-119-thread-1] INFO  server.RaftServerConfigKeys (ConfUtils.java:logGet(46)) - raft.server.retrycache.expirytime = 600000ms (custom)
2022-06-19 13:04:55,310 [pool-119-thread-1] INFO  server.RaftServerConfigKeys (ConfUtils.java:logGet(46)) - raft.server.retrycache.statistics.expirytime = 100μs (default)
2022-06-19 13:04:55,311 [pool-119-thread-1] INFO  server.RaftServerConfigKeys (ConfUtils.java:logGet(46)) - raft.server.log.appender.install.snapshot.enabled = false (custom)
2022-06-19 13:04:55,311 [pool-119-thread-1] INFO  server.RaftServerConfigKeys (ConfUtils.java:logGet(46)) - raft.server.threadpool.server.cached = true (default)
2022-06-19 13:04:55,311 [pool-119-thread-1] INFO  server.RaftServerConfigKeys (ConfUtils.java:logGet(46)) - raft.server.threadpool.server.size = 0 (default)
2022-06-19 13:04:55,311 [pool-119-thread-1] INFO  server.RaftServerConfigKeys (ConfUtils.java:logGet(46)) - raft.server.threadpool.client.cached = true (default)
2022-06-19 13:04:55,311 [pool-119-thread-1] INFO  server.RaftServerConfigKeys (ConfUtils.java:logGet(46)) - raft.server.threadpool.client.size = 0 (default)
2022-06-19 13:04:55,312 [pool-119-thread-1] INFO  server.RaftServer$Division (RaftServerImpl.java:start(310)) - 3336e988-a1cc-4f09-b2d1-22a9863ee945@group-83B20A47FECA: start as a follower, conf=-1: [d57ef6cc-857b-4c4f-ab3c-49c4eddebbaf|rpc:10.1.0.4:38535|priority:0, 3336e988-a1cc-4f09-b2d1-22a9863ee945|rpc:10.1.0.4:37777|priority:1, a1a795c4-f5a2-46b7-b5e4-aef7f82751b2|rpc:10.1.0.4:34871|priority:0], old=null
2022-06-19 13:04:55,312 [pool-119-thread-1] INFO  server.RaftServer$Division (RaftServerImpl.java:setRole(299)) - 3336e988-a1cc-4f09-b2d1-22a9863ee945@group-83B20A47FECA: changes role from      null to FOLLOWER at term 0 for startAsFollower
2022-06-19 13:04:55,312 [pool-119-thread-1] INFO  impl.RoleInfo (RoleInfo.java:updateAndGet(139)) - 3336e988-a1cc-4f09-b2d1-22a9863ee945: start 3336e988-a1cc-4f09-b2d1-22a9863ee945@group-83B20A47FECA-FollowerState
2022-06-19 13:04:55,312 [pool-119-thread-1] INFO  util.JmxRegister (JmxRegister.java:tryRegister(44)) - Successfully registered JMX Bean with object name Ratis:service=RaftServer,group=group-83B20A47FECA,id=3336e988-a1cc-4f09-b2d1-22a9863ee945
2022-06-19 13:04:55,313 [Command processor thread] INFO  ratis.XceiverServerRatis (XceiverServerRatis.java:addGroup(765)) - Created group PipelineID=734119a6-1274-4adc-a312-83b20a47feca
2022-06-19 13:04:55,347 [Command processor thread] INFO  commandhandler.CreatePipelineCommandHandler (CreatePipelineCommandHandler.java:handle(113)) - Created Pipeline RATIS THREE PipelineID=df729f6f-e340-4004-8212-b66f265a3155.
2022-06-19 13:04:55,347 [Command processor thread] INFO  server.RaftServer (RaftServerProxy.java:addNew(96)) - a1a795c4-f5a2-46b7-b5e4-aef7f82751b2: addNew group-83B20A47FECA:[d57ef6cc-857b-4c4f-ab3c-49c4eddebbaf|rpc:10.1.0.4:38535|priority:0, 3336e988-a1cc-4f09-b2d1-22a9863ee945|rpc:10.1.0.4:37777|priority:1, a1a795c4-f5a2-46b7-b5e4-aef7f82751b2|rpc:10.1.0.4:34871|priority:0] returns group-83B20A47FECA:java.util.concurrent.CompletableFuture@69754b18[Not completed]
2022-06-19 13:04:55,348 [pool-96-thread-1] INFO  server.RaftServer$Division (RaftServerImpl.java:<init>(190)) - a1a795c4-f5a2-46b7-b5e4-aef7f82751b2: new RaftServerImpl for group-83B20A47FECA:[d57ef6cc-857b-4c4f-ab3c-49c4eddebbaf|rpc:10.1.0.4:38535|priority:0, 3336e988-a1cc-4f09-b2d1-22a9863ee945|rpc:10.1.0.4:37777|priority:1, a1a795c4-f5a2-46b7-b5e4-aef7f82751b2|rpc:10.1.0.4:34871|priority:0] with ContainerStateMachine:uninitialized
2022-06-19 13:04:55,348 [pool-96-thread-1] INFO  server.RaftServerConfigKeys (ConfUtils.java:logGet(46)) - raft.server.rpc.timeout.min = 5s (custom)
2022-06-19 13:04:55,348 [pool-96-thread-1] INFO  server.RaftServerConfigKeys (ConfUtils.java:logGet(46)) - raft.server.rpc.timeout.max = 5200ms (custom)
2022-06-19 13:04:55,348 [pool-96-thread-1] INFO  server.RaftServerConfigKeys (ConfUtils.java:logGet(46)) - raft.server.rpc.sleep.time = 25ms (default)
2022-06-19 13:04:55,348 [pool-96-thread-1] INFO  server.RaftServerConfigKeys (ConfUtils.java:logGet(46)) - raft.server.rpc.slowness.timeout = 300s (custom)
2022-06-19 13:04:55,348 [pool-96-thread-1] INFO  server.RaftServerConfigKeys (ConfUtils.java:logGet(46)) - raft.server.leaderelection.leader.step-down.wait-time = 10s (default)
2022-06-19 13:04:55,348 [pool-96-thread-1] INFO  server.RaftServerConfigKeys (ConfUtils.java:logGet(46)) - raft.server.sleep.deviation.threshold = 300ms (default)
2022-06-19 13:04:55,348 [pool-96-thread-1] INFO  server.RaftServer$Division (ServerState.java:<init>(107)) - a1a795c4-f5a2-46b7-b5e4-aef7f82751b2@group-83B20A47FECA: ConfigurationManager, init=-1: [d57ef6cc-857b-4c4f-ab3c-49c4eddebbaf|rpc:10.1.0.4:38535|priority:0, 3336e988-a1cc-4f09-b2d1-22a9863ee945|rpc:10.1.0.4:37777|priority:1, a1a795c4-f5a2-46b7-b5e4-aef7f82751b2|rpc:10.1.0.4:34871|priority:0], old=null, confs=<EMPTY_MAP>
2022-06-19 13:04:55,349 [pool-96-thread-1] INFO  server.RaftServerConfigKeys (ConfUtils.java:logGet(46)) - raft.server.storage.dir = [/home/runner/work/ozone/ozone/hadoop-ozone/integration-test/target/test-dir/MiniOzoneClusterImpl-9f34b74b-d5f0-454e-a8cb-06b69a9d8d3b/datanode-1/data/ratis] (custom)
2022-06-19 13:04:55,349 [pool-96-thread-1] INFO  server.RaftServerConfigKeys (ConfUtils.java:logGet(46)) - raft.server.log.corruption.policy = EXCEPTION (default)
2022-06-19 13:04:55,349 [pool-96-thread-1] INFO  server.RaftServerConfigKeys (ConfUtils.java:logGet(46)) - raft.server.storage.free-space.min = 0MB (=0) (default)
2022-06-19 13:04:55,349 [pool-96-thread-1] INFO  storage.RaftStorageDirectory (RaftStorageDirectoryImpl.java:analyzeStorage(135)) - The storage directory /home/runner/work/ozone/ozone/hadoop-ozone/integration-test/target/test-dir/MiniOzoneClusterImpl-9f34b74b-d5f0-454e-a8cb-06b69a9d8d3b/datanode-1/data/ratis/734119a6-1274-4adc-a312-83b20a47feca does not exist. Creating ...
2022-06-19 13:04:55,351 [pool-96-thread-1] INFO  storage.RaftStorageDirectory (RaftStorageDirectoryImpl.java:tryLock(230)) - Lock on /home/runner/work/ozone/ozone/hadoop-ozone/integration-test/target/test-dir/MiniOzoneClusterImpl-9f34b74b-d5f0-454e-a8cb-06b69a9d8d3b/datanode-1/data/ratis/734119a6-1274-4adc-a312-83b20a47feca/in_use.lock acquired by nodename 17254@fv-az58-449
2022-06-19 13:04:55,352 [pool-96-thread-1] INFO  storage.RaftStorage (RaftStorageImpl.java:format(89)) - Storage directory /home/runner/work/ozone/ozone/hadoop-ozone/integration-test/target/test-dir/MiniOzoneClusterImpl-9f34b74b-d5f0-454e-a8cb-06b69a9d8d3b/datanode-1/data/ratis/734119a6-1274-4adc-a312-83b20a47feca has been successfully formatted.
2022-06-19 13:04:55,353 [pool-96-thread-1] INFO  ratis.ContainerStateMachine (ContainerStateMachine.java:loadSnapshot(236)) - group-83B20A47FECA: The snapshot info is null. Setting the last applied indexto:(t:0, i:~)
2022-06-19 13:04:55,353 [pool-96-thread-1] INFO  server.RaftServerConfigKeys (ConfUtils.java:logGet(46)) - raft.server.notification.no-leader.timeout = 300s (custom)
2022-06-19 13:04:55,353 [pool-96-thread-1] INFO  server.RaftServerConfigKeys (ConfUtils.java:logGet(46)) - raft.server.log.use.memory = false (default)
2022-06-19 13:04:55,353 [pool-96-thread-1] INFO  server.RaftServerConfigKeys (ConfUtils.java:logGet(46)) - raft.server.log.purge.gap = 1000000 (custom)
2022-06-19 13:04:55,353 [pool-96-thread-1] INFO  server.RaftServerConfigKeys (ConfUtils.java:logGet(46)) - raft.server.log.appender.buffer.byte-limit = 33554432 (custom)
2022-06-19 13:04:55,353 [pool-96-thread-1] INFO  server.RaftServerConfigKeys (ConfUtils.java:logGet(46)) - raft.server.log.statemachine.data.read.timeout = 1000ms (default)
2022-06-19 13:04:55,353 [pool-96-thread-1] INFO  server.RaftServerConfigKeys (ConfUtils.java:logGet(46)) - raft.server.log.segment.size.max = 1048576 (custom)
2022-06-19 13:04:55,353 [pool-96-thread-1] INFO  server.RaftServerConfigKeys (ConfUtils.java:logGet(46)) - raft.server.log.segment.cache.num.max = 2 (custom)
2022-06-19 13:04:55,354 [pool-96-thread-1] INFO  server.RaftServerConfigKeys (ConfUtils.java:logGet(46)) - raft.server.log.segment.cache.size.max = 200MB (=209715200) (default)
2022-06-19 13:04:55,354 [pool-96-thread-1] INFO  segmented.SegmentedRaftLogWorker (SegmentedRaftLogWorker.java:<init>(187)) - new a1a795c4-f5a2-46b7-b5e4-aef7f82751b2@group-83B20A47FECA-SegmentedRaftLogWorker for RaftStorageImpl:Storage Directory /home/runner/work/ozone/ozone/hadoop-ozone/integration-test/target/test-dir/MiniOzoneClusterImpl-9f34b74b-d5f0-454e-a8cb-06b69a9d8d3b/datanode-1/data/ratis/734119a6-1274-4adc-a312-83b20a47feca
2022-06-19 13:04:55,354 [pool-96-thread-1] INFO  server.RaftServerConfigKeys (ConfUtils.java:logGet(46)) - raft.server.log.queue.byte-limit = 4294967296 (custom)
2022-06-19 13:04:55,354 [pool-96-thread-1] INFO  server.RaftServerConfigKeys (ConfUtils.java:logGet(46)) - raft.server.log.queue.element-limit = 1024 (custom)
2022-06-19 13:04:55,354 [pool-96-thread-1] INFO  server.RaftServerConfigKeys (ConfUtils.java:logGet(46)) - raft.server.log.segment.size.max = 1048576 (custom)
2022-06-19 13:04:55,354 [pool-96-thread-1] INFO  server.RaftServerConfigKeys (ConfUtils.java:logGet(46)) - raft.server.log.preallocated.size = 16384 (custom)
2022-06-19 13:04:55,354 [pool-96-thread-1] INFO  server.RaftServerConfigKeys (ConfUtils.java:logGet(46)) - raft.server.log.force.sync.num = 128 (default)
2022-06-19 13:04:55,354 [pool-96-thread-1] INFO  server.RaftServerConfigKeys (ConfUtils.java:logGet(46)) - raft.server.log.statemachine.data.sync = true (default)
2022-06-19 13:04:55,354 [pool-96-thread-1] INFO  server.RaftServerConfigKeys (ConfUtils.java:logGet(46)) - raft.server.log.statemachine.data.sync.timeout = 10s (default)
2022-06-19 13:04:55,354 [pool-96-thread-1] INFO  server.RaftServerConfigKeys (ConfUtils.java:logGet(46)) - raft.server.log.statemachine.data.sync.timeout.retry = -1 (default)
2022-06-19 13:04:55,355 [Command processor thread] INFO  commandhandler.CreatePipelineCommandHandler (CreatePipelineCommandHandler.java:handle(113)) - Created Pipeline RATIS THREE PipelineID=df729f6f-e340-4004-8212-b66f265a3155.
2022-06-19 13:04:55,355 [Command processor thread] INFO  server.RaftServer (RaftServerProxy.java:addNew(96)) - d57ef6cc-857b-4c4f-ab3c-49c4eddebbaf: addNew group-83B20A47FECA:[d57ef6cc-857b-4c4f-ab3c-49c4eddebbaf|rpc:10.1.0.4:38535|priority:0, 3336e988-a1cc-4f09-b2d1-22a9863ee945|rpc:10.1.0.4:37777|priority:1, a1a795c4-f5a2-46b7-b5e4-aef7f82751b2|rpc:10.1.0.4:34871|priority:0] returns group-83B20A47FECA:java.util.concurrent.CompletableFuture@45739a1b[Not completed]
2022-06-19 13:04:55,356 [pool-73-thread-1] INFO  server.RaftServer$Division (RaftServerImpl.java:<init>(190)) - d57ef6cc-857b-4c4f-ab3c-49c4eddebbaf: new RaftServerImpl for group-83B20A47FECA:[d57ef6cc-857b-4c4f-ab3c-49c4eddebbaf|rpc:10.1.0.4:38535|priority:0, 3336e988-a1cc-4f09-b2d1-22a9863ee945|rpc:10.1.0.4:37777|priority:1, a1a795c4-f5a2-46b7-b5e4-aef7f82751b2|rpc:10.1.0.4:34871|priority:0] with ContainerStateMachine:uninitialized
2022-06-19 13:04:55,356 [pool-73-thread-1] INFO  server.RaftServerConfigKeys (ConfUtils.java:logGet(46)) - raft.server.rpc.timeout.min = 5s (custom)
2022-06-19 13:04:55,356 [pool-73-thread-1] INFO  server.RaftServerConfigKeys (ConfUtils.java:logGet(46)) - raft.server.rpc.timeout.max = 5200ms (custom)
2022-06-19 13:04:55,356 [pool-73-thread-1] INFO  server.RaftServerConfigKeys (ConfUtils.java:logGet(46)) - raft.server.rpc.sleep.time = 25ms (default)
2022-06-19 13:04:55,356 [pool-73-thread-1] INFO  server.RaftServerConfigKeys (ConfUtils.java:logGet(46)) - raft.server.rpc.slowness.timeout = 300s (custom)
2022-06-19 13:04:55,356 [pool-73-thread-1] INFO  server.RaftServerConfigKeys (ConfUtils.java:logGet(46)) - raft.server.leaderelection.leader.step-down.wait-time = 10s (default)
2022-06-19 13:04:55,356 [pool-73-thread-1] INFO  server.RaftServerConfigKeys (ConfUtils.java:logGet(46)) - raft.server.sleep.deviation.threshold = 300ms (default)
2022-06-19 13:04:55,356 [pool-73-thread-1] INFO  server.RaftServer$Division (ServerState.java:<init>(107)) - d57ef6cc-857b-4c4f-ab3c-49c4eddebbaf@group-83B20A47FECA: ConfigurationManager, init=-1: [d57ef6cc-857b-4c4f-ab3c-49c4eddebbaf|rpc:10.1.0.4:38535|priority:0, 3336e988-a1cc-4f09-b2d1-22a9863ee945|rpc:10.1.0.4:37777|priority:1, a1a795c4-f5a2-46b7-b5e4-aef7f82751b2|rpc:10.1.0.4:34871|priority:0], old=null, confs=<EMPTY_MAP>
2022-06-19 13:04:55,357 [pool-73-thread-1] INFO  server.RaftServerConfigKeys (ConfUtils.java:logGet(46)) - raft.server.storage.dir = [/home/runner/work/ozone/ozone/hadoop-ozone/integration-test/target/test-dir/MiniOzoneClusterImpl-9f34b74b-d5f0-454e-a8cb-06b69a9d8d3b/datanode-0/data/ratis] (custom)
2022-06-19 13:04:55,357 [pool-73-thread-1] INFO  server.RaftServerConfigKeys (ConfUtils.java:logGet(46)) - raft.server.log.corruption.policy = EXCEPTION (default)
2022-06-19 13:04:55,357 [pool-73-thread-1] INFO  server.RaftServerConfigKeys (ConfUtils.java:logGet(46)) - raft.server.storage.free-space.min = 0MB (=0) (default)
2022-06-19 13:04:55,357 [pool-73-thread-1] INFO  storage.RaftStorageDirectory (RaftStorageDirectoryImpl.java:analyzeStorage(135)) - The storage directory /home/runner/work/ozone/ozone/hadoop-ozone/integration-test/target/test-dir/MiniOzoneClusterImpl-9f34b74b-d5f0-454e-a8cb-06b69a9d8d3b/datanode-0/data/ratis/734119a6-1274-4adc-a312-83b20a47feca does not exist. Creating ...
2022-06-19 13:04:55,357 [EventQueue-OpenPipelineForHealthyPipelineSafeModeRule] INFO  safemode.SCMSafeModeManager (HealthyPipelineSafeModeRule.java:process(124)) - SCM in safe mode. Healthy pipelines reported count is 0, required healthy pipeline reported count is 1
2022-06-19 13:04:55,358 [pool-96-thread-1] INFO  server.RaftServerConfigKeys (ConfUtils.java:logGet(46)) - raft.server.log.write.buffer.size = 1048576 (custom)
2022-06-19 13:04:55,358 [pool-73-thread-1] INFO  storage.RaftStorageDirectory (RaftStorageDirectoryImpl.java:tryLock(230)) - Lock on /home/runner/work/ozone/ozone/hadoop-ozone/integration-test/target/test-dir/MiniOzoneClusterImpl-9f34b74b-d5f0-454e-a8cb-06b69a9d8d3b/datanode-0/data/ratis/734119a6-1274-4adc-a312-83b20a47feca/in_use.lock acquired by nodename 17254@fv-az58-449
2022-06-19 13:04:55,360 [pool-96-thread-1] INFO  server.RaftServerConfigKeys (ConfUtils.java:logGet(46)) - raft.server.log.unsafe-flush.enabled = false (default)
2022-06-19 13:04:55,360 [pool-73-thread-1] INFO  storage.RaftStorage (RaftStorageImpl.java:format(89)) - Storage directory /home/runner/work/ozone/ozone/hadoop-ozone/integration-test/target/test-dir/MiniOzoneClusterImpl-9f34b74b-d5f0-454e-a8cb-06b69a9d8d3b/datanode-0/data/ratis/734119a6-1274-4adc-a312-83b20a47feca has been successfully formatted.
2022-06-19 13:04:55,361 [pool-73-thread-1] INFO  ratis.ContainerStateMachine (ContainerStateMachine.java:loadSnapshot(236)) - group-83B20A47FECA: The snapshot info is null. Setting the last applied indexto:(t:0, i:~)
2022-06-19 13:04:55,361 [pool-73-thread-1] INFO  server.RaftServerConfigKeys (ConfUtils.java:logGet(46)) - raft.server.notification.no-leader.timeout = 300s (custom)
2022-06-19 13:04:55,361 [pool-73-thread-1] INFO  server.RaftServerConfigKeys (ConfUtils.java:logGet(46)) - raft.server.log.use.memory = false (default)
2022-06-19 13:04:55,361 [pool-73-thread-1] INFO  server.RaftServerConfigKeys (ConfUtils.java:logGet(46)) - raft.server.log.purge.gap = 1000000 (custom)
2022-06-19 13:04:55,361 [pool-73-thread-1] INFO  server.RaftServerConfigKeys (ConfUtils.java:logGet(46)) - raft.server.log.appender.buffer.byte-limit = 33554432 (custom)
2022-06-19 13:04:55,361 [pool-73-thread-1] INFO  server.RaftServerConfigKeys (ConfUtils.java:logGet(46)) - raft.server.log.statemachine.data.read.timeout = 1000ms (default)
2022-06-19 13:04:55,361 [pool-73-thread-1] INFO  server.RaftServerConfigKeys (ConfUtils.java:logGet(46)) - raft.server.log.segment.size.max = 1048576 (custom)
2022-06-19 13:04:55,362 [pool-73-thread-1] INFO  server.RaftServerConfigKeys (ConfUtils.java:logGet(46)) - raft.server.log.segment.cache.num.max = 2 (custom)
2022-06-19 13:04:55,362 [pool-73-thread-1] INFO  server.RaftServerConfigKeys (ConfUtils.java:logGet(46)) - raft.server.log.segment.cache.size.max = 200MB (=209715200) (default)
2022-06-19 13:04:55,362 [pool-73-thread-1] INFO  segmented.SegmentedRaftLogWorker (SegmentedRaftLogWorker.java:<init>(187)) - new d57ef6cc-857b-4c4f-ab3c-49c4eddebbaf@group-83B20A47FECA-SegmentedRaftLogWorker for RaftStorageImpl:Storage Directory /home/runner/work/ozone/ozone/hadoop-ozone/integration-test/target/test-dir/MiniOzoneClusterImpl-9f34b74b-d5f0-454e-a8cb-06b69a9d8d3b/datanode-0/data/ratis/734119a6-1274-4adc-a312-83b20a47feca
2022-06-19 13:04:55,362 [pool-73-thread-1] INFO  server.RaftServerConfigKeys (ConfUtils.java:logGet(46)) - raft.server.log.queue.byte-limit = 4294967296 (custom)
2022-06-19 13:04:55,362 [pool-73-thread-1] INFO  server.RaftServerConfigKeys (ConfUtils.java:logGet(46)) - raft.server.log.queue.element-limit = 1024 (custom)
2022-06-19 13:04:55,364 [pool-73-thread-1] INFO  server.RaftServerConfigKeys (ConfUtils.java:logGet(46)) - raft.server.log.segment.size.max = 1048576 (custom)
2022-06-19 13:04:55,364 [pool-73-thread-1] INFO  server.RaftServerConfigKeys (ConfUtils.java:logGet(46)) - raft.server.log.preallocated.size = 16384 (custom)
2022-06-19 13:04:55,364 [pool-73-thread-1] INFO  server.RaftServerConfigKeys (ConfUtils.java:logGet(46)) - raft.server.log.force.sync.num = 128 (default)
2022-06-19 13:04:55,364 [pool-73-thread-1] INFO  server.RaftServerConfigKeys (ConfUtils.java:logGet(46)) - raft.server.log.statemachine.data.sync = true (default)
2022-06-19 13:04:55,364 [pool-73-thread-1] INFO  server.RaftServerConfigKeys (ConfUtils.java:logGet(46)) - raft.server.log.statemachine.data.sync.timeout = 10s (default)
2022-06-19 13:04:55,364 [pool-73-thread-1] INFO  server.RaftServerConfigKeys (ConfUtils.java:logGet(46)) - raft.server.log.statemachine.data.sync.timeout.retry = -1 (default)
2022-06-19 13:04:55,365 [pool-73-thread-1] INFO  server.RaftServerConfigKeys (ConfUtils.java:logGet(46)) - raft.server.log.write.buffer.size = 1048576 (custom)
2022-06-19 13:04:55,365 [pool-73-thread-1] INFO  server.RaftServerConfigKeys (ConfUtils.java:logGet(46)) - raft.server.log.unsafe-flush.enabled = false (default)
2022-06-19 13:04:55,365 [pool-73-thread-1] INFO  server.RaftServerConfigKeys (ConfUtils.java:logGet(46)) - raft.server.log.statemachine.data.caching.enabled = true (custom)
2022-06-19 13:04:55,365 [pool-73-thread-1] INFO  segmented.SegmentedRaftLogWorker (SegmentedRaftLogWorker.java:lambda$new$0(135)) - d57ef6cc-857b-4c4f-ab3c-49c4eddebbaf@group-83B20A47FECA-SegmentedRaftLogWorker: flushIndex: setUnconditionally 0 -> -1
2022-06-19 13:04:55,365 [pool-73-thread-1] INFO  segmented.SegmentedRaftLogWorker (SegmentedRaftLogWorker.java:lambda$new$0(135)) - d57ef6cc-857b-4c4f-ab3c-49c4eddebbaf@group-83B20A47FECA-SegmentedRaftLogWorker: safeCacheEvictIndex: setUnconditionally 0 -> -1
2022-06-19 13:04:55,360 [pool-96-thread-1] INFO  server.RaftServerConfigKeys (ConfUtils.java:logGet(46)) - raft.server.log.statemachine.data.caching.enabled = true (custom)
2022-06-19 13:04:55,365 [pool-96-thread-1] INFO  segmented.SegmentedRaftLogWorker (SegmentedRaftLogWorker.java:lambda$new$0(135)) - a1a795c4-f5a2-46b7-b5e4-aef7f82751b2@group-83B20A47FECA-SegmentedRaftLogWorker: flushIndex: setUnconditionally 0 -> -1
2022-06-19 13:04:55,365 [pool-96-thread-1] INFO  segmented.SegmentedRaftLogWorker (SegmentedRaftLogWorker.java:lambda$new$0(135)) - a1a795c4-f5a2-46b7-b5e4-aef7f82751b2@group-83B20A47FECA-SegmentedRaftLogWorker: safeCacheEvictIndex: setUnconditionally 0 -> -1
2022-06-19 13:04:55,367 [pool-73-thread-1] INFO  server.RaftServerConfigKeys (ConfUtils.java:logGet(46)) - raft.server.snapshot.auto.trigger.enabled = true (custom)
2022-06-19 13:04:55,367 [pool-73-thread-1] INFO  server.RaftServerConfigKeys (ConfUtils.java:logGet(46)) - raft.server.snapshot.auto.trigger.threshold = 10000 (custom)
2022-06-19 13:04:55,368 [pool-73-thread-1] INFO  server.RaftServerConfigKeys (ConfUtils.java:logGet(46)) - raft.server.snapshot.retention.file.num = 5 (custom)
2022-06-19 13:04:55,368 [pool-73-thread-1] INFO  server.RaftServerConfigKeys (ConfUtils.java:logGet(46)) - raft.server.log.purge.upto.snapshot.index = false (default)
2022-06-19 13:04:55,368 [pool-73-thread-1] INFO  server.RaftServerConfigKeys (ConfUtils.java:logGet(46)) - raft.server.retrycache.expirytime = 600000ms (custom)
2022-06-19 13:04:55,368 [pool-73-thread-1] INFO  server.RaftServerConfigKeys (ConfUtils.java:logGet(46)) - raft.server.retrycache.statistics.expirytime = 100μs (default)
2022-06-19 13:04:55,369 [pool-73-thread-1] INFO  server.RaftServerConfigKeys (ConfUtils.java:logGet(46)) - raft.server.log.appender.install.snapshot.enabled = false (custom)
2022-06-19 13:04:55,369 [pool-73-thread-1] INFO  server.RaftServerConfigKeys (ConfUtils.java:logGet(46)) - raft.server.threadpool.server.cached = true (default)
2022-06-19 13:04:55,369 [pool-73-thread-1] INFO  server.RaftServerConfigKeys (ConfUtils.java:logGet(46)) - raft.server.threadpool.server.size = 0 (default)
2022-06-19 13:04:55,369 [pool-73-thread-1] INFO  server.RaftServerConfigKeys (ConfUtils.java:logGet(46)) - raft.server.threadpool.client.cached = true (default)
2022-06-19 13:04:55,369 [pool-73-thread-1] INFO  server.RaftServerConfigKeys (ConfUtils.java:logGet(46)) - raft.server.threadpool.client.size = 0 (default)
2022-06-19 13:04:55,369 [pool-73-thread-1] INFO  server.RaftServer$Division (RaftServerImpl.java:start(310)) - d57ef6cc-857b-4c4f-ab3c-49c4eddebbaf@group-83B20A47FECA: start as a follower, conf=-1: [d57ef6cc-857b-4c4f-ab3c-49c4eddebbaf|rpc:10.1.0.4:38535|priority:0, 3336e988-a1cc-4f09-b2d1-22a9863ee945|rpc:10.1.0.4:37777|priority:1, a1a795c4-f5a2-46b7-b5e4-aef7f82751b2|rpc:10.1.0.4:34871|priority:0], old=null
2022-06-19 13:04:55,369 [pool-73-thread-1] INFO  server.RaftServer$Division (RaftServerImpl.java:setRole(299)) - d57ef6cc-857b-4c4f-ab3c-49c4eddebbaf@group-83B20A47FECA: changes role from      null to FOLLOWER at term 0 for startAsFollower
2022-06-19 13:04:55,369 [pool-73-thread-1] INFO  impl.RoleInfo (RoleInfo.java:updateAndGet(139)) - d57ef6cc-857b-4c4f-ab3c-49c4eddebbaf: start d57ef6cc-857b-4c4f-ab3c-49c4eddebbaf@group-83B20A47FECA-FollowerState
2022-06-19 13:04:55,373 [pool-73-thread-1] INFO  util.JmxRegister (JmxRegister.java:tryRegister(44)) - Successfully registered JMX Bean with object name Ratis:service=RaftServer,group=group-83B20A47FECA,id=d57ef6cc-857b-4c4f-ab3c-49c4eddebbaf
2022-06-19 13:04:55,381 [pool-96-thread-1] INFO  server.RaftServerConfigKeys (ConfUtils.java:logGet(46)) - raft.server.snapshot.auto.trigger.enabled = true (custom)
2022-06-19 13:04:55,382 [pool-96-thread-1] INFO  server.RaftServerConfigKeys (ConfUtils.java:logGet(46)) - raft.server.snapshot.auto.trigger.threshold = 10000 (custom)
2022-06-19 13:04:55,382 [pool-96-thread-1] INFO  server.RaftServerConfigKeys (ConfUtils.java:logGet(46)) - raft.server.snapshot.retention.file.num = 5 (custom)
2022-06-19 13:04:55,382 [pool-96-thread-1] INFO  server.RaftServerConfigKeys (ConfUtils.java:logGet(46)) - raft.server.log.purge.upto.snapshot.index = false (default)
2022-06-19 13:04:55,382 [Command processor thread] INFO  ratis.XceiverServerRatis (XceiverServerRatis.java:addGroup(765)) - Created group PipelineID=734119a6-1274-4adc-a312-83b20a47feca
2022-06-19 13:04:55,383 [pool-96-thread-1] INFO  server.RaftServerConfigKeys (ConfUtils.java:logGet(46)) - raft.server.retrycache.expirytime = 600000ms (custom)
2022-06-19 13:04:55,383 [pool-96-thread-1] INFO  server.RaftServerConfigKeys (ConfUtils.java:logGet(46)) - raft.server.retrycache.statistics.expirytime = 100μs (default)
2022-06-19 13:04:55,384 [pool-96-thread-1] INFO  server.RaftServerConfigKeys (ConfUtils.java:logGet(46)) - raft.server.log.appender.install.snapshot.enabled = false (custom)
2022-06-19 13:04:55,384 [pool-96-thread-1] INFO  server.RaftServerConfigKeys (ConfUtils.java:logGet(46)) - raft.server.threadpool.server.cached = true (default)
2022-06-19 13:04:55,384 [pool-96-thread-1] INFO  server.RaftServerConfigKeys (ConfUtils.java:logGet(46)) - raft.server.threadpool.server.size = 0 (default)
2022-06-19 13:04:55,384 [pool-96-thread-1] INFO  server.RaftServerConfigKeys (ConfUtils.java:logGet(46)) - raft.server.threadpool.client.cached = true (default)
2022-06-19 13:04:55,385 [pool-96-thread-1] INFO  server.RaftServerConfigKeys (ConfUtils.java:logGet(46)) - raft.server.threadpool.client.size = 0 (default)
2022-06-19 13:04:55,385 [pool-96-thread-1] INFO  server.RaftServer$Division (RaftServerImpl.java:start(310)) - a1a795c4-f5a2-46b7-b5e4-aef7f82751b2@group-83B20A47FECA: start as a follower, conf=-1: [d57ef6cc-857b-4c4f-ab3c-49c4eddebbaf|rpc:10.1.0.4:38535|priority:0, 3336e988-a1cc-4f09-b2d1-22a9863ee945|rpc:10.1.0.4:37777|priority:1, a1a795c4-f5a2-46b7-b5e4-aef7f82751b2|rpc:10.1.0.4:34871|priority:0], old=null
2022-06-19 13:04:55,385 [pool-96-thread-1] INFO  server.RaftServer$Division (RaftServerImpl.java:setRole(299)) - a1a795c4-f5a2-46b7-b5e4-aef7f82751b2@group-83B20A47FECA: changes role from      null to FOLLOWER at term 0 for startAsFollower
2022-06-19 13:04:55,385 [pool-96-thread-1] INFO  impl.RoleInfo (RoleInfo.java:updateAndGet(139)) - a1a795c4-f5a2-46b7-b5e4-aef7f82751b2: start a1a795c4-f5a2-46b7-b5e4-aef7f82751b2@group-83B20A47FECA-FollowerState
2022-06-19 13:04:55,385 [EventQueue-OpenPipelineForHealthyPipelineSafeModeRule] INFO  safemode.SCMSafeModeManager (HealthyPipelineSafeModeRule.java:process(124)) - SCM in safe mode. Healthy pipelines reported count is 0, required healthy pipeline reported count is 1
2022-06-19 13:04:55,387 [pool-96-thread-1] INFO  util.JmxRegister (JmxRegister.java:tryRegister(44)) - Successfully registered JMX Bean with object name Ratis:service=RaftServer,group=group-83B20A47FECA,id=a1a795c4-f5a2-46b7-b5e4-aef7f82751b2
2022-06-19 13:04:55,398 [Command processor thread] INFO  ratis.XceiverServerRatis (XceiverServerRatis.java:addGroup(765)) - Created group PipelineID=734119a6-1274-4adc-a312-83b20a47feca
2022-06-19 13:04:55,488 [Command processor thread] INFO  commandhandler.CreatePipelineCommandHandler (CreatePipelineCommandHandler.java:handle(113)) - Created Pipeline RATIS THREE PipelineID=734119a6-1274-4adc-a312-83b20a47feca.
2022-06-19 13:04:55,493 [Command processor thread] INFO  commandhandler.CreatePipelineCommandHandler (CreatePipelineCommandHandler.java:handle(113)) - Created Pipeline RATIS THREE PipelineID=734119a6-1274-4adc-a312-83b20a47feca.
2022-06-19 13:04:55,497 [Command processor thread] INFO  commandhandler.CreatePipelineCommandHandler (CreatePipelineCommandHandler.java:handle(113)) - Created Pipeline RATIS THREE PipelineID=734119a6-1274-4adc-a312-83b20a47feca.
2022-06-19 13:04:55,586 [Command processor thread] INFO  server.RaftServer (RaftServerProxy.java:addNew(96)) - 62dec303-d7b7-4d93-94d6-85b7019bab29: addNew group-0DCA32802063:[62dec303-d7b7-4d93-94d6-85b7019bab29|rpc:10.1.0.4:35789|priority:1] returns group-0DCA32802063:java.util.concurrent.CompletableFuture@74f818e0[Not completed]
2022-06-19 13:04:55,590 [pool-142-thread-1] INFO  server.RaftServer$Division (RaftServerImpl.java:<init>(190)) - 62dec303-d7b7-4d93-94d6-85b7019bab29: new RaftServerImpl for group-0DCA32802063:[62dec303-d7b7-4d93-94d6-85b7019bab29|rpc:10.1.0.4:35789|priority:1] with ContainerStateMachine:uninitialized
2022-06-19 13:04:55,590 [pool-142-thread-1] INFO  server.RaftServerConfigKeys (ConfUtils.java:logGet(46)) - raft.server.rpc.timeout.min = 5s (custom)
2022-06-19 13:04:55,590 [pool-142-thread-1] INFO  server.RaftServerConfigKeys (ConfUtils.java:logGet(46)) - raft.server.rpc.timeout.max = 5200ms (custom)
2022-06-19 13:04:55,590 [pool-142-thread-1] INFO  server.RaftServerConfigKeys (ConfUtils.java:logGet(46)) - raft.server.rpc.sleep.time = 25ms (default)
2022-06-19 13:04:55,590 [pool-142-thread-1] INFO  server.RaftServerConfigKeys (ConfUtils.java:logGet(46)) - raft.server.rpc.slowness.timeout = 300s (custom)
2022-06-19 13:04:55,590 [pool-142-thread-1] INFO  server.RaftServerConfigKeys (ConfUtils.java:logGet(46)) - raft.server.leaderelection.leader.step-down.wait-time = 10s (default)
2022-06-19 13:04:55,590 [pool-142-thread-1] INFO  server.RaftServerConfigKeys (ConfUtils.java:logGet(46)) - raft.server.sleep.deviation.threshold = 300ms (default)
2022-06-19 13:04:55,590 [pool-142-thread-1] INFO  server.RaftServer$Division (ServerState.java:<init>(107)) - 62dec303-d7b7-4d93-94d6-85b7019bab29@group-0DCA32802063: ConfigurationManager, init=-1: [62dec303-d7b7-4d93-94d6-85b7019bab29|rpc:10.1.0.4:35789|priority:1], old=null, confs=<EMPTY_MAP>
2022-06-19 13:04:55,590 [pool-142-thread-1] INFO  server.RaftServerConfigKeys (ConfUtils.java:logGet(46)) - raft.server.storage.dir = [/home/runner/work/ozone/ozone/hadoop-ozone/integration-test/target/test-dir/MiniOzoneClusterImpl-9f34b74b-d5f0-454e-a8cb-06b69a9d8d3b/datanode-3/data/ratis] (custom)
2022-06-19 13:04:55,590 [pool-142-thread-1] INFO  server.RaftServerConfigKeys (ConfUtils.java:logGet(46)) - raft.server.log.corruption.policy = EXCEPTION (default)
2022-06-19 13:04:55,591 [pool-142-thread-1] INFO  server.RaftServerConfigKeys (ConfUtils.java:logGet(46)) - raft.server.storage.free-space.min = 0MB (=0) (default)
2022-06-19 13:04:55,591 [pool-142-thread-1] INFO  storage.RaftStorageDirectory (RaftStorageDirectoryImpl.java:analyzeStorage(135)) - The storage directory /home/runner/work/ozone/ozone/hadoop-ozone/integration-test/target/test-dir/MiniOzoneClusterImpl-9f34b74b-d5f0-454e-a8cb-06b69a9d8d3b/datanode-3/data/ratis/bf3aa285-ebad-497b-b5cb-0dca32802063 does not exist. Creating ...
2022-06-19 13:04:55,592 [pool-142-thread-1] INFO  storage.RaftStorageDirectory (RaftStorageDirectoryImpl.java:tryLock(230)) - Lock on /home/runner/work/ozone/ozone/hadoop-ozone/integration-test/target/test-dir/MiniOzoneClusterImpl-9f34b74b-d5f0-454e-a8cb-06b69a9d8d3b/datanode-3/data/ratis/bf3aa285-ebad-497b-b5cb-0dca32802063/in_use.lock acquired by nodename 17254@fv-az58-449
2022-06-19 13:04:55,593 [pool-142-thread-1] INFO  storage.RaftStorage (RaftStorageImpl.java:format(89)) - Storage directory /home/runner/work/ozone/ozone/hadoop-ozone/integration-test/target/test-dir/MiniOzoneClusterImpl-9f34b74b-d5f0-454e-a8cb-06b69a9d8d3b/datanode-3/data/ratis/bf3aa285-ebad-497b-b5cb-0dca32802063 has been successfully formatted.
2022-06-19 13:04:55,593 [pool-142-thread-1] INFO  ratis.ContainerStateMachine (ContainerStateMachine.java:loadSnapshot(236)) - group-0DCA32802063: The snapshot info is null. Setting the last applied indexto:(t:0, i:~)
2022-06-19 13:04:55,594 [pool-142-thread-1] INFO  server.RaftServerConfigKeys (ConfUtils.java:logGet(46)) - raft.server.notification.no-leader.timeout = 300s (custom)
2022-06-19 13:04:55,594 [pool-142-thread-1] INFO  server.RaftServerConfigKeys (ConfUtils.java:logGet(46)) - raft.server.log.use.memory = false (default)
2022-06-19 13:04:55,594 [pool-142-thread-1] INFO  server.RaftServerConfigKeys (ConfUtils.java:logGet(46)) - raft.server.log.purge.gap = 1000000 (custom)
2022-06-19 13:04:55,594 [pool-142-thread-1] INFO  server.RaftServerConfigKeys (ConfUtils.java:logGet(46)) - raft.server.log.appender.buffer.byte-limit = 33554432 (custom)
2022-06-19 13:04:55,594 [pool-142-thread-1] INFO  server.RaftServerConfigKeys (ConfUtils.java:logGet(46)) - raft.server.log.statemachine.data.read.timeout = 1000ms (default)
2022-06-19 13:04:55,594 [pool-142-thread-1] INFO  server.RaftServerConfigKeys (ConfUtils.java:logGet(46)) - raft.server.log.segment.size.max = 1048576 (custom)
2022-06-19 13:04:55,597 [EventQueue-PipelineReportForPipelineReportHandler] INFO  pipeline.PipelineManagerImpl (PipelineManagerImpl.java:openPipeline(356)) - Pipeline Pipeline[ Id: bf3aa285-ebad-497b-b5cb-0dca32802063, Nodes: 62dec303-d7b7-4d93-94d6-85b7019bab29{ip: 10.1.0.4, host: fv-az58-449.32bp4kehjaiexiom31oljkjdjg.cx.internal.cloudapp.net, ports: [REPLICATION=42983, RATIS=35789, RATIS_ADMIN=35789, RATIS_SERVER=35789, STANDALONE=40463], networkLocation: /default-rack, certSerialId: null, persistedOpState: IN_SERVICE, persistedOpStateExpiryEpochSec: 0}, ReplicationConfig: RATIS/ONE, State:ALLOCATED, leaderId:62dec303-d7b7-4d93-94d6-85b7019bab29, CreationTimestamp2022-06-19T13:04:52.589Z[Etc/UTC]] moved to OPEN state
2022-06-19 13:04:55,598 [EventQueue-OpenPipelineForHealthyPipelineSafeModeRule] INFO  safemode.SCMSafeModeManager (HealthyPipelineSafeModeRule.java:process(124)) - SCM in safe mode. Healthy pipelines reported count is 0, required healthy pipeline reported count is 1
2022-06-19 13:04:55,598 [pool-142-thread-1] INFO  server.RaftServerConfigKeys (ConfUtils.java:logGet(46)) - raft.server.log.segment.cache.num.max = 2 (custom)
2022-06-19 13:04:55,600 [pool-142-thread-1] INFO  server.RaftServerConfigKeys (ConfUtils.java:logGet(46)) - raft.server.log.segment.cache.size.max = 200MB (=209715200) (default)
2022-06-19 13:04:55,601 [pool-142-thread-1] INFO  segmented.SegmentedRaftLogWorker (SegmentedRaftLogWorker.java:<init>(187)) - new 62dec303-d7b7-4d93-94d6-85b7019bab29@group-0DCA32802063-SegmentedRaftLogWorker for RaftStorageImpl:Storage Directory /home/runner/work/ozone/ozone/hadoop-ozone/integration-test/target/test-dir/MiniOzoneClusterImpl-9f34b74b-d5f0-454e-a8cb-06b69a9d8d3b/datanode-3/data/ratis/bf3aa285-ebad-497b-b5cb-0dca32802063
2022-06-19 13:04:55,601 [pool-142-thread-1] INFO  server.RaftServerConfigKeys (ConfUtils.java:logGet(46)) - raft.server.log.queue.byte-limit = 4294967296 (custom)
2022-06-19 13:04:55,601 [pool-142-thread-1] INFO  server.RaftServerConfigKeys (ConfUtils.java:logGet(46)) - raft.server.log.queue.element-limit = 1024 (custom)
2022-06-19 13:04:55,601 [pool-142-thread-1] INFO  server.RaftServerConfigKeys (ConfUtils.java:logGet(46)) - raft.server.log.segment.size.max = 1048576 (custom)
2022-06-19 13:04:55,601 [pool-142-thread-1] INFO  server.RaftServerConfigKeys (ConfUtils.java:logGet(46)) - raft.server.log.preallocated.size = 16384 (custom)
2022-06-19 13:04:55,601 [pool-142-thread-1] INFO  server.RaftServerConfigKeys (ConfUtils.java:logGet(46)) - raft.server.log.force.sync.num = 128 (default)
2022-06-19 13:04:55,601 [pool-142-thread-1] INFO  server.RaftServerConfigKeys (ConfUtils.java:logGet(46)) - raft.server.log.statemachine.data.sync = true (default)
2022-06-19 13:04:55,601 [pool-142-thread-1] INFO  server.RaftServerConfigKeys (ConfUtils.java:logGet(46)) - raft.server.log.statemachine.data.sync.timeout = 10s (default)
2022-06-19 13:04:55,601 [pool-142-thread-1] INFO  server.RaftServerConfigKeys (ConfUtils.java:logGet(46)) - raft.server.log.statemachine.data.sync.timeout.retry = -1 (default)
2022-06-19 13:04:55,602 [pool-142-thread-1] INFO  server.RaftServerConfigKeys (ConfUtils.java:logGet(46)) - raft.server.log.write.buffer.size = 1048576 (custom)
2022-06-19 13:04:55,602 [pool-142-thread-1] INFO  server.RaftServerConfigKeys (ConfUtils.java:logGet(46)) - raft.server.log.unsafe-flush.enabled = false (default)
2022-06-19 13:04:55,602 [pool-142-thread-1] INFO  server.RaftServerConfigKeys (ConfUtils.java:logGet(46)) - raft.server.log.statemachine.data.caching.enabled = true (custom)
2022-06-19 13:04:55,603 [pool-142-thread-1] INFO  segmented.SegmentedRaftLogWorker (SegmentedRaftLogWorker.java:lambda$new$0(135)) - 62dec303-d7b7-4d93-94d6-85b7019bab29@group-0DCA32802063-SegmentedRaftLogWorker: flushIndex: setUnconditionally 0 -> -1
2022-06-19 13:04:55,603 [pool-142-thread-1] INFO  segmented.SegmentedRaftLogWorker (SegmentedRaftLogWorker.java:lambda$new$0(135)) - 62dec303-d7b7-4d93-94d6-85b7019bab29@group-0DCA32802063-SegmentedRaftLogWorker: safeCacheEvictIndex: setUnconditionally 0 -> -1
2022-06-19 13:04:55,604 [pool-142-thread-1] INFO  server.RaftServerConfigKeys (ConfUtils.java:logGet(46)) - raft.server.snapshot.auto.trigger.enabled = true (custom)
2022-06-19 13:04:55,604 [pool-142-thread-1] INFO  server.RaftServerConfigKeys (ConfUtils.java:logGet(46)) - raft.server.snapshot.auto.trigger.threshold = 10000 (custom)
2022-06-19 13:04:55,604 [pool-142-thread-1] INFO  server.RaftServerConfigKeys (ConfUtils.java:logGet(46)) - raft.server.snapshot.retention.file.num = 5 (custom)
2022-06-19 13:04:55,604 [pool-142-thread-1] INFO  server.RaftServerConfigKeys (ConfUtils.java:logGet(46)) - raft.server.log.purge.upto.snapshot.index = false (default)
2022-06-19 13:04:55,604 [pool-142-thread-1] INFO  server.RaftServerConfigKeys (ConfUtils.java:logGet(46)) - raft.server.retrycache.expirytime = 600000ms (custom)
2022-06-19 13:04:55,604 [pool-142-thread-1] INFO  server.RaftServerConfigKeys (ConfUtils.java:logGet(46)) - raft.server.retrycache.statistics.expirytime = 100μs (default)
2022-06-19 13:04:55,605 [pool-142-thread-1] INFO  server.RaftServerConfigKeys (ConfUtils.java:logGet(46)) - raft.server.log.appender.install.snapshot.enabled = false (custom)
2022-06-19 13:04:55,605 [pool-142-thread-1] INFO  server.RaftServerConfigKeys (ConfUtils.java:logGet(46)) - raft.server.threadpool.server.cached = true (default)
2022-06-19 13:04:55,605 [pool-142-thread-1] INFO  server.RaftServerConfigKeys (ConfUtils.java:logGet(46)) - raft.server.threadpool.server.size = 0 (default)
2022-06-19 13:04:55,605 [pool-142-thread-1] INFO  server.RaftServerConfigKeys (ConfUtils.java:logGet(46)) - raft.server.threadpool.client.cached = true (default)
2022-06-19 13:04:55,605 [pool-142-thread-1] INFO  server.RaftServerConfigKeys (ConfUtils.java:logGet(46)) - raft.server.threadpool.client.size = 0 (default)
2022-06-19 13:04:55,605 [pool-142-thread-1] INFO  server.RaftServer$Division (RaftServerImpl.java:start(310)) - 62dec303-d7b7-4d93-94d6-85b7019bab29@group-0DCA32802063: start as a follower, conf=-1: [62dec303-d7b7-4d93-94d6-85b7019bab29|rpc:10.1.0.4:35789|priority:1], old=null
2022-06-19 13:04:55,605 [pool-142-thread-1] INFO  server.RaftServer$Division (RaftServerImpl.java:setRole(299)) - 62dec303-d7b7-4d93-94d6-85b7019bab29@group-0DCA32802063: changes role from      null to FOLLOWER at term 0 for startAsFollower
2022-06-19 13:04:55,605 [pool-142-thread-1] INFO  impl.RoleInfo (RoleInfo.java:updateAndGet(139)) - 62dec303-d7b7-4d93-94d6-85b7019bab29: start 62dec303-d7b7-4d93-94d6-85b7019bab29@group-0DCA32802063-FollowerState
2022-06-19 13:04:55,609 [pool-142-thread-1] INFO  util.JmxRegister (JmxRegister.java:tryRegister(44)) - Successfully registered JMX Bean with object name Ratis:service=RaftServer,group=group-0DCA32802063,id=62dec303-d7b7-4d93-94d6-85b7019bab29
2022-06-19 13:04:55,610 [Command processor thread] INFO  ratis.XceiverServerRatis (XceiverServerRatis.java:addGroup(765)) - Created group PipelineID=bf3aa285-ebad-497b-b5cb-0dca32802063
2022-06-19 13:04:55,610 [Command processor thread] INFO  commandhandler.CreatePipelineCommandHandler (CreatePipelineCommandHandler.java:handle(113)) - Created Pipeline RATIS ONE PipelineID=bf3aa285-ebad-497b-b5cb-0dca32802063.
2022-06-19 13:04:55,868 [Listener at 127.0.0.1/33959] INFO  ozone.MiniOzoneClusterImpl (MiniOzoneClusterImpl.java:lambda$waitForClusterToBeReady$0(221)) - Nodes are ready. Got 5 of 5 DN Heartbeats.
2022-06-19 13:04:55,869 [Listener at 127.0.0.1/33959] INFO  ozone.MiniOzoneClusterImpl (MiniOzoneClusterImpl.java:lambda$waitForClusterToBeReady$0(224)) - Waiting for cluster to exit safe mode
2022-06-19 13:04:55,869 [Listener at 127.0.0.1/33959] INFO  ozone.MiniOzoneClusterImpl (MiniOzoneClusterImpl.java:lambda$waitForClusterToBeReady$0(226)) - SCM became leader
2022-06-19 13:04:55,870 [Command processor thread] INFO  server.RaftServer (RaftServerProxy.java:addNew(96)) - 32ed00d5-15dd-4dbd-8016-698f8e5f4c3f: addNew group-DF33EDCB4AD7:[32ed00d5-15dd-4dbd-8016-698f8e5f4c3f|rpc:10.1.0.4:45569|priority:1] returns group-DF33EDCB4AD7:java.util.concurrent.CompletableFuture@34dd19d3[Not completed]
2022-06-19 13:04:55,877 [pool-165-thread-1] INFO  server.RaftServer$Division (RaftServerImpl.java:<init>(190)) - 32ed00d5-15dd-4dbd-8016-698f8e5f4c3f: new RaftServerImpl for group-DF33EDCB4AD7:[32ed00d5-15dd-4dbd-8016-698f8e5f4c3f|rpc:10.1.0.4:45569|priority:1] with ContainerStateMachine:uninitialized
2022-06-19 13:04:55,877 [pool-165-thread-1] INFO  server.RaftServerConfigKeys (ConfUtils.java:logGet(46)) - raft.server.rpc.timeout.min = 5s (custom)
2022-06-19 13:04:55,877 [pool-165-thread-1] INFO  server.RaftServerConfigKeys (ConfUtils.java:logGet(46)) - raft.server.rpc.timeout.max = 5200ms (custom)
2022-06-19 13:04:55,877 [pool-165-thread-1] INFO  server.RaftServerConfigKeys (ConfUtils.java:logGet(46)) - raft.server.rpc.sleep.time = 25ms (default)
2022-06-19 13:04:55,878 [pool-165-thread-1] INFO  server.RaftServerConfigKeys (ConfUtils.java:logGet(46)) - raft.server.rpc.slowness.timeout = 300s (custom)
2022-06-19 13:04:55,878 [pool-165-thread-1] INFO  server.RaftServerConfigKeys (ConfUtils.java:logGet(46)) - raft.server.leaderelection.leader.step-down.wait-time = 10s (default)
2022-06-19 13:04:55,878 [pool-165-thread-1] INFO  server.RaftServerConfigKeys (ConfUtils.java:logGet(46)) - raft.server.sleep.deviation.threshold = 300ms (default)
2022-06-19 13:04:55,878 [pool-165-thread-1] INFO  server.RaftServer$Division (ServerState.java:<init>(107)) - 32ed00d5-15dd-4dbd-8016-698f8e5f4c3f@group-DF33EDCB4AD7: ConfigurationManager, init=-1: [32ed00d5-15dd-4dbd-8016-698f8e5f4c3f|rpc:10.1.0.4:45569|priority:1], old=null, confs=<EMPTY_MAP>
2022-06-19 13:04:55,878 [pool-165-thread-1] INFO  server.RaftServerConfigKeys (ConfUtils.java:logGet(46)) - raft.server.storage.dir = [/home/runner/work/ozone/ozone/hadoop-ozone/integration-test/target/test-dir/MiniOzoneClusterImpl-9f34b74b-d5f0-454e-a8cb-06b69a9d8d3b/datanode-4/data/ratis] (custom)
2022-06-19 13:04:55,878 [pool-165-thread-1] INFO  server.RaftServerConfigKeys (ConfUtils.java:logGet(46)) - raft.server.log.corruption.policy = EXCEPTION (default)
2022-06-19 13:04:55,878 [pool-165-thread-1] INFO  server.RaftServerConfigKeys (ConfUtils.java:logGet(46)) - raft.server.storage.free-space.min = 0MB (=0) (default)
2022-06-19 13:04:55,878 [pool-165-thread-1] INFO  storage.RaftStorageDirectory (RaftStorageDirectoryImpl.java:analyzeStorage(135)) - The storage directory /home/runner/work/ozone/ozone/hadoop-ozone/integration-test/target/test-dir/MiniOzoneClusterImpl-9f34b74b-d5f0-454e-a8cb-06b69a9d8d3b/datanode-4/data/ratis/148ff1a8-f3e6-4d57-bda2-df33edcb4ad7 does not exist. Creating ...
2022-06-19 13:04:55,879 [pool-165-thread-1] INFO  storage.RaftStorageDirectory (RaftStorageDirectoryImpl.java:tryLock(230)) - Lock on /home/runner/work/ozone/ozone/hadoop-ozone/integration-test/target/test-dir/MiniOzoneClusterImpl-9f34b74b-d5f0-454e-a8cb-06b69a9d8d3b/datanode-4/data/ratis/148ff1a8-f3e6-4d57-bda2-df33edcb4ad7/in_use.lock acquired by nodename 17254@fv-az58-449
2022-06-19 13:04:55,880 [pool-165-thread-1] INFO  storage.RaftStorage (RaftStorageImpl.java:format(89)) - Storage directory /home/runner/work/ozone/ozone/hadoop-ozone/integration-test/target/test-dir/MiniOzoneClusterImpl-9f34b74b-d5f0-454e-a8cb-06b69a9d8d3b/datanode-4/data/ratis/148ff1a8-f3e6-4d57-bda2-df33edcb4ad7 has been successfully formatted.
2022-06-19 13:04:55,880 [pool-165-thread-1] INFO  ratis.ContainerStateMachine (ContainerStateMachine.java:loadSnapshot(236)) - group-DF33EDCB4AD7: The snapshot info is null. Setting the last applied indexto:(t:0, i:~)
2022-06-19 13:04:55,882 [pool-165-thread-1] INFO  server.RaftServerConfigKeys (ConfUtils.java:logGet(46)) - raft.server.notification.no-leader.timeout = 300s (custom)
2022-06-19 13:04:55,882 [pool-165-thread-1] INFO  server.RaftServerConfigKeys (ConfUtils.java:logGet(46)) - raft.server.log.use.memory = false (default)
2022-06-19 13:04:55,882 [pool-165-thread-1] INFO  server.RaftServerConfigKeys (ConfUtils.java:logGet(46)) - raft.server.log.purge.gap = 1000000 (custom)
2022-06-19 13:04:55,882 [pool-165-thread-1] INFO  server.RaftServerConfigKeys (ConfUtils.java:logGet(46)) - raft.server.log.appender.buffer.byte-limit = 33554432 (custom)
2022-06-19 13:04:55,882 [pool-165-thread-1] INFO  server.RaftServerConfigKeys (ConfUtils.java:logGet(46)) - raft.server.log.statemachine.data.read.timeout = 1000ms (default)
2022-06-19 13:04:55,883 [EventQueue-PipelineReportForPipelineReportHandler] INFO  pipeline.PipelineManagerImpl (PipelineManagerImpl.java:openPipeline(356)) - Pipeline Pipeline[ Id: 148ff1a8-f3e6-4d57-bda2-df33edcb4ad7, Nodes: 32ed00d5-15dd-4dbd-8016-698f8e5f4c3f{ip: 10.1.0.4, host: fv-az58-449.32bp4kehjaiexiom31oljkjdjg.cx.internal.cloudapp.net, ports: [REPLICATION=36433, RATIS=45569, RATIS_ADMIN=45569, RATIS_SERVER=45569, STANDALONE=46191], networkLocation: /default-rack, certSerialId: null, persistedOpState: IN_SERVICE, persistedOpStateExpiryEpochSec: 0}, ReplicationConfig: RATIS/ONE, State:ALLOCATED, leaderId:32ed00d5-15dd-4dbd-8016-698f8e5f4c3f, CreationTimestamp2022-06-19T13:04:52.873Z[Etc/UTC]] moved to OPEN state
2022-06-19 13:04:55,883 [EventQueue-OpenPipelineForHealthyPipelineSafeModeRule] INFO  safemode.SCMSafeModeManager (HealthyPipelineSafeModeRule.java:process(124)) - SCM in safe mode. Healthy pipelines reported count is 0, required healthy pipeline reported count is 1
2022-06-19 13:04:55,884 [pool-165-thread-1] INFO  server.RaftServerConfigKeys (ConfUtils.java:logGet(46)) - raft.server.log.segment.size.max = 1048576 (custom)
2022-06-19 13:04:55,887 [pool-165-thread-1] INFO  server.RaftServerConfigKeys (ConfUtils.java:logGet(46)) - raft.server.log.segment.cache.num.max = 2 (custom)
2022-06-19 13:04:55,887 [pool-165-thread-1] INFO  server.RaftServerConfigKeys (ConfUtils.java:logGet(46)) - raft.server.log.segment.cache.size.max = 200MB (=209715200) (default)
2022-06-19 13:04:55,887 [pool-165-thread-1] INFO  segmented.SegmentedRaftLogWorker (SegmentedRaftLogWorker.java:<init>(187)) - new 32ed00d5-15dd-4dbd-8016-698f8e5f4c3f@group-DF33EDCB4AD7-SegmentedRaftLogWorker for RaftStorageImpl:Storage Directory /home/runner/work/ozone/ozone/hadoop-ozone/integration-test/target/test-dir/MiniOzoneClusterImpl-9f34b74b-d5f0-454e-a8cb-06b69a9d8d3b/datanode-4/data/ratis/148ff1a8-f3e6-4d57-bda2-df33edcb4ad7
2022-06-19 13:04:55,887 [pool-165-thread-1] INFO  server.RaftServerConfigKeys (ConfUtils.java:logGet(46)) - raft.server.log.queue.byte-limit = 4294967296 (custom)
2022-06-19 13:04:55,887 [pool-165-thread-1] INFO  server.RaftServerConfigKeys (ConfUtils.java:logGet(46)) - raft.server.log.queue.element-limit = 1024 (custom)
2022-06-19 13:04:55,887 [pool-165-thread-1] INFO  server.RaftServerConfigKeys (ConfUtils.java:logGet(46)) - raft.server.log.segment.size.max = 1048576 (custom)
2022-06-19 13:04:55,887 [pool-165-thread-1] INFO  server.RaftServerConfigKeys (ConfUtils.java:logGet(46)) - raft.server.log.preallocated.size = 16384 (custom)
2022-06-19 13:04:55,887 [pool-165-thread-1] INFO  server.RaftServerConfigKeys (ConfUtils.java:logGet(46)) - raft.server.log.force.sync.num = 128 (default)
2022-06-19 13:04:55,887 [pool-165-thread-1] INFO  server.RaftServerConfigKeys (ConfUtils.java:logGet(46)) - raft.server.log.statemachine.data.sync = true (default)
2022-06-19 13:04:55,887 [pool-165-thread-1] INFO  server.RaftServerConfigKeys (ConfUtils.java:logGet(46)) - raft.server.log.statemachine.data.sync.timeout = 10s (default)
2022-06-19 13:04:55,887 [pool-165-thread-1] INFO  server.RaftServerConfigKeys (ConfUtils.java:logGet(46)) - raft.server.log.statemachine.data.sync.timeout.retry = -1 (default)
2022-06-19 13:04:55,888 [pool-165-thread-1] INFO  server.RaftServerConfigKeys (ConfUtils.java:logGet(46)) - raft.server.log.write.buffer.size = 1048576 (custom)
2022-06-19 13:04:55,889 [pool-165-thread-1] INFO  server.RaftServerConfigKeys (ConfUtils.java:logGet(46)) - raft.server.log.unsafe-flush.enabled = false (default)
2022-06-19 13:04:55,889 [pool-165-thread-1] INFO  server.RaftServerConfigKeys (ConfUtils.java:logGet(46)) - raft.server.log.statemachine.data.caching.enabled = true (custom)
2022-06-19 13:04:55,889 [pool-165-thread-1] INFO  segmented.SegmentedRaftLogWorker (SegmentedRaftLogWorker.java:lambda$new$0(135)) - 32ed00d5-15dd-4dbd-8016-698f8e5f4c3f@group-DF33EDCB4AD7-SegmentedRaftLogWorker: flushIndex: setUnconditionally 0 -> -1
2022-06-19 13:04:55,889 [pool-165-thread-1] INFO  segmented.SegmentedRaftLogWorker (SegmentedRaftLogWorker.java:lambda$new$0(135)) - 32ed00d5-15dd-4dbd-8016-698f8e5f4c3f@group-DF33EDCB4AD7-SegmentedRaftLogWorker: safeCacheEvictIndex: setUnconditionally 0 -> -1
2022-06-19 13:04:55,889 [pool-165-thread-1] INFO  server.RaftServerConfigKeys (ConfUtils.java:logGet(46)) - raft.server.snapshot.auto.trigger.enabled = true (custom)
2022-06-19 13:04:55,889 [pool-165-thread-1] INFO  server.RaftServerConfigKeys (ConfUtils.java:logGet(46)) - raft.server.snapshot.auto.trigger.threshold = 10000 (custom)
2022-06-19 13:04:55,889 [pool-165-thread-1] INFO  server.RaftServerConfigKeys (ConfUtils.java:logGet(46)) - raft.server.snapshot.retention.file.num = 5 (custom)
2022-06-19 13:04:55,889 [pool-165-thread-1] INFO  server.RaftServerConfigKeys (ConfUtils.java:logGet(46)) - raft.server.log.purge.upto.snapshot.index = false (default)
2022-06-19 13:04:55,890 [pool-165-thread-1] INFO  server.RaftServerConfigKeys (ConfUtils.java:logGet(46)) - raft.server.retrycache.expirytime = 600000ms (custom)
2022-06-19 13:04:55,890 [pool-165-thread-1] INFO  server.RaftServerConfigKeys (ConfUtils.java:logGet(46)) - raft.server.retrycache.statistics.expirytime = 100μs (default)
2022-06-19 13:04:55,891 [pool-165-thread-1] INFO  server.RaftServerConfigKeys (ConfUtils.java:logGet(46)) - raft.server.log.appender.install.snapshot.enabled = false (custom)
2022-06-19 13:04:55,891 [pool-165-thread-1] INFO  server.RaftServerConfigKeys (ConfUtils.java:logGet(46)) - raft.server.threadpool.server.cached = true (default)
2022-06-19 13:04:55,891 [pool-165-thread-1] INFO  server.RaftServerConfigKeys (ConfUtils.java:logGet(46)) - raft.server.threadpool.server.size = 0 (default)
2022-06-19 13:04:55,891 [pool-165-thread-1] INFO  server.RaftServerConfigKeys (ConfUtils.java:logGet(46)) - raft.server.threadpool.client.cached = true (default)
2022-06-19 13:04:55,891 [pool-165-thread-1] INFO  server.RaftServerConfigKeys (ConfUtils.java:logGet(46)) - raft.server.threadpool.client.size = 0 (default)
2022-06-19 13:04:55,891 [pool-165-thread-1] INFO  server.RaftServer$Division (RaftServerImpl.java:start(310)) - 32ed00d5-15dd-4dbd-8016-698f8e5f4c3f@group-DF33EDCB4AD7: start as a follower, conf=-1: [32ed00d5-15dd-4dbd-8016-698f8e5f4c3f|rpc:10.1.0.4:45569|priority:1], old=null
2022-06-19 13:04:55,891 [pool-165-thread-1] INFO  server.RaftServer$Division (RaftServerImpl.java:setRole(299)) - 32ed00d5-15dd-4dbd-8016-698f8e5f4c3f@group-DF33EDCB4AD7: changes role from      null to FOLLOWER at term 0 for startAsFollower
2022-06-19 13:04:55,891 [pool-165-thread-1] INFO  impl.RoleInfo (RoleInfo.java:updateAndGet(139)) - 32ed00d5-15dd-4dbd-8016-698f8e5f4c3f: start 32ed00d5-15dd-4dbd-8016-698f8e5f4c3f@group-DF33EDCB4AD7-FollowerState
2022-06-19 13:04:55,891 [pool-165-thread-1] INFO  util.JmxRegister (JmxRegister.java:tryRegister(44)) - Successfully registered JMX Bean with object name Ratis:service=RaftServer,group=group-DF33EDCB4AD7,id=32ed00d5-15dd-4dbd-8016-698f8e5f4c3f
2022-06-19 13:04:55,892 [Command processor thread] INFO  ratis.XceiverServerRatis (XceiverServerRatis.java:addGroup(765)) - Created group PipelineID=148ff1a8-f3e6-4d57-bda2-df33edcb4ad7
2022-06-19 13:04:55,892 [Command processor thread] INFO  commandhandler.CreatePipelineCommandHandler (CreatePipelineCommandHandler.java:handle(113)) - Created Pipeline RATIS ONE PipelineID=148ff1a8-f3e6-4d57-bda2-df33edcb4ad7.
2022-06-19 13:04:56,869 [Listener at 127.0.0.1/33959] INFO  ozone.MiniOzoneClusterImpl (MiniOzoneClusterImpl.java:lambda$waitForClusterToBeReady$0(221)) - Nodes are ready. Got 5 of 5 DN Heartbeats.
2022-06-19 13:04:56,869 [Listener at 127.0.0.1/33959] INFO  ozone.MiniOzoneClusterImpl (MiniOzoneClusterImpl.java:lambda$waitForClusterToBeReady$0(224)) - Waiting for cluster to exit safe mode
2022-06-19 13:04:56,869 [Listener at 127.0.0.1/33959] INFO  ozone.MiniOzoneClusterImpl (MiniOzoneClusterImpl.java:lambda$waitForClusterToBeReady$0(226)) - SCM became leader
2022-06-19 13:04:57,870 [Listener at 127.0.0.1/33959] INFO  ozone.MiniOzoneClusterImpl (MiniOzoneClusterImpl.java:lambda$waitForClusterToBeReady$0(221)) - Nodes are ready. Got 5 of 5 DN Heartbeats.
2022-06-19 13:04:57,870 [Listener at 127.0.0.1/33959] INFO  ozone.MiniOzoneClusterImpl (MiniOzoneClusterImpl.java:lambda$waitForClusterToBeReady$0(224)) - Waiting for cluster to exit safe mode
2022-06-19 13:04:57,870 [Listener at 127.0.0.1/33959] INFO  ozone.MiniOzoneClusterImpl (MiniOzoneClusterImpl.java:lambda$waitForClusterToBeReady$0(226)) - SCM became leader
2022-06-19 13:04:58,871 [Listener at 127.0.0.1/33959] INFO  ozone.MiniOzoneClusterImpl (MiniOzoneClusterImpl.java:lambda$waitForClusterToBeReady$0(221)) - Nodes are ready. Got 5 of 5 DN Heartbeats.
2022-06-19 13:04:58,871 [Listener at 127.0.0.1/33959] INFO  ozone.MiniOzoneClusterImpl (MiniOzoneClusterImpl.java:lambda$waitForClusterToBeReady$0(224)) - Waiting for cluster to exit safe mode
2022-06-19 13:04:58,871 [Listener at 127.0.0.1/33959] INFO  ozone.MiniOzoneClusterImpl (MiniOzoneClusterImpl.java:lambda$waitForClusterToBeReady$0(226)) - SCM became leader
2022-06-19 13:04:59,692 [d57ef6cc-857b-4c4f-ab3c-49c4eddebbaf@group-6724C927785B-FollowerState] INFO  impl.FollowerState (FollowerState.java:run(143)) - d57ef6cc-857b-4c4f-ab3c-49c4eddebbaf@group-6724C927785B-FollowerState: change to CANDIDATE, lastRpcElapsedTime:5178325353ns, electionTimeout:5173ms
2022-06-19 13:04:59,692 [d57ef6cc-857b-4c4f-ab3c-49c4eddebbaf@group-6724C927785B-FollowerState] INFO  impl.RoleInfo (RoleInfo.java:shutdownFollowerState(110)) - d57ef6cc-857b-4c4f-ab3c-49c4eddebbaf: shutdown d57ef6cc-857b-4c4f-ab3c-49c4eddebbaf@group-6724C927785B-FollowerState
2022-06-19 13:04:59,692 [d57ef6cc-857b-4c4f-ab3c-49c4eddebbaf@group-6724C927785B-FollowerState] INFO  server.RaftServer$Division (RaftServerImpl.java:setRole(299)) - d57ef6cc-857b-4c4f-ab3c-49c4eddebbaf@group-6724C927785B: changes role from  FOLLOWER to CANDIDATE at term 0 for changeToCandidate
2022-06-19 13:04:59,692 [d57ef6cc-857b-4c4f-ab3c-49c4eddebbaf@group-6724C927785B-FollowerState] INFO  server.RaftServerConfigKeys (ConfUtils.java:logGet(46)) - raft.server.leaderelection.pre-vote = false (custom)
2022-06-19 13:04:59,692 [d57ef6cc-857b-4c4f-ab3c-49c4eddebbaf@group-6724C927785B-FollowerState] INFO  impl.RoleInfo (RoleInfo.java:updateAndGet(139)) - d57ef6cc-857b-4c4f-ab3c-49c4eddebbaf: start d57ef6cc-857b-4c4f-ab3c-49c4eddebbaf@group-6724C927785B-LeaderElection2
2022-06-19 13:04:59,695 [d57ef6cc-857b-4c4f-ab3c-49c4eddebbaf@group-6724C927785B-LeaderElection2] INFO  impl.LeaderElection (LeaderElection.java:askForVotes(310)) - d57ef6cc-857b-4c4f-ab3c-49c4eddebbaf@group-6724C927785B-LeaderElection2 ELECTION round 0: submit vote requests at term 1 for -1: [d57ef6cc-857b-4c4f-ab3c-49c4eddebbaf|rpc:10.1.0.4:38535|priority:1], old=null
2022-06-19 13:04:59,695 [d57ef6cc-857b-4c4f-ab3c-49c4eddebbaf@group-6724C927785B-LeaderElection2] INFO  impl.LeaderElection (LeaderElection.java:askForVotes(312)) - d57ef6cc-857b-4c4f-ab3c-49c4eddebbaf@group-6724C927785B-LeaderElection2 ELECTION round 0: result PASSED (term=1)
2022-06-19 13:04:59,696 [d57ef6cc-857b-4c4f-ab3c-49c4eddebbaf@group-6724C927785B-LeaderElection2] INFO  impl.RoleInfo (RoleInfo.java:shutdownLeaderElection(130)) - d57ef6cc-857b-4c4f-ab3c-49c4eddebbaf: shutdown d57ef6cc-857b-4c4f-ab3c-49c4eddebbaf@group-6724C927785B-LeaderElection2
2022-06-19 13:04:59,696 [d57ef6cc-857b-4c4f-ab3c-49c4eddebbaf@group-6724C927785B-LeaderElection2] INFO  server.RaftServer$Division (RaftServerImpl.java:setRole(299)) - d57ef6cc-857b-4c4f-ab3c-49c4eddebbaf@group-6724C927785B: changes role from CANDIDATE to LEADER at term 1 for changeToLeader
2022-06-19 13:04:59,696 [d57ef6cc-857b-4c4f-ab3c-49c4eddebbaf@group-6724C927785B-LeaderElection2] INFO  ratis.XceiverServerRatis (XceiverServerRatis.java:handleLeaderChangedNotification(863)) - Leader change notification received for group: group-6724C927785B with new leaderId: d57ef6cc-857b-4c4f-ab3c-49c4eddebbaf
2022-06-19 13:04:59,696 [d57ef6cc-857b-4c4f-ab3c-49c4eddebbaf@group-6724C927785B-LeaderElection2] INFO  server.RaftServer$Division (ServerState.java:setLeader(287)) - d57ef6cc-857b-4c4f-ab3c-49c4eddebbaf@group-6724C927785B: change Leader from null to d57ef6cc-857b-4c4f-ab3c-49c4eddebbaf at term 1 for becomeLeader, leader elected after 5203ms
2022-06-19 13:04:59,696 [d57ef6cc-857b-4c4f-ab3c-49c4eddebbaf@group-6724C927785B-LeaderElection2] INFO  server.RaftServerConfigKeys (ConfUtils.java:logGet(46)) - raft.server.staging.catchup.gap = 1000 (default)
2022-06-19 13:04:59,697 [d57ef6cc-857b-4c4f-ab3c-49c4eddebbaf@group-6724C927785B-LeaderElection2] INFO  server.RaftServerConfigKeys (ConfUtils.java:logGet(46)) - raft.server.write.element-limit = 1024 (custom)
2022-06-19 13:04:59,697 [d57ef6cc-857b-4c4f-ab3c-49c4eddebbaf@group-6724C927785B-LeaderElection2] INFO  server.RaftServerConfigKeys (ConfUtils.java:logGet(46)) - raft.server.write.byte-limit = 1024 M (=1073741824) (custom)
2022-06-19 13:04:59,698 [d57ef6cc-857b-4c4f-ab3c-49c4eddebbaf@group-6724C927785B-LeaderElection2] INFO  server.RaftServerConfigKeys (ConfUtils.java:logGet(46)) - raft.server.watch.timeout = 180s (custom)
2022-06-19 13:04:59,698 [d57ef6cc-857b-4c4f-ab3c-49c4eddebbaf@group-6724C927785B-LeaderElection2] INFO  server.RaftServerConfigKeys (ConfUtils.java:logGet(46)) - raft.server.watch.timeout.denomination = 1s (default)
2022-06-19 13:04:59,698 [d57ef6cc-857b-4c4f-ab3c-49c4eddebbaf@group-6724C927785B-LeaderElection2] INFO  server.RaftServerConfigKeys (ConfUtils.java:logGet(46)) - raft.server.watch.element-limit = 65536 (default)
2022-06-19 13:04:59,698 [EventQueue-OpenPipelineForHealthyPipelineSafeModeRule] INFO  safemode.SCMSafeModeManager (HealthyPipelineSafeModeRule.java:process(124)) - SCM in safe mode. Healthy pipelines reported count is 0, required healthy pipeline reported count is 1
2022-06-19 13:04:59,700 [d57ef6cc-857b-4c4f-ab3c-49c4eddebbaf@group-6724C927785B-LeaderElection2] INFO  server.RaftServerConfigKeys (ConfUtils.java:logGet(46)) - raft.server.write.element-limit = 1024 (custom)
2022-06-19 13:04:59,701 [d57ef6cc-857b-4c4f-ab3c-49c4eddebbaf@group-6724C927785B-LeaderElection2] INFO  server.RaftServerConfigKeys (ConfUtils.java:logGet(46)) - raft.server.write.follower.gap.ratio.max = -1.0 (default)
2022-06-19 13:04:59,701 [d57ef6cc-857b-4c4f-ab3c-49c4eddebbaf@group-6724C927785B-LeaderElection2] INFO  impl.RoleInfo (RoleInfo.java:updateAndGet(139)) - d57ef6cc-857b-4c4f-ab3c-49c4eddebbaf: start d57ef6cc-857b-4c4f-ab3c-49c4eddebbaf@group-6724C927785B-LeaderStateImpl
2022-06-19 13:04:59,701 [d57ef6cc-857b-4c4f-ab3c-49c4eddebbaf@group-6724C927785B-LeaderElection2] INFO  segmented.SegmentedRaftLogWorker (SegmentedRaftLogWorker.java:startLogSegment(425)) - d57ef6cc-857b-4c4f-ab3c-49c4eddebbaf@group-6724C927785B-SegmentedRaftLogWorker: Starting segment from index:0
2022-06-19 13:04:59,702 [d57ef6cc-857b-4c4f-ab3c-49c4eddebbaf@group-6724C927785B-SegmentedRaftLogWorker] INFO  segmented.SegmentedRaftLogWorker (SegmentedRaftLogWorker.java:execute(629)) - d57ef6cc-857b-4c4f-ab3c-49c4eddebbaf@group-6724C927785B-SegmentedRaftLogWorker: created new log segment /home/runner/work/ozone/ozone/hadoop-ozone/integration-test/target/test-dir/MiniOzoneClusterImpl-9f34b74b-d5f0-454e-a8cb-06b69a9d8d3b/datanode-0/data/ratis/7841a45e-4f39-4847-b490-6724c927785b/current/log_inprogress_0
2022-06-19 13:04:59,702 [d57ef6cc-857b-4c4f-ab3c-49c4eddebbaf@group-6724C927785B-LeaderElection2] INFO  server.RaftServer$Division (ServerState.java:setRaftConf(393)) - d57ef6cc-857b-4c4f-ab3c-49c4eddebbaf@group-6724C927785B: set configuration 0: [d57ef6cc-857b-4c4f-ab3c-49c4eddebbaf|rpc:10.1.0.4:38535|dataStream:|priority:1], old=null
2022-06-19 13:04:59,735 [d57ef6cc-857b-4c4f-ab3c-49c4eddebbaf@group-B66F265A3155-FollowerState] INFO  impl.FollowerState (FollowerState.java:run(143)) - d57ef6cc-857b-4c4f-ab3c-49c4eddebbaf@group-B66F265A3155-FollowerState: change to CANDIDATE, lastRpcElapsedTime:5191953559ns, electionTimeout:5191ms
2022-06-19 13:04:59,735 [d57ef6cc-857b-4c4f-ab3c-49c4eddebbaf@group-B66F265A3155-FollowerState] INFO  impl.RoleInfo (RoleInfo.java:shutdownFollowerState(110)) - d57ef6cc-857b-4c4f-ab3c-49c4eddebbaf: shutdown d57ef6cc-857b-4c4f-ab3c-49c4eddebbaf@group-B66F265A3155-FollowerState
2022-06-19 13:04:59,735 [d57ef6cc-857b-4c4f-ab3c-49c4eddebbaf@group-B66F265A3155-FollowerState] INFO  server.RaftServer$Division (RaftServerImpl.java:setRole(299)) - d57ef6cc-857b-4c4f-ab3c-49c4eddebbaf@group-B66F265A3155: changes role from  FOLLOWER to CANDIDATE at term 0 for changeToCandidate
2022-06-19 13:04:59,736 [d57ef6cc-857b-4c4f-ab3c-49c4eddebbaf@group-B66F265A3155-FollowerState] INFO  server.RaftServerConfigKeys (ConfUtils.java:logGet(46)) - raft.server.leaderelection.pre-vote = false (custom)
2022-06-19 13:04:59,736 [d57ef6cc-857b-4c4f-ab3c-49c4eddebbaf@group-B66F265A3155-FollowerState] INFO  impl.RoleInfo (RoleInfo.java:updateAndGet(139)) - d57ef6cc-857b-4c4f-ab3c-49c4eddebbaf: start d57ef6cc-857b-4c4f-ab3c-49c4eddebbaf@group-B66F265A3155-LeaderElection3
2022-06-19 13:04:59,738 [d57ef6cc-857b-4c4f-ab3c-49c4eddebbaf@group-B66F265A3155-LeaderElection3] INFO  impl.LeaderElection (LeaderElection.java:askForVotes(310)) - d57ef6cc-857b-4c4f-ab3c-49c4eddebbaf@group-B66F265A3155-LeaderElection3 ELECTION round 0: submit vote requests at term 1 for -1: [d57ef6cc-857b-4c4f-ab3c-49c4eddebbaf|rpc:10.1.0.4:38535|priority:0, 3336e988-a1cc-4f09-b2d1-22a9863ee945|rpc:10.1.0.4:37777|priority:0, a1a795c4-f5a2-46b7-b5e4-aef7f82751b2|rpc:10.1.0.4:34871|priority:1], old=null
2022-06-19 13:04:59,768 [grpc-default-executor-2] INFO  server.RaftServer$Division (RaftServerImpl.java:requestVote(1152)) - 3336e988-a1cc-4f09-b2d1-22a9863ee945@group-B66F265A3155: receive requestVote(ELECTION, d57ef6cc-857b-4c4f-ab3c-49c4eddebbaf, group-B66F265A3155, 1, (t:0, i:0))
2022-06-19 13:04:59,770 [grpc-default-executor-2] INFO  impl.VoteContext (VoteContext.java:log(48)) - 3336e988-a1cc-4f09-b2d1-22a9863ee945@group-B66F265A3155-FOLLOWER: accept ELECTION from d57ef6cc-857b-4c4f-ab3c-49c4eddebbaf: our priority 0 <= candidate's priority 0
2022-06-19 13:04:59,770 [grpc-default-executor-2] INFO  server.RaftServer$Division (RaftServerImpl.java:setRole(299)) - 3336e988-a1cc-4f09-b2d1-22a9863ee945@group-B66F265A3155: changes role from  FOLLOWER to FOLLOWER at term 1 for candidate:d57ef6cc-857b-4c4f-ab3c-49c4eddebbaf
2022-06-19 13:04:59,770 [grpc-default-executor-2] INFO  impl.RoleInfo (RoleInfo.java:shutdownFollowerState(110)) - 3336e988-a1cc-4f09-b2d1-22a9863ee945: shutdown 3336e988-a1cc-4f09-b2d1-22a9863ee945@group-B66F265A3155-FollowerState
2022-06-19 13:04:59,770 [3336e988-a1cc-4f09-b2d1-22a9863ee945@group-B66F265A3155-FollowerState] INFO  impl.FollowerState (FollowerState.java:run(152)) - 3336e988-a1cc-4f09-b2d1-22a9863ee945@group-B66F265A3155-FollowerState was interrupted
2022-06-19 13:04:59,770 [grpc-default-executor-2] INFO  impl.RoleInfo (RoleInfo.java:updateAndGet(139)) - 3336e988-a1cc-4f09-b2d1-22a9863ee945: start 3336e988-a1cc-4f09-b2d1-22a9863ee945@group-B66F265A3155-FollowerState
2022-06-19 13:04:59,783 [grpc-default-executor-0] INFO  server.RaftServer$Division (RaftServerImpl.java:requestVote(1152)) - a1a795c4-f5a2-46b7-b5e4-aef7f82751b2@group-B66F265A3155: receive requestVote(ELECTION, d57ef6cc-857b-4c4f-ab3c-49c4eddebbaf, group-B66F265A3155, 1, (t:0, i:0))
2022-06-19 13:04:59,783 [grpc-default-executor-0] INFO  impl.VoteContext (VoteContext.java:log(48)) - a1a795c4-f5a2-46b7-b5e4-aef7f82751b2@group-B66F265A3155-FOLLOWER: reject ELECTION from d57ef6cc-857b-4c4f-ab3c-49c4eddebbaf: our priority 1 > candidate's priority 0
2022-06-19 13:04:59,784 [grpc-default-executor-0] INFO  server.RaftServer$Division (RaftServerImpl.java:setRole(299)) - a1a795c4-f5a2-46b7-b5e4-aef7f82751b2@group-B66F265A3155: changes role from  FOLLOWER to FOLLOWER at term 1 for candidate:d57ef6cc-857b-4c4f-ab3c-49c4eddebbaf
2022-06-19 13:04:59,784 [grpc-default-executor-0] INFO  impl.RoleInfo (RoleInfo.java:shutdownFollowerState(110)) - a1a795c4-f5a2-46b7-b5e4-aef7f82751b2: shutdown a1a795c4-f5a2-46b7-b5e4-aef7f82751b2@group-B66F265A3155-FollowerState
2022-06-19 13:04:59,784 [grpc-default-executor-0] INFO  impl.RoleInfo (RoleInfo.java:updateAndGet(139)) - a1a795c4-f5a2-46b7-b5e4-aef7f82751b2: start a1a795c4-f5a2-46b7-b5e4-aef7f82751b2@group-B66F265A3155-FollowerState
2022-06-19 13:04:59,784 [a1a795c4-f5a2-46b7-b5e4-aef7f82751b2@group-B66F265A3155-FollowerState] INFO  impl.FollowerState (FollowerState.java:run(152)) - a1a795c4-f5a2-46b7-b5e4-aef7f82751b2@group-B66F265A3155-FollowerState was interrupted
2022-06-19 13:04:59,784 [grpc-default-executor-2] INFO  server.RaftServer$Division (RaftServerImpl.java:requestVote(1184)) - 3336e988-a1cc-4f09-b2d1-22a9863ee945@group-B66F265A3155 replies to ELECTION vote request: d57ef6cc-857b-4c4f-ab3c-49c4eddebbaf<-3336e988-a1cc-4f09-b2d1-22a9863ee945#0:OK-t1. Peer's state: 3336e988-a1cc-4f09-b2d1-22a9863ee945@group-B66F265A3155:t1, leader=null, voted=d57ef6cc-857b-4c4f-ab3c-49c4eddebbaf, raftlog=3336e988-a1cc-4f09-b2d1-22a9863ee945@group-B66F265A3155-SegmentedRaftLog:OPENED:c-1, conf=-1: [d57ef6cc-857b-4c4f-ab3c-49c4eddebbaf|rpc:10.1.0.4:38535|dataStream:|priority:0, 3336e988-a1cc-4f09-b2d1-22a9863ee945|rpc:10.1.0.4:37777|dataStream:|priority:0, a1a795c4-f5a2-46b7-b5e4-aef7f82751b2|rpc:10.1.0.4:34871|dataStream:|priority:1], old=null
2022-06-19 13:04:59,786 [grpc-default-executor-0] INFO  server.RaftServer$Division (RaftServerImpl.java:requestVote(1184)) - a1a795c4-f5a2-46b7-b5e4-aef7f82751b2@group-B66F265A3155 replies to ELECTION vote request: d57ef6cc-857b-4c4f-ab3c-49c4eddebbaf<-a1a795c4-f5a2-46b7-b5e4-aef7f82751b2#0:FAIL-t1. Peer's state: a1a795c4-f5a2-46b7-b5e4-aef7f82751b2@group-B66F265A3155:t1, leader=null, voted=null, raftlog=a1a795c4-f5a2-46b7-b5e4-aef7f82751b2@group-B66F265A3155-SegmentedRaftLog:OPENED:c-1, conf=-1: [d57ef6cc-857b-4c4f-ab3c-49c4eddebbaf|rpc:10.1.0.4:38535|priority:0, 3336e988-a1cc-4f09-b2d1-22a9863ee945|rpc:10.1.0.4:37777|priority:0, a1a795c4-f5a2-46b7-b5e4-aef7f82751b2|rpc:10.1.0.4:34871|priority:1], old=null
2022-06-19 13:04:59,790 [d57ef6cc-857b-4c4f-ab3c-49c4eddebbaf@group-B66F265A3155-LeaderElection3] INFO  impl.LeaderElection (LeaderElection.java:logAndReturn(90)) - d57ef6cc-857b-4c4f-ab3c-49c4eddebbaf@group-B66F265A3155-LeaderElection3: ELECTION REJECTED received 2 response(s) and 0 exception(s):
2022-06-19 13:04:59,791 [d57ef6cc-857b-4c4f-ab3c-49c4eddebbaf@group-B66F265A3155-LeaderElection3] INFO  impl.LeaderElection (LeaderElection.java:logAndReturn(94)) -   Response 0: d57ef6cc-857b-4c4f-ab3c-49c4eddebbaf<-3336e988-a1cc-4f09-b2d1-22a9863ee945#0:OK-t1
2022-06-19 13:04:59,791 [d57ef6cc-857b-4c4f-ab3c-49c4eddebbaf@group-B66F265A3155-LeaderElection3] INFO  impl.LeaderElection (LeaderElection.java:logAndReturn(94)) -   Response 1: d57ef6cc-857b-4c4f-ab3c-49c4eddebbaf<-a1a795c4-f5a2-46b7-b5e4-aef7f82751b2#0:FAIL-t1
2022-06-19 13:04:59,791 [d57ef6cc-857b-4c4f-ab3c-49c4eddebbaf@group-B66F265A3155-LeaderElection3] INFO  impl.LeaderElection (LeaderElection.java:askForVotes(312)) - d57ef6cc-857b-4c4f-ab3c-49c4eddebbaf@group-B66F265A3155-LeaderElection3 ELECTION round 0: result REJECTED
2022-06-19 13:04:59,791 [d57ef6cc-857b-4c4f-ab3c-49c4eddebbaf@group-B66F265A3155-LeaderElection3] INFO  server.RaftServer$Division (RaftServerImpl.java:setRole(299)) - d57ef6cc-857b-4c4f-ab3c-49c4eddebbaf@group-B66F265A3155: changes role from CANDIDATE to FOLLOWER at term 1 for REJECTED
2022-06-19 13:04:59,792 [d57ef6cc-857b-4c4f-ab3c-49c4eddebbaf@group-B66F265A3155-LeaderElection3] INFO  impl.RoleInfo (RoleInfo.java:shutdownLeaderElection(130)) - d57ef6cc-857b-4c4f-ab3c-49c4eddebbaf: shutdown d57ef6cc-857b-4c4f-ab3c-49c4eddebbaf@group-B66F265A3155-LeaderElection3
2022-06-19 13:04:59,792 [d57ef6cc-857b-4c4f-ab3c-49c4eddebbaf@group-B66F265A3155-LeaderElection3] INFO  impl.RoleInfo (RoleInfo.java:updateAndGet(139)) - d57ef6cc-857b-4c4f-ab3c-49c4eddebbaf: start d57ef6cc-857b-4c4f-ab3c-49c4eddebbaf@group-B66F265A3155-FollowerState
2022-06-19 13:04:59,872 [Listener at 127.0.0.1/33959] INFO  ozone.MiniOzoneClusterImpl (MiniOzoneClusterImpl.java:lambda$waitForClusterToBeReady$0(221)) - Nodes are ready. Got 5 of 5 DN Heartbeats.
2022-06-19 13:04:59,872 [Listener at 127.0.0.1/33959] INFO  ozone.MiniOzoneClusterImpl (MiniOzoneClusterImpl.java:lambda$waitForClusterToBeReady$0(224)) - Waiting for cluster to exit safe mode
2022-06-19 13:04:59,873 [Listener at 127.0.0.1/33959] INFO  ozone.MiniOzoneClusterImpl (MiniOzoneClusterImpl.java:lambda$waitForClusterToBeReady$0(226)) - SCM became leader
2022-06-19 13:05:00,038 [a1a795c4-f5a2-46b7-b5e4-aef7f82751b2@group-247E35D136FD-FollowerState] INFO  impl.FollowerState (FollowerState.java:run(143)) - a1a795c4-f5a2-46b7-b5e4-aef7f82751b2@group-247E35D136FD-FollowerState: change to CANDIDATE, lastRpcElapsedTime:5014740632ns, electionTimeout:5009ms
2022-06-19 13:05:00,038 [a1a795c4-f5a2-46b7-b5e4-aef7f82751b2@group-247E35D136FD-FollowerState] INFO  impl.RoleInfo (RoleInfo.java:shutdownFollowerState(110)) - a1a795c4-f5a2-46b7-b5e4-aef7f82751b2: shutdown a1a795c4-f5a2-46b7-b5e4-aef7f82751b2@group-247E35D136FD-FollowerState
2022-06-19 13:05:00,038 [a1a795c4-f5a2-46b7-b5e4-aef7f82751b2@group-247E35D136FD-FollowerState] INFO  server.RaftServer$Division (RaftServerImpl.java:setRole(299)) - a1a795c4-f5a2-46b7-b5e4-aef7f82751b2@group-247E35D136FD: changes role from  FOLLOWER to CANDIDATE at term 0 for changeToCandidate
2022-06-19 13:05:00,039 [a1a795c4-f5a2-46b7-b5e4-aef7f82751b2@group-247E35D136FD-FollowerState] INFO  server.RaftServerConfigKeys (ConfUtils.java:logGet(46)) - raft.server.leaderelection.pre-vote = false (custom)
2022-06-19 13:05:00,039 [a1a795c4-f5a2-46b7-b5e4-aef7f82751b2@group-247E35D136FD-FollowerState] INFO  impl.RoleInfo (RoleInfo.java:updateAndGet(139)) - a1a795c4-f5a2-46b7-b5e4-aef7f82751b2: start a1a795c4-f5a2-46b7-b5e4-aef7f82751b2@group-247E35D136FD-LeaderElection4
2022-06-19 13:05:00,041 [a1a795c4-f5a2-46b7-b5e4-aef7f82751b2@group-247E35D136FD-LeaderElection4] INFO  impl.LeaderElection (LeaderElection.java:askForVotes(310)) - a1a795c4-f5a2-46b7-b5e4-aef7f82751b2@group-247E35D136FD-LeaderElection4 ELECTION round 0: submit vote requests at term 1 for -1: [a1a795c4-f5a2-46b7-b5e4-aef7f82751b2|rpc:10.1.0.4:34871|priority:1], old=null
2022-06-19 13:05:00,041 [a1a795c4-f5a2-46b7-b5e4-aef7f82751b2@group-247E35D136FD-LeaderElection4] INFO  impl.LeaderElection (LeaderElection.java:askForVotes(312)) - a1a795c4-f5a2-46b7-b5e4-aef7f82751b2@group-247E35D136FD-LeaderElection4 ELECTION round 0: result PASSED (term=1)
2022-06-19 13:05:00,041 [a1a795c4-f5a2-46b7-b5e4-aef7f82751b2@group-247E35D136FD-LeaderElection4] INFO  impl.RoleInfo (RoleInfo.java:shutdownLeaderElection(130)) - a1a795c4-f5a2-46b7-b5e4-aef7f82751b2: shutdown a1a795c4-f5a2-46b7-b5e4-aef7f82751b2@group-247E35D136FD-LeaderElection4
2022-06-19 13:05:00,041 [a1a795c4-f5a2-46b7-b5e4-aef7f82751b2@group-247E35D136FD-LeaderElection4] INFO  server.RaftServer$Division (RaftServerImpl.java:setRole(299)) - a1a795c4-f5a2-46b7-b5e4-aef7f82751b2@group-247E35D136FD: changes role from CANDIDATE to LEADER at term 1 for changeToLeader
2022-06-19 13:05:00,041 [a1a795c4-f5a2-46b7-b5e4-aef7f82751b2@group-247E35D136FD-LeaderElection4] INFO  ratis.XceiverServerRatis (XceiverServerRatis.java:handleLeaderChangedNotification(863)) - Leader change notification received for group: group-247E35D136FD with new leaderId: a1a795c4-f5a2-46b7-b5e4-aef7f82751b2
2022-06-19 13:05:00,042 [a1a795c4-f5a2-46b7-b5e4-aef7f82751b2@group-247E35D136FD-LeaderElection4] INFO  server.RaftServer$Division (ServerState.java:setLeader(287)) - a1a795c4-f5a2-46b7-b5e4-aef7f82751b2@group-247E35D136FD: change Leader from null to a1a795c4-f5a2-46b7-b5e4-aef7f82751b2 at term 1 for becomeLeader, leader elected after 5028ms
2022-06-19 13:05:00,042 [a1a795c4-f5a2-46b7-b5e4-aef7f82751b2@group-247E35D136FD-LeaderElection4] INFO  server.RaftServerConfigKeys (ConfUtils.java:logGet(46)) - raft.server.staging.catchup.gap = 1000 (default)
2022-06-19 13:05:00,042 [a1a795c4-f5a2-46b7-b5e4-aef7f82751b2@group-247E35D136FD-LeaderElection4] INFO  server.RaftServerConfigKeys (ConfUtils.java:logGet(46)) - raft.server.write.element-limit = 1024 (custom)
2022-06-19 13:05:00,042 [a1a795c4-f5a2-46b7-b5e4-aef7f82751b2@group-247E35D136FD-LeaderElection4] INFO  server.RaftServerConfigKeys (ConfUtils.java:logGet(46)) - raft.server.write.byte-limit = 1024 M (=1073741824) (custom)
2022-06-19 13:05:00,042 [a1a795c4-f5a2-46b7-b5e4-aef7f82751b2@group-247E35D136FD-LeaderElection4] INFO  server.RaftServerConfigKeys (ConfUtils.java:logGet(46)) - raft.server.watch.timeout = 180s (custom)
2022-06-19 13:05:00,043 [a1a795c4-f5a2-46b7-b5e4-aef7f82751b2@group-247E35D136FD-LeaderElection4] INFO  server.RaftServerConfigKeys (ConfUtils.java:logGet(46)) - raft.server.watch.timeout.denomination = 1s (default)
2022-06-19 13:05:00,043 [a1a795c4-f5a2-46b7-b5e4-aef7f82751b2@group-247E35D136FD-LeaderElection4] INFO  server.RaftServerConfigKeys (ConfUtils.java:logGet(46)) - raft.server.watch.element-limit = 65536 (default)
2022-06-19 13:05:00,043 [a1a795c4-f5a2-46b7-b5e4-aef7f82751b2@group-247E35D136FD-LeaderElection4] INFO  server.RaftServerConfigKeys (ConfUtils.java:logGet(46)) - raft.server.write.element-limit = 1024 (custom)
2022-06-19 13:05:00,043 [a1a795c4-f5a2-46b7-b5e4-aef7f82751b2@group-247E35D136FD-LeaderElection4] INFO  server.RaftServerConfigKeys (ConfUtils.java:logGet(46)) - raft.server.write.follower.gap.ratio.max = -1.0 (default)
2022-06-19 13:05:00,043 [a1a795c4-f5a2-46b7-b5e4-aef7f82751b2@group-247E35D136FD-LeaderElection4] INFO  impl.RoleInfo (RoleInfo.java:updateAndGet(139)) - a1a795c4-f5a2-46b7-b5e4-aef7f82751b2: start a1a795c4-f5a2-46b7-b5e4-aef7f82751b2@group-247E35D136FD-LeaderStateImpl
2022-06-19 13:05:00,043 [EventQueue-OpenPipelineForHealthyPipelineSafeModeRule] INFO  safemode.SCMSafeModeManager (HealthyPipelineSafeModeRule.java:process(124)) - SCM in safe mode. Healthy pipelines reported count is 0, required healthy pipeline reported count is 1
2022-06-19 13:05:00,043 [a1a795c4-f5a2-46b7-b5e4-aef7f82751b2@group-247E35D136FD-LeaderElection4] INFO  segmented.SegmentedRaftLogWorker (SegmentedRaftLogWorker.java:startLogSegment(425)) - a1a795c4-f5a2-46b7-b5e4-aef7f82751b2@group-247E35D136FD-SegmentedRaftLogWorker: Starting segment from index:0
2022-06-19 13:05:00,045 [a1a795c4-f5a2-46b7-b5e4-aef7f82751b2@group-247E35D136FD-LeaderElection4] INFO  server.RaftServer$Division (ServerState.java:setRaftConf(393)) - a1a795c4-f5a2-46b7-b5e4-aef7f82751b2@group-247E35D136FD: set configuration 0: [a1a795c4-f5a2-46b7-b5e4-aef7f82751b2|rpc:10.1.0.4:34871|dataStream:|priority:1], old=null
2022-06-19 13:05:00,046 [a1a795c4-f5a2-46b7-b5e4-aef7f82751b2@group-247E35D136FD-SegmentedRaftLogWorker] INFO  segmented.SegmentedRaftLogWorker (SegmentedRaftLogWorker.java:execute(629)) - a1a795c4-f5a2-46b7-b5e4-aef7f82751b2@group-247E35D136FD-SegmentedRaftLogWorker: created new log segment /home/runner/work/ozone/ozone/hadoop-ozone/integration-test/target/test-dir/MiniOzoneClusterImpl-9f34b74b-d5f0-454e-a8cb-06b69a9d8d3b/datanode-1/data/ratis/68a11c86-8872-4edf-8917-247e35d136fd/current/log_inprogress_0
2022-06-19 13:05:00,364 [3336e988-a1cc-4f09-b2d1-22a9863ee945@group-0EA6E9BD2DA0-FollowerState] INFO  impl.FollowerState (FollowerState.java:run(143)) - 3336e988-a1cc-4f09-b2d1-22a9863ee945@group-0EA6E9BD2DA0-FollowerState: change to CANDIDATE, lastRpcElapsedTime:5073858318ns, electionTimeout:5073ms
2022-06-19 13:05:00,364 [3336e988-a1cc-4f09-b2d1-22a9863ee945@group-0EA6E9BD2DA0-FollowerState] INFO  impl.RoleInfo (RoleInfo.java:shutdownFollowerState(110)) - 3336e988-a1cc-4f09-b2d1-22a9863ee945: shutdown 3336e988-a1cc-4f09-b2d1-22a9863ee945@group-0EA6E9BD2DA0-FollowerState
2022-06-19 13:05:00,364 [3336e988-a1cc-4f09-b2d1-22a9863ee945@group-0EA6E9BD2DA0-FollowerState] INFO  server.RaftServer$Division (RaftServerImpl.java:setRole(299)) - 3336e988-a1cc-4f09-b2d1-22a9863ee945@group-0EA6E9BD2DA0: changes role from  FOLLOWER to CANDIDATE at term 0 for changeToCandidate
2022-06-19 13:05:00,365 [3336e988-a1cc-4f09-b2d1-22a9863ee945@group-0EA6E9BD2DA0-FollowerState] INFO  server.RaftServerConfigKeys (ConfUtils.java:logGet(46)) - raft.server.leaderelection.pre-vote = false (custom)
2022-06-19 13:05:00,365 [3336e988-a1cc-4f09-b2d1-22a9863ee945@group-0EA6E9BD2DA0-FollowerState] INFO  impl.RoleInfo (RoleInfo.java:updateAndGet(139)) - 3336e988-a1cc-4f09-b2d1-22a9863ee945: start 3336e988-a1cc-4f09-b2d1-22a9863ee945@group-0EA6E9BD2DA0-LeaderElection5
2022-06-19 13:05:00,366 [3336e988-a1cc-4f09-b2d1-22a9863ee945@group-83B20A47FECA-FollowerState] INFO  impl.FollowerState (FollowerState.java:run(143)) - 3336e988-a1cc-4f09-b2d1-22a9863ee945@group-83B20A47FECA-FollowerState: change to CANDIDATE, lastRpcElapsedTime:5054878029ns, electionTimeout:5054ms
2022-06-19 13:05:00,367 [3336e988-a1cc-4f09-b2d1-22a9863ee945@group-83B20A47FECA-FollowerState] INFO  impl.RoleInfo (RoleInfo.java:shutdownFollowerState(110)) - 3336e988-a1cc-4f09-b2d1-22a9863ee945: shutdown 3336e988-a1cc-4f09-b2d1-22a9863ee945@group-83B20A47FECA-FollowerState
2022-06-19 13:05:00,367 [3336e988-a1cc-4f09-b2d1-22a9863ee945@group-83B20A47FECA-FollowerState] INFO  server.RaftServer$Division (RaftServerImpl.java:setRole(299)) - 3336e988-a1cc-4f09-b2d1-22a9863ee945@group-83B20A47FECA: changes role from  FOLLOWER to CANDIDATE at term 0 for changeToCandidate
2022-06-19 13:05:00,367 [3336e988-a1cc-4f09-b2d1-22a9863ee945@group-83B20A47FECA-FollowerState] INFO  server.RaftServerConfigKeys (ConfUtils.java:logGet(46)) - raft.server.leaderelection.pre-vote = false (custom)
2022-06-19 13:05:00,367 [3336e988-a1cc-4f09-b2d1-22a9863ee945@group-83B20A47FECA-FollowerState] INFO  impl.RoleInfo (RoleInfo.java:updateAndGet(139)) - 3336e988-a1cc-4f09-b2d1-22a9863ee945: start 3336e988-a1cc-4f09-b2d1-22a9863ee945@group-83B20A47FECA-LeaderElection6
2022-06-19 13:05:00,369 [3336e988-a1cc-4f09-b2d1-22a9863ee945@group-0EA6E9BD2DA0-LeaderElection5] INFO  impl.LeaderElection (LeaderElection.java:askForVotes(310)) - 3336e988-a1cc-4f09-b2d1-22a9863ee945@group-0EA6E9BD2DA0-LeaderElection5 ELECTION round 0: submit vote requests at term 1 for -1: [3336e988-a1cc-4f09-b2d1-22a9863ee945|rpc:10.1.0.4:37777|priority:1], old=null
2022-06-19 13:05:00,369 [3336e988-a1cc-4f09-b2d1-22a9863ee945@group-0EA6E9BD2DA0-LeaderElection5] INFO  impl.LeaderElection (LeaderElection.java:askForVotes(312)) - 3336e988-a1cc-4f09-b2d1-22a9863ee945@group-0EA6E9BD2DA0-LeaderElection5 ELECTION round 0: result PASSED (term=1)
2022-06-19 13:05:00,369 [3336e988-a1cc-4f09-b2d1-22a9863ee945@group-0EA6E9BD2DA0-LeaderElection5] INFO  impl.RoleInfo (RoleInfo.java:shutdownLeaderElection(130)) - 3336e988-a1cc-4f09-b2d1-22a9863ee945: shutdown 3336e988-a1cc-4f09-b2d1-22a9863ee945@group-0EA6E9BD2DA0-LeaderElection5
2022-06-19 13:05:00,370 [3336e988-a1cc-4f09-b2d1-22a9863ee945@group-0EA6E9BD2DA0-LeaderElection5] INFO  server.RaftServer$Division (RaftServerImpl.java:setRole(299)) - 3336e988-a1cc-4f09-b2d1-22a9863ee945@group-0EA6E9BD2DA0: changes role from CANDIDATE to LEADER at term 1 for changeToLeader
2022-06-19 13:05:00,370 [3336e988-a1cc-4f09-b2d1-22a9863ee945@group-0EA6E9BD2DA0-LeaderElection5] INFO  ratis.XceiverServerRatis (XceiverServerRatis.java:handleLeaderChangedNotification(863)) - Leader change notification received for group: group-0EA6E9BD2DA0 with new leaderId: 3336e988-a1cc-4f09-b2d1-22a9863ee945
2022-06-19 13:05:00,370 [3336e988-a1cc-4f09-b2d1-22a9863ee945@group-0EA6E9BD2DA0-LeaderElection5] INFO  server.RaftServer$Division (ServerState.java:setLeader(287)) - 3336e988-a1cc-4f09-b2d1-22a9863ee945@group-0EA6E9BD2DA0: change Leader from null to 3336e988-a1cc-4f09-b2d1-22a9863ee945 at term 1 for becomeLeader, leader elected after 5091ms
2022-06-19 13:05:00,370 [3336e988-a1cc-4f09-b2d1-22a9863ee945@group-0EA6E9BD2DA0-LeaderElection5] INFO  server.RaftServerConfigKeys (ConfUtils.java:logGet(46)) - raft.server.staging.catchup.gap = 1000 (default)
2022-06-19 13:05:00,370 [3336e988-a1cc-4f09-b2d1-22a9863ee945@group-83B20A47FECA-LeaderElection6] INFO  impl.LeaderElection (LeaderElection.java:askForVotes(310)) - 3336e988-a1cc-4f09-b2d1-22a9863ee945@group-83B20A47FECA-LeaderElection6 ELECTION round 0: submit vote requests at term 1 for -1: [d57ef6cc-857b-4c4f-ab3c-49c4eddebbaf|rpc:10.1.0.4:38535|priority:0, 3336e988-a1cc-4f09-b2d1-22a9863ee945|rpc:10.1.0.4:37777|priority:1, a1a795c4-f5a2-46b7-b5e4-aef7f82751b2|rpc:10.1.0.4:34871|priority:0], old=null
2022-06-19 13:05:00,371 [3336e988-a1cc-4f09-b2d1-22a9863ee945@group-0EA6E9BD2DA0-LeaderElection5] INFO  server.RaftServerConfigKeys (ConfUtils.java:logGet(46)) - raft.server.write.element-limit = 1024 (custom)
2022-06-19 13:05:00,371 [3336e988-a1cc-4f09-b2d1-22a9863ee945@group-0EA6E9BD2DA0-LeaderElection5] INFO  server.RaftServerConfigKeys (ConfUtils.java:logGet(46)) - raft.server.write.byte-limit = 1024 M (=1073741824) (custom)
2022-06-19 13:05:00,371 [3336e988-a1cc-4f09-b2d1-22a9863ee945@group-0EA6E9BD2DA0-LeaderElection5] INFO  server.RaftServerConfigKeys (ConfUtils.java:logGet(46)) - raft.server.watch.timeout = 180s (custom)
2022-06-19 13:05:00,371 [3336e988-a1cc-4f09-b2d1-22a9863ee945@group-0EA6E9BD2DA0-LeaderElection5] INFO  server.RaftServerConfigKeys (ConfUtils.java:logGet(46)) - raft.server.watch.timeout.denomination = 1s (default)
2022-06-19 13:05:00,371 [3336e988-a1cc-4f09-b2d1-22a9863ee945@group-0EA6E9BD2DA0-LeaderElection5] INFO  server.RaftServerConfigKeys (ConfUtils.java:logGet(46)) - raft.server.watch.element-limit = 65536 (default)
2022-06-19 13:05:00,371 [3336e988-a1cc-4f09-b2d1-22a9863ee945@group-0EA6E9BD2DA0-LeaderElection5] INFO  server.RaftServerConfigKeys (ConfUtils.java:logGet(46)) - raft.server.write.element-limit = 1024 (custom)
2022-06-19 13:05:00,371 [EventQueue-OpenPipelineForHealthyPipelineSafeModeRule] INFO  safemode.SCMSafeModeManager (HealthyPipelineSafeModeRule.java:process(124)) - SCM in safe mode. Healthy pipelines reported count is 0, required healthy pipeline reported count is 1
2022-06-19 13:05:00,371 [3336e988-a1cc-4f09-b2d1-22a9863ee945@group-0EA6E9BD2DA0-LeaderElection5] INFO  server.RaftServerConfigKeys (ConfUtils.java:logGet(46)) - raft.server.write.follower.gap.ratio.max = -1.0 (default)
2022-06-19 13:05:00,372 [3336e988-a1cc-4f09-b2d1-22a9863ee945@group-0EA6E9BD2DA0-LeaderElection5] INFO  impl.RoleInfo (RoleInfo.java:updateAndGet(139)) - 3336e988-a1cc-4f09-b2d1-22a9863ee945: start 3336e988-a1cc-4f09-b2d1-22a9863ee945@group-0EA6E9BD2DA0-LeaderStateImpl
2022-06-19 13:05:00,373 [3336e988-a1cc-4f09-b2d1-22a9863ee945@group-0EA6E9BD2DA0-LeaderElection5] INFO  segmented.SegmentedRaftLogWorker (SegmentedRaftLogWorker.java:startLogSegment(425)) - 3336e988-a1cc-4f09-b2d1-22a9863ee945@group-0EA6E9BD2DA0-SegmentedRaftLogWorker: Starting segment from index:0
2022-06-19 13:05:00,375 [3336e988-a1cc-4f09-b2d1-22a9863ee945@group-0EA6E9BD2DA0-SegmentedRaftLogWorker] INFO  segmented.SegmentedRaftLogWorker (SegmentedRaftLogWorker.java:execute(629)) - 3336e988-a1cc-4f09-b2d1-22a9863ee945@group-0EA6E9BD2DA0-SegmentedRaftLogWorker: created new log segment /home/runner/work/ozone/ozone/hadoop-ozone/integration-test/target/test-dir/MiniOzoneClusterImpl-9f34b74b-d5f0-454e-a8cb-06b69a9d8d3b/datanode-2/data/ratis/6e2c370d-3d7e-4933-a91d-0ea6e9bd2da0/current/log_inprogress_0
2022-06-19 13:05:00,379 [3336e988-a1cc-4f09-b2d1-22a9863ee945@group-0EA6E9BD2DA0-LeaderElection5] INFO  server.RaftServer$Division (ServerState.java:setRaftConf(393)) - 3336e988-a1cc-4f09-b2d1-22a9863ee945@group-0EA6E9BD2DA0: set configuration 0: [3336e988-a1cc-4f09-b2d1-22a9863ee945|rpc:10.1.0.4:37777|dataStream:|priority:1], old=null
2022-06-19 13:05:00,389 [grpc-default-executor-0] INFO  server.RaftServer$Division (RaftServerImpl.java:requestVote(1152)) - a1a795c4-f5a2-46b7-b5e4-aef7f82751b2@group-83B20A47FECA: receive requestVote(ELECTION, 3336e988-a1cc-4f09-b2d1-22a9863ee945, group-83B20A47FECA, 1, (t:0, i:0))
2022-06-19 13:05:00,389 [grpc-default-executor-0] INFO  impl.VoteContext (VoteContext.java:log(48)) - a1a795c4-f5a2-46b7-b5e4-aef7f82751b2@group-83B20A47FECA-FOLLOWER: accept ELECTION from 3336e988-a1cc-4f09-b2d1-22a9863ee945: our priority 0 <= candidate's priority 1
2022-06-19 13:05:00,390 [grpc-default-executor-0] INFO  server.RaftServer$Division (RaftServerImpl.java:setRole(299)) - a1a795c4-f5a2-46b7-b5e4-aef7f82751b2@group-83B20A47FECA: changes role from  FOLLOWER to FOLLOWER at term 1 for candidate:3336e988-a1cc-4f09-b2d1-22a9863ee945
2022-06-19 13:05:00,390 [grpc-default-executor-0] INFO  impl.RoleInfo (RoleInfo.java:shutdownFollowerState(110)) - a1a795c4-f5a2-46b7-b5e4-aef7f82751b2: shutdown a1a795c4-f5a2-46b7-b5e4-aef7f82751b2@group-83B20A47FECA-FollowerState
2022-06-19 13:05:00,390 [grpc-default-executor-0] INFO  impl.RoleInfo (RoleInfo.java:updateAndGet(139)) - a1a795c4-f5a2-46b7-b5e4-aef7f82751b2: start a1a795c4-f5a2-46b7-b5e4-aef7f82751b2@group-83B20A47FECA-FollowerState
2022-06-19 13:05:00,390 [a1a795c4-f5a2-46b7-b5e4-aef7f82751b2@group-83B20A47FECA-FollowerState] INFO  impl.FollowerState (FollowerState.java:run(152)) - a1a795c4-f5a2-46b7-b5e4-aef7f82751b2@group-83B20A47FECA-FollowerState was interrupted
2022-06-19 13:05:00,392 [d57ef6cc-857b-4c4f-ab3c-49c4eddebbaf@group-83B20A47FECA-FollowerState] INFO  impl.FollowerState (FollowerState.java:run(143)) - d57ef6cc-857b-4c4f-ab3c-49c4eddebbaf@group-83B20A47FECA-FollowerState: change to CANDIDATE, lastRpcElapsedTime:5023190243ns, electionTimeout:5009ms
2022-06-19 13:05:00,392 [d57ef6cc-857b-4c4f-ab3c-49c4eddebbaf@group-83B20A47FECA-FollowerState] INFO  impl.RoleInfo (RoleInfo.java:shutdownFollowerState(110)) - d57ef6cc-857b-4c4f-ab3c-49c4eddebbaf: shutdown d57ef6cc-857b-4c4f-ab3c-49c4eddebbaf@group-83B20A47FECA-FollowerState
2022-06-19 13:05:00,392 [d57ef6cc-857b-4c4f-ab3c-49c4eddebbaf@group-83B20A47FECA-FollowerState] INFO  server.RaftServer$Division (RaftServerImpl.java:setRole(299)) - d57ef6cc-857b-4c4f-ab3c-49c4eddebbaf@group-83B20A47FECA: changes role from  FOLLOWER to CANDIDATE at term 0 for changeToCandidate
2022-06-19 13:05:00,393 [d57ef6cc-857b-4c4f-ab3c-49c4eddebbaf@group-83B20A47FECA-FollowerState] INFO  server.RaftServerConfigKeys (ConfUtils.java:logGet(46)) - raft.server.leaderelection.pre-vote = false (custom)
2022-06-19 13:05:00,394 [d57ef6cc-857b-4c4f-ab3c-49c4eddebbaf@group-83B20A47FECA-FollowerState] INFO  impl.RoleInfo (RoleInfo.java:updateAndGet(139)) - d57ef6cc-857b-4c4f-ab3c-49c4eddebbaf: start d57ef6cc-857b-4c4f-ab3c-49c4eddebbaf@group-83B20A47FECA-LeaderElection7
2022-06-19 13:05:00,394 [grpc-default-executor-0] INFO  server.RaftServer$Division (RaftServerImpl.java:requestVote(1184)) - a1a795c4-f5a2-46b7-b5e4-aef7f82751b2@group-83B20A47FECA replies to ELECTION vote request: 3336e988-a1cc-4f09-b2d1-22a9863ee945<-a1a795c4-f5a2-46b7-b5e4-aef7f82751b2#0:OK-t1. Peer's state: a1a795c4-f5a2-46b7-b5e4-aef7f82751b2@group-83B20A47FECA:t1, leader=null, voted=3336e988-a1cc-4f09-b2d1-22a9863ee945, raftlog=a1a795c4-f5a2-46b7-b5e4-aef7f82751b2@group-83B20A47FECA-SegmentedRaftLog:OPENED:c-1, conf=-1: [d57ef6cc-857b-4c4f-ab3c-49c4eddebbaf|rpc:10.1.0.4:38535|priority:0, 3336e988-a1cc-4f09-b2d1-22a9863ee945|rpc:10.1.0.4:37777|priority:1, a1a795c4-f5a2-46b7-b5e4-aef7f82751b2|rpc:10.1.0.4:34871|priority:0], old=null
2022-06-19 13:05:00,397 [grpc-default-executor-2] INFO  server.RaftServer$Division (RaftServerImpl.java:requestVote(1152)) - d57ef6cc-857b-4c4f-ab3c-49c4eddebbaf@group-83B20A47FECA: receive requestVote(ELECTION, 3336e988-a1cc-4f09-b2d1-22a9863ee945, group-83B20A47FECA, 1, (t:0, i:0))
2022-06-19 13:05:00,399 [3336e988-a1cc-4f09-b2d1-22a9863ee945@group-83B20A47FECA-LeaderElection6] INFO  impl.LeaderElection (LeaderElection.java:logAndReturn(90)) - 3336e988-a1cc-4f09-b2d1-22a9863ee945@group-83B20A47FECA-LeaderElection6: ELECTION PASSED received 1 response(s) and 0 exception(s):
2022-06-19 13:05:00,399 [grpc-default-executor-2] INFO  impl.VoteContext (VoteContext.java:log(48)) - d57ef6cc-857b-4c4f-ab3c-49c4eddebbaf@group-83B20A47FECA-CANDIDATE: accept ELECTION from 3336e988-a1cc-4f09-b2d1-22a9863ee945: our priority 0 <= candidate's priority 1
2022-06-19 13:05:00,400 [3336e988-a1cc-4f09-b2d1-22a9863ee945@group-83B20A47FECA-LeaderElection6] INFO  impl.LeaderElection (LeaderElection.java:logAndReturn(94)) -   Response 0: 3336e988-a1cc-4f09-b2d1-22a9863ee945<-a1a795c4-f5a2-46b7-b5e4-aef7f82751b2#0:OK-t1
2022-06-19 13:05:00,400 [grpc-default-executor-2] INFO  server.RaftServer$Division (RaftServerImpl.java:setRole(299)) - d57ef6cc-857b-4c4f-ab3c-49c4eddebbaf@group-83B20A47FECA: changes role from CANDIDATE to FOLLOWER at term 1 for candidate:3336e988-a1cc-4f09-b2d1-22a9863ee945
2022-06-19 13:05:00,400 [3336e988-a1cc-4f09-b2d1-22a9863ee945@group-83B20A47FECA-LeaderElection6] INFO  impl.LeaderElection (LeaderElection.java:askForVotes(312)) - 3336e988-a1cc-4f09-b2d1-22a9863ee945@group-83B20A47FECA-LeaderElection6 ELECTION round 0: result PASSED
2022-06-19 13:05:00,400 [grpc-default-executor-2] INFO  impl.RoleInfo (RoleInfo.java:shutdownLeaderElection(130)) - d57ef6cc-857b-4c4f-ab3c-49c4eddebbaf: shutdown d57ef6cc-857b-4c4f-ab3c-49c4eddebbaf@group-83B20A47FECA-LeaderElection7
2022-06-19 13:05:00,400 [3336e988-a1cc-4f09-b2d1-22a9863ee945@group-83B20A47FECA-LeaderElection6] INFO  impl.RoleInfo (RoleInfo.java:shutdownLeaderElection(130)) - 3336e988-a1cc-4f09-b2d1-22a9863ee945: shutdown 3336e988-a1cc-4f09-b2d1-22a9863ee945@group-83B20A47FECA-LeaderElection6
2022-06-19 13:05:00,400 [grpc-default-executor-2] INFO  impl.RoleInfo (RoleInfo.java:updateAndGet(139)) - d57ef6cc-857b-4c4f-ab3c-49c4eddebbaf: start d57ef6cc-857b-4c4f-ab3c-49c4eddebbaf@group-83B20A47FECA-FollowerState
2022-06-19 13:05:00,400 [3336e988-a1cc-4f09-b2d1-22a9863ee945@group-83B20A47FECA-LeaderElection6] INFO  server.RaftServer$Division (RaftServerImpl.java:setRole(299)) - 3336e988-a1cc-4f09-b2d1-22a9863ee945@group-83B20A47FECA: changes role from CANDIDATE to LEADER at term 1 for changeToLeader
2022-06-19 13:05:00,401 [3336e988-a1cc-4f09-b2d1-22a9863ee945@group-83B20A47FECA-LeaderElection6] INFO  ratis.XceiverServerRatis (XceiverServerRatis.java:handleLeaderChangedNotification(863)) - Leader change notification received for group: group-83B20A47FECA with new leaderId: 3336e988-a1cc-4f09-b2d1-22a9863ee945
2022-06-19 13:05:00,401 [3336e988-a1cc-4f09-b2d1-22a9863ee945@group-83B20A47FECA-LeaderElection6] INFO  server.RaftServer$Division (ServerState.java:setLeader(287)) - 3336e988-a1cc-4f09-b2d1-22a9863ee945@group-83B20A47FECA: change Leader from null to 3336e988-a1cc-4f09-b2d1-22a9863ee945 at term 1 for becomeLeader, leader elected after 5102ms
2022-06-19 13:05:00,401 [3336e988-a1cc-4f09-b2d1-22a9863ee945@group-83B20A47FECA-LeaderElection6] INFO  server.RaftServerConfigKeys (ConfUtils.java:logGet(46)) - raft.server.staging.catchup.gap = 1000 (default)
2022-06-19 13:05:00,401 [3336e988-a1cc-4f09-b2d1-22a9863ee945@group-83B20A47FECA-LeaderElection6] INFO  server.RaftServerConfigKeys (ConfUtils.java:logGet(46)) - raft.server.write.element-limit = 1024 (custom)
2022-06-19 13:05:00,401 [3336e988-a1cc-4f09-b2d1-22a9863ee945@group-83B20A47FECA-LeaderElection6] INFO  server.RaftServerConfigKeys (ConfUtils.java:logGet(46)) - raft.server.write.byte-limit = 1024 M (=1073741824) (custom)
2022-06-19 13:05:00,401 [3336e988-a1cc-4f09-b2d1-22a9863ee945@group-83B20A47FECA-LeaderElection6] INFO  server.RaftServerConfigKeys (ConfUtils.java:logGet(46)) - raft.server.watch.timeout = 180s (custom)
2022-06-19 13:05:00,401 [3336e988-a1cc-4f09-b2d1-22a9863ee945@group-83B20A47FECA-LeaderElection6] INFO  server.RaftServerConfigKeys (ConfUtils.java:logGet(46)) - raft.server.watch.timeout.denomination = 1s (default)
2022-06-19 13:05:00,401 [3336e988-a1cc-4f09-b2d1-22a9863ee945@group-83B20A47FECA-LeaderElection6] INFO  server.RaftServerConfigKeys (ConfUtils.java:logGet(46)) - raft.server.watch.element-limit = 65536 (default)
2022-06-19 13:05:00,402 [3336e988-a1cc-4f09-b2d1-22a9863ee945@group-83B20A47FECA-LeaderElection6] INFO  server.RaftServerConfigKeys (ConfUtils.java:logGet(46)) - raft.server.write.element-limit = 1024 (custom)
2022-06-19 13:05:00,402 [3336e988-a1cc-4f09-b2d1-22a9863ee945@group-83B20A47FECA-LeaderElection6] INFO  server.RaftServerConfigKeys (ConfUtils.java:logGet(46)) - raft.server.write.follower.gap.ratio.max = -1.0 (default)
2022-06-19 13:05:00,405 [EventQueue-PipelineReportForPipelineReportHandler] INFO  pipeline.PipelineManagerImpl (PipelineManagerImpl.java:openPipeline(356)) - Pipeline Pipeline[ Id: 734119a6-1274-4adc-a312-83b20a47feca, Nodes: d57ef6cc-857b-4c4f-ab3c-49c4eddebbaf{ip: 10.1.0.4, host: fv-az58-449.32bp4kehjaiexiom31oljkjdjg.cx.internal.cloudapp.net, ports: [REPLICATION=46703, RATIS=38535, RATIS_ADMIN=38535, RATIS_SERVER=38535, STANDALONE=32823], networkLocation: /default-rack, certSerialId: null, persistedOpState: IN_SERVICE, persistedOpStateExpiryEpochSec: 0}3336e988-a1cc-4f09-b2d1-22a9863ee945{ip: 10.1.0.4, host: fv-az58-449.32bp4kehjaiexiom31oljkjdjg.cx.internal.cloudapp.net, ports: [REPLICATION=44271, RATIS=37777, RATIS_ADMIN=37777, RATIS_SERVER=37777, STANDALONE=42101], networkLocation: /default-rack, certSerialId: null, persistedOpState: IN_SERVICE, persistedOpStateExpiryEpochSec: 0}a1a795c4-f5a2-46b7-b5e4-aef7f82751b2{ip: 10.1.0.4, host: fv-az58-449.32bp4kehjaiexiom31oljkjdjg.cx.internal.cloudapp.net, ports: [REPLICATION=46005, RATIS=34871, RATIS_ADMIN=34871, RATIS_SERVER=34871, STANDALONE=40083], networkLocation: /default-rack, certSerialId: null, persistedOpState: IN_SERVICE, persistedOpStateExpiryEpochSec: 0}, ReplicationConfig: RATIS/THREE, State:ALLOCATED, leaderId:3336e988-a1cc-4f09-b2d1-22a9863ee945, CreationTimestamp2022-06-19T13:04:52.282Z[Etc/UTC]] moved to OPEN state
2022-06-19 13:05:00,406 [grpc-default-executor-2] INFO  server.RaftServer$Division (RaftServerImpl.java:requestVote(1184)) - d57ef6cc-857b-4c4f-ab3c-49c4eddebbaf@group-83B20A47FECA replies to ELECTION vote request: 3336e988-a1cc-4f09-b2d1-22a9863ee945<-d57ef6cc-857b-4c4f-ab3c-49c4eddebbaf#0:OK-t1. Peer's state: d57ef6cc-857b-4c4f-ab3c-49c4eddebbaf@group-83B20A47FECA:t1, leader=null, voted=3336e988-a1cc-4f09-b2d1-22a9863ee945, raftlog=d57ef6cc-857b-4c4f-ab3c-49c4eddebbaf@group-83B20A47FECA-SegmentedRaftLog:OPENED:c-1, conf=-1: [d57ef6cc-857b-4c4f-ab3c-49c4eddebbaf|rpc:10.1.0.4:38535|priority:0, 3336e988-a1cc-4f09-b2d1-22a9863ee945|rpc:10.1.0.4:37777|priority:1, a1a795c4-f5a2-46b7-b5e4-aef7f82751b2|rpc:10.1.0.4:34871|priority:0], old=null
2022-06-19 13:05:00,407 [EventQueue-OpenPipelineForHealthyPipelineSafeModeRule] INFO  safemode.SCMSafeModeManager (HealthyPipelineSafeModeRule.java:process(124)) - SCM in safe mode. Healthy pipelines reported count is 1, required healthy pipeline reported count is 1
2022-06-19 13:05:00,414 [EventQueue-OpenPipelineForHealthyPipelineSafeModeRule] INFO  safemode.SCMSafeModeManager (SCMSafeModeManager.java:validateSafeModeExitRules(204)) - HealthyPipelineSafeModeRule rule is successfully validated
2022-06-19 13:05:00,414 [EventQueue-OpenPipelineForHealthyPipelineSafeModeRule] INFO  safemode.SCMSafeModeManager (SCMSafeModeManager.java:validateSafeModeExitRules(219)) - ScmSafeModeManager, all rules are successfully validated
2022-06-19 13:05:00,414 [EventQueue-OpenPipelineForHealthyPipelineSafeModeRule] INFO  safemode.SCMSafeModeManager (SCMSafeModeManager.java:exitSafeMode(248)) - SCM exiting safe mode.
2022-06-19 13:05:00,414 [EventQueue-OpenPipelineForHealthyPipelineSafeModeRule] WARN  events.EventQueue (EventQueue.java:fireEvent(194)) - No event handler registered for event TypedEvent{payloadType=SafeModeStatus, name='Safe mode status'}
2022-06-19 13:05:00,414 [EventQueue-OpenPipelineForHealthyPipelineSafeModeRule] INFO  ha.SCMContext (SCMContext.java:updateSafeModeStatus(228)) - Update SafeModeStatus from SafeModeStatus{safeModeStatus=true, preCheckPassed=true} to SafeModeStatus{safeModeStatus=false, preCheckPassed=true}.
2022-06-19 13:05:00,414 [EventQueue-OpenPipelineForHealthyPipelineSafeModeRule] INFO  pipeline.BackgroundPipelineCreator (BackgroundPipelineCreator.java:notifyStatusChanged(251)) - Service BackgroundPipelineCreator transitions to RUNNING.
2022-06-19 13:05:00,414 [EventQueue-OpenPipelineForHealthyPipelineSafeModeRule] INFO  BackgroundPipelineScrubber (BackgroundSCMService.java:notifyStatusChanged(82)) - Service BackgroundPipelineScrubber transitions to RUNNING.
2022-06-19 13:05:00,414 [EventQueue-OpenPipelineForHealthyPipelineSafeModeRule] INFO  ExpiredContainerReplicaOpScrubber (BackgroundSCMService.java:notifyStatusChanged(82)) - Service ExpiredContainerReplicaOpScrubber transitions to RUNNING.
2022-06-19 13:05:00,414 [EventQueue-OpenPipelineForHealthyPipelineSafeModeRule] INFO  replication.ReplicationManager (ReplicationManager.java:notifyStatusChanged(372)) - Service ReplicationManager transitions to RUNNING.
2022-06-19 13:05:00,415 [EventQueue-OpenPipelineForHealthyPipelineSafeModeRule] WARN  balancer.ContainerBalancer (ContainerBalancer.java:shouldRun(875)) - Could not find persisted configuration for ContainerBalancer when checking if ContainerBalancer should run. ContainerBalancer should not run now.
2022-06-19 13:05:00,415 [3336e988-a1cc-4f09-b2d1-22a9863ee945@group-83B20A47FECA-LeaderElection6] INFO  server.RaftServerConfigKeys (ConfUtils.java:logGet(46)) - raft.server.log.appender.snapshot.chunk.size.max = 16MB (=16777216) (default)
2022-06-19 13:05:00,416 [3336e988-a1cc-4f09-b2d1-22a9863ee945@group-83B20A47FECA-LeaderElection6] INFO  server.RaftServerConfigKeys (ConfUtils.java:logGet(46)) - raft.server.log.appender.buffer.byte-limit = 33554432 (custom)
2022-06-19 13:05:00,416 [3336e988-a1cc-4f09-b2d1-22a9863ee945@group-83B20A47FECA-LeaderElection6] INFO  server.RaftServerConfigKeys (ConfUtils.java:logGet(46)) - raft.server.log.appender.buffer.element-limit = 1 (custom)
2022-06-19 13:05:00,419 [3336e988-a1cc-4f09-b2d1-22a9863ee945@group-83B20A47FECA-LeaderElection6] INFO  grpc.GrpcConfigKeys (ConfUtils.java:logGet(46)) - raft.grpc.server.leader.outstanding.appends.max = 128 (default)
2022-06-19 13:05:00,419 [3336e988-a1cc-4f09-b2d1-22a9863ee945@group-83B20A47FECA-LeaderElection6] INFO  server.RaftServerConfigKeys (ConfUtils.java:logGet(46)) - raft.server.rpc.request.timeout = 60s (custom)
2022-06-19 13:05:00,419 [3336e988-a1cc-4f09-b2d1-22a9863ee945@group-83B20A47FECA-LeaderElection6] INFO  server.RaftServerConfigKeys (ConfUtils.java:logGet(46)) - raft.server.log.appender.install.snapshot.enabled = false (custom)
2022-06-19 13:05:00,420 [3336e988-a1cc-4f09-b2d1-22a9863ee945@group-83B20A47FECA-LeaderElection6] INFO  server.RaftServerConfigKeys (ConfUtils.java:logGet(46)) - raft.server.log.appender.snapshot.chunk.size.max = 16MB (=16777216) (default)
2022-06-19 13:05:00,421 [3336e988-a1cc-4f09-b2d1-22a9863ee945@group-83B20A47FECA-LeaderElection6] INFO  server.RaftServerConfigKeys (ConfUtils.java:logGet(46)) - raft.server.log.appender.buffer.byte-limit = 33554432 (custom)
2022-06-19 13:05:00,421 [3336e988-a1cc-4f09-b2d1-22a9863ee945@group-83B20A47FECA-LeaderElection6] INFO  server.RaftServerConfigKeys (ConfUtils.java:logGet(46)) - raft.server.log.appender.buffer.element-limit = 1 (custom)
2022-06-19 13:05:00,421 [3336e988-a1cc-4f09-b2d1-22a9863ee945@group-83B20A47FECA-LeaderElection6] INFO  grpc.GrpcConfigKeys (ConfUtils.java:logGet(46)) - raft.grpc.server.leader.outstanding.appends.max = 128 (default)
2022-06-19 13:05:00,421 [3336e988-a1cc-4f09-b2d1-22a9863ee945@group-83B20A47FECA-LeaderElection6] INFO  server.RaftServerConfigKeys (ConfUtils.java:logGet(46)) - raft.server.rpc.request.timeout = 60s (custom)
2022-06-19 13:05:00,421 [3336e988-a1cc-4f09-b2d1-22a9863ee945@group-83B20A47FECA-LeaderElection6] INFO  server.RaftServerConfigKeys (ConfUtils.java:logGet(46)) - raft.server.log.appender.install.snapshot.enabled = false (custom)
2022-06-19 13:05:00,422 [3336e988-a1cc-4f09-b2d1-22a9863ee945@group-83B20A47FECA-LeaderElection6] INFO  impl.RoleInfo (RoleInfo.java:updateAndGet(139)) - 3336e988-a1cc-4f09-b2d1-22a9863ee945: start 3336e988-a1cc-4f09-b2d1-22a9863ee945@group-83B20A47FECA-LeaderStateImpl
2022-06-19 13:05:00,425 [3336e988-a1cc-4f09-b2d1-22a9863ee945@group-83B20A47FECA-LeaderElection6] INFO  segmented.SegmentedRaftLogWorker (SegmentedRaftLogWorker.java:startLogSegment(425)) - 3336e988-a1cc-4f09-b2d1-22a9863ee945@group-83B20A47FECA-SegmentedRaftLogWorker: Starting segment from index:0
2022-06-19 13:05:00,426 [3336e988-a1cc-4f09-b2d1-22a9863ee945@group-83B20A47FECA-SegmentedRaftLogWorker] INFO  segmented.SegmentedRaftLogWorker (SegmentedRaftLogWorker.java:execute(629)) - 3336e988-a1cc-4f09-b2d1-22a9863ee945@group-83B20A47FECA-SegmentedRaftLogWorker: created new log segment /home/runner/work/ozone/ozone/hadoop-ozone/integration-test/target/test-dir/MiniOzoneClusterImpl-9f34b74b-d5f0-454e-a8cb-06b69a9d8d3b/datanode-2/data/ratis/734119a6-1274-4adc-a312-83b20a47feca/current/log_inprogress_0
2022-06-19 13:05:00,438 [3336e988-a1cc-4f09-b2d1-22a9863ee945@group-83B20A47FECA-LeaderElection6] INFO  server.RaftServer$Division (ServerState.java:setRaftConf(393)) - 3336e988-a1cc-4f09-b2d1-22a9863ee945@group-83B20A47FECA: set configuration 0: [d57ef6cc-857b-4c4f-ab3c-49c4eddebbaf|rpc:10.1.0.4:38535|dataStream:|priority:0, 3336e988-a1cc-4f09-b2d1-22a9863ee945|rpc:10.1.0.4:37777|dataStream:|priority:1, a1a795c4-f5a2-46b7-b5e4-aef7f82751b2|rpc:10.1.0.4:34871|dataStream:|priority:0], old=null
2022-06-19 13:05:00,456 [d57ef6cc-857b-4c4f-ab3c-49c4eddebbaf-server-thread1] INFO  ratis.XceiverServerRatis (XceiverServerRatis.java:handleLeaderChangedNotification(863)) - Leader change notification received for group: group-83B20A47FECA with new leaderId: 3336e988-a1cc-4f09-b2d1-22a9863ee945
2022-06-19 13:05:00,456 [d57ef6cc-857b-4c4f-ab3c-49c4eddebbaf-server-thread1] INFO  server.RaftServer$Division (ServerState.java:setLeader(287)) - d57ef6cc-857b-4c4f-ab3c-49c4eddebbaf@group-83B20A47FECA: change Leader from null to 3336e988-a1cc-4f09-b2d1-22a9863ee945 at term 1 for appendEntries, leader elected after 5095ms
2022-06-19 13:05:00,465 [a1a795c4-f5a2-46b7-b5e4-aef7f82751b2-server-thread1] INFO  ratis.XceiverServerRatis (XceiverServerRatis.java:handleLeaderChangedNotification(863)) - Leader change notification received for group: group-83B20A47FECA with new leaderId: 3336e988-a1cc-4f09-b2d1-22a9863ee945
2022-06-19 13:05:00,465 [a1a795c4-f5a2-46b7-b5e4-aef7f82751b2-server-thread1] INFO  server.RaftServer$Division (ServerState.java:setLeader(287)) - a1a795c4-f5a2-46b7-b5e4-aef7f82751b2@group-83B20A47FECA: change Leader from null to 3336e988-a1cc-4f09-b2d1-22a9863ee945 at term 1 for appendEntries, leader elected after 5112ms
2022-06-19 13:05:00,471 [d57ef6cc-857b-4c4f-ab3c-49c4eddebbaf-server-thread1] INFO  server.RaftServer$Division (ServerState.java:setRaftConf(393)) - d57ef6cc-857b-4c4f-ab3c-49c4eddebbaf@group-83B20A47FECA: set configuration 0: [d57ef6cc-857b-4c4f-ab3c-49c4eddebbaf|rpc:10.1.0.4:38535|dataStream:|priority:0, 3336e988-a1cc-4f09-b2d1-22a9863ee945|rpc:10.1.0.4:37777|dataStream:|priority:1, a1a795c4-f5a2-46b7-b5e4-aef7f82751b2|rpc:10.1.0.4:34871|dataStream:|priority:0], old=null
2022-06-19 13:05:00,472 [d57ef6cc-857b-4c4f-ab3c-49c4eddebbaf-server-thread1] INFO  segmented.SegmentedRaftLogWorker (SegmentedRaftLogWorker.java:startLogSegment(425)) - d57ef6cc-857b-4c4f-ab3c-49c4eddebbaf@group-83B20A47FECA-SegmentedRaftLogWorker: Starting segment from index:0
2022-06-19 13:05:00,473 [d57ef6cc-857b-4c4f-ab3c-49c4eddebbaf@group-83B20A47FECA-SegmentedRaftLogWorker] INFO  segmented.SegmentedRaftLogWorker (SegmentedRaftLogWorker.java:execute(629)) - d57ef6cc-857b-4c4f-ab3c-49c4eddebbaf@group-83B20A47FECA-SegmentedRaftLogWorker: created new log segment /home/runner/work/ozone/ozone/hadoop-ozone/integration-test/target/test-dir/MiniOzoneClusterImpl-9f34b74b-d5f0-454e-a8cb-06b69a9d8d3b/datanode-0/data/ratis/734119a6-1274-4adc-a312-83b20a47feca/current/log_inprogress_0
2022-06-19 13:05:00,476 [a1a795c4-f5a2-46b7-b5e4-aef7f82751b2-server-thread1] INFO  server.RaftServer$Division (ServerState.java:setRaftConf(393)) - a1a795c4-f5a2-46b7-b5e4-aef7f82751b2@group-83B20A47FECA: set configuration 0: [d57ef6cc-857b-4c4f-ab3c-49c4eddebbaf|rpc:10.1.0.4:38535|dataStream:|priority:0, 3336e988-a1cc-4f09-b2d1-22a9863ee945|rpc:10.1.0.4:37777|dataStream:|priority:1, a1a795c4-f5a2-46b7-b5e4-aef7f82751b2|rpc:10.1.0.4:34871|dataStream:|priority:0], old=null
2022-06-19 13:05:00,476 [a1a795c4-f5a2-46b7-b5e4-aef7f82751b2-server-thread1] INFO  segmented.SegmentedRaftLogWorker (SegmentedRaftLogWorker.java:startLogSegment(425)) - a1a795c4-f5a2-46b7-b5e4-aef7f82751b2@group-83B20A47FECA-SegmentedRaftLogWorker: Starting segment from index:0
2022-06-19 13:05:00,477 [a1a795c4-f5a2-46b7-b5e4-aef7f82751b2@group-83B20A47FECA-SegmentedRaftLogWorker] INFO  segmented.SegmentedRaftLogWorker (SegmentedRaftLogWorker.java:execute(629)) - a1a795c4-f5a2-46b7-b5e4-aef7f82751b2@group-83B20A47FECA-SegmentedRaftLogWorker: created new log segment /home/runner/work/ozone/ozone/hadoop-ozone/integration-test/target/test-dir/MiniOzoneClusterImpl-9f34b74b-d5f0-454e-a8cb-06b69a9d8d3b/datanode-1/data/ratis/734119a6-1274-4adc-a312-83b20a47feca/current/log_inprogress_0
2022-06-19 13:05:00,777 [62dec303-d7b7-4d93-94d6-85b7019bab29@group-0DCA32802063-FollowerState] INFO  impl.FollowerState (FollowerState.java:run(143)) - 62dec303-d7b7-4d93-94d6-85b7019bab29@group-0DCA32802063-FollowerState: change to CANDIDATE, lastRpcElapsedTime:5172017697ns, electionTimeout:5164ms
2022-06-19 13:05:00,778 [62dec303-d7b7-4d93-94d6-85b7019bab29@group-0DCA32802063-FollowerState] INFO  impl.RoleInfo (RoleInfo.java:shutdownFollowerState(110)) - 62dec303-d7b7-4d93-94d6-85b7019bab29: shutdown 62dec303-d7b7-4d93-94d6-85b7019bab29@group-0DCA32802063-FollowerState
2022-06-19 13:05:00,778 [62dec303-d7b7-4d93-94d6-85b7019bab29@group-0DCA32802063-FollowerState] INFO  server.RaftServer$Division (RaftServerImpl.java:setRole(299)) - 62dec303-d7b7-4d93-94d6-85b7019bab29@group-0DCA32802063: changes role from  FOLLOWER to CANDIDATE at term 0 for changeToCandidate
2022-06-19 13:05:00,778 [62dec303-d7b7-4d93-94d6-85b7019bab29@group-0DCA32802063-FollowerState] INFO  server.RaftServerConfigKeys (ConfUtils.java:logGet(46)) - raft.server.leaderelection.pre-vote = false (custom)
2022-06-19 13:05:00,778 [62dec303-d7b7-4d93-94d6-85b7019bab29@group-0DCA32802063-FollowerState] INFO  impl.RoleInfo (RoleInfo.java:updateAndGet(139)) - 62dec303-d7b7-4d93-94d6-85b7019bab29: start 62dec303-d7b7-4d93-94d6-85b7019bab29@group-0DCA32802063-LeaderElection8
2022-06-19 13:05:00,781 [62dec303-d7b7-4d93-94d6-85b7019bab29@group-0DCA32802063-LeaderElection8] INFO  impl.LeaderElection (LeaderElection.java:askForVotes(310)) - 62dec303-d7b7-4d93-94d6-85b7019bab29@group-0DCA32802063-LeaderElection8 ELECTION round 0: submit vote requests at term 1 for -1: [62dec303-d7b7-4d93-94d6-85b7019bab29|rpc:10.1.0.4:35789|priority:1], old=null
2022-06-19 13:05:00,781 [62dec303-d7b7-4d93-94d6-85b7019bab29@group-0DCA32802063-LeaderElection8] INFO  impl.LeaderElection (LeaderElection.java:askForVotes(312)) - 62dec303-d7b7-4d93-94d6-85b7019bab29@group-0DCA32802063-LeaderElection8 ELECTION round 0: result PASSED (term=1)
2022-06-19 13:05:00,781 [62dec303-d7b7-4d93-94d6-85b7019bab29@group-0DCA32802063-LeaderElection8] INFO  impl.RoleInfo (RoleInfo.java:shutdownLeaderElection(130)) - 62dec303-d7b7-4d93-94d6-85b7019bab29: shutdown 62dec303-d7b7-4d93-94d6-85b7019bab29@group-0DCA32802063-LeaderElection8
2022-06-19 13:05:00,781 [62dec303-d7b7-4d93-94d6-85b7019bab29@group-0DCA32802063-LeaderElection8] INFO  server.RaftServer$Division (RaftServerImpl.java:setRole(299)) - 62dec303-d7b7-4d93-94d6-85b7019bab29@group-0DCA32802063: changes role from CANDIDATE to LEADER at term 1 for changeToLeader
2022-06-19 13:05:00,781 [62dec303-d7b7-4d93-94d6-85b7019bab29@group-0DCA32802063-LeaderElection8] INFO  ratis.XceiverServerRatis (XceiverServerRatis.java:handleLeaderChangedNotification(863)) - Leader change notification received for group: group-0DCA32802063 with new leaderId: 62dec303-d7b7-4d93-94d6-85b7019bab29
2022-06-19 13:05:00,781 [62dec303-d7b7-4d93-94d6-85b7019bab29@group-0DCA32802063-LeaderElection8] INFO  server.RaftServer$Division (ServerState.java:setLeader(287)) - 62dec303-d7b7-4d93-94d6-85b7019bab29@group-0DCA32802063: change Leader from null to 62dec303-d7b7-4d93-94d6-85b7019bab29 at term 1 for becomeLeader, leader elected after 5187ms
2022-06-19 13:05:00,782 [62dec303-d7b7-4d93-94d6-85b7019bab29@group-0DCA32802063-LeaderElection8] INFO  server.RaftServerConfigKeys (ConfUtils.java:logGet(46)) - raft.server.staging.catchup.gap = 1000 (default)
2022-06-19 13:05:00,782 [62dec303-d7b7-4d93-94d6-85b7019bab29@group-0DCA32802063-LeaderElection8] INFO  server.RaftServerConfigKeys (ConfUtils.java:logGet(46)) - raft.server.write.element-limit = 1024 (custom)
2022-06-19 13:05:00,782 [62dec303-d7b7-4d93-94d6-85b7019bab29@group-0DCA32802063-LeaderElection8] INFO  server.RaftServerConfigKeys (ConfUtils.java:logGet(46)) - raft.server.write.byte-limit = 1024 M (=1073741824) (custom)
2022-06-19 13:05:00,782 [62dec303-d7b7-4d93-94d6-85b7019bab29@group-0DCA32802063-LeaderElection8] INFO  server.RaftServerConfigKeys (ConfUtils.java:logGet(46)) - raft.server.watch.timeout = 180s (custom)
2022-06-19 13:05:00,782 [62dec303-d7b7-4d93-94d6-85b7019bab29@group-0DCA32802063-LeaderElection8] INFO  server.RaftServerConfigKeys (ConfUtils.java:logGet(46)) - raft.server.watch.timeout.denomination = 1s (default)
2022-06-19 13:05:00,782 [62dec303-d7b7-4d93-94d6-85b7019bab29@group-0DCA32802063-LeaderElection8] INFO  server.RaftServerConfigKeys (ConfUtils.java:logGet(46)) - raft.server.watch.element-limit = 65536 (default)
2022-06-19 13:05:00,782 [62dec303-d7b7-4d93-94d6-85b7019bab29@group-0DCA32802063-LeaderElection8] INFO  server.RaftServerConfigKeys (ConfUtils.java:logGet(46)) - raft.server.write.element-limit = 1024 (custom)
2022-06-19 13:05:00,782 [62dec303-d7b7-4d93-94d6-85b7019bab29@group-0DCA32802063-LeaderElection8] INFO  server.RaftServerConfigKeys (ConfUtils.java:logGet(46)) - raft.server.write.follower.gap.ratio.max = -1.0 (default)
2022-06-19 13:05:00,782 [62dec303-d7b7-4d93-94d6-85b7019bab29@group-0DCA32802063-LeaderElection8] INFO  impl.RoleInfo (RoleInfo.java:updateAndGet(139)) - 62dec303-d7b7-4d93-94d6-85b7019bab29: start 62dec303-d7b7-4d93-94d6-85b7019bab29@group-0DCA32802063-LeaderStateImpl
2022-06-19 13:05:00,783 [62dec303-d7b7-4d93-94d6-85b7019bab29@group-0DCA32802063-LeaderElection8] INFO  segmented.SegmentedRaftLogWorker (SegmentedRaftLogWorker.java:startLogSegment(425)) - 62dec303-d7b7-4d93-94d6-85b7019bab29@group-0DCA32802063-SegmentedRaftLogWorker: Starting segment from index:0
2022-06-19 13:05:00,784 [62dec303-d7b7-4d93-94d6-85b7019bab29@group-0DCA32802063-SegmentedRaftLogWorker] INFO  segmented.SegmentedRaftLogWorker (SegmentedRaftLogWorker.java:execute(629)) - 62dec303-d7b7-4d93-94d6-85b7019bab29@group-0DCA32802063-SegmentedRaftLogWorker: created new log segment /home/runner/work/ozone/ozone/hadoop-ozone/integration-test/target/test-dir/MiniOzoneClusterImpl-9f34b74b-d5f0-454e-a8cb-06b69a9d8d3b/datanode-3/data/ratis/bf3aa285-ebad-497b-b5cb-0dca32802063/current/log_inprogress_0
2022-06-19 13:05:00,785 [62dec303-d7b7-4d93-94d6-85b7019bab29@group-0DCA32802063-LeaderElection8] INFO  server.RaftServer$Division (ServerState.java:setRaftConf(393)) - 62dec303-d7b7-4d93-94d6-85b7019bab29@group-0DCA32802063: set configuration 0: [62dec303-d7b7-4d93-94d6-85b7019bab29|rpc:10.1.0.4:35789|dataStream:|priority:1], old=null
2022-06-19 13:05:00,873 [Listener at 127.0.0.1/33959] INFO  ozone.MiniOzoneClusterImpl (MiniOzoneClusterImpl.java:lambda$waitForClusterToBeReady$0(221)) - Nodes are ready. Got 5 of 5 DN Heartbeats.
2022-06-19 13:05:00,873 [Listener at 127.0.0.1/33959] INFO  ozone.MiniOzoneClusterImpl (MiniOzoneClusterImpl.java:lambda$waitForClusterToBeReady$0(224)) - Cluster exits safe mode
2022-06-19 13:05:00,873 [Listener at 127.0.0.1/33959] INFO  ozone.MiniOzoneClusterImpl (MiniOzoneClusterImpl.java:lambda$waitForClusterToBeReady$0(226)) - SCM became leader
2022-06-19 13:05:00,967 [32ed00d5-15dd-4dbd-8016-698f8e5f4c3f@group-DF33EDCB4AD7-FollowerState] INFO  impl.FollowerState (FollowerState.java:run(143)) - 32ed00d5-15dd-4dbd-8016-698f8e5f4c3f@group-DF33EDCB4AD7-FollowerState: change to CANDIDATE, lastRpcElapsedTime:5075818517ns, electionTimeout:5075ms
2022-06-19 13:05:00,967 [32ed00d5-15dd-4dbd-8016-698f8e5f4c3f@group-DF33EDCB4AD7-FollowerState] INFO  impl.RoleInfo (RoleInfo.java:shutdownFollowerState(110)) - 32ed00d5-15dd-4dbd-8016-698f8e5f4c3f: shutdown 32ed00d5-15dd-4dbd-8016-698f8e5f4c3f@group-DF33EDCB4AD7-FollowerState
2022-06-19 13:05:00,967 [32ed00d5-15dd-4dbd-8016-698f8e5f4c3f@group-DF33EDCB4AD7-FollowerState] INFO  server.RaftServer$Division (RaftServerImpl.java:setRole(299)) - 32ed00d5-15dd-4dbd-8016-698f8e5f4c3f@group-DF33EDCB4AD7: changes role from  FOLLOWER to CANDIDATE at term 0 for changeToCandidate
2022-06-19 13:05:00,967 [32ed00d5-15dd-4dbd-8016-698f8e5f4c3f@group-DF33EDCB4AD7-FollowerState] INFO  server.RaftServerConfigKeys (ConfUtils.java:logGet(46)) - raft.server.leaderelection.pre-vote = false (custom)
2022-06-19 13:05:00,967 [32ed00d5-15dd-4dbd-8016-698f8e5f4c3f@group-DF33EDCB4AD7-FollowerState] INFO  impl.RoleInfo (RoleInfo.java:updateAndGet(139)) - 32ed00d5-15dd-4dbd-8016-698f8e5f4c3f: start 32ed00d5-15dd-4dbd-8016-698f8e5f4c3f@group-DF33EDCB4AD7-LeaderElection9
2022-06-19 13:05:00,973 [32ed00d5-15dd-4dbd-8016-698f8e5f4c3f@group-DF33EDCB4AD7-LeaderElection9] INFO  impl.LeaderElection (LeaderElection.java:askForVotes(310)) - 32ed00d5-15dd-4dbd-8016-698f8e5f4c3f@group-DF33EDCB4AD7-LeaderElection9 ELECTION round 0: submit vote requests at term 1 for -1: [32ed00d5-15dd-4dbd-8016-698f8e5f4c3f|rpc:10.1.0.4:45569|priority:1], old=null
2022-06-19 13:05:00,973 [32ed00d5-15dd-4dbd-8016-698f8e5f4c3f@group-DF33EDCB4AD7-LeaderElection9] INFO  impl.LeaderElection (LeaderElection.java:askForVotes(312)) - 32ed00d5-15dd-4dbd-8016-698f8e5f4c3f@group-DF33EDCB4AD7-LeaderElection9 ELECTION round 0: result PASSED (term=1)
2022-06-19 13:05:00,973 [32ed00d5-15dd-4dbd-8016-698f8e5f4c3f@group-DF33EDCB4AD7-LeaderElection9] INFO  impl.RoleInfo (RoleInfo.java:shutdownLeaderElection(130)) - 32ed00d5-15dd-4dbd-8016-698f8e5f4c3f: shutdown 32ed00d5-15dd-4dbd-8016-698f8e5f4c3f@group-DF33EDCB4AD7-LeaderElection9
2022-06-19 13:05:00,973 [32ed00d5-15dd-4dbd-8016-698f8e5f4c3f@group-DF33EDCB4AD7-LeaderElection9] INFO  server.RaftServer$Division (RaftServerImpl.java:setRole(299)) - 32ed00d5-15dd-4dbd-8016-698f8e5f4c3f@group-DF33EDCB4AD7: changes role from CANDIDATE to LEADER at term 1 for changeToLeader
2022-06-19 13:05:00,975 [32ed00d5-15dd-4dbd-8016-698f8e5f4c3f@group-DF33EDCB4AD7-LeaderElection9] INFO  ratis.XceiverServerRatis (XceiverServerRatis.java:handleLeaderChangedNotification(863)) - Leader change notification received for group: group-DF33EDCB4AD7 with new leaderId: 32ed00d5-15dd-4dbd-8016-698f8e5f4c3f
2022-06-19 13:05:00,975 [32ed00d5-15dd-4dbd-8016-698f8e5f4c3f@group-DF33EDCB4AD7-LeaderElection9] INFO  server.RaftServer$Division (ServerState.java:setLeader(287)) - 32ed00d5-15dd-4dbd-8016-698f8e5f4c3f@group-DF33EDCB4AD7: change Leader from null to 32ed00d5-15dd-4dbd-8016-698f8e5f4c3f at term 1 for becomeLeader, leader elected after 5092ms
2022-06-19 13:05:00,975 [32ed00d5-15dd-4dbd-8016-698f8e5f4c3f@group-DF33EDCB4AD7-LeaderElection9] INFO  server.RaftServerConfigKeys (ConfUtils.java:logGet(46)) - raft.server.staging.catchup.gap = 1000 (default)
2022-06-19 13:05:00,979 [32ed00d5-15dd-4dbd-8016-698f8e5f4c3f@group-DF33EDCB4AD7-LeaderElection9] INFO  server.RaftServerConfigKeys (ConfUtils.java:logGet(46)) - raft.server.write.element-limit = 1024 (custom)
2022-06-19 13:05:00,979 [32ed00d5-15dd-4dbd-8016-698f8e5f4c3f@group-DF33EDCB4AD7-LeaderElection9] INFO  server.RaftServerConfigKeys (ConfUtils.java:logGet(46)) - raft.server.write.byte-limit = 1024 M (=1073741824) (custom)
2022-06-19 13:05:00,984 [32ed00d5-15dd-4dbd-8016-698f8e5f4c3f@group-DF33EDCB4AD7-LeaderElection9] INFO  server.RaftServerConfigKeys (ConfUtils.java:logGet(46)) - raft.server.watch.timeout = 180s (custom)
2022-06-19 13:05:00,984 [32ed00d5-15dd-4dbd-8016-698f8e5f4c3f@group-DF33EDCB4AD7-LeaderElection9] INFO  server.RaftServerConfigKeys (ConfUtils.java:logGet(46)) - raft.server.watch.timeout.denomination = 1s (default)
2022-06-19 13:05:00,984 [32ed00d5-15dd-4dbd-8016-698f8e5f4c3f@group-DF33EDCB4AD7-LeaderElection9] INFO  server.RaftServerConfigKeys (ConfUtils.java:logGet(46)) - raft.server.watch.element-limit = 65536 (default)
2022-06-19 13:05:00,985 [32ed00d5-15dd-4dbd-8016-698f8e5f4c3f@group-DF33EDCB4AD7-LeaderElection9] INFO  server.RaftServerConfigKeys (ConfUtils.java:logGet(46)) - raft.server.write.element-limit = 1024 (custom)
2022-06-19 13:05:00,985 [32ed00d5-15dd-4dbd-8016-698f8e5f4c3f@group-DF33EDCB4AD7-LeaderElection9] INFO  server.RaftServerConfigKeys (ConfUtils.java:logGet(46)) - raft.server.write.follower.gap.ratio.max = -1.0 (default)
2022-06-19 13:05:00,985 [32ed00d5-15dd-4dbd-8016-698f8e5f4c3f@group-DF33EDCB4AD7-LeaderElection9] INFO  impl.RoleInfo (RoleInfo.java:updateAndGet(139)) - 32ed00d5-15dd-4dbd-8016-698f8e5f4c3f: start 32ed00d5-15dd-4dbd-8016-698f8e5f4c3f@group-DF33EDCB4AD7-LeaderStateImpl
2022-06-19 13:05:00,985 [32ed00d5-15dd-4dbd-8016-698f8e5f4c3f@group-DF33EDCB4AD7-LeaderElection9] INFO  segmented.SegmentedRaftLogWorker (SegmentedRaftLogWorker.java:startLogSegment(425)) - 32ed00d5-15dd-4dbd-8016-698f8e5f4c3f@group-DF33EDCB4AD7-SegmentedRaftLogWorker: Starting segment from index:0
2022-06-19 13:05:00,986 [32ed00d5-15dd-4dbd-8016-698f8e5f4c3f@group-DF33EDCB4AD7-SegmentedRaftLogWorker] INFO  segmented.SegmentedRaftLogWorker (SegmentedRaftLogWorker.java:execute(629)) - 32ed00d5-15dd-4dbd-8016-698f8e5f4c3f@group-DF33EDCB4AD7-SegmentedRaftLogWorker: created new log segment /home/runner/work/ozone/ozone/hadoop-ozone/integration-test/target/test-dir/MiniOzoneClusterImpl-9f34b74b-d5f0-454e-a8cb-06b69a9d8d3b/datanode-4/data/ratis/148ff1a8-f3e6-4d57-bda2-df33edcb4ad7/current/log_inprogress_0
2022-06-19 13:05:00,994 [32ed00d5-15dd-4dbd-8016-698f8e5f4c3f@group-DF33EDCB4AD7-LeaderElection9] INFO  server.RaftServer$Division (ServerState.java:setRaftConf(393)) - 32ed00d5-15dd-4dbd-8016-698f8e5f4c3f@group-DF33EDCB4AD7: set configuration 0: [32ed00d5-15dd-4dbd-8016-698f8e5f4c3f|rpc:10.1.0.4:45569|dataStream:|priority:1], old=null
2022-06-19 13:05:01,328 [Listener at 127.0.0.1/33959] INFO  rpc.RpcClient (RpcClient.java:createVolume(466)) - Creating Volume: volume58940, with user69800 as owner and space quota set to -1 bytes, counts quota set to -1
2022-06-19 13:05:01,373 [OM StateMachine ApplyTransaction Thread - 0] INFO  volume.OMVolumeCreateRequest (OMVolumeCreateRequest.java:validateAndUpdateCache(195)) - created volume:volume58940 for user:user69800
2022-06-19 13:05:01,387 [Listener at 127.0.0.1/33959] INFO  rpc.RpcClient (RpcClient.java:createBucket(666)) - Creating Bucket: volume58940/bucket47939, with the Bucket Layout LEGACY, runner as owner, Versioning false, Storage Type set to DISK and Encryption set to false 
2022-06-19 13:05:01,402 [OM StateMachine ApplyTransaction Thread - 0] INFO  bucket.OMBucketCreateRequest (OMBucketCreateRequest.java:validateAndUpdateCache(260)) - created bucket: bucket47939 of layout LEGACY in volume: volume58940
]]></system-out>
  </testcase>
  <testcase name="testGetTrashRoot" classname="TestOzoneFileSystem" time="58.344">
    <system-out><![CDATA[2022-06-19 13:05:21,841 [Listener at 127.0.0.1/33959] INFO  ozone.MiniOzoneClusterImpl (MiniOzoneClusterImpl.java:shutdown(456)) - Shutting down the Mini Ozone Cluster
2022-06-19 13:05:21,842 [Listener at 127.0.0.1/33959] INFO  ozone.MiniOzoneClusterImpl (MiniOzoneClusterImpl.java:stop(471)) - Stopping the Mini Ozone Cluster
2022-06-19 13:05:21,842 [Listener at 127.0.0.1/33959] INFO  ozone.MiniOzoneClusterImpl (MiniOzoneClusterImpl.java:stopOM(553)) - Stopping the OzoneManager
2022-06-19 13:05:21,842 [Listener at 127.0.0.1/33959] INFO  om.OzoneManager (OzoneManager.java:stop(2020)) - om1[localhost:0]: Stopping Ozone Manager
2022-06-19 13:05:21,842 [Listener at 127.0.0.1/33959] INFO  ipc.Server (Server.java:stop(3414)) - Stopping server on 33959
2022-06-19 13:05:21,843 [IPC Server listener on 0] INFO  ipc.Server (Server.java:run(1376)) - Stopping IPC Server listener on 0
2022-06-19 13:05:21,848 [IPC Server Responder] INFO  ipc.Server (Server.java:run(1512)) - Stopping IPC Server Responder
2022-06-19 13:05:21,849 [Listener at 127.0.0.1/33959] INFO  server.RaftServer (RaftServerProxy.java:lambda$close$7(398)) - om1: close
2022-06-19 13:05:21,850 [Listener at 127.0.0.1/33959] INFO  server.RaftServer$Division (RaftServerImpl.java:lambda$close$4(434)) - om1@group-C5BA1605619E: shutdown
2022-06-19 13:05:21,850 [Listener at 127.0.0.1/33959] INFO  util.JmxRegister (JmxRegister.java:unregister(73)) - Successfully un-registered JMX Bean with object name Ratis:service=RaftServer,group=group-C5BA1605619E,id=om1
2022-06-19 13:05:21,850 [Listener at 127.0.0.1/33959] INFO  impl.RoleInfo (RoleInfo.java:shutdownLeaderState(93)) - om1: shutdown om1@group-C5BA1605619E-LeaderStateImpl
2022-06-19 13:05:21,851 [Listener at 127.0.0.1/33959] INFO  impl.PendingRequests (PendingRequests.java:sendNotLeaderResponses(282)) - om1@group-C5BA1605619E-PendingRequests: sendNotLeaderResponses
2022-06-19 13:05:21,855 [om1@group-C5BA1605619E-StateMachineUpdater] INFO  ratis.OzoneManagerStateMachine (OzoneManagerStateMachine.java:takeSnapshot(441)) - Current Snapshot Index (t:1, i:10306)
2022-06-19 13:05:21,856 [om1@group-C5BA1605619E-StateMachineUpdater] INFO  impl.StateMachineUpdater (StateMachineUpdater.java:takeSnapshot(287)) - om1@group-C5BA1605619E-StateMachineUpdater: Took a snapshot at index 10306
2022-06-19 13:05:21,856 [om1@group-C5BA1605619E-StateMachineUpdater] INFO  impl.StateMachineUpdater (StateMachineUpdater.java:lambda$new$0(92)) - om1@group-C5BA1605619E-StateMachineUpdater: snapshotIndex: updateIncreasingly -1 -> 10306
2022-06-19 13:05:21,856 [om1@group-C5BA1605619E-StateMachineUpdater] INFO  ratis.OzoneManagerStateMachine (OzoneManagerStateMachine.java:close(495)) - StateMachine has shutdown. Shutdown OzoneManager if not already shutdown.
2022-06-19 13:05:21,856 [om1@group-C5BA1605619E-StateMachineUpdater] INFO  ratis.OzoneManagerDoubleBuffer (OzoneManagerDoubleBuffer.java:stop(465)) - Stopping OMDoubleBuffer flush thread
2022-06-19 13:05:21,856 [OMDoubleBufferFlushThread] INFO  ratis.OzoneManagerDoubleBuffer (OzoneManagerDoubleBuffer.java:flushTransactions(385)) - OMDoubleBuffer flush thread OMDoubleBufferFlushThread is interrupted and will exit.
2022-06-19 13:05:21,858 [Listener at 127.0.0.1/33959] INFO  impl.StateMachineUpdater (StateMachineUpdater.java:stopAndJoin(153)) - om1@group-C5BA1605619E-StateMachineUpdater: set stopIndex = 10306
2022-06-19 13:05:21,858 [Listener at 127.0.0.1/33959] INFO  server.RaftServer$Division (ServerState.java:close(429)) - om1@group-C5BA1605619E: closes. applyIndex: 10306
2022-06-19 13:05:21,862 [om1@group-C5BA1605619E-SegmentedRaftLogWorker] INFO  segmented.SegmentedRaftLogWorker (SegmentedRaftLogWorker.java:run(336)) - om1@group-C5BA1605619E-SegmentedRaftLogWorker was interrupted, exiting. There are 0 tasks remaining in the queue.
2022-06-19 13:05:21,863 [Listener at 127.0.0.1/33959] INFO  segmented.SegmentedRaftLogWorker (SegmentedRaftLogWorker.java:close(246)) - om1@group-C5BA1605619E-SegmentedRaftLogWorker close()
2022-06-19 13:05:21,865 [Listener at 127.0.0.1/33959] INFO  server.GrpcService (GrpcService.java:closeImpl(269)) - om1: shutdown server with port 9872 now
2022-06-19 13:05:21,872 [Listener at 127.0.0.1/33959] INFO  server.GrpcService (GrpcService.java:closeImpl(278)) - om1: shutdown server with port 9872 successfully
2022-06-19 13:05:21,872 [org.apache.ratis.util.JvmPauseMonitor$$Lambda$627/819749933@339e1787] INFO  util.JvmPauseMonitor (JvmPauseMonitor.java:run(109)) - JvmPauseMonitor-om1: Stopped
2022-06-19 13:05:21,872 [Listener at 127.0.0.1/33959] INFO  ratis.OzoneManagerStateMachine (OzoneManagerStateMachine.java:close(495)) - StateMachine has shutdown. Shutdown OzoneManager if not already shutdown.
2022-06-19 13:05:21,873 [Listener at 127.0.0.1/33959] INFO  ratis.OzoneManagerDoubleBuffer (OzoneManagerDoubleBuffer.java:stop(477)) - OMDoubleBuffer flush thread is not running.
2022-06-19 13:05:21,873 [Listener at 127.0.0.1/33959] INFO  utils.BackgroundService (BackgroundService.java:shutdown(132)) - Shutting down service KeyDeletingService
2022-06-19 13:05:21,875 [Listener at 127.0.0.1/33959] INFO  utils.BackgroundService (BackgroundService.java:shutdown(132)) - Shutting down service DirectoryDeletingService
2022-06-19 13:05:21,878 [Listener at 127.0.0.1/33959] INFO  handler.ContextHandler (ContextHandler.java:doStop(1153)) - Stopped o.e.j.w.WebAppContext@75723fe1{ozoneManager,/,null,STOPPED}{file:/home/runner/work/ozone/ozone/hadoop-ozone/integration-test/target/test-classes/webapps/ozoneManager}
2022-06-19 13:05:21,882 [Listener at 127.0.0.1/33959] INFO  server.AbstractConnector (AbstractConnector.java:doStop(381)) - Stopped ServerConnector@10d8beb5{HTTP/1.1, (http/1.1)}{0.0.0.0:0}
2022-06-19 13:05:21,882 [Listener at 127.0.0.1/33959] INFO  server.session (HouseKeeper.java:stopScavenging(149)) - node0 Stopped scavenging
2022-06-19 13:05:21,882 [Listener at 127.0.0.1/33959] INFO  handler.ContextHandler (ContextHandler.java:doStop(1153)) - Stopped o.e.j.s.ServletContextHandler@198e7fda{static,/static,file:///home/runner/work/ozone/ozone/hadoop-ozone/integration-test/target/test-classes/webapps/static,STOPPED}
2022-06-19 13:05:21,882 [Listener at 127.0.0.1/33959] INFO  handler.ContextHandler (ContextHandler.java:doStop(1153)) - Stopped o.e.j.s.ServletContextHandler@3b7f8fd5{logs,/logs,file:///home/runner/work/ozone/ozone/hadoop-ozone/integration-test/target/log,STOPPED}
2022-06-19 13:05:21,883 [Trash Emptier] ERROR om.TrashPolicyOzone (TrashPolicyOzone.java:run(251)) - Error attempting to shutdown
java.lang.InterruptedException
	at java.util.concurrent.locks.AbstractQueuedSynchronizer$ConditionObject.awaitNanos(AbstractQueuedSynchronizer.java:2067)
	at java.util.concurrent.ThreadPoolExecutor.awaitTermination(ThreadPoolExecutor.java:1475)
	at org.apache.hadoop.ozone.om.TrashPolicyOzone$Emptier.run(TrashPolicyOzone.java:249)
	at java.lang.Thread.run(Thread.java:750)
2022-06-19 13:05:21,884 [Trash Emptier] ERROR util.ExitUtils (ExitUtils.java:terminate(133)) - Terminating with exit status -1: Thread[Trash Emptier,5,main] has thrown an uncaught exception
java.lang.UnsupportedOperationException: fs.getUri() not implemented in TrashOzoneFileSystem
	at org.apache.hadoop.ozone.om.TrashOzoneFileSystem.getUri(TrashOzoneFileSystem.java:125)
	at org.apache.hadoop.fs.FileSystem.close(FileSystem.java:2592)
	at org.apache.hadoop.ozone.om.TrashPolicyOzone$Emptier.run(TrashPolicyOzone.java:243)
	at java.lang.Thread.run(Thread.java:750)
2022-06-19 13:05:21,889 [Listener at 127.0.0.1/33959] INFO  ozone.MiniOzoneClusterImpl (MiniOzoneClusterImpl.java:stopDatanodes(530)) - Stopping the HddsDatanodes
2022-06-19 13:05:25,531 [a1a795c4-f5a2-46b7-b5e4-aef7f82751b2@group-B66F265A3155-FollowerState] INFO  impl.FollowerState (FollowerState.java:run(143)) - a1a795c4-f5a2-46b7-b5e4-aef7f82751b2@group-B66F265A3155-FollowerState: change to CANDIDATE, lastRpcElapsedTime:5111683192ns, electionTimeout:5102ms
2022-06-19 13:05:25,532 [a1a795c4-f5a2-46b7-b5e4-aef7f82751b2@group-B66F265A3155-FollowerState] INFO  impl.RoleInfo (RoleInfo.java:shutdownFollowerState(110)) - a1a795c4-f5a2-46b7-b5e4-aef7f82751b2: shutdown a1a795c4-f5a2-46b7-b5e4-aef7f82751b2@group-B66F265A3155-FollowerState
2022-06-19 13:05:25,532 [a1a795c4-f5a2-46b7-b5e4-aef7f82751b2@group-B66F265A3155-FollowerState] INFO  server.RaftServer$Division (RaftServerImpl.java:setRole(299)) - a1a795c4-f5a2-46b7-b5e4-aef7f82751b2@group-B66F265A3155: changes role from  FOLLOWER to CANDIDATE at term 5 for changeToCandidate
2022-06-19 13:05:25,532 [a1a795c4-f5a2-46b7-b5e4-aef7f82751b2@group-B66F265A3155-FollowerState] INFO  server.RaftServerConfigKeys (ConfUtils.java:logGet(46)) - raft.server.leaderelection.pre-vote = false (custom)
2022-06-19 13:05:25,532 [a1a795c4-f5a2-46b7-b5e4-aef7f82751b2@group-B66F265A3155-FollowerState] INFO  impl.RoleInfo (RoleInfo.java:updateAndGet(139)) - a1a795c4-f5a2-46b7-b5e4-aef7f82751b2: start a1a795c4-f5a2-46b7-b5e4-aef7f82751b2@group-B66F265A3155-LeaderElection17
2022-06-19 13:05:25,535 [a1a795c4-f5a2-46b7-b5e4-aef7f82751b2@group-B66F265A3155-LeaderElection17] INFO  impl.LeaderElection (LeaderElection.java:askForVotes(310)) - a1a795c4-f5a2-46b7-b5e4-aef7f82751b2@group-B66F265A3155-LeaderElection17 ELECTION round 0: submit vote requests at term 6 for -1: [d57ef6cc-857b-4c4f-ab3c-49c4eddebbaf|rpc:10.1.0.4:38535|priority:0, 3336e988-a1cc-4f09-b2d1-22a9863ee945|rpc:10.1.0.4:37777|priority:0, a1a795c4-f5a2-46b7-b5e4-aef7f82751b2|rpc:10.1.0.4:34871|priority:1], old=null
2022-06-19 13:05:25,545 [grpc-default-executor-1] INFO  server.RaftServer$Division (RaftServerImpl.java:requestVote(1152)) - 3336e988-a1cc-4f09-b2d1-22a9863ee945@group-B66F265A3155: receive requestVote(ELECTION, a1a795c4-f5a2-46b7-b5e4-aef7f82751b2, group-B66F265A3155, 6, (t:0, i:0))
2022-06-19 13:05:25,545 [grpc-default-executor-2] INFO  server.RaftServer$Division (RaftServerImpl.java:requestVote(1152)) - d57ef6cc-857b-4c4f-ab3c-49c4eddebbaf@group-B66F265A3155: receive requestVote(ELECTION, a1a795c4-f5a2-46b7-b5e4-aef7f82751b2, group-B66F265A3155, 6, (t:0, i:0))
2022-06-19 13:05:25,545 [grpc-default-executor-2] INFO  impl.VoteContext (VoteContext.java:log(48)) - d57ef6cc-857b-4c4f-ab3c-49c4eddebbaf@group-B66F265A3155-FOLLOWER: accept ELECTION from a1a795c4-f5a2-46b7-b5e4-aef7f82751b2: our priority 0 <= candidate's priority 1
2022-06-19 13:05:25,545 [grpc-default-executor-2] INFO  server.RaftServer$Division (RaftServerImpl.java:setRole(299)) - d57ef6cc-857b-4c4f-ab3c-49c4eddebbaf@group-B66F265A3155: changes role from  FOLLOWER to FOLLOWER at term 6 for candidate:a1a795c4-f5a2-46b7-b5e4-aef7f82751b2
2022-06-19 13:05:25,545 [grpc-default-executor-2] INFO  impl.RoleInfo (RoleInfo.java:shutdownFollowerState(110)) - d57ef6cc-857b-4c4f-ab3c-49c4eddebbaf: shutdown d57ef6cc-857b-4c4f-ab3c-49c4eddebbaf@group-B66F265A3155-FollowerState
2022-06-19 13:05:25,545 [grpc-default-executor-2] INFO  impl.RoleInfo (RoleInfo.java:updateAndGet(139)) - d57ef6cc-857b-4c4f-ab3c-49c4eddebbaf: start d57ef6cc-857b-4c4f-ab3c-49c4eddebbaf@group-B66F265A3155-FollowerState
2022-06-19 13:05:25,545 [grpc-default-executor-1] INFO  impl.VoteContext (VoteContext.java:log(48)) - 3336e988-a1cc-4f09-b2d1-22a9863ee945@group-B66F265A3155-FOLLOWER: accept ELECTION from a1a795c4-f5a2-46b7-b5e4-aef7f82751b2: our priority 0 <= candidate's priority 1
2022-06-19 13:05:25,545 [d57ef6cc-857b-4c4f-ab3c-49c4eddebbaf@group-B66F265A3155-FollowerState] INFO  impl.FollowerState (FollowerState.java:run(152)) - d57ef6cc-857b-4c4f-ab3c-49c4eddebbaf@group-B66F265A3155-FollowerState was interrupted
2022-06-19 13:05:25,545 [grpc-default-executor-1] INFO  server.RaftServer$Division (RaftServerImpl.java:setRole(299)) - 3336e988-a1cc-4f09-b2d1-22a9863ee945@group-B66F265A3155: changes role from  FOLLOWER to FOLLOWER at term 6 for candidate:a1a795c4-f5a2-46b7-b5e4-aef7f82751b2
2022-06-19 13:05:25,549 [grpc-default-executor-1] INFO  impl.RoleInfo (RoleInfo.java:shutdownFollowerState(110)) - 3336e988-a1cc-4f09-b2d1-22a9863ee945: shutdown 3336e988-a1cc-4f09-b2d1-22a9863ee945@group-B66F265A3155-FollowerState
2022-06-19 13:05:25,551 [grpc-default-executor-1] INFO  impl.RoleInfo (RoleInfo.java:updateAndGet(139)) - 3336e988-a1cc-4f09-b2d1-22a9863ee945: start 3336e988-a1cc-4f09-b2d1-22a9863ee945@group-B66F265A3155-FollowerState
2022-06-19 13:05:25,551 [3336e988-a1cc-4f09-b2d1-22a9863ee945@group-B66F265A3155-FollowerState] INFO  impl.FollowerState (FollowerState.java:run(152)) - 3336e988-a1cc-4f09-b2d1-22a9863ee945@group-B66F265A3155-FollowerState was interrupted
2022-06-19 13:05:25,551 [grpc-default-executor-2] INFO  server.RaftServer$Division (RaftServerImpl.java:requestVote(1184)) - d57ef6cc-857b-4c4f-ab3c-49c4eddebbaf@group-B66F265A3155 replies to ELECTION vote request: a1a795c4-f5a2-46b7-b5e4-aef7f82751b2<-d57ef6cc-857b-4c4f-ab3c-49c4eddebbaf#0:OK-t6. Peer's state: d57ef6cc-857b-4c4f-ab3c-49c4eddebbaf@group-B66F265A3155:t6, leader=null, voted=a1a795c4-f5a2-46b7-b5e4-aef7f82751b2, raftlog=d57ef6cc-857b-4c4f-ab3c-49c4eddebbaf@group-B66F265A3155-SegmentedRaftLog:OPENED:c-1, conf=-1: [d57ef6cc-857b-4c4f-ab3c-49c4eddebbaf|rpc:10.1.0.4:38535|priority:0, 3336e988-a1cc-4f09-b2d1-22a9863ee945|rpc:10.1.0.4:37777|priority:0, a1a795c4-f5a2-46b7-b5e4-aef7f82751b2|rpc:10.1.0.4:34871|priority:1], old=null
2022-06-19 13:05:25,558 [a1a795c4-f5a2-46b7-b5e4-aef7f82751b2@group-B66F265A3155-LeaderElection17] INFO  impl.LeaderElection (LeaderElection.java:logAndReturn(90)) - a1a795c4-f5a2-46b7-b5e4-aef7f82751b2@group-B66F265A3155-LeaderElection17: ELECTION PASSED received 1 response(s) and 0 exception(s):
2022-06-19 13:05:25,558 [a1a795c4-f5a2-46b7-b5e4-aef7f82751b2@group-B66F265A3155-LeaderElection17] INFO  impl.LeaderElection (LeaderElection.java:logAndReturn(94)) -   Response 0: a1a795c4-f5a2-46b7-b5e4-aef7f82751b2<-d57ef6cc-857b-4c4f-ab3c-49c4eddebbaf#0:OK-t6
2022-06-19 13:05:25,558 [a1a795c4-f5a2-46b7-b5e4-aef7f82751b2@group-B66F265A3155-LeaderElection17] INFO  impl.LeaderElection (LeaderElection.java:askForVotes(312)) - a1a795c4-f5a2-46b7-b5e4-aef7f82751b2@group-B66F265A3155-LeaderElection17 ELECTION round 0: result PASSED
2022-06-19 13:05:25,558 [a1a795c4-f5a2-46b7-b5e4-aef7f82751b2@group-B66F265A3155-LeaderElection17] INFO  impl.RoleInfo (RoleInfo.java:shutdownLeaderElection(130)) - a1a795c4-f5a2-46b7-b5e4-aef7f82751b2: shutdown a1a795c4-f5a2-46b7-b5e4-aef7f82751b2@group-B66F265A3155-LeaderElection17
2022-06-19 13:05:25,558 [a1a795c4-f5a2-46b7-b5e4-aef7f82751b2@group-B66F265A3155-LeaderElection17] INFO  server.RaftServer$Division (RaftServerImpl.java:setRole(299)) - a1a795c4-f5a2-46b7-b5e4-aef7f82751b2@group-B66F265A3155: changes role from CANDIDATE to LEADER at term 6 for changeToLeader
2022-06-19 13:05:25,558 [a1a795c4-f5a2-46b7-b5e4-aef7f82751b2@group-B66F265A3155-LeaderElection17] INFO  ratis.XceiverServerRatis (XceiverServerRatis.java:handleLeaderChangedNotification(863)) - Leader change notification received for group: group-B66F265A3155 with new leaderId: a1a795c4-f5a2-46b7-b5e4-aef7f82751b2
2022-06-19 13:05:25,559 [grpc-default-executor-1] INFO  server.RaftServer$Division (RaftServerImpl.java:requestVote(1184)) - 3336e988-a1cc-4f09-b2d1-22a9863ee945@group-B66F265A3155 replies to ELECTION vote request: a1a795c4-f5a2-46b7-b5e4-aef7f82751b2<-3336e988-a1cc-4f09-b2d1-22a9863ee945#0:OK-t6. Peer's state: 3336e988-a1cc-4f09-b2d1-22a9863ee945@group-B66F265A3155:t6, leader=null, voted=a1a795c4-f5a2-46b7-b5e4-aef7f82751b2, raftlog=3336e988-a1cc-4f09-b2d1-22a9863ee945@group-B66F265A3155-SegmentedRaftLog:OPENED:c-1, conf=-1: [d57ef6cc-857b-4c4f-ab3c-49c4eddebbaf|rpc:10.1.0.4:38535|dataStream:|priority:0, 3336e988-a1cc-4f09-b2d1-22a9863ee945|rpc:10.1.0.4:37777|dataStream:|priority:0, a1a795c4-f5a2-46b7-b5e4-aef7f82751b2|rpc:10.1.0.4:34871|dataStream:|priority:1], old=null
2022-06-19 13:05:25,559 [a1a795c4-f5a2-46b7-b5e4-aef7f82751b2@group-B66F265A3155-LeaderElection17] INFO  server.RaftServer$Division (ServerState.java:setLeader(287)) - a1a795c4-f5a2-46b7-b5e4-aef7f82751b2@group-B66F265A3155: change Leader from null to a1a795c4-f5a2-46b7-b5e4-aef7f82751b2 at term 6 for becomeLeader, leader elected after 30507ms
2022-06-19 13:05:25,559 [a1a795c4-f5a2-46b7-b5e4-aef7f82751b2@group-B66F265A3155-LeaderElection17] INFO  server.RaftServerConfigKeys (ConfUtils.java:logGet(46)) - raft.server.staging.catchup.gap = 1000 (default)
2022-06-19 13:05:25,559 [a1a795c4-f5a2-46b7-b5e4-aef7f82751b2@group-B66F265A3155-LeaderElection17] INFO  server.RaftServerConfigKeys (ConfUtils.java:logGet(46)) - raft.server.write.element-limit = 1024 (custom)
2022-06-19 13:05:25,560 [a1a795c4-f5a2-46b7-b5e4-aef7f82751b2@group-B66F265A3155-LeaderElection17] INFO  server.RaftServerConfigKeys (ConfUtils.java:logGet(46)) - raft.server.write.byte-limit = 1024 M (=1073741824) (custom)
2022-06-19 13:05:25,560 [a1a795c4-f5a2-46b7-b5e4-aef7f82751b2@group-B66F265A3155-LeaderElection17] INFO  server.RaftServerConfigKeys (ConfUtils.java:logGet(46)) - raft.server.watch.timeout = 180s (custom)
2022-06-19 13:05:25,560 [a1a795c4-f5a2-46b7-b5e4-aef7f82751b2@group-B66F265A3155-LeaderElection17] INFO  server.RaftServerConfigKeys (ConfUtils.java:logGet(46)) - raft.server.watch.timeout.denomination = 1s (default)
2022-06-19 13:05:25,560 [a1a795c4-f5a2-46b7-b5e4-aef7f82751b2@group-B66F265A3155-LeaderElection17] INFO  server.RaftServerConfigKeys (ConfUtils.java:logGet(46)) - raft.server.watch.element-limit = 65536 (default)
2022-06-19 13:05:25,560 [a1a795c4-f5a2-46b7-b5e4-aef7f82751b2@group-B66F265A3155-LeaderElection17] INFO  server.RaftServerConfigKeys (ConfUtils.java:logGet(46)) - raft.server.write.element-limit = 1024 (custom)
2022-06-19 13:05:25,560 [a1a795c4-f5a2-46b7-b5e4-aef7f82751b2@group-B66F265A3155-LeaderElection17] INFO  server.RaftServerConfigKeys (ConfUtils.java:logGet(46)) - raft.server.write.follower.gap.ratio.max = -1.0 (default)
2022-06-19 13:05:25,561 [a1a795c4-f5a2-46b7-b5e4-aef7f82751b2@group-B66F265A3155-LeaderElection17] INFO  server.RaftServerConfigKeys (ConfUtils.java:logGet(46)) - raft.server.log.appender.snapshot.chunk.size.max = 16MB (=16777216) (default)
2022-06-19 13:05:25,561 [a1a795c4-f5a2-46b7-b5e4-aef7f82751b2@group-B66F265A3155-LeaderElection17] INFO  server.RaftServerConfigKeys (ConfUtils.java:logGet(46)) - raft.server.log.appender.buffer.byte-limit = 33554432 (custom)
2022-06-19 13:05:25,561 [a1a795c4-f5a2-46b7-b5e4-aef7f82751b2@group-B66F265A3155-LeaderElection17] INFO  server.RaftServerConfigKeys (ConfUtils.java:logGet(46)) - raft.server.log.appender.buffer.element-limit = 1 (custom)
2022-06-19 13:05:25,561 [a1a795c4-f5a2-46b7-b5e4-aef7f82751b2@group-B66F265A3155-LeaderElection17] INFO  grpc.GrpcConfigKeys (ConfUtils.java:logGet(46)) - raft.grpc.server.leader.outstanding.appends.max = 128 (default)
2022-06-19 13:05:25,562 [a1a795c4-f5a2-46b7-b5e4-aef7f82751b2@group-B66F265A3155-LeaderElection17] INFO  server.RaftServerConfigKeys (ConfUtils.java:logGet(46)) - raft.server.rpc.request.timeout = 60s (custom)
2022-06-19 13:05:25,562 [a1a795c4-f5a2-46b7-b5e4-aef7f82751b2@group-B66F265A3155-LeaderElection17] INFO  server.RaftServerConfigKeys (ConfUtils.java:logGet(46)) - raft.server.log.appender.install.snapshot.enabled = false (custom)
2022-06-19 13:05:25,563 [a1a795c4-f5a2-46b7-b5e4-aef7f82751b2@group-B66F265A3155-LeaderElection17] INFO  server.RaftServerConfigKeys (ConfUtils.java:logGet(46)) - raft.server.log.appender.snapshot.chunk.size.max = 16MB (=16777216) (default)
2022-06-19 13:05:25,563 [a1a795c4-f5a2-46b7-b5e4-aef7f82751b2@group-B66F265A3155-LeaderElection17] INFO  server.RaftServerConfigKeys (ConfUtils.java:logGet(46)) - raft.server.log.appender.buffer.byte-limit = 33554432 (custom)
2022-06-19 13:05:25,563 [a1a795c4-f5a2-46b7-b5e4-aef7f82751b2@group-B66F265A3155-LeaderElection17] INFO  server.RaftServerConfigKeys (ConfUtils.java:logGet(46)) - raft.server.log.appender.buffer.element-limit = 1 (custom)
2022-06-19 13:05:25,563 [a1a795c4-f5a2-46b7-b5e4-aef7f82751b2@group-B66F265A3155-LeaderElection17] INFO  grpc.GrpcConfigKeys (ConfUtils.java:logGet(46)) - raft.grpc.server.leader.outstanding.appends.max = 128 (default)
2022-06-19 13:05:25,563 [a1a795c4-f5a2-46b7-b5e4-aef7f82751b2@group-B66F265A3155-LeaderElection17] INFO  server.RaftServerConfigKeys (ConfUtils.java:logGet(46)) - raft.server.rpc.request.timeout = 60s (custom)
2022-06-19 13:05:25,563 [a1a795c4-f5a2-46b7-b5e4-aef7f82751b2@group-B66F265A3155-LeaderElection17] INFO  server.RaftServerConfigKeys (ConfUtils.java:logGet(46)) - raft.server.log.appender.install.snapshot.enabled = false (custom)
2022-06-19 13:05:25,563 [a1a795c4-f5a2-46b7-b5e4-aef7f82751b2@group-B66F265A3155-LeaderElection17] INFO  impl.RoleInfo (RoleInfo.java:updateAndGet(139)) - a1a795c4-f5a2-46b7-b5e4-aef7f82751b2: start a1a795c4-f5a2-46b7-b5e4-aef7f82751b2@group-B66F265A3155-LeaderStateImpl
2022-06-19 13:05:25,564 [a1a795c4-f5a2-46b7-b5e4-aef7f82751b2@group-B66F265A3155-LeaderElection17] INFO  segmented.SegmentedRaftLogWorker (SegmentedRaftLogWorker.java:startLogSegment(425)) - a1a795c4-f5a2-46b7-b5e4-aef7f82751b2@group-B66F265A3155-SegmentedRaftLogWorker: Starting segment from index:0
2022-06-19 13:05:25,565 [a1a795c4-f5a2-46b7-b5e4-aef7f82751b2@group-B66F265A3155-SegmentedRaftLogWorker] INFO  segmented.SegmentedRaftLogWorker (SegmentedRaftLogWorker.java:execute(629)) - a1a795c4-f5a2-46b7-b5e4-aef7f82751b2@group-B66F265A3155-SegmentedRaftLogWorker: created new log segment /home/runner/work/ozone/ozone/hadoop-ozone/integration-test/target/test-dir/MiniOzoneClusterImpl-9f34b74b-d5f0-454e-a8cb-06b69a9d8d3b/datanode-1/data/ratis/df729f6f-e340-4004-8212-b66f265a3155/current/log_inprogress_0
2022-06-19 13:05:25,576 [a1a795c4-f5a2-46b7-b5e4-aef7f82751b2@group-B66F265A3155-LeaderElection17] INFO  server.RaftServer$Division (ServerState.java:setRaftConf(393)) - a1a795c4-f5a2-46b7-b5e4-aef7f82751b2@group-B66F265A3155: set configuration 0: [d57ef6cc-857b-4c4f-ab3c-49c4eddebbaf|rpc:10.1.0.4:38535|dataStream:|priority:0, 3336e988-a1cc-4f09-b2d1-22a9863ee945|rpc:10.1.0.4:37777|dataStream:|priority:0, a1a795c4-f5a2-46b7-b5e4-aef7f82751b2|rpc:10.1.0.4:34871|dataStream:|priority:1], old=null
2022-06-19 13:05:25,579 [d57ef6cc-857b-4c4f-ab3c-49c4eddebbaf-server-thread1] INFO  ratis.XceiverServerRatis (XceiverServerRatis.java:handleLeaderChangedNotification(863)) - Leader change notification received for group: group-B66F265A3155 with new leaderId: a1a795c4-f5a2-46b7-b5e4-aef7f82751b2
2022-06-19 13:05:25,579 [d57ef6cc-857b-4c4f-ab3c-49c4eddebbaf-server-thread1] INFO  server.RaftServer$Division (ServerState.java:setLeader(287)) - d57ef6cc-857b-4c4f-ab3c-49c4eddebbaf@group-B66F265A3155: change Leader from null to a1a795c4-f5a2-46b7-b5e4-aef7f82751b2 at term 6 for appendEntries, leader elected after 31042ms
2022-06-19 13:05:25,590 [d57ef6cc-857b-4c4f-ab3c-49c4eddebbaf-server-thread1] INFO  server.RaftServer$Division (ServerState.java:setRaftConf(393)) - d57ef6cc-857b-4c4f-ab3c-49c4eddebbaf@group-B66F265A3155: set configuration 0: [d57ef6cc-857b-4c4f-ab3c-49c4eddebbaf|rpc:10.1.0.4:38535|dataStream:|priority:0, 3336e988-a1cc-4f09-b2d1-22a9863ee945|rpc:10.1.0.4:37777|dataStream:|priority:0, a1a795c4-f5a2-46b7-b5e4-aef7f82751b2|rpc:10.1.0.4:34871|dataStream:|priority:1], old=null
2022-06-19 13:05:25,590 [d57ef6cc-857b-4c4f-ab3c-49c4eddebbaf-server-thread1] INFO  segmented.SegmentedRaftLogWorker (SegmentedRaftLogWorker.java:startLogSegment(425)) - d57ef6cc-857b-4c4f-ab3c-49c4eddebbaf@group-B66F265A3155-SegmentedRaftLogWorker: Starting segment from index:0
2022-06-19 13:05:25,591 [3336e988-a1cc-4f09-b2d1-22a9863ee945-server-thread1] INFO  ratis.XceiverServerRatis (XceiverServerRatis.java:handleLeaderChangedNotification(863)) - Leader change notification received for group: group-B66F265A3155 with new leaderId: a1a795c4-f5a2-46b7-b5e4-aef7f82751b2
2022-06-19 13:05:25,592 [3336e988-a1cc-4f09-b2d1-22a9863ee945-server-thread1] INFO  server.RaftServer$Division (ServerState.java:setLeader(287)) - 3336e988-a1cc-4f09-b2d1-22a9863ee945@group-B66F265A3155: change Leader from null to a1a795c4-f5a2-46b7-b5e4-aef7f82751b2 at term 6 for appendEntries, leader elected after 30420ms
2022-06-19 13:05:25,591 [d57ef6cc-857b-4c4f-ab3c-49c4eddebbaf@group-B66F265A3155-SegmentedRaftLogWorker] INFO  segmented.SegmentedRaftLogWorker (SegmentedRaftLogWorker.java:execute(629)) - d57ef6cc-857b-4c4f-ab3c-49c4eddebbaf@group-B66F265A3155-SegmentedRaftLogWorker: created new log segment /home/runner/work/ozone/ozone/hadoop-ozone/integration-test/target/test-dir/MiniOzoneClusterImpl-9f34b74b-d5f0-454e-a8cb-06b69a9d8d3b/datanode-0/data/ratis/df729f6f-e340-4004-8212-b66f265a3155/current/log_inprogress_0
2022-06-19 13:05:25,595 [3336e988-a1cc-4f09-b2d1-22a9863ee945-server-thread1] INFO  server.RaftServer$Division (ServerState.java:setRaftConf(393)) - 3336e988-a1cc-4f09-b2d1-22a9863ee945@group-B66F265A3155: set configuration 0: [d57ef6cc-857b-4c4f-ab3c-49c4eddebbaf|rpc:10.1.0.4:38535|dataStream:|priority:0, 3336e988-a1cc-4f09-b2d1-22a9863ee945|rpc:10.1.0.4:37777|dataStream:|priority:0, a1a795c4-f5a2-46b7-b5e4-aef7f82751b2|rpc:10.1.0.4:34871|dataStream:|priority:1], old=null
2022-06-19 13:05:25,595 [3336e988-a1cc-4f09-b2d1-22a9863ee945-server-thread1] INFO  segmented.SegmentedRaftLogWorker (SegmentedRaftLogWorker.java:startLogSegment(425)) - 3336e988-a1cc-4f09-b2d1-22a9863ee945@group-B66F265A3155-SegmentedRaftLogWorker: Starting segment from index:0
2022-06-19 13:05:25,596 [3336e988-a1cc-4f09-b2d1-22a9863ee945@group-B66F265A3155-SegmentedRaftLogWorker] INFO  segmented.SegmentedRaftLogWorker (SegmentedRaftLogWorker.java:execute(629)) - 3336e988-a1cc-4f09-b2d1-22a9863ee945@group-B66F265A3155-SegmentedRaftLogWorker: created new log segment /home/runner/work/ozone/ozone/hadoop-ozone/integration-test/target/test-dir/MiniOzoneClusterImpl-9f34b74b-d5f0-454e-a8cb-06b69a9d8d3b/datanode-2/data/ratis/df729f6f-e340-4004-8212-b66f265a3155/current/log_inprogress_0
2022-06-19 13:05:26,892 [Listener at 127.0.0.1/33959] INFO  ozoneimpl.OzoneContainer (OzoneContainer.java:stop(365)) - Attempting to stop container services.
2022-06-19 13:05:26,892 [ForkJoinPool.commonPool-worker-1] INFO  ozoneimpl.OzoneContainer (OzoneContainer.java:stop(365)) - Attempting to stop container services.
2022-06-19 13:05:26,896 [ForkJoinPool.commonPool-worker-1] INFO  server.RaftServer (RaftServerProxy.java:lambda$close$7(398)) - a1a795c4-f5a2-46b7-b5e4-aef7f82751b2: close
2022-06-19 13:05:26,896 [Listener at 127.0.0.1/33959] INFO  server.RaftServer (RaftServerProxy.java:lambda$close$7(398)) - 3336e988-a1cc-4f09-b2d1-22a9863ee945: close
2022-06-19 13:05:26,897 [ForkJoinPool.commonPool-worker-1] INFO  server.RaftServer$Division (RaftServerImpl.java:lambda$close$4(434)) - a1a795c4-f5a2-46b7-b5e4-aef7f82751b2@group-83B20A47FECA: shutdown
2022-06-19 13:05:26,897 [Listener at 127.0.0.1/33959] INFO  server.RaftServer$Division (RaftServerImpl.java:lambda$close$4(434)) - 3336e988-a1cc-4f09-b2d1-22a9863ee945@group-83B20A47FECA: shutdown
2022-06-19 13:05:26,897 [ForkJoinPool.commonPool-worker-1] INFO  util.JmxRegister (JmxRegister.java:unregister(73)) - Successfully un-registered JMX Bean with object name Ratis:service=RaftServer,group=group-83B20A47FECA,id=a1a795c4-f5a2-46b7-b5e4-aef7f82751b2
2022-06-19 13:05:26,897 [Listener at 127.0.0.1/33959] INFO  util.JmxRegister (JmxRegister.java:unregister(73)) - Successfully un-registered JMX Bean with object name Ratis:service=RaftServer,group=group-83B20A47FECA,id=3336e988-a1cc-4f09-b2d1-22a9863ee945
2022-06-19 13:05:26,897 [ForkJoinPool.commonPool-worker-1] INFO  impl.RoleInfo (RoleInfo.java:shutdownFollowerState(110)) - a1a795c4-f5a2-46b7-b5e4-aef7f82751b2: shutdown a1a795c4-f5a2-46b7-b5e4-aef7f82751b2@group-83B20A47FECA-FollowerState
2022-06-19 13:05:26,897 [ForkJoinPool.commonPool-worker-1] INFO  impl.StateMachineUpdater (StateMachineUpdater.java:stopAndJoin(153)) - a1a795c4-f5a2-46b7-b5e4-aef7f82751b2@group-83B20A47FECA-StateMachineUpdater: set stopIndex = 30
2022-06-19 13:05:26,898 [a1a795c4-f5a2-46b7-b5e4-aef7f82751b2@group-83B20A47FECA-StateMachineUpdater] INFO  ratis.ContainerStateMachine (ContainerStateMachine.java:takeSnapshot(304)) - group-83B20A47FECA: Taking a snapshot at:(t:1, i:30) file /home/runner/work/ozone/ozone/hadoop-ozone/integration-test/target/test-dir/MiniOzoneClusterImpl-9f34b74b-d5f0-454e-a8cb-06b69a9d8d3b/datanode-1/data/ratis/734119a6-1274-4adc-a312-83b20a47feca/sm/snapshot.1_30
2022-06-19 13:05:26,897 [Listener at 127.0.0.1/33959] INFO  impl.RoleInfo (RoleInfo.java:shutdownLeaderState(93)) - 3336e988-a1cc-4f09-b2d1-22a9863ee945: shutdown 3336e988-a1cc-4f09-b2d1-22a9863ee945@group-83B20A47FECA-LeaderStateImpl
2022-06-19 13:05:26,897 [a1a795c4-f5a2-46b7-b5e4-aef7f82751b2@group-83B20A47FECA-FollowerState] INFO  impl.FollowerState (FollowerState.java:run(152)) - a1a795c4-f5a2-46b7-b5e4-aef7f82751b2@group-83B20A47FECA-FollowerState was interrupted
2022-06-19 13:05:26,901 [3336e988-a1cc-4f09-b2d1-22a9863ee945@group-83B20A47FECA->d57ef6cc-857b-4c4f-ab3c-49c4eddebbaf-GrpcLogAppender-LogAppenderDaemon] WARN  server.GrpcLogAppender (GrpcLogAppender.java:mayWait(171)) - 3336e988-a1cc-4f09-b2d1-22a9863ee945@group-83B20A47FECA->d57ef6cc-857b-4c4f-ab3c-49c4eddebbaf-GrpcLogAppender: Wait interrupted by java.lang.InterruptedException
2022-06-19 13:05:26,902 [3336e988-a1cc-4f09-b2d1-22a9863ee945@group-83B20A47FECA->a1a795c4-f5a2-46b7-b5e4-aef7f82751b2-GrpcLogAppender-LogAppenderDaemon] WARN  server.GrpcLogAppender (GrpcLogAppender.java:mayWait(171)) - 3336e988-a1cc-4f09-b2d1-22a9863ee945@group-83B20A47FECA->a1a795c4-f5a2-46b7-b5e4-aef7f82751b2-GrpcLogAppender: Wait interrupted by java.lang.InterruptedException
2022-06-19 13:05:26,903 [grpc-default-executor-2] INFO  server.GrpcServerProtocolService (GrpcServerProtocolService.java:onCompleted(140)) - a1a795c4-f5a2-46b7-b5e4-aef7f82751b2: Completed APPEND_ENTRIES, lastRequest: 3336e988-a1cc-4f09-b2d1-22a9863ee945->a1a795c4-f5a2-46b7-b5e4-aef7f82751b2#381-t1,previous=(t:1, i:29),leaderCommit=28,initializing? true,entries: size=1, first=(t:1, i:30), METADATAENTRY(c:28)
2022-06-19 13:05:26,904 [grpc-default-executor-0] INFO  server.GrpcLogAppender (GrpcLogAppender.java:onCompleted(339)) - 3336e988-a1cc-4f09-b2d1-22a9863ee945@group-83B20A47FECA->a1a795c4-f5a2-46b7-b5e4-aef7f82751b2-AppendLogResponseHandler: follower responses appendEntries COMPLETED
2022-06-19 13:05:26,904 [Listener at 127.0.0.1/33959] INFO  impl.PendingRequests (PendingRequests.java:sendNotLeaderResponses(282)) - 3336e988-a1cc-4f09-b2d1-22a9863ee945@group-83B20A47FECA-PendingRequests: sendNotLeaderResponses
2022-06-19 13:05:26,903 [grpc-default-executor-1] INFO  server.GrpcServerProtocolService (GrpcServerProtocolService.java:onCompleted(140)) - d57ef6cc-857b-4c4f-ab3c-49c4eddebbaf: Completed APPEND_ENTRIES, lastRequest: 3336e988-a1cc-4f09-b2d1-22a9863ee945->d57ef6cc-857b-4c4f-ab3c-49c4eddebbaf#379-t1,previous=(t:1, i:29),leaderCommit=28,initializing? true,entries: size=1, first=(t:1, i:30), METADATAENTRY(c:28)
2022-06-19 13:05:26,907 [grpc-default-executor-0] INFO  leader.FollowerInfo (FollowerInfoImpl.java:lambda$new$0(48)) - 3336e988-a1cc-4f09-b2d1-22a9863ee945@group-83B20A47FECA->a1a795c4-f5a2-46b7-b5e4-aef7f82751b2: nextIndex: updateUnconditionally 31 -> 30
2022-06-19 13:05:26,910 [grpc-default-executor-1] INFO  server.GrpcLogAppender (GrpcLogAppender.java:onCompleted(339)) - 3336e988-a1cc-4f09-b2d1-22a9863ee945@group-83B20A47FECA->d57ef6cc-857b-4c4f-ab3c-49c4eddebbaf-AppendLogResponseHandler: follower responses appendEntries COMPLETED
2022-06-19 13:05:26,910 [grpc-default-executor-1] INFO  leader.FollowerInfo (FollowerInfoImpl.java:lambda$new$0(48)) - 3336e988-a1cc-4f09-b2d1-22a9863ee945@group-83B20A47FECA->d57ef6cc-857b-4c4f-ab3c-49c4eddebbaf: nextIndex: updateUnconditionally 31 -> 30
2022-06-19 13:05:26,924 [Listener at 127.0.0.1/33959] INFO  impl.StateMachineUpdater (StateMachineUpdater.java:stopAndJoin(153)) - 3336e988-a1cc-4f09-b2d1-22a9863ee945@group-83B20A47FECA-StateMachineUpdater: set stopIndex = 30
2022-06-19 13:05:26,925 [3336e988-a1cc-4f09-b2d1-22a9863ee945@group-83B20A47FECA-StateMachineUpdater] INFO  ratis.ContainerStateMachine (ContainerStateMachine.java:takeSnapshot(304)) - group-83B20A47FECA: Taking a snapshot at:(t:1, i:30) file /home/runner/work/ozone/ozone/hadoop-ozone/integration-test/target/test-dir/MiniOzoneClusterImpl-9f34b74b-d5f0-454e-a8cb-06b69a9d8d3b/datanode-2/data/ratis/734119a6-1274-4adc-a312-83b20a47feca/sm/snapshot.1_30
2022-06-19 13:05:26,942 [3336e988-a1cc-4f09-b2d1-22a9863ee945@group-83B20A47FECA-StateMachineUpdater] INFO  ratis.ContainerStateMachine (ContainerStateMachine.java:takeSnapshot(315)) - group-83B20A47FECA: Finished taking a snapshot at:(t:1, i:30) file:/home/runner/work/ozone/ozone/hadoop-ozone/integration-test/target/test-dir/MiniOzoneClusterImpl-9f34b74b-d5f0-454e-a8cb-06b69a9d8d3b/datanode-2/data/ratis/734119a6-1274-4adc-a312-83b20a47feca/sm/snapshot.1_30 took: 17 ms
2022-06-19 13:05:26,943 [3336e988-a1cc-4f09-b2d1-22a9863ee945@group-83B20A47FECA-StateMachineUpdater] INFO  impl.StateMachineUpdater (StateMachineUpdater.java:takeSnapshot(287)) - 3336e988-a1cc-4f09-b2d1-22a9863ee945@group-83B20A47FECA-StateMachineUpdater: Took a snapshot at index 30
2022-06-19 13:05:26,944 [3336e988-a1cc-4f09-b2d1-22a9863ee945@group-83B20A47FECA-StateMachineUpdater] INFO  impl.StateMachineUpdater (StateMachineUpdater.java:lambda$new$0(92)) - 3336e988-a1cc-4f09-b2d1-22a9863ee945@group-83B20A47FECA-StateMachineUpdater: snapshotIndex: updateIncreasingly -1 -> 30
2022-06-19 13:05:26,944 [a1a795c4-f5a2-46b7-b5e4-aef7f82751b2@group-83B20A47FECA-StateMachineUpdater] INFO  ratis.ContainerStateMachine (ContainerStateMachine.java:takeSnapshot(315)) - group-83B20A47FECA: Finished taking a snapshot at:(t:1, i:30) file:/home/runner/work/ozone/ozone/hadoop-ozone/integration-test/target/test-dir/MiniOzoneClusterImpl-9f34b74b-d5f0-454e-a8cb-06b69a9d8d3b/datanode-1/data/ratis/734119a6-1274-4adc-a312-83b20a47feca/sm/snapshot.1_30 took: 46 ms
2022-06-19 13:05:26,946 [a1a795c4-f5a2-46b7-b5e4-aef7f82751b2@group-83B20A47FECA-StateMachineUpdater] INFO  impl.StateMachineUpdater (StateMachineUpdater.java:takeSnapshot(287)) - a1a795c4-f5a2-46b7-b5e4-aef7f82751b2@group-83B20A47FECA-StateMachineUpdater: Took a snapshot at index 30
2022-06-19 13:05:26,946 [a1a795c4-f5a2-46b7-b5e4-aef7f82751b2@group-83B20A47FECA-StateMachineUpdater] INFO  impl.StateMachineUpdater (StateMachineUpdater.java:lambda$new$0(92)) - a1a795c4-f5a2-46b7-b5e4-aef7f82751b2@group-83B20A47FECA-StateMachineUpdater: snapshotIndex: updateIncreasingly -1 -> 30
2022-06-19 13:05:26,949 [ForkJoinPool.commonPool-worker-1] INFO  server.RaftServer$Division (ServerState.java:close(429)) - a1a795c4-f5a2-46b7-b5e4-aef7f82751b2@group-83B20A47FECA: closes. applyIndex: 30
2022-06-19 13:05:26,949 [a1a795c4-f5a2-46b7-b5e4-aef7f82751b2@group-83B20A47FECA-SegmentedRaftLogWorker] INFO  segmented.SegmentedRaftLogWorker (SegmentedRaftLogWorker.java:run(336)) - a1a795c4-f5a2-46b7-b5e4-aef7f82751b2@group-83B20A47FECA-SegmentedRaftLogWorker was interrupted, exiting. There are 0 tasks remaining in the queue.
2022-06-19 13:05:26,953 [ForkJoinPool.commonPool-worker-1] INFO  segmented.SegmentedRaftLogWorker (SegmentedRaftLogWorker.java:close(246)) - a1a795c4-f5a2-46b7-b5e4-aef7f82751b2@group-83B20A47FECA-SegmentedRaftLogWorker close()
2022-06-19 13:05:26,954 [Listener at 127.0.0.1/33959] INFO  server.RaftServer$Division (ServerState.java:close(429)) - 3336e988-a1cc-4f09-b2d1-22a9863ee945@group-83B20A47FECA: closes. applyIndex: 30
2022-06-19 13:05:26,954 [3336e988-a1cc-4f09-b2d1-22a9863ee945@group-83B20A47FECA-SegmentedRaftLogWorker] INFO  segmented.SegmentedRaftLogWorker (SegmentedRaftLogWorker.java:run(336)) - 3336e988-a1cc-4f09-b2d1-22a9863ee945@group-83B20A47FECA-SegmentedRaftLogWorker was interrupted, exiting. There are 0 tasks remaining in the queue.
2022-06-19 13:05:26,955 [Listener at 127.0.0.1/33959] INFO  segmented.SegmentedRaftLogWorker (SegmentedRaftLogWorker.java:close(246)) - 3336e988-a1cc-4f09-b2d1-22a9863ee945@group-83B20A47FECA-SegmentedRaftLogWorker close()
2022-06-19 13:05:26,956 [Listener at 127.0.0.1/33959] INFO  server.RaftServer$Division (RaftServerImpl.java:lambda$close$4(434)) - 3336e988-a1cc-4f09-b2d1-22a9863ee945@group-0EA6E9BD2DA0: shutdown
2022-06-19 13:05:26,957 [Listener at 127.0.0.1/33959] INFO  util.JmxRegister (JmxRegister.java:unregister(73)) - Successfully un-registered JMX Bean with object name Ratis:service=RaftServer,group=group-0EA6E9BD2DA0,id=3336e988-a1cc-4f09-b2d1-22a9863ee945
2022-06-19 13:05:26,957 [Listener at 127.0.0.1/33959] INFO  impl.RoleInfo (RoleInfo.java:shutdownLeaderState(93)) - 3336e988-a1cc-4f09-b2d1-22a9863ee945: shutdown 3336e988-a1cc-4f09-b2d1-22a9863ee945@group-0EA6E9BD2DA0-LeaderStateImpl
2022-06-19 13:05:26,957 [Listener at 127.0.0.1/33959] INFO  impl.PendingRequests (PendingRequests.java:sendNotLeaderResponses(282)) - 3336e988-a1cc-4f09-b2d1-22a9863ee945@group-0EA6E9BD2DA0-PendingRequests: sendNotLeaderResponses
2022-06-19 13:05:26,957 [Listener at 127.0.0.1/33959] INFO  impl.StateMachineUpdater (StateMachineUpdater.java:stopAndJoin(153)) - 3336e988-a1cc-4f09-b2d1-22a9863ee945@group-0EA6E9BD2DA0-StateMachineUpdater: set stopIndex = 0
2022-06-19 13:05:26,958 [3336e988-a1cc-4f09-b2d1-22a9863ee945@group-0EA6E9BD2DA0-StateMachineUpdater] INFO  ratis.ContainerStateMachine (ContainerStateMachine.java:takeSnapshot(304)) - group-0EA6E9BD2DA0: Taking a snapshot at:(t:1, i:0) file /home/runner/work/ozone/ozone/hadoop-ozone/integration-test/target/test-dir/MiniOzoneClusterImpl-9f34b74b-d5f0-454e-a8cb-06b69a9d8d3b/datanode-2/data/ratis/6e2c370d-3d7e-4933-a91d-0ea6e9bd2da0/sm/snapshot.1_0
2022-06-19 13:05:26,958 [ForkJoinPool.commonPool-worker-1] INFO  server.RaftServer$Division (RaftServerImpl.java:lambda$close$4(434)) - a1a795c4-f5a2-46b7-b5e4-aef7f82751b2@group-B66F265A3155: shutdown
2022-06-19 13:05:26,958 [ForkJoinPool.commonPool-worker-1] INFO  util.JmxRegister (JmxRegister.java:unregister(73)) - Successfully un-registered JMX Bean with object name Ratis:service=RaftServer,group=group-B66F265A3155,id=a1a795c4-f5a2-46b7-b5e4-aef7f82751b2
2022-06-19 13:05:26,958 [ForkJoinPool.commonPool-worker-1] INFO  impl.RoleInfo (RoleInfo.java:shutdownLeaderState(93)) - a1a795c4-f5a2-46b7-b5e4-aef7f82751b2: shutdown a1a795c4-f5a2-46b7-b5e4-aef7f82751b2@group-B66F265A3155-LeaderStateImpl
2022-06-19 13:05:26,959 [3336e988-a1cc-4f09-b2d1-22a9863ee945@group-0EA6E9BD2DA0-StateMachineUpdater] INFO  ratis.ContainerStateMachine (ContainerStateMachine.java:takeSnapshot(315)) - group-0EA6E9BD2DA0: Finished taking a snapshot at:(t:1, i:0) file:/home/runner/work/ozone/ozone/hadoop-ozone/integration-test/target/test-dir/MiniOzoneClusterImpl-9f34b74b-d5f0-454e-a8cb-06b69a9d8d3b/datanode-2/data/ratis/6e2c370d-3d7e-4933-a91d-0ea6e9bd2da0/sm/snapshot.1_0 took: 1 ms
2022-06-19 13:05:26,959 [3336e988-a1cc-4f09-b2d1-22a9863ee945@group-0EA6E9BD2DA0-StateMachineUpdater] INFO  impl.StateMachineUpdater (StateMachineUpdater.java:takeSnapshot(287)) - 3336e988-a1cc-4f09-b2d1-22a9863ee945@group-0EA6E9BD2DA0-StateMachineUpdater: Took a snapshot at index 0
2022-06-19 13:05:26,959 [3336e988-a1cc-4f09-b2d1-22a9863ee945@group-0EA6E9BD2DA0-StateMachineUpdater] INFO  impl.StateMachineUpdater (StateMachineUpdater.java:lambda$new$0(92)) - 3336e988-a1cc-4f09-b2d1-22a9863ee945@group-0EA6E9BD2DA0-StateMachineUpdater: snapshotIndex: updateIncreasingly -1 -> 0
2022-06-19 13:05:26,959 [a1a795c4-f5a2-46b7-b5e4-aef7f82751b2@group-B66F265A3155->d57ef6cc-857b-4c4f-ab3c-49c4eddebbaf-GrpcLogAppender-LogAppenderDaemon] WARN  server.GrpcLogAppender (GrpcLogAppender.java:mayWait(171)) - a1a795c4-f5a2-46b7-b5e4-aef7f82751b2@group-B66F265A3155->d57ef6cc-857b-4c4f-ab3c-49c4eddebbaf-GrpcLogAppender: Wait interrupted by java.lang.InterruptedException
2022-06-19 13:05:26,960 [grpc-default-executor-0] INFO  server.GrpcServerProtocolService (GrpcServerProtocolService.java:onCompleted(140)) - d57ef6cc-857b-4c4f-ab3c-49c4eddebbaf: Completed APPEND_ENTRIES, lastRequest: a1a795c4-f5a2-46b7-b5e4-aef7f82751b2->d57ef6cc-857b-4c4f-ab3c-49c4eddebbaf#1-t6,previous=(t:0, i:0),leaderCommit=-1,initializing? true,entries: size=1, first=(t:6, i:0), CONFIGURATIONENTRY
2022-06-19 13:05:26,960 [grpc-default-executor-1] INFO  server.GrpcLogAppender (GrpcLogAppender.java:onCompleted(339)) - a1a795c4-f5a2-46b7-b5e4-aef7f82751b2@group-B66F265A3155->d57ef6cc-857b-4c4f-ab3c-49c4eddebbaf-AppendLogResponseHandler: follower responses appendEntries COMPLETED
2022-06-19 13:05:26,960 [grpc-default-executor-1] INFO  leader.FollowerInfo (FollowerInfoImpl.java:lambda$new$0(48)) - a1a795c4-f5a2-46b7-b5e4-aef7f82751b2@group-B66F265A3155->d57ef6cc-857b-4c4f-ab3c-49c4eddebbaf: nextIndex: updateUnconditionally 1 -> 0
2022-06-19 13:05:26,961 [a1a795c4-f5a2-46b7-b5e4-aef7f82751b2@group-B66F265A3155->3336e988-a1cc-4f09-b2d1-22a9863ee945-GrpcLogAppender-LogAppenderDaemon] WARN  server.GrpcLogAppender (GrpcLogAppender.java:mayWait(171)) - a1a795c4-f5a2-46b7-b5e4-aef7f82751b2@group-B66F265A3155->3336e988-a1cc-4f09-b2d1-22a9863ee945-GrpcLogAppender: Wait interrupted by java.lang.InterruptedException
2022-06-19 13:05:26,961 [Listener at 127.0.0.1/33959] INFO  server.RaftServer$Division (ServerState.java:close(429)) - 3336e988-a1cc-4f09-b2d1-22a9863ee945@group-0EA6E9BD2DA0: closes. applyIndex: 0
2022-06-19 13:05:26,962 [grpc-default-executor-1] INFO  server.GrpcServerProtocolService (GrpcServerProtocolService.java:onCompleted(140)) - 3336e988-a1cc-4f09-b2d1-22a9863ee945: Completed APPEND_ENTRIES, lastRequest: a1a795c4-f5a2-46b7-b5e4-aef7f82751b2->3336e988-a1cc-4f09-b2d1-22a9863ee945#1-t6,previous=(t:0, i:0),leaderCommit=0,initializing? true,entries: size=1, first=(t:6, i:0), CONFIGURATIONENTRY
2022-06-19 13:05:26,962 [3336e988-a1cc-4f09-b2d1-22a9863ee945@group-0EA6E9BD2DA0-SegmentedRaftLogWorker] INFO  segmented.SegmentedRaftLogWorker (SegmentedRaftLogWorker.java:run(336)) - 3336e988-a1cc-4f09-b2d1-22a9863ee945@group-0EA6E9BD2DA0-SegmentedRaftLogWorker was interrupted, exiting. There are 0 tasks remaining in the queue.
2022-06-19 13:05:26,962 [grpc-default-executor-2] INFO  server.GrpcLogAppender (GrpcLogAppender.java:onCompleted(339)) - a1a795c4-f5a2-46b7-b5e4-aef7f82751b2@group-B66F265A3155->3336e988-a1cc-4f09-b2d1-22a9863ee945-AppendLogResponseHandler: follower responses appendEntries COMPLETED
2022-06-19 13:05:26,962 [grpc-default-executor-2] INFO  leader.FollowerInfo (FollowerInfoImpl.java:lambda$new$0(48)) - a1a795c4-f5a2-46b7-b5e4-aef7f82751b2@group-B66F265A3155->3336e988-a1cc-4f09-b2d1-22a9863ee945: nextIndex: updateUnconditionally 1 -> 0
2022-06-19 13:05:26,959 [ForkJoinPool.commonPool-worker-1] INFO  impl.PendingRequests (PendingRequests.java:sendNotLeaderResponses(282)) - a1a795c4-f5a2-46b7-b5e4-aef7f82751b2@group-B66F265A3155-PendingRequests: sendNotLeaderResponses
2022-06-19 13:05:26,970 [ForkJoinPool.commonPool-worker-1] INFO  impl.StateMachineUpdater (StateMachineUpdater.java:stopAndJoin(153)) - a1a795c4-f5a2-46b7-b5e4-aef7f82751b2@group-B66F265A3155-StateMachineUpdater: set stopIndex = 0
2022-06-19 13:05:26,971 [Listener at 127.0.0.1/33959] INFO  segmented.SegmentedRaftLogWorker (SegmentedRaftLogWorker.java:close(246)) - 3336e988-a1cc-4f09-b2d1-22a9863ee945@group-0EA6E9BD2DA0-SegmentedRaftLogWorker close()
2022-06-19 13:05:26,971 [a1a795c4-f5a2-46b7-b5e4-aef7f82751b2@group-B66F265A3155-StateMachineUpdater] INFO  ratis.ContainerStateMachine (ContainerStateMachine.java:takeSnapshot(304)) - group-B66F265A3155: Taking a snapshot at:(t:6, i:0) file /home/runner/work/ozone/ozone/hadoop-ozone/integration-test/target/test-dir/MiniOzoneClusterImpl-9f34b74b-d5f0-454e-a8cb-06b69a9d8d3b/datanode-1/data/ratis/df729f6f-e340-4004-8212-b66f265a3155/sm/snapshot.6_0
2022-06-19 13:05:26,973 [a1a795c4-f5a2-46b7-b5e4-aef7f82751b2@group-B66F265A3155-StateMachineUpdater] INFO  ratis.ContainerStateMachine (ContainerStateMachine.java:takeSnapshot(315)) - group-B66F265A3155: Finished taking a snapshot at:(t:6, i:0) file:/home/runner/work/ozone/ozone/hadoop-ozone/integration-test/target/test-dir/MiniOzoneClusterImpl-9f34b74b-d5f0-454e-a8cb-06b69a9d8d3b/datanode-1/data/ratis/df729f6f-e340-4004-8212-b66f265a3155/sm/snapshot.6_0 took: 2 ms
2022-06-19 13:05:26,973 [Listener at 127.0.0.1/33959] INFO  server.RaftServer$Division (RaftServerImpl.java:lambda$close$4(434)) - 3336e988-a1cc-4f09-b2d1-22a9863ee945@group-B66F265A3155: shutdown
2022-06-19 13:05:26,974 [a1a795c4-f5a2-46b7-b5e4-aef7f82751b2@group-B66F265A3155-StateMachineUpdater] INFO  impl.StateMachineUpdater (StateMachineUpdater.java:takeSnapshot(287)) - a1a795c4-f5a2-46b7-b5e4-aef7f82751b2@group-B66F265A3155-StateMachineUpdater: Took a snapshot at index 0
2022-06-19 13:05:26,974 [Listener at 127.0.0.1/33959] INFO  util.JmxRegister (JmxRegister.java:unregister(73)) - Successfully un-registered JMX Bean with object name Ratis:service=RaftServer,group=group-B66F265A3155,id=3336e988-a1cc-4f09-b2d1-22a9863ee945
2022-06-19 13:05:26,974 [a1a795c4-f5a2-46b7-b5e4-aef7f82751b2@group-B66F265A3155-StateMachineUpdater] INFO  impl.StateMachineUpdater (StateMachineUpdater.java:lambda$new$0(92)) - a1a795c4-f5a2-46b7-b5e4-aef7f82751b2@group-B66F265A3155-StateMachineUpdater: snapshotIndex: updateIncreasingly -1 -> 0
2022-06-19 13:05:26,974 [Listener at 127.0.0.1/33959] INFO  impl.RoleInfo (RoleInfo.java:shutdownFollowerState(110)) - 3336e988-a1cc-4f09-b2d1-22a9863ee945: shutdown 3336e988-a1cc-4f09-b2d1-22a9863ee945@group-B66F265A3155-FollowerState
2022-06-19 13:05:26,974 [Listener at 127.0.0.1/33959] INFO  impl.StateMachineUpdater (StateMachineUpdater.java:stopAndJoin(153)) - 3336e988-a1cc-4f09-b2d1-22a9863ee945@group-B66F265A3155-StateMachineUpdater: set stopIndex = 0
2022-06-19 13:05:26,974 [3336e988-a1cc-4f09-b2d1-22a9863ee945@group-B66F265A3155-FollowerState] INFO  impl.FollowerState (FollowerState.java:run(152)) - 3336e988-a1cc-4f09-b2d1-22a9863ee945@group-B66F265A3155-FollowerState was interrupted
2022-06-19 13:05:26,974 [ForkJoinPool.commonPool-worker-1] INFO  server.RaftServer$Division (ServerState.java:close(429)) - a1a795c4-f5a2-46b7-b5e4-aef7f82751b2@group-B66F265A3155: closes. applyIndex: 0
2022-06-19 13:05:26,974 [a1a795c4-f5a2-46b7-b5e4-aef7f82751b2@group-B66F265A3155-SegmentedRaftLogWorker] INFO  segmented.SegmentedRaftLogWorker (SegmentedRaftLogWorker.java:run(336)) - a1a795c4-f5a2-46b7-b5e4-aef7f82751b2@group-B66F265A3155-SegmentedRaftLogWorker was interrupted, exiting. There are 0 tasks remaining in the queue.
2022-06-19 13:05:26,976 [ForkJoinPool.commonPool-worker-1] INFO  segmented.SegmentedRaftLogWorker (SegmentedRaftLogWorker.java:close(246)) - a1a795c4-f5a2-46b7-b5e4-aef7f82751b2@group-B66F265A3155-SegmentedRaftLogWorker close()
2022-06-19 13:05:26,976 [3336e988-a1cc-4f09-b2d1-22a9863ee945@group-B66F265A3155-StateMachineUpdater] INFO  ratis.ContainerStateMachine (ContainerStateMachine.java:takeSnapshot(304)) - group-B66F265A3155: Taking a snapshot at:(t:6, i:0) file /home/runner/work/ozone/ozone/hadoop-ozone/integration-test/target/test-dir/MiniOzoneClusterImpl-9f34b74b-d5f0-454e-a8cb-06b69a9d8d3b/datanode-2/data/ratis/df729f6f-e340-4004-8212-b66f265a3155/sm/snapshot.6_0
2022-06-19 13:05:26,978 [3336e988-a1cc-4f09-b2d1-22a9863ee945@group-B66F265A3155-StateMachineUpdater] INFO  ratis.ContainerStateMachine (ContainerStateMachine.java:takeSnapshot(315)) - group-B66F265A3155: Finished taking a snapshot at:(t:6, i:0) file:/home/runner/work/ozone/ozone/hadoop-ozone/integration-test/target/test-dir/MiniOzoneClusterImpl-9f34b74b-d5f0-454e-a8cb-06b69a9d8d3b/datanode-2/data/ratis/df729f6f-e340-4004-8212-b66f265a3155/sm/snapshot.6_0 took: 1 ms
2022-06-19 13:05:26,978 [3336e988-a1cc-4f09-b2d1-22a9863ee945@group-B66F265A3155-StateMachineUpdater] INFO  impl.StateMachineUpdater (StateMachineUpdater.java:takeSnapshot(287)) - 3336e988-a1cc-4f09-b2d1-22a9863ee945@group-B66F265A3155-StateMachineUpdater: Took a snapshot at index 0
2022-06-19 13:05:26,978 [3336e988-a1cc-4f09-b2d1-22a9863ee945@group-B66F265A3155-StateMachineUpdater] INFO  impl.StateMachineUpdater (StateMachineUpdater.java:lambda$new$0(92)) - 3336e988-a1cc-4f09-b2d1-22a9863ee945@group-B66F265A3155-StateMachineUpdater: snapshotIndex: updateIncreasingly -1 -> 0
2022-06-19 13:05:26,978 [Listener at 127.0.0.1/33959] INFO  server.RaftServer$Division (ServerState.java:close(429)) - 3336e988-a1cc-4f09-b2d1-22a9863ee945@group-B66F265A3155: closes. applyIndex: 0
2022-06-19 13:05:26,978 [ForkJoinPool.commonPool-worker-1] INFO  server.RaftServer$Division (RaftServerImpl.java:lambda$close$4(434)) - a1a795c4-f5a2-46b7-b5e4-aef7f82751b2@group-247E35D136FD: shutdown
2022-06-19 13:05:26,978 [ForkJoinPool.commonPool-worker-1] INFO  util.JmxRegister (JmxRegister.java:unregister(73)) - Successfully un-registered JMX Bean with object name Ratis:service=RaftServer,group=group-247E35D136FD,id=a1a795c4-f5a2-46b7-b5e4-aef7f82751b2
2022-06-19 13:05:26,978 [ForkJoinPool.commonPool-worker-1] INFO  impl.RoleInfo (RoleInfo.java:shutdownLeaderState(93)) - a1a795c4-f5a2-46b7-b5e4-aef7f82751b2: shutdown a1a795c4-f5a2-46b7-b5e4-aef7f82751b2@group-247E35D136FD-LeaderStateImpl
2022-06-19 13:05:26,979 [ForkJoinPool.commonPool-worker-1] INFO  impl.PendingRequests (PendingRequests.java:sendNotLeaderResponses(282)) - a1a795c4-f5a2-46b7-b5e4-aef7f82751b2@group-247E35D136FD-PendingRequests: sendNotLeaderResponses
2022-06-19 13:05:26,979 [ForkJoinPool.commonPool-worker-1] INFO  impl.StateMachineUpdater (StateMachineUpdater.java:stopAndJoin(153)) - a1a795c4-f5a2-46b7-b5e4-aef7f82751b2@group-247E35D136FD-StateMachineUpdater: set stopIndex = 0
2022-06-19 13:05:26,979 [3336e988-a1cc-4f09-b2d1-22a9863ee945@group-B66F265A3155-SegmentedRaftLogWorker] INFO  segmented.SegmentedRaftLogWorker (SegmentedRaftLogWorker.java:run(336)) - 3336e988-a1cc-4f09-b2d1-22a9863ee945@group-B66F265A3155-SegmentedRaftLogWorker was interrupted, exiting. There are 0 tasks remaining in the queue.
2022-06-19 13:05:26,981 [a1a795c4-f5a2-46b7-b5e4-aef7f82751b2@group-247E35D136FD-StateMachineUpdater] INFO  ratis.ContainerStateMachine (ContainerStateMachine.java:takeSnapshot(304)) - group-247E35D136FD: Taking a snapshot at:(t:1, i:0) file /home/runner/work/ozone/ozone/hadoop-ozone/integration-test/target/test-dir/MiniOzoneClusterImpl-9f34b74b-d5f0-454e-a8cb-06b69a9d8d3b/datanode-1/data/ratis/68a11c86-8872-4edf-8917-247e35d136fd/sm/snapshot.1_0
2022-06-19 13:05:26,982 [Listener at 127.0.0.1/33959] INFO  segmented.SegmentedRaftLogWorker (SegmentedRaftLogWorker.java:close(246)) - 3336e988-a1cc-4f09-b2d1-22a9863ee945@group-B66F265A3155-SegmentedRaftLogWorker close()
2022-06-19 13:05:26,982 [a1a795c4-f5a2-46b7-b5e4-aef7f82751b2@group-247E35D136FD-StateMachineUpdater] INFO  ratis.ContainerStateMachine (ContainerStateMachine.java:takeSnapshot(315)) - group-247E35D136FD: Finished taking a snapshot at:(t:1, i:0) file:/home/runner/work/ozone/ozone/hadoop-ozone/integration-test/target/test-dir/MiniOzoneClusterImpl-9f34b74b-d5f0-454e-a8cb-06b69a9d8d3b/datanode-1/data/ratis/68a11c86-8872-4edf-8917-247e35d136fd/sm/snapshot.1_0 took: 1 ms
2022-06-19 13:05:26,983 [a1a795c4-f5a2-46b7-b5e4-aef7f82751b2@group-247E35D136FD-StateMachineUpdater] INFO  impl.StateMachineUpdater (StateMachineUpdater.java:takeSnapshot(287)) - a1a795c4-f5a2-46b7-b5e4-aef7f82751b2@group-247E35D136FD-StateMachineUpdater: Took a snapshot at index 0
2022-06-19 13:05:26,983 [a1a795c4-f5a2-46b7-b5e4-aef7f82751b2@group-247E35D136FD-StateMachineUpdater] INFO  impl.StateMachineUpdater (StateMachineUpdater.java:lambda$new$0(92)) - a1a795c4-f5a2-46b7-b5e4-aef7f82751b2@group-247E35D136FD-StateMachineUpdater: snapshotIndex: updateIncreasingly -1 -> 0
2022-06-19 13:05:26,983 [ForkJoinPool.commonPool-worker-1] INFO  server.RaftServer$Division (ServerState.java:close(429)) - a1a795c4-f5a2-46b7-b5e4-aef7f82751b2@group-247E35D136FD: closes. applyIndex: 0
2022-06-19 13:05:26,984 [Listener at 127.0.0.1/33959] INFO  server.GrpcService (GrpcService.java:closeImpl(269)) - 3336e988-a1cc-4f09-b2d1-22a9863ee945: shutdown server with port 37777 now
2022-06-19 13:05:26,984 [a1a795c4-f5a2-46b7-b5e4-aef7f82751b2@group-247E35D136FD-SegmentedRaftLogWorker] INFO  segmented.SegmentedRaftLogWorker (SegmentedRaftLogWorker.java:run(336)) - a1a795c4-f5a2-46b7-b5e4-aef7f82751b2@group-247E35D136FD-SegmentedRaftLogWorker was interrupted, exiting. There are 0 tasks remaining in the queue.
2022-06-19 13:05:26,985 [ForkJoinPool.commonPool-worker-1] INFO  segmented.SegmentedRaftLogWorker (SegmentedRaftLogWorker.java:close(246)) - a1a795c4-f5a2-46b7-b5e4-aef7f82751b2@group-247E35D136FD-SegmentedRaftLogWorker close()
2022-06-19 13:05:26,994 [grpc-default-executor-1] WARN  server.GrpcClientProtocolService (LogUtils.java:warn(122)) - 1-UnorderedRequestStreamObserver1: onError: org.apache.ratis.thirdparty.io.grpc.StatusRuntimeException: CANCELLED: client cancelled
2022-06-19 13:05:26,997 [ForkJoinPool.commonPool-worker-1] INFO  server.GrpcService (GrpcService.java:closeImpl(269)) - a1a795c4-f5a2-46b7-b5e4-aef7f82751b2: shutdown server with port 34871 now
2022-06-19 13:05:27,009 [Listener at 127.0.0.1/33959] INFO  server.GrpcService (GrpcService.java:closeImpl(278)) - 3336e988-a1cc-4f09-b2d1-22a9863ee945: shutdown server with port 37777 successfully
2022-06-19 13:05:27,010 [org.apache.ratis.util.JvmPauseMonitor$$Lambda$627/819749933@498cc8e6] INFO  util.JvmPauseMonitor (JvmPauseMonitor.java:run(109)) - JvmPauseMonitor-3336e988-a1cc-4f09-b2d1-22a9863ee945: Stopped
2022-06-19 13:05:27,018 [ForkJoinPool.commonPool-worker-1] INFO  server.GrpcService (GrpcService.java:closeImpl(278)) - a1a795c4-f5a2-46b7-b5e4-aef7f82751b2: shutdown server with port 34871 successfully
2022-06-19 13:05:27,019 [org.apache.ratis.util.JvmPauseMonitor$$Lambda$627/819749933@5f204778] INFO  util.JvmPauseMonitor (JvmPauseMonitor.java:run(109)) - JvmPauseMonitor-a1a795c4-f5a2-46b7-b5e4-aef7f82751b2: Stopped
2022-06-19 13:05:29,028 [Listener at 127.0.0.1/33959] INFO  utils.BackgroundService (BackgroundService.java:shutdown(132)) - Shutting down service BlockDeletingService
2022-06-19 13:05:29,031 [ForkJoinPool.commonPool-worker-1] INFO  utils.BackgroundService (BackgroundService.java:shutdown(132)) - Shutting down service BlockDeletingService
2022-06-19 13:05:32,033 [Listener at 127.0.0.1/33959] INFO  statemachine.DatanodeStateMachine (DatanodeStateMachine.java:stopDaemon(580)) - Ozone container server stopped.
2022-06-19 13:05:32,042 [ForkJoinPool.commonPool-worker-1] INFO  statemachine.DatanodeStateMachine (DatanodeStateMachine.java:stopDaemon(580)) - Ozone container server stopped.
2022-06-19 13:05:32,051 [Listener at 127.0.0.1/33959] INFO  handler.ContextHandler (ContextHandler.java:doStop(1153)) - Stopped o.e.j.w.WebAppContext@6c60c170{hddsDatanode,/,null,STOPPED}{jar:file:/home/runner/.m2/repository/org/apache/ozone/hdds-container-service/1.3.0-SNAPSHOT/hdds-container-service-1.3.0-SNAPSHOT.jar!/webapps/hddsDatanode}
2022-06-19 13:05:32,054 [ForkJoinPool.commonPool-worker-1] INFO  handler.ContextHandler (ContextHandler.java:doStop(1153)) - Stopped o.e.j.w.WebAppContext@93a5c6c{hddsDatanode,/,null,STOPPED}{jar:file:/home/runner/.m2/repository/org/apache/ozone/hdds-container-service/1.3.0-SNAPSHOT/hdds-container-service-1.3.0-SNAPSHOT.jar!/webapps/hddsDatanode}
2022-06-19 13:05:32,054 [Listener at 127.0.0.1/33959] INFO  server.AbstractConnector (AbstractConnector.java:doStop(381)) - Stopped ServerConnector@6e92e40a{HTTP/1.1, (http/1.1)}{0.0.0.0:0}
2022-06-19 13:05:32,055 [Listener at 127.0.0.1/33959] INFO  server.session (HouseKeeper.java:stopScavenging(149)) - node0 Stopped scavenging
2022-06-19 13:05:32,056 [Listener at 127.0.0.1/33959] INFO  handler.ContextHandler (ContextHandler.java:doStop(1153)) - Stopped o.e.j.s.ServletContextHandler@440bf250{static,/static,jar:file:/home/runner/.m2/repository/org/apache/ozone/hdds-container-service/1.3.0-SNAPSHOT/hdds-container-service-1.3.0-SNAPSHOT.jar!/webapps/static,STOPPED}
2022-06-19 13:05:32,056 [Listener at 127.0.0.1/33959] INFO  handler.ContextHandler (ContextHandler.java:doStop(1153)) - Stopped o.e.j.s.ServletContextHandler@6ae0e411{logs,/logs,file:///home/runner/work/ozone/ozone/hadoop-ozone/integration-test/target/log,STOPPED}
2022-06-19 13:05:32,057 [ForkJoinPool.commonPool-worker-1] INFO  server.AbstractConnector (AbstractConnector.java:doStop(381)) - Stopped ServerConnector@1adee1a1{HTTP/1.1, (http/1.1)}{0.0.0.0:0}
2022-06-19 13:05:32,057 [ForkJoinPool.commonPool-worker-1] INFO  server.session (HouseKeeper.java:stopScavenging(149)) - node0 Stopped scavenging
2022-06-19 13:05:32,058 [ForkJoinPool.commonPool-worker-1] INFO  handler.ContextHandler (ContextHandler.java:doStop(1153)) - Stopped o.e.j.s.ServletContextHandler@377a84d6{static,/static,jar:file:/home/runner/.m2/repository/org/apache/ozone/hdds-container-service/1.3.0-SNAPSHOT/hdds-container-service-1.3.0-SNAPSHOT.jar!/webapps/static,STOPPED}
2022-06-19 13:05:32,062 [ForkJoinPool.commonPool-worker-1] INFO  handler.ContextHandler (ContextHandler.java:doStop(1153)) - Stopped o.e.j.s.ServletContextHandler@67cc6ef9{logs,/logs,file:///home/runner/work/ozone/ozone/hadoop-ozone/integration-test/target/log,STOPPED}
2022-06-19 13:05:35,778 [d57ef6cc-857b-4c4f-ab3c-49c4eddebbaf@group-B66F265A3155-FollowerState] INFO  impl.FollowerState (FollowerState.java:run(143)) - d57ef6cc-857b-4c4f-ab3c-49c4eddebbaf@group-B66F265A3155-FollowerState: change to CANDIDATE, lastRpcElapsedTime:10182726630ns, electionTimeout:5127ms
2022-06-19 13:05:35,778 [d57ef6cc-857b-4c4f-ab3c-49c4eddebbaf@group-B66F265A3155-FollowerState] INFO  impl.RoleInfo (RoleInfo.java:shutdownFollowerState(110)) - d57ef6cc-857b-4c4f-ab3c-49c4eddebbaf: shutdown d57ef6cc-857b-4c4f-ab3c-49c4eddebbaf@group-B66F265A3155-FollowerState
2022-06-19 13:05:35,778 [d57ef6cc-857b-4c4f-ab3c-49c4eddebbaf@group-B66F265A3155-FollowerState] INFO  server.RaftServer$Division (RaftServerImpl.java:setRole(299)) - d57ef6cc-857b-4c4f-ab3c-49c4eddebbaf@group-B66F265A3155: changes role from  FOLLOWER to CANDIDATE at term 6 for changeToCandidate
2022-06-19 13:05:35,779 [d57ef6cc-857b-4c4f-ab3c-49c4eddebbaf@group-B66F265A3155-FollowerState] INFO  server.RaftServerConfigKeys (ConfUtils.java:logGet(46)) - raft.server.leaderelection.pre-vote = false (custom)
2022-06-19 13:05:35,779 [d57ef6cc-857b-4c4f-ab3c-49c4eddebbaf@group-B66F265A3155-FollowerState] INFO  impl.RoleInfo (RoleInfo.java:updateAndGet(139)) - d57ef6cc-857b-4c4f-ab3c-49c4eddebbaf: start d57ef6cc-857b-4c4f-ab3c-49c4eddebbaf@group-B66F265A3155-LeaderElection18
2022-06-19 13:05:35,788 [d57ef6cc-857b-4c4f-ab3c-49c4eddebbaf@group-B66F265A3155-LeaderElection18] INFO  server.RaftServer$Division (ServerState.java:setLeader(287)) - d57ef6cc-857b-4c4f-ab3c-49c4eddebbaf@group-B66F265A3155: change Leader from a1a795c4-f5a2-46b7-b5e4-aef7f82751b2 to null at term 6 for ELECTION
2022-06-19 13:05:35,793 [d57ef6cc-857b-4c4f-ab3c-49c4eddebbaf@group-B66F265A3155-LeaderElection18] INFO  impl.LeaderElection (LeaderElection.java:askForVotes(310)) - d57ef6cc-857b-4c4f-ab3c-49c4eddebbaf@group-B66F265A3155-LeaderElection18 ELECTION round 0: submit vote requests at term 7 for 0: [d57ef6cc-857b-4c4f-ab3c-49c4eddebbaf|rpc:10.1.0.4:38535|dataStream:|priority:0, 3336e988-a1cc-4f09-b2d1-22a9863ee945|rpc:10.1.0.4:37777|dataStream:|priority:0, a1a795c4-f5a2-46b7-b5e4-aef7f82751b2|rpc:10.1.0.4:34871|dataStream:|priority:1], old=null
2022-06-19 13:05:35,836 [d57ef6cc-857b-4c4f-ab3c-49c4eddebbaf@group-B66F265A3155-LeaderElection18] INFO  impl.LeaderElection (LogUtils.java:infoOrTrace(137)) - d57ef6cc-857b-4c4f-ab3c-49c4eddebbaf@group-B66F265A3155-LeaderElection18 got exception when requesting votes: java.util.concurrent.ExecutionException: org.apache.ratis.thirdparty.io.grpc.StatusRuntimeException: UNAVAILABLE: io exception
2022-06-19 13:05:35,852 [d57ef6cc-857b-4c4f-ab3c-49c4eddebbaf@group-B66F265A3155-LeaderElection18] INFO  impl.LeaderElection (LogUtils.java:infoOrTrace(137)) - d57ef6cc-857b-4c4f-ab3c-49c4eddebbaf@group-B66F265A3155-LeaderElection18 got exception when requesting votes: java.util.concurrent.ExecutionException: org.apache.ratis.thirdparty.io.grpc.StatusRuntimeException: UNAVAILABLE: io exception
2022-06-19 13:05:35,853 [d57ef6cc-857b-4c4f-ab3c-49c4eddebbaf@group-B66F265A3155-LeaderElection18] INFO  impl.LeaderElection (LeaderElection.java:logAndReturn(90)) - d57ef6cc-857b-4c4f-ab3c-49c4eddebbaf@group-B66F265A3155-LeaderElection18: ELECTION REJECTED received 0 response(s) and 2 exception(s):
2022-06-19 13:05:35,853 [d57ef6cc-857b-4c4f-ab3c-49c4eddebbaf@group-B66F265A3155-LeaderElection18] INFO  impl.LeaderElection (LogUtils.java:infoOrTrace(137)) -   Exception 0: java.util.concurrent.ExecutionException: org.apache.ratis.thirdparty.io.grpc.StatusRuntimeException: UNAVAILABLE: io exception
2022-06-19 13:05:35,853 [d57ef6cc-857b-4c4f-ab3c-49c4eddebbaf@group-B66F265A3155-LeaderElection18] INFO  impl.LeaderElection (LogUtils.java:infoOrTrace(137)) -   Exception 1: java.util.concurrent.ExecutionException: org.apache.ratis.thirdparty.io.grpc.StatusRuntimeException: UNAVAILABLE: io exception
2022-06-19 13:05:35,853 [d57ef6cc-857b-4c4f-ab3c-49c4eddebbaf@group-B66F265A3155-LeaderElection18] INFO  impl.LeaderElection (LeaderElection.java:askForVotes(312)) - d57ef6cc-857b-4c4f-ab3c-49c4eddebbaf@group-B66F265A3155-LeaderElection18 ELECTION round 0: result REJECTED
2022-06-19 13:05:35,853 [d57ef6cc-857b-4c4f-ab3c-49c4eddebbaf@group-B66F265A3155-LeaderElection18] INFO  server.RaftServer$Division (RaftServerImpl.java:setRole(299)) - d57ef6cc-857b-4c4f-ab3c-49c4eddebbaf@group-B66F265A3155: changes role from CANDIDATE to FOLLOWER at term 7 for REJECTED
2022-06-19 13:05:35,853 [d57ef6cc-857b-4c4f-ab3c-49c4eddebbaf@group-B66F265A3155-LeaderElection18] INFO  impl.RoleInfo (RoleInfo.java:shutdownLeaderElection(130)) - d57ef6cc-857b-4c4f-ab3c-49c4eddebbaf: shutdown d57ef6cc-857b-4c4f-ab3c-49c4eddebbaf@group-B66F265A3155-LeaderElection18
2022-06-19 13:05:35,853 [d57ef6cc-857b-4c4f-ab3c-49c4eddebbaf@group-B66F265A3155-LeaderElection18] INFO  impl.RoleInfo (RoleInfo.java:updateAndGet(139)) - d57ef6cc-857b-4c4f-ab3c-49c4eddebbaf: start d57ef6cc-857b-4c4f-ab3c-49c4eddebbaf@group-B66F265A3155-FollowerState
2022-06-19 13:05:36,023 [d57ef6cc-857b-4c4f-ab3c-49c4eddebbaf@group-83B20A47FECA-FollowerState] INFO  impl.FollowerState (FollowerState.java:run(143)) - d57ef6cc-857b-4c4f-ab3c-49c4eddebbaf@group-83B20A47FECA-FollowerState: change to CANDIDATE, lastRpcElapsedTime:9231757970ns, electionTimeout:5019ms
2022-06-19 13:05:36,023 [d57ef6cc-857b-4c4f-ab3c-49c4eddebbaf@group-83B20A47FECA-FollowerState] INFO  impl.RoleInfo (RoleInfo.java:shutdownFollowerState(110)) - d57ef6cc-857b-4c4f-ab3c-49c4eddebbaf: shutdown d57ef6cc-857b-4c4f-ab3c-49c4eddebbaf@group-83B20A47FECA-FollowerState
2022-06-19 13:05:36,023 [d57ef6cc-857b-4c4f-ab3c-49c4eddebbaf@group-83B20A47FECA-FollowerState] INFO  server.RaftServer$Division (RaftServerImpl.java:setRole(299)) - d57ef6cc-857b-4c4f-ab3c-49c4eddebbaf@group-83B20A47FECA: changes role from  FOLLOWER to CANDIDATE at term 1 for changeToCandidate
2022-06-19 13:05:36,023 [d57ef6cc-857b-4c4f-ab3c-49c4eddebbaf@group-83B20A47FECA-FollowerState] INFO  server.RaftServerConfigKeys (ConfUtils.java:logGet(46)) - raft.server.leaderelection.pre-vote = false (custom)
2022-06-19 13:05:36,023 [d57ef6cc-857b-4c4f-ab3c-49c4eddebbaf@group-83B20A47FECA-FollowerState] INFO  impl.RoleInfo (RoleInfo.java:updateAndGet(139)) - d57ef6cc-857b-4c4f-ab3c-49c4eddebbaf: start d57ef6cc-857b-4c4f-ab3c-49c4eddebbaf@group-83B20A47FECA-LeaderElection19
2022-06-19 13:05:36,033 [d57ef6cc-857b-4c4f-ab3c-49c4eddebbaf@group-83B20A47FECA-LeaderElection19] INFO  server.RaftServer$Division (ServerState.java:setLeader(287)) - d57ef6cc-857b-4c4f-ab3c-49c4eddebbaf@group-83B20A47FECA: change Leader from 3336e988-a1cc-4f09-b2d1-22a9863ee945 to null at term 1 for ELECTION
2022-06-19 13:05:36,035 [d57ef6cc-857b-4c4f-ab3c-49c4eddebbaf@group-83B20A47FECA-LeaderElection19] INFO  impl.LeaderElection (LeaderElection.java:askForVotes(310)) - d57ef6cc-857b-4c4f-ab3c-49c4eddebbaf@group-83B20A47FECA-LeaderElection19 ELECTION round 0: submit vote requests at term 2 for 0: [d57ef6cc-857b-4c4f-ab3c-49c4eddebbaf|rpc:10.1.0.4:38535|dataStream:|priority:0, 3336e988-a1cc-4f09-b2d1-22a9863ee945|rpc:10.1.0.4:37777|dataStream:|priority:1, a1a795c4-f5a2-46b7-b5e4-aef7f82751b2|rpc:10.1.0.4:34871|dataStream:|priority:0], old=null
2022-06-19 13:05:36,053 [d57ef6cc-857b-4c4f-ab3c-49c4eddebbaf@group-83B20A47FECA-LeaderElection19] INFO  impl.LeaderElection (LogUtils.java:infoOrTrace(137)) - d57ef6cc-857b-4c4f-ab3c-49c4eddebbaf@group-83B20A47FECA-LeaderElection19 got exception when requesting votes: java.util.concurrent.ExecutionException: org.apache.ratis.thirdparty.io.grpc.StatusRuntimeException: UNAVAILABLE: io exception
2022-06-19 13:05:36,055 [d57ef6cc-857b-4c4f-ab3c-49c4eddebbaf@group-83B20A47FECA-LeaderElection19] INFO  impl.LeaderElection (LogUtils.java:infoOrTrace(137)) - d57ef6cc-857b-4c4f-ab3c-49c4eddebbaf@group-83B20A47FECA-LeaderElection19 got exception when requesting votes: java.util.concurrent.ExecutionException: org.apache.ratis.thirdparty.io.grpc.StatusRuntimeException: UNAVAILABLE: io exception
2022-06-19 13:05:36,055 [d57ef6cc-857b-4c4f-ab3c-49c4eddebbaf@group-83B20A47FECA-LeaderElection19] INFO  impl.LeaderElection (LeaderElection.java:logAndReturn(90)) - d57ef6cc-857b-4c4f-ab3c-49c4eddebbaf@group-83B20A47FECA-LeaderElection19: ELECTION REJECTED received 0 response(s) and 2 exception(s):
2022-06-19 13:05:36,055 [d57ef6cc-857b-4c4f-ab3c-49c4eddebbaf@group-83B20A47FECA-LeaderElection19] INFO  impl.LeaderElection (LogUtils.java:infoOrTrace(137)) -   Exception 0: java.util.concurrent.ExecutionException: org.apache.ratis.thirdparty.io.grpc.StatusRuntimeException: UNAVAILABLE: io exception
2022-06-19 13:05:36,055 [d57ef6cc-857b-4c4f-ab3c-49c4eddebbaf@group-83B20A47FECA-LeaderElection19] INFO  impl.LeaderElection (LogUtils.java:infoOrTrace(137)) -   Exception 1: java.util.concurrent.ExecutionException: org.apache.ratis.thirdparty.io.grpc.StatusRuntimeException: UNAVAILABLE: io exception
2022-06-19 13:05:36,055 [d57ef6cc-857b-4c4f-ab3c-49c4eddebbaf@group-83B20A47FECA-LeaderElection19] INFO  impl.LeaderElection (LeaderElection.java:askForVotes(312)) - d57ef6cc-857b-4c4f-ab3c-49c4eddebbaf@group-83B20A47FECA-LeaderElection19 ELECTION round 0: result REJECTED
2022-06-19 13:05:36,055 [d57ef6cc-857b-4c4f-ab3c-49c4eddebbaf@group-83B20A47FECA-LeaderElection19] INFO  server.RaftServer$Division (RaftServerImpl.java:setRole(299)) - d57ef6cc-857b-4c4f-ab3c-49c4eddebbaf@group-83B20A47FECA: changes role from CANDIDATE to FOLLOWER at term 2 for REJECTED
2022-06-19 13:05:36,055 [d57ef6cc-857b-4c4f-ab3c-49c4eddebbaf@group-83B20A47FECA-LeaderElection19] INFO  impl.RoleInfo (RoleInfo.java:shutdownLeaderElection(130)) - d57ef6cc-857b-4c4f-ab3c-49c4eddebbaf: shutdown d57ef6cc-857b-4c4f-ab3c-49c4eddebbaf@group-83B20A47FECA-LeaderElection19
2022-06-19 13:05:36,055 [d57ef6cc-857b-4c4f-ab3c-49c4eddebbaf@group-83B20A47FECA-LeaderElection19] INFO  impl.RoleInfo (RoleInfo.java:updateAndGet(139)) - d57ef6cc-857b-4c4f-ab3c-49c4eddebbaf: start d57ef6cc-857b-4c4f-ab3c-49c4eddebbaf@group-83B20A47FECA-FollowerState
2022-06-19 13:05:37,064 [Listener at 127.0.0.1/33959] INFO  ozoneimpl.OzoneContainer (OzoneContainer.java:stop(365)) - Attempting to stop container services.
2022-06-19 13:05:37,065 [ForkJoinPool.commonPool-worker-1] INFO  ozoneimpl.OzoneContainer (OzoneContainer.java:stop(365)) - Attempting to stop container services.
2022-06-19 13:05:37,065 [Listener at 127.0.0.1/33959] INFO  server.RaftServer (RaftServerProxy.java:lambda$close$7(398)) - 32ed00d5-15dd-4dbd-8016-698f8e5f4c3f: close
2022-06-19 13:05:37,066 [Listener at 127.0.0.1/33959] INFO  server.RaftServer$Division (RaftServerImpl.java:lambda$close$4(434)) - 32ed00d5-15dd-4dbd-8016-698f8e5f4c3f@group-DF33EDCB4AD7: shutdown
2022-06-19 13:05:37,066 [Listener at 127.0.0.1/33959] INFO  util.JmxRegister (JmxRegister.java:unregister(73)) - Successfully un-registered JMX Bean with object name Ratis:service=RaftServer,group=group-DF33EDCB4AD7,id=32ed00d5-15dd-4dbd-8016-698f8e5f4c3f
2022-06-19 13:05:37,066 [Listener at 127.0.0.1/33959] INFO  impl.RoleInfo (RoleInfo.java:shutdownLeaderState(93)) - 32ed00d5-15dd-4dbd-8016-698f8e5f4c3f: shutdown 32ed00d5-15dd-4dbd-8016-698f8e5f4c3f@group-DF33EDCB4AD7-LeaderStateImpl
2022-06-19 13:05:37,066 [Listener at 127.0.0.1/33959] INFO  impl.PendingRequests (PendingRequests.java:sendNotLeaderResponses(282)) - 32ed00d5-15dd-4dbd-8016-698f8e5f4c3f@group-DF33EDCB4AD7-PendingRequests: sendNotLeaderResponses
2022-06-19 13:05:37,067 [Listener at 127.0.0.1/33959] INFO  impl.StateMachineUpdater (StateMachineUpdater.java:stopAndJoin(153)) - 32ed00d5-15dd-4dbd-8016-698f8e5f4c3f@group-DF33EDCB4AD7-StateMachineUpdater: set stopIndex = 0
2022-06-19 13:05:37,067 [ForkJoinPool.commonPool-worker-1] INFO  server.RaftServer (RaftServerProxy.java:lambda$close$7(398)) - d57ef6cc-857b-4c4f-ab3c-49c4eddebbaf: close
2022-06-19 13:05:37,067 [ForkJoinPool.commonPool-worker-1] INFO  server.RaftServer$Division (RaftServerImpl.java:lambda$close$4(434)) - d57ef6cc-857b-4c4f-ab3c-49c4eddebbaf@group-83B20A47FECA: shutdown
2022-06-19 13:05:37,067 [ForkJoinPool.commonPool-worker-1] INFO  util.JmxRegister (JmxRegister.java:unregister(73)) - Successfully un-registered JMX Bean with object name Ratis:service=RaftServer,group=group-83B20A47FECA,id=d57ef6cc-857b-4c4f-ab3c-49c4eddebbaf
2022-06-19 13:05:37,067 [32ed00d5-15dd-4dbd-8016-698f8e5f4c3f@group-DF33EDCB4AD7-StateMachineUpdater] INFO  ratis.ContainerStateMachine (ContainerStateMachine.java:takeSnapshot(304)) - group-DF33EDCB4AD7: Taking a snapshot at:(t:1, i:0) file /home/runner/work/ozone/ozone/hadoop-ozone/integration-test/target/test-dir/MiniOzoneClusterImpl-9f34b74b-d5f0-454e-a8cb-06b69a9d8d3b/datanode-4/data/ratis/148ff1a8-f3e6-4d57-bda2-df33edcb4ad7/sm/snapshot.1_0
2022-06-19 13:05:37,068 [32ed00d5-15dd-4dbd-8016-698f8e5f4c3f@group-DF33EDCB4AD7-StateMachineUpdater] INFO  ratis.ContainerStateMachine (ContainerStateMachine.java:takeSnapshot(315)) - group-DF33EDCB4AD7: Finished taking a snapshot at:(t:1, i:0) file:/home/runner/work/ozone/ozone/hadoop-ozone/integration-test/target/test-dir/MiniOzoneClusterImpl-9f34b74b-d5f0-454e-a8cb-06b69a9d8d3b/datanode-4/data/ratis/148ff1a8-f3e6-4d57-bda2-df33edcb4ad7/sm/snapshot.1_0 took: 1 ms
2022-06-19 13:05:37,068 [32ed00d5-15dd-4dbd-8016-698f8e5f4c3f@group-DF33EDCB4AD7-StateMachineUpdater] INFO  impl.StateMachineUpdater (StateMachineUpdater.java:takeSnapshot(287)) - 32ed00d5-15dd-4dbd-8016-698f8e5f4c3f@group-DF33EDCB4AD7-StateMachineUpdater: Took a snapshot at index 0
2022-06-19 13:05:37,068 [32ed00d5-15dd-4dbd-8016-698f8e5f4c3f@group-DF33EDCB4AD7-StateMachineUpdater] INFO  impl.StateMachineUpdater (StateMachineUpdater.java:lambda$new$0(92)) - 32ed00d5-15dd-4dbd-8016-698f8e5f4c3f@group-DF33EDCB4AD7-StateMachineUpdater: snapshotIndex: updateIncreasingly -1 -> 0
2022-06-19 13:05:37,069 [Listener at 127.0.0.1/33959] INFO  server.RaftServer$Division (ServerState.java:close(429)) - 32ed00d5-15dd-4dbd-8016-698f8e5f4c3f@group-DF33EDCB4AD7: closes. applyIndex: 0
2022-06-19 13:05:37,070 [32ed00d5-15dd-4dbd-8016-698f8e5f4c3f@group-DF33EDCB4AD7-SegmentedRaftLogWorker] INFO  segmented.SegmentedRaftLogWorker (SegmentedRaftLogWorker.java:run(336)) - 32ed00d5-15dd-4dbd-8016-698f8e5f4c3f@group-DF33EDCB4AD7-SegmentedRaftLogWorker was interrupted, exiting. There are 0 tasks remaining in the queue.
2022-06-19 13:05:37,070 [Listener at 127.0.0.1/33959] INFO  segmented.SegmentedRaftLogWorker (SegmentedRaftLogWorker.java:close(246)) - 32ed00d5-15dd-4dbd-8016-698f8e5f4c3f@group-DF33EDCB4AD7-SegmentedRaftLogWorker close()
2022-06-19 13:05:37,067 [ForkJoinPool.commonPool-worker-1] INFO  impl.RoleInfo (RoleInfo.java:shutdownFollowerState(110)) - d57ef6cc-857b-4c4f-ab3c-49c4eddebbaf: shutdown d57ef6cc-857b-4c4f-ab3c-49c4eddebbaf@group-83B20A47FECA-FollowerState
2022-06-19 13:05:37,071 [Listener at 127.0.0.1/33959] INFO  server.GrpcService (GrpcService.java:closeImpl(269)) - 32ed00d5-15dd-4dbd-8016-698f8e5f4c3f: shutdown server with port 45569 now
2022-06-19 13:05:37,077 [d57ef6cc-857b-4c4f-ab3c-49c4eddebbaf@group-83B20A47FECA-StateMachineUpdater] INFO  ratis.ContainerStateMachine (ContainerStateMachine.java:takeSnapshot(304)) - group-83B20A47FECA: Taking a snapshot at:(t:1, i:30) file /home/runner/work/ozone/ozone/hadoop-ozone/integration-test/target/test-dir/MiniOzoneClusterImpl-9f34b74b-d5f0-454e-a8cb-06b69a9d8d3b/datanode-0/data/ratis/734119a6-1274-4adc-a312-83b20a47feca/sm/snapshot.1_30
2022-06-19 13:05:37,078 [d57ef6cc-857b-4c4f-ab3c-49c4eddebbaf@group-83B20A47FECA-FollowerState] INFO  impl.FollowerState (FollowerState.java:run(152)) - d57ef6cc-857b-4c4f-ab3c-49c4eddebbaf@group-83B20A47FECA-FollowerState was interrupted
2022-06-19 13:05:37,077 [ForkJoinPool.commonPool-worker-1] INFO  impl.StateMachineUpdater (StateMachineUpdater.java:stopAndJoin(153)) - d57ef6cc-857b-4c4f-ab3c-49c4eddebbaf@group-83B20A47FECA-StateMachineUpdater: set stopIndex = 30
2022-06-19 13:05:37,079 [d57ef6cc-857b-4c4f-ab3c-49c4eddebbaf@group-83B20A47FECA-StateMachineUpdater] INFO  ratis.ContainerStateMachine (ContainerStateMachine.java:takeSnapshot(315)) - group-83B20A47FECA: Finished taking a snapshot at:(t:1, i:30) file:/home/runner/work/ozone/ozone/hadoop-ozone/integration-test/target/test-dir/MiniOzoneClusterImpl-9f34b74b-d5f0-454e-a8cb-06b69a9d8d3b/datanode-0/data/ratis/734119a6-1274-4adc-a312-83b20a47feca/sm/snapshot.1_30 took: 1 ms
2022-06-19 13:05:37,079 [Listener at 127.0.0.1/33959] INFO  server.GrpcService (GrpcService.java:closeImpl(278)) - 32ed00d5-15dd-4dbd-8016-698f8e5f4c3f: shutdown server with port 45569 successfully
2022-06-19 13:05:37,079 [d57ef6cc-857b-4c4f-ab3c-49c4eddebbaf@group-83B20A47FECA-StateMachineUpdater] INFO  impl.StateMachineUpdater (StateMachineUpdater.java:takeSnapshot(287)) - d57ef6cc-857b-4c4f-ab3c-49c4eddebbaf@group-83B20A47FECA-StateMachineUpdater: Took a snapshot at index 30
2022-06-19 13:05:37,079 [d57ef6cc-857b-4c4f-ab3c-49c4eddebbaf@group-83B20A47FECA-StateMachineUpdater] INFO  impl.StateMachineUpdater (StateMachineUpdater.java:lambda$new$0(92)) - d57ef6cc-857b-4c4f-ab3c-49c4eddebbaf@group-83B20A47FECA-StateMachineUpdater: snapshotIndex: updateIncreasingly -1 -> 30
2022-06-19 13:05:37,079 [org.apache.ratis.util.JvmPauseMonitor$$Lambda$627/819749933@7ee042d] INFO  util.JvmPauseMonitor (JvmPauseMonitor.java:run(109)) - JvmPauseMonitor-32ed00d5-15dd-4dbd-8016-698f8e5f4c3f: Stopped
2022-06-19 13:05:37,079 [ForkJoinPool.commonPool-worker-1] INFO  server.RaftServer$Division (ServerState.java:close(429)) - d57ef6cc-857b-4c4f-ab3c-49c4eddebbaf@group-83B20A47FECA: closes. applyIndex: 30
2022-06-19 13:05:37,080 [d57ef6cc-857b-4c4f-ab3c-49c4eddebbaf@group-83B20A47FECA-SegmentedRaftLogWorker] INFO  segmented.SegmentedRaftLogWorker (SegmentedRaftLogWorker.java:run(336)) - d57ef6cc-857b-4c4f-ab3c-49c4eddebbaf@group-83B20A47FECA-SegmentedRaftLogWorker was interrupted, exiting. There are 0 tasks remaining in the queue.
2022-06-19 13:05:37,080 [ForkJoinPool.commonPool-worker-1] INFO  segmented.SegmentedRaftLogWorker (SegmentedRaftLogWorker.java:close(246)) - d57ef6cc-857b-4c4f-ab3c-49c4eddebbaf@group-83B20A47FECA-SegmentedRaftLogWorker close()
2022-06-19 13:05:37,081 [ForkJoinPool.commonPool-worker-1] INFO  server.RaftServer$Division (RaftServerImpl.java:lambda$close$4(434)) - d57ef6cc-857b-4c4f-ab3c-49c4eddebbaf@group-6724C927785B: shutdown
2022-06-19 13:05:37,081 [ForkJoinPool.commonPool-worker-1] INFO  util.JmxRegister (JmxRegister.java:unregister(73)) - Successfully un-registered JMX Bean with object name Ratis:service=RaftServer,group=group-6724C927785B,id=d57ef6cc-857b-4c4f-ab3c-49c4eddebbaf
2022-06-19 13:05:37,081 [ForkJoinPool.commonPool-worker-1] INFO  impl.RoleInfo (RoleInfo.java:shutdownLeaderState(93)) - d57ef6cc-857b-4c4f-ab3c-49c4eddebbaf: shutdown d57ef6cc-857b-4c4f-ab3c-49c4eddebbaf@group-6724C927785B-LeaderStateImpl
2022-06-19 13:05:37,081 [ForkJoinPool.commonPool-worker-1] INFO  impl.PendingRequests (PendingRequests.java:sendNotLeaderResponses(282)) - d57ef6cc-857b-4c4f-ab3c-49c4eddebbaf@group-6724C927785B-PendingRequests: sendNotLeaderResponses
2022-06-19 13:05:37,082 [ForkJoinPool.commonPool-worker-1] INFO  impl.StateMachineUpdater (StateMachineUpdater.java:stopAndJoin(153)) - d57ef6cc-857b-4c4f-ab3c-49c4eddebbaf@group-6724C927785B-StateMachineUpdater: set stopIndex = 0
2022-06-19 13:05:37,083 [d57ef6cc-857b-4c4f-ab3c-49c4eddebbaf@group-6724C927785B-StateMachineUpdater] INFO  ratis.ContainerStateMachine (ContainerStateMachine.java:takeSnapshot(304)) - group-6724C927785B: Taking a snapshot at:(t:1, i:0) file /home/runner/work/ozone/ozone/hadoop-ozone/integration-test/target/test-dir/MiniOzoneClusterImpl-9f34b74b-d5f0-454e-a8cb-06b69a9d8d3b/datanode-0/data/ratis/7841a45e-4f39-4847-b490-6724c927785b/sm/snapshot.1_0
2022-06-19 13:05:37,083 [d57ef6cc-857b-4c4f-ab3c-49c4eddebbaf@group-6724C927785B-StateMachineUpdater] INFO  ratis.ContainerStateMachine (ContainerStateMachine.java:takeSnapshot(315)) - group-6724C927785B: Finished taking a snapshot at:(t:1, i:0) file:/home/runner/work/ozone/ozone/hadoop-ozone/integration-test/target/test-dir/MiniOzoneClusterImpl-9f34b74b-d5f0-454e-a8cb-06b69a9d8d3b/datanode-0/data/ratis/7841a45e-4f39-4847-b490-6724c927785b/sm/snapshot.1_0 took: 1 ms
2022-06-19 13:05:37,084 [d57ef6cc-857b-4c4f-ab3c-49c4eddebbaf@group-6724C927785B-StateMachineUpdater] INFO  impl.StateMachineUpdater (StateMachineUpdater.java:takeSnapshot(287)) - d57ef6cc-857b-4c4f-ab3c-49c4eddebbaf@group-6724C927785B-StateMachineUpdater: Took a snapshot at index 0
2022-06-19 13:05:37,084 [d57ef6cc-857b-4c4f-ab3c-49c4eddebbaf@group-6724C927785B-StateMachineUpdater] INFO  impl.StateMachineUpdater (StateMachineUpdater.java:lambda$new$0(92)) - d57ef6cc-857b-4c4f-ab3c-49c4eddebbaf@group-6724C927785B-StateMachineUpdater: snapshotIndex: updateIncreasingly -1 -> 0
2022-06-19 13:05:37,084 [ForkJoinPool.commonPool-worker-1] INFO  server.RaftServer$Division (ServerState.java:close(429)) - d57ef6cc-857b-4c4f-ab3c-49c4eddebbaf@group-6724C927785B: closes. applyIndex: 0
2022-06-19 13:05:37,084 [d57ef6cc-857b-4c4f-ab3c-49c4eddebbaf@group-6724C927785B-SegmentedRaftLogWorker] INFO  segmented.SegmentedRaftLogWorker (SegmentedRaftLogWorker.java:run(336)) - d57ef6cc-857b-4c4f-ab3c-49c4eddebbaf@group-6724C927785B-SegmentedRaftLogWorker was interrupted, exiting. There are 0 tasks remaining in the queue.
2022-06-19 13:05:37,084 [ForkJoinPool.commonPool-worker-1] INFO  segmented.SegmentedRaftLogWorker (SegmentedRaftLogWorker.java:close(246)) - d57ef6cc-857b-4c4f-ab3c-49c4eddebbaf@group-6724C927785B-SegmentedRaftLogWorker close()
2022-06-19 13:05:37,085 [ForkJoinPool.commonPool-worker-1] INFO  server.RaftServer$Division (RaftServerImpl.java:lambda$close$4(434)) - d57ef6cc-857b-4c4f-ab3c-49c4eddebbaf@group-B66F265A3155: shutdown
2022-06-19 13:05:37,085 [ForkJoinPool.commonPool-worker-1] INFO  util.JmxRegister (JmxRegister.java:unregister(73)) - Successfully un-registered JMX Bean with object name Ratis:service=RaftServer,group=group-B66F265A3155,id=d57ef6cc-857b-4c4f-ab3c-49c4eddebbaf
2022-06-19 13:05:37,085 [ForkJoinPool.commonPool-worker-1] INFO  impl.RoleInfo (RoleInfo.java:shutdownFollowerState(110)) - d57ef6cc-857b-4c4f-ab3c-49c4eddebbaf: shutdown d57ef6cc-857b-4c4f-ab3c-49c4eddebbaf@group-B66F265A3155-FollowerState
2022-06-19 13:05:37,085 [ForkJoinPool.commonPool-worker-1] INFO  impl.StateMachineUpdater (StateMachineUpdater.java:stopAndJoin(153)) - d57ef6cc-857b-4c4f-ab3c-49c4eddebbaf@group-B66F265A3155-StateMachineUpdater: set stopIndex = -1
2022-06-19 13:05:37,085 [d57ef6cc-857b-4c4f-ab3c-49c4eddebbaf@group-B66F265A3155-FollowerState] INFO  impl.FollowerState (FollowerState.java:run(152)) - d57ef6cc-857b-4c4f-ab3c-49c4eddebbaf@group-B66F265A3155-FollowerState was interrupted
2022-06-19 13:05:37,093 [ForkJoinPool.commonPool-worker-1] INFO  server.RaftServer$Division (ServerState.java:close(429)) - d57ef6cc-857b-4c4f-ab3c-49c4eddebbaf@group-B66F265A3155: closes. applyIndex: -1
2022-06-19 13:05:37,093 [d57ef6cc-857b-4c4f-ab3c-49c4eddebbaf@group-B66F265A3155-SegmentedRaftLogWorker] INFO  segmented.SegmentedRaftLogWorker (SegmentedRaftLogWorker.java:run(336)) - d57ef6cc-857b-4c4f-ab3c-49c4eddebbaf@group-B66F265A3155-SegmentedRaftLogWorker was interrupted, exiting. There are 0 tasks remaining in the queue.
2022-06-19 13:05:37,097 [ForkJoinPool.commonPool-worker-1] INFO  segmented.SegmentedRaftLogWorker (SegmentedRaftLogWorker.java:close(246)) - d57ef6cc-857b-4c4f-ab3c-49c4eddebbaf@group-B66F265A3155-SegmentedRaftLogWorker close()
2022-06-19 13:05:37,098 [ForkJoinPool.commonPool-worker-1] INFO  server.GrpcService (GrpcService.java:closeImpl(269)) - d57ef6cc-857b-4c4f-ab3c-49c4eddebbaf: shutdown server with port 38535 now
2022-06-19 13:05:37,099 [ForkJoinPool.commonPool-worker-1] INFO  server.GrpcService (GrpcService.java:closeImpl(278)) - d57ef6cc-857b-4c4f-ab3c-49c4eddebbaf: shutdown server with port 38535 successfully
2022-06-19 13:05:37,099 [org.apache.ratis.util.JvmPauseMonitor$$Lambda$627/819749933@4786d2f4] INFO  util.JvmPauseMonitor (JvmPauseMonitor.java:run(109)) - JvmPauseMonitor-d57ef6cc-857b-4c4f-ab3c-49c4eddebbaf: Stopped
2022-06-19 13:05:39,109 [Listener at 127.0.0.1/33959] INFO  utils.BackgroundService (BackgroundService.java:shutdown(132)) - Shutting down service BlockDeletingService
2022-06-19 13:05:39,136 [ForkJoinPool.commonPool-worker-1] INFO  utils.BackgroundService (BackgroundService.java:shutdown(132)) - Shutting down service BlockDeletingService
2022-06-19 13:05:42,115 [Listener at 127.0.0.1/33959] INFO  statemachine.DatanodeStateMachine (DatanodeStateMachine.java:stopDaemon(580)) - Ozone container server stopped.
2022-06-19 13:05:42,123 [Listener at 127.0.0.1/33959] INFO  handler.ContextHandler (ContextHandler.java:doStop(1153)) - Stopped o.e.j.w.WebAppContext@3358ea01{hddsDatanode,/,null,STOPPED}{jar:file:/home/runner/.m2/repository/org/apache/ozone/hdds-container-service/1.3.0-SNAPSHOT/hdds-container-service-1.3.0-SNAPSHOT.jar!/webapps/hddsDatanode}
2022-06-19 13:05:42,134 [Listener at 127.0.0.1/33959] INFO  server.AbstractConnector (AbstractConnector.java:doStop(381)) - Stopped ServerConnector@4275ec8f{HTTP/1.1, (http/1.1)}{0.0.0.0:0}
2022-06-19 13:05:42,135 [Listener at 127.0.0.1/33959] INFO  server.session (HouseKeeper.java:stopScavenging(149)) - node0 Stopped scavenging
2022-06-19 13:05:42,135 [Listener at 127.0.0.1/33959] INFO  handler.ContextHandler (ContextHandler.java:doStop(1153)) - Stopped o.e.j.s.ServletContextHandler@6795bfdc{static,/static,jar:file:/home/runner/.m2/repository/org/apache/ozone/hdds-container-service/1.3.0-SNAPSHOT/hdds-container-service-1.3.0-SNAPSHOT.jar!/webapps/static,STOPPED}
2022-06-19 13:05:42,135 [Listener at 127.0.0.1/33959] INFO  handler.ContextHandler (ContextHandler.java:doStop(1153)) - Stopped o.e.j.s.ServletContextHandler@2ac05560{logs,/logs,file:///home/runner/work/ozone/ozone/hadoop-ozone/integration-test/target/log,STOPPED}
2022-06-19 13:05:42,140 [ForkJoinPool.commonPool-worker-1] INFO  statemachine.DatanodeStateMachine (DatanodeStateMachine.java:stopDaemon(580)) - Ozone container server stopped.
2022-06-19 13:05:42,165 [ForkJoinPool.commonPool-worker-1] INFO  handler.ContextHandler (ContextHandler.java:doStop(1153)) - Stopped o.e.j.w.WebAppContext@7bc81a1f{hddsDatanode,/,null,STOPPED}{jar:file:/home/runner/.m2/repository/org/apache/ozone/hdds-container-service/1.3.0-SNAPSHOT/hdds-container-service-1.3.0-SNAPSHOT.jar!/webapps/hddsDatanode}
2022-06-19 13:05:42,168 [ForkJoinPool.commonPool-worker-1] INFO  server.AbstractConnector (AbstractConnector.java:doStop(381)) - Stopped ServerConnector@6ca3957a{HTTP/1.1, (http/1.1)}{0.0.0.0:0}
2022-06-19 13:05:42,168 [ForkJoinPool.commonPool-worker-1] INFO  server.session (HouseKeeper.java:stopScavenging(149)) - node0 Stopped scavenging
2022-06-19 13:05:42,169 [ForkJoinPool.commonPool-worker-1] INFO  handler.ContextHandler (ContextHandler.java:doStop(1153)) - Stopped o.e.j.s.ServletContextHandler@7fdcccd5{static,/static,jar:file:/home/runner/.m2/repository/org/apache/ozone/hdds-container-service/1.3.0-SNAPSHOT/hdds-container-service-1.3.0-SNAPSHOT.jar!/webapps/static,STOPPED}
2022-06-19 13:05:42,169 [ForkJoinPool.commonPool-worker-1] INFO  handler.ContextHandler (ContextHandler.java:doStop(1153)) - Stopped o.e.j.s.ServletContextHandler@f37e5bb{logs,/logs,file:///home/runner/work/ozone/ozone/hadoop-ozone/integration-test/target/log,STOPPED}
2022-06-19 13:05:47,139 [Listener at 127.0.0.1/33959] INFO  ozoneimpl.OzoneContainer (OzoneContainer.java:stop(365)) - Attempting to stop container services.
2022-06-19 13:05:47,141 [Listener at 127.0.0.1/33959] INFO  server.RaftServer (RaftServerProxy.java:lambda$close$7(398)) - 62dec303-d7b7-4d93-94d6-85b7019bab29: close
2022-06-19 13:05:47,141 [Listener at 127.0.0.1/33959] INFO  server.RaftServer$Division (RaftServerImpl.java:lambda$close$4(434)) - 62dec303-d7b7-4d93-94d6-85b7019bab29@group-0DCA32802063: shutdown
2022-06-19 13:05:47,142 [Listener at 127.0.0.1/33959] INFO  util.JmxRegister (JmxRegister.java:unregister(73)) - Successfully un-registered JMX Bean with object name Ratis:service=RaftServer,group=group-0DCA32802063,id=62dec303-d7b7-4d93-94d6-85b7019bab29
2022-06-19 13:05:47,142 [Listener at 127.0.0.1/33959] INFO  impl.RoleInfo (RoleInfo.java:shutdownLeaderState(93)) - 62dec303-d7b7-4d93-94d6-85b7019bab29: shutdown 62dec303-d7b7-4d93-94d6-85b7019bab29@group-0DCA32802063-LeaderStateImpl
2022-06-19 13:05:47,142 [Listener at 127.0.0.1/33959] INFO  impl.PendingRequests (PendingRequests.java:sendNotLeaderResponses(282)) - 62dec303-d7b7-4d93-94d6-85b7019bab29@group-0DCA32802063-PendingRequests: sendNotLeaderResponses
2022-06-19 13:05:47,142 [Listener at 127.0.0.1/33959] INFO  impl.StateMachineUpdater (StateMachineUpdater.java:stopAndJoin(153)) - 62dec303-d7b7-4d93-94d6-85b7019bab29@group-0DCA32802063-StateMachineUpdater: set stopIndex = 0
2022-06-19 13:05:47,144 [62dec303-d7b7-4d93-94d6-85b7019bab29@group-0DCA32802063-StateMachineUpdater] INFO  ratis.ContainerStateMachine (ContainerStateMachine.java:takeSnapshot(304)) - group-0DCA32802063: Taking a snapshot at:(t:1, i:0) file /home/runner/work/ozone/ozone/hadoop-ozone/integration-test/target/test-dir/MiniOzoneClusterImpl-9f34b74b-d5f0-454e-a8cb-06b69a9d8d3b/datanode-3/data/ratis/bf3aa285-ebad-497b-b5cb-0dca32802063/sm/snapshot.1_0
2022-06-19 13:05:47,148 [62dec303-d7b7-4d93-94d6-85b7019bab29@group-0DCA32802063-StateMachineUpdater] INFO  ratis.ContainerStateMachine (ContainerStateMachine.java:takeSnapshot(315)) - group-0DCA32802063: Finished taking a snapshot at:(t:1, i:0) file:/home/runner/work/ozone/ozone/hadoop-ozone/integration-test/target/test-dir/MiniOzoneClusterImpl-9f34b74b-d5f0-454e-a8cb-06b69a9d8d3b/datanode-3/data/ratis/bf3aa285-ebad-497b-b5cb-0dca32802063/sm/snapshot.1_0 took: 4 ms
2022-06-19 13:05:47,148 [62dec303-d7b7-4d93-94d6-85b7019bab29@group-0DCA32802063-StateMachineUpdater] INFO  impl.StateMachineUpdater (StateMachineUpdater.java:takeSnapshot(287)) - 62dec303-d7b7-4d93-94d6-85b7019bab29@group-0DCA32802063-StateMachineUpdater: Took a snapshot at index 0
2022-06-19 13:05:47,148 [62dec303-d7b7-4d93-94d6-85b7019bab29@group-0DCA32802063-StateMachineUpdater] INFO  impl.StateMachineUpdater (StateMachineUpdater.java:lambda$new$0(92)) - 62dec303-d7b7-4d93-94d6-85b7019bab29@group-0DCA32802063-StateMachineUpdater: snapshotIndex: updateIncreasingly -1 -> 0
2022-06-19 13:05:47,148 [Listener at 127.0.0.1/33959] INFO  server.RaftServer$Division (ServerState.java:close(429)) - 62dec303-d7b7-4d93-94d6-85b7019bab29@group-0DCA32802063: closes. applyIndex: 0
2022-06-19 13:05:47,148 [62dec303-d7b7-4d93-94d6-85b7019bab29@group-0DCA32802063-SegmentedRaftLogWorker] INFO  segmented.SegmentedRaftLogWorker (SegmentedRaftLogWorker.java:run(336)) - 62dec303-d7b7-4d93-94d6-85b7019bab29@group-0DCA32802063-SegmentedRaftLogWorker was interrupted, exiting. There are 0 tasks remaining in the queue.
2022-06-19 13:05:47,149 [Listener at 127.0.0.1/33959] INFO  segmented.SegmentedRaftLogWorker (SegmentedRaftLogWorker.java:close(246)) - 62dec303-d7b7-4d93-94d6-85b7019bab29@group-0DCA32802063-SegmentedRaftLogWorker close()
2022-06-19 13:05:47,150 [Listener at 127.0.0.1/33959] INFO  server.GrpcService (GrpcService.java:closeImpl(269)) - 62dec303-d7b7-4d93-94d6-85b7019bab29: shutdown server with port 35789 now
2022-06-19 13:05:47,151 [Listener at 127.0.0.1/33959] INFO  server.GrpcService (GrpcService.java:closeImpl(278)) - 62dec303-d7b7-4d93-94d6-85b7019bab29: shutdown server with port 35789 successfully
2022-06-19 13:05:47,153 [org.apache.ratis.util.JvmPauseMonitor$$Lambda$627/819749933@7e894deb] INFO  util.JvmPauseMonitor (JvmPauseMonitor.java:run(109)) - JvmPauseMonitor-62dec303-d7b7-4d93-94d6-85b7019bab29: Stopped
2022-06-19 13:05:49,166 [Listener at 127.0.0.1/33959] INFO  utils.BackgroundService (BackgroundService.java:shutdown(132)) - Shutting down service BlockDeletingService
2022-06-19 13:05:52,174 [Listener at 127.0.0.1/33959] INFO  statemachine.DatanodeStateMachine (DatanodeStateMachine.java:stopDaemon(580)) - Ozone container server stopped.
2022-06-19 13:05:52,186 [Listener at 127.0.0.1/33959] INFO  handler.ContextHandler (ContextHandler.java:doStop(1153)) - Stopped o.e.j.w.WebAppContext@31fcad71{hddsDatanode,/,null,STOPPED}{jar:file:/home/runner/.m2/repository/org/apache/ozone/hdds-container-service/1.3.0-SNAPSHOT/hdds-container-service-1.3.0-SNAPSHOT.jar!/webapps/hddsDatanode}
2022-06-19 13:05:52,197 [Listener at 127.0.0.1/33959] INFO  server.AbstractConnector (AbstractConnector.java:doStop(381)) - Stopped ServerConnector@25539a73{HTTP/1.1, (http/1.1)}{0.0.0.0:0}
2022-06-19 13:05:52,197 [Listener at 127.0.0.1/33959] INFO  server.session (HouseKeeper.java:stopScavenging(149)) - node0 Stopped scavenging
2022-06-19 13:05:52,198 [Listener at 127.0.0.1/33959] INFO  handler.ContextHandler (ContextHandler.java:doStop(1153)) - Stopped o.e.j.s.ServletContextHandler@357f678b{static,/static,jar:file:/home/runner/.m2/repository/org/apache/ozone/hdds-container-service/1.3.0-SNAPSHOT/hdds-container-service-1.3.0-SNAPSHOT.jar!/webapps/static,STOPPED}
2022-06-19 13:05:52,198 [Listener at 127.0.0.1/33959] INFO  handler.ContextHandler (ContextHandler.java:doStop(1153)) - Stopped o.e.j.s.ServletContextHandler@65500c79{logs,/logs,file:///home/runner/work/ozone/ozone/hadoop-ozone/integration-test/target/log,STOPPED}
2022-06-19 13:05:52,206 [Listener at 127.0.0.1/33959] INFO  ozone.MiniOzoneClusterImpl (MiniOzoneClusterImpl.java:stopSCM(545)) - Stopping the StorageContainerManager
2022-06-19 13:05:52,206 [Listener at 127.0.0.1/33959] INFO  server.StorageContainerManager (StorageContainerManager.java:stop(1501)) - Container Balancer is not running.
2022-06-19 13:05:52,206 [Listener at 127.0.0.1/33959] INFO  server.StorageContainerManager (StorageContainerManager.java:stop(1508)) - Stopping Replication Manager Service.
2022-06-19 13:05:52,206 [Listener at 127.0.0.1/33959] INFO  replication.ReplicationManager (ReplicationManager.java:stop(212)) - Stopping Replication Monitor Thread.
2022-06-19 13:05:52,206 [ReplicationMonitor] INFO  replication.ReplicationManager (ReplicationManager.java:run(270)) - Replication Monitor Thread is stopped
2022-06-19 13:05:52,206 [Listener at 127.0.0.1/33959] INFO  server.StorageContainerManager (StorageContainerManager.java:stop(1515)) - Stopping the Datanode Admin Monitor.
2022-06-19 13:05:52,207 [Listener at 127.0.0.1/33959] INFO  server.StorageContainerManager (StorageContainerManager.java:stop(1522)) - Stopping Lease Manager of the command watchers
2022-06-19 13:05:52,207 [Listener at 127.0.0.1/33959] INFO  server.StorageContainerManager (StorageContainerManager.java:stop(1529)) - Stopping datanode service RPC server
2022-06-19 13:05:52,207 [Listener at 127.0.0.1/33959] INFO  server.SCMDatanodeProtocolServer (SCMDatanodeProtocolServer.java:stop(400)) - Stopping the RPC server for DataNodes
2022-06-19 13:05:52,207 [Listener at 127.0.0.1/33959] INFO  ipc.Server (Server.java:stop(3414)) - Stopping server on 36427
2022-06-19 13:05:52,209 [IPC Server listener on 0] INFO  ipc.Server (Server.java:run(1376)) - Stopping IPC Server listener on 0
2022-06-19 13:05:52,210 [IPC Server Responder] INFO  ipc.Server (Server.java:run(1512)) - Stopping IPC Server Responder
2022-06-19 13:05:52,237 [SCM Heartbeat Processing Thread - 0] WARN  node.NodeStateManager (NodeStateManager.java:scheduleNextHealthCheck(848)) - Current Thread is interrupted, shutting down HB processing thread for Node Manager.
2022-06-19 13:05:52,238 [Listener at 127.0.0.1/33959] INFO  server.StorageContainerManager (StorageContainerManager.java:stop(1537)) - Stopping block service RPC server
2022-06-19 13:05:52,238 [Listener at 127.0.0.1/33959] INFO  server.SCMBlockProtocolServer (SCMBlockProtocolServer.java:stop(160)) - Stopping the RPC server for Block Protocol
2022-06-19 13:05:52,238 [Listener at 127.0.0.1/33959] INFO  ipc.Server (Server.java:stop(3414)) - Stopping server on 34337
2022-06-19 13:05:52,240 [IPC Server listener on 0] INFO  ipc.Server (Server.java:run(1376)) - Stopping IPC Server listener on 0
2022-06-19 13:05:52,240 [IPC Server Responder] INFO  ipc.Server (Server.java:run(1512)) - Stopping IPC Server Responder
2022-06-19 13:05:52,240 [Listener at 127.0.0.1/33959] INFO  server.StorageContainerManager (StorageContainerManager.java:stop(1544)) - Stopping the StorageContainerLocationProtocol RPC server
2022-06-19 13:05:52,240 [Listener at 127.0.0.1/33959] INFO  server.SCMClientProtocolServer (SCMClientProtocolServer.java:stop(178)) - Stopping the RPC server for Client Protocol
2022-06-19 13:05:52,240 [Listener at 127.0.0.1/33959] INFO  ipc.Server (Server.java:stop(3414)) - Stopping server on 45801
2022-06-19 13:05:52,243 [IPC Server Responder] INFO  ipc.Server (Server.java:run(1512)) - Stopping IPC Server Responder
2022-06-19 13:05:52,243 [Listener at 127.0.0.1/33959] INFO  server.StorageContainerManager (StorageContainerManager.java:stop(1551)) - Stopping Storage Container Manager HTTP server.
2022-06-19 13:05:52,243 [Listener at 127.0.0.1/33959] INFO  handler.ContextHandler (ContextHandler.java:doStop(1153)) - Stopped o.e.j.w.WebAppContext@147c4523{scm,/,null,STOPPED}{file:/home/runner/work/ozone/ozone/hadoop-ozone/integration-test/target/test-classes/webapps/scm}
2022-06-19 13:05:52,244 [IPC Server listener on 0] INFO  ipc.Server (Server.java:run(1376)) - Stopping IPC Server listener on 0
2022-06-19 13:05:52,247 [Listener at 127.0.0.1/33959] INFO  server.AbstractConnector (AbstractConnector.java:doStop(381)) - Stopped ServerConnector@1f229c40{HTTP/1.1, (http/1.1)}{0.0.0.0:0}
2022-06-19 13:05:52,247 [Listener at 127.0.0.1/33959] INFO  server.session (HouseKeeper.java:stopScavenging(149)) - node0 Stopped scavenging
2022-06-19 13:05:52,247 [Listener at 127.0.0.1/33959] INFO  handler.ContextHandler (ContextHandler.java:doStop(1153)) - Stopped o.e.j.s.ServletContextHandler@2eb03908{static,/static,file:///home/runner/work/ozone/ozone/hadoop-ozone/integration-test/target/test-classes/webapps/static,STOPPED}
2022-06-19 13:05:52,248 [Listener at 127.0.0.1/33959] INFO  handler.ContextHandler (ContextHandler.java:doStop(1153)) - Stopped o.e.j.s.ServletContextHandler@6075a4ea{logs,/logs,file:///home/runner/work/ozone/ozone/hadoop-ozone/integration-test/target/log,STOPPED}
2022-06-19 13:05:52,257 [Listener at 127.0.0.1/33959] INFO  server.StorageContainerManager (StorageContainerManager.java:stop(1562)) - Stopping Block Manager Service.
2022-06-19 13:05:52,257 [Listener at 127.0.0.1/33959] INFO  utils.BackgroundService (BackgroundService.java:shutdown(132)) - Shutting down service SCMBlockDeletingService
2022-06-19 13:05:52,258 [Listener at 127.0.0.1/33959] INFO  utils.BackgroundService (BackgroundService.java:shutdown(132)) - Shutting down service SCMBlockDeletingService
2022-06-19 13:05:52,258 [Listener at 127.0.0.1/33959] INFO  server.StorageContainerManager (StorageContainerManager.java:stop(1589)) - Stopping SCM Event Queue.
2022-06-19 13:05:52,265 [Listener at 127.0.0.1/33959] INFO  server.StorageContainerManager (StorageContainerManager.java:stop(1600)) - Stopping SCM HA services.
2022-06-19 13:05:52,265 [Listener at 127.0.0.1/33959] INFO  pipeline.BackgroundPipelineCreator (BackgroundPipelineCreator.java:stop(150)) - Stopping RatisPipelineUtilsThread.
2022-06-19 13:05:52,265 [RatisPipelineUtilsThread - 0] WARN  pipeline.BackgroundPipelineCreator (BackgroundPipelineCreator.java:run(177)) - RatisPipelineUtilsThread is interrupted.
2022-06-19 13:05:52,266 [BackgroundPipelineScrubberThread] WARN  BackgroundPipelineScrubber (BackgroundSCMService.java:run(110)) - BackgroundPipelineScrubber is interrupted, exit
2022-06-19 13:05:52,266 [Listener at 127.0.0.1/33959] INFO  BackgroundPipelineScrubber (BackgroundSCMService.java:stop(126)) - Stopping BackgroundPipelineScrubber Service.
2022-06-19 13:05:52,266 [Listener at 127.0.0.1/33959] INFO  server.StorageContainerManager (StorageContainerManager.java:stop(1610)) - Stopping SCM MetadataStore.
2022-06-19 13:05:52,268 [Listener at 127.0.0.1/33959] INFO  impl.MetricsSystemImpl (MetricsSystemImpl.java:stop(210)) - Stopping XceiverClientMetrics metrics system...
2022-06-19 13:05:52,302 [prometheus] INFO  impl.MetricsSinkAdapter (MetricsSinkAdapter.java:publishMetricsFromQueue(141)) - prometheus thread interrupted.
2022-06-19 13:05:52,302 [Listener at 127.0.0.1/33959] INFO  impl.MetricsSystemImpl (MetricsSystemImpl.java:stop(216)) - XceiverClientMetrics metrics system stopped.
2022-06-19 13:05:52,494 [Listener at 127.0.0.1/33959] WARN  server.ServerUtils (ServerUtils.java:getScmDbDir(148)) - ozone.scm.db.dirs is not configured. We recommend adding this setting. Falling back to ozone.metadata.dirs instead.
2022-06-19 13:05:52,502 [Listener at 127.0.0.1/33959] INFO  ha.SCMHANodeDetails (SCMHANodeDetails.java:loadSCMHAConfig(160)) - ServiceID for StorageContainerManager is null
2022-06-19 13:05:52,502 [Listener at 127.0.0.1/33959] INFO  ha.SCMHANodeDetails (SCMHANodeDetails.java:loadSCMHAConfig(165)) - ozone.scm.default.service.id is not defined, falling back to ozone.scm.service.ids to find serviceID for StorageContainerManager if it is HA enabled cluster
2022-06-19 13:05:52,503 [Listener at 127.0.0.1/33959] WARN  server.ServerUtils (ServerUtils.java:getScmDbDir(148)) - ozone.scm.db.dirs is not configured. We recommend adding this setting. Falling back to ozone.metadata.dirs instead.
2022-06-19 13:05:52,503 [Listener at 127.0.0.1/33959] WARN  utils.HAUtils (HAUtils.java:getMetaDir(342)) - ozone.scm.db.dirs is not configured. We recommend adding this setting. Falling back to ozone.metadata.dirs instead.
2022-06-19 13:05:52,503 [Listener at 127.0.0.1/33959] WARN  db.DBStoreBuilder (DBStoreBuilder.java:applyDBDefinition(145)) - ozone.scm.db.dirs is not configured. We recommend adding this setting. Falling back to ozone.metadata.dirs instead.
2022-06-19 13:05:52,711 [Listener at 127.0.0.1/33959] INFO  net.NodeSchemaLoader (NodeSchemaLoader.java:loadSchemaFromFile(129)) - Loading schema from [jar:file:/home/runner/.m2/repository/org/apache/ozone/hdds-common/1.3.0-SNAPSHOT/hdds-common-1.3.0-SNAPSHOT.jar!/network-topology-default.xml]
2022-06-19 13:05:52,712 [Listener at 127.0.0.1/33959] INFO  net.NodeSchemaLoader (NodeSchemaLoader.java:loadSchema(176)) - Loading network topology layer schema file
2022-06-19 13:05:52,718 [Listener at 127.0.0.1/33959] INFO  upgrade.AbstractLayoutVersionManager (AbstractLayoutVersionManager.java:init(82)) - Initializing Layout version manager with metadata layout = DATANODE_SCHEMA_V3 (version = 4), software layout = DATANODE_SCHEMA_V3 (version = 4)
2022-06-19 13:05:52,770 [Listener at 127.0.0.1/33959] INFO  reflections.Reflections (Reflections.java:scan(232)) - Reflections took 51 ms to scan 7 urls, producing 131 keys and 315 values 
2022-06-19 13:05:52,778 [Listener at 127.0.0.1/33959] INFO  ha.SequenceIdGenerator (SequenceIdGenerator.java:upgradeToSequenceId(347)) - upgrade localId to 109611004723200000
2022-06-19 13:05:52,778 [Listener at 127.0.0.1/33959] INFO  ha.SequenceIdGenerator (SequenceIdGenerator.java:upgradeToSequenceId(357)) - upgrade delTxnId to 0
2022-06-19 13:05:52,778 [Listener at 127.0.0.1/33959] INFO  ha.SequenceIdGenerator (SequenceIdGenerator.java:upgradeToSequenceId(374)) - upgrade containerId to 0
2022-06-19 13:05:52,779 [Listener at 127.0.0.1/33959] INFO  ha.SequenceIdGenerator (SequenceIdGenerator.java:<init>(218)) - Init the HA SequenceIdGenerator.
2022-06-19 13:05:52,779 [Listener at 127.0.0.1/33959] WARN  server.ServerUtils (ServerUtils.java:sanitizeUserArgs(73)) - ozone.scm.stale.node.interval value = 300000 is larger than max = 100000 based on the key value of ozone.scm.heartbeat.thread.interval, reset to the max value 100000.
2022-06-19 13:05:52,779 [Listener at 127.0.0.1/33959] WARN  server.ServerUtils (ServerUtils.java:sanitizeUserArgs(73)) - ozone.scm.stale.node.interval value = 300000 is larger than max = 100000 based on the key value of ozone.scm.heartbeat.thread.interval, reset to the max value 100000.
2022-06-19 13:05:52,789 [Listener at 127.0.0.1/33959] INFO  node.SCMNodeManager (SCMNodeManager.java:<init>(149)) - Entering startup safe mode.
2022-06-19 13:05:52,790 [Listener at 127.0.0.1/33959] INFO  algorithms.ContainerPlacementPolicyFactory (ContainerPlacementPolicyFactory.java:getPolicyInternal(86)) - Create container placement policy of type org.apache.hadoop.hdds.scm.container.placement.algorithms.SCMContainerPlacementRandom
2022-06-19 13:05:52,790 [Listener at 127.0.0.1/33959] INFO  pipeline.PipelineStateManagerImpl (PipelineStateManagerImpl.java:initialize(78)) - No pipeline exists in current db
2022-06-19 13:05:52,790 [Listener at 127.0.0.1/33959] INFO  algorithms.LeaderChoosePolicyFactory (LeaderChoosePolicyFactory.java:getPolicy(57)) - Create leader choose policy of type org.apache.hadoop.hdds.scm.pipeline.leader.choose.algorithms.MinLeaderCountChoosePolicy
2022-06-19 13:05:52,790 [Listener at 127.0.0.1/33959] INFO  algorithms.ContainerPlacementPolicyFactory (ContainerPlacementPolicyFactory.java:getPolicyInternal(86)) - Create container placement policy of type org.apache.hadoop.hdds.scm.container.placement.algorithms.SCMContainerPlacementRackScatter
2022-06-19 13:05:52,790 [Listener at 127.0.0.1/33959] INFO  pipeline.BackgroundPipelineCreator (BackgroundPipelineCreator.java:start(125)) - Starting RatisPipelineUtilsThread.
2022-06-19 13:05:52,809 [Listener at 127.0.0.1/33959] INFO  BackgroundPipelineScrubber (BackgroundSCMService.java:start(68)) - Starting BackgroundPipelineScrubber Service.
2022-06-19 13:05:52,812 [Listener at 127.0.0.1/33959] INFO  ha.SCMServiceManager (SCMServiceManager.java:register(42)) - Registering service BackgroundPipelineCreator.
2022-06-19 13:05:52,812 [Listener at 127.0.0.1/33959] INFO  ha.SCMServiceManager (SCMServiceManager.java:register(42)) - Registering service BackgroundPipelineScrubber.
2022-06-19 13:05:52,812 [Listener at 127.0.0.1/33959] INFO  ExpiredContainerReplicaOpScrubber (BackgroundSCMService.java:start(68)) - Starting ExpiredContainerReplicaOpScrubber Service.
2022-06-19 13:05:52,821 [Listener at 127.0.0.1/33959] INFO  ha.SCMServiceManager (SCMServiceManager.java:register(42)) - Registering service ExpiredContainerReplicaOpScrubber.
2022-06-19 13:05:52,822 [Listener at 127.0.0.1/33959] INFO  algorithms.PipelineChoosePolicyFactory (PipelineChoosePolicyFactory.java:createPipelineChoosePolicyFromClass(73)) - Create pipeline choose policy of type org.apache.hadoop.hdds.scm.pipeline.choose.algorithms.RandomPipelineChoosePolicy
2022-06-19 13:05:52,822 [Listener at 127.0.0.1/33959] INFO  ha.SCMServiceManager (SCMServiceManager.java:register(42)) - Registering service SCMBlockDeletingService.
2022-06-19 13:05:52,823 [Listener at 127.0.0.1/33959] INFO  ha.SCMServiceManager (SCMServiceManager.java:register(42)) - Registering service ReplicationManager.
2022-06-19 13:05:52,823 [Listener at 127.0.0.1/33959] INFO  replication.ReplicationManager (ReplicationManager.java:start(179)) - Starting Replication Monitor Thread.
2022-06-19 13:05:52,825 [Listener at 127.0.0.1/33959] INFO  safemode.ContainerSafeModeRule (ContainerSafeModeRule.java:<init>(89)) - containers with one replica threshold count 0
2022-06-19 13:05:52,825 [Listener at 127.0.0.1/33959] INFO  safemode.HealthyPipelineSafeModeRule (HealthyPipelineSafeModeRule.java:initializeRule(156)) - Total pipeline count is 0, healthy pipeline threshold count is 1
2022-06-19 13:05:52,825 [Listener at 127.0.0.1/33959] INFO  safemode.OneReplicaPipelineSafeModeRule (OneReplicaPipelineSafeModeRule.java:initializeRule(180)) - Total pipeline count is 0, pipeline's with at least one datanode reported threshold count is 0
2022-06-19 13:05:52,839 [Listener at 127.0.0.1/33959] INFO  ipc.CallQueueManager (CallQueueManager.java:<init>(90)) - Using callQueue: class java.util.concurrent.LinkedBlockingQueue, queueCapacity: 2000, scheduler: class org.apache.hadoop.ipc.DefaultRpcScheduler, ipcBackoff: false.
2022-06-19 13:05:52,853 [Socket Reader #1 for port 0] INFO  ipc.Server (Server.java:run(1265)) - Starting Socket Reader #1 for port 0
2022-06-19 13:05:52,862 [Listener at 0.0.0.0/34167] INFO  ipc.CallQueueManager (CallQueueManager.java:<init>(90)) - Using callQueue: class java.util.concurrent.LinkedBlockingQueue, queueCapacity: 2000, scheduler: class org.apache.hadoop.ipc.DefaultRpcScheduler, ipcBackoff: false.
2022-06-19 13:05:52,869 [Socket Reader #1 for port 0] INFO  ipc.Server (Server.java:run(1265)) - Starting Socket Reader #1 for port 0
2022-06-19 13:05:52,870 [Listener at 0.0.0.0/33057] INFO  ipc.CallQueueManager (CallQueueManager.java:<init>(90)) - Using callQueue: class java.util.concurrent.LinkedBlockingQueue, queueCapacity: 2000, scheduler: class org.apache.hadoop.ipc.DefaultRpcScheduler, ipcBackoff: false.
2022-06-19 13:05:52,880 [ReplicationMonitor] INFO  replication.ReplicationManager (ReplicationManager.java:processAll(228)) - Replication Manager is not ready to run until 3000ms after safemode exit
2022-06-19 13:05:52,889 [Socket Reader #1 for port 0] INFO  ipc.Server (Server.java:run(1265)) - Starting Socket Reader #1 for port 0
2022-06-19 13:05:52,931 [Listener at 0.0.0.0/41143] INFO  ha.SCMServiceManager (SCMServiceManager.java:register(42)) - Registering service ContainerBalancer.
2022-06-19 13:05:52,931 [Listener at 0.0.0.0/41143] INFO  server.StorageContainerManager (StorageContainerManager.java:<init>(398)) - 
Container Balancer status:
Key                            Value
Running                        false
Container Balancer Configuration values:
Key                                                Value
Threshold                                          10
Max Datanodes to Involve per Iteration(percent)    20
Max Size to Move per Iteration                     500GB
Max Size Entering Target per Iteration             26GB
Max Size Leaving Source per Iteration              26GB

2022-06-19 13:05:52,931 [Listener at 0.0.0.0/41143] WARN  events.EventQueue (EventQueue.java:fireEvent(194)) - No event handler registered for event TypedEvent{payloadType=SafeModeStatus, name='Safe mode status'}
2022-06-19 13:05:52,931 [Listener at 0.0.0.0/41143] INFO  ha.SCMContext (SCMContext.java:updateSafeModeStatus(228)) - Update SafeModeStatus from SafeModeStatus{safeModeStatus=true, preCheckPassed=false} to SafeModeStatus{safeModeStatus=true, preCheckPassed=false}.
2022-06-19 13:05:52,931 [Listener at 0.0.0.0/41143] INFO  server.StorageContainerManager (StorageContainerManager.java:start(1409)) - StorageContainerLocationProtocol RPC server is listening at /0.0.0.0:41143
2022-06-19 13:05:52,933 [Listener at 0.0.0.0/41143] WARN  impl.MetricsConfig (MetricsConfig.java:loadFirst(136)) - Cannot locate configuration: tried hadoop-metrics2-storagecontainermanager.properties,hadoop-metrics2.properties
2022-06-19 13:05:52,937 [Listener at 0.0.0.0/41143] INFO  impl.MetricsSystemImpl (MetricsSystemImpl.java:startTimer(378)) - Scheduled Metric snapshot period at 10 second(s).
2022-06-19 13:05:52,937 [Listener at 0.0.0.0/41143] INFO  impl.MetricsSystemImpl (MetricsSystemImpl.java:start(191)) - StorageContainerManager metrics system started
2022-06-19 13:05:52,965 [Listener at 0.0.0.0/41143] INFO  impl.MetricsSinkAdapter (MetricsSinkAdapter.java:start(204)) - Sink prometheus started
2022-06-19 13:05:52,965 [Listener at 0.0.0.0/41143] INFO  impl.MetricsSystemImpl (MetricsSystemImpl.java:registerSink(305)) - Registered sink prometheus
2022-06-19 13:05:52,991 [Listener at 0.0.0.0/41143] INFO  server.SCMClientProtocolServer (SCMClientProtocolServer.java:start(169)) - RPC server for Client  is listening at /0.0.0.0:41143
2022-06-19 13:05:52,996 [IPC Server Responder] INFO  ipc.Server (Server.java:run(1507)) - IPC Server Responder: starting
2022-06-19 13:05:53,008 [IPC Server listener on 0] INFO  ipc.Server (Server.java:run(1344)) - IPC Server listener on 0: starting
2022-06-19 13:05:53,134 [Listener at 0.0.0.0/41143] INFO  server.StorageContainerManager (StorageContainerManager.java:start(1424)) - ScmBlockLocationProtocol RPC server is listening at /0.0.0.0:33057
2022-06-19 13:05:53,135 [Listener at 0.0.0.0/41143] INFO  server.SCMBlockProtocolServer (SCMBlockProtocolServer.java:start(151)) - RPC server for Block Protocol is listening at /0.0.0.0:33057
2022-06-19 13:05:53,140 [IPC Server Responder] INFO  ipc.Server (Server.java:run(1507)) - IPC Server Responder: starting
2022-06-19 13:05:53,142 [IPC Server listener on 0] INFO  ipc.Server (Server.java:run(1344)) - IPC Server listener on 0: starting
2022-06-19 13:05:53,144 [Listener at 0.0.0.0/41143] INFO  server.SCMDatanodeProtocolServer (SCMDatanodeProtocolServer.java:start(183)) - ScmDatanodeProtocol RPC server for DataNodes is listening at /0.0.0.0:34167
2022-06-19 13:05:53,145 [IPC Server Responder] INFO  ipc.Server (Server.java:run(1507)) - IPC Server Responder: starting
2022-06-19 13:05:53,145 [IPC Server listener on 0] INFO  ipc.Server (Server.java:run(1344)) - IPC Server listener on 0: starting
2022-06-19 13:05:53,261 [org.apache.hadoop.util.JvmPauseMonitor$Monitor@d024531] INFO  util.JvmPauseMonitor (JvmPauseMonitor.java:run(188)) - Starting JVM pause monitor
2022-06-19 13:05:53,281 [Listener at 0.0.0.0/41143] INFO  http.BaseHttpServer (BaseHttpServer.java:newHttpServer2BuilderForOzone(209)) - Starting Web-server for scm at: http://0.0.0.0:0
2022-06-19 13:05:53,281 [Listener at 0.0.0.0/41143] INFO  http.BaseHttpServer (BaseHttpServer.java:<init>(107)) - Hadoop Security Enabled: false Ozone Security Enabled: false Ozone HTTP Security Enabled: false 
2022-06-19 13:05:53,284 [Listener at 0.0.0.0/41143] INFO  server.AuthenticationFilter (AuthenticationFilter.java:constructSecretProvider(240)) - Unable to initialize FileSignerSecretProvider, falling back to use random secrets.
2022-06-19 13:05:53,293 [Listener at 0.0.0.0/41143] WARN  http.HttpRequestLog (HttpRequestLog.java:getRequestLog(103)) - Jetty request log can only be enabled using Log4j
2022-06-19 13:05:53,295 [Listener at 0.0.0.0/41143] INFO  http.HttpServer2 (HttpServer2.java:addGlobalFilter(1029)) - Added global filter 'safety' (class=org.apache.hadoop.hdds.server.http.HttpServer2$QuotingInputFilter)
2022-06-19 13:05:53,295 [Listener at 0.0.0.0/41143] INFO  http.HttpServer2 (HttpServer2.java:addFilter(1005)) - Added filter static_user_filter (class=org.apache.hadoop.http.lib.StaticUserWebFilter$StaticUserFilter) to context scm
2022-06-19 13:05:53,296 [Listener at 0.0.0.0/41143] INFO  http.HttpServer2 (HttpServer2.java:addFilter(1013)) - Added filter static_user_filter (class=org.apache.hadoop.http.lib.StaticUserWebFilter$StaticUserFilter) to context logs
2022-06-19 13:05:53,296 [Listener at 0.0.0.0/41143] INFO  http.HttpServer2 (HttpServer2.java:addFilter(1013)) - Added filter static_user_filter (class=org.apache.hadoop.http.lib.StaticUserWebFilter$StaticUserFilter) to context static
2022-06-19 13:05:53,296 [Listener at 0.0.0.0/41143] INFO  http.HttpServer2 (HttpServer2.java:bindListener(1248)) - Jetty bound to port 33699
2022-06-19 13:05:53,296 [Listener at 0.0.0.0/41143] INFO  server.Server (Server.java:doStart(375)) - jetty-9.4.43.v20210629; built: 2021-06-30T11:07:22.254Z; git: 526006ecfa3af7f1a27ef3a288e2bef7ea9dd7e8; jvm 1.8.0_332-b09
2022-06-19 13:05:53,373 [Listener at 0.0.0.0/41143] INFO  server.session (DefaultSessionIdManager.java:doStart(334)) - DefaultSessionIdManager workerName=node0
2022-06-19 13:05:53,374 [Listener at 0.0.0.0/41143] INFO  server.session (DefaultSessionIdManager.java:doStart(339)) - No SessionScavenger set, using defaults
2022-06-19 13:05:53,374 [Listener at 0.0.0.0/41143] INFO  server.session (HouseKeeper.java:startScavenging(132)) - node0 Scavenging every 660000ms
2022-06-19 13:05:53,375 [Listener at 0.0.0.0/41143] INFO  handler.ContextHandler (ContextHandler.java:doStart(915)) - Started o.e.j.s.ServletContextHandler@2ca2159a{logs,/logs,file:///home/runner/work/ozone/ozone/hadoop-ozone/integration-test/target/log,AVAILABLE}
2022-06-19 13:05:53,376 [Listener at 0.0.0.0/41143] INFO  handler.ContextHandler (ContextHandler.java:doStart(915)) - Started o.e.j.s.ServletContextHandler@300151e9{static,/static,file:///home/runner/work/ozone/ozone/hadoop-ozone/integration-test/target/test-classes/webapps/static,AVAILABLE}
2022-06-19 13:05:53,379 [Listener at 0.0.0.0/41143] INFO  handler.ContextHandler (ContextHandler.java:doStart(915)) - Started o.e.j.w.WebAppContext@270cddd2{scm,/,file:///home/runner/work/ozone/ozone/hadoop-ozone/integration-test/target/test-classes/webapps/scm/,AVAILABLE}{file:/home/runner/work/ozone/ozone/hadoop-ozone/integration-test/target/test-classes/webapps/scm}
2022-06-19 13:05:53,386 [Listener at 0.0.0.0/41143] INFO  server.AbstractConnector (AbstractConnector.java:doStart(331)) - Started ServerConnector@6e21ec84{HTTP/1.1, (http/1.1)}{0.0.0.0:33699}
2022-06-19 13:05:53,387 [Listener at 0.0.0.0/41143] INFO  server.Server (Server.java:doStart(415)) - Started @73623ms
2022-06-19 13:05:53,387 [Listener at 0.0.0.0/41143] WARN  impl.MetricsSystemImpl (MetricsSystemImpl.java:register(279)) - Sink prometheus already exists!
2022-06-19 13:05:53,389 [Listener at 0.0.0.0/41143] INFO  http.BaseHttpServer (BaseHttpServer.java:updateConnectorAddress(329)) - HTTP server of scm listening at http://0.0.0.0:33699
2022-06-19 13:05:53,393 [Listener at 0.0.0.0/41143] WARN  server.ServerUtils (ServerUtils.java:getDBPath(225)) - ozone.om.db.dirs is not configured. We recommend adding this setting. Falling back to ozone.metadata.dirs instead.
2022-06-19 13:05:53,395 [Listener at 0.0.0.0/41143] INFO  ha.OMHANodeDetails (OMHANodeDetails.java:loadOMHAConfig(115)) - ozone.om.internal.service.id is not defined, falling back to ozone.om.service.ids to find serviceID for OzoneManager if it is HA enabled cluster
2022-06-19 13:05:53,395 [Listener at 0.0.0.0/41143] INFO  ha.OMHANodeDetails (OMHANodeDetails.java:loadOMHAConfig(226)) - Configuration does not have ozone.om.address set. Falling back to the default OM address /127.0.0.1:0
2022-06-19 13:05:53,395 [Listener at 0.0.0.0/41143] INFO  ha.OMHANodeDetails (OMHANodeDetails.java:getOMNodeDetailsForNonHA(254)) - OM Service ID is not set. Setting it to the default ID: omServiceIdDefault
2022-06-19 13:05:53,395 [Listener at 0.0.0.0/41143] INFO  ha.OMHANodeDetails (OMHANodeDetails.java:getOMNodeDetailsForNonHA(261)) - OM Node ID is not set. Setting it to the default ID: om1
2022-06-19 13:05:53,395 [Listener at 0.0.0.0/41143] WARN  server.ServerUtils (ServerUtils.java:getDBPath(225)) - ozone.om.db.dirs is not configured. We recommend adding this setting. Falling back to ozone.metadata.dirs instead.
2022-06-19 13:05:53,395 [Listener at 0.0.0.0/41143] INFO  upgrade.AbstractLayoutVersionManager (AbstractLayoutVersionManager.java:init(82)) - Initializing Layout version manager with metadata layout = MULTITENANCY_SCHEMA (version = 3), software layout = MULTITENANCY_SCHEMA (version = 3)
2022-06-19 13:05:53,598 [Listener at 0.0.0.0/41143] INFO  reflections.Reflections (Reflections.java:scan(232)) - Reflections took 202 ms to scan 2 urls, producing 153 keys and 431 values [using 2 cores]
2022-06-19 13:05:53,598 [Listener at 0.0.0.0/41143] INFO  upgrade.OMLayoutVersionManager (OMLayoutVersionManager.java:lambda$0(115)) - Skipping Upgrade Action MockOmUpgradeAction since it has been finalized.
2022-06-19 13:05:53,598 [Listener at 0.0.0.0/41143] WARN  server.ServerUtils (ServerUtils.java:getDBPath(225)) - ozone.om.db.dirs is not configured. We recommend adding this setting. Falling back to ozone.metadata.dirs instead.
2022-06-19 13:05:53,599 [Listener at 0.0.0.0/41143] INFO  proxy.SCMBlockLocationFailoverProxyProvider (SCMBlockLocationFailoverProxyProvider.java:<init>(114)) - Created block location fail-over proxy with 1 nodes: [nodeId=scmNodeId,nodeAddress=/0.0.0.0:33057]
2022-06-19 13:05:53,600 [Listener at 0.0.0.0/41143] INFO  proxy.SCMBlockLocationFailoverProxyProvider (SCMBlockLocationFailoverProxyProvider.java:<init>(114)) - Created block location fail-over proxy with 1 nodes: [nodeId=scmNodeId,nodeAddress=/0.0.0.0:33057]
2022-06-19 13:05:53,613 [Listener at 0.0.0.0/41143] WARN  server.ServerUtils (ServerUtils.java:getDBPath(225)) - ozone.om.db.dirs is not configured. We recommend adding this setting. Falling back to ozone.metadata.dirs instead.
2022-06-19 13:05:53,613 [Listener at 0.0.0.0/41143] INFO  codec.OmKeyInfoCodec (OmKeyInfoCodec.java:<init>(49)) - OmKeyInfoCodec ignorePipeline = true
2022-06-19 13:05:53,613 [Listener at 0.0.0.0/41143] INFO  codec.RepeatedOmKeyInfoCodec (RepeatedOmKeyInfoCodec.java:<init>(41)) - RepeatedOmKeyInfoCodec ignorePipeline = true
2022-06-19 13:05:53,954 [Listener at 0.0.0.0/41143] INFO  om.OzoneManager (OzoneManager.java:instantiateServices(692)) - S3 Multi-Tenancy is disabled
2022-06-19 13:05:53,955 [Listener at 0.0.0.0/41143] INFO  om.OzoneManager (OzoneManager.java:addS3GVolumeToDB(4259)) - Created Volume s3v With Owner runner required for S3Gateway operations.
2022-06-19 13:05:53,961 [Listener at 0.0.0.0/41143] INFO  om.OzoneManager (OzoneManager.java:getRpcServer(1081)) - Creating RPC Server
2022-06-19 13:05:55,023 [Listener at 0.0.0.0/41143] INFO  reflections.Reflections (Reflections.java:scan(232)) - Reflections took 1053 ms to scan 19 urls, producing 66 keys and 4010 values [using 2 cores]
2022-06-19 13:05:55,025 [Listener at 0.0.0.0/41143] INFO  ipc.CallQueueManager (CallQueueManager.java:<init>(90)) - Using callQueue: class java.util.concurrent.LinkedBlockingQueue, queueCapacity: 2000, scheduler: class org.apache.hadoop.ipc.DefaultRpcScheduler, ipcBackoff: false.
2022-06-19 13:05:55,033 [Socket Reader #1 for port 0] INFO  ipc.Server (Server.java:run(1265)) - Starting Socket Reader #1 for port 0
2022-06-19 13:05:55,085 [Listener at 127.0.0.1/45241] INFO  impl.MetricsSystemImpl (MetricsSystemImpl.java:init(158)) - OzoneManager metrics system started (again)
2022-06-19 13:05:55,131 [Listener at 127.0.0.1/45241] INFO  om.OzoneManager (OzoneManager.java:start(1465)) - OzoneManager RPC server is listening at localhost/127.0.0.1:45241
2022-06-19 13:05:55,131 [Listener at 127.0.0.1/45241] INFO  om.OzoneManager (OzoneManager.java:start(1481)) - Version File has different layout version (3) than OM DB (null). That is expected if this OM has never been finalized to a newer layout version.
2022-06-19 13:05:55,170 [Listener at 127.0.0.1/45241] INFO  http.BaseHttpServer (BaseHttpServer.java:newHttpServer2BuilderForOzone(209)) - Starting Web-server for ozoneManager at: http://0.0.0.0:0
2022-06-19 13:05:55,170 [Listener at 127.0.0.1/45241] INFO  http.BaseHttpServer (BaseHttpServer.java:<init>(107)) - Hadoop Security Enabled: false Ozone Security Enabled: false Ozone HTTP Security Enabled: false 
2022-06-19 13:05:55,172 [Listener at 127.0.0.1/45241] INFO  server.AuthenticationFilter (AuthenticationFilter.java:constructSecretProvider(240)) - Unable to initialize FileSignerSecretProvider, falling back to use random secrets.
2022-06-19 13:05:55,181 [Listener at 127.0.0.1/45241] WARN  http.HttpRequestLog (HttpRequestLog.java:getRequestLog(103)) - Jetty request log can only be enabled using Log4j
2022-06-19 13:05:55,183 [Listener at 127.0.0.1/45241] INFO  http.HttpServer2 (HttpServer2.java:addGlobalFilter(1029)) - Added global filter 'safety' (class=org.apache.hadoop.hdds.server.http.HttpServer2$QuotingInputFilter)
2022-06-19 13:05:55,183 [Listener at 127.0.0.1/45241] INFO  http.HttpServer2 (HttpServer2.java:addFilter(1005)) - Added filter static_user_filter (class=org.apache.hadoop.http.lib.StaticUserWebFilter$StaticUserFilter) to context ozoneManager
2022-06-19 13:05:55,184 [Listener at 127.0.0.1/45241] INFO  http.HttpServer2 (HttpServer2.java:addFilter(1013)) - Added filter static_user_filter (class=org.apache.hadoop.http.lib.StaticUserWebFilter$StaticUserFilter) to context logs
2022-06-19 13:05:55,184 [Listener at 127.0.0.1/45241] INFO  http.HttpServer2 (HttpServer2.java:addFilter(1013)) - Added filter static_user_filter (class=org.apache.hadoop.http.lib.StaticUserWebFilter$StaticUserFilter) to context static
2022-06-19 13:05:55,184 [Listener at 127.0.0.1/45241] INFO  http.HttpServer2 (HttpServer2.java:bindListener(1248)) - Jetty bound to port 34719
2022-06-19 13:05:55,184 [Listener at 127.0.0.1/45241] INFO  server.Server (Server.java:doStart(375)) - jetty-9.4.43.v20210629; built: 2021-06-30T11:07:22.254Z; git: 526006ecfa3af7f1a27ef3a288e2bef7ea9dd7e8; jvm 1.8.0_332-b09
2022-06-19 13:05:55,201 [Listener at 127.0.0.1/45241] INFO  server.session (DefaultSessionIdManager.java:doStart(334)) - DefaultSessionIdManager workerName=node0
2022-06-19 13:05:55,201 [Listener at 127.0.0.1/45241] INFO  server.session (DefaultSessionIdManager.java:doStart(339)) - No SessionScavenger set, using defaults
2022-06-19 13:05:55,201 [Listener at 127.0.0.1/45241] INFO  server.session (HouseKeeper.java:startScavenging(132)) - node0 Scavenging every 600000ms
2022-06-19 13:05:55,202 [Listener at 127.0.0.1/45241] INFO  handler.ContextHandler (ContextHandler.java:doStart(915)) - Started o.e.j.s.ServletContextHandler@b879650{logs,/logs,file:///home/runner/work/ozone/ozone/hadoop-ozone/integration-test/target/log,AVAILABLE}
2022-06-19 13:05:55,202 [Listener at 127.0.0.1/45241] INFO  handler.ContextHandler (ContextHandler.java:doStart(915)) - Started o.e.j.s.ServletContextHandler@12a7df1f{static,/static,file:///home/runner/work/ozone/ozone/hadoop-ozone/integration-test/target/test-classes/webapps/static,AVAILABLE}
2022-06-19 13:05:55,205 [Listener at 127.0.0.1/45241] INFO  handler.ContextHandler (ContextHandler.java:doStart(915)) - Started o.e.j.w.WebAppContext@10b4488b{ozoneManager,/,file:///home/runner/work/ozone/ozone/hadoop-ozone/integration-test/target/test-classes/webapps/ozoneManager/,AVAILABLE}{file:/home/runner/work/ozone/ozone/hadoop-ozone/integration-test/target/test-classes/webapps/ozoneManager}
2022-06-19 13:05:55,221 [Listener at 127.0.0.1/45241] INFO  server.AbstractConnector (AbstractConnector.java:doStart(331)) - Started ServerConnector@2c30a77d{HTTP/1.1, (http/1.1)}{0.0.0.0:34719}
2022-06-19 13:05:55,221 [Listener at 127.0.0.1/45241] INFO  server.Server (Server.java:doStart(415)) - Started @75458ms
2022-06-19 13:05:55,222 [Listener at 127.0.0.1/45241] WARN  impl.MetricsSystemImpl (MetricsSystemImpl.java:register(279)) - Sink prometheus already exists!
2022-06-19 13:05:55,222 [Listener at 127.0.0.1/45241] INFO  http.BaseHttpServer (BaseHttpServer.java:updateConnectorAddress(329)) - HTTP server of ozoneManager listening at http://0.0.0.0:34719
2022-06-19 13:05:55,229 [IPC Server Responder] INFO  ipc.Server (Server.java:run(1507)) - IPC Server Responder: starting
2022-06-19 13:05:55,245 [IPC Server listener on 0] INFO  ipc.Server (Server.java:run(1344)) - IPC Server listener on 0: starting
2022-06-19 13:05:55,248 [Listener at 127.0.0.1/45241] INFO  om.TrashPolicyOzone (TrashPolicyOzone.java:<init>(178)) - Ozone Manager trash configuration: Deletion interval = 0 minutes, Emptier interval = 0 minutes.
2022-06-19 13:05:55,305 [org.apache.hadoop.util.JvmPauseMonitor$Monitor@da97587] INFO  util.JvmPauseMonitor (JvmPauseMonitor.java:run(188)) - Starting JVM pause monitor
2022-06-19 13:05:55,311 [Listener at 127.0.0.1/45241] INFO  impl.MetricsSystemImpl (MetricsSystemImpl.java:init(158)) - HddsDatanode metrics system started (again)
2022-06-19 13:05:55,348 [Listener at 127.0.0.1/45241] INFO  ozone.HddsDatanodeService (HddsDatanodeService.java:start(236)) - HddsDatanodeService host:fv-az58-449.32bp4kehjaiexiom31oljkjdjg.cx.internal.cloudapp.net ip:10.1.0.4
2022-06-19 13:05:55,396 [Listener at 127.0.0.1/45241] INFO  upgrade.AbstractLayoutVersionManager (AbstractLayoutVersionManager.java:init(82)) - Initializing Layout version manager with metadata layout = DATANODE_SCHEMA_V3 (version = 4), software layout = DATANODE_SCHEMA_V3 (version = 4)
2022-06-19 13:05:55,504 [Listener at 127.0.0.1/45241] INFO  reflections.Reflections (Reflections.java:scan(232)) - Reflections took 107 ms to scan 7 urls, producing 131 keys and 315 values 
2022-06-19 13:05:55,522 [Listener at 127.0.0.1/45241] INFO  statemachine.DatanodeStateMachine (DatanodeStateMachine.java:getEndPointTaskThreadPoolSize(237)) - Datanode State Machine Task Thread Pool size 2
2022-06-19 13:05:55,534 [Listener at 127.0.0.1/45241] INFO  volume.HddsVolume (HddsVolume.java:<init>(116)) - Creating HddsVolume: /home/runner/work/ozone/ozone/hadoop-ozone/integration-test/target/test-dir/MiniOzoneClusterImpl-2d0576aa-8de3-4753-8d37-6309ac1803f7/datanode-0/data-0/containers/hdds of storage type : DISK capacity : 9223372036854775807
2022-06-19 13:05:55,534 [Listener at 127.0.0.1/45241] INFO  volume.MutableVolumeSet (MutableVolumeSet.java:initializeVolumeSet(174)) - Added Volume : /home/runner/work/ozone/ozone/hadoop-ozone/integration-test/target/test-dir/MiniOzoneClusterImpl-2d0576aa-8de3-4753-8d37-6309ac1803f7/datanode-0/data-0/containers/hdds to VolumeSet
2022-06-19 13:05:55,534 [Listener at 127.0.0.1/45241] INFO  volume.ThrottledAsyncChecker (ThrottledAsyncChecker.java:schedule(141)) - Scheduling a check for /home/runner/work/ozone/ozone/hadoop-ozone/integration-test/target/test-dir/MiniOzoneClusterImpl-2d0576aa-8de3-4753-8d37-6309ac1803f7/datanode-0/data-0/containers/hdds
2022-06-19 13:05:55,541 [Listener at 127.0.0.1/45241] INFO  volume.StorageVolumeChecker (StorageVolumeChecker.java:checkAllVolumes(202)) - Scheduled health check for volume /home/runner/work/ozone/ozone/hadoop-ozone/integration-test/target/test-dir/MiniOzoneClusterImpl-2d0576aa-8de3-4753-8d37-6309ac1803f7/datanode-0/data-0/containers/hdds
2022-06-19 13:05:55,553 [Listener at 127.0.0.1/45241] INFO  volume.MutableVolumeSet (MutableVolumeSet.java:initializeVolumeSet(174)) - Added Volume : /home/runner/work/ozone/ozone/hadoop-ozone/integration-test/target/test-dir/MiniOzoneClusterImpl-2d0576aa-8de3-4753-8d37-6309ac1803f7/datanode-0/data/ratis to VolumeSet
2022-06-19 13:05:55,553 [Listener at 127.0.0.1/45241] INFO  volume.ThrottledAsyncChecker (ThrottledAsyncChecker.java:schedule(141)) - Scheduling a check for /home/runner/work/ozone/ozone/hadoop-ozone/integration-test/target/test-dir/MiniOzoneClusterImpl-2d0576aa-8de3-4753-8d37-6309ac1803f7/datanode-0/data/ratis
2022-06-19 13:05:55,554 [Listener at 127.0.0.1/45241] INFO  volume.StorageVolumeChecker (StorageVolumeChecker.java:checkAllVolumes(202)) - Scheduled health check for volume /home/runner/work/ozone/ozone/hadoop-ozone/integration-test/target/test-dir/MiniOzoneClusterImpl-2d0576aa-8de3-4753-8d37-6309ac1803f7/datanode-0/data/ratis
2022-06-19 13:05:55,565 [Thread-560] INFO  ozoneimpl.ContainerReader (ContainerReader.java:readVolume(172)) - Finish verifying containers on volume /home/runner/work/ozone/ozone/hadoop-ozone/integration-test/target/test-dir/MiniOzoneClusterImpl-2d0576aa-8de3-4753-8d37-6309ac1803f7/datanode-0/data-0/containers/hdds
2022-06-19 13:05:55,565 [Listener at 127.0.0.1/45241] INFO  ozoneimpl.OzoneContainer (OzoneContainer.java:buildContainerSet(266)) - Build ContainerSet costs 0s
2022-06-19 13:05:55,567 [Listener at 127.0.0.1/45241] INFO  server.RaftServer (ConfUtils.java:logGet(46)) - raft.rpc.type = GRPC (default)
2022-06-19 13:05:55,567 [Listener at 127.0.0.1/45241] INFO  grpc.GrpcFactory (GrpcFactory.java:checkPooledByteBufAllocatorUseCacheForAllThreads(48)) - PERFORMANCE WARNING: useCacheForAllThreads is true that may cause Netty to create a lot garbage objects and, as a result, trigger GC.
	It is recommended to disable useCacheForAllThreads by setting -Dorg.apache.ratis.thirdparty.io.netty.allocator.useCacheForAllThreads=false in command line.
2022-06-19 13:05:55,567 [Listener at 127.0.0.1/45241] INFO  grpc.GrpcConfigKeys (ConfUtils.java:logGet(46)) - raft.grpc.admin.port = 0 (custom)
2022-06-19 13:05:55,567 [Listener at 127.0.0.1/45241] INFO  grpc.GrpcConfigKeys (ConfUtils.java:logGet(46)) - raft.grpc.client.port = 0 (custom)
2022-06-19 13:05:55,568 [Listener at 127.0.0.1/45241] INFO  grpc.GrpcConfigKeys (ConfUtils.java:logGet(46)) - raft.grpc.server.port = 0 (default)
2022-06-19 13:05:55,568 [Listener at 127.0.0.1/45241] INFO  server.GrpcService (ConfUtils.java:logGet(46)) - raft.grpc.message.size.max = 32MB (=33554432) (custom)
2022-06-19 13:05:55,568 [Listener at 127.0.0.1/45241] INFO  server.RaftServerConfigKeys (ConfUtils.java:logGet(46)) - raft.server.log.appender.buffer.byte-limit = 33554432 (custom)
2022-06-19 13:05:55,568 [Listener at 127.0.0.1/45241] INFO  server.GrpcService (ConfUtils.java:logGet(46)) - raft.grpc.flow.control.window = 5MB (=5242880) (custom)
2022-06-19 13:05:55,568 [Listener at 127.0.0.1/45241] INFO  server.RaftServerConfigKeys (ConfUtils.java:logGet(46)) - raft.server.rpc.request.timeout = 60s (custom)
2022-06-19 13:05:55,568 [Listener at 127.0.0.1/45241] INFO  grpc.GrpcConfigKeys (ConfUtils.java:logGet(46)) - raft.grpc.server.async.request.thread.pool.cached = true (default)
2022-06-19 13:05:55,568 [Listener at 127.0.0.1/45241] INFO  grpc.GrpcConfigKeys (ConfUtils.java:logGet(46)) - raft.grpc.server.async.request.thread.pool.size = 32 (default)
2022-06-19 13:05:55,570 [Listener at 127.0.0.1/45241] INFO  impl.DataStreamServerImpl (ConfUtils.java:logGet(46)) - raft.datastream.type = DISABLED (default)
2022-06-19 13:05:55,570 [Listener at 127.0.0.1/45241] INFO  server.RaftServerConfigKeys (ConfUtils.java:logGet(46)) - raft.server.threadpool.proxy.cached = true (default)
2022-06-19 13:05:55,570 [Listener at 127.0.0.1/45241] INFO  server.RaftServerConfigKeys (ConfUtils.java:logGet(46)) - raft.server.threadpool.proxy.size = 0 (default)
2022-06-19 13:05:55,570 [Listener at 127.0.0.1/45241] INFO  server.RaftServerConfigKeys (ConfUtils.java:logGet(46)) - raft.server.rpc.slowness.timeout = 300s (custom)
2022-06-19 13:05:55,570 [Listener at 127.0.0.1/45241] INFO  server.RaftServerConfigKeys (ConfUtils.java:logGet(46)) - raft.server.leaderelection.leader.step-down.wait-time = 10s (default)
2022-06-19 13:05:55,570 [Listener at 127.0.0.1/45241] INFO  server.RaftServerConfigKeys (ConfUtils.java:logGet(46)) - raft.server.storage.dir = [/home/runner/work/ozone/ozone/hadoop-ozone/integration-test/target/test-dir/MiniOzoneClusterImpl-2d0576aa-8de3-4753-8d37-6309ac1803f7/datanode-0/data/ratis] (custom)
2022-06-19 13:05:55,578 [Listener at 127.0.0.1/45241] INFO  server.XceiverServerGrpc (XceiverServerGrpc.java:<init>(132)) - GrpcServer channel type EpollServerSocketChannel
2022-06-19 13:05:55,594 [Listener at 127.0.0.1/45241] INFO  http.BaseHttpServer (BaseHttpServer.java:newHttpServer2BuilderForOzone(209)) - Starting Web-server for hddsDatanode at: http://0.0.0.0:0
2022-06-19 13:05:55,594 [Listener at 127.0.0.1/45241] INFO  http.BaseHttpServer (BaseHttpServer.java:<init>(107)) - Hadoop Security Enabled: false Ozone Security Enabled: false Ozone HTTP Security Enabled: false 
2022-06-19 13:05:55,595 [Listener at 127.0.0.1/45241] INFO  server.AuthenticationFilter (AuthenticationFilter.java:constructSecretProvider(240)) - Unable to initialize FileSignerSecretProvider, falling back to use random secrets.
2022-06-19 13:05:55,612 [Listener at 127.0.0.1/45241] WARN  http.HttpRequestLog (HttpRequestLog.java:getRequestLog(103)) - Jetty request log can only be enabled using Log4j
2022-06-19 13:05:55,613 [Listener at 127.0.0.1/45241] INFO  http.HttpServer2 (HttpServer2.java:addGlobalFilter(1029)) - Added global filter 'safety' (class=org.apache.hadoop.hdds.server.http.HttpServer2$QuotingInputFilter)
2022-06-19 13:05:55,614 [Listener at 127.0.0.1/45241] INFO  http.HttpServer2 (HttpServer2.java:addFilter(1005)) - Added filter static_user_filter (class=org.apache.hadoop.http.lib.StaticUserWebFilter$StaticUserFilter) to context hddsDatanode
2022-06-19 13:05:55,614 [Listener at 127.0.0.1/45241] INFO  http.HttpServer2 (HttpServer2.java:addFilter(1013)) - Added filter static_user_filter (class=org.apache.hadoop.http.lib.StaticUserWebFilter$StaticUserFilter) to context logs
2022-06-19 13:05:55,614 [Listener at 127.0.0.1/45241] INFO  http.HttpServer2 (HttpServer2.java:addFilter(1013)) - Added filter static_user_filter (class=org.apache.hadoop.http.lib.StaticUserWebFilter$StaticUserFilter) to context static
2022-06-19 13:05:55,614 [Listener at 127.0.0.1/45241] INFO  http.HttpServer2 (HttpServer2.java:bindListener(1248)) - Jetty bound to port 41497
2022-06-19 13:05:55,614 [Listener at 127.0.0.1/45241] INFO  server.Server (Server.java:doStart(375)) - jetty-9.4.43.v20210629; built: 2021-06-30T11:07:22.254Z; git: 526006ecfa3af7f1a27ef3a288e2bef7ea9dd7e8; jvm 1.8.0_332-b09
2022-06-19 13:05:55,629 [Listener at 127.0.0.1/45241] INFO  server.session (DefaultSessionIdManager.java:doStart(334)) - DefaultSessionIdManager workerName=node0
2022-06-19 13:05:55,629 [Listener at 127.0.0.1/45241] INFO  server.session (DefaultSessionIdManager.java:doStart(339)) - No SessionScavenger set, using defaults
2022-06-19 13:05:55,629 [Listener at 127.0.0.1/45241] INFO  server.session (HouseKeeper.java:startScavenging(132)) - node0 Scavenging every 600000ms
2022-06-19 13:05:55,642 [Listener at 127.0.0.1/45241] INFO  handler.ContextHandler (ContextHandler.java:doStart(915)) - Started o.e.j.s.ServletContextHandler@7b1dca6c{logs,/logs,file:///home/runner/work/ozone/ozone/hadoop-ozone/integration-test/target/log,AVAILABLE}
2022-06-19 13:05:55,642 [Listener at 127.0.0.1/45241] INFO  handler.ContextHandler (ContextHandler.java:doStart(915)) - Started o.e.j.s.ServletContextHandler@6e77d9e6{static,/static,jar:file:/home/runner/.m2/repository/org/apache/ozone/hdds-container-service/1.3.0-SNAPSHOT/hdds-container-service-1.3.0-SNAPSHOT.jar!/webapps/static,AVAILABLE}
2022-06-19 13:05:56,068 [Listener at 127.0.0.1/45241] INFO  handler.ContextHandler (ContextHandler.java:doStart(915)) - Started o.e.j.w.WebAppContext@76a79d92{hddsDatanode,/,file:///tmp/jetty-0_0_0_0-41497-hdds-container-service-1_3_0-SNAPSHOT_jar-_-any-7157073844431026931/webapp/,AVAILABLE}{jar:file:/home/runner/.m2/repository/org/apache/ozone/hdds-container-service/1.3.0-SNAPSHOT/hdds-container-service-1.3.0-SNAPSHOT.jar!/webapps/hddsDatanode}
2022-06-19 13:05:56,089 [Listener at 127.0.0.1/45241] INFO  server.AbstractConnector (AbstractConnector.java:doStart(331)) - Started ServerConnector@51ed4c3f{HTTP/1.1, (http/1.1)}{0.0.0.0:41497}
2022-06-19 13:05:56,090 [Listener at 127.0.0.1/45241] INFO  server.Server (Server.java:doStart(415)) - Started @76326ms
2022-06-19 13:05:56,090 [Listener at 127.0.0.1/45241] WARN  impl.MetricsSystemImpl (MetricsSystemImpl.java:register(279)) - Sink prometheus already exists!
2022-06-19 13:05:56,093 [Listener at 127.0.0.1/45241] INFO  http.BaseHttpServer (BaseHttpServer.java:updateConnectorAddress(329)) - HTTP server of hddsDatanode listening at http://0.0.0.0:41497
2022-06-19 13:05:56,101 [Datanode State Machine Daemon Thread] INFO  statemachine.DatanodeStateMachine (DatanodeStateMachine.java:lambda$startDaemon$0(492)) - Ozone container server started.
2022-06-19 13:05:56,101 [Listener at 127.0.0.1/45241] INFO  impl.MetricsSystemImpl (MetricsSystemImpl.java:init(158)) - HddsDatanode metrics system started (again)
2022-06-19 13:05:56,170 [org.apache.hadoop.util.JvmPauseMonitor$Monitor@5e0459a3] INFO  util.JvmPauseMonitor (JvmPauseMonitor.java:run(188)) - Starting JVM pause monitor
2022-06-19 13:05:56,181 [Listener at 127.0.0.1/45241] INFO  ozone.HddsDatanodeService (HddsDatanodeService.java:start(236)) - HddsDatanodeService host:fv-az58-449.32bp4kehjaiexiom31oljkjdjg.cx.internal.cloudapp.net ip:10.1.0.4
2022-06-19 13:05:56,189 [Datanode State Machine Task Thread - 0] INFO  datanode.InitDatanodeState (InitDatanodeState.java:persistContainerDatanodeDetails(138)) - DatanodeDetails is persisted to /home/runner/work/ozone/ozone/hadoop-ozone/integration-test/target/test-dir/MiniOzoneClusterImpl-2d0576aa-8de3-4753-8d37-6309ac1803f7/datanode-0/meta/datanode.id
2022-06-19 13:05:56,212 [Listener at 127.0.0.1/45241] INFO  upgrade.AbstractLayoutVersionManager (AbstractLayoutVersionManager.java:init(82)) - Initializing Layout version manager with metadata layout = DATANODE_SCHEMA_V3 (version = 4), software layout = DATANODE_SCHEMA_V3 (version = 4)
2022-06-19 13:05:56,337 [Listener at 127.0.0.1/45241] INFO  reflections.Reflections (Reflections.java:scan(232)) - Reflections took 124 ms to scan 7 urls, producing 131 keys and 315 values 
2022-06-19 13:05:56,350 [Listener at 127.0.0.1/45241] INFO  statemachine.DatanodeStateMachine (DatanodeStateMachine.java:getEndPointTaskThreadPoolSize(237)) - Datanode State Machine Task Thread Pool size 2
2022-06-19 13:05:56,362 [Listener at 127.0.0.1/45241] INFO  volume.HddsVolume (HddsVolume.java:<init>(116)) - Creating HddsVolume: /home/runner/work/ozone/ozone/hadoop-ozone/integration-test/target/test-dir/MiniOzoneClusterImpl-2d0576aa-8de3-4753-8d37-6309ac1803f7/datanode-1/data-0/containers/hdds of storage type : DISK capacity : 9223372036854775807
2022-06-19 13:05:56,363 [Listener at 127.0.0.1/45241] INFO  volume.MutableVolumeSet (MutableVolumeSet.java:initializeVolumeSet(174)) - Added Volume : /home/runner/work/ozone/ozone/hadoop-ozone/integration-test/target/test-dir/MiniOzoneClusterImpl-2d0576aa-8de3-4753-8d37-6309ac1803f7/datanode-1/data-0/containers/hdds to VolumeSet
2022-06-19 13:05:56,363 [Listener at 127.0.0.1/45241] INFO  volume.ThrottledAsyncChecker (ThrottledAsyncChecker.java:schedule(141)) - Scheduling a check for /home/runner/work/ozone/ozone/hadoop-ozone/integration-test/target/test-dir/MiniOzoneClusterImpl-2d0576aa-8de3-4753-8d37-6309ac1803f7/datanode-1/data-0/containers/hdds
2022-06-19 13:05:56,377 [Listener at 127.0.0.1/45241] INFO  volume.StorageVolumeChecker (StorageVolumeChecker.java:checkAllVolumes(202)) - Scheduled health check for volume /home/runner/work/ozone/ozone/hadoop-ozone/integration-test/target/test-dir/MiniOzoneClusterImpl-2d0576aa-8de3-4753-8d37-6309ac1803f7/datanode-1/data-0/containers/hdds
2022-06-19 13:05:56,394 [Listener at 127.0.0.1/45241] INFO  volume.MutableVolumeSet (MutableVolumeSet.java:initializeVolumeSet(174)) - Added Volume : /home/runner/work/ozone/ozone/hadoop-ozone/integration-test/target/test-dir/MiniOzoneClusterImpl-2d0576aa-8de3-4753-8d37-6309ac1803f7/datanode-1/data/ratis to VolumeSet
2022-06-19 13:05:56,394 [Listener at 127.0.0.1/45241] INFO  volume.ThrottledAsyncChecker (ThrottledAsyncChecker.java:schedule(141)) - Scheduling a check for /home/runner/work/ozone/ozone/hadoop-ozone/integration-test/target/test-dir/MiniOzoneClusterImpl-2d0576aa-8de3-4753-8d37-6309ac1803f7/datanode-1/data/ratis
2022-06-19 13:05:56,394 [Listener at 127.0.0.1/45241] INFO  volume.StorageVolumeChecker (StorageVolumeChecker.java:checkAllVolumes(202)) - Scheduled health check for volume /home/runner/work/ozone/ozone/hadoop-ozone/integration-test/target/test-dir/MiniOzoneClusterImpl-2d0576aa-8de3-4753-8d37-6309ac1803f7/datanode-1/data/ratis
2022-06-19 13:05:56,469 [Thread-573] INFO  ozoneimpl.ContainerReader (ContainerReader.java:readVolume(172)) - Finish verifying containers on volume /home/runner/work/ozone/ozone/hadoop-ozone/integration-test/target/test-dir/MiniOzoneClusterImpl-2d0576aa-8de3-4753-8d37-6309ac1803f7/datanode-1/data-0/containers/hdds
2022-06-19 13:05:56,469 [Listener at 127.0.0.1/45241] INFO  ozoneimpl.OzoneContainer (OzoneContainer.java:buildContainerSet(266)) - Build ContainerSet costs 0s
2022-06-19 13:05:56,471 [Listener at 127.0.0.1/45241] INFO  server.RaftServer (ConfUtils.java:logGet(46)) - raft.rpc.type = GRPC (default)
2022-06-19 13:05:56,472 [Listener at 127.0.0.1/45241] INFO  grpc.GrpcFactory (GrpcFactory.java:checkPooledByteBufAllocatorUseCacheForAllThreads(48)) - PERFORMANCE WARNING: useCacheForAllThreads is true that may cause Netty to create a lot garbage objects and, as a result, trigger GC.
	It is recommended to disable useCacheForAllThreads by setting -Dorg.apache.ratis.thirdparty.io.netty.allocator.useCacheForAllThreads=false in command line.
2022-06-19 13:05:56,472 [Listener at 127.0.0.1/45241] INFO  grpc.GrpcConfigKeys (ConfUtils.java:logGet(46)) - raft.grpc.admin.port = 0 (custom)
2022-06-19 13:05:56,472 [Listener at 127.0.0.1/45241] INFO  grpc.GrpcConfigKeys (ConfUtils.java:logGet(46)) - raft.grpc.client.port = 0 (custom)
2022-06-19 13:05:56,472 [Listener at 127.0.0.1/45241] INFO  grpc.GrpcConfigKeys (ConfUtils.java:logGet(46)) - raft.grpc.server.port = 0 (default)
2022-06-19 13:05:56,472 [Listener at 127.0.0.1/45241] INFO  server.GrpcService (ConfUtils.java:logGet(46)) - raft.grpc.message.size.max = 32MB (=33554432) (custom)
2022-06-19 13:05:56,472 [Listener at 127.0.0.1/45241] INFO  server.RaftServerConfigKeys (ConfUtils.java:logGet(46)) - raft.server.log.appender.buffer.byte-limit = 33554432 (custom)
2022-06-19 13:05:56,472 [Listener at 127.0.0.1/45241] INFO  server.GrpcService (ConfUtils.java:logGet(46)) - raft.grpc.flow.control.window = 5MB (=5242880) (custom)
2022-06-19 13:05:56,472 [Listener at 127.0.0.1/45241] INFO  server.RaftServerConfigKeys (ConfUtils.java:logGet(46)) - raft.server.rpc.request.timeout = 60s (custom)
2022-06-19 13:05:56,473 [Listener at 127.0.0.1/45241] INFO  grpc.GrpcConfigKeys (ConfUtils.java:logGet(46)) - raft.grpc.server.async.request.thread.pool.cached = true (default)
2022-06-19 13:05:56,473 [Listener at 127.0.0.1/45241] INFO  grpc.GrpcConfigKeys (ConfUtils.java:logGet(46)) - raft.grpc.server.async.request.thread.pool.size = 32 (default)
2022-06-19 13:05:56,493 [Listener at 127.0.0.1/45241] INFO  impl.DataStreamServerImpl (ConfUtils.java:logGet(46)) - raft.datastream.type = DISABLED (default)
2022-06-19 13:05:56,493 [Listener at 127.0.0.1/45241] INFO  server.RaftServerConfigKeys (ConfUtils.java:logGet(46)) - raft.server.threadpool.proxy.cached = true (default)
2022-06-19 13:05:56,494 [Listener at 127.0.0.1/45241] INFO  server.RaftServerConfigKeys (ConfUtils.java:logGet(46)) - raft.server.threadpool.proxy.size = 0 (default)
2022-06-19 13:05:56,494 [Listener at 127.0.0.1/45241] INFO  server.RaftServerConfigKeys (ConfUtils.java:logGet(46)) - raft.server.rpc.slowness.timeout = 300s (custom)
2022-06-19 13:05:56,494 [Listener at 127.0.0.1/45241] INFO  server.RaftServerConfigKeys (ConfUtils.java:logGet(46)) - raft.server.leaderelection.leader.step-down.wait-time = 10s (default)
2022-06-19 13:05:56,494 [Listener at 127.0.0.1/45241] INFO  server.RaftServerConfigKeys (ConfUtils.java:logGet(46)) - raft.server.storage.dir = [/home/runner/work/ozone/ozone/hadoop-ozone/integration-test/target/test-dir/MiniOzoneClusterImpl-2d0576aa-8de3-4753-8d37-6309ac1803f7/datanode-1/data/ratis] (custom)
2022-06-19 13:05:56,498 [Listener at 127.0.0.1/45241] INFO  server.XceiverServerGrpc (XceiverServerGrpc.java:<init>(132)) - GrpcServer channel type EpollServerSocketChannel
2022-06-19 13:05:56,510 [Listener at 127.0.0.1/45241] INFO  http.BaseHttpServer (BaseHttpServer.java:newHttpServer2BuilderForOzone(209)) - Starting Web-server for hddsDatanode at: http://0.0.0.0:0
2022-06-19 13:05:56,510 [Listener at 127.0.0.1/45241] INFO  http.BaseHttpServer (BaseHttpServer.java:<init>(107)) - Hadoop Security Enabled: false Ozone Security Enabled: false Ozone HTTP Security Enabled: false 
2022-06-19 13:05:56,511 [Listener at 127.0.0.1/45241] INFO  server.AuthenticationFilter (AuthenticationFilter.java:constructSecretProvider(240)) - Unable to initialize FileSignerSecretProvider, falling back to use random secrets.
2022-06-19 13:05:56,521 [Listener at 127.0.0.1/45241] WARN  http.HttpRequestLog (HttpRequestLog.java:getRequestLog(103)) - Jetty request log can only be enabled using Log4j
2022-06-19 13:05:56,522 [Listener at 127.0.0.1/45241] INFO  http.HttpServer2 (HttpServer2.java:addGlobalFilter(1029)) - Added global filter 'safety' (class=org.apache.hadoop.hdds.server.http.HttpServer2$QuotingInputFilter)
2022-06-19 13:05:56,523 [Listener at 127.0.0.1/45241] INFO  http.HttpServer2 (HttpServer2.java:addFilter(1005)) - Added filter static_user_filter (class=org.apache.hadoop.http.lib.StaticUserWebFilter$StaticUserFilter) to context hddsDatanode
2022-06-19 13:05:56,523 [Listener at 127.0.0.1/45241] INFO  http.HttpServer2 (HttpServer2.java:addFilter(1013)) - Added filter static_user_filter (class=org.apache.hadoop.http.lib.StaticUserWebFilter$StaticUserFilter) to context static
2022-06-19 13:05:56,523 [Listener at 127.0.0.1/45241] INFO  http.HttpServer2 (HttpServer2.java:addFilter(1013)) - Added filter static_user_filter (class=org.apache.hadoop.http.lib.StaticUserWebFilter$StaticUserFilter) to context logs
2022-06-19 13:05:56,523 [Listener at 127.0.0.1/45241] INFO  http.HttpServer2 (HttpServer2.java:bindListener(1248)) - Jetty bound to port 38287
2022-06-19 13:05:56,524 [Listener at 127.0.0.1/45241] INFO  server.Server (Server.java:doStart(375)) - jetty-9.4.43.v20210629; built: 2021-06-30T11:07:22.254Z; git: 526006ecfa3af7f1a27ef3a288e2bef7ea9dd7e8; jvm 1.8.0_332-b09
2022-06-19 13:05:56,589 [Listener at 127.0.0.1/45241] INFO  server.session (DefaultSessionIdManager.java:doStart(334)) - DefaultSessionIdManager workerName=node0
2022-06-19 13:05:56,590 [Listener at 127.0.0.1/45241] INFO  server.session (DefaultSessionIdManager.java:doStart(339)) - No SessionScavenger set, using defaults
2022-06-19 13:05:56,590 [Listener at 127.0.0.1/45241] INFO  server.session (HouseKeeper.java:startScavenging(132)) - node0 Scavenging every 660000ms
2022-06-19 13:05:56,593 [Listener at 127.0.0.1/45241] INFO  handler.ContextHandler (ContextHandler.java:doStart(915)) - Started o.e.j.s.ServletContextHandler@7aa83ac7{logs,/logs,file:///home/runner/work/ozone/ozone/hadoop-ozone/integration-test/target/log,AVAILABLE}
2022-06-19 13:05:56,594 [Listener at 127.0.0.1/45241] INFO  handler.ContextHandler (ContextHandler.java:doStart(915)) - Started o.e.j.s.ServletContextHandler@75210d98{static,/static,jar:file:/home/runner/.m2/repository/org/apache/ozone/hdds-container-service/1.3.0-SNAPSHOT/hdds-container-service-1.3.0-SNAPSHOT.jar!/webapps/static,AVAILABLE}
2022-06-19 13:05:57,103 [Listener at 127.0.0.1/45241] INFO  handler.ContextHandler (ContextHandler.java:doStart(915)) - Started o.e.j.w.WebAppContext@162e433{hddsDatanode,/,file:///tmp/jetty-0_0_0_0-38287-hdds-container-service-1_3_0-SNAPSHOT_jar-_-any-8774679487316308794/webapp/,AVAILABLE}{jar:file:/home/runner/.m2/repository/org/apache/ozone/hdds-container-service/1.3.0-SNAPSHOT/hdds-container-service-1.3.0-SNAPSHOT.jar!/webapps/hddsDatanode}
2022-06-19 13:05:57,104 [Listener at 127.0.0.1/45241] INFO  server.AbstractConnector (AbstractConnector.java:doStart(331)) - Started ServerConnector@60144454{HTTP/1.1, (http/1.1)}{0.0.0.0:38287}
2022-06-19 13:05:57,105 [Listener at 127.0.0.1/45241] INFO  server.Server (Server.java:doStart(415)) - Started @77341ms
2022-06-19 13:05:57,105 [Listener at 127.0.0.1/45241] WARN  impl.MetricsSystemImpl (MetricsSystemImpl.java:register(279)) - Sink prometheus already exists!
2022-06-19 13:05:57,109 [Listener at 127.0.0.1/45241] INFO  http.BaseHttpServer (BaseHttpServer.java:updateConnectorAddress(329)) - HTTP server of hddsDatanode listening at http://0.0.0.0:38287
2022-06-19 13:05:57,121 [Listener at 127.0.0.1/45241] INFO  impl.MetricsSystemImpl (MetricsSystemImpl.java:init(158)) - HddsDatanode metrics system started (again)
2022-06-19 13:05:57,132 [Listener at 127.0.0.1/45241] INFO  ozone.HddsDatanodeService (HddsDatanodeService.java:start(236)) - HddsDatanodeService host:fv-az58-449.32bp4kehjaiexiom31oljkjdjg.cx.internal.cloudapp.net ip:10.1.0.4
2022-06-19 13:05:57,132 [Datanode State Machine Daemon Thread] INFO  statemachine.DatanodeStateMachine (DatanodeStateMachine.java:lambda$startDaemon$0(492)) - Ozone container server started.
2022-06-19 13:05:57,141 [org.apache.hadoop.util.JvmPauseMonitor$Monitor@952d9a8] INFO  util.JvmPauseMonitor (JvmPauseMonitor.java:run(188)) - Starting JVM pause monitor
2022-06-19 13:05:57,162 [Datanode State Machine Task Thread - 0] INFO  datanode.InitDatanodeState (InitDatanodeState.java:persistContainerDatanodeDetails(138)) - DatanodeDetails is persisted to /home/runner/work/ozone/ozone/hadoop-ozone/integration-test/target/test-dir/MiniOzoneClusterImpl-2d0576aa-8de3-4753-8d37-6309ac1803f7/datanode-1/meta/datanode.id
2022-06-19 13:05:57,173 [Listener at 127.0.0.1/45241] INFO  upgrade.AbstractLayoutVersionManager (AbstractLayoutVersionManager.java:init(82)) - Initializing Layout version manager with metadata layout = DATANODE_SCHEMA_V3 (version = 4), software layout = DATANODE_SCHEMA_V3 (version = 4)
2022-06-19 13:05:57,294 [Listener at 127.0.0.1/45241] INFO  reflections.Reflections (Reflections.java:scan(232)) - Reflections took 120 ms to scan 7 urls, producing 131 keys and 315 values 
2022-06-19 13:05:57,304 [Listener at 127.0.0.1/45241] INFO  statemachine.DatanodeStateMachine (DatanodeStateMachine.java:getEndPointTaskThreadPoolSize(237)) - Datanode State Machine Task Thread Pool size 2
2022-06-19 13:05:57,314 [Listener at 127.0.0.1/45241] INFO  volume.HddsVolume (HddsVolume.java:<init>(116)) - Creating HddsVolume: /home/runner/work/ozone/ozone/hadoop-ozone/integration-test/target/test-dir/MiniOzoneClusterImpl-2d0576aa-8de3-4753-8d37-6309ac1803f7/datanode-2/data-0/containers/hdds of storage type : DISK capacity : 9223372036854775807
2022-06-19 13:05:57,314 [Listener at 127.0.0.1/45241] INFO  volume.MutableVolumeSet (MutableVolumeSet.java:initializeVolumeSet(174)) - Added Volume : /home/runner/work/ozone/ozone/hadoop-ozone/integration-test/target/test-dir/MiniOzoneClusterImpl-2d0576aa-8de3-4753-8d37-6309ac1803f7/datanode-2/data-0/containers/hdds to VolumeSet
2022-06-19 13:05:57,314 [Listener at 127.0.0.1/45241] INFO  volume.ThrottledAsyncChecker (ThrottledAsyncChecker.java:schedule(141)) - Scheduling a check for /home/runner/work/ozone/ozone/hadoop-ozone/integration-test/target/test-dir/MiniOzoneClusterImpl-2d0576aa-8de3-4753-8d37-6309ac1803f7/datanode-2/data-0/containers/hdds
2022-06-19 13:05:57,334 [Listener at 127.0.0.1/45241] INFO  volume.StorageVolumeChecker (StorageVolumeChecker.java:checkAllVolumes(202)) - Scheduled health check for volume /home/runner/work/ozone/ozone/hadoop-ozone/integration-test/target/test-dir/MiniOzoneClusterImpl-2d0576aa-8de3-4753-8d37-6309ac1803f7/datanode-2/data-0/containers/hdds
2022-06-19 13:05:57,350 [Listener at 127.0.0.1/45241] INFO  volume.MutableVolumeSet (MutableVolumeSet.java:initializeVolumeSet(174)) - Added Volume : /home/runner/work/ozone/ozone/hadoop-ozone/integration-test/target/test-dir/MiniOzoneClusterImpl-2d0576aa-8de3-4753-8d37-6309ac1803f7/datanode-2/data/ratis to VolumeSet
2022-06-19 13:05:57,350 [Listener at 127.0.0.1/45241] INFO  volume.ThrottledAsyncChecker (ThrottledAsyncChecker.java:schedule(141)) - Scheduling a check for /home/runner/work/ozone/ozone/hadoop-ozone/integration-test/target/test-dir/MiniOzoneClusterImpl-2d0576aa-8de3-4753-8d37-6309ac1803f7/datanode-2/data/ratis
2022-06-19 13:05:57,350 [Listener at 127.0.0.1/45241] INFO  volume.StorageVolumeChecker (StorageVolumeChecker.java:checkAllVolumes(202)) - Scheduled health check for volume /home/runner/work/ozone/ozone/hadoop-ozone/integration-test/target/test-dir/MiniOzoneClusterImpl-2d0576aa-8de3-4753-8d37-6309ac1803f7/datanode-2/data/ratis
2022-06-19 13:05:57,389 [Thread-586] INFO  ozoneimpl.ContainerReader (ContainerReader.java:readVolume(172)) - Finish verifying containers on volume /home/runner/work/ozone/ozone/hadoop-ozone/integration-test/target/test-dir/MiniOzoneClusterImpl-2d0576aa-8de3-4753-8d37-6309ac1803f7/datanode-2/data-0/containers/hdds
2022-06-19 13:05:57,389 [Listener at 127.0.0.1/45241] INFO  ozoneimpl.OzoneContainer (OzoneContainer.java:buildContainerSet(266)) - Build ContainerSet costs 0s
2022-06-19 13:05:57,405 [Listener at 127.0.0.1/45241] INFO  server.RaftServer (ConfUtils.java:logGet(46)) - raft.rpc.type = GRPC (default)
2022-06-19 13:05:57,405 [Listener at 127.0.0.1/45241] INFO  grpc.GrpcFactory (GrpcFactory.java:checkPooledByteBufAllocatorUseCacheForAllThreads(48)) - PERFORMANCE WARNING: useCacheForAllThreads is true that may cause Netty to create a lot garbage objects and, as a result, trigger GC.
	It is recommended to disable useCacheForAllThreads by setting -Dorg.apache.ratis.thirdparty.io.netty.allocator.useCacheForAllThreads=false in command line.
2022-06-19 13:05:57,406 [Listener at 127.0.0.1/45241] INFO  grpc.GrpcConfigKeys (ConfUtils.java:logGet(46)) - raft.grpc.admin.port = 0 (custom)
2022-06-19 13:05:57,406 [Listener at 127.0.0.1/45241] INFO  grpc.GrpcConfigKeys (ConfUtils.java:logGet(46)) - raft.grpc.client.port = 0 (custom)
2022-06-19 13:05:57,406 [Listener at 127.0.0.1/45241] INFO  grpc.GrpcConfigKeys (ConfUtils.java:logGet(46)) - raft.grpc.server.port = 0 (default)
2022-06-19 13:05:57,406 [Listener at 127.0.0.1/45241] INFO  server.GrpcService (ConfUtils.java:logGet(46)) - raft.grpc.message.size.max = 32MB (=33554432) (custom)
2022-06-19 13:05:57,406 [Listener at 127.0.0.1/45241] INFO  server.RaftServerConfigKeys (ConfUtils.java:logGet(46)) - raft.server.log.appender.buffer.byte-limit = 33554432 (custom)
2022-06-19 13:05:57,406 [Listener at 127.0.0.1/45241] INFO  server.GrpcService (ConfUtils.java:logGet(46)) - raft.grpc.flow.control.window = 5MB (=5242880) (custom)
2022-06-19 13:05:57,406 [Listener at 127.0.0.1/45241] INFO  server.RaftServerConfigKeys (ConfUtils.java:logGet(46)) - raft.server.rpc.request.timeout = 60s (custom)
2022-06-19 13:05:57,406 [Listener at 127.0.0.1/45241] INFO  grpc.GrpcConfigKeys (ConfUtils.java:logGet(46)) - raft.grpc.server.async.request.thread.pool.cached = true (default)
2022-06-19 13:05:57,406 [Listener at 127.0.0.1/45241] INFO  grpc.GrpcConfigKeys (ConfUtils.java:logGet(46)) - raft.grpc.server.async.request.thread.pool.size = 32 (default)
2022-06-19 13:05:57,411 [Listener at 127.0.0.1/45241] INFO  impl.DataStreamServerImpl (ConfUtils.java:logGet(46)) - raft.datastream.type = DISABLED (default)
2022-06-19 13:05:57,411 [Listener at 127.0.0.1/45241] INFO  server.RaftServerConfigKeys (ConfUtils.java:logGet(46)) - raft.server.threadpool.proxy.cached = true (default)
2022-06-19 13:05:57,411 [Listener at 127.0.0.1/45241] INFO  server.RaftServerConfigKeys (ConfUtils.java:logGet(46)) - raft.server.threadpool.proxy.size = 0 (default)
2022-06-19 13:05:57,411 [Listener at 127.0.0.1/45241] INFO  server.RaftServerConfigKeys (ConfUtils.java:logGet(46)) - raft.server.rpc.slowness.timeout = 300s (custom)
2022-06-19 13:05:57,411 [Listener at 127.0.0.1/45241] INFO  server.RaftServerConfigKeys (ConfUtils.java:logGet(46)) - raft.server.leaderelection.leader.step-down.wait-time = 10s (default)
2022-06-19 13:05:57,411 [Listener at 127.0.0.1/45241] INFO  server.RaftServerConfigKeys (ConfUtils.java:logGet(46)) - raft.server.storage.dir = [/home/runner/work/ozone/ozone/hadoop-ozone/integration-test/target/test-dir/MiniOzoneClusterImpl-2d0576aa-8de3-4753-8d37-6309ac1803f7/datanode-2/data/ratis] (custom)
2022-06-19 13:05:57,428 [Listener at 127.0.0.1/45241] INFO  server.XceiverServerGrpc (XceiverServerGrpc.java:<init>(132)) - GrpcServer channel type EpollServerSocketChannel
2022-06-19 13:05:57,438 [Listener at 127.0.0.1/45241] INFO  http.BaseHttpServer (BaseHttpServer.java:newHttpServer2BuilderForOzone(209)) - Starting Web-server for hddsDatanode at: http://0.0.0.0:0
2022-06-19 13:05:57,438 [Listener at 127.0.0.1/45241] INFO  http.BaseHttpServer (BaseHttpServer.java:<init>(107)) - Hadoop Security Enabled: false Ozone Security Enabled: false Ozone HTTP Security Enabled: false 
2022-06-19 13:05:57,439 [Listener at 127.0.0.1/45241] INFO  server.AuthenticationFilter (AuthenticationFilter.java:constructSecretProvider(240)) - Unable to initialize FileSignerSecretProvider, falling back to use random secrets.
2022-06-19 13:05:57,457 [Listener at 127.0.0.1/45241] WARN  http.HttpRequestLog (HttpRequestLog.java:getRequestLog(103)) - Jetty request log can only be enabled using Log4j
2022-06-19 13:05:57,458 [Listener at 127.0.0.1/45241] INFO  http.HttpServer2 (HttpServer2.java:addGlobalFilter(1029)) - Added global filter 'safety' (class=org.apache.hadoop.hdds.server.http.HttpServer2$QuotingInputFilter)
2022-06-19 13:05:57,459 [Listener at 127.0.0.1/45241] INFO  http.HttpServer2 (HttpServer2.java:addFilter(1005)) - Added filter static_user_filter (class=org.apache.hadoop.http.lib.StaticUserWebFilter$StaticUserFilter) to context hddsDatanode
2022-06-19 13:05:57,459 [Listener at 127.0.0.1/45241] INFO  http.HttpServer2 (HttpServer2.java:addFilter(1013)) - Added filter static_user_filter (class=org.apache.hadoop.http.lib.StaticUserWebFilter$StaticUserFilter) to context static
2022-06-19 13:05:57,459 [Listener at 127.0.0.1/45241] INFO  http.HttpServer2 (HttpServer2.java:addFilter(1013)) - Added filter static_user_filter (class=org.apache.hadoop.http.lib.StaticUserWebFilter$StaticUserFilter) to context logs
2022-06-19 13:05:57,459 [Listener at 127.0.0.1/45241] INFO  http.HttpServer2 (HttpServer2.java:bindListener(1248)) - Jetty bound to port 39379
2022-06-19 13:05:57,460 [Listener at 127.0.0.1/45241] INFO  server.Server (Server.java:doStart(375)) - jetty-9.4.43.v20210629; built: 2021-06-30T11:07:22.254Z; git: 526006ecfa3af7f1a27ef3a288e2bef7ea9dd7e8; jvm 1.8.0_332-b09
2022-06-19 13:05:57,534 [Listener at 127.0.0.1/45241] INFO  server.session (DefaultSessionIdManager.java:doStart(334)) - DefaultSessionIdManager workerName=node0
2022-06-19 13:05:57,534 [Listener at 127.0.0.1/45241] INFO  server.session (DefaultSessionIdManager.java:doStart(339)) - No SessionScavenger set, using defaults
2022-06-19 13:05:57,535 [Listener at 127.0.0.1/45241] INFO  server.session (HouseKeeper.java:startScavenging(132)) - node0 Scavenging every 600000ms
2022-06-19 13:05:57,535 [Listener at 127.0.0.1/45241] INFO  handler.ContextHandler (ContextHandler.java:doStart(915)) - Started o.e.j.s.ServletContextHandler@1fd66db2{logs,/logs,file:///home/runner/work/ozone/ozone/hadoop-ozone/integration-test/target/log,AVAILABLE}
2022-06-19 13:05:57,536 [Listener at 127.0.0.1/45241] INFO  handler.ContextHandler (ContextHandler.java:doStart(915)) - Started o.e.j.s.ServletContextHandler@61c4f556{static,/static,jar:file:/home/runner/.m2/repository/org/apache/ozone/hdds-container-service/1.3.0-SNAPSHOT/hdds-container-service-1.3.0-SNAPSHOT.jar!/webapps/static,AVAILABLE}
2022-06-19 13:05:57,910 [Listener at 127.0.0.1/45241] INFO  handler.ContextHandler (ContextHandler.java:doStart(915)) - Started o.e.j.w.WebAppContext@22c0b71f{hddsDatanode,/,file:///tmp/jetty-0_0_0_0-39379-hdds-container-service-1_3_0-SNAPSHOT_jar-_-any-8410137709690042415/webapp/,AVAILABLE}{jar:file:/home/runner/.m2/repository/org/apache/ozone/hdds-container-service/1.3.0-SNAPSHOT/hdds-container-service-1.3.0-SNAPSHOT.jar!/webapps/hddsDatanode}
2022-06-19 13:05:57,933 [Listener at 127.0.0.1/45241] INFO  server.AbstractConnector (AbstractConnector.java:doStart(331)) - Started ServerConnector@40330cb1{HTTP/1.1, (http/1.1)}{0.0.0.0:39379}
2022-06-19 13:05:57,933 [Listener at 127.0.0.1/45241] INFO  server.Server (Server.java:doStart(415)) - Started @78170ms
2022-06-19 13:05:57,934 [Listener at 127.0.0.1/45241] WARN  impl.MetricsSystemImpl (MetricsSystemImpl.java:register(279)) - Sink prometheus already exists!
2022-06-19 13:05:57,934 [Listener at 127.0.0.1/45241] INFO  http.BaseHttpServer (BaseHttpServer.java:updateConnectorAddress(329)) - HTTP server of hddsDatanode listening at http://0.0.0.0:39379
2022-06-19 13:05:57,941 [Listener at 127.0.0.1/45241] INFO  impl.MetricsSystemImpl (MetricsSystemImpl.java:init(158)) - HddsDatanode metrics system started (again)
2022-06-19 13:05:57,949 [Datanode State Machine Daemon Thread] INFO  statemachine.DatanodeStateMachine (DatanodeStateMachine.java:lambda$startDaemon$0(492)) - Ozone container server started.
2022-06-19 13:05:57,965 [org.apache.hadoop.util.JvmPauseMonitor$Monitor@1a7af11d] INFO  util.JvmPauseMonitor (JvmPauseMonitor.java:run(188)) - Starting JVM pause monitor
2022-06-19 13:05:57,976 [Listener at 127.0.0.1/45241] INFO  ozone.HddsDatanodeService (HddsDatanodeService.java:start(236)) - HddsDatanodeService host:fv-az58-449.32bp4kehjaiexiom31oljkjdjg.cx.internal.cloudapp.net ip:10.1.0.4
2022-06-19 13:05:57,983 [Datanode State Machine Task Thread - 0] INFO  datanode.InitDatanodeState (InitDatanodeState.java:persistContainerDatanodeDetails(138)) - DatanodeDetails is persisted to /home/runner/work/ozone/ozone/hadoop-ozone/integration-test/target/test-dir/MiniOzoneClusterImpl-2d0576aa-8de3-4753-8d37-6309ac1803f7/datanode-2/meta/datanode.id
2022-06-19 13:05:58,017 [Listener at 127.0.0.1/45241] INFO  upgrade.AbstractLayoutVersionManager (AbstractLayoutVersionManager.java:init(82)) - Initializing Layout version manager with metadata layout = DATANODE_SCHEMA_V3 (version = 4), software layout = DATANODE_SCHEMA_V3 (version = 4)
2022-06-19 13:05:58,134 [Listener at 127.0.0.1/45241] INFO  reflections.Reflections (Reflections.java:scan(232)) - Reflections took 116 ms to scan 7 urls, producing 131 keys and 315 values 
2022-06-19 13:05:58,136 [Listener at 127.0.0.1/45241] INFO  statemachine.DatanodeStateMachine (DatanodeStateMachine.java:getEndPointTaskThreadPoolSize(237)) - Datanode State Machine Task Thread Pool size 2
2022-06-19 13:05:58,150 [Listener at 127.0.0.1/45241] INFO  volume.HddsVolume (HddsVolume.java:<init>(116)) - Creating HddsVolume: /home/runner/work/ozone/ozone/hadoop-ozone/integration-test/target/test-dir/MiniOzoneClusterImpl-2d0576aa-8de3-4753-8d37-6309ac1803f7/datanode-3/data-0/containers/hdds of storage type : DISK capacity : 9223372036854775807
2022-06-19 13:05:58,150 [Listener at 127.0.0.1/45241] INFO  volume.MutableVolumeSet (MutableVolumeSet.java:initializeVolumeSet(174)) - Added Volume : /home/runner/work/ozone/ozone/hadoop-ozone/integration-test/target/test-dir/MiniOzoneClusterImpl-2d0576aa-8de3-4753-8d37-6309ac1803f7/datanode-3/data-0/containers/hdds to VolumeSet
2022-06-19 13:05:58,150 [Listener at 127.0.0.1/45241] INFO  volume.ThrottledAsyncChecker (ThrottledAsyncChecker.java:schedule(141)) - Scheduling a check for /home/runner/work/ozone/ozone/hadoop-ozone/integration-test/target/test-dir/MiniOzoneClusterImpl-2d0576aa-8de3-4753-8d37-6309ac1803f7/datanode-3/data-0/containers/hdds
2022-06-19 13:05:58,158 [Listener at 127.0.0.1/45241] INFO  volume.StorageVolumeChecker (StorageVolumeChecker.java:checkAllVolumes(202)) - Scheduled health check for volume /home/runner/work/ozone/ozone/hadoop-ozone/integration-test/target/test-dir/MiniOzoneClusterImpl-2d0576aa-8de3-4753-8d37-6309ac1803f7/datanode-3/data-0/containers/hdds
2022-06-19 13:05:58,189 [Listener at 127.0.0.1/45241] INFO  volume.MutableVolumeSet (MutableVolumeSet.java:initializeVolumeSet(174)) - Added Volume : /home/runner/work/ozone/ozone/hadoop-ozone/integration-test/target/test-dir/MiniOzoneClusterImpl-2d0576aa-8de3-4753-8d37-6309ac1803f7/datanode-3/data/ratis to VolumeSet
2022-06-19 13:05:58,190 [Listener at 127.0.0.1/45241] INFO  volume.ThrottledAsyncChecker (ThrottledAsyncChecker.java:schedule(141)) - Scheduling a check for /home/runner/work/ozone/ozone/hadoop-ozone/integration-test/target/test-dir/MiniOzoneClusterImpl-2d0576aa-8de3-4753-8d37-6309ac1803f7/datanode-3/data/ratis
2022-06-19 13:05:58,197 [Listener at 127.0.0.1/45241] INFO  volume.StorageVolumeChecker (StorageVolumeChecker.java:checkAllVolumes(202)) - Scheduled health check for volume /home/runner/work/ozone/ozone/hadoop-ozone/integration-test/target/test-dir/MiniOzoneClusterImpl-2d0576aa-8de3-4753-8d37-6309ac1803f7/datanode-3/data/ratis
2022-06-19 13:05:58,228 [Thread-600] INFO  ozoneimpl.ContainerReader (ContainerReader.java:readVolume(172)) - Finish verifying containers on volume /home/runner/work/ozone/ozone/hadoop-ozone/integration-test/target/test-dir/MiniOzoneClusterImpl-2d0576aa-8de3-4753-8d37-6309ac1803f7/datanode-3/data-0/containers/hdds
2022-06-19 13:05:58,230 [Listener at 127.0.0.1/45241] INFO  ozoneimpl.OzoneContainer (OzoneContainer.java:buildContainerSet(266)) - Build ContainerSet costs 0s
2022-06-19 13:05:58,232 [Listener at 127.0.0.1/45241] INFO  server.RaftServer (ConfUtils.java:logGet(46)) - raft.rpc.type = GRPC (default)
2022-06-19 13:05:58,233 [Listener at 127.0.0.1/45241] INFO  grpc.GrpcFactory (GrpcFactory.java:checkPooledByteBufAllocatorUseCacheForAllThreads(48)) - PERFORMANCE WARNING: useCacheForAllThreads is true that may cause Netty to create a lot garbage objects and, as a result, trigger GC.
	It is recommended to disable useCacheForAllThreads by setting -Dorg.apache.ratis.thirdparty.io.netty.allocator.useCacheForAllThreads=false in command line.
2022-06-19 13:05:58,233 [Listener at 127.0.0.1/45241] INFO  grpc.GrpcConfigKeys (ConfUtils.java:logGet(46)) - raft.grpc.admin.port = 0 (custom)
2022-06-19 13:05:58,233 [Listener at 127.0.0.1/45241] INFO  grpc.GrpcConfigKeys (ConfUtils.java:logGet(46)) - raft.grpc.client.port = 0 (custom)
2022-06-19 13:05:58,233 [Listener at 127.0.0.1/45241] INFO  grpc.GrpcConfigKeys (ConfUtils.java:logGet(46)) - raft.grpc.server.port = 0 (default)
2022-06-19 13:05:58,234 [Listener at 127.0.0.1/45241] INFO  server.GrpcService (ConfUtils.java:logGet(46)) - raft.grpc.message.size.max = 32MB (=33554432) (custom)
2022-06-19 13:05:58,234 [Listener at 127.0.0.1/45241] INFO  server.RaftServerConfigKeys (ConfUtils.java:logGet(46)) - raft.server.log.appender.buffer.byte-limit = 33554432 (custom)
2022-06-19 13:05:58,236 [Listener at 127.0.0.1/45241] INFO  server.GrpcService (ConfUtils.java:logGet(46)) - raft.grpc.flow.control.window = 5MB (=5242880) (custom)
2022-06-19 13:05:58,236 [Listener at 127.0.0.1/45241] INFO  server.RaftServerConfigKeys (ConfUtils.java:logGet(46)) - raft.server.rpc.request.timeout = 60s (custom)
2022-06-19 13:05:58,237 [Listener at 127.0.0.1/45241] INFO  grpc.GrpcConfigKeys (ConfUtils.java:logGet(46)) - raft.grpc.server.async.request.thread.pool.cached = true (default)
2022-06-19 13:05:58,239 [Listener at 127.0.0.1/45241] INFO  grpc.GrpcConfigKeys (ConfUtils.java:logGet(46)) - raft.grpc.server.async.request.thread.pool.size = 32 (default)
2022-06-19 13:05:58,240 [EndpointStateMachine task thread for /0.0.0.0:34167 - 0 ] INFO  volume.HddsVolume (HddsVolume.java:createDbStore(309)) - SchemaV3 db is created and loaded at /home/runner/work/ozone/ozone/hadoop-ozone/integration-test/target/test-dir/MiniOzoneClusterImpl-2d0576aa-8de3-4753-8d37-6309ac1803f7/datanode-0/data-0/containers/hdds/2d0576aa-8de3-4753-8d37-6309ac1803f7/DS-ea8957d7-0dde-4170-be06-3206aa0e72b9/container.db for volume DS-ea8957d7-0dde-4170-be06-3206aa0e72b9
2022-06-19 13:05:58,247 [EndpointStateMachine task thread for /0.0.0.0:34167 - 0 ] INFO  volume.HddsVolume (HddsVolume.java:closeDbStore(340)) - SchemaV3 db is stopped at /home/runner/work/ozone/ozone/hadoop-ozone/integration-test/target/test-dir/MiniOzoneClusterImpl-2d0576aa-8de3-4753-8d37-6309ac1803f7/datanode-0/data-0/containers/hdds/2d0576aa-8de3-4753-8d37-6309ac1803f7/DS-ea8957d7-0dde-4170-be06-3206aa0e72b9/container.db for volume DS-ea8957d7-0dde-4170-be06-3206aa0e72b9
2022-06-19 13:05:58,248 [EndpointStateMachine task thread for /0.0.0.0:34167 - 0 ] INFO  ozoneimpl.OzoneContainer (OzoneContainer.java:start(344)) - Attempting to start container services.
2022-06-19 13:05:58,248 [EndpointStateMachine task thread for /0.0.0.0:34167 - 0 ] INFO  ozoneimpl.OzoneContainer (OzoneContainer.java:startContainerScrub(279)) - Background container scanner has been disabled.
2022-06-19 13:05:58,248 [Listener at 127.0.0.1/45241] INFO  impl.DataStreamServerImpl (ConfUtils.java:logGet(46)) - raft.datastream.type = DISABLED (default)
2022-06-19 13:05:58,249 [Listener at 127.0.0.1/45241] INFO  server.RaftServerConfigKeys (ConfUtils.java:logGet(46)) - raft.server.threadpool.proxy.cached = true (default)
2022-06-19 13:05:58,249 [Listener at 127.0.0.1/45241] INFO  server.RaftServerConfigKeys (ConfUtils.java:logGet(46)) - raft.server.threadpool.proxy.size = 0 (default)
2022-06-19 13:05:58,249 [Listener at 127.0.0.1/45241] INFO  server.RaftServerConfigKeys (ConfUtils.java:logGet(46)) - raft.server.rpc.slowness.timeout = 300s (custom)
2022-06-19 13:05:58,249 [Listener at 127.0.0.1/45241] INFO  server.RaftServerConfigKeys (ConfUtils.java:logGet(46)) - raft.server.leaderelection.leader.step-down.wait-time = 10s (default)
2022-06-19 13:05:58,249 [Listener at 127.0.0.1/45241] INFO  server.RaftServerConfigKeys (ConfUtils.java:logGet(46)) - raft.server.storage.dir = [/home/runner/work/ozone/ozone/hadoop-ozone/integration-test/target/test-dir/MiniOzoneClusterImpl-2d0576aa-8de3-4753-8d37-6309ac1803f7/datanode-3/data/ratis] (custom)
2022-06-19 13:05:58,280 [EndpointStateMachine task thread for /0.0.0.0:34167 - 0 ] INFO  replication.ReplicationServer (ReplicationServer.java:start(111)) - ReplicationServer is started using port 45115
2022-06-19 13:05:58,280 [EndpointStateMachine task thread for /0.0.0.0:34167 - 0 ] INFO  ratis.XceiverServerRatis (XceiverServerRatis.java:start(481)) - Starting XceiverServerRatis 4c567ed0-77bc-421a-955e-b14cad69b772
2022-06-19 13:05:58,281 [EndpointStateMachine task thread for /0.0.0.0:34167 - 0 ] INFO  server.RaftServer (RaftServerProxy.java:lambda$start$6(382)) - 4c567ed0-77bc-421a-955e-b14cad69b772: start RPC server
2022-06-19 13:05:58,289 [EndpointStateMachine task thread for /0.0.0.0:34167 - 0 ] INFO  server.GrpcService (GrpcService.java:startImpl(260)) - 4c567ed0-77bc-421a-955e-b14cad69b772: GrpcService started, listening on 35081
2022-06-19 13:05:58,293 [EndpointStateMachine task thread for /0.0.0.0:34167 - 0 ] INFO  ratis.XceiverServerRatis (XceiverServerRatis.java:getRealPort(502)) - XceiverServerRatis 4c567ed0-77bc-421a-955e-b14cad69b772 is started using port 35081 for RATIS
2022-06-19 13:05:58,293 [EndpointStateMachine task thread for /0.0.0.0:34167 - 0 ] INFO  ratis.XceiverServerRatis (XceiverServerRatis.java:getRealPort(502)) - XceiverServerRatis 4c567ed0-77bc-421a-955e-b14cad69b772 is started using port 35081 for RATIS_ADMIN
2022-06-19 13:05:58,293 [EndpointStateMachine task thread for /0.0.0.0:34167 - 0 ] INFO  ratis.XceiverServerRatis (XceiverServerRatis.java:getRealPort(502)) - XceiverServerRatis 4c567ed0-77bc-421a-955e-b14cad69b772 is started using port 35081 for RATIS_SERVER
2022-06-19 13:05:58,293 [org.apache.ratis.util.JvmPauseMonitor$$Lambda$627/819749933@26a61790] INFO  util.JvmPauseMonitor (JvmPauseMonitor.java:run(103)) - JvmPauseMonitor-4c567ed0-77bc-421a-955e-b14cad69b772: Started
2022-06-19 13:05:58,305 [Listener at 127.0.0.1/45241] INFO  server.XceiverServerGrpc (XceiverServerGrpc.java:<init>(132)) - GrpcServer channel type EpollServerSocketChannel
2022-06-19 13:05:58,314 [Listener at 127.0.0.1/45241] INFO  http.BaseHttpServer (BaseHttpServer.java:newHttpServer2BuilderForOzone(209)) - Starting Web-server for hddsDatanode at: http://0.0.0.0:0
2022-06-19 13:05:58,314 [Listener at 127.0.0.1/45241] INFO  http.BaseHttpServer (BaseHttpServer.java:<init>(107)) - Hadoop Security Enabled: false Ozone Security Enabled: false Ozone HTTP Security Enabled: false 
2022-06-19 13:05:58,315 [Listener at 127.0.0.1/45241] INFO  server.AuthenticationFilter (AuthenticationFilter.java:constructSecretProvider(240)) - Unable to initialize FileSignerSecretProvider, falling back to use random secrets.
2022-06-19 13:05:58,328 [Listener at 127.0.0.1/45241] WARN  http.HttpRequestLog (HttpRequestLog.java:getRequestLog(103)) - Jetty request log can only be enabled using Log4j
2022-06-19 13:05:58,330 [Listener at 127.0.0.1/45241] INFO  http.HttpServer2 (HttpServer2.java:addGlobalFilter(1029)) - Added global filter 'safety' (class=org.apache.hadoop.hdds.server.http.HttpServer2$QuotingInputFilter)
2022-06-19 13:05:58,330 [Listener at 127.0.0.1/45241] INFO  http.HttpServer2 (HttpServer2.java:addFilter(1005)) - Added filter static_user_filter (class=org.apache.hadoop.http.lib.StaticUserWebFilter$StaticUserFilter) to context hddsDatanode
2022-06-19 13:05:58,330 [Listener at 127.0.0.1/45241] INFO  http.HttpServer2 (HttpServer2.java:addFilter(1013)) - Added filter static_user_filter (class=org.apache.hadoop.http.lib.StaticUserWebFilter$StaticUserFilter) to context logs
2022-06-19 13:05:58,331 [Listener at 127.0.0.1/45241] INFO  http.HttpServer2 (HttpServer2.java:addFilter(1013)) - Added filter static_user_filter (class=org.apache.hadoop.http.lib.StaticUserWebFilter$StaticUserFilter) to context static
2022-06-19 13:05:58,331 [Listener at 127.0.0.1/45241] INFO  http.HttpServer2 (HttpServer2.java:bindListener(1248)) - Jetty bound to port 32909
2022-06-19 13:05:58,331 [Listener at 127.0.0.1/45241] INFO  server.Server (Server.java:doStart(375)) - jetty-9.4.43.v20210629; built: 2021-06-30T11:07:22.254Z; git: 526006ecfa3af7f1a27ef3a288e2bef7ea9dd7e8; jvm 1.8.0_332-b09
2022-06-19 13:05:58,365 [Listener at 127.0.0.1/45241] INFO  server.session (DefaultSessionIdManager.java:doStart(334)) - DefaultSessionIdManager workerName=node0
2022-06-19 13:05:58,365 [Listener at 127.0.0.1/45241] INFO  server.session (DefaultSessionIdManager.java:doStart(339)) - No SessionScavenger set, using defaults
2022-06-19 13:05:58,366 [Listener at 127.0.0.1/45241] INFO  server.session (HouseKeeper.java:startScavenging(132)) - node0 Scavenging every 660000ms
2022-06-19 13:05:58,379 [Listener at 127.0.0.1/45241] INFO  handler.ContextHandler (ContextHandler.java:doStart(915)) - Started o.e.j.s.ServletContextHandler@12dda1b8{logs,/logs,file:///home/runner/work/ozone/ozone/hadoop-ozone/integration-test/target/log,AVAILABLE}
2022-06-19 13:05:58,379 [Listener at 127.0.0.1/45241] INFO  handler.ContextHandler (ContextHandler.java:doStart(915)) - Started o.e.j.s.ServletContextHandler@4f07053d{static,/static,jar:file:/home/runner/.m2/repository/org/apache/ozone/hdds-container-service/1.3.0-SNAPSHOT/hdds-container-service-1.3.0-SNAPSHOT.jar!/webapps/static,AVAILABLE}
2022-06-19 13:05:58,382 [EndpointStateMachine task thread for /0.0.0.0:34167 - 0 ] INFO  server.XceiverServerGrpc (XceiverServerGrpc.java:start(180)) - XceiverServerGrpc 4c567ed0-77bc-421a-955e-b14cad69b772 is started using port 37817
2022-06-19 13:05:58,873 [Listener at 127.0.0.1/45241] INFO  handler.ContextHandler (ContextHandler.java:doStart(915)) - Started o.e.j.w.WebAppContext@74e7b041{hddsDatanode,/,file:///tmp/jetty-0_0_0_0-32909-hdds-container-service-1_3_0-SNAPSHOT_jar-_-any-2796702588852532002/webapp/,AVAILABLE}{jar:file:/home/runner/.m2/repository/org/apache/ozone/hdds-container-service/1.3.0-SNAPSHOT/hdds-container-service-1.3.0-SNAPSHOT.jar!/webapps/hddsDatanode}
2022-06-19 13:05:58,881 [Listener at 127.0.0.1/45241] INFO  server.AbstractConnector (AbstractConnector.java:doStart(331)) - Started ServerConnector@7bdd265f{HTTP/1.1, (http/1.1)}{0.0.0.0:32909}
2022-06-19 13:05:58,881 [Listener at 127.0.0.1/45241] INFO  server.Server (Server.java:doStart(415)) - Started @79118ms
2022-06-19 13:05:58,881 [Listener at 127.0.0.1/45241] WARN  impl.MetricsSystemImpl (MetricsSystemImpl.java:register(279)) - Sink prometheus already exists!
2022-06-19 13:05:58,882 [Listener at 127.0.0.1/45241] INFO  http.BaseHttpServer (BaseHttpServer.java:updateConnectorAddress(329)) - HTTP server of hddsDatanode listening at http://0.0.0.0:32909
2022-06-19 13:05:58,897 [Listener at 127.0.0.1/45241] INFO  impl.MetricsSystemImpl (MetricsSystemImpl.java:init(158)) - HddsDatanode metrics system started (again)
2022-06-19 13:05:58,901 [Datanode State Machine Daemon Thread] INFO  statemachine.DatanodeStateMachine (DatanodeStateMachine.java:lambda$startDaemon$0(492)) - Ozone container server started.
2022-06-19 13:05:58,933 [org.apache.hadoop.util.JvmPauseMonitor$Monitor@135c1e4b] INFO  util.JvmPauseMonitor (JvmPauseMonitor.java:run(188)) - Starting JVM pause monitor
2022-06-19 13:05:58,942 [Listener at 127.0.0.1/45241] INFO  ozone.HddsDatanodeService (HddsDatanodeService.java:start(236)) - HddsDatanodeService host:fv-az58-449.32bp4kehjaiexiom31oljkjdjg.cx.internal.cloudapp.net ip:10.1.0.4
2022-06-19 13:05:58,958 [Datanode State Machine Task Thread - 0] INFO  datanode.InitDatanodeState (InitDatanodeState.java:persistContainerDatanodeDetails(138)) - DatanodeDetails is persisted to /home/runner/work/ozone/ozone/hadoop-ozone/integration-test/target/test-dir/MiniOzoneClusterImpl-2d0576aa-8de3-4753-8d37-6309ac1803f7/datanode-3/meta/datanode.id
2022-06-19 13:05:58,981 [Listener at 127.0.0.1/45241] INFO  upgrade.AbstractLayoutVersionManager (AbstractLayoutVersionManager.java:init(82)) - Initializing Layout version manager with metadata layout = DATANODE_SCHEMA_V3 (version = 4), software layout = DATANODE_SCHEMA_V3 (version = 4)
2022-06-19 13:05:59,076 [Listener at 127.0.0.1/45241] INFO  reflections.Reflections (Reflections.java:scan(232)) - Reflections took 93 ms to scan 7 urls, producing 131 keys and 315 values 
2022-06-19 13:05:59,080 [Listener at 127.0.0.1/45241] INFO  statemachine.DatanodeStateMachine (DatanodeStateMachine.java:getEndPointTaskThreadPoolSize(237)) - Datanode State Machine Task Thread Pool size 2
2022-06-19 13:05:59,090 [Listener at 127.0.0.1/45241] INFO  volume.HddsVolume (HddsVolume.java:<init>(116)) - Creating HddsVolume: /home/runner/work/ozone/ozone/hadoop-ozone/integration-test/target/test-dir/MiniOzoneClusterImpl-2d0576aa-8de3-4753-8d37-6309ac1803f7/datanode-4/data-0/containers/hdds of storage type : DISK capacity : 9223372036854775807
2022-06-19 13:05:59,090 [Listener at 127.0.0.1/45241] INFO  volume.MutableVolumeSet (MutableVolumeSet.java:initializeVolumeSet(174)) - Added Volume : /home/runner/work/ozone/ozone/hadoop-ozone/integration-test/target/test-dir/MiniOzoneClusterImpl-2d0576aa-8de3-4753-8d37-6309ac1803f7/datanode-4/data-0/containers/hdds to VolumeSet
2022-06-19 13:05:59,090 [Listener at 127.0.0.1/45241] INFO  volume.ThrottledAsyncChecker (ThrottledAsyncChecker.java:schedule(141)) - Scheduling a check for /home/runner/work/ozone/ozone/hadoop-ozone/integration-test/target/test-dir/MiniOzoneClusterImpl-2d0576aa-8de3-4753-8d37-6309ac1803f7/datanode-4/data-0/containers/hdds
2022-06-19 13:05:59,109 [Listener at 127.0.0.1/45241] INFO  volume.StorageVolumeChecker (StorageVolumeChecker.java:checkAllVolumes(202)) - Scheduled health check for volume /home/runner/work/ozone/ozone/hadoop-ozone/integration-test/target/test-dir/MiniOzoneClusterImpl-2d0576aa-8de3-4753-8d37-6309ac1803f7/datanode-4/data-0/containers/hdds
2022-06-19 13:05:59,127 [Listener at 127.0.0.1/45241] INFO  volume.MutableVolumeSet (MutableVolumeSet.java:initializeVolumeSet(174)) - Added Volume : /home/runner/work/ozone/ozone/hadoop-ozone/integration-test/target/test-dir/MiniOzoneClusterImpl-2d0576aa-8de3-4753-8d37-6309ac1803f7/datanode-4/data/ratis to VolumeSet
2022-06-19 13:05:59,127 [Listener at 127.0.0.1/45241] INFO  volume.ThrottledAsyncChecker (ThrottledAsyncChecker.java:schedule(141)) - Scheduling a check for /home/runner/work/ozone/ozone/hadoop-ozone/integration-test/target/test-dir/MiniOzoneClusterImpl-2d0576aa-8de3-4753-8d37-6309ac1803f7/datanode-4/data/ratis
2022-06-19 13:05:59,130 [Listener at 127.0.0.1/45241] INFO  volume.StorageVolumeChecker (StorageVolumeChecker.java:checkAllVolumes(202)) - Scheduled health check for volume /home/runner/work/ozone/ozone/hadoop-ozone/integration-test/target/test-dir/MiniOzoneClusterImpl-2d0576aa-8de3-4753-8d37-6309ac1803f7/datanode-4/data/ratis
2022-06-19 13:05:59,202 [Thread-616] INFO  ozoneimpl.ContainerReader (ContainerReader.java:readVolume(172)) - Finish verifying containers on volume /home/runner/work/ozone/ozone/hadoop-ozone/integration-test/target/test-dir/MiniOzoneClusterImpl-2d0576aa-8de3-4753-8d37-6309ac1803f7/datanode-4/data-0/containers/hdds
2022-06-19 13:05:59,202 [Listener at 127.0.0.1/45241] INFO  ozoneimpl.OzoneContainer (OzoneContainer.java:buildContainerSet(266)) - Build ContainerSet costs 0s
2022-06-19 13:05:59,204 [Listener at 127.0.0.1/45241] INFO  server.RaftServer (ConfUtils.java:logGet(46)) - raft.rpc.type = GRPC (default)
2022-06-19 13:05:59,204 [Listener at 127.0.0.1/45241] INFO  grpc.GrpcFactory (GrpcFactory.java:checkPooledByteBufAllocatorUseCacheForAllThreads(48)) - PERFORMANCE WARNING: useCacheForAllThreads is true that may cause Netty to create a lot garbage objects and, as a result, trigger GC.
	It is recommended to disable useCacheForAllThreads by setting -Dorg.apache.ratis.thirdparty.io.netty.allocator.useCacheForAllThreads=false in command line.
2022-06-19 13:05:59,204 [Listener at 127.0.0.1/45241] INFO  grpc.GrpcConfigKeys (ConfUtils.java:logGet(46)) - raft.grpc.admin.port = 0 (custom)
2022-06-19 13:05:59,205 [Listener at 127.0.0.1/45241] INFO  grpc.GrpcConfigKeys (ConfUtils.java:logGet(46)) - raft.grpc.client.port = 0 (custom)
2022-06-19 13:05:59,205 [Listener at 127.0.0.1/45241] INFO  grpc.GrpcConfigKeys (ConfUtils.java:logGet(46)) - raft.grpc.server.port = 0 (default)
2022-06-19 13:05:59,205 [Listener at 127.0.0.1/45241] INFO  server.GrpcService (ConfUtils.java:logGet(46)) - raft.grpc.message.size.max = 32MB (=33554432) (custom)
2022-06-19 13:05:59,205 [Listener at 127.0.0.1/45241] INFO  server.RaftServerConfigKeys (ConfUtils.java:logGet(46)) - raft.server.log.appender.buffer.byte-limit = 33554432 (custom)
2022-06-19 13:05:59,205 [Listener at 127.0.0.1/45241] INFO  server.GrpcService (ConfUtils.java:logGet(46)) - raft.grpc.flow.control.window = 5MB (=5242880) (custom)
2022-06-19 13:05:59,206 [Listener at 127.0.0.1/45241] INFO  server.RaftServerConfigKeys (ConfUtils.java:logGet(46)) - raft.server.rpc.request.timeout = 60s (custom)
2022-06-19 13:05:59,206 [Listener at 127.0.0.1/45241] INFO  grpc.GrpcConfigKeys (ConfUtils.java:logGet(46)) - raft.grpc.server.async.request.thread.pool.cached = true (default)
2022-06-19 13:05:59,207 [Listener at 127.0.0.1/45241] INFO  grpc.GrpcConfigKeys (ConfUtils.java:logGet(46)) - raft.grpc.server.async.request.thread.pool.size = 32 (default)
2022-06-19 13:05:59,208 [Listener at 127.0.0.1/45241] INFO  impl.DataStreamServerImpl (ConfUtils.java:logGet(46)) - raft.datastream.type = DISABLED (default)
2022-06-19 13:05:59,208 [Listener at 127.0.0.1/45241] INFO  server.RaftServerConfigKeys (ConfUtils.java:logGet(46)) - raft.server.threadpool.proxy.cached = true (default)
2022-06-19 13:05:59,208 [Listener at 127.0.0.1/45241] INFO  server.RaftServerConfigKeys (ConfUtils.java:logGet(46)) - raft.server.threadpool.proxy.size = 0 (default)
2022-06-19 13:05:59,208 [Listener at 127.0.0.1/45241] INFO  server.RaftServerConfigKeys (ConfUtils.java:logGet(46)) - raft.server.rpc.slowness.timeout = 300s (custom)
2022-06-19 13:05:59,208 [Listener at 127.0.0.1/45241] INFO  server.RaftServerConfigKeys (ConfUtils.java:logGet(46)) - raft.server.leaderelection.leader.step-down.wait-time = 10s (default)
2022-06-19 13:05:59,209 [Listener at 127.0.0.1/45241] INFO  server.RaftServerConfigKeys (ConfUtils.java:logGet(46)) - raft.server.storage.dir = [/home/runner/work/ozone/ozone/hadoop-ozone/integration-test/target/test-dir/MiniOzoneClusterImpl-2d0576aa-8de3-4753-8d37-6309ac1803f7/datanode-4/data/ratis] (custom)
2022-06-19 13:05:59,248 [EndpointStateMachine task thread for /0.0.0.0:34167 - 0 ] INFO  volume.HddsVolume (HddsVolume.java:createDbStore(309)) - SchemaV3 db is created and loaded at /home/runner/work/ozone/ozone/hadoop-ozone/integration-test/target/test-dir/MiniOzoneClusterImpl-2d0576aa-8de3-4753-8d37-6309ac1803f7/datanode-1/data-0/containers/hdds/2d0576aa-8de3-4753-8d37-6309ac1803f7/DS-bc285c59-39ab-40e1-a8c5-958909839b84/container.db for volume DS-bc285c59-39ab-40e1-a8c5-958909839b84
2022-06-19 13:05:59,263 [Listener at 127.0.0.1/45241] INFO  server.XceiverServerGrpc (XceiverServerGrpc.java:<init>(132)) - GrpcServer channel type EpollServerSocketChannel
2022-06-19 13:05:59,265 [EndpointStateMachine task thread for /0.0.0.0:34167 - 0 ] INFO  volume.HddsVolume (HddsVolume.java:closeDbStore(340)) - SchemaV3 db is stopped at /home/runner/work/ozone/ozone/hadoop-ozone/integration-test/target/test-dir/MiniOzoneClusterImpl-2d0576aa-8de3-4753-8d37-6309ac1803f7/datanode-1/data-0/containers/hdds/2d0576aa-8de3-4753-8d37-6309ac1803f7/DS-bc285c59-39ab-40e1-a8c5-958909839b84/container.db for volume DS-bc285c59-39ab-40e1-a8c5-958909839b84
2022-06-19 13:05:59,265 [EndpointStateMachine task thread for /0.0.0.0:34167 - 0 ] INFO  ozoneimpl.OzoneContainer (OzoneContainer.java:start(344)) - Attempting to start container services.
2022-06-19 13:05:59,265 [EndpointStateMachine task thread for /0.0.0.0:34167 - 0 ] INFO  ozoneimpl.OzoneContainer (OzoneContainer.java:startContainerScrub(279)) - Background container scanner has been disabled.
2022-06-19 13:05:59,278 [EndpointStateMachine task thread for /0.0.0.0:34167 - 0 ] INFO  replication.ReplicationServer (ReplicationServer.java:start(111)) - ReplicationServer is started using port 43567
2022-06-19 13:05:59,284 [EndpointStateMachine task thread for /0.0.0.0:34167 - 0 ] INFO  ratis.XceiverServerRatis (XceiverServerRatis.java:start(481)) - Starting XceiverServerRatis 41970804-e726-44f7-9f9f-c691618d1097
2022-06-19 13:05:59,290 [Listener at 127.0.0.1/45241] INFO  http.BaseHttpServer (BaseHttpServer.java:newHttpServer2BuilderForOzone(209)) - Starting Web-server for hddsDatanode at: http://0.0.0.0:0
2022-06-19 13:05:59,290 [Listener at 127.0.0.1/45241] INFO  http.BaseHttpServer (BaseHttpServer.java:<init>(107)) - Hadoop Security Enabled: false Ozone Security Enabled: false Ozone HTTP Security Enabled: false 
2022-06-19 13:05:59,291 [Listener at 127.0.0.1/45241] INFO  server.AuthenticationFilter (AuthenticationFilter.java:constructSecretProvider(240)) - Unable to initialize FileSignerSecretProvider, falling back to use random secrets.
2022-06-19 13:05:59,337 [EndpointStateMachine task thread for /0.0.0.0:34167 - 0 ] INFO  server.RaftServer (RaftServerProxy.java:lambda$start$6(382)) - 41970804-e726-44f7-9f9f-c691618d1097: start RPC server
2022-06-19 13:05:59,341 [Listener at 127.0.0.1/45241] WARN  http.HttpRequestLog (HttpRequestLog.java:getRequestLog(103)) - Jetty request log can only be enabled using Log4j
2022-06-19 13:05:59,347 [Listener at 127.0.0.1/45241] INFO  http.HttpServer2 (HttpServer2.java:addGlobalFilter(1029)) - Added global filter 'safety' (class=org.apache.hadoop.hdds.server.http.HttpServer2$QuotingInputFilter)
2022-06-19 13:05:59,347 [Listener at 127.0.0.1/45241] INFO  http.HttpServer2 (HttpServer2.java:addFilter(1005)) - Added filter static_user_filter (class=org.apache.hadoop.http.lib.StaticUserWebFilter$StaticUserFilter) to context hddsDatanode
2022-06-19 13:05:59,348 [Listener at 127.0.0.1/45241] INFO  http.HttpServer2 (HttpServer2.java:addFilter(1013)) - Added filter static_user_filter (class=org.apache.hadoop.http.lib.StaticUserWebFilter$StaticUserFilter) to context logs
2022-06-19 13:05:59,348 [Listener at 127.0.0.1/45241] INFO  http.HttpServer2 (HttpServer2.java:addFilter(1013)) - Added filter static_user_filter (class=org.apache.hadoop.http.lib.StaticUserWebFilter$StaticUserFilter) to context static
2022-06-19 13:05:59,348 [Listener at 127.0.0.1/45241] INFO  http.HttpServer2 (HttpServer2.java:bindListener(1248)) - Jetty bound to port 42477
2022-06-19 13:05:59,348 [Listener at 127.0.0.1/45241] INFO  server.Server (Server.java:doStart(375)) - jetty-9.4.43.v20210629; built: 2021-06-30T11:07:22.254Z; git: 526006ecfa3af7f1a27ef3a288e2bef7ea9dd7e8; jvm 1.8.0_332-b09
2022-06-19 13:05:59,377 [Listener at 127.0.0.1/45241] INFO  server.session (DefaultSessionIdManager.java:doStart(334)) - DefaultSessionIdManager workerName=node0
2022-06-19 13:05:59,378 [Listener at 127.0.0.1/45241] INFO  server.session (DefaultSessionIdManager.java:doStart(339)) - No SessionScavenger set, using defaults
2022-06-19 13:05:59,378 [Listener at 127.0.0.1/45241] INFO  server.session (HouseKeeper.java:startScavenging(132)) - node0 Scavenging every 660000ms
2022-06-19 13:05:59,378 [Listener at 127.0.0.1/45241] INFO  handler.ContextHandler (ContextHandler.java:doStart(915)) - Started o.e.j.s.ServletContextHandler@561b978f{logs,/logs,file:///home/runner/work/ozone/ozone/hadoop-ozone/integration-test/target/log,AVAILABLE}
2022-06-19 13:05:59,379 [Listener at 127.0.0.1/45241] INFO  handler.ContextHandler (ContextHandler.java:doStart(915)) - Started o.e.j.s.ServletContextHandler@12adb374{static,/static,jar:file:/home/runner/.m2/repository/org/apache/ozone/hdds-container-service/1.3.0-SNAPSHOT/hdds-container-service-1.3.0-SNAPSHOT.jar!/webapps/static,AVAILABLE}
2022-06-19 13:05:59,386 [EndpointStateMachine task thread for /0.0.0.0:34167 - 0 ] INFO  server.GrpcService (GrpcService.java:startImpl(260)) - 41970804-e726-44f7-9f9f-c691618d1097: GrpcService started, listening on 45369
2022-06-19 13:05:59,386 [EndpointStateMachine task thread for /0.0.0.0:34167 - 0 ] INFO  ratis.XceiverServerRatis (XceiverServerRatis.java:getRealPort(502)) - XceiverServerRatis 41970804-e726-44f7-9f9f-c691618d1097 is started using port 45369 for RATIS
2022-06-19 13:05:59,386 [EndpointStateMachine task thread for /0.0.0.0:34167 - 0 ] INFO  ratis.XceiverServerRatis (XceiverServerRatis.java:getRealPort(502)) - XceiverServerRatis 41970804-e726-44f7-9f9f-c691618d1097 is started using port 45369 for RATIS_ADMIN
2022-06-19 13:05:59,386 [EndpointStateMachine task thread for /0.0.0.0:34167 - 0 ] INFO  ratis.XceiverServerRatis (XceiverServerRatis.java:getRealPort(502)) - XceiverServerRatis 41970804-e726-44f7-9f9f-c691618d1097 is started using port 45369 for RATIS_SERVER
2022-06-19 13:05:59,403 [org.apache.ratis.util.JvmPauseMonitor$$Lambda$627/819749933@7b22b746] INFO  util.JvmPauseMonitor (JvmPauseMonitor.java:run(103)) - JvmPauseMonitor-41970804-e726-44f7-9f9f-c691618d1097: Started
2022-06-19 13:05:59,424 [EndpointStateMachine task thread for /0.0.0.0:34167 - 0 ] INFO  server.XceiverServerGrpc (XceiverServerGrpc.java:start(180)) - XceiverServerGrpc 41970804-e726-44f7-9f9f-c691618d1097 is started using port 35343
2022-06-19 13:05:59,820 [Listener at 127.0.0.1/45241] INFO  handler.ContextHandler (ContextHandler.java:doStart(915)) - Started o.e.j.w.WebAppContext@21482b3f{hddsDatanode,/,file:///tmp/jetty-0_0_0_0-42477-hdds-container-service-1_3_0-SNAPSHOT_jar-_-any-95529585463164246/webapp/,AVAILABLE}{jar:file:/home/runner/.m2/repository/org/apache/ozone/hdds-container-service/1.3.0-SNAPSHOT/hdds-container-service-1.3.0-SNAPSHOT.jar!/webapps/hddsDatanode}
2022-06-19 13:05:59,829 [Listener at 127.0.0.1/45241] INFO  server.AbstractConnector (AbstractConnector.java:doStart(331)) - Started ServerConnector@3abfc328{HTTP/1.1, (http/1.1)}{0.0.0.0:42477}
2022-06-19 13:05:59,830 [Listener at 127.0.0.1/45241] INFO  server.Server (Server.java:doStart(415)) - Started @80066ms
2022-06-19 13:05:59,830 [Listener at 127.0.0.1/45241] WARN  impl.MetricsSystemImpl (MetricsSystemImpl.java:register(279)) - Sink prometheus already exists!
2022-06-19 13:05:59,837 [Listener at 127.0.0.1/45241] INFO  http.BaseHttpServer (BaseHttpServer.java:updateConnectorAddress(329)) - HTTP server of hddsDatanode listening at http://0.0.0.0:42477
2022-06-19 13:05:59,840 [Listener at 127.0.0.1/45241] INFO  ozone.MiniOzoneClusterImpl (MiniOzoneClusterImpl.java:lambda$waitForClusterToBeReady$0(221)) - Waiting for nodes to be ready. Got 0 of 5 DN Heartbeats.
2022-06-19 13:05:59,840 [Listener at 127.0.0.1/45241] INFO  ozone.MiniOzoneClusterImpl (MiniOzoneClusterImpl.java:lambda$waitForClusterToBeReady$0(224)) - Waiting for cluster to exit safe mode
2022-06-19 13:05:59,840 [Listener at 127.0.0.1/45241] INFO  ozone.MiniOzoneClusterImpl (MiniOzoneClusterImpl.java:lambda$waitForClusterToBeReady$0(226)) - SCM became leader
2022-06-19 13:05:59,840 [Datanode State Machine Daemon Thread] INFO  statemachine.DatanodeStateMachine (DatanodeStateMachine.java:lambda$startDaemon$0(492)) - Ozone container server started.
2022-06-19 13:05:59,909 [org.apache.hadoop.util.JvmPauseMonitor$Monitor@610d17b1] INFO  util.JvmPauseMonitor (JvmPauseMonitor.java:run(188)) - Starting JVM pause monitor
2022-06-19 13:05:59,926 [Datanode State Machine Task Thread - 0] INFO  datanode.InitDatanodeState (InitDatanodeState.java:persistContainerDatanodeDetails(138)) - DatanodeDetails is persisted to /home/runner/work/ozone/ozone/hadoop-ozone/integration-test/target/test-dir/MiniOzoneClusterImpl-2d0576aa-8de3-4753-8d37-6309ac1803f7/datanode-4/meta/datanode.id
2022-06-19 13:06:00,041 [EndpointStateMachine task thread for /0.0.0.0:34167 - 0 ] INFO  volume.HddsVolume (HddsVolume.java:createDbStore(309)) - SchemaV3 db is created and loaded at /home/runner/work/ozone/ozone/hadoop-ozone/integration-test/target/test-dir/MiniOzoneClusterImpl-2d0576aa-8de3-4753-8d37-6309ac1803f7/datanode-2/data-0/containers/hdds/2d0576aa-8de3-4753-8d37-6309ac1803f7/DS-bb09203c-6855-488f-915b-8743b95d901d/container.db for volume DS-bb09203c-6855-488f-915b-8743b95d901d
2022-06-19 13:06:00,041 [EndpointStateMachine task thread for /0.0.0.0:34167 - 0 ] INFO  volume.HddsVolume (HddsVolume.java:closeDbStore(340)) - SchemaV3 db is stopped at /home/runner/work/ozone/ozone/hadoop-ozone/integration-test/target/test-dir/MiniOzoneClusterImpl-2d0576aa-8de3-4753-8d37-6309ac1803f7/datanode-2/data-0/containers/hdds/2d0576aa-8de3-4753-8d37-6309ac1803f7/DS-bb09203c-6855-488f-915b-8743b95d901d/container.db for volume DS-bb09203c-6855-488f-915b-8743b95d901d
2022-06-19 13:06:00,041 [EndpointStateMachine task thread for /0.0.0.0:34167 - 0 ] INFO  ozoneimpl.OzoneContainer (OzoneContainer.java:start(344)) - Attempting to start container services.
2022-06-19 13:06:00,042 [EndpointStateMachine task thread for /0.0.0.0:34167 - 0 ] INFO  ozoneimpl.OzoneContainer (OzoneContainer.java:startContainerScrub(279)) - Background container scanner has been disabled.
2022-06-19 13:06:00,061 [EndpointStateMachine task thread for /0.0.0.0:34167 - 0 ] INFO  replication.ReplicationServer (ReplicationServer.java:start(111)) - ReplicationServer is started using port 36927
2022-06-19 13:06:00,062 [EndpointStateMachine task thread for /0.0.0.0:34167 - 0 ] INFO  ratis.XceiverServerRatis (XceiverServerRatis.java:start(481)) - Starting XceiverServerRatis 6b51f01e-b5c0-4678-b58a-fec8e2165d46
2022-06-19 13:06:00,062 [EndpointStateMachine task thread for /0.0.0.0:34167 - 0 ] INFO  server.RaftServer (RaftServerProxy.java:lambda$start$6(382)) - 6b51f01e-b5c0-4678-b58a-fec8e2165d46: start RPC server
2022-06-19 13:06:00,071 [EndpointStateMachine task thread for /0.0.0.0:34167 - 0 ] INFO  server.GrpcService (GrpcService.java:startImpl(260)) - 6b51f01e-b5c0-4678-b58a-fec8e2165d46: GrpcService started, listening on 40853
2022-06-19 13:06:00,071 [EndpointStateMachine task thread for /0.0.0.0:34167 - 0 ] INFO  ratis.XceiverServerRatis (XceiverServerRatis.java:getRealPort(502)) - XceiverServerRatis 6b51f01e-b5c0-4678-b58a-fec8e2165d46 is started using port 40853 for RATIS
2022-06-19 13:06:00,071 [EndpointStateMachine task thread for /0.0.0.0:34167 - 0 ] INFO  ratis.XceiverServerRatis (XceiverServerRatis.java:getRealPort(502)) - XceiverServerRatis 6b51f01e-b5c0-4678-b58a-fec8e2165d46 is started using port 40853 for RATIS_ADMIN
2022-06-19 13:06:00,071 [EndpointStateMachine task thread for /0.0.0.0:34167 - 0 ] INFO  ratis.XceiverServerRatis (XceiverServerRatis.java:getRealPort(502)) - XceiverServerRatis 6b51f01e-b5c0-4678-b58a-fec8e2165d46 is started using port 40853 for RATIS_SERVER
2022-06-19 13:06:00,071 [org.apache.ratis.util.JvmPauseMonitor$$Lambda$627/819749933@e8b7733] INFO  util.JvmPauseMonitor (JvmPauseMonitor.java:run(103)) - JvmPauseMonitor-6b51f01e-b5c0-4678-b58a-fec8e2165d46: Started
2022-06-19 13:06:00,091 [EndpointStateMachine task thread for /0.0.0.0:34167 - 0 ] INFO  server.XceiverServerGrpc (XceiverServerGrpc.java:start(180)) - XceiverServerGrpc 6b51f01e-b5c0-4678-b58a-fec8e2165d46 is started using port 37385
2022-06-19 13:06:00,172 [IPC Server handler 12 on default port 34167] INFO  net.NetworkTopologyImpl (NetworkTopologyImpl.java:add(112)) - Added a new node: /default-rack/4c567ed0-77bc-421a-955e-b14cad69b772
2022-06-19 13:06:00,172 [IPC Server handler 12 on default port 34167] INFO  node.SCMNodeManager (SCMNodeManager.java:register(394)) - Registered Data node : 4c567ed0-77bc-421a-955e-b14cad69b772{ip: 10.1.0.4, host: fv-az58-449.32bp4kehjaiexiom31oljkjdjg.cx.internal.cloudapp.net, ports: [REPLICATION=45115, RATIS=35081, RATIS_ADMIN=35081, RATIS_SERVER=35081, STANDALONE=37817], networkLocation: /default-rack, certSerialId: null, persistedOpState: null, persistedOpStateExpiryEpochSec: 0}
2022-06-19 13:06:00,181 [EventQueue-NodeRegistrationContainerReportForDataNodeSafeModeRule] INFO  safemode.SCMSafeModeManager (DataNodeSafeModeRule.java:process(71)) - SCM in safe mode. 1 DataNodes registered, 3 required.
2022-06-19 13:06:00,193 [EventQueue-NodeRegistrationContainerReportForContainerSafeModeRule] INFO  safemode.SCMSafeModeManager (SCMSafeModeManager.java:validateSafeModeExitRules(204)) - ContainerSafeModeRule rule is successfully validated
2022-06-19 13:06:00,195 [EventQueue-NewNodeForNewNodeHandler] INFO  pipeline.BackgroundPipelineCreator (BackgroundPipelineCreator.java:notifyEventTriggered(272)) - trigger a one-shot run on RatisPipelineUtilsThread.
2022-06-19 13:06:00,195 [RatisPipelineUtilsThread - 0] INFO  pipeline.RatisPipelineProvider (RatisPipelineProvider.java:lambda$create$0(195)) - Sending CreatePipelineCommand for pipeline:PipelineID=33bfe05f-6c10-4064-8319-368a290a64c7 to datanode:4c567ed0-77bc-421a-955e-b14cad69b772
2022-06-19 13:06:00,207 [RatisPipelineUtilsThread - 0] INFO  pipeline.PipelineStateManagerImpl (PipelineStateManagerImpl.java:addPipeline(101)) - Created pipeline Pipeline[ Id: 33bfe05f-6c10-4064-8319-368a290a64c7, Nodes: 4c567ed0-77bc-421a-955e-b14cad69b772{ip: 10.1.0.4, host: fv-az58-449.32bp4kehjaiexiom31oljkjdjg.cx.internal.cloudapp.net, ports: [REPLICATION=45115, RATIS=35081, RATIS_ADMIN=35081, RATIS_SERVER=35081, STANDALONE=37817], networkLocation: /default-rack, certSerialId: null, persistedOpState: IN_SERVICE, persistedOpStateExpiryEpochSec: 0}, ReplicationConfig: RATIS/ONE, State:ALLOCATED, leaderId:, CreationTimestamp2022-06-19T13:06:00.195Z[Etc/UTC]].
2022-06-19 13:06:00,210 [EventQueue-PipelineReportForOneReplicaPipelineSafeModeRule] INFO  safemode.SCMSafeModeManager (SCMSafeModeManager.java:validateSafeModeExitRules(204)) - AtleastOneDatanodeReportedRule rule is successfully validated
2022-06-19 13:06:00,840 [Listener at 127.0.0.1/45241] INFO  ozone.MiniOzoneClusterImpl (MiniOzoneClusterImpl.java:lambda$waitForClusterToBeReady$0(221)) - Waiting for nodes to be ready. Got 1 of 5 DN Heartbeats.
2022-06-19 13:06:00,840 [Listener at 127.0.0.1/45241] INFO  ozone.MiniOzoneClusterImpl (MiniOzoneClusterImpl.java:lambda$waitForClusterToBeReady$0(224)) - Waiting for cluster to exit safe mode
2022-06-19 13:06:00,841 [Listener at 127.0.0.1/45241] INFO  ozone.MiniOzoneClusterImpl (MiniOzoneClusterImpl.java:lambda$waitForClusterToBeReady$0(226)) - SCM became leader
2022-06-19 13:06:00,990 [EndpointStateMachine task thread for /0.0.0.0:34167 - 0 ] INFO  volume.HddsVolume (HddsVolume.java:createDbStore(309)) - SchemaV3 db is created and loaded at /home/runner/work/ozone/ozone/hadoop-ozone/integration-test/target/test-dir/MiniOzoneClusterImpl-2d0576aa-8de3-4753-8d37-6309ac1803f7/datanode-3/data-0/containers/hdds/2d0576aa-8de3-4753-8d37-6309ac1803f7/DS-69bb49e2-d6fa-4ee2-946b-ea90b1232c14/container.db for volume DS-69bb49e2-d6fa-4ee2-946b-ea90b1232c14
2022-06-19 13:06:00,991 [EndpointStateMachine task thread for /0.0.0.0:34167 - 0 ] INFO  volume.HddsVolume (HddsVolume.java:closeDbStore(340)) - SchemaV3 db is stopped at /home/runner/work/ozone/ozone/hadoop-ozone/integration-test/target/test-dir/MiniOzoneClusterImpl-2d0576aa-8de3-4753-8d37-6309ac1803f7/datanode-3/data-0/containers/hdds/2d0576aa-8de3-4753-8d37-6309ac1803f7/DS-69bb49e2-d6fa-4ee2-946b-ea90b1232c14/container.db for volume DS-69bb49e2-d6fa-4ee2-946b-ea90b1232c14
2022-06-19 13:06:00,991 [EndpointStateMachine task thread for /0.0.0.0:34167 - 0 ] INFO  ozoneimpl.OzoneContainer (OzoneContainer.java:start(344)) - Attempting to start container services.
2022-06-19 13:06:00,991 [EndpointStateMachine task thread for /0.0.0.0:34167 - 0 ] INFO  ozoneimpl.OzoneContainer (OzoneContainer.java:startContainerScrub(279)) - Background container scanner has been disabled.
2022-06-19 13:06:01,005 [EndpointStateMachine task thread for /0.0.0.0:34167 - 0 ] INFO  replication.ReplicationServer (ReplicationServer.java:start(111)) - ReplicationServer is started using port 39591
2022-06-19 13:06:01,006 [EndpointStateMachine task thread for /0.0.0.0:34167 - 0 ] INFO  ratis.XceiverServerRatis (XceiverServerRatis.java:start(481)) - Starting XceiverServerRatis 27180d60-412c-4516-9b2d-964dfc82640f
2022-06-19 13:06:01,010 [EndpointStateMachine task thread for /0.0.0.0:34167 - 0 ] INFO  server.RaftServer (RaftServerProxy.java:lambda$start$6(382)) - 27180d60-412c-4516-9b2d-964dfc82640f: start RPC server
2022-06-19 13:06:01,034 [EndpointStateMachine task thread for /0.0.0.0:34167 - 0 ] INFO  server.GrpcService (GrpcService.java:startImpl(260)) - 27180d60-412c-4516-9b2d-964dfc82640f: GrpcService started, listening on 46477
2022-06-19 13:06:01,035 [EndpointStateMachine task thread for /0.0.0.0:34167 - 0 ] INFO  ratis.XceiverServerRatis (XceiverServerRatis.java:getRealPort(502)) - XceiverServerRatis 27180d60-412c-4516-9b2d-964dfc82640f is started using port 46477 for RATIS
2022-06-19 13:06:01,035 [EndpointStateMachine task thread for /0.0.0.0:34167 - 0 ] INFO  ratis.XceiverServerRatis (XceiverServerRatis.java:getRealPort(502)) - XceiverServerRatis 27180d60-412c-4516-9b2d-964dfc82640f is started using port 46477 for RATIS_ADMIN
2022-06-19 13:06:01,035 [EndpointStateMachine task thread for /0.0.0.0:34167 - 0 ] INFO  ratis.XceiverServerRatis (XceiverServerRatis.java:getRealPort(502)) - XceiverServerRatis 27180d60-412c-4516-9b2d-964dfc82640f is started using port 46477 for RATIS_SERVER
2022-06-19 13:06:01,062 [org.apache.ratis.util.JvmPauseMonitor$$Lambda$627/819749933@220838d2] INFO  util.JvmPauseMonitor (JvmPauseMonitor.java:run(103)) - JvmPauseMonitor-27180d60-412c-4516-9b2d-964dfc82640f: Started
2022-06-19 13:06:01,070 [EndpointStateMachine task thread for /0.0.0.0:34167 - 0 ] INFO  server.XceiverServerGrpc (XceiverServerGrpc.java:start(180)) - XceiverServerGrpc 27180d60-412c-4516-9b2d-964dfc82640f is started using port 40077
2022-06-19 13:06:01,144 [IPC Server handler 1 on default port 34167] INFO  net.NetworkTopologyImpl (NetworkTopologyImpl.java:add(112)) - Added a new node: /default-rack/41970804-e726-44f7-9f9f-c691618d1097
2022-06-19 13:06:01,145 [IPC Server handler 1 on default port 34167] INFO  node.SCMNodeManager (SCMNodeManager.java:register(394)) - Registered Data node : 41970804-e726-44f7-9f9f-c691618d1097{ip: 10.1.0.4, host: fv-az58-449.32bp4kehjaiexiom31oljkjdjg.cx.internal.cloudapp.net, ports: [REPLICATION=43567, RATIS=45369, RATIS_ADMIN=45369, RATIS_SERVER=45369, STANDALONE=35343], networkLocation: /default-rack, certSerialId: null, persistedOpState: null, persistedOpStateExpiryEpochSec: 0}
2022-06-19 13:06:01,145 [EventQueue-NewNodeForNewNodeHandler] INFO  pipeline.BackgroundPipelineCreator (BackgroundPipelineCreator.java:notifyEventTriggered(272)) - trigger a one-shot run on RatisPipelineUtilsThread.
2022-06-19 13:06:01,151 [RatisPipelineUtilsThread - 0] INFO  pipeline.RatisPipelineProvider (RatisPipelineProvider.java:lambda$create$0(195)) - Sending CreatePipelineCommand for pipeline:PipelineID=a5297039-c55f-4010-bdbb-aaa577b9c661 to datanode:41970804-e726-44f7-9f9f-c691618d1097
2022-06-19 13:06:01,151 [RatisPipelineUtilsThread - 0] INFO  pipeline.PipelineStateManagerImpl (PipelineStateManagerImpl.java:addPipeline(101)) - Created pipeline Pipeline[ Id: a5297039-c55f-4010-bdbb-aaa577b9c661, Nodes: 41970804-e726-44f7-9f9f-c691618d1097{ip: 10.1.0.4, host: fv-az58-449.32bp4kehjaiexiom31oljkjdjg.cx.internal.cloudapp.net, ports: [REPLICATION=43567, RATIS=45369, RATIS_ADMIN=45369, RATIS_SERVER=45369, STANDALONE=35343], networkLocation: /default-rack, certSerialId: null, persistedOpState: IN_SERVICE, persistedOpStateExpiryEpochSec: 0}, ReplicationConfig: RATIS/ONE, State:ALLOCATED, leaderId:, CreationTimestamp2022-06-19T13:06:01.151Z[Etc/UTC]].
2022-06-19 13:06:01,153 [EventQueue-NodeRegistrationContainerReportForDataNodeSafeModeRule] INFO  safemode.SCMSafeModeManager (DataNodeSafeModeRule.java:process(71)) - SCM in safe mode. 2 DataNodes registered, 3 required.
2022-06-19 13:06:01,841 [Listener at 127.0.0.1/45241] INFO  ozone.MiniOzoneClusterImpl (MiniOzoneClusterImpl.java:lambda$waitForClusterToBeReady$0(221)) - Waiting for nodes to be ready. Got 2 of 5 DN Heartbeats.
2022-06-19 13:06:01,841 [Listener at 127.0.0.1/45241] INFO  ozone.MiniOzoneClusterImpl (MiniOzoneClusterImpl.java:lambda$waitForClusterToBeReady$0(224)) - Waiting for cluster to exit safe mode
2022-06-19 13:06:01,841 [Listener at 127.0.0.1/45241] INFO  ozone.MiniOzoneClusterImpl (MiniOzoneClusterImpl.java:lambda$waitForClusterToBeReady$0(226)) - SCM became leader
2022-06-19 13:06:01,966 [IPC Server handler 1 on default port 34167] INFO  net.NetworkTopologyImpl (NetworkTopologyImpl.java:add(112)) - Added a new node: /default-rack/6b51f01e-b5c0-4678-b58a-fec8e2165d46
2022-06-19 13:06:01,966 [IPC Server handler 1 on default port 34167] INFO  node.SCMNodeManager (SCMNodeManager.java:register(394)) - Registered Data node : 6b51f01e-b5c0-4678-b58a-fec8e2165d46{ip: 10.1.0.4, host: fv-az58-449.32bp4kehjaiexiom31oljkjdjg.cx.internal.cloudapp.net, ports: [REPLICATION=36927, RATIS=40853, RATIS_ADMIN=40853, RATIS_SERVER=40853, STANDALONE=37385], networkLocation: /default-rack, certSerialId: null, persistedOpState: null, persistedOpStateExpiryEpochSec: 0}
2022-06-19 13:06:01,967 [EventQueue-NewNodeForNewNodeHandler] INFO  pipeline.BackgroundPipelineCreator (BackgroundPipelineCreator.java:notifyEventTriggered(272)) - trigger a one-shot run on RatisPipelineUtilsThread.
2022-06-19 13:06:01,976 [EventQueue-NodeRegistrationContainerReportForDataNodeSafeModeRule] INFO  safemode.SCMSafeModeManager (DataNodeSafeModeRule.java:process(71)) - SCM in safe mode. 3 DataNodes registered, 3 required.
2022-06-19 13:06:01,977 [EventQueue-NodeRegistrationContainerReportForDataNodeSafeModeRule] INFO  safemode.SCMSafeModeManager (SCMSafeModeManager.java:validateSafeModeExitRules(204)) - DataNodeSafeModeRule rule is successfully validated
2022-06-19 13:06:01,977 [EventQueue-NodeRegistrationContainerReportForDataNodeSafeModeRule] INFO  safemode.SCMSafeModeManager (SCMSafeModeManager.java:completePreCheck(233)) - All SCM safe mode pre check rules have passed
2022-06-19 13:06:01,977 [EventQueue-NodeRegistrationContainerReportForDataNodeSafeModeRule] WARN  events.EventQueue (EventQueue.java:fireEvent(194)) - No event handler registered for event TypedEvent{payloadType=SafeModeStatus, name='Safe mode status'}
2022-06-19 13:06:01,977 [EventQueue-NodeRegistrationContainerReportForDataNodeSafeModeRule] INFO  ha.SCMContext (SCMContext.java:updateSafeModeStatus(228)) - Update SafeModeStatus from SafeModeStatus{safeModeStatus=true, preCheckPassed=false} to SafeModeStatus{safeModeStatus=true, preCheckPassed=true}.
2022-06-19 13:06:01,978 [EventQueue-NodeRegistrationContainerReportForDataNodeSafeModeRule] INFO  pipeline.BackgroundPipelineCreator (BackgroundPipelineCreator.java:notifyEventTriggered(272)) - trigger a one-shot run on RatisPipelineUtilsThread.
2022-06-19 13:06:01,976 [RatisPipelineUtilsThread - 0] INFO  pipeline.RatisPipelineProvider (RatisPipelineProvider.java:lambda$create$0(195)) - Sending CreatePipelineCommand for pipeline:PipelineID=26c602bf-e0bf-4642-936c-79a5fcc5f9bb to datanode:6b51f01e-b5c0-4678-b58a-fec8e2165d46
2022-06-19 13:06:01,981 [RatisPipelineUtilsThread - 0] INFO  pipeline.PipelineStateManagerImpl (PipelineStateManagerImpl.java:addPipeline(101)) - Created pipeline Pipeline[ Id: 26c602bf-e0bf-4642-936c-79a5fcc5f9bb, Nodes: 6b51f01e-b5c0-4678-b58a-fec8e2165d46{ip: 10.1.0.4, host: fv-az58-449.32bp4kehjaiexiom31oljkjdjg.cx.internal.cloudapp.net, ports: [REPLICATION=36927, RATIS=40853, RATIS_ADMIN=40853, RATIS_SERVER=40853, STANDALONE=37385], networkLocation: /default-rack, certSerialId: null, persistedOpState: IN_SERVICE, persistedOpStateExpiryEpochSec: 0}, ReplicationConfig: RATIS/ONE, State:ALLOCATED, leaderId:, CreationTimestamp2022-06-19T13:06:01.976Z[Etc/UTC]].
2022-06-19 13:06:01,981 [RatisPipelineUtilsThread - 0] INFO  pipeline.RatisPipelineProvider (RatisPipelineProvider.java:lambda$create$0(195)) - Sending CreatePipelineCommand for pipeline:PipelineID=f46cf579-ffdd-4723-8e0b-4b69a0b6d22f to datanode:4c567ed0-77bc-421a-955e-b14cad69b772
2022-06-19 13:06:01,982 [RatisPipelineUtilsThread - 0] INFO  pipeline.RatisPipelineProvider (RatisPipelineProvider.java:lambda$create$0(195)) - Sending CreatePipelineCommand for pipeline:PipelineID=f46cf579-ffdd-4723-8e0b-4b69a0b6d22f to datanode:6b51f01e-b5c0-4678-b58a-fec8e2165d46
2022-06-19 13:06:01,982 [RatisPipelineUtilsThread - 0] INFO  pipeline.RatisPipelineProvider (RatisPipelineProvider.java:lambda$create$0(195)) - Sending CreatePipelineCommand for pipeline:PipelineID=f46cf579-ffdd-4723-8e0b-4b69a0b6d22f to datanode:41970804-e726-44f7-9f9f-c691618d1097
2022-06-19 13:06:01,982 [RatisPipelineUtilsThread - 0] INFO  pipeline.PipelineStateManagerImpl (PipelineStateManagerImpl.java:addPipeline(101)) - Created pipeline Pipeline[ Id: f46cf579-ffdd-4723-8e0b-4b69a0b6d22f, Nodes: 4c567ed0-77bc-421a-955e-b14cad69b772{ip: 10.1.0.4, host: fv-az58-449.32bp4kehjaiexiom31oljkjdjg.cx.internal.cloudapp.net, ports: [REPLICATION=45115, RATIS=35081, RATIS_ADMIN=35081, RATIS_SERVER=35081, STANDALONE=37817], networkLocation: /default-rack, certSerialId: null, persistedOpState: IN_SERVICE, persistedOpStateExpiryEpochSec: 0}6b51f01e-b5c0-4678-b58a-fec8e2165d46{ip: 10.1.0.4, host: fv-az58-449.32bp4kehjaiexiom31oljkjdjg.cx.internal.cloudapp.net, ports: [REPLICATION=36927, RATIS=40853, RATIS_ADMIN=40853, RATIS_SERVER=40853, STANDALONE=37385], networkLocation: /default-rack, certSerialId: null, persistedOpState: IN_SERVICE, persistedOpStateExpiryEpochSec: 0}41970804-e726-44f7-9f9f-c691618d1097{ip: 10.1.0.4, host: fv-az58-449.32bp4kehjaiexiom31oljkjdjg.cx.internal.cloudapp.net, ports: [REPLICATION=43567, RATIS=45369, RATIS_ADMIN=45369, RATIS_SERVER=45369, STANDALONE=35343], networkLocation: /default-rack, certSerialId: null, persistedOpState: IN_SERVICE, persistedOpStateExpiryEpochSec: 0}, ReplicationConfig: RATIS/THREE, State:ALLOCATED, leaderId:, CreationTimestamp2022-06-19T13:06:01.981Z[Etc/UTC]].
2022-06-19 13:06:01,982 [RatisPipelineUtilsThread - 0] INFO  pipeline.RatisPipelineProvider (RatisPipelineProvider.java:lambda$create$0(195)) - Sending CreatePipelineCommand for pipeline:PipelineID=d286c339-0efc-4709-9150-8db3b69c40a1 to datanode:41970804-e726-44f7-9f9f-c691618d1097
2022-06-19 13:06:01,982 [RatisPipelineUtilsThread - 0] INFO  pipeline.RatisPipelineProvider (RatisPipelineProvider.java:lambda$create$0(195)) - Sending CreatePipelineCommand for pipeline:PipelineID=d286c339-0efc-4709-9150-8db3b69c40a1 to datanode:6b51f01e-b5c0-4678-b58a-fec8e2165d46
2022-06-19 13:06:01,982 [RatisPipelineUtilsThread - 0] INFO  pipeline.RatisPipelineProvider (RatisPipelineProvider.java:lambda$create$0(195)) - Sending CreatePipelineCommand for pipeline:PipelineID=d286c339-0efc-4709-9150-8db3b69c40a1 to datanode:4c567ed0-77bc-421a-955e-b14cad69b772
2022-06-19 13:06:01,983 [RatisPipelineUtilsThread - 0] INFO  pipeline.PipelineStateManagerImpl (PipelineStateManagerImpl.java:addPipeline(101)) - Created pipeline Pipeline[ Id: d286c339-0efc-4709-9150-8db3b69c40a1, Nodes: 41970804-e726-44f7-9f9f-c691618d1097{ip: 10.1.0.4, host: fv-az58-449.32bp4kehjaiexiom31oljkjdjg.cx.internal.cloudapp.net, ports: [REPLICATION=43567, RATIS=45369, RATIS_ADMIN=45369, RATIS_SERVER=45369, STANDALONE=35343], networkLocation: /default-rack, certSerialId: null, persistedOpState: IN_SERVICE, persistedOpStateExpiryEpochSec: 0}6b51f01e-b5c0-4678-b58a-fec8e2165d46{ip: 10.1.0.4, host: fv-az58-449.32bp4kehjaiexiom31oljkjdjg.cx.internal.cloudapp.net, ports: [REPLICATION=36927, RATIS=40853, RATIS_ADMIN=40853, RATIS_SERVER=40853, STANDALONE=37385], networkLocation: /default-rack, certSerialId: null, persistedOpState: IN_SERVICE, persistedOpStateExpiryEpochSec: 0}4c567ed0-77bc-421a-955e-b14cad69b772{ip: 10.1.0.4, host: fv-az58-449.32bp4kehjaiexiom31oljkjdjg.cx.internal.cloudapp.net, ports: [REPLICATION=45115, RATIS=35081, RATIS_ADMIN=35081, RATIS_SERVER=35081, STANDALONE=37817], networkLocation: /default-rack, certSerialId: null, persistedOpState: IN_SERVICE, persistedOpStateExpiryEpochSec: 0}, ReplicationConfig: RATIS/THREE, State:ALLOCATED, leaderId:, CreationTimestamp2022-06-19T13:06:01.982Z[Etc/UTC]].
2022-06-19 13:06:01,983 [RatisPipelineUtilsThread - 0] INFO  pipeline.PipelineManagerImpl (PipelineManagerImpl.java:recordMetricsForPipeline(715)) - Pipeline: PipelineID=d286c339-0efc-4709-9150-8db3b69c40a1 contains same datanodes as previous pipelines: PipelineID=f46cf579-ffdd-4723-8e0b-4b69a0b6d22f nodeIds: 41970804-e726-44f7-9f9f-c691618d1097, 6b51f01e-b5c0-4678-b58a-fec8e2165d46, 4c567ed0-77bc-421a-955e-b14cad69b772
2022-06-19 13:06:01,997 [EndpointStateMachine task thread for /0.0.0.0:34167 - 0 ] INFO  volume.HddsVolume (HddsVolume.java:createDbStore(309)) - SchemaV3 db is created and loaded at /home/runner/work/ozone/ozone/hadoop-ozone/integration-test/target/test-dir/MiniOzoneClusterImpl-2d0576aa-8de3-4753-8d37-6309ac1803f7/datanode-4/data-0/containers/hdds/2d0576aa-8de3-4753-8d37-6309ac1803f7/DS-8959c96c-9d93-4ea4-8eab-41d29f796bcf/container.db for volume DS-8959c96c-9d93-4ea4-8eab-41d29f796bcf
2022-06-19 13:06:01,997 [EndpointStateMachine task thread for /0.0.0.0:34167 - 0 ] INFO  volume.HddsVolume (HddsVolume.java:closeDbStore(340)) - SchemaV3 db is stopped at /home/runner/work/ozone/ozone/hadoop-ozone/integration-test/target/test-dir/MiniOzoneClusterImpl-2d0576aa-8de3-4753-8d37-6309ac1803f7/datanode-4/data-0/containers/hdds/2d0576aa-8de3-4753-8d37-6309ac1803f7/DS-8959c96c-9d93-4ea4-8eab-41d29f796bcf/container.db for volume DS-8959c96c-9d93-4ea4-8eab-41d29f796bcf
2022-06-19 13:06:01,997 [EndpointStateMachine task thread for /0.0.0.0:34167 - 0 ] INFO  ozoneimpl.OzoneContainer (OzoneContainer.java:start(344)) - Attempting to start container services.
2022-06-19 13:06:01,998 [EndpointStateMachine task thread for /0.0.0.0:34167 - 0 ] INFO  ozoneimpl.OzoneContainer (OzoneContainer.java:startContainerScrub(279)) - Background container scanner has been disabled.
2022-06-19 13:06:02,013 [EndpointStateMachine task thread for /0.0.0.0:34167 - 0 ] INFO  replication.ReplicationServer (ReplicationServer.java:start(111)) - ReplicationServer is started using port 33487
2022-06-19 13:06:02,025 [EndpointStateMachine task thread for /0.0.0.0:34167 - 0 ] INFO  ratis.XceiverServerRatis (XceiverServerRatis.java:start(481)) - Starting XceiverServerRatis 341760f9-9112-44c5-a769-73cddc41fbf7
2022-06-19 13:06:02,065 [EndpointStateMachine task thread for /0.0.0.0:34167 - 0 ] INFO  server.RaftServer (RaftServerProxy.java:lambda$start$6(382)) - 341760f9-9112-44c5-a769-73cddc41fbf7: start RPC server
2022-06-19 13:06:02,068 [EndpointStateMachine task thread for /0.0.0.0:34167 - 0 ] INFO  server.GrpcService (GrpcService.java:startImpl(260)) - 341760f9-9112-44c5-a769-73cddc41fbf7: GrpcService started, listening on 35617
2022-06-19 13:06:02,069 [EndpointStateMachine task thread for /0.0.0.0:34167 - 0 ] INFO  ratis.XceiverServerRatis (XceiverServerRatis.java:getRealPort(502)) - XceiverServerRatis 341760f9-9112-44c5-a769-73cddc41fbf7 is started using port 35617 for RATIS
2022-06-19 13:06:02,069 [EndpointStateMachine task thread for /0.0.0.0:34167 - 0 ] INFO  ratis.XceiverServerRatis (XceiverServerRatis.java:getRealPort(502)) - XceiverServerRatis 341760f9-9112-44c5-a769-73cddc41fbf7 is started using port 35617 for RATIS_ADMIN
2022-06-19 13:06:02,069 [EndpointStateMachine task thread for /0.0.0.0:34167 - 0 ] INFO  ratis.XceiverServerRatis (XceiverServerRatis.java:getRealPort(502)) - XceiverServerRatis 341760f9-9112-44c5-a769-73cddc41fbf7 is started using port 35617 for RATIS_SERVER
2022-06-19 13:06:02,069 [org.apache.ratis.util.JvmPauseMonitor$$Lambda$627/819749933@5ae709ba] INFO  util.JvmPauseMonitor (JvmPauseMonitor.java:run(103)) - JvmPauseMonitor-341760f9-9112-44c5-a769-73cddc41fbf7: Started
2022-06-19 13:06:02,100 [EndpointStateMachine task thread for /0.0.0.0:34167 - 0 ] INFO  server.XceiverServerGrpc (XceiverServerGrpc.java:start(180)) - XceiverServerGrpc 341760f9-9112-44c5-a769-73cddc41fbf7 is started using port 44335
2022-06-19 13:06:02,845 [Listener at 127.0.0.1/45241] INFO  ozone.MiniOzoneClusterImpl (MiniOzoneClusterImpl.java:lambda$waitForClusterToBeReady$0(221)) - Waiting for nodes to be ready. Got 3 of 5 DN Heartbeats.
2022-06-19 13:06:02,845 [Listener at 127.0.0.1/45241] INFO  ozone.MiniOzoneClusterImpl (MiniOzoneClusterImpl.java:lambda$waitForClusterToBeReady$0(224)) - Waiting for cluster to exit safe mode
2022-06-19 13:06:02,845 [Listener at 127.0.0.1/45241] INFO  ozone.MiniOzoneClusterImpl (MiniOzoneClusterImpl.java:lambda$waitForClusterToBeReady$0(226)) - SCM became leader
2022-06-19 13:06:02,934 [IPC Server handler 1 on default port 34167] INFO  net.NetworkTopologyImpl (NetworkTopologyImpl.java:add(112)) - Added a new node: /default-rack/27180d60-412c-4516-9b2d-964dfc82640f
2022-06-19 13:06:02,935 [IPC Server handler 1 on default port 34167] INFO  node.SCMNodeManager (SCMNodeManager.java:register(394)) - Registered Data node : 27180d60-412c-4516-9b2d-964dfc82640f{ip: 10.1.0.4, host: fv-az58-449.32bp4kehjaiexiom31oljkjdjg.cx.internal.cloudapp.net, ports: [REPLICATION=39591, RATIS=46477, RATIS_ADMIN=46477, RATIS_SERVER=46477, STANDALONE=40077], networkLocation: /default-rack, certSerialId: null, persistedOpState: null, persistedOpStateExpiryEpochSec: 0}
2022-06-19 13:06:02,935 [EventQueue-NewNodeForNewNodeHandler] INFO  pipeline.BackgroundPipelineCreator (BackgroundPipelineCreator.java:notifyEventTriggered(272)) - trigger a one-shot run on RatisPipelineUtilsThread.
2022-06-19 13:06:02,935 [RatisPipelineUtilsThread - 0] INFO  pipeline.RatisPipelineProvider (RatisPipelineProvider.java:lambda$create$0(195)) - Sending CreatePipelineCommand for pipeline:PipelineID=613c176a-9a76-40ad-bdab-377a1d0eba52 to datanode:27180d60-412c-4516-9b2d-964dfc82640f
2022-06-19 13:06:02,936 [RatisPipelineUtilsThread - 0] INFO  pipeline.PipelineStateManagerImpl (PipelineStateManagerImpl.java:addPipeline(101)) - Created pipeline Pipeline[ Id: 613c176a-9a76-40ad-bdab-377a1d0eba52, Nodes: 27180d60-412c-4516-9b2d-964dfc82640f{ip: 10.1.0.4, host: fv-az58-449.32bp4kehjaiexiom31oljkjdjg.cx.internal.cloudapp.net, ports: [REPLICATION=39591, RATIS=46477, RATIS_ADMIN=46477, RATIS_SERVER=46477, STANDALONE=40077], networkLocation: /default-rack, certSerialId: null, persistedOpState: IN_SERVICE, persistedOpStateExpiryEpochSec: 0}, ReplicationConfig: RATIS/ONE, State:ALLOCATED, leaderId:, CreationTimestamp2022-06-19T13:06:02.935Z[Etc/UTC]].
2022-06-19 13:06:03,171 [Command processor thread] INFO  server.RaftServer (RaftServerProxy.java:addNew(96)) - 4c567ed0-77bc-421a-955e-b14cad69b772: addNew group-368A290A64C7:[4c567ed0-77bc-421a-955e-b14cad69b772|rpc:10.1.0.4:35081|priority:1] returns group-368A290A64C7:java.util.concurrent.CompletableFuture@4713081a[Not completed]
2022-06-19 13:06:03,188 [pool-300-thread-1] INFO  server.RaftServer$Division (RaftServerImpl.java:<init>(190)) - 4c567ed0-77bc-421a-955e-b14cad69b772: new RaftServerImpl for group-368A290A64C7:[4c567ed0-77bc-421a-955e-b14cad69b772|rpc:10.1.0.4:35081|priority:1] with ContainerStateMachine:uninitialized
2022-06-19 13:06:03,188 [pool-300-thread-1] INFO  server.RaftServerConfigKeys (ConfUtils.java:logGet(46)) - raft.server.rpc.timeout.min = 5s (custom)
2022-06-19 13:06:03,188 [pool-300-thread-1] INFO  server.RaftServerConfigKeys (ConfUtils.java:logGet(46)) - raft.server.rpc.timeout.max = 5200ms (custom)
2022-06-19 13:06:03,188 [pool-300-thread-1] INFO  server.RaftServerConfigKeys (ConfUtils.java:logGet(46)) - raft.server.rpc.sleep.time = 25ms (default)
2022-06-19 13:06:03,188 [pool-300-thread-1] INFO  server.RaftServerConfigKeys (ConfUtils.java:logGet(46)) - raft.server.rpc.slowness.timeout = 300s (custom)
2022-06-19 13:06:03,188 [pool-300-thread-1] INFO  server.RaftServerConfigKeys (ConfUtils.java:logGet(46)) - raft.server.leaderelection.leader.step-down.wait-time = 10s (default)
2022-06-19 13:06:03,188 [pool-300-thread-1] INFO  server.RaftServerConfigKeys (ConfUtils.java:logGet(46)) - raft.server.sleep.deviation.threshold = 300ms (default)
2022-06-19 13:06:03,188 [pool-300-thread-1] INFO  server.RaftServer$Division (ServerState.java:<init>(107)) - 4c567ed0-77bc-421a-955e-b14cad69b772@group-368A290A64C7: ConfigurationManager, init=-1: [4c567ed0-77bc-421a-955e-b14cad69b772|rpc:10.1.0.4:35081|priority:1], old=null, confs=<EMPTY_MAP>
2022-06-19 13:06:03,188 [pool-300-thread-1] INFO  server.RaftServerConfigKeys (ConfUtils.java:logGet(46)) - raft.server.storage.dir = [/home/runner/work/ozone/ozone/hadoop-ozone/integration-test/target/test-dir/MiniOzoneClusterImpl-2d0576aa-8de3-4753-8d37-6309ac1803f7/datanode-0/data/ratis] (custom)
2022-06-19 13:06:03,189 [pool-300-thread-1] INFO  server.RaftServerConfigKeys (ConfUtils.java:logGet(46)) - raft.server.log.corruption.policy = EXCEPTION (default)
2022-06-19 13:06:03,189 [pool-300-thread-1] INFO  server.RaftServerConfigKeys (ConfUtils.java:logGet(46)) - raft.server.storage.free-space.min = 0MB (=0) (default)
2022-06-19 13:06:03,189 [pool-300-thread-1] INFO  storage.RaftStorageDirectory (RaftStorageDirectoryImpl.java:analyzeStorage(135)) - The storage directory /home/runner/work/ozone/ozone/hadoop-ozone/integration-test/target/test-dir/MiniOzoneClusterImpl-2d0576aa-8de3-4753-8d37-6309ac1803f7/datanode-0/data/ratis/33bfe05f-6c10-4064-8319-368a290a64c7 does not exist. Creating ...
2022-06-19 13:06:03,190 [pool-300-thread-1] INFO  storage.RaftStorageDirectory (RaftStorageDirectoryImpl.java:tryLock(230)) - Lock on /home/runner/work/ozone/ozone/hadoop-ozone/integration-test/target/test-dir/MiniOzoneClusterImpl-2d0576aa-8de3-4753-8d37-6309ac1803f7/datanode-0/data/ratis/33bfe05f-6c10-4064-8319-368a290a64c7/in_use.lock acquired by nodename 17254@fv-az58-449
2022-06-19 13:06:03,197 [pool-300-thread-1] INFO  storage.RaftStorage (RaftStorageImpl.java:format(89)) - Storage directory /home/runner/work/ozone/ozone/hadoop-ozone/integration-test/target/test-dir/MiniOzoneClusterImpl-2d0576aa-8de3-4753-8d37-6309ac1803f7/datanode-0/data/ratis/33bfe05f-6c10-4064-8319-368a290a64c7 has been successfully formatted.
2022-06-19 13:06:03,198 [pool-300-thread-1] INFO  ratis.ContainerStateMachine (ContainerStateMachine.java:loadSnapshot(236)) - group-368A290A64C7: The snapshot info is null. Setting the last applied indexto:(t:0, i:~)
2022-06-19 13:06:03,198 [pool-300-thread-1] INFO  server.RaftServerConfigKeys (ConfUtils.java:logGet(46)) - raft.server.notification.no-leader.timeout = 300s (custom)
2022-06-19 13:06:03,198 [pool-300-thread-1] INFO  server.RaftServerConfigKeys (ConfUtils.java:logGet(46)) - raft.server.log.use.memory = false (default)
2022-06-19 13:06:03,199 [pool-300-thread-1] INFO  server.RaftServerConfigKeys (ConfUtils.java:logGet(46)) - raft.server.log.purge.gap = 1000000 (custom)
2022-06-19 13:06:03,199 [pool-300-thread-1] INFO  server.RaftServerConfigKeys (ConfUtils.java:logGet(46)) - raft.server.log.appender.buffer.byte-limit = 33554432 (custom)
2022-06-19 13:06:03,199 [pool-300-thread-1] INFO  server.RaftServerConfigKeys (ConfUtils.java:logGet(46)) - raft.server.log.statemachine.data.read.timeout = 1000ms (default)
2022-06-19 13:06:03,199 [pool-300-thread-1] INFO  server.RaftServerConfigKeys (ConfUtils.java:logGet(46)) - raft.server.log.segment.size.max = 1048576 (custom)
2022-06-19 13:06:03,200 [EventQueue-PipelineReportForPipelineReportHandler] INFO  pipeline.PipelineManagerImpl (PipelineManagerImpl.java:openPipeline(356)) - Pipeline Pipeline[ Id: 33bfe05f-6c10-4064-8319-368a290a64c7, Nodes: 4c567ed0-77bc-421a-955e-b14cad69b772{ip: 10.1.0.4, host: fv-az58-449.32bp4kehjaiexiom31oljkjdjg.cx.internal.cloudapp.net, ports: [REPLICATION=45115, RATIS=35081, RATIS_ADMIN=35081, RATIS_SERVER=35081, STANDALONE=37817], networkLocation: /default-rack, certSerialId: null, persistedOpState: IN_SERVICE, persistedOpStateExpiryEpochSec: 0}, ReplicationConfig: RATIS/ONE, State:ALLOCATED, leaderId:4c567ed0-77bc-421a-955e-b14cad69b772, CreationTimestamp2022-06-19T13:06:00.195Z[Etc/UTC]] moved to OPEN state
2022-06-19 13:06:03,213 [EventQueue-OpenPipelineForHealthyPipelineSafeModeRule] INFO  safemode.SCMSafeModeManager (HealthyPipelineSafeModeRule.java:process(124)) - SCM in safe mode. Healthy pipelines reported count is 0, required healthy pipeline reported count is 1
2022-06-19 13:06:03,217 [pool-300-thread-1] INFO  server.RaftServerConfigKeys (ConfUtils.java:logGet(46)) - raft.server.log.segment.cache.num.max = 2 (custom)
2022-06-19 13:06:03,218 [pool-300-thread-1] INFO  server.RaftServerConfigKeys (ConfUtils.java:logGet(46)) - raft.server.log.segment.cache.size.max = 200MB (=209715200) (default)
2022-06-19 13:06:03,218 [pool-300-thread-1] INFO  segmented.SegmentedRaftLogWorker (SegmentedRaftLogWorker.java:<init>(187)) - new 4c567ed0-77bc-421a-955e-b14cad69b772@group-368A290A64C7-SegmentedRaftLogWorker for RaftStorageImpl:Storage Directory /home/runner/work/ozone/ozone/hadoop-ozone/integration-test/target/test-dir/MiniOzoneClusterImpl-2d0576aa-8de3-4753-8d37-6309ac1803f7/datanode-0/data/ratis/33bfe05f-6c10-4064-8319-368a290a64c7
2022-06-19 13:06:03,218 [pool-300-thread-1] INFO  server.RaftServerConfigKeys (ConfUtils.java:logGet(46)) - raft.server.log.queue.byte-limit = 4294967296 (custom)
2022-06-19 13:06:03,218 [pool-300-thread-1] INFO  server.RaftServerConfigKeys (ConfUtils.java:logGet(46)) - raft.server.log.queue.element-limit = 1024 (custom)
2022-06-19 13:06:03,218 [pool-300-thread-1] INFO  server.RaftServerConfigKeys (ConfUtils.java:logGet(46)) - raft.server.log.segment.size.max = 1048576 (custom)
2022-06-19 13:06:03,218 [pool-300-thread-1] INFO  server.RaftServerConfigKeys (ConfUtils.java:logGet(46)) - raft.server.log.preallocated.size = 16384 (custom)
2022-06-19 13:06:03,218 [pool-300-thread-1] INFO  server.RaftServerConfigKeys (ConfUtils.java:logGet(46)) - raft.server.log.force.sync.num = 128 (default)
2022-06-19 13:06:03,218 [pool-300-thread-1] INFO  server.RaftServerConfigKeys (ConfUtils.java:logGet(46)) - raft.server.log.statemachine.data.sync = true (default)
2022-06-19 13:06:03,218 [pool-300-thread-1] INFO  server.RaftServerConfigKeys (ConfUtils.java:logGet(46)) - raft.server.log.statemachine.data.sync.timeout = 10s (default)
2022-06-19 13:06:03,218 [pool-300-thread-1] INFO  server.RaftServerConfigKeys (ConfUtils.java:logGet(46)) - raft.server.log.statemachine.data.sync.timeout.retry = -1 (default)
2022-06-19 13:06:03,219 [pool-300-thread-1] INFO  server.RaftServerConfigKeys (ConfUtils.java:logGet(46)) - raft.server.log.write.buffer.size = 1048576 (custom)
2022-06-19 13:06:03,219 [pool-300-thread-1] INFO  server.RaftServerConfigKeys (ConfUtils.java:logGet(46)) - raft.server.log.unsafe-flush.enabled = false (default)
2022-06-19 13:06:03,219 [pool-300-thread-1] INFO  server.RaftServerConfigKeys (ConfUtils.java:logGet(46)) - raft.server.log.statemachine.data.caching.enabled = true (custom)
2022-06-19 13:06:03,219 [pool-300-thread-1] INFO  segmented.SegmentedRaftLogWorker (SegmentedRaftLogWorker.java:lambda$new$0(135)) - 4c567ed0-77bc-421a-955e-b14cad69b772@group-368A290A64C7-SegmentedRaftLogWorker: flushIndex: setUnconditionally 0 -> -1
2022-06-19 13:06:03,219 [pool-300-thread-1] INFO  segmented.SegmentedRaftLogWorker (SegmentedRaftLogWorker.java:lambda$new$0(135)) - 4c567ed0-77bc-421a-955e-b14cad69b772@group-368A290A64C7-SegmentedRaftLogWorker: safeCacheEvictIndex: setUnconditionally 0 -> -1
2022-06-19 13:06:03,233 [pool-300-thread-1] INFO  server.RaftServerConfigKeys (ConfUtils.java:logGet(46)) - raft.server.snapshot.auto.trigger.enabled = true (custom)
2022-06-19 13:06:03,233 [pool-300-thread-1] INFO  server.RaftServerConfigKeys (ConfUtils.java:logGet(46)) - raft.server.snapshot.auto.trigger.threshold = 10000 (custom)
2022-06-19 13:06:03,233 [pool-300-thread-1] INFO  server.RaftServerConfigKeys (ConfUtils.java:logGet(46)) - raft.server.snapshot.retention.file.num = 5 (custom)
2022-06-19 13:06:03,233 [pool-300-thread-1] INFO  server.RaftServerConfigKeys (ConfUtils.java:logGet(46)) - raft.server.log.purge.upto.snapshot.index = false (default)
2022-06-19 13:06:03,233 [pool-300-thread-1] INFO  server.RaftServerConfigKeys (ConfUtils.java:logGet(46)) - raft.server.retrycache.expirytime = 600000ms (custom)
2022-06-19 13:06:03,233 [pool-300-thread-1] INFO  server.RaftServerConfigKeys (ConfUtils.java:logGet(46)) - raft.server.retrycache.statistics.expirytime = 100μs (default)
2022-06-19 13:06:03,235 [pool-300-thread-1] INFO  server.RaftServerConfigKeys (ConfUtils.java:logGet(46)) - raft.server.log.appender.install.snapshot.enabled = false (custom)
2022-06-19 13:06:03,235 [pool-300-thread-1] INFO  server.RaftServerConfigKeys (ConfUtils.java:logGet(46)) - raft.server.threadpool.server.cached = true (default)
2022-06-19 13:06:03,235 [pool-300-thread-1] INFO  server.RaftServerConfigKeys (ConfUtils.java:logGet(46)) - raft.server.threadpool.server.size = 0 (default)
2022-06-19 13:06:03,235 [pool-300-thread-1] INFO  server.RaftServerConfigKeys (ConfUtils.java:logGet(46)) - raft.server.threadpool.client.cached = true (default)
2022-06-19 13:06:03,235 [pool-300-thread-1] INFO  server.RaftServerConfigKeys (ConfUtils.java:logGet(46)) - raft.server.threadpool.client.size = 0 (default)
2022-06-19 13:06:03,235 [pool-300-thread-1] INFO  server.RaftServer$Division (RaftServerImpl.java:start(310)) - 4c567ed0-77bc-421a-955e-b14cad69b772@group-368A290A64C7: start as a follower, conf=-1: [4c567ed0-77bc-421a-955e-b14cad69b772|rpc:10.1.0.4:35081|priority:1], old=null
2022-06-19 13:06:03,235 [pool-300-thread-1] INFO  server.RaftServer$Division (RaftServerImpl.java:setRole(299)) - 4c567ed0-77bc-421a-955e-b14cad69b772@group-368A290A64C7: changes role from      null to FOLLOWER at term 0 for startAsFollower
2022-06-19 13:06:03,235 [pool-300-thread-1] INFO  impl.RoleInfo (RoleInfo.java:updateAndGet(139)) - 4c567ed0-77bc-421a-955e-b14cad69b772: start 4c567ed0-77bc-421a-955e-b14cad69b772@group-368A290A64C7-FollowerState
2022-06-19 13:06:03,237 [pool-300-thread-1] INFO  util.JmxRegister (JmxRegister.java:tryRegister(44)) - Successfully registered JMX Bean with object name Ratis:service=RaftServer,group=group-368A290A64C7,id=4c567ed0-77bc-421a-955e-b14cad69b772
2022-06-19 13:06:03,239 [Command processor thread] INFO  ratis.XceiverServerRatis (XceiverServerRatis.java:addGroup(765)) - Created group PipelineID=33bfe05f-6c10-4064-8319-368a290a64c7
2022-06-19 13:06:03,240 [Command processor thread] INFO  commandhandler.CreatePipelineCommandHandler (CreatePipelineCommandHandler.java:handle(113)) - Created Pipeline RATIS ONE PipelineID=33bfe05f-6c10-4064-8319-368a290a64c7.
2022-06-19 13:06:03,240 [Command processor thread] INFO  server.RaftServer (RaftServerProxy.java:addNew(96)) - 4c567ed0-77bc-421a-955e-b14cad69b772: addNew group-4B69A0B6D22F:[4c567ed0-77bc-421a-955e-b14cad69b772|rpc:10.1.0.4:35081|priority:0, 41970804-e726-44f7-9f9f-c691618d1097|rpc:10.1.0.4:45369|priority:0, 6b51f01e-b5c0-4678-b58a-fec8e2165d46|rpc:10.1.0.4:40853|priority:1] returns group-4B69A0B6D22F:java.util.concurrent.CompletableFuture@432c8420[Not completed]
2022-06-19 13:06:03,241 [pool-300-thread-1] INFO  server.RaftServer$Division (RaftServerImpl.java:<init>(190)) - 4c567ed0-77bc-421a-955e-b14cad69b772: new RaftServerImpl for group-4B69A0B6D22F:[4c567ed0-77bc-421a-955e-b14cad69b772|rpc:10.1.0.4:35081|priority:0, 41970804-e726-44f7-9f9f-c691618d1097|rpc:10.1.0.4:45369|priority:0, 6b51f01e-b5c0-4678-b58a-fec8e2165d46|rpc:10.1.0.4:40853|priority:1] with ContainerStateMachine:uninitialized
2022-06-19 13:06:03,241 [pool-300-thread-1] INFO  server.RaftServerConfigKeys (ConfUtils.java:logGet(46)) - raft.server.rpc.timeout.min = 5s (custom)
2022-06-19 13:06:03,241 [pool-300-thread-1] INFO  server.RaftServerConfigKeys (ConfUtils.java:logGet(46)) - raft.server.rpc.timeout.max = 5200ms (custom)
2022-06-19 13:06:03,241 [pool-300-thread-1] INFO  server.RaftServerConfigKeys (ConfUtils.java:logGet(46)) - raft.server.rpc.sleep.time = 25ms (default)
2022-06-19 13:06:03,241 [pool-300-thread-1] INFO  server.RaftServerConfigKeys (ConfUtils.java:logGet(46)) - raft.server.rpc.slowness.timeout = 300s (custom)
2022-06-19 13:06:03,241 [pool-300-thread-1] INFO  server.RaftServerConfigKeys (ConfUtils.java:logGet(46)) - raft.server.leaderelection.leader.step-down.wait-time = 10s (default)
2022-06-19 13:06:03,241 [pool-300-thread-1] INFO  server.RaftServerConfigKeys (ConfUtils.java:logGet(46)) - raft.server.sleep.deviation.threshold = 300ms (default)
2022-06-19 13:06:03,241 [pool-300-thread-1] INFO  server.RaftServer$Division (ServerState.java:<init>(107)) - 4c567ed0-77bc-421a-955e-b14cad69b772@group-4B69A0B6D22F: ConfigurationManager, init=-1: [4c567ed0-77bc-421a-955e-b14cad69b772|rpc:10.1.0.4:35081|priority:0, 41970804-e726-44f7-9f9f-c691618d1097|rpc:10.1.0.4:45369|priority:0, 6b51f01e-b5c0-4678-b58a-fec8e2165d46|rpc:10.1.0.4:40853|priority:1], old=null, confs=<EMPTY_MAP>
2022-06-19 13:06:03,241 [pool-300-thread-1] INFO  server.RaftServerConfigKeys (ConfUtils.java:logGet(46)) - raft.server.storage.dir = [/home/runner/work/ozone/ozone/hadoop-ozone/integration-test/target/test-dir/MiniOzoneClusterImpl-2d0576aa-8de3-4753-8d37-6309ac1803f7/datanode-0/data/ratis] (custom)
2022-06-19 13:06:03,241 [pool-300-thread-1] INFO  server.RaftServerConfigKeys (ConfUtils.java:logGet(46)) - raft.server.log.corruption.policy = EXCEPTION (default)
2022-06-19 13:06:03,243 [pool-300-thread-1] INFO  server.RaftServerConfigKeys (ConfUtils.java:logGet(46)) - raft.server.storage.free-space.min = 0MB (=0) (default)
2022-06-19 13:06:03,244 [pool-300-thread-1] INFO  storage.RaftStorageDirectory (RaftStorageDirectoryImpl.java:analyzeStorage(135)) - The storage directory /home/runner/work/ozone/ozone/hadoop-ozone/integration-test/target/test-dir/MiniOzoneClusterImpl-2d0576aa-8de3-4753-8d37-6309ac1803f7/datanode-0/data/ratis/f46cf579-ffdd-4723-8e0b-4b69a0b6d22f does not exist. Creating ...
2022-06-19 13:06:03,245 [pool-300-thread-1] INFO  storage.RaftStorageDirectory (RaftStorageDirectoryImpl.java:tryLock(230)) - Lock on /home/runner/work/ozone/ozone/hadoop-ozone/integration-test/target/test-dir/MiniOzoneClusterImpl-2d0576aa-8de3-4753-8d37-6309ac1803f7/datanode-0/data/ratis/f46cf579-ffdd-4723-8e0b-4b69a0b6d22f/in_use.lock acquired by nodename 17254@fv-az58-449
2022-06-19 13:06:03,246 [pool-300-thread-1] INFO  storage.RaftStorage (RaftStorageImpl.java:format(89)) - Storage directory /home/runner/work/ozone/ozone/hadoop-ozone/integration-test/target/test-dir/MiniOzoneClusterImpl-2d0576aa-8de3-4753-8d37-6309ac1803f7/datanode-0/data/ratis/f46cf579-ffdd-4723-8e0b-4b69a0b6d22f has been successfully formatted.
2022-06-19 13:06:03,246 [pool-300-thread-1] INFO  ratis.ContainerStateMachine (ContainerStateMachine.java:loadSnapshot(236)) - group-4B69A0B6D22F: The snapshot info is null. Setting the last applied indexto:(t:0, i:~)
2022-06-19 13:06:03,246 [pool-300-thread-1] INFO  server.RaftServerConfigKeys (ConfUtils.java:logGet(46)) - raft.server.notification.no-leader.timeout = 300s (custom)
2022-06-19 13:06:03,246 [pool-300-thread-1] INFO  server.RaftServerConfigKeys (ConfUtils.java:logGet(46)) - raft.server.log.use.memory = false (default)
2022-06-19 13:06:03,246 [pool-300-thread-1] INFO  server.RaftServerConfigKeys (ConfUtils.java:logGet(46)) - raft.server.log.purge.gap = 1000000 (custom)
2022-06-19 13:06:03,246 [pool-300-thread-1] INFO  server.RaftServerConfigKeys (ConfUtils.java:logGet(46)) - raft.server.log.appender.buffer.byte-limit = 33554432 (custom)
2022-06-19 13:06:03,246 [pool-300-thread-1] INFO  server.RaftServerConfigKeys (ConfUtils.java:logGet(46)) - raft.server.log.statemachine.data.read.timeout = 1000ms (default)
2022-06-19 13:06:03,246 [pool-300-thread-1] INFO  server.RaftServerConfigKeys (ConfUtils.java:logGet(46)) - raft.server.log.segment.size.max = 1048576 (custom)
2022-06-19 13:06:03,247 [pool-300-thread-1] INFO  server.RaftServerConfigKeys (ConfUtils.java:logGet(46)) - raft.server.log.segment.cache.num.max = 2 (custom)
2022-06-19 13:06:03,247 [pool-300-thread-1] INFO  server.RaftServerConfigKeys (ConfUtils.java:logGet(46)) - raft.server.log.segment.cache.size.max = 200MB (=209715200) (default)
2022-06-19 13:06:03,247 [pool-300-thread-1] INFO  segmented.SegmentedRaftLogWorker (SegmentedRaftLogWorker.java:<init>(187)) - new 4c567ed0-77bc-421a-955e-b14cad69b772@group-4B69A0B6D22F-SegmentedRaftLogWorker for RaftStorageImpl:Storage Directory /home/runner/work/ozone/ozone/hadoop-ozone/integration-test/target/test-dir/MiniOzoneClusterImpl-2d0576aa-8de3-4753-8d37-6309ac1803f7/datanode-0/data/ratis/f46cf579-ffdd-4723-8e0b-4b69a0b6d22f
2022-06-19 13:06:03,247 [pool-300-thread-1] INFO  server.RaftServerConfigKeys (ConfUtils.java:logGet(46)) - raft.server.log.queue.byte-limit = 4294967296 (custom)
2022-06-19 13:06:03,247 [EventQueue-OpenPipelineForHealthyPipelineSafeModeRule] INFO  safemode.SCMSafeModeManager (HealthyPipelineSafeModeRule.java:process(124)) - SCM in safe mode. Healthy pipelines reported count is 0, required healthy pipeline reported count is 1
2022-06-19 13:06:03,247 [pool-300-thread-1] INFO  server.RaftServerConfigKeys (ConfUtils.java:logGet(46)) - raft.server.log.queue.element-limit = 1024 (custom)
2022-06-19 13:06:03,249 [pool-300-thread-1] INFO  server.RaftServerConfigKeys (ConfUtils.java:logGet(46)) - raft.server.log.segment.size.max = 1048576 (custom)
2022-06-19 13:06:03,249 [pool-300-thread-1] INFO  server.RaftServerConfigKeys (ConfUtils.java:logGet(46)) - raft.server.log.preallocated.size = 16384 (custom)
2022-06-19 13:06:03,249 [pool-300-thread-1] INFO  server.RaftServerConfigKeys (ConfUtils.java:logGet(46)) - raft.server.log.force.sync.num = 128 (default)
2022-06-19 13:06:03,249 [pool-300-thread-1] INFO  server.RaftServerConfigKeys (ConfUtils.java:logGet(46)) - raft.server.log.statemachine.data.sync = true (default)
2022-06-19 13:06:03,250 [pool-300-thread-1] INFO  server.RaftServerConfigKeys (ConfUtils.java:logGet(46)) - raft.server.log.statemachine.data.sync.timeout = 10s (default)
2022-06-19 13:06:03,250 [pool-300-thread-1] INFO  server.RaftServerConfigKeys (ConfUtils.java:logGet(46)) - raft.server.log.statemachine.data.sync.timeout.retry = -1 (default)
2022-06-19 13:06:03,250 [pool-300-thread-1] INFO  server.RaftServerConfigKeys (ConfUtils.java:logGet(46)) - raft.server.log.write.buffer.size = 1048576 (custom)
2022-06-19 13:06:03,250 [pool-300-thread-1] INFO  server.RaftServerConfigKeys (ConfUtils.java:logGet(46)) - raft.server.log.unsafe-flush.enabled = false (default)
2022-06-19 13:06:03,251 [pool-300-thread-1] INFO  server.RaftServerConfigKeys (ConfUtils.java:logGet(46)) - raft.server.log.statemachine.data.caching.enabled = true (custom)
2022-06-19 13:06:03,251 [pool-300-thread-1] INFO  segmented.SegmentedRaftLogWorker (SegmentedRaftLogWorker.java:lambda$new$0(135)) - 4c567ed0-77bc-421a-955e-b14cad69b772@group-4B69A0B6D22F-SegmentedRaftLogWorker: flushIndex: setUnconditionally 0 -> -1
2022-06-19 13:06:03,251 [pool-300-thread-1] INFO  segmented.SegmentedRaftLogWorker (SegmentedRaftLogWorker.java:lambda$new$0(135)) - 4c567ed0-77bc-421a-955e-b14cad69b772@group-4B69A0B6D22F-SegmentedRaftLogWorker: safeCacheEvictIndex: setUnconditionally 0 -> -1
2022-06-19 13:06:03,255 [pool-300-thread-1] INFO  server.RaftServerConfigKeys (ConfUtils.java:logGet(46)) - raft.server.snapshot.auto.trigger.enabled = true (custom)
2022-06-19 13:06:03,255 [pool-300-thread-1] INFO  server.RaftServerConfigKeys (ConfUtils.java:logGet(46)) - raft.server.snapshot.auto.trigger.threshold = 10000 (custom)
2022-06-19 13:06:03,255 [pool-300-thread-1] INFO  server.RaftServerConfigKeys (ConfUtils.java:logGet(46)) - raft.server.snapshot.retention.file.num = 5 (custom)
2022-06-19 13:06:03,256 [pool-300-thread-1] INFO  server.RaftServerConfigKeys (ConfUtils.java:logGet(46)) - raft.server.log.purge.upto.snapshot.index = false (default)
2022-06-19 13:06:03,256 [pool-300-thread-1] INFO  server.RaftServerConfigKeys (ConfUtils.java:logGet(46)) - raft.server.retrycache.expirytime = 600000ms (custom)
2022-06-19 13:06:03,256 [pool-300-thread-1] INFO  server.RaftServerConfigKeys (ConfUtils.java:logGet(46)) - raft.server.retrycache.statistics.expirytime = 100μs (default)
2022-06-19 13:06:03,257 [pool-300-thread-1] INFO  server.RaftServerConfigKeys (ConfUtils.java:logGet(46)) - raft.server.log.appender.install.snapshot.enabled = false (custom)
2022-06-19 13:06:03,257 [pool-300-thread-1] INFO  server.RaftServerConfigKeys (ConfUtils.java:logGet(46)) - raft.server.threadpool.server.cached = true (default)
2022-06-19 13:06:03,257 [pool-300-thread-1] INFO  server.RaftServerConfigKeys (ConfUtils.java:logGet(46)) - raft.server.threadpool.server.size = 0 (default)
2022-06-19 13:06:03,257 [pool-300-thread-1] INFO  server.RaftServerConfigKeys (ConfUtils.java:logGet(46)) - raft.server.threadpool.client.cached = true (default)
2022-06-19 13:06:03,257 [pool-300-thread-1] INFO  server.RaftServerConfigKeys (ConfUtils.java:logGet(46)) - raft.server.threadpool.client.size = 0 (default)
2022-06-19 13:06:03,257 [pool-300-thread-1] INFO  server.RaftServer$Division (RaftServerImpl.java:start(310)) - 4c567ed0-77bc-421a-955e-b14cad69b772@group-4B69A0B6D22F: start as a follower, conf=-1: [4c567ed0-77bc-421a-955e-b14cad69b772|rpc:10.1.0.4:35081|priority:0, 41970804-e726-44f7-9f9f-c691618d1097|rpc:10.1.0.4:45369|priority:0, 6b51f01e-b5c0-4678-b58a-fec8e2165d46|rpc:10.1.0.4:40853|priority:1], old=null
2022-06-19 13:06:03,257 [pool-300-thread-1] INFO  server.RaftServer$Division (RaftServerImpl.java:setRole(299)) - 4c567ed0-77bc-421a-955e-b14cad69b772@group-4B69A0B6D22F: changes role from      null to FOLLOWER at term 0 for startAsFollower
2022-06-19 13:06:03,257 [pool-300-thread-1] INFO  impl.RoleInfo (RoleInfo.java:updateAndGet(139)) - 4c567ed0-77bc-421a-955e-b14cad69b772: start 4c567ed0-77bc-421a-955e-b14cad69b772@group-4B69A0B6D22F-FollowerState
2022-06-19 13:06:03,266 [pool-300-thread-1] INFO  util.JmxRegister (JmxRegister.java:tryRegister(44)) - Successfully registered JMX Bean with object name Ratis:service=RaftServer,group=group-4B69A0B6D22F,id=4c567ed0-77bc-421a-955e-b14cad69b772
2022-06-19 13:06:03,269 [Command processor thread] INFO  ratis.XceiverServerRatis (XceiverServerRatis.java:addGroup(765)) - Created group PipelineID=f46cf579-ffdd-4723-8e0b-4b69a0b6d22f
2022-06-19 13:06:03,330 [grpc-default-executor-0] INFO  server.RaftServer (RaftServerProxy.java:addNew(96)) - 6b51f01e-b5c0-4678-b58a-fec8e2165d46: addNew group-4B69A0B6D22F:[4c567ed0-77bc-421a-955e-b14cad69b772|rpc:10.1.0.4:35081|dataStream:|priority:0, 41970804-e726-44f7-9f9f-c691618d1097|rpc:10.1.0.4:45369|dataStream:|priority:0, 6b51f01e-b5c0-4678-b58a-fec8e2165d46|rpc:10.1.0.4:40853|dataStream:|priority:1] returns group-4B69A0B6D22F:java.util.concurrent.CompletableFuture@2c0d4b37[Not completed]
2022-06-19 13:06:03,358 [pool-346-thread-1] INFO  server.RaftServer$Division (RaftServerImpl.java:<init>(190)) - 6b51f01e-b5c0-4678-b58a-fec8e2165d46: new RaftServerImpl for group-4B69A0B6D22F:[4c567ed0-77bc-421a-955e-b14cad69b772|rpc:10.1.0.4:35081|dataStream:|priority:0, 41970804-e726-44f7-9f9f-c691618d1097|rpc:10.1.0.4:45369|dataStream:|priority:0, 6b51f01e-b5c0-4678-b58a-fec8e2165d46|rpc:10.1.0.4:40853|dataStream:|priority:1] with ContainerStateMachine:uninitialized
2022-06-19 13:06:03,358 [pool-346-thread-1] INFO  server.RaftServerConfigKeys (ConfUtils.java:logGet(46)) - raft.server.rpc.timeout.min = 5s (custom)
2022-06-19 13:06:03,358 [pool-346-thread-1] INFO  server.RaftServerConfigKeys (ConfUtils.java:logGet(46)) - raft.server.rpc.timeout.max = 5200ms (custom)
2022-06-19 13:06:03,358 [pool-346-thread-1] INFO  server.RaftServerConfigKeys (ConfUtils.java:logGet(46)) - raft.server.rpc.sleep.time = 25ms (default)
2022-06-19 13:06:03,358 [pool-346-thread-1] INFO  server.RaftServerConfigKeys (ConfUtils.java:logGet(46)) - raft.server.rpc.slowness.timeout = 300s (custom)
2022-06-19 13:06:03,358 [pool-346-thread-1] INFO  server.RaftServerConfigKeys (ConfUtils.java:logGet(46)) - raft.server.leaderelection.leader.step-down.wait-time = 10s (default)
2022-06-19 13:06:03,358 [pool-346-thread-1] INFO  server.RaftServerConfigKeys (ConfUtils.java:logGet(46)) - raft.server.sleep.deviation.threshold = 300ms (default)
2022-06-19 13:06:03,358 [pool-346-thread-1] INFO  server.RaftServer$Division (ServerState.java:<init>(107)) - 6b51f01e-b5c0-4678-b58a-fec8e2165d46@group-4B69A0B6D22F: ConfigurationManager, init=-1: [4c567ed0-77bc-421a-955e-b14cad69b772|rpc:10.1.0.4:35081|dataStream:|priority:0, 41970804-e726-44f7-9f9f-c691618d1097|rpc:10.1.0.4:45369|dataStream:|priority:0, 6b51f01e-b5c0-4678-b58a-fec8e2165d46|rpc:10.1.0.4:40853|dataStream:|priority:1], old=null, confs=<EMPTY_MAP>
2022-06-19 13:06:03,358 [pool-346-thread-1] INFO  server.RaftServerConfigKeys (ConfUtils.java:logGet(46)) - raft.server.storage.dir = [/home/runner/work/ozone/ozone/hadoop-ozone/integration-test/target/test-dir/MiniOzoneClusterImpl-2d0576aa-8de3-4753-8d37-6309ac1803f7/datanode-2/data/ratis] (custom)
2022-06-19 13:06:03,358 [pool-346-thread-1] INFO  server.RaftServerConfigKeys (ConfUtils.java:logGet(46)) - raft.server.log.corruption.policy = EXCEPTION (default)
2022-06-19 13:06:03,358 [pool-346-thread-1] INFO  server.RaftServerConfigKeys (ConfUtils.java:logGet(46)) - raft.server.storage.free-space.min = 0MB (=0) (default)
2022-06-19 13:06:03,358 [pool-346-thread-1] INFO  storage.RaftStorageDirectory (RaftStorageDirectoryImpl.java:analyzeStorage(135)) - The storage directory /home/runner/work/ozone/ozone/hadoop-ozone/integration-test/target/test-dir/MiniOzoneClusterImpl-2d0576aa-8de3-4753-8d37-6309ac1803f7/datanode-2/data/ratis/f46cf579-ffdd-4723-8e0b-4b69a0b6d22f does not exist. Creating ...
2022-06-19 13:06:03,362 [pool-346-thread-1] INFO  storage.RaftStorageDirectory (RaftStorageDirectoryImpl.java:tryLock(230)) - Lock on /home/runner/work/ozone/ozone/hadoop-ozone/integration-test/target/test-dir/MiniOzoneClusterImpl-2d0576aa-8de3-4753-8d37-6309ac1803f7/datanode-2/data/ratis/f46cf579-ffdd-4723-8e0b-4b69a0b6d22f/in_use.lock acquired by nodename 17254@fv-az58-449
2022-06-19 13:06:03,366 [pool-346-thread-1] INFO  storage.RaftStorage (RaftStorageImpl.java:format(89)) - Storage directory /home/runner/work/ozone/ozone/hadoop-ozone/integration-test/target/test-dir/MiniOzoneClusterImpl-2d0576aa-8de3-4753-8d37-6309ac1803f7/datanode-2/data/ratis/f46cf579-ffdd-4723-8e0b-4b69a0b6d22f has been successfully formatted.
2022-06-19 13:06:03,366 [pool-346-thread-1] INFO  ratis.ContainerStateMachine (ContainerStateMachine.java:loadSnapshot(236)) - group-4B69A0B6D22F: The snapshot info is null. Setting the last applied indexto:(t:0, i:~)
2022-06-19 13:06:03,371 [pool-346-thread-1] INFO  server.RaftServerConfigKeys (ConfUtils.java:logGet(46)) - raft.server.notification.no-leader.timeout = 300s (custom)
2022-06-19 13:06:03,371 [pool-346-thread-1] INFO  server.RaftServerConfigKeys (ConfUtils.java:logGet(46)) - raft.server.log.use.memory = false (default)
2022-06-19 13:06:03,381 [pool-346-thread-1] INFO  server.RaftServerConfigKeys (ConfUtils.java:logGet(46)) - raft.server.log.purge.gap = 1000000 (custom)
2022-06-19 13:06:03,381 [pool-346-thread-1] INFO  server.RaftServerConfigKeys (ConfUtils.java:logGet(46)) - raft.server.log.appender.buffer.byte-limit = 33554432 (custom)
2022-06-19 13:06:03,381 [pool-346-thread-1] INFO  server.RaftServerConfigKeys (ConfUtils.java:logGet(46)) - raft.server.log.statemachine.data.read.timeout = 1000ms (default)
2022-06-19 13:06:03,381 [pool-346-thread-1] INFO  server.RaftServerConfigKeys (ConfUtils.java:logGet(46)) - raft.server.log.segment.size.max = 1048576 (custom)
2022-06-19 13:06:03,382 [pool-346-thread-1] INFO  server.RaftServerConfigKeys (ConfUtils.java:logGet(46)) - raft.server.log.segment.cache.num.max = 2 (custom)
2022-06-19 13:06:03,382 [pool-346-thread-1] INFO  server.RaftServerConfigKeys (ConfUtils.java:logGet(46)) - raft.server.log.segment.cache.size.max = 200MB (=209715200) (default)
2022-06-19 13:06:03,382 [pool-346-thread-1] INFO  segmented.SegmentedRaftLogWorker (SegmentedRaftLogWorker.java:<init>(187)) - new 6b51f01e-b5c0-4678-b58a-fec8e2165d46@group-4B69A0B6D22F-SegmentedRaftLogWorker for RaftStorageImpl:Storage Directory /home/runner/work/ozone/ozone/hadoop-ozone/integration-test/target/test-dir/MiniOzoneClusterImpl-2d0576aa-8de3-4753-8d37-6309ac1803f7/datanode-2/data/ratis/f46cf579-ffdd-4723-8e0b-4b69a0b6d22f
2022-06-19 13:06:03,384 [pool-346-thread-1] INFO  server.RaftServerConfigKeys (ConfUtils.java:logGet(46)) - raft.server.log.queue.byte-limit = 4294967296 (custom)
2022-06-19 13:06:03,384 [pool-346-thread-1] INFO  server.RaftServerConfigKeys (ConfUtils.java:logGet(46)) - raft.server.log.queue.element-limit = 1024 (custom)
2022-06-19 13:06:03,384 [pool-346-thread-1] INFO  server.RaftServerConfigKeys (ConfUtils.java:logGet(46)) - raft.server.log.segment.size.max = 1048576 (custom)
2022-06-19 13:06:03,384 [pool-346-thread-1] INFO  server.RaftServerConfigKeys (ConfUtils.java:logGet(46)) - raft.server.log.preallocated.size = 16384 (custom)
2022-06-19 13:06:03,384 [pool-346-thread-1] INFO  server.RaftServerConfigKeys (ConfUtils.java:logGet(46)) - raft.server.log.force.sync.num = 128 (default)
2022-06-19 13:06:03,384 [pool-346-thread-1] INFO  server.RaftServerConfigKeys (ConfUtils.java:logGet(46)) - raft.server.log.statemachine.data.sync = true (default)
2022-06-19 13:06:03,384 [pool-346-thread-1] INFO  server.RaftServerConfigKeys (ConfUtils.java:logGet(46)) - raft.server.log.statemachine.data.sync.timeout = 10s (default)
2022-06-19 13:06:03,384 [pool-346-thread-1] INFO  server.RaftServerConfigKeys (ConfUtils.java:logGet(46)) - raft.server.log.statemachine.data.sync.timeout.retry = -1 (default)
2022-06-19 13:06:03,385 [pool-346-thread-1] INFO  server.RaftServerConfigKeys (ConfUtils.java:logGet(46)) - raft.server.log.write.buffer.size = 1048576 (custom)
2022-06-19 13:06:03,385 [pool-346-thread-1] INFO  server.RaftServerConfigKeys (ConfUtils.java:logGet(46)) - raft.server.log.unsafe-flush.enabled = false (default)
2022-06-19 13:06:03,385 [pool-346-thread-1] INFO  server.RaftServerConfigKeys (ConfUtils.java:logGet(46)) - raft.server.log.statemachine.data.caching.enabled = true (custom)
2022-06-19 13:06:03,385 [pool-346-thread-1] INFO  segmented.SegmentedRaftLogWorker (SegmentedRaftLogWorker.java:lambda$new$0(135)) - 6b51f01e-b5c0-4678-b58a-fec8e2165d46@group-4B69A0B6D22F-SegmentedRaftLogWorker: flushIndex: setUnconditionally 0 -> -1
2022-06-19 13:06:03,386 [pool-346-thread-1] INFO  segmented.SegmentedRaftLogWorker (SegmentedRaftLogWorker.java:lambda$new$0(135)) - 6b51f01e-b5c0-4678-b58a-fec8e2165d46@group-4B69A0B6D22F-SegmentedRaftLogWorker: safeCacheEvictIndex: setUnconditionally 0 -> -1
2022-06-19 13:06:03,389 [pool-346-thread-1] INFO  server.RaftServerConfigKeys (ConfUtils.java:logGet(46)) - raft.server.snapshot.auto.trigger.enabled = true (custom)
2022-06-19 13:06:03,389 [pool-346-thread-1] INFO  server.RaftServerConfigKeys (ConfUtils.java:logGet(46)) - raft.server.snapshot.auto.trigger.threshold = 10000 (custom)
2022-06-19 13:06:03,389 [pool-346-thread-1] INFO  server.RaftServerConfigKeys (ConfUtils.java:logGet(46)) - raft.server.snapshot.retention.file.num = 5 (custom)
2022-06-19 13:06:03,389 [pool-346-thread-1] INFO  server.RaftServerConfigKeys (ConfUtils.java:logGet(46)) - raft.server.log.purge.upto.snapshot.index = false (default)
2022-06-19 13:06:03,389 [pool-346-thread-1] INFO  server.RaftServerConfigKeys (ConfUtils.java:logGet(46)) - raft.server.retrycache.expirytime = 600000ms (custom)
2022-06-19 13:06:03,389 [pool-346-thread-1] INFO  server.RaftServerConfigKeys (ConfUtils.java:logGet(46)) - raft.server.retrycache.statistics.expirytime = 100μs (default)
2022-06-19 13:06:03,393 [pool-346-thread-1] INFO  server.RaftServerConfigKeys (ConfUtils.java:logGet(46)) - raft.server.log.appender.install.snapshot.enabled = false (custom)
2022-06-19 13:06:03,393 [pool-346-thread-1] INFO  server.RaftServerConfigKeys (ConfUtils.java:logGet(46)) - raft.server.threadpool.server.cached = true (default)
2022-06-19 13:06:03,393 [pool-346-thread-1] INFO  server.RaftServerConfigKeys (ConfUtils.java:logGet(46)) - raft.server.threadpool.server.size = 0 (default)
2022-06-19 13:06:03,393 [pool-346-thread-1] INFO  server.RaftServerConfigKeys (ConfUtils.java:logGet(46)) - raft.server.threadpool.client.cached = true (default)
2022-06-19 13:06:03,393 [pool-346-thread-1] INFO  server.RaftServerConfigKeys (ConfUtils.java:logGet(46)) - raft.server.threadpool.client.size = 0 (default)
2022-06-19 13:06:03,393 [pool-346-thread-1] INFO  server.RaftServer$Division (RaftServerImpl.java:start(310)) - 6b51f01e-b5c0-4678-b58a-fec8e2165d46@group-4B69A0B6D22F: start as a follower, conf=-1: [4c567ed0-77bc-421a-955e-b14cad69b772|rpc:10.1.0.4:35081|dataStream:|priority:0, 41970804-e726-44f7-9f9f-c691618d1097|rpc:10.1.0.4:45369|dataStream:|priority:0, 6b51f01e-b5c0-4678-b58a-fec8e2165d46|rpc:10.1.0.4:40853|dataStream:|priority:1], old=null
2022-06-19 13:06:03,393 [pool-346-thread-1] INFO  server.RaftServer$Division (RaftServerImpl.java:setRole(299)) - 6b51f01e-b5c0-4678-b58a-fec8e2165d46@group-4B69A0B6D22F: changes role from      null to FOLLOWER at term 0 for startAsFollower
2022-06-19 13:06:03,393 [pool-346-thread-1] INFO  impl.RoleInfo (RoleInfo.java:updateAndGet(139)) - 6b51f01e-b5c0-4678-b58a-fec8e2165d46: start 6b51f01e-b5c0-4678-b58a-fec8e2165d46@group-4B69A0B6D22F-FollowerState
2022-06-19 13:06:03,405 [pool-346-thread-1] INFO  util.JmxRegister (JmxRegister.java:tryRegister(44)) - Successfully registered JMX Bean with object name Ratis:service=RaftServer,group=group-4B69A0B6D22F,id=6b51f01e-b5c0-4678-b58a-fec8e2165d46
2022-06-19 13:06:03,431 [grpc-default-executor-0] INFO  server.RaftServer (RaftServerProxy.java:addNew(96)) - 41970804-e726-44f7-9f9f-c691618d1097: addNew group-4B69A0B6D22F:[4c567ed0-77bc-421a-955e-b14cad69b772|rpc:10.1.0.4:35081|dataStream:|priority:0, 41970804-e726-44f7-9f9f-c691618d1097|rpc:10.1.0.4:45369|dataStream:|priority:0, 6b51f01e-b5c0-4678-b58a-fec8e2165d46|rpc:10.1.0.4:40853|dataStream:|priority:1] returns group-4B69A0B6D22F:java.util.concurrent.CompletableFuture@3484801e[Not completed]
2022-06-19 13:06:03,460 [pool-323-thread-1] INFO  server.RaftServer$Division (RaftServerImpl.java:<init>(190)) - 41970804-e726-44f7-9f9f-c691618d1097: new RaftServerImpl for group-4B69A0B6D22F:[4c567ed0-77bc-421a-955e-b14cad69b772|rpc:10.1.0.4:35081|dataStream:|priority:0, 41970804-e726-44f7-9f9f-c691618d1097|rpc:10.1.0.4:45369|dataStream:|priority:0, 6b51f01e-b5c0-4678-b58a-fec8e2165d46|rpc:10.1.0.4:40853|dataStream:|priority:1] with ContainerStateMachine:uninitialized
2022-06-19 13:06:03,460 [pool-323-thread-1] INFO  server.RaftServerConfigKeys (ConfUtils.java:logGet(46)) - raft.server.rpc.timeout.min = 5s (custom)
2022-06-19 13:06:03,460 [pool-323-thread-1] INFO  server.RaftServerConfigKeys (ConfUtils.java:logGet(46)) - raft.server.rpc.timeout.max = 5200ms (custom)
2022-06-19 13:06:03,460 [pool-323-thread-1] INFO  server.RaftServerConfigKeys (ConfUtils.java:logGet(46)) - raft.server.rpc.sleep.time = 25ms (default)
2022-06-19 13:06:03,460 [pool-323-thread-1] INFO  server.RaftServerConfigKeys (ConfUtils.java:logGet(46)) - raft.server.rpc.slowness.timeout = 300s (custom)
2022-06-19 13:06:03,461 [pool-323-thread-1] INFO  server.RaftServerConfigKeys (ConfUtils.java:logGet(46)) - raft.server.leaderelection.leader.step-down.wait-time = 10s (default)
2022-06-19 13:06:03,461 [pool-323-thread-1] INFO  server.RaftServerConfigKeys (ConfUtils.java:logGet(46)) - raft.server.sleep.deviation.threshold = 300ms (default)
2022-06-19 13:06:03,461 [pool-323-thread-1] INFO  server.RaftServer$Division (ServerState.java:<init>(107)) - 41970804-e726-44f7-9f9f-c691618d1097@group-4B69A0B6D22F: ConfigurationManager, init=-1: [4c567ed0-77bc-421a-955e-b14cad69b772|rpc:10.1.0.4:35081|dataStream:|priority:0, 41970804-e726-44f7-9f9f-c691618d1097|rpc:10.1.0.4:45369|dataStream:|priority:0, 6b51f01e-b5c0-4678-b58a-fec8e2165d46|rpc:10.1.0.4:40853|dataStream:|priority:1], old=null, confs=<EMPTY_MAP>
2022-06-19 13:06:03,461 [pool-323-thread-1] INFO  server.RaftServerConfigKeys (ConfUtils.java:logGet(46)) - raft.server.storage.dir = [/home/runner/work/ozone/ozone/hadoop-ozone/integration-test/target/test-dir/MiniOzoneClusterImpl-2d0576aa-8de3-4753-8d37-6309ac1803f7/datanode-1/data/ratis] (custom)
2022-06-19 13:06:03,461 [pool-323-thread-1] INFO  server.RaftServerConfigKeys (ConfUtils.java:logGet(46)) - raft.server.log.corruption.policy = EXCEPTION (default)
2022-06-19 13:06:03,461 [pool-323-thread-1] INFO  server.RaftServerConfigKeys (ConfUtils.java:logGet(46)) - raft.server.storage.free-space.min = 0MB (=0) (default)
2022-06-19 13:06:03,461 [pool-323-thread-1] INFO  storage.RaftStorageDirectory (RaftStorageDirectoryImpl.java:analyzeStorage(135)) - The storage directory /home/runner/work/ozone/ozone/hadoop-ozone/integration-test/target/test-dir/MiniOzoneClusterImpl-2d0576aa-8de3-4753-8d37-6309ac1803f7/datanode-1/data/ratis/f46cf579-ffdd-4723-8e0b-4b69a0b6d22f does not exist. Creating ...
2022-06-19 13:06:03,466 [pool-323-thread-1] INFO  storage.RaftStorageDirectory (RaftStorageDirectoryImpl.java:tryLock(230)) - Lock on /home/runner/work/ozone/ozone/hadoop-ozone/integration-test/target/test-dir/MiniOzoneClusterImpl-2d0576aa-8de3-4753-8d37-6309ac1803f7/datanode-1/data/ratis/f46cf579-ffdd-4723-8e0b-4b69a0b6d22f/in_use.lock acquired by nodename 17254@fv-az58-449
2022-06-19 13:06:03,469 [pool-323-thread-1] INFO  storage.RaftStorage (RaftStorageImpl.java:format(89)) - Storage directory /home/runner/work/ozone/ozone/hadoop-ozone/integration-test/target/test-dir/MiniOzoneClusterImpl-2d0576aa-8de3-4753-8d37-6309ac1803f7/datanode-1/data/ratis/f46cf579-ffdd-4723-8e0b-4b69a0b6d22f has been successfully formatted.
2022-06-19 13:06:03,470 [pool-323-thread-1] INFO  ratis.ContainerStateMachine (ContainerStateMachine.java:loadSnapshot(236)) - group-4B69A0B6D22F: The snapshot info is null. Setting the last applied indexto:(t:0, i:~)
2022-06-19 13:06:03,470 [pool-323-thread-1] INFO  server.RaftServerConfigKeys (ConfUtils.java:logGet(46)) - raft.server.notification.no-leader.timeout = 300s (custom)
2022-06-19 13:06:03,470 [pool-323-thread-1] INFO  server.RaftServerConfigKeys (ConfUtils.java:logGet(46)) - raft.server.log.use.memory = false (default)
2022-06-19 13:06:03,470 [pool-323-thread-1] INFO  server.RaftServerConfigKeys (ConfUtils.java:logGet(46)) - raft.server.log.purge.gap = 1000000 (custom)
2022-06-19 13:06:03,470 [pool-323-thread-1] INFO  server.RaftServerConfigKeys (ConfUtils.java:logGet(46)) - raft.server.log.appender.buffer.byte-limit = 33554432 (custom)
2022-06-19 13:06:03,470 [pool-323-thread-1] INFO  server.RaftServerConfigKeys (ConfUtils.java:logGet(46)) - raft.server.log.statemachine.data.read.timeout = 1000ms (default)
2022-06-19 13:06:03,470 [pool-323-thread-1] INFO  server.RaftServerConfigKeys (ConfUtils.java:logGet(46)) - raft.server.log.segment.size.max = 1048576 (custom)
2022-06-19 13:06:03,471 [pool-323-thread-1] INFO  server.RaftServerConfigKeys (ConfUtils.java:logGet(46)) - raft.server.log.segment.cache.num.max = 2 (custom)
2022-06-19 13:06:03,471 [pool-323-thread-1] INFO  server.RaftServerConfigKeys (ConfUtils.java:logGet(46)) - raft.server.log.segment.cache.size.max = 200MB (=209715200) (default)
2022-06-19 13:06:03,471 [pool-323-thread-1] INFO  segmented.SegmentedRaftLogWorker (SegmentedRaftLogWorker.java:<init>(187)) - new 41970804-e726-44f7-9f9f-c691618d1097@group-4B69A0B6D22F-SegmentedRaftLogWorker for RaftStorageImpl:Storage Directory /home/runner/work/ozone/ozone/hadoop-ozone/integration-test/target/test-dir/MiniOzoneClusterImpl-2d0576aa-8de3-4753-8d37-6309ac1803f7/datanode-1/data/ratis/f46cf579-ffdd-4723-8e0b-4b69a0b6d22f
2022-06-19 13:06:03,471 [pool-323-thread-1] INFO  server.RaftServerConfigKeys (ConfUtils.java:logGet(46)) - raft.server.log.queue.byte-limit = 4294967296 (custom)
2022-06-19 13:06:03,471 [pool-323-thread-1] INFO  server.RaftServerConfigKeys (ConfUtils.java:logGet(46)) - raft.server.log.queue.element-limit = 1024 (custom)
2022-06-19 13:06:03,471 [pool-323-thread-1] INFO  server.RaftServerConfigKeys (ConfUtils.java:logGet(46)) - raft.server.log.segment.size.max = 1048576 (custom)
2022-06-19 13:06:03,471 [pool-323-thread-1] INFO  server.RaftServerConfigKeys (ConfUtils.java:logGet(46)) - raft.server.log.preallocated.size = 16384 (custom)
2022-06-19 13:06:03,471 [pool-323-thread-1] INFO  server.RaftServerConfigKeys (ConfUtils.java:logGet(46)) - raft.server.log.force.sync.num = 128 (default)
2022-06-19 13:06:03,471 [pool-323-thread-1] INFO  server.RaftServerConfigKeys (ConfUtils.java:logGet(46)) - raft.server.log.statemachine.data.sync = true (default)
2022-06-19 13:06:03,471 [pool-323-thread-1] INFO  server.RaftServerConfigKeys (ConfUtils.java:logGet(46)) - raft.server.log.statemachine.data.sync.timeout = 10s (default)
2022-06-19 13:06:03,471 [pool-323-thread-1] INFO  server.RaftServerConfigKeys (ConfUtils.java:logGet(46)) - raft.server.log.statemachine.data.sync.timeout.retry = -1 (default)
2022-06-19 13:06:03,472 [pool-323-thread-1] INFO  server.RaftServerConfigKeys (ConfUtils.java:logGet(46)) - raft.server.log.write.buffer.size = 1048576 (custom)
2022-06-19 13:06:03,472 [pool-323-thread-1] INFO  server.RaftServerConfigKeys (ConfUtils.java:logGet(46)) - raft.server.log.unsafe-flush.enabled = false (default)
2022-06-19 13:06:03,472 [pool-323-thread-1] INFO  server.RaftServerConfigKeys (ConfUtils.java:logGet(46)) - raft.server.log.statemachine.data.caching.enabled = true (custom)
2022-06-19 13:06:03,472 [pool-323-thread-1] INFO  segmented.SegmentedRaftLogWorker (SegmentedRaftLogWorker.java:lambda$new$0(135)) - 41970804-e726-44f7-9f9f-c691618d1097@group-4B69A0B6D22F-SegmentedRaftLogWorker: flushIndex: setUnconditionally 0 -> -1
2022-06-19 13:06:03,472 [pool-323-thread-1] INFO  segmented.SegmentedRaftLogWorker (SegmentedRaftLogWorker.java:lambda$new$0(135)) - 41970804-e726-44f7-9f9f-c691618d1097@group-4B69A0B6D22F-SegmentedRaftLogWorker: safeCacheEvictIndex: setUnconditionally 0 -> -1
2022-06-19 13:06:03,477 [pool-323-thread-1] INFO  server.RaftServerConfigKeys (ConfUtils.java:logGet(46)) - raft.server.snapshot.auto.trigger.enabled = true (custom)
2022-06-19 13:06:03,477 [pool-323-thread-1] INFO  server.RaftServerConfigKeys (ConfUtils.java:logGet(46)) - raft.server.snapshot.auto.trigger.threshold = 10000 (custom)
2022-06-19 13:06:03,477 [pool-323-thread-1] INFO  server.RaftServerConfigKeys (ConfUtils.java:logGet(46)) - raft.server.snapshot.retention.file.num = 5 (custom)
2022-06-19 13:06:03,477 [pool-323-thread-1] INFO  server.RaftServerConfigKeys (ConfUtils.java:logGet(46)) - raft.server.log.purge.upto.snapshot.index = false (default)
2022-06-19 13:06:03,477 [pool-323-thread-1] INFO  server.RaftServerConfigKeys (ConfUtils.java:logGet(46)) - raft.server.retrycache.expirytime = 600000ms (custom)
2022-06-19 13:06:03,477 [pool-323-thread-1] INFO  server.RaftServerConfigKeys (ConfUtils.java:logGet(46)) - raft.server.retrycache.statistics.expirytime = 100μs (default)
2022-06-19 13:06:03,478 [pool-323-thread-1] INFO  server.RaftServerConfigKeys (ConfUtils.java:logGet(46)) - raft.server.log.appender.install.snapshot.enabled = false (custom)
2022-06-19 13:06:03,478 [pool-323-thread-1] INFO  server.RaftServerConfigKeys (ConfUtils.java:logGet(46)) - raft.server.threadpool.server.cached = true (default)
2022-06-19 13:06:03,478 [pool-323-thread-1] INFO  server.RaftServerConfigKeys (ConfUtils.java:logGet(46)) - raft.server.threadpool.server.size = 0 (default)
2022-06-19 13:06:03,479 [pool-323-thread-1] INFO  server.RaftServerConfigKeys (ConfUtils.java:logGet(46)) - raft.server.threadpool.client.cached = true (default)
2022-06-19 13:06:03,479 [pool-323-thread-1] INFO  server.RaftServerConfigKeys (ConfUtils.java:logGet(46)) - raft.server.threadpool.client.size = 0 (default)
2022-06-19 13:06:03,479 [pool-323-thread-1] INFO  server.RaftServer$Division (RaftServerImpl.java:start(310)) - 41970804-e726-44f7-9f9f-c691618d1097@group-4B69A0B6D22F: start as a follower, conf=-1: [4c567ed0-77bc-421a-955e-b14cad69b772|rpc:10.1.0.4:35081|dataStream:|priority:0, 41970804-e726-44f7-9f9f-c691618d1097|rpc:10.1.0.4:45369|dataStream:|priority:0, 6b51f01e-b5c0-4678-b58a-fec8e2165d46|rpc:10.1.0.4:40853|dataStream:|priority:1], old=null
2022-06-19 13:06:03,479 [pool-323-thread-1] INFO  server.RaftServer$Division (RaftServerImpl.java:setRole(299)) - 41970804-e726-44f7-9f9f-c691618d1097@group-4B69A0B6D22F: changes role from      null to FOLLOWER at term 0 for startAsFollower
2022-06-19 13:06:03,479 [pool-323-thread-1] INFO  impl.RoleInfo (RoleInfo.java:updateAndGet(139)) - 41970804-e726-44f7-9f9f-c691618d1097: start 41970804-e726-44f7-9f9f-c691618d1097@group-4B69A0B6D22F-FollowerState
2022-06-19 13:06:03,479 [pool-323-thread-1] INFO  util.JmxRegister (JmxRegister.java:tryRegister(44)) - Successfully registered JMX Bean with object name Ratis:service=RaftServer,group=group-4B69A0B6D22F,id=41970804-e726-44f7-9f9f-c691618d1097
2022-06-19 13:06:03,498 [Command processor thread] INFO  commandhandler.CreatePipelineCommandHandler (CreatePipelineCommandHandler.java:handle(113)) - Created Pipeline RATIS THREE PipelineID=f46cf579-ffdd-4723-8e0b-4b69a0b6d22f.
2022-06-19 13:06:03,499 [Command processor thread] INFO  server.RaftServer (RaftServerProxy.java:addNew(96)) - 4c567ed0-77bc-421a-955e-b14cad69b772: addNew group-8DB3B69C40A1:[4c567ed0-77bc-421a-955e-b14cad69b772|rpc:10.1.0.4:35081|priority:0, 41970804-e726-44f7-9f9f-c691618d1097|rpc:10.1.0.4:45369|priority:1, 6b51f01e-b5c0-4678-b58a-fec8e2165d46|rpc:10.1.0.4:40853|priority:0] returns group-8DB3B69C40A1:java.util.concurrent.CompletableFuture@5182d85e[Not completed]
2022-06-19 13:06:03,504 [pool-300-thread-1] INFO  server.RaftServer$Division (RaftServerImpl.java:<init>(190)) - 4c567ed0-77bc-421a-955e-b14cad69b772: new RaftServerImpl for group-8DB3B69C40A1:[4c567ed0-77bc-421a-955e-b14cad69b772|rpc:10.1.0.4:35081|priority:0, 41970804-e726-44f7-9f9f-c691618d1097|rpc:10.1.0.4:45369|priority:1, 6b51f01e-b5c0-4678-b58a-fec8e2165d46|rpc:10.1.0.4:40853|priority:0] with ContainerStateMachine:uninitialized
2022-06-19 13:06:03,504 [pool-300-thread-1] INFO  server.RaftServerConfigKeys (ConfUtils.java:logGet(46)) - raft.server.rpc.timeout.min = 5s (custom)
2022-06-19 13:06:03,504 [pool-300-thread-1] INFO  server.RaftServerConfigKeys (ConfUtils.java:logGet(46)) - raft.server.rpc.timeout.max = 5200ms (custom)
2022-06-19 13:06:03,504 [pool-300-thread-1] INFO  server.RaftServerConfigKeys (ConfUtils.java:logGet(46)) - raft.server.rpc.sleep.time = 25ms (default)
2022-06-19 13:06:03,505 [pool-300-thread-1] INFO  server.RaftServerConfigKeys (ConfUtils.java:logGet(46)) - raft.server.rpc.slowness.timeout = 300s (custom)
2022-06-19 13:06:03,505 [pool-300-thread-1] INFO  server.RaftServerConfigKeys (ConfUtils.java:logGet(46)) - raft.server.leaderelection.leader.step-down.wait-time = 10s (default)
2022-06-19 13:06:03,505 [pool-300-thread-1] INFO  server.RaftServerConfigKeys (ConfUtils.java:logGet(46)) - raft.server.sleep.deviation.threshold = 300ms (default)
2022-06-19 13:06:03,505 [pool-300-thread-1] INFO  server.RaftServer$Division (ServerState.java:<init>(107)) - 4c567ed0-77bc-421a-955e-b14cad69b772@group-8DB3B69C40A1: ConfigurationManager, init=-1: [4c567ed0-77bc-421a-955e-b14cad69b772|rpc:10.1.0.4:35081|priority:0, 41970804-e726-44f7-9f9f-c691618d1097|rpc:10.1.0.4:45369|priority:1, 6b51f01e-b5c0-4678-b58a-fec8e2165d46|rpc:10.1.0.4:40853|priority:0], old=null, confs=<EMPTY_MAP>
2022-06-19 13:06:03,505 [pool-300-thread-1] INFO  server.RaftServerConfigKeys (ConfUtils.java:logGet(46)) - raft.server.storage.dir = [/home/runner/work/ozone/ozone/hadoop-ozone/integration-test/target/test-dir/MiniOzoneClusterImpl-2d0576aa-8de3-4753-8d37-6309ac1803f7/datanode-0/data/ratis] (custom)
2022-06-19 13:06:03,505 [pool-300-thread-1] INFO  server.RaftServerConfigKeys (ConfUtils.java:logGet(46)) - raft.server.log.corruption.policy = EXCEPTION (default)
2022-06-19 13:06:03,505 [pool-300-thread-1] INFO  server.RaftServerConfigKeys (ConfUtils.java:logGet(46)) - raft.server.storage.free-space.min = 0MB (=0) (default)
2022-06-19 13:06:03,505 [pool-300-thread-1] INFO  storage.RaftStorageDirectory (RaftStorageDirectoryImpl.java:analyzeStorage(135)) - The storage directory /home/runner/work/ozone/ozone/hadoop-ozone/integration-test/target/test-dir/MiniOzoneClusterImpl-2d0576aa-8de3-4753-8d37-6309ac1803f7/datanode-0/data/ratis/d286c339-0efc-4709-9150-8db3b69c40a1 does not exist. Creating ...
2022-06-19 13:06:03,506 [pool-300-thread-1] INFO  storage.RaftStorageDirectory (RaftStorageDirectoryImpl.java:tryLock(230)) - Lock on /home/runner/work/ozone/ozone/hadoop-ozone/integration-test/target/test-dir/MiniOzoneClusterImpl-2d0576aa-8de3-4753-8d37-6309ac1803f7/datanode-0/data/ratis/d286c339-0efc-4709-9150-8db3b69c40a1/in_use.lock acquired by nodename 17254@fv-az58-449
2022-06-19 13:06:03,507 [pool-300-thread-1] INFO  storage.RaftStorage (RaftStorageImpl.java:format(89)) - Storage directory /home/runner/work/ozone/ozone/hadoop-ozone/integration-test/target/test-dir/MiniOzoneClusterImpl-2d0576aa-8de3-4753-8d37-6309ac1803f7/datanode-0/data/ratis/d286c339-0efc-4709-9150-8db3b69c40a1 has been successfully formatted.
2022-06-19 13:06:03,507 [pool-300-thread-1] INFO  ratis.ContainerStateMachine (ContainerStateMachine.java:loadSnapshot(236)) - group-8DB3B69C40A1: The snapshot info is null. Setting the last applied indexto:(t:0, i:~)
2022-06-19 13:06:03,507 [pool-300-thread-1] INFO  server.RaftServerConfigKeys (ConfUtils.java:logGet(46)) - raft.server.notification.no-leader.timeout = 300s (custom)
2022-06-19 13:06:03,507 [pool-300-thread-1] INFO  server.RaftServerConfigKeys (ConfUtils.java:logGet(46)) - raft.server.log.use.memory = false (default)
2022-06-19 13:06:03,508 [pool-300-thread-1] INFO  server.RaftServerConfigKeys (ConfUtils.java:logGet(46)) - raft.server.log.purge.gap = 1000000 (custom)
2022-06-19 13:06:03,508 [pool-300-thread-1] INFO  server.RaftServerConfigKeys (ConfUtils.java:logGet(46)) - raft.server.log.appender.buffer.byte-limit = 33554432 (custom)
2022-06-19 13:06:03,508 [pool-300-thread-1] INFO  server.RaftServerConfigKeys (ConfUtils.java:logGet(46)) - raft.server.log.statemachine.data.read.timeout = 1000ms (default)
2022-06-19 13:06:03,508 [pool-300-thread-1] INFO  server.RaftServerConfigKeys (ConfUtils.java:logGet(46)) - raft.server.log.segment.size.max = 1048576 (custom)
2022-06-19 13:06:03,508 [EventQueue-OpenPipelineForHealthyPipelineSafeModeRule] INFO  safemode.SCMSafeModeManager (HealthyPipelineSafeModeRule.java:process(124)) - SCM in safe mode. Healthy pipelines reported count is 0, required healthy pipeline reported count is 1
2022-06-19 13:06:03,509 [pool-300-thread-1] INFO  server.RaftServerConfigKeys (ConfUtils.java:logGet(46)) - raft.server.log.segment.cache.num.max = 2 (custom)
2022-06-19 13:06:03,509 [pool-300-thread-1] INFO  server.RaftServerConfigKeys (ConfUtils.java:logGet(46)) - raft.server.log.segment.cache.size.max = 200MB (=209715200) (default)
2022-06-19 13:06:03,509 [pool-300-thread-1] INFO  segmented.SegmentedRaftLogWorker (SegmentedRaftLogWorker.java:<init>(187)) - new 4c567ed0-77bc-421a-955e-b14cad69b772@group-8DB3B69C40A1-SegmentedRaftLogWorker for RaftStorageImpl:Storage Directory /home/runner/work/ozone/ozone/hadoop-ozone/integration-test/target/test-dir/MiniOzoneClusterImpl-2d0576aa-8de3-4753-8d37-6309ac1803f7/datanode-0/data/ratis/d286c339-0efc-4709-9150-8db3b69c40a1
2022-06-19 13:06:03,509 [pool-300-thread-1] INFO  server.RaftServerConfigKeys (ConfUtils.java:logGet(46)) - raft.server.log.queue.byte-limit = 4294967296 (custom)
2022-06-19 13:06:03,509 [pool-300-thread-1] INFO  server.RaftServerConfigKeys (ConfUtils.java:logGet(46)) - raft.server.log.queue.element-limit = 1024 (custom)
2022-06-19 13:06:03,509 [pool-300-thread-1] INFO  server.RaftServerConfigKeys (ConfUtils.java:logGet(46)) - raft.server.log.segment.size.max = 1048576 (custom)
2022-06-19 13:06:03,509 [pool-300-thread-1] INFO  server.RaftServerConfigKeys (ConfUtils.java:logGet(46)) - raft.server.log.preallocated.size = 16384 (custom)
2022-06-19 13:06:03,509 [pool-300-thread-1] INFO  server.RaftServerConfigKeys (ConfUtils.java:logGet(46)) - raft.server.log.force.sync.num = 128 (default)
2022-06-19 13:06:03,509 [pool-300-thread-1] INFO  server.RaftServerConfigKeys (ConfUtils.java:logGet(46)) - raft.server.log.statemachine.data.sync = true (default)
2022-06-19 13:06:03,509 [pool-300-thread-1] INFO  server.RaftServerConfigKeys (ConfUtils.java:logGet(46)) - raft.server.log.statemachine.data.sync.timeout = 10s (default)
2022-06-19 13:06:03,509 [pool-300-thread-1] INFO  server.RaftServerConfigKeys (ConfUtils.java:logGet(46)) - raft.server.log.statemachine.data.sync.timeout.retry = -1 (default)
2022-06-19 13:06:03,510 [pool-300-thread-1] INFO  server.RaftServerConfigKeys (ConfUtils.java:logGet(46)) - raft.server.log.write.buffer.size = 1048576 (custom)
2022-06-19 13:06:03,510 [pool-300-thread-1] INFO  server.RaftServerConfigKeys (ConfUtils.java:logGet(46)) - raft.server.log.unsafe-flush.enabled = false (default)
2022-06-19 13:06:03,510 [pool-300-thread-1] INFO  server.RaftServerConfigKeys (ConfUtils.java:logGet(46)) - raft.server.log.statemachine.data.caching.enabled = true (custom)
2022-06-19 13:06:03,510 [pool-300-thread-1] INFO  segmented.SegmentedRaftLogWorker (SegmentedRaftLogWorker.java:lambda$new$0(135)) - 4c567ed0-77bc-421a-955e-b14cad69b772@group-8DB3B69C40A1-SegmentedRaftLogWorker: flushIndex: setUnconditionally 0 -> -1
2022-06-19 13:06:03,510 [pool-300-thread-1] INFO  segmented.SegmentedRaftLogWorker (SegmentedRaftLogWorker.java:lambda$new$0(135)) - 4c567ed0-77bc-421a-955e-b14cad69b772@group-8DB3B69C40A1-SegmentedRaftLogWorker: safeCacheEvictIndex: setUnconditionally 0 -> -1
2022-06-19 13:06:03,533 [pool-300-thread-1] INFO  server.RaftServerConfigKeys (ConfUtils.java:logGet(46)) - raft.server.snapshot.auto.trigger.enabled = true (custom)
2022-06-19 13:06:03,533 [pool-300-thread-1] INFO  server.RaftServerConfigKeys (ConfUtils.java:logGet(46)) - raft.server.snapshot.auto.trigger.threshold = 10000 (custom)
2022-06-19 13:06:03,533 [pool-300-thread-1] INFO  server.RaftServerConfigKeys (ConfUtils.java:logGet(46)) - raft.server.snapshot.retention.file.num = 5 (custom)
2022-06-19 13:06:03,533 [pool-300-thread-1] INFO  server.RaftServerConfigKeys (ConfUtils.java:logGet(46)) - raft.server.log.purge.upto.snapshot.index = false (default)
2022-06-19 13:06:03,533 [pool-300-thread-1] INFO  server.RaftServerConfigKeys (ConfUtils.java:logGet(46)) - raft.server.retrycache.expirytime = 600000ms (custom)
2022-06-19 13:06:03,533 [pool-300-thread-1] INFO  server.RaftServerConfigKeys (ConfUtils.java:logGet(46)) - raft.server.retrycache.statistics.expirytime = 100μs (default)
2022-06-19 13:06:03,534 [pool-300-thread-1] INFO  server.RaftServerConfigKeys (ConfUtils.java:logGet(46)) - raft.server.log.appender.install.snapshot.enabled = false (custom)
2022-06-19 13:06:03,534 [pool-300-thread-1] INFO  server.RaftServerConfigKeys (ConfUtils.java:logGet(46)) - raft.server.threadpool.server.cached = true (default)
2022-06-19 13:06:03,534 [pool-300-thread-1] INFO  server.RaftServerConfigKeys (ConfUtils.java:logGet(46)) - raft.server.threadpool.server.size = 0 (default)
2022-06-19 13:06:03,534 [pool-300-thread-1] INFO  server.RaftServerConfigKeys (ConfUtils.java:logGet(46)) - raft.server.threadpool.client.cached = true (default)
2022-06-19 13:06:03,534 [pool-300-thread-1] INFO  server.RaftServerConfigKeys (ConfUtils.java:logGet(46)) - raft.server.threadpool.client.size = 0 (default)
2022-06-19 13:06:03,534 [pool-300-thread-1] INFO  server.RaftServer$Division (RaftServerImpl.java:start(310)) - 4c567ed0-77bc-421a-955e-b14cad69b772@group-8DB3B69C40A1: start as a follower, conf=-1: [4c567ed0-77bc-421a-955e-b14cad69b772|rpc:10.1.0.4:35081|priority:0, 41970804-e726-44f7-9f9f-c691618d1097|rpc:10.1.0.4:45369|priority:1, 6b51f01e-b5c0-4678-b58a-fec8e2165d46|rpc:10.1.0.4:40853|priority:0], old=null
2022-06-19 13:06:03,534 [pool-300-thread-1] INFO  server.RaftServer$Division (RaftServerImpl.java:setRole(299)) - 4c567ed0-77bc-421a-955e-b14cad69b772@group-8DB3B69C40A1: changes role from      null to FOLLOWER at term 0 for startAsFollower
2022-06-19 13:06:03,534 [pool-300-thread-1] INFO  impl.RoleInfo (RoleInfo.java:updateAndGet(139)) - 4c567ed0-77bc-421a-955e-b14cad69b772: start 4c567ed0-77bc-421a-955e-b14cad69b772@group-8DB3B69C40A1-FollowerState
2022-06-19 13:06:03,540 [pool-300-thread-1] INFO  util.JmxRegister (JmxRegister.java:tryRegister(44)) - Successfully registered JMX Bean with object name Ratis:service=RaftServer,group=group-8DB3B69C40A1,id=4c567ed0-77bc-421a-955e-b14cad69b772
2022-06-19 13:06:03,549 [Command processor thread] INFO  ratis.XceiverServerRatis (XceiverServerRatis.java:addGroup(765)) - Created group PipelineID=d286c339-0efc-4709-9150-8db3b69c40a1
2022-06-19 13:06:03,565 [grpc-default-executor-0] INFO  server.RaftServer (RaftServerProxy.java:addNew(96)) - 41970804-e726-44f7-9f9f-c691618d1097: addNew group-8DB3B69C40A1:[4c567ed0-77bc-421a-955e-b14cad69b772|rpc:10.1.0.4:35081|dataStream:|priority:0, 41970804-e726-44f7-9f9f-c691618d1097|rpc:10.1.0.4:45369|dataStream:|priority:1, 6b51f01e-b5c0-4678-b58a-fec8e2165d46|rpc:10.1.0.4:40853|dataStream:|priority:0] returns group-8DB3B69C40A1:java.util.concurrent.CompletableFuture@5d28aa22[Not completed]
2022-06-19 13:06:03,576 [pool-323-thread-1] INFO  server.RaftServer$Division (RaftServerImpl.java:<init>(190)) - 41970804-e726-44f7-9f9f-c691618d1097: new RaftServerImpl for group-8DB3B69C40A1:[4c567ed0-77bc-421a-955e-b14cad69b772|rpc:10.1.0.4:35081|dataStream:|priority:0, 41970804-e726-44f7-9f9f-c691618d1097|rpc:10.1.0.4:45369|dataStream:|priority:1, 6b51f01e-b5c0-4678-b58a-fec8e2165d46|rpc:10.1.0.4:40853|dataStream:|priority:0] with ContainerStateMachine:uninitialized
2022-06-19 13:06:03,576 [pool-323-thread-1] INFO  server.RaftServerConfigKeys (ConfUtils.java:logGet(46)) - raft.server.rpc.timeout.min = 5s (custom)
2022-06-19 13:06:03,577 [pool-323-thread-1] INFO  server.RaftServerConfigKeys (ConfUtils.java:logGet(46)) - raft.server.rpc.timeout.max = 5200ms (custom)
2022-06-19 13:06:03,577 [pool-323-thread-1] INFO  server.RaftServerConfigKeys (ConfUtils.java:logGet(46)) - raft.server.rpc.sleep.time = 25ms (default)
2022-06-19 13:06:03,577 [pool-323-thread-1] INFO  server.RaftServerConfigKeys (ConfUtils.java:logGet(46)) - raft.server.rpc.slowness.timeout = 300s (custom)
2022-06-19 13:06:03,577 [pool-323-thread-1] INFO  server.RaftServerConfigKeys (ConfUtils.java:logGet(46)) - raft.server.leaderelection.leader.step-down.wait-time = 10s (default)
2022-06-19 13:06:03,577 [pool-323-thread-1] INFO  server.RaftServerConfigKeys (ConfUtils.java:logGet(46)) - raft.server.sleep.deviation.threshold = 300ms (default)
2022-06-19 13:06:03,577 [pool-323-thread-1] INFO  server.RaftServer$Division (ServerState.java:<init>(107)) - 41970804-e726-44f7-9f9f-c691618d1097@group-8DB3B69C40A1: ConfigurationManager, init=-1: [4c567ed0-77bc-421a-955e-b14cad69b772|rpc:10.1.0.4:35081|dataStream:|priority:0, 41970804-e726-44f7-9f9f-c691618d1097|rpc:10.1.0.4:45369|dataStream:|priority:1, 6b51f01e-b5c0-4678-b58a-fec8e2165d46|rpc:10.1.0.4:40853|dataStream:|priority:0], old=null, confs=<EMPTY_MAP>
2022-06-19 13:06:03,577 [pool-323-thread-1] INFO  server.RaftServerConfigKeys (ConfUtils.java:logGet(46)) - raft.server.storage.dir = [/home/runner/work/ozone/ozone/hadoop-ozone/integration-test/target/test-dir/MiniOzoneClusterImpl-2d0576aa-8de3-4753-8d37-6309ac1803f7/datanode-1/data/ratis] (custom)
2022-06-19 13:06:03,577 [pool-323-thread-1] INFO  server.RaftServerConfigKeys (ConfUtils.java:logGet(46)) - raft.server.log.corruption.policy = EXCEPTION (default)
2022-06-19 13:06:03,577 [pool-323-thread-1] INFO  server.RaftServerConfigKeys (ConfUtils.java:logGet(46)) - raft.server.storage.free-space.min = 0MB (=0) (default)
2022-06-19 13:06:03,577 [pool-323-thread-1] INFO  storage.RaftStorageDirectory (RaftStorageDirectoryImpl.java:analyzeStorage(135)) - The storage directory /home/runner/work/ozone/ozone/hadoop-ozone/integration-test/target/test-dir/MiniOzoneClusterImpl-2d0576aa-8de3-4753-8d37-6309ac1803f7/datanode-1/data/ratis/d286c339-0efc-4709-9150-8db3b69c40a1 does not exist. Creating ...
2022-06-19 13:06:03,578 [pool-323-thread-1] INFO  storage.RaftStorageDirectory (RaftStorageDirectoryImpl.java:tryLock(230)) - Lock on /home/runner/work/ozone/ozone/hadoop-ozone/integration-test/target/test-dir/MiniOzoneClusterImpl-2d0576aa-8de3-4753-8d37-6309ac1803f7/datanode-1/data/ratis/d286c339-0efc-4709-9150-8db3b69c40a1/in_use.lock acquired by nodename 17254@fv-az58-449
2022-06-19 13:06:03,579 [pool-323-thread-1] INFO  storage.RaftStorage (RaftStorageImpl.java:format(89)) - Storage directory /home/runner/work/ozone/ozone/hadoop-ozone/integration-test/target/test-dir/MiniOzoneClusterImpl-2d0576aa-8de3-4753-8d37-6309ac1803f7/datanode-1/data/ratis/d286c339-0efc-4709-9150-8db3b69c40a1 has been successfully formatted.
2022-06-19 13:06:03,579 [pool-323-thread-1] INFO  ratis.ContainerStateMachine (ContainerStateMachine.java:loadSnapshot(236)) - group-8DB3B69C40A1: The snapshot info is null. Setting the last applied indexto:(t:0, i:~)
2022-06-19 13:06:03,579 [pool-323-thread-1] INFO  server.RaftServerConfigKeys (ConfUtils.java:logGet(46)) - raft.server.notification.no-leader.timeout = 300s (custom)
2022-06-19 13:06:03,579 [pool-323-thread-1] INFO  server.RaftServerConfigKeys (ConfUtils.java:logGet(46)) - raft.server.log.use.memory = false (default)
2022-06-19 13:06:03,579 [pool-323-thread-1] INFO  server.RaftServerConfigKeys (ConfUtils.java:logGet(46)) - raft.server.log.purge.gap = 1000000 (custom)
2022-06-19 13:06:03,580 [pool-323-thread-1] INFO  server.RaftServerConfigKeys (ConfUtils.java:logGet(46)) - raft.server.log.appender.buffer.byte-limit = 33554432 (custom)
2022-06-19 13:06:03,580 [pool-323-thread-1] INFO  server.RaftServerConfigKeys (ConfUtils.java:logGet(46)) - raft.server.log.statemachine.data.read.timeout = 1000ms (default)
2022-06-19 13:06:03,580 [pool-323-thread-1] INFO  server.RaftServerConfigKeys (ConfUtils.java:logGet(46)) - raft.server.log.segment.size.max = 1048576 (custom)
2022-06-19 13:06:03,580 [pool-323-thread-1] INFO  server.RaftServerConfigKeys (ConfUtils.java:logGet(46)) - raft.server.log.segment.cache.num.max = 2 (custom)
2022-06-19 13:06:03,580 [pool-323-thread-1] INFO  server.RaftServerConfigKeys (ConfUtils.java:logGet(46)) - raft.server.log.segment.cache.size.max = 200MB (=209715200) (default)
2022-06-19 13:06:03,580 [pool-323-thread-1] INFO  segmented.SegmentedRaftLogWorker (SegmentedRaftLogWorker.java:<init>(187)) - new 41970804-e726-44f7-9f9f-c691618d1097@group-8DB3B69C40A1-SegmentedRaftLogWorker for RaftStorageImpl:Storage Directory /home/runner/work/ozone/ozone/hadoop-ozone/integration-test/target/test-dir/MiniOzoneClusterImpl-2d0576aa-8de3-4753-8d37-6309ac1803f7/datanode-1/data/ratis/d286c339-0efc-4709-9150-8db3b69c40a1
2022-06-19 13:06:03,580 [pool-323-thread-1] INFO  server.RaftServerConfigKeys (ConfUtils.java:logGet(46)) - raft.server.log.queue.byte-limit = 4294967296 (custom)
2022-06-19 13:06:03,580 [pool-323-thread-1] INFO  server.RaftServerConfigKeys (ConfUtils.java:logGet(46)) - raft.server.log.queue.element-limit = 1024 (custom)
2022-06-19 13:06:03,580 [pool-323-thread-1] INFO  server.RaftServerConfigKeys (ConfUtils.java:logGet(46)) - raft.server.log.segment.size.max = 1048576 (custom)
2022-06-19 13:06:03,580 [pool-323-thread-1] INFO  server.RaftServerConfigKeys (ConfUtils.java:logGet(46)) - raft.server.log.preallocated.size = 16384 (custom)
2022-06-19 13:06:03,580 [pool-323-thread-1] INFO  server.RaftServerConfigKeys (ConfUtils.java:logGet(46)) - raft.server.log.force.sync.num = 128 (default)
2022-06-19 13:06:03,580 [pool-323-thread-1] INFO  server.RaftServerConfigKeys (ConfUtils.java:logGet(46)) - raft.server.log.statemachine.data.sync = true (default)
2022-06-19 13:06:03,580 [pool-323-thread-1] INFO  server.RaftServerConfigKeys (ConfUtils.java:logGet(46)) - raft.server.log.statemachine.data.sync.timeout = 10s (default)
2022-06-19 13:06:03,580 [pool-323-thread-1] INFO  server.RaftServerConfigKeys (ConfUtils.java:logGet(46)) - raft.server.log.statemachine.data.sync.timeout.retry = -1 (default)
2022-06-19 13:06:03,587 [pool-323-thread-1] INFO  server.RaftServerConfigKeys (ConfUtils.java:logGet(46)) - raft.server.log.write.buffer.size = 1048576 (custom)
2022-06-19 13:06:03,588 [pool-323-thread-1] INFO  server.RaftServerConfigKeys (ConfUtils.java:logGet(46)) - raft.server.log.unsafe-flush.enabled = false (default)
2022-06-19 13:06:03,588 [pool-323-thread-1] INFO  server.RaftServerConfigKeys (ConfUtils.java:logGet(46)) - raft.server.log.statemachine.data.caching.enabled = true (custom)
2022-06-19 13:06:03,588 [pool-323-thread-1] INFO  segmented.SegmentedRaftLogWorker (SegmentedRaftLogWorker.java:lambda$new$0(135)) - 41970804-e726-44f7-9f9f-c691618d1097@group-8DB3B69C40A1-SegmentedRaftLogWorker: flushIndex: setUnconditionally 0 -> -1
2022-06-19 13:06:03,588 [pool-323-thread-1] INFO  segmented.SegmentedRaftLogWorker (SegmentedRaftLogWorker.java:lambda$new$0(135)) - 41970804-e726-44f7-9f9f-c691618d1097@group-8DB3B69C40A1-SegmentedRaftLogWorker: safeCacheEvictIndex: setUnconditionally 0 -> -1
2022-06-19 13:06:03,594 [pool-323-thread-1] INFO  server.RaftServerConfigKeys (ConfUtils.java:logGet(46)) - raft.server.snapshot.auto.trigger.enabled = true (custom)
2022-06-19 13:06:03,594 [pool-323-thread-1] INFO  server.RaftServerConfigKeys (ConfUtils.java:logGet(46)) - raft.server.snapshot.auto.trigger.threshold = 10000 (custom)
2022-06-19 13:06:03,594 [pool-323-thread-1] INFO  server.RaftServerConfigKeys (ConfUtils.java:logGet(46)) - raft.server.snapshot.retention.file.num = 5 (custom)
2022-06-19 13:06:03,594 [pool-323-thread-1] INFO  server.RaftServerConfigKeys (ConfUtils.java:logGet(46)) - raft.server.log.purge.upto.snapshot.index = false (default)
2022-06-19 13:06:03,594 [pool-323-thread-1] INFO  server.RaftServerConfigKeys (ConfUtils.java:logGet(46)) - raft.server.retrycache.expirytime = 600000ms (custom)
2022-06-19 13:06:03,594 [pool-323-thread-1] INFO  server.RaftServerConfigKeys (ConfUtils.java:logGet(46)) - raft.server.retrycache.statistics.expirytime = 100μs (default)
2022-06-19 13:06:03,595 [pool-323-thread-1] INFO  server.RaftServerConfigKeys (ConfUtils.java:logGet(46)) - raft.server.log.appender.install.snapshot.enabled = false (custom)
2022-06-19 13:06:03,595 [pool-323-thread-1] INFO  server.RaftServerConfigKeys (ConfUtils.java:logGet(46)) - raft.server.threadpool.server.cached = true (default)
2022-06-19 13:06:03,595 [pool-323-thread-1] INFO  server.RaftServerConfigKeys (ConfUtils.java:logGet(46)) - raft.server.threadpool.server.size = 0 (default)
2022-06-19 13:06:03,595 [pool-323-thread-1] INFO  server.RaftServerConfigKeys (ConfUtils.java:logGet(46)) - raft.server.threadpool.client.cached = true (default)
2022-06-19 13:06:03,595 [pool-323-thread-1] INFO  server.RaftServerConfigKeys (ConfUtils.java:logGet(46)) - raft.server.threadpool.client.size = 0 (default)
2022-06-19 13:06:03,595 [pool-323-thread-1] INFO  server.RaftServer$Division (RaftServerImpl.java:start(310)) - 41970804-e726-44f7-9f9f-c691618d1097@group-8DB3B69C40A1: start as a follower, conf=-1: [4c567ed0-77bc-421a-955e-b14cad69b772|rpc:10.1.0.4:35081|dataStream:|priority:0, 41970804-e726-44f7-9f9f-c691618d1097|rpc:10.1.0.4:45369|dataStream:|priority:1, 6b51f01e-b5c0-4678-b58a-fec8e2165d46|rpc:10.1.0.4:40853|dataStream:|priority:0], old=null
2022-06-19 13:06:03,595 [pool-323-thread-1] INFO  server.RaftServer$Division (RaftServerImpl.java:setRole(299)) - 41970804-e726-44f7-9f9f-c691618d1097@group-8DB3B69C40A1: changes role from      null to FOLLOWER at term 0 for startAsFollower
2022-06-19 13:06:03,596 [pool-323-thread-1] INFO  impl.RoleInfo (RoleInfo.java:updateAndGet(139)) - 41970804-e726-44f7-9f9f-c691618d1097: start 41970804-e726-44f7-9f9f-c691618d1097@group-8DB3B69C40A1-FollowerState
2022-06-19 13:06:03,609 [pool-323-thread-1] INFO  util.JmxRegister (JmxRegister.java:tryRegister(44)) - Successfully registered JMX Bean with object name Ratis:service=RaftServer,group=group-8DB3B69C40A1,id=41970804-e726-44f7-9f9f-c691618d1097
2022-06-19 13:06:03,691 [grpc-default-executor-0] INFO  server.RaftServer (RaftServerProxy.java:addNew(96)) - 6b51f01e-b5c0-4678-b58a-fec8e2165d46: addNew group-8DB3B69C40A1:[4c567ed0-77bc-421a-955e-b14cad69b772|rpc:10.1.0.4:35081|dataStream:|priority:0, 41970804-e726-44f7-9f9f-c691618d1097|rpc:10.1.0.4:45369|dataStream:|priority:1, 6b51f01e-b5c0-4678-b58a-fec8e2165d46|rpc:10.1.0.4:40853|dataStream:|priority:0] returns group-8DB3B69C40A1:java.util.concurrent.CompletableFuture@4dbc55e9[Not completed]
2022-06-19 13:06:03,692 [pool-346-thread-1] INFO  server.RaftServer$Division (RaftServerImpl.java:<init>(190)) - 6b51f01e-b5c0-4678-b58a-fec8e2165d46: new RaftServerImpl for group-8DB3B69C40A1:[4c567ed0-77bc-421a-955e-b14cad69b772|rpc:10.1.0.4:35081|dataStream:|priority:0, 41970804-e726-44f7-9f9f-c691618d1097|rpc:10.1.0.4:45369|dataStream:|priority:1, 6b51f01e-b5c0-4678-b58a-fec8e2165d46|rpc:10.1.0.4:40853|dataStream:|priority:0] with ContainerStateMachine:uninitialized
2022-06-19 13:06:03,692 [pool-346-thread-1] INFO  server.RaftServerConfigKeys (ConfUtils.java:logGet(46)) - raft.server.rpc.timeout.min = 5s (custom)
2022-06-19 13:06:03,692 [pool-346-thread-1] INFO  server.RaftServerConfigKeys (ConfUtils.java:logGet(46)) - raft.server.rpc.timeout.max = 5200ms (custom)
2022-06-19 13:06:03,692 [pool-346-thread-1] INFO  server.RaftServerConfigKeys (ConfUtils.java:logGet(46)) - raft.server.rpc.sleep.time = 25ms (default)
2022-06-19 13:06:03,692 [pool-346-thread-1] INFO  server.RaftServerConfigKeys (ConfUtils.java:logGet(46)) - raft.server.rpc.slowness.timeout = 300s (custom)
2022-06-19 13:06:03,692 [pool-346-thread-1] INFO  server.RaftServerConfigKeys (ConfUtils.java:logGet(46)) - raft.server.leaderelection.leader.step-down.wait-time = 10s (default)
2022-06-19 13:06:03,692 [pool-346-thread-1] INFO  server.RaftServerConfigKeys (ConfUtils.java:logGet(46)) - raft.server.sleep.deviation.threshold = 300ms (default)
2022-06-19 13:06:03,692 [pool-346-thread-1] INFO  server.RaftServer$Division (ServerState.java:<init>(107)) - 6b51f01e-b5c0-4678-b58a-fec8e2165d46@group-8DB3B69C40A1: ConfigurationManager, init=-1: [4c567ed0-77bc-421a-955e-b14cad69b772|rpc:10.1.0.4:35081|dataStream:|priority:0, 41970804-e726-44f7-9f9f-c691618d1097|rpc:10.1.0.4:45369|dataStream:|priority:1, 6b51f01e-b5c0-4678-b58a-fec8e2165d46|rpc:10.1.0.4:40853|dataStream:|priority:0], old=null, confs=<EMPTY_MAP>
2022-06-19 13:06:03,692 [pool-346-thread-1] INFO  server.RaftServerConfigKeys (ConfUtils.java:logGet(46)) - raft.server.storage.dir = [/home/runner/work/ozone/ozone/hadoop-ozone/integration-test/target/test-dir/MiniOzoneClusterImpl-2d0576aa-8de3-4753-8d37-6309ac1803f7/datanode-2/data/ratis] (custom)
2022-06-19 13:06:03,692 [pool-346-thread-1] INFO  server.RaftServerConfigKeys (ConfUtils.java:logGet(46)) - raft.server.log.corruption.policy = EXCEPTION (default)
2022-06-19 13:06:03,692 [pool-346-thread-1] INFO  server.RaftServerConfigKeys (ConfUtils.java:logGet(46)) - raft.server.storage.free-space.min = 0MB (=0) (default)
2022-06-19 13:06:03,692 [pool-346-thread-1] INFO  storage.RaftStorageDirectory (RaftStorageDirectoryImpl.java:analyzeStorage(135)) - The storage directory /home/runner/work/ozone/ozone/hadoop-ozone/integration-test/target/test-dir/MiniOzoneClusterImpl-2d0576aa-8de3-4753-8d37-6309ac1803f7/datanode-2/data/ratis/d286c339-0efc-4709-9150-8db3b69c40a1 does not exist. Creating ...
2022-06-19 13:06:03,695 [pool-346-thread-1] INFO  storage.RaftStorageDirectory (RaftStorageDirectoryImpl.java:tryLock(230)) - Lock on /home/runner/work/ozone/ozone/hadoop-ozone/integration-test/target/test-dir/MiniOzoneClusterImpl-2d0576aa-8de3-4753-8d37-6309ac1803f7/datanode-2/data/ratis/d286c339-0efc-4709-9150-8db3b69c40a1/in_use.lock acquired by nodename 17254@fv-az58-449
2022-06-19 13:06:03,696 [pool-346-thread-1] INFO  storage.RaftStorage (RaftStorageImpl.java:format(89)) - Storage directory /home/runner/work/ozone/ozone/hadoop-ozone/integration-test/target/test-dir/MiniOzoneClusterImpl-2d0576aa-8de3-4753-8d37-6309ac1803f7/datanode-2/data/ratis/d286c339-0efc-4709-9150-8db3b69c40a1 has been successfully formatted.
2022-06-19 13:06:03,697 [pool-346-thread-1] INFO  ratis.ContainerStateMachine (ContainerStateMachine.java:loadSnapshot(236)) - group-8DB3B69C40A1: The snapshot info is null. Setting the last applied indexto:(t:0, i:~)
2022-06-19 13:06:03,697 [pool-346-thread-1] INFO  server.RaftServerConfigKeys (ConfUtils.java:logGet(46)) - raft.server.notification.no-leader.timeout = 300s (custom)
2022-06-19 13:06:03,697 [pool-346-thread-1] INFO  server.RaftServerConfigKeys (ConfUtils.java:logGet(46)) - raft.server.log.use.memory = false (default)
2022-06-19 13:06:03,697 [pool-346-thread-1] INFO  server.RaftServerConfigKeys (ConfUtils.java:logGet(46)) - raft.server.log.purge.gap = 1000000 (custom)
2022-06-19 13:06:03,697 [pool-346-thread-1] INFO  server.RaftServerConfigKeys (ConfUtils.java:logGet(46)) - raft.server.log.appender.buffer.byte-limit = 33554432 (custom)
2022-06-19 13:06:03,698 [pool-346-thread-1] INFO  server.RaftServerConfigKeys (ConfUtils.java:logGet(46)) - raft.server.log.statemachine.data.read.timeout = 1000ms (default)
2022-06-19 13:06:03,698 [pool-346-thread-1] INFO  server.RaftServerConfigKeys (ConfUtils.java:logGet(46)) - raft.server.log.segment.size.max = 1048576 (custom)
2022-06-19 13:06:03,698 [pool-346-thread-1] INFO  server.RaftServerConfigKeys (ConfUtils.java:logGet(46)) - raft.server.log.segment.cache.num.max = 2 (custom)
2022-06-19 13:06:03,698 [pool-346-thread-1] INFO  server.RaftServerConfigKeys (ConfUtils.java:logGet(46)) - raft.server.log.segment.cache.size.max = 200MB (=209715200) (default)
2022-06-19 13:06:03,698 [pool-346-thread-1] INFO  segmented.SegmentedRaftLogWorker (SegmentedRaftLogWorker.java:<init>(187)) - new 6b51f01e-b5c0-4678-b58a-fec8e2165d46@group-8DB3B69C40A1-SegmentedRaftLogWorker for RaftStorageImpl:Storage Directory /home/runner/work/ozone/ozone/hadoop-ozone/integration-test/target/test-dir/MiniOzoneClusterImpl-2d0576aa-8de3-4753-8d37-6309ac1803f7/datanode-2/data/ratis/d286c339-0efc-4709-9150-8db3b69c40a1
2022-06-19 13:06:03,698 [pool-346-thread-1] INFO  server.RaftServerConfigKeys (ConfUtils.java:logGet(46)) - raft.server.log.queue.byte-limit = 4294967296 (custom)
2022-06-19 13:06:03,698 [pool-346-thread-1] INFO  server.RaftServerConfigKeys (ConfUtils.java:logGet(46)) - raft.server.log.queue.element-limit = 1024 (custom)
2022-06-19 13:06:03,698 [pool-346-thread-1] INFO  server.RaftServerConfigKeys (ConfUtils.java:logGet(46)) - raft.server.log.segment.size.max = 1048576 (custom)
2022-06-19 13:06:03,698 [pool-346-thread-1] INFO  server.RaftServerConfigKeys (ConfUtils.java:logGet(46)) - raft.server.log.preallocated.size = 16384 (custom)
2022-06-19 13:06:03,698 [pool-346-thread-1] INFO  server.RaftServerConfigKeys (ConfUtils.java:logGet(46)) - raft.server.log.force.sync.num = 128 (default)
2022-06-19 13:06:03,698 [pool-346-thread-1] INFO  server.RaftServerConfigKeys (ConfUtils.java:logGet(46)) - raft.server.log.statemachine.data.sync = true (default)
2022-06-19 13:06:03,698 [pool-346-thread-1] INFO  server.RaftServerConfigKeys (ConfUtils.java:logGet(46)) - raft.server.log.statemachine.data.sync.timeout = 10s (default)
2022-06-19 13:06:03,698 [pool-346-thread-1] INFO  server.RaftServerConfigKeys (ConfUtils.java:logGet(46)) - raft.server.log.statemachine.data.sync.timeout.retry = -1 (default)
2022-06-19 13:06:03,699 [pool-346-thread-1] INFO  server.RaftServerConfigKeys (ConfUtils.java:logGet(46)) - raft.server.log.write.buffer.size = 1048576 (custom)
2022-06-19 13:06:03,699 [pool-346-thread-1] INFO  server.RaftServerConfigKeys (ConfUtils.java:logGet(46)) - raft.server.log.unsafe-flush.enabled = false (default)
2022-06-19 13:06:03,699 [pool-346-thread-1] INFO  server.RaftServerConfigKeys (ConfUtils.java:logGet(46)) - raft.server.log.statemachine.data.caching.enabled = true (custom)
2022-06-19 13:06:03,700 [pool-346-thread-1] INFO  segmented.SegmentedRaftLogWorker (SegmentedRaftLogWorker.java:lambda$new$0(135)) - 6b51f01e-b5c0-4678-b58a-fec8e2165d46@group-8DB3B69C40A1-SegmentedRaftLogWorker: flushIndex: setUnconditionally 0 -> -1
2022-06-19 13:06:03,700 [pool-346-thread-1] INFO  segmented.SegmentedRaftLogWorker (SegmentedRaftLogWorker.java:lambda$new$0(135)) - 6b51f01e-b5c0-4678-b58a-fec8e2165d46@group-8DB3B69C40A1-SegmentedRaftLogWorker: safeCacheEvictIndex: setUnconditionally 0 -> -1
2022-06-19 13:06:03,710 [pool-346-thread-1] INFO  server.RaftServerConfigKeys (ConfUtils.java:logGet(46)) - raft.server.snapshot.auto.trigger.enabled = true (custom)
2022-06-19 13:06:03,710 [pool-346-thread-1] INFO  server.RaftServerConfigKeys (ConfUtils.java:logGet(46)) - raft.server.snapshot.auto.trigger.threshold = 10000 (custom)
2022-06-19 13:06:03,710 [pool-346-thread-1] INFO  server.RaftServerConfigKeys (ConfUtils.java:logGet(46)) - raft.server.snapshot.retention.file.num = 5 (custom)
2022-06-19 13:06:03,710 [pool-346-thread-1] INFO  server.RaftServerConfigKeys (ConfUtils.java:logGet(46)) - raft.server.log.purge.upto.snapshot.index = false (default)
2022-06-19 13:06:03,710 [pool-346-thread-1] INFO  server.RaftServerConfigKeys (ConfUtils.java:logGet(46)) - raft.server.retrycache.expirytime = 600000ms (custom)
2022-06-19 13:06:03,710 [pool-346-thread-1] INFO  server.RaftServerConfigKeys (ConfUtils.java:logGet(46)) - raft.server.retrycache.statistics.expirytime = 100μs (default)
2022-06-19 13:06:03,711 [pool-346-thread-1] INFO  server.RaftServerConfigKeys (ConfUtils.java:logGet(46)) - raft.server.log.appender.install.snapshot.enabled = false (custom)
2022-06-19 13:06:03,711 [pool-346-thread-1] INFO  server.RaftServerConfigKeys (ConfUtils.java:logGet(46)) - raft.server.threadpool.server.cached = true (default)
2022-06-19 13:06:03,711 [pool-346-thread-1] INFO  server.RaftServerConfigKeys (ConfUtils.java:logGet(46)) - raft.server.threadpool.server.size = 0 (default)
2022-06-19 13:06:03,711 [pool-346-thread-1] INFO  server.RaftServerConfigKeys (ConfUtils.java:logGet(46)) - raft.server.threadpool.client.cached = true (default)
2022-06-19 13:06:03,711 [pool-346-thread-1] INFO  server.RaftServerConfigKeys (ConfUtils.java:logGet(46)) - raft.server.threadpool.client.size = 0 (default)
2022-06-19 13:06:03,711 [pool-346-thread-1] INFO  server.RaftServer$Division (RaftServerImpl.java:start(310)) - 6b51f01e-b5c0-4678-b58a-fec8e2165d46@group-8DB3B69C40A1: start as a follower, conf=-1: [4c567ed0-77bc-421a-955e-b14cad69b772|rpc:10.1.0.4:35081|dataStream:|priority:0, 41970804-e726-44f7-9f9f-c691618d1097|rpc:10.1.0.4:45369|dataStream:|priority:1, 6b51f01e-b5c0-4678-b58a-fec8e2165d46|rpc:10.1.0.4:40853|dataStream:|priority:0], old=null
2022-06-19 13:06:03,711 [pool-346-thread-1] INFO  server.RaftServer$Division (RaftServerImpl.java:setRole(299)) - 6b51f01e-b5c0-4678-b58a-fec8e2165d46@group-8DB3B69C40A1: changes role from      null to FOLLOWER at term 0 for startAsFollower
2022-06-19 13:06:03,712 [pool-346-thread-1] INFO  impl.RoleInfo (RoleInfo.java:updateAndGet(139)) - 6b51f01e-b5c0-4678-b58a-fec8e2165d46: start 6b51f01e-b5c0-4678-b58a-fec8e2165d46@group-8DB3B69C40A1-FollowerState
2022-06-19 13:06:03,729 [pool-346-thread-1] INFO  util.JmxRegister (JmxRegister.java:tryRegister(44)) - Successfully registered JMX Bean with object name Ratis:service=RaftServer,group=group-8DB3B69C40A1,id=6b51f01e-b5c0-4678-b58a-fec8e2165d46
2022-06-19 13:06:03,783 [Command processor thread] INFO  commandhandler.CreatePipelineCommandHandler (CreatePipelineCommandHandler.java:handle(113)) - Created Pipeline RATIS THREE PipelineID=d286c339-0efc-4709-9150-8db3b69c40a1.
2022-06-19 13:06:03,846 [Listener at 127.0.0.1/45241] INFO  ozone.MiniOzoneClusterImpl (MiniOzoneClusterImpl.java:lambda$waitForClusterToBeReady$0(221)) - Waiting for nodes to be ready. Got 4 of 5 DN Heartbeats.
2022-06-19 13:06:03,846 [Listener at 127.0.0.1/45241] INFO  ozone.MiniOzoneClusterImpl (MiniOzoneClusterImpl.java:lambda$waitForClusterToBeReady$0(224)) - Waiting for cluster to exit safe mode
2022-06-19 13:06:03,846 [Listener at 127.0.0.1/45241] INFO  ozone.MiniOzoneClusterImpl (MiniOzoneClusterImpl.java:lambda$waitForClusterToBeReady$0(226)) - SCM became leader
2022-06-19 13:06:03,910 [IPC Server handler 3 on default port 34167] INFO  net.NetworkTopologyImpl (NetworkTopologyImpl.java:add(112)) - Added a new node: /default-rack/341760f9-9112-44c5-a769-73cddc41fbf7
2022-06-19 13:06:03,910 [IPC Server handler 3 on default port 34167] INFO  node.SCMNodeManager (SCMNodeManager.java:register(394)) - Registered Data node : 341760f9-9112-44c5-a769-73cddc41fbf7{ip: 10.1.0.4, host: fv-az58-449.32bp4kehjaiexiom31oljkjdjg.cx.internal.cloudapp.net, ports: [REPLICATION=33487, RATIS=35617, RATIS_ADMIN=35617, RATIS_SERVER=35617, STANDALONE=44335], networkLocation: /default-rack, certSerialId: null, persistedOpState: null, persistedOpStateExpiryEpochSec: 0}
2022-06-19 13:06:03,910 [EventQueue-NewNodeForNewNodeHandler] INFO  pipeline.BackgroundPipelineCreator (BackgroundPipelineCreator.java:notifyEventTriggered(272)) - trigger a one-shot run on RatisPipelineUtilsThread.
2022-06-19 13:06:03,913 [RatisPipelineUtilsThread - 0] INFO  pipeline.RatisPipelineProvider (RatisPipelineProvider.java:lambda$create$0(195)) - Sending CreatePipelineCommand for pipeline:PipelineID=b63a78e3-eac6-452e-9138-9e577e470e09 to datanode:341760f9-9112-44c5-a769-73cddc41fbf7
2022-06-19 13:06:03,914 [RatisPipelineUtilsThread - 0] INFO  pipeline.PipelineStateManagerImpl (PipelineStateManagerImpl.java:addPipeline(101)) - Created pipeline Pipeline[ Id: b63a78e3-eac6-452e-9138-9e577e470e09, Nodes: 341760f9-9112-44c5-a769-73cddc41fbf7{ip: 10.1.0.4, host: fv-az58-449.32bp4kehjaiexiom31oljkjdjg.cx.internal.cloudapp.net, ports: [REPLICATION=33487, RATIS=35617, RATIS_ADMIN=35617, RATIS_SERVER=35617, STANDALONE=44335], networkLocation: /default-rack, certSerialId: null, persistedOpState: IN_SERVICE, persistedOpStateExpiryEpochSec: 0}, ReplicationConfig: RATIS/ONE, State:ALLOCATED, leaderId:, CreationTimestamp2022-06-19T13:06:03.913Z[Etc/UTC]].
2022-06-19 13:06:04,141 [Command processor thread] INFO  server.RaftServer (RaftServerProxy.java:addNew(96)) - 41970804-e726-44f7-9f9f-c691618d1097: addNew group-AAA577B9C661:[41970804-e726-44f7-9f9f-c691618d1097|rpc:10.1.0.4:45369|priority:1] returns group-AAA577B9C661:java.util.concurrent.CompletableFuture@24277552[Not completed]
2022-06-19 13:06:04,143 [pool-323-thread-1] INFO  server.RaftServer$Division (RaftServerImpl.java:<init>(190)) - 41970804-e726-44f7-9f9f-c691618d1097: new RaftServerImpl for group-AAA577B9C661:[41970804-e726-44f7-9f9f-c691618d1097|rpc:10.1.0.4:45369|priority:1] with ContainerStateMachine:uninitialized
2022-06-19 13:06:04,143 [pool-323-thread-1] INFO  server.RaftServerConfigKeys (ConfUtils.java:logGet(46)) - raft.server.rpc.timeout.min = 5s (custom)
2022-06-19 13:06:04,143 [pool-323-thread-1] INFO  server.RaftServerConfigKeys (ConfUtils.java:logGet(46)) - raft.server.rpc.timeout.max = 5200ms (custom)
2022-06-19 13:06:04,143 [pool-323-thread-1] INFO  server.RaftServerConfigKeys (ConfUtils.java:logGet(46)) - raft.server.rpc.sleep.time = 25ms (default)
2022-06-19 13:06:04,143 [pool-323-thread-1] INFO  server.RaftServerConfigKeys (ConfUtils.java:logGet(46)) - raft.server.rpc.slowness.timeout = 300s (custom)
2022-06-19 13:06:04,143 [pool-323-thread-1] INFO  server.RaftServerConfigKeys (ConfUtils.java:logGet(46)) - raft.server.leaderelection.leader.step-down.wait-time = 10s (default)
2022-06-19 13:06:04,143 [pool-323-thread-1] INFO  server.RaftServerConfigKeys (ConfUtils.java:logGet(46)) - raft.server.sleep.deviation.threshold = 300ms (default)
2022-06-19 13:06:04,143 [pool-323-thread-1] INFO  server.RaftServer$Division (ServerState.java:<init>(107)) - 41970804-e726-44f7-9f9f-c691618d1097@group-AAA577B9C661: ConfigurationManager, init=-1: [41970804-e726-44f7-9f9f-c691618d1097|rpc:10.1.0.4:45369|priority:1], old=null, confs=<EMPTY_MAP>
2022-06-19 13:06:04,143 [pool-323-thread-1] INFO  server.RaftServerConfigKeys (ConfUtils.java:logGet(46)) - raft.server.storage.dir = [/home/runner/work/ozone/ozone/hadoop-ozone/integration-test/target/test-dir/MiniOzoneClusterImpl-2d0576aa-8de3-4753-8d37-6309ac1803f7/datanode-1/data/ratis] (custom)
2022-06-19 13:06:04,144 [pool-323-thread-1] INFO  server.RaftServerConfigKeys (ConfUtils.java:logGet(46)) - raft.server.log.corruption.policy = EXCEPTION (default)
2022-06-19 13:06:04,144 [pool-323-thread-1] INFO  server.RaftServerConfigKeys (ConfUtils.java:logGet(46)) - raft.server.storage.free-space.min = 0MB (=0) (default)
2022-06-19 13:06:04,144 [pool-323-thread-1] INFO  storage.RaftStorageDirectory (RaftStorageDirectoryImpl.java:analyzeStorage(135)) - The storage directory /home/runner/work/ozone/ozone/hadoop-ozone/integration-test/target/test-dir/MiniOzoneClusterImpl-2d0576aa-8de3-4753-8d37-6309ac1803f7/datanode-1/data/ratis/a5297039-c55f-4010-bdbb-aaa577b9c661 does not exist. Creating ...
2022-06-19 13:06:04,145 [pool-323-thread-1] INFO  storage.RaftStorageDirectory (RaftStorageDirectoryImpl.java:tryLock(230)) - Lock on /home/runner/work/ozone/ozone/hadoop-ozone/integration-test/target/test-dir/MiniOzoneClusterImpl-2d0576aa-8de3-4753-8d37-6309ac1803f7/datanode-1/data/ratis/a5297039-c55f-4010-bdbb-aaa577b9c661/in_use.lock acquired by nodename 17254@fv-az58-449
2022-06-19 13:06:04,146 [pool-323-thread-1] INFO  storage.RaftStorage (RaftStorageImpl.java:format(89)) - Storage directory /home/runner/work/ozone/ozone/hadoop-ozone/integration-test/target/test-dir/MiniOzoneClusterImpl-2d0576aa-8de3-4753-8d37-6309ac1803f7/datanode-1/data/ratis/a5297039-c55f-4010-bdbb-aaa577b9c661 has been successfully formatted.
2022-06-19 13:06:04,146 [pool-323-thread-1] INFO  ratis.ContainerStateMachine (ContainerStateMachine.java:loadSnapshot(236)) - group-AAA577B9C661: The snapshot info is null. Setting the last applied indexto:(t:0, i:~)
2022-06-19 13:06:04,147 [pool-323-thread-1] INFO  server.RaftServerConfigKeys (ConfUtils.java:logGet(46)) - raft.server.notification.no-leader.timeout = 300s (custom)
2022-06-19 13:06:04,147 [pool-323-thread-1] INFO  server.RaftServerConfigKeys (ConfUtils.java:logGet(46)) - raft.server.log.use.memory = false (default)
2022-06-19 13:06:04,147 [pool-323-thread-1] INFO  server.RaftServerConfigKeys (ConfUtils.java:logGet(46)) - raft.server.log.purge.gap = 1000000 (custom)
2022-06-19 13:06:04,147 [pool-323-thread-1] INFO  server.RaftServerConfigKeys (ConfUtils.java:logGet(46)) - raft.server.log.appender.buffer.byte-limit = 33554432 (custom)
2022-06-19 13:06:04,147 [pool-323-thread-1] INFO  server.RaftServerConfigKeys (ConfUtils.java:logGet(46)) - raft.server.log.statemachine.data.read.timeout = 1000ms (default)
2022-06-19 13:06:04,147 [pool-323-thread-1] INFO  server.RaftServerConfigKeys (ConfUtils.java:logGet(46)) - raft.server.log.segment.size.max = 1048576 (custom)
2022-06-19 13:06:04,148 [EventQueue-PipelineReportForPipelineReportHandler] INFO  pipeline.PipelineManagerImpl (PipelineManagerImpl.java:openPipeline(356)) - Pipeline Pipeline[ Id: a5297039-c55f-4010-bdbb-aaa577b9c661, Nodes: 41970804-e726-44f7-9f9f-c691618d1097{ip: 10.1.0.4, host: fv-az58-449.32bp4kehjaiexiom31oljkjdjg.cx.internal.cloudapp.net, ports: [REPLICATION=43567, RATIS=45369, RATIS_ADMIN=45369, RATIS_SERVER=45369, STANDALONE=35343], networkLocation: /default-rack, certSerialId: null, persistedOpState: IN_SERVICE, persistedOpStateExpiryEpochSec: 0}, ReplicationConfig: RATIS/ONE, State:ALLOCATED, leaderId:41970804-e726-44f7-9f9f-c691618d1097, CreationTimestamp2022-06-19T13:06:01.151Z[Etc/UTC]] moved to OPEN state
2022-06-19 13:06:04,148 [EventQueue-OpenPipelineForHealthyPipelineSafeModeRule] INFO  safemode.SCMSafeModeManager (HealthyPipelineSafeModeRule.java:process(124)) - SCM in safe mode. Healthy pipelines reported count is 0, required healthy pipeline reported count is 1
2022-06-19 13:06:04,153 [pool-323-thread-1] INFO  server.RaftServerConfigKeys (ConfUtils.java:logGet(46)) - raft.server.log.segment.cache.num.max = 2 (custom)
2022-06-19 13:06:04,153 [pool-323-thread-1] INFO  server.RaftServerConfigKeys (ConfUtils.java:logGet(46)) - raft.server.log.segment.cache.size.max = 200MB (=209715200) (default)
2022-06-19 13:06:04,153 [pool-323-thread-1] INFO  segmented.SegmentedRaftLogWorker (SegmentedRaftLogWorker.java:<init>(187)) - new 41970804-e726-44f7-9f9f-c691618d1097@group-AAA577B9C661-SegmentedRaftLogWorker for RaftStorageImpl:Storage Directory /home/runner/work/ozone/ozone/hadoop-ozone/integration-test/target/test-dir/MiniOzoneClusterImpl-2d0576aa-8de3-4753-8d37-6309ac1803f7/datanode-1/data/ratis/a5297039-c55f-4010-bdbb-aaa577b9c661
2022-06-19 13:06:04,154 [pool-323-thread-1] INFO  server.RaftServerConfigKeys (ConfUtils.java:logGet(46)) - raft.server.log.queue.byte-limit = 4294967296 (custom)
2022-06-19 13:06:04,154 [pool-323-thread-1] INFO  server.RaftServerConfigKeys (ConfUtils.java:logGet(46)) - raft.server.log.queue.element-limit = 1024 (custom)
2022-06-19 13:06:04,154 [pool-323-thread-1] INFO  server.RaftServerConfigKeys (ConfUtils.java:logGet(46)) - raft.server.log.segment.size.max = 1048576 (custom)
2022-06-19 13:06:04,154 [pool-323-thread-1] INFO  server.RaftServerConfigKeys (ConfUtils.java:logGet(46)) - raft.server.log.preallocated.size = 16384 (custom)
2022-06-19 13:06:04,154 [pool-323-thread-1] INFO  server.RaftServerConfigKeys (ConfUtils.java:logGet(46)) - raft.server.log.force.sync.num = 128 (default)
2022-06-19 13:06:04,154 [pool-323-thread-1] INFO  server.RaftServerConfigKeys (ConfUtils.java:logGet(46)) - raft.server.log.statemachine.data.sync = true (default)
2022-06-19 13:06:04,154 [pool-323-thread-1] INFO  server.RaftServerConfigKeys (ConfUtils.java:logGet(46)) - raft.server.log.statemachine.data.sync.timeout = 10s (default)
2022-06-19 13:06:04,154 [pool-323-thread-1] INFO  server.RaftServerConfigKeys (ConfUtils.java:logGet(46)) - raft.server.log.statemachine.data.sync.timeout.retry = -1 (default)
2022-06-19 13:06:04,155 [pool-323-thread-1] INFO  server.RaftServerConfigKeys (ConfUtils.java:logGet(46)) - raft.server.log.write.buffer.size = 1048576 (custom)
2022-06-19 13:06:04,155 [pool-323-thread-1] INFO  server.RaftServerConfigKeys (ConfUtils.java:logGet(46)) - raft.server.log.unsafe-flush.enabled = false (default)
2022-06-19 13:06:04,155 [pool-323-thread-1] INFO  server.RaftServerConfigKeys (ConfUtils.java:logGet(46)) - raft.server.log.statemachine.data.caching.enabled = true (custom)
2022-06-19 13:06:04,155 [pool-323-thread-1] INFO  segmented.SegmentedRaftLogWorker (SegmentedRaftLogWorker.java:lambda$new$0(135)) - 41970804-e726-44f7-9f9f-c691618d1097@group-AAA577B9C661-SegmentedRaftLogWorker: flushIndex: setUnconditionally 0 -> -1
2022-06-19 13:06:04,155 [pool-323-thread-1] INFO  segmented.SegmentedRaftLogWorker (SegmentedRaftLogWorker.java:lambda$new$0(135)) - 41970804-e726-44f7-9f9f-c691618d1097@group-AAA577B9C661-SegmentedRaftLogWorker: safeCacheEvictIndex: setUnconditionally 0 -> -1
2022-06-19 13:06:04,169 [pool-323-thread-1] INFO  server.RaftServerConfigKeys (ConfUtils.java:logGet(46)) - raft.server.snapshot.auto.trigger.enabled = true (custom)
2022-06-19 13:06:04,169 [pool-323-thread-1] INFO  server.RaftServerConfigKeys (ConfUtils.java:logGet(46)) - raft.server.snapshot.auto.trigger.threshold = 10000 (custom)
2022-06-19 13:06:04,170 [pool-323-thread-1] INFO  server.RaftServerConfigKeys (ConfUtils.java:logGet(46)) - raft.server.snapshot.retention.file.num = 5 (custom)
2022-06-19 13:06:04,170 [pool-323-thread-1] INFO  server.RaftServerConfigKeys (ConfUtils.java:logGet(46)) - raft.server.log.purge.upto.snapshot.index = false (default)
2022-06-19 13:06:04,170 [pool-323-thread-1] INFO  server.RaftServerConfigKeys (ConfUtils.java:logGet(46)) - raft.server.retrycache.expirytime = 600000ms (custom)
2022-06-19 13:06:04,170 [pool-323-thread-1] INFO  server.RaftServerConfigKeys (ConfUtils.java:logGet(46)) - raft.server.retrycache.statistics.expirytime = 100μs (default)
2022-06-19 13:06:04,171 [pool-323-thread-1] INFO  server.RaftServerConfigKeys (ConfUtils.java:logGet(46)) - raft.server.log.appender.install.snapshot.enabled = false (custom)
2022-06-19 13:06:04,172 [pool-323-thread-1] INFO  server.RaftServerConfigKeys (ConfUtils.java:logGet(46)) - raft.server.threadpool.server.cached = true (default)
2022-06-19 13:06:04,172 [pool-323-thread-1] INFO  server.RaftServerConfigKeys (ConfUtils.java:logGet(46)) - raft.server.threadpool.server.size = 0 (default)
2022-06-19 13:06:04,172 [pool-323-thread-1] INFO  server.RaftServerConfigKeys (ConfUtils.java:logGet(46)) - raft.server.threadpool.client.cached = true (default)
2022-06-19 13:06:04,172 [pool-323-thread-1] INFO  server.RaftServerConfigKeys (ConfUtils.java:logGet(46)) - raft.server.threadpool.client.size = 0 (default)
2022-06-19 13:06:04,172 [pool-323-thread-1] INFO  server.RaftServer$Division (RaftServerImpl.java:start(310)) - 41970804-e726-44f7-9f9f-c691618d1097@group-AAA577B9C661: start as a follower, conf=-1: [41970804-e726-44f7-9f9f-c691618d1097|rpc:10.1.0.4:45369|priority:1], old=null
2022-06-19 13:06:04,172 [pool-323-thread-1] INFO  server.RaftServer$Division (RaftServerImpl.java:setRole(299)) - 41970804-e726-44f7-9f9f-c691618d1097@group-AAA577B9C661: changes role from      null to FOLLOWER at term 0 for startAsFollower
2022-06-19 13:06:04,172 [pool-323-thread-1] INFO  impl.RoleInfo (RoleInfo.java:updateAndGet(139)) - 41970804-e726-44f7-9f9f-c691618d1097: start 41970804-e726-44f7-9f9f-c691618d1097@group-AAA577B9C661-FollowerState
2022-06-19 13:06:04,186 [pool-323-thread-1] INFO  util.JmxRegister (JmxRegister.java:tryRegister(44)) - Successfully registered JMX Bean with object name Ratis:service=RaftServer,group=group-AAA577B9C661,id=41970804-e726-44f7-9f9f-c691618d1097
2022-06-19 13:06:04,187 [Command processor thread] INFO  ratis.XceiverServerRatis (XceiverServerRatis.java:addGroup(765)) - Created group PipelineID=a5297039-c55f-4010-bdbb-aaa577b9c661
2022-06-19 13:06:04,187 [Command processor thread] INFO  commandhandler.CreatePipelineCommandHandler (CreatePipelineCommandHandler.java:handle(113)) - Created Pipeline RATIS ONE PipelineID=a5297039-c55f-4010-bdbb-aaa577b9c661.
2022-06-19 13:06:04,846 [Listener at 127.0.0.1/45241] INFO  ozone.MiniOzoneClusterImpl (MiniOzoneClusterImpl.java:lambda$waitForClusterToBeReady$0(221)) - Nodes are ready. Got 5 of 5 DN Heartbeats.
2022-06-19 13:06:04,846 [Listener at 127.0.0.1/45241] INFO  ozone.MiniOzoneClusterImpl (MiniOzoneClusterImpl.java:lambda$waitForClusterToBeReady$0(224)) - Waiting for cluster to exit safe mode
2022-06-19 13:06:04,846 [Listener at 127.0.0.1/45241] INFO  ozone.MiniOzoneClusterImpl (MiniOzoneClusterImpl.java:lambda$waitForClusterToBeReady$0(226)) - SCM became leader
2022-06-19 13:06:04,966 [Command processor thread] INFO  server.RaftServer (RaftServerProxy.java:addNew(96)) - 6b51f01e-b5c0-4678-b58a-fec8e2165d46: addNew group-79A5FCC5F9BB:[6b51f01e-b5c0-4678-b58a-fec8e2165d46|rpc:10.1.0.4:40853|priority:1] returns group-79A5FCC5F9BB:java.util.concurrent.CompletableFuture@42764c38[Not completed]
2022-06-19 13:06:04,967 [pool-346-thread-1] INFO  server.RaftServer$Division (RaftServerImpl.java:<init>(190)) - 6b51f01e-b5c0-4678-b58a-fec8e2165d46: new RaftServerImpl for group-79A5FCC5F9BB:[6b51f01e-b5c0-4678-b58a-fec8e2165d46|rpc:10.1.0.4:40853|priority:1] with ContainerStateMachine:uninitialized
2022-06-19 13:06:04,967 [pool-346-thread-1] INFO  server.RaftServerConfigKeys (ConfUtils.java:logGet(46)) - raft.server.rpc.timeout.min = 5s (custom)
2022-06-19 13:06:04,967 [pool-346-thread-1] INFO  server.RaftServerConfigKeys (ConfUtils.java:logGet(46)) - raft.server.rpc.timeout.max = 5200ms (custom)
2022-06-19 13:06:04,967 [pool-346-thread-1] INFO  server.RaftServerConfigKeys (ConfUtils.java:logGet(46)) - raft.server.rpc.sleep.time = 25ms (default)
2022-06-19 13:06:04,967 [pool-346-thread-1] INFO  server.RaftServerConfigKeys (ConfUtils.java:logGet(46)) - raft.server.rpc.slowness.timeout = 300s (custom)
2022-06-19 13:06:04,967 [pool-346-thread-1] INFO  server.RaftServerConfigKeys (ConfUtils.java:logGet(46)) - raft.server.leaderelection.leader.step-down.wait-time = 10s (default)
2022-06-19 13:06:04,967 [pool-346-thread-1] INFO  server.RaftServerConfigKeys (ConfUtils.java:logGet(46)) - raft.server.sleep.deviation.threshold = 300ms (default)
2022-06-19 13:06:04,967 [pool-346-thread-1] INFO  server.RaftServer$Division (ServerState.java:<init>(107)) - 6b51f01e-b5c0-4678-b58a-fec8e2165d46@group-79A5FCC5F9BB: ConfigurationManager, init=-1: [6b51f01e-b5c0-4678-b58a-fec8e2165d46|rpc:10.1.0.4:40853|priority:1], old=null, confs=<EMPTY_MAP>
2022-06-19 13:06:04,967 [pool-346-thread-1] INFO  server.RaftServerConfigKeys (ConfUtils.java:logGet(46)) - raft.server.storage.dir = [/home/runner/work/ozone/ozone/hadoop-ozone/integration-test/target/test-dir/MiniOzoneClusterImpl-2d0576aa-8de3-4753-8d37-6309ac1803f7/datanode-2/data/ratis] (custom)
2022-06-19 13:06:04,967 [pool-346-thread-1] INFO  server.RaftServerConfigKeys (ConfUtils.java:logGet(46)) - raft.server.log.corruption.policy = EXCEPTION (default)
2022-06-19 13:06:04,967 [pool-346-thread-1] INFO  server.RaftServerConfigKeys (ConfUtils.java:logGet(46)) - raft.server.storage.free-space.min = 0MB (=0) (default)
2022-06-19 13:06:04,967 [pool-346-thread-1] INFO  storage.RaftStorageDirectory (RaftStorageDirectoryImpl.java:analyzeStorage(135)) - The storage directory /home/runner/work/ozone/ozone/hadoop-ozone/integration-test/target/test-dir/MiniOzoneClusterImpl-2d0576aa-8de3-4753-8d37-6309ac1803f7/datanode-2/data/ratis/26c602bf-e0bf-4642-936c-79a5fcc5f9bb does not exist. Creating ...
2022-06-19 13:06:04,970 [pool-346-thread-1] INFO  storage.RaftStorageDirectory (RaftStorageDirectoryImpl.java:tryLock(230)) - Lock on /home/runner/work/ozone/ozone/hadoop-ozone/integration-test/target/test-dir/MiniOzoneClusterImpl-2d0576aa-8de3-4753-8d37-6309ac1803f7/datanode-2/data/ratis/26c602bf-e0bf-4642-936c-79a5fcc5f9bb/in_use.lock acquired by nodename 17254@fv-az58-449
2022-06-19 13:06:04,972 [pool-346-thread-1] INFO  storage.RaftStorage (RaftStorageImpl.java:format(89)) - Storage directory /home/runner/work/ozone/ozone/hadoop-ozone/integration-test/target/test-dir/MiniOzoneClusterImpl-2d0576aa-8de3-4753-8d37-6309ac1803f7/datanode-2/data/ratis/26c602bf-e0bf-4642-936c-79a5fcc5f9bb has been successfully formatted.
2022-06-19 13:06:04,972 [pool-346-thread-1] INFO  ratis.ContainerStateMachine (ContainerStateMachine.java:loadSnapshot(236)) - group-79A5FCC5F9BB: The snapshot info is null. Setting the last applied indexto:(t:0, i:~)
2022-06-19 13:06:04,972 [pool-346-thread-1] INFO  server.RaftServerConfigKeys (ConfUtils.java:logGet(46)) - raft.server.notification.no-leader.timeout = 300s (custom)
2022-06-19 13:06:04,972 [pool-346-thread-1] INFO  server.RaftServerConfigKeys (ConfUtils.java:logGet(46)) - raft.server.log.use.memory = false (default)
2022-06-19 13:06:04,972 [pool-346-thread-1] INFO  server.RaftServerConfigKeys (ConfUtils.java:logGet(46)) - raft.server.log.purge.gap = 1000000 (custom)
2022-06-19 13:06:04,972 [pool-346-thread-1] INFO  server.RaftServerConfigKeys (ConfUtils.java:logGet(46)) - raft.server.log.appender.buffer.byte-limit = 33554432 (custom)
2022-06-19 13:06:04,972 [pool-346-thread-1] INFO  server.RaftServerConfigKeys (ConfUtils.java:logGet(46)) - raft.server.log.statemachine.data.read.timeout = 1000ms (default)
2022-06-19 13:06:04,972 [pool-346-thread-1] INFO  server.RaftServerConfigKeys (ConfUtils.java:logGet(46)) - raft.server.log.segment.size.max = 1048576 (custom)
2022-06-19 13:06:04,973 [pool-346-thread-1] INFO  server.RaftServerConfigKeys (ConfUtils.java:logGet(46)) - raft.server.log.segment.cache.num.max = 2 (custom)
2022-06-19 13:06:04,973 [pool-346-thread-1] INFO  server.RaftServerConfigKeys (ConfUtils.java:logGet(46)) - raft.server.log.segment.cache.size.max = 200MB (=209715200) (default)
2022-06-19 13:06:04,973 [pool-346-thread-1] INFO  segmented.SegmentedRaftLogWorker (SegmentedRaftLogWorker.java:<init>(187)) - new 6b51f01e-b5c0-4678-b58a-fec8e2165d46@group-79A5FCC5F9BB-SegmentedRaftLogWorker for RaftStorageImpl:Storage Directory /home/runner/work/ozone/ozone/hadoop-ozone/integration-test/target/test-dir/MiniOzoneClusterImpl-2d0576aa-8de3-4753-8d37-6309ac1803f7/datanode-2/data/ratis/26c602bf-e0bf-4642-936c-79a5fcc5f9bb
2022-06-19 13:06:04,973 [pool-346-thread-1] INFO  server.RaftServerConfigKeys (ConfUtils.java:logGet(46)) - raft.server.log.queue.byte-limit = 4294967296 (custom)
2022-06-19 13:06:04,973 [pool-346-thread-1] INFO  server.RaftServerConfigKeys (ConfUtils.java:logGet(46)) - raft.server.log.queue.element-limit = 1024 (custom)
2022-06-19 13:06:04,973 [pool-346-thread-1] INFO  server.RaftServerConfigKeys (ConfUtils.java:logGet(46)) - raft.server.log.segment.size.max = 1048576 (custom)
2022-06-19 13:06:04,973 [pool-346-thread-1] INFO  server.RaftServerConfigKeys (ConfUtils.java:logGet(46)) - raft.server.log.preallocated.size = 16384 (custom)
2022-06-19 13:06:04,973 [pool-346-thread-1] INFO  server.RaftServerConfigKeys (ConfUtils.java:logGet(46)) - raft.server.log.force.sync.num = 128 (default)
2022-06-19 13:06:04,973 [pool-346-thread-1] INFO  server.RaftServerConfigKeys (ConfUtils.java:logGet(46)) - raft.server.log.statemachine.data.sync = true (default)
2022-06-19 13:06:04,973 [pool-346-thread-1] INFO  server.RaftServerConfigKeys (ConfUtils.java:logGet(46)) - raft.server.log.statemachine.data.sync.timeout = 10s (default)
2022-06-19 13:06:04,977 [EventQueue-PipelineReportForPipelineReportHandler] INFO  pipeline.PipelineManagerImpl (PipelineManagerImpl.java:openPipeline(356)) - Pipeline Pipeline[ Id: 26c602bf-e0bf-4642-936c-79a5fcc5f9bb, Nodes: 6b51f01e-b5c0-4678-b58a-fec8e2165d46{ip: 10.1.0.4, host: fv-az58-449.32bp4kehjaiexiom31oljkjdjg.cx.internal.cloudapp.net, ports: [REPLICATION=36927, RATIS=40853, RATIS_ADMIN=40853, RATIS_SERVER=40853, STANDALONE=37385], networkLocation: /default-rack, certSerialId: null, persistedOpState: IN_SERVICE, persistedOpStateExpiryEpochSec: 0}, ReplicationConfig: RATIS/ONE, State:ALLOCATED, leaderId:6b51f01e-b5c0-4678-b58a-fec8e2165d46, CreationTimestamp2022-06-19T13:06:01.976Z[Etc/UTC]] moved to OPEN state
2022-06-19 13:06:04,981 [pool-346-thread-1] INFO  server.RaftServerConfigKeys (ConfUtils.java:logGet(46)) - raft.server.log.statemachine.data.sync.timeout.retry = -1 (default)
2022-06-19 13:06:04,982 [EventQueue-OpenPipelineForHealthyPipelineSafeModeRule] INFO  safemode.SCMSafeModeManager (HealthyPipelineSafeModeRule.java:process(124)) - SCM in safe mode. Healthy pipelines reported count is 0, required healthy pipeline reported count is 1
2022-06-19 13:06:04,982 [pool-346-thread-1] INFO  server.RaftServerConfigKeys (ConfUtils.java:logGet(46)) - raft.server.log.write.buffer.size = 1048576 (custom)
2022-06-19 13:06:04,982 [pool-346-thread-1] INFO  server.RaftServerConfigKeys (ConfUtils.java:logGet(46)) - raft.server.log.unsafe-flush.enabled = false (default)
2022-06-19 13:06:04,982 [pool-346-thread-1] INFO  server.RaftServerConfigKeys (ConfUtils.java:logGet(46)) - raft.server.log.statemachine.data.caching.enabled = true (custom)
2022-06-19 13:06:04,983 [pool-346-thread-1] INFO  segmented.SegmentedRaftLogWorker (SegmentedRaftLogWorker.java:lambda$new$0(135)) - 6b51f01e-b5c0-4678-b58a-fec8e2165d46@group-79A5FCC5F9BB-SegmentedRaftLogWorker: flushIndex: setUnconditionally 0 -> -1
2022-06-19 13:06:04,983 [pool-346-thread-1] INFO  segmented.SegmentedRaftLogWorker (SegmentedRaftLogWorker.java:lambda$new$0(135)) - 6b51f01e-b5c0-4678-b58a-fec8e2165d46@group-79A5FCC5F9BB-SegmentedRaftLogWorker: safeCacheEvictIndex: setUnconditionally 0 -> -1
2022-06-19 13:06:04,993 [pool-346-thread-1] INFO  server.RaftServerConfigKeys (ConfUtils.java:logGet(46)) - raft.server.snapshot.auto.trigger.enabled = true (custom)
2022-06-19 13:06:04,993 [pool-346-thread-1] INFO  server.RaftServerConfigKeys (ConfUtils.java:logGet(46)) - raft.server.snapshot.auto.trigger.threshold = 10000 (custom)
2022-06-19 13:06:04,993 [pool-346-thread-1] INFO  server.RaftServerConfigKeys (ConfUtils.java:logGet(46)) - raft.server.snapshot.retention.file.num = 5 (custom)
2022-06-19 13:06:04,993 [pool-346-thread-1] INFO  server.RaftServerConfigKeys (ConfUtils.java:logGet(46)) - raft.server.log.purge.upto.snapshot.index = false (default)
2022-06-19 13:06:04,993 [pool-346-thread-1] INFO  server.RaftServerConfigKeys (ConfUtils.java:logGet(46)) - raft.server.retrycache.expirytime = 600000ms (custom)
2022-06-19 13:06:04,993 [pool-346-thread-1] INFO  server.RaftServerConfigKeys (ConfUtils.java:logGet(46)) - raft.server.retrycache.statistics.expirytime = 100μs (default)
2022-06-19 13:06:04,994 [pool-346-thread-1] INFO  server.RaftServerConfigKeys (ConfUtils.java:logGet(46)) - raft.server.log.appender.install.snapshot.enabled = false (custom)
2022-06-19 13:06:04,994 [pool-346-thread-1] INFO  server.RaftServerConfigKeys (ConfUtils.java:logGet(46)) - raft.server.threadpool.server.cached = true (default)
2022-06-19 13:06:04,994 [pool-346-thread-1] INFO  server.RaftServerConfigKeys (ConfUtils.java:logGet(46)) - raft.server.threadpool.server.size = 0 (default)
2022-06-19 13:06:04,994 [pool-346-thread-1] INFO  server.RaftServerConfigKeys (ConfUtils.java:logGet(46)) - raft.server.threadpool.client.cached = true (default)
2022-06-19 13:06:04,994 [pool-346-thread-1] INFO  server.RaftServerConfigKeys (ConfUtils.java:logGet(46)) - raft.server.threadpool.client.size = 0 (default)
2022-06-19 13:06:04,995 [pool-346-thread-1] INFO  server.RaftServer$Division (RaftServerImpl.java:start(310)) - 6b51f01e-b5c0-4678-b58a-fec8e2165d46@group-79A5FCC5F9BB: start as a follower, conf=-1: [6b51f01e-b5c0-4678-b58a-fec8e2165d46|rpc:10.1.0.4:40853|priority:1], old=null
2022-06-19 13:06:04,995 [pool-346-thread-1] INFO  server.RaftServer$Division (RaftServerImpl.java:setRole(299)) - 6b51f01e-b5c0-4678-b58a-fec8e2165d46@group-79A5FCC5F9BB: changes role from      null to FOLLOWER at term 0 for startAsFollower
2022-06-19 13:06:04,995 [pool-346-thread-1] INFO  impl.RoleInfo (RoleInfo.java:updateAndGet(139)) - 6b51f01e-b5c0-4678-b58a-fec8e2165d46: start 6b51f01e-b5c0-4678-b58a-fec8e2165d46@group-79A5FCC5F9BB-FollowerState
2022-06-19 13:06:05,000 [pool-346-thread-1] INFO  util.JmxRegister (JmxRegister.java:tryRegister(44)) - Successfully registered JMX Bean with object name Ratis:service=RaftServer,group=group-79A5FCC5F9BB,id=6b51f01e-b5c0-4678-b58a-fec8e2165d46
2022-06-19 13:06:05,003 [Command processor thread] INFO  ratis.XceiverServerRatis (XceiverServerRatis.java:addGroup(765)) - Created group PipelineID=26c602bf-e0bf-4642-936c-79a5fcc5f9bb
2022-06-19 13:06:05,003 [Command processor thread] INFO  commandhandler.CreatePipelineCommandHandler (CreatePipelineCommandHandler.java:handle(113)) - Created Pipeline RATIS ONE PipelineID=26c602bf-e0bf-4642-936c-79a5fcc5f9bb.
2022-06-19 13:06:05,847 [Listener at 127.0.0.1/45241] INFO  ozone.MiniOzoneClusterImpl (MiniOzoneClusterImpl.java:lambda$waitForClusterToBeReady$0(221)) - Nodes are ready. Got 5 of 5 DN Heartbeats.
2022-06-19 13:06:05,847 [Listener at 127.0.0.1/45241] INFO  ozone.MiniOzoneClusterImpl (MiniOzoneClusterImpl.java:lambda$waitForClusterToBeReady$0(224)) - Waiting for cluster to exit safe mode
2022-06-19 13:06:05,847 [Listener at 127.0.0.1/45241] INFO  ozone.MiniOzoneClusterImpl (MiniOzoneClusterImpl.java:lambda$waitForClusterToBeReady$0(226)) - SCM became leader
2022-06-19 13:06:05,935 [Command processor thread] INFO  server.RaftServer (RaftServerProxy.java:addNew(96)) - 27180d60-412c-4516-9b2d-964dfc82640f: addNew group-377A1D0EBA52:[27180d60-412c-4516-9b2d-964dfc82640f|rpc:10.1.0.4:46477|priority:1] returns group-377A1D0EBA52:java.util.concurrent.CompletableFuture@421cace9[Not completed]
2022-06-19 13:06:05,951 [pool-369-thread-1] INFO  server.RaftServer$Division (RaftServerImpl.java:<init>(190)) - 27180d60-412c-4516-9b2d-964dfc82640f: new RaftServerImpl for group-377A1D0EBA52:[27180d60-412c-4516-9b2d-964dfc82640f|rpc:10.1.0.4:46477|priority:1] with ContainerStateMachine:uninitialized
2022-06-19 13:06:05,951 [pool-369-thread-1] INFO  server.RaftServerConfigKeys (ConfUtils.java:logGet(46)) - raft.server.rpc.timeout.min = 5s (custom)
2022-06-19 13:06:05,951 [pool-369-thread-1] INFO  server.RaftServerConfigKeys (ConfUtils.java:logGet(46)) - raft.server.rpc.timeout.max = 5200ms (custom)
2022-06-19 13:06:05,951 [pool-369-thread-1] INFO  server.RaftServerConfigKeys (ConfUtils.java:logGet(46)) - raft.server.rpc.sleep.time = 25ms (default)
2022-06-19 13:06:05,951 [pool-369-thread-1] INFO  server.RaftServerConfigKeys (ConfUtils.java:logGet(46)) - raft.server.rpc.slowness.timeout = 300s (custom)
2022-06-19 13:06:05,951 [pool-369-thread-1] INFO  server.RaftServerConfigKeys (ConfUtils.java:logGet(46)) - raft.server.leaderelection.leader.step-down.wait-time = 10s (default)
2022-06-19 13:06:05,951 [pool-369-thread-1] INFO  server.RaftServerConfigKeys (ConfUtils.java:logGet(46)) - raft.server.sleep.deviation.threshold = 300ms (default)
2022-06-19 13:06:05,952 [pool-369-thread-1] INFO  server.RaftServer$Division (ServerState.java:<init>(107)) - 27180d60-412c-4516-9b2d-964dfc82640f@group-377A1D0EBA52: ConfigurationManager, init=-1: [27180d60-412c-4516-9b2d-964dfc82640f|rpc:10.1.0.4:46477|priority:1], old=null, confs=<EMPTY_MAP>
2022-06-19 13:06:05,952 [pool-369-thread-1] INFO  server.RaftServerConfigKeys (ConfUtils.java:logGet(46)) - raft.server.storage.dir = [/home/runner/work/ozone/ozone/hadoop-ozone/integration-test/target/test-dir/MiniOzoneClusterImpl-2d0576aa-8de3-4753-8d37-6309ac1803f7/datanode-3/data/ratis] (custom)
2022-06-19 13:06:05,952 [pool-369-thread-1] INFO  server.RaftServerConfigKeys (ConfUtils.java:logGet(46)) - raft.server.log.corruption.policy = EXCEPTION (default)
2022-06-19 13:06:05,952 [pool-369-thread-1] INFO  server.RaftServerConfigKeys (ConfUtils.java:logGet(46)) - raft.server.storage.free-space.min = 0MB (=0) (default)
2022-06-19 13:06:05,952 [pool-369-thread-1] INFO  storage.RaftStorageDirectory (RaftStorageDirectoryImpl.java:analyzeStorage(135)) - The storage directory /home/runner/work/ozone/ozone/hadoop-ozone/integration-test/target/test-dir/MiniOzoneClusterImpl-2d0576aa-8de3-4753-8d37-6309ac1803f7/datanode-3/data/ratis/613c176a-9a76-40ad-bdab-377a1d0eba52 does not exist. Creating ...
2022-06-19 13:06:05,958 [pool-369-thread-1] INFO  storage.RaftStorageDirectory (RaftStorageDirectoryImpl.java:tryLock(230)) - Lock on /home/runner/work/ozone/ozone/hadoop-ozone/integration-test/target/test-dir/MiniOzoneClusterImpl-2d0576aa-8de3-4753-8d37-6309ac1803f7/datanode-3/data/ratis/613c176a-9a76-40ad-bdab-377a1d0eba52/in_use.lock acquired by nodename 17254@fv-az58-449
2022-06-19 13:06:05,959 [pool-369-thread-1] INFO  storage.RaftStorage (RaftStorageImpl.java:format(89)) - Storage directory /home/runner/work/ozone/ozone/hadoop-ozone/integration-test/target/test-dir/MiniOzoneClusterImpl-2d0576aa-8de3-4753-8d37-6309ac1803f7/datanode-3/data/ratis/613c176a-9a76-40ad-bdab-377a1d0eba52 has been successfully formatted.
2022-06-19 13:06:05,970 [pool-369-thread-1] INFO  ratis.ContainerStateMachine (ContainerStateMachine.java:loadSnapshot(236)) - group-377A1D0EBA52: The snapshot info is null. Setting the last applied indexto:(t:0, i:~)
2022-06-19 13:06:05,970 [EventQueue-PipelineReportForPipelineReportHandler] INFO  pipeline.PipelineManagerImpl (PipelineManagerImpl.java:openPipeline(356)) - Pipeline Pipeline[ Id: 613c176a-9a76-40ad-bdab-377a1d0eba52, Nodes: 27180d60-412c-4516-9b2d-964dfc82640f{ip: 10.1.0.4, host: fv-az58-449.32bp4kehjaiexiom31oljkjdjg.cx.internal.cloudapp.net, ports: [REPLICATION=39591, RATIS=46477, RATIS_ADMIN=46477, RATIS_SERVER=46477, STANDALONE=40077], networkLocation: /default-rack, certSerialId: null, persistedOpState: IN_SERVICE, persistedOpStateExpiryEpochSec: 0}, ReplicationConfig: RATIS/ONE, State:ALLOCATED, leaderId:27180d60-412c-4516-9b2d-964dfc82640f, CreationTimestamp2022-06-19T13:06:02.935Z[Etc/UTC]] moved to OPEN state
2022-06-19 13:06:05,970 [EventQueue-OpenPipelineForHealthyPipelineSafeModeRule] INFO  safemode.SCMSafeModeManager (HealthyPipelineSafeModeRule.java:process(124)) - SCM in safe mode. Healthy pipelines reported count is 0, required healthy pipeline reported count is 1
2022-06-19 13:06:05,971 [pool-369-thread-1] INFO  server.RaftServerConfigKeys (ConfUtils.java:logGet(46)) - raft.server.notification.no-leader.timeout = 300s (custom)
2022-06-19 13:06:05,971 [pool-369-thread-1] INFO  server.RaftServerConfigKeys (ConfUtils.java:logGet(46)) - raft.server.log.use.memory = false (default)
2022-06-19 13:06:05,972 [pool-369-thread-1] INFO  server.RaftServerConfigKeys (ConfUtils.java:logGet(46)) - raft.server.log.purge.gap = 1000000 (custom)
2022-06-19 13:06:05,972 [pool-369-thread-1] INFO  server.RaftServerConfigKeys (ConfUtils.java:logGet(46)) - raft.server.log.appender.buffer.byte-limit = 33554432 (custom)
2022-06-19 13:06:05,972 [pool-369-thread-1] INFO  server.RaftServerConfigKeys (ConfUtils.java:logGet(46)) - raft.server.log.statemachine.data.read.timeout = 1000ms (default)
2022-06-19 13:06:05,972 [pool-369-thread-1] INFO  server.RaftServerConfigKeys (ConfUtils.java:logGet(46)) - raft.server.log.segment.size.max = 1048576 (custom)
2022-06-19 13:06:05,972 [pool-369-thread-1] INFO  server.RaftServerConfigKeys (ConfUtils.java:logGet(46)) - raft.server.log.segment.cache.num.max = 2 (custom)
2022-06-19 13:06:05,972 [pool-369-thread-1] INFO  server.RaftServerConfigKeys (ConfUtils.java:logGet(46)) - raft.server.log.segment.cache.size.max = 200MB (=209715200) (default)
2022-06-19 13:06:05,972 [pool-369-thread-1] INFO  segmented.SegmentedRaftLogWorker (SegmentedRaftLogWorker.java:<init>(187)) - new 27180d60-412c-4516-9b2d-964dfc82640f@group-377A1D0EBA52-SegmentedRaftLogWorker for RaftStorageImpl:Storage Directory /home/runner/work/ozone/ozone/hadoop-ozone/integration-test/target/test-dir/MiniOzoneClusterImpl-2d0576aa-8de3-4753-8d37-6309ac1803f7/datanode-3/data/ratis/613c176a-9a76-40ad-bdab-377a1d0eba52
2022-06-19 13:06:05,972 [pool-369-thread-1] INFO  server.RaftServerConfigKeys (ConfUtils.java:logGet(46)) - raft.server.log.queue.byte-limit = 4294967296 (custom)
2022-06-19 13:06:05,972 [pool-369-thread-1] INFO  server.RaftServerConfigKeys (ConfUtils.java:logGet(46)) - raft.server.log.queue.element-limit = 1024 (custom)
2022-06-19 13:06:05,972 [pool-369-thread-1] INFO  server.RaftServerConfigKeys (ConfUtils.java:logGet(46)) - raft.server.log.segment.size.max = 1048576 (custom)
2022-06-19 13:06:05,972 [pool-369-thread-1] INFO  server.RaftServerConfigKeys (ConfUtils.java:logGet(46)) - raft.server.log.preallocated.size = 16384 (custom)
2022-06-19 13:06:05,972 [pool-369-thread-1] INFO  server.RaftServerConfigKeys (ConfUtils.java:logGet(46)) - raft.server.log.force.sync.num = 128 (default)
2022-06-19 13:06:05,972 [pool-369-thread-1] INFO  server.RaftServerConfigKeys (ConfUtils.java:logGet(46)) - raft.server.log.statemachine.data.sync = true (default)
2022-06-19 13:06:05,972 [pool-369-thread-1] INFO  server.RaftServerConfigKeys (ConfUtils.java:logGet(46)) - raft.server.log.statemachine.data.sync.timeout = 10s (default)
2022-06-19 13:06:05,973 [pool-369-thread-1] INFO  server.RaftServerConfigKeys (ConfUtils.java:logGet(46)) - raft.server.log.statemachine.data.sync.timeout.retry = -1 (default)
2022-06-19 13:06:05,974 [pool-369-thread-1] INFO  server.RaftServerConfigKeys (ConfUtils.java:logGet(46)) - raft.server.log.write.buffer.size = 1048576 (custom)
2022-06-19 13:06:05,974 [pool-369-thread-1] INFO  server.RaftServerConfigKeys (ConfUtils.java:logGet(46)) - raft.server.log.unsafe-flush.enabled = false (default)
2022-06-19 13:06:05,974 [pool-369-thread-1] INFO  server.RaftServerConfigKeys (ConfUtils.java:logGet(46)) - raft.server.log.statemachine.data.caching.enabled = true (custom)
2022-06-19 13:06:05,974 [pool-369-thread-1] INFO  segmented.SegmentedRaftLogWorker (SegmentedRaftLogWorker.java:lambda$new$0(135)) - 27180d60-412c-4516-9b2d-964dfc82640f@group-377A1D0EBA52-SegmentedRaftLogWorker: flushIndex: setUnconditionally 0 -> -1
2022-06-19 13:06:05,974 [pool-369-thread-1] INFO  segmented.SegmentedRaftLogWorker (SegmentedRaftLogWorker.java:lambda$new$0(135)) - 27180d60-412c-4516-9b2d-964dfc82640f@group-377A1D0EBA52-SegmentedRaftLogWorker: safeCacheEvictIndex: setUnconditionally 0 -> -1
2022-06-19 13:06:05,982 [pool-369-thread-1] INFO  server.RaftServerConfigKeys (ConfUtils.java:logGet(46)) - raft.server.snapshot.auto.trigger.enabled = true (custom)
2022-06-19 13:06:05,982 [pool-369-thread-1] INFO  server.RaftServerConfigKeys (ConfUtils.java:logGet(46)) - raft.server.snapshot.auto.trigger.threshold = 10000 (custom)
2022-06-19 13:06:05,982 [pool-369-thread-1] INFO  server.RaftServerConfigKeys (ConfUtils.java:logGet(46)) - raft.server.snapshot.retention.file.num = 5 (custom)
2022-06-19 13:06:05,982 [pool-369-thread-1] INFO  server.RaftServerConfigKeys (ConfUtils.java:logGet(46)) - raft.server.log.purge.upto.snapshot.index = false (default)
2022-06-19 13:06:05,982 [pool-369-thread-1] INFO  server.RaftServerConfigKeys (ConfUtils.java:logGet(46)) - raft.server.retrycache.expirytime = 600000ms (custom)
2022-06-19 13:06:05,982 [pool-369-thread-1] INFO  server.RaftServerConfigKeys (ConfUtils.java:logGet(46)) - raft.server.retrycache.statistics.expirytime = 100μs (default)
2022-06-19 13:06:05,987 [pool-369-thread-1] INFO  server.RaftServerConfigKeys (ConfUtils.java:logGet(46)) - raft.server.log.appender.install.snapshot.enabled = false (custom)
2022-06-19 13:06:05,987 [pool-369-thread-1] INFO  server.RaftServerConfigKeys (ConfUtils.java:logGet(46)) - raft.server.threadpool.server.cached = true (default)
2022-06-19 13:06:05,988 [pool-369-thread-1] INFO  server.RaftServerConfigKeys (ConfUtils.java:logGet(46)) - raft.server.threadpool.server.size = 0 (default)
2022-06-19 13:06:05,988 [pool-369-thread-1] INFO  server.RaftServerConfigKeys (ConfUtils.java:logGet(46)) - raft.server.threadpool.client.cached = true (default)
2022-06-19 13:06:05,988 [pool-369-thread-1] INFO  server.RaftServerConfigKeys (ConfUtils.java:logGet(46)) - raft.server.threadpool.client.size = 0 (default)
2022-06-19 13:06:05,988 [pool-369-thread-1] INFO  server.RaftServer$Division (RaftServerImpl.java:start(310)) - 27180d60-412c-4516-9b2d-964dfc82640f@group-377A1D0EBA52: start as a follower, conf=-1: [27180d60-412c-4516-9b2d-964dfc82640f|rpc:10.1.0.4:46477|priority:1], old=null
2022-06-19 13:06:05,988 [pool-369-thread-1] INFO  server.RaftServer$Division (RaftServerImpl.java:setRole(299)) - 27180d60-412c-4516-9b2d-964dfc82640f@group-377A1D0EBA52: changes role from      null to FOLLOWER at term 0 for startAsFollower
2022-06-19 13:06:05,988 [pool-369-thread-1] INFO  impl.RoleInfo (RoleInfo.java:updateAndGet(139)) - 27180d60-412c-4516-9b2d-964dfc82640f: start 27180d60-412c-4516-9b2d-964dfc82640f@group-377A1D0EBA52-FollowerState
2022-06-19 13:06:05,989 [pool-369-thread-1] INFO  util.JmxRegister (JmxRegister.java:tryRegister(44)) - Successfully registered JMX Bean with object name Ratis:service=RaftServer,group=group-377A1D0EBA52,id=27180d60-412c-4516-9b2d-964dfc82640f
2022-06-19 13:06:05,994 [Command processor thread] INFO  ratis.XceiverServerRatis (XceiverServerRatis.java:addGroup(765)) - Created group PipelineID=613c176a-9a76-40ad-bdab-377a1d0eba52
2022-06-19 13:06:05,994 [Command processor thread] INFO  commandhandler.CreatePipelineCommandHandler (CreatePipelineCommandHandler.java:handle(113)) - Created Pipeline RATIS ONE PipelineID=613c176a-9a76-40ad-bdab-377a1d0eba52.
2022-06-19 13:06:06,847 [Listener at 127.0.0.1/45241] INFO  ozone.MiniOzoneClusterImpl (MiniOzoneClusterImpl.java:lambda$waitForClusterToBeReady$0(221)) - Nodes are ready. Got 5 of 5 DN Heartbeats.
2022-06-19 13:06:06,847 [Listener at 127.0.0.1/45241] INFO  ozone.MiniOzoneClusterImpl (MiniOzoneClusterImpl.java:lambda$waitForClusterToBeReady$0(224)) - Waiting for cluster to exit safe mode
2022-06-19 13:06:06,847 [Listener at 127.0.0.1/45241] INFO  ozone.MiniOzoneClusterImpl (MiniOzoneClusterImpl.java:lambda$waitForClusterToBeReady$0(226)) - SCM became leader
2022-06-19 13:06:06,913 [Command processor thread] INFO  server.RaftServer (RaftServerProxy.java:addNew(96)) - 341760f9-9112-44c5-a769-73cddc41fbf7: addNew group-9E577E470E09:[341760f9-9112-44c5-a769-73cddc41fbf7|rpc:10.1.0.4:35617|priority:1] returns group-9E577E470E09:java.util.concurrent.CompletableFuture@44e5a597[Not completed]
2022-06-19 13:06:06,919 [pool-397-thread-1] INFO  server.RaftServer$Division (RaftServerImpl.java:<init>(190)) - 341760f9-9112-44c5-a769-73cddc41fbf7: new RaftServerImpl for group-9E577E470E09:[341760f9-9112-44c5-a769-73cddc41fbf7|rpc:10.1.0.4:35617|priority:1] with ContainerStateMachine:uninitialized
2022-06-19 13:06:06,919 [pool-397-thread-1] INFO  server.RaftServerConfigKeys (ConfUtils.java:logGet(46)) - raft.server.rpc.timeout.min = 5s (custom)
2022-06-19 13:06:06,919 [pool-397-thread-1] INFO  server.RaftServerConfigKeys (ConfUtils.java:logGet(46)) - raft.server.rpc.timeout.max = 5200ms (custom)
2022-06-19 13:06:06,919 [pool-397-thread-1] INFO  server.RaftServerConfigKeys (ConfUtils.java:logGet(46)) - raft.server.rpc.sleep.time = 25ms (default)
2022-06-19 13:06:06,919 [pool-397-thread-1] INFO  server.RaftServerConfigKeys (ConfUtils.java:logGet(46)) - raft.server.rpc.slowness.timeout = 300s (custom)
2022-06-19 13:06:06,919 [pool-397-thread-1] INFO  server.RaftServerConfigKeys (ConfUtils.java:logGet(46)) - raft.server.leaderelection.leader.step-down.wait-time = 10s (default)
2022-06-19 13:06:06,919 [pool-397-thread-1] INFO  server.RaftServerConfigKeys (ConfUtils.java:logGet(46)) - raft.server.sleep.deviation.threshold = 300ms (default)
2022-06-19 13:06:06,919 [pool-397-thread-1] INFO  server.RaftServer$Division (ServerState.java:<init>(107)) - 341760f9-9112-44c5-a769-73cddc41fbf7@group-9E577E470E09: ConfigurationManager, init=-1: [341760f9-9112-44c5-a769-73cddc41fbf7|rpc:10.1.0.4:35617|priority:1], old=null, confs=<EMPTY_MAP>
2022-06-19 13:06:06,919 [pool-397-thread-1] INFO  server.RaftServerConfigKeys (ConfUtils.java:logGet(46)) - raft.server.storage.dir = [/home/runner/work/ozone/ozone/hadoop-ozone/integration-test/target/test-dir/MiniOzoneClusterImpl-2d0576aa-8de3-4753-8d37-6309ac1803f7/datanode-4/data/ratis] (custom)
2022-06-19 13:06:06,919 [pool-397-thread-1] INFO  server.RaftServerConfigKeys (ConfUtils.java:logGet(46)) - raft.server.log.corruption.policy = EXCEPTION (default)
2022-06-19 13:06:06,919 [pool-397-thread-1] INFO  server.RaftServerConfigKeys (ConfUtils.java:logGet(46)) - raft.server.storage.free-space.min = 0MB (=0) (default)
2022-06-19 13:06:06,919 [pool-397-thread-1] INFO  storage.RaftStorageDirectory (RaftStorageDirectoryImpl.java:analyzeStorage(135)) - The storage directory /home/runner/work/ozone/ozone/hadoop-ozone/integration-test/target/test-dir/MiniOzoneClusterImpl-2d0576aa-8de3-4753-8d37-6309ac1803f7/datanode-4/data/ratis/b63a78e3-eac6-452e-9138-9e577e470e09 does not exist. Creating ...
2022-06-19 13:06:06,920 [pool-397-thread-1] INFO  storage.RaftStorageDirectory (RaftStorageDirectoryImpl.java:tryLock(230)) - Lock on /home/runner/work/ozone/ozone/hadoop-ozone/integration-test/target/test-dir/MiniOzoneClusterImpl-2d0576aa-8de3-4753-8d37-6309ac1803f7/datanode-4/data/ratis/b63a78e3-eac6-452e-9138-9e577e470e09/in_use.lock acquired by nodename 17254@fv-az58-449
2022-06-19 13:06:06,921 [pool-397-thread-1] INFO  storage.RaftStorage (RaftStorageImpl.java:format(89)) - Storage directory /home/runner/work/ozone/ozone/hadoop-ozone/integration-test/target/test-dir/MiniOzoneClusterImpl-2d0576aa-8de3-4753-8d37-6309ac1803f7/datanode-4/data/ratis/b63a78e3-eac6-452e-9138-9e577e470e09 has been successfully formatted.
2022-06-19 13:06:06,931 [pool-397-thread-1] INFO  ratis.ContainerStateMachine (ContainerStateMachine.java:loadSnapshot(236)) - group-9E577E470E09: The snapshot info is null. Setting the last applied indexto:(t:0, i:~)
2022-06-19 13:06:06,931 [EventQueue-PipelineReportForPipelineReportHandler] INFO  pipeline.PipelineManagerImpl (PipelineManagerImpl.java:openPipeline(356)) - Pipeline Pipeline[ Id: b63a78e3-eac6-452e-9138-9e577e470e09, Nodes: 341760f9-9112-44c5-a769-73cddc41fbf7{ip: 10.1.0.4, host: fv-az58-449.32bp4kehjaiexiom31oljkjdjg.cx.internal.cloudapp.net, ports: [REPLICATION=33487, RATIS=35617, RATIS_ADMIN=35617, RATIS_SERVER=35617, STANDALONE=44335], networkLocation: /default-rack, certSerialId: null, persistedOpState: IN_SERVICE, persistedOpStateExpiryEpochSec: 0}, ReplicationConfig: RATIS/ONE, State:ALLOCATED, leaderId:341760f9-9112-44c5-a769-73cddc41fbf7, CreationTimestamp2022-06-19T13:06:03.913Z[Etc/UTC]] moved to OPEN state
2022-06-19 13:06:06,931 [EventQueue-OpenPipelineForHealthyPipelineSafeModeRule] INFO  safemode.SCMSafeModeManager (HealthyPipelineSafeModeRule.java:process(124)) - SCM in safe mode. Healthy pipelines reported count is 0, required healthy pipeline reported count is 1
2022-06-19 13:06:06,933 [pool-397-thread-1] INFO  server.RaftServerConfigKeys (ConfUtils.java:logGet(46)) - raft.server.notification.no-leader.timeout = 300s (custom)
2022-06-19 13:06:06,933 [pool-397-thread-1] INFO  server.RaftServerConfigKeys (ConfUtils.java:logGet(46)) - raft.server.log.use.memory = false (default)
2022-06-19 13:06:06,933 [pool-397-thread-1] INFO  server.RaftServerConfigKeys (ConfUtils.java:logGet(46)) - raft.server.log.purge.gap = 1000000 (custom)
2022-06-19 13:06:06,933 [pool-397-thread-1] INFO  server.RaftServerConfigKeys (ConfUtils.java:logGet(46)) - raft.server.log.appender.buffer.byte-limit = 33554432 (custom)
2022-06-19 13:06:06,933 [pool-397-thread-1] INFO  server.RaftServerConfigKeys (ConfUtils.java:logGet(46)) - raft.server.log.statemachine.data.read.timeout = 1000ms (default)
2022-06-19 13:06:06,934 [pool-397-thread-1] INFO  server.RaftServerConfigKeys (ConfUtils.java:logGet(46)) - raft.server.log.segment.size.max = 1048576 (custom)
2022-06-19 13:06:06,934 [pool-397-thread-1] INFO  server.RaftServerConfigKeys (ConfUtils.java:logGet(46)) - raft.server.log.segment.cache.num.max = 2 (custom)
2022-06-19 13:06:06,934 [pool-397-thread-1] INFO  server.RaftServerConfigKeys (ConfUtils.java:logGet(46)) - raft.server.log.segment.cache.size.max = 200MB (=209715200) (default)
2022-06-19 13:06:06,934 [pool-397-thread-1] INFO  segmented.SegmentedRaftLogWorker (SegmentedRaftLogWorker.java:<init>(187)) - new 341760f9-9112-44c5-a769-73cddc41fbf7@group-9E577E470E09-SegmentedRaftLogWorker for RaftStorageImpl:Storage Directory /home/runner/work/ozone/ozone/hadoop-ozone/integration-test/target/test-dir/MiniOzoneClusterImpl-2d0576aa-8de3-4753-8d37-6309ac1803f7/datanode-4/data/ratis/b63a78e3-eac6-452e-9138-9e577e470e09
2022-06-19 13:06:06,934 [pool-397-thread-1] INFO  server.RaftServerConfigKeys (ConfUtils.java:logGet(46)) - raft.server.log.queue.byte-limit = 4294967296 (custom)
2022-06-19 13:06:06,934 [pool-397-thread-1] INFO  server.RaftServerConfigKeys (ConfUtils.java:logGet(46)) - raft.server.log.queue.element-limit = 1024 (custom)
2022-06-19 13:06:06,934 [pool-397-thread-1] INFO  server.RaftServerConfigKeys (ConfUtils.java:logGet(46)) - raft.server.log.segment.size.max = 1048576 (custom)
2022-06-19 13:06:06,934 [pool-397-thread-1] INFO  server.RaftServerConfigKeys (ConfUtils.java:logGet(46)) - raft.server.log.preallocated.size = 16384 (custom)
2022-06-19 13:06:06,934 [pool-397-thread-1] INFO  server.RaftServerConfigKeys (ConfUtils.java:logGet(46)) - raft.server.log.force.sync.num = 128 (default)
2022-06-19 13:06:06,934 [pool-397-thread-1] INFO  server.RaftServerConfigKeys (ConfUtils.java:logGet(46)) - raft.server.log.statemachine.data.sync = true (default)
2022-06-19 13:06:06,934 [pool-397-thread-1] INFO  server.RaftServerConfigKeys (ConfUtils.java:logGet(46)) - raft.server.log.statemachine.data.sync.timeout = 10s (default)
2022-06-19 13:06:06,934 [pool-397-thread-1] INFO  server.RaftServerConfigKeys (ConfUtils.java:logGet(46)) - raft.server.log.statemachine.data.sync.timeout.retry = -1 (default)
2022-06-19 13:06:06,935 [pool-397-thread-1] INFO  server.RaftServerConfigKeys (ConfUtils.java:logGet(46)) - raft.server.log.write.buffer.size = 1048576 (custom)
2022-06-19 13:06:06,935 [pool-397-thread-1] INFO  server.RaftServerConfigKeys (ConfUtils.java:logGet(46)) - raft.server.log.unsafe-flush.enabled = false (default)
2022-06-19 13:06:06,935 [pool-397-thread-1] INFO  server.RaftServerConfigKeys (ConfUtils.java:logGet(46)) - raft.server.log.statemachine.data.caching.enabled = true (custom)
2022-06-19 13:06:06,939 [pool-397-thread-1] INFO  segmented.SegmentedRaftLogWorker (SegmentedRaftLogWorker.java:lambda$new$0(135)) - 341760f9-9112-44c5-a769-73cddc41fbf7@group-9E577E470E09-SegmentedRaftLogWorker: flushIndex: setUnconditionally 0 -> -1
2022-06-19 13:06:06,939 [pool-397-thread-1] INFO  segmented.SegmentedRaftLogWorker (SegmentedRaftLogWorker.java:lambda$new$0(135)) - 341760f9-9112-44c5-a769-73cddc41fbf7@group-9E577E470E09-SegmentedRaftLogWorker: safeCacheEvictIndex: setUnconditionally 0 -> -1
2022-06-19 13:06:06,953 [pool-397-thread-1] INFO  server.RaftServerConfigKeys (ConfUtils.java:logGet(46)) - raft.server.snapshot.auto.trigger.enabled = true (custom)
2022-06-19 13:06:06,953 [pool-397-thread-1] INFO  server.RaftServerConfigKeys (ConfUtils.java:logGet(46)) - raft.server.snapshot.auto.trigger.threshold = 10000 (custom)
2022-06-19 13:06:06,953 [pool-397-thread-1] INFO  server.RaftServerConfigKeys (ConfUtils.java:logGet(46)) - raft.server.snapshot.retention.file.num = 5 (custom)
2022-06-19 13:06:06,953 [pool-397-thread-1] INFO  server.RaftServerConfigKeys (ConfUtils.java:logGet(46)) - raft.server.log.purge.upto.snapshot.index = false (default)
2022-06-19 13:06:06,953 [pool-397-thread-1] INFO  server.RaftServerConfigKeys (ConfUtils.java:logGet(46)) - raft.server.retrycache.expirytime = 600000ms (custom)
2022-06-19 13:06:06,953 [pool-397-thread-1] INFO  server.RaftServerConfigKeys (ConfUtils.java:logGet(46)) - raft.server.retrycache.statistics.expirytime = 100μs (default)
2022-06-19 13:06:06,954 [pool-397-thread-1] INFO  server.RaftServerConfigKeys (ConfUtils.java:logGet(46)) - raft.server.log.appender.install.snapshot.enabled = false (custom)
2022-06-19 13:06:06,954 [pool-397-thread-1] INFO  server.RaftServerConfigKeys (ConfUtils.java:logGet(46)) - raft.server.threadpool.server.cached = true (default)
2022-06-19 13:06:06,954 [pool-397-thread-1] INFO  server.RaftServerConfigKeys (ConfUtils.java:logGet(46)) - raft.server.threadpool.server.size = 0 (default)
2022-06-19 13:06:06,954 [pool-397-thread-1] INFO  server.RaftServerConfigKeys (ConfUtils.java:logGet(46)) - raft.server.threadpool.client.cached = true (default)
2022-06-19 13:06:06,954 [pool-397-thread-1] INFO  server.RaftServerConfigKeys (ConfUtils.java:logGet(46)) - raft.server.threadpool.client.size = 0 (default)
2022-06-19 13:06:06,955 [pool-397-thread-1] INFO  server.RaftServer$Division (RaftServerImpl.java:start(310)) - 341760f9-9112-44c5-a769-73cddc41fbf7@group-9E577E470E09: start as a follower, conf=-1: [341760f9-9112-44c5-a769-73cddc41fbf7|rpc:10.1.0.4:35617|priority:1], old=null
2022-06-19 13:06:06,955 [pool-397-thread-1] INFO  server.RaftServer$Division (RaftServerImpl.java:setRole(299)) - 341760f9-9112-44c5-a769-73cddc41fbf7@group-9E577E470E09: changes role from      null to FOLLOWER at term 0 for startAsFollower
2022-06-19 13:06:06,955 [pool-397-thread-1] INFO  impl.RoleInfo (RoleInfo.java:updateAndGet(139)) - 341760f9-9112-44c5-a769-73cddc41fbf7: start 341760f9-9112-44c5-a769-73cddc41fbf7@group-9E577E470E09-FollowerState
2022-06-19 13:06:06,974 [pool-397-thread-1] INFO  util.JmxRegister (JmxRegister.java:tryRegister(44)) - Successfully registered JMX Bean with object name Ratis:service=RaftServer,group=group-9E577E470E09,id=341760f9-9112-44c5-a769-73cddc41fbf7
2022-06-19 13:06:06,984 [Command processor thread] INFO  ratis.XceiverServerRatis (XceiverServerRatis.java:addGroup(765)) - Created group PipelineID=b63a78e3-eac6-452e-9138-9e577e470e09
2022-06-19 13:06:06,984 [Command processor thread] INFO  commandhandler.CreatePipelineCommandHandler (CreatePipelineCommandHandler.java:handle(113)) - Created Pipeline RATIS ONE PipelineID=b63a78e3-eac6-452e-9138-9e577e470e09.
2022-06-19 13:06:07,848 [Listener at 127.0.0.1/45241] INFO  ozone.MiniOzoneClusterImpl (MiniOzoneClusterImpl.java:lambda$waitForClusterToBeReady$0(221)) - Nodes are ready. Got 5 of 5 DN Heartbeats.
2022-06-19 13:06:07,848 [Listener at 127.0.0.1/45241] INFO  ozone.MiniOzoneClusterImpl (MiniOzoneClusterImpl.java:lambda$waitForClusterToBeReady$0(224)) - Waiting for cluster to exit safe mode
2022-06-19 13:06:07,848 [Listener at 127.0.0.1/45241] INFO  ozone.MiniOzoneClusterImpl (MiniOzoneClusterImpl.java:lambda$waitForClusterToBeReady$0(226)) - SCM became leader
2022-06-19 13:06:08,328 [4c567ed0-77bc-421a-955e-b14cad69b772@group-4B69A0B6D22F-FollowerState] INFO  impl.FollowerState (FollowerState.java:run(143)) - 4c567ed0-77bc-421a-955e-b14cad69b772@group-4B69A0B6D22F-FollowerState: change to CANDIDATE, lastRpcElapsedTime:5071210556ns, electionTimeout:5059ms
2022-06-19 13:06:08,329 [4c567ed0-77bc-421a-955e-b14cad69b772@group-4B69A0B6D22F-FollowerState] INFO  impl.RoleInfo (RoleInfo.java:shutdownFollowerState(110)) - 4c567ed0-77bc-421a-955e-b14cad69b772: shutdown 4c567ed0-77bc-421a-955e-b14cad69b772@group-4B69A0B6D22F-FollowerState
2022-06-19 13:06:08,329 [4c567ed0-77bc-421a-955e-b14cad69b772@group-4B69A0B6D22F-FollowerState] INFO  server.RaftServer$Division (RaftServerImpl.java:setRole(299)) - 4c567ed0-77bc-421a-955e-b14cad69b772@group-4B69A0B6D22F: changes role from  FOLLOWER to CANDIDATE at term 0 for changeToCandidate
2022-06-19 13:06:08,329 [4c567ed0-77bc-421a-955e-b14cad69b772@group-4B69A0B6D22F-FollowerState] INFO  server.RaftServerConfigKeys (ConfUtils.java:logGet(46)) - raft.server.leaderelection.pre-vote = false (custom)
2022-06-19 13:06:08,329 [4c567ed0-77bc-421a-955e-b14cad69b772@group-4B69A0B6D22F-FollowerState] INFO  impl.RoleInfo (RoleInfo.java:updateAndGet(139)) - 4c567ed0-77bc-421a-955e-b14cad69b772: start 4c567ed0-77bc-421a-955e-b14cad69b772@group-4B69A0B6D22F-LeaderElection20
2022-06-19 13:06:08,345 [4c567ed0-77bc-421a-955e-b14cad69b772@group-368A290A64C7-FollowerState] INFO  impl.FollowerState (FollowerState.java:run(143)) - 4c567ed0-77bc-421a-955e-b14cad69b772@group-368A290A64C7-FollowerState: change to CANDIDATE, lastRpcElapsedTime:5109757920ns, electionTimeout:5095ms
2022-06-19 13:06:08,353 [4c567ed0-77bc-421a-955e-b14cad69b772@group-368A290A64C7-FollowerState] INFO  impl.RoleInfo (RoleInfo.java:shutdownFollowerState(110)) - 4c567ed0-77bc-421a-955e-b14cad69b772: shutdown 4c567ed0-77bc-421a-955e-b14cad69b772@group-368A290A64C7-FollowerState
2022-06-19 13:06:08,367 [4c567ed0-77bc-421a-955e-b14cad69b772@group-368A290A64C7-FollowerState] INFO  server.RaftServer$Division (RaftServerImpl.java:setRole(299)) - 4c567ed0-77bc-421a-955e-b14cad69b772@group-368A290A64C7: changes role from  FOLLOWER to CANDIDATE at term 0 for changeToCandidate
2022-06-19 13:06:08,367 [4c567ed0-77bc-421a-955e-b14cad69b772@group-368A290A64C7-FollowerState] INFO  server.RaftServerConfigKeys (ConfUtils.java:logGet(46)) - raft.server.leaderelection.pre-vote = false (custom)
2022-06-19 13:06:08,367 [4c567ed0-77bc-421a-955e-b14cad69b772@group-368A290A64C7-FollowerState] INFO  impl.RoleInfo (RoleInfo.java:updateAndGet(139)) - 4c567ed0-77bc-421a-955e-b14cad69b772: start 4c567ed0-77bc-421a-955e-b14cad69b772@group-368A290A64C7-LeaderElection21
2022-06-19 13:06:08,369 [4c567ed0-77bc-421a-955e-b14cad69b772@group-4B69A0B6D22F-LeaderElection20] INFO  impl.LeaderElection (LeaderElection.java:askForVotes(310)) - 4c567ed0-77bc-421a-955e-b14cad69b772@group-4B69A0B6D22F-LeaderElection20 ELECTION round 0: submit vote requests at term 1 for -1: [4c567ed0-77bc-421a-955e-b14cad69b772|rpc:10.1.0.4:35081|priority:0, 41970804-e726-44f7-9f9f-c691618d1097|rpc:10.1.0.4:45369|priority:0, 6b51f01e-b5c0-4678-b58a-fec8e2165d46|rpc:10.1.0.4:40853|priority:1], old=null
2022-06-19 13:06:08,409 [6b51f01e-b5c0-4678-b58a-fec8e2165d46@group-4B69A0B6D22F-FollowerState] INFO  impl.FollowerState (FollowerState.java:run(143)) - 6b51f01e-b5c0-4678-b58a-fec8e2165d46@group-4B69A0B6D22F-FollowerState: change to CANDIDATE, lastRpcElapsedTime:5015922443ns, electionTimeout:5004ms
2022-06-19 13:06:08,409 [6b51f01e-b5c0-4678-b58a-fec8e2165d46@group-4B69A0B6D22F-FollowerState] INFO  impl.RoleInfo (RoleInfo.java:shutdownFollowerState(110)) - 6b51f01e-b5c0-4678-b58a-fec8e2165d46: shutdown 6b51f01e-b5c0-4678-b58a-fec8e2165d46@group-4B69A0B6D22F-FollowerState
2022-06-19 13:06:08,410 [6b51f01e-b5c0-4678-b58a-fec8e2165d46@group-4B69A0B6D22F-FollowerState] INFO  server.RaftServer$Division (RaftServerImpl.java:setRole(299)) - 6b51f01e-b5c0-4678-b58a-fec8e2165d46@group-4B69A0B6D22F: changes role from  FOLLOWER to CANDIDATE at term 0 for changeToCandidate
2022-06-19 13:06:08,410 [6b51f01e-b5c0-4678-b58a-fec8e2165d46@group-4B69A0B6D22F-FollowerState] INFO  server.RaftServerConfigKeys (ConfUtils.java:logGet(46)) - raft.server.leaderelection.pre-vote = false (custom)
2022-06-19 13:06:08,410 [6b51f01e-b5c0-4678-b58a-fec8e2165d46@group-4B69A0B6D22F-FollowerState] INFO  impl.RoleInfo (RoleInfo.java:updateAndGet(139)) - 6b51f01e-b5c0-4678-b58a-fec8e2165d46: start 6b51f01e-b5c0-4678-b58a-fec8e2165d46@group-4B69A0B6D22F-LeaderElection22
2022-06-19 13:06:08,415 [4c567ed0-77bc-421a-955e-b14cad69b772@group-368A290A64C7-LeaderElection21] INFO  impl.LeaderElection (LeaderElection.java:askForVotes(310)) - 4c567ed0-77bc-421a-955e-b14cad69b772@group-368A290A64C7-LeaderElection21 ELECTION round 0: submit vote requests at term 1 for -1: [4c567ed0-77bc-421a-955e-b14cad69b772|rpc:10.1.0.4:35081|priority:1], old=null
2022-06-19 13:06:08,415 [4c567ed0-77bc-421a-955e-b14cad69b772@group-368A290A64C7-LeaderElection21] INFO  impl.LeaderElection (LeaderElection.java:askForVotes(312)) - 4c567ed0-77bc-421a-955e-b14cad69b772@group-368A290A64C7-LeaderElection21 ELECTION round 0: result PASSED (term=1)
2022-06-19 13:06:08,415 [4c567ed0-77bc-421a-955e-b14cad69b772@group-368A290A64C7-LeaderElection21] INFO  impl.RoleInfo (RoleInfo.java:shutdownLeaderElection(130)) - 4c567ed0-77bc-421a-955e-b14cad69b772: shutdown 4c567ed0-77bc-421a-955e-b14cad69b772@group-368A290A64C7-LeaderElection21
2022-06-19 13:06:08,415 [4c567ed0-77bc-421a-955e-b14cad69b772@group-368A290A64C7-LeaderElection21] INFO  server.RaftServer$Division (RaftServerImpl.java:setRole(299)) - 4c567ed0-77bc-421a-955e-b14cad69b772@group-368A290A64C7: changes role from CANDIDATE to LEADER at term 1 for changeToLeader
2022-06-19 13:06:08,415 [4c567ed0-77bc-421a-955e-b14cad69b772@group-368A290A64C7-LeaderElection21] INFO  ratis.XceiverServerRatis (XceiverServerRatis.java:handleLeaderChangedNotification(863)) - Leader change notification received for group: group-368A290A64C7 with new leaderId: 4c567ed0-77bc-421a-955e-b14cad69b772
2022-06-19 13:06:08,427 [4c567ed0-77bc-421a-955e-b14cad69b772@group-368A290A64C7-LeaderElection21] INFO  server.RaftServer$Division (ServerState.java:setLeader(287)) - 4c567ed0-77bc-421a-955e-b14cad69b772@group-368A290A64C7: change Leader from null to 4c567ed0-77bc-421a-955e-b14cad69b772 at term 1 for becomeLeader, leader elected after 5216ms
2022-06-19 13:06:08,427 [4c567ed0-77bc-421a-955e-b14cad69b772@group-368A290A64C7-LeaderElection21] INFO  server.RaftServerConfigKeys (ConfUtils.java:logGet(46)) - raft.server.staging.catchup.gap = 1000 (default)
2022-06-19 13:06:08,427 [4c567ed0-77bc-421a-955e-b14cad69b772@group-368A290A64C7-LeaderElection21] INFO  server.RaftServerConfigKeys (ConfUtils.java:logGet(46)) - raft.server.write.element-limit = 1024 (custom)
2022-06-19 13:06:08,427 [4c567ed0-77bc-421a-955e-b14cad69b772@group-368A290A64C7-LeaderElection21] INFO  server.RaftServerConfigKeys (ConfUtils.java:logGet(46)) - raft.server.write.byte-limit = 1024 M (=1073741824) (custom)
2022-06-19 13:06:08,428 [4c567ed0-77bc-421a-955e-b14cad69b772@group-368A290A64C7-LeaderElection21] INFO  server.RaftServerConfigKeys (ConfUtils.java:logGet(46)) - raft.server.watch.timeout = 180s (custom)
2022-06-19 13:06:08,428 [4c567ed0-77bc-421a-955e-b14cad69b772@group-368A290A64C7-LeaderElection21] INFO  server.RaftServerConfigKeys (ConfUtils.java:logGet(46)) - raft.server.watch.timeout.denomination = 1s (default)
2022-06-19 13:06:08,428 [4c567ed0-77bc-421a-955e-b14cad69b772@group-368A290A64C7-LeaderElection21] INFO  server.RaftServerConfigKeys (ConfUtils.java:logGet(46)) - raft.server.watch.element-limit = 65536 (default)
2022-06-19 13:06:08,428 [4c567ed0-77bc-421a-955e-b14cad69b772@group-368A290A64C7-LeaderElection21] INFO  server.RaftServerConfigKeys (ConfUtils.java:logGet(46)) - raft.server.write.element-limit = 1024 (custom)
2022-06-19 13:06:08,428 [4c567ed0-77bc-421a-955e-b14cad69b772@group-368A290A64C7-LeaderElection21] INFO  server.RaftServerConfigKeys (ConfUtils.java:logGet(46)) - raft.server.write.follower.gap.ratio.max = -1.0 (default)
2022-06-19 13:06:08,428 [4c567ed0-77bc-421a-955e-b14cad69b772@group-368A290A64C7-LeaderElection21] INFO  impl.RoleInfo (RoleInfo.java:updateAndGet(139)) - 4c567ed0-77bc-421a-955e-b14cad69b772: start 4c567ed0-77bc-421a-955e-b14cad69b772@group-368A290A64C7-LeaderStateImpl
2022-06-19 13:06:08,428 [4c567ed0-77bc-421a-955e-b14cad69b772@group-368A290A64C7-LeaderElection21] INFO  segmented.SegmentedRaftLogWorker (SegmentedRaftLogWorker.java:startLogSegment(425)) - 4c567ed0-77bc-421a-955e-b14cad69b772@group-368A290A64C7-SegmentedRaftLogWorker: Starting segment from index:0
2022-06-19 13:06:08,434 [EventQueue-OpenPipelineForHealthyPipelineSafeModeRule] INFO  safemode.SCMSafeModeManager (HealthyPipelineSafeModeRule.java:process(124)) - SCM in safe mode. Healthy pipelines reported count is 0, required healthy pipeline reported count is 1
2022-06-19 13:06:08,437 [4c567ed0-77bc-421a-955e-b14cad69b772@group-368A290A64C7-SegmentedRaftLogWorker] INFO  segmented.SegmentedRaftLogWorker (SegmentedRaftLogWorker.java:execute(629)) - 4c567ed0-77bc-421a-955e-b14cad69b772@group-368A290A64C7-SegmentedRaftLogWorker: created new log segment /home/runner/work/ozone/ozone/hadoop-ozone/integration-test/target/test-dir/MiniOzoneClusterImpl-2d0576aa-8de3-4753-8d37-6309ac1803f7/datanode-0/data/ratis/33bfe05f-6c10-4064-8319-368a290a64c7/current/log_inprogress_0
2022-06-19 13:06:08,479 [grpc-default-executor-0] INFO  server.RaftServer$Division (RaftServerImpl.java:requestVote(1152)) - 41970804-e726-44f7-9f9f-c691618d1097@group-4B69A0B6D22F: receive requestVote(ELECTION, 4c567ed0-77bc-421a-955e-b14cad69b772, group-4B69A0B6D22F, 1, (t:0, i:0))
2022-06-19 13:06:08,479 [grpc-default-executor-0] INFO  impl.VoteContext (VoteContext.java:log(48)) - 41970804-e726-44f7-9f9f-c691618d1097@group-4B69A0B6D22F-FOLLOWER: accept ELECTION from 4c567ed0-77bc-421a-955e-b14cad69b772: our priority 0 <= candidate's priority 0
2022-06-19 13:06:08,479 [grpc-default-executor-0] INFO  server.RaftServer$Division (RaftServerImpl.java:setRole(299)) - 41970804-e726-44f7-9f9f-c691618d1097@group-4B69A0B6D22F: changes role from  FOLLOWER to FOLLOWER at term 1 for candidate:4c567ed0-77bc-421a-955e-b14cad69b772
2022-06-19 13:06:08,479 [grpc-default-executor-0] INFO  impl.RoleInfo (RoleInfo.java:shutdownFollowerState(110)) - 41970804-e726-44f7-9f9f-c691618d1097: shutdown 41970804-e726-44f7-9f9f-c691618d1097@group-4B69A0B6D22F-FollowerState
2022-06-19 13:06:08,479 [grpc-default-executor-0] INFO  impl.RoleInfo (RoleInfo.java:updateAndGet(139)) - 41970804-e726-44f7-9f9f-c691618d1097: start 41970804-e726-44f7-9f9f-c691618d1097@group-4B69A0B6D22F-FollowerState
2022-06-19 13:06:08,479 [4c567ed0-77bc-421a-955e-b14cad69b772@group-368A290A64C7-LeaderElection21] INFO  server.RaftServer$Division (ServerState.java:setRaftConf(393)) - 4c567ed0-77bc-421a-955e-b14cad69b772@group-368A290A64C7: set configuration 0: [4c567ed0-77bc-421a-955e-b14cad69b772|rpc:10.1.0.4:35081|dataStream:|priority:1], old=null
2022-06-19 13:06:08,479 [41970804-e726-44f7-9f9f-c691618d1097@group-4B69A0B6D22F-FollowerState] INFO  impl.FollowerState (FollowerState.java:run(152)) - 41970804-e726-44f7-9f9f-c691618d1097@group-4B69A0B6D22F-FollowerState was interrupted
2022-06-19 13:06:08,481 [6b51f01e-b5c0-4678-b58a-fec8e2165d46@group-4B69A0B6D22F-LeaderElection22] INFO  impl.LeaderElection (LeaderElection.java:askForVotes(310)) - 6b51f01e-b5c0-4678-b58a-fec8e2165d46@group-4B69A0B6D22F-LeaderElection22 ELECTION round 0: submit vote requests at term 1 for -1: [4c567ed0-77bc-421a-955e-b14cad69b772|rpc:10.1.0.4:35081|dataStream:|priority:0, 41970804-e726-44f7-9f9f-c691618d1097|rpc:10.1.0.4:45369|dataStream:|priority:0, 6b51f01e-b5c0-4678-b58a-fec8e2165d46|rpc:10.1.0.4:40853|dataStream:|priority:1], old=null
2022-06-19 13:06:08,490 [grpc-default-executor-0] INFO  server.RaftServer$Division (RaftServerImpl.java:requestVote(1184)) - 41970804-e726-44f7-9f9f-c691618d1097@group-4B69A0B6D22F replies to ELECTION vote request: 4c567ed0-77bc-421a-955e-b14cad69b772<-41970804-e726-44f7-9f9f-c691618d1097#0:OK-t1. Peer's state: 41970804-e726-44f7-9f9f-c691618d1097@group-4B69A0B6D22F:t1, leader=null, voted=4c567ed0-77bc-421a-955e-b14cad69b772, raftlog=41970804-e726-44f7-9f9f-c691618d1097@group-4B69A0B6D22F-SegmentedRaftLog:OPENED:c-1, conf=-1: [4c567ed0-77bc-421a-955e-b14cad69b772|rpc:10.1.0.4:35081|dataStream:|priority:0, 41970804-e726-44f7-9f9f-c691618d1097|rpc:10.1.0.4:45369|dataStream:|priority:0, 6b51f01e-b5c0-4678-b58a-fec8e2165d46|rpc:10.1.0.4:40853|dataStream:|priority:1], old=null
2022-06-19 13:06:08,522 [grpc-default-executor-1] INFO  server.RaftServer$Division (RaftServerImpl.java:requestVote(1152)) - 6b51f01e-b5c0-4678-b58a-fec8e2165d46@group-4B69A0B6D22F: receive requestVote(ELECTION, 4c567ed0-77bc-421a-955e-b14cad69b772, group-4B69A0B6D22F, 1, (t:0, i:0))
2022-06-19 13:06:08,522 [grpc-default-executor-1] INFO  impl.VoteContext (VoteContext.java:log(48)) - 6b51f01e-b5c0-4678-b58a-fec8e2165d46@group-4B69A0B6D22F-CANDIDATE: reject ELECTION from 4c567ed0-77bc-421a-955e-b14cad69b772: already has voted for 6b51f01e-b5c0-4678-b58a-fec8e2165d46 at current term 1
2022-06-19 13:06:08,522 [grpc-default-executor-1] INFO  server.RaftServer$Division (RaftServerImpl.java:requestVote(1184)) - 6b51f01e-b5c0-4678-b58a-fec8e2165d46@group-4B69A0B6D22F replies to ELECTION vote request: 4c567ed0-77bc-421a-955e-b14cad69b772<-6b51f01e-b5c0-4678-b58a-fec8e2165d46#0:FAIL-t1. Peer's state: 6b51f01e-b5c0-4678-b58a-fec8e2165d46@group-4B69A0B6D22F:t1, leader=null, voted=6b51f01e-b5c0-4678-b58a-fec8e2165d46, raftlog=6b51f01e-b5c0-4678-b58a-fec8e2165d46@group-4B69A0B6D22F-SegmentedRaftLog:OPENED:c-1, conf=-1: [4c567ed0-77bc-421a-955e-b14cad69b772|rpc:10.1.0.4:35081|dataStream:|priority:0, 41970804-e726-44f7-9f9f-c691618d1097|rpc:10.1.0.4:45369|dataStream:|priority:0, 6b51f01e-b5c0-4678-b58a-fec8e2165d46|rpc:10.1.0.4:40853|dataStream:|priority:1], old=null
2022-06-19 13:06:08,524 [4c567ed0-77bc-421a-955e-b14cad69b772@group-4B69A0B6D22F-LeaderElection20] INFO  impl.LeaderElection (LeaderElection.java:logAndReturn(90)) - 4c567ed0-77bc-421a-955e-b14cad69b772@group-4B69A0B6D22F-LeaderElection20: ELECTION REJECTED received 2 response(s) and 0 exception(s):
2022-06-19 13:06:08,524 [4c567ed0-77bc-421a-955e-b14cad69b772@group-4B69A0B6D22F-LeaderElection20] INFO  impl.LeaderElection (LeaderElection.java:logAndReturn(94)) -   Response 0: 4c567ed0-77bc-421a-955e-b14cad69b772<-41970804-e726-44f7-9f9f-c691618d1097#0:OK-t1
2022-06-19 13:06:08,524 [4c567ed0-77bc-421a-955e-b14cad69b772@group-4B69A0B6D22F-LeaderElection20] INFO  impl.LeaderElection (LeaderElection.java:logAndReturn(94)) -   Response 1: 4c567ed0-77bc-421a-955e-b14cad69b772<-6b51f01e-b5c0-4678-b58a-fec8e2165d46#0:FAIL-t1
2022-06-19 13:06:08,524 [4c567ed0-77bc-421a-955e-b14cad69b772@group-4B69A0B6D22F-LeaderElection20] INFO  impl.LeaderElection (LeaderElection.java:askForVotes(312)) - 4c567ed0-77bc-421a-955e-b14cad69b772@group-4B69A0B6D22F-LeaderElection20 ELECTION round 0: result REJECTED
2022-06-19 13:06:08,524 [4c567ed0-77bc-421a-955e-b14cad69b772@group-4B69A0B6D22F-LeaderElection20] INFO  server.RaftServer$Division (RaftServerImpl.java:setRole(299)) - 4c567ed0-77bc-421a-955e-b14cad69b772@group-4B69A0B6D22F: changes role from CANDIDATE to FOLLOWER at term 1 for REJECTED
2022-06-19 13:06:08,524 [4c567ed0-77bc-421a-955e-b14cad69b772@group-4B69A0B6D22F-LeaderElection20] INFO  impl.RoleInfo (RoleInfo.java:shutdownLeaderElection(130)) - 4c567ed0-77bc-421a-955e-b14cad69b772: shutdown 4c567ed0-77bc-421a-955e-b14cad69b772@group-4B69A0B6D22F-LeaderElection20
2022-06-19 13:06:08,524 [4c567ed0-77bc-421a-955e-b14cad69b772@group-4B69A0B6D22F-LeaderElection20] INFO  impl.RoleInfo (RoleInfo.java:updateAndGet(139)) - 4c567ed0-77bc-421a-955e-b14cad69b772: start 4c567ed0-77bc-421a-955e-b14cad69b772@group-4B69A0B6D22F-FollowerState
2022-06-19 13:06:08,547 [4c567ed0-77bc-421a-955e-b14cad69b772@group-8DB3B69C40A1-FollowerState] INFO  impl.FollowerState (FollowerState.java:run(143)) - 4c567ed0-77bc-421a-955e-b14cad69b772@group-8DB3B69C40A1-FollowerState: change to CANDIDATE, lastRpcElapsedTime:5012398686ns, electionTimeout:5004ms
2022-06-19 13:06:08,547 [4c567ed0-77bc-421a-955e-b14cad69b772@group-8DB3B69C40A1-FollowerState] INFO  impl.RoleInfo (RoleInfo.java:shutdownFollowerState(110)) - 4c567ed0-77bc-421a-955e-b14cad69b772: shutdown 4c567ed0-77bc-421a-955e-b14cad69b772@group-8DB3B69C40A1-FollowerState
2022-06-19 13:06:08,547 [4c567ed0-77bc-421a-955e-b14cad69b772@group-8DB3B69C40A1-FollowerState] INFO  server.RaftServer$Division (RaftServerImpl.java:setRole(299)) - 4c567ed0-77bc-421a-955e-b14cad69b772@group-8DB3B69C40A1: changes role from  FOLLOWER to CANDIDATE at term 0 for changeToCandidate
2022-06-19 13:06:08,547 [4c567ed0-77bc-421a-955e-b14cad69b772@group-8DB3B69C40A1-FollowerState] INFO  server.RaftServerConfigKeys (ConfUtils.java:logGet(46)) - raft.server.leaderelection.pre-vote = false (custom)
2022-06-19 13:06:08,547 [4c567ed0-77bc-421a-955e-b14cad69b772@group-8DB3B69C40A1-FollowerState] INFO  impl.RoleInfo (RoleInfo.java:updateAndGet(139)) - 4c567ed0-77bc-421a-955e-b14cad69b772: start 4c567ed0-77bc-421a-955e-b14cad69b772@group-8DB3B69C40A1-LeaderElection23
2022-06-19 13:06:08,591 [4c567ed0-77bc-421a-955e-b14cad69b772@group-8DB3B69C40A1-LeaderElection23] INFO  impl.LeaderElection (LeaderElection.java:askForVotes(310)) - 4c567ed0-77bc-421a-955e-b14cad69b772@group-8DB3B69C40A1-LeaderElection23 ELECTION round 0: submit vote requests at term 1 for -1: [4c567ed0-77bc-421a-955e-b14cad69b772|rpc:10.1.0.4:35081|priority:0, 41970804-e726-44f7-9f9f-c691618d1097|rpc:10.1.0.4:45369|priority:1, 6b51f01e-b5c0-4678-b58a-fec8e2165d46|rpc:10.1.0.4:40853|priority:0], old=null
2022-06-19 13:06:08,618 [grpc-default-executor-0] INFO  server.RaftServer$Division (RaftServerImpl.java:requestVote(1152)) - 4c567ed0-77bc-421a-955e-b14cad69b772@group-4B69A0B6D22F: receive requestVote(ELECTION, 6b51f01e-b5c0-4678-b58a-fec8e2165d46, group-4B69A0B6D22F, 1, (t:0, i:0))
2022-06-19 13:06:08,618 [grpc-default-executor-0] INFO  impl.VoteContext (VoteContext.java:log(48)) - 4c567ed0-77bc-421a-955e-b14cad69b772@group-4B69A0B6D22F-FOLLOWER: reject ELECTION from 6b51f01e-b5c0-4678-b58a-fec8e2165d46: already has voted for 4c567ed0-77bc-421a-955e-b14cad69b772 at current term 1
2022-06-19 13:06:08,618 [grpc-default-executor-0] INFO  server.RaftServer$Division (RaftServerImpl.java:requestVote(1184)) - 4c567ed0-77bc-421a-955e-b14cad69b772@group-4B69A0B6D22F replies to ELECTION vote request: 6b51f01e-b5c0-4678-b58a-fec8e2165d46<-4c567ed0-77bc-421a-955e-b14cad69b772#0:FAIL-t1. Peer's state: 4c567ed0-77bc-421a-955e-b14cad69b772@group-4B69A0B6D22F:t1, leader=null, voted=4c567ed0-77bc-421a-955e-b14cad69b772, raftlog=4c567ed0-77bc-421a-955e-b14cad69b772@group-4B69A0B6D22F-SegmentedRaftLog:OPENED:c-1, conf=-1: [4c567ed0-77bc-421a-955e-b14cad69b772|rpc:10.1.0.4:35081|priority:0, 41970804-e726-44f7-9f9f-c691618d1097|rpc:10.1.0.4:45369|priority:0, 6b51f01e-b5c0-4678-b58a-fec8e2165d46|rpc:10.1.0.4:40853|priority:1], old=null
2022-06-19 13:06:08,618 [grpc-default-executor-2] INFO  server.RaftServer$Division (RaftServerImpl.java:requestVote(1152)) - 6b51f01e-b5c0-4678-b58a-fec8e2165d46@group-8DB3B69C40A1: receive requestVote(ELECTION, 4c567ed0-77bc-421a-955e-b14cad69b772, group-8DB3B69C40A1, 1, (t:0, i:0))
2022-06-19 13:06:08,619 [grpc-default-executor-2] INFO  impl.VoteContext (VoteContext.java:log(48)) - 6b51f01e-b5c0-4678-b58a-fec8e2165d46@group-8DB3B69C40A1-FOLLOWER: accept ELECTION from 4c567ed0-77bc-421a-955e-b14cad69b772: our priority 0 <= candidate's priority 0
2022-06-19 13:06:08,619 [grpc-default-executor-2] INFO  server.RaftServer$Division (RaftServerImpl.java:setRole(299)) - 6b51f01e-b5c0-4678-b58a-fec8e2165d46@group-8DB3B69C40A1: changes role from  FOLLOWER to FOLLOWER at term 1 for candidate:4c567ed0-77bc-421a-955e-b14cad69b772
2022-06-19 13:06:08,619 [grpc-default-executor-2] INFO  impl.RoleInfo (RoleInfo.java:shutdownFollowerState(110)) - 6b51f01e-b5c0-4678-b58a-fec8e2165d46: shutdown 6b51f01e-b5c0-4678-b58a-fec8e2165d46@group-8DB3B69C40A1-FollowerState
2022-06-19 13:06:08,619 [grpc-default-executor-2] INFO  impl.RoleInfo (RoleInfo.java:updateAndGet(139)) - 6b51f01e-b5c0-4678-b58a-fec8e2165d46: start 6b51f01e-b5c0-4678-b58a-fec8e2165d46@group-8DB3B69C40A1-FollowerState
2022-06-19 13:06:08,619 [6b51f01e-b5c0-4678-b58a-fec8e2165d46@group-8DB3B69C40A1-FollowerState] INFO  impl.FollowerState (FollowerState.java:run(152)) - 6b51f01e-b5c0-4678-b58a-fec8e2165d46@group-8DB3B69C40A1-FollowerState was interrupted
2022-06-19 13:06:08,619 [grpc-default-executor-1] INFO  server.RaftServer$Division (RaftServerImpl.java:requestVote(1152)) - 41970804-e726-44f7-9f9f-c691618d1097@group-4B69A0B6D22F: receive requestVote(ELECTION, 6b51f01e-b5c0-4678-b58a-fec8e2165d46, group-4B69A0B6D22F, 1, (t:0, i:0))
2022-06-19 13:06:08,627 [grpc-default-executor-2] INFO  server.RaftServer$Division (RaftServerImpl.java:requestVote(1184)) - 6b51f01e-b5c0-4678-b58a-fec8e2165d46@group-8DB3B69C40A1 replies to ELECTION vote request: 4c567ed0-77bc-421a-955e-b14cad69b772<-6b51f01e-b5c0-4678-b58a-fec8e2165d46#0:OK-t1. Peer's state: 6b51f01e-b5c0-4678-b58a-fec8e2165d46@group-8DB3B69C40A1:t1, leader=null, voted=4c567ed0-77bc-421a-955e-b14cad69b772, raftlog=6b51f01e-b5c0-4678-b58a-fec8e2165d46@group-8DB3B69C40A1-SegmentedRaftLog:OPENED:c-1, conf=-1: [4c567ed0-77bc-421a-955e-b14cad69b772|rpc:10.1.0.4:35081|dataStream:|priority:0, 41970804-e726-44f7-9f9f-c691618d1097|rpc:10.1.0.4:45369|dataStream:|priority:1, 6b51f01e-b5c0-4678-b58a-fec8e2165d46|rpc:10.1.0.4:40853|dataStream:|priority:0], old=null
2022-06-19 13:06:08,641 [grpc-default-executor-1] INFO  impl.VoteContext (VoteContext.java:log(48)) - 41970804-e726-44f7-9f9f-c691618d1097@group-4B69A0B6D22F-FOLLOWER: reject ELECTION from 6b51f01e-b5c0-4678-b58a-fec8e2165d46: already has voted for 4c567ed0-77bc-421a-955e-b14cad69b772 at current term 1
2022-06-19 13:06:08,641 [grpc-default-executor-1] INFO  server.RaftServer$Division (RaftServerImpl.java:requestVote(1184)) - 41970804-e726-44f7-9f9f-c691618d1097@group-4B69A0B6D22F replies to ELECTION vote request: 6b51f01e-b5c0-4678-b58a-fec8e2165d46<-41970804-e726-44f7-9f9f-c691618d1097#0:FAIL-t1. Peer's state: 41970804-e726-44f7-9f9f-c691618d1097@group-4B69A0B6D22F:t1, leader=null, voted=4c567ed0-77bc-421a-955e-b14cad69b772, raftlog=41970804-e726-44f7-9f9f-c691618d1097@group-4B69A0B6D22F-SegmentedRaftLog:OPENED:c-1, conf=-1: [4c567ed0-77bc-421a-955e-b14cad69b772|rpc:10.1.0.4:35081|dataStream:|priority:0, 41970804-e726-44f7-9f9f-c691618d1097|rpc:10.1.0.4:45369|dataStream:|priority:0, 6b51f01e-b5c0-4678-b58a-fec8e2165d46|rpc:10.1.0.4:40853|dataStream:|priority:1], old=null
2022-06-19 13:06:08,642 [grpc-default-executor-3] INFO  server.RaftServer$Division (RaftServerImpl.java:requestVote(1152)) - 41970804-e726-44f7-9f9f-c691618d1097@group-8DB3B69C40A1: receive requestVote(ELECTION, 4c567ed0-77bc-421a-955e-b14cad69b772, group-8DB3B69C40A1, 1, (t:0, i:0))
2022-06-19 13:06:08,643 [grpc-default-executor-3] INFO  impl.VoteContext (VoteContext.java:log(48)) - 41970804-e726-44f7-9f9f-c691618d1097@group-8DB3B69C40A1-FOLLOWER: reject ELECTION from 4c567ed0-77bc-421a-955e-b14cad69b772: our priority 1 > candidate's priority 0
2022-06-19 13:06:08,643 [grpc-default-executor-3] INFO  server.RaftServer$Division (RaftServerImpl.java:setRole(299)) - 41970804-e726-44f7-9f9f-c691618d1097@group-8DB3B69C40A1: changes role from  FOLLOWER to FOLLOWER at term 1 for candidate:4c567ed0-77bc-421a-955e-b14cad69b772
2022-06-19 13:06:08,643 [grpc-default-executor-3] INFO  impl.RoleInfo (RoleInfo.java:shutdownFollowerState(110)) - 41970804-e726-44f7-9f9f-c691618d1097: shutdown 41970804-e726-44f7-9f9f-c691618d1097@group-8DB3B69C40A1-FollowerState
2022-06-19 13:06:08,643 [grpc-default-executor-3] INFO  impl.RoleInfo (RoleInfo.java:updateAndGet(139)) - 41970804-e726-44f7-9f9f-c691618d1097: start 41970804-e726-44f7-9f9f-c691618d1097@group-8DB3B69C40A1-FollowerState
2022-06-19 13:06:08,643 [41970804-e726-44f7-9f9f-c691618d1097@group-8DB3B69C40A1-FollowerState] INFO  impl.FollowerState (FollowerState.java:run(152)) - 41970804-e726-44f7-9f9f-c691618d1097@group-8DB3B69C40A1-FollowerState was interrupted
2022-06-19 13:06:08,658 [6b51f01e-b5c0-4678-b58a-fec8e2165d46@group-4B69A0B6D22F-LeaderElection22] INFO  impl.LeaderElection (LeaderElection.java:logAndReturn(90)) - 6b51f01e-b5c0-4678-b58a-fec8e2165d46@group-4B69A0B6D22F-LeaderElection22: ELECTION REJECTED received 2 response(s) and 0 exception(s):
2022-06-19 13:06:08,658 [6b51f01e-b5c0-4678-b58a-fec8e2165d46@group-4B69A0B6D22F-LeaderElection22] INFO  impl.LeaderElection (LeaderElection.java:logAndReturn(94)) -   Response 0: 6b51f01e-b5c0-4678-b58a-fec8e2165d46<-4c567ed0-77bc-421a-955e-b14cad69b772#0:FAIL-t1
2022-06-19 13:06:08,658 [6b51f01e-b5c0-4678-b58a-fec8e2165d46@group-4B69A0B6D22F-LeaderElection22] INFO  impl.LeaderElection (LeaderElection.java:logAndReturn(94)) -   Response 1: 6b51f01e-b5c0-4678-b58a-fec8e2165d46<-41970804-e726-44f7-9f9f-c691618d1097#0:FAIL-t1
2022-06-19 13:06:08,658 [6b51f01e-b5c0-4678-b58a-fec8e2165d46@group-4B69A0B6D22F-LeaderElection22] INFO  impl.LeaderElection (LeaderElection.java:askForVotes(312)) - 6b51f01e-b5c0-4678-b58a-fec8e2165d46@group-4B69A0B6D22F-LeaderElection22 ELECTION round 0: result REJECTED
2022-06-19 13:06:08,658 [6b51f01e-b5c0-4678-b58a-fec8e2165d46@group-4B69A0B6D22F-LeaderElection22] INFO  server.RaftServer$Division (RaftServerImpl.java:setRole(299)) - 6b51f01e-b5c0-4678-b58a-fec8e2165d46@group-4B69A0B6D22F: changes role from CANDIDATE to FOLLOWER at term 1 for REJECTED
2022-06-19 13:06:08,658 [6b51f01e-b5c0-4678-b58a-fec8e2165d46@group-4B69A0B6D22F-LeaderElection22] INFO  impl.RoleInfo (RoleInfo.java:shutdownLeaderElection(130)) - 6b51f01e-b5c0-4678-b58a-fec8e2165d46: shutdown 6b51f01e-b5c0-4678-b58a-fec8e2165d46@group-4B69A0B6D22F-LeaderElection22
2022-06-19 13:06:08,658 [6b51f01e-b5c0-4678-b58a-fec8e2165d46@group-4B69A0B6D22F-LeaderElection22] INFO  impl.RoleInfo (RoleInfo.java:updateAndGet(139)) - 6b51f01e-b5c0-4678-b58a-fec8e2165d46: start 6b51f01e-b5c0-4678-b58a-fec8e2165d46@group-4B69A0B6D22F-FollowerState
2022-06-19 13:06:08,661 [grpc-default-executor-3] INFO  server.RaftServer$Division (RaftServerImpl.java:requestVote(1184)) - 41970804-e726-44f7-9f9f-c691618d1097@group-8DB3B69C40A1 replies to ELECTION vote request: 4c567ed0-77bc-421a-955e-b14cad69b772<-41970804-e726-44f7-9f9f-c691618d1097#0:FAIL-t1. Peer's state: 41970804-e726-44f7-9f9f-c691618d1097@group-8DB3B69C40A1:t1, leader=null, voted=null, raftlog=41970804-e726-44f7-9f9f-c691618d1097@group-8DB3B69C40A1-SegmentedRaftLog:OPENED:c-1, conf=-1: [4c567ed0-77bc-421a-955e-b14cad69b772|rpc:10.1.0.4:35081|dataStream:|priority:0, 41970804-e726-44f7-9f9f-c691618d1097|rpc:10.1.0.4:45369|dataStream:|priority:1, 6b51f01e-b5c0-4678-b58a-fec8e2165d46|rpc:10.1.0.4:40853|dataStream:|priority:0], old=null
2022-06-19 13:06:08,662 [4c567ed0-77bc-421a-955e-b14cad69b772@group-8DB3B69C40A1-LeaderElection23] INFO  impl.LeaderElection (LeaderElection.java:logAndReturn(90)) - 4c567ed0-77bc-421a-955e-b14cad69b772@group-8DB3B69C40A1-LeaderElection23: ELECTION REJECTED received 2 response(s) and 0 exception(s):
2022-06-19 13:06:08,662 [4c567ed0-77bc-421a-955e-b14cad69b772@group-8DB3B69C40A1-LeaderElection23] INFO  impl.LeaderElection (LeaderElection.java:logAndReturn(94)) -   Response 0: 4c567ed0-77bc-421a-955e-b14cad69b772<-41970804-e726-44f7-9f9f-c691618d1097#0:FAIL-t1
2022-06-19 13:06:08,662 [4c567ed0-77bc-421a-955e-b14cad69b772@group-8DB3B69C40A1-LeaderElection23] INFO  impl.LeaderElection (LeaderElection.java:logAndReturn(94)) -   Response 1: 4c567ed0-77bc-421a-955e-b14cad69b772<-6b51f01e-b5c0-4678-b58a-fec8e2165d46#0:OK-t1
2022-06-19 13:06:08,662 [4c567ed0-77bc-421a-955e-b14cad69b772@group-8DB3B69C40A1-LeaderElection23] INFO  impl.LeaderElection (LeaderElection.java:askForVotes(312)) - 4c567ed0-77bc-421a-955e-b14cad69b772@group-8DB3B69C40A1-LeaderElection23 ELECTION round 0: result REJECTED
2022-06-19 13:06:08,662 [4c567ed0-77bc-421a-955e-b14cad69b772@group-8DB3B69C40A1-LeaderElection23] INFO  server.RaftServer$Division (RaftServerImpl.java:setRole(299)) - 4c567ed0-77bc-421a-955e-b14cad69b772@group-8DB3B69C40A1: changes role from CANDIDATE to FOLLOWER at term 1 for REJECTED
2022-06-19 13:06:08,662 [4c567ed0-77bc-421a-955e-b14cad69b772@group-8DB3B69C40A1-LeaderElection23] INFO  impl.RoleInfo (RoleInfo.java:shutdownLeaderElection(130)) - 4c567ed0-77bc-421a-955e-b14cad69b772: shutdown 4c567ed0-77bc-421a-955e-b14cad69b772@group-8DB3B69C40A1-LeaderElection23
2022-06-19 13:06:08,662 [4c567ed0-77bc-421a-955e-b14cad69b772@group-8DB3B69C40A1-LeaderElection23] INFO  impl.RoleInfo (RoleInfo.java:updateAndGet(139)) - 4c567ed0-77bc-421a-955e-b14cad69b772: start 4c567ed0-77bc-421a-955e-b14cad69b772@group-8DB3B69C40A1-FollowerState
2022-06-19 13:06:08,848 [Listener at 127.0.0.1/45241] INFO  ozone.MiniOzoneClusterImpl (MiniOzoneClusterImpl.java:lambda$waitForClusterToBeReady$0(221)) - Nodes are ready. Got 5 of 5 DN Heartbeats.
2022-06-19 13:06:08,848 [Listener at 127.0.0.1/45241] INFO  ozone.MiniOzoneClusterImpl (MiniOzoneClusterImpl.java:lambda$waitForClusterToBeReady$0(224)) - Waiting for cluster to exit safe mode
2022-06-19 13:06:08,848 [Listener at 127.0.0.1/45241] INFO  ozone.MiniOzoneClusterImpl (MiniOzoneClusterImpl.java:lambda$waitForClusterToBeReady$0(226)) - SCM became leader
2022-06-19 13:06:09,346 [41970804-e726-44f7-9f9f-c691618d1097@group-AAA577B9C661-FollowerState] INFO  impl.FollowerState (FollowerState.java:run(143)) - 41970804-e726-44f7-9f9f-c691618d1097@group-AAA577B9C661-FollowerState: change to CANDIDATE, lastRpcElapsedTime:5174340323ns, electionTimeout:5152ms
2022-06-19 13:06:09,347 [41970804-e726-44f7-9f9f-c691618d1097@group-AAA577B9C661-FollowerState] INFO  impl.RoleInfo (RoleInfo.java:shutdownFollowerState(110)) - 41970804-e726-44f7-9f9f-c691618d1097: shutdown 41970804-e726-44f7-9f9f-c691618d1097@group-AAA577B9C661-FollowerState
2022-06-19 13:06:09,347 [41970804-e726-44f7-9f9f-c691618d1097@group-AAA577B9C661-FollowerState] INFO  server.RaftServer$Division (RaftServerImpl.java:setRole(299)) - 41970804-e726-44f7-9f9f-c691618d1097@group-AAA577B9C661: changes role from  FOLLOWER to CANDIDATE at term 0 for changeToCandidate
2022-06-19 13:06:09,347 [41970804-e726-44f7-9f9f-c691618d1097@group-AAA577B9C661-FollowerState] INFO  server.RaftServerConfigKeys (ConfUtils.java:logGet(46)) - raft.server.leaderelection.pre-vote = false (custom)
2022-06-19 13:06:09,347 [41970804-e726-44f7-9f9f-c691618d1097@group-AAA577B9C661-FollowerState] INFO  impl.RoleInfo (RoleInfo.java:updateAndGet(139)) - 41970804-e726-44f7-9f9f-c691618d1097: start 41970804-e726-44f7-9f9f-c691618d1097@group-AAA577B9C661-LeaderElection24
2022-06-19 13:06:09,366 [41970804-e726-44f7-9f9f-c691618d1097@group-AAA577B9C661-LeaderElection24] INFO  impl.LeaderElection (LeaderElection.java:askForVotes(310)) - 41970804-e726-44f7-9f9f-c691618d1097@group-AAA577B9C661-LeaderElection24 ELECTION round 0: submit vote requests at term 1 for -1: [41970804-e726-44f7-9f9f-c691618d1097|rpc:10.1.0.4:45369|priority:1], old=null
2022-06-19 13:06:09,366 [41970804-e726-44f7-9f9f-c691618d1097@group-AAA577B9C661-LeaderElection24] INFO  impl.LeaderElection (LeaderElection.java:askForVotes(312)) - 41970804-e726-44f7-9f9f-c691618d1097@group-AAA577B9C661-LeaderElection24 ELECTION round 0: result PASSED (term=1)
2022-06-19 13:06:09,366 [41970804-e726-44f7-9f9f-c691618d1097@group-AAA577B9C661-LeaderElection24] INFO  impl.RoleInfo (RoleInfo.java:shutdownLeaderElection(130)) - 41970804-e726-44f7-9f9f-c691618d1097: shutdown 41970804-e726-44f7-9f9f-c691618d1097@group-AAA577B9C661-LeaderElection24
2022-06-19 13:06:09,366 [41970804-e726-44f7-9f9f-c691618d1097@group-AAA577B9C661-LeaderElection24] INFO  server.RaftServer$Division (RaftServerImpl.java:setRole(299)) - 41970804-e726-44f7-9f9f-c691618d1097@group-AAA577B9C661: changes role from CANDIDATE to LEADER at term 1 for changeToLeader
2022-06-19 13:06:09,366 [41970804-e726-44f7-9f9f-c691618d1097@group-AAA577B9C661-LeaderElection24] INFO  ratis.XceiverServerRatis (XceiverServerRatis.java:handleLeaderChangedNotification(863)) - Leader change notification received for group: group-AAA577B9C661 with new leaderId: 41970804-e726-44f7-9f9f-c691618d1097
2022-06-19 13:06:09,367 [41970804-e726-44f7-9f9f-c691618d1097@group-AAA577B9C661-LeaderElection24] INFO  server.RaftServer$Division (ServerState.java:setLeader(287)) - 41970804-e726-44f7-9f9f-c691618d1097@group-AAA577B9C661: change Leader from null to 41970804-e726-44f7-9f9f-c691618d1097 at term 1 for becomeLeader, leader elected after 5219ms
2022-06-19 13:06:09,367 [41970804-e726-44f7-9f9f-c691618d1097@group-AAA577B9C661-LeaderElection24] INFO  server.RaftServerConfigKeys (ConfUtils.java:logGet(46)) - raft.server.staging.catchup.gap = 1000 (default)
2022-06-19 13:06:09,367 [41970804-e726-44f7-9f9f-c691618d1097@group-AAA577B9C661-LeaderElection24] INFO  server.RaftServerConfigKeys (ConfUtils.java:logGet(46)) - raft.server.write.element-limit = 1024 (custom)
2022-06-19 13:06:09,367 [41970804-e726-44f7-9f9f-c691618d1097@group-AAA577B9C661-LeaderElection24] INFO  server.RaftServerConfigKeys (ConfUtils.java:logGet(46)) - raft.server.write.byte-limit = 1024 M (=1073741824) (custom)
2022-06-19 13:06:09,370 [EventQueue-OpenPipelineForHealthyPipelineSafeModeRule] INFO  safemode.SCMSafeModeManager (HealthyPipelineSafeModeRule.java:process(124)) - SCM in safe mode. Healthy pipelines reported count is 0, required healthy pipeline reported count is 1
2022-06-19 13:06:09,371 [41970804-e726-44f7-9f9f-c691618d1097@group-AAA577B9C661-LeaderElection24] INFO  server.RaftServerConfigKeys (ConfUtils.java:logGet(46)) - raft.server.watch.timeout = 180s (custom)
2022-06-19 13:06:09,371 [41970804-e726-44f7-9f9f-c691618d1097@group-AAA577B9C661-LeaderElection24] INFO  server.RaftServerConfigKeys (ConfUtils.java:logGet(46)) - raft.server.watch.timeout.denomination = 1s (default)
2022-06-19 13:06:09,371 [41970804-e726-44f7-9f9f-c691618d1097@group-AAA577B9C661-LeaderElection24] INFO  server.RaftServerConfigKeys (ConfUtils.java:logGet(46)) - raft.server.watch.element-limit = 65536 (default)
2022-06-19 13:06:09,371 [41970804-e726-44f7-9f9f-c691618d1097@group-AAA577B9C661-LeaderElection24] INFO  server.RaftServerConfigKeys (ConfUtils.java:logGet(46)) - raft.server.write.element-limit = 1024 (custom)
2022-06-19 13:06:09,371 [41970804-e726-44f7-9f9f-c691618d1097@group-AAA577B9C661-LeaderElection24] INFO  server.RaftServerConfigKeys (ConfUtils.java:logGet(46)) - raft.server.write.follower.gap.ratio.max = -1.0 (default)
2022-06-19 13:06:09,372 [41970804-e726-44f7-9f9f-c691618d1097@group-AAA577B9C661-LeaderElection24] INFO  impl.RoleInfo (RoleInfo.java:updateAndGet(139)) - 41970804-e726-44f7-9f9f-c691618d1097: start 41970804-e726-44f7-9f9f-c691618d1097@group-AAA577B9C661-LeaderStateImpl
2022-06-19 13:06:09,372 [41970804-e726-44f7-9f9f-c691618d1097@group-AAA577B9C661-LeaderElection24] INFO  segmented.SegmentedRaftLogWorker (SegmentedRaftLogWorker.java:startLogSegment(425)) - 41970804-e726-44f7-9f9f-c691618d1097@group-AAA577B9C661-SegmentedRaftLogWorker: Starting segment from index:0
2022-06-19 13:06:09,373 [41970804-e726-44f7-9f9f-c691618d1097@group-AAA577B9C661-SegmentedRaftLogWorker] INFO  segmented.SegmentedRaftLogWorker (SegmentedRaftLogWorker.java:execute(629)) - 41970804-e726-44f7-9f9f-c691618d1097@group-AAA577B9C661-SegmentedRaftLogWorker: created new log segment /home/runner/work/ozone/ozone/hadoop-ozone/integration-test/target/test-dir/MiniOzoneClusterImpl-2d0576aa-8de3-4753-8d37-6309ac1803f7/datanode-1/data/ratis/a5297039-c55f-4010-bdbb-aaa577b9c661/current/log_inprogress_0
2022-06-19 13:06:09,380 [41970804-e726-44f7-9f9f-c691618d1097@group-AAA577B9C661-LeaderElection24] INFO  server.RaftServer$Division (ServerState.java:setRaftConf(393)) - 41970804-e726-44f7-9f9f-c691618d1097@group-AAA577B9C661: set configuration 0: [41970804-e726-44f7-9f9f-c691618d1097|rpc:10.1.0.4:45369|dataStream:|priority:1], old=null
2022-06-19 13:06:09,849 [Listener at 127.0.0.1/45241] INFO  ozone.MiniOzoneClusterImpl (MiniOzoneClusterImpl.java:lambda$waitForClusterToBeReady$0(221)) - Nodes are ready. Got 5 of 5 DN Heartbeats.
2022-06-19 13:06:09,849 [Listener at 127.0.0.1/45241] INFO  ozone.MiniOzoneClusterImpl (MiniOzoneClusterImpl.java:lambda$waitForClusterToBeReady$0(224)) - Waiting for cluster to exit safe mode
2022-06-19 13:06:09,849 [Listener at 127.0.0.1/45241] INFO  ozone.MiniOzoneClusterImpl (MiniOzoneClusterImpl.java:lambda$waitForClusterToBeReady$0(226)) - SCM became leader
2022-06-19 13:06:10,024 [6b51f01e-b5c0-4678-b58a-fec8e2165d46@group-79A5FCC5F9BB-FollowerState] INFO  impl.FollowerState (FollowerState.java:run(143)) - 6b51f01e-b5c0-4678-b58a-fec8e2165d46@group-79A5FCC5F9BB-FollowerState: change to CANDIDATE, lastRpcElapsedTime:5029068269ns, electionTimeout:5023ms
2022-06-19 13:06:10,024 [6b51f01e-b5c0-4678-b58a-fec8e2165d46@group-79A5FCC5F9BB-FollowerState] INFO  impl.RoleInfo (RoleInfo.java:shutdownFollowerState(110)) - 6b51f01e-b5c0-4678-b58a-fec8e2165d46: shutdown 6b51f01e-b5c0-4678-b58a-fec8e2165d46@group-79A5FCC5F9BB-FollowerState
2022-06-19 13:06:10,024 [6b51f01e-b5c0-4678-b58a-fec8e2165d46@group-79A5FCC5F9BB-FollowerState] INFO  server.RaftServer$Division (RaftServerImpl.java:setRole(299)) - 6b51f01e-b5c0-4678-b58a-fec8e2165d46@group-79A5FCC5F9BB: changes role from  FOLLOWER to CANDIDATE at term 0 for changeToCandidate
2022-06-19 13:06:10,024 [6b51f01e-b5c0-4678-b58a-fec8e2165d46@group-79A5FCC5F9BB-FollowerState] INFO  server.RaftServerConfigKeys (ConfUtils.java:logGet(46)) - raft.server.leaderelection.pre-vote = false (custom)
2022-06-19 13:06:10,024 [6b51f01e-b5c0-4678-b58a-fec8e2165d46@group-79A5FCC5F9BB-FollowerState] INFO  impl.RoleInfo (RoleInfo.java:updateAndGet(139)) - 6b51f01e-b5c0-4678-b58a-fec8e2165d46: start 6b51f01e-b5c0-4678-b58a-fec8e2165d46@group-79A5FCC5F9BB-LeaderElection25
2022-06-19 13:06:10,053 [6b51f01e-b5c0-4678-b58a-fec8e2165d46@group-79A5FCC5F9BB-LeaderElection25] INFO  impl.LeaderElection (LeaderElection.java:askForVotes(310)) - 6b51f01e-b5c0-4678-b58a-fec8e2165d46@group-79A5FCC5F9BB-LeaderElection25 ELECTION round 0: submit vote requests at term 1 for -1: [6b51f01e-b5c0-4678-b58a-fec8e2165d46|rpc:10.1.0.4:40853|priority:1], old=null
2022-06-19 13:06:10,053 [6b51f01e-b5c0-4678-b58a-fec8e2165d46@group-79A5FCC5F9BB-LeaderElection25] INFO  impl.LeaderElection (LeaderElection.java:askForVotes(312)) - 6b51f01e-b5c0-4678-b58a-fec8e2165d46@group-79A5FCC5F9BB-LeaderElection25 ELECTION round 0: result PASSED (term=1)
2022-06-19 13:06:10,053 [6b51f01e-b5c0-4678-b58a-fec8e2165d46@group-79A5FCC5F9BB-LeaderElection25] INFO  impl.RoleInfo (RoleInfo.java:shutdownLeaderElection(130)) - 6b51f01e-b5c0-4678-b58a-fec8e2165d46: shutdown 6b51f01e-b5c0-4678-b58a-fec8e2165d46@group-79A5FCC5F9BB-LeaderElection25
2022-06-19 13:06:10,053 [6b51f01e-b5c0-4678-b58a-fec8e2165d46@group-79A5FCC5F9BB-LeaderElection25] INFO  server.RaftServer$Division (RaftServerImpl.java:setRole(299)) - 6b51f01e-b5c0-4678-b58a-fec8e2165d46@group-79A5FCC5F9BB: changes role from CANDIDATE to LEADER at term 1 for changeToLeader
2022-06-19 13:06:10,053 [6b51f01e-b5c0-4678-b58a-fec8e2165d46@group-79A5FCC5F9BB-LeaderElection25] INFO  ratis.XceiverServerRatis (XceiverServerRatis.java:handleLeaderChangedNotification(863)) - Leader change notification received for group: group-79A5FCC5F9BB with new leaderId: 6b51f01e-b5c0-4678-b58a-fec8e2165d46
2022-06-19 13:06:10,053 [6b51f01e-b5c0-4678-b58a-fec8e2165d46@group-79A5FCC5F9BB-LeaderElection25] INFO  server.RaftServer$Division (ServerState.java:setLeader(287)) - 6b51f01e-b5c0-4678-b58a-fec8e2165d46@group-79A5FCC5F9BB: change Leader from null to 6b51f01e-b5c0-4678-b58a-fec8e2165d46 at term 1 for becomeLeader, leader elected after 5081ms
2022-06-19 13:06:10,053 [6b51f01e-b5c0-4678-b58a-fec8e2165d46@group-79A5FCC5F9BB-LeaderElection25] INFO  server.RaftServerConfigKeys (ConfUtils.java:logGet(46)) - raft.server.staging.catchup.gap = 1000 (default)
2022-06-19 13:06:10,053 [6b51f01e-b5c0-4678-b58a-fec8e2165d46@group-79A5FCC5F9BB-LeaderElection25] INFO  server.RaftServerConfigKeys (ConfUtils.java:logGet(46)) - raft.server.write.element-limit = 1024 (custom)
2022-06-19 13:06:10,054 [6b51f01e-b5c0-4678-b58a-fec8e2165d46@group-79A5FCC5F9BB-LeaderElection25] INFO  server.RaftServerConfigKeys (ConfUtils.java:logGet(46)) - raft.server.write.byte-limit = 1024 M (=1073741824) (custom)
2022-06-19 13:06:10,054 [6b51f01e-b5c0-4678-b58a-fec8e2165d46@group-79A5FCC5F9BB-LeaderElection25] INFO  server.RaftServerConfigKeys (ConfUtils.java:logGet(46)) - raft.server.watch.timeout = 180s (custom)
2022-06-19 13:06:10,054 [6b51f01e-b5c0-4678-b58a-fec8e2165d46@group-79A5FCC5F9BB-LeaderElection25] INFO  server.RaftServerConfigKeys (ConfUtils.java:logGet(46)) - raft.server.watch.timeout.denomination = 1s (default)
2022-06-19 13:06:10,054 [6b51f01e-b5c0-4678-b58a-fec8e2165d46@group-79A5FCC5F9BB-LeaderElection25] INFO  server.RaftServerConfigKeys (ConfUtils.java:logGet(46)) - raft.server.watch.element-limit = 65536 (default)
2022-06-19 13:06:10,054 [6b51f01e-b5c0-4678-b58a-fec8e2165d46@group-79A5FCC5F9BB-LeaderElection25] INFO  server.RaftServerConfigKeys (ConfUtils.java:logGet(46)) - raft.server.write.element-limit = 1024 (custom)
2022-06-19 13:06:10,054 [6b51f01e-b5c0-4678-b58a-fec8e2165d46@group-79A5FCC5F9BB-LeaderElection25] INFO  server.RaftServerConfigKeys (ConfUtils.java:logGet(46)) - raft.server.write.follower.gap.ratio.max = -1.0 (default)
2022-06-19 13:06:10,054 [6b51f01e-b5c0-4678-b58a-fec8e2165d46@group-79A5FCC5F9BB-LeaderElection25] INFO  impl.RoleInfo (RoleInfo.java:updateAndGet(139)) - 6b51f01e-b5c0-4678-b58a-fec8e2165d46: start 6b51f01e-b5c0-4678-b58a-fec8e2165d46@group-79A5FCC5F9BB-LeaderStateImpl
2022-06-19 13:06:10,054 [6b51f01e-b5c0-4678-b58a-fec8e2165d46@group-79A5FCC5F9BB-LeaderElection25] INFO  segmented.SegmentedRaftLogWorker (SegmentedRaftLogWorker.java:startLogSegment(425)) - 6b51f01e-b5c0-4678-b58a-fec8e2165d46@group-79A5FCC5F9BB-SegmentedRaftLogWorker: Starting segment from index:0
2022-06-19 13:06:10,056 [EventQueue-OpenPipelineForHealthyPipelineSafeModeRule] INFO  safemode.SCMSafeModeManager (HealthyPipelineSafeModeRule.java:process(124)) - SCM in safe mode. Healthy pipelines reported count is 0, required healthy pipeline reported count is 1
2022-06-19 13:06:10,059 [6b51f01e-b5c0-4678-b58a-fec8e2165d46@group-79A5FCC5F9BB-SegmentedRaftLogWorker] INFO  segmented.SegmentedRaftLogWorker (SegmentedRaftLogWorker.java:execute(629)) - 6b51f01e-b5c0-4678-b58a-fec8e2165d46@group-79A5FCC5F9BB-SegmentedRaftLogWorker: created new log segment /home/runner/work/ozone/ozone/hadoop-ozone/integration-test/target/test-dir/MiniOzoneClusterImpl-2d0576aa-8de3-4753-8d37-6309ac1803f7/datanode-2/data/ratis/26c602bf-e0bf-4642-936c-79a5fcc5f9bb/current/log_inprogress_0
2022-06-19 13:06:10,066 [6b51f01e-b5c0-4678-b58a-fec8e2165d46@group-79A5FCC5F9BB-LeaderElection25] INFO  server.RaftServer$Division (ServerState.java:setRaftConf(393)) - 6b51f01e-b5c0-4678-b58a-fec8e2165d46@group-79A5FCC5F9BB: set configuration 0: [6b51f01e-b5c0-4678-b58a-fec8e2165d46|rpc:10.1.0.4:40853|dataStream:|priority:1], old=null
2022-06-19 13:06:10,852 [Listener at 127.0.0.1/45241] INFO  ozone.MiniOzoneClusterImpl (MiniOzoneClusterImpl.java:lambda$waitForClusterToBeReady$0(221)) - Nodes are ready. Got 5 of 5 DN Heartbeats.
2022-06-19 13:06:10,852 [Listener at 127.0.0.1/45241] INFO  ozone.MiniOzoneClusterImpl (MiniOzoneClusterImpl.java:lambda$waitForClusterToBeReady$0(224)) - Waiting for cluster to exit safe mode
2022-06-19 13:06:10,852 [Listener at 127.0.0.1/45241] INFO  ozone.MiniOzoneClusterImpl (MiniOzoneClusterImpl.java:lambda$waitForClusterToBeReady$0(226)) - SCM became leader
2022-06-19 13:06:11,123 [27180d60-412c-4516-9b2d-964dfc82640f@group-377A1D0EBA52-FollowerState] INFO  impl.FollowerState (FollowerState.java:run(143)) - 27180d60-412c-4516-9b2d-964dfc82640f@group-377A1D0EBA52-FollowerState: change to CANDIDATE, lastRpcElapsedTime:5135503481ns, electionTimeout:5130ms
2022-06-19 13:06:11,123 [27180d60-412c-4516-9b2d-964dfc82640f@group-377A1D0EBA52-FollowerState] INFO  impl.RoleInfo (RoleInfo.java:shutdownFollowerState(110)) - 27180d60-412c-4516-9b2d-964dfc82640f: shutdown 27180d60-412c-4516-9b2d-964dfc82640f@group-377A1D0EBA52-FollowerState
2022-06-19 13:06:11,124 [27180d60-412c-4516-9b2d-964dfc82640f@group-377A1D0EBA52-FollowerState] INFO  server.RaftServer$Division (RaftServerImpl.java:setRole(299)) - 27180d60-412c-4516-9b2d-964dfc82640f@group-377A1D0EBA52: changes role from  FOLLOWER to CANDIDATE at term 0 for changeToCandidate
2022-06-19 13:06:11,124 [27180d60-412c-4516-9b2d-964dfc82640f@group-377A1D0EBA52-FollowerState] INFO  server.RaftServerConfigKeys (ConfUtils.java:logGet(46)) - raft.server.leaderelection.pre-vote = false (custom)
2022-06-19 13:06:11,124 [27180d60-412c-4516-9b2d-964dfc82640f@group-377A1D0EBA52-FollowerState] INFO  impl.RoleInfo (RoleInfo.java:updateAndGet(139)) - 27180d60-412c-4516-9b2d-964dfc82640f: start 27180d60-412c-4516-9b2d-964dfc82640f@group-377A1D0EBA52-LeaderElection26
2022-06-19 13:06:11,138 [27180d60-412c-4516-9b2d-964dfc82640f@group-377A1D0EBA52-LeaderElection26] INFO  impl.LeaderElection (LeaderElection.java:askForVotes(310)) - 27180d60-412c-4516-9b2d-964dfc82640f@group-377A1D0EBA52-LeaderElection26 ELECTION round 0: submit vote requests at term 1 for -1: [27180d60-412c-4516-9b2d-964dfc82640f|rpc:10.1.0.4:46477|priority:1], old=null
2022-06-19 13:06:11,138 [27180d60-412c-4516-9b2d-964dfc82640f@group-377A1D0EBA52-LeaderElection26] INFO  impl.LeaderElection (LeaderElection.java:askForVotes(312)) - 27180d60-412c-4516-9b2d-964dfc82640f@group-377A1D0EBA52-LeaderElection26 ELECTION round 0: result PASSED (term=1)
2022-06-19 13:06:11,138 [27180d60-412c-4516-9b2d-964dfc82640f@group-377A1D0EBA52-LeaderElection26] INFO  impl.RoleInfo (RoleInfo.java:shutdownLeaderElection(130)) - 27180d60-412c-4516-9b2d-964dfc82640f: shutdown 27180d60-412c-4516-9b2d-964dfc82640f@group-377A1D0EBA52-LeaderElection26
2022-06-19 13:06:11,138 [27180d60-412c-4516-9b2d-964dfc82640f@group-377A1D0EBA52-LeaderElection26] INFO  server.RaftServer$Division (RaftServerImpl.java:setRole(299)) - 27180d60-412c-4516-9b2d-964dfc82640f@group-377A1D0EBA52: changes role from CANDIDATE to LEADER at term 1 for changeToLeader
2022-06-19 13:06:11,138 [27180d60-412c-4516-9b2d-964dfc82640f@group-377A1D0EBA52-LeaderElection26] INFO  ratis.XceiverServerRatis (XceiverServerRatis.java:handleLeaderChangedNotification(863)) - Leader change notification received for group: group-377A1D0EBA52 with new leaderId: 27180d60-412c-4516-9b2d-964dfc82640f
2022-06-19 13:06:11,139 [27180d60-412c-4516-9b2d-964dfc82640f@group-377A1D0EBA52-LeaderElection26] INFO  server.RaftServer$Division (ServerState.java:setLeader(287)) - 27180d60-412c-4516-9b2d-964dfc82640f@group-377A1D0EBA52: change Leader from null to 27180d60-412c-4516-9b2d-964dfc82640f at term 1 for becomeLeader, leader elected after 5168ms
2022-06-19 13:06:11,139 [27180d60-412c-4516-9b2d-964dfc82640f@group-377A1D0EBA52-LeaderElection26] INFO  server.RaftServerConfigKeys (ConfUtils.java:logGet(46)) - raft.server.staging.catchup.gap = 1000 (default)
2022-06-19 13:06:11,139 [27180d60-412c-4516-9b2d-964dfc82640f@group-377A1D0EBA52-LeaderElection26] INFO  server.RaftServerConfigKeys (ConfUtils.java:logGet(46)) - raft.server.write.element-limit = 1024 (custom)
2022-06-19 13:06:11,140 [27180d60-412c-4516-9b2d-964dfc82640f@group-377A1D0EBA52-LeaderElection26] INFO  server.RaftServerConfigKeys (ConfUtils.java:logGet(46)) - raft.server.write.byte-limit = 1024 M (=1073741824) (custom)
2022-06-19 13:06:11,140 [27180d60-412c-4516-9b2d-964dfc82640f@group-377A1D0EBA52-LeaderElection26] INFO  server.RaftServerConfigKeys (ConfUtils.java:logGet(46)) - raft.server.watch.timeout = 180s (custom)
2022-06-19 13:06:11,140 [27180d60-412c-4516-9b2d-964dfc82640f@group-377A1D0EBA52-LeaderElection26] INFO  server.RaftServerConfigKeys (ConfUtils.java:logGet(46)) - raft.server.watch.timeout.denomination = 1s (default)
2022-06-19 13:06:11,140 [27180d60-412c-4516-9b2d-964dfc82640f@group-377A1D0EBA52-LeaderElection26] INFO  server.RaftServerConfigKeys (ConfUtils.java:logGet(46)) - raft.server.watch.element-limit = 65536 (default)
2022-06-19 13:06:11,140 [27180d60-412c-4516-9b2d-964dfc82640f@group-377A1D0EBA52-LeaderElection26] INFO  server.RaftServerConfigKeys (ConfUtils.java:logGet(46)) - raft.server.write.element-limit = 1024 (custom)
2022-06-19 13:06:11,140 [27180d60-412c-4516-9b2d-964dfc82640f@group-377A1D0EBA52-LeaderElection26] INFO  server.RaftServerConfigKeys (ConfUtils.java:logGet(46)) - raft.server.write.follower.gap.ratio.max = -1.0 (default)
2022-06-19 13:06:11,140 [27180d60-412c-4516-9b2d-964dfc82640f@group-377A1D0EBA52-LeaderElection26] INFO  impl.RoleInfo (RoleInfo.java:updateAndGet(139)) - 27180d60-412c-4516-9b2d-964dfc82640f: start 27180d60-412c-4516-9b2d-964dfc82640f@group-377A1D0EBA52-LeaderStateImpl
2022-06-19 13:06:11,140 [27180d60-412c-4516-9b2d-964dfc82640f@group-377A1D0EBA52-LeaderElection26] INFO  segmented.SegmentedRaftLogWorker (SegmentedRaftLogWorker.java:startLogSegment(425)) - 27180d60-412c-4516-9b2d-964dfc82640f@group-377A1D0EBA52-SegmentedRaftLogWorker: Starting segment from index:0
2022-06-19 13:06:11,141 [EventQueue-OpenPipelineForHealthyPipelineSafeModeRule] INFO  safemode.SCMSafeModeManager (HealthyPipelineSafeModeRule.java:process(124)) - SCM in safe mode. Healthy pipelines reported count is 0, required healthy pipeline reported count is 1
2022-06-19 13:06:11,145 [27180d60-412c-4516-9b2d-964dfc82640f@group-377A1D0EBA52-SegmentedRaftLogWorker] INFO  segmented.SegmentedRaftLogWorker (SegmentedRaftLogWorker.java:execute(629)) - 27180d60-412c-4516-9b2d-964dfc82640f@group-377A1D0EBA52-SegmentedRaftLogWorker: created new log segment /home/runner/work/ozone/ozone/hadoop-ozone/integration-test/target/test-dir/MiniOzoneClusterImpl-2d0576aa-8de3-4753-8d37-6309ac1803f7/datanode-3/data/ratis/613c176a-9a76-40ad-bdab-377a1d0eba52/current/log_inprogress_0
2022-06-19 13:06:11,165 [27180d60-412c-4516-9b2d-964dfc82640f@group-377A1D0EBA52-LeaderElection26] INFO  server.RaftServer$Division (ServerState.java:setRaftConf(393)) - 27180d60-412c-4516-9b2d-964dfc82640f@group-377A1D0EBA52: set configuration 0: [27180d60-412c-4516-9b2d-964dfc82640f|rpc:10.1.0.4:46477|dataStream:|priority:1], old=null
2022-06-19 13:06:11,853 [Listener at 127.0.0.1/45241] INFO  ozone.MiniOzoneClusterImpl (MiniOzoneClusterImpl.java:lambda$waitForClusterToBeReady$0(221)) - Nodes are ready. Got 5 of 5 DN Heartbeats.
2022-06-19 13:06:11,853 [Listener at 127.0.0.1/45241] INFO  ozone.MiniOzoneClusterImpl (MiniOzoneClusterImpl.java:lambda$waitForClusterToBeReady$0(224)) - Waiting for cluster to exit safe mode
2022-06-19 13:06:11,853 [Listener at 127.0.0.1/45241] INFO  ozone.MiniOzoneClusterImpl (MiniOzoneClusterImpl.java:lambda$waitForClusterToBeReady$0(226)) - SCM became leader
2022-06-19 13:06:12,146 [341760f9-9112-44c5-a769-73cddc41fbf7@group-9E577E470E09-FollowerState] INFO  impl.FollowerState (FollowerState.java:run(143)) - 341760f9-9112-44c5-a769-73cddc41fbf7@group-9E577E470E09-FollowerState: change to CANDIDATE, lastRpcElapsedTime:5191293254ns, electionTimeout:5171ms
2022-06-19 13:06:12,146 [341760f9-9112-44c5-a769-73cddc41fbf7@group-9E577E470E09-FollowerState] INFO  impl.RoleInfo (RoleInfo.java:shutdownFollowerState(110)) - 341760f9-9112-44c5-a769-73cddc41fbf7: shutdown 341760f9-9112-44c5-a769-73cddc41fbf7@group-9E577E470E09-FollowerState
2022-06-19 13:06:12,146 [341760f9-9112-44c5-a769-73cddc41fbf7@group-9E577E470E09-FollowerState] INFO  server.RaftServer$Division (RaftServerImpl.java:setRole(299)) - 341760f9-9112-44c5-a769-73cddc41fbf7@group-9E577E470E09: changes role from  FOLLOWER to CANDIDATE at term 0 for changeToCandidate
2022-06-19 13:06:12,146 [341760f9-9112-44c5-a769-73cddc41fbf7@group-9E577E470E09-FollowerState] INFO  server.RaftServerConfigKeys (ConfUtils.java:logGet(46)) - raft.server.leaderelection.pre-vote = false (custom)
2022-06-19 13:06:12,146 [341760f9-9112-44c5-a769-73cddc41fbf7@group-9E577E470E09-FollowerState] INFO  impl.RoleInfo (RoleInfo.java:updateAndGet(139)) - 341760f9-9112-44c5-a769-73cddc41fbf7: start 341760f9-9112-44c5-a769-73cddc41fbf7@group-9E577E470E09-LeaderElection27
2022-06-19 13:06:12,167 [341760f9-9112-44c5-a769-73cddc41fbf7@group-9E577E470E09-LeaderElection27] INFO  impl.LeaderElection (LeaderElection.java:askForVotes(310)) - 341760f9-9112-44c5-a769-73cddc41fbf7@group-9E577E470E09-LeaderElection27 ELECTION round 0: submit vote requests at term 1 for -1: [341760f9-9112-44c5-a769-73cddc41fbf7|rpc:10.1.0.4:35617|priority:1], old=null
2022-06-19 13:06:12,167 [341760f9-9112-44c5-a769-73cddc41fbf7@group-9E577E470E09-LeaderElection27] INFO  impl.LeaderElection (LeaderElection.java:askForVotes(312)) - 341760f9-9112-44c5-a769-73cddc41fbf7@group-9E577E470E09-LeaderElection27 ELECTION round 0: result PASSED (term=1)
2022-06-19 13:06:12,167 [341760f9-9112-44c5-a769-73cddc41fbf7@group-9E577E470E09-LeaderElection27] INFO  impl.RoleInfo (RoleInfo.java:shutdownLeaderElection(130)) - 341760f9-9112-44c5-a769-73cddc41fbf7: shutdown 341760f9-9112-44c5-a769-73cddc41fbf7@group-9E577E470E09-LeaderElection27
2022-06-19 13:06:12,167 [341760f9-9112-44c5-a769-73cddc41fbf7@group-9E577E470E09-LeaderElection27] INFO  server.RaftServer$Division (RaftServerImpl.java:setRole(299)) - 341760f9-9112-44c5-a769-73cddc41fbf7@group-9E577E470E09: changes role from CANDIDATE to LEADER at term 1 for changeToLeader
2022-06-19 13:06:12,167 [341760f9-9112-44c5-a769-73cddc41fbf7@group-9E577E470E09-LeaderElection27] INFO  ratis.XceiverServerRatis (XceiverServerRatis.java:handleLeaderChangedNotification(863)) - Leader change notification received for group: group-9E577E470E09 with new leaderId: 341760f9-9112-44c5-a769-73cddc41fbf7
2022-06-19 13:06:12,168 [341760f9-9112-44c5-a769-73cddc41fbf7@group-9E577E470E09-LeaderElection27] INFO  server.RaftServer$Division (ServerState.java:setLeader(287)) - 341760f9-9112-44c5-a769-73cddc41fbf7@group-9E577E470E09: change Leader from null to 341760f9-9112-44c5-a769-73cddc41fbf7 at term 1 for becomeLeader, leader elected after 5236ms
2022-06-19 13:06:12,168 [341760f9-9112-44c5-a769-73cddc41fbf7@group-9E577E470E09-LeaderElection27] INFO  server.RaftServerConfigKeys (ConfUtils.java:logGet(46)) - raft.server.staging.catchup.gap = 1000 (default)
2022-06-19 13:06:12,168 [341760f9-9112-44c5-a769-73cddc41fbf7@group-9E577E470E09-LeaderElection27] INFO  server.RaftServerConfigKeys (ConfUtils.java:logGet(46)) - raft.server.write.element-limit = 1024 (custom)
2022-06-19 13:06:12,169 [EventQueue-OpenPipelineForHealthyPipelineSafeModeRule] INFO  safemode.SCMSafeModeManager (HealthyPipelineSafeModeRule.java:process(124)) - SCM in safe mode. Healthy pipelines reported count is 0, required healthy pipeline reported count is 1
2022-06-19 13:06:12,169 [341760f9-9112-44c5-a769-73cddc41fbf7@group-9E577E470E09-LeaderElection27] INFO  server.RaftServerConfigKeys (ConfUtils.java:logGet(46)) - raft.server.write.byte-limit = 1024 M (=1073741824) (custom)
2022-06-19 13:06:12,170 [341760f9-9112-44c5-a769-73cddc41fbf7@group-9E577E470E09-LeaderElection27] INFO  server.RaftServerConfigKeys (ConfUtils.java:logGet(46)) - raft.server.watch.timeout = 180s (custom)
2022-06-19 13:06:12,170 [341760f9-9112-44c5-a769-73cddc41fbf7@group-9E577E470E09-LeaderElection27] INFO  server.RaftServerConfigKeys (ConfUtils.java:logGet(46)) - raft.server.watch.timeout.denomination = 1s (default)
2022-06-19 13:06:12,170 [341760f9-9112-44c5-a769-73cddc41fbf7@group-9E577E470E09-LeaderElection27] INFO  server.RaftServerConfigKeys (ConfUtils.java:logGet(46)) - raft.server.watch.element-limit = 65536 (default)
2022-06-19 13:06:12,170 [341760f9-9112-44c5-a769-73cddc41fbf7@group-9E577E470E09-LeaderElection27] INFO  server.RaftServerConfigKeys (ConfUtils.java:logGet(46)) - raft.server.write.element-limit = 1024 (custom)
2022-06-19 13:06:12,170 [341760f9-9112-44c5-a769-73cddc41fbf7@group-9E577E470E09-LeaderElection27] INFO  server.RaftServerConfigKeys (ConfUtils.java:logGet(46)) - raft.server.write.follower.gap.ratio.max = -1.0 (default)
2022-06-19 13:06:12,170 [341760f9-9112-44c5-a769-73cddc41fbf7@group-9E577E470E09-LeaderElection27] INFO  impl.RoleInfo (RoleInfo.java:updateAndGet(139)) - 341760f9-9112-44c5-a769-73cddc41fbf7: start 341760f9-9112-44c5-a769-73cddc41fbf7@group-9E577E470E09-LeaderStateImpl
2022-06-19 13:06:12,170 [341760f9-9112-44c5-a769-73cddc41fbf7@group-9E577E470E09-LeaderElection27] INFO  segmented.SegmentedRaftLogWorker (SegmentedRaftLogWorker.java:startLogSegment(425)) - 341760f9-9112-44c5-a769-73cddc41fbf7@group-9E577E470E09-SegmentedRaftLogWorker: Starting segment from index:0
2022-06-19 13:06:12,171 [341760f9-9112-44c5-a769-73cddc41fbf7@group-9E577E470E09-SegmentedRaftLogWorker] INFO  segmented.SegmentedRaftLogWorker (SegmentedRaftLogWorker.java:execute(629)) - 341760f9-9112-44c5-a769-73cddc41fbf7@group-9E577E470E09-SegmentedRaftLogWorker: created new log segment /home/runner/work/ozone/ozone/hadoop-ozone/integration-test/target/test-dir/MiniOzoneClusterImpl-2d0576aa-8de3-4753-8d37-6309ac1803f7/datanode-4/data/ratis/b63a78e3-eac6-452e-9138-9e577e470e09/current/log_inprogress_0
2022-06-19 13:06:12,189 [341760f9-9112-44c5-a769-73cddc41fbf7@group-9E577E470E09-LeaderElection27] INFO  server.RaftServer$Division (ServerState.java:setRaftConf(393)) - 341760f9-9112-44c5-a769-73cddc41fbf7@group-9E577E470E09: set configuration 0: [341760f9-9112-44c5-a769-73cddc41fbf7|rpc:10.1.0.4:35617|dataStream:|priority:1], old=null
2022-06-19 13:06:12,853 [Listener at 127.0.0.1/45241] INFO  ozone.MiniOzoneClusterImpl (MiniOzoneClusterImpl.java:lambda$waitForClusterToBeReady$0(221)) - Nodes are ready. Got 5 of 5 DN Heartbeats.
2022-06-19 13:06:12,853 [Listener at 127.0.0.1/45241] INFO  ozone.MiniOzoneClusterImpl (MiniOzoneClusterImpl.java:lambda$waitForClusterToBeReady$0(224)) - Waiting for cluster to exit safe mode
2022-06-19 13:06:12,853 [Listener at 127.0.0.1/45241] INFO  ozone.MiniOzoneClusterImpl (MiniOzoneClusterImpl.java:lambda$waitForClusterToBeReady$0(226)) - SCM became leader
2022-06-19 13:06:13,545 [4c567ed0-77bc-421a-955e-b14cad69b772@group-4B69A0B6D22F-FollowerState] INFO  impl.FollowerState (FollowerState.java:run(143)) - 4c567ed0-77bc-421a-955e-b14cad69b772@group-4B69A0B6D22F-FollowerState: change to CANDIDATE, lastRpcElapsedTime:5020423900ns, electionTimeout:5020ms
2022-06-19 13:06:13,545 [4c567ed0-77bc-421a-955e-b14cad69b772@group-4B69A0B6D22F-FollowerState] INFO  impl.RoleInfo (RoleInfo.java:shutdownFollowerState(110)) - 4c567ed0-77bc-421a-955e-b14cad69b772: shutdown 4c567ed0-77bc-421a-955e-b14cad69b772@group-4B69A0B6D22F-FollowerState
2022-06-19 13:06:13,545 [4c567ed0-77bc-421a-955e-b14cad69b772@group-4B69A0B6D22F-FollowerState] INFO  server.RaftServer$Division (RaftServerImpl.java:setRole(299)) - 4c567ed0-77bc-421a-955e-b14cad69b772@group-4B69A0B6D22F: changes role from  FOLLOWER to CANDIDATE at term 1 for changeToCandidate
2022-06-19 13:06:13,545 [4c567ed0-77bc-421a-955e-b14cad69b772@group-4B69A0B6D22F-FollowerState] INFO  server.RaftServerConfigKeys (ConfUtils.java:logGet(46)) - raft.server.leaderelection.pre-vote = false (custom)
2022-06-19 13:06:13,545 [4c567ed0-77bc-421a-955e-b14cad69b772@group-4B69A0B6D22F-FollowerState] INFO  impl.RoleInfo (RoleInfo.java:updateAndGet(139)) - 4c567ed0-77bc-421a-955e-b14cad69b772: start 4c567ed0-77bc-421a-955e-b14cad69b772@group-4B69A0B6D22F-LeaderElection28
2022-06-19 13:06:13,573 [4c567ed0-77bc-421a-955e-b14cad69b772@group-4B69A0B6D22F-LeaderElection28] INFO  impl.LeaderElection (LeaderElection.java:askForVotes(310)) - 4c567ed0-77bc-421a-955e-b14cad69b772@group-4B69A0B6D22F-LeaderElection28 ELECTION round 0: submit vote requests at term 2 for -1: [4c567ed0-77bc-421a-955e-b14cad69b772|rpc:10.1.0.4:35081|priority:0, 41970804-e726-44f7-9f9f-c691618d1097|rpc:10.1.0.4:45369|priority:0, 6b51f01e-b5c0-4678-b58a-fec8e2165d46|rpc:10.1.0.4:40853|priority:1], old=null
2022-06-19 13:06:13,582 [grpc-default-executor-3] INFO  server.RaftServer$Division (RaftServerImpl.java:requestVote(1152)) - 41970804-e726-44f7-9f9f-c691618d1097@group-4B69A0B6D22F: receive requestVote(ELECTION, 4c567ed0-77bc-421a-955e-b14cad69b772, group-4B69A0B6D22F, 2, (t:0, i:0))
2022-06-19 13:06:13,582 [grpc-default-executor-3] INFO  impl.VoteContext (VoteContext.java:log(48)) - 41970804-e726-44f7-9f9f-c691618d1097@group-4B69A0B6D22F-FOLLOWER: accept ELECTION from 4c567ed0-77bc-421a-955e-b14cad69b772: our priority 0 <= candidate's priority 0
2022-06-19 13:06:13,582 [grpc-default-executor-3] INFO  server.RaftServer$Division (RaftServerImpl.java:setRole(299)) - 41970804-e726-44f7-9f9f-c691618d1097@group-4B69A0B6D22F: changes role from  FOLLOWER to FOLLOWER at term 2 for candidate:4c567ed0-77bc-421a-955e-b14cad69b772
2022-06-19 13:06:13,582 [grpc-default-executor-3] INFO  impl.RoleInfo (RoleInfo.java:shutdownFollowerState(110)) - 41970804-e726-44f7-9f9f-c691618d1097: shutdown 41970804-e726-44f7-9f9f-c691618d1097@group-4B69A0B6D22F-FollowerState
2022-06-19 13:06:13,582 [grpc-default-executor-3] INFO  impl.RoleInfo (RoleInfo.java:updateAndGet(139)) - 41970804-e726-44f7-9f9f-c691618d1097: start 41970804-e726-44f7-9f9f-c691618d1097@group-4B69A0B6D22F-FollowerState
2022-06-19 13:06:13,582 [41970804-e726-44f7-9f9f-c691618d1097@group-4B69A0B6D22F-FollowerState] INFO  impl.FollowerState (FollowerState.java:run(152)) - 41970804-e726-44f7-9f9f-c691618d1097@group-4B69A0B6D22F-FollowerState was interrupted
2022-06-19 13:06:13,595 [grpc-default-executor-3] INFO  server.RaftServer$Division (RaftServerImpl.java:requestVote(1184)) - 41970804-e726-44f7-9f9f-c691618d1097@group-4B69A0B6D22F replies to ELECTION vote request: 4c567ed0-77bc-421a-955e-b14cad69b772<-41970804-e726-44f7-9f9f-c691618d1097#0:OK-t2. Peer's state: 41970804-e726-44f7-9f9f-c691618d1097@group-4B69A0B6D22F:t2, leader=null, voted=4c567ed0-77bc-421a-955e-b14cad69b772, raftlog=41970804-e726-44f7-9f9f-c691618d1097@group-4B69A0B6D22F-SegmentedRaftLog:OPENED:c-1, conf=-1: [4c567ed0-77bc-421a-955e-b14cad69b772|rpc:10.1.0.4:35081|dataStream:|priority:0, 41970804-e726-44f7-9f9f-c691618d1097|rpc:10.1.0.4:45369|dataStream:|priority:0, 6b51f01e-b5c0-4678-b58a-fec8e2165d46|rpc:10.1.0.4:40853|dataStream:|priority:1], old=null
2022-06-19 13:06:13,597 [grpc-default-executor-3] INFO  server.RaftServer$Division (RaftServerImpl.java:requestVote(1152)) - 6b51f01e-b5c0-4678-b58a-fec8e2165d46@group-4B69A0B6D22F: receive requestVote(ELECTION, 4c567ed0-77bc-421a-955e-b14cad69b772, group-4B69A0B6D22F, 2, (t:0, i:0))
2022-06-19 13:06:13,597 [grpc-default-executor-3] INFO  impl.VoteContext (VoteContext.java:log(48)) - 6b51f01e-b5c0-4678-b58a-fec8e2165d46@group-4B69A0B6D22F-FOLLOWER: reject ELECTION from 4c567ed0-77bc-421a-955e-b14cad69b772: our priority 1 > candidate's priority 0
2022-06-19 13:06:13,597 [grpc-default-executor-3] INFO  server.RaftServer$Division (RaftServerImpl.java:setRole(299)) - 6b51f01e-b5c0-4678-b58a-fec8e2165d46@group-4B69A0B6D22F: changes role from  FOLLOWER to FOLLOWER at term 2 for candidate:4c567ed0-77bc-421a-955e-b14cad69b772
2022-06-19 13:06:13,597 [grpc-default-executor-3] INFO  impl.RoleInfo (RoleInfo.java:shutdownFollowerState(110)) - 6b51f01e-b5c0-4678-b58a-fec8e2165d46: shutdown 6b51f01e-b5c0-4678-b58a-fec8e2165d46@group-4B69A0B6D22F-FollowerState
2022-06-19 13:06:13,597 [grpc-default-executor-3] INFO  impl.RoleInfo (RoleInfo.java:updateAndGet(139)) - 6b51f01e-b5c0-4678-b58a-fec8e2165d46: start 6b51f01e-b5c0-4678-b58a-fec8e2165d46@group-4B69A0B6D22F-FollowerState
2022-06-19 13:06:13,597 [6b51f01e-b5c0-4678-b58a-fec8e2165d46@group-4B69A0B6D22F-FollowerState] INFO  impl.FollowerState (FollowerState.java:run(152)) - 6b51f01e-b5c0-4678-b58a-fec8e2165d46@group-4B69A0B6D22F-FollowerState was interrupted
2022-06-19 13:06:13,605 [grpc-default-executor-3] INFO  server.RaftServer$Division (RaftServerImpl.java:requestVote(1184)) - 6b51f01e-b5c0-4678-b58a-fec8e2165d46@group-4B69A0B6D22F replies to ELECTION vote request: 4c567ed0-77bc-421a-955e-b14cad69b772<-6b51f01e-b5c0-4678-b58a-fec8e2165d46#0:FAIL-t2. Peer's state: 6b51f01e-b5c0-4678-b58a-fec8e2165d46@group-4B69A0B6D22F:t2, leader=null, voted=null, raftlog=6b51f01e-b5c0-4678-b58a-fec8e2165d46@group-4B69A0B6D22F-SegmentedRaftLog:OPENED:c-1, conf=-1: [4c567ed0-77bc-421a-955e-b14cad69b772|rpc:10.1.0.4:35081|dataStream:|priority:0, 41970804-e726-44f7-9f9f-c691618d1097|rpc:10.1.0.4:45369|dataStream:|priority:0, 6b51f01e-b5c0-4678-b58a-fec8e2165d46|rpc:10.1.0.4:40853|dataStream:|priority:1], old=null
2022-06-19 13:06:13,614 [4c567ed0-77bc-421a-955e-b14cad69b772@group-4B69A0B6D22F-LeaderElection28] INFO  impl.LeaderElection (LeaderElection.java:logAndReturn(90)) - 4c567ed0-77bc-421a-955e-b14cad69b772@group-4B69A0B6D22F-LeaderElection28: ELECTION REJECTED received 2 response(s) and 0 exception(s):
2022-06-19 13:06:13,614 [4c567ed0-77bc-421a-955e-b14cad69b772@group-4B69A0B6D22F-LeaderElection28] INFO  impl.LeaderElection (LeaderElection.java:logAndReturn(94)) -   Response 0: 4c567ed0-77bc-421a-955e-b14cad69b772<-41970804-e726-44f7-9f9f-c691618d1097#0:OK-t2
2022-06-19 13:06:13,614 [4c567ed0-77bc-421a-955e-b14cad69b772@group-4B69A0B6D22F-LeaderElection28] INFO  impl.LeaderElection (LeaderElection.java:logAndReturn(94)) -   Response 1: 4c567ed0-77bc-421a-955e-b14cad69b772<-6b51f01e-b5c0-4678-b58a-fec8e2165d46#0:FAIL-t2
2022-06-19 13:06:13,614 [4c567ed0-77bc-421a-955e-b14cad69b772@group-4B69A0B6D22F-LeaderElection28] INFO  impl.LeaderElection (LeaderElection.java:askForVotes(312)) - 4c567ed0-77bc-421a-955e-b14cad69b772@group-4B69A0B6D22F-LeaderElection28 ELECTION round 0: result REJECTED
2022-06-19 13:06:13,614 [4c567ed0-77bc-421a-955e-b14cad69b772@group-4B69A0B6D22F-LeaderElection28] INFO  server.RaftServer$Division (RaftServerImpl.java:setRole(299)) - 4c567ed0-77bc-421a-955e-b14cad69b772@group-4B69A0B6D22F: changes role from CANDIDATE to FOLLOWER at term 2 for REJECTED
2022-06-19 13:06:13,614 [4c567ed0-77bc-421a-955e-b14cad69b772@group-4B69A0B6D22F-LeaderElection28] INFO  impl.RoleInfo (RoleInfo.java:shutdownLeaderElection(130)) - 4c567ed0-77bc-421a-955e-b14cad69b772: shutdown 4c567ed0-77bc-421a-955e-b14cad69b772@group-4B69A0B6D22F-LeaderElection28
2022-06-19 13:06:13,614 [4c567ed0-77bc-421a-955e-b14cad69b772@group-4B69A0B6D22F-LeaderElection28] INFO  impl.RoleInfo (RoleInfo.java:updateAndGet(139)) - 4c567ed0-77bc-421a-955e-b14cad69b772: start 4c567ed0-77bc-421a-955e-b14cad69b772@group-4B69A0B6D22F-FollowerState
2022-06-19 13:06:13,796 [41970804-e726-44f7-9f9f-c691618d1097@group-8DB3B69C40A1-FollowerState] INFO  impl.FollowerState (FollowerState.java:run(143)) - 41970804-e726-44f7-9f9f-c691618d1097@group-8DB3B69C40A1-FollowerState: change to CANDIDATE, lastRpcElapsedTime:5153451133ns, electionTimeout:5140ms
2022-06-19 13:06:13,796 [41970804-e726-44f7-9f9f-c691618d1097@group-8DB3B69C40A1-FollowerState] INFO  impl.RoleInfo (RoleInfo.java:shutdownFollowerState(110)) - 41970804-e726-44f7-9f9f-c691618d1097: shutdown 41970804-e726-44f7-9f9f-c691618d1097@group-8DB3B69C40A1-FollowerState
2022-06-19 13:06:13,797 [41970804-e726-44f7-9f9f-c691618d1097@group-8DB3B69C40A1-FollowerState] INFO  server.RaftServer$Division (RaftServerImpl.java:setRole(299)) - 41970804-e726-44f7-9f9f-c691618d1097@group-8DB3B69C40A1: changes role from  FOLLOWER to CANDIDATE at term 1 for changeToCandidate
2022-06-19 13:06:13,797 [41970804-e726-44f7-9f9f-c691618d1097@group-8DB3B69C40A1-FollowerState] INFO  server.RaftServerConfigKeys (ConfUtils.java:logGet(46)) - raft.server.leaderelection.pre-vote = false (custom)
2022-06-19 13:06:13,797 [41970804-e726-44f7-9f9f-c691618d1097@group-8DB3B69C40A1-FollowerState] INFO  impl.RoleInfo (RoleInfo.java:updateAndGet(139)) - 41970804-e726-44f7-9f9f-c691618d1097: start 41970804-e726-44f7-9f9f-c691618d1097@group-8DB3B69C40A1-LeaderElection29
2022-06-19 13:06:13,834 [41970804-e726-44f7-9f9f-c691618d1097@group-8DB3B69C40A1-LeaderElection29] INFO  impl.LeaderElection (LeaderElection.java:askForVotes(310)) - 41970804-e726-44f7-9f9f-c691618d1097@group-8DB3B69C40A1-LeaderElection29 ELECTION round 0: submit vote requests at term 2 for -1: [4c567ed0-77bc-421a-955e-b14cad69b772|rpc:10.1.0.4:35081|dataStream:|priority:0, 41970804-e726-44f7-9f9f-c691618d1097|rpc:10.1.0.4:45369|dataStream:|priority:1, 6b51f01e-b5c0-4678-b58a-fec8e2165d46|rpc:10.1.0.4:40853|dataStream:|priority:0], old=null
2022-06-19 13:06:13,854 [Listener at 127.0.0.1/45241] INFO  ozone.MiniOzoneClusterImpl (MiniOzoneClusterImpl.java:lambda$waitForClusterToBeReady$0(221)) - Nodes are ready. Got 5 of 5 DN Heartbeats.
2022-06-19 13:06:13,854 [Listener at 127.0.0.1/45241] INFO  ozone.MiniOzoneClusterImpl (MiniOzoneClusterImpl.java:lambda$waitForClusterToBeReady$0(224)) - Waiting for cluster to exit safe mode
2022-06-19 13:06:13,854 [Listener at 127.0.0.1/45241] INFO  ozone.MiniOzoneClusterImpl (MiniOzoneClusterImpl.java:lambda$waitForClusterToBeReady$0(226)) - SCM became leader
2022-06-19 13:06:13,854 [4c567ed0-77bc-421a-955e-b14cad69b772@group-8DB3B69C40A1-FollowerState] INFO  impl.FollowerState (FollowerState.java:run(143)) - 4c567ed0-77bc-421a-955e-b14cad69b772@group-8DB3B69C40A1-FollowerState: change to CANDIDATE, lastRpcElapsedTime:5191827591ns, electionTimeout:5176ms
2022-06-19 13:06:13,854 [4c567ed0-77bc-421a-955e-b14cad69b772@group-8DB3B69C40A1-FollowerState] INFO  impl.RoleInfo (RoleInfo.java:shutdownFollowerState(110)) - 4c567ed0-77bc-421a-955e-b14cad69b772: shutdown 4c567ed0-77bc-421a-955e-b14cad69b772@group-8DB3B69C40A1-FollowerState
2022-06-19 13:06:13,854 [4c567ed0-77bc-421a-955e-b14cad69b772@group-8DB3B69C40A1-FollowerState] INFO  server.RaftServer$Division (RaftServerImpl.java:setRole(299)) - 4c567ed0-77bc-421a-955e-b14cad69b772@group-8DB3B69C40A1: changes role from  FOLLOWER to CANDIDATE at term 1 for changeToCandidate
2022-06-19 13:06:13,871 [4c567ed0-77bc-421a-955e-b14cad69b772@group-8DB3B69C40A1-FollowerState] INFO  server.RaftServerConfigKeys (ConfUtils.java:logGet(46)) - raft.server.leaderelection.pre-vote = false (custom)
2022-06-19 13:06:13,871 [4c567ed0-77bc-421a-955e-b14cad69b772@group-8DB3B69C40A1-FollowerState] INFO  impl.RoleInfo (RoleInfo.java:updateAndGet(139)) - 4c567ed0-77bc-421a-955e-b14cad69b772: start 4c567ed0-77bc-421a-955e-b14cad69b772@group-8DB3B69C40A1-LeaderElection30
2022-06-19 13:06:13,894 [4c567ed0-77bc-421a-955e-b14cad69b772@group-8DB3B69C40A1-LeaderElection30] INFO  impl.LeaderElection (LeaderElection.java:askForVotes(310)) - 4c567ed0-77bc-421a-955e-b14cad69b772@group-8DB3B69C40A1-LeaderElection30 ELECTION round 0: submit vote requests at term 2 for -1: [4c567ed0-77bc-421a-955e-b14cad69b772|rpc:10.1.0.4:35081|priority:0, 41970804-e726-44f7-9f9f-c691618d1097|rpc:10.1.0.4:45369|priority:1, 6b51f01e-b5c0-4678-b58a-fec8e2165d46|rpc:10.1.0.4:40853|priority:0], old=null
2022-06-19 13:06:13,918 [grpc-default-executor-3] INFO  server.RaftServer$Division (RaftServerImpl.java:requestVote(1152)) - 6b51f01e-b5c0-4678-b58a-fec8e2165d46@group-8DB3B69C40A1: receive requestVote(ELECTION, 4c567ed0-77bc-421a-955e-b14cad69b772, group-8DB3B69C40A1, 2, (t:0, i:0))
2022-06-19 13:06:13,921 [grpc-default-executor-3] INFO  impl.VoteContext (VoteContext.java:log(48)) - 6b51f01e-b5c0-4678-b58a-fec8e2165d46@group-8DB3B69C40A1-FOLLOWER: accept ELECTION from 4c567ed0-77bc-421a-955e-b14cad69b772: our priority 0 <= candidate's priority 0
2022-06-19 13:06:13,923 [grpc-default-executor-3] INFO  server.RaftServer$Division (RaftServerImpl.java:setRole(299)) - 6b51f01e-b5c0-4678-b58a-fec8e2165d46@group-8DB3B69C40A1: changes role from  FOLLOWER to FOLLOWER at term 2 for candidate:4c567ed0-77bc-421a-955e-b14cad69b772
2022-06-19 13:06:13,923 [grpc-default-executor-3] INFO  impl.RoleInfo (RoleInfo.java:shutdownFollowerState(110)) - 6b51f01e-b5c0-4678-b58a-fec8e2165d46: shutdown 6b51f01e-b5c0-4678-b58a-fec8e2165d46@group-8DB3B69C40A1-FollowerState
2022-06-19 13:06:13,923 [grpc-default-executor-3] INFO  impl.RoleInfo (RoleInfo.java:updateAndGet(139)) - 6b51f01e-b5c0-4678-b58a-fec8e2165d46: start 6b51f01e-b5c0-4678-b58a-fec8e2165d46@group-8DB3B69C40A1-FollowerState
2022-06-19 13:06:13,923 [6b51f01e-b5c0-4678-b58a-fec8e2165d46@group-8DB3B69C40A1-FollowerState] INFO  impl.FollowerState (FollowerState.java:run(152)) - 6b51f01e-b5c0-4678-b58a-fec8e2165d46@group-8DB3B69C40A1-FollowerState was interrupted
2022-06-19 13:06:13,924 [grpc-default-executor-3] INFO  server.RaftServer$Division (RaftServerImpl.java:requestVote(1184)) - 6b51f01e-b5c0-4678-b58a-fec8e2165d46@group-8DB3B69C40A1 replies to ELECTION vote request: 4c567ed0-77bc-421a-955e-b14cad69b772<-6b51f01e-b5c0-4678-b58a-fec8e2165d46#0:OK-t2. Peer's state: 6b51f01e-b5c0-4678-b58a-fec8e2165d46@group-8DB3B69C40A1:t2, leader=null, voted=4c567ed0-77bc-421a-955e-b14cad69b772, raftlog=6b51f01e-b5c0-4678-b58a-fec8e2165d46@group-8DB3B69C40A1-SegmentedRaftLog:OPENED:c-1, conf=-1: [4c567ed0-77bc-421a-955e-b14cad69b772|rpc:10.1.0.4:35081|dataStream:|priority:0, 41970804-e726-44f7-9f9f-c691618d1097|rpc:10.1.0.4:45369|dataStream:|priority:1, 6b51f01e-b5c0-4678-b58a-fec8e2165d46|rpc:10.1.0.4:40853|dataStream:|priority:0], old=null
2022-06-19 13:06:13,937 [grpc-default-executor-2] INFO  server.RaftServer$Division (RaftServerImpl.java:requestVote(1152)) - 41970804-e726-44f7-9f9f-c691618d1097@group-8DB3B69C40A1: receive requestVote(ELECTION, 4c567ed0-77bc-421a-955e-b14cad69b772, group-8DB3B69C40A1, 2, (t:0, i:0))
2022-06-19 13:06:13,937 [grpc-default-executor-2] INFO  impl.VoteContext (VoteContext.java:log(48)) - 41970804-e726-44f7-9f9f-c691618d1097@group-8DB3B69C40A1-CANDIDATE: reject ELECTION from 4c567ed0-77bc-421a-955e-b14cad69b772: already has voted for 41970804-e726-44f7-9f9f-c691618d1097 at current term 2
2022-06-19 13:06:13,937 [grpc-default-executor-2] INFO  server.RaftServer$Division (RaftServerImpl.java:requestVote(1184)) - 41970804-e726-44f7-9f9f-c691618d1097@group-8DB3B69C40A1 replies to ELECTION vote request: 4c567ed0-77bc-421a-955e-b14cad69b772<-41970804-e726-44f7-9f9f-c691618d1097#0:FAIL-t2. Peer's state: 41970804-e726-44f7-9f9f-c691618d1097@group-8DB3B69C40A1:t2, leader=null, voted=41970804-e726-44f7-9f9f-c691618d1097, raftlog=41970804-e726-44f7-9f9f-c691618d1097@group-8DB3B69C40A1-SegmentedRaftLog:OPENED:c-1, conf=-1: [4c567ed0-77bc-421a-955e-b14cad69b772|rpc:10.1.0.4:35081|dataStream:|priority:0, 41970804-e726-44f7-9f9f-c691618d1097|rpc:10.1.0.4:45369|dataStream:|priority:1, 6b51f01e-b5c0-4678-b58a-fec8e2165d46|rpc:10.1.0.4:40853|dataStream:|priority:0], old=null
2022-06-19 13:06:13,938 [grpc-default-executor-1] INFO  server.RaftServer$Division (RaftServerImpl.java:requestVote(1152)) - 4c567ed0-77bc-421a-955e-b14cad69b772@group-8DB3B69C40A1: receive requestVote(ELECTION, 41970804-e726-44f7-9f9f-c691618d1097, group-8DB3B69C40A1, 2, (t:0, i:0))
2022-06-19 13:06:13,938 [grpc-default-executor-1] INFO  impl.VoteContext (VoteContext.java:log(48)) - 4c567ed0-77bc-421a-955e-b14cad69b772@group-8DB3B69C40A1-CANDIDATE: reject ELECTION from 41970804-e726-44f7-9f9f-c691618d1097: already has voted for 4c567ed0-77bc-421a-955e-b14cad69b772 at current term 2
2022-06-19 13:06:13,938 [grpc-default-executor-1] INFO  server.RaftServer$Division (RaftServerImpl.java:requestVote(1184)) - 4c567ed0-77bc-421a-955e-b14cad69b772@group-8DB3B69C40A1 replies to ELECTION vote request: 41970804-e726-44f7-9f9f-c691618d1097<-4c567ed0-77bc-421a-955e-b14cad69b772#0:FAIL-t2. Peer's state: 4c567ed0-77bc-421a-955e-b14cad69b772@group-8DB3B69C40A1:t2, leader=null, voted=4c567ed0-77bc-421a-955e-b14cad69b772, raftlog=4c567ed0-77bc-421a-955e-b14cad69b772@group-8DB3B69C40A1-SegmentedRaftLog:OPENED:c-1, conf=-1: [4c567ed0-77bc-421a-955e-b14cad69b772|rpc:10.1.0.4:35081|priority:0, 41970804-e726-44f7-9f9f-c691618d1097|rpc:10.1.0.4:45369|priority:1, 6b51f01e-b5c0-4678-b58a-fec8e2165d46|rpc:10.1.0.4:40853|priority:0], old=null
2022-06-19 13:06:13,942 [4c567ed0-77bc-421a-955e-b14cad69b772@group-8DB3B69C40A1-LeaderElection30] INFO  impl.LeaderElection (LeaderElection.java:logAndReturn(90)) - 4c567ed0-77bc-421a-955e-b14cad69b772@group-8DB3B69C40A1-LeaderElection30: ELECTION REJECTED received 2 response(s) and 0 exception(s):
2022-06-19 13:06:13,942 [4c567ed0-77bc-421a-955e-b14cad69b772@group-8DB3B69C40A1-LeaderElection30] INFO  impl.LeaderElection (LeaderElection.java:logAndReturn(94)) -   Response 0: 4c567ed0-77bc-421a-955e-b14cad69b772<-41970804-e726-44f7-9f9f-c691618d1097#0:FAIL-t2
2022-06-19 13:06:13,942 [4c567ed0-77bc-421a-955e-b14cad69b772@group-8DB3B69C40A1-LeaderElection30] INFO  impl.LeaderElection (LeaderElection.java:logAndReturn(94)) -   Response 1: 4c567ed0-77bc-421a-955e-b14cad69b772<-6b51f01e-b5c0-4678-b58a-fec8e2165d46#0:OK-t2
2022-06-19 13:06:13,942 [4c567ed0-77bc-421a-955e-b14cad69b772@group-8DB3B69C40A1-LeaderElection30] INFO  impl.LeaderElection (LeaderElection.java:askForVotes(312)) - 4c567ed0-77bc-421a-955e-b14cad69b772@group-8DB3B69C40A1-LeaderElection30 ELECTION round 0: result REJECTED
2022-06-19 13:06:13,942 [4c567ed0-77bc-421a-955e-b14cad69b772@group-8DB3B69C40A1-LeaderElection30] INFO  server.RaftServer$Division (RaftServerImpl.java:setRole(299)) - 4c567ed0-77bc-421a-955e-b14cad69b772@group-8DB3B69C40A1: changes role from CANDIDATE to FOLLOWER at term 2 for REJECTED
2022-06-19 13:06:13,942 [4c567ed0-77bc-421a-955e-b14cad69b772@group-8DB3B69C40A1-LeaderElection30] INFO  impl.RoleInfo (RoleInfo.java:shutdownLeaderElection(130)) - 4c567ed0-77bc-421a-955e-b14cad69b772: shutdown 4c567ed0-77bc-421a-955e-b14cad69b772@group-8DB3B69C40A1-LeaderElection30
2022-06-19 13:06:13,942 [4c567ed0-77bc-421a-955e-b14cad69b772@group-8DB3B69C40A1-LeaderElection30] INFO  impl.RoleInfo (RoleInfo.java:updateAndGet(139)) - 4c567ed0-77bc-421a-955e-b14cad69b772: start 4c567ed0-77bc-421a-955e-b14cad69b772@group-8DB3B69C40A1-FollowerState
2022-06-19 13:06:13,955 [grpc-default-executor-2] INFO  server.RaftServer$Division (RaftServerImpl.java:requestVote(1152)) - 6b51f01e-b5c0-4678-b58a-fec8e2165d46@group-8DB3B69C40A1: receive requestVote(ELECTION, 41970804-e726-44f7-9f9f-c691618d1097, group-8DB3B69C40A1, 2, (t:0, i:0))
2022-06-19 13:06:13,960 [grpc-default-executor-2] INFO  impl.VoteContext (VoteContext.java:log(48)) - 6b51f01e-b5c0-4678-b58a-fec8e2165d46@group-8DB3B69C40A1-FOLLOWER: reject ELECTION from 41970804-e726-44f7-9f9f-c691618d1097: already has voted for 4c567ed0-77bc-421a-955e-b14cad69b772 at current term 2
2022-06-19 13:06:13,960 [grpc-default-executor-2] INFO  server.RaftServer$Division (RaftServerImpl.java:requestVote(1184)) - 6b51f01e-b5c0-4678-b58a-fec8e2165d46@group-8DB3B69C40A1 replies to ELECTION vote request: 41970804-e726-44f7-9f9f-c691618d1097<-6b51f01e-b5c0-4678-b58a-fec8e2165d46#0:FAIL-t2. Peer's state: 6b51f01e-b5c0-4678-b58a-fec8e2165d46@group-8DB3B69C40A1:t2, leader=null, voted=4c567ed0-77bc-421a-955e-b14cad69b772, raftlog=6b51f01e-b5c0-4678-b58a-fec8e2165d46@group-8DB3B69C40A1-SegmentedRaftLog:OPENED:c-1, conf=-1: [4c567ed0-77bc-421a-955e-b14cad69b772|rpc:10.1.0.4:35081|dataStream:|priority:0, 41970804-e726-44f7-9f9f-c691618d1097|rpc:10.1.0.4:45369|dataStream:|priority:1, 6b51f01e-b5c0-4678-b58a-fec8e2165d46|rpc:10.1.0.4:40853|dataStream:|priority:0], old=null
2022-06-19 13:06:13,973 [41970804-e726-44f7-9f9f-c691618d1097@group-8DB3B69C40A1-LeaderElection29] INFO  impl.LeaderElection (LeaderElection.java:logAndReturn(90)) - 41970804-e726-44f7-9f9f-c691618d1097@group-8DB3B69C40A1-LeaderElection29: ELECTION REJECTED received 2 response(s) and 0 exception(s):
2022-06-19 13:06:13,973 [41970804-e726-44f7-9f9f-c691618d1097@group-8DB3B69C40A1-LeaderElection29] INFO  impl.LeaderElection (LeaderElection.java:logAndReturn(94)) -   Response 0: 41970804-e726-44f7-9f9f-c691618d1097<-4c567ed0-77bc-421a-955e-b14cad69b772#0:FAIL-t2
2022-06-19 13:06:13,973 [41970804-e726-44f7-9f9f-c691618d1097@group-8DB3B69C40A1-LeaderElection29] INFO  impl.LeaderElection (LeaderElection.java:logAndReturn(94)) -   Response 1: 41970804-e726-44f7-9f9f-c691618d1097<-6b51f01e-b5c0-4678-b58a-fec8e2165d46#0:FAIL-t2
2022-06-19 13:06:13,973 [41970804-e726-44f7-9f9f-c691618d1097@group-8DB3B69C40A1-LeaderElection29] INFO  impl.LeaderElection (LeaderElection.java:askForVotes(312)) - 41970804-e726-44f7-9f9f-c691618d1097@group-8DB3B69C40A1-LeaderElection29 ELECTION round 0: result REJECTED
2022-06-19 13:06:13,973 [41970804-e726-44f7-9f9f-c691618d1097@group-8DB3B69C40A1-LeaderElection29] INFO  server.RaftServer$Division (RaftServerImpl.java:setRole(299)) - 41970804-e726-44f7-9f9f-c691618d1097@group-8DB3B69C40A1: changes role from CANDIDATE to FOLLOWER at term 2 for REJECTED
2022-06-19 13:06:13,973 [41970804-e726-44f7-9f9f-c691618d1097@group-8DB3B69C40A1-LeaderElection29] INFO  impl.RoleInfo (RoleInfo.java:shutdownLeaderElection(130)) - 41970804-e726-44f7-9f9f-c691618d1097: shutdown 41970804-e726-44f7-9f9f-c691618d1097@group-8DB3B69C40A1-LeaderElection29
2022-06-19 13:06:13,973 [41970804-e726-44f7-9f9f-c691618d1097@group-8DB3B69C40A1-LeaderElection29] INFO  impl.RoleInfo (RoleInfo.java:updateAndGet(139)) - 41970804-e726-44f7-9f9f-c691618d1097: start 41970804-e726-44f7-9f9f-c691618d1097@group-8DB3B69C40A1-FollowerState
2022-06-19 13:06:14,854 [Listener at 127.0.0.1/45241] INFO  ozone.MiniOzoneClusterImpl (MiniOzoneClusterImpl.java:lambda$waitForClusterToBeReady$0(221)) - Nodes are ready. Got 5 of 5 DN Heartbeats.
2022-06-19 13:06:14,854 [Listener at 127.0.0.1/45241] INFO  ozone.MiniOzoneClusterImpl (MiniOzoneClusterImpl.java:lambda$waitForClusterToBeReady$0(224)) - Waiting for cluster to exit safe mode
2022-06-19 13:06:14,854 [Listener at 127.0.0.1/45241] INFO  ozone.MiniOzoneClusterImpl (MiniOzoneClusterImpl.java:lambda$waitForClusterToBeReady$0(226)) - SCM became leader
2022-06-19 13:06:15,855 [Listener at 127.0.0.1/45241] INFO  ozone.MiniOzoneClusterImpl (MiniOzoneClusterImpl.java:lambda$waitForClusterToBeReady$0(221)) - Nodes are ready. Got 5 of 5 DN Heartbeats.
2022-06-19 13:06:15,855 [Listener at 127.0.0.1/45241] INFO  ozone.MiniOzoneClusterImpl (MiniOzoneClusterImpl.java:lambda$waitForClusterToBeReady$0(224)) - Waiting for cluster to exit safe mode
2022-06-19 13:06:15,855 [Listener at 127.0.0.1/45241] INFO  ozone.MiniOzoneClusterImpl (MiniOzoneClusterImpl.java:lambda$waitForClusterToBeReady$0(226)) - SCM became leader
2022-06-19 13:06:16,855 [Listener at 127.0.0.1/45241] INFO  ozone.MiniOzoneClusterImpl (MiniOzoneClusterImpl.java:lambda$waitForClusterToBeReady$0(221)) - Nodes are ready. Got 5 of 5 DN Heartbeats.
2022-06-19 13:06:16,855 [Listener at 127.0.0.1/45241] INFO  ozone.MiniOzoneClusterImpl (MiniOzoneClusterImpl.java:lambda$waitForClusterToBeReady$0(224)) - Waiting for cluster to exit safe mode
2022-06-19 13:06:16,856 [Listener at 127.0.0.1/45241] INFO  ozone.MiniOzoneClusterImpl (MiniOzoneClusterImpl.java:lambda$waitForClusterToBeReady$0(226)) - SCM became leader
2022-06-19 13:06:17,856 [Listener at 127.0.0.1/45241] INFO  ozone.MiniOzoneClusterImpl (MiniOzoneClusterImpl.java:lambda$waitForClusterToBeReady$0(221)) - Nodes are ready. Got 5 of 5 DN Heartbeats.
2022-06-19 13:06:17,856 [Listener at 127.0.0.1/45241] INFO  ozone.MiniOzoneClusterImpl (MiniOzoneClusterImpl.java:lambda$waitForClusterToBeReady$0(224)) - Waiting for cluster to exit safe mode
2022-06-19 13:06:17,856 [Listener at 127.0.0.1/45241] INFO  ozone.MiniOzoneClusterImpl (MiniOzoneClusterImpl.java:lambda$waitForClusterToBeReady$0(226)) - SCM became leader
2022-06-19 13:06:18,738 [4c567ed0-77bc-421a-955e-b14cad69b772@group-4B69A0B6D22F-FollowerState] INFO  impl.FollowerState (FollowerState.java:run(143)) - 4c567ed0-77bc-421a-955e-b14cad69b772@group-4B69A0B6D22F-FollowerState: change to CANDIDATE, lastRpcElapsedTime:5123698998ns, electionTimeout:5118ms
2022-06-19 13:06:18,738 [4c567ed0-77bc-421a-955e-b14cad69b772@group-4B69A0B6D22F-FollowerState] INFO  impl.RoleInfo (RoleInfo.java:shutdownFollowerState(110)) - 4c567ed0-77bc-421a-955e-b14cad69b772: shutdown 4c567ed0-77bc-421a-955e-b14cad69b772@group-4B69A0B6D22F-FollowerState
2022-06-19 13:06:18,738 [4c567ed0-77bc-421a-955e-b14cad69b772@group-4B69A0B6D22F-FollowerState] INFO  server.RaftServer$Division (RaftServerImpl.java:setRole(299)) - 4c567ed0-77bc-421a-955e-b14cad69b772@group-4B69A0B6D22F: changes role from  FOLLOWER to CANDIDATE at term 2 for changeToCandidate
2022-06-19 13:06:18,738 [4c567ed0-77bc-421a-955e-b14cad69b772@group-4B69A0B6D22F-FollowerState] INFO  server.RaftServerConfigKeys (ConfUtils.java:logGet(46)) - raft.server.leaderelection.pre-vote = false (custom)
2022-06-19 13:06:18,738 [4c567ed0-77bc-421a-955e-b14cad69b772@group-4B69A0B6D22F-FollowerState] INFO  impl.RoleInfo (RoleInfo.java:updateAndGet(139)) - 4c567ed0-77bc-421a-955e-b14cad69b772: start 4c567ed0-77bc-421a-955e-b14cad69b772@group-4B69A0B6D22F-LeaderElection31
2022-06-19 13:06:18,759 [4c567ed0-77bc-421a-955e-b14cad69b772@group-4B69A0B6D22F-LeaderElection31] INFO  impl.LeaderElection (LeaderElection.java:askForVotes(310)) - 4c567ed0-77bc-421a-955e-b14cad69b772@group-4B69A0B6D22F-LeaderElection31 ELECTION round 0: submit vote requests at term 3 for -1: [4c567ed0-77bc-421a-955e-b14cad69b772|rpc:10.1.0.4:35081|priority:0, 41970804-e726-44f7-9f9f-c691618d1097|rpc:10.1.0.4:45369|priority:0, 6b51f01e-b5c0-4678-b58a-fec8e2165d46|rpc:10.1.0.4:40853|priority:1], old=null
2022-06-19 13:06:18,786 [41970804-e726-44f7-9f9f-c691618d1097@group-4B69A0B6D22F-FollowerState] INFO  impl.FollowerState (FollowerState.java:run(143)) - 41970804-e726-44f7-9f9f-c691618d1097@group-4B69A0B6D22F-FollowerState: change to CANDIDATE, lastRpcElapsedTime:5191018076ns, electionTimeout:5185ms
2022-06-19 13:06:18,786 [41970804-e726-44f7-9f9f-c691618d1097@group-4B69A0B6D22F-FollowerState] INFO  impl.RoleInfo (RoleInfo.java:shutdownFollowerState(110)) - 41970804-e726-44f7-9f9f-c691618d1097: shutdown 41970804-e726-44f7-9f9f-c691618d1097@group-4B69A0B6D22F-FollowerState
2022-06-19 13:06:18,786 [41970804-e726-44f7-9f9f-c691618d1097@group-4B69A0B6D22F-FollowerState] INFO  server.RaftServer$Division (RaftServerImpl.java:setRole(299)) - 41970804-e726-44f7-9f9f-c691618d1097@group-4B69A0B6D22F: changes role from  FOLLOWER to CANDIDATE at term 2 for changeToCandidate
2022-06-19 13:06:18,797 [41970804-e726-44f7-9f9f-c691618d1097@group-4B69A0B6D22F-FollowerState] INFO  server.RaftServerConfigKeys (ConfUtils.java:logGet(46)) - raft.server.leaderelection.pre-vote = false (custom)
2022-06-19 13:06:18,797 [41970804-e726-44f7-9f9f-c691618d1097@group-4B69A0B6D22F-FollowerState] INFO  impl.RoleInfo (RoleInfo.java:updateAndGet(139)) - 41970804-e726-44f7-9f9f-c691618d1097: start 41970804-e726-44f7-9f9f-c691618d1097@group-4B69A0B6D22F-LeaderElection32
2022-06-19 13:06:18,800 [6b51f01e-b5c0-4678-b58a-fec8e2165d46@group-4B69A0B6D22F-FollowerState] INFO  impl.FollowerState (FollowerState.java:run(143)) - 6b51f01e-b5c0-4678-b58a-fec8e2165d46@group-4B69A0B6D22F-FollowerState: change to CANDIDATE, lastRpcElapsedTime:5202865848ns, electionTimeout:5176ms
2022-06-19 13:06:18,800 [6b51f01e-b5c0-4678-b58a-fec8e2165d46@group-4B69A0B6D22F-FollowerState] INFO  impl.RoleInfo (RoleInfo.java:shutdownFollowerState(110)) - 6b51f01e-b5c0-4678-b58a-fec8e2165d46: shutdown 6b51f01e-b5c0-4678-b58a-fec8e2165d46@group-4B69A0B6D22F-FollowerState
2022-06-19 13:06:18,800 [6b51f01e-b5c0-4678-b58a-fec8e2165d46@group-4B69A0B6D22F-FollowerState] INFO  server.RaftServer$Division (RaftServerImpl.java:setRole(299)) - 6b51f01e-b5c0-4678-b58a-fec8e2165d46@group-4B69A0B6D22F: changes role from  FOLLOWER to CANDIDATE at term 2 for changeToCandidate
2022-06-19 13:06:18,829 [grpc-default-executor-2] INFO  server.RaftServer$Division (RaftServerImpl.java:requestVote(1152)) - 41970804-e726-44f7-9f9f-c691618d1097@group-4B69A0B6D22F: receive requestVote(ELECTION, 4c567ed0-77bc-421a-955e-b14cad69b772, group-4B69A0B6D22F, 3, (t:0, i:0))
2022-06-19 13:06:18,829 [grpc-default-executor-2] INFO  impl.VoteContext (VoteContext.java:log(48)) - 41970804-e726-44f7-9f9f-c691618d1097@group-4B69A0B6D22F-CANDIDATE: accept ELECTION from 4c567ed0-77bc-421a-955e-b14cad69b772: our priority 0 <= candidate's priority 0
2022-06-19 13:06:18,829 [grpc-default-executor-2] INFO  server.RaftServer$Division (RaftServerImpl.java:setRole(299)) - 41970804-e726-44f7-9f9f-c691618d1097@group-4B69A0B6D22F: changes role from CANDIDATE to FOLLOWER at term 3 for candidate:4c567ed0-77bc-421a-955e-b14cad69b772
2022-06-19 13:06:18,829 [grpc-default-executor-2] INFO  impl.RoleInfo (RoleInfo.java:shutdownLeaderElection(130)) - 41970804-e726-44f7-9f9f-c691618d1097: shutdown 41970804-e726-44f7-9f9f-c691618d1097@group-4B69A0B6D22F-LeaderElection32
2022-06-19 13:06:18,829 [grpc-default-executor-2] INFO  impl.RoleInfo (RoleInfo.java:updateAndGet(139)) - 41970804-e726-44f7-9f9f-c691618d1097: start 41970804-e726-44f7-9f9f-c691618d1097@group-4B69A0B6D22F-FollowerState
2022-06-19 13:06:18,829 [grpc-default-executor-1] INFO  server.RaftServer$Division (RaftServerImpl.java:requestVote(1152)) - 6b51f01e-b5c0-4678-b58a-fec8e2165d46@group-4B69A0B6D22F: receive requestVote(ELECTION, 4c567ed0-77bc-421a-955e-b14cad69b772, group-4B69A0B6D22F, 3, (t:0, i:0))
2022-06-19 13:06:18,832 [6b51f01e-b5c0-4678-b58a-fec8e2165d46@group-4B69A0B6D22F-FollowerState] INFO  server.RaftServerConfigKeys (ConfUtils.java:logGet(46)) - raft.server.leaderelection.pre-vote = false (custom)
2022-06-19 13:06:18,832 [6b51f01e-b5c0-4678-b58a-fec8e2165d46@group-4B69A0B6D22F-FollowerState] INFO  impl.RoleInfo (RoleInfo.java:updateAndGet(139)) - 6b51f01e-b5c0-4678-b58a-fec8e2165d46: start 6b51f01e-b5c0-4678-b58a-fec8e2165d46@group-4B69A0B6D22F-LeaderElection33
2022-06-19 13:06:18,832 [41970804-e726-44f7-9f9f-c691618d1097@group-4B69A0B6D22F-LeaderElection32] INFO  impl.LeaderElection (LeaderElection.java:run(231)) - 41970804-e726-44f7-9f9f-c691618d1097@group-4B69A0B6D22F-LeaderElection32: skip running since this is already CLOSING
2022-06-19 13:06:18,833 [grpc-default-executor-2] INFO  server.RaftServer$Division (RaftServerImpl.java:requestVote(1184)) - 41970804-e726-44f7-9f9f-c691618d1097@group-4B69A0B6D22F replies to ELECTION vote request: 4c567ed0-77bc-421a-955e-b14cad69b772<-41970804-e726-44f7-9f9f-c691618d1097#0:OK-t3. Peer's state: 41970804-e726-44f7-9f9f-c691618d1097@group-4B69A0B6D22F:t3, leader=null, voted=4c567ed0-77bc-421a-955e-b14cad69b772, raftlog=41970804-e726-44f7-9f9f-c691618d1097@group-4B69A0B6D22F-SegmentedRaftLog:OPENED:c-1, conf=-1: [4c567ed0-77bc-421a-955e-b14cad69b772|rpc:10.1.0.4:35081|dataStream:|priority:0, 41970804-e726-44f7-9f9f-c691618d1097|rpc:10.1.0.4:45369|dataStream:|priority:0, 6b51f01e-b5c0-4678-b58a-fec8e2165d46|rpc:10.1.0.4:40853|dataStream:|priority:1], old=null
2022-06-19 13:06:18,841 [grpc-default-executor-1] INFO  impl.VoteContext (VoteContext.java:log(48)) - 6b51f01e-b5c0-4678-b58a-fec8e2165d46@group-4B69A0B6D22F-CANDIDATE: reject ELECTION from 4c567ed0-77bc-421a-955e-b14cad69b772: our priority 1 > candidate's priority 0
2022-06-19 13:06:18,841 [grpc-default-executor-1] INFO  server.RaftServer$Division (RaftServerImpl.java:setRole(299)) - 6b51f01e-b5c0-4678-b58a-fec8e2165d46@group-4B69A0B6D22F: changes role from CANDIDATE to FOLLOWER at term 3 for candidate:4c567ed0-77bc-421a-955e-b14cad69b772
2022-06-19 13:06:18,841 [grpc-default-executor-1] INFO  impl.RoleInfo (RoleInfo.java:shutdownLeaderElection(130)) - 6b51f01e-b5c0-4678-b58a-fec8e2165d46: shutdown 6b51f01e-b5c0-4678-b58a-fec8e2165d46@group-4B69A0B6D22F-LeaderElection33
2022-06-19 13:06:18,841 [grpc-default-executor-1] INFO  impl.RoleInfo (RoleInfo.java:updateAndGet(139)) - 6b51f01e-b5c0-4678-b58a-fec8e2165d46: start 6b51f01e-b5c0-4678-b58a-fec8e2165d46@group-4B69A0B6D22F-FollowerState
2022-06-19 13:06:18,842 [6b51f01e-b5c0-4678-b58a-fec8e2165d46@group-4B69A0B6D22F-LeaderElection33] INFO  impl.LeaderElection (LeaderElection.java:run(231)) - 6b51f01e-b5c0-4678-b58a-fec8e2165d46@group-4B69A0B6D22F-LeaderElection33: skip running since this is already CLOSING
2022-06-19 13:06:18,856 [Listener at 127.0.0.1/45241] INFO  ozone.MiniOzoneClusterImpl (MiniOzoneClusterImpl.java:lambda$waitForClusterToBeReady$0(221)) - Nodes are ready. Got 5 of 5 DN Heartbeats.
2022-06-19 13:06:18,856 [Listener at 127.0.0.1/45241] INFO  ozone.MiniOzoneClusterImpl (MiniOzoneClusterImpl.java:lambda$waitForClusterToBeReady$0(224)) - Waiting for cluster to exit safe mode
2022-06-19 13:06:18,857 [Listener at 127.0.0.1/45241] INFO  ozone.MiniOzoneClusterImpl (MiniOzoneClusterImpl.java:lambda$waitForClusterToBeReady$0(226)) - SCM became leader
2022-06-19 13:06:18,870 [grpc-default-executor-1] INFO  server.RaftServer$Division (RaftServerImpl.java:requestVote(1184)) - 6b51f01e-b5c0-4678-b58a-fec8e2165d46@group-4B69A0B6D22F replies to ELECTION vote request: 4c567ed0-77bc-421a-955e-b14cad69b772<-6b51f01e-b5c0-4678-b58a-fec8e2165d46#0:FAIL-t3. Peer's state: 6b51f01e-b5c0-4678-b58a-fec8e2165d46@group-4B69A0B6D22F:t3, leader=null, voted=null, raftlog=6b51f01e-b5c0-4678-b58a-fec8e2165d46@group-4B69A0B6D22F-SegmentedRaftLog:OPENED:c-1, conf=-1: [4c567ed0-77bc-421a-955e-b14cad69b772|rpc:10.1.0.4:35081|dataStream:|priority:0, 41970804-e726-44f7-9f9f-c691618d1097|rpc:10.1.0.4:45369|dataStream:|priority:0, 6b51f01e-b5c0-4678-b58a-fec8e2165d46|rpc:10.1.0.4:40853|dataStream:|priority:1], old=null
2022-06-19 13:06:18,871 [4c567ed0-77bc-421a-955e-b14cad69b772@group-4B69A0B6D22F-LeaderElection31] INFO  impl.LeaderElection (LeaderElection.java:logAndReturn(90)) - 4c567ed0-77bc-421a-955e-b14cad69b772@group-4B69A0B6D22F-LeaderElection31: ELECTION REJECTED received 2 response(s) and 0 exception(s):
2022-06-19 13:06:18,871 [4c567ed0-77bc-421a-955e-b14cad69b772@group-4B69A0B6D22F-LeaderElection31] INFO  impl.LeaderElection (LeaderElection.java:logAndReturn(94)) -   Response 0: 4c567ed0-77bc-421a-955e-b14cad69b772<-41970804-e726-44f7-9f9f-c691618d1097#0:OK-t3
2022-06-19 13:06:18,871 [4c567ed0-77bc-421a-955e-b14cad69b772@group-4B69A0B6D22F-LeaderElection31] INFO  impl.LeaderElection (LeaderElection.java:logAndReturn(94)) -   Response 1: 4c567ed0-77bc-421a-955e-b14cad69b772<-6b51f01e-b5c0-4678-b58a-fec8e2165d46#0:FAIL-t3
2022-06-19 13:06:18,871 [4c567ed0-77bc-421a-955e-b14cad69b772@group-4B69A0B6D22F-LeaderElection31] INFO  impl.LeaderElection (LeaderElection.java:askForVotes(312)) - 4c567ed0-77bc-421a-955e-b14cad69b772@group-4B69A0B6D22F-LeaderElection31 ELECTION round 0: result REJECTED
2022-06-19 13:06:18,871 [4c567ed0-77bc-421a-955e-b14cad69b772@group-4B69A0B6D22F-LeaderElection31] INFO  server.RaftServer$Division (RaftServerImpl.java:setRole(299)) - 4c567ed0-77bc-421a-955e-b14cad69b772@group-4B69A0B6D22F: changes role from CANDIDATE to FOLLOWER at term 3 for REJECTED
2022-06-19 13:06:18,871 [4c567ed0-77bc-421a-955e-b14cad69b772@group-4B69A0B6D22F-LeaderElection31] INFO  impl.RoleInfo (RoleInfo.java:shutdownLeaderElection(130)) - 4c567ed0-77bc-421a-955e-b14cad69b772: shutdown 4c567ed0-77bc-421a-955e-b14cad69b772@group-4B69A0B6D22F-LeaderElection31
2022-06-19 13:06:18,871 [4c567ed0-77bc-421a-955e-b14cad69b772@group-4B69A0B6D22F-LeaderElection31] INFO  impl.RoleInfo (RoleInfo.java:updateAndGet(139)) - 4c567ed0-77bc-421a-955e-b14cad69b772: start 4c567ed0-77bc-421a-955e-b14cad69b772@group-4B69A0B6D22F-FollowerState
2022-06-19 13:06:19,038 [41970804-e726-44f7-9f9f-c691618d1097@group-8DB3B69C40A1-FollowerState] INFO  impl.FollowerState (FollowerState.java:run(143)) - 41970804-e726-44f7-9f9f-c691618d1097@group-8DB3B69C40A1-FollowerState: change to CANDIDATE, lastRpcElapsedTime:5065238535ns, electionTimeout:5061ms
2022-06-19 13:06:19,038 [41970804-e726-44f7-9f9f-c691618d1097@group-8DB3B69C40A1-FollowerState] INFO  impl.RoleInfo (RoleInfo.java:shutdownFollowerState(110)) - 41970804-e726-44f7-9f9f-c691618d1097: shutdown 41970804-e726-44f7-9f9f-c691618d1097@group-8DB3B69C40A1-FollowerState
2022-06-19 13:06:19,038 [41970804-e726-44f7-9f9f-c691618d1097@group-8DB3B69C40A1-FollowerState] INFO  server.RaftServer$Division (RaftServerImpl.java:setRole(299)) - 41970804-e726-44f7-9f9f-c691618d1097@group-8DB3B69C40A1: changes role from  FOLLOWER to CANDIDATE at term 2 for changeToCandidate
2022-06-19 13:06:19,039 [41970804-e726-44f7-9f9f-c691618d1097@group-8DB3B69C40A1-FollowerState] INFO  server.RaftServerConfigKeys (ConfUtils.java:logGet(46)) - raft.server.leaderelection.pre-vote = false (custom)
2022-06-19 13:06:19,039 [41970804-e726-44f7-9f9f-c691618d1097@group-8DB3B69C40A1-FollowerState] INFO  impl.RoleInfo (RoleInfo.java:updateAndGet(139)) - 41970804-e726-44f7-9f9f-c691618d1097: start 41970804-e726-44f7-9f9f-c691618d1097@group-8DB3B69C40A1-LeaderElection34
2022-06-19 13:06:19,056 [41970804-e726-44f7-9f9f-c691618d1097@group-8DB3B69C40A1-LeaderElection34] INFO  impl.LeaderElection (LeaderElection.java:askForVotes(310)) - 41970804-e726-44f7-9f9f-c691618d1097@group-8DB3B69C40A1-LeaderElection34 ELECTION round 0: submit vote requests at term 3 for -1: [4c567ed0-77bc-421a-955e-b14cad69b772|rpc:10.1.0.4:35081|dataStream:|priority:0, 41970804-e726-44f7-9f9f-c691618d1097|rpc:10.1.0.4:45369|dataStream:|priority:1, 6b51f01e-b5c0-4678-b58a-fec8e2165d46|rpc:10.1.0.4:40853|dataStream:|priority:0], old=null
2022-06-19 13:06:19,065 [4c567ed0-77bc-421a-955e-b14cad69b772@group-8DB3B69C40A1-FollowerState] INFO  impl.FollowerState (FollowerState.java:run(143)) - 4c567ed0-77bc-421a-955e-b14cad69b772@group-8DB3B69C40A1-FollowerState: change to CANDIDATE, lastRpcElapsedTime:5123252078ns, electionTimeout:5096ms
2022-06-19 13:06:19,065 [4c567ed0-77bc-421a-955e-b14cad69b772@group-8DB3B69C40A1-FollowerState] INFO  impl.RoleInfo (RoleInfo.java:shutdownFollowerState(110)) - 4c567ed0-77bc-421a-955e-b14cad69b772: shutdown 4c567ed0-77bc-421a-955e-b14cad69b772@group-8DB3B69C40A1-FollowerState
2022-06-19 13:06:19,065 [4c567ed0-77bc-421a-955e-b14cad69b772@group-8DB3B69C40A1-FollowerState] INFO  server.RaftServer$Division (RaftServerImpl.java:setRole(299)) - 4c567ed0-77bc-421a-955e-b14cad69b772@group-8DB3B69C40A1: changes role from  FOLLOWER to CANDIDATE at term 2 for changeToCandidate
2022-06-19 13:06:19,078 [4c567ed0-77bc-421a-955e-b14cad69b772@group-8DB3B69C40A1-FollowerState] INFO  server.RaftServerConfigKeys (ConfUtils.java:logGet(46)) - raft.server.leaderelection.pre-vote = false (custom)
2022-06-19 13:06:19,078 [4c567ed0-77bc-421a-955e-b14cad69b772@group-8DB3B69C40A1-FollowerState] INFO  impl.RoleInfo (RoleInfo.java:updateAndGet(139)) - 4c567ed0-77bc-421a-955e-b14cad69b772: start 4c567ed0-77bc-421a-955e-b14cad69b772@group-8DB3B69C40A1-LeaderElection35
2022-06-19 13:06:19,078 [grpc-default-executor-1] INFO  server.RaftServer$Division (RaftServerImpl.java:requestVote(1152)) - 4c567ed0-77bc-421a-955e-b14cad69b772@group-8DB3B69C40A1: receive requestVote(ELECTION, 41970804-e726-44f7-9f9f-c691618d1097, group-8DB3B69C40A1, 3, (t:0, i:0))
2022-06-19 13:06:19,078 [grpc-default-executor-1] INFO  impl.VoteContext (VoteContext.java:log(48)) - 4c567ed0-77bc-421a-955e-b14cad69b772@group-8DB3B69C40A1-CANDIDATE: accept ELECTION from 41970804-e726-44f7-9f9f-c691618d1097: our priority 0 <= candidate's priority 1
2022-06-19 13:06:19,078 [grpc-default-executor-1] INFO  server.RaftServer$Division (RaftServerImpl.java:setRole(299)) - 4c567ed0-77bc-421a-955e-b14cad69b772@group-8DB3B69C40A1: changes role from CANDIDATE to FOLLOWER at term 3 for candidate:41970804-e726-44f7-9f9f-c691618d1097
2022-06-19 13:06:19,078 [grpc-default-executor-1] INFO  impl.RoleInfo (RoleInfo.java:shutdownLeaderElection(130)) - 4c567ed0-77bc-421a-955e-b14cad69b772: shutdown 4c567ed0-77bc-421a-955e-b14cad69b772@group-8DB3B69C40A1-LeaderElection35
2022-06-19 13:06:19,078 [grpc-default-executor-1] INFO  impl.RoleInfo (RoleInfo.java:updateAndGet(139)) - 4c567ed0-77bc-421a-955e-b14cad69b772: start 4c567ed0-77bc-421a-955e-b14cad69b772@group-8DB3B69C40A1-FollowerState
2022-06-19 13:06:19,086 [grpc-default-executor-1] INFO  server.RaftServer$Division (RaftServerImpl.java:requestVote(1184)) - 4c567ed0-77bc-421a-955e-b14cad69b772@group-8DB3B69C40A1 replies to ELECTION vote request: 41970804-e726-44f7-9f9f-c691618d1097<-4c567ed0-77bc-421a-955e-b14cad69b772#0:OK-t3. Peer's state: 4c567ed0-77bc-421a-955e-b14cad69b772@group-8DB3B69C40A1:t3, leader=null, voted=41970804-e726-44f7-9f9f-c691618d1097, raftlog=4c567ed0-77bc-421a-955e-b14cad69b772@group-8DB3B69C40A1-SegmentedRaftLog:OPENED:c-1, conf=-1: [4c567ed0-77bc-421a-955e-b14cad69b772|rpc:10.1.0.4:35081|priority:0, 41970804-e726-44f7-9f9f-c691618d1097|rpc:10.1.0.4:45369|priority:1, 6b51f01e-b5c0-4678-b58a-fec8e2165d46|rpc:10.1.0.4:40853|priority:0], old=null
2022-06-19 13:06:19,087 [41970804-e726-44f7-9f9f-c691618d1097@group-8DB3B69C40A1-LeaderElection34] INFO  impl.LeaderElection (LeaderElection.java:logAndReturn(90)) - 41970804-e726-44f7-9f9f-c691618d1097@group-8DB3B69C40A1-LeaderElection34: ELECTION PASSED received 1 response(s) and 0 exception(s):
2022-06-19 13:06:19,087 [41970804-e726-44f7-9f9f-c691618d1097@group-8DB3B69C40A1-LeaderElection34] INFO  impl.LeaderElection (LeaderElection.java:logAndReturn(94)) -   Response 0: 41970804-e726-44f7-9f9f-c691618d1097<-4c567ed0-77bc-421a-955e-b14cad69b772#0:OK-t3
2022-06-19 13:06:19,087 [41970804-e726-44f7-9f9f-c691618d1097@group-8DB3B69C40A1-LeaderElection34] INFO  impl.LeaderElection (LeaderElection.java:askForVotes(312)) - 41970804-e726-44f7-9f9f-c691618d1097@group-8DB3B69C40A1-LeaderElection34 ELECTION round 0: result PASSED
2022-06-19 13:06:19,087 [41970804-e726-44f7-9f9f-c691618d1097@group-8DB3B69C40A1-LeaderElection34] INFO  impl.RoleInfo (RoleInfo.java:shutdownLeaderElection(130)) - 41970804-e726-44f7-9f9f-c691618d1097: shutdown 41970804-e726-44f7-9f9f-c691618d1097@group-8DB3B69C40A1-LeaderElection34
2022-06-19 13:06:19,087 [41970804-e726-44f7-9f9f-c691618d1097@group-8DB3B69C40A1-LeaderElection34] INFO  server.RaftServer$Division (RaftServerImpl.java:setRole(299)) - 41970804-e726-44f7-9f9f-c691618d1097@group-8DB3B69C40A1: changes role from CANDIDATE to LEADER at term 3 for changeToLeader
2022-06-19 13:06:19,087 [41970804-e726-44f7-9f9f-c691618d1097@group-8DB3B69C40A1-LeaderElection34] INFO  ratis.XceiverServerRatis (XceiverServerRatis.java:handleLeaderChangedNotification(863)) - Leader change notification received for group: group-8DB3B69C40A1 with new leaderId: 41970804-e726-44f7-9f9f-c691618d1097
2022-06-19 13:06:19,087 [41970804-e726-44f7-9f9f-c691618d1097@group-8DB3B69C40A1-LeaderElection34] INFO  server.RaftServer$Division (ServerState.java:setLeader(287)) - 41970804-e726-44f7-9f9f-c691618d1097@group-8DB3B69C40A1: change Leader from null to 41970804-e726-44f7-9f9f-c691618d1097 at term 3 for becomeLeader, leader elected after 15507ms
2022-06-19 13:06:19,087 [41970804-e726-44f7-9f9f-c691618d1097@group-8DB3B69C40A1-LeaderElection34] INFO  server.RaftServerConfigKeys (ConfUtils.java:logGet(46)) - raft.server.staging.catchup.gap = 1000 (default)
2022-06-19 13:06:19,088 [41970804-e726-44f7-9f9f-c691618d1097@group-8DB3B69C40A1-LeaderElection34] INFO  server.RaftServerConfigKeys (ConfUtils.java:logGet(46)) - raft.server.write.element-limit = 1024 (custom)
2022-06-19 13:06:19,088 [41970804-e726-44f7-9f9f-c691618d1097@group-8DB3B69C40A1-LeaderElection34] INFO  server.RaftServerConfigKeys (ConfUtils.java:logGet(46)) - raft.server.write.byte-limit = 1024 M (=1073741824) (custom)
2022-06-19 13:06:19,088 [41970804-e726-44f7-9f9f-c691618d1097@group-8DB3B69C40A1-LeaderElection34] INFO  server.RaftServerConfigKeys (ConfUtils.java:logGet(46)) - raft.server.watch.timeout = 180s (custom)
2022-06-19 13:06:19,088 [41970804-e726-44f7-9f9f-c691618d1097@group-8DB3B69C40A1-LeaderElection34] INFO  server.RaftServerConfigKeys (ConfUtils.java:logGet(46)) - raft.server.watch.timeout.denomination = 1s (default)
2022-06-19 13:06:19,088 [41970804-e726-44f7-9f9f-c691618d1097@group-8DB3B69C40A1-LeaderElection34] INFO  server.RaftServerConfigKeys (ConfUtils.java:logGet(46)) - raft.server.watch.element-limit = 65536 (default)
2022-06-19 13:06:19,088 [41970804-e726-44f7-9f9f-c691618d1097@group-8DB3B69C40A1-LeaderElection34] INFO  server.RaftServerConfigKeys (ConfUtils.java:logGet(46)) - raft.server.write.element-limit = 1024 (custom)
2022-06-19 13:06:19,088 [41970804-e726-44f7-9f9f-c691618d1097@group-8DB3B69C40A1-LeaderElection34] INFO  server.RaftServerConfigKeys (ConfUtils.java:logGet(46)) - raft.server.write.follower.gap.ratio.max = -1.0 (default)
2022-06-19 13:06:19,089 [41970804-e726-44f7-9f9f-c691618d1097@group-8DB3B69C40A1-LeaderElection34] INFO  server.RaftServerConfigKeys (ConfUtils.java:logGet(46)) - raft.server.log.appender.snapshot.chunk.size.max = 16MB (=16777216) (default)
2022-06-19 13:06:19,089 [41970804-e726-44f7-9f9f-c691618d1097@group-8DB3B69C40A1-LeaderElection34] INFO  server.RaftServerConfigKeys (ConfUtils.java:logGet(46)) - raft.server.log.appender.buffer.byte-limit = 33554432 (custom)
2022-06-19 13:06:19,089 [41970804-e726-44f7-9f9f-c691618d1097@group-8DB3B69C40A1-LeaderElection34] INFO  server.RaftServerConfigKeys (ConfUtils.java:logGet(46)) - raft.server.log.appender.buffer.element-limit = 1 (custom)
2022-06-19 13:06:19,089 [41970804-e726-44f7-9f9f-c691618d1097@group-8DB3B69C40A1-LeaderElection34] INFO  grpc.GrpcConfigKeys (ConfUtils.java:logGet(46)) - raft.grpc.server.leader.outstanding.appends.max = 128 (default)
2022-06-19 13:06:19,089 [41970804-e726-44f7-9f9f-c691618d1097@group-8DB3B69C40A1-LeaderElection34] INFO  server.RaftServerConfigKeys (ConfUtils.java:logGet(46)) - raft.server.rpc.request.timeout = 60s (custom)
2022-06-19 13:06:19,089 [41970804-e726-44f7-9f9f-c691618d1097@group-8DB3B69C40A1-LeaderElection34] INFO  server.RaftServerConfigKeys (ConfUtils.java:logGet(46)) - raft.server.log.appender.install.snapshot.enabled = false (custom)
2022-06-19 13:06:19,089 [41970804-e726-44f7-9f9f-c691618d1097@group-8DB3B69C40A1-LeaderElection34] INFO  server.RaftServerConfigKeys (ConfUtils.java:logGet(46)) - raft.server.log.appender.snapshot.chunk.size.max = 16MB (=16777216) (default)
2022-06-19 13:06:19,090 [41970804-e726-44f7-9f9f-c691618d1097@group-8DB3B69C40A1-LeaderElection34] INFO  server.RaftServerConfigKeys (ConfUtils.java:logGet(46)) - raft.server.log.appender.buffer.byte-limit = 33554432 (custom)
2022-06-19 13:06:19,090 [EventQueue-PipelineReportForPipelineReportHandler] INFO  pipeline.PipelineManagerImpl (PipelineManagerImpl.java:openPipeline(356)) - Pipeline Pipeline[ Id: d286c339-0efc-4709-9150-8db3b69c40a1, Nodes: 41970804-e726-44f7-9f9f-c691618d1097{ip: 10.1.0.4, host: fv-az58-449.32bp4kehjaiexiom31oljkjdjg.cx.internal.cloudapp.net, ports: [REPLICATION=43567, RATIS=45369, RATIS_ADMIN=45369, RATIS_SERVER=45369, STANDALONE=35343], networkLocation: /default-rack, certSerialId: null, persistedOpState: IN_SERVICE, persistedOpStateExpiryEpochSec: 0}6b51f01e-b5c0-4678-b58a-fec8e2165d46{ip: 10.1.0.4, host: fv-az58-449.32bp4kehjaiexiom31oljkjdjg.cx.internal.cloudapp.net, ports: [REPLICATION=36927, RATIS=40853, RATIS_ADMIN=40853, RATIS_SERVER=40853, STANDALONE=37385], networkLocation: /default-rack, certSerialId: null, persistedOpState: IN_SERVICE, persistedOpStateExpiryEpochSec: 0}4c567ed0-77bc-421a-955e-b14cad69b772{ip: 10.1.0.4, host: fv-az58-449.32bp4kehjaiexiom31oljkjdjg.cx.internal.cloudapp.net, ports: [REPLICATION=45115, RATIS=35081, RATIS_ADMIN=35081, RATIS_SERVER=35081, STANDALONE=37817], networkLocation: /default-rack, certSerialId: null, persistedOpState: IN_SERVICE, persistedOpStateExpiryEpochSec: 0}, ReplicationConfig: RATIS/THREE, State:ALLOCATED, leaderId:41970804-e726-44f7-9f9f-c691618d1097, CreationTimestamp2022-06-19T13:06:01.982Z[Etc/UTC]] moved to OPEN state
2022-06-19 13:06:19,091 [EventQueue-OpenPipelineForHealthyPipelineSafeModeRule] INFO  safemode.SCMSafeModeManager (HealthyPipelineSafeModeRule.java:process(124)) - SCM in safe mode. Healthy pipelines reported count is 1, required healthy pipeline reported count is 1
2022-06-19 13:06:19,091 [EventQueue-OpenPipelineForHealthyPipelineSafeModeRule] INFO  safemode.SCMSafeModeManager (SCMSafeModeManager.java:validateSafeModeExitRules(204)) - HealthyPipelineSafeModeRule rule is successfully validated
2022-06-19 13:06:19,091 [EventQueue-OpenPipelineForHealthyPipelineSafeModeRule] INFO  safemode.SCMSafeModeManager (SCMSafeModeManager.java:validateSafeModeExitRules(219)) - ScmSafeModeManager, all rules are successfully validated
2022-06-19 13:06:19,091 [EventQueue-OpenPipelineForHealthyPipelineSafeModeRule] INFO  safemode.SCMSafeModeManager (SCMSafeModeManager.java:exitSafeMode(248)) - SCM exiting safe mode.
2022-06-19 13:06:19,091 [EventQueue-OpenPipelineForHealthyPipelineSafeModeRule] WARN  events.EventQueue (EventQueue.java:fireEvent(194)) - No event handler registered for event TypedEvent{payloadType=SafeModeStatus, name='Safe mode status'}
2022-06-19 13:06:19,091 [EventQueue-OpenPipelineForHealthyPipelineSafeModeRule] INFO  ha.SCMContext (SCMContext.java:updateSafeModeStatus(228)) - Update SafeModeStatus from SafeModeStatus{safeModeStatus=true, preCheckPassed=true} to SafeModeStatus{safeModeStatus=false, preCheckPassed=true}.
2022-06-19 13:06:19,091 [EventQueue-OpenPipelineForHealthyPipelineSafeModeRule] INFO  pipeline.BackgroundPipelineCreator (BackgroundPipelineCreator.java:notifyStatusChanged(251)) - Service BackgroundPipelineCreator transitions to RUNNING.
2022-06-19 13:06:19,091 [EventQueue-OpenPipelineForHealthyPipelineSafeModeRule] INFO  BackgroundPipelineScrubber (BackgroundSCMService.java:notifyStatusChanged(82)) - Service BackgroundPipelineScrubber transitions to RUNNING.
2022-06-19 13:06:19,091 [EventQueue-OpenPipelineForHealthyPipelineSafeModeRule] INFO  ExpiredContainerReplicaOpScrubber (BackgroundSCMService.java:notifyStatusChanged(82)) - Service ExpiredContainerReplicaOpScrubber transitions to RUNNING.
2022-06-19 13:06:19,091 [EventQueue-OpenPipelineForHealthyPipelineSafeModeRule] INFO  replication.ReplicationManager (ReplicationManager.java:notifyStatusChanged(372)) - Service ReplicationManager transitions to RUNNING.
2022-06-19 13:06:19,091 [EventQueue-OpenPipelineForHealthyPipelineSafeModeRule] WARN  balancer.ContainerBalancer (ContainerBalancer.java:shouldRun(875)) - Could not find persisted configuration for ContainerBalancer when checking if ContainerBalancer should run. ContainerBalancer should not run now.
2022-06-19 13:06:19,092 [41970804-e726-44f7-9f9f-c691618d1097@group-8DB3B69C40A1-LeaderElection34] INFO  server.RaftServerConfigKeys (ConfUtils.java:logGet(46)) - raft.server.log.appender.buffer.element-limit = 1 (custom)
2022-06-19 13:06:19,092 [41970804-e726-44f7-9f9f-c691618d1097@group-8DB3B69C40A1-LeaderElection34] INFO  grpc.GrpcConfigKeys (ConfUtils.java:logGet(46)) - raft.grpc.server.leader.outstanding.appends.max = 128 (default)
2022-06-19 13:06:19,092 [41970804-e726-44f7-9f9f-c691618d1097@group-8DB3B69C40A1-LeaderElection34] INFO  server.RaftServerConfigKeys (ConfUtils.java:logGet(46)) - raft.server.rpc.request.timeout = 60s (custom)
2022-06-19 13:06:19,092 [41970804-e726-44f7-9f9f-c691618d1097@group-8DB3B69C40A1-LeaderElection34] INFO  server.RaftServerConfigKeys (ConfUtils.java:logGet(46)) - raft.server.log.appender.install.snapshot.enabled = false (custom)
2022-06-19 13:06:19,093 [41970804-e726-44f7-9f9f-c691618d1097@group-8DB3B69C40A1-LeaderElection34] INFO  impl.RoleInfo (RoleInfo.java:updateAndGet(139)) - 41970804-e726-44f7-9f9f-c691618d1097: start 41970804-e726-44f7-9f9f-c691618d1097@group-8DB3B69C40A1-LeaderStateImpl
2022-06-19 13:06:19,093 [41970804-e726-44f7-9f9f-c691618d1097@group-8DB3B69C40A1-LeaderElection34] INFO  segmented.SegmentedRaftLogWorker (SegmentedRaftLogWorker.java:startLogSegment(425)) - 41970804-e726-44f7-9f9f-c691618d1097@group-8DB3B69C40A1-SegmentedRaftLogWorker: Starting segment from index:0
2022-06-19 13:06:19,095 [41970804-e726-44f7-9f9f-c691618d1097@group-8DB3B69C40A1-SegmentedRaftLogWorker] INFO  segmented.SegmentedRaftLogWorker (SegmentedRaftLogWorker.java:execute(629)) - 41970804-e726-44f7-9f9f-c691618d1097@group-8DB3B69C40A1-SegmentedRaftLogWorker: created new log segment /home/runner/work/ozone/ozone/hadoop-ozone/integration-test/target/test-dir/MiniOzoneClusterImpl-2d0576aa-8de3-4753-8d37-6309ac1803f7/datanode-1/data/ratis/d286c339-0efc-4709-9150-8db3b69c40a1/current/log_inprogress_0
2022-06-19 13:06:19,104 [4c567ed0-77bc-421a-955e-b14cad69b772@group-8DB3B69C40A1-LeaderElection35] INFO  impl.LeaderElection (LeaderElection.java:run(231)) - 4c567ed0-77bc-421a-955e-b14cad69b772@group-8DB3B69C40A1-LeaderElection35: skip running since this is already CLOSING
2022-06-19 13:06:19,143 [grpc-default-executor-1] INFO  server.RaftServer$Division (RaftServerImpl.java:requestVote(1152)) - 6b51f01e-b5c0-4678-b58a-fec8e2165d46@group-8DB3B69C40A1: receive requestVote(ELECTION, 41970804-e726-44f7-9f9f-c691618d1097, group-8DB3B69C40A1, 3, (t:0, i:0))
2022-06-19 13:06:19,144 [grpc-default-executor-1] INFO  impl.VoteContext (VoteContext.java:log(48)) - 6b51f01e-b5c0-4678-b58a-fec8e2165d46@group-8DB3B69C40A1-FOLLOWER: accept ELECTION from 41970804-e726-44f7-9f9f-c691618d1097: our priority 0 <= candidate's priority 1
2022-06-19 13:06:19,144 [grpc-default-executor-1] INFO  server.RaftServer$Division (RaftServerImpl.java:setRole(299)) - 6b51f01e-b5c0-4678-b58a-fec8e2165d46@group-8DB3B69C40A1: changes role from  FOLLOWER to FOLLOWER at term 3 for candidate:41970804-e726-44f7-9f9f-c691618d1097
2022-06-19 13:06:19,144 [grpc-default-executor-1] INFO  impl.RoleInfo (RoleInfo.java:shutdownFollowerState(110)) - 6b51f01e-b5c0-4678-b58a-fec8e2165d46: shutdown 6b51f01e-b5c0-4678-b58a-fec8e2165d46@group-8DB3B69C40A1-FollowerState
2022-06-19 13:06:19,144 [41970804-e726-44f7-9f9f-c691618d1097@group-8DB3B69C40A1-LeaderElection34] INFO  server.RaftServer$Division (ServerState.java:setRaftConf(393)) - 41970804-e726-44f7-9f9f-c691618d1097@group-8DB3B69C40A1: set configuration 0: [4c567ed0-77bc-421a-955e-b14cad69b772|rpc:10.1.0.4:35081|dataStream:|priority:0, 41970804-e726-44f7-9f9f-c691618d1097|rpc:10.1.0.4:45369|dataStream:|priority:1, 6b51f01e-b5c0-4678-b58a-fec8e2165d46|rpc:10.1.0.4:40853|dataStream:|priority:0], old=null
2022-06-19 13:06:19,150 [grpc-default-executor-1] INFO  impl.RoleInfo (RoleInfo.java:updateAndGet(139)) - 6b51f01e-b5c0-4678-b58a-fec8e2165d46: start 6b51f01e-b5c0-4678-b58a-fec8e2165d46@group-8DB3B69C40A1-FollowerState
2022-06-19 13:06:19,157 [6b51f01e-b5c0-4678-b58a-fec8e2165d46@group-8DB3B69C40A1-FollowerState] INFO  impl.FollowerState (FollowerState.java:run(152)) - 6b51f01e-b5c0-4678-b58a-fec8e2165d46@group-8DB3B69C40A1-FollowerState was interrupted
2022-06-19 13:06:19,162 [grpc-default-executor-1] INFO  server.RaftServer$Division (RaftServerImpl.java:requestVote(1184)) - 6b51f01e-b5c0-4678-b58a-fec8e2165d46@group-8DB3B69C40A1 replies to ELECTION vote request: 41970804-e726-44f7-9f9f-c691618d1097<-6b51f01e-b5c0-4678-b58a-fec8e2165d46#0:OK-t3. Peer's state: 6b51f01e-b5c0-4678-b58a-fec8e2165d46@group-8DB3B69C40A1:t3, leader=null, voted=41970804-e726-44f7-9f9f-c691618d1097, raftlog=6b51f01e-b5c0-4678-b58a-fec8e2165d46@group-8DB3B69C40A1-SegmentedRaftLog:OPENED:c-1, conf=-1: [4c567ed0-77bc-421a-955e-b14cad69b772|rpc:10.1.0.4:35081|dataStream:|priority:0, 41970804-e726-44f7-9f9f-c691618d1097|rpc:10.1.0.4:45369|dataStream:|priority:1, 6b51f01e-b5c0-4678-b58a-fec8e2165d46|rpc:10.1.0.4:40853|dataStream:|priority:0], old=null
2022-06-19 13:06:19,181 [6b51f01e-b5c0-4678-b58a-fec8e2165d46-server-thread1] INFO  ratis.XceiverServerRatis (XceiverServerRatis.java:handleLeaderChangedNotification(863)) - Leader change notification received for group: group-8DB3B69C40A1 with new leaderId: 41970804-e726-44f7-9f9f-c691618d1097
2022-06-19 13:06:19,182 [6b51f01e-b5c0-4678-b58a-fec8e2165d46-server-thread1] INFO  server.RaftServer$Division (ServerState.java:setLeader(287)) - 6b51f01e-b5c0-4678-b58a-fec8e2165d46@group-8DB3B69C40A1: change Leader from null to 41970804-e726-44f7-9f9f-c691618d1097 at term 3 for appendEntries, leader elected after 15484ms
2022-06-19 13:06:19,194 [4c567ed0-77bc-421a-955e-b14cad69b772-server-thread1] INFO  ratis.XceiverServerRatis (XceiverServerRatis.java:handleLeaderChangedNotification(863)) - Leader change notification received for group: group-8DB3B69C40A1 with new leaderId: 41970804-e726-44f7-9f9f-c691618d1097
2022-06-19 13:06:19,194 [4c567ed0-77bc-421a-955e-b14cad69b772-server-thread1] INFO  server.RaftServer$Division (ServerState.java:setLeader(287)) - 4c567ed0-77bc-421a-955e-b14cad69b772@group-8DB3B69C40A1: change Leader from null to 41970804-e726-44f7-9f9f-c691618d1097 at term 3 for appendEntries, leader elected after 15686ms
2022-06-19 13:06:19,220 [6b51f01e-b5c0-4678-b58a-fec8e2165d46-server-thread1] INFO  server.RaftServer$Division (ServerState.java:setRaftConf(393)) - 6b51f01e-b5c0-4678-b58a-fec8e2165d46@group-8DB3B69C40A1: set configuration 0: [4c567ed0-77bc-421a-955e-b14cad69b772|rpc:10.1.0.4:35081|dataStream:|priority:0, 41970804-e726-44f7-9f9f-c691618d1097|rpc:10.1.0.4:45369|dataStream:|priority:1, 6b51f01e-b5c0-4678-b58a-fec8e2165d46|rpc:10.1.0.4:40853|dataStream:|priority:0], old=null
2022-06-19 13:06:19,220 [6b51f01e-b5c0-4678-b58a-fec8e2165d46-server-thread1] INFO  segmented.SegmentedRaftLogWorker (SegmentedRaftLogWorker.java:startLogSegment(425)) - 6b51f01e-b5c0-4678-b58a-fec8e2165d46@group-8DB3B69C40A1-SegmentedRaftLogWorker: Starting segment from index:0
2022-06-19 13:06:19,220 [4c567ed0-77bc-421a-955e-b14cad69b772-server-thread1] INFO  server.RaftServer$Division (ServerState.java:setRaftConf(393)) - 4c567ed0-77bc-421a-955e-b14cad69b772@group-8DB3B69C40A1: set configuration 0: [4c567ed0-77bc-421a-955e-b14cad69b772|rpc:10.1.0.4:35081|dataStream:|priority:0, 41970804-e726-44f7-9f9f-c691618d1097|rpc:10.1.0.4:45369|dataStream:|priority:1, 6b51f01e-b5c0-4678-b58a-fec8e2165d46|rpc:10.1.0.4:40853|dataStream:|priority:0], old=null
2022-06-19 13:06:19,221 [4c567ed0-77bc-421a-955e-b14cad69b772-server-thread1] INFO  segmented.SegmentedRaftLogWorker (SegmentedRaftLogWorker.java:startLogSegment(425)) - 4c567ed0-77bc-421a-955e-b14cad69b772@group-8DB3B69C40A1-SegmentedRaftLogWorker: Starting segment from index:0
2022-06-19 13:06:19,223 [6b51f01e-b5c0-4678-b58a-fec8e2165d46@group-8DB3B69C40A1-SegmentedRaftLogWorker] INFO  segmented.SegmentedRaftLogWorker (SegmentedRaftLogWorker.java:execute(629)) - 6b51f01e-b5c0-4678-b58a-fec8e2165d46@group-8DB3B69C40A1-SegmentedRaftLogWorker: created new log segment /home/runner/work/ozone/ozone/hadoop-ozone/integration-test/target/test-dir/MiniOzoneClusterImpl-2d0576aa-8de3-4753-8d37-6309ac1803f7/datanode-2/data/ratis/d286c339-0efc-4709-9150-8db3b69c40a1/current/log_inprogress_0
2022-06-19 13:06:19,223 [4c567ed0-77bc-421a-955e-b14cad69b772@group-8DB3B69C40A1-SegmentedRaftLogWorker] INFO  segmented.SegmentedRaftLogWorker (SegmentedRaftLogWorker.java:execute(629)) - 4c567ed0-77bc-421a-955e-b14cad69b772@group-8DB3B69C40A1-SegmentedRaftLogWorker: created new log segment /home/runner/work/ozone/ozone/hadoop-ozone/integration-test/target/test-dir/MiniOzoneClusterImpl-2d0576aa-8de3-4753-8d37-6309ac1803f7/datanode-0/data/ratis/d286c339-0efc-4709-9150-8db3b69c40a1/current/log_inprogress_0
2022-06-19 13:06:19,857 [Listener at 127.0.0.1/45241] INFO  ozone.MiniOzoneClusterImpl (MiniOzoneClusterImpl.java:lambda$waitForClusterToBeReady$0(221)) - Nodes are ready. Got 5 of 5 DN Heartbeats.
2022-06-19 13:06:19,857 [Listener at 127.0.0.1/45241] INFO  ozone.MiniOzoneClusterImpl (MiniOzoneClusterImpl.java:lambda$waitForClusterToBeReady$0(224)) - Cluster exits safe mode
2022-06-19 13:06:19,857 [Listener at 127.0.0.1/45241] INFO  ozone.MiniOzoneClusterImpl (MiniOzoneClusterImpl.java:lambda$waitForClusterToBeReady$0(226)) - SCM became leader
2022-06-19 13:06:20,016 [Listener at 127.0.0.1/45241] INFO  rpc.RpcClient (RpcClient.java:createVolume(466)) - Creating Volume: volume87664, with user37725 as owner and space quota set to -1 bytes, counts quota set to -1
2022-06-19 13:06:20,030 [IPC Server handler 9 on default port 45241] INFO  volume.OMVolumeCreateRequest (OMVolumeCreateRequest.java:validateAndUpdateCache(195)) - created volume:volume87664 for user:user37725
2022-06-19 13:06:20,091 [Listener at 127.0.0.1/45241] INFO  rpc.RpcClient (RpcClient.java:createBucket(666)) - Creating Bucket: volume87664/bucket74908, with the Bucket Layout LEGACY, runner as owner, Versioning false, Storage Type set to DISK and Encryption set to false 
2022-06-19 13:06:20,093 [IPC Server handler 3 on default port 45241] INFO  bucket.OMBucketCreateRequest (OMBucketCreateRequest.java:validateAndUpdateCache(260)) - created bucket: bucket74908 of layout LEGACY in volume: volume87664
]]></system-out>
  </testcase>
  <testcase name="testGetTrashRoot" classname="TestOzoneFileSystem" time="65.656">
    <system-out><![CDATA[2022-06-19 13:06:29,505 [Listener at 127.0.0.1/45241] INFO  ozone.MiniOzoneClusterImpl (MiniOzoneClusterImpl.java:shutdown(456)) - Shutting down the Mini Ozone Cluster
2022-06-19 13:06:29,505 [Listener at 127.0.0.1/45241] INFO  ozone.MiniOzoneClusterImpl (MiniOzoneClusterImpl.java:stop(471)) - Stopping the Mini Ozone Cluster
2022-06-19 13:06:29,505 [Listener at 127.0.0.1/45241] INFO  ozone.MiniOzoneClusterImpl (MiniOzoneClusterImpl.java:stopOM(553)) - Stopping the OzoneManager
2022-06-19 13:06:29,505 [Listener at 127.0.0.1/45241] INFO  om.OzoneManager (OzoneManager.java:stop(2020)) - om1[localhost:0]: Stopping Ozone Manager
2022-06-19 13:06:29,505 [Listener at 127.0.0.1/45241] INFO  ipc.Server (Server.java:stop(3414)) - Stopping server on 45241
2022-06-19 13:06:29,518 [IPC Server listener on 0] INFO  ipc.Server (Server.java:run(1376)) - Stopping IPC Server listener on 0
2022-06-19 13:06:29,541 [Listener at 127.0.0.1/45241] INFO  ratis.OzoneManagerDoubleBuffer (OzoneManagerDoubleBuffer.java:stop(465)) - Stopping OMDoubleBuffer flush thread
2022-06-19 13:06:29,541 [IPC Server Responder] INFO  ipc.Server (Server.java:run(1512)) - Stopping IPC Server Responder
2022-06-19 13:06:29,542 [OMDoubleBufferFlushThread] INFO  ratis.OzoneManagerDoubleBuffer (OzoneManagerDoubleBuffer.java:flushTransactions(385)) - OMDoubleBuffer flush thread OMDoubleBufferFlushThread is interrupted and will exit.
2022-06-19 13:06:29,542 [Listener at 127.0.0.1/45241] INFO  utils.BackgroundService (BackgroundService.java:shutdown(132)) - Shutting down service KeyDeletingService
2022-06-19 13:06:29,542 [Listener at 127.0.0.1/45241] INFO  utils.BackgroundService (BackgroundService.java:shutdown(132)) - Shutting down service DirectoryDeletingService
2022-06-19 13:06:29,543 [Listener at 127.0.0.1/45241] INFO  handler.ContextHandler (ContextHandler.java:doStop(1153)) - Stopped o.e.j.w.WebAppContext@10b4488b{ozoneManager,/,null,STOPPED}{file:/home/runner/work/ozone/ozone/hadoop-ozone/integration-test/target/test-classes/webapps/ozoneManager}
2022-06-19 13:06:29,543 [Listener at 127.0.0.1/45241] INFO  server.AbstractConnector (AbstractConnector.java:doStop(381)) - Stopped ServerConnector@2c30a77d{HTTP/1.1, (http/1.1)}{0.0.0.0:0}
2022-06-19 13:06:29,544 [Listener at 127.0.0.1/45241] INFO  server.session (HouseKeeper.java:stopScavenging(149)) - node0 Stopped scavenging
2022-06-19 13:06:29,544 [Listener at 127.0.0.1/45241] INFO  handler.ContextHandler (ContextHandler.java:doStop(1153)) - Stopped o.e.j.s.ServletContextHandler@12a7df1f{static,/static,file:///home/runner/work/ozone/ozone/hadoop-ozone/integration-test/target/test-classes/webapps/static,STOPPED}
2022-06-19 13:06:29,544 [Listener at 127.0.0.1/45241] INFO  handler.ContextHandler (ContextHandler.java:doStop(1153)) - Stopped o.e.j.s.ServletContextHandler@b879650{logs,/logs,file:///home/runner/work/ozone/ozone/hadoop-ozone/integration-test/target/log,STOPPED}
2022-06-19 13:06:29,548 [Listener at 127.0.0.1/45241] INFO  ozone.MiniOzoneClusterImpl (MiniOzoneClusterImpl.java:stopDatanodes(530)) - Stopping the HddsDatanodes
2022-06-19 13:06:29,561 [Trash Emptier] ERROR om.TrashPolicyOzone (TrashPolicyOzone.java:run(251)) - Error attempting to shutdown
java.lang.InterruptedException
	at java.util.concurrent.locks.AbstractQueuedSynchronizer$ConditionObject.awaitNanos(AbstractQueuedSynchronizer.java:2067)
	at java.util.concurrent.ThreadPoolExecutor.awaitTermination(ThreadPoolExecutor.java:1475)
	at org.apache.hadoop.ozone.om.TrashPolicyOzone$Emptier.run(TrashPolicyOzone.java:249)
	at java.lang.Thread.run(Thread.java:750)
2022-06-19 13:06:29,562 [Trash Emptier] ERROR util.ExitUtils (ExitUtils.java:terminate(133)) - Terminating with exit status -1: Thread[Trash Emptier,5,main] has thrown an uncaught exception
java.lang.UnsupportedOperationException: fs.getUri() not implemented in TrashOzoneFileSystem
	at org.apache.hadoop.ozone.om.TrashOzoneFileSystem.getUri(TrashOzoneFileSystem.java:125)
	at org.apache.hadoop.fs.FileSystem.close(FileSystem.java:2592)
	at org.apache.hadoop.ozone.om.TrashPolicyOzone$Emptier.run(TrashPolicyOzone.java:243)
	at java.lang.Thread.run(Thread.java:750)
2022-06-19 13:06:34,559 [Listener at 127.0.0.1/45241] INFO  ozoneimpl.OzoneContainer (OzoneContainer.java:stop(365)) - Attempting to stop container services.
2022-06-19 13:06:34,559 [ForkJoinPool.commonPool-worker-0] INFO  ozoneimpl.OzoneContainer (OzoneContainer.java:stop(365)) - Attempting to stop container services.
2022-06-19 13:06:34,561 [ForkJoinPool.commonPool-worker-0] INFO  server.RaftServer (RaftServerProxy.java:lambda$close$7(398)) - 41970804-e726-44f7-9f9f-c691618d1097: close
2022-06-19 13:06:34,561 [ForkJoinPool.commonPool-worker-0] INFO  server.RaftServer$Division (RaftServerImpl.java:lambda$close$4(434)) - 41970804-e726-44f7-9f9f-c691618d1097@group-4B69A0B6D22F: shutdown
2022-06-19 13:06:34,562 [ForkJoinPool.commonPool-worker-0] INFO  util.JmxRegister (JmxRegister.java:unregister(73)) - Successfully un-registered JMX Bean with object name Ratis:service=RaftServer,group=group-4B69A0B6D22F,id=41970804-e726-44f7-9f9f-c691618d1097
2022-06-19 13:06:34,562 [ForkJoinPool.commonPool-worker-0] INFO  impl.RoleInfo (RoleInfo.java:shutdownFollowerState(110)) - 41970804-e726-44f7-9f9f-c691618d1097: shutdown 41970804-e726-44f7-9f9f-c691618d1097@group-4B69A0B6D22F-FollowerState
2022-06-19 13:06:34,562 [ForkJoinPool.commonPool-worker-0] INFO  impl.StateMachineUpdater (StateMachineUpdater.java:stopAndJoin(153)) - 41970804-e726-44f7-9f9f-c691618d1097@group-4B69A0B6D22F-StateMachineUpdater: set stopIndex = 0
2022-06-19 13:06:34,562 [41970804-e726-44f7-9f9f-c691618d1097@group-4B69A0B6D22F-FollowerState] INFO  impl.FollowerState (FollowerState.java:run(152)) - 41970804-e726-44f7-9f9f-c691618d1097@group-4B69A0B6D22F-FollowerState was interrupted
2022-06-19 13:06:34,562 [41970804-e726-44f7-9f9f-c691618d1097@group-4B69A0B6D22F-StateMachineUpdater] INFO  ratis.ContainerStateMachine (ContainerStateMachine.java:takeSnapshot(304)) - group-4B69A0B6D22F: Taking a snapshot at:(t:4, i:0) file /home/runner/work/ozone/ozone/hadoop-ozone/integration-test/target/test-dir/MiniOzoneClusterImpl-2d0576aa-8de3-4753-8d37-6309ac1803f7/datanode-1/data/ratis/f46cf579-ffdd-4723-8e0b-4b69a0b6d22f/sm/snapshot.4_0
2022-06-19 13:06:34,564 [41970804-e726-44f7-9f9f-c691618d1097@group-4B69A0B6D22F-StateMachineUpdater] INFO  ratis.ContainerStateMachine (ContainerStateMachine.java:takeSnapshot(315)) - group-4B69A0B6D22F: Finished taking a snapshot at:(t:4, i:0) file:/home/runner/work/ozone/ozone/hadoop-ozone/integration-test/target/test-dir/MiniOzoneClusterImpl-2d0576aa-8de3-4753-8d37-6309ac1803f7/datanode-1/data/ratis/f46cf579-ffdd-4723-8e0b-4b69a0b6d22f/sm/snapshot.4_0 took: 2 ms
2022-06-19 13:06:34,564 [41970804-e726-44f7-9f9f-c691618d1097@group-4B69A0B6D22F-StateMachineUpdater] INFO  impl.StateMachineUpdater (StateMachineUpdater.java:takeSnapshot(287)) - 41970804-e726-44f7-9f9f-c691618d1097@group-4B69A0B6D22F-StateMachineUpdater: Took a snapshot at index 0
2022-06-19 13:06:34,564 [41970804-e726-44f7-9f9f-c691618d1097@group-4B69A0B6D22F-StateMachineUpdater] INFO  impl.StateMachineUpdater (StateMachineUpdater.java:lambda$new$0(92)) - 41970804-e726-44f7-9f9f-c691618d1097@group-4B69A0B6D22F-StateMachineUpdater: snapshotIndex: updateIncreasingly -1 -> 0
2022-06-19 13:06:34,565 [ForkJoinPool.commonPool-worker-0] INFO  server.RaftServer$Division (ServerState.java:close(429)) - 41970804-e726-44f7-9f9f-c691618d1097@group-4B69A0B6D22F: closes. applyIndex: 0
2022-06-19 13:06:34,565 [41970804-e726-44f7-9f9f-c691618d1097@group-4B69A0B6D22F-SegmentedRaftLogWorker] INFO  segmented.SegmentedRaftLogWorker (SegmentedRaftLogWorker.java:run(336)) - 41970804-e726-44f7-9f9f-c691618d1097@group-4B69A0B6D22F-SegmentedRaftLogWorker was interrupted, exiting. There are 0 tasks remaining in the queue.
2022-06-19 13:06:34,566 [Listener at 127.0.0.1/45241] INFO  server.RaftServer (RaftServerProxy.java:lambda$close$7(398)) - 6b51f01e-b5c0-4678-b58a-fec8e2165d46: close
2022-06-19 13:06:34,567 [Listener at 127.0.0.1/45241] INFO  server.RaftServer$Division (RaftServerImpl.java:lambda$close$4(434)) - 6b51f01e-b5c0-4678-b58a-fec8e2165d46@group-4B69A0B6D22F: shutdown
2022-06-19 13:06:34,567 [Listener at 127.0.0.1/45241] INFO  util.JmxRegister (JmxRegister.java:unregister(73)) - Successfully un-registered JMX Bean with object name Ratis:service=RaftServer,group=group-4B69A0B6D22F,id=6b51f01e-b5c0-4678-b58a-fec8e2165d46
2022-06-19 13:06:34,567 [Listener at 127.0.0.1/45241] INFO  impl.RoleInfo (RoleInfo.java:shutdownLeaderState(93)) - 6b51f01e-b5c0-4678-b58a-fec8e2165d46: shutdown 6b51f01e-b5c0-4678-b58a-fec8e2165d46@group-4B69A0B6D22F-LeaderStateImpl
2022-06-19 13:06:34,567 [Listener at 127.0.0.1/45241] INFO  impl.PendingRequests (PendingRequests.java:sendNotLeaderResponses(282)) - 6b51f01e-b5c0-4678-b58a-fec8e2165d46@group-4B69A0B6D22F-PendingRequests: sendNotLeaderResponses
2022-06-19 13:06:34,567 [6b51f01e-b5c0-4678-b58a-fec8e2165d46@group-4B69A0B6D22F->4c567ed0-77bc-421a-955e-b14cad69b772-GrpcLogAppender-LogAppenderDaemon] WARN  server.GrpcLogAppender (GrpcLogAppender.java:mayWait(171)) - 6b51f01e-b5c0-4678-b58a-fec8e2165d46@group-4B69A0B6D22F->4c567ed0-77bc-421a-955e-b14cad69b772-GrpcLogAppender: Wait interrupted by java.lang.InterruptedException
2022-06-19 13:06:34,568 [Listener at 127.0.0.1/45241] INFO  impl.StateMachineUpdater (StateMachineUpdater.java:stopAndJoin(153)) - 6b51f01e-b5c0-4678-b58a-fec8e2165d46@group-4B69A0B6D22F-StateMachineUpdater: set stopIndex = 0
2022-06-19 13:06:34,568 [6b51f01e-b5c0-4678-b58a-fec8e2165d46@group-4B69A0B6D22F->41970804-e726-44f7-9f9f-c691618d1097-GrpcLogAppender-LogAppenderDaemon] WARN  server.GrpcLogAppender (GrpcLogAppender.java:mayWait(171)) - 6b51f01e-b5c0-4678-b58a-fec8e2165d46@group-4B69A0B6D22F->41970804-e726-44f7-9f9f-c691618d1097-GrpcLogAppender: Wait interrupted by java.lang.InterruptedException
2022-06-19 13:06:34,569 [grpc-default-executor-0] INFO  server.GrpcServerProtocolService (GrpcServerProtocolService.java:onCompleted(140)) - 4c567ed0-77bc-421a-955e-b14cad69b772: Completed APPEND_ENTRIES, lastRequest: 6b51f01e-b5c0-4678-b58a-fec8e2165d46->4c567ed0-77bc-421a-955e-b14cad69b772#1-t4,previous=(t:0, i:0),leaderCommit=-1,initializing? true,entries: size=1, first=(t:4, i:0), CONFIGURATIONENTRY
2022-06-19 13:06:34,569 [6b51f01e-b5c0-4678-b58a-fec8e2165d46@group-4B69A0B6D22F-StateMachineUpdater] INFO  ratis.ContainerStateMachine (ContainerStateMachine.java:takeSnapshot(304)) - group-4B69A0B6D22F: Taking a snapshot at:(t:4, i:0) file /home/runner/work/ozone/ozone/hadoop-ozone/integration-test/target/test-dir/MiniOzoneClusterImpl-2d0576aa-8de3-4753-8d37-6309ac1803f7/datanode-2/data/ratis/f46cf579-ffdd-4723-8e0b-4b69a0b6d22f/sm/snapshot.4_0
2022-06-19 13:06:34,570 [grpc-default-executor-1] INFO  server.GrpcServerProtocolService (GrpcServerProtocolService.java:onCompleted(140)) - 41970804-e726-44f7-9f9f-c691618d1097: Completed APPEND_ENTRIES, lastRequest: 6b51f01e-b5c0-4678-b58a-fec8e2165d46->41970804-e726-44f7-9f9f-c691618d1097#1-t4,previous=(t:0, i:0),leaderCommit=0,initializing? true,entries: size=1, first=(t:4, i:0), CONFIGURATIONENTRY
2022-06-19 13:06:34,570 [6b51f01e-b5c0-4678-b58a-fec8e2165d46@group-4B69A0B6D22F-StateMachineUpdater] INFO  ratis.ContainerStateMachine (ContainerStateMachine.java:takeSnapshot(315)) - group-4B69A0B6D22F: Finished taking a snapshot at:(t:4, i:0) file:/home/runner/work/ozone/ozone/hadoop-ozone/integration-test/target/test-dir/MiniOzoneClusterImpl-2d0576aa-8de3-4753-8d37-6309ac1803f7/datanode-2/data/ratis/f46cf579-ffdd-4723-8e0b-4b69a0b6d22f/sm/snapshot.4_0 took: 1 ms
2022-06-19 13:06:34,570 [6b51f01e-b5c0-4678-b58a-fec8e2165d46@group-4B69A0B6D22F-StateMachineUpdater] INFO  impl.StateMachineUpdater (StateMachineUpdater.java:takeSnapshot(287)) - 6b51f01e-b5c0-4678-b58a-fec8e2165d46@group-4B69A0B6D22F-StateMachineUpdater: Took a snapshot at index 0
2022-06-19 13:06:34,570 [6b51f01e-b5c0-4678-b58a-fec8e2165d46@group-4B69A0B6D22F-StateMachineUpdater] INFO  impl.StateMachineUpdater (StateMachineUpdater.java:lambda$new$0(92)) - 6b51f01e-b5c0-4678-b58a-fec8e2165d46@group-4B69A0B6D22F-StateMachineUpdater: snapshotIndex: updateIncreasingly -1 -> 0
2022-06-19 13:06:34,570 [grpc-default-executor-3] INFO  server.GrpcLogAppender (GrpcLogAppender.java:onCompleted(339)) - 6b51f01e-b5c0-4678-b58a-fec8e2165d46@group-4B69A0B6D22F->4c567ed0-77bc-421a-955e-b14cad69b772-AppendLogResponseHandler: follower responses appendEntries COMPLETED
2022-06-19 13:06:34,570 [grpc-default-executor-3] INFO  leader.FollowerInfo (FollowerInfoImpl.java:lambda$new$0(48)) - 6b51f01e-b5c0-4678-b58a-fec8e2165d46@group-4B69A0B6D22F->4c567ed0-77bc-421a-955e-b14cad69b772: nextIndex: updateUnconditionally 1 -> 0
2022-06-19 13:06:34,570 [grpc-default-executor-2] INFO  server.GrpcLogAppender (GrpcLogAppender.java:onCompleted(339)) - 6b51f01e-b5c0-4678-b58a-fec8e2165d46@group-4B69A0B6D22F->41970804-e726-44f7-9f9f-c691618d1097-AppendLogResponseHandler: follower responses appendEntries COMPLETED
2022-06-19 13:06:34,571 [grpc-default-executor-2] INFO  leader.FollowerInfo (FollowerInfoImpl.java:lambda$new$0(48)) - 6b51f01e-b5c0-4678-b58a-fec8e2165d46@group-4B69A0B6D22F->41970804-e726-44f7-9f9f-c691618d1097: nextIndex: updateUnconditionally 1 -> 0
2022-06-19 13:06:34,573 [Listener at 127.0.0.1/45241] INFO  server.RaftServer$Division (ServerState.java:close(429)) - 6b51f01e-b5c0-4678-b58a-fec8e2165d46@group-4B69A0B6D22F: closes. applyIndex: 0
2022-06-19 13:06:34,573 [6b51f01e-b5c0-4678-b58a-fec8e2165d46@group-4B69A0B6D22F-SegmentedRaftLogWorker] INFO  segmented.SegmentedRaftLogWorker (SegmentedRaftLogWorker.java:run(336)) - 6b51f01e-b5c0-4678-b58a-fec8e2165d46@group-4B69A0B6D22F-SegmentedRaftLogWorker was interrupted, exiting. There are 0 tasks remaining in the queue.
2022-06-19 13:06:34,577 [ForkJoinPool.commonPool-worker-0] INFO  segmented.SegmentedRaftLogWorker (SegmentedRaftLogWorker.java:close(246)) - 41970804-e726-44f7-9f9f-c691618d1097@group-4B69A0B6D22F-SegmentedRaftLogWorker close()
2022-06-19 13:06:34,586 [Listener at 127.0.0.1/45241] INFO  segmented.SegmentedRaftLogWorker (SegmentedRaftLogWorker.java:close(246)) - 6b51f01e-b5c0-4678-b58a-fec8e2165d46@group-4B69A0B6D22F-SegmentedRaftLogWorker close()
2022-06-19 13:06:34,587 [Listener at 127.0.0.1/45241] INFO  server.RaftServer$Division (RaftServerImpl.java:lambda$close$4(434)) - 6b51f01e-b5c0-4678-b58a-fec8e2165d46@group-79A5FCC5F9BB: shutdown
2022-06-19 13:06:34,587 [Listener at 127.0.0.1/45241] INFO  util.JmxRegister (JmxRegister.java:unregister(73)) - Successfully un-registered JMX Bean with object name Ratis:service=RaftServer,group=group-79A5FCC5F9BB,id=6b51f01e-b5c0-4678-b58a-fec8e2165d46
2022-06-19 13:06:34,587 [Listener at 127.0.0.1/45241] INFO  impl.RoleInfo (RoleInfo.java:shutdownLeaderState(93)) - 6b51f01e-b5c0-4678-b58a-fec8e2165d46: shutdown 6b51f01e-b5c0-4678-b58a-fec8e2165d46@group-79A5FCC5F9BB-LeaderStateImpl
2022-06-19 13:06:34,587 [Listener at 127.0.0.1/45241] INFO  impl.PendingRequests (PendingRequests.java:sendNotLeaderResponses(282)) - 6b51f01e-b5c0-4678-b58a-fec8e2165d46@group-79A5FCC5F9BB-PendingRequests: sendNotLeaderResponses
2022-06-19 13:06:34,588 [6b51f01e-b5c0-4678-b58a-fec8e2165d46@group-79A5FCC5F9BB-StateMachineUpdater] INFO  ratis.ContainerStateMachine (ContainerStateMachine.java:takeSnapshot(304)) - group-79A5FCC5F9BB: Taking a snapshot at:(t:1, i:0) file /home/runner/work/ozone/ozone/hadoop-ozone/integration-test/target/test-dir/MiniOzoneClusterImpl-2d0576aa-8de3-4753-8d37-6309ac1803f7/datanode-2/data/ratis/26c602bf-e0bf-4642-936c-79a5fcc5f9bb/sm/snapshot.1_0
2022-06-19 13:06:34,588 [Listener at 127.0.0.1/45241] INFO  impl.StateMachineUpdater (StateMachineUpdater.java:stopAndJoin(153)) - 6b51f01e-b5c0-4678-b58a-fec8e2165d46@group-79A5FCC5F9BB-StateMachineUpdater: set stopIndex = 0
2022-06-19 13:06:34,589 [6b51f01e-b5c0-4678-b58a-fec8e2165d46@group-79A5FCC5F9BB-StateMachineUpdater] INFO  ratis.ContainerStateMachine (ContainerStateMachine.java:takeSnapshot(315)) - group-79A5FCC5F9BB: Finished taking a snapshot at:(t:1, i:0) file:/home/runner/work/ozone/ozone/hadoop-ozone/integration-test/target/test-dir/MiniOzoneClusterImpl-2d0576aa-8de3-4753-8d37-6309ac1803f7/datanode-2/data/ratis/26c602bf-e0bf-4642-936c-79a5fcc5f9bb/sm/snapshot.1_0 took: 1 ms
2022-06-19 13:06:34,589 [6b51f01e-b5c0-4678-b58a-fec8e2165d46@group-79A5FCC5F9BB-StateMachineUpdater] INFO  impl.StateMachineUpdater (StateMachineUpdater.java:takeSnapshot(287)) - 6b51f01e-b5c0-4678-b58a-fec8e2165d46@group-79A5FCC5F9BB-StateMachineUpdater: Took a snapshot at index 0
2022-06-19 13:06:34,589 [6b51f01e-b5c0-4678-b58a-fec8e2165d46@group-79A5FCC5F9BB-StateMachineUpdater] INFO  impl.StateMachineUpdater (StateMachineUpdater.java:lambda$new$0(92)) - 6b51f01e-b5c0-4678-b58a-fec8e2165d46@group-79A5FCC5F9BB-StateMachineUpdater: snapshotIndex: updateIncreasingly -1 -> 0
2022-06-19 13:06:34,589 [Listener at 127.0.0.1/45241] INFO  server.RaftServer$Division (ServerState.java:close(429)) - 6b51f01e-b5c0-4678-b58a-fec8e2165d46@group-79A5FCC5F9BB: closes. applyIndex: 0
2022-06-19 13:06:34,589 [6b51f01e-b5c0-4678-b58a-fec8e2165d46@group-79A5FCC5F9BB-SegmentedRaftLogWorker] INFO  segmented.SegmentedRaftLogWorker (SegmentedRaftLogWorker.java:run(336)) - 6b51f01e-b5c0-4678-b58a-fec8e2165d46@group-79A5FCC5F9BB-SegmentedRaftLogWorker was interrupted, exiting. There are 0 tasks remaining in the queue.
2022-06-19 13:06:34,590 [Listener at 127.0.0.1/45241] INFO  segmented.SegmentedRaftLogWorker (SegmentedRaftLogWorker.java:close(246)) - 6b51f01e-b5c0-4678-b58a-fec8e2165d46@group-79A5FCC5F9BB-SegmentedRaftLogWorker close()
2022-06-19 13:06:34,594 [Listener at 127.0.0.1/45241] INFO  server.RaftServer$Division (RaftServerImpl.java:lambda$close$4(434)) - 6b51f01e-b5c0-4678-b58a-fec8e2165d46@group-8DB3B69C40A1: shutdown
2022-06-19 13:06:34,594 [Listener at 127.0.0.1/45241] INFO  util.JmxRegister (JmxRegister.java:unregister(73)) - Successfully un-registered JMX Bean with object name Ratis:service=RaftServer,group=group-8DB3B69C40A1,id=6b51f01e-b5c0-4678-b58a-fec8e2165d46
2022-06-19 13:06:34,594 [Listener at 127.0.0.1/45241] INFO  impl.RoleInfo (RoleInfo.java:shutdownFollowerState(110)) - 6b51f01e-b5c0-4678-b58a-fec8e2165d46: shutdown 6b51f01e-b5c0-4678-b58a-fec8e2165d46@group-8DB3B69C40A1-FollowerState
2022-06-19 13:06:34,595 [Listener at 127.0.0.1/45241] INFO  impl.StateMachineUpdater (StateMachineUpdater.java:stopAndJoin(153)) - 6b51f01e-b5c0-4678-b58a-fec8e2165d46@group-8DB3B69C40A1-StateMachineUpdater: set stopIndex = 29
2022-06-19 13:06:34,595 [6b51f01e-b5c0-4678-b58a-fec8e2165d46@group-8DB3B69C40A1-StateMachineUpdater] INFO  ratis.ContainerStateMachine (ContainerStateMachine.java:takeSnapshot(304)) - group-8DB3B69C40A1: Taking a snapshot at:(t:3, i:29) file /home/runner/work/ozone/ozone/hadoop-ozone/integration-test/target/test-dir/MiniOzoneClusterImpl-2d0576aa-8de3-4753-8d37-6309ac1803f7/datanode-2/data/ratis/d286c339-0efc-4709-9150-8db3b69c40a1/sm/snapshot.3_29
2022-06-19 13:06:34,595 [6b51f01e-b5c0-4678-b58a-fec8e2165d46@group-8DB3B69C40A1-FollowerState] INFO  impl.FollowerState (FollowerState.java:run(152)) - 6b51f01e-b5c0-4678-b58a-fec8e2165d46@group-8DB3B69C40A1-FollowerState was interrupted
2022-06-19 13:06:34,605 [6b51f01e-b5c0-4678-b58a-fec8e2165d46@group-8DB3B69C40A1-StateMachineUpdater] INFO  ratis.ContainerStateMachine (ContainerStateMachine.java:takeSnapshot(315)) - group-8DB3B69C40A1: Finished taking a snapshot at:(t:3, i:29) file:/home/runner/work/ozone/ozone/hadoop-ozone/integration-test/target/test-dir/MiniOzoneClusterImpl-2d0576aa-8de3-4753-8d37-6309ac1803f7/datanode-2/data/ratis/d286c339-0efc-4709-9150-8db3b69c40a1/sm/snapshot.3_29 took: 10 ms
2022-06-19 13:06:34,605 [6b51f01e-b5c0-4678-b58a-fec8e2165d46@group-8DB3B69C40A1-StateMachineUpdater] INFO  impl.StateMachineUpdater (StateMachineUpdater.java:takeSnapshot(287)) - 6b51f01e-b5c0-4678-b58a-fec8e2165d46@group-8DB3B69C40A1-StateMachineUpdater: Took a snapshot at index 29
2022-06-19 13:06:34,605 [6b51f01e-b5c0-4678-b58a-fec8e2165d46@group-8DB3B69C40A1-StateMachineUpdater] INFO  impl.StateMachineUpdater (StateMachineUpdater.java:lambda$new$0(92)) - 6b51f01e-b5c0-4678-b58a-fec8e2165d46@group-8DB3B69C40A1-StateMachineUpdater: snapshotIndex: updateIncreasingly -1 -> 29
2022-06-19 13:06:34,609 [Listener at 127.0.0.1/45241] INFO  server.RaftServer$Division (ServerState.java:close(429)) - 6b51f01e-b5c0-4678-b58a-fec8e2165d46@group-8DB3B69C40A1: closes. applyIndex: 29
2022-06-19 13:06:34,609 [6b51f01e-b5c0-4678-b58a-fec8e2165d46@group-8DB3B69C40A1-SegmentedRaftLogWorker] INFO  segmented.SegmentedRaftLogWorker (SegmentedRaftLogWorker.java:run(336)) - 6b51f01e-b5c0-4678-b58a-fec8e2165d46@group-8DB3B69C40A1-SegmentedRaftLogWorker was interrupted, exiting. There are 0 tasks remaining in the queue.
2022-06-19 13:06:34,610 [ForkJoinPool.commonPool-worker-0] INFO  server.RaftServer$Division (RaftServerImpl.java:lambda$close$4(434)) - 41970804-e726-44f7-9f9f-c691618d1097@group-8DB3B69C40A1: shutdown
2022-06-19 13:06:34,610 [ForkJoinPool.commonPool-worker-0] INFO  util.JmxRegister (JmxRegister.java:unregister(73)) - Successfully un-registered JMX Bean with object name Ratis:service=RaftServer,group=group-8DB3B69C40A1,id=41970804-e726-44f7-9f9f-c691618d1097
2022-06-19 13:06:34,610 [ForkJoinPool.commonPool-worker-0] INFO  impl.RoleInfo (RoleInfo.java:shutdownLeaderState(93)) - 41970804-e726-44f7-9f9f-c691618d1097: shutdown 41970804-e726-44f7-9f9f-c691618d1097@group-8DB3B69C40A1-LeaderStateImpl
2022-06-19 13:06:34,610 [ForkJoinPool.commonPool-worker-0] INFO  impl.PendingRequests (PendingRequests.java:sendNotLeaderResponses(282)) - 41970804-e726-44f7-9f9f-c691618d1097@group-8DB3B69C40A1-PendingRequests: sendNotLeaderResponses
2022-06-19 13:06:34,610 [41970804-e726-44f7-9f9f-c691618d1097@group-8DB3B69C40A1->4c567ed0-77bc-421a-955e-b14cad69b772-GrpcLogAppender-LogAppenderDaemon] WARN  server.GrpcLogAppender (GrpcLogAppender.java:mayWait(171)) - 41970804-e726-44f7-9f9f-c691618d1097@group-8DB3B69C40A1->4c567ed0-77bc-421a-955e-b14cad69b772-GrpcLogAppender: Wait interrupted by java.lang.InterruptedException
2022-06-19 13:06:34,610 [41970804-e726-44f7-9f9f-c691618d1097@group-8DB3B69C40A1->6b51f01e-b5c0-4678-b58a-fec8e2165d46-GrpcLogAppender-LogAppenderDaemon] WARN  server.GrpcLogAppender (GrpcLogAppender.java:mayWait(171)) - 41970804-e726-44f7-9f9f-c691618d1097@group-8DB3B69C40A1->6b51f01e-b5c0-4678-b58a-fec8e2165d46-GrpcLogAppender: Wait interrupted by java.lang.InterruptedException
2022-06-19 13:06:34,611 [grpc-default-executor-0] INFO  server.GrpcServerProtocolService (GrpcServerProtocolService.java:onCompleted(140)) - 4c567ed0-77bc-421a-955e-b14cad69b772: Completed APPEND_ENTRIES, lastRequest: 41970804-e726-44f7-9f9f-c691618d1097->4c567ed0-77bc-421a-955e-b14cad69b772#391-t3,previous=(t:3, i:28),leaderCommit=27,initializing? true,entries: size=1, first=(t:3, i:29), METADATAENTRY(c:27)
2022-06-19 13:06:34,611 [grpc-default-executor-1] INFO  server.GrpcServerProtocolService (GrpcServerProtocolService.java:onCompleted(140)) - 6b51f01e-b5c0-4678-b58a-fec8e2165d46: Completed APPEND_ENTRIES, lastRequest: 41970804-e726-44f7-9f9f-c691618d1097->6b51f01e-b5c0-4678-b58a-fec8e2165d46#401-t3,previous=(t:3, i:28),leaderCommit=27,initializing? true,entries: size=1, first=(t:3, i:29), METADATAENTRY(c:27)
2022-06-19 13:06:34,612 [grpc-default-executor-2] INFO  server.GrpcLogAppender (GrpcLogAppender.java:onCompleted(339)) - 41970804-e726-44f7-9f9f-c691618d1097@group-8DB3B69C40A1->4c567ed0-77bc-421a-955e-b14cad69b772-AppendLogResponseHandler: follower responses appendEntries COMPLETED
2022-06-19 13:06:34,612 [grpc-default-executor-2] INFO  leader.FollowerInfo (FollowerInfoImpl.java:lambda$new$0(48)) - 41970804-e726-44f7-9f9f-c691618d1097@group-8DB3B69C40A1->4c567ed0-77bc-421a-955e-b14cad69b772: nextIndex: updateUnconditionally 30 -> 29
2022-06-19 13:06:34,612 [grpc-default-executor-3] INFO  server.GrpcLogAppender (GrpcLogAppender.java:onCompleted(339)) - 41970804-e726-44f7-9f9f-c691618d1097@group-8DB3B69C40A1->6b51f01e-b5c0-4678-b58a-fec8e2165d46-AppendLogResponseHandler: follower responses appendEntries COMPLETED
2022-06-19 13:06:34,612 [grpc-default-executor-3] INFO  leader.FollowerInfo (FollowerInfoImpl.java:lambda$new$0(48)) - 41970804-e726-44f7-9f9f-c691618d1097@group-8DB3B69C40A1->6b51f01e-b5c0-4678-b58a-fec8e2165d46: nextIndex: updateUnconditionally 30 -> 29
2022-06-19 13:06:34,613 [Listener at 127.0.0.1/45241] INFO  segmented.SegmentedRaftLogWorker (SegmentedRaftLogWorker.java:close(246)) - 6b51f01e-b5c0-4678-b58a-fec8e2165d46@group-8DB3B69C40A1-SegmentedRaftLogWorker close()
2022-06-19 13:06:34,621 [ForkJoinPool.commonPool-worker-0] INFO  impl.StateMachineUpdater (StateMachineUpdater.java:stopAndJoin(153)) - 41970804-e726-44f7-9f9f-c691618d1097@group-8DB3B69C40A1-StateMachineUpdater: set stopIndex = 29
2022-06-19 13:06:34,623 [Listener at 127.0.0.1/45241] INFO  server.GrpcService (GrpcService.java:closeImpl(269)) - 6b51f01e-b5c0-4678-b58a-fec8e2165d46: shutdown server with port 40853 now
2022-06-19 13:06:34,628 [41970804-e726-44f7-9f9f-c691618d1097@group-8DB3B69C40A1-StateMachineUpdater] INFO  ratis.ContainerStateMachine (ContainerStateMachine.java:takeSnapshot(304)) - group-8DB3B69C40A1: Taking a snapshot at:(t:3, i:29) file /home/runner/work/ozone/ozone/hadoop-ozone/integration-test/target/test-dir/MiniOzoneClusterImpl-2d0576aa-8de3-4753-8d37-6309ac1803f7/datanode-1/data/ratis/d286c339-0efc-4709-9150-8db3b69c40a1/sm/snapshot.3_29
2022-06-19 13:06:34,629 [41970804-e726-44f7-9f9f-c691618d1097@group-8DB3B69C40A1-StateMachineUpdater] INFO  ratis.ContainerStateMachine (ContainerStateMachine.java:takeSnapshot(315)) - group-8DB3B69C40A1: Finished taking a snapshot at:(t:3, i:29) file:/home/runner/work/ozone/ozone/hadoop-ozone/integration-test/target/test-dir/MiniOzoneClusterImpl-2d0576aa-8de3-4753-8d37-6309ac1803f7/datanode-1/data/ratis/d286c339-0efc-4709-9150-8db3b69c40a1/sm/snapshot.3_29 took: 1 ms
2022-06-19 13:06:34,629 [41970804-e726-44f7-9f9f-c691618d1097@group-8DB3B69C40A1-StateMachineUpdater] INFO  impl.StateMachineUpdater (StateMachineUpdater.java:takeSnapshot(287)) - 41970804-e726-44f7-9f9f-c691618d1097@group-8DB3B69C40A1-StateMachineUpdater: Took a snapshot at index 29
2022-06-19 13:06:34,629 [41970804-e726-44f7-9f9f-c691618d1097@group-8DB3B69C40A1-StateMachineUpdater] INFO  impl.StateMachineUpdater (StateMachineUpdater.java:lambda$new$0(92)) - 41970804-e726-44f7-9f9f-c691618d1097@group-8DB3B69C40A1-StateMachineUpdater: snapshotIndex: updateIncreasingly -1 -> 29
2022-06-19 13:06:34,630 [ForkJoinPool.commonPool-worker-0] INFO  server.RaftServer$Division (ServerState.java:close(429)) - 41970804-e726-44f7-9f9f-c691618d1097@group-8DB3B69C40A1: closes. applyIndex: 29
2022-06-19 13:06:34,630 [41970804-e726-44f7-9f9f-c691618d1097@group-8DB3B69C40A1-SegmentedRaftLogWorker] INFO  segmented.SegmentedRaftLogWorker (SegmentedRaftLogWorker.java:run(336)) - 41970804-e726-44f7-9f9f-c691618d1097@group-8DB3B69C40A1-SegmentedRaftLogWorker was interrupted, exiting. There are 0 tasks remaining in the queue.
2022-06-19 13:06:34,638 [ForkJoinPool.commonPool-worker-0] INFO  segmented.SegmentedRaftLogWorker (SegmentedRaftLogWorker.java:close(246)) - 41970804-e726-44f7-9f9f-c691618d1097@group-8DB3B69C40A1-SegmentedRaftLogWorker close()
2022-06-19 13:06:34,639 [ForkJoinPool.commonPool-worker-0] INFO  server.RaftServer$Division (RaftServerImpl.java:lambda$close$4(434)) - 41970804-e726-44f7-9f9f-c691618d1097@group-AAA577B9C661: shutdown
2022-06-19 13:06:34,639 [ForkJoinPool.commonPool-worker-0] INFO  util.JmxRegister (JmxRegister.java:unregister(73)) - Successfully un-registered JMX Bean with object name Ratis:service=RaftServer,group=group-AAA577B9C661,id=41970804-e726-44f7-9f9f-c691618d1097
2022-06-19 13:06:34,639 [ForkJoinPool.commonPool-worker-0] INFO  impl.RoleInfo (RoleInfo.java:shutdownLeaderState(93)) - 41970804-e726-44f7-9f9f-c691618d1097: shutdown 41970804-e726-44f7-9f9f-c691618d1097@group-AAA577B9C661-LeaderStateImpl
2022-06-19 13:06:34,639 [ForkJoinPool.commonPool-worker-0] INFO  impl.PendingRequests (PendingRequests.java:sendNotLeaderResponses(282)) - 41970804-e726-44f7-9f9f-c691618d1097@group-AAA577B9C661-PendingRequests: sendNotLeaderResponses
2022-06-19 13:06:34,640 [ForkJoinPool.commonPool-worker-0] INFO  impl.StateMachineUpdater (StateMachineUpdater.java:stopAndJoin(153)) - 41970804-e726-44f7-9f9f-c691618d1097@group-AAA577B9C661-StateMachineUpdater: set stopIndex = 0
2022-06-19 13:06:34,640 [41970804-e726-44f7-9f9f-c691618d1097@group-AAA577B9C661-StateMachineUpdater] INFO  ratis.ContainerStateMachine (ContainerStateMachine.java:takeSnapshot(304)) - group-AAA577B9C661: Taking a snapshot at:(t:1, i:0) file /home/runner/work/ozone/ozone/hadoop-ozone/integration-test/target/test-dir/MiniOzoneClusterImpl-2d0576aa-8de3-4753-8d37-6309ac1803f7/datanode-1/data/ratis/a5297039-c55f-4010-bdbb-aaa577b9c661/sm/snapshot.1_0
2022-06-19 13:06:34,641 [41970804-e726-44f7-9f9f-c691618d1097@group-AAA577B9C661-StateMachineUpdater] INFO  ratis.ContainerStateMachine (ContainerStateMachine.java:takeSnapshot(315)) - group-AAA577B9C661: Finished taking a snapshot at:(t:1, i:0) file:/home/runner/work/ozone/ozone/hadoop-ozone/integration-test/target/test-dir/MiniOzoneClusterImpl-2d0576aa-8de3-4753-8d37-6309ac1803f7/datanode-1/data/ratis/a5297039-c55f-4010-bdbb-aaa577b9c661/sm/snapshot.1_0 took: 1 ms
2022-06-19 13:06:34,641 [41970804-e726-44f7-9f9f-c691618d1097@group-AAA577B9C661-StateMachineUpdater] INFO  impl.StateMachineUpdater (StateMachineUpdater.java:takeSnapshot(287)) - 41970804-e726-44f7-9f9f-c691618d1097@group-AAA577B9C661-StateMachineUpdater: Took a snapshot at index 0
2022-06-19 13:06:34,641 [41970804-e726-44f7-9f9f-c691618d1097@group-AAA577B9C661-StateMachineUpdater] INFO  impl.StateMachineUpdater (StateMachineUpdater.java:lambda$new$0(92)) - 41970804-e726-44f7-9f9f-c691618d1097@group-AAA577B9C661-StateMachineUpdater: snapshotIndex: updateIncreasingly -1 -> 0
2022-06-19 13:06:34,641 [ForkJoinPool.commonPool-worker-0] INFO  server.RaftServer$Division (ServerState.java:close(429)) - 41970804-e726-44f7-9f9f-c691618d1097@group-AAA577B9C661: closes. applyIndex: 0
2022-06-19 13:06:34,642 [41970804-e726-44f7-9f9f-c691618d1097@group-AAA577B9C661-SegmentedRaftLogWorker] INFO  segmented.SegmentedRaftLogWorker (SegmentedRaftLogWorker.java:run(336)) - 41970804-e726-44f7-9f9f-c691618d1097@group-AAA577B9C661-SegmentedRaftLogWorker was interrupted, exiting. There are 0 tasks remaining in the queue.
2022-06-19 13:06:34,642 [Listener at 127.0.0.1/45241] INFO  server.GrpcService (GrpcService.java:closeImpl(278)) - 6b51f01e-b5c0-4678-b58a-fec8e2165d46: shutdown server with port 40853 successfully
2022-06-19 13:06:34,643 [org.apache.ratis.util.JvmPauseMonitor$$Lambda$627/819749933@e8b7733] INFO  util.JvmPauseMonitor (JvmPauseMonitor.java:run(109)) - JvmPauseMonitor-6b51f01e-b5c0-4678-b58a-fec8e2165d46: Stopped
2022-06-19 13:06:34,643 [ForkJoinPool.commonPool-worker-0] INFO  segmented.SegmentedRaftLogWorker (SegmentedRaftLogWorker.java:close(246)) - 41970804-e726-44f7-9f9f-c691618d1097@group-AAA577B9C661-SegmentedRaftLogWorker close()
2022-06-19 13:06:34,645 [ForkJoinPool.commonPool-worker-0] INFO  server.GrpcService (GrpcService.java:closeImpl(269)) - 41970804-e726-44f7-9f9f-c691618d1097: shutdown server with port 45369 now
2022-06-19 13:06:34,649 [grpc-default-executor-1] WARN  server.GrpcClientProtocolService (LogUtils.java:warn(122)) - 1-UnorderedRequestStreamObserver1: onError: org.apache.ratis.thirdparty.io.grpc.StatusRuntimeException: CANCELLED: client cancelled
2022-06-19 13:06:34,656 [ForkJoinPool.commonPool-worker-0] INFO  server.GrpcService (GrpcService.java:closeImpl(278)) - 41970804-e726-44f7-9f9f-c691618d1097: shutdown server with port 45369 successfully
2022-06-19 13:06:34,656 [org.apache.ratis.util.JvmPauseMonitor$$Lambda$627/819749933@7b22b746] INFO  util.JvmPauseMonitor (JvmPauseMonitor.java:run(109)) - JvmPauseMonitor-41970804-e726-44f7-9f9f-c691618d1097: Stopped
2022-06-19 13:06:36,670 [Listener at 127.0.0.1/45241] INFO  utils.BackgroundService (BackgroundService.java:shutdown(132)) - Shutting down service BlockDeletingService
2022-06-19 13:06:36,680 [ForkJoinPool.commonPool-worker-0] INFO  utils.BackgroundService (BackgroundService.java:shutdown(132)) - Shutting down service BlockDeletingService
2022-06-19 13:06:39,351 [4c567ed0-77bc-421a-955e-b14cad69b772@group-4B69A0B6D22F-FollowerState] INFO  impl.FollowerState (FollowerState.java:run(143)) - 4c567ed0-77bc-421a-955e-b14cad69b772@group-4B69A0B6D22F-FollowerState: change to CANDIDATE, lastRpcElapsedTime:5174417834ns, electionTimeout:5136ms
2022-06-19 13:06:39,352 [4c567ed0-77bc-421a-955e-b14cad69b772@group-4B69A0B6D22F-FollowerState] INFO  impl.RoleInfo (RoleInfo.java:shutdownFollowerState(110)) - 4c567ed0-77bc-421a-955e-b14cad69b772: shutdown 4c567ed0-77bc-421a-955e-b14cad69b772@group-4B69A0B6D22F-FollowerState
2022-06-19 13:06:39,352 [4c567ed0-77bc-421a-955e-b14cad69b772@group-4B69A0B6D22F-FollowerState] INFO  server.RaftServer$Division (RaftServerImpl.java:setRole(299)) - 4c567ed0-77bc-421a-955e-b14cad69b772@group-4B69A0B6D22F: changes role from  FOLLOWER to CANDIDATE at term 4 for changeToCandidate
2022-06-19 13:06:39,352 [4c567ed0-77bc-421a-955e-b14cad69b772@group-4B69A0B6D22F-FollowerState] INFO  server.RaftServerConfigKeys (ConfUtils.java:logGet(46)) - raft.server.leaderelection.pre-vote = false (custom)
2022-06-19 13:06:39,352 [4c567ed0-77bc-421a-955e-b14cad69b772@group-4B69A0B6D22F-FollowerState] INFO  impl.RoleInfo (RoleInfo.java:updateAndGet(139)) - 4c567ed0-77bc-421a-955e-b14cad69b772: start 4c567ed0-77bc-421a-955e-b14cad69b772@group-4B69A0B6D22F-LeaderElection37
2022-06-19 13:06:39,369 [4c567ed0-77bc-421a-955e-b14cad69b772@group-4B69A0B6D22F-LeaderElection37] INFO  server.RaftServer$Division (ServerState.java:setLeader(287)) - 4c567ed0-77bc-421a-955e-b14cad69b772@group-4B69A0B6D22F: change Leader from 6b51f01e-b5c0-4678-b58a-fec8e2165d46 to null at term 4 for ELECTION
2022-06-19 13:06:39,374 [4c567ed0-77bc-421a-955e-b14cad69b772@group-4B69A0B6D22F-LeaderElection37] INFO  impl.LeaderElection (LeaderElection.java:askForVotes(310)) - 4c567ed0-77bc-421a-955e-b14cad69b772@group-4B69A0B6D22F-LeaderElection37 ELECTION round 0: submit vote requests at term 5 for 0: [4c567ed0-77bc-421a-955e-b14cad69b772|rpc:10.1.0.4:35081|dataStream:|priority:0, 41970804-e726-44f7-9f9f-c691618d1097|rpc:10.1.0.4:45369|dataStream:|priority:0, 6b51f01e-b5c0-4678-b58a-fec8e2165d46|rpc:10.1.0.4:40853|dataStream:|priority:1], old=null
2022-06-19 13:06:39,424 [4c567ed0-77bc-421a-955e-b14cad69b772@group-4B69A0B6D22F-LeaderElection37] INFO  impl.LeaderElection (LogUtils.java:infoOrTrace(137)) - 4c567ed0-77bc-421a-955e-b14cad69b772@group-4B69A0B6D22F-LeaderElection37 got exception when requesting votes: java.util.concurrent.ExecutionException: org.apache.ratis.thirdparty.io.grpc.StatusRuntimeException: UNAVAILABLE: io exception
2022-06-19 13:06:39,431 [4c567ed0-77bc-421a-955e-b14cad69b772@group-4B69A0B6D22F-LeaderElection37] INFO  impl.LeaderElection (LogUtils.java:infoOrTrace(137)) - 4c567ed0-77bc-421a-955e-b14cad69b772@group-4B69A0B6D22F-LeaderElection37 got exception when requesting votes: java.util.concurrent.ExecutionException: org.apache.ratis.thirdparty.io.grpc.StatusRuntimeException: UNAVAILABLE: io exception
2022-06-19 13:06:39,431 [4c567ed0-77bc-421a-955e-b14cad69b772@group-4B69A0B6D22F-LeaderElection37] INFO  impl.LeaderElection (LeaderElection.java:logAndReturn(90)) - 4c567ed0-77bc-421a-955e-b14cad69b772@group-4B69A0B6D22F-LeaderElection37: ELECTION REJECTED received 0 response(s) and 2 exception(s):
2022-06-19 13:06:39,431 [4c567ed0-77bc-421a-955e-b14cad69b772@group-4B69A0B6D22F-LeaderElection37] INFO  impl.LeaderElection (LogUtils.java:infoOrTrace(137)) -   Exception 0: java.util.concurrent.ExecutionException: org.apache.ratis.thirdparty.io.grpc.StatusRuntimeException: UNAVAILABLE: io exception
2022-06-19 13:06:39,431 [4c567ed0-77bc-421a-955e-b14cad69b772@group-4B69A0B6D22F-LeaderElection37] INFO  impl.LeaderElection (LogUtils.java:infoOrTrace(137)) -   Exception 1: java.util.concurrent.ExecutionException: org.apache.ratis.thirdparty.io.grpc.StatusRuntimeException: UNAVAILABLE: io exception
2022-06-19 13:06:39,431 [4c567ed0-77bc-421a-955e-b14cad69b772@group-4B69A0B6D22F-LeaderElection37] INFO  impl.LeaderElection (LeaderElection.java:askForVotes(312)) - 4c567ed0-77bc-421a-955e-b14cad69b772@group-4B69A0B6D22F-LeaderElection37 ELECTION round 0: result REJECTED
2022-06-19 13:06:39,431 [4c567ed0-77bc-421a-955e-b14cad69b772@group-4B69A0B6D22F-LeaderElection37] INFO  server.RaftServer$Division (RaftServerImpl.java:setRole(299)) - 4c567ed0-77bc-421a-955e-b14cad69b772@group-4B69A0B6D22F: changes role from CANDIDATE to FOLLOWER at term 5 for REJECTED
2022-06-19 13:06:39,431 [4c567ed0-77bc-421a-955e-b14cad69b772@group-4B69A0B6D22F-LeaderElection37] INFO  impl.RoleInfo (RoleInfo.java:shutdownLeaderElection(130)) - 4c567ed0-77bc-421a-955e-b14cad69b772: shutdown 4c567ed0-77bc-421a-955e-b14cad69b772@group-4B69A0B6D22F-LeaderElection37
2022-06-19 13:06:39,431 [4c567ed0-77bc-421a-955e-b14cad69b772@group-4B69A0B6D22F-LeaderElection37] INFO  impl.RoleInfo (RoleInfo.java:updateAndGet(139)) - 4c567ed0-77bc-421a-955e-b14cad69b772: start 4c567ed0-77bc-421a-955e-b14cad69b772@group-4B69A0B6D22F-FollowerState
2022-06-19 13:06:39,658 [4c567ed0-77bc-421a-955e-b14cad69b772@group-8DB3B69C40A1-FollowerState] INFO  impl.FollowerState (FollowerState.java:run(143)) - 4c567ed0-77bc-421a-955e-b14cad69b772@group-8DB3B69C40A1-FollowerState: change to CANDIDATE, lastRpcElapsedTime:5215091708ns, electionTimeout:5142ms
2022-06-19 13:06:39,658 [4c567ed0-77bc-421a-955e-b14cad69b772@group-8DB3B69C40A1-FollowerState] INFO  impl.RoleInfo (RoleInfo.java:shutdownFollowerState(110)) - 4c567ed0-77bc-421a-955e-b14cad69b772: shutdown 4c567ed0-77bc-421a-955e-b14cad69b772@group-8DB3B69C40A1-FollowerState
2022-06-19 13:06:39,658 [4c567ed0-77bc-421a-955e-b14cad69b772@group-8DB3B69C40A1-FollowerState] INFO  server.RaftServer$Division (RaftServerImpl.java:setRole(299)) - 4c567ed0-77bc-421a-955e-b14cad69b772@group-8DB3B69C40A1: changes role from  FOLLOWER to CANDIDATE at term 3 for changeToCandidate
2022-06-19 13:06:39,658 [4c567ed0-77bc-421a-955e-b14cad69b772@group-8DB3B69C40A1-FollowerState] INFO  server.RaftServerConfigKeys (ConfUtils.java:logGet(46)) - raft.server.leaderelection.pre-vote = false (custom)
2022-06-19 13:06:39,658 [4c567ed0-77bc-421a-955e-b14cad69b772@group-8DB3B69C40A1-FollowerState] INFO  impl.RoleInfo (RoleInfo.java:updateAndGet(139)) - 4c567ed0-77bc-421a-955e-b14cad69b772: start 4c567ed0-77bc-421a-955e-b14cad69b772@group-8DB3B69C40A1-LeaderElection38
2022-06-19 13:06:39,677 [4c567ed0-77bc-421a-955e-b14cad69b772@group-8DB3B69C40A1-LeaderElection38] INFO  server.RaftServer$Division (ServerState.java:setLeader(287)) - 4c567ed0-77bc-421a-955e-b14cad69b772@group-8DB3B69C40A1: change Leader from 41970804-e726-44f7-9f9f-c691618d1097 to null at term 3 for ELECTION
2022-06-19 13:06:39,679 [4c567ed0-77bc-421a-955e-b14cad69b772@group-8DB3B69C40A1-LeaderElection38] INFO  impl.LeaderElection (LeaderElection.java:askForVotes(310)) - 4c567ed0-77bc-421a-955e-b14cad69b772@group-8DB3B69C40A1-LeaderElection38 ELECTION round 0: submit vote requests at term 4 for 0: [4c567ed0-77bc-421a-955e-b14cad69b772|rpc:10.1.0.4:35081|dataStream:|priority:0, 41970804-e726-44f7-9f9f-c691618d1097|rpc:10.1.0.4:45369|dataStream:|priority:1, 6b51f01e-b5c0-4678-b58a-fec8e2165d46|rpc:10.1.0.4:40853|dataStream:|priority:0], old=null
2022-06-19 13:06:39,682 [4c567ed0-77bc-421a-955e-b14cad69b772@group-8DB3B69C40A1-LeaderElection38] INFO  impl.LeaderElection (LogUtils.java:infoOrTrace(137)) - 4c567ed0-77bc-421a-955e-b14cad69b772@group-8DB3B69C40A1-LeaderElection38 got exception when requesting votes: java.util.concurrent.ExecutionException: org.apache.ratis.thirdparty.io.grpc.StatusRuntimeException: UNAVAILABLE: io exception
2022-06-19 13:06:39,683 [4c567ed0-77bc-421a-955e-b14cad69b772@group-8DB3B69C40A1-LeaderElection38] INFO  impl.LeaderElection (LogUtils.java:infoOrTrace(137)) - 4c567ed0-77bc-421a-955e-b14cad69b772@group-8DB3B69C40A1-LeaderElection38 got exception when requesting votes: java.util.concurrent.ExecutionException: org.apache.ratis.thirdparty.io.grpc.StatusRuntimeException: UNAVAILABLE: io exception
2022-06-19 13:06:39,683 [4c567ed0-77bc-421a-955e-b14cad69b772@group-8DB3B69C40A1-LeaderElection38] INFO  impl.LeaderElection (LeaderElection.java:logAndReturn(90)) - 4c567ed0-77bc-421a-955e-b14cad69b772@group-8DB3B69C40A1-LeaderElection38: ELECTION REJECTED received 0 response(s) and 2 exception(s):
2022-06-19 13:06:39,683 [4c567ed0-77bc-421a-955e-b14cad69b772@group-8DB3B69C40A1-LeaderElection38] INFO  impl.LeaderElection (LogUtils.java:infoOrTrace(137)) -   Exception 0: java.util.concurrent.ExecutionException: org.apache.ratis.thirdparty.io.grpc.StatusRuntimeException: UNAVAILABLE: io exception
2022-06-19 13:06:39,683 [4c567ed0-77bc-421a-955e-b14cad69b772@group-8DB3B69C40A1-LeaderElection38] INFO  impl.LeaderElection (LogUtils.java:infoOrTrace(137)) -   Exception 1: java.util.concurrent.ExecutionException: org.apache.ratis.thirdparty.io.grpc.StatusRuntimeException: UNAVAILABLE: io exception
2022-06-19 13:06:39,683 [4c567ed0-77bc-421a-955e-b14cad69b772@group-8DB3B69C40A1-LeaderElection38] INFO  impl.LeaderElection (LeaderElection.java:askForVotes(312)) - 4c567ed0-77bc-421a-955e-b14cad69b772@group-8DB3B69C40A1-LeaderElection38 ELECTION round 0: result REJECTED
2022-06-19 13:06:39,683 [4c567ed0-77bc-421a-955e-b14cad69b772@group-8DB3B69C40A1-LeaderElection38] INFO  server.RaftServer$Division (RaftServerImpl.java:setRole(299)) - 4c567ed0-77bc-421a-955e-b14cad69b772@group-8DB3B69C40A1: changes role from CANDIDATE to FOLLOWER at term 4 for REJECTED
2022-06-19 13:06:39,683 [4c567ed0-77bc-421a-955e-b14cad69b772@group-8DB3B69C40A1-LeaderElection38] INFO  impl.RoleInfo (RoleInfo.java:shutdownLeaderElection(130)) - 4c567ed0-77bc-421a-955e-b14cad69b772: shutdown 4c567ed0-77bc-421a-955e-b14cad69b772@group-8DB3B69C40A1-LeaderElection38
2022-06-19 13:06:39,683 [4c567ed0-77bc-421a-955e-b14cad69b772@group-8DB3B69C40A1-LeaderElection38] INFO  impl.RoleInfo (RoleInfo.java:updateAndGet(139)) - 4c567ed0-77bc-421a-955e-b14cad69b772: start 4c567ed0-77bc-421a-955e-b14cad69b772@group-8DB3B69C40A1-FollowerState
2022-06-19 13:06:39,694 [ForkJoinPool.commonPool-worker-0] INFO  statemachine.DatanodeStateMachine (DatanodeStateMachine.java:stopDaemon(580)) - Ozone container server stopped.
2022-06-19 13:06:39,694 [Listener at 127.0.0.1/45241] INFO  statemachine.DatanodeStateMachine (DatanodeStateMachine.java:stopDaemon(580)) - Ozone container server stopped.
2022-06-19 13:06:39,716 [Listener at 127.0.0.1/45241] INFO  handler.ContextHandler (ContextHandler.java:doStop(1153)) - Stopped o.e.j.w.WebAppContext@22c0b71f{hddsDatanode,/,null,STOPPED}{jar:file:/home/runner/.m2/repository/org/apache/ozone/hdds-container-service/1.3.0-SNAPSHOT/hdds-container-service-1.3.0-SNAPSHOT.jar!/webapps/hddsDatanode}
2022-06-19 13:06:39,717 [ForkJoinPool.commonPool-worker-0] INFO  handler.ContextHandler (ContextHandler.java:doStop(1153)) - Stopped o.e.j.w.WebAppContext@162e433{hddsDatanode,/,null,STOPPED}{jar:file:/home/runner/.m2/repository/org/apache/ozone/hdds-container-service/1.3.0-SNAPSHOT/hdds-container-service-1.3.0-SNAPSHOT.jar!/webapps/hddsDatanode}
2022-06-19 13:06:39,717 [ForkJoinPool.commonPool-worker-0] INFO  server.AbstractConnector (AbstractConnector.java:doStop(381)) - Stopped ServerConnector@60144454{HTTP/1.1, (http/1.1)}{0.0.0.0:0}
2022-06-19 13:06:39,717 [ForkJoinPool.commonPool-worker-0] INFO  server.session (HouseKeeper.java:stopScavenging(149)) - node0 Stopped scavenging
2022-06-19 13:06:39,718 [Listener at 127.0.0.1/45241] INFO  server.AbstractConnector (AbstractConnector.java:doStop(381)) - Stopped ServerConnector@40330cb1{HTTP/1.1, (http/1.1)}{0.0.0.0:0}
2022-06-19 13:06:39,718 [Listener at 127.0.0.1/45241] INFO  server.session (HouseKeeper.java:stopScavenging(149)) - node0 Stopped scavenging
2022-06-19 13:06:39,718 [Listener at 127.0.0.1/45241] INFO  handler.ContextHandler (ContextHandler.java:doStop(1153)) - Stopped o.e.j.s.ServletContextHandler@61c4f556{static,/static,jar:file:/home/runner/.m2/repository/org/apache/ozone/hdds-container-service/1.3.0-SNAPSHOT/hdds-container-service-1.3.0-SNAPSHOT.jar!/webapps/static,STOPPED}
2022-06-19 13:06:39,718 [Listener at 127.0.0.1/45241] INFO  handler.ContextHandler (ContextHandler.java:doStop(1153)) - Stopped o.e.j.s.ServletContextHandler@1fd66db2{logs,/logs,file:///home/runner/work/ozone/ozone/hadoop-ozone/integration-test/target/log,STOPPED}
2022-06-19 13:06:39,742 [ForkJoinPool.commonPool-worker-0] INFO  handler.ContextHandler (ContextHandler.java:doStop(1153)) - Stopped o.e.j.s.ServletContextHandler@75210d98{static,/static,jar:file:/home/runner/.m2/repository/org/apache/ozone/hdds-container-service/1.3.0-SNAPSHOT/hdds-container-service-1.3.0-SNAPSHOT.jar!/webapps/static,STOPPED}
2022-06-19 13:06:39,751 [ForkJoinPool.commonPool-worker-0] INFO  handler.ContextHandler (ContextHandler.java:doStop(1153)) - Stopped o.e.j.s.ServletContextHandler@7aa83ac7{logs,/logs,file:///home/runner/work/ozone/ozone/hadoop-ozone/integration-test/target/log,STOPPED}
2022-06-19 13:06:44,627 [4c567ed0-77bc-421a-955e-b14cad69b772@group-4B69A0B6D22F-FollowerState] INFO  impl.FollowerState (FollowerState.java:run(143)) - 4c567ed0-77bc-421a-955e-b14cad69b772@group-4B69A0B6D22F-FollowerState: change to CANDIDATE, lastRpcElapsedTime:5195650444ns, electionTimeout:5188ms
2022-06-19 13:06:44,627 [4c567ed0-77bc-421a-955e-b14cad69b772@group-4B69A0B6D22F-FollowerState] INFO  impl.RoleInfo (RoleInfo.java:shutdownFollowerState(110)) - 4c567ed0-77bc-421a-955e-b14cad69b772: shutdown 4c567ed0-77bc-421a-955e-b14cad69b772@group-4B69A0B6D22F-FollowerState
2022-06-19 13:06:44,627 [4c567ed0-77bc-421a-955e-b14cad69b772@group-4B69A0B6D22F-FollowerState] INFO  server.RaftServer$Division (RaftServerImpl.java:setRole(299)) - 4c567ed0-77bc-421a-955e-b14cad69b772@group-4B69A0B6D22F: changes role from  FOLLOWER to CANDIDATE at term 5 for changeToCandidate
2022-06-19 13:06:44,627 [4c567ed0-77bc-421a-955e-b14cad69b772@group-4B69A0B6D22F-FollowerState] INFO  server.RaftServerConfigKeys (ConfUtils.java:logGet(46)) - raft.server.leaderelection.pre-vote = false (custom)
2022-06-19 13:06:44,627 [4c567ed0-77bc-421a-955e-b14cad69b772@group-4B69A0B6D22F-FollowerState] INFO  impl.RoleInfo (RoleInfo.java:updateAndGet(139)) - 4c567ed0-77bc-421a-955e-b14cad69b772: start 4c567ed0-77bc-421a-955e-b14cad69b772@group-4B69A0B6D22F-LeaderElection39
2022-06-19 13:06:44,665 [4c567ed0-77bc-421a-955e-b14cad69b772@group-4B69A0B6D22F-LeaderElection39] INFO  impl.LeaderElection (LeaderElection.java:askForVotes(310)) - 4c567ed0-77bc-421a-955e-b14cad69b772@group-4B69A0B6D22F-LeaderElection39 ELECTION round 0: submit vote requests at term 6 for 0: [4c567ed0-77bc-421a-955e-b14cad69b772|rpc:10.1.0.4:35081|dataStream:|priority:0, 41970804-e726-44f7-9f9f-c691618d1097|rpc:10.1.0.4:45369|dataStream:|priority:0, 6b51f01e-b5c0-4678-b58a-fec8e2165d46|rpc:10.1.0.4:40853|dataStream:|priority:1], old=null
2022-06-19 13:06:44,669 [4c567ed0-77bc-421a-955e-b14cad69b772@group-4B69A0B6D22F-LeaderElection39] INFO  impl.LeaderElection (LogUtils.java:infoOrTrace(137)) - 4c567ed0-77bc-421a-955e-b14cad69b772@group-4B69A0B6D22F-LeaderElection39 got exception when requesting votes: java.util.concurrent.ExecutionException: org.apache.ratis.thirdparty.io.grpc.StatusRuntimeException: UNAVAILABLE: io exception
2022-06-19 13:06:44,670 [4c567ed0-77bc-421a-955e-b14cad69b772@group-4B69A0B6D22F-LeaderElection39] INFO  impl.LeaderElection (LogUtils.java:infoOrTrace(137)) - 4c567ed0-77bc-421a-955e-b14cad69b772@group-4B69A0B6D22F-LeaderElection39 got exception when requesting votes: java.util.concurrent.ExecutionException: org.apache.ratis.thirdparty.io.grpc.StatusRuntimeException: UNAVAILABLE: io exception
2022-06-19 13:06:44,670 [4c567ed0-77bc-421a-955e-b14cad69b772@group-4B69A0B6D22F-LeaderElection39] INFO  impl.LeaderElection (LeaderElection.java:logAndReturn(90)) - 4c567ed0-77bc-421a-955e-b14cad69b772@group-4B69A0B6D22F-LeaderElection39: ELECTION REJECTED received 0 response(s) and 2 exception(s):
2022-06-19 13:06:44,670 [4c567ed0-77bc-421a-955e-b14cad69b772@group-4B69A0B6D22F-LeaderElection39] INFO  impl.LeaderElection (LogUtils.java:infoOrTrace(137)) -   Exception 0: java.util.concurrent.ExecutionException: org.apache.ratis.thirdparty.io.grpc.StatusRuntimeException: UNAVAILABLE: io exception
2022-06-19 13:06:44,670 [4c567ed0-77bc-421a-955e-b14cad69b772@group-4B69A0B6D22F-LeaderElection39] INFO  impl.LeaderElection (LogUtils.java:infoOrTrace(137)) -   Exception 1: java.util.concurrent.ExecutionException: org.apache.ratis.thirdparty.io.grpc.StatusRuntimeException: UNAVAILABLE: io exception
2022-06-19 13:06:44,670 [4c567ed0-77bc-421a-955e-b14cad69b772@group-4B69A0B6D22F-LeaderElection39] INFO  impl.LeaderElection (LeaderElection.java:askForVotes(312)) - 4c567ed0-77bc-421a-955e-b14cad69b772@group-4B69A0B6D22F-LeaderElection39 ELECTION round 0: result REJECTED
2022-06-19 13:06:44,670 [4c567ed0-77bc-421a-955e-b14cad69b772@group-4B69A0B6D22F-LeaderElection39] INFO  server.RaftServer$Division (RaftServerImpl.java:setRole(299)) - 4c567ed0-77bc-421a-955e-b14cad69b772@group-4B69A0B6D22F: changes role from CANDIDATE to FOLLOWER at term 6 for REJECTED
2022-06-19 13:06:44,670 [4c567ed0-77bc-421a-955e-b14cad69b772@group-4B69A0B6D22F-LeaderElection39] INFO  impl.RoleInfo (RoleInfo.java:shutdownLeaderElection(130)) - 4c567ed0-77bc-421a-955e-b14cad69b772: shutdown 4c567ed0-77bc-421a-955e-b14cad69b772@group-4B69A0B6D22F-LeaderElection39
2022-06-19 13:06:44,670 [4c567ed0-77bc-421a-955e-b14cad69b772@group-4B69A0B6D22F-LeaderElection39] INFO  impl.RoleInfo (RoleInfo.java:updateAndGet(139)) - 4c567ed0-77bc-421a-955e-b14cad69b772: start 4c567ed0-77bc-421a-955e-b14cad69b772@group-4B69A0B6D22F-FollowerState
2022-06-19 13:06:44,760 [Listener at 127.0.0.1/45241] INFO  ozoneimpl.OzoneContainer (OzoneContainer.java:stop(365)) - Attempting to stop container services.
2022-06-19 13:06:44,760 [ForkJoinPool.commonPool-worker-0] INFO  ozoneimpl.OzoneContainer (OzoneContainer.java:stop(365)) - Attempting to stop container services.
2022-06-19 13:06:44,760 [Listener at 127.0.0.1/45241] INFO  server.RaftServer (RaftServerProxy.java:lambda$close$7(398)) - 341760f9-9112-44c5-a769-73cddc41fbf7: close
2022-06-19 13:06:44,761 [Listener at 127.0.0.1/45241] INFO  server.RaftServer$Division (RaftServerImpl.java:lambda$close$4(434)) - 341760f9-9112-44c5-a769-73cddc41fbf7@group-9E577E470E09: shutdown
2022-06-19 13:06:44,761 [Listener at 127.0.0.1/45241] INFO  util.JmxRegister (JmxRegister.java:unregister(73)) - Successfully un-registered JMX Bean with object name Ratis:service=RaftServer,group=group-9E577E470E09,id=341760f9-9112-44c5-a769-73cddc41fbf7
2022-06-19 13:06:44,761 [Listener at 127.0.0.1/45241] INFO  impl.RoleInfo (RoleInfo.java:shutdownLeaderState(93)) - 341760f9-9112-44c5-a769-73cddc41fbf7: shutdown 341760f9-9112-44c5-a769-73cddc41fbf7@group-9E577E470E09-LeaderStateImpl
2022-06-19 13:06:44,761 [Listener at 127.0.0.1/45241] INFO  impl.PendingRequests (PendingRequests.java:sendNotLeaderResponses(282)) - 341760f9-9112-44c5-a769-73cddc41fbf7@group-9E577E470E09-PendingRequests: sendNotLeaderResponses
2022-06-19 13:06:44,761 [Listener at 127.0.0.1/45241] INFO  impl.StateMachineUpdater (StateMachineUpdater.java:stopAndJoin(153)) - 341760f9-9112-44c5-a769-73cddc41fbf7@group-9E577E470E09-StateMachineUpdater: set stopIndex = 0
2022-06-19 13:06:44,762 [341760f9-9112-44c5-a769-73cddc41fbf7@group-9E577E470E09-StateMachineUpdater] INFO  ratis.ContainerStateMachine (ContainerStateMachine.java:takeSnapshot(304)) - group-9E577E470E09: Taking a snapshot at:(t:1, i:0) file /home/runner/work/ozone/ozone/hadoop-ozone/integration-test/target/test-dir/MiniOzoneClusterImpl-2d0576aa-8de3-4753-8d37-6309ac1803f7/datanode-4/data/ratis/b63a78e3-eac6-452e-9138-9e577e470e09/sm/snapshot.1_0
2022-06-19 13:06:44,762 [ForkJoinPool.commonPool-worker-0] INFO  server.RaftServer (RaftServerProxy.java:lambda$close$7(398)) - 4c567ed0-77bc-421a-955e-b14cad69b772: close
2022-06-19 13:06:44,762 [ForkJoinPool.commonPool-worker-0] INFO  server.RaftServer$Division (RaftServerImpl.java:lambda$close$4(434)) - 4c567ed0-77bc-421a-955e-b14cad69b772@group-4B69A0B6D22F: shutdown
2022-06-19 13:06:44,762 [ForkJoinPool.commonPool-worker-0] INFO  util.JmxRegister (JmxRegister.java:unregister(73)) - Successfully un-registered JMX Bean with object name Ratis:service=RaftServer,group=group-4B69A0B6D22F,id=4c567ed0-77bc-421a-955e-b14cad69b772
2022-06-19 13:06:44,762 [ForkJoinPool.commonPool-worker-0] INFO  impl.RoleInfo (RoleInfo.java:shutdownFollowerState(110)) - 4c567ed0-77bc-421a-955e-b14cad69b772: shutdown 4c567ed0-77bc-421a-955e-b14cad69b772@group-4B69A0B6D22F-FollowerState
2022-06-19 13:06:44,762 [ForkJoinPool.commonPool-worker-0] INFO  impl.StateMachineUpdater (StateMachineUpdater.java:stopAndJoin(153)) - 4c567ed0-77bc-421a-955e-b14cad69b772@group-4B69A0B6D22F-StateMachineUpdater: set stopIndex = 0
2022-06-19 13:06:44,762 [4c567ed0-77bc-421a-955e-b14cad69b772@group-4B69A0B6D22F-StateMachineUpdater] INFO  ratis.ContainerStateMachine (ContainerStateMachine.java:takeSnapshot(304)) - group-4B69A0B6D22F: Taking a snapshot at:(t:4, i:0) file /home/runner/work/ozone/ozone/hadoop-ozone/integration-test/target/test-dir/MiniOzoneClusterImpl-2d0576aa-8de3-4753-8d37-6309ac1803f7/datanode-0/data/ratis/f46cf579-ffdd-4723-8e0b-4b69a0b6d22f/sm/snapshot.4_0
2022-06-19 13:06:44,762 [4c567ed0-77bc-421a-955e-b14cad69b772@group-4B69A0B6D22F-FollowerState] INFO  impl.FollowerState (FollowerState.java:run(152)) - 4c567ed0-77bc-421a-955e-b14cad69b772@group-4B69A0B6D22F-FollowerState was interrupted
2022-06-19 13:06:44,781 [4c567ed0-77bc-421a-955e-b14cad69b772@group-4B69A0B6D22F-StateMachineUpdater] INFO  ratis.ContainerStateMachine (ContainerStateMachine.java:takeSnapshot(315)) - group-4B69A0B6D22F: Finished taking a snapshot at:(t:4, i:0) file:/home/runner/work/ozone/ozone/hadoop-ozone/integration-test/target/test-dir/MiniOzoneClusterImpl-2d0576aa-8de3-4753-8d37-6309ac1803f7/datanode-0/data/ratis/f46cf579-ffdd-4723-8e0b-4b69a0b6d22f/sm/snapshot.4_0 took: 18 ms
2022-06-19 13:06:44,781 [4c567ed0-77bc-421a-955e-b14cad69b772@group-4B69A0B6D22F-StateMachineUpdater] INFO  impl.StateMachineUpdater (StateMachineUpdater.java:takeSnapshot(287)) - 4c567ed0-77bc-421a-955e-b14cad69b772@group-4B69A0B6D22F-StateMachineUpdater: Took a snapshot at index 0
2022-06-19 13:06:44,781 [4c567ed0-77bc-421a-955e-b14cad69b772@group-4B69A0B6D22F-StateMachineUpdater] INFO  impl.StateMachineUpdater (StateMachineUpdater.java:lambda$new$0(92)) - 4c567ed0-77bc-421a-955e-b14cad69b772@group-4B69A0B6D22F-StateMachineUpdater: snapshotIndex: updateIncreasingly -1 -> 0
2022-06-19 13:06:44,782 [ForkJoinPool.commonPool-worker-0] INFO  server.RaftServer$Division (ServerState.java:close(429)) - 4c567ed0-77bc-421a-955e-b14cad69b772@group-4B69A0B6D22F: closes. applyIndex: 0
2022-06-19 13:06:44,782 [4c567ed0-77bc-421a-955e-b14cad69b772@group-4B69A0B6D22F-SegmentedRaftLogWorker] INFO  segmented.SegmentedRaftLogWorker (SegmentedRaftLogWorker.java:run(336)) - 4c567ed0-77bc-421a-955e-b14cad69b772@group-4B69A0B6D22F-SegmentedRaftLogWorker was interrupted, exiting. There are 0 tasks remaining in the queue.
2022-06-19 13:06:44,786 [ForkJoinPool.commonPool-worker-0] INFO  segmented.SegmentedRaftLogWorker (SegmentedRaftLogWorker.java:close(246)) - 4c567ed0-77bc-421a-955e-b14cad69b772@group-4B69A0B6D22F-SegmentedRaftLogWorker close()
2022-06-19 13:06:44,786 [341760f9-9112-44c5-a769-73cddc41fbf7@group-9E577E470E09-StateMachineUpdater] INFO  ratis.ContainerStateMachine (ContainerStateMachine.java:takeSnapshot(315)) - group-9E577E470E09: Finished taking a snapshot at:(t:1, i:0) file:/home/runner/work/ozone/ozone/hadoop-ozone/integration-test/target/test-dir/MiniOzoneClusterImpl-2d0576aa-8de3-4753-8d37-6309ac1803f7/datanode-4/data/ratis/b63a78e3-eac6-452e-9138-9e577e470e09/sm/snapshot.1_0 took: 24 ms
2022-06-19 13:06:44,787 [ForkJoinPool.commonPool-worker-0] INFO  server.RaftServer$Division (RaftServerImpl.java:lambda$close$4(434)) - 4c567ed0-77bc-421a-955e-b14cad69b772@group-8DB3B69C40A1: shutdown
2022-06-19 13:06:44,787 [ForkJoinPool.commonPool-worker-0] INFO  util.JmxRegister (JmxRegister.java:unregister(73)) - Successfully un-registered JMX Bean with object name Ratis:service=RaftServer,group=group-8DB3B69C40A1,id=4c567ed0-77bc-421a-955e-b14cad69b772
2022-06-19 13:06:44,787 [ForkJoinPool.commonPool-worker-0] INFO  impl.RoleInfo (RoleInfo.java:shutdownFollowerState(110)) - 4c567ed0-77bc-421a-955e-b14cad69b772: shutdown 4c567ed0-77bc-421a-955e-b14cad69b772@group-8DB3B69C40A1-FollowerState
2022-06-19 13:06:44,787 [ForkJoinPool.commonPool-worker-0] INFO  impl.StateMachineUpdater (StateMachineUpdater.java:stopAndJoin(153)) - 4c567ed0-77bc-421a-955e-b14cad69b772@group-8DB3B69C40A1-StateMachineUpdater: set stopIndex = 29
2022-06-19 13:06:44,787 [341760f9-9112-44c5-a769-73cddc41fbf7@group-9E577E470E09-StateMachineUpdater] INFO  impl.StateMachineUpdater (StateMachineUpdater.java:takeSnapshot(287)) - 341760f9-9112-44c5-a769-73cddc41fbf7@group-9E577E470E09-StateMachineUpdater: Took a snapshot at index 0
2022-06-19 13:06:44,787 [341760f9-9112-44c5-a769-73cddc41fbf7@group-9E577E470E09-StateMachineUpdater] INFO  impl.StateMachineUpdater (StateMachineUpdater.java:lambda$new$0(92)) - 341760f9-9112-44c5-a769-73cddc41fbf7@group-9E577E470E09-StateMachineUpdater: snapshotIndex: updateIncreasingly -1 -> 0
2022-06-19 13:06:44,787 [4c567ed0-77bc-421a-955e-b14cad69b772@group-8DB3B69C40A1-StateMachineUpdater] INFO  ratis.ContainerStateMachine (ContainerStateMachine.java:takeSnapshot(304)) - group-8DB3B69C40A1: Taking a snapshot at:(t:3, i:29) file /home/runner/work/ozone/ozone/hadoop-ozone/integration-test/target/test-dir/MiniOzoneClusterImpl-2d0576aa-8de3-4753-8d37-6309ac1803f7/datanode-0/data/ratis/d286c339-0efc-4709-9150-8db3b69c40a1/sm/snapshot.3_29
2022-06-19 13:06:44,787 [Listener at 127.0.0.1/45241] INFO  server.RaftServer$Division (ServerState.java:close(429)) - 341760f9-9112-44c5-a769-73cddc41fbf7@group-9E577E470E09: closes. applyIndex: 0
2022-06-19 13:06:44,787 [341760f9-9112-44c5-a769-73cddc41fbf7@group-9E577E470E09-SegmentedRaftLogWorker] INFO  segmented.SegmentedRaftLogWorker (SegmentedRaftLogWorker.java:run(336)) - 341760f9-9112-44c5-a769-73cddc41fbf7@group-9E577E470E09-SegmentedRaftLogWorker was interrupted, exiting. There are 0 tasks remaining in the queue.
2022-06-19 13:06:44,787 [4c567ed0-77bc-421a-955e-b14cad69b772@group-8DB3B69C40A1-FollowerState] INFO  impl.FollowerState (FollowerState.java:run(152)) - 4c567ed0-77bc-421a-955e-b14cad69b772@group-8DB3B69C40A1-FollowerState was interrupted
2022-06-19 13:06:44,791 [4c567ed0-77bc-421a-955e-b14cad69b772@group-8DB3B69C40A1-StateMachineUpdater] INFO  ratis.ContainerStateMachine (ContainerStateMachine.java:takeSnapshot(315)) - group-8DB3B69C40A1: Finished taking a snapshot at:(t:3, i:29) file:/home/runner/work/ozone/ozone/hadoop-ozone/integration-test/target/test-dir/MiniOzoneClusterImpl-2d0576aa-8de3-4753-8d37-6309ac1803f7/datanode-0/data/ratis/d286c339-0efc-4709-9150-8db3b69c40a1/sm/snapshot.3_29 took: 4 ms
2022-06-19 13:06:44,791 [4c567ed0-77bc-421a-955e-b14cad69b772@group-8DB3B69C40A1-StateMachineUpdater] INFO  impl.StateMachineUpdater (StateMachineUpdater.java:takeSnapshot(287)) - 4c567ed0-77bc-421a-955e-b14cad69b772@group-8DB3B69C40A1-StateMachineUpdater: Took a snapshot at index 29
2022-06-19 13:06:44,791 [4c567ed0-77bc-421a-955e-b14cad69b772@group-8DB3B69C40A1-StateMachineUpdater] INFO  impl.StateMachineUpdater (StateMachineUpdater.java:lambda$new$0(92)) - 4c567ed0-77bc-421a-955e-b14cad69b772@group-8DB3B69C40A1-StateMachineUpdater: snapshotIndex: updateIncreasingly -1 -> 29
2022-06-19 13:06:44,792 [ForkJoinPool.commonPool-worker-0] INFO  server.RaftServer$Division (ServerState.java:close(429)) - 4c567ed0-77bc-421a-955e-b14cad69b772@group-8DB3B69C40A1: closes. applyIndex: 29
2022-06-19 13:06:44,792 [4c567ed0-77bc-421a-955e-b14cad69b772@group-8DB3B69C40A1-SegmentedRaftLogWorker] INFO  segmented.SegmentedRaftLogWorker (SegmentedRaftLogWorker.java:run(336)) - 4c567ed0-77bc-421a-955e-b14cad69b772@group-8DB3B69C40A1-SegmentedRaftLogWorker was interrupted, exiting. There are 0 tasks remaining in the queue.
2022-06-19 13:06:44,798 [Listener at 127.0.0.1/45241] INFO  segmented.SegmentedRaftLogWorker (SegmentedRaftLogWorker.java:close(246)) - 341760f9-9112-44c5-a769-73cddc41fbf7@group-9E577E470E09-SegmentedRaftLogWorker close()
2022-06-19 13:06:44,798 [ForkJoinPool.commonPool-worker-0] INFO  segmented.SegmentedRaftLogWorker (SegmentedRaftLogWorker.java:close(246)) - 4c567ed0-77bc-421a-955e-b14cad69b772@group-8DB3B69C40A1-SegmentedRaftLogWorker close()
2022-06-19 13:06:44,800 [Listener at 127.0.0.1/45241] INFO  server.GrpcService (GrpcService.java:closeImpl(269)) - 341760f9-9112-44c5-a769-73cddc41fbf7: shutdown server with port 35617 now
2022-06-19 13:06:44,800 [Listener at 127.0.0.1/45241] INFO  server.GrpcService (GrpcService.java:closeImpl(278)) - 341760f9-9112-44c5-a769-73cddc41fbf7: shutdown server with port 35617 successfully
2022-06-19 13:06:44,801 [org.apache.ratis.util.JvmPauseMonitor$$Lambda$627/819749933@5ae709ba] INFO  util.JvmPauseMonitor (JvmPauseMonitor.java:run(109)) - JvmPauseMonitor-341760f9-9112-44c5-a769-73cddc41fbf7: Stopped
2022-06-19 13:06:44,808 [ForkJoinPool.commonPool-worker-0] INFO  server.RaftServer$Division (RaftServerImpl.java:lambda$close$4(434)) - 4c567ed0-77bc-421a-955e-b14cad69b772@group-368A290A64C7: shutdown
2022-06-19 13:06:44,809 [ForkJoinPool.commonPool-worker-0] INFO  util.JmxRegister (JmxRegister.java:unregister(73)) - Successfully un-registered JMX Bean with object name Ratis:service=RaftServer,group=group-368A290A64C7,id=4c567ed0-77bc-421a-955e-b14cad69b772
2022-06-19 13:06:44,809 [ForkJoinPool.commonPool-worker-0] INFO  impl.RoleInfo (RoleInfo.java:shutdownLeaderState(93)) - 4c567ed0-77bc-421a-955e-b14cad69b772: shutdown 4c567ed0-77bc-421a-955e-b14cad69b772@group-368A290A64C7-LeaderStateImpl
2022-06-19 13:06:44,809 [ForkJoinPool.commonPool-worker-0] INFO  impl.PendingRequests (PendingRequests.java:sendNotLeaderResponses(282)) - 4c567ed0-77bc-421a-955e-b14cad69b772@group-368A290A64C7-PendingRequests: sendNotLeaderResponses
2022-06-19 13:06:44,809 [ForkJoinPool.commonPool-worker-0] INFO  impl.StateMachineUpdater (StateMachineUpdater.java:stopAndJoin(153)) - 4c567ed0-77bc-421a-955e-b14cad69b772@group-368A290A64C7-StateMachineUpdater: set stopIndex = 0
2022-06-19 13:06:44,809 [4c567ed0-77bc-421a-955e-b14cad69b772@group-368A290A64C7-StateMachineUpdater] INFO  ratis.ContainerStateMachine (ContainerStateMachine.java:takeSnapshot(304)) - group-368A290A64C7: Taking a snapshot at:(t:1, i:0) file /home/runner/work/ozone/ozone/hadoop-ozone/integration-test/target/test-dir/MiniOzoneClusterImpl-2d0576aa-8de3-4753-8d37-6309ac1803f7/datanode-0/data/ratis/33bfe05f-6c10-4064-8319-368a290a64c7/sm/snapshot.1_0
2022-06-19 13:06:44,810 [4c567ed0-77bc-421a-955e-b14cad69b772@group-368A290A64C7-StateMachineUpdater] INFO  ratis.ContainerStateMachine (ContainerStateMachine.java:takeSnapshot(315)) - group-368A290A64C7: Finished taking a snapshot at:(t:1, i:0) file:/home/runner/work/ozone/ozone/hadoop-ozone/integration-test/target/test-dir/MiniOzoneClusterImpl-2d0576aa-8de3-4753-8d37-6309ac1803f7/datanode-0/data/ratis/33bfe05f-6c10-4064-8319-368a290a64c7/sm/snapshot.1_0 took: 0 ms
2022-06-19 13:06:44,810 [4c567ed0-77bc-421a-955e-b14cad69b772@group-368A290A64C7-StateMachineUpdater] INFO  impl.StateMachineUpdater (StateMachineUpdater.java:takeSnapshot(287)) - 4c567ed0-77bc-421a-955e-b14cad69b772@group-368A290A64C7-StateMachineUpdater: Took a snapshot at index 0
2022-06-19 13:06:44,810 [4c567ed0-77bc-421a-955e-b14cad69b772@group-368A290A64C7-StateMachineUpdater] INFO  impl.StateMachineUpdater (StateMachineUpdater.java:lambda$new$0(92)) - 4c567ed0-77bc-421a-955e-b14cad69b772@group-368A290A64C7-StateMachineUpdater: snapshotIndex: updateIncreasingly -1 -> 0
2022-06-19 13:06:44,811 [ForkJoinPool.commonPool-worker-0] INFO  server.RaftServer$Division (ServerState.java:close(429)) - 4c567ed0-77bc-421a-955e-b14cad69b772@group-368A290A64C7: closes. applyIndex: 0
2022-06-19 13:06:44,811 [4c567ed0-77bc-421a-955e-b14cad69b772@group-368A290A64C7-SegmentedRaftLogWorker] INFO  segmented.SegmentedRaftLogWorker (SegmentedRaftLogWorker.java:run(336)) - 4c567ed0-77bc-421a-955e-b14cad69b772@group-368A290A64C7-SegmentedRaftLogWorker was interrupted, exiting. There are 0 tasks remaining in the queue.
2022-06-19 13:06:44,817 [ForkJoinPool.commonPool-worker-0] INFO  segmented.SegmentedRaftLogWorker (SegmentedRaftLogWorker.java:close(246)) - 4c567ed0-77bc-421a-955e-b14cad69b772@group-368A290A64C7-SegmentedRaftLogWorker close()
2022-06-19 13:06:44,817 [ForkJoinPool.commonPool-worker-0] INFO  server.GrpcService (GrpcService.java:closeImpl(269)) - 4c567ed0-77bc-421a-955e-b14cad69b772: shutdown server with port 35081 now
2022-06-19 13:06:44,830 [ForkJoinPool.commonPool-worker-0] INFO  server.GrpcService (GrpcService.java:closeImpl(278)) - 4c567ed0-77bc-421a-955e-b14cad69b772: shutdown server with port 35081 successfully
2022-06-19 13:06:44,830 [org.apache.ratis.util.JvmPauseMonitor$$Lambda$627/819749933@26a61790] INFO  util.JvmPauseMonitor (JvmPauseMonitor.java:run(109)) - JvmPauseMonitor-4c567ed0-77bc-421a-955e-b14cad69b772: Stopped
2022-06-19 13:06:46,847 [Listener at 127.0.0.1/45241] INFO  utils.BackgroundService (BackgroundService.java:shutdown(132)) - Shutting down service BlockDeletingService
2022-06-19 13:06:46,894 [ForkJoinPool.commonPool-worker-0] INFO  utils.BackgroundService (BackgroundService.java:shutdown(132)) - Shutting down service BlockDeletingService
2022-06-19 13:06:49,886 [Listener at 127.0.0.1/45241] INFO  statemachine.DatanodeStateMachine (DatanodeStateMachine.java:stopDaemon(580)) - Ozone container server stopped.
2022-06-19 13:06:49,893 [Listener at 127.0.0.1/45241] INFO  handler.ContextHandler (ContextHandler.java:doStop(1153)) - Stopped o.e.j.w.WebAppContext@21482b3f{hddsDatanode,/,null,STOPPED}{jar:file:/home/runner/.m2/repository/org/apache/ozone/hdds-container-service/1.3.0-SNAPSHOT/hdds-container-service-1.3.0-SNAPSHOT.jar!/webapps/hddsDatanode}
2022-06-19 13:06:49,917 [Listener at 127.0.0.1/45241] INFO  server.AbstractConnector (AbstractConnector.java:doStop(381)) - Stopped ServerConnector@3abfc328{HTTP/1.1, (http/1.1)}{0.0.0.0:0}
2022-06-19 13:06:49,917 [Listener at 127.0.0.1/45241] INFO  server.session (HouseKeeper.java:stopScavenging(149)) - node0 Stopped scavenging
2022-06-19 13:06:49,918 [Listener at 127.0.0.1/45241] INFO  handler.ContextHandler (ContextHandler.java:doStop(1153)) - Stopped o.e.j.s.ServletContextHandler@12adb374{static,/static,jar:file:/home/runner/.m2/repository/org/apache/ozone/hdds-container-service/1.3.0-SNAPSHOT/hdds-container-service-1.3.0-SNAPSHOT.jar!/webapps/static,STOPPED}
2022-06-19 13:06:49,918 [Listener at 127.0.0.1/45241] INFO  handler.ContextHandler (ContextHandler.java:doStop(1153)) - Stopped o.e.j.s.ServletContextHandler@561b978f{logs,/logs,file:///home/runner/work/ozone/ozone/hadoop-ozone/integration-test/target/log,STOPPED}
2022-06-19 13:06:49,929 [ForkJoinPool.commonPool-worker-0] INFO  statemachine.DatanodeStateMachine (DatanodeStateMachine.java:stopDaemon(580)) - Ozone container server stopped.
2022-06-19 13:06:49,999 [ForkJoinPool.commonPool-worker-0] INFO  handler.ContextHandler (ContextHandler.java:doStop(1153)) - Stopped o.e.j.w.WebAppContext@76a79d92{hddsDatanode,/,null,STOPPED}{jar:file:/home/runner/.m2/repository/org/apache/ozone/hdds-container-service/1.3.0-SNAPSHOT/hdds-container-service-1.3.0-SNAPSHOT.jar!/webapps/hddsDatanode}
2022-06-19 13:06:50,009 [ForkJoinPool.commonPool-worker-0] INFO  server.AbstractConnector (AbstractConnector.java:doStop(381)) - Stopped ServerConnector@51ed4c3f{HTTP/1.1, (http/1.1)}{0.0.0.0:0}
2022-06-19 13:06:50,010 [ForkJoinPool.commonPool-worker-0] INFO  server.session (HouseKeeper.java:stopScavenging(149)) - node0 Stopped scavenging
2022-06-19 13:06:50,014 [ForkJoinPool.commonPool-worker-0] INFO  handler.ContextHandler (ContextHandler.java:doStop(1153)) - Stopped o.e.j.s.ServletContextHandler@6e77d9e6{static,/static,jar:file:/home/runner/.m2/repository/org/apache/ozone/hdds-container-service/1.3.0-SNAPSHOT/hdds-container-service-1.3.0-SNAPSHOT.jar!/webapps/static,STOPPED}
2022-06-19 13:06:50,014 [ForkJoinPool.commonPool-worker-0] INFO  handler.ContextHandler (ContextHandler.java:doStop(1153)) - Stopped o.e.j.s.ServletContextHandler@7b1dca6c{logs,/logs,file:///home/runner/work/ozone/ozone/hadoop-ozone/integration-test/target/log,STOPPED}
2022-06-19 13:06:54,924 [Listener at 127.0.0.1/45241] INFO  ozoneimpl.OzoneContainer (OzoneContainer.java:stop(365)) - Attempting to stop container services.
2022-06-19 13:06:54,925 [Listener at 127.0.0.1/45241] INFO  server.RaftServer (RaftServerProxy.java:lambda$close$7(398)) - 27180d60-412c-4516-9b2d-964dfc82640f: close
2022-06-19 13:06:54,926 [Listener at 127.0.0.1/45241] INFO  server.RaftServer$Division (RaftServerImpl.java:lambda$close$4(434)) - 27180d60-412c-4516-9b2d-964dfc82640f@group-377A1D0EBA52: shutdown
2022-06-19 13:06:54,926 [Listener at 127.0.0.1/45241] INFO  util.JmxRegister (JmxRegister.java:unregister(73)) - Successfully un-registered JMX Bean with object name Ratis:service=RaftServer,group=group-377A1D0EBA52,id=27180d60-412c-4516-9b2d-964dfc82640f
2022-06-19 13:06:54,926 [Listener at 127.0.0.1/45241] INFO  impl.RoleInfo (RoleInfo.java:shutdownLeaderState(93)) - 27180d60-412c-4516-9b2d-964dfc82640f: shutdown 27180d60-412c-4516-9b2d-964dfc82640f@group-377A1D0EBA52-LeaderStateImpl
2022-06-19 13:06:54,926 [Listener at 127.0.0.1/45241] INFO  impl.PendingRequests (PendingRequests.java:sendNotLeaderResponses(282)) - 27180d60-412c-4516-9b2d-964dfc82640f@group-377A1D0EBA52-PendingRequests: sendNotLeaderResponses
2022-06-19 13:06:54,927 [Listener at 127.0.0.1/45241] INFO  impl.StateMachineUpdater (StateMachineUpdater.java:stopAndJoin(153)) - 27180d60-412c-4516-9b2d-964dfc82640f@group-377A1D0EBA52-StateMachineUpdater: set stopIndex = 0
2022-06-19 13:06:54,927 [27180d60-412c-4516-9b2d-964dfc82640f@group-377A1D0EBA52-StateMachineUpdater] INFO  ratis.ContainerStateMachine (ContainerStateMachine.java:takeSnapshot(304)) - group-377A1D0EBA52: Taking a snapshot at:(t:1, i:0) file /home/runner/work/ozone/ozone/hadoop-ozone/integration-test/target/test-dir/MiniOzoneClusterImpl-2d0576aa-8de3-4753-8d37-6309ac1803f7/datanode-3/data/ratis/613c176a-9a76-40ad-bdab-377a1d0eba52/sm/snapshot.1_0
2022-06-19 13:06:54,931 [27180d60-412c-4516-9b2d-964dfc82640f@group-377A1D0EBA52-StateMachineUpdater] INFO  ratis.ContainerStateMachine (ContainerStateMachine.java:takeSnapshot(315)) - group-377A1D0EBA52: Finished taking a snapshot at:(t:1, i:0) file:/home/runner/work/ozone/ozone/hadoop-ozone/integration-test/target/test-dir/MiniOzoneClusterImpl-2d0576aa-8de3-4753-8d37-6309ac1803f7/datanode-3/data/ratis/613c176a-9a76-40ad-bdab-377a1d0eba52/sm/snapshot.1_0 took: 5 ms
2022-06-19 13:06:54,932 [27180d60-412c-4516-9b2d-964dfc82640f@group-377A1D0EBA52-StateMachineUpdater] INFO  impl.StateMachineUpdater (StateMachineUpdater.java:takeSnapshot(287)) - 27180d60-412c-4516-9b2d-964dfc82640f@group-377A1D0EBA52-StateMachineUpdater: Took a snapshot at index 0
2022-06-19 13:06:54,932 [27180d60-412c-4516-9b2d-964dfc82640f@group-377A1D0EBA52-StateMachineUpdater] INFO  impl.StateMachineUpdater (StateMachineUpdater.java:lambda$new$0(92)) - 27180d60-412c-4516-9b2d-964dfc82640f@group-377A1D0EBA52-StateMachineUpdater: snapshotIndex: updateIncreasingly -1 -> 0
2022-06-19 13:06:54,932 [Listener at 127.0.0.1/45241] INFO  server.RaftServer$Division (ServerState.java:close(429)) - 27180d60-412c-4516-9b2d-964dfc82640f@group-377A1D0EBA52: closes. applyIndex: 0
2022-06-19 13:06:54,932 [27180d60-412c-4516-9b2d-964dfc82640f@group-377A1D0EBA52-SegmentedRaftLogWorker] INFO  segmented.SegmentedRaftLogWorker (SegmentedRaftLogWorker.java:run(336)) - 27180d60-412c-4516-9b2d-964dfc82640f@group-377A1D0EBA52-SegmentedRaftLogWorker was interrupted, exiting. There are 0 tasks remaining in the queue.
2022-06-19 13:06:54,934 [Listener at 127.0.0.1/45241] INFO  segmented.SegmentedRaftLogWorker (SegmentedRaftLogWorker.java:close(246)) - 27180d60-412c-4516-9b2d-964dfc82640f@group-377A1D0EBA52-SegmentedRaftLogWorker close()
2022-06-19 13:06:54,934 [Listener at 127.0.0.1/45241] INFO  server.GrpcService (GrpcService.java:closeImpl(269)) - 27180d60-412c-4516-9b2d-964dfc82640f: shutdown server with port 46477 now
2022-06-19 13:06:54,943 [Listener at 127.0.0.1/45241] INFO  server.GrpcService (GrpcService.java:closeImpl(278)) - 27180d60-412c-4516-9b2d-964dfc82640f: shutdown server with port 46477 successfully
2022-06-19 13:06:54,943 [org.apache.ratis.util.JvmPauseMonitor$$Lambda$627/819749933@220838d2] INFO  util.JvmPauseMonitor (JvmPauseMonitor.java:run(109)) - JvmPauseMonitor-27180d60-412c-4516-9b2d-964dfc82640f: Stopped
2022-06-19 13:06:57,009 [Listener at 127.0.0.1/45241] INFO  utils.BackgroundService (BackgroundService.java:shutdown(132)) - Shutting down service BlockDeletingService
2022-06-19 13:07:00,034 [Listener at 127.0.0.1/45241] INFO  statemachine.DatanodeStateMachine (DatanodeStateMachine.java:stopDaemon(580)) - Ozone container server stopped.
2022-06-19 13:07:00,059 [Listener at 127.0.0.1/45241] INFO  handler.ContextHandler (ContextHandler.java:doStop(1153)) - Stopped o.e.j.w.WebAppContext@74e7b041{hddsDatanode,/,null,STOPPED}{jar:file:/home/runner/.m2/repository/org/apache/ozone/hdds-container-service/1.3.0-SNAPSHOT/hdds-container-service-1.3.0-SNAPSHOT.jar!/webapps/hddsDatanode}
2022-06-19 13:07:00,077 [Listener at 127.0.0.1/45241] INFO  server.AbstractConnector (AbstractConnector.java:doStop(381)) - Stopped ServerConnector@7bdd265f{HTTP/1.1, (http/1.1)}{0.0.0.0:0}
2022-06-19 13:07:00,077 [Listener at 127.0.0.1/45241] INFO  server.session (HouseKeeper.java:stopScavenging(149)) - node0 Stopped scavenging
2022-06-19 13:07:00,078 [Listener at 127.0.0.1/45241] INFO  handler.ContextHandler (ContextHandler.java:doStop(1153)) - Stopped o.e.j.s.ServletContextHandler@4f07053d{static,/static,jar:file:/home/runner/.m2/repository/org/apache/ozone/hdds-container-service/1.3.0-SNAPSHOT/hdds-container-service-1.3.0-SNAPSHOT.jar!/webapps/static,STOPPED}
2022-06-19 13:07:00,078 [Listener at 127.0.0.1/45241] INFO  handler.ContextHandler (ContextHandler.java:doStop(1153)) - Stopped o.e.j.s.ServletContextHandler@12dda1b8{logs,/logs,file:///home/runner/work/ozone/ozone/hadoop-ozone/integration-test/target/log,STOPPED}
2022-06-19 13:07:00,083 [Listener at 127.0.0.1/45241] INFO  ozone.MiniOzoneClusterImpl (MiniOzoneClusterImpl.java:stopSCM(545)) - Stopping the StorageContainerManager
2022-06-19 13:07:00,083 [Listener at 127.0.0.1/45241] INFO  server.StorageContainerManager (StorageContainerManager.java:stop(1501)) - Container Balancer is not running.
2022-06-19 13:07:00,083 [Listener at 127.0.0.1/45241] INFO  server.StorageContainerManager (StorageContainerManager.java:stop(1508)) - Stopping Replication Manager Service.
2022-06-19 13:07:00,083 [Listener at 127.0.0.1/45241] INFO  replication.ReplicationManager (ReplicationManager.java:stop(212)) - Stopping Replication Monitor Thread.
2022-06-19 13:07:00,084 [ReplicationMonitor] INFO  replication.ReplicationManager (ReplicationManager.java:run(270)) - Replication Monitor Thread is stopped
2022-06-19 13:07:00,084 [Listener at 127.0.0.1/45241] INFO  server.StorageContainerManager (StorageContainerManager.java:stop(1515)) - Stopping the Datanode Admin Monitor.
2022-06-19 13:07:00,084 [Listener at 127.0.0.1/45241] INFO  server.StorageContainerManager (StorageContainerManager.java:stop(1522)) - Stopping Lease Manager of the command watchers
2022-06-19 13:07:00,084 [Listener at 127.0.0.1/45241] INFO  server.StorageContainerManager (StorageContainerManager.java:stop(1529)) - Stopping datanode service RPC server
2022-06-19 13:07:00,084 [Listener at 127.0.0.1/45241] INFO  server.SCMDatanodeProtocolServer (SCMDatanodeProtocolServer.java:stop(400)) - Stopping the RPC server for DataNodes
2022-06-19 13:07:00,084 [Listener at 127.0.0.1/45241] INFO  ipc.Server (Server.java:stop(3414)) - Stopping server on 34167
2022-06-19 13:07:00,086 [IPC Server listener on 0] INFO  ipc.Server (Server.java:run(1376)) - Stopping IPC Server listener on 0
2022-06-19 13:07:00,111 [IPC Server Responder] INFO  ipc.Server (Server.java:run(1512)) - Stopping IPC Server Responder
2022-06-19 13:07:00,141 [SCM Heartbeat Processing Thread - 0] WARN  node.NodeStateManager (NodeStateManager.java:scheduleNextHealthCheck(848)) - Current Thread is interrupted, shutting down HB processing thread for Node Manager.
2022-06-19 13:07:00,141 [Listener at 127.0.0.1/45241] INFO  server.StorageContainerManager (StorageContainerManager.java:stop(1537)) - Stopping block service RPC server
2022-06-19 13:07:00,141 [Listener at 127.0.0.1/45241] INFO  server.SCMBlockProtocolServer (SCMBlockProtocolServer.java:stop(160)) - Stopping the RPC server for Block Protocol
2022-06-19 13:07:00,141 [Listener at 127.0.0.1/45241] INFO  ipc.Server (Server.java:stop(3414)) - Stopping server on 33057
2022-06-19 13:07:00,145 [IPC Server listener on 0] INFO  ipc.Server (Server.java:run(1376)) - Stopping IPC Server listener on 0
2022-06-19 13:07:00,145 [Listener at 127.0.0.1/45241] INFO  server.StorageContainerManager (StorageContainerManager.java:stop(1544)) - Stopping the StorageContainerLocationProtocol RPC server
2022-06-19 13:07:00,146 [IPC Server Responder] INFO  ipc.Server (Server.java:run(1512)) - Stopping IPC Server Responder
2022-06-19 13:07:00,146 [Listener at 127.0.0.1/45241] INFO  server.SCMClientProtocolServer (SCMClientProtocolServer.java:stop(178)) - Stopping the RPC server for Client Protocol
2022-06-19 13:07:00,146 [Listener at 127.0.0.1/45241] INFO  ipc.Server (Server.java:stop(3414)) - Stopping server on 41143
2022-06-19 13:07:00,205 [Listener at 127.0.0.1/45241] INFO  server.StorageContainerManager (StorageContainerManager.java:stop(1551)) - Stopping Storage Container Manager HTTP server.
2022-06-19 13:07:00,206 [Listener at 127.0.0.1/45241] INFO  handler.ContextHandler (ContextHandler.java:doStop(1153)) - Stopped o.e.j.w.WebAppContext@270cddd2{scm,/,null,STOPPED}{file:/home/runner/work/ozone/ozone/hadoop-ozone/integration-test/target/test-classes/webapps/scm}
2022-06-19 13:07:00,206 [IPC Server listener on 0] INFO  ipc.Server (Server.java:run(1376)) - Stopping IPC Server listener on 0
2022-06-19 13:07:00,206 [IPC Server Responder] INFO  ipc.Server (Server.java:run(1512)) - Stopping IPC Server Responder
2022-06-19 13:07:00,222 [Listener at 127.0.0.1/45241] INFO  server.AbstractConnector (AbstractConnector.java:doStop(381)) - Stopped ServerConnector@6e21ec84{HTTP/1.1, (http/1.1)}{0.0.0.0:0}
2022-06-19 13:07:00,222 [Listener at 127.0.0.1/45241] INFO  server.session (HouseKeeper.java:stopScavenging(149)) - node0 Stopped scavenging
2022-06-19 13:07:00,222 [Listener at 127.0.0.1/45241] INFO  handler.ContextHandler (ContextHandler.java:doStop(1153)) - Stopped o.e.j.s.ServletContextHandler@300151e9{static,/static,file:///home/runner/work/ozone/ozone/hadoop-ozone/integration-test/target/test-classes/webapps/static,STOPPED}
2022-06-19 13:07:00,222 [Listener at 127.0.0.1/45241] INFO  handler.ContextHandler (ContextHandler.java:doStop(1153)) - Stopped o.e.j.s.ServletContextHandler@2ca2159a{logs,/logs,file:///home/runner/work/ozone/ozone/hadoop-ozone/integration-test/target/log,STOPPED}
2022-06-19 13:07:00,226 [Listener at 127.0.0.1/45241] INFO  server.StorageContainerManager (StorageContainerManager.java:stop(1562)) - Stopping Block Manager Service.
2022-06-19 13:07:00,226 [Listener at 127.0.0.1/45241] INFO  utils.BackgroundService (BackgroundService.java:shutdown(132)) - Shutting down service SCMBlockDeletingService
2022-06-19 13:07:00,226 [Listener at 127.0.0.1/45241] INFO  utils.BackgroundService (BackgroundService.java:shutdown(132)) - Shutting down service SCMBlockDeletingService
2022-06-19 13:07:00,226 [Listener at 127.0.0.1/45241] INFO  server.StorageContainerManager (StorageContainerManager.java:stop(1589)) - Stopping SCM Event Queue.
2022-06-19 13:07:00,227 [Listener at 127.0.0.1/45241] INFO  server.StorageContainerManager (StorageContainerManager.java:stop(1600)) - Stopping SCM HA services.
2022-06-19 13:07:00,227 [Listener at 127.0.0.1/45241] INFO  pipeline.BackgroundPipelineCreator (BackgroundPipelineCreator.java:stop(150)) - Stopping RatisPipelineUtilsThread.
2022-06-19 13:07:00,227 [RatisPipelineUtilsThread - 0] WARN  pipeline.BackgroundPipelineCreator (BackgroundPipelineCreator.java:run(177)) - RatisPipelineUtilsThread is interrupted.
2022-06-19 13:07:00,228 [Listener at 127.0.0.1/45241] INFO  BackgroundPipelineScrubber (BackgroundSCMService.java:stop(126)) - Stopping BackgroundPipelineScrubber Service.
2022-06-19 13:07:00,228 [Listener at 127.0.0.1/45241] INFO  server.StorageContainerManager (StorageContainerManager.java:stop(1610)) - Stopping SCM MetadataStore.
2022-06-19 13:07:00,228 [BackgroundPipelineScrubberThread] WARN  BackgroundPipelineScrubber (BackgroundSCMService.java:run(110)) - BackgroundPipelineScrubber is interrupted, exit
2022-06-19 13:07:00,229 [Listener at 127.0.0.1/45241] INFO  impl.MetricsSystemImpl (MetricsSystemImpl.java:stop(210)) - Stopping HddsDatanode metrics system...
2022-06-19 13:07:00,280 [prometheus] INFO  impl.MetricsSinkAdapter (MetricsSinkAdapter.java:publishMetricsFromQueue(141)) - prometheus thread interrupted.
2022-06-19 13:07:00,280 [Listener at 127.0.0.1/45241] INFO  impl.MetricsSystemImpl (MetricsSystemImpl.java:stop(216)) - HddsDatanode metrics system stopped.
2022-06-19 13:07:00,450 [Listener at 127.0.0.1/45241] WARN  server.ServerUtils (ServerUtils.java:getScmDbDir(148)) - ozone.scm.db.dirs is not configured. We recommend adding this setting. Falling back to ozone.metadata.dirs instead.
2022-06-19 13:07:00,463 [Listener at 127.0.0.1/45241] INFO  ha.SCMHANodeDetails (SCMHANodeDetails.java:loadSCMHAConfig(160)) - ServiceID for StorageContainerManager is null
2022-06-19 13:07:00,463 [Listener at 127.0.0.1/45241] INFO  ha.SCMHANodeDetails (SCMHANodeDetails.java:loadSCMHAConfig(165)) - ozone.scm.default.service.id is not defined, falling back to ozone.scm.service.ids to find serviceID for StorageContainerManager if it is HA enabled cluster
2022-06-19 13:07:00,463 [Listener at 127.0.0.1/45241] WARN  server.ServerUtils (ServerUtils.java:getScmDbDir(148)) - ozone.scm.db.dirs is not configured. We recommend adding this setting. Falling back to ozone.metadata.dirs instead.
2022-06-19 13:07:00,464 [Listener at 127.0.0.1/45241] WARN  utils.HAUtils (HAUtils.java:getMetaDir(342)) - ozone.scm.db.dirs is not configured. We recommend adding this setting. Falling back to ozone.metadata.dirs instead.
2022-06-19 13:07:00,464 [Listener at 127.0.0.1/45241] WARN  db.DBStoreBuilder (DBStoreBuilder.java:applyDBDefinition(145)) - ozone.scm.db.dirs is not configured. We recommend adding this setting. Falling back to ozone.metadata.dirs instead.
2022-06-19 13:07:00,830 [Listener at 127.0.0.1/45241] INFO  net.NodeSchemaLoader (NodeSchemaLoader.java:loadSchemaFromFile(129)) - Loading schema from [jar:file:/home/runner/.m2/repository/org/apache/ozone/hdds-common/1.3.0-SNAPSHOT/hdds-common-1.3.0-SNAPSHOT.jar!/network-topology-default.xml]
2022-06-19 13:07:00,830 [Listener at 127.0.0.1/45241] INFO  net.NodeSchemaLoader (NodeSchemaLoader.java:loadSchema(176)) - Loading network topology layer schema file
2022-06-19 13:07:00,832 [Listener at 127.0.0.1/45241] INFO  upgrade.AbstractLayoutVersionManager (AbstractLayoutVersionManager.java:init(82)) - Initializing Layout version manager with metadata layout = DATANODE_SCHEMA_V3 (version = 4), software layout = DATANODE_SCHEMA_V3 (version = 4)
2022-06-19 13:07:00,990 [Listener at 127.0.0.1/45241] INFO  reflections.Reflections (Reflections.java:scan(232)) - Reflections took 144 ms to scan 7 urls, producing 131 keys and 315 values 
2022-06-19 13:07:00,994 [Listener at 127.0.0.1/45241] INFO  ha.SequenceIdGenerator (SequenceIdGenerator.java:upgradeToSequenceId(347)) - upgrade localId to 109611004723200000
2022-06-19 13:07:00,994 [Listener at 127.0.0.1/45241] INFO  ha.SequenceIdGenerator (SequenceIdGenerator.java:upgradeToSequenceId(357)) - upgrade delTxnId to 0
2022-06-19 13:07:00,995 [Listener at 127.0.0.1/45241] INFO  ha.SequenceIdGenerator (SequenceIdGenerator.java:upgradeToSequenceId(374)) - upgrade containerId to 0
2022-06-19 13:07:00,995 [Listener at 127.0.0.1/45241] INFO  ha.SequenceIdGenerator (SequenceIdGenerator.java:<init>(218)) - Init the HA SequenceIdGenerator.
2022-06-19 13:07:00,997 [Listener at 127.0.0.1/45241] WARN  server.ServerUtils (ServerUtils.java:sanitizeUserArgs(73)) - ozone.scm.stale.node.interval value = 300000 is larger than max = 100000 based on the key value of ozone.scm.heartbeat.thread.interval, reset to the max value 100000.
2022-06-19 13:07:00,998 [Listener at 127.0.0.1/45241] WARN  server.ServerUtils (ServerUtils.java:sanitizeUserArgs(73)) - ozone.scm.stale.node.interval value = 300000 is larger than max = 100000 based on the key value of ozone.scm.heartbeat.thread.interval, reset to the max value 100000.
2022-06-19 13:07:01,008 [Listener at 127.0.0.1/45241] INFO  node.SCMNodeManager (SCMNodeManager.java:<init>(149)) - Entering startup safe mode.
2022-06-19 13:07:01,009 [Listener at 127.0.0.1/45241] INFO  algorithms.ContainerPlacementPolicyFactory (ContainerPlacementPolicyFactory.java:getPolicyInternal(86)) - Create container placement policy of type org.apache.hadoop.hdds.scm.container.placement.algorithms.SCMContainerPlacementRandom
2022-06-19 13:07:01,009 [Listener at 127.0.0.1/45241] INFO  pipeline.PipelineStateManagerImpl (PipelineStateManagerImpl.java:initialize(78)) - No pipeline exists in current db
2022-06-19 13:07:01,009 [Listener at 127.0.0.1/45241] INFO  algorithms.LeaderChoosePolicyFactory (LeaderChoosePolicyFactory.java:getPolicy(57)) - Create leader choose policy of type org.apache.hadoop.hdds.scm.pipeline.leader.choose.algorithms.MinLeaderCountChoosePolicy
2022-06-19 13:07:01,009 [Listener at 127.0.0.1/45241] INFO  algorithms.ContainerPlacementPolicyFactory (ContainerPlacementPolicyFactory.java:getPolicyInternal(86)) - Create container placement policy of type org.apache.hadoop.hdds.scm.container.placement.algorithms.SCMContainerPlacementRackScatter
2022-06-19 13:07:01,009 [Listener at 127.0.0.1/45241] INFO  pipeline.BackgroundPipelineCreator (BackgroundPipelineCreator.java:start(125)) - Starting RatisPipelineUtilsThread.
2022-06-19 13:07:01,025 [Listener at 127.0.0.1/45241] INFO  BackgroundPipelineScrubber (BackgroundSCMService.java:start(68)) - Starting BackgroundPipelineScrubber Service.
2022-06-19 13:07:01,029 [Listener at 127.0.0.1/45241] INFO  ha.SCMServiceManager (SCMServiceManager.java:register(42)) - Registering service BackgroundPipelineCreator.
2022-06-19 13:07:01,029 [Listener at 127.0.0.1/45241] INFO  ha.SCMServiceManager (SCMServiceManager.java:register(42)) - Registering service BackgroundPipelineScrubber.
2022-06-19 13:07:01,029 [Listener at 127.0.0.1/45241] INFO  ExpiredContainerReplicaOpScrubber (BackgroundSCMService.java:start(68)) - Starting ExpiredContainerReplicaOpScrubber Service.
2022-06-19 13:07:01,041 [Listener at 127.0.0.1/45241] INFO  ha.SCMServiceManager (SCMServiceManager.java:register(42)) - Registering service ExpiredContainerReplicaOpScrubber.
2022-06-19 13:07:01,042 [Listener at 127.0.0.1/45241] INFO  algorithms.PipelineChoosePolicyFactory (PipelineChoosePolicyFactory.java:createPipelineChoosePolicyFromClass(73)) - Create pipeline choose policy of type org.apache.hadoop.hdds.scm.pipeline.choose.algorithms.RandomPipelineChoosePolicy
2022-06-19 13:07:01,042 [Listener at 127.0.0.1/45241] INFO  ha.SCMServiceManager (SCMServiceManager.java:register(42)) - Registering service SCMBlockDeletingService.
2022-06-19 13:07:01,042 [Listener at 127.0.0.1/45241] INFO  ha.SCMServiceManager (SCMServiceManager.java:register(42)) - Registering service ReplicationManager.
2022-06-19 13:07:01,042 [Listener at 127.0.0.1/45241] INFO  replication.ReplicationManager (ReplicationManager.java:start(179)) - Starting Replication Monitor Thread.
2022-06-19 13:07:01,053 [Listener at 127.0.0.1/45241] INFO  safemode.ContainerSafeModeRule (ContainerSafeModeRule.java:<init>(89)) - containers with one replica threshold count 0
2022-06-19 13:07:01,054 [Listener at 127.0.0.1/45241] INFO  safemode.HealthyPipelineSafeModeRule (HealthyPipelineSafeModeRule.java:initializeRule(156)) - Total pipeline count is 0, healthy pipeline threshold count is 1
2022-06-19 13:07:01,054 [Listener at 127.0.0.1/45241] INFO  safemode.OneReplicaPipelineSafeModeRule (OneReplicaPipelineSafeModeRule.java:initializeRule(180)) - Total pipeline count is 0, pipeline's with at least one datanode reported threshold count is 0
2022-06-19 13:07:01,061 [Listener at 127.0.0.1/45241] INFO  ipc.CallQueueManager (CallQueueManager.java:<init>(90)) - Using callQueue: class java.util.concurrent.LinkedBlockingQueue, queueCapacity: 2000, scheduler: class org.apache.hadoop.ipc.DefaultRpcScheduler, ipcBackoff: false.
2022-06-19 13:07:01,069 [Socket Reader #1 for port 0] INFO  ipc.Server (Server.java:run(1265)) - Starting Socket Reader #1 for port 0
2022-06-19 13:07:01,074 [Listener at 0.0.0.0/38365] INFO  ipc.CallQueueManager (CallQueueManager.java:<init>(90)) - Using callQueue: class java.util.concurrent.LinkedBlockingQueue, queueCapacity: 2000, scheduler: class org.apache.hadoop.ipc.DefaultRpcScheduler, ipcBackoff: false.
2022-06-19 13:07:01,084 [Socket Reader #1 for port 0] INFO  ipc.Server (Server.java:run(1265)) - Starting Socket Reader #1 for port 0
2022-06-19 13:07:01,096 [Listener at 0.0.0.0/43127] INFO  ipc.CallQueueManager (CallQueueManager.java:<init>(90)) - Using callQueue: class java.util.concurrent.LinkedBlockingQueue, queueCapacity: 2000, scheduler: class org.apache.hadoop.ipc.DefaultRpcScheduler, ipcBackoff: false.
2022-06-19 13:07:01,102 [ReplicationMonitor] INFO  replication.ReplicationManager (ReplicationManager.java:processAll(228)) - Replication Manager is not ready to run until 3000ms after safemode exit
2022-06-19 13:07:01,118 [Socket Reader #1 for port 0] INFO  ipc.Server (Server.java:run(1265)) - Starting Socket Reader #1 for port 0
2022-06-19 13:07:01,212 [Listener at 0.0.0.0/35701] INFO  ha.SCMServiceManager (SCMServiceManager.java:register(42)) - Registering service ContainerBalancer.
2022-06-19 13:07:01,212 [Listener at 0.0.0.0/35701] INFO  server.StorageContainerManager (StorageContainerManager.java:<init>(398)) - 
Container Balancer status:
Key                            Value
Running                        false
Container Balancer Configuration values:
Key                                                Value
Threshold                                          10
Max Datanodes to Involve per Iteration(percent)    20
Max Size to Move per Iteration                     500GB
Max Size Entering Target per Iteration             26GB
Max Size Leaving Source per Iteration              26GB

2022-06-19 13:07:01,212 [Listener at 0.0.0.0/35701] WARN  events.EventQueue (EventQueue.java:fireEvent(194)) - No event handler registered for event TypedEvent{payloadType=SafeModeStatus, name='Safe mode status'}
2022-06-19 13:07:01,212 [Listener at 0.0.0.0/35701] INFO  ha.SCMContext (SCMContext.java:updateSafeModeStatus(228)) - Update SafeModeStatus from SafeModeStatus{safeModeStatus=true, preCheckPassed=false} to SafeModeStatus{safeModeStatus=true, preCheckPassed=false}.
2022-06-19 13:07:01,212 [Listener at 0.0.0.0/35701] INFO  server.StorageContainerManager (StorageContainerManager.java:start(1409)) - StorageContainerLocationProtocol RPC server is listening at /0.0.0.0:35701
2022-06-19 13:07:01,214 [Listener at 0.0.0.0/35701] WARN  impl.MetricsConfig (MetricsConfig.java:loadFirst(136)) - Cannot locate configuration: tried hadoop-metrics2-storagecontainermanager.properties,hadoop-metrics2.properties
2022-06-19 13:07:01,249 [Listener at 0.0.0.0/35701] INFO  impl.MetricsSystemImpl (MetricsSystemImpl.java:startTimer(378)) - Scheduled Metric snapshot period at 10 second(s).
2022-06-19 13:07:01,249 [Listener at 0.0.0.0/35701] INFO  impl.MetricsSystemImpl (MetricsSystemImpl.java:start(191)) - StorageContainerManager metrics system started
2022-06-19 13:07:01,280 [Listener at 0.0.0.0/35701] INFO  impl.MetricsSinkAdapter (MetricsSinkAdapter.java:start(204)) - Sink prometheus started
2022-06-19 13:07:01,281 [Listener at 0.0.0.0/35701] INFO  impl.MetricsSystemImpl (MetricsSystemImpl.java:registerSink(305)) - Registered sink prometheus
2022-06-19 13:07:01,292 [Listener at 0.0.0.0/35701] INFO  server.SCMClientProtocolServer (SCMClientProtocolServer.java:start(169)) - RPC server for Client  is listening at /0.0.0.0:35701
2022-06-19 13:07:01,293 [IPC Server Responder] INFO  ipc.Server (Server.java:run(1507)) - IPC Server Responder: starting
2022-06-19 13:07:01,293 [IPC Server listener on 0] INFO  ipc.Server (Server.java:run(1344)) - IPC Server listener on 0: starting
2022-06-19 13:07:01,366 [Listener at 0.0.0.0/35701] INFO  server.StorageContainerManager (StorageContainerManager.java:start(1424)) - ScmBlockLocationProtocol RPC server is listening at /0.0.0.0:43127
2022-06-19 13:07:01,366 [Listener at 0.0.0.0/35701] INFO  server.SCMBlockProtocolServer (SCMBlockProtocolServer.java:start(151)) - RPC server for Block Protocol is listening at /0.0.0.0:43127
2022-06-19 13:07:01,366 [IPC Server Responder] INFO  ipc.Server (Server.java:run(1507)) - IPC Server Responder: starting
2022-06-19 13:07:01,366 [IPC Server listener on 0] INFO  ipc.Server (Server.java:run(1344)) - IPC Server listener on 0: starting
2022-06-19 13:07:01,368 [Listener at 0.0.0.0/35701] INFO  server.SCMDatanodeProtocolServer (SCMDatanodeProtocolServer.java:start(183)) - ScmDatanodeProtocol RPC server for DataNodes is listening at /0.0.0.0:38365
2022-06-19 13:07:01,381 [IPC Server Responder] INFO  ipc.Server (Server.java:run(1507)) - IPC Server Responder: starting
2022-06-19 13:07:01,381 [IPC Server listener on 0] INFO  ipc.Server (Server.java:run(1344)) - IPC Server listener on 0: starting
2022-06-19 13:07:01,411 [Listener at 0.0.0.0/35701] INFO  http.BaseHttpServer (BaseHttpServer.java:newHttpServer2BuilderForOzone(209)) - Starting Web-server for scm at: http://0.0.0.0:0
2022-06-19 13:07:01,411 [Listener at 0.0.0.0/35701] INFO  http.BaseHttpServer (BaseHttpServer.java:<init>(107)) - Hadoop Security Enabled: false Ozone Security Enabled: false Ozone HTTP Security Enabled: false 
2022-06-19 13:07:01,412 [Listener at 0.0.0.0/35701] INFO  server.AuthenticationFilter (AuthenticationFilter.java:constructSecretProvider(240)) - Unable to initialize FileSignerSecretProvider, falling back to use random secrets.
2022-06-19 13:07:01,417 [org.apache.hadoop.util.JvmPauseMonitor$Monitor@36447e1d] INFO  util.JvmPauseMonitor (JvmPauseMonitor.java:run(188)) - Starting JVM pause monitor
2022-06-19 13:07:01,441 [Listener at 0.0.0.0/35701] WARN  http.HttpRequestLog (HttpRequestLog.java:getRequestLog(103)) - Jetty request log can only be enabled using Log4j
2022-06-19 13:07:01,443 [Listener at 0.0.0.0/35701] INFO  http.HttpServer2 (HttpServer2.java:addGlobalFilter(1029)) - Added global filter 'safety' (class=org.apache.hadoop.hdds.server.http.HttpServer2$QuotingInputFilter)
2022-06-19 13:07:01,443 [Listener at 0.0.0.0/35701] INFO  http.HttpServer2 (HttpServer2.java:addFilter(1005)) - Added filter static_user_filter (class=org.apache.hadoop.http.lib.StaticUserWebFilter$StaticUserFilter) to context scm
2022-06-19 13:07:01,444 [Listener at 0.0.0.0/35701] INFO  http.HttpServer2 (HttpServer2.java:addFilter(1013)) - Added filter static_user_filter (class=org.apache.hadoop.http.lib.StaticUserWebFilter$StaticUserFilter) to context logs
2022-06-19 13:07:01,444 [Listener at 0.0.0.0/35701] INFO  http.HttpServer2 (HttpServer2.java:addFilter(1013)) - Added filter static_user_filter (class=org.apache.hadoop.http.lib.StaticUserWebFilter$StaticUserFilter) to context static
2022-06-19 13:07:01,444 [Listener at 0.0.0.0/35701] INFO  http.HttpServer2 (HttpServer2.java:bindListener(1248)) - Jetty bound to port 43705
2022-06-19 13:07:01,444 [Listener at 0.0.0.0/35701] INFO  server.Server (Server.java:doStart(375)) - jetty-9.4.43.v20210629; built: 2021-06-30T11:07:22.254Z; git: 526006ecfa3af7f1a27ef3a288e2bef7ea9dd7e8; jvm 1.8.0_332-b09
2022-06-19 13:07:01,529 [Listener at 0.0.0.0/35701] INFO  server.session (DefaultSessionIdManager.java:doStart(334)) - DefaultSessionIdManager workerName=node0
2022-06-19 13:07:01,529 [Listener at 0.0.0.0/35701] INFO  server.session (DefaultSessionIdManager.java:doStart(339)) - No SessionScavenger set, using defaults
2022-06-19 13:07:01,530 [Listener at 0.0.0.0/35701] INFO  server.session (HouseKeeper.java:startScavenging(132)) - node0 Scavenging every 660000ms
2022-06-19 13:07:01,546 [Listener at 0.0.0.0/35701] INFO  handler.ContextHandler (ContextHandler.java:doStart(915)) - Started o.e.j.s.ServletContextHandler@29c76aad{logs,/logs,file:///home/runner/work/ozone/ozone/hadoop-ozone/integration-test/target/log,AVAILABLE}
2022-06-19 13:07:01,547 [Listener at 0.0.0.0/35701] INFO  handler.ContextHandler (ContextHandler.java:doStart(915)) - Started o.e.j.s.ServletContextHandler@470602f8{static,/static,file:///home/runner/work/ozone/ozone/hadoop-ozone/integration-test/target/test-classes/webapps/static,AVAILABLE}
2022-06-19 13:07:01,554 [Listener at 0.0.0.0/35701] INFO  handler.ContextHandler (ContextHandler.java:doStart(915)) - Started o.e.j.w.WebAppContext@4428db34{scm,/,file:///home/runner/work/ozone/ozone/hadoop-ozone/integration-test/target/test-classes/webapps/scm/,AVAILABLE}{file:/home/runner/work/ozone/ozone/hadoop-ozone/integration-test/target/test-classes/webapps/scm}
2022-06-19 13:07:01,555 [Listener at 0.0.0.0/35701] INFO  server.AbstractConnector (AbstractConnector.java:doStart(331)) - Started ServerConnector@2fa483c1{HTTP/1.1, (http/1.1)}{0.0.0.0:43705}
2022-06-19 13:07:01,555 [Listener at 0.0.0.0/35701] INFO  server.Server (Server.java:doStart(415)) - Started @141792ms
2022-06-19 13:07:01,555 [Listener at 0.0.0.0/35701] WARN  impl.MetricsSystemImpl (MetricsSystemImpl.java:register(279)) - Sink prometheus already exists!
2022-06-19 13:07:01,556 [Listener at 0.0.0.0/35701] INFO  http.BaseHttpServer (BaseHttpServer.java:updateConnectorAddress(329)) - HTTP server of scm listening at http://0.0.0.0:43705
2022-06-19 13:07:01,556 [Listener at 0.0.0.0/35701] WARN  server.ServerUtils (ServerUtils.java:getDBPath(225)) - ozone.om.db.dirs is not configured. We recommend adding this setting. Falling back to ozone.metadata.dirs instead.
2022-06-19 13:07:01,566 [Listener at 0.0.0.0/35701] INFO  ha.OMHANodeDetails (OMHANodeDetails.java:loadOMHAConfig(115)) - ozone.om.internal.service.id is not defined, falling back to ozone.om.service.ids to find serviceID for OzoneManager if it is HA enabled cluster
2022-06-19 13:07:01,566 [Listener at 0.0.0.0/35701] INFO  ha.OMHANodeDetails (OMHANodeDetails.java:loadOMHAConfig(226)) - Configuration does not have ozone.om.address set. Falling back to the default OM address /127.0.0.1:0
2022-06-19 13:07:01,566 [Listener at 0.0.0.0/35701] INFO  ha.OMHANodeDetails (OMHANodeDetails.java:getOMNodeDetailsForNonHA(254)) - OM Service ID is not set. Setting it to the default ID: omServiceIdDefault
2022-06-19 13:07:01,566 [Listener at 0.0.0.0/35701] INFO  ha.OMHANodeDetails (OMHANodeDetails.java:getOMNodeDetailsForNonHA(261)) - OM Node ID is not set. Setting it to the default ID: om1
2022-06-19 13:07:01,566 [Listener at 0.0.0.0/35701] WARN  server.ServerUtils (ServerUtils.java:getDBPath(225)) - ozone.om.db.dirs is not configured. We recommend adding this setting. Falling back to ozone.metadata.dirs instead.
2022-06-19 13:07:01,567 [Listener at 0.0.0.0/35701] INFO  upgrade.AbstractLayoutVersionManager (AbstractLayoutVersionManager.java:init(82)) - Initializing Layout version manager with metadata layout = MULTITENANCY_SCHEMA (version = 3), software layout = MULTITENANCY_SCHEMA (version = 3)
2022-06-19 13:07:01,861 [Listener at 0.0.0.0/35701] INFO  reflections.Reflections (Reflections.java:scan(232)) - Reflections took 293 ms to scan 2 urls, producing 153 keys and 431 values [using 2 cores]
2022-06-19 13:07:01,862 [Listener at 0.0.0.0/35701] INFO  upgrade.OMLayoutVersionManager (OMLayoutVersionManager.java:lambda$0(115)) - Skipping Upgrade Action MockOmUpgradeAction since it has been finalized.
2022-06-19 13:07:01,862 [Listener at 0.0.0.0/35701] WARN  server.ServerUtils (ServerUtils.java:getDBPath(225)) - ozone.om.db.dirs is not configured. We recommend adding this setting. Falling back to ozone.metadata.dirs instead.
2022-06-19 13:07:01,863 [Listener at 0.0.0.0/35701] INFO  proxy.SCMBlockLocationFailoverProxyProvider (SCMBlockLocationFailoverProxyProvider.java:<init>(114)) - Created block location fail-over proxy with 1 nodes: [nodeId=scmNodeId,nodeAddress=/0.0.0.0:43127]
2022-06-19 13:07:01,864 [Listener at 0.0.0.0/35701] INFO  proxy.SCMBlockLocationFailoverProxyProvider (SCMBlockLocationFailoverProxyProvider.java:<init>(114)) - Created block location fail-over proxy with 1 nodes: [nodeId=scmNodeId,nodeAddress=/0.0.0.0:43127]
2022-06-19 13:07:01,906 [Listener at 0.0.0.0/35701] WARN  server.ServerUtils (ServerUtils.java:getDBPath(225)) - ozone.om.db.dirs is not configured. We recommend adding this setting. Falling back to ozone.metadata.dirs instead.
2022-06-19 13:07:01,907 [Listener at 0.0.0.0/35701] INFO  codec.OmKeyInfoCodec (OmKeyInfoCodec.java:<init>(49)) - OmKeyInfoCodec ignorePipeline = true
2022-06-19 13:07:01,907 [Listener at 0.0.0.0/35701] INFO  codec.RepeatedOmKeyInfoCodec (RepeatedOmKeyInfoCodec.java:<init>(41)) - RepeatedOmKeyInfoCodec ignorePipeline = true
2022-06-19 13:07:02,446 [Listener at 0.0.0.0/35701] INFO  om.OzoneManager (OzoneManager.java:instantiateServices(692)) - S3 Multi-Tenancy is disabled
2022-06-19 13:07:02,454 [Listener at 0.0.0.0/35701] INFO  om.OzoneManager (OzoneManager.java:addS3GVolumeToDB(4259)) - Created Volume s3v With Owner runner required for S3Gateway operations.
2022-06-19 13:07:02,454 [Listener at 0.0.0.0/35701] WARN  server.ServerUtils (ServerUtils.java:getDefaultRatisDirectory(237)) - Storage directory for Ratis is not configured. It is a good idea to map this to an SSD disk. Falling back to ozone.metadata.dirs
2022-06-19 13:07:02,454 [Listener at 0.0.0.0/35701] WARN  utils.OzoneManagerRatisUtils (OzoneManagerRatisUtils.java:getOMRatisSnapshotDirectory(423)) - ozone.om.ratis.snapshot.dir is not configured. Falling back to ozone.metadata.dirs config
2022-06-19 13:07:02,454 [Listener at 0.0.0.0/35701] WARN  server.ServerUtils (ServerUtils.java:getDefaultRatisDirectory(237)) - Storage directory for Ratis is not configured. It is a good idea to map this to an SSD disk. Falling back to ozone.metadata.dirs
2022-06-19 13:07:02,455 [Listener at 0.0.0.0/35701] INFO  ratis.OzoneManagerRatisServer (OzoneManagerRatisServer.java:<init>(159)) - Instantiating OM Ratis server with groupID: omServiceIdDefault and peers: localhost:9872
2022-06-19 13:07:02,455 [Listener at 0.0.0.0/35701] INFO  ratis.OzoneManagerStateMachine (OzoneManagerStateMachine.java:loadSnapshotInfoFromDB(632)) - LastAppliedIndex is set from TransactionInfo from OM DB as (t:0, i:~)
2022-06-19 13:07:02,473 [Listener at 0.0.0.0/35701] INFO  server.RaftServer (ConfUtils.java:logGet(46)) - raft.rpc.type = GRPC (default)
2022-06-19 13:07:02,473 [Listener at 0.0.0.0/35701] INFO  grpc.GrpcFactory (GrpcFactory.java:checkPooledByteBufAllocatorUseCacheForAllThreads(48)) - PERFORMANCE WARNING: useCacheForAllThreads is true that may cause Netty to create a lot garbage objects and, as a result, trigger GC.
	It is recommended to disable useCacheForAllThreads by setting -Dorg.apache.ratis.thirdparty.io.netty.allocator.useCacheForAllThreads=false in command line.
2022-06-19 13:07:02,473 [Listener at 0.0.0.0/35701] INFO  grpc.GrpcConfigKeys (ConfUtils.java:logGet(46)) - raft.grpc.admin.port = -1 (default)
2022-06-19 13:07:02,474 [Listener at 0.0.0.0/35701] INFO  grpc.GrpcConfigKeys (ConfUtils.java:logGet(46)) - raft.grpc.server.port = 9872 (custom)
2022-06-19 13:07:02,474 [Listener at 0.0.0.0/35701] INFO  grpc.GrpcConfigKeys (ConfUtils.java:logGet(46)) - raft.grpc.client.port = -1 (default)
2022-06-19 13:07:02,474 [Listener at 0.0.0.0/35701] INFO  grpc.GrpcConfigKeys (ConfUtils.java:logGet(46)) - raft.grpc.server.port = 9872 (custom)
2022-06-19 13:07:02,474 [Listener at 0.0.0.0/35701] INFO  grpc.GrpcConfigKeys (ConfUtils.java:logGet(46)) - raft.grpc.server.port = 9872 (custom)
2022-06-19 13:07:02,474 [Listener at 0.0.0.0/35701] INFO  server.GrpcService (ConfUtils.java:logGet(46)) - raft.grpc.message.size.max = 33554432 (custom)
2022-06-19 13:07:02,474 [Listener at 0.0.0.0/35701] INFO  server.RaftServerConfigKeys (ConfUtils.java:logGet(46)) - raft.server.log.appender.buffer.byte-limit = 33554432 (custom)
2022-06-19 13:07:02,474 [Listener at 0.0.0.0/35701] INFO  server.GrpcService (ConfUtils.java:logGet(46)) - raft.grpc.flow.control.window = 1MB (=1048576) (default)
2022-06-19 13:07:02,474 [Listener at 0.0.0.0/35701] INFO  server.RaftServerConfigKeys (ConfUtils.java:logGet(46)) - raft.server.rpc.request.timeout = 3000ms (default)
2022-06-19 13:07:02,474 [Listener at 0.0.0.0/35701] INFO  grpc.GrpcConfigKeys (ConfUtils.java:logGet(46)) - raft.grpc.server.async.request.thread.pool.cached = true (default)
2022-06-19 13:07:02,474 [Listener at 0.0.0.0/35701] INFO  grpc.GrpcConfigKeys (ConfUtils.java:logGet(46)) - raft.grpc.server.async.request.thread.pool.size = 32 (default)
2022-06-19 13:07:02,476 [Listener at 0.0.0.0/35701] INFO  impl.DataStreamServerImpl (ConfUtils.java:logGet(46)) - raft.datastream.type = DISABLED (default)
2022-06-19 13:07:02,476 [Listener at 0.0.0.0/35701] INFO  server.RaftServerConfigKeys (ConfUtils.java:logGet(46)) - raft.server.threadpool.proxy.cached = true (default)
2022-06-19 13:07:02,476 [Listener at 0.0.0.0/35701] INFO  server.RaftServerConfigKeys (ConfUtils.java:logGet(46)) - raft.server.threadpool.proxy.size = 0 (default)
2022-06-19 13:07:02,476 [Listener at 0.0.0.0/35701] INFO  server.RaftServerConfigKeys (ConfUtils.java:logGet(46)) - raft.server.rpc.slowness.timeout = 120s (custom)
2022-06-19 13:07:02,476 [Listener at 0.0.0.0/35701] INFO  server.RaftServerConfigKeys (ConfUtils.java:logGet(46)) - raft.server.leaderelection.leader.step-down.wait-time = 10s (default)
2022-06-19 13:07:02,477 [Listener at 0.0.0.0/35701] INFO  server.RaftServerConfigKeys (ConfUtils.java:logGet(46)) - raft.server.storage.dir = [/home/runner/work/ozone/ozone/hadoop-ozone/integration-test/target/test-dir/MiniOzoneClusterImpl-5e5aab19-8c77-4507-a351-bf1456ba08e7/ozone-meta/ratis] (custom)
2022-06-19 13:07:02,481 [Listener at 0.0.0.0/35701] INFO  server.RaftServer (RaftServerProxy.java:addNew(96)) - om1: addNew group-C5BA1605619E:[om1|rpc:localhost:9872|priority:0] returns group-C5BA1605619E:java.util.concurrent.CompletableFuture@3361b54c[Not completed]
2022-06-19 13:07:02,481 [pool-516-thread-1] INFO  server.RaftServer$Division (RaftServerImpl.java:<init>(190)) - om1: new RaftServerImpl for group-C5BA1605619E:[om1|rpc:localhost:9872|priority:0] with OzoneManagerStateMachine:uninitialized
2022-06-19 13:07:02,481 [Listener at 0.0.0.0/35701] INFO  om.OzoneManager (OzoneManager.java:initializeRatisServer(1961)) - OzoneManager Ratis server initialized at port 9872
2022-06-19 13:07:02,506 [Listener at 0.0.0.0/35701] INFO  om.OzoneManager (OzoneManager.java:getRpcServer(1081)) - Creating RPC Server
2022-06-19 13:07:02,507 [pool-516-thread-1] INFO  server.RaftServerConfigKeys (ConfUtils.java:logGet(46)) - raft.server.rpc.timeout.min = 1s (custom)
2022-06-19 13:07:02,507 [pool-516-thread-1] INFO  server.RaftServerConfigKeys (ConfUtils.java:logGet(46)) - raft.server.rpc.timeout.max = 1200ms (custom)
2022-06-19 13:07:02,507 [pool-516-thread-1] INFO  server.RaftServerConfigKeys (ConfUtils.java:logGet(46)) - raft.server.rpc.sleep.time = 25ms (default)
2022-06-19 13:07:02,507 [pool-516-thread-1] INFO  server.RaftServerConfigKeys (ConfUtils.java:logGet(46)) - raft.server.rpc.slowness.timeout = 120s (custom)
2022-06-19 13:07:02,507 [pool-516-thread-1] INFO  server.RaftServerConfigKeys (ConfUtils.java:logGet(46)) - raft.server.leaderelection.leader.step-down.wait-time = 10s (default)
2022-06-19 13:07:02,507 [pool-516-thread-1] INFO  server.RaftServerConfigKeys (ConfUtils.java:logGet(46)) - raft.server.sleep.deviation.threshold = 300ms (default)
2022-06-19 13:07:02,507 [pool-516-thread-1] INFO  server.RaftServer$Division (ServerState.java:<init>(107)) - om1@group-C5BA1605619E: ConfigurationManager, init=-1: [om1|rpc:localhost:9872|priority:0], old=null, confs=<EMPTY_MAP>
2022-06-19 13:07:02,507 [pool-516-thread-1] INFO  server.RaftServerConfigKeys (ConfUtils.java:logGet(46)) - raft.server.storage.dir = [/home/runner/work/ozone/ozone/hadoop-ozone/integration-test/target/test-dir/MiniOzoneClusterImpl-5e5aab19-8c77-4507-a351-bf1456ba08e7/ozone-meta/ratis] (custom)
2022-06-19 13:07:02,508 [pool-516-thread-1] INFO  server.RaftServerConfigKeys (ConfUtils.java:logGet(46)) - raft.server.log.corruption.policy = EXCEPTION (default)
2022-06-19 13:07:02,508 [pool-516-thread-1] INFO  server.RaftServerConfigKeys (ConfUtils.java:logGet(46)) - raft.server.storage.free-space.min = 0MB (=0) (default)
2022-06-19 13:07:02,508 [pool-516-thread-1] INFO  storage.RaftStorageDirectory (RaftStorageDirectoryImpl.java:analyzeStorage(135)) - The storage directory /home/runner/work/ozone/ozone/hadoop-ozone/integration-test/target/test-dir/MiniOzoneClusterImpl-5e5aab19-8c77-4507-a351-bf1456ba08e7/ozone-meta/ratis/bf265839-605b-3f16-9796-c5ba1605619e does not exist. Creating ...
2022-06-19 13:07:02,521 [pool-516-thread-1] INFO  storage.RaftStorageDirectory (RaftStorageDirectoryImpl.java:tryLock(230)) - Lock on /home/runner/work/ozone/ozone/hadoop-ozone/integration-test/target/test-dir/MiniOzoneClusterImpl-5e5aab19-8c77-4507-a351-bf1456ba08e7/ozone-meta/ratis/bf265839-605b-3f16-9796-c5ba1605619e/in_use.lock acquired by nodename 17254@fv-az58-449
2022-06-19 13:07:02,526 [pool-516-thread-1] INFO  storage.RaftStorage (RaftStorageImpl.java:format(89)) - Storage directory /home/runner/work/ozone/ozone/hadoop-ozone/integration-test/target/test-dir/MiniOzoneClusterImpl-5e5aab19-8c77-4507-a351-bf1456ba08e7/ozone-meta/ratis/bf265839-605b-3f16-9796-c5ba1605619e has been successfully formatted.
2022-06-19 13:07:02,527 [pool-516-thread-1] INFO  server.RaftServerConfigKeys (ConfUtils.java:logGet(46)) - raft.server.notification.no-leader.timeout = 120s (custom)
2022-06-19 13:07:02,527 [pool-516-thread-1] INFO  server.RaftServerConfigKeys (ConfUtils.java:logGet(46)) - raft.server.log.use.memory = false (default)
2022-06-19 13:07:02,527 [pool-516-thread-1] INFO  server.RaftServerConfigKeys (ConfUtils.java:logGet(46)) - raft.server.log.purge.gap = 1000000 (custom)
2022-06-19 13:07:02,527 [pool-516-thread-1] INFO  server.RaftServerConfigKeys (ConfUtils.java:logGet(46)) - raft.server.log.appender.buffer.byte-limit = 33554432 (custom)
2022-06-19 13:07:02,527 [pool-516-thread-1] INFO  server.RaftServerConfigKeys (ConfUtils.java:logGet(46)) - raft.server.log.statemachine.data.read.timeout = 1000ms (default)
2022-06-19 13:07:02,527 [pool-516-thread-1] INFO  server.RaftServerConfigKeys (ConfUtils.java:logGet(46)) - raft.server.log.segment.size.max = 4194304 (custom)
2022-06-19 13:07:02,527 [pool-516-thread-1] INFO  server.RaftServerConfigKeys (ConfUtils.java:logGet(46)) - raft.server.log.segment.cache.num.max = 2 (custom)
2022-06-19 13:07:02,527 [pool-516-thread-1] INFO  server.RaftServerConfigKeys (ConfUtils.java:logGet(46)) - raft.server.log.segment.cache.size.max = 200MB (=209715200) (default)
2022-06-19 13:07:02,527 [pool-516-thread-1] INFO  segmented.SegmentedRaftLogWorker (SegmentedRaftLogWorker.java:<init>(187)) - new om1@group-C5BA1605619E-SegmentedRaftLogWorker for RaftStorageImpl:Storage Directory /home/runner/work/ozone/ozone/hadoop-ozone/integration-test/target/test-dir/MiniOzoneClusterImpl-5e5aab19-8c77-4507-a351-bf1456ba08e7/ozone-meta/ratis/bf265839-605b-3f16-9796-c5ba1605619e
2022-06-19 13:07:02,527 [pool-516-thread-1] INFO  server.RaftServerConfigKeys (ConfUtils.java:logGet(46)) - raft.server.log.queue.byte-limit = 64MB (=67108864) (default)
2022-06-19 13:07:02,527 [pool-516-thread-1] INFO  server.RaftServerConfigKeys (ConfUtils.java:logGet(46)) - raft.server.log.queue.element-limit = 4096 (default)
2022-06-19 13:07:02,527 [pool-516-thread-1] INFO  server.RaftServerConfigKeys (ConfUtils.java:logGet(46)) - raft.server.log.segment.size.max = 4194304 (custom)
2022-06-19 13:07:02,528 [pool-516-thread-1] INFO  server.RaftServerConfigKeys (ConfUtils.java:logGet(46)) - raft.server.log.preallocated.size = 4194304 (custom)
2022-06-19 13:07:02,528 [pool-516-thread-1] INFO  server.RaftServerConfigKeys (ConfUtils.java:logGet(46)) - raft.server.log.force.sync.num = 128 (default)
2022-06-19 13:07:02,528 [pool-516-thread-1] INFO  server.RaftServerConfigKeys (ConfUtils.java:logGet(46)) - raft.server.log.statemachine.data.sync = true (default)
2022-06-19 13:07:02,528 [pool-516-thread-1] INFO  server.RaftServerConfigKeys (ConfUtils.java:logGet(46)) - raft.server.log.statemachine.data.sync.timeout = 10s (default)
2022-06-19 13:07:02,528 [pool-516-thread-1] INFO  server.RaftServerConfigKeys (ConfUtils.java:logGet(46)) - raft.server.log.statemachine.data.sync.timeout.retry = -1 (default)
2022-06-19 13:07:02,550 [pool-516-thread-1] INFO  server.RaftServerConfigKeys (ConfUtils.java:logGet(46)) - raft.server.log.write.buffer.size = 64KB (=65536) (default)
2022-06-19 13:07:02,550 [pool-516-thread-1] INFO  server.RaftServerConfigKeys (ConfUtils.java:logGet(46)) - raft.server.log.unsafe-flush.enabled = false (default)
2022-06-19 13:07:02,550 [pool-516-thread-1] INFO  server.RaftServerConfigKeys (ConfUtils.java:logGet(46)) - raft.server.log.statemachine.data.caching.enabled = false (default)
2022-06-19 13:07:02,550 [pool-516-thread-1] INFO  segmented.SegmentedRaftLogWorker (SegmentedRaftLogWorker.java:lambda$new$0(135)) - om1@group-C5BA1605619E-SegmentedRaftLogWorker: flushIndex: setUnconditionally 0 -> -1
2022-06-19 13:07:02,550 [pool-516-thread-1] INFO  segmented.SegmentedRaftLogWorker (SegmentedRaftLogWorker.java:lambda$new$0(135)) - om1@group-C5BA1605619E-SegmentedRaftLogWorker: safeCacheEvictIndex: setUnconditionally 0 -> -1
2022-06-19 13:07:02,611 [pool-516-thread-1] INFO  server.RaftServerConfigKeys (ConfUtils.java:logGet(46)) - raft.server.snapshot.auto.trigger.enabled = true (custom)
2022-06-19 13:07:02,612 [pool-516-thread-1] INFO  server.RaftServerConfigKeys (ConfUtils.java:logGet(46)) - raft.server.snapshot.auto.trigger.threshold = 400000 (default)
2022-06-19 13:07:02,612 [pool-516-thread-1] INFO  server.RaftServerConfigKeys (ConfUtils.java:logGet(46)) - raft.server.snapshot.retention.file.num = -1 (default)
2022-06-19 13:07:02,612 [pool-516-thread-1] INFO  server.RaftServerConfigKeys (ConfUtils.java:logGet(46)) - raft.server.log.purge.upto.snapshot.index = true (custom)
2022-06-19 13:07:02,612 [pool-516-thread-1] INFO  server.RaftServerConfigKeys (ConfUtils.java:logGet(46)) - raft.server.retrycache.expirytime = 300s (custom)
2022-06-19 13:07:02,612 [pool-516-thread-1] INFO  server.RaftServerConfigKeys (ConfUtils.java:logGet(46)) - raft.server.retrycache.statistics.expirytime = 100μs (default)
2022-06-19 13:07:02,613 [pool-516-thread-1] INFO  server.RaftServerConfigKeys (ConfUtils.java:logGet(46)) - raft.server.log.appender.install.snapshot.enabled = false (custom)
2022-06-19 13:07:02,613 [pool-516-thread-1] INFO  server.RaftServerConfigKeys (ConfUtils.java:logGet(46)) - raft.server.threadpool.server.cached = true (default)
2022-06-19 13:07:02,613 [pool-516-thread-1] INFO  server.RaftServerConfigKeys (ConfUtils.java:logGet(46)) - raft.server.threadpool.server.size = 0 (default)
2022-06-19 13:07:02,613 [pool-516-thread-1] INFO  server.RaftServerConfigKeys (ConfUtils.java:logGet(46)) - raft.server.threadpool.client.cached = true (default)
2022-06-19 13:07:02,613 [pool-516-thread-1] INFO  server.RaftServerConfigKeys (ConfUtils.java:logGet(46)) - raft.server.threadpool.client.size = 0 (default)
2022-06-19 13:07:04,078 [Listener at 0.0.0.0/35701] INFO  reflections.Reflections (Reflections.java:scan(232)) - Reflections took 1571 ms to scan 19 urls, producing 66 keys and 4010 values [using 2 cores]
2022-06-19 13:07:04,080 [Listener at 0.0.0.0/35701] INFO  ipc.CallQueueManager (CallQueueManager.java:<init>(90)) - Using callQueue: class java.util.concurrent.LinkedBlockingQueue, queueCapacity: 2000, scheduler: class org.apache.hadoop.ipc.DefaultRpcScheduler, ipcBackoff: false.
2022-06-19 13:07:04,082 [Socket Reader #1 for port 0] INFO  ipc.Server (Server.java:run(1265)) - Starting Socket Reader #1 for port 0
2022-06-19 13:07:04,177 [Listener at 127.0.0.1/41441] INFO  impl.MetricsSystemImpl (MetricsSystemImpl.java:init(158)) - OzoneManager metrics system started (again)
2022-06-19 13:07:04,223 [Listener at 127.0.0.1/41441] INFO  om.OzoneManager (OzoneManager.java:start(1465)) - OzoneManager RPC server is listening at localhost/127.0.0.1:41441
2022-06-19 13:07:04,223 [Listener at 127.0.0.1/41441] INFO  ratis.OzoneManagerRatisServer (OzoneManagerRatisServer.java:start(554)) - Starting OzoneManagerRatisServer om1 at port 9872
2022-06-19 13:07:04,223 [om1-impl-thread1] INFO  server.RaftServer$Division (RaftServerImpl.java:start(310)) - om1@group-C5BA1605619E: start as a follower, conf=-1: [om1|rpc:localhost:9872|priority:0], old=null
2022-06-19 13:07:04,224 [om1-impl-thread1] INFO  server.RaftServer$Division (RaftServerImpl.java:setRole(299)) - om1@group-C5BA1605619E: changes role from      null to FOLLOWER at term 0 for startAsFollower
2022-06-19 13:07:04,224 [om1-impl-thread1] INFO  impl.RoleInfo (RoleInfo.java:updateAndGet(139)) - om1: start om1@group-C5BA1605619E-FollowerState
2022-06-19 13:07:04,230 [om1-impl-thread1] INFO  util.JmxRegister (JmxRegister.java:tryRegister(44)) - Successfully registered JMX Bean with object name Ratis:service=RaftServer,group=group-C5BA1605619E,id=om1
2022-06-19 13:07:04,259 [Listener at 127.0.0.1/41441] INFO  server.RaftServer (RaftServerProxy.java:lambda$start$6(382)) - om1: start RPC server
2022-06-19 13:07:04,291 [Listener at 127.0.0.1/41441] INFO  server.GrpcService (GrpcService.java:startImpl(260)) - om1: GrpcService started, listening on 9872
2022-06-19 13:07:04,297 [Listener at 127.0.0.1/41441] INFO  om.OzoneManager (OzoneManager.java:start(1481)) - Version File has different layout version (3) than OM DB (null). That is expected if this OM has never been finalized to a newer layout version.
2022-06-19 13:07:04,298 [org.apache.ratis.util.JvmPauseMonitor$$Lambda$627/819749933@3198594d] INFO  util.JvmPauseMonitor (JvmPauseMonitor.java:run(103)) - JvmPauseMonitor-om1: Started
2022-06-19 13:07:04,325 [Listener at 127.0.0.1/41441] INFO  http.BaseHttpServer (BaseHttpServer.java:newHttpServer2BuilderForOzone(209)) - Starting Web-server for ozoneManager at: http://0.0.0.0:0
2022-06-19 13:07:04,326 [Listener at 127.0.0.1/41441] INFO  http.BaseHttpServer (BaseHttpServer.java:<init>(107)) - Hadoop Security Enabled: false Ozone Security Enabled: false Ozone HTTP Security Enabled: false 
2022-06-19 13:07:04,327 [Listener at 127.0.0.1/41441] INFO  server.AuthenticationFilter (AuthenticationFilter.java:constructSecretProvider(240)) - Unable to initialize FileSignerSecretProvider, falling back to use random secrets.
2022-06-19 13:07:04,350 [Listener at 127.0.0.1/41441] WARN  http.HttpRequestLog (HttpRequestLog.java:getRequestLog(103)) - Jetty request log can only be enabled using Log4j
2022-06-19 13:07:04,351 [Listener at 127.0.0.1/41441] INFO  http.HttpServer2 (HttpServer2.java:addGlobalFilter(1029)) - Added global filter 'safety' (class=org.apache.hadoop.hdds.server.http.HttpServer2$QuotingInputFilter)
2022-06-19 13:07:04,358 [Listener at 127.0.0.1/41441] INFO  http.HttpServer2 (HttpServer2.java:addFilter(1005)) - Added filter static_user_filter (class=org.apache.hadoop.http.lib.StaticUserWebFilter$StaticUserFilter) to context ozoneManager
2022-06-19 13:07:04,358 [Listener at 127.0.0.1/41441] INFO  http.HttpServer2 (HttpServer2.java:addFilter(1013)) - Added filter static_user_filter (class=org.apache.hadoop.http.lib.StaticUserWebFilter$StaticUserFilter) to context static
2022-06-19 13:07:04,359 [Listener at 127.0.0.1/41441] INFO  http.HttpServer2 (HttpServer2.java:addFilter(1013)) - Added filter static_user_filter (class=org.apache.hadoop.http.lib.StaticUserWebFilter$StaticUserFilter) to context logs
2022-06-19 13:07:04,362 [Listener at 127.0.0.1/41441] INFO  http.HttpServer2 (HttpServer2.java:bindListener(1248)) - Jetty bound to port 45783
2022-06-19 13:07:04,362 [Listener at 127.0.0.1/41441] INFO  server.Server (Server.java:doStart(375)) - jetty-9.4.43.v20210629; built: 2021-06-30T11:07:22.254Z; git: 526006ecfa3af7f1a27ef3a288e2bef7ea9dd7e8; jvm 1.8.0_332-b09
2022-06-19 13:07:04,402 [Listener at 127.0.0.1/41441] INFO  server.session (DefaultSessionIdManager.java:doStart(334)) - DefaultSessionIdManager workerName=node0
2022-06-19 13:07:04,403 [Listener at 127.0.0.1/41441] INFO  server.session (DefaultSessionIdManager.java:doStart(339)) - No SessionScavenger set, using defaults
2022-06-19 13:07:04,403 [Listener at 127.0.0.1/41441] INFO  server.session (HouseKeeper.java:startScavenging(132)) - node0 Scavenging every 600000ms
2022-06-19 13:07:04,410 [Listener at 127.0.0.1/41441] INFO  handler.ContextHandler (ContextHandler.java:doStart(915)) - Started o.e.j.s.ServletContextHandler@4a53088b{logs,/logs,file:///home/runner/work/ozone/ozone/hadoop-ozone/integration-test/target/log,AVAILABLE}
2022-06-19 13:07:04,411 [Listener at 127.0.0.1/41441] INFO  handler.ContextHandler (ContextHandler.java:doStart(915)) - Started o.e.j.s.ServletContextHandler@5bdf2408{static,/static,file:///home/runner/work/ozone/ozone/hadoop-ozone/integration-test/target/test-classes/webapps/static,AVAILABLE}
2022-06-19 13:07:04,414 [Listener at 127.0.0.1/41441] INFO  handler.ContextHandler (ContextHandler.java:doStart(915)) - Started o.e.j.w.WebAppContext@3d3a12cf{ozoneManager,/,file:///home/runner/work/ozone/ozone/hadoop-ozone/integration-test/target/test-classes/webapps/ozoneManager/,AVAILABLE}{file:/home/runner/work/ozone/ozone/hadoop-ozone/integration-test/target/test-classes/webapps/ozoneManager}
2022-06-19 13:07:04,418 [Listener at 127.0.0.1/41441] INFO  server.AbstractConnector (AbstractConnector.java:doStart(331)) - Started ServerConnector@7d48998{HTTP/1.1, (http/1.1)}{0.0.0.0:45783}
2022-06-19 13:07:04,418 [Listener at 127.0.0.1/41441] INFO  server.Server (Server.java:doStart(415)) - Started @144655ms
2022-06-19 13:07:04,418 [Listener at 127.0.0.1/41441] WARN  impl.MetricsSystemImpl (MetricsSystemImpl.java:register(279)) - Sink prometheus already exists!
2022-06-19 13:07:04,419 [Listener at 127.0.0.1/41441] INFO  http.BaseHttpServer (BaseHttpServer.java:updateConnectorAddress(329)) - HTTP server of ozoneManager listening at http://0.0.0.0:45783
2022-06-19 13:07:04,419 [IPC Server Responder] INFO  ipc.Server (Server.java:run(1507)) - IPC Server Responder: starting
2022-06-19 13:07:04,419 [IPC Server listener on 0] INFO  ipc.Server (Server.java:run(1344)) - IPC Server listener on 0: starting
2022-06-19 13:07:04,472 [Listener at 127.0.0.1/41441] INFO  om.TrashPolicyOzone (TrashPolicyOzone.java:<init>(178)) - Ozone Manager trash configuration: Deletion interval = 0 minutes, Emptier interval = 0 minutes.
2022-06-19 13:07:04,489 [org.apache.hadoop.util.JvmPauseMonitor$Monitor@57478445] INFO  util.JvmPauseMonitor (JvmPauseMonitor.java:run(188)) - Starting JVM pause monitor
2022-06-19 13:07:04,512 [Listener at 127.0.0.1/41441] WARN  impl.MetricRegistriesImpl (MetricRegistriesImpl.java:addReporterRegistration(111)) - New reporters are added after registries were created. Some metrics will be missing from the reporter. Please add reporter before adding any new registry.
2022-06-19 13:07:04,512 [Listener at 127.0.0.1/41441] WARN  impl.MetricRegistriesImpl (MetricRegistriesImpl.java:addReporterRegistration(111)) - New reporters are added after registries were created. Some metrics will be missing from the reporter. Please add reporter before adding any new registry.
2022-06-19 13:07:04,512 [Listener at 127.0.0.1/41441] INFO  impl.MetricsSystemImpl (MetricsSystemImpl.java:init(158)) - HddsDatanode metrics system started (again)
2022-06-19 13:07:04,583 [Listener at 127.0.0.1/41441] INFO  ozone.HddsDatanodeService (HddsDatanodeService.java:start(236)) - HddsDatanodeService host:fv-az58-449.32bp4kehjaiexiom31oljkjdjg.cx.internal.cloudapp.net ip:10.1.0.4
2022-06-19 13:07:04,683 [Listener at 127.0.0.1/41441] INFO  upgrade.AbstractLayoutVersionManager (AbstractLayoutVersionManager.java:init(82)) - Initializing Layout version manager with metadata layout = DATANODE_SCHEMA_V3 (version = 4), software layout = DATANODE_SCHEMA_V3 (version = 4)
2022-06-19 13:07:04,817 [Listener at 127.0.0.1/41441] INFO  reflections.Reflections (Reflections.java:scan(232)) - Reflections took 133 ms to scan 7 urls, producing 131 keys and 315 values 
2022-06-19 13:07:04,833 [Listener at 127.0.0.1/41441] INFO  statemachine.DatanodeStateMachine (DatanodeStateMachine.java:getEndPointTaskThreadPoolSize(237)) - Datanode State Machine Task Thread Pool size 2
2022-06-19 13:07:04,858 [Listener at 127.0.0.1/41441] INFO  volume.HddsVolume (HddsVolume.java:<init>(116)) - Creating HddsVolume: /home/runner/work/ozone/ozone/hadoop-ozone/integration-test/target/test-dir/MiniOzoneClusterImpl-5e5aab19-8c77-4507-a351-bf1456ba08e7/datanode-0/data-0/containers/hdds of storage type : DISK capacity : 9223372036854775807
2022-06-19 13:07:04,858 [Listener at 127.0.0.1/41441] INFO  volume.MutableVolumeSet (MutableVolumeSet.java:initializeVolumeSet(174)) - Added Volume : /home/runner/work/ozone/ozone/hadoop-ozone/integration-test/target/test-dir/MiniOzoneClusterImpl-5e5aab19-8c77-4507-a351-bf1456ba08e7/datanode-0/data-0/containers/hdds to VolumeSet
2022-06-19 13:07:04,858 [Listener at 127.0.0.1/41441] INFO  volume.ThrottledAsyncChecker (ThrottledAsyncChecker.java:schedule(141)) - Scheduling a check for /home/runner/work/ozone/ozone/hadoop-ozone/integration-test/target/test-dir/MiniOzoneClusterImpl-5e5aab19-8c77-4507-a351-bf1456ba08e7/datanode-0/data-0/containers/hdds
2022-06-19 13:07:04,894 [Listener at 127.0.0.1/41441] INFO  volume.StorageVolumeChecker (StorageVolumeChecker.java:checkAllVolumes(202)) - Scheduled health check for volume /home/runner/work/ozone/ozone/hadoop-ozone/integration-test/target/test-dir/MiniOzoneClusterImpl-5e5aab19-8c77-4507-a351-bf1456ba08e7/datanode-0/data-0/containers/hdds
2022-06-19 13:07:04,962 [Listener at 127.0.0.1/41441] INFO  volume.MutableVolumeSet (MutableVolumeSet.java:initializeVolumeSet(174)) - Added Volume : /home/runner/work/ozone/ozone/hadoop-ozone/integration-test/target/test-dir/MiniOzoneClusterImpl-5e5aab19-8c77-4507-a351-bf1456ba08e7/datanode-0/data/ratis to VolumeSet
2022-06-19 13:07:04,962 [Listener at 127.0.0.1/41441] INFO  volume.ThrottledAsyncChecker (ThrottledAsyncChecker.java:schedule(141)) - Scheduling a check for /home/runner/work/ozone/ozone/hadoop-ozone/integration-test/target/test-dir/MiniOzoneClusterImpl-5e5aab19-8c77-4507-a351-bf1456ba08e7/datanode-0/data/ratis
2022-06-19 13:07:04,962 [Listener at 127.0.0.1/41441] INFO  volume.StorageVolumeChecker (StorageVolumeChecker.java:checkAllVolumes(202)) - Scheduled health check for volume /home/runner/work/ozone/ozone/hadoop-ozone/integration-test/target/test-dir/MiniOzoneClusterImpl-5e5aab19-8c77-4507-a351-bf1456ba08e7/datanode-0/data/ratis
2022-06-19 13:07:05,005 [Thread-987] INFO  ozoneimpl.ContainerReader (ContainerReader.java:readVolume(172)) - Finish verifying containers on volume /home/runner/work/ozone/ozone/hadoop-ozone/integration-test/target/test-dir/MiniOzoneClusterImpl-5e5aab19-8c77-4507-a351-bf1456ba08e7/datanode-0/data-0/containers/hdds
2022-06-19 13:07:05,005 [Listener at 127.0.0.1/41441] INFO  ozoneimpl.OzoneContainer (OzoneContainer.java:buildContainerSet(266)) - Build ContainerSet costs 0s
2022-06-19 13:07:05,007 [Listener at 127.0.0.1/41441] INFO  server.RaftServer (ConfUtils.java:logGet(46)) - raft.rpc.type = GRPC (default)
2022-06-19 13:07:05,007 [Listener at 127.0.0.1/41441] INFO  grpc.GrpcFactory (GrpcFactory.java:checkPooledByteBufAllocatorUseCacheForAllThreads(48)) - PERFORMANCE WARNING: useCacheForAllThreads is true that may cause Netty to create a lot garbage objects and, as a result, trigger GC.
	It is recommended to disable useCacheForAllThreads by setting -Dorg.apache.ratis.thirdparty.io.netty.allocator.useCacheForAllThreads=false in command line.
2022-06-19 13:07:05,007 [Listener at 127.0.0.1/41441] INFO  grpc.GrpcConfigKeys (ConfUtils.java:logGet(46)) - raft.grpc.admin.port = 0 (custom)
2022-06-19 13:07:05,008 [Listener at 127.0.0.1/41441] INFO  grpc.GrpcConfigKeys (ConfUtils.java:logGet(46)) - raft.grpc.client.port = 0 (custom)
2022-06-19 13:07:05,008 [Listener at 127.0.0.1/41441] INFO  grpc.GrpcConfigKeys (ConfUtils.java:logGet(46)) - raft.grpc.server.port = 0 (default)
2022-06-19 13:07:05,008 [Listener at 127.0.0.1/41441] INFO  server.GrpcService (ConfUtils.java:logGet(46)) - raft.grpc.message.size.max = 32MB (=33554432) (custom)
2022-06-19 13:07:05,008 [Listener at 127.0.0.1/41441] INFO  server.RaftServerConfigKeys (ConfUtils.java:logGet(46)) - raft.server.log.appender.buffer.byte-limit = 33554432 (custom)
2022-06-19 13:07:05,008 [Listener at 127.0.0.1/41441] INFO  server.GrpcService (ConfUtils.java:logGet(46)) - raft.grpc.flow.control.window = 5MB (=5242880) (custom)
2022-06-19 13:07:05,008 [Listener at 127.0.0.1/41441] INFO  server.RaftServerConfigKeys (ConfUtils.java:logGet(46)) - raft.server.rpc.request.timeout = 60s (custom)
2022-06-19 13:07:05,008 [Listener at 127.0.0.1/41441] INFO  grpc.GrpcConfigKeys (ConfUtils.java:logGet(46)) - raft.grpc.server.async.request.thread.pool.cached = true (default)
2022-06-19 13:07:05,008 [Listener at 127.0.0.1/41441] INFO  grpc.GrpcConfigKeys (ConfUtils.java:logGet(46)) - raft.grpc.server.async.request.thread.pool.size = 32 (default)
2022-06-19 13:07:05,009 [Listener at 127.0.0.1/41441] INFO  impl.DataStreamServerImpl (ConfUtils.java:logGet(46)) - raft.datastream.type = DISABLED (default)
2022-06-19 13:07:05,010 [Listener at 127.0.0.1/41441] INFO  server.RaftServerConfigKeys (ConfUtils.java:logGet(46)) - raft.server.threadpool.proxy.cached = true (default)
2022-06-19 13:07:05,010 [Listener at 127.0.0.1/41441] INFO  server.RaftServerConfigKeys (ConfUtils.java:logGet(46)) - raft.server.threadpool.proxy.size = 0 (default)
2022-06-19 13:07:05,010 [Listener at 127.0.0.1/41441] INFO  server.RaftServerConfigKeys (ConfUtils.java:logGet(46)) - raft.server.rpc.slowness.timeout = 300s (custom)
2022-06-19 13:07:05,010 [Listener at 127.0.0.1/41441] INFO  server.RaftServerConfigKeys (ConfUtils.java:logGet(46)) - raft.server.leaderelection.leader.step-down.wait-time = 10s (default)
2022-06-19 13:07:05,010 [Listener at 127.0.0.1/41441] INFO  server.RaftServerConfigKeys (ConfUtils.java:logGet(46)) - raft.server.storage.dir = [/home/runner/work/ozone/ozone/hadoop-ozone/integration-test/target/test-dir/MiniOzoneClusterImpl-5e5aab19-8c77-4507-a351-bf1456ba08e7/datanode-0/data/ratis] (custom)
2022-06-19 13:07:05,011 [Listener at 127.0.0.1/41441] INFO  server.XceiverServerGrpc (XceiverServerGrpc.java:<init>(132)) - GrpcServer channel type EpollServerSocketChannel
2022-06-19 13:07:05,013 [Listener at 127.0.0.1/41441] INFO  http.BaseHttpServer (BaseHttpServer.java:newHttpServer2BuilderForOzone(209)) - Starting Web-server for hddsDatanode at: http://0.0.0.0:0
2022-06-19 13:07:05,014 [Listener at 127.0.0.1/41441] INFO  http.BaseHttpServer (BaseHttpServer.java:<init>(107)) - Hadoop Security Enabled: false Ozone Security Enabled: false Ozone HTTP Security Enabled: false 
2022-06-19 13:07:05,014 [Listener at 127.0.0.1/41441] INFO  server.AuthenticationFilter (AuthenticationFilter.java:constructSecretProvider(240)) - Unable to initialize FileSignerSecretProvider, falling back to use random secrets.
2022-06-19 13:07:05,015 [Listener at 127.0.0.1/41441] WARN  http.HttpRequestLog (HttpRequestLog.java:getRequestLog(103)) - Jetty request log can only be enabled using Log4j
2022-06-19 13:07:05,016 [Listener at 127.0.0.1/41441] INFO  http.HttpServer2 (HttpServer2.java:addGlobalFilter(1029)) - Added global filter 'safety' (class=org.apache.hadoop.hdds.server.http.HttpServer2$QuotingInputFilter)
2022-06-19 13:07:05,016 [Listener at 127.0.0.1/41441] INFO  http.HttpServer2 (HttpServer2.java:addFilter(1005)) - Added filter static_user_filter (class=org.apache.hadoop.http.lib.StaticUserWebFilter$StaticUserFilter) to context hddsDatanode
2022-06-19 13:07:05,017 [Listener at 127.0.0.1/41441] INFO  http.HttpServer2 (HttpServer2.java:addFilter(1013)) - Added filter static_user_filter (class=org.apache.hadoop.http.lib.StaticUserWebFilter$StaticUserFilter) to context logs
2022-06-19 13:07:05,017 [Listener at 127.0.0.1/41441] INFO  http.HttpServer2 (HttpServer2.java:addFilter(1013)) - Added filter static_user_filter (class=org.apache.hadoop.http.lib.StaticUserWebFilter$StaticUserFilter) to context static
2022-06-19 13:07:05,017 [Listener at 127.0.0.1/41441] INFO  http.HttpServer2 (HttpServer2.java:bindListener(1248)) - Jetty bound to port 38271
2022-06-19 13:07:05,017 [Listener at 127.0.0.1/41441] INFO  server.Server (Server.java:doStart(375)) - jetty-9.4.43.v20210629; built: 2021-06-30T11:07:22.254Z; git: 526006ecfa3af7f1a27ef3a288e2bef7ea9dd7e8; jvm 1.8.0_332-b09
2022-06-19 13:07:05,093 [Listener at 127.0.0.1/41441] INFO  server.session (DefaultSessionIdManager.java:doStart(334)) - DefaultSessionIdManager workerName=node0
2022-06-19 13:07:05,093 [Listener at 127.0.0.1/41441] INFO  server.session (DefaultSessionIdManager.java:doStart(339)) - No SessionScavenger set, using defaults
2022-06-19 13:07:05,093 [Listener at 127.0.0.1/41441] INFO  server.session (HouseKeeper.java:startScavenging(132)) - node0 Scavenging every 600000ms
2022-06-19 13:07:05,094 [Listener at 127.0.0.1/41441] INFO  handler.ContextHandler (ContextHandler.java:doStart(915)) - Started o.e.j.s.ServletContextHandler@2af377af{logs,/logs,file:///home/runner/work/ozone/ozone/hadoop-ozone/integration-test/target/log,AVAILABLE}
2022-06-19 13:07:05,094 [Listener at 127.0.0.1/41441] INFO  handler.ContextHandler (ContextHandler.java:doStart(915)) - Started o.e.j.s.ServletContextHandler@127f9c8{static,/static,jar:file:/home/runner/.m2/repository/org/apache/ozone/hdds-container-service/1.3.0-SNAPSHOT/hdds-container-service-1.3.0-SNAPSHOT.jar!/webapps/static,AVAILABLE}
2022-06-19 13:07:05,297 [om1@group-C5BA1605619E-FollowerState] INFO  impl.FollowerState (FollowerState.java:run(143)) - om1@group-C5BA1605619E-FollowerState: change to CANDIDATE, lastRpcElapsedTime:1073657638ns, electionTimeout:1068ms
2022-06-19 13:07:05,298 [om1@group-C5BA1605619E-FollowerState] INFO  impl.RoleInfo (RoleInfo.java:shutdownFollowerState(110)) - om1: shutdown om1@group-C5BA1605619E-FollowerState
2022-06-19 13:07:05,298 [om1@group-C5BA1605619E-FollowerState] INFO  server.RaftServer$Division (RaftServerImpl.java:setRole(299)) - om1@group-C5BA1605619E: changes role from  FOLLOWER to CANDIDATE at term 0 for changeToCandidate
2022-06-19 13:07:05,298 [om1@group-C5BA1605619E-FollowerState] INFO  server.RaftServerConfigKeys (ConfUtils.java:logGet(46)) - raft.server.leaderelection.pre-vote = false (custom)
2022-06-19 13:07:05,298 [om1@group-C5BA1605619E-FollowerState] INFO  impl.RoleInfo (RoleInfo.java:updateAndGet(139)) - om1: start om1@group-C5BA1605619E-LeaderElection40
2022-06-19 13:07:05,347 [om1@group-C5BA1605619E-LeaderElection40] INFO  impl.LeaderElection (LeaderElection.java:askForVotes(310)) - om1@group-C5BA1605619E-LeaderElection40 ELECTION round 0: submit vote requests at term 1 for -1: [om1|rpc:localhost:9872|priority:0], old=null
2022-06-19 13:07:05,347 [om1@group-C5BA1605619E-LeaderElection40] INFO  impl.LeaderElection (LeaderElection.java:askForVotes(312)) - om1@group-C5BA1605619E-LeaderElection40 ELECTION round 0: result PASSED (term=1)
2022-06-19 13:07:05,347 [om1@group-C5BA1605619E-LeaderElection40] INFO  impl.RoleInfo (RoleInfo.java:shutdownLeaderElection(130)) - om1: shutdown om1@group-C5BA1605619E-LeaderElection40
2022-06-19 13:07:05,347 [om1@group-C5BA1605619E-LeaderElection40] INFO  server.RaftServer$Division (RaftServerImpl.java:setRole(299)) - om1@group-C5BA1605619E: changes role from CANDIDATE to LEADER at term 1 for changeToLeader
2022-06-19 13:07:05,347 [om1@group-C5BA1605619E-LeaderElection40] INFO  server.RaftServer$Division (ServerState.java:setLeader(287)) - om1@group-C5BA1605619E: change Leader from null to om1 at term 1 for becomeLeader, leader elected after 2820ms
2022-06-19 13:07:05,347 [om1@group-C5BA1605619E-LeaderElection40] INFO  server.RaftServerConfigKeys (ConfUtils.java:logGet(46)) - raft.server.staging.catchup.gap = 1000 (default)
2022-06-19 13:07:05,348 [om1@group-C5BA1605619E-LeaderElection40] INFO  server.RaftServerConfigKeys (ConfUtils.java:logGet(46)) - raft.server.write.element-limit = 4096 (default)
2022-06-19 13:07:05,348 [om1@group-C5BA1605619E-LeaderElection40] INFO  server.RaftServerConfigKeys (ConfUtils.java:logGet(46)) - raft.server.write.byte-limit = 64MB (=67108864) (default)
2022-06-19 13:07:05,348 [om1@group-C5BA1605619E-LeaderElection40] INFO  server.RaftServerConfigKeys (ConfUtils.java:logGet(46)) - raft.server.watch.timeout = 10s (default)
2022-06-19 13:07:05,348 [om1@group-C5BA1605619E-LeaderElection40] INFO  server.RaftServerConfigKeys (ConfUtils.java:logGet(46)) - raft.server.watch.timeout.denomination = 1s (default)
2022-06-19 13:07:05,348 [om1@group-C5BA1605619E-LeaderElection40] INFO  server.RaftServerConfigKeys (ConfUtils.java:logGet(46)) - raft.server.watch.element-limit = 65536 (default)
2022-06-19 13:07:05,348 [om1@group-C5BA1605619E-LeaderElection40] INFO  server.RaftServerConfigKeys (ConfUtils.java:logGet(46)) - raft.server.write.element-limit = 4096 (default)
2022-06-19 13:07:05,348 [om1@group-C5BA1605619E-LeaderElection40] INFO  server.RaftServerConfigKeys (ConfUtils.java:logGet(46)) - raft.server.write.follower.gap.ratio.max = -1.0 (default)
2022-06-19 13:07:05,348 [om1@group-C5BA1605619E-LeaderElection40] INFO  impl.RoleInfo (RoleInfo.java:updateAndGet(139)) - om1: start om1@group-C5BA1605619E-LeaderStateImpl
2022-06-19 13:07:05,348 [om1@group-C5BA1605619E-LeaderElection40] INFO  segmented.SegmentedRaftLogWorker (SegmentedRaftLogWorker.java:startLogSegment(425)) - om1@group-C5BA1605619E-SegmentedRaftLogWorker: Starting segment from index:0
2022-06-19 13:07:05,359 [om1@group-C5BA1605619E-SegmentedRaftLogWorker] INFO  segmented.SegmentedRaftLogWorker (SegmentedRaftLogWorker.java:execute(629)) - om1@group-C5BA1605619E-SegmentedRaftLogWorker: created new log segment /home/runner/work/ozone/ozone/hadoop-ozone/integration-test/target/test-dir/MiniOzoneClusterImpl-5e5aab19-8c77-4507-a351-bf1456ba08e7/ozone-meta/ratis/bf265839-605b-3f16-9796-c5ba1605619e/current/log_inprogress_0
2022-06-19 13:07:05,385 [om1@group-C5BA1605619E-LeaderElection40] INFO  server.RaftServer$Division (ServerState.java:setRaftConf(393)) - om1@group-C5BA1605619E: set configuration 0: [om1|rpc:localhost:9872|admin:|client:|dataStream:|priority:0], old=null
2022-06-19 13:07:05,397 [om1@group-C5BA1605619E-StateMachineUpdater] INFO  ratis.OzoneManagerStateMachine (OzoneManagerStateMachine.java:notifyConfigurationChanged(192)) - Received Configuration change notification from Ratis. New Peer list:
[id: "om1"
address: "localhost:9872"
]
2022-06-19 13:07:05,669 [Listener at 127.0.0.1/41441] INFO  handler.ContextHandler (ContextHandler.java:doStart(915)) - Started o.e.j.w.WebAppContext@6e8de64a{hddsDatanode,/,file:///tmp/jetty-0_0_0_0-38271-hdds-container-service-1_3_0-SNAPSHOT_jar-_-any-8572610082251205347/webapp/,AVAILABLE}{jar:file:/home/runner/.m2/repository/org/apache/ozone/hdds-container-service/1.3.0-SNAPSHOT/hdds-container-service-1.3.0-SNAPSHOT.jar!/webapps/hddsDatanode}
2022-06-19 13:07:05,697 [Listener at 127.0.0.1/41441] INFO  server.AbstractConnector (AbstractConnector.java:doStart(331)) - Started ServerConnector@3d42a303{HTTP/1.1, (http/1.1)}{0.0.0.0:38271}
2022-06-19 13:07:05,698 [Listener at 127.0.0.1/41441] INFO  server.Server (Server.java:doStart(415)) - Started @145934ms
2022-06-19 13:07:05,698 [Listener at 127.0.0.1/41441] WARN  impl.MetricsSystemImpl (MetricsSystemImpl.java:register(279)) - Sink prometheus already exists!
2022-06-19 13:07:05,698 [Listener at 127.0.0.1/41441] INFO  http.BaseHttpServer (BaseHttpServer.java:updateConnectorAddress(329)) - HTTP server of hddsDatanode listening at http://0.0.0.0:38271
2022-06-19 13:07:05,705 [Listener at 127.0.0.1/41441] WARN  impl.MetricRegistriesImpl (MetricRegistriesImpl.java:addReporterRegistration(111)) - New reporters are added after registries were created. Some metrics will be missing from the reporter. Please add reporter before adding any new registry.
2022-06-19 13:07:05,706 [Listener at 127.0.0.1/41441] WARN  impl.MetricRegistriesImpl (MetricRegistriesImpl.java:addReporterRegistration(111)) - New reporters are added after registries were created. Some metrics will be missing from the reporter. Please add reporter before adding any new registry.
2022-06-19 13:07:05,706 [Listener at 127.0.0.1/41441] INFO  impl.MetricsSystemImpl (MetricsSystemImpl.java:init(158)) - HddsDatanode metrics system started (again)
2022-06-19 13:07:05,709 [Datanode State Machine Daemon Thread] INFO  statemachine.DatanodeStateMachine (DatanodeStateMachine.java:lambda$startDaemon$0(492)) - Ozone container server started.
2022-06-19 13:07:05,773 [Listener at 127.0.0.1/41441] INFO  ozone.HddsDatanodeService (HddsDatanodeService.java:start(236)) - HddsDatanodeService host:fv-az58-449.32bp4kehjaiexiom31oljkjdjg.cx.internal.cloudapp.net ip:10.1.0.4
2022-06-19 13:07:05,837 [org.apache.hadoop.util.JvmPauseMonitor$Monitor@2eb047cc] INFO  util.JvmPauseMonitor (JvmPauseMonitor.java:run(188)) - Starting JVM pause monitor
2022-06-19 13:07:05,840 [Listener at 127.0.0.1/41441] INFO  upgrade.AbstractLayoutVersionManager (AbstractLayoutVersionManager.java:init(82)) - Initializing Layout version manager with metadata layout = DATANODE_SCHEMA_V3 (version = 4), software layout = DATANODE_SCHEMA_V3 (version = 4)
2022-06-19 13:07:05,874 [Datanode State Machine Task Thread - 0] INFO  datanode.InitDatanodeState (InitDatanodeState.java:persistContainerDatanodeDetails(138)) - DatanodeDetails is persisted to /home/runner/work/ozone/ozone/hadoop-ozone/integration-test/target/test-dir/MiniOzoneClusterImpl-5e5aab19-8c77-4507-a351-bf1456ba08e7/datanode-0/meta/datanode.id
2022-06-19 13:07:06,037 [Listener at 127.0.0.1/41441] INFO  reflections.Reflections (Reflections.java:scan(232)) - Reflections took 196 ms to scan 7 urls, producing 131 keys and 315 values 
2022-06-19 13:07:06,058 [Listener at 127.0.0.1/41441] INFO  statemachine.DatanodeStateMachine (DatanodeStateMachine.java:getEndPointTaskThreadPoolSize(237)) - Datanode State Machine Task Thread Pool size 2
2022-06-19 13:07:06,077 [Listener at 127.0.0.1/41441] INFO  volume.HddsVolume (HddsVolume.java:<init>(116)) - Creating HddsVolume: /home/runner/work/ozone/ozone/hadoop-ozone/integration-test/target/test-dir/MiniOzoneClusterImpl-5e5aab19-8c77-4507-a351-bf1456ba08e7/datanode-1/data-0/containers/hdds of storage type : DISK capacity : 9223372036854775807
2022-06-19 13:07:06,077 [Listener at 127.0.0.1/41441] INFO  volume.MutableVolumeSet (MutableVolumeSet.java:initializeVolumeSet(174)) - Added Volume : /home/runner/work/ozone/ozone/hadoop-ozone/integration-test/target/test-dir/MiniOzoneClusterImpl-5e5aab19-8c77-4507-a351-bf1456ba08e7/datanode-1/data-0/containers/hdds to VolumeSet
2022-06-19 13:07:06,077 [Listener at 127.0.0.1/41441] INFO  volume.ThrottledAsyncChecker (ThrottledAsyncChecker.java:schedule(141)) - Scheduling a check for /home/runner/work/ozone/ozone/hadoop-ozone/integration-test/target/test-dir/MiniOzoneClusterImpl-5e5aab19-8c77-4507-a351-bf1456ba08e7/datanode-1/data-0/containers/hdds
2022-06-19 13:07:06,090 [Listener at 127.0.0.1/41441] INFO  volume.StorageVolumeChecker (StorageVolumeChecker.java:checkAllVolumes(202)) - Scheduled health check for volume /home/runner/work/ozone/ozone/hadoop-ozone/integration-test/target/test-dir/MiniOzoneClusterImpl-5e5aab19-8c77-4507-a351-bf1456ba08e7/datanode-1/data-0/containers/hdds
2022-06-19 13:07:06,155 [Listener at 127.0.0.1/41441] INFO  volume.MutableVolumeSet (MutableVolumeSet.java:initializeVolumeSet(174)) - Added Volume : /home/runner/work/ozone/ozone/hadoop-ozone/integration-test/target/test-dir/MiniOzoneClusterImpl-5e5aab19-8c77-4507-a351-bf1456ba08e7/datanode-1/data/ratis to VolumeSet
2022-06-19 13:07:06,156 [Listener at 127.0.0.1/41441] INFO  volume.ThrottledAsyncChecker (ThrottledAsyncChecker.java:schedule(141)) - Scheduling a check for /home/runner/work/ozone/ozone/hadoop-ozone/integration-test/target/test-dir/MiniOzoneClusterImpl-5e5aab19-8c77-4507-a351-bf1456ba08e7/datanode-1/data/ratis
2022-06-19 13:07:06,156 [Listener at 127.0.0.1/41441] INFO  volume.StorageVolumeChecker (StorageVolumeChecker.java:checkAllVolumes(202)) - Scheduled health check for volume /home/runner/work/ozone/ozone/hadoop-ozone/integration-test/target/test-dir/MiniOzoneClusterImpl-5e5aab19-8c77-4507-a351-bf1456ba08e7/datanode-1/data/ratis
2022-06-19 13:07:06,193 [Thread-1002] INFO  ozoneimpl.ContainerReader (ContainerReader.java:readVolume(172)) - Finish verifying containers on volume /home/runner/work/ozone/ozone/hadoop-ozone/integration-test/target/test-dir/MiniOzoneClusterImpl-5e5aab19-8c77-4507-a351-bf1456ba08e7/datanode-1/data-0/containers/hdds
2022-06-19 13:07:06,197 [Listener at 127.0.0.1/41441] INFO  ozoneimpl.OzoneContainer (OzoneContainer.java:buildContainerSet(266)) - Build ContainerSet costs 0s
2022-06-19 13:07:06,199 [Listener at 127.0.0.1/41441] INFO  server.RaftServer (ConfUtils.java:logGet(46)) - raft.rpc.type = GRPC (default)
2022-06-19 13:07:06,199 [Listener at 127.0.0.1/41441] INFO  grpc.GrpcFactory (GrpcFactory.java:checkPooledByteBufAllocatorUseCacheForAllThreads(48)) - PERFORMANCE WARNING: useCacheForAllThreads is true that may cause Netty to create a lot garbage objects and, as a result, trigger GC.
	It is recommended to disable useCacheForAllThreads by setting -Dorg.apache.ratis.thirdparty.io.netty.allocator.useCacheForAllThreads=false in command line.
2022-06-19 13:07:06,199 [Listener at 127.0.0.1/41441] INFO  grpc.GrpcConfigKeys (ConfUtils.java:logGet(46)) - raft.grpc.admin.port = 0 (custom)
2022-06-19 13:07:06,199 [Listener at 127.0.0.1/41441] INFO  grpc.GrpcConfigKeys (ConfUtils.java:logGet(46)) - raft.grpc.client.port = 0 (custom)
2022-06-19 13:07:06,199 [Listener at 127.0.0.1/41441] INFO  grpc.GrpcConfigKeys (ConfUtils.java:logGet(46)) - raft.grpc.server.port = 0 (default)
2022-06-19 13:07:06,200 [Listener at 127.0.0.1/41441] INFO  server.GrpcService (ConfUtils.java:logGet(46)) - raft.grpc.message.size.max = 32MB (=33554432) (custom)
2022-06-19 13:07:06,200 [Listener at 127.0.0.1/41441] INFO  server.RaftServerConfigKeys (ConfUtils.java:logGet(46)) - raft.server.log.appender.buffer.byte-limit = 33554432 (custom)
2022-06-19 13:07:06,200 [Listener at 127.0.0.1/41441] INFO  server.GrpcService (ConfUtils.java:logGet(46)) - raft.grpc.flow.control.window = 5MB (=5242880) (custom)
2022-06-19 13:07:06,200 [Listener at 127.0.0.1/41441] INFO  server.RaftServerConfigKeys (ConfUtils.java:logGet(46)) - raft.server.rpc.request.timeout = 60s (custom)
2022-06-19 13:07:06,200 [Listener at 127.0.0.1/41441] INFO  grpc.GrpcConfigKeys (ConfUtils.java:logGet(46)) - raft.grpc.server.async.request.thread.pool.cached = true (default)
2022-06-19 13:07:06,200 [Listener at 127.0.0.1/41441] INFO  grpc.GrpcConfigKeys (ConfUtils.java:logGet(46)) - raft.grpc.server.async.request.thread.pool.size = 32 (default)
2022-06-19 13:07:06,213 [Listener at 127.0.0.1/41441] INFO  impl.DataStreamServerImpl (ConfUtils.java:logGet(46)) - raft.datastream.type = DISABLED (default)
2022-06-19 13:07:06,213 [Listener at 127.0.0.1/41441] INFO  server.RaftServerConfigKeys (ConfUtils.java:logGet(46)) - raft.server.threadpool.proxy.cached = true (default)
2022-06-19 13:07:06,213 [Listener at 127.0.0.1/41441] INFO  server.RaftServerConfigKeys (ConfUtils.java:logGet(46)) - raft.server.threadpool.proxy.size = 0 (default)
2022-06-19 13:07:06,214 [Listener at 127.0.0.1/41441] INFO  server.RaftServerConfigKeys (ConfUtils.java:logGet(46)) - raft.server.rpc.slowness.timeout = 300s (custom)
2022-06-19 13:07:06,214 [Listener at 127.0.0.1/41441] INFO  server.RaftServerConfigKeys (ConfUtils.java:logGet(46)) - raft.server.leaderelection.leader.step-down.wait-time = 10s (default)
2022-06-19 13:07:06,214 [Listener at 127.0.0.1/41441] INFO  server.RaftServerConfigKeys (ConfUtils.java:logGet(46)) - raft.server.storage.dir = [/home/runner/work/ozone/ozone/hadoop-ozone/integration-test/target/test-dir/MiniOzoneClusterImpl-5e5aab19-8c77-4507-a351-bf1456ba08e7/datanode-1/data/ratis] (custom)
2022-06-19 13:07:06,234 [Listener at 127.0.0.1/41441] INFO  server.XceiverServerGrpc (XceiverServerGrpc.java:<init>(132)) - GrpcServer channel type EpollServerSocketChannel
2022-06-19 13:07:06,278 [Listener at 127.0.0.1/41441] INFO  http.BaseHttpServer (BaseHttpServer.java:newHttpServer2BuilderForOzone(209)) - Starting Web-server for hddsDatanode at: http://0.0.0.0:0
2022-06-19 13:07:06,278 [Listener at 127.0.0.1/41441] INFO  http.BaseHttpServer (BaseHttpServer.java:<init>(107)) - Hadoop Security Enabled: false Ozone Security Enabled: false Ozone HTTP Security Enabled: false 
2022-06-19 13:07:06,279 [Listener at 127.0.0.1/41441] INFO  server.AuthenticationFilter (AuthenticationFilter.java:constructSecretProvider(240)) - Unable to initialize FileSignerSecretProvider, falling back to use random secrets.
2022-06-19 13:07:06,291 [Listener at 127.0.0.1/41441] WARN  http.HttpRequestLog (HttpRequestLog.java:getRequestLog(103)) - Jetty request log can only be enabled using Log4j
2022-06-19 13:07:06,292 [Listener at 127.0.0.1/41441] INFO  http.HttpServer2 (HttpServer2.java:addGlobalFilter(1029)) - Added global filter 'safety' (class=org.apache.hadoop.hdds.server.http.HttpServer2$QuotingInputFilter)
2022-06-19 13:07:06,292 [Listener at 127.0.0.1/41441] INFO  http.HttpServer2 (HttpServer2.java:addFilter(1005)) - Added filter static_user_filter (class=org.apache.hadoop.http.lib.StaticUserWebFilter$StaticUserFilter) to context hddsDatanode
2022-06-19 13:07:06,292 [Listener at 127.0.0.1/41441] INFO  http.HttpServer2 (HttpServer2.java:addFilter(1013)) - Added filter static_user_filter (class=org.apache.hadoop.http.lib.StaticUserWebFilter$StaticUserFilter) to context static
2022-06-19 13:07:06,292 [Listener at 127.0.0.1/41441] INFO  http.HttpServer2 (HttpServer2.java:addFilter(1013)) - Added filter static_user_filter (class=org.apache.hadoop.http.lib.StaticUserWebFilter$StaticUserFilter) to context logs
2022-06-19 13:07:06,293 [Listener at 127.0.0.1/41441] INFO  http.HttpServer2 (HttpServer2.java:bindListener(1248)) - Jetty bound to port 45833
2022-06-19 13:07:06,293 [Listener at 127.0.0.1/41441] INFO  server.Server (Server.java:doStart(375)) - jetty-9.4.43.v20210629; built: 2021-06-30T11:07:22.254Z; git: 526006ecfa3af7f1a27ef3a288e2bef7ea9dd7e8; jvm 1.8.0_332-b09
2022-06-19 13:07:06,326 [Listener at 127.0.0.1/41441] INFO  server.session (DefaultSessionIdManager.java:doStart(334)) - DefaultSessionIdManager workerName=node0
2022-06-19 13:07:06,326 [Listener at 127.0.0.1/41441] INFO  server.session (DefaultSessionIdManager.java:doStart(339)) - No SessionScavenger set, using defaults
2022-06-19 13:07:06,326 [Listener at 127.0.0.1/41441] INFO  server.session (HouseKeeper.java:startScavenging(132)) - node0 Scavenging every 660000ms
2022-06-19 13:07:06,327 [Listener at 127.0.0.1/41441] INFO  handler.ContextHandler (ContextHandler.java:doStart(915)) - Started o.e.j.s.ServletContextHandler@7b2cb1e0{logs,/logs,file:///home/runner/work/ozone/ozone/hadoop-ozone/integration-test/target/log,AVAILABLE}
2022-06-19 13:07:06,327 [Listener at 127.0.0.1/41441] INFO  handler.ContextHandler (ContextHandler.java:doStart(915)) - Started o.e.j.s.ServletContextHandler@485fb73a{static,/static,jar:file:/home/runner/.m2/repository/org/apache/ozone/hdds-container-service/1.3.0-SNAPSHOT/hdds-container-service-1.3.0-SNAPSHOT.jar!/webapps/static,AVAILABLE}
2022-06-19 13:07:06,938 [Listener at 127.0.0.1/41441] INFO  handler.ContextHandler (ContextHandler.java:doStart(915)) - Started o.e.j.w.WebAppContext@4df025dd{hddsDatanode,/,file:///tmp/jetty-0_0_0_0-45833-hdds-container-service-1_3_0-SNAPSHOT_jar-_-any-6530349612030920587/webapp/,AVAILABLE}{jar:file:/home/runner/.m2/repository/org/apache/ozone/hdds-container-service/1.3.0-SNAPSHOT/hdds-container-service-1.3.0-SNAPSHOT.jar!/webapps/hddsDatanode}
2022-06-19 13:07:06,942 [Listener at 127.0.0.1/41441] INFO  server.AbstractConnector (AbstractConnector.java:doStart(331)) - Started ServerConnector@11f5b544{HTTP/1.1, (http/1.1)}{0.0.0.0:45833}
2022-06-19 13:07:06,942 [Listener at 127.0.0.1/41441] INFO  server.Server (Server.java:doStart(415)) - Started @147179ms
2022-06-19 13:07:06,942 [Listener at 127.0.0.1/41441] WARN  impl.MetricsSystemImpl (MetricsSystemImpl.java:register(279)) - Sink prometheus already exists!
2022-06-19 13:07:06,943 [Listener at 127.0.0.1/41441] INFO  http.BaseHttpServer (BaseHttpServer.java:updateConnectorAddress(329)) - HTTP server of hddsDatanode listening at http://0.0.0.0:45833
2022-06-19 13:07:06,945 [Listener at 127.0.0.1/41441] WARN  impl.MetricRegistriesImpl (MetricRegistriesImpl.java:addReporterRegistration(111)) - New reporters are added after registries were created. Some metrics will be missing from the reporter. Please add reporter before adding any new registry.
2022-06-19 13:07:06,945 [Listener at 127.0.0.1/41441] WARN  impl.MetricRegistriesImpl (MetricRegistriesImpl.java:addReporterRegistration(111)) - New reporters are added after registries were created. Some metrics will be missing from the reporter. Please add reporter before adding any new registry.
2022-06-19 13:07:06,945 [Listener at 127.0.0.1/41441] INFO  impl.MetricsSystemImpl (MetricsSystemImpl.java:init(158)) - HddsDatanode metrics system started (again)
2022-06-19 13:07:06,969 [Datanode State Machine Daemon Thread] INFO  statemachine.DatanodeStateMachine (DatanodeStateMachine.java:lambda$startDaemon$0(492)) - Ozone container server started.
2022-06-19 13:07:07,015 [org.apache.hadoop.util.JvmPauseMonitor$Monitor@34448b93] INFO  util.JvmPauseMonitor (JvmPauseMonitor.java:run(188)) - Starting JVM pause monitor
2022-06-19 13:07:07,040 [Listener at 127.0.0.1/41441] INFO  ozone.HddsDatanodeService (HddsDatanodeService.java:start(236)) - HddsDatanodeService host:fv-az58-449.32bp4kehjaiexiom31oljkjdjg.cx.internal.cloudapp.net ip:10.1.0.4
2022-06-19 13:07:07,052 [Datanode State Machine Task Thread - 0] INFO  datanode.InitDatanodeState (InitDatanodeState.java:persistContainerDatanodeDetails(138)) - DatanodeDetails is persisted to /home/runner/work/ozone/ozone/hadoop-ozone/integration-test/target/test-dir/MiniOzoneClusterImpl-5e5aab19-8c77-4507-a351-bf1456ba08e7/datanode-1/meta/datanode.id
2022-06-19 13:07:07,082 [Listener at 127.0.0.1/41441] INFO  upgrade.AbstractLayoutVersionManager (AbstractLayoutVersionManager.java:init(82)) - Initializing Layout version manager with metadata layout = DATANODE_SCHEMA_V3 (version = 4), software layout = DATANODE_SCHEMA_V3 (version = 4)
2022-06-19 13:07:07,199 [Listener at 127.0.0.1/41441] INFO  reflections.Reflections (Reflections.java:scan(232)) - Reflections took 116 ms to scan 7 urls, producing 131 keys and 315 values 
2022-06-19 13:07:07,208 [Listener at 127.0.0.1/41441] INFO  statemachine.DatanodeStateMachine (DatanodeStateMachine.java:getEndPointTaskThreadPoolSize(237)) - Datanode State Machine Task Thread Pool size 2
2022-06-19 13:07:07,260 [Listener at 127.0.0.1/41441] INFO  volume.HddsVolume (HddsVolume.java:<init>(116)) - Creating HddsVolume: /home/runner/work/ozone/ozone/hadoop-ozone/integration-test/target/test-dir/MiniOzoneClusterImpl-5e5aab19-8c77-4507-a351-bf1456ba08e7/datanode-2/data-0/containers/hdds of storage type : DISK capacity : 9223372036854775807
2022-06-19 13:07:07,260 [Listener at 127.0.0.1/41441] INFO  volume.MutableVolumeSet (MutableVolumeSet.java:initializeVolumeSet(174)) - Added Volume : /home/runner/work/ozone/ozone/hadoop-ozone/integration-test/target/test-dir/MiniOzoneClusterImpl-5e5aab19-8c77-4507-a351-bf1456ba08e7/datanode-2/data-0/containers/hdds to VolumeSet
2022-06-19 13:07:07,260 [Listener at 127.0.0.1/41441] INFO  volume.ThrottledAsyncChecker (ThrottledAsyncChecker.java:schedule(141)) - Scheduling a check for /home/runner/work/ozone/ozone/hadoop-ozone/integration-test/target/test-dir/MiniOzoneClusterImpl-5e5aab19-8c77-4507-a351-bf1456ba08e7/datanode-2/data-0/containers/hdds
2022-06-19 13:07:07,274 [Listener at 127.0.0.1/41441] INFO  volume.StorageVolumeChecker (StorageVolumeChecker.java:checkAllVolumes(202)) - Scheduled health check for volume /home/runner/work/ozone/ozone/hadoop-ozone/integration-test/target/test-dir/MiniOzoneClusterImpl-5e5aab19-8c77-4507-a351-bf1456ba08e7/datanode-2/data-0/containers/hdds
2022-06-19 13:07:07,284 [Listener at 127.0.0.1/41441] INFO  volume.MutableVolumeSet (MutableVolumeSet.java:initializeVolumeSet(174)) - Added Volume : /home/runner/work/ozone/ozone/hadoop-ozone/integration-test/target/test-dir/MiniOzoneClusterImpl-5e5aab19-8c77-4507-a351-bf1456ba08e7/datanode-2/data/ratis to VolumeSet
2022-06-19 13:07:07,285 [Listener at 127.0.0.1/41441] INFO  volume.ThrottledAsyncChecker (ThrottledAsyncChecker.java:schedule(141)) - Scheduling a check for /home/runner/work/ozone/ozone/hadoop-ozone/integration-test/target/test-dir/MiniOzoneClusterImpl-5e5aab19-8c77-4507-a351-bf1456ba08e7/datanode-2/data/ratis
2022-06-19 13:07:07,304 [Listener at 127.0.0.1/41441] INFO  volume.StorageVolumeChecker (StorageVolumeChecker.java:checkAllVolumes(202)) - Scheduled health check for volume /home/runner/work/ozone/ozone/hadoop-ozone/integration-test/target/test-dir/MiniOzoneClusterImpl-5e5aab19-8c77-4507-a351-bf1456ba08e7/datanode-2/data/ratis
2022-06-19 13:07:07,328 [Thread-1015] INFO  ozoneimpl.ContainerReader (ContainerReader.java:readVolume(172)) - Finish verifying containers on volume /home/runner/work/ozone/ozone/hadoop-ozone/integration-test/target/test-dir/MiniOzoneClusterImpl-5e5aab19-8c77-4507-a351-bf1456ba08e7/datanode-2/data-0/containers/hdds
2022-06-19 13:07:07,328 [Listener at 127.0.0.1/41441] INFO  ozoneimpl.OzoneContainer (OzoneContainer.java:buildContainerSet(266)) - Build ContainerSet costs 0s
2022-06-19 13:07:07,330 [Listener at 127.0.0.1/41441] INFO  server.RaftServer (ConfUtils.java:logGet(46)) - raft.rpc.type = GRPC (default)
2022-06-19 13:07:07,330 [Listener at 127.0.0.1/41441] INFO  grpc.GrpcFactory (GrpcFactory.java:checkPooledByteBufAllocatorUseCacheForAllThreads(48)) - PERFORMANCE WARNING: useCacheForAllThreads is true that may cause Netty to create a lot garbage objects and, as a result, trigger GC.
	It is recommended to disable useCacheForAllThreads by setting -Dorg.apache.ratis.thirdparty.io.netty.allocator.useCacheForAllThreads=false in command line.
2022-06-19 13:07:07,330 [Listener at 127.0.0.1/41441] INFO  grpc.GrpcConfigKeys (ConfUtils.java:logGet(46)) - raft.grpc.admin.port = 0 (custom)
2022-06-19 13:07:07,330 [Listener at 127.0.0.1/41441] INFO  grpc.GrpcConfigKeys (ConfUtils.java:logGet(46)) - raft.grpc.client.port = 0 (custom)
2022-06-19 13:07:07,330 [Listener at 127.0.0.1/41441] INFO  grpc.GrpcConfigKeys (ConfUtils.java:logGet(46)) - raft.grpc.server.port = 0 (default)
2022-06-19 13:07:07,330 [Listener at 127.0.0.1/41441] INFO  server.GrpcService (ConfUtils.java:logGet(46)) - raft.grpc.message.size.max = 32MB (=33554432) (custom)
2022-06-19 13:07:07,331 [Listener at 127.0.0.1/41441] INFO  server.RaftServerConfigKeys (ConfUtils.java:logGet(46)) - raft.server.log.appender.buffer.byte-limit = 33554432 (custom)
2022-06-19 13:07:07,331 [Listener at 127.0.0.1/41441] INFO  server.GrpcService (ConfUtils.java:logGet(46)) - raft.grpc.flow.control.window = 5MB (=5242880) (custom)
2022-06-19 13:07:07,331 [Listener at 127.0.0.1/41441] INFO  server.RaftServerConfigKeys (ConfUtils.java:logGet(46)) - raft.server.rpc.request.timeout = 60s (custom)
2022-06-19 13:07:07,331 [Listener at 127.0.0.1/41441] INFO  grpc.GrpcConfigKeys (ConfUtils.java:logGet(46)) - raft.grpc.server.async.request.thread.pool.cached = true (default)
2022-06-19 13:07:07,331 [Listener at 127.0.0.1/41441] INFO  grpc.GrpcConfigKeys (ConfUtils.java:logGet(46)) - raft.grpc.server.async.request.thread.pool.size = 32 (default)
2022-06-19 13:07:07,349 [Listener at 127.0.0.1/41441] INFO  impl.DataStreamServerImpl (ConfUtils.java:logGet(46)) - raft.datastream.type = DISABLED (default)
2022-06-19 13:07:07,349 [Listener at 127.0.0.1/41441] INFO  server.RaftServerConfigKeys (ConfUtils.java:logGet(46)) - raft.server.threadpool.proxy.cached = true (default)
2022-06-19 13:07:07,350 [Listener at 127.0.0.1/41441] INFO  server.RaftServerConfigKeys (ConfUtils.java:logGet(46)) - raft.server.threadpool.proxy.size = 0 (default)
2022-06-19 13:07:07,350 [Listener at 127.0.0.1/41441] INFO  server.RaftServerConfigKeys (ConfUtils.java:logGet(46)) - raft.server.rpc.slowness.timeout = 300s (custom)
2022-06-19 13:07:07,350 [Listener at 127.0.0.1/41441] INFO  server.RaftServerConfigKeys (ConfUtils.java:logGet(46)) - raft.server.leaderelection.leader.step-down.wait-time = 10s (default)
2022-06-19 13:07:07,350 [Listener at 127.0.0.1/41441] INFO  server.RaftServerConfigKeys (ConfUtils.java:logGet(46)) - raft.server.storage.dir = [/home/runner/work/ozone/ozone/hadoop-ozone/integration-test/target/test-dir/MiniOzoneClusterImpl-5e5aab19-8c77-4507-a351-bf1456ba08e7/datanode-2/data/ratis] (custom)
2022-06-19 13:07:07,360 [Listener at 127.0.0.1/41441] INFO  server.XceiverServerGrpc (XceiverServerGrpc.java:<init>(132)) - GrpcServer channel type EpollServerSocketChannel
2022-06-19 13:07:07,374 [Listener at 127.0.0.1/41441] INFO  http.BaseHttpServer (BaseHttpServer.java:newHttpServer2BuilderForOzone(209)) - Starting Web-server for hddsDatanode at: http://0.0.0.0:0
2022-06-19 13:07:07,374 [Listener at 127.0.0.1/41441] INFO  http.BaseHttpServer (BaseHttpServer.java:<init>(107)) - Hadoop Security Enabled: false Ozone Security Enabled: false Ozone HTTP Security Enabled: false 
2022-06-19 13:07:07,375 [Listener at 127.0.0.1/41441] INFO  server.AuthenticationFilter (AuthenticationFilter.java:constructSecretProvider(240)) - Unable to initialize FileSignerSecretProvider, falling back to use random secrets.
2022-06-19 13:07:07,391 [Listener at 127.0.0.1/41441] WARN  http.HttpRequestLog (HttpRequestLog.java:getRequestLog(103)) - Jetty request log can only be enabled using Log4j
2022-06-19 13:07:07,392 [Listener at 127.0.0.1/41441] INFO  http.HttpServer2 (HttpServer2.java:addGlobalFilter(1029)) - Added global filter 'safety' (class=org.apache.hadoop.hdds.server.http.HttpServer2$QuotingInputFilter)
2022-06-19 13:07:07,393 [Listener at 127.0.0.1/41441] INFO  http.HttpServer2 (HttpServer2.java:addFilter(1005)) - Added filter static_user_filter (class=org.apache.hadoop.http.lib.StaticUserWebFilter$StaticUserFilter) to context hddsDatanode
2022-06-19 13:07:07,393 [Listener at 127.0.0.1/41441] INFO  http.HttpServer2 (HttpServer2.java:addFilter(1013)) - Added filter static_user_filter (class=org.apache.hadoop.http.lib.StaticUserWebFilter$StaticUserFilter) to context static
2022-06-19 13:07:07,393 [Listener at 127.0.0.1/41441] INFO  http.HttpServer2 (HttpServer2.java:addFilter(1013)) - Added filter static_user_filter (class=org.apache.hadoop.http.lib.StaticUserWebFilter$StaticUserFilter) to context logs
2022-06-19 13:07:07,393 [Listener at 127.0.0.1/41441] INFO  http.HttpServer2 (HttpServer2.java:bindListener(1248)) - Jetty bound to port 44277
2022-06-19 13:07:07,393 [Listener at 127.0.0.1/41441] INFO  server.Server (Server.java:doStart(375)) - jetty-9.4.43.v20210629; built: 2021-06-30T11:07:22.254Z; git: 526006ecfa3af7f1a27ef3a288e2bef7ea9dd7e8; jvm 1.8.0_332-b09
2022-06-19 13:07:07,405 [Listener at 127.0.0.1/41441] INFO  server.session (DefaultSessionIdManager.java:doStart(334)) - DefaultSessionIdManager workerName=node0
2022-06-19 13:07:07,406 [Listener at 127.0.0.1/41441] INFO  server.session (DefaultSessionIdManager.java:doStart(339)) - No SessionScavenger set, using defaults
2022-06-19 13:07:07,406 [Listener at 127.0.0.1/41441] INFO  server.session (HouseKeeper.java:startScavenging(132)) - node0 Scavenging every 660000ms
2022-06-19 13:07:07,407 [Listener at 127.0.0.1/41441] INFO  handler.ContextHandler (ContextHandler.java:doStart(915)) - Started o.e.j.s.ServletContextHandler@43c3b180{logs,/logs,file:///home/runner/work/ozone/ozone/hadoop-ozone/integration-test/target/log,AVAILABLE}
2022-06-19 13:07:07,407 [Listener at 127.0.0.1/41441] INFO  handler.ContextHandler (ContextHandler.java:doStart(915)) - Started o.e.j.s.ServletContextHandler@7039f339{static,/static,jar:file:/home/runner/.m2/repository/org/apache/ozone/hdds-container-service/1.3.0-SNAPSHOT/hdds-container-service-1.3.0-SNAPSHOT.jar!/webapps/static,AVAILABLE}
2022-06-19 13:07:08,003 [EndpointStateMachine task thread for /0.0.0.0:38365 - 0 ] INFO  volume.HddsVolume (HddsVolume.java:createDbStore(309)) - SchemaV3 db is created and loaded at /home/runner/work/ozone/ozone/hadoop-ozone/integration-test/target/test-dir/MiniOzoneClusterImpl-5e5aab19-8c77-4507-a351-bf1456ba08e7/datanode-0/data-0/containers/hdds/5e5aab19-8c77-4507-a351-bf1456ba08e7/DS-7db0a7d3-db72-47ec-9572-e5cac196254e/container.db for volume DS-7db0a7d3-db72-47ec-9572-e5cac196254e
2022-06-19 13:07:08,056 [EndpointStateMachine task thread for /0.0.0.0:38365 - 0 ] INFO  volume.HddsVolume (HddsVolume.java:closeDbStore(340)) - SchemaV3 db is stopped at /home/runner/work/ozone/ozone/hadoop-ozone/integration-test/target/test-dir/MiniOzoneClusterImpl-5e5aab19-8c77-4507-a351-bf1456ba08e7/datanode-0/data-0/containers/hdds/5e5aab19-8c77-4507-a351-bf1456ba08e7/DS-7db0a7d3-db72-47ec-9572-e5cac196254e/container.db for volume DS-7db0a7d3-db72-47ec-9572-e5cac196254e
2022-06-19 13:07:08,056 [EndpointStateMachine task thread for /0.0.0.0:38365 - 0 ] INFO  ozoneimpl.OzoneContainer (OzoneContainer.java:start(344)) - Attempting to start container services.
2022-06-19 13:07:08,056 [EndpointStateMachine task thread for /0.0.0.0:38365 - 0 ] INFO  ozoneimpl.OzoneContainer (OzoneContainer.java:startContainerScrub(279)) - Background container scanner has been disabled.
2022-06-19 13:07:08,077 [EndpointStateMachine task thread for /0.0.0.0:38365 - 0 ] INFO  replication.ReplicationServer (ReplicationServer.java:start(111)) - ReplicationServer is started using port 44251
2022-06-19 13:07:08,078 [EndpointStateMachine task thread for /0.0.0.0:38365 - 0 ] INFO  ratis.XceiverServerRatis (XceiverServerRatis.java:start(481)) - Starting XceiverServerRatis f58b4837-0c66-44b2-8a93-771d4ee68852
2022-06-19 13:07:08,078 [EndpointStateMachine task thread for /0.0.0.0:38365 - 0 ] INFO  server.RaftServer (RaftServerProxy.java:lambda$start$6(382)) - f58b4837-0c66-44b2-8a93-771d4ee68852: start RPC server
2022-06-19 13:07:08,100 [EndpointStateMachine task thread for /0.0.0.0:38365 - 0 ] INFO  server.GrpcService (GrpcService.java:startImpl(260)) - f58b4837-0c66-44b2-8a93-771d4ee68852: GrpcService started, listening on 34339
2022-06-19 13:07:08,100 [EndpointStateMachine task thread for /0.0.0.0:38365 - 0 ] INFO  ratis.XceiverServerRatis (XceiverServerRatis.java:getRealPort(502)) - XceiverServerRatis f58b4837-0c66-44b2-8a93-771d4ee68852 is started using port 34339 for RATIS
2022-06-19 13:07:08,100 [EndpointStateMachine task thread for /0.0.0.0:38365 - 0 ] INFO  ratis.XceiverServerRatis (XceiverServerRatis.java:getRealPort(502)) - XceiverServerRatis f58b4837-0c66-44b2-8a93-771d4ee68852 is started using port 34339 for RATIS_ADMIN
2022-06-19 13:07:08,100 [EndpointStateMachine task thread for /0.0.0.0:38365 - 0 ] INFO  ratis.XceiverServerRatis (XceiverServerRatis.java:getRealPort(502)) - XceiverServerRatis f58b4837-0c66-44b2-8a93-771d4ee68852 is started using port 34339 for RATIS_SERVER
2022-06-19 13:07:08,101 [org.apache.ratis.util.JvmPauseMonitor$$Lambda$627/819749933@5383aba6] INFO  util.JvmPauseMonitor (JvmPauseMonitor.java:run(103)) - JvmPauseMonitor-f58b4837-0c66-44b2-8a93-771d4ee68852: Started
2022-06-19 13:07:08,110 [EndpointStateMachine task thread for /0.0.0.0:38365 - 0 ] INFO  server.XceiverServerGrpc (XceiverServerGrpc.java:start(180)) - XceiverServerGrpc f58b4837-0c66-44b2-8a93-771d4ee68852 is started using port 42885
2022-06-19 13:07:08,167 [Listener at 127.0.0.1/41441] INFO  handler.ContextHandler (ContextHandler.java:doStart(915)) - Started o.e.j.w.WebAppContext@7cd1e0c4{hddsDatanode,/,file:///tmp/jetty-0_0_0_0-44277-hdds-container-service-1_3_0-SNAPSHOT_jar-_-any-8600207494861770/webapp/,AVAILABLE}{jar:file:/home/runner/.m2/repository/org/apache/ozone/hdds-container-service/1.3.0-SNAPSHOT/hdds-container-service-1.3.0-SNAPSHOT.jar!/webapps/hddsDatanode}
2022-06-19 13:07:08,200 [Listener at 127.0.0.1/41441] INFO  server.AbstractConnector (AbstractConnector.java:doStart(331)) - Started ServerConnector@44609c16{HTTP/1.1, (http/1.1)}{0.0.0.0:44277}
2022-06-19 13:07:08,200 [Listener at 127.0.0.1/41441] INFO  server.Server (Server.java:doStart(415)) - Started @148437ms
2022-06-19 13:07:08,200 [Listener at 127.0.0.1/41441] WARN  impl.MetricsSystemImpl (MetricsSystemImpl.java:register(279)) - Sink prometheus already exists!
2022-06-19 13:07:08,201 [Listener at 127.0.0.1/41441] INFO  http.BaseHttpServer (BaseHttpServer.java:updateConnectorAddress(329)) - HTTP server of hddsDatanode listening at http://0.0.0.0:44277
2022-06-19 13:07:08,209 [Listener at 127.0.0.1/41441] WARN  impl.MetricRegistriesImpl (MetricRegistriesImpl.java:addReporterRegistration(111)) - New reporters are added after registries were created. Some metrics will be missing from the reporter. Please add reporter before adding any new registry.
2022-06-19 13:07:08,209 [Listener at 127.0.0.1/41441] WARN  impl.MetricRegistriesImpl (MetricRegistriesImpl.java:addReporterRegistration(111)) - New reporters are added after registries were created. Some metrics will be missing from the reporter. Please add reporter before adding any new registry.
2022-06-19 13:07:08,209 [Listener at 127.0.0.1/41441] INFO  impl.MetricsSystemImpl (MetricsSystemImpl.java:init(158)) - HddsDatanode metrics system started (again)
2022-06-19 13:07:08,217 [Datanode State Machine Daemon Thread] INFO  statemachine.DatanodeStateMachine (DatanodeStateMachine.java:lambda$startDaemon$0(492)) - Ozone container server started.
2022-06-19 13:07:08,261 [org.apache.hadoop.util.JvmPauseMonitor$Monitor@5482bcd9] INFO  util.JvmPauseMonitor (JvmPauseMonitor.java:run(188)) - Starting JVM pause monitor
2022-06-19 13:07:08,266 [Listener at 127.0.0.1/41441] INFO  ozone.HddsDatanodeService (HddsDatanodeService.java:start(236)) - HddsDatanodeService host:fv-az58-449.32bp4kehjaiexiom31oljkjdjg.cx.internal.cloudapp.net ip:10.1.0.4
2022-06-19 13:07:08,278 [Datanode State Machine Task Thread - 0] INFO  datanode.InitDatanodeState (InitDatanodeState.java:persistContainerDatanodeDetails(138)) - DatanodeDetails is persisted to /home/runner/work/ozone/ozone/hadoop-ozone/integration-test/target/test-dir/MiniOzoneClusterImpl-5e5aab19-8c77-4507-a351-bf1456ba08e7/datanode-2/meta/datanode.id
2022-06-19 13:07:08,337 [Listener at 127.0.0.1/41441] INFO  upgrade.AbstractLayoutVersionManager (AbstractLayoutVersionManager.java:init(82)) - Initializing Layout version manager with metadata layout = DATANODE_SCHEMA_V3 (version = 4), software layout = DATANODE_SCHEMA_V3 (version = 4)
2022-06-19 13:07:08,453 [Listener at 127.0.0.1/41441] INFO  reflections.Reflections (Reflections.java:scan(232)) - Reflections took 115 ms to scan 7 urls, producing 131 keys and 315 values 
2022-06-19 13:07:08,459 [Listener at 127.0.0.1/41441] INFO  statemachine.DatanodeStateMachine (DatanodeStateMachine.java:getEndPointTaskThreadPoolSize(237)) - Datanode State Machine Task Thread Pool size 2
2022-06-19 13:07:08,466 [Listener at 127.0.0.1/41441] INFO  volume.HddsVolume (HddsVolume.java:<init>(116)) - Creating HddsVolume: /home/runner/work/ozone/ozone/hadoop-ozone/integration-test/target/test-dir/MiniOzoneClusterImpl-5e5aab19-8c77-4507-a351-bf1456ba08e7/datanode-3/data-0/containers/hdds of storage type : DISK capacity : 9223372036854775807
2022-06-19 13:07:08,467 [Listener at 127.0.0.1/41441] INFO  volume.MutableVolumeSet (MutableVolumeSet.java:initializeVolumeSet(174)) - Added Volume : /home/runner/work/ozone/ozone/hadoop-ozone/integration-test/target/test-dir/MiniOzoneClusterImpl-5e5aab19-8c77-4507-a351-bf1456ba08e7/datanode-3/data-0/containers/hdds to VolumeSet
2022-06-19 13:07:08,467 [Listener at 127.0.0.1/41441] INFO  volume.ThrottledAsyncChecker (ThrottledAsyncChecker.java:schedule(141)) - Scheduling a check for /home/runner/work/ozone/ozone/hadoop-ozone/integration-test/target/test-dir/MiniOzoneClusterImpl-5e5aab19-8c77-4507-a351-bf1456ba08e7/datanode-3/data-0/containers/hdds
2022-06-19 13:07:08,493 [Listener at 127.0.0.1/41441] INFO  volume.StorageVolumeChecker (StorageVolumeChecker.java:checkAllVolumes(202)) - Scheduled health check for volume /home/runner/work/ozone/ozone/hadoop-ozone/integration-test/target/test-dir/MiniOzoneClusterImpl-5e5aab19-8c77-4507-a351-bf1456ba08e7/datanode-3/data-0/containers/hdds
2022-06-19 13:07:08,553 [Listener at 127.0.0.1/41441] INFO  volume.MutableVolumeSet (MutableVolumeSet.java:initializeVolumeSet(174)) - Added Volume : /home/runner/work/ozone/ozone/hadoop-ozone/integration-test/target/test-dir/MiniOzoneClusterImpl-5e5aab19-8c77-4507-a351-bf1456ba08e7/datanode-3/data/ratis to VolumeSet
2022-06-19 13:07:08,555 [Listener at 127.0.0.1/41441] INFO  volume.ThrottledAsyncChecker (ThrottledAsyncChecker.java:schedule(141)) - Scheduling a check for /home/runner/work/ozone/ozone/hadoop-ozone/integration-test/target/test-dir/MiniOzoneClusterImpl-5e5aab19-8c77-4507-a351-bf1456ba08e7/datanode-3/data/ratis
2022-06-19 13:07:08,556 [Listener at 127.0.0.1/41441] INFO  volume.StorageVolumeChecker (StorageVolumeChecker.java:checkAllVolumes(202)) - Scheduled health check for volume /home/runner/work/ozone/ozone/hadoop-ozone/integration-test/target/test-dir/MiniOzoneClusterImpl-5e5aab19-8c77-4507-a351-bf1456ba08e7/datanode-3/data/ratis
2022-06-19 13:07:08,637 [Thread-1032] INFO  ozoneimpl.ContainerReader (ContainerReader.java:readVolume(172)) - Finish verifying containers on volume /home/runner/work/ozone/ozone/hadoop-ozone/integration-test/target/test-dir/MiniOzoneClusterImpl-5e5aab19-8c77-4507-a351-bf1456ba08e7/datanode-3/data-0/containers/hdds
2022-06-19 13:07:08,637 [Listener at 127.0.0.1/41441] INFO  ozoneimpl.OzoneContainer (OzoneContainer.java:buildContainerSet(266)) - Build ContainerSet costs 0s
2022-06-19 13:07:08,662 [Listener at 127.0.0.1/41441] INFO  server.RaftServer (ConfUtils.java:logGet(46)) - raft.rpc.type = GRPC (default)
2022-06-19 13:07:08,662 [Listener at 127.0.0.1/41441] INFO  grpc.GrpcFactory (GrpcFactory.java:checkPooledByteBufAllocatorUseCacheForAllThreads(48)) - PERFORMANCE WARNING: useCacheForAllThreads is true that may cause Netty to create a lot garbage objects and, as a result, trigger GC.
	It is recommended to disable useCacheForAllThreads by setting -Dorg.apache.ratis.thirdparty.io.netty.allocator.useCacheForAllThreads=false in command line.
2022-06-19 13:07:08,663 [Listener at 127.0.0.1/41441] INFO  grpc.GrpcConfigKeys (ConfUtils.java:logGet(46)) - raft.grpc.admin.port = 0 (custom)
2022-06-19 13:07:08,663 [Listener at 127.0.0.1/41441] INFO  grpc.GrpcConfigKeys (ConfUtils.java:logGet(46)) - raft.grpc.client.port = 0 (custom)
2022-06-19 13:07:08,663 [Listener at 127.0.0.1/41441] INFO  grpc.GrpcConfigKeys (ConfUtils.java:logGet(46)) - raft.grpc.server.port = 0 (default)
2022-06-19 13:07:08,663 [Listener at 127.0.0.1/41441] INFO  server.GrpcService (ConfUtils.java:logGet(46)) - raft.grpc.message.size.max = 32MB (=33554432) (custom)
2022-06-19 13:07:08,673 [Listener at 127.0.0.1/41441] INFO  server.RaftServerConfigKeys (ConfUtils.java:logGet(46)) - raft.server.log.appender.buffer.byte-limit = 33554432 (custom)
2022-06-19 13:07:08,689 [Listener at 127.0.0.1/41441] INFO  server.GrpcService (ConfUtils.java:logGet(46)) - raft.grpc.flow.control.window = 5MB (=5242880) (custom)
2022-06-19 13:07:08,689 [Listener at 127.0.0.1/41441] INFO  server.RaftServerConfigKeys (ConfUtils.java:logGet(46)) - raft.server.rpc.request.timeout = 60s (custom)
2022-06-19 13:07:08,689 [Listener at 127.0.0.1/41441] INFO  grpc.GrpcConfigKeys (ConfUtils.java:logGet(46)) - raft.grpc.server.async.request.thread.pool.cached = true (default)
2022-06-19 13:07:08,690 [Listener at 127.0.0.1/41441] INFO  grpc.GrpcConfigKeys (ConfUtils.java:logGet(46)) - raft.grpc.server.async.request.thread.pool.size = 32 (default)
2022-06-19 13:07:08,692 [Listener at 127.0.0.1/41441] INFO  impl.DataStreamServerImpl (ConfUtils.java:logGet(46)) - raft.datastream.type = DISABLED (default)
2022-06-19 13:07:08,693 [Listener at 127.0.0.1/41441] INFO  server.RaftServerConfigKeys (ConfUtils.java:logGet(46)) - raft.server.threadpool.proxy.cached = true (default)
2022-06-19 13:07:08,693 [Listener at 127.0.0.1/41441] INFO  server.RaftServerConfigKeys (ConfUtils.java:logGet(46)) - raft.server.threadpool.proxy.size = 0 (default)
2022-06-19 13:07:08,693 [Listener at 127.0.0.1/41441] INFO  server.RaftServerConfigKeys (ConfUtils.java:logGet(46)) - raft.server.rpc.slowness.timeout = 300s (custom)
2022-06-19 13:07:08,695 [Listener at 127.0.0.1/41441] INFO  server.RaftServerConfigKeys (ConfUtils.java:logGet(46)) - raft.server.leaderelection.leader.step-down.wait-time = 10s (default)
2022-06-19 13:07:08,695 [Listener at 127.0.0.1/41441] INFO  server.RaftServerConfigKeys (ConfUtils.java:logGet(46)) - raft.server.storage.dir = [/home/runner/work/ozone/ozone/hadoop-ozone/integration-test/target/test-dir/MiniOzoneClusterImpl-5e5aab19-8c77-4507-a351-bf1456ba08e7/datanode-3/data/ratis] (custom)
2022-06-19 13:07:08,771 [Listener at 127.0.0.1/41441] INFO  server.XceiverServerGrpc (XceiverServerGrpc.java:<init>(132)) - GrpcServer channel type EpollServerSocketChannel
2022-06-19 13:07:08,800 [Listener at 127.0.0.1/41441] INFO  http.BaseHttpServer (BaseHttpServer.java:newHttpServer2BuilderForOzone(209)) - Starting Web-server for hddsDatanode at: http://0.0.0.0:0
2022-06-19 13:07:08,800 [Listener at 127.0.0.1/41441] INFO  http.BaseHttpServer (BaseHttpServer.java:<init>(107)) - Hadoop Security Enabled: false Ozone Security Enabled: false Ozone HTTP Security Enabled: false 
2022-06-19 13:07:08,801 [Listener at 127.0.0.1/41441] INFO  server.AuthenticationFilter (AuthenticationFilter.java:constructSecretProvider(240)) - Unable to initialize FileSignerSecretProvider, falling back to use random secrets.
2022-06-19 13:07:08,809 [Listener at 127.0.0.1/41441] WARN  http.HttpRequestLog (HttpRequestLog.java:getRequestLog(103)) - Jetty request log can only be enabled using Log4j
2022-06-19 13:07:08,810 [Listener at 127.0.0.1/41441] INFO  http.HttpServer2 (HttpServer2.java:addGlobalFilter(1029)) - Added global filter 'safety' (class=org.apache.hadoop.hdds.server.http.HttpServer2$QuotingInputFilter)
2022-06-19 13:07:08,811 [Listener at 127.0.0.1/41441] INFO  http.HttpServer2 (HttpServer2.java:addFilter(1005)) - Added filter static_user_filter (class=org.apache.hadoop.http.lib.StaticUserWebFilter$StaticUserFilter) to context hddsDatanode
2022-06-19 13:07:08,811 [Listener at 127.0.0.1/41441] INFO  http.HttpServer2 (HttpServer2.java:addFilter(1013)) - Added filter static_user_filter (class=org.apache.hadoop.http.lib.StaticUserWebFilter$StaticUserFilter) to context logs
2022-06-19 13:07:08,811 [Listener at 127.0.0.1/41441] INFO  http.HttpServer2 (HttpServer2.java:addFilter(1013)) - Added filter static_user_filter (class=org.apache.hadoop.http.lib.StaticUserWebFilter$StaticUserFilter) to context static
2022-06-19 13:07:08,811 [Listener at 127.0.0.1/41441] INFO  http.HttpServer2 (HttpServer2.java:bindListener(1248)) - Jetty bound to port 36977
2022-06-19 13:07:08,811 [Listener at 127.0.0.1/41441] INFO  server.Server (Server.java:doStart(375)) - jetty-9.4.43.v20210629; built: 2021-06-30T11:07:22.254Z; git: 526006ecfa3af7f1a27ef3a288e2bef7ea9dd7e8; jvm 1.8.0_332-b09
2022-06-19 13:07:08,903 [Listener at 127.0.0.1/41441] INFO  server.session (DefaultSessionIdManager.java:doStart(334)) - DefaultSessionIdManager workerName=node0
2022-06-19 13:07:08,903 [Listener at 127.0.0.1/41441] INFO  server.session (DefaultSessionIdManager.java:doStart(339)) - No SessionScavenger set, using defaults
2022-06-19 13:07:08,903 [Listener at 127.0.0.1/41441] INFO  server.session (HouseKeeper.java:startScavenging(132)) - node0 Scavenging every 600000ms
2022-06-19 13:07:08,941 [Listener at 127.0.0.1/41441] INFO  handler.ContextHandler (ContextHandler.java:doStart(915)) - Started o.e.j.s.ServletContextHandler@7cad7d48{logs,/logs,file:///home/runner/work/ozone/ozone/hadoop-ozone/integration-test/target/log,AVAILABLE}
2022-06-19 13:07:08,942 [Listener at 127.0.0.1/41441] INFO  handler.ContextHandler (ContextHandler.java:doStart(915)) - Started o.e.j.s.ServletContextHandler@1ffb6da1{static,/static,jar:file:/home/runner/.m2/repository/org/apache/ozone/hdds-container-service/1.3.0-SNAPSHOT/hdds-container-service-1.3.0-SNAPSHOT.jar!/webapps/static,AVAILABLE}
2022-06-19 13:07:09,145 [EndpointStateMachine task thread for /0.0.0.0:38365 - 0 ] INFO  volume.HddsVolume (HddsVolume.java:createDbStore(309)) - SchemaV3 db is created and loaded at /home/runner/work/ozone/ozone/hadoop-ozone/integration-test/target/test-dir/MiniOzoneClusterImpl-5e5aab19-8c77-4507-a351-bf1456ba08e7/datanode-1/data-0/containers/hdds/5e5aab19-8c77-4507-a351-bf1456ba08e7/DS-c3c30e79-d6c5-4fc7-85fc-d6c0c24ae65c/container.db for volume DS-c3c30e79-d6c5-4fc7-85fc-d6c0c24ae65c
2022-06-19 13:07:09,169 [EndpointStateMachine task thread for /0.0.0.0:38365 - 0 ] INFO  volume.HddsVolume (HddsVolume.java:closeDbStore(340)) - SchemaV3 db is stopped at /home/runner/work/ozone/ozone/hadoop-ozone/integration-test/target/test-dir/MiniOzoneClusterImpl-5e5aab19-8c77-4507-a351-bf1456ba08e7/datanode-1/data-0/containers/hdds/5e5aab19-8c77-4507-a351-bf1456ba08e7/DS-c3c30e79-d6c5-4fc7-85fc-d6c0c24ae65c/container.db for volume DS-c3c30e79-d6c5-4fc7-85fc-d6c0c24ae65c
2022-06-19 13:07:09,170 [EndpointStateMachine task thread for /0.0.0.0:38365 - 0 ] INFO  ozoneimpl.OzoneContainer (OzoneContainer.java:start(344)) - Attempting to start container services.
2022-06-19 13:07:09,170 [EndpointStateMachine task thread for /0.0.0.0:38365 - 0 ] INFO  ozoneimpl.OzoneContainer (OzoneContainer.java:startContainerScrub(279)) - Background container scanner has been disabled.
2022-06-19 13:07:09,206 [EndpointStateMachine task thread for /0.0.0.0:38365 - 0 ] INFO  replication.ReplicationServer (ReplicationServer.java:start(111)) - ReplicationServer is started using port 42975
2022-06-19 13:07:09,207 [EndpointStateMachine task thread for /0.0.0.0:38365 - 0 ] INFO  ratis.XceiverServerRatis (XceiverServerRatis.java:start(481)) - Starting XceiverServerRatis d6c668d5-a76d-4631-ba67-9d624f40a963
2022-06-19 13:07:09,210 [EndpointStateMachine task thread for /0.0.0.0:38365 - 0 ] INFO  server.RaftServer (RaftServerProxy.java:lambda$start$6(382)) - d6c668d5-a76d-4631-ba67-9d624f40a963: start RPC server
2022-06-19 13:07:09,261 [EndpointStateMachine task thread for /0.0.0.0:38365 - 0 ] INFO  server.GrpcService (GrpcService.java:startImpl(260)) - d6c668d5-a76d-4631-ba67-9d624f40a963: GrpcService started, listening on 39345
2022-06-19 13:07:09,262 [EndpointStateMachine task thread for /0.0.0.0:38365 - 0 ] INFO  ratis.XceiverServerRatis (XceiverServerRatis.java:getRealPort(502)) - XceiverServerRatis d6c668d5-a76d-4631-ba67-9d624f40a963 is started using port 39345 for RATIS
2022-06-19 13:07:09,262 [EndpointStateMachine task thread for /0.0.0.0:38365 - 0 ] INFO  ratis.XceiverServerRatis (XceiverServerRatis.java:getRealPort(502)) - XceiverServerRatis d6c668d5-a76d-4631-ba67-9d624f40a963 is started using port 39345 for RATIS_ADMIN
2022-06-19 13:07:09,262 [EndpointStateMachine task thread for /0.0.0.0:38365 - 0 ] INFO  ratis.XceiverServerRatis (XceiverServerRatis.java:getRealPort(502)) - XceiverServerRatis d6c668d5-a76d-4631-ba67-9d624f40a963 is started using port 39345 for RATIS_SERVER
2022-06-19 13:07:09,262 [org.apache.ratis.util.JvmPauseMonitor$$Lambda$627/819749933@1e6db7b] INFO  util.JvmPauseMonitor (JvmPauseMonitor.java:run(103)) - JvmPauseMonitor-d6c668d5-a76d-4631-ba67-9d624f40a963: Started
2022-06-19 13:07:09,353 [EndpointStateMachine task thread for /0.0.0.0:38365 - 0 ] INFO  server.XceiverServerGrpc (XceiverServerGrpc.java:start(180)) - XceiverServerGrpc d6c668d5-a76d-4631-ba67-9d624f40a963 is started using port 43997
2022-06-19 13:07:09,679 [Listener at 127.0.0.1/41441] INFO  handler.ContextHandler (ContextHandler.java:doStart(915)) - Started o.e.j.w.WebAppContext@4f1966e6{hddsDatanode,/,file:///tmp/jetty-0_0_0_0-36977-hdds-container-service-1_3_0-SNAPSHOT_jar-_-any-7142696940315323377/webapp/,AVAILABLE}{jar:file:/home/runner/.m2/repository/org/apache/ozone/hdds-container-service/1.3.0-SNAPSHOT/hdds-container-service-1.3.0-SNAPSHOT.jar!/webapps/hddsDatanode}
2022-06-19 13:07:09,713 [Listener at 127.0.0.1/41441] INFO  server.AbstractConnector (AbstractConnector.java:doStart(331)) - Started ServerConnector@198e0d63{HTTP/1.1, (http/1.1)}{0.0.0.0:36977}
2022-06-19 13:07:09,714 [Listener at 127.0.0.1/41441] INFO  server.Server (Server.java:doStart(415)) - Started @149950ms
2022-06-19 13:07:09,714 [Listener at 127.0.0.1/41441] WARN  impl.MetricsSystemImpl (MetricsSystemImpl.java:register(279)) - Sink prometheus already exists!
2022-06-19 13:07:09,714 [Listener at 127.0.0.1/41441] INFO  http.BaseHttpServer (BaseHttpServer.java:updateConnectorAddress(329)) - HTTP server of hddsDatanode listening at http://0.0.0.0:36977
2022-06-19 13:07:09,715 [Listener at 127.0.0.1/41441] WARN  impl.MetricRegistriesImpl (MetricRegistriesImpl.java:addReporterRegistration(111)) - New reporters are added after registries were created. Some metrics will be missing from the reporter. Please add reporter before adding any new registry.
2022-06-19 13:07:09,715 [Listener at 127.0.0.1/41441] WARN  impl.MetricRegistriesImpl (MetricRegistriesImpl.java:addReporterRegistration(111)) - New reporters are added after registries were created. Some metrics will be missing from the reporter. Please add reporter before adding any new registry.
2022-06-19 13:07:09,715 [Listener at 127.0.0.1/41441] INFO  impl.MetricsSystemImpl (MetricsSystemImpl.java:init(158)) - HddsDatanode metrics system started (again)
2022-06-19 13:07:09,724 [Datanode State Machine Daemon Thread] INFO  statemachine.DatanodeStateMachine (DatanodeStateMachine.java:lambda$startDaemon$0(492)) - Ozone container server started.
2022-06-19 13:07:09,729 [Listener at 127.0.0.1/41441] INFO  ozone.HddsDatanodeService (HddsDatanodeService.java:start(236)) - HddsDatanodeService host:fv-az58-449.32bp4kehjaiexiom31oljkjdjg.cx.internal.cloudapp.net ip:10.1.0.4
2022-06-19 13:07:09,793 [org.apache.hadoop.util.JvmPauseMonitor$Monitor@5e5efc9f] INFO  util.JvmPauseMonitor (JvmPauseMonitor.java:run(188)) - Starting JVM pause monitor
2022-06-19 13:07:09,797 [Datanode State Machine Task Thread - 0] INFO  datanode.InitDatanodeState (InitDatanodeState.java:persistContainerDatanodeDetails(138)) - DatanodeDetails is persisted to /home/runner/work/ozone/ozone/hadoop-ozone/integration-test/target/test-dir/MiniOzoneClusterImpl-5e5aab19-8c77-4507-a351-bf1456ba08e7/datanode-3/meta/datanode.id
2022-06-19 13:07:09,836 [Listener at 127.0.0.1/41441] INFO  upgrade.AbstractLayoutVersionManager (AbstractLayoutVersionManager.java:init(82)) - Initializing Layout version manager with metadata layout = DATANODE_SCHEMA_V3 (version = 4), software layout = DATANODE_SCHEMA_V3 (version = 4)
2022-06-19 13:07:09,841 [IPC Server handler 19 on default port 38365] INFO  net.NetworkTopologyImpl (NetworkTopologyImpl.java:add(112)) - Added a new node: /default-rack/f58b4837-0c66-44b2-8a93-771d4ee68852
2022-06-19 13:07:09,841 [IPC Server handler 19 on default port 38365] INFO  node.SCMNodeManager (SCMNodeManager.java:register(394)) - Registered Data node : f58b4837-0c66-44b2-8a93-771d4ee68852{ip: 10.1.0.4, host: fv-az58-449.32bp4kehjaiexiom31oljkjdjg.cx.internal.cloudapp.net, ports: [REPLICATION=44251, RATIS=34339, RATIS_ADMIN=34339, RATIS_SERVER=34339, STANDALONE=42885], networkLocation: /default-rack, certSerialId: null, persistedOpState: null, persistedOpStateExpiryEpochSec: 0}
2022-06-19 13:07:09,850 [EventQueue-NodeRegistrationContainerReportForDataNodeSafeModeRule] INFO  safemode.SCMSafeModeManager (DataNodeSafeModeRule.java:process(71)) - SCM in safe mode. 1 DataNodes registered, 3 required.
2022-06-19 13:07:09,850 [EventQueue-NodeRegistrationContainerReportForContainerSafeModeRule] INFO  safemode.SCMSafeModeManager (SCMSafeModeManager.java:validateSafeModeExitRules(204)) - ContainerSafeModeRule rule is successfully validated
2022-06-19 13:07:09,885 [EventQueue-NewNodeForNewNodeHandler] INFO  pipeline.BackgroundPipelineCreator (BackgroundPipelineCreator.java:notifyEventTriggered(272)) - trigger a one-shot run on RatisPipelineUtilsThread.
2022-06-19 13:07:09,892 [EventQueue-PipelineReportForOneReplicaPipelineSafeModeRule] INFO  safemode.SCMSafeModeManager (SCMSafeModeManager.java:validateSafeModeExitRules(204)) - AtleastOneDatanodeReportedRule rule is successfully validated
2022-06-19 13:07:09,892 [RatisPipelineUtilsThread - 0] INFO  pipeline.RatisPipelineProvider (RatisPipelineProvider.java:lambda$create$0(195)) - Sending CreatePipelineCommand for pipeline:PipelineID=61cef501-dc2a-473c-8e1e-0d818bc3e93c to datanode:f58b4837-0c66-44b2-8a93-771d4ee68852
2022-06-19 13:07:09,909 [RatisPipelineUtilsThread - 0] INFO  pipeline.PipelineStateManagerImpl (PipelineStateManagerImpl.java:addPipeline(101)) - Created pipeline Pipeline[ Id: 61cef501-dc2a-473c-8e1e-0d818bc3e93c, Nodes: f58b4837-0c66-44b2-8a93-771d4ee68852{ip: 10.1.0.4, host: fv-az58-449.32bp4kehjaiexiom31oljkjdjg.cx.internal.cloudapp.net, ports: [REPLICATION=44251, RATIS=34339, RATIS_ADMIN=34339, RATIS_SERVER=34339, STANDALONE=42885], networkLocation: /default-rack, certSerialId: null, persistedOpState: IN_SERVICE, persistedOpStateExpiryEpochSec: 0}, ReplicationConfig: RATIS/ONE, State:ALLOCATED, leaderId:, CreationTimestamp2022-06-19T13:07:09.892Z[Etc/UTC]].
2022-06-19 13:07:10,010 [Listener at 127.0.0.1/41441] INFO  reflections.Reflections (Reflections.java:scan(232)) - Reflections took 173 ms to scan 7 urls, producing 131 keys and 315 values 
2022-06-19 13:07:10,013 [Listener at 127.0.0.1/41441] INFO  statemachine.DatanodeStateMachine (DatanodeStateMachine.java:getEndPointTaskThreadPoolSize(237)) - Datanode State Machine Task Thread Pool size 2
2022-06-19 13:07:10,014 [Listener at 127.0.0.1/41441] INFO  volume.HddsVolume (HddsVolume.java:<init>(116)) - Creating HddsVolume: /home/runner/work/ozone/ozone/hadoop-ozone/integration-test/target/test-dir/MiniOzoneClusterImpl-5e5aab19-8c77-4507-a351-bf1456ba08e7/datanode-4/data-0/containers/hdds of storage type : DISK capacity : 9223372036854775807
2022-06-19 13:07:10,015 [Listener at 127.0.0.1/41441] INFO  volume.MutableVolumeSet (MutableVolumeSet.java:initializeVolumeSet(174)) - Added Volume : /home/runner/work/ozone/ozone/hadoop-ozone/integration-test/target/test-dir/MiniOzoneClusterImpl-5e5aab19-8c77-4507-a351-bf1456ba08e7/datanode-4/data-0/containers/hdds to VolumeSet
2022-06-19 13:07:10,015 [Listener at 127.0.0.1/41441] INFO  volume.ThrottledAsyncChecker (ThrottledAsyncChecker.java:schedule(141)) - Scheduling a check for /home/runner/work/ozone/ozone/hadoop-ozone/integration-test/target/test-dir/MiniOzoneClusterImpl-5e5aab19-8c77-4507-a351-bf1456ba08e7/datanode-4/data-0/containers/hdds
2022-06-19 13:07:10,015 [Listener at 127.0.0.1/41441] INFO  volume.StorageVolumeChecker (StorageVolumeChecker.java:checkAllVolumes(202)) - Scheduled health check for volume /home/runner/work/ozone/ozone/hadoop-ozone/integration-test/target/test-dir/MiniOzoneClusterImpl-5e5aab19-8c77-4507-a351-bf1456ba08e7/datanode-4/data-0/containers/hdds
2022-06-19 13:07:10,026 [Listener at 127.0.0.1/41441] INFO  volume.MutableVolumeSet (MutableVolumeSet.java:initializeVolumeSet(174)) - Added Volume : /home/runner/work/ozone/ozone/hadoop-ozone/integration-test/target/test-dir/MiniOzoneClusterImpl-5e5aab19-8c77-4507-a351-bf1456ba08e7/datanode-4/data/ratis to VolumeSet
2022-06-19 13:07:10,026 [Listener at 127.0.0.1/41441] INFO  volume.ThrottledAsyncChecker (ThrottledAsyncChecker.java:schedule(141)) - Scheduling a check for /home/runner/work/ozone/ozone/hadoop-ozone/integration-test/target/test-dir/MiniOzoneClusterImpl-5e5aab19-8c77-4507-a351-bf1456ba08e7/datanode-4/data/ratis
2022-06-19 13:07:10,026 [Listener at 127.0.0.1/41441] INFO  volume.StorageVolumeChecker (StorageVolumeChecker.java:checkAllVolumes(202)) - Scheduled health check for volume /home/runner/work/ozone/ozone/hadoop-ozone/integration-test/target/test-dir/MiniOzoneClusterImpl-5e5aab19-8c77-4507-a351-bf1456ba08e7/datanode-4/data/ratis
2022-06-19 13:07:10,038 [Thread-1054] INFO  ozoneimpl.ContainerReader (ContainerReader.java:readVolume(172)) - Finish verifying containers on volume /home/runner/work/ozone/ozone/hadoop-ozone/integration-test/target/test-dir/MiniOzoneClusterImpl-5e5aab19-8c77-4507-a351-bf1456ba08e7/datanode-4/data-0/containers/hdds
2022-06-19 13:07:10,038 [Listener at 127.0.0.1/41441] INFO  ozoneimpl.OzoneContainer (OzoneContainer.java:buildContainerSet(266)) - Build ContainerSet costs 0s
2022-06-19 13:07:10,040 [Listener at 127.0.0.1/41441] INFO  server.RaftServer (ConfUtils.java:logGet(46)) - raft.rpc.type = GRPC (default)
2022-06-19 13:07:10,040 [Listener at 127.0.0.1/41441] INFO  grpc.GrpcFactory (GrpcFactory.java:checkPooledByteBufAllocatorUseCacheForAllThreads(48)) - PERFORMANCE WARNING: useCacheForAllThreads is true that may cause Netty to create a lot garbage objects and, as a result, trigger GC.
	It is recommended to disable useCacheForAllThreads by setting -Dorg.apache.ratis.thirdparty.io.netty.allocator.useCacheForAllThreads=false in command line.
2022-06-19 13:07:10,040 [Listener at 127.0.0.1/41441] INFO  grpc.GrpcConfigKeys (ConfUtils.java:logGet(46)) - raft.grpc.admin.port = 0 (custom)
2022-06-19 13:07:10,040 [Listener at 127.0.0.1/41441] INFO  grpc.GrpcConfigKeys (ConfUtils.java:logGet(46)) - raft.grpc.client.port = 0 (custom)
2022-06-19 13:07:10,040 [Listener at 127.0.0.1/41441] INFO  grpc.GrpcConfigKeys (ConfUtils.java:logGet(46)) - raft.grpc.server.port = 0 (default)
2022-06-19 13:07:10,040 [Listener at 127.0.0.1/41441] INFO  server.GrpcService (ConfUtils.java:logGet(46)) - raft.grpc.message.size.max = 32MB (=33554432) (custom)
2022-06-19 13:07:10,041 [Listener at 127.0.0.1/41441] INFO  server.RaftServerConfigKeys (ConfUtils.java:logGet(46)) - raft.server.log.appender.buffer.byte-limit = 33554432 (custom)
2022-06-19 13:07:10,041 [Listener at 127.0.0.1/41441] INFO  server.GrpcService (ConfUtils.java:logGet(46)) - raft.grpc.flow.control.window = 5MB (=5242880) (custom)
2022-06-19 13:07:10,045 [Listener at 127.0.0.1/41441] INFO  server.RaftServerConfigKeys (ConfUtils.java:logGet(46)) - raft.server.rpc.request.timeout = 60s (custom)
2022-06-19 13:07:10,045 [Listener at 127.0.0.1/41441] INFO  grpc.GrpcConfigKeys (ConfUtils.java:logGet(46)) - raft.grpc.server.async.request.thread.pool.cached = true (default)
2022-06-19 13:07:10,045 [Listener at 127.0.0.1/41441] INFO  grpc.GrpcConfigKeys (ConfUtils.java:logGet(46)) - raft.grpc.server.async.request.thread.pool.size = 32 (default)
2022-06-19 13:07:10,046 [Listener at 127.0.0.1/41441] INFO  impl.DataStreamServerImpl (ConfUtils.java:logGet(46)) - raft.datastream.type = DISABLED (default)
2022-06-19 13:07:10,046 [Listener at 127.0.0.1/41441] INFO  server.RaftServerConfigKeys (ConfUtils.java:logGet(46)) - raft.server.threadpool.proxy.cached = true (default)
2022-06-19 13:07:10,047 [Listener at 127.0.0.1/41441] INFO  server.RaftServerConfigKeys (ConfUtils.java:logGet(46)) - raft.server.threadpool.proxy.size = 0 (default)
2022-06-19 13:07:10,047 [Listener at 127.0.0.1/41441] INFO  server.RaftServerConfigKeys (ConfUtils.java:logGet(46)) - raft.server.rpc.slowness.timeout = 300s (custom)
2022-06-19 13:07:10,047 [Listener at 127.0.0.1/41441] INFO  server.RaftServerConfigKeys (ConfUtils.java:logGet(46)) - raft.server.leaderelection.leader.step-down.wait-time = 10s (default)
2022-06-19 13:07:10,047 [Listener at 127.0.0.1/41441] INFO  server.RaftServerConfigKeys (ConfUtils.java:logGet(46)) - raft.server.storage.dir = [/home/runner/work/ozone/ozone/hadoop-ozone/integration-test/target/test-dir/MiniOzoneClusterImpl-5e5aab19-8c77-4507-a351-bf1456ba08e7/datanode-4/data/ratis] (custom)
2022-06-19 13:07:10,048 [Listener at 127.0.0.1/41441] INFO  server.XceiverServerGrpc (XceiverServerGrpc.java:<init>(132)) - GrpcServer channel type EpollServerSocketChannel
2022-06-19 13:07:10,050 [Listener at 127.0.0.1/41441] INFO  http.BaseHttpServer (BaseHttpServer.java:newHttpServer2BuilderForOzone(209)) - Starting Web-server for hddsDatanode at: http://0.0.0.0:0
2022-06-19 13:07:10,051 [Listener at 127.0.0.1/41441] INFO  http.BaseHttpServer (BaseHttpServer.java:<init>(107)) - Hadoop Security Enabled: false Ozone Security Enabled: false Ozone HTTP Security Enabled: false 
2022-06-19 13:07:10,053 [Listener at 127.0.0.1/41441] INFO  server.AuthenticationFilter (AuthenticationFilter.java:constructSecretProvider(240)) - Unable to initialize FileSignerSecretProvider, falling back to use random secrets.
2022-06-19 13:07:10,054 [Listener at 127.0.0.1/41441] WARN  http.HttpRequestLog (HttpRequestLog.java:getRequestLog(103)) - Jetty request log can only be enabled using Log4j
2022-06-19 13:07:10,055 [Listener at 127.0.0.1/41441] INFO  http.HttpServer2 (HttpServer2.java:addGlobalFilter(1029)) - Added global filter 'safety' (class=org.apache.hadoop.hdds.server.http.HttpServer2$QuotingInputFilter)
2022-06-19 13:07:10,055 [Listener at 127.0.0.1/41441] INFO  http.HttpServer2 (HttpServer2.java:addFilter(1005)) - Added filter static_user_filter (class=org.apache.hadoop.http.lib.StaticUserWebFilter$StaticUserFilter) to context hddsDatanode
2022-06-19 13:07:10,055 [Listener at 127.0.0.1/41441] INFO  http.HttpServer2 (HttpServer2.java:addFilter(1013)) - Added filter static_user_filter (class=org.apache.hadoop.http.lib.StaticUserWebFilter$StaticUserFilter) to context static
2022-06-19 13:07:10,055 [Listener at 127.0.0.1/41441] INFO  http.HttpServer2 (HttpServer2.java:addFilter(1013)) - Added filter static_user_filter (class=org.apache.hadoop.http.lib.StaticUserWebFilter$StaticUserFilter) to context logs
2022-06-19 13:07:10,089 [Listener at 127.0.0.1/41441] INFO  http.HttpServer2 (HttpServer2.java:bindListener(1248)) - Jetty bound to port 44943
2022-06-19 13:07:10,090 [Listener at 127.0.0.1/41441] INFO  server.Server (Server.java:doStart(375)) - jetty-9.4.43.v20210629; built: 2021-06-30T11:07:22.254Z; git: 526006ecfa3af7f1a27ef3a288e2bef7ea9dd7e8; jvm 1.8.0_332-b09
2022-06-19 13:07:10,147 [Listener at 127.0.0.1/41441] INFO  server.session (DefaultSessionIdManager.java:doStart(334)) - DefaultSessionIdManager workerName=node0
2022-06-19 13:07:10,147 [Listener at 127.0.0.1/41441] INFO  server.session (DefaultSessionIdManager.java:doStart(339)) - No SessionScavenger set, using defaults
2022-06-19 13:07:10,151 [Listener at 127.0.0.1/41441] INFO  server.session (HouseKeeper.java:startScavenging(132)) - node0 Scavenging every 600000ms
2022-06-19 13:07:10,152 [Listener at 127.0.0.1/41441] INFO  handler.ContextHandler (ContextHandler.java:doStart(915)) - Started o.e.j.s.ServletContextHandler@52a62ecd{logs,/logs,file:///home/runner/work/ozone/ozone/hadoop-ozone/integration-test/target/log,AVAILABLE}
2022-06-19 13:07:10,152 [Listener at 127.0.0.1/41441] INFO  handler.ContextHandler (ContextHandler.java:doStart(915)) - Started o.e.j.s.ServletContextHandler@32d23b16{static,/static,jar:file:/home/runner/.m2/repository/org/apache/ozone/hdds-container-service/1.3.0-SNAPSHOT/hdds-container-service-1.3.0-SNAPSHOT.jar!/webapps/static,AVAILABLE}
2022-06-19 13:07:10,376 [EndpointStateMachine task thread for /0.0.0.0:38365 - 0 ] INFO  volume.HddsVolume (HddsVolume.java:createDbStore(309)) - SchemaV3 db is created and loaded at /home/runner/work/ozone/ozone/hadoop-ozone/integration-test/target/test-dir/MiniOzoneClusterImpl-5e5aab19-8c77-4507-a351-bf1456ba08e7/datanode-2/data-0/containers/hdds/5e5aab19-8c77-4507-a351-bf1456ba08e7/DS-64410e92-bbbd-4783-8209-72bae1b4149d/container.db for volume DS-64410e92-bbbd-4783-8209-72bae1b4149d
2022-06-19 13:07:10,386 [EndpointStateMachine task thread for /0.0.0.0:38365 - 0 ] INFO  volume.HddsVolume (HddsVolume.java:closeDbStore(340)) - SchemaV3 db is stopped at /home/runner/work/ozone/ozone/hadoop-ozone/integration-test/target/test-dir/MiniOzoneClusterImpl-5e5aab19-8c77-4507-a351-bf1456ba08e7/datanode-2/data-0/containers/hdds/5e5aab19-8c77-4507-a351-bf1456ba08e7/DS-64410e92-bbbd-4783-8209-72bae1b4149d/container.db for volume DS-64410e92-bbbd-4783-8209-72bae1b4149d
2022-06-19 13:07:10,387 [EndpointStateMachine task thread for /0.0.0.0:38365 - 0 ] INFO  ozoneimpl.OzoneContainer (OzoneContainer.java:start(344)) - Attempting to start container services.
2022-06-19 13:07:10,387 [EndpointStateMachine task thread for /0.0.0.0:38365 - 0 ] INFO  ozoneimpl.OzoneContainer (OzoneContainer.java:startContainerScrub(279)) - Background container scanner has been disabled.
2022-06-19 13:07:10,400 [EndpointStateMachine task thread for /0.0.0.0:38365 - 0 ] INFO  replication.ReplicationServer (ReplicationServer.java:start(111)) - ReplicationServer is started using port 38575
2022-06-19 13:07:10,403 [EndpointStateMachine task thread for /0.0.0.0:38365 - 0 ] INFO  ratis.XceiverServerRatis (XceiverServerRatis.java:start(481)) - Starting XceiverServerRatis 2d1a6fdd-4e39-4ef3-8151-c6201fbfce8f
2022-06-19 13:07:10,434 [EndpointStateMachine task thread for /0.0.0.0:38365 - 0 ] INFO  server.RaftServer (RaftServerProxy.java:lambda$start$6(382)) - 2d1a6fdd-4e39-4ef3-8151-c6201fbfce8f: start RPC server
2022-06-19 13:07:10,442 [EndpointStateMachine task thread for /0.0.0.0:38365 - 0 ] INFO  server.GrpcService (GrpcService.java:startImpl(260)) - 2d1a6fdd-4e39-4ef3-8151-c6201fbfce8f: GrpcService started, listening on 41833
2022-06-19 13:07:10,443 [EndpointStateMachine task thread for /0.0.0.0:38365 - 0 ] INFO  ratis.XceiverServerRatis (XceiverServerRatis.java:getRealPort(502)) - XceiverServerRatis 2d1a6fdd-4e39-4ef3-8151-c6201fbfce8f is started using port 41833 for RATIS
2022-06-19 13:07:10,443 [EndpointStateMachine task thread for /0.0.0.0:38365 - 0 ] INFO  ratis.XceiverServerRatis (XceiverServerRatis.java:getRealPort(502)) - XceiverServerRatis 2d1a6fdd-4e39-4ef3-8151-c6201fbfce8f is started using port 41833 for RATIS_ADMIN
2022-06-19 13:07:10,443 [EndpointStateMachine task thread for /0.0.0.0:38365 - 0 ] INFO  ratis.XceiverServerRatis (XceiverServerRatis.java:getRealPort(502)) - XceiverServerRatis 2d1a6fdd-4e39-4ef3-8151-c6201fbfce8f is started using port 41833 for RATIS_SERVER
2022-06-19 13:07:10,443 [org.apache.ratis.util.JvmPauseMonitor$$Lambda$627/819749933@2096d383] INFO  util.JvmPauseMonitor (JvmPauseMonitor.java:run(103)) - JvmPauseMonitor-2d1a6fdd-4e39-4ef3-8151-c6201fbfce8f: Started
2022-06-19 13:07:10,502 [EndpointStateMachine task thread for /0.0.0.0:38365 - 0 ] INFO  server.XceiverServerGrpc (XceiverServerGrpc.java:start(180)) - XceiverServerGrpc 2d1a6fdd-4e39-4ef3-8151-c6201fbfce8f is started using port 39883
2022-06-19 13:07:10,740 [Listener at 127.0.0.1/41441] INFO  handler.ContextHandler (ContextHandler.java:doStart(915)) - Started o.e.j.w.WebAppContext@2c4a841d{hddsDatanode,/,file:///tmp/jetty-0_0_0_0-44943-hdds-container-service-1_3_0-SNAPSHOT_jar-_-any-336436799243867917/webapp/,AVAILABLE}{jar:file:/home/runner/.m2/repository/org/apache/ozone/hdds-container-service/1.3.0-SNAPSHOT/hdds-container-service-1.3.0-SNAPSHOT.jar!/webapps/hddsDatanode}
2022-06-19 13:07:10,765 [Listener at 127.0.0.1/41441] INFO  server.AbstractConnector (AbstractConnector.java:doStart(331)) - Started ServerConnector@5b04452{HTTP/1.1, (http/1.1)}{0.0.0.0:44943}
2022-06-19 13:07:10,766 [Listener at 127.0.0.1/41441] INFO  server.Server (Server.java:doStart(415)) - Started @151002ms
2022-06-19 13:07:10,766 [Listener at 127.0.0.1/41441] WARN  impl.MetricsSystemImpl (MetricsSystemImpl.java:register(279)) - Sink prometheus already exists!
2022-06-19 13:07:10,766 [Listener at 127.0.0.1/41441] INFO  http.BaseHttpServer (BaseHttpServer.java:updateConnectorAddress(329)) - HTTP server of hddsDatanode listening at http://0.0.0.0:44943
2022-06-19 13:07:10,782 [Listener at 127.0.0.1/41441] INFO  ozone.MiniOzoneClusterImpl (MiniOzoneClusterImpl.java:lambda$waitForClusterToBeReady$0(221)) - Waiting for nodes to be ready. Got 1 of 5 DN Heartbeats.
2022-06-19 13:07:10,782 [Listener at 127.0.0.1/41441] INFO  ozone.MiniOzoneClusterImpl (MiniOzoneClusterImpl.java:lambda$waitForClusterToBeReady$0(224)) - Waiting for cluster to exit safe mode
2022-06-19 13:07:10,782 [Listener at 127.0.0.1/41441] INFO  ozone.MiniOzoneClusterImpl (MiniOzoneClusterImpl.java:lambda$waitForClusterToBeReady$0(226)) - SCM became leader
2022-06-19 13:07:10,789 [Datanode State Machine Daemon Thread] INFO  statemachine.DatanodeStateMachine (DatanodeStateMachine.java:lambda$startDaemon$0(492)) - Ozone container server started.
2022-06-19 13:07:10,809 [org.apache.hadoop.util.JvmPauseMonitor$Monitor@57dce89a] INFO  util.JvmPauseMonitor (JvmPauseMonitor.java:run(188)) - Starting JVM pause monitor
2022-06-19 13:07:10,846 [Datanode State Machine Task Thread - 0] INFO  datanode.InitDatanodeState (InitDatanodeState.java:persistContainerDatanodeDetails(138)) - DatanodeDetails is persisted to /home/runner/work/ozone/ozone/hadoop-ozone/integration-test/target/test-dir/MiniOzoneClusterImpl-5e5aab19-8c77-4507-a351-bf1456ba08e7/datanode-4/meta/datanode.id
2022-06-19 13:07:11,030 [IPC Server handler 18 on default port 38365] INFO  net.NetworkTopologyImpl (NetworkTopologyImpl.java:add(112)) - Added a new node: /default-rack/d6c668d5-a76d-4631-ba67-9d624f40a963
2022-06-19 13:07:11,030 [IPC Server handler 18 on default port 38365] INFO  node.SCMNodeManager (SCMNodeManager.java:register(394)) - Registered Data node : d6c668d5-a76d-4631-ba67-9d624f40a963{ip: 10.1.0.4, host: fv-az58-449.32bp4kehjaiexiom31oljkjdjg.cx.internal.cloudapp.net, ports: [REPLICATION=42975, RATIS=39345, RATIS_ADMIN=39345, RATIS_SERVER=39345, STANDALONE=43997], networkLocation: /default-rack, certSerialId: null, persistedOpState: null, persistedOpStateExpiryEpochSec: 0}
2022-06-19 13:07:11,032 [EventQueue-NewNodeForNewNodeHandler] INFO  pipeline.BackgroundPipelineCreator (BackgroundPipelineCreator.java:notifyEventTriggered(272)) - trigger a one-shot run on RatisPipelineUtilsThread.
2022-06-19 13:07:11,053 [EventQueue-NodeRegistrationContainerReportForDataNodeSafeModeRule] INFO  safemode.SCMSafeModeManager (DataNodeSafeModeRule.java:process(71)) - SCM in safe mode. 2 DataNodes registered, 3 required.
2022-06-19 13:07:11,069 [RatisPipelineUtilsThread - 0] INFO  pipeline.RatisPipelineProvider (RatisPipelineProvider.java:lambda$create$0(195)) - Sending CreatePipelineCommand for pipeline:PipelineID=a493a6a5-b4e7-4fab-b1e8-aaf266449178 to datanode:d6c668d5-a76d-4631-ba67-9d624f40a963
2022-06-19 13:07:11,070 [RatisPipelineUtilsThread - 0] INFO  pipeline.PipelineStateManagerImpl (PipelineStateManagerImpl.java:addPipeline(101)) - Created pipeline Pipeline[ Id: a493a6a5-b4e7-4fab-b1e8-aaf266449178, Nodes: d6c668d5-a76d-4631-ba67-9d624f40a963{ip: 10.1.0.4, host: fv-az58-449.32bp4kehjaiexiom31oljkjdjg.cx.internal.cloudapp.net, ports: [REPLICATION=42975, RATIS=39345, RATIS_ADMIN=39345, RATIS_SERVER=39345, STANDALONE=43997], networkLocation: /default-rack, certSerialId: null, persistedOpState: IN_SERVICE, persistedOpStateExpiryEpochSec: 0}, ReplicationConfig: RATIS/ONE, State:ALLOCATED, leaderId:, CreationTimestamp2022-06-19T13:07:11.069Z[Etc/UTC]].
2022-06-19 13:07:11,785 [Listener at 127.0.0.1/41441] INFO  ozone.MiniOzoneClusterImpl (MiniOzoneClusterImpl.java:lambda$waitForClusterToBeReady$0(221)) - Waiting for nodes to be ready. Got 2 of 5 DN Heartbeats.
2022-06-19 13:07:11,785 [Listener at 127.0.0.1/41441] INFO  ozone.MiniOzoneClusterImpl (MiniOzoneClusterImpl.java:lambda$waitForClusterToBeReady$0(224)) - Waiting for cluster to exit safe mode
2022-06-19 13:07:11,785 [Listener at 127.0.0.1/41441] INFO  ozone.MiniOzoneClusterImpl (MiniOzoneClusterImpl.java:lambda$waitForClusterToBeReady$0(226)) - SCM became leader
2022-06-19 13:07:11,905 [EndpointStateMachine task thread for /0.0.0.0:38365 - 0 ] INFO  volume.HddsVolume (HddsVolume.java:createDbStore(309)) - SchemaV3 db is created and loaded at /home/runner/work/ozone/ozone/hadoop-ozone/integration-test/target/test-dir/MiniOzoneClusterImpl-5e5aab19-8c77-4507-a351-bf1456ba08e7/datanode-3/data-0/containers/hdds/5e5aab19-8c77-4507-a351-bf1456ba08e7/DS-f592b9df-afed-4a0d-bb73-5d8f41629d9e/container.db for volume DS-f592b9df-afed-4a0d-bb73-5d8f41629d9e
2022-06-19 13:07:11,906 [EndpointStateMachine task thread for /0.0.0.0:38365 - 0 ] INFO  volume.HddsVolume (HddsVolume.java:closeDbStore(340)) - SchemaV3 db is stopped at /home/runner/work/ozone/ozone/hadoop-ozone/integration-test/target/test-dir/MiniOzoneClusterImpl-5e5aab19-8c77-4507-a351-bf1456ba08e7/datanode-3/data-0/containers/hdds/5e5aab19-8c77-4507-a351-bf1456ba08e7/DS-f592b9df-afed-4a0d-bb73-5d8f41629d9e/container.db for volume DS-f592b9df-afed-4a0d-bb73-5d8f41629d9e
2022-06-19 13:07:11,906 [EndpointStateMachine task thread for /0.0.0.0:38365 - 0 ] INFO  ozoneimpl.OzoneContainer (OzoneContainer.java:start(344)) - Attempting to start container services.
2022-06-19 13:07:11,906 [EndpointStateMachine task thread for /0.0.0.0:38365 - 0 ] INFO  ozoneimpl.OzoneContainer (OzoneContainer.java:startContainerScrub(279)) - Background container scanner has been disabled.
2022-06-19 13:07:11,939 [EndpointStateMachine task thread for /0.0.0.0:38365 - 0 ] INFO  replication.ReplicationServer (ReplicationServer.java:start(111)) - ReplicationServer is started using port 43363
2022-06-19 13:07:11,942 [EndpointStateMachine task thread for /0.0.0.0:38365 - 0 ] INFO  ratis.XceiverServerRatis (XceiverServerRatis.java:start(481)) - Starting XceiverServerRatis 2b5693b1-1164-40fb-9360-96156af093bf
2022-06-19 13:07:11,946 [EndpointStateMachine task thread for /0.0.0.0:38365 - 0 ] INFO  server.RaftServer (RaftServerProxy.java:lambda$start$6(382)) - 2b5693b1-1164-40fb-9360-96156af093bf: start RPC server
2022-06-19 13:07:11,965 [EndpointStateMachine task thread for /0.0.0.0:38365 - 0 ] INFO  server.GrpcService (GrpcService.java:startImpl(260)) - 2b5693b1-1164-40fb-9360-96156af093bf: GrpcService started, listening on 41151
2022-06-19 13:07:11,973 [EndpointStateMachine task thread for /0.0.0.0:38365 - 0 ] INFO  ratis.XceiverServerRatis (XceiverServerRatis.java:getRealPort(502)) - XceiverServerRatis 2b5693b1-1164-40fb-9360-96156af093bf is started using port 41151 for RATIS
2022-06-19 13:07:11,973 [EndpointStateMachine task thread for /0.0.0.0:38365 - 0 ] INFO  ratis.XceiverServerRatis (XceiverServerRatis.java:getRealPort(502)) - XceiverServerRatis 2b5693b1-1164-40fb-9360-96156af093bf is started using port 41151 for RATIS_ADMIN
2022-06-19 13:07:11,973 [EndpointStateMachine task thread for /0.0.0.0:38365 - 0 ] INFO  ratis.XceiverServerRatis (XceiverServerRatis.java:getRealPort(502)) - XceiverServerRatis 2b5693b1-1164-40fb-9360-96156af093bf is started using port 41151 for RATIS_SERVER
2022-06-19 13:07:11,973 [org.apache.ratis.util.JvmPauseMonitor$$Lambda$627/819749933@511296d2] INFO  util.JvmPauseMonitor (JvmPauseMonitor.java:run(103)) - JvmPauseMonitor-2b5693b1-1164-40fb-9360-96156af093bf: Started
2022-06-19 13:07:12,042 [EndpointStateMachine task thread for /0.0.0.0:38365 - 0 ] INFO  server.XceiverServerGrpc (XceiverServerGrpc.java:start(180)) - XceiverServerGrpc 2b5693b1-1164-40fb-9360-96156af093bf is started using port 43843
2022-06-19 13:07:12,270 [IPC Server handler 17 on default port 38365] INFO  net.NetworkTopologyImpl (NetworkTopologyImpl.java:add(112)) - Added a new node: /default-rack/2d1a6fdd-4e39-4ef3-8151-c6201fbfce8f
2022-06-19 13:07:12,270 [IPC Server handler 17 on default port 38365] INFO  node.SCMNodeManager (SCMNodeManager.java:register(394)) - Registered Data node : 2d1a6fdd-4e39-4ef3-8151-c6201fbfce8f{ip: 10.1.0.4, host: fv-az58-449.32bp4kehjaiexiom31oljkjdjg.cx.internal.cloudapp.net, ports: [REPLICATION=38575, RATIS=41833, RATIS_ADMIN=41833, RATIS_SERVER=41833, STANDALONE=39883], networkLocation: /default-rack, certSerialId: null, persistedOpState: null, persistedOpStateExpiryEpochSec: 0}
2022-06-19 13:07:12,270 [EventQueue-NewNodeForNewNodeHandler] INFO  pipeline.BackgroundPipelineCreator (BackgroundPipelineCreator.java:notifyEventTriggered(272)) - trigger a one-shot run on RatisPipelineUtilsThread.
2022-06-19 13:07:12,271 [EventQueue-NodeRegistrationContainerReportForDataNodeSafeModeRule] INFO  safemode.SCMSafeModeManager (DataNodeSafeModeRule.java:process(71)) - SCM in safe mode. 3 DataNodes registered, 3 required.
2022-06-19 13:07:12,271 [EventQueue-NodeRegistrationContainerReportForDataNodeSafeModeRule] INFO  safemode.SCMSafeModeManager (SCMSafeModeManager.java:validateSafeModeExitRules(204)) - DataNodeSafeModeRule rule is successfully validated
2022-06-19 13:07:12,271 [EventQueue-NodeRegistrationContainerReportForDataNodeSafeModeRule] INFO  safemode.SCMSafeModeManager (SCMSafeModeManager.java:completePreCheck(233)) - All SCM safe mode pre check rules have passed
2022-06-19 13:07:12,271 [EventQueue-NodeRegistrationContainerReportForDataNodeSafeModeRule] WARN  events.EventQueue (EventQueue.java:fireEvent(194)) - No event handler registered for event TypedEvent{payloadType=SafeModeStatus, name='Safe mode status'}
2022-06-19 13:07:12,271 [EventQueue-NodeRegistrationContainerReportForDataNodeSafeModeRule] INFO  ha.SCMContext (SCMContext.java:updateSafeModeStatus(228)) - Update SafeModeStatus from SafeModeStatus{safeModeStatus=true, preCheckPassed=false} to SafeModeStatus{safeModeStatus=true, preCheckPassed=true}.
2022-06-19 13:07:12,271 [EventQueue-NodeRegistrationContainerReportForDataNodeSafeModeRule] INFO  pipeline.BackgroundPipelineCreator (BackgroundPipelineCreator.java:notifyEventTriggered(272)) - trigger a one-shot run on RatisPipelineUtilsThread.
2022-06-19 13:07:12,271 [RatisPipelineUtilsThread - 0] INFO  pipeline.RatisPipelineProvider (RatisPipelineProvider.java:lambda$create$0(195)) - Sending CreatePipelineCommand for pipeline:PipelineID=86862338-e6f1-4eba-a44f-098da23ec055 to datanode:2d1a6fdd-4e39-4ef3-8151-c6201fbfce8f
2022-06-19 13:07:12,271 [RatisPipelineUtilsThread - 0] INFO  pipeline.PipelineStateManagerImpl (PipelineStateManagerImpl.java:addPipeline(101)) - Created pipeline Pipeline[ Id: 86862338-e6f1-4eba-a44f-098da23ec055, Nodes: 2d1a6fdd-4e39-4ef3-8151-c6201fbfce8f{ip: 10.1.0.4, host: fv-az58-449.32bp4kehjaiexiom31oljkjdjg.cx.internal.cloudapp.net, ports: [REPLICATION=38575, RATIS=41833, RATIS_ADMIN=41833, RATIS_SERVER=41833, STANDALONE=39883], networkLocation: /default-rack, certSerialId: null, persistedOpState: IN_SERVICE, persistedOpStateExpiryEpochSec: 0}, ReplicationConfig: RATIS/ONE, State:ALLOCATED, leaderId:, CreationTimestamp2022-06-19T13:07:12.271Z[Etc/UTC]].
2022-06-19 13:07:12,272 [RatisPipelineUtilsThread - 0] INFO  pipeline.RatisPipelineProvider (RatisPipelineProvider.java:lambda$create$0(195)) - Sending CreatePipelineCommand for pipeline:PipelineID=e5584b9a-d2d2-4eb6-afa1-e9fccfd5f858 to datanode:f58b4837-0c66-44b2-8a93-771d4ee68852
2022-06-19 13:07:12,272 [RatisPipelineUtilsThread - 0] INFO  pipeline.RatisPipelineProvider (RatisPipelineProvider.java:lambda$create$0(195)) - Sending CreatePipelineCommand for pipeline:PipelineID=e5584b9a-d2d2-4eb6-afa1-e9fccfd5f858 to datanode:d6c668d5-a76d-4631-ba67-9d624f40a963
2022-06-19 13:07:12,272 [RatisPipelineUtilsThread - 0] INFO  pipeline.RatisPipelineProvider (RatisPipelineProvider.java:lambda$create$0(195)) - Sending CreatePipelineCommand for pipeline:PipelineID=e5584b9a-d2d2-4eb6-afa1-e9fccfd5f858 to datanode:2d1a6fdd-4e39-4ef3-8151-c6201fbfce8f
2022-06-19 13:07:12,272 [RatisPipelineUtilsThread - 0] INFO  pipeline.PipelineStateManagerImpl (PipelineStateManagerImpl.java:addPipeline(101)) - Created pipeline Pipeline[ Id: e5584b9a-d2d2-4eb6-afa1-e9fccfd5f858, Nodes: f58b4837-0c66-44b2-8a93-771d4ee68852{ip: 10.1.0.4, host: fv-az58-449.32bp4kehjaiexiom31oljkjdjg.cx.internal.cloudapp.net, ports: [REPLICATION=44251, RATIS=34339, RATIS_ADMIN=34339, RATIS_SERVER=34339, STANDALONE=42885], networkLocation: /default-rack, certSerialId: null, persistedOpState: IN_SERVICE, persistedOpStateExpiryEpochSec: 0}d6c668d5-a76d-4631-ba67-9d624f40a963{ip: 10.1.0.4, host: fv-az58-449.32bp4kehjaiexiom31oljkjdjg.cx.internal.cloudapp.net, ports: [REPLICATION=42975, RATIS=39345, RATIS_ADMIN=39345, RATIS_SERVER=39345, STANDALONE=43997], networkLocation: /default-rack, certSerialId: null, persistedOpState: IN_SERVICE, persistedOpStateExpiryEpochSec: 0}2d1a6fdd-4e39-4ef3-8151-c6201fbfce8f{ip: 10.1.0.4, host: fv-az58-449.32bp4kehjaiexiom31oljkjdjg.cx.internal.cloudapp.net, ports: [REPLICATION=38575, RATIS=41833, RATIS_ADMIN=41833, RATIS_SERVER=41833, STANDALONE=39883], networkLocation: /default-rack, certSerialId: null, persistedOpState: IN_SERVICE, persistedOpStateExpiryEpochSec: 0}, ReplicationConfig: RATIS/THREE, State:ALLOCATED, leaderId:, CreationTimestamp2022-06-19T13:07:12.272Z[Etc/UTC]].
2022-06-19 13:07:12,272 [RatisPipelineUtilsThread - 0] INFO  pipeline.RatisPipelineProvider (RatisPipelineProvider.java:lambda$create$0(195)) - Sending CreatePipelineCommand for pipeline:PipelineID=c18d5809-88fd-4f34-b0e8-4b1326e0106c to datanode:2d1a6fdd-4e39-4ef3-8151-c6201fbfce8f
2022-06-19 13:07:12,272 [RatisPipelineUtilsThread - 0] INFO  pipeline.RatisPipelineProvider (RatisPipelineProvider.java:lambda$create$0(195)) - Sending CreatePipelineCommand for pipeline:PipelineID=c18d5809-88fd-4f34-b0e8-4b1326e0106c to datanode:f58b4837-0c66-44b2-8a93-771d4ee68852
2022-06-19 13:07:12,273 [RatisPipelineUtilsThread - 0] INFO  pipeline.RatisPipelineProvider (RatisPipelineProvider.java:lambda$create$0(195)) - Sending CreatePipelineCommand for pipeline:PipelineID=c18d5809-88fd-4f34-b0e8-4b1326e0106c to datanode:d6c668d5-a76d-4631-ba67-9d624f40a963
2022-06-19 13:07:12,273 [RatisPipelineUtilsThread - 0] INFO  pipeline.PipelineStateManagerImpl (PipelineStateManagerImpl.java:addPipeline(101)) - Created pipeline Pipeline[ Id: c18d5809-88fd-4f34-b0e8-4b1326e0106c, Nodes: 2d1a6fdd-4e39-4ef3-8151-c6201fbfce8f{ip: 10.1.0.4, host: fv-az58-449.32bp4kehjaiexiom31oljkjdjg.cx.internal.cloudapp.net, ports: [REPLICATION=38575, RATIS=41833, RATIS_ADMIN=41833, RATIS_SERVER=41833, STANDALONE=39883], networkLocation: /default-rack, certSerialId: null, persistedOpState: IN_SERVICE, persistedOpStateExpiryEpochSec: 0}f58b4837-0c66-44b2-8a93-771d4ee68852{ip: 10.1.0.4, host: fv-az58-449.32bp4kehjaiexiom31oljkjdjg.cx.internal.cloudapp.net, ports: [REPLICATION=44251, RATIS=34339, RATIS_ADMIN=34339, RATIS_SERVER=34339, STANDALONE=42885], networkLocation: /default-rack, certSerialId: null, persistedOpState: IN_SERVICE, persistedOpStateExpiryEpochSec: 0}d6c668d5-a76d-4631-ba67-9d624f40a963{ip: 10.1.0.4, host: fv-az58-449.32bp4kehjaiexiom31oljkjdjg.cx.internal.cloudapp.net, ports: [REPLICATION=42975, RATIS=39345, RATIS_ADMIN=39345, RATIS_SERVER=39345, STANDALONE=43997], networkLocation: /default-rack, certSerialId: null, persistedOpState: IN_SERVICE, persistedOpStateExpiryEpochSec: 0}, ReplicationConfig: RATIS/THREE, State:ALLOCATED, leaderId:, CreationTimestamp2022-06-19T13:07:12.272Z[Etc/UTC]].
2022-06-19 13:07:12,273 [RatisPipelineUtilsThread - 0] INFO  pipeline.PipelineManagerImpl (PipelineManagerImpl.java:recordMetricsForPipeline(715)) - Pipeline: PipelineID=c18d5809-88fd-4f34-b0e8-4b1326e0106c contains same datanodes as previous pipelines: PipelineID=e5584b9a-d2d2-4eb6-afa1-e9fccfd5f858 nodeIds: 2d1a6fdd-4e39-4ef3-8151-c6201fbfce8f, f58b4837-0c66-44b2-8a93-771d4ee68852, d6c668d5-a76d-4631-ba67-9d624f40a963
2022-06-19 13:07:12,787 [Listener at 127.0.0.1/41441] INFO  ozone.MiniOzoneClusterImpl (MiniOzoneClusterImpl.java:lambda$waitForClusterToBeReady$0(221)) - Waiting for nodes to be ready. Got 3 of 5 DN Heartbeats.
2022-06-19 13:07:12,788 [Listener at 127.0.0.1/41441] INFO  ozone.MiniOzoneClusterImpl (MiniOzoneClusterImpl.java:lambda$waitForClusterToBeReady$0(224)) - Waiting for cluster to exit safe mode
2022-06-19 13:07:12,788 [Listener at 127.0.0.1/41441] INFO  ozone.MiniOzoneClusterImpl (MiniOzoneClusterImpl.java:lambda$waitForClusterToBeReady$0(226)) - SCM became leader
2022-06-19 13:07:12,841 [Command processor thread] INFO  server.RaftServer (RaftServerProxy.java:addNew(96)) - f58b4837-0c66-44b2-8a93-771d4ee68852: addNew group-0D818BC3E93C:[f58b4837-0c66-44b2-8a93-771d4ee68852|rpc:10.1.0.4:34339|priority:1] returns group-0D818BC3E93C:java.util.concurrent.CompletableFuture@74ae1c4e[Not completed]
2022-06-19 13:07:12,886 [pool-532-thread-1] INFO  server.RaftServer$Division (RaftServerImpl.java:<init>(190)) - f58b4837-0c66-44b2-8a93-771d4ee68852: new RaftServerImpl for group-0D818BC3E93C:[f58b4837-0c66-44b2-8a93-771d4ee68852|rpc:10.1.0.4:34339|priority:1] with ContainerStateMachine:uninitialized
2022-06-19 13:07:12,886 [pool-532-thread-1] INFO  server.RaftServerConfigKeys (ConfUtils.java:logGet(46)) - raft.server.rpc.timeout.min = 5s (custom)
2022-06-19 13:07:12,886 [pool-532-thread-1] INFO  server.RaftServerConfigKeys (ConfUtils.java:logGet(46)) - raft.server.rpc.timeout.max = 5200ms (custom)
2022-06-19 13:07:12,886 [pool-532-thread-1] INFO  server.RaftServerConfigKeys (ConfUtils.java:logGet(46)) - raft.server.rpc.sleep.time = 25ms (default)
2022-06-19 13:07:12,886 [pool-532-thread-1] INFO  server.RaftServerConfigKeys (ConfUtils.java:logGet(46)) - raft.server.rpc.slowness.timeout = 300s (custom)
2022-06-19 13:07:12,886 [pool-532-thread-1] INFO  server.RaftServerConfigKeys (ConfUtils.java:logGet(46)) - raft.server.leaderelection.leader.step-down.wait-time = 10s (default)
2022-06-19 13:07:12,886 [pool-532-thread-1] INFO  server.RaftServerConfigKeys (ConfUtils.java:logGet(46)) - raft.server.sleep.deviation.threshold = 300ms (default)
2022-06-19 13:07:12,886 [pool-532-thread-1] INFO  server.RaftServer$Division (ServerState.java:<init>(107)) - f58b4837-0c66-44b2-8a93-771d4ee68852@group-0D818BC3E93C: ConfigurationManager, init=-1: [f58b4837-0c66-44b2-8a93-771d4ee68852|rpc:10.1.0.4:34339|priority:1], old=null, confs=<EMPTY_MAP>
2022-06-19 13:07:12,886 [pool-532-thread-1] INFO  server.RaftServerConfigKeys (ConfUtils.java:logGet(46)) - raft.server.storage.dir = [/home/runner/work/ozone/ozone/hadoop-ozone/integration-test/target/test-dir/MiniOzoneClusterImpl-5e5aab19-8c77-4507-a351-bf1456ba08e7/datanode-0/data/ratis] (custom)
2022-06-19 13:07:12,886 [pool-532-thread-1] INFO  server.RaftServerConfigKeys (ConfUtils.java:logGet(46)) - raft.server.log.corruption.policy = EXCEPTION (default)
2022-06-19 13:07:12,887 [pool-532-thread-1] INFO  server.RaftServerConfigKeys (ConfUtils.java:logGet(46)) - raft.server.storage.free-space.min = 0MB (=0) (default)
2022-06-19 13:07:12,887 [pool-532-thread-1] INFO  storage.RaftStorageDirectory (RaftStorageDirectoryImpl.java:analyzeStorage(135)) - The storage directory /home/runner/work/ozone/ozone/hadoop-ozone/integration-test/target/test-dir/MiniOzoneClusterImpl-5e5aab19-8c77-4507-a351-bf1456ba08e7/datanode-0/data/ratis/61cef501-dc2a-473c-8e1e-0d818bc3e93c does not exist. Creating ...
2022-06-19 13:07:12,894 [pool-532-thread-1] INFO  storage.RaftStorageDirectory (RaftStorageDirectoryImpl.java:tryLock(230)) - Lock on /home/runner/work/ozone/ozone/hadoop-ozone/integration-test/target/test-dir/MiniOzoneClusterImpl-5e5aab19-8c77-4507-a351-bf1456ba08e7/datanode-0/data/ratis/61cef501-dc2a-473c-8e1e-0d818bc3e93c/in_use.lock acquired by nodename 17254@fv-az58-449
2022-06-19 13:07:12,902 [pool-532-thread-1] INFO  storage.RaftStorage (RaftStorageImpl.java:format(89)) - Storage directory /home/runner/work/ozone/ozone/hadoop-ozone/integration-test/target/test-dir/MiniOzoneClusterImpl-5e5aab19-8c77-4507-a351-bf1456ba08e7/datanode-0/data/ratis/61cef501-dc2a-473c-8e1e-0d818bc3e93c has been successfully formatted.
2022-06-19 13:07:12,935 [pool-532-thread-1] INFO  ratis.ContainerStateMachine (ContainerStateMachine.java:loadSnapshot(236)) - group-0D818BC3E93C: The snapshot info is null. Setting the last applied indexto:(t:0, i:~)
2022-06-19 13:07:12,935 [pool-532-thread-1] INFO  server.RaftServerConfigKeys (ConfUtils.java:logGet(46)) - raft.server.notification.no-leader.timeout = 300s (custom)
2022-06-19 13:07:12,935 [pool-532-thread-1] INFO  server.RaftServerConfigKeys (ConfUtils.java:logGet(46)) - raft.server.log.use.memory = false (default)
2022-06-19 13:07:12,936 [pool-532-thread-1] INFO  server.RaftServerConfigKeys (ConfUtils.java:logGet(46)) - raft.server.log.purge.gap = 1000000 (custom)
2022-06-19 13:07:12,936 [pool-532-thread-1] INFO  server.RaftServerConfigKeys (ConfUtils.java:logGet(46)) - raft.server.log.appender.buffer.byte-limit = 33554432 (custom)
2022-06-19 13:07:12,936 [pool-532-thread-1] INFO  server.RaftServerConfigKeys (ConfUtils.java:logGet(46)) - raft.server.log.statemachine.data.read.timeout = 1000ms (default)
2022-06-19 13:07:12,936 [pool-532-thread-1] INFO  server.RaftServerConfigKeys (ConfUtils.java:logGet(46)) - raft.server.log.segment.size.max = 1048576 (custom)
2022-06-19 13:07:12,936 [pool-532-thread-1] INFO  server.RaftServerConfigKeys (ConfUtils.java:logGet(46)) - raft.server.log.segment.cache.num.max = 2 (custom)
2022-06-19 13:07:12,936 [pool-532-thread-1] INFO  server.RaftServerConfigKeys (ConfUtils.java:logGet(46)) - raft.server.log.segment.cache.size.max = 200MB (=209715200) (default)
2022-06-19 13:07:12,936 [pool-532-thread-1] INFO  segmented.SegmentedRaftLogWorker (SegmentedRaftLogWorker.java:<init>(187)) - new f58b4837-0c66-44b2-8a93-771d4ee68852@group-0D818BC3E93C-SegmentedRaftLogWorker for RaftStorageImpl:Storage Directory /home/runner/work/ozone/ozone/hadoop-ozone/integration-test/target/test-dir/MiniOzoneClusterImpl-5e5aab19-8c77-4507-a351-bf1456ba08e7/datanode-0/data/ratis/61cef501-dc2a-473c-8e1e-0d818bc3e93c
2022-06-19 13:07:12,936 [pool-532-thread-1] INFO  server.RaftServerConfigKeys (ConfUtils.java:logGet(46)) - raft.server.log.queue.byte-limit = 4294967296 (custom)
2022-06-19 13:07:12,936 [pool-532-thread-1] INFO  server.RaftServerConfigKeys (ConfUtils.java:logGet(46)) - raft.server.log.queue.element-limit = 1024 (custom)
2022-06-19 13:07:12,936 [pool-532-thread-1] INFO  server.RaftServerConfigKeys (ConfUtils.java:logGet(46)) - raft.server.log.segment.size.max = 1048576 (custom)
2022-06-19 13:07:12,936 [pool-532-thread-1] INFO  server.RaftServerConfigKeys (ConfUtils.java:logGet(46)) - raft.server.log.preallocated.size = 16384 (custom)
2022-06-19 13:07:12,938 [EventQueue-PipelineReportForPipelineReportHandler] INFO  pipeline.PipelineManagerImpl (PipelineManagerImpl.java:openPipeline(356)) - Pipeline Pipeline[ Id: 61cef501-dc2a-473c-8e1e-0d818bc3e93c, Nodes: f58b4837-0c66-44b2-8a93-771d4ee68852{ip: 10.1.0.4, host: fv-az58-449.32bp4kehjaiexiom31oljkjdjg.cx.internal.cloudapp.net, ports: [REPLICATION=44251, RATIS=34339, RATIS_ADMIN=34339, RATIS_SERVER=34339, STANDALONE=42885], networkLocation: /default-rack, certSerialId: null, persistedOpState: IN_SERVICE, persistedOpStateExpiryEpochSec: 0}, ReplicationConfig: RATIS/ONE, State:ALLOCATED, leaderId:f58b4837-0c66-44b2-8a93-771d4ee68852, CreationTimestamp2022-06-19T13:07:09.892Z[Etc/UTC]] moved to OPEN state
2022-06-19 13:07:12,941 [pool-532-thread-1] INFO  server.RaftServerConfigKeys (ConfUtils.java:logGet(46)) - raft.server.log.force.sync.num = 128 (default)
2022-06-19 13:07:12,941 [pool-532-thread-1] INFO  server.RaftServerConfigKeys (ConfUtils.java:logGet(46)) - raft.server.log.statemachine.data.sync = true (default)
2022-06-19 13:07:12,941 [pool-532-thread-1] INFO  server.RaftServerConfigKeys (ConfUtils.java:logGet(46)) - raft.server.log.statemachine.data.sync.timeout = 10s (default)
2022-06-19 13:07:12,941 [pool-532-thread-1] INFO  server.RaftServerConfigKeys (ConfUtils.java:logGet(46)) - raft.server.log.statemachine.data.sync.timeout.retry = -1 (default)
2022-06-19 13:07:12,942 [pool-532-thread-1] INFO  server.RaftServerConfigKeys (ConfUtils.java:logGet(46)) - raft.server.log.write.buffer.size = 1048576 (custom)
2022-06-19 13:07:12,942 [pool-532-thread-1] INFO  server.RaftServerConfigKeys (ConfUtils.java:logGet(46)) - raft.server.log.unsafe-flush.enabled = false (default)
2022-06-19 13:07:12,942 [pool-532-thread-1] INFO  server.RaftServerConfigKeys (ConfUtils.java:logGet(46)) - raft.server.log.statemachine.data.caching.enabled = true (custom)
2022-06-19 13:07:12,942 [pool-532-thread-1] INFO  segmented.SegmentedRaftLogWorker (SegmentedRaftLogWorker.java:lambda$new$0(135)) - f58b4837-0c66-44b2-8a93-771d4ee68852@group-0D818BC3E93C-SegmentedRaftLogWorker: flushIndex: setUnconditionally 0 -> -1
2022-06-19 13:07:12,942 [pool-532-thread-1] INFO  segmented.SegmentedRaftLogWorker (SegmentedRaftLogWorker.java:lambda$new$0(135)) - f58b4837-0c66-44b2-8a93-771d4ee68852@group-0D818BC3E93C-SegmentedRaftLogWorker: safeCacheEvictIndex: setUnconditionally 0 -> -1
2022-06-19 13:07:12,943 [pool-532-thread-1] INFO  server.RaftServerConfigKeys (ConfUtils.java:logGet(46)) - raft.server.snapshot.auto.trigger.enabled = true (custom)
2022-06-19 13:07:12,943 [pool-532-thread-1] INFO  server.RaftServerConfigKeys (ConfUtils.java:logGet(46)) - raft.server.snapshot.auto.trigger.threshold = 10000 (custom)
2022-06-19 13:07:12,943 [pool-532-thread-1] INFO  server.RaftServerConfigKeys (ConfUtils.java:logGet(46)) - raft.server.snapshot.retention.file.num = 5 (custom)
2022-06-19 13:07:12,943 [pool-532-thread-1] INFO  server.RaftServerConfigKeys (ConfUtils.java:logGet(46)) - raft.server.log.purge.upto.snapshot.index = false (default)
2022-06-19 13:07:12,943 [pool-532-thread-1] INFO  server.RaftServerConfigKeys (ConfUtils.java:logGet(46)) - raft.server.retrycache.expirytime = 600000ms (custom)
2022-06-19 13:07:12,943 [pool-532-thread-1] INFO  server.RaftServerConfigKeys (ConfUtils.java:logGet(46)) - raft.server.retrycache.statistics.expirytime = 100μs (default)
2022-06-19 13:07:12,944 [pool-532-thread-1] INFO  server.RaftServerConfigKeys (ConfUtils.java:logGet(46)) - raft.server.log.appender.install.snapshot.enabled = false (custom)
2022-06-19 13:07:12,944 [pool-532-thread-1] INFO  server.RaftServerConfigKeys (ConfUtils.java:logGet(46)) - raft.server.threadpool.server.cached = true (default)
2022-06-19 13:07:12,944 [pool-532-thread-1] INFO  server.RaftServerConfigKeys (ConfUtils.java:logGet(46)) - raft.server.threadpool.server.size = 0 (default)
2022-06-19 13:07:12,944 [pool-532-thread-1] INFO  server.RaftServerConfigKeys (ConfUtils.java:logGet(46)) - raft.server.threadpool.client.cached = true (default)
2022-06-19 13:07:12,944 [pool-532-thread-1] INFO  server.RaftServerConfigKeys (ConfUtils.java:logGet(46)) - raft.server.threadpool.client.size = 0 (default)
2022-06-19 13:07:12,944 [pool-532-thread-1] INFO  server.RaftServer$Division (RaftServerImpl.java:start(310)) - f58b4837-0c66-44b2-8a93-771d4ee68852@group-0D818BC3E93C: start as a follower, conf=-1: [f58b4837-0c66-44b2-8a93-771d4ee68852|rpc:10.1.0.4:34339|priority:1], old=null
2022-06-19 13:07:12,944 [pool-532-thread-1] INFO  server.RaftServer$Division (RaftServerImpl.java:setRole(299)) - f58b4837-0c66-44b2-8a93-771d4ee68852@group-0D818BC3E93C: changes role from      null to FOLLOWER at term 0 for startAsFollower
2022-06-19 13:07:12,945 [pool-532-thread-1] INFO  impl.RoleInfo (RoleInfo.java:updateAndGet(139)) - f58b4837-0c66-44b2-8a93-771d4ee68852: start f58b4837-0c66-44b2-8a93-771d4ee68852@group-0D818BC3E93C-FollowerState
2022-06-19 13:07:12,947 [EndpointStateMachine task thread for /0.0.0.0:38365 - 0 ] INFO  volume.HddsVolume (HddsVolume.java:createDbStore(309)) - SchemaV3 db is created and loaded at /home/runner/work/ozone/ozone/hadoop-ozone/integration-test/target/test-dir/MiniOzoneClusterImpl-5e5aab19-8c77-4507-a351-bf1456ba08e7/datanode-4/data-0/containers/hdds/5e5aab19-8c77-4507-a351-bf1456ba08e7/DS-14e09789-51e6-4fe4-a48f-553f995b94ed/container.db for volume DS-14e09789-51e6-4fe4-a48f-553f995b94ed
2022-06-19 13:07:12,948 [EndpointStateMachine task thread for /0.0.0.0:38365 - 0 ] INFO  volume.HddsVolume (HddsVolume.java:closeDbStore(340)) - SchemaV3 db is stopped at /home/runner/work/ozone/ozone/hadoop-ozone/integration-test/target/test-dir/MiniOzoneClusterImpl-5e5aab19-8c77-4507-a351-bf1456ba08e7/datanode-4/data-0/containers/hdds/5e5aab19-8c77-4507-a351-bf1456ba08e7/DS-14e09789-51e6-4fe4-a48f-553f995b94ed/container.db for volume DS-14e09789-51e6-4fe4-a48f-553f995b94ed
2022-06-19 13:07:12,948 [EndpointStateMachine task thread for /0.0.0.0:38365 - 0 ] INFO  ozoneimpl.OzoneContainer (OzoneContainer.java:start(344)) - Attempting to start container services.
2022-06-19 13:07:12,948 [EndpointStateMachine task thread for /0.0.0.0:38365 - 0 ] INFO  ozoneimpl.OzoneContainer (OzoneContainer.java:startContainerScrub(279)) - Background container scanner has been disabled.
2022-06-19 13:07:12,948 [pool-532-thread-1] INFO  util.JmxRegister (JmxRegister.java:tryRegister(44)) - Successfully registered JMX Bean with object name Ratis:service=RaftServer,group=group-0D818BC3E93C,id=f58b4837-0c66-44b2-8a93-771d4ee68852
2022-06-19 13:07:12,949 [Command processor thread] INFO  ratis.XceiverServerRatis (XceiverServerRatis.java:addGroup(765)) - Created group PipelineID=61cef501-dc2a-473c-8e1e-0d818bc3e93c
2022-06-19 13:07:12,949 [Command processor thread] INFO  commandhandler.CreatePipelineCommandHandler (CreatePipelineCommandHandler.java:handle(113)) - Created Pipeline RATIS ONE PipelineID=61cef501-dc2a-473c-8e1e-0d818bc3e93c.
2022-06-19 13:07:12,949 [Command processor thread] INFO  server.RaftServer (RaftServerProxy.java:addNew(96)) - f58b4837-0c66-44b2-8a93-771d4ee68852: addNew group-E9FCCFD5F858:[f58b4837-0c66-44b2-8a93-771d4ee68852|rpc:10.1.0.4:34339|priority:1, 2d1a6fdd-4e39-4ef3-8151-c6201fbfce8f|rpc:10.1.0.4:41833|priority:0, d6c668d5-a76d-4631-ba67-9d624f40a963|rpc:10.1.0.4:39345|priority:0] returns group-E9FCCFD5F858:java.util.concurrent.CompletableFuture@70919603[Not completed]
2022-06-19 13:07:12,950 [pool-532-thread-1] INFO  server.RaftServer$Division (RaftServerImpl.java:<init>(190)) - f58b4837-0c66-44b2-8a93-771d4ee68852: new RaftServerImpl for group-E9FCCFD5F858:[f58b4837-0c66-44b2-8a93-771d4ee68852|rpc:10.1.0.4:34339|priority:1, 2d1a6fdd-4e39-4ef3-8151-c6201fbfce8f|rpc:10.1.0.4:41833|priority:0, d6c668d5-a76d-4631-ba67-9d624f40a963|rpc:10.1.0.4:39345|priority:0] with ContainerStateMachine:uninitialized
2022-06-19 13:07:12,950 [pool-532-thread-1] INFO  server.RaftServerConfigKeys (ConfUtils.java:logGet(46)) - raft.server.rpc.timeout.min = 5s (custom)
2022-06-19 13:07:12,950 [pool-532-thread-1] INFO  server.RaftServerConfigKeys (ConfUtils.java:logGet(46)) - raft.server.rpc.timeout.max = 5200ms (custom)
2022-06-19 13:07:12,950 [pool-532-thread-1] INFO  server.RaftServerConfigKeys (ConfUtils.java:logGet(46)) - raft.server.rpc.sleep.time = 25ms (default)
2022-06-19 13:07:12,950 [pool-532-thread-1] INFO  server.RaftServerConfigKeys (ConfUtils.java:logGet(46)) - raft.server.rpc.slowness.timeout = 300s (custom)
2022-06-19 13:07:12,950 [pool-532-thread-1] INFO  server.RaftServerConfigKeys (ConfUtils.java:logGet(46)) - raft.server.leaderelection.leader.step-down.wait-time = 10s (default)
2022-06-19 13:07:12,950 [pool-532-thread-1] INFO  server.RaftServerConfigKeys (ConfUtils.java:logGet(46)) - raft.server.sleep.deviation.threshold = 300ms (default)
2022-06-19 13:07:12,950 [pool-532-thread-1] INFO  server.RaftServer$Division (ServerState.java:<init>(107)) - f58b4837-0c66-44b2-8a93-771d4ee68852@group-E9FCCFD5F858: ConfigurationManager, init=-1: [f58b4837-0c66-44b2-8a93-771d4ee68852|rpc:10.1.0.4:34339|priority:1, 2d1a6fdd-4e39-4ef3-8151-c6201fbfce8f|rpc:10.1.0.4:41833|priority:0, d6c668d5-a76d-4631-ba67-9d624f40a963|rpc:10.1.0.4:39345|priority:0], old=null, confs=<EMPTY_MAP>
2022-06-19 13:07:12,950 [pool-532-thread-1] INFO  server.RaftServerConfigKeys (ConfUtils.java:logGet(46)) - raft.server.storage.dir = [/home/runner/work/ozone/ozone/hadoop-ozone/integration-test/target/test-dir/MiniOzoneClusterImpl-5e5aab19-8c77-4507-a351-bf1456ba08e7/datanode-0/data/ratis] (custom)
2022-06-19 13:07:12,950 [pool-532-thread-1] INFO  server.RaftServerConfigKeys (ConfUtils.java:logGet(46)) - raft.server.log.corruption.policy = EXCEPTION (default)
2022-06-19 13:07:12,950 [pool-532-thread-1] INFO  server.RaftServerConfigKeys (ConfUtils.java:logGet(46)) - raft.server.storage.free-space.min = 0MB (=0) (default)
2022-06-19 13:07:12,950 [pool-532-thread-1] INFO  storage.RaftStorageDirectory (RaftStorageDirectoryImpl.java:analyzeStorage(135)) - The storage directory /home/runner/work/ozone/ozone/hadoop-ozone/integration-test/target/test-dir/MiniOzoneClusterImpl-5e5aab19-8c77-4507-a351-bf1456ba08e7/datanode-0/data/ratis/e5584b9a-d2d2-4eb6-afa1-e9fccfd5f858 does not exist. Creating ...
2022-06-19 13:07:12,953 [pool-532-thread-1] INFO  storage.RaftStorageDirectory (RaftStorageDirectoryImpl.java:tryLock(230)) - Lock on /home/runner/work/ozone/ozone/hadoop-ozone/integration-test/target/test-dir/MiniOzoneClusterImpl-5e5aab19-8c77-4507-a351-bf1456ba08e7/datanode-0/data/ratis/e5584b9a-d2d2-4eb6-afa1-e9fccfd5f858/in_use.lock acquired by nodename 17254@fv-az58-449
2022-06-19 13:07:12,958 [pool-532-thread-1] INFO  storage.RaftStorage (RaftStorageImpl.java:format(89)) - Storage directory /home/runner/work/ozone/ozone/hadoop-ozone/integration-test/target/test-dir/MiniOzoneClusterImpl-5e5aab19-8c77-4507-a351-bf1456ba08e7/datanode-0/data/ratis/e5584b9a-d2d2-4eb6-afa1-e9fccfd5f858 has been successfully formatted.
2022-06-19 13:07:12,970 [pool-532-thread-1] INFO  ratis.ContainerStateMachine (ContainerStateMachine.java:loadSnapshot(236)) - group-E9FCCFD5F858: The snapshot info is null. Setting the last applied indexto:(t:0, i:~)
2022-06-19 13:07:12,970 [pool-532-thread-1] INFO  server.RaftServerConfigKeys (ConfUtils.java:logGet(46)) - raft.server.notification.no-leader.timeout = 300s (custom)
2022-06-19 13:07:12,970 [pool-532-thread-1] INFO  server.RaftServerConfigKeys (ConfUtils.java:logGet(46)) - raft.server.log.use.memory = false (default)
2022-06-19 13:07:12,970 [pool-532-thread-1] INFO  server.RaftServerConfigKeys (ConfUtils.java:logGet(46)) - raft.server.log.purge.gap = 1000000 (custom)
2022-06-19 13:07:12,970 [pool-532-thread-1] INFO  server.RaftServerConfigKeys (ConfUtils.java:logGet(46)) - raft.server.log.appender.buffer.byte-limit = 33554432 (custom)
2022-06-19 13:07:12,970 [pool-532-thread-1] INFO  server.RaftServerConfigKeys (ConfUtils.java:logGet(46)) - raft.server.log.statemachine.data.read.timeout = 1000ms (default)
2022-06-19 13:07:12,970 [pool-532-thread-1] INFO  server.RaftServerConfigKeys (ConfUtils.java:logGet(46)) - raft.server.log.segment.size.max = 1048576 (custom)
2022-06-19 13:07:12,971 [pool-532-thread-1] INFO  server.RaftServerConfigKeys (ConfUtils.java:logGet(46)) - raft.server.log.segment.cache.num.max = 2 (custom)
2022-06-19 13:07:12,971 [pool-532-thread-1] INFO  server.RaftServerConfigKeys (ConfUtils.java:logGet(46)) - raft.server.log.segment.cache.size.max = 200MB (=209715200) (default)
2022-06-19 13:07:12,971 [pool-532-thread-1] INFO  segmented.SegmentedRaftLogWorker (SegmentedRaftLogWorker.java:<init>(187)) - new f58b4837-0c66-44b2-8a93-771d4ee68852@group-E9FCCFD5F858-SegmentedRaftLogWorker for RaftStorageImpl:Storage Directory /home/runner/work/ozone/ozone/hadoop-ozone/integration-test/target/test-dir/MiniOzoneClusterImpl-5e5aab19-8c77-4507-a351-bf1456ba08e7/datanode-0/data/ratis/e5584b9a-d2d2-4eb6-afa1-e9fccfd5f858
2022-06-19 13:07:12,971 [pool-532-thread-1] INFO  server.RaftServerConfigKeys (ConfUtils.java:logGet(46)) - raft.server.log.queue.byte-limit = 4294967296 (custom)
2022-06-19 13:07:12,971 [pool-532-thread-1] INFO  server.RaftServerConfigKeys (ConfUtils.java:logGet(46)) - raft.server.log.queue.element-limit = 1024 (custom)
2022-06-19 13:07:12,971 [pool-532-thread-1] INFO  server.RaftServerConfigKeys (ConfUtils.java:logGet(46)) - raft.server.log.segment.size.max = 1048576 (custom)
2022-06-19 13:07:12,971 [pool-532-thread-1] INFO  server.RaftServerConfigKeys (ConfUtils.java:logGet(46)) - raft.server.log.preallocated.size = 16384 (custom)
2022-06-19 13:07:12,971 [pool-532-thread-1] INFO  server.RaftServerConfigKeys (ConfUtils.java:logGet(46)) - raft.server.log.force.sync.num = 128 (default)
2022-06-19 13:07:12,971 [pool-532-thread-1] INFO  server.RaftServerConfigKeys (ConfUtils.java:logGet(46)) - raft.server.log.statemachine.data.sync = true (default)
2022-06-19 13:07:12,971 [pool-532-thread-1] INFO  server.RaftServerConfigKeys (ConfUtils.java:logGet(46)) - raft.server.log.statemachine.data.sync.timeout = 10s (default)
2022-06-19 13:07:12,971 [pool-532-thread-1] INFO  server.RaftServerConfigKeys (ConfUtils.java:logGet(46)) - raft.server.log.statemachine.data.sync.timeout.retry = -1 (default)
2022-06-19 13:07:12,989 [pool-532-thread-1] INFO  server.RaftServerConfigKeys (ConfUtils.java:logGet(46)) - raft.server.log.write.buffer.size = 1048576 (custom)
2022-06-19 13:07:12,990 [pool-532-thread-1] INFO  server.RaftServerConfigKeys (ConfUtils.java:logGet(46)) - raft.server.log.unsafe-flush.enabled = false (default)
2022-06-19 13:07:12,990 [pool-532-thread-1] INFO  server.RaftServerConfigKeys (ConfUtils.java:logGet(46)) - raft.server.log.statemachine.data.caching.enabled = true (custom)
2022-06-19 13:07:12,990 [pool-532-thread-1] INFO  segmented.SegmentedRaftLogWorker (SegmentedRaftLogWorker.java:lambda$new$0(135)) - f58b4837-0c66-44b2-8a93-771d4ee68852@group-E9FCCFD5F858-SegmentedRaftLogWorker: flushIndex: setUnconditionally 0 -> -1
2022-06-19 13:07:12,990 [pool-532-thread-1] INFO  segmented.SegmentedRaftLogWorker (SegmentedRaftLogWorker.java:lambda$new$0(135)) - f58b4837-0c66-44b2-8a93-771d4ee68852@group-E9FCCFD5F858-SegmentedRaftLogWorker: safeCacheEvictIndex: setUnconditionally 0 -> -1
2022-06-19 13:07:13,001 [pool-532-thread-1] INFO  server.RaftServerConfigKeys (ConfUtils.java:logGet(46)) - raft.server.snapshot.auto.trigger.enabled = true (custom)
2022-06-19 13:07:13,001 [pool-532-thread-1] INFO  server.RaftServerConfigKeys (ConfUtils.java:logGet(46)) - raft.server.snapshot.auto.trigger.threshold = 10000 (custom)
2022-06-19 13:07:13,001 [pool-532-thread-1] INFO  server.RaftServerConfigKeys (ConfUtils.java:logGet(46)) - raft.server.snapshot.retention.file.num = 5 (custom)
2022-06-19 13:07:13,001 [pool-532-thread-1] INFO  server.RaftServerConfigKeys (ConfUtils.java:logGet(46)) - raft.server.log.purge.upto.snapshot.index = false (default)
2022-06-19 13:07:13,001 [pool-532-thread-1] INFO  server.RaftServerConfigKeys (ConfUtils.java:logGet(46)) - raft.server.retrycache.expirytime = 600000ms (custom)
2022-06-19 13:07:13,001 [pool-532-thread-1] INFO  server.RaftServerConfigKeys (ConfUtils.java:logGet(46)) - raft.server.retrycache.statistics.expirytime = 100μs (default)
2022-06-19 13:07:13,002 [pool-532-thread-1] INFO  server.RaftServerConfigKeys (ConfUtils.java:logGet(46)) - raft.server.log.appender.install.snapshot.enabled = false (custom)
2022-06-19 13:07:13,002 [pool-532-thread-1] INFO  server.RaftServerConfigKeys (ConfUtils.java:logGet(46)) - raft.server.threadpool.server.cached = true (default)
2022-06-19 13:07:13,002 [pool-532-thread-1] INFO  server.RaftServerConfigKeys (ConfUtils.java:logGet(46)) - raft.server.threadpool.server.size = 0 (default)
2022-06-19 13:07:13,002 [pool-532-thread-1] INFO  server.RaftServerConfigKeys (ConfUtils.java:logGet(46)) - raft.server.threadpool.client.cached = true (default)
2022-06-19 13:07:13,002 [pool-532-thread-1] INFO  server.RaftServerConfigKeys (ConfUtils.java:logGet(46)) - raft.server.threadpool.client.size = 0 (default)
2022-06-19 13:07:13,002 [pool-532-thread-1] INFO  server.RaftServer$Division (RaftServerImpl.java:start(310)) - f58b4837-0c66-44b2-8a93-771d4ee68852@group-E9FCCFD5F858: start as a follower, conf=-1: [f58b4837-0c66-44b2-8a93-771d4ee68852|rpc:10.1.0.4:34339|priority:1, 2d1a6fdd-4e39-4ef3-8151-c6201fbfce8f|rpc:10.1.0.4:41833|priority:0, d6c668d5-a76d-4631-ba67-9d624f40a963|rpc:10.1.0.4:39345|priority:0], old=null
2022-06-19 13:07:13,002 [pool-532-thread-1] INFO  server.RaftServer$Division (RaftServerImpl.java:setRole(299)) - f58b4837-0c66-44b2-8a93-771d4ee68852@group-E9FCCFD5F858: changes role from      null to FOLLOWER at term 0 for startAsFollower
2022-06-19 13:07:13,002 [pool-532-thread-1] INFO  impl.RoleInfo (RoleInfo.java:updateAndGet(139)) - f58b4837-0c66-44b2-8a93-771d4ee68852: start f58b4837-0c66-44b2-8a93-771d4ee68852@group-E9FCCFD5F858-FollowerState
2022-06-19 13:07:13,013 [pool-532-thread-1] INFO  util.JmxRegister (JmxRegister.java:tryRegister(44)) - Successfully registered JMX Bean with object name Ratis:service=RaftServer,group=group-E9FCCFD5F858,id=f58b4837-0c66-44b2-8a93-771d4ee68852
2022-06-19 13:07:13,014 [Command processor thread] INFO  ratis.XceiverServerRatis (XceiverServerRatis.java:addGroup(765)) - Created group PipelineID=e5584b9a-d2d2-4eb6-afa1-e9fccfd5f858
2022-06-19 13:07:13,016 [EventQueue-OpenPipelineForHealthyPipelineSafeModeRule] INFO  safemode.SCMSafeModeManager (HealthyPipelineSafeModeRule.java:process(124)) - SCM in safe mode. Healthy pipelines reported count is 0, required healthy pipeline reported count is 1
2022-06-19 13:07:13,016 [EventQueue-OpenPipelineForHealthyPipelineSafeModeRule] INFO  safemode.SCMSafeModeManager (HealthyPipelineSafeModeRule.java:process(124)) - SCM in safe mode. Healthy pipelines reported count is 0, required healthy pipeline reported count is 1
2022-06-19 13:07:13,041 [EndpointStateMachine task thread for /0.0.0.0:38365 - 0 ] INFO  replication.ReplicationServer (ReplicationServer.java:start(111)) - ReplicationServer is started using port 45653
2022-06-19 13:07:13,042 [EndpointStateMachine task thread for /0.0.0.0:38365 - 0 ] INFO  ratis.XceiverServerRatis (XceiverServerRatis.java:start(481)) - Starting XceiverServerRatis 65c965c6-3530-4780-9baf-ab355d813d9a
2022-06-19 13:07:13,081 [grpc-default-executor-0] INFO  server.RaftServer (RaftServerProxy.java:addNew(96)) - d6c668d5-a76d-4631-ba67-9d624f40a963: addNew group-E9FCCFD5F858:[f58b4837-0c66-44b2-8a93-771d4ee68852|rpc:10.1.0.4:34339|dataStream:|priority:1, 2d1a6fdd-4e39-4ef3-8151-c6201fbfce8f|rpc:10.1.0.4:41833|dataStream:|priority:0, d6c668d5-a76d-4631-ba67-9d624f40a963|rpc:10.1.0.4:39345|dataStream:|priority:0] returns group-E9FCCFD5F858:java.util.concurrent.CompletableFuture@25989600[Not completed]
2022-06-19 13:07:13,082 [pool-555-thread-1] INFO  server.RaftServer$Division (RaftServerImpl.java:<init>(190)) - d6c668d5-a76d-4631-ba67-9d624f40a963: new RaftServerImpl for group-E9FCCFD5F858:[f58b4837-0c66-44b2-8a93-771d4ee68852|rpc:10.1.0.4:34339|dataStream:|priority:1, 2d1a6fdd-4e39-4ef3-8151-c6201fbfce8f|rpc:10.1.0.4:41833|dataStream:|priority:0, d6c668d5-a76d-4631-ba67-9d624f40a963|rpc:10.1.0.4:39345|dataStream:|priority:0] with ContainerStateMachine:uninitialized
2022-06-19 13:07:13,082 [pool-555-thread-1] INFO  server.RaftServerConfigKeys (ConfUtils.java:logGet(46)) - raft.server.rpc.timeout.min = 5s (custom)
2022-06-19 13:07:13,082 [pool-555-thread-1] INFO  server.RaftServerConfigKeys (ConfUtils.java:logGet(46)) - raft.server.rpc.timeout.max = 5200ms (custom)
2022-06-19 13:07:13,082 [pool-555-thread-1] INFO  server.RaftServerConfigKeys (ConfUtils.java:logGet(46)) - raft.server.rpc.sleep.time = 25ms (default)
2022-06-19 13:07:13,082 [pool-555-thread-1] INFO  server.RaftServerConfigKeys (ConfUtils.java:logGet(46)) - raft.server.rpc.slowness.timeout = 300s (custom)
2022-06-19 13:07:13,087 [pool-555-thread-1] INFO  server.RaftServerConfigKeys (ConfUtils.java:logGet(46)) - raft.server.leaderelection.leader.step-down.wait-time = 10s (default)
2022-06-19 13:07:13,087 [pool-555-thread-1] INFO  server.RaftServerConfigKeys (ConfUtils.java:logGet(46)) - raft.server.sleep.deviation.threshold = 300ms (default)
2022-06-19 13:07:13,087 [pool-555-thread-1] INFO  server.RaftServer$Division (ServerState.java:<init>(107)) - d6c668d5-a76d-4631-ba67-9d624f40a963@group-E9FCCFD5F858: ConfigurationManager, init=-1: [f58b4837-0c66-44b2-8a93-771d4ee68852|rpc:10.1.0.4:34339|dataStream:|priority:1, 2d1a6fdd-4e39-4ef3-8151-c6201fbfce8f|rpc:10.1.0.4:41833|dataStream:|priority:0, d6c668d5-a76d-4631-ba67-9d624f40a963|rpc:10.1.0.4:39345|dataStream:|priority:0], old=null, confs=<EMPTY_MAP>
2022-06-19 13:07:13,087 [pool-555-thread-1] INFO  server.RaftServerConfigKeys (ConfUtils.java:logGet(46)) - raft.server.storage.dir = [/home/runner/work/ozone/ozone/hadoop-ozone/integration-test/target/test-dir/MiniOzoneClusterImpl-5e5aab19-8c77-4507-a351-bf1456ba08e7/datanode-1/data/ratis] (custom)
2022-06-19 13:07:13,087 [pool-555-thread-1] INFO  server.RaftServerConfigKeys (ConfUtils.java:logGet(46)) - raft.server.log.corruption.policy = EXCEPTION (default)
2022-06-19 13:07:13,087 [pool-555-thread-1] INFO  server.RaftServerConfigKeys (ConfUtils.java:logGet(46)) - raft.server.storage.free-space.min = 0MB (=0) (default)
2022-06-19 13:07:13,087 [pool-555-thread-1] INFO  storage.RaftStorageDirectory (RaftStorageDirectoryImpl.java:analyzeStorage(135)) - The storage directory /home/runner/work/ozone/ozone/hadoop-ozone/integration-test/target/test-dir/MiniOzoneClusterImpl-5e5aab19-8c77-4507-a351-bf1456ba08e7/datanode-1/data/ratis/e5584b9a-d2d2-4eb6-afa1-e9fccfd5f858 does not exist. Creating ...
2022-06-19 13:07:13,090 [pool-555-thread-1] INFO  storage.RaftStorageDirectory (RaftStorageDirectoryImpl.java:tryLock(230)) - Lock on /home/runner/work/ozone/ozone/hadoop-ozone/integration-test/target/test-dir/MiniOzoneClusterImpl-5e5aab19-8c77-4507-a351-bf1456ba08e7/datanode-1/data/ratis/e5584b9a-d2d2-4eb6-afa1-e9fccfd5f858/in_use.lock acquired by nodename 17254@fv-az58-449
2022-06-19 13:07:13,094 [pool-555-thread-1] INFO  storage.RaftStorage (RaftStorageImpl.java:format(89)) - Storage directory /home/runner/work/ozone/ozone/hadoop-ozone/integration-test/target/test-dir/MiniOzoneClusterImpl-5e5aab19-8c77-4507-a351-bf1456ba08e7/datanode-1/data/ratis/e5584b9a-d2d2-4eb6-afa1-e9fccfd5f858 has been successfully formatted.
2022-06-19 13:07:13,115 [EndpointStateMachine task thread for /0.0.0.0:38365 - 0 ] INFO  server.RaftServer (RaftServerProxy.java:lambda$start$6(382)) - 65c965c6-3530-4780-9baf-ab355d813d9a: start RPC server
2022-06-19 13:07:13,118 [pool-555-thread-1] INFO  ratis.ContainerStateMachine (ContainerStateMachine.java:loadSnapshot(236)) - group-E9FCCFD5F858: The snapshot info is null. Setting the last applied indexto:(t:0, i:~)
2022-06-19 13:07:13,118 [pool-555-thread-1] INFO  server.RaftServerConfigKeys (ConfUtils.java:logGet(46)) - raft.server.notification.no-leader.timeout = 300s (custom)
2022-06-19 13:07:13,118 [pool-555-thread-1] INFO  server.RaftServerConfigKeys (ConfUtils.java:logGet(46)) - raft.server.log.use.memory = false (default)
2022-06-19 13:07:13,119 [pool-555-thread-1] INFO  server.RaftServerConfigKeys (ConfUtils.java:logGet(46)) - raft.server.log.purge.gap = 1000000 (custom)
2022-06-19 13:07:13,119 [pool-555-thread-1] INFO  server.RaftServerConfigKeys (ConfUtils.java:logGet(46)) - raft.server.log.appender.buffer.byte-limit = 33554432 (custom)
2022-06-19 13:07:13,119 [pool-555-thread-1] INFO  server.RaftServerConfigKeys (ConfUtils.java:logGet(46)) - raft.server.log.statemachine.data.read.timeout = 1000ms (default)
2022-06-19 13:07:13,119 [pool-555-thread-1] INFO  server.RaftServerConfigKeys (ConfUtils.java:logGet(46)) - raft.server.log.segment.size.max = 1048576 (custom)
2022-06-19 13:07:13,119 [pool-555-thread-1] INFO  server.RaftServerConfigKeys (ConfUtils.java:logGet(46)) - raft.server.log.segment.cache.num.max = 2 (custom)
2022-06-19 13:07:13,119 [pool-555-thread-1] INFO  server.RaftServerConfigKeys (ConfUtils.java:logGet(46)) - raft.server.log.segment.cache.size.max = 200MB (=209715200) (default)
2022-06-19 13:07:13,119 [pool-555-thread-1] INFO  segmented.SegmentedRaftLogWorker (SegmentedRaftLogWorker.java:<init>(187)) - new d6c668d5-a76d-4631-ba67-9d624f40a963@group-E9FCCFD5F858-SegmentedRaftLogWorker for RaftStorageImpl:Storage Directory /home/runner/work/ozone/ozone/hadoop-ozone/integration-test/target/test-dir/MiniOzoneClusterImpl-5e5aab19-8c77-4507-a351-bf1456ba08e7/datanode-1/data/ratis/e5584b9a-d2d2-4eb6-afa1-e9fccfd5f858
2022-06-19 13:07:13,119 [pool-555-thread-1] INFO  server.RaftServerConfigKeys (ConfUtils.java:logGet(46)) - raft.server.log.queue.byte-limit = 4294967296 (custom)
2022-06-19 13:07:13,119 [pool-555-thread-1] INFO  server.RaftServerConfigKeys (ConfUtils.java:logGet(46)) - raft.server.log.queue.element-limit = 1024 (custom)
2022-06-19 13:07:13,119 [pool-555-thread-1] INFO  server.RaftServerConfigKeys (ConfUtils.java:logGet(46)) - raft.server.log.segment.size.max = 1048576 (custom)
2022-06-19 13:07:13,119 [pool-555-thread-1] INFO  server.RaftServerConfigKeys (ConfUtils.java:logGet(46)) - raft.server.log.preallocated.size = 16384 (custom)
2022-06-19 13:07:13,119 [pool-555-thread-1] INFO  server.RaftServerConfigKeys (ConfUtils.java:logGet(46)) - raft.server.log.force.sync.num = 128 (default)
2022-06-19 13:07:13,119 [pool-555-thread-1] INFO  server.RaftServerConfigKeys (ConfUtils.java:logGet(46)) - raft.server.log.statemachine.data.sync = true (default)
2022-06-19 13:07:13,119 [pool-555-thread-1] INFO  server.RaftServerConfigKeys (ConfUtils.java:logGet(46)) - raft.server.log.statemachine.data.sync.timeout = 10s (default)
2022-06-19 13:07:13,119 [pool-555-thread-1] INFO  server.RaftServerConfigKeys (ConfUtils.java:logGet(46)) - raft.server.log.statemachine.data.sync.timeout.retry = -1 (default)
2022-06-19 13:07:13,120 [pool-555-thread-1] INFO  server.RaftServerConfigKeys (ConfUtils.java:logGet(46)) - raft.server.log.write.buffer.size = 1048576 (custom)
2022-06-19 13:07:13,120 [pool-555-thread-1] INFO  server.RaftServerConfigKeys (ConfUtils.java:logGet(46)) - raft.server.log.unsafe-flush.enabled = false (default)
2022-06-19 13:07:13,120 [pool-555-thread-1] INFO  server.RaftServerConfigKeys (ConfUtils.java:logGet(46)) - raft.server.log.statemachine.data.caching.enabled = true (custom)
2022-06-19 13:07:13,121 [pool-555-thread-1] INFO  segmented.SegmentedRaftLogWorker (SegmentedRaftLogWorker.java:lambda$new$0(135)) - d6c668d5-a76d-4631-ba67-9d624f40a963@group-E9FCCFD5F858-SegmentedRaftLogWorker: flushIndex: setUnconditionally 0 -> -1
2022-06-19 13:07:13,121 [pool-555-thread-1] INFO  segmented.SegmentedRaftLogWorker (SegmentedRaftLogWorker.java:lambda$new$0(135)) - d6c668d5-a76d-4631-ba67-9d624f40a963@group-E9FCCFD5F858-SegmentedRaftLogWorker: safeCacheEvictIndex: setUnconditionally 0 -> -1
2022-06-19 13:07:13,121 [pool-555-thread-1] INFO  server.RaftServerConfigKeys (ConfUtils.java:logGet(46)) - raft.server.snapshot.auto.trigger.enabled = true (custom)
2022-06-19 13:07:13,121 [pool-555-thread-1] INFO  server.RaftServerConfigKeys (ConfUtils.java:logGet(46)) - raft.server.snapshot.auto.trigger.threshold = 10000 (custom)
2022-06-19 13:07:13,121 [pool-555-thread-1] INFO  server.RaftServerConfigKeys (ConfUtils.java:logGet(46)) - raft.server.snapshot.retention.file.num = 5 (custom)
2022-06-19 13:07:13,121 [pool-555-thread-1] INFO  server.RaftServerConfigKeys (ConfUtils.java:logGet(46)) - raft.server.log.purge.upto.snapshot.index = false (default)
2022-06-19 13:07:13,121 [pool-555-thread-1] INFO  server.RaftServerConfigKeys (ConfUtils.java:logGet(46)) - raft.server.retrycache.expirytime = 600000ms (custom)
2022-06-19 13:07:13,121 [pool-555-thread-1] INFO  server.RaftServerConfigKeys (ConfUtils.java:logGet(46)) - raft.server.retrycache.statistics.expirytime = 100μs (default)
2022-06-19 13:07:13,123 [pool-555-thread-1] INFO  server.RaftServerConfigKeys (ConfUtils.java:logGet(46)) - raft.server.log.appender.install.snapshot.enabled = false (custom)
2022-06-19 13:07:13,123 [pool-555-thread-1] INFO  server.RaftServerConfigKeys (ConfUtils.java:logGet(46)) - raft.server.threadpool.server.cached = true (default)
2022-06-19 13:07:13,123 [pool-555-thread-1] INFO  server.RaftServerConfigKeys (ConfUtils.java:logGet(46)) - raft.server.threadpool.server.size = 0 (default)
2022-06-19 13:07:13,123 [pool-555-thread-1] INFO  server.RaftServerConfigKeys (ConfUtils.java:logGet(46)) - raft.server.threadpool.client.cached = true (default)
2022-06-19 13:07:13,123 [pool-555-thread-1] INFO  server.RaftServerConfigKeys (ConfUtils.java:logGet(46)) - raft.server.threadpool.client.size = 0 (default)
2022-06-19 13:07:13,123 [pool-555-thread-1] INFO  server.RaftServer$Division (RaftServerImpl.java:start(310)) - d6c668d5-a76d-4631-ba67-9d624f40a963@group-E9FCCFD5F858: start as a follower, conf=-1: [f58b4837-0c66-44b2-8a93-771d4ee68852|rpc:10.1.0.4:34339|dataStream:|priority:1, 2d1a6fdd-4e39-4ef3-8151-c6201fbfce8f|rpc:10.1.0.4:41833|dataStream:|priority:0, d6c668d5-a76d-4631-ba67-9d624f40a963|rpc:10.1.0.4:39345|dataStream:|priority:0], old=null
2022-06-19 13:07:13,123 [pool-555-thread-1] INFO  server.RaftServer$Division (RaftServerImpl.java:setRole(299)) - d6c668d5-a76d-4631-ba67-9d624f40a963@group-E9FCCFD5F858: changes role from      null to FOLLOWER at term 0 for startAsFollower
2022-06-19 13:07:13,123 [pool-555-thread-1] INFO  impl.RoleInfo (RoleInfo.java:updateAndGet(139)) - d6c668d5-a76d-4631-ba67-9d624f40a963: start d6c668d5-a76d-4631-ba67-9d624f40a963@group-E9FCCFD5F858-FollowerState
2022-06-19 13:07:13,123 [pool-555-thread-1] INFO  util.JmxRegister (JmxRegister.java:tryRegister(44)) - Successfully registered JMX Bean with object name Ratis:service=RaftServer,group=group-E9FCCFD5F858,id=d6c668d5-a76d-4631-ba67-9d624f40a963
2022-06-19 13:07:13,157 [EndpointStateMachine task thread for /0.0.0.0:38365 - 0 ] INFO  server.GrpcService (GrpcService.java:startImpl(260)) - 65c965c6-3530-4780-9baf-ab355d813d9a: GrpcService started, listening on 43667
2022-06-19 13:07:13,161 [EndpointStateMachine task thread for /0.0.0.0:38365 - 0 ] INFO  ratis.XceiverServerRatis (XceiverServerRatis.java:getRealPort(502)) - XceiverServerRatis 65c965c6-3530-4780-9baf-ab355d813d9a is started using port 43667 for RATIS
2022-06-19 13:07:13,161 [EndpointStateMachine task thread for /0.0.0.0:38365 - 0 ] INFO  ratis.XceiverServerRatis (XceiverServerRatis.java:getRealPort(502)) - XceiverServerRatis 65c965c6-3530-4780-9baf-ab355d813d9a is started using port 43667 for RATIS_ADMIN
2022-06-19 13:07:13,161 [EndpointStateMachine task thread for /0.0.0.0:38365 - 0 ] INFO  ratis.XceiverServerRatis (XceiverServerRatis.java:getRealPort(502)) - XceiverServerRatis 65c965c6-3530-4780-9baf-ab355d813d9a is started using port 43667 for RATIS_SERVER
2022-06-19 13:07:13,161 [org.apache.ratis.util.JvmPauseMonitor$$Lambda$627/819749933@77277474] INFO  util.JvmPauseMonitor (JvmPauseMonitor.java:run(103)) - JvmPauseMonitor-65c965c6-3530-4780-9baf-ab355d813d9a: Started
2022-06-19 13:07:13,258 [EndpointStateMachine task thread for /0.0.0.0:38365 - 0 ] INFO  server.XceiverServerGrpc (XceiverServerGrpc.java:start(180)) - XceiverServerGrpc 65c965c6-3530-4780-9baf-ab355d813d9a is started using port 40859
2022-06-19 13:07:13,282 [grpc-default-executor-0] INFO  server.RaftServer (RaftServerProxy.java:addNew(96)) - 2d1a6fdd-4e39-4ef3-8151-c6201fbfce8f: addNew group-E9FCCFD5F858:[f58b4837-0c66-44b2-8a93-771d4ee68852|rpc:10.1.0.4:34339|dataStream:|priority:1, 2d1a6fdd-4e39-4ef3-8151-c6201fbfce8f|rpc:10.1.0.4:41833|dataStream:|priority:0, d6c668d5-a76d-4631-ba67-9d624f40a963|rpc:10.1.0.4:39345|dataStream:|priority:0] returns group-E9FCCFD5F858:java.util.concurrent.CompletableFuture@6f48e094[Not completed]
2022-06-19 13:07:13,301 [pool-578-thread-1] INFO  server.RaftServer$Division (RaftServerImpl.java:<init>(190)) - 2d1a6fdd-4e39-4ef3-8151-c6201fbfce8f: new RaftServerImpl for group-E9FCCFD5F858:[f58b4837-0c66-44b2-8a93-771d4ee68852|rpc:10.1.0.4:34339|dataStream:|priority:1, 2d1a6fdd-4e39-4ef3-8151-c6201fbfce8f|rpc:10.1.0.4:41833|dataStream:|priority:0, d6c668d5-a76d-4631-ba67-9d624f40a963|rpc:10.1.0.4:39345|dataStream:|priority:0] with ContainerStateMachine:uninitialized
2022-06-19 13:07:13,303 [pool-578-thread-1] INFO  server.RaftServerConfigKeys (ConfUtils.java:logGet(46)) - raft.server.rpc.timeout.min = 5s (custom)
2022-06-19 13:07:13,303 [pool-578-thread-1] INFO  server.RaftServerConfigKeys (ConfUtils.java:logGet(46)) - raft.server.rpc.timeout.max = 5200ms (custom)
2022-06-19 13:07:13,303 [pool-578-thread-1] INFO  server.RaftServerConfigKeys (ConfUtils.java:logGet(46)) - raft.server.rpc.sleep.time = 25ms (default)
2022-06-19 13:07:13,303 [pool-578-thread-1] INFO  server.RaftServerConfigKeys (ConfUtils.java:logGet(46)) - raft.server.rpc.slowness.timeout = 300s (custom)
2022-06-19 13:07:13,303 [pool-578-thread-1] INFO  server.RaftServerConfigKeys (ConfUtils.java:logGet(46)) - raft.server.leaderelection.leader.step-down.wait-time = 10s (default)
2022-06-19 13:07:13,304 [pool-578-thread-1] INFO  server.RaftServerConfigKeys (ConfUtils.java:logGet(46)) - raft.server.sleep.deviation.threshold = 300ms (default)
2022-06-19 13:07:13,304 [pool-578-thread-1] INFO  server.RaftServer$Division (ServerState.java:<init>(107)) - 2d1a6fdd-4e39-4ef3-8151-c6201fbfce8f@group-E9FCCFD5F858: ConfigurationManager, init=-1: [f58b4837-0c66-44b2-8a93-771d4ee68852|rpc:10.1.0.4:34339|dataStream:|priority:1, 2d1a6fdd-4e39-4ef3-8151-c6201fbfce8f|rpc:10.1.0.4:41833|dataStream:|priority:0, d6c668d5-a76d-4631-ba67-9d624f40a963|rpc:10.1.0.4:39345|dataStream:|priority:0], old=null, confs=<EMPTY_MAP>
2022-06-19 13:07:13,304 [pool-578-thread-1] INFO  server.RaftServerConfigKeys (ConfUtils.java:logGet(46)) - raft.server.storage.dir = [/home/runner/work/ozone/ozone/hadoop-ozone/integration-test/target/test-dir/MiniOzoneClusterImpl-5e5aab19-8c77-4507-a351-bf1456ba08e7/datanode-2/data/ratis] (custom)
2022-06-19 13:07:13,304 [pool-578-thread-1] INFO  server.RaftServerConfigKeys (ConfUtils.java:logGet(46)) - raft.server.log.corruption.policy = EXCEPTION (default)
2022-06-19 13:07:13,304 [pool-578-thread-1] INFO  server.RaftServerConfigKeys (ConfUtils.java:logGet(46)) - raft.server.storage.free-space.min = 0MB (=0) (default)
2022-06-19 13:07:13,304 [pool-578-thread-1] INFO  storage.RaftStorageDirectory (RaftStorageDirectoryImpl.java:analyzeStorage(135)) - The storage directory /home/runner/work/ozone/ozone/hadoop-ozone/integration-test/target/test-dir/MiniOzoneClusterImpl-5e5aab19-8c77-4507-a351-bf1456ba08e7/datanode-2/data/ratis/e5584b9a-d2d2-4eb6-afa1-e9fccfd5f858 does not exist. Creating ...
2022-06-19 13:07:13,307 [pool-578-thread-1] INFO  storage.RaftStorageDirectory (RaftStorageDirectoryImpl.java:tryLock(230)) - Lock on /home/runner/work/ozone/ozone/hadoop-ozone/integration-test/target/test-dir/MiniOzoneClusterImpl-5e5aab19-8c77-4507-a351-bf1456ba08e7/datanode-2/data/ratis/e5584b9a-d2d2-4eb6-afa1-e9fccfd5f858/in_use.lock acquired by nodename 17254@fv-az58-449
2022-06-19 13:07:13,314 [pool-578-thread-1] INFO  storage.RaftStorage (RaftStorageImpl.java:format(89)) - Storage directory /home/runner/work/ozone/ozone/hadoop-ozone/integration-test/target/test-dir/MiniOzoneClusterImpl-5e5aab19-8c77-4507-a351-bf1456ba08e7/datanode-2/data/ratis/e5584b9a-d2d2-4eb6-afa1-e9fccfd5f858 has been successfully formatted.
2022-06-19 13:07:13,333 [pool-578-thread-1] INFO  ratis.ContainerStateMachine (ContainerStateMachine.java:loadSnapshot(236)) - group-E9FCCFD5F858: The snapshot info is null. Setting the last applied indexto:(t:0, i:~)
2022-06-19 13:07:13,333 [pool-578-thread-1] INFO  server.RaftServerConfigKeys (ConfUtils.java:logGet(46)) - raft.server.notification.no-leader.timeout = 300s (custom)
2022-06-19 13:07:13,333 [pool-578-thread-1] INFO  server.RaftServerConfigKeys (ConfUtils.java:logGet(46)) - raft.server.log.use.memory = false (default)
2022-06-19 13:07:13,333 [pool-578-thread-1] INFO  server.RaftServerConfigKeys (ConfUtils.java:logGet(46)) - raft.server.log.purge.gap = 1000000 (custom)
2022-06-19 13:07:13,333 [pool-578-thread-1] INFO  server.RaftServerConfigKeys (ConfUtils.java:logGet(46)) - raft.server.log.appender.buffer.byte-limit = 33554432 (custom)
2022-06-19 13:07:13,333 [pool-578-thread-1] INFO  server.RaftServerConfigKeys (ConfUtils.java:logGet(46)) - raft.server.log.statemachine.data.read.timeout = 1000ms (default)
2022-06-19 13:07:13,334 [pool-578-thread-1] INFO  server.RaftServerConfigKeys (ConfUtils.java:logGet(46)) - raft.server.log.segment.size.max = 1048576 (custom)
2022-06-19 13:07:13,336 [pool-578-thread-1] INFO  server.RaftServerConfigKeys (ConfUtils.java:logGet(46)) - raft.server.log.segment.cache.num.max = 2 (custom)
2022-06-19 13:07:13,336 [pool-578-thread-1] INFO  server.RaftServerConfigKeys (ConfUtils.java:logGet(46)) - raft.server.log.segment.cache.size.max = 200MB (=209715200) (default)
2022-06-19 13:07:13,336 [pool-578-thread-1] INFO  segmented.SegmentedRaftLogWorker (SegmentedRaftLogWorker.java:<init>(187)) - new 2d1a6fdd-4e39-4ef3-8151-c6201fbfce8f@group-E9FCCFD5F858-SegmentedRaftLogWorker for RaftStorageImpl:Storage Directory /home/runner/work/ozone/ozone/hadoop-ozone/integration-test/target/test-dir/MiniOzoneClusterImpl-5e5aab19-8c77-4507-a351-bf1456ba08e7/datanode-2/data/ratis/e5584b9a-d2d2-4eb6-afa1-e9fccfd5f858
2022-06-19 13:07:13,336 [pool-578-thread-1] INFO  server.RaftServerConfigKeys (ConfUtils.java:logGet(46)) - raft.server.log.queue.byte-limit = 4294967296 (custom)
2022-06-19 13:07:13,336 [pool-578-thread-1] INFO  server.RaftServerConfigKeys (ConfUtils.java:logGet(46)) - raft.server.log.queue.element-limit = 1024 (custom)
2022-06-19 13:07:13,336 [pool-578-thread-1] INFO  server.RaftServerConfigKeys (ConfUtils.java:logGet(46)) - raft.server.log.segment.size.max = 1048576 (custom)
2022-06-19 13:07:13,337 [pool-578-thread-1] INFO  server.RaftServerConfigKeys (ConfUtils.java:logGet(46)) - raft.server.log.preallocated.size = 16384 (custom)
2022-06-19 13:07:13,337 [pool-578-thread-1] INFO  server.RaftServerConfigKeys (ConfUtils.java:logGet(46)) - raft.server.log.force.sync.num = 128 (default)
2022-06-19 13:07:13,337 [pool-578-thread-1] INFO  server.RaftServerConfigKeys (ConfUtils.java:logGet(46)) - raft.server.log.statemachine.data.sync = true (default)
2022-06-19 13:07:13,337 [pool-578-thread-1] INFO  server.RaftServerConfigKeys (ConfUtils.java:logGet(46)) - raft.server.log.statemachine.data.sync.timeout = 10s (default)
2022-06-19 13:07:13,337 [pool-578-thread-1] INFO  server.RaftServerConfigKeys (ConfUtils.java:logGet(46)) - raft.server.log.statemachine.data.sync.timeout.retry = -1 (default)
2022-06-19 13:07:13,338 [pool-578-thread-1] INFO  server.RaftServerConfigKeys (ConfUtils.java:logGet(46)) - raft.server.log.write.buffer.size = 1048576 (custom)
2022-06-19 13:07:13,339 [pool-578-thread-1] INFO  server.RaftServerConfigKeys (ConfUtils.java:logGet(46)) - raft.server.log.unsafe-flush.enabled = false (default)
2022-06-19 13:07:13,339 [pool-578-thread-1] INFO  server.RaftServerConfigKeys (ConfUtils.java:logGet(46)) - raft.server.log.statemachine.data.caching.enabled = true (custom)
2022-06-19 13:07:13,339 [pool-578-thread-1] INFO  segmented.SegmentedRaftLogWorker (SegmentedRaftLogWorker.java:lambda$new$0(135)) - 2d1a6fdd-4e39-4ef3-8151-c6201fbfce8f@group-E9FCCFD5F858-SegmentedRaftLogWorker: flushIndex: setUnconditionally 0 -> -1
2022-06-19 13:07:13,339 [pool-578-thread-1] INFO  segmented.SegmentedRaftLogWorker (SegmentedRaftLogWorker.java:lambda$new$0(135)) - 2d1a6fdd-4e39-4ef3-8151-c6201fbfce8f@group-E9FCCFD5F858-SegmentedRaftLogWorker: safeCacheEvictIndex: setUnconditionally 0 -> -1
2022-06-19 13:07:13,341 [pool-578-thread-1] INFO  server.RaftServerConfigKeys (ConfUtils.java:logGet(46)) - raft.server.snapshot.auto.trigger.enabled = true (custom)
2022-06-19 13:07:13,341 [pool-578-thread-1] INFO  server.RaftServerConfigKeys (ConfUtils.java:logGet(46)) - raft.server.snapshot.auto.trigger.threshold = 10000 (custom)
2022-06-19 13:07:13,342 [pool-578-thread-1] INFO  server.RaftServerConfigKeys (ConfUtils.java:logGet(46)) - raft.server.snapshot.retention.file.num = 5 (custom)
2022-06-19 13:07:13,342 [pool-578-thread-1] INFO  server.RaftServerConfigKeys (ConfUtils.java:logGet(46)) - raft.server.log.purge.upto.snapshot.index = false (default)
2022-06-19 13:07:13,342 [pool-578-thread-1] INFO  server.RaftServerConfigKeys (ConfUtils.java:logGet(46)) - raft.server.retrycache.expirytime = 600000ms (custom)
2022-06-19 13:07:13,342 [pool-578-thread-1] INFO  server.RaftServerConfigKeys (ConfUtils.java:logGet(46)) - raft.server.retrycache.statistics.expirytime = 100μs (default)
2022-06-19 13:07:13,343 [pool-578-thread-1] INFO  server.RaftServerConfigKeys (ConfUtils.java:logGet(46)) - raft.server.log.appender.install.snapshot.enabled = false (custom)
2022-06-19 13:07:13,343 [pool-578-thread-1] INFO  server.RaftServerConfigKeys (ConfUtils.java:logGet(46)) - raft.server.threadpool.server.cached = true (default)
2022-06-19 13:07:13,343 [pool-578-thread-1] INFO  server.RaftServerConfigKeys (ConfUtils.java:logGet(46)) - raft.server.threadpool.server.size = 0 (default)
2022-06-19 13:07:13,343 [pool-578-thread-1] INFO  server.RaftServerConfigKeys (ConfUtils.java:logGet(46)) - raft.server.threadpool.client.cached = true (default)
2022-06-19 13:07:13,343 [pool-578-thread-1] INFO  server.RaftServerConfigKeys (ConfUtils.java:logGet(46)) - raft.server.threadpool.client.size = 0 (default)
2022-06-19 13:07:13,343 [pool-578-thread-1] INFO  server.RaftServer$Division (RaftServerImpl.java:start(310)) - 2d1a6fdd-4e39-4ef3-8151-c6201fbfce8f@group-E9FCCFD5F858: start as a follower, conf=-1: [f58b4837-0c66-44b2-8a93-771d4ee68852|rpc:10.1.0.4:34339|dataStream:|priority:1, 2d1a6fdd-4e39-4ef3-8151-c6201fbfce8f|rpc:10.1.0.4:41833|dataStream:|priority:0, d6c668d5-a76d-4631-ba67-9d624f40a963|rpc:10.1.0.4:39345|dataStream:|priority:0], old=null
2022-06-19 13:07:13,343 [pool-578-thread-1] INFO  server.RaftServer$Division (RaftServerImpl.java:setRole(299)) - 2d1a6fdd-4e39-4ef3-8151-c6201fbfce8f@group-E9FCCFD5F858: changes role from      null to FOLLOWER at term 0 for startAsFollower
2022-06-19 13:07:13,343 [pool-578-thread-1] INFO  impl.RoleInfo (RoleInfo.java:updateAndGet(139)) - 2d1a6fdd-4e39-4ef3-8151-c6201fbfce8f: start 2d1a6fdd-4e39-4ef3-8151-c6201fbfce8f@group-E9FCCFD5F858-FollowerState
2022-06-19 13:07:13,351 [pool-578-thread-1] INFO  util.JmxRegister (JmxRegister.java:tryRegister(44)) - Successfully registered JMX Bean with object name Ratis:service=RaftServer,group=group-E9FCCFD5F858,id=2d1a6fdd-4e39-4ef3-8151-c6201fbfce8f
2022-06-19 13:07:13,372 [Command processor thread] INFO  commandhandler.CreatePipelineCommandHandler (CreatePipelineCommandHandler.java:handle(113)) - Created Pipeline RATIS THREE PipelineID=e5584b9a-d2d2-4eb6-afa1-e9fccfd5f858.
2022-06-19 13:07:13,372 [Command processor thread] INFO  server.RaftServer (RaftServerProxy.java:addNew(96)) - f58b4837-0c66-44b2-8a93-771d4ee68852: addNew group-4B1326E0106C:[f58b4837-0c66-44b2-8a93-771d4ee68852|rpc:10.1.0.4:34339|priority:0, 2d1a6fdd-4e39-4ef3-8151-c6201fbfce8f|rpc:10.1.0.4:41833|priority:0, d6c668d5-a76d-4631-ba67-9d624f40a963|rpc:10.1.0.4:39345|priority:1] returns group-4B1326E0106C:java.util.concurrent.CompletableFuture@1c714a0e[Not completed]
2022-06-19 13:07:13,372 [pool-532-thread-1] INFO  server.RaftServer$Division (RaftServerImpl.java:<init>(190)) - f58b4837-0c66-44b2-8a93-771d4ee68852: new RaftServerImpl for group-4B1326E0106C:[f58b4837-0c66-44b2-8a93-771d4ee68852|rpc:10.1.0.4:34339|priority:0, 2d1a6fdd-4e39-4ef3-8151-c6201fbfce8f|rpc:10.1.0.4:41833|priority:0, d6c668d5-a76d-4631-ba67-9d624f40a963|rpc:10.1.0.4:39345|priority:1] with ContainerStateMachine:uninitialized
2022-06-19 13:07:13,373 [pool-532-thread-1] INFO  server.RaftServerConfigKeys (ConfUtils.java:logGet(46)) - raft.server.rpc.timeout.min = 5s (custom)
2022-06-19 13:07:13,373 [pool-532-thread-1] INFO  server.RaftServerConfigKeys (ConfUtils.java:logGet(46)) - raft.server.rpc.timeout.max = 5200ms (custom)
2022-06-19 13:07:13,373 [pool-532-thread-1] INFO  server.RaftServerConfigKeys (ConfUtils.java:logGet(46)) - raft.server.rpc.sleep.time = 25ms (default)
2022-06-19 13:07:13,373 [pool-532-thread-1] INFO  server.RaftServerConfigKeys (ConfUtils.java:logGet(46)) - raft.server.rpc.slowness.timeout = 300s (custom)
2022-06-19 13:07:13,373 [pool-532-thread-1] INFO  server.RaftServerConfigKeys (ConfUtils.java:logGet(46)) - raft.server.leaderelection.leader.step-down.wait-time = 10s (default)
2022-06-19 13:07:13,373 [pool-532-thread-1] INFO  server.RaftServerConfigKeys (ConfUtils.java:logGet(46)) - raft.server.sleep.deviation.threshold = 300ms (default)
2022-06-19 13:07:13,373 [pool-532-thread-1] INFO  server.RaftServer$Division (ServerState.java:<init>(107)) - f58b4837-0c66-44b2-8a93-771d4ee68852@group-4B1326E0106C: ConfigurationManager, init=-1: [f58b4837-0c66-44b2-8a93-771d4ee68852|rpc:10.1.0.4:34339|priority:0, 2d1a6fdd-4e39-4ef3-8151-c6201fbfce8f|rpc:10.1.0.4:41833|priority:0, d6c668d5-a76d-4631-ba67-9d624f40a963|rpc:10.1.0.4:39345|priority:1], old=null, confs=<EMPTY_MAP>
2022-06-19 13:07:13,373 [pool-532-thread-1] INFO  server.RaftServerConfigKeys (ConfUtils.java:logGet(46)) - raft.server.storage.dir = [/home/runner/work/ozone/ozone/hadoop-ozone/integration-test/target/test-dir/MiniOzoneClusterImpl-5e5aab19-8c77-4507-a351-bf1456ba08e7/datanode-0/data/ratis] (custom)
2022-06-19 13:07:13,373 [pool-532-thread-1] INFO  server.RaftServerConfigKeys (ConfUtils.java:logGet(46)) - raft.server.log.corruption.policy = EXCEPTION (default)
2022-06-19 13:07:13,373 [pool-532-thread-1] INFO  server.RaftServerConfigKeys (ConfUtils.java:logGet(46)) - raft.server.storage.free-space.min = 0MB (=0) (default)
2022-06-19 13:07:13,373 [pool-532-thread-1] INFO  storage.RaftStorageDirectory (RaftStorageDirectoryImpl.java:analyzeStorage(135)) - The storage directory /home/runner/work/ozone/ozone/hadoop-ozone/integration-test/target/test-dir/MiniOzoneClusterImpl-5e5aab19-8c77-4507-a351-bf1456ba08e7/datanode-0/data/ratis/c18d5809-88fd-4f34-b0e8-4b1326e0106c does not exist. Creating ...
2022-06-19 13:07:13,374 [pool-532-thread-1] INFO  storage.RaftStorageDirectory (RaftStorageDirectoryImpl.java:tryLock(230)) - Lock on /home/runner/work/ozone/ozone/hadoop-ozone/integration-test/target/test-dir/MiniOzoneClusterImpl-5e5aab19-8c77-4507-a351-bf1456ba08e7/datanode-0/data/ratis/c18d5809-88fd-4f34-b0e8-4b1326e0106c/in_use.lock acquired by nodename 17254@fv-az58-449
2022-06-19 13:07:13,375 [pool-532-thread-1] INFO  storage.RaftStorage (RaftStorageImpl.java:format(89)) - Storage directory /home/runner/work/ozone/ozone/hadoop-ozone/integration-test/target/test-dir/MiniOzoneClusterImpl-5e5aab19-8c77-4507-a351-bf1456ba08e7/datanode-0/data/ratis/c18d5809-88fd-4f34-b0e8-4b1326e0106c has been successfully formatted.
2022-06-19 13:07:13,375 [pool-532-thread-1] INFO  ratis.ContainerStateMachine (ContainerStateMachine.java:loadSnapshot(236)) - group-4B1326E0106C: The snapshot info is null. Setting the last applied indexto:(t:0, i:~)
2022-06-19 13:07:13,375 [pool-532-thread-1] INFO  server.RaftServerConfigKeys (ConfUtils.java:logGet(46)) - raft.server.notification.no-leader.timeout = 300s (custom)
2022-06-19 13:07:13,375 [pool-532-thread-1] INFO  server.RaftServerConfigKeys (ConfUtils.java:logGet(46)) - raft.server.log.use.memory = false (default)
2022-06-19 13:07:13,376 [pool-532-thread-1] INFO  server.RaftServerConfigKeys (ConfUtils.java:logGet(46)) - raft.server.log.purge.gap = 1000000 (custom)
2022-06-19 13:07:13,376 [pool-532-thread-1] INFO  server.RaftServerConfigKeys (ConfUtils.java:logGet(46)) - raft.server.log.appender.buffer.byte-limit = 33554432 (custom)
2022-06-19 13:07:13,376 [pool-532-thread-1] INFO  server.RaftServerConfigKeys (ConfUtils.java:logGet(46)) - raft.server.log.statemachine.data.read.timeout = 1000ms (default)
2022-06-19 13:07:13,376 [pool-532-thread-1] INFO  server.RaftServerConfigKeys (ConfUtils.java:logGet(46)) - raft.server.log.segment.size.max = 1048576 (custom)
2022-06-19 13:07:13,376 [pool-532-thread-1] INFO  server.RaftServerConfigKeys (ConfUtils.java:logGet(46)) - raft.server.log.segment.cache.num.max = 2 (custom)
2022-06-19 13:07:13,376 [EventQueue-OpenPipelineForHealthyPipelineSafeModeRule] INFO  safemode.SCMSafeModeManager (HealthyPipelineSafeModeRule.java:process(124)) - SCM in safe mode. Healthy pipelines reported count is 0, required healthy pipeline reported count is 1
2022-06-19 13:07:13,376 [pool-532-thread-1] INFO  server.RaftServerConfigKeys (ConfUtils.java:logGet(46)) - raft.server.log.segment.cache.size.max = 200MB (=209715200) (default)
2022-06-19 13:07:13,376 [pool-532-thread-1] INFO  segmented.SegmentedRaftLogWorker (SegmentedRaftLogWorker.java:<init>(187)) - new f58b4837-0c66-44b2-8a93-771d4ee68852@group-4B1326E0106C-SegmentedRaftLogWorker for RaftStorageImpl:Storage Directory /home/runner/work/ozone/ozone/hadoop-ozone/integration-test/target/test-dir/MiniOzoneClusterImpl-5e5aab19-8c77-4507-a351-bf1456ba08e7/datanode-0/data/ratis/c18d5809-88fd-4f34-b0e8-4b1326e0106c
2022-06-19 13:07:13,376 [pool-532-thread-1] INFO  server.RaftServerConfigKeys (ConfUtils.java:logGet(46)) - raft.server.log.queue.byte-limit = 4294967296 (custom)
2022-06-19 13:07:13,376 [pool-532-thread-1] INFO  server.RaftServerConfigKeys (ConfUtils.java:logGet(46)) - raft.server.log.queue.element-limit = 1024 (custom)
2022-06-19 13:07:13,376 [pool-532-thread-1] INFO  server.RaftServerConfigKeys (ConfUtils.java:logGet(46)) - raft.server.log.segment.size.max = 1048576 (custom)
2022-06-19 13:07:13,377 [pool-532-thread-1] INFO  server.RaftServerConfigKeys (ConfUtils.java:logGet(46)) - raft.server.log.preallocated.size = 16384 (custom)
2022-06-19 13:07:13,377 [pool-532-thread-1] INFO  server.RaftServerConfigKeys (ConfUtils.java:logGet(46)) - raft.server.log.force.sync.num = 128 (default)
2022-06-19 13:07:13,377 [pool-532-thread-1] INFO  server.RaftServerConfigKeys (ConfUtils.java:logGet(46)) - raft.server.log.statemachine.data.sync = true (default)
2022-06-19 13:07:13,377 [pool-532-thread-1] INFO  server.RaftServerConfigKeys (ConfUtils.java:logGet(46)) - raft.server.log.statemachine.data.sync.timeout = 10s (default)
2022-06-19 13:07:13,377 [pool-532-thread-1] INFO  server.RaftServerConfigKeys (ConfUtils.java:logGet(46)) - raft.server.log.statemachine.data.sync.timeout.retry = -1 (default)
2022-06-19 13:07:13,377 [pool-532-thread-1] INFO  server.RaftServerConfigKeys (ConfUtils.java:logGet(46)) - raft.server.log.write.buffer.size = 1048576 (custom)
2022-06-19 13:07:13,378 [pool-532-thread-1] INFO  server.RaftServerConfigKeys (ConfUtils.java:logGet(46)) - raft.server.log.unsafe-flush.enabled = false (default)
2022-06-19 13:07:13,378 [pool-532-thread-1] INFO  server.RaftServerConfigKeys (ConfUtils.java:logGet(46)) - raft.server.log.statemachine.data.caching.enabled = true (custom)
2022-06-19 13:07:13,378 [pool-532-thread-1] INFO  segmented.SegmentedRaftLogWorker (SegmentedRaftLogWorker.java:lambda$new$0(135)) - f58b4837-0c66-44b2-8a93-771d4ee68852@group-4B1326E0106C-SegmentedRaftLogWorker: flushIndex: setUnconditionally 0 -> -1
2022-06-19 13:07:13,401 [pool-532-thread-1] INFO  segmented.SegmentedRaftLogWorker (SegmentedRaftLogWorker.java:lambda$new$0(135)) - f58b4837-0c66-44b2-8a93-771d4ee68852@group-4B1326E0106C-SegmentedRaftLogWorker: safeCacheEvictIndex: setUnconditionally 0 -> -1
2022-06-19 13:07:13,409 [pool-532-thread-1] INFO  server.RaftServerConfigKeys (ConfUtils.java:logGet(46)) - raft.server.snapshot.auto.trigger.enabled = true (custom)
2022-06-19 13:07:13,409 [pool-532-thread-1] INFO  server.RaftServerConfigKeys (ConfUtils.java:logGet(46)) - raft.server.snapshot.auto.trigger.threshold = 10000 (custom)
2022-06-19 13:07:13,409 [pool-532-thread-1] INFO  server.RaftServerConfigKeys (ConfUtils.java:logGet(46)) - raft.server.snapshot.retention.file.num = 5 (custom)
2022-06-19 13:07:13,409 [pool-532-thread-1] INFO  server.RaftServerConfigKeys (ConfUtils.java:logGet(46)) - raft.server.log.purge.upto.snapshot.index = false (default)
2022-06-19 13:07:13,409 [pool-532-thread-1] INFO  server.RaftServerConfigKeys (ConfUtils.java:logGet(46)) - raft.server.retrycache.expirytime = 600000ms (custom)
2022-06-19 13:07:13,409 [pool-532-thread-1] INFO  server.RaftServerConfigKeys (ConfUtils.java:logGet(46)) - raft.server.retrycache.statistics.expirytime = 100μs (default)
2022-06-19 13:07:13,410 [pool-532-thread-1] INFO  server.RaftServerConfigKeys (ConfUtils.java:logGet(46)) - raft.server.log.appender.install.snapshot.enabled = false (custom)
2022-06-19 13:07:13,410 [pool-532-thread-1] INFO  server.RaftServerConfigKeys (ConfUtils.java:logGet(46)) - raft.server.threadpool.server.cached = true (default)
2022-06-19 13:07:13,411 [pool-532-thread-1] INFO  server.RaftServerConfigKeys (ConfUtils.java:logGet(46)) - raft.server.threadpool.server.size = 0 (default)
2022-06-19 13:07:13,411 [pool-532-thread-1] INFO  server.RaftServerConfigKeys (ConfUtils.java:logGet(46)) - raft.server.threadpool.client.cached = true (default)
2022-06-19 13:07:13,411 [pool-532-thread-1] INFO  server.RaftServerConfigKeys (ConfUtils.java:logGet(46)) - raft.server.threadpool.client.size = 0 (default)
2022-06-19 13:07:13,411 [pool-532-thread-1] INFO  server.RaftServer$Division (RaftServerImpl.java:start(310)) - f58b4837-0c66-44b2-8a93-771d4ee68852@group-4B1326E0106C: start as a follower, conf=-1: [f58b4837-0c66-44b2-8a93-771d4ee68852|rpc:10.1.0.4:34339|priority:0, 2d1a6fdd-4e39-4ef3-8151-c6201fbfce8f|rpc:10.1.0.4:41833|priority:0, d6c668d5-a76d-4631-ba67-9d624f40a963|rpc:10.1.0.4:39345|priority:1], old=null
2022-06-19 13:07:13,411 [pool-532-thread-1] INFO  server.RaftServer$Division (RaftServerImpl.java:setRole(299)) - f58b4837-0c66-44b2-8a93-771d4ee68852@group-4B1326E0106C: changes role from      null to FOLLOWER at term 0 for startAsFollower
2022-06-19 13:07:13,411 [pool-532-thread-1] INFO  impl.RoleInfo (RoleInfo.java:updateAndGet(139)) - f58b4837-0c66-44b2-8a93-771d4ee68852: start f58b4837-0c66-44b2-8a93-771d4ee68852@group-4B1326E0106C-FollowerState
2022-06-19 13:07:13,424 [pool-532-thread-1] INFO  util.JmxRegister (JmxRegister.java:tryRegister(44)) - Successfully registered JMX Bean with object name Ratis:service=RaftServer,group=group-4B1326E0106C,id=f58b4837-0c66-44b2-8a93-771d4ee68852
2022-06-19 13:07:13,424 [Command processor thread] INFO  ratis.XceiverServerRatis (XceiverServerRatis.java:addGroup(765)) - Created group PipelineID=c18d5809-88fd-4f34-b0e8-4b1326e0106c
2022-06-19 13:07:13,504 [grpc-default-executor-0] INFO  server.RaftServer (RaftServerProxy.java:addNew(96)) - 2d1a6fdd-4e39-4ef3-8151-c6201fbfce8f: addNew group-4B1326E0106C:[f58b4837-0c66-44b2-8a93-771d4ee68852|rpc:10.1.0.4:34339|dataStream:|priority:0, 2d1a6fdd-4e39-4ef3-8151-c6201fbfce8f|rpc:10.1.0.4:41833|dataStream:|priority:0, d6c668d5-a76d-4631-ba67-9d624f40a963|rpc:10.1.0.4:39345|dataStream:|priority:1] returns group-4B1326E0106C:java.util.concurrent.CompletableFuture@dfac419[Not completed]
2022-06-19 13:07:13,505 [pool-578-thread-1] INFO  server.RaftServer$Division (RaftServerImpl.java:<init>(190)) - 2d1a6fdd-4e39-4ef3-8151-c6201fbfce8f: new RaftServerImpl for group-4B1326E0106C:[f58b4837-0c66-44b2-8a93-771d4ee68852|rpc:10.1.0.4:34339|dataStream:|priority:0, 2d1a6fdd-4e39-4ef3-8151-c6201fbfce8f|rpc:10.1.0.4:41833|dataStream:|priority:0, d6c668d5-a76d-4631-ba67-9d624f40a963|rpc:10.1.0.4:39345|dataStream:|priority:1] with ContainerStateMachine:uninitialized
2022-06-19 13:07:13,505 [pool-578-thread-1] INFO  server.RaftServerConfigKeys (ConfUtils.java:logGet(46)) - raft.server.rpc.timeout.min = 5s (custom)
2022-06-19 13:07:13,505 [pool-578-thread-1] INFO  server.RaftServerConfigKeys (ConfUtils.java:logGet(46)) - raft.server.rpc.timeout.max = 5200ms (custom)
2022-06-19 13:07:13,505 [pool-578-thread-1] INFO  server.RaftServerConfigKeys (ConfUtils.java:logGet(46)) - raft.server.rpc.sleep.time = 25ms (default)
2022-06-19 13:07:13,505 [pool-578-thread-1] INFO  server.RaftServerConfigKeys (ConfUtils.java:logGet(46)) - raft.server.rpc.slowness.timeout = 300s (custom)
2022-06-19 13:07:13,506 [pool-578-thread-1] INFO  server.RaftServerConfigKeys (ConfUtils.java:logGet(46)) - raft.server.leaderelection.leader.step-down.wait-time = 10s (default)
2022-06-19 13:07:13,506 [pool-578-thread-1] INFO  server.RaftServerConfigKeys (ConfUtils.java:logGet(46)) - raft.server.sleep.deviation.threshold = 300ms (default)
2022-06-19 13:07:13,506 [pool-578-thread-1] INFO  server.RaftServer$Division (ServerState.java:<init>(107)) - 2d1a6fdd-4e39-4ef3-8151-c6201fbfce8f@group-4B1326E0106C: ConfigurationManager, init=-1: [f58b4837-0c66-44b2-8a93-771d4ee68852|rpc:10.1.0.4:34339|dataStream:|priority:0, 2d1a6fdd-4e39-4ef3-8151-c6201fbfce8f|rpc:10.1.0.4:41833|dataStream:|priority:0, d6c668d5-a76d-4631-ba67-9d624f40a963|rpc:10.1.0.4:39345|dataStream:|priority:1], old=null, confs=<EMPTY_MAP>
2022-06-19 13:07:13,506 [pool-578-thread-1] INFO  server.RaftServerConfigKeys (ConfUtils.java:logGet(46)) - raft.server.storage.dir = [/home/runner/work/ozone/ozone/hadoop-ozone/integration-test/target/test-dir/MiniOzoneClusterImpl-5e5aab19-8c77-4507-a351-bf1456ba08e7/datanode-2/data/ratis] (custom)
2022-06-19 13:07:13,506 [pool-578-thread-1] INFO  server.RaftServerConfigKeys (ConfUtils.java:logGet(46)) - raft.server.log.corruption.policy = EXCEPTION (default)
2022-06-19 13:07:13,506 [pool-578-thread-1] INFO  server.RaftServerConfigKeys (ConfUtils.java:logGet(46)) - raft.server.storage.free-space.min = 0MB (=0) (default)
2022-06-19 13:07:13,506 [pool-578-thread-1] INFO  storage.RaftStorageDirectory (RaftStorageDirectoryImpl.java:analyzeStorage(135)) - The storage directory /home/runner/work/ozone/ozone/hadoop-ozone/integration-test/target/test-dir/MiniOzoneClusterImpl-5e5aab19-8c77-4507-a351-bf1456ba08e7/datanode-2/data/ratis/c18d5809-88fd-4f34-b0e8-4b1326e0106c does not exist. Creating ...
2022-06-19 13:07:13,510 [pool-578-thread-1] INFO  storage.RaftStorageDirectory (RaftStorageDirectoryImpl.java:tryLock(230)) - Lock on /home/runner/work/ozone/ozone/hadoop-ozone/integration-test/target/test-dir/MiniOzoneClusterImpl-5e5aab19-8c77-4507-a351-bf1456ba08e7/datanode-2/data/ratis/c18d5809-88fd-4f34-b0e8-4b1326e0106c/in_use.lock acquired by nodename 17254@fv-az58-449
2022-06-19 13:07:13,514 [pool-578-thread-1] INFO  storage.RaftStorage (RaftStorageImpl.java:format(89)) - Storage directory /home/runner/work/ozone/ozone/hadoop-ozone/integration-test/target/test-dir/MiniOzoneClusterImpl-5e5aab19-8c77-4507-a351-bf1456ba08e7/datanode-2/data/ratis/c18d5809-88fd-4f34-b0e8-4b1326e0106c has been successfully formatted.
2022-06-19 13:07:13,514 [pool-578-thread-1] INFO  ratis.ContainerStateMachine (ContainerStateMachine.java:loadSnapshot(236)) - group-4B1326E0106C: The snapshot info is null. Setting the last applied indexto:(t:0, i:~)
2022-06-19 13:07:13,514 [pool-578-thread-1] INFO  server.RaftServerConfigKeys (ConfUtils.java:logGet(46)) - raft.server.notification.no-leader.timeout = 300s (custom)
2022-06-19 13:07:13,514 [pool-578-thread-1] INFO  server.RaftServerConfigKeys (ConfUtils.java:logGet(46)) - raft.server.log.use.memory = false (default)
2022-06-19 13:07:13,514 [pool-578-thread-1] INFO  server.RaftServerConfigKeys (ConfUtils.java:logGet(46)) - raft.server.log.purge.gap = 1000000 (custom)
2022-06-19 13:07:13,514 [pool-578-thread-1] INFO  server.RaftServerConfigKeys (ConfUtils.java:logGet(46)) - raft.server.log.appender.buffer.byte-limit = 33554432 (custom)
2022-06-19 13:07:13,514 [pool-578-thread-1] INFO  server.RaftServerConfigKeys (ConfUtils.java:logGet(46)) - raft.server.log.statemachine.data.read.timeout = 1000ms (default)
2022-06-19 13:07:13,514 [pool-578-thread-1] INFO  server.RaftServerConfigKeys (ConfUtils.java:logGet(46)) - raft.server.log.segment.size.max = 1048576 (custom)
2022-06-19 13:07:13,515 [pool-578-thread-1] INFO  server.RaftServerConfigKeys (ConfUtils.java:logGet(46)) - raft.server.log.segment.cache.num.max = 2 (custom)
2022-06-19 13:07:13,515 [pool-578-thread-1] INFO  server.RaftServerConfigKeys (ConfUtils.java:logGet(46)) - raft.server.log.segment.cache.size.max = 200MB (=209715200) (default)
2022-06-19 13:07:13,515 [pool-578-thread-1] INFO  segmented.SegmentedRaftLogWorker (SegmentedRaftLogWorker.java:<init>(187)) - new 2d1a6fdd-4e39-4ef3-8151-c6201fbfce8f@group-4B1326E0106C-SegmentedRaftLogWorker for RaftStorageImpl:Storage Directory /home/runner/work/ozone/ozone/hadoop-ozone/integration-test/target/test-dir/MiniOzoneClusterImpl-5e5aab19-8c77-4507-a351-bf1456ba08e7/datanode-2/data/ratis/c18d5809-88fd-4f34-b0e8-4b1326e0106c
2022-06-19 13:07:13,517 [pool-578-thread-1] INFO  server.RaftServerConfigKeys (ConfUtils.java:logGet(46)) - raft.server.log.queue.byte-limit = 4294967296 (custom)
2022-06-19 13:07:13,517 [pool-578-thread-1] INFO  server.RaftServerConfigKeys (ConfUtils.java:logGet(46)) - raft.server.log.queue.element-limit = 1024 (custom)
2022-06-19 13:07:13,517 [pool-578-thread-1] INFO  server.RaftServerConfigKeys (ConfUtils.java:logGet(46)) - raft.server.log.segment.size.max = 1048576 (custom)
2022-06-19 13:07:13,517 [pool-578-thread-1] INFO  server.RaftServerConfigKeys (ConfUtils.java:logGet(46)) - raft.server.log.preallocated.size = 16384 (custom)
2022-06-19 13:07:13,517 [pool-578-thread-1] INFO  server.RaftServerConfigKeys (ConfUtils.java:logGet(46)) - raft.server.log.force.sync.num = 128 (default)
2022-06-19 13:07:13,517 [pool-578-thread-1] INFO  server.RaftServerConfigKeys (ConfUtils.java:logGet(46)) - raft.server.log.statemachine.data.sync = true (default)
2022-06-19 13:07:13,517 [pool-578-thread-1] INFO  server.RaftServerConfigKeys (ConfUtils.java:logGet(46)) - raft.server.log.statemachine.data.sync.timeout = 10s (default)
2022-06-19 13:07:13,517 [pool-578-thread-1] INFO  server.RaftServerConfigKeys (ConfUtils.java:logGet(46)) - raft.server.log.statemachine.data.sync.timeout.retry = -1 (default)
2022-06-19 13:07:13,518 [pool-578-thread-1] INFO  server.RaftServerConfigKeys (ConfUtils.java:logGet(46)) - raft.server.log.write.buffer.size = 1048576 (custom)
2022-06-19 13:07:13,519 [pool-578-thread-1] INFO  server.RaftServerConfigKeys (ConfUtils.java:logGet(46)) - raft.server.log.unsafe-flush.enabled = false (default)
2022-06-19 13:07:13,519 [pool-578-thread-1] INFO  server.RaftServerConfigKeys (ConfUtils.java:logGet(46)) - raft.server.log.statemachine.data.caching.enabled = true (custom)
2022-06-19 13:07:13,519 [pool-578-thread-1] INFO  segmented.SegmentedRaftLogWorker (SegmentedRaftLogWorker.java:lambda$new$0(135)) - 2d1a6fdd-4e39-4ef3-8151-c6201fbfce8f@group-4B1326E0106C-SegmentedRaftLogWorker: flushIndex: setUnconditionally 0 -> -1
2022-06-19 13:07:13,525 [pool-578-thread-1] INFO  segmented.SegmentedRaftLogWorker (SegmentedRaftLogWorker.java:lambda$new$0(135)) - 2d1a6fdd-4e39-4ef3-8151-c6201fbfce8f@group-4B1326E0106C-SegmentedRaftLogWorker: safeCacheEvictIndex: setUnconditionally 0 -> -1
2022-06-19 13:07:13,537 [pool-578-thread-1] INFO  server.RaftServerConfigKeys (ConfUtils.java:logGet(46)) - raft.server.snapshot.auto.trigger.enabled = true (custom)
2022-06-19 13:07:13,537 [pool-578-thread-1] INFO  server.RaftServerConfigKeys (ConfUtils.java:logGet(46)) - raft.server.snapshot.auto.trigger.threshold = 10000 (custom)
2022-06-19 13:07:13,537 [pool-578-thread-1] INFO  server.RaftServerConfigKeys (ConfUtils.java:logGet(46)) - raft.server.snapshot.retention.file.num = 5 (custom)
2022-06-19 13:07:13,537 [pool-578-thread-1] INFO  server.RaftServerConfigKeys (ConfUtils.java:logGet(46)) - raft.server.log.purge.upto.snapshot.index = false (default)
2022-06-19 13:07:13,537 [pool-578-thread-1] INFO  server.RaftServerConfigKeys (ConfUtils.java:logGet(46)) - raft.server.retrycache.expirytime = 600000ms (custom)
2022-06-19 13:07:13,537 [pool-578-thread-1] INFO  server.RaftServerConfigKeys (ConfUtils.java:logGet(46)) - raft.server.retrycache.statistics.expirytime = 100μs (default)
2022-06-19 13:07:13,538 [pool-578-thread-1] INFO  server.RaftServerConfigKeys (ConfUtils.java:logGet(46)) - raft.server.log.appender.install.snapshot.enabled = false (custom)
2022-06-19 13:07:13,538 [pool-578-thread-1] INFO  server.RaftServerConfigKeys (ConfUtils.java:logGet(46)) - raft.server.threadpool.server.cached = true (default)
2022-06-19 13:07:13,538 [pool-578-thread-1] INFO  server.RaftServerConfigKeys (ConfUtils.java:logGet(46)) - raft.server.threadpool.server.size = 0 (default)
2022-06-19 13:07:13,539 [pool-578-thread-1] INFO  server.RaftServerConfigKeys (ConfUtils.java:logGet(46)) - raft.server.threadpool.client.cached = true (default)
2022-06-19 13:07:13,539 [pool-578-thread-1] INFO  server.RaftServerConfigKeys (ConfUtils.java:logGet(46)) - raft.server.threadpool.client.size = 0 (default)
2022-06-19 13:07:13,539 [pool-578-thread-1] INFO  server.RaftServer$Division (RaftServerImpl.java:start(310)) - 2d1a6fdd-4e39-4ef3-8151-c6201fbfce8f@group-4B1326E0106C: start as a follower, conf=-1: [f58b4837-0c66-44b2-8a93-771d4ee68852|rpc:10.1.0.4:34339|dataStream:|priority:0, 2d1a6fdd-4e39-4ef3-8151-c6201fbfce8f|rpc:10.1.0.4:41833|dataStream:|priority:0, d6c668d5-a76d-4631-ba67-9d624f40a963|rpc:10.1.0.4:39345|dataStream:|priority:1], old=null
2022-06-19 13:07:13,539 [pool-578-thread-1] INFO  server.RaftServer$Division (RaftServerImpl.java:setRole(299)) - 2d1a6fdd-4e39-4ef3-8151-c6201fbfce8f@group-4B1326E0106C: changes role from      null to FOLLOWER at term 0 for startAsFollower
2022-06-19 13:07:13,539 [pool-578-thread-1] INFO  impl.RoleInfo (RoleInfo.java:updateAndGet(139)) - 2d1a6fdd-4e39-4ef3-8151-c6201fbfce8f: start 2d1a6fdd-4e39-4ef3-8151-c6201fbfce8f@group-4B1326E0106C-FollowerState
2022-06-19 13:07:13,541 [pool-578-thread-1] INFO  util.JmxRegister (JmxRegister.java:tryRegister(44)) - Successfully registered JMX Bean with object name Ratis:service=RaftServer,group=group-4B1326E0106C,id=2d1a6fdd-4e39-4ef3-8151-c6201fbfce8f
2022-06-19 13:07:13,609 [grpc-default-executor-0] INFO  server.RaftServer (RaftServerProxy.java:addNew(96)) - d6c668d5-a76d-4631-ba67-9d624f40a963: addNew group-4B1326E0106C:[f58b4837-0c66-44b2-8a93-771d4ee68852|rpc:10.1.0.4:34339|dataStream:|priority:0, 2d1a6fdd-4e39-4ef3-8151-c6201fbfce8f|rpc:10.1.0.4:41833|dataStream:|priority:0, d6c668d5-a76d-4631-ba67-9d624f40a963|rpc:10.1.0.4:39345|dataStream:|priority:1] returns group-4B1326E0106C:java.util.concurrent.CompletableFuture@7241fa0d[Not completed]
2022-06-19 13:07:13,610 [pool-555-thread-1] INFO  server.RaftServer$Division (RaftServerImpl.java:<init>(190)) - d6c668d5-a76d-4631-ba67-9d624f40a963: new RaftServerImpl for group-4B1326E0106C:[f58b4837-0c66-44b2-8a93-771d4ee68852|rpc:10.1.0.4:34339|dataStream:|priority:0, 2d1a6fdd-4e39-4ef3-8151-c6201fbfce8f|rpc:10.1.0.4:41833|dataStream:|priority:0, d6c668d5-a76d-4631-ba67-9d624f40a963|rpc:10.1.0.4:39345|dataStream:|priority:1] with ContainerStateMachine:uninitialized
2022-06-19 13:07:13,610 [pool-555-thread-1] INFO  server.RaftServerConfigKeys (ConfUtils.java:logGet(46)) - raft.server.rpc.timeout.min = 5s (custom)
2022-06-19 13:07:13,610 [pool-555-thread-1] INFO  server.RaftServerConfigKeys (ConfUtils.java:logGet(46)) - raft.server.rpc.timeout.max = 5200ms (custom)
2022-06-19 13:07:13,610 [pool-555-thread-1] INFO  server.RaftServerConfigKeys (ConfUtils.java:logGet(46)) - raft.server.rpc.sleep.time = 25ms (default)
2022-06-19 13:07:13,610 [pool-555-thread-1] INFO  server.RaftServerConfigKeys (ConfUtils.java:logGet(46)) - raft.server.rpc.slowness.timeout = 300s (custom)
2022-06-19 13:07:13,610 [pool-555-thread-1] INFO  server.RaftServerConfigKeys (ConfUtils.java:logGet(46)) - raft.server.leaderelection.leader.step-down.wait-time = 10s (default)
2022-06-19 13:07:13,610 [pool-555-thread-1] INFO  server.RaftServerConfigKeys (ConfUtils.java:logGet(46)) - raft.server.sleep.deviation.threshold = 300ms (default)
2022-06-19 13:07:13,610 [pool-555-thread-1] INFO  server.RaftServer$Division (ServerState.java:<init>(107)) - d6c668d5-a76d-4631-ba67-9d624f40a963@group-4B1326E0106C: ConfigurationManager, init=-1: [f58b4837-0c66-44b2-8a93-771d4ee68852|rpc:10.1.0.4:34339|dataStream:|priority:0, 2d1a6fdd-4e39-4ef3-8151-c6201fbfce8f|rpc:10.1.0.4:41833|dataStream:|priority:0, d6c668d5-a76d-4631-ba67-9d624f40a963|rpc:10.1.0.4:39345|dataStream:|priority:1], old=null, confs=<EMPTY_MAP>
2022-06-19 13:07:13,610 [pool-555-thread-1] INFO  server.RaftServerConfigKeys (ConfUtils.java:logGet(46)) - raft.server.storage.dir = [/home/runner/work/ozone/ozone/hadoop-ozone/integration-test/target/test-dir/MiniOzoneClusterImpl-5e5aab19-8c77-4507-a351-bf1456ba08e7/datanode-1/data/ratis] (custom)
2022-06-19 13:07:13,610 [pool-555-thread-1] INFO  server.RaftServerConfigKeys (ConfUtils.java:logGet(46)) - raft.server.log.corruption.policy = EXCEPTION (default)
2022-06-19 13:07:13,610 [pool-555-thread-1] INFO  server.RaftServerConfigKeys (ConfUtils.java:logGet(46)) - raft.server.storage.free-space.min = 0MB (=0) (default)
2022-06-19 13:07:13,610 [pool-555-thread-1] INFO  storage.RaftStorageDirectory (RaftStorageDirectoryImpl.java:analyzeStorage(135)) - The storage directory /home/runner/work/ozone/ozone/hadoop-ozone/integration-test/target/test-dir/MiniOzoneClusterImpl-5e5aab19-8c77-4507-a351-bf1456ba08e7/datanode-1/data/ratis/c18d5809-88fd-4f34-b0e8-4b1326e0106c does not exist. Creating ...
2022-06-19 13:07:13,611 [pool-555-thread-1] INFO  storage.RaftStorageDirectory (RaftStorageDirectoryImpl.java:tryLock(230)) - Lock on /home/runner/work/ozone/ozone/hadoop-ozone/integration-test/target/test-dir/MiniOzoneClusterImpl-5e5aab19-8c77-4507-a351-bf1456ba08e7/datanode-1/data/ratis/c18d5809-88fd-4f34-b0e8-4b1326e0106c/in_use.lock acquired by nodename 17254@fv-az58-449
2022-06-19 13:07:13,612 [pool-555-thread-1] INFO  storage.RaftStorage (RaftStorageImpl.java:format(89)) - Storage directory /home/runner/work/ozone/ozone/hadoop-ozone/integration-test/target/test-dir/MiniOzoneClusterImpl-5e5aab19-8c77-4507-a351-bf1456ba08e7/datanode-1/data/ratis/c18d5809-88fd-4f34-b0e8-4b1326e0106c has been successfully formatted.
2022-06-19 13:07:13,612 [pool-555-thread-1] INFO  ratis.ContainerStateMachine (ContainerStateMachine.java:loadSnapshot(236)) - group-4B1326E0106C: The snapshot info is null. Setting the last applied indexto:(t:0, i:~)
2022-06-19 13:07:13,612 [pool-555-thread-1] INFO  server.RaftServerConfigKeys (ConfUtils.java:logGet(46)) - raft.server.notification.no-leader.timeout = 300s (custom)
2022-06-19 13:07:13,613 [pool-555-thread-1] INFO  server.RaftServerConfigKeys (ConfUtils.java:logGet(46)) - raft.server.log.use.memory = false (default)
2022-06-19 13:07:13,613 [pool-555-thread-1] INFO  server.RaftServerConfigKeys (ConfUtils.java:logGet(46)) - raft.server.log.purge.gap = 1000000 (custom)
2022-06-19 13:07:13,613 [pool-555-thread-1] INFO  server.RaftServerConfigKeys (ConfUtils.java:logGet(46)) - raft.server.log.appender.buffer.byte-limit = 33554432 (custom)
2022-06-19 13:07:13,613 [pool-555-thread-1] INFO  server.RaftServerConfigKeys (ConfUtils.java:logGet(46)) - raft.server.log.statemachine.data.read.timeout = 1000ms (default)
2022-06-19 13:07:13,613 [pool-555-thread-1] INFO  server.RaftServerConfigKeys (ConfUtils.java:logGet(46)) - raft.server.log.segment.size.max = 1048576 (custom)
2022-06-19 13:07:13,613 [pool-555-thread-1] INFO  server.RaftServerConfigKeys (ConfUtils.java:logGet(46)) - raft.server.log.segment.cache.num.max = 2 (custom)
2022-06-19 13:07:13,613 [pool-555-thread-1] INFO  server.RaftServerConfigKeys (ConfUtils.java:logGet(46)) - raft.server.log.segment.cache.size.max = 200MB (=209715200) (default)
2022-06-19 13:07:13,613 [pool-555-thread-1] INFO  segmented.SegmentedRaftLogWorker (SegmentedRaftLogWorker.java:<init>(187)) - new d6c668d5-a76d-4631-ba67-9d624f40a963@group-4B1326E0106C-SegmentedRaftLogWorker for RaftStorageImpl:Storage Directory /home/runner/work/ozone/ozone/hadoop-ozone/integration-test/target/test-dir/MiniOzoneClusterImpl-5e5aab19-8c77-4507-a351-bf1456ba08e7/datanode-1/data/ratis/c18d5809-88fd-4f34-b0e8-4b1326e0106c
2022-06-19 13:07:13,613 [pool-555-thread-1] INFO  server.RaftServerConfigKeys (ConfUtils.java:logGet(46)) - raft.server.log.queue.byte-limit = 4294967296 (custom)
2022-06-19 13:07:13,613 [pool-555-thread-1] INFO  server.RaftServerConfigKeys (ConfUtils.java:logGet(46)) - raft.server.log.queue.element-limit = 1024 (custom)
2022-06-19 13:07:13,613 [pool-555-thread-1] INFO  server.RaftServerConfigKeys (ConfUtils.java:logGet(46)) - raft.server.log.segment.size.max = 1048576 (custom)
2022-06-19 13:07:13,613 [pool-555-thread-1] INFO  server.RaftServerConfigKeys (ConfUtils.java:logGet(46)) - raft.server.log.preallocated.size = 16384 (custom)
2022-06-19 13:07:13,613 [pool-555-thread-1] INFO  server.RaftServerConfigKeys (ConfUtils.java:logGet(46)) - raft.server.log.force.sync.num = 128 (default)
2022-06-19 13:07:13,613 [pool-555-thread-1] INFO  server.RaftServerConfigKeys (ConfUtils.java:logGet(46)) - raft.server.log.statemachine.data.sync = true (default)
2022-06-19 13:07:13,614 [pool-555-thread-1] INFO  server.RaftServerConfigKeys (ConfUtils.java:logGet(46)) - raft.server.log.statemachine.data.sync.timeout = 10s (default)
2022-06-19 13:07:13,614 [pool-555-thread-1] INFO  server.RaftServerConfigKeys (ConfUtils.java:logGet(46)) - raft.server.log.statemachine.data.sync.timeout.retry = -1 (default)
2022-06-19 13:07:13,614 [pool-555-thread-1] INFO  server.RaftServerConfigKeys (ConfUtils.java:logGet(46)) - raft.server.log.write.buffer.size = 1048576 (custom)
2022-06-19 13:07:13,615 [pool-555-thread-1] INFO  server.RaftServerConfigKeys (ConfUtils.java:logGet(46)) - raft.server.log.unsafe-flush.enabled = false (default)
2022-06-19 13:07:13,615 [pool-555-thread-1] INFO  server.RaftServerConfigKeys (ConfUtils.java:logGet(46)) - raft.server.log.statemachine.data.caching.enabled = true (custom)
2022-06-19 13:07:13,615 [pool-555-thread-1] INFO  segmented.SegmentedRaftLogWorker (SegmentedRaftLogWorker.java:lambda$new$0(135)) - d6c668d5-a76d-4631-ba67-9d624f40a963@group-4B1326E0106C-SegmentedRaftLogWorker: flushIndex: setUnconditionally 0 -> -1
2022-06-19 13:07:13,615 [pool-555-thread-1] INFO  segmented.SegmentedRaftLogWorker (SegmentedRaftLogWorker.java:lambda$new$0(135)) - d6c668d5-a76d-4631-ba67-9d624f40a963@group-4B1326E0106C-SegmentedRaftLogWorker: safeCacheEvictIndex: setUnconditionally 0 -> -1
2022-06-19 13:07:13,615 [pool-555-thread-1] INFO  server.RaftServerConfigKeys (ConfUtils.java:logGet(46)) - raft.server.snapshot.auto.trigger.enabled = true (custom)
2022-06-19 13:07:13,615 [pool-555-thread-1] INFO  server.RaftServerConfigKeys (ConfUtils.java:logGet(46)) - raft.server.snapshot.auto.trigger.threshold = 10000 (custom)
2022-06-19 13:07:13,615 [pool-555-thread-1] INFO  server.RaftServerConfigKeys (ConfUtils.java:logGet(46)) - raft.server.snapshot.retention.file.num = 5 (custom)
2022-06-19 13:07:13,615 [pool-555-thread-1] INFO  server.RaftServerConfigKeys (ConfUtils.java:logGet(46)) - raft.server.log.purge.upto.snapshot.index = false (default)
2022-06-19 13:07:13,615 [pool-555-thread-1] INFO  server.RaftServerConfigKeys (ConfUtils.java:logGet(46)) - raft.server.retrycache.expirytime = 600000ms (custom)
2022-06-19 13:07:13,615 [pool-555-thread-1] INFO  server.RaftServerConfigKeys (ConfUtils.java:logGet(46)) - raft.server.retrycache.statistics.expirytime = 100μs (default)
2022-06-19 13:07:13,616 [pool-555-thread-1] INFO  server.RaftServerConfigKeys (ConfUtils.java:logGet(46)) - raft.server.log.appender.install.snapshot.enabled = false (custom)
2022-06-19 13:07:13,616 [pool-555-thread-1] INFO  server.RaftServerConfigKeys (ConfUtils.java:logGet(46)) - raft.server.threadpool.server.cached = true (default)
2022-06-19 13:07:13,617 [pool-555-thread-1] INFO  server.RaftServerConfigKeys (ConfUtils.java:logGet(46)) - raft.server.threadpool.server.size = 0 (default)
2022-06-19 13:07:13,617 [pool-555-thread-1] INFO  server.RaftServerConfigKeys (ConfUtils.java:logGet(46)) - raft.server.threadpool.client.cached = true (default)
2022-06-19 13:07:13,617 [pool-555-thread-1] INFO  server.RaftServerConfigKeys (ConfUtils.java:logGet(46)) - raft.server.threadpool.client.size = 0 (default)
2022-06-19 13:07:13,617 [pool-555-thread-1] INFO  server.RaftServer$Division (RaftServerImpl.java:start(310)) - d6c668d5-a76d-4631-ba67-9d624f40a963@group-4B1326E0106C: start as a follower, conf=-1: [f58b4837-0c66-44b2-8a93-771d4ee68852|rpc:10.1.0.4:34339|dataStream:|priority:0, 2d1a6fdd-4e39-4ef3-8151-c6201fbfce8f|rpc:10.1.0.4:41833|dataStream:|priority:0, d6c668d5-a76d-4631-ba67-9d624f40a963|rpc:10.1.0.4:39345|dataStream:|priority:1], old=null
2022-06-19 13:07:13,617 [pool-555-thread-1] INFO  server.RaftServer$Division (RaftServerImpl.java:setRole(299)) - d6c668d5-a76d-4631-ba67-9d624f40a963@group-4B1326E0106C: changes role from      null to FOLLOWER at term 0 for startAsFollower
2022-06-19 13:07:13,617 [pool-555-thread-1] INFO  impl.RoleInfo (RoleInfo.java:updateAndGet(139)) - d6c668d5-a76d-4631-ba67-9d624f40a963: start d6c668d5-a76d-4631-ba67-9d624f40a963@group-4B1326E0106C-FollowerState
2022-06-19 13:07:13,617 [pool-555-thread-1] INFO  util.JmxRegister (JmxRegister.java:tryRegister(44)) - Successfully registered JMX Bean with object name Ratis:service=RaftServer,group=group-4B1326E0106C,id=d6c668d5-a76d-4631-ba67-9d624f40a963
2022-06-19 13:07:13,652 [Command processor thread] INFO  commandhandler.CreatePipelineCommandHandler (CreatePipelineCommandHandler.java:handle(113)) - Created Pipeline RATIS THREE PipelineID=c18d5809-88fd-4f34-b0e8-4b1326e0106c.
2022-06-19 13:07:13,788 [Listener at 127.0.0.1/41441] INFO  ozone.MiniOzoneClusterImpl (MiniOzoneClusterImpl.java:lambda$waitForClusterToBeReady$0(221)) - Waiting for nodes to be ready. Got 3 of 5 DN Heartbeats.
2022-06-19 13:07:13,788 [Listener at 127.0.0.1/41441] INFO  ozone.MiniOzoneClusterImpl (MiniOzoneClusterImpl.java:lambda$waitForClusterToBeReady$0(224)) - Waiting for cluster to exit safe mode
2022-06-19 13:07:13,788 [Listener at 127.0.0.1/41441] INFO  ozone.MiniOzoneClusterImpl (MiniOzoneClusterImpl.java:lambda$waitForClusterToBeReady$0(226)) - SCM became leader
2022-06-19 13:07:13,794 [IPC Server handler 17 on default port 38365] INFO  net.NetworkTopologyImpl (NetworkTopologyImpl.java:add(112)) - Added a new node: /default-rack/2b5693b1-1164-40fb-9360-96156af093bf
2022-06-19 13:07:13,794 [IPC Server handler 17 on default port 38365] INFO  node.SCMNodeManager (SCMNodeManager.java:register(394)) - Registered Data node : 2b5693b1-1164-40fb-9360-96156af093bf{ip: 10.1.0.4, host: fv-az58-449.32bp4kehjaiexiom31oljkjdjg.cx.internal.cloudapp.net, ports: [REPLICATION=43363, RATIS=41151, RATIS_ADMIN=41151, RATIS_SERVER=41151, STANDALONE=43843], networkLocation: /default-rack, certSerialId: null, persistedOpState: null, persistedOpStateExpiryEpochSec: 0}
2022-06-19 13:07:13,795 [EventQueue-NewNodeForNewNodeHandler] INFO  pipeline.BackgroundPipelineCreator (BackgroundPipelineCreator.java:notifyEventTriggered(272)) - trigger a one-shot run on RatisPipelineUtilsThread.
2022-06-19 13:07:13,795 [RatisPipelineUtilsThread - 0] INFO  pipeline.RatisPipelineProvider (RatisPipelineProvider.java:lambda$create$0(195)) - Sending CreatePipelineCommand for pipeline:PipelineID=a5f3c8ec-f674-4053-90ef-506688189e62 to datanode:2b5693b1-1164-40fb-9360-96156af093bf
2022-06-19 13:07:13,796 [RatisPipelineUtilsThread - 0] INFO  pipeline.PipelineStateManagerImpl (PipelineStateManagerImpl.java:addPipeline(101)) - Created pipeline Pipeline[ Id: a5f3c8ec-f674-4053-90ef-506688189e62, Nodes: 2b5693b1-1164-40fb-9360-96156af093bf{ip: 10.1.0.4, host: fv-az58-449.32bp4kehjaiexiom31oljkjdjg.cx.internal.cloudapp.net, ports: [REPLICATION=43363, RATIS=41151, RATIS_ADMIN=41151, RATIS_SERVER=41151, STANDALONE=43843], networkLocation: /default-rack, certSerialId: null, persistedOpState: IN_SERVICE, persistedOpStateExpiryEpochSec: 0}, ReplicationConfig: RATIS/ONE, State:ALLOCATED, leaderId:, CreationTimestamp2022-06-19T13:07:13.795Z[Etc/UTC]].
2022-06-19 13:07:14,017 [Command processor thread] INFO  server.RaftServer (RaftServerProxy.java:addNew(96)) - d6c668d5-a76d-4631-ba67-9d624f40a963: addNew group-AAF266449178:[d6c668d5-a76d-4631-ba67-9d624f40a963|rpc:10.1.0.4:39345|priority:1] returns group-AAF266449178:java.util.concurrent.CompletableFuture@615d8b92[Not completed]
2022-06-19 13:07:14,018 [pool-555-thread-1] INFO  server.RaftServer$Division (RaftServerImpl.java:<init>(190)) - d6c668d5-a76d-4631-ba67-9d624f40a963: new RaftServerImpl for group-AAF266449178:[d6c668d5-a76d-4631-ba67-9d624f40a963|rpc:10.1.0.4:39345|priority:1] with ContainerStateMachine:uninitialized
2022-06-19 13:07:14,018 [pool-555-thread-1] INFO  server.RaftServerConfigKeys (ConfUtils.java:logGet(46)) - raft.server.rpc.timeout.min = 5s (custom)
2022-06-19 13:07:14,019 [pool-555-thread-1] INFO  server.RaftServerConfigKeys (ConfUtils.java:logGet(46)) - raft.server.rpc.timeout.max = 5200ms (custom)
2022-06-19 13:07:14,019 [pool-555-thread-1] INFO  server.RaftServerConfigKeys (ConfUtils.java:logGet(46)) - raft.server.rpc.sleep.time = 25ms (default)
2022-06-19 13:07:14,019 [pool-555-thread-1] INFO  server.RaftServerConfigKeys (ConfUtils.java:logGet(46)) - raft.server.rpc.slowness.timeout = 300s (custom)
2022-06-19 13:07:14,019 [pool-555-thread-1] INFO  server.RaftServerConfigKeys (ConfUtils.java:logGet(46)) - raft.server.leaderelection.leader.step-down.wait-time = 10s (default)
2022-06-19 13:07:14,019 [pool-555-thread-1] INFO  server.RaftServerConfigKeys (ConfUtils.java:logGet(46)) - raft.server.sleep.deviation.threshold = 300ms (default)
2022-06-19 13:07:14,019 [pool-555-thread-1] INFO  server.RaftServer$Division (ServerState.java:<init>(107)) - d6c668d5-a76d-4631-ba67-9d624f40a963@group-AAF266449178: ConfigurationManager, init=-1: [d6c668d5-a76d-4631-ba67-9d624f40a963|rpc:10.1.0.4:39345|priority:1], old=null, confs=<EMPTY_MAP>
2022-06-19 13:07:14,019 [pool-555-thread-1] INFO  server.RaftServerConfigKeys (ConfUtils.java:logGet(46)) - raft.server.storage.dir = [/home/runner/work/ozone/ozone/hadoop-ozone/integration-test/target/test-dir/MiniOzoneClusterImpl-5e5aab19-8c77-4507-a351-bf1456ba08e7/datanode-1/data/ratis] (custom)
2022-06-19 13:07:14,019 [pool-555-thread-1] INFO  server.RaftServerConfigKeys (ConfUtils.java:logGet(46)) - raft.server.log.corruption.policy = EXCEPTION (default)
2022-06-19 13:07:14,019 [pool-555-thread-1] INFO  server.RaftServerConfigKeys (ConfUtils.java:logGet(46)) - raft.server.storage.free-space.min = 0MB (=0) (default)
2022-06-19 13:07:14,019 [pool-555-thread-1] INFO  storage.RaftStorageDirectory (RaftStorageDirectoryImpl.java:analyzeStorage(135)) - The storage directory /home/runner/work/ozone/ozone/hadoop-ozone/integration-test/target/test-dir/MiniOzoneClusterImpl-5e5aab19-8c77-4507-a351-bf1456ba08e7/datanode-1/data/ratis/a493a6a5-b4e7-4fab-b1e8-aaf266449178 does not exist. Creating ...
2022-06-19 13:07:14,026 [pool-555-thread-1] INFO  storage.RaftStorageDirectory (RaftStorageDirectoryImpl.java:tryLock(230)) - Lock on /home/runner/work/ozone/ozone/hadoop-ozone/integration-test/target/test-dir/MiniOzoneClusterImpl-5e5aab19-8c77-4507-a351-bf1456ba08e7/datanode-1/data/ratis/a493a6a5-b4e7-4fab-b1e8-aaf266449178/in_use.lock acquired by nodename 17254@fv-az58-449
2022-06-19 13:07:14,027 [pool-555-thread-1] INFO  storage.RaftStorage (RaftStorageImpl.java:format(89)) - Storage directory /home/runner/work/ozone/ozone/hadoop-ozone/integration-test/target/test-dir/MiniOzoneClusterImpl-5e5aab19-8c77-4507-a351-bf1456ba08e7/datanode-1/data/ratis/a493a6a5-b4e7-4fab-b1e8-aaf266449178 has been successfully formatted.
2022-06-19 13:07:14,029 [EventQueue-PipelineReportForPipelineReportHandler] INFO  pipeline.PipelineManagerImpl (PipelineManagerImpl.java:openPipeline(356)) - Pipeline Pipeline[ Id: a493a6a5-b4e7-4fab-b1e8-aaf266449178, Nodes: d6c668d5-a76d-4631-ba67-9d624f40a963{ip: 10.1.0.4, host: fv-az58-449.32bp4kehjaiexiom31oljkjdjg.cx.internal.cloudapp.net, ports: [REPLICATION=42975, RATIS=39345, RATIS_ADMIN=39345, RATIS_SERVER=39345, STANDALONE=43997], networkLocation: /default-rack, certSerialId: null, persistedOpState: IN_SERVICE, persistedOpStateExpiryEpochSec: 0}, ReplicationConfig: RATIS/ONE, State:ALLOCATED, leaderId:d6c668d5-a76d-4631-ba67-9d624f40a963, CreationTimestamp2022-06-19T13:07:11.069Z[Etc/UTC]] moved to OPEN state
2022-06-19 13:07:14,030 [EventQueue-OpenPipelineForHealthyPipelineSafeModeRule] INFO  safemode.SCMSafeModeManager (HealthyPipelineSafeModeRule.java:process(124)) - SCM in safe mode. Healthy pipelines reported count is 0, required healthy pipeline reported count is 1
2022-06-19 13:07:14,037 [pool-555-thread-1] INFO  ratis.ContainerStateMachine (ContainerStateMachine.java:loadSnapshot(236)) - group-AAF266449178: The snapshot info is null. Setting the last applied indexto:(t:0, i:~)
2022-06-19 13:07:14,041 [pool-555-thread-1] INFO  server.RaftServerConfigKeys (ConfUtils.java:logGet(46)) - raft.server.notification.no-leader.timeout = 300s (custom)
2022-06-19 13:07:14,041 [pool-555-thread-1] INFO  server.RaftServerConfigKeys (ConfUtils.java:logGet(46)) - raft.server.log.use.memory = false (default)
2022-06-19 13:07:14,041 [pool-555-thread-1] INFO  server.RaftServerConfigKeys (ConfUtils.java:logGet(46)) - raft.server.log.purge.gap = 1000000 (custom)
2022-06-19 13:07:14,041 [pool-555-thread-1] INFO  server.RaftServerConfigKeys (ConfUtils.java:logGet(46)) - raft.server.log.appender.buffer.byte-limit = 33554432 (custom)
2022-06-19 13:07:14,041 [pool-555-thread-1] INFO  server.RaftServerConfigKeys (ConfUtils.java:logGet(46)) - raft.server.log.statemachine.data.read.timeout = 1000ms (default)
2022-06-19 13:07:14,042 [pool-555-thread-1] INFO  server.RaftServerConfigKeys (ConfUtils.java:logGet(46)) - raft.server.log.segment.size.max = 1048576 (custom)
2022-06-19 13:07:14,042 [pool-555-thread-1] INFO  server.RaftServerConfigKeys (ConfUtils.java:logGet(46)) - raft.server.log.segment.cache.num.max = 2 (custom)
2022-06-19 13:07:14,042 [pool-555-thread-1] INFO  server.RaftServerConfigKeys (ConfUtils.java:logGet(46)) - raft.server.log.segment.cache.size.max = 200MB (=209715200) (default)
2022-06-19 13:07:14,042 [pool-555-thread-1] INFO  segmented.SegmentedRaftLogWorker (SegmentedRaftLogWorker.java:<init>(187)) - new d6c668d5-a76d-4631-ba67-9d624f40a963@group-AAF266449178-SegmentedRaftLogWorker for RaftStorageImpl:Storage Directory /home/runner/work/ozone/ozone/hadoop-ozone/integration-test/target/test-dir/MiniOzoneClusterImpl-5e5aab19-8c77-4507-a351-bf1456ba08e7/datanode-1/data/ratis/a493a6a5-b4e7-4fab-b1e8-aaf266449178
2022-06-19 13:07:14,042 [pool-555-thread-1] INFO  server.RaftServerConfigKeys (ConfUtils.java:logGet(46)) - raft.server.log.queue.byte-limit = 4294967296 (custom)
2022-06-19 13:07:14,042 [pool-555-thread-1] INFO  server.RaftServerConfigKeys (ConfUtils.java:logGet(46)) - raft.server.log.queue.element-limit = 1024 (custom)
2022-06-19 13:07:14,042 [pool-555-thread-1] INFO  server.RaftServerConfigKeys (ConfUtils.java:logGet(46)) - raft.server.log.segment.size.max = 1048576 (custom)
2022-06-19 13:07:14,042 [pool-555-thread-1] INFO  server.RaftServerConfigKeys (ConfUtils.java:logGet(46)) - raft.server.log.preallocated.size = 16384 (custom)
2022-06-19 13:07:14,042 [pool-555-thread-1] INFO  server.RaftServerConfigKeys (ConfUtils.java:logGet(46)) - raft.server.log.force.sync.num = 128 (default)
2022-06-19 13:07:14,042 [pool-555-thread-1] INFO  server.RaftServerConfigKeys (ConfUtils.java:logGet(46)) - raft.server.log.statemachine.data.sync = true (default)
2022-06-19 13:07:14,042 [pool-555-thread-1] INFO  server.RaftServerConfigKeys (ConfUtils.java:logGet(46)) - raft.server.log.statemachine.data.sync.timeout = 10s (default)
2022-06-19 13:07:14,042 [pool-555-thread-1] INFO  server.RaftServerConfigKeys (ConfUtils.java:logGet(46)) - raft.server.log.statemachine.data.sync.timeout.retry = -1 (default)
2022-06-19 13:07:14,043 [pool-555-thread-1] INFO  server.RaftServerConfigKeys (ConfUtils.java:logGet(46)) - raft.server.log.write.buffer.size = 1048576 (custom)
2022-06-19 13:07:14,044 [pool-555-thread-1] INFO  server.RaftServerConfigKeys (ConfUtils.java:logGet(46)) - raft.server.log.unsafe-flush.enabled = false (default)
2022-06-19 13:07:14,044 [pool-555-thread-1] INFO  server.RaftServerConfigKeys (ConfUtils.java:logGet(46)) - raft.server.log.statemachine.data.caching.enabled = true (custom)
2022-06-19 13:07:14,044 [pool-555-thread-1] INFO  segmented.SegmentedRaftLogWorker (SegmentedRaftLogWorker.java:lambda$new$0(135)) - d6c668d5-a76d-4631-ba67-9d624f40a963@group-AAF266449178-SegmentedRaftLogWorker: flushIndex: setUnconditionally 0 -> -1
2022-06-19 13:07:14,044 [pool-555-thread-1] INFO  segmented.SegmentedRaftLogWorker (SegmentedRaftLogWorker.java:lambda$new$0(135)) - d6c668d5-a76d-4631-ba67-9d624f40a963@group-AAF266449178-SegmentedRaftLogWorker: safeCacheEvictIndex: setUnconditionally 0 -> -1
2022-06-19 13:07:14,053 [pool-555-thread-1] INFO  server.RaftServerConfigKeys (ConfUtils.java:logGet(46)) - raft.server.snapshot.auto.trigger.enabled = true (custom)
2022-06-19 13:07:14,053 [pool-555-thread-1] INFO  server.RaftServerConfigKeys (ConfUtils.java:logGet(46)) - raft.server.snapshot.auto.trigger.threshold = 10000 (custom)
2022-06-19 13:07:14,053 [pool-555-thread-1] INFO  server.RaftServerConfigKeys (ConfUtils.java:logGet(46)) - raft.server.snapshot.retention.file.num = 5 (custom)
2022-06-19 13:07:14,053 [pool-555-thread-1] INFO  server.RaftServerConfigKeys (ConfUtils.java:logGet(46)) - raft.server.log.purge.upto.snapshot.index = false (default)
2022-06-19 13:07:14,053 [pool-555-thread-1] INFO  server.RaftServerConfigKeys (ConfUtils.java:logGet(46)) - raft.server.retrycache.expirytime = 600000ms (custom)
2022-06-19 13:07:14,053 [pool-555-thread-1] INFO  server.RaftServerConfigKeys (ConfUtils.java:logGet(46)) - raft.server.retrycache.statistics.expirytime = 100μs (default)
2022-06-19 13:07:14,054 [pool-555-thread-1] INFO  server.RaftServerConfigKeys (ConfUtils.java:logGet(46)) - raft.server.log.appender.install.snapshot.enabled = false (custom)
2022-06-19 13:07:14,054 [pool-555-thread-1] INFO  server.RaftServerConfigKeys (ConfUtils.java:logGet(46)) - raft.server.threadpool.server.cached = true (default)
2022-06-19 13:07:14,054 [pool-555-thread-1] INFO  server.RaftServerConfigKeys (ConfUtils.java:logGet(46)) - raft.server.threadpool.server.size = 0 (default)
2022-06-19 13:07:14,054 [pool-555-thread-1] INFO  server.RaftServerConfigKeys (ConfUtils.java:logGet(46)) - raft.server.threadpool.client.cached = true (default)
2022-06-19 13:07:14,055 [pool-555-thread-1] INFO  server.RaftServerConfigKeys (ConfUtils.java:logGet(46)) - raft.server.threadpool.client.size = 0 (default)
2022-06-19 13:07:14,055 [pool-555-thread-1] INFO  server.RaftServer$Division (RaftServerImpl.java:start(310)) - d6c668d5-a76d-4631-ba67-9d624f40a963@group-AAF266449178: start as a follower, conf=-1: [d6c668d5-a76d-4631-ba67-9d624f40a963|rpc:10.1.0.4:39345|priority:1], old=null
2022-06-19 13:07:14,055 [pool-555-thread-1] INFO  server.RaftServer$Division (RaftServerImpl.java:setRole(299)) - d6c668d5-a76d-4631-ba67-9d624f40a963@group-AAF266449178: changes role from      null to FOLLOWER at term 0 for startAsFollower
2022-06-19 13:07:14,055 [pool-555-thread-1] INFO  impl.RoleInfo (RoleInfo.java:updateAndGet(139)) - d6c668d5-a76d-4631-ba67-9d624f40a963: start d6c668d5-a76d-4631-ba67-9d624f40a963@group-AAF266449178-FollowerState
2022-06-19 13:07:14,059 [pool-555-thread-1] INFO  util.JmxRegister (JmxRegister.java:tryRegister(44)) - Successfully registered JMX Bean with object name Ratis:service=RaftServer,group=group-AAF266449178,id=d6c668d5-a76d-4631-ba67-9d624f40a963
2022-06-19 13:07:14,064 [Command processor thread] INFO  ratis.XceiverServerRatis (XceiverServerRatis.java:addGroup(765)) - Created group PipelineID=a493a6a5-b4e7-4fab-b1e8-aaf266449178
2022-06-19 13:07:14,064 [Command processor thread] INFO  commandhandler.CreatePipelineCommandHandler (CreatePipelineCommandHandler.java:handle(113)) - Created Pipeline RATIS ONE PipelineID=a493a6a5-b4e7-4fab-b1e8-aaf266449178.
2022-06-19 13:07:14,788 [Listener at 127.0.0.1/41441] INFO  ozone.MiniOzoneClusterImpl (MiniOzoneClusterImpl.java:lambda$waitForClusterToBeReady$0(221)) - Waiting for nodes to be ready. Got 4 of 5 DN Heartbeats.
2022-06-19 13:07:14,789 [Listener at 127.0.0.1/41441] INFO  ozone.MiniOzoneClusterImpl (MiniOzoneClusterImpl.java:lambda$waitForClusterToBeReady$0(224)) - Waiting for cluster to exit safe mode
2022-06-19 13:07:14,789 [Listener at 127.0.0.1/41441] INFO  ozone.MiniOzoneClusterImpl (MiniOzoneClusterImpl.java:lambda$waitForClusterToBeReady$0(226)) - SCM became leader
2022-06-19 13:07:14,813 [IPC Server handler 16 on default port 38365] INFO  net.NetworkTopologyImpl (NetworkTopologyImpl.java:add(112)) - Added a new node: /default-rack/65c965c6-3530-4780-9baf-ab355d813d9a
2022-06-19 13:07:14,813 [IPC Server handler 16 on default port 38365] INFO  node.SCMNodeManager (SCMNodeManager.java:register(394)) - Registered Data node : 65c965c6-3530-4780-9baf-ab355d813d9a{ip: 10.1.0.4, host: fv-az58-449.32bp4kehjaiexiom31oljkjdjg.cx.internal.cloudapp.net, ports: [REPLICATION=45653, RATIS=43667, RATIS_ADMIN=43667, RATIS_SERVER=43667, STANDALONE=40859], networkLocation: /default-rack, certSerialId: null, persistedOpState: null, persistedOpStateExpiryEpochSec: 0}
2022-06-19 13:07:14,814 [EventQueue-NewNodeForNewNodeHandler] INFO  pipeline.BackgroundPipelineCreator (BackgroundPipelineCreator.java:notifyEventTriggered(272)) - trigger a one-shot run on RatisPipelineUtilsThread.
2022-06-19 13:07:14,814 [RatisPipelineUtilsThread - 0] INFO  pipeline.RatisPipelineProvider (RatisPipelineProvider.java:lambda$create$0(195)) - Sending CreatePipelineCommand for pipeline:PipelineID=db95a96e-4c59-444a-ac55-90788122fd49 to datanode:65c965c6-3530-4780-9baf-ab355d813d9a
2022-06-19 13:07:14,814 [RatisPipelineUtilsThread - 0] INFO  pipeline.PipelineStateManagerImpl (PipelineStateManagerImpl.java:addPipeline(101)) - Created pipeline Pipeline[ Id: db95a96e-4c59-444a-ac55-90788122fd49, Nodes: 65c965c6-3530-4780-9baf-ab355d813d9a{ip: 10.1.0.4, host: fv-az58-449.32bp4kehjaiexiom31oljkjdjg.cx.internal.cloudapp.net, ports: [REPLICATION=45653, RATIS=43667, RATIS_ADMIN=43667, RATIS_SERVER=43667, STANDALONE=40859], networkLocation: /default-rack, certSerialId: null, persistedOpState: IN_SERVICE, persistedOpStateExpiryEpochSec: 0}, ReplicationConfig: RATIS/ONE, State:ALLOCATED, leaderId:, CreationTimestamp2022-06-19T13:07:14.814Z[Etc/UTC]].
2022-06-19 13:07:15,265 [Command processor thread] INFO  server.RaftServer (RaftServerProxy.java:addNew(96)) - 2d1a6fdd-4e39-4ef3-8151-c6201fbfce8f: addNew group-098DA23EC055:[2d1a6fdd-4e39-4ef3-8151-c6201fbfce8f|rpc:10.1.0.4:41833|priority:1] returns group-098DA23EC055:java.util.concurrent.CompletableFuture@1e0a5a7f[Not completed]
2022-06-19 13:07:15,269 [pool-578-thread-1] INFO  server.RaftServer$Division (RaftServerImpl.java:<init>(190)) - 2d1a6fdd-4e39-4ef3-8151-c6201fbfce8f: new RaftServerImpl for group-098DA23EC055:[2d1a6fdd-4e39-4ef3-8151-c6201fbfce8f|rpc:10.1.0.4:41833|priority:1] with ContainerStateMachine:uninitialized
2022-06-19 13:07:15,269 [pool-578-thread-1] INFO  server.RaftServerConfigKeys (ConfUtils.java:logGet(46)) - raft.server.rpc.timeout.min = 5s (custom)
2022-06-19 13:07:15,269 [pool-578-thread-1] INFO  server.RaftServerConfigKeys (ConfUtils.java:logGet(46)) - raft.server.rpc.timeout.max = 5200ms (custom)
2022-06-19 13:07:15,269 [pool-578-thread-1] INFO  server.RaftServerConfigKeys (ConfUtils.java:logGet(46)) - raft.server.rpc.sleep.time = 25ms (default)
2022-06-19 13:07:15,269 [pool-578-thread-1] INFO  server.RaftServerConfigKeys (ConfUtils.java:logGet(46)) - raft.server.rpc.slowness.timeout = 300s (custom)
2022-06-19 13:07:15,269 [pool-578-thread-1] INFO  server.RaftServerConfigKeys (ConfUtils.java:logGet(46)) - raft.server.leaderelection.leader.step-down.wait-time = 10s (default)
2022-06-19 13:07:15,269 [pool-578-thread-1] INFO  server.RaftServerConfigKeys (ConfUtils.java:logGet(46)) - raft.server.sleep.deviation.threshold = 300ms (default)
2022-06-19 13:07:15,269 [pool-578-thread-1] INFO  server.RaftServer$Division (ServerState.java:<init>(107)) - 2d1a6fdd-4e39-4ef3-8151-c6201fbfce8f@group-098DA23EC055: ConfigurationManager, init=-1: [2d1a6fdd-4e39-4ef3-8151-c6201fbfce8f|rpc:10.1.0.4:41833|priority:1], old=null, confs=<EMPTY_MAP>
2022-06-19 13:07:15,269 [pool-578-thread-1] INFO  server.RaftServerConfigKeys (ConfUtils.java:logGet(46)) - raft.server.storage.dir = [/home/runner/work/ozone/ozone/hadoop-ozone/integration-test/target/test-dir/MiniOzoneClusterImpl-5e5aab19-8c77-4507-a351-bf1456ba08e7/datanode-2/data/ratis] (custom)
2022-06-19 13:07:15,269 [pool-578-thread-1] INFO  server.RaftServerConfigKeys (ConfUtils.java:logGet(46)) - raft.server.log.corruption.policy = EXCEPTION (default)
2022-06-19 13:07:15,269 [pool-578-thread-1] INFO  server.RaftServerConfigKeys (ConfUtils.java:logGet(46)) - raft.server.storage.free-space.min = 0MB (=0) (default)
2022-06-19 13:07:15,270 [pool-578-thread-1] INFO  storage.RaftStorageDirectory (RaftStorageDirectoryImpl.java:analyzeStorage(135)) - The storage directory /home/runner/work/ozone/ozone/hadoop-ozone/integration-test/target/test-dir/MiniOzoneClusterImpl-5e5aab19-8c77-4507-a351-bf1456ba08e7/datanode-2/data/ratis/86862338-e6f1-4eba-a44f-098da23ec055 does not exist. Creating ...
2022-06-19 13:07:15,271 [pool-578-thread-1] INFO  storage.RaftStorageDirectory (RaftStorageDirectoryImpl.java:tryLock(230)) - Lock on /home/runner/work/ozone/ozone/hadoop-ozone/integration-test/target/test-dir/MiniOzoneClusterImpl-5e5aab19-8c77-4507-a351-bf1456ba08e7/datanode-2/data/ratis/86862338-e6f1-4eba-a44f-098da23ec055/in_use.lock acquired by nodename 17254@fv-az58-449
2022-06-19 13:07:15,273 [pool-578-thread-1] INFO  storage.RaftStorage (RaftStorageImpl.java:format(89)) - Storage directory /home/runner/work/ozone/ozone/hadoop-ozone/integration-test/target/test-dir/MiniOzoneClusterImpl-5e5aab19-8c77-4507-a351-bf1456ba08e7/datanode-2/data/ratis/86862338-e6f1-4eba-a44f-098da23ec055 has been successfully formatted.
2022-06-19 13:07:15,274 [pool-578-thread-1] INFO  ratis.ContainerStateMachine (ContainerStateMachine.java:loadSnapshot(236)) - group-098DA23EC055: The snapshot info is null. Setting the last applied indexto:(t:0, i:~)
2022-06-19 13:07:15,275 [EventQueue-PipelineReportForPipelineReportHandler] INFO  pipeline.PipelineManagerImpl (PipelineManagerImpl.java:openPipeline(356)) - Pipeline Pipeline[ Id: 86862338-e6f1-4eba-a44f-098da23ec055, Nodes: 2d1a6fdd-4e39-4ef3-8151-c6201fbfce8f{ip: 10.1.0.4, host: fv-az58-449.32bp4kehjaiexiom31oljkjdjg.cx.internal.cloudapp.net, ports: [REPLICATION=38575, RATIS=41833, RATIS_ADMIN=41833, RATIS_SERVER=41833, STANDALONE=39883], networkLocation: /default-rack, certSerialId: null, persistedOpState: IN_SERVICE, persistedOpStateExpiryEpochSec: 0}, ReplicationConfig: RATIS/ONE, State:ALLOCATED, leaderId:2d1a6fdd-4e39-4ef3-8151-c6201fbfce8f, CreationTimestamp2022-06-19T13:07:12.271Z[Etc/UTC]] moved to OPEN state
2022-06-19 13:07:15,275 [EventQueue-OpenPipelineForHealthyPipelineSafeModeRule] INFO  safemode.SCMSafeModeManager (HealthyPipelineSafeModeRule.java:process(124)) - SCM in safe mode. Healthy pipelines reported count is 0, required healthy pipeline reported count is 1
2022-06-19 13:07:15,279 [pool-578-thread-1] INFO  server.RaftServerConfigKeys (ConfUtils.java:logGet(46)) - raft.server.notification.no-leader.timeout = 300s (custom)
2022-06-19 13:07:15,279 [pool-578-thread-1] INFO  server.RaftServerConfigKeys (ConfUtils.java:logGet(46)) - raft.server.log.use.memory = false (default)
2022-06-19 13:07:15,279 [pool-578-thread-1] INFO  server.RaftServerConfigKeys (ConfUtils.java:logGet(46)) - raft.server.log.purge.gap = 1000000 (custom)
2022-06-19 13:07:15,279 [pool-578-thread-1] INFO  server.RaftServerConfigKeys (ConfUtils.java:logGet(46)) - raft.server.log.appender.buffer.byte-limit = 33554432 (custom)
2022-06-19 13:07:15,279 [pool-578-thread-1] INFO  server.RaftServerConfigKeys (ConfUtils.java:logGet(46)) - raft.server.log.statemachine.data.read.timeout = 1000ms (default)
2022-06-19 13:07:15,279 [pool-578-thread-1] INFO  server.RaftServerConfigKeys (ConfUtils.java:logGet(46)) - raft.server.log.segment.size.max = 1048576 (custom)
2022-06-19 13:07:15,279 [pool-578-thread-1] INFO  server.RaftServerConfigKeys (ConfUtils.java:logGet(46)) - raft.server.log.segment.cache.num.max = 2 (custom)
2022-06-19 13:07:15,279 [pool-578-thread-1] INFO  server.RaftServerConfigKeys (ConfUtils.java:logGet(46)) - raft.server.log.segment.cache.size.max = 200MB (=209715200) (default)
2022-06-19 13:07:15,280 [pool-578-thread-1] INFO  segmented.SegmentedRaftLogWorker (SegmentedRaftLogWorker.java:<init>(187)) - new 2d1a6fdd-4e39-4ef3-8151-c6201fbfce8f@group-098DA23EC055-SegmentedRaftLogWorker for RaftStorageImpl:Storage Directory /home/runner/work/ozone/ozone/hadoop-ozone/integration-test/target/test-dir/MiniOzoneClusterImpl-5e5aab19-8c77-4507-a351-bf1456ba08e7/datanode-2/data/ratis/86862338-e6f1-4eba-a44f-098da23ec055
2022-06-19 13:07:15,280 [pool-578-thread-1] INFO  server.RaftServerConfigKeys (ConfUtils.java:logGet(46)) - raft.server.log.queue.byte-limit = 4294967296 (custom)
2022-06-19 13:07:15,280 [pool-578-thread-1] INFO  server.RaftServerConfigKeys (ConfUtils.java:logGet(46)) - raft.server.log.queue.element-limit = 1024 (custom)
2022-06-19 13:07:15,291 [pool-578-thread-1] INFO  server.RaftServerConfigKeys (ConfUtils.java:logGet(46)) - raft.server.log.segment.size.max = 1048576 (custom)
2022-06-19 13:07:15,292 [pool-578-thread-1] INFO  server.RaftServerConfigKeys (ConfUtils.java:logGet(46)) - raft.server.log.preallocated.size = 16384 (custom)
2022-06-19 13:07:15,292 [pool-578-thread-1] INFO  server.RaftServerConfigKeys (ConfUtils.java:logGet(46)) - raft.server.log.force.sync.num = 128 (default)
2022-06-19 13:07:15,292 [pool-578-thread-1] INFO  server.RaftServerConfigKeys (ConfUtils.java:logGet(46)) - raft.server.log.statemachine.data.sync = true (default)
2022-06-19 13:07:15,292 [pool-578-thread-1] INFO  server.RaftServerConfigKeys (ConfUtils.java:logGet(46)) - raft.server.log.statemachine.data.sync.timeout = 10s (default)
2022-06-19 13:07:15,292 [pool-578-thread-1] INFO  server.RaftServerConfigKeys (ConfUtils.java:logGet(46)) - raft.server.log.statemachine.data.sync.timeout.retry = -1 (default)
2022-06-19 13:07:15,292 [pool-578-thread-1] INFO  server.RaftServerConfigKeys (ConfUtils.java:logGet(46)) - raft.server.log.write.buffer.size = 1048576 (custom)
2022-06-19 13:07:15,293 [pool-578-thread-1] INFO  server.RaftServerConfigKeys (ConfUtils.java:logGet(46)) - raft.server.log.unsafe-flush.enabled = false (default)
2022-06-19 13:07:15,293 [pool-578-thread-1] INFO  server.RaftServerConfigKeys (ConfUtils.java:logGet(46)) - raft.server.log.statemachine.data.caching.enabled = true (custom)
2022-06-19 13:07:15,293 [pool-578-thread-1] INFO  segmented.SegmentedRaftLogWorker (SegmentedRaftLogWorker.java:lambda$new$0(135)) - 2d1a6fdd-4e39-4ef3-8151-c6201fbfce8f@group-098DA23EC055-SegmentedRaftLogWorker: flushIndex: setUnconditionally 0 -> -1
2022-06-19 13:07:15,293 [pool-578-thread-1] INFO  segmented.SegmentedRaftLogWorker (SegmentedRaftLogWorker.java:lambda$new$0(135)) - 2d1a6fdd-4e39-4ef3-8151-c6201fbfce8f@group-098DA23EC055-SegmentedRaftLogWorker: safeCacheEvictIndex: setUnconditionally 0 -> -1
2022-06-19 13:07:15,308 [pool-578-thread-1] INFO  server.RaftServerConfigKeys (ConfUtils.java:logGet(46)) - raft.server.snapshot.auto.trigger.enabled = true (custom)
2022-06-19 13:07:15,308 [pool-578-thread-1] INFO  server.RaftServerConfigKeys (ConfUtils.java:logGet(46)) - raft.server.snapshot.auto.trigger.threshold = 10000 (custom)
2022-06-19 13:07:15,308 [pool-578-thread-1] INFO  server.RaftServerConfigKeys (ConfUtils.java:logGet(46)) - raft.server.snapshot.retention.file.num = 5 (custom)
2022-06-19 13:07:15,308 [pool-578-thread-1] INFO  server.RaftServerConfigKeys (ConfUtils.java:logGet(46)) - raft.server.log.purge.upto.snapshot.index = false (default)
2022-06-19 13:07:15,308 [pool-578-thread-1] INFO  server.RaftServerConfigKeys (ConfUtils.java:logGet(46)) - raft.server.retrycache.expirytime = 600000ms (custom)
2022-06-19 13:07:15,308 [pool-578-thread-1] INFO  server.RaftServerConfigKeys (ConfUtils.java:logGet(46)) - raft.server.retrycache.statistics.expirytime = 100μs (default)
2022-06-19 13:07:15,309 [pool-578-thread-1] INFO  server.RaftServerConfigKeys (ConfUtils.java:logGet(46)) - raft.server.log.appender.install.snapshot.enabled = false (custom)
2022-06-19 13:07:15,309 [pool-578-thread-1] INFO  server.RaftServerConfigKeys (ConfUtils.java:logGet(46)) - raft.server.threadpool.server.cached = true (default)
2022-06-19 13:07:15,309 [pool-578-thread-1] INFO  server.RaftServerConfigKeys (ConfUtils.java:logGet(46)) - raft.server.threadpool.server.size = 0 (default)
2022-06-19 13:07:15,309 [pool-578-thread-1] INFO  server.RaftServerConfigKeys (ConfUtils.java:logGet(46)) - raft.server.threadpool.client.cached = true (default)
2022-06-19 13:07:15,309 [pool-578-thread-1] INFO  server.RaftServerConfigKeys (ConfUtils.java:logGet(46)) - raft.server.threadpool.client.size = 0 (default)
2022-06-19 13:07:15,309 [pool-578-thread-1] INFO  server.RaftServer$Division (RaftServerImpl.java:start(310)) - 2d1a6fdd-4e39-4ef3-8151-c6201fbfce8f@group-098DA23EC055: start as a follower, conf=-1: [2d1a6fdd-4e39-4ef3-8151-c6201fbfce8f|rpc:10.1.0.4:41833|priority:1], old=null
2022-06-19 13:07:15,309 [pool-578-thread-1] INFO  server.RaftServer$Division (RaftServerImpl.java:setRole(299)) - 2d1a6fdd-4e39-4ef3-8151-c6201fbfce8f@group-098DA23EC055: changes role from      null to FOLLOWER at term 0 for startAsFollower
2022-06-19 13:07:15,309 [pool-578-thread-1] INFO  impl.RoleInfo (RoleInfo.java:updateAndGet(139)) - 2d1a6fdd-4e39-4ef3-8151-c6201fbfce8f: start 2d1a6fdd-4e39-4ef3-8151-c6201fbfce8f@group-098DA23EC055-FollowerState
2022-06-19 13:07:15,337 [pool-578-thread-1] INFO  util.JmxRegister (JmxRegister.java:tryRegister(44)) - Successfully registered JMX Bean with object name Ratis:service=RaftServer,group=group-098DA23EC055,id=2d1a6fdd-4e39-4ef3-8151-c6201fbfce8f
2022-06-19 13:07:15,343 [Command processor thread] INFO  ratis.XceiverServerRatis (XceiverServerRatis.java:addGroup(765)) - Created group PipelineID=86862338-e6f1-4eba-a44f-098da23ec055
2022-06-19 13:07:15,344 [Command processor thread] INFO  commandhandler.CreatePipelineCommandHandler (CreatePipelineCommandHandler.java:handle(113)) - Created Pipeline RATIS ONE PipelineID=86862338-e6f1-4eba-a44f-098da23ec055.
2022-06-19 13:07:15,790 [Listener at 127.0.0.1/41441] INFO  ozone.MiniOzoneClusterImpl (MiniOzoneClusterImpl.java:lambda$waitForClusterToBeReady$0(221)) - Nodes are ready. Got 5 of 5 DN Heartbeats.
2022-06-19 13:07:15,790 [Listener at 127.0.0.1/41441] INFO  ozone.MiniOzoneClusterImpl (MiniOzoneClusterImpl.java:lambda$waitForClusterToBeReady$0(224)) - Waiting for cluster to exit safe mode
2022-06-19 13:07:15,790 [Listener at 127.0.0.1/41441] INFO  ozone.MiniOzoneClusterImpl (MiniOzoneClusterImpl.java:lambda$waitForClusterToBeReady$0(226)) - SCM became leader
2022-06-19 13:07:16,791 [Listener at 127.0.0.1/41441] INFO  ozone.MiniOzoneClusterImpl (MiniOzoneClusterImpl.java:lambda$waitForClusterToBeReady$0(221)) - Nodes are ready. Got 5 of 5 DN Heartbeats.
2022-06-19 13:07:16,791 [Listener at 127.0.0.1/41441] INFO  ozone.MiniOzoneClusterImpl (MiniOzoneClusterImpl.java:lambda$waitForClusterToBeReady$0(224)) - Waiting for cluster to exit safe mode
2022-06-19 13:07:16,791 [Listener at 127.0.0.1/41441] INFO  ozone.MiniOzoneClusterImpl (MiniOzoneClusterImpl.java:lambda$waitForClusterToBeReady$0(226)) - SCM became leader
2022-06-19 13:07:16,825 [Command processor thread] INFO  server.RaftServer (RaftServerProxy.java:addNew(96)) - 2b5693b1-1164-40fb-9360-96156af093bf: addNew group-506688189E62:[2b5693b1-1164-40fb-9360-96156af093bf|rpc:10.1.0.4:41151|priority:1] returns group-506688189E62:java.util.concurrent.CompletableFuture@7ce4089a[Not completed]
2022-06-19 13:07:16,844 [pool-605-thread-1] INFO  server.RaftServer$Division (RaftServerImpl.java:<init>(190)) - 2b5693b1-1164-40fb-9360-96156af093bf: new RaftServerImpl for group-506688189E62:[2b5693b1-1164-40fb-9360-96156af093bf|rpc:10.1.0.4:41151|priority:1] with ContainerStateMachine:uninitialized
2022-06-19 13:07:16,844 [pool-605-thread-1] INFO  server.RaftServerConfigKeys (ConfUtils.java:logGet(46)) - raft.server.rpc.timeout.min = 5s (custom)
2022-06-19 13:07:16,844 [pool-605-thread-1] INFO  server.RaftServerConfigKeys (ConfUtils.java:logGet(46)) - raft.server.rpc.timeout.max = 5200ms (custom)
2022-06-19 13:07:16,844 [pool-605-thread-1] INFO  server.RaftServerConfigKeys (ConfUtils.java:logGet(46)) - raft.server.rpc.sleep.time = 25ms (default)
2022-06-19 13:07:16,844 [pool-605-thread-1] INFO  server.RaftServerConfigKeys (ConfUtils.java:logGet(46)) - raft.server.rpc.slowness.timeout = 300s (custom)
2022-06-19 13:07:16,844 [pool-605-thread-1] INFO  server.RaftServerConfigKeys (ConfUtils.java:logGet(46)) - raft.server.leaderelection.leader.step-down.wait-time = 10s (default)
2022-06-19 13:07:16,844 [pool-605-thread-1] INFO  server.RaftServerConfigKeys (ConfUtils.java:logGet(46)) - raft.server.sleep.deviation.threshold = 300ms (default)
2022-06-19 13:07:16,844 [pool-605-thread-1] INFO  server.RaftServer$Division (ServerState.java:<init>(107)) - 2b5693b1-1164-40fb-9360-96156af093bf@group-506688189E62: ConfigurationManager, init=-1: [2b5693b1-1164-40fb-9360-96156af093bf|rpc:10.1.0.4:41151|priority:1], old=null, confs=<EMPTY_MAP>
2022-06-19 13:07:16,845 [pool-605-thread-1] INFO  server.RaftServerConfigKeys (ConfUtils.java:logGet(46)) - raft.server.storage.dir = [/home/runner/work/ozone/ozone/hadoop-ozone/integration-test/target/test-dir/MiniOzoneClusterImpl-5e5aab19-8c77-4507-a351-bf1456ba08e7/datanode-3/data/ratis] (custom)
2022-06-19 13:07:16,845 [pool-605-thread-1] INFO  server.RaftServerConfigKeys (ConfUtils.java:logGet(46)) - raft.server.log.corruption.policy = EXCEPTION (default)
2022-06-19 13:07:16,845 [pool-605-thread-1] INFO  server.RaftServerConfigKeys (ConfUtils.java:logGet(46)) - raft.server.storage.free-space.min = 0MB (=0) (default)
2022-06-19 13:07:16,845 [pool-605-thread-1] INFO  storage.RaftStorageDirectory (RaftStorageDirectoryImpl.java:analyzeStorage(135)) - The storage directory /home/runner/work/ozone/ozone/hadoop-ozone/integration-test/target/test-dir/MiniOzoneClusterImpl-5e5aab19-8c77-4507-a351-bf1456ba08e7/datanode-3/data/ratis/a5f3c8ec-f674-4053-90ef-506688189e62 does not exist. Creating ...
2022-06-19 13:07:16,846 [pool-605-thread-1] INFO  storage.RaftStorageDirectory (RaftStorageDirectoryImpl.java:tryLock(230)) - Lock on /home/runner/work/ozone/ozone/hadoop-ozone/integration-test/target/test-dir/MiniOzoneClusterImpl-5e5aab19-8c77-4507-a351-bf1456ba08e7/datanode-3/data/ratis/a5f3c8ec-f674-4053-90ef-506688189e62/in_use.lock acquired by nodename 17254@fv-az58-449
2022-06-19 13:07:16,877 [pool-605-thread-1] INFO  storage.RaftStorage (RaftStorageImpl.java:format(89)) - Storage directory /home/runner/work/ozone/ozone/hadoop-ozone/integration-test/target/test-dir/MiniOzoneClusterImpl-5e5aab19-8c77-4507-a351-bf1456ba08e7/datanode-3/data/ratis/a5f3c8ec-f674-4053-90ef-506688189e62 has been successfully formatted.
2022-06-19 13:07:16,897 [pool-605-thread-1] INFO  ratis.ContainerStateMachine (ContainerStateMachine.java:loadSnapshot(236)) - group-506688189E62: The snapshot info is null. Setting the last applied indexto:(t:0, i:~)
2022-06-19 13:07:16,897 [pool-605-thread-1] INFO  server.RaftServerConfigKeys (ConfUtils.java:logGet(46)) - raft.server.notification.no-leader.timeout = 300s (custom)
2022-06-19 13:07:16,897 [pool-605-thread-1] INFO  server.RaftServerConfigKeys (ConfUtils.java:logGet(46)) - raft.server.log.use.memory = false (default)
2022-06-19 13:07:16,898 [pool-605-thread-1] INFO  server.RaftServerConfigKeys (ConfUtils.java:logGet(46)) - raft.server.log.purge.gap = 1000000 (custom)
2022-06-19 13:07:16,898 [pool-605-thread-1] INFO  server.RaftServerConfigKeys (ConfUtils.java:logGet(46)) - raft.server.log.appender.buffer.byte-limit = 33554432 (custom)
2022-06-19 13:07:16,898 [pool-605-thread-1] INFO  server.RaftServerConfigKeys (ConfUtils.java:logGet(46)) - raft.server.log.statemachine.data.read.timeout = 1000ms (default)
2022-06-19 13:07:16,898 [pool-605-thread-1] INFO  server.RaftServerConfigKeys (ConfUtils.java:logGet(46)) - raft.server.log.segment.size.max = 1048576 (custom)
2022-06-19 13:07:16,898 [pool-605-thread-1] INFO  server.RaftServerConfigKeys (ConfUtils.java:logGet(46)) - raft.server.log.segment.cache.num.max = 2 (custom)
2022-06-19 13:07:16,898 [pool-605-thread-1] INFO  server.RaftServerConfigKeys (ConfUtils.java:logGet(46)) - raft.server.log.segment.cache.size.max = 200MB (=209715200) (default)
2022-06-19 13:07:16,898 [pool-605-thread-1] INFO  segmented.SegmentedRaftLogWorker (SegmentedRaftLogWorker.java:<init>(187)) - new 2b5693b1-1164-40fb-9360-96156af093bf@group-506688189E62-SegmentedRaftLogWorker for RaftStorageImpl:Storage Directory /home/runner/work/ozone/ozone/hadoop-ozone/integration-test/target/test-dir/MiniOzoneClusterImpl-5e5aab19-8c77-4507-a351-bf1456ba08e7/datanode-3/data/ratis/a5f3c8ec-f674-4053-90ef-506688189e62
2022-06-19 13:07:16,898 [pool-605-thread-1] INFO  server.RaftServerConfigKeys (ConfUtils.java:logGet(46)) - raft.server.log.queue.byte-limit = 4294967296 (custom)
2022-06-19 13:07:16,898 [pool-605-thread-1] INFO  server.RaftServerConfigKeys (ConfUtils.java:logGet(46)) - raft.server.log.queue.element-limit = 1024 (custom)
2022-06-19 13:07:16,898 [pool-605-thread-1] INFO  server.RaftServerConfigKeys (ConfUtils.java:logGet(46)) - raft.server.log.segment.size.max = 1048576 (custom)
2022-06-19 13:07:16,898 [pool-605-thread-1] INFO  server.RaftServerConfigKeys (ConfUtils.java:logGet(46)) - raft.server.log.preallocated.size = 16384 (custom)
2022-06-19 13:07:16,898 [pool-605-thread-1] INFO  server.RaftServerConfigKeys (ConfUtils.java:logGet(46)) - raft.server.log.force.sync.num = 128 (default)
2022-06-19 13:07:16,898 [pool-605-thread-1] INFO  server.RaftServerConfigKeys (ConfUtils.java:logGet(46)) - raft.server.log.statemachine.data.sync = true (default)
2022-06-19 13:07:16,898 [pool-605-thread-1] INFO  server.RaftServerConfigKeys (ConfUtils.java:logGet(46)) - raft.server.log.statemachine.data.sync.timeout = 10s (default)
2022-06-19 13:07:16,898 [pool-605-thread-1] INFO  server.RaftServerConfigKeys (ConfUtils.java:logGet(46)) - raft.server.log.statemachine.data.sync.timeout.retry = -1 (default)
2022-06-19 13:07:16,899 [pool-605-thread-1] INFO  server.RaftServerConfigKeys (ConfUtils.java:logGet(46)) - raft.server.log.write.buffer.size = 1048576 (custom)
2022-06-19 13:07:16,899 [pool-605-thread-1] INFO  server.RaftServerConfigKeys (ConfUtils.java:logGet(46)) - raft.server.log.unsafe-flush.enabled = false (default)
2022-06-19 13:07:16,899 [pool-605-thread-1] INFO  server.RaftServerConfigKeys (ConfUtils.java:logGet(46)) - raft.server.log.statemachine.data.caching.enabled = true (custom)
2022-06-19 13:07:16,900 [pool-605-thread-1] INFO  segmented.SegmentedRaftLogWorker (SegmentedRaftLogWorker.java:lambda$new$0(135)) - 2b5693b1-1164-40fb-9360-96156af093bf@group-506688189E62-SegmentedRaftLogWorker: flushIndex: setUnconditionally 0 -> -1
2022-06-19 13:07:16,900 [pool-605-thread-1] INFO  segmented.SegmentedRaftLogWorker (SegmentedRaftLogWorker.java:lambda$new$0(135)) - 2b5693b1-1164-40fb-9360-96156af093bf@group-506688189E62-SegmentedRaftLogWorker: safeCacheEvictIndex: setUnconditionally 0 -> -1
2022-06-19 13:07:16,902 [EventQueue-PipelineReportForPipelineReportHandler] INFO  pipeline.PipelineManagerImpl (PipelineManagerImpl.java:openPipeline(356)) - Pipeline Pipeline[ Id: a5f3c8ec-f674-4053-90ef-506688189e62, Nodes: 2b5693b1-1164-40fb-9360-96156af093bf{ip: 10.1.0.4, host: fv-az58-449.32bp4kehjaiexiom31oljkjdjg.cx.internal.cloudapp.net, ports: [REPLICATION=43363, RATIS=41151, RATIS_ADMIN=41151, RATIS_SERVER=41151, STANDALONE=43843], networkLocation: /default-rack, certSerialId: null, persistedOpState: IN_SERVICE, persistedOpStateExpiryEpochSec: 0}, ReplicationConfig: RATIS/ONE, State:ALLOCATED, leaderId:2b5693b1-1164-40fb-9360-96156af093bf, CreationTimestamp2022-06-19T13:07:13.795Z[Etc/UTC]] moved to OPEN state
2022-06-19 13:07:16,902 [EventQueue-OpenPipelineForHealthyPipelineSafeModeRule] INFO  safemode.SCMSafeModeManager (HealthyPipelineSafeModeRule.java:process(124)) - SCM in safe mode. Healthy pipelines reported count is 0, required healthy pipeline reported count is 1
2022-06-19 13:07:16,912 [pool-605-thread-1] INFO  server.RaftServerConfigKeys (ConfUtils.java:logGet(46)) - raft.server.snapshot.auto.trigger.enabled = true (custom)
2022-06-19 13:07:16,912 [pool-605-thread-1] INFO  server.RaftServerConfigKeys (ConfUtils.java:logGet(46)) - raft.server.snapshot.auto.trigger.threshold = 10000 (custom)
2022-06-19 13:07:16,912 [pool-605-thread-1] INFO  server.RaftServerConfigKeys (ConfUtils.java:logGet(46)) - raft.server.snapshot.retention.file.num = 5 (custom)
2022-06-19 13:07:16,912 [pool-605-thread-1] INFO  server.RaftServerConfigKeys (ConfUtils.java:logGet(46)) - raft.server.log.purge.upto.snapshot.index = false (default)
2022-06-19 13:07:16,912 [pool-605-thread-1] INFO  server.RaftServerConfigKeys (ConfUtils.java:logGet(46)) - raft.server.retrycache.expirytime = 600000ms (custom)
2022-06-19 13:07:16,913 [pool-605-thread-1] INFO  server.RaftServerConfigKeys (ConfUtils.java:logGet(46)) - raft.server.retrycache.statistics.expirytime = 100μs (default)
2022-06-19 13:07:16,914 [pool-605-thread-1] INFO  server.RaftServerConfigKeys (ConfUtils.java:logGet(46)) - raft.server.log.appender.install.snapshot.enabled = false (custom)
2022-06-19 13:07:16,914 [pool-605-thread-1] INFO  server.RaftServerConfigKeys (ConfUtils.java:logGet(46)) - raft.server.threadpool.server.cached = true (default)
2022-06-19 13:07:16,914 [pool-605-thread-1] INFO  server.RaftServerConfigKeys (ConfUtils.java:logGet(46)) - raft.server.threadpool.server.size = 0 (default)
2022-06-19 13:07:16,914 [pool-605-thread-1] INFO  server.RaftServerConfigKeys (ConfUtils.java:logGet(46)) - raft.server.threadpool.client.cached = true (default)
2022-06-19 13:07:16,914 [pool-605-thread-1] INFO  server.RaftServerConfigKeys (ConfUtils.java:logGet(46)) - raft.server.threadpool.client.size = 0 (default)
2022-06-19 13:07:16,914 [pool-605-thread-1] INFO  server.RaftServer$Division (RaftServerImpl.java:start(310)) - 2b5693b1-1164-40fb-9360-96156af093bf@group-506688189E62: start as a follower, conf=-1: [2b5693b1-1164-40fb-9360-96156af093bf|rpc:10.1.0.4:41151|priority:1], old=null
2022-06-19 13:07:16,914 [pool-605-thread-1] INFO  server.RaftServer$Division (RaftServerImpl.java:setRole(299)) - 2b5693b1-1164-40fb-9360-96156af093bf@group-506688189E62: changes role from      null to FOLLOWER at term 0 for startAsFollower
2022-06-19 13:07:16,914 [pool-605-thread-1] INFO  impl.RoleInfo (RoleInfo.java:updateAndGet(139)) - 2b5693b1-1164-40fb-9360-96156af093bf: start 2b5693b1-1164-40fb-9360-96156af093bf@group-506688189E62-FollowerState
2022-06-19 13:07:16,917 [pool-605-thread-1] INFO  util.JmxRegister (JmxRegister.java:tryRegister(44)) - Successfully registered JMX Bean with object name Ratis:service=RaftServer,group=group-506688189E62,id=2b5693b1-1164-40fb-9360-96156af093bf
2022-06-19 13:07:16,925 [Command processor thread] INFO  ratis.XceiverServerRatis (XceiverServerRatis.java:addGroup(765)) - Created group PipelineID=a5f3c8ec-f674-4053-90ef-506688189e62
2022-06-19 13:07:16,925 [Command processor thread] INFO  commandhandler.CreatePipelineCommandHandler (CreatePipelineCommandHandler.java:handle(113)) - Created Pipeline RATIS ONE PipelineID=a5f3c8ec-f674-4053-90ef-506688189e62.
2022-06-19 13:07:17,791 [Listener at 127.0.0.1/41441] INFO  ozone.MiniOzoneClusterImpl (MiniOzoneClusterImpl.java:lambda$waitForClusterToBeReady$0(221)) - Nodes are ready. Got 5 of 5 DN Heartbeats.
2022-06-19 13:07:17,791 [Listener at 127.0.0.1/41441] INFO  ozone.MiniOzoneClusterImpl (MiniOzoneClusterImpl.java:lambda$waitForClusterToBeReady$0(224)) - Waiting for cluster to exit safe mode
2022-06-19 13:07:17,791 [Listener at 127.0.0.1/41441] INFO  ozone.MiniOzoneClusterImpl (MiniOzoneClusterImpl.java:lambda$waitForClusterToBeReady$0(226)) - SCM became leader
2022-06-19 13:07:17,810 [Command processor thread] INFO  server.RaftServer (RaftServerProxy.java:addNew(96)) - 65c965c6-3530-4780-9baf-ab355d813d9a: addNew group-90788122FD49:[65c965c6-3530-4780-9baf-ab355d813d9a|rpc:10.1.0.4:43667|priority:1] returns group-90788122FD49:java.util.concurrent.CompletableFuture@6bc448f1[Not completed]
2022-06-19 13:07:17,811 [pool-632-thread-1] INFO  server.RaftServer$Division (RaftServerImpl.java:<init>(190)) - 65c965c6-3530-4780-9baf-ab355d813d9a: new RaftServerImpl for group-90788122FD49:[65c965c6-3530-4780-9baf-ab355d813d9a|rpc:10.1.0.4:43667|priority:1] with ContainerStateMachine:uninitialized
2022-06-19 13:07:17,812 [pool-632-thread-1] INFO  server.RaftServerConfigKeys (ConfUtils.java:logGet(46)) - raft.server.rpc.timeout.min = 5s (custom)
2022-06-19 13:07:17,812 [pool-632-thread-1] INFO  server.RaftServerConfigKeys (ConfUtils.java:logGet(46)) - raft.server.rpc.timeout.max = 5200ms (custom)
2022-06-19 13:07:17,812 [pool-632-thread-1] INFO  server.RaftServerConfigKeys (ConfUtils.java:logGet(46)) - raft.server.rpc.sleep.time = 25ms (default)
2022-06-19 13:07:17,812 [pool-632-thread-1] INFO  server.RaftServerConfigKeys (ConfUtils.java:logGet(46)) - raft.server.rpc.slowness.timeout = 300s (custom)
2022-06-19 13:07:17,812 [pool-632-thread-1] INFO  server.RaftServerConfigKeys (ConfUtils.java:logGet(46)) - raft.server.leaderelection.leader.step-down.wait-time = 10s (default)
2022-06-19 13:07:17,812 [pool-632-thread-1] INFO  server.RaftServerConfigKeys (ConfUtils.java:logGet(46)) - raft.server.sleep.deviation.threshold = 300ms (default)
2022-06-19 13:07:17,812 [pool-632-thread-1] INFO  server.RaftServer$Division (ServerState.java:<init>(107)) - 65c965c6-3530-4780-9baf-ab355d813d9a@group-90788122FD49: ConfigurationManager, init=-1: [65c965c6-3530-4780-9baf-ab355d813d9a|rpc:10.1.0.4:43667|priority:1], old=null, confs=<EMPTY_MAP>
2022-06-19 13:07:17,812 [pool-632-thread-1] INFO  server.RaftServerConfigKeys (ConfUtils.java:logGet(46)) - raft.server.storage.dir = [/home/runner/work/ozone/ozone/hadoop-ozone/integration-test/target/test-dir/MiniOzoneClusterImpl-5e5aab19-8c77-4507-a351-bf1456ba08e7/datanode-4/data/ratis] (custom)
2022-06-19 13:07:17,812 [pool-632-thread-1] INFO  server.RaftServerConfigKeys (ConfUtils.java:logGet(46)) - raft.server.log.corruption.policy = EXCEPTION (default)
2022-06-19 13:07:17,812 [pool-632-thread-1] INFO  server.RaftServerConfigKeys (ConfUtils.java:logGet(46)) - raft.server.storage.free-space.min = 0MB (=0) (default)
2022-06-19 13:07:17,812 [pool-632-thread-1] INFO  storage.RaftStorageDirectory (RaftStorageDirectoryImpl.java:analyzeStorage(135)) - The storage directory /home/runner/work/ozone/ozone/hadoop-ozone/integration-test/target/test-dir/MiniOzoneClusterImpl-5e5aab19-8c77-4507-a351-bf1456ba08e7/datanode-4/data/ratis/db95a96e-4c59-444a-ac55-90788122fd49 does not exist. Creating ...
2022-06-19 13:07:17,817 [pool-632-thread-1] INFO  storage.RaftStorageDirectory (RaftStorageDirectoryImpl.java:tryLock(230)) - Lock on /home/runner/work/ozone/ozone/hadoop-ozone/integration-test/target/test-dir/MiniOzoneClusterImpl-5e5aab19-8c77-4507-a351-bf1456ba08e7/datanode-4/data/ratis/db95a96e-4c59-444a-ac55-90788122fd49/in_use.lock acquired by nodename 17254@fv-az58-449
2022-06-19 13:07:17,820 [pool-632-thread-1] INFO  storage.RaftStorage (RaftStorageImpl.java:format(89)) - Storage directory /home/runner/work/ozone/ozone/hadoop-ozone/integration-test/target/test-dir/MiniOzoneClusterImpl-5e5aab19-8c77-4507-a351-bf1456ba08e7/datanode-4/data/ratis/db95a96e-4c59-444a-ac55-90788122fd49 has been successfully formatted.
2022-06-19 13:07:17,849 [pool-632-thread-1] INFO  ratis.ContainerStateMachine (ContainerStateMachine.java:loadSnapshot(236)) - group-90788122FD49: The snapshot info is null. Setting the last applied indexto:(t:0, i:~)
2022-06-19 13:07:17,850 [EventQueue-PipelineReportForPipelineReportHandler] INFO  pipeline.PipelineManagerImpl (PipelineManagerImpl.java:openPipeline(356)) - Pipeline Pipeline[ Id: db95a96e-4c59-444a-ac55-90788122fd49, Nodes: 65c965c6-3530-4780-9baf-ab355d813d9a{ip: 10.1.0.4, host: fv-az58-449.32bp4kehjaiexiom31oljkjdjg.cx.internal.cloudapp.net, ports: [REPLICATION=45653, RATIS=43667, RATIS_ADMIN=43667, RATIS_SERVER=43667, STANDALONE=40859], networkLocation: /default-rack, certSerialId: null, persistedOpState: IN_SERVICE, persistedOpStateExpiryEpochSec: 0}, ReplicationConfig: RATIS/ONE, State:ALLOCATED, leaderId:65c965c6-3530-4780-9baf-ab355d813d9a, CreationTimestamp2022-06-19T13:07:14.814Z[Etc/UTC]] moved to OPEN state
2022-06-19 13:07:17,851 [EventQueue-OpenPipelineForHealthyPipelineSafeModeRule] INFO  safemode.SCMSafeModeManager (HealthyPipelineSafeModeRule.java:process(124)) - SCM in safe mode. Healthy pipelines reported count is 0, required healthy pipeline reported count is 1
2022-06-19 13:07:17,851 [pool-632-thread-1] INFO  server.RaftServerConfigKeys (ConfUtils.java:logGet(46)) - raft.server.notification.no-leader.timeout = 300s (custom)
2022-06-19 13:07:17,851 [pool-632-thread-1] INFO  server.RaftServerConfigKeys (ConfUtils.java:logGet(46)) - raft.server.log.use.memory = false (default)
2022-06-19 13:07:17,851 [pool-632-thread-1] INFO  server.RaftServerConfigKeys (ConfUtils.java:logGet(46)) - raft.server.log.purge.gap = 1000000 (custom)
2022-06-19 13:07:17,851 [pool-632-thread-1] INFO  server.RaftServerConfigKeys (ConfUtils.java:logGet(46)) - raft.server.log.appender.buffer.byte-limit = 33554432 (custom)
2022-06-19 13:07:17,851 [pool-632-thread-1] INFO  server.RaftServerConfigKeys (ConfUtils.java:logGet(46)) - raft.server.log.statemachine.data.read.timeout = 1000ms (default)
2022-06-19 13:07:17,851 [pool-632-thread-1] INFO  server.RaftServerConfigKeys (ConfUtils.java:logGet(46)) - raft.server.log.segment.size.max = 1048576 (custom)
2022-06-19 13:07:17,852 [pool-632-thread-1] INFO  server.RaftServerConfigKeys (ConfUtils.java:logGet(46)) - raft.server.log.segment.cache.num.max = 2 (custom)
2022-06-19 13:07:17,852 [pool-632-thread-1] INFO  server.RaftServerConfigKeys (ConfUtils.java:logGet(46)) - raft.server.log.segment.cache.size.max = 200MB (=209715200) (default)
2022-06-19 13:07:17,852 [pool-632-thread-1] INFO  segmented.SegmentedRaftLogWorker (SegmentedRaftLogWorker.java:<init>(187)) - new 65c965c6-3530-4780-9baf-ab355d813d9a@group-90788122FD49-SegmentedRaftLogWorker for RaftStorageImpl:Storage Directory /home/runner/work/ozone/ozone/hadoop-ozone/integration-test/target/test-dir/MiniOzoneClusterImpl-5e5aab19-8c77-4507-a351-bf1456ba08e7/datanode-4/data/ratis/db95a96e-4c59-444a-ac55-90788122fd49
2022-06-19 13:07:17,852 [pool-632-thread-1] INFO  server.RaftServerConfigKeys (ConfUtils.java:logGet(46)) - raft.server.log.queue.byte-limit = 4294967296 (custom)
2022-06-19 13:07:17,852 [pool-632-thread-1] INFO  server.RaftServerConfigKeys (ConfUtils.java:logGet(46)) - raft.server.log.queue.element-limit = 1024 (custom)
2022-06-19 13:07:17,852 [pool-632-thread-1] INFO  server.RaftServerConfigKeys (ConfUtils.java:logGet(46)) - raft.server.log.segment.size.max = 1048576 (custom)
2022-06-19 13:07:17,852 [pool-632-thread-1] INFO  server.RaftServerConfigKeys (ConfUtils.java:logGet(46)) - raft.server.log.preallocated.size = 16384 (custom)
2022-06-19 13:07:17,852 [pool-632-thread-1] INFO  server.RaftServerConfigKeys (ConfUtils.java:logGet(46)) - raft.server.log.force.sync.num = 128 (default)
2022-06-19 13:07:17,852 [pool-632-thread-1] INFO  server.RaftServerConfigKeys (ConfUtils.java:logGet(46)) - raft.server.log.statemachine.data.sync = true (default)
2022-06-19 13:07:17,852 [pool-632-thread-1] INFO  server.RaftServerConfigKeys (ConfUtils.java:logGet(46)) - raft.server.log.statemachine.data.sync.timeout = 10s (default)
2022-06-19 13:07:17,852 [pool-632-thread-1] INFO  server.RaftServerConfigKeys (ConfUtils.java:logGet(46)) - raft.server.log.statemachine.data.sync.timeout.retry = -1 (default)
2022-06-19 13:07:17,853 [pool-632-thread-1] INFO  server.RaftServerConfigKeys (ConfUtils.java:logGet(46)) - raft.server.log.write.buffer.size = 1048576 (custom)
2022-06-19 13:07:17,865 [pool-632-thread-1] INFO  server.RaftServerConfigKeys (ConfUtils.java:logGet(46)) - raft.server.log.unsafe-flush.enabled = false (default)
2022-06-19 13:07:17,865 [pool-632-thread-1] INFO  server.RaftServerConfigKeys (ConfUtils.java:logGet(46)) - raft.server.log.statemachine.data.caching.enabled = true (custom)
2022-06-19 13:07:17,866 [pool-632-thread-1] INFO  segmented.SegmentedRaftLogWorker (SegmentedRaftLogWorker.java:lambda$new$0(135)) - 65c965c6-3530-4780-9baf-ab355d813d9a@group-90788122FD49-SegmentedRaftLogWorker: flushIndex: setUnconditionally 0 -> -1
2022-06-19 13:07:17,866 [pool-632-thread-1] INFO  segmented.SegmentedRaftLogWorker (SegmentedRaftLogWorker.java:lambda$new$0(135)) - 65c965c6-3530-4780-9baf-ab355d813d9a@group-90788122FD49-SegmentedRaftLogWorker: safeCacheEvictIndex: setUnconditionally 0 -> -1
2022-06-19 13:07:17,869 [pool-632-thread-1] INFO  server.RaftServerConfigKeys (ConfUtils.java:logGet(46)) - raft.server.snapshot.auto.trigger.enabled = true (custom)
2022-06-19 13:07:17,869 [pool-632-thread-1] INFO  server.RaftServerConfigKeys (ConfUtils.java:logGet(46)) - raft.server.snapshot.auto.trigger.threshold = 10000 (custom)
2022-06-19 13:07:17,869 [pool-632-thread-1] INFO  server.RaftServerConfigKeys (ConfUtils.java:logGet(46)) - raft.server.snapshot.retention.file.num = 5 (custom)
2022-06-19 13:07:17,869 [pool-632-thread-1] INFO  server.RaftServerConfigKeys (ConfUtils.java:logGet(46)) - raft.server.log.purge.upto.snapshot.index = false (default)
2022-06-19 13:07:17,869 [pool-632-thread-1] INFO  server.RaftServerConfigKeys (ConfUtils.java:logGet(46)) - raft.server.retrycache.expirytime = 600000ms (custom)
2022-06-19 13:07:17,869 [pool-632-thread-1] INFO  server.RaftServerConfigKeys (ConfUtils.java:logGet(46)) - raft.server.retrycache.statistics.expirytime = 100μs (default)
2022-06-19 13:07:17,870 [pool-632-thread-1] INFO  server.RaftServerConfigKeys (ConfUtils.java:logGet(46)) - raft.server.log.appender.install.snapshot.enabled = false (custom)
2022-06-19 13:07:17,870 [pool-632-thread-1] INFO  server.RaftServerConfigKeys (ConfUtils.java:logGet(46)) - raft.server.threadpool.server.cached = true (default)
2022-06-19 13:07:17,870 [pool-632-thread-1] INFO  server.RaftServerConfigKeys (ConfUtils.java:logGet(46)) - raft.server.threadpool.server.size = 0 (default)
2022-06-19 13:07:17,870 [pool-632-thread-1] INFO  server.RaftServerConfigKeys (ConfUtils.java:logGet(46)) - raft.server.threadpool.client.cached = true (default)
2022-06-19 13:07:17,870 [pool-632-thread-1] INFO  server.RaftServerConfigKeys (ConfUtils.java:logGet(46)) - raft.server.threadpool.client.size = 0 (default)
2022-06-19 13:07:17,871 [pool-632-thread-1] INFO  server.RaftServer$Division (RaftServerImpl.java:start(310)) - 65c965c6-3530-4780-9baf-ab355d813d9a@group-90788122FD49: start as a follower, conf=-1: [65c965c6-3530-4780-9baf-ab355d813d9a|rpc:10.1.0.4:43667|priority:1], old=null
2022-06-19 13:07:17,871 [pool-632-thread-1] INFO  server.RaftServer$Division (RaftServerImpl.java:setRole(299)) - 65c965c6-3530-4780-9baf-ab355d813d9a@group-90788122FD49: changes role from      null to FOLLOWER at term 0 for startAsFollower
2022-06-19 13:07:17,871 [pool-632-thread-1] INFO  impl.RoleInfo (RoleInfo.java:updateAndGet(139)) - 65c965c6-3530-4780-9baf-ab355d813d9a: start 65c965c6-3530-4780-9baf-ab355d813d9a@group-90788122FD49-FollowerState
2022-06-19 13:07:17,881 [pool-632-thread-1] INFO  util.JmxRegister (JmxRegister.java:tryRegister(44)) - Successfully registered JMX Bean with object name Ratis:service=RaftServer,group=group-90788122FD49,id=65c965c6-3530-4780-9baf-ab355d813d9a
2022-06-19 13:07:17,885 [Command processor thread] INFO  ratis.XceiverServerRatis (XceiverServerRatis.java:addGroup(765)) - Created group PipelineID=db95a96e-4c59-444a-ac55-90788122fd49
2022-06-19 13:07:17,885 [Command processor thread] INFO  commandhandler.CreatePipelineCommandHandler (CreatePipelineCommandHandler.java:handle(113)) - Created Pipeline RATIS ONE PipelineID=db95a96e-4c59-444a-ac55-90788122fd49.
2022-06-19 13:07:18,054 [f58b4837-0c66-44b2-8a93-771d4ee68852@group-0D818BC3E93C-FollowerState] INFO  impl.FollowerState (FollowerState.java:run(143)) - f58b4837-0c66-44b2-8a93-771d4ee68852@group-0D818BC3E93C-FollowerState: change to CANDIDATE, lastRpcElapsedTime:5109122766ns, electionTimeout:5103ms
2022-06-19 13:07:18,054 [f58b4837-0c66-44b2-8a93-771d4ee68852@group-0D818BC3E93C-FollowerState] INFO  impl.RoleInfo (RoleInfo.java:shutdownFollowerState(110)) - f58b4837-0c66-44b2-8a93-771d4ee68852: shutdown f58b4837-0c66-44b2-8a93-771d4ee68852@group-0D818BC3E93C-FollowerState
2022-06-19 13:07:18,054 [f58b4837-0c66-44b2-8a93-771d4ee68852@group-0D818BC3E93C-FollowerState] INFO  server.RaftServer$Division (RaftServerImpl.java:setRole(299)) - f58b4837-0c66-44b2-8a93-771d4ee68852@group-0D818BC3E93C: changes role from  FOLLOWER to CANDIDATE at term 0 for changeToCandidate
2022-06-19 13:07:18,054 [f58b4837-0c66-44b2-8a93-771d4ee68852@group-0D818BC3E93C-FollowerState] INFO  server.RaftServerConfigKeys (ConfUtils.java:logGet(46)) - raft.server.leaderelection.pre-vote = false (custom)
2022-06-19 13:07:18,054 [f58b4837-0c66-44b2-8a93-771d4ee68852@group-0D818BC3E93C-FollowerState] INFO  impl.RoleInfo (RoleInfo.java:updateAndGet(139)) - f58b4837-0c66-44b2-8a93-771d4ee68852: start f58b4837-0c66-44b2-8a93-771d4ee68852@group-0D818BC3E93C-LeaderElection41
2022-06-19 13:07:18,119 [f58b4837-0c66-44b2-8a93-771d4ee68852@group-0D818BC3E93C-LeaderElection41] INFO  impl.LeaderElection (LeaderElection.java:askForVotes(310)) - f58b4837-0c66-44b2-8a93-771d4ee68852@group-0D818BC3E93C-LeaderElection41 ELECTION round 0: submit vote requests at term 1 for -1: [f58b4837-0c66-44b2-8a93-771d4ee68852|rpc:10.1.0.4:34339|priority:1], old=null
2022-06-19 13:07:18,119 [f58b4837-0c66-44b2-8a93-771d4ee68852@group-0D818BC3E93C-LeaderElection41] INFO  impl.LeaderElection (LeaderElection.java:askForVotes(312)) - f58b4837-0c66-44b2-8a93-771d4ee68852@group-0D818BC3E93C-LeaderElection41 ELECTION round 0: result PASSED (term=1)
2022-06-19 13:07:18,119 [f58b4837-0c66-44b2-8a93-771d4ee68852@group-0D818BC3E93C-LeaderElection41] INFO  impl.RoleInfo (RoleInfo.java:shutdownLeaderElection(130)) - f58b4837-0c66-44b2-8a93-771d4ee68852: shutdown f58b4837-0c66-44b2-8a93-771d4ee68852@group-0D818BC3E93C-LeaderElection41
2022-06-19 13:07:18,119 [f58b4837-0c66-44b2-8a93-771d4ee68852@group-0D818BC3E93C-LeaderElection41] INFO  server.RaftServer$Division (RaftServerImpl.java:setRole(299)) - f58b4837-0c66-44b2-8a93-771d4ee68852@group-0D818BC3E93C: changes role from CANDIDATE to LEADER at term 1 for changeToLeader
2022-06-19 13:07:18,119 [f58b4837-0c66-44b2-8a93-771d4ee68852@group-0D818BC3E93C-LeaderElection41] INFO  ratis.XceiverServerRatis (XceiverServerRatis.java:handleLeaderChangedNotification(863)) - Leader change notification received for group: group-0D818BC3E93C with new leaderId: f58b4837-0c66-44b2-8a93-771d4ee68852
2022-06-19 13:07:18,119 [f58b4837-0c66-44b2-8a93-771d4ee68852@group-0D818BC3E93C-LeaderElection41] INFO  server.RaftServer$Division (ServerState.java:setLeader(287)) - f58b4837-0c66-44b2-8a93-771d4ee68852@group-0D818BC3E93C: change Leader from null to f58b4837-0c66-44b2-8a93-771d4ee68852 at term 1 for becomeLeader, leader elected after 5183ms
2022-06-19 13:07:18,119 [f58b4837-0c66-44b2-8a93-771d4ee68852@group-0D818BC3E93C-LeaderElection41] INFO  server.RaftServerConfigKeys (ConfUtils.java:logGet(46)) - raft.server.staging.catchup.gap = 1000 (default)
2022-06-19 13:07:18,119 [f58b4837-0c66-44b2-8a93-771d4ee68852@group-0D818BC3E93C-LeaderElection41] INFO  server.RaftServerConfigKeys (ConfUtils.java:logGet(46)) - raft.server.write.element-limit = 1024 (custom)
2022-06-19 13:07:18,119 [f58b4837-0c66-44b2-8a93-771d4ee68852@group-0D818BC3E93C-LeaderElection41] INFO  server.RaftServerConfigKeys (ConfUtils.java:logGet(46)) - raft.server.write.byte-limit = 1024 M (=1073741824) (custom)
2022-06-19 13:07:18,120 [f58b4837-0c66-44b2-8a93-771d4ee68852@group-0D818BC3E93C-LeaderElection41] INFO  server.RaftServerConfigKeys (ConfUtils.java:logGet(46)) - raft.server.watch.timeout = 180s (custom)
2022-06-19 13:07:18,120 [f58b4837-0c66-44b2-8a93-771d4ee68852@group-0D818BC3E93C-LeaderElection41] INFO  server.RaftServerConfigKeys (ConfUtils.java:logGet(46)) - raft.server.watch.timeout.denomination = 1s (default)
2022-06-19 13:07:18,120 [f58b4837-0c66-44b2-8a93-771d4ee68852@group-0D818BC3E93C-LeaderElection41] INFO  server.RaftServerConfigKeys (ConfUtils.java:logGet(46)) - raft.server.watch.element-limit = 65536 (default)
2022-06-19 13:07:18,120 [f58b4837-0c66-44b2-8a93-771d4ee68852@group-0D818BC3E93C-LeaderElection41] INFO  server.RaftServerConfigKeys (ConfUtils.java:logGet(46)) - raft.server.write.element-limit = 1024 (custom)
2022-06-19 13:07:18,120 [f58b4837-0c66-44b2-8a93-771d4ee68852@group-0D818BC3E93C-LeaderElection41] INFO  server.RaftServerConfigKeys (ConfUtils.java:logGet(46)) - raft.server.write.follower.gap.ratio.max = -1.0 (default)
2022-06-19 13:07:18,120 [f58b4837-0c66-44b2-8a93-771d4ee68852@group-0D818BC3E93C-LeaderElection41] INFO  impl.RoleInfo (RoleInfo.java:updateAndGet(139)) - f58b4837-0c66-44b2-8a93-771d4ee68852: start f58b4837-0c66-44b2-8a93-771d4ee68852@group-0D818BC3E93C-LeaderStateImpl
2022-06-19 13:07:18,120 [f58b4837-0c66-44b2-8a93-771d4ee68852@group-0D818BC3E93C-LeaderElection41] INFO  segmented.SegmentedRaftLogWorker (SegmentedRaftLogWorker.java:startLogSegment(425)) - f58b4837-0c66-44b2-8a93-771d4ee68852@group-0D818BC3E93C-SegmentedRaftLogWorker: Starting segment from index:0
2022-06-19 13:07:18,122 [EventQueue-OpenPipelineForHealthyPipelineSafeModeRule] INFO  safemode.SCMSafeModeManager (HealthyPipelineSafeModeRule.java:process(124)) - SCM in safe mode. Healthy pipelines reported count is 0, required healthy pipeline reported count is 1
2022-06-19 13:07:18,124 [f58b4837-0c66-44b2-8a93-771d4ee68852@group-0D818BC3E93C-SegmentedRaftLogWorker] INFO  segmented.SegmentedRaftLogWorker (SegmentedRaftLogWorker.java:execute(629)) - f58b4837-0c66-44b2-8a93-771d4ee68852@group-0D818BC3E93C-SegmentedRaftLogWorker: created new log segment /home/runner/work/ozone/ozone/hadoop-ozone/integration-test/target/test-dir/MiniOzoneClusterImpl-5e5aab19-8c77-4507-a351-bf1456ba08e7/datanode-0/data/ratis/61cef501-dc2a-473c-8e1e-0d818bc3e93c/current/log_inprogress_0
2022-06-19 13:07:18,130 [d6c668d5-a76d-4631-ba67-9d624f40a963@group-E9FCCFD5F858-FollowerState] INFO  impl.FollowerState (FollowerState.java:run(143)) - d6c668d5-a76d-4631-ba67-9d624f40a963@group-E9FCCFD5F858-FollowerState: change to CANDIDATE, lastRpcElapsedTime:5006844918ns, electionTimeout:5006ms
2022-06-19 13:07:18,130 [d6c668d5-a76d-4631-ba67-9d624f40a963@group-E9FCCFD5F858-FollowerState] INFO  impl.RoleInfo (RoleInfo.java:shutdownFollowerState(110)) - d6c668d5-a76d-4631-ba67-9d624f40a963: shutdown d6c668d5-a76d-4631-ba67-9d624f40a963@group-E9FCCFD5F858-FollowerState
2022-06-19 13:07:18,130 [d6c668d5-a76d-4631-ba67-9d624f40a963@group-E9FCCFD5F858-FollowerState] INFO  server.RaftServer$Division (RaftServerImpl.java:setRole(299)) - d6c668d5-a76d-4631-ba67-9d624f40a963@group-E9FCCFD5F858: changes role from  FOLLOWER to CANDIDATE at term 0 for changeToCandidate
2022-06-19 13:07:18,153 [d6c668d5-a76d-4631-ba67-9d624f40a963@group-E9FCCFD5F858-FollowerState] INFO  server.RaftServerConfigKeys (ConfUtils.java:logGet(46)) - raft.server.leaderelection.pre-vote = false (custom)
2022-06-19 13:07:18,153 [d6c668d5-a76d-4631-ba67-9d624f40a963@group-E9FCCFD5F858-FollowerState] INFO  impl.RoleInfo (RoleInfo.java:updateAndGet(139)) - d6c668d5-a76d-4631-ba67-9d624f40a963: start d6c668d5-a76d-4631-ba67-9d624f40a963@group-E9FCCFD5F858-LeaderElection42
2022-06-19 13:07:18,186 [f58b4837-0c66-44b2-8a93-771d4ee68852@group-0D818BC3E93C-LeaderElection41] INFO  server.RaftServer$Division (ServerState.java:setRaftConf(393)) - f58b4837-0c66-44b2-8a93-771d4ee68852@group-0D818BC3E93C: set configuration 0: [f58b4837-0c66-44b2-8a93-771d4ee68852|rpc:10.1.0.4:34339|dataStream:|priority:1], old=null
2022-06-19 13:07:18,209 [f58b4837-0c66-44b2-8a93-771d4ee68852@group-E9FCCFD5F858-FollowerState] INFO  impl.FollowerState (FollowerState.java:run(143)) - f58b4837-0c66-44b2-8a93-771d4ee68852@group-E9FCCFD5F858-FollowerState: change to CANDIDATE, lastRpcElapsedTime:5207106446ns, electionTimeout:5163ms
2022-06-19 13:07:18,209 [f58b4837-0c66-44b2-8a93-771d4ee68852@group-E9FCCFD5F858-FollowerState] INFO  impl.RoleInfo (RoleInfo.java:shutdownFollowerState(110)) - f58b4837-0c66-44b2-8a93-771d4ee68852: shutdown f58b4837-0c66-44b2-8a93-771d4ee68852@group-E9FCCFD5F858-FollowerState
2022-06-19 13:07:18,210 [f58b4837-0c66-44b2-8a93-771d4ee68852@group-E9FCCFD5F858-FollowerState] INFO  server.RaftServer$Division (RaftServerImpl.java:setRole(299)) - f58b4837-0c66-44b2-8a93-771d4ee68852@group-E9FCCFD5F858: changes role from  FOLLOWER to CANDIDATE at term 0 for changeToCandidate
2022-06-19 13:07:18,210 [f58b4837-0c66-44b2-8a93-771d4ee68852@group-E9FCCFD5F858-FollowerState] INFO  server.RaftServerConfigKeys (ConfUtils.java:logGet(46)) - raft.server.leaderelection.pre-vote = false (custom)
2022-06-19 13:07:18,210 [f58b4837-0c66-44b2-8a93-771d4ee68852@group-E9FCCFD5F858-FollowerState] INFO  impl.RoleInfo (RoleInfo.java:updateAndGet(139)) - f58b4837-0c66-44b2-8a93-771d4ee68852: start f58b4837-0c66-44b2-8a93-771d4ee68852@group-E9FCCFD5F858-LeaderElection43
2022-06-19 13:07:18,227 [d6c668d5-a76d-4631-ba67-9d624f40a963@group-E9FCCFD5F858-LeaderElection42] INFO  impl.LeaderElection (LeaderElection.java:askForVotes(310)) - d6c668d5-a76d-4631-ba67-9d624f40a963@group-E9FCCFD5F858-LeaderElection42 ELECTION round 0: submit vote requests at term 1 for -1: [f58b4837-0c66-44b2-8a93-771d4ee68852|rpc:10.1.0.4:34339|dataStream:|priority:1, 2d1a6fdd-4e39-4ef3-8151-c6201fbfce8f|rpc:10.1.0.4:41833|dataStream:|priority:0, d6c668d5-a76d-4631-ba67-9d624f40a963|rpc:10.1.0.4:39345|dataStream:|priority:0], old=null
2022-06-19 13:07:18,281 [f58b4837-0c66-44b2-8a93-771d4ee68852@group-E9FCCFD5F858-LeaderElection43] INFO  impl.LeaderElection (LeaderElection.java:askForVotes(310)) - f58b4837-0c66-44b2-8a93-771d4ee68852@group-E9FCCFD5F858-LeaderElection43 ELECTION round 0: submit vote requests at term 1 for -1: [f58b4837-0c66-44b2-8a93-771d4ee68852|rpc:10.1.0.4:34339|priority:1, 2d1a6fdd-4e39-4ef3-8151-c6201fbfce8f|rpc:10.1.0.4:41833|priority:0, d6c668d5-a76d-4631-ba67-9d624f40a963|rpc:10.1.0.4:39345|priority:0], old=null
2022-06-19 13:07:18,333 [grpc-default-executor-0] INFO  server.RaftServer$Division (RaftServerImpl.java:requestVote(1152)) - 2d1a6fdd-4e39-4ef3-8151-c6201fbfce8f@group-E9FCCFD5F858: receive requestVote(ELECTION, d6c668d5-a76d-4631-ba67-9d624f40a963, group-E9FCCFD5F858, 1, (t:0, i:0))
2022-06-19 13:07:18,334 [grpc-default-executor-0] INFO  impl.VoteContext (VoteContext.java:log(48)) - 2d1a6fdd-4e39-4ef3-8151-c6201fbfce8f@group-E9FCCFD5F858-FOLLOWER: accept ELECTION from d6c668d5-a76d-4631-ba67-9d624f40a963: our priority 0 <= candidate's priority 0
2022-06-19 13:07:18,334 [grpc-default-executor-0] INFO  server.RaftServer$Division (RaftServerImpl.java:setRole(299)) - 2d1a6fdd-4e39-4ef3-8151-c6201fbfce8f@group-E9FCCFD5F858: changes role from  FOLLOWER to FOLLOWER at term 1 for candidate:d6c668d5-a76d-4631-ba67-9d624f40a963
2022-06-19 13:07:18,334 [grpc-default-executor-0] INFO  impl.RoleInfo (RoleInfo.java:shutdownFollowerState(110)) - 2d1a6fdd-4e39-4ef3-8151-c6201fbfce8f: shutdown 2d1a6fdd-4e39-4ef3-8151-c6201fbfce8f@group-E9FCCFD5F858-FollowerState
2022-06-19 13:07:18,334 [grpc-default-executor-0] INFO  impl.RoleInfo (RoleInfo.java:updateAndGet(139)) - 2d1a6fdd-4e39-4ef3-8151-c6201fbfce8f: start 2d1a6fdd-4e39-4ef3-8151-c6201fbfce8f@group-E9FCCFD5F858-FollowerState
2022-06-19 13:07:18,334 [2d1a6fdd-4e39-4ef3-8151-c6201fbfce8f@group-E9FCCFD5F858-FollowerState] INFO  impl.FollowerState (FollowerState.java:run(152)) - 2d1a6fdd-4e39-4ef3-8151-c6201fbfce8f@group-E9FCCFD5F858-FollowerState was interrupted
2022-06-19 13:07:18,346 [grpc-default-executor-0] INFO  server.RaftServer$Division (RaftServerImpl.java:requestVote(1184)) - 2d1a6fdd-4e39-4ef3-8151-c6201fbfce8f@group-E9FCCFD5F858 replies to ELECTION vote request: d6c668d5-a76d-4631-ba67-9d624f40a963<-2d1a6fdd-4e39-4ef3-8151-c6201fbfce8f#0:OK-t1. Peer's state: 2d1a6fdd-4e39-4ef3-8151-c6201fbfce8f@group-E9FCCFD5F858:t1, leader=null, voted=d6c668d5-a76d-4631-ba67-9d624f40a963, raftlog=2d1a6fdd-4e39-4ef3-8151-c6201fbfce8f@group-E9FCCFD5F858-SegmentedRaftLog:OPENED:c-1, conf=-1: [f58b4837-0c66-44b2-8a93-771d4ee68852|rpc:10.1.0.4:34339|dataStream:|priority:1, 2d1a6fdd-4e39-4ef3-8151-c6201fbfce8f|rpc:10.1.0.4:41833|dataStream:|priority:0, d6c668d5-a76d-4631-ba67-9d624f40a963|rpc:10.1.0.4:39345|dataStream:|priority:0], old=null
2022-06-19 13:07:18,413 [grpc-default-executor-2] INFO  server.RaftServer$Division (RaftServerImpl.java:requestVote(1152)) - 2d1a6fdd-4e39-4ef3-8151-c6201fbfce8f@group-E9FCCFD5F858: receive requestVote(ELECTION, f58b4837-0c66-44b2-8a93-771d4ee68852, group-E9FCCFD5F858, 1, (t:0, i:0))
2022-06-19 13:07:18,413 [grpc-default-executor-1] INFO  server.RaftServer$Division (RaftServerImpl.java:requestVote(1152)) - f58b4837-0c66-44b2-8a93-771d4ee68852@group-E9FCCFD5F858: receive requestVote(ELECTION, d6c668d5-a76d-4631-ba67-9d624f40a963, group-E9FCCFD5F858, 1, (t:0, i:0))
2022-06-19 13:07:18,413 [grpc-default-executor-1] INFO  impl.VoteContext (VoteContext.java:log(48)) - f58b4837-0c66-44b2-8a93-771d4ee68852@group-E9FCCFD5F858-CANDIDATE: reject ELECTION from d6c668d5-a76d-4631-ba67-9d624f40a963: already has voted for f58b4837-0c66-44b2-8a93-771d4ee68852 at current term 1
2022-06-19 13:07:18,414 [grpc-default-executor-1] INFO  server.RaftServer$Division (RaftServerImpl.java:requestVote(1184)) - f58b4837-0c66-44b2-8a93-771d4ee68852@group-E9FCCFD5F858 replies to ELECTION vote request: d6c668d5-a76d-4631-ba67-9d624f40a963<-f58b4837-0c66-44b2-8a93-771d4ee68852#0:FAIL-t1. Peer's state: f58b4837-0c66-44b2-8a93-771d4ee68852@group-E9FCCFD5F858:t1, leader=null, voted=f58b4837-0c66-44b2-8a93-771d4ee68852, raftlog=f58b4837-0c66-44b2-8a93-771d4ee68852@group-E9FCCFD5F858-SegmentedRaftLog:OPENED:c-1, conf=-1: [f58b4837-0c66-44b2-8a93-771d4ee68852|rpc:10.1.0.4:34339|priority:1, 2d1a6fdd-4e39-4ef3-8151-c6201fbfce8f|rpc:10.1.0.4:41833|priority:0, d6c668d5-a76d-4631-ba67-9d624f40a963|rpc:10.1.0.4:39345|priority:0], old=null
2022-06-19 13:07:18,427 [grpc-default-executor-2] INFO  impl.VoteContext (VoteContext.java:log(48)) - 2d1a6fdd-4e39-4ef3-8151-c6201fbfce8f@group-E9FCCFD5F858-FOLLOWER: reject ELECTION from f58b4837-0c66-44b2-8a93-771d4ee68852: already has voted for d6c668d5-a76d-4631-ba67-9d624f40a963 at current term 1
2022-06-19 13:07:18,427 [grpc-default-executor-2] INFO  server.RaftServer$Division (RaftServerImpl.java:requestVote(1184)) - 2d1a6fdd-4e39-4ef3-8151-c6201fbfce8f@group-E9FCCFD5F858 replies to ELECTION vote request: f58b4837-0c66-44b2-8a93-771d4ee68852<-2d1a6fdd-4e39-4ef3-8151-c6201fbfce8f#0:FAIL-t1. Peer's state: 2d1a6fdd-4e39-4ef3-8151-c6201fbfce8f@group-E9FCCFD5F858:t1, leader=null, voted=d6c668d5-a76d-4631-ba67-9d624f40a963, raftlog=2d1a6fdd-4e39-4ef3-8151-c6201fbfce8f@group-E9FCCFD5F858-SegmentedRaftLog:OPENED:c-1, conf=-1: [f58b4837-0c66-44b2-8a93-771d4ee68852|rpc:10.1.0.4:34339|dataStream:|priority:1, 2d1a6fdd-4e39-4ef3-8151-c6201fbfce8f|rpc:10.1.0.4:41833|dataStream:|priority:0, d6c668d5-a76d-4631-ba67-9d624f40a963|rpc:10.1.0.4:39345|dataStream:|priority:0], old=null
2022-06-19 13:07:18,430 [grpc-default-executor-1] INFO  server.RaftServer$Division (RaftServerImpl.java:requestVote(1152)) - d6c668d5-a76d-4631-ba67-9d624f40a963@group-E9FCCFD5F858: receive requestVote(ELECTION, f58b4837-0c66-44b2-8a93-771d4ee68852, group-E9FCCFD5F858, 1, (t:0, i:0))
2022-06-19 13:07:18,430 [grpc-default-executor-1] INFO  impl.VoteContext (VoteContext.java:log(48)) - d6c668d5-a76d-4631-ba67-9d624f40a963@group-E9FCCFD5F858-CANDIDATE: reject ELECTION from f58b4837-0c66-44b2-8a93-771d4ee68852: already has voted for d6c668d5-a76d-4631-ba67-9d624f40a963 at current term 1
2022-06-19 13:07:18,430 [grpc-default-executor-1] INFO  server.RaftServer$Division (RaftServerImpl.java:requestVote(1184)) - d6c668d5-a76d-4631-ba67-9d624f40a963@group-E9FCCFD5F858 replies to ELECTION vote request: f58b4837-0c66-44b2-8a93-771d4ee68852<-d6c668d5-a76d-4631-ba67-9d624f40a963#0:FAIL-t1. Peer's state: d6c668d5-a76d-4631-ba67-9d624f40a963@group-E9FCCFD5F858:t1, leader=null, voted=d6c668d5-a76d-4631-ba67-9d624f40a963, raftlog=d6c668d5-a76d-4631-ba67-9d624f40a963@group-E9FCCFD5F858-SegmentedRaftLog:OPENED:c-1, conf=-1: [f58b4837-0c66-44b2-8a93-771d4ee68852|rpc:10.1.0.4:34339|dataStream:|priority:1, 2d1a6fdd-4e39-4ef3-8151-c6201fbfce8f|rpc:10.1.0.4:41833|dataStream:|priority:0, d6c668d5-a76d-4631-ba67-9d624f40a963|rpc:10.1.0.4:39345|dataStream:|priority:0], old=null
2022-06-19 13:07:18,445 [f58b4837-0c66-44b2-8a93-771d4ee68852@group-4B1326E0106C-FollowerState] INFO  impl.FollowerState (FollowerState.java:run(143)) - f58b4837-0c66-44b2-8a93-771d4ee68852@group-4B1326E0106C-FollowerState: change to CANDIDATE, lastRpcElapsedTime:5034408698ns, electionTimeout:5020ms
2022-06-19 13:07:18,445 [f58b4837-0c66-44b2-8a93-771d4ee68852@group-4B1326E0106C-FollowerState] INFO  impl.RoleInfo (RoleInfo.java:shutdownFollowerState(110)) - f58b4837-0c66-44b2-8a93-771d4ee68852: shutdown f58b4837-0c66-44b2-8a93-771d4ee68852@group-4B1326E0106C-FollowerState
2022-06-19 13:07:18,445 [f58b4837-0c66-44b2-8a93-771d4ee68852@group-4B1326E0106C-FollowerState] INFO  server.RaftServer$Division (RaftServerImpl.java:setRole(299)) - f58b4837-0c66-44b2-8a93-771d4ee68852@group-4B1326E0106C: changes role from  FOLLOWER to CANDIDATE at term 0 for changeToCandidate
2022-06-19 13:07:18,445 [f58b4837-0c66-44b2-8a93-771d4ee68852@group-4B1326E0106C-FollowerState] INFO  server.RaftServerConfigKeys (ConfUtils.java:logGet(46)) - raft.server.leaderelection.pre-vote = false (custom)
2022-06-19 13:07:18,445 [f58b4837-0c66-44b2-8a93-771d4ee68852@group-4B1326E0106C-FollowerState] INFO  impl.RoleInfo (RoleInfo.java:updateAndGet(139)) - f58b4837-0c66-44b2-8a93-771d4ee68852: start f58b4837-0c66-44b2-8a93-771d4ee68852@group-4B1326E0106C-LeaderElection44
2022-06-19 13:07:18,467 [d6c668d5-a76d-4631-ba67-9d624f40a963@group-E9FCCFD5F858-LeaderElection42] INFO  impl.LeaderElection (LeaderElection.java:logAndReturn(90)) - d6c668d5-a76d-4631-ba67-9d624f40a963@group-E9FCCFD5F858-LeaderElection42: ELECTION REJECTED received 2 response(s) and 0 exception(s):
2022-06-19 13:07:18,467 [d6c668d5-a76d-4631-ba67-9d624f40a963@group-E9FCCFD5F858-LeaderElection42] INFO  impl.LeaderElection (LeaderElection.java:logAndReturn(94)) -   Response 0: d6c668d5-a76d-4631-ba67-9d624f40a963<-f58b4837-0c66-44b2-8a93-771d4ee68852#0:FAIL-t1
2022-06-19 13:07:18,467 [d6c668d5-a76d-4631-ba67-9d624f40a963@group-E9FCCFD5F858-LeaderElection42] INFO  impl.LeaderElection (LeaderElection.java:logAndReturn(94)) -   Response 1: d6c668d5-a76d-4631-ba67-9d624f40a963<-2d1a6fdd-4e39-4ef3-8151-c6201fbfce8f#0:OK-t1
2022-06-19 13:07:18,467 [d6c668d5-a76d-4631-ba67-9d624f40a963@group-E9FCCFD5F858-LeaderElection42] INFO  impl.LeaderElection (LeaderElection.java:askForVotes(312)) - d6c668d5-a76d-4631-ba67-9d624f40a963@group-E9FCCFD5F858-LeaderElection42 ELECTION round 0: result REJECTED
2022-06-19 13:07:18,467 [d6c668d5-a76d-4631-ba67-9d624f40a963@group-E9FCCFD5F858-LeaderElection42] INFO  server.RaftServer$Division (RaftServerImpl.java:setRole(299)) - d6c668d5-a76d-4631-ba67-9d624f40a963@group-E9FCCFD5F858: changes role from CANDIDATE to FOLLOWER at term 1 for REJECTED
2022-06-19 13:07:18,467 [d6c668d5-a76d-4631-ba67-9d624f40a963@group-E9FCCFD5F858-LeaderElection42] INFO  impl.RoleInfo (RoleInfo.java:shutdownLeaderElection(130)) - d6c668d5-a76d-4631-ba67-9d624f40a963: shutdown d6c668d5-a76d-4631-ba67-9d624f40a963@group-E9FCCFD5F858-LeaderElection42
2022-06-19 13:07:18,467 [d6c668d5-a76d-4631-ba67-9d624f40a963@group-E9FCCFD5F858-LeaderElection42] INFO  impl.RoleInfo (RoleInfo.java:updateAndGet(139)) - d6c668d5-a76d-4631-ba67-9d624f40a963: start d6c668d5-a76d-4631-ba67-9d624f40a963@group-E9FCCFD5F858-FollowerState
2022-06-19 13:07:18,487 [f58b4837-0c66-44b2-8a93-771d4ee68852@group-E9FCCFD5F858-LeaderElection43] INFO  impl.LeaderElection (LeaderElection.java:logAndReturn(90)) - f58b4837-0c66-44b2-8a93-771d4ee68852@group-E9FCCFD5F858-LeaderElection43: ELECTION REJECTED received 2 response(s) and 0 exception(s):
2022-06-19 13:07:18,487 [f58b4837-0c66-44b2-8a93-771d4ee68852@group-E9FCCFD5F858-LeaderElection43] INFO  impl.LeaderElection (LeaderElection.java:logAndReturn(94)) -   Response 0: f58b4837-0c66-44b2-8a93-771d4ee68852<-2d1a6fdd-4e39-4ef3-8151-c6201fbfce8f#0:FAIL-t1
2022-06-19 13:07:18,487 [f58b4837-0c66-44b2-8a93-771d4ee68852@group-E9FCCFD5F858-LeaderElection43] INFO  impl.LeaderElection (LeaderElection.java:logAndReturn(94)) -   Response 1: f58b4837-0c66-44b2-8a93-771d4ee68852<-d6c668d5-a76d-4631-ba67-9d624f40a963#0:FAIL-t1
2022-06-19 13:07:18,487 [f58b4837-0c66-44b2-8a93-771d4ee68852@group-E9FCCFD5F858-LeaderElection43] INFO  impl.LeaderElection (LeaderElection.java:askForVotes(312)) - f58b4837-0c66-44b2-8a93-771d4ee68852@group-E9FCCFD5F858-LeaderElection43 ELECTION round 0: result REJECTED
2022-06-19 13:07:18,487 [f58b4837-0c66-44b2-8a93-771d4ee68852@group-E9FCCFD5F858-LeaderElection43] INFO  server.RaftServer$Division (RaftServerImpl.java:setRole(299)) - f58b4837-0c66-44b2-8a93-771d4ee68852@group-E9FCCFD5F858: changes role from CANDIDATE to FOLLOWER at term 1 for REJECTED
2022-06-19 13:07:18,487 [f58b4837-0c66-44b2-8a93-771d4ee68852@group-E9FCCFD5F858-LeaderElection43] INFO  impl.RoleInfo (RoleInfo.java:shutdownLeaderElection(130)) - f58b4837-0c66-44b2-8a93-771d4ee68852: shutdown f58b4837-0c66-44b2-8a93-771d4ee68852@group-E9FCCFD5F858-LeaderElection43
2022-06-19 13:07:18,487 [f58b4837-0c66-44b2-8a93-771d4ee68852@group-E9FCCFD5F858-LeaderElection43] INFO  impl.RoleInfo (RoleInfo.java:updateAndGet(139)) - f58b4837-0c66-44b2-8a93-771d4ee68852: start f58b4837-0c66-44b2-8a93-771d4ee68852@group-E9FCCFD5F858-FollowerState
2022-06-19 13:07:18,487 [f58b4837-0c66-44b2-8a93-771d4ee68852@group-4B1326E0106C-LeaderElection44] INFO  impl.LeaderElection (LeaderElection.java:askForVotes(310)) - f58b4837-0c66-44b2-8a93-771d4ee68852@group-4B1326E0106C-LeaderElection44 ELECTION round 0: submit vote requests at term 1 for -1: [f58b4837-0c66-44b2-8a93-771d4ee68852|rpc:10.1.0.4:34339|priority:0, 2d1a6fdd-4e39-4ef3-8151-c6201fbfce8f|rpc:10.1.0.4:41833|priority:0, d6c668d5-a76d-4631-ba67-9d624f40a963|rpc:10.1.0.4:39345|priority:1], old=null
2022-06-19 13:07:18,513 [grpc-default-executor-1] INFO  server.RaftServer$Division (RaftServerImpl.java:requestVote(1152)) - 2d1a6fdd-4e39-4ef3-8151-c6201fbfce8f@group-4B1326E0106C: receive requestVote(ELECTION, f58b4837-0c66-44b2-8a93-771d4ee68852, group-4B1326E0106C, 1, (t:0, i:0))
2022-06-19 13:07:18,513 [grpc-default-executor-1] INFO  impl.VoteContext (VoteContext.java:log(48)) - 2d1a6fdd-4e39-4ef3-8151-c6201fbfce8f@group-4B1326E0106C-FOLLOWER: accept ELECTION from f58b4837-0c66-44b2-8a93-771d4ee68852: our priority 0 <= candidate's priority 0
2022-06-19 13:07:18,514 [grpc-default-executor-1] INFO  server.RaftServer$Division (RaftServerImpl.java:setRole(299)) - 2d1a6fdd-4e39-4ef3-8151-c6201fbfce8f@group-4B1326E0106C: changes role from  FOLLOWER to FOLLOWER at term 1 for candidate:f58b4837-0c66-44b2-8a93-771d4ee68852
2022-06-19 13:07:18,514 [grpc-default-executor-1] INFO  impl.RoleInfo (RoleInfo.java:shutdownFollowerState(110)) - 2d1a6fdd-4e39-4ef3-8151-c6201fbfce8f: shutdown 2d1a6fdd-4e39-4ef3-8151-c6201fbfce8f@group-4B1326E0106C-FollowerState
2022-06-19 13:07:18,514 [grpc-default-executor-1] INFO  impl.RoleInfo (RoleInfo.java:updateAndGet(139)) - 2d1a6fdd-4e39-4ef3-8151-c6201fbfce8f: start 2d1a6fdd-4e39-4ef3-8151-c6201fbfce8f@group-4B1326E0106C-FollowerState
2022-06-19 13:07:18,514 [2d1a6fdd-4e39-4ef3-8151-c6201fbfce8f@group-4B1326E0106C-FollowerState] INFO  impl.FollowerState (FollowerState.java:run(152)) - 2d1a6fdd-4e39-4ef3-8151-c6201fbfce8f@group-4B1326E0106C-FollowerState was interrupted
2022-06-19 13:07:18,538 [grpc-default-executor-2] INFO  server.RaftServer$Division (RaftServerImpl.java:requestVote(1152)) - d6c668d5-a76d-4631-ba67-9d624f40a963@group-4B1326E0106C: receive requestVote(ELECTION, f58b4837-0c66-44b2-8a93-771d4ee68852, group-4B1326E0106C, 1, (t:0, i:0))
2022-06-19 13:07:18,538 [grpc-default-executor-1] INFO  server.RaftServer$Division (RaftServerImpl.java:requestVote(1184)) - 2d1a6fdd-4e39-4ef3-8151-c6201fbfce8f@group-4B1326E0106C replies to ELECTION vote request: f58b4837-0c66-44b2-8a93-771d4ee68852<-2d1a6fdd-4e39-4ef3-8151-c6201fbfce8f#0:OK-t1. Peer's state: 2d1a6fdd-4e39-4ef3-8151-c6201fbfce8f@group-4B1326E0106C:t1, leader=null, voted=f58b4837-0c66-44b2-8a93-771d4ee68852, raftlog=2d1a6fdd-4e39-4ef3-8151-c6201fbfce8f@group-4B1326E0106C-SegmentedRaftLog:OPENED:c-1, conf=-1: [f58b4837-0c66-44b2-8a93-771d4ee68852|rpc:10.1.0.4:34339|dataStream:|priority:0, 2d1a6fdd-4e39-4ef3-8151-c6201fbfce8f|rpc:10.1.0.4:41833|dataStream:|priority:0, d6c668d5-a76d-4631-ba67-9d624f40a963|rpc:10.1.0.4:39345|dataStream:|priority:1], old=null
2022-06-19 13:07:18,538 [grpc-default-executor-2] INFO  impl.VoteContext (VoteContext.java:log(48)) - d6c668d5-a76d-4631-ba67-9d624f40a963@group-4B1326E0106C-FOLLOWER: reject ELECTION from f58b4837-0c66-44b2-8a93-771d4ee68852: our priority 1 > candidate's priority 0
2022-06-19 13:07:18,539 [grpc-default-executor-2] INFO  server.RaftServer$Division (RaftServerImpl.java:setRole(299)) - d6c668d5-a76d-4631-ba67-9d624f40a963@group-4B1326E0106C: changes role from  FOLLOWER to FOLLOWER at term 1 for candidate:f58b4837-0c66-44b2-8a93-771d4ee68852
2022-06-19 13:07:18,539 [grpc-default-executor-2] INFO  impl.RoleInfo (RoleInfo.java:shutdownFollowerState(110)) - d6c668d5-a76d-4631-ba67-9d624f40a963: shutdown d6c668d5-a76d-4631-ba67-9d624f40a963@group-4B1326E0106C-FollowerState
2022-06-19 13:07:18,539 [grpc-default-executor-2] INFO  impl.RoleInfo (RoleInfo.java:updateAndGet(139)) - d6c668d5-a76d-4631-ba67-9d624f40a963: start d6c668d5-a76d-4631-ba67-9d624f40a963@group-4B1326E0106C-FollowerState
2022-06-19 13:07:18,539 [d6c668d5-a76d-4631-ba67-9d624f40a963@group-4B1326E0106C-FollowerState] INFO  impl.FollowerState (FollowerState.java:run(152)) - d6c668d5-a76d-4631-ba67-9d624f40a963@group-4B1326E0106C-FollowerState was interrupted
2022-06-19 13:07:18,540 [grpc-default-executor-2] INFO  server.RaftServer$Division (RaftServerImpl.java:requestVote(1184)) - d6c668d5-a76d-4631-ba67-9d624f40a963@group-4B1326E0106C replies to ELECTION vote request: f58b4837-0c66-44b2-8a93-771d4ee68852<-d6c668d5-a76d-4631-ba67-9d624f40a963#0:FAIL-t1. Peer's state: d6c668d5-a76d-4631-ba67-9d624f40a963@group-4B1326E0106C:t1, leader=null, voted=null, raftlog=d6c668d5-a76d-4631-ba67-9d624f40a963@group-4B1326E0106C-SegmentedRaftLog:OPENED:c-1, conf=-1: [f58b4837-0c66-44b2-8a93-771d4ee68852|rpc:10.1.0.4:34339|dataStream:|priority:0, 2d1a6fdd-4e39-4ef3-8151-c6201fbfce8f|rpc:10.1.0.4:41833|dataStream:|priority:0, d6c668d5-a76d-4631-ba67-9d624f40a963|rpc:10.1.0.4:39345|dataStream:|priority:1], old=null
2022-06-19 13:07:18,552 [f58b4837-0c66-44b2-8a93-771d4ee68852@group-4B1326E0106C-LeaderElection44] INFO  impl.LeaderElection (LeaderElection.java:logAndReturn(90)) - f58b4837-0c66-44b2-8a93-771d4ee68852@group-4B1326E0106C-LeaderElection44: ELECTION REJECTED received 2 response(s) and 0 exception(s):
2022-06-19 13:07:18,552 [f58b4837-0c66-44b2-8a93-771d4ee68852@group-4B1326E0106C-LeaderElection44] INFO  impl.LeaderElection (LeaderElection.java:logAndReturn(94)) -   Response 0: f58b4837-0c66-44b2-8a93-771d4ee68852<-2d1a6fdd-4e39-4ef3-8151-c6201fbfce8f#0:OK-t1
2022-06-19 13:07:18,552 [f58b4837-0c66-44b2-8a93-771d4ee68852@group-4B1326E0106C-LeaderElection44] INFO  impl.LeaderElection (LeaderElection.java:logAndReturn(94)) -   Response 1: f58b4837-0c66-44b2-8a93-771d4ee68852<-d6c668d5-a76d-4631-ba67-9d624f40a963#0:FAIL-t1
2022-06-19 13:07:18,552 [f58b4837-0c66-44b2-8a93-771d4ee68852@group-4B1326E0106C-LeaderElection44] INFO  impl.LeaderElection (LeaderElection.java:askForVotes(312)) - f58b4837-0c66-44b2-8a93-771d4ee68852@group-4B1326E0106C-LeaderElection44 ELECTION round 0: result REJECTED
2022-06-19 13:07:18,552 [f58b4837-0c66-44b2-8a93-771d4ee68852@group-4B1326E0106C-LeaderElection44] INFO  server.RaftServer$Division (RaftServerImpl.java:setRole(299)) - f58b4837-0c66-44b2-8a93-771d4ee68852@group-4B1326E0106C: changes role from CANDIDATE to FOLLOWER at term 1 for REJECTED
2022-06-19 13:07:18,552 [f58b4837-0c66-44b2-8a93-771d4ee68852@group-4B1326E0106C-LeaderElection44] INFO  impl.RoleInfo (RoleInfo.java:shutdownLeaderElection(130)) - f58b4837-0c66-44b2-8a93-771d4ee68852: shutdown f58b4837-0c66-44b2-8a93-771d4ee68852@group-4B1326E0106C-LeaderElection44
2022-06-19 13:07:18,552 [f58b4837-0c66-44b2-8a93-771d4ee68852@group-4B1326E0106C-LeaderElection44] INFO  impl.RoleInfo (RoleInfo.java:updateAndGet(139)) - f58b4837-0c66-44b2-8a93-771d4ee68852: start f58b4837-0c66-44b2-8a93-771d4ee68852@group-4B1326E0106C-FollowerState
2022-06-19 13:07:18,792 [Listener at 127.0.0.1/41441] INFO  ozone.MiniOzoneClusterImpl (MiniOzoneClusterImpl.java:lambda$waitForClusterToBeReady$0(221)) - Nodes are ready. Got 5 of 5 DN Heartbeats.
2022-06-19 13:07:18,792 [Listener at 127.0.0.1/41441] INFO  ozone.MiniOzoneClusterImpl (MiniOzoneClusterImpl.java:lambda$waitForClusterToBeReady$0(224)) - Waiting for cluster to exit safe mode
2022-06-19 13:07:18,792 [Listener at 127.0.0.1/41441] INFO  ozone.MiniOzoneClusterImpl (MiniOzoneClusterImpl.java:lambda$waitForClusterToBeReady$0(226)) - SCM became leader
2022-06-19 13:07:19,080 [d6c668d5-a76d-4631-ba67-9d624f40a963@group-AAF266449178-FollowerState] INFO  impl.FollowerState (FollowerState.java:run(143)) - d6c668d5-a76d-4631-ba67-9d624f40a963@group-AAF266449178-FollowerState: change to CANDIDATE, lastRpcElapsedTime:5025763656ns, electionTimeout:5021ms
2022-06-19 13:07:19,081 [d6c668d5-a76d-4631-ba67-9d624f40a963@group-AAF266449178-FollowerState] INFO  impl.RoleInfo (RoleInfo.java:shutdownFollowerState(110)) - d6c668d5-a76d-4631-ba67-9d624f40a963: shutdown d6c668d5-a76d-4631-ba67-9d624f40a963@group-AAF266449178-FollowerState
2022-06-19 13:07:19,081 [d6c668d5-a76d-4631-ba67-9d624f40a963@group-AAF266449178-FollowerState] INFO  server.RaftServer$Division (RaftServerImpl.java:setRole(299)) - d6c668d5-a76d-4631-ba67-9d624f40a963@group-AAF266449178: changes role from  FOLLOWER to CANDIDATE at term 0 for changeToCandidate
2022-06-19 13:07:19,081 [d6c668d5-a76d-4631-ba67-9d624f40a963@group-AAF266449178-FollowerState] INFO  server.RaftServerConfigKeys (ConfUtils.java:logGet(46)) - raft.server.leaderelection.pre-vote = false (custom)
2022-06-19 13:07:19,081 [d6c668d5-a76d-4631-ba67-9d624f40a963@group-AAF266449178-FollowerState] INFO  impl.RoleInfo (RoleInfo.java:updateAndGet(139)) - d6c668d5-a76d-4631-ba67-9d624f40a963: start d6c668d5-a76d-4631-ba67-9d624f40a963@group-AAF266449178-LeaderElection45
2022-06-19 13:07:19,142 [d6c668d5-a76d-4631-ba67-9d624f40a963@group-AAF266449178-LeaderElection45] INFO  impl.LeaderElection (LeaderElection.java:askForVotes(310)) - d6c668d5-a76d-4631-ba67-9d624f40a963@group-AAF266449178-LeaderElection45 ELECTION round 0: submit vote requests at term 1 for -1: [d6c668d5-a76d-4631-ba67-9d624f40a963|rpc:10.1.0.4:39345|priority:1], old=null
2022-06-19 13:07:19,142 [d6c668d5-a76d-4631-ba67-9d624f40a963@group-AAF266449178-LeaderElection45] INFO  impl.LeaderElection (LeaderElection.java:askForVotes(312)) - d6c668d5-a76d-4631-ba67-9d624f40a963@group-AAF266449178-LeaderElection45 ELECTION round 0: result PASSED (term=1)
2022-06-19 13:07:19,142 [d6c668d5-a76d-4631-ba67-9d624f40a963@group-AAF266449178-LeaderElection45] INFO  impl.RoleInfo (RoleInfo.java:shutdownLeaderElection(130)) - d6c668d5-a76d-4631-ba67-9d624f40a963: shutdown d6c668d5-a76d-4631-ba67-9d624f40a963@group-AAF266449178-LeaderElection45
2022-06-19 13:07:19,142 [d6c668d5-a76d-4631-ba67-9d624f40a963@group-AAF266449178-LeaderElection45] INFO  server.RaftServer$Division (RaftServerImpl.java:setRole(299)) - d6c668d5-a76d-4631-ba67-9d624f40a963@group-AAF266449178: changes role from CANDIDATE to LEADER at term 1 for changeToLeader
2022-06-19 13:07:19,142 [d6c668d5-a76d-4631-ba67-9d624f40a963@group-AAF266449178-LeaderElection45] INFO  ratis.XceiverServerRatis (XceiverServerRatis.java:handleLeaderChangedNotification(863)) - Leader change notification received for group: group-AAF266449178 with new leaderId: d6c668d5-a76d-4631-ba67-9d624f40a963
2022-06-19 13:07:19,142 [d6c668d5-a76d-4631-ba67-9d624f40a963@group-AAF266449178-LeaderElection45] INFO  server.RaftServer$Division (ServerState.java:setLeader(287)) - d6c668d5-a76d-4631-ba67-9d624f40a963@group-AAF266449178: change Leader from null to d6c668d5-a76d-4631-ba67-9d624f40a963 at term 1 for becomeLeader, leader elected after 5100ms
2022-06-19 13:07:19,143 [d6c668d5-a76d-4631-ba67-9d624f40a963@group-AAF266449178-LeaderElection45] INFO  server.RaftServerConfigKeys (ConfUtils.java:logGet(46)) - raft.server.staging.catchup.gap = 1000 (default)
2022-06-19 13:07:19,143 [EventQueue-OpenPipelineForHealthyPipelineSafeModeRule] INFO  safemode.SCMSafeModeManager (HealthyPipelineSafeModeRule.java:process(124)) - SCM in safe mode. Healthy pipelines reported count is 0, required healthy pipeline reported count is 1
2022-06-19 13:07:19,144 [d6c668d5-a76d-4631-ba67-9d624f40a963@group-AAF266449178-LeaderElection45] INFO  server.RaftServerConfigKeys (ConfUtils.java:logGet(46)) - raft.server.write.element-limit = 1024 (custom)
2022-06-19 13:07:19,144 [d6c668d5-a76d-4631-ba67-9d624f40a963@group-AAF266449178-LeaderElection45] INFO  server.RaftServerConfigKeys (ConfUtils.java:logGet(46)) - raft.server.write.byte-limit = 1024 M (=1073741824) (custom)
2022-06-19 13:07:19,144 [d6c668d5-a76d-4631-ba67-9d624f40a963@group-AAF266449178-LeaderElection45] INFO  server.RaftServerConfigKeys (ConfUtils.java:logGet(46)) - raft.server.watch.timeout = 180s (custom)
2022-06-19 13:07:19,144 [d6c668d5-a76d-4631-ba67-9d624f40a963@group-AAF266449178-LeaderElection45] INFO  server.RaftServerConfigKeys (ConfUtils.java:logGet(46)) - raft.server.watch.timeout.denomination = 1s (default)
2022-06-19 13:07:19,144 [d6c668d5-a76d-4631-ba67-9d624f40a963@group-AAF266449178-LeaderElection45] INFO  server.RaftServerConfigKeys (ConfUtils.java:logGet(46)) - raft.server.watch.element-limit = 65536 (default)
2022-06-19 13:07:19,144 [d6c668d5-a76d-4631-ba67-9d624f40a963@group-AAF266449178-LeaderElection45] INFO  server.RaftServerConfigKeys (ConfUtils.java:logGet(46)) - raft.server.write.element-limit = 1024 (custom)
2022-06-19 13:07:19,144 [d6c668d5-a76d-4631-ba67-9d624f40a963@group-AAF266449178-LeaderElection45] INFO  server.RaftServerConfigKeys (ConfUtils.java:logGet(46)) - raft.server.write.follower.gap.ratio.max = -1.0 (default)
2022-06-19 13:07:19,144 [d6c668d5-a76d-4631-ba67-9d624f40a963@group-AAF266449178-LeaderElection45] INFO  impl.RoleInfo (RoleInfo.java:updateAndGet(139)) - d6c668d5-a76d-4631-ba67-9d624f40a963: start d6c668d5-a76d-4631-ba67-9d624f40a963@group-AAF266449178-LeaderStateImpl
2022-06-19 13:07:19,145 [d6c668d5-a76d-4631-ba67-9d624f40a963@group-AAF266449178-LeaderElection45] INFO  segmented.SegmentedRaftLogWorker (SegmentedRaftLogWorker.java:startLogSegment(425)) - d6c668d5-a76d-4631-ba67-9d624f40a963@group-AAF266449178-SegmentedRaftLogWorker: Starting segment from index:0
2022-06-19 13:07:19,149 [d6c668d5-a76d-4631-ba67-9d624f40a963@group-AAF266449178-SegmentedRaftLogWorker] INFO  segmented.SegmentedRaftLogWorker (SegmentedRaftLogWorker.java:execute(629)) - d6c668d5-a76d-4631-ba67-9d624f40a963@group-AAF266449178-SegmentedRaftLogWorker: created new log segment /home/runner/work/ozone/ozone/hadoop-ozone/integration-test/target/test-dir/MiniOzoneClusterImpl-5e5aab19-8c77-4507-a351-bf1456ba08e7/datanode-1/data/ratis/a493a6a5-b4e7-4fab-b1e8-aaf266449178/current/log_inprogress_0
2022-06-19 13:07:19,185 [d6c668d5-a76d-4631-ba67-9d624f40a963@group-AAF266449178-LeaderElection45] INFO  server.RaftServer$Division (ServerState.java:setRaftConf(393)) - d6c668d5-a76d-4631-ba67-9d624f40a963@group-AAF266449178: set configuration 0: [d6c668d5-a76d-4631-ba67-9d624f40a963|rpc:10.1.0.4:39345|dataStream:|priority:1], old=null
2022-06-19 13:07:19,793 [Listener at 127.0.0.1/41441] INFO  ozone.MiniOzoneClusterImpl (MiniOzoneClusterImpl.java:lambda$waitForClusterToBeReady$0(221)) - Nodes are ready. Got 5 of 5 DN Heartbeats.
2022-06-19 13:07:19,793 [Listener at 127.0.0.1/41441] INFO  ozone.MiniOzoneClusterImpl (MiniOzoneClusterImpl.java:lambda$waitForClusterToBeReady$0(224)) - Waiting for cluster to exit safe mode
2022-06-19 13:07:19,793 [Listener at 127.0.0.1/41441] INFO  ozone.MiniOzoneClusterImpl (MiniOzoneClusterImpl.java:lambda$waitForClusterToBeReady$0(226)) - SCM became leader
2022-06-19 13:07:20,489 [2d1a6fdd-4e39-4ef3-8151-c6201fbfce8f@group-098DA23EC055-FollowerState] INFO  impl.FollowerState (FollowerState.java:run(143)) - 2d1a6fdd-4e39-4ef3-8151-c6201fbfce8f@group-098DA23EC055-FollowerState: change to CANDIDATE, lastRpcElapsedTime:5180104892ns, electionTimeout:5152ms
2022-06-19 13:07:20,490 [2d1a6fdd-4e39-4ef3-8151-c6201fbfce8f@group-098DA23EC055-FollowerState] INFO  impl.RoleInfo (RoleInfo.java:shutdownFollowerState(110)) - 2d1a6fdd-4e39-4ef3-8151-c6201fbfce8f: shutdown 2d1a6fdd-4e39-4ef3-8151-c6201fbfce8f@group-098DA23EC055-FollowerState
2022-06-19 13:07:20,490 [2d1a6fdd-4e39-4ef3-8151-c6201fbfce8f@group-098DA23EC055-FollowerState] INFO  server.RaftServer$Division (RaftServerImpl.java:setRole(299)) - 2d1a6fdd-4e39-4ef3-8151-c6201fbfce8f@group-098DA23EC055: changes role from  FOLLOWER to CANDIDATE at term 0 for changeToCandidate
2022-06-19 13:07:20,490 [2d1a6fdd-4e39-4ef3-8151-c6201fbfce8f@group-098DA23EC055-FollowerState] INFO  server.RaftServerConfigKeys (ConfUtils.java:logGet(46)) - raft.server.leaderelection.pre-vote = false (custom)
2022-06-19 13:07:20,490 [2d1a6fdd-4e39-4ef3-8151-c6201fbfce8f@group-098DA23EC055-FollowerState] INFO  impl.RoleInfo (RoleInfo.java:updateAndGet(139)) - 2d1a6fdd-4e39-4ef3-8151-c6201fbfce8f: start 2d1a6fdd-4e39-4ef3-8151-c6201fbfce8f@group-098DA23EC055-LeaderElection46
2022-06-19 13:07:20,512 [2d1a6fdd-4e39-4ef3-8151-c6201fbfce8f@group-098DA23EC055-LeaderElection46] INFO  impl.LeaderElection (LeaderElection.java:askForVotes(310)) - 2d1a6fdd-4e39-4ef3-8151-c6201fbfce8f@group-098DA23EC055-LeaderElection46 ELECTION round 0: submit vote requests at term 1 for -1: [2d1a6fdd-4e39-4ef3-8151-c6201fbfce8f|rpc:10.1.0.4:41833|priority:1], old=null
2022-06-19 13:07:20,512 [2d1a6fdd-4e39-4ef3-8151-c6201fbfce8f@group-098DA23EC055-LeaderElection46] INFO  impl.LeaderElection (LeaderElection.java:askForVotes(312)) - 2d1a6fdd-4e39-4ef3-8151-c6201fbfce8f@group-098DA23EC055-LeaderElection46 ELECTION round 0: result PASSED (term=1)
2022-06-19 13:07:20,512 [2d1a6fdd-4e39-4ef3-8151-c6201fbfce8f@group-098DA23EC055-LeaderElection46] INFO  impl.RoleInfo (RoleInfo.java:shutdownLeaderElection(130)) - 2d1a6fdd-4e39-4ef3-8151-c6201fbfce8f: shutdown 2d1a6fdd-4e39-4ef3-8151-c6201fbfce8f@group-098DA23EC055-LeaderElection46
2022-06-19 13:07:20,512 [2d1a6fdd-4e39-4ef3-8151-c6201fbfce8f@group-098DA23EC055-LeaderElection46] INFO  server.RaftServer$Division (RaftServerImpl.java:setRole(299)) - 2d1a6fdd-4e39-4ef3-8151-c6201fbfce8f@group-098DA23EC055: changes role from CANDIDATE to LEADER at term 1 for changeToLeader
2022-06-19 13:07:20,512 [2d1a6fdd-4e39-4ef3-8151-c6201fbfce8f@group-098DA23EC055-LeaderElection46] INFO  ratis.XceiverServerRatis (XceiverServerRatis.java:handleLeaderChangedNotification(863)) - Leader change notification received for group: group-098DA23EC055 with new leaderId: 2d1a6fdd-4e39-4ef3-8151-c6201fbfce8f
2022-06-19 13:07:20,513 [EventQueue-OpenPipelineForHealthyPipelineSafeModeRule] INFO  safemode.SCMSafeModeManager (HealthyPipelineSafeModeRule.java:process(124)) - SCM in safe mode. Healthy pipelines reported count is 0, required healthy pipeline reported count is 1
2022-06-19 13:07:20,513 [2d1a6fdd-4e39-4ef3-8151-c6201fbfce8f@group-098DA23EC055-LeaderElection46] INFO  server.RaftServer$Division (ServerState.java:setLeader(287)) - 2d1a6fdd-4e39-4ef3-8151-c6201fbfce8f@group-098DA23EC055: change Leader from null to 2d1a6fdd-4e39-4ef3-8151-c6201fbfce8f at term 1 for becomeLeader, leader elected after 5237ms
2022-06-19 13:07:20,516 [2d1a6fdd-4e39-4ef3-8151-c6201fbfce8f@group-098DA23EC055-LeaderElection46] INFO  server.RaftServerConfigKeys (ConfUtils.java:logGet(46)) - raft.server.staging.catchup.gap = 1000 (default)
2022-06-19 13:07:20,517 [2d1a6fdd-4e39-4ef3-8151-c6201fbfce8f@group-098DA23EC055-LeaderElection46] INFO  server.RaftServerConfigKeys (ConfUtils.java:logGet(46)) - raft.server.write.element-limit = 1024 (custom)
2022-06-19 13:07:20,517 [2d1a6fdd-4e39-4ef3-8151-c6201fbfce8f@group-098DA23EC055-LeaderElection46] INFO  server.RaftServerConfigKeys (ConfUtils.java:logGet(46)) - raft.server.write.byte-limit = 1024 M (=1073741824) (custom)
2022-06-19 13:07:20,517 [2d1a6fdd-4e39-4ef3-8151-c6201fbfce8f@group-098DA23EC055-LeaderElection46] INFO  server.RaftServerConfigKeys (ConfUtils.java:logGet(46)) - raft.server.watch.timeout = 180s (custom)
2022-06-19 13:07:20,517 [2d1a6fdd-4e39-4ef3-8151-c6201fbfce8f@group-098DA23EC055-LeaderElection46] INFO  server.RaftServerConfigKeys (ConfUtils.java:logGet(46)) - raft.server.watch.timeout.denomination = 1s (default)
2022-06-19 13:07:20,517 [2d1a6fdd-4e39-4ef3-8151-c6201fbfce8f@group-098DA23EC055-LeaderElection46] INFO  server.RaftServerConfigKeys (ConfUtils.java:logGet(46)) - raft.server.watch.element-limit = 65536 (default)
2022-06-19 13:07:20,517 [2d1a6fdd-4e39-4ef3-8151-c6201fbfce8f@group-098DA23EC055-LeaderElection46] INFO  server.RaftServerConfigKeys (ConfUtils.java:logGet(46)) - raft.server.write.element-limit = 1024 (custom)
2022-06-19 13:07:20,517 [2d1a6fdd-4e39-4ef3-8151-c6201fbfce8f@group-098DA23EC055-LeaderElection46] INFO  server.RaftServerConfigKeys (ConfUtils.java:logGet(46)) - raft.server.write.follower.gap.ratio.max = -1.0 (default)
2022-06-19 13:07:20,517 [2d1a6fdd-4e39-4ef3-8151-c6201fbfce8f@group-098DA23EC055-LeaderElection46] INFO  impl.RoleInfo (RoleInfo.java:updateAndGet(139)) - 2d1a6fdd-4e39-4ef3-8151-c6201fbfce8f: start 2d1a6fdd-4e39-4ef3-8151-c6201fbfce8f@group-098DA23EC055-LeaderStateImpl
2022-06-19 13:07:20,517 [2d1a6fdd-4e39-4ef3-8151-c6201fbfce8f@group-098DA23EC055-LeaderElection46] INFO  segmented.SegmentedRaftLogWorker (SegmentedRaftLogWorker.java:startLogSegment(425)) - 2d1a6fdd-4e39-4ef3-8151-c6201fbfce8f@group-098DA23EC055-SegmentedRaftLogWorker: Starting segment from index:0
2022-06-19 13:07:20,519 [2d1a6fdd-4e39-4ef3-8151-c6201fbfce8f@group-098DA23EC055-SegmentedRaftLogWorker] INFO  segmented.SegmentedRaftLogWorker (SegmentedRaftLogWorker.java:execute(629)) - 2d1a6fdd-4e39-4ef3-8151-c6201fbfce8f@group-098DA23EC055-SegmentedRaftLogWorker: created new log segment /home/runner/work/ozone/ozone/hadoop-ozone/integration-test/target/test-dir/MiniOzoneClusterImpl-5e5aab19-8c77-4507-a351-bf1456ba08e7/datanode-2/data/ratis/86862338-e6f1-4eba-a44f-098da23ec055/current/log_inprogress_0
2022-06-19 13:07:20,570 [2d1a6fdd-4e39-4ef3-8151-c6201fbfce8f@group-098DA23EC055-LeaderElection46] INFO  server.RaftServer$Division (ServerState.java:setRaftConf(393)) - 2d1a6fdd-4e39-4ef3-8151-c6201fbfce8f@group-098DA23EC055: set configuration 0: [2d1a6fdd-4e39-4ef3-8151-c6201fbfce8f|rpc:10.1.0.4:41833|dataStream:|priority:1], old=null
2022-06-19 13:07:20,794 [Listener at 127.0.0.1/41441] INFO  ozone.MiniOzoneClusterImpl (MiniOzoneClusterImpl.java:lambda$waitForClusterToBeReady$0(221)) - Nodes are ready. Got 5 of 5 DN Heartbeats.
2022-06-19 13:07:20,794 [Listener at 127.0.0.1/41441] INFO  ozone.MiniOzoneClusterImpl (MiniOzoneClusterImpl.java:lambda$waitForClusterToBeReady$0(224)) - Waiting for cluster to exit safe mode
2022-06-19 13:07:20,794 [Listener at 127.0.0.1/41441] INFO  ozone.MiniOzoneClusterImpl (MiniOzoneClusterImpl.java:lambda$waitForClusterToBeReady$0(226)) - SCM became leader
2022-06-19 13:07:21,794 [Listener at 127.0.0.1/41441] INFO  ozone.MiniOzoneClusterImpl (MiniOzoneClusterImpl.java:lambda$waitForClusterToBeReady$0(221)) - Nodes are ready. Got 5 of 5 DN Heartbeats.
2022-06-19 13:07:21,794 [Listener at 127.0.0.1/41441] INFO  ozone.MiniOzoneClusterImpl (MiniOzoneClusterImpl.java:lambda$waitForClusterToBeReady$0(224)) - Waiting for cluster to exit safe mode
2022-06-19 13:07:21,795 [Listener at 127.0.0.1/41441] INFO  ozone.MiniOzoneClusterImpl (MiniOzoneClusterImpl.java:lambda$waitForClusterToBeReady$0(226)) - SCM became leader
2022-06-19 13:07:21,928 [2b5693b1-1164-40fb-9360-96156af093bf@group-506688189E62-FollowerState] INFO  impl.FollowerState (FollowerState.java:run(143)) - 2b5693b1-1164-40fb-9360-96156af093bf@group-506688189E62-FollowerState: change to CANDIDATE, lastRpcElapsedTime:5013890601ns, electionTimeout:5010ms
2022-06-19 13:07:21,928 [2b5693b1-1164-40fb-9360-96156af093bf@group-506688189E62-FollowerState] INFO  impl.RoleInfo (RoleInfo.java:shutdownFollowerState(110)) - 2b5693b1-1164-40fb-9360-96156af093bf: shutdown 2b5693b1-1164-40fb-9360-96156af093bf@group-506688189E62-FollowerState
2022-06-19 13:07:21,928 [2b5693b1-1164-40fb-9360-96156af093bf@group-506688189E62-FollowerState] INFO  server.RaftServer$Division (RaftServerImpl.java:setRole(299)) - 2b5693b1-1164-40fb-9360-96156af093bf@group-506688189E62: changes role from  FOLLOWER to CANDIDATE at term 0 for changeToCandidate
2022-06-19 13:07:21,928 [2b5693b1-1164-40fb-9360-96156af093bf@group-506688189E62-FollowerState] INFO  server.RaftServerConfigKeys (ConfUtils.java:logGet(46)) - raft.server.leaderelection.pre-vote = false (custom)
2022-06-19 13:07:21,928 [2b5693b1-1164-40fb-9360-96156af093bf@group-506688189E62-FollowerState] INFO  impl.RoleInfo (RoleInfo.java:updateAndGet(139)) - 2b5693b1-1164-40fb-9360-96156af093bf: start 2b5693b1-1164-40fb-9360-96156af093bf@group-506688189E62-LeaderElection47
2022-06-19 13:07:21,961 [2b5693b1-1164-40fb-9360-96156af093bf@group-506688189E62-LeaderElection47] INFO  impl.LeaderElection (LeaderElection.java:askForVotes(310)) - 2b5693b1-1164-40fb-9360-96156af093bf@group-506688189E62-LeaderElection47 ELECTION round 0: submit vote requests at term 1 for -1: [2b5693b1-1164-40fb-9360-96156af093bf|rpc:10.1.0.4:41151|priority:1], old=null
2022-06-19 13:07:21,961 [2b5693b1-1164-40fb-9360-96156af093bf@group-506688189E62-LeaderElection47] INFO  impl.LeaderElection (LeaderElection.java:askForVotes(312)) - 2b5693b1-1164-40fb-9360-96156af093bf@group-506688189E62-LeaderElection47 ELECTION round 0: result PASSED (term=1)
2022-06-19 13:07:21,961 [2b5693b1-1164-40fb-9360-96156af093bf@group-506688189E62-LeaderElection47] INFO  impl.RoleInfo (RoleInfo.java:shutdownLeaderElection(130)) - 2b5693b1-1164-40fb-9360-96156af093bf: shutdown 2b5693b1-1164-40fb-9360-96156af093bf@group-506688189E62-LeaderElection47
2022-06-19 13:07:21,963 [2b5693b1-1164-40fb-9360-96156af093bf@group-506688189E62-LeaderElection47] INFO  server.RaftServer$Division (RaftServerImpl.java:setRole(299)) - 2b5693b1-1164-40fb-9360-96156af093bf@group-506688189E62: changes role from CANDIDATE to LEADER at term 1 for changeToLeader
2022-06-19 13:07:21,963 [2b5693b1-1164-40fb-9360-96156af093bf@group-506688189E62-LeaderElection47] INFO  ratis.XceiverServerRatis (XceiverServerRatis.java:handleLeaderChangedNotification(863)) - Leader change notification received for group: group-506688189E62 with new leaderId: 2b5693b1-1164-40fb-9360-96156af093bf
2022-06-19 13:07:21,963 [2b5693b1-1164-40fb-9360-96156af093bf@group-506688189E62-LeaderElection47] INFO  server.RaftServer$Division (ServerState.java:setLeader(287)) - 2b5693b1-1164-40fb-9360-96156af093bf@group-506688189E62: change Leader from null to 2b5693b1-1164-40fb-9360-96156af093bf at term 1 for becomeLeader, leader elected after 5065ms
2022-06-19 13:07:21,963 [2b5693b1-1164-40fb-9360-96156af093bf@group-506688189E62-LeaderElection47] INFO  server.RaftServerConfigKeys (ConfUtils.java:logGet(46)) - raft.server.staging.catchup.gap = 1000 (default)
2022-06-19 13:07:21,964 [EventQueue-OpenPipelineForHealthyPipelineSafeModeRule] INFO  safemode.SCMSafeModeManager (HealthyPipelineSafeModeRule.java:process(124)) - SCM in safe mode. Healthy pipelines reported count is 0, required healthy pipeline reported count is 1
2022-06-19 13:07:21,971 [2b5693b1-1164-40fb-9360-96156af093bf@group-506688189E62-LeaderElection47] INFO  server.RaftServerConfigKeys (ConfUtils.java:logGet(46)) - raft.server.write.element-limit = 1024 (custom)
2022-06-19 13:07:21,971 [2b5693b1-1164-40fb-9360-96156af093bf@group-506688189E62-LeaderElection47] INFO  server.RaftServerConfigKeys (ConfUtils.java:logGet(46)) - raft.server.write.byte-limit = 1024 M (=1073741824) (custom)
2022-06-19 13:07:21,971 [2b5693b1-1164-40fb-9360-96156af093bf@group-506688189E62-LeaderElection47] INFO  server.RaftServerConfigKeys (ConfUtils.java:logGet(46)) - raft.server.watch.timeout = 180s (custom)
2022-06-19 13:07:21,971 [2b5693b1-1164-40fb-9360-96156af093bf@group-506688189E62-LeaderElection47] INFO  server.RaftServerConfigKeys (ConfUtils.java:logGet(46)) - raft.server.watch.timeout.denomination = 1s (default)
2022-06-19 13:07:21,971 [2b5693b1-1164-40fb-9360-96156af093bf@group-506688189E62-LeaderElection47] INFO  server.RaftServerConfigKeys (ConfUtils.java:logGet(46)) - raft.server.watch.element-limit = 65536 (default)
2022-06-19 13:07:21,971 [2b5693b1-1164-40fb-9360-96156af093bf@group-506688189E62-LeaderElection47] INFO  server.RaftServerConfigKeys (ConfUtils.java:logGet(46)) - raft.server.write.element-limit = 1024 (custom)
2022-06-19 13:07:21,971 [2b5693b1-1164-40fb-9360-96156af093bf@group-506688189E62-LeaderElection47] INFO  server.RaftServerConfigKeys (ConfUtils.java:logGet(46)) - raft.server.write.follower.gap.ratio.max = -1.0 (default)
2022-06-19 13:07:21,973 [2b5693b1-1164-40fb-9360-96156af093bf@group-506688189E62-LeaderElection47] INFO  impl.RoleInfo (RoleInfo.java:updateAndGet(139)) - 2b5693b1-1164-40fb-9360-96156af093bf: start 2b5693b1-1164-40fb-9360-96156af093bf@group-506688189E62-LeaderStateImpl
2022-06-19 13:07:21,973 [2b5693b1-1164-40fb-9360-96156af093bf@group-506688189E62-LeaderElection47] INFO  segmented.SegmentedRaftLogWorker (SegmentedRaftLogWorker.java:startLogSegment(425)) - 2b5693b1-1164-40fb-9360-96156af093bf@group-506688189E62-SegmentedRaftLogWorker: Starting segment from index:0
2022-06-19 13:07:21,975 [2b5693b1-1164-40fb-9360-96156af093bf@group-506688189E62-SegmentedRaftLogWorker] INFO  segmented.SegmentedRaftLogWorker (SegmentedRaftLogWorker.java:execute(629)) - 2b5693b1-1164-40fb-9360-96156af093bf@group-506688189E62-SegmentedRaftLogWorker: created new log segment /home/runner/work/ozone/ozone/hadoop-ozone/integration-test/target/test-dir/MiniOzoneClusterImpl-5e5aab19-8c77-4507-a351-bf1456ba08e7/datanode-3/data/ratis/a5f3c8ec-f674-4053-90ef-506688189e62/current/log_inprogress_0
2022-06-19 13:07:22,025 [2b5693b1-1164-40fb-9360-96156af093bf@group-506688189E62-LeaderElection47] INFO  server.RaftServer$Division (ServerState.java:setRaftConf(393)) - 2b5693b1-1164-40fb-9360-96156af093bf@group-506688189E62: set configuration 0: [2b5693b1-1164-40fb-9360-96156af093bf|rpc:10.1.0.4:41151|dataStream:|priority:1], old=null
2022-06-19 13:07:22,795 [Listener at 127.0.0.1/41441] INFO  ozone.MiniOzoneClusterImpl (MiniOzoneClusterImpl.java:lambda$waitForClusterToBeReady$0(221)) - Nodes are ready. Got 5 of 5 DN Heartbeats.
2022-06-19 13:07:22,795 [Listener at 127.0.0.1/41441] INFO  ozone.MiniOzoneClusterImpl (MiniOzoneClusterImpl.java:lambda$waitForClusterToBeReady$0(224)) - Waiting for cluster to exit safe mode
2022-06-19 13:07:22,795 [Listener at 127.0.0.1/41441] INFO  ozone.MiniOzoneClusterImpl (MiniOzoneClusterImpl.java:lambda$waitForClusterToBeReady$0(226)) - SCM became leader
2022-06-19 13:07:22,974 [65c965c6-3530-4780-9baf-ab355d813d9a@group-90788122FD49-FollowerState] INFO  impl.FollowerState (FollowerState.java:run(143)) - 65c965c6-3530-4780-9baf-ab355d813d9a@group-90788122FD49-FollowerState: change to CANDIDATE, lastRpcElapsedTime:5103154728ns, electionTimeout:5092ms
2022-06-19 13:07:22,974 [65c965c6-3530-4780-9baf-ab355d813d9a@group-90788122FD49-FollowerState] INFO  impl.RoleInfo (RoleInfo.java:shutdownFollowerState(110)) - 65c965c6-3530-4780-9baf-ab355d813d9a: shutdown 65c965c6-3530-4780-9baf-ab355d813d9a@group-90788122FD49-FollowerState
2022-06-19 13:07:22,974 [65c965c6-3530-4780-9baf-ab355d813d9a@group-90788122FD49-FollowerState] INFO  server.RaftServer$Division (RaftServerImpl.java:setRole(299)) - 65c965c6-3530-4780-9baf-ab355d813d9a@group-90788122FD49: changes role from  FOLLOWER to CANDIDATE at term 0 for changeToCandidate
2022-06-19 13:07:22,974 [65c965c6-3530-4780-9baf-ab355d813d9a@group-90788122FD49-FollowerState] INFO  server.RaftServerConfigKeys (ConfUtils.java:logGet(46)) - raft.server.leaderelection.pre-vote = false (custom)
2022-06-19 13:07:22,974 [65c965c6-3530-4780-9baf-ab355d813d9a@group-90788122FD49-FollowerState] INFO  impl.RoleInfo (RoleInfo.java:updateAndGet(139)) - 65c965c6-3530-4780-9baf-ab355d813d9a: start 65c965c6-3530-4780-9baf-ab355d813d9a@group-90788122FD49-LeaderElection48
2022-06-19 13:07:23,011 [65c965c6-3530-4780-9baf-ab355d813d9a@group-90788122FD49-LeaderElection48] INFO  impl.LeaderElection (LeaderElection.java:askForVotes(310)) - 65c965c6-3530-4780-9baf-ab355d813d9a@group-90788122FD49-LeaderElection48 ELECTION round 0: submit vote requests at term 1 for -1: [65c965c6-3530-4780-9baf-ab355d813d9a|rpc:10.1.0.4:43667|priority:1], old=null
2022-06-19 13:07:23,011 [65c965c6-3530-4780-9baf-ab355d813d9a@group-90788122FD49-LeaderElection48] INFO  impl.LeaderElection (LeaderElection.java:askForVotes(312)) - 65c965c6-3530-4780-9baf-ab355d813d9a@group-90788122FD49-LeaderElection48 ELECTION round 0: result PASSED (term=1)
2022-06-19 13:07:23,011 [65c965c6-3530-4780-9baf-ab355d813d9a@group-90788122FD49-LeaderElection48] INFO  impl.RoleInfo (RoleInfo.java:shutdownLeaderElection(130)) - 65c965c6-3530-4780-9baf-ab355d813d9a: shutdown 65c965c6-3530-4780-9baf-ab355d813d9a@group-90788122FD49-LeaderElection48
2022-06-19 13:07:23,012 [65c965c6-3530-4780-9baf-ab355d813d9a@group-90788122FD49-LeaderElection48] INFO  server.RaftServer$Division (RaftServerImpl.java:setRole(299)) - 65c965c6-3530-4780-9baf-ab355d813d9a@group-90788122FD49: changes role from CANDIDATE to LEADER at term 1 for changeToLeader
2022-06-19 13:07:23,012 [65c965c6-3530-4780-9baf-ab355d813d9a@group-90788122FD49-LeaderElection48] INFO  ratis.XceiverServerRatis (XceiverServerRatis.java:handleLeaderChangedNotification(863)) - Leader change notification received for group: group-90788122FD49 with new leaderId: 65c965c6-3530-4780-9baf-ab355d813d9a
2022-06-19 13:07:23,012 [65c965c6-3530-4780-9baf-ab355d813d9a@group-90788122FD49-LeaderElection48] INFO  server.RaftServer$Division (ServerState.java:setLeader(287)) - 65c965c6-3530-4780-9baf-ab355d813d9a@group-90788122FD49: change Leader from null to 65c965c6-3530-4780-9baf-ab355d813d9a at term 1 for becomeLeader, leader elected after 5160ms
2022-06-19 13:07:23,012 [65c965c6-3530-4780-9baf-ab355d813d9a@group-90788122FD49-LeaderElection48] INFO  server.RaftServerConfigKeys (ConfUtils.java:logGet(46)) - raft.server.staging.catchup.gap = 1000 (default)
2022-06-19 13:07:23,012 [65c965c6-3530-4780-9baf-ab355d813d9a@group-90788122FD49-LeaderElection48] INFO  server.RaftServerConfigKeys (ConfUtils.java:logGet(46)) - raft.server.write.element-limit = 1024 (custom)
2022-06-19 13:07:23,012 [65c965c6-3530-4780-9baf-ab355d813d9a@group-90788122FD49-LeaderElection48] INFO  server.RaftServerConfigKeys (ConfUtils.java:logGet(46)) - raft.server.write.byte-limit = 1024 M (=1073741824) (custom)
2022-06-19 13:07:23,012 [65c965c6-3530-4780-9baf-ab355d813d9a@group-90788122FD49-LeaderElection48] INFO  server.RaftServerConfigKeys (ConfUtils.java:logGet(46)) - raft.server.watch.timeout = 180s (custom)
2022-06-19 13:07:23,012 [65c965c6-3530-4780-9baf-ab355d813d9a@group-90788122FD49-LeaderElection48] INFO  server.RaftServerConfigKeys (ConfUtils.java:logGet(46)) - raft.server.watch.timeout.denomination = 1s (default)
2022-06-19 13:07:23,012 [65c965c6-3530-4780-9baf-ab355d813d9a@group-90788122FD49-LeaderElection48] INFO  server.RaftServerConfigKeys (ConfUtils.java:logGet(46)) - raft.server.watch.element-limit = 65536 (default)
2022-06-19 13:07:23,012 [65c965c6-3530-4780-9baf-ab355d813d9a@group-90788122FD49-LeaderElection48] INFO  server.RaftServerConfigKeys (ConfUtils.java:logGet(46)) - raft.server.write.element-limit = 1024 (custom)
2022-06-19 13:07:23,012 [65c965c6-3530-4780-9baf-ab355d813d9a@group-90788122FD49-LeaderElection48] INFO  server.RaftServerConfigKeys (ConfUtils.java:logGet(46)) - raft.server.write.follower.gap.ratio.max = -1.0 (default)
2022-06-19 13:07:23,013 [65c965c6-3530-4780-9baf-ab355d813d9a@group-90788122FD49-LeaderElection48] INFO  impl.RoleInfo (RoleInfo.java:updateAndGet(139)) - 65c965c6-3530-4780-9baf-ab355d813d9a: start 65c965c6-3530-4780-9baf-ab355d813d9a@group-90788122FD49-LeaderStateImpl
2022-06-19 13:07:23,013 [65c965c6-3530-4780-9baf-ab355d813d9a@group-90788122FD49-LeaderElection48] INFO  segmented.SegmentedRaftLogWorker (SegmentedRaftLogWorker.java:startLogSegment(425)) - 65c965c6-3530-4780-9baf-ab355d813d9a@group-90788122FD49-SegmentedRaftLogWorker: Starting segment from index:0
2022-06-19 13:07:23,014 [65c965c6-3530-4780-9baf-ab355d813d9a@group-90788122FD49-SegmentedRaftLogWorker] INFO  segmented.SegmentedRaftLogWorker (SegmentedRaftLogWorker.java:execute(629)) - 65c965c6-3530-4780-9baf-ab355d813d9a@group-90788122FD49-SegmentedRaftLogWorker: created new log segment /home/runner/work/ozone/ozone/hadoop-ozone/integration-test/target/test-dir/MiniOzoneClusterImpl-5e5aab19-8c77-4507-a351-bf1456ba08e7/datanode-4/data/ratis/db95a96e-4c59-444a-ac55-90788122fd49/current/log_inprogress_0
2022-06-19 13:07:23,015 [EventQueue-OpenPipelineForHealthyPipelineSafeModeRule] INFO  safemode.SCMSafeModeManager (HealthyPipelineSafeModeRule.java:process(124)) - SCM in safe mode. Healthy pipelines reported count is 0, required healthy pipeline reported count is 1
2022-06-19 13:07:23,037 [65c965c6-3530-4780-9baf-ab355d813d9a@group-90788122FD49-LeaderElection48] INFO  server.RaftServer$Division (ServerState.java:setRaftConf(393)) - 65c965c6-3530-4780-9baf-ab355d813d9a@group-90788122FD49: set configuration 0: [65c965c6-3530-4780-9baf-ab355d813d9a|rpc:10.1.0.4:43667|dataStream:|priority:1], old=null
2022-06-19 13:07:23,487 [d6c668d5-a76d-4631-ba67-9d624f40a963@group-E9FCCFD5F858-FollowerState] INFO  impl.FollowerState (FollowerState.java:run(143)) - d6c668d5-a76d-4631-ba67-9d624f40a963@group-E9FCCFD5F858-FollowerState: change to CANDIDATE, lastRpcElapsedTime:5020493946ns, electionTimeout:5020ms
2022-06-19 13:07:23,487 [d6c668d5-a76d-4631-ba67-9d624f40a963@group-E9FCCFD5F858-FollowerState] INFO  impl.RoleInfo (RoleInfo.java:shutdownFollowerState(110)) - d6c668d5-a76d-4631-ba67-9d624f40a963: shutdown d6c668d5-a76d-4631-ba67-9d624f40a963@group-E9FCCFD5F858-FollowerState
2022-06-19 13:07:23,488 [d6c668d5-a76d-4631-ba67-9d624f40a963@group-E9FCCFD5F858-FollowerState] INFO  server.RaftServer$Division (RaftServerImpl.java:setRole(299)) - d6c668d5-a76d-4631-ba67-9d624f40a963@group-E9FCCFD5F858: changes role from  FOLLOWER to CANDIDATE at term 1 for changeToCandidate
2022-06-19 13:07:23,488 [d6c668d5-a76d-4631-ba67-9d624f40a963@group-E9FCCFD5F858-FollowerState] INFO  server.RaftServerConfigKeys (ConfUtils.java:logGet(46)) - raft.server.leaderelection.pre-vote = false (custom)
2022-06-19 13:07:23,488 [d6c668d5-a76d-4631-ba67-9d624f40a963@group-E9FCCFD5F858-FollowerState] INFO  impl.RoleInfo (RoleInfo.java:updateAndGet(139)) - d6c668d5-a76d-4631-ba67-9d624f40a963: start d6c668d5-a76d-4631-ba67-9d624f40a963@group-E9FCCFD5F858-LeaderElection49
2022-06-19 13:07:23,513 [d6c668d5-a76d-4631-ba67-9d624f40a963@group-E9FCCFD5F858-LeaderElection49] INFO  impl.LeaderElection (LeaderElection.java:askForVotes(310)) - d6c668d5-a76d-4631-ba67-9d624f40a963@group-E9FCCFD5F858-LeaderElection49 ELECTION round 0: submit vote requests at term 2 for -1: [f58b4837-0c66-44b2-8a93-771d4ee68852|rpc:10.1.0.4:34339|dataStream:|priority:1, 2d1a6fdd-4e39-4ef3-8151-c6201fbfce8f|rpc:10.1.0.4:41833|dataStream:|priority:0, d6c668d5-a76d-4631-ba67-9d624f40a963|rpc:10.1.0.4:39345|dataStream:|priority:0], old=null
2022-06-19 13:07:23,554 [grpc-default-executor-2] INFO  server.RaftServer$Division (RaftServerImpl.java:requestVote(1152)) - f58b4837-0c66-44b2-8a93-771d4ee68852@group-E9FCCFD5F858: receive requestVote(ELECTION, d6c668d5-a76d-4631-ba67-9d624f40a963, group-E9FCCFD5F858, 2, (t:0, i:0))
2022-06-19 13:07:23,554 [grpc-default-executor-2] INFO  impl.VoteContext (VoteContext.java:log(48)) - f58b4837-0c66-44b2-8a93-771d4ee68852@group-E9FCCFD5F858-FOLLOWER: reject ELECTION from d6c668d5-a76d-4631-ba67-9d624f40a963: our priority 1 > candidate's priority 0
2022-06-19 13:07:23,554 [grpc-default-executor-2] INFO  server.RaftServer$Division (RaftServerImpl.java:setRole(299)) - f58b4837-0c66-44b2-8a93-771d4ee68852@group-E9FCCFD5F858: changes role from  FOLLOWER to FOLLOWER at term 2 for candidate:d6c668d5-a76d-4631-ba67-9d624f40a963
2022-06-19 13:07:23,554 [grpc-default-executor-2] INFO  impl.RoleInfo (RoleInfo.java:shutdownFollowerState(110)) - f58b4837-0c66-44b2-8a93-771d4ee68852: shutdown f58b4837-0c66-44b2-8a93-771d4ee68852@group-E9FCCFD5F858-FollowerState
2022-06-19 13:07:23,554 [grpc-default-executor-2] INFO  impl.RoleInfo (RoleInfo.java:updateAndGet(139)) - f58b4837-0c66-44b2-8a93-771d4ee68852: start f58b4837-0c66-44b2-8a93-771d4ee68852@group-E9FCCFD5F858-FollowerState
2022-06-19 13:07:23,555 [f58b4837-0c66-44b2-8a93-771d4ee68852@group-E9FCCFD5F858-FollowerState] INFO  impl.FollowerState (FollowerState.java:run(152)) - f58b4837-0c66-44b2-8a93-771d4ee68852@group-E9FCCFD5F858-FollowerState was interrupted
2022-06-19 13:07:23,562 [grpc-default-executor-1] INFO  server.RaftServer$Division (RaftServerImpl.java:requestVote(1152)) - 2d1a6fdd-4e39-4ef3-8151-c6201fbfce8f@group-E9FCCFD5F858: receive requestVote(ELECTION, d6c668d5-a76d-4631-ba67-9d624f40a963, group-E9FCCFD5F858, 2, (t:0, i:0))
2022-06-19 13:07:23,562 [grpc-default-executor-1] INFO  impl.VoteContext (VoteContext.java:log(48)) - 2d1a6fdd-4e39-4ef3-8151-c6201fbfce8f@group-E9FCCFD5F858-FOLLOWER: accept ELECTION from d6c668d5-a76d-4631-ba67-9d624f40a963: our priority 0 <= candidate's priority 0
2022-06-19 13:07:23,562 [grpc-default-executor-1] INFO  server.RaftServer$Division (RaftServerImpl.java:setRole(299)) - 2d1a6fdd-4e39-4ef3-8151-c6201fbfce8f@group-E9FCCFD5F858: changes role from  FOLLOWER to FOLLOWER at term 2 for candidate:d6c668d5-a76d-4631-ba67-9d624f40a963
2022-06-19 13:07:23,563 [grpc-default-executor-1] INFO  impl.RoleInfo (RoleInfo.java:shutdownFollowerState(110)) - 2d1a6fdd-4e39-4ef3-8151-c6201fbfce8f: shutdown 2d1a6fdd-4e39-4ef3-8151-c6201fbfce8f@group-E9FCCFD5F858-FollowerState
2022-06-19 13:07:23,563 [grpc-default-executor-1] INFO  impl.RoleInfo (RoleInfo.java:updateAndGet(139)) - 2d1a6fdd-4e39-4ef3-8151-c6201fbfce8f: start 2d1a6fdd-4e39-4ef3-8151-c6201fbfce8f@group-E9FCCFD5F858-FollowerState
2022-06-19 13:07:23,563 [2d1a6fdd-4e39-4ef3-8151-c6201fbfce8f@group-E9FCCFD5F858-FollowerState] INFO  impl.FollowerState (FollowerState.java:run(152)) - 2d1a6fdd-4e39-4ef3-8151-c6201fbfce8f@group-E9FCCFD5F858-FollowerState was interrupted
2022-06-19 13:07:23,577 [grpc-default-executor-1] INFO  server.RaftServer$Division (RaftServerImpl.java:requestVote(1184)) - 2d1a6fdd-4e39-4ef3-8151-c6201fbfce8f@group-E9FCCFD5F858 replies to ELECTION vote request: d6c668d5-a76d-4631-ba67-9d624f40a963<-2d1a6fdd-4e39-4ef3-8151-c6201fbfce8f#0:OK-t2. Peer's state: 2d1a6fdd-4e39-4ef3-8151-c6201fbfce8f@group-E9FCCFD5F858:t2, leader=null, voted=d6c668d5-a76d-4631-ba67-9d624f40a963, raftlog=2d1a6fdd-4e39-4ef3-8151-c6201fbfce8f@group-E9FCCFD5F858-SegmentedRaftLog:OPENED:c-1, conf=-1: [f58b4837-0c66-44b2-8a93-771d4ee68852|rpc:10.1.0.4:34339|dataStream:|priority:1, 2d1a6fdd-4e39-4ef3-8151-c6201fbfce8f|rpc:10.1.0.4:41833|dataStream:|priority:0, d6c668d5-a76d-4631-ba67-9d624f40a963|rpc:10.1.0.4:39345|dataStream:|priority:0], old=null
2022-06-19 13:07:23,583 [grpc-default-executor-2] INFO  server.RaftServer$Division (RaftServerImpl.java:requestVote(1184)) - f58b4837-0c66-44b2-8a93-771d4ee68852@group-E9FCCFD5F858 replies to ELECTION vote request: d6c668d5-a76d-4631-ba67-9d624f40a963<-f58b4837-0c66-44b2-8a93-771d4ee68852#0:FAIL-t2. Peer's state: f58b4837-0c66-44b2-8a93-771d4ee68852@group-E9FCCFD5F858:t2, leader=null, voted=null, raftlog=f58b4837-0c66-44b2-8a93-771d4ee68852@group-E9FCCFD5F858-SegmentedRaftLog:OPENED:c-1, conf=-1: [f58b4837-0c66-44b2-8a93-771d4ee68852|rpc:10.1.0.4:34339|priority:1, 2d1a6fdd-4e39-4ef3-8151-c6201fbfce8f|rpc:10.1.0.4:41833|priority:0, d6c668d5-a76d-4631-ba67-9d624f40a963|rpc:10.1.0.4:39345|priority:0], old=null
2022-06-19 13:07:23,585 [d6c668d5-a76d-4631-ba67-9d624f40a963@group-E9FCCFD5F858-LeaderElection49] INFO  impl.LeaderElection (LeaderElection.java:logAndReturn(90)) - d6c668d5-a76d-4631-ba67-9d624f40a963@group-E9FCCFD5F858-LeaderElection49: ELECTION REJECTED received 2 response(s) and 0 exception(s):
2022-06-19 13:07:23,585 [d6c668d5-a76d-4631-ba67-9d624f40a963@group-E9FCCFD5F858-LeaderElection49] INFO  impl.LeaderElection (LeaderElection.java:logAndReturn(94)) -   Response 0: d6c668d5-a76d-4631-ba67-9d624f40a963<-f58b4837-0c66-44b2-8a93-771d4ee68852#0:FAIL-t2
2022-06-19 13:07:23,585 [d6c668d5-a76d-4631-ba67-9d624f40a963@group-E9FCCFD5F858-LeaderElection49] INFO  impl.LeaderElection (LeaderElection.java:logAndReturn(94)) -   Response 1: d6c668d5-a76d-4631-ba67-9d624f40a963<-2d1a6fdd-4e39-4ef3-8151-c6201fbfce8f#0:OK-t2
2022-06-19 13:07:23,585 [d6c668d5-a76d-4631-ba67-9d624f40a963@group-E9FCCFD5F858-LeaderElection49] INFO  impl.LeaderElection (LeaderElection.java:askForVotes(312)) - d6c668d5-a76d-4631-ba67-9d624f40a963@group-E9FCCFD5F858-LeaderElection49 ELECTION round 0: result REJECTED
2022-06-19 13:07:23,585 [d6c668d5-a76d-4631-ba67-9d624f40a963@group-E9FCCFD5F858-LeaderElection49] INFO  server.RaftServer$Division (RaftServerImpl.java:setRole(299)) - d6c668d5-a76d-4631-ba67-9d624f40a963@group-E9FCCFD5F858: changes role from CANDIDATE to FOLLOWER at term 2 for REJECTED
2022-06-19 13:07:23,585 [d6c668d5-a76d-4631-ba67-9d624f40a963@group-E9FCCFD5F858-LeaderElection49] INFO  impl.RoleInfo (RoleInfo.java:shutdownLeaderElection(130)) - d6c668d5-a76d-4631-ba67-9d624f40a963: shutdown d6c668d5-a76d-4631-ba67-9d624f40a963@group-E9FCCFD5F858-LeaderElection49
2022-06-19 13:07:23,585 [d6c668d5-a76d-4631-ba67-9d624f40a963@group-E9FCCFD5F858-LeaderElection49] INFO  impl.RoleInfo (RoleInfo.java:updateAndGet(139)) - d6c668d5-a76d-4631-ba67-9d624f40a963: start d6c668d5-a76d-4631-ba67-9d624f40a963@group-E9FCCFD5F858-FollowerState
2022-06-19 13:07:23,630 [2d1a6fdd-4e39-4ef3-8151-c6201fbfce8f@group-4B1326E0106C-FollowerState] INFO  impl.FollowerState (FollowerState.java:run(143)) - 2d1a6fdd-4e39-4ef3-8151-c6201fbfce8f@group-4B1326E0106C-FollowerState: change to CANDIDATE, lastRpcElapsedTime:5091884749ns, electionTimeout:5089ms
2022-06-19 13:07:23,630 [2d1a6fdd-4e39-4ef3-8151-c6201fbfce8f@group-4B1326E0106C-FollowerState] INFO  impl.RoleInfo (RoleInfo.java:shutdownFollowerState(110)) - 2d1a6fdd-4e39-4ef3-8151-c6201fbfce8f: shutdown 2d1a6fdd-4e39-4ef3-8151-c6201fbfce8f@group-4B1326E0106C-FollowerState
2022-06-19 13:07:23,630 [2d1a6fdd-4e39-4ef3-8151-c6201fbfce8f@group-4B1326E0106C-FollowerState] INFO  server.RaftServer$Division (RaftServerImpl.java:setRole(299)) - 2d1a6fdd-4e39-4ef3-8151-c6201fbfce8f@group-4B1326E0106C: changes role from  FOLLOWER to CANDIDATE at term 1 for changeToCandidate
2022-06-19 13:07:23,630 [2d1a6fdd-4e39-4ef3-8151-c6201fbfce8f@group-4B1326E0106C-FollowerState] INFO  server.RaftServerConfigKeys (ConfUtils.java:logGet(46)) - raft.server.leaderelection.pre-vote = false (custom)
2022-06-19 13:07:23,630 [2d1a6fdd-4e39-4ef3-8151-c6201fbfce8f@group-4B1326E0106C-FollowerState] INFO  impl.RoleInfo (RoleInfo.java:updateAndGet(139)) - 2d1a6fdd-4e39-4ef3-8151-c6201fbfce8f: start 2d1a6fdd-4e39-4ef3-8151-c6201fbfce8f@group-4B1326E0106C-LeaderElection50
2022-06-19 13:07:23,655 [d6c668d5-a76d-4631-ba67-9d624f40a963@group-4B1326E0106C-FollowerState] INFO  impl.FollowerState (FollowerState.java:run(143)) - d6c668d5-a76d-4631-ba67-9d624f40a963@group-4B1326E0106C-FollowerState: change to CANDIDATE, lastRpcElapsedTime:5116344793ns, electionTimeout:5093ms
2022-06-19 13:07:23,655 [d6c668d5-a76d-4631-ba67-9d624f40a963@group-4B1326E0106C-FollowerState] INFO  impl.RoleInfo (RoleInfo.java:shutdownFollowerState(110)) - d6c668d5-a76d-4631-ba67-9d624f40a963: shutdown d6c668d5-a76d-4631-ba67-9d624f40a963@group-4B1326E0106C-FollowerState
2022-06-19 13:07:23,656 [d6c668d5-a76d-4631-ba67-9d624f40a963@group-4B1326E0106C-FollowerState] INFO  server.RaftServer$Division (RaftServerImpl.java:setRole(299)) - d6c668d5-a76d-4631-ba67-9d624f40a963@group-4B1326E0106C: changes role from  FOLLOWER to CANDIDATE at term 1 for changeToCandidate
2022-06-19 13:07:23,656 [d6c668d5-a76d-4631-ba67-9d624f40a963@group-4B1326E0106C-FollowerState] INFO  server.RaftServerConfigKeys (ConfUtils.java:logGet(46)) - raft.server.leaderelection.pre-vote = false (custom)
2022-06-19 13:07:23,656 [d6c668d5-a76d-4631-ba67-9d624f40a963@group-4B1326E0106C-FollowerState] INFO  impl.RoleInfo (RoleInfo.java:updateAndGet(139)) - d6c668d5-a76d-4631-ba67-9d624f40a963: start d6c668d5-a76d-4631-ba67-9d624f40a963@group-4B1326E0106C-LeaderElection51
2022-06-19 13:07:23,671 [f58b4837-0c66-44b2-8a93-771d4ee68852@group-4B1326E0106C-FollowerState] INFO  impl.FollowerState (FollowerState.java:run(143)) - f58b4837-0c66-44b2-8a93-771d4ee68852@group-4B1326E0106C-FollowerState: change to CANDIDATE, lastRpcElapsedTime:5118720727ns, electionTimeout:5070ms
2022-06-19 13:07:23,671 [f58b4837-0c66-44b2-8a93-771d4ee68852@group-4B1326E0106C-FollowerState] INFO  impl.RoleInfo (RoleInfo.java:shutdownFollowerState(110)) - f58b4837-0c66-44b2-8a93-771d4ee68852: shutdown f58b4837-0c66-44b2-8a93-771d4ee68852@group-4B1326E0106C-FollowerState
2022-06-19 13:07:23,671 [f58b4837-0c66-44b2-8a93-771d4ee68852@group-4B1326E0106C-FollowerState] INFO  server.RaftServer$Division (RaftServerImpl.java:setRole(299)) - f58b4837-0c66-44b2-8a93-771d4ee68852@group-4B1326E0106C: changes role from  FOLLOWER to CANDIDATE at term 1 for changeToCandidate
2022-06-19 13:07:23,671 [f58b4837-0c66-44b2-8a93-771d4ee68852@group-4B1326E0106C-FollowerState] INFO  server.RaftServerConfigKeys (ConfUtils.java:logGet(46)) - raft.server.leaderelection.pre-vote = false (custom)
2022-06-19 13:07:23,671 [f58b4837-0c66-44b2-8a93-771d4ee68852@group-4B1326E0106C-FollowerState] INFO  impl.RoleInfo (RoleInfo.java:updateAndGet(139)) - f58b4837-0c66-44b2-8a93-771d4ee68852: start f58b4837-0c66-44b2-8a93-771d4ee68852@group-4B1326E0106C-LeaderElection52
2022-06-19 13:07:23,693 [2d1a6fdd-4e39-4ef3-8151-c6201fbfce8f@group-4B1326E0106C-LeaderElection50] INFO  impl.LeaderElection (LeaderElection.java:askForVotes(310)) - 2d1a6fdd-4e39-4ef3-8151-c6201fbfce8f@group-4B1326E0106C-LeaderElection50 ELECTION round 0: submit vote requests at term 2 for -1: [f58b4837-0c66-44b2-8a93-771d4ee68852|rpc:10.1.0.4:34339|dataStream:|priority:0, 2d1a6fdd-4e39-4ef3-8151-c6201fbfce8f|rpc:10.1.0.4:41833|dataStream:|priority:0, d6c668d5-a76d-4631-ba67-9d624f40a963|rpc:10.1.0.4:39345|dataStream:|priority:1], old=null
2022-06-19 13:07:23,700 [f58b4837-0c66-44b2-8a93-771d4ee68852@group-4B1326E0106C-LeaderElection52] INFO  impl.LeaderElection (LeaderElection.java:askForVotes(310)) - f58b4837-0c66-44b2-8a93-771d4ee68852@group-4B1326E0106C-LeaderElection52 ELECTION round 0: submit vote requests at term 2 for -1: [f58b4837-0c66-44b2-8a93-771d4ee68852|rpc:10.1.0.4:34339|priority:0, 2d1a6fdd-4e39-4ef3-8151-c6201fbfce8f|rpc:10.1.0.4:41833|priority:0, d6c668d5-a76d-4631-ba67-9d624f40a963|rpc:10.1.0.4:39345|priority:1], old=null
2022-06-19 13:07:23,729 [d6c668d5-a76d-4631-ba67-9d624f40a963@group-4B1326E0106C-LeaderElection51] INFO  impl.LeaderElection (LeaderElection.java:askForVotes(310)) - d6c668d5-a76d-4631-ba67-9d624f40a963@group-4B1326E0106C-LeaderElection51 ELECTION round 0: submit vote requests at term 2 for -1: [f58b4837-0c66-44b2-8a93-771d4ee68852|rpc:10.1.0.4:34339|dataStream:|priority:0, 2d1a6fdd-4e39-4ef3-8151-c6201fbfce8f|rpc:10.1.0.4:41833|dataStream:|priority:0, d6c668d5-a76d-4631-ba67-9d624f40a963|rpc:10.1.0.4:39345|dataStream:|priority:1], old=null
2022-06-19 13:07:23,766 [grpc-default-executor-2] INFO  server.RaftServer$Division (RaftServerImpl.java:requestVote(1152)) - f58b4837-0c66-44b2-8a93-771d4ee68852@group-4B1326E0106C: receive requestVote(ELECTION, d6c668d5-a76d-4631-ba67-9d624f40a963, group-4B1326E0106C, 2, (t:0, i:0))
2022-06-19 13:07:23,766 [grpc-default-executor-2] INFO  impl.VoteContext (VoteContext.java:log(48)) - f58b4837-0c66-44b2-8a93-771d4ee68852@group-4B1326E0106C-CANDIDATE: reject ELECTION from d6c668d5-a76d-4631-ba67-9d624f40a963: already has voted for f58b4837-0c66-44b2-8a93-771d4ee68852 at current term 2
2022-06-19 13:07:23,766 [grpc-default-executor-2] INFO  server.RaftServer$Division (RaftServerImpl.java:requestVote(1184)) - f58b4837-0c66-44b2-8a93-771d4ee68852@group-4B1326E0106C replies to ELECTION vote request: d6c668d5-a76d-4631-ba67-9d624f40a963<-f58b4837-0c66-44b2-8a93-771d4ee68852#0:FAIL-t2. Peer's state: f58b4837-0c66-44b2-8a93-771d4ee68852@group-4B1326E0106C:t2, leader=null, voted=f58b4837-0c66-44b2-8a93-771d4ee68852, raftlog=f58b4837-0c66-44b2-8a93-771d4ee68852@group-4B1326E0106C-SegmentedRaftLog:OPENED:c-1, conf=-1: [f58b4837-0c66-44b2-8a93-771d4ee68852|rpc:10.1.0.4:34339|priority:0, 2d1a6fdd-4e39-4ef3-8151-c6201fbfce8f|rpc:10.1.0.4:41833|priority:0, d6c668d5-a76d-4631-ba67-9d624f40a963|rpc:10.1.0.4:39345|priority:1], old=null
2022-06-19 13:07:23,770 [grpc-default-executor-0] INFO  server.RaftServer$Division (RaftServerImpl.java:requestVote(1152)) - 2d1a6fdd-4e39-4ef3-8151-c6201fbfce8f@group-4B1326E0106C: receive requestVote(ELECTION, f58b4837-0c66-44b2-8a93-771d4ee68852, group-4B1326E0106C, 2, (t:0, i:0))
2022-06-19 13:07:23,770 [grpc-default-executor-0] INFO  impl.VoteContext (VoteContext.java:log(48)) - 2d1a6fdd-4e39-4ef3-8151-c6201fbfce8f@group-4B1326E0106C-CANDIDATE: reject ELECTION from f58b4837-0c66-44b2-8a93-771d4ee68852: already has voted for 2d1a6fdd-4e39-4ef3-8151-c6201fbfce8f at current term 2
2022-06-19 13:07:23,782 [grpc-default-executor-0] INFO  server.RaftServer$Division (RaftServerImpl.java:requestVote(1184)) - 2d1a6fdd-4e39-4ef3-8151-c6201fbfce8f@group-4B1326E0106C replies to ELECTION vote request: f58b4837-0c66-44b2-8a93-771d4ee68852<-2d1a6fdd-4e39-4ef3-8151-c6201fbfce8f#0:FAIL-t2. Peer's state: 2d1a6fdd-4e39-4ef3-8151-c6201fbfce8f@group-4B1326E0106C:t2, leader=null, voted=2d1a6fdd-4e39-4ef3-8151-c6201fbfce8f, raftlog=2d1a6fdd-4e39-4ef3-8151-c6201fbfce8f@group-4B1326E0106C-SegmentedRaftLog:OPENED:c-1, conf=-1: [f58b4837-0c66-44b2-8a93-771d4ee68852|rpc:10.1.0.4:34339|dataStream:|priority:0, 2d1a6fdd-4e39-4ef3-8151-c6201fbfce8f|rpc:10.1.0.4:41833|dataStream:|priority:0, d6c668d5-a76d-4631-ba67-9d624f40a963|rpc:10.1.0.4:39345|dataStream:|priority:1], old=null
2022-06-19 13:07:23,786 [grpc-default-executor-0] INFO  server.RaftServer$Division (RaftServerImpl.java:requestVote(1152)) - f58b4837-0c66-44b2-8a93-771d4ee68852@group-4B1326E0106C: receive requestVote(ELECTION, 2d1a6fdd-4e39-4ef3-8151-c6201fbfce8f, group-4B1326E0106C, 2, (t:0, i:0))
2022-06-19 13:07:23,786 [grpc-default-executor-0] INFO  impl.VoteContext (VoteContext.java:log(48)) - f58b4837-0c66-44b2-8a93-771d4ee68852@group-4B1326E0106C-CANDIDATE: reject ELECTION from 2d1a6fdd-4e39-4ef3-8151-c6201fbfce8f: already has voted for f58b4837-0c66-44b2-8a93-771d4ee68852 at current term 2
2022-06-19 13:07:23,786 [grpc-default-executor-0] INFO  server.RaftServer$Division (RaftServerImpl.java:requestVote(1184)) - f58b4837-0c66-44b2-8a93-771d4ee68852@group-4B1326E0106C replies to ELECTION vote request: 2d1a6fdd-4e39-4ef3-8151-c6201fbfce8f<-f58b4837-0c66-44b2-8a93-771d4ee68852#0:FAIL-t2. Peer's state: f58b4837-0c66-44b2-8a93-771d4ee68852@group-4B1326E0106C:t2, leader=null, voted=f58b4837-0c66-44b2-8a93-771d4ee68852, raftlog=f58b4837-0c66-44b2-8a93-771d4ee68852@group-4B1326E0106C-SegmentedRaftLog:OPENED:c-1, conf=-1: [f58b4837-0c66-44b2-8a93-771d4ee68852|rpc:10.1.0.4:34339|priority:0, 2d1a6fdd-4e39-4ef3-8151-c6201fbfce8f|rpc:10.1.0.4:41833|priority:0, d6c668d5-a76d-4631-ba67-9d624f40a963|rpc:10.1.0.4:39345|priority:1], old=null
2022-06-19 13:07:23,795 [Listener at 127.0.0.1/41441] INFO  ozone.MiniOzoneClusterImpl (MiniOzoneClusterImpl.java:lambda$waitForClusterToBeReady$0(221)) - Nodes are ready. Got 5 of 5 DN Heartbeats.
2022-06-19 13:07:23,795 [Listener at 127.0.0.1/41441] INFO  ozone.MiniOzoneClusterImpl (MiniOzoneClusterImpl.java:lambda$waitForClusterToBeReady$0(224)) - Waiting for cluster to exit safe mode
2022-06-19 13:07:23,795 [Listener at 127.0.0.1/41441] INFO  ozone.MiniOzoneClusterImpl (MiniOzoneClusterImpl.java:lambda$waitForClusterToBeReady$0(226)) - SCM became leader
2022-06-19 13:07:23,829 [grpc-default-executor-1] INFO  server.RaftServer$Division (RaftServerImpl.java:requestVote(1152)) - 2d1a6fdd-4e39-4ef3-8151-c6201fbfce8f@group-4B1326E0106C: receive requestVote(ELECTION, d6c668d5-a76d-4631-ba67-9d624f40a963, group-4B1326E0106C, 2, (t:0, i:0))
2022-06-19 13:07:23,829 [grpc-default-executor-1] INFO  impl.VoteContext (VoteContext.java:log(48)) - 2d1a6fdd-4e39-4ef3-8151-c6201fbfce8f@group-4B1326E0106C-CANDIDATE: reject ELECTION from d6c668d5-a76d-4631-ba67-9d624f40a963: already has voted for 2d1a6fdd-4e39-4ef3-8151-c6201fbfce8f at current term 2
2022-06-19 13:07:23,829 [grpc-default-executor-1] INFO  server.RaftServer$Division (RaftServerImpl.java:requestVote(1184)) - 2d1a6fdd-4e39-4ef3-8151-c6201fbfce8f@group-4B1326E0106C replies to ELECTION vote request: d6c668d5-a76d-4631-ba67-9d624f40a963<-2d1a6fdd-4e39-4ef3-8151-c6201fbfce8f#0:FAIL-t2. Peer's state: 2d1a6fdd-4e39-4ef3-8151-c6201fbfce8f@group-4B1326E0106C:t2, leader=null, voted=2d1a6fdd-4e39-4ef3-8151-c6201fbfce8f, raftlog=2d1a6fdd-4e39-4ef3-8151-c6201fbfce8f@group-4B1326E0106C-SegmentedRaftLog:OPENED:c-1, conf=-1: [f58b4837-0c66-44b2-8a93-771d4ee68852|rpc:10.1.0.4:34339|dataStream:|priority:0, 2d1a6fdd-4e39-4ef3-8151-c6201fbfce8f|rpc:10.1.0.4:41833|dataStream:|priority:0, d6c668d5-a76d-4631-ba67-9d624f40a963|rpc:10.1.0.4:39345|dataStream:|priority:1], old=null
2022-06-19 13:07:23,838 [d6c668d5-a76d-4631-ba67-9d624f40a963@group-4B1326E0106C-LeaderElection51] INFO  impl.LeaderElection (LeaderElection.java:logAndReturn(90)) - d6c668d5-a76d-4631-ba67-9d624f40a963@group-4B1326E0106C-LeaderElection51: ELECTION REJECTED received 2 response(s) and 0 exception(s):
2022-06-19 13:07:23,838 [d6c668d5-a76d-4631-ba67-9d624f40a963@group-4B1326E0106C-LeaderElection51] INFO  impl.LeaderElection (LeaderElection.java:logAndReturn(94)) -   Response 0: d6c668d5-a76d-4631-ba67-9d624f40a963<-f58b4837-0c66-44b2-8a93-771d4ee68852#0:FAIL-t2
2022-06-19 13:07:23,838 [d6c668d5-a76d-4631-ba67-9d624f40a963@group-4B1326E0106C-LeaderElection51] INFO  impl.LeaderElection (LeaderElection.java:logAndReturn(94)) -   Response 1: d6c668d5-a76d-4631-ba67-9d624f40a963<-2d1a6fdd-4e39-4ef3-8151-c6201fbfce8f#0:FAIL-t2
2022-06-19 13:07:23,838 [d6c668d5-a76d-4631-ba67-9d624f40a963@group-4B1326E0106C-LeaderElection51] INFO  impl.LeaderElection (LeaderElection.java:askForVotes(312)) - d6c668d5-a76d-4631-ba67-9d624f40a963@group-4B1326E0106C-LeaderElection51 ELECTION round 0: result REJECTED
2022-06-19 13:07:23,838 [d6c668d5-a76d-4631-ba67-9d624f40a963@group-4B1326E0106C-LeaderElection51] INFO  server.RaftServer$Division (RaftServerImpl.java:setRole(299)) - d6c668d5-a76d-4631-ba67-9d624f40a963@group-4B1326E0106C: changes role from CANDIDATE to FOLLOWER at term 2 for REJECTED
2022-06-19 13:07:23,838 [d6c668d5-a76d-4631-ba67-9d624f40a963@group-4B1326E0106C-LeaderElection51] INFO  impl.RoleInfo (RoleInfo.java:shutdownLeaderElection(130)) - d6c668d5-a76d-4631-ba67-9d624f40a963: shutdown d6c668d5-a76d-4631-ba67-9d624f40a963@group-4B1326E0106C-LeaderElection51
2022-06-19 13:07:23,838 [d6c668d5-a76d-4631-ba67-9d624f40a963@group-4B1326E0106C-LeaderElection51] INFO  impl.RoleInfo (RoleInfo.java:updateAndGet(139)) - d6c668d5-a76d-4631-ba67-9d624f40a963: start d6c668d5-a76d-4631-ba67-9d624f40a963@group-4B1326E0106C-FollowerState
2022-06-19 13:07:23,838 [grpc-default-executor-0] INFO  server.RaftServer$Division (RaftServerImpl.java:requestVote(1152)) - d6c668d5-a76d-4631-ba67-9d624f40a963@group-4B1326E0106C: receive requestVote(ELECTION, f58b4837-0c66-44b2-8a93-771d4ee68852, group-4B1326E0106C, 2, (t:0, i:0))
2022-06-19 13:07:23,839 [grpc-default-executor-0] INFO  impl.VoteContext (VoteContext.java:log(48)) - d6c668d5-a76d-4631-ba67-9d624f40a963@group-4B1326E0106C-FOLLOWER: reject ELECTION from f58b4837-0c66-44b2-8a93-771d4ee68852: already has voted for d6c668d5-a76d-4631-ba67-9d624f40a963 at current term 2
2022-06-19 13:07:23,839 [grpc-default-executor-0] INFO  server.RaftServer$Division (RaftServerImpl.java:requestVote(1184)) - d6c668d5-a76d-4631-ba67-9d624f40a963@group-4B1326E0106C replies to ELECTION vote request: f58b4837-0c66-44b2-8a93-771d4ee68852<-d6c668d5-a76d-4631-ba67-9d624f40a963#0:FAIL-t2. Peer's state: d6c668d5-a76d-4631-ba67-9d624f40a963@group-4B1326E0106C:t2, leader=null, voted=d6c668d5-a76d-4631-ba67-9d624f40a963, raftlog=d6c668d5-a76d-4631-ba67-9d624f40a963@group-4B1326E0106C-SegmentedRaftLog:OPENED:c-1, conf=-1: [f58b4837-0c66-44b2-8a93-771d4ee68852|rpc:10.1.0.4:34339|dataStream:|priority:0, 2d1a6fdd-4e39-4ef3-8151-c6201fbfce8f|rpc:10.1.0.4:41833|dataStream:|priority:0, d6c668d5-a76d-4631-ba67-9d624f40a963|rpc:10.1.0.4:39345|dataStream:|priority:1], old=null
2022-06-19 13:07:23,839 [f58b4837-0c66-44b2-8a93-771d4ee68852@group-4B1326E0106C-LeaderElection52] INFO  impl.LeaderElection (LeaderElection.java:logAndReturn(90)) - f58b4837-0c66-44b2-8a93-771d4ee68852@group-4B1326E0106C-LeaderElection52: ELECTION REJECTED received 2 response(s) and 0 exception(s):
2022-06-19 13:07:23,839 [f58b4837-0c66-44b2-8a93-771d4ee68852@group-4B1326E0106C-LeaderElection52] INFO  impl.LeaderElection (LeaderElection.java:logAndReturn(94)) -   Response 0: f58b4837-0c66-44b2-8a93-771d4ee68852<-2d1a6fdd-4e39-4ef3-8151-c6201fbfce8f#0:FAIL-t2
2022-06-19 13:07:23,839 [f58b4837-0c66-44b2-8a93-771d4ee68852@group-4B1326E0106C-LeaderElection52] INFO  impl.LeaderElection (LeaderElection.java:logAndReturn(94)) -   Response 1: f58b4837-0c66-44b2-8a93-771d4ee68852<-d6c668d5-a76d-4631-ba67-9d624f40a963#0:FAIL-t2
2022-06-19 13:07:23,839 [f58b4837-0c66-44b2-8a93-771d4ee68852@group-4B1326E0106C-LeaderElection52] INFO  impl.LeaderElection (LeaderElection.java:askForVotes(312)) - f58b4837-0c66-44b2-8a93-771d4ee68852@group-4B1326E0106C-LeaderElection52 ELECTION round 0: result REJECTED
2022-06-19 13:07:23,839 [f58b4837-0c66-44b2-8a93-771d4ee68852@group-4B1326E0106C-LeaderElection52] INFO  server.RaftServer$Division (RaftServerImpl.java:setRole(299)) - f58b4837-0c66-44b2-8a93-771d4ee68852@group-4B1326E0106C: changes role from CANDIDATE to FOLLOWER at term 2 for REJECTED
2022-06-19 13:07:23,839 [f58b4837-0c66-44b2-8a93-771d4ee68852@group-4B1326E0106C-LeaderElection52] INFO  impl.RoleInfo (RoleInfo.java:shutdownLeaderElection(130)) - f58b4837-0c66-44b2-8a93-771d4ee68852: shutdown f58b4837-0c66-44b2-8a93-771d4ee68852@group-4B1326E0106C-LeaderElection52
2022-06-19 13:07:23,839 [f58b4837-0c66-44b2-8a93-771d4ee68852@group-4B1326E0106C-LeaderElection52] INFO  impl.RoleInfo (RoleInfo.java:updateAndGet(139)) - f58b4837-0c66-44b2-8a93-771d4ee68852: start f58b4837-0c66-44b2-8a93-771d4ee68852@group-4B1326E0106C-FollowerState
2022-06-19 13:07:23,849 [grpc-default-executor-0] INFO  server.RaftServer$Division (RaftServerImpl.java:requestVote(1152)) - d6c668d5-a76d-4631-ba67-9d624f40a963@group-4B1326E0106C: receive requestVote(ELECTION, 2d1a6fdd-4e39-4ef3-8151-c6201fbfce8f, group-4B1326E0106C, 2, (t:0, i:0))
2022-06-19 13:07:23,849 [grpc-default-executor-0] INFO  impl.VoteContext (VoteContext.java:log(48)) - d6c668d5-a76d-4631-ba67-9d624f40a963@group-4B1326E0106C-FOLLOWER: reject ELECTION from 2d1a6fdd-4e39-4ef3-8151-c6201fbfce8f: already has voted for d6c668d5-a76d-4631-ba67-9d624f40a963 at current term 2
2022-06-19 13:07:23,849 [grpc-default-executor-0] INFO  server.RaftServer$Division (RaftServerImpl.java:requestVote(1184)) - d6c668d5-a76d-4631-ba67-9d624f40a963@group-4B1326E0106C replies to ELECTION vote request: 2d1a6fdd-4e39-4ef3-8151-c6201fbfce8f<-d6c668d5-a76d-4631-ba67-9d624f40a963#0:FAIL-t2. Peer's state: d6c668d5-a76d-4631-ba67-9d624f40a963@group-4B1326E0106C:t2, leader=null, voted=d6c668d5-a76d-4631-ba67-9d624f40a963, raftlog=d6c668d5-a76d-4631-ba67-9d624f40a963@group-4B1326E0106C-SegmentedRaftLog:OPENED:c-1, conf=-1: [f58b4837-0c66-44b2-8a93-771d4ee68852|rpc:10.1.0.4:34339|dataStream:|priority:0, 2d1a6fdd-4e39-4ef3-8151-c6201fbfce8f|rpc:10.1.0.4:41833|dataStream:|priority:0, d6c668d5-a76d-4631-ba67-9d624f40a963|rpc:10.1.0.4:39345|dataStream:|priority:1], old=null
2022-06-19 13:07:23,854 [2d1a6fdd-4e39-4ef3-8151-c6201fbfce8f@group-4B1326E0106C-LeaderElection50] INFO  impl.LeaderElection (LeaderElection.java:logAndReturn(90)) - 2d1a6fdd-4e39-4ef3-8151-c6201fbfce8f@group-4B1326E0106C-LeaderElection50: ELECTION REJECTED received 2 response(s) and 0 exception(s):
2022-06-19 13:07:23,854 [2d1a6fdd-4e39-4ef3-8151-c6201fbfce8f@group-4B1326E0106C-LeaderElection50] INFO  impl.LeaderElection (LeaderElection.java:logAndReturn(94)) -   Response 0: 2d1a6fdd-4e39-4ef3-8151-c6201fbfce8f<-f58b4837-0c66-44b2-8a93-771d4ee68852#0:FAIL-t2
2022-06-19 13:07:23,854 [2d1a6fdd-4e39-4ef3-8151-c6201fbfce8f@group-4B1326E0106C-LeaderElection50] INFO  impl.LeaderElection (LeaderElection.java:logAndReturn(94)) -   Response 1: 2d1a6fdd-4e39-4ef3-8151-c6201fbfce8f<-d6c668d5-a76d-4631-ba67-9d624f40a963#0:FAIL-t2
2022-06-19 13:07:23,854 [2d1a6fdd-4e39-4ef3-8151-c6201fbfce8f@group-4B1326E0106C-LeaderElection50] INFO  impl.LeaderElection (LeaderElection.java:askForVotes(312)) - 2d1a6fdd-4e39-4ef3-8151-c6201fbfce8f@group-4B1326E0106C-LeaderElection50 ELECTION round 0: result REJECTED
2022-06-19 13:07:23,854 [2d1a6fdd-4e39-4ef3-8151-c6201fbfce8f@group-4B1326E0106C-LeaderElection50] INFO  server.RaftServer$Division (RaftServerImpl.java:setRole(299)) - 2d1a6fdd-4e39-4ef3-8151-c6201fbfce8f@group-4B1326E0106C: changes role from CANDIDATE to FOLLOWER at term 2 for REJECTED
2022-06-19 13:07:23,854 [2d1a6fdd-4e39-4ef3-8151-c6201fbfce8f@group-4B1326E0106C-LeaderElection50] INFO  impl.RoleInfo (RoleInfo.java:shutdownLeaderElection(130)) - 2d1a6fdd-4e39-4ef3-8151-c6201fbfce8f: shutdown 2d1a6fdd-4e39-4ef3-8151-c6201fbfce8f@group-4B1326E0106C-LeaderElection50
2022-06-19 13:07:23,854 [2d1a6fdd-4e39-4ef3-8151-c6201fbfce8f@group-4B1326E0106C-LeaderElection50] INFO  impl.RoleInfo (RoleInfo.java:updateAndGet(139)) - 2d1a6fdd-4e39-4ef3-8151-c6201fbfce8f: start 2d1a6fdd-4e39-4ef3-8151-c6201fbfce8f@group-4B1326E0106C-FollowerState
2022-06-19 13:07:24,796 [Listener at 127.0.0.1/41441] INFO  ozone.MiniOzoneClusterImpl (MiniOzoneClusterImpl.java:lambda$waitForClusterToBeReady$0(221)) - Nodes are ready. Got 5 of 5 DN Heartbeats.
2022-06-19 13:07:24,796 [Listener at 127.0.0.1/41441] INFO  ozone.MiniOzoneClusterImpl (MiniOzoneClusterImpl.java:lambda$waitForClusterToBeReady$0(224)) - Waiting for cluster to exit safe mode
2022-06-19 13:07:24,796 [Listener at 127.0.0.1/41441] INFO  ozone.MiniOzoneClusterImpl (MiniOzoneClusterImpl.java:lambda$waitForClusterToBeReady$0(226)) - SCM became leader
2022-06-19 13:07:25,796 [Listener at 127.0.0.1/41441] INFO  ozone.MiniOzoneClusterImpl (MiniOzoneClusterImpl.java:lambda$waitForClusterToBeReady$0(221)) - Nodes are ready. Got 5 of 5 DN Heartbeats.
2022-06-19 13:07:25,796 [Listener at 127.0.0.1/41441] INFO  ozone.MiniOzoneClusterImpl (MiniOzoneClusterImpl.java:lambda$waitForClusterToBeReady$0(224)) - Waiting for cluster to exit safe mode
2022-06-19 13:07:25,796 [Listener at 127.0.0.1/41441] INFO  ozone.MiniOzoneClusterImpl (MiniOzoneClusterImpl.java:lambda$waitForClusterToBeReady$0(226)) - SCM became leader
2022-06-19 13:07:26,802 [Listener at 127.0.0.1/41441] INFO  ozone.MiniOzoneClusterImpl (MiniOzoneClusterImpl.java:lambda$waitForClusterToBeReady$0(221)) - Nodes are ready. Got 5 of 5 DN Heartbeats.
2022-06-19 13:07:26,802 [Listener at 127.0.0.1/41441] INFO  ozone.MiniOzoneClusterImpl (MiniOzoneClusterImpl.java:lambda$waitForClusterToBeReady$0(224)) - Waiting for cluster to exit safe mode
2022-06-19 13:07:26,802 [Listener at 127.0.0.1/41441] INFO  ozone.MiniOzoneClusterImpl (MiniOzoneClusterImpl.java:lambda$waitForClusterToBeReady$0(226)) - SCM became leader
2022-06-19 13:07:27,803 [Listener at 127.0.0.1/41441] INFO  ozone.MiniOzoneClusterImpl (MiniOzoneClusterImpl.java:lambda$waitForClusterToBeReady$0(221)) - Nodes are ready. Got 5 of 5 DN Heartbeats.
2022-06-19 13:07:27,803 [Listener at 127.0.0.1/41441] INFO  ozone.MiniOzoneClusterImpl (MiniOzoneClusterImpl.java:lambda$waitForClusterToBeReady$0(224)) - Waiting for cluster to exit safe mode
2022-06-19 13:07:27,803 [Listener at 127.0.0.1/41441] INFO  ozone.MiniOzoneClusterImpl (MiniOzoneClusterImpl.java:lambda$waitForClusterToBeReady$0(226)) - SCM became leader
2022-06-19 13:07:28,656 [2d1a6fdd-4e39-4ef3-8151-c6201fbfce8f@group-E9FCCFD5F858-FollowerState] INFO  impl.FollowerState (FollowerState.java:run(143)) - 2d1a6fdd-4e39-4ef3-8151-c6201fbfce8f@group-E9FCCFD5F858-FollowerState: change to CANDIDATE, lastRpcElapsedTime:5079083614ns, electionTimeout:5051ms
2022-06-19 13:07:28,657 [2d1a6fdd-4e39-4ef3-8151-c6201fbfce8f@group-E9FCCFD5F858-FollowerState] INFO  impl.RoleInfo (RoleInfo.java:shutdownFollowerState(110)) - 2d1a6fdd-4e39-4ef3-8151-c6201fbfce8f: shutdown 2d1a6fdd-4e39-4ef3-8151-c6201fbfce8f@group-E9FCCFD5F858-FollowerState
2022-06-19 13:07:28,657 [2d1a6fdd-4e39-4ef3-8151-c6201fbfce8f@group-E9FCCFD5F858-FollowerState] INFO  server.RaftServer$Division (RaftServerImpl.java:setRole(299)) - 2d1a6fdd-4e39-4ef3-8151-c6201fbfce8f@group-E9FCCFD5F858: changes role from  FOLLOWER to CANDIDATE at term 2 for changeToCandidate
2022-06-19 13:07:28,657 [2d1a6fdd-4e39-4ef3-8151-c6201fbfce8f@group-E9FCCFD5F858-FollowerState] INFO  server.RaftServerConfigKeys (ConfUtils.java:logGet(46)) - raft.server.leaderelection.pre-vote = false (custom)
2022-06-19 13:07:28,657 [2d1a6fdd-4e39-4ef3-8151-c6201fbfce8f@group-E9FCCFD5F858-FollowerState] INFO  impl.RoleInfo (RoleInfo.java:updateAndGet(139)) - 2d1a6fdd-4e39-4ef3-8151-c6201fbfce8f: start 2d1a6fdd-4e39-4ef3-8151-c6201fbfce8f@group-E9FCCFD5F858-LeaderElection53
2022-06-19 13:07:28,660 [d6c668d5-a76d-4631-ba67-9d624f40a963@group-E9FCCFD5F858-FollowerState] INFO  impl.FollowerState (FollowerState.java:run(143)) - d6c668d5-a76d-4631-ba67-9d624f40a963@group-E9FCCFD5F858-FollowerState: change to CANDIDATE, lastRpcElapsedTime:5074771254ns, electionTimeout:5055ms
2022-06-19 13:07:28,660 [d6c668d5-a76d-4631-ba67-9d624f40a963@group-E9FCCFD5F858-FollowerState] INFO  impl.RoleInfo (RoleInfo.java:shutdownFollowerState(110)) - d6c668d5-a76d-4631-ba67-9d624f40a963: shutdown d6c668d5-a76d-4631-ba67-9d624f40a963@group-E9FCCFD5F858-FollowerState
2022-06-19 13:07:28,660 [d6c668d5-a76d-4631-ba67-9d624f40a963@group-E9FCCFD5F858-FollowerState] INFO  server.RaftServer$Division (RaftServerImpl.java:setRole(299)) - d6c668d5-a76d-4631-ba67-9d624f40a963@group-E9FCCFD5F858: changes role from  FOLLOWER to CANDIDATE at term 2 for changeToCandidate
2022-06-19 13:07:28,680 [d6c668d5-a76d-4631-ba67-9d624f40a963@group-E9FCCFD5F858-FollowerState] INFO  server.RaftServerConfigKeys (ConfUtils.java:logGet(46)) - raft.server.leaderelection.pre-vote = false (custom)
2022-06-19 13:07:28,680 [d6c668d5-a76d-4631-ba67-9d624f40a963@group-E9FCCFD5F858-FollowerState] INFO  impl.RoleInfo (RoleInfo.java:updateAndGet(139)) - d6c668d5-a76d-4631-ba67-9d624f40a963: start d6c668d5-a76d-4631-ba67-9d624f40a963@group-E9FCCFD5F858-LeaderElection54
2022-06-19 13:07:28,686 [2d1a6fdd-4e39-4ef3-8151-c6201fbfce8f@group-E9FCCFD5F858-LeaderElection53] INFO  impl.LeaderElection (LeaderElection.java:askForVotes(310)) - 2d1a6fdd-4e39-4ef3-8151-c6201fbfce8f@group-E9FCCFD5F858-LeaderElection53 ELECTION round 0: submit vote requests at term 3 for -1: [f58b4837-0c66-44b2-8a93-771d4ee68852|rpc:10.1.0.4:34339|dataStream:|priority:1, 2d1a6fdd-4e39-4ef3-8151-c6201fbfce8f|rpc:10.1.0.4:41833|dataStream:|priority:0, d6c668d5-a76d-4631-ba67-9d624f40a963|rpc:10.1.0.4:39345|dataStream:|priority:0], old=null
2022-06-19 13:07:28,686 [d6c668d5-a76d-4631-ba67-9d624f40a963@group-E9FCCFD5F858-LeaderElection54] INFO  impl.LeaderElection (LeaderElection.java:askForVotes(310)) - d6c668d5-a76d-4631-ba67-9d624f40a963@group-E9FCCFD5F858-LeaderElection54 ELECTION round 0: submit vote requests at term 3 for -1: [f58b4837-0c66-44b2-8a93-771d4ee68852|rpc:10.1.0.4:34339|dataStream:|priority:1, 2d1a6fdd-4e39-4ef3-8151-c6201fbfce8f|rpc:10.1.0.4:41833|dataStream:|priority:0, d6c668d5-a76d-4631-ba67-9d624f40a963|rpc:10.1.0.4:39345|dataStream:|priority:0], old=null
2022-06-19 13:07:28,724 [grpc-default-executor-0] INFO  server.RaftServer$Division (RaftServerImpl.java:requestVote(1152)) - f58b4837-0c66-44b2-8a93-771d4ee68852@group-E9FCCFD5F858: receive requestVote(ELECTION, 2d1a6fdd-4e39-4ef3-8151-c6201fbfce8f, group-E9FCCFD5F858, 3, (t:0, i:0))
2022-06-19 13:07:28,724 [grpc-default-executor-0] INFO  impl.VoteContext (VoteContext.java:log(48)) - f58b4837-0c66-44b2-8a93-771d4ee68852@group-E9FCCFD5F858-FOLLOWER: reject ELECTION from 2d1a6fdd-4e39-4ef3-8151-c6201fbfce8f: our priority 1 > candidate's priority 0
2022-06-19 13:07:28,724 [grpc-default-executor-0] INFO  server.RaftServer$Division (RaftServerImpl.java:setRole(299)) - f58b4837-0c66-44b2-8a93-771d4ee68852@group-E9FCCFD5F858: changes role from  FOLLOWER to FOLLOWER at term 3 for candidate:2d1a6fdd-4e39-4ef3-8151-c6201fbfce8f
2022-06-19 13:07:28,724 [grpc-default-executor-0] INFO  impl.RoleInfo (RoleInfo.java:shutdownFollowerState(110)) - f58b4837-0c66-44b2-8a93-771d4ee68852: shutdown f58b4837-0c66-44b2-8a93-771d4ee68852@group-E9FCCFD5F858-FollowerState
2022-06-19 13:07:28,724 [grpc-default-executor-0] INFO  impl.RoleInfo (RoleInfo.java:updateAndGet(139)) - f58b4837-0c66-44b2-8a93-771d4ee68852: start f58b4837-0c66-44b2-8a93-771d4ee68852@group-E9FCCFD5F858-FollowerState
2022-06-19 13:07:28,724 [grpc-default-executor-1] INFO  server.RaftServer$Division (RaftServerImpl.java:requestVote(1152)) - d6c668d5-a76d-4631-ba67-9d624f40a963@group-E9FCCFD5F858: receive requestVote(ELECTION, 2d1a6fdd-4e39-4ef3-8151-c6201fbfce8f, group-E9FCCFD5F858, 3, (t:0, i:0))
2022-06-19 13:07:28,725 [grpc-default-executor-1] INFO  impl.VoteContext (VoteContext.java:log(48)) - d6c668d5-a76d-4631-ba67-9d624f40a963@group-E9FCCFD5F858-CANDIDATE: reject ELECTION from 2d1a6fdd-4e39-4ef3-8151-c6201fbfce8f: already has voted for d6c668d5-a76d-4631-ba67-9d624f40a963 at current term 3
2022-06-19 13:07:28,725 [grpc-default-executor-1] INFO  server.RaftServer$Division (RaftServerImpl.java:requestVote(1184)) - d6c668d5-a76d-4631-ba67-9d624f40a963@group-E9FCCFD5F858 replies to ELECTION vote request: 2d1a6fdd-4e39-4ef3-8151-c6201fbfce8f<-d6c668d5-a76d-4631-ba67-9d624f40a963#0:FAIL-t3. Peer's state: d6c668d5-a76d-4631-ba67-9d624f40a963@group-E9FCCFD5F858:t3, leader=null, voted=d6c668d5-a76d-4631-ba67-9d624f40a963, raftlog=d6c668d5-a76d-4631-ba67-9d624f40a963@group-E9FCCFD5F858-SegmentedRaftLog:OPENED:c-1, conf=-1: [f58b4837-0c66-44b2-8a93-771d4ee68852|rpc:10.1.0.4:34339|dataStream:|priority:1, 2d1a6fdd-4e39-4ef3-8151-c6201fbfce8f|rpc:10.1.0.4:41833|dataStream:|priority:0, d6c668d5-a76d-4631-ba67-9d624f40a963|rpc:10.1.0.4:39345|dataStream:|priority:0], old=null
2022-06-19 13:07:28,725 [f58b4837-0c66-44b2-8a93-771d4ee68852@group-E9FCCFD5F858-FollowerState] INFO  impl.FollowerState (FollowerState.java:run(152)) - f58b4837-0c66-44b2-8a93-771d4ee68852@group-E9FCCFD5F858-FollowerState was interrupted
2022-06-19 13:07:28,725 [grpc-default-executor-2] INFO  server.RaftServer$Division (RaftServerImpl.java:requestVote(1152)) - f58b4837-0c66-44b2-8a93-771d4ee68852@group-E9FCCFD5F858: receive requestVote(ELECTION, d6c668d5-a76d-4631-ba67-9d624f40a963, group-E9FCCFD5F858, 3, (t:0, i:0))
2022-06-19 13:07:28,733 [grpc-default-executor-0] INFO  server.RaftServer$Division (RaftServerImpl.java:requestVote(1184)) - f58b4837-0c66-44b2-8a93-771d4ee68852@group-E9FCCFD5F858 replies to ELECTION vote request: 2d1a6fdd-4e39-4ef3-8151-c6201fbfce8f<-f58b4837-0c66-44b2-8a93-771d4ee68852#0:FAIL-t3. Peer's state: f58b4837-0c66-44b2-8a93-771d4ee68852@group-E9FCCFD5F858:t3, leader=null, voted=null, raftlog=f58b4837-0c66-44b2-8a93-771d4ee68852@group-E9FCCFD5F858-SegmentedRaftLog:OPENED:c-1, conf=-1: [f58b4837-0c66-44b2-8a93-771d4ee68852|rpc:10.1.0.4:34339|priority:1, 2d1a6fdd-4e39-4ef3-8151-c6201fbfce8f|rpc:10.1.0.4:41833|priority:0, d6c668d5-a76d-4631-ba67-9d624f40a963|rpc:10.1.0.4:39345|priority:0], old=null
2022-06-19 13:07:28,734 [grpc-default-executor-2] INFO  impl.VoteContext (VoteContext.java:log(48)) - f58b4837-0c66-44b2-8a93-771d4ee68852@group-E9FCCFD5F858-FOLLOWER: reject ELECTION from d6c668d5-a76d-4631-ba67-9d624f40a963: our priority 1 > candidate's priority 0
2022-06-19 13:07:28,734 [grpc-default-executor-2] INFO  server.RaftServer$Division (RaftServerImpl.java:setRole(299)) - f58b4837-0c66-44b2-8a93-771d4ee68852@group-E9FCCFD5F858: changes role from  FOLLOWER to FOLLOWER at term 3 for candidate:d6c668d5-a76d-4631-ba67-9d624f40a963
2022-06-19 13:07:28,734 [grpc-default-executor-2] INFO  impl.RoleInfo (RoleInfo.java:shutdownFollowerState(110)) - f58b4837-0c66-44b2-8a93-771d4ee68852: shutdown f58b4837-0c66-44b2-8a93-771d4ee68852@group-E9FCCFD5F858-FollowerState
2022-06-19 13:07:28,734 [grpc-default-executor-2] INFO  impl.RoleInfo (RoleInfo.java:updateAndGet(139)) - f58b4837-0c66-44b2-8a93-771d4ee68852: start f58b4837-0c66-44b2-8a93-771d4ee68852@group-E9FCCFD5F858-FollowerState
2022-06-19 13:07:28,741 [grpc-default-executor-2] INFO  server.RaftServer$Division (RaftServerImpl.java:requestVote(1184)) - f58b4837-0c66-44b2-8a93-771d4ee68852@group-E9FCCFD5F858 replies to ELECTION vote request: d6c668d5-a76d-4631-ba67-9d624f40a963<-f58b4837-0c66-44b2-8a93-771d4ee68852#0:FAIL-t3. Peer's state: f58b4837-0c66-44b2-8a93-771d4ee68852@group-E9FCCFD5F858:t3, leader=null, voted=null, raftlog=f58b4837-0c66-44b2-8a93-771d4ee68852@group-E9FCCFD5F858-SegmentedRaftLog:OPENED:c-1, conf=-1: [f58b4837-0c66-44b2-8a93-771d4ee68852|rpc:10.1.0.4:34339|priority:1, 2d1a6fdd-4e39-4ef3-8151-c6201fbfce8f|rpc:10.1.0.4:41833|priority:0, d6c668d5-a76d-4631-ba67-9d624f40a963|rpc:10.1.0.4:39345|priority:0], old=null
2022-06-19 13:07:28,750 [2d1a6fdd-4e39-4ef3-8151-c6201fbfce8f@group-E9FCCFD5F858-LeaderElection53] INFO  impl.LeaderElection (LeaderElection.java:logAndReturn(90)) - 2d1a6fdd-4e39-4ef3-8151-c6201fbfce8f@group-E9FCCFD5F858-LeaderElection53: ELECTION REJECTED received 1 response(s) and 0 exception(s):
2022-06-19 13:07:28,750 [2d1a6fdd-4e39-4ef3-8151-c6201fbfce8f@group-E9FCCFD5F858-LeaderElection53] INFO  impl.LeaderElection (LeaderElection.java:logAndReturn(94)) -   Response 0: 2d1a6fdd-4e39-4ef3-8151-c6201fbfce8f<-f58b4837-0c66-44b2-8a93-771d4ee68852#0:FAIL-t3
2022-06-19 13:07:28,750 [2d1a6fdd-4e39-4ef3-8151-c6201fbfce8f@group-E9FCCFD5F858-LeaderElection53] INFO  impl.LeaderElection (LeaderElection.java:askForVotes(312)) - 2d1a6fdd-4e39-4ef3-8151-c6201fbfce8f@group-E9FCCFD5F858-LeaderElection53 ELECTION round 0: result REJECTED
2022-06-19 13:07:28,750 [2d1a6fdd-4e39-4ef3-8151-c6201fbfce8f@group-E9FCCFD5F858-LeaderElection53] INFO  server.RaftServer$Division (RaftServerImpl.java:setRole(299)) - 2d1a6fdd-4e39-4ef3-8151-c6201fbfce8f@group-E9FCCFD5F858: changes role from CANDIDATE to FOLLOWER at term 3 for REJECTED
2022-06-19 13:07:28,750 [2d1a6fdd-4e39-4ef3-8151-c6201fbfce8f@group-E9FCCFD5F858-LeaderElection53] INFO  impl.RoleInfo (RoleInfo.java:shutdownLeaderElection(130)) - 2d1a6fdd-4e39-4ef3-8151-c6201fbfce8f: shutdown 2d1a6fdd-4e39-4ef3-8151-c6201fbfce8f@group-E9FCCFD5F858-LeaderElection53
2022-06-19 13:07:28,750 [2d1a6fdd-4e39-4ef3-8151-c6201fbfce8f@group-E9FCCFD5F858-LeaderElection53] INFO  impl.RoleInfo (RoleInfo.java:updateAndGet(139)) - 2d1a6fdd-4e39-4ef3-8151-c6201fbfce8f: start 2d1a6fdd-4e39-4ef3-8151-c6201fbfce8f@group-E9FCCFD5F858-FollowerState
2022-06-19 13:07:28,755 [f58b4837-0c66-44b2-8a93-771d4ee68852@group-E9FCCFD5F858-FollowerState] INFO  impl.FollowerState (FollowerState.java:run(152)) - f58b4837-0c66-44b2-8a93-771d4ee68852@group-E9FCCFD5F858-FollowerState was interrupted
2022-06-19 13:07:28,770 [d6c668d5-a76d-4631-ba67-9d624f40a963@group-E9FCCFD5F858-LeaderElection54] INFO  impl.LeaderElection (LeaderElection.java:logAndReturn(90)) - d6c668d5-a76d-4631-ba67-9d624f40a963@group-E9FCCFD5F858-LeaderElection54: ELECTION REJECTED received 1 response(s) and 0 exception(s):
2022-06-19 13:07:28,770 [d6c668d5-a76d-4631-ba67-9d624f40a963@group-E9FCCFD5F858-LeaderElection54] INFO  impl.LeaderElection (LeaderElection.java:logAndReturn(94)) -   Response 0: d6c668d5-a76d-4631-ba67-9d624f40a963<-f58b4837-0c66-44b2-8a93-771d4ee68852#0:FAIL-t3
2022-06-19 13:07:28,770 [grpc-default-executor-2] INFO  server.RaftServer$Division (RaftServerImpl.java:requestVote(1152)) - 2d1a6fdd-4e39-4ef3-8151-c6201fbfce8f@group-E9FCCFD5F858: receive requestVote(ELECTION, d6c668d5-a76d-4631-ba67-9d624f40a963, group-E9FCCFD5F858, 3, (t:0, i:0))
2022-06-19 13:07:28,770 [grpc-default-executor-2] INFO  impl.VoteContext (VoteContext.java:log(48)) - 2d1a6fdd-4e39-4ef3-8151-c6201fbfce8f@group-E9FCCFD5F858-FOLLOWER: reject ELECTION from d6c668d5-a76d-4631-ba67-9d624f40a963: already has voted for 2d1a6fdd-4e39-4ef3-8151-c6201fbfce8f at current term 3
2022-06-19 13:07:28,770 [d6c668d5-a76d-4631-ba67-9d624f40a963@group-E9FCCFD5F858-LeaderElection54] INFO  impl.LeaderElection (LeaderElection.java:askForVotes(312)) - d6c668d5-a76d-4631-ba67-9d624f40a963@group-E9FCCFD5F858-LeaderElection54 ELECTION round 0: result REJECTED
2022-06-19 13:07:28,770 [grpc-default-executor-2] INFO  server.RaftServer$Division (RaftServerImpl.java:requestVote(1184)) - 2d1a6fdd-4e39-4ef3-8151-c6201fbfce8f@group-E9FCCFD5F858 replies to ELECTION vote request: d6c668d5-a76d-4631-ba67-9d624f40a963<-2d1a6fdd-4e39-4ef3-8151-c6201fbfce8f#0:FAIL-t3. Peer's state: 2d1a6fdd-4e39-4ef3-8151-c6201fbfce8f@group-E9FCCFD5F858:t3, leader=null, voted=2d1a6fdd-4e39-4ef3-8151-c6201fbfce8f, raftlog=2d1a6fdd-4e39-4ef3-8151-c6201fbfce8f@group-E9FCCFD5F858-SegmentedRaftLog:OPENED:c-1, conf=-1: [f58b4837-0c66-44b2-8a93-771d4ee68852|rpc:10.1.0.4:34339|dataStream:|priority:1, 2d1a6fdd-4e39-4ef3-8151-c6201fbfce8f|rpc:10.1.0.4:41833|dataStream:|priority:0, d6c668d5-a76d-4631-ba67-9d624f40a963|rpc:10.1.0.4:39345|dataStream:|priority:0], old=null
2022-06-19 13:07:28,770 [d6c668d5-a76d-4631-ba67-9d624f40a963@group-E9FCCFD5F858-LeaderElection54] INFO  server.RaftServer$Division (RaftServerImpl.java:setRole(299)) - d6c668d5-a76d-4631-ba67-9d624f40a963@group-E9FCCFD5F858: changes role from CANDIDATE to FOLLOWER at term 3 for REJECTED
2022-06-19 13:07:28,771 [d6c668d5-a76d-4631-ba67-9d624f40a963@group-E9FCCFD5F858-LeaderElection54] INFO  impl.RoleInfo (RoleInfo.java:shutdownLeaderElection(130)) - d6c668d5-a76d-4631-ba67-9d624f40a963: shutdown d6c668d5-a76d-4631-ba67-9d624f40a963@group-E9FCCFD5F858-LeaderElection54
2022-06-19 13:07:28,771 [d6c668d5-a76d-4631-ba67-9d624f40a963@group-E9FCCFD5F858-LeaderElection54] INFO  impl.RoleInfo (RoleInfo.java:updateAndGet(139)) - d6c668d5-a76d-4631-ba67-9d624f40a963: start d6c668d5-a76d-4631-ba67-9d624f40a963@group-E9FCCFD5F858-FollowerState
2022-06-19 13:07:28,803 [Listener at 127.0.0.1/41441] INFO  ozone.MiniOzoneClusterImpl (MiniOzoneClusterImpl.java:lambda$waitForClusterToBeReady$0(221)) - Nodes are ready. Got 5 of 5 DN Heartbeats.
2022-06-19 13:07:28,803 [Listener at 127.0.0.1/41441] INFO  ozone.MiniOzoneClusterImpl (MiniOzoneClusterImpl.java:lambda$waitForClusterToBeReady$0(224)) - Waiting for cluster to exit safe mode
2022-06-19 13:07:28,803 [Listener at 127.0.0.1/41441] INFO  ozone.MiniOzoneClusterImpl (MiniOzoneClusterImpl.java:lambda$waitForClusterToBeReady$0(226)) - SCM became leader
2022-06-19 13:07:28,952 [2d1a6fdd-4e39-4ef3-8151-c6201fbfce8f@group-4B1326E0106C-FollowerState] INFO  impl.FollowerState (FollowerState.java:run(143)) - 2d1a6fdd-4e39-4ef3-8151-c6201fbfce8f@group-4B1326E0106C-FollowerState: change to CANDIDATE, lastRpcElapsedTime:5097842470ns, electionTimeout:5076ms
2022-06-19 13:07:28,952 [2d1a6fdd-4e39-4ef3-8151-c6201fbfce8f@group-4B1326E0106C-FollowerState] INFO  impl.RoleInfo (RoleInfo.java:shutdownFollowerState(110)) - 2d1a6fdd-4e39-4ef3-8151-c6201fbfce8f: shutdown 2d1a6fdd-4e39-4ef3-8151-c6201fbfce8f@group-4B1326E0106C-FollowerState
2022-06-19 13:07:28,952 [2d1a6fdd-4e39-4ef3-8151-c6201fbfce8f@group-4B1326E0106C-FollowerState] INFO  server.RaftServer$Division (RaftServerImpl.java:setRole(299)) - 2d1a6fdd-4e39-4ef3-8151-c6201fbfce8f@group-4B1326E0106C: changes role from  FOLLOWER to CANDIDATE at term 2 for changeToCandidate
2022-06-19 13:07:28,952 [2d1a6fdd-4e39-4ef3-8151-c6201fbfce8f@group-4B1326E0106C-FollowerState] INFO  server.RaftServerConfigKeys (ConfUtils.java:logGet(46)) - raft.server.leaderelection.pre-vote = false (custom)
2022-06-19 13:07:28,952 [2d1a6fdd-4e39-4ef3-8151-c6201fbfce8f@group-4B1326E0106C-FollowerState] INFO  impl.RoleInfo (RoleInfo.java:updateAndGet(139)) - 2d1a6fdd-4e39-4ef3-8151-c6201fbfce8f: start 2d1a6fdd-4e39-4ef3-8151-c6201fbfce8f@group-4B1326E0106C-LeaderElection55
2022-06-19 13:07:28,989 [f58b4837-0c66-44b2-8a93-771d4ee68852@group-4B1326E0106C-FollowerState] INFO  impl.FollowerState (FollowerState.java:run(143)) - f58b4837-0c66-44b2-8a93-771d4ee68852@group-4B1326E0106C-FollowerState: change to CANDIDATE, lastRpcElapsedTime:5149471796ns, electionTimeout:5106ms
2022-06-19 13:07:28,989 [f58b4837-0c66-44b2-8a93-771d4ee68852@group-4B1326E0106C-FollowerState] INFO  impl.RoleInfo (RoleInfo.java:shutdownFollowerState(110)) - f58b4837-0c66-44b2-8a93-771d4ee68852: shutdown f58b4837-0c66-44b2-8a93-771d4ee68852@group-4B1326E0106C-FollowerState
2022-06-19 13:07:28,989 [f58b4837-0c66-44b2-8a93-771d4ee68852@group-4B1326E0106C-FollowerState] INFO  server.RaftServer$Division (RaftServerImpl.java:setRole(299)) - f58b4837-0c66-44b2-8a93-771d4ee68852@group-4B1326E0106C: changes role from  FOLLOWER to CANDIDATE at term 2 for changeToCandidate
2022-06-19 13:07:28,989 [f58b4837-0c66-44b2-8a93-771d4ee68852@group-4B1326E0106C-FollowerState] INFO  server.RaftServerConfigKeys (ConfUtils.java:logGet(46)) - raft.server.leaderelection.pre-vote = false (custom)
2022-06-19 13:07:28,989 [f58b4837-0c66-44b2-8a93-771d4ee68852@group-4B1326E0106C-FollowerState] INFO  impl.RoleInfo (RoleInfo.java:updateAndGet(139)) - f58b4837-0c66-44b2-8a93-771d4ee68852: start f58b4837-0c66-44b2-8a93-771d4ee68852@group-4B1326E0106C-LeaderElection56
2022-06-19 13:07:29,030 [2d1a6fdd-4e39-4ef3-8151-c6201fbfce8f@group-4B1326E0106C-LeaderElection55] INFO  impl.LeaderElection (LeaderElection.java:askForVotes(310)) - 2d1a6fdd-4e39-4ef3-8151-c6201fbfce8f@group-4B1326E0106C-LeaderElection55 ELECTION round 0: submit vote requests at term 3 for -1: [f58b4837-0c66-44b2-8a93-771d4ee68852|rpc:10.1.0.4:34339|dataStream:|priority:0, 2d1a6fdd-4e39-4ef3-8151-c6201fbfce8f|rpc:10.1.0.4:41833|dataStream:|priority:0, d6c668d5-a76d-4631-ba67-9d624f40a963|rpc:10.1.0.4:39345|dataStream:|priority:1], old=null
2022-06-19 13:07:29,057 [d6c668d5-a76d-4631-ba67-9d624f40a963@group-4B1326E0106C-FollowerState] INFO  impl.FollowerState (FollowerState.java:run(143)) - d6c668d5-a76d-4631-ba67-9d624f40a963@group-4B1326E0106C-FollowerState: change to CANDIDATE, lastRpcElapsedTime:5219214775ns, electionTimeout:5128ms
2022-06-19 13:07:29,057 [d6c668d5-a76d-4631-ba67-9d624f40a963@group-4B1326E0106C-FollowerState] INFO  impl.RoleInfo (RoleInfo.java:shutdownFollowerState(110)) - d6c668d5-a76d-4631-ba67-9d624f40a963: shutdown d6c668d5-a76d-4631-ba67-9d624f40a963@group-4B1326E0106C-FollowerState
2022-06-19 13:07:29,057 [d6c668d5-a76d-4631-ba67-9d624f40a963@group-4B1326E0106C-FollowerState] INFO  server.RaftServer$Division (RaftServerImpl.java:setRole(299)) - d6c668d5-a76d-4631-ba67-9d624f40a963@group-4B1326E0106C: changes role from  FOLLOWER to CANDIDATE at term 2 for changeToCandidate
2022-06-19 13:07:29,057 [d6c668d5-a76d-4631-ba67-9d624f40a963@group-4B1326E0106C-FollowerState] INFO  server.RaftServerConfigKeys (ConfUtils.java:logGet(46)) - raft.server.leaderelection.pre-vote = false (custom)
2022-06-19 13:07:29,057 [d6c668d5-a76d-4631-ba67-9d624f40a963@group-4B1326E0106C-FollowerState] INFO  impl.RoleInfo (RoleInfo.java:updateAndGet(139)) - d6c668d5-a76d-4631-ba67-9d624f40a963: start d6c668d5-a76d-4631-ba67-9d624f40a963@group-4B1326E0106C-LeaderElection57
2022-06-19 13:07:29,058 [f58b4837-0c66-44b2-8a93-771d4ee68852@group-4B1326E0106C-LeaderElection56] INFO  impl.LeaderElection (LeaderElection.java:askForVotes(310)) - f58b4837-0c66-44b2-8a93-771d4ee68852@group-4B1326E0106C-LeaderElection56 ELECTION round 0: submit vote requests at term 3 for -1: [f58b4837-0c66-44b2-8a93-771d4ee68852|rpc:10.1.0.4:34339|priority:0, 2d1a6fdd-4e39-4ef3-8151-c6201fbfce8f|rpc:10.1.0.4:41833|priority:0, d6c668d5-a76d-4631-ba67-9d624f40a963|rpc:10.1.0.4:39345|priority:1], old=null
2022-06-19 13:07:29,065 [d6c668d5-a76d-4631-ba67-9d624f40a963@group-4B1326E0106C-LeaderElection57] INFO  impl.LeaderElection (LeaderElection.java:askForVotes(310)) - d6c668d5-a76d-4631-ba67-9d624f40a963@group-4B1326E0106C-LeaderElection57 ELECTION round 0: submit vote requests at term 3 for -1: [f58b4837-0c66-44b2-8a93-771d4ee68852|rpc:10.1.0.4:34339|dataStream:|priority:0, 2d1a6fdd-4e39-4ef3-8151-c6201fbfce8f|rpc:10.1.0.4:41833|dataStream:|priority:0, d6c668d5-a76d-4631-ba67-9d624f40a963|rpc:10.1.0.4:39345|dataStream:|priority:1], old=null
2022-06-19 13:07:29,065 [grpc-default-executor-2] INFO  server.RaftServer$Division (RaftServerImpl.java:requestVote(1152)) - f58b4837-0c66-44b2-8a93-771d4ee68852@group-4B1326E0106C: receive requestVote(ELECTION, 2d1a6fdd-4e39-4ef3-8151-c6201fbfce8f, group-4B1326E0106C, 3, (t:0, i:0))
2022-06-19 13:07:29,066 [grpc-default-executor-2] INFO  impl.VoteContext (VoteContext.java:log(48)) - f58b4837-0c66-44b2-8a93-771d4ee68852@group-4B1326E0106C-CANDIDATE: reject ELECTION from 2d1a6fdd-4e39-4ef3-8151-c6201fbfce8f: already has voted for f58b4837-0c66-44b2-8a93-771d4ee68852 at current term 3
2022-06-19 13:07:29,066 [grpc-default-executor-2] INFO  server.RaftServer$Division (RaftServerImpl.java:requestVote(1184)) - f58b4837-0c66-44b2-8a93-771d4ee68852@group-4B1326E0106C replies to ELECTION vote request: 2d1a6fdd-4e39-4ef3-8151-c6201fbfce8f<-f58b4837-0c66-44b2-8a93-771d4ee68852#0:FAIL-t3. Peer's state: f58b4837-0c66-44b2-8a93-771d4ee68852@group-4B1326E0106C:t3, leader=null, voted=f58b4837-0c66-44b2-8a93-771d4ee68852, raftlog=f58b4837-0c66-44b2-8a93-771d4ee68852@group-4B1326E0106C-SegmentedRaftLog:OPENED:c-1, conf=-1: [f58b4837-0c66-44b2-8a93-771d4ee68852|rpc:10.1.0.4:34339|priority:0, 2d1a6fdd-4e39-4ef3-8151-c6201fbfce8f|rpc:10.1.0.4:41833|priority:0, d6c668d5-a76d-4631-ba67-9d624f40a963|rpc:10.1.0.4:39345|priority:1], old=null
2022-06-19 13:07:29,066 [grpc-default-executor-0] INFO  server.RaftServer$Division (RaftServerImpl.java:requestVote(1152)) - d6c668d5-a76d-4631-ba67-9d624f40a963@group-4B1326E0106C: receive requestVote(ELECTION, 2d1a6fdd-4e39-4ef3-8151-c6201fbfce8f, group-4B1326E0106C, 3, (t:0, i:0))
2022-06-19 13:07:29,066 [grpc-default-executor-0] INFO  impl.VoteContext (VoteContext.java:log(48)) - d6c668d5-a76d-4631-ba67-9d624f40a963@group-4B1326E0106C-CANDIDATE: reject ELECTION from 2d1a6fdd-4e39-4ef3-8151-c6201fbfce8f: already has voted for d6c668d5-a76d-4631-ba67-9d624f40a963 at current term 3
2022-06-19 13:07:29,066 [grpc-default-executor-0] INFO  server.RaftServer$Division (RaftServerImpl.java:requestVote(1184)) - d6c668d5-a76d-4631-ba67-9d624f40a963@group-4B1326E0106C replies to ELECTION vote request: 2d1a6fdd-4e39-4ef3-8151-c6201fbfce8f<-d6c668d5-a76d-4631-ba67-9d624f40a963#0:FAIL-t3. Peer's state: d6c668d5-a76d-4631-ba67-9d624f40a963@group-4B1326E0106C:t3, leader=null, voted=d6c668d5-a76d-4631-ba67-9d624f40a963, raftlog=d6c668d5-a76d-4631-ba67-9d624f40a963@group-4B1326E0106C-SegmentedRaftLog:OPENED:c-1, conf=-1: [f58b4837-0c66-44b2-8a93-771d4ee68852|rpc:10.1.0.4:34339|dataStream:|priority:0, 2d1a6fdd-4e39-4ef3-8151-c6201fbfce8f|rpc:10.1.0.4:41833|dataStream:|priority:0, d6c668d5-a76d-4631-ba67-9d624f40a963|rpc:10.1.0.4:39345|dataStream:|priority:1], old=null
2022-06-19 13:07:29,068 [grpc-default-executor-2] INFO  server.RaftServer$Division (RaftServerImpl.java:requestVote(1152)) - f58b4837-0c66-44b2-8a93-771d4ee68852@group-4B1326E0106C: receive requestVote(ELECTION, d6c668d5-a76d-4631-ba67-9d624f40a963, group-4B1326E0106C, 3, (t:0, i:0))
2022-06-19 13:07:29,068 [grpc-default-executor-2] INFO  impl.VoteContext (VoteContext.java:log(48)) - f58b4837-0c66-44b2-8a93-771d4ee68852@group-4B1326E0106C-CANDIDATE: reject ELECTION from d6c668d5-a76d-4631-ba67-9d624f40a963: already has voted for f58b4837-0c66-44b2-8a93-771d4ee68852 at current term 3
2022-06-19 13:07:29,068 [grpc-default-executor-2] INFO  server.RaftServer$Division (RaftServerImpl.java:requestVote(1184)) - f58b4837-0c66-44b2-8a93-771d4ee68852@group-4B1326E0106C replies to ELECTION vote request: d6c668d5-a76d-4631-ba67-9d624f40a963<-f58b4837-0c66-44b2-8a93-771d4ee68852#0:FAIL-t3. Peer's state: f58b4837-0c66-44b2-8a93-771d4ee68852@group-4B1326E0106C:t3, leader=null, voted=f58b4837-0c66-44b2-8a93-771d4ee68852, raftlog=f58b4837-0c66-44b2-8a93-771d4ee68852@group-4B1326E0106C-SegmentedRaftLog:OPENED:c-1, conf=-1: [f58b4837-0c66-44b2-8a93-771d4ee68852|rpc:10.1.0.4:34339|priority:0, 2d1a6fdd-4e39-4ef3-8151-c6201fbfce8f|rpc:10.1.0.4:41833|priority:0, d6c668d5-a76d-4631-ba67-9d624f40a963|rpc:10.1.0.4:39345|priority:1], old=null
2022-06-19 13:07:29,100 [2d1a6fdd-4e39-4ef3-8151-c6201fbfce8f@group-4B1326E0106C-LeaderElection55] INFO  impl.LeaderElection (LeaderElection.java:logAndReturn(90)) - 2d1a6fdd-4e39-4ef3-8151-c6201fbfce8f@group-4B1326E0106C-LeaderElection55: ELECTION REJECTED received 1 response(s) and 0 exception(s):
2022-06-19 13:07:29,101 [2d1a6fdd-4e39-4ef3-8151-c6201fbfce8f@group-4B1326E0106C-LeaderElection55] INFO  impl.LeaderElection (LeaderElection.java:logAndReturn(94)) -   Response 0: 2d1a6fdd-4e39-4ef3-8151-c6201fbfce8f<-d6c668d5-a76d-4631-ba67-9d624f40a963#0:FAIL-t3
2022-06-19 13:07:29,101 [2d1a6fdd-4e39-4ef3-8151-c6201fbfce8f@group-4B1326E0106C-LeaderElection55] INFO  impl.LeaderElection (LeaderElection.java:askForVotes(312)) - 2d1a6fdd-4e39-4ef3-8151-c6201fbfce8f@group-4B1326E0106C-LeaderElection55 ELECTION round 0: result REJECTED
2022-06-19 13:07:29,103 [2d1a6fdd-4e39-4ef3-8151-c6201fbfce8f@group-4B1326E0106C-LeaderElection55] INFO  server.RaftServer$Division (RaftServerImpl.java:setRole(299)) - 2d1a6fdd-4e39-4ef3-8151-c6201fbfce8f@group-4B1326E0106C: changes role from CANDIDATE to FOLLOWER at term 3 for REJECTED
2022-06-19 13:07:29,103 [2d1a6fdd-4e39-4ef3-8151-c6201fbfce8f@group-4B1326E0106C-LeaderElection55] INFO  impl.RoleInfo (RoleInfo.java:shutdownLeaderElection(130)) - 2d1a6fdd-4e39-4ef3-8151-c6201fbfce8f: shutdown 2d1a6fdd-4e39-4ef3-8151-c6201fbfce8f@group-4B1326E0106C-LeaderElection55
2022-06-19 13:07:29,103 [2d1a6fdd-4e39-4ef3-8151-c6201fbfce8f@group-4B1326E0106C-LeaderElection55] INFO  impl.RoleInfo (RoleInfo.java:updateAndGet(139)) - 2d1a6fdd-4e39-4ef3-8151-c6201fbfce8f: start 2d1a6fdd-4e39-4ef3-8151-c6201fbfce8f@group-4B1326E0106C-FollowerState
2022-06-19 13:07:29,119 [grpc-default-executor-1] INFO  server.RaftServer$Division (RaftServerImpl.java:requestVote(1152)) - 2d1a6fdd-4e39-4ef3-8151-c6201fbfce8f@group-4B1326E0106C: receive requestVote(ELECTION, d6c668d5-a76d-4631-ba67-9d624f40a963, group-4B1326E0106C, 3, (t:0, i:0))
2022-06-19 13:07:29,120 [grpc-default-executor-1] INFO  impl.VoteContext (VoteContext.java:log(48)) - 2d1a6fdd-4e39-4ef3-8151-c6201fbfce8f@group-4B1326E0106C-FOLLOWER: reject ELECTION from d6c668d5-a76d-4631-ba67-9d624f40a963: already has voted for 2d1a6fdd-4e39-4ef3-8151-c6201fbfce8f at current term 3
2022-06-19 13:07:29,120 [grpc-default-executor-1] INFO  server.RaftServer$Division (RaftServerImpl.java:requestVote(1184)) - 2d1a6fdd-4e39-4ef3-8151-c6201fbfce8f@group-4B1326E0106C replies to ELECTION vote request: d6c668d5-a76d-4631-ba67-9d624f40a963<-2d1a6fdd-4e39-4ef3-8151-c6201fbfce8f#0:FAIL-t3. Peer's state: 2d1a6fdd-4e39-4ef3-8151-c6201fbfce8f@group-4B1326E0106C:t3, leader=null, voted=2d1a6fdd-4e39-4ef3-8151-c6201fbfce8f, raftlog=2d1a6fdd-4e39-4ef3-8151-c6201fbfce8f@group-4B1326E0106C-SegmentedRaftLog:OPENED:c-1, conf=-1: [f58b4837-0c66-44b2-8a93-771d4ee68852|rpc:10.1.0.4:34339|dataStream:|priority:0, 2d1a6fdd-4e39-4ef3-8151-c6201fbfce8f|rpc:10.1.0.4:41833|dataStream:|priority:0, d6c668d5-a76d-4631-ba67-9d624f40a963|rpc:10.1.0.4:39345|dataStream:|priority:1], old=null
2022-06-19 13:07:29,121 [d6c668d5-a76d-4631-ba67-9d624f40a963@group-4B1326E0106C-LeaderElection57] INFO  impl.LeaderElection (LeaderElection.java:logAndReturn(90)) - d6c668d5-a76d-4631-ba67-9d624f40a963@group-4B1326E0106C-LeaderElection57: ELECTION REJECTED received 2 response(s) and 0 exception(s):
2022-06-19 13:07:29,122 [d6c668d5-a76d-4631-ba67-9d624f40a963@group-4B1326E0106C-LeaderElection57] INFO  impl.LeaderElection (LeaderElection.java:logAndReturn(94)) -   Response 0: d6c668d5-a76d-4631-ba67-9d624f40a963<-f58b4837-0c66-44b2-8a93-771d4ee68852#0:FAIL-t3
2022-06-19 13:07:29,122 [d6c668d5-a76d-4631-ba67-9d624f40a963@group-4B1326E0106C-LeaderElection57] INFO  impl.LeaderElection (LeaderElection.java:logAndReturn(94)) -   Response 1: d6c668d5-a76d-4631-ba67-9d624f40a963<-2d1a6fdd-4e39-4ef3-8151-c6201fbfce8f#0:FAIL-t3
2022-06-19 13:07:29,122 [d6c668d5-a76d-4631-ba67-9d624f40a963@group-4B1326E0106C-LeaderElection57] INFO  impl.LeaderElection (LeaderElection.java:askForVotes(312)) - d6c668d5-a76d-4631-ba67-9d624f40a963@group-4B1326E0106C-LeaderElection57 ELECTION round 0: result REJECTED
2022-06-19 13:07:29,122 [d6c668d5-a76d-4631-ba67-9d624f40a963@group-4B1326E0106C-LeaderElection57] INFO  server.RaftServer$Division (RaftServerImpl.java:setRole(299)) - d6c668d5-a76d-4631-ba67-9d624f40a963@group-4B1326E0106C: changes role from CANDIDATE to FOLLOWER at term 3 for REJECTED
2022-06-19 13:07:29,122 [d6c668d5-a76d-4631-ba67-9d624f40a963@group-4B1326E0106C-LeaderElection57] INFO  impl.RoleInfo (RoleInfo.java:shutdownLeaderElection(130)) - d6c668d5-a76d-4631-ba67-9d624f40a963: shutdown d6c668d5-a76d-4631-ba67-9d624f40a963@group-4B1326E0106C-LeaderElection57
2022-06-19 13:07:29,122 [d6c668d5-a76d-4631-ba67-9d624f40a963@group-4B1326E0106C-LeaderElection57] INFO  impl.RoleInfo (RoleInfo.java:updateAndGet(139)) - d6c668d5-a76d-4631-ba67-9d624f40a963: start d6c668d5-a76d-4631-ba67-9d624f40a963@group-4B1326E0106C-FollowerState
2022-06-19 13:07:29,143 [grpc-default-executor-1] INFO  server.RaftServer$Division (RaftServerImpl.java:requestVote(1152)) - 2d1a6fdd-4e39-4ef3-8151-c6201fbfce8f@group-4B1326E0106C: receive requestVote(ELECTION, f58b4837-0c66-44b2-8a93-771d4ee68852, group-4B1326E0106C, 3, (t:0, i:0))
2022-06-19 13:07:29,144 [grpc-default-executor-1] INFO  impl.VoteContext (VoteContext.java:log(48)) - 2d1a6fdd-4e39-4ef3-8151-c6201fbfce8f@group-4B1326E0106C-FOLLOWER: reject ELECTION from f58b4837-0c66-44b2-8a93-771d4ee68852: already has voted for 2d1a6fdd-4e39-4ef3-8151-c6201fbfce8f at current term 3
2022-06-19 13:07:29,144 [grpc-default-executor-1] INFO  server.RaftServer$Division (RaftServerImpl.java:requestVote(1184)) - 2d1a6fdd-4e39-4ef3-8151-c6201fbfce8f@group-4B1326E0106C replies to ELECTION vote request: f58b4837-0c66-44b2-8a93-771d4ee68852<-2d1a6fdd-4e39-4ef3-8151-c6201fbfce8f#0:FAIL-t3. Peer's state: 2d1a6fdd-4e39-4ef3-8151-c6201fbfce8f@group-4B1326E0106C:t3, leader=null, voted=2d1a6fdd-4e39-4ef3-8151-c6201fbfce8f, raftlog=2d1a6fdd-4e39-4ef3-8151-c6201fbfce8f@group-4B1326E0106C-SegmentedRaftLog:OPENED:c-1, conf=-1: [f58b4837-0c66-44b2-8a93-771d4ee68852|rpc:10.1.0.4:34339|dataStream:|priority:0, 2d1a6fdd-4e39-4ef3-8151-c6201fbfce8f|rpc:10.1.0.4:41833|dataStream:|priority:0, d6c668d5-a76d-4631-ba67-9d624f40a963|rpc:10.1.0.4:39345|dataStream:|priority:1], old=null
2022-06-19 13:07:29,158 [grpc-default-executor-1] INFO  server.RaftServer$Division (RaftServerImpl.java:requestVote(1152)) - d6c668d5-a76d-4631-ba67-9d624f40a963@group-4B1326E0106C: receive requestVote(ELECTION, f58b4837-0c66-44b2-8a93-771d4ee68852, group-4B1326E0106C, 3, (t:0, i:0))
2022-06-19 13:07:29,158 [grpc-default-executor-1] INFO  impl.VoteContext (VoteContext.java:log(48)) - d6c668d5-a76d-4631-ba67-9d624f40a963@group-4B1326E0106C-FOLLOWER: reject ELECTION from f58b4837-0c66-44b2-8a93-771d4ee68852: already has voted for d6c668d5-a76d-4631-ba67-9d624f40a963 at current term 3
2022-06-19 13:07:29,158 [grpc-default-executor-1] INFO  server.RaftServer$Division (RaftServerImpl.java:requestVote(1184)) - d6c668d5-a76d-4631-ba67-9d624f40a963@group-4B1326E0106C replies to ELECTION vote request: f58b4837-0c66-44b2-8a93-771d4ee68852<-d6c668d5-a76d-4631-ba67-9d624f40a963#0:FAIL-t3. Peer's state: d6c668d5-a76d-4631-ba67-9d624f40a963@group-4B1326E0106C:t3, leader=null, voted=d6c668d5-a76d-4631-ba67-9d624f40a963, raftlog=d6c668d5-a76d-4631-ba67-9d624f40a963@group-4B1326E0106C-SegmentedRaftLog:OPENED:c-1, conf=-1: [f58b4837-0c66-44b2-8a93-771d4ee68852|rpc:10.1.0.4:34339|dataStream:|priority:0, 2d1a6fdd-4e39-4ef3-8151-c6201fbfce8f|rpc:10.1.0.4:41833|dataStream:|priority:0, d6c668d5-a76d-4631-ba67-9d624f40a963|rpc:10.1.0.4:39345|dataStream:|priority:1], old=null
2022-06-19 13:07:29,161 [f58b4837-0c66-44b2-8a93-771d4ee68852@group-4B1326E0106C-LeaderElection56] INFO  impl.LeaderElection (LeaderElection.java:logAndReturn(90)) - f58b4837-0c66-44b2-8a93-771d4ee68852@group-4B1326E0106C-LeaderElection56: ELECTION REJECTED received 2 response(s) and 0 exception(s):
2022-06-19 13:07:29,161 [f58b4837-0c66-44b2-8a93-771d4ee68852@group-4B1326E0106C-LeaderElection56] INFO  impl.LeaderElection (LeaderElection.java:logAndReturn(94)) -   Response 0: f58b4837-0c66-44b2-8a93-771d4ee68852<-2d1a6fdd-4e39-4ef3-8151-c6201fbfce8f#0:FAIL-t3
2022-06-19 13:07:29,161 [f58b4837-0c66-44b2-8a93-771d4ee68852@group-4B1326E0106C-LeaderElection56] INFO  impl.LeaderElection (LeaderElection.java:logAndReturn(94)) -   Response 1: f58b4837-0c66-44b2-8a93-771d4ee68852<-d6c668d5-a76d-4631-ba67-9d624f40a963#0:FAIL-t3
2022-06-19 13:07:29,161 [f58b4837-0c66-44b2-8a93-771d4ee68852@group-4B1326E0106C-LeaderElection56] INFO  impl.LeaderElection (LeaderElection.java:askForVotes(312)) - f58b4837-0c66-44b2-8a93-771d4ee68852@group-4B1326E0106C-LeaderElection56 ELECTION round 0: result REJECTED
2022-06-19 13:07:29,161 [f58b4837-0c66-44b2-8a93-771d4ee68852@group-4B1326E0106C-LeaderElection56] INFO  server.RaftServer$Division (RaftServerImpl.java:setRole(299)) - f58b4837-0c66-44b2-8a93-771d4ee68852@group-4B1326E0106C: changes role from CANDIDATE to FOLLOWER at term 3 for REJECTED
2022-06-19 13:07:29,161 [f58b4837-0c66-44b2-8a93-771d4ee68852@group-4B1326E0106C-LeaderElection56] INFO  impl.RoleInfo (RoleInfo.java:shutdownLeaderElection(130)) - f58b4837-0c66-44b2-8a93-771d4ee68852: shutdown f58b4837-0c66-44b2-8a93-771d4ee68852@group-4B1326E0106C-LeaderElection56
2022-06-19 13:07:29,161 [f58b4837-0c66-44b2-8a93-771d4ee68852@group-4B1326E0106C-LeaderElection56] INFO  impl.RoleInfo (RoleInfo.java:updateAndGet(139)) - f58b4837-0c66-44b2-8a93-771d4ee68852: start f58b4837-0c66-44b2-8a93-771d4ee68852@group-4B1326E0106C-FollowerState
2022-06-19 13:07:29,804 [Listener at 127.0.0.1/41441] INFO  ozone.MiniOzoneClusterImpl (MiniOzoneClusterImpl.java:lambda$waitForClusterToBeReady$0(221)) - Nodes are ready. Got 5 of 5 DN Heartbeats.
2022-06-19 13:07:29,804 [Listener at 127.0.0.1/41441] INFO  ozone.MiniOzoneClusterImpl (MiniOzoneClusterImpl.java:lambda$waitForClusterToBeReady$0(224)) - Waiting for cluster to exit safe mode
2022-06-19 13:07:29,804 [Listener at 127.0.0.1/41441] INFO  ozone.MiniOzoneClusterImpl (MiniOzoneClusterImpl.java:lambda$waitForClusterToBeReady$0(226)) - SCM became leader
2022-06-19 13:07:30,804 [Listener at 127.0.0.1/41441] INFO  ozone.MiniOzoneClusterImpl (MiniOzoneClusterImpl.java:lambda$waitForClusterToBeReady$0(221)) - Nodes are ready. Got 5 of 5 DN Heartbeats.
2022-06-19 13:07:30,804 [Listener at 127.0.0.1/41441] INFO  ozone.MiniOzoneClusterImpl (MiniOzoneClusterImpl.java:lambda$waitForClusterToBeReady$0(224)) - Waiting for cluster to exit safe mode
2022-06-19 13:07:30,805 [Listener at 127.0.0.1/41441] INFO  ozone.MiniOzoneClusterImpl (MiniOzoneClusterImpl.java:lambda$waitForClusterToBeReady$0(226)) - SCM became leader
2022-06-19 13:07:31,805 [Listener at 127.0.0.1/41441] INFO  ozone.MiniOzoneClusterImpl (MiniOzoneClusterImpl.java:lambda$waitForClusterToBeReady$0(221)) - Nodes are ready. Got 5 of 5 DN Heartbeats.
2022-06-19 13:07:31,805 [Listener at 127.0.0.1/41441] INFO  ozone.MiniOzoneClusterImpl (MiniOzoneClusterImpl.java:lambda$waitForClusterToBeReady$0(224)) - Waiting for cluster to exit safe mode
2022-06-19 13:07:31,805 [Listener at 127.0.0.1/41441] INFO  ozone.MiniOzoneClusterImpl (MiniOzoneClusterImpl.java:lambda$waitForClusterToBeReady$0(226)) - SCM became leader
2022-06-19 13:07:32,809 [Listener at 127.0.0.1/41441] INFO  ozone.MiniOzoneClusterImpl (MiniOzoneClusterImpl.java:lambda$waitForClusterToBeReady$0(221)) - Nodes are ready. Got 5 of 5 DN Heartbeats.
2022-06-19 13:07:32,809 [Listener at 127.0.0.1/41441] INFO  ozone.MiniOzoneClusterImpl (MiniOzoneClusterImpl.java:lambda$waitForClusterToBeReady$0(224)) - Waiting for cluster to exit safe mode
2022-06-19 13:07:32,810 [Listener at 127.0.0.1/41441] INFO  ozone.MiniOzoneClusterImpl (MiniOzoneClusterImpl.java:lambda$waitForClusterToBeReady$0(226)) - SCM became leader
2022-06-19 13:07:33,753 [f58b4837-0c66-44b2-8a93-771d4ee68852@group-E9FCCFD5F858-FollowerState] INFO  impl.FollowerState (FollowerState.java:run(143)) - f58b4837-0c66-44b2-8a93-771d4ee68852@group-E9FCCFD5F858-FollowerState: change to CANDIDATE, lastRpcElapsedTime:5019559025ns, electionTimeout:5004ms
2022-06-19 13:07:33,754 [f58b4837-0c66-44b2-8a93-771d4ee68852@group-E9FCCFD5F858-FollowerState] INFO  impl.RoleInfo (RoleInfo.java:shutdownFollowerState(110)) - f58b4837-0c66-44b2-8a93-771d4ee68852: shutdown f58b4837-0c66-44b2-8a93-771d4ee68852@group-E9FCCFD5F858-FollowerState
2022-06-19 13:07:33,754 [f58b4837-0c66-44b2-8a93-771d4ee68852@group-E9FCCFD5F858-FollowerState] INFO  server.RaftServer$Division (RaftServerImpl.java:setRole(299)) - f58b4837-0c66-44b2-8a93-771d4ee68852@group-E9FCCFD5F858: changes role from  FOLLOWER to CANDIDATE at term 3 for changeToCandidate
2022-06-19 13:07:33,754 [f58b4837-0c66-44b2-8a93-771d4ee68852@group-E9FCCFD5F858-FollowerState] INFO  server.RaftServerConfigKeys (ConfUtils.java:logGet(46)) - raft.server.leaderelection.pre-vote = false (custom)
2022-06-19 13:07:33,754 [f58b4837-0c66-44b2-8a93-771d4ee68852@group-E9FCCFD5F858-FollowerState] INFO  impl.RoleInfo (RoleInfo.java:updateAndGet(139)) - f58b4837-0c66-44b2-8a93-771d4ee68852: start f58b4837-0c66-44b2-8a93-771d4ee68852@group-E9FCCFD5F858-LeaderElection58
2022-06-19 13:07:33,779 [d6c668d5-a76d-4631-ba67-9d624f40a963@group-E9FCCFD5F858-FollowerState] INFO  impl.FollowerState (FollowerState.java:run(143)) - d6c668d5-a76d-4631-ba67-9d624f40a963@group-E9FCCFD5F858-FollowerState: change to CANDIDATE, lastRpcElapsedTime:5008313867ns, electionTimeout:5008ms
2022-06-19 13:07:33,779 [d6c668d5-a76d-4631-ba67-9d624f40a963@group-E9FCCFD5F858-FollowerState] INFO  impl.RoleInfo (RoleInfo.java:shutdownFollowerState(110)) - d6c668d5-a76d-4631-ba67-9d624f40a963: shutdown d6c668d5-a76d-4631-ba67-9d624f40a963@group-E9FCCFD5F858-FollowerState
2022-06-19 13:07:33,779 [d6c668d5-a76d-4631-ba67-9d624f40a963@group-E9FCCFD5F858-FollowerState] INFO  server.RaftServer$Division (RaftServerImpl.java:setRole(299)) - d6c668d5-a76d-4631-ba67-9d624f40a963@group-E9FCCFD5F858: changes role from  FOLLOWER to CANDIDATE at term 3 for changeToCandidate
2022-06-19 13:07:33,779 [d6c668d5-a76d-4631-ba67-9d624f40a963@group-E9FCCFD5F858-FollowerState] INFO  server.RaftServerConfigKeys (ConfUtils.java:logGet(46)) - raft.server.leaderelection.pre-vote = false (custom)
2022-06-19 13:07:33,779 [d6c668d5-a76d-4631-ba67-9d624f40a963@group-E9FCCFD5F858-FollowerState] INFO  impl.RoleInfo (RoleInfo.java:updateAndGet(139)) - d6c668d5-a76d-4631-ba67-9d624f40a963: start d6c668d5-a76d-4631-ba67-9d624f40a963@group-E9FCCFD5F858-LeaderElection59
2022-06-19 13:07:33,797 [f58b4837-0c66-44b2-8a93-771d4ee68852@group-E9FCCFD5F858-LeaderElection58] INFO  impl.LeaderElection (LeaderElection.java:askForVotes(310)) - f58b4837-0c66-44b2-8a93-771d4ee68852@group-E9FCCFD5F858-LeaderElection58 ELECTION round 0: submit vote requests at term 4 for -1: [f58b4837-0c66-44b2-8a93-771d4ee68852|rpc:10.1.0.4:34339|priority:1, 2d1a6fdd-4e39-4ef3-8151-c6201fbfce8f|rpc:10.1.0.4:41833|priority:0, d6c668d5-a76d-4631-ba67-9d624f40a963|rpc:10.1.0.4:39345|priority:0], old=null
2022-06-19 13:07:33,810 [2d1a6fdd-4e39-4ef3-8151-c6201fbfce8f@group-E9FCCFD5F858-FollowerState] INFO  impl.FollowerState (FollowerState.java:run(143)) - 2d1a6fdd-4e39-4ef3-8151-c6201fbfce8f@group-E9FCCFD5F858-FollowerState: change to CANDIDATE, lastRpcElapsedTime:5059381084ns, electionTimeout:5011ms
2022-06-19 13:07:33,810 [Listener at 127.0.0.1/41441] INFO  ozone.MiniOzoneClusterImpl (MiniOzoneClusterImpl.java:lambda$waitForClusterToBeReady$0(221)) - Nodes are ready. Got 5 of 5 DN Heartbeats.
2022-06-19 13:07:33,810 [Listener at 127.0.0.1/41441] INFO  ozone.MiniOzoneClusterImpl (MiniOzoneClusterImpl.java:lambda$waitForClusterToBeReady$0(224)) - Waiting for cluster to exit safe mode
2022-06-19 13:07:33,810 [Listener at 127.0.0.1/41441] INFO  ozone.MiniOzoneClusterImpl (MiniOzoneClusterImpl.java:lambda$waitForClusterToBeReady$0(226)) - SCM became leader
2022-06-19 13:07:33,810 [2d1a6fdd-4e39-4ef3-8151-c6201fbfce8f@group-E9FCCFD5F858-FollowerState] INFO  impl.RoleInfo (RoleInfo.java:shutdownFollowerState(110)) - 2d1a6fdd-4e39-4ef3-8151-c6201fbfce8f: shutdown 2d1a6fdd-4e39-4ef3-8151-c6201fbfce8f@group-E9FCCFD5F858-FollowerState
2022-06-19 13:07:33,810 [2d1a6fdd-4e39-4ef3-8151-c6201fbfce8f@group-E9FCCFD5F858-FollowerState] INFO  server.RaftServer$Division (RaftServerImpl.java:setRole(299)) - 2d1a6fdd-4e39-4ef3-8151-c6201fbfce8f@group-E9FCCFD5F858: changes role from  FOLLOWER to CANDIDATE at term 3 for changeToCandidate
2022-06-19 13:07:33,834 [grpc-default-executor-1] INFO  server.RaftServer$Division (RaftServerImpl.java:requestVote(1152)) - 2d1a6fdd-4e39-4ef3-8151-c6201fbfce8f@group-E9FCCFD5F858: receive requestVote(ELECTION, f58b4837-0c66-44b2-8a93-771d4ee68852, group-E9FCCFD5F858, 4, (t:0, i:0))
2022-06-19 13:07:33,845 [d6c668d5-a76d-4631-ba67-9d624f40a963@group-E9FCCFD5F858-LeaderElection59] INFO  impl.LeaderElection (LeaderElection.java:askForVotes(310)) - d6c668d5-a76d-4631-ba67-9d624f40a963@group-E9FCCFD5F858-LeaderElection59 ELECTION round 0: submit vote requests at term 4 for -1: [f58b4837-0c66-44b2-8a93-771d4ee68852|rpc:10.1.0.4:34339|dataStream:|priority:1, 2d1a6fdd-4e39-4ef3-8151-c6201fbfce8f|rpc:10.1.0.4:41833|dataStream:|priority:0, d6c668d5-a76d-4631-ba67-9d624f40a963|rpc:10.1.0.4:39345|dataStream:|priority:0], old=null
2022-06-19 13:07:33,869 [2d1a6fdd-4e39-4ef3-8151-c6201fbfce8f@group-E9FCCFD5F858-FollowerState] INFO  server.RaftServerConfigKeys (ConfUtils.java:logGet(46)) - raft.server.leaderelection.pre-vote = false (custom)
2022-06-19 13:07:33,869 [2d1a6fdd-4e39-4ef3-8151-c6201fbfce8f@group-E9FCCFD5F858-FollowerState] INFO  impl.RoleInfo (RoleInfo.java:updateAndGet(139)) - 2d1a6fdd-4e39-4ef3-8151-c6201fbfce8f: start 2d1a6fdd-4e39-4ef3-8151-c6201fbfce8f@group-E9FCCFD5F858-LeaderElection60
2022-06-19 13:07:33,881 [grpc-default-executor-0] INFO  server.RaftServer$Division (RaftServerImpl.java:requestVote(1152)) - f58b4837-0c66-44b2-8a93-771d4ee68852@group-E9FCCFD5F858: receive requestVote(ELECTION, d6c668d5-a76d-4631-ba67-9d624f40a963, group-E9FCCFD5F858, 4, (t:0, i:0))
2022-06-19 13:07:33,881 [grpc-default-executor-0] INFO  impl.VoteContext (VoteContext.java:log(48)) - f58b4837-0c66-44b2-8a93-771d4ee68852@group-E9FCCFD5F858-CANDIDATE: reject ELECTION from d6c668d5-a76d-4631-ba67-9d624f40a963: already has voted for f58b4837-0c66-44b2-8a93-771d4ee68852 at current term 4
2022-06-19 13:07:33,881 [grpc-default-executor-0] INFO  server.RaftServer$Division (RaftServerImpl.java:requestVote(1184)) - f58b4837-0c66-44b2-8a93-771d4ee68852@group-E9FCCFD5F858 replies to ELECTION vote request: d6c668d5-a76d-4631-ba67-9d624f40a963<-f58b4837-0c66-44b2-8a93-771d4ee68852#0:FAIL-t4. Peer's state: f58b4837-0c66-44b2-8a93-771d4ee68852@group-E9FCCFD5F858:t4, leader=null, voted=f58b4837-0c66-44b2-8a93-771d4ee68852, raftlog=f58b4837-0c66-44b2-8a93-771d4ee68852@group-E9FCCFD5F858-SegmentedRaftLog:OPENED:c-1, conf=-1: [f58b4837-0c66-44b2-8a93-771d4ee68852|rpc:10.1.0.4:34339|priority:1, 2d1a6fdd-4e39-4ef3-8151-c6201fbfce8f|rpc:10.1.0.4:41833|priority:0, d6c668d5-a76d-4631-ba67-9d624f40a963|rpc:10.1.0.4:39345|priority:0], old=null
2022-06-19 13:07:33,881 [grpc-default-executor-2] INFO  server.RaftServer$Division (RaftServerImpl.java:requestVote(1152)) - d6c668d5-a76d-4631-ba67-9d624f40a963@group-E9FCCFD5F858: receive requestVote(ELECTION, f58b4837-0c66-44b2-8a93-771d4ee68852, group-E9FCCFD5F858, 4, (t:0, i:0))
2022-06-19 13:07:33,882 [grpc-default-executor-2] INFO  impl.VoteContext (VoteContext.java:log(48)) - d6c668d5-a76d-4631-ba67-9d624f40a963@group-E9FCCFD5F858-CANDIDATE: reject ELECTION from f58b4837-0c66-44b2-8a93-771d4ee68852: already has voted for d6c668d5-a76d-4631-ba67-9d624f40a963 at current term 4
2022-06-19 13:07:33,882 [grpc-default-executor-2] INFO  server.RaftServer$Division (RaftServerImpl.java:requestVote(1184)) - d6c668d5-a76d-4631-ba67-9d624f40a963@group-E9FCCFD5F858 replies to ELECTION vote request: f58b4837-0c66-44b2-8a93-771d4ee68852<-d6c668d5-a76d-4631-ba67-9d624f40a963#0:FAIL-t4. Peer's state: d6c668d5-a76d-4631-ba67-9d624f40a963@group-E9FCCFD5F858:t4, leader=null, voted=d6c668d5-a76d-4631-ba67-9d624f40a963, raftlog=d6c668d5-a76d-4631-ba67-9d624f40a963@group-E9FCCFD5F858-SegmentedRaftLog:OPENED:c-1, conf=-1: [f58b4837-0c66-44b2-8a93-771d4ee68852|rpc:10.1.0.4:34339|dataStream:|priority:1, 2d1a6fdd-4e39-4ef3-8151-c6201fbfce8f|rpc:10.1.0.4:41833|dataStream:|priority:0, d6c668d5-a76d-4631-ba67-9d624f40a963|rpc:10.1.0.4:39345|dataStream:|priority:0], old=null
2022-06-19 13:07:33,902 [grpc-default-executor-1] INFO  impl.VoteContext (VoteContext.java:log(48)) - 2d1a6fdd-4e39-4ef3-8151-c6201fbfce8f@group-E9FCCFD5F858-CANDIDATE: accept ELECTION from f58b4837-0c66-44b2-8a93-771d4ee68852: our priority 0 <= candidate's priority 1
2022-06-19 13:07:33,902 [grpc-default-executor-1] INFO  server.RaftServer$Division (RaftServerImpl.java:setRole(299)) - 2d1a6fdd-4e39-4ef3-8151-c6201fbfce8f@group-E9FCCFD5F858: changes role from CANDIDATE to FOLLOWER at term 4 for candidate:f58b4837-0c66-44b2-8a93-771d4ee68852
2022-06-19 13:07:33,902 [grpc-default-executor-1] INFO  impl.RoleInfo (RoleInfo.java:shutdownLeaderElection(130)) - 2d1a6fdd-4e39-4ef3-8151-c6201fbfce8f: shutdown 2d1a6fdd-4e39-4ef3-8151-c6201fbfce8f@group-E9FCCFD5F858-LeaderElection60
2022-06-19 13:07:33,902 [2d1a6fdd-4e39-4ef3-8151-c6201fbfce8f@group-E9FCCFD5F858-LeaderElection60] INFO  impl.LeaderElection (LeaderElection.java:run(231)) - 2d1a6fdd-4e39-4ef3-8151-c6201fbfce8f@group-E9FCCFD5F858-LeaderElection60: skip running since this is already CLOSING
2022-06-19 13:07:33,910 [d6c668d5-a76d-4631-ba67-9d624f40a963@group-E9FCCFD5F858-LeaderElection59] INFO  impl.LeaderElection (LeaderElection.java:logAndReturn(90)) - d6c668d5-a76d-4631-ba67-9d624f40a963@group-E9FCCFD5F858-LeaderElection59: ELECTION REJECTED received 1 response(s) and 0 exception(s):
2022-06-19 13:07:33,910 [d6c668d5-a76d-4631-ba67-9d624f40a963@group-E9FCCFD5F858-LeaderElection59] INFO  impl.LeaderElection (LeaderElection.java:logAndReturn(94)) -   Response 0: d6c668d5-a76d-4631-ba67-9d624f40a963<-f58b4837-0c66-44b2-8a93-771d4ee68852#0:FAIL-t4
2022-06-19 13:07:33,910 [d6c668d5-a76d-4631-ba67-9d624f40a963@group-E9FCCFD5F858-LeaderElection59] INFO  impl.LeaderElection (LeaderElection.java:askForVotes(312)) - d6c668d5-a76d-4631-ba67-9d624f40a963@group-E9FCCFD5F858-LeaderElection59 ELECTION round 0: result REJECTED
2022-06-19 13:07:33,910 [d6c668d5-a76d-4631-ba67-9d624f40a963@group-E9FCCFD5F858-LeaderElection59] INFO  server.RaftServer$Division (RaftServerImpl.java:setRole(299)) - d6c668d5-a76d-4631-ba67-9d624f40a963@group-E9FCCFD5F858: changes role from CANDIDATE to FOLLOWER at term 4 for REJECTED
2022-06-19 13:07:33,910 [d6c668d5-a76d-4631-ba67-9d624f40a963@group-E9FCCFD5F858-LeaderElection59] INFO  impl.RoleInfo (RoleInfo.java:shutdownLeaderElection(130)) - d6c668d5-a76d-4631-ba67-9d624f40a963: shutdown d6c668d5-a76d-4631-ba67-9d624f40a963@group-E9FCCFD5F858-LeaderElection59
2022-06-19 13:07:33,910 [d6c668d5-a76d-4631-ba67-9d624f40a963@group-E9FCCFD5F858-LeaderElection59] INFO  impl.RoleInfo (RoleInfo.java:updateAndGet(139)) - d6c668d5-a76d-4631-ba67-9d624f40a963: start d6c668d5-a76d-4631-ba67-9d624f40a963@group-E9FCCFD5F858-FollowerState
2022-06-19 13:07:33,921 [grpc-default-executor-1] INFO  impl.RoleInfo (RoleInfo.java:updateAndGet(139)) - 2d1a6fdd-4e39-4ef3-8151-c6201fbfce8f: start 2d1a6fdd-4e39-4ef3-8151-c6201fbfce8f@group-E9FCCFD5F858-FollowerState
2022-06-19 13:07:33,934 [grpc-default-executor-3] INFO  server.RaftServer$Division (RaftServerImpl.java:requestVote(1152)) - 2d1a6fdd-4e39-4ef3-8151-c6201fbfce8f@group-E9FCCFD5F858: receive requestVote(ELECTION, d6c668d5-a76d-4631-ba67-9d624f40a963, group-E9FCCFD5F858, 4, (t:0, i:0))
2022-06-19 13:07:33,935 [grpc-default-executor-1] INFO  server.RaftServer$Division (RaftServerImpl.java:requestVote(1184)) - 2d1a6fdd-4e39-4ef3-8151-c6201fbfce8f@group-E9FCCFD5F858 replies to ELECTION vote request: f58b4837-0c66-44b2-8a93-771d4ee68852<-2d1a6fdd-4e39-4ef3-8151-c6201fbfce8f#0:OK-t4. Peer's state: 2d1a6fdd-4e39-4ef3-8151-c6201fbfce8f@group-E9FCCFD5F858:t4, leader=null, voted=f58b4837-0c66-44b2-8a93-771d4ee68852, raftlog=2d1a6fdd-4e39-4ef3-8151-c6201fbfce8f@group-E9FCCFD5F858-SegmentedRaftLog:OPENED:c-1, conf=-1: [f58b4837-0c66-44b2-8a93-771d4ee68852|rpc:10.1.0.4:34339|dataStream:|priority:1, 2d1a6fdd-4e39-4ef3-8151-c6201fbfce8f|rpc:10.1.0.4:41833|dataStream:|priority:0, d6c668d5-a76d-4631-ba67-9d624f40a963|rpc:10.1.0.4:39345|dataStream:|priority:0], old=null
2022-06-19 13:07:33,936 [grpc-default-executor-3] INFO  impl.VoteContext (VoteContext.java:log(48)) - 2d1a6fdd-4e39-4ef3-8151-c6201fbfce8f@group-E9FCCFD5F858-FOLLOWER: reject ELECTION from d6c668d5-a76d-4631-ba67-9d624f40a963: already has voted for f58b4837-0c66-44b2-8a93-771d4ee68852 at current term 4
2022-06-19 13:07:33,936 [grpc-default-executor-3] INFO  server.RaftServer$Division (RaftServerImpl.java:requestVote(1184)) - 2d1a6fdd-4e39-4ef3-8151-c6201fbfce8f@group-E9FCCFD5F858 replies to ELECTION vote request: d6c668d5-a76d-4631-ba67-9d624f40a963<-2d1a6fdd-4e39-4ef3-8151-c6201fbfce8f#0:FAIL-t4. Peer's state: 2d1a6fdd-4e39-4ef3-8151-c6201fbfce8f@group-E9FCCFD5F858:t4, leader=null, voted=f58b4837-0c66-44b2-8a93-771d4ee68852, raftlog=2d1a6fdd-4e39-4ef3-8151-c6201fbfce8f@group-E9FCCFD5F858-SegmentedRaftLog:OPENED:c-1, conf=-1: [f58b4837-0c66-44b2-8a93-771d4ee68852|rpc:10.1.0.4:34339|dataStream:|priority:1, 2d1a6fdd-4e39-4ef3-8151-c6201fbfce8f|rpc:10.1.0.4:41833|dataStream:|priority:0, d6c668d5-a76d-4631-ba67-9d624f40a963|rpc:10.1.0.4:39345|dataStream:|priority:0], old=null
2022-06-19 13:07:33,939 [f58b4837-0c66-44b2-8a93-771d4ee68852@group-E9FCCFD5F858-LeaderElection58] INFO  impl.LeaderElection (LeaderElection.java:logAndReturn(90)) - f58b4837-0c66-44b2-8a93-771d4ee68852@group-E9FCCFD5F858-LeaderElection58: ELECTION PASSED received 2 response(s) and 0 exception(s):
2022-06-19 13:07:33,939 [f58b4837-0c66-44b2-8a93-771d4ee68852@group-E9FCCFD5F858-LeaderElection58] INFO  impl.LeaderElection (LeaderElection.java:logAndReturn(94)) -   Response 0: f58b4837-0c66-44b2-8a93-771d4ee68852<-2d1a6fdd-4e39-4ef3-8151-c6201fbfce8f#0:OK-t4
2022-06-19 13:07:33,939 [f58b4837-0c66-44b2-8a93-771d4ee68852@group-E9FCCFD5F858-LeaderElection58] INFO  impl.LeaderElection (LeaderElection.java:logAndReturn(94)) -   Response 1: f58b4837-0c66-44b2-8a93-771d4ee68852<-d6c668d5-a76d-4631-ba67-9d624f40a963#0:FAIL-t4
2022-06-19 13:07:33,939 [f58b4837-0c66-44b2-8a93-771d4ee68852@group-E9FCCFD5F858-LeaderElection58] INFO  impl.LeaderElection (LeaderElection.java:askForVotes(312)) - f58b4837-0c66-44b2-8a93-771d4ee68852@group-E9FCCFD5F858-LeaderElection58 ELECTION round 0: result PASSED
2022-06-19 13:07:33,939 [f58b4837-0c66-44b2-8a93-771d4ee68852@group-E9FCCFD5F858-LeaderElection58] INFO  impl.RoleInfo (RoleInfo.java:shutdownLeaderElection(130)) - f58b4837-0c66-44b2-8a93-771d4ee68852: shutdown f58b4837-0c66-44b2-8a93-771d4ee68852@group-E9FCCFD5F858-LeaderElection58
2022-06-19 13:07:33,939 [f58b4837-0c66-44b2-8a93-771d4ee68852@group-E9FCCFD5F858-LeaderElection58] INFO  server.RaftServer$Division (RaftServerImpl.java:setRole(299)) - f58b4837-0c66-44b2-8a93-771d4ee68852@group-E9FCCFD5F858: changes role from CANDIDATE to LEADER at term 4 for changeToLeader
2022-06-19 13:07:33,939 [f58b4837-0c66-44b2-8a93-771d4ee68852@group-E9FCCFD5F858-LeaderElection58] INFO  ratis.XceiverServerRatis (XceiverServerRatis.java:handleLeaderChangedNotification(863)) - Leader change notification received for group: group-E9FCCFD5F858 with new leaderId: f58b4837-0c66-44b2-8a93-771d4ee68852
2022-06-19 13:07:33,940 [f58b4837-0c66-44b2-8a93-771d4ee68852@group-E9FCCFD5F858-LeaderElection58] INFO  server.RaftServer$Division (ServerState.java:setLeader(287)) - f58b4837-0c66-44b2-8a93-771d4ee68852@group-E9FCCFD5F858: change Leader from null to f58b4837-0c66-44b2-8a93-771d4ee68852 at term 4 for becomeLeader, leader elected after 20969ms
2022-06-19 13:07:33,940 [f58b4837-0c66-44b2-8a93-771d4ee68852@group-E9FCCFD5F858-LeaderElection58] INFO  server.RaftServerConfigKeys (ConfUtils.java:logGet(46)) - raft.server.staging.catchup.gap = 1000 (default)
2022-06-19 13:07:33,940 [f58b4837-0c66-44b2-8a93-771d4ee68852@group-E9FCCFD5F858-LeaderElection58] INFO  server.RaftServerConfigKeys (ConfUtils.java:logGet(46)) - raft.server.write.element-limit = 1024 (custom)
2022-06-19 13:07:33,940 [f58b4837-0c66-44b2-8a93-771d4ee68852@group-E9FCCFD5F858-LeaderElection58] INFO  server.RaftServerConfigKeys (ConfUtils.java:logGet(46)) - raft.server.write.byte-limit = 1024 M (=1073741824) (custom)
2022-06-19 13:07:33,940 [f58b4837-0c66-44b2-8a93-771d4ee68852@group-E9FCCFD5F858-LeaderElection58] INFO  server.RaftServerConfigKeys (ConfUtils.java:logGet(46)) - raft.server.watch.timeout = 180s (custom)
2022-06-19 13:07:33,940 [f58b4837-0c66-44b2-8a93-771d4ee68852@group-E9FCCFD5F858-LeaderElection58] INFO  server.RaftServerConfigKeys (ConfUtils.java:logGet(46)) - raft.server.watch.timeout.denomination = 1s (default)
2022-06-19 13:07:33,940 [f58b4837-0c66-44b2-8a93-771d4ee68852@group-E9FCCFD5F858-LeaderElection58] INFO  server.RaftServerConfigKeys (ConfUtils.java:logGet(46)) - raft.server.watch.element-limit = 65536 (default)
2022-06-19 13:07:33,940 [f58b4837-0c66-44b2-8a93-771d4ee68852@group-E9FCCFD5F858-LeaderElection58] INFO  server.RaftServerConfigKeys (ConfUtils.java:logGet(46)) - raft.server.write.element-limit = 1024 (custom)
2022-06-19 13:07:33,940 [f58b4837-0c66-44b2-8a93-771d4ee68852@group-E9FCCFD5F858-LeaderElection58] INFO  server.RaftServerConfigKeys (ConfUtils.java:logGet(46)) - raft.server.write.follower.gap.ratio.max = -1.0 (default)
2022-06-19 13:07:33,941 [f58b4837-0c66-44b2-8a93-771d4ee68852@group-E9FCCFD5F858-LeaderElection58] INFO  server.RaftServerConfigKeys (ConfUtils.java:logGet(46)) - raft.server.log.appender.snapshot.chunk.size.max = 16MB (=16777216) (default)
2022-06-19 13:07:33,941 [f58b4837-0c66-44b2-8a93-771d4ee68852@group-E9FCCFD5F858-LeaderElection58] INFO  server.RaftServerConfigKeys (ConfUtils.java:logGet(46)) - raft.server.log.appender.buffer.byte-limit = 33554432 (custom)
2022-06-19 13:07:33,941 [f58b4837-0c66-44b2-8a93-771d4ee68852@group-E9FCCFD5F858-LeaderElection58] INFO  server.RaftServerConfigKeys (ConfUtils.java:logGet(46)) - raft.server.log.appender.buffer.element-limit = 1 (custom)
2022-06-19 13:07:33,941 [f58b4837-0c66-44b2-8a93-771d4ee68852@group-E9FCCFD5F858-LeaderElection58] INFO  grpc.GrpcConfigKeys (ConfUtils.java:logGet(46)) - raft.grpc.server.leader.outstanding.appends.max = 128 (default)
2022-06-19 13:07:33,941 [f58b4837-0c66-44b2-8a93-771d4ee68852@group-E9FCCFD5F858-LeaderElection58] INFO  server.RaftServerConfigKeys (ConfUtils.java:logGet(46)) - raft.server.rpc.request.timeout = 60s (custom)
2022-06-19 13:07:33,941 [f58b4837-0c66-44b2-8a93-771d4ee68852@group-E9FCCFD5F858-LeaderElection58] INFO  server.RaftServerConfigKeys (ConfUtils.java:logGet(46)) - raft.server.log.appender.install.snapshot.enabled = false (custom)
2022-06-19 13:07:33,942 [f58b4837-0c66-44b2-8a93-771d4ee68852@group-E9FCCFD5F858-LeaderElection58] INFO  server.RaftServerConfigKeys (ConfUtils.java:logGet(46)) - raft.server.log.appender.snapshot.chunk.size.max = 16MB (=16777216) (default)
2022-06-19 13:07:33,942 [f58b4837-0c66-44b2-8a93-771d4ee68852@group-E9FCCFD5F858-LeaderElection58] INFO  server.RaftServerConfigKeys (ConfUtils.java:logGet(46)) - raft.server.log.appender.buffer.byte-limit = 33554432 (custom)
2022-06-19 13:07:33,942 [f58b4837-0c66-44b2-8a93-771d4ee68852@group-E9FCCFD5F858-LeaderElection58] INFO  server.RaftServerConfigKeys (ConfUtils.java:logGet(46)) - raft.server.log.appender.buffer.element-limit = 1 (custom)
2022-06-19 13:07:33,942 [f58b4837-0c66-44b2-8a93-771d4ee68852@group-E9FCCFD5F858-LeaderElection58] INFO  grpc.GrpcConfigKeys (ConfUtils.java:logGet(46)) - raft.grpc.server.leader.outstanding.appends.max = 128 (default)
2022-06-19 13:07:33,942 [f58b4837-0c66-44b2-8a93-771d4ee68852@group-E9FCCFD5F858-LeaderElection58] INFO  server.RaftServerConfigKeys (ConfUtils.java:logGet(46)) - raft.server.rpc.request.timeout = 60s (custom)
2022-06-19 13:07:33,942 [f58b4837-0c66-44b2-8a93-771d4ee68852@group-E9FCCFD5F858-LeaderElection58] INFO  server.RaftServerConfigKeys (ConfUtils.java:logGet(46)) - raft.server.log.appender.install.snapshot.enabled = false (custom)
2022-06-19 13:07:33,942 [f58b4837-0c66-44b2-8a93-771d4ee68852@group-E9FCCFD5F858-LeaderElection58] INFO  impl.RoleInfo (RoleInfo.java:updateAndGet(139)) - f58b4837-0c66-44b2-8a93-771d4ee68852: start f58b4837-0c66-44b2-8a93-771d4ee68852@group-E9FCCFD5F858-LeaderStateImpl
2022-06-19 13:07:33,943 [f58b4837-0c66-44b2-8a93-771d4ee68852@group-E9FCCFD5F858-LeaderElection58] INFO  segmented.SegmentedRaftLogWorker (SegmentedRaftLogWorker.java:startLogSegment(425)) - f58b4837-0c66-44b2-8a93-771d4ee68852@group-E9FCCFD5F858-SegmentedRaftLogWorker: Starting segment from index:0
2022-06-19 13:07:33,944 [EventQueue-PipelineReportForPipelineReportHandler] INFO  pipeline.PipelineManagerImpl (PipelineManagerImpl.java:openPipeline(356)) - Pipeline Pipeline[ Id: e5584b9a-d2d2-4eb6-afa1-e9fccfd5f858, Nodes: f58b4837-0c66-44b2-8a93-771d4ee68852{ip: 10.1.0.4, host: fv-az58-449.32bp4kehjaiexiom31oljkjdjg.cx.internal.cloudapp.net, ports: [REPLICATION=44251, RATIS=34339, RATIS_ADMIN=34339, RATIS_SERVER=34339, STANDALONE=42885], networkLocation: /default-rack, certSerialId: null, persistedOpState: IN_SERVICE, persistedOpStateExpiryEpochSec: 0}d6c668d5-a76d-4631-ba67-9d624f40a963{ip: 10.1.0.4, host: fv-az58-449.32bp4kehjaiexiom31oljkjdjg.cx.internal.cloudapp.net, ports: [REPLICATION=42975, RATIS=39345, RATIS_ADMIN=39345, RATIS_SERVER=39345, STANDALONE=43997], networkLocation: /default-rack, certSerialId: null, persistedOpState: IN_SERVICE, persistedOpStateExpiryEpochSec: 0}2d1a6fdd-4e39-4ef3-8151-c6201fbfce8f{ip: 10.1.0.4, host: fv-az58-449.32bp4kehjaiexiom31oljkjdjg.cx.internal.cloudapp.net, ports: [REPLICATION=38575, RATIS=41833, RATIS_ADMIN=41833, RATIS_SERVER=41833, STANDALONE=39883], networkLocation: /default-rack, certSerialId: null, persistedOpState: IN_SERVICE, persistedOpStateExpiryEpochSec: 0}, ReplicationConfig: RATIS/THREE, State:ALLOCATED, leaderId:f58b4837-0c66-44b2-8a93-771d4ee68852, CreationTimestamp2022-06-19T13:07:12.272Z[Etc/UTC]] moved to OPEN state
2022-06-19 13:07:33,944 [f58b4837-0c66-44b2-8a93-771d4ee68852@group-E9FCCFD5F858-SegmentedRaftLogWorker] INFO  segmented.SegmentedRaftLogWorker (SegmentedRaftLogWorker.java:execute(629)) - f58b4837-0c66-44b2-8a93-771d4ee68852@group-E9FCCFD5F858-SegmentedRaftLogWorker: created new log segment /home/runner/work/ozone/ozone/hadoop-ozone/integration-test/target/test-dir/MiniOzoneClusterImpl-5e5aab19-8c77-4507-a351-bf1456ba08e7/datanode-0/data/ratis/e5584b9a-d2d2-4eb6-afa1-e9fccfd5f858/current/log_inprogress_0
2022-06-19 13:07:33,944 [EventQueue-OpenPipelineForHealthyPipelineSafeModeRule] INFO  safemode.SCMSafeModeManager (HealthyPipelineSafeModeRule.java:process(124)) - SCM in safe mode. Healthy pipelines reported count is 1, required healthy pipeline reported count is 1
2022-06-19 13:07:33,945 [EventQueue-OpenPipelineForHealthyPipelineSafeModeRule] INFO  safemode.SCMSafeModeManager (SCMSafeModeManager.java:validateSafeModeExitRules(204)) - HealthyPipelineSafeModeRule rule is successfully validated
2022-06-19 13:07:33,945 [EventQueue-OpenPipelineForHealthyPipelineSafeModeRule] INFO  safemode.SCMSafeModeManager (SCMSafeModeManager.java:validateSafeModeExitRules(219)) - ScmSafeModeManager, all rules are successfully validated
2022-06-19 13:07:33,945 [EventQueue-OpenPipelineForHealthyPipelineSafeModeRule] INFO  safemode.SCMSafeModeManager (SCMSafeModeManager.java:exitSafeMode(248)) - SCM exiting safe mode.
2022-06-19 13:07:33,945 [EventQueue-OpenPipelineForHealthyPipelineSafeModeRule] WARN  events.EventQueue (EventQueue.java:fireEvent(194)) - No event handler registered for event TypedEvent{payloadType=SafeModeStatus, name='Safe mode status'}
2022-06-19 13:07:33,945 [EventQueue-OpenPipelineForHealthyPipelineSafeModeRule] INFO  ha.SCMContext (SCMContext.java:updateSafeModeStatus(228)) - Update SafeModeStatus from SafeModeStatus{safeModeStatus=true, preCheckPassed=true} to SafeModeStatus{safeModeStatus=false, preCheckPassed=true}.
2022-06-19 13:07:33,945 [EventQueue-OpenPipelineForHealthyPipelineSafeModeRule] INFO  pipeline.BackgroundPipelineCreator (BackgroundPipelineCreator.java:notifyStatusChanged(251)) - Service BackgroundPipelineCreator transitions to RUNNING.
2022-06-19 13:07:33,945 [EventQueue-OpenPipelineForHealthyPipelineSafeModeRule] INFO  BackgroundPipelineScrubber (BackgroundSCMService.java:notifyStatusChanged(82)) - Service BackgroundPipelineScrubber transitions to RUNNING.
2022-06-19 13:07:33,945 [EventQueue-OpenPipelineForHealthyPipelineSafeModeRule] INFO  ExpiredContainerReplicaOpScrubber (BackgroundSCMService.java:notifyStatusChanged(82)) - Service ExpiredContainerReplicaOpScrubber transitions to RUNNING.
2022-06-19 13:07:33,945 [EventQueue-OpenPipelineForHealthyPipelineSafeModeRule] INFO  replication.ReplicationManager (ReplicationManager.java:notifyStatusChanged(372)) - Service ReplicationManager transitions to RUNNING.
2022-06-19 13:07:33,945 [EventQueue-OpenPipelineForHealthyPipelineSafeModeRule] WARN  balancer.ContainerBalancer (ContainerBalancer.java:shouldRun(875)) - Could not find persisted configuration for ContainerBalancer when checking if ContainerBalancer should run. ContainerBalancer should not run now.
2022-06-19 13:07:33,976 [f58b4837-0c66-44b2-8a93-771d4ee68852@group-E9FCCFD5F858-LeaderElection58] INFO  server.RaftServer$Division (ServerState.java:setRaftConf(393)) - f58b4837-0c66-44b2-8a93-771d4ee68852@group-E9FCCFD5F858: set configuration 0: [f58b4837-0c66-44b2-8a93-771d4ee68852|rpc:10.1.0.4:34339|dataStream:|priority:1, 2d1a6fdd-4e39-4ef3-8151-c6201fbfce8f|rpc:10.1.0.4:41833|dataStream:|priority:0, d6c668d5-a76d-4631-ba67-9d624f40a963|rpc:10.1.0.4:39345|dataStream:|priority:0], old=null
2022-06-19 13:07:34,023 [2d1a6fdd-4e39-4ef3-8151-c6201fbfce8f-server-thread1] INFO  ratis.XceiverServerRatis (XceiverServerRatis.java:handleLeaderChangedNotification(863)) - Leader change notification received for group: group-E9FCCFD5F858 with new leaderId: f58b4837-0c66-44b2-8a93-771d4ee68852
2022-06-19 13:07:34,023 [2d1a6fdd-4e39-4ef3-8151-c6201fbfce8f-server-thread1] INFO  server.RaftServer$Division (ServerState.java:setLeader(287)) - 2d1a6fdd-4e39-4ef3-8151-c6201fbfce8f@group-E9FCCFD5F858: change Leader from null to f58b4837-0c66-44b2-8a93-771d4ee68852 at term 4 for appendEntries, leader elected after 20689ms
2022-06-19 13:07:34,033 [d6c668d5-a76d-4631-ba67-9d624f40a963-server-thread1] INFO  ratis.XceiverServerRatis (XceiverServerRatis.java:handleLeaderChangedNotification(863)) - Leader change notification received for group: group-E9FCCFD5F858 with new leaderId: f58b4837-0c66-44b2-8a93-771d4ee68852
2022-06-19 13:07:34,033 [d6c668d5-a76d-4631-ba67-9d624f40a963-server-thread1] INFO  server.RaftServer$Division (ServerState.java:setLeader(287)) - d6c668d5-a76d-4631-ba67-9d624f40a963@group-E9FCCFD5F858: change Leader from null to f58b4837-0c66-44b2-8a93-771d4ee68852 at term 4 for appendEntries, leader elected after 20914ms
2022-06-19 13:07:34,105 [d6c668d5-a76d-4631-ba67-9d624f40a963-server-thread2] INFO  server.RaftServer$Division (ServerState.java:setRaftConf(393)) - d6c668d5-a76d-4631-ba67-9d624f40a963@group-E9FCCFD5F858: set configuration 0: [f58b4837-0c66-44b2-8a93-771d4ee68852|rpc:10.1.0.4:34339|dataStream:|priority:1, 2d1a6fdd-4e39-4ef3-8151-c6201fbfce8f|rpc:10.1.0.4:41833|dataStream:|priority:0, d6c668d5-a76d-4631-ba67-9d624f40a963|rpc:10.1.0.4:39345|dataStream:|priority:0], old=null
2022-06-19 13:07:34,105 [d6c668d5-a76d-4631-ba67-9d624f40a963-server-thread2] INFO  segmented.SegmentedRaftLogWorker (SegmentedRaftLogWorker.java:startLogSegment(425)) - d6c668d5-a76d-4631-ba67-9d624f40a963@group-E9FCCFD5F858-SegmentedRaftLogWorker: Starting segment from index:0
2022-06-19 13:07:34,105 [2d1a6fdd-4e39-4ef3-8151-c6201fbfce8f-server-thread2] INFO  server.RaftServer$Division (ServerState.java:setRaftConf(393)) - 2d1a6fdd-4e39-4ef3-8151-c6201fbfce8f@group-E9FCCFD5F858: set configuration 0: [f58b4837-0c66-44b2-8a93-771d4ee68852|rpc:10.1.0.4:34339|dataStream:|priority:1, 2d1a6fdd-4e39-4ef3-8151-c6201fbfce8f|rpc:10.1.0.4:41833|dataStream:|priority:0, d6c668d5-a76d-4631-ba67-9d624f40a963|rpc:10.1.0.4:39345|dataStream:|priority:0], old=null
2022-06-19 13:07:34,107 [2d1a6fdd-4e39-4ef3-8151-c6201fbfce8f-server-thread2] INFO  segmented.SegmentedRaftLogWorker (SegmentedRaftLogWorker.java:startLogSegment(425)) - 2d1a6fdd-4e39-4ef3-8151-c6201fbfce8f@group-E9FCCFD5F858-SegmentedRaftLogWorker: Starting segment from index:0
2022-06-19 13:07:34,108 [2d1a6fdd-4e39-4ef3-8151-c6201fbfce8f@group-E9FCCFD5F858-SegmentedRaftLogWorker] INFO  segmented.SegmentedRaftLogWorker (SegmentedRaftLogWorker.java:execute(629)) - 2d1a6fdd-4e39-4ef3-8151-c6201fbfce8f@group-E9FCCFD5F858-SegmentedRaftLogWorker: created new log segment /home/runner/work/ozone/ozone/hadoop-ozone/integration-test/target/test-dir/MiniOzoneClusterImpl-5e5aab19-8c77-4507-a351-bf1456ba08e7/datanode-2/data/ratis/e5584b9a-d2d2-4eb6-afa1-e9fccfd5f858/current/log_inprogress_0
2022-06-19 13:07:34,111 [d6c668d5-a76d-4631-ba67-9d624f40a963@group-E9FCCFD5F858-SegmentedRaftLogWorker] INFO  segmented.SegmentedRaftLogWorker (SegmentedRaftLogWorker.java:execute(629)) - d6c668d5-a76d-4631-ba67-9d624f40a963@group-E9FCCFD5F858-SegmentedRaftLogWorker: created new log segment /home/runner/work/ozone/ozone/hadoop-ozone/integration-test/target/test-dir/MiniOzoneClusterImpl-5e5aab19-8c77-4507-a351-bf1456ba08e7/datanode-1/data/ratis/e5584b9a-d2d2-4eb6-afa1-e9fccfd5f858/current/log_inprogress_0
2022-06-19 13:07:34,263 [2d1a6fdd-4e39-4ef3-8151-c6201fbfce8f@group-4B1326E0106C-FollowerState] INFO  impl.FollowerState (FollowerState.java:run(143)) - 2d1a6fdd-4e39-4ef3-8151-c6201fbfce8f@group-4B1326E0106C-FollowerState: change to CANDIDATE, lastRpcElapsedTime:5159693079ns, electionTimeout:5131ms
2022-06-19 13:07:34,263 [2d1a6fdd-4e39-4ef3-8151-c6201fbfce8f@group-4B1326E0106C-FollowerState] INFO  impl.RoleInfo (RoleInfo.java:shutdownFollowerState(110)) - 2d1a6fdd-4e39-4ef3-8151-c6201fbfce8f: shutdown 2d1a6fdd-4e39-4ef3-8151-c6201fbfce8f@group-4B1326E0106C-FollowerState
2022-06-19 13:07:34,263 [2d1a6fdd-4e39-4ef3-8151-c6201fbfce8f@group-4B1326E0106C-FollowerState] INFO  server.RaftServer$Division (RaftServerImpl.java:setRole(299)) - 2d1a6fdd-4e39-4ef3-8151-c6201fbfce8f@group-4B1326E0106C: changes role from  FOLLOWER to CANDIDATE at term 3 for changeToCandidate
2022-06-19 13:07:34,263 [2d1a6fdd-4e39-4ef3-8151-c6201fbfce8f@group-4B1326E0106C-FollowerState] INFO  server.RaftServerConfigKeys (ConfUtils.java:logGet(46)) - raft.server.leaderelection.pre-vote = false (custom)
2022-06-19 13:07:34,263 [2d1a6fdd-4e39-4ef3-8151-c6201fbfce8f@group-4B1326E0106C-FollowerState] INFO  impl.RoleInfo (RoleInfo.java:updateAndGet(139)) - 2d1a6fdd-4e39-4ef3-8151-c6201fbfce8f: start 2d1a6fdd-4e39-4ef3-8151-c6201fbfce8f@group-4B1326E0106C-LeaderElection61
2022-06-19 13:07:34,263 [d6c668d5-a76d-4631-ba67-9d624f40a963@group-4B1326E0106C-FollowerState] INFO  impl.FollowerState (FollowerState.java:run(143)) - d6c668d5-a76d-4631-ba67-9d624f40a963@group-4B1326E0106C-FollowerState: change to CANDIDATE, lastRpcElapsedTime:5141666025ns, electionTimeout:5132ms
2022-06-19 13:07:34,263 [d6c668d5-a76d-4631-ba67-9d624f40a963@group-4B1326E0106C-FollowerState] INFO  impl.RoleInfo (RoleInfo.java:shutdownFollowerState(110)) - d6c668d5-a76d-4631-ba67-9d624f40a963: shutdown d6c668d5-a76d-4631-ba67-9d624f40a963@group-4B1326E0106C-FollowerState
2022-06-19 13:07:34,263 [d6c668d5-a76d-4631-ba67-9d624f40a963@group-4B1326E0106C-FollowerState] INFO  server.RaftServer$Division (RaftServerImpl.java:setRole(299)) - d6c668d5-a76d-4631-ba67-9d624f40a963@group-4B1326E0106C: changes role from  FOLLOWER to CANDIDATE at term 3 for changeToCandidate
2022-06-19 13:07:34,274 [f58b4837-0c66-44b2-8a93-771d4ee68852@group-4B1326E0106C-FollowerState] INFO  impl.FollowerState (FollowerState.java:run(143)) - f58b4837-0c66-44b2-8a93-771d4ee68852@group-4B1326E0106C-FollowerState: change to CANDIDATE, lastRpcElapsedTime:5113026823ns, electionTimeout:5095ms
2022-06-19 13:07:34,275 [f58b4837-0c66-44b2-8a93-771d4ee68852@group-4B1326E0106C-FollowerState] INFO  impl.RoleInfo (RoleInfo.java:shutdownFollowerState(110)) - f58b4837-0c66-44b2-8a93-771d4ee68852: shutdown f58b4837-0c66-44b2-8a93-771d4ee68852@group-4B1326E0106C-FollowerState
2022-06-19 13:07:34,275 [f58b4837-0c66-44b2-8a93-771d4ee68852@group-4B1326E0106C-FollowerState] INFO  server.RaftServer$Division (RaftServerImpl.java:setRole(299)) - f58b4837-0c66-44b2-8a93-771d4ee68852@group-4B1326E0106C: changes role from  FOLLOWER to CANDIDATE at term 3 for changeToCandidate
2022-06-19 13:07:34,282 [f58b4837-0c66-44b2-8a93-771d4ee68852@group-4B1326E0106C-FollowerState] INFO  server.RaftServerConfigKeys (ConfUtils.java:logGet(46)) - raft.server.leaderelection.pre-vote = false (custom)
2022-06-19 13:07:34,282 [d6c668d5-a76d-4631-ba67-9d624f40a963@group-4B1326E0106C-FollowerState] INFO  server.RaftServerConfigKeys (ConfUtils.java:logGet(46)) - raft.server.leaderelection.pre-vote = false (custom)
2022-06-19 13:07:34,282 [d6c668d5-a76d-4631-ba67-9d624f40a963@group-4B1326E0106C-FollowerState] INFO  impl.RoleInfo (RoleInfo.java:updateAndGet(139)) - d6c668d5-a76d-4631-ba67-9d624f40a963: start d6c668d5-a76d-4631-ba67-9d624f40a963@group-4B1326E0106C-LeaderElection62
2022-06-19 13:07:34,282 [f58b4837-0c66-44b2-8a93-771d4ee68852@group-4B1326E0106C-FollowerState] INFO  impl.RoleInfo (RoleInfo.java:updateAndGet(139)) - f58b4837-0c66-44b2-8a93-771d4ee68852: start f58b4837-0c66-44b2-8a93-771d4ee68852@group-4B1326E0106C-LeaderElection63
2022-06-19 13:07:34,307 [2d1a6fdd-4e39-4ef3-8151-c6201fbfce8f@group-4B1326E0106C-LeaderElection61] INFO  impl.LeaderElection (LeaderElection.java:askForVotes(310)) - 2d1a6fdd-4e39-4ef3-8151-c6201fbfce8f@group-4B1326E0106C-LeaderElection61 ELECTION round 0: submit vote requests at term 4 for -1: [f58b4837-0c66-44b2-8a93-771d4ee68852|rpc:10.1.0.4:34339|dataStream:|priority:0, 2d1a6fdd-4e39-4ef3-8151-c6201fbfce8f|rpc:10.1.0.4:41833|dataStream:|priority:0, d6c668d5-a76d-4631-ba67-9d624f40a963|rpc:10.1.0.4:39345|dataStream:|priority:1], old=null
2022-06-19 13:07:34,324 [grpc-default-executor-1] INFO  server.RaftServer$Division (RaftServerImpl.java:requestVote(1152)) - d6c668d5-a76d-4631-ba67-9d624f40a963@group-4B1326E0106C: receive requestVote(ELECTION, 2d1a6fdd-4e39-4ef3-8151-c6201fbfce8f, group-4B1326E0106C, 4, (t:0, i:0))
2022-06-19 13:07:34,324 [grpc-default-executor-1] INFO  impl.VoteContext (VoteContext.java:log(48)) - d6c668d5-a76d-4631-ba67-9d624f40a963@group-4B1326E0106C-CANDIDATE: reject ELECTION from 2d1a6fdd-4e39-4ef3-8151-c6201fbfce8f: our priority 1 > candidate's priority 0
2022-06-19 13:07:34,324 [grpc-default-executor-1] INFO  server.RaftServer$Division (RaftServerImpl.java:setRole(299)) - d6c668d5-a76d-4631-ba67-9d624f40a963@group-4B1326E0106C: changes role from CANDIDATE to FOLLOWER at term 4 for candidate:2d1a6fdd-4e39-4ef3-8151-c6201fbfce8f
2022-06-19 13:07:34,324 [grpc-default-executor-1] INFO  impl.RoleInfo (RoleInfo.java:shutdownLeaderElection(130)) - d6c668d5-a76d-4631-ba67-9d624f40a963: shutdown d6c668d5-a76d-4631-ba67-9d624f40a963@group-4B1326E0106C-LeaderElection62
2022-06-19 13:07:34,324 [grpc-default-executor-1] INFO  impl.RoleInfo (RoleInfo.java:updateAndGet(139)) - d6c668d5-a76d-4631-ba67-9d624f40a963: start d6c668d5-a76d-4631-ba67-9d624f40a963@group-4B1326E0106C-FollowerState
2022-06-19 13:07:34,325 [d6c668d5-a76d-4631-ba67-9d624f40a963@group-4B1326E0106C-LeaderElection62] INFO  impl.LeaderElection (LeaderElection.java:run(231)) - d6c668d5-a76d-4631-ba67-9d624f40a963@group-4B1326E0106C-LeaderElection62: skip running since this is already CLOSING
2022-06-19 13:07:34,325 [grpc-default-executor-1] INFO  server.RaftServer$Division (RaftServerImpl.java:requestVote(1184)) - d6c668d5-a76d-4631-ba67-9d624f40a963@group-4B1326E0106C replies to ELECTION vote request: 2d1a6fdd-4e39-4ef3-8151-c6201fbfce8f<-d6c668d5-a76d-4631-ba67-9d624f40a963#0:FAIL-t4. Peer's state: d6c668d5-a76d-4631-ba67-9d624f40a963@group-4B1326E0106C:t4, leader=null, voted=null, raftlog=d6c668d5-a76d-4631-ba67-9d624f40a963@group-4B1326E0106C-SegmentedRaftLog:OPENED:c-1, conf=-1: [f58b4837-0c66-44b2-8a93-771d4ee68852|rpc:10.1.0.4:34339|dataStream:|priority:0, 2d1a6fdd-4e39-4ef3-8151-c6201fbfce8f|rpc:10.1.0.4:41833|dataStream:|priority:0, d6c668d5-a76d-4631-ba67-9d624f40a963|rpc:10.1.0.4:39345|dataStream:|priority:1], old=null
2022-06-19 13:07:34,367 [grpc-default-executor-1] INFO  server.RaftServer$Division (RaftServerImpl.java:requestVote(1152)) - f58b4837-0c66-44b2-8a93-771d4ee68852@group-4B1326E0106C: receive requestVote(ELECTION, 2d1a6fdd-4e39-4ef3-8151-c6201fbfce8f, group-4B1326E0106C, 4, (t:0, i:0))
2022-06-19 13:07:34,367 [f58b4837-0c66-44b2-8a93-771d4ee68852@group-4B1326E0106C-LeaderElection63] INFO  impl.LeaderElection (LeaderElection.java:askForVotes(310)) - f58b4837-0c66-44b2-8a93-771d4ee68852@group-4B1326E0106C-LeaderElection63 ELECTION round 0: submit vote requests at term 4 for -1: [f58b4837-0c66-44b2-8a93-771d4ee68852|rpc:10.1.0.4:34339|priority:0, 2d1a6fdd-4e39-4ef3-8151-c6201fbfce8f|rpc:10.1.0.4:41833|priority:0, d6c668d5-a76d-4631-ba67-9d624f40a963|rpc:10.1.0.4:39345|priority:1], old=null
2022-06-19 13:07:34,367 [grpc-default-executor-1] INFO  impl.VoteContext (VoteContext.java:log(48)) - f58b4837-0c66-44b2-8a93-771d4ee68852@group-4B1326E0106C-CANDIDATE: reject ELECTION from 2d1a6fdd-4e39-4ef3-8151-c6201fbfce8f: already has voted for f58b4837-0c66-44b2-8a93-771d4ee68852 at current term 4
2022-06-19 13:07:34,368 [grpc-default-executor-1] INFO  server.RaftServer$Division (RaftServerImpl.java:requestVote(1184)) - f58b4837-0c66-44b2-8a93-771d4ee68852@group-4B1326E0106C replies to ELECTION vote request: 2d1a6fdd-4e39-4ef3-8151-c6201fbfce8f<-f58b4837-0c66-44b2-8a93-771d4ee68852#0:FAIL-t4. Peer's state: f58b4837-0c66-44b2-8a93-771d4ee68852@group-4B1326E0106C:t4, leader=null, voted=f58b4837-0c66-44b2-8a93-771d4ee68852, raftlog=f58b4837-0c66-44b2-8a93-771d4ee68852@group-4B1326E0106C-SegmentedRaftLog:OPENED:c-1, conf=-1: [f58b4837-0c66-44b2-8a93-771d4ee68852|rpc:10.1.0.4:34339|priority:0, 2d1a6fdd-4e39-4ef3-8151-c6201fbfce8f|rpc:10.1.0.4:41833|priority:0, d6c668d5-a76d-4631-ba67-9d624f40a963|rpc:10.1.0.4:39345|priority:1], old=null
2022-06-19 13:07:34,369 [2d1a6fdd-4e39-4ef3-8151-c6201fbfce8f@group-4B1326E0106C-LeaderElection61] INFO  impl.LeaderElection (LeaderElection.java:logAndReturn(90)) - 2d1a6fdd-4e39-4ef3-8151-c6201fbfce8f@group-4B1326E0106C-LeaderElection61: ELECTION REJECTED received 1 response(s) and 0 exception(s):
2022-06-19 13:07:34,369 [2d1a6fdd-4e39-4ef3-8151-c6201fbfce8f@group-4B1326E0106C-LeaderElection61] INFO  impl.LeaderElection (LeaderElection.java:logAndReturn(94)) -   Response 0: 2d1a6fdd-4e39-4ef3-8151-c6201fbfce8f<-d6c668d5-a76d-4631-ba67-9d624f40a963#0:FAIL-t4
2022-06-19 13:07:34,401 [2d1a6fdd-4e39-4ef3-8151-c6201fbfce8f@group-4B1326E0106C-LeaderElection61] INFO  impl.LeaderElection (LeaderElection.java:askForVotes(312)) - 2d1a6fdd-4e39-4ef3-8151-c6201fbfce8f@group-4B1326E0106C-LeaderElection61 ELECTION round 0: result REJECTED
2022-06-19 13:07:34,401 [2d1a6fdd-4e39-4ef3-8151-c6201fbfce8f@group-4B1326E0106C-LeaderElection61] INFO  server.RaftServer$Division (RaftServerImpl.java:setRole(299)) - 2d1a6fdd-4e39-4ef3-8151-c6201fbfce8f@group-4B1326E0106C: changes role from CANDIDATE to FOLLOWER at term 4 for REJECTED
2022-06-19 13:07:34,401 [2d1a6fdd-4e39-4ef3-8151-c6201fbfce8f@group-4B1326E0106C-LeaderElection61] INFO  impl.RoleInfo (RoleInfo.java:shutdownLeaderElection(130)) - 2d1a6fdd-4e39-4ef3-8151-c6201fbfce8f: shutdown 2d1a6fdd-4e39-4ef3-8151-c6201fbfce8f@group-4B1326E0106C-LeaderElection61
2022-06-19 13:07:34,401 [2d1a6fdd-4e39-4ef3-8151-c6201fbfce8f@group-4B1326E0106C-LeaderElection61] INFO  impl.RoleInfo (RoleInfo.java:updateAndGet(139)) - 2d1a6fdd-4e39-4ef3-8151-c6201fbfce8f: start 2d1a6fdd-4e39-4ef3-8151-c6201fbfce8f@group-4B1326E0106C-FollowerState
2022-06-19 13:07:34,415 [grpc-default-executor-1] INFO  server.RaftServer$Division (RaftServerImpl.java:requestVote(1152)) - d6c668d5-a76d-4631-ba67-9d624f40a963@group-4B1326E0106C: receive requestVote(ELECTION, f58b4837-0c66-44b2-8a93-771d4ee68852, group-4B1326E0106C, 4, (t:0, i:0))
2022-06-19 13:07:34,415 [grpc-default-executor-1] INFO  impl.VoteContext (VoteContext.java:log(48)) - d6c668d5-a76d-4631-ba67-9d624f40a963@group-4B1326E0106C-FOLLOWER: reject ELECTION from f58b4837-0c66-44b2-8a93-771d4ee68852: our priority 1 > candidate's priority 0
2022-06-19 13:07:34,415 [grpc-default-executor-1] INFO  server.RaftServer$Division (RaftServerImpl.java:setRole(299)) - d6c668d5-a76d-4631-ba67-9d624f40a963@group-4B1326E0106C: changes role from  FOLLOWER to FOLLOWER at term 4 for candidate:f58b4837-0c66-44b2-8a93-771d4ee68852
2022-06-19 13:07:34,415 [grpc-default-executor-1] INFO  impl.RoleInfo (RoleInfo.java:shutdownFollowerState(110)) - d6c668d5-a76d-4631-ba67-9d624f40a963: shutdown d6c668d5-a76d-4631-ba67-9d624f40a963@group-4B1326E0106C-FollowerState
2022-06-19 13:07:34,415 [grpc-default-executor-1] INFO  impl.RoleInfo (RoleInfo.java:updateAndGet(139)) - d6c668d5-a76d-4631-ba67-9d624f40a963: start d6c668d5-a76d-4631-ba67-9d624f40a963@group-4B1326E0106C-FollowerState
2022-06-19 13:07:34,415 [d6c668d5-a76d-4631-ba67-9d624f40a963@group-4B1326E0106C-FollowerState] INFO  impl.FollowerState (FollowerState.java:run(152)) - d6c668d5-a76d-4631-ba67-9d624f40a963@group-4B1326E0106C-FollowerState was interrupted
2022-06-19 13:07:34,415 [grpc-default-executor-1] INFO  server.RaftServer$Division (RaftServerImpl.java:requestVote(1184)) - d6c668d5-a76d-4631-ba67-9d624f40a963@group-4B1326E0106C replies to ELECTION vote request: f58b4837-0c66-44b2-8a93-771d4ee68852<-d6c668d5-a76d-4631-ba67-9d624f40a963#0:FAIL-t4. Peer's state: d6c668d5-a76d-4631-ba67-9d624f40a963@group-4B1326E0106C:t4, leader=null, voted=null, raftlog=d6c668d5-a76d-4631-ba67-9d624f40a963@group-4B1326E0106C-SegmentedRaftLog:OPENED:c-1, conf=-1: [f58b4837-0c66-44b2-8a93-771d4ee68852|rpc:10.1.0.4:34339|dataStream:|priority:0, 2d1a6fdd-4e39-4ef3-8151-c6201fbfce8f|rpc:10.1.0.4:41833|dataStream:|priority:0, d6c668d5-a76d-4631-ba67-9d624f40a963|rpc:10.1.0.4:39345|dataStream:|priority:1], old=null
2022-06-19 13:07:34,416 [f58b4837-0c66-44b2-8a93-771d4ee68852@group-4B1326E0106C-LeaderElection63] INFO  impl.LeaderElection (LeaderElection.java:logAndReturn(90)) - f58b4837-0c66-44b2-8a93-771d4ee68852@group-4B1326E0106C-LeaderElection63: ELECTION REJECTED received 1 response(s) and 0 exception(s):
2022-06-19 13:07:34,416 [f58b4837-0c66-44b2-8a93-771d4ee68852@group-4B1326E0106C-LeaderElection63] INFO  impl.LeaderElection (LeaderElection.java:logAndReturn(94)) -   Response 0: f58b4837-0c66-44b2-8a93-771d4ee68852<-d6c668d5-a76d-4631-ba67-9d624f40a963#0:FAIL-t4
2022-06-19 13:07:34,416 [f58b4837-0c66-44b2-8a93-771d4ee68852@group-4B1326E0106C-LeaderElection63] INFO  impl.LeaderElection (LeaderElection.java:askForVotes(312)) - f58b4837-0c66-44b2-8a93-771d4ee68852@group-4B1326E0106C-LeaderElection63 ELECTION round 0: result REJECTED
2022-06-19 13:07:34,416 [f58b4837-0c66-44b2-8a93-771d4ee68852@group-4B1326E0106C-LeaderElection63] INFO  server.RaftServer$Division (RaftServerImpl.java:setRole(299)) - f58b4837-0c66-44b2-8a93-771d4ee68852@group-4B1326E0106C: changes role from CANDIDATE to FOLLOWER at term 4 for REJECTED
2022-06-19 13:07:34,416 [f58b4837-0c66-44b2-8a93-771d4ee68852@group-4B1326E0106C-LeaderElection63] INFO  impl.RoleInfo (RoleInfo.java:shutdownLeaderElection(130)) - f58b4837-0c66-44b2-8a93-771d4ee68852: shutdown f58b4837-0c66-44b2-8a93-771d4ee68852@group-4B1326E0106C-LeaderElection63
2022-06-19 13:07:34,416 [f58b4837-0c66-44b2-8a93-771d4ee68852@group-4B1326E0106C-LeaderElection63] INFO  impl.RoleInfo (RoleInfo.java:updateAndGet(139)) - f58b4837-0c66-44b2-8a93-771d4ee68852: start f58b4837-0c66-44b2-8a93-771d4ee68852@group-4B1326E0106C-FollowerState
2022-06-19 13:07:34,433 [grpc-default-executor-1] INFO  server.RaftServer$Division (RaftServerImpl.java:requestVote(1152)) - 2d1a6fdd-4e39-4ef3-8151-c6201fbfce8f@group-4B1326E0106C: receive requestVote(ELECTION, f58b4837-0c66-44b2-8a93-771d4ee68852, group-4B1326E0106C, 4, (t:0, i:0))
2022-06-19 13:07:34,433 [grpc-default-executor-1] INFO  impl.VoteContext (VoteContext.java:log(48)) - 2d1a6fdd-4e39-4ef3-8151-c6201fbfce8f@group-4B1326E0106C-FOLLOWER: reject ELECTION from f58b4837-0c66-44b2-8a93-771d4ee68852: already has voted for 2d1a6fdd-4e39-4ef3-8151-c6201fbfce8f at current term 4
2022-06-19 13:07:34,433 [grpc-default-executor-1] INFO  server.RaftServer$Division (RaftServerImpl.java:requestVote(1184)) - 2d1a6fdd-4e39-4ef3-8151-c6201fbfce8f@group-4B1326E0106C replies to ELECTION vote request: f58b4837-0c66-44b2-8a93-771d4ee68852<-2d1a6fdd-4e39-4ef3-8151-c6201fbfce8f#0:FAIL-t4. Peer's state: 2d1a6fdd-4e39-4ef3-8151-c6201fbfce8f@group-4B1326E0106C:t4, leader=null, voted=2d1a6fdd-4e39-4ef3-8151-c6201fbfce8f, raftlog=2d1a6fdd-4e39-4ef3-8151-c6201fbfce8f@group-4B1326E0106C-SegmentedRaftLog:OPENED:c-1, conf=-1: [f58b4837-0c66-44b2-8a93-771d4ee68852|rpc:10.1.0.4:34339|dataStream:|priority:0, 2d1a6fdd-4e39-4ef3-8151-c6201fbfce8f|rpc:10.1.0.4:41833|dataStream:|priority:0, d6c668d5-a76d-4631-ba67-9d624f40a963|rpc:10.1.0.4:39345|dataStream:|priority:1], old=null
2022-06-19 13:07:34,810 [Listener at 127.0.0.1/41441] INFO  ozone.MiniOzoneClusterImpl (MiniOzoneClusterImpl.java:lambda$waitForClusterToBeReady$0(221)) - Nodes are ready. Got 5 of 5 DN Heartbeats.
2022-06-19 13:07:34,810 [Listener at 127.0.0.1/41441] INFO  ozone.MiniOzoneClusterImpl (MiniOzoneClusterImpl.java:lambda$waitForClusterToBeReady$0(224)) - Cluster exits safe mode
2022-06-19 13:07:34,811 [Listener at 127.0.0.1/41441] INFO  ozone.MiniOzoneClusterImpl (MiniOzoneClusterImpl.java:lambda$waitForClusterToBeReady$0(226)) - SCM became leader
2022-06-19 13:07:35,005 [Listener at 127.0.0.1/41441] INFO  rpc.RpcClient (RpcClient.java:createVolume(466)) - Creating Volume: volume07034, with user15711 as owner and space quota set to -1 bytes, counts quota set to -1
2022-06-19 13:07:35,074 [OM StateMachine ApplyTransaction Thread - 0] INFO  volume.OMVolumeCreateRequest (OMVolumeCreateRequest.java:validateAndUpdateCache(195)) - created volume:volume07034 for user:user15711
2022-06-19 13:07:35,105 [Listener at 127.0.0.1/41441] INFO  rpc.RpcClient (RpcClient.java:createBucket(666)) - Creating Bucket: volume07034/bucket87468, with the Bucket Layout LEGACY, runner as owner, Versioning false, Storage Type set to DISK and Encryption set to false 
2022-06-19 13:07:35,108 [OM StateMachine ApplyTransaction Thread - 0] INFO  bucket.OMBucketCreateRequest (OMBucketCreateRequest.java:validateAndUpdateCache(260)) - created bucket: bucket87468 of layout LEGACY in volume: volume07034
]]></system-out>
  </testcase>
  <testcase name="testGetTrashRoot" classname="TestOzoneFileSystem" time="51.543">
    <system-out><![CDATA[2022-06-19 13:07:58,225 [Listener at 127.0.0.1/41441] INFO  ozone.MiniOzoneClusterImpl (MiniOzoneClusterImpl.java:shutdown(456)) - Shutting down the Mini Ozone Cluster
2022-06-19 13:07:58,225 [Listener at 127.0.0.1/41441] INFO  ozone.MiniOzoneClusterImpl (MiniOzoneClusterImpl.java:stop(471)) - Stopping the Mini Ozone Cluster
2022-06-19 13:07:58,225 [Listener at 127.0.0.1/41441] INFO  ozone.MiniOzoneClusterImpl (MiniOzoneClusterImpl.java:stopOM(553)) - Stopping the OzoneManager
2022-06-19 13:07:58,225 [Listener at 127.0.0.1/41441] INFO  om.OzoneManager (OzoneManager.java:stop(2020)) - om1[localhost:0]: Stopping Ozone Manager
2022-06-19 13:07:58,225 [Listener at 127.0.0.1/41441] INFO  ipc.Server (Server.java:stop(3414)) - Stopping server on 41441
2022-06-19 13:07:58,252 [IPC Server Responder] INFO  ipc.Server (Server.java:run(1512)) - Stopping IPC Server Responder
2022-06-19 13:07:58,252 [IPC Server listener on 0] INFO  ipc.Server (Server.java:run(1376)) - Stopping IPC Server listener on 0
2022-06-19 13:07:58,253 [Listener at 127.0.0.1/41441] INFO  server.RaftServer (RaftServerProxy.java:lambda$close$7(398)) - om1: close
2022-06-19 13:07:58,253 [Listener at 127.0.0.1/41441] INFO  server.RaftServer$Division (RaftServerImpl.java:lambda$close$4(434)) - om1@group-C5BA1605619E: shutdown
2022-06-19 13:07:58,253 [Listener at 127.0.0.1/41441] INFO  util.JmxRegister (JmxRegister.java:unregister(73)) - Successfully un-registered JMX Bean with object name Ratis:service=RaftServer,group=group-C5BA1605619E,id=om1
2022-06-19 13:07:58,253 [Listener at 127.0.0.1/41441] INFO  impl.RoleInfo (RoleInfo.java:shutdownLeaderState(93)) - om1: shutdown om1@group-C5BA1605619E-LeaderStateImpl
2022-06-19 13:07:58,281 [Listener at 127.0.0.1/41441] INFO  impl.PendingRequests (PendingRequests.java:sendNotLeaderResponses(282)) - om1@group-C5BA1605619E-PendingRequests: sendNotLeaderResponses
2022-06-19 13:07:58,285 [Listener at 127.0.0.1/41441] INFO  impl.StateMachineUpdater (StateMachineUpdater.java:stopAndJoin(153)) - om1@group-C5BA1605619E-StateMachineUpdater: set stopIndex = 10304
2022-06-19 13:07:58,285 [om1@group-C5BA1605619E-StateMachineUpdater] INFO  ratis.OzoneManagerStateMachine (OzoneManagerStateMachine.java:takeSnapshot(441)) - Current Snapshot Index (t:1, i:10304)
2022-06-19 13:07:58,286 [om1@group-C5BA1605619E-StateMachineUpdater] INFO  impl.StateMachineUpdater (StateMachineUpdater.java:takeSnapshot(287)) - om1@group-C5BA1605619E-StateMachineUpdater: Took a snapshot at index 10304
2022-06-19 13:07:58,286 [om1@group-C5BA1605619E-StateMachineUpdater] INFO  impl.StateMachineUpdater (StateMachineUpdater.java:lambda$new$0(92)) - om1@group-C5BA1605619E-StateMachineUpdater: snapshotIndex: updateIncreasingly -1 -> 10304
2022-06-19 13:07:58,286 [om1@group-C5BA1605619E-StateMachineUpdater] INFO  ratis.OzoneManagerStateMachine (OzoneManagerStateMachine.java:close(495)) - StateMachine has shutdown. Shutdown OzoneManager if not already shutdown.
2022-06-19 13:07:58,286 [om1@group-C5BA1605619E-StateMachineUpdater] INFO  ratis.OzoneManagerDoubleBuffer (OzoneManagerDoubleBuffer.java:stop(465)) - Stopping OMDoubleBuffer flush thread
2022-06-19 13:07:58,301 [OMDoubleBufferFlushThread] INFO  ratis.OzoneManagerDoubleBuffer (OzoneManagerDoubleBuffer.java:flushTransactions(385)) - OMDoubleBuffer flush thread OMDoubleBufferFlushThread is interrupted and will exit.
2022-06-19 13:07:58,309 [Listener at 127.0.0.1/41441] INFO  server.RaftServer$Division (ServerState.java:close(429)) - om1@group-C5BA1605619E: closes. applyIndex: 10304
2022-06-19 13:07:58,310 [om1@group-C5BA1605619E-SegmentedRaftLogWorker] INFO  segmented.SegmentedRaftLogWorker (SegmentedRaftLogWorker.java:run(336)) - om1@group-C5BA1605619E-SegmentedRaftLogWorker was interrupted, exiting. There are 0 tasks remaining in the queue.
2022-06-19 13:07:58,312 [Listener at 127.0.0.1/41441] INFO  segmented.SegmentedRaftLogWorker (SegmentedRaftLogWorker.java:close(246)) - om1@group-C5BA1605619E-SegmentedRaftLogWorker close()
2022-06-19 13:07:58,313 [Listener at 127.0.0.1/41441] INFO  server.GrpcService (GrpcService.java:closeImpl(269)) - om1: shutdown server with port 9872 now
2022-06-19 13:07:58,320 [Listener at 127.0.0.1/41441] INFO  server.GrpcService (GrpcService.java:closeImpl(278)) - om1: shutdown server with port 9872 successfully
2022-06-19 13:07:58,320 [org.apache.ratis.util.JvmPauseMonitor$$Lambda$627/819749933@3198594d] INFO  util.JvmPauseMonitor (JvmPauseMonitor.java:run(109)) - JvmPauseMonitor-om1: Stopped
2022-06-19 13:07:58,322 [Listener at 127.0.0.1/41441] INFO  ratis.OzoneManagerStateMachine (OzoneManagerStateMachine.java:close(495)) - StateMachine has shutdown. Shutdown OzoneManager if not already shutdown.
2022-06-19 13:07:58,322 [Listener at 127.0.0.1/41441] INFO  ratis.OzoneManagerDoubleBuffer (OzoneManagerDoubleBuffer.java:stop(477)) - OMDoubleBuffer flush thread is not running.
2022-06-19 13:07:58,322 [Listener at 127.0.0.1/41441] INFO  utils.BackgroundService (BackgroundService.java:shutdown(132)) - Shutting down service KeyDeletingService
2022-06-19 13:07:58,322 [Listener at 127.0.0.1/41441] INFO  utils.BackgroundService (BackgroundService.java:shutdown(132)) - Shutting down service DirectoryDeletingService
2022-06-19 13:07:58,324 [Listener at 127.0.0.1/41441] INFO  handler.ContextHandler (ContextHandler.java:doStop(1153)) - Stopped o.e.j.w.WebAppContext@3d3a12cf{ozoneManager,/,null,STOPPED}{file:/home/runner/work/ozone/ozone/hadoop-ozone/integration-test/target/test-classes/webapps/ozoneManager}
2022-06-19 13:07:58,324 [Listener at 127.0.0.1/41441] INFO  server.AbstractConnector (AbstractConnector.java:doStop(381)) - Stopped ServerConnector@7d48998{HTTP/1.1, (http/1.1)}{0.0.0.0:0}
2022-06-19 13:07:58,325 [Listener at 127.0.0.1/41441] INFO  server.session (HouseKeeper.java:stopScavenging(149)) - node0 Stopped scavenging
2022-06-19 13:07:58,325 [Listener at 127.0.0.1/41441] INFO  handler.ContextHandler (ContextHandler.java:doStop(1153)) - Stopped o.e.j.s.ServletContextHandler@5bdf2408{static,/static,file:///home/runner/work/ozone/ozone/hadoop-ozone/integration-test/target/test-classes/webapps/static,STOPPED}
2022-06-19 13:07:58,325 [Listener at 127.0.0.1/41441] INFO  handler.ContextHandler (ContextHandler.java:doStop(1153)) - Stopped o.e.j.s.ServletContextHandler@4a53088b{logs,/logs,file:///home/runner/work/ozone/ozone/hadoop-ozone/integration-test/target/log,STOPPED}
2022-06-19 13:07:58,340 [Listener at 127.0.0.1/41441] INFO  ozone.MiniOzoneClusterImpl (MiniOzoneClusterImpl.java:stopDatanodes(530)) - Stopping the HddsDatanodes
2022-06-19 13:07:58,377 [Trash Emptier] ERROR om.TrashPolicyOzone (TrashPolicyOzone.java:run(251)) - Error attempting to shutdown
java.lang.InterruptedException
	at java.util.concurrent.locks.AbstractQueuedSynchronizer$ConditionObject.awaitNanos(AbstractQueuedSynchronizer.java:2067)
	at java.util.concurrent.ThreadPoolExecutor.awaitTermination(ThreadPoolExecutor.java:1475)
	at org.apache.hadoop.ozone.om.TrashPolicyOzone$Emptier.run(TrashPolicyOzone.java:249)
	at java.lang.Thread.run(Thread.java:750)
2022-06-19 13:07:58,377 [Trash Emptier] ERROR util.ExitUtils (ExitUtils.java:terminate(133)) - Terminating with exit status -1: Thread[Trash Emptier,5,main] has thrown an uncaught exception
java.lang.UnsupportedOperationException: fs.getUri() not implemented in TrashOzoneFileSystem
	at org.apache.hadoop.ozone.om.TrashOzoneFileSystem.getUri(TrashOzoneFileSystem.java:125)
	at org.apache.hadoop.fs.FileSystem.close(FileSystem.java:2592)
	at org.apache.hadoop.ozone.om.TrashPolicyOzone$Emptier.run(TrashPolicyOzone.java:243)
	at java.lang.Thread.run(Thread.java:750)
2022-06-19 13:08:03,362 [Listener at 127.0.0.1/41441] INFO  ozoneimpl.OzoneContainer (OzoneContainer.java:stop(365)) - Attempting to stop container services.
2022-06-19 13:08:03,363 [ForkJoinPool.commonPool-worker-1] INFO  ozoneimpl.OzoneContainer (OzoneContainer.java:stop(365)) - Attempting to stop container services.
2022-06-19 13:08:03,364 [ForkJoinPool.commonPool-worker-1] INFO  server.RaftServer (RaftServerProxy.java:lambda$close$7(398)) - d6c668d5-a76d-4631-ba67-9d624f40a963: close
2022-06-19 13:08:03,365 [ForkJoinPool.commonPool-worker-1] INFO  server.RaftServer$Division (RaftServerImpl.java:lambda$close$4(434)) - d6c668d5-a76d-4631-ba67-9d624f40a963@group-E9FCCFD5F858: shutdown
2022-06-19 13:08:03,365 [ForkJoinPool.commonPool-worker-1] INFO  util.JmxRegister (JmxRegister.java:unregister(73)) - Successfully un-registered JMX Bean with object name Ratis:service=RaftServer,group=group-E9FCCFD5F858,id=d6c668d5-a76d-4631-ba67-9d624f40a963
2022-06-19 13:08:03,365 [ForkJoinPool.commonPool-worker-1] INFO  impl.RoleInfo (RoleInfo.java:shutdownFollowerState(110)) - d6c668d5-a76d-4631-ba67-9d624f40a963: shutdown d6c668d5-a76d-4631-ba67-9d624f40a963@group-E9FCCFD5F858-FollowerState
2022-06-19 13:08:03,365 [ForkJoinPool.commonPool-worker-1] INFO  impl.StateMachineUpdater (StateMachineUpdater.java:stopAndJoin(153)) - d6c668d5-a76d-4631-ba67-9d624f40a963@group-E9FCCFD5F858-StateMachineUpdater: set stopIndex = 25
2022-06-19 13:08:03,365 [d6c668d5-a76d-4631-ba67-9d624f40a963@group-E9FCCFD5F858-FollowerState] INFO  impl.FollowerState (FollowerState.java:run(152)) - d6c668d5-a76d-4631-ba67-9d624f40a963@group-E9FCCFD5F858-FollowerState was interrupted
2022-06-19 13:08:03,366 [d6c668d5-a76d-4631-ba67-9d624f40a963@group-E9FCCFD5F858-StateMachineUpdater] INFO  ratis.ContainerStateMachine (ContainerStateMachine.java:takeSnapshot(304)) - group-E9FCCFD5F858: Taking a snapshot at:(t:4, i:25) file /home/runner/work/ozone/ozone/hadoop-ozone/integration-test/target/test-dir/MiniOzoneClusterImpl-5e5aab19-8c77-4507-a351-bf1456ba08e7/datanode-1/data/ratis/e5584b9a-d2d2-4eb6-afa1-e9fccfd5f858/sm/snapshot.4_25
2022-06-19 13:08:03,370 [d6c668d5-a76d-4631-ba67-9d624f40a963@group-E9FCCFD5F858-StateMachineUpdater] INFO  ratis.ContainerStateMachine (ContainerStateMachine.java:takeSnapshot(315)) - group-E9FCCFD5F858: Finished taking a snapshot at:(t:4, i:25) file:/home/runner/work/ozone/ozone/hadoop-ozone/integration-test/target/test-dir/MiniOzoneClusterImpl-5e5aab19-8c77-4507-a351-bf1456ba08e7/datanode-1/data/ratis/e5584b9a-d2d2-4eb6-afa1-e9fccfd5f858/sm/snapshot.4_25 took: 4 ms
2022-06-19 13:08:03,370 [d6c668d5-a76d-4631-ba67-9d624f40a963@group-E9FCCFD5F858-StateMachineUpdater] INFO  impl.StateMachineUpdater (StateMachineUpdater.java:takeSnapshot(287)) - d6c668d5-a76d-4631-ba67-9d624f40a963@group-E9FCCFD5F858-StateMachineUpdater: Took a snapshot at index 25
2022-06-19 13:08:03,370 [d6c668d5-a76d-4631-ba67-9d624f40a963@group-E9FCCFD5F858-StateMachineUpdater] INFO  impl.StateMachineUpdater (StateMachineUpdater.java:lambda$new$0(92)) - d6c668d5-a76d-4631-ba67-9d624f40a963@group-E9FCCFD5F858-StateMachineUpdater: snapshotIndex: updateIncreasingly -1 -> 25
2022-06-19 13:08:03,370 [ForkJoinPool.commonPool-worker-1] INFO  server.RaftServer$Division (ServerState.java:close(429)) - d6c668d5-a76d-4631-ba67-9d624f40a963@group-E9FCCFD5F858: closes. applyIndex: 25
2022-06-19 13:08:03,370 [d6c668d5-a76d-4631-ba67-9d624f40a963@group-E9FCCFD5F858-SegmentedRaftLogWorker] INFO  segmented.SegmentedRaftLogWorker (SegmentedRaftLogWorker.java:run(336)) - d6c668d5-a76d-4631-ba67-9d624f40a963@group-E9FCCFD5F858-SegmentedRaftLogWorker was interrupted, exiting. There are 0 tasks remaining in the queue.
2022-06-19 13:08:03,372 [ForkJoinPool.commonPool-worker-1] INFO  segmented.SegmentedRaftLogWorker (SegmentedRaftLogWorker.java:close(246)) - d6c668d5-a76d-4631-ba67-9d624f40a963@group-E9FCCFD5F858-SegmentedRaftLogWorker close()
2022-06-19 13:08:03,377 [ForkJoinPool.commonPool-worker-1] INFO  server.RaftServer$Division (RaftServerImpl.java:lambda$close$4(434)) - d6c668d5-a76d-4631-ba67-9d624f40a963@group-4B1326E0106C: shutdown
2022-06-19 13:08:03,377 [ForkJoinPool.commonPool-worker-1] INFO  util.JmxRegister (JmxRegister.java:unregister(73)) - Successfully un-registered JMX Bean with object name Ratis:service=RaftServer,group=group-4B1326E0106C,id=d6c668d5-a76d-4631-ba67-9d624f40a963
2022-06-19 13:08:03,377 [ForkJoinPool.commonPool-worker-1] INFO  impl.RoleInfo (RoleInfo.java:shutdownLeaderState(93)) - d6c668d5-a76d-4631-ba67-9d624f40a963: shutdown d6c668d5-a76d-4631-ba67-9d624f40a963@group-4B1326E0106C-LeaderStateImpl
2022-06-19 13:08:03,377 [d6c668d5-a76d-4631-ba67-9d624f40a963@group-4B1326E0106C->f58b4837-0c66-44b2-8a93-771d4ee68852-GrpcLogAppender-LogAppenderDaemon] WARN  server.GrpcLogAppender (GrpcLogAppender.java:mayWait(171)) - d6c668d5-a76d-4631-ba67-9d624f40a963@group-4B1326E0106C->f58b4837-0c66-44b2-8a93-771d4ee68852-GrpcLogAppender: Wait interrupted by java.lang.InterruptedException
2022-06-19 13:08:03,377 [d6c668d5-a76d-4631-ba67-9d624f40a963@group-4B1326E0106C->2d1a6fdd-4e39-4ef3-8151-c6201fbfce8f-GrpcLogAppender-LogAppenderDaemon] WARN  server.GrpcLogAppender (GrpcLogAppender.java:mayWait(171)) - d6c668d5-a76d-4631-ba67-9d624f40a963@group-4B1326E0106C->2d1a6fdd-4e39-4ef3-8151-c6201fbfce8f-GrpcLogAppender: Wait interrupted by java.lang.InterruptedException
2022-06-19 13:08:03,378 [grpc-default-executor-1] INFO  server.GrpcServerProtocolService (GrpcServerProtocolService.java:onCompleted(140)) - f58b4837-0c66-44b2-8a93-771d4ee68852: Completed APPEND_ENTRIES, lastRequest: d6c668d5-a76d-4631-ba67-9d624f40a963->f58b4837-0c66-44b2-8a93-771d4ee68852#8-t5,previous=(t:5, i:2),leaderCommit=2,initializing? true,entries: size=1, first=(t:5, i:3), METADATAENTRY(c:2)
2022-06-19 13:08:03,378 [Listener at 127.0.0.1/41441] INFO  server.RaftServer (RaftServerProxy.java:lambda$close$7(398)) - 2d1a6fdd-4e39-4ef3-8151-c6201fbfce8f: close
2022-06-19 13:08:03,379 [Listener at 127.0.0.1/41441] INFO  server.RaftServer$Division (RaftServerImpl.java:lambda$close$4(434)) - 2d1a6fdd-4e39-4ef3-8151-c6201fbfce8f@group-E9FCCFD5F858: shutdown
2022-06-19 13:08:03,379 [Listener at 127.0.0.1/41441] INFO  util.JmxRegister (JmxRegister.java:unregister(73)) - Successfully un-registered JMX Bean with object name Ratis:service=RaftServer,group=group-E9FCCFD5F858,id=2d1a6fdd-4e39-4ef3-8151-c6201fbfce8f
2022-06-19 13:08:03,379 [Listener at 127.0.0.1/41441] INFO  impl.RoleInfo (RoleInfo.java:shutdownFollowerState(110)) - 2d1a6fdd-4e39-4ef3-8151-c6201fbfce8f: shutdown 2d1a6fdd-4e39-4ef3-8151-c6201fbfce8f@group-E9FCCFD5F858-FollowerState
2022-06-19 13:08:03,379 [Listener at 127.0.0.1/41441] INFO  impl.StateMachineUpdater (StateMachineUpdater.java:stopAndJoin(153)) - 2d1a6fdd-4e39-4ef3-8151-c6201fbfce8f@group-E9FCCFD5F858-StateMachineUpdater: set stopIndex = 25
2022-06-19 13:08:03,379 [2d1a6fdd-4e39-4ef3-8151-c6201fbfce8f@group-E9FCCFD5F858-FollowerState] INFO  impl.FollowerState (FollowerState.java:run(152)) - 2d1a6fdd-4e39-4ef3-8151-c6201fbfce8f@group-E9FCCFD5F858-FollowerState was interrupted
2022-06-19 13:08:03,379 [2d1a6fdd-4e39-4ef3-8151-c6201fbfce8f@group-E9FCCFD5F858-StateMachineUpdater] INFO  ratis.ContainerStateMachine (ContainerStateMachine.java:takeSnapshot(304)) - group-E9FCCFD5F858: Taking a snapshot at:(t:4, i:25) file /home/runner/work/ozone/ozone/hadoop-ozone/integration-test/target/test-dir/MiniOzoneClusterImpl-5e5aab19-8c77-4507-a351-bf1456ba08e7/datanode-2/data/ratis/e5584b9a-d2d2-4eb6-afa1-e9fccfd5f858/sm/snapshot.4_25
2022-06-19 13:08:03,380 [grpc-default-executor-0] INFO  server.GrpcServerProtocolService (GrpcServerProtocolService.java:onCompleted(140)) - 2d1a6fdd-4e39-4ef3-8151-c6201fbfce8f: Completed APPEND_ENTRIES, lastRequest: d6c668d5-a76d-4631-ba67-9d624f40a963->2d1a6fdd-4e39-4ef3-8151-c6201fbfce8f#10-t5,previous=(t:5, i:2),leaderCommit=2,initializing? true,entries: size=1, first=(t:5, i:3), METADATAENTRY(c:2)
2022-06-19 13:08:03,380 [grpc-default-executor-3] INFO  server.GrpcLogAppender (GrpcLogAppender.java:onCompleted(339)) - d6c668d5-a76d-4631-ba67-9d624f40a963@group-4B1326E0106C->f58b4837-0c66-44b2-8a93-771d4ee68852-AppendLogResponseHandler: follower responses appendEntries COMPLETED
2022-06-19 13:08:03,380 [grpc-default-executor-3] INFO  leader.FollowerInfo (FollowerInfoImpl.java:lambda$new$0(48)) - d6c668d5-a76d-4631-ba67-9d624f40a963@group-4B1326E0106C->f58b4837-0c66-44b2-8a93-771d4ee68852: nextIndex: updateUnconditionally 4 -> 3
2022-06-19 13:08:03,381 [2d1a6fdd-4e39-4ef3-8151-c6201fbfce8f@group-E9FCCFD5F858-StateMachineUpdater] INFO  ratis.ContainerStateMachine (ContainerStateMachine.java:takeSnapshot(315)) - group-E9FCCFD5F858: Finished taking a snapshot at:(t:4, i:25) file:/home/runner/work/ozone/ozone/hadoop-ozone/integration-test/target/test-dir/MiniOzoneClusterImpl-5e5aab19-8c77-4507-a351-bf1456ba08e7/datanode-2/data/ratis/e5584b9a-d2d2-4eb6-afa1-e9fccfd5f858/sm/snapshot.4_25 took: 2 ms
2022-06-19 13:08:03,381 [2d1a6fdd-4e39-4ef3-8151-c6201fbfce8f@group-E9FCCFD5F858-StateMachineUpdater] INFO  impl.StateMachineUpdater (StateMachineUpdater.java:takeSnapshot(287)) - 2d1a6fdd-4e39-4ef3-8151-c6201fbfce8f@group-E9FCCFD5F858-StateMachineUpdater: Took a snapshot at index 25
2022-06-19 13:08:03,381 [2d1a6fdd-4e39-4ef3-8151-c6201fbfce8f@group-E9FCCFD5F858-StateMachineUpdater] INFO  impl.StateMachineUpdater (StateMachineUpdater.java:lambda$new$0(92)) - 2d1a6fdd-4e39-4ef3-8151-c6201fbfce8f@group-E9FCCFD5F858-StateMachineUpdater: snapshotIndex: updateIncreasingly -1 -> 25
2022-06-19 13:08:03,381 [grpc-default-executor-3] INFO  server.GrpcLogAppender (GrpcLogAppender.java:onCompleted(339)) - d6c668d5-a76d-4631-ba67-9d624f40a963@group-4B1326E0106C->2d1a6fdd-4e39-4ef3-8151-c6201fbfce8f-AppendLogResponseHandler: follower responses appendEntries COMPLETED
2022-06-19 13:08:03,381 [grpc-default-executor-3] INFO  leader.FollowerInfo (FollowerInfoImpl.java:lambda$new$0(48)) - d6c668d5-a76d-4631-ba67-9d624f40a963@group-4B1326E0106C->2d1a6fdd-4e39-4ef3-8151-c6201fbfce8f: nextIndex: updateUnconditionally 4 -> 3
2022-06-19 13:08:03,377 [ForkJoinPool.commonPool-worker-1] INFO  impl.PendingRequests (PendingRequests.java:sendNotLeaderResponses(282)) - d6c668d5-a76d-4631-ba67-9d624f40a963@group-4B1326E0106C-PendingRequests: sendNotLeaderResponses
2022-06-19 13:08:03,382 [Listener at 127.0.0.1/41441] INFO  server.RaftServer$Division (ServerState.java:close(429)) - 2d1a6fdd-4e39-4ef3-8151-c6201fbfce8f@group-E9FCCFD5F858: closes. applyIndex: 25
2022-06-19 13:08:03,382 [2d1a6fdd-4e39-4ef3-8151-c6201fbfce8f@group-E9FCCFD5F858-SegmentedRaftLogWorker] INFO  segmented.SegmentedRaftLogWorker (SegmentedRaftLogWorker.java:run(336)) - 2d1a6fdd-4e39-4ef3-8151-c6201fbfce8f@group-E9FCCFD5F858-SegmentedRaftLogWorker was interrupted, exiting. There are 0 tasks remaining in the queue.
2022-06-19 13:08:03,387 [Listener at 127.0.0.1/41441] INFO  segmented.SegmentedRaftLogWorker (SegmentedRaftLogWorker.java:close(246)) - 2d1a6fdd-4e39-4ef3-8151-c6201fbfce8f@group-E9FCCFD5F858-SegmentedRaftLogWorker close()
2022-06-19 13:08:03,420 [ForkJoinPool.commonPool-worker-1] INFO  impl.StateMachineUpdater (StateMachineUpdater.java:stopAndJoin(153)) - d6c668d5-a76d-4631-ba67-9d624f40a963@group-4B1326E0106C-StateMachineUpdater: set stopIndex = 3
2022-06-19 13:08:03,420 [d6c668d5-a76d-4631-ba67-9d624f40a963@group-4B1326E0106C-StateMachineUpdater] INFO  ratis.ContainerStateMachine (ContainerStateMachine.java:takeSnapshot(304)) - group-4B1326E0106C: Taking a snapshot at:(t:5, i:3) file /home/runner/work/ozone/ozone/hadoop-ozone/integration-test/target/test-dir/MiniOzoneClusterImpl-5e5aab19-8c77-4507-a351-bf1456ba08e7/datanode-1/data/ratis/c18d5809-88fd-4f34-b0e8-4b1326e0106c/sm/snapshot.5_3
2022-06-19 13:08:03,424 [Listener at 127.0.0.1/41441] INFO  server.RaftServer$Division (RaftServerImpl.java:lambda$close$4(434)) - 2d1a6fdd-4e39-4ef3-8151-c6201fbfce8f@group-4B1326E0106C: shutdown
2022-06-19 13:08:03,424 [Listener at 127.0.0.1/41441] INFO  util.JmxRegister (JmxRegister.java:unregister(73)) - Successfully un-registered JMX Bean with object name Ratis:service=RaftServer,group=group-4B1326E0106C,id=2d1a6fdd-4e39-4ef3-8151-c6201fbfce8f
2022-06-19 13:08:03,424 [Listener at 127.0.0.1/41441] INFO  impl.RoleInfo (RoleInfo.java:shutdownFollowerState(110)) - 2d1a6fdd-4e39-4ef3-8151-c6201fbfce8f: shutdown 2d1a6fdd-4e39-4ef3-8151-c6201fbfce8f@group-4B1326E0106C-FollowerState
2022-06-19 13:08:03,424 [Listener at 127.0.0.1/41441] INFO  impl.StateMachineUpdater (StateMachineUpdater.java:stopAndJoin(153)) - 2d1a6fdd-4e39-4ef3-8151-c6201fbfce8f@group-4B1326E0106C-StateMachineUpdater: set stopIndex = 3
2022-06-19 13:08:03,424 [2d1a6fdd-4e39-4ef3-8151-c6201fbfce8f@group-4B1326E0106C-FollowerState] INFO  impl.FollowerState (FollowerState.java:run(152)) - 2d1a6fdd-4e39-4ef3-8151-c6201fbfce8f@group-4B1326E0106C-FollowerState was interrupted
2022-06-19 13:08:03,424 [2d1a6fdd-4e39-4ef3-8151-c6201fbfce8f@group-4B1326E0106C-StateMachineUpdater] INFO  ratis.ContainerStateMachine (ContainerStateMachine.java:takeSnapshot(304)) - group-4B1326E0106C: Taking a snapshot at:(t:5, i:3) file /home/runner/work/ozone/ozone/hadoop-ozone/integration-test/target/test-dir/MiniOzoneClusterImpl-5e5aab19-8c77-4507-a351-bf1456ba08e7/datanode-2/data/ratis/c18d5809-88fd-4f34-b0e8-4b1326e0106c/sm/snapshot.5_3
2022-06-19 13:08:03,437 [2d1a6fdd-4e39-4ef3-8151-c6201fbfce8f@group-4B1326E0106C-StateMachineUpdater] INFO  ratis.ContainerStateMachine (ContainerStateMachine.java:takeSnapshot(315)) - group-4B1326E0106C: Finished taking a snapshot at:(t:5, i:3) file:/home/runner/work/ozone/ozone/hadoop-ozone/integration-test/target/test-dir/MiniOzoneClusterImpl-5e5aab19-8c77-4507-a351-bf1456ba08e7/datanode-2/data/ratis/c18d5809-88fd-4f34-b0e8-4b1326e0106c/sm/snapshot.5_3 took: 13 ms
2022-06-19 13:08:03,438 [2d1a6fdd-4e39-4ef3-8151-c6201fbfce8f@group-4B1326E0106C-StateMachineUpdater] INFO  impl.StateMachineUpdater (StateMachineUpdater.java:takeSnapshot(287)) - 2d1a6fdd-4e39-4ef3-8151-c6201fbfce8f@group-4B1326E0106C-StateMachineUpdater: Took a snapshot at index 3
2022-06-19 13:08:03,438 [2d1a6fdd-4e39-4ef3-8151-c6201fbfce8f@group-4B1326E0106C-StateMachineUpdater] INFO  impl.StateMachineUpdater (StateMachineUpdater.java:lambda$new$0(92)) - 2d1a6fdd-4e39-4ef3-8151-c6201fbfce8f@group-4B1326E0106C-StateMachineUpdater: snapshotIndex: updateIncreasingly -1 -> 3
2022-06-19 13:08:03,438 [d6c668d5-a76d-4631-ba67-9d624f40a963@group-4B1326E0106C-StateMachineUpdater] INFO  ratis.ContainerStateMachine (ContainerStateMachine.java:takeSnapshot(315)) - group-4B1326E0106C: Finished taking a snapshot at:(t:5, i:3) file:/home/runner/work/ozone/ozone/hadoop-ozone/integration-test/target/test-dir/MiniOzoneClusterImpl-5e5aab19-8c77-4507-a351-bf1456ba08e7/datanode-1/data/ratis/c18d5809-88fd-4f34-b0e8-4b1326e0106c/sm/snapshot.5_3 took: 18 ms
2022-06-19 13:08:03,438 [d6c668d5-a76d-4631-ba67-9d624f40a963@group-4B1326E0106C-StateMachineUpdater] INFO  impl.StateMachineUpdater (StateMachineUpdater.java:takeSnapshot(287)) - d6c668d5-a76d-4631-ba67-9d624f40a963@group-4B1326E0106C-StateMachineUpdater: Took a snapshot at index 3
2022-06-19 13:08:03,438 [d6c668d5-a76d-4631-ba67-9d624f40a963@group-4B1326E0106C-StateMachineUpdater] INFO  impl.StateMachineUpdater (StateMachineUpdater.java:lambda$new$0(92)) - d6c668d5-a76d-4631-ba67-9d624f40a963@group-4B1326E0106C-StateMachineUpdater: snapshotIndex: updateIncreasingly -1 -> 3
2022-06-19 13:08:03,438 [ForkJoinPool.commonPool-worker-1] INFO  server.RaftServer$Division (ServerState.java:close(429)) - d6c668d5-a76d-4631-ba67-9d624f40a963@group-4B1326E0106C: closes. applyIndex: 3
2022-06-19 13:08:03,439 [Listener at 127.0.0.1/41441] INFO  server.RaftServer$Division (ServerState.java:close(429)) - 2d1a6fdd-4e39-4ef3-8151-c6201fbfce8f@group-4B1326E0106C: closes. applyIndex: 3
2022-06-19 13:08:03,439 [d6c668d5-a76d-4631-ba67-9d624f40a963@group-4B1326E0106C-SegmentedRaftLogWorker] INFO  segmented.SegmentedRaftLogWorker (SegmentedRaftLogWorker.java:run(336)) - d6c668d5-a76d-4631-ba67-9d624f40a963@group-4B1326E0106C-SegmentedRaftLogWorker was interrupted, exiting. There are 0 tasks remaining in the queue.
2022-06-19 13:08:03,439 [2d1a6fdd-4e39-4ef3-8151-c6201fbfce8f@group-4B1326E0106C-SegmentedRaftLogWorker] INFO  segmented.SegmentedRaftLogWorker (SegmentedRaftLogWorker.java:run(336)) - 2d1a6fdd-4e39-4ef3-8151-c6201fbfce8f@group-4B1326E0106C-SegmentedRaftLogWorker was interrupted, exiting. There are 0 tasks remaining in the queue.
2022-06-19 13:08:03,477 [ForkJoinPool.commonPool-worker-1] INFO  segmented.SegmentedRaftLogWorker (SegmentedRaftLogWorker.java:close(246)) - d6c668d5-a76d-4631-ba67-9d624f40a963@group-4B1326E0106C-SegmentedRaftLogWorker close()
2022-06-19 13:08:03,477 [Listener at 127.0.0.1/41441] INFO  segmented.SegmentedRaftLogWorker (SegmentedRaftLogWorker.java:close(246)) - 2d1a6fdd-4e39-4ef3-8151-c6201fbfce8f@group-4B1326E0106C-SegmentedRaftLogWorker close()
2022-06-19 13:08:03,480 [Listener at 127.0.0.1/41441] INFO  server.RaftServer$Division (RaftServerImpl.java:lambda$close$4(434)) - 2d1a6fdd-4e39-4ef3-8151-c6201fbfce8f@group-098DA23EC055: shutdown
2022-06-19 13:08:03,480 [Listener at 127.0.0.1/41441] INFO  util.JmxRegister (JmxRegister.java:unregister(73)) - Successfully un-registered JMX Bean with object name Ratis:service=RaftServer,group=group-098DA23EC055,id=2d1a6fdd-4e39-4ef3-8151-c6201fbfce8f
2022-06-19 13:08:03,480 [Listener at 127.0.0.1/41441] INFO  impl.RoleInfo (RoleInfo.java:shutdownLeaderState(93)) - 2d1a6fdd-4e39-4ef3-8151-c6201fbfce8f: shutdown 2d1a6fdd-4e39-4ef3-8151-c6201fbfce8f@group-098DA23EC055-LeaderStateImpl
2022-06-19 13:08:03,480 [Listener at 127.0.0.1/41441] INFO  impl.PendingRequests (PendingRequests.java:sendNotLeaderResponses(282)) - 2d1a6fdd-4e39-4ef3-8151-c6201fbfce8f@group-098DA23EC055-PendingRequests: sendNotLeaderResponses
2022-06-19 13:08:03,481 [Listener at 127.0.0.1/41441] INFO  impl.StateMachineUpdater (StateMachineUpdater.java:stopAndJoin(153)) - 2d1a6fdd-4e39-4ef3-8151-c6201fbfce8f@group-098DA23EC055-StateMachineUpdater: set stopIndex = 0
2022-06-19 13:08:03,481 [ForkJoinPool.commonPool-worker-1] INFO  server.RaftServer$Division (RaftServerImpl.java:lambda$close$4(434)) - d6c668d5-a76d-4631-ba67-9d624f40a963@group-AAF266449178: shutdown
2022-06-19 13:08:03,481 [2d1a6fdd-4e39-4ef3-8151-c6201fbfce8f@group-098DA23EC055-StateMachineUpdater] INFO  ratis.ContainerStateMachine (ContainerStateMachine.java:takeSnapshot(304)) - group-098DA23EC055: Taking a snapshot at:(t:1, i:0) file /home/runner/work/ozone/ozone/hadoop-ozone/integration-test/target/test-dir/MiniOzoneClusterImpl-5e5aab19-8c77-4507-a351-bf1456ba08e7/datanode-2/data/ratis/86862338-e6f1-4eba-a44f-098da23ec055/sm/snapshot.1_0
2022-06-19 13:08:03,481 [ForkJoinPool.commonPool-worker-1] INFO  util.JmxRegister (JmxRegister.java:unregister(73)) - Successfully un-registered JMX Bean with object name Ratis:service=RaftServer,group=group-AAF266449178,id=d6c668d5-a76d-4631-ba67-9d624f40a963
2022-06-19 13:08:03,482 [ForkJoinPool.commonPool-worker-1] INFO  impl.RoleInfo (RoleInfo.java:shutdownLeaderState(93)) - d6c668d5-a76d-4631-ba67-9d624f40a963: shutdown d6c668d5-a76d-4631-ba67-9d624f40a963@group-AAF266449178-LeaderStateImpl
2022-06-19 13:08:03,482 [2d1a6fdd-4e39-4ef3-8151-c6201fbfce8f@group-098DA23EC055-StateMachineUpdater] INFO  ratis.ContainerStateMachine (ContainerStateMachine.java:takeSnapshot(315)) - group-098DA23EC055: Finished taking a snapshot at:(t:1, i:0) file:/home/runner/work/ozone/ozone/hadoop-ozone/integration-test/target/test-dir/MiniOzoneClusterImpl-5e5aab19-8c77-4507-a351-bf1456ba08e7/datanode-2/data/ratis/86862338-e6f1-4eba-a44f-098da23ec055/sm/snapshot.1_0 took: 1 ms
2022-06-19 13:08:03,482 [ForkJoinPool.commonPool-worker-1] INFO  impl.PendingRequests (PendingRequests.java:sendNotLeaderResponses(282)) - d6c668d5-a76d-4631-ba67-9d624f40a963@group-AAF266449178-PendingRequests: sendNotLeaderResponses
2022-06-19 13:08:03,482 [2d1a6fdd-4e39-4ef3-8151-c6201fbfce8f@group-098DA23EC055-StateMachineUpdater] INFO  impl.StateMachineUpdater (StateMachineUpdater.java:takeSnapshot(287)) - 2d1a6fdd-4e39-4ef3-8151-c6201fbfce8f@group-098DA23EC055-StateMachineUpdater: Took a snapshot at index 0
2022-06-19 13:08:03,482 [2d1a6fdd-4e39-4ef3-8151-c6201fbfce8f@group-098DA23EC055-StateMachineUpdater] INFO  impl.StateMachineUpdater (StateMachineUpdater.java:lambda$new$0(92)) - 2d1a6fdd-4e39-4ef3-8151-c6201fbfce8f@group-098DA23EC055-StateMachineUpdater: snapshotIndex: updateIncreasingly -1 -> 0
2022-06-19 13:08:03,483 [ForkJoinPool.commonPool-worker-1] INFO  impl.StateMachineUpdater (StateMachineUpdater.java:stopAndJoin(153)) - d6c668d5-a76d-4631-ba67-9d624f40a963@group-AAF266449178-StateMachineUpdater: set stopIndex = 0
2022-06-19 13:08:03,483 [Listener at 127.0.0.1/41441] INFO  server.RaftServer$Division (ServerState.java:close(429)) - 2d1a6fdd-4e39-4ef3-8151-c6201fbfce8f@group-098DA23EC055: closes. applyIndex: 0
2022-06-19 13:08:03,483 [d6c668d5-a76d-4631-ba67-9d624f40a963@group-AAF266449178-StateMachineUpdater] INFO  ratis.ContainerStateMachine (ContainerStateMachine.java:takeSnapshot(304)) - group-AAF266449178: Taking a snapshot at:(t:1, i:0) file /home/runner/work/ozone/ozone/hadoop-ozone/integration-test/target/test-dir/MiniOzoneClusterImpl-5e5aab19-8c77-4507-a351-bf1456ba08e7/datanode-1/data/ratis/a493a6a5-b4e7-4fab-b1e8-aaf266449178/sm/snapshot.1_0
2022-06-19 13:08:03,483 [2d1a6fdd-4e39-4ef3-8151-c6201fbfce8f@group-098DA23EC055-SegmentedRaftLogWorker] INFO  segmented.SegmentedRaftLogWorker (SegmentedRaftLogWorker.java:run(336)) - 2d1a6fdd-4e39-4ef3-8151-c6201fbfce8f@group-098DA23EC055-SegmentedRaftLogWorker was interrupted, exiting. There are 0 tasks remaining in the queue.
2022-06-19 13:08:03,483 [d6c668d5-a76d-4631-ba67-9d624f40a963@group-AAF266449178-StateMachineUpdater] INFO  ratis.ContainerStateMachine (ContainerStateMachine.java:takeSnapshot(315)) - group-AAF266449178: Finished taking a snapshot at:(t:1, i:0) file:/home/runner/work/ozone/ozone/hadoop-ozone/integration-test/target/test-dir/MiniOzoneClusterImpl-5e5aab19-8c77-4507-a351-bf1456ba08e7/datanode-1/data/ratis/a493a6a5-b4e7-4fab-b1e8-aaf266449178/sm/snapshot.1_0 took: 1 ms
2022-06-19 13:08:03,484 [d6c668d5-a76d-4631-ba67-9d624f40a963@group-AAF266449178-StateMachineUpdater] INFO  impl.StateMachineUpdater (StateMachineUpdater.java:takeSnapshot(287)) - d6c668d5-a76d-4631-ba67-9d624f40a963@group-AAF266449178-StateMachineUpdater: Took a snapshot at index 0
2022-06-19 13:08:03,484 [d6c668d5-a76d-4631-ba67-9d624f40a963@group-AAF266449178-StateMachineUpdater] INFO  impl.StateMachineUpdater (StateMachineUpdater.java:lambda$new$0(92)) - d6c668d5-a76d-4631-ba67-9d624f40a963@group-AAF266449178-StateMachineUpdater: snapshotIndex: updateIncreasingly -1 -> 0
2022-06-19 13:08:03,484 [ForkJoinPool.commonPool-worker-1] INFO  server.RaftServer$Division (ServerState.java:close(429)) - d6c668d5-a76d-4631-ba67-9d624f40a963@group-AAF266449178: closes. applyIndex: 0
2022-06-19 13:08:03,484 [d6c668d5-a76d-4631-ba67-9d624f40a963@group-AAF266449178-SegmentedRaftLogWorker] INFO  segmented.SegmentedRaftLogWorker (SegmentedRaftLogWorker.java:run(336)) - d6c668d5-a76d-4631-ba67-9d624f40a963@group-AAF266449178-SegmentedRaftLogWorker was interrupted, exiting. There are 0 tasks remaining in the queue.
2022-06-19 13:08:03,486 [Listener at 127.0.0.1/41441] INFO  segmented.SegmentedRaftLogWorker (SegmentedRaftLogWorker.java:close(246)) - 2d1a6fdd-4e39-4ef3-8151-c6201fbfce8f@group-098DA23EC055-SegmentedRaftLogWorker close()
2022-06-19 13:08:03,486 [ForkJoinPool.commonPool-worker-1] INFO  segmented.SegmentedRaftLogWorker (SegmentedRaftLogWorker.java:close(246)) - d6c668d5-a76d-4631-ba67-9d624f40a963@group-AAF266449178-SegmentedRaftLogWorker close()
2022-06-19 13:08:03,547 [Listener at 127.0.0.1/41441] INFO  server.GrpcService (GrpcService.java:closeImpl(269)) - 2d1a6fdd-4e39-4ef3-8151-c6201fbfce8f: shutdown server with port 41833 now
2022-06-19 13:08:03,548 [ForkJoinPool.commonPool-worker-1] INFO  server.GrpcService (GrpcService.java:closeImpl(269)) - d6c668d5-a76d-4631-ba67-9d624f40a963: shutdown server with port 39345 now
2022-06-19 13:08:03,551 [grpc-default-executor-3] WARN  server.GrpcServerProtocolService (LogUtils.java:warn(122)) - d6c668d5-a76d-4631-ba67-9d624f40a963: installSnapshot onError, lastRequest: f58b4837-0c66-44b2-8a93-771d4ee68852->d6c668d5-a76d-4631-ba67-9d624f40a963#156-t4,previous=(t:4, i:24),leaderCommit=23,initializing? true,entries: size=1, first=(t:4, i:25), METADATAENTRY(c:23): org.apache.ratis.thirdparty.io.grpc.StatusRuntimeException: CANCELLED: client cancelled
2022-06-19 13:08:03,552 [grpc-default-executor-1] WARN  server.GrpcServerProtocolService (LogUtils.java:warn(122)) - 2d1a6fdd-4e39-4ef3-8151-c6201fbfce8f: installSnapshot onError, lastRequest: f58b4837-0c66-44b2-8a93-771d4ee68852->2d1a6fdd-4e39-4ef3-8151-c6201fbfce8f#161-t4,previous=(t:4, i:24),leaderCommit=23,initializing? true,entries: size=1, first=(t:4, i:25), METADATAENTRY(c:23): org.apache.ratis.thirdparty.io.grpc.StatusRuntimeException: CANCELLED: client cancelled
2022-06-19 13:08:03,558 [grpc-default-executor-2] WARN  server.GrpcLogAppender (LogUtils.java:warn(122)) - f58b4837-0c66-44b2-8a93-771d4ee68852@group-E9FCCFD5F858->d6c668d5-a76d-4631-ba67-9d624f40a963-AppendLogResponseHandler: Failed appendEntries: org.apache.ratis.thirdparty.io.grpc.StatusRuntimeException: CANCELLED: RST_STREAM closed stream. HTTP/2 error code: CANCEL
2022-06-19 13:08:03,558 [grpc-default-executor-2] INFO  leader.FollowerInfo (FollowerInfoImpl.java:lambda$new$0(48)) - f58b4837-0c66-44b2-8a93-771d4ee68852@group-E9FCCFD5F858->d6c668d5-a76d-4631-ba67-9d624f40a963: nextIndex: updateUnconditionally 26 -> 25
2022-06-19 13:08:03,559 [grpc-default-executor-1] WARN  server.GrpcLogAppender (LogUtils.java:warn(122)) - f58b4837-0c66-44b2-8a93-771d4ee68852@group-E9FCCFD5F858->2d1a6fdd-4e39-4ef3-8151-c6201fbfce8f-AppendLogResponseHandler: Failed appendEntries: org.apache.ratis.thirdparty.io.grpc.StatusRuntimeException: CANCELLED: RST_STREAM closed stream. HTTP/2 error code: CANCEL
2022-06-19 13:08:03,559 [grpc-default-executor-1] INFO  leader.FollowerInfo (FollowerInfoImpl.java:lambda$new$0(48)) - f58b4837-0c66-44b2-8a93-771d4ee68852@group-E9FCCFD5F858->2d1a6fdd-4e39-4ef3-8151-c6201fbfce8f: nextIndex: updateUnconditionally 26 -> 25
2022-06-19 13:08:03,574 [Listener at 127.0.0.1/41441] INFO  server.GrpcService (GrpcService.java:closeImpl(278)) - 2d1a6fdd-4e39-4ef3-8151-c6201fbfce8f: shutdown server with port 41833 successfully
2022-06-19 13:08:03,574 [org.apache.ratis.util.JvmPauseMonitor$$Lambda$627/819749933@2096d383] INFO  util.JvmPauseMonitor (JvmPauseMonitor.java:run(109)) - JvmPauseMonitor-2d1a6fdd-4e39-4ef3-8151-c6201fbfce8f: Stopped
2022-06-19 13:08:03,575 [ForkJoinPool.commonPool-worker-1] INFO  server.GrpcService (GrpcService.java:closeImpl(278)) - d6c668d5-a76d-4631-ba67-9d624f40a963: shutdown server with port 39345 successfully
2022-06-19 13:08:03,587 [org.apache.ratis.util.JvmPauseMonitor$$Lambda$627/819749933@1e6db7b] INFO  util.JvmPauseMonitor (JvmPauseMonitor.java:run(109)) - JvmPauseMonitor-d6c668d5-a76d-4631-ba67-9d624f40a963: Stopped
2022-06-19 13:08:03,616 [grpc-default-executor-0] WARN  server.GrpcLogAppender (LogUtils.java:warn(122)) - f58b4837-0c66-44b2-8a93-771d4ee68852@group-E9FCCFD5F858->2d1a6fdd-4e39-4ef3-8151-c6201fbfce8f-AppendLogResponseHandler: Failed appendEntries: org.apache.ratis.thirdparty.io.grpc.StatusRuntimeException: UNAVAILABLE: io exception
2022-06-19 13:08:03,616 [grpc-default-executor-0] INFO  leader.FollowerInfo (FollowerInfoImpl.java:lambda$new$0(48)) - f58b4837-0c66-44b2-8a93-771d4ee68852@group-E9FCCFD5F858->2d1a6fdd-4e39-4ef3-8151-c6201fbfce8f: nextIndex: updateUnconditionally 26 -> 25
2022-06-19 13:08:03,617 [grpc-default-executor-1] WARN  server.GrpcLogAppender (LogUtils.java:warn(122)) - f58b4837-0c66-44b2-8a93-771d4ee68852@group-E9FCCFD5F858->d6c668d5-a76d-4631-ba67-9d624f40a963-AppendLogResponseHandler: Failed appendEntries: org.apache.ratis.thirdparty.io.grpc.StatusRuntimeException: UNAVAILABLE: io exception
2022-06-19 13:08:03,617 [grpc-default-executor-1] INFO  leader.FollowerInfo (FollowerInfoImpl.java:lambda$new$0(48)) - f58b4837-0c66-44b2-8a93-771d4ee68852@group-E9FCCFD5F858->d6c668d5-a76d-4631-ba67-9d624f40a963: nextIndex: updateUnconditionally 26 -> 25
2022-06-19 13:08:04,863 [grpc-default-executor-1] WARN  server.GrpcLogAppender (LogUtils.java:warn(122)) - f58b4837-0c66-44b2-8a93-771d4ee68852@group-E9FCCFD5F858->2d1a6fdd-4e39-4ef3-8151-c6201fbfce8f-AppendLogResponseHandler: Failed appendEntries: org.apache.ratis.thirdparty.io.grpc.StatusRuntimeException: UNAVAILABLE: io exception
2022-06-19 13:08:04,864 [grpc-default-executor-1] INFO  leader.FollowerInfo (FollowerInfoImpl.java:lambda$new$0(48)) - f58b4837-0c66-44b2-8a93-771d4ee68852@group-E9FCCFD5F858->2d1a6fdd-4e39-4ef3-8151-c6201fbfce8f: nextIndex: updateUnconditionally 26 -> 25
2022-06-19 13:08:04,883 [grpc-default-executor-1] WARN  server.GrpcLogAppender (LogUtils.java:warn(122)) - f58b4837-0c66-44b2-8a93-771d4ee68852@group-E9FCCFD5F858->d6c668d5-a76d-4631-ba67-9d624f40a963-AppendLogResponseHandler: Failed appendEntries: org.apache.ratis.thirdparty.io.grpc.StatusRuntimeException: UNAVAILABLE: io exception
2022-06-19 13:08:04,883 [grpc-default-executor-1] INFO  leader.FollowerInfo (FollowerInfoImpl.java:lambda$new$0(48)) - f58b4837-0c66-44b2-8a93-771d4ee68852@group-E9FCCFD5F858->d6c668d5-a76d-4631-ba67-9d624f40a963: nextIndex: updateUnconditionally 26 -> 25
2022-06-19 13:08:05,696 [Listener at 127.0.0.1/41441] INFO  utils.BackgroundService (BackgroundService.java:shutdown(132)) - Shutting down service BlockDeletingService
2022-06-19 13:08:05,698 [ForkJoinPool.commonPool-worker-1] INFO  utils.BackgroundService (BackgroundService.java:shutdown(132)) - Shutting down service BlockDeletingService
2022-06-19 13:08:06,116 [grpc-default-executor-1] WARN  server.GrpcLogAppender (LogUtils.java:warn(122)) - f58b4837-0c66-44b2-8a93-771d4ee68852@group-E9FCCFD5F858->2d1a6fdd-4e39-4ef3-8151-c6201fbfce8f-AppendLogResponseHandler: Failed appendEntries: org.apache.ratis.thirdparty.io.grpc.StatusRuntimeException: UNAVAILABLE: io exception
2022-06-19 13:08:06,117 [grpc-default-executor-1] INFO  leader.FollowerInfo (FollowerInfoImpl.java:lambda$new$0(48)) - f58b4837-0c66-44b2-8a93-771d4ee68852@group-E9FCCFD5F858->2d1a6fdd-4e39-4ef3-8151-c6201fbfce8f: nextIndex: updateUnconditionally 26 -> 25
2022-06-19 13:08:06,132 [grpc-default-executor-1] WARN  server.GrpcLogAppender (LogUtils.java:warn(122)) - f58b4837-0c66-44b2-8a93-771d4ee68852@group-E9FCCFD5F858->d6c668d5-a76d-4631-ba67-9d624f40a963-AppendLogResponseHandler: Failed appendEntries: org.apache.ratis.thirdparty.io.grpc.StatusRuntimeException: UNAVAILABLE: io exception
2022-06-19 13:08:06,132 [grpc-default-executor-1] INFO  leader.FollowerInfo (FollowerInfoImpl.java:lambda$new$0(48)) - f58b4837-0c66-44b2-8a93-771d4ee68852@group-E9FCCFD5F858->d6c668d5-a76d-4631-ba67-9d624f40a963: nextIndex: updateUnconditionally 26 -> 25
2022-06-19 13:08:07,364 [grpc-default-executor-1] WARN  server.GrpcLogAppender (LogUtils.java:warn(122)) - f58b4837-0c66-44b2-8a93-771d4ee68852@group-E9FCCFD5F858->2d1a6fdd-4e39-4ef3-8151-c6201fbfce8f-AppendLogResponseHandler: Failed appendEntries: org.apache.ratis.thirdparty.io.grpc.StatusRuntimeException: UNAVAILABLE: io exception
2022-06-19 13:08:07,366 [grpc-default-executor-1] INFO  leader.FollowerInfo (FollowerInfoImpl.java:lambda$new$0(48)) - f58b4837-0c66-44b2-8a93-771d4ee68852@group-E9FCCFD5F858->2d1a6fdd-4e39-4ef3-8151-c6201fbfce8f: nextIndex: updateUnconditionally 26 -> 25
2022-06-19 13:08:07,393 [grpc-default-executor-1] WARN  server.GrpcLogAppender (LogUtils.java:warn(122)) - f58b4837-0c66-44b2-8a93-771d4ee68852@group-E9FCCFD5F858->d6c668d5-a76d-4631-ba67-9d624f40a963-AppendLogResponseHandler: Failed appendEntries: org.apache.ratis.thirdparty.io.grpc.StatusRuntimeException: UNAVAILABLE: io exception
2022-06-19 13:08:07,394 [grpc-default-executor-1] INFO  leader.FollowerInfo (FollowerInfoImpl.java:lambda$new$0(48)) - f58b4837-0c66-44b2-8a93-771d4ee68852@group-E9FCCFD5F858->d6c668d5-a76d-4631-ba67-9d624f40a963: nextIndex: updateUnconditionally 26 -> 25
2022-06-19 13:08:08,263 [f58b4837-0c66-44b2-8a93-771d4ee68852@group-E9FCCFD5F858-LeaderStateImpl] WARN  server.RaftServer$Division (LeaderStateImpl.java:checkLeadership(1018)) - f58b4837-0c66-44b2-8a93-771d4ee68852@group-E9FCCFD5F858-LeaderStateImpl: Lost leadership on term: 4. Election timeout: 5200ms. In charge for: 34323ms. Conf: 0: [f58b4837-0c66-44b2-8a93-771d4ee68852|rpc:10.1.0.4:34339|dataStream:|priority:1, 2d1a6fdd-4e39-4ef3-8151-c6201fbfce8f|rpc:10.1.0.4:41833|dataStream:|priority:0, d6c668d5-a76d-4631-ba67-9d624f40a963|rpc:10.1.0.4:39345|dataStream:|priority:0], old=null
2022-06-19 13:08:08,264 [f58b4837-0c66-44b2-8a93-771d4ee68852@group-E9FCCFD5F858-LeaderStateImpl] WARN  server.RaftServer$Division (LeaderStateImpl.java:lambda$checkLeadership$17(1022)) - Follower f58b4837-0c66-44b2-8a93-771d4ee68852@group-E9FCCFD5F858->2d1a6fdd-4e39-4ef3-8151-c6201fbfce8f(c25,m25,n25, attendVote=true, lastRpcSendTime=899, lastRpcResponseTime=5901)
2022-06-19 13:08:08,264 [f58b4837-0c66-44b2-8a93-771d4ee68852@group-E9FCCFD5F858-LeaderStateImpl] WARN  server.RaftServer$Division (LeaderStateImpl.java:lambda$checkLeadership$17(1022)) - Follower f58b4837-0c66-44b2-8a93-771d4ee68852@group-E9FCCFD5F858->d6c668d5-a76d-4631-ba67-9d624f40a963(c25,m25,n25, attendVote=true, lastRpcSendTime=874, lastRpcResponseTime=5890)
2022-06-19 13:08:08,264 [f58b4837-0c66-44b2-8a93-771d4ee68852@group-E9FCCFD5F858-LeaderStateImpl] INFO  server.RaftServer$Division (RaftServerImpl.java:setRole(299)) - f58b4837-0c66-44b2-8a93-771d4ee68852@group-E9FCCFD5F858: changes role from    LEADER to FOLLOWER at term 4 for StepDownReason:LOST_MAJORITY_HEARTBEATS
2022-06-19 13:08:08,264 [f58b4837-0c66-44b2-8a93-771d4ee68852@group-E9FCCFD5F858-LeaderStateImpl] INFO  impl.RoleInfo (RoleInfo.java:shutdownLeaderState(93)) - f58b4837-0c66-44b2-8a93-771d4ee68852: shutdown f58b4837-0c66-44b2-8a93-771d4ee68852@group-E9FCCFD5F858-LeaderStateImpl
2022-06-19 13:08:08,264 [f58b4837-0c66-44b2-8a93-771d4ee68852@group-E9FCCFD5F858->2d1a6fdd-4e39-4ef3-8151-c6201fbfce8f-GrpcLogAppender-LogAppenderDaemon] WARN  server.GrpcLogAppender (GrpcLogAppender.java:mayWait(171)) - f58b4837-0c66-44b2-8a93-771d4ee68852@group-E9FCCFD5F858->2d1a6fdd-4e39-4ef3-8151-c6201fbfce8f-GrpcLogAppender: Wait interrupted by java.lang.InterruptedException
2022-06-19 13:08:08,265 [f58b4837-0c66-44b2-8a93-771d4ee68852@group-E9FCCFD5F858->d6c668d5-a76d-4631-ba67-9d624f40a963-GrpcLogAppender-LogAppenderDaemon] WARN  server.GrpcLogAppender (GrpcLogAppender.java:mayWait(171)) - f58b4837-0c66-44b2-8a93-771d4ee68852@group-E9FCCFD5F858->d6c668d5-a76d-4631-ba67-9d624f40a963-GrpcLogAppender: Wait interrupted by java.lang.InterruptedException
2022-06-19 13:08:08,274 [f58b4837-0c66-44b2-8a93-771d4ee68852@group-E9FCCFD5F858-LeaderStateImpl] INFO  impl.PendingRequests (PendingRequests.java:sendNotLeaderResponses(282)) - f58b4837-0c66-44b2-8a93-771d4ee68852@group-E9FCCFD5F858-PendingRequests: sendNotLeaderResponses
2022-06-19 13:08:08,276 [f58b4837-0c66-44b2-8a93-771d4ee68852@group-E9FCCFD5F858-LeaderStateImpl] INFO  impl.RoleInfo (RoleInfo.java:updateAndGet(139)) - f58b4837-0c66-44b2-8a93-771d4ee68852: start f58b4837-0c66-44b2-8a93-771d4ee68852@group-E9FCCFD5F858-FollowerState
2022-06-19 13:08:08,710 [Listener at 127.0.0.1/41441] INFO  statemachine.DatanodeStateMachine (DatanodeStateMachine.java:stopDaemon(580)) - Ozone container server stopped.
2022-06-19 13:08:08,711 [ForkJoinPool.commonPool-worker-1] INFO  statemachine.DatanodeStateMachine (DatanodeStateMachine.java:stopDaemon(580)) - Ozone container server stopped.
2022-06-19 13:08:08,742 [Listener at 127.0.0.1/41441] INFO  handler.ContextHandler (ContextHandler.java:doStop(1153)) - Stopped o.e.j.w.WebAppContext@7cd1e0c4{hddsDatanode,/,null,STOPPED}{jar:file:/home/runner/.m2/repository/org/apache/ozone/hdds-container-service/1.3.0-SNAPSHOT/hdds-container-service-1.3.0-SNAPSHOT.jar!/webapps/hddsDatanode}
2022-06-19 13:08:08,745 [Listener at 127.0.0.1/41441] INFO  server.AbstractConnector (AbstractConnector.java:doStop(381)) - Stopped ServerConnector@44609c16{HTTP/1.1, (http/1.1)}{0.0.0.0:0}
2022-06-19 13:08:08,745 [Listener at 127.0.0.1/41441] INFO  server.session (HouseKeeper.java:stopScavenging(149)) - node0 Stopped scavenging
2022-06-19 13:08:08,745 [Listener at 127.0.0.1/41441] INFO  handler.ContextHandler (ContextHandler.java:doStop(1153)) - Stopped o.e.j.s.ServletContextHandler@7039f339{static,/static,jar:file:/home/runner/.m2/repository/org/apache/ozone/hdds-container-service/1.3.0-SNAPSHOT/hdds-container-service-1.3.0-SNAPSHOT.jar!/webapps/static,STOPPED}
2022-06-19 13:08:08,746 [Listener at 127.0.0.1/41441] INFO  handler.ContextHandler (ContextHandler.java:doStop(1153)) - Stopped o.e.j.s.ServletContextHandler@43c3b180{logs,/logs,file:///home/runner/work/ozone/ozone/hadoop-ozone/integration-test/target/log,STOPPED}
2022-06-19 13:08:08,765 [ForkJoinPool.commonPool-worker-1] INFO  handler.ContextHandler (ContextHandler.java:doStop(1153)) - Stopped o.e.j.w.WebAppContext@4df025dd{hddsDatanode,/,null,STOPPED}{jar:file:/home/runner/.m2/repository/org/apache/ozone/hdds-container-service/1.3.0-SNAPSHOT/hdds-container-service-1.3.0-SNAPSHOT.jar!/webapps/hddsDatanode}
2022-06-19 13:08:08,769 [ForkJoinPool.commonPool-worker-1] INFO  server.AbstractConnector (AbstractConnector.java:doStop(381)) - Stopped ServerConnector@11f5b544{HTTP/1.1, (http/1.1)}{0.0.0.0:0}
2022-06-19 13:08:08,769 [ForkJoinPool.commonPool-worker-1] INFO  server.session (HouseKeeper.java:stopScavenging(149)) - node0 Stopped scavenging
2022-06-19 13:08:08,781 [ForkJoinPool.commonPool-worker-1] INFO  handler.ContextHandler (ContextHandler.java:doStop(1153)) - Stopped o.e.j.s.ServletContextHandler@485fb73a{static,/static,jar:file:/home/runner/.m2/repository/org/apache/ozone/hdds-container-service/1.3.0-SNAPSHOT/hdds-container-service-1.3.0-SNAPSHOT.jar!/webapps/static,STOPPED}
2022-06-19 13:08:08,782 [ForkJoinPool.commonPool-worker-1] INFO  handler.ContextHandler (ContextHandler.java:doStop(1153)) - Stopped o.e.j.s.ServletContextHandler@7b2cb1e0{logs,/logs,file:///home/runner/work/ozone/ozone/hadoop-ozone/integration-test/target/log,STOPPED}
2022-06-19 13:08:10,383 [f58b4837-0c66-44b2-8a93-771d4ee68852@group-4B1326E0106C-FollowerState] INFO  impl.FollowerState (FollowerState.java:run(143)) - f58b4837-0c66-44b2-8a93-771d4ee68852@group-4B1326E0106C-FollowerState: change to CANDIDATE, lastRpcElapsedTime:7480918215ns, electionTimeout:5007ms
2022-06-19 13:08:10,383 [f58b4837-0c66-44b2-8a93-771d4ee68852@group-4B1326E0106C-FollowerState] INFO  impl.RoleInfo (RoleInfo.java:shutdownFollowerState(110)) - f58b4837-0c66-44b2-8a93-771d4ee68852: shutdown f58b4837-0c66-44b2-8a93-771d4ee68852@group-4B1326E0106C-FollowerState
2022-06-19 13:08:10,383 [f58b4837-0c66-44b2-8a93-771d4ee68852@group-4B1326E0106C-FollowerState] INFO  server.RaftServer$Division (RaftServerImpl.java:setRole(299)) - f58b4837-0c66-44b2-8a93-771d4ee68852@group-4B1326E0106C: changes role from  FOLLOWER to CANDIDATE at term 5 for changeToCandidate
2022-06-19 13:08:10,383 [f58b4837-0c66-44b2-8a93-771d4ee68852@group-4B1326E0106C-FollowerState] INFO  server.RaftServerConfigKeys (ConfUtils.java:logGet(46)) - raft.server.leaderelection.pre-vote = false (custom)
2022-06-19 13:08:10,383 [f58b4837-0c66-44b2-8a93-771d4ee68852@group-4B1326E0106C-FollowerState] INFO  impl.RoleInfo (RoleInfo.java:updateAndGet(139)) - f58b4837-0c66-44b2-8a93-771d4ee68852: start f58b4837-0c66-44b2-8a93-771d4ee68852@group-4B1326E0106C-LeaderElection66
2022-06-19 13:08:10,419 [f58b4837-0c66-44b2-8a93-771d4ee68852@group-4B1326E0106C-LeaderElection66] INFO  server.RaftServer$Division (ServerState.java:setLeader(287)) - f58b4837-0c66-44b2-8a93-771d4ee68852@group-4B1326E0106C: change Leader from d6c668d5-a76d-4631-ba67-9d624f40a963 to null at term 5 for ELECTION
2022-06-19 13:08:10,426 [f58b4837-0c66-44b2-8a93-771d4ee68852@group-4B1326E0106C-LeaderElection66] INFO  impl.LeaderElection (LeaderElection.java:askForVotes(310)) - f58b4837-0c66-44b2-8a93-771d4ee68852@group-4B1326E0106C-LeaderElection66 ELECTION round 0: submit vote requests at term 6 for 0: [f58b4837-0c66-44b2-8a93-771d4ee68852|rpc:10.1.0.4:34339|dataStream:|priority:0, 2d1a6fdd-4e39-4ef3-8151-c6201fbfce8f|rpc:10.1.0.4:41833|dataStream:|priority:0, d6c668d5-a76d-4631-ba67-9d624f40a963|rpc:10.1.0.4:39345|dataStream:|priority:1], old=null
2022-06-19 13:08:10,430 [f58b4837-0c66-44b2-8a93-771d4ee68852@group-4B1326E0106C-LeaderElection66] INFO  impl.LeaderElection (LogUtils.java:infoOrTrace(137)) - f58b4837-0c66-44b2-8a93-771d4ee68852@group-4B1326E0106C-LeaderElection66 got exception when requesting votes: java.util.concurrent.ExecutionException: org.apache.ratis.thirdparty.io.grpc.StatusRuntimeException: UNAVAILABLE: io exception
2022-06-19 13:08:10,452 [f58b4837-0c66-44b2-8a93-771d4ee68852@group-4B1326E0106C-LeaderElection66] INFO  impl.LeaderElection (LogUtils.java:infoOrTrace(137)) - f58b4837-0c66-44b2-8a93-771d4ee68852@group-4B1326E0106C-LeaderElection66 got exception when requesting votes: java.util.concurrent.ExecutionException: org.apache.ratis.thirdparty.io.grpc.StatusRuntimeException: UNAVAILABLE: io exception
2022-06-19 13:08:10,453 [f58b4837-0c66-44b2-8a93-771d4ee68852@group-4B1326E0106C-LeaderElection66] INFO  impl.LeaderElection (LeaderElection.java:logAndReturn(90)) - f58b4837-0c66-44b2-8a93-771d4ee68852@group-4B1326E0106C-LeaderElection66: ELECTION REJECTED received 0 response(s) and 2 exception(s):
2022-06-19 13:08:10,453 [f58b4837-0c66-44b2-8a93-771d4ee68852@group-4B1326E0106C-LeaderElection66] INFO  impl.LeaderElection (LogUtils.java:infoOrTrace(137)) -   Exception 0: java.util.concurrent.ExecutionException: org.apache.ratis.thirdparty.io.grpc.StatusRuntimeException: UNAVAILABLE: io exception
2022-06-19 13:08:10,453 [f58b4837-0c66-44b2-8a93-771d4ee68852@group-4B1326E0106C-LeaderElection66] INFO  impl.LeaderElection (LogUtils.java:infoOrTrace(137)) -   Exception 1: java.util.concurrent.ExecutionException: org.apache.ratis.thirdparty.io.grpc.StatusRuntimeException: UNAVAILABLE: io exception
2022-06-19 13:08:10,453 [f58b4837-0c66-44b2-8a93-771d4ee68852@group-4B1326E0106C-LeaderElection66] INFO  impl.LeaderElection (LeaderElection.java:askForVotes(312)) - f58b4837-0c66-44b2-8a93-771d4ee68852@group-4B1326E0106C-LeaderElection66 ELECTION round 0: result REJECTED
2022-06-19 13:08:10,453 [f58b4837-0c66-44b2-8a93-771d4ee68852@group-4B1326E0106C-LeaderElection66] INFO  server.RaftServer$Division (RaftServerImpl.java:setRole(299)) - f58b4837-0c66-44b2-8a93-771d4ee68852@group-4B1326E0106C: changes role from CANDIDATE to FOLLOWER at term 6 for REJECTED
2022-06-19 13:08:10,453 [f58b4837-0c66-44b2-8a93-771d4ee68852@group-4B1326E0106C-LeaderElection66] INFO  impl.RoleInfo (RoleInfo.java:shutdownLeaderElection(130)) - f58b4837-0c66-44b2-8a93-771d4ee68852: shutdown f58b4837-0c66-44b2-8a93-771d4ee68852@group-4B1326E0106C-LeaderElection66
2022-06-19 13:08:10,453 [f58b4837-0c66-44b2-8a93-771d4ee68852@group-4B1326E0106C-LeaderElection66] INFO  impl.RoleInfo (RoleInfo.java:updateAndGet(139)) - f58b4837-0c66-44b2-8a93-771d4ee68852: start f58b4837-0c66-44b2-8a93-771d4ee68852@group-4B1326E0106C-FollowerState
2022-06-19 13:08:13,404 [f58b4837-0c66-44b2-8a93-771d4ee68852@group-E9FCCFD5F858-FollowerState] INFO  impl.FollowerState (FollowerState.java:lostMajorityHeartbeatsRecently(108)) - f58b4837-0c66-44b2-8a93-771d4ee68852@group-E9FCCFD5F858-FollowerState: Skipping leader election since it stepped down recently (elapsed = 5127ms < waitTime = 10s)
2022-06-19 13:08:13,793 [ForkJoinPool.commonPool-worker-1] INFO  ozoneimpl.OzoneContainer (OzoneContainer.java:stop(365)) - Attempting to stop container services.
2022-06-19 13:08:13,797 [ForkJoinPool.commonPool-worker-1] INFO  server.RaftServer (RaftServerProxy.java:lambda$close$7(398)) - f58b4837-0c66-44b2-8a93-771d4ee68852: close
2022-06-19 13:08:13,798 [ForkJoinPool.commonPool-worker-1] INFO  server.RaftServer$Division (RaftServerImpl.java:lambda$close$4(434)) - f58b4837-0c66-44b2-8a93-771d4ee68852@group-E9FCCFD5F858: shutdown
2022-06-19 13:08:13,798 [ForkJoinPool.commonPool-worker-1] INFO  util.JmxRegister (JmxRegister.java:unregister(73)) - Successfully un-registered JMX Bean with object name Ratis:service=RaftServer,group=group-E9FCCFD5F858,id=f58b4837-0c66-44b2-8a93-771d4ee68852
2022-06-19 13:08:13,798 [ForkJoinPool.commonPool-worker-1] INFO  impl.RoleInfo (RoleInfo.java:shutdownFollowerState(110)) - f58b4837-0c66-44b2-8a93-771d4ee68852: shutdown f58b4837-0c66-44b2-8a93-771d4ee68852@group-E9FCCFD5F858-FollowerState
2022-06-19 13:08:13,798 [ForkJoinPool.commonPool-worker-1] INFO  impl.StateMachineUpdater (StateMachineUpdater.java:stopAndJoin(153)) - f58b4837-0c66-44b2-8a93-771d4ee68852@group-E9FCCFD5F858-StateMachineUpdater: set stopIndex = 25
2022-06-19 13:08:13,798 [f58b4837-0c66-44b2-8a93-771d4ee68852@group-E9FCCFD5F858-FollowerState] INFO  impl.FollowerState (FollowerState.java:run(152)) - f58b4837-0c66-44b2-8a93-771d4ee68852@group-E9FCCFD5F858-FollowerState was interrupted
2022-06-19 13:08:13,799 [f58b4837-0c66-44b2-8a93-771d4ee68852@group-E9FCCFD5F858-StateMachineUpdater] INFO  ratis.ContainerStateMachine (ContainerStateMachine.java:takeSnapshot(304)) - group-E9FCCFD5F858: Taking a snapshot at:(t:4, i:25) file /home/runner/work/ozone/ozone/hadoop-ozone/integration-test/target/test-dir/MiniOzoneClusterImpl-5e5aab19-8c77-4507-a351-bf1456ba08e7/datanode-0/data/ratis/e5584b9a-d2d2-4eb6-afa1-e9fccfd5f858/sm/snapshot.4_25
2022-06-19 13:08:13,805 [f58b4837-0c66-44b2-8a93-771d4ee68852@group-E9FCCFD5F858-StateMachineUpdater] INFO  ratis.ContainerStateMachine (ContainerStateMachine.java:takeSnapshot(315)) - group-E9FCCFD5F858: Finished taking a snapshot at:(t:4, i:25) file:/home/runner/work/ozone/ozone/hadoop-ozone/integration-test/target/test-dir/MiniOzoneClusterImpl-5e5aab19-8c77-4507-a351-bf1456ba08e7/datanode-0/data/ratis/e5584b9a-d2d2-4eb6-afa1-e9fccfd5f858/sm/snapshot.4_25 took: 6 ms
2022-06-19 13:08:13,805 [f58b4837-0c66-44b2-8a93-771d4ee68852@group-E9FCCFD5F858-StateMachineUpdater] INFO  impl.StateMachineUpdater (StateMachineUpdater.java:takeSnapshot(287)) - f58b4837-0c66-44b2-8a93-771d4ee68852@group-E9FCCFD5F858-StateMachineUpdater: Took a snapshot at index 25
2022-06-19 13:08:13,805 [f58b4837-0c66-44b2-8a93-771d4ee68852@group-E9FCCFD5F858-StateMachineUpdater] INFO  impl.StateMachineUpdater (StateMachineUpdater.java:lambda$new$0(92)) - f58b4837-0c66-44b2-8a93-771d4ee68852@group-E9FCCFD5F858-StateMachineUpdater: snapshotIndex: updateIncreasingly -1 -> 25
2022-06-19 13:08:13,806 [ForkJoinPool.commonPool-worker-1] INFO  server.RaftServer$Division (ServerState.java:close(429)) - f58b4837-0c66-44b2-8a93-771d4ee68852@group-E9FCCFD5F858: closes. applyIndex: 25
2022-06-19 13:08:13,806 [f58b4837-0c66-44b2-8a93-771d4ee68852@group-E9FCCFD5F858-SegmentedRaftLogWorker] INFO  segmented.SegmentedRaftLogWorker (SegmentedRaftLogWorker.java:run(336)) - f58b4837-0c66-44b2-8a93-771d4ee68852@group-E9FCCFD5F858-SegmentedRaftLogWorker was interrupted, exiting. There are 0 tasks remaining in the queue.
2022-06-19 13:08:13,807 [ForkJoinPool.commonPool-worker-1] INFO  segmented.SegmentedRaftLogWorker (SegmentedRaftLogWorker.java:close(246)) - f58b4837-0c66-44b2-8a93-771d4ee68852@group-E9FCCFD5F858-SegmentedRaftLogWorker close()
2022-06-19 13:08:13,808 [ForkJoinPool.commonPool-worker-1] INFO  server.RaftServer$Division (RaftServerImpl.java:lambda$close$4(434)) - f58b4837-0c66-44b2-8a93-771d4ee68852@group-0D818BC3E93C: shutdown
2022-06-19 13:08:13,808 [ForkJoinPool.commonPool-worker-1] INFO  util.JmxRegister (JmxRegister.java:unregister(73)) - Successfully un-registered JMX Bean with object name Ratis:service=RaftServer,group=group-0D818BC3E93C,id=f58b4837-0c66-44b2-8a93-771d4ee68852
2022-06-19 13:08:13,808 [ForkJoinPool.commonPool-worker-1] INFO  impl.RoleInfo (RoleInfo.java:shutdownLeaderState(93)) - f58b4837-0c66-44b2-8a93-771d4ee68852: shutdown f58b4837-0c66-44b2-8a93-771d4ee68852@group-0D818BC3E93C-LeaderStateImpl
2022-06-19 13:08:13,808 [ForkJoinPool.commonPool-worker-1] INFO  impl.PendingRequests (PendingRequests.java:sendNotLeaderResponses(282)) - f58b4837-0c66-44b2-8a93-771d4ee68852@group-0D818BC3E93C-PendingRequests: sendNotLeaderResponses
2022-06-19 13:08:13,808 [ForkJoinPool.commonPool-worker-1] INFO  impl.StateMachineUpdater (StateMachineUpdater.java:stopAndJoin(153)) - f58b4837-0c66-44b2-8a93-771d4ee68852@group-0D818BC3E93C-StateMachineUpdater: set stopIndex = 0
2022-06-19 13:08:13,809 [f58b4837-0c66-44b2-8a93-771d4ee68852@group-0D818BC3E93C-StateMachineUpdater] INFO  ratis.ContainerStateMachine (ContainerStateMachine.java:takeSnapshot(304)) - group-0D818BC3E93C: Taking a snapshot at:(t:1, i:0) file /home/runner/work/ozone/ozone/hadoop-ozone/integration-test/target/test-dir/MiniOzoneClusterImpl-5e5aab19-8c77-4507-a351-bf1456ba08e7/datanode-0/data/ratis/61cef501-dc2a-473c-8e1e-0d818bc3e93c/sm/snapshot.1_0
2022-06-19 13:08:13,813 [f58b4837-0c66-44b2-8a93-771d4ee68852@group-0D818BC3E93C-StateMachineUpdater] INFO  ratis.ContainerStateMachine (ContainerStateMachine.java:takeSnapshot(315)) - group-0D818BC3E93C: Finished taking a snapshot at:(t:1, i:0) file:/home/runner/work/ozone/ozone/hadoop-ozone/integration-test/target/test-dir/MiniOzoneClusterImpl-5e5aab19-8c77-4507-a351-bf1456ba08e7/datanode-0/data/ratis/61cef501-dc2a-473c-8e1e-0d818bc3e93c/sm/snapshot.1_0 took: 4 ms
2022-06-19 13:08:13,813 [f58b4837-0c66-44b2-8a93-771d4ee68852@group-0D818BC3E93C-StateMachineUpdater] INFO  impl.StateMachineUpdater (StateMachineUpdater.java:takeSnapshot(287)) - f58b4837-0c66-44b2-8a93-771d4ee68852@group-0D818BC3E93C-StateMachineUpdater: Took a snapshot at index 0
2022-06-19 13:08:13,813 [f58b4837-0c66-44b2-8a93-771d4ee68852@group-0D818BC3E93C-StateMachineUpdater] INFO  impl.StateMachineUpdater (StateMachineUpdater.java:lambda$new$0(92)) - f58b4837-0c66-44b2-8a93-771d4ee68852@group-0D818BC3E93C-StateMachineUpdater: snapshotIndex: updateIncreasingly -1 -> 0
2022-06-19 13:08:13,813 [Listener at 127.0.0.1/41441] INFO  ozoneimpl.OzoneContainer (OzoneContainer.java:stop(365)) - Attempting to stop container services.
2022-06-19 13:08:13,817 [Listener at 127.0.0.1/41441] INFO  server.RaftServer (RaftServerProxy.java:lambda$close$7(398)) - 65c965c6-3530-4780-9baf-ab355d813d9a: close
2022-06-19 13:08:13,817 [Listener at 127.0.0.1/41441] INFO  server.RaftServer$Division (RaftServerImpl.java:lambda$close$4(434)) - 65c965c6-3530-4780-9baf-ab355d813d9a@group-90788122FD49: shutdown
2022-06-19 13:08:13,818 [Listener at 127.0.0.1/41441] INFO  util.JmxRegister (JmxRegister.java:unregister(73)) - Successfully un-registered JMX Bean with object name Ratis:service=RaftServer,group=group-90788122FD49,id=65c965c6-3530-4780-9baf-ab355d813d9a
2022-06-19 13:08:13,818 [Listener at 127.0.0.1/41441] INFO  impl.RoleInfo (RoleInfo.java:shutdownLeaderState(93)) - 65c965c6-3530-4780-9baf-ab355d813d9a: shutdown 65c965c6-3530-4780-9baf-ab355d813d9a@group-90788122FD49-LeaderStateImpl
2022-06-19 13:08:13,818 [Listener at 127.0.0.1/41441] INFO  impl.PendingRequests (PendingRequests.java:sendNotLeaderResponses(282)) - 65c965c6-3530-4780-9baf-ab355d813d9a@group-90788122FD49-PendingRequests: sendNotLeaderResponses
2022-06-19 13:08:13,818 [Listener at 127.0.0.1/41441] INFO  impl.StateMachineUpdater (StateMachineUpdater.java:stopAndJoin(153)) - 65c965c6-3530-4780-9baf-ab355d813d9a@group-90788122FD49-StateMachineUpdater: set stopIndex = 0
2022-06-19 13:08:13,819 [65c965c6-3530-4780-9baf-ab355d813d9a@group-90788122FD49-StateMachineUpdater] INFO  ratis.ContainerStateMachine (ContainerStateMachine.java:takeSnapshot(304)) - group-90788122FD49: Taking a snapshot at:(t:1, i:0) file /home/runner/work/ozone/ozone/hadoop-ozone/integration-test/target/test-dir/MiniOzoneClusterImpl-5e5aab19-8c77-4507-a351-bf1456ba08e7/datanode-4/data/ratis/db95a96e-4c59-444a-ac55-90788122fd49/sm/snapshot.1_0
2022-06-19 13:08:13,821 [65c965c6-3530-4780-9baf-ab355d813d9a@group-90788122FD49-StateMachineUpdater] INFO  ratis.ContainerStateMachine (ContainerStateMachine.java:takeSnapshot(315)) - group-90788122FD49: Finished taking a snapshot at:(t:1, i:0) file:/home/runner/work/ozone/ozone/hadoop-ozone/integration-test/target/test-dir/MiniOzoneClusterImpl-5e5aab19-8c77-4507-a351-bf1456ba08e7/datanode-4/data/ratis/db95a96e-4c59-444a-ac55-90788122fd49/sm/snapshot.1_0 took: 2 ms
2022-06-19 13:08:13,821 [65c965c6-3530-4780-9baf-ab355d813d9a@group-90788122FD49-StateMachineUpdater] INFO  impl.StateMachineUpdater (StateMachineUpdater.java:takeSnapshot(287)) - 65c965c6-3530-4780-9baf-ab355d813d9a@group-90788122FD49-StateMachineUpdater: Took a snapshot at index 0
2022-06-19 13:08:13,821 [65c965c6-3530-4780-9baf-ab355d813d9a@group-90788122FD49-StateMachineUpdater] INFO  impl.StateMachineUpdater (StateMachineUpdater.java:lambda$new$0(92)) - 65c965c6-3530-4780-9baf-ab355d813d9a@group-90788122FD49-StateMachineUpdater: snapshotIndex: updateIncreasingly -1 -> 0
2022-06-19 13:08:13,825 [ForkJoinPool.commonPool-worker-1] INFO  server.RaftServer$Division (ServerState.java:close(429)) - f58b4837-0c66-44b2-8a93-771d4ee68852@group-0D818BC3E93C: closes. applyIndex: 0
2022-06-19 13:08:13,825 [f58b4837-0c66-44b2-8a93-771d4ee68852@group-0D818BC3E93C-SegmentedRaftLogWorker] INFO  segmented.SegmentedRaftLogWorker (SegmentedRaftLogWorker.java:run(336)) - f58b4837-0c66-44b2-8a93-771d4ee68852@group-0D818BC3E93C-SegmentedRaftLogWorker was interrupted, exiting. There are 0 tasks remaining in the queue.
2022-06-19 13:08:13,825 [ForkJoinPool.commonPool-worker-1] INFO  segmented.SegmentedRaftLogWorker (SegmentedRaftLogWorker.java:close(246)) - f58b4837-0c66-44b2-8a93-771d4ee68852@group-0D818BC3E93C-SegmentedRaftLogWorker close()
2022-06-19 13:08:13,826 [ForkJoinPool.commonPool-worker-1] INFO  server.RaftServer$Division (RaftServerImpl.java:lambda$close$4(434)) - f58b4837-0c66-44b2-8a93-771d4ee68852@group-4B1326E0106C: shutdown
2022-06-19 13:08:13,826 [ForkJoinPool.commonPool-worker-1] INFO  util.JmxRegister (JmxRegister.java:unregister(73)) - Successfully un-registered JMX Bean with object name Ratis:service=RaftServer,group=group-4B1326E0106C,id=f58b4837-0c66-44b2-8a93-771d4ee68852
2022-06-19 13:08:13,826 [ForkJoinPool.commonPool-worker-1] INFO  impl.RoleInfo (RoleInfo.java:shutdownFollowerState(110)) - f58b4837-0c66-44b2-8a93-771d4ee68852: shutdown f58b4837-0c66-44b2-8a93-771d4ee68852@group-4B1326E0106C-FollowerState
2022-06-19 13:08:13,827 [f58b4837-0c66-44b2-8a93-771d4ee68852@group-4B1326E0106C-FollowerState] INFO  impl.FollowerState (FollowerState.java:run(152)) - f58b4837-0c66-44b2-8a93-771d4ee68852@group-4B1326E0106C-FollowerState was interrupted
2022-06-19 13:08:13,834 [f58b4837-0c66-44b2-8a93-771d4ee68852@group-4B1326E0106C-StateMachineUpdater] INFO  ratis.ContainerStateMachine (ContainerStateMachine.java:takeSnapshot(304)) - group-4B1326E0106C: Taking a snapshot at:(t:5, i:3) file /home/runner/work/ozone/ozone/hadoop-ozone/integration-test/target/test-dir/MiniOzoneClusterImpl-5e5aab19-8c77-4507-a351-bf1456ba08e7/datanode-0/data/ratis/c18d5809-88fd-4f34-b0e8-4b1326e0106c/sm/snapshot.5_3
2022-06-19 13:08:13,834 [ForkJoinPool.commonPool-worker-1] INFO  impl.StateMachineUpdater (StateMachineUpdater.java:stopAndJoin(153)) - f58b4837-0c66-44b2-8a93-771d4ee68852@group-4B1326E0106C-StateMachineUpdater: set stopIndex = 3
2022-06-19 13:08:13,835 [f58b4837-0c66-44b2-8a93-771d4ee68852@group-4B1326E0106C-StateMachineUpdater] INFO  ratis.ContainerStateMachine (ContainerStateMachine.java:takeSnapshot(315)) - group-4B1326E0106C: Finished taking a snapshot at:(t:5, i:3) file:/home/runner/work/ozone/ozone/hadoop-ozone/integration-test/target/test-dir/MiniOzoneClusterImpl-5e5aab19-8c77-4507-a351-bf1456ba08e7/datanode-0/data/ratis/c18d5809-88fd-4f34-b0e8-4b1326e0106c/sm/snapshot.5_3 took: 2 ms
2022-06-19 13:08:13,836 [f58b4837-0c66-44b2-8a93-771d4ee68852@group-4B1326E0106C-StateMachineUpdater] INFO  impl.StateMachineUpdater (StateMachineUpdater.java:takeSnapshot(287)) - f58b4837-0c66-44b2-8a93-771d4ee68852@group-4B1326E0106C-StateMachineUpdater: Took a snapshot at index 3
2022-06-19 13:08:13,836 [f58b4837-0c66-44b2-8a93-771d4ee68852@group-4B1326E0106C-StateMachineUpdater] INFO  impl.StateMachineUpdater (StateMachineUpdater.java:lambda$new$0(92)) - f58b4837-0c66-44b2-8a93-771d4ee68852@group-4B1326E0106C-StateMachineUpdater: snapshotIndex: updateIncreasingly -1 -> 3
2022-06-19 13:08:13,836 [ForkJoinPool.commonPool-worker-1] INFO  server.RaftServer$Division (ServerState.java:close(429)) - f58b4837-0c66-44b2-8a93-771d4ee68852@group-4B1326E0106C: closes. applyIndex: 3
2022-06-19 13:08:13,836 [f58b4837-0c66-44b2-8a93-771d4ee68852@group-4B1326E0106C-SegmentedRaftLogWorker] INFO  segmented.SegmentedRaftLogWorker (SegmentedRaftLogWorker.java:run(336)) - f58b4837-0c66-44b2-8a93-771d4ee68852@group-4B1326E0106C-SegmentedRaftLogWorker was interrupted, exiting. There are 0 tasks remaining in the queue.
2022-06-19 13:08:13,836 [ForkJoinPool.commonPool-worker-1] INFO  segmented.SegmentedRaftLogWorker (SegmentedRaftLogWorker.java:close(246)) - f58b4837-0c66-44b2-8a93-771d4ee68852@group-4B1326E0106C-SegmentedRaftLogWorker close()
2022-06-19 13:08:13,837 [ForkJoinPool.commonPool-worker-1] INFO  server.GrpcService (GrpcService.java:closeImpl(269)) - f58b4837-0c66-44b2-8a93-771d4ee68852: shutdown server with port 34339 now
2022-06-19 13:08:13,839 [ForkJoinPool.commonPool-worker-1] INFO  server.GrpcService (GrpcService.java:closeImpl(278)) - f58b4837-0c66-44b2-8a93-771d4ee68852: shutdown server with port 34339 successfully
2022-06-19 13:08:13,846 [Listener at 127.0.0.1/41441] INFO  server.RaftServer$Division (ServerState.java:close(429)) - 65c965c6-3530-4780-9baf-ab355d813d9a@group-90788122FD49: closes. applyIndex: 0
2022-06-19 13:08:13,846 [65c965c6-3530-4780-9baf-ab355d813d9a@group-90788122FD49-SegmentedRaftLogWorker] INFO  segmented.SegmentedRaftLogWorker (SegmentedRaftLogWorker.java:run(336)) - 65c965c6-3530-4780-9baf-ab355d813d9a@group-90788122FD49-SegmentedRaftLogWorker was interrupted, exiting. There are 0 tasks remaining in the queue.
2022-06-19 13:08:13,846 [Listener at 127.0.0.1/41441] INFO  segmented.SegmentedRaftLogWorker (SegmentedRaftLogWorker.java:close(246)) - 65c965c6-3530-4780-9baf-ab355d813d9a@group-90788122FD49-SegmentedRaftLogWorker close()
2022-06-19 13:08:13,853 [Listener at 127.0.0.1/41441] INFO  server.GrpcService (GrpcService.java:closeImpl(269)) - 65c965c6-3530-4780-9baf-ab355d813d9a: shutdown server with port 43667 now
2022-06-19 13:08:13,853 [Listener at 127.0.0.1/41441] INFO  server.GrpcService (GrpcService.java:closeImpl(278)) - 65c965c6-3530-4780-9baf-ab355d813d9a: shutdown server with port 43667 successfully
2022-06-19 13:08:13,857 [org.apache.ratis.util.JvmPauseMonitor$$Lambda$627/819749933@77277474] INFO  util.JvmPauseMonitor (JvmPauseMonitor.java:run(109)) - JvmPauseMonitor-65c965c6-3530-4780-9baf-ab355d813d9a: Stopped
2022-06-19 13:08:13,877 [org.apache.ratis.util.JvmPauseMonitor$$Lambda$627/819749933@5383aba6] INFO  util.JvmPauseMonitor (JvmPauseMonitor.java:run(109)) - JvmPauseMonitor-f58b4837-0c66-44b2-8a93-771d4ee68852: Stopped
2022-06-19 13:08:15,925 [Listener at 127.0.0.1/41441] INFO  utils.BackgroundService (BackgroundService.java:shutdown(132)) - Shutting down service BlockDeletingService
2022-06-19 13:08:15,934 [ForkJoinPool.commonPool-worker-1] INFO  utils.BackgroundService (BackgroundService.java:shutdown(132)) - Shutting down service BlockDeletingService
2022-06-19 13:08:18,946 [ForkJoinPool.commonPool-worker-1] INFO  statemachine.DatanodeStateMachine (DatanodeStateMachine.java:stopDaemon(580)) - Ozone container server stopped.
2022-06-19 13:08:18,997 [Listener at 127.0.0.1/41441] INFO  statemachine.DatanodeStateMachine (DatanodeStateMachine.java:stopDaemon(580)) - Ozone container server stopped.
2022-06-19 13:08:19,005 [Listener at 127.0.0.1/41441] INFO  handler.ContextHandler (ContextHandler.java:doStop(1153)) - Stopped o.e.j.w.WebAppContext@2c4a841d{hddsDatanode,/,null,STOPPED}{jar:file:/home/runner/.m2/repository/org/apache/ozone/hdds-container-service/1.3.0-SNAPSHOT/hdds-container-service-1.3.0-SNAPSHOT.jar!/webapps/hddsDatanode}
2022-06-19 13:08:19,019 [Listener at 127.0.0.1/41441] INFO  server.AbstractConnector (AbstractConnector.java:doStop(381)) - Stopped ServerConnector@5b04452{HTTP/1.1, (http/1.1)}{0.0.0.0:0}
2022-06-19 13:08:19,020 [Listener at 127.0.0.1/41441] INFO  server.session (HouseKeeper.java:stopScavenging(149)) - node0 Stopped scavenging
2022-06-19 13:08:19,020 [Listener at 127.0.0.1/41441] INFO  handler.ContextHandler (ContextHandler.java:doStop(1153)) - Stopped o.e.j.s.ServletContextHandler@32d23b16{static,/static,jar:file:/home/runner/.m2/repository/org/apache/ozone/hdds-container-service/1.3.0-SNAPSHOT/hdds-container-service-1.3.0-SNAPSHOT.jar!/webapps/static,STOPPED}
2022-06-19 13:08:19,020 [Listener at 127.0.0.1/41441] INFO  handler.ContextHandler (ContextHandler.java:doStop(1153)) - Stopped o.e.j.s.ServletContextHandler@52a62ecd{logs,/logs,file:///home/runner/work/ozone/ozone/hadoop-ozone/integration-test/target/log,STOPPED}
2022-06-19 13:08:19,025 [ForkJoinPool.commonPool-worker-1] INFO  handler.ContextHandler (ContextHandler.java:doStop(1153)) - Stopped o.e.j.w.WebAppContext@6e8de64a{hddsDatanode,/,null,STOPPED}{jar:file:/home/runner/.m2/repository/org/apache/ozone/hdds-container-service/1.3.0-SNAPSHOT/hdds-container-service-1.3.0-SNAPSHOT.jar!/webapps/hddsDatanode}
2022-06-19 13:08:19,026 [ForkJoinPool.commonPool-worker-1] INFO  server.AbstractConnector (AbstractConnector.java:doStop(381)) - Stopped ServerConnector@3d42a303{HTTP/1.1, (http/1.1)}{0.0.0.0:0}
2022-06-19 13:08:19,026 [ForkJoinPool.commonPool-worker-1] INFO  server.session (HouseKeeper.java:stopScavenging(149)) - node0 Stopped scavenging
2022-06-19 13:08:19,049 [ForkJoinPool.commonPool-worker-1] INFO  handler.ContextHandler (ContextHandler.java:doStop(1153)) - Stopped o.e.j.s.ServletContextHandler@127f9c8{static,/static,jar:file:/home/runner/.m2/repository/org/apache/ozone/hdds-container-service/1.3.0-SNAPSHOT/hdds-container-service-1.3.0-SNAPSHOT.jar!/webapps/static,STOPPED}
2022-06-19 13:08:19,053 [ForkJoinPool.commonPool-worker-1] INFO  handler.ContextHandler (ContextHandler.java:doStop(1153)) - Stopped o.e.j.s.ServletContextHandler@2af377af{logs,/logs,file:///home/runner/work/ozone/ozone/hadoop-ozone/integration-test/target/log,STOPPED}
2022-06-19 13:08:24,052 [Listener at 127.0.0.1/41441] INFO  ozoneimpl.OzoneContainer (OzoneContainer.java:stop(365)) - Attempting to stop container services.
2022-06-19 13:08:24,053 [Listener at 127.0.0.1/41441] INFO  server.RaftServer (RaftServerProxy.java:lambda$close$7(398)) - 2b5693b1-1164-40fb-9360-96156af093bf: close
2022-06-19 13:08:24,054 [Listener at 127.0.0.1/41441] INFO  server.RaftServer$Division (RaftServerImpl.java:lambda$close$4(434)) - 2b5693b1-1164-40fb-9360-96156af093bf@group-506688189E62: shutdown
2022-06-19 13:08:24,054 [Listener at 127.0.0.1/41441] INFO  util.JmxRegister (JmxRegister.java:unregister(73)) - Successfully un-registered JMX Bean with object name Ratis:service=RaftServer,group=group-506688189E62,id=2b5693b1-1164-40fb-9360-96156af093bf
2022-06-19 13:08:24,054 [Listener at 127.0.0.1/41441] INFO  impl.RoleInfo (RoleInfo.java:shutdownLeaderState(93)) - 2b5693b1-1164-40fb-9360-96156af093bf: shutdown 2b5693b1-1164-40fb-9360-96156af093bf@group-506688189E62-LeaderStateImpl
2022-06-19 13:08:24,054 [Listener at 127.0.0.1/41441] INFO  impl.PendingRequests (PendingRequests.java:sendNotLeaderResponses(282)) - 2b5693b1-1164-40fb-9360-96156af093bf@group-506688189E62-PendingRequests: sendNotLeaderResponses
2022-06-19 13:08:24,055 [Listener at 127.0.0.1/41441] INFO  impl.StateMachineUpdater (StateMachineUpdater.java:stopAndJoin(153)) - 2b5693b1-1164-40fb-9360-96156af093bf@group-506688189E62-StateMachineUpdater: set stopIndex = 0
2022-06-19 13:08:24,055 [2b5693b1-1164-40fb-9360-96156af093bf@group-506688189E62-StateMachineUpdater] INFO  ratis.ContainerStateMachine (ContainerStateMachine.java:takeSnapshot(304)) - group-506688189E62: Taking a snapshot at:(t:1, i:0) file /home/runner/work/ozone/ozone/hadoop-ozone/integration-test/target/test-dir/MiniOzoneClusterImpl-5e5aab19-8c77-4507-a351-bf1456ba08e7/datanode-3/data/ratis/a5f3c8ec-f674-4053-90ef-506688189e62/sm/snapshot.1_0
2022-06-19 13:08:24,059 [2b5693b1-1164-40fb-9360-96156af093bf@group-506688189E62-StateMachineUpdater] INFO  ratis.ContainerStateMachine (ContainerStateMachine.java:takeSnapshot(315)) - group-506688189E62: Finished taking a snapshot at:(t:1, i:0) file:/home/runner/work/ozone/ozone/hadoop-ozone/integration-test/target/test-dir/MiniOzoneClusterImpl-5e5aab19-8c77-4507-a351-bf1456ba08e7/datanode-3/data/ratis/a5f3c8ec-f674-4053-90ef-506688189e62/sm/snapshot.1_0 took: 4 ms
2022-06-19 13:08:24,059 [2b5693b1-1164-40fb-9360-96156af093bf@group-506688189E62-StateMachineUpdater] INFO  impl.StateMachineUpdater (StateMachineUpdater.java:takeSnapshot(287)) - 2b5693b1-1164-40fb-9360-96156af093bf@group-506688189E62-StateMachineUpdater: Took a snapshot at index 0
2022-06-19 13:08:24,059 [2b5693b1-1164-40fb-9360-96156af093bf@group-506688189E62-StateMachineUpdater] INFO  impl.StateMachineUpdater (StateMachineUpdater.java:lambda$new$0(92)) - 2b5693b1-1164-40fb-9360-96156af093bf@group-506688189E62-StateMachineUpdater: snapshotIndex: updateIncreasingly -1 -> 0
2022-06-19 13:08:24,065 [Listener at 127.0.0.1/41441] INFO  server.RaftServer$Division (ServerState.java:close(429)) - 2b5693b1-1164-40fb-9360-96156af093bf@group-506688189E62: closes. applyIndex: 0
2022-06-19 13:08:24,065 [2b5693b1-1164-40fb-9360-96156af093bf@group-506688189E62-SegmentedRaftLogWorker] INFO  segmented.SegmentedRaftLogWorker (SegmentedRaftLogWorker.java:run(336)) - 2b5693b1-1164-40fb-9360-96156af093bf@group-506688189E62-SegmentedRaftLogWorker was interrupted, exiting. There are 0 tasks remaining in the queue.
2022-06-19 13:08:24,066 [Listener at 127.0.0.1/41441] INFO  segmented.SegmentedRaftLogWorker (SegmentedRaftLogWorker.java:close(246)) - 2b5693b1-1164-40fb-9360-96156af093bf@group-506688189E62-SegmentedRaftLogWorker close()
2022-06-19 13:08:24,097 [Listener at 127.0.0.1/41441] INFO  server.GrpcService (GrpcService.java:closeImpl(269)) - 2b5693b1-1164-40fb-9360-96156af093bf: shutdown server with port 41151 now
2022-06-19 13:08:24,125 [Listener at 127.0.0.1/41441] INFO  server.GrpcService (GrpcService.java:closeImpl(278)) - 2b5693b1-1164-40fb-9360-96156af093bf: shutdown server with port 41151 successfully
2022-06-19 13:08:24,125 [org.apache.ratis.util.JvmPauseMonitor$$Lambda$627/819749933@511296d2] INFO  util.JvmPauseMonitor (JvmPauseMonitor.java:run(109)) - JvmPauseMonitor-2b5693b1-1164-40fb-9360-96156af093bf: Stopped
2022-06-19 13:08:26,187 [Listener at 127.0.0.1/41441] INFO  utils.BackgroundService (BackgroundService.java:shutdown(132)) - Shutting down service BlockDeletingService
2022-06-19 13:08:29,237 [Listener at 127.0.0.1/41441] INFO  statemachine.DatanodeStateMachine (DatanodeStateMachine.java:stopDaemon(580)) - Ozone container server stopped.
2022-06-19 13:08:29,249 [Listener at 127.0.0.1/41441] INFO  handler.ContextHandler (ContextHandler.java:doStop(1153)) - Stopped o.e.j.w.WebAppContext@4f1966e6{hddsDatanode,/,null,STOPPED}{jar:file:/home/runner/.m2/repository/org/apache/ozone/hdds-container-service/1.3.0-SNAPSHOT/hdds-container-service-1.3.0-SNAPSHOT.jar!/webapps/hddsDatanode}
2022-06-19 13:08:29,265 [Listener at 127.0.0.1/41441] INFO  server.AbstractConnector (AbstractConnector.java:doStop(381)) - Stopped ServerConnector@198e0d63{HTTP/1.1, (http/1.1)}{0.0.0.0:0}
2022-06-19 13:08:29,265 [Listener at 127.0.0.1/41441] INFO  server.session (HouseKeeper.java:stopScavenging(149)) - node0 Stopped scavenging
2022-06-19 13:08:29,265 [Listener at 127.0.0.1/41441] INFO  handler.ContextHandler (ContextHandler.java:doStop(1153)) - Stopped o.e.j.s.ServletContextHandler@1ffb6da1{static,/static,jar:file:/home/runner/.m2/repository/org/apache/ozone/hdds-container-service/1.3.0-SNAPSHOT/hdds-container-service-1.3.0-SNAPSHOT.jar!/webapps/static,STOPPED}
2022-06-19 13:08:29,265 [Listener at 127.0.0.1/41441] INFO  handler.ContextHandler (ContextHandler.java:doStop(1153)) - Stopped o.e.j.s.ServletContextHandler@7cad7d48{logs,/logs,file:///home/runner/work/ozone/ozone/hadoop-ozone/integration-test/target/log,STOPPED}
2022-06-19 13:08:29,270 [Listener at 127.0.0.1/41441] INFO  ozone.MiniOzoneClusterImpl (MiniOzoneClusterImpl.java:stopSCM(545)) - Stopping the StorageContainerManager
2022-06-19 13:08:29,270 [Listener at 127.0.0.1/41441] INFO  server.StorageContainerManager (StorageContainerManager.java:stop(1501)) - Container Balancer is not running.
2022-06-19 13:08:29,270 [Listener at 127.0.0.1/41441] INFO  server.StorageContainerManager (StorageContainerManager.java:stop(1508)) - Stopping Replication Manager Service.
2022-06-19 13:08:29,270 [Listener at 127.0.0.1/41441] INFO  replication.ReplicationManager (ReplicationManager.java:stop(212)) - Stopping Replication Monitor Thread.
2022-06-19 13:08:29,270 [Listener at 127.0.0.1/41441] INFO  server.StorageContainerManager (StorageContainerManager.java:stop(1515)) - Stopping the Datanode Admin Monitor.
2022-06-19 13:08:29,270 [ReplicationMonitor] INFO  replication.ReplicationManager (ReplicationManager.java:run(270)) - Replication Monitor Thread is stopped
2022-06-19 13:08:29,271 [Listener at 127.0.0.1/41441] INFO  server.StorageContainerManager (StorageContainerManager.java:stop(1522)) - Stopping Lease Manager of the command watchers
2022-06-19 13:08:29,271 [Listener at 127.0.0.1/41441] INFO  server.StorageContainerManager (StorageContainerManager.java:stop(1529)) - Stopping datanode service RPC server
2022-06-19 13:08:29,271 [Listener at 127.0.0.1/41441] INFO  server.SCMDatanodeProtocolServer (SCMDatanodeProtocolServer.java:stop(400)) - Stopping the RPC server for DataNodes
2022-06-19 13:08:29,271 [Listener at 127.0.0.1/41441] INFO  ipc.Server (Server.java:stop(3414)) - Stopping server on 38365
2022-06-19 13:08:29,271 [IPC Server listener on 0] INFO  ipc.Server (Server.java:run(1376)) - Stopping IPC Server listener on 0
2022-06-19 13:08:29,318 [IPC Server Responder] INFO  ipc.Server (Server.java:run(1512)) - Stopping IPC Server Responder
2022-06-19 13:08:29,377 [SCM Heartbeat Processing Thread - 0] WARN  node.NodeStateManager (NodeStateManager.java:scheduleNextHealthCheck(848)) - Current Thread is interrupted, shutting down HB processing thread for Node Manager.
2022-06-19 13:08:29,377 [Listener at 127.0.0.1/41441] INFO  server.StorageContainerManager (StorageContainerManager.java:stop(1537)) - Stopping block service RPC server
2022-06-19 13:08:29,377 [Listener at 127.0.0.1/41441] INFO  server.SCMBlockProtocolServer (SCMBlockProtocolServer.java:stop(160)) - Stopping the RPC server for Block Protocol
2022-06-19 13:08:29,377 [Listener at 127.0.0.1/41441] INFO  ipc.Server (Server.java:stop(3414)) - Stopping server on 43127
2022-06-19 13:08:29,385 [IPC Server listener on 0] INFO  ipc.Server (Server.java:run(1376)) - Stopping IPC Server listener on 0
2022-06-19 13:08:29,385 [Listener at 127.0.0.1/41441] INFO  server.StorageContainerManager (StorageContainerManager.java:stop(1544)) - Stopping the StorageContainerLocationProtocol RPC server
2022-06-19 13:08:29,385 [IPC Server Responder] INFO  ipc.Server (Server.java:run(1512)) - Stopping IPC Server Responder
2022-06-19 13:08:29,386 [Listener at 127.0.0.1/41441] INFO  server.SCMClientProtocolServer (SCMClientProtocolServer.java:stop(178)) - Stopping the RPC server for Client Protocol
2022-06-19 13:08:29,386 [Listener at 127.0.0.1/41441] INFO  ipc.Server (Server.java:stop(3414)) - Stopping server on 35701
2022-06-19 13:08:29,443 [Listener at 127.0.0.1/41441] INFO  server.StorageContainerManager (StorageContainerManager.java:stop(1551)) - Stopping Storage Container Manager HTTP server.
2022-06-19 13:08:29,444 [Listener at 127.0.0.1/41441] INFO  handler.ContextHandler (ContextHandler.java:doStop(1153)) - Stopped o.e.j.w.WebAppContext@4428db34{scm,/,null,STOPPED}{file:/home/runner/work/ozone/ozone/hadoop-ozone/integration-test/target/test-classes/webapps/scm}
2022-06-19 13:08:29,444 [IPC Server Responder] INFO  ipc.Server (Server.java:run(1512)) - Stopping IPC Server Responder
2022-06-19 13:08:29,445 [IPC Server listener on 0] INFO  ipc.Server (Server.java:run(1376)) - Stopping IPC Server listener on 0
2022-06-19 13:08:29,481 [Listener at 127.0.0.1/41441] INFO  server.AbstractConnector (AbstractConnector.java:doStop(381)) - Stopped ServerConnector@2fa483c1{HTTP/1.1, (http/1.1)}{0.0.0.0:0}
2022-06-19 13:08:29,482 [Listener at 127.0.0.1/41441] INFO  server.session (HouseKeeper.java:stopScavenging(149)) - node0 Stopped scavenging
2022-06-19 13:08:29,482 [Listener at 127.0.0.1/41441] INFO  handler.ContextHandler (ContextHandler.java:doStop(1153)) - Stopped o.e.j.s.ServletContextHandler@470602f8{static,/static,file:///home/runner/work/ozone/ozone/hadoop-ozone/integration-test/target/test-classes/webapps/static,STOPPED}
2022-06-19 13:08:29,482 [Listener at 127.0.0.1/41441] INFO  handler.ContextHandler (ContextHandler.java:doStop(1153)) - Stopped o.e.j.s.ServletContextHandler@29c76aad{logs,/logs,file:///home/runner/work/ozone/ozone/hadoop-ozone/integration-test/target/log,STOPPED}
2022-06-19 13:08:29,483 [Listener at 127.0.0.1/41441] INFO  server.StorageContainerManager (StorageContainerManager.java:stop(1562)) - Stopping Block Manager Service.
2022-06-19 13:08:29,483 [Listener at 127.0.0.1/41441] INFO  utils.BackgroundService (BackgroundService.java:shutdown(132)) - Shutting down service SCMBlockDeletingService
2022-06-19 13:08:29,483 [Listener at 127.0.0.1/41441] INFO  utils.BackgroundService (BackgroundService.java:shutdown(132)) - Shutting down service SCMBlockDeletingService
2022-06-19 13:08:29,483 [Listener at 127.0.0.1/41441] INFO  server.StorageContainerManager (StorageContainerManager.java:stop(1589)) - Stopping SCM Event Queue.
2022-06-19 13:08:29,486 [Listener at 127.0.0.1/41441] INFO  server.StorageContainerManager (StorageContainerManager.java:stop(1600)) - Stopping SCM HA services.
2022-06-19 13:08:29,486 [Listener at 127.0.0.1/41441] INFO  pipeline.BackgroundPipelineCreator (BackgroundPipelineCreator.java:stop(150)) - Stopping RatisPipelineUtilsThread.
2022-06-19 13:08:29,486 [RatisPipelineUtilsThread - 0] WARN  pipeline.BackgroundPipelineCreator (BackgroundPipelineCreator.java:run(177)) - RatisPipelineUtilsThread is interrupted.
2022-06-19 13:08:29,513 [Listener at 127.0.0.1/41441] INFO  BackgroundPipelineScrubber (BackgroundSCMService.java:stop(126)) - Stopping BackgroundPipelineScrubber Service.
2022-06-19 13:08:29,513 [Listener at 127.0.0.1/41441] INFO  server.StorageContainerManager (StorageContainerManager.java:stop(1610)) - Stopping SCM MetadataStore.
2022-06-19 13:08:29,513 [BackgroundPipelineScrubberThread] WARN  BackgroundPipelineScrubber (BackgroundSCMService.java:run(110)) - BackgroundPipelineScrubber is interrupted, exit
2022-06-19 13:08:29,515 [Listener at 127.0.0.1/41441] INFO  impl.MetricsSystemImpl (MetricsSystemImpl.java:stop(210)) - Stopping HddsDatanode metrics system...
2022-06-19 13:08:29,526 [prometheus] INFO  impl.MetricsSinkAdapter (MetricsSinkAdapter.java:publishMetricsFromQueue(141)) - prometheus thread interrupted.
2022-06-19 13:08:29,526 [Listener at 127.0.0.1/41441] INFO  impl.MetricsSystemImpl (MetricsSystemImpl.java:stop(216)) - HddsDatanode metrics system stopped.
2022-06-19 13:08:29,701 [Listener at 127.0.0.1/41441] WARN  server.ServerUtils (ServerUtils.java:getScmDbDir(148)) - ozone.scm.db.dirs is not configured. We recommend adding this setting. Falling back to ozone.metadata.dirs instead.
2022-06-19 13:08:29,711 [Listener at 127.0.0.1/41441] INFO  ha.SCMHANodeDetails (SCMHANodeDetails.java:loadSCMHAConfig(160)) - ServiceID for StorageContainerManager is null
2022-06-19 13:08:29,711 [Listener at 127.0.0.1/41441] INFO  ha.SCMHANodeDetails (SCMHANodeDetails.java:loadSCMHAConfig(165)) - ozone.scm.default.service.id is not defined, falling back to ozone.scm.service.ids to find serviceID for StorageContainerManager if it is HA enabled cluster
2022-06-19 13:08:29,715 [Listener at 127.0.0.1/41441] WARN  server.ServerUtils (ServerUtils.java:getScmDbDir(148)) - ozone.scm.db.dirs is not configured. We recommend adding this setting. Falling back to ozone.metadata.dirs instead.
2022-06-19 13:08:29,715 [Listener at 127.0.0.1/41441] WARN  utils.HAUtils (HAUtils.java:getMetaDir(342)) - ozone.scm.db.dirs is not configured. We recommend adding this setting. Falling back to ozone.metadata.dirs instead.
2022-06-19 13:08:29,716 [Listener at 127.0.0.1/41441] WARN  db.DBStoreBuilder (DBStoreBuilder.java:applyDBDefinition(145)) - ozone.scm.db.dirs is not configured. We recommend adding this setting. Falling back to ozone.metadata.dirs instead.
2022-06-19 13:08:30,246 [Listener at 127.0.0.1/41441] INFO  net.NodeSchemaLoader (NodeSchemaLoader.java:loadSchemaFromFile(129)) - Loading schema from [jar:file:/home/runner/.m2/repository/org/apache/ozone/hdds-common/1.3.0-SNAPSHOT/hdds-common-1.3.0-SNAPSHOT.jar!/network-topology-default.xml]
2022-06-19 13:08:30,247 [Listener at 127.0.0.1/41441] INFO  net.NodeSchemaLoader (NodeSchemaLoader.java:loadSchema(176)) - Loading network topology layer schema file
2022-06-19 13:08:30,249 [Listener at 127.0.0.1/41441] INFO  upgrade.AbstractLayoutVersionManager (AbstractLayoutVersionManager.java:init(82)) - Initializing Layout version manager with metadata layout = DATANODE_SCHEMA_V3 (version = 4), software layout = DATANODE_SCHEMA_V3 (version = 4)
2022-06-19 13:08:30,392 [Listener at 127.0.0.1/41441] INFO  reflections.Reflections (Reflections.java:scan(232)) - Reflections took 138 ms to scan 7 urls, producing 131 keys and 315 values 
2022-06-19 13:08:30,398 [Listener at 127.0.0.1/41441] INFO  ha.SequenceIdGenerator (SequenceIdGenerator.java:upgradeToSequenceId(347)) - upgrade localId to 109611004723200000
2022-06-19 13:08:30,398 [Listener at 127.0.0.1/41441] INFO  ha.SequenceIdGenerator (SequenceIdGenerator.java:upgradeToSequenceId(357)) - upgrade delTxnId to 0
2022-06-19 13:08:30,398 [Listener at 127.0.0.1/41441] INFO  ha.SequenceIdGenerator (SequenceIdGenerator.java:upgradeToSequenceId(374)) - upgrade containerId to 0
2022-06-19 13:08:30,398 [Listener at 127.0.0.1/41441] INFO  ha.SequenceIdGenerator (SequenceIdGenerator.java:<init>(218)) - Init the HA SequenceIdGenerator.
2022-06-19 13:08:30,400 [Listener at 127.0.0.1/41441] WARN  server.ServerUtils (ServerUtils.java:sanitizeUserArgs(73)) - ozone.scm.stale.node.interval value = 300000 is larger than max = 100000 based on the key value of ozone.scm.heartbeat.thread.interval, reset to the max value 100000.
2022-06-19 13:08:30,400 [Listener at 127.0.0.1/41441] WARN  server.ServerUtils (ServerUtils.java:sanitizeUserArgs(73)) - ozone.scm.stale.node.interval value = 300000 is larger than max = 100000 based on the key value of ozone.scm.heartbeat.thread.interval, reset to the max value 100000.
2022-06-19 13:08:30,400 [Listener at 127.0.0.1/41441] INFO  node.SCMNodeManager (SCMNodeManager.java:<init>(149)) - Entering startup safe mode.
2022-06-19 13:08:30,401 [Listener at 127.0.0.1/41441] INFO  algorithms.ContainerPlacementPolicyFactory (ContainerPlacementPolicyFactory.java:getPolicyInternal(86)) - Create container placement policy of type org.apache.hadoop.hdds.scm.container.placement.algorithms.SCMContainerPlacementRandom
2022-06-19 13:08:30,401 [Listener at 127.0.0.1/41441] INFO  pipeline.PipelineStateManagerImpl (PipelineStateManagerImpl.java:initialize(78)) - No pipeline exists in current db
2022-06-19 13:08:30,401 [Listener at 127.0.0.1/41441] INFO  algorithms.LeaderChoosePolicyFactory (LeaderChoosePolicyFactory.java:getPolicy(57)) - Create leader choose policy of type org.apache.hadoop.hdds.scm.pipeline.leader.choose.algorithms.MinLeaderCountChoosePolicy
2022-06-19 13:08:30,401 [Listener at 127.0.0.1/41441] INFO  algorithms.ContainerPlacementPolicyFactory (ContainerPlacementPolicyFactory.java:getPolicyInternal(86)) - Create container placement policy of type org.apache.hadoop.hdds.scm.container.placement.algorithms.SCMContainerPlacementRackScatter
2022-06-19 13:08:30,402 [Listener at 127.0.0.1/41441] INFO  pipeline.BackgroundPipelineCreator (BackgroundPipelineCreator.java:start(125)) - Starting RatisPipelineUtilsThread.
2022-06-19 13:08:30,409 [Listener at 127.0.0.1/41441] INFO  BackgroundPipelineScrubber (BackgroundSCMService.java:start(68)) - Starting BackgroundPipelineScrubber Service.
2022-06-19 13:08:30,415 [Listener at 127.0.0.1/41441] INFO  ha.SCMServiceManager (SCMServiceManager.java:register(42)) - Registering service BackgroundPipelineCreator.
2022-06-19 13:08:30,415 [Listener at 127.0.0.1/41441] INFO  ha.SCMServiceManager (SCMServiceManager.java:register(42)) - Registering service BackgroundPipelineScrubber.
2022-06-19 13:08:30,415 [Listener at 127.0.0.1/41441] INFO  ExpiredContainerReplicaOpScrubber (BackgroundSCMService.java:start(68)) - Starting ExpiredContainerReplicaOpScrubber Service.
2022-06-19 13:08:30,426 [Listener at 127.0.0.1/41441] INFO  ha.SCMServiceManager (SCMServiceManager.java:register(42)) - Registering service ExpiredContainerReplicaOpScrubber.
2022-06-19 13:08:30,427 [Listener at 127.0.0.1/41441] INFO  algorithms.PipelineChoosePolicyFactory (PipelineChoosePolicyFactory.java:createPipelineChoosePolicyFromClass(73)) - Create pipeline choose policy of type org.apache.hadoop.hdds.scm.pipeline.choose.algorithms.RandomPipelineChoosePolicy
2022-06-19 13:08:30,427 [Listener at 127.0.0.1/41441] INFO  ha.SCMServiceManager (SCMServiceManager.java:register(42)) - Registering service SCMBlockDeletingService.
2022-06-19 13:08:30,427 [Listener at 127.0.0.1/41441] INFO  ha.SCMServiceManager (SCMServiceManager.java:register(42)) - Registering service ReplicationManager.
2022-06-19 13:08:30,427 [Listener at 127.0.0.1/41441] INFO  replication.ReplicationManager (ReplicationManager.java:start(179)) - Starting Replication Monitor Thread.
2022-06-19 13:08:30,429 [Listener at 127.0.0.1/41441] INFO  safemode.ContainerSafeModeRule (ContainerSafeModeRule.java:<init>(89)) - containers with one replica threshold count 0
2022-06-19 13:08:30,430 [Listener at 127.0.0.1/41441] INFO  safemode.HealthyPipelineSafeModeRule (HealthyPipelineSafeModeRule.java:initializeRule(156)) - Total pipeline count is 0, healthy pipeline threshold count is 1
2022-06-19 13:08:30,430 [Listener at 127.0.0.1/41441] INFO  safemode.OneReplicaPipelineSafeModeRule (OneReplicaPipelineSafeModeRule.java:initializeRule(180)) - Total pipeline count is 0, pipeline's with at least one datanode reported threshold count is 0
2022-06-19 13:08:30,453 [Listener at 127.0.0.1/41441] INFO  ipc.CallQueueManager (CallQueueManager.java:<init>(90)) - Using callQueue: class java.util.concurrent.LinkedBlockingQueue, queueCapacity: 2000, scheduler: class org.apache.hadoop.ipc.DefaultRpcScheduler, ipcBackoff: false.
2022-06-19 13:08:30,454 [Socket Reader #1 for port 0] INFO  ipc.Server (Server.java:run(1265)) - Starting Socket Reader #1 for port 0
2022-06-19 13:08:30,454 [Listener at 0.0.0.0/40153] INFO  ipc.CallQueueManager (CallQueueManager.java:<init>(90)) - Using callQueue: class java.util.concurrent.LinkedBlockingQueue, queueCapacity: 2000, scheduler: class org.apache.hadoop.ipc.DefaultRpcScheduler, ipcBackoff: false.
2022-06-19 13:08:30,458 [Socket Reader #1 for port 0] INFO  ipc.Server (Server.java:run(1265)) - Starting Socket Reader #1 for port 0
2022-06-19 13:08:30,458 [Listener at 0.0.0.0/41875] INFO  ipc.CallQueueManager (CallQueueManager.java:<init>(90)) - Using callQueue: class java.util.concurrent.LinkedBlockingQueue, queueCapacity: 2000, scheduler: class org.apache.hadoop.ipc.DefaultRpcScheduler, ipcBackoff: false.
2022-06-19 13:08:30,459 [Socket Reader #1 for port 0] INFO  ipc.Server (Server.java:run(1265)) - Starting Socket Reader #1 for port 0
2022-06-19 13:08:30,466 [ReplicationMonitor] INFO  replication.ReplicationManager (ReplicationManager.java:processAll(228)) - Replication Manager is not ready to run until 3000ms after safemode exit
2022-06-19 13:08:30,552 [Listener at 0.0.0.0/37647] INFO  ha.SCMServiceManager (SCMServiceManager.java:register(42)) - Registering service ContainerBalancer.
2022-06-19 13:08:30,552 [Listener at 0.0.0.0/37647] INFO  server.StorageContainerManager (StorageContainerManager.java:<init>(398)) - 
Container Balancer status:
Key                            Value
Running                        false
Container Balancer Configuration values:
Key                                                Value
Threshold                                          10
Max Datanodes to Involve per Iteration(percent)    20
Max Size to Move per Iteration                     500GB
Max Size Entering Target per Iteration             26GB
Max Size Leaving Source per Iteration              26GB

2022-06-19 13:08:30,552 [Listener at 0.0.0.0/37647] WARN  events.EventQueue (EventQueue.java:fireEvent(194)) - No event handler registered for event TypedEvent{payloadType=SafeModeStatus, name='Safe mode status'}
2022-06-19 13:08:30,553 [Listener at 0.0.0.0/37647] INFO  ha.SCMContext (SCMContext.java:updateSafeModeStatus(228)) - Update SafeModeStatus from SafeModeStatus{safeModeStatus=true, preCheckPassed=false} to SafeModeStatus{safeModeStatus=true, preCheckPassed=false}.
2022-06-19 13:08:30,553 [Listener at 0.0.0.0/37647] INFO  server.StorageContainerManager (StorageContainerManager.java:start(1409)) - StorageContainerLocationProtocol RPC server is listening at /0.0.0.0:37647
2022-06-19 13:08:30,566 [Listener at 0.0.0.0/37647] WARN  impl.MetricsConfig (MetricsConfig.java:loadFirst(136)) - Cannot locate configuration: tried hadoop-metrics2-storagecontainermanager.properties,hadoop-metrics2.properties
2022-06-19 13:08:30,598 [Listener at 0.0.0.0/37647] INFO  impl.MetricsSystemImpl (MetricsSystemImpl.java:startTimer(378)) - Scheduled Metric snapshot period at 10 second(s).
2022-06-19 13:08:30,598 [Listener at 0.0.0.0/37647] INFO  impl.MetricsSystemImpl (MetricsSystemImpl.java:start(191)) - StorageContainerManager metrics system started
2022-06-19 13:08:30,760 [Listener at 0.0.0.0/37647] INFO  impl.MetricsSinkAdapter (MetricsSinkAdapter.java:start(204)) - Sink prometheus started
2022-06-19 13:08:30,760 [Listener at 0.0.0.0/37647] INFO  impl.MetricsSystemImpl (MetricsSystemImpl.java:registerSink(305)) - Registered sink prometheus
2022-06-19 13:08:30,809 [Listener at 0.0.0.0/37647] INFO  server.SCMClientProtocolServer (SCMClientProtocolServer.java:start(169)) - RPC server for Client  is listening at /0.0.0.0:37647
2022-06-19 13:08:30,810 [IPC Server Responder] INFO  ipc.Server (Server.java:run(1507)) - IPC Server Responder: starting
2022-06-19 13:08:30,813 [IPC Server listener on 0] INFO  ipc.Server (Server.java:run(1344)) - IPC Server listener on 0: starting
2022-06-19 13:08:30,879 [Listener at 0.0.0.0/37647] INFO  server.StorageContainerManager (StorageContainerManager.java:start(1424)) - ScmBlockLocationProtocol RPC server is listening at /0.0.0.0:41875
2022-06-19 13:08:30,879 [Listener at 0.0.0.0/37647] INFO  server.SCMBlockProtocolServer (SCMBlockProtocolServer.java:start(151)) - RPC server for Block Protocol is listening at /0.0.0.0:41875
2022-06-19 13:08:30,880 [IPC Server Responder] INFO  ipc.Server (Server.java:run(1507)) - IPC Server Responder: starting
2022-06-19 13:08:30,880 [IPC Server listener on 0] INFO  ipc.Server (Server.java:run(1344)) - IPC Server listener on 0: starting
2022-06-19 13:08:30,881 [Listener at 0.0.0.0/37647] INFO  server.SCMDatanodeProtocolServer (SCMDatanodeProtocolServer.java:start(183)) - ScmDatanodeProtocol RPC server for DataNodes is listening at /0.0.0.0:40153
2022-06-19 13:08:30,882 [IPC Server Responder] INFO  ipc.Server (Server.java:run(1507)) - IPC Server Responder: starting
2022-06-19 13:08:30,882 [IPC Server listener on 0] INFO  ipc.Server (Server.java:run(1344)) - IPC Server listener on 0: starting
2022-06-19 13:08:30,917 [Listener at 0.0.0.0/37647] INFO  http.BaseHttpServer (BaseHttpServer.java:newHttpServer2BuilderForOzone(209)) - Starting Web-server for scm at: http://0.0.0.0:0
2022-06-19 13:08:30,917 [Listener at 0.0.0.0/37647] INFO  http.BaseHttpServer (BaseHttpServer.java:<init>(107)) - Hadoop Security Enabled: false Ozone Security Enabled: false Ozone HTTP Security Enabled: false 
2022-06-19 13:08:30,918 [Listener at 0.0.0.0/37647] INFO  server.AuthenticationFilter (AuthenticationFilter.java:constructSecretProvider(240)) - Unable to initialize FileSignerSecretProvider, falling back to use random secrets.
2022-06-19 13:08:30,918 [org.apache.hadoop.util.JvmPauseMonitor$Monitor@299b30c2] INFO  util.JvmPauseMonitor (JvmPauseMonitor.java:run(188)) - Starting JVM pause monitor
2022-06-19 13:08:30,941 [Listener at 0.0.0.0/37647] WARN  http.HttpRequestLog (HttpRequestLog.java:getRequestLog(103)) - Jetty request log can only be enabled using Log4j
2022-06-19 13:08:30,943 [Listener at 0.0.0.0/37647] INFO  http.HttpServer2 (HttpServer2.java:addGlobalFilter(1029)) - Added global filter 'safety' (class=org.apache.hadoop.hdds.server.http.HttpServer2$QuotingInputFilter)
2022-06-19 13:08:30,943 [Listener at 0.0.0.0/37647] INFO  http.HttpServer2 (HttpServer2.java:addFilter(1005)) - Added filter static_user_filter (class=org.apache.hadoop.http.lib.StaticUserWebFilter$StaticUserFilter) to context scm
2022-06-19 13:08:30,943 [Listener at 0.0.0.0/37647] INFO  http.HttpServer2 (HttpServer2.java:addFilter(1013)) - Added filter static_user_filter (class=org.apache.hadoop.http.lib.StaticUserWebFilter$StaticUserFilter) to context static
2022-06-19 13:08:30,943 [Listener at 0.0.0.0/37647] INFO  http.HttpServer2 (HttpServer2.java:addFilter(1013)) - Added filter static_user_filter (class=org.apache.hadoop.http.lib.StaticUserWebFilter$StaticUserFilter) to context logs
2022-06-19 13:08:30,944 [Listener at 0.0.0.0/37647] INFO  http.HttpServer2 (HttpServer2.java:bindListener(1248)) - Jetty bound to port 45867
2022-06-19 13:08:30,944 [Listener at 0.0.0.0/37647] INFO  server.Server (Server.java:doStart(375)) - jetty-9.4.43.v20210629; built: 2021-06-30T11:07:22.254Z; git: 526006ecfa3af7f1a27ef3a288e2bef7ea9dd7e8; jvm 1.8.0_332-b09
2022-06-19 13:08:31,030 [Listener at 0.0.0.0/37647] INFO  server.session (DefaultSessionIdManager.java:doStart(334)) - DefaultSessionIdManager workerName=node0
2022-06-19 13:08:31,030 [Listener at 0.0.0.0/37647] INFO  server.session (DefaultSessionIdManager.java:doStart(339)) - No SessionScavenger set, using defaults
2022-06-19 13:08:31,030 [Listener at 0.0.0.0/37647] INFO  server.session (HouseKeeper.java:startScavenging(132)) - node0 Scavenging every 660000ms
2022-06-19 13:08:31,045 [Listener at 0.0.0.0/37647] INFO  handler.ContextHandler (ContextHandler.java:doStart(915)) - Started o.e.j.s.ServletContextHandler@2a3cdde2{logs,/logs,file:///home/runner/work/ozone/ozone/hadoop-ozone/integration-test/target/log,AVAILABLE}
2022-06-19 13:08:31,046 [Listener at 0.0.0.0/37647] INFO  handler.ContextHandler (ContextHandler.java:doStart(915)) - Started o.e.j.s.ServletContextHandler@7e1389a7{static,/static,file:///home/runner/work/ozone/ozone/hadoop-ozone/integration-test/target/test-classes/webapps/static,AVAILABLE}
2022-06-19 13:08:31,059 [Listener at 0.0.0.0/37647] INFO  handler.ContextHandler (ContextHandler.java:doStart(915)) - Started o.e.j.w.WebAppContext@164148d5{scm,/,file:///home/runner/work/ozone/ozone/hadoop-ozone/integration-test/target/test-classes/webapps/scm/,AVAILABLE}{file:/home/runner/work/ozone/ozone/hadoop-ozone/integration-test/target/test-classes/webapps/scm}
2022-06-19 13:08:31,073 [Listener at 0.0.0.0/37647] INFO  server.AbstractConnector (AbstractConnector.java:doStart(331)) - Started ServerConnector@5ea28229{HTTP/1.1, (http/1.1)}{0.0.0.0:45867}
2022-06-19 13:08:31,074 [Listener at 0.0.0.0/37647] INFO  server.Server (Server.java:doStart(415)) - Started @231310ms
2022-06-19 13:08:31,074 [Listener at 0.0.0.0/37647] WARN  impl.MetricsSystemImpl (MetricsSystemImpl.java:register(279)) - Sink prometheus already exists!
2022-06-19 13:08:31,089 [Listener at 0.0.0.0/37647] INFO  http.BaseHttpServer (BaseHttpServer.java:updateConnectorAddress(329)) - HTTP server of scm listening at http://0.0.0.0:45867
2022-06-19 13:08:31,089 [Listener at 0.0.0.0/37647] WARN  server.ServerUtils (ServerUtils.java:getDBPath(225)) - ozone.om.db.dirs is not configured. We recommend adding this setting. Falling back to ozone.metadata.dirs instead.
2022-06-19 13:08:31,094 [Listener at 0.0.0.0/37647] INFO  ha.OMHANodeDetails (OMHANodeDetails.java:loadOMHAConfig(115)) - ozone.om.internal.service.id is not defined, falling back to ozone.om.service.ids to find serviceID for OzoneManager if it is HA enabled cluster
2022-06-19 13:08:31,094 [Listener at 0.0.0.0/37647] INFO  ha.OMHANodeDetails (OMHANodeDetails.java:loadOMHAConfig(226)) - Configuration does not have ozone.om.address set. Falling back to the default OM address /127.0.0.1:0
2022-06-19 13:08:31,094 [Listener at 0.0.0.0/37647] INFO  ha.OMHANodeDetails (OMHANodeDetails.java:getOMNodeDetailsForNonHA(254)) - OM Service ID is not set. Setting it to the default ID: omServiceIdDefault
2022-06-19 13:08:31,094 [Listener at 0.0.0.0/37647] INFO  ha.OMHANodeDetails (OMHANodeDetails.java:getOMNodeDetailsForNonHA(261)) - OM Node ID is not set. Setting it to the default ID: om1
2022-06-19 13:08:31,095 [Listener at 0.0.0.0/37647] WARN  server.ServerUtils (ServerUtils.java:getDBPath(225)) - ozone.om.db.dirs is not configured. We recommend adding this setting. Falling back to ozone.metadata.dirs instead.
2022-06-19 13:08:31,095 [Listener at 0.0.0.0/37647] INFO  upgrade.AbstractLayoutVersionManager (AbstractLayoutVersionManager.java:init(82)) - Initializing Layout version manager with metadata layout = MULTITENANCY_SCHEMA (version = 3), software layout = MULTITENANCY_SCHEMA (version = 3)
2022-06-19 13:08:31,435 [Listener at 0.0.0.0/37647] INFO  reflections.Reflections (Reflections.java:scan(232)) - Reflections took 339 ms to scan 2 urls, producing 153 keys and 431 values [using 2 cores]
2022-06-19 13:08:31,436 [Listener at 0.0.0.0/37647] INFO  upgrade.OMLayoutVersionManager (OMLayoutVersionManager.java:lambda$0(115)) - Skipping Upgrade Action MockOmUpgradeAction since it has been finalized.
2022-06-19 13:08:31,436 [Listener at 0.0.0.0/37647] WARN  server.ServerUtils (ServerUtils.java:getDBPath(225)) - ozone.om.db.dirs is not configured. We recommend adding this setting. Falling back to ozone.metadata.dirs instead.
2022-06-19 13:08:31,436 [Listener at 0.0.0.0/37647] INFO  proxy.SCMBlockLocationFailoverProxyProvider (SCMBlockLocationFailoverProxyProvider.java:<init>(114)) - Created block location fail-over proxy with 1 nodes: [nodeId=scmNodeId,nodeAddress=/0.0.0.0:41875]
2022-06-19 13:08:31,475 [Listener at 0.0.0.0/37647] INFO  proxy.SCMBlockLocationFailoverProxyProvider (SCMBlockLocationFailoverProxyProvider.java:<init>(114)) - Created block location fail-over proxy with 1 nodes: [nodeId=scmNodeId,nodeAddress=/0.0.0.0:41875]
2022-06-19 13:08:31,527 [Listener at 0.0.0.0/37647] WARN  server.ServerUtils (ServerUtils.java:getDBPath(225)) - ozone.om.db.dirs is not configured. We recommend adding this setting. Falling back to ozone.metadata.dirs instead.
2022-06-19 13:08:31,527 [Listener at 0.0.0.0/37647] INFO  codec.OmKeyInfoCodec (OmKeyInfoCodec.java:<init>(49)) - OmKeyInfoCodec ignorePipeline = true
2022-06-19 13:08:31,527 [Listener at 0.0.0.0/37647] INFO  codec.RepeatedOmKeyInfoCodec (RepeatedOmKeyInfoCodec.java:<init>(41)) - RepeatedOmKeyInfoCodec ignorePipeline = true
2022-06-19 13:08:32,329 [Listener at 0.0.0.0/37647] INFO  om.OzoneManager (OzoneManager.java:instantiateServices(692)) - S3 Multi-Tenancy is disabled
2022-06-19 13:08:32,330 [Listener at 0.0.0.0/37647] INFO  om.OzoneManager (OzoneManager.java:addS3GVolumeToDB(4259)) - Created Volume s3v With Owner runner required for S3Gateway operations.
2022-06-19 13:08:32,331 [Listener at 0.0.0.0/37647] INFO  om.OzoneManager (OzoneManager.java:getRpcServer(1081)) - Creating RPC Server
2022-06-19 13:08:33,614 [Listener at 0.0.0.0/37647] INFO  reflections.Reflections (Reflections.java:scan(232)) - Reflections took 1282 ms to scan 19 urls, producing 66 keys and 4010 values [using 2 cores]
2022-06-19 13:08:33,624 [Listener at 0.0.0.0/37647] INFO  ipc.CallQueueManager (CallQueueManager.java:<init>(90)) - Using callQueue: class java.util.concurrent.LinkedBlockingQueue, queueCapacity: 2000, scheduler: class org.apache.hadoop.ipc.DefaultRpcScheduler, ipcBackoff: false.
2022-06-19 13:08:33,637 [Socket Reader #1 for port 0] INFO  ipc.Server (Server.java:run(1265)) - Starting Socket Reader #1 for port 0
2022-06-19 13:08:33,749 [Listener at 127.0.0.1/38405] INFO  impl.MetricsSystemImpl (MetricsSystemImpl.java:init(158)) - OzoneManager metrics system started (again)
2022-06-19 13:08:33,813 [Listener at 127.0.0.1/38405] INFO  om.OzoneManager (OzoneManager.java:start(1465)) - OzoneManager RPC server is listening at localhost/127.0.0.1:38405
2022-06-19 13:08:33,837 [Listener at 127.0.0.1/38405] INFO  om.OzoneManager (OzoneManager.java:start(1481)) - Version File has different layout version (3) than OM DB (null). That is expected if this OM has never been finalized to a newer layout version.
2022-06-19 13:08:33,925 [Listener at 127.0.0.1/38405] INFO  http.BaseHttpServer (BaseHttpServer.java:newHttpServer2BuilderForOzone(209)) - Starting Web-server for ozoneManager at: http://0.0.0.0:0
2022-06-19 13:08:33,925 [Listener at 127.0.0.1/38405] INFO  http.BaseHttpServer (BaseHttpServer.java:<init>(107)) - Hadoop Security Enabled: false Ozone Security Enabled: false Ozone HTTP Security Enabled: false 
2022-06-19 13:08:33,926 [Listener at 127.0.0.1/38405] INFO  server.AuthenticationFilter (AuthenticationFilter.java:constructSecretProvider(240)) - Unable to initialize FileSignerSecretProvider, falling back to use random secrets.
2022-06-19 13:08:33,959 [Listener at 127.0.0.1/38405] WARN  http.HttpRequestLog (HttpRequestLog.java:getRequestLog(103)) - Jetty request log can only be enabled using Log4j
2022-06-19 13:08:33,960 [Listener at 127.0.0.1/38405] INFO  http.HttpServer2 (HttpServer2.java:addGlobalFilter(1029)) - Added global filter 'safety' (class=org.apache.hadoop.hdds.server.http.HttpServer2$QuotingInputFilter)
2022-06-19 13:08:33,960 [Listener at 127.0.0.1/38405] INFO  http.HttpServer2 (HttpServer2.java:addFilter(1005)) - Added filter static_user_filter (class=org.apache.hadoop.http.lib.StaticUserWebFilter$StaticUserFilter) to context ozoneManager
2022-06-19 13:08:33,961 [Listener at 127.0.0.1/38405] INFO  http.HttpServer2 (HttpServer2.java:addFilter(1013)) - Added filter static_user_filter (class=org.apache.hadoop.http.lib.StaticUserWebFilter$StaticUserFilter) to context static
2022-06-19 13:08:33,961 [Listener at 127.0.0.1/38405] INFO  http.HttpServer2 (HttpServer2.java:addFilter(1013)) - Added filter static_user_filter (class=org.apache.hadoop.http.lib.StaticUserWebFilter$StaticUserFilter) to context logs
2022-06-19 13:08:33,961 [Listener at 127.0.0.1/38405] INFO  http.HttpServer2 (HttpServer2.java:bindListener(1248)) - Jetty bound to port 35953
2022-06-19 13:08:33,961 [Listener at 127.0.0.1/38405] INFO  server.Server (Server.java:doStart(375)) - jetty-9.4.43.v20210629; built: 2021-06-30T11:07:22.254Z; git: 526006ecfa3af7f1a27ef3a288e2bef7ea9dd7e8; jvm 1.8.0_332-b09
2022-06-19 13:08:34,041 [Listener at 127.0.0.1/38405] INFO  server.session (DefaultSessionIdManager.java:doStart(334)) - DefaultSessionIdManager workerName=node0
2022-06-19 13:08:34,042 [Listener at 127.0.0.1/38405] INFO  server.session (DefaultSessionIdManager.java:doStart(339)) - No SessionScavenger set, using defaults
2022-06-19 13:08:34,042 [Listener at 127.0.0.1/38405] INFO  server.session (HouseKeeper.java:startScavenging(132)) - node0 Scavenging every 660000ms
2022-06-19 13:08:34,043 [Listener at 127.0.0.1/38405] INFO  handler.ContextHandler (ContextHandler.java:doStart(915)) - Started o.e.j.s.ServletContextHandler@134fa5d5{logs,/logs,file:///home/runner/work/ozone/ozone/hadoop-ozone/integration-test/target/log,AVAILABLE}
2022-06-19 13:08:34,043 [Listener at 127.0.0.1/38405] INFO  handler.ContextHandler (ContextHandler.java:doStart(915)) - Started o.e.j.s.ServletContextHandler@5aaac473{static,/static,file:///home/runner/work/ozone/ozone/hadoop-ozone/integration-test/target/test-classes/webapps/static,AVAILABLE}
2022-06-19 13:08:34,045 [Listener at 127.0.0.1/38405] INFO  handler.ContextHandler (ContextHandler.java:doStart(915)) - Started o.e.j.w.WebAppContext@79c40648{ozoneManager,/,file:///home/runner/work/ozone/ozone/hadoop-ozone/integration-test/target/test-classes/webapps/ozoneManager/,AVAILABLE}{file:/home/runner/work/ozone/ozone/hadoop-ozone/integration-test/target/test-classes/webapps/ozoneManager}
2022-06-19 13:08:34,085 [Listener at 127.0.0.1/38405] INFO  server.AbstractConnector (AbstractConnector.java:doStart(331)) - Started ServerConnector@45212188{HTTP/1.1, (http/1.1)}{0.0.0.0:35953}
2022-06-19 13:08:34,085 [Listener at 127.0.0.1/38405] INFO  server.Server (Server.java:doStart(415)) - Started @234322ms
2022-06-19 13:08:34,085 [Listener at 127.0.0.1/38405] WARN  impl.MetricsSystemImpl (MetricsSystemImpl.java:register(279)) - Sink prometheus already exists!
2022-06-19 13:08:34,091 [Listener at 127.0.0.1/38405] INFO  http.BaseHttpServer (BaseHttpServer.java:updateConnectorAddress(329)) - HTTP server of ozoneManager listening at http://0.0.0.0:35953
2022-06-19 13:08:34,109 [IPC Server Responder] INFO  ipc.Server (Server.java:run(1507)) - IPC Server Responder: starting
2022-06-19 13:08:34,121 [IPC Server listener on 0] INFO  ipc.Server (Server.java:run(1344)) - IPC Server listener on 0: starting
2022-06-19 13:08:34,250 [Listener at 127.0.0.1/38405] INFO  om.TrashPolicyOzone (TrashPolicyOzone.java:<init>(178)) - Ozone Manager trash configuration: Deletion interval = 0 minutes, Emptier interval = 0 minutes.
2022-06-19 13:08:34,299 [org.apache.hadoop.util.JvmPauseMonitor$Monitor@2d563ec4] INFO  util.JvmPauseMonitor (JvmPauseMonitor.java:run(188)) - Starting JVM pause monitor
2022-06-19 13:08:34,371 [Listener at 127.0.0.1/38405] INFO  impl.MetricsSystemImpl (MetricsSystemImpl.java:init(158)) - HddsDatanode metrics system started (again)
2022-06-19 13:08:34,442 [Listener at 127.0.0.1/38405] INFO  ozone.HddsDatanodeService (HddsDatanodeService.java:start(236)) - HddsDatanodeService host:fv-az58-449.32bp4kehjaiexiom31oljkjdjg.cx.internal.cloudapp.net ip:10.1.0.4
2022-06-19 13:08:34,570 [Listener at 127.0.0.1/38405] INFO  upgrade.AbstractLayoutVersionManager (AbstractLayoutVersionManager.java:init(82)) - Initializing Layout version manager with metadata layout = DATANODE_SCHEMA_V3 (version = 4), software layout = DATANODE_SCHEMA_V3 (version = 4)
2022-06-19 13:08:34,826 [Listener at 127.0.0.1/38405] INFO  reflections.Reflections (Reflections.java:scan(232)) - Reflections took 255 ms to scan 7 urls, producing 131 keys and 315 values 
2022-06-19 13:08:34,827 [Listener at 127.0.0.1/38405] INFO  statemachine.DatanodeStateMachine (DatanodeStateMachine.java:getEndPointTaskThreadPoolSize(237)) - Datanode State Machine Task Thread Pool size 2
2022-06-19 13:08:34,850 [Listener at 127.0.0.1/38405] INFO  volume.HddsVolume (HddsVolume.java:<init>(116)) - Creating HddsVolume: /home/runner/work/ozone/ozone/hadoop-ozone/integration-test/target/test-dir/MiniOzoneClusterImpl-c742643d-ef9b-4334-85a5-eeb69d8d8f7b/datanode-0/data-0/containers/hdds of storage type : DISK capacity : 9223372036854775807
2022-06-19 13:08:34,850 [Listener at 127.0.0.1/38405] INFO  volume.MutableVolumeSet (MutableVolumeSet.java:initializeVolumeSet(174)) - Added Volume : /home/runner/work/ozone/ozone/hadoop-ozone/integration-test/target/test-dir/MiniOzoneClusterImpl-c742643d-ef9b-4334-85a5-eeb69d8d8f7b/datanode-0/data-0/containers/hdds to VolumeSet
2022-06-19 13:08:34,850 [Listener at 127.0.0.1/38405] INFO  volume.ThrottledAsyncChecker (ThrottledAsyncChecker.java:schedule(141)) - Scheduling a check for /home/runner/work/ozone/ozone/hadoop-ozone/integration-test/target/test-dir/MiniOzoneClusterImpl-c742643d-ef9b-4334-85a5-eeb69d8d8f7b/datanode-0/data-0/containers/hdds
2022-06-19 13:08:34,882 [Listener at 127.0.0.1/38405] INFO  volume.StorageVolumeChecker (StorageVolumeChecker.java:checkAllVolumes(202)) - Scheduled health check for volume /home/runner/work/ozone/ozone/hadoop-ozone/integration-test/target/test-dir/MiniOzoneClusterImpl-c742643d-ef9b-4334-85a5-eeb69d8d8f7b/datanode-0/data-0/containers/hdds
2022-06-19 13:08:34,893 [Listener at 127.0.0.1/38405] INFO  volume.MutableVolumeSet (MutableVolumeSet.java:initializeVolumeSet(174)) - Added Volume : /home/runner/work/ozone/ozone/hadoop-ozone/integration-test/target/test-dir/MiniOzoneClusterImpl-c742643d-ef9b-4334-85a5-eeb69d8d8f7b/datanode-0/data/ratis to VolumeSet
2022-06-19 13:08:34,893 [Listener at 127.0.0.1/38405] INFO  volume.ThrottledAsyncChecker (ThrottledAsyncChecker.java:schedule(141)) - Scheduling a check for /home/runner/work/ozone/ozone/hadoop-ozone/integration-test/target/test-dir/MiniOzoneClusterImpl-c742643d-ef9b-4334-85a5-eeb69d8d8f7b/datanode-0/data/ratis
2022-06-19 13:08:34,894 [Listener at 127.0.0.1/38405] INFO  volume.StorageVolumeChecker (StorageVolumeChecker.java:checkAllVolumes(202)) - Scheduled health check for volume /home/runner/work/ozone/ozone/hadoop-ozone/integration-test/target/test-dir/MiniOzoneClusterImpl-c742643d-ef9b-4334-85a5-eeb69d8d8f7b/datanode-0/data/ratis
2022-06-19 13:08:34,903 [Thread-1463] INFO  ozoneimpl.ContainerReader (ContainerReader.java:readVolume(172)) - Finish verifying containers on volume /home/runner/work/ozone/ozone/hadoop-ozone/integration-test/target/test-dir/MiniOzoneClusterImpl-c742643d-ef9b-4334-85a5-eeb69d8d8f7b/datanode-0/data-0/containers/hdds
2022-06-19 13:08:34,903 [Listener at 127.0.0.1/38405] INFO  ozoneimpl.OzoneContainer (OzoneContainer.java:buildContainerSet(266)) - Build ContainerSet costs 0s
2022-06-19 13:08:34,905 [Listener at 127.0.0.1/38405] INFO  server.RaftServer (ConfUtils.java:logGet(46)) - raft.rpc.type = GRPC (default)
2022-06-19 13:08:34,906 [Listener at 127.0.0.1/38405] INFO  grpc.GrpcFactory (GrpcFactory.java:checkPooledByteBufAllocatorUseCacheForAllThreads(48)) - PERFORMANCE WARNING: useCacheForAllThreads is true that may cause Netty to create a lot garbage objects and, as a result, trigger GC.
	It is recommended to disable useCacheForAllThreads by setting -Dorg.apache.ratis.thirdparty.io.netty.allocator.useCacheForAllThreads=false in command line.
2022-06-19 13:08:34,906 [Listener at 127.0.0.1/38405] INFO  grpc.GrpcConfigKeys (ConfUtils.java:logGet(46)) - raft.grpc.admin.port = 0 (custom)
2022-06-19 13:08:34,906 [Listener at 127.0.0.1/38405] INFO  grpc.GrpcConfigKeys (ConfUtils.java:logGet(46)) - raft.grpc.client.port = 0 (custom)
2022-06-19 13:08:34,906 [Listener at 127.0.0.1/38405] INFO  grpc.GrpcConfigKeys (ConfUtils.java:logGet(46)) - raft.grpc.server.port = 0 (default)
2022-06-19 13:08:34,906 [Listener at 127.0.0.1/38405] INFO  server.GrpcService (ConfUtils.java:logGet(46)) - raft.grpc.message.size.max = 32MB (=33554432) (custom)
2022-06-19 13:08:34,906 [Listener at 127.0.0.1/38405] INFO  server.RaftServerConfigKeys (ConfUtils.java:logGet(46)) - raft.server.log.appender.buffer.byte-limit = 33554432 (custom)
2022-06-19 13:08:34,906 [Listener at 127.0.0.1/38405] INFO  server.GrpcService (ConfUtils.java:logGet(46)) - raft.grpc.flow.control.window = 5MB (=5242880) (custom)
2022-06-19 13:08:34,906 [Listener at 127.0.0.1/38405] INFO  server.RaftServerConfigKeys (ConfUtils.java:logGet(46)) - raft.server.rpc.request.timeout = 60s (custom)
2022-06-19 13:08:34,906 [Listener at 127.0.0.1/38405] INFO  grpc.GrpcConfigKeys (ConfUtils.java:logGet(46)) - raft.grpc.server.async.request.thread.pool.cached = true (default)
2022-06-19 13:08:34,906 [Listener at 127.0.0.1/38405] INFO  grpc.GrpcConfigKeys (ConfUtils.java:logGet(46)) - raft.grpc.server.async.request.thread.pool.size = 32 (default)
2022-06-19 13:08:34,908 [Listener at 127.0.0.1/38405] INFO  impl.DataStreamServerImpl (ConfUtils.java:logGet(46)) - raft.datastream.type = DISABLED (default)
2022-06-19 13:08:34,908 [Listener at 127.0.0.1/38405] INFO  server.RaftServerConfigKeys (ConfUtils.java:logGet(46)) - raft.server.threadpool.proxy.cached = true (default)
2022-06-19 13:08:34,908 [Listener at 127.0.0.1/38405] INFO  server.RaftServerConfigKeys (ConfUtils.java:logGet(46)) - raft.server.threadpool.proxy.size = 0 (default)
2022-06-19 13:08:34,908 [Listener at 127.0.0.1/38405] INFO  server.RaftServerConfigKeys (ConfUtils.java:logGet(46)) - raft.server.rpc.slowness.timeout = 300s (custom)
2022-06-19 13:08:34,908 [Listener at 127.0.0.1/38405] INFO  server.RaftServerConfigKeys (ConfUtils.java:logGet(46)) - raft.server.leaderelection.leader.step-down.wait-time = 10s (default)
2022-06-19 13:08:34,908 [Listener at 127.0.0.1/38405] INFO  server.RaftServerConfigKeys (ConfUtils.java:logGet(46)) - raft.server.storage.dir = [/home/runner/work/ozone/ozone/hadoop-ozone/integration-test/target/test-dir/MiniOzoneClusterImpl-c742643d-ef9b-4334-85a5-eeb69d8d8f7b/datanode-0/data/ratis] (custom)
2022-06-19 13:08:34,930 [Listener at 127.0.0.1/38405] INFO  server.XceiverServerGrpc (XceiverServerGrpc.java:<init>(132)) - GrpcServer channel type EpollServerSocketChannel
2022-06-19 13:08:34,935 [Listener at 127.0.0.1/38405] INFO  http.BaseHttpServer (BaseHttpServer.java:newHttpServer2BuilderForOzone(209)) - Starting Web-server for hddsDatanode at: http://0.0.0.0:0
2022-06-19 13:08:34,936 [Listener at 127.0.0.1/38405] INFO  http.BaseHttpServer (BaseHttpServer.java:<init>(107)) - Hadoop Security Enabled: false Ozone Security Enabled: false Ozone HTTP Security Enabled: false 
2022-06-19 13:08:34,936 [Listener at 127.0.0.1/38405] INFO  server.AuthenticationFilter (AuthenticationFilter.java:constructSecretProvider(240)) - Unable to initialize FileSignerSecretProvider, falling back to use random secrets.
2022-06-19 13:08:34,952 [Listener at 127.0.0.1/38405] WARN  http.HttpRequestLog (HttpRequestLog.java:getRequestLog(103)) - Jetty request log can only be enabled using Log4j
2022-06-19 13:08:34,953 [Listener at 127.0.0.1/38405] INFO  http.HttpServer2 (HttpServer2.java:addGlobalFilter(1029)) - Added global filter 'safety' (class=org.apache.hadoop.hdds.server.http.HttpServer2$QuotingInputFilter)
2022-06-19 13:08:34,953 [Listener at 127.0.0.1/38405] INFO  http.HttpServer2 (HttpServer2.java:addFilter(1005)) - Added filter static_user_filter (class=org.apache.hadoop.http.lib.StaticUserWebFilter$StaticUserFilter) to context hddsDatanode
2022-06-19 13:08:34,953 [Listener at 127.0.0.1/38405] INFO  http.HttpServer2 (HttpServer2.java:addFilter(1013)) - Added filter static_user_filter (class=org.apache.hadoop.http.lib.StaticUserWebFilter$StaticUserFilter) to context static
2022-06-19 13:08:34,953 [Listener at 127.0.0.1/38405] INFO  http.HttpServer2 (HttpServer2.java:addFilter(1013)) - Added filter static_user_filter (class=org.apache.hadoop.http.lib.StaticUserWebFilter$StaticUserFilter) to context logs
2022-06-19 13:08:34,954 [Listener at 127.0.0.1/38405] INFO  http.HttpServer2 (HttpServer2.java:bindListener(1248)) - Jetty bound to port 44785
2022-06-19 13:08:34,954 [Listener at 127.0.0.1/38405] INFO  server.Server (Server.java:doStart(375)) - jetty-9.4.43.v20210629; built: 2021-06-30T11:07:22.254Z; git: 526006ecfa3af7f1a27ef3a288e2bef7ea9dd7e8; jvm 1.8.0_332-b09
2022-06-19 13:08:35,063 [Listener at 127.0.0.1/38405] INFO  server.session (DefaultSessionIdManager.java:doStart(334)) - DefaultSessionIdManager workerName=node0
2022-06-19 13:08:35,063 [Listener at 127.0.0.1/38405] INFO  server.session (DefaultSessionIdManager.java:doStart(339)) - No SessionScavenger set, using defaults
2022-06-19 13:08:35,063 [Listener at 127.0.0.1/38405] INFO  server.session (HouseKeeper.java:startScavenging(132)) - node0 Scavenging every 600000ms
2022-06-19 13:08:35,070 [Listener at 127.0.0.1/38405] INFO  handler.ContextHandler (ContextHandler.java:doStart(915)) - Started o.e.j.s.ServletContextHandler@4720516f{logs,/logs,file:///home/runner/work/ozone/ozone/hadoop-ozone/integration-test/target/log,AVAILABLE}
2022-06-19 13:08:35,070 [Listener at 127.0.0.1/38405] INFO  handler.ContextHandler (ContextHandler.java:doStart(915)) - Started o.e.j.s.ServletContextHandler@278e13e{static,/static,jar:file:/home/runner/.m2/repository/org/apache/ozone/hdds-container-service/1.3.0-SNAPSHOT/hdds-container-service-1.3.0-SNAPSHOT.jar!/webapps/static,AVAILABLE}
2022-06-19 13:08:35,625 [Listener at 127.0.0.1/38405] INFO  handler.ContextHandler (ContextHandler.java:doStart(915)) - Started o.e.j.w.WebAppContext@736e2c32{hddsDatanode,/,file:///tmp/jetty-0_0_0_0-44785-hdds-container-service-1_3_0-SNAPSHOT_jar-_-any-8657445321097661112/webapp/,AVAILABLE}{jar:file:/home/runner/.m2/repository/org/apache/ozone/hdds-container-service/1.3.0-SNAPSHOT/hdds-container-service-1.3.0-SNAPSHOT.jar!/webapps/hddsDatanode}
2022-06-19 13:08:35,662 [Listener at 127.0.0.1/38405] INFO  server.AbstractConnector (AbstractConnector.java:doStart(331)) - Started ServerConnector@43645e75{HTTP/1.1, (http/1.1)}{0.0.0.0:44785}
2022-06-19 13:08:35,663 [Listener at 127.0.0.1/38405] INFO  server.Server (Server.java:doStart(415)) - Started @235899ms
2022-06-19 13:08:35,663 [Listener at 127.0.0.1/38405] WARN  impl.MetricsSystemImpl (MetricsSystemImpl.java:register(279)) - Sink prometheus already exists!
2022-06-19 13:08:35,664 [Listener at 127.0.0.1/38405] INFO  http.BaseHttpServer (BaseHttpServer.java:updateConnectorAddress(329)) - HTTP server of hddsDatanode listening at http://0.0.0.0:44785
2022-06-19 13:08:35,664 [Listener at 127.0.0.1/38405] INFO  impl.MetricsSystemImpl (MetricsSystemImpl.java:init(158)) - HddsDatanode metrics system started (again)
2022-06-19 13:08:35,693 [Datanode State Machine Daemon Thread] INFO  statemachine.DatanodeStateMachine (DatanodeStateMachine.java:lambda$startDaemon$0(492)) - Ozone container server started.
2022-06-19 13:08:35,751 [Listener at 127.0.0.1/38405] INFO  ozone.HddsDatanodeService (HddsDatanodeService.java:start(236)) - HddsDatanodeService host:fv-az58-449.32bp4kehjaiexiom31oljkjdjg.cx.internal.cloudapp.net ip:10.1.0.4
2022-06-19 13:08:35,818 [org.apache.hadoop.util.JvmPauseMonitor$Monitor@68237cd7] INFO  util.JvmPauseMonitor (JvmPauseMonitor.java:run(188)) - Starting JVM pause monitor
2022-06-19 13:08:35,820 [Datanode State Machine Task Thread - 0] INFO  datanode.InitDatanodeState (InitDatanodeState.java:persistContainerDatanodeDetails(138)) - DatanodeDetails is persisted to /home/runner/work/ozone/ozone/hadoop-ozone/integration-test/target/test-dir/MiniOzoneClusterImpl-c742643d-ef9b-4334-85a5-eeb69d8d8f7b/datanode-0/meta/datanode.id
2022-06-19 13:08:35,850 [Listener at 127.0.0.1/38405] INFO  upgrade.AbstractLayoutVersionManager (AbstractLayoutVersionManager.java:init(82)) - Initializing Layout version manager with metadata layout = DATANODE_SCHEMA_V3 (version = 4), software layout = DATANODE_SCHEMA_V3 (version = 4)
2022-06-19 13:08:35,992 [Listener at 127.0.0.1/38405] INFO  reflections.Reflections (Reflections.java:scan(232)) - Reflections took 138 ms to scan 7 urls, producing 131 keys and 315 values 
2022-06-19 13:08:35,993 [Listener at 127.0.0.1/38405] INFO  statemachine.DatanodeStateMachine (DatanodeStateMachine.java:getEndPointTaskThreadPoolSize(237)) - Datanode State Machine Task Thread Pool size 2
2022-06-19 13:08:35,994 [Listener at 127.0.0.1/38405] INFO  volume.HddsVolume (HddsVolume.java:<init>(116)) - Creating HddsVolume: /home/runner/work/ozone/ozone/hadoop-ozone/integration-test/target/test-dir/MiniOzoneClusterImpl-c742643d-ef9b-4334-85a5-eeb69d8d8f7b/datanode-1/data-0/containers/hdds of storage type : DISK capacity : 9223372036854775807
2022-06-19 13:08:35,994 [Listener at 127.0.0.1/38405] INFO  volume.MutableVolumeSet (MutableVolumeSet.java:initializeVolumeSet(174)) - Added Volume : /home/runner/work/ozone/ozone/hadoop-ozone/integration-test/target/test-dir/MiniOzoneClusterImpl-c742643d-ef9b-4334-85a5-eeb69d8d8f7b/datanode-1/data-0/containers/hdds to VolumeSet
2022-06-19 13:08:35,994 [Listener at 127.0.0.1/38405] INFO  volume.ThrottledAsyncChecker (ThrottledAsyncChecker.java:schedule(141)) - Scheduling a check for /home/runner/work/ozone/ozone/hadoop-ozone/integration-test/target/test-dir/MiniOzoneClusterImpl-c742643d-ef9b-4334-85a5-eeb69d8d8f7b/datanode-1/data-0/containers/hdds
2022-06-19 13:08:35,995 [Listener at 127.0.0.1/38405] INFO  volume.StorageVolumeChecker (StorageVolumeChecker.java:checkAllVolumes(202)) - Scheduled health check for volume /home/runner/work/ozone/ozone/hadoop-ozone/integration-test/target/test-dir/MiniOzoneClusterImpl-c742643d-ef9b-4334-85a5-eeb69d8d8f7b/datanode-1/data-0/containers/hdds
2022-06-19 13:08:36,017 [Listener at 127.0.0.1/38405] INFO  volume.MutableVolumeSet (MutableVolumeSet.java:initializeVolumeSet(174)) - Added Volume : /home/runner/work/ozone/ozone/hadoop-ozone/integration-test/target/test-dir/MiniOzoneClusterImpl-c742643d-ef9b-4334-85a5-eeb69d8d8f7b/datanode-1/data/ratis to VolumeSet
2022-06-19 13:08:36,017 [Listener at 127.0.0.1/38405] INFO  volume.ThrottledAsyncChecker (ThrottledAsyncChecker.java:schedule(141)) - Scheduling a check for /home/runner/work/ozone/ozone/hadoop-ozone/integration-test/target/test-dir/MiniOzoneClusterImpl-c742643d-ef9b-4334-85a5-eeb69d8d8f7b/datanode-1/data/ratis
2022-06-19 13:08:36,017 [Listener at 127.0.0.1/38405] INFO  volume.StorageVolumeChecker (StorageVolumeChecker.java:checkAllVolumes(202)) - Scheduled health check for volume /home/runner/work/ozone/ozone/hadoop-ozone/integration-test/target/test-dir/MiniOzoneClusterImpl-c742643d-ef9b-4334-85a5-eeb69d8d8f7b/datanode-1/data/ratis
2022-06-19 13:08:36,027 [Thread-1476] INFO  ozoneimpl.ContainerReader (ContainerReader.java:readVolume(172)) - Finish verifying containers on volume /home/runner/work/ozone/ozone/hadoop-ozone/integration-test/target/test-dir/MiniOzoneClusterImpl-c742643d-ef9b-4334-85a5-eeb69d8d8f7b/datanode-1/data-0/containers/hdds
2022-06-19 13:08:36,027 [Listener at 127.0.0.1/38405] INFO  ozoneimpl.OzoneContainer (OzoneContainer.java:buildContainerSet(266)) - Build ContainerSet costs 0s
2022-06-19 13:08:36,028 [Listener at 127.0.0.1/38405] INFO  server.RaftServer (ConfUtils.java:logGet(46)) - raft.rpc.type = GRPC (default)
2022-06-19 13:08:36,028 [Listener at 127.0.0.1/38405] INFO  grpc.GrpcFactory (GrpcFactory.java:checkPooledByteBufAllocatorUseCacheForAllThreads(48)) - PERFORMANCE WARNING: useCacheForAllThreads is true that may cause Netty to create a lot garbage objects and, as a result, trigger GC.
	It is recommended to disable useCacheForAllThreads by setting -Dorg.apache.ratis.thirdparty.io.netty.allocator.useCacheForAllThreads=false in command line.
2022-06-19 13:08:36,028 [Listener at 127.0.0.1/38405] INFO  grpc.GrpcConfigKeys (ConfUtils.java:logGet(46)) - raft.grpc.admin.port = 0 (custom)
2022-06-19 13:08:36,029 [Listener at 127.0.0.1/38405] INFO  grpc.GrpcConfigKeys (ConfUtils.java:logGet(46)) - raft.grpc.client.port = 0 (custom)
2022-06-19 13:08:36,029 [Listener at 127.0.0.1/38405] INFO  grpc.GrpcConfigKeys (ConfUtils.java:logGet(46)) - raft.grpc.server.port = 0 (default)
2022-06-19 13:08:36,029 [Listener at 127.0.0.1/38405] INFO  server.GrpcService (ConfUtils.java:logGet(46)) - raft.grpc.message.size.max = 32MB (=33554432) (custom)
2022-06-19 13:08:36,029 [Listener at 127.0.0.1/38405] INFO  server.RaftServerConfigKeys (ConfUtils.java:logGet(46)) - raft.server.log.appender.buffer.byte-limit = 33554432 (custom)
2022-06-19 13:08:36,029 [Listener at 127.0.0.1/38405] INFO  server.GrpcService (ConfUtils.java:logGet(46)) - raft.grpc.flow.control.window = 5MB (=5242880) (custom)
2022-06-19 13:08:36,029 [Listener at 127.0.0.1/38405] INFO  server.RaftServerConfigKeys (ConfUtils.java:logGet(46)) - raft.server.rpc.request.timeout = 60s (custom)
2022-06-19 13:08:36,029 [Listener at 127.0.0.1/38405] INFO  grpc.GrpcConfigKeys (ConfUtils.java:logGet(46)) - raft.grpc.server.async.request.thread.pool.cached = true (default)
2022-06-19 13:08:36,030 [Listener at 127.0.0.1/38405] INFO  grpc.GrpcConfigKeys (ConfUtils.java:logGet(46)) - raft.grpc.server.async.request.thread.pool.size = 32 (default)
2022-06-19 13:08:36,031 [Listener at 127.0.0.1/38405] INFO  impl.DataStreamServerImpl (ConfUtils.java:logGet(46)) - raft.datastream.type = DISABLED (default)
2022-06-19 13:08:36,031 [Listener at 127.0.0.1/38405] INFO  server.RaftServerConfigKeys (ConfUtils.java:logGet(46)) - raft.server.threadpool.proxy.cached = true (default)
2022-06-19 13:08:36,031 [Listener at 127.0.0.1/38405] INFO  server.RaftServerConfigKeys (ConfUtils.java:logGet(46)) - raft.server.threadpool.proxy.size = 0 (default)
2022-06-19 13:08:36,031 [Listener at 127.0.0.1/38405] INFO  server.RaftServerConfigKeys (ConfUtils.java:logGet(46)) - raft.server.rpc.slowness.timeout = 300s (custom)
2022-06-19 13:08:36,031 [Listener at 127.0.0.1/38405] INFO  server.RaftServerConfigKeys (ConfUtils.java:logGet(46)) - raft.server.leaderelection.leader.step-down.wait-time = 10s (default)
2022-06-19 13:08:36,031 [Listener at 127.0.0.1/38405] INFO  server.RaftServerConfigKeys (ConfUtils.java:logGet(46)) - raft.server.storage.dir = [/home/runner/work/ozone/ozone/hadoop-ozone/integration-test/target/test-dir/MiniOzoneClusterImpl-c742643d-ef9b-4334-85a5-eeb69d8d8f7b/datanode-1/data/ratis] (custom)
2022-06-19 13:08:36,033 [Listener at 127.0.0.1/38405] INFO  server.XceiverServerGrpc (XceiverServerGrpc.java:<init>(132)) - GrpcServer channel type EpollServerSocketChannel
2022-06-19 13:08:36,036 [Listener at 127.0.0.1/38405] INFO  http.BaseHttpServer (BaseHttpServer.java:newHttpServer2BuilderForOzone(209)) - Starting Web-server for hddsDatanode at: http://0.0.0.0:0
2022-06-19 13:08:36,036 [Listener at 127.0.0.1/38405] INFO  http.BaseHttpServer (BaseHttpServer.java:<init>(107)) - Hadoop Security Enabled: false Ozone Security Enabled: false Ozone HTTP Security Enabled: false 
2022-06-19 13:08:36,037 [Listener at 127.0.0.1/38405] INFO  server.AuthenticationFilter (AuthenticationFilter.java:constructSecretProvider(240)) - Unable to initialize FileSignerSecretProvider, falling back to use random secrets.
2022-06-19 13:08:36,056 [Listener at 127.0.0.1/38405] WARN  http.HttpRequestLog (HttpRequestLog.java:getRequestLog(103)) - Jetty request log can only be enabled using Log4j
2022-06-19 13:08:36,057 [Listener at 127.0.0.1/38405] INFO  http.HttpServer2 (HttpServer2.java:addGlobalFilter(1029)) - Added global filter 'safety' (class=org.apache.hadoop.hdds.server.http.HttpServer2$QuotingInputFilter)
2022-06-19 13:08:36,058 [Listener at 127.0.0.1/38405] INFO  http.HttpServer2 (HttpServer2.java:addFilter(1005)) - Added filter static_user_filter (class=org.apache.hadoop.http.lib.StaticUserWebFilter$StaticUserFilter) to context hddsDatanode
2022-06-19 13:08:36,058 [Listener at 127.0.0.1/38405] INFO  http.HttpServer2 (HttpServer2.java:addFilter(1013)) - Added filter static_user_filter (class=org.apache.hadoop.http.lib.StaticUserWebFilter$StaticUserFilter) to context logs
2022-06-19 13:08:36,058 [Listener at 127.0.0.1/38405] INFO  http.HttpServer2 (HttpServer2.java:addFilter(1013)) - Added filter static_user_filter (class=org.apache.hadoop.http.lib.StaticUserWebFilter$StaticUserFilter) to context static
2022-06-19 13:08:36,058 [Listener at 127.0.0.1/38405] INFO  http.HttpServer2 (HttpServer2.java:bindListener(1248)) - Jetty bound to port 35011
2022-06-19 13:08:36,058 [Listener at 127.0.0.1/38405] INFO  server.Server (Server.java:doStart(375)) - jetty-9.4.43.v20210629; built: 2021-06-30T11:07:22.254Z; git: 526006ecfa3af7f1a27ef3a288e2bef7ea9dd7e8; jvm 1.8.0_332-b09
2022-06-19 13:08:36,060 [Listener at 127.0.0.1/38405] INFO  server.session (DefaultSessionIdManager.java:doStart(334)) - DefaultSessionIdManager workerName=node0
2022-06-19 13:08:36,060 [Listener at 127.0.0.1/38405] INFO  server.session (DefaultSessionIdManager.java:doStart(339)) - No SessionScavenger set, using defaults
2022-06-19 13:08:36,060 [Listener at 127.0.0.1/38405] INFO  server.session (HouseKeeper.java:startScavenging(132)) - node0 Scavenging every 660000ms
2022-06-19 13:08:36,061 [Listener at 127.0.0.1/38405] INFO  handler.ContextHandler (ContextHandler.java:doStart(915)) - Started o.e.j.s.ServletContextHandler@62baa21d{logs,/logs,file:///home/runner/work/ozone/ozone/hadoop-ozone/integration-test/target/log,AVAILABLE}
2022-06-19 13:08:36,061 [Listener at 127.0.0.1/38405] INFO  handler.ContextHandler (ContextHandler.java:doStart(915)) - Started o.e.j.s.ServletContextHandler@28703538{static,/static,jar:file:/home/runner/.m2/repository/org/apache/ozone/hdds-container-service/1.3.0-SNAPSHOT/hdds-container-service-1.3.0-SNAPSHOT.jar!/webapps/static,AVAILABLE}
2022-06-19 13:08:36,636 [Listener at 127.0.0.1/38405] INFO  handler.ContextHandler (ContextHandler.java:doStart(915)) - Started o.e.j.w.WebAppContext@4a879a2f{hddsDatanode,/,file:///tmp/jetty-0_0_0_0-35011-hdds-container-service-1_3_0-SNAPSHOT_jar-_-any-5516450718528013319/webapp/,AVAILABLE}{jar:file:/home/runner/.m2/repository/org/apache/ozone/hdds-container-service/1.3.0-SNAPSHOT/hdds-container-service-1.3.0-SNAPSHOT.jar!/webapps/hddsDatanode}
2022-06-19 13:08:36,661 [Listener at 127.0.0.1/38405] INFO  server.AbstractConnector (AbstractConnector.java:doStart(331)) - Started ServerConnector@7a323c79{HTTP/1.1, (http/1.1)}{0.0.0.0:35011}
2022-06-19 13:08:36,662 [Listener at 127.0.0.1/38405] INFO  server.Server (Server.java:doStart(415)) - Started @236898ms
2022-06-19 13:08:36,662 [Listener at 127.0.0.1/38405] WARN  impl.MetricsSystemImpl (MetricsSystemImpl.java:register(279)) - Sink prometheus already exists!
2022-06-19 13:08:36,662 [Listener at 127.0.0.1/38405] INFO  http.BaseHttpServer (BaseHttpServer.java:updateConnectorAddress(329)) - HTTP server of hddsDatanode listening at http://0.0.0.0:35011
2022-06-19 13:08:36,688 [Listener at 127.0.0.1/38405] INFO  impl.MetricsSystemImpl (MetricsSystemImpl.java:init(158)) - HddsDatanode metrics system started (again)
2022-06-19 13:08:36,693 [Datanode State Machine Daemon Thread] INFO  statemachine.DatanodeStateMachine (DatanodeStateMachine.java:lambda$startDaemon$0(492)) - Ozone container server started.
2022-06-19 13:08:36,741 [org.apache.hadoop.util.JvmPauseMonitor$Monitor@106a34d9] INFO  util.JvmPauseMonitor (JvmPauseMonitor.java:run(188)) - Starting JVM pause monitor
2022-06-19 13:08:36,776 [Listener at 127.0.0.1/38405] INFO  ozone.HddsDatanodeService (HddsDatanodeService.java:start(236)) - HddsDatanodeService host:fv-az58-449.32bp4kehjaiexiom31oljkjdjg.cx.internal.cloudapp.net ip:10.1.0.4
2022-06-19 13:08:36,827 [Datanode State Machine Task Thread - 0] INFO  datanode.InitDatanodeState (InitDatanodeState.java:persistContainerDatanodeDetails(138)) - DatanodeDetails is persisted to /home/runner/work/ozone/ozone/hadoop-ozone/integration-test/target/test-dir/MiniOzoneClusterImpl-c742643d-ef9b-4334-85a5-eeb69d8d8f7b/datanode-1/meta/datanode.id
2022-06-19 13:08:36,865 [Listener at 127.0.0.1/38405] INFO  upgrade.AbstractLayoutVersionManager (AbstractLayoutVersionManager.java:init(82)) - Initializing Layout version manager with metadata layout = DATANODE_SCHEMA_V3 (version = 4), software layout = DATANODE_SCHEMA_V3 (version = 4)
2022-06-19 13:08:37,006 [Listener at 127.0.0.1/38405] INFO  reflections.Reflections (Reflections.java:scan(232)) - Reflections took 140 ms to scan 7 urls, producing 131 keys and 315 values 
2022-06-19 13:08:37,037 [Listener at 127.0.0.1/38405] INFO  statemachine.DatanodeStateMachine (DatanodeStateMachine.java:getEndPointTaskThreadPoolSize(237)) - Datanode State Machine Task Thread Pool size 2
2022-06-19 13:08:37,086 [Listener at 127.0.0.1/38405] INFO  volume.HddsVolume (HddsVolume.java:<init>(116)) - Creating HddsVolume: /home/runner/work/ozone/ozone/hadoop-ozone/integration-test/target/test-dir/MiniOzoneClusterImpl-c742643d-ef9b-4334-85a5-eeb69d8d8f7b/datanode-2/data-0/containers/hdds of storage type : DISK capacity : 9223372036854775807
2022-06-19 13:08:37,086 [Listener at 127.0.0.1/38405] INFO  volume.MutableVolumeSet (MutableVolumeSet.java:initializeVolumeSet(174)) - Added Volume : /home/runner/work/ozone/ozone/hadoop-ozone/integration-test/target/test-dir/MiniOzoneClusterImpl-c742643d-ef9b-4334-85a5-eeb69d8d8f7b/datanode-2/data-0/containers/hdds to VolumeSet
2022-06-19 13:08:37,086 [Listener at 127.0.0.1/38405] INFO  volume.ThrottledAsyncChecker (ThrottledAsyncChecker.java:schedule(141)) - Scheduling a check for /home/runner/work/ozone/ozone/hadoop-ozone/integration-test/target/test-dir/MiniOzoneClusterImpl-c742643d-ef9b-4334-85a5-eeb69d8d8f7b/datanode-2/data-0/containers/hdds
2022-06-19 13:08:37,114 [Listener at 127.0.0.1/38405] INFO  volume.StorageVolumeChecker (StorageVolumeChecker.java:checkAllVolumes(202)) - Scheduled health check for volume /home/runner/work/ozone/ozone/hadoop-ozone/integration-test/target/test-dir/MiniOzoneClusterImpl-c742643d-ef9b-4334-85a5-eeb69d8d8f7b/datanode-2/data-0/containers/hdds
2022-06-19 13:08:37,145 [Listener at 127.0.0.1/38405] INFO  volume.MutableVolumeSet (MutableVolumeSet.java:initializeVolumeSet(174)) - Added Volume : /home/runner/work/ozone/ozone/hadoop-ozone/integration-test/target/test-dir/MiniOzoneClusterImpl-c742643d-ef9b-4334-85a5-eeb69d8d8f7b/datanode-2/data/ratis to VolumeSet
2022-06-19 13:08:37,145 [Listener at 127.0.0.1/38405] INFO  volume.ThrottledAsyncChecker (ThrottledAsyncChecker.java:schedule(141)) - Scheduling a check for /home/runner/work/ozone/ozone/hadoop-ozone/integration-test/target/test-dir/MiniOzoneClusterImpl-c742643d-ef9b-4334-85a5-eeb69d8d8f7b/datanode-2/data/ratis
2022-06-19 13:08:37,146 [Listener at 127.0.0.1/38405] INFO  volume.StorageVolumeChecker (StorageVolumeChecker.java:checkAllVolumes(202)) - Scheduled health check for volume /home/runner/work/ozone/ozone/hadoop-ozone/integration-test/target/test-dir/MiniOzoneClusterImpl-c742643d-ef9b-4334-85a5-eeb69d8d8f7b/datanode-2/data/ratis
2022-06-19 13:08:37,178 [Thread-1489] INFO  ozoneimpl.ContainerReader (ContainerReader.java:readVolume(172)) - Finish verifying containers on volume /home/runner/work/ozone/ozone/hadoop-ozone/integration-test/target/test-dir/MiniOzoneClusterImpl-c742643d-ef9b-4334-85a5-eeb69d8d8f7b/datanode-2/data-0/containers/hdds
2022-06-19 13:08:37,178 [Listener at 127.0.0.1/38405] INFO  ozoneimpl.OzoneContainer (OzoneContainer.java:buildContainerSet(266)) - Build ContainerSet costs 0s
2022-06-19 13:08:37,180 [Listener at 127.0.0.1/38405] INFO  server.RaftServer (ConfUtils.java:logGet(46)) - raft.rpc.type = GRPC (default)
2022-06-19 13:08:37,181 [Listener at 127.0.0.1/38405] INFO  grpc.GrpcFactory (GrpcFactory.java:checkPooledByteBufAllocatorUseCacheForAllThreads(48)) - PERFORMANCE WARNING: useCacheForAllThreads is true that may cause Netty to create a lot garbage objects and, as a result, trigger GC.
	It is recommended to disable useCacheForAllThreads by setting -Dorg.apache.ratis.thirdparty.io.netty.allocator.useCacheForAllThreads=false in command line.
2022-06-19 13:08:37,181 [Listener at 127.0.0.1/38405] INFO  grpc.GrpcConfigKeys (ConfUtils.java:logGet(46)) - raft.grpc.admin.port = 0 (custom)
2022-06-19 13:08:37,181 [Listener at 127.0.0.1/38405] INFO  grpc.GrpcConfigKeys (ConfUtils.java:logGet(46)) - raft.grpc.client.port = 0 (custom)
2022-06-19 13:08:37,181 [Listener at 127.0.0.1/38405] INFO  grpc.GrpcConfigKeys (ConfUtils.java:logGet(46)) - raft.grpc.server.port = 0 (default)
2022-06-19 13:08:37,181 [Listener at 127.0.0.1/38405] INFO  server.GrpcService (ConfUtils.java:logGet(46)) - raft.grpc.message.size.max = 32MB (=33554432) (custom)
2022-06-19 13:08:37,181 [Listener at 127.0.0.1/38405] INFO  server.RaftServerConfigKeys (ConfUtils.java:logGet(46)) - raft.server.log.appender.buffer.byte-limit = 33554432 (custom)
2022-06-19 13:08:37,181 [Listener at 127.0.0.1/38405] INFO  server.GrpcService (ConfUtils.java:logGet(46)) - raft.grpc.flow.control.window = 5MB (=5242880) (custom)
2022-06-19 13:08:37,181 [Listener at 127.0.0.1/38405] INFO  server.RaftServerConfigKeys (ConfUtils.java:logGet(46)) - raft.server.rpc.request.timeout = 60s (custom)
2022-06-19 13:08:37,181 [Listener at 127.0.0.1/38405] INFO  grpc.GrpcConfigKeys (ConfUtils.java:logGet(46)) - raft.grpc.server.async.request.thread.pool.cached = true (default)
2022-06-19 13:08:37,182 [Listener at 127.0.0.1/38405] INFO  grpc.GrpcConfigKeys (ConfUtils.java:logGet(46)) - raft.grpc.server.async.request.thread.pool.size = 32 (default)
2022-06-19 13:08:37,182 [Listener at 127.0.0.1/38405] INFO  impl.DataStreamServerImpl (ConfUtils.java:logGet(46)) - raft.datastream.type = DISABLED (default)
2022-06-19 13:08:37,183 [Listener at 127.0.0.1/38405] INFO  server.RaftServerConfigKeys (ConfUtils.java:logGet(46)) - raft.server.threadpool.proxy.cached = true (default)
2022-06-19 13:08:37,183 [Listener at 127.0.0.1/38405] INFO  server.RaftServerConfigKeys (ConfUtils.java:logGet(46)) - raft.server.threadpool.proxy.size = 0 (default)
2022-06-19 13:08:37,183 [Listener at 127.0.0.1/38405] INFO  server.RaftServerConfigKeys (ConfUtils.java:logGet(46)) - raft.server.rpc.slowness.timeout = 300s (custom)
2022-06-19 13:08:37,183 [Listener at 127.0.0.1/38405] INFO  server.RaftServerConfigKeys (ConfUtils.java:logGet(46)) - raft.server.leaderelection.leader.step-down.wait-time = 10s (default)
2022-06-19 13:08:37,183 [Listener at 127.0.0.1/38405] INFO  server.RaftServerConfigKeys (ConfUtils.java:logGet(46)) - raft.server.storage.dir = [/home/runner/work/ozone/ozone/hadoop-ozone/integration-test/target/test-dir/MiniOzoneClusterImpl-c742643d-ef9b-4334-85a5-eeb69d8d8f7b/datanode-2/data/ratis] (custom)
2022-06-19 13:08:37,191 [Listener at 127.0.0.1/38405] INFO  server.XceiverServerGrpc (XceiverServerGrpc.java:<init>(132)) - GrpcServer channel type EpollServerSocketChannel
2022-06-19 13:08:37,228 [Listener at 127.0.0.1/38405] INFO  http.BaseHttpServer (BaseHttpServer.java:newHttpServer2BuilderForOzone(209)) - Starting Web-server for hddsDatanode at: http://0.0.0.0:0
2022-06-19 13:08:37,228 [Listener at 127.0.0.1/38405] INFO  http.BaseHttpServer (BaseHttpServer.java:<init>(107)) - Hadoop Security Enabled: false Ozone Security Enabled: false Ozone HTTP Security Enabled: false 
2022-06-19 13:08:37,229 [Listener at 127.0.0.1/38405] INFO  server.AuthenticationFilter (AuthenticationFilter.java:constructSecretProvider(240)) - Unable to initialize FileSignerSecretProvider, falling back to use random secrets.
2022-06-19 13:08:37,229 [Listener at 127.0.0.1/38405] WARN  http.HttpRequestLog (HttpRequestLog.java:getRequestLog(103)) - Jetty request log can only be enabled using Log4j
2022-06-19 13:08:37,238 [Listener at 127.0.0.1/38405] INFO  http.HttpServer2 (HttpServer2.java:addGlobalFilter(1029)) - Added global filter 'safety' (class=org.apache.hadoop.hdds.server.http.HttpServer2$QuotingInputFilter)
2022-06-19 13:08:37,238 [Listener at 127.0.0.1/38405] INFO  http.HttpServer2 (HttpServer2.java:addFilter(1005)) - Added filter static_user_filter (class=org.apache.hadoop.http.lib.StaticUserWebFilter$StaticUserFilter) to context hddsDatanode
2022-06-19 13:08:37,238 [Listener at 127.0.0.1/38405] INFO  http.HttpServer2 (HttpServer2.java:addFilter(1013)) - Added filter static_user_filter (class=org.apache.hadoop.http.lib.StaticUserWebFilter$StaticUserFilter) to context static
2022-06-19 13:08:37,238 [Listener at 127.0.0.1/38405] INFO  http.HttpServer2 (HttpServer2.java:addFilter(1013)) - Added filter static_user_filter (class=org.apache.hadoop.http.lib.StaticUserWebFilter$StaticUserFilter) to context logs
2022-06-19 13:08:37,239 [Listener at 127.0.0.1/38405] INFO  http.HttpServer2 (HttpServer2.java:bindListener(1248)) - Jetty bound to port 33747
2022-06-19 13:08:37,239 [Listener at 127.0.0.1/38405] INFO  server.Server (Server.java:doStart(375)) - jetty-9.4.43.v20210629; built: 2021-06-30T11:07:22.254Z; git: 526006ecfa3af7f1a27ef3a288e2bef7ea9dd7e8; jvm 1.8.0_332-b09
2022-06-19 13:08:37,339 [Listener at 127.0.0.1/38405] INFO  server.session (DefaultSessionIdManager.java:doStart(334)) - DefaultSessionIdManager workerName=node0
2022-06-19 13:08:37,339 [Listener at 127.0.0.1/38405] INFO  server.session (DefaultSessionIdManager.java:doStart(339)) - No SessionScavenger set, using defaults
2022-06-19 13:08:37,339 [Listener at 127.0.0.1/38405] INFO  server.session (HouseKeeper.java:startScavenging(132)) - node0 Scavenging every 600000ms
2022-06-19 13:08:37,341 [Listener at 127.0.0.1/38405] INFO  handler.ContextHandler (ContextHandler.java:doStart(915)) - Started o.e.j.s.ServletContextHandler@210266ef{logs,/logs,file:///home/runner/work/ozone/ozone/hadoop-ozone/integration-test/target/log,AVAILABLE}
2022-06-19 13:08:37,342 [Listener at 127.0.0.1/38405] INFO  handler.ContextHandler (ContextHandler.java:doStart(915)) - Started o.e.j.s.ServletContextHandler@4542f596{static,/static,jar:file:/home/runner/.m2/repository/org/apache/ozone/hdds-container-service/1.3.0-SNAPSHOT/hdds-container-service-1.3.0-SNAPSHOT.jar!/webapps/static,AVAILABLE}
2022-06-19 13:08:38,026 [Listener at 127.0.0.1/38405] INFO  handler.ContextHandler (ContextHandler.java:doStart(915)) - Started o.e.j.w.WebAppContext@6e7f8496{hddsDatanode,/,file:///tmp/jetty-0_0_0_0-33747-hdds-container-service-1_3_0-SNAPSHOT_jar-_-any-103738453500317007/webapp/,AVAILABLE}{jar:file:/home/runner/.m2/repository/org/apache/ozone/hdds-container-service/1.3.0-SNAPSHOT/hdds-container-service-1.3.0-SNAPSHOT.jar!/webapps/hddsDatanode}
2022-06-19 13:08:38,049 [EndpointStateMachine task thread for /0.0.0.0:40153 - 0 ] INFO  volume.HddsVolume (HddsVolume.java:createDbStore(309)) - SchemaV3 db is created and loaded at /home/runner/work/ozone/ozone/hadoop-ozone/integration-test/target/test-dir/MiniOzoneClusterImpl-c742643d-ef9b-4334-85a5-eeb69d8d8f7b/datanode-0/data-0/containers/hdds/c742643d-ef9b-4334-85a5-eeb69d8d8f7b/DS-42fb5c31-364c-4daf-b533-35f4651a297e/container.db for volume DS-42fb5c31-364c-4daf-b533-35f4651a297e
2022-06-19 13:08:38,072 [Listener at 127.0.0.1/38405] INFO  server.AbstractConnector (AbstractConnector.java:doStart(331)) - Started ServerConnector@2841bdfa{HTTP/1.1, (http/1.1)}{0.0.0.0:33747}
2022-06-19 13:08:38,073 [Listener at 127.0.0.1/38405] INFO  server.Server (Server.java:doStart(415)) - Started @238309ms
2022-06-19 13:08:38,098 [EndpointStateMachine task thread for /0.0.0.0:40153 - 0 ] INFO  volume.HddsVolume (HddsVolume.java:closeDbStore(340)) - SchemaV3 db is stopped at /home/runner/work/ozone/ozone/hadoop-ozone/integration-test/target/test-dir/MiniOzoneClusterImpl-c742643d-ef9b-4334-85a5-eeb69d8d8f7b/datanode-0/data-0/containers/hdds/c742643d-ef9b-4334-85a5-eeb69d8d8f7b/DS-42fb5c31-364c-4daf-b533-35f4651a297e/container.db for volume DS-42fb5c31-364c-4daf-b533-35f4651a297e
2022-06-19 13:08:38,098 [EndpointStateMachine task thread for /0.0.0.0:40153 - 0 ] INFO  ozoneimpl.OzoneContainer (OzoneContainer.java:start(344)) - Attempting to start container services.
2022-06-19 13:08:38,098 [EndpointStateMachine task thread for /0.0.0.0:40153 - 0 ] INFO  ozoneimpl.OzoneContainer (OzoneContainer.java:startContainerScrub(279)) - Background container scanner has been disabled.
2022-06-19 13:08:38,099 [Listener at 127.0.0.1/38405] WARN  impl.MetricsSystemImpl (MetricsSystemImpl.java:register(279)) - Sink prometheus already exists!
2022-06-19 13:08:38,099 [Listener at 127.0.0.1/38405] INFO  http.BaseHttpServer (BaseHttpServer.java:updateConnectorAddress(329)) - HTTP server of hddsDatanode listening at http://0.0.0.0:33747
2022-06-19 13:08:38,147 [EndpointStateMachine task thread for /0.0.0.0:40153 - 0 ] INFO  replication.ReplicationServer (ReplicationServer.java:start(111)) - ReplicationServer is started using port 35087
2022-06-19 13:08:38,148 [EndpointStateMachine task thread for /0.0.0.0:40153 - 0 ] INFO  ratis.XceiverServerRatis (XceiverServerRatis.java:start(481)) - Starting XceiverServerRatis 159ddede-8ddd-4508-a461-c1de976ef966
2022-06-19 13:08:38,148 [EndpointStateMachine task thread for /0.0.0.0:40153 - 0 ] INFO  server.RaftServer (RaftServerProxy.java:lambda$start$6(382)) - 159ddede-8ddd-4508-a461-c1de976ef966: start RPC server
2022-06-19 13:08:38,170 [EndpointStateMachine task thread for /0.0.0.0:40153 - 0 ] INFO  server.GrpcService (GrpcService.java:startImpl(260)) - 159ddede-8ddd-4508-a461-c1de976ef966: GrpcService started, listening on 35015
2022-06-19 13:08:38,170 [EndpointStateMachine task thread for /0.0.0.0:40153 - 0 ] INFO  ratis.XceiverServerRatis (XceiverServerRatis.java:getRealPort(502)) - XceiverServerRatis 159ddede-8ddd-4508-a461-c1de976ef966 is started using port 35015 for RATIS
2022-06-19 13:08:38,170 [EndpointStateMachine task thread for /0.0.0.0:40153 - 0 ] INFO  ratis.XceiverServerRatis (XceiverServerRatis.java:getRealPort(502)) - XceiverServerRatis 159ddede-8ddd-4508-a461-c1de976ef966 is started using port 35015 for RATIS_ADMIN
2022-06-19 13:08:38,170 [EndpointStateMachine task thread for /0.0.0.0:40153 - 0 ] INFO  ratis.XceiverServerRatis (XceiverServerRatis.java:getRealPort(502)) - XceiverServerRatis 159ddede-8ddd-4508-a461-c1de976ef966 is started using port 35015 for RATIS_SERVER
2022-06-19 13:08:38,171 [org.apache.ratis.util.JvmPauseMonitor$$Lambda$627/819749933@77211406] INFO  util.JvmPauseMonitor (JvmPauseMonitor.java:run(103)) - JvmPauseMonitor-159ddede-8ddd-4508-a461-c1de976ef966: Started
2022-06-19 13:08:38,172 [Datanode State Machine Daemon Thread] INFO  statemachine.DatanodeStateMachine (DatanodeStateMachine.java:lambda$startDaemon$0(492)) - Ozone container server started.
2022-06-19 13:08:38,221 [Listener at 127.0.0.1/38405] INFO  impl.MetricsSystemImpl (MetricsSystemImpl.java:init(158)) - HddsDatanode metrics system started (again)
2022-06-19 13:08:38,292 [Listener at 127.0.0.1/38405] INFO  ozone.HddsDatanodeService (HddsDatanodeService.java:start(236)) - HddsDatanodeService host:fv-az58-449.32bp4kehjaiexiom31oljkjdjg.cx.internal.cloudapp.net ip:10.1.0.4
2022-06-19 13:08:38,294 [org.apache.hadoop.util.JvmPauseMonitor$Monitor@5ca32454] INFO  util.JvmPauseMonitor (JvmPauseMonitor.java:run(188)) - Starting JVM pause monitor
2022-06-19 13:08:38,333 [EndpointStateMachine task thread for /0.0.0.0:40153 - 0 ] INFO  server.XceiverServerGrpc (XceiverServerGrpc.java:start(180)) - XceiverServerGrpc 159ddede-8ddd-4508-a461-c1de976ef966 is started using port 36739
2022-06-19 13:08:38,341 [Datanode State Machine Task Thread - 0] INFO  datanode.InitDatanodeState (InitDatanodeState.java:persistContainerDatanodeDetails(138)) - DatanodeDetails is persisted to /home/runner/work/ozone/ozone/hadoop-ozone/integration-test/target/test-dir/MiniOzoneClusterImpl-c742643d-ef9b-4334-85a5-eeb69d8d8f7b/datanode-2/meta/datanode.id
2022-06-19 13:08:38,414 [Listener at 127.0.0.1/38405] INFO  upgrade.AbstractLayoutVersionManager (AbstractLayoutVersionManager.java:init(82)) - Initializing Layout version manager with metadata layout = DATANODE_SCHEMA_V3 (version = 4), software layout = DATANODE_SCHEMA_V3 (version = 4)
2022-06-19 13:08:38,492 [Listener at 127.0.0.1/38405] INFO  reflections.Reflections (Reflections.java:scan(232)) - Reflections took 76 ms to scan 7 urls, producing 131 keys and 315 values 
2022-06-19 13:08:38,497 [Listener at 127.0.0.1/38405] INFO  statemachine.DatanodeStateMachine (DatanodeStateMachine.java:getEndPointTaskThreadPoolSize(237)) - Datanode State Machine Task Thread Pool size 2
2022-06-19 13:08:38,516 [Listener at 127.0.0.1/38405] INFO  volume.HddsVolume (HddsVolume.java:<init>(116)) - Creating HddsVolume: /home/runner/work/ozone/ozone/hadoop-ozone/integration-test/target/test-dir/MiniOzoneClusterImpl-c742643d-ef9b-4334-85a5-eeb69d8d8f7b/datanode-3/data-0/containers/hdds of storage type : DISK capacity : 9223372036854775807
2022-06-19 13:08:38,516 [Listener at 127.0.0.1/38405] INFO  volume.MutableVolumeSet (MutableVolumeSet.java:initializeVolumeSet(174)) - Added Volume : /home/runner/work/ozone/ozone/hadoop-ozone/integration-test/target/test-dir/MiniOzoneClusterImpl-c742643d-ef9b-4334-85a5-eeb69d8d8f7b/datanode-3/data-0/containers/hdds to VolumeSet
2022-06-19 13:08:38,516 [Listener at 127.0.0.1/38405] INFO  volume.ThrottledAsyncChecker (ThrottledAsyncChecker.java:schedule(141)) - Scheduling a check for /home/runner/work/ozone/ozone/hadoop-ozone/integration-test/target/test-dir/MiniOzoneClusterImpl-c742643d-ef9b-4334-85a5-eeb69d8d8f7b/datanode-3/data-0/containers/hdds
2022-06-19 13:08:38,569 [Listener at 127.0.0.1/38405] INFO  volume.StorageVolumeChecker (StorageVolumeChecker.java:checkAllVolumes(202)) - Scheduled health check for volume /home/runner/work/ozone/ozone/hadoop-ozone/integration-test/target/test-dir/MiniOzoneClusterImpl-c742643d-ef9b-4334-85a5-eeb69d8d8f7b/datanode-3/data-0/containers/hdds
2022-06-19 13:08:38,609 [Listener at 127.0.0.1/38405] INFO  volume.MutableVolumeSet (MutableVolumeSet.java:initializeVolumeSet(174)) - Added Volume : /home/runner/work/ozone/ozone/hadoop-ozone/integration-test/target/test-dir/MiniOzoneClusterImpl-c742643d-ef9b-4334-85a5-eeb69d8d8f7b/datanode-3/data/ratis to VolumeSet
2022-06-19 13:08:38,609 [Listener at 127.0.0.1/38405] INFO  volume.ThrottledAsyncChecker (ThrottledAsyncChecker.java:schedule(141)) - Scheduling a check for /home/runner/work/ozone/ozone/hadoop-ozone/integration-test/target/test-dir/MiniOzoneClusterImpl-c742643d-ef9b-4334-85a5-eeb69d8d8f7b/datanode-3/data/ratis
2022-06-19 13:08:38,625 [Listener at 127.0.0.1/38405] INFO  volume.StorageVolumeChecker (StorageVolumeChecker.java:checkAllVolumes(202)) - Scheduled health check for volume /home/runner/work/ozone/ozone/hadoop-ozone/integration-test/target/test-dir/MiniOzoneClusterImpl-c742643d-ef9b-4334-85a5-eeb69d8d8f7b/datanode-3/data/ratis
2022-06-19 13:08:38,661 [Thread-1506] INFO  ozoneimpl.ContainerReader (ContainerReader.java:readVolume(172)) - Finish verifying containers on volume /home/runner/work/ozone/ozone/hadoop-ozone/integration-test/target/test-dir/MiniOzoneClusterImpl-c742643d-ef9b-4334-85a5-eeb69d8d8f7b/datanode-3/data-0/containers/hdds
2022-06-19 13:08:38,661 [Listener at 127.0.0.1/38405] INFO  ozoneimpl.OzoneContainer (OzoneContainer.java:buildContainerSet(266)) - Build ContainerSet costs 0s
2022-06-19 13:08:38,663 [Listener at 127.0.0.1/38405] INFO  server.RaftServer (ConfUtils.java:logGet(46)) - raft.rpc.type = GRPC (default)
2022-06-19 13:08:38,663 [Listener at 127.0.0.1/38405] INFO  grpc.GrpcFactory (GrpcFactory.java:checkPooledByteBufAllocatorUseCacheForAllThreads(48)) - PERFORMANCE WARNING: useCacheForAllThreads is true that may cause Netty to create a lot garbage objects and, as a result, trigger GC.
	It is recommended to disable useCacheForAllThreads by setting -Dorg.apache.ratis.thirdparty.io.netty.allocator.useCacheForAllThreads=false in command line.
2022-06-19 13:08:38,663 [Listener at 127.0.0.1/38405] INFO  grpc.GrpcConfigKeys (ConfUtils.java:logGet(46)) - raft.grpc.admin.port = 0 (custom)
2022-06-19 13:08:38,663 [Listener at 127.0.0.1/38405] INFO  grpc.GrpcConfigKeys (ConfUtils.java:logGet(46)) - raft.grpc.client.port = 0 (custom)
2022-06-19 13:08:38,663 [Listener at 127.0.0.1/38405] INFO  grpc.GrpcConfigKeys (ConfUtils.java:logGet(46)) - raft.grpc.server.port = 0 (default)
2022-06-19 13:08:38,663 [Listener at 127.0.0.1/38405] INFO  server.GrpcService (ConfUtils.java:logGet(46)) - raft.grpc.message.size.max = 32MB (=33554432) (custom)
2022-06-19 13:08:38,664 [Listener at 127.0.0.1/38405] INFO  server.RaftServerConfigKeys (ConfUtils.java:logGet(46)) - raft.server.log.appender.buffer.byte-limit = 33554432 (custom)
2022-06-19 13:08:38,664 [Listener at 127.0.0.1/38405] INFO  server.GrpcService (ConfUtils.java:logGet(46)) - raft.grpc.flow.control.window = 5MB (=5242880) (custom)
2022-06-19 13:08:38,664 [Listener at 127.0.0.1/38405] INFO  server.RaftServerConfigKeys (ConfUtils.java:logGet(46)) - raft.server.rpc.request.timeout = 60s (custom)
2022-06-19 13:08:38,664 [Listener at 127.0.0.1/38405] INFO  grpc.GrpcConfigKeys (ConfUtils.java:logGet(46)) - raft.grpc.server.async.request.thread.pool.cached = true (default)
2022-06-19 13:08:38,664 [Listener at 127.0.0.1/38405] INFO  grpc.GrpcConfigKeys (ConfUtils.java:logGet(46)) - raft.grpc.server.async.request.thread.pool.size = 32 (default)
2022-06-19 13:08:38,665 [Listener at 127.0.0.1/38405] INFO  impl.DataStreamServerImpl (ConfUtils.java:logGet(46)) - raft.datastream.type = DISABLED (default)
2022-06-19 13:08:38,665 [Listener at 127.0.0.1/38405] INFO  server.RaftServerConfigKeys (ConfUtils.java:logGet(46)) - raft.server.threadpool.proxy.cached = true (default)
2022-06-19 13:08:38,665 [Listener at 127.0.0.1/38405] INFO  server.RaftServerConfigKeys (ConfUtils.java:logGet(46)) - raft.server.threadpool.proxy.size = 0 (default)
2022-06-19 13:08:38,665 [Listener at 127.0.0.1/38405] INFO  server.RaftServerConfigKeys (ConfUtils.java:logGet(46)) - raft.server.rpc.slowness.timeout = 300s (custom)
2022-06-19 13:08:38,665 [Listener at 127.0.0.1/38405] INFO  server.RaftServerConfigKeys (ConfUtils.java:logGet(46)) - raft.server.leaderelection.leader.step-down.wait-time = 10s (default)
2022-06-19 13:08:38,666 [Listener at 127.0.0.1/38405] INFO  server.RaftServerConfigKeys (ConfUtils.java:logGet(46)) - raft.server.storage.dir = [/home/runner/work/ozone/ozone/hadoop-ozone/integration-test/target/test-dir/MiniOzoneClusterImpl-c742643d-ef9b-4334-85a5-eeb69d8d8f7b/datanode-3/data/ratis] (custom)
2022-06-19 13:08:38,672 [Listener at 127.0.0.1/38405] INFO  server.XceiverServerGrpc (XceiverServerGrpc.java:<init>(132)) - GrpcServer channel type EpollServerSocketChannel
2022-06-19 13:08:38,733 [Listener at 127.0.0.1/38405] INFO  http.BaseHttpServer (BaseHttpServer.java:newHttpServer2BuilderForOzone(209)) - Starting Web-server for hddsDatanode at: http://0.0.0.0:0
2022-06-19 13:08:38,734 [Listener at 127.0.0.1/38405] INFO  http.BaseHttpServer (BaseHttpServer.java:<init>(107)) - Hadoop Security Enabled: false Ozone Security Enabled: false Ozone HTTP Security Enabled: false 
2022-06-19 13:08:38,734 [Listener at 127.0.0.1/38405] INFO  server.AuthenticationFilter (AuthenticationFilter.java:constructSecretProvider(240)) - Unable to initialize FileSignerSecretProvider, falling back to use random secrets.
2022-06-19 13:08:38,773 [Listener at 127.0.0.1/38405] WARN  http.HttpRequestLog (HttpRequestLog.java:getRequestLog(103)) - Jetty request log can only be enabled using Log4j
2022-06-19 13:08:38,774 [Listener at 127.0.0.1/38405] INFO  http.HttpServer2 (HttpServer2.java:addGlobalFilter(1029)) - Added global filter 'safety' (class=org.apache.hadoop.hdds.server.http.HttpServer2$QuotingInputFilter)
2022-06-19 13:08:38,775 [Listener at 127.0.0.1/38405] INFO  http.HttpServer2 (HttpServer2.java:addFilter(1005)) - Added filter static_user_filter (class=org.apache.hadoop.http.lib.StaticUserWebFilter$StaticUserFilter) to context hddsDatanode
2022-06-19 13:08:38,775 [Listener at 127.0.0.1/38405] INFO  http.HttpServer2 (HttpServer2.java:addFilter(1013)) - Added filter static_user_filter (class=org.apache.hadoop.http.lib.StaticUserWebFilter$StaticUserFilter) to context static
2022-06-19 13:08:38,775 [Listener at 127.0.0.1/38405] INFO  http.HttpServer2 (HttpServer2.java:addFilter(1013)) - Added filter static_user_filter (class=org.apache.hadoop.http.lib.StaticUserWebFilter$StaticUserFilter) to context logs
2022-06-19 13:08:38,775 [Listener at 127.0.0.1/38405] INFO  http.HttpServer2 (HttpServer2.java:bindListener(1248)) - Jetty bound to port 43133
2022-06-19 13:08:38,775 [Listener at 127.0.0.1/38405] INFO  server.Server (Server.java:doStart(375)) - jetty-9.4.43.v20210629; built: 2021-06-30T11:07:22.254Z; git: 526006ecfa3af7f1a27ef3a288e2bef7ea9dd7e8; jvm 1.8.0_332-b09
2022-06-19 13:08:38,834 [Listener at 127.0.0.1/38405] INFO  server.session (DefaultSessionIdManager.java:doStart(334)) - DefaultSessionIdManager workerName=node0
2022-06-19 13:08:38,834 [Listener at 127.0.0.1/38405] INFO  server.session (DefaultSessionIdManager.java:doStart(339)) - No SessionScavenger set, using defaults
2022-06-19 13:08:38,834 [Listener at 127.0.0.1/38405] INFO  server.session (HouseKeeper.java:startScavenging(132)) - node0 Scavenging every 660000ms
2022-06-19 13:08:38,857 [Listener at 127.0.0.1/38405] INFO  handler.ContextHandler (ContextHandler.java:doStart(915)) - Started o.e.j.s.ServletContextHandler@57539d89{logs,/logs,file:///home/runner/work/ozone/ozone/hadoop-ozone/integration-test/target/log,AVAILABLE}
2022-06-19 13:08:38,858 [Listener at 127.0.0.1/38405] INFO  handler.ContextHandler (ContextHandler.java:doStart(915)) - Started o.e.j.s.ServletContextHandler@43e13a93{static,/static,jar:file:/home/runner/.m2/repository/org/apache/ozone/hdds-container-service/1.3.0-SNAPSHOT/hdds-container-service-1.3.0-SNAPSHOT.jar!/webapps/static,AVAILABLE}
2022-06-19 13:08:39,022 [EndpointStateMachine task thread for /0.0.0.0:40153 - 0 ] INFO  volume.HddsVolume (HddsVolume.java:createDbStore(309)) - SchemaV3 db is created and loaded at /home/runner/work/ozone/ozone/hadoop-ozone/integration-test/target/test-dir/MiniOzoneClusterImpl-c742643d-ef9b-4334-85a5-eeb69d8d8f7b/datanode-1/data-0/containers/hdds/c742643d-ef9b-4334-85a5-eeb69d8d8f7b/DS-bbb87f87-d5ac-4747-9b01-c8b337019a75/container.db for volume DS-bbb87f87-d5ac-4747-9b01-c8b337019a75
2022-06-19 13:08:39,069 [EndpointStateMachine task thread for /0.0.0.0:40153 - 0 ] INFO  volume.HddsVolume (HddsVolume.java:closeDbStore(340)) - SchemaV3 db is stopped at /home/runner/work/ozone/ozone/hadoop-ozone/integration-test/target/test-dir/MiniOzoneClusterImpl-c742643d-ef9b-4334-85a5-eeb69d8d8f7b/datanode-1/data-0/containers/hdds/c742643d-ef9b-4334-85a5-eeb69d8d8f7b/DS-bbb87f87-d5ac-4747-9b01-c8b337019a75/container.db for volume DS-bbb87f87-d5ac-4747-9b01-c8b337019a75
2022-06-19 13:08:39,069 [EndpointStateMachine task thread for /0.0.0.0:40153 - 0 ] INFO  ozoneimpl.OzoneContainer (OzoneContainer.java:start(344)) - Attempting to start container services.
2022-06-19 13:08:39,069 [EndpointStateMachine task thread for /0.0.0.0:40153 - 0 ] INFO  ozoneimpl.OzoneContainer (OzoneContainer.java:startContainerScrub(279)) - Background container scanner has been disabled.
2022-06-19 13:08:39,110 [EndpointStateMachine task thread for /0.0.0.0:40153 - 0 ] INFO  replication.ReplicationServer (ReplicationServer.java:start(111)) - ReplicationServer is started using port 44057
2022-06-19 13:08:39,110 [EndpointStateMachine task thread for /0.0.0.0:40153 - 0 ] INFO  ratis.XceiverServerRatis (XceiverServerRatis.java:start(481)) - Starting XceiverServerRatis 001c296a-5799-42a4-87a9-6a5b930e2f27
2022-06-19 13:08:39,117 [EndpointStateMachine task thread for /0.0.0.0:40153 - 0 ] INFO  server.RaftServer (RaftServerProxy.java:lambda$start$6(382)) - 001c296a-5799-42a4-87a9-6a5b930e2f27: start RPC server
2022-06-19 13:08:39,133 [EndpointStateMachine task thread for /0.0.0.0:40153 - 0 ] INFO  server.GrpcService (GrpcService.java:startImpl(260)) - 001c296a-5799-42a4-87a9-6a5b930e2f27: GrpcService started, listening on 45007
2022-06-19 13:08:39,135 [EndpointStateMachine task thread for /0.0.0.0:40153 - 0 ] INFO  ratis.XceiverServerRatis (XceiverServerRatis.java:getRealPort(502)) - XceiverServerRatis 001c296a-5799-42a4-87a9-6a5b930e2f27 is started using port 45007 for RATIS
2022-06-19 13:08:39,135 [EndpointStateMachine task thread for /0.0.0.0:40153 - 0 ] INFO  ratis.XceiverServerRatis (XceiverServerRatis.java:getRealPort(502)) - XceiverServerRatis 001c296a-5799-42a4-87a9-6a5b930e2f27 is started using port 45007 for RATIS_ADMIN
2022-06-19 13:08:39,135 [EndpointStateMachine task thread for /0.0.0.0:40153 - 0 ] INFO  ratis.XceiverServerRatis (XceiverServerRatis.java:getRealPort(502)) - XceiverServerRatis 001c296a-5799-42a4-87a9-6a5b930e2f27 is started using port 45007 for RATIS_SERVER
2022-06-19 13:08:39,135 [org.apache.ratis.util.JvmPauseMonitor$$Lambda$627/819749933@432e6bc2] INFO  util.JvmPauseMonitor (JvmPauseMonitor.java:run(103)) - JvmPauseMonitor-001c296a-5799-42a4-87a9-6a5b930e2f27: Started
2022-06-19 13:08:39,238 [EndpointStateMachine task thread for /0.0.0.0:40153 - 0 ] INFO  server.XceiverServerGrpc (XceiverServerGrpc.java:start(180)) - XceiverServerGrpc 001c296a-5799-42a4-87a9-6a5b930e2f27 is started using port 42551
2022-06-19 13:08:39,826 [IPC Server handler 3 on default port 40153] INFO  net.NetworkTopologyImpl (NetworkTopologyImpl.java:add(112)) - Added a new node: /default-rack/159ddede-8ddd-4508-a461-c1de976ef966
2022-06-19 13:08:39,826 [IPC Server handler 3 on default port 40153] INFO  node.SCMNodeManager (SCMNodeManager.java:register(394)) - Registered Data node : 159ddede-8ddd-4508-a461-c1de976ef966{ip: 10.1.0.4, host: fv-az58-449.32bp4kehjaiexiom31oljkjdjg.cx.internal.cloudapp.net, ports: [REPLICATION=35087, RATIS=35015, RATIS_ADMIN=35015, RATIS_SERVER=35015, STANDALONE=36739], networkLocation: /default-rack, certSerialId: null, persistedOpState: null, persistedOpStateExpiryEpochSec: 0}
2022-06-19 13:08:39,828 [EventQueue-NodeRegistrationContainerReportForContainerSafeModeRule] INFO  safemode.SCMSafeModeManager (SCMSafeModeManager.java:validateSafeModeExitRules(204)) - ContainerSafeModeRule rule is successfully validated
2022-06-19 13:08:39,829 [EventQueue-NodeRegistrationContainerReportForDataNodeSafeModeRule] INFO  safemode.SCMSafeModeManager (DataNodeSafeModeRule.java:process(71)) - SCM in safe mode. 1 DataNodes registered, 3 required.
2022-06-19 13:08:39,835 [Listener at 127.0.0.1/38405] INFO  handler.ContextHandler (ContextHandler.java:doStart(915)) - Started o.e.j.w.WebAppContext@35cfc8c5{hddsDatanode,/,file:///tmp/jetty-0_0_0_0-43133-hdds-container-service-1_3_0-SNAPSHOT_jar-_-any-7746789409943536099/webapp/,AVAILABLE}{jar:file:/home/runner/.m2/repository/org/apache/ozone/hdds-container-service/1.3.0-SNAPSHOT/hdds-container-service-1.3.0-SNAPSHOT.jar!/webapps/hddsDatanode}
2022-06-19 13:08:39,866 [EventQueue-NewNodeForNewNodeHandler] INFO  pipeline.BackgroundPipelineCreator (BackgroundPipelineCreator.java:notifyEventTriggered(272)) - trigger a one-shot run on RatisPipelineUtilsThread.
2022-06-19 13:08:39,866 [Listener at 127.0.0.1/38405] INFO  server.AbstractConnector (AbstractConnector.java:doStart(331)) - Started ServerConnector@6812e86e{HTTP/1.1, (http/1.1)}{0.0.0.0:43133}
2022-06-19 13:08:39,866 [Listener at 127.0.0.1/38405] INFO  server.Server (Server.java:doStart(415)) - Started @240103ms
2022-06-19 13:08:39,866 [Listener at 127.0.0.1/38405] WARN  impl.MetricsSystemImpl (MetricsSystemImpl.java:register(279)) - Sink prometheus already exists!
2022-06-19 13:08:39,867 [RatisPipelineUtilsThread - 0] INFO  pipeline.RatisPipelineProvider (RatisPipelineProvider.java:lambda$create$0(195)) - Sending CreatePipelineCommand for pipeline:PipelineID=522e2bb9-53c4-486c-95e8-f644dcd34cad to datanode:159ddede-8ddd-4508-a461-c1de976ef966
2022-06-19 13:08:39,868 [EventQueue-PipelineReportForOneReplicaPipelineSafeModeRule] INFO  safemode.SCMSafeModeManager (SCMSafeModeManager.java:validateSafeModeExitRules(204)) - AtleastOneDatanodeReportedRule rule is successfully validated
2022-06-19 13:08:39,869 [Listener at 127.0.0.1/38405] INFO  http.BaseHttpServer (BaseHttpServer.java:updateConnectorAddress(329)) - HTTP server of hddsDatanode listening at http://0.0.0.0:43133
2022-06-19 13:08:39,873 [Listener at 127.0.0.1/38405] INFO  impl.MetricsSystemImpl (MetricsSystemImpl.java:init(158)) - HddsDatanode metrics system started (again)
2022-06-19 13:08:39,873 [RatisPipelineUtilsThread - 0] INFO  pipeline.PipelineStateManagerImpl (PipelineStateManagerImpl.java:addPipeline(101)) - Created pipeline Pipeline[ Id: 522e2bb9-53c4-486c-95e8-f644dcd34cad, Nodes: 159ddede-8ddd-4508-a461-c1de976ef966{ip: 10.1.0.4, host: fv-az58-449.32bp4kehjaiexiom31oljkjdjg.cx.internal.cloudapp.net, ports: [REPLICATION=35087, RATIS=35015, RATIS_ADMIN=35015, RATIS_SERVER=35015, STANDALONE=36739], networkLocation: /default-rack, certSerialId: null, persistedOpState: IN_SERVICE, persistedOpStateExpiryEpochSec: 0}, ReplicationConfig: RATIS/ONE, State:ALLOCATED, leaderId:, CreationTimestamp2022-06-19T13:08:39.867Z[Etc/UTC]].
2022-06-19 13:08:39,881 [Datanode State Machine Daemon Thread] INFO  statemachine.DatanodeStateMachine (DatanodeStateMachine.java:lambda$startDaemon$0(492)) - Ozone container server started.
2022-06-19 13:08:39,936 [Listener at 127.0.0.1/38405] INFO  ozone.HddsDatanodeService (HddsDatanodeService.java:start(236)) - HddsDatanodeService host:fv-az58-449.32bp4kehjaiexiom31oljkjdjg.cx.internal.cloudapp.net ip:10.1.0.4
2022-06-19 13:08:39,939 [org.apache.hadoop.util.JvmPauseMonitor$Monitor@f326400] INFO  util.JvmPauseMonitor (JvmPauseMonitor.java:run(188)) - Starting JVM pause monitor
2022-06-19 13:08:39,942 [Datanode State Machine Task Thread - 0] INFO  datanode.InitDatanodeState (InitDatanodeState.java:persistContainerDatanodeDetails(138)) - DatanodeDetails is persisted to /home/runner/work/ozone/ozone/hadoop-ozone/integration-test/target/test-dir/MiniOzoneClusterImpl-c742643d-ef9b-4334-85a5-eeb69d8d8f7b/datanode-3/meta/datanode.id
2022-06-19 13:08:39,996 [Listener at 127.0.0.1/38405] INFO  upgrade.AbstractLayoutVersionManager (AbstractLayoutVersionManager.java:init(82)) - Initializing Layout version manager with metadata layout = DATANODE_SCHEMA_V3 (version = 4), software layout = DATANODE_SCHEMA_V3 (version = 4)
2022-06-19 13:08:40,125 [Listener at 127.0.0.1/38405] INFO  reflections.Reflections (Reflections.java:scan(232)) - Reflections took 128 ms to scan 7 urls, producing 131 keys and 315 values 
2022-06-19 13:08:40,132 [Listener at 127.0.0.1/38405] INFO  statemachine.DatanodeStateMachine (DatanodeStateMachine.java:getEndPointTaskThreadPoolSize(237)) - Datanode State Machine Task Thread Pool size 2
2022-06-19 13:08:40,169 [Listener at 127.0.0.1/38405] INFO  volume.HddsVolume (HddsVolume.java:<init>(116)) - Creating HddsVolume: /home/runner/work/ozone/ozone/hadoop-ozone/integration-test/target/test-dir/MiniOzoneClusterImpl-c742643d-ef9b-4334-85a5-eeb69d8d8f7b/datanode-4/data-0/containers/hdds of storage type : DISK capacity : 9223372036854775807
2022-06-19 13:08:40,169 [Listener at 127.0.0.1/38405] INFO  volume.MutableVolumeSet (MutableVolumeSet.java:initializeVolumeSet(174)) - Added Volume : /home/runner/work/ozone/ozone/hadoop-ozone/integration-test/target/test-dir/MiniOzoneClusterImpl-c742643d-ef9b-4334-85a5-eeb69d8d8f7b/datanode-4/data-0/containers/hdds to VolumeSet
2022-06-19 13:08:40,169 [Listener at 127.0.0.1/38405] INFO  volume.ThrottledAsyncChecker (ThrottledAsyncChecker.java:schedule(141)) - Scheduling a check for /home/runner/work/ozone/ozone/hadoop-ozone/integration-test/target/test-dir/MiniOzoneClusterImpl-c742643d-ef9b-4334-85a5-eeb69d8d8f7b/datanode-4/data-0/containers/hdds
2022-06-19 13:08:40,182 [Listener at 127.0.0.1/38405] INFO  volume.StorageVolumeChecker (StorageVolumeChecker.java:checkAllVolumes(202)) - Scheduled health check for volume /home/runner/work/ozone/ozone/hadoop-ozone/integration-test/target/test-dir/MiniOzoneClusterImpl-c742643d-ef9b-4334-85a5-eeb69d8d8f7b/datanode-4/data-0/containers/hdds
2022-06-19 13:08:40,192 [Listener at 127.0.0.1/38405] INFO  volume.MutableVolumeSet (MutableVolumeSet.java:initializeVolumeSet(174)) - Added Volume : /home/runner/work/ozone/ozone/hadoop-ozone/integration-test/target/test-dir/MiniOzoneClusterImpl-c742643d-ef9b-4334-85a5-eeb69d8d8f7b/datanode-4/data/ratis to VolumeSet
2022-06-19 13:08:40,192 [Listener at 127.0.0.1/38405] INFO  volume.ThrottledAsyncChecker (ThrottledAsyncChecker.java:schedule(141)) - Scheduling a check for /home/runner/work/ozone/ozone/hadoop-ozone/integration-test/target/test-dir/MiniOzoneClusterImpl-c742643d-ef9b-4334-85a5-eeb69d8d8f7b/datanode-4/data/ratis
2022-06-19 13:08:40,201 [Listener at 127.0.0.1/38405] INFO  volume.StorageVolumeChecker (StorageVolumeChecker.java:checkAllVolumes(202)) - Scheduled health check for volume /home/runner/work/ozone/ozone/hadoop-ozone/integration-test/target/test-dir/MiniOzoneClusterImpl-c742643d-ef9b-4334-85a5-eeb69d8d8f7b/datanode-4/data/ratis
2022-06-19 13:08:40,212 [Thread-1528] INFO  ozoneimpl.ContainerReader (ContainerReader.java:readVolume(172)) - Finish verifying containers on volume /home/runner/work/ozone/ozone/hadoop-ozone/integration-test/target/test-dir/MiniOzoneClusterImpl-c742643d-ef9b-4334-85a5-eeb69d8d8f7b/datanode-4/data-0/containers/hdds
2022-06-19 13:08:40,212 [Listener at 127.0.0.1/38405] INFO  ozoneimpl.OzoneContainer (OzoneContainer.java:buildContainerSet(266)) - Build ContainerSet costs 0s
2022-06-19 13:08:40,214 [Listener at 127.0.0.1/38405] INFO  server.RaftServer (ConfUtils.java:logGet(46)) - raft.rpc.type = GRPC (default)
2022-06-19 13:08:40,214 [Listener at 127.0.0.1/38405] INFO  grpc.GrpcFactory (GrpcFactory.java:checkPooledByteBufAllocatorUseCacheForAllThreads(48)) - PERFORMANCE WARNING: useCacheForAllThreads is true that may cause Netty to create a lot garbage objects and, as a result, trigger GC.
	It is recommended to disable useCacheForAllThreads by setting -Dorg.apache.ratis.thirdparty.io.netty.allocator.useCacheForAllThreads=false in command line.
2022-06-19 13:08:40,214 [Listener at 127.0.0.1/38405] INFO  grpc.GrpcConfigKeys (ConfUtils.java:logGet(46)) - raft.grpc.admin.port = 0 (custom)
2022-06-19 13:08:40,214 [Listener at 127.0.0.1/38405] INFO  grpc.GrpcConfigKeys (ConfUtils.java:logGet(46)) - raft.grpc.client.port = 0 (custom)
2022-06-19 13:08:40,214 [Listener at 127.0.0.1/38405] INFO  grpc.GrpcConfigKeys (ConfUtils.java:logGet(46)) - raft.grpc.server.port = 0 (default)
2022-06-19 13:08:40,214 [Listener at 127.0.0.1/38405] INFO  server.GrpcService (ConfUtils.java:logGet(46)) - raft.grpc.message.size.max = 32MB (=33554432) (custom)
2022-06-19 13:08:40,214 [Listener at 127.0.0.1/38405] INFO  server.RaftServerConfigKeys (ConfUtils.java:logGet(46)) - raft.server.log.appender.buffer.byte-limit = 33554432 (custom)
2022-06-19 13:08:40,214 [Listener at 127.0.0.1/38405] INFO  server.GrpcService (ConfUtils.java:logGet(46)) - raft.grpc.flow.control.window = 5MB (=5242880) (custom)
2022-06-19 13:08:40,214 [Listener at 127.0.0.1/38405] INFO  server.RaftServerConfigKeys (ConfUtils.java:logGet(46)) - raft.server.rpc.request.timeout = 60s (custom)
2022-06-19 13:08:40,215 [Listener at 127.0.0.1/38405] INFO  grpc.GrpcConfigKeys (ConfUtils.java:logGet(46)) - raft.grpc.server.async.request.thread.pool.cached = true (default)
2022-06-19 13:08:40,215 [Listener at 127.0.0.1/38405] INFO  grpc.GrpcConfigKeys (ConfUtils.java:logGet(46)) - raft.grpc.server.async.request.thread.pool.size = 32 (default)
2022-06-19 13:08:40,216 [Listener at 127.0.0.1/38405] INFO  impl.DataStreamServerImpl (ConfUtils.java:logGet(46)) - raft.datastream.type = DISABLED (default)
2022-06-19 13:08:40,216 [Listener at 127.0.0.1/38405] INFO  server.RaftServerConfigKeys (ConfUtils.java:logGet(46)) - raft.server.threadpool.proxy.cached = true (default)
2022-06-19 13:08:40,216 [Listener at 127.0.0.1/38405] INFO  server.RaftServerConfigKeys (ConfUtils.java:logGet(46)) - raft.server.threadpool.proxy.size = 0 (default)
2022-06-19 13:08:40,216 [Listener at 127.0.0.1/38405] INFO  server.RaftServerConfigKeys (ConfUtils.java:logGet(46)) - raft.server.rpc.slowness.timeout = 300s (custom)
2022-06-19 13:08:40,216 [Listener at 127.0.0.1/38405] INFO  server.RaftServerConfigKeys (ConfUtils.java:logGet(46)) - raft.server.leaderelection.leader.step-down.wait-time = 10s (default)
2022-06-19 13:08:40,216 [Listener at 127.0.0.1/38405] INFO  server.RaftServerConfigKeys (ConfUtils.java:logGet(46)) - raft.server.storage.dir = [/home/runner/work/ozone/ozone/hadoop-ozone/integration-test/target/test-dir/MiniOzoneClusterImpl-c742643d-ef9b-4334-85a5-eeb69d8d8f7b/datanode-4/data/ratis] (custom)
2022-06-19 13:08:40,218 [Listener at 127.0.0.1/38405] INFO  server.XceiverServerGrpc (XceiverServerGrpc.java:<init>(132)) - GrpcServer channel type EpollServerSocketChannel
2022-06-19 13:08:40,255 [Listener at 127.0.0.1/38405] INFO  http.BaseHttpServer (BaseHttpServer.java:newHttpServer2BuilderForOzone(209)) - Starting Web-server for hddsDatanode at: http://0.0.0.0:0
2022-06-19 13:08:40,255 [Listener at 127.0.0.1/38405] INFO  http.BaseHttpServer (BaseHttpServer.java:<init>(107)) - Hadoop Security Enabled: false Ozone Security Enabled: false Ozone HTTP Security Enabled: false 
2022-06-19 13:08:40,256 [Listener at 127.0.0.1/38405] INFO  server.AuthenticationFilter (AuthenticationFilter.java:constructSecretProvider(240)) - Unable to initialize FileSignerSecretProvider, falling back to use random secrets.
2022-06-19 13:08:40,276 [Listener at 127.0.0.1/38405] WARN  http.HttpRequestLog (HttpRequestLog.java:getRequestLog(103)) - Jetty request log can only be enabled using Log4j
2022-06-19 13:08:40,278 [Listener at 127.0.0.1/38405] INFO  http.HttpServer2 (HttpServer2.java:addGlobalFilter(1029)) - Added global filter 'safety' (class=org.apache.hadoop.hdds.server.http.HttpServer2$QuotingInputFilter)
2022-06-19 13:08:40,278 [Listener at 127.0.0.1/38405] INFO  http.HttpServer2 (HttpServer2.java:addFilter(1005)) - Added filter static_user_filter (class=org.apache.hadoop.http.lib.StaticUserWebFilter$StaticUserFilter) to context hddsDatanode
2022-06-19 13:08:40,278 [Listener at 127.0.0.1/38405] INFO  http.HttpServer2 (HttpServer2.java:addFilter(1013)) - Added filter static_user_filter (class=org.apache.hadoop.http.lib.StaticUserWebFilter$StaticUserFilter) to context static
2022-06-19 13:08:40,278 [Listener at 127.0.0.1/38405] INFO  http.HttpServer2 (HttpServer2.java:addFilter(1013)) - Added filter static_user_filter (class=org.apache.hadoop.http.lib.StaticUserWebFilter$StaticUserFilter) to context logs
2022-06-19 13:08:40,278 [Listener at 127.0.0.1/38405] INFO  http.HttpServer2 (HttpServer2.java:bindListener(1248)) - Jetty bound to port 42671
2022-06-19 13:08:40,279 [Listener at 127.0.0.1/38405] INFO  server.Server (Server.java:doStart(375)) - jetty-9.4.43.v20210629; built: 2021-06-30T11:07:22.254Z; git: 526006ecfa3af7f1a27ef3a288e2bef7ea9dd7e8; jvm 1.8.0_332-b09
2022-06-19 13:08:40,333 [Listener at 127.0.0.1/38405] INFO  server.session (DefaultSessionIdManager.java:doStart(334)) - DefaultSessionIdManager workerName=node0
2022-06-19 13:08:40,333 [Listener at 127.0.0.1/38405] INFO  server.session (DefaultSessionIdManager.java:doStart(339)) - No SessionScavenger set, using defaults
2022-06-19 13:08:40,333 [Listener at 127.0.0.1/38405] INFO  server.session (HouseKeeper.java:startScavenging(132)) - node0 Scavenging every 600000ms
2022-06-19 13:08:40,354 [Listener at 127.0.0.1/38405] INFO  handler.ContextHandler (ContextHandler.java:doStart(915)) - Started o.e.j.s.ServletContextHandler@717020aa{logs,/logs,file:///home/runner/work/ozone/ozone/hadoop-ozone/integration-test/target/log,AVAILABLE}
2022-06-19 13:08:40,354 [Listener at 127.0.0.1/38405] INFO  handler.ContextHandler (ContextHandler.java:doStart(915)) - Started o.e.j.s.ServletContextHandler@3970ddf1{static,/static,jar:file:/home/runner/.m2/repository/org/apache/ozone/hdds-container-service/1.3.0-SNAPSHOT/hdds-container-service-1.3.0-SNAPSHOT.jar!/webapps/static,AVAILABLE}
2022-06-19 13:08:40,518 [EndpointStateMachine task thread for /0.0.0.0:40153 - 0 ] INFO  volume.HddsVolume (HddsVolume.java:createDbStore(309)) - SchemaV3 db is created and loaded at /home/runner/work/ozone/ozone/hadoop-ozone/integration-test/target/test-dir/MiniOzoneClusterImpl-c742643d-ef9b-4334-85a5-eeb69d8d8f7b/datanode-2/data-0/containers/hdds/c742643d-ef9b-4334-85a5-eeb69d8d8f7b/DS-4e271c27-1aab-4b10-8bc8-a4842409da26/container.db for volume DS-4e271c27-1aab-4b10-8bc8-a4842409da26
2022-06-19 13:08:40,541 [EndpointStateMachine task thread for /0.0.0.0:40153 - 0 ] INFO  volume.HddsVolume (HddsVolume.java:closeDbStore(340)) - SchemaV3 db is stopped at /home/runner/work/ozone/ozone/hadoop-ozone/integration-test/target/test-dir/MiniOzoneClusterImpl-c742643d-ef9b-4334-85a5-eeb69d8d8f7b/datanode-2/data-0/containers/hdds/c742643d-ef9b-4334-85a5-eeb69d8d8f7b/DS-4e271c27-1aab-4b10-8bc8-a4842409da26/container.db for volume DS-4e271c27-1aab-4b10-8bc8-a4842409da26
2022-06-19 13:08:40,542 [EndpointStateMachine task thread for /0.0.0.0:40153 - 0 ] INFO  ozoneimpl.OzoneContainer (OzoneContainer.java:start(344)) - Attempting to start container services.
2022-06-19 13:08:40,542 [EndpointStateMachine task thread for /0.0.0.0:40153 - 0 ] INFO  ozoneimpl.OzoneContainer (OzoneContainer.java:startContainerScrub(279)) - Background container scanner has been disabled.
2022-06-19 13:08:40,579 [EndpointStateMachine task thread for /0.0.0.0:40153 - 0 ] INFO  replication.ReplicationServer (ReplicationServer.java:start(111)) - ReplicationServer is started using port 32997
2022-06-19 13:08:40,598 [EndpointStateMachine task thread for /0.0.0.0:40153 - 0 ] INFO  ratis.XceiverServerRatis (XceiverServerRatis.java:start(481)) - Starting XceiverServerRatis eb4bc65c-b727-4ac3-a516-6687464fc4a1
2022-06-19 13:08:40,599 [EndpointStateMachine task thread for /0.0.0.0:40153 - 0 ] INFO  server.RaftServer (RaftServerProxy.java:lambda$start$6(382)) - eb4bc65c-b727-4ac3-a516-6687464fc4a1: start RPC server
2022-06-19 13:08:40,690 [EndpointStateMachine task thread for /0.0.0.0:40153 - 0 ] INFO  server.GrpcService (GrpcService.java:startImpl(260)) - eb4bc65c-b727-4ac3-a516-6687464fc4a1: GrpcService started, listening on 33363
2022-06-19 13:08:40,705 [EndpointStateMachine task thread for /0.0.0.0:40153 - 0 ] INFO  ratis.XceiverServerRatis (XceiverServerRatis.java:getRealPort(502)) - XceiverServerRatis eb4bc65c-b727-4ac3-a516-6687464fc4a1 is started using port 33363 for RATIS
2022-06-19 13:08:40,705 [EndpointStateMachine task thread for /0.0.0.0:40153 - 0 ] INFO  ratis.XceiverServerRatis (XceiverServerRatis.java:getRealPort(502)) - XceiverServerRatis eb4bc65c-b727-4ac3-a516-6687464fc4a1 is started using port 33363 for RATIS_ADMIN
2022-06-19 13:08:40,705 [EndpointStateMachine task thread for /0.0.0.0:40153 - 0 ] INFO  ratis.XceiverServerRatis (XceiverServerRatis.java:getRealPort(502)) - XceiverServerRatis eb4bc65c-b727-4ac3-a516-6687464fc4a1 is started using port 33363 for RATIS_SERVER
2022-06-19 13:08:40,706 [org.apache.ratis.util.JvmPauseMonitor$$Lambda$627/819749933@15128df6] INFO  util.JvmPauseMonitor (JvmPauseMonitor.java:run(103)) - JvmPauseMonitor-eb4bc65c-b727-4ac3-a516-6687464fc4a1: Started
2022-06-19 13:08:40,765 [IPC Server handler 0 on default port 40153] INFO  net.NetworkTopologyImpl (NetworkTopologyImpl.java:add(112)) - Added a new node: /default-rack/001c296a-5799-42a4-87a9-6a5b930e2f27
2022-06-19 13:08:40,766 [IPC Server handler 0 on default port 40153] INFO  node.SCMNodeManager (SCMNodeManager.java:register(394)) - Registered Data node : 001c296a-5799-42a4-87a9-6a5b930e2f27{ip: 10.1.0.4, host: fv-az58-449.32bp4kehjaiexiom31oljkjdjg.cx.internal.cloudapp.net, ports: [REPLICATION=44057, RATIS=45007, RATIS_ADMIN=45007, RATIS_SERVER=45007, STANDALONE=42551], networkLocation: /default-rack, certSerialId: null, persistedOpState: null, persistedOpStateExpiryEpochSec: 0}
2022-06-19 13:08:40,766 [EventQueue-NewNodeForNewNodeHandler] INFO  pipeline.BackgroundPipelineCreator (BackgroundPipelineCreator.java:notifyEventTriggered(272)) - trigger a one-shot run on RatisPipelineUtilsThread.
2022-06-19 13:08:40,789 [EventQueue-NodeRegistrationContainerReportForDataNodeSafeModeRule] INFO  safemode.SCMSafeModeManager (DataNodeSafeModeRule.java:process(71)) - SCM in safe mode. 2 DataNodes registered, 3 required.
2022-06-19 13:08:40,809 [EndpointStateMachine task thread for /0.0.0.0:40153 - 0 ] INFO  server.XceiverServerGrpc (XceiverServerGrpc.java:start(180)) - XceiverServerGrpc eb4bc65c-b727-4ac3-a516-6687464fc4a1 is started using port 33097
2022-06-19 13:08:40,837 [RatisPipelineUtilsThread - 0] INFO  pipeline.RatisPipelineProvider (RatisPipelineProvider.java:lambda$create$0(195)) - Sending CreatePipelineCommand for pipeline:PipelineID=708ba746-ad97-4c41-baeb-491ea2610a30 to datanode:001c296a-5799-42a4-87a9-6a5b930e2f27
2022-06-19 13:08:40,838 [RatisPipelineUtilsThread - 0] INFO  pipeline.PipelineStateManagerImpl (PipelineStateManagerImpl.java:addPipeline(101)) - Created pipeline Pipeline[ Id: 708ba746-ad97-4c41-baeb-491ea2610a30, Nodes: 001c296a-5799-42a4-87a9-6a5b930e2f27{ip: 10.1.0.4, host: fv-az58-449.32bp4kehjaiexiom31oljkjdjg.cx.internal.cloudapp.net, ports: [REPLICATION=44057, RATIS=45007, RATIS_ADMIN=45007, RATIS_SERVER=45007, STANDALONE=42551], networkLocation: /default-rack, certSerialId: null, persistedOpState: IN_SERVICE, persistedOpStateExpiryEpochSec: 0}, ReplicationConfig: RATIS/ONE, State:ALLOCATED, leaderId:, CreationTimestamp2022-06-19T13:08:40.837Z[Etc/UTC]].
2022-06-19 13:08:41,317 [Listener at 127.0.0.1/38405] INFO  handler.ContextHandler (ContextHandler.java:doStart(915)) - Started o.e.j.w.WebAppContext@273b170e{hddsDatanode,/,file:///tmp/jetty-0_0_0_0-42671-hdds-container-service-1_3_0-SNAPSHOT_jar-_-any-8674809586228594751/webapp/,AVAILABLE}{jar:file:/home/runner/.m2/repository/org/apache/ozone/hdds-container-service/1.3.0-SNAPSHOT/hdds-container-service-1.3.0-SNAPSHOT.jar!/webapps/hddsDatanode}
2022-06-19 13:08:41,349 [Listener at 127.0.0.1/38405] INFO  server.AbstractConnector (AbstractConnector.java:doStart(331)) - Started ServerConnector@4908ac6c{HTTP/1.1, (http/1.1)}{0.0.0.0:42671}
2022-06-19 13:08:41,349 [Listener at 127.0.0.1/38405] INFO  server.Server (Server.java:doStart(415)) - Started @241586ms
2022-06-19 13:08:41,350 [Listener at 127.0.0.1/38405] WARN  impl.MetricsSystemImpl (MetricsSystemImpl.java:register(279)) - Sink prometheus already exists!
2022-06-19 13:08:41,350 [Listener at 127.0.0.1/38405] INFO  http.BaseHttpServer (BaseHttpServer.java:updateConnectorAddress(329)) - HTTP server of hddsDatanode listening at http://0.0.0.0:42671
2022-06-19 13:08:41,365 [Datanode State Machine Daemon Thread] INFO  statemachine.DatanodeStateMachine (DatanodeStateMachine.java:lambda$startDaemon$0(492)) - Ozone container server started.
2022-06-19 13:08:41,365 [Listener at 127.0.0.1/38405] INFO  ozone.MiniOzoneClusterImpl (MiniOzoneClusterImpl.java:lambda$waitForClusterToBeReady$0(221)) - Waiting for nodes to be ready. Got 2 of 5 DN Heartbeats.
2022-06-19 13:08:41,367 [Listener at 127.0.0.1/38405] INFO  ozone.MiniOzoneClusterImpl (MiniOzoneClusterImpl.java:lambda$waitForClusterToBeReady$0(224)) - Waiting for cluster to exit safe mode
2022-06-19 13:08:41,367 [Listener at 127.0.0.1/38405] INFO  ozone.MiniOzoneClusterImpl (MiniOzoneClusterImpl.java:lambda$waitForClusterToBeReady$0(226)) - SCM became leader
2022-06-19 13:08:41,389 [org.apache.hadoop.util.JvmPauseMonitor$Monitor@4c68b7d0] INFO  util.JvmPauseMonitor (JvmPauseMonitor.java:run(188)) - Starting JVM pause monitor
2022-06-19 13:08:41,426 [Datanode State Machine Task Thread - 0] INFO  datanode.InitDatanodeState (InitDatanodeState.java:persistContainerDatanodeDetails(138)) - DatanodeDetails is persisted to /home/runner/work/ozone/ozone/hadoop-ozone/integration-test/target/test-dir/MiniOzoneClusterImpl-c742643d-ef9b-4334-85a5-eeb69d8d8f7b/datanode-4/meta/datanode.id
2022-06-19 13:08:42,153 [EndpointStateMachine task thread for /0.0.0.0:40153 - 0 ] INFO  volume.HddsVolume (HddsVolume.java:createDbStore(309)) - SchemaV3 db is created and loaded at /home/runner/work/ozone/ozone/hadoop-ozone/integration-test/target/test-dir/MiniOzoneClusterImpl-c742643d-ef9b-4334-85a5-eeb69d8d8f7b/datanode-3/data-0/containers/hdds/c742643d-ef9b-4334-85a5-eeb69d8d8f7b/DS-29a16d96-e9c8-4658-95cc-d87215789772/container.db for volume DS-29a16d96-e9c8-4658-95cc-d87215789772
2022-06-19 13:08:42,154 [EndpointStateMachine task thread for /0.0.0.0:40153 - 0 ] INFO  volume.HddsVolume (HddsVolume.java:closeDbStore(340)) - SchemaV3 db is stopped at /home/runner/work/ozone/ozone/hadoop-ozone/integration-test/target/test-dir/MiniOzoneClusterImpl-c742643d-ef9b-4334-85a5-eeb69d8d8f7b/datanode-3/data-0/containers/hdds/c742643d-ef9b-4334-85a5-eeb69d8d8f7b/DS-29a16d96-e9c8-4658-95cc-d87215789772/container.db for volume DS-29a16d96-e9c8-4658-95cc-d87215789772
2022-06-19 13:08:42,154 [EndpointStateMachine task thread for /0.0.0.0:40153 - 0 ] INFO  ozoneimpl.OzoneContainer (OzoneContainer.java:start(344)) - Attempting to start container services.
2022-06-19 13:08:42,154 [EndpointStateMachine task thread for /0.0.0.0:40153 - 0 ] INFO  ozoneimpl.OzoneContainer (OzoneContainer.java:startContainerScrub(279)) - Background container scanner has been disabled.
2022-06-19 13:08:42,182 [EndpointStateMachine task thread for /0.0.0.0:40153 - 0 ] INFO  replication.ReplicationServer (ReplicationServer.java:start(111)) - ReplicationServer is started using port 33809
2022-06-19 13:08:42,183 [EndpointStateMachine task thread for /0.0.0.0:40153 - 0 ] INFO  ratis.XceiverServerRatis (XceiverServerRatis.java:start(481)) - Starting XceiverServerRatis 538abff5-f6b4-48da-9c9f-e2c087830672
2022-06-19 13:08:42,183 [EndpointStateMachine task thread for /0.0.0.0:40153 - 0 ] INFO  server.RaftServer (RaftServerProxy.java:lambda$start$6(382)) - 538abff5-f6b4-48da-9c9f-e2c087830672: start RPC server
2022-06-19 13:08:42,187 [EndpointStateMachine task thread for /0.0.0.0:40153 - 0 ] INFO  server.GrpcService (GrpcService.java:startImpl(260)) - 538abff5-f6b4-48da-9c9f-e2c087830672: GrpcService started, listening on 39589
2022-06-19 13:08:42,189 [EndpointStateMachine task thread for /0.0.0.0:40153 - 0 ] INFO  ratis.XceiverServerRatis (XceiverServerRatis.java:getRealPort(502)) - XceiverServerRatis 538abff5-f6b4-48da-9c9f-e2c087830672 is started using port 39589 for RATIS
2022-06-19 13:08:42,189 [EndpointStateMachine task thread for /0.0.0.0:40153 - 0 ] INFO  ratis.XceiverServerRatis (XceiverServerRatis.java:getRealPort(502)) - XceiverServerRatis 538abff5-f6b4-48da-9c9f-e2c087830672 is started using port 39589 for RATIS_ADMIN
2022-06-19 13:08:42,189 [EndpointStateMachine task thread for /0.0.0.0:40153 - 0 ] INFO  ratis.XceiverServerRatis (XceiverServerRatis.java:getRealPort(502)) - XceiverServerRatis 538abff5-f6b4-48da-9c9f-e2c087830672 is started using port 39589 for RATIS_SERVER
2022-06-19 13:08:42,189 [org.apache.ratis.util.JvmPauseMonitor$$Lambda$627/819749933@4a652dc3] INFO  util.JvmPauseMonitor (JvmPauseMonitor.java:run(103)) - JvmPauseMonitor-538abff5-f6b4-48da-9c9f-e2c087830672: Started
2022-06-19 13:08:42,258 [EndpointStateMachine task thread for /0.0.0.0:40153 - 0 ] INFO  server.XceiverServerGrpc (XceiverServerGrpc.java:start(180)) - XceiverServerGrpc 538abff5-f6b4-48da-9c9f-e2c087830672 is started using port 39531
2022-06-19 13:08:42,299 [IPC Server handler 0 on default port 40153] INFO  net.NetworkTopologyImpl (NetworkTopologyImpl.java:add(112)) - Added a new node: /default-rack/eb4bc65c-b727-4ac3-a516-6687464fc4a1
2022-06-19 13:08:42,299 [IPC Server handler 0 on default port 40153] INFO  node.SCMNodeManager (SCMNodeManager.java:register(394)) - Registered Data node : eb4bc65c-b727-4ac3-a516-6687464fc4a1{ip: 10.1.0.4, host: fv-az58-449.32bp4kehjaiexiom31oljkjdjg.cx.internal.cloudapp.net, ports: [REPLICATION=32997, RATIS=33363, RATIS_ADMIN=33363, RATIS_SERVER=33363, STANDALONE=33097], networkLocation: /default-rack, certSerialId: null, persistedOpState: null, persistedOpStateExpiryEpochSec: 0}
2022-06-19 13:08:42,299 [EventQueue-NewNodeForNewNodeHandler] INFO  pipeline.BackgroundPipelineCreator (BackgroundPipelineCreator.java:notifyEventTriggered(272)) - trigger a one-shot run on RatisPipelineUtilsThread.
2022-06-19 13:08:42,299 [EventQueue-NodeRegistrationContainerReportForDataNodeSafeModeRule] INFO  safemode.SCMSafeModeManager (DataNodeSafeModeRule.java:process(71)) - SCM in safe mode. 3 DataNodes registered, 3 required.
2022-06-19 13:08:42,299 [EventQueue-NodeRegistrationContainerReportForDataNodeSafeModeRule] INFO  safemode.SCMSafeModeManager (SCMSafeModeManager.java:validateSafeModeExitRules(204)) - DataNodeSafeModeRule rule is successfully validated
2022-06-19 13:08:42,300 [EventQueue-NodeRegistrationContainerReportForDataNodeSafeModeRule] INFO  safemode.SCMSafeModeManager (SCMSafeModeManager.java:completePreCheck(233)) - All SCM safe mode pre check rules have passed
2022-06-19 13:08:42,300 [EventQueue-NodeRegistrationContainerReportForDataNodeSafeModeRule] WARN  events.EventQueue (EventQueue.java:fireEvent(194)) - No event handler registered for event TypedEvent{payloadType=SafeModeStatus, name='Safe mode status'}
2022-06-19 13:08:42,300 [EventQueue-NodeRegistrationContainerReportForDataNodeSafeModeRule] INFO  ha.SCMContext (SCMContext.java:updateSafeModeStatus(228)) - Update SafeModeStatus from SafeModeStatus{safeModeStatus=true, preCheckPassed=false} to SafeModeStatus{safeModeStatus=true, preCheckPassed=true}.
2022-06-19 13:08:42,300 [EventQueue-NodeRegistrationContainerReportForDataNodeSafeModeRule] INFO  pipeline.BackgroundPipelineCreator (BackgroundPipelineCreator.java:notifyEventTriggered(272)) - trigger a one-shot run on RatisPipelineUtilsThread.
2022-06-19 13:08:42,300 [RatisPipelineUtilsThread - 0] INFO  pipeline.RatisPipelineProvider (RatisPipelineProvider.java:lambda$create$0(195)) - Sending CreatePipelineCommand for pipeline:PipelineID=e53b17b7-4386-47e7-b160-575245d266d0 to datanode:eb4bc65c-b727-4ac3-a516-6687464fc4a1
2022-06-19 13:08:42,300 [RatisPipelineUtilsThread - 0] INFO  pipeline.PipelineStateManagerImpl (PipelineStateManagerImpl.java:addPipeline(101)) - Created pipeline Pipeline[ Id: e53b17b7-4386-47e7-b160-575245d266d0, Nodes: eb4bc65c-b727-4ac3-a516-6687464fc4a1{ip: 10.1.0.4, host: fv-az58-449.32bp4kehjaiexiom31oljkjdjg.cx.internal.cloudapp.net, ports: [REPLICATION=32997, RATIS=33363, RATIS_ADMIN=33363, RATIS_SERVER=33363, STANDALONE=33097], networkLocation: /default-rack, certSerialId: null, persistedOpState: IN_SERVICE, persistedOpStateExpiryEpochSec: 0}, ReplicationConfig: RATIS/ONE, State:ALLOCATED, leaderId:, CreationTimestamp2022-06-19T13:08:42.300Z[Etc/UTC]].
2022-06-19 13:08:42,300 [RatisPipelineUtilsThread - 0] INFO  pipeline.RatisPipelineProvider (RatisPipelineProvider.java:lambda$create$0(195)) - Sending CreatePipelineCommand for pipeline:PipelineID=834a3821-3a64-4af2-9308-027d6b80b311 to datanode:001c296a-5799-42a4-87a9-6a5b930e2f27
2022-06-19 13:08:42,300 [RatisPipelineUtilsThread - 0] INFO  pipeline.RatisPipelineProvider (RatisPipelineProvider.java:lambda$create$0(195)) - Sending CreatePipelineCommand for pipeline:PipelineID=834a3821-3a64-4af2-9308-027d6b80b311 to datanode:159ddede-8ddd-4508-a461-c1de976ef966
2022-06-19 13:08:42,300 [RatisPipelineUtilsThread - 0] INFO  pipeline.RatisPipelineProvider (RatisPipelineProvider.java:lambda$create$0(195)) - Sending CreatePipelineCommand for pipeline:PipelineID=834a3821-3a64-4af2-9308-027d6b80b311 to datanode:eb4bc65c-b727-4ac3-a516-6687464fc4a1
2022-06-19 13:08:42,301 [RatisPipelineUtilsThread - 0] INFO  pipeline.PipelineStateManagerImpl (PipelineStateManagerImpl.java:addPipeline(101)) - Created pipeline Pipeline[ Id: 834a3821-3a64-4af2-9308-027d6b80b311, Nodes: 001c296a-5799-42a4-87a9-6a5b930e2f27{ip: 10.1.0.4, host: fv-az58-449.32bp4kehjaiexiom31oljkjdjg.cx.internal.cloudapp.net, ports: [REPLICATION=44057, RATIS=45007, RATIS_ADMIN=45007, RATIS_SERVER=45007, STANDALONE=42551], networkLocation: /default-rack, certSerialId: null, persistedOpState: IN_SERVICE, persistedOpStateExpiryEpochSec: 0}159ddede-8ddd-4508-a461-c1de976ef966{ip: 10.1.0.4, host: fv-az58-449.32bp4kehjaiexiom31oljkjdjg.cx.internal.cloudapp.net, ports: [REPLICATION=35087, RATIS=35015, RATIS_ADMIN=35015, RATIS_SERVER=35015, STANDALONE=36739], networkLocation: /default-rack, certSerialId: null, persistedOpState: IN_SERVICE, persistedOpStateExpiryEpochSec: 0}eb4bc65c-b727-4ac3-a516-6687464fc4a1{ip: 10.1.0.4, host: fv-az58-449.32bp4kehjaiexiom31oljkjdjg.cx.internal.cloudapp.net, ports: [REPLICATION=32997, RATIS=33363, RATIS_ADMIN=33363, RATIS_SERVER=33363, STANDALONE=33097], networkLocation: /default-rack, certSerialId: null, persistedOpState: IN_SERVICE, persistedOpStateExpiryEpochSec: 0}, ReplicationConfig: RATIS/THREE, State:ALLOCATED, leaderId:, CreationTimestamp2022-06-19T13:08:42.300Z[Etc/UTC]].
2022-06-19 13:08:42,301 [RatisPipelineUtilsThread - 0] INFO  pipeline.RatisPipelineProvider (RatisPipelineProvider.java:lambda$create$0(195)) - Sending CreatePipelineCommand for pipeline:PipelineID=6375d9fd-34cf-4c3b-a2a6-6a4f9b95b0d2 to datanode:159ddede-8ddd-4508-a461-c1de976ef966
2022-06-19 13:08:42,301 [RatisPipelineUtilsThread - 0] INFO  pipeline.RatisPipelineProvider (RatisPipelineProvider.java:lambda$create$0(195)) - Sending CreatePipelineCommand for pipeline:PipelineID=6375d9fd-34cf-4c3b-a2a6-6a4f9b95b0d2 to datanode:eb4bc65c-b727-4ac3-a516-6687464fc4a1
2022-06-19 13:08:42,301 [RatisPipelineUtilsThread - 0] INFO  pipeline.RatisPipelineProvider (RatisPipelineProvider.java:lambda$create$0(195)) - Sending CreatePipelineCommand for pipeline:PipelineID=6375d9fd-34cf-4c3b-a2a6-6a4f9b95b0d2 to datanode:001c296a-5799-42a4-87a9-6a5b930e2f27
2022-06-19 13:08:42,301 [RatisPipelineUtilsThread - 0] INFO  pipeline.PipelineStateManagerImpl (PipelineStateManagerImpl.java:addPipeline(101)) - Created pipeline Pipeline[ Id: 6375d9fd-34cf-4c3b-a2a6-6a4f9b95b0d2, Nodes: 159ddede-8ddd-4508-a461-c1de976ef966{ip: 10.1.0.4, host: fv-az58-449.32bp4kehjaiexiom31oljkjdjg.cx.internal.cloudapp.net, ports: [REPLICATION=35087, RATIS=35015, RATIS_ADMIN=35015, RATIS_SERVER=35015, STANDALONE=36739], networkLocation: /default-rack, certSerialId: null, persistedOpState: IN_SERVICE, persistedOpStateExpiryEpochSec: 0}eb4bc65c-b727-4ac3-a516-6687464fc4a1{ip: 10.1.0.4, host: fv-az58-449.32bp4kehjaiexiom31oljkjdjg.cx.internal.cloudapp.net, ports: [REPLICATION=32997, RATIS=33363, RATIS_ADMIN=33363, RATIS_SERVER=33363, STANDALONE=33097], networkLocation: /default-rack, certSerialId: null, persistedOpState: IN_SERVICE, persistedOpStateExpiryEpochSec: 0}001c296a-5799-42a4-87a9-6a5b930e2f27{ip: 10.1.0.4, host: fv-az58-449.32bp4kehjaiexiom31oljkjdjg.cx.internal.cloudapp.net, ports: [REPLICATION=44057, RATIS=45007, RATIS_ADMIN=45007, RATIS_SERVER=45007, STANDALONE=42551], networkLocation: /default-rack, certSerialId: null, persistedOpState: IN_SERVICE, persistedOpStateExpiryEpochSec: 0}, ReplicationConfig: RATIS/THREE, State:ALLOCATED, leaderId:, CreationTimestamp2022-06-19T13:08:42.301Z[Etc/UTC]].
2022-06-19 13:08:42,302 [RatisPipelineUtilsThread - 0] INFO  pipeline.PipelineManagerImpl (PipelineManagerImpl.java:recordMetricsForPipeline(715)) - Pipeline: PipelineID=6375d9fd-34cf-4c3b-a2a6-6a4f9b95b0d2 contains same datanodes as previous pipelines: PipelineID=834a3821-3a64-4af2-9308-027d6b80b311 nodeIds: 159ddede-8ddd-4508-a461-c1de976ef966, eb4bc65c-b727-4ac3-a516-6687464fc4a1, 001c296a-5799-42a4-87a9-6a5b930e2f27
2022-06-19 13:08:42,367 [Listener at 127.0.0.1/38405] INFO  ozone.MiniOzoneClusterImpl (MiniOzoneClusterImpl.java:lambda$waitForClusterToBeReady$0(221)) - Waiting for nodes to be ready. Got 3 of 5 DN Heartbeats.
2022-06-19 13:08:42,367 [Listener at 127.0.0.1/38405] INFO  ozone.MiniOzoneClusterImpl (MiniOzoneClusterImpl.java:lambda$waitForClusterToBeReady$0(224)) - Waiting for cluster to exit safe mode
2022-06-19 13:08:42,367 [Listener at 127.0.0.1/38405] INFO  ozone.MiniOzoneClusterImpl (MiniOzoneClusterImpl.java:lambda$waitForClusterToBeReady$0(226)) - SCM became leader
2022-06-19 13:08:42,828 [Command processor thread] INFO  server.RaftServer (RaftServerProxy.java:addNew(96)) - 159ddede-8ddd-4508-a461-c1de976ef966: addNew group-F644DCD34CAD:[159ddede-8ddd-4508-a461-c1de976ef966|rpc:10.1.0.4:35015|priority:1] returns group-F644DCD34CAD:java.util.concurrent.CompletableFuture@45d9a9b0[Not completed]
2022-06-19 13:08:42,842 [pool-771-thread-1] INFO  server.RaftServer$Division (RaftServerImpl.java:<init>(190)) - 159ddede-8ddd-4508-a461-c1de976ef966: new RaftServerImpl for group-F644DCD34CAD:[159ddede-8ddd-4508-a461-c1de976ef966|rpc:10.1.0.4:35015|priority:1] with ContainerStateMachine:uninitialized
2022-06-19 13:08:42,842 [pool-771-thread-1] INFO  server.RaftServerConfigKeys (ConfUtils.java:logGet(46)) - raft.server.rpc.timeout.min = 5s (custom)
2022-06-19 13:08:42,842 [pool-771-thread-1] INFO  server.RaftServerConfigKeys (ConfUtils.java:logGet(46)) - raft.server.rpc.timeout.max = 5200ms (custom)
2022-06-19 13:08:42,842 [pool-771-thread-1] INFO  server.RaftServerConfigKeys (ConfUtils.java:logGet(46)) - raft.server.rpc.sleep.time = 25ms (default)
2022-06-19 13:08:42,842 [pool-771-thread-1] INFO  server.RaftServerConfigKeys (ConfUtils.java:logGet(46)) - raft.server.rpc.slowness.timeout = 300s (custom)
2022-06-19 13:08:42,842 [pool-771-thread-1] INFO  server.RaftServerConfigKeys (ConfUtils.java:logGet(46)) - raft.server.leaderelection.leader.step-down.wait-time = 10s (default)
2022-06-19 13:08:42,842 [pool-771-thread-1] INFO  server.RaftServerConfigKeys (ConfUtils.java:logGet(46)) - raft.server.sleep.deviation.threshold = 300ms (default)
2022-06-19 13:08:42,842 [pool-771-thread-1] INFO  server.RaftServer$Division (ServerState.java:<init>(107)) - 159ddede-8ddd-4508-a461-c1de976ef966@group-F644DCD34CAD: ConfigurationManager, init=-1: [159ddede-8ddd-4508-a461-c1de976ef966|rpc:10.1.0.4:35015|priority:1], old=null, confs=<EMPTY_MAP>
2022-06-19 13:08:42,842 [pool-771-thread-1] INFO  server.RaftServerConfigKeys (ConfUtils.java:logGet(46)) - raft.server.storage.dir = [/home/runner/work/ozone/ozone/hadoop-ozone/integration-test/target/test-dir/MiniOzoneClusterImpl-c742643d-ef9b-4334-85a5-eeb69d8d8f7b/datanode-0/data/ratis] (custom)
2022-06-19 13:08:42,842 [pool-771-thread-1] INFO  server.RaftServerConfigKeys (ConfUtils.java:logGet(46)) - raft.server.log.corruption.policy = EXCEPTION (default)
2022-06-19 13:08:42,843 [pool-771-thread-1] INFO  server.RaftServerConfigKeys (ConfUtils.java:logGet(46)) - raft.server.storage.free-space.min = 0MB (=0) (default)
2022-06-19 13:08:42,843 [pool-771-thread-1] INFO  storage.RaftStorageDirectory (RaftStorageDirectoryImpl.java:analyzeStorage(135)) - The storage directory /home/runner/work/ozone/ozone/hadoop-ozone/integration-test/target/test-dir/MiniOzoneClusterImpl-c742643d-ef9b-4334-85a5-eeb69d8d8f7b/datanode-0/data/ratis/522e2bb9-53c4-486c-95e8-f644dcd34cad does not exist. Creating ...
2022-06-19 13:08:42,857 [pool-771-thread-1] INFO  storage.RaftStorageDirectory (RaftStorageDirectoryImpl.java:tryLock(230)) - Lock on /home/runner/work/ozone/ozone/hadoop-ozone/integration-test/target/test-dir/MiniOzoneClusterImpl-c742643d-ef9b-4334-85a5-eeb69d8d8f7b/datanode-0/data/ratis/522e2bb9-53c4-486c-95e8-f644dcd34cad/in_use.lock acquired by nodename 17254@fv-az58-449
2022-06-19 13:08:42,858 [pool-771-thread-1] INFO  storage.RaftStorage (RaftStorageImpl.java:format(89)) - Storage directory /home/runner/work/ozone/ozone/hadoop-ozone/integration-test/target/test-dir/MiniOzoneClusterImpl-c742643d-ef9b-4334-85a5-eeb69d8d8f7b/datanode-0/data/ratis/522e2bb9-53c4-486c-95e8-f644dcd34cad has been successfully formatted.
2022-06-19 13:08:42,897 [pool-771-thread-1] INFO  ratis.ContainerStateMachine (ContainerStateMachine.java:loadSnapshot(236)) - group-F644DCD34CAD: The snapshot info is null. Setting the last applied indexto:(t:0, i:~)
2022-06-19 13:08:42,897 [pool-771-thread-1] INFO  server.RaftServerConfigKeys (ConfUtils.java:logGet(46)) - raft.server.notification.no-leader.timeout = 300s (custom)
2022-06-19 13:08:42,897 [pool-771-thread-1] INFO  server.RaftServerConfigKeys (ConfUtils.java:logGet(46)) - raft.server.log.use.memory = false (default)
2022-06-19 13:08:42,897 [pool-771-thread-1] INFO  server.RaftServerConfigKeys (ConfUtils.java:logGet(46)) - raft.server.log.purge.gap = 1000000 (custom)
2022-06-19 13:08:42,897 [pool-771-thread-1] INFO  server.RaftServerConfigKeys (ConfUtils.java:logGet(46)) - raft.server.log.appender.buffer.byte-limit = 33554432 (custom)
2022-06-19 13:08:42,898 [pool-771-thread-1] INFO  server.RaftServerConfigKeys (ConfUtils.java:logGet(46)) - raft.server.log.statemachine.data.read.timeout = 1000ms (default)
2022-06-19 13:08:42,898 [pool-771-thread-1] INFO  server.RaftServerConfigKeys (ConfUtils.java:logGet(46)) - raft.server.log.segment.size.max = 1048576 (custom)
2022-06-19 13:08:42,898 [EventQueue-PipelineReportForPipelineReportHandler] INFO  pipeline.PipelineManagerImpl (PipelineManagerImpl.java:openPipeline(356)) - Pipeline Pipeline[ Id: 522e2bb9-53c4-486c-95e8-f644dcd34cad, Nodes: 159ddede-8ddd-4508-a461-c1de976ef966{ip: 10.1.0.4, host: fv-az58-449.32bp4kehjaiexiom31oljkjdjg.cx.internal.cloudapp.net, ports: [REPLICATION=35087, RATIS=35015, RATIS_ADMIN=35015, RATIS_SERVER=35015, STANDALONE=36739], networkLocation: /default-rack, certSerialId: null, persistedOpState: IN_SERVICE, persistedOpStateExpiryEpochSec: 0}, ReplicationConfig: RATIS/ONE, State:ALLOCATED, leaderId:159ddede-8ddd-4508-a461-c1de976ef966, CreationTimestamp2022-06-19T13:08:39.867Z[Etc/UTC]] moved to OPEN state
2022-06-19 13:08:42,898 [pool-771-thread-1] INFO  server.RaftServerConfigKeys (ConfUtils.java:logGet(46)) - raft.server.log.segment.cache.num.max = 2 (custom)
2022-06-19 13:08:42,929 [pool-771-thread-1] INFO  server.RaftServerConfigKeys (ConfUtils.java:logGet(46)) - raft.server.log.segment.cache.size.max = 200MB (=209715200) (default)
2022-06-19 13:08:42,929 [pool-771-thread-1] INFO  segmented.SegmentedRaftLogWorker (SegmentedRaftLogWorker.java:<init>(187)) - new 159ddede-8ddd-4508-a461-c1de976ef966@group-F644DCD34CAD-SegmentedRaftLogWorker for RaftStorageImpl:Storage Directory /home/runner/work/ozone/ozone/hadoop-ozone/integration-test/target/test-dir/MiniOzoneClusterImpl-c742643d-ef9b-4334-85a5-eeb69d8d8f7b/datanode-0/data/ratis/522e2bb9-53c4-486c-95e8-f644dcd34cad
2022-06-19 13:08:42,929 [pool-771-thread-1] INFO  server.RaftServerConfigKeys (ConfUtils.java:logGet(46)) - raft.server.log.queue.byte-limit = 4294967296 (custom)
2022-06-19 13:08:42,929 [pool-771-thread-1] INFO  server.RaftServerConfigKeys (ConfUtils.java:logGet(46)) - raft.server.log.queue.element-limit = 1024 (custom)
2022-06-19 13:08:42,929 [pool-771-thread-1] INFO  server.RaftServerConfigKeys (ConfUtils.java:logGet(46)) - raft.server.log.segment.size.max = 1048576 (custom)
2022-06-19 13:08:42,930 [pool-771-thread-1] INFO  server.RaftServerConfigKeys (ConfUtils.java:logGet(46)) - raft.server.log.preallocated.size = 16384 (custom)
2022-06-19 13:08:42,930 [pool-771-thread-1] INFO  server.RaftServerConfigKeys (ConfUtils.java:logGet(46)) - raft.server.log.force.sync.num = 128 (default)
2022-06-19 13:08:42,930 [pool-771-thread-1] INFO  server.RaftServerConfigKeys (ConfUtils.java:logGet(46)) - raft.server.log.statemachine.data.sync = true (default)
2022-06-19 13:08:42,930 [pool-771-thread-1] INFO  server.RaftServerConfigKeys (ConfUtils.java:logGet(46)) - raft.server.log.statemachine.data.sync.timeout = 10s (default)
2022-06-19 13:08:42,930 [pool-771-thread-1] INFO  server.RaftServerConfigKeys (ConfUtils.java:logGet(46)) - raft.server.log.statemachine.data.sync.timeout.retry = -1 (default)
2022-06-19 13:08:42,931 [pool-771-thread-1] INFO  server.RaftServerConfigKeys (ConfUtils.java:logGet(46)) - raft.server.log.write.buffer.size = 1048576 (custom)
2022-06-19 13:08:42,931 [pool-771-thread-1] INFO  server.RaftServerConfigKeys (ConfUtils.java:logGet(46)) - raft.server.log.unsafe-flush.enabled = false (default)
2022-06-19 13:08:42,931 [pool-771-thread-1] INFO  server.RaftServerConfigKeys (ConfUtils.java:logGet(46)) - raft.server.log.statemachine.data.caching.enabled = true (custom)
2022-06-19 13:08:42,931 [pool-771-thread-1] INFO  segmented.SegmentedRaftLogWorker (SegmentedRaftLogWorker.java:lambda$new$0(135)) - 159ddede-8ddd-4508-a461-c1de976ef966@group-F644DCD34CAD-SegmentedRaftLogWorker: flushIndex: setUnconditionally 0 -> -1
2022-06-19 13:08:42,931 [pool-771-thread-1] INFO  segmented.SegmentedRaftLogWorker (SegmentedRaftLogWorker.java:lambda$new$0(135)) - 159ddede-8ddd-4508-a461-c1de976ef966@group-F644DCD34CAD-SegmentedRaftLogWorker: safeCacheEvictIndex: setUnconditionally 0 -> -1
2022-06-19 13:08:42,929 [EventQueue-OpenPipelineForHealthyPipelineSafeModeRule] INFO  safemode.SCMSafeModeManager (HealthyPipelineSafeModeRule.java:process(124)) - SCM in safe mode. Healthy pipelines reported count is 0, required healthy pipeline reported count is 1
2022-06-19 13:08:42,941 [pool-771-thread-1] INFO  server.RaftServerConfigKeys (ConfUtils.java:logGet(46)) - raft.server.snapshot.auto.trigger.enabled = true (custom)
2022-06-19 13:08:42,941 [pool-771-thread-1] INFO  server.RaftServerConfigKeys (ConfUtils.java:logGet(46)) - raft.server.snapshot.auto.trigger.threshold = 10000 (custom)
2022-06-19 13:08:42,941 [pool-771-thread-1] INFO  server.RaftServerConfigKeys (ConfUtils.java:logGet(46)) - raft.server.snapshot.retention.file.num = 5 (custom)
2022-06-19 13:08:42,941 [pool-771-thread-1] INFO  server.RaftServerConfigKeys (ConfUtils.java:logGet(46)) - raft.server.log.purge.upto.snapshot.index = false (default)
2022-06-19 13:08:42,941 [pool-771-thread-1] INFO  server.RaftServerConfigKeys (ConfUtils.java:logGet(46)) - raft.server.retrycache.expirytime = 600000ms (custom)
2022-06-19 13:08:42,942 [pool-771-thread-1] INFO  server.RaftServerConfigKeys (ConfUtils.java:logGet(46)) - raft.server.retrycache.statistics.expirytime = 100μs (default)
2022-06-19 13:08:42,943 [pool-771-thread-1] INFO  server.RaftServerConfigKeys (ConfUtils.java:logGet(46)) - raft.server.log.appender.install.snapshot.enabled = false (custom)
2022-06-19 13:08:42,943 [pool-771-thread-1] INFO  server.RaftServerConfigKeys (ConfUtils.java:logGet(46)) - raft.server.threadpool.server.cached = true (default)
2022-06-19 13:08:42,943 [pool-771-thread-1] INFO  server.RaftServerConfigKeys (ConfUtils.java:logGet(46)) - raft.server.threadpool.server.size = 0 (default)
2022-06-19 13:08:42,943 [pool-771-thread-1] INFO  server.RaftServerConfigKeys (ConfUtils.java:logGet(46)) - raft.server.threadpool.client.cached = true (default)
2022-06-19 13:08:42,943 [pool-771-thread-1] INFO  server.RaftServerConfigKeys (ConfUtils.java:logGet(46)) - raft.server.threadpool.client.size = 0 (default)
2022-06-19 13:08:42,943 [pool-771-thread-1] INFO  server.RaftServer$Division (RaftServerImpl.java:start(310)) - 159ddede-8ddd-4508-a461-c1de976ef966@group-F644DCD34CAD: start as a follower, conf=-1: [159ddede-8ddd-4508-a461-c1de976ef966|rpc:10.1.0.4:35015|priority:1], old=null
2022-06-19 13:08:42,943 [pool-771-thread-1] INFO  server.RaftServer$Division (RaftServerImpl.java:setRole(299)) - 159ddede-8ddd-4508-a461-c1de976ef966@group-F644DCD34CAD: changes role from      null to FOLLOWER at term 0 for startAsFollower
2022-06-19 13:08:42,943 [pool-771-thread-1] INFO  impl.RoleInfo (RoleInfo.java:updateAndGet(139)) - 159ddede-8ddd-4508-a461-c1de976ef966: start 159ddede-8ddd-4508-a461-c1de976ef966@group-F644DCD34CAD-FollowerState
2022-06-19 13:08:42,943 [pool-771-thread-1] INFO  util.JmxRegister (JmxRegister.java:tryRegister(44)) - Successfully registered JMX Bean with object name Ratis:service=RaftServer,group=group-F644DCD34CAD,id=159ddede-8ddd-4508-a461-c1de976ef966
2022-06-19 13:08:42,944 [Command processor thread] INFO  ratis.XceiverServerRatis (XceiverServerRatis.java:addGroup(765)) - Created group PipelineID=522e2bb9-53c4-486c-95e8-f644dcd34cad
2022-06-19 13:08:42,944 [Command processor thread] INFO  commandhandler.CreatePipelineCommandHandler (CreatePipelineCommandHandler.java:handle(113)) - Created Pipeline RATIS ONE PipelineID=522e2bb9-53c4-486c-95e8-f644dcd34cad.
2022-06-19 13:08:42,944 [Command processor thread] INFO  server.RaftServer (RaftServerProxy.java:addNew(96)) - 159ddede-8ddd-4508-a461-c1de976ef966: addNew group-027D6B80B311:[eb4bc65c-b727-4ac3-a516-6687464fc4a1|rpc:10.1.0.4:33363|priority:0, 001c296a-5799-42a4-87a9-6a5b930e2f27|rpc:10.1.0.4:45007|priority:1, 159ddede-8ddd-4508-a461-c1de976ef966|rpc:10.1.0.4:35015|priority:0] returns group-027D6B80B311:java.util.concurrent.CompletableFuture@41e625d3[Not completed]
2022-06-19 13:08:42,945 [pool-771-thread-1] INFO  server.RaftServer$Division (RaftServerImpl.java:<init>(190)) - 159ddede-8ddd-4508-a461-c1de976ef966: new RaftServerImpl for group-027D6B80B311:[eb4bc65c-b727-4ac3-a516-6687464fc4a1|rpc:10.1.0.4:33363|priority:0, 001c296a-5799-42a4-87a9-6a5b930e2f27|rpc:10.1.0.4:45007|priority:1, 159ddede-8ddd-4508-a461-c1de976ef966|rpc:10.1.0.4:35015|priority:0] with ContainerStateMachine:uninitialized
2022-06-19 13:08:42,945 [pool-771-thread-1] INFO  server.RaftServerConfigKeys (ConfUtils.java:logGet(46)) - raft.server.rpc.timeout.min = 5s (custom)
2022-06-19 13:08:42,945 [pool-771-thread-1] INFO  server.RaftServerConfigKeys (ConfUtils.java:logGet(46)) - raft.server.rpc.timeout.max = 5200ms (custom)
2022-06-19 13:08:42,945 [pool-771-thread-1] INFO  server.RaftServerConfigKeys (ConfUtils.java:logGet(46)) - raft.server.rpc.sleep.time = 25ms (default)
2022-06-19 13:08:42,945 [pool-771-thread-1] INFO  server.RaftServerConfigKeys (ConfUtils.java:logGet(46)) - raft.server.rpc.slowness.timeout = 300s (custom)
2022-06-19 13:08:42,945 [pool-771-thread-1] INFO  server.RaftServerConfigKeys (ConfUtils.java:logGet(46)) - raft.server.leaderelection.leader.step-down.wait-time = 10s (default)
2022-06-19 13:08:42,945 [pool-771-thread-1] INFO  server.RaftServerConfigKeys (ConfUtils.java:logGet(46)) - raft.server.sleep.deviation.threshold = 300ms (default)
2022-06-19 13:08:42,945 [pool-771-thread-1] INFO  server.RaftServer$Division (ServerState.java:<init>(107)) - 159ddede-8ddd-4508-a461-c1de976ef966@group-027D6B80B311: ConfigurationManager, init=-1: [eb4bc65c-b727-4ac3-a516-6687464fc4a1|rpc:10.1.0.4:33363|priority:0, 001c296a-5799-42a4-87a9-6a5b930e2f27|rpc:10.1.0.4:45007|priority:1, 159ddede-8ddd-4508-a461-c1de976ef966|rpc:10.1.0.4:35015|priority:0], old=null, confs=<EMPTY_MAP>
2022-06-19 13:08:42,945 [pool-771-thread-1] INFO  server.RaftServerConfigKeys (ConfUtils.java:logGet(46)) - raft.server.storage.dir = [/home/runner/work/ozone/ozone/hadoop-ozone/integration-test/target/test-dir/MiniOzoneClusterImpl-c742643d-ef9b-4334-85a5-eeb69d8d8f7b/datanode-0/data/ratis] (custom)
2022-06-19 13:08:42,945 [pool-771-thread-1] INFO  server.RaftServerConfigKeys (ConfUtils.java:logGet(46)) - raft.server.log.corruption.policy = EXCEPTION (default)
2022-06-19 13:08:42,945 [pool-771-thread-1] INFO  server.RaftServerConfigKeys (ConfUtils.java:logGet(46)) - raft.server.storage.free-space.min = 0MB (=0) (default)
2022-06-19 13:08:42,945 [pool-771-thread-1] INFO  storage.RaftStorageDirectory (RaftStorageDirectoryImpl.java:analyzeStorage(135)) - The storage directory /home/runner/work/ozone/ozone/hadoop-ozone/integration-test/target/test-dir/MiniOzoneClusterImpl-c742643d-ef9b-4334-85a5-eeb69d8d8f7b/datanode-0/data/ratis/834a3821-3a64-4af2-9308-027d6b80b311 does not exist. Creating ...
2022-06-19 13:08:42,947 [pool-771-thread-1] INFO  storage.RaftStorageDirectory (RaftStorageDirectoryImpl.java:tryLock(230)) - Lock on /home/runner/work/ozone/ozone/hadoop-ozone/integration-test/target/test-dir/MiniOzoneClusterImpl-c742643d-ef9b-4334-85a5-eeb69d8d8f7b/datanode-0/data/ratis/834a3821-3a64-4af2-9308-027d6b80b311/in_use.lock acquired by nodename 17254@fv-az58-449
2022-06-19 13:08:42,948 [pool-771-thread-1] INFO  storage.RaftStorage (RaftStorageImpl.java:format(89)) - Storage directory /home/runner/work/ozone/ozone/hadoop-ozone/integration-test/target/test-dir/MiniOzoneClusterImpl-c742643d-ef9b-4334-85a5-eeb69d8d8f7b/datanode-0/data/ratis/834a3821-3a64-4af2-9308-027d6b80b311 has been successfully formatted.
2022-06-19 13:08:42,948 [pool-771-thread-1] INFO  ratis.ContainerStateMachine (ContainerStateMachine.java:loadSnapshot(236)) - group-027D6B80B311: The snapshot info is null. Setting the last applied indexto:(t:0, i:~)
2022-06-19 13:08:42,948 [pool-771-thread-1] INFO  server.RaftServerConfigKeys (ConfUtils.java:logGet(46)) - raft.server.notification.no-leader.timeout = 300s (custom)
2022-06-19 13:08:42,948 [pool-771-thread-1] INFO  server.RaftServerConfigKeys (ConfUtils.java:logGet(46)) - raft.server.log.use.memory = false (default)
2022-06-19 13:08:42,948 [pool-771-thread-1] INFO  server.RaftServerConfigKeys (ConfUtils.java:logGet(46)) - raft.server.log.purge.gap = 1000000 (custom)
2022-06-19 13:08:42,948 [pool-771-thread-1] INFO  server.RaftServerConfigKeys (ConfUtils.java:logGet(46)) - raft.server.log.appender.buffer.byte-limit = 33554432 (custom)
2022-06-19 13:08:42,948 [pool-771-thread-1] INFO  server.RaftServerConfigKeys (ConfUtils.java:logGet(46)) - raft.server.log.statemachine.data.read.timeout = 1000ms (default)
2022-06-19 13:08:42,949 [pool-771-thread-1] INFO  server.RaftServerConfigKeys (ConfUtils.java:logGet(46)) - raft.server.log.segment.size.max = 1048576 (custom)
2022-06-19 13:08:42,949 [pool-771-thread-1] INFO  server.RaftServerConfigKeys (ConfUtils.java:logGet(46)) - raft.server.log.segment.cache.num.max = 2 (custom)
2022-06-19 13:08:42,949 [pool-771-thread-1] INFO  server.RaftServerConfigKeys (ConfUtils.java:logGet(46)) - raft.server.log.segment.cache.size.max = 200MB (=209715200) (default)
2022-06-19 13:08:42,950 [EventQueue-OpenPipelineForHealthyPipelineSafeModeRule] INFO  safemode.SCMSafeModeManager (HealthyPipelineSafeModeRule.java:process(124)) - SCM in safe mode. Healthy pipelines reported count is 0, required healthy pipeline reported count is 1
2022-06-19 13:08:42,966 [pool-771-thread-1] INFO  segmented.SegmentedRaftLogWorker (SegmentedRaftLogWorker.java:<init>(187)) - new 159ddede-8ddd-4508-a461-c1de976ef966@group-027D6B80B311-SegmentedRaftLogWorker for RaftStorageImpl:Storage Directory /home/runner/work/ozone/ozone/hadoop-ozone/integration-test/target/test-dir/MiniOzoneClusterImpl-c742643d-ef9b-4334-85a5-eeb69d8d8f7b/datanode-0/data/ratis/834a3821-3a64-4af2-9308-027d6b80b311
2022-06-19 13:08:42,966 [pool-771-thread-1] INFO  server.RaftServerConfigKeys (ConfUtils.java:logGet(46)) - raft.server.log.queue.byte-limit = 4294967296 (custom)
2022-06-19 13:08:42,966 [pool-771-thread-1] INFO  server.RaftServerConfigKeys (ConfUtils.java:logGet(46)) - raft.server.log.queue.element-limit = 1024 (custom)
2022-06-19 13:08:42,966 [pool-771-thread-1] INFO  server.RaftServerConfigKeys (ConfUtils.java:logGet(46)) - raft.server.log.segment.size.max = 1048576 (custom)
2022-06-19 13:08:42,966 [pool-771-thread-1] INFO  server.RaftServerConfigKeys (ConfUtils.java:logGet(46)) - raft.server.log.preallocated.size = 16384 (custom)
2022-06-19 13:08:42,966 [pool-771-thread-1] INFO  server.RaftServerConfigKeys (ConfUtils.java:logGet(46)) - raft.server.log.force.sync.num = 128 (default)
2022-06-19 13:08:42,966 [pool-771-thread-1] INFO  server.RaftServerConfigKeys (ConfUtils.java:logGet(46)) - raft.server.log.statemachine.data.sync = true (default)
2022-06-19 13:08:42,966 [pool-771-thread-1] INFO  server.RaftServerConfigKeys (ConfUtils.java:logGet(46)) - raft.server.log.statemachine.data.sync.timeout = 10s (default)
2022-06-19 13:08:42,966 [pool-771-thread-1] INFO  server.RaftServerConfigKeys (ConfUtils.java:logGet(46)) - raft.server.log.statemachine.data.sync.timeout.retry = -1 (default)
2022-06-19 13:08:42,967 [pool-771-thread-1] INFO  server.RaftServerConfigKeys (ConfUtils.java:logGet(46)) - raft.server.log.write.buffer.size = 1048576 (custom)
2022-06-19 13:08:42,967 [pool-771-thread-1] INFO  server.RaftServerConfigKeys (ConfUtils.java:logGet(46)) - raft.server.log.unsafe-flush.enabled = false (default)
2022-06-19 13:08:42,967 [pool-771-thread-1] INFO  server.RaftServerConfigKeys (ConfUtils.java:logGet(46)) - raft.server.log.statemachine.data.caching.enabled = true (custom)
2022-06-19 13:08:42,967 [pool-771-thread-1] INFO  segmented.SegmentedRaftLogWorker (SegmentedRaftLogWorker.java:lambda$new$0(135)) - 159ddede-8ddd-4508-a461-c1de976ef966@group-027D6B80B311-SegmentedRaftLogWorker: flushIndex: setUnconditionally 0 -> -1
2022-06-19 13:08:42,967 [pool-771-thread-1] INFO  segmented.SegmentedRaftLogWorker (SegmentedRaftLogWorker.java:lambda$new$0(135)) - 159ddede-8ddd-4508-a461-c1de976ef966@group-027D6B80B311-SegmentedRaftLogWorker: safeCacheEvictIndex: setUnconditionally 0 -> -1
2022-06-19 13:08:42,998 [pool-771-thread-1] INFO  server.RaftServerConfigKeys (ConfUtils.java:logGet(46)) - raft.server.snapshot.auto.trigger.enabled = true (custom)
2022-06-19 13:08:42,998 [pool-771-thread-1] INFO  server.RaftServerConfigKeys (ConfUtils.java:logGet(46)) - raft.server.snapshot.auto.trigger.threshold = 10000 (custom)
2022-06-19 13:08:42,998 [pool-771-thread-1] INFO  server.RaftServerConfigKeys (ConfUtils.java:logGet(46)) - raft.server.snapshot.retention.file.num = 5 (custom)
2022-06-19 13:08:42,998 [pool-771-thread-1] INFO  server.RaftServerConfigKeys (ConfUtils.java:logGet(46)) - raft.server.log.purge.upto.snapshot.index = false (default)
2022-06-19 13:08:42,998 [pool-771-thread-1] INFO  server.RaftServerConfigKeys (ConfUtils.java:logGet(46)) - raft.server.retrycache.expirytime = 600000ms (custom)
2022-06-19 13:08:42,998 [pool-771-thread-1] INFO  server.RaftServerConfigKeys (ConfUtils.java:logGet(46)) - raft.server.retrycache.statistics.expirytime = 100μs (default)
2022-06-19 13:08:42,999 [pool-771-thread-1] INFO  server.RaftServerConfigKeys (ConfUtils.java:logGet(46)) - raft.server.log.appender.install.snapshot.enabled = false (custom)
2022-06-19 13:08:42,999 [pool-771-thread-1] INFO  server.RaftServerConfigKeys (ConfUtils.java:logGet(46)) - raft.server.threadpool.server.cached = true (default)
2022-06-19 13:08:42,999 [pool-771-thread-1] INFO  server.RaftServerConfigKeys (ConfUtils.java:logGet(46)) - raft.server.threadpool.server.size = 0 (default)
2022-06-19 13:08:43,000 [pool-771-thread-1] INFO  server.RaftServerConfigKeys (ConfUtils.java:logGet(46)) - raft.server.threadpool.client.cached = true (default)
2022-06-19 13:08:43,000 [pool-771-thread-1] INFO  server.RaftServerConfigKeys (ConfUtils.java:logGet(46)) - raft.server.threadpool.client.size = 0 (default)
2022-06-19 13:08:43,000 [pool-771-thread-1] INFO  server.RaftServer$Division (RaftServerImpl.java:start(310)) - 159ddede-8ddd-4508-a461-c1de976ef966@group-027D6B80B311: start as a follower, conf=-1: [eb4bc65c-b727-4ac3-a516-6687464fc4a1|rpc:10.1.0.4:33363|priority:0, 001c296a-5799-42a4-87a9-6a5b930e2f27|rpc:10.1.0.4:45007|priority:1, 159ddede-8ddd-4508-a461-c1de976ef966|rpc:10.1.0.4:35015|priority:0], old=null
2022-06-19 13:08:43,000 [pool-771-thread-1] INFO  server.RaftServer$Division (RaftServerImpl.java:setRole(299)) - 159ddede-8ddd-4508-a461-c1de976ef966@group-027D6B80B311: changes role from      null to FOLLOWER at term 0 for startAsFollower
2022-06-19 13:08:43,000 [pool-771-thread-1] INFO  impl.RoleInfo (RoleInfo.java:updateAndGet(139)) - 159ddede-8ddd-4508-a461-c1de976ef966: start 159ddede-8ddd-4508-a461-c1de976ef966@group-027D6B80B311-FollowerState
2022-06-19 13:08:43,000 [pool-771-thread-1] INFO  util.JmxRegister (JmxRegister.java:tryRegister(44)) - Successfully registered JMX Bean with object name Ratis:service=RaftServer,group=group-027D6B80B311,id=159ddede-8ddd-4508-a461-c1de976ef966
2022-06-19 13:08:43,001 [Command processor thread] INFO  ratis.XceiverServerRatis (XceiverServerRatis.java:addGroup(765)) - Created group PipelineID=834a3821-3a64-4af2-9308-027d6b80b311
2022-06-19 13:08:43,097 [grpc-default-executor-0] INFO  server.RaftServer (RaftServerProxy.java:addNew(96)) - 001c296a-5799-42a4-87a9-6a5b930e2f27: addNew group-027D6B80B311:[eb4bc65c-b727-4ac3-a516-6687464fc4a1|rpc:10.1.0.4:33363|dataStream:|priority:0, 001c296a-5799-42a4-87a9-6a5b930e2f27|rpc:10.1.0.4:45007|dataStream:|priority:1, 159ddede-8ddd-4508-a461-c1de976ef966|rpc:10.1.0.4:35015|dataStream:|priority:0] returns group-027D6B80B311:java.util.concurrent.CompletableFuture@3175b94[Not completed]
2022-06-19 13:08:43,121 [pool-794-thread-1] INFO  server.RaftServer$Division (RaftServerImpl.java:<init>(190)) - 001c296a-5799-42a4-87a9-6a5b930e2f27: new RaftServerImpl for group-027D6B80B311:[eb4bc65c-b727-4ac3-a516-6687464fc4a1|rpc:10.1.0.4:33363|dataStream:|priority:0, 001c296a-5799-42a4-87a9-6a5b930e2f27|rpc:10.1.0.4:45007|dataStream:|priority:1, 159ddede-8ddd-4508-a461-c1de976ef966|rpc:10.1.0.4:35015|dataStream:|priority:0] with ContainerStateMachine:uninitialized
2022-06-19 13:08:43,121 [pool-794-thread-1] INFO  server.RaftServerConfigKeys (ConfUtils.java:logGet(46)) - raft.server.rpc.timeout.min = 5s (custom)
2022-06-19 13:08:43,121 [pool-794-thread-1] INFO  server.RaftServerConfigKeys (ConfUtils.java:logGet(46)) - raft.server.rpc.timeout.max = 5200ms (custom)
2022-06-19 13:08:43,121 [pool-794-thread-1] INFO  server.RaftServerConfigKeys (ConfUtils.java:logGet(46)) - raft.server.rpc.sleep.time = 25ms (default)
2022-06-19 13:08:43,121 [pool-794-thread-1] INFO  server.RaftServerConfigKeys (ConfUtils.java:logGet(46)) - raft.server.rpc.slowness.timeout = 300s (custom)
2022-06-19 13:08:43,121 [pool-794-thread-1] INFO  server.RaftServerConfigKeys (ConfUtils.java:logGet(46)) - raft.server.leaderelection.leader.step-down.wait-time = 10s (default)
2022-06-19 13:08:43,121 [pool-794-thread-1] INFO  server.RaftServerConfigKeys (ConfUtils.java:logGet(46)) - raft.server.sleep.deviation.threshold = 300ms (default)
2022-06-19 13:08:43,121 [pool-794-thread-1] INFO  server.RaftServer$Division (ServerState.java:<init>(107)) - 001c296a-5799-42a4-87a9-6a5b930e2f27@group-027D6B80B311: ConfigurationManager, init=-1: [eb4bc65c-b727-4ac3-a516-6687464fc4a1|rpc:10.1.0.4:33363|dataStream:|priority:0, 001c296a-5799-42a4-87a9-6a5b930e2f27|rpc:10.1.0.4:45007|dataStream:|priority:1, 159ddede-8ddd-4508-a461-c1de976ef966|rpc:10.1.0.4:35015|dataStream:|priority:0], old=null, confs=<EMPTY_MAP>
2022-06-19 13:08:43,121 [pool-794-thread-1] INFO  server.RaftServerConfigKeys (ConfUtils.java:logGet(46)) - raft.server.storage.dir = [/home/runner/work/ozone/ozone/hadoop-ozone/integration-test/target/test-dir/MiniOzoneClusterImpl-c742643d-ef9b-4334-85a5-eeb69d8d8f7b/datanode-1/data/ratis] (custom)
2022-06-19 13:08:43,122 [pool-794-thread-1] INFO  server.RaftServerConfigKeys (ConfUtils.java:logGet(46)) - raft.server.log.corruption.policy = EXCEPTION (default)
2022-06-19 13:08:43,122 [pool-794-thread-1] INFO  server.RaftServerConfigKeys (ConfUtils.java:logGet(46)) - raft.server.storage.free-space.min = 0MB (=0) (default)
2022-06-19 13:08:43,122 [pool-794-thread-1] INFO  storage.RaftStorageDirectory (RaftStorageDirectoryImpl.java:analyzeStorage(135)) - The storage directory /home/runner/work/ozone/ozone/hadoop-ozone/integration-test/target/test-dir/MiniOzoneClusterImpl-c742643d-ef9b-4334-85a5-eeb69d8d8f7b/datanode-1/data/ratis/834a3821-3a64-4af2-9308-027d6b80b311 does not exist. Creating ...
2022-06-19 13:08:43,142 [pool-794-thread-1] INFO  storage.RaftStorageDirectory (RaftStorageDirectoryImpl.java:tryLock(230)) - Lock on /home/runner/work/ozone/ozone/hadoop-ozone/integration-test/target/test-dir/MiniOzoneClusterImpl-c742643d-ef9b-4334-85a5-eeb69d8d8f7b/datanode-1/data/ratis/834a3821-3a64-4af2-9308-027d6b80b311/in_use.lock acquired by nodename 17254@fv-az58-449
2022-06-19 13:08:43,146 [pool-794-thread-1] INFO  storage.RaftStorage (RaftStorageImpl.java:format(89)) - Storage directory /home/runner/work/ozone/ozone/hadoop-ozone/integration-test/target/test-dir/MiniOzoneClusterImpl-c742643d-ef9b-4334-85a5-eeb69d8d8f7b/datanode-1/data/ratis/834a3821-3a64-4af2-9308-027d6b80b311 has been successfully formatted.
2022-06-19 13:08:43,161 [pool-794-thread-1] INFO  ratis.ContainerStateMachine (ContainerStateMachine.java:loadSnapshot(236)) - group-027D6B80B311: The snapshot info is null. Setting the last applied indexto:(t:0, i:~)
2022-06-19 13:08:43,161 [pool-794-thread-1] INFO  server.RaftServerConfigKeys (ConfUtils.java:logGet(46)) - raft.server.notification.no-leader.timeout = 300s (custom)
2022-06-19 13:08:43,161 [pool-794-thread-1] INFO  server.RaftServerConfigKeys (ConfUtils.java:logGet(46)) - raft.server.log.use.memory = false (default)
2022-06-19 13:08:43,161 [pool-794-thread-1] INFO  server.RaftServerConfigKeys (ConfUtils.java:logGet(46)) - raft.server.log.purge.gap = 1000000 (custom)
2022-06-19 13:08:43,161 [pool-794-thread-1] INFO  server.RaftServerConfigKeys (ConfUtils.java:logGet(46)) - raft.server.log.appender.buffer.byte-limit = 33554432 (custom)
2022-06-19 13:08:43,161 [pool-794-thread-1] INFO  server.RaftServerConfigKeys (ConfUtils.java:logGet(46)) - raft.server.log.statemachine.data.read.timeout = 1000ms (default)
2022-06-19 13:08:43,162 [pool-794-thread-1] INFO  server.RaftServerConfigKeys (ConfUtils.java:logGet(46)) - raft.server.log.segment.size.max = 1048576 (custom)
2022-06-19 13:08:43,162 [pool-794-thread-1] INFO  server.RaftServerConfigKeys (ConfUtils.java:logGet(46)) - raft.server.log.segment.cache.num.max = 2 (custom)
2022-06-19 13:08:43,162 [pool-794-thread-1] INFO  server.RaftServerConfigKeys (ConfUtils.java:logGet(46)) - raft.server.log.segment.cache.size.max = 200MB (=209715200) (default)
2022-06-19 13:08:43,162 [pool-794-thread-1] INFO  segmented.SegmentedRaftLogWorker (SegmentedRaftLogWorker.java:<init>(187)) - new 001c296a-5799-42a4-87a9-6a5b930e2f27@group-027D6B80B311-SegmentedRaftLogWorker for RaftStorageImpl:Storage Directory /home/runner/work/ozone/ozone/hadoop-ozone/integration-test/target/test-dir/MiniOzoneClusterImpl-c742643d-ef9b-4334-85a5-eeb69d8d8f7b/datanode-1/data/ratis/834a3821-3a64-4af2-9308-027d6b80b311
2022-06-19 13:08:43,162 [pool-794-thread-1] INFO  server.RaftServerConfigKeys (ConfUtils.java:logGet(46)) - raft.server.log.queue.byte-limit = 4294967296 (custom)
2022-06-19 13:08:43,162 [pool-794-thread-1] INFO  server.RaftServerConfigKeys (ConfUtils.java:logGet(46)) - raft.server.log.queue.element-limit = 1024 (custom)
2022-06-19 13:08:43,162 [pool-794-thread-1] INFO  server.RaftServerConfigKeys (ConfUtils.java:logGet(46)) - raft.server.log.segment.size.max = 1048576 (custom)
2022-06-19 13:08:43,162 [pool-794-thread-1] INFO  server.RaftServerConfigKeys (ConfUtils.java:logGet(46)) - raft.server.log.preallocated.size = 16384 (custom)
2022-06-19 13:08:43,162 [pool-794-thread-1] INFO  server.RaftServerConfigKeys (ConfUtils.java:logGet(46)) - raft.server.log.force.sync.num = 128 (default)
2022-06-19 13:08:43,162 [pool-794-thread-1] INFO  server.RaftServerConfigKeys (ConfUtils.java:logGet(46)) - raft.server.log.statemachine.data.sync = true (default)
2022-06-19 13:08:43,162 [pool-794-thread-1] INFO  server.RaftServerConfigKeys (ConfUtils.java:logGet(46)) - raft.server.log.statemachine.data.sync.timeout = 10s (default)
2022-06-19 13:08:43,162 [pool-794-thread-1] INFO  server.RaftServerConfigKeys (ConfUtils.java:logGet(46)) - raft.server.log.statemachine.data.sync.timeout.retry = -1 (default)
2022-06-19 13:08:43,163 [pool-794-thread-1] INFO  server.RaftServerConfigKeys (ConfUtils.java:logGet(46)) - raft.server.log.write.buffer.size = 1048576 (custom)
2022-06-19 13:08:43,163 [pool-794-thread-1] INFO  server.RaftServerConfigKeys (ConfUtils.java:logGet(46)) - raft.server.log.unsafe-flush.enabled = false (default)
2022-06-19 13:08:43,164 [pool-794-thread-1] INFO  server.RaftServerConfigKeys (ConfUtils.java:logGet(46)) - raft.server.log.statemachine.data.caching.enabled = true (custom)
2022-06-19 13:08:43,164 [pool-794-thread-1] INFO  segmented.SegmentedRaftLogWorker (SegmentedRaftLogWorker.java:lambda$new$0(135)) - 001c296a-5799-42a4-87a9-6a5b930e2f27@group-027D6B80B311-SegmentedRaftLogWorker: flushIndex: setUnconditionally 0 -> -1
2022-06-19 13:08:43,164 [pool-794-thread-1] INFO  segmented.SegmentedRaftLogWorker (SegmentedRaftLogWorker.java:lambda$new$0(135)) - 001c296a-5799-42a4-87a9-6a5b930e2f27@group-027D6B80B311-SegmentedRaftLogWorker: safeCacheEvictIndex: setUnconditionally 0 -> -1
2022-06-19 13:08:43,181 [pool-794-thread-1] INFO  server.RaftServerConfigKeys (ConfUtils.java:logGet(46)) - raft.server.snapshot.auto.trigger.enabled = true (custom)
2022-06-19 13:08:43,181 [pool-794-thread-1] INFO  server.RaftServerConfigKeys (ConfUtils.java:logGet(46)) - raft.server.snapshot.auto.trigger.threshold = 10000 (custom)
2022-06-19 13:08:43,181 [pool-794-thread-1] INFO  server.RaftServerConfigKeys (ConfUtils.java:logGet(46)) - raft.server.snapshot.retention.file.num = 5 (custom)
2022-06-19 13:08:43,181 [pool-794-thread-1] INFO  server.RaftServerConfigKeys (ConfUtils.java:logGet(46)) - raft.server.log.purge.upto.snapshot.index = false (default)
2022-06-19 13:08:43,181 [pool-794-thread-1] INFO  server.RaftServerConfigKeys (ConfUtils.java:logGet(46)) - raft.server.retrycache.expirytime = 600000ms (custom)
2022-06-19 13:08:43,181 [pool-794-thread-1] INFO  server.RaftServerConfigKeys (ConfUtils.java:logGet(46)) - raft.server.retrycache.statistics.expirytime = 100μs (default)
2022-06-19 13:08:43,183 [pool-794-thread-1] INFO  server.RaftServerConfigKeys (ConfUtils.java:logGet(46)) - raft.server.log.appender.install.snapshot.enabled = false (custom)
2022-06-19 13:08:43,183 [pool-794-thread-1] INFO  server.RaftServerConfigKeys (ConfUtils.java:logGet(46)) - raft.server.threadpool.server.cached = true (default)
2022-06-19 13:08:43,183 [pool-794-thread-1] INFO  server.RaftServerConfigKeys (ConfUtils.java:logGet(46)) - raft.server.threadpool.server.size = 0 (default)
2022-06-19 13:08:43,183 [pool-794-thread-1] INFO  server.RaftServerConfigKeys (ConfUtils.java:logGet(46)) - raft.server.threadpool.client.cached = true (default)
2022-06-19 13:08:43,183 [pool-794-thread-1] INFO  server.RaftServerConfigKeys (ConfUtils.java:logGet(46)) - raft.server.threadpool.client.size = 0 (default)
2022-06-19 13:08:43,183 [pool-794-thread-1] INFO  server.RaftServer$Division (RaftServerImpl.java:start(310)) - 001c296a-5799-42a4-87a9-6a5b930e2f27@group-027D6B80B311: start as a follower, conf=-1: [eb4bc65c-b727-4ac3-a516-6687464fc4a1|rpc:10.1.0.4:33363|dataStream:|priority:0, 001c296a-5799-42a4-87a9-6a5b930e2f27|rpc:10.1.0.4:45007|dataStream:|priority:1, 159ddede-8ddd-4508-a461-c1de976ef966|rpc:10.1.0.4:35015|dataStream:|priority:0], old=null
2022-06-19 13:08:43,183 [pool-794-thread-1] INFO  server.RaftServer$Division (RaftServerImpl.java:setRole(299)) - 001c296a-5799-42a4-87a9-6a5b930e2f27@group-027D6B80B311: changes role from      null to FOLLOWER at term 0 for startAsFollower
2022-06-19 13:08:43,183 [pool-794-thread-1] INFO  impl.RoleInfo (RoleInfo.java:updateAndGet(139)) - 001c296a-5799-42a4-87a9-6a5b930e2f27: start 001c296a-5799-42a4-87a9-6a5b930e2f27@group-027D6B80B311-FollowerState
2022-06-19 13:08:43,197 [pool-794-thread-1] INFO  util.JmxRegister (JmxRegister.java:tryRegister(44)) - Successfully registered JMX Bean with object name Ratis:service=RaftServer,group=group-027D6B80B311,id=001c296a-5799-42a4-87a9-6a5b930e2f27
2022-06-19 13:08:43,359 [grpc-default-executor-0] INFO  server.RaftServer (RaftServerProxy.java:addNew(96)) - eb4bc65c-b727-4ac3-a516-6687464fc4a1: addNew group-027D6B80B311:[eb4bc65c-b727-4ac3-a516-6687464fc4a1|rpc:10.1.0.4:33363|dataStream:|priority:0, 001c296a-5799-42a4-87a9-6a5b930e2f27|rpc:10.1.0.4:45007|dataStream:|priority:1, 159ddede-8ddd-4508-a461-c1de976ef966|rpc:10.1.0.4:35015|dataStream:|priority:0] returns group-027D6B80B311:java.util.concurrent.CompletableFuture@6f574845[Not completed]
2022-06-19 13:08:43,360 [pool-817-thread-1] INFO  server.RaftServer$Division (RaftServerImpl.java:<init>(190)) - eb4bc65c-b727-4ac3-a516-6687464fc4a1: new RaftServerImpl for group-027D6B80B311:[eb4bc65c-b727-4ac3-a516-6687464fc4a1|rpc:10.1.0.4:33363|dataStream:|priority:0, 001c296a-5799-42a4-87a9-6a5b930e2f27|rpc:10.1.0.4:45007|dataStream:|priority:1, 159ddede-8ddd-4508-a461-c1de976ef966|rpc:10.1.0.4:35015|dataStream:|priority:0] with ContainerStateMachine:uninitialized
2022-06-19 13:08:43,360 [pool-817-thread-1] INFO  server.RaftServerConfigKeys (ConfUtils.java:logGet(46)) - raft.server.rpc.timeout.min = 5s (custom)
2022-06-19 13:08:43,360 [pool-817-thread-1] INFO  server.RaftServerConfigKeys (ConfUtils.java:logGet(46)) - raft.server.rpc.timeout.max = 5200ms (custom)
2022-06-19 13:08:43,360 [pool-817-thread-1] INFO  server.RaftServerConfigKeys (ConfUtils.java:logGet(46)) - raft.server.rpc.sleep.time = 25ms (default)
2022-06-19 13:08:43,360 [pool-817-thread-1] INFO  server.RaftServerConfigKeys (ConfUtils.java:logGet(46)) - raft.server.rpc.slowness.timeout = 300s (custom)
2022-06-19 13:08:43,360 [pool-817-thread-1] INFO  server.RaftServerConfigKeys (ConfUtils.java:logGet(46)) - raft.server.leaderelection.leader.step-down.wait-time = 10s (default)
2022-06-19 13:08:43,360 [pool-817-thread-1] INFO  server.RaftServerConfigKeys (ConfUtils.java:logGet(46)) - raft.server.sleep.deviation.threshold = 300ms (default)
2022-06-19 13:08:43,360 [pool-817-thread-1] INFO  server.RaftServer$Division (ServerState.java:<init>(107)) - eb4bc65c-b727-4ac3-a516-6687464fc4a1@group-027D6B80B311: ConfigurationManager, init=-1: [eb4bc65c-b727-4ac3-a516-6687464fc4a1|rpc:10.1.0.4:33363|dataStream:|priority:0, 001c296a-5799-42a4-87a9-6a5b930e2f27|rpc:10.1.0.4:45007|dataStream:|priority:1, 159ddede-8ddd-4508-a461-c1de976ef966|rpc:10.1.0.4:35015|dataStream:|priority:0], old=null, confs=<EMPTY_MAP>
2022-06-19 13:08:43,361 [pool-817-thread-1] INFO  server.RaftServerConfigKeys (ConfUtils.java:logGet(46)) - raft.server.storage.dir = [/home/runner/work/ozone/ozone/hadoop-ozone/integration-test/target/test-dir/MiniOzoneClusterImpl-c742643d-ef9b-4334-85a5-eeb69d8d8f7b/datanode-2/data/ratis] (custom)
2022-06-19 13:08:43,369 [Listener at 127.0.0.1/38405] INFO  ozone.MiniOzoneClusterImpl (MiniOzoneClusterImpl.java:lambda$waitForClusterToBeReady$0(221)) - Waiting for nodes to be ready. Got 3 of 5 DN Heartbeats.
2022-06-19 13:08:43,376 [Listener at 127.0.0.1/38405] INFO  ozone.MiniOzoneClusterImpl (MiniOzoneClusterImpl.java:lambda$waitForClusterToBeReady$0(224)) - Waiting for cluster to exit safe mode
2022-06-19 13:08:43,376 [Listener at 127.0.0.1/38405] INFO  ozone.MiniOzoneClusterImpl (MiniOzoneClusterImpl.java:lambda$waitForClusterToBeReady$0(226)) - SCM became leader
2022-06-19 13:08:43,376 [pool-817-thread-1] INFO  server.RaftServerConfigKeys (ConfUtils.java:logGet(46)) - raft.server.log.corruption.policy = EXCEPTION (default)
2022-06-19 13:08:43,377 [pool-817-thread-1] INFO  server.RaftServerConfigKeys (ConfUtils.java:logGet(46)) - raft.server.storage.free-space.min = 0MB (=0) (default)
2022-06-19 13:08:43,377 [pool-817-thread-1] INFO  storage.RaftStorageDirectory (RaftStorageDirectoryImpl.java:analyzeStorage(135)) - The storage directory /home/runner/work/ozone/ozone/hadoop-ozone/integration-test/target/test-dir/MiniOzoneClusterImpl-c742643d-ef9b-4334-85a5-eeb69d8d8f7b/datanode-2/data/ratis/834a3821-3a64-4af2-9308-027d6b80b311 does not exist. Creating ...
2022-06-19 13:08:43,390 [pool-817-thread-1] INFO  storage.RaftStorageDirectory (RaftStorageDirectoryImpl.java:tryLock(230)) - Lock on /home/runner/work/ozone/ozone/hadoop-ozone/integration-test/target/test-dir/MiniOzoneClusterImpl-c742643d-ef9b-4334-85a5-eeb69d8d8f7b/datanode-2/data/ratis/834a3821-3a64-4af2-9308-027d6b80b311/in_use.lock acquired by nodename 17254@fv-az58-449
2022-06-19 13:08:43,398 [pool-817-thread-1] INFO  storage.RaftStorage (RaftStorageImpl.java:format(89)) - Storage directory /home/runner/work/ozone/ozone/hadoop-ozone/integration-test/target/test-dir/MiniOzoneClusterImpl-c742643d-ef9b-4334-85a5-eeb69d8d8f7b/datanode-2/data/ratis/834a3821-3a64-4af2-9308-027d6b80b311 has been successfully formatted.
2022-06-19 13:08:43,404 [pool-817-thread-1] INFO  ratis.ContainerStateMachine (ContainerStateMachine.java:loadSnapshot(236)) - group-027D6B80B311: The snapshot info is null. Setting the last applied indexto:(t:0, i:~)
2022-06-19 13:08:43,409 [pool-817-thread-1] INFO  server.RaftServerConfigKeys (ConfUtils.java:logGet(46)) - raft.server.notification.no-leader.timeout = 300s (custom)
2022-06-19 13:08:43,485 [pool-817-thread-1] INFO  server.RaftServerConfigKeys (ConfUtils.java:logGet(46)) - raft.server.log.use.memory = false (default)
2022-06-19 13:08:43,485 [pool-817-thread-1] INFO  server.RaftServerConfigKeys (ConfUtils.java:logGet(46)) - raft.server.log.purge.gap = 1000000 (custom)
2022-06-19 13:08:43,485 [pool-817-thread-1] INFO  server.RaftServerConfigKeys (ConfUtils.java:logGet(46)) - raft.server.log.appender.buffer.byte-limit = 33554432 (custom)
2022-06-19 13:08:43,485 [pool-817-thread-1] INFO  server.RaftServerConfigKeys (ConfUtils.java:logGet(46)) - raft.server.log.statemachine.data.read.timeout = 1000ms (default)
2022-06-19 13:08:43,486 [pool-817-thread-1] INFO  server.RaftServerConfigKeys (ConfUtils.java:logGet(46)) - raft.server.log.segment.size.max = 1048576 (custom)
2022-06-19 13:08:43,486 [pool-817-thread-1] INFO  server.RaftServerConfigKeys (ConfUtils.java:logGet(46)) - raft.server.log.segment.cache.num.max = 2 (custom)
2022-06-19 13:08:43,486 [pool-817-thread-1] INFO  server.RaftServerConfigKeys (ConfUtils.java:logGet(46)) - raft.server.log.segment.cache.size.max = 200MB (=209715200) (default)
2022-06-19 13:08:43,486 [pool-817-thread-1] INFO  segmented.SegmentedRaftLogWorker (SegmentedRaftLogWorker.java:<init>(187)) - new eb4bc65c-b727-4ac3-a516-6687464fc4a1@group-027D6B80B311-SegmentedRaftLogWorker for RaftStorageImpl:Storage Directory /home/runner/work/ozone/ozone/hadoop-ozone/integration-test/target/test-dir/MiniOzoneClusterImpl-c742643d-ef9b-4334-85a5-eeb69d8d8f7b/datanode-2/data/ratis/834a3821-3a64-4af2-9308-027d6b80b311
2022-06-19 13:08:43,486 [pool-817-thread-1] INFO  server.RaftServerConfigKeys (ConfUtils.java:logGet(46)) - raft.server.log.queue.byte-limit = 4294967296 (custom)
2022-06-19 13:08:43,486 [pool-817-thread-1] INFO  server.RaftServerConfigKeys (ConfUtils.java:logGet(46)) - raft.server.log.queue.element-limit = 1024 (custom)
2022-06-19 13:08:43,486 [pool-817-thread-1] INFO  server.RaftServerConfigKeys (ConfUtils.java:logGet(46)) - raft.server.log.segment.size.max = 1048576 (custom)
2022-06-19 13:08:43,486 [pool-817-thread-1] INFO  server.RaftServerConfigKeys (ConfUtils.java:logGet(46)) - raft.server.log.preallocated.size = 16384 (custom)
2022-06-19 13:08:43,486 [pool-817-thread-1] INFO  server.RaftServerConfigKeys (ConfUtils.java:logGet(46)) - raft.server.log.force.sync.num = 128 (default)
2022-06-19 13:08:43,486 [pool-817-thread-1] INFO  server.RaftServerConfigKeys (ConfUtils.java:logGet(46)) - raft.server.log.statemachine.data.sync = true (default)
2022-06-19 13:08:43,486 [pool-817-thread-1] INFO  server.RaftServerConfigKeys (ConfUtils.java:logGet(46)) - raft.server.log.statemachine.data.sync.timeout = 10s (default)
2022-06-19 13:08:43,486 [pool-817-thread-1] INFO  server.RaftServerConfigKeys (ConfUtils.java:logGet(46)) - raft.server.log.statemachine.data.sync.timeout.retry = -1 (default)
2022-06-19 13:08:43,487 [pool-817-thread-1] INFO  server.RaftServerConfigKeys (ConfUtils.java:logGet(46)) - raft.server.log.write.buffer.size = 1048576 (custom)
2022-06-19 13:08:43,488 [pool-817-thread-1] INFO  server.RaftServerConfigKeys (ConfUtils.java:logGet(46)) - raft.server.log.unsafe-flush.enabled = false (default)
2022-06-19 13:08:43,488 [pool-817-thread-1] INFO  server.RaftServerConfigKeys (ConfUtils.java:logGet(46)) - raft.server.log.statemachine.data.caching.enabled = true (custom)
2022-06-19 13:08:43,488 [pool-817-thread-1] INFO  segmented.SegmentedRaftLogWorker (SegmentedRaftLogWorker.java:lambda$new$0(135)) - eb4bc65c-b727-4ac3-a516-6687464fc4a1@group-027D6B80B311-SegmentedRaftLogWorker: flushIndex: setUnconditionally 0 -> -1
2022-06-19 13:08:43,488 [pool-817-thread-1] INFO  segmented.SegmentedRaftLogWorker (SegmentedRaftLogWorker.java:lambda$new$0(135)) - eb4bc65c-b727-4ac3-a516-6687464fc4a1@group-027D6B80B311-SegmentedRaftLogWorker: safeCacheEvictIndex: setUnconditionally 0 -> -1
2022-06-19 13:08:43,506 [pool-817-thread-1] INFO  server.RaftServerConfigKeys (ConfUtils.java:logGet(46)) - raft.server.snapshot.auto.trigger.enabled = true (custom)
2022-06-19 13:08:43,506 [pool-817-thread-1] INFO  server.RaftServerConfigKeys (ConfUtils.java:logGet(46)) - raft.server.snapshot.auto.trigger.threshold = 10000 (custom)
2022-06-19 13:08:43,507 [pool-817-thread-1] INFO  server.RaftServerConfigKeys (ConfUtils.java:logGet(46)) - raft.server.snapshot.retention.file.num = 5 (custom)
2022-06-19 13:08:43,507 [pool-817-thread-1] INFO  server.RaftServerConfigKeys (ConfUtils.java:logGet(46)) - raft.server.log.purge.upto.snapshot.index = false (default)
2022-06-19 13:08:43,507 [pool-817-thread-1] INFO  server.RaftServerConfigKeys (ConfUtils.java:logGet(46)) - raft.server.retrycache.expirytime = 600000ms (custom)
2022-06-19 13:08:43,507 [pool-817-thread-1] INFO  server.RaftServerConfigKeys (ConfUtils.java:logGet(46)) - raft.server.retrycache.statistics.expirytime = 100μs (default)
2022-06-19 13:08:43,508 [pool-817-thread-1] INFO  server.RaftServerConfigKeys (ConfUtils.java:logGet(46)) - raft.server.log.appender.install.snapshot.enabled = false (custom)
2022-06-19 13:08:43,508 [pool-817-thread-1] INFO  server.RaftServerConfigKeys (ConfUtils.java:logGet(46)) - raft.server.threadpool.server.cached = true (default)
2022-06-19 13:08:43,508 [pool-817-thread-1] INFO  server.RaftServerConfigKeys (ConfUtils.java:logGet(46)) - raft.server.threadpool.server.size = 0 (default)
2022-06-19 13:08:43,508 [pool-817-thread-1] INFO  server.RaftServerConfigKeys (ConfUtils.java:logGet(46)) - raft.server.threadpool.client.cached = true (default)
2022-06-19 13:08:43,508 [pool-817-thread-1] INFO  server.RaftServerConfigKeys (ConfUtils.java:logGet(46)) - raft.server.threadpool.client.size = 0 (default)
2022-06-19 13:08:43,508 [pool-817-thread-1] INFO  server.RaftServer$Division (RaftServerImpl.java:start(310)) - eb4bc65c-b727-4ac3-a516-6687464fc4a1@group-027D6B80B311: start as a follower, conf=-1: [eb4bc65c-b727-4ac3-a516-6687464fc4a1|rpc:10.1.0.4:33363|dataStream:|priority:0, 001c296a-5799-42a4-87a9-6a5b930e2f27|rpc:10.1.0.4:45007|dataStream:|priority:1, 159ddede-8ddd-4508-a461-c1de976ef966|rpc:10.1.0.4:35015|dataStream:|priority:0], old=null
2022-06-19 13:08:43,508 [pool-817-thread-1] INFO  server.RaftServer$Division (RaftServerImpl.java:setRole(299)) - eb4bc65c-b727-4ac3-a516-6687464fc4a1@group-027D6B80B311: changes role from      null to FOLLOWER at term 0 for startAsFollower
2022-06-19 13:08:43,508 [pool-817-thread-1] INFO  impl.RoleInfo (RoleInfo.java:updateAndGet(139)) - eb4bc65c-b727-4ac3-a516-6687464fc4a1: start eb4bc65c-b727-4ac3-a516-6687464fc4a1@group-027D6B80B311-FollowerState
2022-06-19 13:08:43,509 [pool-817-thread-1] INFO  util.JmxRegister (JmxRegister.java:tryRegister(44)) - Successfully registered JMX Bean with object name Ratis:service=RaftServer,group=group-027D6B80B311,id=eb4bc65c-b727-4ac3-a516-6687464fc4a1
2022-06-19 13:08:43,570 [Command processor thread] INFO  commandhandler.CreatePipelineCommandHandler (CreatePipelineCommandHandler.java:handle(113)) - Created Pipeline RATIS THREE PipelineID=834a3821-3a64-4af2-9308-027d6b80b311.
2022-06-19 13:08:43,571 [Command processor thread] INFO  server.RaftServer (RaftServerProxy.java:addNew(96)) - 159ddede-8ddd-4508-a461-c1de976ef966: addNew group-6A4F9B95B0D2:[eb4bc65c-b727-4ac3-a516-6687464fc4a1|rpc:10.1.0.4:33363|priority:0, 001c296a-5799-42a4-87a9-6a5b930e2f27|rpc:10.1.0.4:45007|priority:0, 159ddede-8ddd-4508-a461-c1de976ef966|rpc:10.1.0.4:35015|priority:1] returns group-6A4F9B95B0D2:java.util.concurrent.CompletableFuture@2650cef8[Not completed]
2022-06-19 13:08:43,572 [pool-771-thread-1] INFO  server.RaftServer$Division (RaftServerImpl.java:<init>(190)) - 159ddede-8ddd-4508-a461-c1de976ef966: new RaftServerImpl for group-6A4F9B95B0D2:[eb4bc65c-b727-4ac3-a516-6687464fc4a1|rpc:10.1.0.4:33363|priority:0, 001c296a-5799-42a4-87a9-6a5b930e2f27|rpc:10.1.0.4:45007|priority:0, 159ddede-8ddd-4508-a461-c1de976ef966|rpc:10.1.0.4:35015|priority:1] with ContainerStateMachine:uninitialized
2022-06-19 13:08:43,572 [pool-771-thread-1] INFO  server.RaftServerConfigKeys (ConfUtils.java:logGet(46)) - raft.server.rpc.timeout.min = 5s (custom)
2022-06-19 13:08:43,572 [pool-771-thread-1] INFO  server.RaftServerConfigKeys (ConfUtils.java:logGet(46)) - raft.server.rpc.timeout.max = 5200ms (custom)
2022-06-19 13:08:43,572 [pool-771-thread-1] INFO  server.RaftServerConfigKeys (ConfUtils.java:logGet(46)) - raft.server.rpc.sleep.time = 25ms (default)
2022-06-19 13:08:43,572 [pool-771-thread-1] INFO  server.RaftServerConfigKeys (ConfUtils.java:logGet(46)) - raft.server.rpc.slowness.timeout = 300s (custom)
2022-06-19 13:08:43,572 [pool-771-thread-1] INFO  server.RaftServerConfigKeys (ConfUtils.java:logGet(46)) - raft.server.leaderelection.leader.step-down.wait-time = 10s (default)
2022-06-19 13:08:43,572 [pool-771-thread-1] INFO  server.RaftServerConfigKeys (ConfUtils.java:logGet(46)) - raft.server.sleep.deviation.threshold = 300ms (default)
2022-06-19 13:08:43,572 [pool-771-thread-1] INFO  server.RaftServer$Division (ServerState.java:<init>(107)) - 159ddede-8ddd-4508-a461-c1de976ef966@group-6A4F9B95B0D2: ConfigurationManager, init=-1: [eb4bc65c-b727-4ac3-a516-6687464fc4a1|rpc:10.1.0.4:33363|priority:0, 001c296a-5799-42a4-87a9-6a5b930e2f27|rpc:10.1.0.4:45007|priority:0, 159ddede-8ddd-4508-a461-c1de976ef966|rpc:10.1.0.4:35015|priority:1], old=null, confs=<EMPTY_MAP>
2022-06-19 13:08:43,572 [pool-771-thread-1] INFO  server.RaftServerConfigKeys (ConfUtils.java:logGet(46)) - raft.server.storage.dir = [/home/runner/work/ozone/ozone/hadoop-ozone/integration-test/target/test-dir/MiniOzoneClusterImpl-c742643d-ef9b-4334-85a5-eeb69d8d8f7b/datanode-0/data/ratis] (custom)
2022-06-19 13:08:43,572 [pool-771-thread-1] INFO  server.RaftServerConfigKeys (ConfUtils.java:logGet(46)) - raft.server.log.corruption.policy = EXCEPTION (default)
2022-06-19 13:08:43,572 [pool-771-thread-1] INFO  server.RaftServerConfigKeys (ConfUtils.java:logGet(46)) - raft.server.storage.free-space.min = 0MB (=0) (default)
2022-06-19 13:08:43,572 [pool-771-thread-1] INFO  storage.RaftStorageDirectory (RaftStorageDirectoryImpl.java:analyzeStorage(135)) - The storage directory /home/runner/work/ozone/ozone/hadoop-ozone/integration-test/target/test-dir/MiniOzoneClusterImpl-c742643d-ef9b-4334-85a5-eeb69d8d8f7b/datanode-0/data/ratis/6375d9fd-34cf-4c3b-a2a6-6a4f9b95b0d2 does not exist. Creating ...
2022-06-19 13:08:43,573 [pool-771-thread-1] INFO  storage.RaftStorageDirectory (RaftStorageDirectoryImpl.java:tryLock(230)) - Lock on /home/runner/work/ozone/ozone/hadoop-ozone/integration-test/target/test-dir/MiniOzoneClusterImpl-c742643d-ef9b-4334-85a5-eeb69d8d8f7b/datanode-0/data/ratis/6375d9fd-34cf-4c3b-a2a6-6a4f9b95b0d2/in_use.lock acquired by nodename 17254@fv-az58-449
2022-06-19 13:08:43,574 [pool-771-thread-1] INFO  storage.RaftStorage (RaftStorageImpl.java:format(89)) - Storage directory /home/runner/work/ozone/ozone/hadoop-ozone/integration-test/target/test-dir/MiniOzoneClusterImpl-c742643d-ef9b-4334-85a5-eeb69d8d8f7b/datanode-0/data/ratis/6375d9fd-34cf-4c3b-a2a6-6a4f9b95b0d2 has been successfully formatted.
2022-06-19 13:08:43,574 [pool-771-thread-1] INFO  ratis.ContainerStateMachine (ContainerStateMachine.java:loadSnapshot(236)) - group-6A4F9B95B0D2: The snapshot info is null. Setting the last applied indexto:(t:0, i:~)
2022-06-19 13:08:43,574 [pool-771-thread-1] INFO  server.RaftServerConfigKeys (ConfUtils.java:logGet(46)) - raft.server.notification.no-leader.timeout = 300s (custom)
2022-06-19 13:08:43,575 [pool-771-thread-1] INFO  server.RaftServerConfigKeys (ConfUtils.java:logGet(46)) - raft.server.log.use.memory = false (default)
2022-06-19 13:08:43,575 [pool-771-thread-1] INFO  server.RaftServerConfigKeys (ConfUtils.java:logGet(46)) - raft.server.log.purge.gap = 1000000 (custom)
2022-06-19 13:08:43,575 [pool-771-thread-1] INFO  server.RaftServerConfigKeys (ConfUtils.java:logGet(46)) - raft.server.log.appender.buffer.byte-limit = 33554432 (custom)
2022-06-19 13:08:43,575 [pool-771-thread-1] INFO  server.RaftServerConfigKeys (ConfUtils.java:logGet(46)) - raft.server.log.statemachine.data.read.timeout = 1000ms (default)
2022-06-19 13:08:43,575 [pool-771-thread-1] INFO  server.RaftServerConfigKeys (ConfUtils.java:logGet(46)) - raft.server.log.segment.size.max = 1048576 (custom)
2022-06-19 13:08:43,575 [pool-771-thread-1] INFO  server.RaftServerConfigKeys (ConfUtils.java:logGet(46)) - raft.server.log.segment.cache.num.max = 2 (custom)
2022-06-19 13:08:43,575 [pool-771-thread-1] INFO  server.RaftServerConfigKeys (ConfUtils.java:logGet(46)) - raft.server.log.segment.cache.size.max = 200MB (=209715200) (default)
2022-06-19 13:08:43,575 [pool-771-thread-1] INFO  segmented.SegmentedRaftLogWorker (SegmentedRaftLogWorker.java:<init>(187)) - new 159ddede-8ddd-4508-a461-c1de976ef966@group-6A4F9B95B0D2-SegmentedRaftLogWorker for RaftStorageImpl:Storage Directory /home/runner/work/ozone/ozone/hadoop-ozone/integration-test/target/test-dir/MiniOzoneClusterImpl-c742643d-ef9b-4334-85a5-eeb69d8d8f7b/datanode-0/data/ratis/6375d9fd-34cf-4c3b-a2a6-6a4f9b95b0d2
2022-06-19 13:08:43,575 [pool-771-thread-1] INFO  server.RaftServerConfigKeys (ConfUtils.java:logGet(46)) - raft.server.log.queue.byte-limit = 4294967296 (custom)
2022-06-19 13:08:43,575 [pool-771-thread-1] INFO  server.RaftServerConfigKeys (ConfUtils.java:logGet(46)) - raft.server.log.queue.element-limit = 1024 (custom)
2022-06-19 13:08:43,575 [pool-771-thread-1] INFO  server.RaftServerConfigKeys (ConfUtils.java:logGet(46)) - raft.server.log.segment.size.max = 1048576 (custom)
2022-06-19 13:08:43,575 [pool-771-thread-1] INFO  server.RaftServerConfigKeys (ConfUtils.java:logGet(46)) - raft.server.log.preallocated.size = 16384 (custom)
2022-06-19 13:08:43,575 [pool-771-thread-1] INFO  server.RaftServerConfigKeys (ConfUtils.java:logGet(46)) - raft.server.log.force.sync.num = 128 (default)
2022-06-19 13:08:43,575 [pool-771-thread-1] INFO  server.RaftServerConfigKeys (ConfUtils.java:logGet(46)) - raft.server.log.statemachine.data.sync = true (default)
2022-06-19 13:08:43,576 [pool-771-thread-1] INFO  server.RaftServerConfigKeys (ConfUtils.java:logGet(46)) - raft.server.log.statemachine.data.sync.timeout = 10s (default)
2022-06-19 13:08:43,576 [pool-771-thread-1] INFO  server.RaftServerConfigKeys (ConfUtils.java:logGet(46)) - raft.server.log.statemachine.data.sync.timeout.retry = -1 (default)
2022-06-19 13:08:43,576 [pool-771-thread-1] INFO  server.RaftServerConfigKeys (ConfUtils.java:logGet(46)) - raft.server.log.write.buffer.size = 1048576 (custom)
2022-06-19 13:08:43,577 [pool-771-thread-1] INFO  server.RaftServerConfigKeys (ConfUtils.java:logGet(46)) - raft.server.log.unsafe-flush.enabled = false (default)
2022-06-19 13:08:43,578 [EventQueue-OpenPipelineForHealthyPipelineSafeModeRule] INFO  safemode.SCMSafeModeManager (HealthyPipelineSafeModeRule.java:process(124)) - SCM in safe mode. Healthy pipelines reported count is 0, required healthy pipeline reported count is 1
2022-06-19 13:08:43,597 [pool-771-thread-1] INFO  server.RaftServerConfigKeys (ConfUtils.java:logGet(46)) - raft.server.log.statemachine.data.caching.enabled = true (custom)
2022-06-19 13:08:43,597 [pool-771-thread-1] INFO  segmented.SegmentedRaftLogWorker (SegmentedRaftLogWorker.java:lambda$new$0(135)) - 159ddede-8ddd-4508-a461-c1de976ef966@group-6A4F9B95B0D2-SegmentedRaftLogWorker: flushIndex: setUnconditionally 0 -> -1
2022-06-19 13:08:43,597 [pool-771-thread-1] INFO  segmented.SegmentedRaftLogWorker (SegmentedRaftLogWorker.java:lambda$new$0(135)) - 159ddede-8ddd-4508-a461-c1de976ef966@group-6A4F9B95B0D2-SegmentedRaftLogWorker: safeCacheEvictIndex: setUnconditionally 0 -> -1
2022-06-19 13:08:43,625 [pool-771-thread-1] INFO  server.RaftServerConfigKeys (ConfUtils.java:logGet(46)) - raft.server.snapshot.auto.trigger.enabled = true (custom)
2022-06-19 13:08:43,625 [pool-771-thread-1] INFO  server.RaftServerConfigKeys (ConfUtils.java:logGet(46)) - raft.server.snapshot.auto.trigger.threshold = 10000 (custom)
2022-06-19 13:08:43,625 [pool-771-thread-1] INFO  server.RaftServerConfigKeys (ConfUtils.java:logGet(46)) - raft.server.snapshot.retention.file.num = 5 (custom)
2022-06-19 13:08:43,625 [pool-771-thread-1] INFO  server.RaftServerConfigKeys (ConfUtils.java:logGet(46)) - raft.server.log.purge.upto.snapshot.index = false (default)
2022-06-19 13:08:43,625 [pool-771-thread-1] INFO  server.RaftServerConfigKeys (ConfUtils.java:logGet(46)) - raft.server.retrycache.expirytime = 600000ms (custom)
2022-06-19 13:08:43,626 [pool-771-thread-1] INFO  server.RaftServerConfigKeys (ConfUtils.java:logGet(46)) - raft.server.retrycache.statistics.expirytime = 100μs (default)
2022-06-19 13:08:43,627 [pool-771-thread-1] INFO  server.RaftServerConfigKeys (ConfUtils.java:logGet(46)) - raft.server.log.appender.install.snapshot.enabled = false (custom)
2022-06-19 13:08:43,627 [pool-771-thread-1] INFO  server.RaftServerConfigKeys (ConfUtils.java:logGet(46)) - raft.server.threadpool.server.cached = true (default)
2022-06-19 13:08:43,627 [pool-771-thread-1] INFO  server.RaftServerConfigKeys (ConfUtils.java:logGet(46)) - raft.server.threadpool.server.size = 0 (default)
2022-06-19 13:08:43,627 [pool-771-thread-1] INFO  server.RaftServerConfigKeys (ConfUtils.java:logGet(46)) - raft.server.threadpool.client.cached = true (default)
2022-06-19 13:08:43,627 [pool-771-thread-1] INFO  server.RaftServerConfigKeys (ConfUtils.java:logGet(46)) - raft.server.threadpool.client.size = 0 (default)
2022-06-19 13:08:43,627 [pool-771-thread-1] INFO  server.RaftServer$Division (RaftServerImpl.java:start(310)) - 159ddede-8ddd-4508-a461-c1de976ef966@group-6A4F9B95B0D2: start as a follower, conf=-1: [eb4bc65c-b727-4ac3-a516-6687464fc4a1|rpc:10.1.0.4:33363|priority:0, 001c296a-5799-42a4-87a9-6a5b930e2f27|rpc:10.1.0.4:45007|priority:0, 159ddede-8ddd-4508-a461-c1de976ef966|rpc:10.1.0.4:35015|priority:1], old=null
2022-06-19 13:08:43,627 [pool-771-thread-1] INFO  server.RaftServer$Division (RaftServerImpl.java:setRole(299)) - 159ddede-8ddd-4508-a461-c1de976ef966@group-6A4F9B95B0D2: changes role from      null to FOLLOWER at term 0 for startAsFollower
2022-06-19 13:08:43,627 [pool-771-thread-1] INFO  impl.RoleInfo (RoleInfo.java:updateAndGet(139)) - 159ddede-8ddd-4508-a461-c1de976ef966: start 159ddede-8ddd-4508-a461-c1de976ef966@group-6A4F9B95B0D2-FollowerState
2022-06-19 13:08:43,645 [pool-771-thread-1] INFO  util.JmxRegister (JmxRegister.java:tryRegister(44)) - Successfully registered JMX Bean with object name Ratis:service=RaftServer,group=group-6A4F9B95B0D2,id=159ddede-8ddd-4508-a461-c1de976ef966
2022-06-19 13:08:43,646 [EndpointStateMachine task thread for /0.0.0.0:40153 - 0 ] INFO  volume.HddsVolume (HddsVolume.java:createDbStore(309)) - SchemaV3 db is created and loaded at /home/runner/work/ozone/ozone/hadoop-ozone/integration-test/target/test-dir/MiniOzoneClusterImpl-c742643d-ef9b-4334-85a5-eeb69d8d8f7b/datanode-4/data-0/containers/hdds/c742643d-ef9b-4334-85a5-eeb69d8d8f7b/DS-348c331d-a71a-49da-8c8a-7f1f59e168c0/container.db for volume DS-348c331d-a71a-49da-8c8a-7f1f59e168c0
2022-06-19 13:08:43,646 [EndpointStateMachine task thread for /0.0.0.0:40153 - 0 ] INFO  volume.HddsVolume (HddsVolume.java:closeDbStore(340)) - SchemaV3 db is stopped at /home/runner/work/ozone/ozone/hadoop-ozone/integration-test/target/test-dir/MiniOzoneClusterImpl-c742643d-ef9b-4334-85a5-eeb69d8d8f7b/datanode-4/data-0/containers/hdds/c742643d-ef9b-4334-85a5-eeb69d8d8f7b/DS-348c331d-a71a-49da-8c8a-7f1f59e168c0/container.db for volume DS-348c331d-a71a-49da-8c8a-7f1f59e168c0
2022-06-19 13:08:43,646 [EndpointStateMachine task thread for /0.0.0.0:40153 - 0 ] INFO  ozoneimpl.OzoneContainer (OzoneContainer.java:start(344)) - Attempting to start container services.
2022-06-19 13:08:43,646 [EndpointStateMachine task thread for /0.0.0.0:40153 - 0 ] INFO  ozoneimpl.OzoneContainer (OzoneContainer.java:startContainerScrub(279)) - Background container scanner has been disabled.
2022-06-19 13:08:43,654 [Command processor thread] INFO  ratis.XceiverServerRatis (XceiverServerRatis.java:addGroup(765)) - Created group PipelineID=6375d9fd-34cf-4c3b-a2a6-6a4f9b95b0d2
2022-06-19 13:08:43,662 [EndpointStateMachine task thread for /0.0.0.0:40153 - 0 ] INFO  replication.ReplicationServer (ReplicationServer.java:start(111)) - ReplicationServer is started using port 37783
2022-06-19 13:08:43,664 [EndpointStateMachine task thread for /0.0.0.0:40153 - 0 ] INFO  ratis.XceiverServerRatis (XceiverServerRatis.java:start(481)) - Starting XceiverServerRatis 9890fc63-f579-46b3-a4ef-59d832827169
2022-06-19 13:08:43,669 [EndpointStateMachine task thread for /0.0.0.0:40153 - 0 ] INFO  server.RaftServer (RaftServerProxy.java:lambda$start$6(382)) - 9890fc63-f579-46b3-a4ef-59d832827169: start RPC server
2022-06-19 13:08:43,690 [EndpointStateMachine task thread for /0.0.0.0:40153 - 0 ] INFO  server.GrpcService (GrpcService.java:startImpl(260)) - 9890fc63-f579-46b3-a4ef-59d832827169: GrpcService started, listening on 37369
2022-06-19 13:08:43,701 [EndpointStateMachine task thread for /0.0.0.0:40153 - 0 ] INFO  ratis.XceiverServerRatis (XceiverServerRatis.java:getRealPort(502)) - XceiverServerRatis 9890fc63-f579-46b3-a4ef-59d832827169 is started using port 37369 for RATIS
2022-06-19 13:08:43,701 [EndpointStateMachine task thread for /0.0.0.0:40153 - 0 ] INFO  ratis.XceiverServerRatis (XceiverServerRatis.java:getRealPort(502)) - XceiverServerRatis 9890fc63-f579-46b3-a4ef-59d832827169 is started using port 37369 for RATIS_ADMIN
2022-06-19 13:08:43,701 [EndpointStateMachine task thread for /0.0.0.0:40153 - 0 ] INFO  ratis.XceiverServerRatis (XceiverServerRatis.java:getRealPort(502)) - XceiverServerRatis 9890fc63-f579-46b3-a4ef-59d832827169 is started using port 37369 for RATIS_SERVER
2022-06-19 13:08:43,702 [org.apache.ratis.util.JvmPauseMonitor$$Lambda$627/819749933@3caad899] INFO  util.JvmPauseMonitor (JvmPauseMonitor.java:run(103)) - JvmPauseMonitor-9890fc63-f579-46b3-a4ef-59d832827169: Started
2022-06-19 13:08:43,788 [EndpointStateMachine task thread for /0.0.0.0:40153 - 0 ] INFO  server.XceiverServerGrpc (XceiverServerGrpc.java:start(180)) - XceiverServerGrpc 9890fc63-f579-46b3-a4ef-59d832827169 is started using port 42701
2022-06-19 13:08:43,812 [grpc-default-executor-0] INFO  server.RaftServer (RaftServerProxy.java:addNew(96)) - eb4bc65c-b727-4ac3-a516-6687464fc4a1: addNew group-6A4F9B95B0D2:[eb4bc65c-b727-4ac3-a516-6687464fc4a1|rpc:10.1.0.4:33363|dataStream:|priority:0, 001c296a-5799-42a4-87a9-6a5b930e2f27|rpc:10.1.0.4:45007|dataStream:|priority:0, 159ddede-8ddd-4508-a461-c1de976ef966|rpc:10.1.0.4:35015|dataStream:|priority:1] returns group-6A4F9B95B0D2:java.util.concurrent.CompletableFuture@7ea64b4[Not completed]
2022-06-19 13:08:43,813 [pool-817-thread-1] INFO  server.RaftServer$Division (RaftServerImpl.java:<init>(190)) - eb4bc65c-b727-4ac3-a516-6687464fc4a1: new RaftServerImpl for group-6A4F9B95B0D2:[eb4bc65c-b727-4ac3-a516-6687464fc4a1|rpc:10.1.0.4:33363|dataStream:|priority:0, 001c296a-5799-42a4-87a9-6a5b930e2f27|rpc:10.1.0.4:45007|dataStream:|priority:0, 159ddede-8ddd-4508-a461-c1de976ef966|rpc:10.1.0.4:35015|dataStream:|priority:1] with ContainerStateMachine:uninitialized
2022-06-19 13:08:43,813 [pool-817-thread-1] INFO  server.RaftServerConfigKeys (ConfUtils.java:logGet(46)) - raft.server.rpc.timeout.min = 5s (custom)
2022-06-19 13:08:43,813 [pool-817-thread-1] INFO  server.RaftServerConfigKeys (ConfUtils.java:logGet(46)) - raft.server.rpc.timeout.max = 5200ms (custom)
2022-06-19 13:08:43,813 [pool-817-thread-1] INFO  server.RaftServerConfigKeys (ConfUtils.java:logGet(46)) - raft.server.rpc.sleep.time = 25ms (default)
2022-06-19 13:08:43,813 [pool-817-thread-1] INFO  server.RaftServerConfigKeys (ConfUtils.java:logGet(46)) - raft.server.rpc.slowness.timeout = 300s (custom)
2022-06-19 13:08:43,813 [pool-817-thread-1] INFO  server.RaftServerConfigKeys (ConfUtils.java:logGet(46)) - raft.server.leaderelection.leader.step-down.wait-time = 10s (default)
2022-06-19 13:08:43,813 [pool-817-thread-1] INFO  server.RaftServerConfigKeys (ConfUtils.java:logGet(46)) - raft.server.sleep.deviation.threshold = 300ms (default)
2022-06-19 13:08:43,813 [pool-817-thread-1] INFO  server.RaftServer$Division (ServerState.java:<init>(107)) - eb4bc65c-b727-4ac3-a516-6687464fc4a1@group-6A4F9B95B0D2: ConfigurationManager, init=-1: [eb4bc65c-b727-4ac3-a516-6687464fc4a1|rpc:10.1.0.4:33363|dataStream:|priority:0, 001c296a-5799-42a4-87a9-6a5b930e2f27|rpc:10.1.0.4:45007|dataStream:|priority:0, 159ddede-8ddd-4508-a461-c1de976ef966|rpc:10.1.0.4:35015|dataStream:|priority:1], old=null, confs=<EMPTY_MAP>
2022-06-19 13:08:43,813 [pool-817-thread-1] INFO  server.RaftServerConfigKeys (ConfUtils.java:logGet(46)) - raft.server.storage.dir = [/home/runner/work/ozone/ozone/hadoop-ozone/integration-test/target/test-dir/MiniOzoneClusterImpl-c742643d-ef9b-4334-85a5-eeb69d8d8f7b/datanode-2/data/ratis] (custom)
2022-06-19 13:08:43,813 [pool-817-thread-1] INFO  server.RaftServerConfigKeys (ConfUtils.java:logGet(46)) - raft.server.log.corruption.policy = EXCEPTION (default)
2022-06-19 13:08:43,813 [pool-817-thread-1] INFO  server.RaftServerConfigKeys (ConfUtils.java:logGet(46)) - raft.server.storage.free-space.min = 0MB (=0) (default)
2022-06-19 13:08:43,814 [pool-817-thread-1] INFO  storage.RaftStorageDirectory (RaftStorageDirectoryImpl.java:analyzeStorage(135)) - The storage directory /home/runner/work/ozone/ozone/hadoop-ozone/integration-test/target/test-dir/MiniOzoneClusterImpl-c742643d-ef9b-4334-85a5-eeb69d8d8f7b/datanode-2/data/ratis/6375d9fd-34cf-4c3b-a2a6-6a4f9b95b0d2 does not exist. Creating ...
2022-06-19 13:08:43,819 [pool-817-thread-1] INFO  storage.RaftStorageDirectory (RaftStorageDirectoryImpl.java:tryLock(230)) - Lock on /home/runner/work/ozone/ozone/hadoop-ozone/integration-test/target/test-dir/MiniOzoneClusterImpl-c742643d-ef9b-4334-85a5-eeb69d8d8f7b/datanode-2/data/ratis/6375d9fd-34cf-4c3b-a2a6-6a4f9b95b0d2/in_use.lock acquired by nodename 17254@fv-az58-449
2022-06-19 13:08:43,820 [Command processor thread] INFO  server.RaftServer (RaftServerProxy.java:addNew(96)) - 001c296a-5799-42a4-87a9-6a5b930e2f27: addNew group-491EA2610A30:[001c296a-5799-42a4-87a9-6a5b930e2f27|rpc:10.1.0.4:45007|priority:1] returns group-491EA2610A30:java.util.concurrent.CompletableFuture@236deb0b[Not completed]
2022-06-19 13:08:43,821 [pool-794-thread-1] INFO  server.RaftServer$Division (RaftServerImpl.java:<init>(190)) - 001c296a-5799-42a4-87a9-6a5b930e2f27: new RaftServerImpl for group-491EA2610A30:[001c296a-5799-42a4-87a9-6a5b930e2f27|rpc:10.1.0.4:45007|priority:1] with ContainerStateMachine:uninitialized
2022-06-19 13:08:43,821 [pool-794-thread-1] INFO  server.RaftServerConfigKeys (ConfUtils.java:logGet(46)) - raft.server.rpc.timeout.min = 5s (custom)
2022-06-19 13:08:43,821 [pool-794-thread-1] INFO  server.RaftServerConfigKeys (ConfUtils.java:logGet(46)) - raft.server.rpc.timeout.max = 5200ms (custom)
2022-06-19 13:08:43,821 [pool-794-thread-1] INFO  server.RaftServerConfigKeys (ConfUtils.java:logGet(46)) - raft.server.rpc.sleep.time = 25ms (default)
2022-06-19 13:08:43,821 [pool-794-thread-1] INFO  server.RaftServerConfigKeys (ConfUtils.java:logGet(46)) - raft.server.rpc.slowness.timeout = 300s (custom)
2022-06-19 13:08:43,821 [pool-794-thread-1] INFO  server.RaftServerConfigKeys (ConfUtils.java:logGet(46)) - raft.server.leaderelection.leader.step-down.wait-time = 10s (default)
2022-06-19 13:08:43,821 [pool-794-thread-1] INFO  server.RaftServerConfigKeys (ConfUtils.java:logGet(46)) - raft.server.sleep.deviation.threshold = 300ms (default)
2022-06-19 13:08:43,821 [pool-794-thread-1] INFO  server.RaftServer$Division (ServerState.java:<init>(107)) - 001c296a-5799-42a4-87a9-6a5b930e2f27@group-491EA2610A30: ConfigurationManager, init=-1: [001c296a-5799-42a4-87a9-6a5b930e2f27|rpc:10.1.0.4:45007|priority:1], old=null, confs=<EMPTY_MAP>
2022-06-19 13:08:43,825 [pool-794-thread-1] INFO  server.RaftServerConfigKeys (ConfUtils.java:logGet(46)) - raft.server.storage.dir = [/home/runner/work/ozone/ozone/hadoop-ozone/integration-test/target/test-dir/MiniOzoneClusterImpl-c742643d-ef9b-4334-85a5-eeb69d8d8f7b/datanode-1/data/ratis] (custom)
2022-06-19 13:08:43,825 [pool-794-thread-1] INFO  server.RaftServerConfigKeys (ConfUtils.java:logGet(46)) - raft.server.log.corruption.policy = EXCEPTION (default)
2022-06-19 13:08:43,825 [pool-794-thread-1] INFO  server.RaftServerConfigKeys (ConfUtils.java:logGet(46)) - raft.server.storage.free-space.min = 0MB (=0) (default)
2022-06-19 13:08:43,825 [pool-794-thread-1] INFO  storage.RaftStorageDirectory (RaftStorageDirectoryImpl.java:analyzeStorage(135)) - The storage directory /home/runner/work/ozone/ozone/hadoop-ozone/integration-test/target/test-dir/MiniOzoneClusterImpl-c742643d-ef9b-4334-85a5-eeb69d8d8f7b/datanode-1/data/ratis/708ba746-ad97-4c41-baeb-491ea2610a30 does not exist. Creating ...
2022-06-19 13:08:43,826 [pool-817-thread-1] INFO  storage.RaftStorage (RaftStorageImpl.java:format(89)) - Storage directory /home/runner/work/ozone/ozone/hadoop-ozone/integration-test/target/test-dir/MiniOzoneClusterImpl-c742643d-ef9b-4334-85a5-eeb69d8d8f7b/datanode-2/data/ratis/6375d9fd-34cf-4c3b-a2a6-6a4f9b95b0d2 has been successfully formatted.
2022-06-19 13:08:43,827 [pool-817-thread-1] INFO  ratis.ContainerStateMachine (ContainerStateMachine.java:loadSnapshot(236)) - group-6A4F9B95B0D2: The snapshot info is null. Setting the last applied indexto:(t:0, i:~)
2022-06-19 13:08:43,828 [pool-817-thread-1] INFO  server.RaftServerConfigKeys (ConfUtils.java:logGet(46)) - raft.server.notification.no-leader.timeout = 300s (custom)
2022-06-19 13:08:43,828 [pool-817-thread-1] INFO  server.RaftServerConfigKeys (ConfUtils.java:logGet(46)) - raft.server.log.use.memory = false (default)
2022-06-19 13:08:43,828 [pool-817-thread-1] INFO  server.RaftServerConfigKeys (ConfUtils.java:logGet(46)) - raft.server.log.purge.gap = 1000000 (custom)
2022-06-19 13:08:43,828 [pool-817-thread-1] INFO  server.RaftServerConfigKeys (ConfUtils.java:logGet(46)) - raft.server.log.appender.buffer.byte-limit = 33554432 (custom)
2022-06-19 13:08:43,828 [pool-817-thread-1] INFO  server.RaftServerConfigKeys (ConfUtils.java:logGet(46)) - raft.server.log.statemachine.data.read.timeout = 1000ms (default)
2022-06-19 13:08:43,828 [pool-817-thread-1] INFO  server.RaftServerConfigKeys (ConfUtils.java:logGet(46)) - raft.server.log.segment.size.max = 1048576 (custom)
2022-06-19 13:08:43,828 [pool-817-thread-1] INFO  server.RaftServerConfigKeys (ConfUtils.java:logGet(46)) - raft.server.log.segment.cache.num.max = 2 (custom)
2022-06-19 13:08:43,828 [pool-817-thread-1] INFO  server.RaftServerConfigKeys (ConfUtils.java:logGet(46)) - raft.server.log.segment.cache.size.max = 200MB (=209715200) (default)
2022-06-19 13:08:43,828 [pool-817-thread-1] INFO  segmented.SegmentedRaftLogWorker (SegmentedRaftLogWorker.java:<init>(187)) - new eb4bc65c-b727-4ac3-a516-6687464fc4a1@group-6A4F9B95B0D2-SegmentedRaftLogWorker for RaftStorageImpl:Storage Directory /home/runner/work/ozone/ozone/hadoop-ozone/integration-test/target/test-dir/MiniOzoneClusterImpl-c742643d-ef9b-4334-85a5-eeb69d8d8f7b/datanode-2/data/ratis/6375d9fd-34cf-4c3b-a2a6-6a4f9b95b0d2
2022-06-19 13:08:43,828 [pool-817-thread-1] INFO  server.RaftServerConfigKeys (ConfUtils.java:logGet(46)) - raft.server.log.queue.byte-limit = 4294967296 (custom)
2022-06-19 13:08:43,828 [pool-817-thread-1] INFO  server.RaftServerConfigKeys (ConfUtils.java:logGet(46)) - raft.server.log.queue.element-limit = 1024 (custom)
2022-06-19 13:08:43,829 [pool-817-thread-1] INFO  server.RaftServerConfigKeys (ConfUtils.java:logGet(46)) - raft.server.log.segment.size.max = 1048576 (custom)
2022-06-19 13:08:43,829 [pool-817-thread-1] INFO  server.RaftServerConfigKeys (ConfUtils.java:logGet(46)) - raft.server.log.preallocated.size = 16384 (custom)
2022-06-19 13:08:43,829 [pool-817-thread-1] INFO  server.RaftServerConfigKeys (ConfUtils.java:logGet(46)) - raft.server.log.force.sync.num = 128 (default)
2022-06-19 13:08:43,829 [pool-817-thread-1] INFO  server.RaftServerConfigKeys (ConfUtils.java:logGet(46)) - raft.server.log.statemachine.data.sync = true (default)
2022-06-19 13:08:43,829 [pool-817-thread-1] INFO  server.RaftServerConfigKeys (ConfUtils.java:logGet(46)) - raft.server.log.statemachine.data.sync.timeout = 10s (default)
2022-06-19 13:08:43,829 [pool-817-thread-1] INFO  server.RaftServerConfigKeys (ConfUtils.java:logGet(46)) - raft.server.log.statemachine.data.sync.timeout.retry = -1 (default)
2022-06-19 13:08:43,829 [pool-794-thread-1] INFO  storage.RaftStorageDirectory (RaftStorageDirectoryImpl.java:tryLock(230)) - Lock on /home/runner/work/ozone/ozone/hadoop-ozone/integration-test/target/test-dir/MiniOzoneClusterImpl-c742643d-ef9b-4334-85a5-eeb69d8d8f7b/datanode-1/data/ratis/708ba746-ad97-4c41-baeb-491ea2610a30/in_use.lock acquired by nodename 17254@fv-az58-449
2022-06-19 13:08:43,833 [pool-794-thread-1] INFO  storage.RaftStorage (RaftStorageImpl.java:format(89)) - Storage directory /home/runner/work/ozone/ozone/hadoop-ozone/integration-test/target/test-dir/MiniOzoneClusterImpl-c742643d-ef9b-4334-85a5-eeb69d8d8f7b/datanode-1/data/ratis/708ba746-ad97-4c41-baeb-491ea2610a30 has been successfully formatted.
2022-06-19 13:08:43,834 [pool-794-thread-1] INFO  ratis.ContainerStateMachine (ContainerStateMachine.java:loadSnapshot(236)) - group-491EA2610A30: The snapshot info is null. Setting the last applied indexto:(t:0, i:~)
2022-06-19 13:08:43,834 [pool-794-thread-1] INFO  server.RaftServerConfigKeys (ConfUtils.java:logGet(46)) - raft.server.notification.no-leader.timeout = 300s (custom)
2022-06-19 13:08:43,834 [pool-794-thread-1] INFO  server.RaftServerConfigKeys (ConfUtils.java:logGet(46)) - raft.server.log.use.memory = false (default)
2022-06-19 13:08:43,834 [pool-794-thread-1] INFO  server.RaftServerConfigKeys (ConfUtils.java:logGet(46)) - raft.server.log.purge.gap = 1000000 (custom)
2022-06-19 13:08:43,834 [pool-794-thread-1] INFO  server.RaftServerConfigKeys (ConfUtils.java:logGet(46)) - raft.server.log.appender.buffer.byte-limit = 33554432 (custom)
2022-06-19 13:08:43,834 [pool-794-thread-1] INFO  server.RaftServerConfigKeys (ConfUtils.java:logGet(46)) - raft.server.log.statemachine.data.read.timeout = 1000ms (default)
2022-06-19 13:08:43,834 [pool-794-thread-1] INFO  server.RaftServerConfigKeys (ConfUtils.java:logGet(46)) - raft.server.log.segment.size.max = 1048576 (custom)
2022-06-19 13:08:43,834 [pool-794-thread-1] INFO  server.RaftServerConfigKeys (ConfUtils.java:logGet(46)) - raft.server.log.segment.cache.num.max = 2 (custom)
2022-06-19 13:08:43,834 [pool-794-thread-1] INFO  server.RaftServerConfigKeys (ConfUtils.java:logGet(46)) - raft.server.log.segment.cache.size.max = 200MB (=209715200) (default)
2022-06-19 13:08:43,835 [pool-794-thread-1] INFO  segmented.SegmentedRaftLogWorker (SegmentedRaftLogWorker.java:<init>(187)) - new 001c296a-5799-42a4-87a9-6a5b930e2f27@group-491EA2610A30-SegmentedRaftLogWorker for RaftStorageImpl:Storage Directory /home/runner/work/ozone/ozone/hadoop-ozone/integration-test/target/test-dir/MiniOzoneClusterImpl-c742643d-ef9b-4334-85a5-eeb69d8d8f7b/datanode-1/data/ratis/708ba746-ad97-4c41-baeb-491ea2610a30
2022-06-19 13:08:43,835 [pool-794-thread-1] INFO  server.RaftServerConfigKeys (ConfUtils.java:logGet(46)) - raft.server.log.queue.byte-limit = 4294967296 (custom)
2022-06-19 13:08:43,835 [pool-794-thread-1] INFO  server.RaftServerConfigKeys (ConfUtils.java:logGet(46)) - raft.server.log.queue.element-limit = 1024 (custom)
2022-06-19 13:08:43,835 [pool-794-thread-1] INFO  server.RaftServerConfigKeys (ConfUtils.java:logGet(46)) - raft.server.log.segment.size.max = 1048576 (custom)
2022-06-19 13:08:43,835 [pool-794-thread-1] INFO  server.RaftServerConfigKeys (ConfUtils.java:logGet(46)) - raft.server.log.preallocated.size = 16384 (custom)
2022-06-19 13:08:43,835 [pool-794-thread-1] INFO  server.RaftServerConfigKeys (ConfUtils.java:logGet(46)) - raft.server.log.force.sync.num = 128 (default)
2022-06-19 13:08:43,835 [pool-794-thread-1] INFO  server.RaftServerConfigKeys (ConfUtils.java:logGet(46)) - raft.server.log.statemachine.data.sync = true (default)
2022-06-19 13:08:43,835 [pool-794-thread-1] INFO  server.RaftServerConfigKeys (ConfUtils.java:logGet(46)) - raft.server.log.statemachine.data.sync.timeout = 10s (default)
2022-06-19 13:08:43,835 [pool-794-thread-1] INFO  server.RaftServerConfigKeys (ConfUtils.java:logGet(46)) - raft.server.log.statemachine.data.sync.timeout.retry = -1 (default)
2022-06-19 13:08:43,836 [pool-794-thread-1] INFO  server.RaftServerConfigKeys (ConfUtils.java:logGet(46)) - raft.server.log.write.buffer.size = 1048576 (custom)
2022-06-19 13:08:43,836 [pool-794-thread-1] INFO  server.RaftServerConfigKeys (ConfUtils.java:logGet(46)) - raft.server.log.unsafe-flush.enabled = false (default)
2022-06-19 13:08:43,836 [pool-794-thread-1] INFO  server.RaftServerConfigKeys (ConfUtils.java:logGet(46)) - raft.server.log.statemachine.data.caching.enabled = true (custom)
2022-06-19 13:08:43,836 [pool-794-thread-1] INFO  segmented.SegmentedRaftLogWorker (SegmentedRaftLogWorker.java:lambda$new$0(135)) - 001c296a-5799-42a4-87a9-6a5b930e2f27@group-491EA2610A30-SegmentedRaftLogWorker: flushIndex: setUnconditionally 0 -> -1
2022-06-19 13:08:43,836 [pool-794-thread-1] INFO  segmented.SegmentedRaftLogWorker (SegmentedRaftLogWorker.java:lambda$new$0(135)) - 001c296a-5799-42a4-87a9-6a5b930e2f27@group-491EA2610A30-SegmentedRaftLogWorker: safeCacheEvictIndex: setUnconditionally 0 -> -1
2022-06-19 13:08:43,838 [pool-817-thread-1] INFO  server.RaftServerConfigKeys (ConfUtils.java:logGet(46)) - raft.server.log.write.buffer.size = 1048576 (custom)
2022-06-19 13:08:43,838 [pool-817-thread-1] INFO  server.RaftServerConfigKeys (ConfUtils.java:logGet(46)) - raft.server.log.unsafe-flush.enabled = false (default)
2022-06-19 13:08:43,838 [pool-817-thread-1] INFO  server.RaftServerConfigKeys (ConfUtils.java:logGet(46)) - raft.server.log.statemachine.data.caching.enabled = true (custom)
2022-06-19 13:08:43,838 [pool-817-thread-1] INFO  segmented.SegmentedRaftLogWorker (SegmentedRaftLogWorker.java:lambda$new$0(135)) - eb4bc65c-b727-4ac3-a516-6687464fc4a1@group-6A4F9B95B0D2-SegmentedRaftLogWorker: flushIndex: setUnconditionally 0 -> -1
2022-06-19 13:08:43,838 [pool-817-thread-1] INFO  segmented.SegmentedRaftLogWorker (SegmentedRaftLogWorker.java:lambda$new$0(135)) - eb4bc65c-b727-4ac3-a516-6687464fc4a1@group-6A4F9B95B0D2-SegmentedRaftLogWorker: safeCacheEvictIndex: setUnconditionally 0 -> -1
2022-06-19 13:08:43,882 [EventQueue-PipelineReportForPipelineReportHandler] INFO  pipeline.PipelineManagerImpl (PipelineManagerImpl.java:openPipeline(356)) - Pipeline Pipeline[ Id: 708ba746-ad97-4c41-baeb-491ea2610a30, Nodes: 001c296a-5799-42a4-87a9-6a5b930e2f27{ip: 10.1.0.4, host: fv-az58-449.32bp4kehjaiexiom31oljkjdjg.cx.internal.cloudapp.net, ports: [REPLICATION=44057, RATIS=45007, RATIS_ADMIN=45007, RATIS_SERVER=45007, STANDALONE=42551], networkLocation: /default-rack, certSerialId: null, persistedOpState: IN_SERVICE, persistedOpStateExpiryEpochSec: 0}, ReplicationConfig: RATIS/ONE, State:ALLOCATED, leaderId:001c296a-5799-42a4-87a9-6a5b930e2f27, CreationTimestamp2022-06-19T13:08:40.837Z[Etc/UTC]] moved to OPEN state
2022-06-19 13:08:43,882 [EventQueue-OpenPipelineForHealthyPipelineSafeModeRule] INFO  safemode.SCMSafeModeManager (HealthyPipelineSafeModeRule.java:process(124)) - SCM in safe mode. Healthy pipelines reported count is 0, required healthy pipeline reported count is 1
2022-06-19 13:08:43,882 [pool-794-thread-1] INFO  server.RaftServerConfigKeys (ConfUtils.java:logGet(46)) - raft.server.snapshot.auto.trigger.enabled = true (custom)
2022-06-19 13:08:43,882 [pool-794-thread-1] INFO  server.RaftServerConfigKeys (ConfUtils.java:logGet(46)) - raft.server.snapshot.auto.trigger.threshold = 10000 (custom)
2022-06-19 13:08:43,882 [pool-794-thread-1] INFO  server.RaftServerConfigKeys (ConfUtils.java:logGet(46)) - raft.server.snapshot.retention.file.num = 5 (custom)
2022-06-19 13:08:43,882 [pool-794-thread-1] INFO  server.RaftServerConfigKeys (ConfUtils.java:logGet(46)) - raft.server.log.purge.upto.snapshot.index = false (default)
2022-06-19 13:08:43,913 [pool-817-thread-1] INFO  server.RaftServerConfigKeys (ConfUtils.java:logGet(46)) - raft.server.snapshot.auto.trigger.enabled = true (custom)
2022-06-19 13:08:43,913 [pool-817-thread-1] INFO  server.RaftServerConfigKeys (ConfUtils.java:logGet(46)) - raft.server.snapshot.auto.trigger.threshold = 10000 (custom)
2022-06-19 13:08:43,913 [pool-817-thread-1] INFO  server.RaftServerConfigKeys (ConfUtils.java:logGet(46)) - raft.server.snapshot.retention.file.num = 5 (custom)
2022-06-19 13:08:43,913 [pool-817-thread-1] INFO  server.RaftServerConfigKeys (ConfUtils.java:logGet(46)) - raft.server.log.purge.upto.snapshot.index = false (default)
2022-06-19 13:08:43,913 [pool-817-thread-1] INFO  server.RaftServerConfigKeys (ConfUtils.java:logGet(46)) - raft.server.retrycache.expirytime = 600000ms (custom)
2022-06-19 13:08:43,913 [pool-817-thread-1] INFO  server.RaftServerConfigKeys (ConfUtils.java:logGet(46)) - raft.server.retrycache.statistics.expirytime = 100μs (default)
2022-06-19 13:08:43,915 [pool-817-thread-1] INFO  server.RaftServerConfigKeys (ConfUtils.java:logGet(46)) - raft.server.log.appender.install.snapshot.enabled = false (custom)
2022-06-19 13:08:43,915 [pool-817-thread-1] INFO  server.RaftServerConfigKeys (ConfUtils.java:logGet(46)) - raft.server.threadpool.server.cached = true (default)
2022-06-19 13:08:43,915 [pool-817-thread-1] INFO  server.RaftServerConfigKeys (ConfUtils.java:logGet(46)) - raft.server.threadpool.server.size = 0 (default)
2022-06-19 13:08:43,915 [pool-817-thread-1] INFO  server.RaftServerConfigKeys (ConfUtils.java:logGet(46)) - raft.server.threadpool.client.cached = true (default)
2022-06-19 13:08:43,915 [pool-817-thread-1] INFO  server.RaftServerConfigKeys (ConfUtils.java:logGet(46)) - raft.server.threadpool.client.size = 0 (default)
2022-06-19 13:08:43,915 [pool-817-thread-1] INFO  server.RaftServer$Division (RaftServerImpl.java:start(310)) - eb4bc65c-b727-4ac3-a516-6687464fc4a1@group-6A4F9B95B0D2: start as a follower, conf=-1: [eb4bc65c-b727-4ac3-a516-6687464fc4a1|rpc:10.1.0.4:33363|dataStream:|priority:0, 001c296a-5799-42a4-87a9-6a5b930e2f27|rpc:10.1.0.4:45007|dataStream:|priority:0, 159ddede-8ddd-4508-a461-c1de976ef966|rpc:10.1.0.4:35015|dataStream:|priority:1], old=null
2022-06-19 13:08:43,915 [pool-817-thread-1] INFO  server.RaftServer$Division (RaftServerImpl.java:setRole(299)) - eb4bc65c-b727-4ac3-a516-6687464fc4a1@group-6A4F9B95B0D2: changes role from      null to FOLLOWER at term 0 for startAsFollower
2022-06-19 13:08:43,915 [pool-817-thread-1] INFO  impl.RoleInfo (RoleInfo.java:updateAndGet(139)) - eb4bc65c-b727-4ac3-a516-6687464fc4a1: start eb4bc65c-b727-4ac3-a516-6687464fc4a1@group-6A4F9B95B0D2-FollowerState
2022-06-19 13:08:43,917 [pool-817-thread-1] INFO  util.JmxRegister (JmxRegister.java:tryRegister(44)) - Successfully registered JMX Bean with object name Ratis:service=RaftServer,group=group-6A4F9B95B0D2,id=eb4bc65c-b727-4ac3-a516-6687464fc4a1
2022-06-19 13:08:43,969 [pool-794-thread-1] INFO  server.RaftServerConfigKeys (ConfUtils.java:logGet(46)) - raft.server.retrycache.expirytime = 600000ms (custom)
2022-06-19 13:08:43,969 [pool-794-thread-1] INFO  server.RaftServerConfigKeys (ConfUtils.java:logGet(46)) - raft.server.retrycache.statistics.expirytime = 100μs (default)
2022-06-19 13:08:43,970 [pool-794-thread-1] INFO  server.RaftServerConfigKeys (ConfUtils.java:logGet(46)) - raft.server.log.appender.install.snapshot.enabled = false (custom)
2022-06-19 13:08:43,971 [pool-794-thread-1] INFO  server.RaftServerConfigKeys (ConfUtils.java:logGet(46)) - raft.server.threadpool.server.cached = true (default)
2022-06-19 13:08:43,971 [pool-794-thread-1] INFO  server.RaftServerConfigKeys (ConfUtils.java:logGet(46)) - raft.server.threadpool.server.size = 0 (default)
2022-06-19 13:08:43,971 [pool-794-thread-1] INFO  server.RaftServerConfigKeys (ConfUtils.java:logGet(46)) - raft.server.threadpool.client.cached = true (default)
2022-06-19 13:08:43,971 [pool-794-thread-1] INFO  server.RaftServerConfigKeys (ConfUtils.java:logGet(46)) - raft.server.threadpool.client.size = 0 (default)
2022-06-19 13:08:43,971 [pool-794-thread-1] INFO  server.RaftServer$Division (RaftServerImpl.java:start(310)) - 001c296a-5799-42a4-87a9-6a5b930e2f27@group-491EA2610A30: start as a follower, conf=-1: [001c296a-5799-42a4-87a9-6a5b930e2f27|rpc:10.1.0.4:45007|priority:1], old=null
2022-06-19 13:08:43,971 [pool-794-thread-1] INFO  server.RaftServer$Division (RaftServerImpl.java:setRole(299)) - 001c296a-5799-42a4-87a9-6a5b930e2f27@group-491EA2610A30: changes role from      null to FOLLOWER at term 0 for startAsFollower
2022-06-19 13:08:43,971 [pool-794-thread-1] INFO  impl.RoleInfo (RoleInfo.java:updateAndGet(139)) - 001c296a-5799-42a4-87a9-6a5b930e2f27: start 001c296a-5799-42a4-87a9-6a5b930e2f27@group-491EA2610A30-FollowerState
2022-06-19 13:08:43,998 [pool-794-thread-1] INFO  util.JmxRegister (JmxRegister.java:tryRegister(44)) - Successfully registered JMX Bean with object name Ratis:service=RaftServer,group=group-491EA2610A30,id=001c296a-5799-42a4-87a9-6a5b930e2f27
2022-06-19 13:08:44,009 [Command processor thread] INFO  ratis.XceiverServerRatis (XceiverServerRatis.java:addGroup(765)) - Created group PipelineID=708ba746-ad97-4c41-baeb-491ea2610a30
2022-06-19 13:08:44,009 [Command processor thread] INFO  commandhandler.CreatePipelineCommandHandler (CreatePipelineCommandHandler.java:handle(113)) - Created Pipeline RATIS ONE PipelineID=708ba746-ad97-4c41-baeb-491ea2610a30.
2022-06-19 13:08:44,009 [Command processor thread] INFO  server.RaftServer (RaftServerProxy.java:addNew(96)) - 001c296a-5799-42a4-87a9-6a5b930e2f27: addNew group-6A4F9B95B0D2:[eb4bc65c-b727-4ac3-a516-6687464fc4a1|rpc:10.1.0.4:33363|priority:0, 001c296a-5799-42a4-87a9-6a5b930e2f27|rpc:10.1.0.4:45007|priority:0, 159ddede-8ddd-4508-a461-c1de976ef966|rpc:10.1.0.4:35015|priority:1] returns group-6A4F9B95B0D2:java.util.concurrent.CompletableFuture@2daa0116[Not completed]
2022-06-19 13:08:44,060 [pool-794-thread-1] INFO  server.RaftServer$Division (RaftServerImpl.java:<init>(190)) - 001c296a-5799-42a4-87a9-6a5b930e2f27: new RaftServerImpl for group-6A4F9B95B0D2:[eb4bc65c-b727-4ac3-a516-6687464fc4a1|rpc:10.1.0.4:33363|priority:0, 001c296a-5799-42a4-87a9-6a5b930e2f27|rpc:10.1.0.4:45007|priority:0, 159ddede-8ddd-4508-a461-c1de976ef966|rpc:10.1.0.4:35015|priority:1] with ContainerStateMachine:uninitialized
2022-06-19 13:08:44,060 [pool-794-thread-1] INFO  server.RaftServerConfigKeys (ConfUtils.java:logGet(46)) - raft.server.rpc.timeout.min = 5s (custom)
2022-06-19 13:08:44,060 [pool-794-thread-1] INFO  server.RaftServerConfigKeys (ConfUtils.java:logGet(46)) - raft.server.rpc.timeout.max = 5200ms (custom)
2022-06-19 13:08:44,060 [pool-794-thread-1] INFO  server.RaftServerConfigKeys (ConfUtils.java:logGet(46)) - raft.server.rpc.sleep.time = 25ms (default)
2022-06-19 13:08:44,060 [pool-794-thread-1] INFO  server.RaftServerConfigKeys (ConfUtils.java:logGet(46)) - raft.server.rpc.slowness.timeout = 300s (custom)
2022-06-19 13:08:44,060 [pool-794-thread-1] INFO  server.RaftServerConfigKeys (ConfUtils.java:logGet(46)) - raft.server.leaderelection.leader.step-down.wait-time = 10s (default)
2022-06-19 13:08:44,060 [pool-794-thread-1] INFO  server.RaftServerConfigKeys (ConfUtils.java:logGet(46)) - raft.server.sleep.deviation.threshold = 300ms (default)
2022-06-19 13:08:44,060 [pool-794-thread-1] INFO  server.RaftServer$Division (ServerState.java:<init>(107)) - 001c296a-5799-42a4-87a9-6a5b930e2f27@group-6A4F9B95B0D2: ConfigurationManager, init=-1: [eb4bc65c-b727-4ac3-a516-6687464fc4a1|rpc:10.1.0.4:33363|priority:0, 001c296a-5799-42a4-87a9-6a5b930e2f27|rpc:10.1.0.4:45007|priority:0, 159ddede-8ddd-4508-a461-c1de976ef966|rpc:10.1.0.4:35015|priority:1], old=null, confs=<EMPTY_MAP>
2022-06-19 13:08:44,061 [pool-794-thread-1] INFO  server.RaftServerConfigKeys (ConfUtils.java:logGet(46)) - raft.server.storage.dir = [/home/runner/work/ozone/ozone/hadoop-ozone/integration-test/target/test-dir/MiniOzoneClusterImpl-c742643d-ef9b-4334-85a5-eeb69d8d8f7b/datanode-1/data/ratis] (custom)
2022-06-19 13:08:44,061 [pool-794-thread-1] INFO  server.RaftServerConfigKeys (ConfUtils.java:logGet(46)) - raft.server.log.corruption.policy = EXCEPTION (default)
2022-06-19 13:08:44,061 [pool-794-thread-1] INFO  server.RaftServerConfigKeys (ConfUtils.java:logGet(46)) - raft.server.storage.free-space.min = 0MB (=0) (default)
2022-06-19 13:08:44,061 [pool-794-thread-1] INFO  storage.RaftStorageDirectory (RaftStorageDirectoryImpl.java:analyzeStorage(135)) - The storage directory /home/runner/work/ozone/ozone/hadoop-ozone/integration-test/target/test-dir/MiniOzoneClusterImpl-c742643d-ef9b-4334-85a5-eeb69d8d8f7b/datanode-1/data/ratis/6375d9fd-34cf-4c3b-a2a6-6a4f9b95b0d2 does not exist. Creating ...
2022-06-19 13:08:44,062 [pool-794-thread-1] INFO  storage.RaftStorageDirectory (RaftStorageDirectoryImpl.java:tryLock(230)) - Lock on /home/runner/work/ozone/ozone/hadoop-ozone/integration-test/target/test-dir/MiniOzoneClusterImpl-c742643d-ef9b-4334-85a5-eeb69d8d8f7b/datanode-1/data/ratis/6375d9fd-34cf-4c3b-a2a6-6a4f9b95b0d2/in_use.lock acquired by nodename 17254@fv-az58-449
2022-06-19 13:08:44,062 [pool-794-thread-1] INFO  storage.RaftStorage (RaftStorageImpl.java:format(89)) - Storage directory /home/runner/work/ozone/ozone/hadoop-ozone/integration-test/target/test-dir/MiniOzoneClusterImpl-c742643d-ef9b-4334-85a5-eeb69d8d8f7b/datanode-1/data/ratis/6375d9fd-34cf-4c3b-a2a6-6a4f9b95b0d2 has been successfully formatted.
2022-06-19 13:08:44,063 [pool-794-thread-1] INFO  ratis.ContainerStateMachine (ContainerStateMachine.java:loadSnapshot(236)) - group-6A4F9B95B0D2: The snapshot info is null. Setting the last applied indexto:(t:0, i:~)
2022-06-19 13:08:44,063 [pool-794-thread-1] INFO  server.RaftServerConfigKeys (ConfUtils.java:logGet(46)) - raft.server.notification.no-leader.timeout = 300s (custom)
2022-06-19 13:08:44,063 [pool-794-thread-1] INFO  server.RaftServerConfigKeys (ConfUtils.java:logGet(46)) - raft.server.log.use.memory = false (default)
2022-06-19 13:08:44,063 [pool-794-thread-1] INFO  server.RaftServerConfigKeys (ConfUtils.java:logGet(46)) - raft.server.log.purge.gap = 1000000 (custom)
2022-06-19 13:08:44,064 [pool-794-thread-1] INFO  server.RaftServerConfigKeys (ConfUtils.java:logGet(46)) - raft.server.log.appender.buffer.byte-limit = 33554432 (custom)
2022-06-19 13:08:44,064 [pool-794-thread-1] INFO  server.RaftServerConfigKeys (ConfUtils.java:logGet(46)) - raft.server.log.statemachine.data.read.timeout = 1000ms (default)
2022-06-19 13:08:44,064 [pool-794-thread-1] INFO  server.RaftServerConfigKeys (ConfUtils.java:logGet(46)) - raft.server.log.segment.size.max = 1048576 (custom)
2022-06-19 13:08:44,064 [pool-794-thread-1] INFO  server.RaftServerConfigKeys (ConfUtils.java:logGet(46)) - raft.server.log.segment.cache.num.max = 2 (custom)
2022-06-19 13:08:44,064 [pool-794-thread-1] INFO  server.RaftServerConfigKeys (ConfUtils.java:logGet(46)) - raft.server.log.segment.cache.size.max = 200MB (=209715200) (default)
2022-06-19 13:08:44,064 [pool-794-thread-1] INFO  segmented.SegmentedRaftLogWorker (SegmentedRaftLogWorker.java:<init>(187)) - new 001c296a-5799-42a4-87a9-6a5b930e2f27@group-6A4F9B95B0D2-SegmentedRaftLogWorker for RaftStorageImpl:Storage Directory /home/runner/work/ozone/ozone/hadoop-ozone/integration-test/target/test-dir/MiniOzoneClusterImpl-c742643d-ef9b-4334-85a5-eeb69d8d8f7b/datanode-1/data/ratis/6375d9fd-34cf-4c3b-a2a6-6a4f9b95b0d2
2022-06-19 13:08:44,064 [pool-794-thread-1] INFO  server.RaftServerConfigKeys (ConfUtils.java:logGet(46)) - raft.server.log.queue.byte-limit = 4294967296 (custom)
2022-06-19 13:08:44,064 [pool-794-thread-1] INFO  server.RaftServerConfigKeys (ConfUtils.java:logGet(46)) - raft.server.log.queue.element-limit = 1024 (custom)
2022-06-19 13:08:44,064 [pool-794-thread-1] INFO  server.RaftServerConfigKeys (ConfUtils.java:logGet(46)) - raft.server.log.segment.size.max = 1048576 (custom)
2022-06-19 13:08:44,064 [pool-794-thread-1] INFO  server.RaftServerConfigKeys (ConfUtils.java:logGet(46)) - raft.server.log.preallocated.size = 16384 (custom)
2022-06-19 13:08:44,064 [pool-794-thread-1] INFO  server.RaftServerConfigKeys (ConfUtils.java:logGet(46)) - raft.server.log.force.sync.num = 128 (default)
2022-06-19 13:08:44,064 [pool-794-thread-1] INFO  server.RaftServerConfigKeys (ConfUtils.java:logGet(46)) - raft.server.log.statemachine.data.sync = true (default)
2022-06-19 13:08:44,064 [pool-794-thread-1] INFO  server.RaftServerConfigKeys (ConfUtils.java:logGet(46)) - raft.server.log.statemachine.data.sync.timeout = 10s (default)
2022-06-19 13:08:44,064 [pool-794-thread-1] INFO  server.RaftServerConfigKeys (ConfUtils.java:logGet(46)) - raft.server.log.statemachine.data.sync.timeout.retry = -1 (default)
2022-06-19 13:08:44,066 [EventQueue-OpenPipelineForHealthyPipelineSafeModeRule] INFO  safemode.SCMSafeModeManager (HealthyPipelineSafeModeRule.java:process(124)) - SCM in safe mode. Healthy pipelines reported count is 0, required healthy pipeline reported count is 1
2022-06-19 13:08:44,069 [pool-794-thread-1] INFO  server.RaftServerConfigKeys (ConfUtils.java:logGet(46)) - raft.server.log.write.buffer.size = 1048576 (custom)
2022-06-19 13:08:44,070 [pool-794-thread-1] INFO  server.RaftServerConfigKeys (ConfUtils.java:logGet(46)) - raft.server.log.unsafe-flush.enabled = false (default)
2022-06-19 13:08:44,070 [pool-794-thread-1] INFO  server.RaftServerConfigKeys (ConfUtils.java:logGet(46)) - raft.server.log.statemachine.data.caching.enabled = true (custom)
2022-06-19 13:08:44,070 [pool-794-thread-1] INFO  segmented.SegmentedRaftLogWorker (SegmentedRaftLogWorker.java:lambda$new$0(135)) - 001c296a-5799-42a4-87a9-6a5b930e2f27@group-6A4F9B95B0D2-SegmentedRaftLogWorker: flushIndex: setUnconditionally 0 -> -1
2022-06-19 13:08:44,070 [pool-794-thread-1] INFO  segmented.SegmentedRaftLogWorker (SegmentedRaftLogWorker.java:lambda$new$0(135)) - 001c296a-5799-42a4-87a9-6a5b930e2f27@group-6A4F9B95B0D2-SegmentedRaftLogWorker: safeCacheEvictIndex: setUnconditionally 0 -> -1
2022-06-19 13:08:44,075 [pool-794-thread-1] INFO  server.RaftServerConfigKeys (ConfUtils.java:logGet(46)) - raft.server.snapshot.auto.trigger.enabled = true (custom)
2022-06-19 13:08:44,075 [pool-794-thread-1] INFO  server.RaftServerConfigKeys (ConfUtils.java:logGet(46)) - raft.server.snapshot.auto.trigger.threshold = 10000 (custom)
2022-06-19 13:08:44,075 [pool-794-thread-1] INFO  server.RaftServerConfigKeys (ConfUtils.java:logGet(46)) - raft.server.snapshot.retention.file.num = 5 (custom)
2022-06-19 13:08:44,075 [pool-794-thread-1] INFO  server.RaftServerConfigKeys (ConfUtils.java:logGet(46)) - raft.server.log.purge.upto.snapshot.index = false (default)
2022-06-19 13:08:44,075 [pool-794-thread-1] INFO  server.RaftServerConfigKeys (ConfUtils.java:logGet(46)) - raft.server.retrycache.expirytime = 600000ms (custom)
2022-06-19 13:08:44,075 [pool-794-thread-1] INFO  server.RaftServerConfigKeys (ConfUtils.java:logGet(46)) - raft.server.retrycache.statistics.expirytime = 100μs (default)
2022-06-19 13:08:44,076 [pool-794-thread-1] INFO  server.RaftServerConfigKeys (ConfUtils.java:logGet(46)) - raft.server.log.appender.install.snapshot.enabled = false (custom)
2022-06-19 13:08:44,076 [pool-794-thread-1] INFO  server.RaftServerConfigKeys (ConfUtils.java:logGet(46)) - raft.server.threadpool.server.cached = true (default)
2022-06-19 13:08:44,076 [pool-794-thread-1] INFO  server.RaftServerConfigKeys (ConfUtils.java:logGet(46)) - raft.server.threadpool.server.size = 0 (default)
2022-06-19 13:08:44,076 [pool-794-thread-1] INFO  server.RaftServerConfigKeys (ConfUtils.java:logGet(46)) - raft.server.threadpool.client.cached = true (default)
2022-06-19 13:08:44,076 [pool-794-thread-1] INFO  server.RaftServerConfigKeys (ConfUtils.java:logGet(46)) - raft.server.threadpool.client.size = 0 (default)
2022-06-19 13:08:44,076 [pool-794-thread-1] INFO  server.RaftServer$Division (RaftServerImpl.java:start(310)) - 001c296a-5799-42a4-87a9-6a5b930e2f27@group-6A4F9B95B0D2: start as a follower, conf=-1: [eb4bc65c-b727-4ac3-a516-6687464fc4a1|rpc:10.1.0.4:33363|priority:0, 001c296a-5799-42a4-87a9-6a5b930e2f27|rpc:10.1.0.4:45007|priority:0, 159ddede-8ddd-4508-a461-c1de976ef966|rpc:10.1.0.4:35015|priority:1], old=null
2022-06-19 13:08:44,076 [pool-794-thread-1] INFO  server.RaftServer$Division (RaftServerImpl.java:setRole(299)) - 001c296a-5799-42a4-87a9-6a5b930e2f27@group-6A4F9B95B0D2: changes role from      null to FOLLOWER at term 0 for startAsFollower
2022-06-19 13:08:44,076 [pool-794-thread-1] INFO  impl.RoleInfo (RoleInfo.java:updateAndGet(139)) - 001c296a-5799-42a4-87a9-6a5b930e2f27: start 001c296a-5799-42a4-87a9-6a5b930e2f27@group-6A4F9B95B0D2-FollowerState
2022-06-19 13:08:44,094 [IPC Server handler 2 on default port 40153] INFO  net.NetworkTopologyImpl (NetworkTopologyImpl.java:add(112)) - Added a new node: /default-rack/538abff5-f6b4-48da-9c9f-e2c087830672
2022-06-19 13:08:44,094 [IPC Server handler 2 on default port 40153] INFO  node.SCMNodeManager (SCMNodeManager.java:register(394)) - Registered Data node : 538abff5-f6b4-48da-9c9f-e2c087830672{ip: 10.1.0.4, host: fv-az58-449.32bp4kehjaiexiom31oljkjdjg.cx.internal.cloudapp.net, ports: [REPLICATION=33809, RATIS=39589, RATIS_ADMIN=39589, RATIS_SERVER=39589, STANDALONE=39531], networkLocation: /default-rack, certSerialId: null, persistedOpState: null, persistedOpStateExpiryEpochSec: 0}
2022-06-19 13:08:44,094 [EventQueue-NewNodeForNewNodeHandler] INFO  pipeline.BackgroundPipelineCreator (BackgroundPipelineCreator.java:notifyEventTriggered(272)) - trigger a one-shot run on RatisPipelineUtilsThread.
2022-06-19 13:08:44,099 [RatisPipelineUtilsThread - 0] INFO  pipeline.RatisPipelineProvider (RatisPipelineProvider.java:lambda$create$0(195)) - Sending CreatePipelineCommand for pipeline:PipelineID=a827531e-4797-47db-817e-74af4dbeaf9a to datanode:538abff5-f6b4-48da-9c9f-e2c087830672
2022-06-19 13:08:44,100 [RatisPipelineUtilsThread - 0] INFO  pipeline.PipelineStateManagerImpl (PipelineStateManagerImpl.java:addPipeline(101)) - Created pipeline Pipeline[ Id: a827531e-4797-47db-817e-74af4dbeaf9a, Nodes: 538abff5-f6b4-48da-9c9f-e2c087830672{ip: 10.1.0.4, host: fv-az58-449.32bp4kehjaiexiom31oljkjdjg.cx.internal.cloudapp.net, ports: [REPLICATION=33809, RATIS=39589, RATIS_ADMIN=39589, RATIS_SERVER=39589, STANDALONE=39531], networkLocation: /default-rack, certSerialId: null, persistedOpState: IN_SERVICE, persistedOpStateExpiryEpochSec: 0}, ReplicationConfig: RATIS/ONE, State:ALLOCATED, leaderId:, CreationTimestamp2022-06-19T13:08:44.099Z[Etc/UTC]].
2022-06-19 13:08:44,151 [pool-794-thread-1] INFO  util.JmxRegister (JmxRegister.java:tryRegister(44)) - Successfully registered JMX Bean with object name Ratis:service=RaftServer,group=group-6A4F9B95B0D2,id=001c296a-5799-42a4-87a9-6a5b930e2f27
2022-06-19 13:08:44,153 [Command processor thread] INFO  ratis.XceiverServerRatis (XceiverServerRatis.java:addGroup(765)) - Created group PipelineID=6375d9fd-34cf-4c3b-a2a6-6a4f9b95b0d2
2022-06-19 13:08:44,250 [Command processor thread] INFO  commandhandler.CreatePipelineCommandHandler (CreatePipelineCommandHandler.java:handle(113)) - Created Pipeline RATIS THREE PipelineID=6375d9fd-34cf-4c3b-a2a6-6a4f9b95b0d2.
2022-06-19 13:08:44,377 [Listener at 127.0.0.1/38405] INFO  ozone.MiniOzoneClusterImpl (MiniOzoneClusterImpl.java:lambda$waitForClusterToBeReady$0(221)) - Waiting for nodes to be ready. Got 4 of 5 DN Heartbeats.
2022-06-19 13:08:44,377 [Listener at 127.0.0.1/38405] INFO  ozone.MiniOzoneClusterImpl (MiniOzoneClusterImpl.java:lambda$waitForClusterToBeReady$0(224)) - Waiting for cluster to exit safe mode
2022-06-19 13:08:44,377 [Listener at 127.0.0.1/38405] INFO  ozone.MiniOzoneClusterImpl (MiniOzoneClusterImpl.java:lambda$waitForClusterToBeReady$0(226)) - SCM became leader
2022-06-19 13:08:44,423 [Command processor thread] INFO  commandhandler.CreatePipelineCommandHandler (CreatePipelineCommandHandler.java:handle(113)) - Created Pipeline RATIS THREE PipelineID=6375d9fd-34cf-4c3b-a2a6-6a4f9b95b0d2.
2022-06-19 13:08:45,297 [Command processor thread] INFO  server.RaftServer (RaftServerProxy.java:addNew(96)) - eb4bc65c-b727-4ac3-a516-6687464fc4a1: addNew group-575245D266D0:[eb4bc65c-b727-4ac3-a516-6687464fc4a1|rpc:10.1.0.4:33363|priority:1] returns group-575245D266D0:java.util.concurrent.CompletableFuture@1f79eb56[Not completed]
2022-06-19 13:08:45,298 [pool-817-thread-1] INFO  server.RaftServer$Division (RaftServerImpl.java:<init>(190)) - eb4bc65c-b727-4ac3-a516-6687464fc4a1: new RaftServerImpl for group-575245D266D0:[eb4bc65c-b727-4ac3-a516-6687464fc4a1|rpc:10.1.0.4:33363|priority:1] with ContainerStateMachine:uninitialized
2022-06-19 13:08:45,298 [pool-817-thread-1] INFO  server.RaftServerConfigKeys (ConfUtils.java:logGet(46)) - raft.server.rpc.timeout.min = 5s (custom)
2022-06-19 13:08:45,298 [pool-817-thread-1] INFO  server.RaftServerConfigKeys (ConfUtils.java:logGet(46)) - raft.server.rpc.timeout.max = 5200ms (custom)
2022-06-19 13:08:45,298 [pool-817-thread-1] INFO  server.RaftServerConfigKeys (ConfUtils.java:logGet(46)) - raft.server.rpc.sleep.time = 25ms (default)
2022-06-19 13:08:45,298 [pool-817-thread-1] INFO  server.RaftServerConfigKeys (ConfUtils.java:logGet(46)) - raft.server.rpc.slowness.timeout = 300s (custom)
2022-06-19 13:08:45,298 [pool-817-thread-1] INFO  server.RaftServerConfigKeys (ConfUtils.java:logGet(46)) - raft.server.leaderelection.leader.step-down.wait-time = 10s (default)
2022-06-19 13:08:45,298 [pool-817-thread-1] INFO  server.RaftServerConfigKeys (ConfUtils.java:logGet(46)) - raft.server.sleep.deviation.threshold = 300ms (default)
2022-06-19 13:08:45,298 [pool-817-thread-1] INFO  server.RaftServer$Division (ServerState.java:<init>(107)) - eb4bc65c-b727-4ac3-a516-6687464fc4a1@group-575245D266D0: ConfigurationManager, init=-1: [eb4bc65c-b727-4ac3-a516-6687464fc4a1|rpc:10.1.0.4:33363|priority:1], old=null, confs=<EMPTY_MAP>
2022-06-19 13:08:45,298 [pool-817-thread-1] INFO  server.RaftServerConfigKeys (ConfUtils.java:logGet(46)) - raft.server.storage.dir = [/home/runner/work/ozone/ozone/hadoop-ozone/integration-test/target/test-dir/MiniOzoneClusterImpl-c742643d-ef9b-4334-85a5-eeb69d8d8f7b/datanode-2/data/ratis] (custom)
2022-06-19 13:08:45,298 [pool-817-thread-1] INFO  server.RaftServerConfigKeys (ConfUtils.java:logGet(46)) - raft.server.log.corruption.policy = EXCEPTION (default)
2022-06-19 13:08:45,298 [pool-817-thread-1] INFO  server.RaftServerConfigKeys (ConfUtils.java:logGet(46)) - raft.server.storage.free-space.min = 0MB (=0) (default)
2022-06-19 13:08:45,298 [pool-817-thread-1] INFO  storage.RaftStorageDirectory (RaftStorageDirectoryImpl.java:analyzeStorage(135)) - The storage directory /home/runner/work/ozone/ozone/hadoop-ozone/integration-test/target/test-dir/MiniOzoneClusterImpl-c742643d-ef9b-4334-85a5-eeb69d8d8f7b/datanode-2/data/ratis/e53b17b7-4386-47e7-b160-575245d266d0 does not exist. Creating ...
2022-06-19 13:08:45,309 [pool-817-thread-1] INFO  storage.RaftStorageDirectory (RaftStorageDirectoryImpl.java:tryLock(230)) - Lock on /home/runner/work/ozone/ozone/hadoop-ozone/integration-test/target/test-dir/MiniOzoneClusterImpl-c742643d-ef9b-4334-85a5-eeb69d8d8f7b/datanode-2/data/ratis/e53b17b7-4386-47e7-b160-575245d266d0/in_use.lock acquired by nodename 17254@fv-az58-449
2022-06-19 13:08:45,321 [pool-817-thread-1] INFO  storage.RaftStorage (RaftStorageImpl.java:format(89)) - Storage directory /home/runner/work/ozone/ozone/hadoop-ozone/integration-test/target/test-dir/MiniOzoneClusterImpl-c742643d-ef9b-4334-85a5-eeb69d8d8f7b/datanode-2/data/ratis/e53b17b7-4386-47e7-b160-575245d266d0 has been successfully formatted.
2022-06-19 13:08:45,321 [pool-817-thread-1] INFO  ratis.ContainerStateMachine (ContainerStateMachine.java:loadSnapshot(236)) - group-575245D266D0: The snapshot info is null. Setting the last applied indexto:(t:0, i:~)
2022-06-19 13:08:45,322 [pool-817-thread-1] INFO  server.RaftServerConfigKeys (ConfUtils.java:logGet(46)) - raft.server.notification.no-leader.timeout = 300s (custom)
2022-06-19 13:08:45,322 [pool-817-thread-1] INFO  server.RaftServerConfigKeys (ConfUtils.java:logGet(46)) - raft.server.log.use.memory = false (default)
2022-06-19 13:08:45,322 [pool-817-thread-1] INFO  server.RaftServerConfigKeys (ConfUtils.java:logGet(46)) - raft.server.log.purge.gap = 1000000 (custom)
2022-06-19 13:08:45,322 [pool-817-thread-1] INFO  server.RaftServerConfigKeys (ConfUtils.java:logGet(46)) - raft.server.log.appender.buffer.byte-limit = 33554432 (custom)
2022-06-19 13:08:45,322 [pool-817-thread-1] INFO  server.RaftServerConfigKeys (ConfUtils.java:logGet(46)) - raft.server.log.statemachine.data.read.timeout = 1000ms (default)
2022-06-19 13:08:45,322 [pool-817-thread-1] INFO  server.RaftServerConfigKeys (ConfUtils.java:logGet(46)) - raft.server.log.segment.size.max = 1048576 (custom)
2022-06-19 13:08:45,322 [pool-817-thread-1] INFO  server.RaftServerConfigKeys (ConfUtils.java:logGet(46)) - raft.server.log.segment.cache.num.max = 2 (custom)
2022-06-19 13:08:45,322 [pool-817-thread-1] INFO  server.RaftServerConfigKeys (ConfUtils.java:logGet(46)) - raft.server.log.segment.cache.size.max = 200MB (=209715200) (default)
2022-06-19 13:08:45,322 [EventQueue-PipelineReportForPipelineReportHandler] INFO  pipeline.PipelineManagerImpl (PipelineManagerImpl.java:openPipeline(356)) - Pipeline Pipeline[ Id: e53b17b7-4386-47e7-b160-575245d266d0, Nodes: eb4bc65c-b727-4ac3-a516-6687464fc4a1{ip: 10.1.0.4, host: fv-az58-449.32bp4kehjaiexiom31oljkjdjg.cx.internal.cloudapp.net, ports: [REPLICATION=32997, RATIS=33363, RATIS_ADMIN=33363, RATIS_SERVER=33363, STANDALONE=33097], networkLocation: /default-rack, certSerialId: null, persistedOpState: IN_SERVICE, persistedOpStateExpiryEpochSec: 0}, ReplicationConfig: RATIS/ONE, State:ALLOCATED, leaderId:eb4bc65c-b727-4ac3-a516-6687464fc4a1, CreationTimestamp2022-06-19T13:08:42.300Z[Etc/UTC]] moved to OPEN state
2022-06-19 13:08:45,324 [EventQueue-OpenPipelineForHealthyPipelineSafeModeRule] INFO  safemode.SCMSafeModeManager (HealthyPipelineSafeModeRule.java:process(124)) - SCM in safe mode. Healthy pipelines reported count is 0, required healthy pipeline reported count is 1
2022-06-19 13:08:45,322 [pool-817-thread-1] INFO  segmented.SegmentedRaftLogWorker (SegmentedRaftLogWorker.java:<init>(187)) - new eb4bc65c-b727-4ac3-a516-6687464fc4a1@group-575245D266D0-SegmentedRaftLogWorker for RaftStorageImpl:Storage Directory /home/runner/work/ozone/ozone/hadoop-ozone/integration-test/target/test-dir/MiniOzoneClusterImpl-c742643d-ef9b-4334-85a5-eeb69d8d8f7b/datanode-2/data/ratis/e53b17b7-4386-47e7-b160-575245d266d0
2022-06-19 13:08:45,326 [pool-817-thread-1] INFO  server.RaftServerConfigKeys (ConfUtils.java:logGet(46)) - raft.server.log.queue.byte-limit = 4294967296 (custom)
2022-06-19 13:08:45,326 [pool-817-thread-1] INFO  server.RaftServerConfigKeys (ConfUtils.java:logGet(46)) - raft.server.log.queue.element-limit = 1024 (custom)
2022-06-19 13:08:45,326 [pool-817-thread-1] INFO  server.RaftServerConfigKeys (ConfUtils.java:logGet(46)) - raft.server.log.segment.size.max = 1048576 (custom)
2022-06-19 13:08:45,326 [pool-817-thread-1] INFO  server.RaftServerConfigKeys (ConfUtils.java:logGet(46)) - raft.server.log.preallocated.size = 16384 (custom)
2022-06-19 13:08:45,326 [pool-817-thread-1] INFO  server.RaftServerConfigKeys (ConfUtils.java:logGet(46)) - raft.server.log.force.sync.num = 128 (default)
2022-06-19 13:08:45,326 [pool-817-thread-1] INFO  server.RaftServerConfigKeys (ConfUtils.java:logGet(46)) - raft.server.log.statemachine.data.sync = true (default)
2022-06-19 13:08:45,326 [pool-817-thread-1] INFO  server.RaftServerConfigKeys (ConfUtils.java:logGet(46)) - raft.server.log.statemachine.data.sync.timeout = 10s (default)
2022-06-19 13:08:45,327 [pool-817-thread-1] INFO  server.RaftServerConfigKeys (ConfUtils.java:logGet(46)) - raft.server.log.statemachine.data.sync.timeout.retry = -1 (default)
2022-06-19 13:08:45,327 [pool-817-thread-1] INFO  server.RaftServerConfigKeys (ConfUtils.java:logGet(46)) - raft.server.log.write.buffer.size = 1048576 (custom)
2022-06-19 13:08:45,328 [pool-817-thread-1] INFO  server.RaftServerConfigKeys (ConfUtils.java:logGet(46)) - raft.server.log.unsafe-flush.enabled = false (default)
2022-06-19 13:08:45,328 [pool-817-thread-1] INFO  server.RaftServerConfigKeys (ConfUtils.java:logGet(46)) - raft.server.log.statemachine.data.caching.enabled = true (custom)
2022-06-19 13:08:45,328 [pool-817-thread-1] INFO  segmented.SegmentedRaftLogWorker (SegmentedRaftLogWorker.java:lambda$new$0(135)) - eb4bc65c-b727-4ac3-a516-6687464fc4a1@group-575245D266D0-SegmentedRaftLogWorker: flushIndex: setUnconditionally 0 -> -1
2022-06-19 13:08:45,328 [pool-817-thread-1] INFO  segmented.SegmentedRaftLogWorker (SegmentedRaftLogWorker.java:lambda$new$0(135)) - eb4bc65c-b727-4ac3-a516-6687464fc4a1@group-575245D266D0-SegmentedRaftLogWorker: safeCacheEvictIndex: setUnconditionally 0 -> -1
2022-06-19 13:08:45,357 [pool-817-thread-1] INFO  server.RaftServerConfigKeys (ConfUtils.java:logGet(46)) - raft.server.snapshot.auto.trigger.enabled = true (custom)
2022-06-19 13:08:45,357 [pool-817-thread-1] INFO  server.RaftServerConfigKeys (ConfUtils.java:logGet(46)) - raft.server.snapshot.auto.trigger.threshold = 10000 (custom)
2022-06-19 13:08:45,357 [pool-817-thread-1] INFO  server.RaftServerConfigKeys (ConfUtils.java:logGet(46)) - raft.server.snapshot.retention.file.num = 5 (custom)
2022-06-19 13:08:45,357 [pool-817-thread-1] INFO  server.RaftServerConfigKeys (ConfUtils.java:logGet(46)) - raft.server.log.purge.upto.snapshot.index = false (default)
2022-06-19 13:08:45,357 [pool-817-thread-1] INFO  server.RaftServerConfigKeys (ConfUtils.java:logGet(46)) - raft.server.retrycache.expirytime = 600000ms (custom)
2022-06-19 13:08:45,357 [pool-817-thread-1] INFO  server.RaftServerConfigKeys (ConfUtils.java:logGet(46)) - raft.server.retrycache.statistics.expirytime = 100μs (default)
2022-06-19 13:08:45,359 [pool-817-thread-1] INFO  server.RaftServerConfigKeys (ConfUtils.java:logGet(46)) - raft.server.log.appender.install.snapshot.enabled = false (custom)
2022-06-19 13:08:45,359 [pool-817-thread-1] INFO  server.RaftServerConfigKeys (ConfUtils.java:logGet(46)) - raft.server.threadpool.server.cached = true (default)
2022-06-19 13:08:45,360 [pool-817-thread-1] INFO  server.RaftServerConfigKeys (ConfUtils.java:logGet(46)) - raft.server.threadpool.server.size = 0 (default)
2022-06-19 13:08:45,360 [pool-817-thread-1] INFO  server.RaftServerConfigKeys (ConfUtils.java:logGet(46)) - raft.server.threadpool.client.cached = true (default)
2022-06-19 13:08:45,360 [pool-817-thread-1] INFO  server.RaftServerConfigKeys (ConfUtils.java:logGet(46)) - raft.server.threadpool.client.size = 0 (default)
2022-06-19 13:08:45,360 [pool-817-thread-1] INFO  server.RaftServer$Division (RaftServerImpl.java:start(310)) - eb4bc65c-b727-4ac3-a516-6687464fc4a1@group-575245D266D0: start as a follower, conf=-1: [eb4bc65c-b727-4ac3-a516-6687464fc4a1|rpc:10.1.0.4:33363|priority:1], old=null
2022-06-19 13:08:45,360 [pool-817-thread-1] INFO  server.RaftServer$Division (RaftServerImpl.java:setRole(299)) - eb4bc65c-b727-4ac3-a516-6687464fc4a1@group-575245D266D0: changes role from      null to FOLLOWER at term 0 for startAsFollower
2022-06-19 13:08:45,360 [pool-817-thread-1] INFO  impl.RoleInfo (RoleInfo.java:updateAndGet(139)) - eb4bc65c-b727-4ac3-a516-6687464fc4a1: start eb4bc65c-b727-4ac3-a516-6687464fc4a1@group-575245D266D0-FollowerState
2022-06-19 13:08:45,377 [Listener at 127.0.0.1/38405] INFO  ozone.MiniOzoneClusterImpl (MiniOzoneClusterImpl.java:lambda$waitForClusterToBeReady$0(221)) - Waiting for nodes to be ready. Got 4 of 5 DN Heartbeats.
2022-06-19 13:08:45,377 [Listener at 127.0.0.1/38405] INFO  ozone.MiniOzoneClusterImpl (MiniOzoneClusterImpl.java:lambda$waitForClusterToBeReady$0(224)) - Waiting for cluster to exit safe mode
2022-06-19 13:08:45,377 [Listener at 127.0.0.1/38405] INFO  ozone.MiniOzoneClusterImpl (MiniOzoneClusterImpl.java:lambda$waitForClusterToBeReady$0(226)) - SCM became leader
2022-06-19 13:08:45,381 [pool-817-thread-1] INFO  util.JmxRegister (JmxRegister.java:tryRegister(44)) - Successfully registered JMX Bean with object name Ratis:service=RaftServer,group=group-575245D266D0,id=eb4bc65c-b727-4ac3-a516-6687464fc4a1
2022-06-19 13:08:45,401 [Command processor thread] INFO  ratis.XceiverServerRatis (XceiverServerRatis.java:addGroup(765)) - Created group PipelineID=e53b17b7-4386-47e7-b160-575245d266d0
2022-06-19 13:08:45,401 [Command processor thread] INFO  commandhandler.CreatePipelineCommandHandler (CreatePipelineCommandHandler.java:handle(113)) - Created Pipeline RATIS ONE PipelineID=e53b17b7-4386-47e7-b160-575245d266d0.
2022-06-19 13:08:45,402 [IPC Server handler 19 on default port 40153] INFO  net.NetworkTopologyImpl (NetworkTopologyImpl.java:add(112)) - Added a new node: /default-rack/9890fc63-f579-46b3-a4ef-59d832827169
2022-06-19 13:08:45,402 [IPC Server handler 19 on default port 40153] INFO  node.SCMNodeManager (SCMNodeManager.java:register(394)) - Registered Data node : 9890fc63-f579-46b3-a4ef-59d832827169{ip: 10.1.0.4, host: fv-az58-449.32bp4kehjaiexiom31oljkjdjg.cx.internal.cloudapp.net, ports: [REPLICATION=37783, RATIS=37369, RATIS_ADMIN=37369, RATIS_SERVER=37369, STANDALONE=42701], networkLocation: /default-rack, certSerialId: null, persistedOpState: null, persistedOpStateExpiryEpochSec: 0}
2022-06-19 13:08:45,403 [EventQueue-NewNodeForNewNodeHandler] INFO  pipeline.BackgroundPipelineCreator (BackgroundPipelineCreator.java:notifyEventTriggered(272)) - trigger a one-shot run on RatisPipelineUtilsThread.
2022-06-19 13:08:45,403 [RatisPipelineUtilsThread - 0] INFO  pipeline.RatisPipelineProvider (RatisPipelineProvider.java:lambda$create$0(195)) - Sending CreatePipelineCommand for pipeline:PipelineID=8ccab24f-0410-48bf-b3f5-bc728aaa96ba to datanode:9890fc63-f579-46b3-a4ef-59d832827169
2022-06-19 13:08:45,403 [RatisPipelineUtilsThread - 0] INFO  pipeline.PipelineStateManagerImpl (PipelineStateManagerImpl.java:addPipeline(101)) - Created pipeline Pipeline[ Id: 8ccab24f-0410-48bf-b3f5-bc728aaa96ba, Nodes: 9890fc63-f579-46b3-a4ef-59d832827169{ip: 10.1.0.4, host: fv-az58-449.32bp4kehjaiexiom31oljkjdjg.cx.internal.cloudapp.net, ports: [REPLICATION=37783, RATIS=37369, RATIS_ADMIN=37369, RATIS_SERVER=37369, STANDALONE=42701], networkLocation: /default-rack, certSerialId: null, persistedOpState: IN_SERVICE, persistedOpStateExpiryEpochSec: 0}, ReplicationConfig: RATIS/ONE, State:ALLOCATED, leaderId:, CreationTimestamp2022-06-19T13:08:45.403Z[Etc/UTC]].
2022-06-19 13:08:46,377 [Listener at 127.0.0.1/38405] INFO  ozone.MiniOzoneClusterImpl (MiniOzoneClusterImpl.java:lambda$waitForClusterToBeReady$0(221)) - Nodes are ready. Got 5 of 5 DN Heartbeats.
2022-06-19 13:08:46,378 [Listener at 127.0.0.1/38405] INFO  ozone.MiniOzoneClusterImpl (MiniOzoneClusterImpl.java:lambda$waitForClusterToBeReady$0(224)) - Waiting for cluster to exit safe mode
2022-06-19 13:08:46,378 [Listener at 127.0.0.1/38405] INFO  ozone.MiniOzoneClusterImpl (MiniOzoneClusterImpl.java:lambda$waitForClusterToBeReady$0(226)) - SCM became leader
2022-06-19 13:08:46,947 [Command processor thread] INFO  server.RaftServer (RaftServerProxy.java:addNew(96)) - 538abff5-f6b4-48da-9c9f-e2c087830672: addNew group-74AF4DBEAF9A:[538abff5-f6b4-48da-9c9f-e2c087830672|rpc:10.1.0.4:39589|priority:1] returns group-74AF4DBEAF9A:java.util.concurrent.CompletableFuture@2bcd275e[Not completed]
2022-06-19 13:08:46,947 [pool-845-thread-1] INFO  server.RaftServer$Division (RaftServerImpl.java:<init>(190)) - 538abff5-f6b4-48da-9c9f-e2c087830672: new RaftServerImpl for group-74AF4DBEAF9A:[538abff5-f6b4-48da-9c9f-e2c087830672|rpc:10.1.0.4:39589|priority:1] with ContainerStateMachine:uninitialized
2022-06-19 13:08:46,948 [pool-845-thread-1] INFO  server.RaftServerConfigKeys (ConfUtils.java:logGet(46)) - raft.server.rpc.timeout.min = 5s (custom)
2022-06-19 13:08:46,948 [pool-845-thread-1] INFO  server.RaftServerConfigKeys (ConfUtils.java:logGet(46)) - raft.server.rpc.timeout.max = 5200ms (custom)
2022-06-19 13:08:46,948 [pool-845-thread-1] INFO  server.RaftServerConfigKeys (ConfUtils.java:logGet(46)) - raft.server.rpc.sleep.time = 25ms (default)
2022-06-19 13:08:46,948 [pool-845-thread-1] INFO  server.RaftServerConfigKeys (ConfUtils.java:logGet(46)) - raft.server.rpc.slowness.timeout = 300s (custom)
2022-06-19 13:08:46,948 [pool-845-thread-1] INFO  server.RaftServerConfigKeys (ConfUtils.java:logGet(46)) - raft.server.leaderelection.leader.step-down.wait-time = 10s (default)
2022-06-19 13:08:46,948 [pool-845-thread-1] INFO  server.RaftServerConfigKeys (ConfUtils.java:logGet(46)) - raft.server.sleep.deviation.threshold = 300ms (default)
2022-06-19 13:08:46,948 [pool-845-thread-1] INFO  server.RaftServer$Division (ServerState.java:<init>(107)) - 538abff5-f6b4-48da-9c9f-e2c087830672@group-74AF4DBEAF9A: ConfigurationManager, init=-1: [538abff5-f6b4-48da-9c9f-e2c087830672|rpc:10.1.0.4:39589|priority:1], old=null, confs=<EMPTY_MAP>
2022-06-19 13:08:46,948 [pool-845-thread-1] INFO  server.RaftServerConfigKeys (ConfUtils.java:logGet(46)) - raft.server.storage.dir = [/home/runner/work/ozone/ozone/hadoop-ozone/integration-test/target/test-dir/MiniOzoneClusterImpl-c742643d-ef9b-4334-85a5-eeb69d8d8f7b/datanode-3/data/ratis] (custom)
2022-06-19 13:08:46,948 [pool-845-thread-1] INFO  server.RaftServerConfigKeys (ConfUtils.java:logGet(46)) - raft.server.log.corruption.policy = EXCEPTION (default)
2022-06-19 13:08:46,948 [pool-845-thread-1] INFO  server.RaftServerConfigKeys (ConfUtils.java:logGet(46)) - raft.server.storage.free-space.min = 0MB (=0) (default)
2022-06-19 13:08:46,948 [pool-845-thread-1] INFO  storage.RaftStorageDirectory (RaftStorageDirectoryImpl.java:analyzeStorage(135)) - The storage directory /home/runner/work/ozone/ozone/hadoop-ozone/integration-test/target/test-dir/MiniOzoneClusterImpl-c742643d-ef9b-4334-85a5-eeb69d8d8f7b/datanode-3/data/ratis/a827531e-4797-47db-817e-74af4dbeaf9a does not exist. Creating ...
2022-06-19 13:08:46,976 [pool-845-thread-1] INFO  storage.RaftStorageDirectory (RaftStorageDirectoryImpl.java:tryLock(230)) - Lock on /home/runner/work/ozone/ozone/hadoop-ozone/integration-test/target/test-dir/MiniOzoneClusterImpl-c742643d-ef9b-4334-85a5-eeb69d8d8f7b/datanode-3/data/ratis/a827531e-4797-47db-817e-74af4dbeaf9a/in_use.lock acquired by nodename 17254@fv-az58-449
2022-06-19 13:08:46,990 [pool-845-thread-1] INFO  storage.RaftStorage (RaftStorageImpl.java:format(89)) - Storage directory /home/runner/work/ozone/ozone/hadoop-ozone/integration-test/target/test-dir/MiniOzoneClusterImpl-c742643d-ef9b-4334-85a5-eeb69d8d8f7b/datanode-3/data/ratis/a827531e-4797-47db-817e-74af4dbeaf9a has been successfully formatted.
2022-06-19 13:08:47,030 [EventQueue-PipelineReportForPipelineReportHandler] INFO  pipeline.PipelineManagerImpl (PipelineManagerImpl.java:openPipeline(356)) - Pipeline Pipeline[ Id: a827531e-4797-47db-817e-74af4dbeaf9a, Nodes: 538abff5-f6b4-48da-9c9f-e2c087830672{ip: 10.1.0.4, host: fv-az58-449.32bp4kehjaiexiom31oljkjdjg.cx.internal.cloudapp.net, ports: [REPLICATION=33809, RATIS=39589, RATIS_ADMIN=39589, RATIS_SERVER=39589, STANDALONE=39531], networkLocation: /default-rack, certSerialId: null, persistedOpState: IN_SERVICE, persistedOpStateExpiryEpochSec: 0}, ReplicationConfig: RATIS/ONE, State:ALLOCATED, leaderId:538abff5-f6b4-48da-9c9f-e2c087830672, CreationTimestamp2022-06-19T13:08:44.099Z[Etc/UTC]] moved to OPEN state
2022-06-19 13:08:47,031 [EventQueue-OpenPipelineForHealthyPipelineSafeModeRule] INFO  safemode.SCMSafeModeManager (HealthyPipelineSafeModeRule.java:process(124)) - SCM in safe mode. Healthy pipelines reported count is 0, required healthy pipeline reported count is 1
2022-06-19 13:08:47,041 [pool-845-thread-1] INFO  ratis.ContainerStateMachine (ContainerStateMachine.java:loadSnapshot(236)) - group-74AF4DBEAF9A: The snapshot info is null. Setting the last applied indexto:(t:0, i:~)
2022-06-19 13:08:47,041 [pool-845-thread-1] INFO  server.RaftServerConfigKeys (ConfUtils.java:logGet(46)) - raft.server.notification.no-leader.timeout = 300s (custom)
2022-06-19 13:08:47,041 [pool-845-thread-1] INFO  server.RaftServerConfigKeys (ConfUtils.java:logGet(46)) - raft.server.log.use.memory = false (default)
2022-06-19 13:08:47,041 [pool-845-thread-1] INFO  server.RaftServerConfigKeys (ConfUtils.java:logGet(46)) - raft.server.log.purge.gap = 1000000 (custom)
2022-06-19 13:08:47,041 [pool-845-thread-1] INFO  server.RaftServerConfigKeys (ConfUtils.java:logGet(46)) - raft.server.log.appender.buffer.byte-limit = 33554432 (custom)
2022-06-19 13:08:47,042 [pool-845-thread-1] INFO  server.RaftServerConfigKeys (ConfUtils.java:logGet(46)) - raft.server.log.statemachine.data.read.timeout = 1000ms (default)
2022-06-19 13:08:47,042 [pool-845-thread-1] INFO  server.RaftServerConfigKeys (ConfUtils.java:logGet(46)) - raft.server.log.segment.size.max = 1048576 (custom)
2022-06-19 13:08:47,042 [pool-845-thread-1] INFO  server.RaftServerConfigKeys (ConfUtils.java:logGet(46)) - raft.server.log.segment.cache.num.max = 2 (custom)
2022-06-19 13:08:47,042 [pool-845-thread-1] INFO  server.RaftServerConfigKeys (ConfUtils.java:logGet(46)) - raft.server.log.segment.cache.size.max = 200MB (=209715200) (default)
2022-06-19 13:08:47,042 [pool-845-thread-1] INFO  segmented.SegmentedRaftLogWorker (SegmentedRaftLogWorker.java:<init>(187)) - new 538abff5-f6b4-48da-9c9f-e2c087830672@group-74AF4DBEAF9A-SegmentedRaftLogWorker for RaftStorageImpl:Storage Directory /home/runner/work/ozone/ozone/hadoop-ozone/integration-test/target/test-dir/MiniOzoneClusterImpl-c742643d-ef9b-4334-85a5-eeb69d8d8f7b/datanode-3/data/ratis/a827531e-4797-47db-817e-74af4dbeaf9a
2022-06-19 13:08:47,042 [pool-845-thread-1] INFO  server.RaftServerConfigKeys (ConfUtils.java:logGet(46)) - raft.server.log.queue.byte-limit = 4294967296 (custom)
2022-06-19 13:08:47,042 [pool-845-thread-1] INFO  server.RaftServerConfigKeys (ConfUtils.java:logGet(46)) - raft.server.log.queue.element-limit = 1024 (custom)
2022-06-19 13:08:47,042 [pool-845-thread-1] INFO  server.RaftServerConfigKeys (ConfUtils.java:logGet(46)) - raft.server.log.segment.size.max = 1048576 (custom)
2022-06-19 13:08:47,042 [pool-845-thread-1] INFO  server.RaftServerConfigKeys (ConfUtils.java:logGet(46)) - raft.server.log.preallocated.size = 16384 (custom)
2022-06-19 13:08:47,042 [pool-845-thread-1] INFO  server.RaftServerConfigKeys (ConfUtils.java:logGet(46)) - raft.server.log.force.sync.num = 128 (default)
2022-06-19 13:08:47,042 [pool-845-thread-1] INFO  server.RaftServerConfigKeys (ConfUtils.java:logGet(46)) - raft.server.log.statemachine.data.sync = true (default)
2022-06-19 13:08:47,042 [pool-845-thread-1] INFO  server.RaftServerConfigKeys (ConfUtils.java:logGet(46)) - raft.server.log.statemachine.data.sync.timeout = 10s (default)
2022-06-19 13:08:47,042 [pool-845-thread-1] INFO  server.RaftServerConfigKeys (ConfUtils.java:logGet(46)) - raft.server.log.statemachine.data.sync.timeout.retry = -1 (default)
2022-06-19 13:08:47,043 [pool-845-thread-1] INFO  server.RaftServerConfigKeys (ConfUtils.java:logGet(46)) - raft.server.log.write.buffer.size = 1048576 (custom)
2022-06-19 13:08:47,044 [pool-845-thread-1] INFO  server.RaftServerConfigKeys (ConfUtils.java:logGet(46)) - raft.server.log.unsafe-flush.enabled = false (default)
2022-06-19 13:08:47,044 [pool-845-thread-1] INFO  server.RaftServerConfigKeys (ConfUtils.java:logGet(46)) - raft.server.log.statemachine.data.caching.enabled = true (custom)
2022-06-19 13:08:47,044 [pool-845-thread-1] INFO  segmented.SegmentedRaftLogWorker (SegmentedRaftLogWorker.java:lambda$new$0(135)) - 538abff5-f6b4-48da-9c9f-e2c087830672@group-74AF4DBEAF9A-SegmentedRaftLogWorker: flushIndex: setUnconditionally 0 -> -1
2022-06-19 13:08:47,044 [pool-845-thread-1] INFO  segmented.SegmentedRaftLogWorker (SegmentedRaftLogWorker.java:lambda$new$0(135)) - 538abff5-f6b4-48da-9c9f-e2c087830672@group-74AF4DBEAF9A-SegmentedRaftLogWorker: safeCacheEvictIndex: setUnconditionally 0 -> -1
2022-06-19 13:08:47,061 [pool-845-thread-1] INFO  server.RaftServerConfigKeys (ConfUtils.java:logGet(46)) - raft.server.snapshot.auto.trigger.enabled = true (custom)
2022-06-19 13:08:47,061 [pool-845-thread-1] INFO  server.RaftServerConfigKeys (ConfUtils.java:logGet(46)) - raft.server.snapshot.auto.trigger.threshold = 10000 (custom)
2022-06-19 13:08:47,061 [pool-845-thread-1] INFO  server.RaftServerConfigKeys (ConfUtils.java:logGet(46)) - raft.server.snapshot.retention.file.num = 5 (custom)
2022-06-19 13:08:47,061 [pool-845-thread-1] INFO  server.RaftServerConfigKeys (ConfUtils.java:logGet(46)) - raft.server.log.purge.upto.snapshot.index = false (default)
2022-06-19 13:08:47,061 [pool-845-thread-1] INFO  server.RaftServerConfigKeys (ConfUtils.java:logGet(46)) - raft.server.retrycache.expirytime = 600000ms (custom)
2022-06-19 13:08:47,062 [pool-845-thread-1] INFO  server.RaftServerConfigKeys (ConfUtils.java:logGet(46)) - raft.server.retrycache.statistics.expirytime = 100μs (default)
2022-06-19 13:08:47,063 [pool-845-thread-1] INFO  server.RaftServerConfigKeys (ConfUtils.java:logGet(46)) - raft.server.log.appender.install.snapshot.enabled = false (custom)
2022-06-19 13:08:47,063 [pool-845-thread-1] INFO  server.RaftServerConfigKeys (ConfUtils.java:logGet(46)) - raft.server.threadpool.server.cached = true (default)
2022-06-19 13:08:47,063 [pool-845-thread-1] INFO  server.RaftServerConfigKeys (ConfUtils.java:logGet(46)) - raft.server.threadpool.server.size = 0 (default)
2022-06-19 13:08:47,063 [pool-845-thread-1] INFO  server.RaftServerConfigKeys (ConfUtils.java:logGet(46)) - raft.server.threadpool.client.cached = true (default)
2022-06-19 13:08:47,063 [pool-845-thread-1] INFO  server.RaftServerConfigKeys (ConfUtils.java:logGet(46)) - raft.server.threadpool.client.size = 0 (default)
2022-06-19 13:08:47,063 [pool-845-thread-1] INFO  server.RaftServer$Division (RaftServerImpl.java:start(310)) - 538abff5-f6b4-48da-9c9f-e2c087830672@group-74AF4DBEAF9A: start as a follower, conf=-1: [538abff5-f6b4-48da-9c9f-e2c087830672|rpc:10.1.0.4:39589|priority:1], old=null
2022-06-19 13:08:47,063 [pool-845-thread-1] INFO  server.RaftServer$Division (RaftServerImpl.java:setRole(299)) - 538abff5-f6b4-48da-9c9f-e2c087830672@group-74AF4DBEAF9A: changes role from      null to FOLLOWER at term 0 for startAsFollower
2022-06-19 13:08:47,063 [pool-845-thread-1] INFO  impl.RoleInfo (RoleInfo.java:updateAndGet(139)) - 538abff5-f6b4-48da-9c9f-e2c087830672: start 538abff5-f6b4-48da-9c9f-e2c087830672@group-74AF4DBEAF9A-FollowerState
2022-06-19 13:08:47,094 [pool-845-thread-1] INFO  util.JmxRegister (JmxRegister.java:tryRegister(44)) - Successfully registered JMX Bean with object name Ratis:service=RaftServer,group=group-74AF4DBEAF9A,id=538abff5-f6b4-48da-9c9f-e2c087830672
2022-06-19 13:08:47,111 [Command processor thread] INFO  ratis.XceiverServerRatis (XceiverServerRatis.java:addGroup(765)) - Created group PipelineID=a827531e-4797-47db-817e-74af4dbeaf9a
2022-06-19 13:08:47,111 [Command processor thread] INFO  commandhandler.CreatePipelineCommandHandler (CreatePipelineCommandHandler.java:handle(113)) - Created Pipeline RATIS ONE PipelineID=a827531e-4797-47db-817e-74af4dbeaf9a.
2022-06-19 13:08:47,378 [Listener at 127.0.0.1/38405] INFO  ozone.MiniOzoneClusterImpl (MiniOzoneClusterImpl.java:lambda$waitForClusterToBeReady$0(221)) - Nodes are ready. Got 5 of 5 DN Heartbeats.
2022-06-19 13:08:47,378 [Listener at 127.0.0.1/38405] INFO  ozone.MiniOzoneClusterImpl (MiniOzoneClusterImpl.java:lambda$waitForClusterToBeReady$0(224)) - Waiting for cluster to exit safe mode
2022-06-19 13:08:47,378 [Listener at 127.0.0.1/38405] INFO  ozone.MiniOzoneClusterImpl (MiniOzoneClusterImpl.java:lambda$waitForClusterToBeReady$0(226)) - SCM became leader
2022-06-19 13:08:48,088 [159ddede-8ddd-4508-a461-c1de976ef966@group-027D6B80B311-FollowerState] INFO  impl.FollowerState (FollowerState.java:run(143)) - 159ddede-8ddd-4508-a461-c1de976ef966@group-027D6B80B311-FollowerState: change to CANDIDATE, lastRpcElapsedTime:5087880068ns, electionTimeout:5087ms
2022-06-19 13:08:48,088 [159ddede-8ddd-4508-a461-c1de976ef966@group-027D6B80B311-FollowerState] INFO  impl.RoleInfo (RoleInfo.java:shutdownFollowerState(110)) - 159ddede-8ddd-4508-a461-c1de976ef966: shutdown 159ddede-8ddd-4508-a461-c1de976ef966@group-027D6B80B311-FollowerState
2022-06-19 13:08:48,088 [159ddede-8ddd-4508-a461-c1de976ef966@group-027D6B80B311-FollowerState] INFO  server.RaftServer$Division (RaftServerImpl.java:setRole(299)) - 159ddede-8ddd-4508-a461-c1de976ef966@group-027D6B80B311: changes role from  FOLLOWER to CANDIDATE at term 0 for changeToCandidate
2022-06-19 13:08:48,088 [159ddede-8ddd-4508-a461-c1de976ef966@group-027D6B80B311-FollowerState] INFO  server.RaftServerConfigKeys (ConfUtils.java:logGet(46)) - raft.server.leaderelection.pre-vote = false (custom)
2022-06-19 13:08:48,088 [159ddede-8ddd-4508-a461-c1de976ef966@group-027D6B80B311-FollowerState] INFO  impl.RoleInfo (RoleInfo.java:updateAndGet(139)) - 159ddede-8ddd-4508-a461-c1de976ef966: start 159ddede-8ddd-4508-a461-c1de976ef966@group-027D6B80B311-LeaderElection67
2022-06-19 13:08:48,113 [159ddede-8ddd-4508-a461-c1de976ef966@group-F644DCD34CAD-FollowerState] INFO  impl.FollowerState (FollowerState.java:run(143)) - 159ddede-8ddd-4508-a461-c1de976ef966@group-F644DCD34CAD-FollowerState: change to CANDIDATE, lastRpcElapsedTime:5170105392ns, electionTimeout:5162ms
2022-06-19 13:08:48,113 [159ddede-8ddd-4508-a461-c1de976ef966@group-F644DCD34CAD-FollowerState] INFO  impl.RoleInfo (RoleInfo.java:shutdownFollowerState(110)) - 159ddede-8ddd-4508-a461-c1de976ef966: shutdown 159ddede-8ddd-4508-a461-c1de976ef966@group-F644DCD34CAD-FollowerState
2022-06-19 13:08:48,113 [159ddede-8ddd-4508-a461-c1de976ef966@group-F644DCD34CAD-FollowerState] INFO  server.RaftServer$Division (RaftServerImpl.java:setRole(299)) - 159ddede-8ddd-4508-a461-c1de976ef966@group-F644DCD34CAD: changes role from  FOLLOWER to CANDIDATE at term 0 for changeToCandidate
2022-06-19 13:08:48,119 [159ddede-8ddd-4508-a461-c1de976ef966@group-F644DCD34CAD-FollowerState] INFO  server.RaftServerConfigKeys (ConfUtils.java:logGet(46)) - raft.server.leaderelection.pre-vote = false (custom)
2022-06-19 13:08:48,119 [159ddede-8ddd-4508-a461-c1de976ef966@group-F644DCD34CAD-FollowerState] INFO  impl.RoleInfo (RoleInfo.java:updateAndGet(139)) - 159ddede-8ddd-4508-a461-c1de976ef966: start 159ddede-8ddd-4508-a461-c1de976ef966@group-F644DCD34CAD-LeaderElection68
2022-06-19 13:08:48,138 [159ddede-8ddd-4508-a461-c1de976ef966@group-027D6B80B311-LeaderElection67] INFO  impl.LeaderElection (LeaderElection.java:askForVotes(310)) - 159ddede-8ddd-4508-a461-c1de976ef966@group-027D6B80B311-LeaderElection67 ELECTION round 0: submit vote requests at term 1 for -1: [eb4bc65c-b727-4ac3-a516-6687464fc4a1|rpc:10.1.0.4:33363|priority:0, 001c296a-5799-42a4-87a9-6a5b930e2f27|rpc:10.1.0.4:45007|priority:1, 159ddede-8ddd-4508-a461-c1de976ef966|rpc:10.1.0.4:35015|priority:0], old=null
2022-06-19 13:08:48,158 [159ddede-8ddd-4508-a461-c1de976ef966@group-F644DCD34CAD-LeaderElection68] INFO  impl.LeaderElection (LeaderElection.java:askForVotes(310)) - 159ddede-8ddd-4508-a461-c1de976ef966@group-F644DCD34CAD-LeaderElection68 ELECTION round 0: submit vote requests at term 1 for -1: [159ddede-8ddd-4508-a461-c1de976ef966|rpc:10.1.0.4:35015|priority:1], old=null
2022-06-19 13:08:48,158 [159ddede-8ddd-4508-a461-c1de976ef966@group-F644DCD34CAD-LeaderElection68] INFO  impl.LeaderElection (LeaderElection.java:askForVotes(312)) - 159ddede-8ddd-4508-a461-c1de976ef966@group-F644DCD34CAD-LeaderElection68 ELECTION round 0: result PASSED (term=1)
2022-06-19 13:08:48,158 [159ddede-8ddd-4508-a461-c1de976ef966@group-F644DCD34CAD-LeaderElection68] INFO  impl.RoleInfo (RoleInfo.java:shutdownLeaderElection(130)) - 159ddede-8ddd-4508-a461-c1de976ef966: shutdown 159ddede-8ddd-4508-a461-c1de976ef966@group-F644DCD34CAD-LeaderElection68
2022-06-19 13:08:48,158 [159ddede-8ddd-4508-a461-c1de976ef966@group-F644DCD34CAD-LeaderElection68] INFO  server.RaftServer$Division (RaftServerImpl.java:setRole(299)) - 159ddede-8ddd-4508-a461-c1de976ef966@group-F644DCD34CAD: changes role from CANDIDATE to LEADER at term 1 for changeToLeader
2022-06-19 13:08:48,158 [159ddede-8ddd-4508-a461-c1de976ef966@group-F644DCD34CAD-LeaderElection68] INFO  ratis.XceiverServerRatis (XceiverServerRatis.java:handleLeaderChangedNotification(863)) - Leader change notification received for group: group-F644DCD34CAD with new leaderId: 159ddede-8ddd-4508-a461-c1de976ef966
2022-06-19 13:08:48,158 [159ddede-8ddd-4508-a461-c1de976ef966@group-F644DCD34CAD-LeaderElection68] INFO  server.RaftServer$Division (ServerState.java:setLeader(287)) - 159ddede-8ddd-4508-a461-c1de976ef966@group-F644DCD34CAD: change Leader from null to 159ddede-8ddd-4508-a461-c1de976ef966 at term 1 for becomeLeader, leader elected after 5260ms
2022-06-19 13:08:48,158 [159ddede-8ddd-4508-a461-c1de976ef966@group-F644DCD34CAD-LeaderElection68] INFO  server.RaftServerConfigKeys (ConfUtils.java:logGet(46)) - raft.server.staging.catchup.gap = 1000 (default)
2022-06-19 13:08:48,158 [159ddede-8ddd-4508-a461-c1de976ef966@group-F644DCD34CAD-LeaderElection68] INFO  server.RaftServerConfigKeys (ConfUtils.java:logGet(46)) - raft.server.write.element-limit = 1024 (custom)
2022-06-19 13:08:48,158 [159ddede-8ddd-4508-a461-c1de976ef966@group-F644DCD34CAD-LeaderElection68] INFO  server.RaftServerConfigKeys (ConfUtils.java:logGet(46)) - raft.server.write.byte-limit = 1024 M (=1073741824) (custom)
2022-06-19 13:08:48,159 [159ddede-8ddd-4508-a461-c1de976ef966@group-F644DCD34CAD-LeaderElection68] INFO  server.RaftServerConfigKeys (ConfUtils.java:logGet(46)) - raft.server.watch.timeout = 180s (custom)
2022-06-19 13:08:48,159 [159ddede-8ddd-4508-a461-c1de976ef966@group-F644DCD34CAD-LeaderElection68] INFO  server.RaftServerConfigKeys (ConfUtils.java:logGet(46)) - raft.server.watch.timeout.denomination = 1s (default)
2022-06-19 13:08:48,159 [159ddede-8ddd-4508-a461-c1de976ef966@group-F644DCD34CAD-LeaderElection68] INFO  server.RaftServerConfigKeys (ConfUtils.java:logGet(46)) - raft.server.watch.element-limit = 65536 (default)
2022-06-19 13:08:48,159 [159ddede-8ddd-4508-a461-c1de976ef966@group-F644DCD34CAD-LeaderElection68] INFO  server.RaftServerConfigKeys (ConfUtils.java:logGet(46)) - raft.server.write.element-limit = 1024 (custom)
2022-06-19 13:08:48,159 [159ddede-8ddd-4508-a461-c1de976ef966@group-F644DCD34CAD-LeaderElection68] INFO  server.RaftServerConfigKeys (ConfUtils.java:logGet(46)) - raft.server.write.follower.gap.ratio.max = -1.0 (default)
2022-06-19 13:08:48,159 [159ddede-8ddd-4508-a461-c1de976ef966@group-F644DCD34CAD-LeaderElection68] INFO  impl.RoleInfo (RoleInfo.java:updateAndGet(139)) - 159ddede-8ddd-4508-a461-c1de976ef966: start 159ddede-8ddd-4508-a461-c1de976ef966@group-F644DCD34CAD-LeaderStateImpl
2022-06-19 13:08:48,159 [159ddede-8ddd-4508-a461-c1de976ef966@group-F644DCD34CAD-LeaderElection68] INFO  segmented.SegmentedRaftLogWorker (SegmentedRaftLogWorker.java:startLogSegment(425)) - 159ddede-8ddd-4508-a461-c1de976ef966@group-F644DCD34CAD-SegmentedRaftLogWorker: Starting segment from index:0
2022-06-19 13:08:48,161 [EventQueue-OpenPipelineForHealthyPipelineSafeModeRule] INFO  safemode.SCMSafeModeManager (HealthyPipelineSafeModeRule.java:process(124)) - SCM in safe mode. Healthy pipelines reported count is 0, required healthy pipeline reported count is 1
2022-06-19 13:08:48,162 [159ddede-8ddd-4508-a461-c1de976ef966@group-F644DCD34CAD-SegmentedRaftLogWorker] INFO  segmented.SegmentedRaftLogWorker (SegmentedRaftLogWorker.java:execute(629)) - 159ddede-8ddd-4508-a461-c1de976ef966@group-F644DCD34CAD-SegmentedRaftLogWorker: created new log segment /home/runner/work/ozone/ozone/hadoop-ozone/integration-test/target/test-dir/MiniOzoneClusterImpl-c742643d-ef9b-4334-85a5-eeb69d8d8f7b/datanode-0/data/ratis/522e2bb9-53c4-486c-95e8-f644dcd34cad/current/log_inprogress_0
2022-06-19 13:08:48,199 [159ddede-8ddd-4508-a461-c1de976ef966@group-F644DCD34CAD-LeaderElection68] INFO  server.RaftServer$Division (ServerState.java:setRaftConf(393)) - 159ddede-8ddd-4508-a461-c1de976ef966@group-F644DCD34CAD: set configuration 0: [159ddede-8ddd-4508-a461-c1de976ef966|rpc:10.1.0.4:35015|dataStream:|priority:1], old=null
2022-06-19 13:08:48,296 [grpc-default-executor-0] INFO  server.RaftServer$Division (RaftServerImpl.java:requestVote(1152)) - eb4bc65c-b727-4ac3-a516-6687464fc4a1@group-027D6B80B311: receive requestVote(ELECTION, 159ddede-8ddd-4508-a461-c1de976ef966, group-027D6B80B311, 1, (t:0, i:0))
2022-06-19 13:08:48,296 [grpc-default-executor-0] INFO  impl.VoteContext (VoteContext.java:log(48)) - eb4bc65c-b727-4ac3-a516-6687464fc4a1@group-027D6B80B311-FOLLOWER: accept ELECTION from 159ddede-8ddd-4508-a461-c1de976ef966: our priority 0 <= candidate's priority 0
2022-06-19 13:08:48,297 [grpc-default-executor-0] INFO  server.RaftServer$Division (RaftServerImpl.java:setRole(299)) - eb4bc65c-b727-4ac3-a516-6687464fc4a1@group-027D6B80B311: changes role from  FOLLOWER to FOLLOWER at term 1 for candidate:159ddede-8ddd-4508-a461-c1de976ef966
2022-06-19 13:08:48,297 [grpc-default-executor-0] INFO  impl.RoleInfo (RoleInfo.java:shutdownFollowerState(110)) - eb4bc65c-b727-4ac3-a516-6687464fc4a1: shutdown eb4bc65c-b727-4ac3-a516-6687464fc4a1@group-027D6B80B311-FollowerState
2022-06-19 13:08:48,297 [grpc-default-executor-0] INFO  impl.RoleInfo (RoleInfo.java:updateAndGet(139)) - eb4bc65c-b727-4ac3-a516-6687464fc4a1: start eb4bc65c-b727-4ac3-a516-6687464fc4a1@group-027D6B80B311-FollowerState
2022-06-19 13:08:48,297 [eb4bc65c-b727-4ac3-a516-6687464fc4a1@group-027D6B80B311-FollowerState] INFO  impl.FollowerState (FollowerState.java:run(152)) - eb4bc65c-b727-4ac3-a516-6687464fc4a1@group-027D6B80B311-FollowerState was interrupted
2022-06-19 13:08:48,308 [grpc-default-executor-0] INFO  server.RaftServer$Division (RaftServerImpl.java:requestVote(1184)) - eb4bc65c-b727-4ac3-a516-6687464fc4a1@group-027D6B80B311 replies to ELECTION vote request: 159ddede-8ddd-4508-a461-c1de976ef966<-eb4bc65c-b727-4ac3-a516-6687464fc4a1#0:OK-t1. Peer's state: eb4bc65c-b727-4ac3-a516-6687464fc4a1@group-027D6B80B311:t1, leader=null, voted=159ddede-8ddd-4508-a461-c1de976ef966, raftlog=eb4bc65c-b727-4ac3-a516-6687464fc4a1@group-027D6B80B311-SegmentedRaftLog:OPENED:c-1, conf=-1: [eb4bc65c-b727-4ac3-a516-6687464fc4a1|rpc:10.1.0.4:33363|dataStream:|priority:0, 001c296a-5799-42a4-87a9-6a5b930e2f27|rpc:10.1.0.4:45007|dataStream:|priority:1, 159ddede-8ddd-4508-a461-c1de976ef966|rpc:10.1.0.4:35015|dataStream:|priority:0], old=null
2022-06-19 13:08:48,330 [grpc-default-executor-0] INFO  server.RaftServer$Division (RaftServerImpl.java:requestVote(1152)) - 001c296a-5799-42a4-87a9-6a5b930e2f27@group-027D6B80B311: receive requestVote(ELECTION, 159ddede-8ddd-4508-a461-c1de976ef966, group-027D6B80B311, 1, (t:0, i:0))
2022-06-19 13:08:48,330 [grpc-default-executor-0] INFO  impl.VoteContext (VoteContext.java:log(48)) - 001c296a-5799-42a4-87a9-6a5b930e2f27@group-027D6B80B311-FOLLOWER: reject ELECTION from 159ddede-8ddd-4508-a461-c1de976ef966: our priority 1 > candidate's priority 0
2022-06-19 13:08:48,330 [grpc-default-executor-0] INFO  server.RaftServer$Division (RaftServerImpl.java:setRole(299)) - 001c296a-5799-42a4-87a9-6a5b930e2f27@group-027D6B80B311: changes role from  FOLLOWER to FOLLOWER at term 1 for candidate:159ddede-8ddd-4508-a461-c1de976ef966
2022-06-19 13:08:48,330 [grpc-default-executor-0] INFO  impl.RoleInfo (RoleInfo.java:shutdownFollowerState(110)) - 001c296a-5799-42a4-87a9-6a5b930e2f27: shutdown 001c296a-5799-42a4-87a9-6a5b930e2f27@group-027D6B80B311-FollowerState
2022-06-19 13:08:48,330 [grpc-default-executor-0] INFO  impl.RoleInfo (RoleInfo.java:updateAndGet(139)) - 001c296a-5799-42a4-87a9-6a5b930e2f27: start 001c296a-5799-42a4-87a9-6a5b930e2f27@group-027D6B80B311-FollowerState
2022-06-19 13:08:48,330 [001c296a-5799-42a4-87a9-6a5b930e2f27@group-027D6B80B311-FollowerState] INFO  impl.FollowerState (FollowerState.java:run(152)) - 001c296a-5799-42a4-87a9-6a5b930e2f27@group-027D6B80B311-FollowerState was interrupted
2022-06-19 13:08:48,337 [grpc-default-executor-0] INFO  server.RaftServer$Division (RaftServerImpl.java:requestVote(1184)) - 001c296a-5799-42a4-87a9-6a5b930e2f27@group-027D6B80B311 replies to ELECTION vote request: 159ddede-8ddd-4508-a461-c1de976ef966<-001c296a-5799-42a4-87a9-6a5b930e2f27#0:FAIL-t1. Peer's state: 001c296a-5799-42a4-87a9-6a5b930e2f27@group-027D6B80B311:t1, leader=null, voted=null, raftlog=001c296a-5799-42a4-87a9-6a5b930e2f27@group-027D6B80B311-SegmentedRaftLog:OPENED:c-1, conf=-1: [eb4bc65c-b727-4ac3-a516-6687464fc4a1|rpc:10.1.0.4:33363|dataStream:|priority:0, 001c296a-5799-42a4-87a9-6a5b930e2f27|rpc:10.1.0.4:45007|dataStream:|priority:1, 159ddede-8ddd-4508-a461-c1de976ef966|rpc:10.1.0.4:35015|dataStream:|priority:0], old=null
2022-06-19 13:08:48,378 [Listener at 127.0.0.1/38405] INFO  ozone.MiniOzoneClusterImpl (MiniOzoneClusterImpl.java:lambda$waitForClusterToBeReady$0(221)) - Nodes are ready. Got 5 of 5 DN Heartbeats.
2022-06-19 13:08:48,379 [Listener at 127.0.0.1/38405] INFO  ozone.MiniOzoneClusterImpl (MiniOzoneClusterImpl.java:lambda$waitForClusterToBeReady$0(224)) - Waiting for cluster to exit safe mode
2022-06-19 13:08:48,379 [Listener at 127.0.0.1/38405] INFO  ozone.MiniOzoneClusterImpl (MiniOzoneClusterImpl.java:lambda$waitForClusterToBeReady$0(226)) - SCM became leader
2022-06-19 13:08:48,381 [159ddede-8ddd-4508-a461-c1de976ef966@group-027D6B80B311-LeaderElection67] INFO  impl.LeaderElection (LeaderElection.java:logAndReturn(90)) - 159ddede-8ddd-4508-a461-c1de976ef966@group-027D6B80B311-LeaderElection67: ELECTION REJECTED received 2 response(s) and 0 exception(s):
2022-06-19 13:08:48,381 [159ddede-8ddd-4508-a461-c1de976ef966@group-027D6B80B311-LeaderElection67] INFO  impl.LeaderElection (LeaderElection.java:logAndReturn(94)) -   Response 0: 159ddede-8ddd-4508-a461-c1de976ef966<-eb4bc65c-b727-4ac3-a516-6687464fc4a1#0:OK-t1
2022-06-19 13:08:48,381 [159ddede-8ddd-4508-a461-c1de976ef966@group-027D6B80B311-LeaderElection67] INFO  impl.LeaderElection (LeaderElection.java:logAndReturn(94)) -   Response 1: 159ddede-8ddd-4508-a461-c1de976ef966<-001c296a-5799-42a4-87a9-6a5b930e2f27#0:FAIL-t1
2022-06-19 13:08:48,381 [159ddede-8ddd-4508-a461-c1de976ef966@group-027D6B80B311-LeaderElection67] INFO  impl.LeaderElection (LeaderElection.java:askForVotes(312)) - 159ddede-8ddd-4508-a461-c1de976ef966@group-027D6B80B311-LeaderElection67 ELECTION round 0: result REJECTED
2022-06-19 13:08:48,381 [159ddede-8ddd-4508-a461-c1de976ef966@group-027D6B80B311-LeaderElection67] INFO  server.RaftServer$Division (RaftServerImpl.java:setRole(299)) - 159ddede-8ddd-4508-a461-c1de976ef966@group-027D6B80B311: changes role from CANDIDATE to FOLLOWER at term 1 for REJECTED
2022-06-19 13:08:48,381 [159ddede-8ddd-4508-a461-c1de976ef966@group-027D6B80B311-LeaderElection67] INFO  impl.RoleInfo (RoleInfo.java:shutdownLeaderElection(130)) - 159ddede-8ddd-4508-a461-c1de976ef966: shutdown 159ddede-8ddd-4508-a461-c1de976ef966@group-027D6B80B311-LeaderElection67
2022-06-19 13:08:48,381 [159ddede-8ddd-4508-a461-c1de976ef966@group-027D6B80B311-LeaderElection67] INFO  impl.RoleInfo (RoleInfo.java:updateAndGet(139)) - 159ddede-8ddd-4508-a461-c1de976ef966: start 159ddede-8ddd-4508-a461-c1de976ef966@group-027D6B80B311-FollowerState
2022-06-19 13:08:48,425 [Command processor thread] INFO  server.RaftServer (RaftServerProxy.java:addNew(96)) - 9890fc63-f579-46b3-a4ef-59d832827169: addNew group-BC728AAA96BA:[9890fc63-f579-46b3-a4ef-59d832827169|rpc:10.1.0.4:37369|priority:1] returns group-BC728AAA96BA:java.util.concurrent.CompletableFuture@392f7cb7[Not completed]
2022-06-19 13:08:48,443 [pool-872-thread-1] INFO  server.RaftServer$Division (RaftServerImpl.java:<init>(190)) - 9890fc63-f579-46b3-a4ef-59d832827169: new RaftServerImpl for group-BC728AAA96BA:[9890fc63-f579-46b3-a4ef-59d832827169|rpc:10.1.0.4:37369|priority:1] with ContainerStateMachine:uninitialized
2022-06-19 13:08:48,443 [pool-872-thread-1] INFO  server.RaftServerConfigKeys (ConfUtils.java:logGet(46)) - raft.server.rpc.timeout.min = 5s (custom)
2022-06-19 13:08:48,443 [pool-872-thread-1] INFO  server.RaftServerConfigKeys (ConfUtils.java:logGet(46)) - raft.server.rpc.timeout.max = 5200ms (custom)
2022-06-19 13:08:48,443 [pool-872-thread-1] INFO  server.RaftServerConfigKeys (ConfUtils.java:logGet(46)) - raft.server.rpc.sleep.time = 25ms (default)
2022-06-19 13:08:48,443 [pool-872-thread-1] INFO  server.RaftServerConfigKeys (ConfUtils.java:logGet(46)) - raft.server.rpc.slowness.timeout = 300s (custom)
2022-06-19 13:08:48,443 [pool-872-thread-1] INFO  server.RaftServerConfigKeys (ConfUtils.java:logGet(46)) - raft.server.leaderelection.leader.step-down.wait-time = 10s (default)
2022-06-19 13:08:48,443 [pool-872-thread-1] INFO  server.RaftServerConfigKeys (ConfUtils.java:logGet(46)) - raft.server.sleep.deviation.threshold = 300ms (default)
2022-06-19 13:08:48,443 [pool-872-thread-1] INFO  server.RaftServer$Division (ServerState.java:<init>(107)) - 9890fc63-f579-46b3-a4ef-59d832827169@group-BC728AAA96BA: ConfigurationManager, init=-1: [9890fc63-f579-46b3-a4ef-59d832827169|rpc:10.1.0.4:37369|priority:1], old=null, confs=<EMPTY_MAP>
2022-06-19 13:08:48,444 [pool-872-thread-1] INFO  server.RaftServerConfigKeys (ConfUtils.java:logGet(46)) - raft.server.storage.dir = [/home/runner/work/ozone/ozone/hadoop-ozone/integration-test/target/test-dir/MiniOzoneClusterImpl-c742643d-ef9b-4334-85a5-eeb69d8d8f7b/datanode-4/data/ratis] (custom)
2022-06-19 13:08:48,444 [pool-872-thread-1] INFO  server.RaftServerConfigKeys (ConfUtils.java:logGet(46)) - raft.server.log.corruption.policy = EXCEPTION (default)
2022-06-19 13:08:48,444 [pool-872-thread-1] INFO  server.RaftServerConfigKeys (ConfUtils.java:logGet(46)) - raft.server.storage.free-space.min = 0MB (=0) (default)
2022-06-19 13:08:48,444 [pool-872-thread-1] INFO  storage.RaftStorageDirectory (RaftStorageDirectoryImpl.java:analyzeStorage(135)) - The storage directory /home/runner/work/ozone/ozone/hadoop-ozone/integration-test/target/test-dir/MiniOzoneClusterImpl-c742643d-ef9b-4334-85a5-eeb69d8d8f7b/datanode-4/data/ratis/8ccab24f-0410-48bf-b3f5-bc728aaa96ba does not exist. Creating ...
2022-06-19 13:08:48,445 [pool-872-thread-1] INFO  storage.RaftStorageDirectory (RaftStorageDirectoryImpl.java:tryLock(230)) - Lock on /home/runner/work/ozone/ozone/hadoop-ozone/integration-test/target/test-dir/MiniOzoneClusterImpl-c742643d-ef9b-4334-85a5-eeb69d8d8f7b/datanode-4/data/ratis/8ccab24f-0410-48bf-b3f5-bc728aaa96ba/in_use.lock acquired by nodename 17254@fv-az58-449
2022-06-19 13:08:48,447 [pool-872-thread-1] INFO  storage.RaftStorage (RaftStorageImpl.java:format(89)) - Storage directory /home/runner/work/ozone/ozone/hadoop-ozone/integration-test/target/test-dir/MiniOzoneClusterImpl-c742643d-ef9b-4334-85a5-eeb69d8d8f7b/datanode-4/data/ratis/8ccab24f-0410-48bf-b3f5-bc728aaa96ba has been successfully formatted.
2022-06-19 13:08:48,451 [pool-872-thread-1] INFO  ratis.ContainerStateMachine (ContainerStateMachine.java:loadSnapshot(236)) - group-BC728AAA96BA: The snapshot info is null. Setting the last applied indexto:(t:0, i:~)
2022-06-19 13:08:48,451 [pool-872-thread-1] INFO  server.RaftServerConfigKeys (ConfUtils.java:logGet(46)) - raft.server.notification.no-leader.timeout = 300s (custom)
2022-06-19 13:08:48,451 [pool-872-thread-1] INFO  server.RaftServerConfigKeys (ConfUtils.java:logGet(46)) - raft.server.log.use.memory = false (default)
2022-06-19 13:08:48,451 [pool-872-thread-1] INFO  server.RaftServerConfigKeys (ConfUtils.java:logGet(46)) - raft.server.log.purge.gap = 1000000 (custom)
2022-06-19 13:08:48,451 [pool-872-thread-1] INFO  server.RaftServerConfigKeys (ConfUtils.java:logGet(46)) - raft.server.log.appender.buffer.byte-limit = 33554432 (custom)
2022-06-19 13:08:48,451 [pool-872-thread-1] INFO  server.RaftServerConfigKeys (ConfUtils.java:logGet(46)) - raft.server.log.statemachine.data.read.timeout = 1000ms (default)
2022-06-19 13:08:48,451 [pool-872-thread-1] INFO  server.RaftServerConfigKeys (ConfUtils.java:logGet(46)) - raft.server.log.segment.size.max = 1048576 (custom)
2022-06-19 13:08:48,451 [pool-872-thread-1] INFO  server.RaftServerConfigKeys (ConfUtils.java:logGet(46)) - raft.server.log.segment.cache.num.max = 2 (custom)
2022-06-19 13:08:48,451 [pool-872-thread-1] INFO  server.RaftServerConfigKeys (ConfUtils.java:logGet(46)) - raft.server.log.segment.cache.size.max = 200MB (=209715200) (default)
2022-06-19 13:08:48,452 [pool-872-thread-1] INFO  segmented.SegmentedRaftLogWorker (SegmentedRaftLogWorker.java:<init>(187)) - new 9890fc63-f579-46b3-a4ef-59d832827169@group-BC728AAA96BA-SegmentedRaftLogWorker for RaftStorageImpl:Storage Directory /home/runner/work/ozone/ozone/hadoop-ozone/integration-test/target/test-dir/MiniOzoneClusterImpl-c742643d-ef9b-4334-85a5-eeb69d8d8f7b/datanode-4/data/ratis/8ccab24f-0410-48bf-b3f5-bc728aaa96ba
2022-06-19 13:08:48,452 [pool-872-thread-1] INFO  server.RaftServerConfigKeys (ConfUtils.java:logGet(46)) - raft.server.log.queue.byte-limit = 4294967296 (custom)
2022-06-19 13:08:48,452 [pool-872-thread-1] INFO  server.RaftServerConfigKeys (ConfUtils.java:logGet(46)) - raft.server.log.queue.element-limit = 1024 (custom)
2022-06-19 13:08:48,452 [pool-872-thread-1] INFO  server.RaftServerConfigKeys (ConfUtils.java:logGet(46)) - raft.server.log.segment.size.max = 1048576 (custom)
2022-06-19 13:08:48,452 [pool-872-thread-1] INFO  server.RaftServerConfigKeys (ConfUtils.java:logGet(46)) - raft.server.log.preallocated.size = 16384 (custom)
2022-06-19 13:08:48,452 [pool-872-thread-1] INFO  server.RaftServerConfigKeys (ConfUtils.java:logGet(46)) - raft.server.log.force.sync.num = 128 (default)
2022-06-19 13:08:48,452 [pool-872-thread-1] INFO  server.RaftServerConfigKeys (ConfUtils.java:logGet(46)) - raft.server.log.statemachine.data.sync = true (default)
2022-06-19 13:08:48,452 [pool-872-thread-1] INFO  server.RaftServerConfigKeys (ConfUtils.java:logGet(46)) - raft.server.log.statemachine.data.sync.timeout = 10s (default)
2022-06-19 13:08:48,452 [pool-872-thread-1] INFO  server.RaftServerConfigKeys (ConfUtils.java:logGet(46)) - raft.server.log.statemachine.data.sync.timeout.retry = -1 (default)
2022-06-19 13:08:48,453 [pool-872-thread-1] INFO  server.RaftServerConfigKeys (ConfUtils.java:logGet(46)) - raft.server.log.write.buffer.size = 1048576 (custom)
2022-06-19 13:08:48,453 [pool-872-thread-1] INFO  server.RaftServerConfigKeys (ConfUtils.java:logGet(46)) - raft.server.log.unsafe-flush.enabled = false (default)
2022-06-19 13:08:48,453 [pool-872-thread-1] INFO  server.RaftServerConfigKeys (ConfUtils.java:logGet(46)) - raft.server.log.statemachine.data.caching.enabled = true (custom)
2022-06-19 13:08:48,453 [pool-872-thread-1] INFO  segmented.SegmentedRaftLogWorker (SegmentedRaftLogWorker.java:lambda$new$0(135)) - 9890fc63-f579-46b3-a4ef-59d832827169@group-BC728AAA96BA-SegmentedRaftLogWorker: flushIndex: setUnconditionally 0 -> -1
2022-06-19 13:08:48,458 [EventQueue-PipelineReportForPipelineReportHandler] INFO  pipeline.PipelineManagerImpl (PipelineManagerImpl.java:openPipeline(356)) - Pipeline Pipeline[ Id: 8ccab24f-0410-48bf-b3f5-bc728aaa96ba, Nodes: 9890fc63-f579-46b3-a4ef-59d832827169{ip: 10.1.0.4, host: fv-az58-449.32bp4kehjaiexiom31oljkjdjg.cx.internal.cloudapp.net, ports: [REPLICATION=37783, RATIS=37369, RATIS_ADMIN=37369, RATIS_SERVER=37369, STANDALONE=42701], networkLocation: /default-rack, certSerialId: null, persistedOpState: IN_SERVICE, persistedOpStateExpiryEpochSec: 0}, ReplicationConfig: RATIS/ONE, State:ALLOCATED, leaderId:9890fc63-f579-46b3-a4ef-59d832827169, CreationTimestamp2022-06-19T13:08:45.403Z[Etc/UTC]] moved to OPEN state
2022-06-19 13:08:48,490 [EventQueue-OpenPipelineForHealthyPipelineSafeModeRule] INFO  safemode.SCMSafeModeManager (HealthyPipelineSafeModeRule.java:process(124)) - SCM in safe mode. Healthy pipelines reported count is 0, required healthy pipeline reported count is 1
2022-06-19 13:08:48,489 [pool-872-thread-1] INFO  segmented.SegmentedRaftLogWorker (SegmentedRaftLogWorker.java:lambda$new$0(135)) - 9890fc63-f579-46b3-a4ef-59d832827169@group-BC728AAA96BA-SegmentedRaftLogWorker: safeCacheEvictIndex: setUnconditionally 0 -> -1
2022-06-19 13:08:48,492 [pool-872-thread-1] INFO  server.RaftServerConfigKeys (ConfUtils.java:logGet(46)) - raft.server.snapshot.auto.trigger.enabled = true (custom)
2022-06-19 13:08:48,492 [pool-872-thread-1] INFO  server.RaftServerConfigKeys (ConfUtils.java:logGet(46)) - raft.server.snapshot.auto.trigger.threshold = 10000 (custom)
2022-06-19 13:08:48,492 [pool-872-thread-1] INFO  server.RaftServerConfigKeys (ConfUtils.java:logGet(46)) - raft.server.snapshot.retention.file.num = 5 (custom)
2022-06-19 13:08:48,492 [pool-872-thread-1] INFO  server.RaftServerConfigKeys (ConfUtils.java:logGet(46)) - raft.server.log.purge.upto.snapshot.index = false (default)
2022-06-19 13:08:48,493 [pool-872-thread-1] INFO  server.RaftServerConfigKeys (ConfUtils.java:logGet(46)) - raft.server.retrycache.expirytime = 600000ms (custom)
2022-06-19 13:08:48,493 [pool-872-thread-1] INFO  server.RaftServerConfigKeys (ConfUtils.java:logGet(46)) - raft.server.retrycache.statistics.expirytime = 100μs (default)
2022-06-19 13:08:48,498 [pool-872-thread-1] INFO  server.RaftServerConfigKeys (ConfUtils.java:logGet(46)) - raft.server.log.appender.install.snapshot.enabled = false (custom)
2022-06-19 13:08:48,498 [pool-872-thread-1] INFO  server.RaftServerConfigKeys (ConfUtils.java:logGet(46)) - raft.server.threadpool.server.cached = true (default)
2022-06-19 13:08:48,498 [pool-872-thread-1] INFO  server.RaftServerConfigKeys (ConfUtils.java:logGet(46)) - raft.server.threadpool.server.size = 0 (default)
2022-06-19 13:08:48,498 [pool-872-thread-1] INFO  server.RaftServerConfigKeys (ConfUtils.java:logGet(46)) - raft.server.threadpool.client.cached = true (default)
2022-06-19 13:08:48,498 [pool-872-thread-1] INFO  server.RaftServerConfigKeys (ConfUtils.java:logGet(46)) - raft.server.threadpool.client.size = 0 (default)
2022-06-19 13:08:48,498 [pool-872-thread-1] INFO  server.RaftServer$Division (RaftServerImpl.java:start(310)) - 9890fc63-f579-46b3-a4ef-59d832827169@group-BC728AAA96BA: start as a follower, conf=-1: [9890fc63-f579-46b3-a4ef-59d832827169|rpc:10.1.0.4:37369|priority:1], old=null
2022-06-19 13:08:48,498 [pool-872-thread-1] INFO  server.RaftServer$Division (RaftServerImpl.java:setRole(299)) - 9890fc63-f579-46b3-a4ef-59d832827169@group-BC728AAA96BA: changes role from      null to FOLLOWER at term 0 for startAsFollower
2022-06-19 13:08:48,498 [pool-872-thread-1] INFO  impl.RoleInfo (RoleInfo.java:updateAndGet(139)) - 9890fc63-f579-46b3-a4ef-59d832827169: start 9890fc63-f579-46b3-a4ef-59d832827169@group-BC728AAA96BA-FollowerState
2022-06-19 13:08:48,517 [pool-872-thread-1] INFO  util.JmxRegister (JmxRegister.java:tryRegister(44)) - Successfully registered JMX Bean with object name Ratis:service=RaftServer,group=group-BC728AAA96BA,id=9890fc63-f579-46b3-a4ef-59d832827169
2022-06-19 13:08:48,541 [Command processor thread] INFO  ratis.XceiverServerRatis (XceiverServerRatis.java:addGroup(765)) - Created group PipelineID=8ccab24f-0410-48bf-b3f5-bc728aaa96ba
2022-06-19 13:08:48,541 [Command processor thread] INFO  commandhandler.CreatePipelineCommandHandler (CreatePipelineCommandHandler.java:handle(113)) - Created Pipeline RATIS ONE PipelineID=8ccab24f-0410-48bf-b3f5-bc728aaa96ba.
2022-06-19 13:08:48,716 [159ddede-8ddd-4508-a461-c1de976ef966@group-6A4F9B95B0D2-FollowerState] INFO  impl.FollowerState (FollowerState.java:run(143)) - 159ddede-8ddd-4508-a461-c1de976ef966@group-6A4F9B95B0D2-FollowerState: change to CANDIDATE, lastRpcElapsedTime:5088762767ns, electionTimeout:5070ms
2022-06-19 13:08:48,716 [159ddede-8ddd-4508-a461-c1de976ef966@group-6A4F9B95B0D2-FollowerState] INFO  impl.RoleInfo (RoleInfo.java:shutdownFollowerState(110)) - 159ddede-8ddd-4508-a461-c1de976ef966: shutdown 159ddede-8ddd-4508-a461-c1de976ef966@group-6A4F9B95B0D2-FollowerState
2022-06-19 13:08:48,716 [159ddede-8ddd-4508-a461-c1de976ef966@group-6A4F9B95B0D2-FollowerState] INFO  server.RaftServer$Division (RaftServerImpl.java:setRole(299)) - 159ddede-8ddd-4508-a461-c1de976ef966@group-6A4F9B95B0D2: changes role from  FOLLOWER to CANDIDATE at term 0 for changeToCandidate
2022-06-19 13:08:48,716 [159ddede-8ddd-4508-a461-c1de976ef966@group-6A4F9B95B0D2-FollowerState] INFO  server.RaftServerConfigKeys (ConfUtils.java:logGet(46)) - raft.server.leaderelection.pre-vote = false (custom)
2022-06-19 13:08:48,716 [159ddede-8ddd-4508-a461-c1de976ef966@group-6A4F9B95B0D2-FollowerState] INFO  impl.RoleInfo (RoleInfo.java:updateAndGet(139)) - 159ddede-8ddd-4508-a461-c1de976ef966: start 159ddede-8ddd-4508-a461-c1de976ef966@group-6A4F9B95B0D2-LeaderElection69
2022-06-19 13:08:48,734 [159ddede-8ddd-4508-a461-c1de976ef966@group-6A4F9B95B0D2-LeaderElection69] INFO  impl.LeaderElection (LeaderElection.java:askForVotes(310)) - 159ddede-8ddd-4508-a461-c1de976ef966@group-6A4F9B95B0D2-LeaderElection69 ELECTION round 0: submit vote requests at term 1 for -1: [eb4bc65c-b727-4ac3-a516-6687464fc4a1|rpc:10.1.0.4:33363|priority:0, 001c296a-5799-42a4-87a9-6a5b930e2f27|rpc:10.1.0.4:45007|priority:0, 159ddede-8ddd-4508-a461-c1de976ef966|rpc:10.1.0.4:35015|priority:1], old=null
2022-06-19 13:08:48,795 [grpc-default-executor-0] INFO  server.RaftServer$Division (RaftServerImpl.java:requestVote(1152)) - eb4bc65c-b727-4ac3-a516-6687464fc4a1@group-6A4F9B95B0D2: receive requestVote(ELECTION, 159ddede-8ddd-4508-a461-c1de976ef966, group-6A4F9B95B0D2, 1, (t:0, i:0))
2022-06-19 13:08:48,796 [grpc-default-executor-0] INFO  impl.VoteContext (VoteContext.java:log(48)) - eb4bc65c-b727-4ac3-a516-6687464fc4a1@group-6A4F9B95B0D2-FOLLOWER: accept ELECTION from 159ddede-8ddd-4508-a461-c1de976ef966: our priority 0 <= candidate's priority 1
2022-06-19 13:08:48,796 [grpc-default-executor-0] INFO  server.RaftServer$Division (RaftServerImpl.java:setRole(299)) - eb4bc65c-b727-4ac3-a516-6687464fc4a1@group-6A4F9B95B0D2: changes role from  FOLLOWER to FOLLOWER at term 1 for candidate:159ddede-8ddd-4508-a461-c1de976ef966
2022-06-19 13:08:48,796 [grpc-default-executor-0] INFO  impl.RoleInfo (RoleInfo.java:shutdownFollowerState(110)) - eb4bc65c-b727-4ac3-a516-6687464fc4a1: shutdown eb4bc65c-b727-4ac3-a516-6687464fc4a1@group-6A4F9B95B0D2-FollowerState
2022-06-19 13:08:48,796 [grpc-default-executor-0] INFO  impl.RoleInfo (RoleInfo.java:updateAndGet(139)) - eb4bc65c-b727-4ac3-a516-6687464fc4a1: start eb4bc65c-b727-4ac3-a516-6687464fc4a1@group-6A4F9B95B0D2-FollowerState
2022-06-19 13:08:48,796 [eb4bc65c-b727-4ac3-a516-6687464fc4a1@group-6A4F9B95B0D2-FollowerState] INFO  impl.FollowerState (FollowerState.java:run(152)) - eb4bc65c-b727-4ac3-a516-6687464fc4a1@group-6A4F9B95B0D2-FollowerState was interrupted
2022-06-19 13:08:48,796 [grpc-default-executor-1] INFO  server.RaftServer$Division (RaftServerImpl.java:requestVote(1152)) - 001c296a-5799-42a4-87a9-6a5b930e2f27@group-6A4F9B95B0D2: receive requestVote(ELECTION, 159ddede-8ddd-4508-a461-c1de976ef966, group-6A4F9B95B0D2, 1, (t:0, i:0))
2022-06-19 13:08:48,796 [grpc-default-executor-1] INFO  impl.VoteContext (VoteContext.java:log(48)) - 001c296a-5799-42a4-87a9-6a5b930e2f27@group-6A4F9B95B0D2-FOLLOWER: accept ELECTION from 159ddede-8ddd-4508-a461-c1de976ef966: our priority 0 <= candidate's priority 1
2022-06-19 13:08:48,796 [grpc-default-executor-1] INFO  server.RaftServer$Division (RaftServerImpl.java:setRole(299)) - 001c296a-5799-42a4-87a9-6a5b930e2f27@group-6A4F9B95B0D2: changes role from  FOLLOWER to FOLLOWER at term 1 for candidate:159ddede-8ddd-4508-a461-c1de976ef966
2022-06-19 13:08:48,796 [grpc-default-executor-1] INFO  impl.RoleInfo (RoleInfo.java:shutdownFollowerState(110)) - 001c296a-5799-42a4-87a9-6a5b930e2f27: shutdown 001c296a-5799-42a4-87a9-6a5b930e2f27@group-6A4F9B95B0D2-FollowerState
2022-06-19 13:08:48,816 [001c296a-5799-42a4-87a9-6a5b930e2f27@group-6A4F9B95B0D2-FollowerState] INFO  impl.FollowerState (FollowerState.java:run(152)) - 001c296a-5799-42a4-87a9-6a5b930e2f27@group-6A4F9B95B0D2-FollowerState was interrupted
2022-06-19 13:08:48,816 [grpc-default-executor-1] INFO  impl.RoleInfo (RoleInfo.java:updateAndGet(139)) - 001c296a-5799-42a4-87a9-6a5b930e2f27: start 001c296a-5799-42a4-87a9-6a5b930e2f27@group-6A4F9B95B0D2-FollowerState
2022-06-19 13:08:48,829 [grpc-default-executor-0] INFO  server.RaftServer$Division (RaftServerImpl.java:requestVote(1184)) - eb4bc65c-b727-4ac3-a516-6687464fc4a1@group-6A4F9B95B0D2 replies to ELECTION vote request: 159ddede-8ddd-4508-a461-c1de976ef966<-eb4bc65c-b727-4ac3-a516-6687464fc4a1#0:OK-t1. Peer's state: eb4bc65c-b727-4ac3-a516-6687464fc4a1@group-6A4F9B95B0D2:t1, leader=null, voted=159ddede-8ddd-4508-a461-c1de976ef966, raftlog=eb4bc65c-b727-4ac3-a516-6687464fc4a1@group-6A4F9B95B0D2-SegmentedRaftLog:OPENED:c-1, conf=-1: [eb4bc65c-b727-4ac3-a516-6687464fc4a1|rpc:10.1.0.4:33363|dataStream:|priority:0, 001c296a-5799-42a4-87a9-6a5b930e2f27|rpc:10.1.0.4:45007|dataStream:|priority:0, 159ddede-8ddd-4508-a461-c1de976ef966|rpc:10.1.0.4:35015|dataStream:|priority:1], old=null
2022-06-19 13:08:48,875 [grpc-default-executor-1] INFO  server.RaftServer$Division (RaftServerImpl.java:requestVote(1184)) - 001c296a-5799-42a4-87a9-6a5b930e2f27@group-6A4F9B95B0D2 replies to ELECTION vote request: 159ddede-8ddd-4508-a461-c1de976ef966<-001c296a-5799-42a4-87a9-6a5b930e2f27#0:OK-t1. Peer's state: 001c296a-5799-42a4-87a9-6a5b930e2f27@group-6A4F9B95B0D2:t1, leader=null, voted=159ddede-8ddd-4508-a461-c1de976ef966, raftlog=001c296a-5799-42a4-87a9-6a5b930e2f27@group-6A4F9B95B0D2-SegmentedRaftLog:OPENED:c-1, conf=-1: [eb4bc65c-b727-4ac3-a516-6687464fc4a1|rpc:10.1.0.4:33363|priority:0, 001c296a-5799-42a4-87a9-6a5b930e2f27|rpc:10.1.0.4:45007|priority:0, 159ddede-8ddd-4508-a461-c1de976ef966|rpc:10.1.0.4:35015|priority:1], old=null
2022-06-19 13:08:48,877 [159ddede-8ddd-4508-a461-c1de976ef966@group-6A4F9B95B0D2-LeaderElection69] INFO  impl.LeaderElection (LeaderElection.java:logAndReturn(90)) - 159ddede-8ddd-4508-a461-c1de976ef966@group-6A4F9B95B0D2-LeaderElection69: ELECTION PASSED received 1 response(s) and 0 exception(s):
2022-06-19 13:08:48,877 [159ddede-8ddd-4508-a461-c1de976ef966@group-6A4F9B95B0D2-LeaderElection69] INFO  impl.LeaderElection (LeaderElection.java:logAndReturn(94)) -   Response 0: 159ddede-8ddd-4508-a461-c1de976ef966<-eb4bc65c-b727-4ac3-a516-6687464fc4a1#0:OK-t1
2022-06-19 13:08:48,877 [159ddede-8ddd-4508-a461-c1de976ef966@group-6A4F9B95B0D2-LeaderElection69] INFO  impl.LeaderElection (LeaderElection.java:askForVotes(312)) - 159ddede-8ddd-4508-a461-c1de976ef966@group-6A4F9B95B0D2-LeaderElection69 ELECTION round 0: result PASSED
2022-06-19 13:08:48,877 [159ddede-8ddd-4508-a461-c1de976ef966@group-6A4F9B95B0D2-LeaderElection69] INFO  impl.RoleInfo (RoleInfo.java:shutdownLeaderElection(130)) - 159ddede-8ddd-4508-a461-c1de976ef966: shutdown 159ddede-8ddd-4508-a461-c1de976ef966@group-6A4F9B95B0D2-LeaderElection69
2022-06-19 13:08:48,877 [159ddede-8ddd-4508-a461-c1de976ef966@group-6A4F9B95B0D2-LeaderElection69] INFO  server.RaftServer$Division (RaftServerImpl.java:setRole(299)) - 159ddede-8ddd-4508-a461-c1de976ef966@group-6A4F9B95B0D2: changes role from CANDIDATE to LEADER at term 1 for changeToLeader
2022-06-19 13:08:48,877 [159ddede-8ddd-4508-a461-c1de976ef966@group-6A4F9B95B0D2-LeaderElection69] INFO  ratis.XceiverServerRatis (XceiverServerRatis.java:handleLeaderChangedNotification(863)) - Leader change notification received for group: group-6A4F9B95B0D2 with new leaderId: 159ddede-8ddd-4508-a461-c1de976ef966
2022-06-19 13:08:48,878 [159ddede-8ddd-4508-a461-c1de976ef966@group-6A4F9B95B0D2-LeaderElection69] INFO  server.RaftServer$Division (ServerState.java:setLeader(287)) - 159ddede-8ddd-4508-a461-c1de976ef966@group-6A4F9B95B0D2: change Leader from null to 159ddede-8ddd-4508-a461-c1de976ef966 at term 1 for becomeLeader, leader elected after 5303ms
2022-06-19 13:08:48,878 [159ddede-8ddd-4508-a461-c1de976ef966@group-6A4F9B95B0D2-LeaderElection69] INFO  server.RaftServerConfigKeys (ConfUtils.java:logGet(46)) - raft.server.staging.catchup.gap = 1000 (default)
2022-06-19 13:08:48,878 [159ddede-8ddd-4508-a461-c1de976ef966@group-6A4F9B95B0D2-LeaderElection69] INFO  server.RaftServerConfigKeys (ConfUtils.java:logGet(46)) - raft.server.write.element-limit = 1024 (custom)
2022-06-19 13:08:48,878 [159ddede-8ddd-4508-a461-c1de976ef966@group-6A4F9B95B0D2-LeaderElection69] INFO  server.RaftServerConfigKeys (ConfUtils.java:logGet(46)) - raft.server.write.byte-limit = 1024 M (=1073741824) (custom)
2022-06-19 13:08:48,878 [159ddede-8ddd-4508-a461-c1de976ef966@group-6A4F9B95B0D2-LeaderElection69] INFO  server.RaftServerConfigKeys (ConfUtils.java:logGet(46)) - raft.server.watch.timeout = 180s (custom)
2022-06-19 13:08:48,878 [159ddede-8ddd-4508-a461-c1de976ef966@group-6A4F9B95B0D2-LeaderElection69] INFO  server.RaftServerConfigKeys (ConfUtils.java:logGet(46)) - raft.server.watch.timeout.denomination = 1s (default)
2022-06-19 13:08:48,878 [159ddede-8ddd-4508-a461-c1de976ef966@group-6A4F9B95B0D2-LeaderElection69] INFO  server.RaftServerConfigKeys (ConfUtils.java:logGet(46)) - raft.server.watch.element-limit = 65536 (default)
2022-06-19 13:08:48,878 [159ddede-8ddd-4508-a461-c1de976ef966@group-6A4F9B95B0D2-LeaderElection69] INFO  server.RaftServerConfigKeys (ConfUtils.java:logGet(46)) - raft.server.write.element-limit = 1024 (custom)
2022-06-19 13:08:48,878 [159ddede-8ddd-4508-a461-c1de976ef966@group-6A4F9B95B0D2-LeaderElection69] INFO  server.RaftServerConfigKeys (ConfUtils.java:logGet(46)) - raft.server.write.follower.gap.ratio.max = -1.0 (default)
2022-06-19 13:08:48,879 [159ddede-8ddd-4508-a461-c1de976ef966@group-6A4F9B95B0D2-LeaderElection69] INFO  server.RaftServerConfigKeys (ConfUtils.java:logGet(46)) - raft.server.log.appender.snapshot.chunk.size.max = 16MB (=16777216) (default)
2022-06-19 13:08:48,879 [159ddede-8ddd-4508-a461-c1de976ef966@group-6A4F9B95B0D2-LeaderElection69] INFO  server.RaftServerConfigKeys (ConfUtils.java:logGet(46)) - raft.server.log.appender.buffer.byte-limit = 33554432 (custom)
2022-06-19 13:08:48,879 [159ddede-8ddd-4508-a461-c1de976ef966@group-6A4F9B95B0D2-LeaderElection69] INFO  server.RaftServerConfigKeys (ConfUtils.java:logGet(46)) - raft.server.log.appender.buffer.element-limit = 1 (custom)
2022-06-19 13:08:48,879 [159ddede-8ddd-4508-a461-c1de976ef966@group-6A4F9B95B0D2-LeaderElection69] INFO  grpc.GrpcConfigKeys (ConfUtils.java:logGet(46)) - raft.grpc.server.leader.outstanding.appends.max = 128 (default)
2022-06-19 13:08:48,879 [159ddede-8ddd-4508-a461-c1de976ef966@group-6A4F9B95B0D2-LeaderElection69] INFO  server.RaftServerConfigKeys (ConfUtils.java:logGet(46)) - raft.server.rpc.request.timeout = 60s (custom)
2022-06-19 13:08:48,879 [159ddede-8ddd-4508-a461-c1de976ef966@group-6A4F9B95B0D2-LeaderElection69] INFO  server.RaftServerConfigKeys (ConfUtils.java:logGet(46)) - raft.server.log.appender.install.snapshot.enabled = false (custom)
2022-06-19 13:08:48,880 [159ddede-8ddd-4508-a461-c1de976ef966@group-6A4F9B95B0D2-LeaderElection69] INFO  server.RaftServerConfigKeys (ConfUtils.java:logGet(46)) - raft.server.log.appender.snapshot.chunk.size.max = 16MB (=16777216) (default)
2022-06-19 13:08:48,880 [159ddede-8ddd-4508-a461-c1de976ef966@group-6A4F9B95B0D2-LeaderElection69] INFO  server.RaftServerConfigKeys (ConfUtils.java:logGet(46)) - raft.server.log.appender.buffer.byte-limit = 33554432 (custom)
2022-06-19 13:08:48,880 [159ddede-8ddd-4508-a461-c1de976ef966@group-6A4F9B95B0D2-LeaderElection69] INFO  server.RaftServerConfigKeys (ConfUtils.java:logGet(46)) - raft.server.log.appender.buffer.element-limit = 1 (custom)
2022-06-19 13:08:48,881 [159ddede-8ddd-4508-a461-c1de976ef966@group-6A4F9B95B0D2-LeaderElection69] INFO  grpc.GrpcConfigKeys (ConfUtils.java:logGet(46)) - raft.grpc.server.leader.outstanding.appends.max = 128 (default)
2022-06-19 13:08:48,881 [159ddede-8ddd-4508-a461-c1de976ef966@group-6A4F9B95B0D2-LeaderElection69] INFO  server.RaftServerConfigKeys (ConfUtils.java:logGet(46)) - raft.server.rpc.request.timeout = 60s (custom)
2022-06-19 13:08:48,881 [159ddede-8ddd-4508-a461-c1de976ef966@group-6A4F9B95B0D2-LeaderElection69] INFO  server.RaftServerConfigKeys (ConfUtils.java:logGet(46)) - raft.server.log.appender.install.snapshot.enabled = false (custom)
2022-06-19 13:08:48,881 [159ddede-8ddd-4508-a461-c1de976ef966@group-6A4F9B95B0D2-LeaderElection69] INFO  impl.RoleInfo (RoleInfo.java:updateAndGet(139)) - 159ddede-8ddd-4508-a461-c1de976ef966: start 159ddede-8ddd-4508-a461-c1de976ef966@group-6A4F9B95B0D2-LeaderStateImpl
2022-06-19 13:08:48,881 [159ddede-8ddd-4508-a461-c1de976ef966@group-6A4F9B95B0D2-LeaderElection69] INFO  segmented.SegmentedRaftLogWorker (SegmentedRaftLogWorker.java:startLogSegment(425)) - 159ddede-8ddd-4508-a461-c1de976ef966@group-6A4F9B95B0D2-SegmentedRaftLogWorker: Starting segment from index:0
2022-06-19 13:08:48,883 [159ddede-8ddd-4508-a461-c1de976ef966@group-6A4F9B95B0D2-SegmentedRaftLogWorker] INFO  segmented.SegmentedRaftLogWorker (SegmentedRaftLogWorker.java:execute(629)) - 159ddede-8ddd-4508-a461-c1de976ef966@group-6A4F9B95B0D2-SegmentedRaftLogWorker: created new log segment /home/runner/work/ozone/ozone/hadoop-ozone/integration-test/target/test-dir/MiniOzoneClusterImpl-c742643d-ef9b-4334-85a5-eeb69d8d8f7b/datanode-0/data/ratis/6375d9fd-34cf-4c3b-a2a6-6a4f9b95b0d2/current/log_inprogress_0
2022-06-19 13:08:48,883 [EventQueue-PipelineReportForPipelineReportHandler] INFO  pipeline.PipelineManagerImpl (PipelineManagerImpl.java:openPipeline(356)) - Pipeline Pipeline[ Id: 6375d9fd-34cf-4c3b-a2a6-6a4f9b95b0d2, Nodes: 159ddede-8ddd-4508-a461-c1de976ef966{ip: 10.1.0.4, host: fv-az58-449.32bp4kehjaiexiom31oljkjdjg.cx.internal.cloudapp.net, ports: [REPLICATION=35087, RATIS=35015, RATIS_ADMIN=35015, RATIS_SERVER=35015, STANDALONE=36739], networkLocation: /default-rack, certSerialId: null, persistedOpState: IN_SERVICE, persistedOpStateExpiryEpochSec: 0}eb4bc65c-b727-4ac3-a516-6687464fc4a1{ip: 10.1.0.4, host: fv-az58-449.32bp4kehjaiexiom31oljkjdjg.cx.internal.cloudapp.net, ports: [REPLICATION=32997, RATIS=33363, RATIS_ADMIN=33363, RATIS_SERVER=33363, STANDALONE=33097], networkLocation: /default-rack, certSerialId: null, persistedOpState: IN_SERVICE, persistedOpStateExpiryEpochSec: 0}001c296a-5799-42a4-87a9-6a5b930e2f27{ip: 10.1.0.4, host: fv-az58-449.32bp4kehjaiexiom31oljkjdjg.cx.internal.cloudapp.net, ports: [REPLICATION=44057, RATIS=45007, RATIS_ADMIN=45007, RATIS_SERVER=45007, STANDALONE=42551], networkLocation: /default-rack, certSerialId: null, persistedOpState: IN_SERVICE, persistedOpStateExpiryEpochSec: 0}, ReplicationConfig: RATIS/THREE, State:ALLOCATED, leaderId:159ddede-8ddd-4508-a461-c1de976ef966, CreationTimestamp2022-06-19T13:08:42.301Z[Etc/UTC]] moved to OPEN state
2022-06-19 13:08:48,884 [EventQueue-OpenPipelineForHealthyPipelineSafeModeRule] INFO  safemode.SCMSafeModeManager (HealthyPipelineSafeModeRule.java:process(124)) - SCM in safe mode. Healthy pipelines reported count is 1, required healthy pipeline reported count is 1
2022-06-19 13:08:48,884 [EventQueue-OpenPipelineForHealthyPipelineSafeModeRule] INFO  safemode.SCMSafeModeManager (SCMSafeModeManager.java:validateSafeModeExitRules(204)) - HealthyPipelineSafeModeRule rule is successfully validated
2022-06-19 13:08:48,884 [EventQueue-OpenPipelineForHealthyPipelineSafeModeRule] INFO  safemode.SCMSafeModeManager (SCMSafeModeManager.java:validateSafeModeExitRules(219)) - ScmSafeModeManager, all rules are successfully validated
2022-06-19 13:08:48,884 [EventQueue-OpenPipelineForHealthyPipelineSafeModeRule] INFO  safemode.SCMSafeModeManager (SCMSafeModeManager.java:exitSafeMode(248)) - SCM exiting safe mode.
2022-06-19 13:08:48,884 [EventQueue-OpenPipelineForHealthyPipelineSafeModeRule] WARN  events.EventQueue (EventQueue.java:fireEvent(194)) - No event handler registered for event TypedEvent{payloadType=SafeModeStatus, name='Safe mode status'}
2022-06-19 13:08:48,884 [EventQueue-OpenPipelineForHealthyPipelineSafeModeRule] INFO  ha.SCMContext (SCMContext.java:updateSafeModeStatus(228)) - Update SafeModeStatus from SafeModeStatus{safeModeStatus=true, preCheckPassed=true} to SafeModeStatus{safeModeStatus=false, preCheckPassed=true}.
2022-06-19 13:08:48,884 [EventQueue-OpenPipelineForHealthyPipelineSafeModeRule] INFO  pipeline.BackgroundPipelineCreator (BackgroundPipelineCreator.java:notifyStatusChanged(251)) - Service BackgroundPipelineCreator transitions to RUNNING.
2022-06-19 13:08:48,884 [EventQueue-OpenPipelineForHealthyPipelineSafeModeRule] INFO  BackgroundPipelineScrubber (BackgroundSCMService.java:notifyStatusChanged(82)) - Service BackgroundPipelineScrubber transitions to RUNNING.
2022-06-19 13:08:48,884 [EventQueue-OpenPipelineForHealthyPipelineSafeModeRule] INFO  ExpiredContainerReplicaOpScrubber (BackgroundSCMService.java:notifyStatusChanged(82)) - Service ExpiredContainerReplicaOpScrubber transitions to RUNNING.
2022-06-19 13:08:48,884 [EventQueue-OpenPipelineForHealthyPipelineSafeModeRule] INFO  replication.ReplicationManager (ReplicationManager.java:notifyStatusChanged(372)) - Service ReplicationManager transitions to RUNNING.
2022-06-19 13:08:48,884 [EventQueue-OpenPipelineForHealthyPipelineSafeModeRule] WARN  balancer.ContainerBalancer (ContainerBalancer.java:shouldRun(875)) - Could not find persisted configuration for ContainerBalancer when checking if ContainerBalancer should run. ContainerBalancer should not run now.
2022-06-19 13:08:48,890 [159ddede-8ddd-4508-a461-c1de976ef966@group-6A4F9B95B0D2-LeaderElection69] INFO  server.RaftServer$Division (ServerState.java:setRaftConf(393)) - 159ddede-8ddd-4508-a461-c1de976ef966@group-6A4F9B95B0D2: set configuration 0: [eb4bc65c-b727-4ac3-a516-6687464fc4a1|rpc:10.1.0.4:33363|dataStream:|priority:0, 001c296a-5799-42a4-87a9-6a5b930e2f27|rpc:10.1.0.4:45007|dataStream:|priority:0, 159ddede-8ddd-4508-a461-c1de976ef966|rpc:10.1.0.4:35015|dataStream:|priority:1], old=null
2022-06-19 13:08:48,925 [eb4bc65c-b727-4ac3-a516-6687464fc4a1-server-thread1] INFO  ratis.XceiverServerRatis (XceiverServerRatis.java:handleLeaderChangedNotification(863)) - Leader change notification received for group: group-6A4F9B95B0D2 with new leaderId: 159ddede-8ddd-4508-a461-c1de976ef966
2022-06-19 13:08:48,925 [eb4bc65c-b727-4ac3-a516-6687464fc4a1-server-thread1] INFO  server.RaftServer$Division (ServerState.java:setLeader(287)) - eb4bc65c-b727-4ac3-a516-6687464fc4a1@group-6A4F9B95B0D2: change Leader from null to 159ddede-8ddd-4508-a461-c1de976ef966 at term 1 for appendEntries, leader elected after 5097ms
2022-06-19 13:08:48,981 [001c296a-5799-42a4-87a9-6a5b930e2f27-server-thread1] INFO  ratis.XceiverServerRatis (XceiverServerRatis.java:handleLeaderChangedNotification(863)) - Leader change notification received for group: group-6A4F9B95B0D2 with new leaderId: 159ddede-8ddd-4508-a461-c1de976ef966
2022-06-19 13:08:48,981 [001c296a-5799-42a4-87a9-6a5b930e2f27-server-thread1] INFO  server.RaftServer$Division (ServerState.java:setLeader(287)) - 001c296a-5799-42a4-87a9-6a5b930e2f27@group-6A4F9B95B0D2: change Leader from null to 159ddede-8ddd-4508-a461-c1de976ef966 at term 1 for appendEntries, leader elected after 4917ms
2022-06-19 13:08:48,994 [eb4bc65c-b727-4ac3-a516-6687464fc4a1-server-thread2] INFO  server.RaftServer$Division (ServerState.java:setRaftConf(393)) - eb4bc65c-b727-4ac3-a516-6687464fc4a1@group-6A4F9B95B0D2: set configuration 0: [eb4bc65c-b727-4ac3-a516-6687464fc4a1|rpc:10.1.0.4:33363|dataStream:|priority:0, 001c296a-5799-42a4-87a9-6a5b930e2f27|rpc:10.1.0.4:45007|dataStream:|priority:0, 159ddede-8ddd-4508-a461-c1de976ef966|rpc:10.1.0.4:35015|dataStream:|priority:1], old=null
2022-06-19 13:08:48,995 [eb4bc65c-b727-4ac3-a516-6687464fc4a1-server-thread2] INFO  segmented.SegmentedRaftLogWorker (SegmentedRaftLogWorker.java:startLogSegment(425)) - eb4bc65c-b727-4ac3-a516-6687464fc4a1@group-6A4F9B95B0D2-SegmentedRaftLogWorker: Starting segment from index:0
2022-06-19 13:08:48,995 [001c296a-5799-42a4-87a9-6a5b930e2f27-server-thread1] INFO  server.RaftServer$Division (ServerState.java:setRaftConf(393)) - 001c296a-5799-42a4-87a9-6a5b930e2f27@group-6A4F9B95B0D2: set configuration 0: [eb4bc65c-b727-4ac3-a516-6687464fc4a1|rpc:10.1.0.4:33363|dataStream:|priority:0, 001c296a-5799-42a4-87a9-6a5b930e2f27|rpc:10.1.0.4:45007|dataStream:|priority:0, 159ddede-8ddd-4508-a461-c1de976ef966|rpc:10.1.0.4:35015|dataStream:|priority:1], old=null
2022-06-19 13:08:48,995 [001c296a-5799-42a4-87a9-6a5b930e2f27-server-thread1] INFO  segmented.SegmentedRaftLogWorker (SegmentedRaftLogWorker.java:startLogSegment(425)) - 001c296a-5799-42a4-87a9-6a5b930e2f27@group-6A4F9B95B0D2-SegmentedRaftLogWorker: Starting segment from index:0
2022-06-19 13:08:49,002 [001c296a-5799-42a4-87a9-6a5b930e2f27@group-6A4F9B95B0D2-SegmentedRaftLogWorker] INFO  segmented.SegmentedRaftLogWorker (SegmentedRaftLogWorker.java:execute(629)) - 001c296a-5799-42a4-87a9-6a5b930e2f27@group-6A4F9B95B0D2-SegmentedRaftLogWorker: created new log segment /home/runner/work/ozone/ozone/hadoop-ozone/integration-test/target/test-dir/MiniOzoneClusterImpl-c742643d-ef9b-4334-85a5-eeb69d8d8f7b/datanode-1/data/ratis/6375d9fd-34cf-4c3b-a2a6-6a4f9b95b0d2/current/log_inprogress_0
2022-06-19 13:08:49,002 [eb4bc65c-b727-4ac3-a516-6687464fc4a1@group-6A4F9B95B0D2-SegmentedRaftLogWorker] INFO  segmented.SegmentedRaftLogWorker (SegmentedRaftLogWorker.java:execute(629)) - eb4bc65c-b727-4ac3-a516-6687464fc4a1@group-6A4F9B95B0D2-SegmentedRaftLogWorker: created new log segment /home/runner/work/ozone/ozone/hadoop-ozone/integration-test/target/test-dir/MiniOzoneClusterImpl-c742643d-ef9b-4334-85a5-eeb69d8d8f7b/datanode-2/data/ratis/6375d9fd-34cf-4c3b-a2a6-6a4f9b95b0d2/current/log_inprogress_0
2022-06-19 13:08:49,051 [001c296a-5799-42a4-87a9-6a5b930e2f27@group-491EA2610A30-FollowerState] INFO  impl.FollowerState (FollowerState.java:run(143)) - 001c296a-5799-42a4-87a9-6a5b930e2f27@group-491EA2610A30-FollowerState: change to CANDIDATE, lastRpcElapsedTime:5080621648ns, electionTimeout:5051ms
2022-06-19 13:08:49,052 [001c296a-5799-42a4-87a9-6a5b930e2f27@group-491EA2610A30-FollowerState] INFO  impl.RoleInfo (RoleInfo.java:shutdownFollowerState(110)) - 001c296a-5799-42a4-87a9-6a5b930e2f27: shutdown 001c296a-5799-42a4-87a9-6a5b930e2f27@group-491EA2610A30-FollowerState
2022-06-19 13:08:49,052 [001c296a-5799-42a4-87a9-6a5b930e2f27@group-491EA2610A30-FollowerState] INFO  server.RaftServer$Division (RaftServerImpl.java:setRole(299)) - 001c296a-5799-42a4-87a9-6a5b930e2f27@group-491EA2610A30: changes role from  FOLLOWER to CANDIDATE at term 0 for changeToCandidate
2022-06-19 13:08:49,052 [001c296a-5799-42a4-87a9-6a5b930e2f27@group-491EA2610A30-FollowerState] INFO  server.RaftServerConfigKeys (ConfUtils.java:logGet(46)) - raft.server.leaderelection.pre-vote = false (custom)
2022-06-19 13:08:49,052 [001c296a-5799-42a4-87a9-6a5b930e2f27@group-491EA2610A30-FollowerState] INFO  impl.RoleInfo (RoleInfo.java:updateAndGet(139)) - 001c296a-5799-42a4-87a9-6a5b930e2f27: start 001c296a-5799-42a4-87a9-6a5b930e2f27@group-491EA2610A30-LeaderElection70
2022-06-19 13:08:49,095 [001c296a-5799-42a4-87a9-6a5b930e2f27@group-491EA2610A30-LeaderElection70] INFO  impl.LeaderElection (LeaderElection.java:askForVotes(310)) - 001c296a-5799-42a4-87a9-6a5b930e2f27@group-491EA2610A30-LeaderElection70 ELECTION round 0: submit vote requests at term 1 for -1: [001c296a-5799-42a4-87a9-6a5b930e2f27|rpc:10.1.0.4:45007|priority:1], old=null
2022-06-19 13:08:49,095 [001c296a-5799-42a4-87a9-6a5b930e2f27@group-491EA2610A30-LeaderElection70] INFO  impl.LeaderElection (LeaderElection.java:askForVotes(312)) - 001c296a-5799-42a4-87a9-6a5b930e2f27@group-491EA2610A30-LeaderElection70 ELECTION round 0: result PASSED (term=1)
2022-06-19 13:08:49,095 [001c296a-5799-42a4-87a9-6a5b930e2f27@group-491EA2610A30-LeaderElection70] INFO  impl.RoleInfo (RoleInfo.java:shutdownLeaderElection(130)) - 001c296a-5799-42a4-87a9-6a5b930e2f27: shutdown 001c296a-5799-42a4-87a9-6a5b930e2f27@group-491EA2610A30-LeaderElection70
2022-06-19 13:08:49,095 [001c296a-5799-42a4-87a9-6a5b930e2f27@group-491EA2610A30-LeaderElection70] INFO  server.RaftServer$Division (RaftServerImpl.java:setRole(299)) - 001c296a-5799-42a4-87a9-6a5b930e2f27@group-491EA2610A30: changes role from CANDIDATE to LEADER at term 1 for changeToLeader
2022-06-19 13:08:49,095 [001c296a-5799-42a4-87a9-6a5b930e2f27@group-491EA2610A30-LeaderElection70] INFO  ratis.XceiverServerRatis (XceiverServerRatis.java:handleLeaderChangedNotification(863)) - Leader change notification received for group: group-491EA2610A30 with new leaderId: 001c296a-5799-42a4-87a9-6a5b930e2f27
2022-06-19 13:08:49,095 [001c296a-5799-42a4-87a9-6a5b930e2f27@group-491EA2610A30-LeaderElection70] INFO  server.RaftServer$Division (ServerState.java:setLeader(287)) - 001c296a-5799-42a4-87a9-6a5b930e2f27@group-491EA2610A30: change Leader from null to 001c296a-5799-42a4-87a9-6a5b930e2f27 at term 1 for becomeLeader, leader elected after 5260ms
2022-06-19 13:08:49,095 [001c296a-5799-42a4-87a9-6a5b930e2f27@group-491EA2610A30-LeaderElection70] INFO  server.RaftServerConfigKeys (ConfUtils.java:logGet(46)) - raft.server.staging.catchup.gap = 1000 (default)
2022-06-19 13:08:49,095 [001c296a-5799-42a4-87a9-6a5b930e2f27@group-491EA2610A30-LeaderElection70] INFO  server.RaftServerConfigKeys (ConfUtils.java:logGet(46)) - raft.server.write.element-limit = 1024 (custom)
2022-06-19 13:08:49,095 [001c296a-5799-42a4-87a9-6a5b930e2f27@group-491EA2610A30-LeaderElection70] INFO  server.RaftServerConfigKeys (ConfUtils.java:logGet(46)) - raft.server.write.byte-limit = 1024 M (=1073741824) (custom)
2022-06-19 13:08:49,096 [001c296a-5799-42a4-87a9-6a5b930e2f27@group-491EA2610A30-LeaderElection70] INFO  server.RaftServerConfigKeys (ConfUtils.java:logGet(46)) - raft.server.watch.timeout = 180s (custom)
2022-06-19 13:08:49,096 [001c296a-5799-42a4-87a9-6a5b930e2f27@group-491EA2610A30-LeaderElection70] INFO  server.RaftServerConfigKeys (ConfUtils.java:logGet(46)) - raft.server.watch.timeout.denomination = 1s (default)
2022-06-19 13:08:49,096 [001c296a-5799-42a4-87a9-6a5b930e2f27@group-491EA2610A30-LeaderElection70] INFO  server.RaftServerConfigKeys (ConfUtils.java:logGet(46)) - raft.server.watch.element-limit = 65536 (default)
2022-06-19 13:08:49,096 [001c296a-5799-42a4-87a9-6a5b930e2f27@group-491EA2610A30-LeaderElection70] INFO  server.RaftServerConfigKeys (ConfUtils.java:logGet(46)) - raft.server.write.element-limit = 1024 (custom)
2022-06-19 13:08:49,096 [001c296a-5799-42a4-87a9-6a5b930e2f27@group-491EA2610A30-LeaderElection70] INFO  server.RaftServerConfigKeys (ConfUtils.java:logGet(46)) - raft.server.write.follower.gap.ratio.max = -1.0 (default)
2022-06-19 13:08:49,096 [001c296a-5799-42a4-87a9-6a5b930e2f27@group-491EA2610A30-LeaderElection70] INFO  impl.RoleInfo (RoleInfo.java:updateAndGet(139)) - 001c296a-5799-42a4-87a9-6a5b930e2f27: start 001c296a-5799-42a4-87a9-6a5b930e2f27@group-491EA2610A30-LeaderStateImpl
2022-06-19 13:08:49,096 [001c296a-5799-42a4-87a9-6a5b930e2f27@group-491EA2610A30-LeaderElection70] INFO  segmented.SegmentedRaftLogWorker (SegmentedRaftLogWorker.java:startLogSegment(425)) - 001c296a-5799-42a4-87a9-6a5b930e2f27@group-491EA2610A30-SegmentedRaftLogWorker: Starting segment from index:0
2022-06-19 13:08:49,098 [001c296a-5799-42a4-87a9-6a5b930e2f27@group-491EA2610A30-SegmentedRaftLogWorker] INFO  segmented.SegmentedRaftLogWorker (SegmentedRaftLogWorker.java:execute(629)) - 001c296a-5799-42a4-87a9-6a5b930e2f27@group-491EA2610A30-SegmentedRaftLogWorker: created new log segment /home/runner/work/ozone/ozone/hadoop-ozone/integration-test/target/test-dir/MiniOzoneClusterImpl-c742643d-ef9b-4334-85a5-eeb69d8d8f7b/datanode-1/data/ratis/708ba746-ad97-4c41-baeb-491ea2610a30/current/log_inprogress_0
2022-06-19 13:08:49,117 [001c296a-5799-42a4-87a9-6a5b930e2f27@group-491EA2610A30-LeaderElection70] INFO  server.RaftServer$Division (ServerState.java:setRaftConf(393)) - 001c296a-5799-42a4-87a9-6a5b930e2f27@group-491EA2610A30: set configuration 0: [001c296a-5799-42a4-87a9-6a5b930e2f27|rpc:10.1.0.4:45007|dataStream:|priority:1], old=null
2022-06-19 13:08:49,379 [Listener at 127.0.0.1/38405] INFO  ozone.MiniOzoneClusterImpl (MiniOzoneClusterImpl.java:lambda$waitForClusterToBeReady$0(221)) - Nodes are ready. Got 5 of 5 DN Heartbeats.
2022-06-19 13:08:49,379 [Listener at 127.0.0.1/38405] INFO  ozone.MiniOzoneClusterImpl (MiniOzoneClusterImpl.java:lambda$waitForClusterToBeReady$0(224)) - Cluster exits safe mode
2022-06-19 13:08:49,379 [Listener at 127.0.0.1/38405] INFO  ozone.MiniOzoneClusterImpl (MiniOzoneClusterImpl.java:lambda$waitForClusterToBeReady$0(226)) - SCM became leader
2022-06-19 13:08:49,614 [Listener at 127.0.0.1/38405] INFO  rpc.RpcClient (RpcClient.java:createVolume(466)) - Creating Volume: volume84440, with user80391 as owner and space quota set to -1 bytes, counts quota set to -1
2022-06-19 13:08:49,620 [IPC Server handler 5 on default port 38405] INFO  volume.OMVolumeCreateRequest (OMVolumeCreateRequest.java:validateAndUpdateCache(195)) - created volume:volume84440 for user:user80391
2022-06-19 13:08:49,641 [Listener at 127.0.0.1/38405] INFO  rpc.RpcClient (RpcClient.java:createBucket(666)) - Creating Bucket: volume84440/bucket08814, with the Bucket Layout LEGACY, runner as owner, Versioning false, Storage Type set to DISK and Encryption set to false 
2022-06-19 13:08:49,653 [IPC Server handler 2 on default port 38405] INFO  bucket.OMBucketCreateRequest (OMBucketCreateRequest.java:validateAndUpdateCache(260)) - created bucket: bucket08814 of layout LEGACY in volume: volume84440
]]></system-out>
  </testcase>
  <testcase name="testSeekOnFileLength" classname="TestOzoneFileSystem" time="0.731">
    <system-out><![CDATA[2022-06-19 13:05:01,577 [IPC Server handler 0 on default port 34337] INFO  ha.SequenceIdGenerator (SequenceIdGenerator.java:getNextId(127)) - Allocate a batch for containerId, change lastId from 0 to 1000.
2022-06-19 13:05:01,587 [IPC Server handler 0 on default port 34337] WARN  ha.SequenceIdGenerator (SequenceIdGenerator.java:allocateBatch(235)) - Failed to allocate a batch for localId, expected lastId is 0, actual lastId is 109611004723200000.
2022-06-19 13:05:01,587 [IPC Server handler 0 on default port 34337] INFO  ha.SequenceIdGenerator (SequenceIdGenerator.java:getNextId(127)) - Allocate a batch for localId, change lastId from 109611004723200000 to 109611004723201000.
2022-06-19 13:05:01,658 [Time-limited test] INFO  impl.MetricsSystemImpl (MetricsSystemImpl.java:init(158)) - XceiverClientMetrics metrics system started (again)
13:05:02.232 [IPC Server handler 4 on default port 33959] ERROR OMAudit - user=runner | ip=127.0.0.1 | op=LOOKUP_FILE {volume=volume58940, bucket=bucket47939, key=file_notexist, dataSize=0, replicationConfig=null} | ret=FAILURE
org.apache.hadoop.ozone.om.exceptions.OMException: Unable to get file status: volume: volume58940 bucket: bucket47939 key: file_notexist
	at org.apache.hadoop.ozone.om.KeyManagerImpl.getOzoneFileStatus(KeyManagerImpl.java:1283) ~[ozone-manager-1.3.0-SNAPSHOT.jar:?]
	at org.apache.hadoop.ozone.om.KeyManagerImpl.lookupFile(KeyManagerImpl.java:1395) ~[ozone-manager-1.3.0-SNAPSHOT.jar:?]
	at org.apache.hadoop.ozone.om.OzoneManager.lookupFile(OzoneManager.java:3457) ~[ozone-manager-1.3.0-SNAPSHOT.jar:?]
	at org.apache.hadoop.ozone.protocolPB.OzoneManagerRequestHandler.lookupFile(OzoneManagerRequestHandler.java:951) ~[ozone-manager-1.3.0-SNAPSHOT.jar:?]
	at org.apache.hadoop.ozone.protocolPB.OzoneManagerRequestHandler.handleReadRequest(OzoneManagerRequestHandler.java:223) ~[ozone-manager-1.3.0-SNAPSHOT.jar:?]
	at org.apache.hadoop.ozone.protocolPB.OzoneManagerProtocolServerSideTranslatorPB.submitReadRequestToOM(OzoneManagerProtocolServerSideTranslatorPB.java:225) ~[ozone-manager-1.3.0-SNAPSHOT.jar:?]
	at org.apache.hadoop.ozone.protocolPB.OzoneManagerProtocolServerSideTranslatorPB.processRequest(OzoneManagerProtocolServerSideTranslatorPB.java:175) ~[ozone-manager-1.3.0-SNAPSHOT.jar:?]
	at org.apache.hadoop.hdds.server.OzoneProtocolMessageDispatcher.processRequest(OzoneProtocolMessageDispatcher.java:87) [hdds-server-framework-1.3.0-SNAPSHOT.jar:?]
	at org.apache.hadoop.ozone.protocolPB.OzoneManagerProtocolServerSideTranslatorPB.submitRequest(OzoneManagerProtocolServerSideTranslatorPB.java:147) [ozone-manager-1.3.0-SNAPSHOT.jar:?]
	at org.apache.hadoop.ozone.protocol.proto.OzoneManagerProtocolProtos$OzoneManagerService$2.callBlockingMethod(OzoneManagerProtocolProtos.java) [ozone-interface-client-1.3.0-SNAPSHOT.jar:?]
	at org.apache.hadoop.ipc.ProtobufRpcEngine$Server.processCall(ProtobufRpcEngine.java:466) [hadoop-common-3.3.1.jar:?]
	at org.apache.hadoop.ipc.ProtobufRpcEngine2$Server$ProtoBufRpcInvoker.call(ProtobufRpcEngine2.java:574) [hadoop-common-3.3.1.jar:?]
	at org.apache.hadoop.ipc.ProtobufRpcEngine2$Server$ProtoBufRpcInvoker.call(ProtobufRpcEngine2.java:552) [hadoop-common-3.3.1.jar:?]
	at org.apache.hadoop.ipc.RPC$Server.call(RPC.java:1093) [hadoop-common-3.3.1.jar:?]
	at org.apache.hadoop.ipc.Server$RpcCall.run(Server.java:1035) [hadoop-common-3.3.1.jar:?]
	at org.apache.hadoop.ipc.Server$RpcCall.run(Server.java:963) [hadoop-common-3.3.1.jar:?]
	at java.security.AccessController.doPrivileged(Native Method) ~[?:1.8.0_332]
	at javax.security.auth.Subject.doAs(Subject.java:422) [?:1.8.0_332]
	at org.apache.hadoop.security.UserGroupInformation.doAs(UserGroupInformation.java:1878) [hadoop-common-3.3.1.jar:?]
	at org.apache.hadoop.ipc.Server$Handler.run(Server.java:2966) [hadoop-common-3.3.1.jar:?]
]]></system-out>
  </testcase>
  <testcase name="testSeekOnFileLength" classname="TestOzoneFileSystem" time="0.485">
    <system-out><![CDATA[2022-06-19 13:06:20,211 [IPC Server handler 0 on default port 33057] INFO  ha.SequenceIdGenerator (SequenceIdGenerator.java:getNextId(127)) - Allocate a batch for containerId, change lastId from 0 to 1000.
2022-06-19 13:06:20,212 [IPC Server handler 0 on default port 33057] WARN  ha.SequenceIdGenerator (SequenceIdGenerator.java:allocateBatch(235)) - Failed to allocate a batch for localId, expected lastId is 0, actual lastId is 109611004723200000.
2022-06-19 13:06:20,212 [IPC Server handler 0 on default port 33057] INFO  ha.SequenceIdGenerator (SequenceIdGenerator.java:getNextId(127)) - Allocate a batch for localId, change lastId from 109611004723200000 to 109611004723201000.
13:06:20.663 [IPC Server handler 10 on default port 45241] ERROR OMAudit - user=runner | ip=127.0.0.1 | op=LOOKUP_FILE {volume=volume87664, bucket=bucket74908, key=file_notexist, dataSize=0, replicationConfig=null} | ret=FAILURE
org.apache.hadoop.ozone.om.exceptions.OMException: Unable to get file status: volume: volume87664 bucket: bucket74908 key: file_notexist
	at org.apache.hadoop.ozone.om.KeyManagerImpl.getOzoneFileStatus(KeyManagerImpl.java:1283) ~[ozone-manager-1.3.0-SNAPSHOT.jar:?]
	at org.apache.hadoop.ozone.om.KeyManagerImpl.lookupFile(KeyManagerImpl.java:1395) ~[ozone-manager-1.3.0-SNAPSHOT.jar:?]
	at org.apache.hadoop.ozone.om.OzoneManager.lookupFile(OzoneManager.java:3457) ~[ozone-manager-1.3.0-SNAPSHOT.jar:?]
	at org.apache.hadoop.ozone.protocolPB.OzoneManagerRequestHandler.lookupFile(OzoneManagerRequestHandler.java:951) ~[ozone-manager-1.3.0-SNAPSHOT.jar:?]
	at org.apache.hadoop.ozone.protocolPB.OzoneManagerRequestHandler.handleReadRequest(OzoneManagerRequestHandler.java:223) ~[ozone-manager-1.3.0-SNAPSHOT.jar:?]
	at org.apache.hadoop.ozone.protocolPB.OzoneManagerProtocolServerSideTranslatorPB.submitRequestDirectlyToOM(OzoneManagerProtocolServerSideTranslatorPB.java:284) ~[ozone-manager-1.3.0-SNAPSHOT.jar:?]
	at org.apache.hadoop.ozone.protocolPB.OzoneManagerProtocolServerSideTranslatorPB.processRequest(OzoneManagerProtocolServerSideTranslatorPB.java:207) ~[ozone-manager-1.3.0-SNAPSHOT.jar:?]
	at org.apache.hadoop.hdds.server.OzoneProtocolMessageDispatcher.processRequest(OzoneProtocolMessageDispatcher.java:87) [hdds-server-framework-1.3.0-SNAPSHOT.jar:?]
	at org.apache.hadoop.ozone.protocolPB.OzoneManagerProtocolServerSideTranslatorPB.submitRequest(OzoneManagerProtocolServerSideTranslatorPB.java:147) [ozone-manager-1.3.0-SNAPSHOT.jar:?]
	at org.apache.hadoop.ozone.protocol.proto.OzoneManagerProtocolProtos$OzoneManagerService$2.callBlockingMethod(OzoneManagerProtocolProtos.java) [ozone-interface-client-1.3.0-SNAPSHOT.jar:?]
	at org.apache.hadoop.ipc.ProtobufRpcEngine$Server.processCall(ProtobufRpcEngine.java:466) [hadoop-common-3.3.1.jar:?]
	at org.apache.hadoop.ipc.ProtobufRpcEngine2$Server$ProtoBufRpcInvoker.call(ProtobufRpcEngine2.java:574) [hadoop-common-3.3.1.jar:?]
	at org.apache.hadoop.ipc.ProtobufRpcEngine2$Server$ProtoBufRpcInvoker.call(ProtobufRpcEngine2.java:552) [hadoop-common-3.3.1.jar:?]
	at org.apache.hadoop.ipc.RPC$Server.call(RPC.java:1093) [hadoop-common-3.3.1.jar:?]
	at org.apache.hadoop.ipc.Server$RpcCall.run(Server.java:1035) [hadoop-common-3.3.1.jar:?]
	at org.apache.hadoop.ipc.Server$RpcCall.run(Server.java:963) [hadoop-common-3.3.1.jar:?]
	at java.security.AccessController.doPrivileged(Native Method) ~[?:1.8.0_332]
	at javax.security.auth.Subject.doAs(Subject.java:422) [?:1.8.0_332]
	at org.apache.hadoop.security.UserGroupInformation.doAs(UserGroupInformation.java:1878) [hadoop-common-3.3.1.jar:?]
	at org.apache.hadoop.ipc.Server$Handler.run(Server.java:2966) [hadoop-common-3.3.1.jar:?]
]]></system-out>
  </testcase>
  <testcase name="testSeekOnFileLength" classname="TestOzoneFileSystem" time="0.569">
    <system-out><![CDATA[2022-06-19 13:07:35,183 [IPC Server handler 5 on default port 43127] INFO  ha.SequenceIdGenerator (SequenceIdGenerator.java:getNextId(127)) - Allocate a batch for containerId, change lastId from 0 to 1000.
2022-06-19 13:07:35,183 [IPC Server handler 5 on default port 43127] WARN  ha.SequenceIdGenerator (SequenceIdGenerator.java:allocateBatch(235)) - Failed to allocate a batch for localId, expected lastId is 0, actual lastId is 109611004723200000.
2022-06-19 13:07:35,183 [IPC Server handler 5 on default port 43127] INFO  ha.SequenceIdGenerator (SequenceIdGenerator.java:getNextId(127)) - Allocate a batch for localId, change lastId from 109611004723200000 to 109611004723201000.
13:07:35.719 [IPC Server handler 1 on default port 41441] ERROR OMAudit - user=runner | ip=127.0.0.1 | op=LOOKUP_FILE {volume=volume07034, bucket=bucket87468, key=file_notexist, dataSize=0, replicationConfig=null} | ret=FAILURE
org.apache.hadoop.ozone.om.exceptions.OMException: Unable to get file status: volume: volume07034 bucket: bucket87468 key: file_notexist
	at org.apache.hadoop.ozone.om.KeyManagerImpl.getOzoneFileStatus(KeyManagerImpl.java:1283) ~[ozone-manager-1.3.0-SNAPSHOT.jar:?]
	at org.apache.hadoop.ozone.om.KeyManagerImpl.lookupFile(KeyManagerImpl.java:1395) ~[ozone-manager-1.3.0-SNAPSHOT.jar:?]
	at org.apache.hadoop.ozone.om.OzoneManager.lookupFile(OzoneManager.java:3457) ~[ozone-manager-1.3.0-SNAPSHOT.jar:?]
	at org.apache.hadoop.ozone.protocolPB.OzoneManagerRequestHandler.lookupFile(OzoneManagerRequestHandler.java:951) ~[ozone-manager-1.3.0-SNAPSHOT.jar:?]
	at org.apache.hadoop.ozone.protocolPB.OzoneManagerRequestHandler.handleReadRequest(OzoneManagerRequestHandler.java:223) ~[ozone-manager-1.3.0-SNAPSHOT.jar:?]
	at org.apache.hadoop.ozone.protocolPB.OzoneManagerProtocolServerSideTranslatorPB.submitReadRequestToOM(OzoneManagerProtocolServerSideTranslatorPB.java:225) ~[ozone-manager-1.3.0-SNAPSHOT.jar:?]
	at org.apache.hadoop.ozone.protocolPB.OzoneManagerProtocolServerSideTranslatorPB.processRequest(OzoneManagerProtocolServerSideTranslatorPB.java:175) ~[ozone-manager-1.3.0-SNAPSHOT.jar:?]
	at org.apache.hadoop.hdds.server.OzoneProtocolMessageDispatcher.processRequest(OzoneProtocolMessageDispatcher.java:87) [hdds-server-framework-1.3.0-SNAPSHOT.jar:?]
	at org.apache.hadoop.ozone.protocolPB.OzoneManagerProtocolServerSideTranslatorPB.submitRequest(OzoneManagerProtocolServerSideTranslatorPB.java:147) [ozone-manager-1.3.0-SNAPSHOT.jar:?]
	at org.apache.hadoop.ozone.protocol.proto.OzoneManagerProtocolProtos$OzoneManagerService$2.callBlockingMethod(OzoneManagerProtocolProtos.java) [ozone-interface-client-1.3.0-SNAPSHOT.jar:?]
	at org.apache.hadoop.ipc.ProtobufRpcEngine$Server.processCall(ProtobufRpcEngine.java:466) [hadoop-common-3.3.1.jar:?]
	at org.apache.hadoop.ipc.ProtobufRpcEngine2$Server$ProtoBufRpcInvoker.call(ProtobufRpcEngine2.java:574) [hadoop-common-3.3.1.jar:?]
	at org.apache.hadoop.ipc.ProtobufRpcEngine2$Server$ProtoBufRpcInvoker.call(ProtobufRpcEngine2.java:552) [hadoop-common-3.3.1.jar:?]
	at org.apache.hadoop.ipc.RPC$Server.call(RPC.java:1093) [hadoop-common-3.3.1.jar:?]
	at org.apache.hadoop.ipc.Server$RpcCall.run(Server.java:1035) [hadoop-common-3.3.1.jar:?]
	at org.apache.hadoop.ipc.Server$RpcCall.run(Server.java:963) [hadoop-common-3.3.1.jar:?]
	at java.security.AccessController.doPrivileged(Native Method) ~[?:1.8.0_332]
	at javax.security.auth.Subject.doAs(Subject.java:422) [?:1.8.0_332]
	at org.apache.hadoop.security.UserGroupInformation.doAs(UserGroupInformation.java:1878) [hadoop-common-3.3.1.jar:?]
	at org.apache.hadoop.ipc.Server$Handler.run(Server.java:2966) [hadoop-common-3.3.1.jar:?]
]]></system-out>
  </testcase>
  <testcase name="testSeekOnFileLength" classname="TestOzoneFileSystem" time="0.994">
    <system-out><![CDATA[2022-06-19 13:08:49,787 [IPC Server handler 9 on default port 41875] INFO  ha.SequenceIdGenerator (SequenceIdGenerator.java:getNextId(127)) - Allocate a batch for containerId, change lastId from 0 to 1000.
2022-06-19 13:08:49,787 [IPC Server handler 9 on default port 41875] WARN  ha.SequenceIdGenerator (SequenceIdGenerator.java:allocateBatch(235)) - Failed to allocate a batch for localId, expected lastId is 0, actual lastId is 109611004723200000.
2022-06-19 13:08:49,788 [IPC Server handler 9 on default port 41875] INFO  ha.SequenceIdGenerator (SequenceIdGenerator.java:getNextId(127)) - Allocate a batch for localId, change lastId from 109611004723200000 to 109611004723201000.
2022-06-19 13:08:50,560 [eb4bc65c-b727-4ac3-a516-6687464fc4a1@group-575245D266D0-FollowerState] INFO  impl.FollowerState (FollowerState.java:run(143)) - eb4bc65c-b727-4ac3-a516-6687464fc4a1@group-575245D266D0-FollowerState: change to CANDIDATE, lastRpcElapsedTime:5200397750ns, electionTimeout:5179ms
2022-06-19 13:08:50,560 [eb4bc65c-b727-4ac3-a516-6687464fc4a1@group-575245D266D0-FollowerState] INFO  impl.RoleInfo (RoleInfo.java:shutdownFollowerState(110)) - eb4bc65c-b727-4ac3-a516-6687464fc4a1: shutdown eb4bc65c-b727-4ac3-a516-6687464fc4a1@group-575245D266D0-FollowerState
2022-06-19 13:08:50,560 [eb4bc65c-b727-4ac3-a516-6687464fc4a1@group-575245D266D0-FollowerState] INFO  server.RaftServer$Division (RaftServerImpl.java:setRole(299)) - eb4bc65c-b727-4ac3-a516-6687464fc4a1@group-575245D266D0: changes role from  FOLLOWER to CANDIDATE at term 0 for changeToCandidate
2022-06-19 13:08:50,561 [eb4bc65c-b727-4ac3-a516-6687464fc4a1@group-575245D266D0-FollowerState] INFO  server.RaftServerConfigKeys (ConfUtils.java:logGet(46)) - raft.server.leaderelection.pre-vote = false (custom)
2022-06-19 13:08:50,561 [eb4bc65c-b727-4ac3-a516-6687464fc4a1@group-575245D266D0-FollowerState] INFO  impl.RoleInfo (RoleInfo.java:updateAndGet(139)) - eb4bc65c-b727-4ac3-a516-6687464fc4a1: start eb4bc65c-b727-4ac3-a516-6687464fc4a1@group-575245D266D0-LeaderElection71
2022-06-19 13:08:50,634 [eb4bc65c-b727-4ac3-a516-6687464fc4a1@group-575245D266D0-LeaderElection71] INFO  impl.LeaderElection (LeaderElection.java:askForVotes(310)) - eb4bc65c-b727-4ac3-a516-6687464fc4a1@group-575245D266D0-LeaderElection71 ELECTION round 0: submit vote requests at term 1 for -1: [eb4bc65c-b727-4ac3-a516-6687464fc4a1|rpc:10.1.0.4:33363|priority:1], old=null
2022-06-19 13:08:50,635 [eb4bc65c-b727-4ac3-a516-6687464fc4a1@group-575245D266D0-LeaderElection71] INFO  impl.LeaderElection (LeaderElection.java:askForVotes(312)) - eb4bc65c-b727-4ac3-a516-6687464fc4a1@group-575245D266D0-LeaderElection71 ELECTION round 0: result PASSED (term=1)
2022-06-19 13:08:50,635 [eb4bc65c-b727-4ac3-a516-6687464fc4a1@group-575245D266D0-LeaderElection71] INFO  impl.RoleInfo (RoleInfo.java:shutdownLeaderElection(130)) - eb4bc65c-b727-4ac3-a516-6687464fc4a1: shutdown eb4bc65c-b727-4ac3-a516-6687464fc4a1@group-575245D266D0-LeaderElection71
2022-06-19 13:08:50,635 [eb4bc65c-b727-4ac3-a516-6687464fc4a1@group-575245D266D0-LeaderElection71] INFO  server.RaftServer$Division (RaftServerImpl.java:setRole(299)) - eb4bc65c-b727-4ac3-a516-6687464fc4a1@group-575245D266D0: changes role from CANDIDATE to LEADER at term 1 for changeToLeader
2022-06-19 13:08:50,635 [eb4bc65c-b727-4ac3-a516-6687464fc4a1@group-575245D266D0-LeaderElection71] INFO  ratis.XceiverServerRatis (XceiverServerRatis.java:handleLeaderChangedNotification(863)) - Leader change notification received for group: group-575245D266D0 with new leaderId: eb4bc65c-b727-4ac3-a516-6687464fc4a1
2022-06-19 13:08:50,635 [eb4bc65c-b727-4ac3-a516-6687464fc4a1@group-575245D266D0-LeaderElection71] INFO  server.RaftServer$Division (ServerState.java:setLeader(287)) - eb4bc65c-b727-4ac3-a516-6687464fc4a1@group-575245D266D0: change Leader from null to eb4bc65c-b727-4ac3-a516-6687464fc4a1 at term 1 for becomeLeader, leader elected after 5313ms
2022-06-19 13:08:50,635 [eb4bc65c-b727-4ac3-a516-6687464fc4a1@group-575245D266D0-LeaderElection71] INFO  server.RaftServerConfigKeys (ConfUtils.java:logGet(46)) - raft.server.staging.catchup.gap = 1000 (default)
2022-06-19 13:08:50,635 [eb4bc65c-b727-4ac3-a516-6687464fc4a1@group-575245D266D0-LeaderElection71] INFO  server.RaftServerConfigKeys (ConfUtils.java:logGet(46)) - raft.server.write.element-limit = 1024 (custom)
2022-06-19 13:08:50,635 [eb4bc65c-b727-4ac3-a516-6687464fc4a1@group-575245D266D0-LeaderElection71] INFO  server.RaftServerConfigKeys (ConfUtils.java:logGet(46)) - raft.server.write.byte-limit = 1024 M (=1073741824) (custom)
2022-06-19 13:08:50,635 [eb4bc65c-b727-4ac3-a516-6687464fc4a1@group-575245D266D0-LeaderElection71] INFO  server.RaftServerConfigKeys (ConfUtils.java:logGet(46)) - raft.server.watch.timeout = 180s (custom)
2022-06-19 13:08:50,635 [eb4bc65c-b727-4ac3-a516-6687464fc4a1@group-575245D266D0-LeaderElection71] INFO  server.RaftServerConfigKeys (ConfUtils.java:logGet(46)) - raft.server.watch.timeout.denomination = 1s (default)
2022-06-19 13:08:50,635 [eb4bc65c-b727-4ac3-a516-6687464fc4a1@group-575245D266D0-LeaderElection71] INFO  server.RaftServerConfigKeys (ConfUtils.java:logGet(46)) - raft.server.watch.element-limit = 65536 (default)
2022-06-19 13:08:50,636 [eb4bc65c-b727-4ac3-a516-6687464fc4a1@group-575245D266D0-LeaderElection71] INFO  server.RaftServerConfigKeys (ConfUtils.java:logGet(46)) - raft.server.write.element-limit = 1024 (custom)
2022-06-19 13:08:50,636 [eb4bc65c-b727-4ac3-a516-6687464fc4a1@group-575245D266D0-LeaderElection71] INFO  server.RaftServerConfigKeys (ConfUtils.java:logGet(46)) - raft.server.write.follower.gap.ratio.max = -1.0 (default)
2022-06-19 13:08:50,636 [eb4bc65c-b727-4ac3-a516-6687464fc4a1@group-575245D266D0-LeaderElection71] INFO  impl.RoleInfo (RoleInfo.java:updateAndGet(139)) - eb4bc65c-b727-4ac3-a516-6687464fc4a1: start eb4bc65c-b727-4ac3-a516-6687464fc4a1@group-575245D266D0-LeaderStateImpl
2022-06-19 13:08:50,636 [eb4bc65c-b727-4ac3-a516-6687464fc4a1@group-575245D266D0-LeaderElection71] INFO  segmented.SegmentedRaftLogWorker (SegmentedRaftLogWorker.java:startLogSegment(425)) - eb4bc65c-b727-4ac3-a516-6687464fc4a1@group-575245D266D0-SegmentedRaftLogWorker: Starting segment from index:0
2022-06-19 13:08:50,637 [eb4bc65c-b727-4ac3-a516-6687464fc4a1@group-575245D266D0-SegmentedRaftLogWorker] INFO  segmented.SegmentedRaftLogWorker (SegmentedRaftLogWorker.java:execute(629)) - eb4bc65c-b727-4ac3-a516-6687464fc4a1@group-575245D266D0-SegmentedRaftLogWorker: created new log segment /home/runner/work/ozone/ozone/hadoop-ozone/integration-test/target/test-dir/MiniOzoneClusterImpl-c742643d-ef9b-4334-85a5-eeb69d8d8f7b/datanode-2/data/ratis/e53b17b7-4386-47e7-b160-575245d266d0/current/log_inprogress_0
2022-06-19 13:08:50,650 [eb4bc65c-b727-4ac3-a516-6687464fc4a1@group-575245D266D0-LeaderElection71] INFO  server.RaftServer$Division (ServerState.java:setRaftConf(393)) - eb4bc65c-b727-4ac3-a516-6687464fc4a1@group-575245D266D0: set configuration 0: [eb4bc65c-b727-4ac3-a516-6687464fc4a1|rpc:10.1.0.4:33363|dataStream:|priority:1], old=null
13:08:50.700 [IPC Server handler 7 on default port 38405] ERROR OMAudit - user=runner | ip=127.0.0.1 | op=LOOKUP_FILE {volume=volume84440, bucket=bucket08814, key=file_notexist, dataSize=0, replicationConfig=null} | ret=FAILURE
org.apache.hadoop.ozone.om.exceptions.OMException: Unable to get file status: volume: volume84440 bucket: bucket08814 key: file_notexist
	at org.apache.hadoop.ozone.om.KeyManagerImpl.getOzoneFileStatus(KeyManagerImpl.java:1283) ~[ozone-manager-1.3.0-SNAPSHOT.jar:?]
	at org.apache.hadoop.ozone.om.KeyManagerImpl.lookupFile(KeyManagerImpl.java:1395) ~[ozone-manager-1.3.0-SNAPSHOT.jar:?]
	at org.apache.hadoop.ozone.om.OzoneManager.lookupFile(OzoneManager.java:3457) ~[ozone-manager-1.3.0-SNAPSHOT.jar:?]
	at org.apache.hadoop.ozone.protocolPB.OzoneManagerRequestHandler.lookupFile(OzoneManagerRequestHandler.java:951) ~[ozone-manager-1.3.0-SNAPSHOT.jar:?]
	at org.apache.hadoop.ozone.protocolPB.OzoneManagerRequestHandler.handleReadRequest(OzoneManagerRequestHandler.java:223) ~[ozone-manager-1.3.0-SNAPSHOT.jar:?]
	at org.apache.hadoop.ozone.protocolPB.OzoneManagerProtocolServerSideTranslatorPB.submitRequestDirectlyToOM(OzoneManagerProtocolServerSideTranslatorPB.java:284) ~[ozone-manager-1.3.0-SNAPSHOT.jar:?]
	at org.apache.hadoop.ozone.protocolPB.OzoneManagerProtocolServerSideTranslatorPB.processRequest(OzoneManagerProtocolServerSideTranslatorPB.java:207) ~[ozone-manager-1.3.0-SNAPSHOT.jar:?]
	at org.apache.hadoop.hdds.server.OzoneProtocolMessageDispatcher.processRequest(OzoneProtocolMessageDispatcher.java:87) [hdds-server-framework-1.3.0-SNAPSHOT.jar:?]
	at org.apache.hadoop.ozone.protocolPB.OzoneManagerProtocolServerSideTranslatorPB.submitRequest(OzoneManagerProtocolServerSideTranslatorPB.java:147) [ozone-manager-1.3.0-SNAPSHOT.jar:?]
	at org.apache.hadoop.ozone.protocol.proto.OzoneManagerProtocolProtos$OzoneManagerService$2.callBlockingMethod(OzoneManagerProtocolProtos.java) [ozone-interface-client-1.3.0-SNAPSHOT.jar:?]
	at org.apache.hadoop.ipc.ProtobufRpcEngine$Server.processCall(ProtobufRpcEngine.java:466) [hadoop-common-3.3.1.jar:?]
	at org.apache.hadoop.ipc.ProtobufRpcEngine2$Server$ProtoBufRpcInvoker.call(ProtobufRpcEngine2.java:574) [hadoop-common-3.3.1.jar:?]
	at org.apache.hadoop.ipc.ProtobufRpcEngine2$Server$ProtoBufRpcInvoker.call(ProtobufRpcEngine2.java:552) [hadoop-common-3.3.1.jar:?]
	at org.apache.hadoop.ipc.RPC$Server.call(RPC.java:1093) [hadoop-common-3.3.1.jar:?]
	at org.apache.hadoop.ipc.Server$RpcCall.run(Server.java:1035) [hadoop-common-3.3.1.jar:?]
	at org.apache.hadoop.ipc.Server$RpcCall.run(Server.java:963) [hadoop-common-3.3.1.jar:?]
	at java.security.AccessController.doPrivileged(Native Method) ~[?:1.8.0_332]
	at javax.security.auth.Subject.doAs(Subject.java:422) [?:1.8.0_332]
	at org.apache.hadoop.security.UserGroupInformation.doAs(UserGroupInformation.java:1878) [hadoop-common-3.3.1.jar:?]
	at org.apache.hadoop.ipc.Server$Handler.run(Server.java:2966) [hadoop-common-3.3.1.jar:?]
]]></system-out>
  </testcase>
  <testcase name="testRenameFile" classname="TestOzoneFileSystem" time="0.088">
    <system-out><![CDATA[13:05:02.292 [IPC Server handler 18 on default port 33959] ERROR OMAudit - user=runner | ip=127.0.0.1 | op=GET_FILE_STATUS {volume=volume58940, bucket=bucket47939, key=root/file1, dataSize=0, replicationConfig=null} | ret=FAILURE
org.apache.hadoop.ozone.om.exceptions.OMException: Unable to get file status: volume: volume58940 bucket: bucket47939 key: root/file1
	at org.apache.hadoop.ozone.om.KeyManagerImpl.getOzoneFileStatus(KeyManagerImpl.java:1283) ~[ozone-manager-1.3.0-SNAPSHOT.jar:?]
	at org.apache.hadoop.ozone.om.KeyManagerImpl.getFileStatus(KeyManagerImpl.java:1213) ~[ozone-manager-1.3.0-SNAPSHOT.jar:?]
	at org.apache.hadoop.ozone.om.OzoneManager.getFileStatus(OzoneManager.java:3419) ~[ozone-manager-1.3.0-SNAPSHOT.jar:?]
	at org.apache.hadoop.ozone.protocolPB.OzoneManagerRequestHandler.getOzoneFileStatus(OzoneManagerRequestHandler.java:871) ~[ozone-manager-1.3.0-SNAPSHOT.jar:?]
	at org.apache.hadoop.ozone.protocolPB.OzoneManagerRequestHandler.handleReadRequest(OzoneManagerRequestHandler.java:217) ~[ozone-manager-1.3.0-SNAPSHOT.jar:?]
	at org.apache.hadoop.ozone.protocolPB.OzoneManagerProtocolServerSideTranslatorPB.submitReadRequestToOM(OzoneManagerProtocolServerSideTranslatorPB.java:225) ~[ozone-manager-1.3.0-SNAPSHOT.jar:?]
	at org.apache.hadoop.ozone.protocolPB.OzoneManagerProtocolServerSideTranslatorPB.processRequest(OzoneManagerProtocolServerSideTranslatorPB.java:175) ~[ozone-manager-1.3.0-SNAPSHOT.jar:?]
	at org.apache.hadoop.hdds.server.OzoneProtocolMessageDispatcher.processRequest(OzoneProtocolMessageDispatcher.java:87) [hdds-server-framework-1.3.0-SNAPSHOT.jar:?]
	at org.apache.hadoop.ozone.protocolPB.OzoneManagerProtocolServerSideTranslatorPB.submitRequest(OzoneManagerProtocolServerSideTranslatorPB.java:147) [ozone-manager-1.3.0-SNAPSHOT.jar:?]
	at org.apache.hadoop.ozone.protocol.proto.OzoneManagerProtocolProtos$OzoneManagerService$2.callBlockingMethod(OzoneManagerProtocolProtos.java) [ozone-interface-client-1.3.0-SNAPSHOT.jar:?]
	at org.apache.hadoop.ipc.ProtobufRpcEngine$Server.processCall(ProtobufRpcEngine.java:466) [hadoop-common-3.3.1.jar:?]
	at org.apache.hadoop.ipc.ProtobufRpcEngine2$Server$ProtoBufRpcInvoker.call(ProtobufRpcEngine2.java:574) [hadoop-common-3.3.1.jar:?]
	at org.apache.hadoop.ipc.ProtobufRpcEngine2$Server$ProtoBufRpcInvoker.call(ProtobufRpcEngine2.java:552) [hadoop-common-3.3.1.jar:?]
	at org.apache.hadoop.ipc.RPC$Server.call(RPC.java:1093) [hadoop-common-3.3.1.jar:?]
	at org.apache.hadoop.ipc.Server$RpcCall.run(Server.java:1035) [hadoop-common-3.3.1.jar:?]
	at org.apache.hadoop.ipc.Server$RpcCall.run(Server.java:963) [hadoop-common-3.3.1.jar:?]
	at java.security.AccessController.doPrivileged(Native Method) ~[?:1.8.0_332]
	at javax.security.auth.Subject.doAs(Subject.java:422) [?:1.8.0_332]
	at org.apache.hadoop.security.UserGroupInformation.doAs(UserGroupInformation.java:1878) [hadoop-common-3.3.1.jar:?]
	at org.apache.hadoop.ipc.Server$Handler.run(Server.java:2966) [hadoop-common-3.3.1.jar:?]
]]></system-out>
  </testcase>
  <testcase name="testRenameFile" classname="TestOzoneFileSystem" time="0.065">
    <system-out><![CDATA[13:06:20.702 [IPC Server handler 11 on default port 45241] ERROR OMAudit - user=runner | ip=127.0.0.1 | op=GET_FILE_STATUS {volume=volume87664, bucket=bucket74908, key=root/file1, dataSize=0, replicationConfig=null} | ret=FAILURE
org.apache.hadoop.ozone.om.exceptions.OMException: Unable to get file status: volume: volume87664 bucket: bucket74908 key: root/file1
	at org.apache.hadoop.ozone.om.KeyManagerImpl.getOzoneFileStatus(KeyManagerImpl.java:1283) ~[ozone-manager-1.3.0-SNAPSHOT.jar:?]
	at org.apache.hadoop.ozone.om.KeyManagerImpl.getFileStatus(KeyManagerImpl.java:1213) ~[ozone-manager-1.3.0-SNAPSHOT.jar:?]
	at org.apache.hadoop.ozone.om.OzoneManager.getFileStatus(OzoneManager.java:3419) ~[ozone-manager-1.3.0-SNAPSHOT.jar:?]
	at org.apache.hadoop.ozone.protocolPB.OzoneManagerRequestHandler.getOzoneFileStatus(OzoneManagerRequestHandler.java:871) ~[ozone-manager-1.3.0-SNAPSHOT.jar:?]
	at org.apache.hadoop.ozone.protocolPB.OzoneManagerRequestHandler.handleReadRequest(OzoneManagerRequestHandler.java:217) ~[ozone-manager-1.3.0-SNAPSHOT.jar:?]
	at org.apache.hadoop.ozone.protocolPB.OzoneManagerProtocolServerSideTranslatorPB.submitRequestDirectlyToOM(OzoneManagerProtocolServerSideTranslatorPB.java:284) ~[ozone-manager-1.3.0-SNAPSHOT.jar:?]
	at org.apache.hadoop.ozone.protocolPB.OzoneManagerProtocolServerSideTranslatorPB.processRequest(OzoneManagerProtocolServerSideTranslatorPB.java:207) ~[ozone-manager-1.3.0-SNAPSHOT.jar:?]
	at org.apache.hadoop.hdds.server.OzoneProtocolMessageDispatcher.processRequest(OzoneProtocolMessageDispatcher.java:87) [hdds-server-framework-1.3.0-SNAPSHOT.jar:?]
	at org.apache.hadoop.ozone.protocolPB.OzoneManagerProtocolServerSideTranslatorPB.submitRequest(OzoneManagerProtocolServerSideTranslatorPB.java:147) [ozone-manager-1.3.0-SNAPSHOT.jar:?]
	at org.apache.hadoop.ozone.protocol.proto.OzoneManagerProtocolProtos$OzoneManagerService$2.callBlockingMethod(OzoneManagerProtocolProtos.java) [ozone-interface-client-1.3.0-SNAPSHOT.jar:?]
	at org.apache.hadoop.ipc.ProtobufRpcEngine$Server.processCall(ProtobufRpcEngine.java:466) [hadoop-common-3.3.1.jar:?]
	at org.apache.hadoop.ipc.ProtobufRpcEngine2$Server$ProtoBufRpcInvoker.call(ProtobufRpcEngine2.java:574) [hadoop-common-3.3.1.jar:?]
	at org.apache.hadoop.ipc.ProtobufRpcEngine2$Server$ProtoBufRpcInvoker.call(ProtobufRpcEngine2.java:552) [hadoop-common-3.3.1.jar:?]
	at org.apache.hadoop.ipc.RPC$Server.call(RPC.java:1093) [hadoop-common-3.3.1.jar:?]
	at org.apache.hadoop.ipc.Server$RpcCall.run(Server.java:1035) [hadoop-common-3.3.1.jar:?]
	at org.apache.hadoop.ipc.Server$RpcCall.run(Server.java:963) [hadoop-common-3.3.1.jar:?]
	at java.security.AccessController.doPrivileged(Native Method) ~[?:1.8.0_332]
	at javax.security.auth.Subject.doAs(Subject.java:422) [?:1.8.0_332]
	at org.apache.hadoop.security.UserGroupInformation.doAs(UserGroupInformation.java:1878) [hadoop-common-3.3.1.jar:?]
	at org.apache.hadoop.ipc.Server$Handler.run(Server.java:2966) [hadoop-common-3.3.1.jar:?]
]]></system-out>
  </testcase>
  <testcase name="testRenameFile" classname="TestOzoneFileSystem" time="0.091">
    <system-out><![CDATA[13:07:35.788 [IPC Server handler 8 on default port 41441] ERROR OMAudit - user=runner | ip=127.0.0.1 | op=GET_FILE_STATUS {volume=volume07034, bucket=bucket87468, key=root/file1, dataSize=0, replicationConfig=null} | ret=FAILURE
org.apache.hadoop.ozone.om.exceptions.OMException: Unable to get file status: volume: volume07034 bucket: bucket87468 key: root/file1
	at org.apache.hadoop.ozone.om.KeyManagerImpl.getOzoneFileStatus(KeyManagerImpl.java:1283) ~[ozone-manager-1.3.0-SNAPSHOT.jar:?]
	at org.apache.hadoop.ozone.om.KeyManagerImpl.getFileStatus(KeyManagerImpl.java:1213) ~[ozone-manager-1.3.0-SNAPSHOT.jar:?]
	at org.apache.hadoop.ozone.om.OzoneManager.getFileStatus(OzoneManager.java:3419) ~[ozone-manager-1.3.0-SNAPSHOT.jar:?]
	at org.apache.hadoop.ozone.protocolPB.OzoneManagerRequestHandler.getOzoneFileStatus(OzoneManagerRequestHandler.java:871) ~[ozone-manager-1.3.0-SNAPSHOT.jar:?]
	at org.apache.hadoop.ozone.protocolPB.OzoneManagerRequestHandler.handleReadRequest(OzoneManagerRequestHandler.java:217) ~[ozone-manager-1.3.0-SNAPSHOT.jar:?]
	at org.apache.hadoop.ozone.protocolPB.OzoneManagerProtocolServerSideTranslatorPB.submitReadRequestToOM(OzoneManagerProtocolServerSideTranslatorPB.java:225) ~[ozone-manager-1.3.0-SNAPSHOT.jar:?]
	at org.apache.hadoop.ozone.protocolPB.OzoneManagerProtocolServerSideTranslatorPB.processRequest(OzoneManagerProtocolServerSideTranslatorPB.java:175) ~[ozone-manager-1.3.0-SNAPSHOT.jar:?]
	at org.apache.hadoop.hdds.server.OzoneProtocolMessageDispatcher.processRequest(OzoneProtocolMessageDispatcher.java:87) [hdds-server-framework-1.3.0-SNAPSHOT.jar:?]
	at org.apache.hadoop.ozone.protocolPB.OzoneManagerProtocolServerSideTranslatorPB.submitRequest(OzoneManagerProtocolServerSideTranslatorPB.java:147) [ozone-manager-1.3.0-SNAPSHOT.jar:?]
	at org.apache.hadoop.ozone.protocol.proto.OzoneManagerProtocolProtos$OzoneManagerService$2.callBlockingMethod(OzoneManagerProtocolProtos.java) [ozone-interface-client-1.3.0-SNAPSHOT.jar:?]
	at org.apache.hadoop.ipc.ProtobufRpcEngine$Server.processCall(ProtobufRpcEngine.java:466) [hadoop-common-3.3.1.jar:?]
	at org.apache.hadoop.ipc.ProtobufRpcEngine2$Server$ProtoBufRpcInvoker.call(ProtobufRpcEngine2.java:574) [hadoop-common-3.3.1.jar:?]
	at org.apache.hadoop.ipc.ProtobufRpcEngine2$Server$ProtoBufRpcInvoker.call(ProtobufRpcEngine2.java:552) [hadoop-common-3.3.1.jar:?]
	at org.apache.hadoop.ipc.RPC$Server.call(RPC.java:1093) [hadoop-common-3.3.1.jar:?]
	at org.apache.hadoop.ipc.Server$RpcCall.run(Server.java:1035) [hadoop-common-3.3.1.jar:?]
	at org.apache.hadoop.ipc.Server$RpcCall.run(Server.java:963) [hadoop-common-3.3.1.jar:?]
	at java.security.AccessController.doPrivileged(Native Method) ~[?:1.8.0_332]
	at javax.security.auth.Subject.doAs(Subject.java:422) [?:1.8.0_332]
	at org.apache.hadoop.security.UserGroupInformation.doAs(UserGroupInformation.java:1878) [hadoop-common-3.3.1.jar:?]
	at org.apache.hadoop.ipc.Server$Handler.run(Server.java:2966) [hadoop-common-3.3.1.jar:?]
]]></system-out>
  </testcase>
  <testcase name="testRenameFile" classname="TestOzoneFileSystem" time="0.114">
    <system-out><![CDATA[13:08:50.848 [IPC Server handler 11 on default port 38405] ERROR OMAudit - user=runner | ip=127.0.0.1 | op=GET_FILE_STATUS {volume=volume84440, bucket=bucket08814, key=root/file1, dataSize=0, replicationConfig=null} | ret=FAILURE
org.apache.hadoop.ozone.om.exceptions.OMException: Unable to get file status: volume: volume84440 bucket: bucket08814 key: root/file1
	at org.apache.hadoop.ozone.om.KeyManagerImpl.getOzoneFileStatus(KeyManagerImpl.java:1283) ~[ozone-manager-1.3.0-SNAPSHOT.jar:?]
	at org.apache.hadoop.ozone.om.KeyManagerImpl.getFileStatus(KeyManagerImpl.java:1213) ~[ozone-manager-1.3.0-SNAPSHOT.jar:?]
	at org.apache.hadoop.ozone.om.OzoneManager.getFileStatus(OzoneManager.java:3419) ~[ozone-manager-1.3.0-SNAPSHOT.jar:?]
	at org.apache.hadoop.ozone.protocolPB.OzoneManagerRequestHandler.getOzoneFileStatus(OzoneManagerRequestHandler.java:871) ~[ozone-manager-1.3.0-SNAPSHOT.jar:?]
	at org.apache.hadoop.ozone.protocolPB.OzoneManagerRequestHandler.handleReadRequest(OzoneManagerRequestHandler.java:217) ~[ozone-manager-1.3.0-SNAPSHOT.jar:?]
	at org.apache.hadoop.ozone.protocolPB.OzoneManagerProtocolServerSideTranslatorPB.submitRequestDirectlyToOM(OzoneManagerProtocolServerSideTranslatorPB.java:284) ~[ozone-manager-1.3.0-SNAPSHOT.jar:?]
	at org.apache.hadoop.ozone.protocolPB.OzoneManagerProtocolServerSideTranslatorPB.processRequest(OzoneManagerProtocolServerSideTranslatorPB.java:207) ~[ozone-manager-1.3.0-SNAPSHOT.jar:?]
	at org.apache.hadoop.hdds.server.OzoneProtocolMessageDispatcher.processRequest(OzoneProtocolMessageDispatcher.java:87) [hdds-server-framework-1.3.0-SNAPSHOT.jar:?]
	at org.apache.hadoop.ozone.protocolPB.OzoneManagerProtocolServerSideTranslatorPB.submitRequest(OzoneManagerProtocolServerSideTranslatorPB.java:147) [ozone-manager-1.3.0-SNAPSHOT.jar:?]
	at org.apache.hadoop.ozone.protocol.proto.OzoneManagerProtocolProtos$OzoneManagerService$2.callBlockingMethod(OzoneManagerProtocolProtos.java) [ozone-interface-client-1.3.0-SNAPSHOT.jar:?]
	at org.apache.hadoop.ipc.ProtobufRpcEngine$Server.processCall(ProtobufRpcEngine.java:466) [hadoop-common-3.3.1.jar:?]
	at org.apache.hadoop.ipc.ProtobufRpcEngine2$Server$ProtoBufRpcInvoker.call(ProtobufRpcEngine2.java:574) [hadoop-common-3.3.1.jar:?]
	at org.apache.hadoop.ipc.ProtobufRpcEngine2$Server$ProtoBufRpcInvoker.call(ProtobufRpcEngine2.java:552) [hadoop-common-3.3.1.jar:?]
	at org.apache.hadoop.ipc.RPC$Server.call(RPC.java:1093) [hadoop-common-3.3.1.jar:?]
	at org.apache.hadoop.ipc.Server$RpcCall.run(Server.java:1035) [hadoop-common-3.3.1.jar:?]
	at org.apache.hadoop.ipc.Server$RpcCall.run(Server.java:963) [hadoop-common-3.3.1.jar:?]
	at java.security.AccessController.doPrivileged(Native Method) ~[?:1.8.0_332]
	at javax.security.auth.Subject.doAs(Subject.java:422) [?:1.8.0_332]
	at org.apache.hadoop.security.UserGroupInformation.doAs(UserGroupInformation.java:1878) [hadoop-common-3.3.1.jar:?]
	at org.apache.hadoop.ipc.Server$Handler.run(Server.java:2966) [hadoop-common-3.3.1.jar:?]
]]></system-out>
  </testcase>
  <testcase name="testRenameDir" classname="TestOzoneFileSystem" time="0.046">
    <system-out><![CDATA[2022-06-19 13:05:02,364 [Time-limited test] INFO  ozone.TestOzoneFileSystem (TestOzoneFileSystem.java:testRenameDir(1113)) - Created dir o3fs://bucket47939.volume58940/root_dir/dir1/sub_dir1
2022-06-19 13:05:02,364 [Time-limited test] INFO  ozone.TestOzoneFileSystem (TestOzoneFileSystem.java:testRenameDir(1114)) - Will move o3fs://bucket47939.volume58940/root_dir/dir1 to o3fs://bucket47939.volume58940/root_dir/dir1.renamed
13:05:02.367 [IPC Server handler 1 on default port 33959] ERROR OMAudit - user=runner | ip=127.0.0.1 | op=GET_FILE_STATUS {volume=volume58940, bucket=bucket47939, key=root_dir/dir1.renamed, dataSize=0, replicationConfig=null} | ret=FAILURE
org.apache.hadoop.ozone.om.exceptions.OMException: Unable to get file status: volume: volume58940 bucket: bucket47939 key: root_dir/dir1.renamed
	at org.apache.hadoop.ozone.om.KeyManagerImpl.getOzoneFileStatus(KeyManagerImpl.java:1283) ~[ozone-manager-1.3.0-SNAPSHOT.jar:?]
	at org.apache.hadoop.ozone.om.KeyManagerImpl.getFileStatus(KeyManagerImpl.java:1213) ~[ozone-manager-1.3.0-SNAPSHOT.jar:?]
	at org.apache.hadoop.ozone.om.OzoneManager.getFileStatus(OzoneManager.java:3419) ~[ozone-manager-1.3.0-SNAPSHOT.jar:?]
	at org.apache.hadoop.ozone.protocolPB.OzoneManagerRequestHandler.getOzoneFileStatus(OzoneManagerRequestHandler.java:871) ~[ozone-manager-1.3.0-SNAPSHOT.jar:?]
	at org.apache.hadoop.ozone.protocolPB.OzoneManagerRequestHandler.handleReadRequest(OzoneManagerRequestHandler.java:217) ~[ozone-manager-1.3.0-SNAPSHOT.jar:?]
	at org.apache.hadoop.ozone.protocolPB.OzoneManagerProtocolServerSideTranslatorPB.submitReadRequestToOM(OzoneManagerProtocolServerSideTranslatorPB.java:225) ~[ozone-manager-1.3.0-SNAPSHOT.jar:?]
	at org.apache.hadoop.ozone.protocolPB.OzoneManagerProtocolServerSideTranslatorPB.processRequest(OzoneManagerProtocolServerSideTranslatorPB.java:175) ~[ozone-manager-1.3.0-SNAPSHOT.jar:?]
	at org.apache.hadoop.hdds.server.OzoneProtocolMessageDispatcher.processRequest(OzoneProtocolMessageDispatcher.java:87) [hdds-server-framework-1.3.0-SNAPSHOT.jar:?]
	at org.apache.hadoop.ozone.protocolPB.OzoneManagerProtocolServerSideTranslatorPB.submitRequest(OzoneManagerProtocolServerSideTranslatorPB.java:147) [ozone-manager-1.3.0-SNAPSHOT.jar:?]
	at org.apache.hadoop.ozone.protocol.proto.OzoneManagerProtocolProtos$OzoneManagerService$2.callBlockingMethod(OzoneManagerProtocolProtos.java) [ozone-interface-client-1.3.0-SNAPSHOT.jar:?]
	at org.apache.hadoop.ipc.ProtobufRpcEngine$Server.processCall(ProtobufRpcEngine.java:466) [hadoop-common-3.3.1.jar:?]
	at org.apache.hadoop.ipc.ProtobufRpcEngine2$Server$ProtoBufRpcInvoker.call(ProtobufRpcEngine2.java:574) [hadoop-common-3.3.1.jar:?]
	at org.apache.hadoop.ipc.ProtobufRpcEngine2$Server$ProtoBufRpcInvoker.call(ProtobufRpcEngine2.java:552) [hadoop-common-3.3.1.jar:?]
	at org.apache.hadoop.ipc.RPC$Server.call(RPC.java:1093) [hadoop-common-3.3.1.jar:?]
	at org.apache.hadoop.ipc.Server$RpcCall.run(Server.java:1035) [hadoop-common-3.3.1.jar:?]
	at org.apache.hadoop.ipc.Server$RpcCall.run(Server.java:963) [hadoop-common-3.3.1.jar:?]
	at java.security.AccessController.doPrivileged(Native Method) ~[?:1.8.0_332]
	at javax.security.auth.Subject.doAs(Subject.java:422) [?:1.8.0_332]
	at org.apache.hadoop.security.UserGroupInformation.doAs(UserGroupInformation.java:1878) [hadoop-common-3.3.1.jar:?]
	at org.apache.hadoop.ipc.Server$Handler.run(Server.java:2966) [hadoop-common-3.3.1.jar:?]
]]></system-out>
  </testcase>
  <testcase name="testRenameDir" classname="TestOzoneFileSystem" time="0.031">
    <system-out><![CDATA[2022-06-19 13:06:20,743 [Time-limited test] INFO  ozone.TestOzoneFileSystem (TestOzoneFileSystem.java:testRenameDir(1113)) - Created dir o3fs://bucket74908.volume87664/root_dir/dir1/sub_dir1
2022-06-19 13:06:20,743 [Time-limited test] INFO  ozone.TestOzoneFileSystem (TestOzoneFileSystem.java:testRenameDir(1114)) - Will move o3fs://bucket74908.volume87664/root_dir/dir1 to o3fs://bucket74908.volume87664/root_dir/dir1.renamed
13:06:20.744 [IPC Server handler 4 on default port 45241] ERROR OMAudit - user=runner | ip=127.0.0.1 | op=GET_FILE_STATUS {volume=volume87664, bucket=bucket74908, key=root_dir/dir1.renamed, dataSize=0, replicationConfig=null} | ret=FAILURE
org.apache.hadoop.ozone.om.exceptions.OMException: Unable to get file status: volume: volume87664 bucket: bucket74908 key: root_dir/dir1.renamed
	at org.apache.hadoop.ozone.om.KeyManagerImpl.getOzoneFileStatus(KeyManagerImpl.java:1283) ~[ozone-manager-1.3.0-SNAPSHOT.jar:?]
	at org.apache.hadoop.ozone.om.KeyManagerImpl.getFileStatus(KeyManagerImpl.java:1213) ~[ozone-manager-1.3.0-SNAPSHOT.jar:?]
	at org.apache.hadoop.ozone.om.OzoneManager.getFileStatus(OzoneManager.java:3419) ~[ozone-manager-1.3.0-SNAPSHOT.jar:?]
	at org.apache.hadoop.ozone.protocolPB.OzoneManagerRequestHandler.getOzoneFileStatus(OzoneManagerRequestHandler.java:871) ~[ozone-manager-1.3.0-SNAPSHOT.jar:?]
	at org.apache.hadoop.ozone.protocolPB.OzoneManagerRequestHandler.handleReadRequest(OzoneManagerRequestHandler.java:217) ~[ozone-manager-1.3.0-SNAPSHOT.jar:?]
	at org.apache.hadoop.ozone.protocolPB.OzoneManagerProtocolServerSideTranslatorPB.submitRequestDirectlyToOM(OzoneManagerProtocolServerSideTranslatorPB.java:284) ~[ozone-manager-1.3.0-SNAPSHOT.jar:?]
	at org.apache.hadoop.ozone.protocolPB.OzoneManagerProtocolServerSideTranslatorPB.processRequest(OzoneManagerProtocolServerSideTranslatorPB.java:207) ~[ozone-manager-1.3.0-SNAPSHOT.jar:?]
	at org.apache.hadoop.hdds.server.OzoneProtocolMessageDispatcher.processRequest(OzoneProtocolMessageDispatcher.java:87) [hdds-server-framework-1.3.0-SNAPSHOT.jar:?]
	at org.apache.hadoop.ozone.protocolPB.OzoneManagerProtocolServerSideTranslatorPB.submitRequest(OzoneManagerProtocolServerSideTranslatorPB.java:147) [ozone-manager-1.3.0-SNAPSHOT.jar:?]
	at org.apache.hadoop.ozone.protocol.proto.OzoneManagerProtocolProtos$OzoneManagerService$2.callBlockingMethod(OzoneManagerProtocolProtos.java) [ozone-interface-client-1.3.0-SNAPSHOT.jar:?]
	at org.apache.hadoop.ipc.ProtobufRpcEngine$Server.processCall(ProtobufRpcEngine.java:466) [hadoop-common-3.3.1.jar:?]
	at org.apache.hadoop.ipc.ProtobufRpcEngine2$Server$ProtoBufRpcInvoker.call(ProtobufRpcEngine2.java:574) [hadoop-common-3.3.1.jar:?]
	at org.apache.hadoop.ipc.ProtobufRpcEngine2$Server$ProtoBufRpcInvoker.call(ProtobufRpcEngine2.java:552) [hadoop-common-3.3.1.jar:?]
	at org.apache.hadoop.ipc.RPC$Server.call(RPC.java:1093) [hadoop-common-3.3.1.jar:?]
	at org.apache.hadoop.ipc.Server$RpcCall.run(Server.java:1035) [hadoop-common-3.3.1.jar:?]
	at org.apache.hadoop.ipc.Server$RpcCall.run(Server.java:963) [hadoop-common-3.3.1.jar:?]
	at java.security.AccessController.doPrivileged(Native Method) ~[?:1.8.0_332]
	at javax.security.auth.Subject.doAs(Subject.java:422) [?:1.8.0_332]
	at org.apache.hadoop.security.UserGroupInformation.doAs(UserGroupInformation.java:1878) [hadoop-common-3.3.1.jar:?]
	at org.apache.hadoop.ipc.Server$Handler.run(Server.java:2966) [hadoop-common-3.3.1.jar:?]
]]></system-out>
  </testcase>
  <testcase name="testRenameDir" classname="TestOzoneFileSystem" time="0.026">
    <system-out><![CDATA[2022-06-19 13:07:35,830 [Time-limited test] INFO  ozone.TestOzoneFileSystem (TestOzoneFileSystem.java:testRenameDir(1113)) - Created dir o3fs://bucket87468.volume07034/root_dir/dir1/sub_dir1
2022-06-19 13:07:35,831 [Time-limited test] INFO  ozone.TestOzoneFileSystem (TestOzoneFileSystem.java:testRenameDir(1114)) - Will move o3fs://bucket87468.volume07034/root_dir/dir1 to o3fs://bucket87468.volume07034/root_dir/dir1.renamed
13:07:35.832 [IPC Server handler 6 on default port 41441] ERROR OMAudit - user=runner | ip=127.0.0.1 | op=GET_FILE_STATUS {volume=volume07034, bucket=bucket87468, key=root_dir/dir1.renamed, dataSize=0, replicationConfig=null} | ret=FAILURE
org.apache.hadoop.ozone.om.exceptions.OMException: Unable to get file status: volume: volume07034 bucket: bucket87468 key: root_dir/dir1.renamed
	at org.apache.hadoop.ozone.om.KeyManagerImpl.getOzoneFileStatus(KeyManagerImpl.java:1283) ~[ozone-manager-1.3.0-SNAPSHOT.jar:?]
	at org.apache.hadoop.ozone.om.KeyManagerImpl.getFileStatus(KeyManagerImpl.java:1213) ~[ozone-manager-1.3.0-SNAPSHOT.jar:?]
	at org.apache.hadoop.ozone.om.OzoneManager.getFileStatus(OzoneManager.java:3419) ~[ozone-manager-1.3.0-SNAPSHOT.jar:?]
	at org.apache.hadoop.ozone.protocolPB.OzoneManagerRequestHandler.getOzoneFileStatus(OzoneManagerRequestHandler.java:871) ~[ozone-manager-1.3.0-SNAPSHOT.jar:?]
	at org.apache.hadoop.ozone.protocolPB.OzoneManagerRequestHandler.handleReadRequest(OzoneManagerRequestHandler.java:217) ~[ozone-manager-1.3.0-SNAPSHOT.jar:?]
	at org.apache.hadoop.ozone.protocolPB.OzoneManagerProtocolServerSideTranslatorPB.submitReadRequestToOM(OzoneManagerProtocolServerSideTranslatorPB.java:225) ~[ozone-manager-1.3.0-SNAPSHOT.jar:?]
	at org.apache.hadoop.ozone.protocolPB.OzoneManagerProtocolServerSideTranslatorPB.processRequest(OzoneManagerProtocolServerSideTranslatorPB.java:175) ~[ozone-manager-1.3.0-SNAPSHOT.jar:?]
	at org.apache.hadoop.hdds.server.OzoneProtocolMessageDispatcher.processRequest(OzoneProtocolMessageDispatcher.java:87) [hdds-server-framework-1.3.0-SNAPSHOT.jar:?]
	at org.apache.hadoop.ozone.protocolPB.OzoneManagerProtocolServerSideTranslatorPB.submitRequest(OzoneManagerProtocolServerSideTranslatorPB.java:147) [ozone-manager-1.3.0-SNAPSHOT.jar:?]
	at org.apache.hadoop.ozone.protocol.proto.OzoneManagerProtocolProtos$OzoneManagerService$2.callBlockingMethod(OzoneManagerProtocolProtos.java) [ozone-interface-client-1.3.0-SNAPSHOT.jar:?]
	at org.apache.hadoop.ipc.ProtobufRpcEngine$Server.processCall(ProtobufRpcEngine.java:466) [hadoop-common-3.3.1.jar:?]
	at org.apache.hadoop.ipc.ProtobufRpcEngine2$Server$ProtoBufRpcInvoker.call(ProtobufRpcEngine2.java:574) [hadoop-common-3.3.1.jar:?]
	at org.apache.hadoop.ipc.ProtobufRpcEngine2$Server$ProtoBufRpcInvoker.call(ProtobufRpcEngine2.java:552) [hadoop-common-3.3.1.jar:?]
	at org.apache.hadoop.ipc.RPC$Server.call(RPC.java:1093) [hadoop-common-3.3.1.jar:?]
	at org.apache.hadoop.ipc.Server$RpcCall.run(Server.java:1035) [hadoop-common-3.3.1.jar:?]
	at org.apache.hadoop.ipc.Server$RpcCall.run(Server.java:963) [hadoop-common-3.3.1.jar:?]
	at java.security.AccessController.doPrivileged(Native Method) ~[?:1.8.0_332]
	at javax.security.auth.Subject.doAs(Subject.java:422) [?:1.8.0_332]
	at org.apache.hadoop.security.UserGroupInformation.doAs(UserGroupInformation.java:1878) [hadoop-common-3.3.1.jar:?]
	at org.apache.hadoop.ipc.Server$Handler.run(Server.java:2966) [hadoop-common-3.3.1.jar:?]
]]></system-out>
  </testcase>
  <testcase name="testRenameDir" classname="TestOzoneFileSystem" time="0.082">
    <system-out><![CDATA[2022-06-19 13:08:50,891 [Time-limited test] INFO  ozone.TestOzoneFileSystem (TestOzoneFileSystem.java:testRenameDir(1113)) - Created dir o3fs://bucket08814.volume84440/root_dir/dir1/sub_dir1
2022-06-19 13:08:50,892 [Time-limited test] INFO  ozone.TestOzoneFileSystem (TestOzoneFileSystem.java:testRenameDir(1114)) - Will move o3fs://bucket08814.volume84440/root_dir/dir1 to o3fs://bucket08814.volume84440/root_dir/dir1.renamed
13:08:50.914 [IPC Server handler 6 on default port 38405] ERROR OMAudit - user=runner | ip=127.0.0.1 | op=GET_FILE_STATUS {volume=volume84440, bucket=bucket08814, key=root_dir/dir1.renamed, dataSize=0, replicationConfig=null} | ret=FAILURE
org.apache.hadoop.ozone.om.exceptions.OMException: Unable to get file status: volume: volume84440 bucket: bucket08814 key: root_dir/dir1.renamed
	at org.apache.hadoop.ozone.om.KeyManagerImpl.getOzoneFileStatus(KeyManagerImpl.java:1283) ~[ozone-manager-1.3.0-SNAPSHOT.jar:?]
	at org.apache.hadoop.ozone.om.KeyManagerImpl.getFileStatus(KeyManagerImpl.java:1213) ~[ozone-manager-1.3.0-SNAPSHOT.jar:?]
	at org.apache.hadoop.ozone.om.OzoneManager.getFileStatus(OzoneManager.java:3419) ~[ozone-manager-1.3.0-SNAPSHOT.jar:?]
	at org.apache.hadoop.ozone.protocolPB.OzoneManagerRequestHandler.getOzoneFileStatus(OzoneManagerRequestHandler.java:871) ~[ozone-manager-1.3.0-SNAPSHOT.jar:?]
	at org.apache.hadoop.ozone.protocolPB.OzoneManagerRequestHandler.handleReadRequest(OzoneManagerRequestHandler.java:217) ~[ozone-manager-1.3.0-SNAPSHOT.jar:?]
	at org.apache.hadoop.ozone.protocolPB.OzoneManagerProtocolServerSideTranslatorPB.submitRequestDirectlyToOM(OzoneManagerProtocolServerSideTranslatorPB.java:284) ~[ozone-manager-1.3.0-SNAPSHOT.jar:?]
	at org.apache.hadoop.ozone.protocolPB.OzoneManagerProtocolServerSideTranslatorPB.processRequest(OzoneManagerProtocolServerSideTranslatorPB.java:207) ~[ozone-manager-1.3.0-SNAPSHOT.jar:?]
	at org.apache.hadoop.hdds.server.OzoneProtocolMessageDispatcher.processRequest(OzoneProtocolMessageDispatcher.java:87) [hdds-server-framework-1.3.0-SNAPSHOT.jar:?]
	at org.apache.hadoop.ozone.protocolPB.OzoneManagerProtocolServerSideTranslatorPB.submitRequest(OzoneManagerProtocolServerSideTranslatorPB.java:147) [ozone-manager-1.3.0-SNAPSHOT.jar:?]
	at org.apache.hadoop.ozone.protocol.proto.OzoneManagerProtocolProtos$OzoneManagerService$2.callBlockingMethod(OzoneManagerProtocolProtos.java) [ozone-interface-client-1.3.0-SNAPSHOT.jar:?]
	at org.apache.hadoop.ipc.ProtobufRpcEngine$Server.processCall(ProtobufRpcEngine.java:466) [hadoop-common-3.3.1.jar:?]
	at org.apache.hadoop.ipc.ProtobufRpcEngine2$Server$ProtoBufRpcInvoker.call(ProtobufRpcEngine2.java:574) [hadoop-common-3.3.1.jar:?]
	at org.apache.hadoop.ipc.ProtobufRpcEngine2$Server$ProtoBufRpcInvoker.call(ProtobufRpcEngine2.java:552) [hadoop-common-3.3.1.jar:?]
	at org.apache.hadoop.ipc.RPC$Server.call(RPC.java:1093) [hadoop-common-3.3.1.jar:?]
	at org.apache.hadoop.ipc.Server$RpcCall.run(Server.java:1035) [hadoop-common-3.3.1.jar:?]
	at org.apache.hadoop.ipc.Server$RpcCall.run(Server.java:963) [hadoop-common-3.3.1.jar:?]
	at java.security.AccessController.doPrivileged(Native Method) ~[?:1.8.0_332]
	at javax.security.auth.Subject.doAs(Subject.java:422) [?:1.8.0_332]
	at org.apache.hadoop.security.UserGroupInformation.doAs(UserGroupInformation.java:1878) [hadoop-common-3.3.1.jar:?]
	at org.apache.hadoop.ipc.Server$Handler.run(Server.java:2966) [hadoop-common-3.3.1.jar:?]
]]></system-out>
  </testcase>
  <testcase name="testAllocateMoreThanOneBlock" classname="TestOzoneFileSystem" time="0.494"/>
  <testcase name="testAllocateMoreThanOneBlock" classname="TestOzoneFileSystem" time="0.976"/>
  <testcase name="testAllocateMoreThanOneBlock" classname="TestOzoneFileSystem" time="1.261"/>
  <testcase name="testAllocateMoreThanOneBlock" classname="TestOzoneFileSystem" time="1.48">
    <system-out><![CDATA[2022-06-19 13:08:52,209 [538abff5-f6b4-48da-9c9f-e2c087830672@group-74AF4DBEAF9A-FollowerState] INFO  impl.FollowerState (FollowerState.java:run(143)) - 538abff5-f6b4-48da-9c9f-e2c087830672@group-74AF4DBEAF9A-FollowerState: change to CANDIDATE, lastRpcElapsedTime:5146043471ns, electionTimeout:5111ms
2022-06-19 13:08:52,209 [538abff5-f6b4-48da-9c9f-e2c087830672@group-74AF4DBEAF9A-FollowerState] INFO  impl.RoleInfo (RoleInfo.java:shutdownFollowerState(110)) - 538abff5-f6b4-48da-9c9f-e2c087830672: shutdown 538abff5-f6b4-48da-9c9f-e2c087830672@group-74AF4DBEAF9A-FollowerState
2022-06-19 13:08:52,209 [538abff5-f6b4-48da-9c9f-e2c087830672@group-74AF4DBEAF9A-FollowerState] INFO  server.RaftServer$Division (RaftServerImpl.java:setRole(299)) - 538abff5-f6b4-48da-9c9f-e2c087830672@group-74AF4DBEAF9A: changes role from  FOLLOWER to CANDIDATE at term 0 for changeToCandidate
2022-06-19 13:08:52,246 [538abff5-f6b4-48da-9c9f-e2c087830672@group-74AF4DBEAF9A-FollowerState] INFO  server.RaftServerConfigKeys (ConfUtils.java:logGet(46)) - raft.server.leaderelection.pre-vote = false (custom)
2022-06-19 13:08:52,246 [538abff5-f6b4-48da-9c9f-e2c087830672@group-74AF4DBEAF9A-FollowerState] INFO  impl.RoleInfo (RoleInfo.java:updateAndGet(139)) - 538abff5-f6b4-48da-9c9f-e2c087830672: start 538abff5-f6b4-48da-9c9f-e2c087830672@group-74AF4DBEAF9A-LeaderElection72
2022-06-19 13:08:52,330 [538abff5-f6b4-48da-9c9f-e2c087830672@group-74AF4DBEAF9A-LeaderElection72] INFO  impl.LeaderElection (LeaderElection.java:askForVotes(310)) - 538abff5-f6b4-48da-9c9f-e2c087830672@group-74AF4DBEAF9A-LeaderElection72 ELECTION round 0: submit vote requests at term 1 for -1: [538abff5-f6b4-48da-9c9f-e2c087830672|rpc:10.1.0.4:39589|priority:1], old=null
2022-06-19 13:08:52,330 [538abff5-f6b4-48da-9c9f-e2c087830672@group-74AF4DBEAF9A-LeaderElection72] INFO  impl.LeaderElection (LeaderElection.java:askForVotes(312)) - 538abff5-f6b4-48da-9c9f-e2c087830672@group-74AF4DBEAF9A-LeaderElection72 ELECTION round 0: result PASSED (term=1)
2022-06-19 13:08:52,330 [538abff5-f6b4-48da-9c9f-e2c087830672@group-74AF4DBEAF9A-LeaderElection72] INFO  impl.RoleInfo (RoleInfo.java:shutdownLeaderElection(130)) - 538abff5-f6b4-48da-9c9f-e2c087830672: shutdown 538abff5-f6b4-48da-9c9f-e2c087830672@group-74AF4DBEAF9A-LeaderElection72
2022-06-19 13:08:52,330 [538abff5-f6b4-48da-9c9f-e2c087830672@group-74AF4DBEAF9A-LeaderElection72] INFO  server.RaftServer$Division (RaftServerImpl.java:setRole(299)) - 538abff5-f6b4-48da-9c9f-e2c087830672@group-74AF4DBEAF9A: changes role from CANDIDATE to LEADER at term 1 for changeToLeader
2022-06-19 13:08:52,330 [538abff5-f6b4-48da-9c9f-e2c087830672@group-74AF4DBEAF9A-LeaderElection72] INFO  ratis.XceiverServerRatis (XceiverServerRatis.java:handleLeaderChangedNotification(863)) - Leader change notification received for group: group-74AF4DBEAF9A with new leaderId: 538abff5-f6b4-48da-9c9f-e2c087830672
2022-06-19 13:08:52,330 [538abff5-f6b4-48da-9c9f-e2c087830672@group-74AF4DBEAF9A-LeaderElection72] INFO  server.RaftServer$Division (ServerState.java:setLeader(287)) - 538abff5-f6b4-48da-9c9f-e2c087830672@group-74AF4DBEAF9A: change Leader from null to 538abff5-f6b4-48da-9c9f-e2c087830672 at term 1 for becomeLeader, leader elected after 5288ms
2022-06-19 13:08:52,330 [538abff5-f6b4-48da-9c9f-e2c087830672@group-74AF4DBEAF9A-LeaderElection72] INFO  server.RaftServerConfigKeys (ConfUtils.java:logGet(46)) - raft.server.staging.catchup.gap = 1000 (default)
2022-06-19 13:08:52,330 [538abff5-f6b4-48da-9c9f-e2c087830672@group-74AF4DBEAF9A-LeaderElection72] INFO  server.RaftServerConfigKeys (ConfUtils.java:logGet(46)) - raft.server.write.element-limit = 1024 (custom)
2022-06-19 13:08:52,330 [538abff5-f6b4-48da-9c9f-e2c087830672@group-74AF4DBEAF9A-LeaderElection72] INFO  server.RaftServerConfigKeys (ConfUtils.java:logGet(46)) - raft.server.write.byte-limit = 1024 M (=1073741824) (custom)
2022-06-19 13:08:52,331 [538abff5-f6b4-48da-9c9f-e2c087830672@group-74AF4DBEAF9A-LeaderElection72] INFO  server.RaftServerConfigKeys (ConfUtils.java:logGet(46)) - raft.server.watch.timeout = 180s (custom)
2022-06-19 13:08:52,331 [538abff5-f6b4-48da-9c9f-e2c087830672@group-74AF4DBEAF9A-LeaderElection72] INFO  server.RaftServerConfigKeys (ConfUtils.java:logGet(46)) - raft.server.watch.timeout.denomination = 1s (default)
2022-06-19 13:08:52,331 [538abff5-f6b4-48da-9c9f-e2c087830672@group-74AF4DBEAF9A-LeaderElection72] INFO  server.RaftServerConfigKeys (ConfUtils.java:logGet(46)) - raft.server.watch.element-limit = 65536 (default)
2022-06-19 13:08:52,331 [538abff5-f6b4-48da-9c9f-e2c087830672@group-74AF4DBEAF9A-LeaderElection72] INFO  server.RaftServerConfigKeys (ConfUtils.java:logGet(46)) - raft.server.write.element-limit = 1024 (custom)
2022-06-19 13:08:52,331 [538abff5-f6b4-48da-9c9f-e2c087830672@group-74AF4DBEAF9A-LeaderElection72] INFO  server.RaftServerConfigKeys (ConfUtils.java:logGet(46)) - raft.server.write.follower.gap.ratio.max = -1.0 (default)
2022-06-19 13:08:52,331 [538abff5-f6b4-48da-9c9f-e2c087830672@group-74AF4DBEAF9A-LeaderElection72] INFO  impl.RoleInfo (RoleInfo.java:updateAndGet(139)) - 538abff5-f6b4-48da-9c9f-e2c087830672: start 538abff5-f6b4-48da-9c9f-e2c087830672@group-74AF4DBEAF9A-LeaderStateImpl
2022-06-19 13:08:52,331 [538abff5-f6b4-48da-9c9f-e2c087830672@group-74AF4DBEAF9A-LeaderElection72] INFO  segmented.SegmentedRaftLogWorker (SegmentedRaftLogWorker.java:startLogSegment(425)) - 538abff5-f6b4-48da-9c9f-e2c087830672@group-74AF4DBEAF9A-SegmentedRaftLogWorker: Starting segment from index:0
2022-06-19 13:08:52,333 [538abff5-f6b4-48da-9c9f-e2c087830672@group-74AF4DBEAF9A-SegmentedRaftLogWorker] INFO  segmented.SegmentedRaftLogWorker (SegmentedRaftLogWorker.java:execute(629)) - 538abff5-f6b4-48da-9c9f-e2c087830672@group-74AF4DBEAF9A-SegmentedRaftLogWorker: created new log segment /home/runner/work/ozone/ozone/hadoop-ozone/integration-test/target/test-dir/MiniOzoneClusterImpl-c742643d-ef9b-4334-85a5-eeb69d8d8f7b/datanode-3/data/ratis/a827531e-4797-47db-817e-74af4dbeaf9a/current/log_inprogress_0
2022-06-19 13:08:52,400 [538abff5-f6b4-48da-9c9f-e2c087830672@group-74AF4DBEAF9A-LeaderElection72] INFO  server.RaftServer$Division (ServerState.java:setRaftConf(393)) - 538abff5-f6b4-48da-9c9f-e2c087830672@group-74AF4DBEAF9A: set configuration 0: [538abff5-f6b4-48da-9c9f-e2c087830672|rpc:10.1.0.4:39589|dataStream:|priority:1], old=null
]]></system-out>
  </testcase>
  <testcase name="testRenameToExistingDir" classname="TestOzoneFileSystem" time="0.053">
    <system-out><![CDATA[13:05:02.918 [IPC Server handler 6 on default port 33959] ERROR OMAudit - user=runner | ip=127.0.0.1 | op=LIST_STATUS {volume=volume58940, bucket=bucket47939, key=b/a, dataSize=0, replicationConfig=null} | ret=FAILURE
org.apache.hadoop.ozone.om.exceptions.OMException: Unable to get file status: volume: volume58940 bucket: bucket47939 key: b/a
	at org.apache.hadoop.ozone.om.KeyManagerImpl.getOzoneFileStatus(KeyManagerImpl.java:1283) ~[ozone-manager-1.3.0-SNAPSHOT.jar:?]
	at org.apache.hadoop.ozone.om.KeyManagerImpl.getFileStatus(KeyManagerImpl.java:1213) ~[ozone-manager-1.3.0-SNAPSHOT.jar:?]
	at org.apache.hadoop.ozone.om.KeyManagerImpl.listStatus(KeyManagerImpl.java:1537) ~[ozone-manager-1.3.0-SNAPSHOT.jar:?]
	at org.apache.hadoop.ozone.om.OzoneManager.listStatus(OzoneManager.java:3497) ~[ozone-manager-1.3.0-SNAPSHOT.jar:?]
	at org.apache.hadoop.ozone.protocolPB.OzoneManagerRequestHandler.listStatus(OzoneManagerRequestHandler.java:1028) ~[ozone-manager-1.3.0-SNAPSHOT.jar:?]
	at org.apache.hadoop.ozone.protocolPB.OzoneManagerRequestHandler.handleReadRequest(OzoneManagerRequestHandler.java:228) ~[ozone-manager-1.3.0-SNAPSHOT.jar:?]
	at org.apache.hadoop.ozone.protocolPB.OzoneManagerProtocolServerSideTranslatorPB.submitReadRequestToOM(OzoneManagerProtocolServerSideTranslatorPB.java:225) ~[ozone-manager-1.3.0-SNAPSHOT.jar:?]
	at org.apache.hadoop.ozone.protocolPB.OzoneManagerProtocolServerSideTranslatorPB.processRequest(OzoneManagerProtocolServerSideTranslatorPB.java:175) ~[ozone-manager-1.3.0-SNAPSHOT.jar:?]
	at org.apache.hadoop.hdds.server.OzoneProtocolMessageDispatcher.processRequest(OzoneProtocolMessageDispatcher.java:87) [hdds-server-framework-1.3.0-SNAPSHOT.jar:?]
	at org.apache.hadoop.ozone.protocolPB.OzoneManagerProtocolServerSideTranslatorPB.submitRequest(OzoneManagerProtocolServerSideTranslatorPB.java:147) [ozone-manager-1.3.0-SNAPSHOT.jar:?]
	at org.apache.hadoop.ozone.protocol.proto.OzoneManagerProtocolProtos$OzoneManagerService$2.callBlockingMethod(OzoneManagerProtocolProtos.java) [ozone-interface-client-1.3.0-SNAPSHOT.jar:?]
	at org.apache.hadoop.ipc.ProtobufRpcEngine$Server.processCall(ProtobufRpcEngine.java:466) [hadoop-common-3.3.1.jar:?]
	at org.apache.hadoop.ipc.ProtobufRpcEngine2$Server$ProtoBufRpcInvoker.call(ProtobufRpcEngine2.java:574) [hadoop-common-3.3.1.jar:?]
	at org.apache.hadoop.ipc.ProtobufRpcEngine2$Server$ProtoBufRpcInvoker.call(ProtobufRpcEngine2.java:552) [hadoop-common-3.3.1.jar:?]
	at org.apache.hadoop.ipc.RPC$Server.call(RPC.java:1093) [hadoop-common-3.3.1.jar:?]
	at org.apache.hadoop.ipc.Server$RpcCall.run(Server.java:1035) [hadoop-common-3.3.1.jar:?]
	at org.apache.hadoop.ipc.Server$RpcCall.run(Server.java:963) [hadoop-common-3.3.1.jar:?]
	at java.security.AccessController.doPrivileged(Native Method) ~[?:1.8.0_332]
	at javax.security.auth.Subject.doAs(Subject.java:422) [?:1.8.0_332]
	at org.apache.hadoop.security.UserGroupInformation.doAs(UserGroupInformation.java:1878) [hadoop-common-3.3.1.jar:?]
	at org.apache.hadoop.ipc.Server$Handler.run(Server.java:2966) [hadoop-common-3.3.1.jar:?]
]]></system-out>
  </testcase>
  <testcase name="testRenameToExistingDir" classname="TestOzoneFileSystem" time="0.042">
    <system-out><![CDATA[13:06:21.769 [IPC Server handler 6 on default port 45241] ERROR OMAudit - user=runner | ip=127.0.0.1 | op=LIST_STATUS {volume=volume87664, bucket=bucket74908, key=b/a, dataSize=0, replicationConfig=null} | ret=FAILURE
org.apache.hadoop.ozone.om.exceptions.OMException: Unable to get file status: volume: volume87664 bucket: bucket74908 key: b/a
	at org.apache.hadoop.ozone.om.KeyManagerImpl.getOzoneFileStatus(KeyManagerImpl.java:1283) ~[ozone-manager-1.3.0-SNAPSHOT.jar:?]
	at org.apache.hadoop.ozone.om.KeyManagerImpl.getFileStatus(KeyManagerImpl.java:1213) ~[ozone-manager-1.3.0-SNAPSHOT.jar:?]
	at org.apache.hadoop.ozone.om.KeyManagerImpl.listStatus(KeyManagerImpl.java:1537) ~[ozone-manager-1.3.0-SNAPSHOT.jar:?]
	at org.apache.hadoop.ozone.om.OzoneManager.listStatus(OzoneManager.java:3497) ~[ozone-manager-1.3.0-SNAPSHOT.jar:?]
	at org.apache.hadoop.ozone.protocolPB.OzoneManagerRequestHandler.listStatus(OzoneManagerRequestHandler.java:1028) ~[ozone-manager-1.3.0-SNAPSHOT.jar:?]
	at org.apache.hadoop.ozone.protocolPB.OzoneManagerRequestHandler.handleReadRequest(OzoneManagerRequestHandler.java:228) ~[ozone-manager-1.3.0-SNAPSHOT.jar:?]
	at org.apache.hadoop.ozone.protocolPB.OzoneManagerProtocolServerSideTranslatorPB.submitRequestDirectlyToOM(OzoneManagerProtocolServerSideTranslatorPB.java:284) ~[ozone-manager-1.3.0-SNAPSHOT.jar:?]
	at org.apache.hadoop.ozone.protocolPB.OzoneManagerProtocolServerSideTranslatorPB.processRequest(OzoneManagerProtocolServerSideTranslatorPB.java:207) ~[ozone-manager-1.3.0-SNAPSHOT.jar:?]
	at org.apache.hadoop.hdds.server.OzoneProtocolMessageDispatcher.processRequest(OzoneProtocolMessageDispatcher.java:87) [hdds-server-framework-1.3.0-SNAPSHOT.jar:?]
	at org.apache.hadoop.ozone.protocolPB.OzoneManagerProtocolServerSideTranslatorPB.submitRequest(OzoneManagerProtocolServerSideTranslatorPB.java:147) [ozone-manager-1.3.0-SNAPSHOT.jar:?]
	at org.apache.hadoop.ozone.protocol.proto.OzoneManagerProtocolProtos$OzoneManagerService$2.callBlockingMethod(OzoneManagerProtocolProtos.java) [ozone-interface-client-1.3.0-SNAPSHOT.jar:?]
	at org.apache.hadoop.ipc.ProtobufRpcEngine$Server.processCall(ProtobufRpcEngine.java:466) [hadoop-common-3.3.1.jar:?]
	at org.apache.hadoop.ipc.ProtobufRpcEngine2$Server$ProtoBufRpcInvoker.call(ProtobufRpcEngine2.java:574) [hadoop-common-3.3.1.jar:?]
	at org.apache.hadoop.ipc.ProtobufRpcEngine2$Server$ProtoBufRpcInvoker.call(ProtobufRpcEngine2.java:552) [hadoop-common-3.3.1.jar:?]
	at org.apache.hadoop.ipc.RPC$Server.call(RPC.java:1093) [hadoop-common-3.3.1.jar:?]
	at org.apache.hadoop.ipc.Server$RpcCall.run(Server.java:1035) [hadoop-common-3.3.1.jar:?]
	at org.apache.hadoop.ipc.Server$RpcCall.run(Server.java:963) [hadoop-common-3.3.1.jar:?]
	at java.security.AccessController.doPrivileged(Native Method) ~[?:1.8.0_332]
	at javax.security.auth.Subject.doAs(Subject.java:422) [?:1.8.0_332]
	at org.apache.hadoop.security.UserGroupInformation.doAs(UserGroupInformation.java:1878) [hadoop-common-3.3.1.jar:?]
	at org.apache.hadoop.ipc.Server$Handler.run(Server.java:2966) [hadoop-common-3.3.1.jar:?]
]]></system-out>
  </testcase>
  <testcase name="testRenameToExistingDir" classname="TestOzoneFileSystem" time="0.046">
    <system-out><![CDATA[13:07:37.143 [IPC Server handler 19 on default port 41441] ERROR OMAudit - user=runner | ip=127.0.0.1 | op=LIST_STATUS {volume=volume07034, bucket=bucket87468, key=b/a, dataSize=0, replicationConfig=null} | ret=FAILURE
org.apache.hadoop.ozone.om.exceptions.OMException: Unable to get file status: volume: volume07034 bucket: bucket87468 key: b/a
	at org.apache.hadoop.ozone.om.KeyManagerImpl.getOzoneFileStatus(KeyManagerImpl.java:1283) ~[ozone-manager-1.3.0-SNAPSHOT.jar:?]
	at org.apache.hadoop.ozone.om.KeyManagerImpl.getFileStatus(KeyManagerImpl.java:1213) ~[ozone-manager-1.3.0-SNAPSHOT.jar:?]
	at org.apache.hadoop.ozone.om.KeyManagerImpl.listStatus(KeyManagerImpl.java:1537) ~[ozone-manager-1.3.0-SNAPSHOT.jar:?]
	at org.apache.hadoop.ozone.om.OzoneManager.listStatus(OzoneManager.java:3497) ~[ozone-manager-1.3.0-SNAPSHOT.jar:?]
	at org.apache.hadoop.ozone.protocolPB.OzoneManagerRequestHandler.listStatus(OzoneManagerRequestHandler.java:1028) ~[ozone-manager-1.3.0-SNAPSHOT.jar:?]
	at org.apache.hadoop.ozone.protocolPB.OzoneManagerRequestHandler.handleReadRequest(OzoneManagerRequestHandler.java:228) ~[ozone-manager-1.3.0-SNAPSHOT.jar:?]
	at org.apache.hadoop.ozone.protocolPB.OzoneManagerProtocolServerSideTranslatorPB.submitReadRequestToOM(OzoneManagerProtocolServerSideTranslatorPB.java:225) ~[ozone-manager-1.3.0-SNAPSHOT.jar:?]
	at org.apache.hadoop.ozone.protocolPB.OzoneManagerProtocolServerSideTranslatorPB.processRequest(OzoneManagerProtocolServerSideTranslatorPB.java:175) ~[ozone-manager-1.3.0-SNAPSHOT.jar:?]
	at org.apache.hadoop.hdds.server.OzoneProtocolMessageDispatcher.processRequest(OzoneProtocolMessageDispatcher.java:87) [hdds-server-framework-1.3.0-SNAPSHOT.jar:?]
	at org.apache.hadoop.ozone.protocolPB.OzoneManagerProtocolServerSideTranslatorPB.submitRequest(OzoneManagerProtocolServerSideTranslatorPB.java:147) [ozone-manager-1.3.0-SNAPSHOT.jar:?]
	at org.apache.hadoop.ozone.protocol.proto.OzoneManagerProtocolProtos$OzoneManagerService$2.callBlockingMethod(OzoneManagerProtocolProtos.java) [ozone-interface-client-1.3.0-SNAPSHOT.jar:?]
	at org.apache.hadoop.ipc.ProtobufRpcEngine$Server.processCall(ProtobufRpcEngine.java:466) [hadoop-common-3.3.1.jar:?]
	at org.apache.hadoop.ipc.ProtobufRpcEngine2$Server$ProtoBufRpcInvoker.call(ProtobufRpcEngine2.java:574) [hadoop-common-3.3.1.jar:?]
	at org.apache.hadoop.ipc.ProtobufRpcEngine2$Server$ProtoBufRpcInvoker.call(ProtobufRpcEngine2.java:552) [hadoop-common-3.3.1.jar:?]
	at org.apache.hadoop.ipc.RPC$Server.call(RPC.java:1093) [hadoop-common-3.3.1.jar:?]
	at org.apache.hadoop.ipc.Server$RpcCall.run(Server.java:1035) [hadoop-common-3.3.1.jar:?]
	at org.apache.hadoop.ipc.Server$RpcCall.run(Server.java:963) [hadoop-common-3.3.1.jar:?]
	at java.security.AccessController.doPrivileged(Native Method) ~[?:1.8.0_332]
	at javax.security.auth.Subject.doAs(Subject.java:422) [?:1.8.0_332]
	at org.apache.hadoop.security.UserGroupInformation.doAs(UserGroupInformation.java:1878) [hadoop-common-3.3.1.jar:?]
	at org.apache.hadoop.ipc.Server$Handler.run(Server.java:2966) [hadoop-common-3.3.1.jar:?]
]]></system-out>
  </testcase>
  <testcase name="testRenameToExistingDir" classname="TestOzoneFileSystem" time="0.073">
    <system-out><![CDATA[13:08:52.469 [IPC Server handler 16 on default port 38405] ERROR OMAudit - user=runner | ip=127.0.0.1 | op=LIST_STATUS {volume=volume84440, bucket=bucket08814, key=b/a, dataSize=0, replicationConfig=null} | ret=FAILURE
org.apache.hadoop.ozone.om.exceptions.OMException: Unable to get file status: volume: volume84440 bucket: bucket08814 key: b/a
	at org.apache.hadoop.ozone.om.KeyManagerImpl.getOzoneFileStatus(KeyManagerImpl.java:1283) ~[ozone-manager-1.3.0-SNAPSHOT.jar:?]
	at org.apache.hadoop.ozone.om.KeyManagerImpl.getFileStatus(KeyManagerImpl.java:1213) ~[ozone-manager-1.3.0-SNAPSHOT.jar:?]
	at org.apache.hadoop.ozone.om.KeyManagerImpl.listStatus(KeyManagerImpl.java:1537) ~[ozone-manager-1.3.0-SNAPSHOT.jar:?]
	at org.apache.hadoop.ozone.om.OzoneManager.listStatus(OzoneManager.java:3497) ~[ozone-manager-1.3.0-SNAPSHOT.jar:?]
	at org.apache.hadoop.ozone.protocolPB.OzoneManagerRequestHandler.listStatus(OzoneManagerRequestHandler.java:1028) ~[ozone-manager-1.3.0-SNAPSHOT.jar:?]
	at org.apache.hadoop.ozone.protocolPB.OzoneManagerRequestHandler.handleReadRequest(OzoneManagerRequestHandler.java:228) ~[ozone-manager-1.3.0-SNAPSHOT.jar:?]
	at org.apache.hadoop.ozone.protocolPB.OzoneManagerProtocolServerSideTranslatorPB.submitRequestDirectlyToOM(OzoneManagerProtocolServerSideTranslatorPB.java:284) ~[ozone-manager-1.3.0-SNAPSHOT.jar:?]
	at org.apache.hadoop.ozone.protocolPB.OzoneManagerProtocolServerSideTranslatorPB.processRequest(OzoneManagerProtocolServerSideTranslatorPB.java:207) ~[ozone-manager-1.3.0-SNAPSHOT.jar:?]
	at org.apache.hadoop.hdds.server.OzoneProtocolMessageDispatcher.processRequest(OzoneProtocolMessageDispatcher.java:87) [hdds-server-framework-1.3.0-SNAPSHOT.jar:?]
	at org.apache.hadoop.ozone.protocolPB.OzoneManagerProtocolServerSideTranslatorPB.submitRequest(OzoneManagerProtocolServerSideTranslatorPB.java:147) [ozone-manager-1.3.0-SNAPSHOT.jar:?]
	at org.apache.hadoop.ozone.protocol.proto.OzoneManagerProtocolProtos$OzoneManagerService$2.callBlockingMethod(OzoneManagerProtocolProtos.java) [ozone-interface-client-1.3.0-SNAPSHOT.jar:?]
	at org.apache.hadoop.ipc.ProtobufRpcEngine$Server.processCall(ProtobufRpcEngine.java:466) [hadoop-common-3.3.1.jar:?]
	at org.apache.hadoop.ipc.ProtobufRpcEngine2$Server$ProtoBufRpcInvoker.call(ProtobufRpcEngine2.java:574) [hadoop-common-3.3.1.jar:?]
	at org.apache.hadoop.ipc.ProtobufRpcEngine2$Server$ProtoBufRpcInvoker.call(ProtobufRpcEngine2.java:552) [hadoop-common-3.3.1.jar:?]
	at org.apache.hadoop.ipc.RPC$Server.call(RPC.java:1093) [hadoop-common-3.3.1.jar:?]
	at org.apache.hadoop.ipc.Server$RpcCall.run(Server.java:1035) [hadoop-common-3.3.1.jar:?]
	at org.apache.hadoop.ipc.Server$RpcCall.run(Server.java:963) [hadoop-common-3.3.1.jar:?]
	at java.security.AccessController.doPrivileged(Native Method) ~[?:1.8.0_332]
	at javax.security.auth.Subject.doAs(Subject.java:422) [?:1.8.0_332]
	at org.apache.hadoop.security.UserGroupInformation.doAs(UserGroupInformation.java:1878) [hadoop-common-3.3.1.jar:?]
	at org.apache.hadoop.ipc.Server$Handler.run(Server.java:2966) [hadoop-common-3.3.1.jar:?]
]]></system-out>
  </testcase>
  <testcase name="testRenameDirToItsOwnSubDir" classname="TestOzoneFileSystem" time="0.02">
    <system-out><![CDATA[2022-06-19 13:05:02,957 [Time-limited test] INFO  ozone.TestOzoneFileSystem (TestOzoneFileSystem.java:testRenameDirToItsOwnSubDir(870)) - Created dir1 o3fs://bucket47939.volume58940/root/dir1/sub_dir1
2022-06-19 13:05:02,957 [Time-limited test] INFO  ozone.TestOzoneFileSystem (TestOzoneFileSystem.java:testRenameDirToItsOwnSubDir(873)) - Rename op-> source:o3fs://bucket47939.volume58940/root to destin:o3fs://bucket47939.volume58940/root/dir1/sub_dir1
]]></system-out>
  </testcase>
  <testcase name="testRenameDirToItsOwnSubDir" classname="TestOzoneFileSystem" time="0.019">
    <system-out><![CDATA[2022-06-19 13:06:21,796 [Time-limited test] INFO  ozone.TestOzoneFileSystem (TestOzoneFileSystem.java:testRenameDirToItsOwnSubDir(870)) - Created dir1 o3fs://bucket74908.volume87664/root/dir1/sub_dir1
2022-06-19 13:06:21,796 [Time-limited test] INFO  ozone.TestOzoneFileSystem (TestOzoneFileSystem.java:testRenameDirToItsOwnSubDir(873)) - Rename op-> source:o3fs://bucket74908.volume87664/root to destin:o3fs://bucket74908.volume87664/root/dir1/sub_dir1
]]></system-out>
  </testcase>
  <testcase name="testRenameDirToItsOwnSubDir" classname="TestOzoneFileSystem" time="0.017">
    <system-out><![CDATA[2022-06-19 13:07:37,168 [Time-limited test] INFO  ozone.TestOzoneFileSystem (TestOzoneFileSystem.java:testRenameDirToItsOwnSubDir(870)) - Created dir1 o3fs://bucket87468.volume07034/root/dir1/sub_dir1
2022-06-19 13:07:37,168 [Time-limited test] INFO  ozone.TestOzoneFileSystem (TestOzoneFileSystem.java:testRenameDirToItsOwnSubDir(873)) - Rename op-> source:o3fs://bucket87468.volume07034/root to destin:o3fs://bucket87468.volume07034/root/dir1/sub_dir1
]]></system-out>
  </testcase>
  <testcase name="testRenameDirToItsOwnSubDir" classname="TestOzoneFileSystem" time="0.03">
    <system-out><![CDATA[2022-06-19 13:08:52,530 [Time-limited test] INFO  ozone.TestOzoneFileSystem (TestOzoneFileSystem.java:testRenameDirToItsOwnSubDir(870)) - Created dir1 o3fs://bucket08814.volume84440/root/dir1/sub_dir1
2022-06-19 13:08:52,530 [Time-limited test] INFO  ozone.TestOzoneFileSystem (TestOzoneFileSystem.java:testRenameDirToItsOwnSubDir(873)) - Rename op-> source:o3fs://bucket08814.volume84440/root to destin:o3fs://bucket08814.volume84440/root/dir1/sub_dir1
]]></system-out>
  </testcase>
  <testcase name="testGetDirectoryModificationTime" classname="TestOzoneFileSystem" time="0.149"/>
  <testcase name="testGetDirectoryModificationTime" classname="TestOzoneFileSystem" time="0.131"/>
  <testcase name="testGetDirectoryModificationTime" classname="TestOzoneFileSystem" time="0.15"/>
  <testcase name="testGetDirectoryModificationTime" classname="TestOzoneFileSystem" time="0.166"/>
  <testcase name="testOzoneFsServiceLoader" classname="TestOzoneFileSystem" time="0.003"/>
  <testcase name="testOzoneFsServiceLoader" classname="TestOzoneFileSystem" time="0.023"/>
  <testcase name="testOzoneFsServiceLoader" classname="TestOzoneFileSystem" time="0.028"/>
  <testcase name="testOzoneFsServiceLoader" classname="TestOzoneFileSystem" time="0.003"/>
  <testcase name="testTrash" classname="TestOzoneFileSystem" time="5.077">
    <system-out><![CDATA[13:05:03.143 [IPC Server handler 18 on default port 33959] ERROR OMAudit - user=runner | ip=127.0.0.1 | op=GET_FILE_STATUS {volume=volume58940, bucket=bucket47939, key=.Trash/runner/Current/testKey2, dataSize=0, replicationConfig=null} | ret=FAILURE
org.apache.hadoop.ozone.om.exceptions.OMException: Unable to get file status: volume: volume58940 bucket: bucket47939 key: .Trash/runner/Current/testKey2
	at org.apache.hadoop.ozone.om.KeyManagerImpl.getOzoneFileStatus(KeyManagerImpl.java:1283) ~[ozone-manager-1.3.0-SNAPSHOT.jar:?]
	at org.apache.hadoop.ozone.om.KeyManagerImpl.getFileStatus(KeyManagerImpl.java:1213) ~[ozone-manager-1.3.0-SNAPSHOT.jar:?]
	at org.apache.hadoop.ozone.om.OzoneManager.getFileStatus(OzoneManager.java:3419) ~[ozone-manager-1.3.0-SNAPSHOT.jar:?]
	at org.apache.hadoop.ozone.protocolPB.OzoneManagerRequestHandler.getOzoneFileStatus(OzoneManagerRequestHandler.java:871) ~[ozone-manager-1.3.0-SNAPSHOT.jar:?]
	at org.apache.hadoop.ozone.protocolPB.OzoneManagerRequestHandler.handleReadRequest(OzoneManagerRequestHandler.java:217) ~[ozone-manager-1.3.0-SNAPSHOT.jar:?]
	at org.apache.hadoop.ozone.protocolPB.OzoneManagerProtocolServerSideTranslatorPB.submitReadRequestToOM(OzoneManagerProtocolServerSideTranslatorPB.java:225) ~[ozone-manager-1.3.0-SNAPSHOT.jar:?]
	at org.apache.hadoop.ozone.protocolPB.OzoneManagerProtocolServerSideTranslatorPB.processRequest(OzoneManagerProtocolServerSideTranslatorPB.java:175) ~[ozone-manager-1.3.0-SNAPSHOT.jar:?]
	at org.apache.hadoop.hdds.server.OzoneProtocolMessageDispatcher.processRequest(OzoneProtocolMessageDispatcher.java:87) [hdds-server-framework-1.3.0-SNAPSHOT.jar:?]
	at org.apache.hadoop.ozone.protocolPB.OzoneManagerProtocolServerSideTranslatorPB.submitRequest(OzoneManagerProtocolServerSideTranslatorPB.java:147) [ozone-manager-1.3.0-SNAPSHOT.jar:?]
	at org.apache.hadoop.ozone.protocol.proto.OzoneManagerProtocolProtos$OzoneManagerService$2.callBlockingMethod(OzoneManagerProtocolProtos.java) [ozone-interface-client-1.3.0-SNAPSHOT.jar:?]
	at org.apache.hadoop.ipc.ProtobufRpcEngine$Server.processCall(ProtobufRpcEngine.java:466) [hadoop-common-3.3.1.jar:?]
	at org.apache.hadoop.ipc.ProtobufRpcEngine2$Server$ProtoBufRpcInvoker.call(ProtobufRpcEngine2.java:574) [hadoop-common-3.3.1.jar:?]
	at org.apache.hadoop.ipc.ProtobufRpcEngine2$Server$ProtoBufRpcInvoker.call(ProtobufRpcEngine2.java:552) [hadoop-common-3.3.1.jar:?]
	at org.apache.hadoop.ipc.RPC$Server.call(RPC.java:1093) [hadoop-common-3.3.1.jar:?]
	at org.apache.hadoop.ipc.Server$RpcCall.run(Server.java:1035) [hadoop-common-3.3.1.jar:?]
	at org.apache.hadoop.ipc.Server$RpcCall.run(Server.java:963) [hadoop-common-3.3.1.jar:?]
	at java.security.AccessController.doPrivileged(Native Method) ~[?:1.8.0_332]
	at javax.security.auth.Subject.doAs(Subject.java:422) [?:1.8.0_332]
	at org.apache.hadoop.security.UserGroupInformation.doAs(UserGroupInformation.java:1878) [hadoop-common-3.3.1.jar:?]
	at org.apache.hadoop.ipc.Server$Handler.run(Server.java:2966) [hadoop-common-3.3.1.jar:?]
13:05:03.152 [IPC Server handler 7 on default port 33959] ERROR OMAudit - user=runner | ip=127.0.0.1 | op=GET_FILE_STATUS {volume=volume58940, bucket=bucket47939, key=.Trash/runner/Current/testKey2, dataSize=0, replicationConfig=null} | ret=FAILURE
org.apache.hadoop.ozone.om.exceptions.OMException: Unable to get file status: volume: volume58940 bucket: bucket47939 key: .Trash/runner/Current/testKey2
	at org.apache.hadoop.ozone.om.KeyManagerImpl.getOzoneFileStatus(KeyManagerImpl.java:1283) ~[ozone-manager-1.3.0-SNAPSHOT.jar:?]
	at org.apache.hadoop.ozone.om.KeyManagerImpl.getFileStatus(KeyManagerImpl.java:1213) ~[ozone-manager-1.3.0-SNAPSHOT.jar:?]
	at org.apache.hadoop.ozone.om.OzoneManager.getFileStatus(OzoneManager.java:3419) ~[ozone-manager-1.3.0-SNAPSHOT.jar:?]
	at org.apache.hadoop.ozone.protocolPB.OzoneManagerRequestHandler.getOzoneFileStatus(OzoneManagerRequestHandler.java:871) ~[ozone-manager-1.3.0-SNAPSHOT.jar:?]
	at org.apache.hadoop.ozone.protocolPB.OzoneManagerRequestHandler.handleReadRequest(OzoneManagerRequestHandler.java:217) ~[ozone-manager-1.3.0-SNAPSHOT.jar:?]
	at org.apache.hadoop.ozone.protocolPB.OzoneManagerProtocolServerSideTranslatorPB.submitReadRequestToOM(OzoneManagerProtocolServerSideTranslatorPB.java:225) ~[ozone-manager-1.3.0-SNAPSHOT.jar:?]
	at org.apache.hadoop.ozone.protocolPB.OzoneManagerProtocolServerSideTranslatorPB.processRequest(OzoneManagerProtocolServerSideTranslatorPB.java:175) ~[ozone-manager-1.3.0-SNAPSHOT.jar:?]
	at org.apache.hadoop.hdds.server.OzoneProtocolMessageDispatcher.processRequest(OzoneProtocolMessageDispatcher.java:87) [hdds-server-framework-1.3.0-SNAPSHOT.jar:?]
	at org.apache.hadoop.ozone.protocolPB.OzoneManagerProtocolServerSideTranslatorPB.submitRequest(OzoneManagerProtocolServerSideTranslatorPB.java:147) [ozone-manager-1.3.0-SNAPSHOT.jar:?]
	at org.apache.hadoop.ozone.protocol.proto.OzoneManagerProtocolProtos$OzoneManagerService$2.callBlockingMethod(OzoneManagerProtocolProtos.java) [ozone-interface-client-1.3.0-SNAPSHOT.jar:?]
	at org.apache.hadoop.ipc.ProtobufRpcEngine$Server.processCall(ProtobufRpcEngine.java:466) [hadoop-common-3.3.1.jar:?]
	at org.apache.hadoop.ipc.ProtobufRpcEngine2$Server$ProtoBufRpcInvoker.call(ProtobufRpcEngine2.java:574) [hadoop-common-3.3.1.jar:?]
	at org.apache.hadoop.ipc.ProtobufRpcEngine2$Server$ProtoBufRpcInvoker.call(ProtobufRpcEngine2.java:552) [hadoop-common-3.3.1.jar:?]
	at org.apache.hadoop.ipc.RPC$Server.call(RPC.java:1093) [hadoop-common-3.3.1.jar:?]
	at org.apache.hadoop.ipc.Server$RpcCall.run(Server.java:1035) [hadoop-common-3.3.1.jar:?]
	at org.apache.hadoop.ipc.Server$RpcCall.run(Server.java:963) [hadoop-common-3.3.1.jar:?]
	at java.security.AccessController.doPrivileged(Native Method) ~[?:1.8.0_332]
	at javax.security.auth.Subject.doAs(Subject.java:422) [?:1.8.0_332]
	at org.apache.hadoop.security.UserGroupInformation.doAs(UserGroupInformation.java:1878) [hadoop-common-3.3.1.jar:?]
	at org.apache.hadoop.ipc.Server$Handler.run(Server.java:2966) [hadoop-common-3.3.1.jar:?]
2022-06-19 13:05:03,160 [Time-limited test] INFO  fs.TrashPolicyDefault (TrashPolicyDefault.java:moveToTrash(188)) - Moved: '/testKey2' to trash at: /.Trash/runner/Current/testKey2
2022-06-19 13:05:04,835 [d57ef6cc-857b-4c4f-ab3c-49c4eddebbaf@group-B66F265A3155-FollowerState] INFO  impl.FollowerState (FollowerState.java:run(143)) - d57ef6cc-857b-4c4f-ab3c-49c4eddebbaf@group-B66F265A3155-FollowerState: change to CANDIDATE, lastRpcElapsedTime:5042410400ns, electionTimeout:5041ms
2022-06-19 13:05:04,835 [d57ef6cc-857b-4c4f-ab3c-49c4eddebbaf@group-B66F265A3155-FollowerState] INFO  impl.RoleInfo (RoleInfo.java:shutdownFollowerState(110)) - d57ef6cc-857b-4c4f-ab3c-49c4eddebbaf: shutdown d57ef6cc-857b-4c4f-ab3c-49c4eddebbaf@group-B66F265A3155-FollowerState
2022-06-19 13:05:04,835 [d57ef6cc-857b-4c4f-ab3c-49c4eddebbaf@group-B66F265A3155-FollowerState] INFO  server.RaftServer$Division (RaftServerImpl.java:setRole(299)) - d57ef6cc-857b-4c4f-ab3c-49c4eddebbaf@group-B66F265A3155: changes role from  FOLLOWER to CANDIDATE at term 1 for changeToCandidate
2022-06-19 13:05:04,835 [d57ef6cc-857b-4c4f-ab3c-49c4eddebbaf@group-B66F265A3155-FollowerState] INFO  server.RaftServerConfigKeys (ConfUtils.java:logGet(46)) - raft.server.leaderelection.pre-vote = false (custom)
2022-06-19 13:05:04,835 [d57ef6cc-857b-4c4f-ab3c-49c4eddebbaf@group-B66F265A3155-FollowerState] INFO  impl.RoleInfo (RoleInfo.java:updateAndGet(139)) - d57ef6cc-857b-4c4f-ab3c-49c4eddebbaf: start d57ef6cc-857b-4c4f-ab3c-49c4eddebbaf@group-B66F265A3155-LeaderElection10
2022-06-19 13:05:04,838 [d57ef6cc-857b-4c4f-ab3c-49c4eddebbaf@group-B66F265A3155-LeaderElection10] INFO  impl.LeaderElection (LeaderElection.java:askForVotes(310)) - d57ef6cc-857b-4c4f-ab3c-49c4eddebbaf@group-B66F265A3155-LeaderElection10 ELECTION round 0: submit vote requests at term 2 for -1: [d57ef6cc-857b-4c4f-ab3c-49c4eddebbaf|rpc:10.1.0.4:38535|priority:0, 3336e988-a1cc-4f09-b2d1-22a9863ee945|rpc:10.1.0.4:37777|priority:0, a1a795c4-f5a2-46b7-b5e4-aef7f82751b2|rpc:10.1.0.4:34871|priority:1], old=null
2022-06-19 13:05:04,844 [grpc-default-executor-1] INFO  server.RaftServer$Division (RaftServerImpl.java:requestVote(1152)) - 3336e988-a1cc-4f09-b2d1-22a9863ee945@group-B66F265A3155: receive requestVote(ELECTION, d57ef6cc-857b-4c4f-ab3c-49c4eddebbaf, group-B66F265A3155, 2, (t:0, i:0))
2022-06-19 13:05:04,844 [grpc-default-executor-3] INFO  server.RaftServer$Division (RaftServerImpl.java:requestVote(1152)) - a1a795c4-f5a2-46b7-b5e4-aef7f82751b2@group-B66F265A3155: receive requestVote(ELECTION, d57ef6cc-857b-4c4f-ab3c-49c4eddebbaf, group-B66F265A3155, 2, (t:0, i:0))
2022-06-19 13:05:04,845 [grpc-default-executor-3] INFO  impl.VoteContext (VoteContext.java:log(48)) - a1a795c4-f5a2-46b7-b5e4-aef7f82751b2@group-B66F265A3155-FOLLOWER: reject ELECTION from d57ef6cc-857b-4c4f-ab3c-49c4eddebbaf: our priority 1 > candidate's priority 0
2022-06-19 13:05:04,845 [grpc-default-executor-3] INFO  server.RaftServer$Division (RaftServerImpl.java:setRole(299)) - a1a795c4-f5a2-46b7-b5e4-aef7f82751b2@group-B66F265A3155: changes role from  FOLLOWER to FOLLOWER at term 2 for candidate:d57ef6cc-857b-4c4f-ab3c-49c4eddebbaf
2022-06-19 13:05:04,845 [grpc-default-executor-3] INFO  impl.RoleInfo (RoleInfo.java:shutdownFollowerState(110)) - a1a795c4-f5a2-46b7-b5e4-aef7f82751b2: shutdown a1a795c4-f5a2-46b7-b5e4-aef7f82751b2@group-B66F265A3155-FollowerState
2022-06-19 13:05:04,845 [grpc-default-executor-3] INFO  impl.RoleInfo (RoleInfo.java:updateAndGet(139)) - a1a795c4-f5a2-46b7-b5e4-aef7f82751b2: start a1a795c4-f5a2-46b7-b5e4-aef7f82751b2@group-B66F265A3155-FollowerState
2022-06-19 13:05:04,845 [grpc-default-executor-1] INFO  impl.VoteContext (VoteContext.java:log(48)) - 3336e988-a1cc-4f09-b2d1-22a9863ee945@group-B66F265A3155-FOLLOWER: accept ELECTION from d57ef6cc-857b-4c4f-ab3c-49c4eddebbaf: our priority 0 <= candidate's priority 0
2022-06-19 13:05:04,846 [grpc-default-executor-1] INFO  server.RaftServer$Division (RaftServerImpl.java:setRole(299)) - 3336e988-a1cc-4f09-b2d1-22a9863ee945@group-B66F265A3155: changes role from  FOLLOWER to FOLLOWER at term 2 for candidate:d57ef6cc-857b-4c4f-ab3c-49c4eddebbaf
2022-06-19 13:05:04,846 [grpc-default-executor-1] INFO  impl.RoleInfo (RoleInfo.java:shutdownFollowerState(110)) - 3336e988-a1cc-4f09-b2d1-22a9863ee945: shutdown 3336e988-a1cc-4f09-b2d1-22a9863ee945@group-B66F265A3155-FollowerState
2022-06-19 13:05:04,846 [a1a795c4-f5a2-46b7-b5e4-aef7f82751b2@group-B66F265A3155-FollowerState] INFO  impl.FollowerState (FollowerState.java:run(152)) - a1a795c4-f5a2-46b7-b5e4-aef7f82751b2@group-B66F265A3155-FollowerState was interrupted
2022-06-19 13:05:04,853 [3336e988-a1cc-4f09-b2d1-22a9863ee945@group-B66F265A3155-FollowerState] INFO  impl.FollowerState (FollowerState.java:run(152)) - 3336e988-a1cc-4f09-b2d1-22a9863ee945@group-B66F265A3155-FollowerState was interrupted
2022-06-19 13:05:04,853 [grpc-default-executor-1] INFO  impl.RoleInfo (RoleInfo.java:updateAndGet(139)) - 3336e988-a1cc-4f09-b2d1-22a9863ee945: start 3336e988-a1cc-4f09-b2d1-22a9863ee945@group-B66F265A3155-FollowerState
2022-06-19 13:05:04,854 [grpc-default-executor-3] INFO  server.RaftServer$Division (RaftServerImpl.java:requestVote(1184)) - a1a795c4-f5a2-46b7-b5e4-aef7f82751b2@group-B66F265A3155 replies to ELECTION vote request: d57ef6cc-857b-4c4f-ab3c-49c4eddebbaf<-a1a795c4-f5a2-46b7-b5e4-aef7f82751b2#0:FAIL-t2. Peer's state: a1a795c4-f5a2-46b7-b5e4-aef7f82751b2@group-B66F265A3155:t2, leader=null, voted=null, raftlog=a1a795c4-f5a2-46b7-b5e4-aef7f82751b2@group-B66F265A3155-SegmentedRaftLog:OPENED:c-1, conf=-1: [d57ef6cc-857b-4c4f-ab3c-49c4eddebbaf|rpc:10.1.0.4:38535|priority:0, 3336e988-a1cc-4f09-b2d1-22a9863ee945|rpc:10.1.0.4:37777|priority:0, a1a795c4-f5a2-46b7-b5e4-aef7f82751b2|rpc:10.1.0.4:34871|priority:1], old=null
2022-06-19 13:05:04,856 [d57ef6cc-857b-4c4f-ab3c-49c4eddebbaf@group-B66F265A3155-LeaderElection10] INFO  impl.LeaderElection (LeaderElection.java:logAndReturn(90)) - d57ef6cc-857b-4c4f-ab3c-49c4eddebbaf@group-B66F265A3155-LeaderElection10: ELECTION REJECTED received 1 response(s) and 0 exception(s):
2022-06-19 13:05:04,856 [d57ef6cc-857b-4c4f-ab3c-49c4eddebbaf@group-B66F265A3155-LeaderElection10] INFO  impl.LeaderElection (LeaderElection.java:logAndReturn(94)) -   Response 0: d57ef6cc-857b-4c4f-ab3c-49c4eddebbaf<-a1a795c4-f5a2-46b7-b5e4-aef7f82751b2#0:FAIL-t2
2022-06-19 13:05:04,856 [d57ef6cc-857b-4c4f-ab3c-49c4eddebbaf@group-B66F265A3155-LeaderElection10] INFO  impl.LeaderElection (LeaderElection.java:askForVotes(312)) - d57ef6cc-857b-4c4f-ab3c-49c4eddebbaf@group-B66F265A3155-LeaderElection10 ELECTION round 0: result REJECTED
2022-06-19 13:05:04,856 [d57ef6cc-857b-4c4f-ab3c-49c4eddebbaf@group-B66F265A3155-LeaderElection10] INFO  server.RaftServer$Division (RaftServerImpl.java:setRole(299)) - d57ef6cc-857b-4c4f-ab3c-49c4eddebbaf@group-B66F265A3155: changes role from CANDIDATE to FOLLOWER at term 2 for REJECTED
2022-06-19 13:05:04,856 [d57ef6cc-857b-4c4f-ab3c-49c4eddebbaf@group-B66F265A3155-LeaderElection10] INFO  impl.RoleInfo (RoleInfo.java:shutdownLeaderElection(130)) - d57ef6cc-857b-4c4f-ab3c-49c4eddebbaf: shutdown d57ef6cc-857b-4c4f-ab3c-49c4eddebbaf@group-B66F265A3155-LeaderElection10
2022-06-19 13:05:04,856 [d57ef6cc-857b-4c4f-ab3c-49c4eddebbaf@group-B66F265A3155-LeaderElection10] INFO  impl.RoleInfo (RoleInfo.java:updateAndGet(139)) - d57ef6cc-857b-4c4f-ab3c-49c4eddebbaf: start d57ef6cc-857b-4c4f-ab3c-49c4eddebbaf@group-B66F265A3155-FollowerState
2022-06-19 13:05:04,857 [grpc-default-executor-1] INFO  server.RaftServer$Division (RaftServerImpl.java:requestVote(1184)) - 3336e988-a1cc-4f09-b2d1-22a9863ee945@group-B66F265A3155 replies to ELECTION vote request: d57ef6cc-857b-4c4f-ab3c-49c4eddebbaf<-3336e988-a1cc-4f09-b2d1-22a9863ee945#0:OK-t2. Peer's state: 3336e988-a1cc-4f09-b2d1-22a9863ee945@group-B66F265A3155:t2, leader=null, voted=d57ef6cc-857b-4c4f-ab3c-49c4eddebbaf, raftlog=3336e988-a1cc-4f09-b2d1-22a9863ee945@group-B66F265A3155-SegmentedRaftLog:OPENED:c-1, conf=-1: [d57ef6cc-857b-4c4f-ab3c-49c4eddebbaf|rpc:10.1.0.4:38535|dataStream:|priority:0, 3336e988-a1cc-4f09-b2d1-22a9863ee945|rpc:10.1.0.4:37777|dataStream:|priority:0, a1a795c4-f5a2-46b7-b5e4-aef7f82751b2|rpc:10.1.0.4:34871|dataStream:|priority:1], old=null
13:05:05.167 [IPC Server handler 0 on default port 33959] ERROR OMAudit - user=runner | ip=127.0.0.1 | op=GET_FILE_STATUS {volume=volume58940, bucket=bucket47939, key=.Trash/runner/Current/testKey2, dataSize=0, replicationConfig=null} | ret=FAILURE
org.apache.hadoop.ozone.om.exceptions.OMException: Unable to get file status: volume: volume58940 bucket: bucket47939 key: .Trash/runner/Current/testKey2
	at org.apache.hadoop.ozone.om.KeyManagerImpl.getOzoneFileStatus(KeyManagerImpl.java:1283) ~[ozone-manager-1.3.0-SNAPSHOT.jar:?]
	at org.apache.hadoop.ozone.om.KeyManagerImpl.getFileStatus(KeyManagerImpl.java:1213) ~[ozone-manager-1.3.0-SNAPSHOT.jar:?]
	at org.apache.hadoop.ozone.om.OzoneManager.getFileStatus(OzoneManager.java:3419) ~[ozone-manager-1.3.0-SNAPSHOT.jar:?]
	at org.apache.hadoop.ozone.protocolPB.OzoneManagerRequestHandler.getOzoneFileStatus(OzoneManagerRequestHandler.java:871) ~[ozone-manager-1.3.0-SNAPSHOT.jar:?]
	at org.apache.hadoop.ozone.protocolPB.OzoneManagerRequestHandler.handleReadRequest(OzoneManagerRequestHandler.java:217) ~[ozone-manager-1.3.0-SNAPSHOT.jar:?]
	at org.apache.hadoop.ozone.protocolPB.OzoneManagerProtocolServerSideTranslatorPB.submitReadRequestToOM(OzoneManagerProtocolServerSideTranslatorPB.java:225) ~[ozone-manager-1.3.0-SNAPSHOT.jar:?]
	at org.apache.hadoop.ozone.protocolPB.OzoneManagerProtocolServerSideTranslatorPB.processRequest(OzoneManagerProtocolServerSideTranslatorPB.java:175) ~[ozone-manager-1.3.0-SNAPSHOT.jar:?]
	at org.apache.hadoop.hdds.server.OzoneProtocolMessageDispatcher.processRequest(OzoneProtocolMessageDispatcher.java:87) [hdds-server-framework-1.3.0-SNAPSHOT.jar:?]
	at org.apache.hadoop.ozone.protocolPB.OzoneManagerProtocolServerSideTranslatorPB.submitRequest(OzoneManagerProtocolServerSideTranslatorPB.java:147) [ozone-manager-1.3.0-SNAPSHOT.jar:?]
	at org.apache.hadoop.ozone.protocol.proto.OzoneManagerProtocolProtos$OzoneManagerService$2.callBlockingMethod(OzoneManagerProtocolProtos.java) [ozone-interface-client-1.3.0-SNAPSHOT.jar:?]
	at org.apache.hadoop.ipc.ProtobufRpcEngine$Server.processCall(ProtobufRpcEngine.java:466) [hadoop-common-3.3.1.jar:?]
	at org.apache.hadoop.ipc.ProtobufRpcEngine2$Server$ProtoBufRpcInvoker.call(ProtobufRpcEngine2.java:574) [hadoop-common-3.3.1.jar:?]
	at org.apache.hadoop.ipc.ProtobufRpcEngine2$Server$ProtoBufRpcInvoker.call(ProtobufRpcEngine2.java:552) [hadoop-common-3.3.1.jar:?]
	at org.apache.hadoop.ipc.RPC$Server.call(RPC.java:1093) [hadoop-common-3.3.1.jar:?]
	at org.apache.hadoop.ipc.Server$RpcCall.run(Server.java:1035) [hadoop-common-3.3.1.jar:?]
	at org.apache.hadoop.ipc.Server$RpcCall.run(Server.java:963) [hadoop-common-3.3.1.jar:?]
	at java.security.AccessController.doPrivileged(Native Method) ~[?:1.8.0_332]
	at javax.security.auth.Subject.doAs(Subject.java:422) [?:1.8.0_332]
	at org.apache.hadoop.security.UserGroupInformation.doAs(UserGroupInformation.java:1878) [hadoop-common-3.3.1.jar:?]
	at org.apache.hadoop.ipc.Server$Handler.run(Server.java:2966) [hadoop-common-3.3.1.jar:?]
]]></system-out>
  </testcase>
  <testcase name="testTrash" classname="TestOzoneFileSystem" time="4.063">
    <system-out><![CDATA[13:06:21.983 [IPC Server handler 0 on default port 45241] ERROR OMAudit - user=runner | ip=127.0.0.1 | op=GET_FILE_STATUS {volume=volume87664, bucket=bucket74908, key=.Trash/runner/Current/testKey2, dataSize=0, replicationConfig=null} | ret=FAILURE
org.apache.hadoop.ozone.om.exceptions.OMException: Unable to get file status: volume: volume87664 bucket: bucket74908 key: .Trash/runner/Current/testKey2
	at org.apache.hadoop.ozone.om.KeyManagerImpl.getOzoneFileStatus(KeyManagerImpl.java:1283) ~[ozone-manager-1.3.0-SNAPSHOT.jar:?]
	at org.apache.hadoop.ozone.om.KeyManagerImpl.getFileStatus(KeyManagerImpl.java:1213) ~[ozone-manager-1.3.0-SNAPSHOT.jar:?]
	at org.apache.hadoop.ozone.om.OzoneManager.getFileStatus(OzoneManager.java:3419) ~[ozone-manager-1.3.0-SNAPSHOT.jar:?]
	at org.apache.hadoop.ozone.protocolPB.OzoneManagerRequestHandler.getOzoneFileStatus(OzoneManagerRequestHandler.java:871) ~[ozone-manager-1.3.0-SNAPSHOT.jar:?]
	at org.apache.hadoop.ozone.protocolPB.OzoneManagerRequestHandler.handleReadRequest(OzoneManagerRequestHandler.java:217) ~[ozone-manager-1.3.0-SNAPSHOT.jar:?]
	at org.apache.hadoop.ozone.protocolPB.OzoneManagerProtocolServerSideTranslatorPB.submitRequestDirectlyToOM(OzoneManagerProtocolServerSideTranslatorPB.java:284) ~[ozone-manager-1.3.0-SNAPSHOT.jar:?]
	at org.apache.hadoop.ozone.protocolPB.OzoneManagerProtocolServerSideTranslatorPB.processRequest(OzoneManagerProtocolServerSideTranslatorPB.java:207) ~[ozone-manager-1.3.0-SNAPSHOT.jar:?]
	at org.apache.hadoop.hdds.server.OzoneProtocolMessageDispatcher.processRequest(OzoneProtocolMessageDispatcher.java:87) [hdds-server-framework-1.3.0-SNAPSHOT.jar:?]
	at org.apache.hadoop.ozone.protocolPB.OzoneManagerProtocolServerSideTranslatorPB.submitRequest(OzoneManagerProtocolServerSideTranslatorPB.java:147) [ozone-manager-1.3.0-SNAPSHOT.jar:?]
	at org.apache.hadoop.ozone.protocol.proto.OzoneManagerProtocolProtos$OzoneManagerService$2.callBlockingMethod(OzoneManagerProtocolProtos.java) [ozone-interface-client-1.3.0-SNAPSHOT.jar:?]
	at org.apache.hadoop.ipc.ProtobufRpcEngine$Server.processCall(ProtobufRpcEngine.java:466) [hadoop-common-3.3.1.jar:?]
	at org.apache.hadoop.ipc.ProtobufRpcEngine2$Server$ProtoBufRpcInvoker.call(ProtobufRpcEngine2.java:574) [hadoop-common-3.3.1.jar:?]
	at org.apache.hadoop.ipc.ProtobufRpcEngine2$Server$ProtoBufRpcInvoker.call(ProtobufRpcEngine2.java:552) [hadoop-common-3.3.1.jar:?]
	at org.apache.hadoop.ipc.RPC$Server.call(RPC.java:1093) [hadoop-common-3.3.1.jar:?]
	at org.apache.hadoop.ipc.Server$RpcCall.run(Server.java:1035) [hadoop-common-3.3.1.jar:?]
	at org.apache.hadoop.ipc.Server$RpcCall.run(Server.java:963) [hadoop-common-3.3.1.jar:?]
	at java.security.AccessController.doPrivileged(Native Method) ~[?:1.8.0_332]
	at javax.security.auth.Subject.doAs(Subject.java:422) [?:1.8.0_332]
	at org.apache.hadoop.security.UserGroupInformation.doAs(UserGroupInformation.java:1878) [hadoop-common-3.3.1.jar:?]
	at org.apache.hadoop.ipc.Server$Handler.run(Server.java:2966) [hadoop-common-3.3.1.jar:?]
13:06:21.984 [IPC Server handler 9 on default port 45241] ERROR OMAudit - user=runner | ip=127.0.0.1 | op=GET_FILE_STATUS {volume=volume87664, bucket=bucket74908, key=.Trash/runner/Current/testKey2, dataSize=0, replicationConfig=null} | ret=FAILURE
org.apache.hadoop.ozone.om.exceptions.OMException: Unable to get file status: volume: volume87664 bucket: bucket74908 key: .Trash/runner/Current/testKey2
	at org.apache.hadoop.ozone.om.KeyManagerImpl.getOzoneFileStatus(KeyManagerImpl.java:1283) ~[ozone-manager-1.3.0-SNAPSHOT.jar:?]
	at org.apache.hadoop.ozone.om.KeyManagerImpl.getFileStatus(KeyManagerImpl.java:1213) ~[ozone-manager-1.3.0-SNAPSHOT.jar:?]
	at org.apache.hadoop.ozone.om.OzoneManager.getFileStatus(OzoneManager.java:3419) ~[ozone-manager-1.3.0-SNAPSHOT.jar:?]
	at org.apache.hadoop.ozone.protocolPB.OzoneManagerRequestHandler.getOzoneFileStatus(OzoneManagerRequestHandler.java:871) ~[ozone-manager-1.3.0-SNAPSHOT.jar:?]
	at org.apache.hadoop.ozone.protocolPB.OzoneManagerRequestHandler.handleReadRequest(OzoneManagerRequestHandler.java:217) ~[ozone-manager-1.3.0-SNAPSHOT.jar:?]
	at org.apache.hadoop.ozone.protocolPB.OzoneManagerProtocolServerSideTranslatorPB.submitRequestDirectlyToOM(OzoneManagerProtocolServerSideTranslatorPB.java:284) ~[ozone-manager-1.3.0-SNAPSHOT.jar:?]
	at org.apache.hadoop.ozone.protocolPB.OzoneManagerProtocolServerSideTranslatorPB.processRequest(OzoneManagerProtocolServerSideTranslatorPB.java:207) ~[ozone-manager-1.3.0-SNAPSHOT.jar:?]
	at org.apache.hadoop.hdds.server.OzoneProtocolMessageDispatcher.processRequest(OzoneProtocolMessageDispatcher.java:87) [hdds-server-framework-1.3.0-SNAPSHOT.jar:?]
	at org.apache.hadoop.ozone.protocolPB.OzoneManagerProtocolServerSideTranslatorPB.submitRequest(OzoneManagerProtocolServerSideTranslatorPB.java:147) [ozone-manager-1.3.0-SNAPSHOT.jar:?]
	at org.apache.hadoop.ozone.protocol.proto.OzoneManagerProtocolProtos$OzoneManagerService$2.callBlockingMethod(OzoneManagerProtocolProtos.java) [ozone-interface-client-1.3.0-SNAPSHOT.jar:?]
	at org.apache.hadoop.ipc.ProtobufRpcEngine$Server.processCall(ProtobufRpcEngine.java:466) [hadoop-common-3.3.1.jar:?]
	at org.apache.hadoop.ipc.ProtobufRpcEngine2$Server$ProtoBufRpcInvoker.call(ProtobufRpcEngine2.java:574) [hadoop-common-3.3.1.jar:?]
	at org.apache.hadoop.ipc.ProtobufRpcEngine2$Server$ProtoBufRpcInvoker.call(ProtobufRpcEngine2.java:552) [hadoop-common-3.3.1.jar:?]
	at org.apache.hadoop.ipc.RPC$Server.call(RPC.java:1093) [hadoop-common-3.3.1.jar:?]
	at org.apache.hadoop.ipc.Server$RpcCall.run(Server.java:1035) [hadoop-common-3.3.1.jar:?]
	at org.apache.hadoop.ipc.Server$RpcCall.run(Server.java:963) [hadoop-common-3.3.1.jar:?]
	at java.security.AccessController.doPrivileged(Native Method) ~[?:1.8.0_332]
	at javax.security.auth.Subject.doAs(Subject.java:422) [?:1.8.0_332]
	at org.apache.hadoop.security.UserGroupInformation.doAs(UserGroupInformation.java:1878) [hadoop-common-3.3.1.jar:?]
	at org.apache.hadoop.ipc.Server$Handler.run(Server.java:2966) [hadoop-common-3.3.1.jar:?]
2022-06-19 13:06:21,987 [Time-limited test] INFO  fs.TrashPolicyDefault (TrashPolicyDefault.java:moveToTrash(188)) - Moved: '/testKey2' to trash at: /.Trash/runner/Current/testKey2
13:06:23.006 [IPC Server handler 16 on default port 45241] ERROR OMAudit - user=runner | ip=127.0.0.1 | op=GET_FILE_STATUS {volume=volume87664, bucket=bucket74908, key=.Trash/runner/Current/testKey2, dataSize=0, replicationConfig=null} | ret=FAILURE
org.apache.hadoop.ozone.om.exceptions.OMException: Unable to get file status: volume: volume87664 bucket: bucket74908 key: .Trash/runner/Current/testKey2
	at org.apache.hadoop.ozone.om.KeyManagerImpl.getOzoneFileStatus(KeyManagerImpl.java:1283) ~[ozone-manager-1.3.0-SNAPSHOT.jar:?]
	at org.apache.hadoop.ozone.om.KeyManagerImpl.getFileStatus(KeyManagerImpl.java:1213) ~[ozone-manager-1.3.0-SNAPSHOT.jar:?]
	at org.apache.hadoop.ozone.om.OzoneManager.getFileStatus(OzoneManager.java:3419) ~[ozone-manager-1.3.0-SNAPSHOT.jar:?]
	at org.apache.hadoop.ozone.protocolPB.OzoneManagerRequestHandler.getOzoneFileStatus(OzoneManagerRequestHandler.java:871) ~[ozone-manager-1.3.0-SNAPSHOT.jar:?]
	at org.apache.hadoop.ozone.protocolPB.OzoneManagerRequestHandler.handleReadRequest(OzoneManagerRequestHandler.java:217) ~[ozone-manager-1.3.0-SNAPSHOT.jar:?]
	at org.apache.hadoop.ozone.protocolPB.OzoneManagerProtocolServerSideTranslatorPB.submitRequestDirectlyToOM(OzoneManagerProtocolServerSideTranslatorPB.java:284) ~[ozone-manager-1.3.0-SNAPSHOT.jar:?]
	at org.apache.hadoop.ozone.protocolPB.OzoneManagerProtocolServerSideTranslatorPB.processRequest(OzoneManagerProtocolServerSideTranslatorPB.java:207) ~[ozone-manager-1.3.0-SNAPSHOT.jar:?]
	at org.apache.hadoop.hdds.server.OzoneProtocolMessageDispatcher.processRequest(OzoneProtocolMessageDispatcher.java:87) [hdds-server-framework-1.3.0-SNAPSHOT.jar:?]
	at org.apache.hadoop.ozone.protocolPB.OzoneManagerProtocolServerSideTranslatorPB.submitRequest(OzoneManagerProtocolServerSideTranslatorPB.java:147) [ozone-manager-1.3.0-SNAPSHOT.jar:?]
	at org.apache.hadoop.ozone.protocol.proto.OzoneManagerProtocolProtos$OzoneManagerService$2.callBlockingMethod(OzoneManagerProtocolProtos.java) [ozone-interface-client-1.3.0-SNAPSHOT.jar:?]
	at org.apache.hadoop.ipc.ProtobufRpcEngine$Server.processCall(ProtobufRpcEngine.java:466) [hadoop-common-3.3.1.jar:?]
	at org.apache.hadoop.ipc.ProtobufRpcEngine2$Server$ProtoBufRpcInvoker.call(ProtobufRpcEngine2.java:574) [hadoop-common-3.3.1.jar:?]
	at org.apache.hadoop.ipc.ProtobufRpcEngine2$Server$ProtoBufRpcInvoker.call(ProtobufRpcEngine2.java:552) [hadoop-common-3.3.1.jar:?]
	at org.apache.hadoop.ipc.RPC$Server.call(RPC.java:1093) [hadoop-common-3.3.1.jar:?]
	at org.apache.hadoop.ipc.Server$RpcCall.run(Server.java:1035) [hadoop-common-3.3.1.jar:?]
	at org.apache.hadoop.ipc.Server$RpcCall.run(Server.java:963) [hadoop-common-3.3.1.jar:?]
	at java.security.AccessController.doPrivileged(Native Method) ~[?:1.8.0_332]
	at javax.security.auth.Subject.doAs(Subject.java:422) [?:1.8.0_332]
	at org.apache.hadoop.security.UserGroupInformation.doAs(UserGroupInformation.java:1878) [hadoop-common-3.3.1.jar:?]
	at org.apache.hadoop.ipc.Server$Handler.run(Server.java:2966) [hadoop-common-3.3.1.jar:?]
2022-06-19 13:06:23,955 [6b51f01e-b5c0-4678-b58a-fec8e2165d46@group-4B69A0B6D22F-FollowerState] INFO  impl.FollowerState (FollowerState.java:run(143)) - 6b51f01e-b5c0-4678-b58a-fec8e2165d46@group-4B69A0B6D22F-FollowerState: change to CANDIDATE, lastRpcElapsedTime:5113278440ns, electionTimeout:5083ms
2022-06-19 13:06:23,955 [6b51f01e-b5c0-4678-b58a-fec8e2165d46@group-4B69A0B6D22F-FollowerState] INFO  impl.RoleInfo (RoleInfo.java:shutdownFollowerState(110)) - 6b51f01e-b5c0-4678-b58a-fec8e2165d46: shutdown 6b51f01e-b5c0-4678-b58a-fec8e2165d46@group-4B69A0B6D22F-FollowerState
2022-06-19 13:06:23,955 [6b51f01e-b5c0-4678-b58a-fec8e2165d46@group-4B69A0B6D22F-FollowerState] INFO  server.RaftServer$Division (RaftServerImpl.java:setRole(299)) - 6b51f01e-b5c0-4678-b58a-fec8e2165d46@group-4B69A0B6D22F: changes role from  FOLLOWER to CANDIDATE at term 3 for changeToCandidate
2022-06-19 13:06:23,955 [6b51f01e-b5c0-4678-b58a-fec8e2165d46@group-4B69A0B6D22F-FollowerState] INFO  server.RaftServerConfigKeys (ConfUtils.java:logGet(46)) - raft.server.leaderelection.pre-vote = false (custom)
2022-06-19 13:06:23,955 [6b51f01e-b5c0-4678-b58a-fec8e2165d46@group-4B69A0B6D22F-FollowerState] INFO  impl.RoleInfo (RoleInfo.java:updateAndGet(139)) - 6b51f01e-b5c0-4678-b58a-fec8e2165d46: start 6b51f01e-b5c0-4678-b58a-fec8e2165d46@group-4B69A0B6D22F-LeaderElection36
2022-06-19 13:06:23,961 [6b51f01e-b5c0-4678-b58a-fec8e2165d46@group-4B69A0B6D22F-LeaderElection36] INFO  impl.LeaderElection (LeaderElection.java:askForVotes(310)) - 6b51f01e-b5c0-4678-b58a-fec8e2165d46@group-4B69A0B6D22F-LeaderElection36 ELECTION round 0: submit vote requests at term 4 for -1: [4c567ed0-77bc-421a-955e-b14cad69b772|rpc:10.1.0.4:35081|dataStream:|priority:0, 41970804-e726-44f7-9f9f-c691618d1097|rpc:10.1.0.4:45369|dataStream:|priority:0, 6b51f01e-b5c0-4678-b58a-fec8e2165d46|rpc:10.1.0.4:40853|dataStream:|priority:1], old=null
2022-06-19 13:06:23,982 [grpc-default-executor-3] INFO  server.RaftServer$Division (RaftServerImpl.java:requestVote(1152)) - 4c567ed0-77bc-421a-955e-b14cad69b772@group-4B69A0B6D22F: receive requestVote(ELECTION, 6b51f01e-b5c0-4678-b58a-fec8e2165d46, group-4B69A0B6D22F, 4, (t:0, i:0))
2022-06-19 13:06:23,982 [grpc-default-executor-3] INFO  impl.VoteContext (VoteContext.java:log(48)) - 4c567ed0-77bc-421a-955e-b14cad69b772@group-4B69A0B6D22F-FOLLOWER: accept ELECTION from 6b51f01e-b5c0-4678-b58a-fec8e2165d46: our priority 0 <= candidate's priority 1
2022-06-19 13:06:23,982 [grpc-default-executor-3] INFO  server.RaftServer$Division (RaftServerImpl.java:setRole(299)) - 4c567ed0-77bc-421a-955e-b14cad69b772@group-4B69A0B6D22F: changes role from  FOLLOWER to FOLLOWER at term 4 for candidate:6b51f01e-b5c0-4678-b58a-fec8e2165d46
2022-06-19 13:06:23,985 [grpc-default-executor-3] INFO  impl.RoleInfo (RoleInfo.java:shutdownFollowerState(110)) - 4c567ed0-77bc-421a-955e-b14cad69b772: shutdown 4c567ed0-77bc-421a-955e-b14cad69b772@group-4B69A0B6D22F-FollowerState
2022-06-19 13:06:23,986 [grpc-default-executor-3] INFO  impl.RoleInfo (RoleInfo.java:updateAndGet(139)) - 4c567ed0-77bc-421a-955e-b14cad69b772: start 4c567ed0-77bc-421a-955e-b14cad69b772@group-4B69A0B6D22F-FollowerState
2022-06-19 13:06:23,986 [4c567ed0-77bc-421a-955e-b14cad69b772@group-4B69A0B6D22F-FollowerState] INFO  impl.FollowerState (FollowerState.java:run(152)) - 4c567ed0-77bc-421a-955e-b14cad69b772@group-4B69A0B6D22F-FollowerState was interrupted
2022-06-19 13:06:24,001 [grpc-default-executor-1] INFO  server.RaftServer$Division (RaftServerImpl.java:requestVote(1152)) - 41970804-e726-44f7-9f9f-c691618d1097@group-4B69A0B6D22F: receive requestVote(ELECTION, 6b51f01e-b5c0-4678-b58a-fec8e2165d46, group-4B69A0B6D22F, 4, (t:0, i:0))
2022-06-19 13:06:24,001 [grpc-default-executor-1] INFO  impl.VoteContext (VoteContext.java:log(48)) - 41970804-e726-44f7-9f9f-c691618d1097@group-4B69A0B6D22F-FOLLOWER: accept ELECTION from 6b51f01e-b5c0-4678-b58a-fec8e2165d46: our priority 0 <= candidate's priority 1
2022-06-19 13:06:24,001 [grpc-default-executor-1] INFO  server.RaftServer$Division (RaftServerImpl.java:setRole(299)) - 41970804-e726-44f7-9f9f-c691618d1097@group-4B69A0B6D22F: changes role from  FOLLOWER to FOLLOWER at term 4 for candidate:6b51f01e-b5c0-4678-b58a-fec8e2165d46
2022-06-19 13:06:24,001 [grpc-default-executor-1] INFO  impl.RoleInfo (RoleInfo.java:shutdownFollowerState(110)) - 41970804-e726-44f7-9f9f-c691618d1097: shutdown 41970804-e726-44f7-9f9f-c691618d1097@group-4B69A0B6D22F-FollowerState
2022-06-19 13:06:24,001 [grpc-default-executor-1] INFO  impl.RoleInfo (RoleInfo.java:updateAndGet(139)) - 41970804-e726-44f7-9f9f-c691618d1097: start 41970804-e726-44f7-9f9f-c691618d1097@group-4B69A0B6D22F-FollowerState
2022-06-19 13:06:24,002 [41970804-e726-44f7-9f9f-c691618d1097@group-4B69A0B6D22F-FollowerState] INFO  impl.FollowerState (FollowerState.java:run(152)) - 41970804-e726-44f7-9f9f-c691618d1097@group-4B69A0B6D22F-FollowerState was interrupted
2022-06-19 13:06:24,004 [grpc-default-executor-1] INFO  server.RaftServer$Division (RaftServerImpl.java:requestVote(1184)) - 41970804-e726-44f7-9f9f-c691618d1097@group-4B69A0B6D22F replies to ELECTION vote request: 6b51f01e-b5c0-4678-b58a-fec8e2165d46<-41970804-e726-44f7-9f9f-c691618d1097#0:OK-t4. Peer's state: 41970804-e726-44f7-9f9f-c691618d1097@group-4B69A0B6D22F:t4, leader=null, voted=6b51f01e-b5c0-4678-b58a-fec8e2165d46, raftlog=41970804-e726-44f7-9f9f-c691618d1097@group-4B69A0B6D22F-SegmentedRaftLog:OPENED:c-1, conf=-1: [4c567ed0-77bc-421a-955e-b14cad69b772|rpc:10.1.0.4:35081|dataStream:|priority:0, 41970804-e726-44f7-9f9f-c691618d1097|rpc:10.1.0.4:45369|dataStream:|priority:0, 6b51f01e-b5c0-4678-b58a-fec8e2165d46|rpc:10.1.0.4:40853|dataStream:|priority:1], old=null
2022-06-19 13:06:24,005 [6b51f01e-b5c0-4678-b58a-fec8e2165d46@group-4B69A0B6D22F-LeaderElection36] INFO  impl.LeaderElection (LeaderElection.java:logAndReturn(90)) - 6b51f01e-b5c0-4678-b58a-fec8e2165d46@group-4B69A0B6D22F-LeaderElection36: ELECTION PASSED received 1 response(s) and 0 exception(s):
2022-06-19 13:06:24,005 [6b51f01e-b5c0-4678-b58a-fec8e2165d46@group-4B69A0B6D22F-LeaderElection36] INFO  impl.LeaderElection (LeaderElection.java:logAndReturn(94)) -   Response 0: 6b51f01e-b5c0-4678-b58a-fec8e2165d46<-41970804-e726-44f7-9f9f-c691618d1097#0:OK-t4
2022-06-19 13:06:24,005 [6b51f01e-b5c0-4678-b58a-fec8e2165d46@group-4B69A0B6D22F-LeaderElection36] INFO  impl.LeaderElection (LeaderElection.java:askForVotes(312)) - 6b51f01e-b5c0-4678-b58a-fec8e2165d46@group-4B69A0B6D22F-LeaderElection36 ELECTION round 0: result PASSED
2022-06-19 13:06:24,005 [6b51f01e-b5c0-4678-b58a-fec8e2165d46@group-4B69A0B6D22F-LeaderElection36] INFO  impl.RoleInfo (RoleInfo.java:shutdownLeaderElection(130)) - 6b51f01e-b5c0-4678-b58a-fec8e2165d46: shutdown 6b51f01e-b5c0-4678-b58a-fec8e2165d46@group-4B69A0B6D22F-LeaderElection36
2022-06-19 13:06:24,005 [6b51f01e-b5c0-4678-b58a-fec8e2165d46@group-4B69A0B6D22F-LeaderElection36] INFO  server.RaftServer$Division (RaftServerImpl.java:setRole(299)) - 6b51f01e-b5c0-4678-b58a-fec8e2165d46@group-4B69A0B6D22F: changes role from CANDIDATE to LEADER at term 4 for changeToLeader
2022-06-19 13:06:24,005 [6b51f01e-b5c0-4678-b58a-fec8e2165d46@group-4B69A0B6D22F-LeaderElection36] INFO  ratis.XceiverServerRatis (XceiverServerRatis.java:handleLeaderChangedNotification(863)) - Leader change notification received for group: group-4B69A0B6D22F with new leaderId: 6b51f01e-b5c0-4678-b58a-fec8e2165d46
2022-06-19 13:06:24,006 [6b51f01e-b5c0-4678-b58a-fec8e2165d46@group-4B69A0B6D22F-LeaderElection36] INFO  server.RaftServer$Division (ServerState.java:setLeader(287)) - 6b51f01e-b5c0-4678-b58a-fec8e2165d46@group-4B69A0B6D22F: change Leader from null to 6b51f01e-b5c0-4678-b58a-fec8e2165d46 at term 4 for becomeLeader, leader elected after 20634ms
2022-06-19 13:06:24,006 [6b51f01e-b5c0-4678-b58a-fec8e2165d46@group-4B69A0B6D22F-LeaderElection36] INFO  server.RaftServerConfigKeys (ConfUtils.java:logGet(46)) - raft.server.staging.catchup.gap = 1000 (default)
2022-06-19 13:06:24,008 [6b51f01e-b5c0-4678-b58a-fec8e2165d46@group-4B69A0B6D22F-LeaderElection36] INFO  server.RaftServerConfigKeys (ConfUtils.java:logGet(46)) - raft.server.write.element-limit = 1024 (custom)
2022-06-19 13:06:24,008 [6b51f01e-b5c0-4678-b58a-fec8e2165d46@group-4B69A0B6D22F-LeaderElection36] INFO  server.RaftServerConfigKeys (ConfUtils.java:logGet(46)) - raft.server.write.byte-limit = 1024 M (=1073741824) (custom)
2022-06-19 13:06:24,008 [6b51f01e-b5c0-4678-b58a-fec8e2165d46@group-4B69A0B6D22F-LeaderElection36] INFO  server.RaftServerConfigKeys (ConfUtils.java:logGet(46)) - raft.server.watch.timeout = 180s (custom)
2022-06-19 13:06:24,008 [6b51f01e-b5c0-4678-b58a-fec8e2165d46@group-4B69A0B6D22F-LeaderElection36] INFO  server.RaftServerConfigKeys (ConfUtils.java:logGet(46)) - raft.server.watch.timeout.denomination = 1s (default)
2022-06-19 13:06:24,008 [EventQueue-PipelineReportForPipelineReportHandler] INFO  pipeline.PipelineManagerImpl (PipelineManagerImpl.java:openPipeline(356)) - Pipeline Pipeline[ Id: f46cf579-ffdd-4723-8e0b-4b69a0b6d22f, Nodes: 4c567ed0-77bc-421a-955e-b14cad69b772{ip: 10.1.0.4, host: fv-az58-449.32bp4kehjaiexiom31oljkjdjg.cx.internal.cloudapp.net, ports: [REPLICATION=45115, RATIS=35081, RATIS_ADMIN=35081, RATIS_SERVER=35081, STANDALONE=37817], networkLocation: /default-rack, certSerialId: null, persistedOpState: IN_SERVICE, persistedOpStateExpiryEpochSec: 0}6b51f01e-b5c0-4678-b58a-fec8e2165d46{ip: 10.1.0.4, host: fv-az58-449.32bp4kehjaiexiom31oljkjdjg.cx.internal.cloudapp.net, ports: [REPLICATION=36927, RATIS=40853, RATIS_ADMIN=40853, RATIS_SERVER=40853, STANDALONE=37385], networkLocation: /default-rack, certSerialId: null, persistedOpState: IN_SERVICE, persistedOpStateExpiryEpochSec: 0}41970804-e726-44f7-9f9f-c691618d1097{ip: 10.1.0.4, host: fv-az58-449.32bp4kehjaiexiom31oljkjdjg.cx.internal.cloudapp.net, ports: [REPLICATION=43567, RATIS=45369, RATIS_ADMIN=45369, RATIS_SERVER=45369, STANDALONE=35343], networkLocation: /default-rack, certSerialId: null, persistedOpState: IN_SERVICE, persistedOpStateExpiryEpochSec: 0}, ReplicationConfig: RATIS/THREE, State:ALLOCATED, leaderId:6b51f01e-b5c0-4678-b58a-fec8e2165d46, CreationTimestamp2022-06-19T13:06:01.981Z[Etc/UTC]] moved to OPEN state
2022-06-19 13:06:24,008 [6b51f01e-b5c0-4678-b58a-fec8e2165d46@group-4B69A0B6D22F-LeaderElection36] INFO  server.RaftServerConfigKeys (ConfUtils.java:logGet(46)) - raft.server.watch.element-limit = 65536 (default)
2022-06-19 13:06:24,009 [6b51f01e-b5c0-4678-b58a-fec8e2165d46@group-4B69A0B6D22F-LeaderElection36] INFO  server.RaftServerConfigKeys (ConfUtils.java:logGet(46)) - raft.server.write.element-limit = 1024 (custom)
2022-06-19 13:06:24,009 [6b51f01e-b5c0-4678-b58a-fec8e2165d46@group-4B69A0B6D22F-LeaderElection36] INFO  server.RaftServerConfigKeys (ConfUtils.java:logGet(46)) - raft.server.write.follower.gap.ratio.max = -1.0 (default)
2022-06-19 13:06:24,009 [6b51f01e-b5c0-4678-b58a-fec8e2165d46@group-4B69A0B6D22F-LeaderElection36] INFO  server.RaftServerConfigKeys (ConfUtils.java:logGet(46)) - raft.server.log.appender.snapshot.chunk.size.max = 16MB (=16777216) (default)
2022-06-19 13:06:24,009 [6b51f01e-b5c0-4678-b58a-fec8e2165d46@group-4B69A0B6D22F-LeaderElection36] INFO  server.RaftServerConfigKeys (ConfUtils.java:logGet(46)) - raft.server.log.appender.buffer.byte-limit = 33554432 (custom)
2022-06-19 13:06:24,009 [6b51f01e-b5c0-4678-b58a-fec8e2165d46@group-4B69A0B6D22F-LeaderElection36] INFO  server.RaftServerConfigKeys (ConfUtils.java:logGet(46)) - raft.server.log.appender.buffer.element-limit = 1 (custom)
2022-06-19 13:06:24,009 [6b51f01e-b5c0-4678-b58a-fec8e2165d46@group-4B69A0B6D22F-LeaderElection36] INFO  grpc.GrpcConfigKeys (ConfUtils.java:logGet(46)) - raft.grpc.server.leader.outstanding.appends.max = 128 (default)
2022-06-19 13:06:24,009 [6b51f01e-b5c0-4678-b58a-fec8e2165d46@group-4B69A0B6D22F-LeaderElection36] INFO  server.RaftServerConfigKeys (ConfUtils.java:logGet(46)) - raft.server.rpc.request.timeout = 60s (custom)
2022-06-19 13:06:24,010 [6b51f01e-b5c0-4678-b58a-fec8e2165d46@group-4B69A0B6D22F-LeaderElection36] INFO  server.RaftServerConfigKeys (ConfUtils.java:logGet(46)) - raft.server.log.appender.install.snapshot.enabled = false (custom)
2022-06-19 13:06:24,010 [6b51f01e-b5c0-4678-b58a-fec8e2165d46@group-4B69A0B6D22F-LeaderElection36] INFO  server.RaftServerConfigKeys (ConfUtils.java:logGet(46)) - raft.server.log.appender.snapshot.chunk.size.max = 16MB (=16777216) (default)
2022-06-19 13:06:24,010 [6b51f01e-b5c0-4678-b58a-fec8e2165d46@group-4B69A0B6D22F-LeaderElection36] INFO  server.RaftServerConfigKeys (ConfUtils.java:logGet(46)) - raft.server.log.appender.buffer.byte-limit = 33554432 (custom)
2022-06-19 13:06:24,010 [6b51f01e-b5c0-4678-b58a-fec8e2165d46@group-4B69A0B6D22F-LeaderElection36] INFO  server.RaftServerConfigKeys (ConfUtils.java:logGet(46)) - raft.server.log.appender.buffer.element-limit = 1 (custom)
2022-06-19 13:06:24,010 [6b51f01e-b5c0-4678-b58a-fec8e2165d46@group-4B69A0B6D22F-LeaderElection36] INFO  grpc.GrpcConfigKeys (ConfUtils.java:logGet(46)) - raft.grpc.server.leader.outstanding.appends.max = 128 (default)
2022-06-19 13:06:24,010 [6b51f01e-b5c0-4678-b58a-fec8e2165d46@group-4B69A0B6D22F-LeaderElection36] INFO  server.RaftServerConfigKeys (ConfUtils.java:logGet(46)) - raft.server.rpc.request.timeout = 60s (custom)
2022-06-19 13:06:24,010 [6b51f01e-b5c0-4678-b58a-fec8e2165d46@group-4B69A0B6D22F-LeaderElection36] INFO  server.RaftServerConfigKeys (ConfUtils.java:logGet(46)) - raft.server.log.appender.install.snapshot.enabled = false (custom)
2022-06-19 13:06:24,010 [6b51f01e-b5c0-4678-b58a-fec8e2165d46@group-4B69A0B6D22F-LeaderElection36] INFO  impl.RoleInfo (RoleInfo.java:updateAndGet(139)) - 6b51f01e-b5c0-4678-b58a-fec8e2165d46: start 6b51f01e-b5c0-4678-b58a-fec8e2165d46@group-4B69A0B6D22F-LeaderStateImpl
2022-06-19 13:06:24,011 [6b51f01e-b5c0-4678-b58a-fec8e2165d46@group-4B69A0B6D22F-LeaderElection36] INFO  segmented.SegmentedRaftLogWorker (SegmentedRaftLogWorker.java:startLogSegment(425)) - 6b51f01e-b5c0-4678-b58a-fec8e2165d46@group-4B69A0B6D22F-SegmentedRaftLogWorker: Starting segment from index:0
2022-06-19 13:06:24,015 [6b51f01e-b5c0-4678-b58a-fec8e2165d46@group-4B69A0B6D22F-SegmentedRaftLogWorker] INFO  segmented.SegmentedRaftLogWorker (SegmentedRaftLogWorker.java:execute(629)) - 6b51f01e-b5c0-4678-b58a-fec8e2165d46@group-4B69A0B6D22F-SegmentedRaftLogWorker: created new log segment /home/runner/work/ozone/ozone/hadoop-ozone/integration-test/target/test-dir/MiniOzoneClusterImpl-2d0576aa-8de3-4753-8d37-6309ac1803f7/datanode-2/data/ratis/f46cf579-ffdd-4723-8e0b-4b69a0b6d22f/current/log_inprogress_0
2022-06-19 13:06:24,032 [6b51f01e-b5c0-4678-b58a-fec8e2165d46@group-4B69A0B6D22F-LeaderElection36] INFO  server.RaftServer$Division (ServerState.java:setRaftConf(393)) - 6b51f01e-b5c0-4678-b58a-fec8e2165d46@group-4B69A0B6D22F: set configuration 0: [4c567ed0-77bc-421a-955e-b14cad69b772|rpc:10.1.0.4:35081|dataStream:|priority:0, 41970804-e726-44f7-9f9f-c691618d1097|rpc:10.1.0.4:45369|dataStream:|priority:0, 6b51f01e-b5c0-4678-b58a-fec8e2165d46|rpc:10.1.0.4:40853|dataStream:|priority:1], old=null
2022-06-19 13:06:24,049 [grpc-default-executor-3] INFO  server.RaftServer$Division (RaftServerImpl.java:requestVote(1184)) - 4c567ed0-77bc-421a-955e-b14cad69b772@group-4B69A0B6D22F replies to ELECTION vote request: 6b51f01e-b5c0-4678-b58a-fec8e2165d46<-4c567ed0-77bc-421a-955e-b14cad69b772#0:OK-t4. Peer's state: 4c567ed0-77bc-421a-955e-b14cad69b772@group-4B69A0B6D22F:t4, leader=null, voted=6b51f01e-b5c0-4678-b58a-fec8e2165d46, raftlog=4c567ed0-77bc-421a-955e-b14cad69b772@group-4B69A0B6D22F-SegmentedRaftLog:OPENED:c-1, conf=-1: [4c567ed0-77bc-421a-955e-b14cad69b772|rpc:10.1.0.4:35081|priority:0, 41970804-e726-44f7-9f9f-c691618d1097|rpc:10.1.0.4:45369|priority:0, 6b51f01e-b5c0-4678-b58a-fec8e2165d46|rpc:10.1.0.4:40853|priority:1], old=null
2022-06-19 13:06:24,061 [41970804-e726-44f7-9f9f-c691618d1097-server-thread1] INFO  ratis.XceiverServerRatis (XceiverServerRatis.java:handleLeaderChangedNotification(863)) - Leader change notification received for group: group-4B69A0B6D22F with new leaderId: 6b51f01e-b5c0-4678-b58a-fec8e2165d46
2022-06-19 13:06:24,061 [41970804-e726-44f7-9f9f-c691618d1097-server-thread1] INFO  server.RaftServer$Division (ServerState.java:setLeader(287)) - 41970804-e726-44f7-9f9f-c691618d1097@group-4B69A0B6D22F: change Leader from null to 6b51f01e-b5c0-4678-b58a-fec8e2165d46 at term 4 for appendEntries, leader elected after 20591ms
2022-06-19 13:06:24,068 [4c567ed0-77bc-421a-955e-b14cad69b772-server-thread1] INFO  ratis.XceiverServerRatis (XceiverServerRatis.java:handleLeaderChangedNotification(863)) - Leader change notification received for group: group-4B69A0B6D22F with new leaderId: 6b51f01e-b5c0-4678-b58a-fec8e2165d46
2022-06-19 13:06:24,068 [4c567ed0-77bc-421a-955e-b14cad69b772-server-thread1] INFO  server.RaftServer$Division (ServerState.java:setLeader(287)) - 4c567ed0-77bc-421a-955e-b14cad69b772@group-4B69A0B6D22F: change Leader from null to 6b51f01e-b5c0-4678-b58a-fec8e2165d46 at term 4 for appendEntries, leader elected after 20821ms
2022-06-19 13:06:24,068 [41970804-e726-44f7-9f9f-c691618d1097-server-thread1] INFO  server.RaftServer$Division (ServerState.java:setRaftConf(393)) - 41970804-e726-44f7-9f9f-c691618d1097@group-4B69A0B6D22F: set configuration 0: [4c567ed0-77bc-421a-955e-b14cad69b772|rpc:10.1.0.4:35081|dataStream:|priority:0, 41970804-e726-44f7-9f9f-c691618d1097|rpc:10.1.0.4:45369|dataStream:|priority:0, 6b51f01e-b5c0-4678-b58a-fec8e2165d46|rpc:10.1.0.4:40853|dataStream:|priority:1], old=null
2022-06-19 13:06:24,069 [41970804-e726-44f7-9f9f-c691618d1097-server-thread1] INFO  segmented.SegmentedRaftLogWorker (SegmentedRaftLogWorker.java:startLogSegment(425)) - 41970804-e726-44f7-9f9f-c691618d1097@group-4B69A0B6D22F-SegmentedRaftLogWorker: Starting segment from index:0
2022-06-19 13:06:24,070 [41970804-e726-44f7-9f9f-c691618d1097@group-4B69A0B6D22F-SegmentedRaftLogWorker] INFO  segmented.SegmentedRaftLogWorker (SegmentedRaftLogWorker.java:execute(629)) - 41970804-e726-44f7-9f9f-c691618d1097@group-4B69A0B6D22F-SegmentedRaftLogWorker: created new log segment /home/runner/work/ozone/ozone/hadoop-ozone/integration-test/target/test-dir/MiniOzoneClusterImpl-2d0576aa-8de3-4753-8d37-6309ac1803f7/datanode-1/data/ratis/f46cf579-ffdd-4723-8e0b-4b69a0b6d22f/current/log_inprogress_0
2022-06-19 13:06:24,072 [4c567ed0-77bc-421a-955e-b14cad69b772-server-thread1] INFO  server.RaftServer$Division (ServerState.java:setRaftConf(393)) - 4c567ed0-77bc-421a-955e-b14cad69b772@group-4B69A0B6D22F: set configuration 0: [4c567ed0-77bc-421a-955e-b14cad69b772|rpc:10.1.0.4:35081|dataStream:|priority:0, 41970804-e726-44f7-9f9f-c691618d1097|rpc:10.1.0.4:45369|dataStream:|priority:0, 6b51f01e-b5c0-4678-b58a-fec8e2165d46|rpc:10.1.0.4:40853|dataStream:|priority:1], old=null
2022-06-19 13:06:24,072 [4c567ed0-77bc-421a-955e-b14cad69b772-server-thread1] INFO  segmented.SegmentedRaftLogWorker (SegmentedRaftLogWorker.java:startLogSegment(425)) - 4c567ed0-77bc-421a-955e-b14cad69b772@group-4B69A0B6D22F-SegmentedRaftLogWorker: Starting segment from index:0
2022-06-19 13:06:24,077 [4c567ed0-77bc-421a-955e-b14cad69b772@group-4B69A0B6D22F-SegmentedRaftLogWorker] INFO  segmented.SegmentedRaftLogWorker (SegmentedRaftLogWorker.java:execute(629)) - 4c567ed0-77bc-421a-955e-b14cad69b772@group-4B69A0B6D22F-SegmentedRaftLogWorker: created new log segment /home/runner/work/ozone/ozone/hadoop-ozone/integration-test/target/test-dir/MiniOzoneClusterImpl-2d0576aa-8de3-4753-8d37-6309ac1803f7/datanode-0/data/ratis/f46cf579-ffdd-4723-8e0b-4b69a0b6d22f/current/log_inprogress_0
]]></system-out>
  </testcase>
  <testcase name="testTrash" classname="TestOzoneFileSystem" time="4.059">
    <system-out><![CDATA[13:07:37.378 [IPC Server handler 5 on default port 41441] ERROR OMAudit - user=runner | ip=127.0.0.1 | op=GET_FILE_STATUS {volume=volume07034, bucket=bucket87468, key=.Trash/runner/Current/testKey2, dataSize=0, replicationConfig=null} | ret=FAILURE
org.apache.hadoop.ozone.om.exceptions.OMException: Unable to get file status: volume: volume07034 bucket: bucket87468 key: .Trash/runner/Current/testKey2
	at org.apache.hadoop.ozone.om.KeyManagerImpl.getOzoneFileStatus(KeyManagerImpl.java:1283) ~[ozone-manager-1.3.0-SNAPSHOT.jar:?]
	at org.apache.hadoop.ozone.om.KeyManagerImpl.getFileStatus(KeyManagerImpl.java:1213) ~[ozone-manager-1.3.0-SNAPSHOT.jar:?]
	at org.apache.hadoop.ozone.om.OzoneManager.getFileStatus(OzoneManager.java:3419) ~[ozone-manager-1.3.0-SNAPSHOT.jar:?]
	at org.apache.hadoop.ozone.protocolPB.OzoneManagerRequestHandler.getOzoneFileStatus(OzoneManagerRequestHandler.java:871) ~[ozone-manager-1.3.0-SNAPSHOT.jar:?]
	at org.apache.hadoop.ozone.protocolPB.OzoneManagerRequestHandler.handleReadRequest(OzoneManagerRequestHandler.java:217) ~[ozone-manager-1.3.0-SNAPSHOT.jar:?]
	at org.apache.hadoop.ozone.protocolPB.OzoneManagerProtocolServerSideTranslatorPB.submitReadRequestToOM(OzoneManagerProtocolServerSideTranslatorPB.java:225) ~[ozone-manager-1.3.0-SNAPSHOT.jar:?]
	at org.apache.hadoop.ozone.protocolPB.OzoneManagerProtocolServerSideTranslatorPB.processRequest(OzoneManagerProtocolServerSideTranslatorPB.java:175) ~[ozone-manager-1.3.0-SNAPSHOT.jar:?]
	at org.apache.hadoop.hdds.server.OzoneProtocolMessageDispatcher.processRequest(OzoneProtocolMessageDispatcher.java:87) [hdds-server-framework-1.3.0-SNAPSHOT.jar:?]
	at org.apache.hadoop.ozone.protocolPB.OzoneManagerProtocolServerSideTranslatorPB.submitRequest(OzoneManagerProtocolServerSideTranslatorPB.java:147) [ozone-manager-1.3.0-SNAPSHOT.jar:?]
	at org.apache.hadoop.ozone.protocol.proto.OzoneManagerProtocolProtos$OzoneManagerService$2.callBlockingMethod(OzoneManagerProtocolProtos.java) [ozone-interface-client-1.3.0-SNAPSHOT.jar:?]
	at org.apache.hadoop.ipc.ProtobufRpcEngine$Server.processCall(ProtobufRpcEngine.java:466) [hadoop-common-3.3.1.jar:?]
	at org.apache.hadoop.ipc.ProtobufRpcEngine2$Server$ProtoBufRpcInvoker.call(ProtobufRpcEngine2.java:574) [hadoop-common-3.3.1.jar:?]
	at org.apache.hadoop.ipc.ProtobufRpcEngine2$Server$ProtoBufRpcInvoker.call(ProtobufRpcEngine2.java:552) [hadoop-common-3.3.1.jar:?]
	at org.apache.hadoop.ipc.RPC$Server.call(RPC.java:1093) [hadoop-common-3.3.1.jar:?]
	at org.apache.hadoop.ipc.Server$RpcCall.run(Server.java:1035) [hadoop-common-3.3.1.jar:?]
	at org.apache.hadoop.ipc.Server$RpcCall.run(Server.java:963) [hadoop-common-3.3.1.jar:?]
	at java.security.AccessController.doPrivileged(Native Method) ~[?:1.8.0_332]
	at javax.security.auth.Subject.doAs(Subject.java:422) [?:1.8.0_332]
	at org.apache.hadoop.security.UserGroupInformation.doAs(UserGroupInformation.java:1878) [hadoop-common-3.3.1.jar:?]
	at org.apache.hadoop.ipc.Server$Handler.run(Server.java:2966) [hadoop-common-3.3.1.jar:?]
13:07:37.379 [IPC Server handler 4 on default port 41441] ERROR OMAudit - user=runner | ip=127.0.0.1 | op=GET_FILE_STATUS {volume=volume07034, bucket=bucket87468, key=.Trash/runner/Current/testKey2, dataSize=0, replicationConfig=null} | ret=FAILURE
org.apache.hadoop.ozone.om.exceptions.OMException: Unable to get file status: volume: volume07034 bucket: bucket87468 key: .Trash/runner/Current/testKey2
	at org.apache.hadoop.ozone.om.KeyManagerImpl.getOzoneFileStatus(KeyManagerImpl.java:1283) ~[ozone-manager-1.3.0-SNAPSHOT.jar:?]
	at org.apache.hadoop.ozone.om.KeyManagerImpl.getFileStatus(KeyManagerImpl.java:1213) ~[ozone-manager-1.3.0-SNAPSHOT.jar:?]
	at org.apache.hadoop.ozone.om.OzoneManager.getFileStatus(OzoneManager.java:3419) ~[ozone-manager-1.3.0-SNAPSHOT.jar:?]
	at org.apache.hadoop.ozone.protocolPB.OzoneManagerRequestHandler.getOzoneFileStatus(OzoneManagerRequestHandler.java:871) ~[ozone-manager-1.3.0-SNAPSHOT.jar:?]
	at org.apache.hadoop.ozone.protocolPB.OzoneManagerRequestHandler.handleReadRequest(OzoneManagerRequestHandler.java:217) ~[ozone-manager-1.3.0-SNAPSHOT.jar:?]
	at org.apache.hadoop.ozone.protocolPB.OzoneManagerProtocolServerSideTranslatorPB.submitReadRequestToOM(OzoneManagerProtocolServerSideTranslatorPB.java:225) ~[ozone-manager-1.3.0-SNAPSHOT.jar:?]
	at org.apache.hadoop.ozone.protocolPB.OzoneManagerProtocolServerSideTranslatorPB.processRequest(OzoneManagerProtocolServerSideTranslatorPB.java:175) ~[ozone-manager-1.3.0-SNAPSHOT.jar:?]
	at org.apache.hadoop.hdds.server.OzoneProtocolMessageDispatcher.processRequest(OzoneProtocolMessageDispatcher.java:87) [hdds-server-framework-1.3.0-SNAPSHOT.jar:?]
	at org.apache.hadoop.ozone.protocolPB.OzoneManagerProtocolServerSideTranslatorPB.submitRequest(OzoneManagerProtocolServerSideTranslatorPB.java:147) [ozone-manager-1.3.0-SNAPSHOT.jar:?]
	at org.apache.hadoop.ozone.protocol.proto.OzoneManagerProtocolProtos$OzoneManagerService$2.callBlockingMethod(OzoneManagerProtocolProtos.java) [ozone-interface-client-1.3.0-SNAPSHOT.jar:?]
	at org.apache.hadoop.ipc.ProtobufRpcEngine$Server.processCall(ProtobufRpcEngine.java:466) [hadoop-common-3.3.1.jar:?]
	at org.apache.hadoop.ipc.ProtobufRpcEngine2$Server$ProtoBufRpcInvoker.call(ProtobufRpcEngine2.java:574) [hadoop-common-3.3.1.jar:?]
	at org.apache.hadoop.ipc.ProtobufRpcEngine2$Server$ProtoBufRpcInvoker.call(ProtobufRpcEngine2.java:552) [hadoop-common-3.3.1.jar:?]
	at org.apache.hadoop.ipc.RPC$Server.call(RPC.java:1093) [hadoop-common-3.3.1.jar:?]
	at org.apache.hadoop.ipc.Server$RpcCall.run(Server.java:1035) [hadoop-common-3.3.1.jar:?]
	at org.apache.hadoop.ipc.Server$RpcCall.run(Server.java:963) [hadoop-common-3.3.1.jar:?]
	at java.security.AccessController.doPrivileged(Native Method) ~[?:1.8.0_332]
	at javax.security.auth.Subject.doAs(Subject.java:422) [?:1.8.0_332]
	at org.apache.hadoop.security.UserGroupInformation.doAs(UserGroupInformation.java:1878) [hadoop-common-3.3.1.jar:?]
	at org.apache.hadoop.ipc.Server$Handler.run(Server.java:2966) [hadoop-common-3.3.1.jar:?]
2022-06-19 13:07:37,382 [Time-limited test] INFO  fs.TrashPolicyDefault (TrashPolicyDefault.java:moveToTrash(188)) - Moved: '/testKey2' to trash at: /.Trash/runner/Current/testKey2
13:07:38.383 [IPC Server handler 7 on default port 41441] ERROR OMAudit - user=runner | ip=127.0.0.1 | op=GET_FILE_STATUS {volume=volume07034, bucket=bucket87468, key=.Trash/runner/Current/testKey2, dataSize=0, replicationConfig=null} | ret=FAILURE
org.apache.hadoop.ozone.om.exceptions.OMException: Unable to get file status: volume: volume07034 bucket: bucket87468 key: .Trash/runner/Current/testKey2
	at org.apache.hadoop.ozone.om.KeyManagerImpl.getOzoneFileStatus(KeyManagerImpl.java:1283) ~[ozone-manager-1.3.0-SNAPSHOT.jar:?]
	at org.apache.hadoop.ozone.om.KeyManagerImpl.getFileStatus(KeyManagerImpl.java:1213) ~[ozone-manager-1.3.0-SNAPSHOT.jar:?]
	at org.apache.hadoop.ozone.om.OzoneManager.getFileStatus(OzoneManager.java:3419) ~[ozone-manager-1.3.0-SNAPSHOT.jar:?]
	at org.apache.hadoop.ozone.protocolPB.OzoneManagerRequestHandler.getOzoneFileStatus(OzoneManagerRequestHandler.java:871) ~[ozone-manager-1.3.0-SNAPSHOT.jar:?]
	at org.apache.hadoop.ozone.protocolPB.OzoneManagerRequestHandler.handleReadRequest(OzoneManagerRequestHandler.java:217) ~[ozone-manager-1.3.0-SNAPSHOT.jar:?]
	at org.apache.hadoop.ozone.protocolPB.OzoneManagerProtocolServerSideTranslatorPB.submitReadRequestToOM(OzoneManagerProtocolServerSideTranslatorPB.java:225) ~[ozone-manager-1.3.0-SNAPSHOT.jar:?]
	at org.apache.hadoop.ozone.protocolPB.OzoneManagerProtocolServerSideTranslatorPB.processRequest(OzoneManagerProtocolServerSideTranslatorPB.java:175) ~[ozone-manager-1.3.0-SNAPSHOT.jar:?]
	at org.apache.hadoop.hdds.server.OzoneProtocolMessageDispatcher.processRequest(OzoneProtocolMessageDispatcher.java:87) [hdds-server-framework-1.3.0-SNAPSHOT.jar:?]
	at org.apache.hadoop.ozone.protocolPB.OzoneManagerProtocolServerSideTranslatorPB.submitRequest(OzoneManagerProtocolServerSideTranslatorPB.java:147) [ozone-manager-1.3.0-SNAPSHOT.jar:?]
	at org.apache.hadoop.ozone.protocol.proto.OzoneManagerProtocolProtos$OzoneManagerService$2.callBlockingMethod(OzoneManagerProtocolProtos.java) [ozone-interface-client-1.3.0-SNAPSHOT.jar:?]
	at org.apache.hadoop.ipc.ProtobufRpcEngine$Server.processCall(ProtobufRpcEngine.java:466) [hadoop-common-3.3.1.jar:?]
	at org.apache.hadoop.ipc.ProtobufRpcEngine2$Server$ProtoBufRpcInvoker.call(ProtobufRpcEngine2.java:574) [hadoop-common-3.3.1.jar:?]
	at org.apache.hadoop.ipc.ProtobufRpcEngine2$Server$ProtoBufRpcInvoker.call(ProtobufRpcEngine2.java:552) [hadoop-common-3.3.1.jar:?]
	at org.apache.hadoop.ipc.RPC$Server.call(RPC.java:1093) [hadoop-common-3.3.1.jar:?]
	at org.apache.hadoop.ipc.Server$RpcCall.run(Server.java:1035) [hadoop-common-3.3.1.jar:?]
	at org.apache.hadoop.ipc.Server$RpcCall.run(Server.java:963) [hadoop-common-3.3.1.jar:?]
	at java.security.AccessController.doPrivileged(Native Method) ~[?:1.8.0_332]
	at javax.security.auth.Subject.doAs(Subject.java:422) [?:1.8.0_332]
	at org.apache.hadoop.security.UserGroupInformation.doAs(UserGroupInformation.java:1878) [hadoop-common-3.3.1.jar:?]
	at org.apache.hadoop.ipc.Server$Handler.run(Server.java:2966) [hadoop-common-3.3.1.jar:?]
2022-06-19 13:07:39,477 [d6c668d5-a76d-4631-ba67-9d624f40a963@group-4B1326E0106C-FollowerState] INFO  impl.FollowerState (FollowerState.java:run(143)) - d6c668d5-a76d-4631-ba67-9d624f40a963@group-4B1326E0106C-FollowerState: change to CANDIDATE, lastRpcElapsedTime:5062451561ns, electionTimeout:5061ms
2022-06-19 13:07:39,478 [d6c668d5-a76d-4631-ba67-9d624f40a963@group-4B1326E0106C-FollowerState] INFO  impl.RoleInfo (RoleInfo.java:shutdownFollowerState(110)) - d6c668d5-a76d-4631-ba67-9d624f40a963: shutdown d6c668d5-a76d-4631-ba67-9d624f40a963@group-4B1326E0106C-FollowerState
2022-06-19 13:07:39,478 [d6c668d5-a76d-4631-ba67-9d624f40a963@group-4B1326E0106C-FollowerState] INFO  server.RaftServer$Division (RaftServerImpl.java:setRole(299)) - d6c668d5-a76d-4631-ba67-9d624f40a963@group-4B1326E0106C: changes role from  FOLLOWER to CANDIDATE at term 4 for changeToCandidate
2022-06-19 13:07:39,478 [d6c668d5-a76d-4631-ba67-9d624f40a963@group-4B1326E0106C-FollowerState] INFO  server.RaftServerConfigKeys (ConfUtils.java:logGet(46)) - raft.server.leaderelection.pre-vote = false (custom)
2022-06-19 13:07:39,478 [d6c668d5-a76d-4631-ba67-9d624f40a963@group-4B1326E0106C-FollowerState] INFO  impl.RoleInfo (RoleInfo.java:updateAndGet(139)) - d6c668d5-a76d-4631-ba67-9d624f40a963: start d6c668d5-a76d-4631-ba67-9d624f40a963@group-4B1326E0106C-LeaderElection64
2022-06-19 13:07:39,524 [d6c668d5-a76d-4631-ba67-9d624f40a963@group-4B1326E0106C-LeaderElection64] INFO  impl.LeaderElection (LeaderElection.java:askForVotes(310)) - d6c668d5-a76d-4631-ba67-9d624f40a963@group-4B1326E0106C-LeaderElection64 ELECTION round 0: submit vote requests at term 5 for -1: [f58b4837-0c66-44b2-8a93-771d4ee68852|rpc:10.1.0.4:34339|dataStream:|priority:0, 2d1a6fdd-4e39-4ef3-8151-c6201fbfce8f|rpc:10.1.0.4:41833|dataStream:|priority:0, d6c668d5-a76d-4631-ba67-9d624f40a963|rpc:10.1.0.4:39345|dataStream:|priority:1], old=null
2022-06-19 13:07:39,529 [f58b4837-0c66-44b2-8a93-771d4ee68852@group-4B1326E0106C-FollowerState] INFO  impl.FollowerState (FollowerState.java:run(143)) - f58b4837-0c66-44b2-8a93-771d4ee68852@group-4B1326E0106C-FollowerState: change to CANDIDATE, lastRpcElapsedTime:5113123169ns, electionTimeout:5110ms
2022-06-19 13:07:39,529 [f58b4837-0c66-44b2-8a93-771d4ee68852@group-4B1326E0106C-FollowerState] INFO  impl.RoleInfo (RoleInfo.java:shutdownFollowerState(110)) - f58b4837-0c66-44b2-8a93-771d4ee68852: shutdown f58b4837-0c66-44b2-8a93-771d4ee68852@group-4B1326E0106C-FollowerState
2022-06-19 13:07:39,529 [f58b4837-0c66-44b2-8a93-771d4ee68852@group-4B1326E0106C-FollowerState] INFO  server.RaftServer$Division (RaftServerImpl.java:setRole(299)) - f58b4837-0c66-44b2-8a93-771d4ee68852@group-4B1326E0106C: changes role from  FOLLOWER to CANDIDATE at term 4 for changeToCandidate
2022-06-19 13:07:39,531 [f58b4837-0c66-44b2-8a93-771d4ee68852@group-4B1326E0106C-FollowerState] INFO  server.RaftServerConfigKeys (ConfUtils.java:logGet(46)) - raft.server.leaderelection.pre-vote = false (custom)
2022-06-19 13:07:39,531 [f58b4837-0c66-44b2-8a93-771d4ee68852@group-4B1326E0106C-FollowerState] INFO  impl.RoleInfo (RoleInfo.java:updateAndGet(139)) - f58b4837-0c66-44b2-8a93-771d4ee68852: start f58b4837-0c66-44b2-8a93-771d4ee68852@group-4B1326E0106C-LeaderElection65
2022-06-19 13:07:39,566 [f58b4837-0c66-44b2-8a93-771d4ee68852@group-4B1326E0106C-LeaderElection65] INFO  impl.LeaderElection (LeaderElection.java:askForVotes(310)) - f58b4837-0c66-44b2-8a93-771d4ee68852@group-4B1326E0106C-LeaderElection65 ELECTION round 0: submit vote requests at term 5 for -1: [f58b4837-0c66-44b2-8a93-771d4ee68852|rpc:10.1.0.4:34339|priority:0, 2d1a6fdd-4e39-4ef3-8151-c6201fbfce8f|rpc:10.1.0.4:41833|priority:0, d6c668d5-a76d-4631-ba67-9d624f40a963|rpc:10.1.0.4:39345|priority:1], old=null
2022-06-19 13:07:39,585 [grpc-default-executor-4] INFO  server.RaftServer$Division (RaftServerImpl.java:requestVote(1152)) - 2d1a6fdd-4e39-4ef3-8151-c6201fbfce8f@group-4B1326E0106C: receive requestVote(ELECTION, d6c668d5-a76d-4631-ba67-9d624f40a963, group-4B1326E0106C, 5, (t:0, i:0))
2022-06-19 13:07:39,585 [grpc-default-executor-4] INFO  impl.VoteContext (VoteContext.java:log(48)) - 2d1a6fdd-4e39-4ef3-8151-c6201fbfce8f@group-4B1326E0106C-FOLLOWER: accept ELECTION from d6c668d5-a76d-4631-ba67-9d624f40a963: our priority 0 <= candidate's priority 1
2022-06-19 13:07:39,585 [grpc-default-executor-4] INFO  server.RaftServer$Division (RaftServerImpl.java:setRole(299)) - 2d1a6fdd-4e39-4ef3-8151-c6201fbfce8f@group-4B1326E0106C: changes role from  FOLLOWER to FOLLOWER at term 5 for candidate:d6c668d5-a76d-4631-ba67-9d624f40a963
2022-06-19 13:07:39,585 [grpc-default-executor-4] INFO  impl.RoleInfo (RoleInfo.java:shutdownFollowerState(110)) - 2d1a6fdd-4e39-4ef3-8151-c6201fbfce8f: shutdown 2d1a6fdd-4e39-4ef3-8151-c6201fbfce8f@group-4B1326E0106C-FollowerState
2022-06-19 13:07:39,586 [grpc-default-executor-4] INFO  impl.RoleInfo (RoleInfo.java:updateAndGet(139)) - 2d1a6fdd-4e39-4ef3-8151-c6201fbfce8f: start 2d1a6fdd-4e39-4ef3-8151-c6201fbfce8f@group-4B1326E0106C-FollowerState
2022-06-19 13:07:39,586 [2d1a6fdd-4e39-4ef3-8151-c6201fbfce8f@group-4B1326E0106C-FollowerState] INFO  impl.FollowerState (FollowerState.java:run(152)) - 2d1a6fdd-4e39-4ef3-8151-c6201fbfce8f@group-4B1326E0106C-FollowerState was interrupted
2022-06-19 13:07:39,596 [grpc-default-executor-4] INFO  server.RaftServer$Division (RaftServerImpl.java:requestVote(1184)) - 2d1a6fdd-4e39-4ef3-8151-c6201fbfce8f@group-4B1326E0106C replies to ELECTION vote request: d6c668d5-a76d-4631-ba67-9d624f40a963<-2d1a6fdd-4e39-4ef3-8151-c6201fbfce8f#0:OK-t5. Peer's state: 2d1a6fdd-4e39-4ef3-8151-c6201fbfce8f@group-4B1326E0106C:t5, leader=null, voted=d6c668d5-a76d-4631-ba67-9d624f40a963, raftlog=2d1a6fdd-4e39-4ef3-8151-c6201fbfce8f@group-4B1326E0106C-SegmentedRaftLog:OPENED:c-1, conf=-1: [f58b4837-0c66-44b2-8a93-771d4ee68852|rpc:10.1.0.4:34339|dataStream:|priority:0, 2d1a6fdd-4e39-4ef3-8151-c6201fbfce8f|rpc:10.1.0.4:41833|dataStream:|priority:0, d6c668d5-a76d-4631-ba67-9d624f40a963|rpc:10.1.0.4:39345|dataStream:|priority:1], old=null
2022-06-19 13:07:39,602 [grpc-default-executor-0] INFO  server.RaftServer$Division (RaftServerImpl.java:requestVote(1152)) - 2d1a6fdd-4e39-4ef3-8151-c6201fbfce8f@group-4B1326E0106C: receive requestVote(ELECTION, f58b4837-0c66-44b2-8a93-771d4ee68852, group-4B1326E0106C, 5, (t:0, i:0))
2022-06-19 13:07:39,602 [grpc-default-executor-0] INFO  impl.VoteContext (VoteContext.java:log(48)) - 2d1a6fdd-4e39-4ef3-8151-c6201fbfce8f@group-4B1326E0106C-FOLLOWER: reject ELECTION from f58b4837-0c66-44b2-8a93-771d4ee68852: already has voted for d6c668d5-a76d-4631-ba67-9d624f40a963 at current term 5
2022-06-19 13:07:39,602 [grpc-default-executor-0] INFO  server.RaftServer$Division (RaftServerImpl.java:requestVote(1184)) - 2d1a6fdd-4e39-4ef3-8151-c6201fbfce8f@group-4B1326E0106C replies to ELECTION vote request: f58b4837-0c66-44b2-8a93-771d4ee68852<-2d1a6fdd-4e39-4ef3-8151-c6201fbfce8f#0:FAIL-t5. Peer's state: 2d1a6fdd-4e39-4ef3-8151-c6201fbfce8f@group-4B1326E0106C:t5, leader=null, voted=d6c668d5-a76d-4631-ba67-9d624f40a963, raftlog=2d1a6fdd-4e39-4ef3-8151-c6201fbfce8f@group-4B1326E0106C-SegmentedRaftLog:OPENED:c-1, conf=-1: [f58b4837-0c66-44b2-8a93-771d4ee68852|rpc:10.1.0.4:34339|dataStream:|priority:0, 2d1a6fdd-4e39-4ef3-8151-c6201fbfce8f|rpc:10.1.0.4:41833|dataStream:|priority:0, d6c668d5-a76d-4631-ba67-9d624f40a963|rpc:10.1.0.4:39345|dataStream:|priority:1], old=null
2022-06-19 13:07:39,603 [grpc-default-executor-3] INFO  server.RaftServer$Division (RaftServerImpl.java:requestVote(1152)) - f58b4837-0c66-44b2-8a93-771d4ee68852@group-4B1326E0106C: receive requestVote(ELECTION, d6c668d5-a76d-4631-ba67-9d624f40a963, group-4B1326E0106C, 5, (t:0, i:0))
2022-06-19 13:07:39,603 [grpc-default-executor-3] INFO  impl.VoteContext (VoteContext.java:log(48)) - f58b4837-0c66-44b2-8a93-771d4ee68852@group-4B1326E0106C-CANDIDATE: reject ELECTION from d6c668d5-a76d-4631-ba67-9d624f40a963: already has voted for f58b4837-0c66-44b2-8a93-771d4ee68852 at current term 5
2022-06-19 13:07:39,603 [grpc-default-executor-3] INFO  server.RaftServer$Division (RaftServerImpl.java:requestVote(1184)) - f58b4837-0c66-44b2-8a93-771d4ee68852@group-4B1326E0106C replies to ELECTION vote request: d6c668d5-a76d-4631-ba67-9d624f40a963<-f58b4837-0c66-44b2-8a93-771d4ee68852#0:FAIL-t5. Peer's state: f58b4837-0c66-44b2-8a93-771d4ee68852@group-4B1326E0106C:t5, leader=null, voted=f58b4837-0c66-44b2-8a93-771d4ee68852, raftlog=f58b4837-0c66-44b2-8a93-771d4ee68852@group-4B1326E0106C-SegmentedRaftLog:OPENED:c-1, conf=-1: [f58b4837-0c66-44b2-8a93-771d4ee68852|rpc:10.1.0.4:34339|priority:0, 2d1a6fdd-4e39-4ef3-8151-c6201fbfce8f|rpc:10.1.0.4:41833|priority:0, d6c668d5-a76d-4631-ba67-9d624f40a963|rpc:10.1.0.4:39345|priority:1], old=null
2022-06-19 13:07:39,603 [grpc-default-executor-1] INFO  server.RaftServer$Division (RaftServerImpl.java:requestVote(1152)) - d6c668d5-a76d-4631-ba67-9d624f40a963@group-4B1326E0106C: receive requestVote(ELECTION, f58b4837-0c66-44b2-8a93-771d4ee68852, group-4B1326E0106C, 5, (t:0, i:0))
2022-06-19 13:07:39,603 [grpc-default-executor-1] INFO  impl.VoteContext (VoteContext.java:log(48)) - d6c668d5-a76d-4631-ba67-9d624f40a963@group-4B1326E0106C-CANDIDATE: reject ELECTION from f58b4837-0c66-44b2-8a93-771d4ee68852: already has voted for d6c668d5-a76d-4631-ba67-9d624f40a963 at current term 5
2022-06-19 13:07:39,603 [grpc-default-executor-1] INFO  server.RaftServer$Division (RaftServerImpl.java:requestVote(1184)) - d6c668d5-a76d-4631-ba67-9d624f40a963@group-4B1326E0106C replies to ELECTION vote request: f58b4837-0c66-44b2-8a93-771d4ee68852<-d6c668d5-a76d-4631-ba67-9d624f40a963#0:FAIL-t5. Peer's state: d6c668d5-a76d-4631-ba67-9d624f40a963@group-4B1326E0106C:t5, leader=null, voted=d6c668d5-a76d-4631-ba67-9d624f40a963, raftlog=d6c668d5-a76d-4631-ba67-9d624f40a963@group-4B1326E0106C-SegmentedRaftLog:OPENED:c-1, conf=-1: [f58b4837-0c66-44b2-8a93-771d4ee68852|rpc:10.1.0.4:34339|dataStream:|priority:0, 2d1a6fdd-4e39-4ef3-8151-c6201fbfce8f|rpc:10.1.0.4:41833|dataStream:|priority:0, d6c668d5-a76d-4631-ba67-9d624f40a963|rpc:10.1.0.4:39345|dataStream:|priority:1], old=null
2022-06-19 13:07:39,625 [d6c668d5-a76d-4631-ba67-9d624f40a963@group-4B1326E0106C-LeaderElection64] INFO  impl.LeaderElection (LeaderElection.java:logAndReturn(90)) - d6c668d5-a76d-4631-ba67-9d624f40a963@group-4B1326E0106C-LeaderElection64: ELECTION PASSED received 1 response(s) and 0 exception(s):
2022-06-19 13:07:39,625 [d6c668d5-a76d-4631-ba67-9d624f40a963@group-4B1326E0106C-LeaderElection64] INFO  impl.LeaderElection (LeaderElection.java:logAndReturn(94)) -   Response 0: d6c668d5-a76d-4631-ba67-9d624f40a963<-2d1a6fdd-4e39-4ef3-8151-c6201fbfce8f#0:OK-t5
2022-06-19 13:07:39,625 [d6c668d5-a76d-4631-ba67-9d624f40a963@group-4B1326E0106C-LeaderElection64] INFO  impl.LeaderElection (LeaderElection.java:askForVotes(312)) - d6c668d5-a76d-4631-ba67-9d624f40a963@group-4B1326E0106C-LeaderElection64 ELECTION round 0: result PASSED
2022-06-19 13:07:39,625 [d6c668d5-a76d-4631-ba67-9d624f40a963@group-4B1326E0106C-LeaderElection64] INFO  impl.RoleInfo (RoleInfo.java:shutdownLeaderElection(130)) - d6c668d5-a76d-4631-ba67-9d624f40a963: shutdown d6c668d5-a76d-4631-ba67-9d624f40a963@group-4B1326E0106C-LeaderElection64
2022-06-19 13:07:39,625 [d6c668d5-a76d-4631-ba67-9d624f40a963@group-4B1326E0106C-LeaderElection64] INFO  server.RaftServer$Division (RaftServerImpl.java:setRole(299)) - d6c668d5-a76d-4631-ba67-9d624f40a963@group-4B1326E0106C: changes role from CANDIDATE to LEADER at term 5 for changeToLeader
2022-06-19 13:07:39,625 [d6c668d5-a76d-4631-ba67-9d624f40a963@group-4B1326E0106C-LeaderElection64] INFO  ratis.XceiverServerRatis (XceiverServerRatis.java:handleLeaderChangedNotification(863)) - Leader change notification received for group: group-4B1326E0106C with new leaderId: d6c668d5-a76d-4631-ba67-9d624f40a963
2022-06-19 13:07:39,626 [d6c668d5-a76d-4631-ba67-9d624f40a963@group-4B1326E0106C-LeaderElection64] INFO  server.RaftServer$Division (ServerState.java:setLeader(287)) - d6c668d5-a76d-4631-ba67-9d624f40a963@group-4B1326E0106C: change Leader from null to d6c668d5-a76d-4631-ba67-9d624f40a963 at term 5 for becomeLeader, leader elected after 26013ms
2022-06-19 13:07:39,626 [d6c668d5-a76d-4631-ba67-9d624f40a963@group-4B1326E0106C-LeaderElection64] INFO  server.RaftServerConfigKeys (ConfUtils.java:logGet(46)) - raft.server.staging.catchup.gap = 1000 (default)
2022-06-19 13:07:39,626 [d6c668d5-a76d-4631-ba67-9d624f40a963@group-4B1326E0106C-LeaderElection64] INFO  server.RaftServerConfigKeys (ConfUtils.java:logGet(46)) - raft.server.write.element-limit = 1024 (custom)
2022-06-19 13:07:39,626 [d6c668d5-a76d-4631-ba67-9d624f40a963@group-4B1326E0106C-LeaderElection64] INFO  server.RaftServerConfigKeys (ConfUtils.java:logGet(46)) - raft.server.write.byte-limit = 1024 M (=1073741824) (custom)
2022-06-19 13:07:39,626 [d6c668d5-a76d-4631-ba67-9d624f40a963@group-4B1326E0106C-LeaderElection64] INFO  server.RaftServerConfigKeys (ConfUtils.java:logGet(46)) - raft.server.watch.timeout = 180s (custom)
2022-06-19 13:07:39,626 [d6c668d5-a76d-4631-ba67-9d624f40a963@group-4B1326E0106C-LeaderElection64] INFO  server.RaftServerConfigKeys (ConfUtils.java:logGet(46)) - raft.server.watch.timeout.denomination = 1s (default)
2022-06-19 13:07:39,626 [d6c668d5-a76d-4631-ba67-9d624f40a963@group-4B1326E0106C-LeaderElection64] INFO  server.RaftServerConfigKeys (ConfUtils.java:logGet(46)) - raft.server.watch.element-limit = 65536 (default)
2022-06-19 13:07:39,626 [d6c668d5-a76d-4631-ba67-9d624f40a963@group-4B1326E0106C-LeaderElection64] INFO  server.RaftServerConfigKeys (ConfUtils.java:logGet(46)) - raft.server.write.element-limit = 1024 (custom)
2022-06-19 13:07:39,626 [d6c668d5-a76d-4631-ba67-9d624f40a963@group-4B1326E0106C-LeaderElection64] INFO  server.RaftServerConfigKeys (ConfUtils.java:logGet(46)) - raft.server.write.follower.gap.ratio.max = -1.0 (default)
2022-06-19 13:07:39,627 [d6c668d5-a76d-4631-ba67-9d624f40a963@group-4B1326E0106C-LeaderElection64] INFO  server.RaftServerConfigKeys (ConfUtils.java:logGet(46)) - raft.server.log.appender.snapshot.chunk.size.max = 16MB (=16777216) (default)
2022-06-19 13:07:39,627 [d6c668d5-a76d-4631-ba67-9d624f40a963@group-4B1326E0106C-LeaderElection64] INFO  server.RaftServerConfigKeys (ConfUtils.java:logGet(46)) - raft.server.log.appender.buffer.byte-limit = 33554432 (custom)
2022-06-19 13:07:39,627 [d6c668d5-a76d-4631-ba67-9d624f40a963@group-4B1326E0106C-LeaderElection64] INFO  server.RaftServerConfigKeys (ConfUtils.java:logGet(46)) - raft.server.log.appender.buffer.element-limit = 1 (custom)
2022-06-19 13:07:39,627 [d6c668d5-a76d-4631-ba67-9d624f40a963@group-4B1326E0106C-LeaderElection64] INFO  grpc.GrpcConfigKeys (ConfUtils.java:logGet(46)) - raft.grpc.server.leader.outstanding.appends.max = 128 (default)
2022-06-19 13:07:39,627 [d6c668d5-a76d-4631-ba67-9d624f40a963@group-4B1326E0106C-LeaderElection64] INFO  server.RaftServerConfigKeys (ConfUtils.java:logGet(46)) - raft.server.rpc.request.timeout = 60s (custom)
2022-06-19 13:07:39,627 [d6c668d5-a76d-4631-ba67-9d624f40a963@group-4B1326E0106C-LeaderElection64] INFO  server.RaftServerConfigKeys (ConfUtils.java:logGet(46)) - raft.server.log.appender.install.snapshot.enabled = false (custom)
2022-06-19 13:07:39,628 [d6c668d5-a76d-4631-ba67-9d624f40a963@group-4B1326E0106C-LeaderElection64] INFO  server.RaftServerConfigKeys (ConfUtils.java:logGet(46)) - raft.server.log.appender.snapshot.chunk.size.max = 16MB (=16777216) (default)
2022-06-19 13:07:39,628 [d6c668d5-a76d-4631-ba67-9d624f40a963@group-4B1326E0106C-LeaderElection64] INFO  server.RaftServerConfigKeys (ConfUtils.java:logGet(46)) - raft.server.log.appender.buffer.byte-limit = 33554432 (custom)
2022-06-19 13:07:39,628 [d6c668d5-a76d-4631-ba67-9d624f40a963@group-4B1326E0106C-LeaderElection64] INFO  server.RaftServerConfigKeys (ConfUtils.java:logGet(46)) - raft.server.log.appender.buffer.element-limit = 1 (custom)
2022-06-19 13:07:39,628 [d6c668d5-a76d-4631-ba67-9d624f40a963@group-4B1326E0106C-LeaderElection64] INFO  grpc.GrpcConfigKeys (ConfUtils.java:logGet(46)) - raft.grpc.server.leader.outstanding.appends.max = 128 (default)
2022-06-19 13:07:39,628 [d6c668d5-a76d-4631-ba67-9d624f40a963@group-4B1326E0106C-LeaderElection64] INFO  server.RaftServerConfigKeys (ConfUtils.java:logGet(46)) - raft.server.rpc.request.timeout = 60s (custom)
2022-06-19 13:07:39,628 [d6c668d5-a76d-4631-ba67-9d624f40a963@group-4B1326E0106C-LeaderElection64] INFO  server.RaftServerConfigKeys (ConfUtils.java:logGet(46)) - raft.server.log.appender.install.snapshot.enabled = false (custom)
2022-06-19 13:07:39,629 [d6c668d5-a76d-4631-ba67-9d624f40a963@group-4B1326E0106C-LeaderElection64] INFO  impl.RoleInfo (RoleInfo.java:updateAndGet(139)) - d6c668d5-a76d-4631-ba67-9d624f40a963: start d6c668d5-a76d-4631-ba67-9d624f40a963@group-4B1326E0106C-LeaderStateImpl
2022-06-19 13:07:39,629 [d6c668d5-a76d-4631-ba67-9d624f40a963@group-4B1326E0106C-LeaderElection64] INFO  segmented.SegmentedRaftLogWorker (SegmentedRaftLogWorker.java:startLogSegment(425)) - d6c668d5-a76d-4631-ba67-9d624f40a963@group-4B1326E0106C-SegmentedRaftLogWorker: Starting segment from index:0
2022-06-19 13:07:39,630 [EventQueue-PipelineReportForPipelineReportHandler] INFO  pipeline.PipelineManagerImpl (PipelineManagerImpl.java:openPipeline(356)) - Pipeline Pipeline[ Id: c18d5809-88fd-4f34-b0e8-4b1326e0106c, Nodes: 2d1a6fdd-4e39-4ef3-8151-c6201fbfce8f{ip: 10.1.0.4, host: fv-az58-449.32bp4kehjaiexiom31oljkjdjg.cx.internal.cloudapp.net, ports: [REPLICATION=38575, RATIS=41833, RATIS_ADMIN=41833, RATIS_SERVER=41833, STANDALONE=39883], networkLocation: /default-rack, certSerialId: null, persistedOpState: IN_SERVICE, persistedOpStateExpiryEpochSec: 0}f58b4837-0c66-44b2-8a93-771d4ee68852{ip: 10.1.0.4, host: fv-az58-449.32bp4kehjaiexiom31oljkjdjg.cx.internal.cloudapp.net, ports: [REPLICATION=44251, RATIS=34339, RATIS_ADMIN=34339, RATIS_SERVER=34339, STANDALONE=42885], networkLocation: /default-rack, certSerialId: null, persistedOpState: IN_SERVICE, persistedOpStateExpiryEpochSec: 0}d6c668d5-a76d-4631-ba67-9d624f40a963{ip: 10.1.0.4, host: fv-az58-449.32bp4kehjaiexiom31oljkjdjg.cx.internal.cloudapp.net, ports: [REPLICATION=42975, RATIS=39345, RATIS_ADMIN=39345, RATIS_SERVER=39345, STANDALONE=43997], networkLocation: /default-rack, certSerialId: null, persistedOpState: IN_SERVICE, persistedOpStateExpiryEpochSec: 0}, ReplicationConfig: RATIS/THREE, State:ALLOCATED, leaderId:d6c668d5-a76d-4631-ba67-9d624f40a963, CreationTimestamp2022-06-19T13:07:12.272Z[Etc/UTC]] moved to OPEN state
2022-06-19 13:07:39,631 [d6c668d5-a76d-4631-ba67-9d624f40a963@group-4B1326E0106C-SegmentedRaftLogWorker] INFO  segmented.SegmentedRaftLogWorker (SegmentedRaftLogWorker.java:execute(629)) - d6c668d5-a76d-4631-ba67-9d624f40a963@group-4B1326E0106C-SegmentedRaftLogWorker: created new log segment /home/runner/work/ozone/ozone/hadoop-ozone/integration-test/target/test-dir/MiniOzoneClusterImpl-5e5aab19-8c77-4507-a351-bf1456ba08e7/datanode-1/data/ratis/c18d5809-88fd-4f34-b0e8-4b1326e0106c/current/log_inprogress_0
2022-06-19 13:07:39,659 [f58b4837-0c66-44b2-8a93-771d4ee68852@group-4B1326E0106C-LeaderElection65] INFO  impl.LeaderElection (LeaderElection.java:logAndReturn(90)) - f58b4837-0c66-44b2-8a93-771d4ee68852@group-4B1326E0106C-LeaderElection65: ELECTION REJECTED received 1 response(s) and 0 exception(s):
2022-06-19 13:07:39,659 [f58b4837-0c66-44b2-8a93-771d4ee68852@group-4B1326E0106C-LeaderElection65] INFO  impl.LeaderElection (LeaderElection.java:logAndReturn(94)) -   Response 0: f58b4837-0c66-44b2-8a93-771d4ee68852<-d6c668d5-a76d-4631-ba67-9d624f40a963#0:FAIL-t5
2022-06-19 13:07:39,659 [f58b4837-0c66-44b2-8a93-771d4ee68852@group-4B1326E0106C-LeaderElection65] INFO  impl.LeaderElection (LeaderElection.java:askForVotes(312)) - f58b4837-0c66-44b2-8a93-771d4ee68852@group-4B1326E0106C-LeaderElection65 ELECTION round 0: result REJECTED
2022-06-19 13:07:39,659 [f58b4837-0c66-44b2-8a93-771d4ee68852@group-4B1326E0106C-LeaderElection65] INFO  server.RaftServer$Division (RaftServerImpl.java:setRole(299)) - f58b4837-0c66-44b2-8a93-771d4ee68852@group-4B1326E0106C: changes role from CANDIDATE to FOLLOWER at term 5 for REJECTED
2022-06-19 13:07:39,659 [f58b4837-0c66-44b2-8a93-771d4ee68852@group-4B1326E0106C-LeaderElection65] INFO  impl.RoleInfo (RoleInfo.java:shutdownLeaderElection(130)) - f58b4837-0c66-44b2-8a93-771d4ee68852: shutdown f58b4837-0c66-44b2-8a93-771d4ee68852@group-4B1326E0106C-LeaderElection65
2022-06-19 13:07:39,659 [f58b4837-0c66-44b2-8a93-771d4ee68852@group-4B1326E0106C-LeaderElection65] INFO  impl.RoleInfo (RoleInfo.java:updateAndGet(139)) - f58b4837-0c66-44b2-8a93-771d4ee68852: start f58b4837-0c66-44b2-8a93-771d4ee68852@group-4B1326E0106C-FollowerState
2022-06-19 13:07:39,724 [f58b4837-0c66-44b2-8a93-771d4ee68852-server-thread1] INFO  ratis.XceiverServerRatis (XceiverServerRatis.java:handleLeaderChangedNotification(863)) - Leader change notification received for group: group-4B1326E0106C with new leaderId: d6c668d5-a76d-4631-ba67-9d624f40a963
2022-06-19 13:07:39,724 [f58b4837-0c66-44b2-8a93-771d4ee68852-server-thread1] INFO  server.RaftServer$Division (ServerState.java:setLeader(287)) - f58b4837-0c66-44b2-8a93-771d4ee68852@group-4B1326E0106C: change Leader from null to d6c668d5-a76d-4631-ba67-9d624f40a963 at term 5 for appendEntries, leader elected after 26348ms
2022-06-19 13:07:39,727 [d6c668d5-a76d-4631-ba67-9d624f40a963@group-4B1326E0106C-LeaderElection64] INFO  server.RaftServer$Division (ServerState.java:setRaftConf(393)) - d6c668d5-a76d-4631-ba67-9d624f40a963@group-4B1326E0106C: set configuration 0: [f58b4837-0c66-44b2-8a93-771d4ee68852|rpc:10.1.0.4:34339|dataStream:|priority:0, 2d1a6fdd-4e39-4ef3-8151-c6201fbfce8f|rpc:10.1.0.4:41833|dataStream:|priority:0, d6c668d5-a76d-4631-ba67-9d624f40a963|rpc:10.1.0.4:39345|dataStream:|priority:1], old=null
2022-06-19 13:07:39,749 [2d1a6fdd-4e39-4ef3-8151-c6201fbfce8f-server-thread1] INFO  ratis.XceiverServerRatis (XceiverServerRatis.java:handleLeaderChangedNotification(863)) - Leader change notification received for group: group-4B1326E0106C with new leaderId: d6c668d5-a76d-4631-ba67-9d624f40a963
2022-06-19 13:07:39,749 [2d1a6fdd-4e39-4ef3-8151-c6201fbfce8f-server-thread1] INFO  server.RaftServer$Division (ServerState.java:setLeader(287)) - 2d1a6fdd-4e39-4ef3-8151-c6201fbfce8f@group-4B1326E0106C: change Leader from null to d6c668d5-a76d-4631-ba67-9d624f40a963 at term 5 for appendEntries, leader elected after 26235ms
2022-06-19 13:07:39,774 [f58b4837-0c66-44b2-8a93-771d4ee68852-server-thread1] INFO  server.RaftServer$Division (ServerState.java:setRaftConf(393)) - f58b4837-0c66-44b2-8a93-771d4ee68852@group-4B1326E0106C: set configuration 0: [f58b4837-0c66-44b2-8a93-771d4ee68852|rpc:10.1.0.4:34339|dataStream:|priority:0, 2d1a6fdd-4e39-4ef3-8151-c6201fbfce8f|rpc:10.1.0.4:41833|dataStream:|priority:0, d6c668d5-a76d-4631-ba67-9d624f40a963|rpc:10.1.0.4:39345|dataStream:|priority:1], old=null
2022-06-19 13:07:39,775 [f58b4837-0c66-44b2-8a93-771d4ee68852-server-thread1] INFO  segmented.SegmentedRaftLogWorker (SegmentedRaftLogWorker.java:startLogSegment(425)) - f58b4837-0c66-44b2-8a93-771d4ee68852@group-4B1326E0106C-SegmentedRaftLogWorker: Starting segment from index:0
2022-06-19 13:07:39,793 [f58b4837-0c66-44b2-8a93-771d4ee68852@group-4B1326E0106C-SegmentedRaftLogWorker] INFO  segmented.SegmentedRaftLogWorker (SegmentedRaftLogWorker.java:execute(629)) - f58b4837-0c66-44b2-8a93-771d4ee68852@group-4B1326E0106C-SegmentedRaftLogWorker: created new log segment /home/runner/work/ozone/ozone/hadoop-ozone/integration-test/target/test-dir/MiniOzoneClusterImpl-5e5aab19-8c77-4507-a351-bf1456ba08e7/datanode-0/data/ratis/c18d5809-88fd-4f34-b0e8-4b1326e0106c/current/log_inprogress_0
2022-06-19 13:07:39,822 [2d1a6fdd-4e39-4ef3-8151-c6201fbfce8f-server-thread1] INFO  server.RaftServer$Division (ServerState.java:setRaftConf(393)) - 2d1a6fdd-4e39-4ef3-8151-c6201fbfce8f@group-4B1326E0106C: set configuration 0: [f58b4837-0c66-44b2-8a93-771d4ee68852|rpc:10.1.0.4:34339|dataStream:|priority:0, 2d1a6fdd-4e39-4ef3-8151-c6201fbfce8f|rpc:10.1.0.4:41833|dataStream:|priority:0, d6c668d5-a76d-4631-ba67-9d624f40a963|rpc:10.1.0.4:39345|dataStream:|priority:1], old=null
2022-06-19 13:07:39,823 [2d1a6fdd-4e39-4ef3-8151-c6201fbfce8f-server-thread1] INFO  segmented.SegmentedRaftLogWorker (SegmentedRaftLogWorker.java:startLogSegment(425)) - 2d1a6fdd-4e39-4ef3-8151-c6201fbfce8f@group-4B1326E0106C-SegmentedRaftLogWorker: Starting segment from index:0
2022-06-19 13:07:39,825 [2d1a6fdd-4e39-4ef3-8151-c6201fbfce8f@group-4B1326E0106C-SegmentedRaftLogWorker] INFO  segmented.SegmentedRaftLogWorker (SegmentedRaftLogWorker.java:execute(629)) - 2d1a6fdd-4e39-4ef3-8151-c6201fbfce8f@group-4B1326E0106C-SegmentedRaftLogWorker: created new log segment /home/runner/work/ozone/ozone/hadoop-ozone/integration-test/target/test-dir/MiniOzoneClusterImpl-5e5aab19-8c77-4507-a351-bf1456ba08e7/datanode-2/data/ratis/c18d5809-88fd-4f34-b0e8-4b1326e0106c/current/log_inprogress_0
]]></system-out>
  </testcase>
  <testcase name="testTrash" classname="TestOzoneFileSystem" time="5.062">
    <system-out><![CDATA[13:08:52.722 [IPC Server handler 11 on default port 38405] ERROR OMAudit - user=runner | ip=127.0.0.1 | op=GET_FILE_STATUS {volume=volume84440, bucket=bucket08814, key=.Trash/runner/Current/testKey2, dataSize=0, replicationConfig=null} | ret=FAILURE
org.apache.hadoop.ozone.om.exceptions.OMException: Unable to get file status: volume: volume84440 bucket: bucket08814 key: .Trash/runner/Current/testKey2
	at org.apache.hadoop.ozone.om.KeyManagerImpl.getOzoneFileStatus(KeyManagerImpl.java:1283) ~[ozone-manager-1.3.0-SNAPSHOT.jar:?]
	at org.apache.hadoop.ozone.om.KeyManagerImpl.getFileStatus(KeyManagerImpl.java:1213) ~[ozone-manager-1.3.0-SNAPSHOT.jar:?]
	at org.apache.hadoop.ozone.om.OzoneManager.getFileStatus(OzoneManager.java:3419) ~[ozone-manager-1.3.0-SNAPSHOT.jar:?]
	at org.apache.hadoop.ozone.protocolPB.OzoneManagerRequestHandler.getOzoneFileStatus(OzoneManagerRequestHandler.java:871) ~[ozone-manager-1.3.0-SNAPSHOT.jar:?]
	at org.apache.hadoop.ozone.protocolPB.OzoneManagerRequestHandler.handleReadRequest(OzoneManagerRequestHandler.java:217) ~[ozone-manager-1.3.0-SNAPSHOT.jar:?]
	at org.apache.hadoop.ozone.protocolPB.OzoneManagerProtocolServerSideTranslatorPB.submitRequestDirectlyToOM(OzoneManagerProtocolServerSideTranslatorPB.java:284) ~[ozone-manager-1.3.0-SNAPSHOT.jar:?]
	at org.apache.hadoop.ozone.protocolPB.OzoneManagerProtocolServerSideTranslatorPB.processRequest(OzoneManagerProtocolServerSideTranslatorPB.java:207) ~[ozone-manager-1.3.0-SNAPSHOT.jar:?]
	at org.apache.hadoop.hdds.server.OzoneProtocolMessageDispatcher.processRequest(OzoneProtocolMessageDispatcher.java:87) [hdds-server-framework-1.3.0-SNAPSHOT.jar:?]
	at org.apache.hadoop.ozone.protocolPB.OzoneManagerProtocolServerSideTranslatorPB.submitRequest(OzoneManagerProtocolServerSideTranslatorPB.java:147) [ozone-manager-1.3.0-SNAPSHOT.jar:?]
	at org.apache.hadoop.ozone.protocol.proto.OzoneManagerProtocolProtos$OzoneManagerService$2.callBlockingMethod(OzoneManagerProtocolProtos.java) [ozone-interface-client-1.3.0-SNAPSHOT.jar:?]
	at org.apache.hadoop.ipc.ProtobufRpcEngine$Server.processCall(ProtobufRpcEngine.java:466) [hadoop-common-3.3.1.jar:?]
	at org.apache.hadoop.ipc.ProtobufRpcEngine2$Server$ProtoBufRpcInvoker.call(ProtobufRpcEngine2.java:574) [hadoop-common-3.3.1.jar:?]
	at org.apache.hadoop.ipc.ProtobufRpcEngine2$Server$ProtoBufRpcInvoker.call(ProtobufRpcEngine2.java:552) [hadoop-common-3.3.1.jar:?]
	at org.apache.hadoop.ipc.RPC$Server.call(RPC.java:1093) [hadoop-common-3.3.1.jar:?]
	at org.apache.hadoop.ipc.Server$RpcCall.run(Server.java:1035) [hadoop-common-3.3.1.jar:?]
	at org.apache.hadoop.ipc.Server$RpcCall.run(Server.java:963) [hadoop-common-3.3.1.jar:?]
	at java.security.AccessController.doPrivileged(Native Method) ~[?:1.8.0_332]
	at javax.security.auth.Subject.doAs(Subject.java:422) [?:1.8.0_332]
	at org.apache.hadoop.security.UserGroupInformation.doAs(UserGroupInformation.java:1878) [hadoop-common-3.3.1.jar:?]
	at org.apache.hadoop.ipc.Server$Handler.run(Server.java:2966) [hadoop-common-3.3.1.jar:?]
13:08:52.723 [IPC Server handler 10 on default port 38405] ERROR OMAudit - user=runner | ip=127.0.0.1 | op=GET_FILE_STATUS {volume=volume84440, bucket=bucket08814, key=.Trash/runner/Current/testKey2, dataSize=0, replicationConfig=null} | ret=FAILURE
org.apache.hadoop.ozone.om.exceptions.OMException: Unable to get file status: volume: volume84440 bucket: bucket08814 key: .Trash/runner/Current/testKey2
	at org.apache.hadoop.ozone.om.KeyManagerImpl.getOzoneFileStatus(KeyManagerImpl.java:1283) ~[ozone-manager-1.3.0-SNAPSHOT.jar:?]
	at org.apache.hadoop.ozone.om.KeyManagerImpl.getFileStatus(KeyManagerImpl.java:1213) ~[ozone-manager-1.3.0-SNAPSHOT.jar:?]
	at org.apache.hadoop.ozone.om.OzoneManager.getFileStatus(OzoneManager.java:3419) ~[ozone-manager-1.3.0-SNAPSHOT.jar:?]
	at org.apache.hadoop.ozone.protocolPB.OzoneManagerRequestHandler.getOzoneFileStatus(OzoneManagerRequestHandler.java:871) ~[ozone-manager-1.3.0-SNAPSHOT.jar:?]
	at org.apache.hadoop.ozone.protocolPB.OzoneManagerRequestHandler.handleReadRequest(OzoneManagerRequestHandler.java:217) ~[ozone-manager-1.3.0-SNAPSHOT.jar:?]
	at org.apache.hadoop.ozone.protocolPB.OzoneManagerProtocolServerSideTranslatorPB.submitRequestDirectlyToOM(OzoneManagerProtocolServerSideTranslatorPB.java:284) ~[ozone-manager-1.3.0-SNAPSHOT.jar:?]
	at org.apache.hadoop.ozone.protocolPB.OzoneManagerProtocolServerSideTranslatorPB.processRequest(OzoneManagerProtocolServerSideTranslatorPB.java:207) ~[ozone-manager-1.3.0-SNAPSHOT.jar:?]
	at org.apache.hadoop.hdds.server.OzoneProtocolMessageDispatcher.processRequest(OzoneProtocolMessageDispatcher.java:87) [hdds-server-framework-1.3.0-SNAPSHOT.jar:?]
	at org.apache.hadoop.ozone.protocolPB.OzoneManagerProtocolServerSideTranslatorPB.submitRequest(OzoneManagerProtocolServerSideTranslatorPB.java:147) [ozone-manager-1.3.0-SNAPSHOT.jar:?]
	at org.apache.hadoop.ozone.protocol.proto.OzoneManagerProtocolProtos$OzoneManagerService$2.callBlockingMethod(OzoneManagerProtocolProtos.java) [ozone-interface-client-1.3.0-SNAPSHOT.jar:?]
	at org.apache.hadoop.ipc.ProtobufRpcEngine$Server.processCall(ProtobufRpcEngine.java:466) [hadoop-common-3.3.1.jar:?]
	at org.apache.hadoop.ipc.ProtobufRpcEngine2$Server$ProtoBufRpcInvoker.call(ProtobufRpcEngine2.java:574) [hadoop-common-3.3.1.jar:?]
	at org.apache.hadoop.ipc.ProtobufRpcEngine2$Server$ProtoBufRpcInvoker.call(ProtobufRpcEngine2.java:552) [hadoop-common-3.3.1.jar:?]
	at org.apache.hadoop.ipc.RPC$Server.call(RPC.java:1093) [hadoop-common-3.3.1.jar:?]
	at org.apache.hadoop.ipc.Server$RpcCall.run(Server.java:1035) [hadoop-common-3.3.1.jar:?]
	at org.apache.hadoop.ipc.Server$RpcCall.run(Server.java:963) [hadoop-common-3.3.1.jar:?]
	at java.security.AccessController.doPrivileged(Native Method) ~[?:1.8.0_332]
	at javax.security.auth.Subject.doAs(Subject.java:422) [?:1.8.0_332]
	at org.apache.hadoop.security.UserGroupInformation.doAs(UserGroupInformation.java:1878) [hadoop-common-3.3.1.jar:?]
	at org.apache.hadoop.ipc.Server$Handler.run(Server.java:2966) [hadoop-common-3.3.1.jar:?]
2022-06-19 13:08:52,725 [Time-limited test] INFO  fs.TrashPolicyDefault (TrashPolicyDefault.java:moveToTrash(188)) - Moved: '/testKey2' to trash at: /.Trash/runner/Current/testKey2
2022-06-19 13:08:53,465 [eb4bc65c-b727-4ac3-a516-6687464fc4a1@group-027D6B80B311-FollowerState] INFO  impl.FollowerState (FollowerState.java:run(143)) - eb4bc65c-b727-4ac3-a516-6687464fc4a1@group-027D6B80B311-FollowerState: change to CANDIDATE, lastRpcElapsedTime:5156948593ns, electionTimeout:5141ms
2022-06-19 13:08:53,465 [eb4bc65c-b727-4ac3-a516-6687464fc4a1@group-027D6B80B311-FollowerState] INFO  impl.RoleInfo (RoleInfo.java:shutdownFollowerState(110)) - eb4bc65c-b727-4ac3-a516-6687464fc4a1: shutdown eb4bc65c-b727-4ac3-a516-6687464fc4a1@group-027D6B80B311-FollowerState
2022-06-19 13:08:53,465 [eb4bc65c-b727-4ac3-a516-6687464fc4a1@group-027D6B80B311-FollowerState] INFO  server.RaftServer$Division (RaftServerImpl.java:setRole(299)) - eb4bc65c-b727-4ac3-a516-6687464fc4a1@group-027D6B80B311: changes role from  FOLLOWER to CANDIDATE at term 1 for changeToCandidate
2022-06-19 13:08:53,465 [eb4bc65c-b727-4ac3-a516-6687464fc4a1@group-027D6B80B311-FollowerState] INFO  server.RaftServerConfigKeys (ConfUtils.java:logGet(46)) - raft.server.leaderelection.pre-vote = false (custom)
2022-06-19 13:08:53,465 [eb4bc65c-b727-4ac3-a516-6687464fc4a1@group-027D6B80B311-FollowerState] INFO  impl.RoleInfo (RoleInfo.java:updateAndGet(139)) - eb4bc65c-b727-4ac3-a516-6687464fc4a1: start eb4bc65c-b727-4ac3-a516-6687464fc4a1@group-027D6B80B311-LeaderElection73
2022-06-19 13:08:53,485 [159ddede-8ddd-4508-a461-c1de976ef966@group-027D6B80B311-FollowerState] INFO  impl.FollowerState (FollowerState.java:run(143)) - 159ddede-8ddd-4508-a461-c1de976ef966@group-027D6B80B311-FollowerState: change to CANDIDATE, lastRpcElapsedTime:5103369261ns, electionTimeout:5061ms
2022-06-19 13:08:53,485 [159ddede-8ddd-4508-a461-c1de976ef966@group-027D6B80B311-FollowerState] INFO  impl.RoleInfo (RoleInfo.java:shutdownFollowerState(110)) - 159ddede-8ddd-4508-a461-c1de976ef966: shutdown 159ddede-8ddd-4508-a461-c1de976ef966@group-027D6B80B311-FollowerState
2022-06-19 13:08:53,485 [159ddede-8ddd-4508-a461-c1de976ef966@group-027D6B80B311-FollowerState] INFO  server.RaftServer$Division (RaftServerImpl.java:setRole(299)) - 159ddede-8ddd-4508-a461-c1de976ef966@group-027D6B80B311: changes role from  FOLLOWER to CANDIDATE at term 1 for changeToCandidate
2022-06-19 13:08:53,485 [159ddede-8ddd-4508-a461-c1de976ef966@group-027D6B80B311-FollowerState] INFO  server.RaftServerConfigKeys (ConfUtils.java:logGet(46)) - raft.server.leaderelection.pre-vote = false (custom)
2022-06-19 13:08:53,485 [159ddede-8ddd-4508-a461-c1de976ef966@group-027D6B80B311-FollowerState] INFO  impl.RoleInfo (RoleInfo.java:updateAndGet(139)) - 159ddede-8ddd-4508-a461-c1de976ef966: start 159ddede-8ddd-4508-a461-c1de976ef966@group-027D6B80B311-LeaderElection74
2022-06-19 13:08:53,504 [eb4bc65c-b727-4ac3-a516-6687464fc4a1@group-027D6B80B311-LeaderElection73] INFO  impl.LeaderElection (LeaderElection.java:askForVotes(310)) - eb4bc65c-b727-4ac3-a516-6687464fc4a1@group-027D6B80B311-LeaderElection73 ELECTION round 0: submit vote requests at term 2 for -1: [eb4bc65c-b727-4ac3-a516-6687464fc4a1|rpc:10.1.0.4:33363|dataStream:|priority:0, 001c296a-5799-42a4-87a9-6a5b930e2f27|rpc:10.1.0.4:45007|dataStream:|priority:1, 159ddede-8ddd-4508-a461-c1de976ef966|rpc:10.1.0.4:35015|dataStream:|priority:0], old=null
2022-06-19 13:08:53,550 [159ddede-8ddd-4508-a461-c1de976ef966@group-027D6B80B311-LeaderElection74] INFO  impl.LeaderElection (LeaderElection.java:askForVotes(310)) - 159ddede-8ddd-4508-a461-c1de976ef966@group-027D6B80B311-LeaderElection74 ELECTION round 0: submit vote requests at term 2 for -1: [eb4bc65c-b727-4ac3-a516-6687464fc4a1|rpc:10.1.0.4:33363|priority:0, 001c296a-5799-42a4-87a9-6a5b930e2f27|rpc:10.1.0.4:45007|priority:1, 159ddede-8ddd-4508-a461-c1de976ef966|rpc:10.1.0.4:35015|priority:0], old=null
2022-06-19 13:08:53,552 [001c296a-5799-42a4-87a9-6a5b930e2f27@group-027D6B80B311-FollowerState] INFO  impl.FollowerState (FollowerState.java:run(143)) - 001c296a-5799-42a4-87a9-6a5b930e2f27@group-027D6B80B311-FollowerState: change to CANDIDATE, lastRpcElapsedTime:5222066479ns, electionTimeout:5195ms
2022-06-19 13:08:53,552 [001c296a-5799-42a4-87a9-6a5b930e2f27@group-027D6B80B311-FollowerState] INFO  impl.RoleInfo (RoleInfo.java:shutdownFollowerState(110)) - 001c296a-5799-42a4-87a9-6a5b930e2f27: shutdown 001c296a-5799-42a4-87a9-6a5b930e2f27@group-027D6B80B311-FollowerState
2022-06-19 13:08:53,553 [001c296a-5799-42a4-87a9-6a5b930e2f27@group-027D6B80B311-FollowerState] INFO  server.RaftServer$Division (RaftServerImpl.java:setRole(299)) - 001c296a-5799-42a4-87a9-6a5b930e2f27@group-027D6B80B311: changes role from  FOLLOWER to CANDIDATE at term 1 for changeToCandidate
2022-06-19 13:08:53,553 [001c296a-5799-42a4-87a9-6a5b930e2f27@group-027D6B80B311-FollowerState] INFO  server.RaftServerConfigKeys (ConfUtils.java:logGet(46)) - raft.server.leaderelection.pre-vote = false (custom)
2022-06-19 13:08:53,553 [001c296a-5799-42a4-87a9-6a5b930e2f27@group-027D6B80B311-FollowerState] INFO  impl.RoleInfo (RoleInfo.java:updateAndGet(139)) - 001c296a-5799-42a4-87a9-6a5b930e2f27: start 001c296a-5799-42a4-87a9-6a5b930e2f27@group-027D6B80B311-LeaderElection75
2022-06-19 13:08:53,580 [grpc-default-executor-0] INFO  server.RaftServer$Division (RaftServerImpl.java:requestVote(1152)) - eb4bc65c-b727-4ac3-a516-6687464fc4a1@group-027D6B80B311: receive requestVote(ELECTION, 159ddede-8ddd-4508-a461-c1de976ef966, group-027D6B80B311, 2, (t:0, i:0))
2022-06-19 13:08:53,580 [grpc-default-executor-0] INFO  impl.VoteContext (VoteContext.java:log(48)) - eb4bc65c-b727-4ac3-a516-6687464fc4a1@group-027D6B80B311-CANDIDATE: reject ELECTION from 159ddede-8ddd-4508-a461-c1de976ef966: already has voted for eb4bc65c-b727-4ac3-a516-6687464fc4a1 at current term 2
2022-06-19 13:08:53,580 [grpc-default-executor-0] INFO  server.RaftServer$Division (RaftServerImpl.java:requestVote(1184)) - eb4bc65c-b727-4ac3-a516-6687464fc4a1@group-027D6B80B311 replies to ELECTION vote request: 159ddede-8ddd-4508-a461-c1de976ef966<-eb4bc65c-b727-4ac3-a516-6687464fc4a1#0:FAIL-t2. Peer's state: eb4bc65c-b727-4ac3-a516-6687464fc4a1@group-027D6B80B311:t2, leader=null, voted=eb4bc65c-b727-4ac3-a516-6687464fc4a1, raftlog=eb4bc65c-b727-4ac3-a516-6687464fc4a1@group-027D6B80B311-SegmentedRaftLog:OPENED:c-1, conf=-1: [eb4bc65c-b727-4ac3-a516-6687464fc4a1|rpc:10.1.0.4:33363|dataStream:|priority:0, 001c296a-5799-42a4-87a9-6a5b930e2f27|rpc:10.1.0.4:45007|dataStream:|priority:1, 159ddede-8ddd-4508-a461-c1de976ef966|rpc:10.1.0.4:35015|dataStream:|priority:0], old=null
2022-06-19 13:08:53,610 [grpc-default-executor-0] INFO  server.RaftServer$Division (RaftServerImpl.java:requestVote(1152)) - 001c296a-5799-42a4-87a9-6a5b930e2f27@group-027D6B80B311: receive requestVote(ELECTION, eb4bc65c-b727-4ac3-a516-6687464fc4a1, group-027D6B80B311, 2, (t:0, i:0))
2022-06-19 13:08:53,621 [grpc-default-executor-0] INFO  impl.VoteContext (VoteContext.java:log(48)) - 001c296a-5799-42a4-87a9-6a5b930e2f27@group-027D6B80B311-CANDIDATE: reject ELECTION from eb4bc65c-b727-4ac3-a516-6687464fc4a1: our priority 1 > candidate's priority 0
2022-06-19 13:08:53,621 [grpc-default-executor-0] INFO  server.RaftServer$Division (RaftServerImpl.java:setRole(299)) - 001c296a-5799-42a4-87a9-6a5b930e2f27@group-027D6B80B311: changes role from CANDIDATE to FOLLOWER at term 2 for candidate:eb4bc65c-b727-4ac3-a516-6687464fc4a1
2022-06-19 13:08:53,621 [grpc-default-executor-0] INFO  impl.RoleInfo (RoleInfo.java:shutdownLeaderElection(130)) - 001c296a-5799-42a4-87a9-6a5b930e2f27: shutdown 001c296a-5799-42a4-87a9-6a5b930e2f27@group-027D6B80B311-LeaderElection75
2022-06-19 13:08:53,621 [grpc-default-executor-0] INFO  impl.RoleInfo (RoleInfo.java:updateAndGet(139)) - 001c296a-5799-42a4-87a9-6a5b930e2f27: start 001c296a-5799-42a4-87a9-6a5b930e2f27@group-027D6B80B311-FollowerState
2022-06-19 13:08:53,621 [grpc-default-executor-1] INFO  server.RaftServer$Division (RaftServerImpl.java:requestVote(1152)) - 159ddede-8ddd-4508-a461-c1de976ef966@group-027D6B80B311: receive requestVote(ELECTION, eb4bc65c-b727-4ac3-a516-6687464fc4a1, group-027D6B80B311, 2, (t:0, i:0))
2022-06-19 13:08:53,621 [grpc-default-executor-1] INFO  impl.VoteContext (VoteContext.java:log(48)) - 159ddede-8ddd-4508-a461-c1de976ef966@group-027D6B80B311-CANDIDATE: reject ELECTION from eb4bc65c-b727-4ac3-a516-6687464fc4a1: already has voted for 159ddede-8ddd-4508-a461-c1de976ef966 at current term 2
2022-06-19 13:08:53,621 [grpc-default-executor-1] INFO  server.RaftServer$Division (RaftServerImpl.java:requestVote(1184)) - 159ddede-8ddd-4508-a461-c1de976ef966@group-027D6B80B311 replies to ELECTION vote request: eb4bc65c-b727-4ac3-a516-6687464fc4a1<-159ddede-8ddd-4508-a461-c1de976ef966#0:FAIL-t2. Peer's state: 159ddede-8ddd-4508-a461-c1de976ef966@group-027D6B80B311:t2, leader=null, voted=159ddede-8ddd-4508-a461-c1de976ef966, raftlog=159ddede-8ddd-4508-a461-c1de976ef966@group-027D6B80B311-SegmentedRaftLog:OPENED:c-1, conf=-1: [eb4bc65c-b727-4ac3-a516-6687464fc4a1|rpc:10.1.0.4:33363|priority:0, 001c296a-5799-42a4-87a9-6a5b930e2f27|rpc:10.1.0.4:45007|priority:1, 159ddede-8ddd-4508-a461-c1de976ef966|rpc:10.1.0.4:35015|priority:0], old=null
2022-06-19 13:08:53,624 [grpc-default-executor-0] INFO  server.RaftServer$Division (RaftServerImpl.java:requestVote(1184)) - 001c296a-5799-42a4-87a9-6a5b930e2f27@group-027D6B80B311 replies to ELECTION vote request: eb4bc65c-b727-4ac3-a516-6687464fc4a1<-001c296a-5799-42a4-87a9-6a5b930e2f27#0:FAIL-t2. Peer's state: 001c296a-5799-42a4-87a9-6a5b930e2f27@group-027D6B80B311:t2, leader=null, voted=null, raftlog=001c296a-5799-42a4-87a9-6a5b930e2f27@group-027D6B80B311-SegmentedRaftLog:OPENED:c-1, conf=-1: [eb4bc65c-b727-4ac3-a516-6687464fc4a1|rpc:10.1.0.4:33363|dataStream:|priority:0, 001c296a-5799-42a4-87a9-6a5b930e2f27|rpc:10.1.0.4:45007|dataStream:|priority:1, 159ddede-8ddd-4508-a461-c1de976ef966|rpc:10.1.0.4:35015|dataStream:|priority:0], old=null
2022-06-19 13:08:53,657 [grpc-default-executor-1] INFO  server.RaftServer$Division (RaftServerImpl.java:requestVote(1152)) - 001c296a-5799-42a4-87a9-6a5b930e2f27@group-027D6B80B311: receive requestVote(ELECTION, 159ddede-8ddd-4508-a461-c1de976ef966, group-027D6B80B311, 2, (t:0, i:0))
2022-06-19 13:08:53,657 [grpc-default-executor-1] INFO  impl.VoteContext (VoteContext.java:log(48)) - 001c296a-5799-42a4-87a9-6a5b930e2f27@group-027D6B80B311-FOLLOWER: reject ELECTION from 159ddede-8ddd-4508-a461-c1de976ef966: our priority 1 > candidate's priority 0
2022-06-19 13:08:53,657 [grpc-default-executor-1] INFO  server.RaftServer$Division (RaftServerImpl.java:setRole(299)) - 001c296a-5799-42a4-87a9-6a5b930e2f27@group-027D6B80B311: changes role from  FOLLOWER to FOLLOWER at term 2 for candidate:159ddede-8ddd-4508-a461-c1de976ef966
2022-06-19 13:08:53,657 [grpc-default-executor-1] INFO  impl.RoleInfo (RoleInfo.java:shutdownFollowerState(110)) - 001c296a-5799-42a4-87a9-6a5b930e2f27: shutdown 001c296a-5799-42a4-87a9-6a5b930e2f27@group-027D6B80B311-FollowerState
2022-06-19 13:08:53,657 [grpc-default-executor-1] INFO  impl.RoleInfo (RoleInfo.java:updateAndGet(139)) - 001c296a-5799-42a4-87a9-6a5b930e2f27: start 001c296a-5799-42a4-87a9-6a5b930e2f27@group-027D6B80B311-FollowerState
2022-06-19 13:08:53,658 [grpc-default-executor-1] INFO  server.RaftServer$Division (RaftServerImpl.java:requestVote(1184)) - 001c296a-5799-42a4-87a9-6a5b930e2f27@group-027D6B80B311 replies to ELECTION vote request: 159ddede-8ddd-4508-a461-c1de976ef966<-001c296a-5799-42a4-87a9-6a5b930e2f27#0:FAIL-t2. Peer's state: 001c296a-5799-42a4-87a9-6a5b930e2f27@group-027D6B80B311:t2, leader=null, voted=null, raftlog=001c296a-5799-42a4-87a9-6a5b930e2f27@group-027D6B80B311-SegmentedRaftLog:OPENED:c-1, conf=-1: [eb4bc65c-b727-4ac3-a516-6687464fc4a1|rpc:10.1.0.4:33363|dataStream:|priority:0, 001c296a-5799-42a4-87a9-6a5b930e2f27|rpc:10.1.0.4:45007|dataStream:|priority:1, 159ddede-8ddd-4508-a461-c1de976ef966|rpc:10.1.0.4:35015|dataStream:|priority:0], old=null
2022-06-19 13:08:53,663 [eb4bc65c-b727-4ac3-a516-6687464fc4a1@group-027D6B80B311-LeaderElection73] INFO  impl.LeaderElection (LeaderElection.java:logAndReturn(90)) - eb4bc65c-b727-4ac3-a516-6687464fc4a1@group-027D6B80B311-LeaderElection73: ELECTION REJECTED received 2 response(s) and 0 exception(s):
2022-06-19 13:08:53,663 [159ddede-8ddd-4508-a461-c1de976ef966@group-027D6B80B311-LeaderElection74] INFO  impl.LeaderElection (LeaderElection.java:logAndReturn(90)) - 159ddede-8ddd-4508-a461-c1de976ef966@group-027D6B80B311-LeaderElection74: ELECTION REJECTED received 2 response(s) and 0 exception(s):
2022-06-19 13:08:53,663 [159ddede-8ddd-4508-a461-c1de976ef966@group-027D6B80B311-LeaderElection74] INFO  impl.LeaderElection (LeaderElection.java:logAndReturn(94)) -   Response 0: 159ddede-8ddd-4508-a461-c1de976ef966<-eb4bc65c-b727-4ac3-a516-6687464fc4a1#0:FAIL-t2
2022-06-19 13:08:53,663 [159ddede-8ddd-4508-a461-c1de976ef966@group-027D6B80B311-LeaderElection74] INFO  impl.LeaderElection (LeaderElection.java:logAndReturn(94)) -   Response 1: 159ddede-8ddd-4508-a461-c1de976ef966<-001c296a-5799-42a4-87a9-6a5b930e2f27#0:FAIL-t2
2022-06-19 13:08:53,663 [159ddede-8ddd-4508-a461-c1de976ef966@group-027D6B80B311-LeaderElection74] INFO  impl.LeaderElection (LeaderElection.java:askForVotes(312)) - 159ddede-8ddd-4508-a461-c1de976ef966@group-027D6B80B311-LeaderElection74 ELECTION round 0: result REJECTED
2022-06-19 13:08:53,663 [159ddede-8ddd-4508-a461-c1de976ef966@group-027D6B80B311-LeaderElection74] INFO  server.RaftServer$Division (RaftServerImpl.java:setRole(299)) - 159ddede-8ddd-4508-a461-c1de976ef966@group-027D6B80B311: changes role from CANDIDATE to FOLLOWER at term 2 for REJECTED
2022-06-19 13:08:53,663 [159ddede-8ddd-4508-a461-c1de976ef966@group-027D6B80B311-LeaderElection74] INFO  impl.RoleInfo (RoleInfo.java:shutdownLeaderElection(130)) - 159ddede-8ddd-4508-a461-c1de976ef966: shutdown 159ddede-8ddd-4508-a461-c1de976ef966@group-027D6B80B311-LeaderElection74
2022-06-19 13:08:53,663 [159ddede-8ddd-4508-a461-c1de976ef966@group-027D6B80B311-LeaderElection74] INFO  impl.RoleInfo (RoleInfo.java:updateAndGet(139)) - 159ddede-8ddd-4508-a461-c1de976ef966: start 159ddede-8ddd-4508-a461-c1de976ef966@group-027D6B80B311-FollowerState
2022-06-19 13:08:53,663 [eb4bc65c-b727-4ac3-a516-6687464fc4a1@group-027D6B80B311-LeaderElection73] INFO  impl.LeaderElection (LeaderElection.java:logAndReturn(94)) -   Response 0: eb4bc65c-b727-4ac3-a516-6687464fc4a1<-001c296a-5799-42a4-87a9-6a5b930e2f27#0:FAIL-t2
2022-06-19 13:08:53,663 [eb4bc65c-b727-4ac3-a516-6687464fc4a1@group-027D6B80B311-LeaderElection73] INFO  impl.LeaderElection (LeaderElection.java:logAndReturn(94)) -   Response 1: eb4bc65c-b727-4ac3-a516-6687464fc4a1<-159ddede-8ddd-4508-a461-c1de976ef966#0:FAIL-t2
2022-06-19 13:08:53,671 [001c296a-5799-42a4-87a9-6a5b930e2f27@group-027D6B80B311-FollowerState] INFO  impl.FollowerState (FollowerState.java:run(152)) - 001c296a-5799-42a4-87a9-6a5b930e2f27@group-027D6B80B311-FollowerState was interrupted
2022-06-19 13:08:53,671 [9890fc63-f579-46b3-a4ef-59d832827169@group-BC728AAA96BA-FollowerState] INFO  impl.FollowerState (FollowerState.java:run(143)) - 9890fc63-f579-46b3-a4ef-59d832827169@group-BC728AAA96BA-FollowerState: change to CANDIDATE, lastRpcElapsedTime:5172481600ns, electionTimeout:5153ms
2022-06-19 13:08:53,671 [9890fc63-f579-46b3-a4ef-59d832827169@group-BC728AAA96BA-FollowerState] INFO  impl.RoleInfo (RoleInfo.java:shutdownFollowerState(110)) - 9890fc63-f579-46b3-a4ef-59d832827169: shutdown 9890fc63-f579-46b3-a4ef-59d832827169@group-BC728AAA96BA-FollowerState
2022-06-19 13:08:53,671 [9890fc63-f579-46b3-a4ef-59d832827169@group-BC728AAA96BA-FollowerState] INFO  server.RaftServer$Division (RaftServerImpl.java:setRole(299)) - 9890fc63-f579-46b3-a4ef-59d832827169@group-BC728AAA96BA: changes role from  FOLLOWER to CANDIDATE at term 0 for changeToCandidate
2022-06-19 13:08:53,673 [9890fc63-f579-46b3-a4ef-59d832827169@group-BC728AAA96BA-FollowerState] INFO  server.RaftServerConfigKeys (ConfUtils.java:logGet(46)) - raft.server.leaderelection.pre-vote = false (custom)
2022-06-19 13:08:53,673 [9890fc63-f579-46b3-a4ef-59d832827169@group-BC728AAA96BA-FollowerState] INFO  impl.RoleInfo (RoleInfo.java:updateAndGet(139)) - 9890fc63-f579-46b3-a4ef-59d832827169: start 9890fc63-f579-46b3-a4ef-59d832827169@group-BC728AAA96BA-LeaderElection76
2022-06-19 13:08:53,680 [eb4bc65c-b727-4ac3-a516-6687464fc4a1@group-027D6B80B311-LeaderElection73] INFO  impl.LeaderElection (LeaderElection.java:askForVotes(312)) - eb4bc65c-b727-4ac3-a516-6687464fc4a1@group-027D6B80B311-LeaderElection73 ELECTION round 0: result REJECTED
2022-06-19 13:08:53,680 [eb4bc65c-b727-4ac3-a516-6687464fc4a1@group-027D6B80B311-LeaderElection73] INFO  server.RaftServer$Division (RaftServerImpl.java:setRole(299)) - eb4bc65c-b727-4ac3-a516-6687464fc4a1@group-027D6B80B311: changes role from CANDIDATE to FOLLOWER at term 2 for REJECTED
2022-06-19 13:08:53,680 [eb4bc65c-b727-4ac3-a516-6687464fc4a1@group-027D6B80B311-LeaderElection73] INFO  impl.RoleInfo (RoleInfo.java:shutdownLeaderElection(130)) - eb4bc65c-b727-4ac3-a516-6687464fc4a1: shutdown eb4bc65c-b727-4ac3-a516-6687464fc4a1@group-027D6B80B311-LeaderElection73
2022-06-19 13:08:53,680 [eb4bc65c-b727-4ac3-a516-6687464fc4a1@group-027D6B80B311-LeaderElection73] INFO  impl.RoleInfo (RoleInfo.java:updateAndGet(139)) - eb4bc65c-b727-4ac3-a516-6687464fc4a1: start eb4bc65c-b727-4ac3-a516-6687464fc4a1@group-027D6B80B311-FollowerState
2022-06-19 13:08:53,706 [9890fc63-f579-46b3-a4ef-59d832827169@group-BC728AAA96BA-LeaderElection76] INFO  impl.LeaderElection (LeaderElection.java:askForVotes(310)) - 9890fc63-f579-46b3-a4ef-59d832827169@group-BC728AAA96BA-LeaderElection76 ELECTION round 0: submit vote requests at term 1 for -1: [9890fc63-f579-46b3-a4ef-59d832827169|rpc:10.1.0.4:37369|priority:1], old=null
2022-06-19 13:08:53,706 [9890fc63-f579-46b3-a4ef-59d832827169@group-BC728AAA96BA-LeaderElection76] INFO  impl.LeaderElection (LeaderElection.java:askForVotes(312)) - 9890fc63-f579-46b3-a4ef-59d832827169@group-BC728AAA96BA-LeaderElection76 ELECTION round 0: result PASSED (term=1)
2022-06-19 13:08:53,706 [9890fc63-f579-46b3-a4ef-59d832827169@group-BC728AAA96BA-LeaderElection76] INFO  impl.RoleInfo (RoleInfo.java:shutdownLeaderElection(130)) - 9890fc63-f579-46b3-a4ef-59d832827169: shutdown 9890fc63-f579-46b3-a4ef-59d832827169@group-BC728AAA96BA-LeaderElection76
2022-06-19 13:08:53,706 [9890fc63-f579-46b3-a4ef-59d832827169@group-BC728AAA96BA-LeaderElection76] INFO  server.RaftServer$Division (RaftServerImpl.java:setRole(299)) - 9890fc63-f579-46b3-a4ef-59d832827169@group-BC728AAA96BA: changes role from CANDIDATE to LEADER at term 1 for changeToLeader
2022-06-19 13:08:53,706 [9890fc63-f579-46b3-a4ef-59d832827169@group-BC728AAA96BA-LeaderElection76] INFO  ratis.XceiverServerRatis (XceiverServerRatis.java:handleLeaderChangedNotification(863)) - Leader change notification received for group: group-BC728AAA96BA with new leaderId: 9890fc63-f579-46b3-a4ef-59d832827169
2022-06-19 13:08:53,707 [9890fc63-f579-46b3-a4ef-59d832827169@group-BC728AAA96BA-LeaderElection76] INFO  server.RaftServer$Division (ServerState.java:setLeader(287)) - 9890fc63-f579-46b3-a4ef-59d832827169@group-BC728AAA96BA: change Leader from null to 9890fc63-f579-46b3-a4ef-59d832827169 at term 1 for becomeLeader, leader elected after 5255ms
2022-06-19 13:08:53,707 [9890fc63-f579-46b3-a4ef-59d832827169@group-BC728AAA96BA-LeaderElection76] INFO  server.RaftServerConfigKeys (ConfUtils.java:logGet(46)) - raft.server.staging.catchup.gap = 1000 (default)
2022-06-19 13:08:53,707 [9890fc63-f579-46b3-a4ef-59d832827169@group-BC728AAA96BA-LeaderElection76] INFO  server.RaftServerConfigKeys (ConfUtils.java:logGet(46)) - raft.server.write.element-limit = 1024 (custom)
2022-06-19 13:08:53,707 [9890fc63-f579-46b3-a4ef-59d832827169@group-BC728AAA96BA-LeaderElection76] INFO  server.RaftServerConfigKeys (ConfUtils.java:logGet(46)) - raft.server.write.byte-limit = 1024 M (=1073741824) (custom)
2022-06-19 13:08:53,707 [9890fc63-f579-46b3-a4ef-59d832827169@group-BC728AAA96BA-LeaderElection76] INFO  server.RaftServerConfigKeys (ConfUtils.java:logGet(46)) - raft.server.watch.timeout = 180s (custom)
2022-06-19 13:08:53,707 [9890fc63-f579-46b3-a4ef-59d832827169@group-BC728AAA96BA-LeaderElection76] INFO  server.RaftServerConfigKeys (ConfUtils.java:logGet(46)) - raft.server.watch.timeout.denomination = 1s (default)
2022-06-19 13:08:53,707 [9890fc63-f579-46b3-a4ef-59d832827169@group-BC728AAA96BA-LeaderElection76] INFO  server.RaftServerConfigKeys (ConfUtils.java:logGet(46)) - raft.server.watch.element-limit = 65536 (default)
2022-06-19 13:08:53,707 [9890fc63-f579-46b3-a4ef-59d832827169@group-BC728AAA96BA-LeaderElection76] INFO  server.RaftServerConfigKeys (ConfUtils.java:logGet(46)) - raft.server.write.element-limit = 1024 (custom)
2022-06-19 13:08:53,707 [9890fc63-f579-46b3-a4ef-59d832827169@group-BC728AAA96BA-LeaderElection76] INFO  server.RaftServerConfigKeys (ConfUtils.java:logGet(46)) - raft.server.write.follower.gap.ratio.max = -1.0 (default)
2022-06-19 13:08:53,707 [9890fc63-f579-46b3-a4ef-59d832827169@group-BC728AAA96BA-LeaderElection76] INFO  impl.RoleInfo (RoleInfo.java:updateAndGet(139)) - 9890fc63-f579-46b3-a4ef-59d832827169: start 9890fc63-f579-46b3-a4ef-59d832827169@group-BC728AAA96BA-LeaderStateImpl
2022-06-19 13:08:53,721 [9890fc63-f579-46b3-a4ef-59d832827169@group-BC728AAA96BA-LeaderElection76] INFO  segmented.SegmentedRaftLogWorker (SegmentedRaftLogWorker.java:startLogSegment(425)) - 9890fc63-f579-46b3-a4ef-59d832827169@group-BC728AAA96BA-SegmentedRaftLogWorker: Starting segment from index:0
2022-06-19 13:08:53,723 [9890fc63-f579-46b3-a4ef-59d832827169@group-BC728AAA96BA-SegmentedRaftLogWorker] INFO  segmented.SegmentedRaftLogWorker (SegmentedRaftLogWorker.java:execute(629)) - 9890fc63-f579-46b3-a4ef-59d832827169@group-BC728AAA96BA-SegmentedRaftLogWorker: created new log segment /home/runner/work/ozone/ozone/hadoop-ozone/integration-test/target/test-dir/MiniOzoneClusterImpl-c742643d-ef9b-4334-85a5-eeb69d8d8f7b/datanode-4/data/ratis/8ccab24f-0410-48bf-b3f5-bc728aaa96ba/current/log_inprogress_0
2022-06-19 13:08:53,752 [9890fc63-f579-46b3-a4ef-59d832827169@group-BC728AAA96BA-LeaderElection76] INFO  server.RaftServer$Division (ServerState.java:setRaftConf(393)) - 9890fc63-f579-46b3-a4ef-59d832827169@group-BC728AAA96BA: set configuration 0: [9890fc63-f579-46b3-a4ef-59d832827169|rpc:10.1.0.4:37369|dataStream:|priority:1], old=null
13:08:54.753 [IPC Server handler 13 on default port 38405] ERROR OMAudit - user=runner | ip=127.0.0.1 | op=GET_FILE_STATUS {volume=volume84440, bucket=bucket08814, key=.Trash/runner/Current/testKey2, dataSize=0, replicationConfig=null} | ret=FAILURE
org.apache.hadoop.ozone.om.exceptions.OMException: Unable to get file status: volume: volume84440 bucket: bucket08814 key: .Trash/runner/Current/testKey2
	at org.apache.hadoop.ozone.om.KeyManagerImpl.getOzoneFileStatus(KeyManagerImpl.java:1283) ~[ozone-manager-1.3.0-SNAPSHOT.jar:?]
	at org.apache.hadoop.ozone.om.KeyManagerImpl.getFileStatus(KeyManagerImpl.java:1213) ~[ozone-manager-1.3.0-SNAPSHOT.jar:?]
	at org.apache.hadoop.ozone.om.OzoneManager.getFileStatus(OzoneManager.java:3419) ~[ozone-manager-1.3.0-SNAPSHOT.jar:?]
	at org.apache.hadoop.ozone.protocolPB.OzoneManagerRequestHandler.getOzoneFileStatus(OzoneManagerRequestHandler.java:871) ~[ozone-manager-1.3.0-SNAPSHOT.jar:?]
	at org.apache.hadoop.ozone.protocolPB.OzoneManagerRequestHandler.handleReadRequest(OzoneManagerRequestHandler.java:217) ~[ozone-manager-1.3.0-SNAPSHOT.jar:?]
	at org.apache.hadoop.ozone.protocolPB.OzoneManagerProtocolServerSideTranslatorPB.submitRequestDirectlyToOM(OzoneManagerProtocolServerSideTranslatorPB.java:284) ~[ozone-manager-1.3.0-SNAPSHOT.jar:?]
	at org.apache.hadoop.ozone.protocolPB.OzoneManagerProtocolServerSideTranslatorPB.processRequest(OzoneManagerProtocolServerSideTranslatorPB.java:207) ~[ozone-manager-1.3.0-SNAPSHOT.jar:?]
	at org.apache.hadoop.hdds.server.OzoneProtocolMessageDispatcher.processRequest(OzoneProtocolMessageDispatcher.java:87) [hdds-server-framework-1.3.0-SNAPSHOT.jar:?]
	at org.apache.hadoop.ozone.protocolPB.OzoneManagerProtocolServerSideTranslatorPB.submitRequest(OzoneManagerProtocolServerSideTranslatorPB.java:147) [ozone-manager-1.3.0-SNAPSHOT.jar:?]
	at org.apache.hadoop.ozone.protocol.proto.OzoneManagerProtocolProtos$OzoneManagerService$2.callBlockingMethod(OzoneManagerProtocolProtos.java) [ozone-interface-client-1.3.0-SNAPSHOT.jar:?]
	at org.apache.hadoop.ipc.ProtobufRpcEngine$Server.processCall(ProtobufRpcEngine.java:466) [hadoop-common-3.3.1.jar:?]
	at org.apache.hadoop.ipc.ProtobufRpcEngine2$Server$ProtoBufRpcInvoker.call(ProtobufRpcEngine2.java:574) [hadoop-common-3.3.1.jar:?]
	at org.apache.hadoop.ipc.ProtobufRpcEngine2$Server$ProtoBufRpcInvoker.call(ProtobufRpcEngine2.java:552) [hadoop-common-3.3.1.jar:?]
	at org.apache.hadoop.ipc.RPC$Server.call(RPC.java:1093) [hadoop-common-3.3.1.jar:?]
	at org.apache.hadoop.ipc.Server$RpcCall.run(Server.java:1035) [hadoop-common-3.3.1.jar:?]
	at org.apache.hadoop.ipc.Server$RpcCall.run(Server.java:963) [hadoop-common-3.3.1.jar:?]
	at java.security.AccessController.doPrivileged(Native Method) ~[?:1.8.0_332]
	at javax.security.auth.Subject.doAs(Subject.java:422) [?:1.8.0_332]
	at org.apache.hadoop.security.UserGroupInformation.doAs(UserGroupInformation.java:1878) [hadoop-common-3.3.1.jar:?]
	at org.apache.hadoop.ipc.Server$Handler.run(Server.java:2966) [hadoop-common-3.3.1.jar:?]
]]></system-out>
  </testcase>
  <testcase name="testRenameDestinationParentDoesntExist" classname="TestOzoneFileSystem" time="0.04">
    <system-out><![CDATA[13:05:08.212 [IPC Server handler 7 on default port 33959] ERROR OMAudit - user=runner | ip=127.0.0.1 | op=GET_FILE_STATUS {volume=volume58940, bucket=bucket47939, key=root_dir/b/c, dataSize=0, replicationConfig=null} | ret=FAILURE
org.apache.hadoop.ozone.om.exceptions.OMException: Unable to get file status: volume: volume58940 bucket: bucket47939 key: root_dir/b/c
	at org.apache.hadoop.ozone.om.KeyManagerImpl.getOzoneFileStatus(KeyManagerImpl.java:1283) ~[ozone-manager-1.3.0-SNAPSHOT.jar:?]
	at org.apache.hadoop.ozone.om.KeyManagerImpl.getFileStatus(KeyManagerImpl.java:1213) ~[ozone-manager-1.3.0-SNAPSHOT.jar:?]
	at org.apache.hadoop.ozone.om.OzoneManager.getFileStatus(OzoneManager.java:3419) ~[ozone-manager-1.3.0-SNAPSHOT.jar:?]
	at org.apache.hadoop.ozone.protocolPB.OzoneManagerRequestHandler.getOzoneFileStatus(OzoneManagerRequestHandler.java:871) ~[ozone-manager-1.3.0-SNAPSHOT.jar:?]
	at org.apache.hadoop.ozone.protocolPB.OzoneManagerRequestHandler.handleReadRequest(OzoneManagerRequestHandler.java:217) ~[ozone-manager-1.3.0-SNAPSHOT.jar:?]
	at org.apache.hadoop.ozone.protocolPB.OzoneManagerProtocolServerSideTranslatorPB.submitReadRequestToOM(OzoneManagerProtocolServerSideTranslatorPB.java:225) ~[ozone-manager-1.3.0-SNAPSHOT.jar:?]
	at org.apache.hadoop.ozone.protocolPB.OzoneManagerProtocolServerSideTranslatorPB.processRequest(OzoneManagerProtocolServerSideTranslatorPB.java:175) ~[ozone-manager-1.3.0-SNAPSHOT.jar:?]
	at org.apache.hadoop.hdds.server.OzoneProtocolMessageDispatcher.processRequest(OzoneProtocolMessageDispatcher.java:87) [hdds-server-framework-1.3.0-SNAPSHOT.jar:?]
	at org.apache.hadoop.ozone.protocolPB.OzoneManagerProtocolServerSideTranslatorPB.submitRequest(OzoneManagerProtocolServerSideTranslatorPB.java:147) [ozone-manager-1.3.0-SNAPSHOT.jar:?]
	at org.apache.hadoop.ozone.protocol.proto.OzoneManagerProtocolProtos$OzoneManagerService$2.callBlockingMethod(OzoneManagerProtocolProtos.java) [ozone-interface-client-1.3.0-SNAPSHOT.jar:?]
	at org.apache.hadoop.ipc.ProtobufRpcEngine$Server.processCall(ProtobufRpcEngine.java:466) [hadoop-common-3.3.1.jar:?]
	at org.apache.hadoop.ipc.ProtobufRpcEngine2$Server$ProtoBufRpcInvoker.call(ProtobufRpcEngine2.java:574) [hadoop-common-3.3.1.jar:?]
	at org.apache.hadoop.ipc.ProtobufRpcEngine2$Server$ProtoBufRpcInvoker.call(ProtobufRpcEngine2.java:552) [hadoop-common-3.3.1.jar:?]
	at org.apache.hadoop.ipc.RPC$Server.call(RPC.java:1093) [hadoop-common-3.3.1.jar:?]
	at org.apache.hadoop.ipc.Server$RpcCall.run(Server.java:1035) [hadoop-common-3.3.1.jar:?]
	at org.apache.hadoop.ipc.Server$RpcCall.run(Server.java:963) [hadoop-common-3.3.1.jar:?]
	at java.security.AccessController.doPrivileged(Native Method) ~[?:1.8.0_332]
	at javax.security.auth.Subject.doAs(Subject.java:422) [?:1.8.0_332]
	at org.apache.hadoop.security.UserGroupInformation.doAs(UserGroupInformation.java:1878) [hadoop-common-3.3.1.jar:?]
	at org.apache.hadoop.ipc.Server$Handler.run(Server.java:2966) [hadoop-common-3.3.1.jar:?]
13:05:08.214 [IPC Server handler 17 on default port 33959] ERROR OMAudit - user=runner | ip=127.0.0.1 | op=GET_FILE_STATUS {volume=volume58940, bucket=bucket47939, key=root_dir/b, dataSize=0, replicationConfig=null} | ret=FAILURE
org.apache.hadoop.ozone.om.exceptions.OMException: Unable to get file status: volume: volume58940 bucket: bucket47939 key: root_dir/b
	at org.apache.hadoop.ozone.om.KeyManagerImpl.getOzoneFileStatus(KeyManagerImpl.java:1283) ~[ozone-manager-1.3.0-SNAPSHOT.jar:?]
	at org.apache.hadoop.ozone.om.KeyManagerImpl.getFileStatus(KeyManagerImpl.java:1213) ~[ozone-manager-1.3.0-SNAPSHOT.jar:?]
	at org.apache.hadoop.ozone.om.OzoneManager.getFileStatus(OzoneManager.java:3419) ~[ozone-manager-1.3.0-SNAPSHOT.jar:?]
	at org.apache.hadoop.ozone.protocolPB.OzoneManagerRequestHandler.getOzoneFileStatus(OzoneManagerRequestHandler.java:871) ~[ozone-manager-1.3.0-SNAPSHOT.jar:?]
	at org.apache.hadoop.ozone.protocolPB.OzoneManagerRequestHandler.handleReadRequest(OzoneManagerRequestHandler.java:217) ~[ozone-manager-1.3.0-SNAPSHOT.jar:?]
	at org.apache.hadoop.ozone.protocolPB.OzoneManagerProtocolServerSideTranslatorPB.submitReadRequestToOM(OzoneManagerProtocolServerSideTranslatorPB.java:225) ~[ozone-manager-1.3.0-SNAPSHOT.jar:?]
	at org.apache.hadoop.ozone.protocolPB.OzoneManagerProtocolServerSideTranslatorPB.processRequest(OzoneManagerProtocolServerSideTranslatorPB.java:175) ~[ozone-manager-1.3.0-SNAPSHOT.jar:?]
	at org.apache.hadoop.hdds.server.OzoneProtocolMessageDispatcher.processRequest(OzoneProtocolMessageDispatcher.java:87) [hdds-server-framework-1.3.0-SNAPSHOT.jar:?]
	at org.apache.hadoop.ozone.protocolPB.OzoneManagerProtocolServerSideTranslatorPB.submitRequest(OzoneManagerProtocolServerSideTranslatorPB.java:147) [ozone-manager-1.3.0-SNAPSHOT.jar:?]
	at org.apache.hadoop.ozone.protocol.proto.OzoneManagerProtocolProtos$OzoneManagerService$2.callBlockingMethod(OzoneManagerProtocolProtos.java) [ozone-interface-client-1.3.0-SNAPSHOT.jar:?]
	at org.apache.hadoop.ipc.ProtobufRpcEngine$Server.processCall(ProtobufRpcEngine.java:466) [hadoop-common-3.3.1.jar:?]
	at org.apache.hadoop.ipc.ProtobufRpcEngine2$Server$ProtoBufRpcInvoker.call(ProtobufRpcEngine2.java:574) [hadoop-common-3.3.1.jar:?]
	at org.apache.hadoop.ipc.ProtobufRpcEngine2$Server$ProtoBufRpcInvoker.call(ProtobufRpcEngine2.java:552) [hadoop-common-3.3.1.jar:?]
	at org.apache.hadoop.ipc.RPC$Server.call(RPC.java:1093) [hadoop-common-3.3.1.jar:?]
	at org.apache.hadoop.ipc.Server$RpcCall.run(Server.java:1035) [hadoop-common-3.3.1.jar:?]
	at org.apache.hadoop.ipc.Server$RpcCall.run(Server.java:963) [hadoop-common-3.3.1.jar:?]
	at java.security.AccessController.doPrivileged(Native Method) ~[?:1.8.0_332]
	at javax.security.auth.Subject.doAs(Subject.java:422) [?:1.8.0_332]
	at org.apache.hadoop.security.UserGroupInformation.doAs(UserGroupInformation.java:1878) [hadoop-common-3.3.1.jar:?]
	at org.apache.hadoop.ipc.Server$Handler.run(Server.java:2966) [hadoop-common-3.3.1.jar:?]
13:05:08.228 [IPC Server handler 12 on default port 33959] ERROR OMAudit - user=runner | ip=127.0.0.1 | op=GET_FILE_STATUS {volume=volume58940, bucket=bucket47939, key=root_dir/file1/c, dataSize=0, replicationConfig=null} | ret=FAILURE
org.apache.hadoop.ozone.om.exceptions.OMException: Unable to get file status: volume: volume58940 bucket: bucket47939 key: root_dir/file1/c
	at org.apache.hadoop.ozone.om.KeyManagerImpl.getOzoneFileStatus(KeyManagerImpl.java:1283) ~[ozone-manager-1.3.0-SNAPSHOT.jar:?]
	at org.apache.hadoop.ozone.om.KeyManagerImpl.getFileStatus(KeyManagerImpl.java:1213) ~[ozone-manager-1.3.0-SNAPSHOT.jar:?]
	at org.apache.hadoop.ozone.om.OzoneManager.getFileStatus(OzoneManager.java:3419) ~[ozone-manager-1.3.0-SNAPSHOT.jar:?]
	at org.apache.hadoop.ozone.protocolPB.OzoneManagerRequestHandler.getOzoneFileStatus(OzoneManagerRequestHandler.java:871) ~[ozone-manager-1.3.0-SNAPSHOT.jar:?]
	at org.apache.hadoop.ozone.protocolPB.OzoneManagerRequestHandler.handleReadRequest(OzoneManagerRequestHandler.java:217) ~[ozone-manager-1.3.0-SNAPSHOT.jar:?]
	at org.apache.hadoop.ozone.protocolPB.OzoneManagerProtocolServerSideTranslatorPB.submitReadRequestToOM(OzoneManagerProtocolServerSideTranslatorPB.java:225) ~[ozone-manager-1.3.0-SNAPSHOT.jar:?]
	at org.apache.hadoop.ozone.protocolPB.OzoneManagerProtocolServerSideTranslatorPB.processRequest(OzoneManagerProtocolServerSideTranslatorPB.java:175) ~[ozone-manager-1.3.0-SNAPSHOT.jar:?]
	at org.apache.hadoop.hdds.server.OzoneProtocolMessageDispatcher.processRequest(OzoneProtocolMessageDispatcher.java:87) [hdds-server-framework-1.3.0-SNAPSHOT.jar:?]
	at org.apache.hadoop.ozone.protocolPB.OzoneManagerProtocolServerSideTranslatorPB.submitRequest(OzoneManagerProtocolServerSideTranslatorPB.java:147) [ozone-manager-1.3.0-SNAPSHOT.jar:?]
	at org.apache.hadoop.ozone.protocol.proto.OzoneManagerProtocolProtos$OzoneManagerService$2.callBlockingMethod(OzoneManagerProtocolProtos.java) [ozone-interface-client-1.3.0-SNAPSHOT.jar:?]
	at org.apache.hadoop.ipc.ProtobufRpcEngine$Server.processCall(ProtobufRpcEngine.java:466) [hadoop-common-3.3.1.jar:?]
	at org.apache.hadoop.ipc.ProtobufRpcEngine2$Server$ProtoBufRpcInvoker.call(ProtobufRpcEngine2.java:574) [hadoop-common-3.3.1.jar:?]
	at org.apache.hadoop.ipc.ProtobufRpcEngine2$Server$ProtoBufRpcInvoker.call(ProtobufRpcEngine2.java:552) [hadoop-common-3.3.1.jar:?]
	at org.apache.hadoop.ipc.RPC$Server.call(RPC.java:1093) [hadoop-common-3.3.1.jar:?]
	at org.apache.hadoop.ipc.Server$RpcCall.run(Server.java:1035) [hadoop-common-3.3.1.jar:?]
	at org.apache.hadoop.ipc.Server$RpcCall.run(Server.java:963) [hadoop-common-3.3.1.jar:?]
	at java.security.AccessController.doPrivileged(Native Method) ~[?:1.8.0_332]
	at javax.security.auth.Subject.doAs(Subject.java:422) [?:1.8.0_332]
	at org.apache.hadoop.security.UserGroupInformation.doAs(UserGroupInformation.java:1878) [hadoop-common-3.3.1.jar:?]
	at org.apache.hadoop.ipc.Server$Handler.run(Server.java:2966) [hadoop-common-3.3.1.jar:?]
]]></system-out>
  </testcase>
  <testcase name="testRenameDestinationParentDoesntExist" classname="TestOzoneFileSystem" time="0.05">
    <system-out><![CDATA[13:06:26.035 [IPC Server handler 13 on default port 45241] ERROR OMAudit - user=runner | ip=127.0.0.1 | op=GET_FILE_STATUS {volume=volume87664, bucket=bucket74908, key=root_dir/b/c, dataSize=0, replicationConfig=null} | ret=FAILURE
org.apache.hadoop.ozone.om.exceptions.OMException: Unable to get file status: volume: volume87664 bucket: bucket74908 key: root_dir/b/c
	at org.apache.hadoop.ozone.om.KeyManagerImpl.getOzoneFileStatus(KeyManagerImpl.java:1283) ~[ozone-manager-1.3.0-SNAPSHOT.jar:?]
	at org.apache.hadoop.ozone.om.KeyManagerImpl.getFileStatus(KeyManagerImpl.java:1213) ~[ozone-manager-1.3.0-SNAPSHOT.jar:?]
	at org.apache.hadoop.ozone.om.OzoneManager.getFileStatus(OzoneManager.java:3419) ~[ozone-manager-1.3.0-SNAPSHOT.jar:?]
	at org.apache.hadoop.ozone.protocolPB.OzoneManagerRequestHandler.getOzoneFileStatus(OzoneManagerRequestHandler.java:871) ~[ozone-manager-1.3.0-SNAPSHOT.jar:?]
	at org.apache.hadoop.ozone.protocolPB.OzoneManagerRequestHandler.handleReadRequest(OzoneManagerRequestHandler.java:217) ~[ozone-manager-1.3.0-SNAPSHOT.jar:?]
	at org.apache.hadoop.ozone.protocolPB.OzoneManagerProtocolServerSideTranslatorPB.submitRequestDirectlyToOM(OzoneManagerProtocolServerSideTranslatorPB.java:284) ~[ozone-manager-1.3.0-SNAPSHOT.jar:?]
	at org.apache.hadoop.ozone.protocolPB.OzoneManagerProtocolServerSideTranslatorPB.processRequest(OzoneManagerProtocolServerSideTranslatorPB.java:207) ~[ozone-manager-1.3.0-SNAPSHOT.jar:?]
	at org.apache.hadoop.hdds.server.OzoneProtocolMessageDispatcher.processRequest(OzoneProtocolMessageDispatcher.java:87) [hdds-server-framework-1.3.0-SNAPSHOT.jar:?]
	at org.apache.hadoop.ozone.protocolPB.OzoneManagerProtocolServerSideTranslatorPB.submitRequest(OzoneManagerProtocolServerSideTranslatorPB.java:147) [ozone-manager-1.3.0-SNAPSHOT.jar:?]
	at org.apache.hadoop.ozone.protocol.proto.OzoneManagerProtocolProtos$OzoneManagerService$2.callBlockingMethod(OzoneManagerProtocolProtos.java) [ozone-interface-client-1.3.0-SNAPSHOT.jar:?]
	at org.apache.hadoop.ipc.ProtobufRpcEngine$Server.processCall(ProtobufRpcEngine.java:466) [hadoop-common-3.3.1.jar:?]
	at org.apache.hadoop.ipc.ProtobufRpcEngine2$Server$ProtoBufRpcInvoker.call(ProtobufRpcEngine2.java:574) [hadoop-common-3.3.1.jar:?]
	at org.apache.hadoop.ipc.ProtobufRpcEngine2$Server$ProtoBufRpcInvoker.call(ProtobufRpcEngine2.java:552) [hadoop-common-3.3.1.jar:?]
	at org.apache.hadoop.ipc.RPC$Server.call(RPC.java:1093) [hadoop-common-3.3.1.jar:?]
	at org.apache.hadoop.ipc.Server$RpcCall.run(Server.java:1035) [hadoop-common-3.3.1.jar:?]
	at org.apache.hadoop.ipc.Server$RpcCall.run(Server.java:963) [hadoop-common-3.3.1.jar:?]
	at java.security.AccessController.doPrivileged(Native Method) ~[?:1.8.0_332]
	at javax.security.auth.Subject.doAs(Subject.java:422) [?:1.8.0_332]
	at org.apache.hadoop.security.UserGroupInformation.doAs(UserGroupInformation.java:1878) [hadoop-common-3.3.1.jar:?]
	at org.apache.hadoop.ipc.Server$Handler.run(Server.java:2966) [hadoop-common-3.3.1.jar:?]
13:06:26.038 [IPC Server handler 10 on default port 45241] ERROR OMAudit - user=runner | ip=127.0.0.1 | op=GET_FILE_STATUS {volume=volume87664, bucket=bucket74908, key=root_dir/b, dataSize=0, replicationConfig=null} | ret=FAILURE
org.apache.hadoop.ozone.om.exceptions.OMException: Unable to get file status: volume: volume87664 bucket: bucket74908 key: root_dir/b
	at org.apache.hadoop.ozone.om.KeyManagerImpl.getOzoneFileStatus(KeyManagerImpl.java:1283) ~[ozone-manager-1.3.0-SNAPSHOT.jar:?]
	at org.apache.hadoop.ozone.om.KeyManagerImpl.getFileStatus(KeyManagerImpl.java:1213) ~[ozone-manager-1.3.0-SNAPSHOT.jar:?]
	at org.apache.hadoop.ozone.om.OzoneManager.getFileStatus(OzoneManager.java:3419) ~[ozone-manager-1.3.0-SNAPSHOT.jar:?]
	at org.apache.hadoop.ozone.protocolPB.OzoneManagerRequestHandler.getOzoneFileStatus(OzoneManagerRequestHandler.java:871) ~[ozone-manager-1.3.0-SNAPSHOT.jar:?]
	at org.apache.hadoop.ozone.protocolPB.OzoneManagerRequestHandler.handleReadRequest(OzoneManagerRequestHandler.java:217) ~[ozone-manager-1.3.0-SNAPSHOT.jar:?]
	at org.apache.hadoop.ozone.protocolPB.OzoneManagerProtocolServerSideTranslatorPB.submitRequestDirectlyToOM(OzoneManagerProtocolServerSideTranslatorPB.java:284) ~[ozone-manager-1.3.0-SNAPSHOT.jar:?]
	at org.apache.hadoop.ozone.protocolPB.OzoneManagerProtocolServerSideTranslatorPB.processRequest(OzoneManagerProtocolServerSideTranslatorPB.java:207) ~[ozone-manager-1.3.0-SNAPSHOT.jar:?]
	at org.apache.hadoop.hdds.server.OzoneProtocolMessageDispatcher.processRequest(OzoneProtocolMessageDispatcher.java:87) [hdds-server-framework-1.3.0-SNAPSHOT.jar:?]
	at org.apache.hadoop.ozone.protocolPB.OzoneManagerProtocolServerSideTranslatorPB.submitRequest(OzoneManagerProtocolServerSideTranslatorPB.java:147) [ozone-manager-1.3.0-SNAPSHOT.jar:?]
	at org.apache.hadoop.ozone.protocol.proto.OzoneManagerProtocolProtos$OzoneManagerService$2.callBlockingMethod(OzoneManagerProtocolProtos.java) [ozone-interface-client-1.3.0-SNAPSHOT.jar:?]
	at org.apache.hadoop.ipc.ProtobufRpcEngine$Server.processCall(ProtobufRpcEngine.java:466) [hadoop-common-3.3.1.jar:?]
	at org.apache.hadoop.ipc.ProtobufRpcEngine2$Server$ProtoBufRpcInvoker.call(ProtobufRpcEngine2.java:574) [hadoop-common-3.3.1.jar:?]
	at org.apache.hadoop.ipc.ProtobufRpcEngine2$Server$ProtoBufRpcInvoker.call(ProtobufRpcEngine2.java:552) [hadoop-common-3.3.1.jar:?]
	at org.apache.hadoop.ipc.RPC$Server.call(RPC.java:1093) [hadoop-common-3.3.1.jar:?]
	at org.apache.hadoop.ipc.Server$RpcCall.run(Server.java:1035) [hadoop-common-3.3.1.jar:?]
	at org.apache.hadoop.ipc.Server$RpcCall.run(Server.java:963) [hadoop-common-3.3.1.jar:?]
	at java.security.AccessController.doPrivileged(Native Method) ~[?:1.8.0_332]
	at javax.security.auth.Subject.doAs(Subject.java:422) [?:1.8.0_332]
	at org.apache.hadoop.security.UserGroupInformation.doAs(UserGroupInformation.java:1878) [hadoop-common-3.3.1.jar:?]
	at org.apache.hadoop.ipc.Server$Handler.run(Server.java:2966) [hadoop-common-3.3.1.jar:?]
13:06:26.046 [IPC Server handler 17 on default port 45241] ERROR OMAudit - user=runner | ip=127.0.0.1 | op=GET_FILE_STATUS {volume=volume87664, bucket=bucket74908, key=root_dir/file1/c, dataSize=0, replicationConfig=null} | ret=FAILURE
org.apache.hadoop.ozone.om.exceptions.OMException: Unable to get file status: volume: volume87664 bucket: bucket74908 key: root_dir/file1/c
	at org.apache.hadoop.ozone.om.KeyManagerImpl.getOzoneFileStatus(KeyManagerImpl.java:1283) ~[ozone-manager-1.3.0-SNAPSHOT.jar:?]
	at org.apache.hadoop.ozone.om.KeyManagerImpl.getFileStatus(KeyManagerImpl.java:1213) ~[ozone-manager-1.3.0-SNAPSHOT.jar:?]
	at org.apache.hadoop.ozone.om.OzoneManager.getFileStatus(OzoneManager.java:3419) ~[ozone-manager-1.3.0-SNAPSHOT.jar:?]
	at org.apache.hadoop.ozone.protocolPB.OzoneManagerRequestHandler.getOzoneFileStatus(OzoneManagerRequestHandler.java:871) ~[ozone-manager-1.3.0-SNAPSHOT.jar:?]
	at org.apache.hadoop.ozone.protocolPB.OzoneManagerRequestHandler.handleReadRequest(OzoneManagerRequestHandler.java:217) ~[ozone-manager-1.3.0-SNAPSHOT.jar:?]
	at org.apache.hadoop.ozone.protocolPB.OzoneManagerProtocolServerSideTranslatorPB.submitRequestDirectlyToOM(OzoneManagerProtocolServerSideTranslatorPB.java:284) ~[ozone-manager-1.3.0-SNAPSHOT.jar:?]
	at org.apache.hadoop.ozone.protocolPB.OzoneManagerProtocolServerSideTranslatorPB.processRequest(OzoneManagerProtocolServerSideTranslatorPB.java:207) ~[ozone-manager-1.3.0-SNAPSHOT.jar:?]
	at org.apache.hadoop.hdds.server.OzoneProtocolMessageDispatcher.processRequest(OzoneProtocolMessageDispatcher.java:87) [hdds-server-framework-1.3.0-SNAPSHOT.jar:?]
	at org.apache.hadoop.ozone.protocolPB.OzoneManagerProtocolServerSideTranslatorPB.submitRequest(OzoneManagerProtocolServerSideTranslatorPB.java:147) [ozone-manager-1.3.0-SNAPSHOT.jar:?]
	at org.apache.hadoop.ozone.protocol.proto.OzoneManagerProtocolProtos$OzoneManagerService$2.callBlockingMethod(OzoneManagerProtocolProtos.java) [ozone-interface-client-1.3.0-SNAPSHOT.jar:?]
	at org.apache.hadoop.ipc.ProtobufRpcEngine$Server.processCall(ProtobufRpcEngine.java:466) [hadoop-common-3.3.1.jar:?]
	at org.apache.hadoop.ipc.ProtobufRpcEngine2$Server$ProtoBufRpcInvoker.call(ProtobufRpcEngine2.java:574) [hadoop-common-3.3.1.jar:?]
	at org.apache.hadoop.ipc.ProtobufRpcEngine2$Server$ProtoBufRpcInvoker.call(ProtobufRpcEngine2.java:552) [hadoop-common-3.3.1.jar:?]
	at org.apache.hadoop.ipc.RPC$Server.call(RPC.java:1093) [hadoop-common-3.3.1.jar:?]
	at org.apache.hadoop.ipc.Server$RpcCall.run(Server.java:1035) [hadoop-common-3.3.1.jar:?]
	at org.apache.hadoop.ipc.Server$RpcCall.run(Server.java:963) [hadoop-common-3.3.1.jar:?]
	at java.security.AccessController.doPrivileged(Native Method) ~[?:1.8.0_332]
	at javax.security.auth.Subject.doAs(Subject.java:422) [?:1.8.0_332]
	at org.apache.hadoop.security.UserGroupInformation.doAs(UserGroupInformation.java:1878) [hadoop-common-3.3.1.jar:?]
	at org.apache.hadoop.ipc.Server$Handler.run(Server.java:2966) [hadoop-common-3.3.1.jar:?]
]]></system-out>
  </testcase>
  <testcase name="testRenameDestinationParentDoesntExist" classname="TestOzoneFileSystem" time="0.038">
    <system-out><![CDATA[13:07:41.420 [IPC Server handler 4 on default port 41441] ERROR OMAudit - user=runner | ip=127.0.0.1 | op=GET_FILE_STATUS {volume=volume07034, bucket=bucket87468, key=root_dir/b/c, dataSize=0, replicationConfig=null} | ret=FAILURE
org.apache.hadoop.ozone.om.exceptions.OMException: Unable to get file status: volume: volume07034 bucket: bucket87468 key: root_dir/b/c
	at org.apache.hadoop.ozone.om.KeyManagerImpl.getOzoneFileStatus(KeyManagerImpl.java:1283) ~[ozone-manager-1.3.0-SNAPSHOT.jar:?]
	at org.apache.hadoop.ozone.om.KeyManagerImpl.getFileStatus(KeyManagerImpl.java:1213) ~[ozone-manager-1.3.0-SNAPSHOT.jar:?]
	at org.apache.hadoop.ozone.om.OzoneManager.getFileStatus(OzoneManager.java:3419) ~[ozone-manager-1.3.0-SNAPSHOT.jar:?]
	at org.apache.hadoop.ozone.protocolPB.OzoneManagerRequestHandler.getOzoneFileStatus(OzoneManagerRequestHandler.java:871) ~[ozone-manager-1.3.0-SNAPSHOT.jar:?]
	at org.apache.hadoop.ozone.protocolPB.OzoneManagerRequestHandler.handleReadRequest(OzoneManagerRequestHandler.java:217) ~[ozone-manager-1.3.0-SNAPSHOT.jar:?]
	at org.apache.hadoop.ozone.protocolPB.OzoneManagerProtocolServerSideTranslatorPB.submitReadRequestToOM(OzoneManagerProtocolServerSideTranslatorPB.java:225) ~[ozone-manager-1.3.0-SNAPSHOT.jar:?]
	at org.apache.hadoop.ozone.protocolPB.OzoneManagerProtocolServerSideTranslatorPB.processRequest(OzoneManagerProtocolServerSideTranslatorPB.java:175) ~[ozone-manager-1.3.0-SNAPSHOT.jar:?]
	at org.apache.hadoop.hdds.server.OzoneProtocolMessageDispatcher.processRequest(OzoneProtocolMessageDispatcher.java:87) [hdds-server-framework-1.3.0-SNAPSHOT.jar:?]
	at org.apache.hadoop.ozone.protocolPB.OzoneManagerProtocolServerSideTranslatorPB.submitRequest(OzoneManagerProtocolServerSideTranslatorPB.java:147) [ozone-manager-1.3.0-SNAPSHOT.jar:?]
	at org.apache.hadoop.ozone.protocol.proto.OzoneManagerProtocolProtos$OzoneManagerService$2.callBlockingMethod(OzoneManagerProtocolProtos.java) [ozone-interface-client-1.3.0-SNAPSHOT.jar:?]
	at org.apache.hadoop.ipc.ProtobufRpcEngine$Server.processCall(ProtobufRpcEngine.java:466) [hadoop-common-3.3.1.jar:?]
	at org.apache.hadoop.ipc.ProtobufRpcEngine2$Server$ProtoBufRpcInvoker.call(ProtobufRpcEngine2.java:574) [hadoop-common-3.3.1.jar:?]
	at org.apache.hadoop.ipc.ProtobufRpcEngine2$Server$ProtoBufRpcInvoker.call(ProtobufRpcEngine2.java:552) [hadoop-common-3.3.1.jar:?]
	at org.apache.hadoop.ipc.RPC$Server.call(RPC.java:1093) [hadoop-common-3.3.1.jar:?]
	at org.apache.hadoop.ipc.Server$RpcCall.run(Server.java:1035) [hadoop-common-3.3.1.jar:?]
	at org.apache.hadoop.ipc.Server$RpcCall.run(Server.java:963) [hadoop-common-3.3.1.jar:?]
	at java.security.AccessController.doPrivileged(Native Method) ~[?:1.8.0_332]
	at javax.security.auth.Subject.doAs(Subject.java:422) [?:1.8.0_332]
	at org.apache.hadoop.security.UserGroupInformation.doAs(UserGroupInformation.java:1878) [hadoop-common-3.3.1.jar:?]
	at org.apache.hadoop.ipc.Server$Handler.run(Server.java:2966) [hadoop-common-3.3.1.jar:?]
13:07:41.421 [IPC Server handler 10 on default port 41441] ERROR OMAudit - user=runner | ip=127.0.0.1 | op=GET_FILE_STATUS {volume=volume07034, bucket=bucket87468, key=root_dir/b, dataSize=0, replicationConfig=null} | ret=FAILURE
org.apache.hadoop.ozone.om.exceptions.OMException: Unable to get file status: volume: volume07034 bucket: bucket87468 key: root_dir/b
	at org.apache.hadoop.ozone.om.KeyManagerImpl.getOzoneFileStatus(KeyManagerImpl.java:1283) ~[ozone-manager-1.3.0-SNAPSHOT.jar:?]
	at org.apache.hadoop.ozone.om.KeyManagerImpl.getFileStatus(KeyManagerImpl.java:1213) ~[ozone-manager-1.3.0-SNAPSHOT.jar:?]
	at org.apache.hadoop.ozone.om.OzoneManager.getFileStatus(OzoneManager.java:3419) ~[ozone-manager-1.3.0-SNAPSHOT.jar:?]
	at org.apache.hadoop.ozone.protocolPB.OzoneManagerRequestHandler.getOzoneFileStatus(OzoneManagerRequestHandler.java:871) ~[ozone-manager-1.3.0-SNAPSHOT.jar:?]
	at org.apache.hadoop.ozone.protocolPB.OzoneManagerRequestHandler.handleReadRequest(OzoneManagerRequestHandler.java:217) ~[ozone-manager-1.3.0-SNAPSHOT.jar:?]
	at org.apache.hadoop.ozone.protocolPB.OzoneManagerProtocolServerSideTranslatorPB.submitReadRequestToOM(OzoneManagerProtocolServerSideTranslatorPB.java:225) ~[ozone-manager-1.3.0-SNAPSHOT.jar:?]
	at org.apache.hadoop.ozone.protocolPB.OzoneManagerProtocolServerSideTranslatorPB.processRequest(OzoneManagerProtocolServerSideTranslatorPB.java:175) ~[ozone-manager-1.3.0-SNAPSHOT.jar:?]
	at org.apache.hadoop.hdds.server.OzoneProtocolMessageDispatcher.processRequest(OzoneProtocolMessageDispatcher.java:87) [hdds-server-framework-1.3.0-SNAPSHOT.jar:?]
	at org.apache.hadoop.ozone.protocolPB.OzoneManagerProtocolServerSideTranslatorPB.submitRequest(OzoneManagerProtocolServerSideTranslatorPB.java:147) [ozone-manager-1.3.0-SNAPSHOT.jar:?]
	at org.apache.hadoop.ozone.protocol.proto.OzoneManagerProtocolProtos$OzoneManagerService$2.callBlockingMethod(OzoneManagerProtocolProtos.java) [ozone-interface-client-1.3.0-SNAPSHOT.jar:?]
	at org.apache.hadoop.ipc.ProtobufRpcEngine$Server.processCall(ProtobufRpcEngine.java:466) [hadoop-common-3.3.1.jar:?]
	at org.apache.hadoop.ipc.ProtobufRpcEngine2$Server$ProtoBufRpcInvoker.call(ProtobufRpcEngine2.java:574) [hadoop-common-3.3.1.jar:?]
	at org.apache.hadoop.ipc.ProtobufRpcEngine2$Server$ProtoBufRpcInvoker.call(ProtobufRpcEngine2.java:552) [hadoop-common-3.3.1.jar:?]
	at org.apache.hadoop.ipc.RPC$Server.call(RPC.java:1093) [hadoop-common-3.3.1.jar:?]
	at org.apache.hadoop.ipc.Server$RpcCall.run(Server.java:1035) [hadoop-common-3.3.1.jar:?]
	at org.apache.hadoop.ipc.Server$RpcCall.run(Server.java:963) [hadoop-common-3.3.1.jar:?]
	at java.security.AccessController.doPrivileged(Native Method) ~[?:1.8.0_332]
	at javax.security.auth.Subject.doAs(Subject.java:422) [?:1.8.0_332]
	at org.apache.hadoop.security.UserGroupInformation.doAs(UserGroupInformation.java:1878) [hadoop-common-3.3.1.jar:?]
	at org.apache.hadoop.ipc.Server$Handler.run(Server.java:2966) [hadoop-common-3.3.1.jar:?]
13:07:41.436 [IPC Server handler 7 on default port 41441] ERROR OMAudit - user=runner | ip=127.0.0.1 | op=GET_FILE_STATUS {volume=volume07034, bucket=bucket87468, key=root_dir/file1/c, dataSize=0, replicationConfig=null} | ret=FAILURE
org.apache.hadoop.ozone.om.exceptions.OMException: Unable to get file status: volume: volume07034 bucket: bucket87468 key: root_dir/file1/c
	at org.apache.hadoop.ozone.om.KeyManagerImpl.getOzoneFileStatus(KeyManagerImpl.java:1283) ~[ozone-manager-1.3.0-SNAPSHOT.jar:?]
	at org.apache.hadoop.ozone.om.KeyManagerImpl.getFileStatus(KeyManagerImpl.java:1213) ~[ozone-manager-1.3.0-SNAPSHOT.jar:?]
	at org.apache.hadoop.ozone.om.OzoneManager.getFileStatus(OzoneManager.java:3419) ~[ozone-manager-1.3.0-SNAPSHOT.jar:?]
	at org.apache.hadoop.ozone.protocolPB.OzoneManagerRequestHandler.getOzoneFileStatus(OzoneManagerRequestHandler.java:871) ~[ozone-manager-1.3.0-SNAPSHOT.jar:?]
	at org.apache.hadoop.ozone.protocolPB.OzoneManagerRequestHandler.handleReadRequest(OzoneManagerRequestHandler.java:217) ~[ozone-manager-1.3.0-SNAPSHOT.jar:?]
	at org.apache.hadoop.ozone.protocolPB.OzoneManagerProtocolServerSideTranslatorPB.submitReadRequestToOM(OzoneManagerProtocolServerSideTranslatorPB.java:225) ~[ozone-manager-1.3.0-SNAPSHOT.jar:?]
	at org.apache.hadoop.ozone.protocolPB.OzoneManagerProtocolServerSideTranslatorPB.processRequest(OzoneManagerProtocolServerSideTranslatorPB.java:175) ~[ozone-manager-1.3.0-SNAPSHOT.jar:?]
	at org.apache.hadoop.hdds.server.OzoneProtocolMessageDispatcher.processRequest(OzoneProtocolMessageDispatcher.java:87) [hdds-server-framework-1.3.0-SNAPSHOT.jar:?]
	at org.apache.hadoop.ozone.protocolPB.OzoneManagerProtocolServerSideTranslatorPB.submitRequest(OzoneManagerProtocolServerSideTranslatorPB.java:147) [ozone-manager-1.3.0-SNAPSHOT.jar:?]
	at org.apache.hadoop.ozone.protocol.proto.OzoneManagerProtocolProtos$OzoneManagerService$2.callBlockingMethod(OzoneManagerProtocolProtos.java) [ozone-interface-client-1.3.0-SNAPSHOT.jar:?]
	at org.apache.hadoop.ipc.ProtobufRpcEngine$Server.processCall(ProtobufRpcEngine.java:466) [hadoop-common-3.3.1.jar:?]
	at org.apache.hadoop.ipc.ProtobufRpcEngine2$Server$ProtoBufRpcInvoker.call(ProtobufRpcEngine2.java:574) [hadoop-common-3.3.1.jar:?]
	at org.apache.hadoop.ipc.ProtobufRpcEngine2$Server$ProtoBufRpcInvoker.call(ProtobufRpcEngine2.java:552) [hadoop-common-3.3.1.jar:?]
	at org.apache.hadoop.ipc.RPC$Server.call(RPC.java:1093) [hadoop-common-3.3.1.jar:?]
	at org.apache.hadoop.ipc.Server$RpcCall.run(Server.java:1035) [hadoop-common-3.3.1.jar:?]
	at org.apache.hadoop.ipc.Server$RpcCall.run(Server.java:963) [hadoop-common-3.3.1.jar:?]
	at java.security.AccessController.doPrivileged(Native Method) ~[?:1.8.0_332]
	at javax.security.auth.Subject.doAs(Subject.java:422) [?:1.8.0_332]
	at org.apache.hadoop.security.UserGroupInformation.doAs(UserGroupInformation.java:1878) [hadoop-common-3.3.1.jar:?]
	at org.apache.hadoop.ipc.Server$Handler.run(Server.java:2966) [hadoop-common-3.3.1.jar:?]
]]></system-out>
  </testcase>
  <testcase name="testRenameDestinationParentDoesntExist" classname="TestOzoneFileSystem" time="0.056">
    <system-out><![CDATA[13:08:57.792 [IPC Server handler 8 on default port 38405] ERROR OMAudit - user=runner | ip=127.0.0.1 | op=GET_FILE_STATUS {volume=volume84440, bucket=bucket08814, key=root_dir/b/c, dataSize=0, replicationConfig=null} | ret=FAILURE
org.apache.hadoop.ozone.om.exceptions.OMException: Unable to get file status: volume: volume84440 bucket: bucket08814 key: root_dir/b/c
	at org.apache.hadoop.ozone.om.KeyManagerImpl.getOzoneFileStatus(KeyManagerImpl.java:1283) ~[ozone-manager-1.3.0-SNAPSHOT.jar:?]
	at org.apache.hadoop.ozone.om.KeyManagerImpl.getFileStatus(KeyManagerImpl.java:1213) ~[ozone-manager-1.3.0-SNAPSHOT.jar:?]
	at org.apache.hadoop.ozone.om.OzoneManager.getFileStatus(OzoneManager.java:3419) ~[ozone-manager-1.3.0-SNAPSHOT.jar:?]
	at org.apache.hadoop.ozone.protocolPB.OzoneManagerRequestHandler.getOzoneFileStatus(OzoneManagerRequestHandler.java:871) ~[ozone-manager-1.3.0-SNAPSHOT.jar:?]
	at org.apache.hadoop.ozone.protocolPB.OzoneManagerRequestHandler.handleReadRequest(OzoneManagerRequestHandler.java:217) ~[ozone-manager-1.3.0-SNAPSHOT.jar:?]
	at org.apache.hadoop.ozone.protocolPB.OzoneManagerProtocolServerSideTranslatorPB.submitRequestDirectlyToOM(OzoneManagerProtocolServerSideTranslatorPB.java:284) ~[ozone-manager-1.3.0-SNAPSHOT.jar:?]
	at org.apache.hadoop.ozone.protocolPB.OzoneManagerProtocolServerSideTranslatorPB.processRequest(OzoneManagerProtocolServerSideTranslatorPB.java:207) ~[ozone-manager-1.3.0-SNAPSHOT.jar:?]
	at org.apache.hadoop.hdds.server.OzoneProtocolMessageDispatcher.processRequest(OzoneProtocolMessageDispatcher.java:87) [hdds-server-framework-1.3.0-SNAPSHOT.jar:?]
	at org.apache.hadoop.ozone.protocolPB.OzoneManagerProtocolServerSideTranslatorPB.submitRequest(OzoneManagerProtocolServerSideTranslatorPB.java:147) [ozone-manager-1.3.0-SNAPSHOT.jar:?]
	at org.apache.hadoop.ozone.protocol.proto.OzoneManagerProtocolProtos$OzoneManagerService$2.callBlockingMethod(OzoneManagerProtocolProtos.java) [ozone-interface-client-1.3.0-SNAPSHOT.jar:?]
	at org.apache.hadoop.ipc.ProtobufRpcEngine$Server.processCall(ProtobufRpcEngine.java:466) [hadoop-common-3.3.1.jar:?]
	at org.apache.hadoop.ipc.ProtobufRpcEngine2$Server$ProtoBufRpcInvoker.call(ProtobufRpcEngine2.java:574) [hadoop-common-3.3.1.jar:?]
	at org.apache.hadoop.ipc.ProtobufRpcEngine2$Server$ProtoBufRpcInvoker.call(ProtobufRpcEngine2.java:552) [hadoop-common-3.3.1.jar:?]
	at org.apache.hadoop.ipc.RPC$Server.call(RPC.java:1093) [hadoop-common-3.3.1.jar:?]
	at org.apache.hadoop.ipc.Server$RpcCall.run(Server.java:1035) [hadoop-common-3.3.1.jar:?]
	at org.apache.hadoop.ipc.Server$RpcCall.run(Server.java:963) [hadoop-common-3.3.1.jar:?]
	at java.security.AccessController.doPrivileged(Native Method) ~[?:1.8.0_332]
	at javax.security.auth.Subject.doAs(Subject.java:422) [?:1.8.0_332]
	at org.apache.hadoop.security.UserGroupInformation.doAs(UserGroupInformation.java:1878) [hadoop-common-3.3.1.jar:?]
	at org.apache.hadoop.ipc.Server$Handler.run(Server.java:2966) [hadoop-common-3.3.1.jar:?]
13:08:57.794 [IPC Server handler 0 on default port 38405] ERROR OMAudit - user=runner | ip=127.0.0.1 | op=GET_FILE_STATUS {volume=volume84440, bucket=bucket08814, key=root_dir/b, dataSize=0, replicationConfig=null} | ret=FAILURE
org.apache.hadoop.ozone.om.exceptions.OMException: Unable to get file status: volume: volume84440 bucket: bucket08814 key: root_dir/b
	at org.apache.hadoop.ozone.om.KeyManagerImpl.getOzoneFileStatus(KeyManagerImpl.java:1283) ~[ozone-manager-1.3.0-SNAPSHOT.jar:?]
	at org.apache.hadoop.ozone.om.KeyManagerImpl.getFileStatus(KeyManagerImpl.java:1213) ~[ozone-manager-1.3.0-SNAPSHOT.jar:?]
	at org.apache.hadoop.ozone.om.OzoneManager.getFileStatus(OzoneManager.java:3419) ~[ozone-manager-1.3.0-SNAPSHOT.jar:?]
	at org.apache.hadoop.ozone.protocolPB.OzoneManagerRequestHandler.getOzoneFileStatus(OzoneManagerRequestHandler.java:871) ~[ozone-manager-1.3.0-SNAPSHOT.jar:?]
	at org.apache.hadoop.ozone.protocolPB.OzoneManagerRequestHandler.handleReadRequest(OzoneManagerRequestHandler.java:217) ~[ozone-manager-1.3.0-SNAPSHOT.jar:?]
	at org.apache.hadoop.ozone.protocolPB.OzoneManagerProtocolServerSideTranslatorPB.submitRequestDirectlyToOM(OzoneManagerProtocolServerSideTranslatorPB.java:284) ~[ozone-manager-1.3.0-SNAPSHOT.jar:?]
	at org.apache.hadoop.ozone.protocolPB.OzoneManagerProtocolServerSideTranslatorPB.processRequest(OzoneManagerProtocolServerSideTranslatorPB.java:207) ~[ozone-manager-1.3.0-SNAPSHOT.jar:?]
	at org.apache.hadoop.hdds.server.OzoneProtocolMessageDispatcher.processRequest(OzoneProtocolMessageDispatcher.java:87) [hdds-server-framework-1.3.0-SNAPSHOT.jar:?]
	at org.apache.hadoop.ozone.protocolPB.OzoneManagerProtocolServerSideTranslatorPB.submitRequest(OzoneManagerProtocolServerSideTranslatorPB.java:147) [ozone-manager-1.3.0-SNAPSHOT.jar:?]
	at org.apache.hadoop.ozone.protocol.proto.OzoneManagerProtocolProtos$OzoneManagerService$2.callBlockingMethod(OzoneManagerProtocolProtos.java) [ozone-interface-client-1.3.0-SNAPSHOT.jar:?]
	at org.apache.hadoop.ipc.ProtobufRpcEngine$Server.processCall(ProtobufRpcEngine.java:466) [hadoop-common-3.3.1.jar:?]
	at org.apache.hadoop.ipc.ProtobufRpcEngine2$Server$ProtoBufRpcInvoker.call(ProtobufRpcEngine2.java:574) [hadoop-common-3.3.1.jar:?]
	at org.apache.hadoop.ipc.ProtobufRpcEngine2$Server$ProtoBufRpcInvoker.call(ProtobufRpcEngine2.java:552) [hadoop-common-3.3.1.jar:?]
	at org.apache.hadoop.ipc.RPC$Server.call(RPC.java:1093) [hadoop-common-3.3.1.jar:?]
	at org.apache.hadoop.ipc.Server$RpcCall.run(Server.java:1035) [hadoop-common-3.3.1.jar:?]
	at org.apache.hadoop.ipc.Server$RpcCall.run(Server.java:963) [hadoop-common-3.3.1.jar:?]
	at java.security.AccessController.doPrivileged(Native Method) ~[?:1.8.0_332]
	at javax.security.auth.Subject.doAs(Subject.java:422) [?:1.8.0_332]
	at org.apache.hadoop.security.UserGroupInformation.doAs(UserGroupInformation.java:1878) [hadoop-common-3.3.1.jar:?]
	at org.apache.hadoop.ipc.Server$Handler.run(Server.java:2966) [hadoop-common-3.3.1.jar:?]
13:08:57.822 [IPC Server handler 3 on default port 38405] ERROR OMAudit - user=runner | ip=127.0.0.1 | op=GET_FILE_STATUS {volume=volume84440, bucket=bucket08814, key=root_dir/file1/c, dataSize=0, replicationConfig=null} | ret=FAILURE
org.apache.hadoop.ozone.om.exceptions.OMException: Unable to get file status: volume: volume84440 bucket: bucket08814 key: root_dir/file1/c
	at org.apache.hadoop.ozone.om.KeyManagerImpl.getOzoneFileStatus(KeyManagerImpl.java:1283) ~[ozone-manager-1.3.0-SNAPSHOT.jar:?]
	at org.apache.hadoop.ozone.om.KeyManagerImpl.getFileStatus(KeyManagerImpl.java:1213) ~[ozone-manager-1.3.0-SNAPSHOT.jar:?]
	at org.apache.hadoop.ozone.om.OzoneManager.getFileStatus(OzoneManager.java:3419) ~[ozone-manager-1.3.0-SNAPSHOT.jar:?]
	at org.apache.hadoop.ozone.protocolPB.OzoneManagerRequestHandler.getOzoneFileStatus(OzoneManagerRequestHandler.java:871) ~[ozone-manager-1.3.0-SNAPSHOT.jar:?]
	at org.apache.hadoop.ozone.protocolPB.OzoneManagerRequestHandler.handleReadRequest(OzoneManagerRequestHandler.java:217) ~[ozone-manager-1.3.0-SNAPSHOT.jar:?]
	at org.apache.hadoop.ozone.protocolPB.OzoneManagerProtocolServerSideTranslatorPB.submitRequestDirectlyToOM(OzoneManagerProtocolServerSideTranslatorPB.java:284) ~[ozone-manager-1.3.0-SNAPSHOT.jar:?]
	at org.apache.hadoop.ozone.protocolPB.OzoneManagerProtocolServerSideTranslatorPB.processRequest(OzoneManagerProtocolServerSideTranslatorPB.java:207) ~[ozone-manager-1.3.0-SNAPSHOT.jar:?]
	at org.apache.hadoop.hdds.server.OzoneProtocolMessageDispatcher.processRequest(OzoneProtocolMessageDispatcher.java:87) [hdds-server-framework-1.3.0-SNAPSHOT.jar:?]
	at org.apache.hadoop.ozone.protocolPB.OzoneManagerProtocolServerSideTranslatorPB.submitRequest(OzoneManagerProtocolServerSideTranslatorPB.java:147) [ozone-manager-1.3.0-SNAPSHOT.jar:?]
	at org.apache.hadoop.ozone.protocol.proto.OzoneManagerProtocolProtos$OzoneManagerService$2.callBlockingMethod(OzoneManagerProtocolProtos.java) [ozone-interface-client-1.3.0-SNAPSHOT.jar:?]
	at org.apache.hadoop.ipc.ProtobufRpcEngine$Server.processCall(ProtobufRpcEngine.java:466) [hadoop-common-3.3.1.jar:?]
	at org.apache.hadoop.ipc.ProtobufRpcEngine2$Server$ProtoBufRpcInvoker.call(ProtobufRpcEngine2.java:574) [hadoop-common-3.3.1.jar:?]
	at org.apache.hadoop.ipc.ProtobufRpcEngine2$Server$ProtoBufRpcInvoker.call(ProtobufRpcEngine2.java:552) [hadoop-common-3.3.1.jar:?]
	at org.apache.hadoop.ipc.RPC$Server.call(RPC.java:1093) [hadoop-common-3.3.1.jar:?]
	at org.apache.hadoop.ipc.Server$RpcCall.run(Server.java:1035) [hadoop-common-3.3.1.jar:?]
	at org.apache.hadoop.ipc.Server$RpcCall.run(Server.java:963) [hadoop-common-3.3.1.jar:?]
	at java.security.AccessController.doPrivileged(Native Method) ~[?:1.8.0_332]
	at javax.security.auth.Subject.doAs(Subject.java:422) [?:1.8.0_332]
	at org.apache.hadoop.security.UserGroupInformation.doAs(UserGroupInformation.java:1878) [hadoop-common-3.3.1.jar:?]
	at org.apache.hadoop.ipc.Server$Handler.run(Server.java:2966) [hadoop-common-3.3.1.jar:?]
]]></system-out>
  </testcase>
  <testcase name="testCreateWithInvalidPaths" classname="TestOzoneFileSystem" time="0.005"/>
  <testcase name="testCreateWithInvalidPaths" classname="TestOzoneFileSystem" time="0.011"/>
  <testcase name="testCreateWithInvalidPaths" classname="TestOzoneFileSystem" time="0.014"/>
  <testcase name="testCreateWithInvalidPaths" classname="TestOzoneFileSystem" time="0.012"/>
  <testcase name="testListStatusOnRoot" classname="TestOzoneFileSystem" time="0.041"/>
  <testcase name="testListStatusOnRoot" classname="TestOzoneFileSystem" time="0.033"/>
  <testcase name="testListStatusOnRoot" classname="TestOzoneFileSystem" time="0.032"/>
  <testcase name="testListStatusOnRoot" classname="TestOzoneFileSystem" time="0.04"/>
  <testcase name="testRenameWithNonExistentSource" classname="TestOzoneFileSystem" time="0.02">
    <system-out><![CDATA[2022-06-19 13:05:08,295 [Time-limited test] INFO  ozone.TestOzoneFileSystem (TestOzoneFileSystem.java:testRenameWithNonExistentSource(852)) - Created destin dir: o3fs://bucket47939.volume58940/root/dir2
2022-06-19 13:05:08,295 [Time-limited test] INFO  ozone.TestOzoneFileSystem (TestOzoneFileSystem.java:testRenameWithNonExistentSource(854)) - Rename op-> source:o3fs://bucket47939.volume58940/root/dir1 to destin:o3fs://bucket47939.volume58940/root/dir2}
13:05:08.296 [IPC Server handler 3 on default port 33959] ERROR OMAudit - user=runner | ip=127.0.0.1 | op=GET_FILE_STATUS {volume=volume58940, bucket=bucket47939, key=root/dir1, dataSize=0, replicationConfig=null} | ret=FAILURE
org.apache.hadoop.ozone.om.exceptions.OMException: Unable to get file status: volume: volume58940 bucket: bucket47939 key: root/dir1
	at org.apache.hadoop.ozone.om.KeyManagerImpl.getOzoneFileStatus(KeyManagerImpl.java:1283) ~[ozone-manager-1.3.0-SNAPSHOT.jar:?]
	at org.apache.hadoop.ozone.om.KeyManagerImpl.getFileStatus(KeyManagerImpl.java:1213) ~[ozone-manager-1.3.0-SNAPSHOT.jar:?]
	at org.apache.hadoop.ozone.om.OzoneManager.getFileStatus(OzoneManager.java:3419) ~[ozone-manager-1.3.0-SNAPSHOT.jar:?]
	at org.apache.hadoop.ozone.protocolPB.OzoneManagerRequestHandler.getOzoneFileStatus(OzoneManagerRequestHandler.java:871) ~[ozone-manager-1.3.0-SNAPSHOT.jar:?]
	at org.apache.hadoop.ozone.protocolPB.OzoneManagerRequestHandler.handleReadRequest(OzoneManagerRequestHandler.java:217) ~[ozone-manager-1.3.0-SNAPSHOT.jar:?]
	at org.apache.hadoop.ozone.protocolPB.OzoneManagerProtocolServerSideTranslatorPB.submitReadRequestToOM(OzoneManagerProtocolServerSideTranslatorPB.java:225) ~[ozone-manager-1.3.0-SNAPSHOT.jar:?]
	at org.apache.hadoop.ozone.protocolPB.OzoneManagerProtocolServerSideTranslatorPB.processRequest(OzoneManagerProtocolServerSideTranslatorPB.java:175) ~[ozone-manager-1.3.0-SNAPSHOT.jar:?]
	at org.apache.hadoop.hdds.server.OzoneProtocolMessageDispatcher.processRequest(OzoneProtocolMessageDispatcher.java:87) [hdds-server-framework-1.3.0-SNAPSHOT.jar:?]
	at org.apache.hadoop.ozone.protocolPB.OzoneManagerProtocolServerSideTranslatorPB.submitRequest(OzoneManagerProtocolServerSideTranslatorPB.java:147) [ozone-manager-1.3.0-SNAPSHOT.jar:?]
	at org.apache.hadoop.ozone.protocol.proto.OzoneManagerProtocolProtos$OzoneManagerService$2.callBlockingMethod(OzoneManagerProtocolProtos.java) [ozone-interface-client-1.3.0-SNAPSHOT.jar:?]
	at org.apache.hadoop.ipc.ProtobufRpcEngine$Server.processCall(ProtobufRpcEngine.java:466) [hadoop-common-3.3.1.jar:?]
	at org.apache.hadoop.ipc.ProtobufRpcEngine2$Server$ProtoBufRpcInvoker.call(ProtobufRpcEngine2.java:574) [hadoop-common-3.3.1.jar:?]
	at org.apache.hadoop.ipc.ProtobufRpcEngine2$Server$ProtoBufRpcInvoker.call(ProtobufRpcEngine2.java:552) [hadoop-common-3.3.1.jar:?]
	at org.apache.hadoop.ipc.RPC$Server.call(RPC.java:1093) [hadoop-common-3.3.1.jar:?]
	at org.apache.hadoop.ipc.Server$RpcCall.run(Server.java:1035) [hadoop-common-3.3.1.jar:?]
	at org.apache.hadoop.ipc.Server$RpcCall.run(Server.java:963) [hadoop-common-3.3.1.jar:?]
	at java.security.AccessController.doPrivileged(Native Method) ~[?:1.8.0_332]
	at javax.security.auth.Subject.doAs(Subject.java:422) [?:1.8.0_332]
	at org.apache.hadoop.security.UserGroupInformation.doAs(UserGroupInformation.java:1878) [hadoop-common-3.3.1.jar:?]
	at org.apache.hadoop.ipc.Server$Handler.run(Server.java:2966) [hadoop-common-3.3.1.jar:?]
]]></system-out>
  </testcase>
  <testcase name="testRenameWithNonExistentSource" classname="TestOzoneFileSystem" time="0.017">
    <system-out><![CDATA[2022-06-19 13:06:26,126 [Time-limited test] INFO  ozone.TestOzoneFileSystem (TestOzoneFileSystem.java:testRenameWithNonExistentSource(852)) - Created destin dir: o3fs://bucket74908.volume87664/root/dir2
2022-06-19 13:06:26,126 [Time-limited test] INFO  ozone.TestOzoneFileSystem (TestOzoneFileSystem.java:testRenameWithNonExistentSource(854)) - Rename op-> source:o3fs://bucket74908.volume87664/root/dir1 to destin:o3fs://bucket74908.volume87664/root/dir2}
13:06:26.126 [IPC Server handler 11 on default port 45241] ERROR OMAudit - user=runner | ip=127.0.0.1 | op=GET_FILE_STATUS {volume=volume87664, bucket=bucket74908, key=root/dir1, dataSize=0, replicationConfig=null} | ret=FAILURE
org.apache.hadoop.ozone.om.exceptions.OMException: Unable to get file status: volume: volume87664 bucket: bucket74908 key: root/dir1
	at org.apache.hadoop.ozone.om.KeyManagerImpl.getOzoneFileStatus(KeyManagerImpl.java:1283) ~[ozone-manager-1.3.0-SNAPSHOT.jar:?]
	at org.apache.hadoop.ozone.om.KeyManagerImpl.getFileStatus(KeyManagerImpl.java:1213) ~[ozone-manager-1.3.0-SNAPSHOT.jar:?]
	at org.apache.hadoop.ozone.om.OzoneManager.getFileStatus(OzoneManager.java:3419) ~[ozone-manager-1.3.0-SNAPSHOT.jar:?]
	at org.apache.hadoop.ozone.protocolPB.OzoneManagerRequestHandler.getOzoneFileStatus(OzoneManagerRequestHandler.java:871) ~[ozone-manager-1.3.0-SNAPSHOT.jar:?]
	at org.apache.hadoop.ozone.protocolPB.OzoneManagerRequestHandler.handleReadRequest(OzoneManagerRequestHandler.java:217) ~[ozone-manager-1.3.0-SNAPSHOT.jar:?]
	at org.apache.hadoop.ozone.protocolPB.OzoneManagerProtocolServerSideTranslatorPB.submitRequestDirectlyToOM(OzoneManagerProtocolServerSideTranslatorPB.java:284) ~[ozone-manager-1.3.0-SNAPSHOT.jar:?]
	at org.apache.hadoop.ozone.protocolPB.OzoneManagerProtocolServerSideTranslatorPB.processRequest(OzoneManagerProtocolServerSideTranslatorPB.java:207) ~[ozone-manager-1.3.0-SNAPSHOT.jar:?]
	at org.apache.hadoop.hdds.server.OzoneProtocolMessageDispatcher.processRequest(OzoneProtocolMessageDispatcher.java:87) [hdds-server-framework-1.3.0-SNAPSHOT.jar:?]
	at org.apache.hadoop.ozone.protocolPB.OzoneManagerProtocolServerSideTranslatorPB.submitRequest(OzoneManagerProtocolServerSideTranslatorPB.java:147) [ozone-manager-1.3.0-SNAPSHOT.jar:?]
	at org.apache.hadoop.ozone.protocol.proto.OzoneManagerProtocolProtos$OzoneManagerService$2.callBlockingMethod(OzoneManagerProtocolProtos.java) [ozone-interface-client-1.3.0-SNAPSHOT.jar:?]
	at org.apache.hadoop.ipc.ProtobufRpcEngine$Server.processCall(ProtobufRpcEngine.java:466) [hadoop-common-3.3.1.jar:?]
	at org.apache.hadoop.ipc.ProtobufRpcEngine2$Server$ProtoBufRpcInvoker.call(ProtobufRpcEngine2.java:574) [hadoop-common-3.3.1.jar:?]
	at org.apache.hadoop.ipc.ProtobufRpcEngine2$Server$ProtoBufRpcInvoker.call(ProtobufRpcEngine2.java:552) [hadoop-common-3.3.1.jar:?]
	at org.apache.hadoop.ipc.RPC$Server.call(RPC.java:1093) [hadoop-common-3.3.1.jar:?]
	at org.apache.hadoop.ipc.Server$RpcCall.run(Server.java:1035) [hadoop-common-3.3.1.jar:?]
	at org.apache.hadoop.ipc.Server$RpcCall.run(Server.java:963) [hadoop-common-3.3.1.jar:?]
	at java.security.AccessController.doPrivileged(Native Method) ~[?:1.8.0_332]
	at javax.security.auth.Subject.doAs(Subject.java:422) [?:1.8.0_332]
	at org.apache.hadoop.security.UserGroupInformation.doAs(UserGroupInformation.java:1878) [hadoop-common-3.3.1.jar:?]
	at org.apache.hadoop.ipc.Server$Handler.run(Server.java:2966) [hadoop-common-3.3.1.jar:?]
]]></system-out>
  </testcase>
  <testcase name="testRenameWithNonExistentSource" classname="TestOzoneFileSystem" time="0.012">
    <system-out><![CDATA[2022-06-19 13:07:41,500 [Time-limited test] INFO  ozone.TestOzoneFileSystem (TestOzoneFileSystem.java:testRenameWithNonExistentSource(852)) - Created destin dir: o3fs://bucket87468.volume07034/root/dir2
2022-06-19 13:07:41,500 [Time-limited test] INFO  ozone.TestOzoneFileSystem (TestOzoneFileSystem.java:testRenameWithNonExistentSource(854)) - Rename op-> source:o3fs://bucket87468.volume07034/root/dir1 to destin:o3fs://bucket87468.volume07034/root/dir2}
13:07:41.501 [IPC Server handler 18 on default port 41441] ERROR OMAudit - user=runner | ip=127.0.0.1 | op=GET_FILE_STATUS {volume=volume07034, bucket=bucket87468, key=root/dir1, dataSize=0, replicationConfig=null} | ret=FAILURE
org.apache.hadoop.ozone.om.exceptions.OMException: Unable to get file status: volume: volume07034 bucket: bucket87468 key: root/dir1
	at org.apache.hadoop.ozone.om.KeyManagerImpl.getOzoneFileStatus(KeyManagerImpl.java:1283) ~[ozone-manager-1.3.0-SNAPSHOT.jar:?]
	at org.apache.hadoop.ozone.om.KeyManagerImpl.getFileStatus(KeyManagerImpl.java:1213) ~[ozone-manager-1.3.0-SNAPSHOT.jar:?]
	at org.apache.hadoop.ozone.om.OzoneManager.getFileStatus(OzoneManager.java:3419) ~[ozone-manager-1.3.0-SNAPSHOT.jar:?]
	at org.apache.hadoop.ozone.protocolPB.OzoneManagerRequestHandler.getOzoneFileStatus(OzoneManagerRequestHandler.java:871) ~[ozone-manager-1.3.0-SNAPSHOT.jar:?]
	at org.apache.hadoop.ozone.protocolPB.OzoneManagerRequestHandler.handleReadRequest(OzoneManagerRequestHandler.java:217) ~[ozone-manager-1.3.0-SNAPSHOT.jar:?]
	at org.apache.hadoop.ozone.protocolPB.OzoneManagerProtocolServerSideTranslatorPB.submitReadRequestToOM(OzoneManagerProtocolServerSideTranslatorPB.java:225) ~[ozone-manager-1.3.0-SNAPSHOT.jar:?]
	at org.apache.hadoop.ozone.protocolPB.OzoneManagerProtocolServerSideTranslatorPB.processRequest(OzoneManagerProtocolServerSideTranslatorPB.java:175) ~[ozone-manager-1.3.0-SNAPSHOT.jar:?]
	at org.apache.hadoop.hdds.server.OzoneProtocolMessageDispatcher.processRequest(OzoneProtocolMessageDispatcher.java:87) [hdds-server-framework-1.3.0-SNAPSHOT.jar:?]
	at org.apache.hadoop.ozone.protocolPB.OzoneManagerProtocolServerSideTranslatorPB.submitRequest(OzoneManagerProtocolServerSideTranslatorPB.java:147) [ozone-manager-1.3.0-SNAPSHOT.jar:?]
	at org.apache.hadoop.ozone.protocol.proto.OzoneManagerProtocolProtos$OzoneManagerService$2.callBlockingMethod(OzoneManagerProtocolProtos.java) [ozone-interface-client-1.3.0-SNAPSHOT.jar:?]
	at org.apache.hadoop.ipc.ProtobufRpcEngine$Server.processCall(ProtobufRpcEngine.java:466) [hadoop-common-3.3.1.jar:?]
	at org.apache.hadoop.ipc.ProtobufRpcEngine2$Server$ProtoBufRpcInvoker.call(ProtobufRpcEngine2.java:574) [hadoop-common-3.3.1.jar:?]
	at org.apache.hadoop.ipc.ProtobufRpcEngine2$Server$ProtoBufRpcInvoker.call(ProtobufRpcEngine2.java:552) [hadoop-common-3.3.1.jar:?]
	at org.apache.hadoop.ipc.RPC$Server.call(RPC.java:1093) [hadoop-common-3.3.1.jar:?]
	at org.apache.hadoop.ipc.Server$RpcCall.run(Server.java:1035) [hadoop-common-3.3.1.jar:?]
	at org.apache.hadoop.ipc.Server$RpcCall.run(Server.java:963) [hadoop-common-3.3.1.jar:?]
	at java.security.AccessController.doPrivileged(Native Method) ~[?:1.8.0_332]
	at javax.security.auth.Subject.doAs(Subject.java:422) [?:1.8.0_332]
	at org.apache.hadoop.security.UserGroupInformation.doAs(UserGroupInformation.java:1878) [hadoop-common-3.3.1.jar:?]
	at org.apache.hadoop.ipc.Server$Handler.run(Server.java:2966) [hadoop-common-3.3.1.jar:?]
]]></system-out>
  </testcase>
  <testcase name="testRenameWithNonExistentSource" classname="TestOzoneFileSystem" time="0.04">
    <system-out><![CDATA[2022-06-19 13:08:57,903 [Time-limited test] INFO  ozone.TestOzoneFileSystem (TestOzoneFileSystem.java:testRenameWithNonExistentSource(852)) - Created destin dir: o3fs://bucket08814.volume84440/root/dir2
2022-06-19 13:08:57,903 [Time-limited test] INFO  ozone.TestOzoneFileSystem (TestOzoneFileSystem.java:testRenameWithNonExistentSource(854)) - Rename op-> source:o3fs://bucket08814.volume84440/root/dir1 to destin:o3fs://bucket08814.volume84440/root/dir2}
13:08:57.903 [IPC Server handler 16 on default port 38405] ERROR OMAudit - user=runner | ip=127.0.0.1 | op=GET_FILE_STATUS {volume=volume84440, bucket=bucket08814, key=root/dir1, dataSize=0, replicationConfig=null} | ret=FAILURE
org.apache.hadoop.ozone.om.exceptions.OMException: Unable to get file status: volume: volume84440 bucket: bucket08814 key: root/dir1
	at org.apache.hadoop.ozone.om.KeyManagerImpl.getOzoneFileStatus(KeyManagerImpl.java:1283) ~[ozone-manager-1.3.0-SNAPSHOT.jar:?]
	at org.apache.hadoop.ozone.om.KeyManagerImpl.getFileStatus(KeyManagerImpl.java:1213) ~[ozone-manager-1.3.0-SNAPSHOT.jar:?]
	at org.apache.hadoop.ozone.om.OzoneManager.getFileStatus(OzoneManager.java:3419) ~[ozone-manager-1.3.0-SNAPSHOT.jar:?]
	at org.apache.hadoop.ozone.protocolPB.OzoneManagerRequestHandler.getOzoneFileStatus(OzoneManagerRequestHandler.java:871) ~[ozone-manager-1.3.0-SNAPSHOT.jar:?]
	at org.apache.hadoop.ozone.protocolPB.OzoneManagerRequestHandler.handleReadRequest(OzoneManagerRequestHandler.java:217) ~[ozone-manager-1.3.0-SNAPSHOT.jar:?]
	at org.apache.hadoop.ozone.protocolPB.OzoneManagerProtocolServerSideTranslatorPB.submitRequestDirectlyToOM(OzoneManagerProtocolServerSideTranslatorPB.java:284) ~[ozone-manager-1.3.0-SNAPSHOT.jar:?]
	at org.apache.hadoop.ozone.protocolPB.OzoneManagerProtocolServerSideTranslatorPB.processRequest(OzoneManagerProtocolServerSideTranslatorPB.java:207) ~[ozone-manager-1.3.0-SNAPSHOT.jar:?]
	at org.apache.hadoop.hdds.server.OzoneProtocolMessageDispatcher.processRequest(OzoneProtocolMessageDispatcher.java:87) [hdds-server-framework-1.3.0-SNAPSHOT.jar:?]
	at org.apache.hadoop.ozone.protocolPB.OzoneManagerProtocolServerSideTranslatorPB.submitRequest(OzoneManagerProtocolServerSideTranslatorPB.java:147) [ozone-manager-1.3.0-SNAPSHOT.jar:?]
	at org.apache.hadoop.ozone.protocol.proto.OzoneManagerProtocolProtos$OzoneManagerService$2.callBlockingMethod(OzoneManagerProtocolProtos.java) [ozone-interface-client-1.3.0-SNAPSHOT.jar:?]
	at org.apache.hadoop.ipc.ProtobufRpcEngine$Server.processCall(ProtobufRpcEngine.java:466) [hadoop-common-3.3.1.jar:?]
	at org.apache.hadoop.ipc.ProtobufRpcEngine2$Server$ProtoBufRpcInvoker.call(ProtobufRpcEngine2.java:574) [hadoop-common-3.3.1.jar:?]
	at org.apache.hadoop.ipc.ProtobufRpcEngine2$Server$ProtoBufRpcInvoker.call(ProtobufRpcEngine2.java:552) [hadoop-common-3.3.1.jar:?]
	at org.apache.hadoop.ipc.RPC$Server.call(RPC.java:1093) [hadoop-common-3.3.1.jar:?]
	at org.apache.hadoop.ipc.Server$RpcCall.run(Server.java:1035) [hadoop-common-3.3.1.jar:?]
	at org.apache.hadoop.ipc.Server$RpcCall.run(Server.java:963) [hadoop-common-3.3.1.jar:?]
	at java.security.AccessController.doPrivileged(Native Method) ~[?:1.8.0_332]
	at javax.security.auth.Subject.doAs(Subject.java:422) [?:1.8.0_332]
	at org.apache.hadoop.security.UserGroupInformation.doAs(UserGroupInformation.java:1878) [hadoop-common-3.3.1.jar:?]
	at org.apache.hadoop.ipc.Server$Handler.run(Server.java:2966) [hadoop-common-3.3.1.jar:?]
]]></system-out>
  </testcase>
  <testcase name="testRenameToParentDir" classname="TestOzoneFileSystem" time="0.06">
    <system-out><![CDATA[13:05:08.338 [IPC Server handler 17 on default port 33959] ERROR OMAudit - user=runner | ip=127.0.0.1 | op=LIST_STATUS {volume=volume58940, bucket=bucket47939, key=root_dir/dir2, dataSize=0, replicationConfig=null} | ret=FAILURE
org.apache.hadoop.ozone.om.exceptions.OMException: Unable to get file status: volume: volume58940 bucket: bucket47939 key: root_dir/dir2
	at org.apache.hadoop.ozone.om.KeyManagerImpl.getOzoneFileStatus(KeyManagerImpl.java:1283) ~[ozone-manager-1.3.0-SNAPSHOT.jar:?]
	at org.apache.hadoop.ozone.om.KeyManagerImpl.getFileStatus(KeyManagerImpl.java:1213) ~[ozone-manager-1.3.0-SNAPSHOT.jar:?]
	at org.apache.hadoop.ozone.om.KeyManagerImpl.listStatus(KeyManagerImpl.java:1537) ~[ozone-manager-1.3.0-SNAPSHOT.jar:?]
	at org.apache.hadoop.ozone.om.OzoneManager.listStatus(OzoneManager.java:3497) ~[ozone-manager-1.3.0-SNAPSHOT.jar:?]
	at org.apache.hadoop.ozone.protocolPB.OzoneManagerRequestHandler.listStatus(OzoneManagerRequestHandler.java:1028) ~[ozone-manager-1.3.0-SNAPSHOT.jar:?]
	at org.apache.hadoop.ozone.protocolPB.OzoneManagerRequestHandler.handleReadRequest(OzoneManagerRequestHandler.java:228) ~[ozone-manager-1.3.0-SNAPSHOT.jar:?]
	at org.apache.hadoop.ozone.protocolPB.OzoneManagerProtocolServerSideTranslatorPB.submitReadRequestToOM(OzoneManagerProtocolServerSideTranslatorPB.java:225) ~[ozone-manager-1.3.0-SNAPSHOT.jar:?]
	at org.apache.hadoop.ozone.protocolPB.OzoneManagerProtocolServerSideTranslatorPB.processRequest(OzoneManagerProtocolServerSideTranslatorPB.java:175) ~[ozone-manager-1.3.0-SNAPSHOT.jar:?]
	at org.apache.hadoop.hdds.server.OzoneProtocolMessageDispatcher.processRequest(OzoneProtocolMessageDispatcher.java:87) [hdds-server-framework-1.3.0-SNAPSHOT.jar:?]
	at org.apache.hadoop.ozone.protocolPB.OzoneManagerProtocolServerSideTranslatorPB.submitRequest(OzoneManagerProtocolServerSideTranslatorPB.java:147) [ozone-manager-1.3.0-SNAPSHOT.jar:?]
	at org.apache.hadoop.ozone.protocol.proto.OzoneManagerProtocolProtos$OzoneManagerService$2.callBlockingMethod(OzoneManagerProtocolProtos.java) [ozone-interface-client-1.3.0-SNAPSHOT.jar:?]
	at org.apache.hadoop.ipc.ProtobufRpcEngine$Server.processCall(ProtobufRpcEngine.java:466) [hadoop-common-3.3.1.jar:?]
	at org.apache.hadoop.ipc.ProtobufRpcEngine2$Server$ProtoBufRpcInvoker.call(ProtobufRpcEngine2.java:574) [hadoop-common-3.3.1.jar:?]
	at org.apache.hadoop.ipc.ProtobufRpcEngine2$Server$ProtoBufRpcInvoker.call(ProtobufRpcEngine2.java:552) [hadoop-common-3.3.1.jar:?]
	at org.apache.hadoop.ipc.RPC$Server.call(RPC.java:1093) [hadoop-common-3.3.1.jar:?]
	at org.apache.hadoop.ipc.Server$RpcCall.run(Server.java:1035) [hadoop-common-3.3.1.jar:?]
	at org.apache.hadoop.ipc.Server$RpcCall.run(Server.java:963) [hadoop-common-3.3.1.jar:?]
	at java.security.AccessController.doPrivileged(Native Method) ~[?:1.8.0_332]
	at javax.security.auth.Subject.doAs(Subject.java:422) [?:1.8.0_332]
	at org.apache.hadoop.security.UserGroupInformation.doAs(UserGroupInformation.java:1878) [hadoop-common-3.3.1.jar:?]
	at org.apache.hadoop.ipc.Server$Handler.run(Server.java:2966) [hadoop-common-3.3.1.jar:?]
13:05:08.351 [IPC Server handler 4 on default port 33959] ERROR OMAudit - user=runner | ip=127.0.0.1 | op=LIST_STATUS {volume=volume58940, bucket=bucket47939, key=root_dir/file2, dataSize=0, replicationConfig=null} | ret=FAILURE
org.apache.hadoop.ozone.om.exceptions.OMException: Unable to get file status: volume: volume58940 bucket: bucket47939 key: root_dir/file2
	at org.apache.hadoop.ozone.om.KeyManagerImpl.getOzoneFileStatus(KeyManagerImpl.java:1283) ~[ozone-manager-1.3.0-SNAPSHOT.jar:?]
	at org.apache.hadoop.ozone.om.KeyManagerImpl.getFileStatus(KeyManagerImpl.java:1213) ~[ozone-manager-1.3.0-SNAPSHOT.jar:?]
	at org.apache.hadoop.ozone.om.KeyManagerImpl.listStatus(KeyManagerImpl.java:1537) ~[ozone-manager-1.3.0-SNAPSHOT.jar:?]
	at org.apache.hadoop.ozone.om.OzoneManager.listStatus(OzoneManager.java:3497) ~[ozone-manager-1.3.0-SNAPSHOT.jar:?]
	at org.apache.hadoop.ozone.protocolPB.OzoneManagerRequestHandler.listStatus(OzoneManagerRequestHandler.java:1028) ~[ozone-manager-1.3.0-SNAPSHOT.jar:?]
	at org.apache.hadoop.ozone.protocolPB.OzoneManagerRequestHandler.handleReadRequest(OzoneManagerRequestHandler.java:228) ~[ozone-manager-1.3.0-SNAPSHOT.jar:?]
	at org.apache.hadoop.ozone.protocolPB.OzoneManagerProtocolServerSideTranslatorPB.submitReadRequestToOM(OzoneManagerProtocolServerSideTranslatorPB.java:225) ~[ozone-manager-1.3.0-SNAPSHOT.jar:?]
	at org.apache.hadoop.ozone.protocolPB.OzoneManagerProtocolServerSideTranslatorPB.processRequest(OzoneManagerProtocolServerSideTranslatorPB.java:175) ~[ozone-manager-1.3.0-SNAPSHOT.jar:?]
	at org.apache.hadoop.hdds.server.OzoneProtocolMessageDispatcher.processRequest(OzoneProtocolMessageDispatcher.java:87) [hdds-server-framework-1.3.0-SNAPSHOT.jar:?]
	at org.apache.hadoop.ozone.protocolPB.OzoneManagerProtocolServerSideTranslatorPB.submitRequest(OzoneManagerProtocolServerSideTranslatorPB.java:147) [ozone-manager-1.3.0-SNAPSHOT.jar:?]
	at org.apache.hadoop.ozone.protocol.proto.OzoneManagerProtocolProtos$OzoneManagerService$2.callBlockingMethod(OzoneManagerProtocolProtos.java) [ozone-interface-client-1.3.0-SNAPSHOT.jar:?]
	at org.apache.hadoop.ipc.ProtobufRpcEngine$Server.processCall(ProtobufRpcEngine.java:466) [hadoop-common-3.3.1.jar:?]
	at org.apache.hadoop.ipc.ProtobufRpcEngine2$Server$ProtoBufRpcInvoker.call(ProtobufRpcEngine2.java:574) [hadoop-common-3.3.1.jar:?]
	at org.apache.hadoop.ipc.ProtobufRpcEngine2$Server$ProtoBufRpcInvoker.call(ProtobufRpcEngine2.java:552) [hadoop-common-3.3.1.jar:?]
	at org.apache.hadoop.ipc.RPC$Server.call(RPC.java:1093) [hadoop-common-3.3.1.jar:?]
	at org.apache.hadoop.ipc.Server$RpcCall.run(Server.java:1035) [hadoop-common-3.3.1.jar:?]
	at org.apache.hadoop.ipc.Server$RpcCall.run(Server.java:963) [hadoop-common-3.3.1.jar:?]
	at java.security.AccessController.doPrivileged(Native Method) ~[?:1.8.0_332]
	at javax.security.auth.Subject.doAs(Subject.java:422) [?:1.8.0_332]
	at org.apache.hadoop.security.UserGroupInformation.doAs(UserGroupInformation.java:1878) [hadoop-common-3.3.1.jar:?]
	at org.apache.hadoop.ipc.Server$Handler.run(Server.java:2966) [hadoop-common-3.3.1.jar:?]
]]></system-out>
  </testcase>
  <testcase name="testRenameToParentDir" classname="TestOzoneFileSystem" time="0.041">
    <system-out><![CDATA[13:06:26.158 [IPC Server handler 10 on default port 45241] ERROR OMAudit - user=runner | ip=127.0.0.1 | op=LIST_STATUS {volume=volume87664, bucket=bucket74908, key=root_dir/dir2, dataSize=0, replicationConfig=null} | ret=FAILURE
org.apache.hadoop.ozone.om.exceptions.OMException: Unable to get file status: volume: volume87664 bucket: bucket74908 key: root_dir/dir2
	at org.apache.hadoop.ozone.om.KeyManagerImpl.getOzoneFileStatus(KeyManagerImpl.java:1283) ~[ozone-manager-1.3.0-SNAPSHOT.jar:?]
	at org.apache.hadoop.ozone.om.KeyManagerImpl.getFileStatus(KeyManagerImpl.java:1213) ~[ozone-manager-1.3.0-SNAPSHOT.jar:?]
	at org.apache.hadoop.ozone.om.KeyManagerImpl.listStatus(KeyManagerImpl.java:1537) ~[ozone-manager-1.3.0-SNAPSHOT.jar:?]
	at org.apache.hadoop.ozone.om.OzoneManager.listStatus(OzoneManager.java:3497) ~[ozone-manager-1.3.0-SNAPSHOT.jar:?]
	at org.apache.hadoop.ozone.protocolPB.OzoneManagerRequestHandler.listStatus(OzoneManagerRequestHandler.java:1028) ~[ozone-manager-1.3.0-SNAPSHOT.jar:?]
	at org.apache.hadoop.ozone.protocolPB.OzoneManagerRequestHandler.handleReadRequest(OzoneManagerRequestHandler.java:228) ~[ozone-manager-1.3.0-SNAPSHOT.jar:?]
	at org.apache.hadoop.ozone.protocolPB.OzoneManagerProtocolServerSideTranslatorPB.submitRequestDirectlyToOM(OzoneManagerProtocolServerSideTranslatorPB.java:284) ~[ozone-manager-1.3.0-SNAPSHOT.jar:?]
	at org.apache.hadoop.ozone.protocolPB.OzoneManagerProtocolServerSideTranslatorPB.processRequest(OzoneManagerProtocolServerSideTranslatorPB.java:207) ~[ozone-manager-1.3.0-SNAPSHOT.jar:?]
	at org.apache.hadoop.hdds.server.OzoneProtocolMessageDispatcher.processRequest(OzoneProtocolMessageDispatcher.java:87) [hdds-server-framework-1.3.0-SNAPSHOT.jar:?]
	at org.apache.hadoop.ozone.protocolPB.OzoneManagerProtocolServerSideTranslatorPB.submitRequest(OzoneManagerProtocolServerSideTranslatorPB.java:147) [ozone-manager-1.3.0-SNAPSHOT.jar:?]
	at org.apache.hadoop.ozone.protocol.proto.OzoneManagerProtocolProtos$OzoneManagerService$2.callBlockingMethod(OzoneManagerProtocolProtos.java) [ozone-interface-client-1.3.0-SNAPSHOT.jar:?]
	at org.apache.hadoop.ipc.ProtobufRpcEngine$Server.processCall(ProtobufRpcEngine.java:466) [hadoop-common-3.3.1.jar:?]
	at org.apache.hadoop.ipc.ProtobufRpcEngine2$Server$ProtoBufRpcInvoker.call(ProtobufRpcEngine2.java:574) [hadoop-common-3.3.1.jar:?]
	at org.apache.hadoop.ipc.ProtobufRpcEngine2$Server$ProtoBufRpcInvoker.call(ProtobufRpcEngine2.java:552) [hadoop-common-3.3.1.jar:?]
	at org.apache.hadoop.ipc.RPC$Server.call(RPC.java:1093) [hadoop-common-3.3.1.jar:?]
	at org.apache.hadoop.ipc.Server$RpcCall.run(Server.java:1035) [hadoop-common-3.3.1.jar:?]
	at org.apache.hadoop.ipc.Server$RpcCall.run(Server.java:963) [hadoop-common-3.3.1.jar:?]
	at java.security.AccessController.doPrivileged(Native Method) ~[?:1.8.0_332]
	at javax.security.auth.Subject.doAs(Subject.java:422) [?:1.8.0_332]
	at org.apache.hadoop.security.UserGroupInformation.doAs(UserGroupInformation.java:1878) [hadoop-common-3.3.1.jar:?]
	at org.apache.hadoop.ipc.Server$Handler.run(Server.java:2966) [hadoop-common-3.3.1.jar:?]
13:06:26.164 [IPC Server handler 8 on default port 45241] ERROR OMAudit - user=runner | ip=127.0.0.1 | op=LIST_STATUS {volume=volume87664, bucket=bucket74908, key=root_dir/file2, dataSize=0, replicationConfig=null} | ret=FAILURE
org.apache.hadoop.ozone.om.exceptions.OMException: Unable to get file status: volume: volume87664 bucket: bucket74908 key: root_dir/file2
	at org.apache.hadoop.ozone.om.KeyManagerImpl.getOzoneFileStatus(KeyManagerImpl.java:1283) ~[ozone-manager-1.3.0-SNAPSHOT.jar:?]
	at org.apache.hadoop.ozone.om.KeyManagerImpl.getFileStatus(KeyManagerImpl.java:1213) ~[ozone-manager-1.3.0-SNAPSHOT.jar:?]
	at org.apache.hadoop.ozone.om.KeyManagerImpl.listStatus(KeyManagerImpl.java:1537) ~[ozone-manager-1.3.0-SNAPSHOT.jar:?]
	at org.apache.hadoop.ozone.om.OzoneManager.listStatus(OzoneManager.java:3497) ~[ozone-manager-1.3.0-SNAPSHOT.jar:?]
	at org.apache.hadoop.ozone.protocolPB.OzoneManagerRequestHandler.listStatus(OzoneManagerRequestHandler.java:1028) ~[ozone-manager-1.3.0-SNAPSHOT.jar:?]
	at org.apache.hadoop.ozone.protocolPB.OzoneManagerRequestHandler.handleReadRequest(OzoneManagerRequestHandler.java:228) ~[ozone-manager-1.3.0-SNAPSHOT.jar:?]
	at org.apache.hadoop.ozone.protocolPB.OzoneManagerProtocolServerSideTranslatorPB.submitRequestDirectlyToOM(OzoneManagerProtocolServerSideTranslatorPB.java:284) ~[ozone-manager-1.3.0-SNAPSHOT.jar:?]
	at org.apache.hadoop.ozone.protocolPB.OzoneManagerProtocolServerSideTranslatorPB.processRequest(OzoneManagerProtocolServerSideTranslatorPB.java:207) ~[ozone-manager-1.3.0-SNAPSHOT.jar:?]
	at org.apache.hadoop.hdds.server.OzoneProtocolMessageDispatcher.processRequest(OzoneProtocolMessageDispatcher.java:87) [hdds-server-framework-1.3.0-SNAPSHOT.jar:?]
	at org.apache.hadoop.ozone.protocolPB.OzoneManagerProtocolServerSideTranslatorPB.submitRequest(OzoneManagerProtocolServerSideTranslatorPB.java:147) [ozone-manager-1.3.0-SNAPSHOT.jar:?]
	at org.apache.hadoop.ozone.protocol.proto.OzoneManagerProtocolProtos$OzoneManagerService$2.callBlockingMethod(OzoneManagerProtocolProtos.java) [ozone-interface-client-1.3.0-SNAPSHOT.jar:?]
	at org.apache.hadoop.ipc.ProtobufRpcEngine$Server.processCall(ProtobufRpcEngine.java:466) [hadoop-common-3.3.1.jar:?]
	at org.apache.hadoop.ipc.ProtobufRpcEngine2$Server$ProtoBufRpcInvoker.call(ProtobufRpcEngine2.java:574) [hadoop-common-3.3.1.jar:?]
	at org.apache.hadoop.ipc.ProtobufRpcEngine2$Server$ProtoBufRpcInvoker.call(ProtobufRpcEngine2.java:552) [hadoop-common-3.3.1.jar:?]
	at org.apache.hadoop.ipc.RPC$Server.call(RPC.java:1093) [hadoop-common-3.3.1.jar:?]
	at org.apache.hadoop.ipc.Server$RpcCall.run(Server.java:1035) [hadoop-common-3.3.1.jar:?]
	at org.apache.hadoop.ipc.Server$RpcCall.run(Server.java:963) [hadoop-common-3.3.1.jar:?]
	at java.security.AccessController.doPrivileged(Native Method) ~[?:1.8.0_332]
	at javax.security.auth.Subject.doAs(Subject.java:422) [?:1.8.0_332]
	at org.apache.hadoop.security.UserGroupInformation.doAs(UserGroupInformation.java:1878) [hadoop-common-3.3.1.jar:?]
	at org.apache.hadoop.ipc.Server$Handler.run(Server.java:2966) [hadoop-common-3.3.1.jar:?]
]]></system-out>
  </testcase>
  <testcase name="testRenameToParentDir" classname="TestOzoneFileSystem" time="0.043">
    <system-out><![CDATA[13:07:41.518 [IPC Server handler 10 on default port 41441] ERROR OMAudit - user=runner | ip=127.0.0.1 | op=LIST_STATUS {volume=volume07034, bucket=bucket87468, key=root_dir/dir2, dataSize=0, replicationConfig=null} | ret=FAILURE
org.apache.hadoop.ozone.om.exceptions.OMException: Unable to get file status: volume: volume07034 bucket: bucket87468 key: root_dir/dir2
	at org.apache.hadoop.ozone.om.KeyManagerImpl.getOzoneFileStatus(KeyManagerImpl.java:1283) ~[ozone-manager-1.3.0-SNAPSHOT.jar:?]
	at org.apache.hadoop.ozone.om.KeyManagerImpl.getFileStatus(KeyManagerImpl.java:1213) ~[ozone-manager-1.3.0-SNAPSHOT.jar:?]
	at org.apache.hadoop.ozone.om.KeyManagerImpl.listStatus(KeyManagerImpl.java:1537) ~[ozone-manager-1.3.0-SNAPSHOT.jar:?]
	at org.apache.hadoop.ozone.om.OzoneManager.listStatus(OzoneManager.java:3497) ~[ozone-manager-1.3.0-SNAPSHOT.jar:?]
	at org.apache.hadoop.ozone.protocolPB.OzoneManagerRequestHandler.listStatus(OzoneManagerRequestHandler.java:1028) ~[ozone-manager-1.3.0-SNAPSHOT.jar:?]
	at org.apache.hadoop.ozone.protocolPB.OzoneManagerRequestHandler.handleReadRequest(OzoneManagerRequestHandler.java:228) ~[ozone-manager-1.3.0-SNAPSHOT.jar:?]
	at org.apache.hadoop.ozone.protocolPB.OzoneManagerProtocolServerSideTranslatorPB.submitReadRequestToOM(OzoneManagerProtocolServerSideTranslatorPB.java:225) ~[ozone-manager-1.3.0-SNAPSHOT.jar:?]
	at org.apache.hadoop.ozone.protocolPB.OzoneManagerProtocolServerSideTranslatorPB.processRequest(OzoneManagerProtocolServerSideTranslatorPB.java:175) ~[ozone-manager-1.3.0-SNAPSHOT.jar:?]
	at org.apache.hadoop.hdds.server.OzoneProtocolMessageDispatcher.processRequest(OzoneProtocolMessageDispatcher.java:87) [hdds-server-framework-1.3.0-SNAPSHOT.jar:?]
	at org.apache.hadoop.ozone.protocolPB.OzoneManagerProtocolServerSideTranslatorPB.submitRequest(OzoneManagerProtocolServerSideTranslatorPB.java:147) [ozone-manager-1.3.0-SNAPSHOT.jar:?]
	at org.apache.hadoop.ozone.protocol.proto.OzoneManagerProtocolProtos$OzoneManagerService$2.callBlockingMethod(OzoneManagerProtocolProtos.java) [ozone-interface-client-1.3.0-SNAPSHOT.jar:?]
	at org.apache.hadoop.ipc.ProtobufRpcEngine$Server.processCall(ProtobufRpcEngine.java:466) [hadoop-common-3.3.1.jar:?]
	at org.apache.hadoop.ipc.ProtobufRpcEngine2$Server$ProtoBufRpcInvoker.call(ProtobufRpcEngine2.java:574) [hadoop-common-3.3.1.jar:?]
	at org.apache.hadoop.ipc.ProtobufRpcEngine2$Server$ProtoBufRpcInvoker.call(ProtobufRpcEngine2.java:552) [hadoop-common-3.3.1.jar:?]
	at org.apache.hadoop.ipc.RPC$Server.call(RPC.java:1093) [hadoop-common-3.3.1.jar:?]
	at org.apache.hadoop.ipc.Server$RpcCall.run(Server.java:1035) [hadoop-common-3.3.1.jar:?]
	at org.apache.hadoop.ipc.Server$RpcCall.run(Server.java:963) [hadoop-common-3.3.1.jar:?]
	at java.security.AccessController.doPrivileged(Native Method) ~[?:1.8.0_332]
	at javax.security.auth.Subject.doAs(Subject.java:422) [?:1.8.0_332]
	at org.apache.hadoop.security.UserGroupInformation.doAs(UserGroupInformation.java:1878) [hadoop-common-3.3.1.jar:?]
	at org.apache.hadoop.ipc.Server$Handler.run(Server.java:2966) [hadoop-common-3.3.1.jar:?]
13:07:41.541 [IPC Server handler 1 on default port 41441] ERROR OMAudit - user=runner | ip=127.0.0.1 | op=LIST_STATUS {volume=volume07034, bucket=bucket87468, key=root_dir/file2, dataSize=0, replicationConfig=null} | ret=FAILURE
org.apache.hadoop.ozone.om.exceptions.OMException: Unable to get file status: volume: volume07034 bucket: bucket87468 key: root_dir/file2
	at org.apache.hadoop.ozone.om.KeyManagerImpl.getOzoneFileStatus(KeyManagerImpl.java:1283) ~[ozone-manager-1.3.0-SNAPSHOT.jar:?]
	at org.apache.hadoop.ozone.om.KeyManagerImpl.getFileStatus(KeyManagerImpl.java:1213) ~[ozone-manager-1.3.0-SNAPSHOT.jar:?]
	at org.apache.hadoop.ozone.om.KeyManagerImpl.listStatus(KeyManagerImpl.java:1537) ~[ozone-manager-1.3.0-SNAPSHOT.jar:?]
	at org.apache.hadoop.ozone.om.OzoneManager.listStatus(OzoneManager.java:3497) ~[ozone-manager-1.3.0-SNAPSHOT.jar:?]
	at org.apache.hadoop.ozone.protocolPB.OzoneManagerRequestHandler.listStatus(OzoneManagerRequestHandler.java:1028) ~[ozone-manager-1.3.0-SNAPSHOT.jar:?]
	at org.apache.hadoop.ozone.protocolPB.OzoneManagerRequestHandler.handleReadRequest(OzoneManagerRequestHandler.java:228) ~[ozone-manager-1.3.0-SNAPSHOT.jar:?]
	at org.apache.hadoop.ozone.protocolPB.OzoneManagerProtocolServerSideTranslatorPB.submitReadRequestToOM(OzoneManagerProtocolServerSideTranslatorPB.java:225) ~[ozone-manager-1.3.0-SNAPSHOT.jar:?]
	at org.apache.hadoop.ozone.protocolPB.OzoneManagerProtocolServerSideTranslatorPB.processRequest(OzoneManagerProtocolServerSideTranslatorPB.java:175) ~[ozone-manager-1.3.0-SNAPSHOT.jar:?]
	at org.apache.hadoop.hdds.server.OzoneProtocolMessageDispatcher.processRequest(OzoneProtocolMessageDispatcher.java:87) [hdds-server-framework-1.3.0-SNAPSHOT.jar:?]
	at org.apache.hadoop.ozone.protocolPB.OzoneManagerProtocolServerSideTranslatorPB.submitRequest(OzoneManagerProtocolServerSideTranslatorPB.java:147) [ozone-manager-1.3.0-SNAPSHOT.jar:?]
	at org.apache.hadoop.ozone.protocol.proto.OzoneManagerProtocolProtos$OzoneManagerService$2.callBlockingMethod(OzoneManagerProtocolProtos.java) [ozone-interface-client-1.3.0-SNAPSHOT.jar:?]
	at org.apache.hadoop.ipc.ProtobufRpcEngine$Server.processCall(ProtobufRpcEngine.java:466) [hadoop-common-3.3.1.jar:?]
	at org.apache.hadoop.ipc.ProtobufRpcEngine2$Server$ProtoBufRpcInvoker.call(ProtobufRpcEngine2.java:574) [hadoop-common-3.3.1.jar:?]
	at org.apache.hadoop.ipc.ProtobufRpcEngine2$Server$ProtoBufRpcInvoker.call(ProtobufRpcEngine2.java:552) [hadoop-common-3.3.1.jar:?]
	at org.apache.hadoop.ipc.RPC$Server.call(RPC.java:1093) [hadoop-common-3.3.1.jar:?]
	at org.apache.hadoop.ipc.Server$RpcCall.run(Server.java:1035) [hadoop-common-3.3.1.jar:?]
	at org.apache.hadoop.ipc.Server$RpcCall.run(Server.java:963) [hadoop-common-3.3.1.jar:?]
	at java.security.AccessController.doPrivileged(Native Method) ~[?:1.8.0_332]
	at javax.security.auth.Subject.doAs(Subject.java:422) [?:1.8.0_332]
	at org.apache.hadoop.security.UserGroupInformation.doAs(UserGroupInformation.java:1878) [hadoop-common-3.3.1.jar:?]
	at org.apache.hadoop.ipc.Server$Handler.run(Server.java:2966) [hadoop-common-3.3.1.jar:?]
]]></system-out>
  </testcase>
  <testcase name="testRenameToParentDir" classname="TestOzoneFileSystem" time="0.063">
    <system-out><![CDATA[13:08:57.974 [IPC Server handler 0 on default port 38405] ERROR OMAudit - user=runner | ip=127.0.0.1 | op=LIST_STATUS {volume=volume84440, bucket=bucket08814, key=root_dir/dir2, dataSize=0, replicationConfig=null} | ret=FAILURE
org.apache.hadoop.ozone.om.exceptions.OMException: Unable to get file status: volume: volume84440 bucket: bucket08814 key: root_dir/dir2
	at org.apache.hadoop.ozone.om.KeyManagerImpl.getOzoneFileStatus(KeyManagerImpl.java:1283) ~[ozone-manager-1.3.0-SNAPSHOT.jar:?]
	at org.apache.hadoop.ozone.om.KeyManagerImpl.getFileStatus(KeyManagerImpl.java:1213) ~[ozone-manager-1.3.0-SNAPSHOT.jar:?]
	at org.apache.hadoop.ozone.om.KeyManagerImpl.listStatus(KeyManagerImpl.java:1537) ~[ozone-manager-1.3.0-SNAPSHOT.jar:?]
	at org.apache.hadoop.ozone.om.OzoneManager.listStatus(OzoneManager.java:3497) ~[ozone-manager-1.3.0-SNAPSHOT.jar:?]
	at org.apache.hadoop.ozone.protocolPB.OzoneManagerRequestHandler.listStatus(OzoneManagerRequestHandler.java:1028) ~[ozone-manager-1.3.0-SNAPSHOT.jar:?]
	at org.apache.hadoop.ozone.protocolPB.OzoneManagerRequestHandler.handleReadRequest(OzoneManagerRequestHandler.java:228) ~[ozone-manager-1.3.0-SNAPSHOT.jar:?]
	at org.apache.hadoop.ozone.protocolPB.OzoneManagerProtocolServerSideTranslatorPB.submitRequestDirectlyToOM(OzoneManagerProtocolServerSideTranslatorPB.java:284) ~[ozone-manager-1.3.0-SNAPSHOT.jar:?]
	at org.apache.hadoop.ozone.protocolPB.OzoneManagerProtocolServerSideTranslatorPB.processRequest(OzoneManagerProtocolServerSideTranslatorPB.java:207) ~[ozone-manager-1.3.0-SNAPSHOT.jar:?]
	at org.apache.hadoop.hdds.server.OzoneProtocolMessageDispatcher.processRequest(OzoneProtocolMessageDispatcher.java:87) [hdds-server-framework-1.3.0-SNAPSHOT.jar:?]
	at org.apache.hadoop.ozone.protocolPB.OzoneManagerProtocolServerSideTranslatorPB.submitRequest(OzoneManagerProtocolServerSideTranslatorPB.java:147) [ozone-manager-1.3.0-SNAPSHOT.jar:?]
	at org.apache.hadoop.ozone.protocol.proto.OzoneManagerProtocolProtos$OzoneManagerService$2.callBlockingMethod(OzoneManagerProtocolProtos.java) [ozone-interface-client-1.3.0-SNAPSHOT.jar:?]
	at org.apache.hadoop.ipc.ProtobufRpcEngine$Server.processCall(ProtobufRpcEngine.java:466) [hadoop-common-3.3.1.jar:?]
	at org.apache.hadoop.ipc.ProtobufRpcEngine2$Server$ProtoBufRpcInvoker.call(ProtobufRpcEngine2.java:574) [hadoop-common-3.3.1.jar:?]
	at org.apache.hadoop.ipc.ProtobufRpcEngine2$Server$ProtoBufRpcInvoker.call(ProtobufRpcEngine2.java:552) [hadoop-common-3.3.1.jar:?]
	at org.apache.hadoop.ipc.RPC$Server.call(RPC.java:1093) [hadoop-common-3.3.1.jar:?]
	at org.apache.hadoop.ipc.Server$RpcCall.run(Server.java:1035) [hadoop-common-3.3.1.jar:?]
	at org.apache.hadoop.ipc.Server$RpcCall.run(Server.java:963) [hadoop-common-3.3.1.jar:?]
	at java.security.AccessController.doPrivileged(Native Method) ~[?:1.8.0_332]
	at javax.security.auth.Subject.doAs(Subject.java:422) [?:1.8.0_332]
	at org.apache.hadoop.security.UserGroupInformation.doAs(UserGroupInformation.java:1878) [hadoop-common-3.3.1.jar:?]
	at org.apache.hadoop.ipc.Server$Handler.run(Server.java:2966) [hadoop-common-3.3.1.jar:?]
13:08:57.979 [IPC Server handler 14 on default port 38405] ERROR OMAudit - user=runner | ip=127.0.0.1 | op=LIST_STATUS {volume=volume84440, bucket=bucket08814, key=root_dir/file2, dataSize=0, replicationConfig=null} | ret=FAILURE
org.apache.hadoop.ozone.om.exceptions.OMException: Unable to get file status: volume: volume84440 bucket: bucket08814 key: root_dir/file2
	at org.apache.hadoop.ozone.om.KeyManagerImpl.getOzoneFileStatus(KeyManagerImpl.java:1283) ~[ozone-manager-1.3.0-SNAPSHOT.jar:?]
	at org.apache.hadoop.ozone.om.KeyManagerImpl.getFileStatus(KeyManagerImpl.java:1213) ~[ozone-manager-1.3.0-SNAPSHOT.jar:?]
	at org.apache.hadoop.ozone.om.KeyManagerImpl.listStatus(KeyManagerImpl.java:1537) ~[ozone-manager-1.3.0-SNAPSHOT.jar:?]
	at org.apache.hadoop.ozone.om.OzoneManager.listStatus(OzoneManager.java:3497) ~[ozone-manager-1.3.0-SNAPSHOT.jar:?]
	at org.apache.hadoop.ozone.protocolPB.OzoneManagerRequestHandler.listStatus(OzoneManagerRequestHandler.java:1028) ~[ozone-manager-1.3.0-SNAPSHOT.jar:?]
	at org.apache.hadoop.ozone.protocolPB.OzoneManagerRequestHandler.handleReadRequest(OzoneManagerRequestHandler.java:228) ~[ozone-manager-1.3.0-SNAPSHOT.jar:?]
	at org.apache.hadoop.ozone.protocolPB.OzoneManagerProtocolServerSideTranslatorPB.submitRequestDirectlyToOM(OzoneManagerProtocolServerSideTranslatorPB.java:284) ~[ozone-manager-1.3.0-SNAPSHOT.jar:?]
	at org.apache.hadoop.ozone.protocolPB.OzoneManagerProtocolServerSideTranslatorPB.processRequest(OzoneManagerProtocolServerSideTranslatorPB.java:207) ~[ozone-manager-1.3.0-SNAPSHOT.jar:?]
	at org.apache.hadoop.hdds.server.OzoneProtocolMessageDispatcher.processRequest(OzoneProtocolMessageDispatcher.java:87) [hdds-server-framework-1.3.0-SNAPSHOT.jar:?]
	at org.apache.hadoop.ozone.protocolPB.OzoneManagerProtocolServerSideTranslatorPB.submitRequest(OzoneManagerProtocolServerSideTranslatorPB.java:147) [ozone-manager-1.3.0-SNAPSHOT.jar:?]
	at org.apache.hadoop.ozone.protocol.proto.OzoneManagerProtocolProtos$OzoneManagerService$2.callBlockingMethod(OzoneManagerProtocolProtos.java) [ozone-interface-client-1.3.0-SNAPSHOT.jar:?]
	at org.apache.hadoop.ipc.ProtobufRpcEngine$Server.processCall(ProtobufRpcEngine.java:466) [hadoop-common-3.3.1.jar:?]
	at org.apache.hadoop.ipc.ProtobufRpcEngine2$Server$ProtoBufRpcInvoker.call(ProtobufRpcEngine2.java:574) [hadoop-common-3.3.1.jar:?]
	at org.apache.hadoop.ipc.ProtobufRpcEngine2$Server$ProtoBufRpcInvoker.call(ProtobufRpcEngine2.java:552) [hadoop-common-3.3.1.jar:?]
	at org.apache.hadoop.ipc.RPC$Server.call(RPC.java:1093) [hadoop-common-3.3.1.jar:?]
	at org.apache.hadoop.ipc.Server$RpcCall.run(Server.java:1035) [hadoop-common-3.3.1.jar:?]
	at org.apache.hadoop.ipc.Server$RpcCall.run(Server.java:963) [hadoop-common-3.3.1.jar:?]
	at java.security.AccessController.doPrivileged(Native Method) ~[?:1.8.0_332]
	at javax.security.auth.Subject.doAs(Subject.java:422) [?:1.8.0_332]
	at org.apache.hadoop.security.UserGroupInformation.doAs(UserGroupInformation.java:1878) [hadoop-common-3.3.1.jar:?]
	at org.apache.hadoop.ipc.Server$Handler.run(Server.java:2966) [hadoop-common-3.3.1.jar:?]
]]></system-out>
  </testcase>
  <testcase name="testListStatusOnSubDirs" classname="TestOzoneFileSystem" time="0.047"/>
  <testcase name="testListStatusOnSubDirs" classname="TestOzoneFileSystem" time="0.025"/>
  <testcase name="testListStatusOnSubDirs" classname="TestOzoneFileSystem" time="0.025"/>
  <testcase name="testListStatusOnSubDirs" classname="TestOzoneFileSystem" time="0.057"/>
  <testcase name="testListStatus" classname="TestOzoneFileSystem" time="0.062"/>
  <testcase name="testListStatus" classname="TestOzoneFileSystem" time="0.043"/>
  <testcase name="testListStatus" classname="TestOzoneFileSystem" time="0.058"/>
  <testcase name="testListStatus" classname="TestOzoneFileSystem" time="0.028"/>
  <testcase name="testRecursiveDelete" classname="TestOzoneFileSystem" time="0.275">
    <system-out><![CDATA[13:05:08.602 [IPC Server handler 15 on default port 33959] ERROR OMAudit - user=runner | ip=127.0.0.1 | op=GET_FILE_STATUS {volume=volume58940, bucket=bucket47939, key=gdir1, dataSize=0, replicationConfig=null} | ret=FAILURE
org.apache.hadoop.ozone.om.exceptions.OMException: Unable to get file status: volume: volume58940 bucket: bucket47939 key: gdir1
	at org.apache.hadoop.ozone.om.KeyManagerImpl.getOzoneFileStatus(KeyManagerImpl.java:1283) ~[ozone-manager-1.3.0-SNAPSHOT.jar:?]
	at org.apache.hadoop.ozone.om.KeyManagerImpl.getFileStatus(KeyManagerImpl.java:1213) ~[ozone-manager-1.3.0-SNAPSHOT.jar:?]
	at org.apache.hadoop.ozone.om.OzoneManager.getFileStatus(OzoneManager.java:3419) ~[ozone-manager-1.3.0-SNAPSHOT.jar:?]
	at org.apache.hadoop.ozone.protocolPB.OzoneManagerRequestHandler.getOzoneFileStatus(OzoneManagerRequestHandler.java:871) ~[ozone-manager-1.3.0-SNAPSHOT.jar:?]
	at org.apache.hadoop.ozone.protocolPB.OzoneManagerRequestHandler.handleReadRequest(OzoneManagerRequestHandler.java:217) ~[ozone-manager-1.3.0-SNAPSHOT.jar:?]
	at org.apache.hadoop.ozone.protocolPB.OzoneManagerProtocolServerSideTranslatorPB.submitReadRequestToOM(OzoneManagerProtocolServerSideTranslatorPB.java:225) ~[ozone-manager-1.3.0-SNAPSHOT.jar:?]
	at org.apache.hadoop.ozone.protocolPB.OzoneManagerProtocolServerSideTranslatorPB.processRequest(OzoneManagerProtocolServerSideTranslatorPB.java:175) ~[ozone-manager-1.3.0-SNAPSHOT.jar:?]
	at org.apache.hadoop.hdds.server.OzoneProtocolMessageDispatcher.processRequest(OzoneProtocolMessageDispatcher.java:87) [hdds-server-framework-1.3.0-SNAPSHOT.jar:?]
	at org.apache.hadoop.ozone.protocolPB.OzoneManagerProtocolServerSideTranslatorPB.submitRequest(OzoneManagerProtocolServerSideTranslatorPB.java:147) [ozone-manager-1.3.0-SNAPSHOT.jar:?]
	at org.apache.hadoop.ozone.protocol.proto.OzoneManagerProtocolProtos$OzoneManagerService$2.callBlockingMethod(OzoneManagerProtocolProtos.java) [ozone-interface-client-1.3.0-SNAPSHOT.jar:?]
	at org.apache.hadoop.ipc.ProtobufRpcEngine$Server.processCall(ProtobufRpcEngine.java:466) [hadoop-common-3.3.1.jar:?]
	at org.apache.hadoop.ipc.ProtobufRpcEngine2$Server$ProtoBufRpcInvoker.call(ProtobufRpcEngine2.java:574) [hadoop-common-3.3.1.jar:?]
	at org.apache.hadoop.ipc.ProtobufRpcEngine2$Server$ProtoBufRpcInvoker.call(ProtobufRpcEngine2.java:552) [hadoop-common-3.3.1.jar:?]
	at org.apache.hadoop.ipc.RPC$Server.call(RPC.java:1093) [hadoop-common-3.3.1.jar:?]
	at org.apache.hadoop.ipc.Server$RpcCall.run(Server.java:1035) [hadoop-common-3.3.1.jar:?]
	at org.apache.hadoop.ipc.Server$RpcCall.run(Server.java:963) [hadoop-common-3.3.1.jar:?]
	at java.security.AccessController.doPrivileged(Native Method) ~[?:1.8.0_332]
	at javax.security.auth.Subject.doAs(Subject.java:422) [?:1.8.0_332]
	at org.apache.hadoop.security.UserGroupInformation.doAs(UserGroupInformation.java:1878) [hadoop-common-3.3.1.jar:?]
	at org.apache.hadoop.ipc.Server$Handler.run(Server.java:2966) [hadoop-common-3.3.1.jar:?]
13:05:08.603 [IPC Server handler 14 on default port 33959] ERROR OMAudit - user=runner | ip=127.0.0.1 | op=GET_FILE_STATUS {volume=volume58940, bucket=bucket47939, key=gdir1/dir1, dataSize=0, replicationConfig=null} | ret=FAILURE
org.apache.hadoop.ozone.om.exceptions.OMException: Unable to get file status: volume: volume58940 bucket: bucket47939 key: gdir1/dir1
	at org.apache.hadoop.ozone.om.KeyManagerImpl.getOzoneFileStatus(KeyManagerImpl.java:1283) ~[ozone-manager-1.3.0-SNAPSHOT.jar:?]
	at org.apache.hadoop.ozone.om.KeyManagerImpl.getFileStatus(KeyManagerImpl.java:1213) ~[ozone-manager-1.3.0-SNAPSHOT.jar:?]
	at org.apache.hadoop.ozone.om.OzoneManager.getFileStatus(OzoneManager.java:3419) ~[ozone-manager-1.3.0-SNAPSHOT.jar:?]
	at org.apache.hadoop.ozone.protocolPB.OzoneManagerRequestHandler.getOzoneFileStatus(OzoneManagerRequestHandler.java:871) ~[ozone-manager-1.3.0-SNAPSHOT.jar:?]
	at org.apache.hadoop.ozone.protocolPB.OzoneManagerRequestHandler.handleReadRequest(OzoneManagerRequestHandler.java:217) ~[ozone-manager-1.3.0-SNAPSHOT.jar:?]
	at org.apache.hadoop.ozone.protocolPB.OzoneManagerProtocolServerSideTranslatorPB.submitReadRequestToOM(OzoneManagerProtocolServerSideTranslatorPB.java:225) ~[ozone-manager-1.3.0-SNAPSHOT.jar:?]
	at org.apache.hadoop.ozone.protocolPB.OzoneManagerProtocolServerSideTranslatorPB.processRequest(OzoneManagerProtocolServerSideTranslatorPB.java:175) ~[ozone-manager-1.3.0-SNAPSHOT.jar:?]
	at org.apache.hadoop.hdds.server.OzoneProtocolMessageDispatcher.processRequest(OzoneProtocolMessageDispatcher.java:87) [hdds-server-framework-1.3.0-SNAPSHOT.jar:?]
	at org.apache.hadoop.ozone.protocolPB.OzoneManagerProtocolServerSideTranslatorPB.submitRequest(OzoneManagerProtocolServerSideTranslatorPB.java:147) [ozone-manager-1.3.0-SNAPSHOT.jar:?]
	at org.apache.hadoop.ozone.protocol.proto.OzoneManagerProtocolProtos$OzoneManagerService$2.callBlockingMethod(OzoneManagerProtocolProtos.java) [ozone-interface-client-1.3.0-SNAPSHOT.jar:?]
	at org.apache.hadoop.ipc.ProtobufRpcEngine$Server.processCall(ProtobufRpcEngine.java:466) [hadoop-common-3.3.1.jar:?]
	at org.apache.hadoop.ipc.ProtobufRpcEngine2$Server$ProtoBufRpcInvoker.call(ProtobufRpcEngine2.java:574) [hadoop-common-3.3.1.jar:?]
	at org.apache.hadoop.ipc.ProtobufRpcEngine2$Server$ProtoBufRpcInvoker.call(ProtobufRpcEngine2.java:552) [hadoop-common-3.3.1.jar:?]
	at org.apache.hadoop.ipc.RPC$Server.call(RPC.java:1093) [hadoop-common-3.3.1.jar:?]
	at org.apache.hadoop.ipc.Server$RpcCall.run(Server.java:1035) [hadoop-common-3.3.1.jar:?]
	at org.apache.hadoop.ipc.Server$RpcCall.run(Server.java:963) [hadoop-common-3.3.1.jar:?]
	at java.security.AccessController.doPrivileged(Native Method) ~[?:1.8.0_332]
	at javax.security.auth.Subject.doAs(Subject.java:422) [?:1.8.0_332]
	at org.apache.hadoop.security.UserGroupInformation.doAs(UserGroupInformation.java:1878) [hadoop-common-3.3.1.jar:?]
	at org.apache.hadoop.ipc.Server$Handler.run(Server.java:2966) [hadoop-common-3.3.1.jar:?]
13:05:08.605 [IPC Server handler 18 on default port 33959] ERROR OMAudit - user=runner | ip=127.0.0.1 | op=GET_FILE_STATUS {volume=volume58940, bucket=bucket47939, key=gdir1/dir1/child, dataSize=0, replicationConfig=null} | ret=FAILURE
org.apache.hadoop.ozone.om.exceptions.OMException: Unable to get file status: volume: volume58940 bucket: bucket47939 key: gdir1/dir1/child
	at org.apache.hadoop.ozone.om.KeyManagerImpl.getOzoneFileStatus(KeyManagerImpl.java:1283) ~[ozone-manager-1.3.0-SNAPSHOT.jar:?]
	at org.apache.hadoop.ozone.om.KeyManagerImpl.getFileStatus(KeyManagerImpl.java:1213) ~[ozone-manager-1.3.0-SNAPSHOT.jar:?]
	at org.apache.hadoop.ozone.om.OzoneManager.getFileStatus(OzoneManager.java:3419) ~[ozone-manager-1.3.0-SNAPSHOT.jar:?]
	at org.apache.hadoop.ozone.protocolPB.OzoneManagerRequestHandler.getOzoneFileStatus(OzoneManagerRequestHandler.java:871) ~[ozone-manager-1.3.0-SNAPSHOT.jar:?]
	at org.apache.hadoop.ozone.protocolPB.OzoneManagerRequestHandler.handleReadRequest(OzoneManagerRequestHandler.java:217) ~[ozone-manager-1.3.0-SNAPSHOT.jar:?]
	at org.apache.hadoop.ozone.protocolPB.OzoneManagerProtocolServerSideTranslatorPB.submitReadRequestToOM(OzoneManagerProtocolServerSideTranslatorPB.java:225) ~[ozone-manager-1.3.0-SNAPSHOT.jar:?]
	at org.apache.hadoop.ozone.protocolPB.OzoneManagerProtocolServerSideTranslatorPB.processRequest(OzoneManagerProtocolServerSideTranslatorPB.java:175) ~[ozone-manager-1.3.0-SNAPSHOT.jar:?]
	at org.apache.hadoop.hdds.server.OzoneProtocolMessageDispatcher.processRequest(OzoneProtocolMessageDispatcher.java:87) [hdds-server-framework-1.3.0-SNAPSHOT.jar:?]
	at org.apache.hadoop.ozone.protocolPB.OzoneManagerProtocolServerSideTranslatorPB.submitRequest(OzoneManagerProtocolServerSideTranslatorPB.java:147) [ozone-manager-1.3.0-SNAPSHOT.jar:?]
	at org.apache.hadoop.ozone.protocol.proto.OzoneManagerProtocolProtos$OzoneManagerService$2.callBlockingMethod(OzoneManagerProtocolProtos.java) [ozone-interface-client-1.3.0-SNAPSHOT.jar:?]
	at org.apache.hadoop.ipc.ProtobufRpcEngine$Server.processCall(ProtobufRpcEngine.java:466) [hadoop-common-3.3.1.jar:?]
	at org.apache.hadoop.ipc.ProtobufRpcEngine2$Server$ProtoBufRpcInvoker.call(ProtobufRpcEngine2.java:574) [hadoop-common-3.3.1.jar:?]
	at org.apache.hadoop.ipc.ProtobufRpcEngine2$Server$ProtoBufRpcInvoker.call(ProtobufRpcEngine2.java:552) [hadoop-common-3.3.1.jar:?]
	at org.apache.hadoop.ipc.RPC$Server.call(RPC.java:1093) [hadoop-common-3.3.1.jar:?]
	at org.apache.hadoop.ipc.Server$RpcCall.run(Server.java:1035) [hadoop-common-3.3.1.jar:?]
	at org.apache.hadoop.ipc.Server$RpcCall.run(Server.java:963) [hadoop-common-3.3.1.jar:?]
	at java.security.AccessController.doPrivileged(Native Method) ~[?:1.8.0_332]
	at javax.security.auth.Subject.doAs(Subject.java:422) [?:1.8.0_332]
	at org.apache.hadoop.security.UserGroupInformation.doAs(UserGroupInformation.java:1878) [hadoop-common-3.3.1.jar:?]
	at org.apache.hadoop.ipc.Server$Handler.run(Server.java:2966) [hadoop-common-3.3.1.jar:?]
13:05:08.606 [IPC Server handler 16 on default port 33959] ERROR OMAudit - user=runner | ip=127.0.0.1 | op=GET_FILE_STATUS {volume=volume58940, bucket=bucket47939, key=gdir1/dir2, dataSize=0, replicationConfig=null} | ret=FAILURE
org.apache.hadoop.ozone.om.exceptions.OMException: Unable to get file status: volume: volume58940 bucket: bucket47939 key: gdir1/dir2
	at org.apache.hadoop.ozone.om.KeyManagerImpl.getOzoneFileStatus(KeyManagerImpl.java:1283) ~[ozone-manager-1.3.0-SNAPSHOT.jar:?]
	at org.apache.hadoop.ozone.om.KeyManagerImpl.getFileStatus(KeyManagerImpl.java:1213) ~[ozone-manager-1.3.0-SNAPSHOT.jar:?]
	at org.apache.hadoop.ozone.om.OzoneManager.getFileStatus(OzoneManager.java:3419) ~[ozone-manager-1.3.0-SNAPSHOT.jar:?]
	at org.apache.hadoop.ozone.protocolPB.OzoneManagerRequestHandler.getOzoneFileStatus(OzoneManagerRequestHandler.java:871) ~[ozone-manager-1.3.0-SNAPSHOT.jar:?]
	at org.apache.hadoop.ozone.protocolPB.OzoneManagerRequestHandler.handleReadRequest(OzoneManagerRequestHandler.java:217) ~[ozone-manager-1.3.0-SNAPSHOT.jar:?]
	at org.apache.hadoop.ozone.protocolPB.OzoneManagerProtocolServerSideTranslatorPB.submitReadRequestToOM(OzoneManagerProtocolServerSideTranslatorPB.java:225) ~[ozone-manager-1.3.0-SNAPSHOT.jar:?]
	at org.apache.hadoop.ozone.protocolPB.OzoneManagerProtocolServerSideTranslatorPB.processRequest(OzoneManagerProtocolServerSideTranslatorPB.java:175) ~[ozone-manager-1.3.0-SNAPSHOT.jar:?]
	at org.apache.hadoop.hdds.server.OzoneProtocolMessageDispatcher.processRequest(OzoneProtocolMessageDispatcher.java:87) [hdds-server-framework-1.3.0-SNAPSHOT.jar:?]
	at org.apache.hadoop.ozone.protocolPB.OzoneManagerProtocolServerSideTranslatorPB.submitRequest(OzoneManagerProtocolServerSideTranslatorPB.java:147) [ozone-manager-1.3.0-SNAPSHOT.jar:?]
	at org.apache.hadoop.ozone.protocol.proto.OzoneManagerProtocolProtos$OzoneManagerService$2.callBlockingMethod(OzoneManagerProtocolProtos.java) [ozone-interface-client-1.3.0-SNAPSHOT.jar:?]
	at org.apache.hadoop.ipc.ProtobufRpcEngine$Server.processCall(ProtobufRpcEngine.java:466) [hadoop-common-3.3.1.jar:?]
	at org.apache.hadoop.ipc.ProtobufRpcEngine2$Server$ProtoBufRpcInvoker.call(ProtobufRpcEngine2.java:574) [hadoop-common-3.3.1.jar:?]
	at org.apache.hadoop.ipc.ProtobufRpcEngine2$Server$ProtoBufRpcInvoker.call(ProtobufRpcEngine2.java:552) [hadoop-common-3.3.1.jar:?]
	at org.apache.hadoop.ipc.RPC$Server.call(RPC.java:1093) [hadoop-common-3.3.1.jar:?]
	at org.apache.hadoop.ipc.Server$RpcCall.run(Server.java:1035) [hadoop-common-3.3.1.jar:?]
	at org.apache.hadoop.ipc.Server$RpcCall.run(Server.java:963) [hadoop-common-3.3.1.jar:?]
	at java.security.AccessController.doPrivileged(Native Method) ~[?:1.8.0_332]
	at javax.security.auth.Subject.doAs(Subject.java:422) [?:1.8.0_332]
	at org.apache.hadoop.security.UserGroupInformation.doAs(UserGroupInformation.java:1878) [hadoop-common-3.3.1.jar:?]
	at org.apache.hadoop.ipc.Server$Handler.run(Server.java:2966) [hadoop-common-3.3.1.jar:?]
13:05:08.607 [IPC Server handler 7 on default port 33959] ERROR OMAudit - user=runner | ip=127.0.0.1 | op=GET_FILE_STATUS {volume=volume58940, bucket=bucket47939, key=gdir1/dir2/child, dataSize=0, replicationConfig=null} | ret=FAILURE
org.apache.hadoop.ozone.om.exceptions.OMException: Unable to get file status: volume: volume58940 bucket: bucket47939 key: gdir1/dir2/child
	at org.apache.hadoop.ozone.om.KeyManagerImpl.getOzoneFileStatus(KeyManagerImpl.java:1283) ~[ozone-manager-1.3.0-SNAPSHOT.jar:?]
	at org.apache.hadoop.ozone.om.KeyManagerImpl.getFileStatus(KeyManagerImpl.java:1213) ~[ozone-manager-1.3.0-SNAPSHOT.jar:?]
	at org.apache.hadoop.ozone.om.OzoneManager.getFileStatus(OzoneManager.java:3419) ~[ozone-manager-1.3.0-SNAPSHOT.jar:?]
	at org.apache.hadoop.ozone.protocolPB.OzoneManagerRequestHandler.getOzoneFileStatus(OzoneManagerRequestHandler.java:871) ~[ozone-manager-1.3.0-SNAPSHOT.jar:?]
	at org.apache.hadoop.ozone.protocolPB.OzoneManagerRequestHandler.handleReadRequest(OzoneManagerRequestHandler.java:217) ~[ozone-manager-1.3.0-SNAPSHOT.jar:?]
	at org.apache.hadoop.ozone.protocolPB.OzoneManagerProtocolServerSideTranslatorPB.submitReadRequestToOM(OzoneManagerProtocolServerSideTranslatorPB.java:225) ~[ozone-manager-1.3.0-SNAPSHOT.jar:?]
	at org.apache.hadoop.ozone.protocolPB.OzoneManagerProtocolServerSideTranslatorPB.processRequest(OzoneManagerProtocolServerSideTranslatorPB.java:175) ~[ozone-manager-1.3.0-SNAPSHOT.jar:?]
	at org.apache.hadoop.hdds.server.OzoneProtocolMessageDispatcher.processRequest(OzoneProtocolMessageDispatcher.java:87) [hdds-server-framework-1.3.0-SNAPSHOT.jar:?]
	at org.apache.hadoop.ozone.protocolPB.OzoneManagerProtocolServerSideTranslatorPB.submitRequest(OzoneManagerProtocolServerSideTranslatorPB.java:147) [ozone-manager-1.3.0-SNAPSHOT.jar:?]
	at org.apache.hadoop.ozone.protocol.proto.OzoneManagerProtocolProtos$OzoneManagerService$2.callBlockingMethod(OzoneManagerProtocolProtos.java) [ozone-interface-client-1.3.0-SNAPSHOT.jar:?]
	at org.apache.hadoop.ipc.ProtobufRpcEngine$Server.processCall(ProtobufRpcEngine.java:466) [hadoop-common-3.3.1.jar:?]
	at org.apache.hadoop.ipc.ProtobufRpcEngine2$Server$ProtoBufRpcInvoker.call(ProtobufRpcEngine2.java:574) [hadoop-common-3.3.1.jar:?]
	at org.apache.hadoop.ipc.ProtobufRpcEngine2$Server$ProtoBufRpcInvoker.call(ProtobufRpcEngine2.java:552) [hadoop-common-3.3.1.jar:?]
	at org.apache.hadoop.ipc.RPC$Server.call(RPC.java:1093) [hadoop-common-3.3.1.jar:?]
	at org.apache.hadoop.ipc.Server$RpcCall.run(Server.java:1035) [hadoop-common-3.3.1.jar:?]
	at org.apache.hadoop.ipc.Server$RpcCall.run(Server.java:963) [hadoop-common-3.3.1.jar:?]
	at java.security.AccessController.doPrivileged(Native Method) ~[?:1.8.0_332]
	at javax.security.auth.Subject.doAs(Subject.java:422) [?:1.8.0_332]
	at org.apache.hadoop.security.UserGroupInformation.doAs(UserGroupInformation.java:1878) [hadoop-common-3.3.1.jar:?]
	at org.apache.hadoop.ipc.Server$Handler.run(Server.java:2966) [hadoop-common-3.3.1.jar:?]
13:05:08.609 [IPC Server handler 17 on default port 33959] ERROR OMAudit - user=runner | ip=127.0.0.1 | op=GET_FILE_STATUS {volume=volume58940, bucket=bucket47939, key=gdir1/dir3, dataSize=0, replicationConfig=null} | ret=FAILURE
org.apache.hadoop.ozone.om.exceptions.OMException: Unable to get file status: volume: volume58940 bucket: bucket47939 key: gdir1/dir3
	at org.apache.hadoop.ozone.om.KeyManagerImpl.getOzoneFileStatus(KeyManagerImpl.java:1283) ~[ozone-manager-1.3.0-SNAPSHOT.jar:?]
	at org.apache.hadoop.ozone.om.KeyManagerImpl.getFileStatus(KeyManagerImpl.java:1213) ~[ozone-manager-1.3.0-SNAPSHOT.jar:?]
	at org.apache.hadoop.ozone.om.OzoneManager.getFileStatus(OzoneManager.java:3419) ~[ozone-manager-1.3.0-SNAPSHOT.jar:?]
	at org.apache.hadoop.ozone.protocolPB.OzoneManagerRequestHandler.getOzoneFileStatus(OzoneManagerRequestHandler.java:871) ~[ozone-manager-1.3.0-SNAPSHOT.jar:?]
	at org.apache.hadoop.ozone.protocolPB.OzoneManagerRequestHandler.handleReadRequest(OzoneManagerRequestHandler.java:217) ~[ozone-manager-1.3.0-SNAPSHOT.jar:?]
	at org.apache.hadoop.ozone.protocolPB.OzoneManagerProtocolServerSideTranslatorPB.submitReadRequestToOM(OzoneManagerProtocolServerSideTranslatorPB.java:225) ~[ozone-manager-1.3.0-SNAPSHOT.jar:?]
	at org.apache.hadoop.ozone.protocolPB.OzoneManagerProtocolServerSideTranslatorPB.processRequest(OzoneManagerProtocolServerSideTranslatorPB.java:175) ~[ozone-manager-1.3.0-SNAPSHOT.jar:?]
	at org.apache.hadoop.hdds.server.OzoneProtocolMessageDispatcher.processRequest(OzoneProtocolMessageDispatcher.java:87) [hdds-server-framework-1.3.0-SNAPSHOT.jar:?]
	at org.apache.hadoop.ozone.protocolPB.OzoneManagerProtocolServerSideTranslatorPB.submitRequest(OzoneManagerProtocolServerSideTranslatorPB.java:147) [ozone-manager-1.3.0-SNAPSHOT.jar:?]
	at org.apache.hadoop.ozone.protocol.proto.OzoneManagerProtocolProtos$OzoneManagerService$2.callBlockingMethod(OzoneManagerProtocolProtos.java) [ozone-interface-client-1.3.0-SNAPSHOT.jar:?]
	at org.apache.hadoop.ipc.ProtobufRpcEngine$Server.processCall(ProtobufRpcEngine.java:466) [hadoop-common-3.3.1.jar:?]
	at org.apache.hadoop.ipc.ProtobufRpcEngine2$Server$ProtoBufRpcInvoker.call(ProtobufRpcEngine2.java:574) [hadoop-common-3.3.1.jar:?]
	at org.apache.hadoop.ipc.ProtobufRpcEngine2$Server$ProtoBufRpcInvoker.call(ProtobufRpcEngine2.java:552) [hadoop-common-3.3.1.jar:?]
	at org.apache.hadoop.ipc.RPC$Server.call(RPC.java:1093) [hadoop-common-3.3.1.jar:?]
	at org.apache.hadoop.ipc.Server$RpcCall.run(Server.java:1035) [hadoop-common-3.3.1.jar:?]
	at org.apache.hadoop.ipc.Server$RpcCall.run(Server.java:963) [hadoop-common-3.3.1.jar:?]
	at java.security.AccessController.doPrivileged(Native Method) ~[?:1.8.0_332]
	at javax.security.auth.Subject.doAs(Subject.java:422) [?:1.8.0_332]
	at org.apache.hadoop.security.UserGroupInformation.doAs(UserGroupInformation.java:1878) [hadoop-common-3.3.1.jar:?]
	at org.apache.hadoop.ipc.Server$Handler.run(Server.java:2966) [hadoop-common-3.3.1.jar:?]
13:05:08.610 [IPC Server handler 13 on default port 33959] ERROR OMAudit - user=runner | ip=127.0.0.1 | op=GET_FILE_STATUS {volume=volume58940, bucket=bucket47939, key=gdir1/dir3/child, dataSize=0, replicationConfig=null} | ret=FAILURE
org.apache.hadoop.ozone.om.exceptions.OMException: Unable to get file status: volume: volume58940 bucket: bucket47939 key: gdir1/dir3/child
	at org.apache.hadoop.ozone.om.KeyManagerImpl.getOzoneFileStatus(KeyManagerImpl.java:1283) ~[ozone-manager-1.3.0-SNAPSHOT.jar:?]
	at org.apache.hadoop.ozone.om.KeyManagerImpl.getFileStatus(KeyManagerImpl.java:1213) ~[ozone-manager-1.3.0-SNAPSHOT.jar:?]
	at org.apache.hadoop.ozone.om.OzoneManager.getFileStatus(OzoneManager.java:3419) ~[ozone-manager-1.3.0-SNAPSHOT.jar:?]
	at org.apache.hadoop.ozone.protocolPB.OzoneManagerRequestHandler.getOzoneFileStatus(OzoneManagerRequestHandler.java:871) ~[ozone-manager-1.3.0-SNAPSHOT.jar:?]
	at org.apache.hadoop.ozone.protocolPB.OzoneManagerRequestHandler.handleReadRequest(OzoneManagerRequestHandler.java:217) ~[ozone-manager-1.3.0-SNAPSHOT.jar:?]
	at org.apache.hadoop.ozone.protocolPB.OzoneManagerProtocolServerSideTranslatorPB.submitReadRequestToOM(OzoneManagerProtocolServerSideTranslatorPB.java:225) ~[ozone-manager-1.3.0-SNAPSHOT.jar:?]
	at org.apache.hadoop.ozone.protocolPB.OzoneManagerProtocolServerSideTranslatorPB.processRequest(OzoneManagerProtocolServerSideTranslatorPB.java:175) ~[ozone-manager-1.3.0-SNAPSHOT.jar:?]
	at org.apache.hadoop.hdds.server.OzoneProtocolMessageDispatcher.processRequest(OzoneProtocolMessageDispatcher.java:87) [hdds-server-framework-1.3.0-SNAPSHOT.jar:?]
	at org.apache.hadoop.ozone.protocolPB.OzoneManagerProtocolServerSideTranslatorPB.submitRequest(OzoneManagerProtocolServerSideTranslatorPB.java:147) [ozone-manager-1.3.0-SNAPSHOT.jar:?]
	at org.apache.hadoop.ozone.protocol.proto.OzoneManagerProtocolProtos$OzoneManagerService$2.callBlockingMethod(OzoneManagerProtocolProtos.java) [ozone-interface-client-1.3.0-SNAPSHOT.jar:?]
	at org.apache.hadoop.ipc.ProtobufRpcEngine$Server.processCall(ProtobufRpcEngine.java:466) [hadoop-common-3.3.1.jar:?]
	at org.apache.hadoop.ipc.ProtobufRpcEngine2$Server$ProtoBufRpcInvoker.call(ProtobufRpcEngine2.java:574) [hadoop-common-3.3.1.jar:?]
	at org.apache.hadoop.ipc.ProtobufRpcEngine2$Server$ProtoBufRpcInvoker.call(ProtobufRpcEngine2.java:552) [hadoop-common-3.3.1.jar:?]
	at org.apache.hadoop.ipc.RPC$Server.call(RPC.java:1093) [hadoop-common-3.3.1.jar:?]
	at org.apache.hadoop.ipc.Server$RpcCall.run(Server.java:1035) [hadoop-common-3.3.1.jar:?]
	at org.apache.hadoop.ipc.Server$RpcCall.run(Server.java:963) [hadoop-common-3.3.1.jar:?]
	at java.security.AccessController.doPrivileged(Native Method) ~[?:1.8.0_332]
	at javax.security.auth.Subject.doAs(Subject.java:422) [?:1.8.0_332]
	at org.apache.hadoop.security.UserGroupInformation.doAs(UserGroupInformation.java:1878) [hadoop-common-3.3.1.jar:?]
	at org.apache.hadoop.ipc.Server$Handler.run(Server.java:2966) [hadoop-common-3.3.1.jar:?]
13:05:08.611 [IPC Server handler 1 on default port 33959] ERROR OMAudit - user=runner | ip=127.0.0.1 | op=GET_FILE_STATUS {volume=volume58940, bucket=bucket47939, key=gdir1/dir4, dataSize=0, replicationConfig=null} | ret=FAILURE
org.apache.hadoop.ozone.om.exceptions.OMException: Unable to get file status: volume: volume58940 bucket: bucket47939 key: gdir1/dir4
	at org.apache.hadoop.ozone.om.KeyManagerImpl.getOzoneFileStatus(KeyManagerImpl.java:1283) ~[ozone-manager-1.3.0-SNAPSHOT.jar:?]
	at org.apache.hadoop.ozone.om.KeyManagerImpl.getFileStatus(KeyManagerImpl.java:1213) ~[ozone-manager-1.3.0-SNAPSHOT.jar:?]
	at org.apache.hadoop.ozone.om.OzoneManager.getFileStatus(OzoneManager.java:3419) ~[ozone-manager-1.3.0-SNAPSHOT.jar:?]
	at org.apache.hadoop.ozone.protocolPB.OzoneManagerRequestHandler.getOzoneFileStatus(OzoneManagerRequestHandler.java:871) ~[ozone-manager-1.3.0-SNAPSHOT.jar:?]
	at org.apache.hadoop.ozone.protocolPB.OzoneManagerRequestHandler.handleReadRequest(OzoneManagerRequestHandler.java:217) ~[ozone-manager-1.3.0-SNAPSHOT.jar:?]
	at org.apache.hadoop.ozone.protocolPB.OzoneManagerProtocolServerSideTranslatorPB.submitReadRequestToOM(OzoneManagerProtocolServerSideTranslatorPB.java:225) ~[ozone-manager-1.3.0-SNAPSHOT.jar:?]
	at org.apache.hadoop.ozone.protocolPB.OzoneManagerProtocolServerSideTranslatorPB.processRequest(OzoneManagerProtocolServerSideTranslatorPB.java:175) ~[ozone-manager-1.3.0-SNAPSHOT.jar:?]
	at org.apache.hadoop.hdds.server.OzoneProtocolMessageDispatcher.processRequest(OzoneProtocolMessageDispatcher.java:87) [hdds-server-framework-1.3.0-SNAPSHOT.jar:?]
	at org.apache.hadoop.ozone.protocolPB.OzoneManagerProtocolServerSideTranslatorPB.submitRequest(OzoneManagerProtocolServerSideTranslatorPB.java:147) [ozone-manager-1.3.0-SNAPSHOT.jar:?]
	at org.apache.hadoop.ozone.protocol.proto.OzoneManagerProtocolProtos$OzoneManagerService$2.callBlockingMethod(OzoneManagerProtocolProtos.java) [ozone-interface-client-1.3.0-SNAPSHOT.jar:?]
	at org.apache.hadoop.ipc.ProtobufRpcEngine$Server.processCall(ProtobufRpcEngine.java:466) [hadoop-common-3.3.1.jar:?]
	at org.apache.hadoop.ipc.ProtobufRpcEngine2$Server$ProtoBufRpcInvoker.call(ProtobufRpcEngine2.java:574) [hadoop-common-3.3.1.jar:?]
	at org.apache.hadoop.ipc.ProtobufRpcEngine2$Server$ProtoBufRpcInvoker.call(ProtobufRpcEngine2.java:552) [hadoop-common-3.3.1.jar:?]
	at org.apache.hadoop.ipc.RPC$Server.call(RPC.java:1093) [hadoop-common-3.3.1.jar:?]
	at org.apache.hadoop.ipc.Server$RpcCall.run(Server.java:1035) [hadoop-common-3.3.1.jar:?]
	at org.apache.hadoop.ipc.Server$RpcCall.run(Server.java:963) [hadoop-common-3.3.1.jar:?]
	at java.security.AccessController.doPrivileged(Native Method) ~[?:1.8.0_332]
	at javax.security.auth.Subject.doAs(Subject.java:422) [?:1.8.0_332]
	at org.apache.hadoop.security.UserGroupInformation.doAs(UserGroupInformation.java:1878) [hadoop-common-3.3.1.jar:?]
	at org.apache.hadoop.ipc.Server$Handler.run(Server.java:2966) [hadoop-common-3.3.1.jar:?]
13:05:08.612 [IPC Server handler 8 on default port 33959] ERROR OMAudit - user=runner | ip=127.0.0.1 | op=GET_FILE_STATUS {volume=volume58940, bucket=bucket47939, key=gdir1/dir4/child, dataSize=0, replicationConfig=null} | ret=FAILURE
org.apache.hadoop.ozone.om.exceptions.OMException: Unable to get file status: volume: volume58940 bucket: bucket47939 key: gdir1/dir4/child
	at org.apache.hadoop.ozone.om.KeyManagerImpl.getOzoneFileStatus(KeyManagerImpl.java:1283) ~[ozone-manager-1.3.0-SNAPSHOT.jar:?]
	at org.apache.hadoop.ozone.om.KeyManagerImpl.getFileStatus(KeyManagerImpl.java:1213) ~[ozone-manager-1.3.0-SNAPSHOT.jar:?]
	at org.apache.hadoop.ozone.om.OzoneManager.getFileStatus(OzoneManager.java:3419) ~[ozone-manager-1.3.0-SNAPSHOT.jar:?]
	at org.apache.hadoop.ozone.protocolPB.OzoneManagerRequestHandler.getOzoneFileStatus(OzoneManagerRequestHandler.java:871) ~[ozone-manager-1.3.0-SNAPSHOT.jar:?]
	at org.apache.hadoop.ozone.protocolPB.OzoneManagerRequestHandler.handleReadRequest(OzoneManagerRequestHandler.java:217) ~[ozone-manager-1.3.0-SNAPSHOT.jar:?]
	at org.apache.hadoop.ozone.protocolPB.OzoneManagerProtocolServerSideTranslatorPB.submitReadRequestToOM(OzoneManagerProtocolServerSideTranslatorPB.java:225) ~[ozone-manager-1.3.0-SNAPSHOT.jar:?]
	at org.apache.hadoop.ozone.protocolPB.OzoneManagerProtocolServerSideTranslatorPB.processRequest(OzoneManagerProtocolServerSideTranslatorPB.java:175) ~[ozone-manager-1.3.0-SNAPSHOT.jar:?]
	at org.apache.hadoop.hdds.server.OzoneProtocolMessageDispatcher.processRequest(OzoneProtocolMessageDispatcher.java:87) [hdds-server-framework-1.3.0-SNAPSHOT.jar:?]
	at org.apache.hadoop.ozone.protocolPB.OzoneManagerProtocolServerSideTranslatorPB.submitRequest(OzoneManagerProtocolServerSideTranslatorPB.java:147) [ozone-manager-1.3.0-SNAPSHOT.jar:?]
	at org.apache.hadoop.ozone.protocol.proto.OzoneManagerProtocolProtos$OzoneManagerService$2.callBlockingMethod(OzoneManagerProtocolProtos.java) [ozone-interface-client-1.3.0-SNAPSHOT.jar:?]
	at org.apache.hadoop.ipc.ProtobufRpcEngine$Server.processCall(ProtobufRpcEngine.java:466) [hadoop-common-3.3.1.jar:?]
	at org.apache.hadoop.ipc.ProtobufRpcEngine2$Server$ProtoBufRpcInvoker.call(ProtobufRpcEngine2.java:574) [hadoop-common-3.3.1.jar:?]
	at org.apache.hadoop.ipc.ProtobufRpcEngine2$Server$ProtoBufRpcInvoker.call(ProtobufRpcEngine2.java:552) [hadoop-common-3.3.1.jar:?]
	at org.apache.hadoop.ipc.RPC$Server.call(RPC.java:1093) [hadoop-common-3.3.1.jar:?]
	at org.apache.hadoop.ipc.Server$RpcCall.run(Server.java:1035) [hadoop-common-3.3.1.jar:?]
	at org.apache.hadoop.ipc.Server$RpcCall.run(Server.java:963) [hadoop-common-3.3.1.jar:?]
	at java.security.AccessController.doPrivileged(Native Method) ~[?:1.8.0_332]
	at javax.security.auth.Subject.doAs(Subject.java:422) [?:1.8.0_332]
	at org.apache.hadoop.security.UserGroupInformation.doAs(UserGroupInformation.java:1878) [hadoop-common-3.3.1.jar:?]
	at org.apache.hadoop.ipc.Server$Handler.run(Server.java:2966) [hadoop-common-3.3.1.jar:?]
13:05:08.613 [IPC Server handler 12 on default port 33959] ERROR OMAudit - user=runner | ip=127.0.0.1 | op=GET_FILE_STATUS {volume=volume58940, bucket=bucket47939, key=gdir1/dir5, dataSize=0, replicationConfig=null} | ret=FAILURE
org.apache.hadoop.ozone.om.exceptions.OMException: Unable to get file status: volume: volume58940 bucket: bucket47939 key: gdir1/dir5
	at org.apache.hadoop.ozone.om.KeyManagerImpl.getOzoneFileStatus(KeyManagerImpl.java:1283) ~[ozone-manager-1.3.0-SNAPSHOT.jar:?]
	at org.apache.hadoop.ozone.om.KeyManagerImpl.getFileStatus(KeyManagerImpl.java:1213) ~[ozone-manager-1.3.0-SNAPSHOT.jar:?]
	at org.apache.hadoop.ozone.om.OzoneManager.getFileStatus(OzoneManager.java:3419) ~[ozone-manager-1.3.0-SNAPSHOT.jar:?]
	at org.apache.hadoop.ozone.protocolPB.OzoneManagerRequestHandler.getOzoneFileStatus(OzoneManagerRequestHandler.java:871) ~[ozone-manager-1.3.0-SNAPSHOT.jar:?]
	at org.apache.hadoop.ozone.protocolPB.OzoneManagerRequestHandler.handleReadRequest(OzoneManagerRequestHandler.java:217) ~[ozone-manager-1.3.0-SNAPSHOT.jar:?]
	at org.apache.hadoop.ozone.protocolPB.OzoneManagerProtocolServerSideTranslatorPB.submitReadRequestToOM(OzoneManagerProtocolServerSideTranslatorPB.java:225) ~[ozone-manager-1.3.0-SNAPSHOT.jar:?]
	at org.apache.hadoop.ozone.protocolPB.OzoneManagerProtocolServerSideTranslatorPB.processRequest(OzoneManagerProtocolServerSideTranslatorPB.java:175) ~[ozone-manager-1.3.0-SNAPSHOT.jar:?]
	at org.apache.hadoop.hdds.server.OzoneProtocolMessageDispatcher.processRequest(OzoneProtocolMessageDispatcher.java:87) [hdds-server-framework-1.3.0-SNAPSHOT.jar:?]
	at org.apache.hadoop.ozone.protocolPB.OzoneManagerProtocolServerSideTranslatorPB.submitRequest(OzoneManagerProtocolServerSideTranslatorPB.java:147) [ozone-manager-1.3.0-SNAPSHOT.jar:?]
	at org.apache.hadoop.ozone.protocol.proto.OzoneManagerProtocolProtos$OzoneManagerService$2.callBlockingMethod(OzoneManagerProtocolProtos.java) [ozone-interface-client-1.3.0-SNAPSHOT.jar:?]
	at org.apache.hadoop.ipc.ProtobufRpcEngine$Server.processCall(ProtobufRpcEngine.java:466) [hadoop-common-3.3.1.jar:?]
	at org.apache.hadoop.ipc.ProtobufRpcEngine2$Server$ProtoBufRpcInvoker.call(ProtobufRpcEngine2.java:574) [hadoop-common-3.3.1.jar:?]
	at org.apache.hadoop.ipc.ProtobufRpcEngine2$Server$ProtoBufRpcInvoker.call(ProtobufRpcEngine2.java:552) [hadoop-common-3.3.1.jar:?]
	at org.apache.hadoop.ipc.RPC$Server.call(RPC.java:1093) [hadoop-common-3.3.1.jar:?]
	at org.apache.hadoop.ipc.Server$RpcCall.run(Server.java:1035) [hadoop-common-3.3.1.jar:?]
	at org.apache.hadoop.ipc.Server$RpcCall.run(Server.java:963) [hadoop-common-3.3.1.jar:?]
	at java.security.AccessController.doPrivileged(Native Method) ~[?:1.8.0_332]
	at javax.security.auth.Subject.doAs(Subject.java:422) [?:1.8.0_332]
	at org.apache.hadoop.security.UserGroupInformation.doAs(UserGroupInformation.java:1878) [hadoop-common-3.3.1.jar:?]
	at org.apache.hadoop.ipc.Server$Handler.run(Server.java:2966) [hadoop-common-3.3.1.jar:?]
13:05:08.615 [IPC Server handler 19 on default port 33959] ERROR OMAudit - user=runner | ip=127.0.0.1 | op=GET_FILE_STATUS {volume=volume58940, bucket=bucket47939, key=gdir1/dir5/child, dataSize=0, replicationConfig=null} | ret=FAILURE
org.apache.hadoop.ozone.om.exceptions.OMException: Unable to get file status: volume: volume58940 bucket: bucket47939 key: gdir1/dir5/child
	at org.apache.hadoop.ozone.om.KeyManagerImpl.getOzoneFileStatus(KeyManagerImpl.java:1283) ~[ozone-manager-1.3.0-SNAPSHOT.jar:?]
	at org.apache.hadoop.ozone.om.KeyManagerImpl.getFileStatus(KeyManagerImpl.java:1213) ~[ozone-manager-1.3.0-SNAPSHOT.jar:?]
	at org.apache.hadoop.ozone.om.OzoneManager.getFileStatus(OzoneManager.java:3419) ~[ozone-manager-1.3.0-SNAPSHOT.jar:?]
	at org.apache.hadoop.ozone.protocolPB.OzoneManagerRequestHandler.getOzoneFileStatus(OzoneManagerRequestHandler.java:871) ~[ozone-manager-1.3.0-SNAPSHOT.jar:?]
	at org.apache.hadoop.ozone.protocolPB.OzoneManagerRequestHandler.handleReadRequest(OzoneManagerRequestHandler.java:217) ~[ozone-manager-1.3.0-SNAPSHOT.jar:?]
	at org.apache.hadoop.ozone.protocolPB.OzoneManagerProtocolServerSideTranslatorPB.submitReadRequestToOM(OzoneManagerProtocolServerSideTranslatorPB.java:225) ~[ozone-manager-1.3.0-SNAPSHOT.jar:?]
	at org.apache.hadoop.ozone.protocolPB.OzoneManagerProtocolServerSideTranslatorPB.processRequest(OzoneManagerProtocolServerSideTranslatorPB.java:175) ~[ozone-manager-1.3.0-SNAPSHOT.jar:?]
	at org.apache.hadoop.hdds.server.OzoneProtocolMessageDispatcher.processRequest(OzoneProtocolMessageDispatcher.java:87) [hdds-server-framework-1.3.0-SNAPSHOT.jar:?]
	at org.apache.hadoop.ozone.protocolPB.OzoneManagerProtocolServerSideTranslatorPB.submitRequest(OzoneManagerProtocolServerSideTranslatorPB.java:147) [ozone-manager-1.3.0-SNAPSHOT.jar:?]
	at org.apache.hadoop.ozone.protocol.proto.OzoneManagerProtocolProtos$OzoneManagerService$2.callBlockingMethod(OzoneManagerProtocolProtos.java) [ozone-interface-client-1.3.0-SNAPSHOT.jar:?]
	at org.apache.hadoop.ipc.ProtobufRpcEngine$Server.processCall(ProtobufRpcEngine.java:466) [hadoop-common-3.3.1.jar:?]
	at org.apache.hadoop.ipc.ProtobufRpcEngine2$Server$ProtoBufRpcInvoker.call(ProtobufRpcEngine2.java:574) [hadoop-common-3.3.1.jar:?]
	at org.apache.hadoop.ipc.ProtobufRpcEngine2$Server$ProtoBufRpcInvoker.call(ProtobufRpcEngine2.java:552) [hadoop-common-3.3.1.jar:?]
	at org.apache.hadoop.ipc.RPC$Server.call(RPC.java:1093) [hadoop-common-3.3.1.jar:?]
	at org.apache.hadoop.ipc.Server$RpcCall.run(Server.java:1035) [hadoop-common-3.3.1.jar:?]
	at org.apache.hadoop.ipc.Server$RpcCall.run(Server.java:963) [hadoop-common-3.3.1.jar:?]
	at java.security.AccessController.doPrivileged(Native Method) ~[?:1.8.0_332]
	at javax.security.auth.Subject.doAs(Subject.java:422) [?:1.8.0_332]
	at org.apache.hadoop.security.UserGroupInformation.doAs(UserGroupInformation.java:1878) [hadoop-common-3.3.1.jar:?]
	at org.apache.hadoop.ipc.Server$Handler.run(Server.java:2966) [hadoop-common-3.3.1.jar:?]
13:05:08.616 [IPC Server handler 0 on default port 33959] ERROR OMAudit - user=runner | ip=127.0.0.1 | op=GET_FILE_STATUS {volume=volume58940, bucket=bucket47939, key=gdir1/dir6, dataSize=0, replicationConfig=null} | ret=FAILURE
org.apache.hadoop.ozone.om.exceptions.OMException: Unable to get file status: volume: volume58940 bucket: bucket47939 key: gdir1/dir6
	at org.apache.hadoop.ozone.om.KeyManagerImpl.getOzoneFileStatus(KeyManagerImpl.java:1283) ~[ozone-manager-1.3.0-SNAPSHOT.jar:?]
	at org.apache.hadoop.ozone.om.KeyManagerImpl.getFileStatus(KeyManagerImpl.java:1213) ~[ozone-manager-1.3.0-SNAPSHOT.jar:?]
	at org.apache.hadoop.ozone.om.OzoneManager.getFileStatus(OzoneManager.java:3419) ~[ozone-manager-1.3.0-SNAPSHOT.jar:?]
	at org.apache.hadoop.ozone.protocolPB.OzoneManagerRequestHandler.getOzoneFileStatus(OzoneManagerRequestHandler.java:871) ~[ozone-manager-1.3.0-SNAPSHOT.jar:?]
	at org.apache.hadoop.ozone.protocolPB.OzoneManagerRequestHandler.handleReadRequest(OzoneManagerRequestHandler.java:217) ~[ozone-manager-1.3.0-SNAPSHOT.jar:?]
	at org.apache.hadoop.ozone.protocolPB.OzoneManagerProtocolServerSideTranslatorPB.submitReadRequestToOM(OzoneManagerProtocolServerSideTranslatorPB.java:225) ~[ozone-manager-1.3.0-SNAPSHOT.jar:?]
	at org.apache.hadoop.ozone.protocolPB.OzoneManagerProtocolServerSideTranslatorPB.processRequest(OzoneManagerProtocolServerSideTranslatorPB.java:175) ~[ozone-manager-1.3.0-SNAPSHOT.jar:?]
	at org.apache.hadoop.hdds.server.OzoneProtocolMessageDispatcher.processRequest(OzoneProtocolMessageDispatcher.java:87) [hdds-server-framework-1.3.0-SNAPSHOT.jar:?]
	at org.apache.hadoop.ozone.protocolPB.OzoneManagerProtocolServerSideTranslatorPB.submitRequest(OzoneManagerProtocolServerSideTranslatorPB.java:147) [ozone-manager-1.3.0-SNAPSHOT.jar:?]
	at org.apache.hadoop.ozone.protocol.proto.OzoneManagerProtocolProtos$OzoneManagerService$2.callBlockingMethod(OzoneManagerProtocolProtos.java) [ozone-interface-client-1.3.0-SNAPSHOT.jar:?]
	at org.apache.hadoop.ipc.ProtobufRpcEngine$Server.processCall(ProtobufRpcEngine.java:466) [hadoop-common-3.3.1.jar:?]
	at org.apache.hadoop.ipc.ProtobufRpcEngine2$Server$ProtoBufRpcInvoker.call(ProtobufRpcEngine2.java:574) [hadoop-common-3.3.1.jar:?]
	at org.apache.hadoop.ipc.ProtobufRpcEngine2$Server$ProtoBufRpcInvoker.call(ProtobufRpcEngine2.java:552) [hadoop-common-3.3.1.jar:?]
	at org.apache.hadoop.ipc.RPC$Server.call(RPC.java:1093) [hadoop-common-3.3.1.jar:?]
	at org.apache.hadoop.ipc.Server$RpcCall.run(Server.java:1035) [hadoop-common-3.3.1.jar:?]
	at org.apache.hadoop.ipc.Server$RpcCall.run(Server.java:963) [hadoop-common-3.3.1.jar:?]
	at java.security.AccessController.doPrivileged(Native Method) ~[?:1.8.0_332]
	at javax.security.auth.Subject.doAs(Subject.java:422) [?:1.8.0_332]
	at org.apache.hadoop.security.UserGroupInformation.doAs(UserGroupInformation.java:1878) [hadoop-common-3.3.1.jar:?]
	at org.apache.hadoop.ipc.Server$Handler.run(Server.java:2966) [hadoop-common-3.3.1.jar:?]
13:05:08.617 [IPC Server handler 2 on default port 33959] ERROR OMAudit - user=runner | ip=127.0.0.1 | op=GET_FILE_STATUS {volume=volume58940, bucket=bucket47939, key=gdir1/dir6/child, dataSize=0, replicationConfig=null} | ret=FAILURE
org.apache.hadoop.ozone.om.exceptions.OMException: Unable to get file status: volume: volume58940 bucket: bucket47939 key: gdir1/dir6/child
	at org.apache.hadoop.ozone.om.KeyManagerImpl.getOzoneFileStatus(KeyManagerImpl.java:1283) ~[ozone-manager-1.3.0-SNAPSHOT.jar:?]
	at org.apache.hadoop.ozone.om.KeyManagerImpl.getFileStatus(KeyManagerImpl.java:1213) ~[ozone-manager-1.3.0-SNAPSHOT.jar:?]
	at org.apache.hadoop.ozone.om.OzoneManager.getFileStatus(OzoneManager.java:3419) ~[ozone-manager-1.3.0-SNAPSHOT.jar:?]
	at org.apache.hadoop.ozone.protocolPB.OzoneManagerRequestHandler.getOzoneFileStatus(OzoneManagerRequestHandler.java:871) ~[ozone-manager-1.3.0-SNAPSHOT.jar:?]
	at org.apache.hadoop.ozone.protocolPB.OzoneManagerRequestHandler.handleReadRequest(OzoneManagerRequestHandler.java:217) ~[ozone-manager-1.3.0-SNAPSHOT.jar:?]
	at org.apache.hadoop.ozone.protocolPB.OzoneManagerProtocolServerSideTranslatorPB.submitReadRequestToOM(OzoneManagerProtocolServerSideTranslatorPB.java:225) ~[ozone-manager-1.3.0-SNAPSHOT.jar:?]
	at org.apache.hadoop.ozone.protocolPB.OzoneManagerProtocolServerSideTranslatorPB.processRequest(OzoneManagerProtocolServerSideTranslatorPB.java:175) ~[ozone-manager-1.3.0-SNAPSHOT.jar:?]
	at org.apache.hadoop.hdds.server.OzoneProtocolMessageDispatcher.processRequest(OzoneProtocolMessageDispatcher.java:87) [hdds-server-framework-1.3.0-SNAPSHOT.jar:?]
	at org.apache.hadoop.ozone.protocolPB.OzoneManagerProtocolServerSideTranslatorPB.submitRequest(OzoneManagerProtocolServerSideTranslatorPB.java:147) [ozone-manager-1.3.0-SNAPSHOT.jar:?]
	at org.apache.hadoop.ozone.protocol.proto.OzoneManagerProtocolProtos$OzoneManagerService$2.callBlockingMethod(OzoneManagerProtocolProtos.java) [ozone-interface-client-1.3.0-SNAPSHOT.jar:?]
	at org.apache.hadoop.ipc.ProtobufRpcEngine$Server.processCall(ProtobufRpcEngine.java:466) [hadoop-common-3.3.1.jar:?]
	at org.apache.hadoop.ipc.ProtobufRpcEngine2$Server$ProtoBufRpcInvoker.call(ProtobufRpcEngine2.java:574) [hadoop-common-3.3.1.jar:?]
	at org.apache.hadoop.ipc.ProtobufRpcEngine2$Server$ProtoBufRpcInvoker.call(ProtobufRpcEngine2.java:552) [hadoop-common-3.3.1.jar:?]
	at org.apache.hadoop.ipc.RPC$Server.call(RPC.java:1093) [hadoop-common-3.3.1.jar:?]
	at org.apache.hadoop.ipc.Server$RpcCall.run(Server.java:1035) [hadoop-common-3.3.1.jar:?]
	at org.apache.hadoop.ipc.Server$RpcCall.run(Server.java:963) [hadoop-common-3.3.1.jar:?]
	at java.security.AccessController.doPrivileged(Native Method) ~[?:1.8.0_332]
	at javax.security.auth.Subject.doAs(Subject.java:422) [?:1.8.0_332]
	at org.apache.hadoop.security.UserGroupInformation.doAs(UserGroupInformation.java:1878) [hadoop-common-3.3.1.jar:?]
	at org.apache.hadoop.ipc.Server$Handler.run(Server.java:2966) [hadoop-common-3.3.1.jar:?]
13:05:08.618 [IPC Server handler 3 on default port 33959] ERROR OMAudit - user=runner | ip=127.0.0.1 | op=GET_FILE_STATUS {volume=volume58940, bucket=bucket47939, key=gdir1/dir7, dataSize=0, replicationConfig=null} | ret=FAILURE
org.apache.hadoop.ozone.om.exceptions.OMException: Unable to get file status: volume: volume58940 bucket: bucket47939 key: gdir1/dir7
	at org.apache.hadoop.ozone.om.KeyManagerImpl.getOzoneFileStatus(KeyManagerImpl.java:1283) ~[ozone-manager-1.3.0-SNAPSHOT.jar:?]
	at org.apache.hadoop.ozone.om.KeyManagerImpl.getFileStatus(KeyManagerImpl.java:1213) ~[ozone-manager-1.3.0-SNAPSHOT.jar:?]
	at org.apache.hadoop.ozone.om.OzoneManager.getFileStatus(OzoneManager.java:3419) ~[ozone-manager-1.3.0-SNAPSHOT.jar:?]
	at org.apache.hadoop.ozone.protocolPB.OzoneManagerRequestHandler.getOzoneFileStatus(OzoneManagerRequestHandler.java:871) ~[ozone-manager-1.3.0-SNAPSHOT.jar:?]
	at org.apache.hadoop.ozone.protocolPB.OzoneManagerRequestHandler.handleReadRequest(OzoneManagerRequestHandler.java:217) ~[ozone-manager-1.3.0-SNAPSHOT.jar:?]
	at org.apache.hadoop.ozone.protocolPB.OzoneManagerProtocolServerSideTranslatorPB.submitReadRequestToOM(OzoneManagerProtocolServerSideTranslatorPB.java:225) ~[ozone-manager-1.3.0-SNAPSHOT.jar:?]
	at org.apache.hadoop.ozone.protocolPB.OzoneManagerProtocolServerSideTranslatorPB.processRequest(OzoneManagerProtocolServerSideTranslatorPB.java:175) ~[ozone-manager-1.3.0-SNAPSHOT.jar:?]
	at org.apache.hadoop.hdds.server.OzoneProtocolMessageDispatcher.processRequest(OzoneProtocolMessageDispatcher.java:87) [hdds-server-framework-1.3.0-SNAPSHOT.jar:?]
	at org.apache.hadoop.ozone.protocolPB.OzoneManagerProtocolServerSideTranslatorPB.submitRequest(OzoneManagerProtocolServerSideTranslatorPB.java:147) [ozone-manager-1.3.0-SNAPSHOT.jar:?]
	at org.apache.hadoop.ozone.protocol.proto.OzoneManagerProtocolProtos$OzoneManagerService$2.callBlockingMethod(OzoneManagerProtocolProtos.java) [ozone-interface-client-1.3.0-SNAPSHOT.jar:?]
	at org.apache.hadoop.ipc.ProtobufRpcEngine$Server.processCall(ProtobufRpcEngine.java:466) [hadoop-common-3.3.1.jar:?]
	at org.apache.hadoop.ipc.ProtobufRpcEngine2$Server$ProtoBufRpcInvoker.call(ProtobufRpcEngine2.java:574) [hadoop-common-3.3.1.jar:?]
	at org.apache.hadoop.ipc.ProtobufRpcEngine2$Server$ProtoBufRpcInvoker.call(ProtobufRpcEngine2.java:552) [hadoop-common-3.3.1.jar:?]
	at org.apache.hadoop.ipc.RPC$Server.call(RPC.java:1093) [hadoop-common-3.3.1.jar:?]
	at org.apache.hadoop.ipc.Server$RpcCall.run(Server.java:1035) [hadoop-common-3.3.1.jar:?]
	at org.apache.hadoop.ipc.Server$RpcCall.run(Server.java:963) [hadoop-common-3.3.1.jar:?]
	at java.security.AccessController.doPrivileged(Native Method) ~[?:1.8.0_332]
	at javax.security.auth.Subject.doAs(Subject.java:422) [?:1.8.0_332]
	at org.apache.hadoop.security.UserGroupInformation.doAs(UserGroupInformation.java:1878) [hadoop-common-3.3.1.jar:?]
	at org.apache.hadoop.ipc.Server$Handler.run(Server.java:2966) [hadoop-common-3.3.1.jar:?]
13:05:08.619 [IPC Server handler 4 on default port 33959] ERROR OMAudit - user=runner | ip=127.0.0.1 | op=GET_FILE_STATUS {volume=volume58940, bucket=bucket47939, key=gdir1/dir7/child, dataSize=0, replicationConfig=null} | ret=FAILURE
org.apache.hadoop.ozone.om.exceptions.OMException: Unable to get file status: volume: volume58940 bucket: bucket47939 key: gdir1/dir7/child
	at org.apache.hadoop.ozone.om.KeyManagerImpl.getOzoneFileStatus(KeyManagerImpl.java:1283) ~[ozone-manager-1.3.0-SNAPSHOT.jar:?]
	at org.apache.hadoop.ozone.om.KeyManagerImpl.getFileStatus(KeyManagerImpl.java:1213) ~[ozone-manager-1.3.0-SNAPSHOT.jar:?]
	at org.apache.hadoop.ozone.om.OzoneManager.getFileStatus(OzoneManager.java:3419) ~[ozone-manager-1.3.0-SNAPSHOT.jar:?]
	at org.apache.hadoop.ozone.protocolPB.OzoneManagerRequestHandler.getOzoneFileStatus(OzoneManagerRequestHandler.java:871) ~[ozone-manager-1.3.0-SNAPSHOT.jar:?]
	at org.apache.hadoop.ozone.protocolPB.OzoneManagerRequestHandler.handleReadRequest(OzoneManagerRequestHandler.java:217) ~[ozone-manager-1.3.0-SNAPSHOT.jar:?]
	at org.apache.hadoop.ozone.protocolPB.OzoneManagerProtocolServerSideTranslatorPB.submitReadRequestToOM(OzoneManagerProtocolServerSideTranslatorPB.java:225) ~[ozone-manager-1.3.0-SNAPSHOT.jar:?]
	at org.apache.hadoop.ozone.protocolPB.OzoneManagerProtocolServerSideTranslatorPB.processRequest(OzoneManagerProtocolServerSideTranslatorPB.java:175) ~[ozone-manager-1.3.0-SNAPSHOT.jar:?]
	at org.apache.hadoop.hdds.server.OzoneProtocolMessageDispatcher.processRequest(OzoneProtocolMessageDispatcher.java:87) [hdds-server-framework-1.3.0-SNAPSHOT.jar:?]
	at org.apache.hadoop.ozone.protocolPB.OzoneManagerProtocolServerSideTranslatorPB.submitRequest(OzoneManagerProtocolServerSideTranslatorPB.java:147) [ozone-manager-1.3.0-SNAPSHOT.jar:?]
	at org.apache.hadoop.ozone.protocol.proto.OzoneManagerProtocolProtos$OzoneManagerService$2.callBlockingMethod(OzoneManagerProtocolProtos.java) [ozone-interface-client-1.3.0-SNAPSHOT.jar:?]
	at org.apache.hadoop.ipc.ProtobufRpcEngine$Server.processCall(ProtobufRpcEngine.java:466) [hadoop-common-3.3.1.jar:?]
	at org.apache.hadoop.ipc.ProtobufRpcEngine2$Server$ProtoBufRpcInvoker.call(ProtobufRpcEngine2.java:574) [hadoop-common-3.3.1.jar:?]
	at org.apache.hadoop.ipc.ProtobufRpcEngine2$Server$ProtoBufRpcInvoker.call(ProtobufRpcEngine2.java:552) [hadoop-common-3.3.1.jar:?]
	at org.apache.hadoop.ipc.RPC$Server.call(RPC.java:1093) [hadoop-common-3.3.1.jar:?]
	at org.apache.hadoop.ipc.Server$RpcCall.run(Server.java:1035) [hadoop-common-3.3.1.jar:?]
	at org.apache.hadoop.ipc.Server$RpcCall.run(Server.java:963) [hadoop-common-3.3.1.jar:?]
	at java.security.AccessController.doPrivileged(Native Method) ~[?:1.8.0_332]
	at javax.security.auth.Subject.doAs(Subject.java:422) [?:1.8.0_332]
	at org.apache.hadoop.security.UserGroupInformation.doAs(UserGroupInformation.java:1878) [hadoop-common-3.3.1.jar:?]
	at org.apache.hadoop.ipc.Server$Handler.run(Server.java:2966) [hadoop-common-3.3.1.jar:?]
13:05:08.621 [IPC Server handler 5 on default port 33959] ERROR OMAudit - user=runner | ip=127.0.0.1 | op=GET_FILE_STATUS {volume=volume58940, bucket=bucket47939, key=gdir1/dir8, dataSize=0, replicationConfig=null} | ret=FAILURE
org.apache.hadoop.ozone.om.exceptions.OMException: Unable to get file status: volume: volume58940 bucket: bucket47939 key: gdir1/dir8
	at org.apache.hadoop.ozone.om.KeyManagerImpl.getOzoneFileStatus(KeyManagerImpl.java:1283) ~[ozone-manager-1.3.0-SNAPSHOT.jar:?]
	at org.apache.hadoop.ozone.om.KeyManagerImpl.getFileStatus(KeyManagerImpl.java:1213) ~[ozone-manager-1.3.0-SNAPSHOT.jar:?]
	at org.apache.hadoop.ozone.om.OzoneManager.getFileStatus(OzoneManager.java:3419) ~[ozone-manager-1.3.0-SNAPSHOT.jar:?]
	at org.apache.hadoop.ozone.protocolPB.OzoneManagerRequestHandler.getOzoneFileStatus(OzoneManagerRequestHandler.java:871) ~[ozone-manager-1.3.0-SNAPSHOT.jar:?]
	at org.apache.hadoop.ozone.protocolPB.OzoneManagerRequestHandler.handleReadRequest(OzoneManagerRequestHandler.java:217) ~[ozone-manager-1.3.0-SNAPSHOT.jar:?]
	at org.apache.hadoop.ozone.protocolPB.OzoneManagerProtocolServerSideTranslatorPB.submitReadRequestToOM(OzoneManagerProtocolServerSideTranslatorPB.java:225) ~[ozone-manager-1.3.0-SNAPSHOT.jar:?]
	at org.apache.hadoop.ozone.protocolPB.OzoneManagerProtocolServerSideTranslatorPB.processRequest(OzoneManagerProtocolServerSideTranslatorPB.java:175) ~[ozone-manager-1.3.0-SNAPSHOT.jar:?]
	at org.apache.hadoop.hdds.server.OzoneProtocolMessageDispatcher.processRequest(OzoneProtocolMessageDispatcher.java:87) [hdds-server-framework-1.3.0-SNAPSHOT.jar:?]
	at org.apache.hadoop.ozone.protocolPB.OzoneManagerProtocolServerSideTranslatorPB.submitRequest(OzoneManagerProtocolServerSideTranslatorPB.java:147) [ozone-manager-1.3.0-SNAPSHOT.jar:?]
	at org.apache.hadoop.ozone.protocol.proto.OzoneManagerProtocolProtos$OzoneManagerService$2.callBlockingMethod(OzoneManagerProtocolProtos.java) [ozone-interface-client-1.3.0-SNAPSHOT.jar:?]
	at org.apache.hadoop.ipc.ProtobufRpcEngine$Server.processCall(ProtobufRpcEngine.java:466) [hadoop-common-3.3.1.jar:?]
	at org.apache.hadoop.ipc.ProtobufRpcEngine2$Server$ProtoBufRpcInvoker.call(ProtobufRpcEngine2.java:574) [hadoop-common-3.3.1.jar:?]
	at org.apache.hadoop.ipc.ProtobufRpcEngine2$Server$ProtoBufRpcInvoker.call(ProtobufRpcEngine2.java:552) [hadoop-common-3.3.1.jar:?]
	at org.apache.hadoop.ipc.RPC$Server.call(RPC.java:1093) [hadoop-common-3.3.1.jar:?]
	at org.apache.hadoop.ipc.Server$RpcCall.run(Server.java:1035) [hadoop-common-3.3.1.jar:?]
	at org.apache.hadoop.ipc.Server$RpcCall.run(Server.java:963) [hadoop-common-3.3.1.jar:?]
	at java.security.AccessController.doPrivileged(Native Method) ~[?:1.8.0_332]
	at javax.security.auth.Subject.doAs(Subject.java:422) [?:1.8.0_332]
	at org.apache.hadoop.security.UserGroupInformation.doAs(UserGroupInformation.java:1878) [hadoop-common-3.3.1.jar:?]
	at org.apache.hadoop.ipc.Server$Handler.run(Server.java:2966) [hadoop-common-3.3.1.jar:?]
13:05:08.622 [IPC Server handler 6 on default port 33959] ERROR OMAudit - user=runner | ip=127.0.0.1 | op=GET_FILE_STATUS {volume=volume58940, bucket=bucket47939, key=gdir1/dir8/child, dataSize=0, replicationConfig=null} | ret=FAILURE
org.apache.hadoop.ozone.om.exceptions.OMException: Unable to get file status: volume: volume58940 bucket: bucket47939 key: gdir1/dir8/child
	at org.apache.hadoop.ozone.om.KeyManagerImpl.getOzoneFileStatus(KeyManagerImpl.java:1283) ~[ozone-manager-1.3.0-SNAPSHOT.jar:?]
	at org.apache.hadoop.ozone.om.KeyManagerImpl.getFileStatus(KeyManagerImpl.java:1213) ~[ozone-manager-1.3.0-SNAPSHOT.jar:?]
	at org.apache.hadoop.ozone.om.OzoneManager.getFileStatus(OzoneManager.java:3419) ~[ozone-manager-1.3.0-SNAPSHOT.jar:?]
	at org.apache.hadoop.ozone.protocolPB.OzoneManagerRequestHandler.getOzoneFileStatus(OzoneManagerRequestHandler.java:871) ~[ozone-manager-1.3.0-SNAPSHOT.jar:?]
	at org.apache.hadoop.ozone.protocolPB.OzoneManagerRequestHandler.handleReadRequest(OzoneManagerRequestHandler.java:217) ~[ozone-manager-1.3.0-SNAPSHOT.jar:?]
	at org.apache.hadoop.ozone.protocolPB.OzoneManagerProtocolServerSideTranslatorPB.submitReadRequestToOM(OzoneManagerProtocolServerSideTranslatorPB.java:225) ~[ozone-manager-1.3.0-SNAPSHOT.jar:?]
	at org.apache.hadoop.ozone.protocolPB.OzoneManagerProtocolServerSideTranslatorPB.processRequest(OzoneManagerProtocolServerSideTranslatorPB.java:175) ~[ozone-manager-1.3.0-SNAPSHOT.jar:?]
	at org.apache.hadoop.hdds.server.OzoneProtocolMessageDispatcher.processRequest(OzoneProtocolMessageDispatcher.java:87) [hdds-server-framework-1.3.0-SNAPSHOT.jar:?]
	at org.apache.hadoop.ozone.protocolPB.OzoneManagerProtocolServerSideTranslatorPB.submitRequest(OzoneManagerProtocolServerSideTranslatorPB.java:147) [ozone-manager-1.3.0-SNAPSHOT.jar:?]
	at org.apache.hadoop.ozone.protocol.proto.OzoneManagerProtocolProtos$OzoneManagerService$2.callBlockingMethod(OzoneManagerProtocolProtos.java) [ozone-interface-client-1.3.0-SNAPSHOT.jar:?]
	at org.apache.hadoop.ipc.ProtobufRpcEngine$Server.processCall(ProtobufRpcEngine.java:466) [hadoop-common-3.3.1.jar:?]
	at org.apache.hadoop.ipc.ProtobufRpcEngine2$Server$ProtoBufRpcInvoker.call(ProtobufRpcEngine2.java:574) [hadoop-common-3.3.1.jar:?]
	at org.apache.hadoop.ipc.ProtobufRpcEngine2$Server$ProtoBufRpcInvoker.call(ProtobufRpcEngine2.java:552) [hadoop-common-3.3.1.jar:?]
	at org.apache.hadoop.ipc.RPC$Server.call(RPC.java:1093) [hadoop-common-3.3.1.jar:?]
	at org.apache.hadoop.ipc.Server$RpcCall.run(Server.java:1035) [hadoop-common-3.3.1.jar:?]
	at org.apache.hadoop.ipc.Server$RpcCall.run(Server.java:963) [hadoop-common-3.3.1.jar:?]
	at java.security.AccessController.doPrivileged(Native Method) ~[?:1.8.0_332]
	at javax.security.auth.Subject.doAs(Subject.java:422) [?:1.8.0_332]
	at org.apache.hadoop.security.UserGroupInformation.doAs(UserGroupInformation.java:1878) [hadoop-common-3.3.1.jar:?]
	at org.apache.hadoop.ipc.Server$Handler.run(Server.java:2966) [hadoop-common-3.3.1.jar:?]
13:05:08.625 [IPC Server handler 11 on default port 33959] ERROR OMAudit - user=runner | ip=127.0.0.1 | op=GET_FILE_STATUS {volume=volume58940, bucket=bucket47939, key=gdir1/dir9, dataSize=0, replicationConfig=null} | ret=FAILURE
org.apache.hadoop.ozone.om.exceptions.OMException: Unable to get file status: volume: volume58940 bucket: bucket47939 key: gdir1/dir9
	at org.apache.hadoop.ozone.om.KeyManagerImpl.getOzoneFileStatus(KeyManagerImpl.java:1283) ~[ozone-manager-1.3.0-SNAPSHOT.jar:?]
	at org.apache.hadoop.ozone.om.KeyManagerImpl.getFileStatus(KeyManagerImpl.java:1213) ~[ozone-manager-1.3.0-SNAPSHOT.jar:?]
	at org.apache.hadoop.ozone.om.OzoneManager.getFileStatus(OzoneManager.java:3419) ~[ozone-manager-1.3.0-SNAPSHOT.jar:?]
	at org.apache.hadoop.ozone.protocolPB.OzoneManagerRequestHandler.getOzoneFileStatus(OzoneManagerRequestHandler.java:871) ~[ozone-manager-1.3.0-SNAPSHOT.jar:?]
	at org.apache.hadoop.ozone.protocolPB.OzoneManagerRequestHandler.handleReadRequest(OzoneManagerRequestHandler.java:217) ~[ozone-manager-1.3.0-SNAPSHOT.jar:?]
	at org.apache.hadoop.ozone.protocolPB.OzoneManagerProtocolServerSideTranslatorPB.submitReadRequestToOM(OzoneManagerProtocolServerSideTranslatorPB.java:225) ~[ozone-manager-1.3.0-SNAPSHOT.jar:?]
	at org.apache.hadoop.ozone.protocolPB.OzoneManagerProtocolServerSideTranslatorPB.processRequest(OzoneManagerProtocolServerSideTranslatorPB.java:175) ~[ozone-manager-1.3.0-SNAPSHOT.jar:?]
	at org.apache.hadoop.hdds.server.OzoneProtocolMessageDispatcher.processRequest(OzoneProtocolMessageDispatcher.java:87) [hdds-server-framework-1.3.0-SNAPSHOT.jar:?]
	at org.apache.hadoop.ozone.protocolPB.OzoneManagerProtocolServerSideTranslatorPB.submitRequest(OzoneManagerProtocolServerSideTranslatorPB.java:147) [ozone-manager-1.3.0-SNAPSHOT.jar:?]
	at org.apache.hadoop.ozone.protocol.proto.OzoneManagerProtocolProtos$OzoneManagerService$2.callBlockingMethod(OzoneManagerProtocolProtos.java) [ozone-interface-client-1.3.0-SNAPSHOT.jar:?]
	at org.apache.hadoop.ipc.ProtobufRpcEngine$Server.processCall(ProtobufRpcEngine.java:466) [hadoop-common-3.3.1.jar:?]
	at org.apache.hadoop.ipc.ProtobufRpcEngine2$Server$ProtoBufRpcInvoker.call(ProtobufRpcEngine2.java:574) [hadoop-common-3.3.1.jar:?]
	at org.apache.hadoop.ipc.ProtobufRpcEngine2$Server$ProtoBufRpcInvoker.call(ProtobufRpcEngine2.java:552) [hadoop-common-3.3.1.jar:?]
	at org.apache.hadoop.ipc.RPC$Server.call(RPC.java:1093) [hadoop-common-3.3.1.jar:?]
	at org.apache.hadoop.ipc.Server$RpcCall.run(Server.java:1035) [hadoop-common-3.3.1.jar:?]
	at org.apache.hadoop.ipc.Server$RpcCall.run(Server.java:963) [hadoop-common-3.3.1.jar:?]
	at java.security.AccessController.doPrivileged(Native Method) ~[?:1.8.0_332]
	at javax.security.auth.Subject.doAs(Subject.java:422) [?:1.8.0_332]
	at org.apache.hadoop.security.UserGroupInformation.doAs(UserGroupInformation.java:1878) [hadoop-common-3.3.1.jar:?]
	at org.apache.hadoop.ipc.Server$Handler.run(Server.java:2966) [hadoop-common-3.3.1.jar:?]
13:05:08.626 [IPC Server handler 9 on default port 33959] ERROR OMAudit - user=runner | ip=127.0.0.1 | op=GET_FILE_STATUS {volume=volume58940, bucket=bucket47939, key=gdir1/dir9/child, dataSize=0, replicationConfig=null} | ret=FAILURE
org.apache.hadoop.ozone.om.exceptions.OMException: Unable to get file status: volume: volume58940 bucket: bucket47939 key: gdir1/dir9/child
	at org.apache.hadoop.ozone.om.KeyManagerImpl.getOzoneFileStatus(KeyManagerImpl.java:1283) ~[ozone-manager-1.3.0-SNAPSHOT.jar:?]
	at org.apache.hadoop.ozone.om.KeyManagerImpl.getFileStatus(KeyManagerImpl.java:1213) ~[ozone-manager-1.3.0-SNAPSHOT.jar:?]
	at org.apache.hadoop.ozone.om.OzoneManager.getFileStatus(OzoneManager.java:3419) ~[ozone-manager-1.3.0-SNAPSHOT.jar:?]
	at org.apache.hadoop.ozone.protocolPB.OzoneManagerRequestHandler.getOzoneFileStatus(OzoneManagerRequestHandler.java:871) ~[ozone-manager-1.3.0-SNAPSHOT.jar:?]
	at org.apache.hadoop.ozone.protocolPB.OzoneManagerRequestHandler.handleReadRequest(OzoneManagerRequestHandler.java:217) ~[ozone-manager-1.3.0-SNAPSHOT.jar:?]
	at org.apache.hadoop.ozone.protocolPB.OzoneManagerProtocolServerSideTranslatorPB.submitReadRequestToOM(OzoneManagerProtocolServerSideTranslatorPB.java:225) ~[ozone-manager-1.3.0-SNAPSHOT.jar:?]
	at org.apache.hadoop.ozone.protocolPB.OzoneManagerProtocolServerSideTranslatorPB.processRequest(OzoneManagerProtocolServerSideTranslatorPB.java:175) ~[ozone-manager-1.3.0-SNAPSHOT.jar:?]
	at org.apache.hadoop.hdds.server.OzoneProtocolMessageDispatcher.processRequest(OzoneProtocolMessageDispatcher.java:87) [hdds-server-framework-1.3.0-SNAPSHOT.jar:?]
	at org.apache.hadoop.ozone.protocolPB.OzoneManagerProtocolServerSideTranslatorPB.submitRequest(OzoneManagerProtocolServerSideTranslatorPB.java:147) [ozone-manager-1.3.0-SNAPSHOT.jar:?]
	at org.apache.hadoop.ozone.protocol.proto.OzoneManagerProtocolProtos$OzoneManagerService$2.callBlockingMethod(OzoneManagerProtocolProtos.java) [ozone-interface-client-1.3.0-SNAPSHOT.jar:?]
	at org.apache.hadoop.ipc.ProtobufRpcEngine$Server.processCall(ProtobufRpcEngine.java:466) [hadoop-common-3.3.1.jar:?]
	at org.apache.hadoop.ipc.ProtobufRpcEngine2$Server$ProtoBufRpcInvoker.call(ProtobufRpcEngine2.java:574) [hadoop-common-3.3.1.jar:?]
	at org.apache.hadoop.ipc.ProtobufRpcEngine2$Server$ProtoBufRpcInvoker.call(ProtobufRpcEngine2.java:552) [hadoop-common-3.3.1.jar:?]
	at org.apache.hadoop.ipc.RPC$Server.call(RPC.java:1093) [hadoop-common-3.3.1.jar:?]
	at org.apache.hadoop.ipc.Server$RpcCall.run(Server.java:1035) [hadoop-common-3.3.1.jar:?]
	at org.apache.hadoop.ipc.Server$RpcCall.run(Server.java:963) [hadoop-common-3.3.1.jar:?]
	at java.security.AccessController.doPrivileged(Native Method) ~[?:1.8.0_332]
	at javax.security.auth.Subject.doAs(Subject.java:422) [?:1.8.0_332]
	at org.apache.hadoop.security.UserGroupInformation.doAs(UserGroupInformation.java:1878) [hadoop-common-3.3.1.jar:?]
	at org.apache.hadoop.ipc.Server$Handler.run(Server.java:2966) [hadoop-common-3.3.1.jar:?]
13:05:08.627 [IPC Server handler 10 on default port 33959] ERROR OMAudit - user=runner | ip=127.0.0.1 | op=GET_FILE_STATUS {volume=volume58940, bucket=bucket47939, key=gdir1/dir10, dataSize=0, replicationConfig=null} | ret=FAILURE
org.apache.hadoop.ozone.om.exceptions.OMException: Unable to get file status: volume: volume58940 bucket: bucket47939 key: gdir1/dir10
	at org.apache.hadoop.ozone.om.KeyManagerImpl.getOzoneFileStatus(KeyManagerImpl.java:1283) ~[ozone-manager-1.3.0-SNAPSHOT.jar:?]
	at org.apache.hadoop.ozone.om.KeyManagerImpl.getFileStatus(KeyManagerImpl.java:1213) ~[ozone-manager-1.3.0-SNAPSHOT.jar:?]
	at org.apache.hadoop.ozone.om.OzoneManager.getFileStatus(OzoneManager.java:3419) ~[ozone-manager-1.3.0-SNAPSHOT.jar:?]
	at org.apache.hadoop.ozone.protocolPB.OzoneManagerRequestHandler.getOzoneFileStatus(OzoneManagerRequestHandler.java:871) ~[ozone-manager-1.3.0-SNAPSHOT.jar:?]
	at org.apache.hadoop.ozone.protocolPB.OzoneManagerRequestHandler.handleReadRequest(OzoneManagerRequestHandler.java:217) ~[ozone-manager-1.3.0-SNAPSHOT.jar:?]
	at org.apache.hadoop.ozone.protocolPB.OzoneManagerProtocolServerSideTranslatorPB.submitReadRequestToOM(OzoneManagerProtocolServerSideTranslatorPB.java:225) ~[ozone-manager-1.3.0-SNAPSHOT.jar:?]
	at org.apache.hadoop.ozone.protocolPB.OzoneManagerProtocolServerSideTranslatorPB.processRequest(OzoneManagerProtocolServerSideTranslatorPB.java:175) ~[ozone-manager-1.3.0-SNAPSHOT.jar:?]
	at org.apache.hadoop.hdds.server.OzoneProtocolMessageDispatcher.processRequest(OzoneProtocolMessageDispatcher.java:87) [hdds-server-framework-1.3.0-SNAPSHOT.jar:?]
	at org.apache.hadoop.ozone.protocolPB.OzoneManagerProtocolServerSideTranslatorPB.submitRequest(OzoneManagerProtocolServerSideTranslatorPB.java:147) [ozone-manager-1.3.0-SNAPSHOT.jar:?]
	at org.apache.hadoop.ozone.protocol.proto.OzoneManagerProtocolProtos$OzoneManagerService$2.callBlockingMethod(OzoneManagerProtocolProtos.java) [ozone-interface-client-1.3.0-SNAPSHOT.jar:?]
	at org.apache.hadoop.ipc.ProtobufRpcEngine$Server.processCall(ProtobufRpcEngine.java:466) [hadoop-common-3.3.1.jar:?]
	at org.apache.hadoop.ipc.ProtobufRpcEngine2$Server$ProtoBufRpcInvoker.call(ProtobufRpcEngine2.java:574) [hadoop-common-3.3.1.jar:?]
	at org.apache.hadoop.ipc.ProtobufRpcEngine2$Server$ProtoBufRpcInvoker.call(ProtobufRpcEngine2.java:552) [hadoop-common-3.3.1.jar:?]
	at org.apache.hadoop.ipc.RPC$Server.call(RPC.java:1093) [hadoop-common-3.3.1.jar:?]
	at org.apache.hadoop.ipc.Server$RpcCall.run(Server.java:1035) [hadoop-common-3.3.1.jar:?]
	at org.apache.hadoop.ipc.Server$RpcCall.run(Server.java:963) [hadoop-common-3.3.1.jar:?]
	at java.security.AccessController.doPrivileged(Native Method) ~[?:1.8.0_332]
	at javax.security.auth.Subject.doAs(Subject.java:422) [?:1.8.0_332]
	at org.apache.hadoop.security.UserGroupInformation.doAs(UserGroupInformation.java:1878) [hadoop-common-3.3.1.jar:?]
	at org.apache.hadoop.ipc.Server$Handler.run(Server.java:2966) [hadoop-common-3.3.1.jar:?]
13:05:08.628 [IPC Server handler 15 on default port 33959] ERROR OMAudit - user=runner | ip=127.0.0.1 | op=GET_FILE_STATUS {volume=volume58940, bucket=bucket47939, key=gdir1/dir10/child, dataSize=0, replicationConfig=null} | ret=FAILURE
org.apache.hadoop.ozone.om.exceptions.OMException: Unable to get file status: volume: volume58940 bucket: bucket47939 key: gdir1/dir10/child
	at org.apache.hadoop.ozone.om.KeyManagerImpl.getOzoneFileStatus(KeyManagerImpl.java:1283) ~[ozone-manager-1.3.0-SNAPSHOT.jar:?]
	at org.apache.hadoop.ozone.om.KeyManagerImpl.getFileStatus(KeyManagerImpl.java:1213) ~[ozone-manager-1.3.0-SNAPSHOT.jar:?]
	at org.apache.hadoop.ozone.om.OzoneManager.getFileStatus(OzoneManager.java:3419) ~[ozone-manager-1.3.0-SNAPSHOT.jar:?]
	at org.apache.hadoop.ozone.protocolPB.OzoneManagerRequestHandler.getOzoneFileStatus(OzoneManagerRequestHandler.java:871) ~[ozone-manager-1.3.0-SNAPSHOT.jar:?]
	at org.apache.hadoop.ozone.protocolPB.OzoneManagerRequestHandler.handleReadRequest(OzoneManagerRequestHandler.java:217) ~[ozone-manager-1.3.0-SNAPSHOT.jar:?]
	at org.apache.hadoop.ozone.protocolPB.OzoneManagerProtocolServerSideTranslatorPB.submitReadRequestToOM(OzoneManagerProtocolServerSideTranslatorPB.java:225) ~[ozone-manager-1.3.0-SNAPSHOT.jar:?]
	at org.apache.hadoop.ozone.protocolPB.OzoneManagerProtocolServerSideTranslatorPB.processRequest(OzoneManagerProtocolServerSideTranslatorPB.java:175) ~[ozone-manager-1.3.0-SNAPSHOT.jar:?]
	at org.apache.hadoop.hdds.server.OzoneProtocolMessageDispatcher.processRequest(OzoneProtocolMessageDispatcher.java:87) [hdds-server-framework-1.3.0-SNAPSHOT.jar:?]
	at org.apache.hadoop.ozone.protocolPB.OzoneManagerProtocolServerSideTranslatorPB.submitRequest(OzoneManagerProtocolServerSideTranslatorPB.java:147) [ozone-manager-1.3.0-SNAPSHOT.jar:?]
	at org.apache.hadoop.ozone.protocol.proto.OzoneManagerProtocolProtos$OzoneManagerService$2.callBlockingMethod(OzoneManagerProtocolProtos.java) [ozone-interface-client-1.3.0-SNAPSHOT.jar:?]
	at org.apache.hadoop.ipc.ProtobufRpcEngine$Server.processCall(ProtobufRpcEngine.java:466) [hadoop-common-3.3.1.jar:?]
	at org.apache.hadoop.ipc.ProtobufRpcEngine2$Server$ProtoBufRpcInvoker.call(ProtobufRpcEngine2.java:574) [hadoop-common-3.3.1.jar:?]
	at org.apache.hadoop.ipc.ProtobufRpcEngine2$Server$ProtoBufRpcInvoker.call(ProtobufRpcEngine2.java:552) [hadoop-common-3.3.1.jar:?]
	at org.apache.hadoop.ipc.RPC$Server.call(RPC.java:1093) [hadoop-common-3.3.1.jar:?]
	at org.apache.hadoop.ipc.Server$RpcCall.run(Server.java:1035) [hadoop-common-3.3.1.jar:?]
	at org.apache.hadoop.ipc.Server$RpcCall.run(Server.java:963) [hadoop-common-3.3.1.jar:?]
	at java.security.AccessController.doPrivileged(Native Method) ~[?:1.8.0_332]
	at javax.security.auth.Subject.doAs(Subject.java:422) [?:1.8.0_332]
	at org.apache.hadoop.security.UserGroupInformation.doAs(UserGroupInformation.java:1878) [hadoop-common-3.3.1.jar:?]
	at org.apache.hadoop.ipc.Server$Handler.run(Server.java:2966) [hadoop-common-3.3.1.jar:?]
13:05:08.734 [IPC Server handler 4 on default port 33959] ERROR OMAudit - user=runner | ip=127.0.0.1 | op=GET_FILE_STATUS {volume=volume58940, bucket=bucket47939, key=level0, dataSize=0, replicationConfig=null} | ret=FAILURE
org.apache.hadoop.ozone.om.exceptions.OMException: Unable to get file status: volume: volume58940 bucket: bucket47939 key: level0
	at org.apache.hadoop.ozone.om.KeyManagerImpl.getOzoneFileStatus(KeyManagerImpl.java:1283) ~[ozone-manager-1.3.0-SNAPSHOT.jar:?]
	at org.apache.hadoop.ozone.om.KeyManagerImpl.getFileStatus(KeyManagerImpl.java:1213) ~[ozone-manager-1.3.0-SNAPSHOT.jar:?]
	at org.apache.hadoop.ozone.om.OzoneManager.getFileStatus(OzoneManager.java:3419) ~[ozone-manager-1.3.0-SNAPSHOT.jar:?]
	at org.apache.hadoop.ozone.protocolPB.OzoneManagerRequestHandler.getOzoneFileStatus(OzoneManagerRequestHandler.java:871) ~[ozone-manager-1.3.0-SNAPSHOT.jar:?]
	at org.apache.hadoop.ozone.protocolPB.OzoneManagerRequestHandler.handleReadRequest(OzoneManagerRequestHandler.java:217) ~[ozone-manager-1.3.0-SNAPSHOT.jar:?]
	at org.apache.hadoop.ozone.protocolPB.OzoneManagerProtocolServerSideTranslatorPB.submitReadRequestToOM(OzoneManagerProtocolServerSideTranslatorPB.java:225) ~[ozone-manager-1.3.0-SNAPSHOT.jar:?]
	at org.apache.hadoop.ozone.protocolPB.OzoneManagerProtocolServerSideTranslatorPB.processRequest(OzoneManagerProtocolServerSideTranslatorPB.java:175) ~[ozone-manager-1.3.0-SNAPSHOT.jar:?]
	at org.apache.hadoop.hdds.server.OzoneProtocolMessageDispatcher.processRequest(OzoneProtocolMessageDispatcher.java:87) [hdds-server-framework-1.3.0-SNAPSHOT.jar:?]
	at org.apache.hadoop.ozone.protocolPB.OzoneManagerProtocolServerSideTranslatorPB.submitRequest(OzoneManagerProtocolServerSideTranslatorPB.java:147) [ozone-manager-1.3.0-SNAPSHOT.jar:?]
	at org.apache.hadoop.ozone.protocol.proto.OzoneManagerProtocolProtos$OzoneManagerService$2.callBlockingMethod(OzoneManagerProtocolProtos.java) [ozone-interface-client-1.3.0-SNAPSHOT.jar:?]
	at org.apache.hadoop.ipc.ProtobufRpcEngine$Server.processCall(ProtobufRpcEngine.java:466) [hadoop-common-3.3.1.jar:?]
	at org.apache.hadoop.ipc.ProtobufRpcEngine2$Server$ProtoBufRpcInvoker.call(ProtobufRpcEngine2.java:574) [hadoop-common-3.3.1.jar:?]
	at org.apache.hadoop.ipc.ProtobufRpcEngine2$Server$ProtoBufRpcInvoker.call(ProtobufRpcEngine2.java:552) [hadoop-common-3.3.1.jar:?]
	at org.apache.hadoop.ipc.RPC$Server.call(RPC.java:1093) [hadoop-common-3.3.1.jar:?]
	at org.apache.hadoop.ipc.Server$RpcCall.run(Server.java:1035) [hadoop-common-3.3.1.jar:?]
	at org.apache.hadoop.ipc.Server$RpcCall.run(Server.java:963) [hadoop-common-3.3.1.jar:?]
	at java.security.AccessController.doPrivileged(Native Method) ~[?:1.8.0_332]
	at javax.security.auth.Subject.doAs(Subject.java:422) [?:1.8.0_332]
	at org.apache.hadoop.security.UserGroupInformation.doAs(UserGroupInformation.java:1878) [hadoop-common-3.3.1.jar:?]
	at org.apache.hadoop.ipc.Server$Handler.run(Server.java:2966) [hadoop-common-3.3.1.jar:?]
13:05:08.736 [IPC Server handler 5 on default port 33959] ERROR OMAudit - user=runner | ip=127.0.0.1 | op=GET_FILE_STATUS {volume=volume58940, bucket=bucket47939, key=level0/level1, dataSize=0, replicationConfig=null} | ret=FAILURE
org.apache.hadoop.ozone.om.exceptions.OMException: Unable to get file status: volume: volume58940 bucket: bucket47939 key: level0/level1
	at org.apache.hadoop.ozone.om.KeyManagerImpl.getOzoneFileStatus(KeyManagerImpl.java:1283) ~[ozone-manager-1.3.0-SNAPSHOT.jar:?]
	at org.apache.hadoop.ozone.om.KeyManagerImpl.getFileStatus(KeyManagerImpl.java:1213) ~[ozone-manager-1.3.0-SNAPSHOT.jar:?]
	at org.apache.hadoop.ozone.om.OzoneManager.getFileStatus(OzoneManager.java:3419) ~[ozone-manager-1.3.0-SNAPSHOT.jar:?]
	at org.apache.hadoop.ozone.protocolPB.OzoneManagerRequestHandler.getOzoneFileStatus(OzoneManagerRequestHandler.java:871) ~[ozone-manager-1.3.0-SNAPSHOT.jar:?]
	at org.apache.hadoop.ozone.protocolPB.OzoneManagerRequestHandler.handleReadRequest(OzoneManagerRequestHandler.java:217) ~[ozone-manager-1.3.0-SNAPSHOT.jar:?]
	at org.apache.hadoop.ozone.protocolPB.OzoneManagerProtocolServerSideTranslatorPB.submitReadRequestToOM(OzoneManagerProtocolServerSideTranslatorPB.java:225) ~[ozone-manager-1.3.0-SNAPSHOT.jar:?]
	at org.apache.hadoop.ozone.protocolPB.OzoneManagerProtocolServerSideTranslatorPB.processRequest(OzoneManagerProtocolServerSideTranslatorPB.java:175) ~[ozone-manager-1.3.0-SNAPSHOT.jar:?]
	at org.apache.hadoop.hdds.server.OzoneProtocolMessageDispatcher.processRequest(OzoneProtocolMessageDispatcher.java:87) [hdds-server-framework-1.3.0-SNAPSHOT.jar:?]
	at org.apache.hadoop.ozone.protocolPB.OzoneManagerProtocolServerSideTranslatorPB.submitRequest(OzoneManagerProtocolServerSideTranslatorPB.java:147) [ozone-manager-1.3.0-SNAPSHOT.jar:?]
	at org.apache.hadoop.ozone.protocol.proto.OzoneManagerProtocolProtos$OzoneManagerService$2.callBlockingMethod(OzoneManagerProtocolProtos.java) [ozone-interface-client-1.3.0-SNAPSHOT.jar:?]
	at org.apache.hadoop.ipc.ProtobufRpcEngine$Server.processCall(ProtobufRpcEngine.java:466) [hadoop-common-3.3.1.jar:?]
	at org.apache.hadoop.ipc.ProtobufRpcEngine2$Server$ProtoBufRpcInvoker.call(ProtobufRpcEngine2.java:574) [hadoop-common-3.3.1.jar:?]
	at org.apache.hadoop.ipc.ProtobufRpcEngine2$Server$ProtoBufRpcInvoker.call(ProtobufRpcEngine2.java:552) [hadoop-common-3.3.1.jar:?]
	at org.apache.hadoop.ipc.RPC$Server.call(RPC.java:1093) [hadoop-common-3.3.1.jar:?]
	at org.apache.hadoop.ipc.Server$RpcCall.run(Server.java:1035) [hadoop-common-3.3.1.jar:?]
	at org.apache.hadoop.ipc.Server$RpcCall.run(Server.java:963) [hadoop-common-3.3.1.jar:?]
	at java.security.AccessController.doPrivileged(Native Method) ~[?:1.8.0_332]
	at javax.security.auth.Subject.doAs(Subject.java:422) [?:1.8.0_332]
	at org.apache.hadoop.security.UserGroupInformation.doAs(UserGroupInformation.java:1878) [hadoop-common-3.3.1.jar:?]
	at org.apache.hadoop.ipc.Server$Handler.run(Server.java:2966) [hadoop-common-3.3.1.jar:?]
13:05:08.737 [IPC Server handler 6 on default port 33959] ERROR OMAudit - user=runner | ip=127.0.0.1 | op=GET_FILE_STATUS {volume=volume58940, bucket=bucket47939, key=level0/level1/level1, dataSize=0, replicationConfig=null} | ret=FAILURE
org.apache.hadoop.ozone.om.exceptions.OMException: Unable to get file status: volume: volume58940 bucket: bucket47939 key: level0/level1/level1
	at org.apache.hadoop.ozone.om.KeyManagerImpl.getOzoneFileStatus(KeyManagerImpl.java:1283) ~[ozone-manager-1.3.0-SNAPSHOT.jar:?]
	at org.apache.hadoop.ozone.om.KeyManagerImpl.getFileStatus(KeyManagerImpl.java:1213) ~[ozone-manager-1.3.0-SNAPSHOT.jar:?]
	at org.apache.hadoop.ozone.om.OzoneManager.getFileStatus(OzoneManager.java:3419) ~[ozone-manager-1.3.0-SNAPSHOT.jar:?]
	at org.apache.hadoop.ozone.protocolPB.OzoneManagerRequestHandler.getOzoneFileStatus(OzoneManagerRequestHandler.java:871) ~[ozone-manager-1.3.0-SNAPSHOT.jar:?]
	at org.apache.hadoop.ozone.protocolPB.OzoneManagerRequestHandler.handleReadRequest(OzoneManagerRequestHandler.java:217) ~[ozone-manager-1.3.0-SNAPSHOT.jar:?]
	at org.apache.hadoop.ozone.protocolPB.OzoneManagerProtocolServerSideTranslatorPB.submitReadRequestToOM(OzoneManagerProtocolServerSideTranslatorPB.java:225) ~[ozone-manager-1.3.0-SNAPSHOT.jar:?]
	at org.apache.hadoop.ozone.protocolPB.OzoneManagerProtocolServerSideTranslatorPB.processRequest(OzoneManagerProtocolServerSideTranslatorPB.java:175) ~[ozone-manager-1.3.0-SNAPSHOT.jar:?]
	at org.apache.hadoop.hdds.server.OzoneProtocolMessageDispatcher.processRequest(OzoneProtocolMessageDispatcher.java:87) [hdds-server-framework-1.3.0-SNAPSHOT.jar:?]
	at org.apache.hadoop.ozone.protocolPB.OzoneManagerProtocolServerSideTranslatorPB.submitRequest(OzoneManagerProtocolServerSideTranslatorPB.java:147) [ozone-manager-1.3.0-SNAPSHOT.jar:?]
	at org.apache.hadoop.ozone.protocol.proto.OzoneManagerProtocolProtos$OzoneManagerService$2.callBlockingMethod(OzoneManagerProtocolProtos.java) [ozone-interface-client-1.3.0-SNAPSHOT.jar:?]
	at org.apache.hadoop.ipc.ProtobufRpcEngine$Server.processCall(ProtobufRpcEngine.java:466) [hadoop-common-3.3.1.jar:?]
	at org.apache.hadoop.ipc.ProtobufRpcEngine2$Server$ProtoBufRpcInvoker.call(ProtobufRpcEngine2.java:574) [hadoop-common-3.3.1.jar:?]
	at org.apache.hadoop.ipc.ProtobufRpcEngine2$Server$ProtoBufRpcInvoker.call(ProtobufRpcEngine2.java:552) [hadoop-common-3.3.1.jar:?]
	at org.apache.hadoop.ipc.RPC$Server.call(RPC.java:1093) [hadoop-common-3.3.1.jar:?]
	at org.apache.hadoop.ipc.Server$RpcCall.run(Server.java:1035) [hadoop-common-3.3.1.jar:?]
	at org.apache.hadoop.ipc.Server$RpcCall.run(Server.java:963) [hadoop-common-3.3.1.jar:?]
	at java.security.AccessController.doPrivileged(Native Method) ~[?:1.8.0_332]
	at javax.security.auth.Subject.doAs(Subject.java:422) [?:1.8.0_332]
	at org.apache.hadoop.security.UserGroupInformation.doAs(UserGroupInformation.java:1878) [hadoop-common-3.3.1.jar:?]
	at org.apache.hadoop.ipc.Server$Handler.run(Server.java:2966) [hadoop-common-3.3.1.jar:?]
13:05:08.738 [IPC Server handler 11 on default port 33959] ERROR OMAudit - user=runner | ip=127.0.0.1 | op=GET_FILE_STATUS {volume=volume58940, bucket=bucket47939, key=level0/level1/file1, dataSize=0, replicationConfig=null} | ret=FAILURE
org.apache.hadoop.ozone.om.exceptions.OMException: Unable to get file status: volume: volume58940 bucket: bucket47939 key: level0/level1/file1
	at org.apache.hadoop.ozone.om.KeyManagerImpl.getOzoneFileStatus(KeyManagerImpl.java:1283) ~[ozone-manager-1.3.0-SNAPSHOT.jar:?]
	at org.apache.hadoop.ozone.om.KeyManagerImpl.getFileStatus(KeyManagerImpl.java:1213) ~[ozone-manager-1.3.0-SNAPSHOT.jar:?]
	at org.apache.hadoop.ozone.om.OzoneManager.getFileStatus(OzoneManager.java:3419) ~[ozone-manager-1.3.0-SNAPSHOT.jar:?]
	at org.apache.hadoop.ozone.protocolPB.OzoneManagerRequestHandler.getOzoneFileStatus(OzoneManagerRequestHandler.java:871) ~[ozone-manager-1.3.0-SNAPSHOT.jar:?]
	at org.apache.hadoop.ozone.protocolPB.OzoneManagerRequestHandler.handleReadRequest(OzoneManagerRequestHandler.java:217) ~[ozone-manager-1.3.0-SNAPSHOT.jar:?]
	at org.apache.hadoop.ozone.protocolPB.OzoneManagerProtocolServerSideTranslatorPB.submitReadRequestToOM(OzoneManagerProtocolServerSideTranslatorPB.java:225) ~[ozone-manager-1.3.0-SNAPSHOT.jar:?]
	at org.apache.hadoop.ozone.protocolPB.OzoneManagerProtocolServerSideTranslatorPB.processRequest(OzoneManagerProtocolServerSideTranslatorPB.java:175) ~[ozone-manager-1.3.0-SNAPSHOT.jar:?]
	at org.apache.hadoop.hdds.server.OzoneProtocolMessageDispatcher.processRequest(OzoneProtocolMessageDispatcher.java:87) [hdds-server-framework-1.3.0-SNAPSHOT.jar:?]
	at org.apache.hadoop.ozone.protocolPB.OzoneManagerProtocolServerSideTranslatorPB.submitRequest(OzoneManagerProtocolServerSideTranslatorPB.java:147) [ozone-manager-1.3.0-SNAPSHOT.jar:?]
	at org.apache.hadoop.ozone.protocol.proto.OzoneManagerProtocolProtos$OzoneManagerService$2.callBlockingMethod(OzoneManagerProtocolProtos.java) [ozone-interface-client-1.3.0-SNAPSHOT.jar:?]
	at org.apache.hadoop.ipc.ProtobufRpcEngine$Server.processCall(ProtobufRpcEngine.java:466) [hadoop-common-3.3.1.jar:?]
	at org.apache.hadoop.ipc.ProtobufRpcEngine2$Server$ProtoBufRpcInvoker.call(ProtobufRpcEngine2.java:574) [hadoop-common-3.3.1.jar:?]
	at org.apache.hadoop.ipc.ProtobufRpcEngine2$Server$ProtoBufRpcInvoker.call(ProtobufRpcEngine2.java:552) [hadoop-common-3.3.1.jar:?]
	at org.apache.hadoop.ipc.RPC$Server.call(RPC.java:1093) [hadoop-common-3.3.1.jar:?]
	at org.apache.hadoop.ipc.Server$RpcCall.run(Server.java:1035) [hadoop-common-3.3.1.jar:?]
	at org.apache.hadoop.ipc.Server$RpcCall.run(Server.java:963) [hadoop-common-3.3.1.jar:?]
	at java.security.AccessController.doPrivileged(Native Method) ~[?:1.8.0_332]
	at javax.security.auth.Subject.doAs(Subject.java:422) [?:1.8.0_332]
	at org.apache.hadoop.security.UserGroupInformation.doAs(UserGroupInformation.java:1878) [hadoop-common-3.3.1.jar:?]
	at org.apache.hadoop.ipc.Server$Handler.run(Server.java:2966) [hadoop-common-3.3.1.jar:?]
13:05:08.739 [IPC Server handler 9 on default port 33959] ERROR OMAudit - user=runner | ip=127.0.0.1 | op=GET_FILE_STATUS {volume=volume58940, bucket=bucket47939, key=level0/level1/level1/file1, dataSize=0, replicationConfig=null} | ret=FAILURE
org.apache.hadoop.ozone.om.exceptions.OMException: Unable to get file status: volume: volume58940 bucket: bucket47939 key: level0/level1/level1/file1
	at org.apache.hadoop.ozone.om.KeyManagerImpl.getOzoneFileStatus(KeyManagerImpl.java:1283) ~[ozone-manager-1.3.0-SNAPSHOT.jar:?]
	at org.apache.hadoop.ozone.om.KeyManagerImpl.getFileStatus(KeyManagerImpl.java:1213) ~[ozone-manager-1.3.0-SNAPSHOT.jar:?]
	at org.apache.hadoop.ozone.om.OzoneManager.getFileStatus(OzoneManager.java:3419) ~[ozone-manager-1.3.0-SNAPSHOT.jar:?]
	at org.apache.hadoop.ozone.protocolPB.OzoneManagerRequestHandler.getOzoneFileStatus(OzoneManagerRequestHandler.java:871) ~[ozone-manager-1.3.0-SNAPSHOT.jar:?]
	at org.apache.hadoop.ozone.protocolPB.OzoneManagerRequestHandler.handleReadRequest(OzoneManagerRequestHandler.java:217) ~[ozone-manager-1.3.0-SNAPSHOT.jar:?]
	at org.apache.hadoop.ozone.protocolPB.OzoneManagerProtocolServerSideTranslatorPB.submitReadRequestToOM(OzoneManagerProtocolServerSideTranslatorPB.java:225) ~[ozone-manager-1.3.0-SNAPSHOT.jar:?]
	at org.apache.hadoop.ozone.protocolPB.OzoneManagerProtocolServerSideTranslatorPB.processRequest(OzoneManagerProtocolServerSideTranslatorPB.java:175) ~[ozone-manager-1.3.0-SNAPSHOT.jar:?]
	at org.apache.hadoop.hdds.server.OzoneProtocolMessageDispatcher.processRequest(OzoneProtocolMessageDispatcher.java:87) [hdds-server-framework-1.3.0-SNAPSHOT.jar:?]
	at org.apache.hadoop.ozone.protocolPB.OzoneManagerProtocolServerSideTranslatorPB.submitRequest(OzoneManagerProtocolServerSideTranslatorPB.java:147) [ozone-manager-1.3.0-SNAPSHOT.jar:?]
	at org.apache.hadoop.ozone.protocol.proto.OzoneManagerProtocolProtos$OzoneManagerService$2.callBlockingMethod(OzoneManagerProtocolProtos.java) [ozone-interface-client-1.3.0-SNAPSHOT.jar:?]
	at org.apache.hadoop.ipc.ProtobufRpcEngine$Server.processCall(ProtobufRpcEngine.java:466) [hadoop-common-3.3.1.jar:?]
	at org.apache.hadoop.ipc.ProtobufRpcEngine2$Server$ProtoBufRpcInvoker.call(ProtobufRpcEngine2.java:574) [hadoop-common-3.3.1.jar:?]
	at org.apache.hadoop.ipc.ProtobufRpcEngine2$Server$ProtoBufRpcInvoker.call(ProtobufRpcEngine2.java:552) [hadoop-common-3.3.1.jar:?]
	at org.apache.hadoop.ipc.RPC$Server.call(RPC.java:1093) [hadoop-common-3.3.1.jar:?]
	at org.apache.hadoop.ipc.Server$RpcCall.run(Server.java:1035) [hadoop-common-3.3.1.jar:?]
	at org.apache.hadoop.ipc.Server$RpcCall.run(Server.java:963) [hadoop-common-3.3.1.jar:?]
	at java.security.AccessController.doPrivileged(Native Method) ~[?:1.8.0_332]
	at javax.security.auth.Subject.doAs(Subject.java:422) [?:1.8.0_332]
	at org.apache.hadoop.security.UserGroupInformation.doAs(UserGroupInformation.java:1878) [hadoop-common-3.3.1.jar:?]
	at org.apache.hadoop.ipc.Server$Handler.run(Server.java:2966) [hadoop-common-3.3.1.jar:?]
13:05:08.741 [IPC Server handler 10 on default port 33959] ERROR OMAudit - user=runner | ip=127.0.0.1 | op=GET_FILE_STATUS {volume=volume58940, bucket=bucket47939, key=level0/level2, dataSize=0, replicationConfig=null} | ret=FAILURE
org.apache.hadoop.ozone.om.exceptions.OMException: Unable to get file status: volume: volume58940 bucket: bucket47939 key: level0/level2
	at org.apache.hadoop.ozone.om.KeyManagerImpl.getOzoneFileStatus(KeyManagerImpl.java:1283) ~[ozone-manager-1.3.0-SNAPSHOT.jar:?]
	at org.apache.hadoop.ozone.om.KeyManagerImpl.getFileStatus(KeyManagerImpl.java:1213) ~[ozone-manager-1.3.0-SNAPSHOT.jar:?]
	at org.apache.hadoop.ozone.om.OzoneManager.getFileStatus(OzoneManager.java:3419) ~[ozone-manager-1.3.0-SNAPSHOT.jar:?]
	at org.apache.hadoop.ozone.protocolPB.OzoneManagerRequestHandler.getOzoneFileStatus(OzoneManagerRequestHandler.java:871) ~[ozone-manager-1.3.0-SNAPSHOT.jar:?]
	at org.apache.hadoop.ozone.protocolPB.OzoneManagerRequestHandler.handleReadRequest(OzoneManagerRequestHandler.java:217) ~[ozone-manager-1.3.0-SNAPSHOT.jar:?]
	at org.apache.hadoop.ozone.protocolPB.OzoneManagerProtocolServerSideTranslatorPB.submitReadRequestToOM(OzoneManagerProtocolServerSideTranslatorPB.java:225) ~[ozone-manager-1.3.0-SNAPSHOT.jar:?]
	at org.apache.hadoop.ozone.protocolPB.OzoneManagerProtocolServerSideTranslatorPB.processRequest(OzoneManagerProtocolServerSideTranslatorPB.java:175) ~[ozone-manager-1.3.0-SNAPSHOT.jar:?]
	at org.apache.hadoop.hdds.server.OzoneProtocolMessageDispatcher.processRequest(OzoneProtocolMessageDispatcher.java:87) [hdds-server-framework-1.3.0-SNAPSHOT.jar:?]
	at org.apache.hadoop.ozone.protocolPB.OzoneManagerProtocolServerSideTranslatorPB.submitRequest(OzoneManagerProtocolServerSideTranslatorPB.java:147) [ozone-manager-1.3.0-SNAPSHOT.jar:?]
	at org.apache.hadoop.ozone.protocol.proto.OzoneManagerProtocolProtos$OzoneManagerService$2.callBlockingMethod(OzoneManagerProtocolProtos.java) [ozone-interface-client-1.3.0-SNAPSHOT.jar:?]
	at org.apache.hadoop.ipc.ProtobufRpcEngine$Server.processCall(ProtobufRpcEngine.java:466) [hadoop-common-3.3.1.jar:?]
	at org.apache.hadoop.ipc.ProtobufRpcEngine2$Server$ProtoBufRpcInvoker.call(ProtobufRpcEngine2.java:574) [hadoop-common-3.3.1.jar:?]
	at org.apache.hadoop.ipc.ProtobufRpcEngine2$Server$ProtoBufRpcInvoker.call(ProtobufRpcEngine2.java:552) [hadoop-common-3.3.1.jar:?]
	at org.apache.hadoop.ipc.RPC$Server.call(RPC.java:1093) [hadoop-common-3.3.1.jar:?]
	at org.apache.hadoop.ipc.Server$RpcCall.run(Server.java:1035) [hadoop-common-3.3.1.jar:?]
	at org.apache.hadoop.ipc.Server$RpcCall.run(Server.java:963) [hadoop-common-3.3.1.jar:?]
	at java.security.AccessController.doPrivileged(Native Method) ~[?:1.8.0_332]
	at javax.security.auth.Subject.doAs(Subject.java:422) [?:1.8.0_332]
	at org.apache.hadoop.security.UserGroupInformation.doAs(UserGroupInformation.java:1878) [hadoop-common-3.3.1.jar:?]
	at org.apache.hadoop.ipc.Server$Handler.run(Server.java:2966) [hadoop-common-3.3.1.jar:?]
13:05:08.742 [IPC Server handler 15 on default port 33959] ERROR OMAudit - user=runner | ip=127.0.0.1 | op=GET_FILE_STATUS {volume=volume58940, bucket=bucket47939, key=level0/level2/level2, dataSize=0, replicationConfig=null} | ret=FAILURE
org.apache.hadoop.ozone.om.exceptions.OMException: Unable to get file status: volume: volume58940 bucket: bucket47939 key: level0/level2/level2
	at org.apache.hadoop.ozone.om.KeyManagerImpl.getOzoneFileStatus(KeyManagerImpl.java:1283) ~[ozone-manager-1.3.0-SNAPSHOT.jar:?]
	at org.apache.hadoop.ozone.om.KeyManagerImpl.getFileStatus(KeyManagerImpl.java:1213) ~[ozone-manager-1.3.0-SNAPSHOT.jar:?]
	at org.apache.hadoop.ozone.om.OzoneManager.getFileStatus(OzoneManager.java:3419) ~[ozone-manager-1.3.0-SNAPSHOT.jar:?]
	at org.apache.hadoop.ozone.protocolPB.OzoneManagerRequestHandler.getOzoneFileStatus(OzoneManagerRequestHandler.java:871) ~[ozone-manager-1.3.0-SNAPSHOT.jar:?]
	at org.apache.hadoop.ozone.protocolPB.OzoneManagerRequestHandler.handleReadRequest(OzoneManagerRequestHandler.java:217) ~[ozone-manager-1.3.0-SNAPSHOT.jar:?]
	at org.apache.hadoop.ozone.protocolPB.OzoneManagerProtocolServerSideTranslatorPB.submitReadRequestToOM(OzoneManagerProtocolServerSideTranslatorPB.java:225) ~[ozone-manager-1.3.0-SNAPSHOT.jar:?]
	at org.apache.hadoop.ozone.protocolPB.OzoneManagerProtocolServerSideTranslatorPB.processRequest(OzoneManagerProtocolServerSideTranslatorPB.java:175) ~[ozone-manager-1.3.0-SNAPSHOT.jar:?]
	at org.apache.hadoop.hdds.server.OzoneProtocolMessageDispatcher.processRequest(OzoneProtocolMessageDispatcher.java:87) [hdds-server-framework-1.3.0-SNAPSHOT.jar:?]
	at org.apache.hadoop.ozone.protocolPB.OzoneManagerProtocolServerSideTranslatorPB.submitRequest(OzoneManagerProtocolServerSideTranslatorPB.java:147) [ozone-manager-1.3.0-SNAPSHOT.jar:?]
	at org.apache.hadoop.ozone.protocol.proto.OzoneManagerProtocolProtos$OzoneManagerService$2.callBlockingMethod(OzoneManagerProtocolProtos.java) [ozone-interface-client-1.3.0-SNAPSHOT.jar:?]
	at org.apache.hadoop.ipc.ProtobufRpcEngine$Server.processCall(ProtobufRpcEngine.java:466) [hadoop-common-3.3.1.jar:?]
	at org.apache.hadoop.ipc.ProtobufRpcEngine2$Server$ProtoBufRpcInvoker.call(ProtobufRpcEngine2.java:574) [hadoop-common-3.3.1.jar:?]
	at org.apache.hadoop.ipc.ProtobufRpcEngine2$Server$ProtoBufRpcInvoker.call(ProtobufRpcEngine2.java:552) [hadoop-common-3.3.1.jar:?]
	at org.apache.hadoop.ipc.RPC$Server.call(RPC.java:1093) [hadoop-common-3.3.1.jar:?]
	at org.apache.hadoop.ipc.Server$RpcCall.run(Server.java:1035) [hadoop-common-3.3.1.jar:?]
	at org.apache.hadoop.ipc.Server$RpcCall.run(Server.java:963) [hadoop-common-3.3.1.jar:?]
	at java.security.AccessController.doPrivileged(Native Method) ~[?:1.8.0_332]
	at javax.security.auth.Subject.doAs(Subject.java:422) [?:1.8.0_332]
	at org.apache.hadoop.security.UserGroupInformation.doAs(UserGroupInformation.java:1878) [hadoop-common-3.3.1.jar:?]
	at org.apache.hadoop.ipc.Server$Handler.run(Server.java:2966) [hadoop-common-3.3.1.jar:?]
13:05:08.743 [IPC Server handler 14 on default port 33959] ERROR OMAudit - user=runner | ip=127.0.0.1 | op=GET_FILE_STATUS {volume=volume58940, bucket=bucket47939, key=level0/level2/file1, dataSize=0, replicationConfig=null} | ret=FAILURE
org.apache.hadoop.ozone.om.exceptions.OMException: Unable to get file status: volume: volume58940 bucket: bucket47939 key: level0/level2/file1
	at org.apache.hadoop.ozone.om.KeyManagerImpl.getOzoneFileStatus(KeyManagerImpl.java:1283) ~[ozone-manager-1.3.0-SNAPSHOT.jar:?]
	at org.apache.hadoop.ozone.om.KeyManagerImpl.getFileStatus(KeyManagerImpl.java:1213) ~[ozone-manager-1.3.0-SNAPSHOT.jar:?]
	at org.apache.hadoop.ozone.om.OzoneManager.getFileStatus(OzoneManager.java:3419) ~[ozone-manager-1.3.0-SNAPSHOT.jar:?]
	at org.apache.hadoop.ozone.protocolPB.OzoneManagerRequestHandler.getOzoneFileStatus(OzoneManagerRequestHandler.java:871) ~[ozone-manager-1.3.0-SNAPSHOT.jar:?]
	at org.apache.hadoop.ozone.protocolPB.OzoneManagerRequestHandler.handleReadRequest(OzoneManagerRequestHandler.java:217) ~[ozone-manager-1.3.0-SNAPSHOT.jar:?]
	at org.apache.hadoop.ozone.protocolPB.OzoneManagerProtocolServerSideTranslatorPB.submitReadRequestToOM(OzoneManagerProtocolServerSideTranslatorPB.java:225) ~[ozone-manager-1.3.0-SNAPSHOT.jar:?]
	at org.apache.hadoop.ozone.protocolPB.OzoneManagerProtocolServerSideTranslatorPB.processRequest(OzoneManagerProtocolServerSideTranslatorPB.java:175) ~[ozone-manager-1.3.0-SNAPSHOT.jar:?]
	at org.apache.hadoop.hdds.server.OzoneProtocolMessageDispatcher.processRequest(OzoneProtocolMessageDispatcher.java:87) [hdds-server-framework-1.3.0-SNAPSHOT.jar:?]
	at org.apache.hadoop.ozone.protocolPB.OzoneManagerProtocolServerSideTranslatorPB.submitRequest(OzoneManagerProtocolServerSideTranslatorPB.java:147) [ozone-manager-1.3.0-SNAPSHOT.jar:?]
	at org.apache.hadoop.ozone.protocol.proto.OzoneManagerProtocolProtos$OzoneManagerService$2.callBlockingMethod(OzoneManagerProtocolProtos.java) [ozone-interface-client-1.3.0-SNAPSHOT.jar:?]
	at org.apache.hadoop.ipc.ProtobufRpcEngine$Server.processCall(ProtobufRpcEngine.java:466) [hadoop-common-3.3.1.jar:?]
	at org.apache.hadoop.ipc.ProtobufRpcEngine2$Server$ProtoBufRpcInvoker.call(ProtobufRpcEngine2.java:574) [hadoop-common-3.3.1.jar:?]
	at org.apache.hadoop.ipc.ProtobufRpcEngine2$Server$ProtoBufRpcInvoker.call(ProtobufRpcEngine2.java:552) [hadoop-common-3.3.1.jar:?]
	at org.apache.hadoop.ipc.RPC$Server.call(RPC.java:1093) [hadoop-common-3.3.1.jar:?]
	at org.apache.hadoop.ipc.Server$RpcCall.run(Server.java:1035) [hadoop-common-3.3.1.jar:?]
	at org.apache.hadoop.ipc.Server$RpcCall.run(Server.java:963) [hadoop-common-3.3.1.jar:?]
	at java.security.AccessController.doPrivileged(Native Method) ~[?:1.8.0_332]
	at javax.security.auth.Subject.doAs(Subject.java:422) [?:1.8.0_332]
	at org.apache.hadoop.security.UserGroupInformation.doAs(UserGroupInformation.java:1878) [hadoop-common-3.3.1.jar:?]
	at org.apache.hadoop.ipc.Server$Handler.run(Server.java:2966) [hadoop-common-3.3.1.jar:?]
13:05:08.744 [IPC Server handler 18 on default port 33959] ERROR OMAudit - user=runner | ip=127.0.0.1 | op=GET_FILE_STATUS {volume=volume58940, bucket=bucket47939, key=level0/level2/level2/file1, dataSize=0, replicationConfig=null} | ret=FAILURE
org.apache.hadoop.ozone.om.exceptions.OMException: Unable to get file status: volume: volume58940 bucket: bucket47939 key: level0/level2/level2/file1
	at org.apache.hadoop.ozone.om.KeyManagerImpl.getOzoneFileStatus(KeyManagerImpl.java:1283) ~[ozone-manager-1.3.0-SNAPSHOT.jar:?]
	at org.apache.hadoop.ozone.om.KeyManagerImpl.getFileStatus(KeyManagerImpl.java:1213) ~[ozone-manager-1.3.0-SNAPSHOT.jar:?]
	at org.apache.hadoop.ozone.om.OzoneManager.getFileStatus(OzoneManager.java:3419) ~[ozone-manager-1.3.0-SNAPSHOT.jar:?]
	at org.apache.hadoop.ozone.protocolPB.OzoneManagerRequestHandler.getOzoneFileStatus(OzoneManagerRequestHandler.java:871) ~[ozone-manager-1.3.0-SNAPSHOT.jar:?]
	at org.apache.hadoop.ozone.protocolPB.OzoneManagerRequestHandler.handleReadRequest(OzoneManagerRequestHandler.java:217) ~[ozone-manager-1.3.0-SNAPSHOT.jar:?]
	at org.apache.hadoop.ozone.protocolPB.OzoneManagerProtocolServerSideTranslatorPB.submitReadRequestToOM(OzoneManagerProtocolServerSideTranslatorPB.java:225) ~[ozone-manager-1.3.0-SNAPSHOT.jar:?]
	at org.apache.hadoop.ozone.protocolPB.OzoneManagerProtocolServerSideTranslatorPB.processRequest(OzoneManagerProtocolServerSideTranslatorPB.java:175) ~[ozone-manager-1.3.0-SNAPSHOT.jar:?]
	at org.apache.hadoop.hdds.server.OzoneProtocolMessageDispatcher.processRequest(OzoneProtocolMessageDispatcher.java:87) [hdds-server-framework-1.3.0-SNAPSHOT.jar:?]
	at org.apache.hadoop.ozone.protocolPB.OzoneManagerProtocolServerSideTranslatorPB.submitRequest(OzoneManagerProtocolServerSideTranslatorPB.java:147) [ozone-manager-1.3.0-SNAPSHOT.jar:?]
	at org.apache.hadoop.ozone.protocol.proto.OzoneManagerProtocolProtos$OzoneManagerService$2.callBlockingMethod(OzoneManagerProtocolProtos.java) [ozone-interface-client-1.3.0-SNAPSHOT.jar:?]
	at org.apache.hadoop.ipc.ProtobufRpcEngine$Server.processCall(ProtobufRpcEngine.java:466) [hadoop-common-3.3.1.jar:?]
	at org.apache.hadoop.ipc.ProtobufRpcEngine2$Server$ProtoBufRpcInvoker.call(ProtobufRpcEngine2.java:574) [hadoop-common-3.3.1.jar:?]
	at org.apache.hadoop.ipc.ProtobufRpcEngine2$Server$ProtoBufRpcInvoker.call(ProtobufRpcEngine2.java:552) [hadoop-common-3.3.1.jar:?]
	at org.apache.hadoop.ipc.RPC$Server.call(RPC.java:1093) [hadoop-common-3.3.1.jar:?]
	at org.apache.hadoop.ipc.Server$RpcCall.run(Server.java:1035) [hadoop-common-3.3.1.jar:?]
	at org.apache.hadoop.ipc.Server$RpcCall.run(Server.java:963) [hadoop-common-3.3.1.jar:?]
	at java.security.AccessController.doPrivileged(Native Method) ~[?:1.8.0_332]
	at javax.security.auth.Subject.doAs(Subject.java:422) [?:1.8.0_332]
	at org.apache.hadoop.security.UserGroupInformation.doAs(UserGroupInformation.java:1878) [hadoop-common-3.3.1.jar:?]
	at org.apache.hadoop.ipc.Server$Handler.run(Server.java:2966) [hadoop-common-3.3.1.jar:?]
13:05:08.745 [IPC Server handler 16 on default port 33959] ERROR OMAudit - user=runner | ip=127.0.0.1 | op=GET_FILE_STATUS {volume=volume58940, bucket=bucket47939, key=level0/level3, dataSize=0, replicationConfig=null} | ret=FAILURE
org.apache.hadoop.ozone.om.exceptions.OMException: Unable to get file status: volume: volume58940 bucket: bucket47939 key: level0/level3
	at org.apache.hadoop.ozone.om.KeyManagerImpl.getOzoneFileStatus(KeyManagerImpl.java:1283) ~[ozone-manager-1.3.0-SNAPSHOT.jar:?]
	at org.apache.hadoop.ozone.om.KeyManagerImpl.getFileStatus(KeyManagerImpl.java:1213) ~[ozone-manager-1.3.0-SNAPSHOT.jar:?]
	at org.apache.hadoop.ozone.om.OzoneManager.getFileStatus(OzoneManager.java:3419) ~[ozone-manager-1.3.0-SNAPSHOT.jar:?]
	at org.apache.hadoop.ozone.protocolPB.OzoneManagerRequestHandler.getOzoneFileStatus(OzoneManagerRequestHandler.java:871) ~[ozone-manager-1.3.0-SNAPSHOT.jar:?]
	at org.apache.hadoop.ozone.protocolPB.OzoneManagerRequestHandler.handleReadRequest(OzoneManagerRequestHandler.java:217) ~[ozone-manager-1.3.0-SNAPSHOT.jar:?]
	at org.apache.hadoop.ozone.protocolPB.OzoneManagerProtocolServerSideTranslatorPB.submitReadRequestToOM(OzoneManagerProtocolServerSideTranslatorPB.java:225) ~[ozone-manager-1.3.0-SNAPSHOT.jar:?]
	at org.apache.hadoop.ozone.protocolPB.OzoneManagerProtocolServerSideTranslatorPB.processRequest(OzoneManagerProtocolServerSideTranslatorPB.java:175) ~[ozone-manager-1.3.0-SNAPSHOT.jar:?]
	at org.apache.hadoop.hdds.server.OzoneProtocolMessageDispatcher.processRequest(OzoneProtocolMessageDispatcher.java:87) [hdds-server-framework-1.3.0-SNAPSHOT.jar:?]
	at org.apache.hadoop.ozone.protocolPB.OzoneManagerProtocolServerSideTranslatorPB.submitRequest(OzoneManagerProtocolServerSideTranslatorPB.java:147) [ozone-manager-1.3.0-SNAPSHOT.jar:?]
	at org.apache.hadoop.ozone.protocol.proto.OzoneManagerProtocolProtos$OzoneManagerService$2.callBlockingMethod(OzoneManagerProtocolProtos.java) [ozone-interface-client-1.3.0-SNAPSHOT.jar:?]
	at org.apache.hadoop.ipc.ProtobufRpcEngine$Server.processCall(ProtobufRpcEngine.java:466) [hadoop-common-3.3.1.jar:?]
	at org.apache.hadoop.ipc.ProtobufRpcEngine2$Server$ProtoBufRpcInvoker.call(ProtobufRpcEngine2.java:574) [hadoop-common-3.3.1.jar:?]
	at org.apache.hadoop.ipc.ProtobufRpcEngine2$Server$ProtoBufRpcInvoker.call(ProtobufRpcEngine2.java:552) [hadoop-common-3.3.1.jar:?]
	at org.apache.hadoop.ipc.RPC$Server.call(RPC.java:1093) [hadoop-common-3.3.1.jar:?]
	at org.apache.hadoop.ipc.Server$RpcCall.run(Server.java:1035) [hadoop-common-3.3.1.jar:?]
	at org.apache.hadoop.ipc.Server$RpcCall.run(Server.java:963) [hadoop-common-3.3.1.jar:?]
	at java.security.AccessController.doPrivileged(Native Method) ~[?:1.8.0_332]
	at javax.security.auth.Subject.doAs(Subject.java:422) [?:1.8.0_332]
	at org.apache.hadoop.security.UserGroupInformation.doAs(UserGroupInformation.java:1878) [hadoop-common-3.3.1.jar:?]
	at org.apache.hadoop.ipc.Server$Handler.run(Server.java:2966) [hadoop-common-3.3.1.jar:?]
13:05:08.747 [IPC Server handler 7 on default port 33959] ERROR OMAudit - user=runner | ip=127.0.0.1 | op=GET_FILE_STATUS {volume=volume58940, bucket=bucket47939, key=level0/level3/level3, dataSize=0, replicationConfig=null} | ret=FAILURE
org.apache.hadoop.ozone.om.exceptions.OMException: Unable to get file status: volume: volume58940 bucket: bucket47939 key: level0/level3/level3
	at org.apache.hadoop.ozone.om.KeyManagerImpl.getOzoneFileStatus(KeyManagerImpl.java:1283) ~[ozone-manager-1.3.0-SNAPSHOT.jar:?]
	at org.apache.hadoop.ozone.om.KeyManagerImpl.getFileStatus(KeyManagerImpl.java:1213) ~[ozone-manager-1.3.0-SNAPSHOT.jar:?]
	at org.apache.hadoop.ozone.om.OzoneManager.getFileStatus(OzoneManager.java:3419) ~[ozone-manager-1.3.0-SNAPSHOT.jar:?]
	at org.apache.hadoop.ozone.protocolPB.OzoneManagerRequestHandler.getOzoneFileStatus(OzoneManagerRequestHandler.java:871) ~[ozone-manager-1.3.0-SNAPSHOT.jar:?]
	at org.apache.hadoop.ozone.protocolPB.OzoneManagerRequestHandler.handleReadRequest(OzoneManagerRequestHandler.java:217) ~[ozone-manager-1.3.0-SNAPSHOT.jar:?]
	at org.apache.hadoop.ozone.protocolPB.OzoneManagerProtocolServerSideTranslatorPB.submitReadRequestToOM(OzoneManagerProtocolServerSideTranslatorPB.java:225) ~[ozone-manager-1.3.0-SNAPSHOT.jar:?]
	at org.apache.hadoop.ozone.protocolPB.OzoneManagerProtocolServerSideTranslatorPB.processRequest(OzoneManagerProtocolServerSideTranslatorPB.java:175) ~[ozone-manager-1.3.0-SNAPSHOT.jar:?]
	at org.apache.hadoop.hdds.server.OzoneProtocolMessageDispatcher.processRequest(OzoneProtocolMessageDispatcher.java:87) [hdds-server-framework-1.3.0-SNAPSHOT.jar:?]
	at org.apache.hadoop.ozone.protocolPB.OzoneManagerProtocolServerSideTranslatorPB.submitRequest(OzoneManagerProtocolServerSideTranslatorPB.java:147) [ozone-manager-1.3.0-SNAPSHOT.jar:?]
	at org.apache.hadoop.ozone.protocol.proto.OzoneManagerProtocolProtos$OzoneManagerService$2.callBlockingMethod(OzoneManagerProtocolProtos.java) [ozone-interface-client-1.3.0-SNAPSHOT.jar:?]
	at org.apache.hadoop.ipc.ProtobufRpcEngine$Server.processCall(ProtobufRpcEngine.java:466) [hadoop-common-3.3.1.jar:?]
	at org.apache.hadoop.ipc.ProtobufRpcEngine2$Server$ProtoBufRpcInvoker.call(ProtobufRpcEngine2.java:574) [hadoop-common-3.3.1.jar:?]
	at org.apache.hadoop.ipc.ProtobufRpcEngine2$Server$ProtoBufRpcInvoker.call(ProtobufRpcEngine2.java:552) [hadoop-common-3.3.1.jar:?]
	at org.apache.hadoop.ipc.RPC$Server.call(RPC.java:1093) [hadoop-common-3.3.1.jar:?]
	at org.apache.hadoop.ipc.Server$RpcCall.run(Server.java:1035) [hadoop-common-3.3.1.jar:?]
	at org.apache.hadoop.ipc.Server$RpcCall.run(Server.java:963) [hadoop-common-3.3.1.jar:?]
	at java.security.AccessController.doPrivileged(Native Method) ~[?:1.8.0_332]
	at javax.security.auth.Subject.doAs(Subject.java:422) [?:1.8.0_332]
	at org.apache.hadoop.security.UserGroupInformation.doAs(UserGroupInformation.java:1878) [hadoop-common-3.3.1.jar:?]
	at org.apache.hadoop.ipc.Server$Handler.run(Server.java:2966) [hadoop-common-3.3.1.jar:?]
13:05:08.748 [IPC Server handler 17 on default port 33959] ERROR OMAudit - user=runner | ip=127.0.0.1 | op=GET_FILE_STATUS {volume=volume58940, bucket=bucket47939, key=level0/level3/file1, dataSize=0, replicationConfig=null} | ret=FAILURE
org.apache.hadoop.ozone.om.exceptions.OMException: Unable to get file status: volume: volume58940 bucket: bucket47939 key: level0/level3/file1
	at org.apache.hadoop.ozone.om.KeyManagerImpl.getOzoneFileStatus(KeyManagerImpl.java:1283) ~[ozone-manager-1.3.0-SNAPSHOT.jar:?]
	at org.apache.hadoop.ozone.om.KeyManagerImpl.getFileStatus(KeyManagerImpl.java:1213) ~[ozone-manager-1.3.0-SNAPSHOT.jar:?]
	at org.apache.hadoop.ozone.om.OzoneManager.getFileStatus(OzoneManager.java:3419) ~[ozone-manager-1.3.0-SNAPSHOT.jar:?]
	at org.apache.hadoop.ozone.protocolPB.OzoneManagerRequestHandler.getOzoneFileStatus(OzoneManagerRequestHandler.java:871) ~[ozone-manager-1.3.0-SNAPSHOT.jar:?]
	at org.apache.hadoop.ozone.protocolPB.OzoneManagerRequestHandler.handleReadRequest(OzoneManagerRequestHandler.java:217) ~[ozone-manager-1.3.0-SNAPSHOT.jar:?]
	at org.apache.hadoop.ozone.protocolPB.OzoneManagerProtocolServerSideTranslatorPB.submitReadRequestToOM(OzoneManagerProtocolServerSideTranslatorPB.java:225) ~[ozone-manager-1.3.0-SNAPSHOT.jar:?]
	at org.apache.hadoop.ozone.protocolPB.OzoneManagerProtocolServerSideTranslatorPB.processRequest(OzoneManagerProtocolServerSideTranslatorPB.java:175) ~[ozone-manager-1.3.0-SNAPSHOT.jar:?]
	at org.apache.hadoop.hdds.server.OzoneProtocolMessageDispatcher.processRequest(OzoneProtocolMessageDispatcher.java:87) [hdds-server-framework-1.3.0-SNAPSHOT.jar:?]
	at org.apache.hadoop.ozone.protocolPB.OzoneManagerProtocolServerSideTranslatorPB.submitRequest(OzoneManagerProtocolServerSideTranslatorPB.java:147) [ozone-manager-1.3.0-SNAPSHOT.jar:?]
	at org.apache.hadoop.ozone.protocol.proto.OzoneManagerProtocolProtos$OzoneManagerService$2.callBlockingMethod(OzoneManagerProtocolProtos.java) [ozone-interface-client-1.3.0-SNAPSHOT.jar:?]
	at org.apache.hadoop.ipc.ProtobufRpcEngine$Server.processCall(ProtobufRpcEngine.java:466) [hadoop-common-3.3.1.jar:?]
	at org.apache.hadoop.ipc.ProtobufRpcEngine2$Server$ProtoBufRpcInvoker.call(ProtobufRpcEngine2.java:574) [hadoop-common-3.3.1.jar:?]
	at org.apache.hadoop.ipc.ProtobufRpcEngine2$Server$ProtoBufRpcInvoker.call(ProtobufRpcEngine2.java:552) [hadoop-common-3.3.1.jar:?]
	at org.apache.hadoop.ipc.RPC$Server.call(RPC.java:1093) [hadoop-common-3.3.1.jar:?]
	at org.apache.hadoop.ipc.Server$RpcCall.run(Server.java:1035) [hadoop-common-3.3.1.jar:?]
	at org.apache.hadoop.ipc.Server$RpcCall.run(Server.java:963) [hadoop-common-3.3.1.jar:?]
	at java.security.AccessController.doPrivileged(Native Method) ~[?:1.8.0_332]
	at javax.security.auth.Subject.doAs(Subject.java:422) [?:1.8.0_332]
	at org.apache.hadoop.security.UserGroupInformation.doAs(UserGroupInformation.java:1878) [hadoop-common-3.3.1.jar:?]
	at org.apache.hadoop.ipc.Server$Handler.run(Server.java:2966) [hadoop-common-3.3.1.jar:?]
13:05:08.751 [IPC Server handler 13 on default port 33959] ERROR OMAudit - user=runner | ip=127.0.0.1 | op=GET_FILE_STATUS {volume=volume58940, bucket=bucket47939, key=level0/level3/level3/file1, dataSize=0, replicationConfig=null} | ret=FAILURE
org.apache.hadoop.ozone.om.exceptions.OMException: Unable to get file status: volume: volume58940 bucket: bucket47939 key: level0/level3/level3/file1
	at org.apache.hadoop.ozone.om.KeyManagerImpl.getOzoneFileStatus(KeyManagerImpl.java:1283) ~[ozone-manager-1.3.0-SNAPSHOT.jar:?]
	at org.apache.hadoop.ozone.om.KeyManagerImpl.getFileStatus(KeyManagerImpl.java:1213) ~[ozone-manager-1.3.0-SNAPSHOT.jar:?]
	at org.apache.hadoop.ozone.om.OzoneManager.getFileStatus(OzoneManager.java:3419) ~[ozone-manager-1.3.0-SNAPSHOT.jar:?]
	at org.apache.hadoop.ozone.protocolPB.OzoneManagerRequestHandler.getOzoneFileStatus(OzoneManagerRequestHandler.java:871) ~[ozone-manager-1.3.0-SNAPSHOT.jar:?]
	at org.apache.hadoop.ozone.protocolPB.OzoneManagerRequestHandler.handleReadRequest(OzoneManagerRequestHandler.java:217) ~[ozone-manager-1.3.0-SNAPSHOT.jar:?]
	at org.apache.hadoop.ozone.protocolPB.OzoneManagerProtocolServerSideTranslatorPB.submitReadRequestToOM(OzoneManagerProtocolServerSideTranslatorPB.java:225) ~[ozone-manager-1.3.0-SNAPSHOT.jar:?]
	at org.apache.hadoop.ozone.protocolPB.OzoneManagerProtocolServerSideTranslatorPB.processRequest(OzoneManagerProtocolServerSideTranslatorPB.java:175) ~[ozone-manager-1.3.0-SNAPSHOT.jar:?]
	at org.apache.hadoop.hdds.server.OzoneProtocolMessageDispatcher.processRequest(OzoneProtocolMessageDispatcher.java:87) [hdds-server-framework-1.3.0-SNAPSHOT.jar:?]
	at org.apache.hadoop.ozone.protocolPB.OzoneManagerProtocolServerSideTranslatorPB.submitRequest(OzoneManagerProtocolServerSideTranslatorPB.java:147) [ozone-manager-1.3.0-SNAPSHOT.jar:?]
	at org.apache.hadoop.ozone.protocol.proto.OzoneManagerProtocolProtos$OzoneManagerService$2.callBlockingMethod(OzoneManagerProtocolProtos.java) [ozone-interface-client-1.3.0-SNAPSHOT.jar:?]
	at org.apache.hadoop.ipc.ProtobufRpcEngine$Server.processCall(ProtobufRpcEngine.java:466) [hadoop-common-3.3.1.jar:?]
	at org.apache.hadoop.ipc.ProtobufRpcEngine2$Server$ProtoBufRpcInvoker.call(ProtobufRpcEngine2.java:574) [hadoop-common-3.3.1.jar:?]
	at org.apache.hadoop.ipc.ProtobufRpcEngine2$Server$ProtoBufRpcInvoker.call(ProtobufRpcEngine2.java:552) [hadoop-common-3.3.1.jar:?]
	at org.apache.hadoop.ipc.RPC$Server.call(RPC.java:1093) [hadoop-common-3.3.1.jar:?]
	at org.apache.hadoop.ipc.Server$RpcCall.run(Server.java:1035) [hadoop-common-3.3.1.jar:?]
	at org.apache.hadoop.ipc.Server$RpcCall.run(Server.java:963) [hadoop-common-3.3.1.jar:?]
	at java.security.AccessController.doPrivileged(Native Method) ~[?:1.8.0_332]
	at javax.security.auth.Subject.doAs(Subject.java:422) [?:1.8.0_332]
	at org.apache.hadoop.security.UserGroupInformation.doAs(UserGroupInformation.java:1878) [hadoop-common-3.3.1.jar:?]
	at org.apache.hadoop.ipc.Server$Handler.run(Server.java:2966) [hadoop-common-3.3.1.jar:?]
]]></system-out>
  </testcase>
  <testcase name="testRecursiveDelete" classname="TestOzoneFileSystem" time="0.137">
    <system-out><![CDATA[13:06:26.303 [IPC Server handler 2 on default port 45241] ERROR OMAudit - user=runner | ip=127.0.0.1 | op=GET_FILE_STATUS {volume=volume87664, bucket=bucket74908, key=gdir1, dataSize=0, replicationConfig=null} | ret=FAILURE
org.apache.hadoop.ozone.om.exceptions.OMException: Unable to get file status: volume: volume87664 bucket: bucket74908 key: gdir1
	at org.apache.hadoop.ozone.om.KeyManagerImpl.getOzoneFileStatus(KeyManagerImpl.java:1283) ~[ozone-manager-1.3.0-SNAPSHOT.jar:?]
	at org.apache.hadoop.ozone.om.KeyManagerImpl.getFileStatus(KeyManagerImpl.java:1213) ~[ozone-manager-1.3.0-SNAPSHOT.jar:?]
	at org.apache.hadoop.ozone.om.OzoneManager.getFileStatus(OzoneManager.java:3419) ~[ozone-manager-1.3.0-SNAPSHOT.jar:?]
	at org.apache.hadoop.ozone.protocolPB.OzoneManagerRequestHandler.getOzoneFileStatus(OzoneManagerRequestHandler.java:871) ~[ozone-manager-1.3.0-SNAPSHOT.jar:?]
	at org.apache.hadoop.ozone.protocolPB.OzoneManagerRequestHandler.handleReadRequest(OzoneManagerRequestHandler.java:217) ~[ozone-manager-1.3.0-SNAPSHOT.jar:?]
	at org.apache.hadoop.ozone.protocolPB.OzoneManagerProtocolServerSideTranslatorPB.submitRequestDirectlyToOM(OzoneManagerProtocolServerSideTranslatorPB.java:284) ~[ozone-manager-1.3.0-SNAPSHOT.jar:?]
	at org.apache.hadoop.ozone.protocolPB.OzoneManagerProtocolServerSideTranslatorPB.processRequest(OzoneManagerProtocolServerSideTranslatorPB.java:207) ~[ozone-manager-1.3.0-SNAPSHOT.jar:?]
	at org.apache.hadoop.hdds.server.OzoneProtocolMessageDispatcher.processRequest(OzoneProtocolMessageDispatcher.java:87) [hdds-server-framework-1.3.0-SNAPSHOT.jar:?]
	at org.apache.hadoop.ozone.protocolPB.OzoneManagerProtocolServerSideTranslatorPB.submitRequest(OzoneManagerProtocolServerSideTranslatorPB.java:147) [ozone-manager-1.3.0-SNAPSHOT.jar:?]
	at org.apache.hadoop.ozone.protocol.proto.OzoneManagerProtocolProtos$OzoneManagerService$2.callBlockingMethod(OzoneManagerProtocolProtos.java) [ozone-interface-client-1.3.0-SNAPSHOT.jar:?]
	at org.apache.hadoop.ipc.ProtobufRpcEngine$Server.processCall(ProtobufRpcEngine.java:466) [hadoop-common-3.3.1.jar:?]
	at org.apache.hadoop.ipc.ProtobufRpcEngine2$Server$ProtoBufRpcInvoker.call(ProtobufRpcEngine2.java:574) [hadoop-common-3.3.1.jar:?]
	at org.apache.hadoop.ipc.ProtobufRpcEngine2$Server$ProtoBufRpcInvoker.call(ProtobufRpcEngine2.java:552) [hadoop-common-3.3.1.jar:?]
	at org.apache.hadoop.ipc.RPC$Server.call(RPC.java:1093) [hadoop-common-3.3.1.jar:?]
	at org.apache.hadoop.ipc.Server$RpcCall.run(Server.java:1035) [hadoop-common-3.3.1.jar:?]
	at org.apache.hadoop.ipc.Server$RpcCall.run(Server.java:963) [hadoop-common-3.3.1.jar:?]
	at java.security.AccessController.doPrivileged(Native Method) ~[?:1.8.0_332]
	at javax.security.auth.Subject.doAs(Subject.java:422) [?:1.8.0_332]
	at org.apache.hadoop.security.UserGroupInformation.doAs(UserGroupInformation.java:1878) [hadoop-common-3.3.1.jar:?]
	at org.apache.hadoop.ipc.Server$Handler.run(Server.java:2966) [hadoop-common-3.3.1.jar:?]
13:06:26.304 [IPC Server handler 19 on default port 45241] ERROR OMAudit - user=runner | ip=127.0.0.1 | op=GET_FILE_STATUS {volume=volume87664, bucket=bucket74908, key=gdir1/dir1, dataSize=0, replicationConfig=null} | ret=FAILURE
org.apache.hadoop.ozone.om.exceptions.OMException: Unable to get file status: volume: volume87664 bucket: bucket74908 key: gdir1/dir1
	at org.apache.hadoop.ozone.om.KeyManagerImpl.getOzoneFileStatus(KeyManagerImpl.java:1283) ~[ozone-manager-1.3.0-SNAPSHOT.jar:?]
	at org.apache.hadoop.ozone.om.KeyManagerImpl.getFileStatus(KeyManagerImpl.java:1213) ~[ozone-manager-1.3.0-SNAPSHOT.jar:?]
	at org.apache.hadoop.ozone.om.OzoneManager.getFileStatus(OzoneManager.java:3419) ~[ozone-manager-1.3.0-SNAPSHOT.jar:?]
	at org.apache.hadoop.ozone.protocolPB.OzoneManagerRequestHandler.getOzoneFileStatus(OzoneManagerRequestHandler.java:871) ~[ozone-manager-1.3.0-SNAPSHOT.jar:?]
	at org.apache.hadoop.ozone.protocolPB.OzoneManagerRequestHandler.handleReadRequest(OzoneManagerRequestHandler.java:217) ~[ozone-manager-1.3.0-SNAPSHOT.jar:?]
	at org.apache.hadoop.ozone.protocolPB.OzoneManagerProtocolServerSideTranslatorPB.submitRequestDirectlyToOM(OzoneManagerProtocolServerSideTranslatorPB.java:284) ~[ozone-manager-1.3.0-SNAPSHOT.jar:?]
	at org.apache.hadoop.ozone.protocolPB.OzoneManagerProtocolServerSideTranslatorPB.processRequest(OzoneManagerProtocolServerSideTranslatorPB.java:207) ~[ozone-manager-1.3.0-SNAPSHOT.jar:?]
	at org.apache.hadoop.hdds.server.OzoneProtocolMessageDispatcher.processRequest(OzoneProtocolMessageDispatcher.java:87) [hdds-server-framework-1.3.0-SNAPSHOT.jar:?]
	at org.apache.hadoop.ozone.protocolPB.OzoneManagerProtocolServerSideTranslatorPB.submitRequest(OzoneManagerProtocolServerSideTranslatorPB.java:147) [ozone-manager-1.3.0-SNAPSHOT.jar:?]
	at org.apache.hadoop.ozone.protocol.proto.OzoneManagerProtocolProtos$OzoneManagerService$2.callBlockingMethod(OzoneManagerProtocolProtos.java) [ozone-interface-client-1.3.0-SNAPSHOT.jar:?]
	at org.apache.hadoop.ipc.ProtobufRpcEngine$Server.processCall(ProtobufRpcEngine.java:466) [hadoop-common-3.3.1.jar:?]
	at org.apache.hadoop.ipc.ProtobufRpcEngine2$Server$ProtoBufRpcInvoker.call(ProtobufRpcEngine2.java:574) [hadoop-common-3.3.1.jar:?]
	at org.apache.hadoop.ipc.ProtobufRpcEngine2$Server$ProtoBufRpcInvoker.call(ProtobufRpcEngine2.java:552) [hadoop-common-3.3.1.jar:?]
	at org.apache.hadoop.ipc.RPC$Server.call(RPC.java:1093) [hadoop-common-3.3.1.jar:?]
	at org.apache.hadoop.ipc.Server$RpcCall.run(Server.java:1035) [hadoop-common-3.3.1.jar:?]
	at org.apache.hadoop.ipc.Server$RpcCall.run(Server.java:963) [hadoop-common-3.3.1.jar:?]
	at java.security.AccessController.doPrivileged(Native Method) ~[?:1.8.0_332]
	at javax.security.auth.Subject.doAs(Subject.java:422) [?:1.8.0_332]
	at org.apache.hadoop.security.UserGroupInformation.doAs(UserGroupInformation.java:1878) [hadoop-common-3.3.1.jar:?]
	at org.apache.hadoop.ipc.Server$Handler.run(Server.java:2966) [hadoop-common-3.3.1.jar:?]
13:06:26.305 [IPC Server handler 9 on default port 45241] ERROR OMAudit - user=runner | ip=127.0.0.1 | op=GET_FILE_STATUS {volume=volume87664, bucket=bucket74908, key=gdir1/dir1/child, dataSize=0, replicationConfig=null} | ret=FAILURE
org.apache.hadoop.ozone.om.exceptions.OMException: Unable to get file status: volume: volume87664 bucket: bucket74908 key: gdir1/dir1/child
	at org.apache.hadoop.ozone.om.KeyManagerImpl.getOzoneFileStatus(KeyManagerImpl.java:1283) ~[ozone-manager-1.3.0-SNAPSHOT.jar:?]
	at org.apache.hadoop.ozone.om.KeyManagerImpl.getFileStatus(KeyManagerImpl.java:1213) ~[ozone-manager-1.3.0-SNAPSHOT.jar:?]
	at org.apache.hadoop.ozone.om.OzoneManager.getFileStatus(OzoneManager.java:3419) ~[ozone-manager-1.3.0-SNAPSHOT.jar:?]
	at org.apache.hadoop.ozone.protocolPB.OzoneManagerRequestHandler.getOzoneFileStatus(OzoneManagerRequestHandler.java:871) ~[ozone-manager-1.3.0-SNAPSHOT.jar:?]
	at org.apache.hadoop.ozone.protocolPB.OzoneManagerRequestHandler.handleReadRequest(OzoneManagerRequestHandler.java:217) ~[ozone-manager-1.3.0-SNAPSHOT.jar:?]
	at org.apache.hadoop.ozone.protocolPB.OzoneManagerProtocolServerSideTranslatorPB.submitRequestDirectlyToOM(OzoneManagerProtocolServerSideTranslatorPB.java:284) ~[ozone-manager-1.3.0-SNAPSHOT.jar:?]
	at org.apache.hadoop.ozone.protocolPB.OzoneManagerProtocolServerSideTranslatorPB.processRequest(OzoneManagerProtocolServerSideTranslatorPB.java:207) ~[ozone-manager-1.3.0-SNAPSHOT.jar:?]
	at org.apache.hadoop.hdds.server.OzoneProtocolMessageDispatcher.processRequest(OzoneProtocolMessageDispatcher.java:87) [hdds-server-framework-1.3.0-SNAPSHOT.jar:?]
	at org.apache.hadoop.ozone.protocolPB.OzoneManagerProtocolServerSideTranslatorPB.submitRequest(OzoneManagerProtocolServerSideTranslatorPB.java:147) [ozone-manager-1.3.0-SNAPSHOT.jar:?]
	at org.apache.hadoop.ozone.protocol.proto.OzoneManagerProtocolProtos$OzoneManagerService$2.callBlockingMethod(OzoneManagerProtocolProtos.java) [ozone-interface-client-1.3.0-SNAPSHOT.jar:?]
	at org.apache.hadoop.ipc.ProtobufRpcEngine$Server.processCall(ProtobufRpcEngine.java:466) [hadoop-common-3.3.1.jar:?]
	at org.apache.hadoop.ipc.ProtobufRpcEngine2$Server$ProtoBufRpcInvoker.call(ProtobufRpcEngine2.java:574) [hadoop-common-3.3.1.jar:?]
	at org.apache.hadoop.ipc.ProtobufRpcEngine2$Server$ProtoBufRpcInvoker.call(ProtobufRpcEngine2.java:552) [hadoop-common-3.3.1.jar:?]
	at org.apache.hadoop.ipc.RPC$Server.call(RPC.java:1093) [hadoop-common-3.3.1.jar:?]
	at org.apache.hadoop.ipc.Server$RpcCall.run(Server.java:1035) [hadoop-common-3.3.1.jar:?]
	at org.apache.hadoop.ipc.Server$RpcCall.run(Server.java:963) [hadoop-common-3.3.1.jar:?]
	at java.security.AccessController.doPrivileged(Native Method) ~[?:1.8.0_332]
	at javax.security.auth.Subject.doAs(Subject.java:422) [?:1.8.0_332]
	at org.apache.hadoop.security.UserGroupInformation.doAs(UserGroupInformation.java:1878) [hadoop-common-3.3.1.jar:?]
	at org.apache.hadoop.ipc.Server$Handler.run(Server.java:2966) [hadoop-common-3.3.1.jar:?]
13:06:26.306 [IPC Server handler 0 on default port 45241] ERROR OMAudit - user=runner | ip=127.0.0.1 | op=GET_FILE_STATUS {volume=volume87664, bucket=bucket74908, key=gdir1/dir2, dataSize=0, replicationConfig=null} | ret=FAILURE
org.apache.hadoop.ozone.om.exceptions.OMException: Unable to get file status: volume: volume87664 bucket: bucket74908 key: gdir1/dir2
	at org.apache.hadoop.ozone.om.KeyManagerImpl.getOzoneFileStatus(KeyManagerImpl.java:1283) ~[ozone-manager-1.3.0-SNAPSHOT.jar:?]
	at org.apache.hadoop.ozone.om.KeyManagerImpl.getFileStatus(KeyManagerImpl.java:1213) ~[ozone-manager-1.3.0-SNAPSHOT.jar:?]
	at org.apache.hadoop.ozone.om.OzoneManager.getFileStatus(OzoneManager.java:3419) ~[ozone-manager-1.3.0-SNAPSHOT.jar:?]
	at org.apache.hadoop.ozone.protocolPB.OzoneManagerRequestHandler.getOzoneFileStatus(OzoneManagerRequestHandler.java:871) ~[ozone-manager-1.3.0-SNAPSHOT.jar:?]
	at org.apache.hadoop.ozone.protocolPB.OzoneManagerRequestHandler.handleReadRequest(OzoneManagerRequestHandler.java:217) ~[ozone-manager-1.3.0-SNAPSHOT.jar:?]
	at org.apache.hadoop.ozone.protocolPB.OzoneManagerProtocolServerSideTranslatorPB.submitRequestDirectlyToOM(OzoneManagerProtocolServerSideTranslatorPB.java:284) ~[ozone-manager-1.3.0-SNAPSHOT.jar:?]
	at org.apache.hadoop.ozone.protocolPB.OzoneManagerProtocolServerSideTranslatorPB.processRequest(OzoneManagerProtocolServerSideTranslatorPB.java:207) ~[ozone-manager-1.3.0-SNAPSHOT.jar:?]
	at org.apache.hadoop.hdds.server.OzoneProtocolMessageDispatcher.processRequest(OzoneProtocolMessageDispatcher.java:87) [hdds-server-framework-1.3.0-SNAPSHOT.jar:?]
	at org.apache.hadoop.ozone.protocolPB.OzoneManagerProtocolServerSideTranslatorPB.submitRequest(OzoneManagerProtocolServerSideTranslatorPB.java:147) [ozone-manager-1.3.0-SNAPSHOT.jar:?]
	at org.apache.hadoop.ozone.protocol.proto.OzoneManagerProtocolProtos$OzoneManagerService$2.callBlockingMethod(OzoneManagerProtocolProtos.java) [ozone-interface-client-1.3.0-SNAPSHOT.jar:?]
	at org.apache.hadoop.ipc.ProtobufRpcEngine$Server.processCall(ProtobufRpcEngine.java:466) [hadoop-common-3.3.1.jar:?]
	at org.apache.hadoop.ipc.ProtobufRpcEngine2$Server$ProtoBufRpcInvoker.call(ProtobufRpcEngine2.java:574) [hadoop-common-3.3.1.jar:?]
	at org.apache.hadoop.ipc.ProtobufRpcEngine2$Server$ProtoBufRpcInvoker.call(ProtobufRpcEngine2.java:552) [hadoop-common-3.3.1.jar:?]
	at org.apache.hadoop.ipc.RPC$Server.call(RPC.java:1093) [hadoop-common-3.3.1.jar:?]
	at org.apache.hadoop.ipc.Server$RpcCall.run(Server.java:1035) [hadoop-common-3.3.1.jar:?]
	at org.apache.hadoop.ipc.Server$RpcCall.run(Server.java:963) [hadoop-common-3.3.1.jar:?]
	at java.security.AccessController.doPrivileged(Native Method) ~[?:1.8.0_332]
	at javax.security.auth.Subject.doAs(Subject.java:422) [?:1.8.0_332]
	at org.apache.hadoop.security.UserGroupInformation.doAs(UserGroupInformation.java:1878) [hadoop-common-3.3.1.jar:?]
	at org.apache.hadoop.ipc.Server$Handler.run(Server.java:2966) [hadoop-common-3.3.1.jar:?]
13:06:26.306 [IPC Server handler 13 on default port 45241] ERROR OMAudit - user=runner | ip=127.0.0.1 | op=GET_FILE_STATUS {volume=volume87664, bucket=bucket74908, key=gdir1/dir2/child, dataSize=0, replicationConfig=null} | ret=FAILURE
org.apache.hadoop.ozone.om.exceptions.OMException: Unable to get file status: volume: volume87664 bucket: bucket74908 key: gdir1/dir2/child
	at org.apache.hadoop.ozone.om.KeyManagerImpl.getOzoneFileStatus(KeyManagerImpl.java:1283) ~[ozone-manager-1.3.0-SNAPSHOT.jar:?]
	at org.apache.hadoop.ozone.om.KeyManagerImpl.getFileStatus(KeyManagerImpl.java:1213) ~[ozone-manager-1.3.0-SNAPSHOT.jar:?]
	at org.apache.hadoop.ozone.om.OzoneManager.getFileStatus(OzoneManager.java:3419) ~[ozone-manager-1.3.0-SNAPSHOT.jar:?]
	at org.apache.hadoop.ozone.protocolPB.OzoneManagerRequestHandler.getOzoneFileStatus(OzoneManagerRequestHandler.java:871) ~[ozone-manager-1.3.0-SNAPSHOT.jar:?]
	at org.apache.hadoop.ozone.protocolPB.OzoneManagerRequestHandler.handleReadRequest(OzoneManagerRequestHandler.java:217) ~[ozone-manager-1.3.0-SNAPSHOT.jar:?]
	at org.apache.hadoop.ozone.protocolPB.OzoneManagerProtocolServerSideTranslatorPB.submitRequestDirectlyToOM(OzoneManagerProtocolServerSideTranslatorPB.java:284) ~[ozone-manager-1.3.0-SNAPSHOT.jar:?]
	at org.apache.hadoop.ozone.protocolPB.OzoneManagerProtocolServerSideTranslatorPB.processRequest(OzoneManagerProtocolServerSideTranslatorPB.java:207) ~[ozone-manager-1.3.0-SNAPSHOT.jar:?]
	at org.apache.hadoop.hdds.server.OzoneProtocolMessageDispatcher.processRequest(OzoneProtocolMessageDispatcher.java:87) [hdds-server-framework-1.3.0-SNAPSHOT.jar:?]
	at org.apache.hadoop.ozone.protocolPB.OzoneManagerProtocolServerSideTranslatorPB.submitRequest(OzoneManagerProtocolServerSideTranslatorPB.java:147) [ozone-manager-1.3.0-SNAPSHOT.jar:?]
	at org.apache.hadoop.ozone.protocol.proto.OzoneManagerProtocolProtos$OzoneManagerService$2.callBlockingMethod(OzoneManagerProtocolProtos.java) [ozone-interface-client-1.3.0-SNAPSHOT.jar:?]
	at org.apache.hadoop.ipc.ProtobufRpcEngine$Server.processCall(ProtobufRpcEngine.java:466) [hadoop-common-3.3.1.jar:?]
	at org.apache.hadoop.ipc.ProtobufRpcEngine2$Server$ProtoBufRpcInvoker.call(ProtobufRpcEngine2.java:574) [hadoop-common-3.3.1.jar:?]
	at org.apache.hadoop.ipc.ProtobufRpcEngine2$Server$ProtoBufRpcInvoker.call(ProtobufRpcEngine2.java:552) [hadoop-common-3.3.1.jar:?]
	at org.apache.hadoop.ipc.RPC$Server.call(RPC.java:1093) [hadoop-common-3.3.1.jar:?]
	at org.apache.hadoop.ipc.Server$RpcCall.run(Server.java:1035) [hadoop-common-3.3.1.jar:?]
	at org.apache.hadoop.ipc.Server$RpcCall.run(Server.java:963) [hadoop-common-3.3.1.jar:?]
	at java.security.AccessController.doPrivileged(Native Method) ~[?:1.8.0_332]
	at javax.security.auth.Subject.doAs(Subject.java:422) [?:1.8.0_332]
	at org.apache.hadoop.security.UserGroupInformation.doAs(UserGroupInformation.java:1878) [hadoop-common-3.3.1.jar:?]
	at org.apache.hadoop.ipc.Server$Handler.run(Server.java:2966) [hadoop-common-3.3.1.jar:?]
13:06:26.307 [IPC Server handler 10 on default port 45241] ERROR OMAudit - user=runner | ip=127.0.0.1 | op=GET_FILE_STATUS {volume=volume87664, bucket=bucket74908, key=gdir1/dir3, dataSize=0, replicationConfig=null} | ret=FAILURE
org.apache.hadoop.ozone.om.exceptions.OMException: Unable to get file status: volume: volume87664 bucket: bucket74908 key: gdir1/dir3
	at org.apache.hadoop.ozone.om.KeyManagerImpl.getOzoneFileStatus(KeyManagerImpl.java:1283) ~[ozone-manager-1.3.0-SNAPSHOT.jar:?]
	at org.apache.hadoop.ozone.om.KeyManagerImpl.getFileStatus(KeyManagerImpl.java:1213) ~[ozone-manager-1.3.0-SNAPSHOT.jar:?]
	at org.apache.hadoop.ozone.om.OzoneManager.getFileStatus(OzoneManager.java:3419) ~[ozone-manager-1.3.0-SNAPSHOT.jar:?]
	at org.apache.hadoop.ozone.protocolPB.OzoneManagerRequestHandler.getOzoneFileStatus(OzoneManagerRequestHandler.java:871) ~[ozone-manager-1.3.0-SNAPSHOT.jar:?]
	at org.apache.hadoop.ozone.protocolPB.OzoneManagerRequestHandler.handleReadRequest(OzoneManagerRequestHandler.java:217) ~[ozone-manager-1.3.0-SNAPSHOT.jar:?]
	at org.apache.hadoop.ozone.protocolPB.OzoneManagerProtocolServerSideTranslatorPB.submitRequestDirectlyToOM(OzoneManagerProtocolServerSideTranslatorPB.java:284) ~[ozone-manager-1.3.0-SNAPSHOT.jar:?]
	at org.apache.hadoop.ozone.protocolPB.OzoneManagerProtocolServerSideTranslatorPB.processRequest(OzoneManagerProtocolServerSideTranslatorPB.java:207) ~[ozone-manager-1.3.0-SNAPSHOT.jar:?]
	at org.apache.hadoop.hdds.server.OzoneProtocolMessageDispatcher.processRequest(OzoneProtocolMessageDispatcher.java:87) [hdds-server-framework-1.3.0-SNAPSHOT.jar:?]
	at org.apache.hadoop.ozone.protocolPB.OzoneManagerProtocolServerSideTranslatorPB.submitRequest(OzoneManagerProtocolServerSideTranslatorPB.java:147) [ozone-manager-1.3.0-SNAPSHOT.jar:?]
	at org.apache.hadoop.ozone.protocol.proto.OzoneManagerProtocolProtos$OzoneManagerService$2.callBlockingMethod(OzoneManagerProtocolProtos.java) [ozone-interface-client-1.3.0-SNAPSHOT.jar:?]
	at org.apache.hadoop.ipc.ProtobufRpcEngine$Server.processCall(ProtobufRpcEngine.java:466) [hadoop-common-3.3.1.jar:?]
	at org.apache.hadoop.ipc.ProtobufRpcEngine2$Server$ProtoBufRpcInvoker.call(ProtobufRpcEngine2.java:574) [hadoop-common-3.3.1.jar:?]
	at org.apache.hadoop.ipc.ProtobufRpcEngine2$Server$ProtoBufRpcInvoker.call(ProtobufRpcEngine2.java:552) [hadoop-common-3.3.1.jar:?]
	at org.apache.hadoop.ipc.RPC$Server.call(RPC.java:1093) [hadoop-common-3.3.1.jar:?]
	at org.apache.hadoop.ipc.Server$RpcCall.run(Server.java:1035) [hadoop-common-3.3.1.jar:?]
	at org.apache.hadoop.ipc.Server$RpcCall.run(Server.java:963) [hadoop-common-3.3.1.jar:?]
	at java.security.AccessController.doPrivileged(Native Method) ~[?:1.8.0_332]
	at javax.security.auth.Subject.doAs(Subject.java:422) [?:1.8.0_332]
	at org.apache.hadoop.security.UserGroupInformation.doAs(UserGroupInformation.java:1878) [hadoop-common-3.3.1.jar:?]
	at org.apache.hadoop.ipc.Server$Handler.run(Server.java:2966) [hadoop-common-3.3.1.jar:?]
13:06:26.308 [IPC Server handler 18 on default port 45241] ERROR OMAudit - user=runner | ip=127.0.0.1 | op=GET_FILE_STATUS {volume=volume87664, bucket=bucket74908, key=gdir1/dir3/child, dataSize=0, replicationConfig=null} | ret=FAILURE
org.apache.hadoop.ozone.om.exceptions.OMException: Unable to get file status: volume: volume87664 bucket: bucket74908 key: gdir1/dir3/child
	at org.apache.hadoop.ozone.om.KeyManagerImpl.getOzoneFileStatus(KeyManagerImpl.java:1283) ~[ozone-manager-1.3.0-SNAPSHOT.jar:?]
	at org.apache.hadoop.ozone.om.KeyManagerImpl.getFileStatus(KeyManagerImpl.java:1213) ~[ozone-manager-1.3.0-SNAPSHOT.jar:?]
	at org.apache.hadoop.ozone.om.OzoneManager.getFileStatus(OzoneManager.java:3419) ~[ozone-manager-1.3.0-SNAPSHOT.jar:?]
	at org.apache.hadoop.ozone.protocolPB.OzoneManagerRequestHandler.getOzoneFileStatus(OzoneManagerRequestHandler.java:871) ~[ozone-manager-1.3.0-SNAPSHOT.jar:?]
	at org.apache.hadoop.ozone.protocolPB.OzoneManagerRequestHandler.handleReadRequest(OzoneManagerRequestHandler.java:217) ~[ozone-manager-1.3.0-SNAPSHOT.jar:?]
	at org.apache.hadoop.ozone.protocolPB.OzoneManagerProtocolServerSideTranslatorPB.submitRequestDirectlyToOM(OzoneManagerProtocolServerSideTranslatorPB.java:284) ~[ozone-manager-1.3.0-SNAPSHOT.jar:?]
	at org.apache.hadoop.ozone.protocolPB.OzoneManagerProtocolServerSideTranslatorPB.processRequest(OzoneManagerProtocolServerSideTranslatorPB.java:207) ~[ozone-manager-1.3.0-SNAPSHOT.jar:?]
	at org.apache.hadoop.hdds.server.OzoneProtocolMessageDispatcher.processRequest(OzoneProtocolMessageDispatcher.java:87) [hdds-server-framework-1.3.0-SNAPSHOT.jar:?]
	at org.apache.hadoop.ozone.protocolPB.OzoneManagerProtocolServerSideTranslatorPB.submitRequest(OzoneManagerProtocolServerSideTranslatorPB.java:147) [ozone-manager-1.3.0-SNAPSHOT.jar:?]
	at org.apache.hadoop.ozone.protocol.proto.OzoneManagerProtocolProtos$OzoneManagerService$2.callBlockingMethod(OzoneManagerProtocolProtos.java) [ozone-interface-client-1.3.0-SNAPSHOT.jar:?]
	at org.apache.hadoop.ipc.ProtobufRpcEngine$Server.processCall(ProtobufRpcEngine.java:466) [hadoop-common-3.3.1.jar:?]
	at org.apache.hadoop.ipc.ProtobufRpcEngine2$Server$ProtoBufRpcInvoker.call(ProtobufRpcEngine2.java:574) [hadoop-common-3.3.1.jar:?]
	at org.apache.hadoop.ipc.ProtobufRpcEngine2$Server$ProtoBufRpcInvoker.call(ProtobufRpcEngine2.java:552) [hadoop-common-3.3.1.jar:?]
	at org.apache.hadoop.ipc.RPC$Server.call(RPC.java:1093) [hadoop-common-3.3.1.jar:?]
	at org.apache.hadoop.ipc.Server$RpcCall.run(Server.java:1035) [hadoop-common-3.3.1.jar:?]
	at org.apache.hadoop.ipc.Server$RpcCall.run(Server.java:963) [hadoop-common-3.3.1.jar:?]
	at java.security.AccessController.doPrivileged(Native Method) ~[?:1.8.0_332]
	at javax.security.auth.Subject.doAs(Subject.java:422) [?:1.8.0_332]
	at org.apache.hadoop.security.UserGroupInformation.doAs(UserGroupInformation.java:1878) [hadoop-common-3.3.1.jar:?]
	at org.apache.hadoop.ipc.Server$Handler.run(Server.java:2966) [hadoop-common-3.3.1.jar:?]
13:06:26.308 [IPC Server handler 3 on default port 45241] ERROR OMAudit - user=runner | ip=127.0.0.1 | op=GET_FILE_STATUS {volume=volume87664, bucket=bucket74908, key=gdir1/dir4, dataSize=0, replicationConfig=null} | ret=FAILURE
org.apache.hadoop.ozone.om.exceptions.OMException: Unable to get file status: volume: volume87664 bucket: bucket74908 key: gdir1/dir4
	at org.apache.hadoop.ozone.om.KeyManagerImpl.getOzoneFileStatus(KeyManagerImpl.java:1283) ~[ozone-manager-1.3.0-SNAPSHOT.jar:?]
	at org.apache.hadoop.ozone.om.KeyManagerImpl.getFileStatus(KeyManagerImpl.java:1213) ~[ozone-manager-1.3.0-SNAPSHOT.jar:?]
	at org.apache.hadoop.ozone.om.OzoneManager.getFileStatus(OzoneManager.java:3419) ~[ozone-manager-1.3.0-SNAPSHOT.jar:?]
	at org.apache.hadoop.ozone.protocolPB.OzoneManagerRequestHandler.getOzoneFileStatus(OzoneManagerRequestHandler.java:871) ~[ozone-manager-1.3.0-SNAPSHOT.jar:?]
	at org.apache.hadoop.ozone.protocolPB.OzoneManagerRequestHandler.handleReadRequest(OzoneManagerRequestHandler.java:217) ~[ozone-manager-1.3.0-SNAPSHOT.jar:?]
	at org.apache.hadoop.ozone.protocolPB.OzoneManagerProtocolServerSideTranslatorPB.submitRequestDirectlyToOM(OzoneManagerProtocolServerSideTranslatorPB.java:284) ~[ozone-manager-1.3.0-SNAPSHOT.jar:?]
	at org.apache.hadoop.ozone.protocolPB.OzoneManagerProtocolServerSideTranslatorPB.processRequest(OzoneManagerProtocolServerSideTranslatorPB.java:207) ~[ozone-manager-1.3.0-SNAPSHOT.jar:?]
	at org.apache.hadoop.hdds.server.OzoneProtocolMessageDispatcher.processRequest(OzoneProtocolMessageDispatcher.java:87) [hdds-server-framework-1.3.0-SNAPSHOT.jar:?]
	at org.apache.hadoop.ozone.protocolPB.OzoneManagerProtocolServerSideTranslatorPB.submitRequest(OzoneManagerProtocolServerSideTranslatorPB.java:147) [ozone-manager-1.3.0-SNAPSHOT.jar:?]
	at org.apache.hadoop.ozone.protocol.proto.OzoneManagerProtocolProtos$OzoneManagerService$2.callBlockingMethod(OzoneManagerProtocolProtos.java) [ozone-interface-client-1.3.0-SNAPSHOT.jar:?]
	at org.apache.hadoop.ipc.ProtobufRpcEngine$Server.processCall(ProtobufRpcEngine.java:466) [hadoop-common-3.3.1.jar:?]
	at org.apache.hadoop.ipc.ProtobufRpcEngine2$Server$ProtoBufRpcInvoker.call(ProtobufRpcEngine2.java:574) [hadoop-common-3.3.1.jar:?]
	at org.apache.hadoop.ipc.ProtobufRpcEngine2$Server$ProtoBufRpcInvoker.call(ProtobufRpcEngine2.java:552) [hadoop-common-3.3.1.jar:?]
	at org.apache.hadoop.ipc.RPC$Server.call(RPC.java:1093) [hadoop-common-3.3.1.jar:?]
	at org.apache.hadoop.ipc.Server$RpcCall.run(Server.java:1035) [hadoop-common-3.3.1.jar:?]
	at org.apache.hadoop.ipc.Server$RpcCall.run(Server.java:963) [hadoop-common-3.3.1.jar:?]
	at java.security.AccessController.doPrivileged(Native Method) ~[?:1.8.0_332]
	at javax.security.auth.Subject.doAs(Subject.java:422) [?:1.8.0_332]
	at org.apache.hadoop.security.UserGroupInformation.doAs(UserGroupInformation.java:1878) [hadoop-common-3.3.1.jar:?]
	at org.apache.hadoop.ipc.Server$Handler.run(Server.java:2966) [hadoop-common-3.3.1.jar:?]
13:06:26.309 [IPC Server handler 12 on default port 45241] ERROR OMAudit - user=runner | ip=127.0.0.1 | op=GET_FILE_STATUS {volume=volume87664, bucket=bucket74908, key=gdir1/dir4/child, dataSize=0, replicationConfig=null} | ret=FAILURE
org.apache.hadoop.ozone.om.exceptions.OMException: Unable to get file status: volume: volume87664 bucket: bucket74908 key: gdir1/dir4/child
	at org.apache.hadoop.ozone.om.KeyManagerImpl.getOzoneFileStatus(KeyManagerImpl.java:1283) ~[ozone-manager-1.3.0-SNAPSHOT.jar:?]
	at org.apache.hadoop.ozone.om.KeyManagerImpl.getFileStatus(KeyManagerImpl.java:1213) ~[ozone-manager-1.3.0-SNAPSHOT.jar:?]
	at org.apache.hadoop.ozone.om.OzoneManager.getFileStatus(OzoneManager.java:3419) ~[ozone-manager-1.3.0-SNAPSHOT.jar:?]
	at org.apache.hadoop.ozone.protocolPB.OzoneManagerRequestHandler.getOzoneFileStatus(OzoneManagerRequestHandler.java:871) ~[ozone-manager-1.3.0-SNAPSHOT.jar:?]
	at org.apache.hadoop.ozone.protocolPB.OzoneManagerRequestHandler.handleReadRequest(OzoneManagerRequestHandler.java:217) ~[ozone-manager-1.3.0-SNAPSHOT.jar:?]
	at org.apache.hadoop.ozone.protocolPB.OzoneManagerProtocolServerSideTranslatorPB.submitRequestDirectlyToOM(OzoneManagerProtocolServerSideTranslatorPB.java:284) ~[ozone-manager-1.3.0-SNAPSHOT.jar:?]
	at org.apache.hadoop.ozone.protocolPB.OzoneManagerProtocolServerSideTranslatorPB.processRequest(OzoneManagerProtocolServerSideTranslatorPB.java:207) ~[ozone-manager-1.3.0-SNAPSHOT.jar:?]
	at org.apache.hadoop.hdds.server.OzoneProtocolMessageDispatcher.processRequest(OzoneProtocolMessageDispatcher.java:87) [hdds-server-framework-1.3.0-SNAPSHOT.jar:?]
	at org.apache.hadoop.ozone.protocolPB.OzoneManagerProtocolServerSideTranslatorPB.submitRequest(OzoneManagerProtocolServerSideTranslatorPB.java:147) [ozone-manager-1.3.0-SNAPSHOT.jar:?]
	at org.apache.hadoop.ozone.protocol.proto.OzoneManagerProtocolProtos$OzoneManagerService$2.callBlockingMethod(OzoneManagerProtocolProtos.java) [ozone-interface-client-1.3.0-SNAPSHOT.jar:?]
	at org.apache.hadoop.ipc.ProtobufRpcEngine$Server.processCall(ProtobufRpcEngine.java:466) [hadoop-common-3.3.1.jar:?]
	at org.apache.hadoop.ipc.ProtobufRpcEngine2$Server$ProtoBufRpcInvoker.call(ProtobufRpcEngine2.java:574) [hadoop-common-3.3.1.jar:?]
	at org.apache.hadoop.ipc.ProtobufRpcEngine2$Server$ProtoBufRpcInvoker.call(ProtobufRpcEngine2.java:552) [hadoop-common-3.3.1.jar:?]
	at org.apache.hadoop.ipc.RPC$Server.call(RPC.java:1093) [hadoop-common-3.3.1.jar:?]
	at org.apache.hadoop.ipc.Server$RpcCall.run(Server.java:1035) [hadoop-common-3.3.1.jar:?]
	at org.apache.hadoop.ipc.Server$RpcCall.run(Server.java:963) [hadoop-common-3.3.1.jar:?]
	at java.security.AccessController.doPrivileged(Native Method) ~[?:1.8.0_332]
	at javax.security.auth.Subject.doAs(Subject.java:422) [?:1.8.0_332]
	at org.apache.hadoop.security.UserGroupInformation.doAs(UserGroupInformation.java:1878) [hadoop-common-3.3.1.jar:?]
	at org.apache.hadoop.ipc.Server$Handler.run(Server.java:2966) [hadoop-common-3.3.1.jar:?]
13:06:26.310 [IPC Server handler 17 on default port 45241] ERROR OMAudit - user=runner | ip=127.0.0.1 | op=GET_FILE_STATUS {volume=volume87664, bucket=bucket74908, key=gdir1/dir5, dataSize=0, replicationConfig=null} | ret=FAILURE
org.apache.hadoop.ozone.om.exceptions.OMException: Unable to get file status: volume: volume87664 bucket: bucket74908 key: gdir1/dir5
	at org.apache.hadoop.ozone.om.KeyManagerImpl.getOzoneFileStatus(KeyManagerImpl.java:1283) ~[ozone-manager-1.3.0-SNAPSHOT.jar:?]
	at org.apache.hadoop.ozone.om.KeyManagerImpl.getFileStatus(KeyManagerImpl.java:1213) ~[ozone-manager-1.3.0-SNAPSHOT.jar:?]
	at org.apache.hadoop.ozone.om.OzoneManager.getFileStatus(OzoneManager.java:3419) ~[ozone-manager-1.3.0-SNAPSHOT.jar:?]
	at org.apache.hadoop.ozone.protocolPB.OzoneManagerRequestHandler.getOzoneFileStatus(OzoneManagerRequestHandler.java:871) ~[ozone-manager-1.3.0-SNAPSHOT.jar:?]
	at org.apache.hadoop.ozone.protocolPB.OzoneManagerRequestHandler.handleReadRequest(OzoneManagerRequestHandler.java:217) ~[ozone-manager-1.3.0-SNAPSHOT.jar:?]
	at org.apache.hadoop.ozone.protocolPB.OzoneManagerProtocolServerSideTranslatorPB.submitRequestDirectlyToOM(OzoneManagerProtocolServerSideTranslatorPB.java:284) ~[ozone-manager-1.3.0-SNAPSHOT.jar:?]
	at org.apache.hadoop.ozone.protocolPB.OzoneManagerProtocolServerSideTranslatorPB.processRequest(OzoneManagerProtocolServerSideTranslatorPB.java:207) ~[ozone-manager-1.3.0-SNAPSHOT.jar:?]
	at org.apache.hadoop.hdds.server.OzoneProtocolMessageDispatcher.processRequest(OzoneProtocolMessageDispatcher.java:87) [hdds-server-framework-1.3.0-SNAPSHOT.jar:?]
	at org.apache.hadoop.ozone.protocolPB.OzoneManagerProtocolServerSideTranslatorPB.submitRequest(OzoneManagerProtocolServerSideTranslatorPB.java:147) [ozone-manager-1.3.0-SNAPSHOT.jar:?]
	at org.apache.hadoop.ozone.protocol.proto.OzoneManagerProtocolProtos$OzoneManagerService$2.callBlockingMethod(OzoneManagerProtocolProtos.java) [ozone-interface-client-1.3.0-SNAPSHOT.jar:?]
	at org.apache.hadoop.ipc.ProtobufRpcEngine$Server.processCall(ProtobufRpcEngine.java:466) [hadoop-common-3.3.1.jar:?]
	at org.apache.hadoop.ipc.ProtobufRpcEngine2$Server$ProtoBufRpcInvoker.call(ProtobufRpcEngine2.java:574) [hadoop-common-3.3.1.jar:?]
	at org.apache.hadoop.ipc.ProtobufRpcEngine2$Server$ProtoBufRpcInvoker.call(ProtobufRpcEngine2.java:552) [hadoop-common-3.3.1.jar:?]
	at org.apache.hadoop.ipc.RPC$Server.call(RPC.java:1093) [hadoop-common-3.3.1.jar:?]
	at org.apache.hadoop.ipc.Server$RpcCall.run(Server.java:1035) [hadoop-common-3.3.1.jar:?]
	at org.apache.hadoop.ipc.Server$RpcCall.run(Server.java:963) [hadoop-common-3.3.1.jar:?]
	at java.security.AccessController.doPrivileged(Native Method) ~[?:1.8.0_332]
	at javax.security.auth.Subject.doAs(Subject.java:422) [?:1.8.0_332]
	at org.apache.hadoop.security.UserGroupInformation.doAs(UserGroupInformation.java:1878) [hadoop-common-3.3.1.jar:?]
	at org.apache.hadoop.ipc.Server$Handler.run(Server.java:2966) [hadoop-common-3.3.1.jar:?]
13:06:26.310 [IPC Server handler 16 on default port 45241] ERROR OMAudit - user=runner | ip=127.0.0.1 | op=GET_FILE_STATUS {volume=volume87664, bucket=bucket74908, key=gdir1/dir5/child, dataSize=0, replicationConfig=null} | ret=FAILURE
org.apache.hadoop.ozone.om.exceptions.OMException: Unable to get file status: volume: volume87664 bucket: bucket74908 key: gdir1/dir5/child
	at org.apache.hadoop.ozone.om.KeyManagerImpl.getOzoneFileStatus(KeyManagerImpl.java:1283) ~[ozone-manager-1.3.0-SNAPSHOT.jar:?]
	at org.apache.hadoop.ozone.om.KeyManagerImpl.getFileStatus(KeyManagerImpl.java:1213) ~[ozone-manager-1.3.0-SNAPSHOT.jar:?]
	at org.apache.hadoop.ozone.om.OzoneManager.getFileStatus(OzoneManager.java:3419) ~[ozone-manager-1.3.0-SNAPSHOT.jar:?]
	at org.apache.hadoop.ozone.protocolPB.OzoneManagerRequestHandler.getOzoneFileStatus(OzoneManagerRequestHandler.java:871) ~[ozone-manager-1.3.0-SNAPSHOT.jar:?]
	at org.apache.hadoop.ozone.protocolPB.OzoneManagerRequestHandler.handleReadRequest(OzoneManagerRequestHandler.java:217) ~[ozone-manager-1.3.0-SNAPSHOT.jar:?]
	at org.apache.hadoop.ozone.protocolPB.OzoneManagerProtocolServerSideTranslatorPB.submitRequestDirectlyToOM(OzoneManagerProtocolServerSideTranslatorPB.java:284) ~[ozone-manager-1.3.0-SNAPSHOT.jar:?]
	at org.apache.hadoop.ozone.protocolPB.OzoneManagerProtocolServerSideTranslatorPB.processRequest(OzoneManagerProtocolServerSideTranslatorPB.java:207) ~[ozone-manager-1.3.0-SNAPSHOT.jar:?]
	at org.apache.hadoop.hdds.server.OzoneProtocolMessageDispatcher.processRequest(OzoneProtocolMessageDispatcher.java:87) [hdds-server-framework-1.3.0-SNAPSHOT.jar:?]
	at org.apache.hadoop.ozone.protocolPB.OzoneManagerProtocolServerSideTranslatorPB.submitRequest(OzoneManagerProtocolServerSideTranslatorPB.java:147) [ozone-manager-1.3.0-SNAPSHOT.jar:?]
	at org.apache.hadoop.ozone.protocol.proto.OzoneManagerProtocolProtos$OzoneManagerService$2.callBlockingMethod(OzoneManagerProtocolProtos.java) [ozone-interface-client-1.3.0-SNAPSHOT.jar:?]
	at org.apache.hadoop.ipc.ProtobufRpcEngine$Server.processCall(ProtobufRpcEngine.java:466) [hadoop-common-3.3.1.jar:?]
	at org.apache.hadoop.ipc.ProtobufRpcEngine2$Server$ProtoBufRpcInvoker.call(ProtobufRpcEngine2.java:574) [hadoop-common-3.3.1.jar:?]
	at org.apache.hadoop.ipc.ProtobufRpcEngine2$Server$ProtoBufRpcInvoker.call(ProtobufRpcEngine2.java:552) [hadoop-common-3.3.1.jar:?]
	at org.apache.hadoop.ipc.RPC$Server.call(RPC.java:1093) [hadoop-common-3.3.1.jar:?]
	at org.apache.hadoop.ipc.Server$RpcCall.run(Server.java:1035) [hadoop-common-3.3.1.jar:?]
	at org.apache.hadoop.ipc.Server$RpcCall.run(Server.java:963) [hadoop-common-3.3.1.jar:?]
	at java.security.AccessController.doPrivileged(Native Method) ~[?:1.8.0_332]
	at javax.security.auth.Subject.doAs(Subject.java:422) [?:1.8.0_332]
	at org.apache.hadoop.security.UserGroupInformation.doAs(UserGroupInformation.java:1878) [hadoop-common-3.3.1.jar:?]
	at org.apache.hadoop.ipc.Server$Handler.run(Server.java:2966) [hadoop-common-3.3.1.jar:?]
13:06:26.311 [IPC Server handler 15 on default port 45241] ERROR OMAudit - user=runner | ip=127.0.0.1 | op=GET_FILE_STATUS {volume=volume87664, bucket=bucket74908, key=gdir1/dir6, dataSize=0, replicationConfig=null} | ret=FAILURE
org.apache.hadoop.ozone.om.exceptions.OMException: Unable to get file status: volume: volume87664 bucket: bucket74908 key: gdir1/dir6
	at org.apache.hadoop.ozone.om.KeyManagerImpl.getOzoneFileStatus(KeyManagerImpl.java:1283) ~[ozone-manager-1.3.0-SNAPSHOT.jar:?]
	at org.apache.hadoop.ozone.om.KeyManagerImpl.getFileStatus(KeyManagerImpl.java:1213) ~[ozone-manager-1.3.0-SNAPSHOT.jar:?]
	at org.apache.hadoop.ozone.om.OzoneManager.getFileStatus(OzoneManager.java:3419) ~[ozone-manager-1.3.0-SNAPSHOT.jar:?]
	at org.apache.hadoop.ozone.protocolPB.OzoneManagerRequestHandler.getOzoneFileStatus(OzoneManagerRequestHandler.java:871) ~[ozone-manager-1.3.0-SNAPSHOT.jar:?]
	at org.apache.hadoop.ozone.protocolPB.OzoneManagerRequestHandler.handleReadRequest(OzoneManagerRequestHandler.java:217) ~[ozone-manager-1.3.0-SNAPSHOT.jar:?]
	at org.apache.hadoop.ozone.protocolPB.OzoneManagerProtocolServerSideTranslatorPB.submitRequestDirectlyToOM(OzoneManagerProtocolServerSideTranslatorPB.java:284) ~[ozone-manager-1.3.0-SNAPSHOT.jar:?]
	at org.apache.hadoop.ozone.protocolPB.OzoneManagerProtocolServerSideTranslatorPB.processRequest(OzoneManagerProtocolServerSideTranslatorPB.java:207) ~[ozone-manager-1.3.0-SNAPSHOT.jar:?]
	at org.apache.hadoop.hdds.server.OzoneProtocolMessageDispatcher.processRequest(OzoneProtocolMessageDispatcher.java:87) [hdds-server-framework-1.3.0-SNAPSHOT.jar:?]
	at org.apache.hadoop.ozone.protocolPB.OzoneManagerProtocolServerSideTranslatorPB.submitRequest(OzoneManagerProtocolServerSideTranslatorPB.java:147) [ozone-manager-1.3.0-SNAPSHOT.jar:?]
	at org.apache.hadoop.ozone.protocol.proto.OzoneManagerProtocolProtos$OzoneManagerService$2.callBlockingMethod(OzoneManagerProtocolProtos.java) [ozone-interface-client-1.3.0-SNAPSHOT.jar:?]
	at org.apache.hadoop.ipc.ProtobufRpcEngine$Server.processCall(ProtobufRpcEngine.java:466) [hadoop-common-3.3.1.jar:?]
	at org.apache.hadoop.ipc.ProtobufRpcEngine2$Server$ProtoBufRpcInvoker.call(ProtobufRpcEngine2.java:574) [hadoop-common-3.3.1.jar:?]
	at org.apache.hadoop.ipc.ProtobufRpcEngine2$Server$ProtoBufRpcInvoker.call(ProtobufRpcEngine2.java:552) [hadoop-common-3.3.1.jar:?]
	at org.apache.hadoop.ipc.RPC$Server.call(RPC.java:1093) [hadoop-common-3.3.1.jar:?]
	at org.apache.hadoop.ipc.Server$RpcCall.run(Server.java:1035) [hadoop-common-3.3.1.jar:?]
	at org.apache.hadoop.ipc.Server$RpcCall.run(Server.java:963) [hadoop-common-3.3.1.jar:?]
	at java.security.AccessController.doPrivileged(Native Method) ~[?:1.8.0_332]
	at javax.security.auth.Subject.doAs(Subject.java:422) [?:1.8.0_332]
	at org.apache.hadoop.security.UserGroupInformation.doAs(UserGroupInformation.java:1878) [hadoop-common-3.3.1.jar:?]
	at org.apache.hadoop.ipc.Server$Handler.run(Server.java:2966) [hadoop-common-3.3.1.jar:?]
13:06:26.311 [IPC Server handler 14 on default port 45241] ERROR OMAudit - user=runner | ip=127.0.0.1 | op=GET_FILE_STATUS {volume=volume87664, bucket=bucket74908, key=gdir1/dir6/child, dataSize=0, replicationConfig=null} | ret=FAILURE
org.apache.hadoop.ozone.om.exceptions.OMException: Unable to get file status: volume: volume87664 bucket: bucket74908 key: gdir1/dir6/child
	at org.apache.hadoop.ozone.om.KeyManagerImpl.getOzoneFileStatus(KeyManagerImpl.java:1283) ~[ozone-manager-1.3.0-SNAPSHOT.jar:?]
	at org.apache.hadoop.ozone.om.KeyManagerImpl.getFileStatus(KeyManagerImpl.java:1213) ~[ozone-manager-1.3.0-SNAPSHOT.jar:?]
	at org.apache.hadoop.ozone.om.OzoneManager.getFileStatus(OzoneManager.java:3419) ~[ozone-manager-1.3.0-SNAPSHOT.jar:?]
	at org.apache.hadoop.ozone.protocolPB.OzoneManagerRequestHandler.getOzoneFileStatus(OzoneManagerRequestHandler.java:871) ~[ozone-manager-1.3.0-SNAPSHOT.jar:?]
	at org.apache.hadoop.ozone.protocolPB.OzoneManagerRequestHandler.handleReadRequest(OzoneManagerRequestHandler.java:217) ~[ozone-manager-1.3.0-SNAPSHOT.jar:?]
	at org.apache.hadoop.ozone.protocolPB.OzoneManagerProtocolServerSideTranslatorPB.submitRequestDirectlyToOM(OzoneManagerProtocolServerSideTranslatorPB.java:284) ~[ozone-manager-1.3.0-SNAPSHOT.jar:?]
	at org.apache.hadoop.ozone.protocolPB.OzoneManagerProtocolServerSideTranslatorPB.processRequest(OzoneManagerProtocolServerSideTranslatorPB.java:207) ~[ozone-manager-1.3.0-SNAPSHOT.jar:?]
	at org.apache.hadoop.hdds.server.OzoneProtocolMessageDispatcher.processRequest(OzoneProtocolMessageDispatcher.java:87) [hdds-server-framework-1.3.0-SNAPSHOT.jar:?]
	at org.apache.hadoop.ozone.protocolPB.OzoneManagerProtocolServerSideTranslatorPB.submitRequest(OzoneManagerProtocolServerSideTranslatorPB.java:147) [ozone-manager-1.3.0-SNAPSHOT.jar:?]
	at org.apache.hadoop.ozone.protocol.proto.OzoneManagerProtocolProtos$OzoneManagerService$2.callBlockingMethod(OzoneManagerProtocolProtos.java) [ozone-interface-client-1.3.0-SNAPSHOT.jar:?]
	at org.apache.hadoop.ipc.ProtobufRpcEngine$Server.processCall(ProtobufRpcEngine.java:466) [hadoop-common-3.3.1.jar:?]
	at org.apache.hadoop.ipc.ProtobufRpcEngine2$Server$ProtoBufRpcInvoker.call(ProtobufRpcEngine2.java:574) [hadoop-common-3.3.1.jar:?]
	at org.apache.hadoop.ipc.ProtobufRpcEngine2$Server$ProtoBufRpcInvoker.call(ProtobufRpcEngine2.java:552) [hadoop-common-3.3.1.jar:?]
	at org.apache.hadoop.ipc.RPC$Server.call(RPC.java:1093) [hadoop-common-3.3.1.jar:?]
	at org.apache.hadoop.ipc.Server$RpcCall.run(Server.java:1035) [hadoop-common-3.3.1.jar:?]
	at org.apache.hadoop.ipc.Server$RpcCall.run(Server.java:963) [hadoop-common-3.3.1.jar:?]
	at java.security.AccessController.doPrivileged(Native Method) ~[?:1.8.0_332]
	at javax.security.auth.Subject.doAs(Subject.java:422) [?:1.8.0_332]
	at org.apache.hadoop.security.UserGroupInformation.doAs(UserGroupInformation.java:1878) [hadoop-common-3.3.1.jar:?]
	at org.apache.hadoop.ipc.Server$Handler.run(Server.java:2966) [hadoop-common-3.3.1.jar:?]
13:06:26.312 [IPC Server handler 11 on default port 45241] ERROR OMAudit - user=runner | ip=127.0.0.1 | op=GET_FILE_STATUS {volume=volume87664, bucket=bucket74908, key=gdir1/dir7, dataSize=0, replicationConfig=null} | ret=FAILURE
org.apache.hadoop.ozone.om.exceptions.OMException: Unable to get file status: volume: volume87664 bucket: bucket74908 key: gdir1/dir7
	at org.apache.hadoop.ozone.om.KeyManagerImpl.getOzoneFileStatus(KeyManagerImpl.java:1283) ~[ozone-manager-1.3.0-SNAPSHOT.jar:?]
	at org.apache.hadoop.ozone.om.KeyManagerImpl.getFileStatus(KeyManagerImpl.java:1213) ~[ozone-manager-1.3.0-SNAPSHOT.jar:?]
	at org.apache.hadoop.ozone.om.OzoneManager.getFileStatus(OzoneManager.java:3419) ~[ozone-manager-1.3.0-SNAPSHOT.jar:?]
	at org.apache.hadoop.ozone.protocolPB.OzoneManagerRequestHandler.getOzoneFileStatus(OzoneManagerRequestHandler.java:871) ~[ozone-manager-1.3.0-SNAPSHOT.jar:?]
	at org.apache.hadoop.ozone.protocolPB.OzoneManagerRequestHandler.handleReadRequest(OzoneManagerRequestHandler.java:217) ~[ozone-manager-1.3.0-SNAPSHOT.jar:?]
	at org.apache.hadoop.ozone.protocolPB.OzoneManagerProtocolServerSideTranslatorPB.submitRequestDirectlyToOM(OzoneManagerProtocolServerSideTranslatorPB.java:284) ~[ozone-manager-1.3.0-SNAPSHOT.jar:?]
	at org.apache.hadoop.ozone.protocolPB.OzoneManagerProtocolServerSideTranslatorPB.processRequest(OzoneManagerProtocolServerSideTranslatorPB.java:207) ~[ozone-manager-1.3.0-SNAPSHOT.jar:?]
	at org.apache.hadoop.hdds.server.OzoneProtocolMessageDispatcher.processRequest(OzoneProtocolMessageDispatcher.java:87) [hdds-server-framework-1.3.0-SNAPSHOT.jar:?]
	at org.apache.hadoop.ozone.protocolPB.OzoneManagerProtocolServerSideTranslatorPB.submitRequest(OzoneManagerProtocolServerSideTranslatorPB.java:147) [ozone-manager-1.3.0-SNAPSHOT.jar:?]
	at org.apache.hadoop.ozone.protocol.proto.OzoneManagerProtocolProtos$OzoneManagerService$2.callBlockingMethod(OzoneManagerProtocolProtos.java) [ozone-interface-client-1.3.0-SNAPSHOT.jar:?]
	at org.apache.hadoop.ipc.ProtobufRpcEngine$Server.processCall(ProtobufRpcEngine.java:466) [hadoop-common-3.3.1.jar:?]
	at org.apache.hadoop.ipc.ProtobufRpcEngine2$Server$ProtoBufRpcInvoker.call(ProtobufRpcEngine2.java:574) [hadoop-common-3.3.1.jar:?]
	at org.apache.hadoop.ipc.ProtobufRpcEngine2$Server$ProtoBufRpcInvoker.call(ProtobufRpcEngine2.java:552) [hadoop-common-3.3.1.jar:?]
	at org.apache.hadoop.ipc.RPC$Server.call(RPC.java:1093) [hadoop-common-3.3.1.jar:?]
	at org.apache.hadoop.ipc.Server$RpcCall.run(Server.java:1035) [hadoop-common-3.3.1.jar:?]
	at org.apache.hadoop.ipc.Server$RpcCall.run(Server.java:963) [hadoop-common-3.3.1.jar:?]
	at java.security.AccessController.doPrivileged(Native Method) ~[?:1.8.0_332]
	at javax.security.auth.Subject.doAs(Subject.java:422) [?:1.8.0_332]
	at org.apache.hadoop.security.UserGroupInformation.doAs(UserGroupInformation.java:1878) [hadoop-common-3.3.1.jar:?]
	at org.apache.hadoop.ipc.Server$Handler.run(Server.java:2966) [hadoop-common-3.3.1.jar:?]
13:06:26.313 [IPC Server handler 8 on default port 45241] ERROR OMAudit - user=runner | ip=127.0.0.1 | op=GET_FILE_STATUS {volume=volume87664, bucket=bucket74908, key=gdir1/dir7/child, dataSize=0, replicationConfig=null} | ret=FAILURE
org.apache.hadoop.ozone.om.exceptions.OMException: Unable to get file status: volume: volume87664 bucket: bucket74908 key: gdir1/dir7/child
	at org.apache.hadoop.ozone.om.KeyManagerImpl.getOzoneFileStatus(KeyManagerImpl.java:1283) ~[ozone-manager-1.3.0-SNAPSHOT.jar:?]
	at org.apache.hadoop.ozone.om.KeyManagerImpl.getFileStatus(KeyManagerImpl.java:1213) ~[ozone-manager-1.3.0-SNAPSHOT.jar:?]
	at org.apache.hadoop.ozone.om.OzoneManager.getFileStatus(OzoneManager.java:3419) ~[ozone-manager-1.3.0-SNAPSHOT.jar:?]
	at org.apache.hadoop.ozone.protocolPB.OzoneManagerRequestHandler.getOzoneFileStatus(OzoneManagerRequestHandler.java:871) ~[ozone-manager-1.3.0-SNAPSHOT.jar:?]
	at org.apache.hadoop.ozone.protocolPB.OzoneManagerRequestHandler.handleReadRequest(OzoneManagerRequestHandler.java:217) ~[ozone-manager-1.3.0-SNAPSHOT.jar:?]
	at org.apache.hadoop.ozone.protocolPB.OzoneManagerProtocolServerSideTranslatorPB.submitRequestDirectlyToOM(OzoneManagerProtocolServerSideTranslatorPB.java:284) ~[ozone-manager-1.3.0-SNAPSHOT.jar:?]
	at org.apache.hadoop.ozone.protocolPB.OzoneManagerProtocolServerSideTranslatorPB.processRequest(OzoneManagerProtocolServerSideTranslatorPB.java:207) ~[ozone-manager-1.3.0-SNAPSHOT.jar:?]
	at org.apache.hadoop.hdds.server.OzoneProtocolMessageDispatcher.processRequest(OzoneProtocolMessageDispatcher.java:87) [hdds-server-framework-1.3.0-SNAPSHOT.jar:?]
	at org.apache.hadoop.ozone.protocolPB.OzoneManagerProtocolServerSideTranslatorPB.submitRequest(OzoneManagerProtocolServerSideTranslatorPB.java:147) [ozone-manager-1.3.0-SNAPSHOT.jar:?]
	at org.apache.hadoop.ozone.protocol.proto.OzoneManagerProtocolProtos$OzoneManagerService$2.callBlockingMethod(OzoneManagerProtocolProtos.java) [ozone-interface-client-1.3.0-SNAPSHOT.jar:?]
	at org.apache.hadoop.ipc.ProtobufRpcEngine$Server.processCall(ProtobufRpcEngine.java:466) [hadoop-common-3.3.1.jar:?]
	at org.apache.hadoop.ipc.ProtobufRpcEngine2$Server$ProtoBufRpcInvoker.call(ProtobufRpcEngine2.java:574) [hadoop-common-3.3.1.jar:?]
	at org.apache.hadoop.ipc.ProtobufRpcEngine2$Server$ProtoBufRpcInvoker.call(ProtobufRpcEngine2.java:552) [hadoop-common-3.3.1.jar:?]
	at org.apache.hadoop.ipc.RPC$Server.call(RPC.java:1093) [hadoop-common-3.3.1.jar:?]
	at org.apache.hadoop.ipc.Server$RpcCall.run(Server.java:1035) [hadoop-common-3.3.1.jar:?]
	at org.apache.hadoop.ipc.Server$RpcCall.run(Server.java:963) [hadoop-common-3.3.1.jar:?]
	at java.security.AccessController.doPrivileged(Native Method) ~[?:1.8.0_332]
	at javax.security.auth.Subject.doAs(Subject.java:422) [?:1.8.0_332]
	at org.apache.hadoop.security.UserGroupInformation.doAs(UserGroupInformation.java:1878) [hadoop-common-3.3.1.jar:?]
	at org.apache.hadoop.ipc.Server$Handler.run(Server.java:2966) [hadoop-common-3.3.1.jar:?]
13:06:26.313 [IPC Server handler 7 on default port 45241] ERROR OMAudit - user=runner | ip=127.0.0.1 | op=GET_FILE_STATUS {volume=volume87664, bucket=bucket74908, key=gdir1/dir8, dataSize=0, replicationConfig=null} | ret=FAILURE
org.apache.hadoop.ozone.om.exceptions.OMException: Unable to get file status: volume: volume87664 bucket: bucket74908 key: gdir1/dir8
	at org.apache.hadoop.ozone.om.KeyManagerImpl.getOzoneFileStatus(KeyManagerImpl.java:1283) ~[ozone-manager-1.3.0-SNAPSHOT.jar:?]
	at org.apache.hadoop.ozone.om.KeyManagerImpl.getFileStatus(KeyManagerImpl.java:1213) ~[ozone-manager-1.3.0-SNAPSHOT.jar:?]
	at org.apache.hadoop.ozone.om.OzoneManager.getFileStatus(OzoneManager.java:3419) ~[ozone-manager-1.3.0-SNAPSHOT.jar:?]
	at org.apache.hadoop.ozone.protocolPB.OzoneManagerRequestHandler.getOzoneFileStatus(OzoneManagerRequestHandler.java:871) ~[ozone-manager-1.3.0-SNAPSHOT.jar:?]
	at org.apache.hadoop.ozone.protocolPB.OzoneManagerRequestHandler.handleReadRequest(OzoneManagerRequestHandler.java:217) ~[ozone-manager-1.3.0-SNAPSHOT.jar:?]
	at org.apache.hadoop.ozone.protocolPB.OzoneManagerProtocolServerSideTranslatorPB.submitRequestDirectlyToOM(OzoneManagerProtocolServerSideTranslatorPB.java:284) ~[ozone-manager-1.3.0-SNAPSHOT.jar:?]
	at org.apache.hadoop.ozone.protocolPB.OzoneManagerProtocolServerSideTranslatorPB.processRequest(OzoneManagerProtocolServerSideTranslatorPB.java:207) ~[ozone-manager-1.3.0-SNAPSHOT.jar:?]
	at org.apache.hadoop.hdds.server.OzoneProtocolMessageDispatcher.processRequest(OzoneProtocolMessageDispatcher.java:87) [hdds-server-framework-1.3.0-SNAPSHOT.jar:?]
	at org.apache.hadoop.ozone.protocolPB.OzoneManagerProtocolServerSideTranslatorPB.submitRequest(OzoneManagerProtocolServerSideTranslatorPB.java:147) [ozone-manager-1.3.0-SNAPSHOT.jar:?]
	at org.apache.hadoop.ozone.protocol.proto.OzoneManagerProtocolProtos$OzoneManagerService$2.callBlockingMethod(OzoneManagerProtocolProtos.java) [ozone-interface-client-1.3.0-SNAPSHOT.jar:?]
	at org.apache.hadoop.ipc.ProtobufRpcEngine$Server.processCall(ProtobufRpcEngine.java:466) [hadoop-common-3.3.1.jar:?]
	at org.apache.hadoop.ipc.ProtobufRpcEngine2$Server$ProtoBufRpcInvoker.call(ProtobufRpcEngine2.java:574) [hadoop-common-3.3.1.jar:?]
	at org.apache.hadoop.ipc.ProtobufRpcEngine2$Server$ProtoBufRpcInvoker.call(ProtobufRpcEngine2.java:552) [hadoop-common-3.3.1.jar:?]
	at org.apache.hadoop.ipc.RPC$Server.call(RPC.java:1093) [hadoop-common-3.3.1.jar:?]
	at org.apache.hadoop.ipc.Server$RpcCall.run(Server.java:1035) [hadoop-common-3.3.1.jar:?]
	at org.apache.hadoop.ipc.Server$RpcCall.run(Server.java:963) [hadoop-common-3.3.1.jar:?]
	at java.security.AccessController.doPrivileged(Native Method) ~[?:1.8.0_332]
	at javax.security.auth.Subject.doAs(Subject.java:422) [?:1.8.0_332]
	at org.apache.hadoop.security.UserGroupInformation.doAs(UserGroupInformation.java:1878) [hadoop-common-3.3.1.jar:?]
	at org.apache.hadoop.ipc.Server$Handler.run(Server.java:2966) [hadoop-common-3.3.1.jar:?]
13:06:26.314 [IPC Server handler 6 on default port 45241] ERROR OMAudit - user=runner | ip=127.0.0.1 | op=GET_FILE_STATUS {volume=volume87664, bucket=bucket74908, key=gdir1/dir8/child, dataSize=0, replicationConfig=null} | ret=FAILURE
org.apache.hadoop.ozone.om.exceptions.OMException: Unable to get file status: volume: volume87664 bucket: bucket74908 key: gdir1/dir8/child
	at org.apache.hadoop.ozone.om.KeyManagerImpl.getOzoneFileStatus(KeyManagerImpl.java:1283) ~[ozone-manager-1.3.0-SNAPSHOT.jar:?]
	at org.apache.hadoop.ozone.om.KeyManagerImpl.getFileStatus(KeyManagerImpl.java:1213) ~[ozone-manager-1.3.0-SNAPSHOT.jar:?]
	at org.apache.hadoop.ozone.om.OzoneManager.getFileStatus(OzoneManager.java:3419) ~[ozone-manager-1.3.0-SNAPSHOT.jar:?]
	at org.apache.hadoop.ozone.protocolPB.OzoneManagerRequestHandler.getOzoneFileStatus(OzoneManagerRequestHandler.java:871) ~[ozone-manager-1.3.0-SNAPSHOT.jar:?]
	at org.apache.hadoop.ozone.protocolPB.OzoneManagerRequestHandler.handleReadRequest(OzoneManagerRequestHandler.java:217) ~[ozone-manager-1.3.0-SNAPSHOT.jar:?]
	at org.apache.hadoop.ozone.protocolPB.OzoneManagerProtocolServerSideTranslatorPB.submitRequestDirectlyToOM(OzoneManagerProtocolServerSideTranslatorPB.java:284) ~[ozone-manager-1.3.0-SNAPSHOT.jar:?]
	at org.apache.hadoop.ozone.protocolPB.OzoneManagerProtocolServerSideTranslatorPB.processRequest(OzoneManagerProtocolServerSideTranslatorPB.java:207) ~[ozone-manager-1.3.0-SNAPSHOT.jar:?]
	at org.apache.hadoop.hdds.server.OzoneProtocolMessageDispatcher.processRequest(OzoneProtocolMessageDispatcher.java:87) [hdds-server-framework-1.3.0-SNAPSHOT.jar:?]
	at org.apache.hadoop.ozone.protocolPB.OzoneManagerProtocolServerSideTranslatorPB.submitRequest(OzoneManagerProtocolServerSideTranslatorPB.java:147) [ozone-manager-1.3.0-SNAPSHOT.jar:?]
	at org.apache.hadoop.ozone.protocol.proto.OzoneManagerProtocolProtos$OzoneManagerService$2.callBlockingMethod(OzoneManagerProtocolProtos.java) [ozone-interface-client-1.3.0-SNAPSHOT.jar:?]
	at org.apache.hadoop.ipc.ProtobufRpcEngine$Server.processCall(ProtobufRpcEngine.java:466) [hadoop-common-3.3.1.jar:?]
	at org.apache.hadoop.ipc.ProtobufRpcEngine2$Server$ProtoBufRpcInvoker.call(ProtobufRpcEngine2.java:574) [hadoop-common-3.3.1.jar:?]
	at org.apache.hadoop.ipc.ProtobufRpcEngine2$Server$ProtoBufRpcInvoker.call(ProtobufRpcEngine2.java:552) [hadoop-common-3.3.1.jar:?]
	at org.apache.hadoop.ipc.RPC$Server.call(RPC.java:1093) [hadoop-common-3.3.1.jar:?]
	at org.apache.hadoop.ipc.Server$RpcCall.run(Server.java:1035) [hadoop-common-3.3.1.jar:?]
	at org.apache.hadoop.ipc.Server$RpcCall.run(Server.java:963) [hadoop-common-3.3.1.jar:?]
	at java.security.AccessController.doPrivileged(Native Method) ~[?:1.8.0_332]
	at javax.security.auth.Subject.doAs(Subject.java:422) [?:1.8.0_332]
	at org.apache.hadoop.security.UserGroupInformation.doAs(UserGroupInformation.java:1878) [hadoop-common-3.3.1.jar:?]
	at org.apache.hadoop.ipc.Server$Handler.run(Server.java:2966) [hadoop-common-3.3.1.jar:?]
13:06:26.316 [IPC Server handler 5 on default port 45241] ERROR OMAudit - user=runner | ip=127.0.0.1 | op=GET_FILE_STATUS {volume=volume87664, bucket=bucket74908, key=gdir1/dir9, dataSize=0, replicationConfig=null} | ret=FAILURE
org.apache.hadoop.ozone.om.exceptions.OMException: Unable to get file status: volume: volume87664 bucket: bucket74908 key: gdir1/dir9
	at org.apache.hadoop.ozone.om.KeyManagerImpl.getOzoneFileStatus(KeyManagerImpl.java:1283) ~[ozone-manager-1.3.0-SNAPSHOT.jar:?]
	at org.apache.hadoop.ozone.om.KeyManagerImpl.getFileStatus(KeyManagerImpl.java:1213) ~[ozone-manager-1.3.0-SNAPSHOT.jar:?]
	at org.apache.hadoop.ozone.om.OzoneManager.getFileStatus(OzoneManager.java:3419) ~[ozone-manager-1.3.0-SNAPSHOT.jar:?]
	at org.apache.hadoop.ozone.protocolPB.OzoneManagerRequestHandler.getOzoneFileStatus(OzoneManagerRequestHandler.java:871) ~[ozone-manager-1.3.0-SNAPSHOT.jar:?]
	at org.apache.hadoop.ozone.protocolPB.OzoneManagerRequestHandler.handleReadRequest(OzoneManagerRequestHandler.java:217) ~[ozone-manager-1.3.0-SNAPSHOT.jar:?]
	at org.apache.hadoop.ozone.protocolPB.OzoneManagerProtocolServerSideTranslatorPB.submitRequestDirectlyToOM(OzoneManagerProtocolServerSideTranslatorPB.java:284) ~[ozone-manager-1.3.0-SNAPSHOT.jar:?]
	at org.apache.hadoop.ozone.protocolPB.OzoneManagerProtocolServerSideTranslatorPB.processRequest(OzoneManagerProtocolServerSideTranslatorPB.java:207) ~[ozone-manager-1.3.0-SNAPSHOT.jar:?]
	at org.apache.hadoop.hdds.server.OzoneProtocolMessageDispatcher.processRequest(OzoneProtocolMessageDispatcher.java:87) [hdds-server-framework-1.3.0-SNAPSHOT.jar:?]
	at org.apache.hadoop.ozone.protocolPB.OzoneManagerProtocolServerSideTranslatorPB.submitRequest(OzoneManagerProtocolServerSideTranslatorPB.java:147) [ozone-manager-1.3.0-SNAPSHOT.jar:?]
	at org.apache.hadoop.ozone.protocol.proto.OzoneManagerProtocolProtos$OzoneManagerService$2.callBlockingMethod(OzoneManagerProtocolProtos.java) [ozone-interface-client-1.3.0-SNAPSHOT.jar:?]
	at org.apache.hadoop.ipc.ProtobufRpcEngine$Server.processCall(ProtobufRpcEngine.java:466) [hadoop-common-3.3.1.jar:?]
	at org.apache.hadoop.ipc.ProtobufRpcEngine2$Server$ProtoBufRpcInvoker.call(ProtobufRpcEngine2.java:574) [hadoop-common-3.3.1.jar:?]
	at org.apache.hadoop.ipc.ProtobufRpcEngine2$Server$ProtoBufRpcInvoker.call(ProtobufRpcEngine2.java:552) [hadoop-common-3.3.1.jar:?]
	at org.apache.hadoop.ipc.RPC$Server.call(RPC.java:1093) [hadoop-common-3.3.1.jar:?]
	at org.apache.hadoop.ipc.Server$RpcCall.run(Server.java:1035) [hadoop-common-3.3.1.jar:?]
	at org.apache.hadoop.ipc.Server$RpcCall.run(Server.java:963) [hadoop-common-3.3.1.jar:?]
	at java.security.AccessController.doPrivileged(Native Method) ~[?:1.8.0_332]
	at javax.security.auth.Subject.doAs(Subject.java:422) [?:1.8.0_332]
	at org.apache.hadoop.security.UserGroupInformation.doAs(UserGroupInformation.java:1878) [hadoop-common-3.3.1.jar:?]
	at org.apache.hadoop.ipc.Server$Handler.run(Server.java:2966) [hadoop-common-3.3.1.jar:?]
13:06:26.317 [IPC Server handler 4 on default port 45241] ERROR OMAudit - user=runner | ip=127.0.0.1 | op=GET_FILE_STATUS {volume=volume87664, bucket=bucket74908, key=gdir1/dir9/child, dataSize=0, replicationConfig=null} | ret=FAILURE
org.apache.hadoop.ozone.om.exceptions.OMException: Unable to get file status: volume: volume87664 bucket: bucket74908 key: gdir1/dir9/child
	at org.apache.hadoop.ozone.om.KeyManagerImpl.getOzoneFileStatus(KeyManagerImpl.java:1283) ~[ozone-manager-1.3.0-SNAPSHOT.jar:?]
	at org.apache.hadoop.ozone.om.KeyManagerImpl.getFileStatus(KeyManagerImpl.java:1213) ~[ozone-manager-1.3.0-SNAPSHOT.jar:?]
	at org.apache.hadoop.ozone.om.OzoneManager.getFileStatus(OzoneManager.java:3419) ~[ozone-manager-1.3.0-SNAPSHOT.jar:?]
	at org.apache.hadoop.ozone.protocolPB.OzoneManagerRequestHandler.getOzoneFileStatus(OzoneManagerRequestHandler.java:871) ~[ozone-manager-1.3.0-SNAPSHOT.jar:?]
	at org.apache.hadoop.ozone.protocolPB.OzoneManagerRequestHandler.handleReadRequest(OzoneManagerRequestHandler.java:217) ~[ozone-manager-1.3.0-SNAPSHOT.jar:?]
	at org.apache.hadoop.ozone.protocolPB.OzoneManagerProtocolServerSideTranslatorPB.submitRequestDirectlyToOM(OzoneManagerProtocolServerSideTranslatorPB.java:284) ~[ozone-manager-1.3.0-SNAPSHOT.jar:?]
	at org.apache.hadoop.ozone.protocolPB.OzoneManagerProtocolServerSideTranslatorPB.processRequest(OzoneManagerProtocolServerSideTranslatorPB.java:207) ~[ozone-manager-1.3.0-SNAPSHOT.jar:?]
	at org.apache.hadoop.hdds.server.OzoneProtocolMessageDispatcher.processRequest(OzoneProtocolMessageDispatcher.java:87) [hdds-server-framework-1.3.0-SNAPSHOT.jar:?]
	at org.apache.hadoop.ozone.protocolPB.OzoneManagerProtocolServerSideTranslatorPB.submitRequest(OzoneManagerProtocolServerSideTranslatorPB.java:147) [ozone-manager-1.3.0-SNAPSHOT.jar:?]
	at org.apache.hadoop.ozone.protocol.proto.OzoneManagerProtocolProtos$OzoneManagerService$2.callBlockingMethod(OzoneManagerProtocolProtos.java) [ozone-interface-client-1.3.0-SNAPSHOT.jar:?]
	at org.apache.hadoop.ipc.ProtobufRpcEngine$Server.processCall(ProtobufRpcEngine.java:466) [hadoop-common-3.3.1.jar:?]
	at org.apache.hadoop.ipc.ProtobufRpcEngine2$Server$ProtoBufRpcInvoker.call(ProtobufRpcEngine2.java:574) [hadoop-common-3.3.1.jar:?]
	at org.apache.hadoop.ipc.ProtobufRpcEngine2$Server$ProtoBufRpcInvoker.call(ProtobufRpcEngine2.java:552) [hadoop-common-3.3.1.jar:?]
	at org.apache.hadoop.ipc.RPC$Server.call(RPC.java:1093) [hadoop-common-3.3.1.jar:?]
	at org.apache.hadoop.ipc.Server$RpcCall.run(Server.java:1035) [hadoop-common-3.3.1.jar:?]
	at org.apache.hadoop.ipc.Server$RpcCall.run(Server.java:963) [hadoop-common-3.3.1.jar:?]
	at java.security.AccessController.doPrivileged(Native Method) ~[?:1.8.0_332]
	at javax.security.auth.Subject.doAs(Subject.java:422) [?:1.8.0_332]
	at org.apache.hadoop.security.UserGroupInformation.doAs(UserGroupInformation.java:1878) [hadoop-common-3.3.1.jar:?]
	at org.apache.hadoop.ipc.Server$Handler.run(Server.java:2966) [hadoop-common-3.3.1.jar:?]
13:06:26.317 [IPC Server handler 1 on default port 45241] ERROR OMAudit - user=runner | ip=127.0.0.1 | op=GET_FILE_STATUS {volume=volume87664, bucket=bucket74908, key=gdir1/dir10, dataSize=0, replicationConfig=null} | ret=FAILURE
org.apache.hadoop.ozone.om.exceptions.OMException: Unable to get file status: volume: volume87664 bucket: bucket74908 key: gdir1/dir10
	at org.apache.hadoop.ozone.om.KeyManagerImpl.getOzoneFileStatus(KeyManagerImpl.java:1283) ~[ozone-manager-1.3.0-SNAPSHOT.jar:?]
	at org.apache.hadoop.ozone.om.KeyManagerImpl.getFileStatus(KeyManagerImpl.java:1213) ~[ozone-manager-1.3.0-SNAPSHOT.jar:?]
	at org.apache.hadoop.ozone.om.OzoneManager.getFileStatus(OzoneManager.java:3419) ~[ozone-manager-1.3.0-SNAPSHOT.jar:?]
	at org.apache.hadoop.ozone.protocolPB.OzoneManagerRequestHandler.getOzoneFileStatus(OzoneManagerRequestHandler.java:871) ~[ozone-manager-1.3.0-SNAPSHOT.jar:?]
	at org.apache.hadoop.ozone.protocolPB.OzoneManagerRequestHandler.handleReadRequest(OzoneManagerRequestHandler.java:217) ~[ozone-manager-1.3.0-SNAPSHOT.jar:?]
	at org.apache.hadoop.ozone.protocolPB.OzoneManagerProtocolServerSideTranslatorPB.submitRequestDirectlyToOM(OzoneManagerProtocolServerSideTranslatorPB.java:284) ~[ozone-manager-1.3.0-SNAPSHOT.jar:?]
	at org.apache.hadoop.ozone.protocolPB.OzoneManagerProtocolServerSideTranslatorPB.processRequest(OzoneManagerProtocolServerSideTranslatorPB.java:207) ~[ozone-manager-1.3.0-SNAPSHOT.jar:?]
	at org.apache.hadoop.hdds.server.OzoneProtocolMessageDispatcher.processRequest(OzoneProtocolMessageDispatcher.java:87) [hdds-server-framework-1.3.0-SNAPSHOT.jar:?]
	at org.apache.hadoop.ozone.protocolPB.OzoneManagerProtocolServerSideTranslatorPB.submitRequest(OzoneManagerProtocolServerSideTranslatorPB.java:147) [ozone-manager-1.3.0-SNAPSHOT.jar:?]
	at org.apache.hadoop.ozone.protocol.proto.OzoneManagerProtocolProtos$OzoneManagerService$2.callBlockingMethod(OzoneManagerProtocolProtos.java) [ozone-interface-client-1.3.0-SNAPSHOT.jar:?]
	at org.apache.hadoop.ipc.ProtobufRpcEngine$Server.processCall(ProtobufRpcEngine.java:466) [hadoop-common-3.3.1.jar:?]
	at org.apache.hadoop.ipc.ProtobufRpcEngine2$Server$ProtoBufRpcInvoker.call(ProtobufRpcEngine2.java:574) [hadoop-common-3.3.1.jar:?]
	at org.apache.hadoop.ipc.ProtobufRpcEngine2$Server$ProtoBufRpcInvoker.call(ProtobufRpcEngine2.java:552) [hadoop-common-3.3.1.jar:?]
	at org.apache.hadoop.ipc.RPC$Server.call(RPC.java:1093) [hadoop-common-3.3.1.jar:?]
	at org.apache.hadoop.ipc.Server$RpcCall.run(Server.java:1035) [hadoop-common-3.3.1.jar:?]
	at org.apache.hadoop.ipc.Server$RpcCall.run(Server.java:963) [hadoop-common-3.3.1.jar:?]
	at java.security.AccessController.doPrivileged(Native Method) ~[?:1.8.0_332]
	at javax.security.auth.Subject.doAs(Subject.java:422) [?:1.8.0_332]
	at org.apache.hadoop.security.UserGroupInformation.doAs(UserGroupInformation.java:1878) [hadoop-common-3.3.1.jar:?]
	at org.apache.hadoop.ipc.Server$Handler.run(Server.java:2966) [hadoop-common-3.3.1.jar:?]
13:06:26.318 [IPC Server handler 2 on default port 45241] ERROR OMAudit - user=runner | ip=127.0.0.1 | op=GET_FILE_STATUS {volume=volume87664, bucket=bucket74908, key=gdir1/dir10/child, dataSize=0, replicationConfig=null} | ret=FAILURE
org.apache.hadoop.ozone.om.exceptions.OMException: Unable to get file status: volume: volume87664 bucket: bucket74908 key: gdir1/dir10/child
	at org.apache.hadoop.ozone.om.KeyManagerImpl.getOzoneFileStatus(KeyManagerImpl.java:1283) ~[ozone-manager-1.3.0-SNAPSHOT.jar:?]
	at org.apache.hadoop.ozone.om.KeyManagerImpl.getFileStatus(KeyManagerImpl.java:1213) ~[ozone-manager-1.3.0-SNAPSHOT.jar:?]
	at org.apache.hadoop.ozone.om.OzoneManager.getFileStatus(OzoneManager.java:3419) ~[ozone-manager-1.3.0-SNAPSHOT.jar:?]
	at org.apache.hadoop.ozone.protocolPB.OzoneManagerRequestHandler.getOzoneFileStatus(OzoneManagerRequestHandler.java:871) ~[ozone-manager-1.3.0-SNAPSHOT.jar:?]
	at org.apache.hadoop.ozone.protocolPB.OzoneManagerRequestHandler.handleReadRequest(OzoneManagerRequestHandler.java:217) ~[ozone-manager-1.3.0-SNAPSHOT.jar:?]
	at org.apache.hadoop.ozone.protocolPB.OzoneManagerProtocolServerSideTranslatorPB.submitRequestDirectlyToOM(OzoneManagerProtocolServerSideTranslatorPB.java:284) ~[ozone-manager-1.3.0-SNAPSHOT.jar:?]
	at org.apache.hadoop.ozone.protocolPB.OzoneManagerProtocolServerSideTranslatorPB.processRequest(OzoneManagerProtocolServerSideTranslatorPB.java:207) ~[ozone-manager-1.3.0-SNAPSHOT.jar:?]
	at org.apache.hadoop.hdds.server.OzoneProtocolMessageDispatcher.processRequest(OzoneProtocolMessageDispatcher.java:87) [hdds-server-framework-1.3.0-SNAPSHOT.jar:?]
	at org.apache.hadoop.ozone.protocolPB.OzoneManagerProtocolServerSideTranslatorPB.submitRequest(OzoneManagerProtocolServerSideTranslatorPB.java:147) [ozone-manager-1.3.0-SNAPSHOT.jar:?]
	at org.apache.hadoop.ozone.protocol.proto.OzoneManagerProtocolProtos$OzoneManagerService$2.callBlockingMethod(OzoneManagerProtocolProtos.java) [ozone-interface-client-1.3.0-SNAPSHOT.jar:?]
	at org.apache.hadoop.ipc.ProtobufRpcEngine$Server.processCall(ProtobufRpcEngine.java:466) [hadoop-common-3.3.1.jar:?]
	at org.apache.hadoop.ipc.ProtobufRpcEngine2$Server$ProtoBufRpcInvoker.call(ProtobufRpcEngine2.java:574) [hadoop-common-3.3.1.jar:?]
	at org.apache.hadoop.ipc.ProtobufRpcEngine2$Server$ProtoBufRpcInvoker.call(ProtobufRpcEngine2.java:552) [hadoop-common-3.3.1.jar:?]
	at org.apache.hadoop.ipc.RPC$Server.call(RPC.java:1093) [hadoop-common-3.3.1.jar:?]
	at org.apache.hadoop.ipc.Server$RpcCall.run(Server.java:1035) [hadoop-common-3.3.1.jar:?]
	at org.apache.hadoop.ipc.Server$RpcCall.run(Server.java:963) [hadoop-common-3.3.1.jar:?]
	at java.security.AccessController.doPrivileged(Native Method) ~[?:1.8.0_332]
	at javax.security.auth.Subject.doAs(Subject.java:422) [?:1.8.0_332]
	at org.apache.hadoop.security.UserGroupInformation.doAs(UserGroupInformation.java:1878) [hadoop-common-3.3.1.jar:?]
	at org.apache.hadoop.ipc.Server$Handler.run(Server.java:2966) [hadoop-common-3.3.1.jar:?]
13:06:26.364 [IPC Server handler 8 on default port 45241] ERROR OMAudit - user=runner | ip=127.0.0.1 | op=GET_FILE_STATUS {volume=volume87664, bucket=bucket74908, key=level0, dataSize=0, replicationConfig=null} | ret=FAILURE
org.apache.hadoop.ozone.om.exceptions.OMException: Unable to get file status: volume: volume87664 bucket: bucket74908 key: level0
	at org.apache.hadoop.ozone.om.KeyManagerImpl.getOzoneFileStatus(KeyManagerImpl.java:1283) ~[ozone-manager-1.3.0-SNAPSHOT.jar:?]
	at org.apache.hadoop.ozone.om.KeyManagerImpl.getFileStatus(KeyManagerImpl.java:1213) ~[ozone-manager-1.3.0-SNAPSHOT.jar:?]
	at org.apache.hadoop.ozone.om.OzoneManager.getFileStatus(OzoneManager.java:3419) ~[ozone-manager-1.3.0-SNAPSHOT.jar:?]
	at org.apache.hadoop.ozone.protocolPB.OzoneManagerRequestHandler.getOzoneFileStatus(OzoneManagerRequestHandler.java:871) ~[ozone-manager-1.3.0-SNAPSHOT.jar:?]
	at org.apache.hadoop.ozone.protocolPB.OzoneManagerRequestHandler.handleReadRequest(OzoneManagerRequestHandler.java:217) ~[ozone-manager-1.3.0-SNAPSHOT.jar:?]
	at org.apache.hadoop.ozone.protocolPB.OzoneManagerProtocolServerSideTranslatorPB.submitRequestDirectlyToOM(OzoneManagerProtocolServerSideTranslatorPB.java:284) ~[ozone-manager-1.3.0-SNAPSHOT.jar:?]
	at org.apache.hadoop.ozone.protocolPB.OzoneManagerProtocolServerSideTranslatorPB.processRequest(OzoneManagerProtocolServerSideTranslatorPB.java:207) ~[ozone-manager-1.3.0-SNAPSHOT.jar:?]
	at org.apache.hadoop.hdds.server.OzoneProtocolMessageDispatcher.processRequest(OzoneProtocolMessageDispatcher.java:87) [hdds-server-framework-1.3.0-SNAPSHOT.jar:?]
	at org.apache.hadoop.ozone.protocolPB.OzoneManagerProtocolServerSideTranslatorPB.submitRequest(OzoneManagerProtocolServerSideTranslatorPB.java:147) [ozone-manager-1.3.0-SNAPSHOT.jar:?]
	at org.apache.hadoop.ozone.protocol.proto.OzoneManagerProtocolProtos$OzoneManagerService$2.callBlockingMethod(OzoneManagerProtocolProtos.java) [ozone-interface-client-1.3.0-SNAPSHOT.jar:?]
	at org.apache.hadoop.ipc.ProtobufRpcEngine$Server.processCall(ProtobufRpcEngine.java:466) [hadoop-common-3.3.1.jar:?]
	at org.apache.hadoop.ipc.ProtobufRpcEngine2$Server$ProtoBufRpcInvoker.call(ProtobufRpcEngine2.java:574) [hadoop-common-3.3.1.jar:?]
	at org.apache.hadoop.ipc.ProtobufRpcEngine2$Server$ProtoBufRpcInvoker.call(ProtobufRpcEngine2.java:552) [hadoop-common-3.3.1.jar:?]
	at org.apache.hadoop.ipc.RPC$Server.call(RPC.java:1093) [hadoop-common-3.3.1.jar:?]
	at org.apache.hadoop.ipc.Server$RpcCall.run(Server.java:1035) [hadoop-common-3.3.1.jar:?]
	at org.apache.hadoop.ipc.Server$RpcCall.run(Server.java:963) [hadoop-common-3.3.1.jar:?]
	at java.security.AccessController.doPrivileged(Native Method) ~[?:1.8.0_332]
	at javax.security.auth.Subject.doAs(Subject.java:422) [?:1.8.0_332]
	at org.apache.hadoop.security.UserGroupInformation.doAs(UserGroupInformation.java:1878) [hadoop-common-3.3.1.jar:?]
	at org.apache.hadoop.ipc.Server$Handler.run(Server.java:2966) [hadoop-common-3.3.1.jar:?]
13:06:26.365 [IPC Server handler 7 on default port 45241] ERROR OMAudit - user=runner | ip=127.0.0.1 | op=GET_FILE_STATUS {volume=volume87664, bucket=bucket74908, key=level0/level1, dataSize=0, replicationConfig=null} | ret=FAILURE
org.apache.hadoop.ozone.om.exceptions.OMException: Unable to get file status: volume: volume87664 bucket: bucket74908 key: level0/level1
	at org.apache.hadoop.ozone.om.KeyManagerImpl.getOzoneFileStatus(KeyManagerImpl.java:1283) ~[ozone-manager-1.3.0-SNAPSHOT.jar:?]
	at org.apache.hadoop.ozone.om.KeyManagerImpl.getFileStatus(KeyManagerImpl.java:1213) ~[ozone-manager-1.3.0-SNAPSHOT.jar:?]
	at org.apache.hadoop.ozone.om.OzoneManager.getFileStatus(OzoneManager.java:3419) ~[ozone-manager-1.3.0-SNAPSHOT.jar:?]
	at org.apache.hadoop.ozone.protocolPB.OzoneManagerRequestHandler.getOzoneFileStatus(OzoneManagerRequestHandler.java:871) ~[ozone-manager-1.3.0-SNAPSHOT.jar:?]
	at org.apache.hadoop.ozone.protocolPB.OzoneManagerRequestHandler.handleReadRequest(OzoneManagerRequestHandler.java:217) ~[ozone-manager-1.3.0-SNAPSHOT.jar:?]
	at org.apache.hadoop.ozone.protocolPB.OzoneManagerProtocolServerSideTranslatorPB.submitRequestDirectlyToOM(OzoneManagerProtocolServerSideTranslatorPB.java:284) ~[ozone-manager-1.3.0-SNAPSHOT.jar:?]
	at org.apache.hadoop.ozone.protocolPB.OzoneManagerProtocolServerSideTranslatorPB.processRequest(OzoneManagerProtocolServerSideTranslatorPB.java:207) ~[ozone-manager-1.3.0-SNAPSHOT.jar:?]
	at org.apache.hadoop.hdds.server.OzoneProtocolMessageDispatcher.processRequest(OzoneProtocolMessageDispatcher.java:87) [hdds-server-framework-1.3.0-SNAPSHOT.jar:?]
	at org.apache.hadoop.ozone.protocolPB.OzoneManagerProtocolServerSideTranslatorPB.submitRequest(OzoneManagerProtocolServerSideTranslatorPB.java:147) [ozone-manager-1.3.0-SNAPSHOT.jar:?]
	at org.apache.hadoop.ozone.protocol.proto.OzoneManagerProtocolProtos$OzoneManagerService$2.callBlockingMethod(OzoneManagerProtocolProtos.java) [ozone-interface-client-1.3.0-SNAPSHOT.jar:?]
	at org.apache.hadoop.ipc.ProtobufRpcEngine$Server.processCall(ProtobufRpcEngine.java:466) [hadoop-common-3.3.1.jar:?]
	at org.apache.hadoop.ipc.ProtobufRpcEngine2$Server$ProtoBufRpcInvoker.call(ProtobufRpcEngine2.java:574) [hadoop-common-3.3.1.jar:?]
	at org.apache.hadoop.ipc.ProtobufRpcEngine2$Server$ProtoBufRpcInvoker.call(ProtobufRpcEngine2.java:552) [hadoop-common-3.3.1.jar:?]
	at org.apache.hadoop.ipc.RPC$Server.call(RPC.java:1093) [hadoop-common-3.3.1.jar:?]
	at org.apache.hadoop.ipc.Server$RpcCall.run(Server.java:1035) [hadoop-common-3.3.1.jar:?]
	at org.apache.hadoop.ipc.Server$RpcCall.run(Server.java:963) [hadoop-common-3.3.1.jar:?]
	at java.security.AccessController.doPrivileged(Native Method) ~[?:1.8.0_332]
	at javax.security.auth.Subject.doAs(Subject.java:422) [?:1.8.0_332]
	at org.apache.hadoop.security.UserGroupInformation.doAs(UserGroupInformation.java:1878) [hadoop-common-3.3.1.jar:?]
	at org.apache.hadoop.ipc.Server$Handler.run(Server.java:2966) [hadoop-common-3.3.1.jar:?]
13:06:26.366 [IPC Server handler 6 on default port 45241] ERROR OMAudit - user=runner | ip=127.0.0.1 | op=GET_FILE_STATUS {volume=volume87664, bucket=bucket74908, key=level0/level1/level1, dataSize=0, replicationConfig=null} | ret=FAILURE
org.apache.hadoop.ozone.om.exceptions.OMException: Unable to get file status: volume: volume87664 bucket: bucket74908 key: level0/level1/level1
	at org.apache.hadoop.ozone.om.KeyManagerImpl.getOzoneFileStatus(KeyManagerImpl.java:1283) ~[ozone-manager-1.3.0-SNAPSHOT.jar:?]
	at org.apache.hadoop.ozone.om.KeyManagerImpl.getFileStatus(KeyManagerImpl.java:1213) ~[ozone-manager-1.3.0-SNAPSHOT.jar:?]
	at org.apache.hadoop.ozone.om.OzoneManager.getFileStatus(OzoneManager.java:3419) ~[ozone-manager-1.3.0-SNAPSHOT.jar:?]
	at org.apache.hadoop.ozone.protocolPB.OzoneManagerRequestHandler.getOzoneFileStatus(OzoneManagerRequestHandler.java:871) ~[ozone-manager-1.3.0-SNAPSHOT.jar:?]
	at org.apache.hadoop.ozone.protocolPB.OzoneManagerRequestHandler.handleReadRequest(OzoneManagerRequestHandler.java:217) ~[ozone-manager-1.3.0-SNAPSHOT.jar:?]
	at org.apache.hadoop.ozone.protocolPB.OzoneManagerProtocolServerSideTranslatorPB.submitRequestDirectlyToOM(OzoneManagerProtocolServerSideTranslatorPB.java:284) ~[ozone-manager-1.3.0-SNAPSHOT.jar:?]
	at org.apache.hadoop.ozone.protocolPB.OzoneManagerProtocolServerSideTranslatorPB.processRequest(OzoneManagerProtocolServerSideTranslatorPB.java:207) ~[ozone-manager-1.3.0-SNAPSHOT.jar:?]
	at org.apache.hadoop.hdds.server.OzoneProtocolMessageDispatcher.processRequest(OzoneProtocolMessageDispatcher.java:87) [hdds-server-framework-1.3.0-SNAPSHOT.jar:?]
	at org.apache.hadoop.ozone.protocolPB.OzoneManagerProtocolServerSideTranslatorPB.submitRequest(OzoneManagerProtocolServerSideTranslatorPB.java:147) [ozone-manager-1.3.0-SNAPSHOT.jar:?]
	at org.apache.hadoop.ozone.protocol.proto.OzoneManagerProtocolProtos$OzoneManagerService$2.callBlockingMethod(OzoneManagerProtocolProtos.java) [ozone-interface-client-1.3.0-SNAPSHOT.jar:?]
	at org.apache.hadoop.ipc.ProtobufRpcEngine$Server.processCall(ProtobufRpcEngine.java:466) [hadoop-common-3.3.1.jar:?]
	at org.apache.hadoop.ipc.ProtobufRpcEngine2$Server$ProtoBufRpcInvoker.call(ProtobufRpcEngine2.java:574) [hadoop-common-3.3.1.jar:?]
	at org.apache.hadoop.ipc.ProtobufRpcEngine2$Server$ProtoBufRpcInvoker.call(ProtobufRpcEngine2.java:552) [hadoop-common-3.3.1.jar:?]
	at org.apache.hadoop.ipc.RPC$Server.call(RPC.java:1093) [hadoop-common-3.3.1.jar:?]
	at org.apache.hadoop.ipc.Server$RpcCall.run(Server.java:1035) [hadoop-common-3.3.1.jar:?]
	at org.apache.hadoop.ipc.Server$RpcCall.run(Server.java:963) [hadoop-common-3.3.1.jar:?]
	at java.security.AccessController.doPrivileged(Native Method) ~[?:1.8.0_332]
	at javax.security.auth.Subject.doAs(Subject.java:422) [?:1.8.0_332]
	at org.apache.hadoop.security.UserGroupInformation.doAs(UserGroupInformation.java:1878) [hadoop-common-3.3.1.jar:?]
	at org.apache.hadoop.ipc.Server$Handler.run(Server.java:2966) [hadoop-common-3.3.1.jar:?]
13:06:26.367 [IPC Server handler 5 on default port 45241] ERROR OMAudit - user=runner | ip=127.0.0.1 | op=GET_FILE_STATUS {volume=volume87664, bucket=bucket74908, key=level0/level1/file1, dataSize=0, replicationConfig=null} | ret=FAILURE
org.apache.hadoop.ozone.om.exceptions.OMException: Unable to get file status: volume: volume87664 bucket: bucket74908 key: level0/level1/file1
	at org.apache.hadoop.ozone.om.KeyManagerImpl.getOzoneFileStatus(KeyManagerImpl.java:1283) ~[ozone-manager-1.3.0-SNAPSHOT.jar:?]
	at org.apache.hadoop.ozone.om.KeyManagerImpl.getFileStatus(KeyManagerImpl.java:1213) ~[ozone-manager-1.3.0-SNAPSHOT.jar:?]
	at org.apache.hadoop.ozone.om.OzoneManager.getFileStatus(OzoneManager.java:3419) ~[ozone-manager-1.3.0-SNAPSHOT.jar:?]
	at org.apache.hadoop.ozone.protocolPB.OzoneManagerRequestHandler.getOzoneFileStatus(OzoneManagerRequestHandler.java:871) ~[ozone-manager-1.3.0-SNAPSHOT.jar:?]
	at org.apache.hadoop.ozone.protocolPB.OzoneManagerRequestHandler.handleReadRequest(OzoneManagerRequestHandler.java:217) ~[ozone-manager-1.3.0-SNAPSHOT.jar:?]
	at org.apache.hadoop.ozone.protocolPB.OzoneManagerProtocolServerSideTranslatorPB.submitRequestDirectlyToOM(OzoneManagerProtocolServerSideTranslatorPB.java:284) ~[ozone-manager-1.3.0-SNAPSHOT.jar:?]
	at org.apache.hadoop.ozone.protocolPB.OzoneManagerProtocolServerSideTranslatorPB.processRequest(OzoneManagerProtocolServerSideTranslatorPB.java:207) ~[ozone-manager-1.3.0-SNAPSHOT.jar:?]
	at org.apache.hadoop.hdds.server.OzoneProtocolMessageDispatcher.processRequest(OzoneProtocolMessageDispatcher.java:87) [hdds-server-framework-1.3.0-SNAPSHOT.jar:?]
	at org.apache.hadoop.ozone.protocolPB.OzoneManagerProtocolServerSideTranslatorPB.submitRequest(OzoneManagerProtocolServerSideTranslatorPB.java:147) [ozone-manager-1.3.0-SNAPSHOT.jar:?]
	at org.apache.hadoop.ozone.protocol.proto.OzoneManagerProtocolProtos$OzoneManagerService$2.callBlockingMethod(OzoneManagerProtocolProtos.java) [ozone-interface-client-1.3.0-SNAPSHOT.jar:?]
	at org.apache.hadoop.ipc.ProtobufRpcEngine$Server.processCall(ProtobufRpcEngine.java:466) [hadoop-common-3.3.1.jar:?]
	at org.apache.hadoop.ipc.ProtobufRpcEngine2$Server$ProtoBufRpcInvoker.call(ProtobufRpcEngine2.java:574) [hadoop-common-3.3.1.jar:?]
	at org.apache.hadoop.ipc.ProtobufRpcEngine2$Server$ProtoBufRpcInvoker.call(ProtobufRpcEngine2.java:552) [hadoop-common-3.3.1.jar:?]
	at org.apache.hadoop.ipc.RPC$Server.call(RPC.java:1093) [hadoop-common-3.3.1.jar:?]
	at org.apache.hadoop.ipc.Server$RpcCall.run(Server.java:1035) [hadoop-common-3.3.1.jar:?]
	at org.apache.hadoop.ipc.Server$RpcCall.run(Server.java:963) [hadoop-common-3.3.1.jar:?]
	at java.security.AccessController.doPrivileged(Native Method) ~[?:1.8.0_332]
	at javax.security.auth.Subject.doAs(Subject.java:422) [?:1.8.0_332]
	at org.apache.hadoop.security.UserGroupInformation.doAs(UserGroupInformation.java:1878) [hadoop-common-3.3.1.jar:?]
	at org.apache.hadoop.ipc.Server$Handler.run(Server.java:2966) [hadoop-common-3.3.1.jar:?]
13:06:26.367 [IPC Server handler 4 on default port 45241] ERROR OMAudit - user=runner | ip=127.0.0.1 | op=GET_FILE_STATUS {volume=volume87664, bucket=bucket74908, key=level0/level1/level1/file1, dataSize=0, replicationConfig=null} | ret=FAILURE
org.apache.hadoop.ozone.om.exceptions.OMException: Unable to get file status: volume: volume87664 bucket: bucket74908 key: level0/level1/level1/file1
	at org.apache.hadoop.ozone.om.KeyManagerImpl.getOzoneFileStatus(KeyManagerImpl.java:1283) ~[ozone-manager-1.3.0-SNAPSHOT.jar:?]
	at org.apache.hadoop.ozone.om.KeyManagerImpl.getFileStatus(KeyManagerImpl.java:1213) ~[ozone-manager-1.3.0-SNAPSHOT.jar:?]
	at org.apache.hadoop.ozone.om.OzoneManager.getFileStatus(OzoneManager.java:3419) ~[ozone-manager-1.3.0-SNAPSHOT.jar:?]
	at org.apache.hadoop.ozone.protocolPB.OzoneManagerRequestHandler.getOzoneFileStatus(OzoneManagerRequestHandler.java:871) ~[ozone-manager-1.3.0-SNAPSHOT.jar:?]
	at org.apache.hadoop.ozone.protocolPB.OzoneManagerRequestHandler.handleReadRequest(OzoneManagerRequestHandler.java:217) ~[ozone-manager-1.3.0-SNAPSHOT.jar:?]
	at org.apache.hadoop.ozone.protocolPB.OzoneManagerProtocolServerSideTranslatorPB.submitRequestDirectlyToOM(OzoneManagerProtocolServerSideTranslatorPB.java:284) ~[ozone-manager-1.3.0-SNAPSHOT.jar:?]
	at org.apache.hadoop.ozone.protocolPB.OzoneManagerProtocolServerSideTranslatorPB.processRequest(OzoneManagerProtocolServerSideTranslatorPB.java:207) ~[ozone-manager-1.3.0-SNAPSHOT.jar:?]
	at org.apache.hadoop.hdds.server.OzoneProtocolMessageDispatcher.processRequest(OzoneProtocolMessageDispatcher.java:87) [hdds-server-framework-1.3.0-SNAPSHOT.jar:?]
	at org.apache.hadoop.ozone.protocolPB.OzoneManagerProtocolServerSideTranslatorPB.submitRequest(OzoneManagerProtocolServerSideTranslatorPB.java:147) [ozone-manager-1.3.0-SNAPSHOT.jar:?]
	at org.apache.hadoop.ozone.protocol.proto.OzoneManagerProtocolProtos$OzoneManagerService$2.callBlockingMethod(OzoneManagerProtocolProtos.java) [ozone-interface-client-1.3.0-SNAPSHOT.jar:?]
	at org.apache.hadoop.ipc.ProtobufRpcEngine$Server.processCall(ProtobufRpcEngine.java:466) [hadoop-common-3.3.1.jar:?]
	at org.apache.hadoop.ipc.ProtobufRpcEngine2$Server$ProtoBufRpcInvoker.call(ProtobufRpcEngine2.java:574) [hadoop-common-3.3.1.jar:?]
	at org.apache.hadoop.ipc.ProtobufRpcEngine2$Server$ProtoBufRpcInvoker.call(ProtobufRpcEngine2.java:552) [hadoop-common-3.3.1.jar:?]
	at org.apache.hadoop.ipc.RPC$Server.call(RPC.java:1093) [hadoop-common-3.3.1.jar:?]
	at org.apache.hadoop.ipc.Server$RpcCall.run(Server.java:1035) [hadoop-common-3.3.1.jar:?]
	at org.apache.hadoop.ipc.Server$RpcCall.run(Server.java:963) [hadoop-common-3.3.1.jar:?]
	at java.security.AccessController.doPrivileged(Native Method) ~[?:1.8.0_332]
	at javax.security.auth.Subject.doAs(Subject.java:422) [?:1.8.0_332]
	at org.apache.hadoop.security.UserGroupInformation.doAs(UserGroupInformation.java:1878) [hadoop-common-3.3.1.jar:?]
	at org.apache.hadoop.ipc.Server$Handler.run(Server.java:2966) [hadoop-common-3.3.1.jar:?]
13:06:26.368 [IPC Server handler 1 on default port 45241] ERROR OMAudit - user=runner | ip=127.0.0.1 | op=GET_FILE_STATUS {volume=volume87664, bucket=bucket74908, key=level0/level2, dataSize=0, replicationConfig=null} | ret=FAILURE
org.apache.hadoop.ozone.om.exceptions.OMException: Unable to get file status: volume: volume87664 bucket: bucket74908 key: level0/level2
	at org.apache.hadoop.ozone.om.KeyManagerImpl.getOzoneFileStatus(KeyManagerImpl.java:1283) ~[ozone-manager-1.3.0-SNAPSHOT.jar:?]
	at org.apache.hadoop.ozone.om.KeyManagerImpl.getFileStatus(KeyManagerImpl.java:1213) ~[ozone-manager-1.3.0-SNAPSHOT.jar:?]
	at org.apache.hadoop.ozone.om.OzoneManager.getFileStatus(OzoneManager.java:3419) ~[ozone-manager-1.3.0-SNAPSHOT.jar:?]
	at org.apache.hadoop.ozone.protocolPB.OzoneManagerRequestHandler.getOzoneFileStatus(OzoneManagerRequestHandler.java:871) ~[ozone-manager-1.3.0-SNAPSHOT.jar:?]
	at org.apache.hadoop.ozone.protocolPB.OzoneManagerRequestHandler.handleReadRequest(OzoneManagerRequestHandler.java:217) ~[ozone-manager-1.3.0-SNAPSHOT.jar:?]
	at org.apache.hadoop.ozone.protocolPB.OzoneManagerProtocolServerSideTranslatorPB.submitRequestDirectlyToOM(OzoneManagerProtocolServerSideTranslatorPB.java:284) ~[ozone-manager-1.3.0-SNAPSHOT.jar:?]
	at org.apache.hadoop.ozone.protocolPB.OzoneManagerProtocolServerSideTranslatorPB.processRequest(OzoneManagerProtocolServerSideTranslatorPB.java:207) ~[ozone-manager-1.3.0-SNAPSHOT.jar:?]
	at org.apache.hadoop.hdds.server.OzoneProtocolMessageDispatcher.processRequest(OzoneProtocolMessageDispatcher.java:87) [hdds-server-framework-1.3.0-SNAPSHOT.jar:?]
	at org.apache.hadoop.ozone.protocolPB.OzoneManagerProtocolServerSideTranslatorPB.submitRequest(OzoneManagerProtocolServerSideTranslatorPB.java:147) [ozone-manager-1.3.0-SNAPSHOT.jar:?]
	at org.apache.hadoop.ozone.protocol.proto.OzoneManagerProtocolProtos$OzoneManagerService$2.callBlockingMethod(OzoneManagerProtocolProtos.java) [ozone-interface-client-1.3.0-SNAPSHOT.jar:?]
	at org.apache.hadoop.ipc.ProtobufRpcEngine$Server.processCall(ProtobufRpcEngine.java:466) [hadoop-common-3.3.1.jar:?]
	at org.apache.hadoop.ipc.ProtobufRpcEngine2$Server$ProtoBufRpcInvoker.call(ProtobufRpcEngine2.java:574) [hadoop-common-3.3.1.jar:?]
	at org.apache.hadoop.ipc.ProtobufRpcEngine2$Server$ProtoBufRpcInvoker.call(ProtobufRpcEngine2.java:552) [hadoop-common-3.3.1.jar:?]
	at org.apache.hadoop.ipc.RPC$Server.call(RPC.java:1093) [hadoop-common-3.3.1.jar:?]
	at org.apache.hadoop.ipc.Server$RpcCall.run(Server.java:1035) [hadoop-common-3.3.1.jar:?]
	at org.apache.hadoop.ipc.Server$RpcCall.run(Server.java:963) [hadoop-common-3.3.1.jar:?]
	at java.security.AccessController.doPrivileged(Native Method) ~[?:1.8.0_332]
	at javax.security.auth.Subject.doAs(Subject.java:422) [?:1.8.0_332]
	at org.apache.hadoop.security.UserGroupInformation.doAs(UserGroupInformation.java:1878) [hadoop-common-3.3.1.jar:?]
	at org.apache.hadoop.ipc.Server$Handler.run(Server.java:2966) [hadoop-common-3.3.1.jar:?]
13:06:26.369 [IPC Server handler 2 on default port 45241] ERROR OMAudit - user=runner | ip=127.0.0.1 | op=GET_FILE_STATUS {volume=volume87664, bucket=bucket74908, key=level0/level2/level2, dataSize=0, replicationConfig=null} | ret=FAILURE
org.apache.hadoop.ozone.om.exceptions.OMException: Unable to get file status: volume: volume87664 bucket: bucket74908 key: level0/level2/level2
	at org.apache.hadoop.ozone.om.KeyManagerImpl.getOzoneFileStatus(KeyManagerImpl.java:1283) ~[ozone-manager-1.3.0-SNAPSHOT.jar:?]
	at org.apache.hadoop.ozone.om.KeyManagerImpl.getFileStatus(KeyManagerImpl.java:1213) ~[ozone-manager-1.3.0-SNAPSHOT.jar:?]
	at org.apache.hadoop.ozone.om.OzoneManager.getFileStatus(OzoneManager.java:3419) ~[ozone-manager-1.3.0-SNAPSHOT.jar:?]
	at org.apache.hadoop.ozone.protocolPB.OzoneManagerRequestHandler.getOzoneFileStatus(OzoneManagerRequestHandler.java:871) ~[ozone-manager-1.3.0-SNAPSHOT.jar:?]
	at org.apache.hadoop.ozone.protocolPB.OzoneManagerRequestHandler.handleReadRequest(OzoneManagerRequestHandler.java:217) ~[ozone-manager-1.3.0-SNAPSHOT.jar:?]
	at org.apache.hadoop.ozone.protocolPB.OzoneManagerProtocolServerSideTranslatorPB.submitRequestDirectlyToOM(OzoneManagerProtocolServerSideTranslatorPB.java:284) ~[ozone-manager-1.3.0-SNAPSHOT.jar:?]
	at org.apache.hadoop.ozone.protocolPB.OzoneManagerProtocolServerSideTranslatorPB.processRequest(OzoneManagerProtocolServerSideTranslatorPB.java:207) ~[ozone-manager-1.3.0-SNAPSHOT.jar:?]
	at org.apache.hadoop.hdds.server.OzoneProtocolMessageDispatcher.processRequest(OzoneProtocolMessageDispatcher.java:87) [hdds-server-framework-1.3.0-SNAPSHOT.jar:?]
	at org.apache.hadoop.ozone.protocolPB.OzoneManagerProtocolServerSideTranslatorPB.submitRequest(OzoneManagerProtocolServerSideTranslatorPB.java:147) [ozone-manager-1.3.0-SNAPSHOT.jar:?]
	at org.apache.hadoop.ozone.protocol.proto.OzoneManagerProtocolProtos$OzoneManagerService$2.callBlockingMethod(OzoneManagerProtocolProtos.java) [ozone-interface-client-1.3.0-SNAPSHOT.jar:?]
	at org.apache.hadoop.ipc.ProtobufRpcEngine$Server.processCall(ProtobufRpcEngine.java:466) [hadoop-common-3.3.1.jar:?]
	at org.apache.hadoop.ipc.ProtobufRpcEngine2$Server$ProtoBufRpcInvoker.call(ProtobufRpcEngine2.java:574) [hadoop-common-3.3.1.jar:?]
	at org.apache.hadoop.ipc.ProtobufRpcEngine2$Server$ProtoBufRpcInvoker.call(ProtobufRpcEngine2.java:552) [hadoop-common-3.3.1.jar:?]
	at org.apache.hadoop.ipc.RPC$Server.call(RPC.java:1093) [hadoop-common-3.3.1.jar:?]
	at org.apache.hadoop.ipc.Server$RpcCall.run(Server.java:1035) [hadoop-common-3.3.1.jar:?]
	at org.apache.hadoop.ipc.Server$RpcCall.run(Server.java:963) [hadoop-common-3.3.1.jar:?]
	at java.security.AccessController.doPrivileged(Native Method) ~[?:1.8.0_332]
	at javax.security.auth.Subject.doAs(Subject.java:422) [?:1.8.0_332]
	at org.apache.hadoop.security.UserGroupInformation.doAs(UserGroupInformation.java:1878) [hadoop-common-3.3.1.jar:?]
	at org.apache.hadoop.ipc.Server$Handler.run(Server.java:2966) [hadoop-common-3.3.1.jar:?]
13:06:26.370 [IPC Server handler 19 on default port 45241] ERROR OMAudit - user=runner | ip=127.0.0.1 | op=GET_FILE_STATUS {volume=volume87664, bucket=bucket74908, key=level0/level2/file1, dataSize=0, replicationConfig=null} | ret=FAILURE
org.apache.hadoop.ozone.om.exceptions.OMException: Unable to get file status: volume: volume87664 bucket: bucket74908 key: level0/level2/file1
	at org.apache.hadoop.ozone.om.KeyManagerImpl.getOzoneFileStatus(KeyManagerImpl.java:1283) ~[ozone-manager-1.3.0-SNAPSHOT.jar:?]
	at org.apache.hadoop.ozone.om.KeyManagerImpl.getFileStatus(KeyManagerImpl.java:1213) ~[ozone-manager-1.3.0-SNAPSHOT.jar:?]
	at org.apache.hadoop.ozone.om.OzoneManager.getFileStatus(OzoneManager.java:3419) ~[ozone-manager-1.3.0-SNAPSHOT.jar:?]
	at org.apache.hadoop.ozone.protocolPB.OzoneManagerRequestHandler.getOzoneFileStatus(OzoneManagerRequestHandler.java:871) ~[ozone-manager-1.3.0-SNAPSHOT.jar:?]
	at org.apache.hadoop.ozone.protocolPB.OzoneManagerRequestHandler.handleReadRequest(OzoneManagerRequestHandler.java:217) ~[ozone-manager-1.3.0-SNAPSHOT.jar:?]
	at org.apache.hadoop.ozone.protocolPB.OzoneManagerProtocolServerSideTranslatorPB.submitRequestDirectlyToOM(OzoneManagerProtocolServerSideTranslatorPB.java:284) ~[ozone-manager-1.3.0-SNAPSHOT.jar:?]
	at org.apache.hadoop.ozone.protocolPB.OzoneManagerProtocolServerSideTranslatorPB.processRequest(OzoneManagerProtocolServerSideTranslatorPB.java:207) ~[ozone-manager-1.3.0-SNAPSHOT.jar:?]
	at org.apache.hadoop.hdds.server.OzoneProtocolMessageDispatcher.processRequest(OzoneProtocolMessageDispatcher.java:87) [hdds-server-framework-1.3.0-SNAPSHOT.jar:?]
	at org.apache.hadoop.ozone.protocolPB.OzoneManagerProtocolServerSideTranslatorPB.submitRequest(OzoneManagerProtocolServerSideTranslatorPB.java:147) [ozone-manager-1.3.0-SNAPSHOT.jar:?]
	at org.apache.hadoop.ozone.protocol.proto.OzoneManagerProtocolProtos$OzoneManagerService$2.callBlockingMethod(OzoneManagerProtocolProtos.java) [ozone-interface-client-1.3.0-SNAPSHOT.jar:?]
	at org.apache.hadoop.ipc.ProtobufRpcEngine$Server.processCall(ProtobufRpcEngine.java:466) [hadoop-common-3.3.1.jar:?]
	at org.apache.hadoop.ipc.ProtobufRpcEngine2$Server$ProtoBufRpcInvoker.call(ProtobufRpcEngine2.java:574) [hadoop-common-3.3.1.jar:?]
	at org.apache.hadoop.ipc.ProtobufRpcEngine2$Server$ProtoBufRpcInvoker.call(ProtobufRpcEngine2.java:552) [hadoop-common-3.3.1.jar:?]
	at org.apache.hadoop.ipc.RPC$Server.call(RPC.java:1093) [hadoop-common-3.3.1.jar:?]
	at org.apache.hadoop.ipc.Server$RpcCall.run(Server.java:1035) [hadoop-common-3.3.1.jar:?]
	at org.apache.hadoop.ipc.Server$RpcCall.run(Server.java:963) [hadoop-common-3.3.1.jar:?]
	at java.security.AccessController.doPrivileged(Native Method) ~[?:1.8.0_332]
	at javax.security.auth.Subject.doAs(Subject.java:422) [?:1.8.0_332]
	at org.apache.hadoop.security.UserGroupInformation.doAs(UserGroupInformation.java:1878) [hadoop-common-3.3.1.jar:?]
	at org.apache.hadoop.ipc.Server$Handler.run(Server.java:2966) [hadoop-common-3.3.1.jar:?]
13:06:26.371 [IPC Server handler 9 on default port 45241] ERROR OMAudit - user=runner | ip=127.0.0.1 | op=GET_FILE_STATUS {volume=volume87664, bucket=bucket74908, key=level0/level2/level2/file1, dataSize=0, replicationConfig=null} | ret=FAILURE
org.apache.hadoop.ozone.om.exceptions.OMException: Unable to get file status: volume: volume87664 bucket: bucket74908 key: level0/level2/level2/file1
	at org.apache.hadoop.ozone.om.KeyManagerImpl.getOzoneFileStatus(KeyManagerImpl.java:1283) ~[ozone-manager-1.3.0-SNAPSHOT.jar:?]
	at org.apache.hadoop.ozone.om.KeyManagerImpl.getFileStatus(KeyManagerImpl.java:1213) ~[ozone-manager-1.3.0-SNAPSHOT.jar:?]
	at org.apache.hadoop.ozone.om.OzoneManager.getFileStatus(OzoneManager.java:3419) ~[ozone-manager-1.3.0-SNAPSHOT.jar:?]
	at org.apache.hadoop.ozone.protocolPB.OzoneManagerRequestHandler.getOzoneFileStatus(OzoneManagerRequestHandler.java:871) ~[ozone-manager-1.3.0-SNAPSHOT.jar:?]
	at org.apache.hadoop.ozone.protocolPB.OzoneManagerRequestHandler.handleReadRequest(OzoneManagerRequestHandler.java:217) ~[ozone-manager-1.3.0-SNAPSHOT.jar:?]
	at org.apache.hadoop.ozone.protocolPB.OzoneManagerProtocolServerSideTranslatorPB.submitRequestDirectlyToOM(OzoneManagerProtocolServerSideTranslatorPB.java:284) ~[ozone-manager-1.3.0-SNAPSHOT.jar:?]
	at org.apache.hadoop.ozone.protocolPB.OzoneManagerProtocolServerSideTranslatorPB.processRequest(OzoneManagerProtocolServerSideTranslatorPB.java:207) ~[ozone-manager-1.3.0-SNAPSHOT.jar:?]
	at org.apache.hadoop.hdds.server.OzoneProtocolMessageDispatcher.processRequest(OzoneProtocolMessageDispatcher.java:87) [hdds-server-framework-1.3.0-SNAPSHOT.jar:?]
	at org.apache.hadoop.ozone.protocolPB.OzoneManagerProtocolServerSideTranslatorPB.submitRequest(OzoneManagerProtocolServerSideTranslatorPB.java:147) [ozone-manager-1.3.0-SNAPSHOT.jar:?]
	at org.apache.hadoop.ozone.protocol.proto.OzoneManagerProtocolProtos$OzoneManagerService$2.callBlockingMethod(OzoneManagerProtocolProtos.java) [ozone-interface-client-1.3.0-SNAPSHOT.jar:?]
	at org.apache.hadoop.ipc.ProtobufRpcEngine$Server.processCall(ProtobufRpcEngine.java:466) [hadoop-common-3.3.1.jar:?]
	at org.apache.hadoop.ipc.ProtobufRpcEngine2$Server$ProtoBufRpcInvoker.call(ProtobufRpcEngine2.java:574) [hadoop-common-3.3.1.jar:?]
	at org.apache.hadoop.ipc.ProtobufRpcEngine2$Server$ProtoBufRpcInvoker.call(ProtobufRpcEngine2.java:552) [hadoop-common-3.3.1.jar:?]
	at org.apache.hadoop.ipc.RPC$Server.call(RPC.java:1093) [hadoop-common-3.3.1.jar:?]
	at org.apache.hadoop.ipc.Server$RpcCall.run(Server.java:1035) [hadoop-common-3.3.1.jar:?]
	at org.apache.hadoop.ipc.Server$RpcCall.run(Server.java:963) [hadoop-common-3.3.1.jar:?]
	at java.security.AccessController.doPrivileged(Native Method) ~[?:1.8.0_332]
	at javax.security.auth.Subject.doAs(Subject.java:422) [?:1.8.0_332]
	at org.apache.hadoop.security.UserGroupInformation.doAs(UserGroupInformation.java:1878) [hadoop-common-3.3.1.jar:?]
	at org.apache.hadoop.ipc.Server$Handler.run(Server.java:2966) [hadoop-common-3.3.1.jar:?]
13:06:26.372 [IPC Server handler 0 on default port 45241] ERROR OMAudit - user=runner | ip=127.0.0.1 | op=GET_FILE_STATUS {volume=volume87664, bucket=bucket74908, key=level0/level3, dataSize=0, replicationConfig=null} | ret=FAILURE
org.apache.hadoop.ozone.om.exceptions.OMException: Unable to get file status: volume: volume87664 bucket: bucket74908 key: level0/level3
	at org.apache.hadoop.ozone.om.KeyManagerImpl.getOzoneFileStatus(KeyManagerImpl.java:1283) ~[ozone-manager-1.3.0-SNAPSHOT.jar:?]
	at org.apache.hadoop.ozone.om.KeyManagerImpl.getFileStatus(KeyManagerImpl.java:1213) ~[ozone-manager-1.3.0-SNAPSHOT.jar:?]
	at org.apache.hadoop.ozone.om.OzoneManager.getFileStatus(OzoneManager.java:3419) ~[ozone-manager-1.3.0-SNAPSHOT.jar:?]
	at org.apache.hadoop.ozone.protocolPB.OzoneManagerRequestHandler.getOzoneFileStatus(OzoneManagerRequestHandler.java:871) ~[ozone-manager-1.3.0-SNAPSHOT.jar:?]
	at org.apache.hadoop.ozone.protocolPB.OzoneManagerRequestHandler.handleReadRequest(OzoneManagerRequestHandler.java:217) ~[ozone-manager-1.3.0-SNAPSHOT.jar:?]
	at org.apache.hadoop.ozone.protocolPB.OzoneManagerProtocolServerSideTranslatorPB.submitRequestDirectlyToOM(OzoneManagerProtocolServerSideTranslatorPB.java:284) ~[ozone-manager-1.3.0-SNAPSHOT.jar:?]
	at org.apache.hadoop.ozone.protocolPB.OzoneManagerProtocolServerSideTranslatorPB.processRequest(OzoneManagerProtocolServerSideTranslatorPB.java:207) ~[ozone-manager-1.3.0-SNAPSHOT.jar:?]
	at org.apache.hadoop.hdds.server.OzoneProtocolMessageDispatcher.processRequest(OzoneProtocolMessageDispatcher.java:87) [hdds-server-framework-1.3.0-SNAPSHOT.jar:?]
	at org.apache.hadoop.ozone.protocolPB.OzoneManagerProtocolServerSideTranslatorPB.submitRequest(OzoneManagerProtocolServerSideTranslatorPB.java:147) [ozone-manager-1.3.0-SNAPSHOT.jar:?]
	at org.apache.hadoop.ozone.protocol.proto.OzoneManagerProtocolProtos$OzoneManagerService$2.callBlockingMethod(OzoneManagerProtocolProtos.java) [ozone-interface-client-1.3.0-SNAPSHOT.jar:?]
	at org.apache.hadoop.ipc.ProtobufRpcEngine$Server.processCall(ProtobufRpcEngine.java:466) [hadoop-common-3.3.1.jar:?]
	at org.apache.hadoop.ipc.ProtobufRpcEngine2$Server$ProtoBufRpcInvoker.call(ProtobufRpcEngine2.java:574) [hadoop-common-3.3.1.jar:?]
	at org.apache.hadoop.ipc.ProtobufRpcEngine2$Server$ProtoBufRpcInvoker.call(ProtobufRpcEngine2.java:552) [hadoop-common-3.3.1.jar:?]
	at org.apache.hadoop.ipc.RPC$Server.call(RPC.java:1093) [hadoop-common-3.3.1.jar:?]
	at org.apache.hadoop.ipc.Server$RpcCall.run(Server.java:1035) [hadoop-common-3.3.1.jar:?]
	at org.apache.hadoop.ipc.Server$RpcCall.run(Server.java:963) [hadoop-common-3.3.1.jar:?]
	at java.security.AccessController.doPrivileged(Native Method) ~[?:1.8.0_332]
	at javax.security.auth.Subject.doAs(Subject.java:422) [?:1.8.0_332]
	at org.apache.hadoop.security.UserGroupInformation.doAs(UserGroupInformation.java:1878) [hadoop-common-3.3.1.jar:?]
	at org.apache.hadoop.ipc.Server$Handler.run(Server.java:2966) [hadoop-common-3.3.1.jar:?]
13:06:26.373 [IPC Server handler 13 on default port 45241] ERROR OMAudit - user=runner | ip=127.0.0.1 | op=GET_FILE_STATUS {volume=volume87664, bucket=bucket74908, key=level0/level3/level3, dataSize=0, replicationConfig=null} | ret=FAILURE
org.apache.hadoop.ozone.om.exceptions.OMException: Unable to get file status: volume: volume87664 bucket: bucket74908 key: level0/level3/level3
	at org.apache.hadoop.ozone.om.KeyManagerImpl.getOzoneFileStatus(KeyManagerImpl.java:1283) ~[ozone-manager-1.3.0-SNAPSHOT.jar:?]
	at org.apache.hadoop.ozone.om.KeyManagerImpl.getFileStatus(KeyManagerImpl.java:1213) ~[ozone-manager-1.3.0-SNAPSHOT.jar:?]
	at org.apache.hadoop.ozone.om.OzoneManager.getFileStatus(OzoneManager.java:3419) ~[ozone-manager-1.3.0-SNAPSHOT.jar:?]
	at org.apache.hadoop.ozone.protocolPB.OzoneManagerRequestHandler.getOzoneFileStatus(OzoneManagerRequestHandler.java:871) ~[ozone-manager-1.3.0-SNAPSHOT.jar:?]
	at org.apache.hadoop.ozone.protocolPB.OzoneManagerRequestHandler.handleReadRequest(OzoneManagerRequestHandler.java:217) ~[ozone-manager-1.3.0-SNAPSHOT.jar:?]
	at org.apache.hadoop.ozone.protocolPB.OzoneManagerProtocolServerSideTranslatorPB.submitRequestDirectlyToOM(OzoneManagerProtocolServerSideTranslatorPB.java:284) ~[ozone-manager-1.3.0-SNAPSHOT.jar:?]
	at org.apache.hadoop.ozone.protocolPB.OzoneManagerProtocolServerSideTranslatorPB.processRequest(OzoneManagerProtocolServerSideTranslatorPB.java:207) ~[ozone-manager-1.3.0-SNAPSHOT.jar:?]
	at org.apache.hadoop.hdds.server.OzoneProtocolMessageDispatcher.processRequest(OzoneProtocolMessageDispatcher.java:87) [hdds-server-framework-1.3.0-SNAPSHOT.jar:?]
	at org.apache.hadoop.ozone.protocolPB.OzoneManagerProtocolServerSideTranslatorPB.submitRequest(OzoneManagerProtocolServerSideTranslatorPB.java:147) [ozone-manager-1.3.0-SNAPSHOT.jar:?]
	at org.apache.hadoop.ozone.protocol.proto.OzoneManagerProtocolProtos$OzoneManagerService$2.callBlockingMethod(OzoneManagerProtocolProtos.java) [ozone-interface-client-1.3.0-SNAPSHOT.jar:?]
	at org.apache.hadoop.ipc.ProtobufRpcEngine$Server.processCall(ProtobufRpcEngine.java:466) [hadoop-common-3.3.1.jar:?]
	at org.apache.hadoop.ipc.ProtobufRpcEngine2$Server$ProtoBufRpcInvoker.call(ProtobufRpcEngine2.java:574) [hadoop-common-3.3.1.jar:?]
	at org.apache.hadoop.ipc.ProtobufRpcEngine2$Server$ProtoBufRpcInvoker.call(ProtobufRpcEngine2.java:552) [hadoop-common-3.3.1.jar:?]
	at org.apache.hadoop.ipc.RPC$Server.call(RPC.java:1093) [hadoop-common-3.3.1.jar:?]
	at org.apache.hadoop.ipc.Server$RpcCall.run(Server.java:1035) [hadoop-common-3.3.1.jar:?]
	at org.apache.hadoop.ipc.Server$RpcCall.run(Server.java:963) [hadoop-common-3.3.1.jar:?]
	at java.security.AccessController.doPrivileged(Native Method) ~[?:1.8.0_332]
	at javax.security.auth.Subject.doAs(Subject.java:422) [?:1.8.0_332]
	at org.apache.hadoop.security.UserGroupInformation.doAs(UserGroupInformation.java:1878) [hadoop-common-3.3.1.jar:?]
	at org.apache.hadoop.ipc.Server$Handler.run(Server.java:2966) [hadoop-common-3.3.1.jar:?]
13:06:26.375 [IPC Server handler 10 on default port 45241] ERROR OMAudit - user=runner | ip=127.0.0.1 | op=GET_FILE_STATUS {volume=volume87664, bucket=bucket74908, key=level0/level3/file1, dataSize=0, replicationConfig=null} | ret=FAILURE
org.apache.hadoop.ozone.om.exceptions.OMException: Unable to get file status: volume: volume87664 bucket: bucket74908 key: level0/level3/file1
	at org.apache.hadoop.ozone.om.KeyManagerImpl.getOzoneFileStatus(KeyManagerImpl.java:1283) ~[ozone-manager-1.3.0-SNAPSHOT.jar:?]
	at org.apache.hadoop.ozone.om.KeyManagerImpl.getFileStatus(KeyManagerImpl.java:1213) ~[ozone-manager-1.3.0-SNAPSHOT.jar:?]
	at org.apache.hadoop.ozone.om.OzoneManager.getFileStatus(OzoneManager.java:3419) ~[ozone-manager-1.3.0-SNAPSHOT.jar:?]
	at org.apache.hadoop.ozone.protocolPB.OzoneManagerRequestHandler.getOzoneFileStatus(OzoneManagerRequestHandler.java:871) ~[ozone-manager-1.3.0-SNAPSHOT.jar:?]
	at org.apache.hadoop.ozone.protocolPB.OzoneManagerRequestHandler.handleReadRequest(OzoneManagerRequestHandler.java:217) ~[ozone-manager-1.3.0-SNAPSHOT.jar:?]
	at org.apache.hadoop.ozone.protocolPB.OzoneManagerProtocolServerSideTranslatorPB.submitRequestDirectlyToOM(OzoneManagerProtocolServerSideTranslatorPB.java:284) ~[ozone-manager-1.3.0-SNAPSHOT.jar:?]
	at org.apache.hadoop.ozone.protocolPB.OzoneManagerProtocolServerSideTranslatorPB.processRequest(OzoneManagerProtocolServerSideTranslatorPB.java:207) ~[ozone-manager-1.3.0-SNAPSHOT.jar:?]
	at org.apache.hadoop.hdds.server.OzoneProtocolMessageDispatcher.processRequest(OzoneProtocolMessageDispatcher.java:87) [hdds-server-framework-1.3.0-SNAPSHOT.jar:?]
	at org.apache.hadoop.ozone.protocolPB.OzoneManagerProtocolServerSideTranslatorPB.submitRequest(OzoneManagerProtocolServerSideTranslatorPB.java:147) [ozone-manager-1.3.0-SNAPSHOT.jar:?]
	at org.apache.hadoop.ozone.protocol.proto.OzoneManagerProtocolProtos$OzoneManagerService$2.callBlockingMethod(OzoneManagerProtocolProtos.java) [ozone-interface-client-1.3.0-SNAPSHOT.jar:?]
	at org.apache.hadoop.ipc.ProtobufRpcEngine$Server.processCall(ProtobufRpcEngine.java:466) [hadoop-common-3.3.1.jar:?]
	at org.apache.hadoop.ipc.ProtobufRpcEngine2$Server$ProtoBufRpcInvoker.call(ProtobufRpcEngine2.java:574) [hadoop-common-3.3.1.jar:?]
	at org.apache.hadoop.ipc.ProtobufRpcEngine2$Server$ProtoBufRpcInvoker.call(ProtobufRpcEngine2.java:552) [hadoop-common-3.3.1.jar:?]
	at org.apache.hadoop.ipc.RPC$Server.call(RPC.java:1093) [hadoop-common-3.3.1.jar:?]
	at org.apache.hadoop.ipc.Server$RpcCall.run(Server.java:1035) [hadoop-common-3.3.1.jar:?]
	at org.apache.hadoop.ipc.Server$RpcCall.run(Server.java:963) [hadoop-common-3.3.1.jar:?]
	at java.security.AccessController.doPrivileged(Native Method) ~[?:1.8.0_332]
	at javax.security.auth.Subject.doAs(Subject.java:422) [?:1.8.0_332]
	at org.apache.hadoop.security.UserGroupInformation.doAs(UserGroupInformation.java:1878) [hadoop-common-3.3.1.jar:?]
	at org.apache.hadoop.ipc.Server$Handler.run(Server.java:2966) [hadoop-common-3.3.1.jar:?]
13:06:26.377 [IPC Server handler 18 on default port 45241] ERROR OMAudit - user=runner | ip=127.0.0.1 | op=GET_FILE_STATUS {volume=volume87664, bucket=bucket74908, key=level0/level3/level3/file1, dataSize=0, replicationConfig=null} | ret=FAILURE
org.apache.hadoop.ozone.om.exceptions.OMException: Unable to get file status: volume: volume87664 bucket: bucket74908 key: level0/level3/level3/file1
	at org.apache.hadoop.ozone.om.KeyManagerImpl.getOzoneFileStatus(KeyManagerImpl.java:1283) ~[ozone-manager-1.3.0-SNAPSHOT.jar:?]
	at org.apache.hadoop.ozone.om.KeyManagerImpl.getFileStatus(KeyManagerImpl.java:1213) ~[ozone-manager-1.3.0-SNAPSHOT.jar:?]
	at org.apache.hadoop.ozone.om.OzoneManager.getFileStatus(OzoneManager.java:3419) ~[ozone-manager-1.3.0-SNAPSHOT.jar:?]
	at org.apache.hadoop.ozone.protocolPB.OzoneManagerRequestHandler.getOzoneFileStatus(OzoneManagerRequestHandler.java:871) ~[ozone-manager-1.3.0-SNAPSHOT.jar:?]
	at org.apache.hadoop.ozone.protocolPB.OzoneManagerRequestHandler.handleReadRequest(OzoneManagerRequestHandler.java:217) ~[ozone-manager-1.3.0-SNAPSHOT.jar:?]
	at org.apache.hadoop.ozone.protocolPB.OzoneManagerProtocolServerSideTranslatorPB.submitRequestDirectlyToOM(OzoneManagerProtocolServerSideTranslatorPB.java:284) ~[ozone-manager-1.3.0-SNAPSHOT.jar:?]
	at org.apache.hadoop.ozone.protocolPB.OzoneManagerProtocolServerSideTranslatorPB.processRequest(OzoneManagerProtocolServerSideTranslatorPB.java:207) ~[ozone-manager-1.3.0-SNAPSHOT.jar:?]
	at org.apache.hadoop.hdds.server.OzoneProtocolMessageDispatcher.processRequest(OzoneProtocolMessageDispatcher.java:87) [hdds-server-framework-1.3.0-SNAPSHOT.jar:?]
	at org.apache.hadoop.ozone.protocolPB.OzoneManagerProtocolServerSideTranslatorPB.submitRequest(OzoneManagerProtocolServerSideTranslatorPB.java:147) [ozone-manager-1.3.0-SNAPSHOT.jar:?]
	at org.apache.hadoop.ozone.protocol.proto.OzoneManagerProtocolProtos$OzoneManagerService$2.callBlockingMethod(OzoneManagerProtocolProtos.java) [ozone-interface-client-1.3.0-SNAPSHOT.jar:?]
	at org.apache.hadoop.ipc.ProtobufRpcEngine$Server.processCall(ProtobufRpcEngine.java:466) [hadoop-common-3.3.1.jar:?]
	at org.apache.hadoop.ipc.ProtobufRpcEngine2$Server$ProtoBufRpcInvoker.call(ProtobufRpcEngine2.java:574) [hadoop-common-3.3.1.jar:?]
	at org.apache.hadoop.ipc.ProtobufRpcEngine2$Server$ProtoBufRpcInvoker.call(ProtobufRpcEngine2.java:552) [hadoop-common-3.3.1.jar:?]
	at org.apache.hadoop.ipc.RPC$Server.call(RPC.java:1093) [hadoop-common-3.3.1.jar:?]
	at org.apache.hadoop.ipc.Server$RpcCall.run(Server.java:1035) [hadoop-common-3.3.1.jar:?]
	at org.apache.hadoop.ipc.Server$RpcCall.run(Server.java:963) [hadoop-common-3.3.1.jar:?]
	at java.security.AccessController.doPrivileged(Native Method) ~[?:1.8.0_332]
	at javax.security.auth.Subject.doAs(Subject.java:422) [?:1.8.0_332]
	at org.apache.hadoop.security.UserGroupInformation.doAs(UserGroupInformation.java:1878) [hadoop-common-3.3.1.jar:?]
	at org.apache.hadoop.ipc.Server$Handler.run(Server.java:2966) [hadoop-common-3.3.1.jar:?]
]]></system-out>
  </testcase>
  <testcase name="testRecursiveDelete" classname="TestOzoneFileSystem" time="0.206">
    <system-out><![CDATA[13:07:41.723 [IPC Server handler 8 on default port 41441] ERROR OMAudit - user=runner | ip=127.0.0.1 | op=GET_FILE_STATUS {volume=volume07034, bucket=bucket87468, key=gdir1, dataSize=0, replicationConfig=null} | ret=FAILURE
org.apache.hadoop.ozone.om.exceptions.OMException: Unable to get file status: volume: volume07034 bucket: bucket87468 key: gdir1
	at org.apache.hadoop.ozone.om.KeyManagerImpl.getOzoneFileStatus(KeyManagerImpl.java:1283) ~[ozone-manager-1.3.0-SNAPSHOT.jar:?]
	at org.apache.hadoop.ozone.om.KeyManagerImpl.getFileStatus(KeyManagerImpl.java:1213) ~[ozone-manager-1.3.0-SNAPSHOT.jar:?]
	at org.apache.hadoop.ozone.om.OzoneManager.getFileStatus(OzoneManager.java:3419) ~[ozone-manager-1.3.0-SNAPSHOT.jar:?]
	at org.apache.hadoop.ozone.protocolPB.OzoneManagerRequestHandler.getOzoneFileStatus(OzoneManagerRequestHandler.java:871) ~[ozone-manager-1.3.0-SNAPSHOT.jar:?]
	at org.apache.hadoop.ozone.protocolPB.OzoneManagerRequestHandler.handleReadRequest(OzoneManagerRequestHandler.java:217) ~[ozone-manager-1.3.0-SNAPSHOT.jar:?]
	at org.apache.hadoop.ozone.protocolPB.OzoneManagerProtocolServerSideTranslatorPB.submitReadRequestToOM(OzoneManagerProtocolServerSideTranslatorPB.java:225) ~[ozone-manager-1.3.0-SNAPSHOT.jar:?]
	at org.apache.hadoop.ozone.protocolPB.OzoneManagerProtocolServerSideTranslatorPB.processRequest(OzoneManagerProtocolServerSideTranslatorPB.java:175) ~[ozone-manager-1.3.0-SNAPSHOT.jar:?]
	at org.apache.hadoop.hdds.server.OzoneProtocolMessageDispatcher.processRequest(OzoneProtocolMessageDispatcher.java:87) [hdds-server-framework-1.3.0-SNAPSHOT.jar:?]
	at org.apache.hadoop.ozone.protocolPB.OzoneManagerProtocolServerSideTranslatorPB.submitRequest(OzoneManagerProtocolServerSideTranslatorPB.java:147) [ozone-manager-1.3.0-SNAPSHOT.jar:?]
	at org.apache.hadoop.ozone.protocol.proto.OzoneManagerProtocolProtos$OzoneManagerService$2.callBlockingMethod(OzoneManagerProtocolProtos.java) [ozone-interface-client-1.3.0-SNAPSHOT.jar:?]
	at org.apache.hadoop.ipc.ProtobufRpcEngine$Server.processCall(ProtobufRpcEngine.java:466) [hadoop-common-3.3.1.jar:?]
	at org.apache.hadoop.ipc.ProtobufRpcEngine2$Server$ProtoBufRpcInvoker.call(ProtobufRpcEngine2.java:574) [hadoop-common-3.3.1.jar:?]
	at org.apache.hadoop.ipc.ProtobufRpcEngine2$Server$ProtoBufRpcInvoker.call(ProtobufRpcEngine2.java:552) [hadoop-common-3.3.1.jar:?]
	at org.apache.hadoop.ipc.RPC$Server.call(RPC.java:1093) [hadoop-common-3.3.1.jar:?]
	at org.apache.hadoop.ipc.Server$RpcCall.run(Server.java:1035) [hadoop-common-3.3.1.jar:?]
	at org.apache.hadoop.ipc.Server$RpcCall.run(Server.java:963) [hadoop-common-3.3.1.jar:?]
	at java.security.AccessController.doPrivileged(Native Method) ~[?:1.8.0_332]
	at javax.security.auth.Subject.doAs(Subject.java:422) [?:1.8.0_332]
	at org.apache.hadoop.security.UserGroupInformation.doAs(UserGroupInformation.java:1878) [hadoop-common-3.3.1.jar:?]
	at org.apache.hadoop.ipc.Server$Handler.run(Server.java:2966) [hadoop-common-3.3.1.jar:?]
13:07:41.724 [IPC Server handler 9 on default port 41441] ERROR OMAudit - user=runner | ip=127.0.0.1 | op=GET_FILE_STATUS {volume=volume07034, bucket=bucket87468, key=gdir1/dir1, dataSize=0, replicationConfig=null} | ret=FAILURE
org.apache.hadoop.ozone.om.exceptions.OMException: Unable to get file status: volume: volume07034 bucket: bucket87468 key: gdir1/dir1
	at org.apache.hadoop.ozone.om.KeyManagerImpl.getOzoneFileStatus(KeyManagerImpl.java:1283) ~[ozone-manager-1.3.0-SNAPSHOT.jar:?]
	at org.apache.hadoop.ozone.om.KeyManagerImpl.getFileStatus(KeyManagerImpl.java:1213) ~[ozone-manager-1.3.0-SNAPSHOT.jar:?]
	at org.apache.hadoop.ozone.om.OzoneManager.getFileStatus(OzoneManager.java:3419) ~[ozone-manager-1.3.0-SNAPSHOT.jar:?]
	at org.apache.hadoop.ozone.protocolPB.OzoneManagerRequestHandler.getOzoneFileStatus(OzoneManagerRequestHandler.java:871) ~[ozone-manager-1.3.0-SNAPSHOT.jar:?]
	at org.apache.hadoop.ozone.protocolPB.OzoneManagerRequestHandler.handleReadRequest(OzoneManagerRequestHandler.java:217) ~[ozone-manager-1.3.0-SNAPSHOT.jar:?]
	at org.apache.hadoop.ozone.protocolPB.OzoneManagerProtocolServerSideTranslatorPB.submitReadRequestToOM(OzoneManagerProtocolServerSideTranslatorPB.java:225) ~[ozone-manager-1.3.0-SNAPSHOT.jar:?]
	at org.apache.hadoop.ozone.protocolPB.OzoneManagerProtocolServerSideTranslatorPB.processRequest(OzoneManagerProtocolServerSideTranslatorPB.java:175) ~[ozone-manager-1.3.0-SNAPSHOT.jar:?]
	at org.apache.hadoop.hdds.server.OzoneProtocolMessageDispatcher.processRequest(OzoneProtocolMessageDispatcher.java:87) [hdds-server-framework-1.3.0-SNAPSHOT.jar:?]
	at org.apache.hadoop.ozone.protocolPB.OzoneManagerProtocolServerSideTranslatorPB.submitRequest(OzoneManagerProtocolServerSideTranslatorPB.java:147) [ozone-manager-1.3.0-SNAPSHOT.jar:?]
	at org.apache.hadoop.ozone.protocol.proto.OzoneManagerProtocolProtos$OzoneManagerService$2.callBlockingMethod(OzoneManagerProtocolProtos.java) [ozone-interface-client-1.3.0-SNAPSHOT.jar:?]
	at org.apache.hadoop.ipc.ProtobufRpcEngine$Server.processCall(ProtobufRpcEngine.java:466) [hadoop-common-3.3.1.jar:?]
	at org.apache.hadoop.ipc.ProtobufRpcEngine2$Server$ProtoBufRpcInvoker.call(ProtobufRpcEngine2.java:574) [hadoop-common-3.3.1.jar:?]
	at org.apache.hadoop.ipc.ProtobufRpcEngine2$Server$ProtoBufRpcInvoker.call(ProtobufRpcEngine2.java:552) [hadoop-common-3.3.1.jar:?]
	at org.apache.hadoop.ipc.RPC$Server.call(RPC.java:1093) [hadoop-common-3.3.1.jar:?]
	at org.apache.hadoop.ipc.Server$RpcCall.run(Server.java:1035) [hadoop-common-3.3.1.jar:?]
	at org.apache.hadoop.ipc.Server$RpcCall.run(Server.java:963) [hadoop-common-3.3.1.jar:?]
	at java.security.AccessController.doPrivileged(Native Method) ~[?:1.8.0_332]
	at javax.security.auth.Subject.doAs(Subject.java:422) [?:1.8.0_332]
	at org.apache.hadoop.security.UserGroupInformation.doAs(UserGroupInformation.java:1878) [hadoop-common-3.3.1.jar:?]
	at org.apache.hadoop.ipc.Server$Handler.run(Server.java:2966) [hadoop-common-3.3.1.jar:?]
13:07:41.725 [IPC Server handler 11 on default port 41441] ERROR OMAudit - user=runner | ip=127.0.0.1 | op=GET_FILE_STATUS {volume=volume07034, bucket=bucket87468, key=gdir1/dir1/child, dataSize=0, replicationConfig=null} | ret=FAILURE
org.apache.hadoop.ozone.om.exceptions.OMException: Unable to get file status: volume: volume07034 bucket: bucket87468 key: gdir1/dir1/child
	at org.apache.hadoop.ozone.om.KeyManagerImpl.getOzoneFileStatus(KeyManagerImpl.java:1283) ~[ozone-manager-1.3.0-SNAPSHOT.jar:?]
	at org.apache.hadoop.ozone.om.KeyManagerImpl.getFileStatus(KeyManagerImpl.java:1213) ~[ozone-manager-1.3.0-SNAPSHOT.jar:?]
	at org.apache.hadoop.ozone.om.OzoneManager.getFileStatus(OzoneManager.java:3419) ~[ozone-manager-1.3.0-SNAPSHOT.jar:?]
	at org.apache.hadoop.ozone.protocolPB.OzoneManagerRequestHandler.getOzoneFileStatus(OzoneManagerRequestHandler.java:871) ~[ozone-manager-1.3.0-SNAPSHOT.jar:?]
	at org.apache.hadoop.ozone.protocolPB.OzoneManagerRequestHandler.handleReadRequest(OzoneManagerRequestHandler.java:217) ~[ozone-manager-1.3.0-SNAPSHOT.jar:?]
	at org.apache.hadoop.ozone.protocolPB.OzoneManagerProtocolServerSideTranslatorPB.submitReadRequestToOM(OzoneManagerProtocolServerSideTranslatorPB.java:225) ~[ozone-manager-1.3.0-SNAPSHOT.jar:?]
	at org.apache.hadoop.ozone.protocolPB.OzoneManagerProtocolServerSideTranslatorPB.processRequest(OzoneManagerProtocolServerSideTranslatorPB.java:175) ~[ozone-manager-1.3.0-SNAPSHOT.jar:?]
	at org.apache.hadoop.hdds.server.OzoneProtocolMessageDispatcher.processRequest(OzoneProtocolMessageDispatcher.java:87) [hdds-server-framework-1.3.0-SNAPSHOT.jar:?]
	at org.apache.hadoop.ozone.protocolPB.OzoneManagerProtocolServerSideTranslatorPB.submitRequest(OzoneManagerProtocolServerSideTranslatorPB.java:147) [ozone-manager-1.3.0-SNAPSHOT.jar:?]
	at org.apache.hadoop.ozone.protocol.proto.OzoneManagerProtocolProtos$OzoneManagerService$2.callBlockingMethod(OzoneManagerProtocolProtos.java) [ozone-interface-client-1.3.0-SNAPSHOT.jar:?]
	at org.apache.hadoop.ipc.ProtobufRpcEngine$Server.processCall(ProtobufRpcEngine.java:466) [hadoop-common-3.3.1.jar:?]
	at org.apache.hadoop.ipc.ProtobufRpcEngine2$Server$ProtoBufRpcInvoker.call(ProtobufRpcEngine2.java:574) [hadoop-common-3.3.1.jar:?]
	at org.apache.hadoop.ipc.ProtobufRpcEngine2$Server$ProtoBufRpcInvoker.call(ProtobufRpcEngine2.java:552) [hadoop-common-3.3.1.jar:?]
	at org.apache.hadoop.ipc.RPC$Server.call(RPC.java:1093) [hadoop-common-3.3.1.jar:?]
	at org.apache.hadoop.ipc.Server$RpcCall.run(Server.java:1035) [hadoop-common-3.3.1.jar:?]
	at org.apache.hadoop.ipc.Server$RpcCall.run(Server.java:963) [hadoop-common-3.3.1.jar:?]
	at java.security.AccessController.doPrivileged(Native Method) ~[?:1.8.0_332]
	at javax.security.auth.Subject.doAs(Subject.java:422) [?:1.8.0_332]
	at org.apache.hadoop.security.UserGroupInformation.doAs(UserGroupInformation.java:1878) [hadoop-common-3.3.1.jar:?]
	at org.apache.hadoop.ipc.Server$Handler.run(Server.java:2966) [hadoop-common-3.3.1.jar:?]
13:07:41.725 [IPC Server handler 6 on default port 41441] ERROR OMAudit - user=runner | ip=127.0.0.1 | op=GET_FILE_STATUS {volume=volume07034, bucket=bucket87468, key=gdir1/dir2, dataSize=0, replicationConfig=null} | ret=FAILURE
org.apache.hadoop.ozone.om.exceptions.OMException: Unable to get file status: volume: volume07034 bucket: bucket87468 key: gdir1/dir2
	at org.apache.hadoop.ozone.om.KeyManagerImpl.getOzoneFileStatus(KeyManagerImpl.java:1283) ~[ozone-manager-1.3.0-SNAPSHOT.jar:?]
	at org.apache.hadoop.ozone.om.KeyManagerImpl.getFileStatus(KeyManagerImpl.java:1213) ~[ozone-manager-1.3.0-SNAPSHOT.jar:?]
	at org.apache.hadoop.ozone.om.OzoneManager.getFileStatus(OzoneManager.java:3419) ~[ozone-manager-1.3.0-SNAPSHOT.jar:?]
	at org.apache.hadoop.ozone.protocolPB.OzoneManagerRequestHandler.getOzoneFileStatus(OzoneManagerRequestHandler.java:871) ~[ozone-manager-1.3.0-SNAPSHOT.jar:?]
	at org.apache.hadoop.ozone.protocolPB.OzoneManagerRequestHandler.handleReadRequest(OzoneManagerRequestHandler.java:217) ~[ozone-manager-1.3.0-SNAPSHOT.jar:?]
	at org.apache.hadoop.ozone.protocolPB.OzoneManagerProtocolServerSideTranslatorPB.submitReadRequestToOM(OzoneManagerProtocolServerSideTranslatorPB.java:225) ~[ozone-manager-1.3.0-SNAPSHOT.jar:?]
	at org.apache.hadoop.ozone.protocolPB.OzoneManagerProtocolServerSideTranslatorPB.processRequest(OzoneManagerProtocolServerSideTranslatorPB.java:175) ~[ozone-manager-1.3.0-SNAPSHOT.jar:?]
	at org.apache.hadoop.hdds.server.OzoneProtocolMessageDispatcher.processRequest(OzoneProtocolMessageDispatcher.java:87) [hdds-server-framework-1.3.0-SNAPSHOT.jar:?]
	at org.apache.hadoop.ozone.protocolPB.OzoneManagerProtocolServerSideTranslatorPB.submitRequest(OzoneManagerProtocolServerSideTranslatorPB.java:147) [ozone-manager-1.3.0-SNAPSHOT.jar:?]
	at org.apache.hadoop.ozone.protocol.proto.OzoneManagerProtocolProtos$OzoneManagerService$2.callBlockingMethod(OzoneManagerProtocolProtos.java) [ozone-interface-client-1.3.0-SNAPSHOT.jar:?]
	at org.apache.hadoop.ipc.ProtobufRpcEngine$Server.processCall(ProtobufRpcEngine.java:466) [hadoop-common-3.3.1.jar:?]
	at org.apache.hadoop.ipc.ProtobufRpcEngine2$Server$ProtoBufRpcInvoker.call(ProtobufRpcEngine2.java:574) [hadoop-common-3.3.1.jar:?]
	at org.apache.hadoop.ipc.ProtobufRpcEngine2$Server$ProtoBufRpcInvoker.call(ProtobufRpcEngine2.java:552) [hadoop-common-3.3.1.jar:?]
	at org.apache.hadoop.ipc.RPC$Server.call(RPC.java:1093) [hadoop-common-3.3.1.jar:?]
	at org.apache.hadoop.ipc.Server$RpcCall.run(Server.java:1035) [hadoop-common-3.3.1.jar:?]
	at org.apache.hadoop.ipc.Server$RpcCall.run(Server.java:963) [hadoop-common-3.3.1.jar:?]
	at java.security.AccessController.doPrivileged(Native Method) ~[?:1.8.0_332]
	at javax.security.auth.Subject.doAs(Subject.java:422) [?:1.8.0_332]
	at org.apache.hadoop.security.UserGroupInformation.doAs(UserGroupInformation.java:1878) [hadoop-common-3.3.1.jar:?]
	at org.apache.hadoop.ipc.Server$Handler.run(Server.java:2966) [hadoop-common-3.3.1.jar:?]
13:07:41.726 [IPC Server handler 4 on default port 41441] ERROR OMAudit - user=runner | ip=127.0.0.1 | op=GET_FILE_STATUS {volume=volume07034, bucket=bucket87468, key=gdir1/dir2/child, dataSize=0, replicationConfig=null} | ret=FAILURE
org.apache.hadoop.ozone.om.exceptions.OMException: Unable to get file status: volume: volume07034 bucket: bucket87468 key: gdir1/dir2/child
	at org.apache.hadoop.ozone.om.KeyManagerImpl.getOzoneFileStatus(KeyManagerImpl.java:1283) ~[ozone-manager-1.3.0-SNAPSHOT.jar:?]
	at org.apache.hadoop.ozone.om.KeyManagerImpl.getFileStatus(KeyManagerImpl.java:1213) ~[ozone-manager-1.3.0-SNAPSHOT.jar:?]
	at org.apache.hadoop.ozone.om.OzoneManager.getFileStatus(OzoneManager.java:3419) ~[ozone-manager-1.3.0-SNAPSHOT.jar:?]
	at org.apache.hadoop.ozone.protocolPB.OzoneManagerRequestHandler.getOzoneFileStatus(OzoneManagerRequestHandler.java:871) ~[ozone-manager-1.3.0-SNAPSHOT.jar:?]
	at org.apache.hadoop.ozone.protocolPB.OzoneManagerRequestHandler.handleReadRequest(OzoneManagerRequestHandler.java:217) ~[ozone-manager-1.3.0-SNAPSHOT.jar:?]
	at org.apache.hadoop.ozone.protocolPB.OzoneManagerProtocolServerSideTranslatorPB.submitReadRequestToOM(OzoneManagerProtocolServerSideTranslatorPB.java:225) ~[ozone-manager-1.3.0-SNAPSHOT.jar:?]
	at org.apache.hadoop.ozone.protocolPB.OzoneManagerProtocolServerSideTranslatorPB.processRequest(OzoneManagerProtocolServerSideTranslatorPB.java:175) ~[ozone-manager-1.3.0-SNAPSHOT.jar:?]
	at org.apache.hadoop.hdds.server.OzoneProtocolMessageDispatcher.processRequest(OzoneProtocolMessageDispatcher.java:87) [hdds-server-framework-1.3.0-SNAPSHOT.jar:?]
	at org.apache.hadoop.ozone.protocolPB.OzoneManagerProtocolServerSideTranslatorPB.submitRequest(OzoneManagerProtocolServerSideTranslatorPB.java:147) [ozone-manager-1.3.0-SNAPSHOT.jar:?]
	at org.apache.hadoop.ozone.protocol.proto.OzoneManagerProtocolProtos$OzoneManagerService$2.callBlockingMethod(OzoneManagerProtocolProtos.java) [ozone-interface-client-1.3.0-SNAPSHOT.jar:?]
	at org.apache.hadoop.ipc.ProtobufRpcEngine$Server.processCall(ProtobufRpcEngine.java:466) [hadoop-common-3.3.1.jar:?]
	at org.apache.hadoop.ipc.ProtobufRpcEngine2$Server$ProtoBufRpcInvoker.call(ProtobufRpcEngine2.java:574) [hadoop-common-3.3.1.jar:?]
	at org.apache.hadoop.ipc.ProtobufRpcEngine2$Server$ProtoBufRpcInvoker.call(ProtobufRpcEngine2.java:552) [hadoop-common-3.3.1.jar:?]
	at org.apache.hadoop.ipc.RPC$Server.call(RPC.java:1093) [hadoop-common-3.3.1.jar:?]
	at org.apache.hadoop.ipc.Server$RpcCall.run(Server.java:1035) [hadoop-common-3.3.1.jar:?]
	at org.apache.hadoop.ipc.Server$RpcCall.run(Server.java:963) [hadoop-common-3.3.1.jar:?]
	at java.security.AccessController.doPrivileged(Native Method) ~[?:1.8.0_332]
	at javax.security.auth.Subject.doAs(Subject.java:422) [?:1.8.0_332]
	at org.apache.hadoop.security.UserGroupInformation.doAs(UserGroupInformation.java:1878) [hadoop-common-3.3.1.jar:?]
	at org.apache.hadoop.ipc.Server$Handler.run(Server.java:2966) [hadoop-common-3.3.1.jar:?]
13:07:41.728 [IPC Server handler 10 on default port 41441] ERROR OMAudit - user=runner | ip=127.0.0.1 | op=GET_FILE_STATUS {volume=volume07034, bucket=bucket87468, key=gdir1/dir3, dataSize=0, replicationConfig=null} | ret=FAILURE
org.apache.hadoop.ozone.om.exceptions.OMException: Unable to get file status: volume: volume07034 bucket: bucket87468 key: gdir1/dir3
	at org.apache.hadoop.ozone.om.KeyManagerImpl.getOzoneFileStatus(KeyManagerImpl.java:1283) ~[ozone-manager-1.3.0-SNAPSHOT.jar:?]
	at org.apache.hadoop.ozone.om.KeyManagerImpl.getFileStatus(KeyManagerImpl.java:1213) ~[ozone-manager-1.3.0-SNAPSHOT.jar:?]
	at org.apache.hadoop.ozone.om.OzoneManager.getFileStatus(OzoneManager.java:3419) ~[ozone-manager-1.3.0-SNAPSHOT.jar:?]
	at org.apache.hadoop.ozone.protocolPB.OzoneManagerRequestHandler.getOzoneFileStatus(OzoneManagerRequestHandler.java:871) ~[ozone-manager-1.3.0-SNAPSHOT.jar:?]
	at org.apache.hadoop.ozone.protocolPB.OzoneManagerRequestHandler.handleReadRequest(OzoneManagerRequestHandler.java:217) ~[ozone-manager-1.3.0-SNAPSHOT.jar:?]
	at org.apache.hadoop.ozone.protocolPB.OzoneManagerProtocolServerSideTranslatorPB.submitReadRequestToOM(OzoneManagerProtocolServerSideTranslatorPB.java:225) ~[ozone-manager-1.3.0-SNAPSHOT.jar:?]
	at org.apache.hadoop.ozone.protocolPB.OzoneManagerProtocolServerSideTranslatorPB.processRequest(OzoneManagerProtocolServerSideTranslatorPB.java:175) ~[ozone-manager-1.3.0-SNAPSHOT.jar:?]
	at org.apache.hadoop.hdds.server.OzoneProtocolMessageDispatcher.processRequest(OzoneProtocolMessageDispatcher.java:87) [hdds-server-framework-1.3.0-SNAPSHOT.jar:?]
	at org.apache.hadoop.ozone.protocolPB.OzoneManagerProtocolServerSideTranslatorPB.submitRequest(OzoneManagerProtocolServerSideTranslatorPB.java:147) [ozone-manager-1.3.0-SNAPSHOT.jar:?]
	at org.apache.hadoop.ozone.protocol.proto.OzoneManagerProtocolProtos$OzoneManagerService$2.callBlockingMethod(OzoneManagerProtocolProtos.java) [ozone-interface-client-1.3.0-SNAPSHOT.jar:?]
	at org.apache.hadoop.ipc.ProtobufRpcEngine$Server.processCall(ProtobufRpcEngine.java:466) [hadoop-common-3.3.1.jar:?]
	at org.apache.hadoop.ipc.ProtobufRpcEngine2$Server$ProtoBufRpcInvoker.call(ProtobufRpcEngine2.java:574) [hadoop-common-3.3.1.jar:?]
	at org.apache.hadoop.ipc.ProtobufRpcEngine2$Server$ProtoBufRpcInvoker.call(ProtobufRpcEngine2.java:552) [hadoop-common-3.3.1.jar:?]
	at org.apache.hadoop.ipc.RPC$Server.call(RPC.java:1093) [hadoop-common-3.3.1.jar:?]
	at org.apache.hadoop.ipc.Server$RpcCall.run(Server.java:1035) [hadoop-common-3.3.1.jar:?]
	at org.apache.hadoop.ipc.Server$RpcCall.run(Server.java:963) [hadoop-common-3.3.1.jar:?]
	at java.security.AccessController.doPrivileged(Native Method) ~[?:1.8.0_332]
	at javax.security.auth.Subject.doAs(Subject.java:422) [?:1.8.0_332]
	at org.apache.hadoop.security.UserGroupInformation.doAs(UserGroupInformation.java:1878) [hadoop-common-3.3.1.jar:?]
	at org.apache.hadoop.ipc.Server$Handler.run(Server.java:2966) [hadoop-common-3.3.1.jar:?]
13:07:41.729 [IPC Server handler 3 on default port 41441] ERROR OMAudit - user=runner | ip=127.0.0.1 | op=GET_FILE_STATUS {volume=volume07034, bucket=bucket87468, key=gdir1/dir3/child, dataSize=0, replicationConfig=null} | ret=FAILURE
org.apache.hadoop.ozone.om.exceptions.OMException: Unable to get file status: volume: volume07034 bucket: bucket87468 key: gdir1/dir3/child
	at org.apache.hadoop.ozone.om.KeyManagerImpl.getOzoneFileStatus(KeyManagerImpl.java:1283) ~[ozone-manager-1.3.0-SNAPSHOT.jar:?]
	at org.apache.hadoop.ozone.om.KeyManagerImpl.getFileStatus(KeyManagerImpl.java:1213) ~[ozone-manager-1.3.0-SNAPSHOT.jar:?]
	at org.apache.hadoop.ozone.om.OzoneManager.getFileStatus(OzoneManager.java:3419) ~[ozone-manager-1.3.0-SNAPSHOT.jar:?]
	at org.apache.hadoop.ozone.protocolPB.OzoneManagerRequestHandler.getOzoneFileStatus(OzoneManagerRequestHandler.java:871) ~[ozone-manager-1.3.0-SNAPSHOT.jar:?]
	at org.apache.hadoop.ozone.protocolPB.OzoneManagerRequestHandler.handleReadRequest(OzoneManagerRequestHandler.java:217) ~[ozone-manager-1.3.0-SNAPSHOT.jar:?]
	at org.apache.hadoop.ozone.protocolPB.OzoneManagerProtocolServerSideTranslatorPB.submitReadRequestToOM(OzoneManagerProtocolServerSideTranslatorPB.java:225) ~[ozone-manager-1.3.0-SNAPSHOT.jar:?]
	at org.apache.hadoop.ozone.protocolPB.OzoneManagerProtocolServerSideTranslatorPB.processRequest(OzoneManagerProtocolServerSideTranslatorPB.java:175) ~[ozone-manager-1.3.0-SNAPSHOT.jar:?]
	at org.apache.hadoop.hdds.server.OzoneProtocolMessageDispatcher.processRequest(OzoneProtocolMessageDispatcher.java:87) [hdds-server-framework-1.3.0-SNAPSHOT.jar:?]
	at org.apache.hadoop.ozone.protocolPB.OzoneManagerProtocolServerSideTranslatorPB.submitRequest(OzoneManagerProtocolServerSideTranslatorPB.java:147) [ozone-manager-1.3.0-SNAPSHOT.jar:?]
	at org.apache.hadoop.ozone.protocol.proto.OzoneManagerProtocolProtos$OzoneManagerService$2.callBlockingMethod(OzoneManagerProtocolProtos.java) [ozone-interface-client-1.3.0-SNAPSHOT.jar:?]
	at org.apache.hadoop.ipc.ProtobufRpcEngine$Server.processCall(ProtobufRpcEngine.java:466) [hadoop-common-3.3.1.jar:?]
	at org.apache.hadoop.ipc.ProtobufRpcEngine2$Server$ProtoBufRpcInvoker.call(ProtobufRpcEngine2.java:574) [hadoop-common-3.3.1.jar:?]
	at org.apache.hadoop.ipc.ProtobufRpcEngine2$Server$ProtoBufRpcInvoker.call(ProtobufRpcEngine2.java:552) [hadoop-common-3.3.1.jar:?]
	at org.apache.hadoop.ipc.RPC$Server.call(RPC.java:1093) [hadoop-common-3.3.1.jar:?]
	at org.apache.hadoop.ipc.Server$RpcCall.run(Server.java:1035) [hadoop-common-3.3.1.jar:?]
	at org.apache.hadoop.ipc.Server$RpcCall.run(Server.java:963) [hadoop-common-3.3.1.jar:?]
	at java.security.AccessController.doPrivileged(Native Method) ~[?:1.8.0_332]
	at javax.security.auth.Subject.doAs(Subject.java:422) [?:1.8.0_332]
	at org.apache.hadoop.security.UserGroupInformation.doAs(UserGroupInformation.java:1878) [hadoop-common-3.3.1.jar:?]
	at org.apache.hadoop.ipc.Server$Handler.run(Server.java:2966) [hadoop-common-3.3.1.jar:?]
13:07:41.729 [IPC Server handler 15 on default port 41441] ERROR OMAudit - user=runner | ip=127.0.0.1 | op=GET_FILE_STATUS {volume=volume07034, bucket=bucket87468, key=gdir1/dir4, dataSize=0, replicationConfig=null} | ret=FAILURE
org.apache.hadoop.ozone.om.exceptions.OMException: Unable to get file status: volume: volume07034 bucket: bucket87468 key: gdir1/dir4
	at org.apache.hadoop.ozone.om.KeyManagerImpl.getOzoneFileStatus(KeyManagerImpl.java:1283) ~[ozone-manager-1.3.0-SNAPSHOT.jar:?]
	at org.apache.hadoop.ozone.om.KeyManagerImpl.getFileStatus(KeyManagerImpl.java:1213) ~[ozone-manager-1.3.0-SNAPSHOT.jar:?]
	at org.apache.hadoop.ozone.om.OzoneManager.getFileStatus(OzoneManager.java:3419) ~[ozone-manager-1.3.0-SNAPSHOT.jar:?]
	at org.apache.hadoop.ozone.protocolPB.OzoneManagerRequestHandler.getOzoneFileStatus(OzoneManagerRequestHandler.java:871) ~[ozone-manager-1.3.0-SNAPSHOT.jar:?]
	at org.apache.hadoop.ozone.protocolPB.OzoneManagerRequestHandler.handleReadRequest(OzoneManagerRequestHandler.java:217) ~[ozone-manager-1.3.0-SNAPSHOT.jar:?]
	at org.apache.hadoop.ozone.protocolPB.OzoneManagerProtocolServerSideTranslatorPB.submitReadRequestToOM(OzoneManagerProtocolServerSideTranslatorPB.java:225) ~[ozone-manager-1.3.0-SNAPSHOT.jar:?]
	at org.apache.hadoop.ozone.protocolPB.OzoneManagerProtocolServerSideTranslatorPB.processRequest(OzoneManagerProtocolServerSideTranslatorPB.java:175) ~[ozone-manager-1.3.0-SNAPSHOT.jar:?]
	at org.apache.hadoop.hdds.server.OzoneProtocolMessageDispatcher.processRequest(OzoneProtocolMessageDispatcher.java:87) [hdds-server-framework-1.3.0-SNAPSHOT.jar:?]
	at org.apache.hadoop.ozone.protocolPB.OzoneManagerProtocolServerSideTranslatorPB.submitRequest(OzoneManagerProtocolServerSideTranslatorPB.java:147) [ozone-manager-1.3.0-SNAPSHOT.jar:?]
	at org.apache.hadoop.ozone.protocol.proto.OzoneManagerProtocolProtos$OzoneManagerService$2.callBlockingMethod(OzoneManagerProtocolProtos.java) [ozone-interface-client-1.3.0-SNAPSHOT.jar:?]
	at org.apache.hadoop.ipc.ProtobufRpcEngine$Server.processCall(ProtobufRpcEngine.java:466) [hadoop-common-3.3.1.jar:?]
	at org.apache.hadoop.ipc.ProtobufRpcEngine2$Server$ProtoBufRpcInvoker.call(ProtobufRpcEngine2.java:574) [hadoop-common-3.3.1.jar:?]
	at org.apache.hadoop.ipc.ProtobufRpcEngine2$Server$ProtoBufRpcInvoker.call(ProtobufRpcEngine2.java:552) [hadoop-common-3.3.1.jar:?]
	at org.apache.hadoop.ipc.RPC$Server.call(RPC.java:1093) [hadoop-common-3.3.1.jar:?]
	at org.apache.hadoop.ipc.Server$RpcCall.run(Server.java:1035) [hadoop-common-3.3.1.jar:?]
	at org.apache.hadoop.ipc.Server$RpcCall.run(Server.java:963) [hadoop-common-3.3.1.jar:?]
	at java.security.AccessController.doPrivileged(Native Method) ~[?:1.8.0_332]
	at javax.security.auth.Subject.doAs(Subject.java:422) [?:1.8.0_332]
	at org.apache.hadoop.security.UserGroupInformation.doAs(UserGroupInformation.java:1878) [hadoop-common-3.3.1.jar:?]
	at org.apache.hadoop.ipc.Server$Handler.run(Server.java:2966) [hadoop-common-3.3.1.jar:?]
13:07:41.730 [IPC Server handler 12 on default port 41441] ERROR OMAudit - user=runner | ip=127.0.0.1 | op=GET_FILE_STATUS {volume=volume07034, bucket=bucket87468, key=gdir1/dir4/child, dataSize=0, replicationConfig=null} | ret=FAILURE
org.apache.hadoop.ozone.om.exceptions.OMException: Unable to get file status: volume: volume07034 bucket: bucket87468 key: gdir1/dir4/child
	at org.apache.hadoop.ozone.om.KeyManagerImpl.getOzoneFileStatus(KeyManagerImpl.java:1283) ~[ozone-manager-1.3.0-SNAPSHOT.jar:?]
	at org.apache.hadoop.ozone.om.KeyManagerImpl.getFileStatus(KeyManagerImpl.java:1213) ~[ozone-manager-1.3.0-SNAPSHOT.jar:?]
	at org.apache.hadoop.ozone.om.OzoneManager.getFileStatus(OzoneManager.java:3419) ~[ozone-manager-1.3.0-SNAPSHOT.jar:?]
	at org.apache.hadoop.ozone.protocolPB.OzoneManagerRequestHandler.getOzoneFileStatus(OzoneManagerRequestHandler.java:871) ~[ozone-manager-1.3.0-SNAPSHOT.jar:?]
	at org.apache.hadoop.ozone.protocolPB.OzoneManagerRequestHandler.handleReadRequest(OzoneManagerRequestHandler.java:217) ~[ozone-manager-1.3.0-SNAPSHOT.jar:?]
	at org.apache.hadoop.ozone.protocolPB.OzoneManagerProtocolServerSideTranslatorPB.submitReadRequestToOM(OzoneManagerProtocolServerSideTranslatorPB.java:225) ~[ozone-manager-1.3.0-SNAPSHOT.jar:?]
	at org.apache.hadoop.ozone.protocolPB.OzoneManagerProtocolServerSideTranslatorPB.processRequest(OzoneManagerProtocolServerSideTranslatorPB.java:175) ~[ozone-manager-1.3.0-SNAPSHOT.jar:?]
	at org.apache.hadoop.hdds.server.OzoneProtocolMessageDispatcher.processRequest(OzoneProtocolMessageDispatcher.java:87) [hdds-server-framework-1.3.0-SNAPSHOT.jar:?]
	at org.apache.hadoop.ozone.protocolPB.OzoneManagerProtocolServerSideTranslatorPB.submitRequest(OzoneManagerProtocolServerSideTranslatorPB.java:147) [ozone-manager-1.3.0-SNAPSHOT.jar:?]
	at org.apache.hadoop.ozone.protocol.proto.OzoneManagerProtocolProtos$OzoneManagerService$2.callBlockingMethod(OzoneManagerProtocolProtos.java) [ozone-interface-client-1.3.0-SNAPSHOT.jar:?]
	at org.apache.hadoop.ipc.ProtobufRpcEngine$Server.processCall(ProtobufRpcEngine.java:466) [hadoop-common-3.3.1.jar:?]
	at org.apache.hadoop.ipc.ProtobufRpcEngine2$Server$ProtoBufRpcInvoker.call(ProtobufRpcEngine2.java:574) [hadoop-common-3.3.1.jar:?]
	at org.apache.hadoop.ipc.ProtobufRpcEngine2$Server$ProtoBufRpcInvoker.call(ProtobufRpcEngine2.java:552) [hadoop-common-3.3.1.jar:?]
	at org.apache.hadoop.ipc.RPC$Server.call(RPC.java:1093) [hadoop-common-3.3.1.jar:?]
	at org.apache.hadoop.ipc.Server$RpcCall.run(Server.java:1035) [hadoop-common-3.3.1.jar:?]
	at org.apache.hadoop.ipc.Server$RpcCall.run(Server.java:963) [hadoop-common-3.3.1.jar:?]
	at java.security.AccessController.doPrivileged(Native Method) ~[?:1.8.0_332]
	at javax.security.auth.Subject.doAs(Subject.java:422) [?:1.8.0_332]
	at org.apache.hadoop.security.UserGroupInformation.doAs(UserGroupInformation.java:1878) [hadoop-common-3.3.1.jar:?]
	at org.apache.hadoop.ipc.Server$Handler.run(Server.java:2966) [hadoop-common-3.3.1.jar:?]
13:07:41.731 [IPC Server handler 7 on default port 41441] ERROR OMAudit - user=runner | ip=127.0.0.1 | op=GET_FILE_STATUS {volume=volume07034, bucket=bucket87468, key=gdir1/dir5, dataSize=0, replicationConfig=null} | ret=FAILURE
org.apache.hadoop.ozone.om.exceptions.OMException: Unable to get file status: volume: volume07034 bucket: bucket87468 key: gdir1/dir5
	at org.apache.hadoop.ozone.om.KeyManagerImpl.getOzoneFileStatus(KeyManagerImpl.java:1283) ~[ozone-manager-1.3.0-SNAPSHOT.jar:?]
	at org.apache.hadoop.ozone.om.KeyManagerImpl.getFileStatus(KeyManagerImpl.java:1213) ~[ozone-manager-1.3.0-SNAPSHOT.jar:?]
	at org.apache.hadoop.ozone.om.OzoneManager.getFileStatus(OzoneManager.java:3419) ~[ozone-manager-1.3.0-SNAPSHOT.jar:?]
	at org.apache.hadoop.ozone.protocolPB.OzoneManagerRequestHandler.getOzoneFileStatus(OzoneManagerRequestHandler.java:871) ~[ozone-manager-1.3.0-SNAPSHOT.jar:?]
	at org.apache.hadoop.ozone.protocolPB.OzoneManagerRequestHandler.handleReadRequest(OzoneManagerRequestHandler.java:217) ~[ozone-manager-1.3.0-SNAPSHOT.jar:?]
	at org.apache.hadoop.ozone.protocolPB.OzoneManagerProtocolServerSideTranslatorPB.submitReadRequestToOM(OzoneManagerProtocolServerSideTranslatorPB.java:225) ~[ozone-manager-1.3.0-SNAPSHOT.jar:?]
	at org.apache.hadoop.ozone.protocolPB.OzoneManagerProtocolServerSideTranslatorPB.processRequest(OzoneManagerProtocolServerSideTranslatorPB.java:175) ~[ozone-manager-1.3.0-SNAPSHOT.jar:?]
	at org.apache.hadoop.hdds.server.OzoneProtocolMessageDispatcher.processRequest(OzoneProtocolMessageDispatcher.java:87) [hdds-server-framework-1.3.0-SNAPSHOT.jar:?]
	at org.apache.hadoop.ozone.protocolPB.OzoneManagerProtocolServerSideTranslatorPB.submitRequest(OzoneManagerProtocolServerSideTranslatorPB.java:147) [ozone-manager-1.3.0-SNAPSHOT.jar:?]
	at org.apache.hadoop.ozone.protocol.proto.OzoneManagerProtocolProtos$OzoneManagerService$2.callBlockingMethod(OzoneManagerProtocolProtos.java) [ozone-interface-client-1.3.0-SNAPSHOT.jar:?]
	at org.apache.hadoop.ipc.ProtobufRpcEngine$Server.processCall(ProtobufRpcEngine.java:466) [hadoop-common-3.3.1.jar:?]
	at org.apache.hadoop.ipc.ProtobufRpcEngine2$Server$ProtoBufRpcInvoker.call(ProtobufRpcEngine2.java:574) [hadoop-common-3.3.1.jar:?]
	at org.apache.hadoop.ipc.ProtobufRpcEngine2$Server$ProtoBufRpcInvoker.call(ProtobufRpcEngine2.java:552) [hadoop-common-3.3.1.jar:?]
	at org.apache.hadoop.ipc.RPC$Server.call(RPC.java:1093) [hadoop-common-3.3.1.jar:?]
	at org.apache.hadoop.ipc.Server$RpcCall.run(Server.java:1035) [hadoop-common-3.3.1.jar:?]
	at org.apache.hadoop.ipc.Server$RpcCall.run(Server.java:963) [hadoop-common-3.3.1.jar:?]
	at java.security.AccessController.doPrivileged(Native Method) ~[?:1.8.0_332]
	at javax.security.auth.Subject.doAs(Subject.java:422) [?:1.8.0_332]
	at org.apache.hadoop.security.UserGroupInformation.doAs(UserGroupInformation.java:1878) [hadoop-common-3.3.1.jar:?]
	at org.apache.hadoop.ipc.Server$Handler.run(Server.java:2966) [hadoop-common-3.3.1.jar:?]
13:07:41.733 [IPC Server handler 13 on default port 41441] ERROR OMAudit - user=runner | ip=127.0.0.1 | op=GET_FILE_STATUS {volume=volume07034, bucket=bucket87468, key=gdir1/dir5/child, dataSize=0, replicationConfig=null} | ret=FAILURE
org.apache.hadoop.ozone.om.exceptions.OMException: Unable to get file status: volume: volume07034 bucket: bucket87468 key: gdir1/dir5/child
	at org.apache.hadoop.ozone.om.KeyManagerImpl.getOzoneFileStatus(KeyManagerImpl.java:1283) ~[ozone-manager-1.3.0-SNAPSHOT.jar:?]
	at org.apache.hadoop.ozone.om.KeyManagerImpl.getFileStatus(KeyManagerImpl.java:1213) ~[ozone-manager-1.3.0-SNAPSHOT.jar:?]
	at org.apache.hadoop.ozone.om.OzoneManager.getFileStatus(OzoneManager.java:3419) ~[ozone-manager-1.3.0-SNAPSHOT.jar:?]
	at org.apache.hadoop.ozone.protocolPB.OzoneManagerRequestHandler.getOzoneFileStatus(OzoneManagerRequestHandler.java:871) ~[ozone-manager-1.3.0-SNAPSHOT.jar:?]
	at org.apache.hadoop.ozone.protocolPB.OzoneManagerRequestHandler.handleReadRequest(OzoneManagerRequestHandler.java:217) ~[ozone-manager-1.3.0-SNAPSHOT.jar:?]
	at org.apache.hadoop.ozone.protocolPB.OzoneManagerProtocolServerSideTranslatorPB.submitReadRequestToOM(OzoneManagerProtocolServerSideTranslatorPB.java:225) ~[ozone-manager-1.3.0-SNAPSHOT.jar:?]
	at org.apache.hadoop.ozone.protocolPB.OzoneManagerProtocolServerSideTranslatorPB.processRequest(OzoneManagerProtocolServerSideTranslatorPB.java:175) ~[ozone-manager-1.3.0-SNAPSHOT.jar:?]
	at org.apache.hadoop.hdds.server.OzoneProtocolMessageDispatcher.processRequest(OzoneProtocolMessageDispatcher.java:87) [hdds-server-framework-1.3.0-SNAPSHOT.jar:?]
	at org.apache.hadoop.ozone.protocolPB.OzoneManagerProtocolServerSideTranslatorPB.submitRequest(OzoneManagerProtocolServerSideTranslatorPB.java:147) [ozone-manager-1.3.0-SNAPSHOT.jar:?]
	at org.apache.hadoop.ozone.protocol.proto.OzoneManagerProtocolProtos$OzoneManagerService$2.callBlockingMethod(OzoneManagerProtocolProtos.java) [ozone-interface-client-1.3.0-SNAPSHOT.jar:?]
	at org.apache.hadoop.ipc.ProtobufRpcEngine$Server.processCall(ProtobufRpcEngine.java:466) [hadoop-common-3.3.1.jar:?]
	at org.apache.hadoop.ipc.ProtobufRpcEngine2$Server$ProtoBufRpcInvoker.call(ProtobufRpcEngine2.java:574) [hadoop-common-3.3.1.jar:?]
	at org.apache.hadoop.ipc.ProtobufRpcEngine2$Server$ProtoBufRpcInvoker.call(ProtobufRpcEngine2.java:552) [hadoop-common-3.3.1.jar:?]
	at org.apache.hadoop.ipc.RPC$Server.call(RPC.java:1093) [hadoop-common-3.3.1.jar:?]
	at org.apache.hadoop.ipc.Server$RpcCall.run(Server.java:1035) [hadoop-common-3.3.1.jar:?]
	at org.apache.hadoop.ipc.Server$RpcCall.run(Server.java:963) [hadoop-common-3.3.1.jar:?]
	at java.security.AccessController.doPrivileged(Native Method) ~[?:1.8.0_332]
	at javax.security.auth.Subject.doAs(Subject.java:422) [?:1.8.0_332]
	at org.apache.hadoop.security.UserGroupInformation.doAs(UserGroupInformation.java:1878) [hadoop-common-3.3.1.jar:?]
	at org.apache.hadoop.ipc.Server$Handler.run(Server.java:2966) [hadoop-common-3.3.1.jar:?]
13:07:41.734 [IPC Server handler 2 on default port 41441] ERROR OMAudit - user=runner | ip=127.0.0.1 | op=GET_FILE_STATUS {volume=volume07034, bucket=bucket87468, key=gdir1/dir6, dataSize=0, replicationConfig=null} | ret=FAILURE
org.apache.hadoop.ozone.om.exceptions.OMException: Unable to get file status: volume: volume07034 bucket: bucket87468 key: gdir1/dir6
	at org.apache.hadoop.ozone.om.KeyManagerImpl.getOzoneFileStatus(KeyManagerImpl.java:1283) ~[ozone-manager-1.3.0-SNAPSHOT.jar:?]
	at org.apache.hadoop.ozone.om.KeyManagerImpl.getFileStatus(KeyManagerImpl.java:1213) ~[ozone-manager-1.3.0-SNAPSHOT.jar:?]
	at org.apache.hadoop.ozone.om.OzoneManager.getFileStatus(OzoneManager.java:3419) ~[ozone-manager-1.3.0-SNAPSHOT.jar:?]
	at org.apache.hadoop.ozone.protocolPB.OzoneManagerRequestHandler.getOzoneFileStatus(OzoneManagerRequestHandler.java:871) ~[ozone-manager-1.3.0-SNAPSHOT.jar:?]
	at org.apache.hadoop.ozone.protocolPB.OzoneManagerRequestHandler.handleReadRequest(OzoneManagerRequestHandler.java:217) ~[ozone-manager-1.3.0-SNAPSHOT.jar:?]
	at org.apache.hadoop.ozone.protocolPB.OzoneManagerProtocolServerSideTranslatorPB.submitReadRequestToOM(OzoneManagerProtocolServerSideTranslatorPB.java:225) ~[ozone-manager-1.3.0-SNAPSHOT.jar:?]
	at org.apache.hadoop.ozone.protocolPB.OzoneManagerProtocolServerSideTranslatorPB.processRequest(OzoneManagerProtocolServerSideTranslatorPB.java:175) ~[ozone-manager-1.3.0-SNAPSHOT.jar:?]
	at org.apache.hadoop.hdds.server.OzoneProtocolMessageDispatcher.processRequest(OzoneProtocolMessageDispatcher.java:87) [hdds-server-framework-1.3.0-SNAPSHOT.jar:?]
	at org.apache.hadoop.ozone.protocolPB.OzoneManagerProtocolServerSideTranslatorPB.submitRequest(OzoneManagerProtocolServerSideTranslatorPB.java:147) [ozone-manager-1.3.0-SNAPSHOT.jar:?]
	at org.apache.hadoop.ozone.protocol.proto.OzoneManagerProtocolProtos$OzoneManagerService$2.callBlockingMethod(OzoneManagerProtocolProtos.java) [ozone-interface-client-1.3.0-SNAPSHOT.jar:?]
	at org.apache.hadoop.ipc.ProtobufRpcEngine$Server.processCall(ProtobufRpcEngine.java:466) [hadoop-common-3.3.1.jar:?]
	at org.apache.hadoop.ipc.ProtobufRpcEngine2$Server$ProtoBufRpcInvoker.call(ProtobufRpcEngine2.java:574) [hadoop-common-3.3.1.jar:?]
	at org.apache.hadoop.ipc.ProtobufRpcEngine2$Server$ProtoBufRpcInvoker.call(ProtobufRpcEngine2.java:552) [hadoop-common-3.3.1.jar:?]
	at org.apache.hadoop.ipc.RPC$Server.call(RPC.java:1093) [hadoop-common-3.3.1.jar:?]
	at org.apache.hadoop.ipc.Server$RpcCall.run(Server.java:1035) [hadoop-common-3.3.1.jar:?]
	at org.apache.hadoop.ipc.Server$RpcCall.run(Server.java:963) [hadoop-common-3.3.1.jar:?]
	at java.security.AccessController.doPrivileged(Native Method) ~[?:1.8.0_332]
	at javax.security.auth.Subject.doAs(Subject.java:422) [?:1.8.0_332]
	at org.apache.hadoop.security.UserGroupInformation.doAs(UserGroupInformation.java:1878) [hadoop-common-3.3.1.jar:?]
	at org.apache.hadoop.ipc.Server$Handler.run(Server.java:2966) [hadoop-common-3.3.1.jar:?]
13:07:41.735 [IPC Server handler 0 on default port 41441] ERROR OMAudit - user=runner | ip=127.0.0.1 | op=GET_FILE_STATUS {volume=volume07034, bucket=bucket87468, key=gdir1/dir6/child, dataSize=0, replicationConfig=null} | ret=FAILURE
org.apache.hadoop.ozone.om.exceptions.OMException: Unable to get file status: volume: volume07034 bucket: bucket87468 key: gdir1/dir6/child
	at org.apache.hadoop.ozone.om.KeyManagerImpl.getOzoneFileStatus(KeyManagerImpl.java:1283) ~[ozone-manager-1.3.0-SNAPSHOT.jar:?]
	at org.apache.hadoop.ozone.om.KeyManagerImpl.getFileStatus(KeyManagerImpl.java:1213) ~[ozone-manager-1.3.0-SNAPSHOT.jar:?]
	at org.apache.hadoop.ozone.om.OzoneManager.getFileStatus(OzoneManager.java:3419) ~[ozone-manager-1.3.0-SNAPSHOT.jar:?]
	at org.apache.hadoop.ozone.protocolPB.OzoneManagerRequestHandler.getOzoneFileStatus(OzoneManagerRequestHandler.java:871) ~[ozone-manager-1.3.0-SNAPSHOT.jar:?]
	at org.apache.hadoop.ozone.protocolPB.OzoneManagerRequestHandler.handleReadRequest(OzoneManagerRequestHandler.java:217) ~[ozone-manager-1.3.0-SNAPSHOT.jar:?]
	at org.apache.hadoop.ozone.protocolPB.OzoneManagerProtocolServerSideTranslatorPB.submitReadRequestToOM(OzoneManagerProtocolServerSideTranslatorPB.java:225) ~[ozone-manager-1.3.0-SNAPSHOT.jar:?]
	at org.apache.hadoop.ozone.protocolPB.OzoneManagerProtocolServerSideTranslatorPB.processRequest(OzoneManagerProtocolServerSideTranslatorPB.java:175) ~[ozone-manager-1.3.0-SNAPSHOT.jar:?]
	at org.apache.hadoop.hdds.server.OzoneProtocolMessageDispatcher.processRequest(OzoneProtocolMessageDispatcher.java:87) [hdds-server-framework-1.3.0-SNAPSHOT.jar:?]
	at org.apache.hadoop.ozone.protocolPB.OzoneManagerProtocolServerSideTranslatorPB.submitRequest(OzoneManagerProtocolServerSideTranslatorPB.java:147) [ozone-manager-1.3.0-SNAPSHOT.jar:?]
	at org.apache.hadoop.ozone.protocol.proto.OzoneManagerProtocolProtos$OzoneManagerService$2.callBlockingMethod(OzoneManagerProtocolProtos.java) [ozone-interface-client-1.3.0-SNAPSHOT.jar:?]
	at org.apache.hadoop.ipc.ProtobufRpcEngine$Server.processCall(ProtobufRpcEngine.java:466) [hadoop-common-3.3.1.jar:?]
	at org.apache.hadoop.ipc.ProtobufRpcEngine2$Server$ProtoBufRpcInvoker.call(ProtobufRpcEngine2.java:574) [hadoop-common-3.3.1.jar:?]
	at org.apache.hadoop.ipc.ProtobufRpcEngine2$Server$ProtoBufRpcInvoker.call(ProtobufRpcEngine2.java:552) [hadoop-common-3.3.1.jar:?]
	at org.apache.hadoop.ipc.RPC$Server.call(RPC.java:1093) [hadoop-common-3.3.1.jar:?]
	at org.apache.hadoop.ipc.Server$RpcCall.run(Server.java:1035) [hadoop-common-3.3.1.jar:?]
	at org.apache.hadoop.ipc.Server$RpcCall.run(Server.java:963) [hadoop-common-3.3.1.jar:?]
	at java.security.AccessController.doPrivileged(Native Method) ~[?:1.8.0_332]
	at javax.security.auth.Subject.doAs(Subject.java:422) [?:1.8.0_332]
	at org.apache.hadoop.security.UserGroupInformation.doAs(UserGroupInformation.java:1878) [hadoop-common-3.3.1.jar:?]
	at org.apache.hadoop.ipc.Server$Handler.run(Server.java:2966) [hadoop-common-3.3.1.jar:?]
13:07:41.735 [IPC Server handler 18 on default port 41441] ERROR OMAudit - user=runner | ip=127.0.0.1 | op=GET_FILE_STATUS {volume=volume07034, bucket=bucket87468, key=gdir1/dir7, dataSize=0, replicationConfig=null} | ret=FAILURE
org.apache.hadoop.ozone.om.exceptions.OMException: Unable to get file status: volume: volume07034 bucket: bucket87468 key: gdir1/dir7
	at org.apache.hadoop.ozone.om.KeyManagerImpl.getOzoneFileStatus(KeyManagerImpl.java:1283) ~[ozone-manager-1.3.0-SNAPSHOT.jar:?]
	at org.apache.hadoop.ozone.om.KeyManagerImpl.getFileStatus(KeyManagerImpl.java:1213) ~[ozone-manager-1.3.0-SNAPSHOT.jar:?]
	at org.apache.hadoop.ozone.om.OzoneManager.getFileStatus(OzoneManager.java:3419) ~[ozone-manager-1.3.0-SNAPSHOT.jar:?]
	at org.apache.hadoop.ozone.protocolPB.OzoneManagerRequestHandler.getOzoneFileStatus(OzoneManagerRequestHandler.java:871) ~[ozone-manager-1.3.0-SNAPSHOT.jar:?]
	at org.apache.hadoop.ozone.protocolPB.OzoneManagerRequestHandler.handleReadRequest(OzoneManagerRequestHandler.java:217) ~[ozone-manager-1.3.0-SNAPSHOT.jar:?]
	at org.apache.hadoop.ozone.protocolPB.OzoneManagerProtocolServerSideTranslatorPB.submitReadRequestToOM(OzoneManagerProtocolServerSideTranslatorPB.java:225) ~[ozone-manager-1.3.0-SNAPSHOT.jar:?]
	at org.apache.hadoop.ozone.protocolPB.OzoneManagerProtocolServerSideTranslatorPB.processRequest(OzoneManagerProtocolServerSideTranslatorPB.java:175) ~[ozone-manager-1.3.0-SNAPSHOT.jar:?]
	at org.apache.hadoop.hdds.server.OzoneProtocolMessageDispatcher.processRequest(OzoneProtocolMessageDispatcher.java:87) [hdds-server-framework-1.3.0-SNAPSHOT.jar:?]
	at org.apache.hadoop.ozone.protocolPB.OzoneManagerProtocolServerSideTranslatorPB.submitRequest(OzoneManagerProtocolServerSideTranslatorPB.java:147) [ozone-manager-1.3.0-SNAPSHOT.jar:?]
	at org.apache.hadoop.ozone.protocol.proto.OzoneManagerProtocolProtos$OzoneManagerService$2.callBlockingMethod(OzoneManagerProtocolProtos.java) [ozone-interface-client-1.3.0-SNAPSHOT.jar:?]
	at org.apache.hadoop.ipc.ProtobufRpcEngine$Server.processCall(ProtobufRpcEngine.java:466) [hadoop-common-3.3.1.jar:?]
	at org.apache.hadoop.ipc.ProtobufRpcEngine2$Server$ProtoBufRpcInvoker.call(ProtobufRpcEngine2.java:574) [hadoop-common-3.3.1.jar:?]
	at org.apache.hadoop.ipc.ProtobufRpcEngine2$Server$ProtoBufRpcInvoker.call(ProtobufRpcEngine2.java:552) [hadoop-common-3.3.1.jar:?]
	at org.apache.hadoop.ipc.RPC$Server.call(RPC.java:1093) [hadoop-common-3.3.1.jar:?]
	at org.apache.hadoop.ipc.Server$RpcCall.run(Server.java:1035) [hadoop-common-3.3.1.jar:?]
	at org.apache.hadoop.ipc.Server$RpcCall.run(Server.java:963) [hadoop-common-3.3.1.jar:?]
	at java.security.AccessController.doPrivileged(Native Method) ~[?:1.8.0_332]
	at javax.security.auth.Subject.doAs(Subject.java:422) [?:1.8.0_332]
	at org.apache.hadoop.security.UserGroupInformation.doAs(UserGroupInformation.java:1878) [hadoop-common-3.3.1.jar:?]
	at org.apache.hadoop.ipc.Server$Handler.run(Server.java:2966) [hadoop-common-3.3.1.jar:?]
13:07:41.738 [IPC Server handler 1 on default port 41441] ERROR OMAudit - user=runner | ip=127.0.0.1 | op=GET_FILE_STATUS {volume=volume07034, bucket=bucket87468, key=gdir1/dir7/child, dataSize=0, replicationConfig=null} | ret=FAILURE
org.apache.hadoop.ozone.om.exceptions.OMException: Unable to get file status: volume: volume07034 bucket: bucket87468 key: gdir1/dir7/child
	at org.apache.hadoop.ozone.om.KeyManagerImpl.getOzoneFileStatus(KeyManagerImpl.java:1283) ~[ozone-manager-1.3.0-SNAPSHOT.jar:?]
	at org.apache.hadoop.ozone.om.KeyManagerImpl.getFileStatus(KeyManagerImpl.java:1213) ~[ozone-manager-1.3.0-SNAPSHOT.jar:?]
	at org.apache.hadoop.ozone.om.OzoneManager.getFileStatus(OzoneManager.java:3419) ~[ozone-manager-1.3.0-SNAPSHOT.jar:?]
	at org.apache.hadoop.ozone.protocolPB.OzoneManagerRequestHandler.getOzoneFileStatus(OzoneManagerRequestHandler.java:871) ~[ozone-manager-1.3.0-SNAPSHOT.jar:?]
	at org.apache.hadoop.ozone.protocolPB.OzoneManagerRequestHandler.handleReadRequest(OzoneManagerRequestHandler.java:217) ~[ozone-manager-1.3.0-SNAPSHOT.jar:?]
	at org.apache.hadoop.ozone.protocolPB.OzoneManagerProtocolServerSideTranslatorPB.submitReadRequestToOM(OzoneManagerProtocolServerSideTranslatorPB.java:225) ~[ozone-manager-1.3.0-SNAPSHOT.jar:?]
	at org.apache.hadoop.ozone.protocolPB.OzoneManagerProtocolServerSideTranslatorPB.processRequest(OzoneManagerProtocolServerSideTranslatorPB.java:175) ~[ozone-manager-1.3.0-SNAPSHOT.jar:?]
	at org.apache.hadoop.hdds.server.OzoneProtocolMessageDispatcher.processRequest(OzoneProtocolMessageDispatcher.java:87) [hdds-server-framework-1.3.0-SNAPSHOT.jar:?]
	at org.apache.hadoop.ozone.protocolPB.OzoneManagerProtocolServerSideTranslatorPB.submitRequest(OzoneManagerProtocolServerSideTranslatorPB.java:147) [ozone-manager-1.3.0-SNAPSHOT.jar:?]
	at org.apache.hadoop.ozone.protocol.proto.OzoneManagerProtocolProtos$OzoneManagerService$2.callBlockingMethod(OzoneManagerProtocolProtos.java) [ozone-interface-client-1.3.0-SNAPSHOT.jar:?]
	at org.apache.hadoop.ipc.ProtobufRpcEngine$Server.processCall(ProtobufRpcEngine.java:466) [hadoop-common-3.3.1.jar:?]
	at org.apache.hadoop.ipc.ProtobufRpcEngine2$Server$ProtoBufRpcInvoker.call(ProtobufRpcEngine2.java:574) [hadoop-common-3.3.1.jar:?]
	at org.apache.hadoop.ipc.ProtobufRpcEngine2$Server$ProtoBufRpcInvoker.call(ProtobufRpcEngine2.java:552) [hadoop-common-3.3.1.jar:?]
	at org.apache.hadoop.ipc.RPC$Server.call(RPC.java:1093) [hadoop-common-3.3.1.jar:?]
	at org.apache.hadoop.ipc.Server$RpcCall.run(Server.java:1035) [hadoop-common-3.3.1.jar:?]
	at org.apache.hadoop.ipc.Server$RpcCall.run(Server.java:963) [hadoop-common-3.3.1.jar:?]
	at java.security.AccessController.doPrivileged(Native Method) ~[?:1.8.0_332]
	at javax.security.auth.Subject.doAs(Subject.java:422) [?:1.8.0_332]
	at org.apache.hadoop.security.UserGroupInformation.doAs(UserGroupInformation.java:1878) [hadoop-common-3.3.1.jar:?]
	at org.apache.hadoop.ipc.Server$Handler.run(Server.java:2966) [hadoop-common-3.3.1.jar:?]
13:07:41.739 [IPC Server handler 16 on default port 41441] ERROR OMAudit - user=runner | ip=127.0.0.1 | op=GET_FILE_STATUS {volume=volume07034, bucket=bucket87468, key=gdir1/dir8, dataSize=0, replicationConfig=null} | ret=FAILURE
org.apache.hadoop.ozone.om.exceptions.OMException: Unable to get file status: volume: volume07034 bucket: bucket87468 key: gdir1/dir8
	at org.apache.hadoop.ozone.om.KeyManagerImpl.getOzoneFileStatus(KeyManagerImpl.java:1283) ~[ozone-manager-1.3.0-SNAPSHOT.jar:?]
	at org.apache.hadoop.ozone.om.KeyManagerImpl.getFileStatus(KeyManagerImpl.java:1213) ~[ozone-manager-1.3.0-SNAPSHOT.jar:?]
	at org.apache.hadoop.ozone.om.OzoneManager.getFileStatus(OzoneManager.java:3419) ~[ozone-manager-1.3.0-SNAPSHOT.jar:?]
	at org.apache.hadoop.ozone.protocolPB.OzoneManagerRequestHandler.getOzoneFileStatus(OzoneManagerRequestHandler.java:871) ~[ozone-manager-1.3.0-SNAPSHOT.jar:?]
	at org.apache.hadoop.ozone.protocolPB.OzoneManagerRequestHandler.handleReadRequest(OzoneManagerRequestHandler.java:217) ~[ozone-manager-1.3.0-SNAPSHOT.jar:?]
	at org.apache.hadoop.ozone.protocolPB.OzoneManagerProtocolServerSideTranslatorPB.submitReadRequestToOM(OzoneManagerProtocolServerSideTranslatorPB.java:225) ~[ozone-manager-1.3.0-SNAPSHOT.jar:?]
	at org.apache.hadoop.ozone.protocolPB.OzoneManagerProtocolServerSideTranslatorPB.processRequest(OzoneManagerProtocolServerSideTranslatorPB.java:175) ~[ozone-manager-1.3.0-SNAPSHOT.jar:?]
	at org.apache.hadoop.hdds.server.OzoneProtocolMessageDispatcher.processRequest(OzoneProtocolMessageDispatcher.java:87) [hdds-server-framework-1.3.0-SNAPSHOT.jar:?]
	at org.apache.hadoop.ozone.protocolPB.OzoneManagerProtocolServerSideTranslatorPB.submitRequest(OzoneManagerProtocolServerSideTranslatorPB.java:147) [ozone-manager-1.3.0-SNAPSHOT.jar:?]
	at org.apache.hadoop.ozone.protocol.proto.OzoneManagerProtocolProtos$OzoneManagerService$2.callBlockingMethod(OzoneManagerProtocolProtos.java) [ozone-interface-client-1.3.0-SNAPSHOT.jar:?]
	at org.apache.hadoop.ipc.ProtobufRpcEngine$Server.processCall(ProtobufRpcEngine.java:466) [hadoop-common-3.3.1.jar:?]
	at org.apache.hadoop.ipc.ProtobufRpcEngine2$Server$ProtoBufRpcInvoker.call(ProtobufRpcEngine2.java:574) [hadoop-common-3.3.1.jar:?]
	at org.apache.hadoop.ipc.ProtobufRpcEngine2$Server$ProtoBufRpcInvoker.call(ProtobufRpcEngine2.java:552) [hadoop-common-3.3.1.jar:?]
	at org.apache.hadoop.ipc.RPC$Server.call(RPC.java:1093) [hadoop-common-3.3.1.jar:?]
	at org.apache.hadoop.ipc.Server$RpcCall.run(Server.java:1035) [hadoop-common-3.3.1.jar:?]
	at org.apache.hadoop.ipc.Server$RpcCall.run(Server.java:963) [hadoop-common-3.3.1.jar:?]
	at java.security.AccessController.doPrivileged(Native Method) ~[?:1.8.0_332]
	at javax.security.auth.Subject.doAs(Subject.java:422) [?:1.8.0_332]
	at org.apache.hadoop.security.UserGroupInformation.doAs(UserGroupInformation.java:1878) [hadoop-common-3.3.1.jar:?]
	at org.apache.hadoop.ipc.Server$Handler.run(Server.java:2966) [hadoop-common-3.3.1.jar:?]
13:07:41.740 [IPC Server handler 19 on default port 41441] ERROR OMAudit - user=runner | ip=127.0.0.1 | op=GET_FILE_STATUS {volume=volume07034, bucket=bucket87468, key=gdir1/dir8/child, dataSize=0, replicationConfig=null} | ret=FAILURE
org.apache.hadoop.ozone.om.exceptions.OMException: Unable to get file status: volume: volume07034 bucket: bucket87468 key: gdir1/dir8/child
	at org.apache.hadoop.ozone.om.KeyManagerImpl.getOzoneFileStatus(KeyManagerImpl.java:1283) ~[ozone-manager-1.3.0-SNAPSHOT.jar:?]
	at org.apache.hadoop.ozone.om.KeyManagerImpl.getFileStatus(KeyManagerImpl.java:1213) ~[ozone-manager-1.3.0-SNAPSHOT.jar:?]
	at org.apache.hadoop.ozone.om.OzoneManager.getFileStatus(OzoneManager.java:3419) ~[ozone-manager-1.3.0-SNAPSHOT.jar:?]
	at org.apache.hadoop.ozone.protocolPB.OzoneManagerRequestHandler.getOzoneFileStatus(OzoneManagerRequestHandler.java:871) ~[ozone-manager-1.3.0-SNAPSHOT.jar:?]
	at org.apache.hadoop.ozone.protocolPB.OzoneManagerRequestHandler.handleReadRequest(OzoneManagerRequestHandler.java:217) ~[ozone-manager-1.3.0-SNAPSHOT.jar:?]
	at org.apache.hadoop.ozone.protocolPB.OzoneManagerProtocolServerSideTranslatorPB.submitReadRequestToOM(OzoneManagerProtocolServerSideTranslatorPB.java:225) ~[ozone-manager-1.3.0-SNAPSHOT.jar:?]
	at org.apache.hadoop.ozone.protocolPB.OzoneManagerProtocolServerSideTranslatorPB.processRequest(OzoneManagerProtocolServerSideTranslatorPB.java:175) ~[ozone-manager-1.3.0-SNAPSHOT.jar:?]
	at org.apache.hadoop.hdds.server.OzoneProtocolMessageDispatcher.processRequest(OzoneProtocolMessageDispatcher.java:87) [hdds-server-framework-1.3.0-SNAPSHOT.jar:?]
	at org.apache.hadoop.ozone.protocolPB.OzoneManagerProtocolServerSideTranslatorPB.submitRequest(OzoneManagerProtocolServerSideTranslatorPB.java:147) [ozone-manager-1.3.0-SNAPSHOT.jar:?]
	at org.apache.hadoop.ozone.protocol.proto.OzoneManagerProtocolProtos$OzoneManagerService$2.callBlockingMethod(OzoneManagerProtocolProtos.java) [ozone-interface-client-1.3.0-SNAPSHOT.jar:?]
	at org.apache.hadoop.ipc.ProtobufRpcEngine$Server.processCall(ProtobufRpcEngine.java:466) [hadoop-common-3.3.1.jar:?]
	at org.apache.hadoop.ipc.ProtobufRpcEngine2$Server$ProtoBufRpcInvoker.call(ProtobufRpcEngine2.java:574) [hadoop-common-3.3.1.jar:?]
	at org.apache.hadoop.ipc.ProtobufRpcEngine2$Server$ProtoBufRpcInvoker.call(ProtobufRpcEngine2.java:552) [hadoop-common-3.3.1.jar:?]
	at org.apache.hadoop.ipc.RPC$Server.call(RPC.java:1093) [hadoop-common-3.3.1.jar:?]
	at org.apache.hadoop.ipc.Server$RpcCall.run(Server.java:1035) [hadoop-common-3.3.1.jar:?]
	at org.apache.hadoop.ipc.Server$RpcCall.run(Server.java:963) [hadoop-common-3.3.1.jar:?]
	at java.security.AccessController.doPrivileged(Native Method) ~[?:1.8.0_332]
	at javax.security.auth.Subject.doAs(Subject.java:422) [?:1.8.0_332]
	at org.apache.hadoop.security.UserGroupInformation.doAs(UserGroupInformation.java:1878) [hadoop-common-3.3.1.jar:?]
	at org.apache.hadoop.ipc.Server$Handler.run(Server.java:2966) [hadoop-common-3.3.1.jar:?]
13:07:41.741 [IPC Server handler 14 on default port 41441] ERROR OMAudit - user=runner | ip=127.0.0.1 | op=GET_FILE_STATUS {volume=volume07034, bucket=bucket87468, key=gdir1/dir9, dataSize=0, replicationConfig=null} | ret=FAILURE
org.apache.hadoop.ozone.om.exceptions.OMException: Unable to get file status: volume: volume07034 bucket: bucket87468 key: gdir1/dir9
	at org.apache.hadoop.ozone.om.KeyManagerImpl.getOzoneFileStatus(KeyManagerImpl.java:1283) ~[ozone-manager-1.3.0-SNAPSHOT.jar:?]
	at org.apache.hadoop.ozone.om.KeyManagerImpl.getFileStatus(KeyManagerImpl.java:1213) ~[ozone-manager-1.3.0-SNAPSHOT.jar:?]
	at org.apache.hadoop.ozone.om.OzoneManager.getFileStatus(OzoneManager.java:3419) ~[ozone-manager-1.3.0-SNAPSHOT.jar:?]
	at org.apache.hadoop.ozone.protocolPB.OzoneManagerRequestHandler.getOzoneFileStatus(OzoneManagerRequestHandler.java:871) ~[ozone-manager-1.3.0-SNAPSHOT.jar:?]
	at org.apache.hadoop.ozone.protocolPB.OzoneManagerRequestHandler.handleReadRequest(OzoneManagerRequestHandler.java:217) ~[ozone-manager-1.3.0-SNAPSHOT.jar:?]
	at org.apache.hadoop.ozone.protocolPB.OzoneManagerProtocolServerSideTranslatorPB.submitReadRequestToOM(OzoneManagerProtocolServerSideTranslatorPB.java:225) ~[ozone-manager-1.3.0-SNAPSHOT.jar:?]
	at org.apache.hadoop.ozone.protocolPB.OzoneManagerProtocolServerSideTranslatorPB.processRequest(OzoneManagerProtocolServerSideTranslatorPB.java:175) ~[ozone-manager-1.3.0-SNAPSHOT.jar:?]
	at org.apache.hadoop.hdds.server.OzoneProtocolMessageDispatcher.processRequest(OzoneProtocolMessageDispatcher.java:87) [hdds-server-framework-1.3.0-SNAPSHOT.jar:?]
	at org.apache.hadoop.ozone.protocolPB.OzoneManagerProtocolServerSideTranslatorPB.submitRequest(OzoneManagerProtocolServerSideTranslatorPB.java:147) [ozone-manager-1.3.0-SNAPSHOT.jar:?]
	at org.apache.hadoop.ozone.protocol.proto.OzoneManagerProtocolProtos$OzoneManagerService$2.callBlockingMethod(OzoneManagerProtocolProtos.java) [ozone-interface-client-1.3.0-SNAPSHOT.jar:?]
	at org.apache.hadoop.ipc.ProtobufRpcEngine$Server.processCall(ProtobufRpcEngine.java:466) [hadoop-common-3.3.1.jar:?]
	at org.apache.hadoop.ipc.ProtobufRpcEngine2$Server$ProtoBufRpcInvoker.call(ProtobufRpcEngine2.java:574) [hadoop-common-3.3.1.jar:?]
	at org.apache.hadoop.ipc.ProtobufRpcEngine2$Server$ProtoBufRpcInvoker.call(ProtobufRpcEngine2.java:552) [hadoop-common-3.3.1.jar:?]
	at org.apache.hadoop.ipc.RPC$Server.call(RPC.java:1093) [hadoop-common-3.3.1.jar:?]
	at org.apache.hadoop.ipc.Server$RpcCall.run(Server.java:1035) [hadoop-common-3.3.1.jar:?]
	at org.apache.hadoop.ipc.Server$RpcCall.run(Server.java:963) [hadoop-common-3.3.1.jar:?]
	at java.security.AccessController.doPrivileged(Native Method) ~[?:1.8.0_332]
	at javax.security.auth.Subject.doAs(Subject.java:422) [?:1.8.0_332]
	at org.apache.hadoop.security.UserGroupInformation.doAs(UserGroupInformation.java:1878) [hadoop-common-3.3.1.jar:?]
	at org.apache.hadoop.ipc.Server$Handler.run(Server.java:2966) [hadoop-common-3.3.1.jar:?]
13:07:41.742 [IPC Server handler 17 on default port 41441] ERROR OMAudit - user=runner | ip=127.0.0.1 | op=GET_FILE_STATUS {volume=volume07034, bucket=bucket87468, key=gdir1/dir9/child, dataSize=0, replicationConfig=null} | ret=FAILURE
org.apache.hadoop.ozone.om.exceptions.OMException: Unable to get file status: volume: volume07034 bucket: bucket87468 key: gdir1/dir9/child
	at org.apache.hadoop.ozone.om.KeyManagerImpl.getOzoneFileStatus(KeyManagerImpl.java:1283) ~[ozone-manager-1.3.0-SNAPSHOT.jar:?]
	at org.apache.hadoop.ozone.om.KeyManagerImpl.getFileStatus(KeyManagerImpl.java:1213) ~[ozone-manager-1.3.0-SNAPSHOT.jar:?]
	at org.apache.hadoop.ozone.om.OzoneManager.getFileStatus(OzoneManager.java:3419) ~[ozone-manager-1.3.0-SNAPSHOT.jar:?]
	at org.apache.hadoop.ozone.protocolPB.OzoneManagerRequestHandler.getOzoneFileStatus(OzoneManagerRequestHandler.java:871) ~[ozone-manager-1.3.0-SNAPSHOT.jar:?]
	at org.apache.hadoop.ozone.protocolPB.OzoneManagerRequestHandler.handleReadRequest(OzoneManagerRequestHandler.java:217) ~[ozone-manager-1.3.0-SNAPSHOT.jar:?]
	at org.apache.hadoop.ozone.protocolPB.OzoneManagerProtocolServerSideTranslatorPB.submitReadRequestToOM(OzoneManagerProtocolServerSideTranslatorPB.java:225) ~[ozone-manager-1.3.0-SNAPSHOT.jar:?]
	at org.apache.hadoop.ozone.protocolPB.OzoneManagerProtocolServerSideTranslatorPB.processRequest(OzoneManagerProtocolServerSideTranslatorPB.java:175) ~[ozone-manager-1.3.0-SNAPSHOT.jar:?]
	at org.apache.hadoop.hdds.server.OzoneProtocolMessageDispatcher.processRequest(OzoneProtocolMessageDispatcher.java:87) [hdds-server-framework-1.3.0-SNAPSHOT.jar:?]
	at org.apache.hadoop.ozone.protocolPB.OzoneManagerProtocolServerSideTranslatorPB.submitRequest(OzoneManagerProtocolServerSideTranslatorPB.java:147) [ozone-manager-1.3.0-SNAPSHOT.jar:?]
	at org.apache.hadoop.ozone.protocol.proto.OzoneManagerProtocolProtos$OzoneManagerService$2.callBlockingMethod(OzoneManagerProtocolProtos.java) [ozone-interface-client-1.3.0-SNAPSHOT.jar:?]
	at org.apache.hadoop.ipc.ProtobufRpcEngine$Server.processCall(ProtobufRpcEngine.java:466) [hadoop-common-3.3.1.jar:?]
	at org.apache.hadoop.ipc.ProtobufRpcEngine2$Server$ProtoBufRpcInvoker.call(ProtobufRpcEngine2.java:574) [hadoop-common-3.3.1.jar:?]
	at org.apache.hadoop.ipc.ProtobufRpcEngine2$Server$ProtoBufRpcInvoker.call(ProtobufRpcEngine2.java:552) [hadoop-common-3.3.1.jar:?]
	at org.apache.hadoop.ipc.RPC$Server.call(RPC.java:1093) [hadoop-common-3.3.1.jar:?]
	at org.apache.hadoop.ipc.Server$RpcCall.run(Server.java:1035) [hadoop-common-3.3.1.jar:?]
	at org.apache.hadoop.ipc.Server$RpcCall.run(Server.java:963) [hadoop-common-3.3.1.jar:?]
	at java.security.AccessController.doPrivileged(Native Method) ~[?:1.8.0_332]
	at javax.security.auth.Subject.doAs(Subject.java:422) [?:1.8.0_332]
	at org.apache.hadoop.security.UserGroupInformation.doAs(UserGroupInformation.java:1878) [hadoop-common-3.3.1.jar:?]
	at org.apache.hadoop.ipc.Server$Handler.run(Server.java:2966) [hadoop-common-3.3.1.jar:?]
13:07:41.743 [IPC Server handler 5 on default port 41441] ERROR OMAudit - user=runner | ip=127.0.0.1 | op=GET_FILE_STATUS {volume=volume07034, bucket=bucket87468, key=gdir1/dir10, dataSize=0, replicationConfig=null} | ret=FAILURE
org.apache.hadoop.ozone.om.exceptions.OMException: Unable to get file status: volume: volume07034 bucket: bucket87468 key: gdir1/dir10
	at org.apache.hadoop.ozone.om.KeyManagerImpl.getOzoneFileStatus(KeyManagerImpl.java:1283) ~[ozone-manager-1.3.0-SNAPSHOT.jar:?]
	at org.apache.hadoop.ozone.om.KeyManagerImpl.getFileStatus(KeyManagerImpl.java:1213) ~[ozone-manager-1.3.0-SNAPSHOT.jar:?]
	at org.apache.hadoop.ozone.om.OzoneManager.getFileStatus(OzoneManager.java:3419) ~[ozone-manager-1.3.0-SNAPSHOT.jar:?]
	at org.apache.hadoop.ozone.protocolPB.OzoneManagerRequestHandler.getOzoneFileStatus(OzoneManagerRequestHandler.java:871) ~[ozone-manager-1.3.0-SNAPSHOT.jar:?]
	at org.apache.hadoop.ozone.protocolPB.OzoneManagerRequestHandler.handleReadRequest(OzoneManagerRequestHandler.java:217) ~[ozone-manager-1.3.0-SNAPSHOT.jar:?]
	at org.apache.hadoop.ozone.protocolPB.OzoneManagerProtocolServerSideTranslatorPB.submitReadRequestToOM(OzoneManagerProtocolServerSideTranslatorPB.java:225) ~[ozone-manager-1.3.0-SNAPSHOT.jar:?]
	at org.apache.hadoop.ozone.protocolPB.OzoneManagerProtocolServerSideTranslatorPB.processRequest(OzoneManagerProtocolServerSideTranslatorPB.java:175) ~[ozone-manager-1.3.0-SNAPSHOT.jar:?]
	at org.apache.hadoop.hdds.server.OzoneProtocolMessageDispatcher.processRequest(OzoneProtocolMessageDispatcher.java:87) [hdds-server-framework-1.3.0-SNAPSHOT.jar:?]
	at org.apache.hadoop.ozone.protocolPB.OzoneManagerProtocolServerSideTranslatorPB.submitRequest(OzoneManagerProtocolServerSideTranslatorPB.java:147) [ozone-manager-1.3.0-SNAPSHOT.jar:?]
	at org.apache.hadoop.ozone.protocol.proto.OzoneManagerProtocolProtos$OzoneManagerService$2.callBlockingMethod(OzoneManagerProtocolProtos.java) [ozone-interface-client-1.3.0-SNAPSHOT.jar:?]
	at org.apache.hadoop.ipc.ProtobufRpcEngine$Server.processCall(ProtobufRpcEngine.java:466) [hadoop-common-3.3.1.jar:?]
	at org.apache.hadoop.ipc.ProtobufRpcEngine2$Server$ProtoBufRpcInvoker.call(ProtobufRpcEngine2.java:574) [hadoop-common-3.3.1.jar:?]
	at org.apache.hadoop.ipc.ProtobufRpcEngine2$Server$ProtoBufRpcInvoker.call(ProtobufRpcEngine2.java:552) [hadoop-common-3.3.1.jar:?]
	at org.apache.hadoop.ipc.RPC$Server.call(RPC.java:1093) [hadoop-common-3.3.1.jar:?]
	at org.apache.hadoop.ipc.Server$RpcCall.run(Server.java:1035) [hadoop-common-3.3.1.jar:?]
	at org.apache.hadoop.ipc.Server$RpcCall.run(Server.java:963) [hadoop-common-3.3.1.jar:?]
	at java.security.AccessController.doPrivileged(Native Method) ~[?:1.8.0_332]
	at javax.security.auth.Subject.doAs(Subject.java:422) [?:1.8.0_332]
	at org.apache.hadoop.security.UserGroupInformation.doAs(UserGroupInformation.java:1878) [hadoop-common-3.3.1.jar:?]
	at org.apache.hadoop.ipc.Server$Handler.run(Server.java:2966) [hadoop-common-3.3.1.jar:?]
13:07:41.743 [IPC Server handler 8 on default port 41441] ERROR OMAudit - user=runner | ip=127.0.0.1 | op=GET_FILE_STATUS {volume=volume07034, bucket=bucket87468, key=gdir1/dir10/child, dataSize=0, replicationConfig=null} | ret=FAILURE
org.apache.hadoop.ozone.om.exceptions.OMException: Unable to get file status: volume: volume07034 bucket: bucket87468 key: gdir1/dir10/child
	at org.apache.hadoop.ozone.om.KeyManagerImpl.getOzoneFileStatus(KeyManagerImpl.java:1283) ~[ozone-manager-1.3.0-SNAPSHOT.jar:?]
	at org.apache.hadoop.ozone.om.KeyManagerImpl.getFileStatus(KeyManagerImpl.java:1213) ~[ozone-manager-1.3.0-SNAPSHOT.jar:?]
	at org.apache.hadoop.ozone.om.OzoneManager.getFileStatus(OzoneManager.java:3419) ~[ozone-manager-1.3.0-SNAPSHOT.jar:?]
	at org.apache.hadoop.ozone.protocolPB.OzoneManagerRequestHandler.getOzoneFileStatus(OzoneManagerRequestHandler.java:871) ~[ozone-manager-1.3.0-SNAPSHOT.jar:?]
	at org.apache.hadoop.ozone.protocolPB.OzoneManagerRequestHandler.handleReadRequest(OzoneManagerRequestHandler.java:217) ~[ozone-manager-1.3.0-SNAPSHOT.jar:?]
	at org.apache.hadoop.ozone.protocolPB.OzoneManagerProtocolServerSideTranslatorPB.submitReadRequestToOM(OzoneManagerProtocolServerSideTranslatorPB.java:225) ~[ozone-manager-1.3.0-SNAPSHOT.jar:?]
	at org.apache.hadoop.ozone.protocolPB.OzoneManagerProtocolServerSideTranslatorPB.processRequest(OzoneManagerProtocolServerSideTranslatorPB.java:175) ~[ozone-manager-1.3.0-SNAPSHOT.jar:?]
	at org.apache.hadoop.hdds.server.OzoneProtocolMessageDispatcher.processRequest(OzoneProtocolMessageDispatcher.java:87) [hdds-server-framework-1.3.0-SNAPSHOT.jar:?]
	at org.apache.hadoop.ozone.protocolPB.OzoneManagerProtocolServerSideTranslatorPB.submitRequest(OzoneManagerProtocolServerSideTranslatorPB.java:147) [ozone-manager-1.3.0-SNAPSHOT.jar:?]
	at org.apache.hadoop.ozone.protocol.proto.OzoneManagerProtocolProtos$OzoneManagerService$2.callBlockingMethod(OzoneManagerProtocolProtos.java) [ozone-interface-client-1.3.0-SNAPSHOT.jar:?]
	at org.apache.hadoop.ipc.ProtobufRpcEngine$Server.processCall(ProtobufRpcEngine.java:466) [hadoop-common-3.3.1.jar:?]
	at org.apache.hadoop.ipc.ProtobufRpcEngine2$Server$ProtoBufRpcInvoker.call(ProtobufRpcEngine2.java:574) [hadoop-common-3.3.1.jar:?]
	at org.apache.hadoop.ipc.ProtobufRpcEngine2$Server$ProtoBufRpcInvoker.call(ProtobufRpcEngine2.java:552) [hadoop-common-3.3.1.jar:?]
	at org.apache.hadoop.ipc.RPC$Server.call(RPC.java:1093) [hadoop-common-3.3.1.jar:?]
	at org.apache.hadoop.ipc.Server$RpcCall.run(Server.java:1035) [hadoop-common-3.3.1.jar:?]
	at org.apache.hadoop.ipc.Server$RpcCall.run(Server.java:963) [hadoop-common-3.3.1.jar:?]
	at java.security.AccessController.doPrivileged(Native Method) ~[?:1.8.0_332]
	at javax.security.auth.Subject.doAs(Subject.java:422) [?:1.8.0_332]
	at org.apache.hadoop.security.UserGroupInformation.doAs(UserGroupInformation.java:1878) [hadoop-common-3.3.1.jar:?]
	at org.apache.hadoop.ipc.Server$Handler.run(Server.java:2966) [hadoop-common-3.3.1.jar:?]
13:07:41.818 [IPC Server handler 1 on default port 41441] ERROR OMAudit - user=runner | ip=127.0.0.1 | op=GET_FILE_STATUS {volume=volume07034, bucket=bucket87468, key=level0, dataSize=0, replicationConfig=null} | ret=FAILURE
org.apache.hadoop.ozone.om.exceptions.OMException: Unable to get file status: volume: volume07034 bucket: bucket87468 key: level0
	at org.apache.hadoop.ozone.om.KeyManagerImpl.getOzoneFileStatus(KeyManagerImpl.java:1283) ~[ozone-manager-1.3.0-SNAPSHOT.jar:?]
	at org.apache.hadoop.ozone.om.KeyManagerImpl.getFileStatus(KeyManagerImpl.java:1213) ~[ozone-manager-1.3.0-SNAPSHOT.jar:?]
	at org.apache.hadoop.ozone.om.OzoneManager.getFileStatus(OzoneManager.java:3419) ~[ozone-manager-1.3.0-SNAPSHOT.jar:?]
	at org.apache.hadoop.ozone.protocolPB.OzoneManagerRequestHandler.getOzoneFileStatus(OzoneManagerRequestHandler.java:871) ~[ozone-manager-1.3.0-SNAPSHOT.jar:?]
	at org.apache.hadoop.ozone.protocolPB.OzoneManagerRequestHandler.handleReadRequest(OzoneManagerRequestHandler.java:217) ~[ozone-manager-1.3.0-SNAPSHOT.jar:?]
	at org.apache.hadoop.ozone.protocolPB.OzoneManagerProtocolServerSideTranslatorPB.submitReadRequestToOM(OzoneManagerProtocolServerSideTranslatorPB.java:225) ~[ozone-manager-1.3.0-SNAPSHOT.jar:?]
	at org.apache.hadoop.ozone.protocolPB.OzoneManagerProtocolServerSideTranslatorPB.processRequest(OzoneManagerProtocolServerSideTranslatorPB.java:175) ~[ozone-manager-1.3.0-SNAPSHOT.jar:?]
	at org.apache.hadoop.hdds.server.OzoneProtocolMessageDispatcher.processRequest(OzoneProtocolMessageDispatcher.java:87) [hdds-server-framework-1.3.0-SNAPSHOT.jar:?]
	at org.apache.hadoop.ozone.protocolPB.OzoneManagerProtocolServerSideTranslatorPB.submitRequest(OzoneManagerProtocolServerSideTranslatorPB.java:147) [ozone-manager-1.3.0-SNAPSHOT.jar:?]
	at org.apache.hadoop.ozone.protocol.proto.OzoneManagerProtocolProtos$OzoneManagerService$2.callBlockingMethod(OzoneManagerProtocolProtos.java) [ozone-interface-client-1.3.0-SNAPSHOT.jar:?]
	at org.apache.hadoop.ipc.ProtobufRpcEngine$Server.processCall(ProtobufRpcEngine.java:466) [hadoop-common-3.3.1.jar:?]
	at org.apache.hadoop.ipc.ProtobufRpcEngine2$Server$ProtoBufRpcInvoker.call(ProtobufRpcEngine2.java:574) [hadoop-common-3.3.1.jar:?]
	at org.apache.hadoop.ipc.ProtobufRpcEngine2$Server$ProtoBufRpcInvoker.call(ProtobufRpcEngine2.java:552) [hadoop-common-3.3.1.jar:?]
	at org.apache.hadoop.ipc.RPC$Server.call(RPC.java:1093) [hadoop-common-3.3.1.jar:?]
	at org.apache.hadoop.ipc.Server$RpcCall.run(Server.java:1035) [hadoop-common-3.3.1.jar:?]
	at org.apache.hadoop.ipc.Server$RpcCall.run(Server.java:963) [hadoop-common-3.3.1.jar:?]
	at java.security.AccessController.doPrivileged(Native Method) ~[?:1.8.0_332]
	at javax.security.auth.Subject.doAs(Subject.java:422) [?:1.8.0_332]
	at org.apache.hadoop.security.UserGroupInformation.doAs(UserGroupInformation.java:1878) [hadoop-common-3.3.1.jar:?]
	at org.apache.hadoop.ipc.Server$Handler.run(Server.java:2966) [hadoop-common-3.3.1.jar:?]
13:07:41.819 [IPC Server handler 16 on default port 41441] ERROR OMAudit - user=runner | ip=127.0.0.1 | op=GET_FILE_STATUS {volume=volume07034, bucket=bucket87468, key=level0/level1, dataSize=0, replicationConfig=null} | ret=FAILURE
org.apache.hadoop.ozone.om.exceptions.OMException: Unable to get file status: volume: volume07034 bucket: bucket87468 key: level0/level1
	at org.apache.hadoop.ozone.om.KeyManagerImpl.getOzoneFileStatus(KeyManagerImpl.java:1283) ~[ozone-manager-1.3.0-SNAPSHOT.jar:?]
	at org.apache.hadoop.ozone.om.KeyManagerImpl.getFileStatus(KeyManagerImpl.java:1213) ~[ozone-manager-1.3.0-SNAPSHOT.jar:?]
	at org.apache.hadoop.ozone.om.OzoneManager.getFileStatus(OzoneManager.java:3419) ~[ozone-manager-1.3.0-SNAPSHOT.jar:?]
	at org.apache.hadoop.ozone.protocolPB.OzoneManagerRequestHandler.getOzoneFileStatus(OzoneManagerRequestHandler.java:871) ~[ozone-manager-1.3.0-SNAPSHOT.jar:?]
	at org.apache.hadoop.ozone.protocolPB.OzoneManagerRequestHandler.handleReadRequest(OzoneManagerRequestHandler.java:217) ~[ozone-manager-1.3.0-SNAPSHOT.jar:?]
	at org.apache.hadoop.ozone.protocolPB.OzoneManagerProtocolServerSideTranslatorPB.submitReadRequestToOM(OzoneManagerProtocolServerSideTranslatorPB.java:225) ~[ozone-manager-1.3.0-SNAPSHOT.jar:?]
	at org.apache.hadoop.ozone.protocolPB.OzoneManagerProtocolServerSideTranslatorPB.processRequest(OzoneManagerProtocolServerSideTranslatorPB.java:175) ~[ozone-manager-1.3.0-SNAPSHOT.jar:?]
	at org.apache.hadoop.hdds.server.OzoneProtocolMessageDispatcher.processRequest(OzoneProtocolMessageDispatcher.java:87) [hdds-server-framework-1.3.0-SNAPSHOT.jar:?]
	at org.apache.hadoop.ozone.protocolPB.OzoneManagerProtocolServerSideTranslatorPB.submitRequest(OzoneManagerProtocolServerSideTranslatorPB.java:147) [ozone-manager-1.3.0-SNAPSHOT.jar:?]
	at org.apache.hadoop.ozone.protocol.proto.OzoneManagerProtocolProtos$OzoneManagerService$2.callBlockingMethod(OzoneManagerProtocolProtos.java) [ozone-interface-client-1.3.0-SNAPSHOT.jar:?]
	at org.apache.hadoop.ipc.ProtobufRpcEngine$Server.processCall(ProtobufRpcEngine.java:466) [hadoop-common-3.3.1.jar:?]
	at org.apache.hadoop.ipc.ProtobufRpcEngine2$Server$ProtoBufRpcInvoker.call(ProtobufRpcEngine2.java:574) [hadoop-common-3.3.1.jar:?]
	at org.apache.hadoop.ipc.ProtobufRpcEngine2$Server$ProtoBufRpcInvoker.call(ProtobufRpcEngine2.java:552) [hadoop-common-3.3.1.jar:?]
	at org.apache.hadoop.ipc.RPC$Server.call(RPC.java:1093) [hadoop-common-3.3.1.jar:?]
	at org.apache.hadoop.ipc.Server$RpcCall.run(Server.java:1035) [hadoop-common-3.3.1.jar:?]
	at org.apache.hadoop.ipc.Server$RpcCall.run(Server.java:963) [hadoop-common-3.3.1.jar:?]
	at java.security.AccessController.doPrivileged(Native Method) ~[?:1.8.0_332]
	at javax.security.auth.Subject.doAs(Subject.java:422) [?:1.8.0_332]
	at org.apache.hadoop.security.UserGroupInformation.doAs(UserGroupInformation.java:1878) [hadoop-common-3.3.1.jar:?]
	at org.apache.hadoop.ipc.Server$Handler.run(Server.java:2966) [hadoop-common-3.3.1.jar:?]
13:07:41.819 [IPC Server handler 19 on default port 41441] ERROR OMAudit - user=runner | ip=127.0.0.1 | op=GET_FILE_STATUS {volume=volume07034, bucket=bucket87468, key=level0/level1/level1, dataSize=0, replicationConfig=null} | ret=FAILURE
org.apache.hadoop.ozone.om.exceptions.OMException: Unable to get file status: volume: volume07034 bucket: bucket87468 key: level0/level1/level1
	at org.apache.hadoop.ozone.om.KeyManagerImpl.getOzoneFileStatus(KeyManagerImpl.java:1283) ~[ozone-manager-1.3.0-SNAPSHOT.jar:?]
	at org.apache.hadoop.ozone.om.KeyManagerImpl.getFileStatus(KeyManagerImpl.java:1213) ~[ozone-manager-1.3.0-SNAPSHOT.jar:?]
	at org.apache.hadoop.ozone.om.OzoneManager.getFileStatus(OzoneManager.java:3419) ~[ozone-manager-1.3.0-SNAPSHOT.jar:?]
	at org.apache.hadoop.ozone.protocolPB.OzoneManagerRequestHandler.getOzoneFileStatus(OzoneManagerRequestHandler.java:871) ~[ozone-manager-1.3.0-SNAPSHOT.jar:?]
	at org.apache.hadoop.ozone.protocolPB.OzoneManagerRequestHandler.handleReadRequest(OzoneManagerRequestHandler.java:217) ~[ozone-manager-1.3.0-SNAPSHOT.jar:?]
	at org.apache.hadoop.ozone.protocolPB.OzoneManagerProtocolServerSideTranslatorPB.submitReadRequestToOM(OzoneManagerProtocolServerSideTranslatorPB.java:225) ~[ozone-manager-1.3.0-SNAPSHOT.jar:?]
	at org.apache.hadoop.ozone.protocolPB.OzoneManagerProtocolServerSideTranslatorPB.processRequest(OzoneManagerProtocolServerSideTranslatorPB.java:175) ~[ozone-manager-1.3.0-SNAPSHOT.jar:?]
	at org.apache.hadoop.hdds.server.OzoneProtocolMessageDispatcher.processRequest(OzoneProtocolMessageDispatcher.java:87) [hdds-server-framework-1.3.0-SNAPSHOT.jar:?]
	at org.apache.hadoop.ozone.protocolPB.OzoneManagerProtocolServerSideTranslatorPB.submitRequest(OzoneManagerProtocolServerSideTranslatorPB.java:147) [ozone-manager-1.3.0-SNAPSHOT.jar:?]
	at org.apache.hadoop.ozone.protocol.proto.OzoneManagerProtocolProtos$OzoneManagerService$2.callBlockingMethod(OzoneManagerProtocolProtos.java) [ozone-interface-client-1.3.0-SNAPSHOT.jar:?]
	at org.apache.hadoop.ipc.ProtobufRpcEngine$Server.processCall(ProtobufRpcEngine.java:466) [hadoop-common-3.3.1.jar:?]
	at org.apache.hadoop.ipc.ProtobufRpcEngine2$Server$ProtoBufRpcInvoker.call(ProtobufRpcEngine2.java:574) [hadoop-common-3.3.1.jar:?]
	at org.apache.hadoop.ipc.ProtobufRpcEngine2$Server$ProtoBufRpcInvoker.call(ProtobufRpcEngine2.java:552) [hadoop-common-3.3.1.jar:?]
	at org.apache.hadoop.ipc.RPC$Server.call(RPC.java:1093) [hadoop-common-3.3.1.jar:?]
	at org.apache.hadoop.ipc.Server$RpcCall.run(Server.java:1035) [hadoop-common-3.3.1.jar:?]
	at org.apache.hadoop.ipc.Server$RpcCall.run(Server.java:963) [hadoop-common-3.3.1.jar:?]
	at java.security.AccessController.doPrivileged(Native Method) ~[?:1.8.0_332]
	at javax.security.auth.Subject.doAs(Subject.java:422) [?:1.8.0_332]
	at org.apache.hadoop.security.UserGroupInformation.doAs(UserGroupInformation.java:1878) [hadoop-common-3.3.1.jar:?]
	at org.apache.hadoop.ipc.Server$Handler.run(Server.java:2966) [hadoop-common-3.3.1.jar:?]
13:07:41.820 [IPC Server handler 14 on default port 41441] ERROR OMAudit - user=runner | ip=127.0.0.1 | op=GET_FILE_STATUS {volume=volume07034, bucket=bucket87468, key=level0/level1/file1, dataSize=0, replicationConfig=null} | ret=FAILURE
org.apache.hadoop.ozone.om.exceptions.OMException: Unable to get file status: volume: volume07034 bucket: bucket87468 key: level0/level1/file1
	at org.apache.hadoop.ozone.om.KeyManagerImpl.getOzoneFileStatus(KeyManagerImpl.java:1283) ~[ozone-manager-1.3.0-SNAPSHOT.jar:?]
	at org.apache.hadoop.ozone.om.KeyManagerImpl.getFileStatus(KeyManagerImpl.java:1213) ~[ozone-manager-1.3.0-SNAPSHOT.jar:?]
	at org.apache.hadoop.ozone.om.OzoneManager.getFileStatus(OzoneManager.java:3419) ~[ozone-manager-1.3.0-SNAPSHOT.jar:?]
	at org.apache.hadoop.ozone.protocolPB.OzoneManagerRequestHandler.getOzoneFileStatus(OzoneManagerRequestHandler.java:871) ~[ozone-manager-1.3.0-SNAPSHOT.jar:?]
	at org.apache.hadoop.ozone.protocolPB.OzoneManagerRequestHandler.handleReadRequest(OzoneManagerRequestHandler.java:217) ~[ozone-manager-1.3.0-SNAPSHOT.jar:?]
	at org.apache.hadoop.ozone.protocolPB.OzoneManagerProtocolServerSideTranslatorPB.submitReadRequestToOM(OzoneManagerProtocolServerSideTranslatorPB.java:225) ~[ozone-manager-1.3.0-SNAPSHOT.jar:?]
	at org.apache.hadoop.ozone.protocolPB.OzoneManagerProtocolServerSideTranslatorPB.processRequest(OzoneManagerProtocolServerSideTranslatorPB.java:175) ~[ozone-manager-1.3.0-SNAPSHOT.jar:?]
	at org.apache.hadoop.hdds.server.OzoneProtocolMessageDispatcher.processRequest(OzoneProtocolMessageDispatcher.java:87) [hdds-server-framework-1.3.0-SNAPSHOT.jar:?]
	at org.apache.hadoop.ozone.protocolPB.OzoneManagerProtocolServerSideTranslatorPB.submitRequest(OzoneManagerProtocolServerSideTranslatorPB.java:147) [ozone-manager-1.3.0-SNAPSHOT.jar:?]
	at org.apache.hadoop.ozone.protocol.proto.OzoneManagerProtocolProtos$OzoneManagerService$2.callBlockingMethod(OzoneManagerProtocolProtos.java) [ozone-interface-client-1.3.0-SNAPSHOT.jar:?]
	at org.apache.hadoop.ipc.ProtobufRpcEngine$Server.processCall(ProtobufRpcEngine.java:466) [hadoop-common-3.3.1.jar:?]
	at org.apache.hadoop.ipc.ProtobufRpcEngine2$Server$ProtoBufRpcInvoker.call(ProtobufRpcEngine2.java:574) [hadoop-common-3.3.1.jar:?]
	at org.apache.hadoop.ipc.ProtobufRpcEngine2$Server$ProtoBufRpcInvoker.call(ProtobufRpcEngine2.java:552) [hadoop-common-3.3.1.jar:?]
	at org.apache.hadoop.ipc.RPC$Server.call(RPC.java:1093) [hadoop-common-3.3.1.jar:?]
	at org.apache.hadoop.ipc.Server$RpcCall.run(Server.java:1035) [hadoop-common-3.3.1.jar:?]
	at org.apache.hadoop.ipc.Server$RpcCall.run(Server.java:963) [hadoop-common-3.3.1.jar:?]
	at java.security.AccessController.doPrivileged(Native Method) ~[?:1.8.0_332]
	at javax.security.auth.Subject.doAs(Subject.java:422) [?:1.8.0_332]
	at org.apache.hadoop.security.UserGroupInformation.doAs(UserGroupInformation.java:1878) [hadoop-common-3.3.1.jar:?]
	at org.apache.hadoop.ipc.Server$Handler.run(Server.java:2966) [hadoop-common-3.3.1.jar:?]
13:07:41.821 [IPC Server handler 17 on default port 41441] ERROR OMAudit - user=runner | ip=127.0.0.1 | op=GET_FILE_STATUS {volume=volume07034, bucket=bucket87468, key=level0/level1/level1/file1, dataSize=0, replicationConfig=null} | ret=FAILURE
org.apache.hadoop.ozone.om.exceptions.OMException: Unable to get file status: volume: volume07034 bucket: bucket87468 key: level0/level1/level1/file1
	at org.apache.hadoop.ozone.om.KeyManagerImpl.getOzoneFileStatus(KeyManagerImpl.java:1283) ~[ozone-manager-1.3.0-SNAPSHOT.jar:?]
	at org.apache.hadoop.ozone.om.KeyManagerImpl.getFileStatus(KeyManagerImpl.java:1213) ~[ozone-manager-1.3.0-SNAPSHOT.jar:?]
	at org.apache.hadoop.ozone.om.OzoneManager.getFileStatus(OzoneManager.java:3419) ~[ozone-manager-1.3.0-SNAPSHOT.jar:?]
	at org.apache.hadoop.ozone.protocolPB.OzoneManagerRequestHandler.getOzoneFileStatus(OzoneManagerRequestHandler.java:871) ~[ozone-manager-1.3.0-SNAPSHOT.jar:?]
	at org.apache.hadoop.ozone.protocolPB.OzoneManagerRequestHandler.handleReadRequest(OzoneManagerRequestHandler.java:217) ~[ozone-manager-1.3.0-SNAPSHOT.jar:?]
	at org.apache.hadoop.ozone.protocolPB.OzoneManagerProtocolServerSideTranslatorPB.submitReadRequestToOM(OzoneManagerProtocolServerSideTranslatorPB.java:225) ~[ozone-manager-1.3.0-SNAPSHOT.jar:?]
	at org.apache.hadoop.ozone.protocolPB.OzoneManagerProtocolServerSideTranslatorPB.processRequest(OzoneManagerProtocolServerSideTranslatorPB.java:175) ~[ozone-manager-1.3.0-SNAPSHOT.jar:?]
	at org.apache.hadoop.hdds.server.OzoneProtocolMessageDispatcher.processRequest(OzoneProtocolMessageDispatcher.java:87) [hdds-server-framework-1.3.0-SNAPSHOT.jar:?]
	at org.apache.hadoop.ozone.protocolPB.OzoneManagerProtocolServerSideTranslatorPB.submitRequest(OzoneManagerProtocolServerSideTranslatorPB.java:147) [ozone-manager-1.3.0-SNAPSHOT.jar:?]
	at org.apache.hadoop.ozone.protocol.proto.OzoneManagerProtocolProtos$OzoneManagerService$2.callBlockingMethod(OzoneManagerProtocolProtos.java) [ozone-interface-client-1.3.0-SNAPSHOT.jar:?]
	at org.apache.hadoop.ipc.ProtobufRpcEngine$Server.processCall(ProtobufRpcEngine.java:466) [hadoop-common-3.3.1.jar:?]
	at org.apache.hadoop.ipc.ProtobufRpcEngine2$Server$ProtoBufRpcInvoker.call(ProtobufRpcEngine2.java:574) [hadoop-common-3.3.1.jar:?]
	at org.apache.hadoop.ipc.ProtobufRpcEngine2$Server$ProtoBufRpcInvoker.call(ProtobufRpcEngine2.java:552) [hadoop-common-3.3.1.jar:?]
	at org.apache.hadoop.ipc.RPC$Server.call(RPC.java:1093) [hadoop-common-3.3.1.jar:?]
	at org.apache.hadoop.ipc.Server$RpcCall.run(Server.java:1035) [hadoop-common-3.3.1.jar:?]
	at org.apache.hadoop.ipc.Server$RpcCall.run(Server.java:963) [hadoop-common-3.3.1.jar:?]
	at java.security.AccessController.doPrivileged(Native Method) ~[?:1.8.0_332]
	at javax.security.auth.Subject.doAs(Subject.java:422) [?:1.8.0_332]
	at org.apache.hadoop.security.UserGroupInformation.doAs(UserGroupInformation.java:1878) [hadoop-common-3.3.1.jar:?]
	at org.apache.hadoop.ipc.Server$Handler.run(Server.java:2966) [hadoop-common-3.3.1.jar:?]
13:07:41.821 [IPC Server handler 5 on default port 41441] ERROR OMAudit - user=runner | ip=127.0.0.1 | op=GET_FILE_STATUS {volume=volume07034, bucket=bucket87468, key=level0/level2, dataSize=0, replicationConfig=null} | ret=FAILURE
org.apache.hadoop.ozone.om.exceptions.OMException: Unable to get file status: volume: volume07034 bucket: bucket87468 key: level0/level2
	at org.apache.hadoop.ozone.om.KeyManagerImpl.getOzoneFileStatus(KeyManagerImpl.java:1283) ~[ozone-manager-1.3.0-SNAPSHOT.jar:?]
	at org.apache.hadoop.ozone.om.KeyManagerImpl.getFileStatus(KeyManagerImpl.java:1213) ~[ozone-manager-1.3.0-SNAPSHOT.jar:?]
	at org.apache.hadoop.ozone.om.OzoneManager.getFileStatus(OzoneManager.java:3419) ~[ozone-manager-1.3.0-SNAPSHOT.jar:?]
	at org.apache.hadoop.ozone.protocolPB.OzoneManagerRequestHandler.getOzoneFileStatus(OzoneManagerRequestHandler.java:871) ~[ozone-manager-1.3.0-SNAPSHOT.jar:?]
	at org.apache.hadoop.ozone.protocolPB.OzoneManagerRequestHandler.handleReadRequest(OzoneManagerRequestHandler.java:217) ~[ozone-manager-1.3.0-SNAPSHOT.jar:?]
	at org.apache.hadoop.ozone.protocolPB.OzoneManagerProtocolServerSideTranslatorPB.submitReadRequestToOM(OzoneManagerProtocolServerSideTranslatorPB.java:225) ~[ozone-manager-1.3.0-SNAPSHOT.jar:?]
	at org.apache.hadoop.ozone.protocolPB.OzoneManagerProtocolServerSideTranslatorPB.processRequest(OzoneManagerProtocolServerSideTranslatorPB.java:175) ~[ozone-manager-1.3.0-SNAPSHOT.jar:?]
	at org.apache.hadoop.hdds.server.OzoneProtocolMessageDispatcher.processRequest(OzoneProtocolMessageDispatcher.java:87) [hdds-server-framework-1.3.0-SNAPSHOT.jar:?]
	at org.apache.hadoop.ozone.protocolPB.OzoneManagerProtocolServerSideTranslatorPB.submitRequest(OzoneManagerProtocolServerSideTranslatorPB.java:147) [ozone-manager-1.3.0-SNAPSHOT.jar:?]
	at org.apache.hadoop.ozone.protocol.proto.OzoneManagerProtocolProtos$OzoneManagerService$2.callBlockingMethod(OzoneManagerProtocolProtos.java) [ozone-interface-client-1.3.0-SNAPSHOT.jar:?]
	at org.apache.hadoop.ipc.ProtobufRpcEngine$Server.processCall(ProtobufRpcEngine.java:466) [hadoop-common-3.3.1.jar:?]
	at org.apache.hadoop.ipc.ProtobufRpcEngine2$Server$ProtoBufRpcInvoker.call(ProtobufRpcEngine2.java:574) [hadoop-common-3.3.1.jar:?]
	at org.apache.hadoop.ipc.ProtobufRpcEngine2$Server$ProtoBufRpcInvoker.call(ProtobufRpcEngine2.java:552) [hadoop-common-3.3.1.jar:?]
	at org.apache.hadoop.ipc.RPC$Server.call(RPC.java:1093) [hadoop-common-3.3.1.jar:?]
	at org.apache.hadoop.ipc.Server$RpcCall.run(Server.java:1035) [hadoop-common-3.3.1.jar:?]
	at org.apache.hadoop.ipc.Server$RpcCall.run(Server.java:963) [hadoop-common-3.3.1.jar:?]
	at java.security.AccessController.doPrivileged(Native Method) ~[?:1.8.0_332]
	at javax.security.auth.Subject.doAs(Subject.java:422) [?:1.8.0_332]
	at org.apache.hadoop.security.UserGroupInformation.doAs(UserGroupInformation.java:1878) [hadoop-common-3.3.1.jar:?]
	at org.apache.hadoop.ipc.Server$Handler.run(Server.java:2966) [hadoop-common-3.3.1.jar:?]
13:07:41.822 [IPC Server handler 8 on default port 41441] ERROR OMAudit - user=runner | ip=127.0.0.1 | op=GET_FILE_STATUS {volume=volume07034, bucket=bucket87468, key=level0/level2/level2, dataSize=0, replicationConfig=null} | ret=FAILURE
org.apache.hadoop.ozone.om.exceptions.OMException: Unable to get file status: volume: volume07034 bucket: bucket87468 key: level0/level2/level2
	at org.apache.hadoop.ozone.om.KeyManagerImpl.getOzoneFileStatus(KeyManagerImpl.java:1283) ~[ozone-manager-1.3.0-SNAPSHOT.jar:?]
	at org.apache.hadoop.ozone.om.KeyManagerImpl.getFileStatus(KeyManagerImpl.java:1213) ~[ozone-manager-1.3.0-SNAPSHOT.jar:?]
	at org.apache.hadoop.ozone.om.OzoneManager.getFileStatus(OzoneManager.java:3419) ~[ozone-manager-1.3.0-SNAPSHOT.jar:?]
	at org.apache.hadoop.ozone.protocolPB.OzoneManagerRequestHandler.getOzoneFileStatus(OzoneManagerRequestHandler.java:871) ~[ozone-manager-1.3.0-SNAPSHOT.jar:?]
	at org.apache.hadoop.ozone.protocolPB.OzoneManagerRequestHandler.handleReadRequest(OzoneManagerRequestHandler.java:217) ~[ozone-manager-1.3.0-SNAPSHOT.jar:?]
	at org.apache.hadoop.ozone.protocolPB.OzoneManagerProtocolServerSideTranslatorPB.submitReadRequestToOM(OzoneManagerProtocolServerSideTranslatorPB.java:225) ~[ozone-manager-1.3.0-SNAPSHOT.jar:?]
	at org.apache.hadoop.ozone.protocolPB.OzoneManagerProtocolServerSideTranslatorPB.processRequest(OzoneManagerProtocolServerSideTranslatorPB.java:175) ~[ozone-manager-1.3.0-SNAPSHOT.jar:?]
	at org.apache.hadoop.hdds.server.OzoneProtocolMessageDispatcher.processRequest(OzoneProtocolMessageDispatcher.java:87) [hdds-server-framework-1.3.0-SNAPSHOT.jar:?]
	at org.apache.hadoop.ozone.protocolPB.OzoneManagerProtocolServerSideTranslatorPB.submitRequest(OzoneManagerProtocolServerSideTranslatorPB.java:147) [ozone-manager-1.3.0-SNAPSHOT.jar:?]
	at org.apache.hadoop.ozone.protocol.proto.OzoneManagerProtocolProtos$OzoneManagerService$2.callBlockingMethod(OzoneManagerProtocolProtos.java) [ozone-interface-client-1.3.0-SNAPSHOT.jar:?]
	at org.apache.hadoop.ipc.ProtobufRpcEngine$Server.processCall(ProtobufRpcEngine.java:466) [hadoop-common-3.3.1.jar:?]
	at org.apache.hadoop.ipc.ProtobufRpcEngine2$Server$ProtoBufRpcInvoker.call(ProtobufRpcEngine2.java:574) [hadoop-common-3.3.1.jar:?]
	at org.apache.hadoop.ipc.ProtobufRpcEngine2$Server$ProtoBufRpcInvoker.call(ProtobufRpcEngine2.java:552) [hadoop-common-3.3.1.jar:?]
	at org.apache.hadoop.ipc.RPC$Server.call(RPC.java:1093) [hadoop-common-3.3.1.jar:?]
	at org.apache.hadoop.ipc.Server$RpcCall.run(Server.java:1035) [hadoop-common-3.3.1.jar:?]
	at org.apache.hadoop.ipc.Server$RpcCall.run(Server.java:963) [hadoop-common-3.3.1.jar:?]
	at java.security.AccessController.doPrivileged(Native Method) ~[?:1.8.0_332]
	at javax.security.auth.Subject.doAs(Subject.java:422) [?:1.8.0_332]
	at org.apache.hadoop.security.UserGroupInformation.doAs(UserGroupInformation.java:1878) [hadoop-common-3.3.1.jar:?]
	at org.apache.hadoop.ipc.Server$Handler.run(Server.java:2966) [hadoop-common-3.3.1.jar:?]
13:07:41.822 [IPC Server handler 9 on default port 41441] ERROR OMAudit - user=runner | ip=127.0.0.1 | op=GET_FILE_STATUS {volume=volume07034, bucket=bucket87468, key=level0/level2/file1, dataSize=0, replicationConfig=null} | ret=FAILURE
org.apache.hadoop.ozone.om.exceptions.OMException: Unable to get file status: volume: volume07034 bucket: bucket87468 key: level0/level2/file1
	at org.apache.hadoop.ozone.om.KeyManagerImpl.getOzoneFileStatus(KeyManagerImpl.java:1283) ~[ozone-manager-1.3.0-SNAPSHOT.jar:?]
	at org.apache.hadoop.ozone.om.KeyManagerImpl.getFileStatus(KeyManagerImpl.java:1213) ~[ozone-manager-1.3.0-SNAPSHOT.jar:?]
	at org.apache.hadoop.ozone.om.OzoneManager.getFileStatus(OzoneManager.java:3419) ~[ozone-manager-1.3.0-SNAPSHOT.jar:?]
	at org.apache.hadoop.ozone.protocolPB.OzoneManagerRequestHandler.getOzoneFileStatus(OzoneManagerRequestHandler.java:871) ~[ozone-manager-1.3.0-SNAPSHOT.jar:?]
	at org.apache.hadoop.ozone.protocolPB.OzoneManagerRequestHandler.handleReadRequest(OzoneManagerRequestHandler.java:217) ~[ozone-manager-1.3.0-SNAPSHOT.jar:?]
	at org.apache.hadoop.ozone.protocolPB.OzoneManagerProtocolServerSideTranslatorPB.submitReadRequestToOM(OzoneManagerProtocolServerSideTranslatorPB.java:225) ~[ozone-manager-1.3.0-SNAPSHOT.jar:?]
	at org.apache.hadoop.ozone.protocolPB.OzoneManagerProtocolServerSideTranslatorPB.processRequest(OzoneManagerProtocolServerSideTranslatorPB.java:175) ~[ozone-manager-1.3.0-SNAPSHOT.jar:?]
	at org.apache.hadoop.hdds.server.OzoneProtocolMessageDispatcher.processRequest(OzoneProtocolMessageDispatcher.java:87) [hdds-server-framework-1.3.0-SNAPSHOT.jar:?]
	at org.apache.hadoop.ozone.protocolPB.OzoneManagerProtocolServerSideTranslatorPB.submitRequest(OzoneManagerProtocolServerSideTranslatorPB.java:147) [ozone-manager-1.3.0-SNAPSHOT.jar:?]
	at org.apache.hadoop.ozone.protocol.proto.OzoneManagerProtocolProtos$OzoneManagerService$2.callBlockingMethod(OzoneManagerProtocolProtos.java) [ozone-interface-client-1.3.0-SNAPSHOT.jar:?]
	at org.apache.hadoop.ipc.ProtobufRpcEngine$Server.processCall(ProtobufRpcEngine.java:466) [hadoop-common-3.3.1.jar:?]
	at org.apache.hadoop.ipc.ProtobufRpcEngine2$Server$ProtoBufRpcInvoker.call(ProtobufRpcEngine2.java:574) [hadoop-common-3.3.1.jar:?]
	at org.apache.hadoop.ipc.ProtobufRpcEngine2$Server$ProtoBufRpcInvoker.call(ProtobufRpcEngine2.java:552) [hadoop-common-3.3.1.jar:?]
	at org.apache.hadoop.ipc.RPC$Server.call(RPC.java:1093) [hadoop-common-3.3.1.jar:?]
	at org.apache.hadoop.ipc.Server$RpcCall.run(Server.java:1035) [hadoop-common-3.3.1.jar:?]
	at org.apache.hadoop.ipc.Server$RpcCall.run(Server.java:963) [hadoop-common-3.3.1.jar:?]
	at java.security.AccessController.doPrivileged(Native Method) ~[?:1.8.0_332]
	at javax.security.auth.Subject.doAs(Subject.java:422) [?:1.8.0_332]
	at org.apache.hadoop.security.UserGroupInformation.doAs(UserGroupInformation.java:1878) [hadoop-common-3.3.1.jar:?]
	at org.apache.hadoop.ipc.Server$Handler.run(Server.java:2966) [hadoop-common-3.3.1.jar:?]
13:07:41.823 [IPC Server handler 11 on default port 41441] ERROR OMAudit - user=runner | ip=127.0.0.1 | op=GET_FILE_STATUS {volume=volume07034, bucket=bucket87468, key=level0/level2/level2/file1, dataSize=0, replicationConfig=null} | ret=FAILURE
org.apache.hadoop.ozone.om.exceptions.OMException: Unable to get file status: volume: volume07034 bucket: bucket87468 key: level0/level2/level2/file1
	at org.apache.hadoop.ozone.om.KeyManagerImpl.getOzoneFileStatus(KeyManagerImpl.java:1283) ~[ozone-manager-1.3.0-SNAPSHOT.jar:?]
	at org.apache.hadoop.ozone.om.KeyManagerImpl.getFileStatus(KeyManagerImpl.java:1213) ~[ozone-manager-1.3.0-SNAPSHOT.jar:?]
	at org.apache.hadoop.ozone.om.OzoneManager.getFileStatus(OzoneManager.java:3419) ~[ozone-manager-1.3.0-SNAPSHOT.jar:?]
	at org.apache.hadoop.ozone.protocolPB.OzoneManagerRequestHandler.getOzoneFileStatus(OzoneManagerRequestHandler.java:871) ~[ozone-manager-1.3.0-SNAPSHOT.jar:?]
	at org.apache.hadoop.ozone.protocolPB.OzoneManagerRequestHandler.handleReadRequest(OzoneManagerRequestHandler.java:217) ~[ozone-manager-1.3.0-SNAPSHOT.jar:?]
	at org.apache.hadoop.ozone.protocolPB.OzoneManagerProtocolServerSideTranslatorPB.submitReadRequestToOM(OzoneManagerProtocolServerSideTranslatorPB.java:225) ~[ozone-manager-1.3.0-SNAPSHOT.jar:?]
	at org.apache.hadoop.ozone.protocolPB.OzoneManagerProtocolServerSideTranslatorPB.processRequest(OzoneManagerProtocolServerSideTranslatorPB.java:175) ~[ozone-manager-1.3.0-SNAPSHOT.jar:?]
	at org.apache.hadoop.hdds.server.OzoneProtocolMessageDispatcher.processRequest(OzoneProtocolMessageDispatcher.java:87) [hdds-server-framework-1.3.0-SNAPSHOT.jar:?]
	at org.apache.hadoop.ozone.protocolPB.OzoneManagerProtocolServerSideTranslatorPB.submitRequest(OzoneManagerProtocolServerSideTranslatorPB.java:147) [ozone-manager-1.3.0-SNAPSHOT.jar:?]
	at org.apache.hadoop.ozone.protocol.proto.OzoneManagerProtocolProtos$OzoneManagerService$2.callBlockingMethod(OzoneManagerProtocolProtos.java) [ozone-interface-client-1.3.0-SNAPSHOT.jar:?]
	at org.apache.hadoop.ipc.ProtobufRpcEngine$Server.processCall(ProtobufRpcEngine.java:466) [hadoop-common-3.3.1.jar:?]
	at org.apache.hadoop.ipc.ProtobufRpcEngine2$Server$ProtoBufRpcInvoker.call(ProtobufRpcEngine2.java:574) [hadoop-common-3.3.1.jar:?]
	at org.apache.hadoop.ipc.ProtobufRpcEngine2$Server$ProtoBufRpcInvoker.call(ProtobufRpcEngine2.java:552) [hadoop-common-3.3.1.jar:?]
	at org.apache.hadoop.ipc.RPC$Server.call(RPC.java:1093) [hadoop-common-3.3.1.jar:?]
	at org.apache.hadoop.ipc.Server$RpcCall.run(Server.java:1035) [hadoop-common-3.3.1.jar:?]
	at org.apache.hadoop.ipc.Server$RpcCall.run(Server.java:963) [hadoop-common-3.3.1.jar:?]
	at java.security.AccessController.doPrivileged(Native Method) ~[?:1.8.0_332]
	at javax.security.auth.Subject.doAs(Subject.java:422) [?:1.8.0_332]
	at org.apache.hadoop.security.UserGroupInformation.doAs(UserGroupInformation.java:1878) [hadoop-common-3.3.1.jar:?]
	at org.apache.hadoop.ipc.Server$Handler.run(Server.java:2966) [hadoop-common-3.3.1.jar:?]
13:07:41.824 [IPC Server handler 6 on default port 41441] ERROR OMAudit - user=runner | ip=127.0.0.1 | op=GET_FILE_STATUS {volume=volume07034, bucket=bucket87468, key=level0/level3, dataSize=0, replicationConfig=null} | ret=FAILURE
org.apache.hadoop.ozone.om.exceptions.OMException: Unable to get file status: volume: volume07034 bucket: bucket87468 key: level0/level3
	at org.apache.hadoop.ozone.om.KeyManagerImpl.getOzoneFileStatus(KeyManagerImpl.java:1283) ~[ozone-manager-1.3.0-SNAPSHOT.jar:?]
	at org.apache.hadoop.ozone.om.KeyManagerImpl.getFileStatus(KeyManagerImpl.java:1213) ~[ozone-manager-1.3.0-SNAPSHOT.jar:?]
	at org.apache.hadoop.ozone.om.OzoneManager.getFileStatus(OzoneManager.java:3419) ~[ozone-manager-1.3.0-SNAPSHOT.jar:?]
	at org.apache.hadoop.ozone.protocolPB.OzoneManagerRequestHandler.getOzoneFileStatus(OzoneManagerRequestHandler.java:871) ~[ozone-manager-1.3.0-SNAPSHOT.jar:?]
	at org.apache.hadoop.ozone.protocolPB.OzoneManagerRequestHandler.handleReadRequest(OzoneManagerRequestHandler.java:217) ~[ozone-manager-1.3.0-SNAPSHOT.jar:?]
	at org.apache.hadoop.ozone.protocolPB.OzoneManagerProtocolServerSideTranslatorPB.submitReadRequestToOM(OzoneManagerProtocolServerSideTranslatorPB.java:225) ~[ozone-manager-1.3.0-SNAPSHOT.jar:?]
	at org.apache.hadoop.ozone.protocolPB.OzoneManagerProtocolServerSideTranslatorPB.processRequest(OzoneManagerProtocolServerSideTranslatorPB.java:175) ~[ozone-manager-1.3.0-SNAPSHOT.jar:?]
	at org.apache.hadoop.hdds.server.OzoneProtocolMessageDispatcher.processRequest(OzoneProtocolMessageDispatcher.java:87) [hdds-server-framework-1.3.0-SNAPSHOT.jar:?]
	at org.apache.hadoop.ozone.protocolPB.OzoneManagerProtocolServerSideTranslatorPB.submitRequest(OzoneManagerProtocolServerSideTranslatorPB.java:147) [ozone-manager-1.3.0-SNAPSHOT.jar:?]
	at org.apache.hadoop.ozone.protocol.proto.OzoneManagerProtocolProtos$OzoneManagerService$2.callBlockingMethod(OzoneManagerProtocolProtos.java) [ozone-interface-client-1.3.0-SNAPSHOT.jar:?]
	at org.apache.hadoop.ipc.ProtobufRpcEngine$Server.processCall(ProtobufRpcEngine.java:466) [hadoop-common-3.3.1.jar:?]
	at org.apache.hadoop.ipc.ProtobufRpcEngine2$Server$ProtoBufRpcInvoker.call(ProtobufRpcEngine2.java:574) [hadoop-common-3.3.1.jar:?]
	at org.apache.hadoop.ipc.ProtobufRpcEngine2$Server$ProtoBufRpcInvoker.call(ProtobufRpcEngine2.java:552) [hadoop-common-3.3.1.jar:?]
	at org.apache.hadoop.ipc.RPC$Server.call(RPC.java:1093) [hadoop-common-3.3.1.jar:?]
	at org.apache.hadoop.ipc.Server$RpcCall.run(Server.java:1035) [hadoop-common-3.3.1.jar:?]
	at org.apache.hadoop.ipc.Server$RpcCall.run(Server.java:963) [hadoop-common-3.3.1.jar:?]
	at java.security.AccessController.doPrivileged(Native Method) ~[?:1.8.0_332]
	at javax.security.auth.Subject.doAs(Subject.java:422) [?:1.8.0_332]
	at org.apache.hadoop.security.UserGroupInformation.doAs(UserGroupInformation.java:1878) [hadoop-common-3.3.1.jar:?]
	at org.apache.hadoop.ipc.Server$Handler.run(Server.java:2966) [hadoop-common-3.3.1.jar:?]
13:07:41.829 [IPC Server handler 4 on default port 41441] ERROR OMAudit - user=runner | ip=127.0.0.1 | op=GET_FILE_STATUS {volume=volume07034, bucket=bucket87468, key=level0/level3/level3, dataSize=0, replicationConfig=null} | ret=FAILURE
org.apache.hadoop.ozone.om.exceptions.OMException: Unable to get file status: volume: volume07034 bucket: bucket87468 key: level0/level3/level3
	at org.apache.hadoop.ozone.om.KeyManagerImpl.getOzoneFileStatus(KeyManagerImpl.java:1283) ~[ozone-manager-1.3.0-SNAPSHOT.jar:?]
	at org.apache.hadoop.ozone.om.KeyManagerImpl.getFileStatus(KeyManagerImpl.java:1213) ~[ozone-manager-1.3.0-SNAPSHOT.jar:?]
	at org.apache.hadoop.ozone.om.OzoneManager.getFileStatus(OzoneManager.java:3419) ~[ozone-manager-1.3.0-SNAPSHOT.jar:?]
	at org.apache.hadoop.ozone.protocolPB.OzoneManagerRequestHandler.getOzoneFileStatus(OzoneManagerRequestHandler.java:871) ~[ozone-manager-1.3.0-SNAPSHOT.jar:?]
	at org.apache.hadoop.ozone.protocolPB.OzoneManagerRequestHandler.handleReadRequest(OzoneManagerRequestHandler.java:217) ~[ozone-manager-1.3.0-SNAPSHOT.jar:?]
	at org.apache.hadoop.ozone.protocolPB.OzoneManagerProtocolServerSideTranslatorPB.submitReadRequestToOM(OzoneManagerProtocolServerSideTranslatorPB.java:225) ~[ozone-manager-1.3.0-SNAPSHOT.jar:?]
	at org.apache.hadoop.ozone.protocolPB.OzoneManagerProtocolServerSideTranslatorPB.processRequest(OzoneManagerProtocolServerSideTranslatorPB.java:175) ~[ozone-manager-1.3.0-SNAPSHOT.jar:?]
	at org.apache.hadoop.hdds.server.OzoneProtocolMessageDispatcher.processRequest(OzoneProtocolMessageDispatcher.java:87) [hdds-server-framework-1.3.0-SNAPSHOT.jar:?]
	at org.apache.hadoop.ozone.protocolPB.OzoneManagerProtocolServerSideTranslatorPB.submitRequest(OzoneManagerProtocolServerSideTranslatorPB.java:147) [ozone-manager-1.3.0-SNAPSHOT.jar:?]
	at org.apache.hadoop.ozone.protocol.proto.OzoneManagerProtocolProtos$OzoneManagerService$2.callBlockingMethod(OzoneManagerProtocolProtos.java) [ozone-interface-client-1.3.0-SNAPSHOT.jar:?]
	at org.apache.hadoop.ipc.ProtobufRpcEngine$Server.processCall(ProtobufRpcEngine.java:466) [hadoop-common-3.3.1.jar:?]
	at org.apache.hadoop.ipc.ProtobufRpcEngine2$Server$ProtoBufRpcInvoker.call(ProtobufRpcEngine2.java:574) [hadoop-common-3.3.1.jar:?]
	at org.apache.hadoop.ipc.ProtobufRpcEngine2$Server$ProtoBufRpcInvoker.call(ProtobufRpcEngine2.java:552) [hadoop-common-3.3.1.jar:?]
	at org.apache.hadoop.ipc.RPC$Server.call(RPC.java:1093) [hadoop-common-3.3.1.jar:?]
	at org.apache.hadoop.ipc.Server$RpcCall.run(Server.java:1035) [hadoop-common-3.3.1.jar:?]
	at org.apache.hadoop.ipc.Server$RpcCall.run(Server.java:963) [hadoop-common-3.3.1.jar:?]
	at java.security.AccessController.doPrivileged(Native Method) ~[?:1.8.0_332]
	at javax.security.auth.Subject.doAs(Subject.java:422) [?:1.8.0_332]
	at org.apache.hadoop.security.UserGroupInformation.doAs(UserGroupInformation.java:1878) [hadoop-common-3.3.1.jar:?]
	at org.apache.hadoop.ipc.Server$Handler.run(Server.java:2966) [hadoop-common-3.3.1.jar:?]
13:07:41.833 [IPC Server handler 10 on default port 41441] ERROR OMAudit - user=runner | ip=127.0.0.1 | op=GET_FILE_STATUS {volume=volume07034, bucket=bucket87468, key=level0/level3/file1, dataSize=0, replicationConfig=null} | ret=FAILURE
org.apache.hadoop.ozone.om.exceptions.OMException: Unable to get file status: volume: volume07034 bucket: bucket87468 key: level0/level3/file1
	at org.apache.hadoop.ozone.om.KeyManagerImpl.getOzoneFileStatus(KeyManagerImpl.java:1283) ~[ozone-manager-1.3.0-SNAPSHOT.jar:?]
	at org.apache.hadoop.ozone.om.KeyManagerImpl.getFileStatus(KeyManagerImpl.java:1213) ~[ozone-manager-1.3.0-SNAPSHOT.jar:?]
	at org.apache.hadoop.ozone.om.OzoneManager.getFileStatus(OzoneManager.java:3419) ~[ozone-manager-1.3.0-SNAPSHOT.jar:?]
	at org.apache.hadoop.ozone.protocolPB.OzoneManagerRequestHandler.getOzoneFileStatus(OzoneManagerRequestHandler.java:871) ~[ozone-manager-1.3.0-SNAPSHOT.jar:?]
	at org.apache.hadoop.ozone.protocolPB.OzoneManagerRequestHandler.handleReadRequest(OzoneManagerRequestHandler.java:217) ~[ozone-manager-1.3.0-SNAPSHOT.jar:?]
	at org.apache.hadoop.ozone.protocolPB.OzoneManagerProtocolServerSideTranslatorPB.submitReadRequestToOM(OzoneManagerProtocolServerSideTranslatorPB.java:225) ~[ozone-manager-1.3.0-SNAPSHOT.jar:?]
	at org.apache.hadoop.ozone.protocolPB.OzoneManagerProtocolServerSideTranslatorPB.processRequest(OzoneManagerProtocolServerSideTranslatorPB.java:175) ~[ozone-manager-1.3.0-SNAPSHOT.jar:?]
	at org.apache.hadoop.hdds.server.OzoneProtocolMessageDispatcher.processRequest(OzoneProtocolMessageDispatcher.java:87) [hdds-server-framework-1.3.0-SNAPSHOT.jar:?]
	at org.apache.hadoop.ozone.protocolPB.OzoneManagerProtocolServerSideTranslatorPB.submitRequest(OzoneManagerProtocolServerSideTranslatorPB.java:147) [ozone-manager-1.3.0-SNAPSHOT.jar:?]
	at org.apache.hadoop.ozone.protocol.proto.OzoneManagerProtocolProtos$OzoneManagerService$2.callBlockingMethod(OzoneManagerProtocolProtos.java) [ozone-interface-client-1.3.0-SNAPSHOT.jar:?]
	at org.apache.hadoop.ipc.ProtobufRpcEngine$Server.processCall(ProtobufRpcEngine.java:466) [hadoop-common-3.3.1.jar:?]
	at org.apache.hadoop.ipc.ProtobufRpcEngine2$Server$ProtoBufRpcInvoker.call(ProtobufRpcEngine2.java:574) [hadoop-common-3.3.1.jar:?]
	at org.apache.hadoop.ipc.ProtobufRpcEngine2$Server$ProtoBufRpcInvoker.call(ProtobufRpcEngine2.java:552) [hadoop-common-3.3.1.jar:?]
	at org.apache.hadoop.ipc.RPC$Server.call(RPC.java:1093) [hadoop-common-3.3.1.jar:?]
	at org.apache.hadoop.ipc.Server$RpcCall.run(Server.java:1035) [hadoop-common-3.3.1.jar:?]
	at org.apache.hadoop.ipc.Server$RpcCall.run(Server.java:963) [hadoop-common-3.3.1.jar:?]
	at java.security.AccessController.doPrivileged(Native Method) ~[?:1.8.0_332]
	at javax.security.auth.Subject.doAs(Subject.java:422) [?:1.8.0_332]
	at org.apache.hadoop.security.UserGroupInformation.doAs(UserGroupInformation.java:1878) [hadoop-common-3.3.1.jar:?]
	at org.apache.hadoop.ipc.Server$Handler.run(Server.java:2966) [hadoop-common-3.3.1.jar:?]
13:07:41.837 [IPC Server handler 3 on default port 41441] ERROR OMAudit - user=runner | ip=127.0.0.1 | op=GET_FILE_STATUS {volume=volume07034, bucket=bucket87468, key=level0/level3/level3/file1, dataSize=0, replicationConfig=null} | ret=FAILURE
org.apache.hadoop.ozone.om.exceptions.OMException: Unable to get file status: volume: volume07034 bucket: bucket87468 key: level0/level3/level3/file1
	at org.apache.hadoop.ozone.om.KeyManagerImpl.getOzoneFileStatus(KeyManagerImpl.java:1283) ~[ozone-manager-1.3.0-SNAPSHOT.jar:?]
	at org.apache.hadoop.ozone.om.KeyManagerImpl.getFileStatus(KeyManagerImpl.java:1213) ~[ozone-manager-1.3.0-SNAPSHOT.jar:?]
	at org.apache.hadoop.ozone.om.OzoneManager.getFileStatus(OzoneManager.java:3419) ~[ozone-manager-1.3.0-SNAPSHOT.jar:?]
	at org.apache.hadoop.ozone.protocolPB.OzoneManagerRequestHandler.getOzoneFileStatus(OzoneManagerRequestHandler.java:871) ~[ozone-manager-1.3.0-SNAPSHOT.jar:?]
	at org.apache.hadoop.ozone.protocolPB.OzoneManagerRequestHandler.handleReadRequest(OzoneManagerRequestHandler.java:217) ~[ozone-manager-1.3.0-SNAPSHOT.jar:?]
	at org.apache.hadoop.ozone.protocolPB.OzoneManagerProtocolServerSideTranslatorPB.submitReadRequestToOM(OzoneManagerProtocolServerSideTranslatorPB.java:225) ~[ozone-manager-1.3.0-SNAPSHOT.jar:?]
	at org.apache.hadoop.ozone.protocolPB.OzoneManagerProtocolServerSideTranslatorPB.processRequest(OzoneManagerProtocolServerSideTranslatorPB.java:175) ~[ozone-manager-1.3.0-SNAPSHOT.jar:?]
	at org.apache.hadoop.hdds.server.OzoneProtocolMessageDispatcher.processRequest(OzoneProtocolMessageDispatcher.java:87) [hdds-server-framework-1.3.0-SNAPSHOT.jar:?]
	at org.apache.hadoop.ozone.protocolPB.OzoneManagerProtocolServerSideTranslatorPB.submitRequest(OzoneManagerProtocolServerSideTranslatorPB.java:147) [ozone-manager-1.3.0-SNAPSHOT.jar:?]
	at org.apache.hadoop.ozone.protocol.proto.OzoneManagerProtocolProtos$OzoneManagerService$2.callBlockingMethod(OzoneManagerProtocolProtos.java) [ozone-interface-client-1.3.0-SNAPSHOT.jar:?]
	at org.apache.hadoop.ipc.ProtobufRpcEngine$Server.processCall(ProtobufRpcEngine.java:466) [hadoop-common-3.3.1.jar:?]
	at org.apache.hadoop.ipc.ProtobufRpcEngine2$Server$ProtoBufRpcInvoker.call(ProtobufRpcEngine2.java:574) [hadoop-common-3.3.1.jar:?]
	at org.apache.hadoop.ipc.ProtobufRpcEngine2$Server$ProtoBufRpcInvoker.call(ProtobufRpcEngine2.java:552) [hadoop-common-3.3.1.jar:?]
	at org.apache.hadoop.ipc.RPC$Server.call(RPC.java:1093) [hadoop-common-3.3.1.jar:?]
	at org.apache.hadoop.ipc.Server$RpcCall.run(Server.java:1035) [hadoop-common-3.3.1.jar:?]
	at org.apache.hadoop.ipc.Server$RpcCall.run(Server.java:963) [hadoop-common-3.3.1.jar:?]
	at java.security.AccessController.doPrivileged(Native Method) ~[?:1.8.0_332]
	at javax.security.auth.Subject.doAs(Subject.java:422) [?:1.8.0_332]
	at org.apache.hadoop.security.UserGroupInformation.doAs(UserGroupInformation.java:1878) [hadoop-common-3.3.1.jar:?]
	at org.apache.hadoop.ipc.Server$Handler.run(Server.java:2966) [hadoop-common-3.3.1.jar:?]
]]></system-out>
  </testcase>
  <testcase name="testRecursiveDelete" classname="TestOzoneFileSystem" time="0.222">
    <system-out><![CDATA[13:08:58.127 [IPC Server handler 7 on default port 38405] ERROR OMAudit - user=runner | ip=127.0.0.1 | op=GET_FILE_STATUS {volume=volume84440, bucket=bucket08814, key=gdir1, dataSize=0, replicationConfig=null} | ret=FAILURE
org.apache.hadoop.ozone.om.exceptions.OMException: Unable to get file status: volume: volume84440 bucket: bucket08814 key: gdir1
	at org.apache.hadoop.ozone.om.KeyManagerImpl.getOzoneFileStatus(KeyManagerImpl.java:1283) ~[ozone-manager-1.3.0-SNAPSHOT.jar:?]
	at org.apache.hadoop.ozone.om.KeyManagerImpl.getFileStatus(KeyManagerImpl.java:1213) ~[ozone-manager-1.3.0-SNAPSHOT.jar:?]
	at org.apache.hadoop.ozone.om.OzoneManager.getFileStatus(OzoneManager.java:3419) ~[ozone-manager-1.3.0-SNAPSHOT.jar:?]
	at org.apache.hadoop.ozone.protocolPB.OzoneManagerRequestHandler.getOzoneFileStatus(OzoneManagerRequestHandler.java:871) ~[ozone-manager-1.3.0-SNAPSHOT.jar:?]
	at org.apache.hadoop.ozone.protocolPB.OzoneManagerRequestHandler.handleReadRequest(OzoneManagerRequestHandler.java:217) ~[ozone-manager-1.3.0-SNAPSHOT.jar:?]
	at org.apache.hadoop.ozone.protocolPB.OzoneManagerProtocolServerSideTranslatorPB.submitRequestDirectlyToOM(OzoneManagerProtocolServerSideTranslatorPB.java:284) ~[ozone-manager-1.3.0-SNAPSHOT.jar:?]
	at org.apache.hadoop.ozone.protocolPB.OzoneManagerProtocolServerSideTranslatorPB.processRequest(OzoneManagerProtocolServerSideTranslatorPB.java:207) ~[ozone-manager-1.3.0-SNAPSHOT.jar:?]
	at org.apache.hadoop.hdds.server.OzoneProtocolMessageDispatcher.processRequest(OzoneProtocolMessageDispatcher.java:87) [hdds-server-framework-1.3.0-SNAPSHOT.jar:?]
	at org.apache.hadoop.ozone.protocolPB.OzoneManagerProtocolServerSideTranslatorPB.submitRequest(OzoneManagerProtocolServerSideTranslatorPB.java:147) [ozone-manager-1.3.0-SNAPSHOT.jar:?]
	at org.apache.hadoop.ozone.protocol.proto.OzoneManagerProtocolProtos$OzoneManagerService$2.callBlockingMethod(OzoneManagerProtocolProtos.java) [ozone-interface-client-1.3.0-SNAPSHOT.jar:?]
	at org.apache.hadoop.ipc.ProtobufRpcEngine$Server.processCall(ProtobufRpcEngine.java:466) [hadoop-common-3.3.1.jar:?]
	at org.apache.hadoop.ipc.ProtobufRpcEngine2$Server$ProtoBufRpcInvoker.call(ProtobufRpcEngine2.java:574) [hadoop-common-3.3.1.jar:?]
	at org.apache.hadoop.ipc.ProtobufRpcEngine2$Server$ProtoBufRpcInvoker.call(ProtobufRpcEngine2.java:552) [hadoop-common-3.3.1.jar:?]
	at org.apache.hadoop.ipc.RPC$Server.call(RPC.java:1093) [hadoop-common-3.3.1.jar:?]
	at org.apache.hadoop.ipc.Server$RpcCall.run(Server.java:1035) [hadoop-common-3.3.1.jar:?]
	at org.apache.hadoop.ipc.Server$RpcCall.run(Server.java:963) [hadoop-common-3.3.1.jar:?]
	at java.security.AccessController.doPrivileged(Native Method) ~[?:1.8.0_332]
	at javax.security.auth.Subject.doAs(Subject.java:422) [?:1.8.0_332]
	at org.apache.hadoop.security.UserGroupInformation.doAs(UserGroupInformation.java:1878) [hadoop-common-3.3.1.jar:?]
	at org.apache.hadoop.ipc.Server$Handler.run(Server.java:2966) [hadoop-common-3.3.1.jar:?]
13:08:58.128 [IPC Server handler 11 on default port 38405] ERROR OMAudit - user=runner | ip=127.0.0.1 | op=GET_FILE_STATUS {volume=volume84440, bucket=bucket08814, key=gdir1/dir1, dataSize=0, replicationConfig=null} | ret=FAILURE
org.apache.hadoop.ozone.om.exceptions.OMException: Unable to get file status: volume: volume84440 bucket: bucket08814 key: gdir1/dir1
	at org.apache.hadoop.ozone.om.KeyManagerImpl.getOzoneFileStatus(KeyManagerImpl.java:1283) ~[ozone-manager-1.3.0-SNAPSHOT.jar:?]
	at org.apache.hadoop.ozone.om.KeyManagerImpl.getFileStatus(KeyManagerImpl.java:1213) ~[ozone-manager-1.3.0-SNAPSHOT.jar:?]
	at org.apache.hadoop.ozone.om.OzoneManager.getFileStatus(OzoneManager.java:3419) ~[ozone-manager-1.3.0-SNAPSHOT.jar:?]
	at org.apache.hadoop.ozone.protocolPB.OzoneManagerRequestHandler.getOzoneFileStatus(OzoneManagerRequestHandler.java:871) ~[ozone-manager-1.3.0-SNAPSHOT.jar:?]
	at org.apache.hadoop.ozone.protocolPB.OzoneManagerRequestHandler.handleReadRequest(OzoneManagerRequestHandler.java:217) ~[ozone-manager-1.3.0-SNAPSHOT.jar:?]
	at org.apache.hadoop.ozone.protocolPB.OzoneManagerProtocolServerSideTranslatorPB.submitRequestDirectlyToOM(OzoneManagerProtocolServerSideTranslatorPB.java:284) ~[ozone-manager-1.3.0-SNAPSHOT.jar:?]
	at org.apache.hadoop.ozone.protocolPB.OzoneManagerProtocolServerSideTranslatorPB.processRequest(OzoneManagerProtocolServerSideTranslatorPB.java:207) ~[ozone-manager-1.3.0-SNAPSHOT.jar:?]
	at org.apache.hadoop.hdds.server.OzoneProtocolMessageDispatcher.processRequest(OzoneProtocolMessageDispatcher.java:87) [hdds-server-framework-1.3.0-SNAPSHOT.jar:?]
	at org.apache.hadoop.ozone.protocolPB.OzoneManagerProtocolServerSideTranslatorPB.submitRequest(OzoneManagerProtocolServerSideTranslatorPB.java:147) [ozone-manager-1.3.0-SNAPSHOT.jar:?]
	at org.apache.hadoop.ozone.protocol.proto.OzoneManagerProtocolProtos$OzoneManagerService$2.callBlockingMethod(OzoneManagerProtocolProtos.java) [ozone-interface-client-1.3.0-SNAPSHOT.jar:?]
	at org.apache.hadoop.ipc.ProtobufRpcEngine$Server.processCall(ProtobufRpcEngine.java:466) [hadoop-common-3.3.1.jar:?]
	at org.apache.hadoop.ipc.ProtobufRpcEngine2$Server$ProtoBufRpcInvoker.call(ProtobufRpcEngine2.java:574) [hadoop-common-3.3.1.jar:?]
	at org.apache.hadoop.ipc.ProtobufRpcEngine2$Server$ProtoBufRpcInvoker.call(ProtobufRpcEngine2.java:552) [hadoop-common-3.3.1.jar:?]
	at org.apache.hadoop.ipc.RPC$Server.call(RPC.java:1093) [hadoop-common-3.3.1.jar:?]
	at org.apache.hadoop.ipc.Server$RpcCall.run(Server.java:1035) [hadoop-common-3.3.1.jar:?]
	at org.apache.hadoop.ipc.Server$RpcCall.run(Server.java:963) [hadoop-common-3.3.1.jar:?]
	at java.security.AccessController.doPrivileged(Native Method) ~[?:1.8.0_332]
	at javax.security.auth.Subject.doAs(Subject.java:422) [?:1.8.0_332]
	at org.apache.hadoop.security.UserGroupInformation.doAs(UserGroupInformation.java:1878) [hadoop-common-3.3.1.jar:?]
	at org.apache.hadoop.ipc.Server$Handler.run(Server.java:2966) [hadoop-common-3.3.1.jar:?]
13:08:58.128 [IPC Server handler 9 on default port 38405] ERROR OMAudit - user=runner | ip=127.0.0.1 | op=GET_FILE_STATUS {volume=volume84440, bucket=bucket08814, key=gdir1/dir1/child, dataSize=0, replicationConfig=null} | ret=FAILURE
org.apache.hadoop.ozone.om.exceptions.OMException: Unable to get file status: volume: volume84440 bucket: bucket08814 key: gdir1/dir1/child
	at org.apache.hadoop.ozone.om.KeyManagerImpl.getOzoneFileStatus(KeyManagerImpl.java:1283) ~[ozone-manager-1.3.0-SNAPSHOT.jar:?]
	at org.apache.hadoop.ozone.om.KeyManagerImpl.getFileStatus(KeyManagerImpl.java:1213) ~[ozone-manager-1.3.0-SNAPSHOT.jar:?]
	at org.apache.hadoop.ozone.om.OzoneManager.getFileStatus(OzoneManager.java:3419) ~[ozone-manager-1.3.0-SNAPSHOT.jar:?]
	at org.apache.hadoop.ozone.protocolPB.OzoneManagerRequestHandler.getOzoneFileStatus(OzoneManagerRequestHandler.java:871) ~[ozone-manager-1.3.0-SNAPSHOT.jar:?]
	at org.apache.hadoop.ozone.protocolPB.OzoneManagerRequestHandler.handleReadRequest(OzoneManagerRequestHandler.java:217) ~[ozone-manager-1.3.0-SNAPSHOT.jar:?]
	at org.apache.hadoop.ozone.protocolPB.OzoneManagerProtocolServerSideTranslatorPB.submitRequestDirectlyToOM(OzoneManagerProtocolServerSideTranslatorPB.java:284) ~[ozone-manager-1.3.0-SNAPSHOT.jar:?]
	at org.apache.hadoop.ozone.protocolPB.OzoneManagerProtocolServerSideTranslatorPB.processRequest(OzoneManagerProtocolServerSideTranslatorPB.java:207) ~[ozone-manager-1.3.0-SNAPSHOT.jar:?]
	at org.apache.hadoop.hdds.server.OzoneProtocolMessageDispatcher.processRequest(OzoneProtocolMessageDispatcher.java:87) [hdds-server-framework-1.3.0-SNAPSHOT.jar:?]
	at org.apache.hadoop.ozone.protocolPB.OzoneManagerProtocolServerSideTranslatorPB.submitRequest(OzoneManagerProtocolServerSideTranslatorPB.java:147) [ozone-manager-1.3.0-SNAPSHOT.jar:?]
	at org.apache.hadoop.ozone.protocol.proto.OzoneManagerProtocolProtos$OzoneManagerService$2.callBlockingMethod(OzoneManagerProtocolProtos.java) [ozone-interface-client-1.3.0-SNAPSHOT.jar:?]
	at org.apache.hadoop.ipc.ProtobufRpcEngine$Server.processCall(ProtobufRpcEngine.java:466) [hadoop-common-3.3.1.jar:?]
	at org.apache.hadoop.ipc.ProtobufRpcEngine2$Server$ProtoBufRpcInvoker.call(ProtobufRpcEngine2.java:574) [hadoop-common-3.3.1.jar:?]
	at org.apache.hadoop.ipc.ProtobufRpcEngine2$Server$ProtoBufRpcInvoker.call(ProtobufRpcEngine2.java:552) [hadoop-common-3.3.1.jar:?]
	at org.apache.hadoop.ipc.RPC$Server.call(RPC.java:1093) [hadoop-common-3.3.1.jar:?]
	at org.apache.hadoop.ipc.Server$RpcCall.run(Server.java:1035) [hadoop-common-3.3.1.jar:?]
	at org.apache.hadoop.ipc.Server$RpcCall.run(Server.java:963) [hadoop-common-3.3.1.jar:?]
	at java.security.AccessController.doPrivileged(Native Method) ~[?:1.8.0_332]
	at javax.security.auth.Subject.doAs(Subject.java:422) [?:1.8.0_332]
	at org.apache.hadoop.security.UserGroupInformation.doAs(UserGroupInformation.java:1878) [hadoop-common-3.3.1.jar:?]
	at org.apache.hadoop.ipc.Server$Handler.run(Server.java:2966) [hadoop-common-3.3.1.jar:?]
13:08:58.129 [IPC Server handler 10 on default port 38405] ERROR OMAudit - user=runner | ip=127.0.0.1 | op=GET_FILE_STATUS {volume=volume84440, bucket=bucket08814, key=gdir1/dir2, dataSize=0, replicationConfig=null} | ret=FAILURE
org.apache.hadoop.ozone.om.exceptions.OMException: Unable to get file status: volume: volume84440 bucket: bucket08814 key: gdir1/dir2
	at org.apache.hadoop.ozone.om.KeyManagerImpl.getOzoneFileStatus(KeyManagerImpl.java:1283) ~[ozone-manager-1.3.0-SNAPSHOT.jar:?]
	at org.apache.hadoop.ozone.om.KeyManagerImpl.getFileStatus(KeyManagerImpl.java:1213) ~[ozone-manager-1.3.0-SNAPSHOT.jar:?]
	at org.apache.hadoop.ozone.om.OzoneManager.getFileStatus(OzoneManager.java:3419) ~[ozone-manager-1.3.0-SNAPSHOT.jar:?]
	at org.apache.hadoop.ozone.protocolPB.OzoneManagerRequestHandler.getOzoneFileStatus(OzoneManagerRequestHandler.java:871) ~[ozone-manager-1.3.0-SNAPSHOT.jar:?]
	at org.apache.hadoop.ozone.protocolPB.OzoneManagerRequestHandler.handleReadRequest(OzoneManagerRequestHandler.java:217) ~[ozone-manager-1.3.0-SNAPSHOT.jar:?]
	at org.apache.hadoop.ozone.protocolPB.OzoneManagerProtocolServerSideTranslatorPB.submitRequestDirectlyToOM(OzoneManagerProtocolServerSideTranslatorPB.java:284) ~[ozone-manager-1.3.0-SNAPSHOT.jar:?]
	at org.apache.hadoop.ozone.protocolPB.OzoneManagerProtocolServerSideTranslatorPB.processRequest(OzoneManagerProtocolServerSideTranslatorPB.java:207) ~[ozone-manager-1.3.0-SNAPSHOT.jar:?]
	at org.apache.hadoop.hdds.server.OzoneProtocolMessageDispatcher.processRequest(OzoneProtocolMessageDispatcher.java:87) [hdds-server-framework-1.3.0-SNAPSHOT.jar:?]
	at org.apache.hadoop.ozone.protocolPB.OzoneManagerProtocolServerSideTranslatorPB.submitRequest(OzoneManagerProtocolServerSideTranslatorPB.java:147) [ozone-manager-1.3.0-SNAPSHOT.jar:?]
	at org.apache.hadoop.ozone.protocol.proto.OzoneManagerProtocolProtos$OzoneManagerService$2.callBlockingMethod(OzoneManagerProtocolProtos.java) [ozone-interface-client-1.3.0-SNAPSHOT.jar:?]
	at org.apache.hadoop.ipc.ProtobufRpcEngine$Server.processCall(ProtobufRpcEngine.java:466) [hadoop-common-3.3.1.jar:?]
	at org.apache.hadoop.ipc.ProtobufRpcEngine2$Server$ProtoBufRpcInvoker.call(ProtobufRpcEngine2.java:574) [hadoop-common-3.3.1.jar:?]
	at org.apache.hadoop.ipc.ProtobufRpcEngine2$Server$ProtoBufRpcInvoker.call(ProtobufRpcEngine2.java:552) [hadoop-common-3.3.1.jar:?]
	at org.apache.hadoop.ipc.RPC$Server.call(RPC.java:1093) [hadoop-common-3.3.1.jar:?]
	at org.apache.hadoop.ipc.Server$RpcCall.run(Server.java:1035) [hadoop-common-3.3.1.jar:?]
	at org.apache.hadoop.ipc.Server$RpcCall.run(Server.java:963) [hadoop-common-3.3.1.jar:?]
	at java.security.AccessController.doPrivileged(Native Method) ~[?:1.8.0_332]
	at javax.security.auth.Subject.doAs(Subject.java:422) [?:1.8.0_332]
	at org.apache.hadoop.security.UserGroupInformation.doAs(UserGroupInformation.java:1878) [hadoop-common-3.3.1.jar:?]
	at org.apache.hadoop.ipc.Server$Handler.run(Server.java:2966) [hadoop-common-3.3.1.jar:?]
13:08:58.130 [IPC Server handler 8 on default port 38405] ERROR OMAudit - user=runner | ip=127.0.0.1 | op=GET_FILE_STATUS {volume=volume84440, bucket=bucket08814, key=gdir1/dir2/child, dataSize=0, replicationConfig=null} | ret=FAILURE
org.apache.hadoop.ozone.om.exceptions.OMException: Unable to get file status: volume: volume84440 bucket: bucket08814 key: gdir1/dir2/child
	at org.apache.hadoop.ozone.om.KeyManagerImpl.getOzoneFileStatus(KeyManagerImpl.java:1283) ~[ozone-manager-1.3.0-SNAPSHOT.jar:?]
	at org.apache.hadoop.ozone.om.KeyManagerImpl.getFileStatus(KeyManagerImpl.java:1213) ~[ozone-manager-1.3.0-SNAPSHOT.jar:?]
	at org.apache.hadoop.ozone.om.OzoneManager.getFileStatus(OzoneManager.java:3419) ~[ozone-manager-1.3.0-SNAPSHOT.jar:?]
	at org.apache.hadoop.ozone.protocolPB.OzoneManagerRequestHandler.getOzoneFileStatus(OzoneManagerRequestHandler.java:871) ~[ozone-manager-1.3.0-SNAPSHOT.jar:?]
	at org.apache.hadoop.ozone.protocolPB.OzoneManagerRequestHandler.handleReadRequest(OzoneManagerRequestHandler.java:217) ~[ozone-manager-1.3.0-SNAPSHOT.jar:?]
	at org.apache.hadoop.ozone.protocolPB.OzoneManagerProtocolServerSideTranslatorPB.submitRequestDirectlyToOM(OzoneManagerProtocolServerSideTranslatorPB.java:284) ~[ozone-manager-1.3.0-SNAPSHOT.jar:?]
	at org.apache.hadoop.ozone.protocolPB.OzoneManagerProtocolServerSideTranslatorPB.processRequest(OzoneManagerProtocolServerSideTranslatorPB.java:207) ~[ozone-manager-1.3.0-SNAPSHOT.jar:?]
	at org.apache.hadoop.hdds.server.OzoneProtocolMessageDispatcher.processRequest(OzoneProtocolMessageDispatcher.java:87) [hdds-server-framework-1.3.0-SNAPSHOT.jar:?]
	at org.apache.hadoop.ozone.protocolPB.OzoneManagerProtocolServerSideTranslatorPB.submitRequest(OzoneManagerProtocolServerSideTranslatorPB.java:147) [ozone-manager-1.3.0-SNAPSHOT.jar:?]
	at org.apache.hadoop.ozone.protocol.proto.OzoneManagerProtocolProtos$OzoneManagerService$2.callBlockingMethod(OzoneManagerProtocolProtos.java) [ozone-interface-client-1.3.0-SNAPSHOT.jar:?]
	at org.apache.hadoop.ipc.ProtobufRpcEngine$Server.processCall(ProtobufRpcEngine.java:466) [hadoop-common-3.3.1.jar:?]
	at org.apache.hadoop.ipc.ProtobufRpcEngine2$Server$ProtoBufRpcInvoker.call(ProtobufRpcEngine2.java:574) [hadoop-common-3.3.1.jar:?]
	at org.apache.hadoop.ipc.ProtobufRpcEngine2$Server$ProtoBufRpcInvoker.call(ProtobufRpcEngine2.java:552) [hadoop-common-3.3.1.jar:?]
	at org.apache.hadoop.ipc.RPC$Server.call(RPC.java:1093) [hadoop-common-3.3.1.jar:?]
	at org.apache.hadoop.ipc.Server$RpcCall.run(Server.java:1035) [hadoop-common-3.3.1.jar:?]
	at org.apache.hadoop.ipc.Server$RpcCall.run(Server.java:963) [hadoop-common-3.3.1.jar:?]
	at java.security.AccessController.doPrivileged(Native Method) ~[?:1.8.0_332]
	at javax.security.auth.Subject.doAs(Subject.java:422) [?:1.8.0_332]
	at org.apache.hadoop.security.UserGroupInformation.doAs(UserGroupInformation.java:1878) [hadoop-common-3.3.1.jar:?]
	at org.apache.hadoop.ipc.Server$Handler.run(Server.java:2966) [hadoop-common-3.3.1.jar:?]
13:08:58.130 [IPC Server handler 0 on default port 38405] ERROR OMAudit - user=runner | ip=127.0.0.1 | op=GET_FILE_STATUS {volume=volume84440, bucket=bucket08814, key=gdir1/dir3, dataSize=0, replicationConfig=null} | ret=FAILURE
org.apache.hadoop.ozone.om.exceptions.OMException: Unable to get file status: volume: volume84440 bucket: bucket08814 key: gdir1/dir3
	at org.apache.hadoop.ozone.om.KeyManagerImpl.getOzoneFileStatus(KeyManagerImpl.java:1283) ~[ozone-manager-1.3.0-SNAPSHOT.jar:?]
	at org.apache.hadoop.ozone.om.KeyManagerImpl.getFileStatus(KeyManagerImpl.java:1213) ~[ozone-manager-1.3.0-SNAPSHOT.jar:?]
	at org.apache.hadoop.ozone.om.OzoneManager.getFileStatus(OzoneManager.java:3419) ~[ozone-manager-1.3.0-SNAPSHOT.jar:?]
	at org.apache.hadoop.ozone.protocolPB.OzoneManagerRequestHandler.getOzoneFileStatus(OzoneManagerRequestHandler.java:871) ~[ozone-manager-1.3.0-SNAPSHOT.jar:?]
	at org.apache.hadoop.ozone.protocolPB.OzoneManagerRequestHandler.handleReadRequest(OzoneManagerRequestHandler.java:217) ~[ozone-manager-1.3.0-SNAPSHOT.jar:?]
	at org.apache.hadoop.ozone.protocolPB.OzoneManagerProtocolServerSideTranslatorPB.submitRequestDirectlyToOM(OzoneManagerProtocolServerSideTranslatorPB.java:284) ~[ozone-manager-1.3.0-SNAPSHOT.jar:?]
	at org.apache.hadoop.ozone.protocolPB.OzoneManagerProtocolServerSideTranslatorPB.processRequest(OzoneManagerProtocolServerSideTranslatorPB.java:207) ~[ozone-manager-1.3.0-SNAPSHOT.jar:?]
	at org.apache.hadoop.hdds.server.OzoneProtocolMessageDispatcher.processRequest(OzoneProtocolMessageDispatcher.java:87) [hdds-server-framework-1.3.0-SNAPSHOT.jar:?]
	at org.apache.hadoop.ozone.protocolPB.OzoneManagerProtocolServerSideTranslatorPB.submitRequest(OzoneManagerProtocolServerSideTranslatorPB.java:147) [ozone-manager-1.3.0-SNAPSHOT.jar:?]
	at org.apache.hadoop.ozone.protocol.proto.OzoneManagerProtocolProtos$OzoneManagerService$2.callBlockingMethod(OzoneManagerProtocolProtos.java) [ozone-interface-client-1.3.0-SNAPSHOT.jar:?]
	at org.apache.hadoop.ipc.ProtobufRpcEngine$Server.processCall(ProtobufRpcEngine.java:466) [hadoop-common-3.3.1.jar:?]
	at org.apache.hadoop.ipc.ProtobufRpcEngine2$Server$ProtoBufRpcInvoker.call(ProtobufRpcEngine2.java:574) [hadoop-common-3.3.1.jar:?]
	at org.apache.hadoop.ipc.ProtobufRpcEngine2$Server$ProtoBufRpcInvoker.call(ProtobufRpcEngine2.java:552) [hadoop-common-3.3.1.jar:?]
	at org.apache.hadoop.ipc.RPC$Server.call(RPC.java:1093) [hadoop-common-3.3.1.jar:?]
	at org.apache.hadoop.ipc.Server$RpcCall.run(Server.java:1035) [hadoop-common-3.3.1.jar:?]
	at org.apache.hadoop.ipc.Server$RpcCall.run(Server.java:963) [hadoop-common-3.3.1.jar:?]
	at java.security.AccessController.doPrivileged(Native Method) ~[?:1.8.0_332]
	at javax.security.auth.Subject.doAs(Subject.java:422) [?:1.8.0_332]
	at org.apache.hadoop.security.UserGroupInformation.doAs(UserGroupInformation.java:1878) [hadoop-common-3.3.1.jar:?]
	at org.apache.hadoop.ipc.Server$Handler.run(Server.java:2966) [hadoop-common-3.3.1.jar:?]
13:08:58.131 [IPC Server handler 6 on default port 38405] ERROR OMAudit - user=runner | ip=127.0.0.1 | op=GET_FILE_STATUS {volume=volume84440, bucket=bucket08814, key=gdir1/dir3/child, dataSize=0, replicationConfig=null} | ret=FAILURE
org.apache.hadoop.ozone.om.exceptions.OMException: Unable to get file status: volume: volume84440 bucket: bucket08814 key: gdir1/dir3/child
	at org.apache.hadoop.ozone.om.KeyManagerImpl.getOzoneFileStatus(KeyManagerImpl.java:1283) ~[ozone-manager-1.3.0-SNAPSHOT.jar:?]
	at org.apache.hadoop.ozone.om.KeyManagerImpl.getFileStatus(KeyManagerImpl.java:1213) ~[ozone-manager-1.3.0-SNAPSHOT.jar:?]
	at org.apache.hadoop.ozone.om.OzoneManager.getFileStatus(OzoneManager.java:3419) ~[ozone-manager-1.3.0-SNAPSHOT.jar:?]
	at org.apache.hadoop.ozone.protocolPB.OzoneManagerRequestHandler.getOzoneFileStatus(OzoneManagerRequestHandler.java:871) ~[ozone-manager-1.3.0-SNAPSHOT.jar:?]
	at org.apache.hadoop.ozone.protocolPB.OzoneManagerRequestHandler.handleReadRequest(OzoneManagerRequestHandler.java:217) ~[ozone-manager-1.3.0-SNAPSHOT.jar:?]
	at org.apache.hadoop.ozone.protocolPB.OzoneManagerProtocolServerSideTranslatorPB.submitRequestDirectlyToOM(OzoneManagerProtocolServerSideTranslatorPB.java:284) ~[ozone-manager-1.3.0-SNAPSHOT.jar:?]
	at org.apache.hadoop.ozone.protocolPB.OzoneManagerProtocolServerSideTranslatorPB.processRequest(OzoneManagerProtocolServerSideTranslatorPB.java:207) ~[ozone-manager-1.3.0-SNAPSHOT.jar:?]
	at org.apache.hadoop.hdds.server.OzoneProtocolMessageDispatcher.processRequest(OzoneProtocolMessageDispatcher.java:87) [hdds-server-framework-1.3.0-SNAPSHOT.jar:?]
	at org.apache.hadoop.ozone.protocolPB.OzoneManagerProtocolServerSideTranslatorPB.submitRequest(OzoneManagerProtocolServerSideTranslatorPB.java:147) [ozone-manager-1.3.0-SNAPSHOT.jar:?]
	at org.apache.hadoop.ozone.protocol.proto.OzoneManagerProtocolProtos$OzoneManagerService$2.callBlockingMethod(OzoneManagerProtocolProtos.java) [ozone-interface-client-1.3.0-SNAPSHOT.jar:?]
	at org.apache.hadoop.ipc.ProtobufRpcEngine$Server.processCall(ProtobufRpcEngine.java:466) [hadoop-common-3.3.1.jar:?]
	at org.apache.hadoop.ipc.ProtobufRpcEngine2$Server$ProtoBufRpcInvoker.call(ProtobufRpcEngine2.java:574) [hadoop-common-3.3.1.jar:?]
	at org.apache.hadoop.ipc.ProtobufRpcEngine2$Server$ProtoBufRpcInvoker.call(ProtobufRpcEngine2.java:552) [hadoop-common-3.3.1.jar:?]
	at org.apache.hadoop.ipc.RPC$Server.call(RPC.java:1093) [hadoop-common-3.3.1.jar:?]
	at org.apache.hadoop.ipc.Server$RpcCall.run(Server.java:1035) [hadoop-common-3.3.1.jar:?]
	at org.apache.hadoop.ipc.Server$RpcCall.run(Server.java:963) [hadoop-common-3.3.1.jar:?]
	at java.security.AccessController.doPrivileged(Native Method) ~[?:1.8.0_332]
	at javax.security.auth.Subject.doAs(Subject.java:422) [?:1.8.0_332]
	at org.apache.hadoop.security.UserGroupInformation.doAs(UserGroupInformation.java:1878) [hadoop-common-3.3.1.jar:?]
	at org.apache.hadoop.ipc.Server$Handler.run(Server.java:2966) [hadoop-common-3.3.1.jar:?]
13:08:58.137 [IPC Server handler 5 on default port 38405] ERROR OMAudit - user=runner | ip=127.0.0.1 | op=GET_FILE_STATUS {volume=volume84440, bucket=bucket08814, key=gdir1/dir4, dataSize=0, replicationConfig=null} | ret=FAILURE
org.apache.hadoop.ozone.om.exceptions.OMException: Unable to get file status: volume: volume84440 bucket: bucket08814 key: gdir1/dir4
	at org.apache.hadoop.ozone.om.KeyManagerImpl.getOzoneFileStatus(KeyManagerImpl.java:1283) ~[ozone-manager-1.3.0-SNAPSHOT.jar:?]
	at org.apache.hadoop.ozone.om.KeyManagerImpl.getFileStatus(KeyManagerImpl.java:1213) ~[ozone-manager-1.3.0-SNAPSHOT.jar:?]
	at org.apache.hadoop.ozone.om.OzoneManager.getFileStatus(OzoneManager.java:3419) ~[ozone-manager-1.3.0-SNAPSHOT.jar:?]
	at org.apache.hadoop.ozone.protocolPB.OzoneManagerRequestHandler.getOzoneFileStatus(OzoneManagerRequestHandler.java:871) ~[ozone-manager-1.3.0-SNAPSHOT.jar:?]
	at org.apache.hadoop.ozone.protocolPB.OzoneManagerRequestHandler.handleReadRequest(OzoneManagerRequestHandler.java:217) ~[ozone-manager-1.3.0-SNAPSHOT.jar:?]
	at org.apache.hadoop.ozone.protocolPB.OzoneManagerProtocolServerSideTranslatorPB.submitRequestDirectlyToOM(OzoneManagerProtocolServerSideTranslatorPB.java:284) ~[ozone-manager-1.3.0-SNAPSHOT.jar:?]
	at org.apache.hadoop.ozone.protocolPB.OzoneManagerProtocolServerSideTranslatorPB.processRequest(OzoneManagerProtocolServerSideTranslatorPB.java:207) ~[ozone-manager-1.3.0-SNAPSHOT.jar:?]
	at org.apache.hadoop.hdds.server.OzoneProtocolMessageDispatcher.processRequest(OzoneProtocolMessageDispatcher.java:87) [hdds-server-framework-1.3.0-SNAPSHOT.jar:?]
	at org.apache.hadoop.ozone.protocolPB.OzoneManagerProtocolServerSideTranslatorPB.submitRequest(OzoneManagerProtocolServerSideTranslatorPB.java:147) [ozone-manager-1.3.0-SNAPSHOT.jar:?]
	at org.apache.hadoop.ozone.protocol.proto.OzoneManagerProtocolProtos$OzoneManagerService$2.callBlockingMethod(OzoneManagerProtocolProtos.java) [ozone-interface-client-1.3.0-SNAPSHOT.jar:?]
	at org.apache.hadoop.ipc.ProtobufRpcEngine$Server.processCall(ProtobufRpcEngine.java:466) [hadoop-common-3.3.1.jar:?]
	at org.apache.hadoop.ipc.ProtobufRpcEngine2$Server$ProtoBufRpcInvoker.call(ProtobufRpcEngine2.java:574) [hadoop-common-3.3.1.jar:?]
	at org.apache.hadoop.ipc.ProtobufRpcEngine2$Server$ProtoBufRpcInvoker.call(ProtobufRpcEngine2.java:552) [hadoop-common-3.3.1.jar:?]
	at org.apache.hadoop.ipc.RPC$Server.call(RPC.java:1093) [hadoop-common-3.3.1.jar:?]
	at org.apache.hadoop.ipc.Server$RpcCall.run(Server.java:1035) [hadoop-common-3.3.1.jar:?]
	at org.apache.hadoop.ipc.Server$RpcCall.run(Server.java:963) [hadoop-common-3.3.1.jar:?]
	at java.security.AccessController.doPrivileged(Native Method) ~[?:1.8.0_332]
	at javax.security.auth.Subject.doAs(Subject.java:422) [?:1.8.0_332]
	at org.apache.hadoop.security.UserGroupInformation.doAs(UserGroupInformation.java:1878) [hadoop-common-3.3.1.jar:?]
	at org.apache.hadoop.ipc.Server$Handler.run(Server.java:2966) [hadoop-common-3.3.1.jar:?]
13:08:58.138 [IPC Server handler 4 on default port 38405] ERROR OMAudit - user=runner | ip=127.0.0.1 | op=GET_FILE_STATUS {volume=volume84440, bucket=bucket08814, key=gdir1/dir4/child, dataSize=0, replicationConfig=null} | ret=FAILURE
org.apache.hadoop.ozone.om.exceptions.OMException: Unable to get file status: volume: volume84440 bucket: bucket08814 key: gdir1/dir4/child
	at org.apache.hadoop.ozone.om.KeyManagerImpl.getOzoneFileStatus(KeyManagerImpl.java:1283) ~[ozone-manager-1.3.0-SNAPSHOT.jar:?]
	at org.apache.hadoop.ozone.om.KeyManagerImpl.getFileStatus(KeyManagerImpl.java:1213) ~[ozone-manager-1.3.0-SNAPSHOT.jar:?]
	at org.apache.hadoop.ozone.om.OzoneManager.getFileStatus(OzoneManager.java:3419) ~[ozone-manager-1.3.0-SNAPSHOT.jar:?]
	at org.apache.hadoop.ozone.protocolPB.OzoneManagerRequestHandler.getOzoneFileStatus(OzoneManagerRequestHandler.java:871) ~[ozone-manager-1.3.0-SNAPSHOT.jar:?]
	at org.apache.hadoop.ozone.protocolPB.OzoneManagerRequestHandler.handleReadRequest(OzoneManagerRequestHandler.java:217) ~[ozone-manager-1.3.0-SNAPSHOT.jar:?]
	at org.apache.hadoop.ozone.protocolPB.OzoneManagerProtocolServerSideTranslatorPB.submitRequestDirectlyToOM(OzoneManagerProtocolServerSideTranslatorPB.java:284) ~[ozone-manager-1.3.0-SNAPSHOT.jar:?]
	at org.apache.hadoop.ozone.protocolPB.OzoneManagerProtocolServerSideTranslatorPB.processRequest(OzoneManagerProtocolServerSideTranslatorPB.java:207) ~[ozone-manager-1.3.0-SNAPSHOT.jar:?]
	at org.apache.hadoop.hdds.server.OzoneProtocolMessageDispatcher.processRequest(OzoneProtocolMessageDispatcher.java:87) [hdds-server-framework-1.3.0-SNAPSHOT.jar:?]
	at org.apache.hadoop.ozone.protocolPB.OzoneManagerProtocolServerSideTranslatorPB.submitRequest(OzoneManagerProtocolServerSideTranslatorPB.java:147) [ozone-manager-1.3.0-SNAPSHOT.jar:?]
	at org.apache.hadoop.ozone.protocol.proto.OzoneManagerProtocolProtos$OzoneManagerService$2.callBlockingMethod(OzoneManagerProtocolProtos.java) [ozone-interface-client-1.3.0-SNAPSHOT.jar:?]
	at org.apache.hadoop.ipc.ProtobufRpcEngine$Server.processCall(ProtobufRpcEngine.java:466) [hadoop-common-3.3.1.jar:?]
	at org.apache.hadoop.ipc.ProtobufRpcEngine2$Server$ProtoBufRpcInvoker.call(ProtobufRpcEngine2.java:574) [hadoop-common-3.3.1.jar:?]
	at org.apache.hadoop.ipc.ProtobufRpcEngine2$Server$ProtoBufRpcInvoker.call(ProtobufRpcEngine2.java:552) [hadoop-common-3.3.1.jar:?]
	at org.apache.hadoop.ipc.RPC$Server.call(RPC.java:1093) [hadoop-common-3.3.1.jar:?]
	at org.apache.hadoop.ipc.Server$RpcCall.run(Server.java:1035) [hadoop-common-3.3.1.jar:?]
	at org.apache.hadoop.ipc.Server$RpcCall.run(Server.java:963) [hadoop-common-3.3.1.jar:?]
	at java.security.AccessController.doPrivileged(Native Method) ~[?:1.8.0_332]
	at javax.security.auth.Subject.doAs(Subject.java:422) [?:1.8.0_332]
	at org.apache.hadoop.security.UserGroupInformation.doAs(UserGroupInformation.java:1878) [hadoop-common-3.3.1.jar:?]
	at org.apache.hadoop.ipc.Server$Handler.run(Server.java:2966) [hadoop-common-3.3.1.jar:?]
13:08:58.139 [IPC Server handler 3 on default port 38405] ERROR OMAudit - user=runner | ip=127.0.0.1 | op=GET_FILE_STATUS {volume=volume84440, bucket=bucket08814, key=gdir1/dir5, dataSize=0, replicationConfig=null} | ret=FAILURE
org.apache.hadoop.ozone.om.exceptions.OMException: Unable to get file status: volume: volume84440 bucket: bucket08814 key: gdir1/dir5
	at org.apache.hadoop.ozone.om.KeyManagerImpl.getOzoneFileStatus(KeyManagerImpl.java:1283) ~[ozone-manager-1.3.0-SNAPSHOT.jar:?]
	at org.apache.hadoop.ozone.om.KeyManagerImpl.getFileStatus(KeyManagerImpl.java:1213) ~[ozone-manager-1.3.0-SNAPSHOT.jar:?]
	at org.apache.hadoop.ozone.om.OzoneManager.getFileStatus(OzoneManager.java:3419) ~[ozone-manager-1.3.0-SNAPSHOT.jar:?]
	at org.apache.hadoop.ozone.protocolPB.OzoneManagerRequestHandler.getOzoneFileStatus(OzoneManagerRequestHandler.java:871) ~[ozone-manager-1.3.0-SNAPSHOT.jar:?]
	at org.apache.hadoop.ozone.protocolPB.OzoneManagerRequestHandler.handleReadRequest(OzoneManagerRequestHandler.java:217) ~[ozone-manager-1.3.0-SNAPSHOT.jar:?]
	at org.apache.hadoop.ozone.protocolPB.OzoneManagerProtocolServerSideTranslatorPB.submitRequestDirectlyToOM(OzoneManagerProtocolServerSideTranslatorPB.java:284) ~[ozone-manager-1.3.0-SNAPSHOT.jar:?]
	at org.apache.hadoop.ozone.protocolPB.OzoneManagerProtocolServerSideTranslatorPB.processRequest(OzoneManagerProtocolServerSideTranslatorPB.java:207) ~[ozone-manager-1.3.0-SNAPSHOT.jar:?]
	at org.apache.hadoop.hdds.server.OzoneProtocolMessageDispatcher.processRequest(OzoneProtocolMessageDispatcher.java:87) [hdds-server-framework-1.3.0-SNAPSHOT.jar:?]
	at org.apache.hadoop.ozone.protocolPB.OzoneManagerProtocolServerSideTranslatorPB.submitRequest(OzoneManagerProtocolServerSideTranslatorPB.java:147) [ozone-manager-1.3.0-SNAPSHOT.jar:?]
	at org.apache.hadoop.ozone.protocol.proto.OzoneManagerProtocolProtos$OzoneManagerService$2.callBlockingMethod(OzoneManagerProtocolProtos.java) [ozone-interface-client-1.3.0-SNAPSHOT.jar:?]
	at org.apache.hadoop.ipc.ProtobufRpcEngine$Server.processCall(ProtobufRpcEngine.java:466) [hadoop-common-3.3.1.jar:?]
	at org.apache.hadoop.ipc.ProtobufRpcEngine2$Server$ProtoBufRpcInvoker.call(ProtobufRpcEngine2.java:574) [hadoop-common-3.3.1.jar:?]
	at org.apache.hadoop.ipc.ProtobufRpcEngine2$Server$ProtoBufRpcInvoker.call(ProtobufRpcEngine2.java:552) [hadoop-common-3.3.1.jar:?]
	at org.apache.hadoop.ipc.RPC$Server.call(RPC.java:1093) [hadoop-common-3.3.1.jar:?]
	at org.apache.hadoop.ipc.Server$RpcCall.run(Server.java:1035) [hadoop-common-3.3.1.jar:?]
	at org.apache.hadoop.ipc.Server$RpcCall.run(Server.java:963) [hadoop-common-3.3.1.jar:?]
	at java.security.AccessController.doPrivileged(Native Method) ~[?:1.8.0_332]
	at javax.security.auth.Subject.doAs(Subject.java:422) [?:1.8.0_332]
	at org.apache.hadoop.security.UserGroupInformation.doAs(UserGroupInformation.java:1878) [hadoop-common-3.3.1.jar:?]
	at org.apache.hadoop.ipc.Server$Handler.run(Server.java:2966) [hadoop-common-3.3.1.jar:?]
13:08:58.140 [IPC Server handler 2 on default port 38405] ERROR OMAudit - user=runner | ip=127.0.0.1 | op=GET_FILE_STATUS {volume=volume84440, bucket=bucket08814, key=gdir1/dir5/child, dataSize=0, replicationConfig=null} | ret=FAILURE
org.apache.hadoop.ozone.om.exceptions.OMException: Unable to get file status: volume: volume84440 bucket: bucket08814 key: gdir1/dir5/child
	at org.apache.hadoop.ozone.om.KeyManagerImpl.getOzoneFileStatus(KeyManagerImpl.java:1283) ~[ozone-manager-1.3.0-SNAPSHOT.jar:?]
	at org.apache.hadoop.ozone.om.KeyManagerImpl.getFileStatus(KeyManagerImpl.java:1213) ~[ozone-manager-1.3.0-SNAPSHOT.jar:?]
	at org.apache.hadoop.ozone.om.OzoneManager.getFileStatus(OzoneManager.java:3419) ~[ozone-manager-1.3.0-SNAPSHOT.jar:?]
	at org.apache.hadoop.ozone.protocolPB.OzoneManagerRequestHandler.getOzoneFileStatus(OzoneManagerRequestHandler.java:871) ~[ozone-manager-1.3.0-SNAPSHOT.jar:?]
	at org.apache.hadoop.ozone.protocolPB.OzoneManagerRequestHandler.handleReadRequest(OzoneManagerRequestHandler.java:217) ~[ozone-manager-1.3.0-SNAPSHOT.jar:?]
	at org.apache.hadoop.ozone.protocolPB.OzoneManagerProtocolServerSideTranslatorPB.submitRequestDirectlyToOM(OzoneManagerProtocolServerSideTranslatorPB.java:284) ~[ozone-manager-1.3.0-SNAPSHOT.jar:?]
	at org.apache.hadoop.ozone.protocolPB.OzoneManagerProtocolServerSideTranslatorPB.processRequest(OzoneManagerProtocolServerSideTranslatorPB.java:207) ~[ozone-manager-1.3.0-SNAPSHOT.jar:?]
	at org.apache.hadoop.hdds.server.OzoneProtocolMessageDispatcher.processRequest(OzoneProtocolMessageDispatcher.java:87) [hdds-server-framework-1.3.0-SNAPSHOT.jar:?]
	at org.apache.hadoop.ozone.protocolPB.OzoneManagerProtocolServerSideTranslatorPB.submitRequest(OzoneManagerProtocolServerSideTranslatorPB.java:147) [ozone-manager-1.3.0-SNAPSHOT.jar:?]
	at org.apache.hadoop.ozone.protocol.proto.OzoneManagerProtocolProtos$OzoneManagerService$2.callBlockingMethod(OzoneManagerProtocolProtos.java) [ozone-interface-client-1.3.0-SNAPSHOT.jar:?]
	at org.apache.hadoop.ipc.ProtobufRpcEngine$Server.processCall(ProtobufRpcEngine.java:466) [hadoop-common-3.3.1.jar:?]
	at org.apache.hadoop.ipc.ProtobufRpcEngine2$Server$ProtoBufRpcInvoker.call(ProtobufRpcEngine2.java:574) [hadoop-common-3.3.1.jar:?]
	at org.apache.hadoop.ipc.ProtobufRpcEngine2$Server$ProtoBufRpcInvoker.call(ProtobufRpcEngine2.java:552) [hadoop-common-3.3.1.jar:?]
	at org.apache.hadoop.ipc.RPC$Server.call(RPC.java:1093) [hadoop-common-3.3.1.jar:?]
	at org.apache.hadoop.ipc.Server$RpcCall.run(Server.java:1035) [hadoop-common-3.3.1.jar:?]
	at org.apache.hadoop.ipc.Server$RpcCall.run(Server.java:963) [hadoop-common-3.3.1.jar:?]
	at java.security.AccessController.doPrivileged(Native Method) ~[?:1.8.0_332]
	at javax.security.auth.Subject.doAs(Subject.java:422) [?:1.8.0_332]
	at org.apache.hadoop.security.UserGroupInformation.doAs(UserGroupInformation.java:1878) [hadoop-common-3.3.1.jar:?]
	at org.apache.hadoop.ipc.Server$Handler.run(Server.java:2966) [hadoop-common-3.3.1.jar:?]
13:08:58.141 [IPC Server handler 13 on default port 38405] ERROR OMAudit - user=runner | ip=127.0.0.1 | op=GET_FILE_STATUS {volume=volume84440, bucket=bucket08814, key=gdir1/dir6, dataSize=0, replicationConfig=null} | ret=FAILURE
org.apache.hadoop.ozone.om.exceptions.OMException: Unable to get file status: volume: volume84440 bucket: bucket08814 key: gdir1/dir6
	at org.apache.hadoop.ozone.om.KeyManagerImpl.getOzoneFileStatus(KeyManagerImpl.java:1283) ~[ozone-manager-1.3.0-SNAPSHOT.jar:?]
	at org.apache.hadoop.ozone.om.KeyManagerImpl.getFileStatus(KeyManagerImpl.java:1213) ~[ozone-manager-1.3.0-SNAPSHOT.jar:?]
	at org.apache.hadoop.ozone.om.OzoneManager.getFileStatus(OzoneManager.java:3419) ~[ozone-manager-1.3.0-SNAPSHOT.jar:?]
	at org.apache.hadoop.ozone.protocolPB.OzoneManagerRequestHandler.getOzoneFileStatus(OzoneManagerRequestHandler.java:871) ~[ozone-manager-1.3.0-SNAPSHOT.jar:?]
	at org.apache.hadoop.ozone.protocolPB.OzoneManagerRequestHandler.handleReadRequest(OzoneManagerRequestHandler.java:217) ~[ozone-manager-1.3.0-SNAPSHOT.jar:?]
	at org.apache.hadoop.ozone.protocolPB.OzoneManagerProtocolServerSideTranslatorPB.submitRequestDirectlyToOM(OzoneManagerProtocolServerSideTranslatorPB.java:284) ~[ozone-manager-1.3.0-SNAPSHOT.jar:?]
	at org.apache.hadoop.ozone.protocolPB.OzoneManagerProtocolServerSideTranslatorPB.processRequest(OzoneManagerProtocolServerSideTranslatorPB.java:207) ~[ozone-manager-1.3.0-SNAPSHOT.jar:?]
	at org.apache.hadoop.hdds.server.OzoneProtocolMessageDispatcher.processRequest(OzoneProtocolMessageDispatcher.java:87) [hdds-server-framework-1.3.0-SNAPSHOT.jar:?]
	at org.apache.hadoop.ozone.protocolPB.OzoneManagerProtocolServerSideTranslatorPB.submitRequest(OzoneManagerProtocolServerSideTranslatorPB.java:147) [ozone-manager-1.3.0-SNAPSHOT.jar:?]
	at org.apache.hadoop.ozone.protocol.proto.OzoneManagerProtocolProtos$OzoneManagerService$2.callBlockingMethod(OzoneManagerProtocolProtos.java) [ozone-interface-client-1.3.0-SNAPSHOT.jar:?]
	at org.apache.hadoop.ipc.ProtobufRpcEngine$Server.processCall(ProtobufRpcEngine.java:466) [hadoop-common-3.3.1.jar:?]
	at org.apache.hadoop.ipc.ProtobufRpcEngine2$Server$ProtoBufRpcInvoker.call(ProtobufRpcEngine2.java:574) [hadoop-common-3.3.1.jar:?]
	at org.apache.hadoop.ipc.ProtobufRpcEngine2$Server$ProtoBufRpcInvoker.call(ProtobufRpcEngine2.java:552) [hadoop-common-3.3.1.jar:?]
	at org.apache.hadoop.ipc.RPC$Server.call(RPC.java:1093) [hadoop-common-3.3.1.jar:?]
	at org.apache.hadoop.ipc.Server$RpcCall.run(Server.java:1035) [hadoop-common-3.3.1.jar:?]
	at org.apache.hadoop.ipc.Server$RpcCall.run(Server.java:963) [hadoop-common-3.3.1.jar:?]
	at java.security.AccessController.doPrivileged(Native Method) ~[?:1.8.0_332]
	at javax.security.auth.Subject.doAs(Subject.java:422) [?:1.8.0_332]
	at org.apache.hadoop.security.UserGroupInformation.doAs(UserGroupInformation.java:1878) [hadoop-common-3.3.1.jar:?]
	at org.apache.hadoop.ipc.Server$Handler.run(Server.java:2966) [hadoop-common-3.3.1.jar:?]
13:08:58.141 [IPC Server handler 15 on default port 38405] ERROR OMAudit - user=runner | ip=127.0.0.1 | op=GET_FILE_STATUS {volume=volume84440, bucket=bucket08814, key=gdir1/dir6/child, dataSize=0, replicationConfig=null} | ret=FAILURE
org.apache.hadoop.ozone.om.exceptions.OMException: Unable to get file status: volume: volume84440 bucket: bucket08814 key: gdir1/dir6/child
	at org.apache.hadoop.ozone.om.KeyManagerImpl.getOzoneFileStatus(KeyManagerImpl.java:1283) ~[ozone-manager-1.3.0-SNAPSHOT.jar:?]
	at org.apache.hadoop.ozone.om.KeyManagerImpl.getFileStatus(KeyManagerImpl.java:1213) ~[ozone-manager-1.3.0-SNAPSHOT.jar:?]
	at org.apache.hadoop.ozone.om.OzoneManager.getFileStatus(OzoneManager.java:3419) ~[ozone-manager-1.3.0-SNAPSHOT.jar:?]
	at org.apache.hadoop.ozone.protocolPB.OzoneManagerRequestHandler.getOzoneFileStatus(OzoneManagerRequestHandler.java:871) ~[ozone-manager-1.3.0-SNAPSHOT.jar:?]
	at org.apache.hadoop.ozone.protocolPB.OzoneManagerRequestHandler.handleReadRequest(OzoneManagerRequestHandler.java:217) ~[ozone-manager-1.3.0-SNAPSHOT.jar:?]
	at org.apache.hadoop.ozone.protocolPB.OzoneManagerProtocolServerSideTranslatorPB.submitRequestDirectlyToOM(OzoneManagerProtocolServerSideTranslatorPB.java:284) ~[ozone-manager-1.3.0-SNAPSHOT.jar:?]
	at org.apache.hadoop.ozone.protocolPB.OzoneManagerProtocolServerSideTranslatorPB.processRequest(OzoneManagerProtocolServerSideTranslatorPB.java:207) ~[ozone-manager-1.3.0-SNAPSHOT.jar:?]
	at org.apache.hadoop.hdds.server.OzoneProtocolMessageDispatcher.processRequest(OzoneProtocolMessageDispatcher.java:87) [hdds-server-framework-1.3.0-SNAPSHOT.jar:?]
	at org.apache.hadoop.ozone.protocolPB.OzoneManagerProtocolServerSideTranslatorPB.submitRequest(OzoneManagerProtocolServerSideTranslatorPB.java:147) [ozone-manager-1.3.0-SNAPSHOT.jar:?]
	at org.apache.hadoop.ozone.protocol.proto.OzoneManagerProtocolProtos$OzoneManagerService$2.callBlockingMethod(OzoneManagerProtocolProtos.java) [ozone-interface-client-1.3.0-SNAPSHOT.jar:?]
	at org.apache.hadoop.ipc.ProtobufRpcEngine$Server.processCall(ProtobufRpcEngine.java:466) [hadoop-common-3.3.1.jar:?]
	at org.apache.hadoop.ipc.ProtobufRpcEngine2$Server$ProtoBufRpcInvoker.call(ProtobufRpcEngine2.java:574) [hadoop-common-3.3.1.jar:?]
	at org.apache.hadoop.ipc.ProtobufRpcEngine2$Server$ProtoBufRpcInvoker.call(ProtobufRpcEngine2.java:552) [hadoop-common-3.3.1.jar:?]
	at org.apache.hadoop.ipc.RPC$Server.call(RPC.java:1093) [hadoop-common-3.3.1.jar:?]
	at org.apache.hadoop.ipc.Server$RpcCall.run(Server.java:1035) [hadoop-common-3.3.1.jar:?]
	at org.apache.hadoop.ipc.Server$RpcCall.run(Server.java:963) [hadoop-common-3.3.1.jar:?]
	at java.security.AccessController.doPrivileged(Native Method) ~[?:1.8.0_332]
	at javax.security.auth.Subject.doAs(Subject.java:422) [?:1.8.0_332]
	at org.apache.hadoop.security.UserGroupInformation.doAs(UserGroupInformation.java:1878) [hadoop-common-3.3.1.jar:?]
	at org.apache.hadoop.ipc.Server$Handler.run(Server.java:2966) [hadoop-common-3.3.1.jar:?]
13:08:58.142 [IPC Server handler 16 on default port 38405] ERROR OMAudit - user=runner | ip=127.0.0.1 | op=GET_FILE_STATUS {volume=volume84440, bucket=bucket08814, key=gdir1/dir7, dataSize=0, replicationConfig=null} | ret=FAILURE
org.apache.hadoop.ozone.om.exceptions.OMException: Unable to get file status: volume: volume84440 bucket: bucket08814 key: gdir1/dir7
	at org.apache.hadoop.ozone.om.KeyManagerImpl.getOzoneFileStatus(KeyManagerImpl.java:1283) ~[ozone-manager-1.3.0-SNAPSHOT.jar:?]
	at org.apache.hadoop.ozone.om.KeyManagerImpl.getFileStatus(KeyManagerImpl.java:1213) ~[ozone-manager-1.3.0-SNAPSHOT.jar:?]
	at org.apache.hadoop.ozone.om.OzoneManager.getFileStatus(OzoneManager.java:3419) ~[ozone-manager-1.3.0-SNAPSHOT.jar:?]
	at org.apache.hadoop.ozone.protocolPB.OzoneManagerRequestHandler.getOzoneFileStatus(OzoneManagerRequestHandler.java:871) ~[ozone-manager-1.3.0-SNAPSHOT.jar:?]
	at org.apache.hadoop.ozone.protocolPB.OzoneManagerRequestHandler.handleReadRequest(OzoneManagerRequestHandler.java:217) ~[ozone-manager-1.3.0-SNAPSHOT.jar:?]
	at org.apache.hadoop.ozone.protocolPB.OzoneManagerProtocolServerSideTranslatorPB.submitRequestDirectlyToOM(OzoneManagerProtocolServerSideTranslatorPB.java:284) ~[ozone-manager-1.3.0-SNAPSHOT.jar:?]
	at org.apache.hadoop.ozone.protocolPB.OzoneManagerProtocolServerSideTranslatorPB.processRequest(OzoneManagerProtocolServerSideTranslatorPB.java:207) ~[ozone-manager-1.3.0-SNAPSHOT.jar:?]
	at org.apache.hadoop.hdds.server.OzoneProtocolMessageDispatcher.processRequest(OzoneProtocolMessageDispatcher.java:87) [hdds-server-framework-1.3.0-SNAPSHOT.jar:?]
	at org.apache.hadoop.ozone.protocolPB.OzoneManagerProtocolServerSideTranslatorPB.submitRequest(OzoneManagerProtocolServerSideTranslatorPB.java:147) [ozone-manager-1.3.0-SNAPSHOT.jar:?]
	at org.apache.hadoop.ozone.protocol.proto.OzoneManagerProtocolProtos$OzoneManagerService$2.callBlockingMethod(OzoneManagerProtocolProtos.java) [ozone-interface-client-1.3.0-SNAPSHOT.jar:?]
	at org.apache.hadoop.ipc.ProtobufRpcEngine$Server.processCall(ProtobufRpcEngine.java:466) [hadoop-common-3.3.1.jar:?]
	at org.apache.hadoop.ipc.ProtobufRpcEngine2$Server$ProtoBufRpcInvoker.call(ProtobufRpcEngine2.java:574) [hadoop-common-3.3.1.jar:?]
	at org.apache.hadoop.ipc.ProtobufRpcEngine2$Server$ProtoBufRpcInvoker.call(ProtobufRpcEngine2.java:552) [hadoop-common-3.3.1.jar:?]
	at org.apache.hadoop.ipc.RPC$Server.call(RPC.java:1093) [hadoop-common-3.3.1.jar:?]
	at org.apache.hadoop.ipc.Server$RpcCall.run(Server.java:1035) [hadoop-common-3.3.1.jar:?]
	at org.apache.hadoop.ipc.Server$RpcCall.run(Server.java:963) [hadoop-common-3.3.1.jar:?]
	at java.security.AccessController.doPrivileged(Native Method) ~[?:1.8.0_332]
	at javax.security.auth.Subject.doAs(Subject.java:422) [?:1.8.0_332]
	at org.apache.hadoop.security.UserGroupInformation.doAs(UserGroupInformation.java:1878) [hadoop-common-3.3.1.jar:?]
	at org.apache.hadoop.ipc.Server$Handler.run(Server.java:2966) [hadoop-common-3.3.1.jar:?]
13:08:58.142 [IPC Server handler 14 on default port 38405] ERROR OMAudit - user=runner | ip=127.0.0.1 | op=GET_FILE_STATUS {volume=volume84440, bucket=bucket08814, key=gdir1/dir7/child, dataSize=0, replicationConfig=null} | ret=FAILURE
org.apache.hadoop.ozone.om.exceptions.OMException: Unable to get file status: volume: volume84440 bucket: bucket08814 key: gdir1/dir7/child
	at org.apache.hadoop.ozone.om.KeyManagerImpl.getOzoneFileStatus(KeyManagerImpl.java:1283) ~[ozone-manager-1.3.0-SNAPSHOT.jar:?]
	at org.apache.hadoop.ozone.om.KeyManagerImpl.getFileStatus(KeyManagerImpl.java:1213) ~[ozone-manager-1.3.0-SNAPSHOT.jar:?]
	at org.apache.hadoop.ozone.om.OzoneManager.getFileStatus(OzoneManager.java:3419) ~[ozone-manager-1.3.0-SNAPSHOT.jar:?]
	at org.apache.hadoop.ozone.protocolPB.OzoneManagerRequestHandler.getOzoneFileStatus(OzoneManagerRequestHandler.java:871) ~[ozone-manager-1.3.0-SNAPSHOT.jar:?]
	at org.apache.hadoop.ozone.protocolPB.OzoneManagerRequestHandler.handleReadRequest(OzoneManagerRequestHandler.java:217) ~[ozone-manager-1.3.0-SNAPSHOT.jar:?]
	at org.apache.hadoop.ozone.protocolPB.OzoneManagerProtocolServerSideTranslatorPB.submitRequestDirectlyToOM(OzoneManagerProtocolServerSideTranslatorPB.java:284) ~[ozone-manager-1.3.0-SNAPSHOT.jar:?]
	at org.apache.hadoop.ozone.protocolPB.OzoneManagerProtocolServerSideTranslatorPB.processRequest(OzoneManagerProtocolServerSideTranslatorPB.java:207) ~[ozone-manager-1.3.0-SNAPSHOT.jar:?]
	at org.apache.hadoop.hdds.server.OzoneProtocolMessageDispatcher.processRequest(OzoneProtocolMessageDispatcher.java:87) [hdds-server-framework-1.3.0-SNAPSHOT.jar:?]
	at org.apache.hadoop.ozone.protocolPB.OzoneManagerProtocolServerSideTranslatorPB.submitRequest(OzoneManagerProtocolServerSideTranslatorPB.java:147) [ozone-manager-1.3.0-SNAPSHOT.jar:?]
	at org.apache.hadoop.ozone.protocol.proto.OzoneManagerProtocolProtos$OzoneManagerService$2.callBlockingMethod(OzoneManagerProtocolProtos.java) [ozone-interface-client-1.3.0-SNAPSHOT.jar:?]
	at org.apache.hadoop.ipc.ProtobufRpcEngine$Server.processCall(ProtobufRpcEngine.java:466) [hadoop-common-3.3.1.jar:?]
	at org.apache.hadoop.ipc.ProtobufRpcEngine2$Server$ProtoBufRpcInvoker.call(ProtobufRpcEngine2.java:574) [hadoop-common-3.3.1.jar:?]
	at org.apache.hadoop.ipc.ProtobufRpcEngine2$Server$ProtoBufRpcInvoker.call(ProtobufRpcEngine2.java:552) [hadoop-common-3.3.1.jar:?]
	at org.apache.hadoop.ipc.RPC$Server.call(RPC.java:1093) [hadoop-common-3.3.1.jar:?]
	at org.apache.hadoop.ipc.Server$RpcCall.run(Server.java:1035) [hadoop-common-3.3.1.jar:?]
	at org.apache.hadoop.ipc.Server$RpcCall.run(Server.java:963) [hadoop-common-3.3.1.jar:?]
	at java.security.AccessController.doPrivileged(Native Method) ~[?:1.8.0_332]
	at javax.security.auth.Subject.doAs(Subject.java:422) [?:1.8.0_332]
	at org.apache.hadoop.security.UserGroupInformation.doAs(UserGroupInformation.java:1878) [hadoop-common-3.3.1.jar:?]
	at org.apache.hadoop.ipc.Server$Handler.run(Server.java:2966) [hadoop-common-3.3.1.jar:?]
13:08:58.143 [IPC Server handler 1 on default port 38405] ERROR OMAudit - user=runner | ip=127.0.0.1 | op=GET_FILE_STATUS {volume=volume84440, bucket=bucket08814, key=gdir1/dir8, dataSize=0, replicationConfig=null} | ret=FAILURE
org.apache.hadoop.ozone.om.exceptions.OMException: Unable to get file status: volume: volume84440 bucket: bucket08814 key: gdir1/dir8
	at org.apache.hadoop.ozone.om.KeyManagerImpl.getOzoneFileStatus(KeyManagerImpl.java:1283) ~[ozone-manager-1.3.0-SNAPSHOT.jar:?]
	at org.apache.hadoop.ozone.om.KeyManagerImpl.getFileStatus(KeyManagerImpl.java:1213) ~[ozone-manager-1.3.0-SNAPSHOT.jar:?]
	at org.apache.hadoop.ozone.om.OzoneManager.getFileStatus(OzoneManager.java:3419) ~[ozone-manager-1.3.0-SNAPSHOT.jar:?]
	at org.apache.hadoop.ozone.protocolPB.OzoneManagerRequestHandler.getOzoneFileStatus(OzoneManagerRequestHandler.java:871) ~[ozone-manager-1.3.0-SNAPSHOT.jar:?]
	at org.apache.hadoop.ozone.protocolPB.OzoneManagerRequestHandler.handleReadRequest(OzoneManagerRequestHandler.java:217) ~[ozone-manager-1.3.0-SNAPSHOT.jar:?]
	at org.apache.hadoop.ozone.protocolPB.OzoneManagerProtocolServerSideTranslatorPB.submitRequestDirectlyToOM(OzoneManagerProtocolServerSideTranslatorPB.java:284) ~[ozone-manager-1.3.0-SNAPSHOT.jar:?]
	at org.apache.hadoop.ozone.protocolPB.OzoneManagerProtocolServerSideTranslatorPB.processRequest(OzoneManagerProtocolServerSideTranslatorPB.java:207) ~[ozone-manager-1.3.0-SNAPSHOT.jar:?]
	at org.apache.hadoop.hdds.server.OzoneProtocolMessageDispatcher.processRequest(OzoneProtocolMessageDispatcher.java:87) [hdds-server-framework-1.3.0-SNAPSHOT.jar:?]
	at org.apache.hadoop.ozone.protocolPB.OzoneManagerProtocolServerSideTranslatorPB.submitRequest(OzoneManagerProtocolServerSideTranslatorPB.java:147) [ozone-manager-1.3.0-SNAPSHOT.jar:?]
	at org.apache.hadoop.ozone.protocol.proto.OzoneManagerProtocolProtos$OzoneManagerService$2.callBlockingMethod(OzoneManagerProtocolProtos.java) [ozone-interface-client-1.3.0-SNAPSHOT.jar:?]
	at org.apache.hadoop.ipc.ProtobufRpcEngine$Server.processCall(ProtobufRpcEngine.java:466) [hadoop-common-3.3.1.jar:?]
	at org.apache.hadoop.ipc.ProtobufRpcEngine2$Server$ProtoBufRpcInvoker.call(ProtobufRpcEngine2.java:574) [hadoop-common-3.3.1.jar:?]
	at org.apache.hadoop.ipc.ProtobufRpcEngine2$Server$ProtoBufRpcInvoker.call(ProtobufRpcEngine2.java:552) [hadoop-common-3.3.1.jar:?]
	at org.apache.hadoop.ipc.RPC$Server.call(RPC.java:1093) [hadoop-common-3.3.1.jar:?]
	at org.apache.hadoop.ipc.Server$RpcCall.run(Server.java:1035) [hadoop-common-3.3.1.jar:?]
	at org.apache.hadoop.ipc.Server$RpcCall.run(Server.java:963) [hadoop-common-3.3.1.jar:?]
	at java.security.AccessController.doPrivileged(Native Method) ~[?:1.8.0_332]
	at javax.security.auth.Subject.doAs(Subject.java:422) [?:1.8.0_332]
	at org.apache.hadoop.security.UserGroupInformation.doAs(UserGroupInformation.java:1878) [hadoop-common-3.3.1.jar:?]
	at org.apache.hadoop.ipc.Server$Handler.run(Server.java:2966) [hadoop-common-3.3.1.jar:?]
13:08:58.144 [IPC Server handler 17 on default port 38405] ERROR OMAudit - user=runner | ip=127.0.0.1 | op=GET_FILE_STATUS {volume=volume84440, bucket=bucket08814, key=gdir1/dir8/child, dataSize=0, replicationConfig=null} | ret=FAILURE
org.apache.hadoop.ozone.om.exceptions.OMException: Unable to get file status: volume: volume84440 bucket: bucket08814 key: gdir1/dir8/child
	at org.apache.hadoop.ozone.om.KeyManagerImpl.getOzoneFileStatus(KeyManagerImpl.java:1283) ~[ozone-manager-1.3.0-SNAPSHOT.jar:?]
	at org.apache.hadoop.ozone.om.KeyManagerImpl.getFileStatus(KeyManagerImpl.java:1213) ~[ozone-manager-1.3.0-SNAPSHOT.jar:?]
	at org.apache.hadoop.ozone.om.OzoneManager.getFileStatus(OzoneManager.java:3419) ~[ozone-manager-1.3.0-SNAPSHOT.jar:?]
	at org.apache.hadoop.ozone.protocolPB.OzoneManagerRequestHandler.getOzoneFileStatus(OzoneManagerRequestHandler.java:871) ~[ozone-manager-1.3.0-SNAPSHOT.jar:?]
	at org.apache.hadoop.ozone.protocolPB.OzoneManagerRequestHandler.handleReadRequest(OzoneManagerRequestHandler.java:217) ~[ozone-manager-1.3.0-SNAPSHOT.jar:?]
	at org.apache.hadoop.ozone.protocolPB.OzoneManagerProtocolServerSideTranslatorPB.submitRequestDirectlyToOM(OzoneManagerProtocolServerSideTranslatorPB.java:284) ~[ozone-manager-1.3.0-SNAPSHOT.jar:?]
	at org.apache.hadoop.ozone.protocolPB.OzoneManagerProtocolServerSideTranslatorPB.processRequest(OzoneManagerProtocolServerSideTranslatorPB.java:207) ~[ozone-manager-1.3.0-SNAPSHOT.jar:?]
	at org.apache.hadoop.hdds.server.OzoneProtocolMessageDispatcher.processRequest(OzoneProtocolMessageDispatcher.java:87) [hdds-server-framework-1.3.0-SNAPSHOT.jar:?]
	at org.apache.hadoop.ozone.protocolPB.OzoneManagerProtocolServerSideTranslatorPB.submitRequest(OzoneManagerProtocolServerSideTranslatorPB.java:147) [ozone-manager-1.3.0-SNAPSHOT.jar:?]
	at org.apache.hadoop.ozone.protocol.proto.OzoneManagerProtocolProtos$OzoneManagerService$2.callBlockingMethod(OzoneManagerProtocolProtos.java) [ozone-interface-client-1.3.0-SNAPSHOT.jar:?]
	at org.apache.hadoop.ipc.ProtobufRpcEngine$Server.processCall(ProtobufRpcEngine.java:466) [hadoop-common-3.3.1.jar:?]
	at org.apache.hadoop.ipc.ProtobufRpcEngine2$Server$ProtoBufRpcInvoker.call(ProtobufRpcEngine2.java:574) [hadoop-common-3.3.1.jar:?]
	at org.apache.hadoop.ipc.ProtobufRpcEngine2$Server$ProtoBufRpcInvoker.call(ProtobufRpcEngine2.java:552) [hadoop-common-3.3.1.jar:?]
	at org.apache.hadoop.ipc.RPC$Server.call(RPC.java:1093) [hadoop-common-3.3.1.jar:?]
	at org.apache.hadoop.ipc.Server$RpcCall.run(Server.java:1035) [hadoop-common-3.3.1.jar:?]
	at org.apache.hadoop.ipc.Server$RpcCall.run(Server.java:963) [hadoop-common-3.3.1.jar:?]
	at java.security.AccessController.doPrivileged(Native Method) ~[?:1.8.0_332]
	at javax.security.auth.Subject.doAs(Subject.java:422) [?:1.8.0_332]
	at org.apache.hadoop.security.UserGroupInformation.doAs(UserGroupInformation.java:1878) [hadoop-common-3.3.1.jar:?]
	at org.apache.hadoop.ipc.Server$Handler.run(Server.java:2966) [hadoop-common-3.3.1.jar:?]
13:08:58.144 [IPC Server handler 12 on default port 38405] ERROR OMAudit - user=runner | ip=127.0.0.1 | op=GET_FILE_STATUS {volume=volume84440, bucket=bucket08814, key=gdir1/dir9, dataSize=0, replicationConfig=null} | ret=FAILURE
org.apache.hadoop.ozone.om.exceptions.OMException: Unable to get file status: volume: volume84440 bucket: bucket08814 key: gdir1/dir9
	at org.apache.hadoop.ozone.om.KeyManagerImpl.getOzoneFileStatus(KeyManagerImpl.java:1283) ~[ozone-manager-1.3.0-SNAPSHOT.jar:?]
	at org.apache.hadoop.ozone.om.KeyManagerImpl.getFileStatus(KeyManagerImpl.java:1213) ~[ozone-manager-1.3.0-SNAPSHOT.jar:?]
	at org.apache.hadoop.ozone.om.OzoneManager.getFileStatus(OzoneManager.java:3419) ~[ozone-manager-1.3.0-SNAPSHOT.jar:?]
	at org.apache.hadoop.ozone.protocolPB.OzoneManagerRequestHandler.getOzoneFileStatus(OzoneManagerRequestHandler.java:871) ~[ozone-manager-1.3.0-SNAPSHOT.jar:?]
	at org.apache.hadoop.ozone.protocolPB.OzoneManagerRequestHandler.handleReadRequest(OzoneManagerRequestHandler.java:217) ~[ozone-manager-1.3.0-SNAPSHOT.jar:?]
	at org.apache.hadoop.ozone.protocolPB.OzoneManagerProtocolServerSideTranslatorPB.submitRequestDirectlyToOM(OzoneManagerProtocolServerSideTranslatorPB.java:284) ~[ozone-manager-1.3.0-SNAPSHOT.jar:?]
	at org.apache.hadoop.ozone.protocolPB.OzoneManagerProtocolServerSideTranslatorPB.processRequest(OzoneManagerProtocolServerSideTranslatorPB.java:207) ~[ozone-manager-1.3.0-SNAPSHOT.jar:?]
	at org.apache.hadoop.hdds.server.OzoneProtocolMessageDispatcher.processRequest(OzoneProtocolMessageDispatcher.java:87) [hdds-server-framework-1.3.0-SNAPSHOT.jar:?]
	at org.apache.hadoop.ozone.protocolPB.OzoneManagerProtocolServerSideTranslatorPB.submitRequest(OzoneManagerProtocolServerSideTranslatorPB.java:147) [ozone-manager-1.3.0-SNAPSHOT.jar:?]
	at org.apache.hadoop.ozone.protocol.proto.OzoneManagerProtocolProtos$OzoneManagerService$2.callBlockingMethod(OzoneManagerProtocolProtos.java) [ozone-interface-client-1.3.0-SNAPSHOT.jar:?]
	at org.apache.hadoop.ipc.ProtobufRpcEngine$Server.processCall(ProtobufRpcEngine.java:466) [hadoop-common-3.3.1.jar:?]
	at org.apache.hadoop.ipc.ProtobufRpcEngine2$Server$ProtoBufRpcInvoker.call(ProtobufRpcEngine2.java:574) [hadoop-common-3.3.1.jar:?]
	at org.apache.hadoop.ipc.ProtobufRpcEngine2$Server$ProtoBufRpcInvoker.call(ProtobufRpcEngine2.java:552) [hadoop-common-3.3.1.jar:?]
	at org.apache.hadoop.ipc.RPC$Server.call(RPC.java:1093) [hadoop-common-3.3.1.jar:?]
	at org.apache.hadoop.ipc.Server$RpcCall.run(Server.java:1035) [hadoop-common-3.3.1.jar:?]
	at org.apache.hadoop.ipc.Server$RpcCall.run(Server.java:963) [hadoop-common-3.3.1.jar:?]
	at java.security.AccessController.doPrivileged(Native Method) ~[?:1.8.0_332]
	at javax.security.auth.Subject.doAs(Subject.java:422) [?:1.8.0_332]
	at org.apache.hadoop.security.UserGroupInformation.doAs(UserGroupInformation.java:1878) [hadoop-common-3.3.1.jar:?]
	at org.apache.hadoop.ipc.Server$Handler.run(Server.java:2966) [hadoop-common-3.3.1.jar:?]
13:08:58.145 [IPC Server handler 19 on default port 38405] ERROR OMAudit - user=runner | ip=127.0.0.1 | op=GET_FILE_STATUS {volume=volume84440, bucket=bucket08814, key=gdir1/dir9/child, dataSize=0, replicationConfig=null} | ret=FAILURE
org.apache.hadoop.ozone.om.exceptions.OMException: Unable to get file status: volume: volume84440 bucket: bucket08814 key: gdir1/dir9/child
	at org.apache.hadoop.ozone.om.KeyManagerImpl.getOzoneFileStatus(KeyManagerImpl.java:1283) ~[ozone-manager-1.3.0-SNAPSHOT.jar:?]
	at org.apache.hadoop.ozone.om.KeyManagerImpl.getFileStatus(KeyManagerImpl.java:1213) ~[ozone-manager-1.3.0-SNAPSHOT.jar:?]
	at org.apache.hadoop.ozone.om.OzoneManager.getFileStatus(OzoneManager.java:3419) ~[ozone-manager-1.3.0-SNAPSHOT.jar:?]
	at org.apache.hadoop.ozone.protocolPB.OzoneManagerRequestHandler.getOzoneFileStatus(OzoneManagerRequestHandler.java:871) ~[ozone-manager-1.3.0-SNAPSHOT.jar:?]
	at org.apache.hadoop.ozone.protocolPB.OzoneManagerRequestHandler.handleReadRequest(OzoneManagerRequestHandler.java:217) ~[ozone-manager-1.3.0-SNAPSHOT.jar:?]
	at org.apache.hadoop.ozone.protocolPB.OzoneManagerProtocolServerSideTranslatorPB.submitRequestDirectlyToOM(OzoneManagerProtocolServerSideTranslatorPB.java:284) ~[ozone-manager-1.3.0-SNAPSHOT.jar:?]
	at org.apache.hadoop.ozone.protocolPB.OzoneManagerProtocolServerSideTranslatorPB.processRequest(OzoneManagerProtocolServerSideTranslatorPB.java:207) ~[ozone-manager-1.3.0-SNAPSHOT.jar:?]
	at org.apache.hadoop.hdds.server.OzoneProtocolMessageDispatcher.processRequest(OzoneProtocolMessageDispatcher.java:87) [hdds-server-framework-1.3.0-SNAPSHOT.jar:?]
	at org.apache.hadoop.ozone.protocolPB.OzoneManagerProtocolServerSideTranslatorPB.submitRequest(OzoneManagerProtocolServerSideTranslatorPB.java:147) [ozone-manager-1.3.0-SNAPSHOT.jar:?]
	at org.apache.hadoop.ozone.protocol.proto.OzoneManagerProtocolProtos$OzoneManagerService$2.callBlockingMethod(OzoneManagerProtocolProtos.java) [ozone-interface-client-1.3.0-SNAPSHOT.jar:?]
	at org.apache.hadoop.ipc.ProtobufRpcEngine$Server.processCall(ProtobufRpcEngine.java:466) [hadoop-common-3.3.1.jar:?]
	at org.apache.hadoop.ipc.ProtobufRpcEngine2$Server$ProtoBufRpcInvoker.call(ProtobufRpcEngine2.java:574) [hadoop-common-3.3.1.jar:?]
	at org.apache.hadoop.ipc.ProtobufRpcEngine2$Server$ProtoBufRpcInvoker.call(ProtobufRpcEngine2.java:552) [hadoop-common-3.3.1.jar:?]
	at org.apache.hadoop.ipc.RPC$Server.call(RPC.java:1093) [hadoop-common-3.3.1.jar:?]
	at org.apache.hadoop.ipc.Server$RpcCall.run(Server.java:1035) [hadoop-common-3.3.1.jar:?]
	at org.apache.hadoop.ipc.Server$RpcCall.run(Server.java:963) [hadoop-common-3.3.1.jar:?]
	at java.security.AccessController.doPrivileged(Native Method) ~[?:1.8.0_332]
	at javax.security.auth.Subject.doAs(Subject.java:422) [?:1.8.0_332]
	at org.apache.hadoop.security.UserGroupInformation.doAs(UserGroupInformation.java:1878) [hadoop-common-3.3.1.jar:?]
	at org.apache.hadoop.ipc.Server$Handler.run(Server.java:2966) [hadoop-common-3.3.1.jar:?]
13:08:58.146 [IPC Server handler 18 on default port 38405] ERROR OMAudit - user=runner | ip=127.0.0.1 | op=GET_FILE_STATUS {volume=volume84440, bucket=bucket08814, key=gdir1/dir10, dataSize=0, replicationConfig=null} | ret=FAILURE
org.apache.hadoop.ozone.om.exceptions.OMException: Unable to get file status: volume: volume84440 bucket: bucket08814 key: gdir1/dir10
	at org.apache.hadoop.ozone.om.KeyManagerImpl.getOzoneFileStatus(KeyManagerImpl.java:1283) ~[ozone-manager-1.3.0-SNAPSHOT.jar:?]
	at org.apache.hadoop.ozone.om.KeyManagerImpl.getFileStatus(KeyManagerImpl.java:1213) ~[ozone-manager-1.3.0-SNAPSHOT.jar:?]
	at org.apache.hadoop.ozone.om.OzoneManager.getFileStatus(OzoneManager.java:3419) ~[ozone-manager-1.3.0-SNAPSHOT.jar:?]
	at org.apache.hadoop.ozone.protocolPB.OzoneManagerRequestHandler.getOzoneFileStatus(OzoneManagerRequestHandler.java:871) ~[ozone-manager-1.3.0-SNAPSHOT.jar:?]
	at org.apache.hadoop.ozone.protocolPB.OzoneManagerRequestHandler.handleReadRequest(OzoneManagerRequestHandler.java:217) ~[ozone-manager-1.3.0-SNAPSHOT.jar:?]
	at org.apache.hadoop.ozone.protocolPB.OzoneManagerProtocolServerSideTranslatorPB.submitRequestDirectlyToOM(OzoneManagerProtocolServerSideTranslatorPB.java:284) ~[ozone-manager-1.3.0-SNAPSHOT.jar:?]
	at org.apache.hadoop.ozone.protocolPB.OzoneManagerProtocolServerSideTranslatorPB.processRequest(OzoneManagerProtocolServerSideTranslatorPB.java:207) ~[ozone-manager-1.3.0-SNAPSHOT.jar:?]
	at org.apache.hadoop.hdds.server.OzoneProtocolMessageDispatcher.processRequest(OzoneProtocolMessageDispatcher.java:87) [hdds-server-framework-1.3.0-SNAPSHOT.jar:?]
	at org.apache.hadoop.ozone.protocolPB.OzoneManagerProtocolServerSideTranslatorPB.submitRequest(OzoneManagerProtocolServerSideTranslatorPB.java:147) [ozone-manager-1.3.0-SNAPSHOT.jar:?]
	at org.apache.hadoop.ozone.protocol.proto.OzoneManagerProtocolProtos$OzoneManagerService$2.callBlockingMethod(OzoneManagerProtocolProtos.java) [ozone-interface-client-1.3.0-SNAPSHOT.jar:?]
	at org.apache.hadoop.ipc.ProtobufRpcEngine$Server.processCall(ProtobufRpcEngine.java:466) [hadoop-common-3.3.1.jar:?]
	at org.apache.hadoop.ipc.ProtobufRpcEngine2$Server$ProtoBufRpcInvoker.call(ProtobufRpcEngine2.java:574) [hadoop-common-3.3.1.jar:?]
	at org.apache.hadoop.ipc.ProtobufRpcEngine2$Server$ProtoBufRpcInvoker.call(ProtobufRpcEngine2.java:552) [hadoop-common-3.3.1.jar:?]
	at org.apache.hadoop.ipc.RPC$Server.call(RPC.java:1093) [hadoop-common-3.3.1.jar:?]
	at org.apache.hadoop.ipc.Server$RpcCall.run(Server.java:1035) [hadoop-common-3.3.1.jar:?]
	at org.apache.hadoop.ipc.Server$RpcCall.run(Server.java:963) [hadoop-common-3.3.1.jar:?]
	at java.security.AccessController.doPrivileged(Native Method) ~[?:1.8.0_332]
	at javax.security.auth.Subject.doAs(Subject.java:422) [?:1.8.0_332]
	at org.apache.hadoop.security.UserGroupInformation.doAs(UserGroupInformation.java:1878) [hadoop-common-3.3.1.jar:?]
	at org.apache.hadoop.ipc.Server$Handler.run(Server.java:2966) [hadoop-common-3.3.1.jar:?]
13:08:58.170 [IPC Server handler 7 on default port 38405] ERROR OMAudit - user=runner | ip=127.0.0.1 | op=GET_FILE_STATUS {volume=volume84440, bucket=bucket08814, key=gdir1/dir10/child, dataSize=0, replicationConfig=null} | ret=FAILURE
org.apache.hadoop.ozone.om.exceptions.OMException: Unable to get file status: volume: volume84440 bucket: bucket08814 key: gdir1/dir10/child
	at org.apache.hadoop.ozone.om.KeyManagerImpl.getOzoneFileStatus(KeyManagerImpl.java:1283) ~[ozone-manager-1.3.0-SNAPSHOT.jar:?]
	at org.apache.hadoop.ozone.om.KeyManagerImpl.getFileStatus(KeyManagerImpl.java:1213) ~[ozone-manager-1.3.0-SNAPSHOT.jar:?]
	at org.apache.hadoop.ozone.om.OzoneManager.getFileStatus(OzoneManager.java:3419) ~[ozone-manager-1.3.0-SNAPSHOT.jar:?]
	at org.apache.hadoop.ozone.protocolPB.OzoneManagerRequestHandler.getOzoneFileStatus(OzoneManagerRequestHandler.java:871) ~[ozone-manager-1.3.0-SNAPSHOT.jar:?]
	at org.apache.hadoop.ozone.protocolPB.OzoneManagerRequestHandler.handleReadRequest(OzoneManagerRequestHandler.java:217) ~[ozone-manager-1.3.0-SNAPSHOT.jar:?]
	at org.apache.hadoop.ozone.protocolPB.OzoneManagerProtocolServerSideTranslatorPB.submitRequestDirectlyToOM(OzoneManagerProtocolServerSideTranslatorPB.java:284) ~[ozone-manager-1.3.0-SNAPSHOT.jar:?]
	at org.apache.hadoop.ozone.protocolPB.OzoneManagerProtocolServerSideTranslatorPB.processRequest(OzoneManagerProtocolServerSideTranslatorPB.java:207) ~[ozone-manager-1.3.0-SNAPSHOT.jar:?]
	at org.apache.hadoop.hdds.server.OzoneProtocolMessageDispatcher.processRequest(OzoneProtocolMessageDispatcher.java:87) [hdds-server-framework-1.3.0-SNAPSHOT.jar:?]
	at org.apache.hadoop.ozone.protocolPB.OzoneManagerProtocolServerSideTranslatorPB.submitRequest(OzoneManagerProtocolServerSideTranslatorPB.java:147) [ozone-manager-1.3.0-SNAPSHOT.jar:?]
	at org.apache.hadoop.ozone.protocol.proto.OzoneManagerProtocolProtos$OzoneManagerService$2.callBlockingMethod(OzoneManagerProtocolProtos.java) [ozone-interface-client-1.3.0-SNAPSHOT.jar:?]
	at org.apache.hadoop.ipc.ProtobufRpcEngine$Server.processCall(ProtobufRpcEngine.java:466) [hadoop-common-3.3.1.jar:?]
	at org.apache.hadoop.ipc.ProtobufRpcEngine2$Server$ProtoBufRpcInvoker.call(ProtobufRpcEngine2.java:574) [hadoop-common-3.3.1.jar:?]
	at org.apache.hadoop.ipc.ProtobufRpcEngine2$Server$ProtoBufRpcInvoker.call(ProtobufRpcEngine2.java:552) [hadoop-common-3.3.1.jar:?]
	at org.apache.hadoop.ipc.RPC$Server.call(RPC.java:1093) [hadoop-common-3.3.1.jar:?]
	at org.apache.hadoop.ipc.Server$RpcCall.run(Server.java:1035) [hadoop-common-3.3.1.jar:?]
	at org.apache.hadoop.ipc.Server$RpcCall.run(Server.java:963) [hadoop-common-3.3.1.jar:?]
	at java.security.AccessController.doPrivileged(Native Method) ~[?:1.8.0_332]
	at javax.security.auth.Subject.doAs(Subject.java:422) [?:1.8.0_332]
	at org.apache.hadoop.security.UserGroupInformation.doAs(UserGroupInformation.java:1878) [hadoop-common-3.3.1.jar:?]
	at org.apache.hadoop.ipc.Server$Handler.run(Server.java:2966) [hadoop-common-3.3.1.jar:?]
13:08:58.280 [IPC Server handler 14 on default port 38405] ERROR OMAudit - user=runner | ip=127.0.0.1 | op=GET_FILE_STATUS {volume=volume84440, bucket=bucket08814, key=level0, dataSize=0, replicationConfig=null} | ret=FAILURE
org.apache.hadoop.ozone.om.exceptions.OMException: Unable to get file status: volume: volume84440 bucket: bucket08814 key: level0
	at org.apache.hadoop.ozone.om.KeyManagerImpl.getOzoneFileStatus(KeyManagerImpl.java:1283) ~[ozone-manager-1.3.0-SNAPSHOT.jar:?]
	at org.apache.hadoop.ozone.om.KeyManagerImpl.getFileStatus(KeyManagerImpl.java:1213) ~[ozone-manager-1.3.0-SNAPSHOT.jar:?]
	at org.apache.hadoop.ozone.om.OzoneManager.getFileStatus(OzoneManager.java:3419) ~[ozone-manager-1.3.0-SNAPSHOT.jar:?]
	at org.apache.hadoop.ozone.protocolPB.OzoneManagerRequestHandler.getOzoneFileStatus(OzoneManagerRequestHandler.java:871) ~[ozone-manager-1.3.0-SNAPSHOT.jar:?]
	at org.apache.hadoop.ozone.protocolPB.OzoneManagerRequestHandler.handleReadRequest(OzoneManagerRequestHandler.java:217) ~[ozone-manager-1.3.0-SNAPSHOT.jar:?]
	at org.apache.hadoop.ozone.protocolPB.OzoneManagerProtocolServerSideTranslatorPB.submitRequestDirectlyToOM(OzoneManagerProtocolServerSideTranslatorPB.java:284) ~[ozone-manager-1.3.0-SNAPSHOT.jar:?]
	at org.apache.hadoop.ozone.protocolPB.OzoneManagerProtocolServerSideTranslatorPB.processRequest(OzoneManagerProtocolServerSideTranslatorPB.java:207) ~[ozone-manager-1.3.0-SNAPSHOT.jar:?]
	at org.apache.hadoop.hdds.server.OzoneProtocolMessageDispatcher.processRequest(OzoneProtocolMessageDispatcher.java:87) [hdds-server-framework-1.3.0-SNAPSHOT.jar:?]
	at org.apache.hadoop.ozone.protocolPB.OzoneManagerProtocolServerSideTranslatorPB.submitRequest(OzoneManagerProtocolServerSideTranslatorPB.java:147) [ozone-manager-1.3.0-SNAPSHOT.jar:?]
	at org.apache.hadoop.ozone.protocol.proto.OzoneManagerProtocolProtos$OzoneManagerService$2.callBlockingMethod(OzoneManagerProtocolProtos.java) [ozone-interface-client-1.3.0-SNAPSHOT.jar:?]
	at org.apache.hadoop.ipc.ProtobufRpcEngine$Server.processCall(ProtobufRpcEngine.java:466) [hadoop-common-3.3.1.jar:?]
	at org.apache.hadoop.ipc.ProtobufRpcEngine2$Server$ProtoBufRpcInvoker.call(ProtobufRpcEngine2.java:574) [hadoop-common-3.3.1.jar:?]
	at org.apache.hadoop.ipc.ProtobufRpcEngine2$Server$ProtoBufRpcInvoker.call(ProtobufRpcEngine2.java:552) [hadoop-common-3.3.1.jar:?]
	at org.apache.hadoop.ipc.RPC$Server.call(RPC.java:1093) [hadoop-common-3.3.1.jar:?]
	at org.apache.hadoop.ipc.Server$RpcCall.run(Server.java:1035) [hadoop-common-3.3.1.jar:?]
	at org.apache.hadoop.ipc.Server$RpcCall.run(Server.java:963) [hadoop-common-3.3.1.jar:?]
	at java.security.AccessController.doPrivileged(Native Method) ~[?:1.8.0_332]
	at javax.security.auth.Subject.doAs(Subject.java:422) [?:1.8.0_332]
	at org.apache.hadoop.security.UserGroupInformation.doAs(UserGroupInformation.java:1878) [hadoop-common-3.3.1.jar:?]
	at org.apache.hadoop.ipc.Server$Handler.run(Server.java:2966) [hadoop-common-3.3.1.jar:?]
13:08:58.281 [IPC Server handler 1 on default port 38405] ERROR OMAudit - user=runner | ip=127.0.0.1 | op=GET_FILE_STATUS {volume=volume84440, bucket=bucket08814, key=level0/level1, dataSize=0, replicationConfig=null} | ret=FAILURE
org.apache.hadoop.ozone.om.exceptions.OMException: Unable to get file status: volume: volume84440 bucket: bucket08814 key: level0/level1
	at org.apache.hadoop.ozone.om.KeyManagerImpl.getOzoneFileStatus(KeyManagerImpl.java:1283) ~[ozone-manager-1.3.0-SNAPSHOT.jar:?]
	at org.apache.hadoop.ozone.om.KeyManagerImpl.getFileStatus(KeyManagerImpl.java:1213) ~[ozone-manager-1.3.0-SNAPSHOT.jar:?]
	at org.apache.hadoop.ozone.om.OzoneManager.getFileStatus(OzoneManager.java:3419) ~[ozone-manager-1.3.0-SNAPSHOT.jar:?]
	at org.apache.hadoop.ozone.protocolPB.OzoneManagerRequestHandler.getOzoneFileStatus(OzoneManagerRequestHandler.java:871) ~[ozone-manager-1.3.0-SNAPSHOT.jar:?]
	at org.apache.hadoop.ozone.protocolPB.OzoneManagerRequestHandler.handleReadRequest(OzoneManagerRequestHandler.java:217) ~[ozone-manager-1.3.0-SNAPSHOT.jar:?]
	at org.apache.hadoop.ozone.protocolPB.OzoneManagerProtocolServerSideTranslatorPB.submitRequestDirectlyToOM(OzoneManagerProtocolServerSideTranslatorPB.java:284) ~[ozone-manager-1.3.0-SNAPSHOT.jar:?]
	at org.apache.hadoop.ozone.protocolPB.OzoneManagerProtocolServerSideTranslatorPB.processRequest(OzoneManagerProtocolServerSideTranslatorPB.java:207) ~[ozone-manager-1.3.0-SNAPSHOT.jar:?]
	at org.apache.hadoop.hdds.server.OzoneProtocolMessageDispatcher.processRequest(OzoneProtocolMessageDispatcher.java:87) [hdds-server-framework-1.3.0-SNAPSHOT.jar:?]
	at org.apache.hadoop.ozone.protocolPB.OzoneManagerProtocolServerSideTranslatorPB.submitRequest(OzoneManagerProtocolServerSideTranslatorPB.java:147) [ozone-manager-1.3.0-SNAPSHOT.jar:?]
	at org.apache.hadoop.ozone.protocol.proto.OzoneManagerProtocolProtos$OzoneManagerService$2.callBlockingMethod(OzoneManagerProtocolProtos.java) [ozone-interface-client-1.3.0-SNAPSHOT.jar:?]
	at org.apache.hadoop.ipc.ProtobufRpcEngine$Server.processCall(ProtobufRpcEngine.java:466) [hadoop-common-3.3.1.jar:?]
	at org.apache.hadoop.ipc.ProtobufRpcEngine2$Server$ProtoBufRpcInvoker.call(ProtobufRpcEngine2.java:574) [hadoop-common-3.3.1.jar:?]
	at org.apache.hadoop.ipc.ProtobufRpcEngine2$Server$ProtoBufRpcInvoker.call(ProtobufRpcEngine2.java:552) [hadoop-common-3.3.1.jar:?]
	at org.apache.hadoop.ipc.RPC$Server.call(RPC.java:1093) [hadoop-common-3.3.1.jar:?]
	at org.apache.hadoop.ipc.Server$RpcCall.run(Server.java:1035) [hadoop-common-3.3.1.jar:?]
	at org.apache.hadoop.ipc.Server$RpcCall.run(Server.java:963) [hadoop-common-3.3.1.jar:?]
	at java.security.AccessController.doPrivileged(Native Method) ~[?:1.8.0_332]
	at javax.security.auth.Subject.doAs(Subject.java:422) [?:1.8.0_332]
	at org.apache.hadoop.security.UserGroupInformation.doAs(UserGroupInformation.java:1878) [hadoop-common-3.3.1.jar:?]
	at org.apache.hadoop.ipc.Server$Handler.run(Server.java:2966) [hadoop-common-3.3.1.jar:?]
13:08:58.281 [IPC Server handler 17 on default port 38405] ERROR OMAudit - user=runner | ip=127.0.0.1 | op=GET_FILE_STATUS {volume=volume84440, bucket=bucket08814, key=level0/level1/level1, dataSize=0, replicationConfig=null} | ret=FAILURE
org.apache.hadoop.ozone.om.exceptions.OMException: Unable to get file status: volume: volume84440 bucket: bucket08814 key: level0/level1/level1
	at org.apache.hadoop.ozone.om.KeyManagerImpl.getOzoneFileStatus(KeyManagerImpl.java:1283) ~[ozone-manager-1.3.0-SNAPSHOT.jar:?]
	at org.apache.hadoop.ozone.om.KeyManagerImpl.getFileStatus(KeyManagerImpl.java:1213) ~[ozone-manager-1.3.0-SNAPSHOT.jar:?]
	at org.apache.hadoop.ozone.om.OzoneManager.getFileStatus(OzoneManager.java:3419) ~[ozone-manager-1.3.0-SNAPSHOT.jar:?]
	at org.apache.hadoop.ozone.protocolPB.OzoneManagerRequestHandler.getOzoneFileStatus(OzoneManagerRequestHandler.java:871) ~[ozone-manager-1.3.0-SNAPSHOT.jar:?]
	at org.apache.hadoop.ozone.protocolPB.OzoneManagerRequestHandler.handleReadRequest(OzoneManagerRequestHandler.java:217) ~[ozone-manager-1.3.0-SNAPSHOT.jar:?]
	at org.apache.hadoop.ozone.protocolPB.OzoneManagerProtocolServerSideTranslatorPB.submitRequestDirectlyToOM(OzoneManagerProtocolServerSideTranslatorPB.java:284) ~[ozone-manager-1.3.0-SNAPSHOT.jar:?]
	at org.apache.hadoop.ozone.protocolPB.OzoneManagerProtocolServerSideTranslatorPB.processRequest(OzoneManagerProtocolServerSideTranslatorPB.java:207) ~[ozone-manager-1.3.0-SNAPSHOT.jar:?]
	at org.apache.hadoop.hdds.server.OzoneProtocolMessageDispatcher.processRequest(OzoneProtocolMessageDispatcher.java:87) [hdds-server-framework-1.3.0-SNAPSHOT.jar:?]
	at org.apache.hadoop.ozone.protocolPB.OzoneManagerProtocolServerSideTranslatorPB.submitRequest(OzoneManagerProtocolServerSideTranslatorPB.java:147) [ozone-manager-1.3.0-SNAPSHOT.jar:?]
	at org.apache.hadoop.ozone.protocol.proto.OzoneManagerProtocolProtos$OzoneManagerService$2.callBlockingMethod(OzoneManagerProtocolProtos.java) [ozone-interface-client-1.3.0-SNAPSHOT.jar:?]
	at org.apache.hadoop.ipc.ProtobufRpcEngine$Server.processCall(ProtobufRpcEngine.java:466) [hadoop-common-3.3.1.jar:?]
	at org.apache.hadoop.ipc.ProtobufRpcEngine2$Server$ProtoBufRpcInvoker.call(ProtobufRpcEngine2.java:574) [hadoop-common-3.3.1.jar:?]
	at org.apache.hadoop.ipc.ProtobufRpcEngine2$Server$ProtoBufRpcInvoker.call(ProtobufRpcEngine2.java:552) [hadoop-common-3.3.1.jar:?]
	at org.apache.hadoop.ipc.RPC$Server.call(RPC.java:1093) [hadoop-common-3.3.1.jar:?]
	at org.apache.hadoop.ipc.Server$RpcCall.run(Server.java:1035) [hadoop-common-3.3.1.jar:?]
	at org.apache.hadoop.ipc.Server$RpcCall.run(Server.java:963) [hadoop-common-3.3.1.jar:?]
	at java.security.AccessController.doPrivileged(Native Method) ~[?:1.8.0_332]
	at javax.security.auth.Subject.doAs(Subject.java:422) [?:1.8.0_332]
	at org.apache.hadoop.security.UserGroupInformation.doAs(UserGroupInformation.java:1878) [hadoop-common-3.3.1.jar:?]
	at org.apache.hadoop.ipc.Server$Handler.run(Server.java:2966) [hadoop-common-3.3.1.jar:?]
13:08:58.285 [IPC Server handler 12 on default port 38405] ERROR OMAudit - user=runner | ip=127.0.0.1 | op=GET_FILE_STATUS {volume=volume84440, bucket=bucket08814, key=level0/level1/file1, dataSize=0, replicationConfig=null} | ret=FAILURE
org.apache.hadoop.ozone.om.exceptions.OMException: Unable to get file status: volume: volume84440 bucket: bucket08814 key: level0/level1/file1
	at org.apache.hadoop.ozone.om.KeyManagerImpl.getOzoneFileStatus(KeyManagerImpl.java:1283) ~[ozone-manager-1.3.0-SNAPSHOT.jar:?]
	at org.apache.hadoop.ozone.om.KeyManagerImpl.getFileStatus(KeyManagerImpl.java:1213) ~[ozone-manager-1.3.0-SNAPSHOT.jar:?]
	at org.apache.hadoop.ozone.om.OzoneManager.getFileStatus(OzoneManager.java:3419) ~[ozone-manager-1.3.0-SNAPSHOT.jar:?]
	at org.apache.hadoop.ozone.protocolPB.OzoneManagerRequestHandler.getOzoneFileStatus(OzoneManagerRequestHandler.java:871) ~[ozone-manager-1.3.0-SNAPSHOT.jar:?]
	at org.apache.hadoop.ozone.protocolPB.OzoneManagerRequestHandler.handleReadRequest(OzoneManagerRequestHandler.java:217) ~[ozone-manager-1.3.0-SNAPSHOT.jar:?]
	at org.apache.hadoop.ozone.protocolPB.OzoneManagerProtocolServerSideTranslatorPB.submitRequestDirectlyToOM(OzoneManagerProtocolServerSideTranslatorPB.java:284) ~[ozone-manager-1.3.0-SNAPSHOT.jar:?]
	at org.apache.hadoop.ozone.protocolPB.OzoneManagerProtocolServerSideTranslatorPB.processRequest(OzoneManagerProtocolServerSideTranslatorPB.java:207) ~[ozone-manager-1.3.0-SNAPSHOT.jar:?]
	at org.apache.hadoop.hdds.server.OzoneProtocolMessageDispatcher.processRequest(OzoneProtocolMessageDispatcher.java:87) [hdds-server-framework-1.3.0-SNAPSHOT.jar:?]
	at org.apache.hadoop.ozone.protocolPB.OzoneManagerProtocolServerSideTranslatorPB.submitRequest(OzoneManagerProtocolServerSideTranslatorPB.java:147) [ozone-manager-1.3.0-SNAPSHOT.jar:?]
	at org.apache.hadoop.ozone.protocol.proto.OzoneManagerProtocolProtos$OzoneManagerService$2.callBlockingMethod(OzoneManagerProtocolProtos.java) [ozone-interface-client-1.3.0-SNAPSHOT.jar:?]
	at org.apache.hadoop.ipc.ProtobufRpcEngine$Server.processCall(ProtobufRpcEngine.java:466) [hadoop-common-3.3.1.jar:?]
	at org.apache.hadoop.ipc.ProtobufRpcEngine2$Server$ProtoBufRpcInvoker.call(ProtobufRpcEngine2.java:574) [hadoop-common-3.3.1.jar:?]
	at org.apache.hadoop.ipc.ProtobufRpcEngine2$Server$ProtoBufRpcInvoker.call(ProtobufRpcEngine2.java:552) [hadoop-common-3.3.1.jar:?]
	at org.apache.hadoop.ipc.RPC$Server.call(RPC.java:1093) [hadoop-common-3.3.1.jar:?]
	at org.apache.hadoop.ipc.Server$RpcCall.run(Server.java:1035) [hadoop-common-3.3.1.jar:?]
	at org.apache.hadoop.ipc.Server$RpcCall.run(Server.java:963) [hadoop-common-3.3.1.jar:?]
	at java.security.AccessController.doPrivileged(Native Method) ~[?:1.8.0_332]
	at javax.security.auth.Subject.doAs(Subject.java:422) [?:1.8.0_332]
	at org.apache.hadoop.security.UserGroupInformation.doAs(UserGroupInformation.java:1878) [hadoop-common-3.3.1.jar:?]
	at org.apache.hadoop.ipc.Server$Handler.run(Server.java:2966) [hadoop-common-3.3.1.jar:?]
13:08:58.286 [IPC Server handler 19 on default port 38405] ERROR OMAudit - user=runner | ip=127.0.0.1 | op=GET_FILE_STATUS {volume=volume84440, bucket=bucket08814, key=level0/level1/level1/file1, dataSize=0, replicationConfig=null} | ret=FAILURE
org.apache.hadoop.ozone.om.exceptions.OMException: Unable to get file status: volume: volume84440 bucket: bucket08814 key: level0/level1/level1/file1
	at org.apache.hadoop.ozone.om.KeyManagerImpl.getOzoneFileStatus(KeyManagerImpl.java:1283) ~[ozone-manager-1.3.0-SNAPSHOT.jar:?]
	at org.apache.hadoop.ozone.om.KeyManagerImpl.getFileStatus(KeyManagerImpl.java:1213) ~[ozone-manager-1.3.0-SNAPSHOT.jar:?]
	at org.apache.hadoop.ozone.om.OzoneManager.getFileStatus(OzoneManager.java:3419) ~[ozone-manager-1.3.0-SNAPSHOT.jar:?]
	at org.apache.hadoop.ozone.protocolPB.OzoneManagerRequestHandler.getOzoneFileStatus(OzoneManagerRequestHandler.java:871) ~[ozone-manager-1.3.0-SNAPSHOT.jar:?]
	at org.apache.hadoop.ozone.protocolPB.OzoneManagerRequestHandler.handleReadRequest(OzoneManagerRequestHandler.java:217) ~[ozone-manager-1.3.0-SNAPSHOT.jar:?]
	at org.apache.hadoop.ozone.protocolPB.OzoneManagerProtocolServerSideTranslatorPB.submitRequestDirectlyToOM(OzoneManagerProtocolServerSideTranslatorPB.java:284) ~[ozone-manager-1.3.0-SNAPSHOT.jar:?]
	at org.apache.hadoop.ozone.protocolPB.OzoneManagerProtocolServerSideTranslatorPB.processRequest(OzoneManagerProtocolServerSideTranslatorPB.java:207) ~[ozone-manager-1.3.0-SNAPSHOT.jar:?]
	at org.apache.hadoop.hdds.server.OzoneProtocolMessageDispatcher.processRequest(OzoneProtocolMessageDispatcher.java:87) [hdds-server-framework-1.3.0-SNAPSHOT.jar:?]
	at org.apache.hadoop.ozone.protocolPB.OzoneManagerProtocolServerSideTranslatorPB.submitRequest(OzoneManagerProtocolServerSideTranslatorPB.java:147) [ozone-manager-1.3.0-SNAPSHOT.jar:?]
	at org.apache.hadoop.ozone.protocol.proto.OzoneManagerProtocolProtos$OzoneManagerService$2.callBlockingMethod(OzoneManagerProtocolProtos.java) [ozone-interface-client-1.3.0-SNAPSHOT.jar:?]
	at org.apache.hadoop.ipc.ProtobufRpcEngine$Server.processCall(ProtobufRpcEngine.java:466) [hadoop-common-3.3.1.jar:?]
	at org.apache.hadoop.ipc.ProtobufRpcEngine2$Server$ProtoBufRpcInvoker.call(ProtobufRpcEngine2.java:574) [hadoop-common-3.3.1.jar:?]
	at org.apache.hadoop.ipc.ProtobufRpcEngine2$Server$ProtoBufRpcInvoker.call(ProtobufRpcEngine2.java:552) [hadoop-common-3.3.1.jar:?]
	at org.apache.hadoop.ipc.RPC$Server.call(RPC.java:1093) [hadoop-common-3.3.1.jar:?]
	at org.apache.hadoop.ipc.Server$RpcCall.run(Server.java:1035) [hadoop-common-3.3.1.jar:?]
	at org.apache.hadoop.ipc.Server$RpcCall.run(Server.java:963) [hadoop-common-3.3.1.jar:?]
	at java.security.AccessController.doPrivileged(Native Method) ~[?:1.8.0_332]
	at javax.security.auth.Subject.doAs(Subject.java:422) [?:1.8.0_332]
	at org.apache.hadoop.security.UserGroupInformation.doAs(UserGroupInformation.java:1878) [hadoop-common-3.3.1.jar:?]
	at org.apache.hadoop.ipc.Server$Handler.run(Server.java:2966) [hadoop-common-3.3.1.jar:?]
13:08:58.286 [IPC Server handler 18 on default port 38405] ERROR OMAudit - user=runner | ip=127.0.0.1 | op=GET_FILE_STATUS {volume=volume84440, bucket=bucket08814, key=level0/level2, dataSize=0, replicationConfig=null} | ret=FAILURE
org.apache.hadoop.ozone.om.exceptions.OMException: Unable to get file status: volume: volume84440 bucket: bucket08814 key: level0/level2
	at org.apache.hadoop.ozone.om.KeyManagerImpl.getOzoneFileStatus(KeyManagerImpl.java:1283) ~[ozone-manager-1.3.0-SNAPSHOT.jar:?]
	at org.apache.hadoop.ozone.om.KeyManagerImpl.getFileStatus(KeyManagerImpl.java:1213) ~[ozone-manager-1.3.0-SNAPSHOT.jar:?]
	at org.apache.hadoop.ozone.om.OzoneManager.getFileStatus(OzoneManager.java:3419) ~[ozone-manager-1.3.0-SNAPSHOT.jar:?]
	at org.apache.hadoop.ozone.protocolPB.OzoneManagerRequestHandler.getOzoneFileStatus(OzoneManagerRequestHandler.java:871) ~[ozone-manager-1.3.0-SNAPSHOT.jar:?]
	at org.apache.hadoop.ozone.protocolPB.OzoneManagerRequestHandler.handleReadRequest(OzoneManagerRequestHandler.java:217) ~[ozone-manager-1.3.0-SNAPSHOT.jar:?]
	at org.apache.hadoop.ozone.protocolPB.OzoneManagerProtocolServerSideTranslatorPB.submitRequestDirectlyToOM(OzoneManagerProtocolServerSideTranslatorPB.java:284) ~[ozone-manager-1.3.0-SNAPSHOT.jar:?]
	at org.apache.hadoop.ozone.protocolPB.OzoneManagerProtocolServerSideTranslatorPB.processRequest(OzoneManagerProtocolServerSideTranslatorPB.java:207) ~[ozone-manager-1.3.0-SNAPSHOT.jar:?]
	at org.apache.hadoop.hdds.server.OzoneProtocolMessageDispatcher.processRequest(OzoneProtocolMessageDispatcher.java:87) [hdds-server-framework-1.3.0-SNAPSHOT.jar:?]
	at org.apache.hadoop.ozone.protocolPB.OzoneManagerProtocolServerSideTranslatorPB.submitRequest(OzoneManagerProtocolServerSideTranslatorPB.java:147) [ozone-manager-1.3.0-SNAPSHOT.jar:?]
	at org.apache.hadoop.ozone.protocol.proto.OzoneManagerProtocolProtos$OzoneManagerService$2.callBlockingMethod(OzoneManagerProtocolProtos.java) [ozone-interface-client-1.3.0-SNAPSHOT.jar:?]
	at org.apache.hadoop.ipc.ProtobufRpcEngine$Server.processCall(ProtobufRpcEngine.java:466) [hadoop-common-3.3.1.jar:?]
	at org.apache.hadoop.ipc.ProtobufRpcEngine2$Server$ProtoBufRpcInvoker.call(ProtobufRpcEngine2.java:574) [hadoop-common-3.3.1.jar:?]
	at org.apache.hadoop.ipc.ProtobufRpcEngine2$Server$ProtoBufRpcInvoker.call(ProtobufRpcEngine2.java:552) [hadoop-common-3.3.1.jar:?]
	at org.apache.hadoop.ipc.RPC$Server.call(RPC.java:1093) [hadoop-common-3.3.1.jar:?]
	at org.apache.hadoop.ipc.Server$RpcCall.run(Server.java:1035) [hadoop-common-3.3.1.jar:?]
	at org.apache.hadoop.ipc.Server$RpcCall.run(Server.java:963) [hadoop-common-3.3.1.jar:?]
	at java.security.AccessController.doPrivileged(Native Method) ~[?:1.8.0_332]
	at javax.security.auth.Subject.doAs(Subject.java:422) [?:1.8.0_332]
	at org.apache.hadoop.security.UserGroupInformation.doAs(UserGroupInformation.java:1878) [hadoop-common-3.3.1.jar:?]
	at org.apache.hadoop.ipc.Server$Handler.run(Server.java:2966) [hadoop-common-3.3.1.jar:?]
13:08:58.287 [IPC Server handler 7 on default port 38405] ERROR OMAudit - user=runner | ip=127.0.0.1 | op=GET_FILE_STATUS {volume=volume84440, bucket=bucket08814, key=level0/level2/level2, dataSize=0, replicationConfig=null} | ret=FAILURE
org.apache.hadoop.ozone.om.exceptions.OMException: Unable to get file status: volume: volume84440 bucket: bucket08814 key: level0/level2/level2
	at org.apache.hadoop.ozone.om.KeyManagerImpl.getOzoneFileStatus(KeyManagerImpl.java:1283) ~[ozone-manager-1.3.0-SNAPSHOT.jar:?]
	at org.apache.hadoop.ozone.om.KeyManagerImpl.getFileStatus(KeyManagerImpl.java:1213) ~[ozone-manager-1.3.0-SNAPSHOT.jar:?]
	at org.apache.hadoop.ozone.om.OzoneManager.getFileStatus(OzoneManager.java:3419) ~[ozone-manager-1.3.0-SNAPSHOT.jar:?]
	at org.apache.hadoop.ozone.protocolPB.OzoneManagerRequestHandler.getOzoneFileStatus(OzoneManagerRequestHandler.java:871) ~[ozone-manager-1.3.0-SNAPSHOT.jar:?]
	at org.apache.hadoop.ozone.protocolPB.OzoneManagerRequestHandler.handleReadRequest(OzoneManagerRequestHandler.java:217) ~[ozone-manager-1.3.0-SNAPSHOT.jar:?]
	at org.apache.hadoop.ozone.protocolPB.OzoneManagerProtocolServerSideTranslatorPB.submitRequestDirectlyToOM(OzoneManagerProtocolServerSideTranslatorPB.java:284) ~[ozone-manager-1.3.0-SNAPSHOT.jar:?]
	at org.apache.hadoop.ozone.protocolPB.OzoneManagerProtocolServerSideTranslatorPB.processRequest(OzoneManagerProtocolServerSideTranslatorPB.java:207) ~[ozone-manager-1.3.0-SNAPSHOT.jar:?]
	at org.apache.hadoop.hdds.server.OzoneProtocolMessageDispatcher.processRequest(OzoneProtocolMessageDispatcher.java:87) [hdds-server-framework-1.3.0-SNAPSHOT.jar:?]
	at org.apache.hadoop.ozone.protocolPB.OzoneManagerProtocolServerSideTranslatorPB.submitRequest(OzoneManagerProtocolServerSideTranslatorPB.java:147) [ozone-manager-1.3.0-SNAPSHOT.jar:?]
	at org.apache.hadoop.ozone.protocol.proto.OzoneManagerProtocolProtos$OzoneManagerService$2.callBlockingMethod(OzoneManagerProtocolProtos.java) [ozone-interface-client-1.3.0-SNAPSHOT.jar:?]
	at org.apache.hadoop.ipc.ProtobufRpcEngine$Server.processCall(ProtobufRpcEngine.java:466) [hadoop-common-3.3.1.jar:?]
	at org.apache.hadoop.ipc.ProtobufRpcEngine2$Server$ProtoBufRpcInvoker.call(ProtobufRpcEngine2.java:574) [hadoop-common-3.3.1.jar:?]
	at org.apache.hadoop.ipc.ProtobufRpcEngine2$Server$ProtoBufRpcInvoker.call(ProtobufRpcEngine2.java:552) [hadoop-common-3.3.1.jar:?]
	at org.apache.hadoop.ipc.RPC$Server.call(RPC.java:1093) [hadoop-common-3.3.1.jar:?]
	at org.apache.hadoop.ipc.Server$RpcCall.run(Server.java:1035) [hadoop-common-3.3.1.jar:?]
	at org.apache.hadoop.ipc.Server$RpcCall.run(Server.java:963) [hadoop-common-3.3.1.jar:?]
	at java.security.AccessController.doPrivileged(Native Method) ~[?:1.8.0_332]
	at javax.security.auth.Subject.doAs(Subject.java:422) [?:1.8.0_332]
	at org.apache.hadoop.security.UserGroupInformation.doAs(UserGroupInformation.java:1878) [hadoop-common-3.3.1.jar:?]
	at org.apache.hadoop.ipc.Server$Handler.run(Server.java:2966) [hadoop-common-3.3.1.jar:?]
13:08:58.287 [IPC Server handler 11 on default port 38405] ERROR OMAudit - user=runner | ip=127.0.0.1 | op=GET_FILE_STATUS {volume=volume84440, bucket=bucket08814, key=level0/level2/file1, dataSize=0, replicationConfig=null} | ret=FAILURE
org.apache.hadoop.ozone.om.exceptions.OMException: Unable to get file status: volume: volume84440 bucket: bucket08814 key: level0/level2/file1
	at org.apache.hadoop.ozone.om.KeyManagerImpl.getOzoneFileStatus(KeyManagerImpl.java:1283) ~[ozone-manager-1.3.0-SNAPSHOT.jar:?]
	at org.apache.hadoop.ozone.om.KeyManagerImpl.getFileStatus(KeyManagerImpl.java:1213) ~[ozone-manager-1.3.0-SNAPSHOT.jar:?]
	at org.apache.hadoop.ozone.om.OzoneManager.getFileStatus(OzoneManager.java:3419) ~[ozone-manager-1.3.0-SNAPSHOT.jar:?]
	at org.apache.hadoop.ozone.protocolPB.OzoneManagerRequestHandler.getOzoneFileStatus(OzoneManagerRequestHandler.java:871) ~[ozone-manager-1.3.0-SNAPSHOT.jar:?]
	at org.apache.hadoop.ozone.protocolPB.OzoneManagerRequestHandler.handleReadRequest(OzoneManagerRequestHandler.java:217) ~[ozone-manager-1.3.0-SNAPSHOT.jar:?]
	at org.apache.hadoop.ozone.protocolPB.OzoneManagerProtocolServerSideTranslatorPB.submitRequestDirectlyToOM(OzoneManagerProtocolServerSideTranslatorPB.java:284) ~[ozone-manager-1.3.0-SNAPSHOT.jar:?]
	at org.apache.hadoop.ozone.protocolPB.OzoneManagerProtocolServerSideTranslatorPB.processRequest(OzoneManagerProtocolServerSideTranslatorPB.java:207) ~[ozone-manager-1.3.0-SNAPSHOT.jar:?]
	at org.apache.hadoop.hdds.server.OzoneProtocolMessageDispatcher.processRequest(OzoneProtocolMessageDispatcher.java:87) [hdds-server-framework-1.3.0-SNAPSHOT.jar:?]
	at org.apache.hadoop.ozone.protocolPB.OzoneManagerProtocolServerSideTranslatorPB.submitRequest(OzoneManagerProtocolServerSideTranslatorPB.java:147) [ozone-manager-1.3.0-SNAPSHOT.jar:?]
	at org.apache.hadoop.ozone.protocol.proto.OzoneManagerProtocolProtos$OzoneManagerService$2.callBlockingMethod(OzoneManagerProtocolProtos.java) [ozone-interface-client-1.3.0-SNAPSHOT.jar:?]
	at org.apache.hadoop.ipc.ProtobufRpcEngine$Server.processCall(ProtobufRpcEngine.java:466) [hadoop-common-3.3.1.jar:?]
	at org.apache.hadoop.ipc.ProtobufRpcEngine2$Server$ProtoBufRpcInvoker.call(ProtobufRpcEngine2.java:574) [hadoop-common-3.3.1.jar:?]
	at org.apache.hadoop.ipc.ProtobufRpcEngine2$Server$ProtoBufRpcInvoker.call(ProtobufRpcEngine2.java:552) [hadoop-common-3.3.1.jar:?]
	at org.apache.hadoop.ipc.RPC$Server.call(RPC.java:1093) [hadoop-common-3.3.1.jar:?]
	at org.apache.hadoop.ipc.Server$RpcCall.run(Server.java:1035) [hadoop-common-3.3.1.jar:?]
	at org.apache.hadoop.ipc.Server$RpcCall.run(Server.java:963) [hadoop-common-3.3.1.jar:?]
	at java.security.AccessController.doPrivileged(Native Method) ~[?:1.8.0_332]
	at javax.security.auth.Subject.doAs(Subject.java:422) [?:1.8.0_332]
	at org.apache.hadoop.security.UserGroupInformation.doAs(UserGroupInformation.java:1878) [hadoop-common-3.3.1.jar:?]
	at org.apache.hadoop.ipc.Server$Handler.run(Server.java:2966) [hadoop-common-3.3.1.jar:?]
13:08:58.288 [IPC Server handler 9 on default port 38405] ERROR OMAudit - user=runner | ip=127.0.0.1 | op=GET_FILE_STATUS {volume=volume84440, bucket=bucket08814, key=level0/level2/level2/file1, dataSize=0, replicationConfig=null} | ret=FAILURE
org.apache.hadoop.ozone.om.exceptions.OMException: Unable to get file status: volume: volume84440 bucket: bucket08814 key: level0/level2/level2/file1
	at org.apache.hadoop.ozone.om.KeyManagerImpl.getOzoneFileStatus(KeyManagerImpl.java:1283) ~[ozone-manager-1.3.0-SNAPSHOT.jar:?]
	at org.apache.hadoop.ozone.om.KeyManagerImpl.getFileStatus(KeyManagerImpl.java:1213) ~[ozone-manager-1.3.0-SNAPSHOT.jar:?]
	at org.apache.hadoop.ozone.om.OzoneManager.getFileStatus(OzoneManager.java:3419) ~[ozone-manager-1.3.0-SNAPSHOT.jar:?]
	at org.apache.hadoop.ozone.protocolPB.OzoneManagerRequestHandler.getOzoneFileStatus(OzoneManagerRequestHandler.java:871) ~[ozone-manager-1.3.0-SNAPSHOT.jar:?]
	at org.apache.hadoop.ozone.protocolPB.OzoneManagerRequestHandler.handleReadRequest(OzoneManagerRequestHandler.java:217) ~[ozone-manager-1.3.0-SNAPSHOT.jar:?]
	at org.apache.hadoop.ozone.protocolPB.OzoneManagerProtocolServerSideTranslatorPB.submitRequestDirectlyToOM(OzoneManagerProtocolServerSideTranslatorPB.java:284) ~[ozone-manager-1.3.0-SNAPSHOT.jar:?]
	at org.apache.hadoop.ozone.protocolPB.OzoneManagerProtocolServerSideTranslatorPB.processRequest(OzoneManagerProtocolServerSideTranslatorPB.java:207) ~[ozone-manager-1.3.0-SNAPSHOT.jar:?]
	at org.apache.hadoop.hdds.server.OzoneProtocolMessageDispatcher.processRequest(OzoneProtocolMessageDispatcher.java:87) [hdds-server-framework-1.3.0-SNAPSHOT.jar:?]
	at org.apache.hadoop.ozone.protocolPB.OzoneManagerProtocolServerSideTranslatorPB.submitRequest(OzoneManagerProtocolServerSideTranslatorPB.java:147) [ozone-manager-1.3.0-SNAPSHOT.jar:?]
	at org.apache.hadoop.ozone.protocol.proto.OzoneManagerProtocolProtos$OzoneManagerService$2.callBlockingMethod(OzoneManagerProtocolProtos.java) [ozone-interface-client-1.3.0-SNAPSHOT.jar:?]
	at org.apache.hadoop.ipc.ProtobufRpcEngine$Server.processCall(ProtobufRpcEngine.java:466) [hadoop-common-3.3.1.jar:?]
	at org.apache.hadoop.ipc.ProtobufRpcEngine2$Server$ProtoBufRpcInvoker.call(ProtobufRpcEngine2.java:574) [hadoop-common-3.3.1.jar:?]
	at org.apache.hadoop.ipc.ProtobufRpcEngine2$Server$ProtoBufRpcInvoker.call(ProtobufRpcEngine2.java:552) [hadoop-common-3.3.1.jar:?]
	at org.apache.hadoop.ipc.RPC$Server.call(RPC.java:1093) [hadoop-common-3.3.1.jar:?]
	at org.apache.hadoop.ipc.Server$RpcCall.run(Server.java:1035) [hadoop-common-3.3.1.jar:?]
	at org.apache.hadoop.ipc.Server$RpcCall.run(Server.java:963) [hadoop-common-3.3.1.jar:?]
	at java.security.AccessController.doPrivileged(Native Method) ~[?:1.8.0_332]
	at javax.security.auth.Subject.doAs(Subject.java:422) [?:1.8.0_332]
	at org.apache.hadoop.security.UserGroupInformation.doAs(UserGroupInformation.java:1878) [hadoop-common-3.3.1.jar:?]
	at org.apache.hadoop.ipc.Server$Handler.run(Server.java:2966) [hadoop-common-3.3.1.jar:?]
13:08:58.288 [IPC Server handler 10 on default port 38405] ERROR OMAudit - user=runner | ip=127.0.0.1 | op=GET_FILE_STATUS {volume=volume84440, bucket=bucket08814, key=level0/level3, dataSize=0, replicationConfig=null} | ret=FAILURE
org.apache.hadoop.ozone.om.exceptions.OMException: Unable to get file status: volume: volume84440 bucket: bucket08814 key: level0/level3
	at org.apache.hadoop.ozone.om.KeyManagerImpl.getOzoneFileStatus(KeyManagerImpl.java:1283) ~[ozone-manager-1.3.0-SNAPSHOT.jar:?]
	at org.apache.hadoop.ozone.om.KeyManagerImpl.getFileStatus(KeyManagerImpl.java:1213) ~[ozone-manager-1.3.0-SNAPSHOT.jar:?]
	at org.apache.hadoop.ozone.om.OzoneManager.getFileStatus(OzoneManager.java:3419) ~[ozone-manager-1.3.0-SNAPSHOT.jar:?]
	at org.apache.hadoop.ozone.protocolPB.OzoneManagerRequestHandler.getOzoneFileStatus(OzoneManagerRequestHandler.java:871) ~[ozone-manager-1.3.0-SNAPSHOT.jar:?]
	at org.apache.hadoop.ozone.protocolPB.OzoneManagerRequestHandler.handleReadRequest(OzoneManagerRequestHandler.java:217) ~[ozone-manager-1.3.0-SNAPSHOT.jar:?]
	at org.apache.hadoop.ozone.protocolPB.OzoneManagerProtocolServerSideTranslatorPB.submitRequestDirectlyToOM(OzoneManagerProtocolServerSideTranslatorPB.java:284) ~[ozone-manager-1.3.0-SNAPSHOT.jar:?]
	at org.apache.hadoop.ozone.protocolPB.OzoneManagerProtocolServerSideTranslatorPB.processRequest(OzoneManagerProtocolServerSideTranslatorPB.java:207) ~[ozone-manager-1.3.0-SNAPSHOT.jar:?]
	at org.apache.hadoop.hdds.server.OzoneProtocolMessageDispatcher.processRequest(OzoneProtocolMessageDispatcher.java:87) [hdds-server-framework-1.3.0-SNAPSHOT.jar:?]
	at org.apache.hadoop.ozone.protocolPB.OzoneManagerProtocolServerSideTranslatorPB.submitRequest(OzoneManagerProtocolServerSideTranslatorPB.java:147) [ozone-manager-1.3.0-SNAPSHOT.jar:?]
	at org.apache.hadoop.ozone.protocol.proto.OzoneManagerProtocolProtos$OzoneManagerService$2.callBlockingMethod(OzoneManagerProtocolProtos.java) [ozone-interface-client-1.3.0-SNAPSHOT.jar:?]
	at org.apache.hadoop.ipc.ProtobufRpcEngine$Server.processCall(ProtobufRpcEngine.java:466) [hadoop-common-3.3.1.jar:?]
	at org.apache.hadoop.ipc.ProtobufRpcEngine2$Server$ProtoBufRpcInvoker.call(ProtobufRpcEngine2.java:574) [hadoop-common-3.3.1.jar:?]
	at org.apache.hadoop.ipc.ProtobufRpcEngine2$Server$ProtoBufRpcInvoker.call(ProtobufRpcEngine2.java:552) [hadoop-common-3.3.1.jar:?]
	at org.apache.hadoop.ipc.RPC$Server.call(RPC.java:1093) [hadoop-common-3.3.1.jar:?]
	at org.apache.hadoop.ipc.Server$RpcCall.run(Server.java:1035) [hadoop-common-3.3.1.jar:?]
	at org.apache.hadoop.ipc.Server$RpcCall.run(Server.java:963) [hadoop-common-3.3.1.jar:?]
	at java.security.AccessController.doPrivileged(Native Method) ~[?:1.8.0_332]
	at javax.security.auth.Subject.doAs(Subject.java:422) [?:1.8.0_332]
	at org.apache.hadoop.security.UserGroupInformation.doAs(UserGroupInformation.java:1878) [hadoop-common-3.3.1.jar:?]
	at org.apache.hadoop.ipc.Server$Handler.run(Server.java:2966) [hadoop-common-3.3.1.jar:?]
13:08:58.289 [IPC Server handler 8 on default port 38405] ERROR OMAudit - user=runner | ip=127.0.0.1 | op=GET_FILE_STATUS {volume=volume84440, bucket=bucket08814, key=level0/level3/level3, dataSize=0, replicationConfig=null} | ret=FAILURE
org.apache.hadoop.ozone.om.exceptions.OMException: Unable to get file status: volume: volume84440 bucket: bucket08814 key: level0/level3/level3
	at org.apache.hadoop.ozone.om.KeyManagerImpl.getOzoneFileStatus(KeyManagerImpl.java:1283) ~[ozone-manager-1.3.0-SNAPSHOT.jar:?]
	at org.apache.hadoop.ozone.om.KeyManagerImpl.getFileStatus(KeyManagerImpl.java:1213) ~[ozone-manager-1.3.0-SNAPSHOT.jar:?]
	at org.apache.hadoop.ozone.om.OzoneManager.getFileStatus(OzoneManager.java:3419) ~[ozone-manager-1.3.0-SNAPSHOT.jar:?]
	at org.apache.hadoop.ozone.protocolPB.OzoneManagerRequestHandler.getOzoneFileStatus(OzoneManagerRequestHandler.java:871) ~[ozone-manager-1.3.0-SNAPSHOT.jar:?]
	at org.apache.hadoop.ozone.protocolPB.OzoneManagerRequestHandler.handleReadRequest(OzoneManagerRequestHandler.java:217) ~[ozone-manager-1.3.0-SNAPSHOT.jar:?]
	at org.apache.hadoop.ozone.protocolPB.OzoneManagerProtocolServerSideTranslatorPB.submitRequestDirectlyToOM(OzoneManagerProtocolServerSideTranslatorPB.java:284) ~[ozone-manager-1.3.0-SNAPSHOT.jar:?]
	at org.apache.hadoop.ozone.protocolPB.OzoneManagerProtocolServerSideTranslatorPB.processRequest(OzoneManagerProtocolServerSideTranslatorPB.java:207) ~[ozone-manager-1.3.0-SNAPSHOT.jar:?]
	at org.apache.hadoop.hdds.server.OzoneProtocolMessageDispatcher.processRequest(OzoneProtocolMessageDispatcher.java:87) [hdds-server-framework-1.3.0-SNAPSHOT.jar:?]
	at org.apache.hadoop.ozone.protocolPB.OzoneManagerProtocolServerSideTranslatorPB.submitRequest(OzoneManagerProtocolServerSideTranslatorPB.java:147) [ozone-manager-1.3.0-SNAPSHOT.jar:?]
	at org.apache.hadoop.ozone.protocol.proto.OzoneManagerProtocolProtos$OzoneManagerService$2.callBlockingMethod(OzoneManagerProtocolProtos.java) [ozone-interface-client-1.3.0-SNAPSHOT.jar:?]
	at org.apache.hadoop.ipc.ProtobufRpcEngine$Server.processCall(ProtobufRpcEngine.java:466) [hadoop-common-3.3.1.jar:?]
	at org.apache.hadoop.ipc.ProtobufRpcEngine2$Server$ProtoBufRpcInvoker.call(ProtobufRpcEngine2.java:574) [hadoop-common-3.3.1.jar:?]
	at org.apache.hadoop.ipc.ProtobufRpcEngine2$Server$ProtoBufRpcInvoker.call(ProtobufRpcEngine2.java:552) [hadoop-common-3.3.1.jar:?]
	at org.apache.hadoop.ipc.RPC$Server.call(RPC.java:1093) [hadoop-common-3.3.1.jar:?]
	at org.apache.hadoop.ipc.Server$RpcCall.run(Server.java:1035) [hadoop-common-3.3.1.jar:?]
	at org.apache.hadoop.ipc.Server$RpcCall.run(Server.java:963) [hadoop-common-3.3.1.jar:?]
	at java.security.AccessController.doPrivileged(Native Method) ~[?:1.8.0_332]
	at javax.security.auth.Subject.doAs(Subject.java:422) [?:1.8.0_332]
	at org.apache.hadoop.security.UserGroupInformation.doAs(UserGroupInformation.java:1878) [hadoop-common-3.3.1.jar:?]
	at org.apache.hadoop.ipc.Server$Handler.run(Server.java:2966) [hadoop-common-3.3.1.jar:?]
13:08:58.289 [IPC Server handler 0 on default port 38405] ERROR OMAudit - user=runner | ip=127.0.0.1 | op=GET_FILE_STATUS {volume=volume84440, bucket=bucket08814, key=level0/level3/file1, dataSize=0, replicationConfig=null} | ret=FAILURE
org.apache.hadoop.ozone.om.exceptions.OMException: Unable to get file status: volume: volume84440 bucket: bucket08814 key: level0/level3/file1
	at org.apache.hadoop.ozone.om.KeyManagerImpl.getOzoneFileStatus(KeyManagerImpl.java:1283) ~[ozone-manager-1.3.0-SNAPSHOT.jar:?]
	at org.apache.hadoop.ozone.om.KeyManagerImpl.getFileStatus(KeyManagerImpl.java:1213) ~[ozone-manager-1.3.0-SNAPSHOT.jar:?]
	at org.apache.hadoop.ozone.om.OzoneManager.getFileStatus(OzoneManager.java:3419) ~[ozone-manager-1.3.0-SNAPSHOT.jar:?]
	at org.apache.hadoop.ozone.protocolPB.OzoneManagerRequestHandler.getOzoneFileStatus(OzoneManagerRequestHandler.java:871) ~[ozone-manager-1.3.0-SNAPSHOT.jar:?]
	at org.apache.hadoop.ozone.protocolPB.OzoneManagerRequestHandler.handleReadRequest(OzoneManagerRequestHandler.java:217) ~[ozone-manager-1.3.0-SNAPSHOT.jar:?]
	at org.apache.hadoop.ozone.protocolPB.OzoneManagerProtocolServerSideTranslatorPB.submitRequestDirectlyToOM(OzoneManagerProtocolServerSideTranslatorPB.java:284) ~[ozone-manager-1.3.0-SNAPSHOT.jar:?]
	at org.apache.hadoop.ozone.protocolPB.OzoneManagerProtocolServerSideTranslatorPB.processRequest(OzoneManagerProtocolServerSideTranslatorPB.java:207) ~[ozone-manager-1.3.0-SNAPSHOT.jar:?]
	at org.apache.hadoop.hdds.server.OzoneProtocolMessageDispatcher.processRequest(OzoneProtocolMessageDispatcher.java:87) [hdds-server-framework-1.3.0-SNAPSHOT.jar:?]
	at org.apache.hadoop.ozone.protocolPB.OzoneManagerProtocolServerSideTranslatorPB.submitRequest(OzoneManagerProtocolServerSideTranslatorPB.java:147) [ozone-manager-1.3.0-SNAPSHOT.jar:?]
	at org.apache.hadoop.ozone.protocol.proto.OzoneManagerProtocolProtos$OzoneManagerService$2.callBlockingMethod(OzoneManagerProtocolProtos.java) [ozone-interface-client-1.3.0-SNAPSHOT.jar:?]
	at org.apache.hadoop.ipc.ProtobufRpcEngine$Server.processCall(ProtobufRpcEngine.java:466) [hadoop-common-3.3.1.jar:?]
	at org.apache.hadoop.ipc.ProtobufRpcEngine2$Server$ProtoBufRpcInvoker.call(ProtobufRpcEngine2.java:574) [hadoop-common-3.3.1.jar:?]
	at org.apache.hadoop.ipc.ProtobufRpcEngine2$Server$ProtoBufRpcInvoker.call(ProtobufRpcEngine2.java:552) [hadoop-common-3.3.1.jar:?]
	at org.apache.hadoop.ipc.RPC$Server.call(RPC.java:1093) [hadoop-common-3.3.1.jar:?]
	at org.apache.hadoop.ipc.Server$RpcCall.run(Server.java:1035) [hadoop-common-3.3.1.jar:?]
	at org.apache.hadoop.ipc.Server$RpcCall.run(Server.java:963) [hadoop-common-3.3.1.jar:?]
	at java.security.AccessController.doPrivileged(Native Method) ~[?:1.8.0_332]
	at javax.security.auth.Subject.doAs(Subject.java:422) [?:1.8.0_332]
	at org.apache.hadoop.security.UserGroupInformation.doAs(UserGroupInformation.java:1878) [hadoop-common-3.3.1.jar:?]
	at org.apache.hadoop.ipc.Server$Handler.run(Server.java:2966) [hadoop-common-3.3.1.jar:?]
13:08:58.292 [IPC Server handler 6 on default port 38405] ERROR OMAudit - user=runner | ip=127.0.0.1 | op=GET_FILE_STATUS {volume=volume84440, bucket=bucket08814, key=level0/level3/level3/file1, dataSize=0, replicationConfig=null} | ret=FAILURE
org.apache.hadoop.ozone.om.exceptions.OMException: Unable to get file status: volume: volume84440 bucket: bucket08814 key: level0/level3/level3/file1
	at org.apache.hadoop.ozone.om.KeyManagerImpl.getOzoneFileStatus(KeyManagerImpl.java:1283) ~[ozone-manager-1.3.0-SNAPSHOT.jar:?]
	at org.apache.hadoop.ozone.om.KeyManagerImpl.getFileStatus(KeyManagerImpl.java:1213) ~[ozone-manager-1.3.0-SNAPSHOT.jar:?]
	at org.apache.hadoop.ozone.om.OzoneManager.getFileStatus(OzoneManager.java:3419) ~[ozone-manager-1.3.0-SNAPSHOT.jar:?]
	at org.apache.hadoop.ozone.protocolPB.OzoneManagerRequestHandler.getOzoneFileStatus(OzoneManagerRequestHandler.java:871) ~[ozone-manager-1.3.0-SNAPSHOT.jar:?]
	at org.apache.hadoop.ozone.protocolPB.OzoneManagerRequestHandler.handleReadRequest(OzoneManagerRequestHandler.java:217) ~[ozone-manager-1.3.0-SNAPSHOT.jar:?]
	at org.apache.hadoop.ozone.protocolPB.OzoneManagerProtocolServerSideTranslatorPB.submitRequestDirectlyToOM(OzoneManagerProtocolServerSideTranslatorPB.java:284) ~[ozone-manager-1.3.0-SNAPSHOT.jar:?]
	at org.apache.hadoop.ozone.protocolPB.OzoneManagerProtocolServerSideTranslatorPB.processRequest(OzoneManagerProtocolServerSideTranslatorPB.java:207) ~[ozone-manager-1.3.0-SNAPSHOT.jar:?]
	at org.apache.hadoop.hdds.server.OzoneProtocolMessageDispatcher.processRequest(OzoneProtocolMessageDispatcher.java:87) [hdds-server-framework-1.3.0-SNAPSHOT.jar:?]
	at org.apache.hadoop.ozone.protocolPB.OzoneManagerProtocolServerSideTranslatorPB.submitRequest(OzoneManagerProtocolServerSideTranslatorPB.java:147) [ozone-manager-1.3.0-SNAPSHOT.jar:?]
	at org.apache.hadoop.ozone.protocol.proto.OzoneManagerProtocolProtos$OzoneManagerService$2.callBlockingMethod(OzoneManagerProtocolProtos.java) [ozone-interface-client-1.3.0-SNAPSHOT.jar:?]
	at org.apache.hadoop.ipc.ProtobufRpcEngine$Server.processCall(ProtobufRpcEngine.java:466) [hadoop-common-3.3.1.jar:?]
	at org.apache.hadoop.ipc.ProtobufRpcEngine2$Server$ProtoBufRpcInvoker.call(ProtobufRpcEngine2.java:574) [hadoop-common-3.3.1.jar:?]
	at org.apache.hadoop.ipc.ProtobufRpcEngine2$Server$ProtoBufRpcInvoker.call(ProtobufRpcEngine2.java:552) [hadoop-common-3.3.1.jar:?]
	at org.apache.hadoop.ipc.RPC$Server.call(RPC.java:1093) [hadoop-common-3.3.1.jar:?]
	at org.apache.hadoop.ipc.Server$RpcCall.run(Server.java:1035) [hadoop-common-3.3.1.jar:?]
	at org.apache.hadoop.ipc.Server$RpcCall.run(Server.java:963) [hadoop-common-3.3.1.jar:?]
	at java.security.AccessController.doPrivileged(Native Method) ~[?:1.8.0_332]
	at javax.security.auth.Subject.doAs(Subject.java:422) [?:1.8.0_332]
	at org.apache.hadoop.security.UserGroupInformation.doAs(UserGroupInformation.java:1878) [hadoop-common-3.3.1.jar:?]
	at org.apache.hadoop.ipc.Server$Handler.run(Server.java:2966) [hadoop-common-3.3.1.jar:?]
]]></system-out>
  </testcase>
  <testcase name="testGetTrashRoots" classname="TestOzoneFileSystem" time="0.061">
    <system-out><![CDATA[13:05:08.759 [IPC Server handler 8 on default port 33959] ERROR OMAudit - user=runner | ip=127.0.0.1 | op=GET_FILE_STATUS {volume=volume58940, bucket=bucket47939, key=.Trash/runner, dataSize=0, replicationConfig=null} | ret=FAILURE
org.apache.hadoop.ozone.om.exceptions.OMException: Unable to get file status: volume: volume58940 bucket: bucket47939 key: .Trash/runner
	at org.apache.hadoop.ozone.om.KeyManagerImpl.getOzoneFileStatus(KeyManagerImpl.java:1283) ~[ozone-manager-1.3.0-SNAPSHOT.jar:?]
	at org.apache.hadoop.ozone.om.KeyManagerImpl.getFileStatus(KeyManagerImpl.java:1213) ~[ozone-manager-1.3.0-SNAPSHOT.jar:?]
	at org.apache.hadoop.ozone.om.OzoneManager.getFileStatus(OzoneManager.java:3419) ~[ozone-manager-1.3.0-SNAPSHOT.jar:?]
	at org.apache.hadoop.ozone.protocolPB.OzoneManagerRequestHandler.getOzoneFileStatus(OzoneManagerRequestHandler.java:871) ~[ozone-manager-1.3.0-SNAPSHOT.jar:?]
	at org.apache.hadoop.ozone.protocolPB.OzoneManagerRequestHandler.handleReadRequest(OzoneManagerRequestHandler.java:217) ~[ozone-manager-1.3.0-SNAPSHOT.jar:?]
	at org.apache.hadoop.ozone.protocolPB.OzoneManagerProtocolServerSideTranslatorPB.submitReadRequestToOM(OzoneManagerProtocolServerSideTranslatorPB.java:225) ~[ozone-manager-1.3.0-SNAPSHOT.jar:?]
	at org.apache.hadoop.ozone.protocolPB.OzoneManagerProtocolServerSideTranslatorPB.processRequest(OzoneManagerProtocolServerSideTranslatorPB.java:175) ~[ozone-manager-1.3.0-SNAPSHOT.jar:?]
	at org.apache.hadoop.hdds.server.OzoneProtocolMessageDispatcher.processRequest(OzoneProtocolMessageDispatcher.java:87) [hdds-server-framework-1.3.0-SNAPSHOT.jar:?]
	at org.apache.hadoop.ozone.protocolPB.OzoneManagerProtocolServerSideTranslatorPB.submitRequest(OzoneManagerProtocolServerSideTranslatorPB.java:147) [ozone-manager-1.3.0-SNAPSHOT.jar:?]
	at org.apache.hadoop.ozone.protocol.proto.OzoneManagerProtocolProtos$OzoneManagerService$2.callBlockingMethod(OzoneManagerProtocolProtos.java) [ozone-interface-client-1.3.0-SNAPSHOT.jar:?]
	at org.apache.hadoop.ipc.ProtobufRpcEngine$Server.processCall(ProtobufRpcEngine.java:466) [hadoop-common-3.3.1.jar:?]
	at org.apache.hadoop.ipc.ProtobufRpcEngine2$Server$ProtoBufRpcInvoker.call(ProtobufRpcEngine2.java:574) [hadoop-common-3.3.1.jar:?]
	at org.apache.hadoop.ipc.ProtobufRpcEngine2$Server$ProtoBufRpcInvoker.call(ProtobufRpcEngine2.java:552) [hadoop-common-3.3.1.jar:?]
	at org.apache.hadoop.ipc.RPC$Server.call(RPC.java:1093) [hadoop-common-3.3.1.jar:?]
	at org.apache.hadoop.ipc.Server$RpcCall.run(Server.java:1035) [hadoop-common-3.3.1.jar:?]
	at org.apache.hadoop.ipc.Server$RpcCall.run(Server.java:963) [hadoop-common-3.3.1.jar:?]
	at java.security.AccessController.doPrivileged(Native Method) ~[?:1.8.0_332]
	at javax.security.auth.Subject.doAs(Subject.java:422) [?:1.8.0_332]
	at org.apache.hadoop.security.UserGroupInformation.doAs(UserGroupInformation.java:1878) [hadoop-common-3.3.1.jar:?]
	at org.apache.hadoop.ipc.Server$Handler.run(Server.java:2966) [hadoop-common-3.3.1.jar:?]
]]></system-out>
  </testcase>
  <testcase name="testGetTrashRoots" classname="TestOzoneFileSystem" time="0.034">
    <system-out><![CDATA[13:06:26.386 [IPC Server handler 12 on default port 45241] ERROR OMAudit - user=runner | ip=127.0.0.1 | op=GET_FILE_STATUS {volume=volume87664, bucket=bucket74908, key=.Trash/runner, dataSize=0, replicationConfig=null} | ret=FAILURE
org.apache.hadoop.ozone.om.exceptions.OMException: Unable to get file status: volume: volume87664 bucket: bucket74908 key: .Trash/runner
	at org.apache.hadoop.ozone.om.KeyManagerImpl.getOzoneFileStatus(KeyManagerImpl.java:1283) ~[ozone-manager-1.3.0-SNAPSHOT.jar:?]
	at org.apache.hadoop.ozone.om.KeyManagerImpl.getFileStatus(KeyManagerImpl.java:1213) ~[ozone-manager-1.3.0-SNAPSHOT.jar:?]
	at org.apache.hadoop.ozone.om.OzoneManager.getFileStatus(OzoneManager.java:3419) ~[ozone-manager-1.3.0-SNAPSHOT.jar:?]
	at org.apache.hadoop.ozone.protocolPB.OzoneManagerRequestHandler.getOzoneFileStatus(OzoneManagerRequestHandler.java:871) ~[ozone-manager-1.3.0-SNAPSHOT.jar:?]
	at org.apache.hadoop.ozone.protocolPB.OzoneManagerRequestHandler.handleReadRequest(OzoneManagerRequestHandler.java:217) ~[ozone-manager-1.3.0-SNAPSHOT.jar:?]
	at org.apache.hadoop.ozone.protocolPB.OzoneManagerProtocolServerSideTranslatorPB.submitRequestDirectlyToOM(OzoneManagerProtocolServerSideTranslatorPB.java:284) ~[ozone-manager-1.3.0-SNAPSHOT.jar:?]
	at org.apache.hadoop.ozone.protocolPB.OzoneManagerProtocolServerSideTranslatorPB.processRequest(OzoneManagerProtocolServerSideTranslatorPB.java:207) ~[ozone-manager-1.3.0-SNAPSHOT.jar:?]
	at org.apache.hadoop.hdds.server.OzoneProtocolMessageDispatcher.processRequest(OzoneProtocolMessageDispatcher.java:87) [hdds-server-framework-1.3.0-SNAPSHOT.jar:?]
	at org.apache.hadoop.ozone.protocolPB.OzoneManagerProtocolServerSideTranslatorPB.submitRequest(OzoneManagerProtocolServerSideTranslatorPB.java:147) [ozone-manager-1.3.0-SNAPSHOT.jar:?]
	at org.apache.hadoop.ozone.protocol.proto.OzoneManagerProtocolProtos$OzoneManagerService$2.callBlockingMethod(OzoneManagerProtocolProtos.java) [ozone-interface-client-1.3.0-SNAPSHOT.jar:?]
	at org.apache.hadoop.ipc.ProtobufRpcEngine$Server.processCall(ProtobufRpcEngine.java:466) [hadoop-common-3.3.1.jar:?]
	at org.apache.hadoop.ipc.ProtobufRpcEngine2$Server$ProtoBufRpcInvoker.call(ProtobufRpcEngine2.java:574) [hadoop-common-3.3.1.jar:?]
	at org.apache.hadoop.ipc.ProtobufRpcEngine2$Server$ProtoBufRpcInvoker.call(ProtobufRpcEngine2.java:552) [hadoop-common-3.3.1.jar:?]
	at org.apache.hadoop.ipc.RPC$Server.call(RPC.java:1093) [hadoop-common-3.3.1.jar:?]
	at org.apache.hadoop.ipc.Server$RpcCall.run(Server.java:1035) [hadoop-common-3.3.1.jar:?]
	at org.apache.hadoop.ipc.Server$RpcCall.run(Server.java:963) [hadoop-common-3.3.1.jar:?]
	at java.security.AccessController.doPrivileged(Native Method) ~[?:1.8.0_332]
	at javax.security.auth.Subject.doAs(Subject.java:422) [?:1.8.0_332]
	at org.apache.hadoop.security.UserGroupInformation.doAs(UserGroupInformation.java:1878) [hadoop-common-3.3.1.jar:?]
	at org.apache.hadoop.ipc.Server$Handler.run(Server.java:2966) [hadoop-common-3.3.1.jar:?]
]]></system-out>
  </testcase>
  <testcase name="testGetTrashRoots" classname="TestOzoneFileSystem" time="0.044">
    <system-out><![CDATA[13:07:41.849 [IPC Server handler 12 on default port 41441] ERROR OMAudit - user=runner | ip=127.0.0.1 | op=GET_FILE_STATUS {volume=volume07034, bucket=bucket87468, key=.Trash/runner, dataSize=0, replicationConfig=null} | ret=FAILURE
org.apache.hadoop.ozone.om.exceptions.OMException: Unable to get file status: volume: volume07034 bucket: bucket87468 key: .Trash/runner
	at org.apache.hadoop.ozone.om.KeyManagerImpl.getOzoneFileStatus(KeyManagerImpl.java:1283) ~[ozone-manager-1.3.0-SNAPSHOT.jar:?]
	at org.apache.hadoop.ozone.om.KeyManagerImpl.getFileStatus(KeyManagerImpl.java:1213) ~[ozone-manager-1.3.0-SNAPSHOT.jar:?]
	at org.apache.hadoop.ozone.om.OzoneManager.getFileStatus(OzoneManager.java:3419) ~[ozone-manager-1.3.0-SNAPSHOT.jar:?]
	at org.apache.hadoop.ozone.protocolPB.OzoneManagerRequestHandler.getOzoneFileStatus(OzoneManagerRequestHandler.java:871) ~[ozone-manager-1.3.0-SNAPSHOT.jar:?]
	at org.apache.hadoop.ozone.protocolPB.OzoneManagerRequestHandler.handleReadRequest(OzoneManagerRequestHandler.java:217) ~[ozone-manager-1.3.0-SNAPSHOT.jar:?]
	at org.apache.hadoop.ozone.protocolPB.OzoneManagerProtocolServerSideTranslatorPB.submitReadRequestToOM(OzoneManagerProtocolServerSideTranslatorPB.java:225) ~[ozone-manager-1.3.0-SNAPSHOT.jar:?]
	at org.apache.hadoop.ozone.protocolPB.OzoneManagerProtocolServerSideTranslatorPB.processRequest(OzoneManagerProtocolServerSideTranslatorPB.java:175) ~[ozone-manager-1.3.0-SNAPSHOT.jar:?]
	at org.apache.hadoop.hdds.server.OzoneProtocolMessageDispatcher.processRequest(OzoneProtocolMessageDispatcher.java:87) [hdds-server-framework-1.3.0-SNAPSHOT.jar:?]
	at org.apache.hadoop.ozone.protocolPB.OzoneManagerProtocolServerSideTranslatorPB.submitRequest(OzoneManagerProtocolServerSideTranslatorPB.java:147) [ozone-manager-1.3.0-SNAPSHOT.jar:?]
	at org.apache.hadoop.ozone.protocol.proto.OzoneManagerProtocolProtos$OzoneManagerService$2.callBlockingMethod(OzoneManagerProtocolProtos.java) [ozone-interface-client-1.3.0-SNAPSHOT.jar:?]
	at org.apache.hadoop.ipc.ProtobufRpcEngine$Server.processCall(ProtobufRpcEngine.java:466) [hadoop-common-3.3.1.jar:?]
	at org.apache.hadoop.ipc.ProtobufRpcEngine2$Server$ProtoBufRpcInvoker.call(ProtobufRpcEngine2.java:574) [hadoop-common-3.3.1.jar:?]
	at org.apache.hadoop.ipc.ProtobufRpcEngine2$Server$ProtoBufRpcInvoker.call(ProtobufRpcEngine2.java:552) [hadoop-common-3.3.1.jar:?]
	at org.apache.hadoop.ipc.RPC$Server.call(RPC.java:1093) [hadoop-common-3.3.1.jar:?]
	at org.apache.hadoop.ipc.Server$RpcCall.run(Server.java:1035) [hadoop-common-3.3.1.jar:?]
	at org.apache.hadoop.ipc.Server$RpcCall.run(Server.java:963) [hadoop-common-3.3.1.jar:?]
	at java.security.AccessController.doPrivileged(Native Method) ~[?:1.8.0_332]
	at javax.security.auth.Subject.doAs(Subject.java:422) [?:1.8.0_332]
	at org.apache.hadoop.security.UserGroupInformation.doAs(UserGroupInformation.java:1878) [hadoop-common-3.3.1.jar:?]
	at org.apache.hadoop.ipc.Server$Handler.run(Server.java:2966) [hadoop-common-3.3.1.jar:?]
]]></system-out>
  </testcase>
  <testcase name="testGetTrashRoots" classname="TestOzoneFileSystem" time="0.034">
    <system-out><![CDATA[13:08:58.307 [IPC Server handler 4 on default port 38405] ERROR OMAudit - user=runner | ip=127.0.0.1 | op=GET_FILE_STATUS {volume=volume84440, bucket=bucket08814, key=.Trash/runner, dataSize=0, replicationConfig=null} | ret=FAILURE
org.apache.hadoop.ozone.om.exceptions.OMException: Unable to get file status: volume: volume84440 bucket: bucket08814 key: .Trash/runner
	at org.apache.hadoop.ozone.om.KeyManagerImpl.getOzoneFileStatus(KeyManagerImpl.java:1283) ~[ozone-manager-1.3.0-SNAPSHOT.jar:?]
	at org.apache.hadoop.ozone.om.KeyManagerImpl.getFileStatus(KeyManagerImpl.java:1213) ~[ozone-manager-1.3.0-SNAPSHOT.jar:?]
	at org.apache.hadoop.ozone.om.OzoneManager.getFileStatus(OzoneManager.java:3419) ~[ozone-manager-1.3.0-SNAPSHOT.jar:?]
	at org.apache.hadoop.ozone.protocolPB.OzoneManagerRequestHandler.getOzoneFileStatus(OzoneManagerRequestHandler.java:871) ~[ozone-manager-1.3.0-SNAPSHOT.jar:?]
	at org.apache.hadoop.ozone.protocolPB.OzoneManagerRequestHandler.handleReadRequest(OzoneManagerRequestHandler.java:217) ~[ozone-manager-1.3.0-SNAPSHOT.jar:?]
	at org.apache.hadoop.ozone.protocolPB.OzoneManagerProtocolServerSideTranslatorPB.submitRequestDirectlyToOM(OzoneManagerProtocolServerSideTranslatorPB.java:284) ~[ozone-manager-1.3.0-SNAPSHOT.jar:?]
	at org.apache.hadoop.ozone.protocolPB.OzoneManagerProtocolServerSideTranslatorPB.processRequest(OzoneManagerProtocolServerSideTranslatorPB.java:207) ~[ozone-manager-1.3.0-SNAPSHOT.jar:?]
	at org.apache.hadoop.hdds.server.OzoneProtocolMessageDispatcher.processRequest(OzoneProtocolMessageDispatcher.java:87) [hdds-server-framework-1.3.0-SNAPSHOT.jar:?]
	at org.apache.hadoop.ozone.protocolPB.OzoneManagerProtocolServerSideTranslatorPB.submitRequest(OzoneManagerProtocolServerSideTranslatorPB.java:147) [ozone-manager-1.3.0-SNAPSHOT.jar:?]
	at org.apache.hadoop.ozone.protocol.proto.OzoneManagerProtocolProtos$OzoneManagerService$2.callBlockingMethod(OzoneManagerProtocolProtos.java) [ozone-interface-client-1.3.0-SNAPSHOT.jar:?]
	at org.apache.hadoop.ipc.ProtobufRpcEngine$Server.processCall(ProtobufRpcEngine.java:466) [hadoop-common-3.3.1.jar:?]
	at org.apache.hadoop.ipc.ProtobufRpcEngine2$Server$ProtoBufRpcInvoker.call(ProtobufRpcEngine2.java:574) [hadoop-common-3.3.1.jar:?]
	at org.apache.hadoop.ipc.ProtobufRpcEngine2$Server$ProtoBufRpcInvoker.call(ProtobufRpcEngine2.java:552) [hadoop-common-3.3.1.jar:?]
	at org.apache.hadoop.ipc.RPC$Server.call(RPC.java:1093) [hadoop-common-3.3.1.jar:?]
	at org.apache.hadoop.ipc.Server$RpcCall.run(Server.java:1035) [hadoop-common-3.3.1.jar:?]
	at org.apache.hadoop.ipc.Server$RpcCall.run(Server.java:963) [hadoop-common-3.3.1.jar:?]
	at java.security.AccessController.doPrivileged(Native Method) ~[?:1.8.0_332]
	at javax.security.auth.Subject.doAs(Subject.java:422) [?:1.8.0_332]
	at org.apache.hadoop.security.UserGroupInformation.doAs(UserGroupInformation.java:1878) [hadoop-common-3.3.1.jar:?]
	at org.apache.hadoop.ipc.Server$Handler.run(Server.java:2966) [hadoop-common-3.3.1.jar:?]
]]></system-out>
  </testcase>
  <testcase name="testCreateDoesNotAddParentDirKeys" classname="TestOzoneFileSystem" time="0.053">
    <system-out><![CDATA[13:05:08.853 [IPC Server handler 18 on default port 33959] ERROR OMAudit - user=runner | ip=127.0.0.1 | op=READ_KEY {volume=volume58940, bucket=bucket47939, key=testCreateDoesNotAddParentDirKeys/parent/, dataSize=0, replicationConfig=null} | ret=FAILURE
org.apache.hadoop.ozone.om.exceptions.OMException: Key:testCreateDoesNotAddParentDirKeys/parent not found
	at org.apache.hadoop.ozone.om.KeyManagerImpl.lookupKey(KeyManagerImpl.java:375) ~[ozone-manager-1.3.0-SNAPSHOT.jar:?]
	at org.apache.hadoop.ozone.om.OzoneManager.lookupKey(OzoneManager.java:2817) ~[ozone-manager-1.3.0-SNAPSHOT.jar:?]
	at org.apache.hadoop.ozone.protocolPB.OzoneManagerRequestHandler.lookupKey(OzoneManagerRequestHandler.java:484) ~[ozone-manager-1.3.0-SNAPSHOT.jar:?]
	at org.apache.hadoop.ozone.protocolPB.OzoneManagerRequestHandler.handleReadRequest(OzoneManagerRequestHandler.java:182) ~[ozone-manager-1.3.0-SNAPSHOT.jar:?]
	at org.apache.hadoop.ozone.protocolPB.OzoneManagerProtocolServerSideTranslatorPB.submitReadRequestToOM(OzoneManagerProtocolServerSideTranslatorPB.java:225) ~[ozone-manager-1.3.0-SNAPSHOT.jar:?]
	at org.apache.hadoop.ozone.protocolPB.OzoneManagerProtocolServerSideTranslatorPB.processRequest(OzoneManagerProtocolServerSideTranslatorPB.java:175) ~[ozone-manager-1.3.0-SNAPSHOT.jar:?]
	at org.apache.hadoop.hdds.server.OzoneProtocolMessageDispatcher.processRequest(OzoneProtocolMessageDispatcher.java:87) [hdds-server-framework-1.3.0-SNAPSHOT.jar:?]
	at org.apache.hadoop.ozone.protocolPB.OzoneManagerProtocolServerSideTranslatorPB.submitRequest(OzoneManagerProtocolServerSideTranslatorPB.java:147) [ozone-manager-1.3.0-SNAPSHOT.jar:?]
	at org.apache.hadoop.ozone.protocol.proto.OzoneManagerProtocolProtos$OzoneManagerService$2.callBlockingMethod(OzoneManagerProtocolProtos.java) [ozone-interface-client-1.3.0-SNAPSHOT.jar:?]
	at org.apache.hadoop.ipc.ProtobufRpcEngine$Server.processCall(ProtobufRpcEngine.java:466) [hadoop-common-3.3.1.jar:?]
	at org.apache.hadoop.ipc.ProtobufRpcEngine2$Server$ProtoBufRpcInvoker.call(ProtobufRpcEngine2.java:574) [hadoop-common-3.3.1.jar:?]
	at org.apache.hadoop.ipc.ProtobufRpcEngine2$Server$ProtoBufRpcInvoker.call(ProtobufRpcEngine2.java:552) [hadoop-common-3.3.1.jar:?]
	at org.apache.hadoop.ipc.RPC$Server.call(RPC.java:1093) [hadoop-common-3.3.1.jar:?]
	at org.apache.hadoop.ipc.Server$RpcCall.run(Server.java:1035) [hadoop-common-3.3.1.jar:?]
	at org.apache.hadoop.ipc.Server$RpcCall.run(Server.java:963) [hadoop-common-3.3.1.jar:?]
	at java.security.AccessController.doPrivileged(Native Method) ~[?:1.8.0_332]
	at javax.security.auth.Subject.doAs(Subject.java:422) [?:1.8.0_332]
	at org.apache.hadoop.security.UserGroupInformation.doAs(UserGroupInformation.java:1878) [hadoop-common-3.3.1.jar:?]
	at org.apache.hadoop.ipc.Server$Handler.run(Server.java:2966) [hadoop-common-3.3.1.jar:?]
]]></system-out>
  </testcase>
  <testcase name="testCreateDoesNotAddParentDirKeys" classname="TestOzoneFileSystem" time="0.124">
    <system-out><![CDATA[13:06:26.530 [IPC Server handler 9 on default port 45241] ERROR OMAudit - user=runner | ip=127.0.0.1 | op=READ_KEY {volume=volume87664, bucket=bucket74908, key=testCreateDoesNotAddParentDirKeys/parent/, dataSize=0, replicationConfig=null} | ret=FAILURE
org.apache.hadoop.ozone.om.exceptions.OMException: Key:testCreateDoesNotAddParentDirKeys/parent not found
	at org.apache.hadoop.ozone.om.KeyManagerImpl.lookupKey(KeyManagerImpl.java:375) ~[ozone-manager-1.3.0-SNAPSHOT.jar:?]
	at org.apache.hadoop.ozone.om.OzoneManager.lookupKey(OzoneManager.java:2817) ~[ozone-manager-1.3.0-SNAPSHOT.jar:?]
	at org.apache.hadoop.ozone.protocolPB.OzoneManagerRequestHandler.lookupKey(OzoneManagerRequestHandler.java:484) ~[ozone-manager-1.3.0-SNAPSHOT.jar:?]
	at org.apache.hadoop.ozone.protocolPB.OzoneManagerRequestHandler.handleReadRequest(OzoneManagerRequestHandler.java:182) ~[ozone-manager-1.3.0-SNAPSHOT.jar:?]
	at org.apache.hadoop.ozone.protocolPB.OzoneManagerProtocolServerSideTranslatorPB.submitRequestDirectlyToOM(OzoneManagerProtocolServerSideTranslatorPB.java:284) ~[ozone-manager-1.3.0-SNAPSHOT.jar:?]
	at org.apache.hadoop.ozone.protocolPB.OzoneManagerProtocolServerSideTranslatorPB.processRequest(OzoneManagerProtocolServerSideTranslatorPB.java:207) ~[ozone-manager-1.3.0-SNAPSHOT.jar:?]
	at org.apache.hadoop.hdds.server.OzoneProtocolMessageDispatcher.processRequest(OzoneProtocolMessageDispatcher.java:87) [hdds-server-framework-1.3.0-SNAPSHOT.jar:?]
	at org.apache.hadoop.ozone.protocolPB.OzoneManagerProtocolServerSideTranslatorPB.submitRequest(OzoneManagerProtocolServerSideTranslatorPB.java:147) [ozone-manager-1.3.0-SNAPSHOT.jar:?]
	at org.apache.hadoop.ozone.protocol.proto.OzoneManagerProtocolProtos$OzoneManagerService$2.callBlockingMethod(OzoneManagerProtocolProtos.java) [ozone-interface-client-1.3.0-SNAPSHOT.jar:?]
	at org.apache.hadoop.ipc.ProtobufRpcEngine$Server.processCall(ProtobufRpcEngine.java:466) [hadoop-common-3.3.1.jar:?]
	at org.apache.hadoop.ipc.ProtobufRpcEngine2$Server$ProtoBufRpcInvoker.call(ProtobufRpcEngine2.java:574) [hadoop-common-3.3.1.jar:?]
	at org.apache.hadoop.ipc.ProtobufRpcEngine2$Server$ProtoBufRpcInvoker.call(ProtobufRpcEngine2.java:552) [hadoop-common-3.3.1.jar:?]
	at org.apache.hadoop.ipc.RPC$Server.call(RPC.java:1093) [hadoop-common-3.3.1.jar:?]
	at org.apache.hadoop.ipc.Server$RpcCall.run(Server.java:1035) [hadoop-common-3.3.1.jar:?]
	at org.apache.hadoop.ipc.Server$RpcCall.run(Server.java:963) [hadoop-common-3.3.1.jar:?]
	at java.security.AccessController.doPrivileged(Native Method) ~[?:1.8.0_332]
	at javax.security.auth.Subject.doAs(Subject.java:422) [?:1.8.0_332]
	at org.apache.hadoop.security.UserGroupInformation.doAs(UserGroupInformation.java:1878) [hadoop-common-3.3.1.jar:?]
	at org.apache.hadoop.ipc.Server$Handler.run(Server.java:2966) [hadoop-common-3.3.1.jar:?]
]]></system-out>
  </testcase>
  <testcase name="testCreateDoesNotAddParentDirKeys" classname="TestOzoneFileSystem" time="0.12"/>
  <testcase name="testCreateDoesNotAddParentDirKeys" classname="TestOzoneFileSystem" time="0.271"/>
  <testcase name="testDeleteCreatesFakeParentDir" classname="TestOzoneFileSystem" time="0.046">
    <system-out><![CDATA[13:05:08.895 [IPC Server handler 6 on default port 33959] ERROR OMAudit - user=runner | ip=127.0.0.1 | op=READ_KEY {volume=volume58940, bucket=bucket47939, key=testDeleteCreatesFakeParentDir/parent/, dataSize=0, replicationConfig=null} | ret=FAILURE
org.apache.hadoop.ozone.om.exceptions.OMException: Key:testDeleteCreatesFakeParentDir/parent not found
	at org.apache.hadoop.ozone.om.KeyManagerImpl.lookupKey(KeyManagerImpl.java:375) ~[ozone-manager-1.3.0-SNAPSHOT.jar:?]
	at org.apache.hadoop.ozone.om.OzoneManager.lookupKey(OzoneManager.java:2817) ~[ozone-manager-1.3.0-SNAPSHOT.jar:?]
	at org.apache.hadoop.ozone.protocolPB.OzoneManagerRequestHandler.lookupKey(OzoneManagerRequestHandler.java:484) ~[ozone-manager-1.3.0-SNAPSHOT.jar:?]
	at org.apache.hadoop.ozone.protocolPB.OzoneManagerRequestHandler.handleReadRequest(OzoneManagerRequestHandler.java:182) ~[ozone-manager-1.3.0-SNAPSHOT.jar:?]
	at org.apache.hadoop.ozone.protocolPB.OzoneManagerProtocolServerSideTranslatorPB.submitReadRequestToOM(OzoneManagerProtocolServerSideTranslatorPB.java:225) ~[ozone-manager-1.3.0-SNAPSHOT.jar:?]
	at org.apache.hadoop.ozone.protocolPB.OzoneManagerProtocolServerSideTranslatorPB.processRequest(OzoneManagerProtocolServerSideTranslatorPB.java:175) ~[ozone-manager-1.3.0-SNAPSHOT.jar:?]
	at org.apache.hadoop.hdds.server.OzoneProtocolMessageDispatcher.processRequest(OzoneProtocolMessageDispatcher.java:87) [hdds-server-framework-1.3.0-SNAPSHOT.jar:?]
	at org.apache.hadoop.ozone.protocolPB.OzoneManagerProtocolServerSideTranslatorPB.submitRequest(OzoneManagerProtocolServerSideTranslatorPB.java:147) [ozone-manager-1.3.0-SNAPSHOT.jar:?]
	at org.apache.hadoop.ozone.protocol.proto.OzoneManagerProtocolProtos$OzoneManagerService$2.callBlockingMethod(OzoneManagerProtocolProtos.java) [ozone-interface-client-1.3.0-SNAPSHOT.jar:?]
	at org.apache.hadoop.ipc.ProtobufRpcEngine$Server.processCall(ProtobufRpcEngine.java:466) [hadoop-common-3.3.1.jar:?]
	at org.apache.hadoop.ipc.ProtobufRpcEngine2$Server$ProtoBufRpcInvoker.call(ProtobufRpcEngine2.java:574) [hadoop-common-3.3.1.jar:?]
	at org.apache.hadoop.ipc.ProtobufRpcEngine2$Server$ProtoBufRpcInvoker.call(ProtobufRpcEngine2.java:552) [hadoop-common-3.3.1.jar:?]
	at org.apache.hadoop.ipc.RPC$Server.call(RPC.java:1093) [hadoop-common-3.3.1.jar:?]
	at org.apache.hadoop.ipc.Server$RpcCall.run(Server.java:1035) [hadoop-common-3.3.1.jar:?]
	at org.apache.hadoop.ipc.Server$RpcCall.run(Server.java:963) [hadoop-common-3.3.1.jar:?]
	at java.security.AccessController.doPrivileged(Native Method) ~[?:1.8.0_332]
	at javax.security.auth.Subject.doAs(Subject.java:422) [?:1.8.0_332]
	at org.apache.hadoop.security.UserGroupInformation.doAs(UserGroupInformation.java:1878) [hadoop-common-3.3.1.jar:?]
	at org.apache.hadoop.ipc.Server$Handler.run(Server.java:2966) [hadoop-common-3.3.1.jar:?]
]]></system-out>
  </testcase>
  <testcase name="testDeleteCreatesFakeParentDir" classname="TestOzoneFileSystem" time="0.069">
    <system-out><![CDATA[13:06:26.599 [IPC Server handler 6 on default port 45241] ERROR OMAudit - user=runner | ip=127.0.0.1 | op=READ_KEY {volume=volume87664, bucket=bucket74908, key=testDeleteCreatesFakeParentDir/parent/, dataSize=0, replicationConfig=null} | ret=FAILURE
org.apache.hadoop.ozone.om.exceptions.OMException: Key:testDeleteCreatesFakeParentDir/parent not found
	at org.apache.hadoop.ozone.om.KeyManagerImpl.lookupKey(KeyManagerImpl.java:375) ~[ozone-manager-1.3.0-SNAPSHOT.jar:?]
	at org.apache.hadoop.ozone.om.OzoneManager.lookupKey(OzoneManager.java:2817) ~[ozone-manager-1.3.0-SNAPSHOT.jar:?]
	at org.apache.hadoop.ozone.protocolPB.OzoneManagerRequestHandler.lookupKey(OzoneManagerRequestHandler.java:484) ~[ozone-manager-1.3.0-SNAPSHOT.jar:?]
	at org.apache.hadoop.ozone.protocolPB.OzoneManagerRequestHandler.handleReadRequest(OzoneManagerRequestHandler.java:182) ~[ozone-manager-1.3.0-SNAPSHOT.jar:?]
	at org.apache.hadoop.ozone.protocolPB.OzoneManagerProtocolServerSideTranslatorPB.submitRequestDirectlyToOM(OzoneManagerProtocolServerSideTranslatorPB.java:284) ~[ozone-manager-1.3.0-SNAPSHOT.jar:?]
	at org.apache.hadoop.ozone.protocolPB.OzoneManagerProtocolServerSideTranslatorPB.processRequest(OzoneManagerProtocolServerSideTranslatorPB.java:207) ~[ozone-manager-1.3.0-SNAPSHOT.jar:?]
	at org.apache.hadoop.hdds.server.OzoneProtocolMessageDispatcher.processRequest(OzoneProtocolMessageDispatcher.java:87) [hdds-server-framework-1.3.0-SNAPSHOT.jar:?]
	at org.apache.hadoop.ozone.protocolPB.OzoneManagerProtocolServerSideTranslatorPB.submitRequest(OzoneManagerProtocolServerSideTranslatorPB.java:147) [ozone-manager-1.3.0-SNAPSHOT.jar:?]
	at org.apache.hadoop.ozone.protocol.proto.OzoneManagerProtocolProtos$OzoneManagerService$2.callBlockingMethod(OzoneManagerProtocolProtos.java) [ozone-interface-client-1.3.0-SNAPSHOT.jar:?]
	at org.apache.hadoop.ipc.ProtobufRpcEngine$Server.processCall(ProtobufRpcEngine.java:466) [hadoop-common-3.3.1.jar:?]
	at org.apache.hadoop.ipc.ProtobufRpcEngine2$Server$ProtoBufRpcInvoker.call(ProtobufRpcEngine2.java:574) [hadoop-common-3.3.1.jar:?]
	at org.apache.hadoop.ipc.ProtobufRpcEngine2$Server$ProtoBufRpcInvoker.call(ProtobufRpcEngine2.java:552) [hadoop-common-3.3.1.jar:?]
	at org.apache.hadoop.ipc.RPC$Server.call(RPC.java:1093) [hadoop-common-3.3.1.jar:?]
	at org.apache.hadoop.ipc.Server$RpcCall.run(Server.java:1035) [hadoop-common-3.3.1.jar:?]
	at org.apache.hadoop.ipc.Server$RpcCall.run(Server.java:963) [hadoop-common-3.3.1.jar:?]
	at java.security.AccessController.doPrivileged(Native Method) ~[?:1.8.0_332]
	at javax.security.auth.Subject.doAs(Subject.java:422) [?:1.8.0_332]
	at org.apache.hadoop.security.UserGroupInformation.doAs(UserGroupInformation.java:1878) [hadoop-common-3.3.1.jar:?]
	at org.apache.hadoop.ipc.Server$Handler.run(Server.java:2966) [hadoop-common-3.3.1.jar:?]
]]></system-out>
  </testcase>
  <testcase name="testDeleteCreatesFakeParentDir" classname="TestOzoneFileSystem" time="0.099"/>
  <testcase name="testDeleteCreatesFakeParentDir" classname="TestOzoneFileSystem" time="0.114">
    <system-out><![CDATA[2022-06-19 13:08:58,692 [001c296a-5799-42a4-87a9-6a5b930e2f27@group-027D6B80B311-FollowerState] INFO  impl.FollowerState (FollowerState.java:run(143)) - 001c296a-5799-42a4-87a9-6a5b930e2f27@group-027D6B80B311-FollowerState: change to CANDIDATE, lastRpcElapsedTime:5034811315ns, electionTimeout:5034ms
2022-06-19 13:08:58,692 [001c296a-5799-42a4-87a9-6a5b930e2f27@group-027D6B80B311-FollowerState] INFO  impl.RoleInfo (RoleInfo.java:shutdownFollowerState(110)) - 001c296a-5799-42a4-87a9-6a5b930e2f27: shutdown 001c296a-5799-42a4-87a9-6a5b930e2f27@group-027D6B80B311-FollowerState
2022-06-19 13:08:58,692 [001c296a-5799-42a4-87a9-6a5b930e2f27@group-027D6B80B311-FollowerState] INFO  server.RaftServer$Division (RaftServerImpl.java:setRole(299)) - 001c296a-5799-42a4-87a9-6a5b930e2f27@group-027D6B80B311: changes role from  FOLLOWER to CANDIDATE at term 2 for changeToCandidate
2022-06-19 13:08:58,693 [001c296a-5799-42a4-87a9-6a5b930e2f27@group-027D6B80B311-FollowerState] INFO  server.RaftServerConfigKeys (ConfUtils.java:logGet(46)) - raft.server.leaderelection.pre-vote = false (custom)
2022-06-19 13:08:58,693 [001c296a-5799-42a4-87a9-6a5b930e2f27@group-027D6B80B311-FollowerState] INFO  impl.RoleInfo (RoleInfo.java:updateAndGet(139)) - 001c296a-5799-42a4-87a9-6a5b930e2f27: start 001c296a-5799-42a4-87a9-6a5b930e2f27@group-027D6B80B311-LeaderElection77
]]></system-out>
  </testcase>
  <testcase name="testNonExplicitlyCreatedPathExistsAfterItsLeafsWereRemoved" classname="TestOzoneFileSystem" time="0.044">
    <system-out><![CDATA[13:05:08.928 [IPC Server handler 0 on default port 33959] ERROR OMAudit - user=runner | ip=127.0.0.1 | op=GET_FILE_STATUS {volume=volume58940, bucket=bucket47939, key=target/leaf, dataSize=0, replicationConfig=null} | ret=FAILURE
org.apache.hadoop.ozone.om.exceptions.OMException: Unable to get file status: volume: volume58940 bucket: bucket47939 key: target/leaf
	at org.apache.hadoop.ozone.om.KeyManagerImpl.getOzoneFileStatus(KeyManagerImpl.java:1283) ~[ozone-manager-1.3.0-SNAPSHOT.jar:?]
	at org.apache.hadoop.ozone.om.KeyManagerImpl.getFileStatus(KeyManagerImpl.java:1213) ~[ozone-manager-1.3.0-SNAPSHOT.jar:?]
	at org.apache.hadoop.ozone.om.OzoneManager.getFileStatus(OzoneManager.java:3419) ~[ozone-manager-1.3.0-SNAPSHOT.jar:?]
	at org.apache.hadoop.ozone.protocolPB.OzoneManagerRequestHandler.getOzoneFileStatus(OzoneManagerRequestHandler.java:871) ~[ozone-manager-1.3.0-SNAPSHOT.jar:?]
	at org.apache.hadoop.ozone.protocolPB.OzoneManagerRequestHandler.handleReadRequest(OzoneManagerRequestHandler.java:217) ~[ozone-manager-1.3.0-SNAPSHOT.jar:?]
	at org.apache.hadoop.ozone.protocolPB.OzoneManagerProtocolServerSideTranslatorPB.submitReadRequestToOM(OzoneManagerProtocolServerSideTranslatorPB.java:225) ~[ozone-manager-1.3.0-SNAPSHOT.jar:?]
	at org.apache.hadoop.ozone.protocolPB.OzoneManagerProtocolServerSideTranslatorPB.processRequest(OzoneManagerProtocolServerSideTranslatorPB.java:175) ~[ozone-manager-1.3.0-SNAPSHOT.jar:?]
	at org.apache.hadoop.hdds.server.OzoneProtocolMessageDispatcher.processRequest(OzoneProtocolMessageDispatcher.java:87) [hdds-server-framework-1.3.0-SNAPSHOT.jar:?]
	at org.apache.hadoop.ozone.protocolPB.OzoneManagerProtocolServerSideTranslatorPB.submitRequest(OzoneManagerProtocolServerSideTranslatorPB.java:147) [ozone-manager-1.3.0-SNAPSHOT.jar:?]
	at org.apache.hadoop.ozone.protocol.proto.OzoneManagerProtocolProtos$OzoneManagerService$2.callBlockingMethod(OzoneManagerProtocolProtos.java) [ozone-interface-client-1.3.0-SNAPSHOT.jar:?]
	at org.apache.hadoop.ipc.ProtobufRpcEngine$Server.processCall(ProtobufRpcEngine.java:466) [hadoop-common-3.3.1.jar:?]
	at org.apache.hadoop.ipc.ProtobufRpcEngine2$Server$ProtoBufRpcInvoker.call(ProtobufRpcEngine2.java:574) [hadoop-common-3.3.1.jar:?]
	at org.apache.hadoop.ipc.ProtobufRpcEngine2$Server$ProtoBufRpcInvoker.call(ProtobufRpcEngine2.java:552) [hadoop-common-3.3.1.jar:?]
	at org.apache.hadoop.ipc.RPC$Server.call(RPC.java:1093) [hadoop-common-3.3.1.jar:?]
	at org.apache.hadoop.ipc.Server$RpcCall.run(Server.java:1035) [hadoop-common-3.3.1.jar:?]
	at org.apache.hadoop.ipc.Server$RpcCall.run(Server.java:963) [hadoop-common-3.3.1.jar:?]
	at java.security.AccessController.doPrivileged(Native Method) ~[?:1.8.0_332]
	at javax.security.auth.Subject.doAs(Subject.java:422) [?:1.8.0_332]
	at org.apache.hadoop.security.UserGroupInformation.doAs(UserGroupInformation.java:1878) [hadoop-common-3.3.1.jar:?]
	at org.apache.hadoop.ipc.Server$Handler.run(Server.java:2966) [hadoop-common-3.3.1.jar:?]
]]></system-out>
  </testcase>
  <testcase name="testNonExplicitlyCreatedPathExistsAfterItsLeafsWereRemoved" classname="TestOzoneFileSystem" time="0.036">
    <system-out><![CDATA[13:06:26.625 [IPC Server handler 15 on default port 45241] ERROR OMAudit - user=runner | ip=127.0.0.1 | op=GET_FILE_STATUS {volume=volume87664, bucket=bucket74908, key=target/leaf, dataSize=0, replicationConfig=null} | ret=FAILURE
org.apache.hadoop.ozone.om.exceptions.OMException: Unable to get file status: volume: volume87664 bucket: bucket74908 key: target/leaf
	at org.apache.hadoop.ozone.om.KeyManagerImpl.getOzoneFileStatus(KeyManagerImpl.java:1283) ~[ozone-manager-1.3.0-SNAPSHOT.jar:?]
	at org.apache.hadoop.ozone.om.KeyManagerImpl.getFileStatus(KeyManagerImpl.java:1213) ~[ozone-manager-1.3.0-SNAPSHOT.jar:?]
	at org.apache.hadoop.ozone.om.OzoneManager.getFileStatus(OzoneManager.java:3419) ~[ozone-manager-1.3.0-SNAPSHOT.jar:?]
	at org.apache.hadoop.ozone.protocolPB.OzoneManagerRequestHandler.getOzoneFileStatus(OzoneManagerRequestHandler.java:871) ~[ozone-manager-1.3.0-SNAPSHOT.jar:?]
	at org.apache.hadoop.ozone.protocolPB.OzoneManagerRequestHandler.handleReadRequest(OzoneManagerRequestHandler.java:217) ~[ozone-manager-1.3.0-SNAPSHOT.jar:?]
	at org.apache.hadoop.ozone.protocolPB.OzoneManagerProtocolServerSideTranslatorPB.submitRequestDirectlyToOM(OzoneManagerProtocolServerSideTranslatorPB.java:284) ~[ozone-manager-1.3.0-SNAPSHOT.jar:?]
	at org.apache.hadoop.ozone.protocolPB.OzoneManagerProtocolServerSideTranslatorPB.processRequest(OzoneManagerProtocolServerSideTranslatorPB.java:207) ~[ozone-manager-1.3.0-SNAPSHOT.jar:?]
	at org.apache.hadoop.hdds.server.OzoneProtocolMessageDispatcher.processRequest(OzoneProtocolMessageDispatcher.java:87) [hdds-server-framework-1.3.0-SNAPSHOT.jar:?]
	at org.apache.hadoop.ozone.protocolPB.OzoneManagerProtocolServerSideTranslatorPB.submitRequest(OzoneManagerProtocolServerSideTranslatorPB.java:147) [ozone-manager-1.3.0-SNAPSHOT.jar:?]
	at org.apache.hadoop.ozone.protocol.proto.OzoneManagerProtocolProtos$OzoneManagerService$2.callBlockingMethod(OzoneManagerProtocolProtos.java) [ozone-interface-client-1.3.0-SNAPSHOT.jar:?]
	at org.apache.hadoop.ipc.ProtobufRpcEngine$Server.processCall(ProtobufRpcEngine.java:466) [hadoop-common-3.3.1.jar:?]
	at org.apache.hadoop.ipc.ProtobufRpcEngine2$Server$ProtoBufRpcInvoker.call(ProtobufRpcEngine2.java:574) [hadoop-common-3.3.1.jar:?]
	at org.apache.hadoop.ipc.ProtobufRpcEngine2$Server$ProtoBufRpcInvoker.call(ProtobufRpcEngine2.java:552) [hadoop-common-3.3.1.jar:?]
	at org.apache.hadoop.ipc.RPC$Server.call(RPC.java:1093) [hadoop-common-3.3.1.jar:?]
	at org.apache.hadoop.ipc.Server$RpcCall.run(Server.java:1035) [hadoop-common-3.3.1.jar:?]
	at org.apache.hadoop.ipc.Server$RpcCall.run(Server.java:963) [hadoop-common-3.3.1.jar:?]
	at java.security.AccessController.doPrivileged(Native Method) ~[?:1.8.0_332]
	at javax.security.auth.Subject.doAs(Subject.java:422) [?:1.8.0_332]
	at org.apache.hadoop.security.UserGroupInformation.doAs(UserGroupInformation.java:1878) [hadoop-common-3.3.1.jar:?]
	at org.apache.hadoop.ipc.Server$Handler.run(Server.java:2966) [hadoop-common-3.3.1.jar:?]
]]></system-out>
  </testcase>
  <testcase name="testNonExplicitlyCreatedPathExistsAfterItsLeafsWereRemoved" classname="TestOzoneFileSystem" time="0.061">
    <system-out><![CDATA[13:07:42.149 [IPC Server handler 2 on default port 41441] ERROR OMAudit - user=runner | ip=127.0.0.1 | op=GET_FILE_STATUS {volume=volume07034, bucket=bucket87468, key=target/leaf, dataSize=0, replicationConfig=null} | ret=FAILURE
org.apache.hadoop.ozone.om.exceptions.OMException: Unable to get file status: volume: volume07034 bucket: bucket87468 key: target/leaf
	at org.apache.hadoop.ozone.om.KeyManagerImpl.getOzoneFileStatus(KeyManagerImpl.java:1283) ~[ozone-manager-1.3.0-SNAPSHOT.jar:?]
	at org.apache.hadoop.ozone.om.KeyManagerImpl.getFileStatus(KeyManagerImpl.java:1213) ~[ozone-manager-1.3.0-SNAPSHOT.jar:?]
	at org.apache.hadoop.ozone.om.OzoneManager.getFileStatus(OzoneManager.java:3419) ~[ozone-manager-1.3.0-SNAPSHOT.jar:?]
	at org.apache.hadoop.ozone.protocolPB.OzoneManagerRequestHandler.getOzoneFileStatus(OzoneManagerRequestHandler.java:871) ~[ozone-manager-1.3.0-SNAPSHOT.jar:?]
	at org.apache.hadoop.ozone.protocolPB.OzoneManagerRequestHandler.handleReadRequest(OzoneManagerRequestHandler.java:217) ~[ozone-manager-1.3.0-SNAPSHOT.jar:?]
	at org.apache.hadoop.ozone.protocolPB.OzoneManagerProtocolServerSideTranslatorPB.submitReadRequestToOM(OzoneManagerProtocolServerSideTranslatorPB.java:225) ~[ozone-manager-1.3.0-SNAPSHOT.jar:?]
	at org.apache.hadoop.ozone.protocolPB.OzoneManagerProtocolServerSideTranslatorPB.processRequest(OzoneManagerProtocolServerSideTranslatorPB.java:175) ~[ozone-manager-1.3.0-SNAPSHOT.jar:?]
	at org.apache.hadoop.hdds.server.OzoneProtocolMessageDispatcher.processRequest(OzoneProtocolMessageDispatcher.java:87) [hdds-server-framework-1.3.0-SNAPSHOT.jar:?]
	at org.apache.hadoop.ozone.protocolPB.OzoneManagerProtocolServerSideTranslatorPB.submitRequest(OzoneManagerProtocolServerSideTranslatorPB.java:147) [ozone-manager-1.3.0-SNAPSHOT.jar:?]
	at org.apache.hadoop.ozone.protocol.proto.OzoneManagerProtocolProtos$OzoneManagerService$2.callBlockingMethod(OzoneManagerProtocolProtos.java) [ozone-interface-client-1.3.0-SNAPSHOT.jar:?]
	at org.apache.hadoop.ipc.ProtobufRpcEngine$Server.processCall(ProtobufRpcEngine.java:466) [hadoop-common-3.3.1.jar:?]
	at org.apache.hadoop.ipc.ProtobufRpcEngine2$Server$ProtoBufRpcInvoker.call(ProtobufRpcEngine2.java:574) [hadoop-common-3.3.1.jar:?]
	at org.apache.hadoop.ipc.ProtobufRpcEngine2$Server$ProtoBufRpcInvoker.call(ProtobufRpcEngine2.java:552) [hadoop-common-3.3.1.jar:?]
	at org.apache.hadoop.ipc.RPC$Server.call(RPC.java:1093) [hadoop-common-3.3.1.jar:?]
	at org.apache.hadoop.ipc.Server$RpcCall.run(Server.java:1035) [hadoop-common-3.3.1.jar:?]
	at org.apache.hadoop.ipc.Server$RpcCall.run(Server.java:963) [hadoop-common-3.3.1.jar:?]
	at java.security.AccessController.doPrivileged(Native Method) ~[?:1.8.0_332]
	at javax.security.auth.Subject.doAs(Subject.java:422) [?:1.8.0_332]
	at org.apache.hadoop.security.UserGroupInformation.doAs(UserGroupInformation.java:1878) [hadoop-common-3.3.1.jar:?]
	at org.apache.hadoop.ipc.Server$Handler.run(Server.java:2966) [hadoop-common-3.3.1.jar:?]
]]></system-out>
  </testcase>
  <testcase name="testNonExplicitlyCreatedPathExistsAfterItsLeafsWereRemoved" classname="TestOzoneFileSystem" time="0.042">
    <system-out><![CDATA[2022-06-19 13:08:58,734 [001c296a-5799-42a4-87a9-6a5b930e2f27@group-027D6B80B311-LeaderElection77] INFO  impl.LeaderElection (LeaderElection.java:askForVotes(310)) - 001c296a-5799-42a4-87a9-6a5b930e2f27@group-027D6B80B311-LeaderElection77 ELECTION round 0: submit vote requests at term 3 for -1: [eb4bc65c-b727-4ac3-a516-6687464fc4a1|rpc:10.1.0.4:33363|dataStream:|priority:0, 001c296a-5799-42a4-87a9-6a5b930e2f27|rpc:10.1.0.4:45007|dataStream:|priority:1, 159ddede-8ddd-4508-a461-c1de976ef966|rpc:10.1.0.4:35015|dataStream:|priority:0], old=null
13:08:58.746 [IPC Server handler 13 on default port 38405] ERROR OMAudit - user=runner | ip=127.0.0.1 | op=GET_FILE_STATUS {volume=volume84440, bucket=bucket08814, key=target/leaf, dataSize=0, replicationConfig=null} | ret=FAILURE
org.apache.hadoop.ozone.om.exceptions.OMException: Unable to get file status: volume: volume84440 bucket: bucket08814 key: target/leaf
	at org.apache.hadoop.ozone.om.KeyManagerImpl.getOzoneFileStatus(KeyManagerImpl.java:1283) ~[ozone-manager-1.3.0-SNAPSHOT.jar:?]
	at org.apache.hadoop.ozone.om.KeyManagerImpl.getFileStatus(KeyManagerImpl.java:1213) ~[ozone-manager-1.3.0-SNAPSHOT.jar:?]
	at org.apache.hadoop.ozone.om.OzoneManager.getFileStatus(OzoneManager.java:3419) ~[ozone-manager-1.3.0-SNAPSHOT.jar:?]
	at org.apache.hadoop.ozone.protocolPB.OzoneManagerRequestHandler.getOzoneFileStatus(OzoneManagerRequestHandler.java:871) ~[ozone-manager-1.3.0-SNAPSHOT.jar:?]
	at org.apache.hadoop.ozone.protocolPB.OzoneManagerRequestHandler.handleReadRequest(OzoneManagerRequestHandler.java:217) ~[ozone-manager-1.3.0-SNAPSHOT.jar:?]
	at org.apache.hadoop.ozone.protocolPB.OzoneManagerProtocolServerSideTranslatorPB.submitRequestDirectlyToOM(OzoneManagerProtocolServerSideTranslatorPB.java:284) ~[ozone-manager-1.3.0-SNAPSHOT.jar:?]
	at org.apache.hadoop.ozone.protocolPB.OzoneManagerProtocolServerSideTranslatorPB.processRequest(OzoneManagerProtocolServerSideTranslatorPB.java:207) ~[ozone-manager-1.3.0-SNAPSHOT.jar:?]
	at org.apache.hadoop.hdds.server.OzoneProtocolMessageDispatcher.processRequest(OzoneProtocolMessageDispatcher.java:87) [hdds-server-framework-1.3.0-SNAPSHOT.jar:?]
	at org.apache.hadoop.ozone.protocolPB.OzoneManagerProtocolServerSideTranslatorPB.submitRequest(OzoneManagerProtocolServerSideTranslatorPB.java:147) [ozone-manager-1.3.0-SNAPSHOT.jar:?]
	at org.apache.hadoop.ozone.protocol.proto.OzoneManagerProtocolProtos$OzoneManagerService$2.callBlockingMethod(OzoneManagerProtocolProtos.java) [ozone-interface-client-1.3.0-SNAPSHOT.jar:?]
	at org.apache.hadoop.ipc.ProtobufRpcEngine$Server.processCall(ProtobufRpcEngine.java:466) [hadoop-common-3.3.1.jar:?]
	at org.apache.hadoop.ipc.ProtobufRpcEngine2$Server$ProtoBufRpcInvoker.call(ProtobufRpcEngine2.java:574) [hadoop-common-3.3.1.jar:?]
	at org.apache.hadoop.ipc.ProtobufRpcEngine2$Server$ProtoBufRpcInvoker.call(ProtobufRpcEngine2.java:552) [hadoop-common-3.3.1.jar:?]
	at org.apache.hadoop.ipc.RPC$Server.call(RPC.java:1093) [hadoop-common-3.3.1.jar:?]
	at org.apache.hadoop.ipc.Server$RpcCall.run(Server.java:1035) [hadoop-common-3.3.1.jar:?]
	at org.apache.hadoop.ipc.Server$RpcCall.run(Server.java:963) [hadoop-common-3.3.1.jar:?]
	at java.security.AccessController.doPrivileged(Native Method) ~[?:1.8.0_332]
	at javax.security.auth.Subject.doAs(Subject.java:422) [?:1.8.0_332]
	at org.apache.hadoop.security.UserGroupInformation.doAs(UserGroupInformation.java:1878) [hadoop-common-3.3.1.jar:?]
	at org.apache.hadoop.ipc.Server$Handler.run(Server.java:2966) [hadoop-common-3.3.1.jar:?]
]]></system-out>
  </testcase>
  <testcase name="testCreateFileShouldCheckExistenceOfDirWithSameName" classname="TestOzoneFileSystem" time="0.058">
    <system-out><![CDATA[13:05:08.977 [OM StateMachine ApplyTransaction Thread - 0] ERROR OMAudit - user=runner | ip=127.0.0.1 | op=CREATE_FILE {volume=volume58940, bucket=bucket47939, key=d1/d2/d3/d4/key2, dataSize=4194304, replicationType=RATIS, replicationFactor=THREE} | ret=FAILURE
org.apache.hadoop.ozone.om.exceptions.OMException: Can not write to directory: d1/d2/d3/d4/key2
	at org.apache.hadoop.ozone.om.request.file.OMFileCreateRequest.checkDirectoryResult(OMFileCreateRequest.java:364) ~[ozone-manager-1.3.0-SNAPSHOT.jar:?]
	at org.apache.hadoop.ozone.om.request.file.OMFileCreateRequest.validateAndUpdateCache(OMFileCreateRequest.java:240) ~[ozone-manager-1.3.0-SNAPSHOT.jar:?]
	at org.apache.hadoop.ozone.protocolPB.OzoneManagerRequestHandler.handleWriteRequest(OzoneManagerRequestHandler.java:293) ~[ozone-manager-1.3.0-SNAPSHOT.jar:?]
	at org.apache.hadoop.ozone.om.ratis.OzoneManagerStateMachine.runCommand(OzoneManagerStateMachine.java:529) ~[ozone-manager-1.3.0-SNAPSHOT.jar:?]
	at org.apache.hadoop.ozone.om.ratis.OzoneManagerStateMachine.lambda$1(OzoneManagerStateMachine.java:324) ~[ozone-manager-1.3.0-SNAPSHOT.jar:?]
	at java.util.concurrent.CompletableFuture$AsyncSupply.run(CompletableFuture.java:1604) [?:1.8.0_332]
	at java.util.concurrent.ThreadPoolExecutor.runWorker(ThreadPoolExecutor.java:1149) [?:1.8.0_332]
	at java.util.concurrent.ThreadPoolExecutor$Worker.run(ThreadPoolExecutor.java:624) [?:1.8.0_332]
	at java.lang.Thread.run(Thread.java:750) [?:1.8.0_332]
2022-06-19 13:05:08,978 [OM StateMachine ApplyTransaction Thread - 0] ERROR file.OMFileCreateRequest (OMFileCreateRequest.java:validateAndUpdateCache(337)) - File create failed. Volume:volume58940, Bucket:bucket47939, Keyd1/d2/d3/d4/key2.
NOT_A_FILE org.apache.hadoop.ozone.om.exceptions.OMException: Can not write to directory: d1/d2/d3/d4/key2
	at org.apache.hadoop.ozone.om.request.file.OMFileCreateRequest.checkDirectoryResult(OMFileCreateRequest.java:364)
	at org.apache.hadoop.ozone.om.request.file.OMFileCreateRequest.validateAndUpdateCache(OMFileCreateRequest.java:240)
	at org.apache.hadoop.ozone.protocolPB.OzoneManagerRequestHandler.handleWriteRequest(OzoneManagerRequestHandler.java:293)
	at org.apache.hadoop.ozone.om.ratis.OzoneManagerStateMachine.runCommand(OzoneManagerStateMachine.java:529)
	at org.apache.hadoop.ozone.om.ratis.OzoneManagerStateMachine.lambda$1(OzoneManagerStateMachine.java:324)
	at java.util.concurrent.CompletableFuture$AsyncSupply.run(CompletableFuture.java:1604)
	at java.util.concurrent.ThreadPoolExecutor.runWorker(ThreadPoolExecutor.java:1149)
	at java.util.concurrent.ThreadPoolExecutor$Worker.run(ThreadPoolExecutor.java:624)
	at java.lang.Thread.run(Thread.java:750)
13:05:08.996 [OM StateMachine ApplyTransaction Thread - 0] ERROR OMAudit - user=runner | ip=127.0.0.1 | op=CREATE_DIRECTORY {volume=volume58940, bucket=bucket47939, key=d1/d2/d3/d4/key3, dataSize=0, replicationType=NONE, replicationFactor=ZERO} | ret=FAILURE
org.apache.hadoop.ozone.om.exceptions.OMException: Unable to create directory: d1/d2/d3/d4/key3 in volume/bucket: volume58940/bucket47939
	at org.apache.hadoop.ozone.om.request.file.OMDirectoryCreateRequest.validateAndUpdateCache(OMDirectoryCreateRequest.java:198) ~[ozone-manager-1.3.0-SNAPSHOT.jar:?]
	at org.apache.hadoop.ozone.protocolPB.OzoneManagerRequestHandler.handleWriteRequest(OzoneManagerRequestHandler.java:293) ~[ozone-manager-1.3.0-SNAPSHOT.jar:?]
	at org.apache.hadoop.ozone.om.ratis.OzoneManagerStateMachine.runCommand(OzoneManagerStateMachine.java:529) ~[ozone-manager-1.3.0-SNAPSHOT.jar:?]
	at org.apache.hadoop.ozone.om.ratis.OzoneManagerStateMachine.lambda$1(OzoneManagerStateMachine.java:324) ~[ozone-manager-1.3.0-SNAPSHOT.jar:?]
	at java.util.concurrent.CompletableFuture$AsyncSupply.run(CompletableFuture.java:1604) [?:1.8.0_332]
	at java.util.concurrent.ThreadPoolExecutor.runWorker(ThreadPoolExecutor.java:1149) [?:1.8.0_332]
	at java.util.concurrent.ThreadPoolExecutor$Worker.run(ThreadPoolExecutor.java:624) [?:1.8.0_332]
	at java.lang.Thread.run(Thread.java:750) [?:1.8.0_332]
2022-06-19 13:05:08,997 [OM StateMachine ApplyTransaction Thread - 0] ERROR file.OMDirectoryCreateRequest (OMDirectoryCreateRequest.java:logResult(331)) - Directory creation failed. Volume:volume58940, Bucket:bucket47939, Keyd1/d2/d3/d4/key3. Exception:{}
FILE_ALREADY_EXISTS org.apache.hadoop.ozone.om.exceptions.OMException: Unable to create directory: d1/d2/d3/d4/key3 in volume/bucket: volume58940/bucket47939
	at org.apache.hadoop.ozone.om.request.file.OMDirectoryCreateRequest.validateAndUpdateCache(OMDirectoryCreateRequest.java:198)
	at org.apache.hadoop.ozone.protocolPB.OzoneManagerRequestHandler.handleWriteRequest(OzoneManagerRequestHandler.java:293)
	at org.apache.hadoop.ozone.om.ratis.OzoneManagerStateMachine.runCommand(OzoneManagerStateMachine.java:529)
	at org.apache.hadoop.ozone.om.ratis.OzoneManagerStateMachine.lambda$1(OzoneManagerStateMachine.java:324)
	at java.util.concurrent.CompletableFuture$AsyncSupply.run(CompletableFuture.java:1604)
	at java.util.concurrent.ThreadPoolExecutor.runWorker(ThreadPoolExecutor.java:1149)
	at java.util.concurrent.ThreadPoolExecutor$Worker.run(ThreadPoolExecutor.java:624)
	at java.lang.Thread.run(Thread.java:750)
13:05:09.001 [OM StateMachine ApplyTransaction Thread - 0] ERROR OMAudit - user=runner | ip=127.0.0.1 | op=CREATE_FILE {volume=volume58940, bucket=bucket47939, key=d1/d2/d3, dataSize=4194304, replicationType=RATIS, replicationFactor=THREE} | ret=FAILURE
org.apache.hadoop.ozone.om.exceptions.OMException: Can not write to directory: d1/d2/d3
	at org.apache.hadoop.ozone.om.request.file.OMFileCreateRequest.checkDirectoryResult(OMFileCreateRequest.java:364) ~[ozone-manager-1.3.0-SNAPSHOT.jar:?]
	at org.apache.hadoop.ozone.om.request.file.OMFileCreateRequest.validateAndUpdateCache(OMFileCreateRequest.java:240) ~[ozone-manager-1.3.0-SNAPSHOT.jar:?]
	at org.apache.hadoop.ozone.protocolPB.OzoneManagerRequestHandler.handleWriteRequest(OzoneManagerRequestHandler.java:293) ~[ozone-manager-1.3.0-SNAPSHOT.jar:?]
	at org.apache.hadoop.ozone.om.ratis.OzoneManagerStateMachine.runCommand(OzoneManagerStateMachine.java:529) ~[ozone-manager-1.3.0-SNAPSHOT.jar:?]
	at org.apache.hadoop.ozone.om.ratis.OzoneManagerStateMachine.lambda$1(OzoneManagerStateMachine.java:324) ~[ozone-manager-1.3.0-SNAPSHOT.jar:?]
	at java.util.concurrent.CompletableFuture$AsyncSupply.run(CompletableFuture.java:1604) [?:1.8.0_332]
	at java.util.concurrent.ThreadPoolExecutor.runWorker(ThreadPoolExecutor.java:1149) [?:1.8.0_332]
	at java.util.concurrent.ThreadPoolExecutor$Worker.run(ThreadPoolExecutor.java:624) [?:1.8.0_332]
	at java.lang.Thread.run(Thread.java:750) [?:1.8.0_332]
2022-06-19 13:05:09,001 [OM StateMachine ApplyTransaction Thread - 0] ERROR file.OMFileCreateRequest (OMFileCreateRequest.java:validateAndUpdateCache(337)) - File create failed. Volume:volume58940, Bucket:bucket47939, Keyd1/d2/d3.
NOT_A_FILE org.apache.hadoop.ozone.om.exceptions.OMException: Can not write to directory: d1/d2/d3
	at org.apache.hadoop.ozone.om.request.file.OMFileCreateRequest.checkDirectoryResult(OMFileCreateRequest.java:364)
	at org.apache.hadoop.ozone.om.request.file.OMFileCreateRequest.validateAndUpdateCache(OMFileCreateRequest.java:240)
	at org.apache.hadoop.ozone.protocolPB.OzoneManagerRequestHandler.handleWriteRequest(OzoneManagerRequestHandler.java:293)
	at org.apache.hadoop.ozone.om.ratis.OzoneManagerStateMachine.runCommand(OzoneManagerStateMachine.java:529)
	at org.apache.hadoop.ozone.om.ratis.OzoneManagerStateMachine.lambda$1(OzoneManagerStateMachine.java:324)
	at java.util.concurrent.CompletableFuture$AsyncSupply.run(CompletableFuture.java:1604)
	at java.util.concurrent.ThreadPoolExecutor.runWorker(ThreadPoolExecutor.java:1149)
	at java.util.concurrent.ThreadPoolExecutor$Worker.run(ThreadPoolExecutor.java:624)
	at java.lang.Thread.run(Thread.java:750)
13:05:09.004 [IPC Server handler 15 on default port 33959] ERROR OMAudit - user=runner | ip=127.0.0.1 | op=GET_FILE_STATUS {volume=volume58940, bucket=bucket47939, key=d1/d2/d3/d4/key3/invalid, dataSize=0, replicationConfig=null} | ret=FAILURE
org.apache.hadoop.ozone.om.exceptions.OMException: Unable to get file status: volume: volume58940 bucket: bucket47939 key: d1/d2/d3/d4/key3/invalid
	at org.apache.hadoop.ozone.om.KeyManagerImpl.getOzoneFileStatus(KeyManagerImpl.java:1283) ~[ozone-manager-1.3.0-SNAPSHOT.jar:?]
	at org.apache.hadoop.ozone.om.KeyManagerImpl.getFileStatus(KeyManagerImpl.java:1213) ~[ozone-manager-1.3.0-SNAPSHOT.jar:?]
	at org.apache.hadoop.ozone.om.OzoneManager.getFileStatus(OzoneManager.java:3419) ~[ozone-manager-1.3.0-SNAPSHOT.jar:?]
	at org.apache.hadoop.ozone.protocolPB.OzoneManagerRequestHandler.getOzoneFileStatus(OzoneManagerRequestHandler.java:871) ~[ozone-manager-1.3.0-SNAPSHOT.jar:?]
	at org.apache.hadoop.ozone.protocolPB.OzoneManagerRequestHandler.handleReadRequest(OzoneManagerRequestHandler.java:217) ~[ozone-manager-1.3.0-SNAPSHOT.jar:?]
	at org.apache.hadoop.ozone.protocolPB.OzoneManagerProtocolServerSideTranslatorPB.submitReadRequestToOM(OzoneManagerProtocolServerSideTranslatorPB.java:225) ~[ozone-manager-1.3.0-SNAPSHOT.jar:?]
	at org.apache.hadoop.ozone.protocolPB.OzoneManagerProtocolServerSideTranslatorPB.processRequest(OzoneManagerProtocolServerSideTranslatorPB.java:175) ~[ozone-manager-1.3.0-SNAPSHOT.jar:?]
	at org.apache.hadoop.hdds.server.OzoneProtocolMessageDispatcher.processRequest(OzoneProtocolMessageDispatcher.java:87) [hdds-server-framework-1.3.0-SNAPSHOT.jar:?]
	at org.apache.hadoop.ozone.protocolPB.OzoneManagerProtocolServerSideTranslatorPB.submitRequest(OzoneManagerProtocolServerSideTranslatorPB.java:147) [ozone-manager-1.3.0-SNAPSHOT.jar:?]
	at org.apache.hadoop.ozone.protocol.proto.OzoneManagerProtocolProtos$OzoneManagerService$2.callBlockingMethod(OzoneManagerProtocolProtos.java) [ozone-interface-client-1.3.0-SNAPSHOT.jar:?]
	at org.apache.hadoop.ipc.ProtobufRpcEngine$Server.processCall(ProtobufRpcEngine.java:466) [hadoop-common-3.3.1.jar:?]
	at org.apache.hadoop.ipc.ProtobufRpcEngine2$Server$ProtoBufRpcInvoker.call(ProtobufRpcEngine2.java:574) [hadoop-common-3.3.1.jar:?]
	at org.apache.hadoop.ipc.ProtobufRpcEngine2$Server$ProtoBufRpcInvoker.call(ProtobufRpcEngine2.java:552) [hadoop-common-3.3.1.jar:?]
	at org.apache.hadoop.ipc.RPC$Server.call(RPC.java:1093) [hadoop-common-3.3.1.jar:?]
	at org.apache.hadoop.ipc.Server$RpcCall.run(Server.java:1035) [hadoop-common-3.3.1.jar:?]
	at org.apache.hadoop.ipc.Server$RpcCall.run(Server.java:963) [hadoop-common-3.3.1.jar:?]
	at java.security.AccessController.doPrivileged(Native Method) ~[?:1.8.0_332]
	at javax.security.auth.Subject.doAs(Subject.java:422) [?:1.8.0_332]
	at org.apache.hadoop.security.UserGroupInformation.doAs(UserGroupInformation.java:1878) [hadoop-common-3.3.1.jar:?]
	at org.apache.hadoop.ipc.Server$Handler.run(Server.java:2966) [hadoop-common-3.3.1.jar:?]
13:05:09.005 [IPC Server handler 14 on default port 33959] ERROR OMAudit - user=runner | ip=127.0.0.1 | op=GET_FILE_STATUS {volume=volume58940, bucket=bucket47939, key=d1/d2/d3/d4/invalidkey, dataSize=0, replicationConfig=null} | ret=FAILURE
org.apache.hadoop.ozone.om.exceptions.OMException: Unable to get file status: volume: volume58940 bucket: bucket47939 key: d1/d2/d3/d4/invalidkey
	at org.apache.hadoop.ozone.om.KeyManagerImpl.getOzoneFileStatus(KeyManagerImpl.java:1283) ~[ozone-manager-1.3.0-SNAPSHOT.jar:?]
	at org.apache.hadoop.ozone.om.KeyManagerImpl.getFileStatus(KeyManagerImpl.java:1213) ~[ozone-manager-1.3.0-SNAPSHOT.jar:?]
	at org.apache.hadoop.ozone.om.OzoneManager.getFileStatus(OzoneManager.java:3419) ~[ozone-manager-1.3.0-SNAPSHOT.jar:?]
	at org.apache.hadoop.ozone.protocolPB.OzoneManagerRequestHandler.getOzoneFileStatus(OzoneManagerRequestHandler.java:871) ~[ozone-manager-1.3.0-SNAPSHOT.jar:?]
	at org.apache.hadoop.ozone.protocolPB.OzoneManagerRequestHandler.handleReadRequest(OzoneManagerRequestHandler.java:217) ~[ozone-manager-1.3.0-SNAPSHOT.jar:?]
	at org.apache.hadoop.ozone.protocolPB.OzoneManagerProtocolServerSideTranslatorPB.submitReadRequestToOM(OzoneManagerProtocolServerSideTranslatorPB.java:225) ~[ozone-manager-1.3.0-SNAPSHOT.jar:?]
	at org.apache.hadoop.ozone.protocolPB.OzoneManagerProtocolServerSideTranslatorPB.processRequest(OzoneManagerProtocolServerSideTranslatorPB.java:175) ~[ozone-manager-1.3.0-SNAPSHOT.jar:?]
	at org.apache.hadoop.hdds.server.OzoneProtocolMessageDispatcher.processRequest(OzoneProtocolMessageDispatcher.java:87) [hdds-server-framework-1.3.0-SNAPSHOT.jar:?]
	at org.apache.hadoop.ozone.protocolPB.OzoneManagerProtocolServerSideTranslatorPB.submitRequest(OzoneManagerProtocolServerSideTranslatorPB.java:147) [ozone-manager-1.3.0-SNAPSHOT.jar:?]
	at org.apache.hadoop.ozone.protocol.proto.OzoneManagerProtocolProtos$OzoneManagerService$2.callBlockingMethod(OzoneManagerProtocolProtos.java) [ozone-interface-client-1.3.0-SNAPSHOT.jar:?]
	at org.apache.hadoop.ipc.ProtobufRpcEngine$Server.processCall(ProtobufRpcEngine.java:466) [hadoop-common-3.3.1.jar:?]
	at org.apache.hadoop.ipc.ProtobufRpcEngine2$Server$ProtoBufRpcInvoker.call(ProtobufRpcEngine2.java:574) [hadoop-common-3.3.1.jar:?]
	at org.apache.hadoop.ipc.ProtobufRpcEngine2$Server$ProtoBufRpcInvoker.call(ProtobufRpcEngine2.java:552) [hadoop-common-3.3.1.jar:?]
	at org.apache.hadoop.ipc.RPC$Server.call(RPC.java:1093) [hadoop-common-3.3.1.jar:?]
	at org.apache.hadoop.ipc.Server$RpcCall.run(Server.java:1035) [hadoop-common-3.3.1.jar:?]
	at org.apache.hadoop.ipc.Server$RpcCall.run(Server.java:963) [hadoop-common-3.3.1.jar:?]
	at java.security.AccessController.doPrivileged(Native Method) ~[?:1.8.0_332]
	at javax.security.auth.Subject.doAs(Subject.java:422) [?:1.8.0_332]
	at org.apache.hadoop.security.UserGroupInformation.doAs(UserGroupInformation.java:1878) [hadoop-common-3.3.1.jar:?]
	at org.apache.hadoop.ipc.Server$Handler.run(Server.java:2966) [hadoop-common-3.3.1.jar:?]
]]></system-out>
  </testcase>
  <testcase name="testCreateFileShouldCheckExistenceOfDirWithSameName" classname="TestOzoneFileSystem" time="0.045">
    <system-out><![CDATA[13:06:26.667 [IPC Server handler 8 on default port 45241] ERROR OMAudit - user=runner | ip=127.0.0.1 | op=CREATE_FILE {volume=volume87664, bucket=bucket74908, key=d1/d2/d3/d4/key2, dataSize=4194304, replicationType=RATIS, replicationFactor=THREE} | ret=FAILURE
org.apache.hadoop.ozone.om.exceptions.OMException: Can not write to directory: d1/d2/d3/d4/key2
	at org.apache.hadoop.ozone.om.request.file.OMFileCreateRequest.checkDirectoryResult(OMFileCreateRequest.java:364) ~[ozone-manager-1.3.0-SNAPSHOT.jar:?]
	at org.apache.hadoop.ozone.om.request.file.OMFileCreateRequest.validateAndUpdateCache(OMFileCreateRequest.java:240) ~[ozone-manager-1.3.0-SNAPSHOT.jar:?]
	at org.apache.hadoop.ozone.protocolPB.OzoneManagerRequestHandler.handleWriteRequest(OzoneManagerRequestHandler.java:293) ~[ozone-manager-1.3.0-SNAPSHOT.jar:?]
	at org.apache.hadoop.ozone.protocolPB.OzoneManagerProtocolServerSideTranslatorPB.submitRequestDirectlyToOM(OzoneManagerProtocolServerSideTranslatorPB.java:293) ~[ozone-manager-1.3.0-SNAPSHOT.jar:?]
	at org.apache.hadoop.ozone.protocolPB.OzoneManagerProtocolServerSideTranslatorPB.processRequest(OzoneManagerProtocolServerSideTranslatorPB.java:207) ~[ozone-manager-1.3.0-SNAPSHOT.jar:?]
	at org.apache.hadoop.hdds.server.OzoneProtocolMessageDispatcher.processRequest(OzoneProtocolMessageDispatcher.java:87) [hdds-server-framework-1.3.0-SNAPSHOT.jar:?]
	at org.apache.hadoop.ozone.protocolPB.OzoneManagerProtocolServerSideTranslatorPB.submitRequest(OzoneManagerProtocolServerSideTranslatorPB.java:147) [ozone-manager-1.3.0-SNAPSHOT.jar:?]
	at org.apache.hadoop.ozone.protocol.proto.OzoneManagerProtocolProtos$OzoneManagerService$2.callBlockingMethod(OzoneManagerProtocolProtos.java) [ozone-interface-client-1.3.0-SNAPSHOT.jar:?]
	at org.apache.hadoop.ipc.ProtobufRpcEngine$Server.processCall(ProtobufRpcEngine.java:466) [hadoop-common-3.3.1.jar:?]
	at org.apache.hadoop.ipc.ProtobufRpcEngine2$Server$ProtoBufRpcInvoker.call(ProtobufRpcEngine2.java:574) [hadoop-common-3.3.1.jar:?]
	at org.apache.hadoop.ipc.ProtobufRpcEngine2$Server$ProtoBufRpcInvoker.call(ProtobufRpcEngine2.java:552) [hadoop-common-3.3.1.jar:?]
	at org.apache.hadoop.ipc.RPC$Server.call(RPC.java:1093) [hadoop-common-3.3.1.jar:?]
	at org.apache.hadoop.ipc.Server$RpcCall.run(Server.java:1035) [hadoop-common-3.3.1.jar:?]
	at org.apache.hadoop.ipc.Server$RpcCall.run(Server.java:963) [hadoop-common-3.3.1.jar:?]
	at java.security.AccessController.doPrivileged(Native Method) ~[?:1.8.0_332]
	at javax.security.auth.Subject.doAs(Subject.java:422) [?:1.8.0_332]
	at org.apache.hadoop.security.UserGroupInformation.doAs(UserGroupInformation.java:1878) [hadoop-common-3.3.1.jar:?]
	at org.apache.hadoop.ipc.Server$Handler.run(Server.java:2966) [hadoop-common-3.3.1.jar:?]
2022-06-19 13:06:26,667 [IPC Server handler 8 on default port 45241] ERROR file.OMFileCreateRequest (OMFileCreateRequest.java:validateAndUpdateCache(337)) - File create failed. Volume:volume87664, Bucket:bucket74908, Keyd1/d2/d3/d4/key2.
NOT_A_FILE org.apache.hadoop.ozone.om.exceptions.OMException: Can not write to directory: d1/d2/d3/d4/key2
	at org.apache.hadoop.ozone.om.request.file.OMFileCreateRequest.checkDirectoryResult(OMFileCreateRequest.java:364)
	at org.apache.hadoop.ozone.om.request.file.OMFileCreateRequest.validateAndUpdateCache(OMFileCreateRequest.java:240)
	at org.apache.hadoop.ozone.protocolPB.OzoneManagerRequestHandler.handleWriteRequest(OzoneManagerRequestHandler.java:293)
	at org.apache.hadoop.ozone.protocolPB.OzoneManagerProtocolServerSideTranslatorPB.submitRequestDirectlyToOM(OzoneManagerProtocolServerSideTranslatorPB.java:293)
	at org.apache.hadoop.ozone.protocolPB.OzoneManagerProtocolServerSideTranslatorPB.processRequest(OzoneManagerProtocolServerSideTranslatorPB.java:207)
	at org.apache.hadoop.hdds.server.OzoneProtocolMessageDispatcher.processRequest(OzoneProtocolMessageDispatcher.java:87)
	at org.apache.hadoop.ozone.protocolPB.OzoneManagerProtocolServerSideTranslatorPB.submitRequest(OzoneManagerProtocolServerSideTranslatorPB.java:147)
	at org.apache.hadoop.ozone.protocol.proto.OzoneManagerProtocolProtos$OzoneManagerService$2.callBlockingMethod(OzoneManagerProtocolProtos.java)
	at org.apache.hadoop.ipc.ProtobufRpcEngine$Server.processCall(ProtobufRpcEngine.java:466)
	at org.apache.hadoop.ipc.ProtobufRpcEngine2$Server$ProtoBufRpcInvoker.call(ProtobufRpcEngine2.java:574)
	at org.apache.hadoop.ipc.ProtobufRpcEngine2$Server$ProtoBufRpcInvoker.call(ProtobufRpcEngine2.java:552)
	at org.apache.hadoop.ipc.RPC$Server.call(RPC.java:1093)
	at org.apache.hadoop.ipc.Server$RpcCall.run(Server.java:1035)
	at org.apache.hadoop.ipc.Server$RpcCall.run(Server.java:963)
	at java.security.AccessController.doPrivileged(Native Method)
	at javax.security.auth.Subject.doAs(Subject.java:422)
	at org.apache.hadoop.security.UserGroupInformation.doAs(UserGroupInformation.java:1878)
	at org.apache.hadoop.ipc.Server$Handler.run(Server.java:2966)
13:06:26.674 [IPC Server handler 5 on default port 45241] ERROR OMAudit - user=runner | ip=127.0.0.1 | op=CREATE_DIRECTORY {volume=volume87664, bucket=bucket74908, key=d1/d2/d3/d4/key3, dataSize=0, replicationType=NONE, replicationFactor=ZERO} | ret=FAILURE
org.apache.hadoop.ozone.om.exceptions.OMException: Unable to create directory: d1/d2/d3/d4/key3 in volume/bucket: volume87664/bucket74908
	at org.apache.hadoop.ozone.om.request.file.OMDirectoryCreateRequest.validateAndUpdateCache(OMDirectoryCreateRequest.java:198) ~[ozone-manager-1.3.0-SNAPSHOT.jar:?]
	at org.apache.hadoop.ozone.protocolPB.OzoneManagerRequestHandler.handleWriteRequest(OzoneManagerRequestHandler.java:293) ~[ozone-manager-1.3.0-SNAPSHOT.jar:?]
	at org.apache.hadoop.ozone.protocolPB.OzoneManagerProtocolServerSideTranslatorPB.submitRequestDirectlyToOM(OzoneManagerProtocolServerSideTranslatorPB.java:293) ~[ozone-manager-1.3.0-SNAPSHOT.jar:?]
	at org.apache.hadoop.ozone.protocolPB.OzoneManagerProtocolServerSideTranslatorPB.processRequest(OzoneManagerProtocolServerSideTranslatorPB.java:207) ~[ozone-manager-1.3.0-SNAPSHOT.jar:?]
	at org.apache.hadoop.hdds.server.OzoneProtocolMessageDispatcher.processRequest(OzoneProtocolMessageDispatcher.java:87) [hdds-server-framework-1.3.0-SNAPSHOT.jar:?]
	at org.apache.hadoop.ozone.protocolPB.OzoneManagerProtocolServerSideTranslatorPB.submitRequest(OzoneManagerProtocolServerSideTranslatorPB.java:147) [ozone-manager-1.3.0-SNAPSHOT.jar:?]
	at org.apache.hadoop.ozone.protocol.proto.OzoneManagerProtocolProtos$OzoneManagerService$2.callBlockingMethod(OzoneManagerProtocolProtos.java) [ozone-interface-client-1.3.0-SNAPSHOT.jar:?]
	at org.apache.hadoop.ipc.ProtobufRpcEngine$Server.processCall(ProtobufRpcEngine.java:466) [hadoop-common-3.3.1.jar:?]
	at org.apache.hadoop.ipc.ProtobufRpcEngine2$Server$ProtoBufRpcInvoker.call(ProtobufRpcEngine2.java:574) [hadoop-common-3.3.1.jar:?]
	at org.apache.hadoop.ipc.ProtobufRpcEngine2$Server$ProtoBufRpcInvoker.call(ProtobufRpcEngine2.java:552) [hadoop-common-3.3.1.jar:?]
	at org.apache.hadoop.ipc.RPC$Server.call(RPC.java:1093) [hadoop-common-3.3.1.jar:?]
	at org.apache.hadoop.ipc.Server$RpcCall.run(Server.java:1035) [hadoop-common-3.3.1.jar:?]
	at org.apache.hadoop.ipc.Server$RpcCall.run(Server.java:963) [hadoop-common-3.3.1.jar:?]
	at java.security.AccessController.doPrivileged(Native Method) ~[?:1.8.0_332]
	at javax.security.auth.Subject.doAs(Subject.java:422) [?:1.8.0_332]
	at org.apache.hadoop.security.UserGroupInformation.doAs(UserGroupInformation.java:1878) [hadoop-common-3.3.1.jar:?]
	at org.apache.hadoop.ipc.Server$Handler.run(Server.java:2966) [hadoop-common-3.3.1.jar:?]
2022-06-19 13:06:26,674 [IPC Server handler 5 on default port 45241] ERROR file.OMDirectoryCreateRequest (OMDirectoryCreateRequest.java:logResult(331)) - Directory creation failed. Volume:volume87664, Bucket:bucket74908, Keyd1/d2/d3/d4/key3. Exception:{}
FILE_ALREADY_EXISTS org.apache.hadoop.ozone.om.exceptions.OMException: Unable to create directory: d1/d2/d3/d4/key3 in volume/bucket: volume87664/bucket74908
	at org.apache.hadoop.ozone.om.request.file.OMDirectoryCreateRequest.validateAndUpdateCache(OMDirectoryCreateRequest.java:198)
	at org.apache.hadoop.ozone.protocolPB.OzoneManagerRequestHandler.handleWriteRequest(OzoneManagerRequestHandler.java:293)
	at org.apache.hadoop.ozone.protocolPB.OzoneManagerProtocolServerSideTranslatorPB.submitRequestDirectlyToOM(OzoneManagerProtocolServerSideTranslatorPB.java:293)
	at org.apache.hadoop.ozone.protocolPB.OzoneManagerProtocolServerSideTranslatorPB.processRequest(OzoneManagerProtocolServerSideTranslatorPB.java:207)
	at org.apache.hadoop.hdds.server.OzoneProtocolMessageDispatcher.processRequest(OzoneProtocolMessageDispatcher.java:87)
	at org.apache.hadoop.ozone.protocolPB.OzoneManagerProtocolServerSideTranslatorPB.submitRequest(OzoneManagerProtocolServerSideTranslatorPB.java:147)
	at org.apache.hadoop.ozone.protocol.proto.OzoneManagerProtocolProtos$OzoneManagerService$2.callBlockingMethod(OzoneManagerProtocolProtos.java)
	at org.apache.hadoop.ipc.ProtobufRpcEngine$Server.processCall(ProtobufRpcEngine.java:466)
	at org.apache.hadoop.ipc.ProtobufRpcEngine2$Server$ProtoBufRpcInvoker.call(ProtobufRpcEngine2.java:574)
	at org.apache.hadoop.ipc.ProtobufRpcEngine2$Server$ProtoBufRpcInvoker.call(ProtobufRpcEngine2.java:552)
	at org.apache.hadoop.ipc.RPC$Server.call(RPC.java:1093)
	at org.apache.hadoop.ipc.Server$RpcCall.run(Server.java:1035)
	at org.apache.hadoop.ipc.Server$RpcCall.run(Server.java:963)
	at java.security.AccessController.doPrivileged(Native Method)
	at javax.security.auth.Subject.doAs(Subject.java:422)
	at org.apache.hadoop.security.UserGroupInformation.doAs(UserGroupInformation.java:1878)
	at org.apache.hadoop.ipc.Server$Handler.run(Server.java:2966)
13:06:26.680 [IPC Server handler 4 on default port 45241] ERROR OMAudit - user=runner | ip=127.0.0.1 | op=CREATE_FILE {volume=volume87664, bucket=bucket74908, key=d1/d2/d3, dataSize=4194304, replicationType=RATIS, replicationFactor=THREE} | ret=FAILURE
org.apache.hadoop.ozone.om.exceptions.OMException: Can not write to directory: d1/d2/d3
	at org.apache.hadoop.ozone.om.request.file.OMFileCreateRequest.checkDirectoryResult(OMFileCreateRequest.java:364) ~[ozone-manager-1.3.0-SNAPSHOT.jar:?]
	at org.apache.hadoop.ozone.om.request.file.OMFileCreateRequest.validateAndUpdateCache(OMFileCreateRequest.java:240) ~[ozone-manager-1.3.0-SNAPSHOT.jar:?]
	at org.apache.hadoop.ozone.protocolPB.OzoneManagerRequestHandler.handleWriteRequest(OzoneManagerRequestHandler.java:293) ~[ozone-manager-1.3.0-SNAPSHOT.jar:?]
	at org.apache.hadoop.ozone.protocolPB.OzoneManagerProtocolServerSideTranslatorPB.submitRequestDirectlyToOM(OzoneManagerProtocolServerSideTranslatorPB.java:293) ~[ozone-manager-1.3.0-SNAPSHOT.jar:?]
	at org.apache.hadoop.ozone.protocolPB.OzoneManagerProtocolServerSideTranslatorPB.processRequest(OzoneManagerProtocolServerSideTranslatorPB.java:207) ~[ozone-manager-1.3.0-SNAPSHOT.jar:?]
	at org.apache.hadoop.hdds.server.OzoneProtocolMessageDispatcher.processRequest(OzoneProtocolMessageDispatcher.java:87) [hdds-server-framework-1.3.0-SNAPSHOT.jar:?]
	at org.apache.hadoop.ozone.protocolPB.OzoneManagerProtocolServerSideTranslatorPB.submitRequest(OzoneManagerProtocolServerSideTranslatorPB.java:147) [ozone-manager-1.3.0-SNAPSHOT.jar:?]
	at org.apache.hadoop.ozone.protocol.proto.OzoneManagerProtocolProtos$OzoneManagerService$2.callBlockingMethod(OzoneManagerProtocolProtos.java) [ozone-interface-client-1.3.0-SNAPSHOT.jar:?]
	at org.apache.hadoop.ipc.ProtobufRpcEngine$Server.processCall(ProtobufRpcEngine.java:466) [hadoop-common-3.3.1.jar:?]
	at org.apache.hadoop.ipc.ProtobufRpcEngine2$Server$ProtoBufRpcInvoker.call(ProtobufRpcEngine2.java:574) [hadoop-common-3.3.1.jar:?]
	at org.apache.hadoop.ipc.ProtobufRpcEngine2$Server$ProtoBufRpcInvoker.call(ProtobufRpcEngine2.java:552) [hadoop-common-3.3.1.jar:?]
	at org.apache.hadoop.ipc.RPC$Server.call(RPC.java:1093) [hadoop-common-3.3.1.jar:?]
	at org.apache.hadoop.ipc.Server$RpcCall.run(Server.java:1035) [hadoop-common-3.3.1.jar:?]
	at org.apache.hadoop.ipc.Server$RpcCall.run(Server.java:963) [hadoop-common-3.3.1.jar:?]
	at java.security.AccessController.doPrivileged(Native Method) ~[?:1.8.0_332]
	at javax.security.auth.Subject.doAs(Subject.java:422) [?:1.8.0_332]
	at org.apache.hadoop.security.UserGroupInformation.doAs(UserGroupInformation.java:1878) [hadoop-common-3.3.1.jar:?]
	at org.apache.hadoop.ipc.Server$Handler.run(Server.java:2966) [hadoop-common-3.3.1.jar:?]
2022-06-19 13:06:26,680 [IPC Server handler 4 on default port 45241] ERROR file.OMFileCreateRequest (OMFileCreateRequest.java:validateAndUpdateCache(337)) - File create failed. Volume:volume87664, Bucket:bucket74908, Keyd1/d2/d3.
NOT_A_FILE org.apache.hadoop.ozone.om.exceptions.OMException: Can not write to directory: d1/d2/d3
	at org.apache.hadoop.ozone.om.request.file.OMFileCreateRequest.checkDirectoryResult(OMFileCreateRequest.java:364)
	at org.apache.hadoop.ozone.om.request.file.OMFileCreateRequest.validateAndUpdateCache(OMFileCreateRequest.java:240)
	at org.apache.hadoop.ozone.protocolPB.OzoneManagerRequestHandler.handleWriteRequest(OzoneManagerRequestHandler.java:293)
	at org.apache.hadoop.ozone.protocolPB.OzoneManagerProtocolServerSideTranslatorPB.submitRequestDirectlyToOM(OzoneManagerProtocolServerSideTranslatorPB.java:293)
	at org.apache.hadoop.ozone.protocolPB.OzoneManagerProtocolServerSideTranslatorPB.processRequest(OzoneManagerProtocolServerSideTranslatorPB.java:207)
	at org.apache.hadoop.hdds.server.OzoneProtocolMessageDispatcher.processRequest(OzoneProtocolMessageDispatcher.java:87)
	at org.apache.hadoop.ozone.protocolPB.OzoneManagerProtocolServerSideTranslatorPB.submitRequest(OzoneManagerProtocolServerSideTranslatorPB.java:147)
	at org.apache.hadoop.ozone.protocol.proto.OzoneManagerProtocolProtos$OzoneManagerService$2.callBlockingMethod(OzoneManagerProtocolProtos.java)
	at org.apache.hadoop.ipc.ProtobufRpcEngine$Server.processCall(ProtobufRpcEngine.java:466)
	at org.apache.hadoop.ipc.ProtobufRpcEngine2$Server$ProtoBufRpcInvoker.call(ProtobufRpcEngine2.java:574)
	at org.apache.hadoop.ipc.ProtobufRpcEngine2$Server$ProtoBufRpcInvoker.call(ProtobufRpcEngine2.java:552)
	at org.apache.hadoop.ipc.RPC$Server.call(RPC.java:1093)
	at org.apache.hadoop.ipc.Server$RpcCall.run(Server.java:1035)
	at org.apache.hadoop.ipc.Server$RpcCall.run(Server.java:963)
	at java.security.AccessController.doPrivileged(Native Method)
	at javax.security.auth.Subject.doAs(Subject.java:422)
	at org.apache.hadoop.security.UserGroupInformation.doAs(UserGroupInformation.java:1878)
	at org.apache.hadoop.ipc.Server$Handler.run(Server.java:2966)
13:06:26.681 [IPC Server handler 2 on default port 45241] ERROR OMAudit - user=runner | ip=127.0.0.1 | op=GET_FILE_STATUS {volume=volume87664, bucket=bucket74908, key=d1/d2/d3/d4/key3/invalid, dataSize=0, replicationConfig=null} | ret=FAILURE
org.apache.hadoop.ozone.om.exceptions.OMException: Unable to get file status: volume: volume87664 bucket: bucket74908 key: d1/d2/d3/d4/key3/invalid
	at org.apache.hadoop.ozone.om.KeyManagerImpl.getOzoneFileStatus(KeyManagerImpl.java:1283) ~[ozone-manager-1.3.0-SNAPSHOT.jar:?]
	at org.apache.hadoop.ozone.om.KeyManagerImpl.getFileStatus(KeyManagerImpl.java:1213) ~[ozone-manager-1.3.0-SNAPSHOT.jar:?]
	at org.apache.hadoop.ozone.om.OzoneManager.getFileStatus(OzoneManager.java:3419) ~[ozone-manager-1.3.0-SNAPSHOT.jar:?]
	at org.apache.hadoop.ozone.protocolPB.OzoneManagerRequestHandler.getOzoneFileStatus(OzoneManagerRequestHandler.java:871) ~[ozone-manager-1.3.0-SNAPSHOT.jar:?]
	at org.apache.hadoop.ozone.protocolPB.OzoneManagerRequestHandler.handleReadRequest(OzoneManagerRequestHandler.java:217) ~[ozone-manager-1.3.0-SNAPSHOT.jar:?]
	at org.apache.hadoop.ozone.protocolPB.OzoneManagerProtocolServerSideTranslatorPB.submitRequestDirectlyToOM(OzoneManagerProtocolServerSideTranslatorPB.java:284) ~[ozone-manager-1.3.0-SNAPSHOT.jar:?]
	at org.apache.hadoop.ozone.protocolPB.OzoneManagerProtocolServerSideTranslatorPB.processRequest(OzoneManagerProtocolServerSideTranslatorPB.java:207) ~[ozone-manager-1.3.0-SNAPSHOT.jar:?]
	at org.apache.hadoop.hdds.server.OzoneProtocolMessageDispatcher.processRequest(OzoneProtocolMessageDispatcher.java:87) [hdds-server-framework-1.3.0-SNAPSHOT.jar:?]
	at org.apache.hadoop.ozone.protocolPB.OzoneManagerProtocolServerSideTranslatorPB.submitRequest(OzoneManagerProtocolServerSideTranslatorPB.java:147) [ozone-manager-1.3.0-SNAPSHOT.jar:?]
	at org.apache.hadoop.ozone.protocol.proto.OzoneManagerProtocolProtos$OzoneManagerService$2.callBlockingMethod(OzoneManagerProtocolProtos.java) [ozone-interface-client-1.3.0-SNAPSHOT.jar:?]
	at org.apache.hadoop.ipc.ProtobufRpcEngine$Server.processCall(ProtobufRpcEngine.java:466) [hadoop-common-3.3.1.jar:?]
	at org.apache.hadoop.ipc.ProtobufRpcEngine2$Server$ProtoBufRpcInvoker.call(ProtobufRpcEngine2.java:574) [hadoop-common-3.3.1.jar:?]
	at org.apache.hadoop.ipc.ProtobufRpcEngine2$Server$ProtoBufRpcInvoker.call(ProtobufRpcEngine2.java:552) [hadoop-common-3.3.1.jar:?]
	at org.apache.hadoop.ipc.RPC$Server.call(RPC.java:1093) [hadoop-common-3.3.1.jar:?]
	at org.apache.hadoop.ipc.Server$RpcCall.run(Server.java:1035) [hadoop-common-3.3.1.jar:?]
	at org.apache.hadoop.ipc.Server$RpcCall.run(Server.java:963) [hadoop-common-3.3.1.jar:?]
	at java.security.AccessController.doPrivileged(Native Method) ~[?:1.8.0_332]
	at javax.security.auth.Subject.doAs(Subject.java:422) [?:1.8.0_332]
	at org.apache.hadoop.security.UserGroupInformation.doAs(UserGroupInformation.java:1878) [hadoop-common-3.3.1.jar:?]
	at org.apache.hadoop.ipc.Server$Handler.run(Server.java:2966) [hadoop-common-3.3.1.jar:?]
13:06:26.682 [IPC Server handler 19 on default port 45241] ERROR OMAudit - user=runner | ip=127.0.0.1 | op=GET_FILE_STATUS {volume=volume87664, bucket=bucket74908, key=d1/d2/d3/d4/invalidkey, dataSize=0, replicationConfig=null} | ret=FAILURE
org.apache.hadoop.ozone.om.exceptions.OMException: Unable to get file status: volume: volume87664 bucket: bucket74908 key: d1/d2/d3/d4/invalidkey
	at org.apache.hadoop.ozone.om.KeyManagerImpl.getOzoneFileStatus(KeyManagerImpl.java:1283) ~[ozone-manager-1.3.0-SNAPSHOT.jar:?]
	at org.apache.hadoop.ozone.om.KeyManagerImpl.getFileStatus(KeyManagerImpl.java:1213) ~[ozone-manager-1.3.0-SNAPSHOT.jar:?]
	at org.apache.hadoop.ozone.om.OzoneManager.getFileStatus(OzoneManager.java:3419) ~[ozone-manager-1.3.0-SNAPSHOT.jar:?]
	at org.apache.hadoop.ozone.protocolPB.OzoneManagerRequestHandler.getOzoneFileStatus(OzoneManagerRequestHandler.java:871) ~[ozone-manager-1.3.0-SNAPSHOT.jar:?]
	at org.apache.hadoop.ozone.protocolPB.OzoneManagerRequestHandler.handleReadRequest(OzoneManagerRequestHandler.java:217) ~[ozone-manager-1.3.0-SNAPSHOT.jar:?]
	at org.apache.hadoop.ozone.protocolPB.OzoneManagerProtocolServerSideTranslatorPB.submitRequestDirectlyToOM(OzoneManagerProtocolServerSideTranslatorPB.java:284) ~[ozone-manager-1.3.0-SNAPSHOT.jar:?]
	at org.apache.hadoop.ozone.protocolPB.OzoneManagerProtocolServerSideTranslatorPB.processRequest(OzoneManagerProtocolServerSideTranslatorPB.java:207) ~[ozone-manager-1.3.0-SNAPSHOT.jar:?]
	at org.apache.hadoop.hdds.server.OzoneProtocolMessageDispatcher.processRequest(OzoneProtocolMessageDispatcher.java:87) [hdds-server-framework-1.3.0-SNAPSHOT.jar:?]
	at org.apache.hadoop.ozone.protocolPB.OzoneManagerProtocolServerSideTranslatorPB.submitRequest(OzoneManagerProtocolServerSideTranslatorPB.java:147) [ozone-manager-1.3.0-SNAPSHOT.jar:?]
	at org.apache.hadoop.ozone.protocol.proto.OzoneManagerProtocolProtos$OzoneManagerService$2.callBlockingMethod(OzoneManagerProtocolProtos.java) [ozone-interface-client-1.3.0-SNAPSHOT.jar:?]
	at org.apache.hadoop.ipc.ProtobufRpcEngine$Server.processCall(ProtobufRpcEngine.java:466) [hadoop-common-3.3.1.jar:?]
	at org.apache.hadoop.ipc.ProtobufRpcEngine2$Server$ProtoBufRpcInvoker.call(ProtobufRpcEngine2.java:574) [hadoop-common-3.3.1.jar:?]
	at org.apache.hadoop.ipc.ProtobufRpcEngine2$Server$ProtoBufRpcInvoker.call(ProtobufRpcEngine2.java:552) [hadoop-common-3.3.1.jar:?]
	at org.apache.hadoop.ipc.RPC$Server.call(RPC.java:1093) [hadoop-common-3.3.1.jar:?]
	at org.apache.hadoop.ipc.Server$RpcCall.run(Server.java:1035) [hadoop-common-3.3.1.jar:?]
	at org.apache.hadoop.ipc.Server$RpcCall.run(Server.java:963) [hadoop-common-3.3.1.jar:?]
	at java.security.AccessController.doPrivileged(Native Method) ~[?:1.8.0_332]
	at javax.security.auth.Subject.doAs(Subject.java:422) [?:1.8.0_332]
	at org.apache.hadoop.security.UserGroupInformation.doAs(UserGroupInformation.java:1878) [hadoop-common-3.3.1.jar:?]
	at org.apache.hadoop.ipc.Server$Handler.run(Server.java:2966) [hadoop-common-3.3.1.jar:?]
]]></system-out>
  </testcase>
  <testcase name="testCreateFileShouldCheckExistenceOfDirWithSameName" classname="TestOzoneFileSystem" time="0.064">
    <system-out><![CDATA[13:07:42.191 [OM StateMachine ApplyTransaction Thread - 0] ERROR OMAudit - user=runner | ip=127.0.0.1 | op=CREATE_FILE {volume=volume07034, bucket=bucket87468, key=d1/d2/d3/d4/key2, dataSize=4194304, replicationType=RATIS, replicationFactor=THREE} | ret=FAILURE
org.apache.hadoop.ozone.om.exceptions.OMException: Can not write to directory: d1/d2/d3/d4/key2
	at org.apache.hadoop.ozone.om.request.file.OMFileCreateRequest.checkDirectoryResult(OMFileCreateRequest.java:364) ~[ozone-manager-1.3.0-SNAPSHOT.jar:?]
	at org.apache.hadoop.ozone.om.request.file.OMFileCreateRequest.validateAndUpdateCache(OMFileCreateRequest.java:240) ~[ozone-manager-1.3.0-SNAPSHOT.jar:?]
	at org.apache.hadoop.ozone.protocolPB.OzoneManagerRequestHandler.handleWriteRequest(OzoneManagerRequestHandler.java:293) ~[ozone-manager-1.3.0-SNAPSHOT.jar:?]
	at org.apache.hadoop.ozone.om.ratis.OzoneManagerStateMachine.runCommand(OzoneManagerStateMachine.java:529) ~[ozone-manager-1.3.0-SNAPSHOT.jar:?]
	at org.apache.hadoop.ozone.om.ratis.OzoneManagerStateMachine.lambda$1(OzoneManagerStateMachine.java:324) ~[ozone-manager-1.3.0-SNAPSHOT.jar:?]
	at java.util.concurrent.CompletableFuture$AsyncSupply.run(CompletableFuture.java:1604) [?:1.8.0_332]
	at java.util.concurrent.ThreadPoolExecutor.runWorker(ThreadPoolExecutor.java:1149) [?:1.8.0_332]
	at java.util.concurrent.ThreadPoolExecutor$Worker.run(ThreadPoolExecutor.java:624) [?:1.8.0_332]
	at java.lang.Thread.run(Thread.java:750) [?:1.8.0_332]
2022-06-19 13:07:42,191 [OM StateMachine ApplyTransaction Thread - 0] ERROR file.OMFileCreateRequest (OMFileCreateRequest.java:validateAndUpdateCache(337)) - File create failed. Volume:volume07034, Bucket:bucket87468, Keyd1/d2/d3/d4/key2.
NOT_A_FILE org.apache.hadoop.ozone.om.exceptions.OMException: Can not write to directory: d1/d2/d3/d4/key2
	at org.apache.hadoop.ozone.om.request.file.OMFileCreateRequest.checkDirectoryResult(OMFileCreateRequest.java:364)
	at org.apache.hadoop.ozone.om.request.file.OMFileCreateRequest.validateAndUpdateCache(OMFileCreateRequest.java:240)
	at org.apache.hadoop.ozone.protocolPB.OzoneManagerRequestHandler.handleWriteRequest(OzoneManagerRequestHandler.java:293)
	at org.apache.hadoop.ozone.om.ratis.OzoneManagerStateMachine.runCommand(OzoneManagerStateMachine.java:529)
	at org.apache.hadoop.ozone.om.ratis.OzoneManagerStateMachine.lambda$1(OzoneManagerStateMachine.java:324)
	at java.util.concurrent.CompletableFuture$AsyncSupply.run(CompletableFuture.java:1604)
	at java.util.concurrent.ThreadPoolExecutor.runWorker(ThreadPoolExecutor.java:1149)
	at java.util.concurrent.ThreadPoolExecutor$Worker.run(ThreadPoolExecutor.java:624)
	at java.lang.Thread.run(Thread.java:750)
13:07:42.208 [OM StateMachine ApplyTransaction Thread - 0] ERROR OMAudit - user=runner | ip=127.0.0.1 | op=CREATE_DIRECTORY {volume=volume07034, bucket=bucket87468, key=d1/d2/d3/d4/key3, dataSize=0, replicationType=NONE, replicationFactor=ZERO} | ret=FAILURE
org.apache.hadoop.ozone.om.exceptions.OMException: Unable to create directory: d1/d2/d3/d4/key3 in volume/bucket: volume07034/bucket87468
	at org.apache.hadoop.ozone.om.request.file.OMDirectoryCreateRequest.validateAndUpdateCache(OMDirectoryCreateRequest.java:198) ~[ozone-manager-1.3.0-SNAPSHOT.jar:?]
	at org.apache.hadoop.ozone.protocolPB.OzoneManagerRequestHandler.handleWriteRequest(OzoneManagerRequestHandler.java:293) ~[ozone-manager-1.3.0-SNAPSHOT.jar:?]
	at org.apache.hadoop.ozone.om.ratis.OzoneManagerStateMachine.runCommand(OzoneManagerStateMachine.java:529) ~[ozone-manager-1.3.0-SNAPSHOT.jar:?]
	at org.apache.hadoop.ozone.om.ratis.OzoneManagerStateMachine.lambda$1(OzoneManagerStateMachine.java:324) ~[ozone-manager-1.3.0-SNAPSHOT.jar:?]
	at java.util.concurrent.CompletableFuture$AsyncSupply.run(CompletableFuture.java:1604) [?:1.8.0_332]
	at java.util.concurrent.ThreadPoolExecutor.runWorker(ThreadPoolExecutor.java:1149) [?:1.8.0_332]
	at java.util.concurrent.ThreadPoolExecutor$Worker.run(ThreadPoolExecutor.java:624) [?:1.8.0_332]
	at java.lang.Thread.run(Thread.java:750) [?:1.8.0_332]
2022-06-19 13:07:42,208 [OM StateMachine ApplyTransaction Thread - 0] ERROR file.OMDirectoryCreateRequest (OMDirectoryCreateRequest.java:logResult(331)) - Directory creation failed. Volume:volume07034, Bucket:bucket87468, Keyd1/d2/d3/d4/key3. Exception:{}
FILE_ALREADY_EXISTS org.apache.hadoop.ozone.om.exceptions.OMException: Unable to create directory: d1/d2/d3/d4/key3 in volume/bucket: volume07034/bucket87468
	at org.apache.hadoop.ozone.om.request.file.OMDirectoryCreateRequest.validateAndUpdateCache(OMDirectoryCreateRequest.java:198)
	at org.apache.hadoop.ozone.protocolPB.OzoneManagerRequestHandler.handleWriteRequest(OzoneManagerRequestHandler.java:293)
	at org.apache.hadoop.ozone.om.ratis.OzoneManagerStateMachine.runCommand(OzoneManagerStateMachine.java:529)
	at org.apache.hadoop.ozone.om.ratis.OzoneManagerStateMachine.lambda$1(OzoneManagerStateMachine.java:324)
	at java.util.concurrent.CompletableFuture$AsyncSupply.run(CompletableFuture.java:1604)
	at java.util.concurrent.ThreadPoolExecutor.runWorker(ThreadPoolExecutor.java:1149)
	at java.util.concurrent.ThreadPoolExecutor$Worker.run(ThreadPoolExecutor.java:624)
	at java.lang.Thread.run(Thread.java:750)
13:07:42.213 [OM StateMachine ApplyTransaction Thread - 0] ERROR OMAudit - user=runner | ip=127.0.0.1 | op=CREATE_FILE {volume=volume07034, bucket=bucket87468, key=d1/d2/d3, dataSize=4194304, replicationType=RATIS, replicationFactor=THREE} | ret=FAILURE
org.apache.hadoop.ozone.om.exceptions.OMException: Can not write to directory: d1/d2/d3
	at org.apache.hadoop.ozone.om.request.file.OMFileCreateRequest.checkDirectoryResult(OMFileCreateRequest.java:364) ~[ozone-manager-1.3.0-SNAPSHOT.jar:?]
	at org.apache.hadoop.ozone.om.request.file.OMFileCreateRequest.validateAndUpdateCache(OMFileCreateRequest.java:240) ~[ozone-manager-1.3.0-SNAPSHOT.jar:?]
	at org.apache.hadoop.ozone.protocolPB.OzoneManagerRequestHandler.handleWriteRequest(OzoneManagerRequestHandler.java:293) ~[ozone-manager-1.3.0-SNAPSHOT.jar:?]
	at org.apache.hadoop.ozone.om.ratis.OzoneManagerStateMachine.runCommand(OzoneManagerStateMachine.java:529) ~[ozone-manager-1.3.0-SNAPSHOT.jar:?]
	at org.apache.hadoop.ozone.om.ratis.OzoneManagerStateMachine.lambda$1(OzoneManagerStateMachine.java:324) ~[ozone-manager-1.3.0-SNAPSHOT.jar:?]
	at java.util.concurrent.CompletableFuture$AsyncSupply.run(CompletableFuture.java:1604) [?:1.8.0_332]
	at java.util.concurrent.ThreadPoolExecutor.runWorker(ThreadPoolExecutor.java:1149) [?:1.8.0_332]
	at java.util.concurrent.ThreadPoolExecutor$Worker.run(ThreadPoolExecutor.java:624) [?:1.8.0_332]
	at java.lang.Thread.run(Thread.java:750) [?:1.8.0_332]
2022-06-19 13:07:42,213 [OM StateMachine ApplyTransaction Thread - 0] ERROR file.OMFileCreateRequest (OMFileCreateRequest.java:validateAndUpdateCache(337)) - File create failed. Volume:volume07034, Bucket:bucket87468, Keyd1/d2/d3.
NOT_A_FILE org.apache.hadoop.ozone.om.exceptions.OMException: Can not write to directory: d1/d2/d3
	at org.apache.hadoop.ozone.om.request.file.OMFileCreateRequest.checkDirectoryResult(OMFileCreateRequest.java:364)
	at org.apache.hadoop.ozone.om.request.file.OMFileCreateRequest.validateAndUpdateCache(OMFileCreateRequest.java:240)
	at org.apache.hadoop.ozone.protocolPB.OzoneManagerRequestHandler.handleWriteRequest(OzoneManagerRequestHandler.java:293)
	at org.apache.hadoop.ozone.om.ratis.OzoneManagerStateMachine.runCommand(OzoneManagerStateMachine.java:529)
	at org.apache.hadoop.ozone.om.ratis.OzoneManagerStateMachine.lambda$1(OzoneManagerStateMachine.java:324)
	at java.util.concurrent.CompletableFuture$AsyncSupply.run(CompletableFuture.java:1604)
	at java.util.concurrent.ThreadPoolExecutor.runWorker(ThreadPoolExecutor.java:1149)
	at java.util.concurrent.ThreadPoolExecutor$Worker.run(ThreadPoolExecutor.java:624)
	at java.lang.Thread.run(Thread.java:750)
13:07:42.214 [IPC Server handler 8 on default port 41441] ERROR OMAudit - user=runner | ip=127.0.0.1 | op=GET_FILE_STATUS {volume=volume07034, bucket=bucket87468, key=d1/d2/d3/d4/key3/invalid, dataSize=0, replicationConfig=null} | ret=FAILURE
org.apache.hadoop.ozone.om.exceptions.OMException: Unable to get file status: volume: volume07034 bucket: bucket87468 key: d1/d2/d3/d4/key3/invalid
	at org.apache.hadoop.ozone.om.KeyManagerImpl.getOzoneFileStatus(KeyManagerImpl.java:1283) ~[ozone-manager-1.3.0-SNAPSHOT.jar:?]
	at org.apache.hadoop.ozone.om.KeyManagerImpl.getFileStatus(KeyManagerImpl.java:1213) ~[ozone-manager-1.3.0-SNAPSHOT.jar:?]
	at org.apache.hadoop.ozone.om.OzoneManager.getFileStatus(OzoneManager.java:3419) ~[ozone-manager-1.3.0-SNAPSHOT.jar:?]
	at org.apache.hadoop.ozone.protocolPB.OzoneManagerRequestHandler.getOzoneFileStatus(OzoneManagerRequestHandler.java:871) ~[ozone-manager-1.3.0-SNAPSHOT.jar:?]
	at org.apache.hadoop.ozone.protocolPB.OzoneManagerRequestHandler.handleReadRequest(OzoneManagerRequestHandler.java:217) ~[ozone-manager-1.3.0-SNAPSHOT.jar:?]
	at org.apache.hadoop.ozone.protocolPB.OzoneManagerProtocolServerSideTranslatorPB.submitReadRequestToOM(OzoneManagerProtocolServerSideTranslatorPB.java:225) ~[ozone-manager-1.3.0-SNAPSHOT.jar:?]
	at org.apache.hadoop.ozone.protocolPB.OzoneManagerProtocolServerSideTranslatorPB.processRequest(OzoneManagerProtocolServerSideTranslatorPB.java:175) ~[ozone-manager-1.3.0-SNAPSHOT.jar:?]
	at org.apache.hadoop.hdds.server.OzoneProtocolMessageDispatcher.processRequest(OzoneProtocolMessageDispatcher.java:87) [hdds-server-framework-1.3.0-SNAPSHOT.jar:?]
	at org.apache.hadoop.ozone.protocolPB.OzoneManagerProtocolServerSideTranslatorPB.submitRequest(OzoneManagerProtocolServerSideTranslatorPB.java:147) [ozone-manager-1.3.0-SNAPSHOT.jar:?]
	at org.apache.hadoop.ozone.protocol.proto.OzoneManagerProtocolProtos$OzoneManagerService$2.callBlockingMethod(OzoneManagerProtocolProtos.java) [ozone-interface-client-1.3.0-SNAPSHOT.jar:?]
	at org.apache.hadoop.ipc.ProtobufRpcEngine$Server.processCall(ProtobufRpcEngine.java:466) [hadoop-common-3.3.1.jar:?]
	at org.apache.hadoop.ipc.ProtobufRpcEngine2$Server$ProtoBufRpcInvoker.call(ProtobufRpcEngine2.java:574) [hadoop-common-3.3.1.jar:?]
	at org.apache.hadoop.ipc.ProtobufRpcEngine2$Server$ProtoBufRpcInvoker.call(ProtobufRpcEngine2.java:552) [hadoop-common-3.3.1.jar:?]
	at org.apache.hadoop.ipc.RPC$Server.call(RPC.java:1093) [hadoop-common-3.3.1.jar:?]
	at org.apache.hadoop.ipc.Server$RpcCall.run(Server.java:1035) [hadoop-common-3.3.1.jar:?]
	at org.apache.hadoop.ipc.Server$RpcCall.run(Server.java:963) [hadoop-common-3.3.1.jar:?]
	at java.security.AccessController.doPrivileged(Native Method) ~[?:1.8.0_332]
	at javax.security.auth.Subject.doAs(Subject.java:422) [?:1.8.0_332]
	at org.apache.hadoop.security.UserGroupInformation.doAs(UserGroupInformation.java:1878) [hadoop-common-3.3.1.jar:?]
	at org.apache.hadoop.ipc.Server$Handler.run(Server.java:2966) [hadoop-common-3.3.1.jar:?]
13:07:42.215 [IPC Server handler 9 on default port 41441] ERROR OMAudit - user=runner | ip=127.0.0.1 | op=GET_FILE_STATUS {volume=volume07034, bucket=bucket87468, key=d1/d2/d3/d4/invalidkey, dataSize=0, replicationConfig=null} | ret=FAILURE
org.apache.hadoop.ozone.om.exceptions.OMException: Unable to get file status: volume: volume07034 bucket: bucket87468 key: d1/d2/d3/d4/invalidkey
	at org.apache.hadoop.ozone.om.KeyManagerImpl.getOzoneFileStatus(KeyManagerImpl.java:1283) ~[ozone-manager-1.3.0-SNAPSHOT.jar:?]
	at org.apache.hadoop.ozone.om.KeyManagerImpl.getFileStatus(KeyManagerImpl.java:1213) ~[ozone-manager-1.3.0-SNAPSHOT.jar:?]
	at org.apache.hadoop.ozone.om.OzoneManager.getFileStatus(OzoneManager.java:3419) ~[ozone-manager-1.3.0-SNAPSHOT.jar:?]
	at org.apache.hadoop.ozone.protocolPB.OzoneManagerRequestHandler.getOzoneFileStatus(OzoneManagerRequestHandler.java:871) ~[ozone-manager-1.3.0-SNAPSHOT.jar:?]
	at org.apache.hadoop.ozone.protocolPB.OzoneManagerRequestHandler.handleReadRequest(OzoneManagerRequestHandler.java:217) ~[ozone-manager-1.3.0-SNAPSHOT.jar:?]
	at org.apache.hadoop.ozone.protocolPB.OzoneManagerProtocolServerSideTranslatorPB.submitReadRequestToOM(OzoneManagerProtocolServerSideTranslatorPB.java:225) ~[ozone-manager-1.3.0-SNAPSHOT.jar:?]
	at org.apache.hadoop.ozone.protocolPB.OzoneManagerProtocolServerSideTranslatorPB.processRequest(OzoneManagerProtocolServerSideTranslatorPB.java:175) ~[ozone-manager-1.3.0-SNAPSHOT.jar:?]
	at org.apache.hadoop.hdds.server.OzoneProtocolMessageDispatcher.processRequest(OzoneProtocolMessageDispatcher.java:87) [hdds-server-framework-1.3.0-SNAPSHOT.jar:?]
	at org.apache.hadoop.ozone.protocolPB.OzoneManagerProtocolServerSideTranslatorPB.submitRequest(OzoneManagerProtocolServerSideTranslatorPB.java:147) [ozone-manager-1.3.0-SNAPSHOT.jar:?]
	at org.apache.hadoop.ozone.protocol.proto.OzoneManagerProtocolProtos$OzoneManagerService$2.callBlockingMethod(OzoneManagerProtocolProtos.java) [ozone-interface-client-1.3.0-SNAPSHOT.jar:?]
	at org.apache.hadoop.ipc.ProtobufRpcEngine$Server.processCall(ProtobufRpcEngine.java:466) [hadoop-common-3.3.1.jar:?]
	at org.apache.hadoop.ipc.ProtobufRpcEngine2$Server$ProtoBufRpcInvoker.call(ProtobufRpcEngine2.java:574) [hadoop-common-3.3.1.jar:?]
	at org.apache.hadoop.ipc.ProtobufRpcEngine2$Server$ProtoBufRpcInvoker.call(ProtobufRpcEngine2.java:552) [hadoop-common-3.3.1.jar:?]
	at org.apache.hadoop.ipc.RPC$Server.call(RPC.java:1093) [hadoop-common-3.3.1.jar:?]
	at org.apache.hadoop.ipc.Server$RpcCall.run(Server.java:1035) [hadoop-common-3.3.1.jar:?]
	at org.apache.hadoop.ipc.Server$RpcCall.run(Server.java:963) [hadoop-common-3.3.1.jar:?]
	at java.security.AccessController.doPrivileged(Native Method) ~[?:1.8.0_332]
	at javax.security.auth.Subject.doAs(Subject.java:422) [?:1.8.0_332]
	at org.apache.hadoop.security.UserGroupInformation.doAs(UserGroupInformation.java:1878) [hadoop-common-3.3.1.jar:?]
	at org.apache.hadoop.ipc.Server$Handler.run(Server.java:2966) [hadoop-common-3.3.1.jar:?]
]]></system-out>
  </testcase>
  <testcase name="testCreateFileShouldCheckExistenceOfDirWithSameName" classname="TestOzoneFileSystem" time="0.182">
    <system-out><![CDATA[2022-06-19 13:08:58,777 [159ddede-8ddd-4508-a461-c1de976ef966@group-027D6B80B311-FollowerState] INFO  impl.FollowerState (FollowerState.java:run(143)) - 159ddede-8ddd-4508-a461-c1de976ef966@group-027D6B80B311-FollowerState: change to CANDIDATE, lastRpcElapsedTime:5113789988ns, electionTimeout:5100ms
2022-06-19 13:08:58,777 [159ddede-8ddd-4508-a461-c1de976ef966@group-027D6B80B311-FollowerState] INFO  impl.RoleInfo (RoleInfo.java:shutdownFollowerState(110)) - 159ddede-8ddd-4508-a461-c1de976ef966: shutdown 159ddede-8ddd-4508-a461-c1de976ef966@group-027D6B80B311-FollowerState
2022-06-19 13:08:58,777 [159ddede-8ddd-4508-a461-c1de976ef966@group-027D6B80B311-FollowerState] INFO  server.RaftServer$Division (RaftServerImpl.java:setRole(299)) - 159ddede-8ddd-4508-a461-c1de976ef966@group-027D6B80B311: changes role from  FOLLOWER to CANDIDATE at term 2 for changeToCandidate
2022-06-19 13:08:58,806 [grpc-default-executor-0] INFO  server.RaftServer$Division (RaftServerImpl.java:requestVote(1152)) - eb4bc65c-b727-4ac3-a516-6687464fc4a1@group-027D6B80B311: receive requestVote(ELECTION, 001c296a-5799-42a4-87a9-6a5b930e2f27, group-027D6B80B311, 3, (t:0, i:0))
2022-06-19 13:08:58,806 [grpc-default-executor-1] INFO  server.RaftServer$Division (RaftServerImpl.java:requestVote(1152)) - 159ddede-8ddd-4508-a461-c1de976ef966@group-027D6B80B311: receive requestVote(ELECTION, 001c296a-5799-42a4-87a9-6a5b930e2f27, group-027D6B80B311, 3, (t:0, i:0))
2022-06-19 13:08:58,806 [grpc-default-executor-0] INFO  impl.VoteContext (VoteContext.java:log(48)) - eb4bc65c-b727-4ac3-a516-6687464fc4a1@group-027D6B80B311-FOLLOWER: accept ELECTION from 001c296a-5799-42a4-87a9-6a5b930e2f27: our priority 0 <= candidate's priority 1
2022-06-19 13:08:58,806 [grpc-default-executor-0] INFO  server.RaftServer$Division (RaftServerImpl.java:setRole(299)) - eb4bc65c-b727-4ac3-a516-6687464fc4a1@group-027D6B80B311: changes role from  FOLLOWER to FOLLOWER at term 3 for candidate:001c296a-5799-42a4-87a9-6a5b930e2f27
2022-06-19 13:08:58,806 [grpc-default-executor-0] INFO  impl.RoleInfo (RoleInfo.java:shutdownFollowerState(110)) - eb4bc65c-b727-4ac3-a516-6687464fc4a1: shutdown eb4bc65c-b727-4ac3-a516-6687464fc4a1@group-027D6B80B311-FollowerState
2022-06-19 13:08:58,806 [eb4bc65c-b727-4ac3-a516-6687464fc4a1@group-027D6B80B311-FollowerState] INFO  impl.FollowerState (FollowerState.java:run(152)) - eb4bc65c-b727-4ac3-a516-6687464fc4a1@group-027D6B80B311-FollowerState was interrupted
2022-06-19 13:08:58,806 [grpc-default-executor-0] INFO  impl.RoleInfo (RoleInfo.java:updateAndGet(139)) - eb4bc65c-b727-4ac3-a516-6687464fc4a1: start eb4bc65c-b727-4ac3-a516-6687464fc4a1@group-027D6B80B311-FollowerState
2022-06-19 13:08:58,814 [grpc-default-executor-0] INFO  server.RaftServer$Division (RaftServerImpl.java:requestVote(1184)) - eb4bc65c-b727-4ac3-a516-6687464fc4a1@group-027D6B80B311 replies to ELECTION vote request: 001c296a-5799-42a4-87a9-6a5b930e2f27<-eb4bc65c-b727-4ac3-a516-6687464fc4a1#0:OK-t3. Peer's state: eb4bc65c-b727-4ac3-a516-6687464fc4a1@group-027D6B80B311:t3, leader=null, voted=001c296a-5799-42a4-87a9-6a5b930e2f27, raftlog=eb4bc65c-b727-4ac3-a516-6687464fc4a1@group-027D6B80B311-SegmentedRaftLog:OPENED:c-1, conf=-1: [eb4bc65c-b727-4ac3-a516-6687464fc4a1|rpc:10.1.0.4:33363|dataStream:|priority:0, 001c296a-5799-42a4-87a9-6a5b930e2f27|rpc:10.1.0.4:45007|dataStream:|priority:1, 159ddede-8ddd-4508-a461-c1de976ef966|rpc:10.1.0.4:35015|dataStream:|priority:0], old=null
2022-06-19 13:08:58,834 [001c296a-5799-42a4-87a9-6a5b930e2f27@group-027D6B80B311-LeaderElection77] INFO  impl.LeaderElection (LeaderElection.java:logAndReturn(90)) - 001c296a-5799-42a4-87a9-6a5b930e2f27@group-027D6B80B311-LeaderElection77: ELECTION PASSED received 1 response(s) and 0 exception(s):
2022-06-19 13:08:58,834 [001c296a-5799-42a4-87a9-6a5b930e2f27@group-027D6B80B311-LeaderElection77] INFO  impl.LeaderElection (LeaderElection.java:logAndReturn(94)) -   Response 0: 001c296a-5799-42a4-87a9-6a5b930e2f27<-eb4bc65c-b727-4ac3-a516-6687464fc4a1#0:OK-t3
2022-06-19 13:08:58,834 [001c296a-5799-42a4-87a9-6a5b930e2f27@group-027D6B80B311-LeaderElection77] INFO  impl.LeaderElection (LeaderElection.java:askForVotes(312)) - 001c296a-5799-42a4-87a9-6a5b930e2f27@group-027D6B80B311-LeaderElection77 ELECTION round 0: result PASSED
2022-06-19 13:08:58,834 [001c296a-5799-42a4-87a9-6a5b930e2f27@group-027D6B80B311-LeaderElection77] INFO  impl.RoleInfo (RoleInfo.java:shutdownLeaderElection(130)) - 001c296a-5799-42a4-87a9-6a5b930e2f27: shutdown 001c296a-5799-42a4-87a9-6a5b930e2f27@group-027D6B80B311-LeaderElection77
2022-06-19 13:08:58,834 [001c296a-5799-42a4-87a9-6a5b930e2f27@group-027D6B80B311-LeaderElection77] INFO  server.RaftServer$Division (RaftServerImpl.java:setRole(299)) - 001c296a-5799-42a4-87a9-6a5b930e2f27@group-027D6B80B311: changes role from CANDIDATE to LEADER at term 3 for changeToLeader
2022-06-19 13:08:58,834 [001c296a-5799-42a4-87a9-6a5b930e2f27@group-027D6B80B311-LeaderElection77] INFO  ratis.XceiverServerRatis (XceiverServerRatis.java:handleLeaderChangedNotification(863)) - Leader change notification received for group: group-027D6B80B311 with new leaderId: 001c296a-5799-42a4-87a9-6a5b930e2f27
2022-06-19 13:08:58,835 [001c296a-5799-42a4-87a9-6a5b930e2f27@group-027D6B80B311-LeaderElection77] INFO  server.RaftServer$Division (ServerState.java:setLeader(287)) - 001c296a-5799-42a4-87a9-6a5b930e2f27@group-027D6B80B311: change Leader from null to 001c296a-5799-42a4-87a9-6a5b930e2f27 at term 3 for becomeLeader, leader elected after 15673ms
2022-06-19 13:08:58,835 [001c296a-5799-42a4-87a9-6a5b930e2f27@group-027D6B80B311-LeaderElection77] INFO  server.RaftServerConfigKeys (ConfUtils.java:logGet(46)) - raft.server.staging.catchup.gap = 1000 (default)
2022-06-19 13:08:58,835 [001c296a-5799-42a4-87a9-6a5b930e2f27@group-027D6B80B311-LeaderElection77] INFO  server.RaftServerConfigKeys (ConfUtils.java:logGet(46)) - raft.server.write.element-limit = 1024 (custom)
2022-06-19 13:08:58,835 [001c296a-5799-42a4-87a9-6a5b930e2f27@group-027D6B80B311-LeaderElection77] INFO  server.RaftServerConfigKeys (ConfUtils.java:logGet(46)) - raft.server.write.byte-limit = 1024 M (=1073741824) (custom)
2022-06-19 13:08:58,835 [001c296a-5799-42a4-87a9-6a5b930e2f27@group-027D6B80B311-LeaderElection77] INFO  server.RaftServerConfigKeys (ConfUtils.java:logGet(46)) - raft.server.watch.timeout = 180s (custom)
2022-06-19 13:08:58,835 [001c296a-5799-42a4-87a9-6a5b930e2f27@group-027D6B80B311-LeaderElection77] INFO  server.RaftServerConfigKeys (ConfUtils.java:logGet(46)) - raft.server.watch.timeout.denomination = 1s (default)
2022-06-19 13:08:58,835 [001c296a-5799-42a4-87a9-6a5b930e2f27@group-027D6B80B311-LeaderElection77] INFO  server.RaftServerConfigKeys (ConfUtils.java:logGet(46)) - raft.server.watch.element-limit = 65536 (default)
2022-06-19 13:08:58,835 [001c296a-5799-42a4-87a9-6a5b930e2f27@group-027D6B80B311-LeaderElection77] INFO  server.RaftServerConfigKeys (ConfUtils.java:logGet(46)) - raft.server.write.element-limit = 1024 (custom)
2022-06-19 13:08:58,835 [001c296a-5799-42a4-87a9-6a5b930e2f27@group-027D6B80B311-LeaderElection77] INFO  server.RaftServerConfigKeys (ConfUtils.java:logGet(46)) - raft.server.write.follower.gap.ratio.max = -1.0 (default)
2022-06-19 13:08:58,836 [001c296a-5799-42a4-87a9-6a5b930e2f27@group-027D6B80B311-LeaderElection77] INFO  server.RaftServerConfigKeys (ConfUtils.java:logGet(46)) - raft.server.log.appender.snapshot.chunk.size.max = 16MB (=16777216) (default)
2022-06-19 13:08:58,836 [001c296a-5799-42a4-87a9-6a5b930e2f27@group-027D6B80B311-LeaderElection77] INFO  server.RaftServerConfigKeys (ConfUtils.java:logGet(46)) - raft.server.log.appender.buffer.byte-limit = 33554432 (custom)
2022-06-19 13:08:58,836 [001c296a-5799-42a4-87a9-6a5b930e2f27@group-027D6B80B311-LeaderElection77] INFO  server.RaftServerConfigKeys (ConfUtils.java:logGet(46)) - raft.server.log.appender.buffer.element-limit = 1 (custom)
2022-06-19 13:08:58,836 [001c296a-5799-42a4-87a9-6a5b930e2f27@group-027D6B80B311-LeaderElection77] INFO  grpc.GrpcConfigKeys (ConfUtils.java:logGet(46)) - raft.grpc.server.leader.outstanding.appends.max = 128 (default)
2022-06-19 13:08:58,836 [001c296a-5799-42a4-87a9-6a5b930e2f27@group-027D6B80B311-LeaderElection77] INFO  server.RaftServerConfigKeys (ConfUtils.java:logGet(46)) - raft.server.rpc.request.timeout = 60s (custom)
2022-06-19 13:08:58,836 [001c296a-5799-42a4-87a9-6a5b930e2f27@group-027D6B80B311-LeaderElection77] INFO  server.RaftServerConfigKeys (ConfUtils.java:logGet(46)) - raft.server.log.appender.install.snapshot.enabled = false (custom)
2022-06-19 13:08:58,838 [001c296a-5799-42a4-87a9-6a5b930e2f27@group-027D6B80B311-LeaderElection77] INFO  server.RaftServerConfigKeys (ConfUtils.java:logGet(46)) - raft.server.log.appender.snapshot.chunk.size.max = 16MB (=16777216) (default)
2022-06-19 13:08:58,838 [001c296a-5799-42a4-87a9-6a5b930e2f27@group-027D6B80B311-LeaderElection77] INFO  server.RaftServerConfigKeys (ConfUtils.java:logGet(46)) - raft.server.log.appender.buffer.byte-limit = 33554432 (custom)
2022-06-19 13:08:58,838 [001c296a-5799-42a4-87a9-6a5b930e2f27@group-027D6B80B311-LeaderElection77] INFO  server.RaftServerConfigKeys (ConfUtils.java:logGet(46)) - raft.server.log.appender.buffer.element-limit = 1 (custom)
2022-06-19 13:08:58,838 [001c296a-5799-42a4-87a9-6a5b930e2f27@group-027D6B80B311-LeaderElection77] INFO  grpc.GrpcConfigKeys (ConfUtils.java:logGet(46)) - raft.grpc.server.leader.outstanding.appends.max = 128 (default)
2022-06-19 13:08:58,838 [001c296a-5799-42a4-87a9-6a5b930e2f27@group-027D6B80B311-LeaderElection77] INFO  server.RaftServerConfigKeys (ConfUtils.java:logGet(46)) - raft.server.rpc.request.timeout = 60s (custom)
2022-06-19 13:08:58,838 [001c296a-5799-42a4-87a9-6a5b930e2f27@group-027D6B80B311-LeaderElection77] INFO  server.RaftServerConfigKeys (ConfUtils.java:logGet(46)) - raft.server.log.appender.install.snapshot.enabled = false (custom)
2022-06-19 13:08:58,838 [EventQueue-PipelineReportForPipelineReportHandler] INFO  pipeline.PipelineManagerImpl (PipelineManagerImpl.java:openPipeline(356)) - Pipeline Pipeline[ Id: 834a3821-3a64-4af2-9308-027d6b80b311, Nodes: 001c296a-5799-42a4-87a9-6a5b930e2f27{ip: 10.1.0.4, host: fv-az58-449.32bp4kehjaiexiom31oljkjdjg.cx.internal.cloudapp.net, ports: [REPLICATION=44057, RATIS=45007, RATIS_ADMIN=45007, RATIS_SERVER=45007, STANDALONE=42551], networkLocation: /default-rack, certSerialId: null, persistedOpState: IN_SERVICE, persistedOpStateExpiryEpochSec: 0}159ddede-8ddd-4508-a461-c1de976ef966{ip: 10.1.0.4, host: fv-az58-449.32bp4kehjaiexiom31oljkjdjg.cx.internal.cloudapp.net, ports: [REPLICATION=35087, RATIS=35015, RATIS_ADMIN=35015, RATIS_SERVER=35015, STANDALONE=36739], networkLocation: /default-rack, certSerialId: null, persistedOpState: IN_SERVICE, persistedOpStateExpiryEpochSec: 0}eb4bc65c-b727-4ac3-a516-6687464fc4a1{ip: 10.1.0.4, host: fv-az58-449.32bp4kehjaiexiom31oljkjdjg.cx.internal.cloudapp.net, ports: [REPLICATION=32997, RATIS=33363, RATIS_ADMIN=33363, RATIS_SERVER=33363, STANDALONE=33097], networkLocation: /default-rack, certSerialId: null, persistedOpState: IN_SERVICE, persistedOpStateExpiryEpochSec: 0}, ReplicationConfig: RATIS/THREE, State:ALLOCATED, leaderId:001c296a-5799-42a4-87a9-6a5b930e2f27, CreationTimestamp2022-06-19T13:08:42.300Z[Etc/UTC]] moved to OPEN state
2022-06-19 13:08:58,839 [001c296a-5799-42a4-87a9-6a5b930e2f27@group-027D6B80B311-LeaderElection77] INFO  impl.RoleInfo (RoleInfo.java:updateAndGet(139)) - 001c296a-5799-42a4-87a9-6a5b930e2f27: start 001c296a-5799-42a4-87a9-6a5b930e2f27@group-027D6B80B311-LeaderStateImpl
2022-06-19 13:08:58,839 [001c296a-5799-42a4-87a9-6a5b930e2f27@group-027D6B80B311-LeaderElection77] INFO  segmented.SegmentedRaftLogWorker (SegmentedRaftLogWorker.java:startLogSegment(425)) - 001c296a-5799-42a4-87a9-6a5b930e2f27@group-027D6B80B311-SegmentedRaftLogWorker: Starting segment from index:0
2022-06-19 13:08:58,840 [001c296a-5799-42a4-87a9-6a5b930e2f27@group-027D6B80B311-SegmentedRaftLogWorker] INFO  segmented.SegmentedRaftLogWorker (SegmentedRaftLogWorker.java:execute(629)) - 001c296a-5799-42a4-87a9-6a5b930e2f27@group-027D6B80B311-SegmentedRaftLogWorker: created new log segment /home/runner/work/ozone/ozone/hadoop-ozone/integration-test/target/test-dir/MiniOzoneClusterImpl-c742643d-ef9b-4334-85a5-eeb69d8d8f7b/datanode-1/data/ratis/834a3821-3a64-4af2-9308-027d6b80b311/current/log_inprogress_0
2022-06-19 13:08:58,850 [001c296a-5799-42a4-87a9-6a5b930e2f27@group-027D6B80B311-LeaderElection77] INFO  server.RaftServer$Division (ServerState.java:setRaftConf(393)) - 001c296a-5799-42a4-87a9-6a5b930e2f27@group-027D6B80B311: set configuration 0: [eb4bc65c-b727-4ac3-a516-6687464fc4a1|rpc:10.1.0.4:33363|dataStream:|priority:0, 001c296a-5799-42a4-87a9-6a5b930e2f27|rpc:10.1.0.4:45007|dataStream:|priority:1, 159ddede-8ddd-4508-a461-c1de976ef966|rpc:10.1.0.4:35015|dataStream:|priority:0], old=null
2022-06-19 13:08:58,888 [159ddede-8ddd-4508-a461-c1de976ef966@group-027D6B80B311-FollowerState] INFO  server.RaftServerConfigKeys (ConfUtils.java:logGet(46)) - raft.server.leaderelection.pre-vote = false (custom)
2022-06-19 13:08:58,888 [159ddede-8ddd-4508-a461-c1de976ef966@group-027D6B80B311-FollowerState] INFO  impl.RoleInfo (RoleInfo.java:updateAndGet(139)) - 159ddede-8ddd-4508-a461-c1de976ef966: start 159ddede-8ddd-4508-a461-c1de976ef966@group-027D6B80B311-LeaderElection78
13:08:58.896 [IPC Server handler 14 on default port 38405] ERROR OMAudit - user=runner | ip=127.0.0.1 | op=CREATE_FILE {volume=volume84440, bucket=bucket08814, key=d1/d2/d3/d4/key2, dataSize=4194304, replicationType=RATIS, replicationFactor=THREE} | ret=FAILURE
org.apache.hadoop.ozone.om.exceptions.OMException: Can not write to directory: d1/d2/d3/d4/key2
	at org.apache.hadoop.ozone.om.request.file.OMFileCreateRequest.checkDirectoryResult(OMFileCreateRequest.java:364) ~[ozone-manager-1.3.0-SNAPSHOT.jar:?]
	at org.apache.hadoop.ozone.om.request.file.OMFileCreateRequest.validateAndUpdateCache(OMFileCreateRequest.java:240) ~[ozone-manager-1.3.0-SNAPSHOT.jar:?]
	at org.apache.hadoop.ozone.protocolPB.OzoneManagerRequestHandler.handleWriteRequest(OzoneManagerRequestHandler.java:293) ~[ozone-manager-1.3.0-SNAPSHOT.jar:?]
	at org.apache.hadoop.ozone.protocolPB.OzoneManagerProtocolServerSideTranslatorPB.submitRequestDirectlyToOM(OzoneManagerProtocolServerSideTranslatorPB.java:293) ~[ozone-manager-1.3.0-SNAPSHOT.jar:?]
	at org.apache.hadoop.ozone.protocolPB.OzoneManagerProtocolServerSideTranslatorPB.processRequest(OzoneManagerProtocolServerSideTranslatorPB.java:207) ~[ozone-manager-1.3.0-SNAPSHOT.jar:?]
	at org.apache.hadoop.hdds.server.OzoneProtocolMessageDispatcher.processRequest(OzoneProtocolMessageDispatcher.java:87) [hdds-server-framework-1.3.0-SNAPSHOT.jar:?]
	at org.apache.hadoop.ozone.protocolPB.OzoneManagerProtocolServerSideTranslatorPB.submitRequest(OzoneManagerProtocolServerSideTranslatorPB.java:147) [ozone-manager-1.3.0-SNAPSHOT.jar:?]
	at org.apache.hadoop.ozone.protocol.proto.OzoneManagerProtocolProtos$OzoneManagerService$2.callBlockingMethod(OzoneManagerProtocolProtos.java) [ozone-interface-client-1.3.0-SNAPSHOT.jar:?]
	at org.apache.hadoop.ipc.ProtobufRpcEngine$Server.processCall(ProtobufRpcEngine.java:466) [hadoop-common-3.3.1.jar:?]
	at org.apache.hadoop.ipc.ProtobufRpcEngine2$Server$ProtoBufRpcInvoker.call(ProtobufRpcEngine2.java:574) [hadoop-common-3.3.1.jar:?]
	at org.apache.hadoop.ipc.ProtobufRpcEngine2$Server$ProtoBufRpcInvoker.call(ProtobufRpcEngine2.java:552) [hadoop-common-3.3.1.jar:?]
	at org.apache.hadoop.ipc.RPC$Server.call(RPC.java:1093) [hadoop-common-3.3.1.jar:?]
	at org.apache.hadoop.ipc.Server$RpcCall.run(Server.java:1035) [hadoop-common-3.3.1.jar:?]
	at org.apache.hadoop.ipc.Server$RpcCall.run(Server.java:963) [hadoop-common-3.3.1.jar:?]
	at java.security.AccessController.doPrivileged(Native Method) ~[?:1.8.0_332]
	at javax.security.auth.Subject.doAs(Subject.java:422) [?:1.8.0_332]
	at org.apache.hadoop.security.UserGroupInformation.doAs(UserGroupInformation.java:1878) [hadoop-common-3.3.1.jar:?]
	at org.apache.hadoop.ipc.Server$Handler.run(Server.java:2966) [hadoop-common-3.3.1.jar:?]
2022-06-19 13:08:58,896 [IPC Server handler 14 on default port 38405] ERROR file.OMFileCreateRequest (OMFileCreateRequest.java:validateAndUpdateCache(337)) - File create failed. Volume:volume84440, Bucket:bucket08814, Keyd1/d2/d3/d4/key2.
NOT_A_FILE org.apache.hadoop.ozone.om.exceptions.OMException: Can not write to directory: d1/d2/d3/d4/key2
	at org.apache.hadoop.ozone.om.request.file.OMFileCreateRequest.checkDirectoryResult(OMFileCreateRequest.java:364)
	at org.apache.hadoop.ozone.om.request.file.OMFileCreateRequest.validateAndUpdateCache(OMFileCreateRequest.java:240)
	at org.apache.hadoop.ozone.protocolPB.OzoneManagerRequestHandler.handleWriteRequest(OzoneManagerRequestHandler.java:293)
	at org.apache.hadoop.ozone.protocolPB.OzoneManagerProtocolServerSideTranslatorPB.submitRequestDirectlyToOM(OzoneManagerProtocolServerSideTranslatorPB.java:293)
	at org.apache.hadoop.ozone.protocolPB.OzoneManagerProtocolServerSideTranslatorPB.processRequest(OzoneManagerProtocolServerSideTranslatorPB.java:207)
	at org.apache.hadoop.hdds.server.OzoneProtocolMessageDispatcher.processRequest(OzoneProtocolMessageDispatcher.java:87)
	at org.apache.hadoop.ozone.protocolPB.OzoneManagerProtocolServerSideTranslatorPB.submitRequest(OzoneManagerProtocolServerSideTranslatorPB.java:147)
	at org.apache.hadoop.ozone.protocol.proto.OzoneManagerProtocolProtos$OzoneManagerService$2.callBlockingMethod(OzoneManagerProtocolProtos.java)
	at org.apache.hadoop.ipc.ProtobufRpcEngine$Server.processCall(ProtobufRpcEngine.java:466)
	at org.apache.hadoop.ipc.ProtobufRpcEngine2$Server$ProtoBufRpcInvoker.call(ProtobufRpcEngine2.java:574)
	at org.apache.hadoop.ipc.ProtobufRpcEngine2$Server$ProtoBufRpcInvoker.call(ProtobufRpcEngine2.java:552)
	at org.apache.hadoop.ipc.RPC$Server.call(RPC.java:1093)
	at org.apache.hadoop.ipc.Server$RpcCall.run(Server.java:1035)
	at org.apache.hadoop.ipc.Server$RpcCall.run(Server.java:963)
	at java.security.AccessController.doPrivileged(Native Method)
	at javax.security.auth.Subject.doAs(Subject.java:422)
	at org.apache.hadoop.security.UserGroupInformation.doAs(UserGroupInformation.java:1878)
	at org.apache.hadoop.ipc.Server$Handler.run(Server.java:2966)
2022-06-19 13:08:58,908 [grpc-default-executor-1] INFO  impl.VoteContext (VoteContext.java:log(48)) - 159ddede-8ddd-4508-a461-c1de976ef966@group-027D6B80B311-CANDIDATE: accept ELECTION from 001c296a-5799-42a4-87a9-6a5b930e2f27: our priority 0 <= candidate's priority 1
2022-06-19 13:08:58,908 [grpc-default-executor-1] INFO  server.RaftServer$Division (RaftServerImpl.java:setRole(299)) - 159ddede-8ddd-4508-a461-c1de976ef966@group-027D6B80B311: changes role from CANDIDATE to FOLLOWER at term 3 for candidate:001c296a-5799-42a4-87a9-6a5b930e2f27
2022-06-19 13:08:58,908 [grpc-default-executor-1] INFO  impl.RoleInfo (RoleInfo.java:shutdownLeaderElection(130)) - 159ddede-8ddd-4508-a461-c1de976ef966: shutdown 159ddede-8ddd-4508-a461-c1de976ef966@group-027D6B80B311-LeaderElection78
2022-06-19 13:08:58,908 [159ddede-8ddd-4508-a461-c1de976ef966@group-027D6B80B311-LeaderElection78] INFO  impl.LeaderElection (LeaderElection.java:run(231)) - 159ddede-8ddd-4508-a461-c1de976ef966@group-027D6B80B311-LeaderElection78: skip running since this is already CLOSING
2022-06-19 13:08:58,913 [eb4bc65c-b727-4ac3-a516-6687464fc4a1-server-thread1] INFO  ratis.XceiverServerRatis (XceiverServerRatis.java:handleLeaderChangedNotification(863)) - Leader change notification received for group: group-027D6B80B311 with new leaderId: 001c296a-5799-42a4-87a9-6a5b930e2f27
2022-06-19 13:08:58,913 [eb4bc65c-b727-4ac3-a516-6687464fc4a1-server-thread1] INFO  server.RaftServer$Division (ServerState.java:setLeader(287)) - eb4bc65c-b727-4ac3-a516-6687464fc4a1@group-027D6B80B311: change Leader from null to 001c296a-5799-42a4-87a9-6a5b930e2f27 at term 3 for appendEntries, leader elected after 15504ms
13:08:58.926 [IPC Server handler 12 on default port 38405] ERROR OMAudit - user=runner | ip=127.0.0.1 | op=CREATE_DIRECTORY {volume=volume84440, bucket=bucket08814, key=d1/d2/d3/d4/key3, dataSize=0, replicationType=NONE, replicationFactor=ZERO} | ret=FAILURE
org.apache.hadoop.ozone.om.exceptions.OMException: Unable to create directory: d1/d2/d3/d4/key3 in volume/bucket: volume84440/bucket08814
	at org.apache.hadoop.ozone.om.request.file.OMDirectoryCreateRequest.validateAndUpdateCache(OMDirectoryCreateRequest.java:198) ~[ozone-manager-1.3.0-SNAPSHOT.jar:?]
	at org.apache.hadoop.ozone.protocolPB.OzoneManagerRequestHandler.handleWriteRequest(OzoneManagerRequestHandler.java:293) ~[ozone-manager-1.3.0-SNAPSHOT.jar:?]
	at org.apache.hadoop.ozone.protocolPB.OzoneManagerProtocolServerSideTranslatorPB.submitRequestDirectlyToOM(OzoneManagerProtocolServerSideTranslatorPB.java:293) ~[ozone-manager-1.3.0-SNAPSHOT.jar:?]
	at org.apache.hadoop.ozone.protocolPB.OzoneManagerProtocolServerSideTranslatorPB.processRequest(OzoneManagerProtocolServerSideTranslatorPB.java:207) ~[ozone-manager-1.3.0-SNAPSHOT.jar:?]
	at org.apache.hadoop.hdds.server.OzoneProtocolMessageDispatcher.processRequest(OzoneProtocolMessageDispatcher.java:87) [hdds-server-framework-1.3.0-SNAPSHOT.jar:?]
	at org.apache.hadoop.ozone.protocolPB.OzoneManagerProtocolServerSideTranslatorPB.submitRequest(OzoneManagerProtocolServerSideTranslatorPB.java:147) [ozone-manager-1.3.0-SNAPSHOT.jar:?]
	at org.apache.hadoop.ozone.protocol.proto.OzoneManagerProtocolProtos$OzoneManagerService$2.callBlockingMethod(OzoneManagerProtocolProtos.java) [ozone-interface-client-1.3.0-SNAPSHOT.jar:?]
	at org.apache.hadoop.ipc.ProtobufRpcEngine$Server.processCall(ProtobufRpcEngine.java:466) [hadoop-common-3.3.1.jar:?]
	at org.apache.hadoop.ipc.ProtobufRpcEngine2$Server$ProtoBufRpcInvoker.call(ProtobufRpcEngine2.java:574) [hadoop-common-3.3.1.jar:?]
	at org.apache.hadoop.ipc.ProtobufRpcEngine2$Server$ProtoBufRpcInvoker.call(ProtobufRpcEngine2.java:552) [hadoop-common-3.3.1.jar:?]
	at org.apache.hadoop.ipc.RPC$Server.call(RPC.java:1093) [hadoop-common-3.3.1.jar:?]
	at org.apache.hadoop.ipc.Server$RpcCall.run(Server.java:1035) [hadoop-common-3.3.1.jar:?]
	at org.apache.hadoop.ipc.Server$RpcCall.run(Server.java:963) [hadoop-common-3.3.1.jar:?]
	at java.security.AccessController.doPrivileged(Native Method) ~[?:1.8.0_332]
	at javax.security.auth.Subject.doAs(Subject.java:422) [?:1.8.0_332]
	at org.apache.hadoop.security.UserGroupInformation.doAs(UserGroupInformation.java:1878) [hadoop-common-3.3.1.jar:?]
	at org.apache.hadoop.ipc.Server$Handler.run(Server.java:2966) [hadoop-common-3.3.1.jar:?]
2022-06-19 13:08:58,926 [IPC Server handler 12 on default port 38405] ERROR file.OMDirectoryCreateRequest (OMDirectoryCreateRequest.java:logResult(331)) - Directory creation failed. Volume:volume84440, Bucket:bucket08814, Keyd1/d2/d3/d4/key3. Exception:{}
FILE_ALREADY_EXISTS org.apache.hadoop.ozone.om.exceptions.OMException: Unable to create directory: d1/d2/d3/d4/key3 in volume/bucket: volume84440/bucket08814
	at org.apache.hadoop.ozone.om.request.file.OMDirectoryCreateRequest.validateAndUpdateCache(OMDirectoryCreateRequest.java:198)
	at org.apache.hadoop.ozone.protocolPB.OzoneManagerRequestHandler.handleWriteRequest(OzoneManagerRequestHandler.java:293)
	at org.apache.hadoop.ozone.protocolPB.OzoneManagerProtocolServerSideTranslatorPB.submitRequestDirectlyToOM(OzoneManagerProtocolServerSideTranslatorPB.java:293)
	at org.apache.hadoop.ozone.protocolPB.OzoneManagerProtocolServerSideTranslatorPB.processRequest(OzoneManagerProtocolServerSideTranslatorPB.java:207)
	at org.apache.hadoop.hdds.server.OzoneProtocolMessageDispatcher.processRequest(OzoneProtocolMessageDispatcher.java:87)
	at org.apache.hadoop.ozone.protocolPB.OzoneManagerProtocolServerSideTranslatorPB.submitRequest(OzoneManagerProtocolServerSideTranslatorPB.java:147)
	at org.apache.hadoop.ozone.protocol.proto.OzoneManagerProtocolProtos$OzoneManagerService$2.callBlockingMethod(OzoneManagerProtocolProtos.java)
	at org.apache.hadoop.ipc.ProtobufRpcEngine$Server.processCall(ProtobufRpcEngine.java:466)
	at org.apache.hadoop.ipc.ProtobufRpcEngine2$Server$ProtoBufRpcInvoker.call(ProtobufRpcEngine2.java:574)
	at org.apache.hadoop.ipc.ProtobufRpcEngine2$Server$ProtoBufRpcInvoker.call(ProtobufRpcEngine2.java:552)
	at org.apache.hadoop.ipc.RPC$Server.call(RPC.java:1093)
	at org.apache.hadoop.ipc.Server$RpcCall.run(Server.java:1035)
	at org.apache.hadoop.ipc.Server$RpcCall.run(Server.java:963)
	at java.security.AccessController.doPrivileged(Native Method)
	at javax.security.auth.Subject.doAs(Subject.java:422)
	at org.apache.hadoop.security.UserGroupInformation.doAs(UserGroupInformation.java:1878)
	at org.apache.hadoop.ipc.Server$Handler.run(Server.java:2966)
13:08:58.934 [IPC Server handler 19 on default port 38405] ERROR OMAudit - user=runner | ip=127.0.0.1 | op=CREATE_FILE {volume=volume84440, bucket=bucket08814, key=d1/d2/d3, dataSize=4194304, replicationType=RATIS, replicationFactor=THREE} | ret=FAILURE
org.apache.hadoop.ozone.om.exceptions.OMException: Can not write to directory: d1/d2/d3
	at org.apache.hadoop.ozone.om.request.file.OMFileCreateRequest.checkDirectoryResult(OMFileCreateRequest.java:364) ~[ozone-manager-1.3.0-SNAPSHOT.jar:?]
	at org.apache.hadoop.ozone.om.request.file.OMFileCreateRequest.validateAndUpdateCache(OMFileCreateRequest.java:240) ~[ozone-manager-1.3.0-SNAPSHOT.jar:?]
	at org.apache.hadoop.ozone.protocolPB.OzoneManagerRequestHandler.handleWriteRequest(OzoneManagerRequestHandler.java:293) ~[ozone-manager-1.3.0-SNAPSHOT.jar:?]
	at org.apache.hadoop.ozone.protocolPB.OzoneManagerProtocolServerSideTranslatorPB.submitRequestDirectlyToOM(OzoneManagerProtocolServerSideTranslatorPB.java:293) ~[ozone-manager-1.3.0-SNAPSHOT.jar:?]
	at org.apache.hadoop.ozone.protocolPB.OzoneManagerProtocolServerSideTranslatorPB.processRequest(OzoneManagerProtocolServerSideTranslatorPB.java:207) ~[ozone-manager-1.3.0-SNAPSHOT.jar:?]
	at org.apache.hadoop.hdds.server.OzoneProtocolMessageDispatcher.processRequest(OzoneProtocolMessageDispatcher.java:87) [hdds-server-framework-1.3.0-SNAPSHOT.jar:?]
	at org.apache.hadoop.ozone.protocolPB.OzoneManagerProtocolServerSideTranslatorPB.submitRequest(OzoneManagerProtocolServerSideTranslatorPB.java:147) [ozone-manager-1.3.0-SNAPSHOT.jar:?]
	at org.apache.hadoop.ozone.protocol.proto.OzoneManagerProtocolProtos$OzoneManagerService$2.callBlockingMethod(OzoneManagerProtocolProtos.java) [ozone-interface-client-1.3.0-SNAPSHOT.jar:?]
	at org.apache.hadoop.ipc.ProtobufRpcEngine$Server.processCall(ProtobufRpcEngine.java:466) [hadoop-common-3.3.1.jar:?]
	at org.apache.hadoop.ipc.ProtobufRpcEngine2$Server$ProtoBufRpcInvoker.call(ProtobufRpcEngine2.java:574) [hadoop-common-3.3.1.jar:?]
	at org.apache.hadoop.ipc.ProtobufRpcEngine2$Server$ProtoBufRpcInvoker.call(ProtobufRpcEngine2.java:552) [hadoop-common-3.3.1.jar:?]
	at org.apache.hadoop.ipc.RPC$Server.call(RPC.java:1093) [hadoop-common-3.3.1.jar:?]
	at org.apache.hadoop.ipc.Server$RpcCall.run(Server.java:1035) [hadoop-common-3.3.1.jar:?]
	at org.apache.hadoop.ipc.Server$RpcCall.run(Server.java:963) [hadoop-common-3.3.1.jar:?]
	at java.security.AccessController.doPrivileged(Native Method) ~[?:1.8.0_332]
	at javax.security.auth.Subject.doAs(Subject.java:422) [?:1.8.0_332]
	at org.apache.hadoop.security.UserGroupInformation.doAs(UserGroupInformation.java:1878) [hadoop-common-3.3.1.jar:?]
	at org.apache.hadoop.ipc.Server$Handler.run(Server.java:2966) [hadoop-common-3.3.1.jar:?]
2022-06-19 13:08:58,934 [IPC Server handler 19 on default port 38405] ERROR file.OMFileCreateRequest (OMFileCreateRequest.java:validateAndUpdateCache(337)) - File create failed. Volume:volume84440, Bucket:bucket08814, Keyd1/d2/d3.
NOT_A_FILE org.apache.hadoop.ozone.om.exceptions.OMException: Can not write to directory: d1/d2/d3
	at org.apache.hadoop.ozone.om.request.file.OMFileCreateRequest.checkDirectoryResult(OMFileCreateRequest.java:364)
	at org.apache.hadoop.ozone.om.request.file.OMFileCreateRequest.validateAndUpdateCache(OMFileCreateRequest.java:240)
	at org.apache.hadoop.ozone.protocolPB.OzoneManagerRequestHandler.handleWriteRequest(OzoneManagerRequestHandler.java:293)
	at org.apache.hadoop.ozone.protocolPB.OzoneManagerProtocolServerSideTranslatorPB.submitRequestDirectlyToOM(OzoneManagerProtocolServerSideTranslatorPB.java:293)
	at org.apache.hadoop.ozone.protocolPB.OzoneManagerProtocolServerSideTranslatorPB.processRequest(OzoneManagerProtocolServerSideTranslatorPB.java:207)
	at org.apache.hadoop.hdds.server.OzoneProtocolMessageDispatcher.processRequest(OzoneProtocolMessageDispatcher.java:87)
	at org.apache.hadoop.ozone.protocolPB.OzoneManagerProtocolServerSideTranslatorPB.submitRequest(OzoneManagerProtocolServerSideTranslatorPB.java:147)
	at org.apache.hadoop.ozone.protocol.proto.OzoneManagerProtocolProtos$OzoneManagerService$2.callBlockingMethod(OzoneManagerProtocolProtos.java)
	at org.apache.hadoop.ipc.ProtobufRpcEngine$Server.processCall(ProtobufRpcEngine.java:466)
	at org.apache.hadoop.ipc.ProtobufRpcEngine2$Server$ProtoBufRpcInvoker.call(ProtobufRpcEngine2.java:574)
	at org.apache.hadoop.ipc.ProtobufRpcEngine2$Server$ProtoBufRpcInvoker.call(ProtobufRpcEngine2.java:552)
	at org.apache.hadoop.ipc.RPC$Server.call(RPC.java:1093)
	at org.apache.hadoop.ipc.Server$RpcCall.run(Server.java:1035)
	at org.apache.hadoop.ipc.Server$RpcCall.run(Server.java:963)
	at java.security.AccessController.doPrivileged(Native Method)
	at javax.security.auth.Subject.doAs(Subject.java:422)
	at org.apache.hadoop.security.UserGroupInformation.doAs(UserGroupInformation.java:1878)
	at org.apache.hadoop.ipc.Server$Handler.run(Server.java:2966)
13:08:58.935 [IPC Server handler 7 on default port 38405] ERROR OMAudit - user=runner | ip=127.0.0.1 | op=GET_FILE_STATUS {volume=volume84440, bucket=bucket08814, key=d1/d2/d3/d4/key3/invalid, dataSize=0, replicationConfig=null} | ret=FAILURE
org.apache.hadoop.ozone.om.exceptions.OMException: Unable to get file status: volume: volume84440 bucket: bucket08814 key: d1/d2/d3/d4/key3/invalid
	at org.apache.hadoop.ozone.om.KeyManagerImpl.getOzoneFileStatus(KeyManagerImpl.java:1283) ~[ozone-manager-1.3.0-SNAPSHOT.jar:?]
	at org.apache.hadoop.ozone.om.KeyManagerImpl.getFileStatus(KeyManagerImpl.java:1213) ~[ozone-manager-1.3.0-SNAPSHOT.jar:?]
	at org.apache.hadoop.ozone.om.OzoneManager.getFileStatus(OzoneManager.java:3419) ~[ozone-manager-1.3.0-SNAPSHOT.jar:?]
	at org.apache.hadoop.ozone.protocolPB.OzoneManagerRequestHandler.getOzoneFileStatus(OzoneManagerRequestHandler.java:871) ~[ozone-manager-1.3.0-SNAPSHOT.jar:?]
	at org.apache.hadoop.ozone.protocolPB.OzoneManagerRequestHandler.handleReadRequest(OzoneManagerRequestHandler.java:217) ~[ozone-manager-1.3.0-SNAPSHOT.jar:?]
	at org.apache.hadoop.ozone.protocolPB.OzoneManagerProtocolServerSideTranslatorPB.submitRequestDirectlyToOM(OzoneManagerProtocolServerSideTranslatorPB.java:284) ~[ozone-manager-1.3.0-SNAPSHOT.jar:?]
	at org.apache.hadoop.ozone.protocolPB.OzoneManagerProtocolServerSideTranslatorPB.processRequest(OzoneManagerProtocolServerSideTranslatorPB.java:207) ~[ozone-manager-1.3.0-SNAPSHOT.jar:?]
	at org.apache.hadoop.hdds.server.OzoneProtocolMessageDispatcher.processRequest(OzoneProtocolMessageDispatcher.java:87) [hdds-server-framework-1.3.0-SNAPSHOT.jar:?]
	at org.apache.hadoop.ozone.protocolPB.OzoneManagerProtocolServerSideTranslatorPB.submitRequest(OzoneManagerProtocolServerSideTranslatorPB.java:147) [ozone-manager-1.3.0-SNAPSHOT.jar:?]
	at org.apache.hadoop.ozone.protocol.proto.OzoneManagerProtocolProtos$OzoneManagerService$2.callBlockingMethod(OzoneManagerProtocolProtos.java) [ozone-interface-client-1.3.0-SNAPSHOT.jar:?]
	at org.apache.hadoop.ipc.ProtobufRpcEngine$Server.processCall(ProtobufRpcEngine.java:466) [hadoop-common-3.3.1.jar:?]
	at org.apache.hadoop.ipc.ProtobufRpcEngine2$Server$ProtoBufRpcInvoker.call(ProtobufRpcEngine2.java:574) [hadoop-common-3.3.1.jar:?]
	at org.apache.hadoop.ipc.ProtobufRpcEngine2$Server$ProtoBufRpcInvoker.call(ProtobufRpcEngine2.java:552) [hadoop-common-3.3.1.jar:?]
	at org.apache.hadoop.ipc.RPC$Server.call(RPC.java:1093) [hadoop-common-3.3.1.jar:?]
	at org.apache.hadoop.ipc.Server$RpcCall.run(Server.java:1035) [hadoop-common-3.3.1.jar:?]
	at org.apache.hadoop.ipc.Server$RpcCall.run(Server.java:963) [hadoop-common-3.3.1.jar:?]
	at java.security.AccessController.doPrivileged(Native Method) ~[?:1.8.0_332]
	at javax.security.auth.Subject.doAs(Subject.java:422) [?:1.8.0_332]
	at org.apache.hadoop.security.UserGroupInformation.doAs(UserGroupInformation.java:1878) [hadoop-common-3.3.1.jar:?]
	at org.apache.hadoop.ipc.Server$Handler.run(Server.java:2966) [hadoop-common-3.3.1.jar:?]
13:08:58.936 [IPC Server handler 11 on default port 38405] ERROR OMAudit - user=runner | ip=127.0.0.1 | op=GET_FILE_STATUS {volume=volume84440, bucket=bucket08814, key=d1/d2/d3/d4/invalidkey, dataSize=0, replicationConfig=null} | ret=FAILURE
org.apache.hadoop.ozone.om.exceptions.OMException: Unable to get file status: volume: volume84440 bucket: bucket08814 key: d1/d2/d3/d4/invalidkey
	at org.apache.hadoop.ozone.om.KeyManagerImpl.getOzoneFileStatus(KeyManagerImpl.java:1283) ~[ozone-manager-1.3.0-SNAPSHOT.jar:?]
	at org.apache.hadoop.ozone.om.KeyManagerImpl.getFileStatus(KeyManagerImpl.java:1213) ~[ozone-manager-1.3.0-SNAPSHOT.jar:?]
	at org.apache.hadoop.ozone.om.OzoneManager.getFileStatus(OzoneManager.java:3419) ~[ozone-manager-1.3.0-SNAPSHOT.jar:?]
	at org.apache.hadoop.ozone.protocolPB.OzoneManagerRequestHandler.getOzoneFileStatus(OzoneManagerRequestHandler.java:871) ~[ozone-manager-1.3.0-SNAPSHOT.jar:?]
	at org.apache.hadoop.ozone.protocolPB.OzoneManagerRequestHandler.handleReadRequest(OzoneManagerRequestHandler.java:217) ~[ozone-manager-1.3.0-SNAPSHOT.jar:?]
	at org.apache.hadoop.ozone.protocolPB.OzoneManagerProtocolServerSideTranslatorPB.submitRequestDirectlyToOM(OzoneManagerProtocolServerSideTranslatorPB.java:284) ~[ozone-manager-1.3.0-SNAPSHOT.jar:?]
	at org.apache.hadoop.ozone.protocolPB.OzoneManagerProtocolServerSideTranslatorPB.processRequest(OzoneManagerProtocolServerSideTranslatorPB.java:207) ~[ozone-manager-1.3.0-SNAPSHOT.jar:?]
	at org.apache.hadoop.hdds.server.OzoneProtocolMessageDispatcher.processRequest(OzoneProtocolMessageDispatcher.java:87) [hdds-server-framework-1.3.0-SNAPSHOT.jar:?]
	at org.apache.hadoop.ozone.protocolPB.OzoneManagerProtocolServerSideTranslatorPB.submitRequest(OzoneManagerProtocolServerSideTranslatorPB.java:147) [ozone-manager-1.3.0-SNAPSHOT.jar:?]
	at org.apache.hadoop.ozone.protocol.proto.OzoneManagerProtocolProtos$OzoneManagerService$2.callBlockingMethod(OzoneManagerProtocolProtos.java) [ozone-interface-client-1.3.0-SNAPSHOT.jar:?]
	at org.apache.hadoop.ipc.ProtobufRpcEngine$Server.processCall(ProtobufRpcEngine.java:466) [hadoop-common-3.3.1.jar:?]
	at org.apache.hadoop.ipc.ProtobufRpcEngine2$Server$ProtoBufRpcInvoker.call(ProtobufRpcEngine2.java:574) [hadoop-common-3.3.1.jar:?]
	at org.apache.hadoop.ipc.ProtobufRpcEngine2$Server$ProtoBufRpcInvoker.call(ProtobufRpcEngine2.java:552) [hadoop-common-3.3.1.jar:?]
	at org.apache.hadoop.ipc.RPC$Server.call(RPC.java:1093) [hadoop-common-3.3.1.jar:?]
	at org.apache.hadoop.ipc.Server$RpcCall.run(Server.java:1035) [hadoop-common-3.3.1.jar:?]
	at org.apache.hadoop.ipc.Server$RpcCall.run(Server.java:963) [hadoop-common-3.3.1.jar:?]
	at java.security.AccessController.doPrivileged(Native Method) ~[?:1.8.0_332]
	at javax.security.auth.Subject.doAs(Subject.java:422) [?:1.8.0_332]
	at org.apache.hadoop.security.UserGroupInformation.doAs(UserGroupInformation.java:1878) [hadoop-common-3.3.1.jar:?]
	at org.apache.hadoop.ipc.Server$Handler.run(Server.java:2966) [hadoop-common-3.3.1.jar:?]
]]></system-out>
  </testcase>
  <testcase name="testFileDelete" classname="TestOzoneFileSystem" time="0.158">
    <system-out><![CDATA[13:05:09.152 [IPC Server handler 2 on default port 33959] ERROR OMAudit - user=runner | ip=127.0.0.1 | op=GET_FILE_STATUS {volume=volume58940, bucket=bucket47939, key=testBatchDelete, dataSize=0, replicationConfig=null} | ret=FAILURE
org.apache.hadoop.ozone.om.exceptions.OMException: Unable to get file status: volume: volume58940 bucket: bucket47939 key: testBatchDelete
	at org.apache.hadoop.ozone.om.KeyManagerImpl.getOzoneFileStatus(KeyManagerImpl.java:1283) ~[ozone-manager-1.3.0-SNAPSHOT.jar:?]
	at org.apache.hadoop.ozone.om.KeyManagerImpl.getFileStatus(KeyManagerImpl.java:1213) ~[ozone-manager-1.3.0-SNAPSHOT.jar:?]
	at org.apache.hadoop.ozone.om.OzoneManager.getFileStatus(OzoneManager.java:3419) ~[ozone-manager-1.3.0-SNAPSHOT.jar:?]
	at org.apache.hadoop.ozone.protocolPB.OzoneManagerRequestHandler.getOzoneFileStatus(OzoneManagerRequestHandler.java:871) ~[ozone-manager-1.3.0-SNAPSHOT.jar:?]
	at org.apache.hadoop.ozone.protocolPB.OzoneManagerRequestHandler.handleReadRequest(OzoneManagerRequestHandler.java:217) ~[ozone-manager-1.3.0-SNAPSHOT.jar:?]
	at org.apache.hadoop.ozone.protocolPB.OzoneManagerProtocolServerSideTranslatorPB.submitReadRequestToOM(OzoneManagerProtocolServerSideTranslatorPB.java:225) ~[ozone-manager-1.3.0-SNAPSHOT.jar:?]
	at org.apache.hadoop.ozone.protocolPB.OzoneManagerProtocolServerSideTranslatorPB.processRequest(OzoneManagerProtocolServerSideTranslatorPB.java:175) ~[ozone-manager-1.3.0-SNAPSHOT.jar:?]
	at org.apache.hadoop.hdds.server.OzoneProtocolMessageDispatcher.processRequest(OzoneProtocolMessageDispatcher.java:87) [hdds-server-framework-1.3.0-SNAPSHOT.jar:?]
	at org.apache.hadoop.ozone.protocolPB.OzoneManagerProtocolServerSideTranslatorPB.submitRequest(OzoneManagerProtocolServerSideTranslatorPB.java:147) [ozone-manager-1.3.0-SNAPSHOT.jar:?]
	at org.apache.hadoop.ozone.protocol.proto.OzoneManagerProtocolProtos$OzoneManagerService$2.callBlockingMethod(OzoneManagerProtocolProtos.java) [ozone-interface-client-1.3.0-SNAPSHOT.jar:?]
	at org.apache.hadoop.ipc.ProtobufRpcEngine$Server.processCall(ProtobufRpcEngine.java:466) [hadoop-common-3.3.1.jar:?]
	at org.apache.hadoop.ipc.ProtobufRpcEngine2$Server$ProtoBufRpcInvoker.call(ProtobufRpcEngine2.java:574) [hadoop-common-3.3.1.jar:?]
	at org.apache.hadoop.ipc.ProtobufRpcEngine2$Server$ProtoBufRpcInvoker.call(ProtobufRpcEngine2.java:552) [hadoop-common-3.3.1.jar:?]
	at org.apache.hadoop.ipc.RPC$Server.call(RPC.java:1093) [hadoop-common-3.3.1.jar:?]
	at org.apache.hadoop.ipc.Server$RpcCall.run(Server.java:1035) [hadoop-common-3.3.1.jar:?]
	at org.apache.hadoop.ipc.Server$RpcCall.run(Server.java:963) [hadoop-common-3.3.1.jar:?]
	at java.security.AccessController.doPrivileged(Native Method) ~[?:1.8.0_332]
	at javax.security.auth.Subject.doAs(Subject.java:422) [?:1.8.0_332]
	at org.apache.hadoop.security.UserGroupInformation.doAs(UserGroupInformation.java:1878) [hadoop-common-3.3.1.jar:?]
	at org.apache.hadoop.ipc.Server$Handler.run(Server.java:2966) [hadoop-common-3.3.1.jar:?]
13:05:09.154 [IPC Server handler 3 on default port 33959] ERROR OMAudit - user=runner | ip=127.0.0.1 | op=GET_FILE_STATUS {volume=volume58940, bucket=bucket47939, key=testBatchDelete/parent/child0, dataSize=0, replicationConfig=null} | ret=FAILURE
org.apache.hadoop.ozone.om.exceptions.OMException: Unable to get file status: volume: volume58940 bucket: bucket47939 key: testBatchDelete/parent/child0
	at org.apache.hadoop.ozone.om.KeyManagerImpl.getOzoneFileStatus(KeyManagerImpl.java:1283) ~[ozone-manager-1.3.0-SNAPSHOT.jar:?]
	at org.apache.hadoop.ozone.om.KeyManagerImpl.getFileStatus(KeyManagerImpl.java:1213) ~[ozone-manager-1.3.0-SNAPSHOT.jar:?]
	at org.apache.hadoop.ozone.om.OzoneManager.getFileStatus(OzoneManager.java:3419) ~[ozone-manager-1.3.0-SNAPSHOT.jar:?]
	at org.apache.hadoop.ozone.protocolPB.OzoneManagerRequestHandler.getOzoneFileStatus(OzoneManagerRequestHandler.java:871) ~[ozone-manager-1.3.0-SNAPSHOT.jar:?]
	at org.apache.hadoop.ozone.protocolPB.OzoneManagerRequestHandler.handleReadRequest(OzoneManagerRequestHandler.java:217) ~[ozone-manager-1.3.0-SNAPSHOT.jar:?]
	at org.apache.hadoop.ozone.protocolPB.OzoneManagerProtocolServerSideTranslatorPB.submitReadRequestToOM(OzoneManagerProtocolServerSideTranslatorPB.java:225) ~[ozone-manager-1.3.0-SNAPSHOT.jar:?]
	at org.apache.hadoop.ozone.protocolPB.OzoneManagerProtocolServerSideTranslatorPB.processRequest(OzoneManagerProtocolServerSideTranslatorPB.java:175) ~[ozone-manager-1.3.0-SNAPSHOT.jar:?]
	at org.apache.hadoop.hdds.server.OzoneProtocolMessageDispatcher.processRequest(OzoneProtocolMessageDispatcher.java:87) [hdds-server-framework-1.3.0-SNAPSHOT.jar:?]
	at org.apache.hadoop.ozone.protocolPB.OzoneManagerProtocolServerSideTranslatorPB.submitRequest(OzoneManagerProtocolServerSideTranslatorPB.java:147) [ozone-manager-1.3.0-SNAPSHOT.jar:?]
	at org.apache.hadoop.ozone.protocol.proto.OzoneManagerProtocolProtos$OzoneManagerService$2.callBlockingMethod(OzoneManagerProtocolProtos.java) [ozone-interface-client-1.3.0-SNAPSHOT.jar:?]
	at org.apache.hadoop.ipc.ProtobufRpcEngine$Server.processCall(ProtobufRpcEngine.java:466) [hadoop-common-3.3.1.jar:?]
	at org.apache.hadoop.ipc.ProtobufRpcEngine2$Server$ProtoBufRpcInvoker.call(ProtobufRpcEngine2.java:574) [hadoop-common-3.3.1.jar:?]
	at org.apache.hadoop.ipc.ProtobufRpcEngine2$Server$ProtoBufRpcInvoker.call(ProtobufRpcEngine2.java:552) [hadoop-common-3.3.1.jar:?]
	at org.apache.hadoop.ipc.RPC$Server.call(RPC.java:1093) [hadoop-common-3.3.1.jar:?]
	at org.apache.hadoop.ipc.Server$RpcCall.run(Server.java:1035) [hadoop-common-3.3.1.jar:?]
	at org.apache.hadoop.ipc.Server$RpcCall.run(Server.java:963) [hadoop-common-3.3.1.jar:?]
	at java.security.AccessController.doPrivileged(Native Method) ~[?:1.8.0_332]
	at javax.security.auth.Subject.doAs(Subject.java:422) [?:1.8.0_332]
	at org.apache.hadoop.security.UserGroupInformation.doAs(UserGroupInformation.java:1878) [hadoop-common-3.3.1.jar:?]
	at org.apache.hadoop.ipc.Server$Handler.run(Server.java:2966) [hadoop-common-3.3.1.jar:?]
13:05:09.155 [IPC Server handler 4 on default port 33959] ERROR OMAudit - user=runner | ip=127.0.0.1 | op=GET_FILE_STATUS {volume=volume58940, bucket=bucket47939, key=testBatchDelete/parent/childFolder/child0, dataSize=0, replicationConfig=null} | ret=FAILURE
org.apache.hadoop.ozone.om.exceptions.OMException: Unable to get file status: volume: volume58940 bucket: bucket47939 key: testBatchDelete/parent/childFolder/child0
	at org.apache.hadoop.ozone.om.KeyManagerImpl.getOzoneFileStatus(KeyManagerImpl.java:1283) ~[ozone-manager-1.3.0-SNAPSHOT.jar:?]
	at org.apache.hadoop.ozone.om.KeyManagerImpl.getFileStatus(KeyManagerImpl.java:1213) ~[ozone-manager-1.3.0-SNAPSHOT.jar:?]
	at org.apache.hadoop.ozone.om.OzoneManager.getFileStatus(OzoneManager.java:3419) ~[ozone-manager-1.3.0-SNAPSHOT.jar:?]
	at org.apache.hadoop.ozone.protocolPB.OzoneManagerRequestHandler.getOzoneFileStatus(OzoneManagerRequestHandler.java:871) ~[ozone-manager-1.3.0-SNAPSHOT.jar:?]
	at org.apache.hadoop.ozone.protocolPB.OzoneManagerRequestHandler.handleReadRequest(OzoneManagerRequestHandler.java:217) ~[ozone-manager-1.3.0-SNAPSHOT.jar:?]
	at org.apache.hadoop.ozone.protocolPB.OzoneManagerProtocolServerSideTranslatorPB.submitReadRequestToOM(OzoneManagerProtocolServerSideTranslatorPB.java:225) ~[ozone-manager-1.3.0-SNAPSHOT.jar:?]
	at org.apache.hadoop.ozone.protocolPB.OzoneManagerProtocolServerSideTranslatorPB.processRequest(OzoneManagerProtocolServerSideTranslatorPB.java:175) ~[ozone-manager-1.3.0-SNAPSHOT.jar:?]
	at org.apache.hadoop.hdds.server.OzoneProtocolMessageDispatcher.processRequest(OzoneProtocolMessageDispatcher.java:87) [hdds-server-framework-1.3.0-SNAPSHOT.jar:?]
	at org.apache.hadoop.ozone.protocolPB.OzoneManagerProtocolServerSideTranslatorPB.submitRequest(OzoneManagerProtocolServerSideTranslatorPB.java:147) [ozone-manager-1.3.0-SNAPSHOT.jar:?]
	at org.apache.hadoop.ozone.protocol.proto.OzoneManagerProtocolProtos$OzoneManagerService$2.callBlockingMethod(OzoneManagerProtocolProtos.java) [ozone-interface-client-1.3.0-SNAPSHOT.jar:?]
	at org.apache.hadoop.ipc.ProtobufRpcEngine$Server.processCall(ProtobufRpcEngine.java:466) [hadoop-common-3.3.1.jar:?]
	at org.apache.hadoop.ipc.ProtobufRpcEngine2$Server$ProtoBufRpcInvoker.call(ProtobufRpcEngine2.java:574) [hadoop-common-3.3.1.jar:?]
	at org.apache.hadoop.ipc.ProtobufRpcEngine2$Server$ProtoBufRpcInvoker.call(ProtobufRpcEngine2.java:552) [hadoop-common-3.3.1.jar:?]
	at org.apache.hadoop.ipc.RPC$Server.call(RPC.java:1093) [hadoop-common-3.3.1.jar:?]
	at org.apache.hadoop.ipc.Server$RpcCall.run(Server.java:1035) [hadoop-common-3.3.1.jar:?]
	at org.apache.hadoop.ipc.Server$RpcCall.run(Server.java:963) [hadoop-common-3.3.1.jar:?]
	at java.security.AccessController.doPrivileged(Native Method) ~[?:1.8.0_332]
	at javax.security.auth.Subject.doAs(Subject.java:422) [?:1.8.0_332]
	at org.apache.hadoop.security.UserGroupInformation.doAs(UserGroupInformation.java:1878) [hadoop-common-3.3.1.jar:?]
	at org.apache.hadoop.ipc.Server$Handler.run(Server.java:2966) [hadoop-common-3.3.1.jar:?]
13:05:09.156 [IPC Server handler 5 on default port 33959] ERROR OMAudit - user=runner | ip=127.0.0.1 | op=GET_FILE_STATUS {volume=volume58940, bucket=bucket47939, key=testBatchDelete/parent/child1, dataSize=0, replicationConfig=null} | ret=FAILURE
org.apache.hadoop.ozone.om.exceptions.OMException: Unable to get file status: volume: volume58940 bucket: bucket47939 key: testBatchDelete/parent/child1
	at org.apache.hadoop.ozone.om.KeyManagerImpl.getOzoneFileStatus(KeyManagerImpl.java:1283) ~[ozone-manager-1.3.0-SNAPSHOT.jar:?]
	at org.apache.hadoop.ozone.om.KeyManagerImpl.getFileStatus(KeyManagerImpl.java:1213) ~[ozone-manager-1.3.0-SNAPSHOT.jar:?]
	at org.apache.hadoop.ozone.om.OzoneManager.getFileStatus(OzoneManager.java:3419) ~[ozone-manager-1.3.0-SNAPSHOT.jar:?]
	at org.apache.hadoop.ozone.protocolPB.OzoneManagerRequestHandler.getOzoneFileStatus(OzoneManagerRequestHandler.java:871) ~[ozone-manager-1.3.0-SNAPSHOT.jar:?]
	at org.apache.hadoop.ozone.protocolPB.OzoneManagerRequestHandler.handleReadRequest(OzoneManagerRequestHandler.java:217) ~[ozone-manager-1.3.0-SNAPSHOT.jar:?]
	at org.apache.hadoop.ozone.protocolPB.OzoneManagerProtocolServerSideTranslatorPB.submitReadRequestToOM(OzoneManagerProtocolServerSideTranslatorPB.java:225) ~[ozone-manager-1.3.0-SNAPSHOT.jar:?]
	at org.apache.hadoop.ozone.protocolPB.OzoneManagerProtocolServerSideTranslatorPB.processRequest(OzoneManagerProtocolServerSideTranslatorPB.java:175) ~[ozone-manager-1.3.0-SNAPSHOT.jar:?]
	at org.apache.hadoop.hdds.server.OzoneProtocolMessageDispatcher.processRequest(OzoneProtocolMessageDispatcher.java:87) [hdds-server-framework-1.3.0-SNAPSHOT.jar:?]
	at org.apache.hadoop.ozone.protocolPB.OzoneManagerProtocolServerSideTranslatorPB.submitRequest(OzoneManagerProtocolServerSideTranslatorPB.java:147) [ozone-manager-1.3.0-SNAPSHOT.jar:?]
	at org.apache.hadoop.ozone.protocol.proto.OzoneManagerProtocolProtos$OzoneManagerService$2.callBlockingMethod(OzoneManagerProtocolProtos.java) [ozone-interface-client-1.3.0-SNAPSHOT.jar:?]
	at org.apache.hadoop.ipc.ProtobufRpcEngine$Server.processCall(ProtobufRpcEngine.java:466) [hadoop-common-3.3.1.jar:?]
	at org.apache.hadoop.ipc.ProtobufRpcEngine2$Server$ProtoBufRpcInvoker.call(ProtobufRpcEngine2.java:574) [hadoop-common-3.3.1.jar:?]
	at org.apache.hadoop.ipc.ProtobufRpcEngine2$Server$ProtoBufRpcInvoker.call(ProtobufRpcEngine2.java:552) [hadoop-common-3.3.1.jar:?]
	at org.apache.hadoop.ipc.RPC$Server.call(RPC.java:1093) [hadoop-common-3.3.1.jar:?]
	at org.apache.hadoop.ipc.Server$RpcCall.run(Server.java:1035) [hadoop-common-3.3.1.jar:?]
	at org.apache.hadoop.ipc.Server$RpcCall.run(Server.java:963) [hadoop-common-3.3.1.jar:?]
	at java.security.AccessController.doPrivileged(Native Method) ~[?:1.8.0_332]
	at javax.security.auth.Subject.doAs(Subject.java:422) [?:1.8.0_332]
	at org.apache.hadoop.security.UserGroupInformation.doAs(UserGroupInformation.java:1878) [hadoop-common-3.3.1.jar:?]
	at org.apache.hadoop.ipc.Server$Handler.run(Server.java:2966) [hadoop-common-3.3.1.jar:?]
13:05:09.157 [IPC Server handler 6 on default port 33959] ERROR OMAudit - user=runner | ip=127.0.0.1 | op=GET_FILE_STATUS {volume=volume58940, bucket=bucket47939, key=testBatchDelete/parent/childFolder/child1, dataSize=0, replicationConfig=null} | ret=FAILURE
org.apache.hadoop.ozone.om.exceptions.OMException: Unable to get file status: volume: volume58940 bucket: bucket47939 key: testBatchDelete/parent/childFolder/child1
	at org.apache.hadoop.ozone.om.KeyManagerImpl.getOzoneFileStatus(KeyManagerImpl.java:1283) ~[ozone-manager-1.3.0-SNAPSHOT.jar:?]
	at org.apache.hadoop.ozone.om.KeyManagerImpl.getFileStatus(KeyManagerImpl.java:1213) ~[ozone-manager-1.3.0-SNAPSHOT.jar:?]
	at org.apache.hadoop.ozone.om.OzoneManager.getFileStatus(OzoneManager.java:3419) ~[ozone-manager-1.3.0-SNAPSHOT.jar:?]
	at org.apache.hadoop.ozone.protocolPB.OzoneManagerRequestHandler.getOzoneFileStatus(OzoneManagerRequestHandler.java:871) ~[ozone-manager-1.3.0-SNAPSHOT.jar:?]
	at org.apache.hadoop.ozone.protocolPB.OzoneManagerRequestHandler.handleReadRequest(OzoneManagerRequestHandler.java:217) ~[ozone-manager-1.3.0-SNAPSHOT.jar:?]
	at org.apache.hadoop.ozone.protocolPB.OzoneManagerProtocolServerSideTranslatorPB.submitReadRequestToOM(OzoneManagerProtocolServerSideTranslatorPB.java:225) ~[ozone-manager-1.3.0-SNAPSHOT.jar:?]
	at org.apache.hadoop.ozone.protocolPB.OzoneManagerProtocolServerSideTranslatorPB.processRequest(OzoneManagerProtocolServerSideTranslatorPB.java:175) ~[ozone-manager-1.3.0-SNAPSHOT.jar:?]
	at org.apache.hadoop.hdds.server.OzoneProtocolMessageDispatcher.processRequest(OzoneProtocolMessageDispatcher.java:87) [hdds-server-framework-1.3.0-SNAPSHOT.jar:?]
	at org.apache.hadoop.ozone.protocolPB.OzoneManagerProtocolServerSideTranslatorPB.submitRequest(OzoneManagerProtocolServerSideTranslatorPB.java:147) [ozone-manager-1.3.0-SNAPSHOT.jar:?]
	at org.apache.hadoop.ozone.protocol.proto.OzoneManagerProtocolProtos$OzoneManagerService$2.callBlockingMethod(OzoneManagerProtocolProtos.java) [ozone-interface-client-1.3.0-SNAPSHOT.jar:?]
	at org.apache.hadoop.ipc.ProtobufRpcEngine$Server.processCall(ProtobufRpcEngine.java:466) [hadoop-common-3.3.1.jar:?]
	at org.apache.hadoop.ipc.ProtobufRpcEngine2$Server$ProtoBufRpcInvoker.call(ProtobufRpcEngine2.java:574) [hadoop-common-3.3.1.jar:?]
	at org.apache.hadoop.ipc.ProtobufRpcEngine2$Server$ProtoBufRpcInvoker.call(ProtobufRpcEngine2.java:552) [hadoop-common-3.3.1.jar:?]
	at org.apache.hadoop.ipc.RPC$Server.call(RPC.java:1093) [hadoop-common-3.3.1.jar:?]
	at org.apache.hadoop.ipc.Server$RpcCall.run(Server.java:1035) [hadoop-common-3.3.1.jar:?]
	at org.apache.hadoop.ipc.Server$RpcCall.run(Server.java:963) [hadoop-common-3.3.1.jar:?]
	at java.security.AccessController.doPrivileged(Native Method) ~[?:1.8.0_332]
	at javax.security.auth.Subject.doAs(Subject.java:422) [?:1.8.0_332]
	at org.apache.hadoop.security.UserGroupInformation.doAs(UserGroupInformation.java:1878) [hadoop-common-3.3.1.jar:?]
	at org.apache.hadoop.ipc.Server$Handler.run(Server.java:2966) [hadoop-common-3.3.1.jar:?]
13:05:09.158 [IPC Server handler 11 on default port 33959] ERROR OMAudit - user=runner | ip=127.0.0.1 | op=GET_FILE_STATUS {volume=volume58940, bucket=bucket47939, key=testBatchDelete/parent/child2, dataSize=0, replicationConfig=null} | ret=FAILURE
org.apache.hadoop.ozone.om.exceptions.OMException: Unable to get file status: volume: volume58940 bucket: bucket47939 key: testBatchDelete/parent/child2
	at org.apache.hadoop.ozone.om.KeyManagerImpl.getOzoneFileStatus(KeyManagerImpl.java:1283) ~[ozone-manager-1.3.0-SNAPSHOT.jar:?]
	at org.apache.hadoop.ozone.om.KeyManagerImpl.getFileStatus(KeyManagerImpl.java:1213) ~[ozone-manager-1.3.0-SNAPSHOT.jar:?]
	at org.apache.hadoop.ozone.om.OzoneManager.getFileStatus(OzoneManager.java:3419) ~[ozone-manager-1.3.0-SNAPSHOT.jar:?]
	at org.apache.hadoop.ozone.protocolPB.OzoneManagerRequestHandler.getOzoneFileStatus(OzoneManagerRequestHandler.java:871) ~[ozone-manager-1.3.0-SNAPSHOT.jar:?]
	at org.apache.hadoop.ozone.protocolPB.OzoneManagerRequestHandler.handleReadRequest(OzoneManagerRequestHandler.java:217) ~[ozone-manager-1.3.0-SNAPSHOT.jar:?]
	at org.apache.hadoop.ozone.protocolPB.OzoneManagerProtocolServerSideTranslatorPB.submitReadRequestToOM(OzoneManagerProtocolServerSideTranslatorPB.java:225) ~[ozone-manager-1.3.0-SNAPSHOT.jar:?]
	at org.apache.hadoop.ozone.protocolPB.OzoneManagerProtocolServerSideTranslatorPB.processRequest(OzoneManagerProtocolServerSideTranslatorPB.java:175) ~[ozone-manager-1.3.0-SNAPSHOT.jar:?]
	at org.apache.hadoop.hdds.server.OzoneProtocolMessageDispatcher.processRequest(OzoneProtocolMessageDispatcher.java:87) [hdds-server-framework-1.3.0-SNAPSHOT.jar:?]
	at org.apache.hadoop.ozone.protocolPB.OzoneManagerProtocolServerSideTranslatorPB.submitRequest(OzoneManagerProtocolServerSideTranslatorPB.java:147) [ozone-manager-1.3.0-SNAPSHOT.jar:?]
	at org.apache.hadoop.ozone.protocol.proto.OzoneManagerProtocolProtos$OzoneManagerService$2.callBlockingMethod(OzoneManagerProtocolProtos.java) [ozone-interface-client-1.3.0-SNAPSHOT.jar:?]
	at org.apache.hadoop.ipc.ProtobufRpcEngine$Server.processCall(ProtobufRpcEngine.java:466) [hadoop-common-3.3.1.jar:?]
	at org.apache.hadoop.ipc.ProtobufRpcEngine2$Server$ProtoBufRpcInvoker.call(ProtobufRpcEngine2.java:574) [hadoop-common-3.3.1.jar:?]
	at org.apache.hadoop.ipc.ProtobufRpcEngine2$Server$ProtoBufRpcInvoker.call(ProtobufRpcEngine2.java:552) [hadoop-common-3.3.1.jar:?]
	at org.apache.hadoop.ipc.RPC$Server.call(RPC.java:1093) [hadoop-common-3.3.1.jar:?]
	at org.apache.hadoop.ipc.Server$RpcCall.run(Server.java:1035) [hadoop-common-3.3.1.jar:?]
	at org.apache.hadoop.ipc.Server$RpcCall.run(Server.java:963) [hadoop-common-3.3.1.jar:?]
	at java.security.AccessController.doPrivileged(Native Method) ~[?:1.8.0_332]
	at javax.security.auth.Subject.doAs(Subject.java:422) [?:1.8.0_332]
	at org.apache.hadoop.security.UserGroupInformation.doAs(UserGroupInformation.java:1878) [hadoop-common-3.3.1.jar:?]
	at org.apache.hadoop.ipc.Server$Handler.run(Server.java:2966) [hadoop-common-3.3.1.jar:?]
13:05:09.159 [IPC Server handler 9 on default port 33959] ERROR OMAudit - user=runner | ip=127.0.0.1 | op=GET_FILE_STATUS {volume=volume58940, bucket=bucket47939, key=testBatchDelete/parent/childFolder/child2, dataSize=0, replicationConfig=null} | ret=FAILURE
org.apache.hadoop.ozone.om.exceptions.OMException: Unable to get file status: volume: volume58940 bucket: bucket47939 key: testBatchDelete/parent/childFolder/child2
	at org.apache.hadoop.ozone.om.KeyManagerImpl.getOzoneFileStatus(KeyManagerImpl.java:1283) ~[ozone-manager-1.3.0-SNAPSHOT.jar:?]
	at org.apache.hadoop.ozone.om.KeyManagerImpl.getFileStatus(KeyManagerImpl.java:1213) ~[ozone-manager-1.3.0-SNAPSHOT.jar:?]
	at org.apache.hadoop.ozone.om.OzoneManager.getFileStatus(OzoneManager.java:3419) ~[ozone-manager-1.3.0-SNAPSHOT.jar:?]
	at org.apache.hadoop.ozone.protocolPB.OzoneManagerRequestHandler.getOzoneFileStatus(OzoneManagerRequestHandler.java:871) ~[ozone-manager-1.3.0-SNAPSHOT.jar:?]
	at org.apache.hadoop.ozone.protocolPB.OzoneManagerRequestHandler.handleReadRequest(OzoneManagerRequestHandler.java:217) ~[ozone-manager-1.3.0-SNAPSHOT.jar:?]
	at org.apache.hadoop.ozone.protocolPB.OzoneManagerProtocolServerSideTranslatorPB.submitReadRequestToOM(OzoneManagerProtocolServerSideTranslatorPB.java:225) ~[ozone-manager-1.3.0-SNAPSHOT.jar:?]
	at org.apache.hadoop.ozone.protocolPB.OzoneManagerProtocolServerSideTranslatorPB.processRequest(OzoneManagerProtocolServerSideTranslatorPB.java:175) ~[ozone-manager-1.3.0-SNAPSHOT.jar:?]
	at org.apache.hadoop.hdds.server.OzoneProtocolMessageDispatcher.processRequest(OzoneProtocolMessageDispatcher.java:87) [hdds-server-framework-1.3.0-SNAPSHOT.jar:?]
	at org.apache.hadoop.ozone.protocolPB.OzoneManagerProtocolServerSideTranslatorPB.submitRequest(OzoneManagerProtocolServerSideTranslatorPB.java:147) [ozone-manager-1.3.0-SNAPSHOT.jar:?]
	at org.apache.hadoop.ozone.protocol.proto.OzoneManagerProtocolProtos$OzoneManagerService$2.callBlockingMethod(OzoneManagerProtocolProtos.java) [ozone-interface-client-1.3.0-SNAPSHOT.jar:?]
	at org.apache.hadoop.ipc.ProtobufRpcEngine$Server.processCall(ProtobufRpcEngine.java:466) [hadoop-common-3.3.1.jar:?]
	at org.apache.hadoop.ipc.ProtobufRpcEngine2$Server$ProtoBufRpcInvoker.call(ProtobufRpcEngine2.java:574) [hadoop-common-3.3.1.jar:?]
	at org.apache.hadoop.ipc.ProtobufRpcEngine2$Server$ProtoBufRpcInvoker.call(ProtobufRpcEngine2.java:552) [hadoop-common-3.3.1.jar:?]
	at org.apache.hadoop.ipc.RPC$Server.call(RPC.java:1093) [hadoop-common-3.3.1.jar:?]
	at org.apache.hadoop.ipc.Server$RpcCall.run(Server.java:1035) [hadoop-common-3.3.1.jar:?]
	at org.apache.hadoop.ipc.Server$RpcCall.run(Server.java:963) [hadoop-common-3.3.1.jar:?]
	at java.security.AccessController.doPrivileged(Native Method) ~[?:1.8.0_332]
	at javax.security.auth.Subject.doAs(Subject.java:422) [?:1.8.0_332]
	at org.apache.hadoop.security.UserGroupInformation.doAs(UserGroupInformation.java:1878) [hadoop-common-3.3.1.jar:?]
	at org.apache.hadoop.ipc.Server$Handler.run(Server.java:2966) [hadoop-common-3.3.1.jar:?]
13:05:09.160 [IPC Server handler 10 on default port 33959] ERROR OMAudit - user=runner | ip=127.0.0.1 | op=GET_FILE_STATUS {volume=volume58940, bucket=bucket47939, key=testBatchDelete/parent/child3, dataSize=0, replicationConfig=null} | ret=FAILURE
org.apache.hadoop.ozone.om.exceptions.OMException: Unable to get file status: volume: volume58940 bucket: bucket47939 key: testBatchDelete/parent/child3
	at org.apache.hadoop.ozone.om.KeyManagerImpl.getOzoneFileStatus(KeyManagerImpl.java:1283) ~[ozone-manager-1.3.0-SNAPSHOT.jar:?]
	at org.apache.hadoop.ozone.om.KeyManagerImpl.getFileStatus(KeyManagerImpl.java:1213) ~[ozone-manager-1.3.0-SNAPSHOT.jar:?]
	at org.apache.hadoop.ozone.om.OzoneManager.getFileStatus(OzoneManager.java:3419) ~[ozone-manager-1.3.0-SNAPSHOT.jar:?]
	at org.apache.hadoop.ozone.protocolPB.OzoneManagerRequestHandler.getOzoneFileStatus(OzoneManagerRequestHandler.java:871) ~[ozone-manager-1.3.0-SNAPSHOT.jar:?]
	at org.apache.hadoop.ozone.protocolPB.OzoneManagerRequestHandler.handleReadRequest(OzoneManagerRequestHandler.java:217) ~[ozone-manager-1.3.0-SNAPSHOT.jar:?]
	at org.apache.hadoop.ozone.protocolPB.OzoneManagerProtocolServerSideTranslatorPB.submitReadRequestToOM(OzoneManagerProtocolServerSideTranslatorPB.java:225) ~[ozone-manager-1.3.0-SNAPSHOT.jar:?]
	at org.apache.hadoop.ozone.protocolPB.OzoneManagerProtocolServerSideTranslatorPB.processRequest(OzoneManagerProtocolServerSideTranslatorPB.java:175) ~[ozone-manager-1.3.0-SNAPSHOT.jar:?]
	at org.apache.hadoop.hdds.server.OzoneProtocolMessageDispatcher.processRequest(OzoneProtocolMessageDispatcher.java:87) [hdds-server-framework-1.3.0-SNAPSHOT.jar:?]
	at org.apache.hadoop.ozone.protocolPB.OzoneManagerProtocolServerSideTranslatorPB.submitRequest(OzoneManagerProtocolServerSideTranslatorPB.java:147) [ozone-manager-1.3.0-SNAPSHOT.jar:?]
	at org.apache.hadoop.ozone.protocol.proto.OzoneManagerProtocolProtos$OzoneManagerService$2.callBlockingMethod(OzoneManagerProtocolProtos.java) [ozone-interface-client-1.3.0-SNAPSHOT.jar:?]
	at org.apache.hadoop.ipc.ProtobufRpcEngine$Server.processCall(ProtobufRpcEngine.java:466) [hadoop-common-3.3.1.jar:?]
	at org.apache.hadoop.ipc.ProtobufRpcEngine2$Server$ProtoBufRpcInvoker.call(ProtobufRpcEngine2.java:574) [hadoop-common-3.3.1.jar:?]
	at org.apache.hadoop.ipc.ProtobufRpcEngine2$Server$ProtoBufRpcInvoker.call(ProtobufRpcEngine2.java:552) [hadoop-common-3.3.1.jar:?]
	at org.apache.hadoop.ipc.RPC$Server.call(RPC.java:1093) [hadoop-common-3.3.1.jar:?]
	at org.apache.hadoop.ipc.Server$RpcCall.run(Server.java:1035) [hadoop-common-3.3.1.jar:?]
	at org.apache.hadoop.ipc.Server$RpcCall.run(Server.java:963) [hadoop-common-3.3.1.jar:?]
	at java.security.AccessController.doPrivileged(Native Method) ~[?:1.8.0_332]
	at javax.security.auth.Subject.doAs(Subject.java:422) [?:1.8.0_332]
	at org.apache.hadoop.security.UserGroupInformation.doAs(UserGroupInformation.java:1878) [hadoop-common-3.3.1.jar:?]
	at org.apache.hadoop.ipc.Server$Handler.run(Server.java:2966) [hadoop-common-3.3.1.jar:?]
13:05:09.161 [IPC Server handler 15 on default port 33959] ERROR OMAudit - user=runner | ip=127.0.0.1 | op=GET_FILE_STATUS {volume=volume58940, bucket=bucket47939, key=testBatchDelete/parent/childFolder/child3, dataSize=0, replicationConfig=null} | ret=FAILURE
org.apache.hadoop.ozone.om.exceptions.OMException: Unable to get file status: volume: volume58940 bucket: bucket47939 key: testBatchDelete/parent/childFolder/child3
	at org.apache.hadoop.ozone.om.KeyManagerImpl.getOzoneFileStatus(KeyManagerImpl.java:1283) ~[ozone-manager-1.3.0-SNAPSHOT.jar:?]
	at org.apache.hadoop.ozone.om.KeyManagerImpl.getFileStatus(KeyManagerImpl.java:1213) ~[ozone-manager-1.3.0-SNAPSHOT.jar:?]
	at org.apache.hadoop.ozone.om.OzoneManager.getFileStatus(OzoneManager.java:3419) ~[ozone-manager-1.3.0-SNAPSHOT.jar:?]
	at org.apache.hadoop.ozone.protocolPB.OzoneManagerRequestHandler.getOzoneFileStatus(OzoneManagerRequestHandler.java:871) ~[ozone-manager-1.3.0-SNAPSHOT.jar:?]
	at org.apache.hadoop.ozone.protocolPB.OzoneManagerRequestHandler.handleReadRequest(OzoneManagerRequestHandler.java:217) ~[ozone-manager-1.3.0-SNAPSHOT.jar:?]
	at org.apache.hadoop.ozone.protocolPB.OzoneManagerProtocolServerSideTranslatorPB.submitReadRequestToOM(OzoneManagerProtocolServerSideTranslatorPB.java:225) ~[ozone-manager-1.3.0-SNAPSHOT.jar:?]
	at org.apache.hadoop.ozone.protocolPB.OzoneManagerProtocolServerSideTranslatorPB.processRequest(OzoneManagerProtocolServerSideTranslatorPB.java:175) ~[ozone-manager-1.3.0-SNAPSHOT.jar:?]
	at org.apache.hadoop.hdds.server.OzoneProtocolMessageDispatcher.processRequest(OzoneProtocolMessageDispatcher.java:87) [hdds-server-framework-1.3.0-SNAPSHOT.jar:?]
	at org.apache.hadoop.ozone.protocolPB.OzoneManagerProtocolServerSideTranslatorPB.submitRequest(OzoneManagerProtocolServerSideTranslatorPB.java:147) [ozone-manager-1.3.0-SNAPSHOT.jar:?]
	at org.apache.hadoop.ozone.protocol.proto.OzoneManagerProtocolProtos$OzoneManagerService$2.callBlockingMethod(OzoneManagerProtocolProtos.java) [ozone-interface-client-1.3.0-SNAPSHOT.jar:?]
	at org.apache.hadoop.ipc.ProtobufRpcEngine$Server.processCall(ProtobufRpcEngine.java:466) [hadoop-common-3.3.1.jar:?]
	at org.apache.hadoop.ipc.ProtobufRpcEngine2$Server$ProtoBufRpcInvoker.call(ProtobufRpcEngine2.java:574) [hadoop-common-3.3.1.jar:?]
	at org.apache.hadoop.ipc.ProtobufRpcEngine2$Server$ProtoBufRpcInvoker.call(ProtobufRpcEngine2.java:552) [hadoop-common-3.3.1.jar:?]
	at org.apache.hadoop.ipc.RPC$Server.call(RPC.java:1093) [hadoop-common-3.3.1.jar:?]
	at org.apache.hadoop.ipc.Server$RpcCall.run(Server.java:1035) [hadoop-common-3.3.1.jar:?]
	at org.apache.hadoop.ipc.Server$RpcCall.run(Server.java:963) [hadoop-common-3.3.1.jar:?]
	at java.security.AccessController.doPrivileged(Native Method) ~[?:1.8.0_332]
	at javax.security.auth.Subject.doAs(Subject.java:422) [?:1.8.0_332]
	at org.apache.hadoop.security.UserGroupInformation.doAs(UserGroupInformation.java:1878) [hadoop-common-3.3.1.jar:?]
	at org.apache.hadoop.ipc.Server$Handler.run(Server.java:2966) [hadoop-common-3.3.1.jar:?]
13:05:09.162 [IPC Server handler 14 on default port 33959] ERROR OMAudit - user=runner | ip=127.0.0.1 | op=GET_FILE_STATUS {volume=volume58940, bucket=bucket47939, key=testBatchDelete/parent/child4, dataSize=0, replicationConfig=null} | ret=FAILURE
org.apache.hadoop.ozone.om.exceptions.OMException: Unable to get file status: volume: volume58940 bucket: bucket47939 key: testBatchDelete/parent/child4
	at org.apache.hadoop.ozone.om.KeyManagerImpl.getOzoneFileStatus(KeyManagerImpl.java:1283) ~[ozone-manager-1.3.0-SNAPSHOT.jar:?]
	at org.apache.hadoop.ozone.om.KeyManagerImpl.getFileStatus(KeyManagerImpl.java:1213) ~[ozone-manager-1.3.0-SNAPSHOT.jar:?]
	at org.apache.hadoop.ozone.om.OzoneManager.getFileStatus(OzoneManager.java:3419) ~[ozone-manager-1.3.0-SNAPSHOT.jar:?]
	at org.apache.hadoop.ozone.protocolPB.OzoneManagerRequestHandler.getOzoneFileStatus(OzoneManagerRequestHandler.java:871) ~[ozone-manager-1.3.0-SNAPSHOT.jar:?]
	at org.apache.hadoop.ozone.protocolPB.OzoneManagerRequestHandler.handleReadRequest(OzoneManagerRequestHandler.java:217) ~[ozone-manager-1.3.0-SNAPSHOT.jar:?]
	at org.apache.hadoop.ozone.protocolPB.OzoneManagerProtocolServerSideTranslatorPB.submitReadRequestToOM(OzoneManagerProtocolServerSideTranslatorPB.java:225) ~[ozone-manager-1.3.0-SNAPSHOT.jar:?]
	at org.apache.hadoop.ozone.protocolPB.OzoneManagerProtocolServerSideTranslatorPB.processRequest(OzoneManagerProtocolServerSideTranslatorPB.java:175) ~[ozone-manager-1.3.0-SNAPSHOT.jar:?]
	at org.apache.hadoop.hdds.server.OzoneProtocolMessageDispatcher.processRequest(OzoneProtocolMessageDispatcher.java:87) [hdds-server-framework-1.3.0-SNAPSHOT.jar:?]
	at org.apache.hadoop.ozone.protocolPB.OzoneManagerProtocolServerSideTranslatorPB.submitRequest(OzoneManagerProtocolServerSideTranslatorPB.java:147) [ozone-manager-1.3.0-SNAPSHOT.jar:?]
	at org.apache.hadoop.ozone.protocol.proto.OzoneManagerProtocolProtos$OzoneManagerService$2.callBlockingMethod(OzoneManagerProtocolProtos.java) [ozone-interface-client-1.3.0-SNAPSHOT.jar:?]
	at org.apache.hadoop.ipc.ProtobufRpcEngine$Server.processCall(ProtobufRpcEngine.java:466) [hadoop-common-3.3.1.jar:?]
	at org.apache.hadoop.ipc.ProtobufRpcEngine2$Server$ProtoBufRpcInvoker.call(ProtobufRpcEngine2.java:574) [hadoop-common-3.3.1.jar:?]
	at org.apache.hadoop.ipc.ProtobufRpcEngine2$Server$ProtoBufRpcInvoker.call(ProtobufRpcEngine2.java:552) [hadoop-common-3.3.1.jar:?]
	at org.apache.hadoop.ipc.RPC$Server.call(RPC.java:1093) [hadoop-common-3.3.1.jar:?]
	at org.apache.hadoop.ipc.Server$RpcCall.run(Server.java:1035) [hadoop-common-3.3.1.jar:?]
	at org.apache.hadoop.ipc.Server$RpcCall.run(Server.java:963) [hadoop-common-3.3.1.jar:?]
	at java.security.AccessController.doPrivileged(Native Method) ~[?:1.8.0_332]
	at javax.security.auth.Subject.doAs(Subject.java:422) [?:1.8.0_332]
	at org.apache.hadoop.security.UserGroupInformation.doAs(UserGroupInformation.java:1878) [hadoop-common-3.3.1.jar:?]
	at org.apache.hadoop.ipc.Server$Handler.run(Server.java:2966) [hadoop-common-3.3.1.jar:?]
13:05:09.163 [IPC Server handler 18 on default port 33959] ERROR OMAudit - user=runner | ip=127.0.0.1 | op=GET_FILE_STATUS {volume=volume58940, bucket=bucket47939, key=testBatchDelete/parent/childFolder/child4, dataSize=0, replicationConfig=null} | ret=FAILURE
org.apache.hadoop.ozone.om.exceptions.OMException: Unable to get file status: volume: volume58940 bucket: bucket47939 key: testBatchDelete/parent/childFolder/child4
	at org.apache.hadoop.ozone.om.KeyManagerImpl.getOzoneFileStatus(KeyManagerImpl.java:1283) ~[ozone-manager-1.3.0-SNAPSHOT.jar:?]
	at org.apache.hadoop.ozone.om.KeyManagerImpl.getFileStatus(KeyManagerImpl.java:1213) ~[ozone-manager-1.3.0-SNAPSHOT.jar:?]
	at org.apache.hadoop.ozone.om.OzoneManager.getFileStatus(OzoneManager.java:3419) ~[ozone-manager-1.3.0-SNAPSHOT.jar:?]
	at org.apache.hadoop.ozone.protocolPB.OzoneManagerRequestHandler.getOzoneFileStatus(OzoneManagerRequestHandler.java:871) ~[ozone-manager-1.3.0-SNAPSHOT.jar:?]
	at org.apache.hadoop.ozone.protocolPB.OzoneManagerRequestHandler.handleReadRequest(OzoneManagerRequestHandler.java:217) ~[ozone-manager-1.3.0-SNAPSHOT.jar:?]
	at org.apache.hadoop.ozone.protocolPB.OzoneManagerProtocolServerSideTranslatorPB.submitReadRequestToOM(OzoneManagerProtocolServerSideTranslatorPB.java:225) ~[ozone-manager-1.3.0-SNAPSHOT.jar:?]
	at org.apache.hadoop.ozone.protocolPB.OzoneManagerProtocolServerSideTranslatorPB.processRequest(OzoneManagerProtocolServerSideTranslatorPB.java:175) ~[ozone-manager-1.3.0-SNAPSHOT.jar:?]
	at org.apache.hadoop.hdds.server.OzoneProtocolMessageDispatcher.processRequest(OzoneProtocolMessageDispatcher.java:87) [hdds-server-framework-1.3.0-SNAPSHOT.jar:?]
	at org.apache.hadoop.ozone.protocolPB.OzoneManagerProtocolServerSideTranslatorPB.submitRequest(OzoneManagerProtocolServerSideTranslatorPB.java:147) [ozone-manager-1.3.0-SNAPSHOT.jar:?]
	at org.apache.hadoop.ozone.protocol.proto.OzoneManagerProtocolProtos$OzoneManagerService$2.callBlockingMethod(OzoneManagerProtocolProtos.java) [ozone-interface-client-1.3.0-SNAPSHOT.jar:?]
	at org.apache.hadoop.ipc.ProtobufRpcEngine$Server.processCall(ProtobufRpcEngine.java:466) [hadoop-common-3.3.1.jar:?]
	at org.apache.hadoop.ipc.ProtobufRpcEngine2$Server$ProtoBufRpcInvoker.call(ProtobufRpcEngine2.java:574) [hadoop-common-3.3.1.jar:?]
	at org.apache.hadoop.ipc.ProtobufRpcEngine2$Server$ProtoBufRpcInvoker.call(ProtobufRpcEngine2.java:552) [hadoop-common-3.3.1.jar:?]
	at org.apache.hadoop.ipc.RPC$Server.call(RPC.java:1093) [hadoop-common-3.3.1.jar:?]
	at org.apache.hadoop.ipc.Server$RpcCall.run(Server.java:1035) [hadoop-common-3.3.1.jar:?]
	at org.apache.hadoop.ipc.Server$RpcCall.run(Server.java:963) [hadoop-common-3.3.1.jar:?]
	at java.security.AccessController.doPrivileged(Native Method) ~[?:1.8.0_332]
	at javax.security.auth.Subject.doAs(Subject.java:422) [?:1.8.0_332]
	at org.apache.hadoop.security.UserGroupInformation.doAs(UserGroupInformation.java:1878) [hadoop-common-3.3.1.jar:?]
	at org.apache.hadoop.ipc.Server$Handler.run(Server.java:2966) [hadoop-common-3.3.1.jar:?]
13:05:09.164 [IPC Server handler 16 on default port 33959] ERROR OMAudit - user=runner | ip=127.0.0.1 | op=GET_FILE_STATUS {volume=volume58940, bucket=bucket47939, key=testBatchDelete/parent/child5, dataSize=0, replicationConfig=null} | ret=FAILURE
org.apache.hadoop.ozone.om.exceptions.OMException: Unable to get file status: volume: volume58940 bucket: bucket47939 key: testBatchDelete/parent/child5
	at org.apache.hadoop.ozone.om.KeyManagerImpl.getOzoneFileStatus(KeyManagerImpl.java:1283) ~[ozone-manager-1.3.0-SNAPSHOT.jar:?]
	at org.apache.hadoop.ozone.om.KeyManagerImpl.getFileStatus(KeyManagerImpl.java:1213) ~[ozone-manager-1.3.0-SNAPSHOT.jar:?]
	at org.apache.hadoop.ozone.om.OzoneManager.getFileStatus(OzoneManager.java:3419) ~[ozone-manager-1.3.0-SNAPSHOT.jar:?]
	at org.apache.hadoop.ozone.protocolPB.OzoneManagerRequestHandler.getOzoneFileStatus(OzoneManagerRequestHandler.java:871) ~[ozone-manager-1.3.0-SNAPSHOT.jar:?]
	at org.apache.hadoop.ozone.protocolPB.OzoneManagerRequestHandler.handleReadRequest(OzoneManagerRequestHandler.java:217) ~[ozone-manager-1.3.0-SNAPSHOT.jar:?]
	at org.apache.hadoop.ozone.protocolPB.OzoneManagerProtocolServerSideTranslatorPB.submitReadRequestToOM(OzoneManagerProtocolServerSideTranslatorPB.java:225) ~[ozone-manager-1.3.0-SNAPSHOT.jar:?]
	at org.apache.hadoop.ozone.protocolPB.OzoneManagerProtocolServerSideTranslatorPB.processRequest(OzoneManagerProtocolServerSideTranslatorPB.java:175) ~[ozone-manager-1.3.0-SNAPSHOT.jar:?]
	at org.apache.hadoop.hdds.server.OzoneProtocolMessageDispatcher.processRequest(OzoneProtocolMessageDispatcher.java:87) [hdds-server-framework-1.3.0-SNAPSHOT.jar:?]
	at org.apache.hadoop.ozone.protocolPB.OzoneManagerProtocolServerSideTranslatorPB.submitRequest(OzoneManagerProtocolServerSideTranslatorPB.java:147) [ozone-manager-1.3.0-SNAPSHOT.jar:?]
	at org.apache.hadoop.ozone.protocol.proto.OzoneManagerProtocolProtos$OzoneManagerService$2.callBlockingMethod(OzoneManagerProtocolProtos.java) [ozone-interface-client-1.3.0-SNAPSHOT.jar:?]
	at org.apache.hadoop.ipc.ProtobufRpcEngine$Server.processCall(ProtobufRpcEngine.java:466) [hadoop-common-3.3.1.jar:?]
	at org.apache.hadoop.ipc.ProtobufRpcEngine2$Server$ProtoBufRpcInvoker.call(ProtobufRpcEngine2.java:574) [hadoop-common-3.3.1.jar:?]
	at org.apache.hadoop.ipc.ProtobufRpcEngine2$Server$ProtoBufRpcInvoker.call(ProtobufRpcEngine2.java:552) [hadoop-common-3.3.1.jar:?]
	at org.apache.hadoop.ipc.RPC$Server.call(RPC.java:1093) [hadoop-common-3.3.1.jar:?]
	at org.apache.hadoop.ipc.Server$RpcCall.run(Server.java:1035) [hadoop-common-3.3.1.jar:?]
	at org.apache.hadoop.ipc.Server$RpcCall.run(Server.java:963) [hadoop-common-3.3.1.jar:?]
	at java.security.AccessController.doPrivileged(Native Method) ~[?:1.8.0_332]
	at javax.security.auth.Subject.doAs(Subject.java:422) [?:1.8.0_332]
	at org.apache.hadoop.security.UserGroupInformation.doAs(UserGroupInformation.java:1878) [hadoop-common-3.3.1.jar:?]
	at org.apache.hadoop.ipc.Server$Handler.run(Server.java:2966) [hadoop-common-3.3.1.jar:?]
13:05:09.165 [IPC Server handler 7 on default port 33959] ERROR OMAudit - user=runner | ip=127.0.0.1 | op=GET_FILE_STATUS {volume=volume58940, bucket=bucket47939, key=testBatchDelete/parent/childFolder/child5, dataSize=0, replicationConfig=null} | ret=FAILURE
org.apache.hadoop.ozone.om.exceptions.OMException: Unable to get file status: volume: volume58940 bucket: bucket47939 key: testBatchDelete/parent/childFolder/child5
	at org.apache.hadoop.ozone.om.KeyManagerImpl.getOzoneFileStatus(KeyManagerImpl.java:1283) ~[ozone-manager-1.3.0-SNAPSHOT.jar:?]
	at org.apache.hadoop.ozone.om.KeyManagerImpl.getFileStatus(KeyManagerImpl.java:1213) ~[ozone-manager-1.3.0-SNAPSHOT.jar:?]
	at org.apache.hadoop.ozone.om.OzoneManager.getFileStatus(OzoneManager.java:3419) ~[ozone-manager-1.3.0-SNAPSHOT.jar:?]
	at org.apache.hadoop.ozone.protocolPB.OzoneManagerRequestHandler.getOzoneFileStatus(OzoneManagerRequestHandler.java:871) ~[ozone-manager-1.3.0-SNAPSHOT.jar:?]
	at org.apache.hadoop.ozone.protocolPB.OzoneManagerRequestHandler.handleReadRequest(OzoneManagerRequestHandler.java:217) ~[ozone-manager-1.3.0-SNAPSHOT.jar:?]
	at org.apache.hadoop.ozone.protocolPB.OzoneManagerProtocolServerSideTranslatorPB.submitReadRequestToOM(OzoneManagerProtocolServerSideTranslatorPB.java:225) ~[ozone-manager-1.3.0-SNAPSHOT.jar:?]
	at org.apache.hadoop.ozone.protocolPB.OzoneManagerProtocolServerSideTranslatorPB.processRequest(OzoneManagerProtocolServerSideTranslatorPB.java:175) ~[ozone-manager-1.3.0-SNAPSHOT.jar:?]
	at org.apache.hadoop.hdds.server.OzoneProtocolMessageDispatcher.processRequest(OzoneProtocolMessageDispatcher.java:87) [hdds-server-framework-1.3.0-SNAPSHOT.jar:?]
	at org.apache.hadoop.ozone.protocolPB.OzoneManagerProtocolServerSideTranslatorPB.submitRequest(OzoneManagerProtocolServerSideTranslatorPB.java:147) [ozone-manager-1.3.0-SNAPSHOT.jar:?]
	at org.apache.hadoop.ozone.protocol.proto.OzoneManagerProtocolProtos$OzoneManagerService$2.callBlockingMethod(OzoneManagerProtocolProtos.java) [ozone-interface-client-1.3.0-SNAPSHOT.jar:?]
	at org.apache.hadoop.ipc.ProtobufRpcEngine$Server.processCall(ProtobufRpcEngine.java:466) [hadoop-common-3.3.1.jar:?]
	at org.apache.hadoop.ipc.ProtobufRpcEngine2$Server$ProtoBufRpcInvoker.call(ProtobufRpcEngine2.java:574) [hadoop-common-3.3.1.jar:?]
	at org.apache.hadoop.ipc.ProtobufRpcEngine2$Server$ProtoBufRpcInvoker.call(ProtobufRpcEngine2.java:552) [hadoop-common-3.3.1.jar:?]
	at org.apache.hadoop.ipc.RPC$Server.call(RPC.java:1093) [hadoop-common-3.3.1.jar:?]
	at org.apache.hadoop.ipc.Server$RpcCall.run(Server.java:1035) [hadoop-common-3.3.1.jar:?]
	at org.apache.hadoop.ipc.Server$RpcCall.run(Server.java:963) [hadoop-common-3.3.1.jar:?]
	at java.security.AccessController.doPrivileged(Native Method) ~[?:1.8.0_332]
	at javax.security.auth.Subject.doAs(Subject.java:422) [?:1.8.0_332]
	at org.apache.hadoop.security.UserGroupInformation.doAs(UserGroupInformation.java:1878) [hadoop-common-3.3.1.jar:?]
	at org.apache.hadoop.ipc.Server$Handler.run(Server.java:2966) [hadoop-common-3.3.1.jar:?]
13:05:09.166 [IPC Server handler 17 on default port 33959] ERROR OMAudit - user=runner | ip=127.0.0.1 | op=GET_FILE_STATUS {volume=volume58940, bucket=bucket47939, key=testBatchDelete/parent/child6, dataSize=0, replicationConfig=null} | ret=FAILURE
org.apache.hadoop.ozone.om.exceptions.OMException: Unable to get file status: volume: volume58940 bucket: bucket47939 key: testBatchDelete/parent/child6
	at org.apache.hadoop.ozone.om.KeyManagerImpl.getOzoneFileStatus(KeyManagerImpl.java:1283) ~[ozone-manager-1.3.0-SNAPSHOT.jar:?]
	at org.apache.hadoop.ozone.om.KeyManagerImpl.getFileStatus(KeyManagerImpl.java:1213) ~[ozone-manager-1.3.0-SNAPSHOT.jar:?]
	at org.apache.hadoop.ozone.om.OzoneManager.getFileStatus(OzoneManager.java:3419) ~[ozone-manager-1.3.0-SNAPSHOT.jar:?]
	at org.apache.hadoop.ozone.protocolPB.OzoneManagerRequestHandler.getOzoneFileStatus(OzoneManagerRequestHandler.java:871) ~[ozone-manager-1.3.0-SNAPSHOT.jar:?]
	at org.apache.hadoop.ozone.protocolPB.OzoneManagerRequestHandler.handleReadRequest(OzoneManagerRequestHandler.java:217) ~[ozone-manager-1.3.0-SNAPSHOT.jar:?]
	at org.apache.hadoop.ozone.protocolPB.OzoneManagerProtocolServerSideTranslatorPB.submitReadRequestToOM(OzoneManagerProtocolServerSideTranslatorPB.java:225) ~[ozone-manager-1.3.0-SNAPSHOT.jar:?]
	at org.apache.hadoop.ozone.protocolPB.OzoneManagerProtocolServerSideTranslatorPB.processRequest(OzoneManagerProtocolServerSideTranslatorPB.java:175) ~[ozone-manager-1.3.0-SNAPSHOT.jar:?]
	at org.apache.hadoop.hdds.server.OzoneProtocolMessageDispatcher.processRequest(OzoneProtocolMessageDispatcher.java:87) [hdds-server-framework-1.3.0-SNAPSHOT.jar:?]
	at org.apache.hadoop.ozone.protocolPB.OzoneManagerProtocolServerSideTranslatorPB.submitRequest(OzoneManagerProtocolServerSideTranslatorPB.java:147) [ozone-manager-1.3.0-SNAPSHOT.jar:?]
	at org.apache.hadoop.ozone.protocol.proto.OzoneManagerProtocolProtos$OzoneManagerService$2.callBlockingMethod(OzoneManagerProtocolProtos.java) [ozone-interface-client-1.3.0-SNAPSHOT.jar:?]
	at org.apache.hadoop.ipc.ProtobufRpcEngine$Server.processCall(ProtobufRpcEngine.java:466) [hadoop-common-3.3.1.jar:?]
	at org.apache.hadoop.ipc.ProtobufRpcEngine2$Server$ProtoBufRpcInvoker.call(ProtobufRpcEngine2.java:574) [hadoop-common-3.3.1.jar:?]
	at org.apache.hadoop.ipc.ProtobufRpcEngine2$Server$ProtoBufRpcInvoker.call(ProtobufRpcEngine2.java:552) [hadoop-common-3.3.1.jar:?]
	at org.apache.hadoop.ipc.RPC$Server.call(RPC.java:1093) [hadoop-common-3.3.1.jar:?]
	at org.apache.hadoop.ipc.Server$RpcCall.run(Server.java:1035) [hadoop-common-3.3.1.jar:?]
	at org.apache.hadoop.ipc.Server$RpcCall.run(Server.java:963) [hadoop-common-3.3.1.jar:?]
	at java.security.AccessController.doPrivileged(Native Method) ~[?:1.8.0_332]
	at javax.security.auth.Subject.doAs(Subject.java:422) [?:1.8.0_332]
	at org.apache.hadoop.security.UserGroupInformation.doAs(UserGroupInformation.java:1878) [hadoop-common-3.3.1.jar:?]
	at org.apache.hadoop.ipc.Server$Handler.run(Server.java:2966) [hadoop-common-3.3.1.jar:?]
13:05:09.167 [IPC Server handler 13 on default port 33959] ERROR OMAudit - user=runner | ip=127.0.0.1 | op=GET_FILE_STATUS {volume=volume58940, bucket=bucket47939, key=testBatchDelete/parent/childFolder/child6, dataSize=0, replicationConfig=null} | ret=FAILURE
org.apache.hadoop.ozone.om.exceptions.OMException: Unable to get file status: volume: volume58940 bucket: bucket47939 key: testBatchDelete/parent/childFolder/child6
	at org.apache.hadoop.ozone.om.KeyManagerImpl.getOzoneFileStatus(KeyManagerImpl.java:1283) ~[ozone-manager-1.3.0-SNAPSHOT.jar:?]
	at org.apache.hadoop.ozone.om.KeyManagerImpl.getFileStatus(KeyManagerImpl.java:1213) ~[ozone-manager-1.3.0-SNAPSHOT.jar:?]
	at org.apache.hadoop.ozone.om.OzoneManager.getFileStatus(OzoneManager.java:3419) ~[ozone-manager-1.3.0-SNAPSHOT.jar:?]
	at org.apache.hadoop.ozone.protocolPB.OzoneManagerRequestHandler.getOzoneFileStatus(OzoneManagerRequestHandler.java:871) ~[ozone-manager-1.3.0-SNAPSHOT.jar:?]
	at org.apache.hadoop.ozone.protocolPB.OzoneManagerRequestHandler.handleReadRequest(OzoneManagerRequestHandler.java:217) ~[ozone-manager-1.3.0-SNAPSHOT.jar:?]
	at org.apache.hadoop.ozone.protocolPB.OzoneManagerProtocolServerSideTranslatorPB.submitReadRequestToOM(OzoneManagerProtocolServerSideTranslatorPB.java:225) ~[ozone-manager-1.3.0-SNAPSHOT.jar:?]
	at org.apache.hadoop.ozone.protocolPB.OzoneManagerProtocolServerSideTranslatorPB.processRequest(OzoneManagerProtocolServerSideTranslatorPB.java:175) ~[ozone-manager-1.3.0-SNAPSHOT.jar:?]
	at org.apache.hadoop.hdds.server.OzoneProtocolMessageDispatcher.processRequest(OzoneProtocolMessageDispatcher.java:87) [hdds-server-framework-1.3.0-SNAPSHOT.jar:?]
	at org.apache.hadoop.ozone.protocolPB.OzoneManagerProtocolServerSideTranslatorPB.submitRequest(OzoneManagerProtocolServerSideTranslatorPB.java:147) [ozone-manager-1.3.0-SNAPSHOT.jar:?]
	at org.apache.hadoop.ozone.protocol.proto.OzoneManagerProtocolProtos$OzoneManagerService$2.callBlockingMethod(OzoneManagerProtocolProtos.java) [ozone-interface-client-1.3.0-SNAPSHOT.jar:?]
	at org.apache.hadoop.ipc.ProtobufRpcEngine$Server.processCall(ProtobufRpcEngine.java:466) [hadoop-common-3.3.1.jar:?]
	at org.apache.hadoop.ipc.ProtobufRpcEngine2$Server$ProtoBufRpcInvoker.call(ProtobufRpcEngine2.java:574) [hadoop-common-3.3.1.jar:?]
	at org.apache.hadoop.ipc.ProtobufRpcEngine2$Server$ProtoBufRpcInvoker.call(ProtobufRpcEngine2.java:552) [hadoop-common-3.3.1.jar:?]
	at org.apache.hadoop.ipc.RPC$Server.call(RPC.java:1093) [hadoop-common-3.3.1.jar:?]
	at org.apache.hadoop.ipc.Server$RpcCall.run(Server.java:1035) [hadoop-common-3.3.1.jar:?]
	at org.apache.hadoop.ipc.Server$RpcCall.run(Server.java:963) [hadoop-common-3.3.1.jar:?]
	at java.security.AccessController.doPrivileged(Native Method) ~[?:1.8.0_332]
	at javax.security.auth.Subject.doAs(Subject.java:422) [?:1.8.0_332]
	at org.apache.hadoop.security.UserGroupInformation.doAs(UserGroupInformation.java:1878) [hadoop-common-3.3.1.jar:?]
	at org.apache.hadoop.ipc.Server$Handler.run(Server.java:2966) [hadoop-common-3.3.1.jar:?]
13:05:09.168 [IPC Server handler 1 on default port 33959] ERROR OMAudit - user=runner | ip=127.0.0.1 | op=GET_FILE_STATUS {volume=volume58940, bucket=bucket47939, key=testBatchDelete/parent/child7, dataSize=0, replicationConfig=null} | ret=FAILURE
org.apache.hadoop.ozone.om.exceptions.OMException: Unable to get file status: volume: volume58940 bucket: bucket47939 key: testBatchDelete/parent/child7
	at org.apache.hadoop.ozone.om.KeyManagerImpl.getOzoneFileStatus(KeyManagerImpl.java:1283) ~[ozone-manager-1.3.0-SNAPSHOT.jar:?]
	at org.apache.hadoop.ozone.om.KeyManagerImpl.getFileStatus(KeyManagerImpl.java:1213) ~[ozone-manager-1.3.0-SNAPSHOT.jar:?]
	at org.apache.hadoop.ozone.om.OzoneManager.getFileStatus(OzoneManager.java:3419) ~[ozone-manager-1.3.0-SNAPSHOT.jar:?]
	at org.apache.hadoop.ozone.protocolPB.OzoneManagerRequestHandler.getOzoneFileStatus(OzoneManagerRequestHandler.java:871) ~[ozone-manager-1.3.0-SNAPSHOT.jar:?]
	at org.apache.hadoop.ozone.protocolPB.OzoneManagerRequestHandler.handleReadRequest(OzoneManagerRequestHandler.java:217) ~[ozone-manager-1.3.0-SNAPSHOT.jar:?]
	at org.apache.hadoop.ozone.protocolPB.OzoneManagerProtocolServerSideTranslatorPB.submitReadRequestToOM(OzoneManagerProtocolServerSideTranslatorPB.java:225) ~[ozone-manager-1.3.0-SNAPSHOT.jar:?]
	at org.apache.hadoop.ozone.protocolPB.OzoneManagerProtocolServerSideTranslatorPB.processRequest(OzoneManagerProtocolServerSideTranslatorPB.java:175) ~[ozone-manager-1.3.0-SNAPSHOT.jar:?]
	at org.apache.hadoop.hdds.server.OzoneProtocolMessageDispatcher.processRequest(OzoneProtocolMessageDispatcher.java:87) [hdds-server-framework-1.3.0-SNAPSHOT.jar:?]
	at org.apache.hadoop.ozone.protocolPB.OzoneManagerProtocolServerSideTranslatorPB.submitRequest(OzoneManagerProtocolServerSideTranslatorPB.java:147) [ozone-manager-1.3.0-SNAPSHOT.jar:?]
	at org.apache.hadoop.ozone.protocol.proto.OzoneManagerProtocolProtos$OzoneManagerService$2.callBlockingMethod(OzoneManagerProtocolProtos.java) [ozone-interface-client-1.3.0-SNAPSHOT.jar:?]
	at org.apache.hadoop.ipc.ProtobufRpcEngine$Server.processCall(ProtobufRpcEngine.java:466) [hadoop-common-3.3.1.jar:?]
	at org.apache.hadoop.ipc.ProtobufRpcEngine2$Server$ProtoBufRpcInvoker.call(ProtobufRpcEngine2.java:574) [hadoop-common-3.3.1.jar:?]
	at org.apache.hadoop.ipc.ProtobufRpcEngine2$Server$ProtoBufRpcInvoker.call(ProtobufRpcEngine2.java:552) [hadoop-common-3.3.1.jar:?]
	at org.apache.hadoop.ipc.RPC$Server.call(RPC.java:1093) [hadoop-common-3.3.1.jar:?]
	at org.apache.hadoop.ipc.Server$RpcCall.run(Server.java:1035) [hadoop-common-3.3.1.jar:?]
	at org.apache.hadoop.ipc.Server$RpcCall.run(Server.java:963) [hadoop-common-3.3.1.jar:?]
	at java.security.AccessController.doPrivileged(Native Method) ~[?:1.8.0_332]
	at javax.security.auth.Subject.doAs(Subject.java:422) [?:1.8.0_332]
	at org.apache.hadoop.security.UserGroupInformation.doAs(UserGroupInformation.java:1878) [hadoop-common-3.3.1.jar:?]
	at org.apache.hadoop.ipc.Server$Handler.run(Server.java:2966) [hadoop-common-3.3.1.jar:?]
13:05:09.170 [IPC Server handler 8 on default port 33959] ERROR OMAudit - user=runner | ip=127.0.0.1 | op=GET_FILE_STATUS {volume=volume58940, bucket=bucket47939, key=testBatchDelete/parent/childFolder/child7, dataSize=0, replicationConfig=null} | ret=FAILURE
org.apache.hadoop.ozone.om.exceptions.OMException: Unable to get file status: volume: volume58940 bucket: bucket47939 key: testBatchDelete/parent/childFolder/child7
	at org.apache.hadoop.ozone.om.KeyManagerImpl.getOzoneFileStatus(KeyManagerImpl.java:1283) ~[ozone-manager-1.3.0-SNAPSHOT.jar:?]
	at org.apache.hadoop.ozone.om.KeyManagerImpl.getFileStatus(KeyManagerImpl.java:1213) ~[ozone-manager-1.3.0-SNAPSHOT.jar:?]
	at org.apache.hadoop.ozone.om.OzoneManager.getFileStatus(OzoneManager.java:3419) ~[ozone-manager-1.3.0-SNAPSHOT.jar:?]
	at org.apache.hadoop.ozone.protocolPB.OzoneManagerRequestHandler.getOzoneFileStatus(OzoneManagerRequestHandler.java:871) ~[ozone-manager-1.3.0-SNAPSHOT.jar:?]
	at org.apache.hadoop.ozone.protocolPB.OzoneManagerRequestHandler.handleReadRequest(OzoneManagerRequestHandler.java:217) ~[ozone-manager-1.3.0-SNAPSHOT.jar:?]
	at org.apache.hadoop.ozone.protocolPB.OzoneManagerProtocolServerSideTranslatorPB.submitReadRequestToOM(OzoneManagerProtocolServerSideTranslatorPB.java:225) ~[ozone-manager-1.3.0-SNAPSHOT.jar:?]
	at org.apache.hadoop.ozone.protocolPB.OzoneManagerProtocolServerSideTranslatorPB.processRequest(OzoneManagerProtocolServerSideTranslatorPB.java:175) ~[ozone-manager-1.3.0-SNAPSHOT.jar:?]
	at org.apache.hadoop.hdds.server.OzoneProtocolMessageDispatcher.processRequest(OzoneProtocolMessageDispatcher.java:87) [hdds-server-framework-1.3.0-SNAPSHOT.jar:?]
	at org.apache.hadoop.ozone.protocolPB.OzoneManagerProtocolServerSideTranslatorPB.submitRequest(OzoneManagerProtocolServerSideTranslatorPB.java:147) [ozone-manager-1.3.0-SNAPSHOT.jar:?]
	at org.apache.hadoop.ozone.protocol.proto.OzoneManagerProtocolProtos$OzoneManagerService$2.callBlockingMethod(OzoneManagerProtocolProtos.java) [ozone-interface-client-1.3.0-SNAPSHOT.jar:?]
	at org.apache.hadoop.ipc.ProtobufRpcEngine$Server.processCall(ProtobufRpcEngine.java:466) [hadoop-common-3.3.1.jar:?]
	at org.apache.hadoop.ipc.ProtobufRpcEngine2$Server$ProtoBufRpcInvoker.call(ProtobufRpcEngine2.java:574) [hadoop-common-3.3.1.jar:?]
	at org.apache.hadoop.ipc.ProtobufRpcEngine2$Server$ProtoBufRpcInvoker.call(ProtobufRpcEngine2.java:552) [hadoop-common-3.3.1.jar:?]
	at org.apache.hadoop.ipc.RPC$Server.call(RPC.java:1093) [hadoop-common-3.3.1.jar:?]
	at org.apache.hadoop.ipc.Server$RpcCall.run(Server.java:1035) [hadoop-common-3.3.1.jar:?]
	at org.apache.hadoop.ipc.Server$RpcCall.run(Server.java:963) [hadoop-common-3.3.1.jar:?]
	at java.security.AccessController.doPrivileged(Native Method) ~[?:1.8.0_332]
	at javax.security.auth.Subject.doAs(Subject.java:422) [?:1.8.0_332]
	at org.apache.hadoop.security.UserGroupInformation.doAs(UserGroupInformation.java:1878) [hadoop-common-3.3.1.jar:?]
	at org.apache.hadoop.ipc.Server$Handler.run(Server.java:2966) [hadoop-common-3.3.1.jar:?]
13:05:09.172 [IPC Server handler 12 on default port 33959] ERROR OMAudit - user=runner | ip=127.0.0.1 | op=GET_FILE_STATUS {volume=volume58940, bucket=bucket47939, key=testBatchDelete/parent, dataSize=0, replicationConfig=null} | ret=FAILURE
org.apache.hadoop.ozone.om.exceptions.OMException: Unable to get file status: volume: volume58940 bucket: bucket47939 key: testBatchDelete/parent
	at org.apache.hadoop.ozone.om.KeyManagerImpl.getOzoneFileStatus(KeyManagerImpl.java:1283) ~[ozone-manager-1.3.0-SNAPSHOT.jar:?]
	at org.apache.hadoop.ozone.om.KeyManagerImpl.getFileStatus(KeyManagerImpl.java:1213) ~[ozone-manager-1.3.0-SNAPSHOT.jar:?]
	at org.apache.hadoop.ozone.om.OzoneManager.getFileStatus(OzoneManager.java:3419) ~[ozone-manager-1.3.0-SNAPSHOT.jar:?]
	at org.apache.hadoop.ozone.protocolPB.OzoneManagerRequestHandler.getOzoneFileStatus(OzoneManagerRequestHandler.java:871) ~[ozone-manager-1.3.0-SNAPSHOT.jar:?]
	at org.apache.hadoop.ozone.protocolPB.OzoneManagerRequestHandler.handleReadRequest(OzoneManagerRequestHandler.java:217) ~[ozone-manager-1.3.0-SNAPSHOT.jar:?]
	at org.apache.hadoop.ozone.protocolPB.OzoneManagerProtocolServerSideTranslatorPB.submitReadRequestToOM(OzoneManagerProtocolServerSideTranslatorPB.java:225) ~[ozone-manager-1.3.0-SNAPSHOT.jar:?]
	at org.apache.hadoop.ozone.protocolPB.OzoneManagerProtocolServerSideTranslatorPB.processRequest(OzoneManagerProtocolServerSideTranslatorPB.java:175) ~[ozone-manager-1.3.0-SNAPSHOT.jar:?]
	at org.apache.hadoop.hdds.server.OzoneProtocolMessageDispatcher.processRequest(OzoneProtocolMessageDispatcher.java:87) [hdds-server-framework-1.3.0-SNAPSHOT.jar:?]
	at org.apache.hadoop.ozone.protocolPB.OzoneManagerProtocolServerSideTranslatorPB.submitRequest(OzoneManagerProtocolServerSideTranslatorPB.java:147) [ozone-manager-1.3.0-SNAPSHOT.jar:?]
	at org.apache.hadoop.ozone.protocol.proto.OzoneManagerProtocolProtos$OzoneManagerService$2.callBlockingMethod(OzoneManagerProtocolProtos.java) [ozone-interface-client-1.3.0-SNAPSHOT.jar:?]
	at org.apache.hadoop.ipc.ProtobufRpcEngine$Server.processCall(ProtobufRpcEngine.java:466) [hadoop-common-3.3.1.jar:?]
	at org.apache.hadoop.ipc.ProtobufRpcEngine2$Server$ProtoBufRpcInvoker.call(ProtobufRpcEngine2.java:574) [hadoop-common-3.3.1.jar:?]
	at org.apache.hadoop.ipc.ProtobufRpcEngine2$Server$ProtoBufRpcInvoker.call(ProtobufRpcEngine2.java:552) [hadoop-common-3.3.1.jar:?]
	at org.apache.hadoop.ipc.RPC$Server.call(RPC.java:1093) [hadoop-common-3.3.1.jar:?]
	at org.apache.hadoop.ipc.Server$RpcCall.run(Server.java:1035) [hadoop-common-3.3.1.jar:?]
	at org.apache.hadoop.ipc.Server$RpcCall.run(Server.java:963) [hadoop-common-3.3.1.jar:?]
	at java.security.AccessController.doPrivileged(Native Method) ~[?:1.8.0_332]
	at javax.security.auth.Subject.doAs(Subject.java:422) [?:1.8.0_332]
	at org.apache.hadoop.security.UserGroupInformation.doAs(UserGroupInformation.java:1878) [hadoop-common-3.3.1.jar:?]
	at org.apache.hadoop.ipc.Server$Handler.run(Server.java:2966) [hadoop-common-3.3.1.jar:?]
2022-06-19 13:05:09,172 [Time-limited test] WARN  ozone.BasicOzoneFileSystem (BasicOzoneFileSystem.java:delete(532)) - delete: Path does not exist: /testBatchDelete/parent
]]></system-out>
  </testcase>
  <testcase name="testFileDelete" classname="TestOzoneFileSystem" time="0.091">
    <system-out><![CDATA[13:06:26.764 [IPC Server handler 14 on default port 45241] ERROR OMAudit - user=runner | ip=127.0.0.1 | op=GET_FILE_STATUS {volume=volume87664, bucket=bucket74908, key=testBatchDelete, dataSize=0, replicationConfig=null} | ret=FAILURE
org.apache.hadoop.ozone.om.exceptions.OMException: Unable to get file status: volume: volume87664 bucket: bucket74908 key: testBatchDelete
	at org.apache.hadoop.ozone.om.KeyManagerImpl.getOzoneFileStatus(KeyManagerImpl.java:1283) ~[ozone-manager-1.3.0-SNAPSHOT.jar:?]
	at org.apache.hadoop.ozone.om.KeyManagerImpl.getFileStatus(KeyManagerImpl.java:1213) ~[ozone-manager-1.3.0-SNAPSHOT.jar:?]
	at org.apache.hadoop.ozone.om.OzoneManager.getFileStatus(OzoneManager.java:3419) ~[ozone-manager-1.3.0-SNAPSHOT.jar:?]
	at org.apache.hadoop.ozone.protocolPB.OzoneManagerRequestHandler.getOzoneFileStatus(OzoneManagerRequestHandler.java:871) ~[ozone-manager-1.3.0-SNAPSHOT.jar:?]
	at org.apache.hadoop.ozone.protocolPB.OzoneManagerRequestHandler.handleReadRequest(OzoneManagerRequestHandler.java:217) ~[ozone-manager-1.3.0-SNAPSHOT.jar:?]
	at org.apache.hadoop.ozone.protocolPB.OzoneManagerProtocolServerSideTranslatorPB.submitRequestDirectlyToOM(OzoneManagerProtocolServerSideTranslatorPB.java:284) ~[ozone-manager-1.3.0-SNAPSHOT.jar:?]
	at org.apache.hadoop.ozone.protocolPB.OzoneManagerProtocolServerSideTranslatorPB.processRequest(OzoneManagerProtocolServerSideTranslatorPB.java:207) ~[ozone-manager-1.3.0-SNAPSHOT.jar:?]
	at org.apache.hadoop.hdds.server.OzoneProtocolMessageDispatcher.processRequest(OzoneProtocolMessageDispatcher.java:87) [hdds-server-framework-1.3.0-SNAPSHOT.jar:?]
	at org.apache.hadoop.ozone.protocolPB.OzoneManagerProtocolServerSideTranslatorPB.submitRequest(OzoneManagerProtocolServerSideTranslatorPB.java:147) [ozone-manager-1.3.0-SNAPSHOT.jar:?]
	at org.apache.hadoop.ozone.protocol.proto.OzoneManagerProtocolProtos$OzoneManagerService$2.callBlockingMethod(OzoneManagerProtocolProtos.java) [ozone-interface-client-1.3.0-SNAPSHOT.jar:?]
	at org.apache.hadoop.ipc.ProtobufRpcEngine$Server.processCall(ProtobufRpcEngine.java:466) [hadoop-common-3.3.1.jar:?]
	at org.apache.hadoop.ipc.ProtobufRpcEngine2$Server$ProtoBufRpcInvoker.call(ProtobufRpcEngine2.java:574) [hadoop-common-3.3.1.jar:?]
	at org.apache.hadoop.ipc.ProtobufRpcEngine2$Server$ProtoBufRpcInvoker.call(ProtobufRpcEngine2.java:552) [hadoop-common-3.3.1.jar:?]
	at org.apache.hadoop.ipc.RPC$Server.call(RPC.java:1093) [hadoop-common-3.3.1.jar:?]
	at org.apache.hadoop.ipc.Server$RpcCall.run(Server.java:1035) [hadoop-common-3.3.1.jar:?]
	at org.apache.hadoop.ipc.Server$RpcCall.run(Server.java:963) [hadoop-common-3.3.1.jar:?]
	at java.security.AccessController.doPrivileged(Native Method) ~[?:1.8.0_332]
	at javax.security.auth.Subject.doAs(Subject.java:422) [?:1.8.0_332]
	at org.apache.hadoop.security.UserGroupInformation.doAs(UserGroupInformation.java:1878) [hadoop-common-3.3.1.jar:?]
	at org.apache.hadoop.ipc.Server$Handler.run(Server.java:2966) [hadoop-common-3.3.1.jar:?]
13:06:26.764 [IPC Server handler 11 on default port 45241] ERROR OMAudit - user=runner | ip=127.0.0.1 | op=GET_FILE_STATUS {volume=volume87664, bucket=bucket74908, key=testBatchDelete/parent/child0, dataSize=0, replicationConfig=null} | ret=FAILURE
org.apache.hadoop.ozone.om.exceptions.OMException: Unable to get file status: volume: volume87664 bucket: bucket74908 key: testBatchDelete/parent/child0
	at org.apache.hadoop.ozone.om.KeyManagerImpl.getOzoneFileStatus(KeyManagerImpl.java:1283) ~[ozone-manager-1.3.0-SNAPSHOT.jar:?]
	at org.apache.hadoop.ozone.om.KeyManagerImpl.getFileStatus(KeyManagerImpl.java:1213) ~[ozone-manager-1.3.0-SNAPSHOT.jar:?]
	at org.apache.hadoop.ozone.om.OzoneManager.getFileStatus(OzoneManager.java:3419) ~[ozone-manager-1.3.0-SNAPSHOT.jar:?]
	at org.apache.hadoop.ozone.protocolPB.OzoneManagerRequestHandler.getOzoneFileStatus(OzoneManagerRequestHandler.java:871) ~[ozone-manager-1.3.0-SNAPSHOT.jar:?]
	at org.apache.hadoop.ozone.protocolPB.OzoneManagerRequestHandler.handleReadRequest(OzoneManagerRequestHandler.java:217) ~[ozone-manager-1.3.0-SNAPSHOT.jar:?]
	at org.apache.hadoop.ozone.protocolPB.OzoneManagerProtocolServerSideTranslatorPB.submitRequestDirectlyToOM(OzoneManagerProtocolServerSideTranslatorPB.java:284) ~[ozone-manager-1.3.0-SNAPSHOT.jar:?]
	at org.apache.hadoop.ozone.protocolPB.OzoneManagerProtocolServerSideTranslatorPB.processRequest(OzoneManagerProtocolServerSideTranslatorPB.java:207) ~[ozone-manager-1.3.0-SNAPSHOT.jar:?]
	at org.apache.hadoop.hdds.server.OzoneProtocolMessageDispatcher.processRequest(OzoneProtocolMessageDispatcher.java:87) [hdds-server-framework-1.3.0-SNAPSHOT.jar:?]
	at org.apache.hadoop.ozone.protocolPB.OzoneManagerProtocolServerSideTranslatorPB.submitRequest(OzoneManagerProtocolServerSideTranslatorPB.java:147) [ozone-manager-1.3.0-SNAPSHOT.jar:?]
	at org.apache.hadoop.ozone.protocol.proto.OzoneManagerProtocolProtos$OzoneManagerService$2.callBlockingMethod(OzoneManagerProtocolProtos.java) [ozone-interface-client-1.3.0-SNAPSHOT.jar:?]
	at org.apache.hadoop.ipc.ProtobufRpcEngine$Server.processCall(ProtobufRpcEngine.java:466) [hadoop-common-3.3.1.jar:?]
	at org.apache.hadoop.ipc.ProtobufRpcEngine2$Server$ProtoBufRpcInvoker.call(ProtobufRpcEngine2.java:574) [hadoop-common-3.3.1.jar:?]
	at org.apache.hadoop.ipc.ProtobufRpcEngine2$Server$ProtoBufRpcInvoker.call(ProtobufRpcEngine2.java:552) [hadoop-common-3.3.1.jar:?]
	at org.apache.hadoop.ipc.RPC$Server.call(RPC.java:1093) [hadoop-common-3.3.1.jar:?]
	at org.apache.hadoop.ipc.Server$RpcCall.run(Server.java:1035) [hadoop-common-3.3.1.jar:?]
	at org.apache.hadoop.ipc.Server$RpcCall.run(Server.java:963) [hadoop-common-3.3.1.jar:?]
	at java.security.AccessController.doPrivileged(Native Method) ~[?:1.8.0_332]
	at javax.security.auth.Subject.doAs(Subject.java:422) [?:1.8.0_332]
	at org.apache.hadoop.security.UserGroupInformation.doAs(UserGroupInformation.java:1878) [hadoop-common-3.3.1.jar:?]
	at org.apache.hadoop.ipc.Server$Handler.run(Server.java:2966) [hadoop-common-3.3.1.jar:?]
13:06:26.765 [IPC Server handler 8 on default port 45241] ERROR OMAudit - user=runner | ip=127.0.0.1 | op=GET_FILE_STATUS {volume=volume87664, bucket=bucket74908, key=testBatchDelete/parent/childFolder/child0, dataSize=0, replicationConfig=null} | ret=FAILURE
org.apache.hadoop.ozone.om.exceptions.OMException: Unable to get file status: volume: volume87664 bucket: bucket74908 key: testBatchDelete/parent/childFolder/child0
	at org.apache.hadoop.ozone.om.KeyManagerImpl.getOzoneFileStatus(KeyManagerImpl.java:1283) ~[ozone-manager-1.3.0-SNAPSHOT.jar:?]
	at org.apache.hadoop.ozone.om.KeyManagerImpl.getFileStatus(KeyManagerImpl.java:1213) ~[ozone-manager-1.3.0-SNAPSHOT.jar:?]
	at org.apache.hadoop.ozone.om.OzoneManager.getFileStatus(OzoneManager.java:3419) ~[ozone-manager-1.3.0-SNAPSHOT.jar:?]
	at org.apache.hadoop.ozone.protocolPB.OzoneManagerRequestHandler.getOzoneFileStatus(OzoneManagerRequestHandler.java:871) ~[ozone-manager-1.3.0-SNAPSHOT.jar:?]
	at org.apache.hadoop.ozone.protocolPB.OzoneManagerRequestHandler.handleReadRequest(OzoneManagerRequestHandler.java:217) ~[ozone-manager-1.3.0-SNAPSHOT.jar:?]
	at org.apache.hadoop.ozone.protocolPB.OzoneManagerProtocolServerSideTranslatorPB.submitRequestDirectlyToOM(OzoneManagerProtocolServerSideTranslatorPB.java:284) ~[ozone-manager-1.3.0-SNAPSHOT.jar:?]
	at org.apache.hadoop.ozone.protocolPB.OzoneManagerProtocolServerSideTranslatorPB.processRequest(OzoneManagerProtocolServerSideTranslatorPB.java:207) ~[ozone-manager-1.3.0-SNAPSHOT.jar:?]
	at org.apache.hadoop.hdds.server.OzoneProtocolMessageDispatcher.processRequest(OzoneProtocolMessageDispatcher.java:87) [hdds-server-framework-1.3.0-SNAPSHOT.jar:?]
	at org.apache.hadoop.ozone.protocolPB.OzoneManagerProtocolServerSideTranslatorPB.submitRequest(OzoneManagerProtocolServerSideTranslatorPB.java:147) [ozone-manager-1.3.0-SNAPSHOT.jar:?]
	at org.apache.hadoop.ozone.protocol.proto.OzoneManagerProtocolProtos$OzoneManagerService$2.callBlockingMethod(OzoneManagerProtocolProtos.java) [ozone-interface-client-1.3.0-SNAPSHOT.jar:?]
	at org.apache.hadoop.ipc.ProtobufRpcEngine$Server.processCall(ProtobufRpcEngine.java:466) [hadoop-common-3.3.1.jar:?]
	at org.apache.hadoop.ipc.ProtobufRpcEngine2$Server$ProtoBufRpcInvoker.call(ProtobufRpcEngine2.java:574) [hadoop-common-3.3.1.jar:?]
	at org.apache.hadoop.ipc.ProtobufRpcEngine2$Server$ProtoBufRpcInvoker.call(ProtobufRpcEngine2.java:552) [hadoop-common-3.3.1.jar:?]
	at org.apache.hadoop.ipc.RPC$Server.call(RPC.java:1093) [hadoop-common-3.3.1.jar:?]
	at org.apache.hadoop.ipc.Server$RpcCall.run(Server.java:1035) [hadoop-common-3.3.1.jar:?]
	at org.apache.hadoop.ipc.Server$RpcCall.run(Server.java:963) [hadoop-common-3.3.1.jar:?]
	at java.security.AccessController.doPrivileged(Native Method) ~[?:1.8.0_332]
	at javax.security.auth.Subject.doAs(Subject.java:422) [?:1.8.0_332]
	at org.apache.hadoop.security.UserGroupInformation.doAs(UserGroupInformation.java:1878) [hadoop-common-3.3.1.jar:?]
	at org.apache.hadoop.ipc.Server$Handler.run(Server.java:2966) [hadoop-common-3.3.1.jar:?]
13:06:26.766 [IPC Server handler 7 on default port 45241] ERROR OMAudit - user=runner | ip=127.0.0.1 | op=GET_FILE_STATUS {volume=volume87664, bucket=bucket74908, key=testBatchDelete/parent/child1, dataSize=0, replicationConfig=null} | ret=FAILURE
org.apache.hadoop.ozone.om.exceptions.OMException: Unable to get file status: volume: volume87664 bucket: bucket74908 key: testBatchDelete/parent/child1
	at org.apache.hadoop.ozone.om.KeyManagerImpl.getOzoneFileStatus(KeyManagerImpl.java:1283) ~[ozone-manager-1.3.0-SNAPSHOT.jar:?]
	at org.apache.hadoop.ozone.om.KeyManagerImpl.getFileStatus(KeyManagerImpl.java:1213) ~[ozone-manager-1.3.0-SNAPSHOT.jar:?]
	at org.apache.hadoop.ozone.om.OzoneManager.getFileStatus(OzoneManager.java:3419) ~[ozone-manager-1.3.0-SNAPSHOT.jar:?]
	at org.apache.hadoop.ozone.protocolPB.OzoneManagerRequestHandler.getOzoneFileStatus(OzoneManagerRequestHandler.java:871) ~[ozone-manager-1.3.0-SNAPSHOT.jar:?]
	at org.apache.hadoop.ozone.protocolPB.OzoneManagerRequestHandler.handleReadRequest(OzoneManagerRequestHandler.java:217) ~[ozone-manager-1.3.0-SNAPSHOT.jar:?]
	at org.apache.hadoop.ozone.protocolPB.OzoneManagerProtocolServerSideTranslatorPB.submitRequestDirectlyToOM(OzoneManagerProtocolServerSideTranslatorPB.java:284) ~[ozone-manager-1.3.0-SNAPSHOT.jar:?]
	at org.apache.hadoop.ozone.protocolPB.OzoneManagerProtocolServerSideTranslatorPB.processRequest(OzoneManagerProtocolServerSideTranslatorPB.java:207) ~[ozone-manager-1.3.0-SNAPSHOT.jar:?]
	at org.apache.hadoop.hdds.server.OzoneProtocolMessageDispatcher.processRequest(OzoneProtocolMessageDispatcher.java:87) [hdds-server-framework-1.3.0-SNAPSHOT.jar:?]
	at org.apache.hadoop.ozone.protocolPB.OzoneManagerProtocolServerSideTranslatorPB.submitRequest(OzoneManagerProtocolServerSideTranslatorPB.java:147) [ozone-manager-1.3.0-SNAPSHOT.jar:?]
	at org.apache.hadoop.ozone.protocol.proto.OzoneManagerProtocolProtos$OzoneManagerService$2.callBlockingMethod(OzoneManagerProtocolProtos.java) [ozone-interface-client-1.3.0-SNAPSHOT.jar:?]
	at org.apache.hadoop.ipc.ProtobufRpcEngine$Server.processCall(ProtobufRpcEngine.java:466) [hadoop-common-3.3.1.jar:?]
	at org.apache.hadoop.ipc.ProtobufRpcEngine2$Server$ProtoBufRpcInvoker.call(ProtobufRpcEngine2.java:574) [hadoop-common-3.3.1.jar:?]
	at org.apache.hadoop.ipc.ProtobufRpcEngine2$Server$ProtoBufRpcInvoker.call(ProtobufRpcEngine2.java:552) [hadoop-common-3.3.1.jar:?]
	at org.apache.hadoop.ipc.RPC$Server.call(RPC.java:1093) [hadoop-common-3.3.1.jar:?]
	at org.apache.hadoop.ipc.Server$RpcCall.run(Server.java:1035) [hadoop-common-3.3.1.jar:?]
	at org.apache.hadoop.ipc.Server$RpcCall.run(Server.java:963) [hadoop-common-3.3.1.jar:?]
	at java.security.AccessController.doPrivileged(Native Method) ~[?:1.8.0_332]
	at javax.security.auth.Subject.doAs(Subject.java:422) [?:1.8.0_332]
	at org.apache.hadoop.security.UserGroupInformation.doAs(UserGroupInformation.java:1878) [hadoop-common-3.3.1.jar:?]
	at org.apache.hadoop.ipc.Server$Handler.run(Server.java:2966) [hadoop-common-3.3.1.jar:?]
13:06:26.767 [IPC Server handler 6 on default port 45241] ERROR OMAudit - user=runner | ip=127.0.0.1 | op=GET_FILE_STATUS {volume=volume87664, bucket=bucket74908, key=testBatchDelete/parent/childFolder/child1, dataSize=0, replicationConfig=null} | ret=FAILURE
org.apache.hadoop.ozone.om.exceptions.OMException: Unable to get file status: volume: volume87664 bucket: bucket74908 key: testBatchDelete/parent/childFolder/child1
	at org.apache.hadoop.ozone.om.KeyManagerImpl.getOzoneFileStatus(KeyManagerImpl.java:1283) ~[ozone-manager-1.3.0-SNAPSHOT.jar:?]
	at org.apache.hadoop.ozone.om.KeyManagerImpl.getFileStatus(KeyManagerImpl.java:1213) ~[ozone-manager-1.3.0-SNAPSHOT.jar:?]
	at org.apache.hadoop.ozone.om.OzoneManager.getFileStatus(OzoneManager.java:3419) ~[ozone-manager-1.3.0-SNAPSHOT.jar:?]
	at org.apache.hadoop.ozone.protocolPB.OzoneManagerRequestHandler.getOzoneFileStatus(OzoneManagerRequestHandler.java:871) ~[ozone-manager-1.3.0-SNAPSHOT.jar:?]
	at org.apache.hadoop.ozone.protocolPB.OzoneManagerRequestHandler.handleReadRequest(OzoneManagerRequestHandler.java:217) ~[ozone-manager-1.3.0-SNAPSHOT.jar:?]
	at org.apache.hadoop.ozone.protocolPB.OzoneManagerProtocolServerSideTranslatorPB.submitRequestDirectlyToOM(OzoneManagerProtocolServerSideTranslatorPB.java:284) ~[ozone-manager-1.3.0-SNAPSHOT.jar:?]
	at org.apache.hadoop.ozone.protocolPB.OzoneManagerProtocolServerSideTranslatorPB.processRequest(OzoneManagerProtocolServerSideTranslatorPB.java:207) ~[ozone-manager-1.3.0-SNAPSHOT.jar:?]
	at org.apache.hadoop.hdds.server.OzoneProtocolMessageDispatcher.processRequest(OzoneProtocolMessageDispatcher.java:87) [hdds-server-framework-1.3.0-SNAPSHOT.jar:?]
	at org.apache.hadoop.ozone.protocolPB.OzoneManagerProtocolServerSideTranslatorPB.submitRequest(OzoneManagerProtocolServerSideTranslatorPB.java:147) [ozone-manager-1.3.0-SNAPSHOT.jar:?]
	at org.apache.hadoop.ozone.protocol.proto.OzoneManagerProtocolProtos$OzoneManagerService$2.callBlockingMethod(OzoneManagerProtocolProtos.java) [ozone-interface-client-1.3.0-SNAPSHOT.jar:?]
	at org.apache.hadoop.ipc.ProtobufRpcEngine$Server.processCall(ProtobufRpcEngine.java:466) [hadoop-common-3.3.1.jar:?]
	at org.apache.hadoop.ipc.ProtobufRpcEngine2$Server$ProtoBufRpcInvoker.call(ProtobufRpcEngine2.java:574) [hadoop-common-3.3.1.jar:?]
	at org.apache.hadoop.ipc.ProtobufRpcEngine2$Server$ProtoBufRpcInvoker.call(ProtobufRpcEngine2.java:552) [hadoop-common-3.3.1.jar:?]
	at org.apache.hadoop.ipc.RPC$Server.call(RPC.java:1093) [hadoop-common-3.3.1.jar:?]
	at org.apache.hadoop.ipc.Server$RpcCall.run(Server.java:1035) [hadoop-common-3.3.1.jar:?]
	at org.apache.hadoop.ipc.Server$RpcCall.run(Server.java:963) [hadoop-common-3.3.1.jar:?]
	at java.security.AccessController.doPrivileged(Native Method) ~[?:1.8.0_332]
	at javax.security.auth.Subject.doAs(Subject.java:422) [?:1.8.0_332]
	at org.apache.hadoop.security.UserGroupInformation.doAs(UserGroupInformation.java:1878) [hadoop-common-3.3.1.jar:?]
	at org.apache.hadoop.ipc.Server$Handler.run(Server.java:2966) [hadoop-common-3.3.1.jar:?]
13:06:26.767 [IPC Server handler 5 on default port 45241] ERROR OMAudit - user=runner | ip=127.0.0.1 | op=GET_FILE_STATUS {volume=volume87664, bucket=bucket74908, key=testBatchDelete/parent/child2, dataSize=0, replicationConfig=null} | ret=FAILURE
org.apache.hadoop.ozone.om.exceptions.OMException: Unable to get file status: volume: volume87664 bucket: bucket74908 key: testBatchDelete/parent/child2
	at org.apache.hadoop.ozone.om.KeyManagerImpl.getOzoneFileStatus(KeyManagerImpl.java:1283) ~[ozone-manager-1.3.0-SNAPSHOT.jar:?]
	at org.apache.hadoop.ozone.om.KeyManagerImpl.getFileStatus(KeyManagerImpl.java:1213) ~[ozone-manager-1.3.0-SNAPSHOT.jar:?]
	at org.apache.hadoop.ozone.om.OzoneManager.getFileStatus(OzoneManager.java:3419) ~[ozone-manager-1.3.0-SNAPSHOT.jar:?]
	at org.apache.hadoop.ozone.protocolPB.OzoneManagerRequestHandler.getOzoneFileStatus(OzoneManagerRequestHandler.java:871) ~[ozone-manager-1.3.0-SNAPSHOT.jar:?]
	at org.apache.hadoop.ozone.protocolPB.OzoneManagerRequestHandler.handleReadRequest(OzoneManagerRequestHandler.java:217) ~[ozone-manager-1.3.0-SNAPSHOT.jar:?]
	at org.apache.hadoop.ozone.protocolPB.OzoneManagerProtocolServerSideTranslatorPB.submitRequestDirectlyToOM(OzoneManagerProtocolServerSideTranslatorPB.java:284) ~[ozone-manager-1.3.0-SNAPSHOT.jar:?]
	at org.apache.hadoop.ozone.protocolPB.OzoneManagerProtocolServerSideTranslatorPB.processRequest(OzoneManagerProtocolServerSideTranslatorPB.java:207) ~[ozone-manager-1.3.0-SNAPSHOT.jar:?]
	at org.apache.hadoop.hdds.server.OzoneProtocolMessageDispatcher.processRequest(OzoneProtocolMessageDispatcher.java:87) [hdds-server-framework-1.3.0-SNAPSHOT.jar:?]
	at org.apache.hadoop.ozone.protocolPB.OzoneManagerProtocolServerSideTranslatorPB.submitRequest(OzoneManagerProtocolServerSideTranslatorPB.java:147) [ozone-manager-1.3.0-SNAPSHOT.jar:?]
	at org.apache.hadoop.ozone.protocol.proto.OzoneManagerProtocolProtos$OzoneManagerService$2.callBlockingMethod(OzoneManagerProtocolProtos.java) [ozone-interface-client-1.3.0-SNAPSHOT.jar:?]
	at org.apache.hadoop.ipc.ProtobufRpcEngine$Server.processCall(ProtobufRpcEngine.java:466) [hadoop-common-3.3.1.jar:?]
	at org.apache.hadoop.ipc.ProtobufRpcEngine2$Server$ProtoBufRpcInvoker.call(ProtobufRpcEngine2.java:574) [hadoop-common-3.3.1.jar:?]
	at org.apache.hadoop.ipc.ProtobufRpcEngine2$Server$ProtoBufRpcInvoker.call(ProtobufRpcEngine2.java:552) [hadoop-common-3.3.1.jar:?]
	at org.apache.hadoop.ipc.RPC$Server.call(RPC.java:1093) [hadoop-common-3.3.1.jar:?]
	at org.apache.hadoop.ipc.Server$RpcCall.run(Server.java:1035) [hadoop-common-3.3.1.jar:?]
	at org.apache.hadoop.ipc.Server$RpcCall.run(Server.java:963) [hadoop-common-3.3.1.jar:?]
	at java.security.AccessController.doPrivileged(Native Method) ~[?:1.8.0_332]
	at javax.security.auth.Subject.doAs(Subject.java:422) [?:1.8.0_332]
	at org.apache.hadoop.security.UserGroupInformation.doAs(UserGroupInformation.java:1878) [hadoop-common-3.3.1.jar:?]
	at org.apache.hadoop.ipc.Server$Handler.run(Server.java:2966) [hadoop-common-3.3.1.jar:?]
13:06:26.768 [IPC Server handler 4 on default port 45241] ERROR OMAudit - user=runner | ip=127.0.0.1 | op=GET_FILE_STATUS {volume=volume87664, bucket=bucket74908, key=testBatchDelete/parent/childFolder/child2, dataSize=0, replicationConfig=null} | ret=FAILURE
org.apache.hadoop.ozone.om.exceptions.OMException: Unable to get file status: volume: volume87664 bucket: bucket74908 key: testBatchDelete/parent/childFolder/child2
	at org.apache.hadoop.ozone.om.KeyManagerImpl.getOzoneFileStatus(KeyManagerImpl.java:1283) ~[ozone-manager-1.3.0-SNAPSHOT.jar:?]
	at org.apache.hadoop.ozone.om.KeyManagerImpl.getFileStatus(KeyManagerImpl.java:1213) ~[ozone-manager-1.3.0-SNAPSHOT.jar:?]
	at org.apache.hadoop.ozone.om.OzoneManager.getFileStatus(OzoneManager.java:3419) ~[ozone-manager-1.3.0-SNAPSHOT.jar:?]
	at org.apache.hadoop.ozone.protocolPB.OzoneManagerRequestHandler.getOzoneFileStatus(OzoneManagerRequestHandler.java:871) ~[ozone-manager-1.3.0-SNAPSHOT.jar:?]
	at org.apache.hadoop.ozone.protocolPB.OzoneManagerRequestHandler.handleReadRequest(OzoneManagerRequestHandler.java:217) ~[ozone-manager-1.3.0-SNAPSHOT.jar:?]
	at org.apache.hadoop.ozone.protocolPB.OzoneManagerProtocolServerSideTranslatorPB.submitRequestDirectlyToOM(OzoneManagerProtocolServerSideTranslatorPB.java:284) ~[ozone-manager-1.3.0-SNAPSHOT.jar:?]
	at org.apache.hadoop.ozone.protocolPB.OzoneManagerProtocolServerSideTranslatorPB.processRequest(OzoneManagerProtocolServerSideTranslatorPB.java:207) ~[ozone-manager-1.3.0-SNAPSHOT.jar:?]
	at org.apache.hadoop.hdds.server.OzoneProtocolMessageDispatcher.processRequest(OzoneProtocolMessageDispatcher.java:87) [hdds-server-framework-1.3.0-SNAPSHOT.jar:?]
	at org.apache.hadoop.ozone.protocolPB.OzoneManagerProtocolServerSideTranslatorPB.submitRequest(OzoneManagerProtocolServerSideTranslatorPB.java:147) [ozone-manager-1.3.0-SNAPSHOT.jar:?]
	at org.apache.hadoop.ozone.protocol.proto.OzoneManagerProtocolProtos$OzoneManagerService$2.callBlockingMethod(OzoneManagerProtocolProtos.java) [ozone-interface-client-1.3.0-SNAPSHOT.jar:?]
	at org.apache.hadoop.ipc.ProtobufRpcEngine$Server.processCall(ProtobufRpcEngine.java:466) [hadoop-common-3.3.1.jar:?]
	at org.apache.hadoop.ipc.ProtobufRpcEngine2$Server$ProtoBufRpcInvoker.call(ProtobufRpcEngine2.java:574) [hadoop-common-3.3.1.jar:?]
	at org.apache.hadoop.ipc.ProtobufRpcEngine2$Server$ProtoBufRpcInvoker.call(ProtobufRpcEngine2.java:552) [hadoop-common-3.3.1.jar:?]
	at org.apache.hadoop.ipc.RPC$Server.call(RPC.java:1093) [hadoop-common-3.3.1.jar:?]
	at org.apache.hadoop.ipc.Server$RpcCall.run(Server.java:1035) [hadoop-common-3.3.1.jar:?]
	at org.apache.hadoop.ipc.Server$RpcCall.run(Server.java:963) [hadoop-common-3.3.1.jar:?]
	at java.security.AccessController.doPrivileged(Native Method) ~[?:1.8.0_332]
	at javax.security.auth.Subject.doAs(Subject.java:422) [?:1.8.0_332]
	at org.apache.hadoop.security.UserGroupInformation.doAs(UserGroupInformation.java:1878) [hadoop-common-3.3.1.jar:?]
	at org.apache.hadoop.ipc.Server$Handler.run(Server.java:2966) [hadoop-common-3.3.1.jar:?]
13:06:26.769 [IPC Server handler 1 on default port 45241] ERROR OMAudit - user=runner | ip=127.0.0.1 | op=GET_FILE_STATUS {volume=volume87664, bucket=bucket74908, key=testBatchDelete/parent/child3, dataSize=0, replicationConfig=null} | ret=FAILURE
org.apache.hadoop.ozone.om.exceptions.OMException: Unable to get file status: volume: volume87664 bucket: bucket74908 key: testBatchDelete/parent/child3
	at org.apache.hadoop.ozone.om.KeyManagerImpl.getOzoneFileStatus(KeyManagerImpl.java:1283) ~[ozone-manager-1.3.0-SNAPSHOT.jar:?]
	at org.apache.hadoop.ozone.om.KeyManagerImpl.getFileStatus(KeyManagerImpl.java:1213) ~[ozone-manager-1.3.0-SNAPSHOT.jar:?]
	at org.apache.hadoop.ozone.om.OzoneManager.getFileStatus(OzoneManager.java:3419) ~[ozone-manager-1.3.0-SNAPSHOT.jar:?]
	at org.apache.hadoop.ozone.protocolPB.OzoneManagerRequestHandler.getOzoneFileStatus(OzoneManagerRequestHandler.java:871) ~[ozone-manager-1.3.0-SNAPSHOT.jar:?]
	at org.apache.hadoop.ozone.protocolPB.OzoneManagerRequestHandler.handleReadRequest(OzoneManagerRequestHandler.java:217) ~[ozone-manager-1.3.0-SNAPSHOT.jar:?]
	at org.apache.hadoop.ozone.protocolPB.OzoneManagerProtocolServerSideTranslatorPB.submitRequestDirectlyToOM(OzoneManagerProtocolServerSideTranslatorPB.java:284) ~[ozone-manager-1.3.0-SNAPSHOT.jar:?]
	at org.apache.hadoop.ozone.protocolPB.OzoneManagerProtocolServerSideTranslatorPB.processRequest(OzoneManagerProtocolServerSideTranslatorPB.java:207) ~[ozone-manager-1.3.0-SNAPSHOT.jar:?]
	at org.apache.hadoop.hdds.server.OzoneProtocolMessageDispatcher.processRequest(OzoneProtocolMessageDispatcher.java:87) [hdds-server-framework-1.3.0-SNAPSHOT.jar:?]
	at org.apache.hadoop.ozone.protocolPB.OzoneManagerProtocolServerSideTranslatorPB.submitRequest(OzoneManagerProtocolServerSideTranslatorPB.java:147) [ozone-manager-1.3.0-SNAPSHOT.jar:?]
	at org.apache.hadoop.ozone.protocol.proto.OzoneManagerProtocolProtos$OzoneManagerService$2.callBlockingMethod(OzoneManagerProtocolProtos.java) [ozone-interface-client-1.3.0-SNAPSHOT.jar:?]
	at org.apache.hadoop.ipc.ProtobufRpcEngine$Server.processCall(ProtobufRpcEngine.java:466) [hadoop-common-3.3.1.jar:?]
	at org.apache.hadoop.ipc.ProtobufRpcEngine2$Server$ProtoBufRpcInvoker.call(ProtobufRpcEngine2.java:574) [hadoop-common-3.3.1.jar:?]
	at org.apache.hadoop.ipc.ProtobufRpcEngine2$Server$ProtoBufRpcInvoker.call(ProtobufRpcEngine2.java:552) [hadoop-common-3.3.1.jar:?]
	at org.apache.hadoop.ipc.RPC$Server.call(RPC.java:1093) [hadoop-common-3.3.1.jar:?]
	at org.apache.hadoop.ipc.Server$RpcCall.run(Server.java:1035) [hadoop-common-3.3.1.jar:?]
	at org.apache.hadoop.ipc.Server$RpcCall.run(Server.java:963) [hadoop-common-3.3.1.jar:?]
	at java.security.AccessController.doPrivileged(Native Method) ~[?:1.8.0_332]
	at javax.security.auth.Subject.doAs(Subject.java:422) [?:1.8.0_332]
	at org.apache.hadoop.security.UserGroupInformation.doAs(UserGroupInformation.java:1878) [hadoop-common-3.3.1.jar:?]
	at org.apache.hadoop.ipc.Server$Handler.run(Server.java:2966) [hadoop-common-3.3.1.jar:?]
13:06:26.769 [IPC Server handler 2 on default port 45241] ERROR OMAudit - user=runner | ip=127.0.0.1 | op=GET_FILE_STATUS {volume=volume87664, bucket=bucket74908, key=testBatchDelete/parent/childFolder/child3, dataSize=0, replicationConfig=null} | ret=FAILURE
org.apache.hadoop.ozone.om.exceptions.OMException: Unable to get file status: volume: volume87664 bucket: bucket74908 key: testBatchDelete/parent/childFolder/child3
	at org.apache.hadoop.ozone.om.KeyManagerImpl.getOzoneFileStatus(KeyManagerImpl.java:1283) ~[ozone-manager-1.3.0-SNAPSHOT.jar:?]
	at org.apache.hadoop.ozone.om.KeyManagerImpl.getFileStatus(KeyManagerImpl.java:1213) ~[ozone-manager-1.3.0-SNAPSHOT.jar:?]
	at org.apache.hadoop.ozone.om.OzoneManager.getFileStatus(OzoneManager.java:3419) ~[ozone-manager-1.3.0-SNAPSHOT.jar:?]
	at org.apache.hadoop.ozone.protocolPB.OzoneManagerRequestHandler.getOzoneFileStatus(OzoneManagerRequestHandler.java:871) ~[ozone-manager-1.3.0-SNAPSHOT.jar:?]
	at org.apache.hadoop.ozone.protocolPB.OzoneManagerRequestHandler.handleReadRequest(OzoneManagerRequestHandler.java:217) ~[ozone-manager-1.3.0-SNAPSHOT.jar:?]
	at org.apache.hadoop.ozone.protocolPB.OzoneManagerProtocolServerSideTranslatorPB.submitRequestDirectlyToOM(OzoneManagerProtocolServerSideTranslatorPB.java:284) ~[ozone-manager-1.3.0-SNAPSHOT.jar:?]
	at org.apache.hadoop.ozone.protocolPB.OzoneManagerProtocolServerSideTranslatorPB.processRequest(OzoneManagerProtocolServerSideTranslatorPB.java:207) ~[ozone-manager-1.3.0-SNAPSHOT.jar:?]
	at org.apache.hadoop.hdds.server.OzoneProtocolMessageDispatcher.processRequest(OzoneProtocolMessageDispatcher.java:87) [hdds-server-framework-1.3.0-SNAPSHOT.jar:?]
	at org.apache.hadoop.ozone.protocolPB.OzoneManagerProtocolServerSideTranslatorPB.submitRequest(OzoneManagerProtocolServerSideTranslatorPB.java:147) [ozone-manager-1.3.0-SNAPSHOT.jar:?]
	at org.apache.hadoop.ozone.protocol.proto.OzoneManagerProtocolProtos$OzoneManagerService$2.callBlockingMethod(OzoneManagerProtocolProtos.java) [ozone-interface-client-1.3.0-SNAPSHOT.jar:?]
	at org.apache.hadoop.ipc.ProtobufRpcEngine$Server.processCall(ProtobufRpcEngine.java:466) [hadoop-common-3.3.1.jar:?]
	at org.apache.hadoop.ipc.ProtobufRpcEngine2$Server$ProtoBufRpcInvoker.call(ProtobufRpcEngine2.java:574) [hadoop-common-3.3.1.jar:?]
	at org.apache.hadoop.ipc.ProtobufRpcEngine2$Server$ProtoBufRpcInvoker.call(ProtobufRpcEngine2.java:552) [hadoop-common-3.3.1.jar:?]
	at org.apache.hadoop.ipc.RPC$Server.call(RPC.java:1093) [hadoop-common-3.3.1.jar:?]
	at org.apache.hadoop.ipc.Server$RpcCall.run(Server.java:1035) [hadoop-common-3.3.1.jar:?]
	at org.apache.hadoop.ipc.Server$RpcCall.run(Server.java:963) [hadoop-common-3.3.1.jar:?]
	at java.security.AccessController.doPrivileged(Native Method) ~[?:1.8.0_332]
	at javax.security.auth.Subject.doAs(Subject.java:422) [?:1.8.0_332]
	at org.apache.hadoop.security.UserGroupInformation.doAs(UserGroupInformation.java:1878) [hadoop-common-3.3.1.jar:?]
	at org.apache.hadoop.ipc.Server$Handler.run(Server.java:2966) [hadoop-common-3.3.1.jar:?]
13:06:26.770 [IPC Server handler 19 on default port 45241] ERROR OMAudit - user=runner | ip=127.0.0.1 | op=GET_FILE_STATUS {volume=volume87664, bucket=bucket74908, key=testBatchDelete/parent/child4, dataSize=0, replicationConfig=null} | ret=FAILURE
org.apache.hadoop.ozone.om.exceptions.OMException: Unable to get file status: volume: volume87664 bucket: bucket74908 key: testBatchDelete/parent/child4
	at org.apache.hadoop.ozone.om.KeyManagerImpl.getOzoneFileStatus(KeyManagerImpl.java:1283) ~[ozone-manager-1.3.0-SNAPSHOT.jar:?]
	at org.apache.hadoop.ozone.om.KeyManagerImpl.getFileStatus(KeyManagerImpl.java:1213) ~[ozone-manager-1.3.0-SNAPSHOT.jar:?]
	at org.apache.hadoop.ozone.om.OzoneManager.getFileStatus(OzoneManager.java:3419) ~[ozone-manager-1.3.0-SNAPSHOT.jar:?]
	at org.apache.hadoop.ozone.protocolPB.OzoneManagerRequestHandler.getOzoneFileStatus(OzoneManagerRequestHandler.java:871) ~[ozone-manager-1.3.0-SNAPSHOT.jar:?]
	at org.apache.hadoop.ozone.protocolPB.OzoneManagerRequestHandler.handleReadRequest(OzoneManagerRequestHandler.java:217) ~[ozone-manager-1.3.0-SNAPSHOT.jar:?]
	at org.apache.hadoop.ozone.protocolPB.OzoneManagerProtocolServerSideTranslatorPB.submitRequestDirectlyToOM(OzoneManagerProtocolServerSideTranslatorPB.java:284) ~[ozone-manager-1.3.0-SNAPSHOT.jar:?]
	at org.apache.hadoop.ozone.protocolPB.OzoneManagerProtocolServerSideTranslatorPB.processRequest(OzoneManagerProtocolServerSideTranslatorPB.java:207) ~[ozone-manager-1.3.0-SNAPSHOT.jar:?]
	at org.apache.hadoop.hdds.server.OzoneProtocolMessageDispatcher.processRequest(OzoneProtocolMessageDispatcher.java:87) [hdds-server-framework-1.3.0-SNAPSHOT.jar:?]
	at org.apache.hadoop.ozone.protocolPB.OzoneManagerProtocolServerSideTranslatorPB.submitRequest(OzoneManagerProtocolServerSideTranslatorPB.java:147) [ozone-manager-1.3.0-SNAPSHOT.jar:?]
	at org.apache.hadoop.ozone.protocol.proto.OzoneManagerProtocolProtos$OzoneManagerService$2.callBlockingMethod(OzoneManagerProtocolProtos.java) [ozone-interface-client-1.3.0-SNAPSHOT.jar:?]
	at org.apache.hadoop.ipc.ProtobufRpcEngine$Server.processCall(ProtobufRpcEngine.java:466) [hadoop-common-3.3.1.jar:?]
	at org.apache.hadoop.ipc.ProtobufRpcEngine2$Server$ProtoBufRpcInvoker.call(ProtobufRpcEngine2.java:574) [hadoop-common-3.3.1.jar:?]
	at org.apache.hadoop.ipc.ProtobufRpcEngine2$Server$ProtoBufRpcInvoker.call(ProtobufRpcEngine2.java:552) [hadoop-common-3.3.1.jar:?]
	at org.apache.hadoop.ipc.RPC$Server.call(RPC.java:1093) [hadoop-common-3.3.1.jar:?]
	at org.apache.hadoop.ipc.Server$RpcCall.run(Server.java:1035) [hadoop-common-3.3.1.jar:?]
	at org.apache.hadoop.ipc.Server$RpcCall.run(Server.java:963) [hadoop-common-3.3.1.jar:?]
	at java.security.AccessController.doPrivileged(Native Method) ~[?:1.8.0_332]
	at javax.security.auth.Subject.doAs(Subject.java:422) [?:1.8.0_332]
	at org.apache.hadoop.security.UserGroupInformation.doAs(UserGroupInformation.java:1878) [hadoop-common-3.3.1.jar:?]
	at org.apache.hadoop.ipc.Server$Handler.run(Server.java:2966) [hadoop-common-3.3.1.jar:?]
13:06:26.771 [IPC Server handler 9 on default port 45241] ERROR OMAudit - user=runner | ip=127.0.0.1 | op=GET_FILE_STATUS {volume=volume87664, bucket=bucket74908, key=testBatchDelete/parent/childFolder/child4, dataSize=0, replicationConfig=null} | ret=FAILURE
org.apache.hadoop.ozone.om.exceptions.OMException: Unable to get file status: volume: volume87664 bucket: bucket74908 key: testBatchDelete/parent/childFolder/child4
	at org.apache.hadoop.ozone.om.KeyManagerImpl.getOzoneFileStatus(KeyManagerImpl.java:1283) ~[ozone-manager-1.3.0-SNAPSHOT.jar:?]
	at org.apache.hadoop.ozone.om.KeyManagerImpl.getFileStatus(KeyManagerImpl.java:1213) ~[ozone-manager-1.3.0-SNAPSHOT.jar:?]
	at org.apache.hadoop.ozone.om.OzoneManager.getFileStatus(OzoneManager.java:3419) ~[ozone-manager-1.3.0-SNAPSHOT.jar:?]
	at org.apache.hadoop.ozone.protocolPB.OzoneManagerRequestHandler.getOzoneFileStatus(OzoneManagerRequestHandler.java:871) ~[ozone-manager-1.3.0-SNAPSHOT.jar:?]
	at org.apache.hadoop.ozone.protocolPB.OzoneManagerRequestHandler.handleReadRequest(OzoneManagerRequestHandler.java:217) ~[ozone-manager-1.3.0-SNAPSHOT.jar:?]
	at org.apache.hadoop.ozone.protocolPB.OzoneManagerProtocolServerSideTranslatorPB.submitRequestDirectlyToOM(OzoneManagerProtocolServerSideTranslatorPB.java:284) ~[ozone-manager-1.3.0-SNAPSHOT.jar:?]
	at org.apache.hadoop.ozone.protocolPB.OzoneManagerProtocolServerSideTranslatorPB.processRequest(OzoneManagerProtocolServerSideTranslatorPB.java:207) ~[ozone-manager-1.3.0-SNAPSHOT.jar:?]
	at org.apache.hadoop.hdds.server.OzoneProtocolMessageDispatcher.processRequest(OzoneProtocolMessageDispatcher.java:87) [hdds-server-framework-1.3.0-SNAPSHOT.jar:?]
	at org.apache.hadoop.ozone.protocolPB.OzoneManagerProtocolServerSideTranslatorPB.submitRequest(OzoneManagerProtocolServerSideTranslatorPB.java:147) [ozone-manager-1.3.0-SNAPSHOT.jar:?]
	at org.apache.hadoop.ozone.protocol.proto.OzoneManagerProtocolProtos$OzoneManagerService$2.callBlockingMethod(OzoneManagerProtocolProtos.java) [ozone-interface-client-1.3.0-SNAPSHOT.jar:?]
	at org.apache.hadoop.ipc.ProtobufRpcEngine$Server.processCall(ProtobufRpcEngine.java:466) [hadoop-common-3.3.1.jar:?]
	at org.apache.hadoop.ipc.ProtobufRpcEngine2$Server$ProtoBufRpcInvoker.call(ProtobufRpcEngine2.java:574) [hadoop-common-3.3.1.jar:?]
	at org.apache.hadoop.ipc.ProtobufRpcEngine2$Server$ProtoBufRpcInvoker.call(ProtobufRpcEngine2.java:552) [hadoop-common-3.3.1.jar:?]
	at org.apache.hadoop.ipc.RPC$Server.call(RPC.java:1093) [hadoop-common-3.3.1.jar:?]
	at org.apache.hadoop.ipc.Server$RpcCall.run(Server.java:1035) [hadoop-common-3.3.1.jar:?]
	at org.apache.hadoop.ipc.Server$RpcCall.run(Server.java:963) [hadoop-common-3.3.1.jar:?]
	at java.security.AccessController.doPrivileged(Native Method) ~[?:1.8.0_332]
	at javax.security.auth.Subject.doAs(Subject.java:422) [?:1.8.0_332]
	at org.apache.hadoop.security.UserGroupInformation.doAs(UserGroupInformation.java:1878) [hadoop-common-3.3.1.jar:?]
	at org.apache.hadoop.ipc.Server$Handler.run(Server.java:2966) [hadoop-common-3.3.1.jar:?]
13:06:26.771 [IPC Server handler 0 on default port 45241] ERROR OMAudit - user=runner | ip=127.0.0.1 | op=GET_FILE_STATUS {volume=volume87664, bucket=bucket74908, key=testBatchDelete/parent/child5, dataSize=0, replicationConfig=null} | ret=FAILURE
org.apache.hadoop.ozone.om.exceptions.OMException: Unable to get file status: volume: volume87664 bucket: bucket74908 key: testBatchDelete/parent/child5
	at org.apache.hadoop.ozone.om.KeyManagerImpl.getOzoneFileStatus(KeyManagerImpl.java:1283) ~[ozone-manager-1.3.0-SNAPSHOT.jar:?]
	at org.apache.hadoop.ozone.om.KeyManagerImpl.getFileStatus(KeyManagerImpl.java:1213) ~[ozone-manager-1.3.0-SNAPSHOT.jar:?]
	at org.apache.hadoop.ozone.om.OzoneManager.getFileStatus(OzoneManager.java:3419) ~[ozone-manager-1.3.0-SNAPSHOT.jar:?]
	at org.apache.hadoop.ozone.protocolPB.OzoneManagerRequestHandler.getOzoneFileStatus(OzoneManagerRequestHandler.java:871) ~[ozone-manager-1.3.0-SNAPSHOT.jar:?]
	at org.apache.hadoop.ozone.protocolPB.OzoneManagerRequestHandler.handleReadRequest(OzoneManagerRequestHandler.java:217) ~[ozone-manager-1.3.0-SNAPSHOT.jar:?]
	at org.apache.hadoop.ozone.protocolPB.OzoneManagerProtocolServerSideTranslatorPB.submitRequestDirectlyToOM(OzoneManagerProtocolServerSideTranslatorPB.java:284) ~[ozone-manager-1.3.0-SNAPSHOT.jar:?]
	at org.apache.hadoop.ozone.protocolPB.OzoneManagerProtocolServerSideTranslatorPB.processRequest(OzoneManagerProtocolServerSideTranslatorPB.java:207) ~[ozone-manager-1.3.0-SNAPSHOT.jar:?]
	at org.apache.hadoop.hdds.server.OzoneProtocolMessageDispatcher.processRequest(OzoneProtocolMessageDispatcher.java:87) [hdds-server-framework-1.3.0-SNAPSHOT.jar:?]
	at org.apache.hadoop.ozone.protocolPB.OzoneManagerProtocolServerSideTranslatorPB.submitRequest(OzoneManagerProtocolServerSideTranslatorPB.java:147) [ozone-manager-1.3.0-SNAPSHOT.jar:?]
	at org.apache.hadoop.ozone.protocol.proto.OzoneManagerProtocolProtos$OzoneManagerService$2.callBlockingMethod(OzoneManagerProtocolProtos.java) [ozone-interface-client-1.3.0-SNAPSHOT.jar:?]
	at org.apache.hadoop.ipc.ProtobufRpcEngine$Server.processCall(ProtobufRpcEngine.java:466) [hadoop-common-3.3.1.jar:?]
	at org.apache.hadoop.ipc.ProtobufRpcEngine2$Server$ProtoBufRpcInvoker.call(ProtobufRpcEngine2.java:574) [hadoop-common-3.3.1.jar:?]
	at org.apache.hadoop.ipc.ProtobufRpcEngine2$Server$ProtoBufRpcInvoker.call(ProtobufRpcEngine2.java:552) [hadoop-common-3.3.1.jar:?]
	at org.apache.hadoop.ipc.RPC$Server.call(RPC.java:1093) [hadoop-common-3.3.1.jar:?]
	at org.apache.hadoop.ipc.Server$RpcCall.run(Server.java:1035) [hadoop-common-3.3.1.jar:?]
	at org.apache.hadoop.ipc.Server$RpcCall.run(Server.java:963) [hadoop-common-3.3.1.jar:?]
	at java.security.AccessController.doPrivileged(Native Method) ~[?:1.8.0_332]
	at javax.security.auth.Subject.doAs(Subject.java:422) [?:1.8.0_332]
	at org.apache.hadoop.security.UserGroupInformation.doAs(UserGroupInformation.java:1878) [hadoop-common-3.3.1.jar:?]
	at org.apache.hadoop.ipc.Server$Handler.run(Server.java:2966) [hadoop-common-3.3.1.jar:?]
13:06:26.772 [IPC Server handler 13 on default port 45241] ERROR OMAudit - user=runner | ip=127.0.0.1 | op=GET_FILE_STATUS {volume=volume87664, bucket=bucket74908, key=testBatchDelete/parent/childFolder/child5, dataSize=0, replicationConfig=null} | ret=FAILURE
org.apache.hadoop.ozone.om.exceptions.OMException: Unable to get file status: volume: volume87664 bucket: bucket74908 key: testBatchDelete/parent/childFolder/child5
	at org.apache.hadoop.ozone.om.KeyManagerImpl.getOzoneFileStatus(KeyManagerImpl.java:1283) ~[ozone-manager-1.3.0-SNAPSHOT.jar:?]
	at org.apache.hadoop.ozone.om.KeyManagerImpl.getFileStatus(KeyManagerImpl.java:1213) ~[ozone-manager-1.3.0-SNAPSHOT.jar:?]
	at org.apache.hadoop.ozone.om.OzoneManager.getFileStatus(OzoneManager.java:3419) ~[ozone-manager-1.3.0-SNAPSHOT.jar:?]
	at org.apache.hadoop.ozone.protocolPB.OzoneManagerRequestHandler.getOzoneFileStatus(OzoneManagerRequestHandler.java:871) ~[ozone-manager-1.3.0-SNAPSHOT.jar:?]
	at org.apache.hadoop.ozone.protocolPB.OzoneManagerRequestHandler.handleReadRequest(OzoneManagerRequestHandler.java:217) ~[ozone-manager-1.3.0-SNAPSHOT.jar:?]
	at org.apache.hadoop.ozone.protocolPB.OzoneManagerProtocolServerSideTranslatorPB.submitRequestDirectlyToOM(OzoneManagerProtocolServerSideTranslatorPB.java:284) ~[ozone-manager-1.3.0-SNAPSHOT.jar:?]
	at org.apache.hadoop.ozone.protocolPB.OzoneManagerProtocolServerSideTranslatorPB.processRequest(OzoneManagerProtocolServerSideTranslatorPB.java:207) ~[ozone-manager-1.3.0-SNAPSHOT.jar:?]
	at org.apache.hadoop.hdds.server.OzoneProtocolMessageDispatcher.processRequest(OzoneProtocolMessageDispatcher.java:87) [hdds-server-framework-1.3.0-SNAPSHOT.jar:?]
	at org.apache.hadoop.ozone.protocolPB.OzoneManagerProtocolServerSideTranslatorPB.submitRequest(OzoneManagerProtocolServerSideTranslatorPB.java:147) [ozone-manager-1.3.0-SNAPSHOT.jar:?]
	at org.apache.hadoop.ozone.protocol.proto.OzoneManagerProtocolProtos$OzoneManagerService$2.callBlockingMethod(OzoneManagerProtocolProtos.java) [ozone-interface-client-1.3.0-SNAPSHOT.jar:?]
	at org.apache.hadoop.ipc.ProtobufRpcEngine$Server.processCall(ProtobufRpcEngine.java:466) [hadoop-common-3.3.1.jar:?]
	at org.apache.hadoop.ipc.ProtobufRpcEngine2$Server$ProtoBufRpcInvoker.call(ProtobufRpcEngine2.java:574) [hadoop-common-3.3.1.jar:?]
	at org.apache.hadoop.ipc.ProtobufRpcEngine2$Server$ProtoBufRpcInvoker.call(ProtobufRpcEngine2.java:552) [hadoop-common-3.3.1.jar:?]
	at org.apache.hadoop.ipc.RPC$Server.call(RPC.java:1093) [hadoop-common-3.3.1.jar:?]
	at org.apache.hadoop.ipc.Server$RpcCall.run(Server.java:1035) [hadoop-common-3.3.1.jar:?]
	at org.apache.hadoop.ipc.Server$RpcCall.run(Server.java:963) [hadoop-common-3.3.1.jar:?]
	at java.security.AccessController.doPrivileged(Native Method) ~[?:1.8.0_332]
	at javax.security.auth.Subject.doAs(Subject.java:422) [?:1.8.0_332]
	at org.apache.hadoop.security.UserGroupInformation.doAs(UserGroupInformation.java:1878) [hadoop-common-3.3.1.jar:?]
	at org.apache.hadoop.ipc.Server$Handler.run(Server.java:2966) [hadoop-common-3.3.1.jar:?]
13:06:26.773 [IPC Server handler 10 on default port 45241] ERROR OMAudit - user=runner | ip=127.0.0.1 | op=GET_FILE_STATUS {volume=volume87664, bucket=bucket74908, key=testBatchDelete/parent/child6, dataSize=0, replicationConfig=null} | ret=FAILURE
org.apache.hadoop.ozone.om.exceptions.OMException: Unable to get file status: volume: volume87664 bucket: bucket74908 key: testBatchDelete/parent/child6
	at org.apache.hadoop.ozone.om.KeyManagerImpl.getOzoneFileStatus(KeyManagerImpl.java:1283) ~[ozone-manager-1.3.0-SNAPSHOT.jar:?]
	at org.apache.hadoop.ozone.om.KeyManagerImpl.getFileStatus(KeyManagerImpl.java:1213) ~[ozone-manager-1.3.0-SNAPSHOT.jar:?]
	at org.apache.hadoop.ozone.om.OzoneManager.getFileStatus(OzoneManager.java:3419) ~[ozone-manager-1.3.0-SNAPSHOT.jar:?]
	at org.apache.hadoop.ozone.protocolPB.OzoneManagerRequestHandler.getOzoneFileStatus(OzoneManagerRequestHandler.java:871) ~[ozone-manager-1.3.0-SNAPSHOT.jar:?]
	at org.apache.hadoop.ozone.protocolPB.OzoneManagerRequestHandler.handleReadRequest(OzoneManagerRequestHandler.java:217) ~[ozone-manager-1.3.0-SNAPSHOT.jar:?]
	at org.apache.hadoop.ozone.protocolPB.OzoneManagerProtocolServerSideTranslatorPB.submitRequestDirectlyToOM(OzoneManagerProtocolServerSideTranslatorPB.java:284) ~[ozone-manager-1.3.0-SNAPSHOT.jar:?]
	at org.apache.hadoop.ozone.protocolPB.OzoneManagerProtocolServerSideTranslatorPB.processRequest(OzoneManagerProtocolServerSideTranslatorPB.java:207) ~[ozone-manager-1.3.0-SNAPSHOT.jar:?]
	at org.apache.hadoop.hdds.server.OzoneProtocolMessageDispatcher.processRequest(OzoneProtocolMessageDispatcher.java:87) [hdds-server-framework-1.3.0-SNAPSHOT.jar:?]
	at org.apache.hadoop.ozone.protocolPB.OzoneManagerProtocolServerSideTranslatorPB.submitRequest(OzoneManagerProtocolServerSideTranslatorPB.java:147) [ozone-manager-1.3.0-SNAPSHOT.jar:?]
	at org.apache.hadoop.ozone.protocol.proto.OzoneManagerProtocolProtos$OzoneManagerService$2.callBlockingMethod(OzoneManagerProtocolProtos.java) [ozone-interface-client-1.3.0-SNAPSHOT.jar:?]
	at org.apache.hadoop.ipc.ProtobufRpcEngine$Server.processCall(ProtobufRpcEngine.java:466) [hadoop-common-3.3.1.jar:?]
	at org.apache.hadoop.ipc.ProtobufRpcEngine2$Server$ProtoBufRpcInvoker.call(ProtobufRpcEngine2.java:574) [hadoop-common-3.3.1.jar:?]
	at org.apache.hadoop.ipc.ProtobufRpcEngine2$Server$ProtoBufRpcInvoker.call(ProtobufRpcEngine2.java:552) [hadoop-common-3.3.1.jar:?]
	at org.apache.hadoop.ipc.RPC$Server.call(RPC.java:1093) [hadoop-common-3.3.1.jar:?]
	at org.apache.hadoop.ipc.Server$RpcCall.run(Server.java:1035) [hadoop-common-3.3.1.jar:?]
	at org.apache.hadoop.ipc.Server$RpcCall.run(Server.java:963) [hadoop-common-3.3.1.jar:?]
	at java.security.AccessController.doPrivileged(Native Method) ~[?:1.8.0_332]
	at javax.security.auth.Subject.doAs(Subject.java:422) [?:1.8.0_332]
	at org.apache.hadoop.security.UserGroupInformation.doAs(UserGroupInformation.java:1878) [hadoop-common-3.3.1.jar:?]
	at org.apache.hadoop.ipc.Server$Handler.run(Server.java:2966) [hadoop-common-3.3.1.jar:?]
13:06:26.773 [IPC Server handler 18 on default port 45241] ERROR OMAudit - user=runner | ip=127.0.0.1 | op=GET_FILE_STATUS {volume=volume87664, bucket=bucket74908, key=testBatchDelete/parent/childFolder/child6, dataSize=0, replicationConfig=null} | ret=FAILURE
org.apache.hadoop.ozone.om.exceptions.OMException: Unable to get file status: volume: volume87664 bucket: bucket74908 key: testBatchDelete/parent/childFolder/child6
	at org.apache.hadoop.ozone.om.KeyManagerImpl.getOzoneFileStatus(KeyManagerImpl.java:1283) ~[ozone-manager-1.3.0-SNAPSHOT.jar:?]
	at org.apache.hadoop.ozone.om.KeyManagerImpl.getFileStatus(KeyManagerImpl.java:1213) ~[ozone-manager-1.3.0-SNAPSHOT.jar:?]
	at org.apache.hadoop.ozone.om.OzoneManager.getFileStatus(OzoneManager.java:3419) ~[ozone-manager-1.3.0-SNAPSHOT.jar:?]
	at org.apache.hadoop.ozone.protocolPB.OzoneManagerRequestHandler.getOzoneFileStatus(OzoneManagerRequestHandler.java:871) ~[ozone-manager-1.3.0-SNAPSHOT.jar:?]
	at org.apache.hadoop.ozone.protocolPB.OzoneManagerRequestHandler.handleReadRequest(OzoneManagerRequestHandler.java:217) ~[ozone-manager-1.3.0-SNAPSHOT.jar:?]
	at org.apache.hadoop.ozone.protocolPB.OzoneManagerProtocolServerSideTranslatorPB.submitRequestDirectlyToOM(OzoneManagerProtocolServerSideTranslatorPB.java:284) ~[ozone-manager-1.3.0-SNAPSHOT.jar:?]
	at org.apache.hadoop.ozone.protocolPB.OzoneManagerProtocolServerSideTranslatorPB.processRequest(OzoneManagerProtocolServerSideTranslatorPB.java:207) ~[ozone-manager-1.3.0-SNAPSHOT.jar:?]
	at org.apache.hadoop.hdds.server.OzoneProtocolMessageDispatcher.processRequest(OzoneProtocolMessageDispatcher.java:87) [hdds-server-framework-1.3.0-SNAPSHOT.jar:?]
	at org.apache.hadoop.ozone.protocolPB.OzoneManagerProtocolServerSideTranslatorPB.submitRequest(OzoneManagerProtocolServerSideTranslatorPB.java:147) [ozone-manager-1.3.0-SNAPSHOT.jar:?]
	at org.apache.hadoop.ozone.protocol.proto.OzoneManagerProtocolProtos$OzoneManagerService$2.callBlockingMethod(OzoneManagerProtocolProtos.java) [ozone-interface-client-1.3.0-SNAPSHOT.jar:?]
	at org.apache.hadoop.ipc.ProtobufRpcEngine$Server.processCall(ProtobufRpcEngine.java:466) [hadoop-common-3.3.1.jar:?]
	at org.apache.hadoop.ipc.ProtobufRpcEngine2$Server$ProtoBufRpcInvoker.call(ProtobufRpcEngine2.java:574) [hadoop-common-3.3.1.jar:?]
	at org.apache.hadoop.ipc.ProtobufRpcEngine2$Server$ProtoBufRpcInvoker.call(ProtobufRpcEngine2.java:552) [hadoop-common-3.3.1.jar:?]
	at org.apache.hadoop.ipc.RPC$Server.call(RPC.java:1093) [hadoop-common-3.3.1.jar:?]
	at org.apache.hadoop.ipc.Server$RpcCall.run(Server.java:1035) [hadoop-common-3.3.1.jar:?]
	at org.apache.hadoop.ipc.Server$RpcCall.run(Server.java:963) [hadoop-common-3.3.1.jar:?]
	at java.security.AccessController.doPrivileged(Native Method) ~[?:1.8.0_332]
	at javax.security.auth.Subject.doAs(Subject.java:422) [?:1.8.0_332]
	at org.apache.hadoop.security.UserGroupInformation.doAs(UserGroupInformation.java:1878) [hadoop-common-3.3.1.jar:?]
	at org.apache.hadoop.ipc.Server$Handler.run(Server.java:2966) [hadoop-common-3.3.1.jar:?]
13:06:26.774 [IPC Server handler 3 on default port 45241] ERROR OMAudit - user=runner | ip=127.0.0.1 | op=GET_FILE_STATUS {volume=volume87664, bucket=bucket74908, key=testBatchDelete/parent/child7, dataSize=0, replicationConfig=null} | ret=FAILURE
org.apache.hadoop.ozone.om.exceptions.OMException: Unable to get file status: volume: volume87664 bucket: bucket74908 key: testBatchDelete/parent/child7
	at org.apache.hadoop.ozone.om.KeyManagerImpl.getOzoneFileStatus(KeyManagerImpl.java:1283) ~[ozone-manager-1.3.0-SNAPSHOT.jar:?]
	at org.apache.hadoop.ozone.om.KeyManagerImpl.getFileStatus(KeyManagerImpl.java:1213) ~[ozone-manager-1.3.0-SNAPSHOT.jar:?]
	at org.apache.hadoop.ozone.om.OzoneManager.getFileStatus(OzoneManager.java:3419) ~[ozone-manager-1.3.0-SNAPSHOT.jar:?]
	at org.apache.hadoop.ozone.protocolPB.OzoneManagerRequestHandler.getOzoneFileStatus(OzoneManagerRequestHandler.java:871) ~[ozone-manager-1.3.0-SNAPSHOT.jar:?]
	at org.apache.hadoop.ozone.protocolPB.OzoneManagerRequestHandler.handleReadRequest(OzoneManagerRequestHandler.java:217) ~[ozone-manager-1.3.0-SNAPSHOT.jar:?]
	at org.apache.hadoop.ozone.protocolPB.OzoneManagerProtocolServerSideTranslatorPB.submitRequestDirectlyToOM(OzoneManagerProtocolServerSideTranslatorPB.java:284) ~[ozone-manager-1.3.0-SNAPSHOT.jar:?]
	at org.apache.hadoop.ozone.protocolPB.OzoneManagerProtocolServerSideTranslatorPB.processRequest(OzoneManagerProtocolServerSideTranslatorPB.java:207) ~[ozone-manager-1.3.0-SNAPSHOT.jar:?]
	at org.apache.hadoop.hdds.server.OzoneProtocolMessageDispatcher.processRequest(OzoneProtocolMessageDispatcher.java:87) [hdds-server-framework-1.3.0-SNAPSHOT.jar:?]
	at org.apache.hadoop.ozone.protocolPB.OzoneManagerProtocolServerSideTranslatorPB.submitRequest(OzoneManagerProtocolServerSideTranslatorPB.java:147) [ozone-manager-1.3.0-SNAPSHOT.jar:?]
	at org.apache.hadoop.ozone.protocol.proto.OzoneManagerProtocolProtos$OzoneManagerService$2.callBlockingMethod(OzoneManagerProtocolProtos.java) [ozone-interface-client-1.3.0-SNAPSHOT.jar:?]
	at org.apache.hadoop.ipc.ProtobufRpcEngine$Server.processCall(ProtobufRpcEngine.java:466) [hadoop-common-3.3.1.jar:?]
	at org.apache.hadoop.ipc.ProtobufRpcEngine2$Server$ProtoBufRpcInvoker.call(ProtobufRpcEngine2.java:574) [hadoop-common-3.3.1.jar:?]
	at org.apache.hadoop.ipc.ProtobufRpcEngine2$Server$ProtoBufRpcInvoker.call(ProtobufRpcEngine2.java:552) [hadoop-common-3.3.1.jar:?]
	at org.apache.hadoop.ipc.RPC$Server.call(RPC.java:1093) [hadoop-common-3.3.1.jar:?]
	at org.apache.hadoop.ipc.Server$RpcCall.run(Server.java:1035) [hadoop-common-3.3.1.jar:?]
	at org.apache.hadoop.ipc.Server$RpcCall.run(Server.java:963) [hadoop-common-3.3.1.jar:?]
	at java.security.AccessController.doPrivileged(Native Method) ~[?:1.8.0_332]
	at javax.security.auth.Subject.doAs(Subject.java:422) [?:1.8.0_332]
	at org.apache.hadoop.security.UserGroupInformation.doAs(UserGroupInformation.java:1878) [hadoop-common-3.3.1.jar:?]
	at org.apache.hadoop.ipc.Server$Handler.run(Server.java:2966) [hadoop-common-3.3.1.jar:?]
13:06:26.776 [IPC Server handler 12 on default port 45241] ERROR OMAudit - user=runner | ip=127.0.0.1 | op=GET_FILE_STATUS {volume=volume87664, bucket=bucket74908, key=testBatchDelete/parent/childFolder/child7, dataSize=0, replicationConfig=null} | ret=FAILURE
org.apache.hadoop.ozone.om.exceptions.OMException: Unable to get file status: volume: volume87664 bucket: bucket74908 key: testBatchDelete/parent/childFolder/child7
	at org.apache.hadoop.ozone.om.KeyManagerImpl.getOzoneFileStatus(KeyManagerImpl.java:1283) ~[ozone-manager-1.3.0-SNAPSHOT.jar:?]
	at org.apache.hadoop.ozone.om.KeyManagerImpl.getFileStatus(KeyManagerImpl.java:1213) ~[ozone-manager-1.3.0-SNAPSHOT.jar:?]
	at org.apache.hadoop.ozone.om.OzoneManager.getFileStatus(OzoneManager.java:3419) ~[ozone-manager-1.3.0-SNAPSHOT.jar:?]
	at org.apache.hadoop.ozone.protocolPB.OzoneManagerRequestHandler.getOzoneFileStatus(OzoneManagerRequestHandler.java:871) ~[ozone-manager-1.3.0-SNAPSHOT.jar:?]
	at org.apache.hadoop.ozone.protocolPB.OzoneManagerRequestHandler.handleReadRequest(OzoneManagerRequestHandler.java:217) ~[ozone-manager-1.3.0-SNAPSHOT.jar:?]
	at org.apache.hadoop.ozone.protocolPB.OzoneManagerProtocolServerSideTranslatorPB.submitRequestDirectlyToOM(OzoneManagerProtocolServerSideTranslatorPB.java:284) ~[ozone-manager-1.3.0-SNAPSHOT.jar:?]
	at org.apache.hadoop.ozone.protocolPB.OzoneManagerProtocolServerSideTranslatorPB.processRequest(OzoneManagerProtocolServerSideTranslatorPB.java:207) ~[ozone-manager-1.3.0-SNAPSHOT.jar:?]
	at org.apache.hadoop.hdds.server.OzoneProtocolMessageDispatcher.processRequest(OzoneProtocolMessageDispatcher.java:87) [hdds-server-framework-1.3.0-SNAPSHOT.jar:?]
	at org.apache.hadoop.ozone.protocolPB.OzoneManagerProtocolServerSideTranslatorPB.submitRequest(OzoneManagerProtocolServerSideTranslatorPB.java:147) [ozone-manager-1.3.0-SNAPSHOT.jar:?]
	at org.apache.hadoop.ozone.protocol.proto.OzoneManagerProtocolProtos$OzoneManagerService$2.callBlockingMethod(OzoneManagerProtocolProtos.java) [ozone-interface-client-1.3.0-SNAPSHOT.jar:?]
	at org.apache.hadoop.ipc.ProtobufRpcEngine$Server.processCall(ProtobufRpcEngine.java:466) [hadoop-common-3.3.1.jar:?]
	at org.apache.hadoop.ipc.ProtobufRpcEngine2$Server$ProtoBufRpcInvoker.call(ProtobufRpcEngine2.java:574) [hadoop-common-3.3.1.jar:?]
	at org.apache.hadoop.ipc.ProtobufRpcEngine2$Server$ProtoBufRpcInvoker.call(ProtobufRpcEngine2.java:552) [hadoop-common-3.3.1.jar:?]
	at org.apache.hadoop.ipc.RPC$Server.call(RPC.java:1093) [hadoop-common-3.3.1.jar:?]
	at org.apache.hadoop.ipc.Server$RpcCall.run(Server.java:1035) [hadoop-common-3.3.1.jar:?]
	at org.apache.hadoop.ipc.Server$RpcCall.run(Server.java:963) [hadoop-common-3.3.1.jar:?]
	at java.security.AccessController.doPrivileged(Native Method) ~[?:1.8.0_332]
	at javax.security.auth.Subject.doAs(Subject.java:422) [?:1.8.0_332]
	at org.apache.hadoop.security.UserGroupInformation.doAs(UserGroupInformation.java:1878) [hadoop-common-3.3.1.jar:?]
	at org.apache.hadoop.ipc.Server$Handler.run(Server.java:2966) [hadoop-common-3.3.1.jar:?]
13:06:26.777 [IPC Server handler 17 on default port 45241] ERROR OMAudit - user=runner | ip=127.0.0.1 | op=GET_FILE_STATUS {volume=volume87664, bucket=bucket74908, key=testBatchDelete/parent, dataSize=0, replicationConfig=null} | ret=FAILURE
org.apache.hadoop.ozone.om.exceptions.OMException: Unable to get file status: volume: volume87664 bucket: bucket74908 key: testBatchDelete/parent
	at org.apache.hadoop.ozone.om.KeyManagerImpl.getOzoneFileStatus(KeyManagerImpl.java:1283) ~[ozone-manager-1.3.0-SNAPSHOT.jar:?]
	at org.apache.hadoop.ozone.om.KeyManagerImpl.getFileStatus(KeyManagerImpl.java:1213) ~[ozone-manager-1.3.0-SNAPSHOT.jar:?]
	at org.apache.hadoop.ozone.om.OzoneManager.getFileStatus(OzoneManager.java:3419) ~[ozone-manager-1.3.0-SNAPSHOT.jar:?]
	at org.apache.hadoop.ozone.protocolPB.OzoneManagerRequestHandler.getOzoneFileStatus(OzoneManagerRequestHandler.java:871) ~[ozone-manager-1.3.0-SNAPSHOT.jar:?]
	at org.apache.hadoop.ozone.protocolPB.OzoneManagerRequestHandler.handleReadRequest(OzoneManagerRequestHandler.java:217) ~[ozone-manager-1.3.0-SNAPSHOT.jar:?]
	at org.apache.hadoop.ozone.protocolPB.OzoneManagerProtocolServerSideTranslatorPB.submitRequestDirectlyToOM(OzoneManagerProtocolServerSideTranslatorPB.java:284) ~[ozone-manager-1.3.0-SNAPSHOT.jar:?]
	at org.apache.hadoop.ozone.protocolPB.OzoneManagerProtocolServerSideTranslatorPB.processRequest(OzoneManagerProtocolServerSideTranslatorPB.java:207) ~[ozone-manager-1.3.0-SNAPSHOT.jar:?]
	at org.apache.hadoop.hdds.server.OzoneProtocolMessageDispatcher.processRequest(OzoneProtocolMessageDispatcher.java:87) [hdds-server-framework-1.3.0-SNAPSHOT.jar:?]
	at org.apache.hadoop.ozone.protocolPB.OzoneManagerProtocolServerSideTranslatorPB.submitRequest(OzoneManagerProtocolServerSideTranslatorPB.java:147) [ozone-manager-1.3.0-SNAPSHOT.jar:?]
	at org.apache.hadoop.ozone.protocol.proto.OzoneManagerProtocolProtos$OzoneManagerService$2.callBlockingMethod(OzoneManagerProtocolProtos.java) [ozone-interface-client-1.3.0-SNAPSHOT.jar:?]
	at org.apache.hadoop.ipc.ProtobufRpcEngine$Server.processCall(ProtobufRpcEngine.java:466) [hadoop-common-3.3.1.jar:?]
	at org.apache.hadoop.ipc.ProtobufRpcEngine2$Server$ProtoBufRpcInvoker.call(ProtobufRpcEngine2.java:574) [hadoop-common-3.3.1.jar:?]
	at org.apache.hadoop.ipc.ProtobufRpcEngine2$Server$ProtoBufRpcInvoker.call(ProtobufRpcEngine2.java:552) [hadoop-common-3.3.1.jar:?]
	at org.apache.hadoop.ipc.RPC$Server.call(RPC.java:1093) [hadoop-common-3.3.1.jar:?]
	at org.apache.hadoop.ipc.Server$RpcCall.run(Server.java:1035) [hadoop-common-3.3.1.jar:?]
	at org.apache.hadoop.ipc.Server$RpcCall.run(Server.java:963) [hadoop-common-3.3.1.jar:?]
	at java.security.AccessController.doPrivileged(Native Method) ~[?:1.8.0_332]
	at javax.security.auth.Subject.doAs(Subject.java:422) [?:1.8.0_332]
	at org.apache.hadoop.security.UserGroupInformation.doAs(UserGroupInformation.java:1878) [hadoop-common-3.3.1.jar:?]
	at org.apache.hadoop.ipc.Server$Handler.run(Server.java:2966) [hadoop-common-3.3.1.jar:?]
2022-06-19 13:06:26,777 [Time-limited test] WARN  ozone.BasicOzoneFileSystem (BasicOzoneFileSystem.java:delete(532)) - delete: Path does not exist: /testBatchDelete/parent
]]></system-out>
  </testcase>
  <testcase name="testFileDelete" classname="TestOzoneFileSystem" time="0.139">
    <system-out><![CDATA[13:07:42.343 [IPC Server handler 0 on default port 41441] ERROR OMAudit - user=runner | ip=127.0.0.1 | op=GET_FILE_STATUS {volume=volume07034, bucket=bucket87468, key=testBatchDelete, dataSize=0, replicationConfig=null} | ret=FAILURE
org.apache.hadoop.ozone.om.exceptions.OMException: Unable to get file status: volume: volume07034 bucket: bucket87468 key: testBatchDelete
	at org.apache.hadoop.ozone.om.KeyManagerImpl.getOzoneFileStatus(KeyManagerImpl.java:1283) ~[ozone-manager-1.3.0-SNAPSHOT.jar:?]
	at org.apache.hadoop.ozone.om.KeyManagerImpl.getFileStatus(KeyManagerImpl.java:1213) ~[ozone-manager-1.3.0-SNAPSHOT.jar:?]
	at org.apache.hadoop.ozone.om.OzoneManager.getFileStatus(OzoneManager.java:3419) ~[ozone-manager-1.3.0-SNAPSHOT.jar:?]
	at org.apache.hadoop.ozone.protocolPB.OzoneManagerRequestHandler.getOzoneFileStatus(OzoneManagerRequestHandler.java:871) ~[ozone-manager-1.3.0-SNAPSHOT.jar:?]
	at org.apache.hadoop.ozone.protocolPB.OzoneManagerRequestHandler.handleReadRequest(OzoneManagerRequestHandler.java:217) ~[ozone-manager-1.3.0-SNAPSHOT.jar:?]
	at org.apache.hadoop.ozone.protocolPB.OzoneManagerProtocolServerSideTranslatorPB.submitReadRequestToOM(OzoneManagerProtocolServerSideTranslatorPB.java:225) ~[ozone-manager-1.3.0-SNAPSHOT.jar:?]
	at org.apache.hadoop.ozone.protocolPB.OzoneManagerProtocolServerSideTranslatorPB.processRequest(OzoneManagerProtocolServerSideTranslatorPB.java:175) ~[ozone-manager-1.3.0-SNAPSHOT.jar:?]
	at org.apache.hadoop.hdds.server.OzoneProtocolMessageDispatcher.processRequest(OzoneProtocolMessageDispatcher.java:87) [hdds-server-framework-1.3.0-SNAPSHOT.jar:?]
	at org.apache.hadoop.ozone.protocolPB.OzoneManagerProtocolServerSideTranslatorPB.submitRequest(OzoneManagerProtocolServerSideTranslatorPB.java:147) [ozone-manager-1.3.0-SNAPSHOT.jar:?]
	at org.apache.hadoop.ozone.protocol.proto.OzoneManagerProtocolProtos$OzoneManagerService$2.callBlockingMethod(OzoneManagerProtocolProtos.java) [ozone-interface-client-1.3.0-SNAPSHOT.jar:?]
	at org.apache.hadoop.ipc.ProtobufRpcEngine$Server.processCall(ProtobufRpcEngine.java:466) [hadoop-common-3.3.1.jar:?]
	at org.apache.hadoop.ipc.ProtobufRpcEngine2$Server$ProtoBufRpcInvoker.call(ProtobufRpcEngine2.java:574) [hadoop-common-3.3.1.jar:?]
	at org.apache.hadoop.ipc.ProtobufRpcEngine2$Server$ProtoBufRpcInvoker.call(ProtobufRpcEngine2.java:552) [hadoop-common-3.3.1.jar:?]
	at org.apache.hadoop.ipc.RPC$Server.call(RPC.java:1093) [hadoop-common-3.3.1.jar:?]
	at org.apache.hadoop.ipc.Server$RpcCall.run(Server.java:1035) [hadoop-common-3.3.1.jar:?]
	at org.apache.hadoop.ipc.Server$RpcCall.run(Server.java:963) [hadoop-common-3.3.1.jar:?]
	at java.security.AccessController.doPrivileged(Native Method) ~[?:1.8.0_332]
	at javax.security.auth.Subject.doAs(Subject.java:422) [?:1.8.0_332]
	at org.apache.hadoop.security.UserGroupInformation.doAs(UserGroupInformation.java:1878) [hadoop-common-3.3.1.jar:?]
	at org.apache.hadoop.ipc.Server$Handler.run(Server.java:2966) [hadoop-common-3.3.1.jar:?]
13:07:42.344 [IPC Server handler 18 on default port 41441] ERROR OMAudit - user=runner | ip=127.0.0.1 | op=GET_FILE_STATUS {volume=volume07034, bucket=bucket87468, key=testBatchDelete/parent/child0, dataSize=0, replicationConfig=null} | ret=FAILURE
org.apache.hadoop.ozone.om.exceptions.OMException: Unable to get file status: volume: volume07034 bucket: bucket87468 key: testBatchDelete/parent/child0
	at org.apache.hadoop.ozone.om.KeyManagerImpl.getOzoneFileStatus(KeyManagerImpl.java:1283) ~[ozone-manager-1.3.0-SNAPSHOT.jar:?]
	at org.apache.hadoop.ozone.om.KeyManagerImpl.getFileStatus(KeyManagerImpl.java:1213) ~[ozone-manager-1.3.0-SNAPSHOT.jar:?]
	at org.apache.hadoop.ozone.om.OzoneManager.getFileStatus(OzoneManager.java:3419) ~[ozone-manager-1.3.0-SNAPSHOT.jar:?]
	at org.apache.hadoop.ozone.protocolPB.OzoneManagerRequestHandler.getOzoneFileStatus(OzoneManagerRequestHandler.java:871) ~[ozone-manager-1.3.0-SNAPSHOT.jar:?]
	at org.apache.hadoop.ozone.protocolPB.OzoneManagerRequestHandler.handleReadRequest(OzoneManagerRequestHandler.java:217) ~[ozone-manager-1.3.0-SNAPSHOT.jar:?]
	at org.apache.hadoop.ozone.protocolPB.OzoneManagerProtocolServerSideTranslatorPB.submitReadRequestToOM(OzoneManagerProtocolServerSideTranslatorPB.java:225) ~[ozone-manager-1.3.0-SNAPSHOT.jar:?]
	at org.apache.hadoop.ozone.protocolPB.OzoneManagerProtocolServerSideTranslatorPB.processRequest(OzoneManagerProtocolServerSideTranslatorPB.java:175) ~[ozone-manager-1.3.0-SNAPSHOT.jar:?]
	at org.apache.hadoop.hdds.server.OzoneProtocolMessageDispatcher.processRequest(OzoneProtocolMessageDispatcher.java:87) [hdds-server-framework-1.3.0-SNAPSHOT.jar:?]
	at org.apache.hadoop.ozone.protocolPB.OzoneManagerProtocolServerSideTranslatorPB.submitRequest(OzoneManagerProtocolServerSideTranslatorPB.java:147) [ozone-manager-1.3.0-SNAPSHOT.jar:?]
	at org.apache.hadoop.ozone.protocol.proto.OzoneManagerProtocolProtos$OzoneManagerService$2.callBlockingMethod(OzoneManagerProtocolProtos.java) [ozone-interface-client-1.3.0-SNAPSHOT.jar:?]
	at org.apache.hadoop.ipc.ProtobufRpcEngine$Server.processCall(ProtobufRpcEngine.java:466) [hadoop-common-3.3.1.jar:?]
	at org.apache.hadoop.ipc.ProtobufRpcEngine2$Server$ProtoBufRpcInvoker.call(ProtobufRpcEngine2.java:574) [hadoop-common-3.3.1.jar:?]
	at org.apache.hadoop.ipc.ProtobufRpcEngine2$Server$ProtoBufRpcInvoker.call(ProtobufRpcEngine2.java:552) [hadoop-common-3.3.1.jar:?]
	at org.apache.hadoop.ipc.RPC$Server.call(RPC.java:1093) [hadoop-common-3.3.1.jar:?]
	at org.apache.hadoop.ipc.Server$RpcCall.run(Server.java:1035) [hadoop-common-3.3.1.jar:?]
	at org.apache.hadoop.ipc.Server$RpcCall.run(Server.java:963) [hadoop-common-3.3.1.jar:?]
	at java.security.AccessController.doPrivileged(Native Method) ~[?:1.8.0_332]
	at javax.security.auth.Subject.doAs(Subject.java:422) [?:1.8.0_332]
	at org.apache.hadoop.security.UserGroupInformation.doAs(UserGroupInformation.java:1878) [hadoop-common-3.3.1.jar:?]
	at org.apache.hadoop.ipc.Server$Handler.run(Server.java:2966) [hadoop-common-3.3.1.jar:?]
13:07:42.345 [IPC Server handler 1 on default port 41441] ERROR OMAudit - user=runner | ip=127.0.0.1 | op=GET_FILE_STATUS {volume=volume07034, bucket=bucket87468, key=testBatchDelete/parent/childFolder/child0, dataSize=0, replicationConfig=null} | ret=FAILURE
org.apache.hadoop.ozone.om.exceptions.OMException: Unable to get file status: volume: volume07034 bucket: bucket87468 key: testBatchDelete/parent/childFolder/child0
	at org.apache.hadoop.ozone.om.KeyManagerImpl.getOzoneFileStatus(KeyManagerImpl.java:1283) ~[ozone-manager-1.3.0-SNAPSHOT.jar:?]
	at org.apache.hadoop.ozone.om.KeyManagerImpl.getFileStatus(KeyManagerImpl.java:1213) ~[ozone-manager-1.3.0-SNAPSHOT.jar:?]
	at org.apache.hadoop.ozone.om.OzoneManager.getFileStatus(OzoneManager.java:3419) ~[ozone-manager-1.3.0-SNAPSHOT.jar:?]
	at org.apache.hadoop.ozone.protocolPB.OzoneManagerRequestHandler.getOzoneFileStatus(OzoneManagerRequestHandler.java:871) ~[ozone-manager-1.3.0-SNAPSHOT.jar:?]
	at org.apache.hadoop.ozone.protocolPB.OzoneManagerRequestHandler.handleReadRequest(OzoneManagerRequestHandler.java:217) ~[ozone-manager-1.3.0-SNAPSHOT.jar:?]
	at org.apache.hadoop.ozone.protocolPB.OzoneManagerProtocolServerSideTranslatorPB.submitReadRequestToOM(OzoneManagerProtocolServerSideTranslatorPB.java:225) ~[ozone-manager-1.3.0-SNAPSHOT.jar:?]
	at org.apache.hadoop.ozone.protocolPB.OzoneManagerProtocolServerSideTranslatorPB.processRequest(OzoneManagerProtocolServerSideTranslatorPB.java:175) ~[ozone-manager-1.3.0-SNAPSHOT.jar:?]
	at org.apache.hadoop.hdds.server.OzoneProtocolMessageDispatcher.processRequest(OzoneProtocolMessageDispatcher.java:87) [hdds-server-framework-1.3.0-SNAPSHOT.jar:?]
	at org.apache.hadoop.ozone.protocolPB.OzoneManagerProtocolServerSideTranslatorPB.submitRequest(OzoneManagerProtocolServerSideTranslatorPB.java:147) [ozone-manager-1.3.0-SNAPSHOT.jar:?]
	at org.apache.hadoop.ozone.protocol.proto.OzoneManagerProtocolProtos$OzoneManagerService$2.callBlockingMethod(OzoneManagerProtocolProtos.java) [ozone-interface-client-1.3.0-SNAPSHOT.jar:?]
	at org.apache.hadoop.ipc.ProtobufRpcEngine$Server.processCall(ProtobufRpcEngine.java:466) [hadoop-common-3.3.1.jar:?]
	at org.apache.hadoop.ipc.ProtobufRpcEngine2$Server$ProtoBufRpcInvoker.call(ProtobufRpcEngine2.java:574) [hadoop-common-3.3.1.jar:?]
	at org.apache.hadoop.ipc.ProtobufRpcEngine2$Server$ProtoBufRpcInvoker.call(ProtobufRpcEngine2.java:552) [hadoop-common-3.3.1.jar:?]
	at org.apache.hadoop.ipc.RPC$Server.call(RPC.java:1093) [hadoop-common-3.3.1.jar:?]
	at org.apache.hadoop.ipc.Server$RpcCall.run(Server.java:1035) [hadoop-common-3.3.1.jar:?]
	at org.apache.hadoop.ipc.Server$RpcCall.run(Server.java:963) [hadoop-common-3.3.1.jar:?]
	at java.security.AccessController.doPrivileged(Native Method) ~[?:1.8.0_332]
	at javax.security.auth.Subject.doAs(Subject.java:422) [?:1.8.0_332]
	at org.apache.hadoop.security.UserGroupInformation.doAs(UserGroupInformation.java:1878) [hadoop-common-3.3.1.jar:?]
	at org.apache.hadoop.ipc.Server$Handler.run(Server.java:2966) [hadoop-common-3.3.1.jar:?]
13:07:42.345 [IPC Server handler 16 on default port 41441] ERROR OMAudit - user=runner | ip=127.0.0.1 | op=GET_FILE_STATUS {volume=volume07034, bucket=bucket87468, key=testBatchDelete/parent/child1, dataSize=0, replicationConfig=null} | ret=FAILURE
org.apache.hadoop.ozone.om.exceptions.OMException: Unable to get file status: volume: volume07034 bucket: bucket87468 key: testBatchDelete/parent/child1
	at org.apache.hadoop.ozone.om.KeyManagerImpl.getOzoneFileStatus(KeyManagerImpl.java:1283) ~[ozone-manager-1.3.0-SNAPSHOT.jar:?]
	at org.apache.hadoop.ozone.om.KeyManagerImpl.getFileStatus(KeyManagerImpl.java:1213) ~[ozone-manager-1.3.0-SNAPSHOT.jar:?]
	at org.apache.hadoop.ozone.om.OzoneManager.getFileStatus(OzoneManager.java:3419) ~[ozone-manager-1.3.0-SNAPSHOT.jar:?]
	at org.apache.hadoop.ozone.protocolPB.OzoneManagerRequestHandler.getOzoneFileStatus(OzoneManagerRequestHandler.java:871) ~[ozone-manager-1.3.0-SNAPSHOT.jar:?]
	at org.apache.hadoop.ozone.protocolPB.OzoneManagerRequestHandler.handleReadRequest(OzoneManagerRequestHandler.java:217) ~[ozone-manager-1.3.0-SNAPSHOT.jar:?]
	at org.apache.hadoop.ozone.protocolPB.OzoneManagerProtocolServerSideTranslatorPB.submitReadRequestToOM(OzoneManagerProtocolServerSideTranslatorPB.java:225) ~[ozone-manager-1.3.0-SNAPSHOT.jar:?]
	at org.apache.hadoop.ozone.protocolPB.OzoneManagerProtocolServerSideTranslatorPB.processRequest(OzoneManagerProtocolServerSideTranslatorPB.java:175) ~[ozone-manager-1.3.0-SNAPSHOT.jar:?]
	at org.apache.hadoop.hdds.server.OzoneProtocolMessageDispatcher.processRequest(OzoneProtocolMessageDispatcher.java:87) [hdds-server-framework-1.3.0-SNAPSHOT.jar:?]
	at org.apache.hadoop.ozone.protocolPB.OzoneManagerProtocolServerSideTranslatorPB.submitRequest(OzoneManagerProtocolServerSideTranslatorPB.java:147) [ozone-manager-1.3.0-SNAPSHOT.jar:?]
	at org.apache.hadoop.ozone.protocol.proto.OzoneManagerProtocolProtos$OzoneManagerService$2.callBlockingMethod(OzoneManagerProtocolProtos.java) [ozone-interface-client-1.3.0-SNAPSHOT.jar:?]
	at org.apache.hadoop.ipc.ProtobufRpcEngine$Server.processCall(ProtobufRpcEngine.java:466) [hadoop-common-3.3.1.jar:?]
	at org.apache.hadoop.ipc.ProtobufRpcEngine2$Server$ProtoBufRpcInvoker.call(ProtobufRpcEngine2.java:574) [hadoop-common-3.3.1.jar:?]
	at org.apache.hadoop.ipc.ProtobufRpcEngine2$Server$ProtoBufRpcInvoker.call(ProtobufRpcEngine2.java:552) [hadoop-common-3.3.1.jar:?]
	at org.apache.hadoop.ipc.RPC$Server.call(RPC.java:1093) [hadoop-common-3.3.1.jar:?]
	at org.apache.hadoop.ipc.Server$RpcCall.run(Server.java:1035) [hadoop-common-3.3.1.jar:?]
	at org.apache.hadoop.ipc.Server$RpcCall.run(Server.java:963) [hadoop-common-3.3.1.jar:?]
	at java.security.AccessController.doPrivileged(Native Method) ~[?:1.8.0_332]
	at javax.security.auth.Subject.doAs(Subject.java:422) [?:1.8.0_332]
	at org.apache.hadoop.security.UserGroupInformation.doAs(UserGroupInformation.java:1878) [hadoop-common-3.3.1.jar:?]
	at org.apache.hadoop.ipc.Server$Handler.run(Server.java:2966) [hadoop-common-3.3.1.jar:?]
13:07:42.346 [IPC Server handler 19 on default port 41441] ERROR OMAudit - user=runner | ip=127.0.0.1 | op=GET_FILE_STATUS {volume=volume07034, bucket=bucket87468, key=testBatchDelete/parent/childFolder/child1, dataSize=0, replicationConfig=null} | ret=FAILURE
org.apache.hadoop.ozone.om.exceptions.OMException: Unable to get file status: volume: volume07034 bucket: bucket87468 key: testBatchDelete/parent/childFolder/child1
	at org.apache.hadoop.ozone.om.KeyManagerImpl.getOzoneFileStatus(KeyManagerImpl.java:1283) ~[ozone-manager-1.3.0-SNAPSHOT.jar:?]
	at org.apache.hadoop.ozone.om.KeyManagerImpl.getFileStatus(KeyManagerImpl.java:1213) ~[ozone-manager-1.3.0-SNAPSHOT.jar:?]
	at org.apache.hadoop.ozone.om.OzoneManager.getFileStatus(OzoneManager.java:3419) ~[ozone-manager-1.3.0-SNAPSHOT.jar:?]
	at org.apache.hadoop.ozone.protocolPB.OzoneManagerRequestHandler.getOzoneFileStatus(OzoneManagerRequestHandler.java:871) ~[ozone-manager-1.3.0-SNAPSHOT.jar:?]
	at org.apache.hadoop.ozone.protocolPB.OzoneManagerRequestHandler.handleReadRequest(OzoneManagerRequestHandler.java:217) ~[ozone-manager-1.3.0-SNAPSHOT.jar:?]
	at org.apache.hadoop.ozone.protocolPB.OzoneManagerProtocolServerSideTranslatorPB.submitReadRequestToOM(OzoneManagerProtocolServerSideTranslatorPB.java:225) ~[ozone-manager-1.3.0-SNAPSHOT.jar:?]
	at org.apache.hadoop.ozone.protocolPB.OzoneManagerProtocolServerSideTranslatorPB.processRequest(OzoneManagerProtocolServerSideTranslatorPB.java:175) ~[ozone-manager-1.3.0-SNAPSHOT.jar:?]
	at org.apache.hadoop.hdds.server.OzoneProtocolMessageDispatcher.processRequest(OzoneProtocolMessageDispatcher.java:87) [hdds-server-framework-1.3.0-SNAPSHOT.jar:?]
	at org.apache.hadoop.ozone.protocolPB.OzoneManagerProtocolServerSideTranslatorPB.submitRequest(OzoneManagerProtocolServerSideTranslatorPB.java:147) [ozone-manager-1.3.0-SNAPSHOT.jar:?]
	at org.apache.hadoop.ozone.protocol.proto.OzoneManagerProtocolProtos$OzoneManagerService$2.callBlockingMethod(OzoneManagerProtocolProtos.java) [ozone-interface-client-1.3.0-SNAPSHOT.jar:?]
	at org.apache.hadoop.ipc.ProtobufRpcEngine$Server.processCall(ProtobufRpcEngine.java:466) [hadoop-common-3.3.1.jar:?]
	at org.apache.hadoop.ipc.ProtobufRpcEngine2$Server$ProtoBufRpcInvoker.call(ProtobufRpcEngine2.java:574) [hadoop-common-3.3.1.jar:?]
	at org.apache.hadoop.ipc.ProtobufRpcEngine2$Server$ProtoBufRpcInvoker.call(ProtobufRpcEngine2.java:552) [hadoop-common-3.3.1.jar:?]
	at org.apache.hadoop.ipc.RPC$Server.call(RPC.java:1093) [hadoop-common-3.3.1.jar:?]
	at org.apache.hadoop.ipc.Server$RpcCall.run(Server.java:1035) [hadoop-common-3.3.1.jar:?]
	at org.apache.hadoop.ipc.Server$RpcCall.run(Server.java:963) [hadoop-common-3.3.1.jar:?]
	at java.security.AccessController.doPrivileged(Native Method) ~[?:1.8.0_332]
	at javax.security.auth.Subject.doAs(Subject.java:422) [?:1.8.0_332]
	at org.apache.hadoop.security.UserGroupInformation.doAs(UserGroupInformation.java:1878) [hadoop-common-3.3.1.jar:?]
	at org.apache.hadoop.ipc.Server$Handler.run(Server.java:2966) [hadoop-common-3.3.1.jar:?]
13:07:42.347 [IPC Server handler 14 on default port 41441] ERROR OMAudit - user=runner | ip=127.0.0.1 | op=GET_FILE_STATUS {volume=volume07034, bucket=bucket87468, key=testBatchDelete/parent/child2, dataSize=0, replicationConfig=null} | ret=FAILURE
org.apache.hadoop.ozone.om.exceptions.OMException: Unable to get file status: volume: volume07034 bucket: bucket87468 key: testBatchDelete/parent/child2
	at org.apache.hadoop.ozone.om.KeyManagerImpl.getOzoneFileStatus(KeyManagerImpl.java:1283) ~[ozone-manager-1.3.0-SNAPSHOT.jar:?]
	at org.apache.hadoop.ozone.om.KeyManagerImpl.getFileStatus(KeyManagerImpl.java:1213) ~[ozone-manager-1.3.0-SNAPSHOT.jar:?]
	at org.apache.hadoop.ozone.om.OzoneManager.getFileStatus(OzoneManager.java:3419) ~[ozone-manager-1.3.0-SNAPSHOT.jar:?]
	at org.apache.hadoop.ozone.protocolPB.OzoneManagerRequestHandler.getOzoneFileStatus(OzoneManagerRequestHandler.java:871) ~[ozone-manager-1.3.0-SNAPSHOT.jar:?]
	at org.apache.hadoop.ozone.protocolPB.OzoneManagerRequestHandler.handleReadRequest(OzoneManagerRequestHandler.java:217) ~[ozone-manager-1.3.0-SNAPSHOT.jar:?]
	at org.apache.hadoop.ozone.protocolPB.OzoneManagerProtocolServerSideTranslatorPB.submitReadRequestToOM(OzoneManagerProtocolServerSideTranslatorPB.java:225) ~[ozone-manager-1.3.0-SNAPSHOT.jar:?]
	at org.apache.hadoop.ozone.protocolPB.OzoneManagerProtocolServerSideTranslatorPB.processRequest(OzoneManagerProtocolServerSideTranslatorPB.java:175) ~[ozone-manager-1.3.0-SNAPSHOT.jar:?]
	at org.apache.hadoop.hdds.server.OzoneProtocolMessageDispatcher.processRequest(OzoneProtocolMessageDispatcher.java:87) [hdds-server-framework-1.3.0-SNAPSHOT.jar:?]
	at org.apache.hadoop.ozone.protocolPB.OzoneManagerProtocolServerSideTranslatorPB.submitRequest(OzoneManagerProtocolServerSideTranslatorPB.java:147) [ozone-manager-1.3.0-SNAPSHOT.jar:?]
	at org.apache.hadoop.ozone.protocol.proto.OzoneManagerProtocolProtos$OzoneManagerService$2.callBlockingMethod(OzoneManagerProtocolProtos.java) [ozone-interface-client-1.3.0-SNAPSHOT.jar:?]
	at org.apache.hadoop.ipc.ProtobufRpcEngine$Server.processCall(ProtobufRpcEngine.java:466) [hadoop-common-3.3.1.jar:?]
	at org.apache.hadoop.ipc.ProtobufRpcEngine2$Server$ProtoBufRpcInvoker.call(ProtobufRpcEngine2.java:574) [hadoop-common-3.3.1.jar:?]
	at org.apache.hadoop.ipc.ProtobufRpcEngine2$Server$ProtoBufRpcInvoker.call(ProtobufRpcEngine2.java:552) [hadoop-common-3.3.1.jar:?]
	at org.apache.hadoop.ipc.RPC$Server.call(RPC.java:1093) [hadoop-common-3.3.1.jar:?]
	at org.apache.hadoop.ipc.Server$RpcCall.run(Server.java:1035) [hadoop-common-3.3.1.jar:?]
	at org.apache.hadoop.ipc.Server$RpcCall.run(Server.java:963) [hadoop-common-3.3.1.jar:?]
	at java.security.AccessController.doPrivileged(Native Method) ~[?:1.8.0_332]
	at javax.security.auth.Subject.doAs(Subject.java:422) [?:1.8.0_332]
	at org.apache.hadoop.security.UserGroupInformation.doAs(UserGroupInformation.java:1878) [hadoop-common-3.3.1.jar:?]
	at org.apache.hadoop.ipc.Server$Handler.run(Server.java:2966) [hadoop-common-3.3.1.jar:?]
13:07:42.347 [IPC Server handler 17 on default port 41441] ERROR OMAudit - user=runner | ip=127.0.0.1 | op=GET_FILE_STATUS {volume=volume07034, bucket=bucket87468, key=testBatchDelete/parent/childFolder/child2, dataSize=0, replicationConfig=null} | ret=FAILURE
org.apache.hadoop.ozone.om.exceptions.OMException: Unable to get file status: volume: volume07034 bucket: bucket87468 key: testBatchDelete/parent/childFolder/child2
	at org.apache.hadoop.ozone.om.KeyManagerImpl.getOzoneFileStatus(KeyManagerImpl.java:1283) ~[ozone-manager-1.3.0-SNAPSHOT.jar:?]
	at org.apache.hadoop.ozone.om.KeyManagerImpl.getFileStatus(KeyManagerImpl.java:1213) ~[ozone-manager-1.3.0-SNAPSHOT.jar:?]
	at org.apache.hadoop.ozone.om.OzoneManager.getFileStatus(OzoneManager.java:3419) ~[ozone-manager-1.3.0-SNAPSHOT.jar:?]
	at org.apache.hadoop.ozone.protocolPB.OzoneManagerRequestHandler.getOzoneFileStatus(OzoneManagerRequestHandler.java:871) ~[ozone-manager-1.3.0-SNAPSHOT.jar:?]
	at org.apache.hadoop.ozone.protocolPB.OzoneManagerRequestHandler.handleReadRequest(OzoneManagerRequestHandler.java:217) ~[ozone-manager-1.3.0-SNAPSHOT.jar:?]
	at org.apache.hadoop.ozone.protocolPB.OzoneManagerProtocolServerSideTranslatorPB.submitReadRequestToOM(OzoneManagerProtocolServerSideTranslatorPB.java:225) ~[ozone-manager-1.3.0-SNAPSHOT.jar:?]
	at org.apache.hadoop.ozone.protocolPB.OzoneManagerProtocolServerSideTranslatorPB.processRequest(OzoneManagerProtocolServerSideTranslatorPB.java:175) ~[ozone-manager-1.3.0-SNAPSHOT.jar:?]
	at org.apache.hadoop.hdds.server.OzoneProtocolMessageDispatcher.processRequest(OzoneProtocolMessageDispatcher.java:87) [hdds-server-framework-1.3.0-SNAPSHOT.jar:?]
	at org.apache.hadoop.ozone.protocolPB.OzoneManagerProtocolServerSideTranslatorPB.submitRequest(OzoneManagerProtocolServerSideTranslatorPB.java:147) [ozone-manager-1.3.0-SNAPSHOT.jar:?]
	at org.apache.hadoop.ozone.protocol.proto.OzoneManagerProtocolProtos$OzoneManagerService$2.callBlockingMethod(OzoneManagerProtocolProtos.java) [ozone-interface-client-1.3.0-SNAPSHOT.jar:?]
	at org.apache.hadoop.ipc.ProtobufRpcEngine$Server.processCall(ProtobufRpcEngine.java:466) [hadoop-common-3.3.1.jar:?]
	at org.apache.hadoop.ipc.ProtobufRpcEngine2$Server$ProtoBufRpcInvoker.call(ProtobufRpcEngine2.java:574) [hadoop-common-3.3.1.jar:?]
	at org.apache.hadoop.ipc.ProtobufRpcEngine2$Server$ProtoBufRpcInvoker.call(ProtobufRpcEngine2.java:552) [hadoop-common-3.3.1.jar:?]
	at org.apache.hadoop.ipc.RPC$Server.call(RPC.java:1093) [hadoop-common-3.3.1.jar:?]
	at org.apache.hadoop.ipc.Server$RpcCall.run(Server.java:1035) [hadoop-common-3.3.1.jar:?]
	at org.apache.hadoop.ipc.Server$RpcCall.run(Server.java:963) [hadoop-common-3.3.1.jar:?]
	at java.security.AccessController.doPrivileged(Native Method) ~[?:1.8.0_332]
	at javax.security.auth.Subject.doAs(Subject.java:422) [?:1.8.0_332]
	at org.apache.hadoop.security.UserGroupInformation.doAs(UserGroupInformation.java:1878) [hadoop-common-3.3.1.jar:?]
	at org.apache.hadoop.ipc.Server$Handler.run(Server.java:2966) [hadoop-common-3.3.1.jar:?]
13:07:42.348 [IPC Server handler 5 on default port 41441] ERROR OMAudit - user=runner | ip=127.0.0.1 | op=GET_FILE_STATUS {volume=volume07034, bucket=bucket87468, key=testBatchDelete/parent/child3, dataSize=0, replicationConfig=null} | ret=FAILURE
org.apache.hadoop.ozone.om.exceptions.OMException: Unable to get file status: volume: volume07034 bucket: bucket87468 key: testBatchDelete/parent/child3
	at org.apache.hadoop.ozone.om.KeyManagerImpl.getOzoneFileStatus(KeyManagerImpl.java:1283) ~[ozone-manager-1.3.0-SNAPSHOT.jar:?]
	at org.apache.hadoop.ozone.om.KeyManagerImpl.getFileStatus(KeyManagerImpl.java:1213) ~[ozone-manager-1.3.0-SNAPSHOT.jar:?]
	at org.apache.hadoop.ozone.om.OzoneManager.getFileStatus(OzoneManager.java:3419) ~[ozone-manager-1.3.0-SNAPSHOT.jar:?]
	at org.apache.hadoop.ozone.protocolPB.OzoneManagerRequestHandler.getOzoneFileStatus(OzoneManagerRequestHandler.java:871) ~[ozone-manager-1.3.0-SNAPSHOT.jar:?]
	at org.apache.hadoop.ozone.protocolPB.OzoneManagerRequestHandler.handleReadRequest(OzoneManagerRequestHandler.java:217) ~[ozone-manager-1.3.0-SNAPSHOT.jar:?]
	at org.apache.hadoop.ozone.protocolPB.OzoneManagerProtocolServerSideTranslatorPB.submitReadRequestToOM(OzoneManagerProtocolServerSideTranslatorPB.java:225) ~[ozone-manager-1.3.0-SNAPSHOT.jar:?]
	at org.apache.hadoop.ozone.protocolPB.OzoneManagerProtocolServerSideTranslatorPB.processRequest(OzoneManagerProtocolServerSideTranslatorPB.java:175) ~[ozone-manager-1.3.0-SNAPSHOT.jar:?]
	at org.apache.hadoop.hdds.server.OzoneProtocolMessageDispatcher.processRequest(OzoneProtocolMessageDispatcher.java:87) [hdds-server-framework-1.3.0-SNAPSHOT.jar:?]
	at org.apache.hadoop.ozone.protocolPB.OzoneManagerProtocolServerSideTranslatorPB.submitRequest(OzoneManagerProtocolServerSideTranslatorPB.java:147) [ozone-manager-1.3.0-SNAPSHOT.jar:?]
	at org.apache.hadoop.ozone.protocol.proto.OzoneManagerProtocolProtos$OzoneManagerService$2.callBlockingMethod(OzoneManagerProtocolProtos.java) [ozone-interface-client-1.3.0-SNAPSHOT.jar:?]
	at org.apache.hadoop.ipc.ProtobufRpcEngine$Server.processCall(ProtobufRpcEngine.java:466) [hadoop-common-3.3.1.jar:?]
	at org.apache.hadoop.ipc.ProtobufRpcEngine2$Server$ProtoBufRpcInvoker.call(ProtobufRpcEngine2.java:574) [hadoop-common-3.3.1.jar:?]
	at org.apache.hadoop.ipc.ProtobufRpcEngine2$Server$ProtoBufRpcInvoker.call(ProtobufRpcEngine2.java:552) [hadoop-common-3.3.1.jar:?]
	at org.apache.hadoop.ipc.RPC$Server.call(RPC.java:1093) [hadoop-common-3.3.1.jar:?]
	at org.apache.hadoop.ipc.Server$RpcCall.run(Server.java:1035) [hadoop-common-3.3.1.jar:?]
	at org.apache.hadoop.ipc.Server$RpcCall.run(Server.java:963) [hadoop-common-3.3.1.jar:?]
	at java.security.AccessController.doPrivileged(Native Method) ~[?:1.8.0_332]
	at javax.security.auth.Subject.doAs(Subject.java:422) [?:1.8.0_332]
	at org.apache.hadoop.security.UserGroupInformation.doAs(UserGroupInformation.java:1878) [hadoop-common-3.3.1.jar:?]
	at org.apache.hadoop.ipc.Server$Handler.run(Server.java:2966) [hadoop-common-3.3.1.jar:?]
13:07:42.350 [IPC Server handler 8 on default port 41441] ERROR OMAudit - user=runner | ip=127.0.0.1 | op=GET_FILE_STATUS {volume=volume07034, bucket=bucket87468, key=testBatchDelete/parent/childFolder/child3, dataSize=0, replicationConfig=null} | ret=FAILURE
org.apache.hadoop.ozone.om.exceptions.OMException: Unable to get file status: volume: volume07034 bucket: bucket87468 key: testBatchDelete/parent/childFolder/child3
	at org.apache.hadoop.ozone.om.KeyManagerImpl.getOzoneFileStatus(KeyManagerImpl.java:1283) ~[ozone-manager-1.3.0-SNAPSHOT.jar:?]
	at org.apache.hadoop.ozone.om.KeyManagerImpl.getFileStatus(KeyManagerImpl.java:1213) ~[ozone-manager-1.3.0-SNAPSHOT.jar:?]
	at org.apache.hadoop.ozone.om.OzoneManager.getFileStatus(OzoneManager.java:3419) ~[ozone-manager-1.3.0-SNAPSHOT.jar:?]
	at org.apache.hadoop.ozone.protocolPB.OzoneManagerRequestHandler.getOzoneFileStatus(OzoneManagerRequestHandler.java:871) ~[ozone-manager-1.3.0-SNAPSHOT.jar:?]
	at org.apache.hadoop.ozone.protocolPB.OzoneManagerRequestHandler.handleReadRequest(OzoneManagerRequestHandler.java:217) ~[ozone-manager-1.3.0-SNAPSHOT.jar:?]
	at org.apache.hadoop.ozone.protocolPB.OzoneManagerProtocolServerSideTranslatorPB.submitReadRequestToOM(OzoneManagerProtocolServerSideTranslatorPB.java:225) ~[ozone-manager-1.3.0-SNAPSHOT.jar:?]
	at org.apache.hadoop.ozone.protocolPB.OzoneManagerProtocolServerSideTranslatorPB.processRequest(OzoneManagerProtocolServerSideTranslatorPB.java:175) ~[ozone-manager-1.3.0-SNAPSHOT.jar:?]
	at org.apache.hadoop.hdds.server.OzoneProtocolMessageDispatcher.processRequest(OzoneProtocolMessageDispatcher.java:87) [hdds-server-framework-1.3.0-SNAPSHOT.jar:?]
	at org.apache.hadoop.ozone.protocolPB.OzoneManagerProtocolServerSideTranslatorPB.submitRequest(OzoneManagerProtocolServerSideTranslatorPB.java:147) [ozone-manager-1.3.0-SNAPSHOT.jar:?]
	at org.apache.hadoop.ozone.protocol.proto.OzoneManagerProtocolProtos$OzoneManagerService$2.callBlockingMethod(OzoneManagerProtocolProtos.java) [ozone-interface-client-1.3.0-SNAPSHOT.jar:?]
	at org.apache.hadoop.ipc.ProtobufRpcEngine$Server.processCall(ProtobufRpcEngine.java:466) [hadoop-common-3.3.1.jar:?]
	at org.apache.hadoop.ipc.ProtobufRpcEngine2$Server$ProtoBufRpcInvoker.call(ProtobufRpcEngine2.java:574) [hadoop-common-3.3.1.jar:?]
	at org.apache.hadoop.ipc.ProtobufRpcEngine2$Server$ProtoBufRpcInvoker.call(ProtobufRpcEngine2.java:552) [hadoop-common-3.3.1.jar:?]
	at org.apache.hadoop.ipc.RPC$Server.call(RPC.java:1093) [hadoop-common-3.3.1.jar:?]
	at org.apache.hadoop.ipc.Server$RpcCall.run(Server.java:1035) [hadoop-common-3.3.1.jar:?]
	at org.apache.hadoop.ipc.Server$RpcCall.run(Server.java:963) [hadoop-common-3.3.1.jar:?]
	at java.security.AccessController.doPrivileged(Native Method) ~[?:1.8.0_332]
	at javax.security.auth.Subject.doAs(Subject.java:422) [?:1.8.0_332]
	at org.apache.hadoop.security.UserGroupInformation.doAs(UserGroupInformation.java:1878) [hadoop-common-3.3.1.jar:?]
	at org.apache.hadoop.ipc.Server$Handler.run(Server.java:2966) [hadoop-common-3.3.1.jar:?]
13:07:42.351 [IPC Server handler 9 on default port 41441] ERROR OMAudit - user=runner | ip=127.0.0.1 | op=GET_FILE_STATUS {volume=volume07034, bucket=bucket87468, key=testBatchDelete/parent/child4, dataSize=0, replicationConfig=null} | ret=FAILURE
org.apache.hadoop.ozone.om.exceptions.OMException: Unable to get file status: volume: volume07034 bucket: bucket87468 key: testBatchDelete/parent/child4
	at org.apache.hadoop.ozone.om.KeyManagerImpl.getOzoneFileStatus(KeyManagerImpl.java:1283) ~[ozone-manager-1.3.0-SNAPSHOT.jar:?]
	at org.apache.hadoop.ozone.om.KeyManagerImpl.getFileStatus(KeyManagerImpl.java:1213) ~[ozone-manager-1.3.0-SNAPSHOT.jar:?]
	at org.apache.hadoop.ozone.om.OzoneManager.getFileStatus(OzoneManager.java:3419) ~[ozone-manager-1.3.0-SNAPSHOT.jar:?]
	at org.apache.hadoop.ozone.protocolPB.OzoneManagerRequestHandler.getOzoneFileStatus(OzoneManagerRequestHandler.java:871) ~[ozone-manager-1.3.0-SNAPSHOT.jar:?]
	at org.apache.hadoop.ozone.protocolPB.OzoneManagerRequestHandler.handleReadRequest(OzoneManagerRequestHandler.java:217) ~[ozone-manager-1.3.0-SNAPSHOT.jar:?]
	at org.apache.hadoop.ozone.protocolPB.OzoneManagerProtocolServerSideTranslatorPB.submitReadRequestToOM(OzoneManagerProtocolServerSideTranslatorPB.java:225) ~[ozone-manager-1.3.0-SNAPSHOT.jar:?]
	at org.apache.hadoop.ozone.protocolPB.OzoneManagerProtocolServerSideTranslatorPB.processRequest(OzoneManagerProtocolServerSideTranslatorPB.java:175) ~[ozone-manager-1.3.0-SNAPSHOT.jar:?]
	at org.apache.hadoop.hdds.server.OzoneProtocolMessageDispatcher.processRequest(OzoneProtocolMessageDispatcher.java:87) [hdds-server-framework-1.3.0-SNAPSHOT.jar:?]
	at org.apache.hadoop.ozone.protocolPB.OzoneManagerProtocolServerSideTranslatorPB.submitRequest(OzoneManagerProtocolServerSideTranslatorPB.java:147) [ozone-manager-1.3.0-SNAPSHOT.jar:?]
	at org.apache.hadoop.ozone.protocol.proto.OzoneManagerProtocolProtos$OzoneManagerService$2.callBlockingMethod(OzoneManagerProtocolProtos.java) [ozone-interface-client-1.3.0-SNAPSHOT.jar:?]
	at org.apache.hadoop.ipc.ProtobufRpcEngine$Server.processCall(ProtobufRpcEngine.java:466) [hadoop-common-3.3.1.jar:?]
	at org.apache.hadoop.ipc.ProtobufRpcEngine2$Server$ProtoBufRpcInvoker.call(ProtobufRpcEngine2.java:574) [hadoop-common-3.3.1.jar:?]
	at org.apache.hadoop.ipc.ProtobufRpcEngine2$Server$ProtoBufRpcInvoker.call(ProtobufRpcEngine2.java:552) [hadoop-common-3.3.1.jar:?]
	at org.apache.hadoop.ipc.RPC$Server.call(RPC.java:1093) [hadoop-common-3.3.1.jar:?]
	at org.apache.hadoop.ipc.Server$RpcCall.run(Server.java:1035) [hadoop-common-3.3.1.jar:?]
	at org.apache.hadoop.ipc.Server$RpcCall.run(Server.java:963) [hadoop-common-3.3.1.jar:?]
	at java.security.AccessController.doPrivileged(Native Method) ~[?:1.8.0_332]
	at javax.security.auth.Subject.doAs(Subject.java:422) [?:1.8.0_332]
	at org.apache.hadoop.security.UserGroupInformation.doAs(UserGroupInformation.java:1878) [hadoop-common-3.3.1.jar:?]
	at org.apache.hadoop.ipc.Server$Handler.run(Server.java:2966) [hadoop-common-3.3.1.jar:?]
13:07:42.353 [IPC Server handler 11 on default port 41441] ERROR OMAudit - user=runner | ip=127.0.0.1 | op=GET_FILE_STATUS {volume=volume07034, bucket=bucket87468, key=testBatchDelete/parent/childFolder/child4, dataSize=0, replicationConfig=null} | ret=FAILURE
org.apache.hadoop.ozone.om.exceptions.OMException: Unable to get file status: volume: volume07034 bucket: bucket87468 key: testBatchDelete/parent/childFolder/child4
	at org.apache.hadoop.ozone.om.KeyManagerImpl.getOzoneFileStatus(KeyManagerImpl.java:1283) ~[ozone-manager-1.3.0-SNAPSHOT.jar:?]
	at org.apache.hadoop.ozone.om.KeyManagerImpl.getFileStatus(KeyManagerImpl.java:1213) ~[ozone-manager-1.3.0-SNAPSHOT.jar:?]
	at org.apache.hadoop.ozone.om.OzoneManager.getFileStatus(OzoneManager.java:3419) ~[ozone-manager-1.3.0-SNAPSHOT.jar:?]
	at org.apache.hadoop.ozone.protocolPB.OzoneManagerRequestHandler.getOzoneFileStatus(OzoneManagerRequestHandler.java:871) ~[ozone-manager-1.3.0-SNAPSHOT.jar:?]
	at org.apache.hadoop.ozone.protocolPB.OzoneManagerRequestHandler.handleReadRequest(OzoneManagerRequestHandler.java:217) ~[ozone-manager-1.3.0-SNAPSHOT.jar:?]
	at org.apache.hadoop.ozone.protocolPB.OzoneManagerProtocolServerSideTranslatorPB.submitReadRequestToOM(OzoneManagerProtocolServerSideTranslatorPB.java:225) ~[ozone-manager-1.3.0-SNAPSHOT.jar:?]
	at org.apache.hadoop.ozone.protocolPB.OzoneManagerProtocolServerSideTranslatorPB.processRequest(OzoneManagerProtocolServerSideTranslatorPB.java:175) ~[ozone-manager-1.3.0-SNAPSHOT.jar:?]
	at org.apache.hadoop.hdds.server.OzoneProtocolMessageDispatcher.processRequest(OzoneProtocolMessageDispatcher.java:87) [hdds-server-framework-1.3.0-SNAPSHOT.jar:?]
	at org.apache.hadoop.ozone.protocolPB.OzoneManagerProtocolServerSideTranslatorPB.submitRequest(OzoneManagerProtocolServerSideTranslatorPB.java:147) [ozone-manager-1.3.0-SNAPSHOT.jar:?]
	at org.apache.hadoop.ozone.protocol.proto.OzoneManagerProtocolProtos$OzoneManagerService$2.callBlockingMethod(OzoneManagerProtocolProtos.java) [ozone-interface-client-1.3.0-SNAPSHOT.jar:?]
	at org.apache.hadoop.ipc.ProtobufRpcEngine$Server.processCall(ProtobufRpcEngine.java:466) [hadoop-common-3.3.1.jar:?]
	at org.apache.hadoop.ipc.ProtobufRpcEngine2$Server$ProtoBufRpcInvoker.call(ProtobufRpcEngine2.java:574) [hadoop-common-3.3.1.jar:?]
	at org.apache.hadoop.ipc.ProtobufRpcEngine2$Server$ProtoBufRpcInvoker.call(ProtobufRpcEngine2.java:552) [hadoop-common-3.3.1.jar:?]
	at org.apache.hadoop.ipc.RPC$Server.call(RPC.java:1093) [hadoop-common-3.3.1.jar:?]
	at org.apache.hadoop.ipc.Server$RpcCall.run(Server.java:1035) [hadoop-common-3.3.1.jar:?]
	at org.apache.hadoop.ipc.Server$RpcCall.run(Server.java:963) [hadoop-common-3.3.1.jar:?]
	at java.security.AccessController.doPrivileged(Native Method) ~[?:1.8.0_332]
	at javax.security.auth.Subject.doAs(Subject.java:422) [?:1.8.0_332]
	at org.apache.hadoop.security.UserGroupInformation.doAs(UserGroupInformation.java:1878) [hadoop-common-3.3.1.jar:?]
	at org.apache.hadoop.ipc.Server$Handler.run(Server.java:2966) [hadoop-common-3.3.1.jar:?]
13:07:42.355 [IPC Server handler 6 on default port 41441] ERROR OMAudit - user=runner | ip=127.0.0.1 | op=GET_FILE_STATUS {volume=volume07034, bucket=bucket87468, key=testBatchDelete/parent/child5, dataSize=0, replicationConfig=null} | ret=FAILURE
org.apache.hadoop.ozone.om.exceptions.OMException: Unable to get file status: volume: volume07034 bucket: bucket87468 key: testBatchDelete/parent/child5
	at org.apache.hadoop.ozone.om.KeyManagerImpl.getOzoneFileStatus(KeyManagerImpl.java:1283) ~[ozone-manager-1.3.0-SNAPSHOT.jar:?]
	at org.apache.hadoop.ozone.om.KeyManagerImpl.getFileStatus(KeyManagerImpl.java:1213) ~[ozone-manager-1.3.0-SNAPSHOT.jar:?]
	at org.apache.hadoop.ozone.om.OzoneManager.getFileStatus(OzoneManager.java:3419) ~[ozone-manager-1.3.0-SNAPSHOT.jar:?]
	at org.apache.hadoop.ozone.protocolPB.OzoneManagerRequestHandler.getOzoneFileStatus(OzoneManagerRequestHandler.java:871) ~[ozone-manager-1.3.0-SNAPSHOT.jar:?]
	at org.apache.hadoop.ozone.protocolPB.OzoneManagerRequestHandler.handleReadRequest(OzoneManagerRequestHandler.java:217) ~[ozone-manager-1.3.0-SNAPSHOT.jar:?]
	at org.apache.hadoop.ozone.protocolPB.OzoneManagerProtocolServerSideTranslatorPB.submitReadRequestToOM(OzoneManagerProtocolServerSideTranslatorPB.java:225) ~[ozone-manager-1.3.0-SNAPSHOT.jar:?]
	at org.apache.hadoop.ozone.protocolPB.OzoneManagerProtocolServerSideTranslatorPB.processRequest(OzoneManagerProtocolServerSideTranslatorPB.java:175) ~[ozone-manager-1.3.0-SNAPSHOT.jar:?]
	at org.apache.hadoop.hdds.server.OzoneProtocolMessageDispatcher.processRequest(OzoneProtocolMessageDispatcher.java:87) [hdds-server-framework-1.3.0-SNAPSHOT.jar:?]
	at org.apache.hadoop.ozone.protocolPB.OzoneManagerProtocolServerSideTranslatorPB.submitRequest(OzoneManagerProtocolServerSideTranslatorPB.java:147) [ozone-manager-1.3.0-SNAPSHOT.jar:?]
	at org.apache.hadoop.ozone.protocol.proto.OzoneManagerProtocolProtos$OzoneManagerService$2.callBlockingMethod(OzoneManagerProtocolProtos.java) [ozone-interface-client-1.3.0-SNAPSHOT.jar:?]
	at org.apache.hadoop.ipc.ProtobufRpcEngine$Server.processCall(ProtobufRpcEngine.java:466) [hadoop-common-3.3.1.jar:?]
	at org.apache.hadoop.ipc.ProtobufRpcEngine2$Server$ProtoBufRpcInvoker.call(ProtobufRpcEngine2.java:574) [hadoop-common-3.3.1.jar:?]
	at org.apache.hadoop.ipc.ProtobufRpcEngine2$Server$ProtoBufRpcInvoker.call(ProtobufRpcEngine2.java:552) [hadoop-common-3.3.1.jar:?]
	at org.apache.hadoop.ipc.RPC$Server.call(RPC.java:1093) [hadoop-common-3.3.1.jar:?]
	at org.apache.hadoop.ipc.Server$RpcCall.run(Server.java:1035) [hadoop-common-3.3.1.jar:?]
	at org.apache.hadoop.ipc.Server$RpcCall.run(Server.java:963) [hadoop-common-3.3.1.jar:?]
	at java.security.AccessController.doPrivileged(Native Method) ~[?:1.8.0_332]
	at javax.security.auth.Subject.doAs(Subject.java:422) [?:1.8.0_332]
	at org.apache.hadoop.security.UserGroupInformation.doAs(UserGroupInformation.java:1878) [hadoop-common-3.3.1.jar:?]
	at org.apache.hadoop.ipc.Server$Handler.run(Server.java:2966) [hadoop-common-3.3.1.jar:?]
13:07:42.356 [IPC Server handler 4 on default port 41441] ERROR OMAudit - user=runner | ip=127.0.0.1 | op=GET_FILE_STATUS {volume=volume07034, bucket=bucket87468, key=testBatchDelete/parent/childFolder/child5, dataSize=0, replicationConfig=null} | ret=FAILURE
org.apache.hadoop.ozone.om.exceptions.OMException: Unable to get file status: volume: volume07034 bucket: bucket87468 key: testBatchDelete/parent/childFolder/child5
	at org.apache.hadoop.ozone.om.KeyManagerImpl.getOzoneFileStatus(KeyManagerImpl.java:1283) ~[ozone-manager-1.3.0-SNAPSHOT.jar:?]
	at org.apache.hadoop.ozone.om.KeyManagerImpl.getFileStatus(KeyManagerImpl.java:1213) ~[ozone-manager-1.3.0-SNAPSHOT.jar:?]
	at org.apache.hadoop.ozone.om.OzoneManager.getFileStatus(OzoneManager.java:3419) ~[ozone-manager-1.3.0-SNAPSHOT.jar:?]
	at org.apache.hadoop.ozone.protocolPB.OzoneManagerRequestHandler.getOzoneFileStatus(OzoneManagerRequestHandler.java:871) ~[ozone-manager-1.3.0-SNAPSHOT.jar:?]
	at org.apache.hadoop.ozone.protocolPB.OzoneManagerRequestHandler.handleReadRequest(OzoneManagerRequestHandler.java:217) ~[ozone-manager-1.3.0-SNAPSHOT.jar:?]
	at org.apache.hadoop.ozone.protocolPB.OzoneManagerProtocolServerSideTranslatorPB.submitReadRequestToOM(OzoneManagerProtocolServerSideTranslatorPB.java:225) ~[ozone-manager-1.3.0-SNAPSHOT.jar:?]
	at org.apache.hadoop.ozone.protocolPB.OzoneManagerProtocolServerSideTranslatorPB.processRequest(OzoneManagerProtocolServerSideTranslatorPB.java:175) ~[ozone-manager-1.3.0-SNAPSHOT.jar:?]
	at org.apache.hadoop.hdds.server.OzoneProtocolMessageDispatcher.processRequest(OzoneProtocolMessageDispatcher.java:87) [hdds-server-framework-1.3.0-SNAPSHOT.jar:?]
	at org.apache.hadoop.ozone.protocolPB.OzoneManagerProtocolServerSideTranslatorPB.submitRequest(OzoneManagerProtocolServerSideTranslatorPB.java:147) [ozone-manager-1.3.0-SNAPSHOT.jar:?]
	at org.apache.hadoop.ozone.protocol.proto.OzoneManagerProtocolProtos$OzoneManagerService$2.callBlockingMethod(OzoneManagerProtocolProtos.java) [ozone-interface-client-1.3.0-SNAPSHOT.jar:?]
	at org.apache.hadoop.ipc.ProtobufRpcEngine$Server.processCall(ProtobufRpcEngine.java:466) [hadoop-common-3.3.1.jar:?]
	at org.apache.hadoop.ipc.ProtobufRpcEngine2$Server$ProtoBufRpcInvoker.call(ProtobufRpcEngine2.java:574) [hadoop-common-3.3.1.jar:?]
	at org.apache.hadoop.ipc.ProtobufRpcEngine2$Server$ProtoBufRpcInvoker.call(ProtobufRpcEngine2.java:552) [hadoop-common-3.3.1.jar:?]
	at org.apache.hadoop.ipc.RPC$Server.call(RPC.java:1093) [hadoop-common-3.3.1.jar:?]
	at org.apache.hadoop.ipc.Server$RpcCall.run(Server.java:1035) [hadoop-common-3.3.1.jar:?]
	at org.apache.hadoop.ipc.Server$RpcCall.run(Server.java:963) [hadoop-common-3.3.1.jar:?]
	at java.security.AccessController.doPrivileged(Native Method) ~[?:1.8.0_332]
	at javax.security.auth.Subject.doAs(Subject.java:422) [?:1.8.0_332]
	at org.apache.hadoop.security.UserGroupInformation.doAs(UserGroupInformation.java:1878) [hadoop-common-3.3.1.jar:?]
	at org.apache.hadoop.ipc.Server$Handler.run(Server.java:2966) [hadoop-common-3.3.1.jar:?]
13:07:42.357 [IPC Server handler 10 on default port 41441] ERROR OMAudit - user=runner | ip=127.0.0.1 | op=GET_FILE_STATUS {volume=volume07034, bucket=bucket87468, key=testBatchDelete/parent/child6, dataSize=0, replicationConfig=null} | ret=FAILURE
org.apache.hadoop.ozone.om.exceptions.OMException: Unable to get file status: volume: volume07034 bucket: bucket87468 key: testBatchDelete/parent/child6
	at org.apache.hadoop.ozone.om.KeyManagerImpl.getOzoneFileStatus(KeyManagerImpl.java:1283) ~[ozone-manager-1.3.0-SNAPSHOT.jar:?]
	at org.apache.hadoop.ozone.om.KeyManagerImpl.getFileStatus(KeyManagerImpl.java:1213) ~[ozone-manager-1.3.0-SNAPSHOT.jar:?]
	at org.apache.hadoop.ozone.om.OzoneManager.getFileStatus(OzoneManager.java:3419) ~[ozone-manager-1.3.0-SNAPSHOT.jar:?]
	at org.apache.hadoop.ozone.protocolPB.OzoneManagerRequestHandler.getOzoneFileStatus(OzoneManagerRequestHandler.java:871) ~[ozone-manager-1.3.0-SNAPSHOT.jar:?]
	at org.apache.hadoop.ozone.protocolPB.OzoneManagerRequestHandler.handleReadRequest(OzoneManagerRequestHandler.java:217) ~[ozone-manager-1.3.0-SNAPSHOT.jar:?]
	at org.apache.hadoop.ozone.protocolPB.OzoneManagerProtocolServerSideTranslatorPB.submitReadRequestToOM(OzoneManagerProtocolServerSideTranslatorPB.java:225) ~[ozone-manager-1.3.0-SNAPSHOT.jar:?]
	at org.apache.hadoop.ozone.protocolPB.OzoneManagerProtocolServerSideTranslatorPB.processRequest(OzoneManagerProtocolServerSideTranslatorPB.java:175) ~[ozone-manager-1.3.0-SNAPSHOT.jar:?]
	at org.apache.hadoop.hdds.server.OzoneProtocolMessageDispatcher.processRequest(OzoneProtocolMessageDispatcher.java:87) [hdds-server-framework-1.3.0-SNAPSHOT.jar:?]
	at org.apache.hadoop.ozone.protocolPB.OzoneManagerProtocolServerSideTranslatorPB.submitRequest(OzoneManagerProtocolServerSideTranslatorPB.java:147) [ozone-manager-1.3.0-SNAPSHOT.jar:?]
	at org.apache.hadoop.ozone.protocol.proto.OzoneManagerProtocolProtos$OzoneManagerService$2.callBlockingMethod(OzoneManagerProtocolProtos.java) [ozone-interface-client-1.3.0-SNAPSHOT.jar:?]
	at org.apache.hadoop.ipc.ProtobufRpcEngine$Server.processCall(ProtobufRpcEngine.java:466) [hadoop-common-3.3.1.jar:?]
	at org.apache.hadoop.ipc.ProtobufRpcEngine2$Server$ProtoBufRpcInvoker.call(ProtobufRpcEngine2.java:574) [hadoop-common-3.3.1.jar:?]
	at org.apache.hadoop.ipc.ProtobufRpcEngine2$Server$ProtoBufRpcInvoker.call(ProtobufRpcEngine2.java:552) [hadoop-common-3.3.1.jar:?]
	at org.apache.hadoop.ipc.RPC$Server.call(RPC.java:1093) [hadoop-common-3.3.1.jar:?]
	at org.apache.hadoop.ipc.Server$RpcCall.run(Server.java:1035) [hadoop-common-3.3.1.jar:?]
	at org.apache.hadoop.ipc.Server$RpcCall.run(Server.java:963) [hadoop-common-3.3.1.jar:?]
	at java.security.AccessController.doPrivileged(Native Method) ~[?:1.8.0_332]
	at javax.security.auth.Subject.doAs(Subject.java:422) [?:1.8.0_332]
	at org.apache.hadoop.security.UserGroupInformation.doAs(UserGroupInformation.java:1878) [hadoop-common-3.3.1.jar:?]
	at org.apache.hadoop.ipc.Server$Handler.run(Server.java:2966) [hadoop-common-3.3.1.jar:?]
13:07:42.361 [IPC Server handler 3 on default port 41441] ERROR OMAudit - user=runner | ip=127.0.0.1 | op=GET_FILE_STATUS {volume=volume07034, bucket=bucket87468, key=testBatchDelete/parent/childFolder/child6, dataSize=0, replicationConfig=null} | ret=FAILURE
org.apache.hadoop.ozone.om.exceptions.OMException: Unable to get file status: volume: volume07034 bucket: bucket87468 key: testBatchDelete/parent/childFolder/child6
	at org.apache.hadoop.ozone.om.KeyManagerImpl.getOzoneFileStatus(KeyManagerImpl.java:1283) ~[ozone-manager-1.3.0-SNAPSHOT.jar:?]
	at org.apache.hadoop.ozone.om.KeyManagerImpl.getFileStatus(KeyManagerImpl.java:1213) ~[ozone-manager-1.3.0-SNAPSHOT.jar:?]
	at org.apache.hadoop.ozone.om.OzoneManager.getFileStatus(OzoneManager.java:3419) ~[ozone-manager-1.3.0-SNAPSHOT.jar:?]
	at org.apache.hadoop.ozone.protocolPB.OzoneManagerRequestHandler.getOzoneFileStatus(OzoneManagerRequestHandler.java:871) ~[ozone-manager-1.3.0-SNAPSHOT.jar:?]
	at org.apache.hadoop.ozone.protocolPB.OzoneManagerRequestHandler.handleReadRequest(OzoneManagerRequestHandler.java:217) ~[ozone-manager-1.3.0-SNAPSHOT.jar:?]
	at org.apache.hadoop.ozone.protocolPB.OzoneManagerProtocolServerSideTranslatorPB.submitReadRequestToOM(OzoneManagerProtocolServerSideTranslatorPB.java:225) ~[ozone-manager-1.3.0-SNAPSHOT.jar:?]
	at org.apache.hadoop.ozone.protocolPB.OzoneManagerProtocolServerSideTranslatorPB.processRequest(OzoneManagerProtocolServerSideTranslatorPB.java:175) ~[ozone-manager-1.3.0-SNAPSHOT.jar:?]
	at org.apache.hadoop.hdds.server.OzoneProtocolMessageDispatcher.processRequest(OzoneProtocolMessageDispatcher.java:87) [hdds-server-framework-1.3.0-SNAPSHOT.jar:?]
	at org.apache.hadoop.ozone.protocolPB.OzoneManagerProtocolServerSideTranslatorPB.submitRequest(OzoneManagerProtocolServerSideTranslatorPB.java:147) [ozone-manager-1.3.0-SNAPSHOT.jar:?]
	at org.apache.hadoop.ozone.protocol.proto.OzoneManagerProtocolProtos$OzoneManagerService$2.callBlockingMethod(OzoneManagerProtocolProtos.java) [ozone-interface-client-1.3.0-SNAPSHOT.jar:?]
	at org.apache.hadoop.ipc.ProtobufRpcEngine$Server.processCall(ProtobufRpcEngine.java:466) [hadoop-common-3.3.1.jar:?]
	at org.apache.hadoop.ipc.ProtobufRpcEngine2$Server$ProtoBufRpcInvoker.call(ProtobufRpcEngine2.java:574) [hadoop-common-3.3.1.jar:?]
	at org.apache.hadoop.ipc.ProtobufRpcEngine2$Server$ProtoBufRpcInvoker.call(ProtobufRpcEngine2.java:552) [hadoop-common-3.3.1.jar:?]
	at org.apache.hadoop.ipc.RPC$Server.call(RPC.java:1093) [hadoop-common-3.3.1.jar:?]
	at org.apache.hadoop.ipc.Server$RpcCall.run(Server.java:1035) [hadoop-common-3.3.1.jar:?]
	at org.apache.hadoop.ipc.Server$RpcCall.run(Server.java:963) [hadoop-common-3.3.1.jar:?]
	at java.security.AccessController.doPrivileged(Native Method) ~[?:1.8.0_332]
	at javax.security.auth.Subject.doAs(Subject.java:422) [?:1.8.0_332]
	at org.apache.hadoop.security.UserGroupInformation.doAs(UserGroupInformation.java:1878) [hadoop-common-3.3.1.jar:?]
	at org.apache.hadoop.ipc.Server$Handler.run(Server.java:2966) [hadoop-common-3.3.1.jar:?]
13:07:42.364 [IPC Server handler 15 on default port 41441] ERROR OMAudit - user=runner | ip=127.0.0.1 | op=GET_FILE_STATUS {volume=volume07034, bucket=bucket87468, key=testBatchDelete/parent/child7, dataSize=0, replicationConfig=null} | ret=FAILURE
org.apache.hadoop.ozone.om.exceptions.OMException: Unable to get file status: volume: volume07034 bucket: bucket87468 key: testBatchDelete/parent/child7
	at org.apache.hadoop.ozone.om.KeyManagerImpl.getOzoneFileStatus(KeyManagerImpl.java:1283) ~[ozone-manager-1.3.0-SNAPSHOT.jar:?]
	at org.apache.hadoop.ozone.om.KeyManagerImpl.getFileStatus(KeyManagerImpl.java:1213) ~[ozone-manager-1.3.0-SNAPSHOT.jar:?]
	at org.apache.hadoop.ozone.om.OzoneManager.getFileStatus(OzoneManager.java:3419) ~[ozone-manager-1.3.0-SNAPSHOT.jar:?]
	at org.apache.hadoop.ozone.protocolPB.OzoneManagerRequestHandler.getOzoneFileStatus(OzoneManagerRequestHandler.java:871) ~[ozone-manager-1.3.0-SNAPSHOT.jar:?]
	at org.apache.hadoop.ozone.protocolPB.OzoneManagerRequestHandler.handleReadRequest(OzoneManagerRequestHandler.java:217) ~[ozone-manager-1.3.0-SNAPSHOT.jar:?]
	at org.apache.hadoop.ozone.protocolPB.OzoneManagerProtocolServerSideTranslatorPB.submitReadRequestToOM(OzoneManagerProtocolServerSideTranslatorPB.java:225) ~[ozone-manager-1.3.0-SNAPSHOT.jar:?]
	at org.apache.hadoop.ozone.protocolPB.OzoneManagerProtocolServerSideTranslatorPB.processRequest(OzoneManagerProtocolServerSideTranslatorPB.java:175) ~[ozone-manager-1.3.0-SNAPSHOT.jar:?]
	at org.apache.hadoop.hdds.server.OzoneProtocolMessageDispatcher.processRequest(OzoneProtocolMessageDispatcher.java:87) [hdds-server-framework-1.3.0-SNAPSHOT.jar:?]
	at org.apache.hadoop.ozone.protocolPB.OzoneManagerProtocolServerSideTranslatorPB.submitRequest(OzoneManagerProtocolServerSideTranslatorPB.java:147) [ozone-manager-1.3.0-SNAPSHOT.jar:?]
	at org.apache.hadoop.ozone.protocol.proto.OzoneManagerProtocolProtos$OzoneManagerService$2.callBlockingMethod(OzoneManagerProtocolProtos.java) [ozone-interface-client-1.3.0-SNAPSHOT.jar:?]
	at org.apache.hadoop.ipc.ProtobufRpcEngine$Server.processCall(ProtobufRpcEngine.java:466) [hadoop-common-3.3.1.jar:?]
	at org.apache.hadoop.ipc.ProtobufRpcEngine2$Server$ProtoBufRpcInvoker.call(ProtobufRpcEngine2.java:574) [hadoop-common-3.3.1.jar:?]
	at org.apache.hadoop.ipc.ProtobufRpcEngine2$Server$ProtoBufRpcInvoker.call(ProtobufRpcEngine2.java:552) [hadoop-common-3.3.1.jar:?]
	at org.apache.hadoop.ipc.RPC$Server.call(RPC.java:1093) [hadoop-common-3.3.1.jar:?]
	at org.apache.hadoop.ipc.Server$RpcCall.run(Server.java:1035) [hadoop-common-3.3.1.jar:?]
	at org.apache.hadoop.ipc.Server$RpcCall.run(Server.java:963) [hadoop-common-3.3.1.jar:?]
	at java.security.AccessController.doPrivileged(Native Method) ~[?:1.8.0_332]
	at javax.security.auth.Subject.doAs(Subject.java:422) [?:1.8.0_332]
	at org.apache.hadoop.security.UserGroupInformation.doAs(UserGroupInformation.java:1878) [hadoop-common-3.3.1.jar:?]
	at org.apache.hadoop.ipc.Server$Handler.run(Server.java:2966) [hadoop-common-3.3.1.jar:?]
13:07:42.366 [IPC Server handler 12 on default port 41441] ERROR OMAudit - user=runner | ip=127.0.0.1 | op=GET_FILE_STATUS {volume=volume07034, bucket=bucket87468, key=testBatchDelete/parent/childFolder/child7, dataSize=0, replicationConfig=null} | ret=FAILURE
org.apache.hadoop.ozone.om.exceptions.OMException: Unable to get file status: volume: volume07034 bucket: bucket87468 key: testBatchDelete/parent/childFolder/child7
	at org.apache.hadoop.ozone.om.KeyManagerImpl.getOzoneFileStatus(KeyManagerImpl.java:1283) ~[ozone-manager-1.3.0-SNAPSHOT.jar:?]
	at org.apache.hadoop.ozone.om.KeyManagerImpl.getFileStatus(KeyManagerImpl.java:1213) ~[ozone-manager-1.3.0-SNAPSHOT.jar:?]
	at org.apache.hadoop.ozone.om.OzoneManager.getFileStatus(OzoneManager.java:3419) ~[ozone-manager-1.3.0-SNAPSHOT.jar:?]
	at org.apache.hadoop.ozone.protocolPB.OzoneManagerRequestHandler.getOzoneFileStatus(OzoneManagerRequestHandler.java:871) ~[ozone-manager-1.3.0-SNAPSHOT.jar:?]
	at org.apache.hadoop.ozone.protocolPB.OzoneManagerRequestHandler.handleReadRequest(OzoneManagerRequestHandler.java:217) ~[ozone-manager-1.3.0-SNAPSHOT.jar:?]
	at org.apache.hadoop.ozone.protocolPB.OzoneManagerProtocolServerSideTranslatorPB.submitReadRequestToOM(OzoneManagerProtocolServerSideTranslatorPB.java:225) ~[ozone-manager-1.3.0-SNAPSHOT.jar:?]
	at org.apache.hadoop.ozone.protocolPB.OzoneManagerProtocolServerSideTranslatorPB.processRequest(OzoneManagerProtocolServerSideTranslatorPB.java:175) ~[ozone-manager-1.3.0-SNAPSHOT.jar:?]
	at org.apache.hadoop.hdds.server.OzoneProtocolMessageDispatcher.processRequest(OzoneProtocolMessageDispatcher.java:87) [hdds-server-framework-1.3.0-SNAPSHOT.jar:?]
	at org.apache.hadoop.ozone.protocolPB.OzoneManagerProtocolServerSideTranslatorPB.submitRequest(OzoneManagerProtocolServerSideTranslatorPB.java:147) [ozone-manager-1.3.0-SNAPSHOT.jar:?]
	at org.apache.hadoop.ozone.protocol.proto.OzoneManagerProtocolProtos$OzoneManagerService$2.callBlockingMethod(OzoneManagerProtocolProtos.java) [ozone-interface-client-1.3.0-SNAPSHOT.jar:?]
	at org.apache.hadoop.ipc.ProtobufRpcEngine$Server.processCall(ProtobufRpcEngine.java:466) [hadoop-common-3.3.1.jar:?]
	at org.apache.hadoop.ipc.ProtobufRpcEngine2$Server$ProtoBufRpcInvoker.call(ProtobufRpcEngine2.java:574) [hadoop-common-3.3.1.jar:?]
	at org.apache.hadoop.ipc.ProtobufRpcEngine2$Server$ProtoBufRpcInvoker.call(ProtobufRpcEngine2.java:552) [hadoop-common-3.3.1.jar:?]
	at org.apache.hadoop.ipc.RPC$Server.call(RPC.java:1093) [hadoop-common-3.3.1.jar:?]
	at org.apache.hadoop.ipc.Server$RpcCall.run(Server.java:1035) [hadoop-common-3.3.1.jar:?]
	at org.apache.hadoop.ipc.Server$RpcCall.run(Server.java:963) [hadoop-common-3.3.1.jar:?]
	at java.security.AccessController.doPrivileged(Native Method) ~[?:1.8.0_332]
	at javax.security.auth.Subject.doAs(Subject.java:422) [?:1.8.0_332]
	at org.apache.hadoop.security.UserGroupInformation.doAs(UserGroupInformation.java:1878) [hadoop-common-3.3.1.jar:?]
	at org.apache.hadoop.ipc.Server$Handler.run(Server.java:2966) [hadoop-common-3.3.1.jar:?]
13:07:42.366 [IPC Server handler 7 on default port 41441] ERROR OMAudit - user=runner | ip=127.0.0.1 | op=GET_FILE_STATUS {volume=volume07034, bucket=bucket87468, key=testBatchDelete/parent, dataSize=0, replicationConfig=null} | ret=FAILURE
org.apache.hadoop.ozone.om.exceptions.OMException: Unable to get file status: volume: volume07034 bucket: bucket87468 key: testBatchDelete/parent
	at org.apache.hadoop.ozone.om.KeyManagerImpl.getOzoneFileStatus(KeyManagerImpl.java:1283) ~[ozone-manager-1.3.0-SNAPSHOT.jar:?]
	at org.apache.hadoop.ozone.om.KeyManagerImpl.getFileStatus(KeyManagerImpl.java:1213) ~[ozone-manager-1.3.0-SNAPSHOT.jar:?]
	at org.apache.hadoop.ozone.om.OzoneManager.getFileStatus(OzoneManager.java:3419) ~[ozone-manager-1.3.0-SNAPSHOT.jar:?]
	at org.apache.hadoop.ozone.protocolPB.OzoneManagerRequestHandler.getOzoneFileStatus(OzoneManagerRequestHandler.java:871) ~[ozone-manager-1.3.0-SNAPSHOT.jar:?]
	at org.apache.hadoop.ozone.protocolPB.OzoneManagerRequestHandler.handleReadRequest(OzoneManagerRequestHandler.java:217) ~[ozone-manager-1.3.0-SNAPSHOT.jar:?]
	at org.apache.hadoop.ozone.protocolPB.OzoneManagerProtocolServerSideTranslatorPB.submitReadRequestToOM(OzoneManagerProtocolServerSideTranslatorPB.java:225) ~[ozone-manager-1.3.0-SNAPSHOT.jar:?]
	at org.apache.hadoop.ozone.protocolPB.OzoneManagerProtocolServerSideTranslatorPB.processRequest(OzoneManagerProtocolServerSideTranslatorPB.java:175) ~[ozone-manager-1.3.0-SNAPSHOT.jar:?]
	at org.apache.hadoop.hdds.server.OzoneProtocolMessageDispatcher.processRequest(OzoneProtocolMessageDispatcher.java:87) [hdds-server-framework-1.3.0-SNAPSHOT.jar:?]
	at org.apache.hadoop.ozone.protocolPB.OzoneManagerProtocolServerSideTranslatorPB.submitRequest(OzoneManagerProtocolServerSideTranslatorPB.java:147) [ozone-manager-1.3.0-SNAPSHOT.jar:?]
	at org.apache.hadoop.ozone.protocol.proto.OzoneManagerProtocolProtos$OzoneManagerService$2.callBlockingMethod(OzoneManagerProtocolProtos.java) [ozone-interface-client-1.3.0-SNAPSHOT.jar:?]
	at org.apache.hadoop.ipc.ProtobufRpcEngine$Server.processCall(ProtobufRpcEngine.java:466) [hadoop-common-3.3.1.jar:?]
	at org.apache.hadoop.ipc.ProtobufRpcEngine2$Server$ProtoBufRpcInvoker.call(ProtobufRpcEngine2.java:574) [hadoop-common-3.3.1.jar:?]
	at org.apache.hadoop.ipc.ProtobufRpcEngine2$Server$ProtoBufRpcInvoker.call(ProtobufRpcEngine2.java:552) [hadoop-common-3.3.1.jar:?]
	at org.apache.hadoop.ipc.RPC$Server.call(RPC.java:1093) [hadoop-common-3.3.1.jar:?]
	at org.apache.hadoop.ipc.Server$RpcCall.run(Server.java:1035) [hadoop-common-3.3.1.jar:?]
	at org.apache.hadoop.ipc.Server$RpcCall.run(Server.java:963) [hadoop-common-3.3.1.jar:?]
	at java.security.AccessController.doPrivileged(Native Method) ~[?:1.8.0_332]
	at javax.security.auth.Subject.doAs(Subject.java:422) [?:1.8.0_332]
	at org.apache.hadoop.security.UserGroupInformation.doAs(UserGroupInformation.java:1878) [hadoop-common-3.3.1.jar:?]
	at org.apache.hadoop.ipc.Server$Handler.run(Server.java:2966) [hadoop-common-3.3.1.jar:?]
2022-06-19 13:07:42,367 [Time-limited test] WARN  ozone.BasicOzoneFileSystem (BasicOzoneFileSystem.java:delete(532)) - delete: Path does not exist: /testBatchDelete/parent
]]></system-out>
  </testcase>
  <testcase name="testFileDelete" classname="TestOzoneFileSystem" time="0.268">
    <system-out><![CDATA[2022-06-19 13:08:58,984 [grpc-default-executor-1] INFO  impl.RoleInfo (RoleInfo.java:updateAndGet(139)) - 159ddede-8ddd-4508-a461-c1de976ef966: start 159ddede-8ddd-4508-a461-c1de976ef966@group-027D6B80B311-FollowerState
2022-06-19 13:08:59,005 [grpc-default-executor-1] INFO  server.RaftServer$Division (RaftServerImpl.java:requestVote(1184)) - 159ddede-8ddd-4508-a461-c1de976ef966@group-027D6B80B311 replies to ELECTION vote request: 001c296a-5799-42a4-87a9-6a5b930e2f27<-159ddede-8ddd-4508-a461-c1de976ef966#0:OK-t3. Peer's state: 159ddede-8ddd-4508-a461-c1de976ef966@group-027D6B80B311:t3, leader=null, voted=001c296a-5799-42a4-87a9-6a5b930e2f27, raftlog=159ddede-8ddd-4508-a461-c1de976ef966@group-027D6B80B311-SegmentedRaftLog:OPENED:c-1, conf=-1: [eb4bc65c-b727-4ac3-a516-6687464fc4a1|rpc:10.1.0.4:33363|priority:0, 001c296a-5799-42a4-87a9-6a5b930e2f27|rpc:10.1.0.4:45007|priority:1, 159ddede-8ddd-4508-a461-c1de976ef966|rpc:10.1.0.4:35015|priority:0], old=null
2022-06-19 13:08:59,006 [159ddede-8ddd-4508-a461-c1de976ef966-server-thread1] INFO  ratis.XceiverServerRatis (XceiverServerRatis.java:handleLeaderChangedNotification(863)) - Leader change notification received for group: group-027D6B80B311 with new leaderId: 001c296a-5799-42a4-87a9-6a5b930e2f27
2022-06-19 13:08:59,006 [159ddede-8ddd-4508-a461-c1de976ef966-server-thread1] INFO  server.RaftServer$Division (ServerState.java:setLeader(287)) - 159ddede-8ddd-4508-a461-c1de976ef966@group-027D6B80B311: change Leader from null to 001c296a-5799-42a4-87a9-6a5b930e2f27 at term 3 for appendEntries, leader elected after 16057ms
2022-06-19 13:08:59,007 [eb4bc65c-b727-4ac3-a516-6687464fc4a1-server-thread1] INFO  server.RaftServer$Division (ServerState.java:setRaftConf(393)) - eb4bc65c-b727-4ac3-a516-6687464fc4a1@group-027D6B80B311: set configuration 0: [eb4bc65c-b727-4ac3-a516-6687464fc4a1|rpc:10.1.0.4:33363|dataStream:|priority:0, 001c296a-5799-42a4-87a9-6a5b930e2f27|rpc:10.1.0.4:45007|dataStream:|priority:1, 159ddede-8ddd-4508-a461-c1de976ef966|rpc:10.1.0.4:35015|dataStream:|priority:0], old=null
2022-06-19 13:08:59,007 [eb4bc65c-b727-4ac3-a516-6687464fc4a1-server-thread1] INFO  segmented.SegmentedRaftLogWorker (SegmentedRaftLogWorker.java:startLogSegment(425)) - eb4bc65c-b727-4ac3-a516-6687464fc4a1@group-027D6B80B311-SegmentedRaftLogWorker: Starting segment from index:0
2022-06-19 13:08:59,043 [eb4bc65c-b727-4ac3-a516-6687464fc4a1@group-027D6B80B311-SegmentedRaftLogWorker] INFO  segmented.SegmentedRaftLogWorker (SegmentedRaftLogWorker.java:execute(629)) - eb4bc65c-b727-4ac3-a516-6687464fc4a1@group-027D6B80B311-SegmentedRaftLogWorker: created new log segment /home/runner/work/ozone/ozone/hadoop-ozone/integration-test/target/test-dir/MiniOzoneClusterImpl-c742643d-ef9b-4334-85a5-eeb69d8d8f7b/datanode-2/data/ratis/834a3821-3a64-4af2-9308-027d6b80b311/current/log_inprogress_0
2022-06-19 13:08:59,099 [159ddede-8ddd-4508-a461-c1de976ef966-server-thread1] INFO  server.RaftServer$Division (ServerState.java:setRaftConf(393)) - 159ddede-8ddd-4508-a461-c1de976ef966@group-027D6B80B311: set configuration 0: [eb4bc65c-b727-4ac3-a516-6687464fc4a1|rpc:10.1.0.4:33363|dataStream:|priority:0, 001c296a-5799-42a4-87a9-6a5b930e2f27|rpc:10.1.0.4:45007|dataStream:|priority:1, 159ddede-8ddd-4508-a461-c1de976ef966|rpc:10.1.0.4:35015|dataStream:|priority:0], old=null
2022-06-19 13:08:59,099 [159ddede-8ddd-4508-a461-c1de976ef966-server-thread1] INFO  segmented.SegmentedRaftLogWorker (SegmentedRaftLogWorker.java:startLogSegment(425)) - 159ddede-8ddd-4508-a461-c1de976ef966@group-027D6B80B311-SegmentedRaftLogWorker: Starting segment from index:0
2022-06-19 13:08:59,102 [159ddede-8ddd-4508-a461-c1de976ef966@group-027D6B80B311-SegmentedRaftLogWorker] INFO  segmented.SegmentedRaftLogWorker (SegmentedRaftLogWorker.java:execute(629)) - 159ddede-8ddd-4508-a461-c1de976ef966@group-027D6B80B311-SegmentedRaftLogWorker: created new log segment /home/runner/work/ozone/ozone/hadoop-ozone/integration-test/target/test-dir/MiniOzoneClusterImpl-c742643d-ef9b-4334-85a5-eeb69d8d8f7b/datanode-0/data/ratis/834a3821-3a64-4af2-9308-027d6b80b311/current/log_inprogress_0
13:08:59.165 [IPC Server handler 15 on default port 38405] ERROR OMAudit - user=runner | ip=127.0.0.1 | op=GET_FILE_STATUS {volume=volume84440, bucket=bucket08814, key=testBatchDelete, dataSize=0, replicationConfig=null} | ret=FAILURE
org.apache.hadoop.ozone.om.exceptions.OMException: Unable to get file status: volume: volume84440 bucket: bucket08814 key: testBatchDelete
	at org.apache.hadoop.ozone.om.KeyManagerImpl.getOzoneFileStatus(KeyManagerImpl.java:1283) ~[ozone-manager-1.3.0-SNAPSHOT.jar:?]
	at org.apache.hadoop.ozone.om.KeyManagerImpl.getFileStatus(KeyManagerImpl.java:1213) ~[ozone-manager-1.3.0-SNAPSHOT.jar:?]
	at org.apache.hadoop.ozone.om.OzoneManager.getFileStatus(OzoneManager.java:3419) ~[ozone-manager-1.3.0-SNAPSHOT.jar:?]
	at org.apache.hadoop.ozone.protocolPB.OzoneManagerRequestHandler.getOzoneFileStatus(OzoneManagerRequestHandler.java:871) ~[ozone-manager-1.3.0-SNAPSHOT.jar:?]
	at org.apache.hadoop.ozone.protocolPB.OzoneManagerRequestHandler.handleReadRequest(OzoneManagerRequestHandler.java:217) ~[ozone-manager-1.3.0-SNAPSHOT.jar:?]
	at org.apache.hadoop.ozone.protocolPB.OzoneManagerProtocolServerSideTranslatorPB.submitRequestDirectlyToOM(OzoneManagerProtocolServerSideTranslatorPB.java:284) ~[ozone-manager-1.3.0-SNAPSHOT.jar:?]
	at org.apache.hadoop.ozone.protocolPB.OzoneManagerProtocolServerSideTranslatorPB.processRequest(OzoneManagerProtocolServerSideTranslatorPB.java:207) ~[ozone-manager-1.3.0-SNAPSHOT.jar:?]
	at org.apache.hadoop.hdds.server.OzoneProtocolMessageDispatcher.processRequest(OzoneProtocolMessageDispatcher.java:87) [hdds-server-framework-1.3.0-SNAPSHOT.jar:?]
	at org.apache.hadoop.ozone.protocolPB.OzoneManagerProtocolServerSideTranslatorPB.submitRequest(OzoneManagerProtocolServerSideTranslatorPB.java:147) [ozone-manager-1.3.0-SNAPSHOT.jar:?]
	at org.apache.hadoop.ozone.protocol.proto.OzoneManagerProtocolProtos$OzoneManagerService$2.callBlockingMethod(OzoneManagerProtocolProtos.java) [ozone-interface-client-1.3.0-SNAPSHOT.jar:?]
	at org.apache.hadoop.ipc.ProtobufRpcEngine$Server.processCall(ProtobufRpcEngine.java:466) [hadoop-common-3.3.1.jar:?]
	at org.apache.hadoop.ipc.ProtobufRpcEngine2$Server$ProtoBufRpcInvoker.call(ProtobufRpcEngine2.java:574) [hadoop-common-3.3.1.jar:?]
	at org.apache.hadoop.ipc.ProtobufRpcEngine2$Server$ProtoBufRpcInvoker.call(ProtobufRpcEngine2.java:552) [hadoop-common-3.3.1.jar:?]
	at org.apache.hadoop.ipc.RPC$Server.call(RPC.java:1093) [hadoop-common-3.3.1.jar:?]
	at org.apache.hadoop.ipc.Server$RpcCall.run(Server.java:1035) [hadoop-common-3.3.1.jar:?]
	at org.apache.hadoop.ipc.Server$RpcCall.run(Server.java:963) [hadoop-common-3.3.1.jar:?]
	at java.security.AccessController.doPrivileged(Native Method) ~[?:1.8.0_332]
	at javax.security.auth.Subject.doAs(Subject.java:422) [?:1.8.0_332]
	at org.apache.hadoop.security.UserGroupInformation.doAs(UserGroupInformation.java:1878) [hadoop-common-3.3.1.jar:?]
	at org.apache.hadoop.ipc.Server$Handler.run(Server.java:2966) [hadoop-common-3.3.1.jar:?]
13:08:59.168 [IPC Server handler 16 on default port 38405] ERROR OMAudit - user=runner | ip=127.0.0.1 | op=GET_FILE_STATUS {volume=volume84440, bucket=bucket08814, key=testBatchDelete/parent/child0, dataSize=0, replicationConfig=null} | ret=FAILURE
org.apache.hadoop.ozone.om.exceptions.OMException: Unable to get file status: volume: volume84440 bucket: bucket08814 key: testBatchDelete/parent/child0
	at org.apache.hadoop.ozone.om.KeyManagerImpl.getOzoneFileStatus(KeyManagerImpl.java:1283) ~[ozone-manager-1.3.0-SNAPSHOT.jar:?]
	at org.apache.hadoop.ozone.om.KeyManagerImpl.getFileStatus(KeyManagerImpl.java:1213) ~[ozone-manager-1.3.0-SNAPSHOT.jar:?]
	at org.apache.hadoop.ozone.om.OzoneManager.getFileStatus(OzoneManager.java:3419) ~[ozone-manager-1.3.0-SNAPSHOT.jar:?]
	at org.apache.hadoop.ozone.protocolPB.OzoneManagerRequestHandler.getOzoneFileStatus(OzoneManagerRequestHandler.java:871) ~[ozone-manager-1.3.0-SNAPSHOT.jar:?]
	at org.apache.hadoop.ozone.protocolPB.OzoneManagerRequestHandler.handleReadRequest(OzoneManagerRequestHandler.java:217) ~[ozone-manager-1.3.0-SNAPSHOT.jar:?]
	at org.apache.hadoop.ozone.protocolPB.OzoneManagerProtocolServerSideTranslatorPB.submitRequestDirectlyToOM(OzoneManagerProtocolServerSideTranslatorPB.java:284) ~[ozone-manager-1.3.0-SNAPSHOT.jar:?]
	at org.apache.hadoop.ozone.protocolPB.OzoneManagerProtocolServerSideTranslatorPB.processRequest(OzoneManagerProtocolServerSideTranslatorPB.java:207) ~[ozone-manager-1.3.0-SNAPSHOT.jar:?]
	at org.apache.hadoop.hdds.server.OzoneProtocolMessageDispatcher.processRequest(OzoneProtocolMessageDispatcher.java:87) [hdds-server-framework-1.3.0-SNAPSHOT.jar:?]
	at org.apache.hadoop.ozone.protocolPB.OzoneManagerProtocolServerSideTranslatorPB.submitRequest(OzoneManagerProtocolServerSideTranslatorPB.java:147) [ozone-manager-1.3.0-SNAPSHOT.jar:?]
	at org.apache.hadoop.ozone.protocol.proto.OzoneManagerProtocolProtos$OzoneManagerService$2.callBlockingMethod(OzoneManagerProtocolProtos.java) [ozone-interface-client-1.3.0-SNAPSHOT.jar:?]
	at org.apache.hadoop.ipc.ProtobufRpcEngine$Server.processCall(ProtobufRpcEngine.java:466) [hadoop-common-3.3.1.jar:?]
	at org.apache.hadoop.ipc.ProtobufRpcEngine2$Server$ProtoBufRpcInvoker.call(ProtobufRpcEngine2.java:574) [hadoop-common-3.3.1.jar:?]
	at org.apache.hadoop.ipc.ProtobufRpcEngine2$Server$ProtoBufRpcInvoker.call(ProtobufRpcEngine2.java:552) [hadoop-common-3.3.1.jar:?]
	at org.apache.hadoop.ipc.RPC$Server.call(RPC.java:1093) [hadoop-common-3.3.1.jar:?]
	at org.apache.hadoop.ipc.Server$RpcCall.run(Server.java:1035) [hadoop-common-3.3.1.jar:?]
	at org.apache.hadoop.ipc.Server$RpcCall.run(Server.java:963) [hadoop-common-3.3.1.jar:?]
	at java.security.AccessController.doPrivileged(Native Method) ~[?:1.8.0_332]
	at javax.security.auth.Subject.doAs(Subject.java:422) [?:1.8.0_332]
	at org.apache.hadoop.security.UserGroupInformation.doAs(UserGroupInformation.java:1878) [hadoop-common-3.3.1.jar:?]
	at org.apache.hadoop.ipc.Server$Handler.run(Server.java:2966) [hadoop-common-3.3.1.jar:?]
13:08:59.193 [IPC Server handler 14 on default port 38405] ERROR OMAudit - user=runner | ip=127.0.0.1 | op=GET_FILE_STATUS {volume=volume84440, bucket=bucket08814, key=testBatchDelete/parent/childFolder/child0, dataSize=0, replicationConfig=null} | ret=FAILURE
org.apache.hadoop.ozone.om.exceptions.OMException: Unable to get file status: volume: volume84440 bucket: bucket08814 key: testBatchDelete/parent/childFolder/child0
	at org.apache.hadoop.ozone.om.KeyManagerImpl.getOzoneFileStatus(KeyManagerImpl.java:1283) ~[ozone-manager-1.3.0-SNAPSHOT.jar:?]
	at org.apache.hadoop.ozone.om.KeyManagerImpl.getFileStatus(KeyManagerImpl.java:1213) ~[ozone-manager-1.3.0-SNAPSHOT.jar:?]
	at org.apache.hadoop.ozone.om.OzoneManager.getFileStatus(OzoneManager.java:3419) ~[ozone-manager-1.3.0-SNAPSHOT.jar:?]
	at org.apache.hadoop.ozone.protocolPB.OzoneManagerRequestHandler.getOzoneFileStatus(OzoneManagerRequestHandler.java:871) ~[ozone-manager-1.3.0-SNAPSHOT.jar:?]
	at org.apache.hadoop.ozone.protocolPB.OzoneManagerRequestHandler.handleReadRequest(OzoneManagerRequestHandler.java:217) ~[ozone-manager-1.3.0-SNAPSHOT.jar:?]
	at org.apache.hadoop.ozone.protocolPB.OzoneManagerProtocolServerSideTranslatorPB.submitRequestDirectlyToOM(OzoneManagerProtocolServerSideTranslatorPB.java:284) ~[ozone-manager-1.3.0-SNAPSHOT.jar:?]
	at org.apache.hadoop.ozone.protocolPB.OzoneManagerProtocolServerSideTranslatorPB.processRequest(OzoneManagerProtocolServerSideTranslatorPB.java:207) ~[ozone-manager-1.3.0-SNAPSHOT.jar:?]
	at org.apache.hadoop.hdds.server.OzoneProtocolMessageDispatcher.processRequest(OzoneProtocolMessageDispatcher.java:87) [hdds-server-framework-1.3.0-SNAPSHOT.jar:?]
	at org.apache.hadoop.ozone.protocolPB.OzoneManagerProtocolServerSideTranslatorPB.submitRequest(OzoneManagerProtocolServerSideTranslatorPB.java:147) [ozone-manager-1.3.0-SNAPSHOT.jar:?]
	at org.apache.hadoop.ozone.protocol.proto.OzoneManagerProtocolProtos$OzoneManagerService$2.callBlockingMethod(OzoneManagerProtocolProtos.java) [ozone-interface-client-1.3.0-SNAPSHOT.jar:?]
	at org.apache.hadoop.ipc.ProtobufRpcEngine$Server.processCall(ProtobufRpcEngine.java:466) [hadoop-common-3.3.1.jar:?]
	at org.apache.hadoop.ipc.ProtobufRpcEngine2$Server$ProtoBufRpcInvoker.call(ProtobufRpcEngine2.java:574) [hadoop-common-3.3.1.jar:?]
	at org.apache.hadoop.ipc.ProtobufRpcEngine2$Server$ProtoBufRpcInvoker.call(ProtobufRpcEngine2.java:552) [hadoop-common-3.3.1.jar:?]
	at org.apache.hadoop.ipc.RPC$Server.call(RPC.java:1093) [hadoop-common-3.3.1.jar:?]
	at org.apache.hadoop.ipc.Server$RpcCall.run(Server.java:1035) [hadoop-common-3.3.1.jar:?]
	at org.apache.hadoop.ipc.Server$RpcCall.run(Server.java:963) [hadoop-common-3.3.1.jar:?]
	at java.security.AccessController.doPrivileged(Native Method) ~[?:1.8.0_332]
	at javax.security.auth.Subject.doAs(Subject.java:422) [?:1.8.0_332]
	at org.apache.hadoop.security.UserGroupInformation.doAs(UserGroupInformation.java:1878) [hadoop-common-3.3.1.jar:?]
	at org.apache.hadoop.ipc.Server$Handler.run(Server.java:2966) [hadoop-common-3.3.1.jar:?]
13:08:59.194 [IPC Server handler 1 on default port 38405] ERROR OMAudit - user=runner | ip=127.0.0.1 | op=GET_FILE_STATUS {volume=volume84440, bucket=bucket08814, key=testBatchDelete/parent/child1, dataSize=0, replicationConfig=null} | ret=FAILURE
org.apache.hadoop.ozone.om.exceptions.OMException: Unable to get file status: volume: volume84440 bucket: bucket08814 key: testBatchDelete/parent/child1
	at org.apache.hadoop.ozone.om.KeyManagerImpl.getOzoneFileStatus(KeyManagerImpl.java:1283) ~[ozone-manager-1.3.0-SNAPSHOT.jar:?]
	at org.apache.hadoop.ozone.om.KeyManagerImpl.getFileStatus(KeyManagerImpl.java:1213) ~[ozone-manager-1.3.0-SNAPSHOT.jar:?]
	at org.apache.hadoop.ozone.om.OzoneManager.getFileStatus(OzoneManager.java:3419) ~[ozone-manager-1.3.0-SNAPSHOT.jar:?]
	at org.apache.hadoop.ozone.protocolPB.OzoneManagerRequestHandler.getOzoneFileStatus(OzoneManagerRequestHandler.java:871) ~[ozone-manager-1.3.0-SNAPSHOT.jar:?]
	at org.apache.hadoop.ozone.protocolPB.OzoneManagerRequestHandler.handleReadRequest(OzoneManagerRequestHandler.java:217) ~[ozone-manager-1.3.0-SNAPSHOT.jar:?]
	at org.apache.hadoop.ozone.protocolPB.OzoneManagerProtocolServerSideTranslatorPB.submitRequestDirectlyToOM(OzoneManagerProtocolServerSideTranslatorPB.java:284) ~[ozone-manager-1.3.0-SNAPSHOT.jar:?]
	at org.apache.hadoop.ozone.protocolPB.OzoneManagerProtocolServerSideTranslatorPB.processRequest(OzoneManagerProtocolServerSideTranslatorPB.java:207) ~[ozone-manager-1.3.0-SNAPSHOT.jar:?]
	at org.apache.hadoop.hdds.server.OzoneProtocolMessageDispatcher.processRequest(OzoneProtocolMessageDispatcher.java:87) [hdds-server-framework-1.3.0-SNAPSHOT.jar:?]
	at org.apache.hadoop.ozone.protocolPB.OzoneManagerProtocolServerSideTranslatorPB.submitRequest(OzoneManagerProtocolServerSideTranslatorPB.java:147) [ozone-manager-1.3.0-SNAPSHOT.jar:?]
	at org.apache.hadoop.ozone.protocol.proto.OzoneManagerProtocolProtos$OzoneManagerService$2.callBlockingMethod(OzoneManagerProtocolProtos.java) [ozone-interface-client-1.3.0-SNAPSHOT.jar:?]
	at org.apache.hadoop.ipc.ProtobufRpcEngine$Server.processCall(ProtobufRpcEngine.java:466) [hadoop-common-3.3.1.jar:?]
	at org.apache.hadoop.ipc.ProtobufRpcEngine2$Server$ProtoBufRpcInvoker.call(ProtobufRpcEngine2.java:574) [hadoop-common-3.3.1.jar:?]
	at org.apache.hadoop.ipc.ProtobufRpcEngine2$Server$ProtoBufRpcInvoker.call(ProtobufRpcEngine2.java:552) [hadoop-common-3.3.1.jar:?]
	at org.apache.hadoop.ipc.RPC$Server.call(RPC.java:1093) [hadoop-common-3.3.1.jar:?]
	at org.apache.hadoop.ipc.Server$RpcCall.run(Server.java:1035) [hadoop-common-3.3.1.jar:?]
	at org.apache.hadoop.ipc.Server$RpcCall.run(Server.java:963) [hadoop-common-3.3.1.jar:?]
	at java.security.AccessController.doPrivileged(Native Method) ~[?:1.8.0_332]
	at javax.security.auth.Subject.doAs(Subject.java:422) [?:1.8.0_332]
	at org.apache.hadoop.security.UserGroupInformation.doAs(UserGroupInformation.java:1878) [hadoop-common-3.3.1.jar:?]
	at org.apache.hadoop.ipc.Server$Handler.run(Server.java:2966) [hadoop-common-3.3.1.jar:?]
13:08:59.197 [IPC Server handler 17 on default port 38405] ERROR OMAudit - user=runner | ip=127.0.0.1 | op=GET_FILE_STATUS {volume=volume84440, bucket=bucket08814, key=testBatchDelete/parent/childFolder/child1, dataSize=0, replicationConfig=null} | ret=FAILURE
org.apache.hadoop.ozone.om.exceptions.OMException: Unable to get file status: volume: volume84440 bucket: bucket08814 key: testBatchDelete/parent/childFolder/child1
	at org.apache.hadoop.ozone.om.KeyManagerImpl.getOzoneFileStatus(KeyManagerImpl.java:1283) ~[ozone-manager-1.3.0-SNAPSHOT.jar:?]
	at org.apache.hadoop.ozone.om.KeyManagerImpl.getFileStatus(KeyManagerImpl.java:1213) ~[ozone-manager-1.3.0-SNAPSHOT.jar:?]
	at org.apache.hadoop.ozone.om.OzoneManager.getFileStatus(OzoneManager.java:3419) ~[ozone-manager-1.3.0-SNAPSHOT.jar:?]
	at org.apache.hadoop.ozone.protocolPB.OzoneManagerRequestHandler.getOzoneFileStatus(OzoneManagerRequestHandler.java:871) ~[ozone-manager-1.3.0-SNAPSHOT.jar:?]
	at org.apache.hadoop.ozone.protocolPB.OzoneManagerRequestHandler.handleReadRequest(OzoneManagerRequestHandler.java:217) ~[ozone-manager-1.3.0-SNAPSHOT.jar:?]
	at org.apache.hadoop.ozone.protocolPB.OzoneManagerProtocolServerSideTranslatorPB.submitRequestDirectlyToOM(OzoneManagerProtocolServerSideTranslatorPB.java:284) ~[ozone-manager-1.3.0-SNAPSHOT.jar:?]
	at org.apache.hadoop.ozone.protocolPB.OzoneManagerProtocolServerSideTranslatorPB.processRequest(OzoneManagerProtocolServerSideTranslatorPB.java:207) ~[ozone-manager-1.3.0-SNAPSHOT.jar:?]
	at org.apache.hadoop.hdds.server.OzoneProtocolMessageDispatcher.processRequest(OzoneProtocolMessageDispatcher.java:87) [hdds-server-framework-1.3.0-SNAPSHOT.jar:?]
	at org.apache.hadoop.ozone.protocolPB.OzoneManagerProtocolServerSideTranslatorPB.submitRequest(OzoneManagerProtocolServerSideTranslatorPB.java:147) [ozone-manager-1.3.0-SNAPSHOT.jar:?]
	at org.apache.hadoop.ozone.protocol.proto.OzoneManagerProtocolProtos$OzoneManagerService$2.callBlockingMethod(OzoneManagerProtocolProtos.java) [ozone-interface-client-1.3.0-SNAPSHOT.jar:?]
	at org.apache.hadoop.ipc.ProtobufRpcEngine$Server.processCall(ProtobufRpcEngine.java:466) [hadoop-common-3.3.1.jar:?]
	at org.apache.hadoop.ipc.ProtobufRpcEngine2$Server$ProtoBufRpcInvoker.call(ProtobufRpcEngine2.java:574) [hadoop-common-3.3.1.jar:?]
	at org.apache.hadoop.ipc.ProtobufRpcEngine2$Server$ProtoBufRpcInvoker.call(ProtobufRpcEngine2.java:552) [hadoop-common-3.3.1.jar:?]
	at org.apache.hadoop.ipc.RPC$Server.call(RPC.java:1093) [hadoop-common-3.3.1.jar:?]
	at org.apache.hadoop.ipc.Server$RpcCall.run(Server.java:1035) [hadoop-common-3.3.1.jar:?]
	at org.apache.hadoop.ipc.Server$RpcCall.run(Server.java:963) [hadoop-common-3.3.1.jar:?]
	at java.security.AccessController.doPrivileged(Native Method) ~[?:1.8.0_332]
	at javax.security.auth.Subject.doAs(Subject.java:422) [?:1.8.0_332]
	at org.apache.hadoop.security.UserGroupInformation.doAs(UserGroupInformation.java:1878) [hadoop-common-3.3.1.jar:?]
	at org.apache.hadoop.ipc.Server$Handler.run(Server.java:2966) [hadoop-common-3.3.1.jar:?]
13:08:59.198 [IPC Server handler 12 on default port 38405] ERROR OMAudit - user=runner | ip=127.0.0.1 | op=GET_FILE_STATUS {volume=volume84440, bucket=bucket08814, key=testBatchDelete/parent/child2, dataSize=0, replicationConfig=null} | ret=FAILURE
org.apache.hadoop.ozone.om.exceptions.OMException: Unable to get file status: volume: volume84440 bucket: bucket08814 key: testBatchDelete/parent/child2
	at org.apache.hadoop.ozone.om.KeyManagerImpl.getOzoneFileStatus(KeyManagerImpl.java:1283) ~[ozone-manager-1.3.0-SNAPSHOT.jar:?]
	at org.apache.hadoop.ozone.om.KeyManagerImpl.getFileStatus(KeyManagerImpl.java:1213) ~[ozone-manager-1.3.0-SNAPSHOT.jar:?]
	at org.apache.hadoop.ozone.om.OzoneManager.getFileStatus(OzoneManager.java:3419) ~[ozone-manager-1.3.0-SNAPSHOT.jar:?]
	at org.apache.hadoop.ozone.protocolPB.OzoneManagerRequestHandler.getOzoneFileStatus(OzoneManagerRequestHandler.java:871) ~[ozone-manager-1.3.0-SNAPSHOT.jar:?]
	at org.apache.hadoop.ozone.protocolPB.OzoneManagerRequestHandler.handleReadRequest(OzoneManagerRequestHandler.java:217) ~[ozone-manager-1.3.0-SNAPSHOT.jar:?]
	at org.apache.hadoop.ozone.protocolPB.OzoneManagerProtocolServerSideTranslatorPB.submitRequestDirectlyToOM(OzoneManagerProtocolServerSideTranslatorPB.java:284) ~[ozone-manager-1.3.0-SNAPSHOT.jar:?]
	at org.apache.hadoop.ozone.protocolPB.OzoneManagerProtocolServerSideTranslatorPB.processRequest(OzoneManagerProtocolServerSideTranslatorPB.java:207) ~[ozone-manager-1.3.0-SNAPSHOT.jar:?]
	at org.apache.hadoop.hdds.server.OzoneProtocolMessageDispatcher.processRequest(OzoneProtocolMessageDispatcher.java:87) [hdds-server-framework-1.3.0-SNAPSHOT.jar:?]
	at org.apache.hadoop.ozone.protocolPB.OzoneManagerProtocolServerSideTranslatorPB.submitRequest(OzoneManagerProtocolServerSideTranslatorPB.java:147) [ozone-manager-1.3.0-SNAPSHOT.jar:?]
	at org.apache.hadoop.ozone.protocol.proto.OzoneManagerProtocolProtos$OzoneManagerService$2.callBlockingMethod(OzoneManagerProtocolProtos.java) [ozone-interface-client-1.3.0-SNAPSHOT.jar:?]
	at org.apache.hadoop.ipc.ProtobufRpcEngine$Server.processCall(ProtobufRpcEngine.java:466) [hadoop-common-3.3.1.jar:?]
	at org.apache.hadoop.ipc.ProtobufRpcEngine2$Server$ProtoBufRpcInvoker.call(ProtobufRpcEngine2.java:574) [hadoop-common-3.3.1.jar:?]
	at org.apache.hadoop.ipc.ProtobufRpcEngine2$Server$ProtoBufRpcInvoker.call(ProtobufRpcEngine2.java:552) [hadoop-common-3.3.1.jar:?]
	at org.apache.hadoop.ipc.RPC$Server.call(RPC.java:1093) [hadoop-common-3.3.1.jar:?]
	at org.apache.hadoop.ipc.Server$RpcCall.run(Server.java:1035) [hadoop-common-3.3.1.jar:?]
	at org.apache.hadoop.ipc.Server$RpcCall.run(Server.java:963) [hadoop-common-3.3.1.jar:?]
	at java.security.AccessController.doPrivileged(Native Method) ~[?:1.8.0_332]
	at javax.security.auth.Subject.doAs(Subject.java:422) [?:1.8.0_332]
	at org.apache.hadoop.security.UserGroupInformation.doAs(UserGroupInformation.java:1878) [hadoop-common-3.3.1.jar:?]
	at org.apache.hadoop.ipc.Server$Handler.run(Server.java:2966) [hadoop-common-3.3.1.jar:?]
13:08:59.199 [IPC Server handler 19 on default port 38405] ERROR OMAudit - user=runner | ip=127.0.0.1 | op=GET_FILE_STATUS {volume=volume84440, bucket=bucket08814, key=testBatchDelete/parent/childFolder/child2, dataSize=0, replicationConfig=null} | ret=FAILURE
org.apache.hadoop.ozone.om.exceptions.OMException: Unable to get file status: volume: volume84440 bucket: bucket08814 key: testBatchDelete/parent/childFolder/child2
	at org.apache.hadoop.ozone.om.KeyManagerImpl.getOzoneFileStatus(KeyManagerImpl.java:1283) ~[ozone-manager-1.3.0-SNAPSHOT.jar:?]
	at org.apache.hadoop.ozone.om.KeyManagerImpl.getFileStatus(KeyManagerImpl.java:1213) ~[ozone-manager-1.3.0-SNAPSHOT.jar:?]
	at org.apache.hadoop.ozone.om.OzoneManager.getFileStatus(OzoneManager.java:3419) ~[ozone-manager-1.3.0-SNAPSHOT.jar:?]
	at org.apache.hadoop.ozone.protocolPB.OzoneManagerRequestHandler.getOzoneFileStatus(OzoneManagerRequestHandler.java:871) ~[ozone-manager-1.3.0-SNAPSHOT.jar:?]
	at org.apache.hadoop.ozone.protocolPB.OzoneManagerRequestHandler.handleReadRequest(OzoneManagerRequestHandler.java:217) ~[ozone-manager-1.3.0-SNAPSHOT.jar:?]
	at org.apache.hadoop.ozone.protocolPB.OzoneManagerProtocolServerSideTranslatorPB.submitRequestDirectlyToOM(OzoneManagerProtocolServerSideTranslatorPB.java:284) ~[ozone-manager-1.3.0-SNAPSHOT.jar:?]
	at org.apache.hadoop.ozone.protocolPB.OzoneManagerProtocolServerSideTranslatorPB.processRequest(OzoneManagerProtocolServerSideTranslatorPB.java:207) ~[ozone-manager-1.3.0-SNAPSHOT.jar:?]
	at org.apache.hadoop.hdds.server.OzoneProtocolMessageDispatcher.processRequest(OzoneProtocolMessageDispatcher.java:87) [hdds-server-framework-1.3.0-SNAPSHOT.jar:?]
	at org.apache.hadoop.ozone.protocolPB.OzoneManagerProtocolServerSideTranslatorPB.submitRequest(OzoneManagerProtocolServerSideTranslatorPB.java:147) [ozone-manager-1.3.0-SNAPSHOT.jar:?]
	at org.apache.hadoop.ozone.protocol.proto.OzoneManagerProtocolProtos$OzoneManagerService$2.callBlockingMethod(OzoneManagerProtocolProtos.java) [ozone-interface-client-1.3.0-SNAPSHOT.jar:?]
	at org.apache.hadoop.ipc.ProtobufRpcEngine$Server.processCall(ProtobufRpcEngine.java:466) [hadoop-common-3.3.1.jar:?]
	at org.apache.hadoop.ipc.ProtobufRpcEngine2$Server$ProtoBufRpcInvoker.call(ProtobufRpcEngine2.java:574) [hadoop-common-3.3.1.jar:?]
	at org.apache.hadoop.ipc.ProtobufRpcEngine2$Server$ProtoBufRpcInvoker.call(ProtobufRpcEngine2.java:552) [hadoop-common-3.3.1.jar:?]
	at org.apache.hadoop.ipc.RPC$Server.call(RPC.java:1093) [hadoop-common-3.3.1.jar:?]
	at org.apache.hadoop.ipc.Server$RpcCall.run(Server.java:1035) [hadoop-common-3.3.1.jar:?]
	at org.apache.hadoop.ipc.Server$RpcCall.run(Server.java:963) [hadoop-common-3.3.1.jar:?]
	at java.security.AccessController.doPrivileged(Native Method) ~[?:1.8.0_332]
	at javax.security.auth.Subject.doAs(Subject.java:422) [?:1.8.0_332]
	at org.apache.hadoop.security.UserGroupInformation.doAs(UserGroupInformation.java:1878) [hadoop-common-3.3.1.jar:?]
	at org.apache.hadoop.ipc.Server$Handler.run(Server.java:2966) [hadoop-common-3.3.1.jar:?]
13:08:59.199 [IPC Server handler 18 on default port 38405] ERROR OMAudit - user=runner | ip=127.0.0.1 | op=GET_FILE_STATUS {volume=volume84440, bucket=bucket08814, key=testBatchDelete/parent/child3, dataSize=0, replicationConfig=null} | ret=FAILURE
org.apache.hadoop.ozone.om.exceptions.OMException: Unable to get file status: volume: volume84440 bucket: bucket08814 key: testBatchDelete/parent/child3
	at org.apache.hadoop.ozone.om.KeyManagerImpl.getOzoneFileStatus(KeyManagerImpl.java:1283) ~[ozone-manager-1.3.0-SNAPSHOT.jar:?]
	at org.apache.hadoop.ozone.om.KeyManagerImpl.getFileStatus(KeyManagerImpl.java:1213) ~[ozone-manager-1.3.0-SNAPSHOT.jar:?]
	at org.apache.hadoop.ozone.om.OzoneManager.getFileStatus(OzoneManager.java:3419) ~[ozone-manager-1.3.0-SNAPSHOT.jar:?]
	at org.apache.hadoop.ozone.protocolPB.OzoneManagerRequestHandler.getOzoneFileStatus(OzoneManagerRequestHandler.java:871) ~[ozone-manager-1.3.0-SNAPSHOT.jar:?]
	at org.apache.hadoop.ozone.protocolPB.OzoneManagerRequestHandler.handleReadRequest(OzoneManagerRequestHandler.java:217) ~[ozone-manager-1.3.0-SNAPSHOT.jar:?]
	at org.apache.hadoop.ozone.protocolPB.OzoneManagerProtocolServerSideTranslatorPB.submitRequestDirectlyToOM(OzoneManagerProtocolServerSideTranslatorPB.java:284) ~[ozone-manager-1.3.0-SNAPSHOT.jar:?]
	at org.apache.hadoop.ozone.protocolPB.OzoneManagerProtocolServerSideTranslatorPB.processRequest(OzoneManagerProtocolServerSideTranslatorPB.java:207) ~[ozone-manager-1.3.0-SNAPSHOT.jar:?]
	at org.apache.hadoop.hdds.server.OzoneProtocolMessageDispatcher.processRequest(OzoneProtocolMessageDispatcher.java:87) [hdds-server-framework-1.3.0-SNAPSHOT.jar:?]
	at org.apache.hadoop.ozone.protocolPB.OzoneManagerProtocolServerSideTranslatorPB.submitRequest(OzoneManagerProtocolServerSideTranslatorPB.java:147) [ozone-manager-1.3.0-SNAPSHOT.jar:?]
	at org.apache.hadoop.ozone.protocol.proto.OzoneManagerProtocolProtos$OzoneManagerService$2.callBlockingMethod(OzoneManagerProtocolProtos.java) [ozone-interface-client-1.3.0-SNAPSHOT.jar:?]
	at org.apache.hadoop.ipc.ProtobufRpcEngine$Server.processCall(ProtobufRpcEngine.java:466) [hadoop-common-3.3.1.jar:?]
	at org.apache.hadoop.ipc.ProtobufRpcEngine2$Server$ProtoBufRpcInvoker.call(ProtobufRpcEngine2.java:574) [hadoop-common-3.3.1.jar:?]
	at org.apache.hadoop.ipc.ProtobufRpcEngine2$Server$ProtoBufRpcInvoker.call(ProtobufRpcEngine2.java:552) [hadoop-common-3.3.1.jar:?]
	at org.apache.hadoop.ipc.RPC$Server.call(RPC.java:1093) [hadoop-common-3.3.1.jar:?]
	at org.apache.hadoop.ipc.Server$RpcCall.run(Server.java:1035) [hadoop-common-3.3.1.jar:?]
	at org.apache.hadoop.ipc.Server$RpcCall.run(Server.java:963) [hadoop-common-3.3.1.jar:?]
	at java.security.AccessController.doPrivileged(Native Method) ~[?:1.8.0_332]
	at javax.security.auth.Subject.doAs(Subject.java:422) [?:1.8.0_332]
	at org.apache.hadoop.security.UserGroupInformation.doAs(UserGroupInformation.java:1878) [hadoop-common-3.3.1.jar:?]
	at org.apache.hadoop.ipc.Server$Handler.run(Server.java:2966) [hadoop-common-3.3.1.jar:?]
13:08:59.200 [IPC Server handler 7 on default port 38405] ERROR OMAudit - user=runner | ip=127.0.0.1 | op=GET_FILE_STATUS {volume=volume84440, bucket=bucket08814, key=testBatchDelete/parent/childFolder/child3, dataSize=0, replicationConfig=null} | ret=FAILURE
org.apache.hadoop.ozone.om.exceptions.OMException: Unable to get file status: volume: volume84440 bucket: bucket08814 key: testBatchDelete/parent/childFolder/child3
	at org.apache.hadoop.ozone.om.KeyManagerImpl.getOzoneFileStatus(KeyManagerImpl.java:1283) ~[ozone-manager-1.3.0-SNAPSHOT.jar:?]
	at org.apache.hadoop.ozone.om.KeyManagerImpl.getFileStatus(KeyManagerImpl.java:1213) ~[ozone-manager-1.3.0-SNAPSHOT.jar:?]
	at org.apache.hadoop.ozone.om.OzoneManager.getFileStatus(OzoneManager.java:3419) ~[ozone-manager-1.3.0-SNAPSHOT.jar:?]
	at org.apache.hadoop.ozone.protocolPB.OzoneManagerRequestHandler.getOzoneFileStatus(OzoneManagerRequestHandler.java:871) ~[ozone-manager-1.3.0-SNAPSHOT.jar:?]
	at org.apache.hadoop.ozone.protocolPB.OzoneManagerRequestHandler.handleReadRequest(OzoneManagerRequestHandler.java:217) ~[ozone-manager-1.3.0-SNAPSHOT.jar:?]
	at org.apache.hadoop.ozone.protocolPB.OzoneManagerProtocolServerSideTranslatorPB.submitRequestDirectlyToOM(OzoneManagerProtocolServerSideTranslatorPB.java:284) ~[ozone-manager-1.3.0-SNAPSHOT.jar:?]
	at org.apache.hadoop.ozone.protocolPB.OzoneManagerProtocolServerSideTranslatorPB.processRequest(OzoneManagerProtocolServerSideTranslatorPB.java:207) ~[ozone-manager-1.3.0-SNAPSHOT.jar:?]
	at org.apache.hadoop.hdds.server.OzoneProtocolMessageDispatcher.processRequest(OzoneProtocolMessageDispatcher.java:87) [hdds-server-framework-1.3.0-SNAPSHOT.jar:?]
	at org.apache.hadoop.ozone.protocolPB.OzoneManagerProtocolServerSideTranslatorPB.submitRequest(OzoneManagerProtocolServerSideTranslatorPB.java:147) [ozone-manager-1.3.0-SNAPSHOT.jar:?]
	at org.apache.hadoop.ozone.protocol.proto.OzoneManagerProtocolProtos$OzoneManagerService$2.callBlockingMethod(OzoneManagerProtocolProtos.java) [ozone-interface-client-1.3.0-SNAPSHOT.jar:?]
	at org.apache.hadoop.ipc.ProtobufRpcEngine$Server.processCall(ProtobufRpcEngine.java:466) [hadoop-common-3.3.1.jar:?]
	at org.apache.hadoop.ipc.ProtobufRpcEngine2$Server$ProtoBufRpcInvoker.call(ProtobufRpcEngine2.java:574) [hadoop-common-3.3.1.jar:?]
	at org.apache.hadoop.ipc.ProtobufRpcEngine2$Server$ProtoBufRpcInvoker.call(ProtobufRpcEngine2.java:552) [hadoop-common-3.3.1.jar:?]
	at org.apache.hadoop.ipc.RPC$Server.call(RPC.java:1093) [hadoop-common-3.3.1.jar:?]
	at org.apache.hadoop.ipc.Server$RpcCall.run(Server.java:1035) [hadoop-common-3.3.1.jar:?]
	at org.apache.hadoop.ipc.Server$RpcCall.run(Server.java:963) [hadoop-common-3.3.1.jar:?]
	at java.security.AccessController.doPrivileged(Native Method) ~[?:1.8.0_332]
	at javax.security.auth.Subject.doAs(Subject.java:422) [?:1.8.0_332]
	at org.apache.hadoop.security.UserGroupInformation.doAs(UserGroupInformation.java:1878) [hadoop-common-3.3.1.jar:?]
	at org.apache.hadoop.ipc.Server$Handler.run(Server.java:2966) [hadoop-common-3.3.1.jar:?]
13:08:59.200 [IPC Server handler 11 on default port 38405] ERROR OMAudit - user=runner | ip=127.0.0.1 | op=GET_FILE_STATUS {volume=volume84440, bucket=bucket08814, key=testBatchDelete/parent/child4, dataSize=0, replicationConfig=null} | ret=FAILURE
org.apache.hadoop.ozone.om.exceptions.OMException: Unable to get file status: volume: volume84440 bucket: bucket08814 key: testBatchDelete/parent/child4
	at org.apache.hadoop.ozone.om.KeyManagerImpl.getOzoneFileStatus(KeyManagerImpl.java:1283) ~[ozone-manager-1.3.0-SNAPSHOT.jar:?]
	at org.apache.hadoop.ozone.om.KeyManagerImpl.getFileStatus(KeyManagerImpl.java:1213) ~[ozone-manager-1.3.0-SNAPSHOT.jar:?]
	at org.apache.hadoop.ozone.om.OzoneManager.getFileStatus(OzoneManager.java:3419) ~[ozone-manager-1.3.0-SNAPSHOT.jar:?]
	at org.apache.hadoop.ozone.protocolPB.OzoneManagerRequestHandler.getOzoneFileStatus(OzoneManagerRequestHandler.java:871) ~[ozone-manager-1.3.0-SNAPSHOT.jar:?]
	at org.apache.hadoop.ozone.protocolPB.OzoneManagerRequestHandler.handleReadRequest(OzoneManagerRequestHandler.java:217) ~[ozone-manager-1.3.0-SNAPSHOT.jar:?]
	at org.apache.hadoop.ozone.protocolPB.OzoneManagerProtocolServerSideTranslatorPB.submitRequestDirectlyToOM(OzoneManagerProtocolServerSideTranslatorPB.java:284) ~[ozone-manager-1.3.0-SNAPSHOT.jar:?]
	at org.apache.hadoop.ozone.protocolPB.OzoneManagerProtocolServerSideTranslatorPB.processRequest(OzoneManagerProtocolServerSideTranslatorPB.java:207) ~[ozone-manager-1.3.0-SNAPSHOT.jar:?]
	at org.apache.hadoop.hdds.server.OzoneProtocolMessageDispatcher.processRequest(OzoneProtocolMessageDispatcher.java:87) [hdds-server-framework-1.3.0-SNAPSHOT.jar:?]
	at org.apache.hadoop.ozone.protocolPB.OzoneManagerProtocolServerSideTranslatorPB.submitRequest(OzoneManagerProtocolServerSideTranslatorPB.java:147) [ozone-manager-1.3.0-SNAPSHOT.jar:?]
	at org.apache.hadoop.ozone.protocol.proto.OzoneManagerProtocolProtos$OzoneManagerService$2.callBlockingMethod(OzoneManagerProtocolProtos.java) [ozone-interface-client-1.3.0-SNAPSHOT.jar:?]
	at org.apache.hadoop.ipc.ProtobufRpcEngine$Server.processCall(ProtobufRpcEngine.java:466) [hadoop-common-3.3.1.jar:?]
	at org.apache.hadoop.ipc.ProtobufRpcEngine2$Server$ProtoBufRpcInvoker.call(ProtobufRpcEngine2.java:574) [hadoop-common-3.3.1.jar:?]
	at org.apache.hadoop.ipc.ProtobufRpcEngine2$Server$ProtoBufRpcInvoker.call(ProtobufRpcEngine2.java:552) [hadoop-common-3.3.1.jar:?]
	at org.apache.hadoop.ipc.RPC$Server.call(RPC.java:1093) [hadoop-common-3.3.1.jar:?]
	at org.apache.hadoop.ipc.Server$RpcCall.run(Server.java:1035) [hadoop-common-3.3.1.jar:?]
	at org.apache.hadoop.ipc.Server$RpcCall.run(Server.java:963) [hadoop-common-3.3.1.jar:?]
	at java.security.AccessController.doPrivileged(Native Method) ~[?:1.8.0_332]
	at javax.security.auth.Subject.doAs(Subject.java:422) [?:1.8.0_332]
	at org.apache.hadoop.security.UserGroupInformation.doAs(UserGroupInformation.java:1878) [hadoop-common-3.3.1.jar:?]
	at org.apache.hadoop.ipc.Server$Handler.run(Server.java:2966) [hadoop-common-3.3.1.jar:?]
13:08:59.201 [IPC Server handler 9 on default port 38405] ERROR OMAudit - user=runner | ip=127.0.0.1 | op=GET_FILE_STATUS {volume=volume84440, bucket=bucket08814, key=testBatchDelete/parent/childFolder/child4, dataSize=0, replicationConfig=null} | ret=FAILURE
org.apache.hadoop.ozone.om.exceptions.OMException: Unable to get file status: volume: volume84440 bucket: bucket08814 key: testBatchDelete/parent/childFolder/child4
	at org.apache.hadoop.ozone.om.KeyManagerImpl.getOzoneFileStatus(KeyManagerImpl.java:1283) ~[ozone-manager-1.3.0-SNAPSHOT.jar:?]
	at org.apache.hadoop.ozone.om.KeyManagerImpl.getFileStatus(KeyManagerImpl.java:1213) ~[ozone-manager-1.3.0-SNAPSHOT.jar:?]
	at org.apache.hadoop.ozone.om.OzoneManager.getFileStatus(OzoneManager.java:3419) ~[ozone-manager-1.3.0-SNAPSHOT.jar:?]
	at org.apache.hadoop.ozone.protocolPB.OzoneManagerRequestHandler.getOzoneFileStatus(OzoneManagerRequestHandler.java:871) ~[ozone-manager-1.3.0-SNAPSHOT.jar:?]
	at org.apache.hadoop.ozone.protocolPB.OzoneManagerRequestHandler.handleReadRequest(OzoneManagerRequestHandler.java:217) ~[ozone-manager-1.3.0-SNAPSHOT.jar:?]
	at org.apache.hadoop.ozone.protocolPB.OzoneManagerProtocolServerSideTranslatorPB.submitRequestDirectlyToOM(OzoneManagerProtocolServerSideTranslatorPB.java:284) ~[ozone-manager-1.3.0-SNAPSHOT.jar:?]
	at org.apache.hadoop.ozone.protocolPB.OzoneManagerProtocolServerSideTranslatorPB.processRequest(OzoneManagerProtocolServerSideTranslatorPB.java:207) ~[ozone-manager-1.3.0-SNAPSHOT.jar:?]
	at org.apache.hadoop.hdds.server.OzoneProtocolMessageDispatcher.processRequest(OzoneProtocolMessageDispatcher.java:87) [hdds-server-framework-1.3.0-SNAPSHOT.jar:?]
	at org.apache.hadoop.ozone.protocolPB.OzoneManagerProtocolServerSideTranslatorPB.submitRequest(OzoneManagerProtocolServerSideTranslatorPB.java:147) [ozone-manager-1.3.0-SNAPSHOT.jar:?]
	at org.apache.hadoop.ozone.protocol.proto.OzoneManagerProtocolProtos$OzoneManagerService$2.callBlockingMethod(OzoneManagerProtocolProtos.java) [ozone-interface-client-1.3.0-SNAPSHOT.jar:?]
	at org.apache.hadoop.ipc.ProtobufRpcEngine$Server.processCall(ProtobufRpcEngine.java:466) [hadoop-common-3.3.1.jar:?]
	at org.apache.hadoop.ipc.ProtobufRpcEngine2$Server$ProtoBufRpcInvoker.call(ProtobufRpcEngine2.java:574) [hadoop-common-3.3.1.jar:?]
	at org.apache.hadoop.ipc.ProtobufRpcEngine2$Server$ProtoBufRpcInvoker.call(ProtobufRpcEngine2.java:552) [hadoop-common-3.3.1.jar:?]
	at org.apache.hadoop.ipc.RPC$Server.call(RPC.java:1093) [hadoop-common-3.3.1.jar:?]
	at org.apache.hadoop.ipc.Server$RpcCall.run(Server.java:1035) [hadoop-common-3.3.1.jar:?]
	at org.apache.hadoop.ipc.Server$RpcCall.run(Server.java:963) [hadoop-common-3.3.1.jar:?]
	at java.security.AccessController.doPrivileged(Native Method) ~[?:1.8.0_332]
	at javax.security.auth.Subject.doAs(Subject.java:422) [?:1.8.0_332]
	at org.apache.hadoop.security.UserGroupInformation.doAs(UserGroupInformation.java:1878) [hadoop-common-3.3.1.jar:?]
	at org.apache.hadoop.ipc.Server$Handler.run(Server.java:2966) [hadoop-common-3.3.1.jar:?]
13:08:59.202 [IPC Server handler 10 on default port 38405] ERROR OMAudit - user=runner | ip=127.0.0.1 | op=GET_FILE_STATUS {volume=volume84440, bucket=bucket08814, key=testBatchDelete/parent/child5, dataSize=0, replicationConfig=null} | ret=FAILURE
org.apache.hadoop.ozone.om.exceptions.OMException: Unable to get file status: volume: volume84440 bucket: bucket08814 key: testBatchDelete/parent/child5
	at org.apache.hadoop.ozone.om.KeyManagerImpl.getOzoneFileStatus(KeyManagerImpl.java:1283) ~[ozone-manager-1.3.0-SNAPSHOT.jar:?]
	at org.apache.hadoop.ozone.om.KeyManagerImpl.getFileStatus(KeyManagerImpl.java:1213) ~[ozone-manager-1.3.0-SNAPSHOT.jar:?]
	at org.apache.hadoop.ozone.om.OzoneManager.getFileStatus(OzoneManager.java:3419) ~[ozone-manager-1.3.0-SNAPSHOT.jar:?]
	at org.apache.hadoop.ozone.protocolPB.OzoneManagerRequestHandler.getOzoneFileStatus(OzoneManagerRequestHandler.java:871) ~[ozone-manager-1.3.0-SNAPSHOT.jar:?]
	at org.apache.hadoop.ozone.protocolPB.OzoneManagerRequestHandler.handleReadRequest(OzoneManagerRequestHandler.java:217) ~[ozone-manager-1.3.0-SNAPSHOT.jar:?]
	at org.apache.hadoop.ozone.protocolPB.OzoneManagerProtocolServerSideTranslatorPB.submitRequestDirectlyToOM(OzoneManagerProtocolServerSideTranslatorPB.java:284) ~[ozone-manager-1.3.0-SNAPSHOT.jar:?]
	at org.apache.hadoop.ozone.protocolPB.OzoneManagerProtocolServerSideTranslatorPB.processRequest(OzoneManagerProtocolServerSideTranslatorPB.java:207) ~[ozone-manager-1.3.0-SNAPSHOT.jar:?]
	at org.apache.hadoop.hdds.server.OzoneProtocolMessageDispatcher.processRequest(OzoneProtocolMessageDispatcher.java:87) [hdds-server-framework-1.3.0-SNAPSHOT.jar:?]
	at org.apache.hadoop.ozone.protocolPB.OzoneManagerProtocolServerSideTranslatorPB.submitRequest(OzoneManagerProtocolServerSideTranslatorPB.java:147) [ozone-manager-1.3.0-SNAPSHOT.jar:?]
	at org.apache.hadoop.ozone.protocol.proto.OzoneManagerProtocolProtos$OzoneManagerService$2.callBlockingMethod(OzoneManagerProtocolProtos.java) [ozone-interface-client-1.3.0-SNAPSHOT.jar:?]
	at org.apache.hadoop.ipc.ProtobufRpcEngine$Server.processCall(ProtobufRpcEngine.java:466) [hadoop-common-3.3.1.jar:?]
	at org.apache.hadoop.ipc.ProtobufRpcEngine2$Server$ProtoBufRpcInvoker.call(ProtobufRpcEngine2.java:574) [hadoop-common-3.3.1.jar:?]
	at org.apache.hadoop.ipc.ProtobufRpcEngine2$Server$ProtoBufRpcInvoker.call(ProtobufRpcEngine2.java:552) [hadoop-common-3.3.1.jar:?]
	at org.apache.hadoop.ipc.RPC$Server.call(RPC.java:1093) [hadoop-common-3.3.1.jar:?]
	at org.apache.hadoop.ipc.Server$RpcCall.run(Server.java:1035) [hadoop-common-3.3.1.jar:?]
	at org.apache.hadoop.ipc.Server$RpcCall.run(Server.java:963) [hadoop-common-3.3.1.jar:?]
	at java.security.AccessController.doPrivileged(Native Method) ~[?:1.8.0_332]
	at javax.security.auth.Subject.doAs(Subject.java:422) [?:1.8.0_332]
	at org.apache.hadoop.security.UserGroupInformation.doAs(UserGroupInformation.java:1878) [hadoop-common-3.3.1.jar:?]
	at org.apache.hadoop.ipc.Server$Handler.run(Server.java:2966) [hadoop-common-3.3.1.jar:?]
13:08:59.203 [IPC Server handler 8 on default port 38405] ERROR OMAudit - user=runner | ip=127.0.0.1 | op=GET_FILE_STATUS {volume=volume84440, bucket=bucket08814, key=testBatchDelete/parent/childFolder/child5, dataSize=0, replicationConfig=null} | ret=FAILURE
org.apache.hadoop.ozone.om.exceptions.OMException: Unable to get file status: volume: volume84440 bucket: bucket08814 key: testBatchDelete/parent/childFolder/child5
	at org.apache.hadoop.ozone.om.KeyManagerImpl.getOzoneFileStatus(KeyManagerImpl.java:1283) ~[ozone-manager-1.3.0-SNAPSHOT.jar:?]
	at org.apache.hadoop.ozone.om.KeyManagerImpl.getFileStatus(KeyManagerImpl.java:1213) ~[ozone-manager-1.3.0-SNAPSHOT.jar:?]
	at org.apache.hadoop.ozone.om.OzoneManager.getFileStatus(OzoneManager.java:3419) ~[ozone-manager-1.3.0-SNAPSHOT.jar:?]
	at org.apache.hadoop.ozone.protocolPB.OzoneManagerRequestHandler.getOzoneFileStatus(OzoneManagerRequestHandler.java:871) ~[ozone-manager-1.3.0-SNAPSHOT.jar:?]
	at org.apache.hadoop.ozone.protocolPB.OzoneManagerRequestHandler.handleReadRequest(OzoneManagerRequestHandler.java:217) ~[ozone-manager-1.3.0-SNAPSHOT.jar:?]
	at org.apache.hadoop.ozone.protocolPB.OzoneManagerProtocolServerSideTranslatorPB.submitRequestDirectlyToOM(OzoneManagerProtocolServerSideTranslatorPB.java:284) ~[ozone-manager-1.3.0-SNAPSHOT.jar:?]
	at org.apache.hadoop.ozone.protocolPB.OzoneManagerProtocolServerSideTranslatorPB.processRequest(OzoneManagerProtocolServerSideTranslatorPB.java:207) ~[ozone-manager-1.3.0-SNAPSHOT.jar:?]
	at org.apache.hadoop.hdds.server.OzoneProtocolMessageDispatcher.processRequest(OzoneProtocolMessageDispatcher.java:87) [hdds-server-framework-1.3.0-SNAPSHOT.jar:?]
	at org.apache.hadoop.ozone.protocolPB.OzoneManagerProtocolServerSideTranslatorPB.submitRequest(OzoneManagerProtocolServerSideTranslatorPB.java:147) [ozone-manager-1.3.0-SNAPSHOT.jar:?]
	at org.apache.hadoop.ozone.protocol.proto.OzoneManagerProtocolProtos$OzoneManagerService$2.callBlockingMethod(OzoneManagerProtocolProtos.java) [ozone-interface-client-1.3.0-SNAPSHOT.jar:?]
	at org.apache.hadoop.ipc.ProtobufRpcEngine$Server.processCall(ProtobufRpcEngine.java:466) [hadoop-common-3.3.1.jar:?]
	at org.apache.hadoop.ipc.ProtobufRpcEngine2$Server$ProtoBufRpcInvoker.call(ProtobufRpcEngine2.java:574) [hadoop-common-3.3.1.jar:?]
	at org.apache.hadoop.ipc.ProtobufRpcEngine2$Server$ProtoBufRpcInvoker.call(ProtobufRpcEngine2.java:552) [hadoop-common-3.3.1.jar:?]
	at org.apache.hadoop.ipc.RPC$Server.call(RPC.java:1093) [hadoop-common-3.3.1.jar:?]
	at org.apache.hadoop.ipc.Server$RpcCall.run(Server.java:1035) [hadoop-common-3.3.1.jar:?]
	at org.apache.hadoop.ipc.Server$RpcCall.run(Server.java:963) [hadoop-common-3.3.1.jar:?]
	at java.security.AccessController.doPrivileged(Native Method) ~[?:1.8.0_332]
	at javax.security.auth.Subject.doAs(Subject.java:422) [?:1.8.0_332]
	at org.apache.hadoop.security.UserGroupInformation.doAs(UserGroupInformation.java:1878) [hadoop-common-3.3.1.jar:?]
	at org.apache.hadoop.ipc.Server$Handler.run(Server.java:2966) [hadoop-common-3.3.1.jar:?]
13:08:59.203 [IPC Server handler 0 on default port 38405] ERROR OMAudit - user=runner | ip=127.0.0.1 | op=GET_FILE_STATUS {volume=volume84440, bucket=bucket08814, key=testBatchDelete/parent/child6, dataSize=0, replicationConfig=null} | ret=FAILURE
org.apache.hadoop.ozone.om.exceptions.OMException: Unable to get file status: volume: volume84440 bucket: bucket08814 key: testBatchDelete/parent/child6
	at org.apache.hadoop.ozone.om.KeyManagerImpl.getOzoneFileStatus(KeyManagerImpl.java:1283) ~[ozone-manager-1.3.0-SNAPSHOT.jar:?]
	at org.apache.hadoop.ozone.om.KeyManagerImpl.getFileStatus(KeyManagerImpl.java:1213) ~[ozone-manager-1.3.0-SNAPSHOT.jar:?]
	at org.apache.hadoop.ozone.om.OzoneManager.getFileStatus(OzoneManager.java:3419) ~[ozone-manager-1.3.0-SNAPSHOT.jar:?]
	at org.apache.hadoop.ozone.protocolPB.OzoneManagerRequestHandler.getOzoneFileStatus(OzoneManagerRequestHandler.java:871) ~[ozone-manager-1.3.0-SNAPSHOT.jar:?]
	at org.apache.hadoop.ozone.protocolPB.OzoneManagerRequestHandler.handleReadRequest(OzoneManagerRequestHandler.java:217) ~[ozone-manager-1.3.0-SNAPSHOT.jar:?]
	at org.apache.hadoop.ozone.protocolPB.OzoneManagerProtocolServerSideTranslatorPB.submitRequestDirectlyToOM(OzoneManagerProtocolServerSideTranslatorPB.java:284) ~[ozone-manager-1.3.0-SNAPSHOT.jar:?]
	at org.apache.hadoop.ozone.protocolPB.OzoneManagerProtocolServerSideTranslatorPB.processRequest(OzoneManagerProtocolServerSideTranslatorPB.java:207) ~[ozone-manager-1.3.0-SNAPSHOT.jar:?]
	at org.apache.hadoop.hdds.server.OzoneProtocolMessageDispatcher.processRequest(OzoneProtocolMessageDispatcher.java:87) [hdds-server-framework-1.3.0-SNAPSHOT.jar:?]
	at org.apache.hadoop.ozone.protocolPB.OzoneManagerProtocolServerSideTranslatorPB.submitRequest(OzoneManagerProtocolServerSideTranslatorPB.java:147) [ozone-manager-1.3.0-SNAPSHOT.jar:?]
	at org.apache.hadoop.ozone.protocol.proto.OzoneManagerProtocolProtos$OzoneManagerService$2.callBlockingMethod(OzoneManagerProtocolProtos.java) [ozone-interface-client-1.3.0-SNAPSHOT.jar:?]
	at org.apache.hadoop.ipc.ProtobufRpcEngine$Server.processCall(ProtobufRpcEngine.java:466) [hadoop-common-3.3.1.jar:?]
	at org.apache.hadoop.ipc.ProtobufRpcEngine2$Server$ProtoBufRpcInvoker.call(ProtobufRpcEngine2.java:574) [hadoop-common-3.3.1.jar:?]
	at org.apache.hadoop.ipc.ProtobufRpcEngine2$Server$ProtoBufRpcInvoker.call(ProtobufRpcEngine2.java:552) [hadoop-common-3.3.1.jar:?]
	at org.apache.hadoop.ipc.RPC$Server.call(RPC.java:1093) [hadoop-common-3.3.1.jar:?]
	at org.apache.hadoop.ipc.Server$RpcCall.run(Server.java:1035) [hadoop-common-3.3.1.jar:?]
	at org.apache.hadoop.ipc.Server$RpcCall.run(Server.java:963) [hadoop-common-3.3.1.jar:?]
	at java.security.AccessController.doPrivileged(Native Method) ~[?:1.8.0_332]
	at javax.security.auth.Subject.doAs(Subject.java:422) [?:1.8.0_332]
	at org.apache.hadoop.security.UserGroupInformation.doAs(UserGroupInformation.java:1878) [hadoop-common-3.3.1.jar:?]
	at org.apache.hadoop.ipc.Server$Handler.run(Server.java:2966) [hadoop-common-3.3.1.jar:?]
13:08:59.204 [IPC Server handler 6 on default port 38405] ERROR OMAudit - user=runner | ip=127.0.0.1 | op=GET_FILE_STATUS {volume=volume84440, bucket=bucket08814, key=testBatchDelete/parent/childFolder/child6, dataSize=0, replicationConfig=null} | ret=FAILURE
org.apache.hadoop.ozone.om.exceptions.OMException: Unable to get file status: volume: volume84440 bucket: bucket08814 key: testBatchDelete/parent/childFolder/child6
	at org.apache.hadoop.ozone.om.KeyManagerImpl.getOzoneFileStatus(KeyManagerImpl.java:1283) ~[ozone-manager-1.3.0-SNAPSHOT.jar:?]
	at org.apache.hadoop.ozone.om.KeyManagerImpl.getFileStatus(KeyManagerImpl.java:1213) ~[ozone-manager-1.3.0-SNAPSHOT.jar:?]
	at org.apache.hadoop.ozone.om.OzoneManager.getFileStatus(OzoneManager.java:3419) ~[ozone-manager-1.3.0-SNAPSHOT.jar:?]
	at org.apache.hadoop.ozone.protocolPB.OzoneManagerRequestHandler.getOzoneFileStatus(OzoneManagerRequestHandler.java:871) ~[ozone-manager-1.3.0-SNAPSHOT.jar:?]
	at org.apache.hadoop.ozone.protocolPB.OzoneManagerRequestHandler.handleReadRequest(OzoneManagerRequestHandler.java:217) ~[ozone-manager-1.3.0-SNAPSHOT.jar:?]
	at org.apache.hadoop.ozone.protocolPB.OzoneManagerProtocolServerSideTranslatorPB.submitRequestDirectlyToOM(OzoneManagerProtocolServerSideTranslatorPB.java:284) ~[ozone-manager-1.3.0-SNAPSHOT.jar:?]
	at org.apache.hadoop.ozone.protocolPB.OzoneManagerProtocolServerSideTranslatorPB.processRequest(OzoneManagerProtocolServerSideTranslatorPB.java:207) ~[ozone-manager-1.3.0-SNAPSHOT.jar:?]
	at org.apache.hadoop.hdds.server.OzoneProtocolMessageDispatcher.processRequest(OzoneProtocolMessageDispatcher.java:87) [hdds-server-framework-1.3.0-SNAPSHOT.jar:?]
	at org.apache.hadoop.ozone.protocolPB.OzoneManagerProtocolServerSideTranslatorPB.submitRequest(OzoneManagerProtocolServerSideTranslatorPB.java:147) [ozone-manager-1.3.0-SNAPSHOT.jar:?]
	at org.apache.hadoop.ozone.protocol.proto.OzoneManagerProtocolProtos$OzoneManagerService$2.callBlockingMethod(OzoneManagerProtocolProtos.java) [ozone-interface-client-1.3.0-SNAPSHOT.jar:?]
	at org.apache.hadoop.ipc.ProtobufRpcEngine$Server.processCall(ProtobufRpcEngine.java:466) [hadoop-common-3.3.1.jar:?]
	at org.apache.hadoop.ipc.ProtobufRpcEngine2$Server$ProtoBufRpcInvoker.call(ProtobufRpcEngine2.java:574) [hadoop-common-3.3.1.jar:?]
	at org.apache.hadoop.ipc.ProtobufRpcEngine2$Server$ProtoBufRpcInvoker.call(ProtobufRpcEngine2.java:552) [hadoop-common-3.3.1.jar:?]
	at org.apache.hadoop.ipc.RPC$Server.call(RPC.java:1093) [hadoop-common-3.3.1.jar:?]
	at org.apache.hadoop.ipc.Server$RpcCall.run(Server.java:1035) [hadoop-common-3.3.1.jar:?]
	at org.apache.hadoop.ipc.Server$RpcCall.run(Server.java:963) [hadoop-common-3.3.1.jar:?]
	at java.security.AccessController.doPrivileged(Native Method) ~[?:1.8.0_332]
	at javax.security.auth.Subject.doAs(Subject.java:422) [?:1.8.0_332]
	at org.apache.hadoop.security.UserGroupInformation.doAs(UserGroupInformation.java:1878) [hadoop-common-3.3.1.jar:?]
	at org.apache.hadoop.ipc.Server$Handler.run(Server.java:2966) [hadoop-common-3.3.1.jar:?]
13:08:59.206 [IPC Server handler 5 on default port 38405] ERROR OMAudit - user=runner | ip=127.0.0.1 | op=GET_FILE_STATUS {volume=volume84440, bucket=bucket08814, key=testBatchDelete/parent/child7, dataSize=0, replicationConfig=null} | ret=FAILURE
org.apache.hadoop.ozone.om.exceptions.OMException: Unable to get file status: volume: volume84440 bucket: bucket08814 key: testBatchDelete/parent/child7
	at org.apache.hadoop.ozone.om.KeyManagerImpl.getOzoneFileStatus(KeyManagerImpl.java:1283) ~[ozone-manager-1.3.0-SNAPSHOT.jar:?]
	at org.apache.hadoop.ozone.om.KeyManagerImpl.getFileStatus(KeyManagerImpl.java:1213) ~[ozone-manager-1.3.0-SNAPSHOT.jar:?]
	at org.apache.hadoop.ozone.om.OzoneManager.getFileStatus(OzoneManager.java:3419) ~[ozone-manager-1.3.0-SNAPSHOT.jar:?]
	at org.apache.hadoop.ozone.protocolPB.OzoneManagerRequestHandler.getOzoneFileStatus(OzoneManagerRequestHandler.java:871) ~[ozone-manager-1.3.0-SNAPSHOT.jar:?]
	at org.apache.hadoop.ozone.protocolPB.OzoneManagerRequestHandler.handleReadRequest(OzoneManagerRequestHandler.java:217) ~[ozone-manager-1.3.0-SNAPSHOT.jar:?]
	at org.apache.hadoop.ozone.protocolPB.OzoneManagerProtocolServerSideTranslatorPB.submitRequestDirectlyToOM(OzoneManagerProtocolServerSideTranslatorPB.java:284) ~[ozone-manager-1.3.0-SNAPSHOT.jar:?]
	at org.apache.hadoop.ozone.protocolPB.OzoneManagerProtocolServerSideTranslatorPB.processRequest(OzoneManagerProtocolServerSideTranslatorPB.java:207) ~[ozone-manager-1.3.0-SNAPSHOT.jar:?]
	at org.apache.hadoop.hdds.server.OzoneProtocolMessageDispatcher.processRequest(OzoneProtocolMessageDispatcher.java:87) [hdds-server-framework-1.3.0-SNAPSHOT.jar:?]
	at org.apache.hadoop.ozone.protocolPB.OzoneManagerProtocolServerSideTranslatorPB.submitRequest(OzoneManagerProtocolServerSideTranslatorPB.java:147) [ozone-manager-1.3.0-SNAPSHOT.jar:?]
	at org.apache.hadoop.ozone.protocol.proto.OzoneManagerProtocolProtos$OzoneManagerService$2.callBlockingMethod(OzoneManagerProtocolProtos.java) [ozone-interface-client-1.3.0-SNAPSHOT.jar:?]
	at org.apache.hadoop.ipc.ProtobufRpcEngine$Server.processCall(ProtobufRpcEngine.java:466) [hadoop-common-3.3.1.jar:?]
	at org.apache.hadoop.ipc.ProtobufRpcEngine2$Server$ProtoBufRpcInvoker.call(ProtobufRpcEngine2.java:574) [hadoop-common-3.3.1.jar:?]
	at org.apache.hadoop.ipc.ProtobufRpcEngine2$Server$ProtoBufRpcInvoker.call(ProtobufRpcEngine2.java:552) [hadoop-common-3.3.1.jar:?]
	at org.apache.hadoop.ipc.RPC$Server.call(RPC.java:1093) [hadoop-common-3.3.1.jar:?]
	at org.apache.hadoop.ipc.Server$RpcCall.run(Server.java:1035) [hadoop-common-3.3.1.jar:?]
	at org.apache.hadoop.ipc.Server$RpcCall.run(Server.java:963) [hadoop-common-3.3.1.jar:?]
	at java.security.AccessController.doPrivileged(Native Method) ~[?:1.8.0_332]
	at javax.security.auth.Subject.doAs(Subject.java:422) [?:1.8.0_332]
	at org.apache.hadoop.security.UserGroupInformation.doAs(UserGroupInformation.java:1878) [hadoop-common-3.3.1.jar:?]
	at org.apache.hadoop.ipc.Server$Handler.run(Server.java:2966) [hadoop-common-3.3.1.jar:?]
13:08:59.207 [IPC Server handler 4 on default port 38405] ERROR OMAudit - user=runner | ip=127.0.0.1 | op=GET_FILE_STATUS {volume=volume84440, bucket=bucket08814, key=testBatchDelete/parent/childFolder/child7, dataSize=0, replicationConfig=null} | ret=FAILURE
org.apache.hadoop.ozone.om.exceptions.OMException: Unable to get file status: volume: volume84440 bucket: bucket08814 key: testBatchDelete/parent/childFolder/child7
	at org.apache.hadoop.ozone.om.KeyManagerImpl.getOzoneFileStatus(KeyManagerImpl.java:1283) ~[ozone-manager-1.3.0-SNAPSHOT.jar:?]
	at org.apache.hadoop.ozone.om.KeyManagerImpl.getFileStatus(KeyManagerImpl.java:1213) ~[ozone-manager-1.3.0-SNAPSHOT.jar:?]
	at org.apache.hadoop.ozone.om.OzoneManager.getFileStatus(OzoneManager.java:3419) ~[ozone-manager-1.3.0-SNAPSHOT.jar:?]
	at org.apache.hadoop.ozone.protocolPB.OzoneManagerRequestHandler.getOzoneFileStatus(OzoneManagerRequestHandler.java:871) ~[ozone-manager-1.3.0-SNAPSHOT.jar:?]
	at org.apache.hadoop.ozone.protocolPB.OzoneManagerRequestHandler.handleReadRequest(OzoneManagerRequestHandler.java:217) ~[ozone-manager-1.3.0-SNAPSHOT.jar:?]
	at org.apache.hadoop.ozone.protocolPB.OzoneManagerProtocolServerSideTranslatorPB.submitRequestDirectlyToOM(OzoneManagerProtocolServerSideTranslatorPB.java:284) ~[ozone-manager-1.3.0-SNAPSHOT.jar:?]
	at org.apache.hadoop.ozone.protocolPB.OzoneManagerProtocolServerSideTranslatorPB.processRequest(OzoneManagerProtocolServerSideTranslatorPB.java:207) ~[ozone-manager-1.3.0-SNAPSHOT.jar:?]
	at org.apache.hadoop.hdds.server.OzoneProtocolMessageDispatcher.processRequest(OzoneProtocolMessageDispatcher.java:87) [hdds-server-framework-1.3.0-SNAPSHOT.jar:?]
	at org.apache.hadoop.ozone.protocolPB.OzoneManagerProtocolServerSideTranslatorPB.submitRequest(OzoneManagerProtocolServerSideTranslatorPB.java:147) [ozone-manager-1.3.0-SNAPSHOT.jar:?]
	at org.apache.hadoop.ozone.protocol.proto.OzoneManagerProtocolProtos$OzoneManagerService$2.callBlockingMethod(OzoneManagerProtocolProtos.java) [ozone-interface-client-1.3.0-SNAPSHOT.jar:?]
	at org.apache.hadoop.ipc.ProtobufRpcEngine$Server.processCall(ProtobufRpcEngine.java:466) [hadoop-common-3.3.1.jar:?]
	at org.apache.hadoop.ipc.ProtobufRpcEngine2$Server$ProtoBufRpcInvoker.call(ProtobufRpcEngine2.java:574) [hadoop-common-3.3.1.jar:?]
	at org.apache.hadoop.ipc.ProtobufRpcEngine2$Server$ProtoBufRpcInvoker.call(ProtobufRpcEngine2.java:552) [hadoop-common-3.3.1.jar:?]
	at org.apache.hadoop.ipc.RPC$Server.call(RPC.java:1093) [hadoop-common-3.3.1.jar:?]
	at org.apache.hadoop.ipc.Server$RpcCall.run(Server.java:1035) [hadoop-common-3.3.1.jar:?]
	at org.apache.hadoop.ipc.Server$RpcCall.run(Server.java:963) [hadoop-common-3.3.1.jar:?]
	at java.security.AccessController.doPrivileged(Native Method) ~[?:1.8.0_332]
	at javax.security.auth.Subject.doAs(Subject.java:422) [?:1.8.0_332]
	at org.apache.hadoop.security.UserGroupInformation.doAs(UserGroupInformation.java:1878) [hadoop-common-3.3.1.jar:?]
	at org.apache.hadoop.ipc.Server$Handler.run(Server.java:2966) [hadoop-common-3.3.1.jar:?]
13:08:59.207 [IPC Server handler 3 on default port 38405] ERROR OMAudit - user=runner | ip=127.0.0.1 | op=GET_FILE_STATUS {volume=volume84440, bucket=bucket08814, key=testBatchDelete/parent, dataSize=0, replicationConfig=null} | ret=FAILURE
org.apache.hadoop.ozone.om.exceptions.OMException: Unable to get file status: volume: volume84440 bucket: bucket08814 key: testBatchDelete/parent
	at org.apache.hadoop.ozone.om.KeyManagerImpl.getOzoneFileStatus(KeyManagerImpl.java:1283) ~[ozone-manager-1.3.0-SNAPSHOT.jar:?]
	at org.apache.hadoop.ozone.om.KeyManagerImpl.getFileStatus(KeyManagerImpl.java:1213) ~[ozone-manager-1.3.0-SNAPSHOT.jar:?]
	at org.apache.hadoop.ozone.om.OzoneManager.getFileStatus(OzoneManager.java:3419) ~[ozone-manager-1.3.0-SNAPSHOT.jar:?]
	at org.apache.hadoop.ozone.protocolPB.OzoneManagerRequestHandler.getOzoneFileStatus(OzoneManagerRequestHandler.java:871) ~[ozone-manager-1.3.0-SNAPSHOT.jar:?]
	at org.apache.hadoop.ozone.protocolPB.OzoneManagerRequestHandler.handleReadRequest(OzoneManagerRequestHandler.java:217) ~[ozone-manager-1.3.0-SNAPSHOT.jar:?]
	at org.apache.hadoop.ozone.protocolPB.OzoneManagerProtocolServerSideTranslatorPB.submitRequestDirectlyToOM(OzoneManagerProtocolServerSideTranslatorPB.java:284) ~[ozone-manager-1.3.0-SNAPSHOT.jar:?]
	at org.apache.hadoop.ozone.protocolPB.OzoneManagerProtocolServerSideTranslatorPB.processRequest(OzoneManagerProtocolServerSideTranslatorPB.java:207) ~[ozone-manager-1.3.0-SNAPSHOT.jar:?]
	at org.apache.hadoop.hdds.server.OzoneProtocolMessageDispatcher.processRequest(OzoneProtocolMessageDispatcher.java:87) [hdds-server-framework-1.3.0-SNAPSHOT.jar:?]
	at org.apache.hadoop.ozone.protocolPB.OzoneManagerProtocolServerSideTranslatorPB.submitRequest(OzoneManagerProtocolServerSideTranslatorPB.java:147) [ozone-manager-1.3.0-SNAPSHOT.jar:?]
	at org.apache.hadoop.ozone.protocol.proto.OzoneManagerProtocolProtos$OzoneManagerService$2.callBlockingMethod(OzoneManagerProtocolProtos.java) [ozone-interface-client-1.3.0-SNAPSHOT.jar:?]
	at org.apache.hadoop.ipc.ProtobufRpcEngine$Server.processCall(ProtobufRpcEngine.java:466) [hadoop-common-3.3.1.jar:?]
	at org.apache.hadoop.ipc.ProtobufRpcEngine2$Server$ProtoBufRpcInvoker.call(ProtobufRpcEngine2.java:574) [hadoop-common-3.3.1.jar:?]
	at org.apache.hadoop.ipc.ProtobufRpcEngine2$Server$ProtoBufRpcInvoker.call(ProtobufRpcEngine2.java:552) [hadoop-common-3.3.1.jar:?]
	at org.apache.hadoop.ipc.RPC$Server.call(RPC.java:1093) [hadoop-common-3.3.1.jar:?]
	at org.apache.hadoop.ipc.Server$RpcCall.run(Server.java:1035) [hadoop-common-3.3.1.jar:?]
	at org.apache.hadoop.ipc.Server$RpcCall.run(Server.java:963) [hadoop-common-3.3.1.jar:?]
	at java.security.AccessController.doPrivileged(Native Method) ~[?:1.8.0_332]
	at javax.security.auth.Subject.doAs(Subject.java:422) [?:1.8.0_332]
	at org.apache.hadoop.security.UserGroupInformation.doAs(UserGroupInformation.java:1878) [hadoop-common-3.3.1.jar:?]
	at org.apache.hadoop.ipc.Server$Handler.run(Server.java:2966) [hadoop-common-3.3.1.jar:?]
2022-06-19 13:08:59,208 [Time-limited test] WARN  ozone.BasicOzoneFileSystem (BasicOzoneFileSystem.java:delete(532)) - delete: Path does not exist: /testBatchDelete/parent
]]></system-out>
  </testcase>
  <testcase name="testRenameToTrashEnabled" classname="TestOzoneFileSystem" time="0.128">
    <system-out><![CDATA[13:05:09.281 [IPC Server handler 5 on default port 33959] ERROR OMAudit - user=runner | ip=127.0.0.1 | op=GET_FILE_STATUS {volume=volume58940, bucket=bucket47939, key=.Trash/runner/Current/testKey1, dataSize=0, replicationConfig=null} | ret=FAILURE
org.apache.hadoop.ozone.om.exceptions.OMException: Unable to get file status: volume: volume58940 bucket: bucket47939 key: .Trash/runner/Current/testKey1
	at org.apache.hadoop.ozone.om.KeyManagerImpl.getOzoneFileStatus(KeyManagerImpl.java:1283) ~[ozone-manager-1.3.0-SNAPSHOT.jar:?]
	at org.apache.hadoop.ozone.om.KeyManagerImpl.getFileStatus(KeyManagerImpl.java:1213) ~[ozone-manager-1.3.0-SNAPSHOT.jar:?]
	at org.apache.hadoop.ozone.om.OzoneManager.getFileStatus(OzoneManager.java:3419) ~[ozone-manager-1.3.0-SNAPSHOT.jar:?]
	at org.apache.hadoop.ozone.protocolPB.OzoneManagerRequestHandler.getOzoneFileStatus(OzoneManagerRequestHandler.java:871) ~[ozone-manager-1.3.0-SNAPSHOT.jar:?]
	at org.apache.hadoop.ozone.protocolPB.OzoneManagerRequestHandler.handleReadRequest(OzoneManagerRequestHandler.java:217) ~[ozone-manager-1.3.0-SNAPSHOT.jar:?]
	at org.apache.hadoop.ozone.protocolPB.OzoneManagerProtocolServerSideTranslatorPB.submitReadRequestToOM(OzoneManagerProtocolServerSideTranslatorPB.java:225) ~[ozone-manager-1.3.0-SNAPSHOT.jar:?]
	at org.apache.hadoop.ozone.protocolPB.OzoneManagerProtocolServerSideTranslatorPB.processRequest(OzoneManagerProtocolServerSideTranslatorPB.java:175) ~[ozone-manager-1.3.0-SNAPSHOT.jar:?]
	at org.apache.hadoop.hdds.server.OzoneProtocolMessageDispatcher.processRequest(OzoneProtocolMessageDispatcher.java:87) [hdds-server-framework-1.3.0-SNAPSHOT.jar:?]
	at org.apache.hadoop.ozone.protocolPB.OzoneManagerProtocolServerSideTranslatorPB.submitRequest(OzoneManagerProtocolServerSideTranslatorPB.java:147) [ozone-manager-1.3.0-SNAPSHOT.jar:?]
	at org.apache.hadoop.ozone.protocol.proto.OzoneManagerProtocolProtos$OzoneManagerService$2.callBlockingMethod(OzoneManagerProtocolProtos.java) [ozone-interface-client-1.3.0-SNAPSHOT.jar:?]
	at org.apache.hadoop.ipc.ProtobufRpcEngine$Server.processCall(ProtobufRpcEngine.java:466) [hadoop-common-3.3.1.jar:?]
	at org.apache.hadoop.ipc.ProtobufRpcEngine2$Server$ProtoBufRpcInvoker.call(ProtobufRpcEngine2.java:574) [hadoop-common-3.3.1.jar:?]
	at org.apache.hadoop.ipc.ProtobufRpcEngine2$Server$ProtoBufRpcInvoker.call(ProtobufRpcEngine2.java:552) [hadoop-common-3.3.1.jar:?]
	at org.apache.hadoop.ipc.RPC$Server.call(RPC.java:1093) [hadoop-common-3.3.1.jar:?]
	at org.apache.hadoop.ipc.Server$RpcCall.run(Server.java:1035) [hadoop-common-3.3.1.jar:?]
	at org.apache.hadoop.ipc.Server$RpcCall.run(Server.java:963) [hadoop-common-3.3.1.jar:?]
	at java.security.AccessController.doPrivileged(Native Method) ~[?:1.8.0_332]
	at javax.security.auth.Subject.doAs(Subject.java:422) [?:1.8.0_332]
	at org.apache.hadoop.security.UserGroupInformation.doAs(UserGroupInformation.java:1878) [hadoop-common-3.3.1.jar:?]
	at org.apache.hadoop.ipc.Server$Handler.run(Server.java:2966) [hadoop-common-3.3.1.jar:?]
13:05:09.284 [IPC Server handler 11 on default port 33959] ERROR OMAudit - user=runner | ip=127.0.0.1 | op=GET_FILE_STATUS {volume=volume58940, bucket=bucket47939, key=.Trash/runner/Current/testKey1, dataSize=0, replicationConfig=null} | ret=FAILURE
org.apache.hadoop.ozone.om.exceptions.OMException: Unable to get file status: volume: volume58940 bucket: bucket47939 key: .Trash/runner/Current/testKey1
	at org.apache.hadoop.ozone.om.KeyManagerImpl.getOzoneFileStatus(KeyManagerImpl.java:1283) ~[ozone-manager-1.3.0-SNAPSHOT.jar:?]
	at org.apache.hadoop.ozone.om.KeyManagerImpl.getFileStatus(KeyManagerImpl.java:1213) ~[ozone-manager-1.3.0-SNAPSHOT.jar:?]
	at org.apache.hadoop.ozone.om.OzoneManager.getFileStatus(OzoneManager.java:3419) ~[ozone-manager-1.3.0-SNAPSHOT.jar:?]
	at org.apache.hadoop.ozone.protocolPB.OzoneManagerRequestHandler.getOzoneFileStatus(OzoneManagerRequestHandler.java:871) ~[ozone-manager-1.3.0-SNAPSHOT.jar:?]
	at org.apache.hadoop.ozone.protocolPB.OzoneManagerRequestHandler.handleReadRequest(OzoneManagerRequestHandler.java:217) ~[ozone-manager-1.3.0-SNAPSHOT.jar:?]
	at org.apache.hadoop.ozone.protocolPB.OzoneManagerProtocolServerSideTranslatorPB.submitReadRequestToOM(OzoneManagerProtocolServerSideTranslatorPB.java:225) ~[ozone-manager-1.3.0-SNAPSHOT.jar:?]
	at org.apache.hadoop.ozone.protocolPB.OzoneManagerProtocolServerSideTranslatorPB.processRequest(OzoneManagerProtocolServerSideTranslatorPB.java:175) ~[ozone-manager-1.3.0-SNAPSHOT.jar:?]
	at org.apache.hadoop.hdds.server.OzoneProtocolMessageDispatcher.processRequest(OzoneProtocolMessageDispatcher.java:87) [hdds-server-framework-1.3.0-SNAPSHOT.jar:?]
	at org.apache.hadoop.ozone.protocolPB.OzoneManagerProtocolServerSideTranslatorPB.submitRequest(OzoneManagerProtocolServerSideTranslatorPB.java:147) [ozone-manager-1.3.0-SNAPSHOT.jar:?]
	at org.apache.hadoop.ozone.protocol.proto.OzoneManagerProtocolProtos$OzoneManagerService$2.callBlockingMethod(OzoneManagerProtocolProtos.java) [ozone-interface-client-1.3.0-SNAPSHOT.jar:?]
	at org.apache.hadoop.ipc.ProtobufRpcEngine$Server.processCall(ProtobufRpcEngine.java:466) [hadoop-common-3.3.1.jar:?]
	at org.apache.hadoop.ipc.ProtobufRpcEngine2$Server$ProtoBufRpcInvoker.call(ProtobufRpcEngine2.java:574) [hadoop-common-3.3.1.jar:?]
	at org.apache.hadoop.ipc.ProtobufRpcEngine2$Server$ProtoBufRpcInvoker.call(ProtobufRpcEngine2.java:552) [hadoop-common-3.3.1.jar:?]
	at org.apache.hadoop.ipc.RPC$Server.call(RPC.java:1093) [hadoop-common-3.3.1.jar:?]
	at org.apache.hadoop.ipc.Server$RpcCall.run(Server.java:1035) [hadoop-common-3.3.1.jar:?]
	at org.apache.hadoop.ipc.Server$RpcCall.run(Server.java:963) [hadoop-common-3.3.1.jar:?]
	at java.security.AccessController.doPrivileged(Native Method) ~[?:1.8.0_332]
	at javax.security.auth.Subject.doAs(Subject.java:422) [?:1.8.0_332]
	at org.apache.hadoop.security.UserGroupInformation.doAs(UserGroupInformation.java:1878) [hadoop-common-3.3.1.jar:?]
	at org.apache.hadoop.ipc.Server$Handler.run(Server.java:2966) [hadoop-common-3.3.1.jar:?]
2022-06-19 13:05:09,292 [Time-limited test] INFO  fs.TrashPolicyDefault (TrashPolicyDefault.java:moveToTrash(188)) - Moved: '/testKey1' to trash at: /.Trash/runner/Current/testKey1
]]></system-out>
  </testcase>
  <testcase name="testRenameToTrashEnabled" classname="TestOzoneFileSystem" time="0.239">
    <system-out><![CDATA[13:06:26.993 [IPC Server handler 7 on default port 45241] ERROR OMAudit - user=runner | ip=127.0.0.1 | op=GET_FILE_STATUS {volume=volume87664, bucket=bucket74908, key=.Trash/runner/Current/testKey1, dataSize=0, replicationConfig=null} | ret=FAILURE
org.apache.hadoop.ozone.om.exceptions.OMException: Unable to get file status: volume: volume87664 bucket: bucket74908 key: .Trash/runner/Current/testKey1
	at org.apache.hadoop.ozone.om.KeyManagerImpl.getOzoneFileStatus(KeyManagerImpl.java:1283) ~[ozone-manager-1.3.0-SNAPSHOT.jar:?]
	at org.apache.hadoop.ozone.om.KeyManagerImpl.getFileStatus(KeyManagerImpl.java:1213) ~[ozone-manager-1.3.0-SNAPSHOT.jar:?]
	at org.apache.hadoop.ozone.om.OzoneManager.getFileStatus(OzoneManager.java:3419) ~[ozone-manager-1.3.0-SNAPSHOT.jar:?]
	at org.apache.hadoop.ozone.protocolPB.OzoneManagerRequestHandler.getOzoneFileStatus(OzoneManagerRequestHandler.java:871) ~[ozone-manager-1.3.0-SNAPSHOT.jar:?]
	at org.apache.hadoop.ozone.protocolPB.OzoneManagerRequestHandler.handleReadRequest(OzoneManagerRequestHandler.java:217) ~[ozone-manager-1.3.0-SNAPSHOT.jar:?]
	at org.apache.hadoop.ozone.protocolPB.OzoneManagerProtocolServerSideTranslatorPB.submitRequestDirectlyToOM(OzoneManagerProtocolServerSideTranslatorPB.java:284) ~[ozone-manager-1.3.0-SNAPSHOT.jar:?]
	at org.apache.hadoop.ozone.protocolPB.OzoneManagerProtocolServerSideTranslatorPB.processRequest(OzoneManagerProtocolServerSideTranslatorPB.java:207) ~[ozone-manager-1.3.0-SNAPSHOT.jar:?]
	at org.apache.hadoop.hdds.server.OzoneProtocolMessageDispatcher.processRequest(OzoneProtocolMessageDispatcher.java:87) [hdds-server-framework-1.3.0-SNAPSHOT.jar:?]
	at org.apache.hadoop.ozone.protocolPB.OzoneManagerProtocolServerSideTranslatorPB.submitRequest(OzoneManagerProtocolServerSideTranslatorPB.java:147) [ozone-manager-1.3.0-SNAPSHOT.jar:?]
	at org.apache.hadoop.ozone.protocol.proto.OzoneManagerProtocolProtos$OzoneManagerService$2.callBlockingMethod(OzoneManagerProtocolProtos.java) [ozone-interface-client-1.3.0-SNAPSHOT.jar:?]
	at org.apache.hadoop.ipc.ProtobufRpcEngine$Server.processCall(ProtobufRpcEngine.java:466) [hadoop-common-3.3.1.jar:?]
	at org.apache.hadoop.ipc.ProtobufRpcEngine2$Server$ProtoBufRpcInvoker.call(ProtobufRpcEngine2.java:574) [hadoop-common-3.3.1.jar:?]
	at org.apache.hadoop.ipc.ProtobufRpcEngine2$Server$ProtoBufRpcInvoker.call(ProtobufRpcEngine2.java:552) [hadoop-common-3.3.1.jar:?]
	at org.apache.hadoop.ipc.RPC$Server.call(RPC.java:1093) [hadoop-common-3.3.1.jar:?]
	at org.apache.hadoop.ipc.Server$RpcCall.run(Server.java:1035) [hadoop-common-3.3.1.jar:?]
	at org.apache.hadoop.ipc.Server$RpcCall.run(Server.java:963) [hadoop-common-3.3.1.jar:?]
	at java.security.AccessController.doPrivileged(Native Method) ~[?:1.8.0_332]
	at javax.security.auth.Subject.doAs(Subject.java:422) [?:1.8.0_332]
	at org.apache.hadoop.security.UserGroupInformation.doAs(UserGroupInformation.java:1878) [hadoop-common-3.3.1.jar:?]
	at org.apache.hadoop.ipc.Server$Handler.run(Server.java:2966) [hadoop-common-3.3.1.jar:?]
13:06:26.995 [IPC Server handler 5 on default port 45241] ERROR OMAudit - user=runner | ip=127.0.0.1 | op=GET_FILE_STATUS {volume=volume87664, bucket=bucket74908, key=.Trash/runner/Current/testKey1, dataSize=0, replicationConfig=null} | ret=FAILURE
org.apache.hadoop.ozone.om.exceptions.OMException: Unable to get file status: volume: volume87664 bucket: bucket74908 key: .Trash/runner/Current/testKey1
	at org.apache.hadoop.ozone.om.KeyManagerImpl.getOzoneFileStatus(KeyManagerImpl.java:1283) ~[ozone-manager-1.3.0-SNAPSHOT.jar:?]
	at org.apache.hadoop.ozone.om.KeyManagerImpl.getFileStatus(KeyManagerImpl.java:1213) ~[ozone-manager-1.3.0-SNAPSHOT.jar:?]
	at org.apache.hadoop.ozone.om.OzoneManager.getFileStatus(OzoneManager.java:3419) ~[ozone-manager-1.3.0-SNAPSHOT.jar:?]
	at org.apache.hadoop.ozone.protocolPB.OzoneManagerRequestHandler.getOzoneFileStatus(OzoneManagerRequestHandler.java:871) ~[ozone-manager-1.3.0-SNAPSHOT.jar:?]
	at org.apache.hadoop.ozone.protocolPB.OzoneManagerRequestHandler.handleReadRequest(OzoneManagerRequestHandler.java:217) ~[ozone-manager-1.3.0-SNAPSHOT.jar:?]
	at org.apache.hadoop.ozone.protocolPB.OzoneManagerProtocolServerSideTranslatorPB.submitRequestDirectlyToOM(OzoneManagerProtocolServerSideTranslatorPB.java:284) ~[ozone-manager-1.3.0-SNAPSHOT.jar:?]
	at org.apache.hadoop.ozone.protocolPB.OzoneManagerProtocolServerSideTranslatorPB.processRequest(OzoneManagerProtocolServerSideTranslatorPB.java:207) ~[ozone-manager-1.3.0-SNAPSHOT.jar:?]
	at org.apache.hadoop.hdds.server.OzoneProtocolMessageDispatcher.processRequest(OzoneProtocolMessageDispatcher.java:87) [hdds-server-framework-1.3.0-SNAPSHOT.jar:?]
	at org.apache.hadoop.ozone.protocolPB.OzoneManagerProtocolServerSideTranslatorPB.submitRequest(OzoneManagerProtocolServerSideTranslatorPB.java:147) [ozone-manager-1.3.0-SNAPSHOT.jar:?]
	at org.apache.hadoop.ozone.protocol.proto.OzoneManagerProtocolProtos$OzoneManagerService$2.callBlockingMethod(OzoneManagerProtocolProtos.java) [ozone-interface-client-1.3.0-SNAPSHOT.jar:?]
	at org.apache.hadoop.ipc.ProtobufRpcEngine$Server.processCall(ProtobufRpcEngine.java:466) [hadoop-common-3.3.1.jar:?]
	at org.apache.hadoop.ipc.ProtobufRpcEngine2$Server$ProtoBufRpcInvoker.call(ProtobufRpcEngine2.java:574) [hadoop-common-3.3.1.jar:?]
	at org.apache.hadoop.ipc.ProtobufRpcEngine2$Server$ProtoBufRpcInvoker.call(ProtobufRpcEngine2.java:552) [hadoop-common-3.3.1.jar:?]
	at org.apache.hadoop.ipc.RPC$Server.call(RPC.java:1093) [hadoop-common-3.3.1.jar:?]
	at org.apache.hadoop.ipc.Server$RpcCall.run(Server.java:1035) [hadoop-common-3.3.1.jar:?]
	at org.apache.hadoop.ipc.Server$RpcCall.run(Server.java:963) [hadoop-common-3.3.1.jar:?]
	at java.security.AccessController.doPrivileged(Native Method) ~[?:1.8.0_332]
	at javax.security.auth.Subject.doAs(Subject.java:422) [?:1.8.0_332]
	at org.apache.hadoop.security.UserGroupInformation.doAs(UserGroupInformation.java:1878) [hadoop-common-3.3.1.jar:?]
	at org.apache.hadoop.ipc.Server$Handler.run(Server.java:2966) [hadoop-common-3.3.1.jar:?]
2022-06-19 13:06:26,999 [Time-limited test] INFO  fs.TrashPolicyDefault (TrashPolicyDefault.java:moveToTrash(188)) - Moved: '/testKey1' to trash at: /.Trash/runner/Current/testKey1
2022-06-19 13:06:27,016 [IPC Server handler 17 on default port 45241] ERROR key.OMKeysDeleteRequest (OMKeysDeleteRequest.java:validateAndUpdateCache(146)) - Received a request to delete a Key does not exist /volume87664/bucket74908/.Trash/runner/Current/
2022-06-19 13:06:27,017 [IPC Server handler 17 on default port 45241] ERROR key.OMKeysDeleteRequest (OMKeysDeleteRequest.java:validateAndUpdateCache(146)) - Received a request to delete a Key does not exist /volume87664/bucket74908/.Trash/runner/Current/testKey1
2022-06-19 13:06:27,017 [Time-limited test] ERROR ozone.BasicOzoneClientAdapterImpl (BasicOzoneClientAdapterImpl.java:deleteObjects(353)) - delete key failed 
]]></system-out>
  </testcase>
  <testcase name="testRenameToTrashEnabled" classname="TestOzoneFileSystem" time="0.546">
    <system-out><![CDATA[13:07:42.899 [IPC Server handler 16 on default port 41441] ERROR OMAudit - user=runner | ip=127.0.0.1 | op=GET_FILE_STATUS {volume=volume07034, bucket=bucket87468, key=.Trash/runner/Current/testKey1, dataSize=0, replicationConfig=null} | ret=FAILURE
org.apache.hadoop.ozone.om.exceptions.OMException: Unable to get file status: volume: volume07034 bucket: bucket87468 key: .Trash/runner/Current/testKey1
	at org.apache.hadoop.ozone.om.KeyManagerImpl.getOzoneFileStatus(KeyManagerImpl.java:1283) ~[ozone-manager-1.3.0-SNAPSHOT.jar:?]
	at org.apache.hadoop.ozone.om.KeyManagerImpl.getFileStatus(KeyManagerImpl.java:1213) ~[ozone-manager-1.3.0-SNAPSHOT.jar:?]
	at org.apache.hadoop.ozone.om.OzoneManager.getFileStatus(OzoneManager.java:3419) ~[ozone-manager-1.3.0-SNAPSHOT.jar:?]
	at org.apache.hadoop.ozone.protocolPB.OzoneManagerRequestHandler.getOzoneFileStatus(OzoneManagerRequestHandler.java:871) ~[ozone-manager-1.3.0-SNAPSHOT.jar:?]
	at org.apache.hadoop.ozone.protocolPB.OzoneManagerRequestHandler.handleReadRequest(OzoneManagerRequestHandler.java:217) ~[ozone-manager-1.3.0-SNAPSHOT.jar:?]
	at org.apache.hadoop.ozone.protocolPB.OzoneManagerProtocolServerSideTranslatorPB.submitReadRequestToOM(OzoneManagerProtocolServerSideTranslatorPB.java:225) ~[ozone-manager-1.3.0-SNAPSHOT.jar:?]
	at org.apache.hadoop.ozone.protocolPB.OzoneManagerProtocolServerSideTranslatorPB.processRequest(OzoneManagerProtocolServerSideTranslatorPB.java:175) ~[ozone-manager-1.3.0-SNAPSHOT.jar:?]
	at org.apache.hadoop.hdds.server.OzoneProtocolMessageDispatcher.processRequest(OzoneProtocolMessageDispatcher.java:87) [hdds-server-framework-1.3.0-SNAPSHOT.jar:?]
	at org.apache.hadoop.ozone.protocolPB.OzoneManagerProtocolServerSideTranslatorPB.submitRequest(OzoneManagerProtocolServerSideTranslatorPB.java:147) [ozone-manager-1.3.0-SNAPSHOT.jar:?]
	at org.apache.hadoop.ozone.protocol.proto.OzoneManagerProtocolProtos$OzoneManagerService$2.callBlockingMethod(OzoneManagerProtocolProtos.java) [ozone-interface-client-1.3.0-SNAPSHOT.jar:?]
	at org.apache.hadoop.ipc.ProtobufRpcEngine$Server.processCall(ProtobufRpcEngine.java:466) [hadoop-common-3.3.1.jar:?]
	at org.apache.hadoop.ipc.ProtobufRpcEngine2$Server$ProtoBufRpcInvoker.call(ProtobufRpcEngine2.java:574) [hadoop-common-3.3.1.jar:?]
	at org.apache.hadoop.ipc.ProtobufRpcEngine2$Server$ProtoBufRpcInvoker.call(ProtobufRpcEngine2.java:552) [hadoop-common-3.3.1.jar:?]
	at org.apache.hadoop.ipc.RPC$Server.call(RPC.java:1093) [hadoop-common-3.3.1.jar:?]
	at org.apache.hadoop.ipc.Server$RpcCall.run(Server.java:1035) [hadoop-common-3.3.1.jar:?]
	at org.apache.hadoop.ipc.Server$RpcCall.run(Server.java:963) [hadoop-common-3.3.1.jar:?]
	at java.security.AccessController.doPrivileged(Native Method) ~[?:1.8.0_332]
	at javax.security.auth.Subject.doAs(Subject.java:422) [?:1.8.0_332]
	at org.apache.hadoop.security.UserGroupInformation.doAs(UserGroupInformation.java:1878) [hadoop-common-3.3.1.jar:?]
	at org.apache.hadoop.ipc.Server$Handler.run(Server.java:2966) [hadoop-common-3.3.1.jar:?]
13:07:42.903 [IPC Server handler 14 on default port 41441] ERROR OMAudit - user=runner | ip=127.0.0.1 | op=GET_FILE_STATUS {volume=volume07034, bucket=bucket87468, key=.Trash/runner/Current/testKey1, dataSize=0, replicationConfig=null} | ret=FAILURE
org.apache.hadoop.ozone.om.exceptions.OMException: Unable to get file status: volume: volume07034 bucket: bucket87468 key: .Trash/runner/Current/testKey1
	at org.apache.hadoop.ozone.om.KeyManagerImpl.getOzoneFileStatus(KeyManagerImpl.java:1283) ~[ozone-manager-1.3.0-SNAPSHOT.jar:?]
	at org.apache.hadoop.ozone.om.KeyManagerImpl.getFileStatus(KeyManagerImpl.java:1213) ~[ozone-manager-1.3.0-SNAPSHOT.jar:?]
	at org.apache.hadoop.ozone.om.OzoneManager.getFileStatus(OzoneManager.java:3419) ~[ozone-manager-1.3.0-SNAPSHOT.jar:?]
	at org.apache.hadoop.ozone.protocolPB.OzoneManagerRequestHandler.getOzoneFileStatus(OzoneManagerRequestHandler.java:871) ~[ozone-manager-1.3.0-SNAPSHOT.jar:?]
	at org.apache.hadoop.ozone.protocolPB.OzoneManagerRequestHandler.handleReadRequest(OzoneManagerRequestHandler.java:217) ~[ozone-manager-1.3.0-SNAPSHOT.jar:?]
	at org.apache.hadoop.ozone.protocolPB.OzoneManagerProtocolServerSideTranslatorPB.submitReadRequestToOM(OzoneManagerProtocolServerSideTranslatorPB.java:225) ~[ozone-manager-1.3.0-SNAPSHOT.jar:?]
	at org.apache.hadoop.ozone.protocolPB.OzoneManagerProtocolServerSideTranslatorPB.processRequest(OzoneManagerProtocolServerSideTranslatorPB.java:175) ~[ozone-manager-1.3.0-SNAPSHOT.jar:?]
	at org.apache.hadoop.hdds.server.OzoneProtocolMessageDispatcher.processRequest(OzoneProtocolMessageDispatcher.java:87) [hdds-server-framework-1.3.0-SNAPSHOT.jar:?]
	at org.apache.hadoop.ozone.protocolPB.OzoneManagerProtocolServerSideTranslatorPB.submitRequest(OzoneManagerProtocolServerSideTranslatorPB.java:147) [ozone-manager-1.3.0-SNAPSHOT.jar:?]
	at org.apache.hadoop.ozone.protocol.proto.OzoneManagerProtocolProtos$OzoneManagerService$2.callBlockingMethod(OzoneManagerProtocolProtos.java) [ozone-interface-client-1.3.0-SNAPSHOT.jar:?]
	at org.apache.hadoop.ipc.ProtobufRpcEngine$Server.processCall(ProtobufRpcEngine.java:466) [hadoop-common-3.3.1.jar:?]
	at org.apache.hadoop.ipc.ProtobufRpcEngine2$Server$ProtoBufRpcInvoker.call(ProtobufRpcEngine2.java:574) [hadoop-common-3.3.1.jar:?]
	at org.apache.hadoop.ipc.ProtobufRpcEngine2$Server$ProtoBufRpcInvoker.call(ProtobufRpcEngine2.java:552) [hadoop-common-3.3.1.jar:?]
	at org.apache.hadoop.ipc.RPC$Server.call(RPC.java:1093) [hadoop-common-3.3.1.jar:?]
	at org.apache.hadoop.ipc.Server$RpcCall.run(Server.java:1035) [hadoop-common-3.3.1.jar:?]
	at org.apache.hadoop.ipc.Server$RpcCall.run(Server.java:963) [hadoop-common-3.3.1.jar:?]
	at java.security.AccessController.doPrivileged(Native Method) ~[?:1.8.0_332]
	at javax.security.auth.Subject.doAs(Subject.java:422) [?:1.8.0_332]
	at org.apache.hadoop.security.UserGroupInformation.doAs(UserGroupInformation.java:1878) [hadoop-common-3.3.1.jar:?]
	at org.apache.hadoop.ipc.Server$Handler.run(Server.java:2966) [hadoop-common-3.3.1.jar:?]
2022-06-19 13:07:42,907 [Time-limited test] INFO  fs.TrashPolicyDefault (TrashPolicyDefault.java:moveToTrash(188)) - Moved: '/testKey1' to trash at: /.Trash/runner/Current/testKey1
]]></system-out>
  </testcase>
  <testcase name="testRenameToTrashEnabled" classname="TestOzoneFileSystem" time="0.389">
    <system-out><![CDATA[13:08:59.577 [IPC Server handler 1 on default port 38405] ERROR OMAudit - user=runner | ip=127.0.0.1 | op=GET_FILE_STATUS {volume=volume84440, bucket=bucket08814, key=.Trash/runner/Current/testKey1, dataSize=0, replicationConfig=null} | ret=FAILURE
org.apache.hadoop.ozone.om.exceptions.OMException: Unable to get file status: volume: volume84440 bucket: bucket08814 key: .Trash/runner/Current/testKey1
	at org.apache.hadoop.ozone.om.KeyManagerImpl.getOzoneFileStatus(KeyManagerImpl.java:1283) ~[ozone-manager-1.3.0-SNAPSHOT.jar:?]
	at org.apache.hadoop.ozone.om.KeyManagerImpl.getFileStatus(KeyManagerImpl.java:1213) ~[ozone-manager-1.3.0-SNAPSHOT.jar:?]
	at org.apache.hadoop.ozone.om.OzoneManager.getFileStatus(OzoneManager.java:3419) ~[ozone-manager-1.3.0-SNAPSHOT.jar:?]
	at org.apache.hadoop.ozone.protocolPB.OzoneManagerRequestHandler.getOzoneFileStatus(OzoneManagerRequestHandler.java:871) ~[ozone-manager-1.3.0-SNAPSHOT.jar:?]
	at org.apache.hadoop.ozone.protocolPB.OzoneManagerRequestHandler.handleReadRequest(OzoneManagerRequestHandler.java:217) ~[ozone-manager-1.3.0-SNAPSHOT.jar:?]
	at org.apache.hadoop.ozone.protocolPB.OzoneManagerProtocolServerSideTranslatorPB.submitRequestDirectlyToOM(OzoneManagerProtocolServerSideTranslatorPB.java:284) ~[ozone-manager-1.3.0-SNAPSHOT.jar:?]
	at org.apache.hadoop.ozone.protocolPB.OzoneManagerProtocolServerSideTranslatorPB.processRequest(OzoneManagerProtocolServerSideTranslatorPB.java:207) ~[ozone-manager-1.3.0-SNAPSHOT.jar:?]
	at org.apache.hadoop.hdds.server.OzoneProtocolMessageDispatcher.processRequest(OzoneProtocolMessageDispatcher.java:87) [hdds-server-framework-1.3.0-SNAPSHOT.jar:?]
	at org.apache.hadoop.ozone.protocolPB.OzoneManagerProtocolServerSideTranslatorPB.submitRequest(OzoneManagerProtocolServerSideTranslatorPB.java:147) [ozone-manager-1.3.0-SNAPSHOT.jar:?]
	at org.apache.hadoop.ozone.protocol.proto.OzoneManagerProtocolProtos$OzoneManagerService$2.callBlockingMethod(OzoneManagerProtocolProtos.java) [ozone-interface-client-1.3.0-SNAPSHOT.jar:?]
	at org.apache.hadoop.ipc.ProtobufRpcEngine$Server.processCall(ProtobufRpcEngine.java:466) [hadoop-common-3.3.1.jar:?]
	at org.apache.hadoop.ipc.ProtobufRpcEngine2$Server$ProtoBufRpcInvoker.call(ProtobufRpcEngine2.java:574) [hadoop-common-3.3.1.jar:?]
	at org.apache.hadoop.ipc.ProtobufRpcEngine2$Server$ProtoBufRpcInvoker.call(ProtobufRpcEngine2.java:552) [hadoop-common-3.3.1.jar:?]
	at org.apache.hadoop.ipc.RPC$Server.call(RPC.java:1093) [hadoop-common-3.3.1.jar:?]
	at org.apache.hadoop.ipc.Server$RpcCall.run(Server.java:1035) [hadoop-common-3.3.1.jar:?]
	at org.apache.hadoop.ipc.Server$RpcCall.run(Server.java:963) [hadoop-common-3.3.1.jar:?]
	at java.security.AccessController.doPrivileged(Native Method) ~[?:1.8.0_332]
	at javax.security.auth.Subject.doAs(Subject.java:422) [?:1.8.0_332]
	at org.apache.hadoop.security.UserGroupInformation.doAs(UserGroupInformation.java:1878) [hadoop-common-3.3.1.jar:?]
	at org.apache.hadoop.ipc.Server$Handler.run(Server.java:2966) [hadoop-common-3.3.1.jar:?]
13:08:59.582 [IPC Server handler 12 on default port 38405] ERROR OMAudit - user=runner | ip=127.0.0.1 | op=GET_FILE_STATUS {volume=volume84440, bucket=bucket08814, key=.Trash/runner/Current/testKey1, dataSize=0, replicationConfig=null} | ret=FAILURE
org.apache.hadoop.ozone.om.exceptions.OMException: Unable to get file status: volume: volume84440 bucket: bucket08814 key: .Trash/runner/Current/testKey1
	at org.apache.hadoop.ozone.om.KeyManagerImpl.getOzoneFileStatus(KeyManagerImpl.java:1283) ~[ozone-manager-1.3.0-SNAPSHOT.jar:?]
	at org.apache.hadoop.ozone.om.KeyManagerImpl.getFileStatus(KeyManagerImpl.java:1213) ~[ozone-manager-1.3.0-SNAPSHOT.jar:?]
	at org.apache.hadoop.ozone.om.OzoneManager.getFileStatus(OzoneManager.java:3419) ~[ozone-manager-1.3.0-SNAPSHOT.jar:?]
	at org.apache.hadoop.ozone.protocolPB.OzoneManagerRequestHandler.getOzoneFileStatus(OzoneManagerRequestHandler.java:871) ~[ozone-manager-1.3.0-SNAPSHOT.jar:?]
	at org.apache.hadoop.ozone.protocolPB.OzoneManagerRequestHandler.handleReadRequest(OzoneManagerRequestHandler.java:217) ~[ozone-manager-1.3.0-SNAPSHOT.jar:?]
	at org.apache.hadoop.ozone.protocolPB.OzoneManagerProtocolServerSideTranslatorPB.submitRequestDirectlyToOM(OzoneManagerProtocolServerSideTranslatorPB.java:284) ~[ozone-manager-1.3.0-SNAPSHOT.jar:?]
	at org.apache.hadoop.ozone.protocolPB.OzoneManagerProtocolServerSideTranslatorPB.processRequest(OzoneManagerProtocolServerSideTranslatorPB.java:207) ~[ozone-manager-1.3.0-SNAPSHOT.jar:?]
	at org.apache.hadoop.hdds.server.OzoneProtocolMessageDispatcher.processRequest(OzoneProtocolMessageDispatcher.java:87) [hdds-server-framework-1.3.0-SNAPSHOT.jar:?]
	at org.apache.hadoop.ozone.protocolPB.OzoneManagerProtocolServerSideTranslatorPB.submitRequest(OzoneManagerProtocolServerSideTranslatorPB.java:147) [ozone-manager-1.3.0-SNAPSHOT.jar:?]
	at org.apache.hadoop.ozone.protocol.proto.OzoneManagerProtocolProtos$OzoneManagerService$2.callBlockingMethod(OzoneManagerProtocolProtos.java) [ozone-interface-client-1.3.0-SNAPSHOT.jar:?]
	at org.apache.hadoop.ipc.ProtobufRpcEngine$Server.processCall(ProtobufRpcEngine.java:466) [hadoop-common-3.3.1.jar:?]
	at org.apache.hadoop.ipc.ProtobufRpcEngine2$Server$ProtoBufRpcInvoker.call(ProtobufRpcEngine2.java:574) [hadoop-common-3.3.1.jar:?]
	at org.apache.hadoop.ipc.ProtobufRpcEngine2$Server$ProtoBufRpcInvoker.call(ProtobufRpcEngine2.java:552) [hadoop-common-3.3.1.jar:?]
	at org.apache.hadoop.ipc.RPC$Server.call(RPC.java:1093) [hadoop-common-3.3.1.jar:?]
	at org.apache.hadoop.ipc.Server$RpcCall.run(Server.java:1035) [hadoop-common-3.3.1.jar:?]
	at org.apache.hadoop.ipc.Server$RpcCall.run(Server.java:963) [hadoop-common-3.3.1.jar:?]
	at java.security.AccessController.doPrivileged(Native Method) ~[?:1.8.0_332]
	at javax.security.auth.Subject.doAs(Subject.java:422) [?:1.8.0_332]
	at org.apache.hadoop.security.UserGroupInformation.doAs(UserGroupInformation.java:1878) [hadoop-common-3.3.1.jar:?]
	at org.apache.hadoop.ipc.Server$Handler.run(Server.java:2966) [hadoop-common-3.3.1.jar:?]
2022-06-19 13:08:59,593 [Time-limited test] INFO  fs.TrashPolicyDefault (TrashPolicyDefault.java:moveToTrash(188)) - Moved: '/testKey1' to trash at: /.Trash/runner/Current/testKey1
]]></system-out>
  </testcase>
  <testcase name="testListStatusWithIntermediateDir" classname="TestOzoneFileSystem" time="0.035">
    <system-out><![CDATA[2022-06-19 13:05:09,312 [IPC Server handler 15 on default port 34337] INFO  pipeline.PipelineStateManagerImpl (PipelineStateManagerImpl.java:addPipeline(101)) - Created pipeline Pipeline[ Id: 1418c534-bf54-41d8-a7bb-28dd5c168a45, Nodes: a1a795c4-f5a2-46b7-b5e4-aef7f82751b2{ip: 10.1.0.4, host: fv-az58-449.32bp4kehjaiexiom31oljkjdjg.cx.internal.cloudapp.net, ports: [REPLICATION=46005, RATIS=34871, RATIS_ADMIN=34871, RATIS_SERVER=34871, STANDALONE=40083], networkLocation: /default-rack, certSerialId: null, persistedOpState: IN_SERVICE, persistedOpStateExpiryEpochSec: 0}, ReplicationConfig: STANDALONE/ONE, State:OPEN, leaderId:, CreationTimestamp2022-06-19T13:05:09.311Z[Etc/UTC]].
]]></system-out>
  </testcase>
  <testcase name="testListStatusWithIntermediateDir" classname="TestOzoneFileSystem" time="0.063">
    <failure type="java.lang.AssertionError"><![CDATA[java.lang.AssertionError: expected:<1> but was:<2>
	at org.junit.Assert.fail(Assert.java:89)
	at org.junit.Assert.failNotEquals(Assert.java:835)
	at org.junit.Assert.assertEquals(Assert.java:647)
	at org.junit.Assert.assertEquals(Assert.java:633)
	at org.apache.hadoop.fs.ozone.TestOzoneFileSystem.testListStatusWithIntermediateDir(TestOzoneFileSystem.java:615)
	at sun.reflect.NativeMethodAccessorImpl.invoke0(Native Method)
	at sun.reflect.NativeMethodAccessorImpl.invoke(NativeMethodAccessorImpl.java:62)
	at sun.reflect.DelegatingMethodAccessorImpl.invoke(DelegatingMethodAccessorImpl.java:43)
	at java.lang.reflect.Method.invoke(Method.java:498)
	at org.junit.runners.model.FrameworkMethod$1.runReflectiveCall(FrameworkMethod.java:59)
	at org.junit.internal.runners.model.ReflectiveCallable.run(ReflectiveCallable.java:12)
	at org.junit.runners.model.FrameworkMethod.invokeExplosively(FrameworkMethod.java:56)
	at org.junit.internal.runners.statements.InvokeMethod.evaluate(InvokeMethod.java:17)
	at org.junit.internal.runners.statements.RunAfters.evaluate(RunAfters.java:27)
	at org.junit.internal.runners.statements.FailOnTimeout$CallableStatement.call(FailOnTimeout.java:288)
	at org.junit.internal.runners.statements.FailOnTimeout$CallableStatement.call(FailOnTimeout.java:282)
	at java.util.concurrent.FutureTask.run(FutureTask.java:266)
	at java.lang.Thread.run(Thread.java:750)
]]></failure>
    <system-out><![CDATA[2022-06-19 13:06:27,064 [IPC Server handler 19 on default port 33057] INFO  pipeline.PipelineStateManagerImpl (PipelineStateManagerImpl.java:addPipeline(101)) - Created pipeline Pipeline[ Id: 2b1f99d7-416f-4e4c-ada9-308978283f51, Nodes: 6b51f01e-b5c0-4678-b58a-fec8e2165d46{ip: 10.1.0.4, host: fv-az58-449.32bp4kehjaiexiom31oljkjdjg.cx.internal.cloudapp.net, ports: [REPLICATION=36927, RATIS=40853, RATIS_ADMIN=40853, RATIS_SERVER=40853, STANDALONE=37385], networkLocation: /default-rack, certSerialId: null, persistedOpState: IN_SERVICE, persistedOpStateExpiryEpochSec: 0}, ReplicationConfig: STANDALONE/ONE, State:OPEN, leaderId:, CreationTimestamp2022-06-19T13:06:27.062Z[Etc/UTC]].
13:06:27.072 [IPC Server handler 8 on default port 45241] ERROR OMAudit - user=runner | ip=127.0.0.1 | op=GET_FILE_STATUS {volume=volume87664, bucket=bucket74908, key=.Trash, dataSize=0, replicationConfig=null} | ret=FAILURE
org.apache.hadoop.ozone.om.exceptions.OMException: Unable to get file status: volume: volume87664 bucket: bucket74908 key: .Trash
	at org.apache.hadoop.ozone.om.KeyManagerImpl.getOzoneFileStatus(KeyManagerImpl.java:1283) ~[ozone-manager-1.3.0-SNAPSHOT.jar:?]
	at org.apache.hadoop.ozone.om.KeyManagerImpl.getFileStatus(KeyManagerImpl.java:1213) ~[ozone-manager-1.3.0-SNAPSHOT.jar:?]
	at org.apache.hadoop.ozone.om.OzoneManager.getFileStatus(OzoneManager.java:3419) ~[ozone-manager-1.3.0-SNAPSHOT.jar:?]
	at org.apache.hadoop.ozone.protocolPB.OzoneManagerRequestHandler.getOzoneFileStatus(OzoneManagerRequestHandler.java:871) ~[ozone-manager-1.3.0-SNAPSHOT.jar:?]
	at org.apache.hadoop.ozone.protocolPB.OzoneManagerRequestHandler.handleReadRequest(OzoneManagerRequestHandler.java:217) ~[ozone-manager-1.3.0-SNAPSHOT.jar:?]
	at org.apache.hadoop.ozone.protocolPB.OzoneManagerProtocolServerSideTranslatorPB.submitRequestDirectlyToOM(OzoneManagerProtocolServerSideTranslatorPB.java:284) ~[ozone-manager-1.3.0-SNAPSHOT.jar:?]
	at org.apache.hadoop.ozone.protocolPB.OzoneManagerProtocolServerSideTranslatorPB.processRequest(OzoneManagerProtocolServerSideTranslatorPB.java:207) ~[ozone-manager-1.3.0-SNAPSHOT.jar:?]
	at org.apache.hadoop.hdds.server.OzoneProtocolMessageDispatcher.processRequest(OzoneProtocolMessageDispatcher.java:87) [hdds-server-framework-1.3.0-SNAPSHOT.jar:?]
	at org.apache.hadoop.ozone.protocolPB.OzoneManagerProtocolServerSideTranslatorPB.submitRequest(OzoneManagerProtocolServerSideTranslatorPB.java:147) [ozone-manager-1.3.0-SNAPSHOT.jar:?]
	at org.apache.hadoop.ozone.protocol.proto.OzoneManagerProtocolProtos$OzoneManagerService$2.callBlockingMethod(OzoneManagerProtocolProtos.java) [ozone-interface-client-1.3.0-SNAPSHOT.jar:?]
	at org.apache.hadoop.ipc.ProtobufRpcEngine$Server.processCall(ProtobufRpcEngine.java:466) [hadoop-common-3.3.1.jar:?]
	at org.apache.hadoop.ipc.ProtobufRpcEngine2$Server$ProtoBufRpcInvoker.call(ProtobufRpcEngine2.java:574) [hadoop-common-3.3.1.jar:?]
	at org.apache.hadoop.ipc.ProtobufRpcEngine2$Server$ProtoBufRpcInvoker.call(ProtobufRpcEngine2.java:552) [hadoop-common-3.3.1.jar:?]
	at org.apache.hadoop.ipc.RPC$Server.call(RPC.java:1093) [hadoop-common-3.3.1.jar:?]
	at org.apache.hadoop.ipc.Server$RpcCall.run(Server.java:1035) [hadoop-common-3.3.1.jar:?]
	at org.apache.hadoop.ipc.Server$RpcCall.run(Server.java:963) [hadoop-common-3.3.1.jar:?]
	at java.security.AccessController.doPrivileged(Native Method) ~[?:1.8.0_332]
	at javax.security.auth.Subject.doAs(Subject.java:422) [?:1.8.0_332]
	at org.apache.hadoop.security.UserGroupInformation.doAs(UserGroupInformation.java:1878) [hadoop-common-3.3.1.jar:?]
	at org.apache.hadoop.ipc.Server$Handler.run(Server.java:2966) [hadoop-common-3.3.1.jar:?]
2022-06-19 13:06:27,072 [Time-limited test] WARN  ozone.BasicOzoneFileSystem (BasicOzoneFileSystem.java:delete(532)) - delete: Path does not exist: o3fs://bucket74908.volume87664/.Trash
]]></system-out>
  </testcase>
  <testcase name="testListStatusWithIntermediateDir" classname="TestOzoneFileSystem" time="0.052">
    <system-out><![CDATA[2022-06-19 13:07:42,933 [IPC Server handler 1 on default port 43127] INFO  pipeline.PipelineStateManagerImpl (PipelineStateManagerImpl.java:addPipeline(101)) - Created pipeline Pipeline[ Id: df6e356a-ef41-40aa-b3bc-043f98bf0557, Nodes: f58b4837-0c66-44b2-8a93-771d4ee68852{ip: 10.1.0.4, host: fv-az58-449.32bp4kehjaiexiom31oljkjdjg.cx.internal.cloudapp.net, ports: [REPLICATION=44251, RATIS=34339, RATIS_ADMIN=34339, RATIS_SERVER=34339, STANDALONE=42885], networkLocation: /default-rack, certSerialId: null, persistedOpState: IN_SERVICE, persistedOpStateExpiryEpochSec: 0}, ReplicationConfig: STANDALONE/ONE, State:OPEN, leaderId:, CreationTimestamp2022-06-19T13:07:42.931Z[Etc/UTC]].
]]></system-out>
  </testcase>
  <testcase name="testListStatusWithIntermediateDir" classname="TestOzoneFileSystem" time="0.102">
    <system-out><![CDATA[2022-06-19 13:08:59,662 [IPC Server handler 19 on default port 41875] INFO  pipeline.PipelineStateManagerImpl (PipelineStateManagerImpl.java:addPipeline(101)) - Created pipeline Pipeline[ Id: 63b408a8-f549-415f-83f9-544b6275a8eb, Nodes: 001c296a-5799-42a4-87a9-6a5b930e2f27{ip: 10.1.0.4, host: fv-az58-449.32bp4kehjaiexiom31oljkjdjg.cx.internal.cloudapp.net, ports: [REPLICATION=44057, RATIS=45007, RATIS_ADMIN=45007, RATIS_SERVER=45007, STANDALONE=42551], networkLocation: /default-rack, certSerialId: null, persistedOpState: IN_SERVICE, persistedOpStateExpiryEpochSec: 0}, ReplicationConfig: STANDALONE/ONE, State:OPEN, leaderId:, CreationTimestamp2022-06-19T13:08:59.661Z[Etc/UTC]].
]]></system-out>
  </testcase>
  <testcase name="testRenameSourceAndDestinAreSame" classname="TestOzoneFileSystem" time="0.028"/>
  <testcase name="testRenameSourceAndDestinAreSame" classname="TestOzoneFileSystem" time="0.059">
    <system-out><![CDATA[13:06:27.134 [IPC Server handler 13 on default port 45241] ERROR OMAudit - user=runner | ip=127.0.0.1 | op=GET_FILE_STATUS {volume=volume87664, bucket=bucket74908, key=.Trash, dataSize=0, replicationConfig=null} | ret=FAILURE
org.apache.hadoop.ozone.om.exceptions.OMException: Unable to get file status: volume: volume87664 bucket: bucket74908 key: .Trash
	at org.apache.hadoop.ozone.om.KeyManagerImpl.getOzoneFileStatus(KeyManagerImpl.java:1283) ~[ozone-manager-1.3.0-SNAPSHOT.jar:?]
	at org.apache.hadoop.ozone.om.KeyManagerImpl.getFileStatus(KeyManagerImpl.java:1213) ~[ozone-manager-1.3.0-SNAPSHOT.jar:?]
	at org.apache.hadoop.ozone.om.OzoneManager.getFileStatus(OzoneManager.java:3419) ~[ozone-manager-1.3.0-SNAPSHOT.jar:?]
	at org.apache.hadoop.ozone.protocolPB.OzoneManagerRequestHandler.getOzoneFileStatus(OzoneManagerRequestHandler.java:871) ~[ozone-manager-1.3.0-SNAPSHOT.jar:?]
	at org.apache.hadoop.ozone.protocolPB.OzoneManagerRequestHandler.handleReadRequest(OzoneManagerRequestHandler.java:217) ~[ozone-manager-1.3.0-SNAPSHOT.jar:?]
	at org.apache.hadoop.ozone.protocolPB.OzoneManagerProtocolServerSideTranslatorPB.submitRequestDirectlyToOM(OzoneManagerProtocolServerSideTranslatorPB.java:284) ~[ozone-manager-1.3.0-SNAPSHOT.jar:?]
	at org.apache.hadoop.ozone.protocolPB.OzoneManagerProtocolServerSideTranslatorPB.processRequest(OzoneManagerProtocolServerSideTranslatorPB.java:207) ~[ozone-manager-1.3.0-SNAPSHOT.jar:?]
	at org.apache.hadoop.hdds.server.OzoneProtocolMessageDispatcher.processRequest(OzoneProtocolMessageDispatcher.java:87) [hdds-server-framework-1.3.0-SNAPSHOT.jar:?]
	at org.apache.hadoop.ozone.protocolPB.OzoneManagerProtocolServerSideTranslatorPB.submitRequest(OzoneManagerProtocolServerSideTranslatorPB.java:147) [ozone-manager-1.3.0-SNAPSHOT.jar:?]
	at org.apache.hadoop.ozone.protocol.proto.OzoneManagerProtocolProtos$OzoneManagerService$2.callBlockingMethod(OzoneManagerProtocolProtos.java) [ozone-interface-client-1.3.0-SNAPSHOT.jar:?]
	at org.apache.hadoop.ipc.ProtobufRpcEngine$Server.processCall(ProtobufRpcEngine.java:466) [hadoop-common-3.3.1.jar:?]
	at org.apache.hadoop.ipc.ProtobufRpcEngine2$Server$ProtoBufRpcInvoker.call(ProtobufRpcEngine2.java:574) [hadoop-common-3.3.1.jar:?]
	at org.apache.hadoop.ipc.ProtobufRpcEngine2$Server$ProtoBufRpcInvoker.call(ProtobufRpcEngine2.java:552) [hadoop-common-3.3.1.jar:?]
	at org.apache.hadoop.ipc.RPC$Server.call(RPC.java:1093) [hadoop-common-3.3.1.jar:?]
	at org.apache.hadoop.ipc.Server$RpcCall.run(Server.java:1035) [hadoop-common-3.3.1.jar:?]
	at org.apache.hadoop.ipc.Server$RpcCall.run(Server.java:963) [hadoop-common-3.3.1.jar:?]
	at java.security.AccessController.doPrivileged(Native Method) ~[?:1.8.0_332]
	at javax.security.auth.Subject.doAs(Subject.java:422) [?:1.8.0_332]
	at org.apache.hadoop.security.UserGroupInformation.doAs(UserGroupInformation.java:1878) [hadoop-common-3.3.1.jar:?]
	at org.apache.hadoop.ipc.Server$Handler.run(Server.java:2966) [hadoop-common-3.3.1.jar:?]
2022-06-19 13:06:27,135 [Time-limited test] WARN  ozone.BasicOzoneFileSystem (BasicOzoneFileSystem.java:delete(532)) - delete: Path does not exist: o3fs://bucket74908.volume87664/.Trash
]]></system-out>
  </testcase>
  <testcase name="testRenameSourceAndDestinAreSame" classname="TestOzoneFileSystem" time="0.024"/>
  <testcase name="testRenameSourceAndDestinAreSame" classname="TestOzoneFileSystem" time="0.045"/>
  <testcase name="testListStatusOnLargeDirectory" classname="TestOzoneFileSystem" time="9.019">
    <system-out><![CDATA[2022-06-19 13:05:10,041 [d57ef6cc-857b-4c4f-ab3c-49c4eddebbaf@group-B66F265A3155-FollowerState] INFO  impl.FollowerState (FollowerState.java:run(143)) - d57ef6cc-857b-4c4f-ab3c-49c4eddebbaf@group-B66F265A3155-FollowerState: change to CANDIDATE, lastRpcElapsedTime:5185431000ns, electionTimeout:5176ms
2022-06-19 13:05:10,041 [d57ef6cc-857b-4c4f-ab3c-49c4eddebbaf@group-B66F265A3155-FollowerState] INFO  impl.RoleInfo (RoleInfo.java:shutdownFollowerState(110)) - d57ef6cc-857b-4c4f-ab3c-49c4eddebbaf: shutdown d57ef6cc-857b-4c4f-ab3c-49c4eddebbaf@group-B66F265A3155-FollowerState
2022-06-19 13:05:10,042 [d57ef6cc-857b-4c4f-ab3c-49c4eddebbaf@group-B66F265A3155-FollowerState] INFO  server.RaftServer$Division (RaftServerImpl.java:setRole(299)) - d57ef6cc-857b-4c4f-ab3c-49c4eddebbaf@group-B66F265A3155: changes role from  FOLLOWER to CANDIDATE at term 2 for changeToCandidate
2022-06-19 13:05:10,042 [d57ef6cc-857b-4c4f-ab3c-49c4eddebbaf@group-B66F265A3155-FollowerState] INFO  server.RaftServerConfigKeys (ConfUtils.java:logGet(46)) - raft.server.leaderelection.pre-vote = false (custom)
2022-06-19 13:05:10,042 [d57ef6cc-857b-4c4f-ab3c-49c4eddebbaf@group-B66F265A3155-FollowerState] INFO  impl.RoleInfo (RoleInfo.java:updateAndGet(139)) - d57ef6cc-857b-4c4f-ab3c-49c4eddebbaf: start d57ef6cc-857b-4c4f-ab3c-49c4eddebbaf@group-B66F265A3155-LeaderElection11
2022-06-19 13:05:10,048 [d57ef6cc-857b-4c4f-ab3c-49c4eddebbaf@group-B66F265A3155-LeaderElection11] INFO  impl.LeaderElection (LeaderElection.java:askForVotes(310)) - d57ef6cc-857b-4c4f-ab3c-49c4eddebbaf@group-B66F265A3155-LeaderElection11 ELECTION round 0: submit vote requests at term 3 for -1: [d57ef6cc-857b-4c4f-ab3c-49c4eddebbaf|rpc:10.1.0.4:38535|priority:0, 3336e988-a1cc-4f09-b2d1-22a9863ee945|rpc:10.1.0.4:37777|priority:0, a1a795c4-f5a2-46b7-b5e4-aef7f82751b2|rpc:10.1.0.4:34871|priority:1], old=null
2022-06-19 13:05:10,050 [a1a795c4-f5a2-46b7-b5e4-aef7f82751b2@group-B66F265A3155-FollowerState] INFO  impl.FollowerState (FollowerState.java:run(143)) - a1a795c4-f5a2-46b7-b5e4-aef7f82751b2@group-B66F265A3155-FollowerState: change to CANDIDATE, lastRpcElapsedTime:5204197685ns, electionTimeout:5195ms
2022-06-19 13:05:10,051 [a1a795c4-f5a2-46b7-b5e4-aef7f82751b2@group-B66F265A3155-FollowerState] INFO  impl.RoleInfo (RoleInfo.java:shutdownFollowerState(110)) - a1a795c4-f5a2-46b7-b5e4-aef7f82751b2: shutdown a1a795c4-f5a2-46b7-b5e4-aef7f82751b2@group-B66F265A3155-FollowerState
2022-06-19 13:05:10,051 [a1a795c4-f5a2-46b7-b5e4-aef7f82751b2@group-B66F265A3155-FollowerState] INFO  server.RaftServer$Division (RaftServerImpl.java:setRole(299)) - a1a795c4-f5a2-46b7-b5e4-aef7f82751b2@group-B66F265A3155: changes role from  FOLLOWER to CANDIDATE at term 2 for changeToCandidate
2022-06-19 13:05:10,065 [a1a795c4-f5a2-46b7-b5e4-aef7f82751b2@group-B66F265A3155-FollowerState] INFO  server.RaftServerConfigKeys (ConfUtils.java:logGet(46)) - raft.server.leaderelection.pre-vote = false (custom)
2022-06-19 13:05:10,066 [a1a795c4-f5a2-46b7-b5e4-aef7f82751b2@group-B66F265A3155-FollowerState] INFO  impl.RoleInfo (RoleInfo.java:updateAndGet(139)) - a1a795c4-f5a2-46b7-b5e4-aef7f82751b2: start a1a795c4-f5a2-46b7-b5e4-aef7f82751b2@group-B66F265A3155-LeaderElection12
2022-06-19 13:05:10,078 [grpc-default-executor-0] INFO  server.RaftServer$Division (RaftServerImpl.java:requestVote(1152)) - 3336e988-a1cc-4f09-b2d1-22a9863ee945@group-B66F265A3155: receive requestVote(ELECTION, d57ef6cc-857b-4c4f-ab3c-49c4eddebbaf, group-B66F265A3155, 3, (t:0, i:0))
2022-06-19 13:05:10,078 [grpc-default-executor-0] INFO  impl.VoteContext (VoteContext.java:log(48)) - 3336e988-a1cc-4f09-b2d1-22a9863ee945@group-B66F265A3155-FOLLOWER: accept ELECTION from d57ef6cc-857b-4c4f-ab3c-49c4eddebbaf: our priority 0 <= candidate's priority 0
2022-06-19 13:05:10,078 [grpc-default-executor-0] INFO  server.RaftServer$Division (RaftServerImpl.java:setRole(299)) - 3336e988-a1cc-4f09-b2d1-22a9863ee945@group-B66F265A3155: changes role from  FOLLOWER to FOLLOWER at term 3 for candidate:d57ef6cc-857b-4c4f-ab3c-49c4eddebbaf
2022-06-19 13:05:10,078 [grpc-default-executor-0] INFO  impl.RoleInfo (RoleInfo.java:shutdownFollowerState(110)) - 3336e988-a1cc-4f09-b2d1-22a9863ee945: shutdown 3336e988-a1cc-4f09-b2d1-22a9863ee945@group-B66F265A3155-FollowerState
2022-06-19 13:05:10,078 [grpc-default-executor-0] INFO  impl.RoleInfo (RoleInfo.java:updateAndGet(139)) - 3336e988-a1cc-4f09-b2d1-22a9863ee945: start 3336e988-a1cc-4f09-b2d1-22a9863ee945@group-B66F265A3155-FollowerState
2022-06-19 13:05:10,078 [3336e988-a1cc-4f09-b2d1-22a9863ee945@group-B66F265A3155-FollowerState] INFO  impl.FollowerState (FollowerState.java:run(152)) - 3336e988-a1cc-4f09-b2d1-22a9863ee945@group-B66F265A3155-FollowerState was interrupted
2022-06-19 13:05:10,080 [a1a795c4-f5a2-46b7-b5e4-aef7f82751b2@group-B66F265A3155-LeaderElection12] INFO  impl.LeaderElection (LeaderElection.java:askForVotes(310)) - a1a795c4-f5a2-46b7-b5e4-aef7f82751b2@group-B66F265A3155-LeaderElection12 ELECTION round 0: submit vote requests at term 3 for -1: [d57ef6cc-857b-4c4f-ab3c-49c4eddebbaf|rpc:10.1.0.4:38535|priority:0, 3336e988-a1cc-4f09-b2d1-22a9863ee945|rpc:10.1.0.4:37777|priority:0, a1a795c4-f5a2-46b7-b5e4-aef7f82751b2|rpc:10.1.0.4:34871|priority:1], old=null
2022-06-19 13:05:10,086 [grpc-default-executor-0] INFO  server.RaftServer$Division (RaftServerImpl.java:requestVote(1184)) - 3336e988-a1cc-4f09-b2d1-22a9863ee945@group-B66F265A3155 replies to ELECTION vote request: d57ef6cc-857b-4c4f-ab3c-49c4eddebbaf<-3336e988-a1cc-4f09-b2d1-22a9863ee945#0:OK-t3. Peer's state: 3336e988-a1cc-4f09-b2d1-22a9863ee945@group-B66F265A3155:t3, leader=null, voted=d57ef6cc-857b-4c4f-ab3c-49c4eddebbaf, raftlog=3336e988-a1cc-4f09-b2d1-22a9863ee945@group-B66F265A3155-SegmentedRaftLog:OPENED:c-1, conf=-1: [d57ef6cc-857b-4c4f-ab3c-49c4eddebbaf|rpc:10.1.0.4:38535|dataStream:|priority:0, 3336e988-a1cc-4f09-b2d1-22a9863ee945|rpc:10.1.0.4:37777|dataStream:|priority:0, a1a795c4-f5a2-46b7-b5e4-aef7f82751b2|rpc:10.1.0.4:34871|dataStream:|priority:1], old=null
2022-06-19 13:05:10,092 [grpc-default-executor-1] INFO  server.RaftServer$Division (RaftServerImpl.java:requestVote(1152)) - a1a795c4-f5a2-46b7-b5e4-aef7f82751b2@group-B66F265A3155: receive requestVote(ELECTION, d57ef6cc-857b-4c4f-ab3c-49c4eddebbaf, group-B66F265A3155, 3, (t:0, i:0))
2022-06-19 13:05:10,092 [grpc-default-executor-1] INFO  impl.VoteContext (VoteContext.java:log(48)) - a1a795c4-f5a2-46b7-b5e4-aef7f82751b2@group-B66F265A3155-CANDIDATE: reject ELECTION from d57ef6cc-857b-4c4f-ab3c-49c4eddebbaf: already has voted for a1a795c4-f5a2-46b7-b5e4-aef7f82751b2 at current term 3
2022-06-19 13:05:10,092 [grpc-default-executor-1] INFO  server.RaftServer$Division (RaftServerImpl.java:requestVote(1184)) - a1a795c4-f5a2-46b7-b5e4-aef7f82751b2@group-B66F265A3155 replies to ELECTION vote request: d57ef6cc-857b-4c4f-ab3c-49c4eddebbaf<-a1a795c4-f5a2-46b7-b5e4-aef7f82751b2#0:FAIL-t3. Peer's state: a1a795c4-f5a2-46b7-b5e4-aef7f82751b2@group-B66F265A3155:t3, leader=null, voted=a1a795c4-f5a2-46b7-b5e4-aef7f82751b2, raftlog=a1a795c4-f5a2-46b7-b5e4-aef7f82751b2@group-B66F265A3155-SegmentedRaftLog:OPENED:c-1, conf=-1: [d57ef6cc-857b-4c4f-ab3c-49c4eddebbaf|rpc:10.1.0.4:38535|priority:0, 3336e988-a1cc-4f09-b2d1-22a9863ee945|rpc:10.1.0.4:37777|priority:0, a1a795c4-f5a2-46b7-b5e4-aef7f82751b2|rpc:10.1.0.4:34871|priority:1], old=null
2022-06-19 13:05:10,099 [d57ef6cc-857b-4c4f-ab3c-49c4eddebbaf@group-B66F265A3155-LeaderElection11] INFO  impl.LeaderElection (LeaderElection.java:logAndReturn(90)) - d57ef6cc-857b-4c4f-ab3c-49c4eddebbaf@group-B66F265A3155-LeaderElection11: ELECTION REJECTED received 2 response(s) and 0 exception(s):
2022-06-19 13:05:10,099 [d57ef6cc-857b-4c4f-ab3c-49c4eddebbaf@group-B66F265A3155-LeaderElection11] INFO  impl.LeaderElection (LeaderElection.java:logAndReturn(94)) -   Response 0: d57ef6cc-857b-4c4f-ab3c-49c4eddebbaf<-3336e988-a1cc-4f09-b2d1-22a9863ee945#0:OK-t3
2022-06-19 13:05:10,099 [d57ef6cc-857b-4c4f-ab3c-49c4eddebbaf@group-B66F265A3155-LeaderElection11] INFO  impl.LeaderElection (LeaderElection.java:logAndReturn(94)) -   Response 1: d57ef6cc-857b-4c4f-ab3c-49c4eddebbaf<-a1a795c4-f5a2-46b7-b5e4-aef7f82751b2#0:FAIL-t3
2022-06-19 13:05:10,099 [d57ef6cc-857b-4c4f-ab3c-49c4eddebbaf@group-B66F265A3155-LeaderElection11] INFO  impl.LeaderElection (LeaderElection.java:askForVotes(312)) - d57ef6cc-857b-4c4f-ab3c-49c4eddebbaf@group-B66F265A3155-LeaderElection11 ELECTION round 0: result REJECTED
2022-06-19 13:05:10,099 [d57ef6cc-857b-4c4f-ab3c-49c4eddebbaf@group-B66F265A3155-LeaderElection11] INFO  server.RaftServer$Division (RaftServerImpl.java:setRole(299)) - d57ef6cc-857b-4c4f-ab3c-49c4eddebbaf@group-B66F265A3155: changes role from CANDIDATE to FOLLOWER at term 3 for REJECTED
2022-06-19 13:05:10,099 [d57ef6cc-857b-4c4f-ab3c-49c4eddebbaf@group-B66F265A3155-LeaderElection11] INFO  impl.RoleInfo (RoleInfo.java:shutdownLeaderElection(130)) - d57ef6cc-857b-4c4f-ab3c-49c4eddebbaf: shutdown d57ef6cc-857b-4c4f-ab3c-49c4eddebbaf@group-B66F265A3155-LeaderElection11
2022-06-19 13:05:10,099 [d57ef6cc-857b-4c4f-ab3c-49c4eddebbaf@group-B66F265A3155-LeaderElection11] INFO  impl.RoleInfo (RoleInfo.java:updateAndGet(139)) - d57ef6cc-857b-4c4f-ab3c-49c4eddebbaf: start d57ef6cc-857b-4c4f-ab3c-49c4eddebbaf@group-B66F265A3155-FollowerState
2022-06-19 13:05:10,107 [grpc-default-executor-3] INFO  server.RaftServer$Division (RaftServerImpl.java:requestVote(1152)) - d57ef6cc-857b-4c4f-ab3c-49c4eddebbaf@group-B66F265A3155: receive requestVote(ELECTION, a1a795c4-f5a2-46b7-b5e4-aef7f82751b2, group-B66F265A3155, 3, (t:0, i:0))
2022-06-19 13:05:10,118 [grpc-default-executor-3] INFO  impl.VoteContext (VoteContext.java:log(48)) - d57ef6cc-857b-4c4f-ab3c-49c4eddebbaf@group-B66F265A3155-FOLLOWER: reject ELECTION from a1a795c4-f5a2-46b7-b5e4-aef7f82751b2: already has voted for d57ef6cc-857b-4c4f-ab3c-49c4eddebbaf at current term 3
2022-06-19 13:05:10,118 [grpc-default-executor-3] INFO  server.RaftServer$Division (RaftServerImpl.java:requestVote(1184)) - d57ef6cc-857b-4c4f-ab3c-49c4eddebbaf@group-B66F265A3155 replies to ELECTION vote request: a1a795c4-f5a2-46b7-b5e4-aef7f82751b2<-d57ef6cc-857b-4c4f-ab3c-49c4eddebbaf#0:FAIL-t3. Peer's state: d57ef6cc-857b-4c4f-ab3c-49c4eddebbaf@group-B66F265A3155:t3, leader=null, voted=d57ef6cc-857b-4c4f-ab3c-49c4eddebbaf, raftlog=d57ef6cc-857b-4c4f-ab3c-49c4eddebbaf@group-B66F265A3155-SegmentedRaftLog:OPENED:c-1, conf=-1: [d57ef6cc-857b-4c4f-ab3c-49c4eddebbaf|rpc:10.1.0.4:38535|priority:0, 3336e988-a1cc-4f09-b2d1-22a9863ee945|rpc:10.1.0.4:37777|priority:0, a1a795c4-f5a2-46b7-b5e4-aef7f82751b2|rpc:10.1.0.4:34871|priority:1], old=null
2022-06-19 13:05:10,129 [grpc-default-executor-3] INFO  server.RaftServer$Division (RaftServerImpl.java:requestVote(1152)) - 3336e988-a1cc-4f09-b2d1-22a9863ee945@group-B66F265A3155: receive requestVote(ELECTION, a1a795c4-f5a2-46b7-b5e4-aef7f82751b2, group-B66F265A3155, 3, (t:0, i:0))
2022-06-19 13:05:10,129 [grpc-default-executor-3] INFO  impl.VoteContext (VoteContext.java:log(48)) - 3336e988-a1cc-4f09-b2d1-22a9863ee945@group-B66F265A3155-FOLLOWER: reject ELECTION from a1a795c4-f5a2-46b7-b5e4-aef7f82751b2: already has voted for d57ef6cc-857b-4c4f-ab3c-49c4eddebbaf at current term 3
2022-06-19 13:05:10,129 [grpc-default-executor-3] INFO  server.RaftServer$Division (RaftServerImpl.java:requestVote(1184)) - 3336e988-a1cc-4f09-b2d1-22a9863ee945@group-B66F265A3155 replies to ELECTION vote request: a1a795c4-f5a2-46b7-b5e4-aef7f82751b2<-3336e988-a1cc-4f09-b2d1-22a9863ee945#0:FAIL-t3. Peer's state: 3336e988-a1cc-4f09-b2d1-22a9863ee945@group-B66F265A3155:t3, leader=null, voted=d57ef6cc-857b-4c4f-ab3c-49c4eddebbaf, raftlog=3336e988-a1cc-4f09-b2d1-22a9863ee945@group-B66F265A3155-SegmentedRaftLog:OPENED:c-1, conf=-1: [d57ef6cc-857b-4c4f-ab3c-49c4eddebbaf|rpc:10.1.0.4:38535|dataStream:|priority:0, 3336e988-a1cc-4f09-b2d1-22a9863ee945|rpc:10.1.0.4:37777|dataStream:|priority:0, a1a795c4-f5a2-46b7-b5e4-aef7f82751b2|rpc:10.1.0.4:34871|dataStream:|priority:1], old=null
2022-06-19 13:05:10,132 [a1a795c4-f5a2-46b7-b5e4-aef7f82751b2@group-B66F265A3155-LeaderElection12] INFO  impl.LeaderElection (LeaderElection.java:logAndReturn(90)) - a1a795c4-f5a2-46b7-b5e4-aef7f82751b2@group-B66F265A3155-LeaderElection12: ELECTION REJECTED received 2 response(s) and 0 exception(s):
2022-06-19 13:05:10,132 [a1a795c4-f5a2-46b7-b5e4-aef7f82751b2@group-B66F265A3155-LeaderElection12] INFO  impl.LeaderElection (LeaderElection.java:logAndReturn(94)) -   Response 0: a1a795c4-f5a2-46b7-b5e4-aef7f82751b2<-d57ef6cc-857b-4c4f-ab3c-49c4eddebbaf#0:FAIL-t3
2022-06-19 13:05:10,132 [a1a795c4-f5a2-46b7-b5e4-aef7f82751b2@group-B66F265A3155-LeaderElection12] INFO  impl.LeaderElection (LeaderElection.java:logAndReturn(94)) -   Response 1: a1a795c4-f5a2-46b7-b5e4-aef7f82751b2<-3336e988-a1cc-4f09-b2d1-22a9863ee945#0:FAIL-t3
2022-06-19 13:05:10,132 [a1a795c4-f5a2-46b7-b5e4-aef7f82751b2@group-B66F265A3155-LeaderElection12] INFO  impl.LeaderElection (LeaderElection.java:askForVotes(312)) - a1a795c4-f5a2-46b7-b5e4-aef7f82751b2@group-B66F265A3155-LeaderElection12 ELECTION round 0: result REJECTED
2022-06-19 13:05:10,132 [a1a795c4-f5a2-46b7-b5e4-aef7f82751b2@group-B66F265A3155-LeaderElection12] INFO  server.RaftServer$Division (RaftServerImpl.java:setRole(299)) - a1a795c4-f5a2-46b7-b5e4-aef7f82751b2@group-B66F265A3155: changes role from CANDIDATE to FOLLOWER at term 3 for REJECTED
2022-06-19 13:05:10,132 [a1a795c4-f5a2-46b7-b5e4-aef7f82751b2@group-B66F265A3155-LeaderElection12] INFO  impl.RoleInfo (RoleInfo.java:shutdownLeaderElection(130)) - a1a795c4-f5a2-46b7-b5e4-aef7f82751b2: shutdown a1a795c4-f5a2-46b7-b5e4-aef7f82751b2@group-B66F265A3155-LeaderElection12
2022-06-19 13:05:10,133 [a1a795c4-f5a2-46b7-b5e4-aef7f82751b2@group-B66F265A3155-LeaderElection12] INFO  impl.RoleInfo (RoleInfo.java:updateAndGet(139)) - a1a795c4-f5a2-46b7-b5e4-aef7f82751b2: start a1a795c4-f5a2-46b7-b5e4-aef7f82751b2@group-B66F265A3155-FollowerState
2022-06-19 13:05:15,198 [d57ef6cc-857b-4c4f-ab3c-49c4eddebbaf@group-B66F265A3155-FollowerState] INFO  impl.FollowerState (FollowerState.java:run(143)) - d57ef6cc-857b-4c4f-ab3c-49c4eddebbaf@group-B66F265A3155-FollowerState: change to CANDIDATE, lastRpcElapsedTime:5098550114ns, electionTimeout:5097ms
2022-06-19 13:05:15,205 [d57ef6cc-857b-4c4f-ab3c-49c4eddebbaf@group-B66F265A3155-FollowerState] INFO  impl.RoleInfo (RoleInfo.java:shutdownFollowerState(110)) - d57ef6cc-857b-4c4f-ab3c-49c4eddebbaf: shutdown d57ef6cc-857b-4c4f-ab3c-49c4eddebbaf@group-B66F265A3155-FollowerState
2022-06-19 13:05:15,206 [d57ef6cc-857b-4c4f-ab3c-49c4eddebbaf@group-B66F265A3155-FollowerState] INFO  server.RaftServer$Division (RaftServerImpl.java:setRole(299)) - d57ef6cc-857b-4c4f-ab3c-49c4eddebbaf@group-B66F265A3155: changes role from  FOLLOWER to CANDIDATE at term 3 for changeToCandidate
2022-06-19 13:05:15,206 [d57ef6cc-857b-4c4f-ab3c-49c4eddebbaf@group-B66F265A3155-FollowerState] INFO  server.RaftServerConfigKeys (ConfUtils.java:logGet(46)) - raft.server.leaderelection.pre-vote = false (custom)
2022-06-19 13:05:15,206 [d57ef6cc-857b-4c4f-ab3c-49c4eddebbaf@group-B66F265A3155-FollowerState] INFO  impl.RoleInfo (RoleInfo.java:updateAndGet(139)) - d57ef6cc-857b-4c4f-ab3c-49c4eddebbaf: start d57ef6cc-857b-4c4f-ab3c-49c4eddebbaf@group-B66F265A3155-LeaderElection13
2022-06-19 13:05:15,205 [a1a795c4-f5a2-46b7-b5e4-aef7f82751b2@group-B66F265A3155-FollowerState] INFO  impl.FollowerState (FollowerState.java:run(143)) - a1a795c4-f5a2-46b7-b5e4-aef7f82751b2@group-B66F265A3155-FollowerState: change to CANDIDATE, lastRpcElapsedTime:5072770523ns, electionTimeout:5055ms
2022-06-19 13:05:15,206 [a1a795c4-f5a2-46b7-b5e4-aef7f82751b2@group-B66F265A3155-FollowerState] INFO  impl.RoleInfo (RoleInfo.java:shutdownFollowerState(110)) - a1a795c4-f5a2-46b7-b5e4-aef7f82751b2: shutdown a1a795c4-f5a2-46b7-b5e4-aef7f82751b2@group-B66F265A3155-FollowerState
2022-06-19 13:05:15,206 [a1a795c4-f5a2-46b7-b5e4-aef7f82751b2@group-B66F265A3155-FollowerState] INFO  server.RaftServer$Division (RaftServerImpl.java:setRole(299)) - a1a795c4-f5a2-46b7-b5e4-aef7f82751b2@group-B66F265A3155: changes role from  FOLLOWER to CANDIDATE at term 3 for changeToCandidate
2022-06-19 13:05:15,206 [a1a795c4-f5a2-46b7-b5e4-aef7f82751b2@group-B66F265A3155-FollowerState] INFO  server.RaftServerConfigKeys (ConfUtils.java:logGet(46)) - raft.server.leaderelection.pre-vote = false (custom)
2022-06-19 13:05:15,206 [a1a795c4-f5a2-46b7-b5e4-aef7f82751b2@group-B66F265A3155-FollowerState] INFO  impl.RoleInfo (RoleInfo.java:updateAndGet(139)) - a1a795c4-f5a2-46b7-b5e4-aef7f82751b2: start a1a795c4-f5a2-46b7-b5e4-aef7f82751b2@group-B66F265A3155-LeaderElection14
2022-06-19 13:05:15,209 [d57ef6cc-857b-4c4f-ab3c-49c4eddebbaf@group-B66F265A3155-LeaderElection13] INFO  impl.LeaderElection (LeaderElection.java:askForVotes(310)) - d57ef6cc-857b-4c4f-ab3c-49c4eddebbaf@group-B66F265A3155-LeaderElection13 ELECTION round 0: submit vote requests at term 4 for -1: [d57ef6cc-857b-4c4f-ab3c-49c4eddebbaf|rpc:10.1.0.4:38535|priority:0, 3336e988-a1cc-4f09-b2d1-22a9863ee945|rpc:10.1.0.4:37777|priority:0, a1a795c4-f5a2-46b7-b5e4-aef7f82751b2|rpc:10.1.0.4:34871|priority:1], old=null
2022-06-19 13:05:15,214 [a1a795c4-f5a2-46b7-b5e4-aef7f82751b2@group-B66F265A3155-LeaderElection14] INFO  impl.LeaderElection (LeaderElection.java:askForVotes(310)) - a1a795c4-f5a2-46b7-b5e4-aef7f82751b2@group-B66F265A3155-LeaderElection14 ELECTION round 0: submit vote requests at term 4 for -1: [d57ef6cc-857b-4c4f-ab3c-49c4eddebbaf|rpc:10.1.0.4:38535|priority:0, 3336e988-a1cc-4f09-b2d1-22a9863ee945|rpc:10.1.0.4:37777|priority:0, a1a795c4-f5a2-46b7-b5e4-aef7f82751b2|rpc:10.1.0.4:34871|priority:1], old=null
2022-06-19 13:05:15,218 [grpc-default-executor-0] INFO  server.RaftServer$Division (RaftServerImpl.java:requestVote(1152)) - 3336e988-a1cc-4f09-b2d1-22a9863ee945@group-B66F265A3155: receive requestVote(ELECTION, d57ef6cc-857b-4c4f-ab3c-49c4eddebbaf, group-B66F265A3155, 4, (t:0, i:0))
2022-06-19 13:05:15,218 [grpc-default-executor-0] INFO  impl.VoteContext (VoteContext.java:log(48)) - 3336e988-a1cc-4f09-b2d1-22a9863ee945@group-B66F265A3155-FOLLOWER: accept ELECTION from d57ef6cc-857b-4c4f-ab3c-49c4eddebbaf: our priority 0 <= candidate's priority 0
2022-06-19 13:05:15,218 [grpc-default-executor-0] INFO  server.RaftServer$Division (RaftServerImpl.java:setRole(299)) - 3336e988-a1cc-4f09-b2d1-22a9863ee945@group-B66F265A3155: changes role from  FOLLOWER to FOLLOWER at term 4 for candidate:d57ef6cc-857b-4c4f-ab3c-49c4eddebbaf
2022-06-19 13:05:15,218 [grpc-default-executor-0] INFO  impl.RoleInfo (RoleInfo.java:shutdownFollowerState(110)) - 3336e988-a1cc-4f09-b2d1-22a9863ee945: shutdown 3336e988-a1cc-4f09-b2d1-22a9863ee945@group-B66F265A3155-FollowerState
2022-06-19 13:05:15,220 [grpc-default-executor-0] INFO  impl.RoleInfo (RoleInfo.java:updateAndGet(139)) - 3336e988-a1cc-4f09-b2d1-22a9863ee945: start 3336e988-a1cc-4f09-b2d1-22a9863ee945@group-B66F265A3155-FollowerState
2022-06-19 13:05:15,220 [3336e988-a1cc-4f09-b2d1-22a9863ee945@group-B66F265A3155-FollowerState] INFO  impl.FollowerState (FollowerState.java:run(152)) - 3336e988-a1cc-4f09-b2d1-22a9863ee945@group-B66F265A3155-FollowerState was interrupted
2022-06-19 13:05:15,230 [grpc-default-executor-3] INFO  server.RaftServer$Division (RaftServerImpl.java:requestVote(1152)) - d57ef6cc-857b-4c4f-ab3c-49c4eddebbaf@group-B66F265A3155: receive requestVote(ELECTION, a1a795c4-f5a2-46b7-b5e4-aef7f82751b2, group-B66F265A3155, 4, (t:0, i:0))
2022-06-19 13:05:15,230 [grpc-default-executor-3] INFO  impl.VoteContext (VoteContext.java:log(48)) - d57ef6cc-857b-4c4f-ab3c-49c4eddebbaf@group-B66F265A3155-CANDIDATE: reject ELECTION from a1a795c4-f5a2-46b7-b5e4-aef7f82751b2: already has voted for d57ef6cc-857b-4c4f-ab3c-49c4eddebbaf at current term 4
2022-06-19 13:05:15,230 [grpc-default-executor-2] INFO  server.RaftServer$Division (RaftServerImpl.java:requestVote(1152)) - 3336e988-a1cc-4f09-b2d1-22a9863ee945@group-B66F265A3155: receive requestVote(ELECTION, a1a795c4-f5a2-46b7-b5e4-aef7f82751b2, group-B66F265A3155, 4, (t:0, i:0))
2022-06-19 13:05:15,230 [grpc-default-executor-3] INFO  server.RaftServer$Division (RaftServerImpl.java:requestVote(1184)) - d57ef6cc-857b-4c4f-ab3c-49c4eddebbaf@group-B66F265A3155 replies to ELECTION vote request: a1a795c4-f5a2-46b7-b5e4-aef7f82751b2<-d57ef6cc-857b-4c4f-ab3c-49c4eddebbaf#0:FAIL-t4. Peer's state: d57ef6cc-857b-4c4f-ab3c-49c4eddebbaf@group-B66F265A3155:t4, leader=null, voted=d57ef6cc-857b-4c4f-ab3c-49c4eddebbaf, raftlog=d57ef6cc-857b-4c4f-ab3c-49c4eddebbaf@group-B66F265A3155-SegmentedRaftLog:OPENED:c-1, conf=-1: [d57ef6cc-857b-4c4f-ab3c-49c4eddebbaf|rpc:10.1.0.4:38535|priority:0, 3336e988-a1cc-4f09-b2d1-22a9863ee945|rpc:10.1.0.4:37777|priority:0, a1a795c4-f5a2-46b7-b5e4-aef7f82751b2|rpc:10.1.0.4:34871|priority:1], old=null
2022-06-19 13:05:15,230 [grpc-default-executor-0] INFO  server.RaftServer$Division (RaftServerImpl.java:requestVote(1184)) - 3336e988-a1cc-4f09-b2d1-22a9863ee945@group-B66F265A3155 replies to ELECTION vote request: d57ef6cc-857b-4c4f-ab3c-49c4eddebbaf<-3336e988-a1cc-4f09-b2d1-22a9863ee945#0:OK-t4. Peer's state: 3336e988-a1cc-4f09-b2d1-22a9863ee945@group-B66F265A3155:t4, leader=null, voted=d57ef6cc-857b-4c4f-ab3c-49c4eddebbaf, raftlog=3336e988-a1cc-4f09-b2d1-22a9863ee945@group-B66F265A3155-SegmentedRaftLog:OPENED:c-1, conf=-1: [d57ef6cc-857b-4c4f-ab3c-49c4eddebbaf|rpc:10.1.0.4:38535|dataStream:|priority:0, 3336e988-a1cc-4f09-b2d1-22a9863ee945|rpc:10.1.0.4:37777|dataStream:|priority:0, a1a795c4-f5a2-46b7-b5e4-aef7f82751b2|rpc:10.1.0.4:34871|dataStream:|priority:1], old=null
2022-06-19 13:05:15,230 [grpc-default-executor-1] INFO  server.RaftServer$Division (RaftServerImpl.java:requestVote(1152)) - a1a795c4-f5a2-46b7-b5e4-aef7f82751b2@group-B66F265A3155: receive requestVote(ELECTION, d57ef6cc-857b-4c4f-ab3c-49c4eddebbaf, group-B66F265A3155, 4, (t:0, i:0))
2022-06-19 13:05:15,234 [grpc-default-executor-1] INFO  impl.VoteContext (VoteContext.java:log(48)) - a1a795c4-f5a2-46b7-b5e4-aef7f82751b2@group-B66F265A3155-CANDIDATE: reject ELECTION from d57ef6cc-857b-4c4f-ab3c-49c4eddebbaf: already has voted for a1a795c4-f5a2-46b7-b5e4-aef7f82751b2 at current term 4
2022-06-19 13:05:15,234 [grpc-default-executor-1] INFO  server.RaftServer$Division (RaftServerImpl.java:requestVote(1184)) - a1a795c4-f5a2-46b7-b5e4-aef7f82751b2@group-B66F265A3155 replies to ELECTION vote request: d57ef6cc-857b-4c4f-ab3c-49c4eddebbaf<-a1a795c4-f5a2-46b7-b5e4-aef7f82751b2#0:FAIL-t4. Peer's state: a1a795c4-f5a2-46b7-b5e4-aef7f82751b2@group-B66F265A3155:t4, leader=null, voted=a1a795c4-f5a2-46b7-b5e4-aef7f82751b2, raftlog=a1a795c4-f5a2-46b7-b5e4-aef7f82751b2@group-B66F265A3155-SegmentedRaftLog:OPENED:c-1, conf=-1: [d57ef6cc-857b-4c4f-ab3c-49c4eddebbaf|rpc:10.1.0.4:38535|priority:0, 3336e988-a1cc-4f09-b2d1-22a9863ee945|rpc:10.1.0.4:37777|priority:0, a1a795c4-f5a2-46b7-b5e4-aef7f82751b2|rpc:10.1.0.4:34871|priority:1], old=null
2022-06-19 13:05:15,232 [grpc-default-executor-2] INFO  impl.VoteContext (VoteContext.java:log(48)) - 3336e988-a1cc-4f09-b2d1-22a9863ee945@group-B66F265A3155-FOLLOWER: reject ELECTION from a1a795c4-f5a2-46b7-b5e4-aef7f82751b2: already has voted for d57ef6cc-857b-4c4f-ab3c-49c4eddebbaf at current term 4
2022-06-19 13:05:15,235 [grpc-default-executor-2] INFO  server.RaftServer$Division (RaftServerImpl.java:requestVote(1184)) - 3336e988-a1cc-4f09-b2d1-22a9863ee945@group-B66F265A3155 replies to ELECTION vote request: a1a795c4-f5a2-46b7-b5e4-aef7f82751b2<-3336e988-a1cc-4f09-b2d1-22a9863ee945#0:FAIL-t4. Peer's state: 3336e988-a1cc-4f09-b2d1-22a9863ee945@group-B66F265A3155:t4, leader=null, voted=d57ef6cc-857b-4c4f-ab3c-49c4eddebbaf, raftlog=3336e988-a1cc-4f09-b2d1-22a9863ee945@group-B66F265A3155-SegmentedRaftLog:OPENED:c-1, conf=-1: [d57ef6cc-857b-4c4f-ab3c-49c4eddebbaf|rpc:10.1.0.4:38535|dataStream:|priority:0, 3336e988-a1cc-4f09-b2d1-22a9863ee945|rpc:10.1.0.4:37777|dataStream:|priority:0, a1a795c4-f5a2-46b7-b5e4-aef7f82751b2|rpc:10.1.0.4:34871|dataStream:|priority:1], old=null
2022-06-19 13:05:15,236 [a1a795c4-f5a2-46b7-b5e4-aef7f82751b2@group-B66F265A3155-LeaderElection14] INFO  impl.LeaderElection (LeaderElection.java:logAndReturn(90)) - a1a795c4-f5a2-46b7-b5e4-aef7f82751b2@group-B66F265A3155-LeaderElection14: ELECTION REJECTED received 2 response(s) and 0 exception(s):
2022-06-19 13:05:15,236 [d57ef6cc-857b-4c4f-ab3c-49c4eddebbaf@group-B66F265A3155-LeaderElection13] INFO  impl.LeaderElection (LeaderElection.java:logAndReturn(90)) - d57ef6cc-857b-4c4f-ab3c-49c4eddebbaf@group-B66F265A3155-LeaderElection13: ELECTION REJECTED received 2 response(s) and 0 exception(s):
2022-06-19 13:05:15,237 [a1a795c4-f5a2-46b7-b5e4-aef7f82751b2@group-B66F265A3155-LeaderElection14] INFO  impl.LeaderElection (LeaderElection.java:logAndReturn(94)) -   Response 0: a1a795c4-f5a2-46b7-b5e4-aef7f82751b2<-d57ef6cc-857b-4c4f-ab3c-49c4eddebbaf#0:FAIL-t4
2022-06-19 13:05:15,238 [a1a795c4-f5a2-46b7-b5e4-aef7f82751b2@group-B66F265A3155-LeaderElection14] INFO  impl.LeaderElection (LeaderElection.java:logAndReturn(94)) -   Response 1: a1a795c4-f5a2-46b7-b5e4-aef7f82751b2<-3336e988-a1cc-4f09-b2d1-22a9863ee945#0:FAIL-t4
2022-06-19 13:05:15,238 [a1a795c4-f5a2-46b7-b5e4-aef7f82751b2@group-B66F265A3155-LeaderElection14] INFO  impl.LeaderElection (LeaderElection.java:askForVotes(312)) - a1a795c4-f5a2-46b7-b5e4-aef7f82751b2@group-B66F265A3155-LeaderElection14 ELECTION round 0: result REJECTED
2022-06-19 13:05:15,238 [a1a795c4-f5a2-46b7-b5e4-aef7f82751b2@group-B66F265A3155-LeaderElection14] INFO  server.RaftServer$Division (RaftServerImpl.java:setRole(299)) - a1a795c4-f5a2-46b7-b5e4-aef7f82751b2@group-B66F265A3155: changes role from CANDIDATE to FOLLOWER at term 4 for REJECTED
2022-06-19 13:05:15,238 [a1a795c4-f5a2-46b7-b5e4-aef7f82751b2@group-B66F265A3155-LeaderElection14] INFO  impl.RoleInfo (RoleInfo.java:shutdownLeaderElection(130)) - a1a795c4-f5a2-46b7-b5e4-aef7f82751b2: shutdown a1a795c4-f5a2-46b7-b5e4-aef7f82751b2@group-B66F265A3155-LeaderElection14
2022-06-19 13:05:15,238 [a1a795c4-f5a2-46b7-b5e4-aef7f82751b2@group-B66F265A3155-LeaderElection14] INFO  impl.RoleInfo (RoleInfo.java:updateAndGet(139)) - a1a795c4-f5a2-46b7-b5e4-aef7f82751b2: start a1a795c4-f5a2-46b7-b5e4-aef7f82751b2@group-B66F265A3155-FollowerState
2022-06-19 13:05:15,238 [d57ef6cc-857b-4c4f-ab3c-49c4eddebbaf@group-B66F265A3155-LeaderElection13] INFO  impl.LeaderElection (LeaderElection.java:logAndReturn(94)) -   Response 0: d57ef6cc-857b-4c4f-ab3c-49c4eddebbaf<-3336e988-a1cc-4f09-b2d1-22a9863ee945#0:OK-t4
2022-06-19 13:05:15,239 [d57ef6cc-857b-4c4f-ab3c-49c4eddebbaf@group-B66F265A3155-LeaderElection13] INFO  impl.LeaderElection (LeaderElection.java:logAndReturn(94)) -   Response 1: d57ef6cc-857b-4c4f-ab3c-49c4eddebbaf<-a1a795c4-f5a2-46b7-b5e4-aef7f82751b2#0:FAIL-t4
2022-06-19 13:05:15,239 [d57ef6cc-857b-4c4f-ab3c-49c4eddebbaf@group-B66F265A3155-LeaderElection13] INFO  impl.LeaderElection (LeaderElection.java:askForVotes(312)) - d57ef6cc-857b-4c4f-ab3c-49c4eddebbaf@group-B66F265A3155-LeaderElection13 ELECTION round 0: result REJECTED
2022-06-19 13:05:15,239 [d57ef6cc-857b-4c4f-ab3c-49c4eddebbaf@group-B66F265A3155-LeaderElection13] INFO  server.RaftServer$Division (RaftServerImpl.java:setRole(299)) - d57ef6cc-857b-4c4f-ab3c-49c4eddebbaf@group-B66F265A3155: changes role from CANDIDATE to FOLLOWER at term 4 for REJECTED
2022-06-19 13:05:15,239 [d57ef6cc-857b-4c4f-ab3c-49c4eddebbaf@group-B66F265A3155-LeaderElection13] INFO  impl.RoleInfo (RoleInfo.java:shutdownLeaderElection(130)) - d57ef6cc-857b-4c4f-ab3c-49c4eddebbaf: shutdown d57ef6cc-857b-4c4f-ab3c-49c4eddebbaf@group-B66F265A3155-LeaderElection13
2022-06-19 13:05:15,239 [d57ef6cc-857b-4c4f-ab3c-49c4eddebbaf@group-B66F265A3155-LeaderElection13] INFO  impl.RoleInfo (RoleInfo.java:updateAndGet(139)) - d57ef6cc-857b-4c4f-ab3c-49c4eddebbaf: start d57ef6cc-857b-4c4f-ab3c-49c4eddebbaf@group-B66F265A3155-FollowerState
]]></system-out>
  </testcase>
  <testcase name="testListStatusOnLargeDirectory" classname="TestOzoneFileSystem" time="0.019">
    <failure type="java.lang.AssertionError"><![CDATA[java.lang.AssertionError: Delete root failed! expected:<0> but was:<1>
	at org.junit.Assert.fail(Assert.java:89)
	at org.junit.Assert.failNotEquals(Assert.java:835)
	at org.junit.Assert.assertEquals(Assert.java:647)
	at org.apache.hadoop.fs.ozone.TestOzoneFileSystem.deleteRootDir(TestOzoneFileSystem.java:711)
	at org.apache.hadoop.fs.ozone.TestOzoneFileSystem.testListStatusOnLargeDirectory(TestOzoneFileSystem.java:651)
	at sun.reflect.NativeMethodAccessorImpl.invoke0(Native Method)
	at sun.reflect.NativeMethodAccessorImpl.invoke(NativeMethodAccessorImpl.java:62)
	at sun.reflect.DelegatingMethodAccessorImpl.invoke(DelegatingMethodAccessorImpl.java:43)
	at java.lang.reflect.Method.invoke(Method.java:498)
	at org.junit.runners.model.FrameworkMethod$1.runReflectiveCall(FrameworkMethod.java:59)
	at org.junit.internal.runners.model.ReflectiveCallable.run(ReflectiveCallable.java:12)
	at org.junit.runners.model.FrameworkMethod.invokeExplosively(FrameworkMethod.java:56)
	at org.junit.internal.runners.statements.InvokeMethod.evaluate(InvokeMethod.java:17)
	at org.junit.internal.runners.statements.RunAfters.evaluate(RunAfters.java:27)
	at org.junit.internal.runners.statements.FailOnTimeout$CallableStatement.call(FailOnTimeout.java:288)
	at org.junit.internal.runners.statements.FailOnTimeout$CallableStatement.call(FailOnTimeout.java:282)
	at java.util.concurrent.FutureTask.run(FutureTask.java:266)
	at java.lang.Thread.run(Thread.java:750)
]]></failure>
    <system-out><![CDATA[13:06:27.161 [IPC Server handler 15 on default port 45241] ERROR OMAudit - user=runner | ip=127.0.0.1 | op=GET_FILE_STATUS {volume=volume87664, bucket=bucket74908, key=.Trash, dataSize=0, replicationConfig=null} | ret=FAILURE
org.apache.hadoop.ozone.om.exceptions.OMException: Unable to get file status: volume: volume87664 bucket: bucket74908 key: .Trash
	at org.apache.hadoop.ozone.om.KeyManagerImpl.getOzoneFileStatus(KeyManagerImpl.java:1283) ~[ozone-manager-1.3.0-SNAPSHOT.jar:?]
	at org.apache.hadoop.ozone.om.KeyManagerImpl.getFileStatus(KeyManagerImpl.java:1213) ~[ozone-manager-1.3.0-SNAPSHOT.jar:?]
	at org.apache.hadoop.ozone.om.OzoneManager.getFileStatus(OzoneManager.java:3419) ~[ozone-manager-1.3.0-SNAPSHOT.jar:?]
	at org.apache.hadoop.ozone.protocolPB.OzoneManagerRequestHandler.getOzoneFileStatus(OzoneManagerRequestHandler.java:871) ~[ozone-manager-1.3.0-SNAPSHOT.jar:?]
	at org.apache.hadoop.ozone.protocolPB.OzoneManagerRequestHandler.handleReadRequest(OzoneManagerRequestHandler.java:217) ~[ozone-manager-1.3.0-SNAPSHOT.jar:?]
	at org.apache.hadoop.ozone.protocolPB.OzoneManagerProtocolServerSideTranslatorPB.submitRequestDirectlyToOM(OzoneManagerProtocolServerSideTranslatorPB.java:284) ~[ozone-manager-1.3.0-SNAPSHOT.jar:?]
	at org.apache.hadoop.ozone.protocolPB.OzoneManagerProtocolServerSideTranslatorPB.processRequest(OzoneManagerProtocolServerSideTranslatorPB.java:207) ~[ozone-manager-1.3.0-SNAPSHOT.jar:?]
	at org.apache.hadoop.hdds.server.OzoneProtocolMessageDispatcher.processRequest(OzoneProtocolMessageDispatcher.java:87) [hdds-server-framework-1.3.0-SNAPSHOT.jar:?]
	at org.apache.hadoop.ozone.protocolPB.OzoneManagerProtocolServerSideTranslatorPB.submitRequest(OzoneManagerProtocolServerSideTranslatorPB.java:147) [ozone-manager-1.3.0-SNAPSHOT.jar:?]
	at org.apache.hadoop.ozone.protocol.proto.OzoneManagerProtocolProtos$OzoneManagerService$2.callBlockingMethod(OzoneManagerProtocolProtos.java) [ozone-interface-client-1.3.0-SNAPSHOT.jar:?]
	at org.apache.hadoop.ipc.ProtobufRpcEngine$Server.processCall(ProtobufRpcEngine.java:466) [hadoop-common-3.3.1.jar:?]
	at org.apache.hadoop.ipc.ProtobufRpcEngine2$Server$ProtoBufRpcInvoker.call(ProtobufRpcEngine2.java:574) [hadoop-common-3.3.1.jar:?]
	at org.apache.hadoop.ipc.ProtobufRpcEngine2$Server$ProtoBufRpcInvoker.call(ProtobufRpcEngine2.java:552) [hadoop-common-3.3.1.jar:?]
	at org.apache.hadoop.ipc.RPC$Server.call(RPC.java:1093) [hadoop-common-3.3.1.jar:?]
	at org.apache.hadoop.ipc.Server$RpcCall.run(Server.java:1035) [hadoop-common-3.3.1.jar:?]
	at org.apache.hadoop.ipc.Server$RpcCall.run(Server.java:963) [hadoop-common-3.3.1.jar:?]
	at java.security.AccessController.doPrivileged(Native Method) ~[?:1.8.0_332]
	at javax.security.auth.Subject.doAs(Subject.java:422) [?:1.8.0_332]
	at org.apache.hadoop.security.UserGroupInformation.doAs(UserGroupInformation.java:1878) [hadoop-common-3.3.1.jar:?]
	at org.apache.hadoop.ipc.Server$Handler.run(Server.java:2966) [hadoop-common-3.3.1.jar:?]
2022-06-19 13:06:27,164 [Time-limited test] WARN  ozone.BasicOzoneFileSystem (BasicOzoneFileSystem.java:delete(532)) - delete: Path does not exist: o3fs://bucket74908.volume87664/.Trash
13:06:27.166 [IPC Server handler 8 on default port 45241] ERROR OMAudit - user=runner | ip=127.0.0.1 | op=GET_FILE_STATUS {volume=volume87664, bucket=bucket74908, key=.Trash, dataSize=0, replicationConfig=null} | ret=FAILURE
org.apache.hadoop.ozone.om.exceptions.OMException: Unable to get file status: volume: volume87664 bucket: bucket74908 key: .Trash
	at org.apache.hadoop.ozone.om.KeyManagerImpl.getOzoneFileStatus(KeyManagerImpl.java:1283) ~[ozone-manager-1.3.0-SNAPSHOT.jar:?]
	at org.apache.hadoop.ozone.om.KeyManagerImpl.getFileStatus(KeyManagerImpl.java:1213) ~[ozone-manager-1.3.0-SNAPSHOT.jar:?]
	at org.apache.hadoop.ozone.om.OzoneManager.getFileStatus(OzoneManager.java:3419) ~[ozone-manager-1.3.0-SNAPSHOT.jar:?]
	at org.apache.hadoop.ozone.protocolPB.OzoneManagerRequestHandler.getOzoneFileStatus(OzoneManagerRequestHandler.java:871) ~[ozone-manager-1.3.0-SNAPSHOT.jar:?]
	at org.apache.hadoop.ozone.protocolPB.OzoneManagerRequestHandler.handleReadRequest(OzoneManagerRequestHandler.java:217) ~[ozone-manager-1.3.0-SNAPSHOT.jar:?]
	at org.apache.hadoop.ozone.protocolPB.OzoneManagerProtocolServerSideTranslatorPB.submitRequestDirectlyToOM(OzoneManagerProtocolServerSideTranslatorPB.java:284) ~[ozone-manager-1.3.0-SNAPSHOT.jar:?]
	at org.apache.hadoop.ozone.protocolPB.OzoneManagerProtocolServerSideTranslatorPB.processRequest(OzoneManagerProtocolServerSideTranslatorPB.java:207) ~[ozone-manager-1.3.0-SNAPSHOT.jar:?]
	at org.apache.hadoop.hdds.server.OzoneProtocolMessageDispatcher.processRequest(OzoneProtocolMessageDispatcher.java:87) [hdds-server-framework-1.3.0-SNAPSHOT.jar:?]
	at org.apache.hadoop.ozone.protocolPB.OzoneManagerProtocolServerSideTranslatorPB.submitRequest(OzoneManagerProtocolServerSideTranslatorPB.java:147) [ozone-manager-1.3.0-SNAPSHOT.jar:?]
	at org.apache.hadoop.ozone.protocol.proto.OzoneManagerProtocolProtos$OzoneManagerService$2.callBlockingMethod(OzoneManagerProtocolProtos.java) [ozone-interface-client-1.3.0-SNAPSHOT.jar:?]
	at org.apache.hadoop.ipc.ProtobufRpcEngine$Server.processCall(ProtobufRpcEngine.java:466) [hadoop-common-3.3.1.jar:?]
	at org.apache.hadoop.ipc.ProtobufRpcEngine2$Server$ProtoBufRpcInvoker.call(ProtobufRpcEngine2.java:574) [hadoop-common-3.3.1.jar:?]
	at org.apache.hadoop.ipc.ProtobufRpcEngine2$Server$ProtoBufRpcInvoker.call(ProtobufRpcEngine2.java:552) [hadoop-common-3.3.1.jar:?]
	at org.apache.hadoop.ipc.RPC$Server.call(RPC.java:1093) [hadoop-common-3.3.1.jar:?]
	at org.apache.hadoop.ipc.Server$RpcCall.run(Server.java:1035) [hadoop-common-3.3.1.jar:?]
	at org.apache.hadoop.ipc.Server$RpcCall.run(Server.java:963) [hadoop-common-3.3.1.jar:?]
	at java.security.AccessController.doPrivileged(Native Method) ~[?:1.8.0_332]
	at javax.security.auth.Subject.doAs(Subject.java:422) [?:1.8.0_332]
	at org.apache.hadoop.security.UserGroupInformation.doAs(UserGroupInformation.java:1878) [hadoop-common-3.3.1.jar:?]
	at org.apache.hadoop.ipc.Server$Handler.run(Server.java:2966) [hadoop-common-3.3.1.jar:?]
2022-06-19 13:06:27,166 [Time-limited test] WARN  ozone.BasicOzoneFileSystem (BasicOzoneFileSystem.java:delete(532)) - delete: Path does not exist: o3fs://bucket74908.volume87664/.Trash
]]></system-out>
  </testcase>
  <testcase name="testListStatusOnLargeDirectory" classname="TestOzoneFileSystem" time="9.302"/>
  <testcase name="testListStatusOnLargeDirectory" classname="TestOzoneFileSystem" time="9.394"/>
  <testcase name="testCreateKeyShouldUseRefreshedBucketReplicationConfig" classname="TestOzoneFileSystem" time="0.324">
    <system-out><![CDATA[2022-06-19 13:05:18,419 [Time-limited test] INFO  rpc.RpcClient (RpcClient.java:createVolume(466)) - Creating Volume: volume83102, with user86016 as owner and space quota set to -1 bytes, counts quota set to -1
2022-06-19 13:05:18,422 [OM StateMachine ApplyTransaction Thread - 0] INFO  volume.OMVolumeCreateRequest (OMVolumeCreateRequest.java:validateAndUpdateCache(195)) - created volume:volume83102 for user:user86016
2022-06-19 13:05:18,424 [Time-limited test] INFO  rpc.RpcClient (RpcClient.java:createBucket(666)) - Creating Bucket: volume83102/bucket25231, with the Bucket Layout LEGACY, runner as owner, Versioning false, Storage Type set to DISK and Encryption set to false 
2022-06-19 13:05:18,426 [OM StateMachine ApplyTransaction Thread - 0] INFO  bucket.OMBucketCreateRequest (OMBucketCreateRequest.java:validateAndUpdateCache(260)) - created bucket: bucket25231 of layout LEGACY in volume: volume83102
2022-06-19 13:05:18,493 [IPC Server handler 6 on default port 34337] INFO  pipeline.PipelineStateManagerImpl (PipelineStateManagerImpl.java:addPipeline(101)) - Created pipeline Pipeline[ Id: ec57edcb-2ca8-4c14-bc12-2f7b5cfedb00, Nodes: a1a795c4-f5a2-46b7-b5e4-aef7f82751b2{ip: 10.1.0.4, host: fv-az58-449.32bp4kehjaiexiom31oljkjdjg.cx.internal.cloudapp.net, ports: [REPLICATION=46005, RATIS=34871, RATIS_ADMIN=34871, RATIS_SERVER=34871, STANDALONE=40083], networkLocation: /default-rack, certSerialId: null, persistedOpState: null, persistedOpStateExpiryEpochSec: 0}32ed00d5-15dd-4dbd-8016-698f8e5f4c3f{ip: 10.1.0.4, host: fv-az58-449.32bp4kehjaiexiom31oljkjdjg.cx.internal.cloudapp.net, ports: [REPLICATION=36433, RATIS=45569, RATIS_ADMIN=45569, RATIS_SERVER=45569, STANDALONE=46191], networkLocation: /default-rack, certSerialId: null, persistedOpState: null, persistedOpStateExpiryEpochSec: 0}3336e988-a1cc-4f09-b2d1-22a9863ee945{ip: 10.1.0.4, host: fv-az58-449.32bp4kehjaiexiom31oljkjdjg.cx.internal.cloudapp.net, ports: [REPLICATION=44271, RATIS=37777, RATIS_ADMIN=37777, RATIS_SERVER=37777, STANDALONE=42101], networkLocation: /default-rack, certSerialId: null, persistedOpState: null, persistedOpStateExpiryEpochSec: 0}d57ef6cc-857b-4c4f-ab3c-49c4eddebbaf{ip: 10.1.0.4, host: fv-az58-449.32bp4kehjaiexiom31oljkjdjg.cx.internal.cloudapp.net, ports: [REPLICATION=46703, RATIS=38535, RATIS_ADMIN=38535, RATIS_SERVER=38535, STANDALONE=32823], networkLocation: /default-rack, certSerialId: null, persistedOpState: null, persistedOpStateExpiryEpochSec: 0}62dec303-d7b7-4d93-94d6-85b7019bab29{ip: 10.1.0.4, host: fv-az58-449.32bp4kehjaiexiom31oljkjdjg.cx.internal.cloudapp.net, ports: [REPLICATION=42983, RATIS=35789, RATIS_ADMIN=35789, RATIS_SERVER=35789, STANDALONE=40463], networkLocation: /default-rack, certSerialId: null, persistedOpState: null, persistedOpStateExpiryEpochSec: 0}, ReplicationConfig: EC/ECReplicationConfig{data=3, parity=2, ecChunkSize=1048576, codec=rs}, State:ALLOCATED, leaderId:, CreationTimestamp2022-06-19T13:05:18.492Z[Etc/UTC]].
2022-06-19 13:05:18,494 [IPC Server handler 6 on default port 34337] INFO  pipeline.PipelineManagerImpl (PipelineManagerImpl.java:openPipeline(356)) - Pipeline Pipeline[ Id: ec57edcb-2ca8-4c14-bc12-2f7b5cfedb00, Nodes: a1a795c4-f5a2-46b7-b5e4-aef7f82751b2{ip: 10.1.0.4, host: fv-az58-449.32bp4kehjaiexiom31oljkjdjg.cx.internal.cloudapp.net, ports: [REPLICATION=46005, RATIS=34871, RATIS_ADMIN=34871, RATIS_SERVER=34871, STANDALONE=40083], networkLocation: /default-rack, certSerialId: null, persistedOpState: null, persistedOpStateExpiryEpochSec: 0}32ed00d5-15dd-4dbd-8016-698f8e5f4c3f{ip: 10.1.0.4, host: fv-az58-449.32bp4kehjaiexiom31oljkjdjg.cx.internal.cloudapp.net, ports: [REPLICATION=36433, RATIS=45569, RATIS_ADMIN=45569, RATIS_SERVER=45569, STANDALONE=46191], networkLocation: /default-rack, certSerialId: null, persistedOpState: null, persistedOpStateExpiryEpochSec: 0}3336e988-a1cc-4f09-b2d1-22a9863ee945{ip: 10.1.0.4, host: fv-az58-449.32bp4kehjaiexiom31oljkjdjg.cx.internal.cloudapp.net, ports: [REPLICATION=44271, RATIS=37777, RATIS_ADMIN=37777, RATIS_SERVER=37777, STANDALONE=42101], networkLocation: /default-rack, certSerialId: null, persistedOpState: null, persistedOpStateExpiryEpochSec: 0}d57ef6cc-857b-4c4f-ab3c-49c4eddebbaf{ip: 10.1.0.4, host: fv-az58-449.32bp4kehjaiexiom31oljkjdjg.cx.internal.cloudapp.net, ports: [REPLICATION=46703, RATIS=38535, RATIS_ADMIN=38535, RATIS_SERVER=38535, STANDALONE=32823], networkLocation: /default-rack, certSerialId: null, persistedOpState: null, persistedOpStateExpiryEpochSec: 0}62dec303-d7b7-4d93-94d6-85b7019bab29{ip: 10.1.0.4, host: fv-az58-449.32bp4kehjaiexiom31oljkjdjg.cx.internal.cloudapp.net, ports: [REPLICATION=42983, RATIS=35789, RATIS_ADMIN=35789, RATIS_SERVER=35789, STANDALONE=40463], networkLocation: /default-rack, certSerialId: null, persistedOpState: null, persistedOpStateExpiryEpochSec: 0}, ReplicationConfig: EC/ECReplicationConfig{data=3, parity=2, ecChunkSize=1048576, codec=rs}, State:ALLOCATED, leaderId:, CreationTimestamp2022-06-19T13:05:18.492Z[Etc/UTC]] moved to OPEN state
2022-06-19 13:05:18,551 [Time-limited test] WARN  erasurecode.ErasureCodeNative (ErasureCodeNative.java:<clinit>(55)) - ISA-L support is not available in your platform... using builtin-java codec where applicable
2022-06-19 13:05:18,667 [IPC Server handler 19 on default port 34337] INFO  pipeline.PipelineStateManagerImpl (PipelineStateManagerImpl.java:addPipeline(101)) - Created pipeline Pipeline[ Id: 7dd94761-c427-4095-bbc1-d3fba5a55123, Nodes: 62dec303-d7b7-4d93-94d6-85b7019bab29{ip: 10.1.0.4, host: fv-az58-449.32bp4kehjaiexiom31oljkjdjg.cx.internal.cloudapp.net, ports: [REPLICATION=42983, RATIS=35789, RATIS_ADMIN=35789, RATIS_SERVER=35789, STANDALONE=40463], networkLocation: /default-rack, certSerialId: null, persistedOpState: null, persistedOpStateExpiryEpochSec: 0}3336e988-a1cc-4f09-b2d1-22a9863ee945{ip: 10.1.0.4, host: fv-az58-449.32bp4kehjaiexiom31oljkjdjg.cx.internal.cloudapp.net, ports: [REPLICATION=44271, RATIS=37777, RATIS_ADMIN=37777, RATIS_SERVER=37777, STANDALONE=42101], networkLocation: /default-rack, certSerialId: null, persistedOpState: null, persistedOpStateExpiryEpochSec: 0}d57ef6cc-857b-4c4f-ab3c-49c4eddebbaf{ip: 10.1.0.4, host: fv-az58-449.32bp4kehjaiexiom31oljkjdjg.cx.internal.cloudapp.net, ports: [REPLICATION=46703, RATIS=38535, RATIS_ADMIN=38535, RATIS_SERVER=38535, STANDALONE=32823], networkLocation: /default-rack, certSerialId: null, persistedOpState: null, persistedOpStateExpiryEpochSec: 0}a1a795c4-f5a2-46b7-b5e4-aef7f82751b2{ip: 10.1.0.4, host: fv-az58-449.32bp4kehjaiexiom31oljkjdjg.cx.internal.cloudapp.net, ports: [REPLICATION=46005, RATIS=34871, RATIS_ADMIN=34871, RATIS_SERVER=34871, STANDALONE=40083], networkLocation: /default-rack, certSerialId: null, persistedOpState: null, persistedOpStateExpiryEpochSec: 0}32ed00d5-15dd-4dbd-8016-698f8e5f4c3f{ip: 10.1.0.4, host: fv-az58-449.32bp4kehjaiexiom31oljkjdjg.cx.internal.cloudapp.net, ports: [REPLICATION=36433, RATIS=45569, RATIS_ADMIN=45569, RATIS_SERVER=45569, STANDALONE=46191], networkLocation: /default-rack, certSerialId: null, persistedOpState: null, persistedOpStateExpiryEpochSec: 0}, ReplicationConfig: EC/ECReplicationConfig{data=3, parity=2, ecChunkSize=1048576, codec=rs}, State:ALLOCATED, leaderId:, CreationTimestamp2022-06-19T13:05:18.666Z[Etc/UTC]].
2022-06-19 13:05:18,668 [IPC Server handler 19 on default port 34337] INFO  pipeline.PipelineManagerImpl (PipelineManagerImpl.java:openPipeline(356)) - Pipeline Pipeline[ Id: 7dd94761-c427-4095-bbc1-d3fba5a55123, Nodes: 62dec303-d7b7-4d93-94d6-85b7019bab29{ip: 10.1.0.4, host: fv-az58-449.32bp4kehjaiexiom31oljkjdjg.cx.internal.cloudapp.net, ports: [REPLICATION=42983, RATIS=35789, RATIS_ADMIN=35789, RATIS_SERVER=35789, STANDALONE=40463], networkLocation: /default-rack, certSerialId: null, persistedOpState: null, persistedOpStateExpiryEpochSec: 0}3336e988-a1cc-4f09-b2d1-22a9863ee945{ip: 10.1.0.4, host: fv-az58-449.32bp4kehjaiexiom31oljkjdjg.cx.internal.cloudapp.net, ports: [REPLICATION=44271, RATIS=37777, RATIS_ADMIN=37777, RATIS_SERVER=37777, STANDALONE=42101], networkLocation: /default-rack, certSerialId: null, persistedOpState: null, persistedOpStateExpiryEpochSec: 0}d57ef6cc-857b-4c4f-ab3c-49c4eddebbaf{ip: 10.1.0.4, host: fv-az58-449.32bp4kehjaiexiom31oljkjdjg.cx.internal.cloudapp.net, ports: [REPLICATION=46703, RATIS=38535, RATIS_ADMIN=38535, RATIS_SERVER=38535, STANDALONE=32823], networkLocation: /default-rack, certSerialId: null, persistedOpState: null, persistedOpStateExpiryEpochSec: 0}a1a795c4-f5a2-46b7-b5e4-aef7f82751b2{ip: 10.1.0.4, host: fv-az58-449.32bp4kehjaiexiom31oljkjdjg.cx.internal.cloudapp.net, ports: [REPLICATION=46005, RATIS=34871, RATIS_ADMIN=34871, RATIS_SERVER=34871, STANDALONE=40083], networkLocation: /default-rack, certSerialId: null, persistedOpState: null, persistedOpStateExpiryEpochSec: 0}32ed00d5-15dd-4dbd-8016-698f8e5f4c3f{ip: 10.1.0.4, host: fv-az58-449.32bp4kehjaiexiom31oljkjdjg.cx.internal.cloudapp.net, ports: [REPLICATION=36433, RATIS=45569, RATIS_ADMIN=45569, RATIS_SERVER=45569, STANDALONE=46191], networkLocation: /default-rack, certSerialId: null, persistedOpState: null, persistedOpStateExpiryEpochSec: 0}, ReplicationConfig: EC/ECReplicationConfig{data=3, parity=2, ecChunkSize=1048576, codec=rs}, State:ALLOCATED, leaderId:, CreationTimestamp2022-06-19T13:05:18.666Z[Etc/UTC]] moved to OPEN state
]]></system-out>
  </testcase>
  <testcase name="testCreateKeyShouldUseRefreshedBucketReplicationConfig" classname="TestOzoneFileSystem" time="0.331">
    <system-out><![CDATA[2022-06-19 13:06:27,265 [Time-limited test] INFO  rpc.RpcClient (RpcClient.java:createVolume(466)) - Creating Volume: volume70152, with user88003 as owner and space quota set to -1 bytes, counts quota set to -1
2022-06-19 13:06:27,266 [IPC Server handler 6 on default port 45241] INFO  volume.OMVolumeCreateRequest (OMVolumeCreateRequest.java:validateAndUpdateCache(195)) - created volume:volume70152 for user:user88003
2022-06-19 13:06:27,282 [Time-limited test] INFO  rpc.RpcClient (RpcClient.java:createBucket(666)) - Creating Bucket: volume70152/bucket87258, with the Bucket Layout LEGACY, runner as owner, Versioning false, Storage Type set to DISK and Encryption set to false 
2022-06-19 13:06:27,283 [IPC Server handler 4 on default port 45241] INFO  bucket.OMBucketCreateRequest (OMBucketCreateRequest.java:validateAndUpdateCache(260)) - created bucket: bucket87258 of layout LEGACY in volume: volume70152
2022-06-19 13:06:27,347 [IPC Server handler 17 on default port 33057] INFO  pipeline.PipelineStateManagerImpl (PipelineStateManagerImpl.java:addPipeline(101)) - Created pipeline Pipeline[ Id: a60e1323-fbdf-438a-a073-415d6a1a3970, Nodes: 341760f9-9112-44c5-a769-73cddc41fbf7{ip: 10.1.0.4, host: fv-az58-449.32bp4kehjaiexiom31oljkjdjg.cx.internal.cloudapp.net, ports: [REPLICATION=33487, RATIS=35617, RATIS_ADMIN=35617, RATIS_SERVER=35617, STANDALONE=44335], networkLocation: /default-rack, certSerialId: null, persistedOpState: null, persistedOpStateExpiryEpochSec: 0}41970804-e726-44f7-9f9f-c691618d1097{ip: 10.1.0.4, host: fv-az58-449.32bp4kehjaiexiom31oljkjdjg.cx.internal.cloudapp.net, ports: [REPLICATION=43567, RATIS=45369, RATIS_ADMIN=45369, RATIS_SERVER=45369, STANDALONE=35343], networkLocation: /default-rack, certSerialId: null, persistedOpState: null, persistedOpStateExpiryEpochSec: 0}4c567ed0-77bc-421a-955e-b14cad69b772{ip: 10.1.0.4, host: fv-az58-449.32bp4kehjaiexiom31oljkjdjg.cx.internal.cloudapp.net, ports: [REPLICATION=45115, RATIS=35081, RATIS_ADMIN=35081, RATIS_SERVER=35081, STANDALONE=37817], networkLocation: /default-rack, certSerialId: null, persistedOpState: null, persistedOpStateExpiryEpochSec: 0}27180d60-412c-4516-9b2d-964dfc82640f{ip: 10.1.0.4, host: fv-az58-449.32bp4kehjaiexiom31oljkjdjg.cx.internal.cloudapp.net, ports: [REPLICATION=39591, RATIS=46477, RATIS_ADMIN=46477, RATIS_SERVER=46477, STANDALONE=40077], networkLocation: /default-rack, certSerialId: null, persistedOpState: null, persistedOpStateExpiryEpochSec: 0}6b51f01e-b5c0-4678-b58a-fec8e2165d46{ip: 10.1.0.4, host: fv-az58-449.32bp4kehjaiexiom31oljkjdjg.cx.internal.cloudapp.net, ports: [REPLICATION=36927, RATIS=40853, RATIS_ADMIN=40853, RATIS_SERVER=40853, STANDALONE=37385], networkLocation: /default-rack, certSerialId: null, persistedOpState: null, persistedOpStateExpiryEpochSec: 0}, ReplicationConfig: EC/ECReplicationConfig{data=3, parity=2, ecChunkSize=1048576, codec=rs}, State:ALLOCATED, leaderId:, CreationTimestamp2022-06-19T13:06:27.346Z[Etc/UTC]].
2022-06-19 13:06:27,347 [IPC Server handler 17 on default port 33057] INFO  pipeline.PipelineManagerImpl (PipelineManagerImpl.java:openPipeline(356)) - Pipeline Pipeline[ Id: a60e1323-fbdf-438a-a073-415d6a1a3970, Nodes: 341760f9-9112-44c5-a769-73cddc41fbf7{ip: 10.1.0.4, host: fv-az58-449.32bp4kehjaiexiom31oljkjdjg.cx.internal.cloudapp.net, ports: [REPLICATION=33487, RATIS=35617, RATIS_ADMIN=35617, RATIS_SERVER=35617, STANDALONE=44335], networkLocation: /default-rack, certSerialId: null, persistedOpState: null, persistedOpStateExpiryEpochSec: 0}41970804-e726-44f7-9f9f-c691618d1097{ip: 10.1.0.4, host: fv-az58-449.32bp4kehjaiexiom31oljkjdjg.cx.internal.cloudapp.net, ports: [REPLICATION=43567, RATIS=45369, RATIS_ADMIN=45369, RATIS_SERVER=45369, STANDALONE=35343], networkLocation: /default-rack, certSerialId: null, persistedOpState: null, persistedOpStateExpiryEpochSec: 0}4c567ed0-77bc-421a-955e-b14cad69b772{ip: 10.1.0.4, host: fv-az58-449.32bp4kehjaiexiom31oljkjdjg.cx.internal.cloudapp.net, ports: [REPLICATION=45115, RATIS=35081, RATIS_ADMIN=35081, RATIS_SERVER=35081, STANDALONE=37817], networkLocation: /default-rack, certSerialId: null, persistedOpState: null, persistedOpStateExpiryEpochSec: 0}27180d60-412c-4516-9b2d-964dfc82640f{ip: 10.1.0.4, host: fv-az58-449.32bp4kehjaiexiom31oljkjdjg.cx.internal.cloudapp.net, ports: [REPLICATION=39591, RATIS=46477, RATIS_ADMIN=46477, RATIS_SERVER=46477, STANDALONE=40077], networkLocation: /default-rack, certSerialId: null, persistedOpState: null, persistedOpStateExpiryEpochSec: 0}6b51f01e-b5c0-4678-b58a-fec8e2165d46{ip: 10.1.0.4, host: fv-az58-449.32bp4kehjaiexiom31oljkjdjg.cx.internal.cloudapp.net, ports: [REPLICATION=36927, RATIS=40853, RATIS_ADMIN=40853, RATIS_SERVER=40853, STANDALONE=37385], networkLocation: /default-rack, certSerialId: null, persistedOpState: null, persistedOpStateExpiryEpochSec: 0}, ReplicationConfig: EC/ECReplicationConfig{data=3, parity=2, ecChunkSize=1048576, codec=rs}, State:ALLOCATED, leaderId:, CreationTimestamp2022-06-19T13:06:27.346Z[Etc/UTC]] moved to OPEN state
2022-06-19 13:06:27,427 [IPC Server handler 14 on default port 33057] INFO  pipeline.PipelineStateManagerImpl (PipelineStateManagerImpl.java:addPipeline(101)) - Created pipeline Pipeline[ Id: 9ca1c895-9af3-4880-acda-30155ea302dd, Nodes: 4c567ed0-77bc-421a-955e-b14cad69b772{ip: 10.1.0.4, host: fv-az58-449.32bp4kehjaiexiom31oljkjdjg.cx.internal.cloudapp.net, ports: [REPLICATION=45115, RATIS=35081, RATIS_ADMIN=35081, RATIS_SERVER=35081, STANDALONE=37817], networkLocation: /default-rack, certSerialId: null, persistedOpState: null, persistedOpStateExpiryEpochSec: 0}27180d60-412c-4516-9b2d-964dfc82640f{ip: 10.1.0.4, host: fv-az58-449.32bp4kehjaiexiom31oljkjdjg.cx.internal.cloudapp.net, ports: [REPLICATION=39591, RATIS=46477, RATIS_ADMIN=46477, RATIS_SERVER=46477, STANDALONE=40077], networkLocation: /default-rack, certSerialId: null, persistedOpState: null, persistedOpStateExpiryEpochSec: 0}6b51f01e-b5c0-4678-b58a-fec8e2165d46{ip: 10.1.0.4, host: fv-az58-449.32bp4kehjaiexiom31oljkjdjg.cx.internal.cloudapp.net, ports: [REPLICATION=36927, RATIS=40853, RATIS_ADMIN=40853, RATIS_SERVER=40853, STANDALONE=37385], networkLocation: /default-rack, certSerialId: null, persistedOpState: null, persistedOpStateExpiryEpochSec: 0}341760f9-9112-44c5-a769-73cddc41fbf7{ip: 10.1.0.4, host: fv-az58-449.32bp4kehjaiexiom31oljkjdjg.cx.internal.cloudapp.net, ports: [REPLICATION=33487, RATIS=35617, RATIS_ADMIN=35617, RATIS_SERVER=35617, STANDALONE=44335], networkLocation: /default-rack, certSerialId: null, persistedOpState: null, persistedOpStateExpiryEpochSec: 0}41970804-e726-44f7-9f9f-c691618d1097{ip: 10.1.0.4, host: fv-az58-449.32bp4kehjaiexiom31oljkjdjg.cx.internal.cloudapp.net, ports: [REPLICATION=43567, RATIS=45369, RATIS_ADMIN=45369, RATIS_SERVER=45369, STANDALONE=35343], networkLocation: /default-rack, certSerialId: null, persistedOpState: null, persistedOpStateExpiryEpochSec: 0}, ReplicationConfig: EC/ECReplicationConfig{data=3, parity=2, ecChunkSize=1048576, codec=rs}, State:ALLOCATED, leaderId:, CreationTimestamp2022-06-19T13:06:27.426Z[Etc/UTC]].
2022-06-19 13:06:27,427 [IPC Server handler 14 on default port 33057] INFO  pipeline.PipelineManagerImpl (PipelineManagerImpl.java:openPipeline(356)) - Pipeline Pipeline[ Id: 9ca1c895-9af3-4880-acda-30155ea302dd, Nodes: 4c567ed0-77bc-421a-955e-b14cad69b772{ip: 10.1.0.4, host: fv-az58-449.32bp4kehjaiexiom31oljkjdjg.cx.internal.cloudapp.net, ports: [REPLICATION=45115, RATIS=35081, RATIS_ADMIN=35081, RATIS_SERVER=35081, STANDALONE=37817], networkLocation: /default-rack, certSerialId: null, persistedOpState: null, persistedOpStateExpiryEpochSec: 0}27180d60-412c-4516-9b2d-964dfc82640f{ip: 10.1.0.4, host: fv-az58-449.32bp4kehjaiexiom31oljkjdjg.cx.internal.cloudapp.net, ports: [REPLICATION=39591, RATIS=46477, RATIS_ADMIN=46477, RATIS_SERVER=46477, STANDALONE=40077], networkLocation: /default-rack, certSerialId: null, persistedOpState: null, persistedOpStateExpiryEpochSec: 0}6b51f01e-b5c0-4678-b58a-fec8e2165d46{ip: 10.1.0.4, host: fv-az58-449.32bp4kehjaiexiom31oljkjdjg.cx.internal.cloudapp.net, ports: [REPLICATION=36927, RATIS=40853, RATIS_ADMIN=40853, RATIS_SERVER=40853, STANDALONE=37385], networkLocation: /default-rack, certSerialId: null, persistedOpState: null, persistedOpStateExpiryEpochSec: 0}341760f9-9112-44c5-a769-73cddc41fbf7{ip: 10.1.0.4, host: fv-az58-449.32bp4kehjaiexiom31oljkjdjg.cx.internal.cloudapp.net, ports: [REPLICATION=33487, RATIS=35617, RATIS_ADMIN=35617, RATIS_SERVER=35617, STANDALONE=44335], networkLocation: /default-rack, certSerialId: null, persistedOpState: null, persistedOpStateExpiryEpochSec: 0}41970804-e726-44f7-9f9f-c691618d1097{ip: 10.1.0.4, host: fv-az58-449.32bp4kehjaiexiom31oljkjdjg.cx.internal.cloudapp.net, ports: [REPLICATION=43567, RATIS=45369, RATIS_ADMIN=45369, RATIS_SERVER=45369, STANDALONE=35343], networkLocation: /default-rack, certSerialId: null, persistedOpState: null, persistedOpStateExpiryEpochSec: 0}, ReplicationConfig: EC/ECReplicationConfig{data=3, parity=2, ecChunkSize=1048576, codec=rs}, State:ALLOCATED, leaderId:, CreationTimestamp2022-06-19T13:06:27.426Z[Etc/UTC]] moved to OPEN state
13:06:27.498 [IPC Server handler 13 on default port 45241] ERROR OMAudit - user=runner | ip=127.0.0.1 | op=GET_FILE_STATUS {volume=volume87664, bucket=bucket74908, key=.Trash, dataSize=0, replicationConfig=null} | ret=FAILURE
org.apache.hadoop.ozone.om.exceptions.OMException: Unable to get file status: volume: volume87664 bucket: bucket74908 key: .Trash
	at org.apache.hadoop.ozone.om.KeyManagerImpl.getOzoneFileStatus(KeyManagerImpl.java:1283) ~[ozone-manager-1.3.0-SNAPSHOT.jar:?]
	at org.apache.hadoop.ozone.om.KeyManagerImpl.getFileStatus(KeyManagerImpl.java:1213) ~[ozone-manager-1.3.0-SNAPSHOT.jar:?]
	at org.apache.hadoop.ozone.om.OzoneManager.getFileStatus(OzoneManager.java:3419) ~[ozone-manager-1.3.0-SNAPSHOT.jar:?]
	at org.apache.hadoop.ozone.protocolPB.OzoneManagerRequestHandler.getOzoneFileStatus(OzoneManagerRequestHandler.java:871) ~[ozone-manager-1.3.0-SNAPSHOT.jar:?]
	at org.apache.hadoop.ozone.protocolPB.OzoneManagerRequestHandler.handleReadRequest(OzoneManagerRequestHandler.java:217) ~[ozone-manager-1.3.0-SNAPSHOT.jar:?]
	at org.apache.hadoop.ozone.protocolPB.OzoneManagerProtocolServerSideTranslatorPB.submitRequestDirectlyToOM(OzoneManagerProtocolServerSideTranslatorPB.java:284) ~[ozone-manager-1.3.0-SNAPSHOT.jar:?]
	at org.apache.hadoop.ozone.protocolPB.OzoneManagerProtocolServerSideTranslatorPB.processRequest(OzoneManagerProtocolServerSideTranslatorPB.java:207) ~[ozone-manager-1.3.0-SNAPSHOT.jar:?]
	at org.apache.hadoop.hdds.server.OzoneProtocolMessageDispatcher.processRequest(OzoneProtocolMessageDispatcher.java:87) [hdds-server-framework-1.3.0-SNAPSHOT.jar:?]
	at org.apache.hadoop.ozone.protocolPB.OzoneManagerProtocolServerSideTranslatorPB.submitRequest(OzoneManagerProtocolServerSideTranslatorPB.java:147) [ozone-manager-1.3.0-SNAPSHOT.jar:?]
	at org.apache.hadoop.ozone.protocol.proto.OzoneManagerProtocolProtos$OzoneManagerService$2.callBlockingMethod(OzoneManagerProtocolProtos.java) [ozone-interface-client-1.3.0-SNAPSHOT.jar:?]
	at org.apache.hadoop.ipc.ProtobufRpcEngine$Server.processCall(ProtobufRpcEngine.java:466) [hadoop-common-3.3.1.jar:?]
	at org.apache.hadoop.ipc.ProtobufRpcEngine2$Server$ProtoBufRpcInvoker.call(ProtobufRpcEngine2.java:574) [hadoop-common-3.3.1.jar:?]
	at org.apache.hadoop.ipc.ProtobufRpcEngine2$Server$ProtoBufRpcInvoker.call(ProtobufRpcEngine2.java:552) [hadoop-common-3.3.1.jar:?]
	at org.apache.hadoop.ipc.RPC$Server.call(RPC.java:1093) [hadoop-common-3.3.1.jar:?]
	at org.apache.hadoop.ipc.Server$RpcCall.run(Server.java:1035) [hadoop-common-3.3.1.jar:?]
	at org.apache.hadoop.ipc.Server$RpcCall.run(Server.java:963) [hadoop-common-3.3.1.jar:?]
	at java.security.AccessController.doPrivileged(Native Method) ~[?:1.8.0_332]
	at javax.security.auth.Subject.doAs(Subject.java:422) [?:1.8.0_332]
	at org.apache.hadoop.security.UserGroupInformation.doAs(UserGroupInformation.java:1878) [hadoop-common-3.3.1.jar:?]
	at org.apache.hadoop.ipc.Server$Handler.run(Server.java:2966) [hadoop-common-3.3.1.jar:?]
2022-06-19 13:06:27,499 [Time-limited test] WARN  ozone.BasicOzoneFileSystem (BasicOzoneFileSystem.java:delete(532)) - delete: Path does not exist: o3fs://bucket74908.volume87664/.Trash
]]></system-out>
  </testcase>
  <testcase name="testCreateKeyShouldUseRefreshedBucketReplicationConfig" classname="TestOzoneFileSystem" time="0.541">
    <system-out><![CDATA[2022-06-19 13:07:52,506 [Time-limited test] INFO  rpc.RpcClient (RpcClient.java:createVolume(466)) - Creating Volume: volume36581, with user31509 as owner and space quota set to -1 bytes, counts quota set to -1
2022-06-19 13:07:52,535 [OM StateMachine ApplyTransaction Thread - 0] INFO  volume.OMVolumeCreateRequest (OMVolumeCreateRequest.java:validateAndUpdateCache(195)) - created volume:volume36581 for user:user31509
2022-06-19 13:07:52,550 [Time-limited test] INFO  rpc.RpcClient (RpcClient.java:createBucket(666)) - Creating Bucket: volume36581/bucket41550, with the Bucket Layout LEGACY, runner as owner, Versioning false, Storage Type set to DISK and Encryption set to false 
2022-06-19 13:07:52,551 [OM StateMachine ApplyTransaction Thread - 0] INFO  bucket.OMBucketCreateRequest (OMBucketCreateRequest.java:validateAndUpdateCache(260)) - created bucket: bucket41550 of layout LEGACY in volume: volume36581
2022-06-19 13:07:52,648 [IPC Server handler 3 on default port 43127] INFO  pipeline.PipelineStateManagerImpl (PipelineStateManagerImpl.java:addPipeline(101)) - Created pipeline Pipeline[ Id: 21eec18f-9010-4f30-90a2-2214956d1858, Nodes: 2b5693b1-1164-40fb-9360-96156af093bf{ip: 10.1.0.4, host: fv-az58-449.32bp4kehjaiexiom31oljkjdjg.cx.internal.cloudapp.net, ports: [REPLICATION=43363, RATIS=41151, RATIS_ADMIN=41151, RATIS_SERVER=41151, STANDALONE=43843], networkLocation: /default-rack, certSerialId: null, persistedOpState: null, persistedOpStateExpiryEpochSec: 0}65c965c6-3530-4780-9baf-ab355d813d9a{ip: 10.1.0.4, host: fv-az58-449.32bp4kehjaiexiom31oljkjdjg.cx.internal.cloudapp.net, ports: [REPLICATION=45653, RATIS=43667, RATIS_ADMIN=43667, RATIS_SERVER=43667, STANDALONE=40859], networkLocation: /default-rack, certSerialId: null, persistedOpState: null, persistedOpStateExpiryEpochSec: 0}f58b4837-0c66-44b2-8a93-771d4ee68852{ip: 10.1.0.4, host: fv-az58-449.32bp4kehjaiexiom31oljkjdjg.cx.internal.cloudapp.net, ports: [REPLICATION=44251, RATIS=34339, RATIS_ADMIN=34339, RATIS_SERVER=34339, STANDALONE=42885], networkLocation: /default-rack, certSerialId: null, persistedOpState: null, persistedOpStateExpiryEpochSec: 0}d6c668d5-a76d-4631-ba67-9d624f40a963{ip: 10.1.0.4, host: fv-az58-449.32bp4kehjaiexiom31oljkjdjg.cx.internal.cloudapp.net, ports: [REPLICATION=42975, RATIS=39345, RATIS_ADMIN=39345, RATIS_SERVER=39345, STANDALONE=43997], networkLocation: /default-rack, certSerialId: null, persistedOpState: null, persistedOpStateExpiryEpochSec: 0}2d1a6fdd-4e39-4ef3-8151-c6201fbfce8f{ip: 10.1.0.4, host: fv-az58-449.32bp4kehjaiexiom31oljkjdjg.cx.internal.cloudapp.net, ports: [REPLICATION=38575, RATIS=41833, RATIS_ADMIN=41833, RATIS_SERVER=41833, STANDALONE=39883], networkLocation: /default-rack, certSerialId: null, persistedOpState: null, persistedOpStateExpiryEpochSec: 0}, ReplicationConfig: EC/ECReplicationConfig{data=3, parity=2, ecChunkSize=1048576, codec=rs}, State:ALLOCATED, leaderId:, CreationTimestamp2022-06-19T13:07:52.647Z[Etc/UTC]].
2022-06-19 13:07:52,648 [IPC Server handler 3 on default port 43127] INFO  pipeline.PipelineManagerImpl (PipelineManagerImpl.java:openPipeline(356)) - Pipeline Pipeline[ Id: 21eec18f-9010-4f30-90a2-2214956d1858, Nodes: 2b5693b1-1164-40fb-9360-96156af093bf{ip: 10.1.0.4, host: fv-az58-449.32bp4kehjaiexiom31oljkjdjg.cx.internal.cloudapp.net, ports: [REPLICATION=43363, RATIS=41151, RATIS_ADMIN=41151, RATIS_SERVER=41151, STANDALONE=43843], networkLocation: /default-rack, certSerialId: null, persistedOpState: null, persistedOpStateExpiryEpochSec: 0}65c965c6-3530-4780-9baf-ab355d813d9a{ip: 10.1.0.4, host: fv-az58-449.32bp4kehjaiexiom31oljkjdjg.cx.internal.cloudapp.net, ports: [REPLICATION=45653, RATIS=43667, RATIS_ADMIN=43667, RATIS_SERVER=43667, STANDALONE=40859], networkLocation: /default-rack, certSerialId: null, persistedOpState: null, persistedOpStateExpiryEpochSec: 0}f58b4837-0c66-44b2-8a93-771d4ee68852{ip: 10.1.0.4, host: fv-az58-449.32bp4kehjaiexiom31oljkjdjg.cx.internal.cloudapp.net, ports: [REPLICATION=44251, RATIS=34339, RATIS_ADMIN=34339, RATIS_SERVER=34339, STANDALONE=42885], networkLocation: /default-rack, certSerialId: null, persistedOpState: null, persistedOpStateExpiryEpochSec: 0}d6c668d5-a76d-4631-ba67-9d624f40a963{ip: 10.1.0.4, host: fv-az58-449.32bp4kehjaiexiom31oljkjdjg.cx.internal.cloudapp.net, ports: [REPLICATION=42975, RATIS=39345, RATIS_ADMIN=39345, RATIS_SERVER=39345, STANDALONE=43997], networkLocation: /default-rack, certSerialId: null, persistedOpState: null, persistedOpStateExpiryEpochSec: 0}2d1a6fdd-4e39-4ef3-8151-c6201fbfce8f{ip: 10.1.0.4, host: fv-az58-449.32bp4kehjaiexiom31oljkjdjg.cx.internal.cloudapp.net, ports: [REPLICATION=38575, RATIS=41833, RATIS_ADMIN=41833, RATIS_SERVER=41833, STANDALONE=39883], networkLocation: /default-rack, certSerialId: null, persistedOpState: null, persistedOpStateExpiryEpochSec: 0}, ReplicationConfig: EC/ECReplicationConfig{data=3, parity=2, ecChunkSize=1048576, codec=rs}, State:ALLOCATED, leaderId:, CreationTimestamp2022-06-19T13:07:52.647Z[Etc/UTC]] moved to OPEN state
2022-06-19 13:07:52,751 [IPC Server handler 10 on default port 43127] INFO  pipeline.PipelineStateManagerImpl (PipelineStateManagerImpl.java:addPipeline(101)) - Created pipeline Pipeline[ Id: 41ee1acd-868c-480b-bd97-c891db64e7e5, Nodes: 2d1a6fdd-4e39-4ef3-8151-c6201fbfce8f{ip: 10.1.0.4, host: fv-az58-449.32bp4kehjaiexiom31oljkjdjg.cx.internal.cloudapp.net, ports: [REPLICATION=38575, RATIS=41833, RATIS_ADMIN=41833, RATIS_SERVER=41833, STANDALONE=39883], networkLocation: /default-rack, certSerialId: null, persistedOpState: null, persistedOpStateExpiryEpochSec: 0}2b5693b1-1164-40fb-9360-96156af093bf{ip: 10.1.0.4, host: fv-az58-449.32bp4kehjaiexiom31oljkjdjg.cx.internal.cloudapp.net, ports: [REPLICATION=43363, RATIS=41151, RATIS_ADMIN=41151, RATIS_SERVER=41151, STANDALONE=43843], networkLocation: /default-rack, certSerialId: null, persistedOpState: null, persistedOpStateExpiryEpochSec: 0}f58b4837-0c66-44b2-8a93-771d4ee68852{ip: 10.1.0.4, host: fv-az58-449.32bp4kehjaiexiom31oljkjdjg.cx.internal.cloudapp.net, ports: [REPLICATION=44251, RATIS=34339, RATIS_ADMIN=34339, RATIS_SERVER=34339, STANDALONE=42885], networkLocation: /default-rack, certSerialId: null, persistedOpState: null, persistedOpStateExpiryEpochSec: 0}d6c668d5-a76d-4631-ba67-9d624f40a963{ip: 10.1.0.4, host: fv-az58-449.32bp4kehjaiexiom31oljkjdjg.cx.internal.cloudapp.net, ports: [REPLICATION=42975, RATIS=39345, RATIS_ADMIN=39345, RATIS_SERVER=39345, STANDALONE=43997], networkLocation: /default-rack, certSerialId: null, persistedOpState: null, persistedOpStateExpiryEpochSec: 0}65c965c6-3530-4780-9baf-ab355d813d9a{ip: 10.1.0.4, host: fv-az58-449.32bp4kehjaiexiom31oljkjdjg.cx.internal.cloudapp.net, ports: [REPLICATION=45653, RATIS=43667, RATIS_ADMIN=43667, RATIS_SERVER=43667, STANDALONE=40859], networkLocation: /default-rack, certSerialId: null, persistedOpState: null, persistedOpStateExpiryEpochSec: 0}, ReplicationConfig: EC/ECReplicationConfig{data=3, parity=2, ecChunkSize=1048576, codec=rs}, State:ALLOCATED, leaderId:, CreationTimestamp2022-06-19T13:07:52.750Z[Etc/UTC]].
2022-06-19 13:07:52,751 [IPC Server handler 10 on default port 43127] INFO  pipeline.PipelineManagerImpl (PipelineManagerImpl.java:openPipeline(356)) - Pipeline Pipeline[ Id: 41ee1acd-868c-480b-bd97-c891db64e7e5, Nodes: 2d1a6fdd-4e39-4ef3-8151-c6201fbfce8f{ip: 10.1.0.4, host: fv-az58-449.32bp4kehjaiexiom31oljkjdjg.cx.internal.cloudapp.net, ports: [REPLICATION=38575, RATIS=41833, RATIS_ADMIN=41833, RATIS_SERVER=41833, STANDALONE=39883], networkLocation: /default-rack, certSerialId: null, persistedOpState: null, persistedOpStateExpiryEpochSec: 0}2b5693b1-1164-40fb-9360-96156af093bf{ip: 10.1.0.4, host: fv-az58-449.32bp4kehjaiexiom31oljkjdjg.cx.internal.cloudapp.net, ports: [REPLICATION=43363, RATIS=41151, RATIS_ADMIN=41151, RATIS_SERVER=41151, STANDALONE=43843], networkLocation: /default-rack, certSerialId: null, persistedOpState: null, persistedOpStateExpiryEpochSec: 0}f58b4837-0c66-44b2-8a93-771d4ee68852{ip: 10.1.0.4, host: fv-az58-449.32bp4kehjaiexiom31oljkjdjg.cx.internal.cloudapp.net, ports: [REPLICATION=44251, RATIS=34339, RATIS_ADMIN=34339, RATIS_SERVER=34339, STANDALONE=42885], networkLocation: /default-rack, certSerialId: null, persistedOpState: null, persistedOpStateExpiryEpochSec: 0}d6c668d5-a76d-4631-ba67-9d624f40a963{ip: 10.1.0.4, host: fv-az58-449.32bp4kehjaiexiom31oljkjdjg.cx.internal.cloudapp.net, ports: [REPLICATION=42975, RATIS=39345, RATIS_ADMIN=39345, RATIS_SERVER=39345, STANDALONE=43997], networkLocation: /default-rack, certSerialId: null, persistedOpState: null, persistedOpStateExpiryEpochSec: 0}65c965c6-3530-4780-9baf-ab355d813d9a{ip: 10.1.0.4, host: fv-az58-449.32bp4kehjaiexiom31oljkjdjg.cx.internal.cloudapp.net, ports: [REPLICATION=45653, RATIS=43667, RATIS_ADMIN=43667, RATIS_SERVER=43667, STANDALONE=40859], networkLocation: /default-rack, certSerialId: null, persistedOpState: null, persistedOpStateExpiryEpochSec: 0}, ReplicationConfig: EC/ECReplicationConfig{data=3, parity=2, ecChunkSize=1048576, codec=rs}, State:ALLOCATED, leaderId:, CreationTimestamp2022-06-19T13:07:52.750Z[Etc/UTC]] moved to OPEN state
]]></system-out>
  </testcase>
  <testcase name="testCreateKeyShouldUseRefreshedBucketReplicationConfig" classname="TestOzoneFileSystem" time="0.774">
    <system-out><![CDATA[2022-06-19 13:09:09,427 [Time-limited test] INFO  rpc.RpcClient (RpcClient.java:createVolume(466)) - Creating Volume: volume75960, with user58406 as owner and space quota set to -1 bytes, counts quota set to -1
2022-06-19 13:09:09,454 [IPC Server handler 4 on default port 38405] INFO  volume.OMVolumeCreateRequest (OMVolumeCreateRequest.java:validateAndUpdateCache(195)) - created volume:volume75960 for user:user58406
2022-06-19 13:09:09,457 [Time-limited test] INFO  rpc.RpcClient (RpcClient.java:createBucket(666)) - Creating Bucket: volume75960/bucket41167, with the Bucket Layout LEGACY, runner as owner, Versioning false, Storage Type set to DISK and Encryption set to false 
2022-06-19 13:09:09,458 [IPC Server handler 2 on default port 38405] INFO  bucket.OMBucketCreateRequest (OMBucketCreateRequest.java:validateAndUpdateCache(260)) - created bucket: bucket41167 of layout LEGACY in volume: volume75960
2022-06-19 13:09:09,608 [IPC Server handler 12 on default port 41875] INFO  pipeline.PipelineStateManagerImpl (PipelineStateManagerImpl.java:addPipeline(101)) - Created pipeline Pipeline[ Id: a12b8f69-85eb-43fe-aa87-bb3111cf5189, Nodes: 9890fc63-f579-46b3-a4ef-59d832827169{ip: 10.1.0.4, host: fv-az58-449.32bp4kehjaiexiom31oljkjdjg.cx.internal.cloudapp.net, ports: [REPLICATION=37783, RATIS=37369, RATIS_ADMIN=37369, RATIS_SERVER=37369, STANDALONE=42701], networkLocation: /default-rack, certSerialId: null, persistedOpState: null, persistedOpStateExpiryEpochSec: 0}159ddede-8ddd-4508-a461-c1de976ef966{ip: 10.1.0.4, host: fv-az58-449.32bp4kehjaiexiom31oljkjdjg.cx.internal.cloudapp.net, ports: [REPLICATION=35087, RATIS=35015, RATIS_ADMIN=35015, RATIS_SERVER=35015, STANDALONE=36739], networkLocation: /default-rack, certSerialId: null, persistedOpState: null, persistedOpStateExpiryEpochSec: 0}001c296a-5799-42a4-87a9-6a5b930e2f27{ip: 10.1.0.4, host: fv-az58-449.32bp4kehjaiexiom31oljkjdjg.cx.internal.cloudapp.net, ports: [REPLICATION=44057, RATIS=45007, RATIS_ADMIN=45007, RATIS_SERVER=45007, STANDALONE=42551], networkLocation: /default-rack, certSerialId: null, persistedOpState: null, persistedOpStateExpiryEpochSec: 0}538abff5-f6b4-48da-9c9f-e2c087830672{ip: 10.1.0.4, host: fv-az58-449.32bp4kehjaiexiom31oljkjdjg.cx.internal.cloudapp.net, ports: [REPLICATION=33809, RATIS=39589, RATIS_ADMIN=39589, RATIS_SERVER=39589, STANDALONE=39531], networkLocation: /default-rack, certSerialId: null, persistedOpState: null, persistedOpStateExpiryEpochSec: 0}eb4bc65c-b727-4ac3-a516-6687464fc4a1{ip: 10.1.0.4, host: fv-az58-449.32bp4kehjaiexiom31oljkjdjg.cx.internal.cloudapp.net, ports: [REPLICATION=32997, RATIS=33363, RATIS_ADMIN=33363, RATIS_SERVER=33363, STANDALONE=33097], networkLocation: /default-rack, certSerialId: null, persistedOpState: null, persistedOpStateExpiryEpochSec: 0}, ReplicationConfig: EC/ECReplicationConfig{data=3, parity=2, ecChunkSize=1048576, codec=rs}, State:ALLOCATED, leaderId:, CreationTimestamp2022-06-19T13:09:09.608Z[Etc/UTC]].
2022-06-19 13:09:09,609 [IPC Server handler 12 on default port 41875] INFO  pipeline.PipelineManagerImpl (PipelineManagerImpl.java:openPipeline(356)) - Pipeline Pipeline[ Id: a12b8f69-85eb-43fe-aa87-bb3111cf5189, Nodes: 9890fc63-f579-46b3-a4ef-59d832827169{ip: 10.1.0.4, host: fv-az58-449.32bp4kehjaiexiom31oljkjdjg.cx.internal.cloudapp.net, ports: [REPLICATION=37783, RATIS=37369, RATIS_ADMIN=37369, RATIS_SERVER=37369, STANDALONE=42701], networkLocation: /default-rack, certSerialId: null, persistedOpState: null, persistedOpStateExpiryEpochSec: 0}159ddede-8ddd-4508-a461-c1de976ef966{ip: 10.1.0.4, host: fv-az58-449.32bp4kehjaiexiom31oljkjdjg.cx.internal.cloudapp.net, ports: [REPLICATION=35087, RATIS=35015, RATIS_ADMIN=35015, RATIS_SERVER=35015, STANDALONE=36739], networkLocation: /default-rack, certSerialId: null, persistedOpState: null, persistedOpStateExpiryEpochSec: 0}001c296a-5799-42a4-87a9-6a5b930e2f27{ip: 10.1.0.4, host: fv-az58-449.32bp4kehjaiexiom31oljkjdjg.cx.internal.cloudapp.net, ports: [REPLICATION=44057, RATIS=45007, RATIS_ADMIN=45007, RATIS_SERVER=45007, STANDALONE=42551], networkLocation: /default-rack, certSerialId: null, persistedOpState: null, persistedOpStateExpiryEpochSec: 0}538abff5-f6b4-48da-9c9f-e2c087830672{ip: 10.1.0.4, host: fv-az58-449.32bp4kehjaiexiom31oljkjdjg.cx.internal.cloudapp.net, ports: [REPLICATION=33809, RATIS=39589, RATIS_ADMIN=39589, RATIS_SERVER=39589, STANDALONE=39531], networkLocation: /default-rack, certSerialId: null, persistedOpState: null, persistedOpStateExpiryEpochSec: 0}eb4bc65c-b727-4ac3-a516-6687464fc4a1{ip: 10.1.0.4, host: fv-az58-449.32bp4kehjaiexiom31oljkjdjg.cx.internal.cloudapp.net, ports: [REPLICATION=32997, RATIS=33363, RATIS_ADMIN=33363, RATIS_SERVER=33363, STANDALONE=33097], networkLocation: /default-rack, certSerialId: null, persistedOpState: null, persistedOpStateExpiryEpochSec: 0}, ReplicationConfig: EC/ECReplicationConfig{data=3, parity=2, ecChunkSize=1048576, codec=rs}, State:ALLOCATED, leaderId:, CreationTimestamp2022-06-19T13:09:09.608Z[Etc/UTC]] moved to OPEN state
2022-06-19 13:09:09,755 [IPC Server handler 8 on default port 41875] INFO  pipeline.PipelineStateManagerImpl (PipelineStateManagerImpl.java:addPipeline(101)) - Created pipeline Pipeline[ Id: 11492947-c0b0-4a1d-b490-04bfc05f887a, Nodes: 538abff5-f6b4-48da-9c9f-e2c087830672{ip: 10.1.0.4, host: fv-az58-449.32bp4kehjaiexiom31oljkjdjg.cx.internal.cloudapp.net, ports: [REPLICATION=33809, RATIS=39589, RATIS_ADMIN=39589, RATIS_SERVER=39589, STANDALONE=39531], networkLocation: /default-rack, certSerialId: null, persistedOpState: null, persistedOpStateExpiryEpochSec: 0}eb4bc65c-b727-4ac3-a516-6687464fc4a1{ip: 10.1.0.4, host: fv-az58-449.32bp4kehjaiexiom31oljkjdjg.cx.internal.cloudapp.net, ports: [REPLICATION=32997, RATIS=33363, RATIS_ADMIN=33363, RATIS_SERVER=33363, STANDALONE=33097], networkLocation: /default-rack, certSerialId: null, persistedOpState: null, persistedOpStateExpiryEpochSec: 0}001c296a-5799-42a4-87a9-6a5b930e2f27{ip: 10.1.0.4, host: fv-az58-449.32bp4kehjaiexiom31oljkjdjg.cx.internal.cloudapp.net, ports: [REPLICATION=44057, RATIS=45007, RATIS_ADMIN=45007, RATIS_SERVER=45007, STANDALONE=42551], networkLocation: /default-rack, certSerialId: null, persistedOpState: null, persistedOpStateExpiryEpochSec: 0}159ddede-8ddd-4508-a461-c1de976ef966{ip: 10.1.0.4, host: fv-az58-449.32bp4kehjaiexiom31oljkjdjg.cx.internal.cloudapp.net, ports: [REPLICATION=35087, RATIS=35015, RATIS_ADMIN=35015, RATIS_SERVER=35015, STANDALONE=36739], networkLocation: /default-rack, certSerialId: null, persistedOpState: null, persistedOpStateExpiryEpochSec: 0}9890fc63-f579-46b3-a4ef-59d832827169{ip: 10.1.0.4, host: fv-az58-449.32bp4kehjaiexiom31oljkjdjg.cx.internal.cloudapp.net, ports: [REPLICATION=37783, RATIS=37369, RATIS_ADMIN=37369, RATIS_SERVER=37369, STANDALONE=42701], networkLocation: /default-rack, certSerialId: null, persistedOpState: null, persistedOpStateExpiryEpochSec: 0}, ReplicationConfig: EC/ECReplicationConfig{data=3, parity=2, ecChunkSize=1048576, codec=rs}, State:ALLOCATED, leaderId:, CreationTimestamp2022-06-19T13:09:09.755Z[Etc/UTC]].
2022-06-19 13:09:09,755 [IPC Server handler 8 on default port 41875] INFO  pipeline.PipelineManagerImpl (PipelineManagerImpl.java:openPipeline(356)) - Pipeline Pipeline[ Id: 11492947-c0b0-4a1d-b490-04bfc05f887a, Nodes: 538abff5-f6b4-48da-9c9f-e2c087830672{ip: 10.1.0.4, host: fv-az58-449.32bp4kehjaiexiom31oljkjdjg.cx.internal.cloudapp.net, ports: [REPLICATION=33809, RATIS=39589, RATIS_ADMIN=39589, RATIS_SERVER=39589, STANDALONE=39531], networkLocation: /default-rack, certSerialId: null, persistedOpState: null, persistedOpStateExpiryEpochSec: 0}eb4bc65c-b727-4ac3-a516-6687464fc4a1{ip: 10.1.0.4, host: fv-az58-449.32bp4kehjaiexiom31oljkjdjg.cx.internal.cloudapp.net, ports: [REPLICATION=32997, RATIS=33363, RATIS_ADMIN=33363, RATIS_SERVER=33363, STANDALONE=33097], networkLocation: /default-rack, certSerialId: null, persistedOpState: null, persistedOpStateExpiryEpochSec: 0}001c296a-5799-42a4-87a9-6a5b930e2f27{ip: 10.1.0.4, host: fv-az58-449.32bp4kehjaiexiom31oljkjdjg.cx.internal.cloudapp.net, ports: [REPLICATION=44057, RATIS=45007, RATIS_ADMIN=45007, RATIS_SERVER=45007, STANDALONE=42551], networkLocation: /default-rack, certSerialId: null, persistedOpState: null, persistedOpStateExpiryEpochSec: 0}159ddede-8ddd-4508-a461-c1de976ef966{ip: 10.1.0.4, host: fv-az58-449.32bp4kehjaiexiom31oljkjdjg.cx.internal.cloudapp.net, ports: [REPLICATION=35087, RATIS=35015, RATIS_ADMIN=35015, RATIS_SERVER=35015, STANDALONE=36739], networkLocation: /default-rack, certSerialId: null, persistedOpState: null, persistedOpStateExpiryEpochSec: 0}9890fc63-f579-46b3-a4ef-59d832827169{ip: 10.1.0.4, host: fv-az58-449.32bp4kehjaiexiom31oljkjdjg.cx.internal.cloudapp.net, ports: [REPLICATION=37783, RATIS=37369, RATIS_ADMIN=37369, RATIS_SERVER=37369, STANDALONE=42701], networkLocation: /default-rack, certSerialId: null, persistedOpState: null, persistedOpStateExpiryEpochSec: 0}, ReplicationConfig: EC/ECReplicationConfig{data=3, parity=2, ecChunkSize=1048576, codec=rs}, State:ALLOCATED, leaderId:, CreationTimestamp2022-06-19T13:09:09.755Z[Etc/UTC]] moved to OPEN state
]]></system-out>
  </testcase>
  <testcase name="testRenameDirToFile" classname="TestOzoneFileSystem" time="0.029">
    <system-out><![CDATA[2022-06-19 13:05:18,728 [Time-limited test] WARN  ozone.BasicOzoneFileSystem (BasicOzoneFileSystem.java:rename(396)) - Failed to rename o3fs://bucket47939.volume58940/a/b/c to o3fs://bucket47939.volume58940/root/file1, file already exists!
]]></system-out>
  </testcase>
  <testcase name="testRenameDirToFile" classname="TestOzoneFileSystem" time="0.031">
    <system-out><![CDATA[2022-06-19 13:06:27,519 [Time-limited test] WARN  ozone.BasicOzoneFileSystem (BasicOzoneFileSystem.java:rename(396)) - Failed to rename o3fs://bucket74908.volume87664/a/b/c to o3fs://bucket74908.volume87664/root/file1, file already exists!
13:06:27.520 [IPC Server handler 14 on default port 45241] ERROR OMAudit - user=runner | ip=127.0.0.1 | op=GET_FILE_STATUS {volume=volume87664, bucket=bucket74908, key=.Trash, dataSize=0, replicationConfig=null} | ret=FAILURE
org.apache.hadoop.ozone.om.exceptions.OMException: Unable to get file status: volume: volume87664 bucket: bucket74908 key: .Trash
	at org.apache.hadoop.ozone.om.KeyManagerImpl.getOzoneFileStatus(KeyManagerImpl.java:1283) ~[ozone-manager-1.3.0-SNAPSHOT.jar:?]
	at org.apache.hadoop.ozone.om.KeyManagerImpl.getFileStatus(KeyManagerImpl.java:1213) ~[ozone-manager-1.3.0-SNAPSHOT.jar:?]
	at org.apache.hadoop.ozone.om.OzoneManager.getFileStatus(OzoneManager.java:3419) ~[ozone-manager-1.3.0-SNAPSHOT.jar:?]
	at org.apache.hadoop.ozone.protocolPB.OzoneManagerRequestHandler.getOzoneFileStatus(OzoneManagerRequestHandler.java:871) ~[ozone-manager-1.3.0-SNAPSHOT.jar:?]
	at org.apache.hadoop.ozone.protocolPB.OzoneManagerRequestHandler.handleReadRequest(OzoneManagerRequestHandler.java:217) ~[ozone-manager-1.3.0-SNAPSHOT.jar:?]
	at org.apache.hadoop.ozone.protocolPB.OzoneManagerProtocolServerSideTranslatorPB.submitRequestDirectlyToOM(OzoneManagerProtocolServerSideTranslatorPB.java:284) ~[ozone-manager-1.3.0-SNAPSHOT.jar:?]
	at org.apache.hadoop.ozone.protocolPB.OzoneManagerProtocolServerSideTranslatorPB.processRequest(OzoneManagerProtocolServerSideTranslatorPB.java:207) ~[ozone-manager-1.3.0-SNAPSHOT.jar:?]
	at org.apache.hadoop.hdds.server.OzoneProtocolMessageDispatcher.processRequest(OzoneProtocolMessageDispatcher.java:87) [hdds-server-framework-1.3.0-SNAPSHOT.jar:?]
	at org.apache.hadoop.ozone.protocolPB.OzoneManagerProtocolServerSideTranslatorPB.submitRequest(OzoneManagerProtocolServerSideTranslatorPB.java:147) [ozone-manager-1.3.0-SNAPSHOT.jar:?]
	at org.apache.hadoop.ozone.protocol.proto.OzoneManagerProtocolProtos$OzoneManagerService$2.callBlockingMethod(OzoneManagerProtocolProtos.java) [ozone-interface-client-1.3.0-SNAPSHOT.jar:?]
	at org.apache.hadoop.ipc.ProtobufRpcEngine$Server.processCall(ProtobufRpcEngine.java:466) [hadoop-common-3.3.1.jar:?]
	at org.apache.hadoop.ipc.ProtobufRpcEngine2$Server$ProtoBufRpcInvoker.call(ProtobufRpcEngine2.java:574) [hadoop-common-3.3.1.jar:?]
	at org.apache.hadoop.ipc.ProtobufRpcEngine2$Server$ProtoBufRpcInvoker.call(ProtobufRpcEngine2.java:552) [hadoop-common-3.3.1.jar:?]
	at org.apache.hadoop.ipc.RPC$Server.call(RPC.java:1093) [hadoop-common-3.3.1.jar:?]
	at org.apache.hadoop.ipc.Server$RpcCall.run(Server.java:1035) [hadoop-common-3.3.1.jar:?]
	at org.apache.hadoop.ipc.Server$RpcCall.run(Server.java:963) [hadoop-common-3.3.1.jar:?]
	at java.security.AccessController.doPrivileged(Native Method) ~[?:1.8.0_332]
	at javax.security.auth.Subject.doAs(Subject.java:422) [?:1.8.0_332]
	at org.apache.hadoop.security.UserGroupInformation.doAs(UserGroupInformation.java:1878) [hadoop-common-3.3.1.jar:?]
	at org.apache.hadoop.ipc.Server$Handler.run(Server.java:2966) [hadoop-common-3.3.1.jar:?]
2022-06-19 13:06:27,520 [Time-limited test] WARN  ozone.BasicOzoneFileSystem (BasicOzoneFileSystem.java:delete(532)) - delete: Path does not exist: o3fs://bucket74908.volume87664/.Trash
]]></system-out>
  </testcase>
  <testcase name="testRenameDirToFile" classname="TestOzoneFileSystem" time="0.049">
    <system-out><![CDATA[2022-06-19 13:07:52,876 [Time-limited test] WARN  ozone.BasicOzoneFileSystem (BasicOzoneFileSystem.java:rename(396)) - Failed to rename o3fs://bucket87468.volume07034/a/b/c to o3fs://bucket87468.volume07034/root/file1, file already exists!
]]></system-out>
  </testcase>
  <testcase name="testRenameDirToFile" classname="TestOzoneFileSystem" time="0.035">
    <system-out><![CDATA[2022-06-19 13:09:09,934 [Time-limited test] WARN  ozone.BasicOzoneFileSystem (BasicOzoneFileSystem.java:rename(396)) - Failed to rename o3fs://bucket08814.volume84440/a/b/c to o3fs://bucket08814.volume84440/root/file1, file already exists!
]]></system-out>
  </testcase>
  <testcase name="testRenameToNewSubDirShouldNotExist" classname="TestOzoneFileSystem" time="0.052">
    <system-out><![CDATA[2022-06-19 13:05:18,749 [Time-limited test] WARN  ozone.BasicOzoneFileSystem (BasicOzoneFileSystem.java:rename(390)) - Failed to rename o3fs://bucket47939.volume58940/a to o3fs://bucket47939.volume58940/b/a, file already exists or not empty!
2022-06-19 13:05:18,767 [Time-limited test] WARN  ozone.BasicOzoneFileSystem (BasicOzoneFileSystem.java:rename(390)) - Failed to rename o3fs://bucket47939.volume58940/file1 to o3fs://bucket47939.volume58940/a/file1, file already exists or not empty!
]]></system-out>
  </testcase>
  <testcase name="testRenameToNewSubDirShouldNotExist" classname="TestOzoneFileSystem" time="0.054">
    <system-out><![CDATA[2022-06-19 13:06:27,546 [Time-limited test] WARN  ozone.BasicOzoneFileSystem (BasicOzoneFileSystem.java:rename(390)) - Failed to rename o3fs://bucket74908.volume87664/a to o3fs://bucket74908.volume87664/b/a, file already exists or not empty!
2022-06-19 13:06:27,571 [Time-limited test] WARN  ozone.BasicOzoneFileSystem (BasicOzoneFileSystem.java:rename(390)) - Failed to rename o3fs://bucket74908.volume87664/file1 to o3fs://bucket74908.volume87664/a/file1, file already exists or not empty!
13:06:27.572 [IPC Server handler 4 on default port 45241] ERROR OMAudit - user=runner | ip=127.0.0.1 | op=GET_FILE_STATUS {volume=volume87664, bucket=bucket74908, key=.Trash, dataSize=0, replicationConfig=null} | ret=FAILURE
org.apache.hadoop.ozone.om.exceptions.OMException: Unable to get file status: volume: volume87664 bucket: bucket74908 key: .Trash
	at org.apache.hadoop.ozone.om.KeyManagerImpl.getOzoneFileStatus(KeyManagerImpl.java:1283) ~[ozone-manager-1.3.0-SNAPSHOT.jar:?]
	at org.apache.hadoop.ozone.om.KeyManagerImpl.getFileStatus(KeyManagerImpl.java:1213) ~[ozone-manager-1.3.0-SNAPSHOT.jar:?]
	at org.apache.hadoop.ozone.om.OzoneManager.getFileStatus(OzoneManager.java:3419) ~[ozone-manager-1.3.0-SNAPSHOT.jar:?]
	at org.apache.hadoop.ozone.protocolPB.OzoneManagerRequestHandler.getOzoneFileStatus(OzoneManagerRequestHandler.java:871) ~[ozone-manager-1.3.0-SNAPSHOT.jar:?]
	at org.apache.hadoop.ozone.protocolPB.OzoneManagerRequestHandler.handleReadRequest(OzoneManagerRequestHandler.java:217) ~[ozone-manager-1.3.0-SNAPSHOT.jar:?]
	at org.apache.hadoop.ozone.protocolPB.OzoneManagerProtocolServerSideTranslatorPB.submitRequestDirectlyToOM(OzoneManagerProtocolServerSideTranslatorPB.java:284) ~[ozone-manager-1.3.0-SNAPSHOT.jar:?]
	at org.apache.hadoop.ozone.protocolPB.OzoneManagerProtocolServerSideTranslatorPB.processRequest(OzoneManagerProtocolServerSideTranslatorPB.java:207) ~[ozone-manager-1.3.0-SNAPSHOT.jar:?]
	at org.apache.hadoop.hdds.server.OzoneProtocolMessageDispatcher.processRequest(OzoneProtocolMessageDispatcher.java:87) [hdds-server-framework-1.3.0-SNAPSHOT.jar:?]
	at org.apache.hadoop.ozone.protocolPB.OzoneManagerProtocolServerSideTranslatorPB.submitRequest(OzoneManagerProtocolServerSideTranslatorPB.java:147) [ozone-manager-1.3.0-SNAPSHOT.jar:?]
	at org.apache.hadoop.ozone.protocol.proto.OzoneManagerProtocolProtos$OzoneManagerService$2.callBlockingMethod(OzoneManagerProtocolProtos.java) [ozone-interface-client-1.3.0-SNAPSHOT.jar:?]
	at org.apache.hadoop.ipc.ProtobufRpcEngine$Server.processCall(ProtobufRpcEngine.java:466) [hadoop-common-3.3.1.jar:?]
	at org.apache.hadoop.ipc.ProtobufRpcEngine2$Server$ProtoBufRpcInvoker.call(ProtobufRpcEngine2.java:574) [hadoop-common-3.3.1.jar:?]
	at org.apache.hadoop.ipc.ProtobufRpcEngine2$Server$ProtoBufRpcInvoker.call(ProtobufRpcEngine2.java:552) [hadoop-common-3.3.1.jar:?]
	at org.apache.hadoop.ipc.RPC$Server.call(RPC.java:1093) [hadoop-common-3.3.1.jar:?]
	at org.apache.hadoop.ipc.Server$RpcCall.run(Server.java:1035) [hadoop-common-3.3.1.jar:?]
	at org.apache.hadoop.ipc.Server$RpcCall.run(Server.java:963) [hadoop-common-3.3.1.jar:?]
	at java.security.AccessController.doPrivileged(Native Method) ~[?:1.8.0_332]
	at javax.security.auth.Subject.doAs(Subject.java:422) [?:1.8.0_332]
	at org.apache.hadoop.security.UserGroupInformation.doAs(UserGroupInformation.java:1878) [hadoop-common-3.3.1.jar:?]
	at org.apache.hadoop.ipc.Server$Handler.run(Server.java:2966) [hadoop-common-3.3.1.jar:?]
2022-06-19 13:06:27,577 [Time-limited test] WARN  ozone.BasicOzoneFileSystem (BasicOzoneFileSystem.java:delete(532)) - delete: Path does not exist: o3fs://bucket74908.volume87664/.Trash
]]></system-out>
  </testcase>
  <testcase name="testRenameToNewSubDirShouldNotExist" classname="TestOzoneFileSystem" time="0.07">
    <system-out><![CDATA[2022-06-19 13:07:52,920 [Time-limited test] WARN  ozone.BasicOzoneFileSystem (BasicOzoneFileSystem.java:rename(390)) - Failed to rename o3fs://bucket87468.volume07034/a to o3fs://bucket87468.volume07034/b/a, file already exists or not empty!
2022-06-19 13:07:52,938 [Time-limited test] WARN  ozone.BasicOzoneFileSystem (BasicOzoneFileSystem.java:rename(390)) - Failed to rename o3fs://bucket87468.volume07034/file1 to o3fs://bucket87468.volume07034/a/file1, file already exists or not empty!
]]></system-out>
  </testcase>
  <testcase name="testRenameToNewSubDirShouldNotExist" classname="TestOzoneFileSystem" time="0.053">
    <system-out><![CDATA[2022-06-19 13:09:09,983 [Time-limited test] WARN  ozone.BasicOzoneFileSystem (BasicOzoneFileSystem.java:rename(390)) - Failed to rename o3fs://bucket08814.volume84440/a to o3fs://bucket08814.volume84440/b/a, file already exists or not empty!
2022-06-19 13:09:09,992 [Time-limited test] WARN  ozone.BasicOzoneFileSystem (BasicOzoneFileSystem.java:rename(390)) - Failed to rename o3fs://bucket08814.volume84440/file1 to o3fs://bucket08814.volume84440/a/file1, file already exists or not empty!
]]></system-out>
  </testcase>
  <testcase name="testListStatusOnLargeDirectoryForACLCheck" classname="TestOzoneFileSystem" time="2.998">
    <system-out><![CDATA[2022-06-19 13:05:20,376 [3336e988-a1cc-4f09-b2d1-22a9863ee945@group-B66F265A3155-FollowerState] INFO  impl.FollowerState (FollowerState.java:run(143)) - 3336e988-a1cc-4f09-b2d1-22a9863ee945@group-B66F265A3155-FollowerState: change to CANDIDATE, lastRpcElapsedTime:5145632660ns, electionTimeout:5143ms
2022-06-19 13:05:20,376 [3336e988-a1cc-4f09-b2d1-22a9863ee945@group-B66F265A3155-FollowerState] INFO  impl.RoleInfo (RoleInfo.java:shutdownFollowerState(110)) - 3336e988-a1cc-4f09-b2d1-22a9863ee945: shutdown 3336e988-a1cc-4f09-b2d1-22a9863ee945@group-B66F265A3155-FollowerState
2022-06-19 13:05:20,376 [3336e988-a1cc-4f09-b2d1-22a9863ee945@group-B66F265A3155-FollowerState] INFO  server.RaftServer$Division (RaftServerImpl.java:setRole(299)) - 3336e988-a1cc-4f09-b2d1-22a9863ee945@group-B66F265A3155: changes role from  FOLLOWER to CANDIDATE at term 4 for changeToCandidate
2022-06-19 13:05:20,376 [3336e988-a1cc-4f09-b2d1-22a9863ee945@group-B66F265A3155-FollowerState] INFO  server.RaftServerConfigKeys (ConfUtils.java:logGet(46)) - raft.server.leaderelection.pre-vote = false (custom)
2022-06-19 13:05:20,376 [3336e988-a1cc-4f09-b2d1-22a9863ee945@group-B66F265A3155-FollowerState] INFO  impl.RoleInfo (RoleInfo.java:updateAndGet(139)) - 3336e988-a1cc-4f09-b2d1-22a9863ee945: start 3336e988-a1cc-4f09-b2d1-22a9863ee945@group-B66F265A3155-LeaderElection15
2022-06-19 13:05:20,386 [3336e988-a1cc-4f09-b2d1-22a9863ee945@group-B66F265A3155-LeaderElection15] INFO  impl.LeaderElection (LeaderElection.java:askForVotes(310)) - 3336e988-a1cc-4f09-b2d1-22a9863ee945@group-B66F265A3155-LeaderElection15 ELECTION round 0: submit vote requests at term 5 for -1: [d57ef6cc-857b-4c4f-ab3c-49c4eddebbaf|rpc:10.1.0.4:38535|dataStream:|priority:0, 3336e988-a1cc-4f09-b2d1-22a9863ee945|rpc:10.1.0.4:37777|dataStream:|priority:0, a1a795c4-f5a2-46b7-b5e4-aef7f82751b2|rpc:10.1.0.4:34871|dataStream:|priority:1], old=null
2022-06-19 13:05:20,398 [d57ef6cc-857b-4c4f-ab3c-49c4eddebbaf@group-B66F265A3155-FollowerState] INFO  impl.FollowerState (FollowerState.java:run(143)) - d57ef6cc-857b-4c4f-ab3c-49c4eddebbaf@group-B66F265A3155-FollowerState: change to CANDIDATE, lastRpcElapsedTime:5158670556ns, electionTimeout:5153ms
2022-06-19 13:05:20,398 [d57ef6cc-857b-4c4f-ab3c-49c4eddebbaf@group-B66F265A3155-FollowerState] INFO  impl.RoleInfo (RoleInfo.java:shutdownFollowerState(110)) - d57ef6cc-857b-4c4f-ab3c-49c4eddebbaf: shutdown d57ef6cc-857b-4c4f-ab3c-49c4eddebbaf@group-B66F265A3155-FollowerState
2022-06-19 13:05:20,398 [d57ef6cc-857b-4c4f-ab3c-49c4eddebbaf@group-B66F265A3155-FollowerState] INFO  server.RaftServer$Division (RaftServerImpl.java:setRole(299)) - d57ef6cc-857b-4c4f-ab3c-49c4eddebbaf@group-B66F265A3155: changes role from  FOLLOWER to CANDIDATE at term 4 for changeToCandidate
2022-06-19 13:05:20,398 [d57ef6cc-857b-4c4f-ab3c-49c4eddebbaf@group-B66F265A3155-FollowerState] INFO  server.RaftServerConfigKeys (ConfUtils.java:logGet(46)) - raft.server.leaderelection.pre-vote = false (custom)
2022-06-19 13:05:20,398 [d57ef6cc-857b-4c4f-ab3c-49c4eddebbaf@group-B66F265A3155-FollowerState] INFO  impl.RoleInfo (RoleInfo.java:updateAndGet(139)) - d57ef6cc-857b-4c4f-ab3c-49c4eddebbaf: start d57ef6cc-857b-4c4f-ab3c-49c4eddebbaf@group-B66F265A3155-LeaderElection16
2022-06-19 13:05:20,412 [grpc-default-executor-1] INFO  server.RaftServer$Division (RaftServerImpl.java:requestVote(1152)) - d57ef6cc-857b-4c4f-ab3c-49c4eddebbaf@group-B66F265A3155: receive requestVote(ELECTION, 3336e988-a1cc-4f09-b2d1-22a9863ee945, group-B66F265A3155, 5, (t:0, i:0))
2022-06-19 13:05:20,413 [grpc-default-executor-1] INFO  impl.VoteContext (VoteContext.java:log(48)) - d57ef6cc-857b-4c4f-ab3c-49c4eddebbaf@group-B66F265A3155-CANDIDATE: accept ELECTION from 3336e988-a1cc-4f09-b2d1-22a9863ee945: our priority 0 <= candidate's priority 0
2022-06-19 13:05:20,413 [grpc-default-executor-1] INFO  server.RaftServer$Division (RaftServerImpl.java:setRole(299)) - d57ef6cc-857b-4c4f-ab3c-49c4eddebbaf@group-B66F265A3155: changes role from CANDIDATE to FOLLOWER at term 5 for candidate:3336e988-a1cc-4f09-b2d1-22a9863ee945
2022-06-19 13:05:20,413 [grpc-default-executor-1] INFO  impl.RoleInfo (RoleInfo.java:shutdownLeaderElection(130)) - d57ef6cc-857b-4c4f-ab3c-49c4eddebbaf: shutdown d57ef6cc-857b-4c4f-ab3c-49c4eddebbaf@group-B66F265A3155-LeaderElection16
2022-06-19 13:05:20,413 [d57ef6cc-857b-4c4f-ab3c-49c4eddebbaf@group-B66F265A3155-LeaderElection16] INFO  impl.LeaderElection (LeaderElection.java:run(231)) - d57ef6cc-857b-4c4f-ab3c-49c4eddebbaf@group-B66F265A3155-LeaderElection16: skip running since this is already CLOSING
2022-06-19 13:05:20,414 [grpc-default-executor-1] INFO  impl.RoleInfo (RoleInfo.java:updateAndGet(139)) - d57ef6cc-857b-4c4f-ab3c-49c4eddebbaf: start d57ef6cc-857b-4c4f-ab3c-49c4eddebbaf@group-B66F265A3155-FollowerState
2022-06-19 13:05:20,416 [grpc-default-executor-1] INFO  server.RaftServer$Division (RaftServerImpl.java:requestVote(1184)) - d57ef6cc-857b-4c4f-ab3c-49c4eddebbaf@group-B66F265A3155 replies to ELECTION vote request: 3336e988-a1cc-4f09-b2d1-22a9863ee945<-d57ef6cc-857b-4c4f-ab3c-49c4eddebbaf#0:OK-t5. Peer's state: d57ef6cc-857b-4c4f-ab3c-49c4eddebbaf@group-B66F265A3155:t5, leader=null, voted=3336e988-a1cc-4f09-b2d1-22a9863ee945, raftlog=d57ef6cc-857b-4c4f-ab3c-49c4eddebbaf@group-B66F265A3155-SegmentedRaftLog:OPENED:c-1, conf=-1: [d57ef6cc-857b-4c4f-ab3c-49c4eddebbaf|rpc:10.1.0.4:38535|priority:0, 3336e988-a1cc-4f09-b2d1-22a9863ee945|rpc:10.1.0.4:37777|priority:0, a1a795c4-f5a2-46b7-b5e4-aef7f82751b2|rpc:10.1.0.4:34871|priority:1], old=null
2022-06-19 13:05:20,419 [grpc-default-executor-2] INFO  server.RaftServer$Division (RaftServerImpl.java:requestVote(1152)) - a1a795c4-f5a2-46b7-b5e4-aef7f82751b2@group-B66F265A3155: receive requestVote(ELECTION, 3336e988-a1cc-4f09-b2d1-22a9863ee945, group-B66F265A3155, 5, (t:0, i:0))
2022-06-19 13:05:20,419 [grpc-default-executor-2] INFO  impl.VoteContext (VoteContext.java:log(48)) - a1a795c4-f5a2-46b7-b5e4-aef7f82751b2@group-B66F265A3155-FOLLOWER: reject ELECTION from 3336e988-a1cc-4f09-b2d1-22a9863ee945: our priority 1 > candidate's priority 0
2022-06-19 13:05:20,420 [grpc-default-executor-2] INFO  server.RaftServer$Division (RaftServerImpl.java:setRole(299)) - a1a795c4-f5a2-46b7-b5e4-aef7f82751b2@group-B66F265A3155: changes role from  FOLLOWER to FOLLOWER at term 5 for candidate:3336e988-a1cc-4f09-b2d1-22a9863ee945
2022-06-19 13:05:20,420 [grpc-default-executor-2] INFO  impl.RoleInfo (RoleInfo.java:shutdownFollowerState(110)) - a1a795c4-f5a2-46b7-b5e4-aef7f82751b2: shutdown a1a795c4-f5a2-46b7-b5e4-aef7f82751b2@group-B66F265A3155-FollowerState
2022-06-19 13:05:20,420 [grpc-default-executor-2] INFO  impl.RoleInfo (RoleInfo.java:updateAndGet(139)) - a1a795c4-f5a2-46b7-b5e4-aef7f82751b2: start a1a795c4-f5a2-46b7-b5e4-aef7f82751b2@group-B66F265A3155-FollowerState
2022-06-19 13:05:20,420 [a1a795c4-f5a2-46b7-b5e4-aef7f82751b2@group-B66F265A3155-FollowerState] INFO  impl.FollowerState (FollowerState.java:run(152)) - a1a795c4-f5a2-46b7-b5e4-aef7f82751b2@group-B66F265A3155-FollowerState was interrupted
2022-06-19 13:05:20,426 [grpc-default-executor-2] INFO  server.RaftServer$Division (RaftServerImpl.java:requestVote(1184)) - a1a795c4-f5a2-46b7-b5e4-aef7f82751b2@group-B66F265A3155 replies to ELECTION vote request: 3336e988-a1cc-4f09-b2d1-22a9863ee945<-a1a795c4-f5a2-46b7-b5e4-aef7f82751b2#0:FAIL-t5. Peer's state: a1a795c4-f5a2-46b7-b5e4-aef7f82751b2@group-B66F265A3155:t5, leader=null, voted=null, raftlog=a1a795c4-f5a2-46b7-b5e4-aef7f82751b2@group-B66F265A3155-SegmentedRaftLog:OPENED:c-1, conf=-1: [d57ef6cc-857b-4c4f-ab3c-49c4eddebbaf|rpc:10.1.0.4:38535|priority:0, 3336e988-a1cc-4f09-b2d1-22a9863ee945|rpc:10.1.0.4:37777|priority:0, a1a795c4-f5a2-46b7-b5e4-aef7f82751b2|rpc:10.1.0.4:34871|priority:1], old=null
2022-06-19 13:05:20,427 [3336e988-a1cc-4f09-b2d1-22a9863ee945@group-B66F265A3155-LeaderElection15] INFO  impl.LeaderElection (LeaderElection.java:logAndReturn(90)) - 3336e988-a1cc-4f09-b2d1-22a9863ee945@group-B66F265A3155-LeaderElection15: ELECTION REJECTED received 2 response(s) and 0 exception(s):
2022-06-19 13:05:20,427 [3336e988-a1cc-4f09-b2d1-22a9863ee945@group-B66F265A3155-LeaderElection15] INFO  impl.LeaderElection (LeaderElection.java:logAndReturn(94)) -   Response 0: 3336e988-a1cc-4f09-b2d1-22a9863ee945<-d57ef6cc-857b-4c4f-ab3c-49c4eddebbaf#0:OK-t5
2022-06-19 13:05:20,427 [3336e988-a1cc-4f09-b2d1-22a9863ee945@group-B66F265A3155-LeaderElection15] INFO  impl.LeaderElection (LeaderElection.java:logAndReturn(94)) -   Response 1: 3336e988-a1cc-4f09-b2d1-22a9863ee945<-a1a795c4-f5a2-46b7-b5e4-aef7f82751b2#0:FAIL-t5
2022-06-19 13:05:20,427 [3336e988-a1cc-4f09-b2d1-22a9863ee945@group-B66F265A3155-LeaderElection15] INFO  impl.LeaderElection (LeaderElection.java:askForVotes(312)) - 3336e988-a1cc-4f09-b2d1-22a9863ee945@group-B66F265A3155-LeaderElection15 ELECTION round 0: result REJECTED
2022-06-19 13:05:20,427 [3336e988-a1cc-4f09-b2d1-22a9863ee945@group-B66F265A3155-LeaderElection15] INFO  server.RaftServer$Division (RaftServerImpl.java:setRole(299)) - 3336e988-a1cc-4f09-b2d1-22a9863ee945@group-B66F265A3155: changes role from CANDIDATE to FOLLOWER at term 5 for REJECTED
2022-06-19 13:05:20,427 [3336e988-a1cc-4f09-b2d1-22a9863ee945@group-B66F265A3155-LeaderElection15] INFO  impl.RoleInfo (RoleInfo.java:shutdownLeaderElection(130)) - 3336e988-a1cc-4f09-b2d1-22a9863ee945: shutdown 3336e988-a1cc-4f09-b2d1-22a9863ee945@group-B66F265A3155-LeaderElection15
2022-06-19 13:05:20,427 [3336e988-a1cc-4f09-b2d1-22a9863ee945@group-B66F265A3155-LeaderElection15] INFO  impl.RoleInfo (RoleInfo.java:updateAndGet(139)) - 3336e988-a1cc-4f09-b2d1-22a9863ee945: start 3336e988-a1cc-4f09-b2d1-22a9863ee945@group-B66F265A3155-FollowerState
]]></system-out>
  </testcase>
  <testcase name="testListStatusOnLargeDirectoryForACLCheck" classname="TestOzoneFileSystem" time="1.861">
    <system-out><![CDATA[13:06:29.169 [IPC Server handler 12 on default port 45241] ERROR OMAudit - user=runner | ip=127.0.0.1 | op=GET_FILE_STATUS {volume=volume87664, bucket=bucket74908, key=.Trash, dataSize=0, replicationConfig=null} | ret=FAILURE
org.apache.hadoop.ozone.om.exceptions.OMException: Unable to get file status: volume: volume87664 bucket: bucket74908 key: .Trash
	at org.apache.hadoop.ozone.om.KeyManagerImpl.getOzoneFileStatus(KeyManagerImpl.java:1283) ~[ozone-manager-1.3.0-SNAPSHOT.jar:?]
	at org.apache.hadoop.ozone.om.KeyManagerImpl.getFileStatus(KeyManagerImpl.java:1213) ~[ozone-manager-1.3.0-SNAPSHOT.jar:?]
	at org.apache.hadoop.ozone.om.OzoneManager.getFileStatus(OzoneManager.java:3419) ~[ozone-manager-1.3.0-SNAPSHOT.jar:?]
	at org.apache.hadoop.ozone.protocolPB.OzoneManagerRequestHandler.getOzoneFileStatus(OzoneManagerRequestHandler.java:871) ~[ozone-manager-1.3.0-SNAPSHOT.jar:?]
	at org.apache.hadoop.ozone.protocolPB.OzoneManagerRequestHandler.handleReadRequest(OzoneManagerRequestHandler.java:217) ~[ozone-manager-1.3.0-SNAPSHOT.jar:?]
	at org.apache.hadoop.ozone.protocolPB.OzoneManagerProtocolServerSideTranslatorPB.submitRequestDirectlyToOM(OzoneManagerProtocolServerSideTranslatorPB.java:284) ~[ozone-manager-1.3.0-SNAPSHOT.jar:?]
	at org.apache.hadoop.ozone.protocolPB.OzoneManagerProtocolServerSideTranslatorPB.processRequest(OzoneManagerProtocolServerSideTranslatorPB.java:207) ~[ozone-manager-1.3.0-SNAPSHOT.jar:?]
	at org.apache.hadoop.hdds.server.OzoneProtocolMessageDispatcher.processRequest(OzoneProtocolMessageDispatcher.java:87) [hdds-server-framework-1.3.0-SNAPSHOT.jar:?]
	at org.apache.hadoop.ozone.protocolPB.OzoneManagerProtocolServerSideTranslatorPB.submitRequest(OzoneManagerProtocolServerSideTranslatorPB.java:147) [ozone-manager-1.3.0-SNAPSHOT.jar:?]
	at org.apache.hadoop.ozone.protocol.proto.OzoneManagerProtocolProtos$OzoneManagerService$2.callBlockingMethod(OzoneManagerProtocolProtos.java) [ozone-interface-client-1.3.0-SNAPSHOT.jar:?]
	at org.apache.hadoop.ipc.ProtobufRpcEngine$Server.processCall(ProtobufRpcEngine.java:466) [hadoop-common-3.3.1.jar:?]
	at org.apache.hadoop.ipc.ProtobufRpcEngine2$Server$ProtoBufRpcInvoker.call(ProtobufRpcEngine2.java:574) [hadoop-common-3.3.1.jar:?]
	at org.apache.hadoop.ipc.ProtobufRpcEngine2$Server$ProtoBufRpcInvoker.call(ProtobufRpcEngine2.java:552) [hadoop-common-3.3.1.jar:?]
	at org.apache.hadoop.ipc.RPC$Server.call(RPC.java:1093) [hadoop-common-3.3.1.jar:?]
	at org.apache.hadoop.ipc.Server$RpcCall.run(Server.java:1035) [hadoop-common-3.3.1.jar:?]
	at org.apache.hadoop.ipc.Server$RpcCall.run(Server.java:963) [hadoop-common-3.3.1.jar:?]
	at java.security.AccessController.doPrivileged(Native Method) ~[?:1.8.0_332]
	at javax.security.auth.Subject.doAs(Subject.java:422) [?:1.8.0_332]
	at org.apache.hadoop.security.UserGroupInformation.doAs(UserGroupInformation.java:1878) [hadoop-common-3.3.1.jar:?]
	at org.apache.hadoop.ipc.Server$Handler.run(Server.java:2966) [hadoop-common-3.3.1.jar:?]
2022-06-19 13:06:29,169 [Time-limited test] WARN  ozone.BasicOzoneFileSystem (BasicOzoneFileSystem.java:delete(532)) - delete: Path does not exist: o3fs://bucket74908.volume87664/.Trash
]]></system-out>
  </testcase>
  <testcase name="testListStatusOnLargeDirectoryForACLCheck" classname="TestOzoneFileSystem" time="5.178"/>
  <testcase name="testListStatusOnLargeDirectoryForACLCheck" classname="TestOzoneFileSystem" time="2.918"/>
  <testcase name="testRenameFileToDir" classname="TestOzoneFileSystem" time="0.033">
    <system-out><![CDATA[13:05:21.808 [IPC Server handler 15 on default port 33959] ERROR OMAudit - user=runner | ip=127.0.0.1 | op=LIST_STATUS {volume=volume58940, bucket=bucket47939, key=a/b/c/file1, dataSize=0, replicationConfig=null} | ret=FAILURE
org.apache.hadoop.ozone.om.exceptions.OMException: Unable to get file status: volume: volume58940 bucket: bucket47939 key: a/b/c/file1
	at org.apache.hadoop.ozone.om.KeyManagerImpl.getOzoneFileStatus(KeyManagerImpl.java:1283) ~[ozone-manager-1.3.0-SNAPSHOT.jar:?]
	at org.apache.hadoop.ozone.om.KeyManagerImpl.getFileStatus(KeyManagerImpl.java:1213) ~[ozone-manager-1.3.0-SNAPSHOT.jar:?]
	at org.apache.hadoop.ozone.om.KeyManagerImpl.listStatus(KeyManagerImpl.java:1537) ~[ozone-manager-1.3.0-SNAPSHOT.jar:?]
	at org.apache.hadoop.ozone.om.OzoneManager.listStatus(OzoneManager.java:3497) ~[ozone-manager-1.3.0-SNAPSHOT.jar:?]
	at org.apache.hadoop.ozone.protocolPB.OzoneManagerRequestHandler.listStatus(OzoneManagerRequestHandler.java:1028) ~[ozone-manager-1.3.0-SNAPSHOT.jar:?]
	at org.apache.hadoop.ozone.protocolPB.OzoneManagerRequestHandler.handleReadRequest(OzoneManagerRequestHandler.java:228) ~[ozone-manager-1.3.0-SNAPSHOT.jar:?]
	at org.apache.hadoop.ozone.protocolPB.OzoneManagerProtocolServerSideTranslatorPB.submitReadRequestToOM(OzoneManagerProtocolServerSideTranslatorPB.java:225) ~[ozone-manager-1.3.0-SNAPSHOT.jar:?]
	at org.apache.hadoop.ozone.protocolPB.OzoneManagerProtocolServerSideTranslatorPB.processRequest(OzoneManagerProtocolServerSideTranslatorPB.java:175) ~[ozone-manager-1.3.0-SNAPSHOT.jar:?]
	at org.apache.hadoop.hdds.server.OzoneProtocolMessageDispatcher.processRequest(OzoneProtocolMessageDispatcher.java:87) [hdds-server-framework-1.3.0-SNAPSHOT.jar:?]
	at org.apache.hadoop.ozone.protocolPB.OzoneManagerProtocolServerSideTranslatorPB.submitRequest(OzoneManagerProtocolServerSideTranslatorPB.java:147) [ozone-manager-1.3.0-SNAPSHOT.jar:?]
	at org.apache.hadoop.ozone.protocol.proto.OzoneManagerProtocolProtos$OzoneManagerService$2.callBlockingMethod(OzoneManagerProtocolProtos.java) [ozone-interface-client-1.3.0-SNAPSHOT.jar:?]
	at org.apache.hadoop.ipc.ProtobufRpcEngine$Server.processCall(ProtobufRpcEngine.java:466) [hadoop-common-3.3.1.jar:?]
	at org.apache.hadoop.ipc.ProtobufRpcEngine2$Server$ProtoBufRpcInvoker.call(ProtobufRpcEngine2.java:574) [hadoop-common-3.3.1.jar:?]
	at org.apache.hadoop.ipc.ProtobufRpcEngine2$Server$ProtoBufRpcInvoker.call(ProtobufRpcEngine2.java:552) [hadoop-common-3.3.1.jar:?]
	at org.apache.hadoop.ipc.RPC$Server.call(RPC.java:1093) [hadoop-common-3.3.1.jar:?]
	at org.apache.hadoop.ipc.Server$RpcCall.run(Server.java:1035) [hadoop-common-3.3.1.jar:?]
	at org.apache.hadoop.ipc.Server$RpcCall.run(Server.java:963) [hadoop-common-3.3.1.jar:?]
	at java.security.AccessController.doPrivileged(Native Method) ~[?:1.8.0_332]
	at javax.security.auth.Subject.doAs(Subject.java:422) [?:1.8.0_332]
	at org.apache.hadoop.security.UserGroupInformation.doAs(UserGroupInformation.java:1878) [hadoop-common-3.3.1.jar:?]
	at org.apache.hadoop.ipc.Server$Handler.run(Server.java:2966) [hadoop-common-3.3.1.jar:?]
]]></system-out>
  </testcase>
  <testcase name="testRenameFileToDir" classname="TestOzoneFileSystem" time="0.031">
    <system-out><![CDATA[13:06:29.467 [IPC Server handler 12 on default port 45241] ERROR OMAudit - user=runner | ip=127.0.0.1 | op=LIST_STATUS {volume=volume87664, bucket=bucket74908, key=a/b/c/file1, dataSize=0, replicationConfig=null} | ret=FAILURE
org.apache.hadoop.ozone.om.exceptions.OMException: Unable to get file status: volume: volume87664 bucket: bucket74908 key: a/b/c/file1
	at org.apache.hadoop.ozone.om.KeyManagerImpl.getOzoneFileStatus(KeyManagerImpl.java:1283) ~[ozone-manager-1.3.0-SNAPSHOT.jar:?]
	at org.apache.hadoop.ozone.om.KeyManagerImpl.getFileStatus(KeyManagerImpl.java:1213) ~[ozone-manager-1.3.0-SNAPSHOT.jar:?]
	at org.apache.hadoop.ozone.om.KeyManagerImpl.listStatus(KeyManagerImpl.java:1537) ~[ozone-manager-1.3.0-SNAPSHOT.jar:?]
	at org.apache.hadoop.ozone.om.OzoneManager.listStatus(OzoneManager.java:3497) ~[ozone-manager-1.3.0-SNAPSHOT.jar:?]
	at org.apache.hadoop.ozone.protocolPB.OzoneManagerRequestHandler.listStatus(OzoneManagerRequestHandler.java:1028) ~[ozone-manager-1.3.0-SNAPSHOT.jar:?]
	at org.apache.hadoop.ozone.protocolPB.OzoneManagerRequestHandler.handleReadRequest(OzoneManagerRequestHandler.java:228) ~[ozone-manager-1.3.0-SNAPSHOT.jar:?]
	at org.apache.hadoop.ozone.protocolPB.OzoneManagerProtocolServerSideTranslatorPB.submitRequestDirectlyToOM(OzoneManagerProtocolServerSideTranslatorPB.java:284) ~[ozone-manager-1.3.0-SNAPSHOT.jar:?]
	at org.apache.hadoop.ozone.protocolPB.OzoneManagerProtocolServerSideTranslatorPB.processRequest(OzoneManagerProtocolServerSideTranslatorPB.java:207) ~[ozone-manager-1.3.0-SNAPSHOT.jar:?]
	at org.apache.hadoop.hdds.server.OzoneProtocolMessageDispatcher.processRequest(OzoneProtocolMessageDispatcher.java:87) [hdds-server-framework-1.3.0-SNAPSHOT.jar:?]
	at org.apache.hadoop.ozone.protocolPB.OzoneManagerProtocolServerSideTranslatorPB.submitRequest(OzoneManagerProtocolServerSideTranslatorPB.java:147) [ozone-manager-1.3.0-SNAPSHOT.jar:?]
	at org.apache.hadoop.ozone.protocol.proto.OzoneManagerProtocolProtos$OzoneManagerService$2.callBlockingMethod(OzoneManagerProtocolProtos.java) [ozone-interface-client-1.3.0-SNAPSHOT.jar:?]
	at org.apache.hadoop.ipc.ProtobufRpcEngine$Server.processCall(ProtobufRpcEngine.java:466) [hadoop-common-3.3.1.jar:?]
	at org.apache.hadoop.ipc.ProtobufRpcEngine2$Server$ProtoBufRpcInvoker.call(ProtobufRpcEngine2.java:574) [hadoop-common-3.3.1.jar:?]
	at org.apache.hadoop.ipc.ProtobufRpcEngine2$Server$ProtoBufRpcInvoker.call(ProtobufRpcEngine2.java:552) [hadoop-common-3.3.1.jar:?]
	at org.apache.hadoop.ipc.RPC$Server.call(RPC.java:1093) [hadoop-common-3.3.1.jar:?]
	at org.apache.hadoop.ipc.Server$RpcCall.run(Server.java:1035) [hadoop-common-3.3.1.jar:?]
	at org.apache.hadoop.ipc.Server$RpcCall.run(Server.java:963) [hadoop-common-3.3.1.jar:?]
	at java.security.AccessController.doPrivileged(Native Method) ~[?:1.8.0_332]
	at javax.security.auth.Subject.doAs(Subject.java:422) [?:1.8.0_332]
	at org.apache.hadoop.security.UserGroupInformation.doAs(UserGroupInformation.java:1878) [hadoop-common-3.3.1.jar:?]
	at org.apache.hadoop.ipc.Server$Handler.run(Server.java:2966) [hadoop-common-3.3.1.jar:?]
13:06:29.471 [IPC Server handler 7 on default port 45241] ERROR OMAudit - user=runner | ip=127.0.0.1 | op=GET_FILE_STATUS {volume=volume87664, bucket=bucket74908, key=.Trash, dataSize=0, replicationConfig=null} | ret=FAILURE
org.apache.hadoop.ozone.om.exceptions.OMException: Unable to get file status: volume: volume87664 bucket: bucket74908 key: .Trash
	at org.apache.hadoop.ozone.om.KeyManagerImpl.getOzoneFileStatus(KeyManagerImpl.java:1283) ~[ozone-manager-1.3.0-SNAPSHOT.jar:?]
	at org.apache.hadoop.ozone.om.KeyManagerImpl.getFileStatus(KeyManagerImpl.java:1213) ~[ozone-manager-1.3.0-SNAPSHOT.jar:?]
	at org.apache.hadoop.ozone.om.OzoneManager.getFileStatus(OzoneManager.java:3419) ~[ozone-manager-1.3.0-SNAPSHOT.jar:?]
	at org.apache.hadoop.ozone.protocolPB.OzoneManagerRequestHandler.getOzoneFileStatus(OzoneManagerRequestHandler.java:871) ~[ozone-manager-1.3.0-SNAPSHOT.jar:?]
	at org.apache.hadoop.ozone.protocolPB.OzoneManagerRequestHandler.handleReadRequest(OzoneManagerRequestHandler.java:217) ~[ozone-manager-1.3.0-SNAPSHOT.jar:?]
	at org.apache.hadoop.ozone.protocolPB.OzoneManagerProtocolServerSideTranslatorPB.submitRequestDirectlyToOM(OzoneManagerProtocolServerSideTranslatorPB.java:284) ~[ozone-manager-1.3.0-SNAPSHOT.jar:?]
	at org.apache.hadoop.ozone.protocolPB.OzoneManagerProtocolServerSideTranslatorPB.processRequest(OzoneManagerProtocolServerSideTranslatorPB.java:207) ~[ozone-manager-1.3.0-SNAPSHOT.jar:?]
	at org.apache.hadoop.hdds.server.OzoneProtocolMessageDispatcher.processRequest(OzoneProtocolMessageDispatcher.java:87) [hdds-server-framework-1.3.0-SNAPSHOT.jar:?]
	at org.apache.hadoop.ozone.protocolPB.OzoneManagerProtocolServerSideTranslatorPB.submitRequest(OzoneManagerProtocolServerSideTranslatorPB.java:147) [ozone-manager-1.3.0-SNAPSHOT.jar:?]
	at org.apache.hadoop.ozone.protocol.proto.OzoneManagerProtocolProtos$OzoneManagerService$2.callBlockingMethod(OzoneManagerProtocolProtos.java) [ozone-interface-client-1.3.0-SNAPSHOT.jar:?]
	at org.apache.hadoop.ipc.ProtobufRpcEngine$Server.processCall(ProtobufRpcEngine.java:466) [hadoop-common-3.3.1.jar:?]
	at org.apache.hadoop.ipc.ProtobufRpcEngine2$Server$ProtoBufRpcInvoker.call(ProtobufRpcEngine2.java:574) [hadoop-common-3.3.1.jar:?]
	at org.apache.hadoop.ipc.ProtobufRpcEngine2$Server$ProtoBufRpcInvoker.call(ProtobufRpcEngine2.java:552) [hadoop-common-3.3.1.jar:?]
	at org.apache.hadoop.ipc.RPC$Server.call(RPC.java:1093) [hadoop-common-3.3.1.jar:?]
	at org.apache.hadoop.ipc.Server$RpcCall.run(Server.java:1035) [hadoop-common-3.3.1.jar:?]
	at org.apache.hadoop.ipc.Server$RpcCall.run(Server.java:963) [hadoop-common-3.3.1.jar:?]
	at java.security.AccessController.doPrivileged(Native Method) ~[?:1.8.0_332]
	at javax.security.auth.Subject.doAs(Subject.java:422) [?:1.8.0_332]
	at org.apache.hadoop.security.UserGroupInformation.doAs(UserGroupInformation.java:1878) [hadoop-common-3.3.1.jar:?]
	at org.apache.hadoop.ipc.Server$Handler.run(Server.java:2966) [hadoop-common-3.3.1.jar:?]
2022-06-19 13:06:29,471 [Time-limited test] WARN  ozone.BasicOzoneFileSystem (BasicOzoneFileSystem.java:delete(532)) - delete: Path does not exist: o3fs://bucket74908.volume87664/.Trash
]]></system-out>
  </testcase>
  <testcase name="testRenameFileToDir" classname="TestOzoneFileSystem" time="0.042">
    <system-out><![CDATA[13:07:58.159 [IPC Server handler 19 on default port 41441] ERROR OMAudit - user=runner | ip=127.0.0.1 | op=LIST_STATUS {volume=volume07034, bucket=bucket87468, key=a/b/c/file1, dataSize=0, replicationConfig=null} | ret=FAILURE
org.apache.hadoop.ozone.om.exceptions.OMException: Unable to get file status: volume: volume07034 bucket: bucket87468 key: a/b/c/file1
	at org.apache.hadoop.ozone.om.KeyManagerImpl.getOzoneFileStatus(KeyManagerImpl.java:1283) ~[ozone-manager-1.3.0-SNAPSHOT.jar:?]
	at org.apache.hadoop.ozone.om.KeyManagerImpl.getFileStatus(KeyManagerImpl.java:1213) ~[ozone-manager-1.3.0-SNAPSHOT.jar:?]
	at org.apache.hadoop.ozone.om.KeyManagerImpl.listStatus(KeyManagerImpl.java:1537) ~[ozone-manager-1.3.0-SNAPSHOT.jar:?]
	at org.apache.hadoop.ozone.om.OzoneManager.listStatus(OzoneManager.java:3497) ~[ozone-manager-1.3.0-SNAPSHOT.jar:?]
	at org.apache.hadoop.ozone.protocolPB.OzoneManagerRequestHandler.listStatus(OzoneManagerRequestHandler.java:1028) ~[ozone-manager-1.3.0-SNAPSHOT.jar:?]
	at org.apache.hadoop.ozone.protocolPB.OzoneManagerRequestHandler.handleReadRequest(OzoneManagerRequestHandler.java:228) ~[ozone-manager-1.3.0-SNAPSHOT.jar:?]
	at org.apache.hadoop.ozone.protocolPB.OzoneManagerProtocolServerSideTranslatorPB.submitReadRequestToOM(OzoneManagerProtocolServerSideTranslatorPB.java:225) ~[ozone-manager-1.3.0-SNAPSHOT.jar:?]
	at org.apache.hadoop.ozone.protocolPB.OzoneManagerProtocolServerSideTranslatorPB.processRequest(OzoneManagerProtocolServerSideTranslatorPB.java:175) ~[ozone-manager-1.3.0-SNAPSHOT.jar:?]
	at org.apache.hadoop.hdds.server.OzoneProtocolMessageDispatcher.processRequest(OzoneProtocolMessageDispatcher.java:87) [hdds-server-framework-1.3.0-SNAPSHOT.jar:?]
	at org.apache.hadoop.ozone.protocolPB.OzoneManagerProtocolServerSideTranslatorPB.submitRequest(OzoneManagerProtocolServerSideTranslatorPB.java:147) [ozone-manager-1.3.0-SNAPSHOT.jar:?]
	at org.apache.hadoop.ozone.protocol.proto.OzoneManagerProtocolProtos$OzoneManagerService$2.callBlockingMethod(OzoneManagerProtocolProtos.java) [ozone-interface-client-1.3.0-SNAPSHOT.jar:?]
	at org.apache.hadoop.ipc.ProtobufRpcEngine$Server.processCall(ProtobufRpcEngine.java:466) [hadoop-common-3.3.1.jar:?]
	at org.apache.hadoop.ipc.ProtobufRpcEngine2$Server$ProtoBufRpcInvoker.call(ProtobufRpcEngine2.java:574) [hadoop-common-3.3.1.jar:?]
	at org.apache.hadoop.ipc.ProtobufRpcEngine2$Server$ProtoBufRpcInvoker.call(ProtobufRpcEngine2.java:552) [hadoop-common-3.3.1.jar:?]
	at org.apache.hadoop.ipc.RPC$Server.call(RPC.java:1093) [hadoop-common-3.3.1.jar:?]
	at org.apache.hadoop.ipc.Server$RpcCall.run(Server.java:1035) [hadoop-common-3.3.1.jar:?]
	at org.apache.hadoop.ipc.Server$RpcCall.run(Server.java:963) [hadoop-common-3.3.1.jar:?]
	at java.security.AccessController.doPrivileged(Native Method) ~[?:1.8.0_332]
	at javax.security.auth.Subject.doAs(Subject.java:422) [?:1.8.0_332]
	at org.apache.hadoop.security.UserGroupInformation.doAs(UserGroupInformation.java:1878) [hadoop-common-3.3.1.jar:?]
	at org.apache.hadoop.ipc.Server$Handler.run(Server.java:2966) [hadoop-common-3.3.1.jar:?]
]]></system-out>
  </testcase>
  <testcase name="testRenameFileToDir" classname="TestOzoneFileSystem" time="0.064">
    <system-out><![CDATA[13:09:12.948 [IPC Server handler 17 on default port 38405] ERROR OMAudit - user=runner | ip=127.0.0.1 | op=LIST_STATUS {volume=volume84440, bucket=bucket08814, key=a/b/c/file1, dataSize=0, replicationConfig=null} | ret=FAILURE
org.apache.hadoop.ozone.om.exceptions.OMException: Unable to get file status: volume: volume84440 bucket: bucket08814 key: a/b/c/file1
	at org.apache.hadoop.ozone.om.KeyManagerImpl.getOzoneFileStatus(KeyManagerImpl.java:1283) ~[ozone-manager-1.3.0-SNAPSHOT.jar:?]
	at org.apache.hadoop.ozone.om.KeyManagerImpl.getFileStatus(KeyManagerImpl.java:1213) ~[ozone-manager-1.3.0-SNAPSHOT.jar:?]
	at org.apache.hadoop.ozone.om.KeyManagerImpl.listStatus(KeyManagerImpl.java:1537) ~[ozone-manager-1.3.0-SNAPSHOT.jar:?]
	at org.apache.hadoop.ozone.om.OzoneManager.listStatus(OzoneManager.java:3497) ~[ozone-manager-1.3.0-SNAPSHOT.jar:?]
	at org.apache.hadoop.ozone.protocolPB.OzoneManagerRequestHandler.listStatus(OzoneManagerRequestHandler.java:1028) ~[ozone-manager-1.3.0-SNAPSHOT.jar:?]
	at org.apache.hadoop.ozone.protocolPB.OzoneManagerRequestHandler.handleReadRequest(OzoneManagerRequestHandler.java:228) ~[ozone-manager-1.3.0-SNAPSHOT.jar:?]
	at org.apache.hadoop.ozone.protocolPB.OzoneManagerProtocolServerSideTranslatorPB.submitRequestDirectlyToOM(OzoneManagerProtocolServerSideTranslatorPB.java:284) ~[ozone-manager-1.3.0-SNAPSHOT.jar:?]
	at org.apache.hadoop.ozone.protocolPB.OzoneManagerProtocolServerSideTranslatorPB.processRequest(OzoneManagerProtocolServerSideTranslatorPB.java:207) ~[ozone-manager-1.3.0-SNAPSHOT.jar:?]
	at org.apache.hadoop.hdds.server.OzoneProtocolMessageDispatcher.processRequest(OzoneProtocolMessageDispatcher.java:87) [hdds-server-framework-1.3.0-SNAPSHOT.jar:?]
	at org.apache.hadoop.ozone.protocolPB.OzoneManagerProtocolServerSideTranslatorPB.submitRequest(OzoneManagerProtocolServerSideTranslatorPB.java:147) [ozone-manager-1.3.0-SNAPSHOT.jar:?]
	at org.apache.hadoop.ozone.protocol.proto.OzoneManagerProtocolProtos$OzoneManagerService$2.callBlockingMethod(OzoneManagerProtocolProtos.java) [ozone-interface-client-1.3.0-SNAPSHOT.jar:?]
	at org.apache.hadoop.ipc.ProtobufRpcEngine$Server.processCall(ProtobufRpcEngine.java:466) [hadoop-common-3.3.1.jar:?]
	at org.apache.hadoop.ipc.ProtobufRpcEngine2$Server$ProtoBufRpcInvoker.call(ProtobufRpcEngine2.java:574) [hadoop-common-3.3.1.jar:?]
	at org.apache.hadoop.ipc.ProtobufRpcEngine2$Server$ProtoBufRpcInvoker.call(ProtobufRpcEngine2.java:552) [hadoop-common-3.3.1.jar:?]
	at org.apache.hadoop.ipc.RPC$Server.call(RPC.java:1093) [hadoop-common-3.3.1.jar:?]
	at org.apache.hadoop.ipc.Server$RpcCall.run(Server.java:1035) [hadoop-common-3.3.1.jar:?]
	at org.apache.hadoop.ipc.Server$RpcCall.run(Server.java:963) [hadoop-common-3.3.1.jar:?]
	at java.security.AccessController.doPrivileged(Native Method) ~[?:1.8.0_332]
	at javax.security.auth.Subject.doAs(Subject.java:422) [?:1.8.0_332]
	at org.apache.hadoop.security.UserGroupInformation.doAs(UserGroupInformation.java:1878) [hadoop-common-3.3.1.jar:?]
	at org.apache.hadoop.ipc.Server$Handler.run(Server.java:2966) [hadoop-common-3.3.1.jar:?]
]]></system-out>
  </testcase>
  <testcase name="testMakeDirsWithAnExistingDirectoryPath" classname="TestOzoneFileSystem" time="0.014"/>
  <testcase name="testMakeDirsWithAnExistingDirectoryPath" classname="TestOzoneFileSystem" time="0.027">
    <system-out><![CDATA[13:06:29.500 [IPC Server handler 16 on default port 45241] ERROR OMAudit - user=runner | ip=127.0.0.1 | op=GET_FILE_STATUS {volume=volume87664, bucket=bucket74908, key=.Trash, dataSize=0, replicationConfig=null} | ret=FAILURE
org.apache.hadoop.ozone.om.exceptions.OMException: Unable to get file status: volume: volume87664 bucket: bucket74908 key: .Trash
	at org.apache.hadoop.ozone.om.KeyManagerImpl.getOzoneFileStatus(KeyManagerImpl.java:1283) ~[ozone-manager-1.3.0-SNAPSHOT.jar:?]
	at org.apache.hadoop.ozone.om.KeyManagerImpl.getFileStatus(KeyManagerImpl.java:1213) ~[ozone-manager-1.3.0-SNAPSHOT.jar:?]
	at org.apache.hadoop.ozone.om.OzoneManager.getFileStatus(OzoneManager.java:3419) ~[ozone-manager-1.3.0-SNAPSHOT.jar:?]
	at org.apache.hadoop.ozone.protocolPB.OzoneManagerRequestHandler.getOzoneFileStatus(OzoneManagerRequestHandler.java:871) ~[ozone-manager-1.3.0-SNAPSHOT.jar:?]
	at org.apache.hadoop.ozone.protocolPB.OzoneManagerRequestHandler.handleReadRequest(OzoneManagerRequestHandler.java:217) ~[ozone-manager-1.3.0-SNAPSHOT.jar:?]
	at org.apache.hadoop.ozone.protocolPB.OzoneManagerProtocolServerSideTranslatorPB.submitRequestDirectlyToOM(OzoneManagerProtocolServerSideTranslatorPB.java:284) ~[ozone-manager-1.3.0-SNAPSHOT.jar:?]
	at org.apache.hadoop.ozone.protocolPB.OzoneManagerProtocolServerSideTranslatorPB.processRequest(OzoneManagerProtocolServerSideTranslatorPB.java:207) ~[ozone-manager-1.3.0-SNAPSHOT.jar:?]
	at org.apache.hadoop.hdds.server.OzoneProtocolMessageDispatcher.processRequest(OzoneProtocolMessageDispatcher.java:87) [hdds-server-framework-1.3.0-SNAPSHOT.jar:?]
	at org.apache.hadoop.ozone.protocolPB.OzoneManagerProtocolServerSideTranslatorPB.submitRequest(OzoneManagerProtocolServerSideTranslatorPB.java:147) [ozone-manager-1.3.0-SNAPSHOT.jar:?]
	at org.apache.hadoop.ozone.protocol.proto.OzoneManagerProtocolProtos$OzoneManagerService$2.callBlockingMethod(OzoneManagerProtocolProtos.java) [ozone-interface-client-1.3.0-SNAPSHOT.jar:?]
	at org.apache.hadoop.ipc.ProtobufRpcEngine$Server.processCall(ProtobufRpcEngine.java:466) [hadoop-common-3.3.1.jar:?]
	at org.apache.hadoop.ipc.ProtobufRpcEngine2$Server$ProtoBufRpcInvoker.call(ProtobufRpcEngine2.java:574) [hadoop-common-3.3.1.jar:?]
	at org.apache.hadoop.ipc.ProtobufRpcEngine2$Server$ProtoBufRpcInvoker.call(ProtobufRpcEngine2.java:552) [hadoop-common-3.3.1.jar:?]
	at org.apache.hadoop.ipc.RPC$Server.call(RPC.java:1093) [hadoop-common-3.3.1.jar:?]
	at org.apache.hadoop.ipc.Server$RpcCall.run(Server.java:1035) [hadoop-common-3.3.1.jar:?]
	at org.apache.hadoop.ipc.Server$RpcCall.run(Server.java:963) [hadoop-common-3.3.1.jar:?]
	at java.security.AccessController.doPrivileged(Native Method) ~[?:1.8.0_332]
	at javax.security.auth.Subject.doAs(Subject.java:422) [?:1.8.0_332]
	at org.apache.hadoop.security.UserGroupInformation.doAs(UserGroupInformation.java:1878) [hadoop-common-3.3.1.jar:?]
	at org.apache.hadoop.ipc.Server$Handler.run(Server.java:2966) [hadoop-common-3.3.1.jar:?]
2022-06-19 13:06:29,501 [Time-limited test] WARN  ozone.BasicOzoneFileSystem (BasicOzoneFileSystem.java:delete(532)) - delete: Path does not exist: o3fs://bucket74908.volume87664/.Trash
]]></system-out>
  </testcase>
  <testcase name="testMakeDirsWithAnExistingDirectoryPath" classname="TestOzoneFileSystem" time="0.05"/>
  <testcase name="testMakeDirsWithAnExistingDirectoryPath" classname="TestOzoneFileSystem" time="0.018"/>
</testsuite>