<?xml version="1.0" encoding="UTF-8"?>
<testsuite xmlns:xsi="http://www.w3.org/2001/XMLSchema-instance" xsi:noNamespaceSchemaLocation="https://maven.apache.org/surefire/maven-surefire-plugin/xsd/surefire-test-report-3.0.xsd" version="3.0" name="org.apache.hadoop.ozone.parser.TestOzoneHARatisLogParser" time="59.758" tests="1" errors="1" skipped="0" failures="0">
  <properties>
    <property name="awt.toolkit" value="sun.awt.X11.XToolkit"/>
    <property name="file.encoding.pkg" value="sun.io"/>
    <property name="java.specification.version" value="1.8"/>
    <property name="sun.cpu.isalist" value=""/>
    <property name="sun.jnu.encoding" value="UTF-8"/>
    <property name="java.class.path" value="/home/runner/work/ozone/ozone/hadoop-ozone/integration-test/target/test-classes:/home/runner/work/ozone/ozone/hadoop-ozone/integration-test/target/classes:/home/runner/.m2/repository/org/apache/ozone/ozone-common/1.3.0-SNAPSHOT/ozone-common-1.3.0-SNAPSHOT.jar:/home/runner/.m2/repository/io/grpc/grpc-netty/1.48.1/grpc-netty-1.48.1.jar:/home/runner/.m2/repository/io/grpc/grpc-core/1.48.1/grpc-core-1.48.1.jar:/home/runner/.m2/repository/com/google/android/annotations/4.1.1.4/annotations-4.1.1.4.jar:/home/runner/.m2/repository/org/codehaus/mojo/animal-sniffer-annotations/1.21/animal-sniffer-annotations-1.21.jar:/home/runner/.m2/repository/com/google/errorprone/error_prone_annotations/2.2.0/error_prone_annotations-2.2.0.jar:/home/runner/.m2/repository/io/perfmark/perfmark-api/0.25.0/perfmark-api-0.25.0.jar:/home/runner/.m2/repository/io/netty/netty-codec-http2/4.1.79.Final/netty-codec-http2-4.1.79.Final.jar:/home/runner/.m2/repository/io/netty/netty-common/4.1.79.Final/netty-common-4.1.79.Final.jar:/home/runner/.m2/repository/io/netty/netty-buffer/4.1.79.Final/netty-buffer-4.1.79.Final.jar:/home/runner/.m2/repository/io/netty/netty-codec-http/4.1.79.Final/netty-codec-http-4.1.79.Final.jar:/home/runner/.m2/repository/io/netty/netty-handler-proxy/4.1.79.Final/netty-handler-proxy-4.1.79.Final.jar:/home/runner/.m2/repository/io/netty/netty-codec-socks/4.1.79.Final/netty-codec-socks-4.1.79.Final.jar:/home/runner/.m2/repository/io/netty/netty-tcnative-boringssl-static/2.0.53.Final/netty-tcnative-boringssl-static-2.0.53.Final.jar:/home/runner/.m2/repository/io/netty/netty-tcnative-classes/2.0.53.Final/netty-tcnative-classes-2.0.53.Final.jar:/home/runner/.m2/repository/io/netty/netty-tcnative-boringssl-static/2.0.53.Final/netty-tcnative-boringssl-static-2.0.53.Final-linux-x86_64.jar:/home/runner/.m2/repository/io/netty/netty-tcnative-boringssl-static/2.0.53.Final/netty-tcnative-boringssl-static-2.0.53.Final-linux-aarch_64.jar:/home/runner/.m2/repository/io/netty/netty-tcnative-boringssl-static/2.0.53.Final/netty-tcnative-boringssl-static-2.0.53.Final-osx-x86_64.jar:/home/runner/.m2/repository/io/netty/netty-tcnative-boringssl-static/2.0.53.Final/netty-tcnative-boringssl-static-2.0.53.Final-osx-aarch_64.jar:/home/runner/.m2/repository/io/netty/netty-tcnative-boringssl-static/2.0.53.Final/netty-tcnative-boringssl-static-2.0.53.Final-windows-x86_64.jar:/home/runner/.m2/repository/org/apache/commons/commons-compress/1.21/commons-compress-1.21.jar:/home/runner/.m2/repository/org/apache/ozone/hdds-common/1.3.0-SNAPSHOT/hdds-common-1.3.0-SNAPSHOT.jar:/home/runner/.m2/repository/org/apache/ozone/hdds-client/1.3.0-SNAPSHOT/hdds-client-1.3.0-SNAPSHOT.jar:/home/runner/.m2/repository/org/apache/ozone/ozone-interface-client/1.3.0-SNAPSHOT/ozone-interface-client-1.3.0-SNAPSHOT.jar:/home/runner/.m2/repository/org/apache/ozone/hdds-test-utils/1.3.0-SNAPSHOT/hdds-test-utils-1.3.0-SNAPSHOT.jar:/home/runner/.m2/repository/com/google/guava/guava/31.1-jre/guava-31.1-jre.jar:/home/runner/.m2/repository/com/google/guava/failureaccess/1.0.1/failureaccess-1.0.1.jar:/home/runner/.m2/repository/com/google/guava/listenablefuture/9999.0-empty-to-avoid-conflict-with-guava/listenablefuture-9999.0-empty-to-avoid-conflict-with-guava.jar:/home/runner/.m2/repository/com/google/code/findbugs/jsr305/3.0.0/jsr305-3.0.0.jar:/home/runner/.m2/repository/org/checkerframework/checker-qual/3.12.0/checker-qual-3.12.0.jar:/home/runner/.m2/repository/com/google/j2objc/j2objc-annotations/1.3/j2objc-annotations-1.3.jar:/home/runner/.m2/repository/commons-io/commons-io/2.11.0/commons-io-2.11.0.jar:/home/runner/.m2/repository/commons-logging/commons-logging/1.2/commons-logging-1.2.jar:/home/runner/.m2/repository/ch/qos/reload4j/reload4j/1.2.22/reload4j-1.2.22.jar:/home/runner/.m2/repository/org/slf4j/slf4j-api/1.7.36/slf4j-api-1.7.36.jar:/home/runner/.m2/repository/org/apache/ozone/hdds-server-scm/1.3.0-SNAPSHOT/hdds-server-scm-1.3.0-SNAPSHOT.jar:/home/runner/.m2/repository/org/apache/ozone/hdds-container-service/1.3.0-SNAPSHOT/hdds-container-service-1.3.0-SNAPSHOT.jar:/home/runner/.m2/repository/org/apache/ozone/hdds-hadoop-dependency-server/1.3.0-SNAPSHOT/hdds-hadoop-dependency-server-1.3.0-SNAPSHOT.jar:/home/runner/.m2/repository/org/apache/hadoop/hadoop-hdfs/3.3.4/hadoop-hdfs-3.3.4.jar:/home/runner/.m2/repository/org/eclipse/jetty/jetty-util-ajax/9.4.43.v20210629/jetty-util-ajax-9.4.43.v20210629.jar:/home/runner/.m2/repository/commons-daemon/commons-daemon/1.0.13/commons-daemon-1.0.13.jar:/home/runner/.m2/repository/org/apache/ozone/hdds-server-framework/1.3.0-SNAPSHOT/hdds-server-framework-1.3.0-SNAPSHOT.jar:/home/runner/.m2/repository/org/apache/ozone/hdds-interface-server/1.3.0-SNAPSHOT/hdds-interface-server-1.3.0-SNAPSHOT.jar:/home/runner/.m2/repository/org/apache/logging/log4j/log4j-core/2.17.1/log4j-core-2.17.1.jar:/home/runner/.m2/repository/com/lmax/disruptor/3.4.2/disruptor-3.4.2.jar:/home/runner/.m2/repository/org/eclipse/jetty/jetty-servlet/9.4.43.v20210629/jetty-servlet-9.4.43.v20210629.jar:/home/runner/.m2/repository/org/eclipse/jetty/jetty-security/9.4.43.v20210629/jetty-security-9.4.43.v20210629.jar:/home/runner/.m2/repository/org/rocksdb/rocksdbjni/7.4.5/rocksdbjni-7.4.5.jar:/home/runner/.m2/repository/io/prometheus/simpleclient_dropwizard/0.7.0/simpleclient_dropwizard-0.7.0.jar:/home/runner/.m2/repository/io/prometheus/simpleclient/0.7.0/simpleclient-0.7.0.jar:/home/runner/.m2/repository/io/prometheus/simpleclient_common/0.7.0/simpleclient_common-0.7.0.jar:/home/runner/.m2/repository/io/dropwizard/metrics/metrics-core/3.2.4/metrics-core-3.2.4.jar:/home/runner/.m2/repository/org/apache/hadoop/hadoop-hdfs-client/3.3.4/hadoop-hdfs-client-3.3.4.jar:/home/runner/.m2/repository/com/squareup/okhttp3/okhttp/4.9.3/okhttp-4.9.3.jar:/home/runner/.m2/repository/com/squareup/okio/okio/2.8.0/okio-2.8.0.jar:/home/runner/.m2/repository/org/jetbrains/kotlin/kotlin-stdlib-common/1.4.10/kotlin-stdlib-common-1.4.10.jar:/home/runner/.m2/repository/org/bouncycastle/bcprov-jdk15on/1.67/bcprov-jdk15on-1.67.jar:/home/runner/.m2/repository/com/google/protobuf/protobuf-java/2.5.0/protobuf-java-2.5.0.jar:/home/runner/.m2/repository/org/apache/ozone/ozone-manager/1.3.0-SNAPSHOT/ozone-manager-1.3.0-SNAPSHOT.jar:/home/runner/.m2/repository/org/aspectj/aspectjrt/1.9.7/aspectjrt-1.9.7.jar:/home/runner/.m2/repository/org/aspectj/aspectjweaver/1.9.7/aspectjweaver-1.9.7.jar:/home/runner/.m2/repository/org/apache/ozone/hdds-interface-client/1.3.0-SNAPSHOT/hdds-interface-client-1.3.0-SNAPSHOT.jar:/home/runner/.m2/repository/org/apache/hadoop/thirdparty/hadoop-shaded-protobuf_3_7/1.1.1/hadoop-shaded-protobuf_3_7-1.1.1.jar:/home/runner/.m2/repository/org/apache/ozone/ozone-interface-storage/1.3.0-SNAPSHOT/ozone-interface-storage-1.3.0-SNAPSHOT.jar:/home/runner/.m2/repository/org/reflections/reflections/0.9.11/reflections-0.9.11.jar:/home/runner/.m2/repository/com/sun/jersey/jersey-client/1.19/jersey-client-1.19.jar:/home/runner/.m2/repository/org/apache/ranger/ranger-intg/2.3.0/ranger-intg-2.3.0.jar:/home/runner/.m2/repository/org/apache/ranger/ranger-plugins-common/2.3.0/ranger-plugins-common-2.3.0.jar:/home/runner/.m2/repository/commons-lang/commons-lang/2.6/commons-lang-2.6.jar:/home/runner/.m2/repository/org/codehaus/jackson/jackson-jaxrs/1.9.13/jackson-jaxrs-1.9.13.jar:/home/runner/.m2/repository/org/apache/ranger/ranger-plugins-cred/2.3.0/ranger-plugins-cred-2.3.0.jar:/home/runner/.m2/repository/org/apache/ranger/ranger-plugins-audit/2.3.0/ranger-plugins-audit-2.3.0.jar:/home/runner/.m2/repository/org/eclipse/jetty/jetty-client/9.4.31.v20200723/jetty-client-9.4.31.v20200723.jar:/home/runner/.m2/repository/org/apache/httpcomponents/httpmime/4.5.6/httpmime-4.5.6.jar:/home/runner/.m2/repository/org/apache/httpcomponents/httpcore-nio/4.4.6/httpcore-nio-4.4.6.jar:/home/runner/.m2/repository/org/apache/httpcomponents/httpasyncclient/4.1.3/httpasyncclient-4.1.3.jar:/home/runner/.m2/repository/com/carrotsearch/hppc/0.8.0/hppc-0.8.0.jar:/home/runner/.m2/repository/org/apache/orc/orc-core/1.5.8/orc-core-1.5.8.jar:/home/runner/.m2/repository/net/java/dev/jna/jna/5.2.0/jna-5.2.0.jar:/home/runner/.m2/repository/net/java/dev/jna/jna-platform/5.2.0/jna-platform-5.2.0.jar:/home/runner/.m2/repository/com/kstruct/gethostname4j/0.0.2/gethostname4j-0.0.2.jar:/home/runner/.m2/repository/org/apache/ranger/ranger-plugin-classloader/2.3.0/ranger-plugin-classloader-2.3.0.jar:/home/runner/.m2/repository/org/apache/hadoop/hadoop-minikdc/3.3.4/hadoop-minikdc-3.3.4.jar:/home/runner/.m2/repository/org/apache/kerby/kerb-simplekdc/1.0.1/kerb-simplekdc-1.0.1.jar:/home/runner/.m2/repository/org/apache/kerby/kerb-client/1.0.1/kerb-client-1.0.1.jar:/home/runner/.m2/repository/org/apache/kerby/kerby-config/1.0.1/kerby-config-1.0.1.jar:/home/runner/.m2/repository/org/apache/kerby/kerb-common/1.0.1/kerb-common-1.0.1.jar:/home/runner/.m2/repository/org/apache/kerby/kerb-crypto/1.0.1/kerb-crypto-1.0.1.jar:/home/runner/.m2/repository/org/apache/kerby/kerb-util/1.0.1/kerb-util-1.0.1.jar:/home/runner/.m2/repository/org/apache/kerby/token-provider/1.0.1/token-provider-1.0.1.jar:/home/runner/.m2/repository/org/apache/kerby/kerb-admin/1.0.1/kerb-admin-1.0.1.jar:/home/runner/.m2/repository/org/apache/kerby/kerb-server/1.0.1/kerb-server-1.0.1.jar:/home/runner/.m2/repository/org/apache/kerby/kerb-identity/1.0.1/kerb-identity-1.0.1.jar:/home/runner/.m2/repository/org/apache/kerby/kerby-xdr/1.0.1/kerby-xdr-1.0.1.jar:/home/runner/.m2/repository/org/apache/ozone/ozone-s3gateway/1.3.0-SNAPSHOT/ozone-s3gateway-1.3.0-SNAPSHOT.jar:/home/runner/.m2/repository/org/javassist/javassist/3.21.0-GA/javassist-3.21.0-GA.jar:/home/runner/.m2/repository/org/jboss/weld/servlet/weld-servlet/2.4.7.Final/weld-servlet-2.4.7.Final.jar:/home/runner/.m2/repository/org/glassfish/jersey/containers/jersey-container-servlet-core/2.34/jersey-container-servlet-core-2.34.jar:/home/runner/.m2/repository/org/glassfish/hk2/external/jakarta.inject/2.6.1/jakarta.inject-2.6.1.jar:/home/runner/.m2/repository/org/glassfish/jersey/core/jersey-common/2.34/jersey-common-2.34.jar:/home/runner/.m2/repository/jakarta/ws/rs/jakarta.ws.rs-api/2.1.6/jakarta.ws.rs-api-2.1.6.jar:/home/runner/.m2/repository/org/glassfish/jersey/ext/cdi/jersey-cdi1x/2.34/jersey-cdi1x-2.34.jar:/home/runner/.m2/repository/org/glassfish/jersey/inject/jersey-hk2/2.34/jersey-hk2-2.34.jar:/home/runner/.m2/repository/org/glassfish/hk2/hk2-locator/2.6.1/hk2-locator-2.6.1.jar:/home/runner/.m2/repository/org/glassfish/jersey/media/jersey-media-jaxb/2.34/jersey-media-jaxb-2.34.jar:/home/runner/.m2/repository/org/glassfish/hk2/osgi-resource-locator/1.0.3/osgi-resource-locator-1.0.3.jar:/home/runner/.m2/repository/org/glassfish/hk2/hk2-api/2.5.0/hk2-api-2.5.0.jar:/home/runner/.m2/repository/org/glassfish/hk2/hk2-utils/2.5.0/hk2-utils-2.5.0.jar:/home/runner/.m2/repository/org/glassfish/hk2/external/aopalliance-repackaged/2.5.0/aopalliance-repackaged-2.5.0.jar:/home/runner/.m2/repository/com/fasterxml/jackson/dataformat/jackson-dataformat-xml/2.13.4/jackson-dataformat-xml-2.13.4.jar:/home/runner/.m2/repository/com/fasterxml/jackson/core/jackson-core/2.13.4/jackson-core-2.13.4.jar:/home/runner/.m2/repository/org/codehaus/woodstox/stax2-api/3.1.4/stax2-api-3.1.4.jar:/home/runner/.m2/repository/com/fasterxml/woodstox/woodstox-core/5.0.3/woodstox-core-5.0.3.jar:/home/runner/.m2/repository/com/fasterxml/jackson/module/jackson-module-jaxb-annotations/2.13.4/jackson-module-jaxb-annotations-2.13.4.jar:/home/runner/.m2/repository/jakarta/xml/bind/jakarta.xml.bind-api/2.3.3/jakarta.xml.bind-api-2.3.3.jar:/home/runner/.m2/repository/jakarta/activation/jakarta.activation-api/1.2.1/jakarta.activation-api-1.2.1.jar:/home/runner/.m2/repository/javax/enterprise/cdi-api/1.2/cdi-api-1.2.jar:/home/runner/.m2/repository/javax/el/javax.el-api/3.0.0/javax.el-api-3.0.0.jar:/home/runner/.m2/repository/javax/interceptor/javax.interceptor-api/1.2/javax.interceptor-api-1.2.jar:/home/runner/.m2/repository/javax/inject/javax.inject/1/javax.inject-1.jar:/home/runner/.m2/repository/javax/xml/bind/jaxb-api/2.3.0/jaxb-api-2.3.0.jar:/home/runner/.m2/repository/org/glassfish/jaxb/jaxb-runtime/2.3.0.1/jaxb-runtime-2.3.0.1.jar:/home/runner/.m2/repository/org/glassfish/jaxb/jaxb-core/2.3.0.1/jaxb-core-2.3.0.1.jar:/home/runner/.m2/repository/org/glassfish/jaxb/txw2/2.3.0.1/txw2-2.3.0.1.jar:/home/runner/.m2/repository/com/sun/istack/istack-commons-runtime/3.0.5/istack-commons-runtime-3.0.5.jar:/home/runner/.m2/repository/org/jvnet/staxex/stax-ex/1.7.8/stax-ex-1.7.8.jar:/home/runner/.m2/repository/com/sun/xml/fastinfoset/FastInfoset/1.2.13/FastInfoset-1.2.13.jar:/home/runner/.m2/repository/javax/activation/activation/1.1.1/activation-1.1.1.jar:/home/runner/.m2/repository/io/grpc/grpc-protobuf/1.48.1/grpc-protobuf-1.48.1.jar:/home/runner/.m2/repository/io/grpc/grpc-api/1.48.1/grpc-api-1.48.1.jar:/home/runner/.m2/repository/io/grpc/grpc-context/1.48.1/grpc-context-1.48.1.jar:/home/runner/.m2/repository/com/google/api/grpc/proto-google-common-protos/2.9.0/proto-google-common-protos-2.9.0.jar:/home/runner/.m2/repository/io/grpc/grpc-protobuf-lite/1.48.1/grpc-protobuf-lite-1.48.1.jar:/home/runner/.m2/repository/io/grpc/grpc-stub/1.48.1/grpc-stub-1.48.1.jar:/home/runner/.m2/repository/io/netty/netty-transport/4.1.79.Final/netty-transport-4.1.79.Final.jar:/home/runner/.m2/repository/io/netty/netty-resolver/4.1.79.Final/netty-resolver-4.1.79.Final.jar:/home/runner/.m2/repository/org/apache/ozone/ozone-csi/1.3.0-SNAPSHOT/ozone-csi-1.3.0-SNAPSHOT.jar:/home/runner/.m2/repository/com/google/protobuf/protobuf-java-util/3.19.2/protobuf-java-util-3.19.2.jar:/home/runner/.m2/repository/com/google/code/gson/gson/2.9.0/gson-2.9.0.jar:/home/runner/.m2/repository/org/apache/ozone/hdds-config/1.3.0-SNAPSHOT/hdds-config-1.3.0-SNAPSHOT.jar:/home/runner/.m2/repository/io/netty/netty-transport-native-epoll/4.1.79.Final/netty-transport-native-epoll-4.1.79.Final-linux-x86_64.jar:/home/runner/.m2/repository/io/netty/netty-transport-classes-epoll/4.1.79.Final/netty-transport-classes-epoll-4.1.79.Final.jar:/home/runner/.m2/repository/io/netty/netty-transport-native-unix-common/4.1.79.Final/netty-transport-native-unix-common-4.1.79.Final.jar:/home/runner/.m2/repository/org/slf4j/slf4j-reload4j/1.7.36/slf4j-reload4j-1.7.36.jar:/home/runner/.m2/repository/org/apache/ozone/ozone-recon/1.3.0-SNAPSHOT/ozone-recon-1.3.0-SNAPSHOT.jar:/home/runner/.m2/repository/org/apache/ozone/ozone-reconcodegen/1.3.0-SNAPSHOT/ozone-reconcodegen-1.3.0-SNAPSHOT.jar:/home/runner/.m2/repository/com/google/inject/extensions/guice-multibindings/4.0/guice-multibindings-4.0.jar:/home/runner/.m2/repository/com/google/inject/guice/4.0/guice-4.0.jar:/home/runner/.m2/repository/aopalliance/aopalliance/1.0/aopalliance-1.0.jar:/home/runner/.m2/repository/com/google/inject/extensions/guice-assistedinject/4.0/guice-assistedinject-4.0.jar:/home/runner/.m2/repository/com/google/inject/extensions/guice-servlet/4.0/guice-servlet-4.0.jar:/home/runner/.m2/repository/org/glassfish/jersey/containers/jersey-container-servlet/2.34/jersey-container-servlet-2.34.jar:/home/runner/.m2/repository/org/glassfish/hk2/guice-bridge/2.5.0/guice-bridge-2.5.0.jar:/home/runner/.m2/repository/org/glassfish/jersey/core/jersey-server/2.34/jersey-server-2.34.jar:/home/runner/.m2/repository/org/glassfish/jersey/core/jersey-client/2.34/jersey-client-2.34.jar:/home/runner/.m2/repository/jakarta/annotation/jakarta.annotation-api/1.3.5/jakarta.annotation-api-1.3.5.jar:/home/runner/.m2/repository/jakarta/validation/jakarta.validation-api/2.0.2/jakarta.validation-api-2.0.2.jar:/home/runner/.m2/repository/org/glassfish/jersey/media/jersey-media-json-jackson/2.34/jersey-media-json-jackson-2.34.jar:/home/runner/.m2/repository/org/glassfish/jersey/ext/jersey-entity-filtering/2.34/jersey-entity-filtering-2.34.jar:/home/runner/.m2/repository/org/jooq/jooq/3.11.10/jooq-3.11.10.jar:/home/runner/.m2/repository/org/jooq/jooq-meta/3.11.10/jooq-meta-3.11.10.jar:/home/runner/.m2/repository/org/jooq/jooq-codegen/3.11.10/jooq-codegen-3.11.10.jar:/home/runner/.m2/repository/com/jolbox/bonecp/0.8.0.RELEASE/bonecp-0.8.0.RELEASE.jar:/home/runner/.m2/repository/org/apache/derby/derby/10.14.2.0/derby-10.14.2.0.jar:/home/runner/.m2/repository/org/xerial/sqlite-jdbc/3.25.2/sqlite-jdbc-3.25.2.jar:/home/runner/.m2/repository/org/springframework/spring-jdbc/5.2.20.RELEASE/spring-jdbc-5.2.20.RELEASE.jar:/home/runner/.m2/repository/org/springframework/spring-beans/5.2.20.RELEASE/spring-beans-5.2.20.RELEASE.jar:/home/runner/.m2/repository/org/springframework/spring-core/5.2.20.RELEASE/spring-core-5.2.20.RELEASE.jar:/home/runner/.m2/repository/org/springframework/spring-jcl/5.2.20.RELEASE/spring-jcl-5.2.20.RELEASE.jar:/home/runner/.m2/repository/org/springframework/spring-tx/5.2.20.RELEASE/spring-tx-5.2.20.RELEASE.jar:/home/runner/.m2/repository/org/apache/ozone/ozone-client/1.3.0-SNAPSHOT/ozone-client-1.3.0-SNAPSHOT.jar:/home/runner/.m2/repository/org/apache/ozone/hdds-erasurecode/1.3.0-SNAPSHOT/hdds-erasurecode-1.3.0-SNAPSHOT.jar:/home/runner/.m2/repository/com/github/spotbugs/spotbugs-annotations/3.1.12/spotbugs-annotations-3.1.12.jar:/home/runner/.m2/repository/org/apache/ozone/ozone-filesystem/1.3.0-SNAPSHOT/ozone-filesystem-1.3.0-SNAPSHOT.jar:/home/runner/.m2/repository/org/apache/ozone/ozone-filesystem-common/1.3.0-SNAPSHOT/ozone-filesystem-common-1.3.0-SNAPSHOT.jar:/home/runner/.m2/repository/org/apache/ozone/ozone-tools/1.3.0-SNAPSHOT/ozone-tools-1.3.0-SNAPSHOT.jar:/home/runner/.m2/repository/org/apache/ratis/ratis-tools/2.3.0/ratis-tools-2.3.0.jar:/home/runner/.m2/repository/com/amazonaws/aws-java-sdk-core/1.12.261/aws-java-sdk-core-1.12.261.jar:/home/runner/.m2/repository/org/apache/httpcomponents/httpclient/4.5.13/httpclient-4.5.13.jar:/home/runner/.m2/repository/org/apache/httpcomponents/httpcore/4.4.13/httpcore-4.4.13.jar:/home/runner/.m2/repository/software/amazon/ion/ion-java/1.0.2/ion-java-1.0.2.jar:/home/runner/.m2/repository/com/fasterxml/jackson/dataformat/jackson-dataformat-cbor/2.13.4/jackson-dataformat-cbor-2.13.4.jar:/home/runner/.m2/repository/joda-time/joda-time/2.8.1/joda-time-2.8.1.jar:/home/runner/.m2/repository/com/amazonaws/aws-java-sdk-s3/1.12.261/aws-java-sdk-s3-1.12.261.jar:/home/runner/.m2/repository/com/amazonaws/aws-java-sdk-kms/1.12.261/aws-java-sdk-kms-1.12.261.jar:/home/runner/.m2/repository/com/amazonaws/jmespath-java/1.12.261/jmespath-java-1.12.261.jar:/home/runner/.m2/repository/org/kohsuke/metainf-services/metainf-services/1.8/metainf-services-1.8.jar:/home/runner/.m2/repository/org/apache/ozone/hdds-tools/1.3.0-SNAPSHOT/hdds-tools-1.3.0-SNAPSHOT.jar:/home/runner/.m2/repository/commons-cli/commons-cli/1.2/commons-cli-1.2.jar:/home/runner/.m2/repository/org/apache/commons/commons-lang3/3.7/commons-lang3-3.7.jar:/home/runner/.m2/repository/org/apache/ozone/ozone-manager/1.3.0-SNAPSHOT/ozone-manager-1.3.0-SNAPSHOT-tests.jar:/home/runner/.m2/repository/org/apache/ozone/hdds-common/1.3.0-SNAPSHOT/hdds-common-1.3.0-SNAPSHOT-tests.jar:/home/runner/.m2/repository/org/apache/ozone/hdds-hadoop-dependency-client/1.3.0-SNAPSHOT/hdds-hadoop-dependency-client-1.3.0-SNAPSHOT.jar:/home/runner/.m2/repository/info/picocli/picocli/4.6.1/picocli-4.6.1.jar:/home/runner/.m2/repository/com/fasterxml/jackson/core/jackson-annotations/2.13.4/jackson-annotations-2.13.4.jar:/home/runner/.m2/repository/com/fasterxml/jackson/datatype/jackson-datatype-jsr310/2.13.4/jackson-datatype-jsr310-2.13.4.jar:/home/runner/.m2/repository/org/apache/ozone/hdds-annotation-processing/1.3.0-SNAPSHOT/hdds-annotation-processing-1.3.0-SNAPSHOT.jar:/home/runner/.m2/repository/javax/annotation/javax.annotation-api/1.2/javax.annotation-api-1.2.jar:/home/runner/.m2/repository/org/apache/ratis/ratis-server/2.3.0/ratis-server-2.3.0.jar:/home/runner/.m2/repository/org/apache/ratis/ratis-client/2.3.0/ratis-client-2.3.0.jar:/home/runner/.m2/repository/org/apache/ratis/ratis-server-api/2.3.0/ratis-server-api-2.3.0.jar:/home/runner/.m2/repository/org/apache/ratis/ratis-metrics/2.3.0/ratis-metrics-2.3.0.jar:/home/runner/.m2/repository/org/apache/ratis/ratis-netty/2.3.0/ratis-netty-2.3.0.jar:/home/runner/.m2/repository/org/apache/ratis/ratis-grpc/2.3.0/ratis-grpc-2.3.0.jar:/home/runner/.m2/repository/org/apache/logging/log4j/log4j-api/2.17.1/log4j-api-2.17.1.jar:/home/runner/.m2/repository/org/apache/commons/commons-pool2/2.6.0/commons-pool2-2.6.0.jar:/home/runner/.m2/repository/org/bouncycastle/bcpkix-jdk15on/1.67/bcpkix-jdk15on-1.67.jar:/home/runner/.m2/repository/commons-validator/commons-validator/1.6/commons-validator-1.6.jar:/home/runner/.m2/repository/commons-beanutils/commons-beanutils/1.9.4/commons-beanutils-1.9.4.jar:/home/runner/.m2/repository/commons-digester/commons-digester/1.8.1/commons-digester-1.8.1.jar:/home/runner/.m2/repository/commons-collections/commons-collections/3.2.2/commons-collections-3.2.2.jar:/home/runner/.m2/repository/io/jaegertracing/jaeger-client/1.6.0/jaeger-client-1.6.0.jar:/home/runner/.m2/repository/io/jaegertracing/jaeger-thrift/1.6.0/jaeger-thrift-1.6.0.jar:/home/runner/.m2/repository/org/apache/thrift/libthrift/0.14.1/libthrift-0.14.1.jar:/home/runner/.m2/repository/io/jaegertracing/jaeger-core/1.6.0/jaeger-core-1.6.0.jar:/home/runner/.m2/repository/io/jaegertracing/jaeger-tracerresolver/1.6.0/jaeger-tracerresolver-1.6.0.jar:/home/runner/.m2/repository/io/opentracing/contrib/opentracing-tracerresolver/0.1.8/opentracing-tracerresolver-0.1.8.jar:/home/runner/.m2/repository/org/jetbrains/kotlin/kotlin-stdlib/1.6.21/kotlin-stdlib-1.6.21.jar:/home/runner/.m2/repository/org/jetbrains/annotations/13.0/annotations-13.0.jar:/home/runner/.m2/repository/io/opentracing/opentracing-util/0.33.0/opentracing-util-0.33.0.jar:/home/runner/.m2/repository/io/opentracing/opentracing-api/0.33.0/opentracing-api-0.33.0.jar:/home/runner/.m2/repository/io/opentracing/opentracing-noop/0.33.0/opentracing-noop-0.33.0.jar:/home/runner/.m2/repository/org/yaml/snakeyaml/1.32/snakeyaml-1.32.jar:/home/runner/.m2/repository/org/apache/ozone/hdds-interface-admin/1.3.0-SNAPSHOT/hdds-interface-admin-1.3.0-SNAPSHOT.jar:/home/runner/.m2/repository/junit/junit/4.13.1/junit-4.13.1.jar:/home/runner/.m2/repository/org/hamcrest/hamcrest-core/1.3/hamcrest-core-1.3.jar:/home/runner/.m2/repository/org/junit/jupiter/junit-jupiter-api/5.8.2/junit-jupiter-api-5.8.2.jar:/home/runner/.m2/repository/org/opentest4j/opentest4j/1.2.0/opentest4j-1.2.0.jar:/home/runner/.m2/repository/org/junit/platform/junit-platform-commons/1.8.2/junit-platform-commons-1.8.2.jar:/home/runner/.m2/repository/org/apiguardian/apiguardian-api/1.1.2/apiguardian-api-1.1.2.jar:/home/runner/.m2/repository/org/junit/jupiter/junit-jupiter-params/5.8.2/junit-jupiter-params-5.8.2.jar:/home/runner/.m2/repository/org/junit/jupiter/junit-jupiter-migrationsupport/5.8.2/junit-jupiter-migrationsupport-5.8.2.jar:/home/runner/.m2/repository/org/junit/jupiter/junit-jupiter-engine/5.8.2/junit-jupiter-engine-5.8.2.jar:/home/runner/.m2/repository/org/junit/platform/junit-platform-engine/1.8.2/junit-platform-engine-1.8.2.jar:/home/runner/.m2/repository/org/junit/vintage/junit-vintage-engine/5.8.2/junit-vintage-engine-5.8.2.jar:/home/runner/.m2/repository/org/junit/platform/junit-platform-launcher/1.8.2/junit-platform-launcher-1.8.2.jar:/home/runner/.m2/repository/org/mockito/mockito-core/2.28.2/mockito-core-2.28.2.jar:/home/runner/.m2/repository/net/bytebuddy/byte-buddy/1.9.10/byte-buddy-1.9.10.jar:/home/runner/.m2/repository/net/bytebuddy/byte-buddy-agent/1.9.10/byte-buddy-agent-1.9.10.jar:/home/runner/.m2/repository/org/objenesis/objenesis/1.0/objenesis-1.0.jar:/home/runner/.m2/repository/org/apache/hadoop/hadoop-kms/3.3.4/hadoop-kms-3.3.4.jar:/home/runner/.m2/repository/org/apache/hadoop/hadoop-auth/3.3.4/hadoop-auth-3.3.4.jar:/home/runner/.m2/repository/com/nimbusds/nimbus-jose-jwt/7.9/nimbus-jose-jwt-7.9.jar:/home/runner/.m2/repository/com/github/stephenc/jcip/jcip-annotations/1.0-1/jcip-annotations-1.0-1.jar:/home/runner/.m2/repository/net/minidev/json-smart/2.4.7/json-smart-2.4.7.jar:/home/runner/.m2/repository/net/minidev/accessors-smart/2.4.7/accessors-smart-2.4.7.jar:/home/runner/.m2/repository/org/ow2/asm/asm/5.0.4/asm-5.0.4.jar:/home/runner/.m2/repository/org/apache/zookeeper/zookeeper/3.5.6/zookeeper-3.5.6.jar:/home/runner/.m2/repository/org/apache/zookeeper/zookeeper-jute/3.5.6/zookeeper-jute-3.5.6.jar:/home/runner/.m2/repository/org/apache/yetus/audience-annotations/0.5.0/audience-annotations-0.5.0.jar:/home/runner/.m2/repository/org/apache/curator/curator-framework/4.2.0/curator-framework-4.2.0.jar:/home/runner/.m2/repository/org/apache/hadoop/thirdparty/hadoop-shaded-guava/1.1.1/hadoop-shaded-guava-1.1.1.jar:/home/runner/.m2/repository/com/sun/jersey/jersey-core/1.19/jersey-core-1.19.jar:/home/runner/.m2/repository/javax/ws/rs/jsr311-api/1.1.1/jsr311-api-1.1.1.jar:/home/runner/.m2/repository/com/sun/jersey/jersey-server/1.19/jersey-server-1.19.jar:/home/runner/.m2/repository/javax/servlet/javax.servlet-api/3.1.0/javax.servlet-api-3.1.0.jar:/home/runner/.m2/repository/org/eclipse/jetty/jetty-server/9.4.43.v20210629/jetty-server-9.4.43.v20210629.jar:/home/runner/.m2/repository/org/eclipse/jetty/jetty-http/9.4.43.v20210629/jetty-http-9.4.43.v20210629.jar:/home/runner/.m2/repository/org/eclipse/jetty/jetty-io/9.4.43.v20210629/jetty-io-9.4.43.v20210629.jar:/home/runner/.m2/repository/org/eclipse/jetty/jetty-webapp/9.4.43.v20210629/jetty-webapp-9.4.43.v20210629.jar:/home/runner/.m2/repository/org/eclipse/jetty/jetty-xml/9.4.43.v20210629/jetty-xml-9.4.43.v20210629.jar:/home/runner/.m2/repository/org/apache/hadoop/hadoop-common/3.3.4/hadoop-common-3.3.4.jar:/home/runner/.m2/repository/org/apache/commons/commons-math3/3.1.1/commons-math3-3.1.1.jar:/home/runner/.m2/repository/commons-net/commons-net/3.6/commons-net-3.6.jar:/home/runner/.m2/repository/com/sun/jersey/jersey-servlet/1.19/jersey-servlet-1.19.jar:/home/runner/.m2/repository/com/sun/jersey/jersey-json/1.19/jersey-json-1.19.jar:/home/runner/.m2/repository/org/codehaus/jettison/jettison/1.1/jettison-1.1.jar:/home/runner/.m2/repository/com/sun/xml/bind/jaxb-impl/2.2.3-1/jaxb-impl-2.2.3-1.jar:/home/runner/.m2/repository/org/codehaus/jackson/jackson-xc/1.9.2/jackson-xc-1.9.2.jar:/home/runner/.m2/repository/org/apache/commons/commons-configuration2/2.1.1/commons-configuration2-2.1.1.jar:/home/runner/.m2/repository/org/apache/commons/commons-text/1.4/commons-text-1.4.jar:/home/runner/.m2/repository/com/google/re2j/re2j/1.1/re2j-1.1.jar:/home/runner/.m2/repository/com/jcraft/jsch/0.1.54/jsch-0.1.54.jar:/home/runner/.m2/repository/org/apache/curator/curator-client/4.2.0/curator-client-4.2.0.jar:/home/runner/.m2/repository/org/apache/curator/curator-recipes/4.2.0/curator-recipes-4.2.0.jar:/home/runner/.m2/repository/org/apache/kerby/kerb-core/1.0.1/kerb-core-1.0.1.jar:/home/runner/.m2/repository/org/apache/kerby/kerby-pkix/1.0.1/kerby-pkix-1.0.1.jar:/home/runner/.m2/repository/org/apache/kerby/kerby-asn1/1.0.1/kerby-asn1-1.0.1.jar:/home/runner/.m2/repository/org/apache/kerby/kerby-util/1.0.1/kerby-util-1.0.1.jar:/home/runner/.m2/repository/dnsjava/dnsjava/2.1.7/dnsjava-2.1.7.jar:/home/runner/.m2/repository/org/xerial/snappy/snappy-java/1.1.8.2/snappy-java-1.1.8.2.jar:/home/runner/.m2/repository/org/eclipse/jetty/jetty-util/9.4.43.v20210629/jetty-util-9.4.43.v20210629.jar:/home/runner/.m2/repository/com/fasterxml/jackson/core/jackson-databind/2.13.4/jackson-databind-2.13.4.jar:/home/runner/.m2/repository/org/apache/hadoop/hadoop-kms/3.3.4/hadoop-kms-3.3.4-tests.jar:/home/runner/.m2/repository/org/apache/ozone/hdds-server-scm/1.3.0-SNAPSHOT/hdds-server-scm-1.3.0-SNAPSHOT-tests.jar:/home/runner/.m2/repository/org/apache/ozone/hdds-container-service/1.3.0-SNAPSHOT/hdds-container-service-1.3.0-SNAPSHOT-tests.jar:/home/runner/.m2/repository/commons-codec/commons-codec/1.11/commons-codec-1.11.jar:/home/runner/.m2/repository/io/netty/netty-codec/4.1.79.Final/netty-codec-4.1.79.Final.jar:/home/runner/.m2/repository/io/netty/netty-handler/4.1.79.Final/netty-handler-4.1.79.Final.jar:/home/runner/.m2/repository/org/apache/ozone/hdds-hadoop-dependency-test/1.3.0-SNAPSHOT/hdds-hadoop-dependency-test-1.3.0-SNAPSHOT.jar:/home/runner/.m2/repository/org/apache/hadoop/hadoop-common/3.3.4/hadoop-common-3.3.4-tests.jar:/home/runner/.m2/repository/org/apache/hadoop/hadoop-hdfs/3.3.4/hadoop-hdfs-3.3.4-tests.jar:/home/runner/.m2/repository/org/assertj/assertj-core/3.12.2/assertj-core-3.12.2.jar:/home/runner/.m2/repository/org/apache/hadoop/hadoop-distcp/3.3.4/hadoop-distcp-3.3.4.jar:/home/runner/.m2/repository/org/apache/hadoop/hadoop-mapreduce-client-jobclient/3.3.4/hadoop-mapreduce-client-jobclient-3.3.4.jar:/home/runner/.m2/repository/org/apache/hadoop/hadoop-mapreduce-client-common/3.3.4/hadoop-mapreduce-client-common-3.3.4.jar:/home/runner/.m2/repository/org/apache/hadoop/hadoop-yarn-common/3.3.4/hadoop-yarn-common-3.3.4.jar:/home/runner/.m2/repository/org/apache/hadoop/hadoop-yarn-api/3.3.4/hadoop-yarn-api-3.3.4.jar:/home/runner/.m2/repository/com/sun/jersey/contribs/jersey-guice/1.19/jersey-guice-1.19.jar:/home/runner/.m2/repository/com/fasterxml/jackson/jaxrs/jackson-jaxrs-json-provider/2.13.4/jackson-jaxrs-json-provider-2.13.4.jar:/home/runner/.m2/repository/com/fasterxml/jackson/jaxrs/jackson-jaxrs-base/2.13.4/jackson-jaxrs-base-2.13.4.jar:/home/runner/.m2/repository/org/apache/hadoop/hadoop-yarn-client/3.3.4/hadoop-yarn-client-3.3.4.jar:/home/runner/.m2/repository/org/eclipse/jetty/websocket/websocket-client/9.4.43.v20210629/websocket-client-9.4.43.v20210629.jar:/home/runner/.m2/repository/org/eclipse/jetty/websocket/websocket-common/9.4.43.v20210629/websocket-common-9.4.43.v20210629.jar:/home/runner/.m2/repository/org/eclipse/jetty/websocket/websocket-api/9.4.43.v20210629/websocket-api-9.4.43.v20210629.jar:/home/runner/.m2/repository/org/jline/jline/3.9.0/jline-3.9.0.jar:/home/runner/.m2/repository/org/apache/hadoop/hadoop-mapreduce-client-core/3.3.4/hadoop-mapreduce-client-core-3.3.4.jar:/home/runner/.m2/repository/org/apache/avro/avro/1.7.7/avro-1.7.7.jar:/home/runner/.m2/repository/org/codehaus/jackson/jackson-core-asl/1.9.13/jackson-core-asl-1.9.13.jar:/home/runner/.m2/repository/org/codehaus/jackson/jackson-mapper-asl/1.9.13/jackson-mapper-asl-1.9.13.jar:/home/runner/.m2/repository/com/thoughtworks/paranamer/paranamer/2.3/paranamer-2.3.jar:/home/runner/.m2/repository/org/apache/hadoop/hadoop-annotations/3.3.4/hadoop-annotations-3.3.4.jar:/usr/lib/jvm/temurin-8-jdk-amd64/jre/../lib/tools.jar:/home/runner/.m2/repository/io/netty/netty/3.10.6.Final/netty-3.10.6.Final.jar:/home/runner/.m2/repository/org/apache/hadoop/hadoop-distcp/3.3.4/hadoop-distcp-3.3.4-tests.jar:/home/runner/.m2/repository/org/slf4j/jul-to-slf4j/1.7.36/jul-to-slf4j-1.7.36.jar:/home/runner/.m2/repository/org/apache/ratis/ratis-common/2.3.0/ratis-common-2.3.0.jar:/home/runner/.m2/repository/org/apache/ratis/ratis-thirdparty-misc/1.0.0/ratis-thirdparty-misc-1.0.0.jar:/home/runner/.m2/repository/org/apache/ratis/ratis-proto/2.3.0/ratis-proto-2.3.0.jar:"/>
    <property name="java.vm.vendor" value="Temurin"/>
    <property name="sun.arch.data.model" value="64"/>
    <property name="test.build.dir" value="/home/runner/work/ozone/ozone/hadoop-ozone/integration-test/target/test-dir"/>
    <property name="test.cache.data" value=""/>
    <property name="java.vendor.url" value="https://adoptium.net/"/>
    <property name="user.timezone" value="Etc/UTC"/>
    <property name="java.vm.specification.version" value="1.8"/>
    <property name="os.name" value="Linux"/>
    <property name="test.build.data" value="/home/runner/work/ozone/ozone/hadoop-ozone/integration-test/target/test-dir"/>
    <property name="sun.java.launcher" value="SUN_STANDARD"/>
    <property name="sun.boot.library.path" value="/usr/lib/jvm/temurin-8-jdk-amd64/jre/lib/amd64"/>
    <property name="sun.java.command" value="/home/runner/work/ozone/ozone/hadoop-ozone/integration-test/target/surefire/surefirebooter6584965788487875949.jar /home/runner/work/ozone/ozone/hadoop-ozone/integration-test/target/surefire 2022-10-13T20-18-33_494-jvmRun1 surefire284553644147152647tmp surefire_25453591622364462469tmp"/>
    <property name="surefire.test.class.path" value="/home/runner/work/ozone/ozone/hadoop-ozone/integration-test/target/test-classes:/home/runner/work/ozone/ozone/hadoop-ozone/integration-test/target/classes:/home/runner/.m2/repository/org/apache/ozone/ozone-common/1.3.0-SNAPSHOT/ozone-common-1.3.0-SNAPSHOT.jar:/home/runner/.m2/repository/io/grpc/grpc-netty/1.48.1/grpc-netty-1.48.1.jar:/home/runner/.m2/repository/io/grpc/grpc-core/1.48.1/grpc-core-1.48.1.jar:/home/runner/.m2/repository/com/google/android/annotations/4.1.1.4/annotations-4.1.1.4.jar:/home/runner/.m2/repository/org/codehaus/mojo/animal-sniffer-annotations/1.21/animal-sniffer-annotations-1.21.jar:/home/runner/.m2/repository/com/google/errorprone/error_prone_annotations/2.2.0/error_prone_annotations-2.2.0.jar:/home/runner/.m2/repository/io/perfmark/perfmark-api/0.25.0/perfmark-api-0.25.0.jar:/home/runner/.m2/repository/io/netty/netty-codec-http2/4.1.79.Final/netty-codec-http2-4.1.79.Final.jar:/home/runner/.m2/repository/io/netty/netty-common/4.1.79.Final/netty-common-4.1.79.Final.jar:/home/runner/.m2/repository/io/netty/netty-buffer/4.1.79.Final/netty-buffer-4.1.79.Final.jar:/home/runner/.m2/repository/io/netty/netty-codec-http/4.1.79.Final/netty-codec-http-4.1.79.Final.jar:/home/runner/.m2/repository/io/netty/netty-handler-proxy/4.1.79.Final/netty-handler-proxy-4.1.79.Final.jar:/home/runner/.m2/repository/io/netty/netty-codec-socks/4.1.79.Final/netty-codec-socks-4.1.79.Final.jar:/home/runner/.m2/repository/io/netty/netty-tcnative-boringssl-static/2.0.53.Final/netty-tcnative-boringssl-static-2.0.53.Final.jar:/home/runner/.m2/repository/io/netty/netty-tcnative-classes/2.0.53.Final/netty-tcnative-classes-2.0.53.Final.jar:/home/runner/.m2/repository/io/netty/netty-tcnative-boringssl-static/2.0.53.Final/netty-tcnative-boringssl-static-2.0.53.Final-linux-x86_64.jar:/home/runner/.m2/repository/io/netty/netty-tcnative-boringssl-static/2.0.53.Final/netty-tcnative-boringssl-static-2.0.53.Final-linux-aarch_64.jar:/home/runner/.m2/repository/io/netty/netty-tcnative-boringssl-static/2.0.53.Final/netty-tcnative-boringssl-static-2.0.53.Final-osx-x86_64.jar:/home/runner/.m2/repository/io/netty/netty-tcnative-boringssl-static/2.0.53.Final/netty-tcnative-boringssl-static-2.0.53.Final-osx-aarch_64.jar:/home/runner/.m2/repository/io/netty/netty-tcnative-boringssl-static/2.0.53.Final/netty-tcnative-boringssl-static-2.0.53.Final-windows-x86_64.jar:/home/runner/.m2/repository/org/apache/commons/commons-compress/1.21/commons-compress-1.21.jar:/home/runner/.m2/repository/org/apache/ozone/hdds-common/1.3.0-SNAPSHOT/hdds-common-1.3.0-SNAPSHOT.jar:/home/runner/.m2/repository/org/apache/ozone/hdds-client/1.3.0-SNAPSHOT/hdds-client-1.3.0-SNAPSHOT.jar:/home/runner/.m2/repository/org/apache/ozone/ozone-interface-client/1.3.0-SNAPSHOT/ozone-interface-client-1.3.0-SNAPSHOT.jar:/home/runner/.m2/repository/org/apache/ozone/hdds-test-utils/1.3.0-SNAPSHOT/hdds-test-utils-1.3.0-SNAPSHOT.jar:/home/runner/.m2/repository/com/google/guava/guava/31.1-jre/guava-31.1-jre.jar:/home/runner/.m2/repository/com/google/guava/failureaccess/1.0.1/failureaccess-1.0.1.jar:/home/runner/.m2/repository/com/google/guava/listenablefuture/9999.0-empty-to-avoid-conflict-with-guava/listenablefuture-9999.0-empty-to-avoid-conflict-with-guava.jar:/home/runner/.m2/repository/com/google/code/findbugs/jsr305/3.0.0/jsr305-3.0.0.jar:/home/runner/.m2/repository/org/checkerframework/checker-qual/3.12.0/checker-qual-3.12.0.jar:/home/runner/.m2/repository/com/google/j2objc/j2objc-annotations/1.3/j2objc-annotations-1.3.jar:/home/runner/.m2/repository/commons-io/commons-io/2.11.0/commons-io-2.11.0.jar:/home/runner/.m2/repository/commons-logging/commons-logging/1.2/commons-logging-1.2.jar:/home/runner/.m2/repository/ch/qos/reload4j/reload4j/1.2.22/reload4j-1.2.22.jar:/home/runner/.m2/repository/org/slf4j/slf4j-api/1.7.36/slf4j-api-1.7.36.jar:/home/runner/.m2/repository/org/apache/ozone/hdds-server-scm/1.3.0-SNAPSHOT/hdds-server-scm-1.3.0-SNAPSHOT.jar:/home/runner/.m2/repository/org/apache/ozone/hdds-container-service/1.3.0-SNAPSHOT/hdds-container-service-1.3.0-SNAPSHOT.jar:/home/runner/.m2/repository/org/apache/ozone/hdds-hadoop-dependency-server/1.3.0-SNAPSHOT/hdds-hadoop-dependency-server-1.3.0-SNAPSHOT.jar:/home/runner/.m2/repository/org/apache/hadoop/hadoop-hdfs/3.3.4/hadoop-hdfs-3.3.4.jar:/home/runner/.m2/repository/org/eclipse/jetty/jetty-util-ajax/9.4.43.v20210629/jetty-util-ajax-9.4.43.v20210629.jar:/home/runner/.m2/repository/commons-daemon/commons-daemon/1.0.13/commons-daemon-1.0.13.jar:/home/runner/.m2/repository/org/apache/ozone/hdds-server-framework/1.3.0-SNAPSHOT/hdds-server-framework-1.3.0-SNAPSHOT.jar:/home/runner/.m2/repository/org/apache/ozone/hdds-interface-server/1.3.0-SNAPSHOT/hdds-interface-server-1.3.0-SNAPSHOT.jar:/home/runner/.m2/repository/org/apache/logging/log4j/log4j-core/2.17.1/log4j-core-2.17.1.jar:/home/runner/.m2/repository/com/lmax/disruptor/3.4.2/disruptor-3.4.2.jar:/home/runner/.m2/repository/org/eclipse/jetty/jetty-servlet/9.4.43.v20210629/jetty-servlet-9.4.43.v20210629.jar:/home/runner/.m2/repository/org/eclipse/jetty/jetty-security/9.4.43.v20210629/jetty-security-9.4.43.v20210629.jar:/home/runner/.m2/repository/org/rocksdb/rocksdbjni/7.4.5/rocksdbjni-7.4.5.jar:/home/runner/.m2/repository/io/prometheus/simpleclient_dropwizard/0.7.0/simpleclient_dropwizard-0.7.0.jar:/home/runner/.m2/repository/io/prometheus/simpleclient/0.7.0/simpleclient-0.7.0.jar:/home/runner/.m2/repository/io/prometheus/simpleclient_common/0.7.0/simpleclient_common-0.7.0.jar:/home/runner/.m2/repository/io/dropwizard/metrics/metrics-core/3.2.4/metrics-core-3.2.4.jar:/home/runner/.m2/repository/org/apache/hadoop/hadoop-hdfs-client/3.3.4/hadoop-hdfs-client-3.3.4.jar:/home/runner/.m2/repository/com/squareup/okhttp3/okhttp/4.9.3/okhttp-4.9.3.jar:/home/runner/.m2/repository/com/squareup/okio/okio/2.8.0/okio-2.8.0.jar:/home/runner/.m2/repository/org/jetbrains/kotlin/kotlin-stdlib-common/1.4.10/kotlin-stdlib-common-1.4.10.jar:/home/runner/.m2/repository/org/bouncycastle/bcprov-jdk15on/1.67/bcprov-jdk15on-1.67.jar:/home/runner/.m2/repository/com/google/protobuf/protobuf-java/2.5.0/protobuf-java-2.5.0.jar:/home/runner/.m2/repository/org/apache/ozone/ozone-manager/1.3.0-SNAPSHOT/ozone-manager-1.3.0-SNAPSHOT.jar:/home/runner/.m2/repository/org/aspectj/aspectjrt/1.9.7/aspectjrt-1.9.7.jar:/home/runner/.m2/repository/org/aspectj/aspectjweaver/1.9.7/aspectjweaver-1.9.7.jar:/home/runner/.m2/repository/org/apache/ozone/hdds-interface-client/1.3.0-SNAPSHOT/hdds-interface-client-1.3.0-SNAPSHOT.jar:/home/runner/.m2/repository/org/apache/hadoop/thirdparty/hadoop-shaded-protobuf_3_7/1.1.1/hadoop-shaded-protobuf_3_7-1.1.1.jar:/home/runner/.m2/repository/org/apache/ozone/ozone-interface-storage/1.3.0-SNAPSHOT/ozone-interface-storage-1.3.0-SNAPSHOT.jar:/home/runner/.m2/repository/org/reflections/reflections/0.9.11/reflections-0.9.11.jar:/home/runner/.m2/repository/com/sun/jersey/jersey-client/1.19/jersey-client-1.19.jar:/home/runner/.m2/repository/org/apache/ranger/ranger-intg/2.3.0/ranger-intg-2.3.0.jar:/home/runner/.m2/repository/org/apache/ranger/ranger-plugins-common/2.3.0/ranger-plugins-common-2.3.0.jar:/home/runner/.m2/repository/commons-lang/commons-lang/2.6/commons-lang-2.6.jar:/home/runner/.m2/repository/org/codehaus/jackson/jackson-jaxrs/1.9.13/jackson-jaxrs-1.9.13.jar:/home/runner/.m2/repository/org/apache/ranger/ranger-plugins-cred/2.3.0/ranger-plugins-cred-2.3.0.jar:/home/runner/.m2/repository/org/apache/ranger/ranger-plugins-audit/2.3.0/ranger-plugins-audit-2.3.0.jar:/home/runner/.m2/repository/org/eclipse/jetty/jetty-client/9.4.31.v20200723/jetty-client-9.4.31.v20200723.jar:/home/runner/.m2/repository/org/apache/httpcomponents/httpmime/4.5.6/httpmime-4.5.6.jar:/home/runner/.m2/repository/org/apache/httpcomponents/httpcore-nio/4.4.6/httpcore-nio-4.4.6.jar:/home/runner/.m2/repository/org/apache/httpcomponents/httpasyncclient/4.1.3/httpasyncclient-4.1.3.jar:/home/runner/.m2/repository/com/carrotsearch/hppc/0.8.0/hppc-0.8.0.jar:/home/runner/.m2/repository/org/apache/orc/orc-core/1.5.8/orc-core-1.5.8.jar:/home/runner/.m2/repository/net/java/dev/jna/jna/5.2.0/jna-5.2.0.jar:/home/runner/.m2/repository/net/java/dev/jna/jna-platform/5.2.0/jna-platform-5.2.0.jar:/home/runner/.m2/repository/com/kstruct/gethostname4j/0.0.2/gethostname4j-0.0.2.jar:/home/runner/.m2/repository/org/apache/ranger/ranger-plugin-classloader/2.3.0/ranger-plugin-classloader-2.3.0.jar:/home/runner/.m2/repository/org/apache/hadoop/hadoop-minikdc/3.3.4/hadoop-minikdc-3.3.4.jar:/home/runner/.m2/repository/org/apache/kerby/kerb-simplekdc/1.0.1/kerb-simplekdc-1.0.1.jar:/home/runner/.m2/repository/org/apache/kerby/kerb-client/1.0.1/kerb-client-1.0.1.jar:/home/runner/.m2/repository/org/apache/kerby/kerby-config/1.0.1/kerby-config-1.0.1.jar:/home/runner/.m2/repository/org/apache/kerby/kerb-common/1.0.1/kerb-common-1.0.1.jar:/home/runner/.m2/repository/org/apache/kerby/kerb-crypto/1.0.1/kerb-crypto-1.0.1.jar:/home/runner/.m2/repository/org/apache/kerby/kerb-util/1.0.1/kerb-util-1.0.1.jar:/home/runner/.m2/repository/org/apache/kerby/token-provider/1.0.1/token-provider-1.0.1.jar:/home/runner/.m2/repository/org/apache/kerby/kerb-admin/1.0.1/kerb-admin-1.0.1.jar:/home/runner/.m2/repository/org/apache/kerby/kerb-server/1.0.1/kerb-server-1.0.1.jar:/home/runner/.m2/repository/org/apache/kerby/kerb-identity/1.0.1/kerb-identity-1.0.1.jar:/home/runner/.m2/repository/org/apache/kerby/kerby-xdr/1.0.1/kerby-xdr-1.0.1.jar:/home/runner/.m2/repository/org/apache/ozone/ozone-s3gateway/1.3.0-SNAPSHOT/ozone-s3gateway-1.3.0-SNAPSHOT.jar:/home/runner/.m2/repository/org/javassist/javassist/3.21.0-GA/javassist-3.21.0-GA.jar:/home/runner/.m2/repository/org/jboss/weld/servlet/weld-servlet/2.4.7.Final/weld-servlet-2.4.7.Final.jar:/home/runner/.m2/repository/org/glassfish/jersey/containers/jersey-container-servlet-core/2.34/jersey-container-servlet-core-2.34.jar:/home/runner/.m2/repository/org/glassfish/hk2/external/jakarta.inject/2.6.1/jakarta.inject-2.6.1.jar:/home/runner/.m2/repository/org/glassfish/jersey/core/jersey-common/2.34/jersey-common-2.34.jar:/home/runner/.m2/repository/jakarta/ws/rs/jakarta.ws.rs-api/2.1.6/jakarta.ws.rs-api-2.1.6.jar:/home/runner/.m2/repository/org/glassfish/jersey/ext/cdi/jersey-cdi1x/2.34/jersey-cdi1x-2.34.jar:/home/runner/.m2/repository/org/glassfish/jersey/inject/jersey-hk2/2.34/jersey-hk2-2.34.jar:/home/runner/.m2/repository/org/glassfish/hk2/hk2-locator/2.6.1/hk2-locator-2.6.1.jar:/home/runner/.m2/repository/org/glassfish/jersey/media/jersey-media-jaxb/2.34/jersey-media-jaxb-2.34.jar:/home/runner/.m2/repository/org/glassfish/hk2/osgi-resource-locator/1.0.3/osgi-resource-locator-1.0.3.jar:/home/runner/.m2/repository/org/glassfish/hk2/hk2-api/2.5.0/hk2-api-2.5.0.jar:/home/runner/.m2/repository/org/glassfish/hk2/hk2-utils/2.5.0/hk2-utils-2.5.0.jar:/home/runner/.m2/repository/org/glassfish/hk2/external/aopalliance-repackaged/2.5.0/aopalliance-repackaged-2.5.0.jar:/home/runner/.m2/repository/com/fasterxml/jackson/dataformat/jackson-dataformat-xml/2.13.4/jackson-dataformat-xml-2.13.4.jar:/home/runner/.m2/repository/com/fasterxml/jackson/core/jackson-core/2.13.4/jackson-core-2.13.4.jar:/home/runner/.m2/repository/org/codehaus/woodstox/stax2-api/3.1.4/stax2-api-3.1.4.jar:/home/runner/.m2/repository/com/fasterxml/woodstox/woodstox-core/5.0.3/woodstox-core-5.0.3.jar:/home/runner/.m2/repository/com/fasterxml/jackson/module/jackson-module-jaxb-annotations/2.13.4/jackson-module-jaxb-annotations-2.13.4.jar:/home/runner/.m2/repository/jakarta/xml/bind/jakarta.xml.bind-api/2.3.3/jakarta.xml.bind-api-2.3.3.jar:/home/runner/.m2/repository/jakarta/activation/jakarta.activation-api/1.2.1/jakarta.activation-api-1.2.1.jar:/home/runner/.m2/repository/javax/enterprise/cdi-api/1.2/cdi-api-1.2.jar:/home/runner/.m2/repository/javax/el/javax.el-api/3.0.0/javax.el-api-3.0.0.jar:/home/runner/.m2/repository/javax/interceptor/javax.interceptor-api/1.2/javax.interceptor-api-1.2.jar:/home/runner/.m2/repository/javax/inject/javax.inject/1/javax.inject-1.jar:/home/runner/.m2/repository/javax/xml/bind/jaxb-api/2.3.0/jaxb-api-2.3.0.jar:/home/runner/.m2/repository/org/glassfish/jaxb/jaxb-runtime/2.3.0.1/jaxb-runtime-2.3.0.1.jar:/home/runner/.m2/repository/org/glassfish/jaxb/jaxb-core/2.3.0.1/jaxb-core-2.3.0.1.jar:/home/runner/.m2/repository/org/glassfish/jaxb/txw2/2.3.0.1/txw2-2.3.0.1.jar:/home/runner/.m2/repository/com/sun/istack/istack-commons-runtime/3.0.5/istack-commons-runtime-3.0.5.jar:/home/runner/.m2/repository/org/jvnet/staxex/stax-ex/1.7.8/stax-ex-1.7.8.jar:/home/runner/.m2/repository/com/sun/xml/fastinfoset/FastInfoset/1.2.13/FastInfoset-1.2.13.jar:/home/runner/.m2/repository/javax/activation/activation/1.1.1/activation-1.1.1.jar:/home/runner/.m2/repository/io/grpc/grpc-protobuf/1.48.1/grpc-protobuf-1.48.1.jar:/home/runner/.m2/repository/io/grpc/grpc-api/1.48.1/grpc-api-1.48.1.jar:/home/runner/.m2/repository/io/grpc/grpc-context/1.48.1/grpc-context-1.48.1.jar:/home/runner/.m2/repository/com/google/api/grpc/proto-google-common-protos/2.9.0/proto-google-common-protos-2.9.0.jar:/home/runner/.m2/repository/io/grpc/grpc-protobuf-lite/1.48.1/grpc-protobuf-lite-1.48.1.jar:/home/runner/.m2/repository/io/grpc/grpc-stub/1.48.1/grpc-stub-1.48.1.jar:/home/runner/.m2/repository/io/netty/netty-transport/4.1.79.Final/netty-transport-4.1.79.Final.jar:/home/runner/.m2/repository/io/netty/netty-resolver/4.1.79.Final/netty-resolver-4.1.79.Final.jar:/home/runner/.m2/repository/org/apache/ozone/ozone-csi/1.3.0-SNAPSHOT/ozone-csi-1.3.0-SNAPSHOT.jar:/home/runner/.m2/repository/com/google/protobuf/protobuf-java-util/3.19.2/protobuf-java-util-3.19.2.jar:/home/runner/.m2/repository/com/google/code/gson/gson/2.9.0/gson-2.9.0.jar:/home/runner/.m2/repository/org/apache/ozone/hdds-config/1.3.0-SNAPSHOT/hdds-config-1.3.0-SNAPSHOT.jar:/home/runner/.m2/repository/io/netty/netty-transport-native-epoll/4.1.79.Final/netty-transport-native-epoll-4.1.79.Final-linux-x86_64.jar:/home/runner/.m2/repository/io/netty/netty-transport-classes-epoll/4.1.79.Final/netty-transport-classes-epoll-4.1.79.Final.jar:/home/runner/.m2/repository/io/netty/netty-transport-native-unix-common/4.1.79.Final/netty-transport-native-unix-common-4.1.79.Final.jar:/home/runner/.m2/repository/org/slf4j/slf4j-reload4j/1.7.36/slf4j-reload4j-1.7.36.jar:/home/runner/.m2/repository/org/apache/ozone/ozone-recon/1.3.0-SNAPSHOT/ozone-recon-1.3.0-SNAPSHOT.jar:/home/runner/.m2/repository/org/apache/ozone/ozone-reconcodegen/1.3.0-SNAPSHOT/ozone-reconcodegen-1.3.0-SNAPSHOT.jar:/home/runner/.m2/repository/com/google/inject/extensions/guice-multibindings/4.0/guice-multibindings-4.0.jar:/home/runner/.m2/repository/com/google/inject/guice/4.0/guice-4.0.jar:/home/runner/.m2/repository/aopalliance/aopalliance/1.0/aopalliance-1.0.jar:/home/runner/.m2/repository/com/google/inject/extensions/guice-assistedinject/4.0/guice-assistedinject-4.0.jar:/home/runner/.m2/repository/com/google/inject/extensions/guice-servlet/4.0/guice-servlet-4.0.jar:/home/runner/.m2/repository/org/glassfish/jersey/containers/jersey-container-servlet/2.34/jersey-container-servlet-2.34.jar:/home/runner/.m2/repository/org/glassfish/hk2/guice-bridge/2.5.0/guice-bridge-2.5.0.jar:/home/runner/.m2/repository/org/glassfish/jersey/core/jersey-server/2.34/jersey-server-2.34.jar:/home/runner/.m2/repository/org/glassfish/jersey/core/jersey-client/2.34/jersey-client-2.34.jar:/home/runner/.m2/repository/jakarta/annotation/jakarta.annotation-api/1.3.5/jakarta.annotation-api-1.3.5.jar:/home/runner/.m2/repository/jakarta/validation/jakarta.validation-api/2.0.2/jakarta.validation-api-2.0.2.jar:/home/runner/.m2/repository/org/glassfish/jersey/media/jersey-media-json-jackson/2.34/jersey-media-json-jackson-2.34.jar:/home/runner/.m2/repository/org/glassfish/jersey/ext/jersey-entity-filtering/2.34/jersey-entity-filtering-2.34.jar:/home/runner/.m2/repository/org/jooq/jooq/3.11.10/jooq-3.11.10.jar:/home/runner/.m2/repository/org/jooq/jooq-meta/3.11.10/jooq-meta-3.11.10.jar:/home/runner/.m2/repository/org/jooq/jooq-codegen/3.11.10/jooq-codegen-3.11.10.jar:/home/runner/.m2/repository/com/jolbox/bonecp/0.8.0.RELEASE/bonecp-0.8.0.RELEASE.jar:/home/runner/.m2/repository/org/apache/derby/derby/10.14.2.0/derby-10.14.2.0.jar:/home/runner/.m2/repository/org/xerial/sqlite-jdbc/3.25.2/sqlite-jdbc-3.25.2.jar:/home/runner/.m2/repository/org/springframework/spring-jdbc/5.2.20.RELEASE/spring-jdbc-5.2.20.RELEASE.jar:/home/runner/.m2/repository/org/springframework/spring-beans/5.2.20.RELEASE/spring-beans-5.2.20.RELEASE.jar:/home/runner/.m2/repository/org/springframework/spring-core/5.2.20.RELEASE/spring-core-5.2.20.RELEASE.jar:/home/runner/.m2/repository/org/springframework/spring-jcl/5.2.20.RELEASE/spring-jcl-5.2.20.RELEASE.jar:/home/runner/.m2/repository/org/springframework/spring-tx/5.2.20.RELEASE/spring-tx-5.2.20.RELEASE.jar:/home/runner/.m2/repository/org/apache/ozone/ozone-client/1.3.0-SNAPSHOT/ozone-client-1.3.0-SNAPSHOT.jar:/home/runner/.m2/repository/org/apache/ozone/hdds-erasurecode/1.3.0-SNAPSHOT/hdds-erasurecode-1.3.0-SNAPSHOT.jar:/home/runner/.m2/repository/com/github/spotbugs/spotbugs-annotations/3.1.12/spotbugs-annotations-3.1.12.jar:/home/runner/.m2/repository/org/apache/ozone/ozone-filesystem/1.3.0-SNAPSHOT/ozone-filesystem-1.3.0-SNAPSHOT.jar:/home/runner/.m2/repository/org/apache/ozone/ozone-filesystem-common/1.3.0-SNAPSHOT/ozone-filesystem-common-1.3.0-SNAPSHOT.jar:/home/runner/.m2/repository/org/apache/ozone/ozone-tools/1.3.0-SNAPSHOT/ozone-tools-1.3.0-SNAPSHOT.jar:/home/runner/.m2/repository/org/apache/ratis/ratis-tools/2.3.0/ratis-tools-2.3.0.jar:/home/runner/.m2/repository/com/amazonaws/aws-java-sdk-core/1.12.261/aws-java-sdk-core-1.12.261.jar:/home/runner/.m2/repository/org/apache/httpcomponents/httpclient/4.5.13/httpclient-4.5.13.jar:/home/runner/.m2/repository/org/apache/httpcomponents/httpcore/4.4.13/httpcore-4.4.13.jar:/home/runner/.m2/repository/software/amazon/ion/ion-java/1.0.2/ion-java-1.0.2.jar:/home/runner/.m2/repository/com/fasterxml/jackson/dataformat/jackson-dataformat-cbor/2.13.4/jackson-dataformat-cbor-2.13.4.jar:/home/runner/.m2/repository/joda-time/joda-time/2.8.1/joda-time-2.8.1.jar:/home/runner/.m2/repository/com/amazonaws/aws-java-sdk-s3/1.12.261/aws-java-sdk-s3-1.12.261.jar:/home/runner/.m2/repository/com/amazonaws/aws-java-sdk-kms/1.12.261/aws-java-sdk-kms-1.12.261.jar:/home/runner/.m2/repository/com/amazonaws/jmespath-java/1.12.261/jmespath-java-1.12.261.jar:/home/runner/.m2/repository/org/kohsuke/metainf-services/metainf-services/1.8/metainf-services-1.8.jar:/home/runner/.m2/repository/org/apache/ozone/hdds-tools/1.3.0-SNAPSHOT/hdds-tools-1.3.0-SNAPSHOT.jar:/home/runner/.m2/repository/commons-cli/commons-cli/1.2/commons-cli-1.2.jar:/home/runner/.m2/repository/org/apache/commons/commons-lang3/3.7/commons-lang3-3.7.jar:/home/runner/.m2/repository/org/apache/ozone/ozone-manager/1.3.0-SNAPSHOT/ozone-manager-1.3.0-SNAPSHOT-tests.jar:/home/runner/.m2/repository/org/apache/ozone/hdds-common/1.3.0-SNAPSHOT/hdds-common-1.3.0-SNAPSHOT-tests.jar:/home/runner/.m2/repository/org/apache/ozone/hdds-hadoop-dependency-client/1.3.0-SNAPSHOT/hdds-hadoop-dependency-client-1.3.0-SNAPSHOT.jar:/home/runner/.m2/repository/info/picocli/picocli/4.6.1/picocli-4.6.1.jar:/home/runner/.m2/repository/com/fasterxml/jackson/core/jackson-annotations/2.13.4/jackson-annotations-2.13.4.jar:/home/runner/.m2/repository/com/fasterxml/jackson/datatype/jackson-datatype-jsr310/2.13.4/jackson-datatype-jsr310-2.13.4.jar:/home/runner/.m2/repository/org/apache/ozone/hdds-annotation-processing/1.3.0-SNAPSHOT/hdds-annotation-processing-1.3.0-SNAPSHOT.jar:/home/runner/.m2/repository/javax/annotation/javax.annotation-api/1.2/javax.annotation-api-1.2.jar:/home/runner/.m2/repository/org/apache/ratis/ratis-server/2.3.0/ratis-server-2.3.0.jar:/home/runner/.m2/repository/org/apache/ratis/ratis-client/2.3.0/ratis-client-2.3.0.jar:/home/runner/.m2/repository/org/apache/ratis/ratis-server-api/2.3.0/ratis-server-api-2.3.0.jar:/home/runner/.m2/repository/org/apache/ratis/ratis-metrics/2.3.0/ratis-metrics-2.3.0.jar:/home/runner/.m2/repository/org/apache/ratis/ratis-netty/2.3.0/ratis-netty-2.3.0.jar:/home/runner/.m2/repository/org/apache/ratis/ratis-grpc/2.3.0/ratis-grpc-2.3.0.jar:/home/runner/.m2/repository/org/apache/logging/log4j/log4j-api/2.17.1/log4j-api-2.17.1.jar:/home/runner/.m2/repository/org/apache/commons/commons-pool2/2.6.0/commons-pool2-2.6.0.jar:/home/runner/.m2/repository/org/bouncycastle/bcpkix-jdk15on/1.67/bcpkix-jdk15on-1.67.jar:/home/runner/.m2/repository/commons-validator/commons-validator/1.6/commons-validator-1.6.jar:/home/runner/.m2/repository/commons-beanutils/commons-beanutils/1.9.4/commons-beanutils-1.9.4.jar:/home/runner/.m2/repository/commons-digester/commons-digester/1.8.1/commons-digester-1.8.1.jar:/home/runner/.m2/repository/commons-collections/commons-collections/3.2.2/commons-collections-3.2.2.jar:/home/runner/.m2/repository/io/jaegertracing/jaeger-client/1.6.0/jaeger-client-1.6.0.jar:/home/runner/.m2/repository/io/jaegertracing/jaeger-thrift/1.6.0/jaeger-thrift-1.6.0.jar:/home/runner/.m2/repository/org/apache/thrift/libthrift/0.14.1/libthrift-0.14.1.jar:/home/runner/.m2/repository/io/jaegertracing/jaeger-core/1.6.0/jaeger-core-1.6.0.jar:/home/runner/.m2/repository/io/jaegertracing/jaeger-tracerresolver/1.6.0/jaeger-tracerresolver-1.6.0.jar:/home/runner/.m2/repository/io/opentracing/contrib/opentracing-tracerresolver/0.1.8/opentracing-tracerresolver-0.1.8.jar:/home/runner/.m2/repository/org/jetbrains/kotlin/kotlin-stdlib/1.6.21/kotlin-stdlib-1.6.21.jar:/home/runner/.m2/repository/org/jetbrains/annotations/13.0/annotations-13.0.jar:/home/runner/.m2/repository/io/opentracing/opentracing-util/0.33.0/opentracing-util-0.33.0.jar:/home/runner/.m2/repository/io/opentracing/opentracing-api/0.33.0/opentracing-api-0.33.0.jar:/home/runner/.m2/repository/io/opentracing/opentracing-noop/0.33.0/opentracing-noop-0.33.0.jar:/home/runner/.m2/repository/org/yaml/snakeyaml/1.32/snakeyaml-1.32.jar:/home/runner/.m2/repository/org/apache/ozone/hdds-interface-admin/1.3.0-SNAPSHOT/hdds-interface-admin-1.3.0-SNAPSHOT.jar:/home/runner/.m2/repository/junit/junit/4.13.1/junit-4.13.1.jar:/home/runner/.m2/repository/org/hamcrest/hamcrest-core/1.3/hamcrest-core-1.3.jar:/home/runner/.m2/repository/org/junit/jupiter/junit-jupiter-api/5.8.2/junit-jupiter-api-5.8.2.jar:/home/runner/.m2/repository/org/opentest4j/opentest4j/1.2.0/opentest4j-1.2.0.jar:/home/runner/.m2/repository/org/junit/platform/junit-platform-commons/1.8.2/junit-platform-commons-1.8.2.jar:/home/runner/.m2/repository/org/apiguardian/apiguardian-api/1.1.2/apiguardian-api-1.1.2.jar:/home/runner/.m2/repository/org/junit/jupiter/junit-jupiter-params/5.8.2/junit-jupiter-params-5.8.2.jar:/home/runner/.m2/repository/org/junit/jupiter/junit-jupiter-migrationsupport/5.8.2/junit-jupiter-migrationsupport-5.8.2.jar:/home/runner/.m2/repository/org/junit/jupiter/junit-jupiter-engine/5.8.2/junit-jupiter-engine-5.8.2.jar:/home/runner/.m2/repository/org/junit/platform/junit-platform-engine/1.8.2/junit-platform-engine-1.8.2.jar:/home/runner/.m2/repository/org/junit/vintage/junit-vintage-engine/5.8.2/junit-vintage-engine-5.8.2.jar:/home/runner/.m2/repository/org/junit/platform/junit-platform-launcher/1.8.2/junit-platform-launcher-1.8.2.jar:/home/runner/.m2/repository/org/mockito/mockito-core/2.28.2/mockito-core-2.28.2.jar:/home/runner/.m2/repository/net/bytebuddy/byte-buddy/1.9.10/byte-buddy-1.9.10.jar:/home/runner/.m2/repository/net/bytebuddy/byte-buddy-agent/1.9.10/byte-buddy-agent-1.9.10.jar:/home/runner/.m2/repository/org/objenesis/objenesis/1.0/objenesis-1.0.jar:/home/runner/.m2/repository/org/apache/hadoop/hadoop-kms/3.3.4/hadoop-kms-3.3.4.jar:/home/runner/.m2/repository/org/apache/hadoop/hadoop-auth/3.3.4/hadoop-auth-3.3.4.jar:/home/runner/.m2/repository/com/nimbusds/nimbus-jose-jwt/7.9/nimbus-jose-jwt-7.9.jar:/home/runner/.m2/repository/com/github/stephenc/jcip/jcip-annotations/1.0-1/jcip-annotations-1.0-1.jar:/home/runner/.m2/repository/net/minidev/json-smart/2.4.7/json-smart-2.4.7.jar:/home/runner/.m2/repository/net/minidev/accessors-smart/2.4.7/accessors-smart-2.4.7.jar:/home/runner/.m2/repository/org/ow2/asm/asm/5.0.4/asm-5.0.4.jar:/home/runner/.m2/repository/org/apache/zookeeper/zookeeper/3.5.6/zookeeper-3.5.6.jar:/home/runner/.m2/repository/org/apache/zookeeper/zookeeper-jute/3.5.6/zookeeper-jute-3.5.6.jar:/home/runner/.m2/repository/org/apache/yetus/audience-annotations/0.5.0/audience-annotations-0.5.0.jar:/home/runner/.m2/repository/org/apache/curator/curator-framework/4.2.0/curator-framework-4.2.0.jar:/home/runner/.m2/repository/org/apache/hadoop/thirdparty/hadoop-shaded-guava/1.1.1/hadoop-shaded-guava-1.1.1.jar:/home/runner/.m2/repository/com/sun/jersey/jersey-core/1.19/jersey-core-1.19.jar:/home/runner/.m2/repository/javax/ws/rs/jsr311-api/1.1.1/jsr311-api-1.1.1.jar:/home/runner/.m2/repository/com/sun/jersey/jersey-server/1.19/jersey-server-1.19.jar:/home/runner/.m2/repository/javax/servlet/javax.servlet-api/3.1.0/javax.servlet-api-3.1.0.jar:/home/runner/.m2/repository/org/eclipse/jetty/jetty-server/9.4.43.v20210629/jetty-server-9.4.43.v20210629.jar:/home/runner/.m2/repository/org/eclipse/jetty/jetty-http/9.4.43.v20210629/jetty-http-9.4.43.v20210629.jar:/home/runner/.m2/repository/org/eclipse/jetty/jetty-io/9.4.43.v20210629/jetty-io-9.4.43.v20210629.jar:/home/runner/.m2/repository/org/eclipse/jetty/jetty-webapp/9.4.43.v20210629/jetty-webapp-9.4.43.v20210629.jar:/home/runner/.m2/repository/org/eclipse/jetty/jetty-xml/9.4.43.v20210629/jetty-xml-9.4.43.v20210629.jar:/home/runner/.m2/repository/org/apache/hadoop/hadoop-common/3.3.4/hadoop-common-3.3.4.jar:/home/runner/.m2/repository/org/apache/commons/commons-math3/3.1.1/commons-math3-3.1.1.jar:/home/runner/.m2/repository/commons-net/commons-net/3.6/commons-net-3.6.jar:/home/runner/.m2/repository/com/sun/jersey/jersey-servlet/1.19/jersey-servlet-1.19.jar:/home/runner/.m2/repository/com/sun/jersey/jersey-json/1.19/jersey-json-1.19.jar:/home/runner/.m2/repository/org/codehaus/jettison/jettison/1.1/jettison-1.1.jar:/home/runner/.m2/repository/com/sun/xml/bind/jaxb-impl/2.2.3-1/jaxb-impl-2.2.3-1.jar:/home/runner/.m2/repository/org/codehaus/jackson/jackson-xc/1.9.2/jackson-xc-1.9.2.jar:/home/runner/.m2/repository/org/apache/commons/commons-configuration2/2.1.1/commons-configuration2-2.1.1.jar:/home/runner/.m2/repository/org/apache/commons/commons-text/1.4/commons-text-1.4.jar:/home/runner/.m2/repository/com/google/re2j/re2j/1.1/re2j-1.1.jar:/home/runner/.m2/repository/com/jcraft/jsch/0.1.54/jsch-0.1.54.jar:/home/runner/.m2/repository/org/apache/curator/curator-client/4.2.0/curator-client-4.2.0.jar:/home/runner/.m2/repository/org/apache/curator/curator-recipes/4.2.0/curator-recipes-4.2.0.jar:/home/runner/.m2/repository/org/apache/kerby/kerb-core/1.0.1/kerb-core-1.0.1.jar:/home/runner/.m2/repository/org/apache/kerby/kerby-pkix/1.0.1/kerby-pkix-1.0.1.jar:/home/runner/.m2/repository/org/apache/kerby/kerby-asn1/1.0.1/kerby-asn1-1.0.1.jar:/home/runner/.m2/repository/org/apache/kerby/kerby-util/1.0.1/kerby-util-1.0.1.jar:/home/runner/.m2/repository/dnsjava/dnsjava/2.1.7/dnsjava-2.1.7.jar:/home/runner/.m2/repository/org/xerial/snappy/snappy-java/1.1.8.2/snappy-java-1.1.8.2.jar:/home/runner/.m2/repository/org/eclipse/jetty/jetty-util/9.4.43.v20210629/jetty-util-9.4.43.v20210629.jar:/home/runner/.m2/repository/com/fasterxml/jackson/core/jackson-databind/2.13.4/jackson-databind-2.13.4.jar:/home/runner/.m2/repository/org/apache/hadoop/hadoop-kms/3.3.4/hadoop-kms-3.3.4-tests.jar:/home/runner/.m2/repository/org/apache/ozone/hdds-server-scm/1.3.0-SNAPSHOT/hdds-server-scm-1.3.0-SNAPSHOT-tests.jar:/home/runner/.m2/repository/org/apache/ozone/hdds-container-service/1.3.0-SNAPSHOT/hdds-container-service-1.3.0-SNAPSHOT-tests.jar:/home/runner/.m2/repository/commons-codec/commons-codec/1.11/commons-codec-1.11.jar:/home/runner/.m2/repository/io/netty/netty-codec/4.1.79.Final/netty-codec-4.1.79.Final.jar:/home/runner/.m2/repository/io/netty/netty-handler/4.1.79.Final/netty-handler-4.1.79.Final.jar:/home/runner/.m2/repository/org/apache/ozone/hdds-hadoop-dependency-test/1.3.0-SNAPSHOT/hdds-hadoop-dependency-test-1.3.0-SNAPSHOT.jar:/home/runner/.m2/repository/org/apache/hadoop/hadoop-common/3.3.4/hadoop-common-3.3.4-tests.jar:/home/runner/.m2/repository/org/apache/hadoop/hadoop-hdfs/3.3.4/hadoop-hdfs-3.3.4-tests.jar:/home/runner/.m2/repository/org/assertj/assertj-core/3.12.2/assertj-core-3.12.2.jar:/home/runner/.m2/repository/org/apache/hadoop/hadoop-distcp/3.3.4/hadoop-distcp-3.3.4.jar:/home/runner/.m2/repository/org/apache/hadoop/hadoop-mapreduce-client-jobclient/3.3.4/hadoop-mapreduce-client-jobclient-3.3.4.jar:/home/runner/.m2/repository/org/apache/hadoop/hadoop-mapreduce-client-common/3.3.4/hadoop-mapreduce-client-common-3.3.4.jar:/home/runner/.m2/repository/org/apache/hadoop/hadoop-yarn-common/3.3.4/hadoop-yarn-common-3.3.4.jar:/home/runner/.m2/repository/org/apache/hadoop/hadoop-yarn-api/3.3.4/hadoop-yarn-api-3.3.4.jar:/home/runner/.m2/repository/com/sun/jersey/contribs/jersey-guice/1.19/jersey-guice-1.19.jar:/home/runner/.m2/repository/com/fasterxml/jackson/jaxrs/jackson-jaxrs-json-provider/2.13.4/jackson-jaxrs-json-provider-2.13.4.jar:/home/runner/.m2/repository/com/fasterxml/jackson/jaxrs/jackson-jaxrs-base/2.13.4/jackson-jaxrs-base-2.13.4.jar:/home/runner/.m2/repository/org/apache/hadoop/hadoop-yarn-client/3.3.4/hadoop-yarn-client-3.3.4.jar:/home/runner/.m2/repository/org/eclipse/jetty/websocket/websocket-client/9.4.43.v20210629/websocket-client-9.4.43.v20210629.jar:/home/runner/.m2/repository/org/eclipse/jetty/websocket/websocket-common/9.4.43.v20210629/websocket-common-9.4.43.v20210629.jar:/home/runner/.m2/repository/org/eclipse/jetty/websocket/websocket-api/9.4.43.v20210629/websocket-api-9.4.43.v20210629.jar:/home/runner/.m2/repository/org/jline/jline/3.9.0/jline-3.9.0.jar:/home/runner/.m2/repository/org/apache/hadoop/hadoop-mapreduce-client-core/3.3.4/hadoop-mapreduce-client-core-3.3.4.jar:/home/runner/.m2/repository/org/apache/avro/avro/1.7.7/avro-1.7.7.jar:/home/runner/.m2/repository/org/codehaus/jackson/jackson-core-asl/1.9.13/jackson-core-asl-1.9.13.jar:/home/runner/.m2/repository/org/codehaus/jackson/jackson-mapper-asl/1.9.13/jackson-mapper-asl-1.9.13.jar:/home/runner/.m2/repository/com/thoughtworks/paranamer/paranamer/2.3/paranamer-2.3.jar:/home/runner/.m2/repository/org/apache/hadoop/hadoop-annotations/3.3.4/hadoop-annotations-3.3.4.jar:/usr/lib/jvm/temurin-8-jdk-amd64/jre/../lib/tools.jar:/home/runner/.m2/repository/io/netty/netty/3.10.6.Final/netty-3.10.6.Final.jar:/home/runner/.m2/repository/org/apache/hadoop/hadoop-distcp/3.3.4/hadoop-distcp-3.3.4-tests.jar:/home/runner/.m2/repository/org/slf4j/jul-to-slf4j/1.7.36/jul-to-slf4j-1.7.36.jar:/home/runner/.m2/repository/org/apache/ratis/ratis-common/2.3.0/ratis-common-2.3.0.jar:/home/runner/.m2/repository/org/apache/ratis/ratis-thirdparty-misc/1.0.0/ratis-thirdparty-misc-1.0.0.jar:/home/runner/.m2/repository/org/apache/ratis/ratis-proto/2.3.0/ratis-proto-2.3.0.jar:"/>
    <property name="sun.cpu.endian" value="little"/>
    <property name="user.home" value="/home/runner"/>
    <property name="user.language" value="en"/>
    <property name="java.specification.vendor" value="Oracle Corporation"/>
    <property name="java.home" value="/usr/lib/jvm/temurin-8-jdk-amd64/jre"/>
    <property name="java.security.krb5.conf" value="/home/runner/work/ozone/ozone/hadoop-ozone/integration-test/target/test-classes/krb5.conf"/>
    <property name="basedir" value="/home/runner/work/ozone/ozone/hadoop-ozone/integration-test"/>
    <property name="file.separator" value="/"/>
    <property name="line.separator" value="&#10;"/>
    <property name="java.vm.specification.vendor" value="Oracle Corporation"/>
    <property name="java.specification.name" value="Java Platform API Specification"/>
    <property name="java.awt.graphicsenv" value="sun.awt.X11GraphicsEnvironment"/>
    <property name="skip.installnpx" value="true"/>
    <property name="surefire.real.class.path" value="/home/runner/work/ozone/ozone/hadoop-ozone/integration-test/target/surefire/surefirebooter6584965788487875949.jar:/home/runner/.m2/repository/org/jacoco/org.jacoco.agent/0.8.5/org.jacoco.agent-0.8.5-runtime.jar"/>
    <property name="hadoop.log.dir" value="/home/runner/work/ozone/ozone/hadoop-ozone/integration-test/target/log"/>
    <property name="sun.boot.class.path" value="/usr/lib/jvm/temurin-8-jdk-amd64/jre/lib/resources.jar:/usr/lib/jvm/temurin-8-jdk-amd64/jre/lib/rt.jar:/usr/lib/jvm/temurin-8-jdk-amd64/jre/lib/sunrsasign.jar:/usr/lib/jvm/temurin-8-jdk-amd64/jre/lib/jsse.jar:/usr/lib/jvm/temurin-8-jdk-amd64/jre/lib/jce.jar:/usr/lib/jvm/temurin-8-jdk-amd64/jre/lib/charsets.jar:/usr/lib/jvm/temurin-8-jdk-amd64/jre/lib/jfr.jar:/usr/lib/jvm/temurin-8-jdk-amd64/jre/classes"/>
    <property name="sun.management.compiler" value="HotSpot 64-Bit Tiered Compilers"/>
    <property name="skip.npx" value="true"/>
    <property name="java.runtime.version" value="1.8.0_345-b01"/>
    <property name="java.net.preferIPv4Stack" value="true"/>
    <property name="user.name" value="runner"/>
    <property name="path.separator" value=":"/>
    <property name="java.security.egd" value="file:///dev/urandom"/>
    <property name="os.version" value="5.15.0-1021-azure"/>
    <property name="java.endorsed.dirs" value="/usr/lib/jvm/temurin-8-jdk-amd64/jre/lib/endorsed"/>
    <property name="java.runtime.name" value="OpenJDK Runtime Environment"/>
    <property name="file.encoding" value="UTF-8"/>
    <property name="java.vm.name" value="OpenJDK 64-Bit Server VM"/>
    <property name="test.build.webapps" value=""/>
    <property name="localRepository" value="/home/runner/.m2/repository"/>
    <property name="jetty.git.hash" value="526006ecfa3af7f1a27ef3a288e2bef7ea9dd7e8"/>
    <property name="java.vendor.url.bug" value="https://github.com/adoptium/adoptium-support/issues"/>
    <property name="java.io.tmpdir" value="/tmp"/>
    <property name="require.test.libhadoop" value=""/>
    <property name="java.version" value="1.8.0_345"/>
    <property name="user.dir" value="/home/runner/work/ozone/ozone/hadoop-ozone/integration-test"/>
    <property name="os.arch" value="amd64"/>
    <property name="java.vm.specification.name" value="Java Virtual Machine Specification"/>
    <property name="test.build.classes" value="/home/runner/work/ozone/ozone/hadoop-ozone/integration-test/target/test-classes"/>
    <property name="java.awt.printerjob" value="sun.print.PSPrinterJob"/>
    <property name="sun.os.patch.level" value="unknown"/>
    <property name="hadoop.tmp.dir" value="/home/runner/work/ozone/ozone/hadoop-ozone/integration-test/target/tmp"/>
    <property name="java.library.path" value="/usr/java/packages/lib/amd64:/usr/lib64:/lib64:/lib:/usr/lib"/>
    <property name="java.vm.info" value="mixed mode"/>
    <property name="java.vendor" value="Temurin"/>
    <property name="java.vm.version" value="25.345-b01"/>
    <property name="java.ext.dirs" value="/usr/lib/jvm/temurin-8-jdk-amd64/jre/lib/ext:/usr/java/packages/lib/ext"/>
    <property name="sun.io.unicode.encoding" value="UnicodeLittle"/>
    <property name="java.class.version" value="52.0"/>
  </properties>
  <testcase name="testRatisLogParsing" classname="org.apache.hadoop.ozone.parser.TestOzoneHARatisLogParser" time="59.734">
    <error type="java.util.concurrent.TimeoutException"><![CDATA[java.util.concurrent.TimeoutException: 
Timed out waiting for condition. Thread diagnostics:
Timestamp: 2022-10-13 08:20:12,852

"Finalizer" daemon prio=8 tid=3 in Object.wait()
java.lang.Thread.State: WAITING (on object monitor)
        at java.lang.Object.wait(Native Method)
        at java.lang.ref.ReferenceQueue.remove(ReferenceQueue.java:144)
        at java.lang.ref.ReferenceQueue.remove(ReferenceQueue.java:165)
        at java.lang.ref.Finalizer$FinalizerThread.run(Finalizer.java:216)
"EndpointStateMachine task thread for /127.0.0.1:44779 - 0 "  prio=5 tid=889 blocked
java.lang.Thread.State: BLOCKED
        at org.apache.hadoop.ipc.Client$Connection.addCall(Client.java:522)
        at org.apache.hadoop.ipc.Client$Connection.access$3700(Client.java:414)
        at org.apache.hadoop.ipc.Client.getConnection(Client.java:1664)
        at org.apache.hadoop.ipc.Client.call(Client.java:1502)
        at org.apache.hadoop.ipc.Client.call(Client.java:1455)
        at org.apache.hadoop.ipc.ProtobufRpcEngine$Invoker.invoke(ProtobufRpcEngine.java:235)
        at org.apache.hadoop.ipc.ProtobufRpcEngine$Invoker.invoke(ProtobufRpcEngine.java:122)
        at com.sun.proxy.$Proxy51.submitRequest(Unknown Source)
        at org.apache.hadoop.ozone.protocolPB.StorageContainerDatanodeProtocolClientSideTranslatorPB.submitRequest(StorageContainerDatanodeProtocolClientSideTranslatorPB.java:117)
        at org.apache.hadoop.ozone.protocolPB.StorageContainerDatanodeProtocolClientSideTranslatorPB.sendHeartbeat(StorageContainerDatanodeProtocolClientSideTranslatorPB.java:149)
        at org.apache.hadoop.ozone.container.common.states.endpoint.HeartbeatEndpointTask.call(HeartbeatEndpointTask.java:185)
        at org.apache.hadoop.ozone.container.common.states.endpoint.HeartbeatEndpointTask.call(HeartbeatEndpointTask.java:87)
        at java.util.concurrent.FutureTask.run(FutureTask.java:266)
        at java.util.concurrent.ThreadPoolExecutor.runWorker(ThreadPoolExecutor.java:1149)
        at java.util.concurrent.ThreadPoolExecutor$Worker.run(ThreadPoolExecutor.java:624)
        at java.lang.Thread.run(Thread.java:750)
"java.util.concurrent.ThreadPoolExecutor$Worker@664d9aec[State = -1, empty queue]" daemon prio=5 tid=1045 timed_waiting
java.lang.Thread.State: TIMED_WAITING
        at sun.misc.Unsafe.park(Native Method)
        at java.util.concurrent.locks.LockSupport.parkNanos(LockSupport.java:215)
        at java.util.concurrent.locks.AbstractQueuedSynchronizer$ConditionObject.awaitNanos(AbstractQueuedSynchronizer.java:2078)
        at java.util.concurrent.ScheduledThreadPoolExecutor$DelayedWorkQueue.take(ScheduledThreadPoolExecutor.java:1093)
        at java.util.concurrent.ScheduledThreadPoolExecutor$DelayedWorkQueue.take(ScheduledThreadPoolExecutor.java:809)
        at java.util.concurrent.ThreadPoolExecutor.getTask(ThreadPoolExecutor.java:1074)
        at java.util.concurrent.ThreadPoolExecutor.runWorker(ThreadPoolExecutor.java:1134)
        at java.util.concurrent.ThreadPoolExecutor$Worker.run(ThreadPoolExecutor.java:624)
        at java.lang.Thread.run(Thread.java:750)
"EndpointStateMachine task thread for /127.0.0.1:44779 - 0 "  prio=5 tid=931 timed_waiting
java.lang.Thread.State: TIMED_WAITING
        at java.lang.Thread.sleep(Native Method)
        at org.apache.hadoop.ipc.Client$Connection.handleConnectionFailure(Client.java:1005)
        at org.apache.hadoop.ipc.Client$Connection.setupConnection(Client.java:734)
        at org.apache.hadoop.ipc.Client$Connection.setupIOstreams(Client.java:833)
        at org.apache.hadoop.ipc.Client$Connection.access$3800(Client.java:414)
        at org.apache.hadoop.ipc.Client.getConnection(Client.java:1677)
        at org.apache.hadoop.ipc.Client.call(Client.java:1502)
        at org.apache.hadoop.ipc.Client.call(Client.java:1455)
        at org.apache.hadoop.ipc.ProtobufRpcEngine$Invoker.invoke(ProtobufRpcEngine.java:235)
        at org.apache.hadoop.ipc.ProtobufRpcEngine$Invoker.invoke(ProtobufRpcEngine.java:122)
        at com.sun.proxy.$Proxy51.submitRequest(Unknown Source)
        at org.apache.hadoop.ozone.protocolPB.StorageContainerDatanodeProtocolClientSideTranslatorPB.submitRequest(StorageContainerDatanodeProtocolClientSideTranslatorPB.java:117)
        at org.apache.hadoop.ozone.protocolPB.StorageContainerDatanodeProtocolClientSideTranslatorPB.sendHeartbeat(StorageContainerDatanodeProtocolClientSideTranslatorPB.java:149)
        at org.apache.hadoop.ozone.container.common.states.endpoint.HeartbeatEndpointTask.call(HeartbeatEndpointTask.java:185)
        at org.apache.hadoop.ozone.container.common.states.endpoint.HeartbeatEndpointTask.call(HeartbeatEndpointTask.java:87)
        at java.util.concurrent.FutureTask.run(FutureTask.java:266)
        at java.util.concurrent.ThreadPoolExecutor.runWorker(ThreadPoolExecutor.java:1149)
        at java.util.concurrent.ThreadPoolExecutor$Worker.run(ThreadPoolExecutor.java:624)
        at java.lang.Thread.run(Thread.java:750)
"FullTableCache Cleanup Thread - 0" daemon prio=5 tid=1137 in Object.wait()
java.lang.Thread.State: WAITING (on object monitor)
        at sun.misc.Unsafe.park(Native Method)
        at java.util.concurrent.locks.LockSupport.park(LockSupport.java:175)
        at java.util.concurrent.locks.AbstractQueuedSynchronizer$ConditionObject.await(AbstractQueuedSynchronizer.java:2039)
        at java.util.concurrent.LinkedBlockingQueue.take(LinkedBlockingQueue.java:442)
        at java.util.concurrent.ThreadPoolExecutor.getTask(ThreadPoolExecutor.java:1074)
        at java.util.concurrent.ThreadPoolExecutor.runWorker(ThreadPoolExecutor.java:1134)
        at java.util.concurrent.ThreadPoolExecutor$Worker.run(ThreadPoolExecutor.java:624)
        at java.lang.Thread.run(Thread.java:750)
"EndpointStateMachine task thread for /127.0.0.1:46545 - 0 "  prio=5 tid=912 blocked
java.lang.Thread.State: BLOCKED
        at org.apache.hadoop.ipc.Client$Connection.setupIOstreams(Client.java:811)
        at org.apache.hadoop.ipc.Client$Connection.access$3800(Client.java:414)
        at org.apache.hadoop.ipc.Client.getConnection(Client.java:1677)
        at org.apache.hadoop.ipc.Client.call(Client.java:1502)
        at org.apache.hadoop.ipc.Client.call(Client.java:1455)
        at org.apache.hadoop.ipc.ProtobufRpcEngine$Invoker.invoke(ProtobufRpcEngine.java:235)
        at org.apache.hadoop.ipc.ProtobufRpcEngine$Invoker.invoke(ProtobufRpcEngine.java:122)
        at com.sun.proxy.$Proxy51.submitRequest(Unknown Source)
        at org.apache.hadoop.ozone.protocolPB.StorageContainerDatanodeProtocolClientSideTranslatorPB.submitRequest(StorageContainerDatanodeProtocolClientSideTranslatorPB.java:117)
        at org.apache.hadoop.ozone.protocolPB.StorageContainerDatanodeProtocolClientSideTranslatorPB.sendHeartbeat(StorageContainerDatanodeProtocolClientSideTranslatorPB.java:149)
        at org.apache.hadoop.ozone.container.common.states.endpoint.HeartbeatEndpointTask.call(HeartbeatEndpointTask.java:185)
        at org.apache.hadoop.ozone.container.common.states.endpoint.HeartbeatEndpointTask.call(HeartbeatEndpointTask.java:87)
        at java.util.concurrent.FutureTask.run(FutureTask.java:266)
        at java.util.concurrent.ThreadPoolExecutor.runWorker(ThreadPoolExecutor.java:1149)
        at java.util.concurrent.ThreadPoolExecutor$Worker.run(ThreadPoolExecutor.java:624)
        at java.lang.Thread.run(Thread.java:750)
"java.util.concurrent.ThreadPoolExecutor$Worker@67ad9938[State = -1, empty queue]" daemon prio=5 tid=1048 timed_waiting
java.lang.Thread.State: TIMED_WAITING
        at sun.misc.Unsafe.park(Native Method)
        at java.util.concurrent.locks.LockSupport.parkNanos(LockSupport.java:215)
        at java.util.concurrent.locks.AbstractQueuedSynchronizer$ConditionObject.awaitNanos(AbstractQueuedSynchronizer.java:2078)
        at java.util.concurrent.ScheduledThreadPoolExecutor$DelayedWorkQueue.take(ScheduledThreadPoolExecutor.java:1093)
        at java.util.concurrent.ScheduledThreadPoolExecutor$DelayedWorkQueue.take(ScheduledThreadPoolExecutor.java:809)
        at java.util.concurrent.ThreadPoolExecutor.getTask(ThreadPoolExecutor.java:1074)
        at java.util.concurrent.ThreadPoolExecutor.runWorker(ThreadPoolExecutor.java:1134)
        at java.util.concurrent.ThreadPoolExecutor$Worker.run(ThreadPoolExecutor.java:624)
        at java.lang.Thread.run(Thread.java:750)
"Signal Dispatcher" daemon prio=9 tid=4 runnable
java.lang.Thread.State: RUNNABLE
"process reaper" daemon prio=10 tid=13 timed_waiting
java.lang.Thread.State: TIMED_WAITING
        at sun.misc.Unsafe.park(Native Method)
        at java.util.concurrent.locks.LockSupport.parkNanos(LockSupport.java:215)
        at java.util.concurrent.SynchronousQueue$TransferStack.awaitFulfill(SynchronousQueue.java:460)
        at java.util.concurrent.SynchronousQueue$TransferStack.transfer(SynchronousQueue.java:362)
        at java.util.concurrent.SynchronousQueue.poll(SynchronousQueue.java:941)
        at java.util.concurrent.ThreadPoolExecutor.getTask(ThreadPoolExecutor.java:1073)
        at java.util.concurrent.ThreadPoolExecutor.runWorker(ThreadPoolExecutor.java:1134)
        at java.util.concurrent.ThreadPoolExecutor$Worker.run(ThreadPoolExecutor.java:624)
        at java.lang.Thread.run(Thread.java:750)
"EndpointStateMachine task thread for /127.0.0.1:33963 - 0 "  prio=5 tid=932 blocked
java.lang.Thread.State: BLOCKED
        at org.apache.hadoop.ipc.Client$Connection.addCall(Client.java:522)
        at org.apache.hadoop.ipc.Client$Connection.access$3700(Client.java:414)
        at org.apache.hadoop.ipc.Client.getConnection(Client.java:1664)
        at org.apache.hadoop.ipc.Client.call(Client.java:1502)
        at org.apache.hadoop.ipc.Client.call(Client.java:1455)
        at org.apache.hadoop.ipc.ProtobufRpcEngine$Invoker.invoke(ProtobufRpcEngine.java:235)
        at org.apache.hadoop.ipc.ProtobufRpcEngine$Invoker.invoke(ProtobufRpcEngine.java:122)
        at com.sun.proxy.$Proxy51.submitRequest(Unknown Source)
        at org.apache.hadoop.ozone.protocolPB.StorageContainerDatanodeProtocolClientSideTranslatorPB.submitRequest(StorageContainerDatanodeProtocolClientSideTranslatorPB.java:117)
        at org.apache.hadoop.ozone.protocolPB.StorageContainerDatanodeProtocolClientSideTranslatorPB.sendHeartbeat(StorageContainerDatanodeProtocolClientSideTranslatorPB.java:149)
        at org.apache.hadoop.ozone.container.common.states.endpoint.HeartbeatEndpointTask.call(HeartbeatEndpointTask.java:185)
        at org.apache.hadoop.ozone.container.common.states.endpoint.HeartbeatEndpointTask.call(HeartbeatEndpointTask.java:87)
        at java.util.concurrent.FutureTask.run(FutureTask.java:266)
        at java.util.concurrent.ThreadPoolExecutor.runWorker(ThreadPoolExecutor.java:1149)
        at java.util.concurrent.ThreadPoolExecutor$Worker.run(ThreadPoolExecutor.java:624)
        at java.lang.Thread.run(Thread.java:750)
"Listener at 127.0.0.1/34689" daemon prio=5 tid=12 runnable
java.lang.Thread.State: RUNNABLE
        at java.lang.Thread.dumpThreads(Native Method)
        at java.lang.Thread.getAllStackTraces(Thread.java:1615)
        at org.apache.ozone.test.TimedOutTestsListener.buildThreadDump(TimedOutTestsListener.java:93)
        at org.apache.ozone.test.TimedOutTestsListener.buildThreadDiagnosticString(TimedOutTestsListener.java:79)
        at org.apache.ozone.test.GenericTestUtils.waitFor(GenericTestUtils.java:224)
        at org.apache.hadoop.ozone.parser.TestOzoneHARatisLogParser.testRatisLogParsing(TestOzoneHARatisLogParser.java:129)
        at sun.reflect.NativeMethodAccessorImpl.invoke0(Native Method)
        at sun.reflect.NativeMethodAccessorImpl.invoke(NativeMethodAccessorImpl.java:62)
        at sun.reflect.DelegatingMethodAccessorImpl.invoke(DelegatingMethodAccessorImpl.java:43)
        at java.lang.reflect.Method.invoke(Method.java:498)
        at org.junit.runners.model.FrameworkMethod$1.runReflectiveCall(FrameworkMethod.java:59)
        at org.junit.internal.runners.model.ReflectiveCallable.run(ReflectiveCallable.java:12)
        at org.junit.runners.model.FrameworkMethod.invokeExplosively(FrameworkMethod.java:56)
        at org.junit.internal.runners.statements.InvokeMethod.evaluate(InvokeMethod.java:17)
        at org.junit.internal.runners.statements.RunBefores.evaluate(RunBefores.java:26)
        at org.junit.internal.runners.statements.RunAfters.evaluate(RunAfters.java:27)
        at org.junit.internal.runners.statements.FailOnTimeout$CallableStatement.call(FailOnTimeout.java:288)
        at org.junit.internal.runners.statements.FailOnTimeout$CallableStatement.call(FailOnTimeout.java:282)
        at java.util.concurrent.FutureTask.run(FutureTask.java:266)
        at java.lang.Thread.run(Thread.java:750)
"SSL Certificates Store Monitor" daemon prio=5 tid=659 in Object.wait()
java.lang.Thread.State: WAITING (on object monitor)
        at java.lang.Object.wait(Native Method)
        at java.lang.Object.wait(Object.java:502)
        at java.util.TimerThread.mainLoop(Timer.java:526)
        at java.util.TimerThread.run(Timer.java:505)
"main"  prio=5 tid=1 timed_waiting
java.lang.Thread.State: TIMED_WAITING
        at sun.misc.Unsafe.park(Native Method)
        at java.util.concurrent.locks.LockSupport.parkNanos(LockSupport.java:215)
        at java.util.concurrent.FutureTask.awaitDone(FutureTask.java:426)
        at java.util.concurrent.FutureTask.get(FutureTask.java:204)
        at org.junit.internal.runners.statements.FailOnTimeout.getResult(FailOnTimeout.java:156)
        at org.junit.internal.runners.statements.FailOnTimeout.evaluate(FailOnTimeout.java:129)
        at org.junit.runners.ParentRunner$3.evaluate(ParentRunner.java:306)
        at org.junit.runners.BlockJUnit4ClassRunner$1.evaluate(BlockJUnit4ClassRunner.java:100)
        at org.junit.runners.ParentRunner.runLeaf(ParentRunner.java:366)
        at org.junit.runners.BlockJUnit4ClassRunner.runChild(BlockJUnit4ClassRunner.java:103)
        at org.junit.runners.BlockJUnit4ClassRunner.runChild(BlockJUnit4ClassRunner.java:63)
        at org.junit.runners.ParentRunner$4.run(ParentRunner.java:331)
        at org.junit.runners.ParentRunner$1.schedule(ParentRunner.java:79)
        at org.junit.runners.ParentRunner.runChildren(ParentRunner.java:329)
        at org.junit.runners.ParentRunner.access$100(ParentRunner.java:66)
        at org.junit.runners.ParentRunner$2.evaluate(ParentRunner.java:293)
        at org.junit.runners.ParentRunner$3.evaluate(ParentRunner.java:306)
        at org.junit.runners.ParentRunner.run(ParentRunner.java:413)
        at org.junit.runner.JUnitCore.run(JUnitCore.java:137)
        at org.junit.runner.JUnitCore.run(JUnitCore.java:115)
        at org.junit.vintage.engine.execution.RunnerExecutor.execute(RunnerExecutor.java:42)
        at org.junit.vintage.engine.VintageTestEngine.executeAllChildren(VintageTestEngine.java:80)
        at org.junit.vintage.engine.VintageTestEngine.execute(VintageTestEngine.java:72)
        at org.junit.platform.launcher.core.EngineExecutionOrchestrator.execute(EngineExecutionOrchestrator.java:107)
        at org.junit.platform.launcher.core.EngineExecutionOrchestrator.execute(EngineExecutionOrchestrator.java:88)
        at org.junit.platform.launcher.core.EngineExecutionOrchestrator.lambda$execute$0(EngineExecutionOrchestrator.java:54)
        at org.junit.platform.launcher.core.EngineExecutionOrchestrator$$Lambda$188/1982787818.accept(Unknown Source)
        at org.junit.platform.launcher.core.EngineExecutionOrchestrator.withInterceptedStreams(EngineExecutionOrchestrator.java:67)
        at org.junit.platform.launcher.core.EngineExecutionOrchestrator.execute(EngineExecutionOrchestrator.java:52)
        at org.junit.platform.launcher.core.DefaultLauncher.execute(DefaultLauncher.java:114)
        at org.junit.platform.launcher.core.DefaultLauncher.execute(DefaultLauncher.java:86)
        at org.junit.platform.launcher.core.DefaultLauncherSession$DelegatingLauncher.execute(DefaultLauncherSession.java:86)
        at org.junit.platform.launcher.core.SessionPerRequestLauncher.execute(SessionPerRequestLauncher.java:53)
        at org.apache.maven.surefire.junitplatform.JUnitPlatformProvider.execute(JUnitPlatformProvider.java:188)
        at org.apache.maven.surefire.junitplatform.JUnitPlatformProvider.invokeAllTests(JUnitPlatformProvider.java:154)
        at org.apache.maven.surefire.junitplatform.JUnitPlatformProvider.invoke(JUnitPlatformProvider.java:124)
        at org.apache.maven.surefire.booter.ForkedBooter.runSuitesInProcess(ForkedBooter.java:428)
        at org.apache.maven.surefire.booter.ForkedBooter.execute(ForkedBooter.java:162)
        at org.apache.maven.surefire.booter.ForkedBooter.run(ForkedBooter.java:562)
        at org.apache.maven.surefire.booter.ForkedBooter.main(ForkedBooter.java:548)
"Reference Handler" daemon prio=10 tid=2 in Object.wait()
java.lang.Thread.State: WAITING (on object monitor)
        at java.lang.Object.wait(Native Method)
        at java.lang.Object.wait(Object.java:502)
        at java.lang.ref.Reference.tryHandlePending(Reference.java:191)
        at java.lang.ref.Reference$ReferenceHandler.run(Reference.java:153)
"IPC Parameter Sending Thread #0" daemon prio=5 tid=268 timed_waiting
java.lang.Thread.State: TIMED_WAITING
        at sun.misc.Unsafe.park(Native Method)
        at java.util.concurrent.locks.LockSupport.parkNanos(LockSupport.java:215)
        at java.util.concurrent.SynchronousQueue$TransferStack.awaitFulfill(SynchronousQueue.java:460)
        at java.util.concurrent.SynchronousQueue$TransferStack.transfer(SynchronousQueue.java:362)
        at java.util.concurrent.SynchronousQueue.poll(SynchronousQueue.java:941)
        at java.util.concurrent.ThreadPoolExecutor.getTask(ThreadPoolExecutor.java:1073)
        at java.util.concurrent.ThreadPoolExecutor.runWorker(ThreadPoolExecutor.java:1134)
        at java.util.concurrent.ThreadPoolExecutor$Worker.run(ThreadPoolExecutor.java:624)
        at java.lang.Thread.run(Thread.java:750)
"EndpointStateMachine task thread for /127.0.0.1:33963 - 0 "  prio=5 tid=914 timed_waiting
java.lang.Thread.State: TIMED_WAITING
        at java.lang.Thread.sleep(Native Method)
        at org.apache.hadoop.ipc.Client$Connection.handleConnectionFailure(Client.java:1005)
        at org.apache.hadoop.ipc.Client$Connection.setupConnection(Client.java:734)
        at org.apache.hadoop.ipc.Client$Connection.setupIOstreams(Client.java:833)
        at org.apache.hadoop.ipc.Client$Connection.access$3800(Client.java:414)
        at org.apache.hadoop.ipc.Client.getConnection(Client.java:1677)
        at org.apache.hadoop.ipc.Client.call(Client.java:1502)
        at org.apache.hadoop.ipc.Client.call(Client.java:1455)
        at org.apache.hadoop.ipc.ProtobufRpcEngine$Invoker.invoke(ProtobufRpcEngine.java:235)
        at org.apache.hadoop.ipc.ProtobufRpcEngine$Invoker.invoke(ProtobufRpcEngine.java:122)
        at com.sun.proxy.$Proxy51.submitRequest(Unknown Source)
        at org.apache.hadoop.ozone.protocolPB.StorageContainerDatanodeProtocolClientSideTranslatorPB.submitRequest(StorageContainerDatanodeProtocolClientSideTranslatorPB.java:117)
        at org.apache.hadoop.ozone.protocolPB.StorageContainerDatanodeProtocolClientSideTranslatorPB.sendHeartbeat(StorageContainerDatanodeProtocolClientSideTranslatorPB.java:149)
        at org.apache.hadoop.ozone.container.common.states.endpoint.HeartbeatEndpointTask.call(HeartbeatEndpointTask.java:185)
        at org.apache.hadoop.ozone.container.common.states.endpoint.HeartbeatEndpointTask.call(HeartbeatEndpointTask.java:87)
        at java.util.concurrent.FutureTask.run(FutureTask.java:266)
        at java.util.concurrent.ThreadPoolExecutor.runWorker(ThreadPoolExecutor.java:1149)
        at java.util.concurrent.ThreadPoolExecutor$Worker.run(ThreadPoolExecutor.java:624)
        at java.lang.Thread.run(Thread.java:750)
"java.util.concurrent.ThreadPoolExecutor$Worker@34ff3810[State = -1, empty queue]" daemon prio=5 tid=1046 timed_waiting
java.lang.Thread.State: TIMED_WAITING
        at sun.misc.Unsafe.park(Native Method)
        at java.util.concurrent.locks.LockSupport.parkNanos(LockSupport.java:215)
        at java.util.concurrent.locks.AbstractQueuedSynchronizer$ConditionObject.awaitNanos(AbstractQueuedSynchronizer.java:2078)
        at java.util.concurrent.ScheduledThreadPoolExecutor$DelayedWorkQueue.take(ScheduledThreadPoolExecutor.java:1093)
        at java.util.concurrent.ScheduledThreadPoolExecutor$DelayedWorkQueue.take(ScheduledThreadPoolExecutor.java:809)
        at java.util.concurrent.ThreadPoolExecutor.getTask(ThreadPoolExecutor.java:1074)
        at java.util.concurrent.ThreadPoolExecutor.runWorker(ThreadPoolExecutor.java:1134)
        at java.util.concurrent.ThreadPoolExecutor$Worker.run(ThreadPoolExecutor.java:624)
        at java.lang.Thread.run(Thread.java:750)
"java.util.concurrent.ThreadPoolExecutor$Worker@271b3ef9[State = -1, empty queue]" daemon prio=5 tid=405 timed_waiting
java.lang.Thread.State: TIMED_WAITING
        at sun.misc.Unsafe.park(Native Method)
        at java.util.concurrent.locks.LockSupport.parkNanos(LockSupport.java:215)
        at java.util.concurrent.locks.AbstractQueuedSynchronizer$ConditionObject.awaitNanos(AbstractQueuedSynchronizer.java:2078)
        at java.util.concurrent.ScheduledThreadPoolExecutor$DelayedWorkQueue.take(ScheduledThreadPoolExecutor.java:1093)
        at java.util.concurrent.ScheduledThreadPoolExecutor$DelayedWorkQueue.take(ScheduledThreadPoolExecutor.java:809)
        at java.util.concurrent.ThreadPoolExecutor.getTask(ThreadPoolExecutor.java:1074)
        at java.util.concurrent.ThreadPoolExecutor.runWorker(ThreadPoolExecutor.java:1134)
        at java.util.concurrent.ThreadPoolExecutor$Worker.run(ThreadPoolExecutor.java:624)
        at java.lang.Thread.run(Thread.java:750)
"surefire-forkedjvm-command-thread" daemon prio=5 tid=10 runnable
java.lang.Thread.State: RUNNABLE
        at java.io.FileInputStream.readBytes(Native Method)
        at java.io.FileInputStream.read(FileInputStream.java:255)
        at java.io.BufferedInputStream.read1(BufferedInputStream.java:284)
        at java.io.BufferedInputStream.read(BufferedInputStream.java:345)
        at java.io.BufferedInputStream.fill(BufferedInputStream.java:246)
        at java.io.BufferedInputStream.read1(BufferedInputStream.java:286)
        at java.io.BufferedInputStream.read(BufferedInputStream.java:345)
        at org.apache.maven.surefire.api.util.internal.Channels$3.readImpl(Channels.java:214)
        at org.apache.maven.surefire.api.util.internal.AbstractNoninterruptibleReadableChannel.read(AbstractNoninterruptibleReadableChannel.java:54)
        at org.apache.maven.surefire.booter.spi.LegacyMasterProcessChannelDecoder.decode(LegacyMasterProcessChannelDecoder.java:80)
        at org.apache.maven.surefire.booter.CommandReader$CommandRunnable.run(CommandReader.java:343)
        at java.lang.Thread.run(Thread.java:750)
"FullTableCache Cleanup Thread - 0" daemon prio=5 tid=1136 in Object.wait()
java.lang.Thread.State: WAITING (on object monitor)
        at sun.misc.Unsafe.park(Native Method)
        at java.util.concurrent.locks.LockSupport.park(LockSupport.java:175)
        at java.util.concurrent.locks.AbstractQueuedSynchronizer$ConditionObject.await(AbstractQueuedSynchronizer.java:2039)
        at java.util.concurrent.LinkedBlockingQueue.take(LinkedBlockingQueue.java:442)
        at java.util.concurrent.ThreadPoolExecutor.getTask(ThreadPoolExecutor.java:1074)
        at java.util.concurrent.ThreadPoolExecutor.runWorker(ThreadPoolExecutor.java:1134)
        at java.util.concurrent.ThreadPoolExecutor$Worker.run(ThreadPoolExecutor.java:624)
        at java.lang.Thread.run(Thread.java:750)
"EndpointStateMachine task thread for /127.0.0.1:46545 - 0 "  prio=5 tid=930 blocked
java.lang.Thread.State: BLOCKED
        at org.apache.hadoop.ipc.Client$Connection.addCall(Client.java:522)
        at org.apache.hadoop.ipc.Client$Connection.access$3700(Client.java:414)
        at org.apache.hadoop.ipc.Client.getConnection(Client.java:1664)
        at org.apache.hadoop.ipc.Client.call(Client.java:1502)
        at org.apache.hadoop.ipc.Client.call(Client.java:1455)
        at org.apache.hadoop.ipc.ProtobufRpcEngine$Invoker.invoke(ProtobufRpcEngine.java:235)
        at org.apache.hadoop.ipc.ProtobufRpcEngine$Invoker.invoke(ProtobufRpcEngine.java:122)
        at com.sun.proxy.$Proxy51.submitRequest(Unknown Source)
        at org.apache.hadoop.ozone.protocolPB.StorageContainerDatanodeProtocolClientSideTranslatorPB.submitRequest(StorageContainerDatanodeProtocolClientSideTranslatorPB.java:117)
        at org.apache.hadoop.ozone.protocolPB.StorageContainerDatanodeProtocolClientSideTranslatorPB.sendHeartbeat(StorageContainerDatanodeProtocolClientSideTranslatorPB.java:149)
        at org.apache.hadoop.ozone.container.common.states.endpoint.HeartbeatEndpointTask.call(HeartbeatEndpointTask.java:185)
        at org.apache.hadoop.ozone.container.common.states.endpoint.HeartbeatEndpointTask.call(HeartbeatEndpointTask.java:87)
        at java.util.concurrent.FutureTask.run(FutureTask.java:266)
        at java.util.concurrent.ThreadPoolExecutor.runWorker(ThreadPoolExecutor.java:1149)
        at java.util.concurrent.ThreadPoolExecutor$Worker.run(ThreadPoolExecutor.java:624)
        at java.lang.Thread.run(Thread.java:750)
"java.util.concurrent.ThreadPoolExecutor$Worker@18bee5e5[State = -1, empty queue]" daemon prio=5 tid=1059 timed_waiting
java.lang.Thread.State: TIMED_WAITING
        at sun.misc.Unsafe.park(Native Method)
        at java.util.concurrent.locks.LockSupport.parkNanos(LockSupport.java:215)
        at java.util.concurrent.locks.AbstractQueuedSynchronizer$ConditionObject.awaitNanos(AbstractQueuedSynchronizer.java:2078)
        at java.util.concurrent.ScheduledThreadPoolExecutor$DelayedWorkQueue.take(ScheduledThreadPoolExecutor.java:1093)
        at java.util.concurrent.ScheduledThreadPoolExecutor$DelayedWorkQueue.take(ScheduledThreadPoolExecutor.java:809)
        at java.util.concurrent.ThreadPoolExecutor.getTask(ThreadPoolExecutor.java:1074)
        at java.util.concurrent.ThreadPoolExecutor.runWorker(ThreadPoolExecutor.java:1134)
        at java.util.concurrent.ThreadPoolExecutor$Worker.run(ThreadPoolExecutor.java:624)
        at java.lang.Thread.run(Thread.java:750)
"FullTableCache Cleanup Thread - 0" daemon prio=5 tid=1135 in Object.wait()
java.lang.Thread.State: WAITING (on object monitor)
        at sun.misc.Unsafe.park(Native Method)
        at java.util.concurrent.locks.LockSupport.park(LockSupport.java:175)
        at java.util.concurrent.locks.AbstractQueuedSynchronizer$ConditionObject.await(AbstractQueuedSynchronizer.java:2039)
        at java.util.concurrent.LinkedBlockingQueue.take(LinkedBlockingQueue.java:442)
        at java.util.concurrent.ThreadPoolExecutor.getTask(ThreadPoolExecutor.java:1074)
        at java.util.concurrent.ThreadPoolExecutor.runWorker(ThreadPoolExecutor.java:1134)
        at java.util.concurrent.ThreadPoolExecutor$Worker.run(ThreadPoolExecutor.java:624)
        at java.lang.Thread.run(Thread.java:750)
"IPC Parameter Sending Thread #2" daemon prio=5 tid=894 timed_waiting
java.lang.Thread.State: TIMED_WAITING
        at sun.misc.Unsafe.park(Native Method)
        at java.util.concurrent.locks.LockSupport.parkNanos(LockSupport.java:215)
        at java.util.concurrent.SynchronousQueue$TransferStack.awaitFulfill(SynchronousQueue.java:460)
        at java.util.concurrent.SynchronousQueue$TransferStack.transfer(SynchronousQueue.java:362)
        at java.util.concurrent.SynchronousQueue.poll(SynchronousQueue.java:941)
        at java.util.concurrent.ThreadPoolExecutor.getTask(ThreadPoolExecutor.java:1073)
        at java.util.concurrent.ThreadPoolExecutor.runWorker(ThreadPoolExecutor.java:1134)
        at java.util.concurrent.ThreadPoolExecutor$Worker.run(ThreadPoolExecutor.java:624)
        at java.lang.Thread.run(Thread.java:750)
"EndpointStateMachine task thread for /127.0.0.1:33963 - 0 "  prio=5 tid=888 blocked
java.lang.Thread.State: BLOCKED
        at org.apache.hadoop.ipc.Client$Connection.addCall(Client.java:522)
        at org.apache.hadoop.ipc.Client$Connection.access$3700(Client.java:414)
        at org.apache.hadoop.ipc.Client.getConnection(Client.java:1664)
        at org.apache.hadoop.ipc.Client.call(Client.java:1502)
        at org.apache.hadoop.ipc.Client.call(Client.java:1455)
        at org.apache.hadoop.ipc.ProtobufRpcEngine$Invoker.invoke(ProtobufRpcEngine.java:235)
        at org.apache.hadoop.ipc.ProtobufRpcEngine$Invoker.invoke(ProtobufRpcEngine.java:122)
        at com.sun.proxy.$Proxy51.submitRequest(Unknown Source)
        at org.apache.hadoop.ozone.protocolPB.StorageContainerDatanodeProtocolClientSideTranslatorPB.submitRequest(StorageContainerDatanodeProtocolClientSideTranslatorPB.java:117)
        at org.apache.hadoop.ozone.protocolPB.StorageContainerDatanodeProtocolClientSideTranslatorPB.sendHeartbeat(StorageContainerDatanodeProtocolClientSideTranslatorPB.java:149)
        at org.apache.hadoop.ozone.container.common.states.endpoint.HeartbeatEndpointTask.call(HeartbeatEndpointTask.java:185)
        at org.apache.hadoop.ozone.container.common.states.endpoint.HeartbeatEndpointTask.call(HeartbeatEndpointTask.java:87)
        at java.util.concurrent.FutureTask.run(FutureTask.java:266)
        at java.util.concurrent.ThreadPoolExecutor.runWorker(ThreadPoolExecutor.java:1149)
        at java.util.concurrent.ThreadPoolExecutor$Worker.run(ThreadPoolExecutor.java:624)
        at java.lang.Thread.run(Thread.java:750)
"FullTableCache Cleanup Thread - 0" daemon prio=5 tid=1143 in Object.wait()
java.lang.Thread.State: WAITING (on object monitor)
        at sun.misc.Unsafe.park(Native Method)
        at java.util.concurrent.locks.LockSupport.park(LockSupport.java:175)
        at java.util.concurrent.locks.AbstractQueuedSynchronizer$ConditionObject.await(AbstractQueuedSynchronizer.java:2039)
        at java.util.concurrent.LinkedBlockingQueue.take(LinkedBlockingQueue.java:442)
        at java.util.concurrent.ThreadPoolExecutor.getTask(ThreadPoolExecutor.java:1074)
        at java.util.concurrent.ThreadPoolExecutor.runWorker(ThreadPoolExecutor.java:1134)
        at java.util.concurrent.ThreadPoolExecutor$Worker.run(ThreadPoolExecutor.java:624)
        at java.lang.Thread.run(Thread.java:750)
"EndpointStateMachine task thread for /127.0.0.1:44779 - 0 "  prio=5 tid=913 blocked
java.lang.Thread.State: BLOCKED
        at org.apache.hadoop.ipc.Client$Connection.addCall(Client.java:522)
        at org.apache.hadoop.ipc.Client$Connection.access$3700(Client.java:414)
        at org.apache.hadoop.ipc.Client.getConnection(Client.java:1664)
        at org.apache.hadoop.ipc.Client.call(Client.java:1502)
        at org.apache.hadoop.ipc.Client.call(Client.java:1455)
        at org.apache.hadoop.ipc.ProtobufRpcEngine$Invoker.invoke(ProtobufRpcEngine.java:235)
        at org.apache.hadoop.ipc.ProtobufRpcEngine$Invoker.invoke(ProtobufRpcEngine.java:122)
        at com.sun.proxy.$Proxy51.submitRequest(Unknown Source)
        at org.apache.hadoop.ozone.protocolPB.StorageContainerDatanodeProtocolClientSideTranslatorPB.submitRequest(StorageContainerDatanodeProtocolClientSideTranslatorPB.java:117)
        at org.apache.hadoop.ozone.protocolPB.StorageContainerDatanodeProtocolClientSideTranslatorPB.sendHeartbeat(StorageContainerDatanodeProtocolClientSideTranslatorPB.java:149)
        at org.apache.hadoop.ozone.container.common.states.endpoint.HeartbeatEndpointTask.call(HeartbeatEndpointTask.java:185)
        at org.apache.hadoop.ozone.container.common.states.endpoint.HeartbeatEndpointTask.call(HeartbeatEndpointTask.java:87)
        at java.util.concurrent.FutureTask.run(FutureTask.java:266)
        at java.util.concurrent.ThreadPoolExecutor.runWorker(ThreadPoolExecutor.java:1149)
        at java.util.concurrent.ThreadPoolExecutor$Worker.run(ThreadPoolExecutor.java:624)
        at java.lang.Thread.run(Thread.java:750)
"FullTableCache Cleanup Thread - 0" daemon prio=5 tid=1144 in Object.wait()
java.lang.Thread.State: WAITING (on object monitor)
        at sun.misc.Unsafe.park(Native Method)
        at java.util.concurrent.locks.LockSupport.park(LockSupport.java:175)
        at java.util.concurrent.locks.AbstractQueuedSynchronizer$ConditionObject.await(AbstractQueuedSynchronizer.java:2039)
        at java.util.concurrent.LinkedBlockingQueue.take(LinkedBlockingQueue.java:442)
        at java.util.concurrent.ThreadPoolExecutor.getTask(ThreadPoolExecutor.java:1074)
        at java.util.concurrent.ThreadPoolExecutor.runWorker(ThreadPoolExecutor.java:1134)
        at java.util.concurrent.ThreadPoolExecutor$Worker.run(ThreadPoolExecutor.java:624)
        at java.lang.Thread.run(Thread.java:750)
"IPC Parameter Sending Thread #1" daemon prio=5 tid=893 timed_waiting
java.lang.Thread.State: TIMED_WAITING
        at sun.misc.Unsafe.park(Native Method)
        at java.util.concurrent.locks.LockSupport.parkNanos(LockSupport.java:215)
        at java.util.concurrent.SynchronousQueue$TransferStack.awaitFulfill(SynchronousQueue.java:460)
        at java.util.concurrent.SynchronousQueue$TransferStack.transfer(SynchronousQueue.java:362)
        at java.util.concurrent.SynchronousQueue.poll(SynchronousQueue.java:941)
        at java.util.concurrent.ThreadPoolExecutor.getTask(ThreadPoolExecutor.java:1073)
        at java.util.concurrent.ThreadPoolExecutor.runWorker(ThreadPoolExecutor.java:1134)
        at java.util.concurrent.ThreadPoolExecutor$Worker.run(ThreadPoolExecutor.java:624)
        at java.lang.Thread.run(Thread.java:750)
"EndpointStateMachine task thread for /127.0.0.1:46545 - 0 "  prio=5 tid=887 timed_waiting
java.lang.Thread.State: TIMED_WAITING
        at java.lang.Thread.sleep(Native Method)
        at org.apache.hadoop.ipc.Client$Connection.handleConnectionFailure(Client.java:1005)
        at org.apache.hadoop.ipc.Client$Connection.setupConnection(Client.java:734)
        at org.apache.hadoop.ipc.Client$Connection.setupIOstreams(Client.java:833)
        at org.apache.hadoop.ipc.Client$Connection.access$3800(Client.java:414)
        at org.apache.hadoop.ipc.Client.getConnection(Client.java:1677)
        at org.apache.hadoop.ipc.Client.call(Client.java:1502)
        at org.apache.hadoop.ipc.Client.call(Client.java:1455)
        at org.apache.hadoop.ipc.ProtobufRpcEngine$Invoker.invoke(ProtobufRpcEngine.java:235)
        at org.apache.hadoop.ipc.ProtobufRpcEngine$Invoker.invoke(ProtobufRpcEngine.java:122)
        at com.sun.proxy.$Proxy51.submitRequest(Unknown Source)
        at org.apache.hadoop.ozone.protocolPB.StorageContainerDatanodeProtocolClientSideTranslatorPB.submitRequest(StorageContainerDatanodeProtocolClientSideTranslatorPB.java:117)
        at org.apache.hadoop.ozone.protocolPB.StorageContainerDatanodeProtocolClientSideTranslatorPB.sendHeartbeat(StorageContainerDatanodeProtocolClientSideTranslatorPB.java:149)
        at org.apache.hadoop.ozone.container.common.states.endpoint.HeartbeatEndpointTask.call(HeartbeatEndpointTask.java:185)
        at org.apache.hadoop.ozone.container.common.states.endpoint.HeartbeatEndpointTask.call(HeartbeatEndpointTask.java:87)
        at java.util.concurrent.FutureTask.run(FutureTask.java:266)
        at java.util.concurrent.ThreadPoolExecutor.runWorker(ThreadPoolExecutor.java:1149)
        at java.util.concurrent.ThreadPoolExecutor$Worker.run(ThreadPoolExecutor.java:624)
        at java.lang.Thread.run(Thread.java:750)
"SSL Certificates Store Monitor" daemon prio=5 tid=716 in Object.wait()
java.lang.Thread.State: WAITING (on object monitor)
        at java.lang.Object.wait(Native Method)
        at java.lang.Object.wait(Object.java:502)
        at java.util.TimerThread.mainLoop(Timer.java:526)
        at java.util.TimerThread.run(Timer.java:505)
"SSL Certificates Store Monitor" daemon prio=5 tid=603 in Object.wait()
java.lang.Thread.State: WAITING (on object monitor)
        at java.lang.Object.wait(Native Method)
        at java.lang.Object.wait(Object.java:502)
        at java.util.TimerThread.mainLoop(Timer.java:526)
        at java.util.TimerThread.run(Timer.java:505)
"FullTableCache Cleanup Thread - 0" daemon prio=5 tid=1142 in Object.wait()
java.lang.Thread.State: WAITING (on object monitor)
        at sun.misc.Unsafe.park(Native Method)
        at java.util.concurrent.locks.LockSupport.park(LockSupport.java:175)
        at java.util.concurrent.locks.AbstractQueuedSynchronizer$ConditionObject.await(AbstractQueuedSynchronizer.java:2039)
        at java.util.concurrent.LinkedBlockingQueue.take(LinkedBlockingQueue.java:442)
        at java.util.concurrent.ThreadPoolExecutor.getTask(ThreadPoolExecutor.java:1074)
        at java.util.concurrent.ThreadPoolExecutor.runWorker(ThreadPoolExecutor.java:1134)
        at java.util.concurrent.ThreadPoolExecutor$Worker.run(ThreadPoolExecutor.java:624)
        at java.lang.Thread.run(Thread.java:750)


	at org.apache.ozone.test.GenericTestUtils.waitFor(GenericTestUtils.java:224)
	at org.apache.hadoop.ozone.parser.TestOzoneHARatisLogParser.testRatisLogParsing(TestOzoneHARatisLogParser.java:129)
	at sun.reflect.NativeMethodAccessorImpl.invoke0(Native Method)
	at sun.reflect.NativeMethodAccessorImpl.invoke(NativeMethodAccessorImpl.java:62)
	at sun.reflect.DelegatingMethodAccessorImpl.invoke(DelegatingMethodAccessorImpl.java:43)
	at java.lang.reflect.Method.invoke(Method.java:498)
	at org.junit.runners.model.FrameworkMethod$1.runReflectiveCall(FrameworkMethod.java:59)
	at org.junit.internal.runners.model.ReflectiveCallable.run(ReflectiveCallable.java:12)
	at org.junit.runners.model.FrameworkMethod.invokeExplosively(FrameworkMethod.java:56)
	at org.junit.internal.runners.statements.InvokeMethod.evaluate(InvokeMethod.java:17)
	at org.junit.internal.runners.statements.RunBefores.evaluate(RunBefores.java:26)
	at org.junit.internal.runners.statements.RunAfters.evaluate(RunAfters.java:27)
	at org.junit.internal.runners.statements.FailOnTimeout$CallableStatement.call(FailOnTimeout.java:288)
	at org.junit.internal.runners.statements.FailOnTimeout$CallableStatement.call(FailOnTimeout.java:282)
	at java.util.concurrent.FutureTask.run(FutureTask.java:266)
	at java.lang.Thread.run(Thread.java:750)
]]></error>
    <system-out><![CDATA[2022-10-13 20:19:13,680 [Time-limited test] WARN  server.ServerUtils (ServerUtils.java:getScmDbDir(148)) - ozone.scm.db.dirs is not configured. We recommend adding this setting. Falling back to ozone.metadata.dirs instead.
2022-10-13 20:19:13,718 [Time-limited test] INFO  ha.SCMHANodeDetails (SCMHANodeDetails.java:loadSCMHAConfig(209)) - ServiceID for StorageContainerManager is scmServiceId
2022-10-13 20:19:13,731 [Time-limited test] INFO  ha.SCMHANodeDetails (SCMHANodeDetails.java:loadSCMHAConfig(220)) - ServiceID for StorageContainerManager is scmServiceId
2022-10-13 20:19:13,809 [Time-limited test] WARN  scm.ScmUtils (ScmUtils.java:logWarn(179)) - ConfigKey ozone.scm.block.client.address is deprecated, For configuring different ports for each SCM use PortConfigKey ozone.scm.block.client.port appended with serviceId and nodeId. If want to configure same port configure ozone.scm.block.client.port
2022-10-13 20:19:13,810 [Time-limited test] WARN  scm.ScmUtils (ScmUtils.java:logWarn(179)) - ConfigKey ozone.scm.client.address is deprecated, For configuring different ports for each SCM use PortConfigKey ozone.scm.client.port appended with serviceId and nodeId. If want to configure same port configure ozone.scm.client.port
2022-10-13 20:19:13,810 [Time-limited test] WARN  scm.ScmUtils (ScmUtils.java:logWarn(179)) - ConfigKey ozone.scm.datanode.address is deprecated, For configuring different ports for each SCM use PortConfigKey ozone.scm.datanode.port appended with serviceId and nodeId. If want to configure same port configure ozone.scm.datanode.port
2022-10-13 20:19:13,813 [Time-limited test] WARN  scm.ScmUtils (ScmUtils.java:logWarn(179)) - ConfigKey ozone.scm.block.client.address is deprecated, For configuring different ports for each SCM use PortConfigKey ozone.scm.block.client.port appended with serviceId and nodeId. If want to configure same port configure ozone.scm.block.client.port
2022-10-13 20:19:13,814 [Time-limited test] WARN  scm.ScmUtils (ScmUtils.java:logWarn(179)) - ConfigKey ozone.scm.client.address is deprecated, For configuring different ports for each SCM use PortConfigKey ozone.scm.client.port appended with serviceId and nodeId. If want to configure same port configure ozone.scm.client.port
2022-10-13 20:19:13,814 [Time-limited test] WARN  scm.ScmUtils (ScmUtils.java:logWarn(179)) - ConfigKey ozone.scm.datanode.address is deprecated, For configuring different ports for each SCM use PortConfigKey ozone.scm.datanode.port appended with serviceId and nodeId. If want to configure same port configure ozone.scm.datanode.port
2022-10-13 20:19:13,815 [Time-limited test] INFO  ha.SCMHANodeDetails (SCMHANodeDetails.java:loadSCMHAConfig(307)) - Found matching SCM address with SCMServiceId: scmServiceId, SCMNodeId: scmNode-1, RPC Address: localhost:34991 and Ratis port: 34991
2022-10-13 20:19:13,815 [Time-limited test] INFO  ha.SCMHANodeDetails (ConfUtils.java:setNodeSpecificConfigs(97)) - Setting configuration key ozone.scm.datanode.address with value of key ozone.scm.datanode.address.scmServiceId.scmNode-1: 127.0.0.1:33963
2022-10-13 20:19:13,816 [Time-limited test] INFO  ha.SCMHANodeDetails (ConfUtils.java:setNodeSpecificConfigs(97)) - Setting configuration key ozone.scm.block.client.address with value of key ozone.scm.block.client.address.scmServiceId.scmNode-1: 127.0.0.1:34209
2022-10-13 20:19:13,816 [Time-limited test] INFO  ha.SCMHANodeDetails (ConfUtils.java:setNodeSpecificConfigs(97)) - Setting configuration key ozone.scm.client.address with value of key ozone.scm.client.address.scmServiceId.scmNode-1: 127.0.0.1:43923
2022-10-13 20:19:13,816 [Time-limited test] INFO  ha.SCMHANodeDetails (ConfUtils.java:setNodeSpecificConfigs(97)) - Setting configuration key ozone.scm.ratis.port with value of key ozone.scm.ratis.port.scmServiceId.scmNode-1: 34991
2022-10-13 20:19:13,817 [Time-limited test] INFO  ha.SCMHANodeDetails (ConfUtils.java:setNodeSpecificConfigs(97)) - Setting configuration key ozone.scm.grpc.port with value of key ozone.scm.grpc.port.scmServiceId.scmNode-1: 43095
2022-10-13 20:19:13,818 [Time-limited test] INFO  ha.SCMHANodeDetails (ConfUtils.java:setNodeSpecificConfigs(97)) - Setting configuration key ozone.scm.http-address with value of key ozone.scm.http-address.scmServiceId.scmNode-1: 127.0.0.1:37639
2022-10-13 20:19:13,818 [Time-limited test] INFO  ha.SCMHANodeDetails (ConfUtils.java:setNodeSpecificConfigs(97)) - Setting configuration key ozone.scm.https-address with value of key ozone.scm.https-address.scmServiceId.scmNode-1: 127.0.0.1:34149
2022-10-13 20:19:13,818 [Time-limited test] INFO  ha.SCMHANodeDetails (ConfUtils.java:setNodeSpecificConfigs(97)) - Setting configuration key ozone.scm.address with value of key ozone.scm.address.scmServiceId.scmNode-1: 127.0.0.1
2022-10-13 20:19:13,819 [Time-limited test] WARN  scm.ScmUtils (ScmUtils.java:logWarn(179)) - ConfigKey ozone.scm.block.client.address is deprecated, For configuring different ports for each SCM use PortConfigKey ozone.scm.block.client.port appended with serviceId and nodeId. If want to configure same port configure ozone.scm.block.client.port
2022-10-13 20:19:13,819 [Time-limited test] WARN  scm.ScmUtils (ScmUtils.java:logWarn(179)) - ConfigKey ozone.scm.client.address is deprecated, For configuring different ports for each SCM use PortConfigKey ozone.scm.client.port appended with serviceId and nodeId. If want to configure same port configure ozone.scm.client.port
2022-10-13 20:19:13,820 [Time-limited test] WARN  scm.ScmUtils (ScmUtils.java:logWarn(179)) - ConfigKey ozone.scm.datanode.address is deprecated, For configuring different ports for each SCM use PortConfigKey ozone.scm.datanode.port appended with serviceId and nodeId. If want to configure same port configure ozone.scm.datanode.port
2022-10-13 20:19:13,942 [Time-limited test] INFO  server.RaftServer (ConfUtils.java:logGet(46)) - raft.rpc.type = GRPC (default)
2022-10-13 20:19:14,040 [Time-limited test] INFO  grpc.GrpcFactory (GrpcFactory.java:checkPooledByteBufAllocatorUseCacheForAllThreads(48)) - PERFORMANCE WARNING: useCacheForAllThreads is true that may cause Netty to create a lot garbage objects and, as a result, trigger GC.
	It is recommended to disable useCacheForAllThreads by setting -Dorg.apache.ratis.thirdparty.io.netty.allocator.useCacheForAllThreads=false in command line.
2022-10-13 20:19:14,046 [Time-limited test] INFO  grpc.GrpcConfigKeys (ConfUtils.java:logGet(46)) - raft.grpc.admin.port = -1 (default)
2022-10-13 20:19:14,047 [Time-limited test] INFO  grpc.GrpcConfigKeys (ConfUtils.java:logGet(46)) - raft.grpc.server.port = 34991 (custom)
2022-10-13 20:19:14,048 [Time-limited test] INFO  grpc.GrpcConfigKeys (ConfUtils.java:logGet(46)) - raft.grpc.client.port = -1 (default)
2022-10-13 20:19:14,048 [Time-limited test] INFO  grpc.GrpcConfigKeys (ConfUtils.java:logGet(46)) - raft.grpc.server.port = 34991 (custom)
2022-10-13 20:19:14,048 [Time-limited test] INFO  grpc.GrpcConfigKeys (ConfUtils.java:logGet(46)) - raft.grpc.server.port = 34991 (custom)
2022-10-13 20:19:14,050 [Time-limited test] INFO  server.GrpcService (ConfUtils.java:logGet(46)) - raft.grpc.message.size.max = 32m (=33554432) (custom)
2022-10-13 20:19:14,053 [Time-limited test] INFO  server.RaftServerConfigKeys (ConfUtils.java:logGet(46)) - raft.server.log.appender.buffer.byte-limit = 33554432 (custom)
2022-10-13 20:19:14,053 [Time-limited test] INFO  server.GrpcService (ConfUtils.java:logGet(46)) - raft.grpc.flow.control.window = 1MB (=1048576) (default)
2022-10-13 20:19:14,054 [Time-limited test] INFO  server.RaftServerConfigKeys (ConfUtils.java:logGet(46)) - raft.server.rpc.request.timeout = 30000ms (custom)
2022-10-13 20:19:14,083 [Time-limited test] INFO  grpc.GrpcConfigKeys (ConfUtils.java:logGet(46)) - raft.grpc.server.async.request.thread.pool.cached = true (default)
2022-10-13 20:19:14,084 [Time-limited test] INFO  grpc.GrpcConfigKeys (ConfUtils.java:logGet(46)) - raft.grpc.server.async.request.thread.pool.size = 32 (default)
2022-10-13 20:19:14,476 [Time-limited test] INFO  impl.DataStreamServerImpl (ConfUtils.java:logGet(46)) - raft.datastream.type = DISABLED (default)
2022-10-13 20:19:14,480 [Time-limited test] INFO  server.RaftServerConfigKeys (ConfUtils.java:logGet(46)) - raft.server.threadpool.proxy.cached = true (default)
2022-10-13 20:19:14,481 [Time-limited test] INFO  server.RaftServerConfigKeys (ConfUtils.java:logGet(46)) - raft.server.threadpool.proxy.size = 0 (default)
2022-10-13 20:19:14,481 [Time-limited test] INFO  server.RaftServerConfigKeys (ConfUtils.java:logGet(46)) - raft.server.rpc.slowness.timeout = 120000ms (custom)
2022-10-13 20:19:14,481 [Time-limited test] INFO  server.RaftServerConfigKeys (ConfUtils.java:logGet(46)) - raft.server.leaderelection.leader.step-down.wait-time = 10s (default)
2022-10-13 20:19:14,485 [Time-limited test] INFO  server.RaftServerConfigKeys (ConfUtils.java:logGet(46)) - raft.server.storage.dir = [/home/runner/work/ozone/ozone/hadoop-ozone/integration-test/target/test-dir/MiniOzoneClusterImpl-0c33195c-4715-4e74-9207-018c6aa32671/scmNode-1/scm-ha] (custom)
2022-10-13 20:19:14,496 [Time-limited test] INFO  server.RaftServer (RaftServerProxy.java:addNew(96)) - e2549e0e-20c3-4590-9573-c43d76d3b17a: addNew group-018C6AA32671:[e2549e0e-20c3-4590-9573-c43d76d3b17a|rpc:localhost:34991|priority:0] returns group-018C6AA32671:java.util.concurrent.CompletableFuture@544901b4[Not completed]
2022-10-13 20:19:14,515 [pool-2-thread-1] INFO  server.RaftServer$Division (RaftServerImpl.java:<init>(190)) - e2549e0e-20c3-4590-9573-c43d76d3b17a: new RaftServerImpl for group-018C6AA32671:[e2549e0e-20c3-4590-9573-c43d76d3b17a|rpc:localhost:34991|priority:0] with SCMStateMachine:uninitialized
2022-10-13 20:19:14,517 [pool-2-thread-1] INFO  server.RaftServerConfigKeys (ConfUtils.java:logGet(46)) - raft.server.rpc.timeout.min = 5000ms (custom)
2022-10-13 20:19:14,518 [pool-2-thread-1] INFO  server.RaftServerConfigKeys (ConfUtils.java:logGet(46)) - raft.server.rpc.timeout.max = 5200ms (custom)
2022-10-13 20:19:14,518 [pool-2-thread-1] INFO  server.RaftServerConfigKeys (ConfUtils.java:logGet(46)) - raft.server.rpc.sleep.time = 25ms (default)
2022-10-13 20:19:14,518 [pool-2-thread-1] INFO  server.RaftServerConfigKeys (ConfUtils.java:logGet(46)) - raft.server.rpc.slowness.timeout = 120000ms (custom)
2022-10-13 20:19:14,518 [pool-2-thread-1] INFO  server.RaftServerConfigKeys (ConfUtils.java:logGet(46)) - raft.server.leaderelection.leader.step-down.wait-time = 10s (default)
2022-10-13 20:19:14,519 [pool-2-thread-1] INFO  server.RaftServerConfigKeys (ConfUtils.java:logGet(46)) - raft.server.sleep.deviation.threshold = 300ms (default)
2022-10-13 20:19:14,526 [pool-2-thread-1] INFO  server.RaftServer$Division (ServerState.java:<init>(107)) - e2549e0e-20c3-4590-9573-c43d76d3b17a@group-018C6AA32671: ConfigurationManager, init=-1: [e2549e0e-20c3-4590-9573-c43d76d3b17a|rpc:localhost:34991|priority:0], old=null, confs=<EMPTY_MAP>
2022-10-13 20:19:14,526 [pool-2-thread-1] INFO  server.RaftServerConfigKeys (ConfUtils.java:logGet(46)) - raft.server.storage.dir = [/home/runner/work/ozone/ozone/hadoop-ozone/integration-test/target/test-dir/MiniOzoneClusterImpl-0c33195c-4715-4e74-9207-018c6aa32671/scmNode-1/scm-ha] (custom)
2022-10-13 20:19:14,546 [pool-2-thread-1] INFO  server.RaftServerConfigKeys (ConfUtils.java:logGet(46)) - raft.server.log.corruption.policy = EXCEPTION (default)
2022-10-13 20:19:14,546 [pool-2-thread-1] INFO  server.RaftServerConfigKeys (ConfUtils.java:logGet(46)) - raft.server.storage.free-space.min = 0MB (=0) (default)
2022-10-13 20:19:14,548 [pool-2-thread-1] INFO  storage.RaftStorageDirectory (RaftStorageDirectoryImpl.java:analyzeStorage(135)) - The storage directory /home/runner/work/ozone/ozone/hadoop-ozone/integration-test/target/test-dir/MiniOzoneClusterImpl-0c33195c-4715-4e74-9207-018c6aa32671/scmNode-1/scm-ha/0c33195c-4715-4e74-9207-018c6aa32671 does not exist. Creating ...
2022-10-13 20:19:14,553 [pool-2-thread-1] INFO  storage.RaftStorageDirectory (RaftStorageDirectoryImpl.java:tryLock(230)) - Lock on /home/runner/work/ozone/ozone/hadoop-ozone/integration-test/target/test-dir/MiniOzoneClusterImpl-0c33195c-4715-4e74-9207-018c6aa32671/scmNode-1/scm-ha/0c33195c-4715-4e74-9207-018c6aa32671/in_use.lock acquired by nodename 2881@fv-az186-171
2022-10-13 20:19:14,564 [pool-2-thread-1] INFO  storage.RaftStorage (RaftStorageImpl.java:format(89)) - Storage directory /home/runner/work/ozone/ozone/hadoop-ozone/integration-test/target/test-dir/MiniOzoneClusterImpl-0c33195c-4715-4e74-9207-018c6aa32671/scmNode-1/scm-ha/0c33195c-4715-4e74-9207-018c6aa32671 has been successfully formatted.
2022-10-13 20:19:14,569 [pool-2-thread-1] INFO  server.RaftServerConfigKeys (ConfUtils.java:logGet(46)) - raft.server.notification.no-leader.timeout = 60s (default)
2022-10-13 20:19:14,572 [pool-2-thread-1] INFO  server.RaftServerConfigKeys (ConfUtils.java:logGet(46)) - raft.server.log.use.memory = false (default)
2022-10-13 20:19:14,583 [pool-2-thread-1] INFO  server.RaftServerConfigKeys (ConfUtils.java:logGet(46)) - raft.server.log.purge.gap = 1000000 (custom)
2022-10-13 20:19:14,583 [pool-2-thread-1] INFO  server.RaftServerConfigKeys (ConfUtils.java:logGet(46)) - raft.server.log.appender.buffer.byte-limit = 33554432 (custom)
2022-10-13 20:19:14,586 [pool-2-thread-1] INFO  server.RaftServerConfigKeys (ConfUtils.java:logGet(46)) - raft.server.log.statemachine.data.read.timeout = 1000ms (default)
2022-10-13 20:19:14,594 [pool-2-thread-1] INFO  metrics.MetricRegistries (MetricRegistriesLoader.java:load(64)) - Loaded MetricRegistries class org.apache.ratis.metrics.impl.MetricRegistriesImpl
2022-10-13 20:19:14,691 [pool-2-thread-1] INFO  server.RaftServerConfigKeys (ConfUtils.java:logGet(46)) - raft.server.log.segment.size.max = 4194304 (custom)
2022-10-13 20:19:14,701 [pool-2-thread-1] INFO  server.RaftServerConfigKeys (ConfUtils.java:logGet(46)) - raft.server.log.segment.cache.num.max = 2 (custom)
2022-10-13 20:19:14,702 [pool-2-thread-1] INFO  server.RaftServerConfigKeys (ConfUtils.java:logGet(46)) - raft.server.log.segment.cache.size.max = 200MB (=209715200) (default)
2022-10-13 20:19:14,708 [pool-2-thread-1] INFO  segmented.SegmentedRaftLogWorker (SegmentedRaftLogWorker.java:<init>(187)) - new e2549e0e-20c3-4590-9573-c43d76d3b17a@group-018C6AA32671-SegmentedRaftLogWorker for RaftStorageImpl:Storage Directory /home/runner/work/ozone/ozone/hadoop-ozone/integration-test/target/test-dir/MiniOzoneClusterImpl-0c33195c-4715-4e74-9207-018c6aa32671/scmNode-1/scm-ha/0c33195c-4715-4e74-9207-018c6aa32671
2022-10-13 20:19:14,708 [pool-2-thread-1] INFO  server.RaftServerConfigKeys (ConfUtils.java:logGet(46)) - raft.server.log.queue.byte-limit = 64MB (=67108864) (default)
2022-10-13 20:19:14,709 [pool-2-thread-1] INFO  server.RaftServerConfigKeys (ConfUtils.java:logGet(46)) - raft.server.log.queue.element-limit = 4096 (default)
2022-10-13 20:19:14,710 [pool-2-thread-1] INFO  server.RaftServerConfigKeys (ConfUtils.java:logGet(46)) - raft.server.log.segment.size.max = 4194304 (custom)
2022-10-13 20:19:14,711 [pool-2-thread-1] INFO  server.RaftServerConfigKeys (ConfUtils.java:logGet(46)) - raft.server.log.preallocated.size = 4194304 (custom)
2022-10-13 20:19:14,712 [pool-2-thread-1] INFO  server.RaftServerConfigKeys (ConfUtils.java:logGet(46)) - raft.server.log.force.sync.num = 128 (default)
2022-10-13 20:19:14,713 [pool-2-thread-1] INFO  server.RaftServerConfigKeys (ConfUtils.java:logGet(46)) - raft.server.log.statemachine.data.sync = true (default)
2022-10-13 20:19:14,713 [pool-2-thread-1] INFO  server.RaftServerConfigKeys (ConfUtils.java:logGet(46)) - raft.server.log.statemachine.data.sync.timeout = 10s (default)
2022-10-13 20:19:14,714 [pool-2-thread-1] INFO  server.RaftServerConfigKeys (ConfUtils.java:logGet(46)) - raft.server.log.statemachine.data.sync.timeout.retry = -1 (default)
2022-10-13 20:19:14,725 [pool-2-thread-1] INFO  server.RaftServerConfigKeys (ConfUtils.java:logGet(46)) - raft.server.log.write.buffer.size = 64KB (=65536) (default)
2022-10-13 20:19:14,726 [pool-2-thread-1] INFO  server.RaftServerConfigKeys (ConfUtils.java:logGet(46)) - raft.server.log.unsafe-flush.enabled = false (default)
2022-10-13 20:19:14,727 [pool-2-thread-1] INFO  server.RaftServerConfigKeys (ConfUtils.java:logGet(46)) - raft.server.log.statemachine.data.caching.enabled = false (default)
2022-10-13 20:19:14,743 [pool-2-thread-1] INFO  segmented.SegmentedRaftLogWorker (SegmentedRaftLogWorker.java:lambda$new$0(135)) - e2549e0e-20c3-4590-9573-c43d76d3b17a@group-018C6AA32671-SegmentedRaftLogWorker: flushIndex: setUnconditionally 0 -> -1
2022-10-13 20:19:14,744 [pool-2-thread-1] INFO  segmented.SegmentedRaftLogWorker (SegmentedRaftLogWorker.java:lambda$new$0(135)) - e2549e0e-20c3-4590-9573-c43d76d3b17a@group-018C6AA32671-SegmentedRaftLogWorker: safeCacheEvictIndex: setUnconditionally 0 -> -1
2022-10-13 20:19:14,748 [pool-2-thread-1] INFO  server.RaftServerConfigKeys (ConfUtils.java:logGet(46)) - raft.server.snapshot.auto.trigger.enabled = true (custom)
2022-10-13 20:19:14,750 [pool-2-thread-1] INFO  server.RaftServerConfigKeys (ConfUtils.java:logGet(46)) - raft.server.snapshot.auto.trigger.threshold = 1000 (custom)
2022-10-13 20:19:14,754 [pool-2-thread-1] INFO  server.RaftServerConfigKeys (ConfUtils.java:logGet(46)) - raft.server.snapshot.retention.file.num = -1 (default)
2022-10-13 20:19:14,755 [pool-2-thread-1] INFO  server.RaftServerConfigKeys (ConfUtils.java:logGet(46)) - raft.server.log.purge.upto.snapshot.index = false (default)
2022-10-13 20:19:14,757 [pool-2-thread-1] INFO  server.RaftServerConfigKeys (ConfUtils.java:logGet(46)) - raft.server.retrycache.expirytime = 60000ms (default)
2022-10-13 20:19:14,757 [pool-2-thread-1] INFO  server.RaftServerConfigKeys (ConfUtils.java:logGet(46)) - raft.server.retrycache.statistics.expirytime = 100μs (default)
2022-10-13 20:19:14,818 [pool-2-thread-1] INFO  server.RaftServerConfigKeys (ConfUtils.java:logGet(46)) - raft.server.log.appender.install.snapshot.enabled = false (custom)
2022-10-13 20:19:14,819 [pool-2-thread-1] INFO  server.RaftServerConfigKeys (ConfUtils.java:logGet(46)) - raft.server.threadpool.server.cached = true (default)
2022-10-13 20:19:14,821 [pool-2-thread-1] INFO  server.RaftServerConfigKeys (ConfUtils.java:logGet(46)) - raft.server.threadpool.server.size = 0 (default)
2022-10-13 20:19:14,822 [pool-2-thread-1] INFO  server.RaftServerConfigKeys (ConfUtils.java:logGet(46)) - raft.server.threadpool.client.cached = true (default)
2022-10-13 20:19:14,822 [pool-2-thread-1] INFO  server.RaftServerConfigKeys (ConfUtils.java:logGet(46)) - raft.server.threadpool.client.size = 0 (default)
2022-10-13 20:19:14,824 [e2549e0e-20c3-4590-9573-c43d76d3b17a-impl-thread1] INFO  server.RaftServer$Division (RaftServerImpl.java:start(310)) - e2549e0e-20c3-4590-9573-c43d76d3b17a@group-018C6AA32671: start as a follower, conf=-1: [e2549e0e-20c3-4590-9573-c43d76d3b17a|rpc:localhost:34991|priority:0], old=null
2022-10-13 20:19:14,824 [e2549e0e-20c3-4590-9573-c43d76d3b17a-impl-thread1] INFO  server.RaftServer$Division (RaftServerImpl.java:setRole(299)) - e2549e0e-20c3-4590-9573-c43d76d3b17a@group-018C6AA32671: changes role from      null to FOLLOWER at term 0 for startAsFollower
2022-10-13 20:19:14,826 [e2549e0e-20c3-4590-9573-c43d76d3b17a-impl-thread1] INFO  impl.RoleInfo (RoleInfo.java:updateAndGet(139)) - e2549e0e-20c3-4590-9573-c43d76d3b17a: start e2549e0e-20c3-4590-9573-c43d76d3b17a@group-018C6AA32671-FollowerState
2022-10-13 20:19:14,830 [e2549e0e-20c3-4590-9573-c43d76d3b17a-impl-thread1] INFO  util.JmxRegister (JmxRegister.java:tryRegister(44)) - Successfully registered JMX Bean with object name Ratis:service=RaftServer,group=group-018C6AA32671,id=e2549e0e-20c3-4590-9573-c43d76d3b17a
2022-10-13 20:19:14,837 [Time-limited test] INFO  server.RaftServer (RaftServerProxy.java:lambda$start$6(382)) - e2549e0e-20c3-4590-9573-c43d76d3b17a: start RPC server
2022-10-13 20:19:14,912 [Time-limited test] INFO  server.GrpcService (GrpcService.java:startImpl(260)) - e2549e0e-20c3-4590-9573-c43d76d3b17a: GrpcService started, listening on 34991
2022-10-13 20:19:14,915 [org.apache.ratis.util.JvmPauseMonitor$$Lambda$519/1431033796@30d3efc8] INFO  util.JvmPauseMonitor (JvmPauseMonitor.java:run(103)) - JvmPauseMonitor-e2549e0e-20c3-4590-9573-c43d76d3b17a: Started
2022-10-13 20:19:19,977 [e2549e0e-20c3-4590-9573-c43d76d3b17a@group-018C6AA32671-FollowerState] INFO  impl.FollowerState (FollowerState.java:run(143)) - e2549e0e-20c3-4590-9573-c43d76d3b17a@group-018C6AA32671-FollowerState: change to CANDIDATE, lastRpcElapsedTime:5151760867ns, electionTimeout:5139ms
2022-10-13 20:19:19,978 [e2549e0e-20c3-4590-9573-c43d76d3b17a@group-018C6AA32671-FollowerState] INFO  impl.RoleInfo (RoleInfo.java:shutdownFollowerState(110)) - e2549e0e-20c3-4590-9573-c43d76d3b17a: shutdown e2549e0e-20c3-4590-9573-c43d76d3b17a@group-018C6AA32671-FollowerState
2022-10-13 20:19:19,978 [e2549e0e-20c3-4590-9573-c43d76d3b17a@group-018C6AA32671-FollowerState] INFO  server.RaftServer$Division (RaftServerImpl.java:setRole(299)) - e2549e0e-20c3-4590-9573-c43d76d3b17a@group-018C6AA32671: changes role from  FOLLOWER to CANDIDATE at term 0 for changeToCandidate
2022-10-13 20:19:19,982 [e2549e0e-20c3-4590-9573-c43d76d3b17a@group-018C6AA32671-FollowerState] INFO  server.RaftServerConfigKeys (ConfUtils.java:logGet(46)) - raft.server.leaderelection.pre-vote = false (custom)
2022-10-13 20:19:19,982 [e2549e0e-20c3-4590-9573-c43d76d3b17a@group-018C6AA32671-FollowerState] INFO  impl.RoleInfo (RoleInfo.java:updateAndGet(139)) - e2549e0e-20c3-4590-9573-c43d76d3b17a: start e2549e0e-20c3-4590-9573-c43d76d3b17a@group-018C6AA32671-LeaderElection1
2022-10-13 20:19:19,988 [e2549e0e-20c3-4590-9573-c43d76d3b17a@group-018C6AA32671-LeaderElection1] INFO  impl.LeaderElection (LeaderElection.java:askForVotes(310)) - e2549e0e-20c3-4590-9573-c43d76d3b17a@group-018C6AA32671-LeaderElection1 ELECTION round 0: submit vote requests at term 1 for -1: [e2549e0e-20c3-4590-9573-c43d76d3b17a|rpc:localhost:34991|priority:0], old=null
2022-10-13 20:19:19,990 [e2549e0e-20c3-4590-9573-c43d76d3b17a@group-018C6AA32671-LeaderElection1] INFO  impl.LeaderElection (LeaderElection.java:askForVotes(312)) - e2549e0e-20c3-4590-9573-c43d76d3b17a@group-018C6AA32671-LeaderElection1 ELECTION round 0: result PASSED (term=1)
2022-10-13 20:19:19,991 [e2549e0e-20c3-4590-9573-c43d76d3b17a@group-018C6AA32671-LeaderElection1] INFO  impl.RoleInfo (RoleInfo.java:shutdownLeaderElection(130)) - e2549e0e-20c3-4590-9573-c43d76d3b17a: shutdown e2549e0e-20c3-4590-9573-c43d76d3b17a@group-018C6AA32671-LeaderElection1
2022-10-13 20:19:19,991 [e2549e0e-20c3-4590-9573-c43d76d3b17a@group-018C6AA32671-LeaderElection1] INFO  server.RaftServer$Division (RaftServerImpl.java:setRole(299)) - e2549e0e-20c3-4590-9573-c43d76d3b17a@group-018C6AA32671: changes role from CANDIDATE to LEADER at term 1 for changeToLeader
2022-10-13 20:19:19,991 [e2549e0e-20c3-4590-9573-c43d76d3b17a@group-018C6AA32671-LeaderElection1] INFO  server.RaftServer$Division (ServerState.java:setLeader(287)) - e2549e0e-20c3-4590-9573-c43d76d3b17a@group-018C6AA32671: change Leader from null to e2549e0e-20c3-4590-9573-c43d76d3b17a at term 1 for becomeLeader, leader elected after 5423ms
2022-10-13 20:19:19,998 [e2549e0e-20c3-4590-9573-c43d76d3b17a@group-018C6AA32671-LeaderElection1] INFO  server.RaftServerConfigKeys (ConfUtils.java:logGet(46)) - raft.server.staging.catchup.gap = 1000 (default)
2022-10-13 20:19:20,005 [e2549e0e-20c3-4590-9573-c43d76d3b17a@group-018C6AA32671-LeaderElection1] INFO  server.RaftServerConfigKeys (ConfUtils.java:logGet(46)) - raft.server.write.element-limit = 4096 (default)
2022-10-13 20:19:20,006 [e2549e0e-20c3-4590-9573-c43d76d3b17a@group-018C6AA32671-LeaderElection1] INFO  server.RaftServerConfigKeys (ConfUtils.java:logGet(46)) - raft.server.write.byte-limit = 64MB (=67108864) (default)
2022-10-13 20:19:20,013 [e2549e0e-20c3-4590-9573-c43d76d3b17a@group-018C6AA32671-LeaderElection1] INFO  server.RaftServerConfigKeys (ConfUtils.java:logGet(46)) - raft.server.watch.timeout = 10s (default)
2022-10-13 20:19:20,013 [e2549e0e-20c3-4590-9573-c43d76d3b17a@group-018C6AA32671-LeaderElection1] INFO  server.RaftServerConfigKeys (ConfUtils.java:logGet(46)) - raft.server.watch.timeout.denomination = 1s (default)
2022-10-13 20:19:20,014 [e2549e0e-20c3-4590-9573-c43d76d3b17a@group-018C6AA32671-LeaderElection1] INFO  server.RaftServerConfigKeys (ConfUtils.java:logGet(46)) - raft.server.watch.element-limit = 65536 (default)
2022-10-13 20:19:20,019 [e2549e0e-20c3-4590-9573-c43d76d3b17a@group-018C6AA32671-LeaderElection1] INFO  server.RaftServerConfigKeys (ConfUtils.java:logGet(46)) - raft.server.write.element-limit = 4096 (default)
2022-10-13 20:19:20,021 [e2549e0e-20c3-4590-9573-c43d76d3b17a@group-018C6AA32671-LeaderElection1] INFO  server.RaftServerConfigKeys (ConfUtils.java:logGet(46)) - raft.server.write.follower.gap.ratio.max = -1.0 (default)
2022-10-13 20:19:20,023 [e2549e0e-20c3-4590-9573-c43d76d3b17a@group-018C6AA32671-LeaderElection1] INFO  impl.RoleInfo (RoleInfo.java:updateAndGet(139)) - e2549e0e-20c3-4590-9573-c43d76d3b17a: start e2549e0e-20c3-4590-9573-c43d76d3b17a@group-018C6AA32671-LeaderStateImpl
2022-10-13 20:19:20,050 [e2549e0e-20c3-4590-9573-c43d76d3b17a@group-018C6AA32671-LeaderElection1] INFO  segmented.SegmentedRaftLogWorker (SegmentedRaftLogWorker.java:startLogSegment(425)) - e2549e0e-20c3-4590-9573-c43d76d3b17a@group-018C6AA32671-SegmentedRaftLogWorker: Starting segment from index:0
2022-10-13 20:19:20,085 [e2549e0e-20c3-4590-9573-c43d76d3b17a@group-018C6AA32671-LeaderElection1] INFO  server.RaftServer$Division (ServerState.java:setRaftConf(393)) - e2549e0e-20c3-4590-9573-c43d76d3b17a@group-018C6AA32671: set configuration 0: [e2549e0e-20c3-4590-9573-c43d76d3b17a|rpc:localhost:34991|admin:|client:|dataStream:|priority:0], old=null
2022-10-13 20:19:20,150 [e2549e0e-20c3-4590-9573-c43d76d3b17a@group-018C6AA32671-SegmentedRaftLogWorker] INFO  segmented.SegmentedRaftLogWorker (SegmentedRaftLogWorker.java:execute(629)) - e2549e0e-20c3-4590-9573-c43d76d3b17a@group-018C6AA32671-SegmentedRaftLogWorker: created new log segment /home/runner/work/ozone/ozone/hadoop-ozone/integration-test/target/test-dir/MiniOzoneClusterImpl-0c33195c-4715-4e74-9207-018c6aa32671/scmNode-1/scm-ha/0c33195c-4715-4e74-9207-018c6aa32671/current/log_inprogress_0
2022-10-13 20:19:20,917 [Time-limited test] INFO  server.RaftServer (RaftServerProxy.java:lambda$close$7(398)) - e2549e0e-20c3-4590-9573-c43d76d3b17a: close
2022-10-13 20:19:20,919 [Time-limited test] INFO  server.RaftServer$Division (RaftServerImpl.java:lambda$close$4(434)) - e2549e0e-20c3-4590-9573-c43d76d3b17a@group-018C6AA32671: shutdown
2022-10-13 20:19:20,919 [Time-limited test] INFO  util.JmxRegister (JmxRegister.java:unregister(73)) - Successfully un-registered JMX Bean with object name Ratis:service=RaftServer,group=group-018C6AA32671,id=e2549e0e-20c3-4590-9573-c43d76d3b17a
2022-10-13 20:19:20,919 [Time-limited test] INFO  impl.RoleInfo (RoleInfo.java:shutdownLeaderState(93)) - e2549e0e-20c3-4590-9573-c43d76d3b17a: shutdown e2549e0e-20c3-4590-9573-c43d76d3b17a@group-018C6AA32671-LeaderStateImpl
2022-10-13 20:19:20,927 [Time-limited test] INFO  impl.PendingRequests (PendingRequests.java:sendNotLeaderResponses(282)) - e2549e0e-20c3-4590-9573-c43d76d3b17a@group-018C6AA32671-PendingRequests: sendNotLeaderResponses
2022-10-13 20:19:20,930 [e2549e0e-20c3-4590-9573-c43d76d3b17a@group-018C6AA32671-StateMachineUpdater] INFO  impl.StateMachineUpdater (StateMachineUpdater.java:takeSnapshot(287)) - e2549e0e-20c3-4590-9573-c43d76d3b17a@group-018C6AA32671-StateMachineUpdater: Took a snapshot at index 0
2022-10-13 20:19:20,931 [e2549e0e-20c3-4590-9573-c43d76d3b17a@group-018C6AA32671-StateMachineUpdater] INFO  impl.StateMachineUpdater (StateMachineUpdater.java:lambda$new$0(92)) - e2549e0e-20c3-4590-9573-c43d76d3b17a@group-018C6AA32671-StateMachineUpdater: snapshotIndex: updateIncreasingly -1 -> 0
2022-10-13 20:19:20,934 [Time-limited test] INFO  impl.StateMachineUpdater (StateMachineUpdater.java:stopAndJoin(153)) - e2549e0e-20c3-4590-9573-c43d76d3b17a@group-018C6AA32671-StateMachineUpdater: set stopIndex = 0
2022-10-13 20:19:20,934 [Time-limited test] INFO  server.RaftServer$Division (ServerState.java:close(429)) - e2549e0e-20c3-4590-9573-c43d76d3b17a@group-018C6AA32671: closes. applyIndex: 0
2022-10-13 20:19:20,941 [e2549e0e-20c3-4590-9573-c43d76d3b17a@group-018C6AA32671-SegmentedRaftLogWorker] INFO  segmented.SegmentedRaftLogWorker (SegmentedRaftLogWorker.java:run(336)) - e2549e0e-20c3-4590-9573-c43d76d3b17a@group-018C6AA32671-SegmentedRaftLogWorker was interrupted, exiting. There are 0 tasks remaining in the queue.
2022-10-13 20:19:20,943 [Time-limited test] INFO  segmented.SegmentedRaftLogWorker (SegmentedRaftLogWorker.java:close(246)) - e2549e0e-20c3-4590-9573-c43d76d3b17a@group-018C6AA32671-SegmentedRaftLogWorker close()
2022-10-13 20:19:20,945 [Time-limited test] INFO  server.GrpcService (GrpcService.java:closeImpl(269)) - e2549e0e-20c3-4590-9573-c43d76d3b17a: shutdown server with port 34991 now
2022-10-13 20:19:20,961 [Time-limited test] INFO  server.GrpcService (GrpcService.java:closeImpl(278)) - e2549e0e-20c3-4590-9573-c43d76d3b17a: shutdown server with port 34991 successfully
2022-10-13 20:19:20,962 [org.apache.ratis.util.JvmPauseMonitor$$Lambda$519/1431033796@30d3efc8] INFO  util.JvmPauseMonitor (JvmPauseMonitor.java:run(109)) - JvmPauseMonitor-e2549e0e-20c3-4590-9573-c43d76d3b17a: Stopped
2022-10-13 20:19:20,962 [Time-limited test] WARN  server.ServerUtils (ServerUtils.java:getScmDbDir(148)) - ozone.scm.db.dirs is not configured. We recommend adding this setting. Falling back to ozone.metadata.dirs instead.
2022-10-13 20:19:20,967 [Time-limited test] INFO  server.StorageContainerManager (StorageContainerManager.java:scmInit(1216)) - SCM initialization succeeded. Current cluster id for sd=/home/runner/work/ozone/ozone/hadoop-ozone/integration-test/target/test-dir/MiniOzoneClusterImpl-0c33195c-4715-4e74-9207-018c6aa32671/scmNode-1/scm; cid=0c33195c-4715-4e74-9207-018c6aa32671; layoutVersion=4; scmId=e2549e0e-20c3-4590-9573-c43d76d3b17a
2022-10-13 20:19:20,977 [Time-limited test] WARN  server.ServerUtils (ServerUtils.java:getScmDbDir(148)) - ozone.scm.db.dirs is not configured. We recommend adding this setting. Falling back to ozone.metadata.dirs instead.
2022-10-13 20:19:20,977 [Time-limited test] INFO  ha.SCMHANodeDetails (SCMHANodeDetails.java:loadSCMHAConfig(209)) - ServiceID for StorageContainerManager is scmServiceId
2022-10-13 20:19:20,978 [Time-limited test] INFO  ha.SCMHANodeDetails (SCMHANodeDetails.java:loadSCMHAConfig(220)) - ServiceID for StorageContainerManager is scmServiceId
2022-10-13 20:19:20,978 [Time-limited test] WARN  scm.ScmUtils (ScmUtils.java:logWarn(179)) - ConfigKey ozone.scm.block.client.address is deprecated, For configuring different ports for each SCM use PortConfigKey ozone.scm.block.client.port appended with serviceId and nodeId. If want to configure same port configure ozone.scm.block.client.port
2022-10-13 20:19:20,978 [Time-limited test] WARN  scm.ScmUtils (ScmUtils.java:logWarn(179)) - ConfigKey ozone.scm.client.address is deprecated, For configuring different ports for each SCM use PortConfigKey ozone.scm.client.port appended with serviceId and nodeId. If want to configure same port configure ozone.scm.client.port
2022-10-13 20:19:20,978 [Time-limited test] WARN  scm.ScmUtils (ScmUtils.java:logWarn(179)) - ConfigKey ozone.scm.datanode.address is deprecated, For configuring different ports for each SCM use PortConfigKey ozone.scm.datanode.port appended with serviceId and nodeId. If want to configure same port configure ozone.scm.datanode.port
2022-10-13 20:19:20,979 [Time-limited test] WARN  scm.ScmUtils (ScmUtils.java:logWarn(179)) - ConfigKey ozone.scm.block.client.address is deprecated, For configuring different ports for each SCM use PortConfigKey ozone.scm.block.client.port appended with serviceId and nodeId. If want to configure same port configure ozone.scm.block.client.port
2022-10-13 20:19:20,979 [Time-limited test] WARN  scm.ScmUtils (ScmUtils.java:logWarn(179)) - ConfigKey ozone.scm.client.address is deprecated, For configuring different ports for each SCM use PortConfigKey ozone.scm.client.port appended with serviceId and nodeId. If want to configure same port configure ozone.scm.client.port
2022-10-13 20:19:20,979 [Time-limited test] WARN  scm.ScmUtils (ScmUtils.java:logWarn(179)) - ConfigKey ozone.scm.datanode.address is deprecated, For configuring different ports for each SCM use PortConfigKey ozone.scm.datanode.port appended with serviceId and nodeId. If want to configure same port configure ozone.scm.datanode.port
2022-10-13 20:19:20,980 [Time-limited test] INFO  ha.SCMHANodeDetails (SCMHANodeDetails.java:loadSCMHAConfig(307)) - Found matching SCM address with SCMServiceId: scmServiceId, SCMNodeId: scmNode-1, RPC Address: localhost:34991 and Ratis port: 34991
2022-10-13 20:19:20,980 [Time-limited test] INFO  ha.SCMHANodeDetails (ConfUtils.java:setNodeSpecificConfigs(97)) - Setting configuration key ozone.scm.datanode.address with value of key ozone.scm.datanode.address.scmServiceId.scmNode-1: 127.0.0.1:33963
2022-10-13 20:19:20,980 [Time-limited test] INFO  ha.SCMHANodeDetails (ConfUtils.java:setNodeSpecificConfigs(97)) - Setting configuration key ozone.scm.block.client.address with value of key ozone.scm.block.client.address.scmServiceId.scmNode-1: 127.0.0.1:34209
2022-10-13 20:19:20,980 [Time-limited test] INFO  ha.SCMHANodeDetails (ConfUtils.java:setNodeSpecificConfigs(97)) - Setting configuration key ozone.scm.client.address with value of key ozone.scm.client.address.scmServiceId.scmNode-1: 127.0.0.1:43923
2022-10-13 20:19:20,980 [Time-limited test] INFO  ha.SCMHANodeDetails (ConfUtils.java:setNodeSpecificConfigs(97)) - Setting configuration key ozone.scm.ratis.port with value of key ozone.scm.ratis.port.scmServiceId.scmNode-1: 34991
2022-10-13 20:19:20,980 [Time-limited test] INFO  ha.SCMHANodeDetails (ConfUtils.java:setNodeSpecificConfigs(97)) - Setting configuration key ozone.scm.grpc.port with value of key ozone.scm.grpc.port.scmServiceId.scmNode-1: 43095
2022-10-13 20:19:20,981 [Time-limited test] INFO  ha.SCMHANodeDetails (ConfUtils.java:setNodeSpecificConfigs(97)) - Setting configuration key ozone.scm.http-address with value of key ozone.scm.http-address.scmServiceId.scmNode-1: 127.0.0.1:37639
2022-10-13 20:19:20,981 [Time-limited test] INFO  ha.SCMHANodeDetails (ConfUtils.java:setNodeSpecificConfigs(97)) - Setting configuration key ozone.scm.https-address with value of key ozone.scm.https-address.scmServiceId.scmNode-1: 127.0.0.1:34149
2022-10-13 20:19:20,981 [Time-limited test] INFO  ha.SCMHANodeDetails (ConfUtils.java:setNodeSpecificConfigs(97)) - Setting configuration key ozone.scm.address with value of key ozone.scm.address.scmServiceId.scmNode-1: 127.0.0.1
2022-10-13 20:19:20,981 [Time-limited test] WARN  scm.ScmUtils (ScmUtils.java:logWarn(179)) - ConfigKey ozone.scm.block.client.address is deprecated, For configuring different ports for each SCM use PortConfigKey ozone.scm.block.client.port appended with serviceId and nodeId. If want to configure same port configure ozone.scm.block.client.port
2022-10-13 20:19:20,981 [Time-limited test] WARN  scm.ScmUtils (ScmUtils.java:logWarn(179)) - ConfigKey ozone.scm.client.address is deprecated, For configuring different ports for each SCM use PortConfigKey ozone.scm.client.port appended with serviceId and nodeId. If want to configure same port configure ozone.scm.client.port
2022-10-13 20:19:20,981 [Time-limited test] WARN  scm.ScmUtils (ScmUtils.java:logWarn(179)) - ConfigKey ozone.scm.datanode.address is deprecated, For configuring different ports for each SCM use PortConfigKey ozone.scm.datanode.port appended with serviceId and nodeId. If want to configure same port configure ozone.scm.datanode.port
2022-10-13 20:19:21,431 [Time-limited test] WARN  utils.HAUtils (HAUtils.java:getMetaDir(342)) - ozone.scm.db.dirs is not configured. We recommend adding this setting. Falling back to ozone.metadata.dirs instead.
2022-10-13 20:19:21,566 [Time-limited test] WARN  db.DBStoreBuilder (DBStoreBuilder.java:applyDBDefinition(144)) - ozone.scm.db.dirs is not configured. We recommend adding this setting. Falling back to ozone.metadata.dirs instead.
2022-10-13 20:19:21,806 [Time-limited test] INFO  net.NodeSchemaLoader (NodeSchemaLoader.java:loadSchemaFromFile(129)) - Loading schema from [jar:file:/home/runner/.m2/repository/org/apache/ozone/hdds-common/1.3.0-SNAPSHOT/hdds-common-1.3.0-SNAPSHOT.jar!/network-topology-default.xml]
2022-10-13 20:19:21,807 [Time-limited test] INFO  net.NodeSchemaLoader (NodeSchemaLoader.java:loadSchema(176)) - Loading network topology layer schema file
2022-10-13 20:19:21,866 [Time-limited test] INFO  ha.SCMRatisServerImpl (SCMRatisServerImpl.java:<init>(87)) - starting Raft server for scm:e2549e0e-20c3-4590-9573-c43d76d3b17a
2022-10-13 20:19:21,870 [Time-limited test] INFO  server.RaftServer (ConfUtils.java:logGet(46)) - raft.rpc.type = GRPC (default)
2022-10-13 20:19:21,870 [Time-limited test] INFO  grpc.GrpcFactory (GrpcFactory.java:checkPooledByteBufAllocatorUseCacheForAllThreads(48)) - PERFORMANCE WARNING: useCacheForAllThreads is true that may cause Netty to create a lot garbage objects and, as a result, trigger GC.
	It is recommended to disable useCacheForAllThreads by setting -Dorg.apache.ratis.thirdparty.io.netty.allocator.useCacheForAllThreads=false in command line.
2022-10-13 20:19:21,871 [Time-limited test] INFO  grpc.GrpcConfigKeys (ConfUtils.java:logGet(46)) - raft.grpc.admin.port = -1 (default)
2022-10-13 20:19:21,871 [Time-limited test] INFO  grpc.GrpcConfigKeys (ConfUtils.java:logGet(46)) - raft.grpc.server.port = 34991 (custom)
2022-10-13 20:19:21,871 [Time-limited test] INFO  grpc.GrpcConfigKeys (ConfUtils.java:logGet(46)) - raft.grpc.client.port = -1 (default)
2022-10-13 20:19:21,871 [Time-limited test] INFO  grpc.GrpcConfigKeys (ConfUtils.java:logGet(46)) - raft.grpc.server.port = 34991 (custom)
2022-10-13 20:19:21,871 [Time-limited test] INFO  grpc.GrpcConfigKeys (ConfUtils.java:logGet(46)) - raft.grpc.server.port = 34991 (custom)
2022-10-13 20:19:21,872 [Time-limited test] INFO  server.GrpcService (ConfUtils.java:logGet(46)) - raft.grpc.message.size.max = 32m (=33554432) (custom)
2022-10-13 20:19:21,872 [Time-limited test] INFO  server.RaftServerConfigKeys (ConfUtils.java:logGet(46)) - raft.server.log.appender.buffer.byte-limit = 33554432 (custom)
2022-10-13 20:19:21,872 [Time-limited test] INFO  server.GrpcService (ConfUtils.java:logGet(46)) - raft.grpc.flow.control.window = 1MB (=1048576) (default)
2022-10-13 20:19:21,873 [Time-limited test] INFO  server.RaftServerConfigKeys (ConfUtils.java:logGet(46)) - raft.server.rpc.request.timeout = 30000ms (custom)
2022-10-13 20:19:21,873 [Time-limited test] INFO  grpc.GrpcConfigKeys (ConfUtils.java:logGet(46)) - raft.grpc.server.async.request.thread.pool.cached = true (default)
2022-10-13 20:19:21,873 [Time-limited test] INFO  grpc.GrpcConfigKeys (ConfUtils.java:logGet(46)) - raft.grpc.server.async.request.thread.pool.size = 32 (default)
2022-10-13 20:19:21,875 [Time-limited test] INFO  impl.DataStreamServerImpl (ConfUtils.java:logGet(46)) - raft.datastream.type = DISABLED (default)
2022-10-13 20:19:21,875 [Time-limited test] INFO  server.RaftServerConfigKeys (ConfUtils.java:logGet(46)) - raft.server.threadpool.proxy.cached = true (default)
2022-10-13 20:19:21,875 [Time-limited test] INFO  server.RaftServerConfigKeys (ConfUtils.java:logGet(46)) - raft.server.threadpool.proxy.size = 0 (default)
2022-10-13 20:19:21,875 [Time-limited test] INFO  server.RaftServerConfigKeys (ConfUtils.java:logGet(46)) - raft.server.rpc.slowness.timeout = 120000ms (custom)
2022-10-13 20:19:21,875 [Time-limited test] INFO  server.RaftServerConfigKeys (ConfUtils.java:logGet(46)) - raft.server.leaderelection.leader.step-down.wait-time = 10s (default)
2022-10-13 20:19:21,876 [Time-limited test] INFO  server.RaftServerConfigKeys (ConfUtils.java:logGet(46)) - raft.server.storage.dir = [/home/runner/work/ozone/ozone/hadoop-ozone/integration-test/target/test-dir/MiniOzoneClusterImpl-0c33195c-4715-4e74-9207-018c6aa32671/scmNode-1/scm-ha] (custom)
2022-10-13 20:19:21,877 [e2549e0e-20c3-4590-9573-c43d76d3b17a-impl-thread1] INFO  server.RaftServer (RaftServerProxy.java:initGroupDir(247)) - e2549e0e-20c3-4590-9573-c43d76d3b17a: found a subdirectory /home/runner/work/ozone/ozone/hadoop-ozone/integration-test/target/test-dir/MiniOzoneClusterImpl-0c33195c-4715-4e74-9207-018c6aa32671/scmNode-1/scm-ha/0c33195c-4715-4e74-9207-018c6aa32671
2022-10-13 20:19:21,881 [Time-limited test] INFO  server.RaftServer (RaftServerProxy.java:addNew(96)) - e2549e0e-20c3-4590-9573-c43d76d3b17a: addNew group-018C6AA32671:[] returns group-018C6AA32671:java.util.concurrent.CompletableFuture@4f4149a1[Not completed]
2022-10-13 20:19:21,884 [pool-19-thread-1] INFO  server.RaftServer$Division (RaftServerImpl.java:<init>(190)) - e2549e0e-20c3-4590-9573-c43d76d3b17a: new RaftServerImpl for group-018C6AA32671:[] with SCMStateMachine:uninitialized
2022-10-13 20:19:21,887 [pool-19-thread-1] INFO  server.RaftServerConfigKeys (ConfUtils.java:logGet(46)) - raft.server.rpc.timeout.min = 5000ms (custom)
2022-10-13 20:19:21,887 [pool-19-thread-1] INFO  server.RaftServerConfigKeys (ConfUtils.java:logGet(46)) - raft.server.rpc.timeout.max = 5200ms (custom)
2022-10-13 20:19:21,887 [pool-19-thread-1] INFO  server.RaftServerConfigKeys (ConfUtils.java:logGet(46)) - raft.server.rpc.sleep.time = 25ms (default)
2022-10-13 20:19:21,887 [pool-19-thread-1] INFO  server.RaftServerConfigKeys (ConfUtils.java:logGet(46)) - raft.server.rpc.slowness.timeout = 120000ms (custom)
2022-10-13 20:19:21,887 [pool-19-thread-1] INFO  server.RaftServerConfigKeys (ConfUtils.java:logGet(46)) - raft.server.leaderelection.leader.step-down.wait-time = 10s (default)
2022-10-13 20:19:21,888 [pool-19-thread-1] INFO  server.RaftServerConfigKeys (ConfUtils.java:logGet(46)) - raft.server.sleep.deviation.threshold = 300ms (default)
2022-10-13 20:19:21,888 [pool-19-thread-1] INFO  server.RaftServer$Division (ServerState.java:<init>(107)) - e2549e0e-20c3-4590-9573-c43d76d3b17a@group-018C6AA32671: ConfigurationManager, init=-1: [], old=null, confs=<EMPTY_MAP>
2022-10-13 20:19:21,888 [pool-19-thread-1] INFO  server.RaftServerConfigKeys (ConfUtils.java:logGet(46)) - raft.server.storage.dir = [/home/runner/work/ozone/ozone/hadoop-ozone/integration-test/target/test-dir/MiniOzoneClusterImpl-0c33195c-4715-4e74-9207-018c6aa32671/scmNode-1/scm-ha] (custom)
2022-10-13 20:19:21,888 [pool-19-thread-1] INFO  server.RaftServerConfigKeys (ConfUtils.java:logGet(46)) - raft.server.log.corruption.policy = EXCEPTION (default)
2022-10-13 20:19:21,888 [pool-19-thread-1] INFO  server.RaftServerConfigKeys (ConfUtils.java:logGet(46)) - raft.server.storage.free-space.min = 0MB (=0) (default)
2022-10-13 20:19:21,894 [pool-19-thread-1] INFO  storage.RaftStorageDirectory (RaftStorageDirectoryImpl.java:tryLock(230)) - Lock on /home/runner/work/ozone/ozone/hadoop-ozone/integration-test/target/test-dir/MiniOzoneClusterImpl-0c33195c-4715-4e74-9207-018c6aa32671/scmNode-1/scm-ha/0c33195c-4715-4e74-9207-018c6aa32671/in_use.lock acquired by nodename 2881@fv-az186-171
2022-10-13 20:19:21,895 [pool-19-thread-1] INFO  storage.RaftStorage (RaftStorageImpl.java:analyzeAndRecoverStorage(110)) - Read RaftStorageMetadata{term=1, votedFor=e2549e0e-20c3-4590-9573-c43d76d3b17a} from /home/runner/work/ozone/ozone/hadoop-ozone/integration-test/target/test-dir/MiniOzoneClusterImpl-0c33195c-4715-4e74-9207-018c6aa32671/scmNode-1/scm-ha/0c33195c-4715-4e74-9207-018c6aa32671/current/raft-meta
2022-10-13 20:19:21,904 [pool-19-thread-1] INFO  server.RaftServer$Division (ServerState.java:setRaftConf(393)) - e2549e0e-20c3-4590-9573-c43d76d3b17a@group-018C6AA32671: set configuration 0: [e2549e0e-20c3-4590-9573-c43d76d3b17a|rpc:localhost:34991|admin:|client:|dataStream:|priority:0], old=null
2022-10-13 20:19:21,904 [pool-19-thread-1] INFO  server.RaftServerConfigKeys (ConfUtils.java:logGet(46)) - raft.server.notification.no-leader.timeout = 60s (default)
2022-10-13 20:19:21,904 [pool-19-thread-1] INFO  server.RaftServerConfigKeys (ConfUtils.java:logGet(46)) - raft.server.log.use.memory = false (default)
2022-10-13 20:19:21,904 [pool-19-thread-1] INFO  server.RaftServerConfigKeys (ConfUtils.java:logGet(46)) - raft.server.log.purge.gap = 1000000 (custom)
2022-10-13 20:19:21,905 [pool-19-thread-1] INFO  server.RaftServerConfigKeys (ConfUtils.java:logGet(46)) - raft.server.log.appender.buffer.byte-limit = 33554432 (custom)
2022-10-13 20:19:21,905 [pool-19-thread-1] INFO  server.RaftServerConfigKeys (ConfUtils.java:logGet(46)) - raft.server.log.statemachine.data.read.timeout = 1000ms (default)
2022-10-13 20:19:21,908 [pool-19-thread-1] INFO  server.RaftServerConfigKeys (ConfUtils.java:logGet(46)) - raft.server.log.segment.size.max = 4194304 (custom)
2022-10-13 20:19:21,909 [pool-19-thread-1] INFO  server.RaftServerConfigKeys (ConfUtils.java:logGet(46)) - raft.server.log.segment.cache.num.max = 2 (custom)
2022-10-13 20:19:21,909 [pool-19-thread-1] INFO  server.RaftServerConfigKeys (ConfUtils.java:logGet(46)) - raft.server.log.segment.cache.size.max = 200MB (=209715200) (default)
2022-10-13 20:19:21,909 [pool-19-thread-1] INFO  segmented.SegmentedRaftLogWorker (SegmentedRaftLogWorker.java:<init>(187)) - new e2549e0e-20c3-4590-9573-c43d76d3b17a@group-018C6AA32671-SegmentedRaftLogWorker for RaftStorageImpl:Storage Directory /home/runner/work/ozone/ozone/hadoop-ozone/integration-test/target/test-dir/MiniOzoneClusterImpl-0c33195c-4715-4e74-9207-018c6aa32671/scmNode-1/scm-ha/0c33195c-4715-4e74-9207-018c6aa32671
2022-10-13 20:19:21,909 [pool-19-thread-1] INFO  server.RaftServerConfigKeys (ConfUtils.java:logGet(46)) - raft.server.log.queue.byte-limit = 64MB (=67108864) (default)
2022-10-13 20:19:21,910 [pool-19-thread-1] INFO  server.RaftServerConfigKeys (ConfUtils.java:logGet(46)) - raft.server.log.queue.element-limit = 4096 (default)
2022-10-13 20:19:21,910 [pool-19-thread-1] INFO  server.RaftServerConfigKeys (ConfUtils.java:logGet(46)) - raft.server.log.segment.size.max = 4194304 (custom)
2022-10-13 20:19:21,910 [pool-19-thread-1] INFO  server.RaftServerConfigKeys (ConfUtils.java:logGet(46)) - raft.server.log.preallocated.size = 4194304 (custom)
2022-10-13 20:19:21,910 [pool-19-thread-1] INFO  server.RaftServerConfigKeys (ConfUtils.java:logGet(46)) - raft.server.log.force.sync.num = 128 (default)
2022-10-13 20:19:21,910 [pool-19-thread-1] INFO  server.RaftServerConfigKeys (ConfUtils.java:logGet(46)) - raft.server.log.statemachine.data.sync = true (default)
2022-10-13 20:19:21,910 [pool-19-thread-1] INFO  server.RaftServerConfigKeys (ConfUtils.java:logGet(46)) - raft.server.log.statemachine.data.sync.timeout = 10s (default)
2022-10-13 20:19:21,910 [pool-19-thread-1] INFO  server.RaftServerConfigKeys (ConfUtils.java:logGet(46)) - raft.server.log.statemachine.data.sync.timeout.retry = -1 (default)
2022-10-13 20:19:21,911 [pool-19-thread-1] INFO  server.RaftServerConfigKeys (ConfUtils.java:logGet(46)) - raft.server.log.write.buffer.size = 64KB (=65536) (default)
2022-10-13 20:19:21,911 [pool-19-thread-1] INFO  server.RaftServerConfigKeys (ConfUtils.java:logGet(46)) - raft.server.log.unsafe-flush.enabled = false (default)
2022-10-13 20:19:21,911 [pool-19-thread-1] INFO  server.RaftServerConfigKeys (ConfUtils.java:logGet(46)) - raft.server.log.statemachine.data.caching.enabled = false (default)
2022-10-13 20:19:21,923 [pool-19-thread-1] INFO  server.RaftServer$Division (ServerState.java:setRaftConf(393)) - e2549e0e-20c3-4590-9573-c43d76d3b17a@group-018C6AA32671: set configuration 0: [e2549e0e-20c3-4590-9573-c43d76d3b17a|rpc:localhost:34991|admin:|client:|dataStream:|priority:0], old=null
2022-10-13 20:19:21,924 [pool-19-thread-1] INFO  segmented.LogSegment (LogSegment.java:loadSegment(173)) - Successfully read 1 entries from segment file /home/runner/work/ozone/ozone/hadoop-ozone/integration-test/target/test-dir/MiniOzoneClusterImpl-0c33195c-4715-4e74-9207-018c6aa32671/scmNode-1/scm-ha/0c33195c-4715-4e74-9207-018c6aa32671/current/log_inprogress_0
2022-10-13 20:19:21,924 [pool-19-thread-1] INFO  segmented.SegmentedRaftLogWorker (SegmentedRaftLogWorker.java:lambda$new$0(135)) - e2549e0e-20c3-4590-9573-c43d76d3b17a@group-018C6AA32671-SegmentedRaftLogWorker: flushIndex: setUnconditionally 0 -> 0
2022-10-13 20:19:21,924 [pool-19-thread-1] INFO  segmented.SegmentedRaftLogWorker (SegmentedRaftLogWorker.java:lambda$new$0(135)) - e2549e0e-20c3-4590-9573-c43d76d3b17a@group-018C6AA32671-SegmentedRaftLogWorker: safeCacheEvictIndex: setUnconditionally 0 -> -1
2022-10-13 20:19:21,925 [pool-19-thread-1] INFO  server.RaftServerConfigKeys (ConfUtils.java:logGet(46)) - raft.server.snapshot.auto.trigger.enabled = true (custom)
2022-10-13 20:19:21,925 [pool-19-thread-1] INFO  server.RaftServerConfigKeys (ConfUtils.java:logGet(46)) - raft.server.snapshot.auto.trigger.threshold = 1000 (custom)
2022-10-13 20:19:21,925 [pool-19-thread-1] INFO  server.RaftServerConfigKeys (ConfUtils.java:logGet(46)) - raft.server.snapshot.retention.file.num = -1 (default)
2022-10-13 20:19:21,926 [pool-19-thread-1] INFO  server.RaftServerConfigKeys (ConfUtils.java:logGet(46)) - raft.server.log.purge.upto.snapshot.index = false (default)
2022-10-13 20:19:21,926 [pool-19-thread-1] INFO  server.RaftServerConfigKeys (ConfUtils.java:logGet(46)) - raft.server.retrycache.expirytime = 60000ms (default)
2022-10-13 20:19:21,926 [pool-19-thread-1] INFO  server.RaftServerConfigKeys (ConfUtils.java:logGet(46)) - raft.server.retrycache.statistics.expirytime = 100μs (default)
2022-10-13 20:19:21,927 [pool-19-thread-1] INFO  server.RaftServerConfigKeys (ConfUtils.java:logGet(46)) - raft.server.log.appender.install.snapshot.enabled = false (custom)
2022-10-13 20:19:21,927 [pool-19-thread-1] INFO  server.RaftServerConfigKeys (ConfUtils.java:logGet(46)) - raft.server.threadpool.server.cached = true (default)
2022-10-13 20:19:21,927 [pool-19-thread-1] INFO  server.RaftServerConfigKeys (ConfUtils.java:logGet(46)) - raft.server.threadpool.server.size = 0 (default)
2022-10-13 20:19:21,928 [pool-19-thread-1] INFO  server.RaftServerConfigKeys (ConfUtils.java:logGet(46)) - raft.server.threadpool.client.cached = true (default)
2022-10-13 20:19:21,928 [pool-19-thread-1] INFO  server.RaftServerConfigKeys (ConfUtils.java:logGet(46)) - raft.server.threadpool.client.size = 0 (default)
2022-10-13 20:19:21,929 [Time-limited test] INFO  ha.SCMSnapshotProvider (SCMSnapshotProvider.java:<init>(66)) - Initializing SCM Snapshot Provider
2022-10-13 20:19:21,930 [Time-limited test] WARN  server.ServerUtils (ServerUtils.java:getDefaultRatisDirectory(237)) - Storage directory for Ratis is not configured. It is a good idea to map this to an SSD disk. Falling back to ozone.metadata.dirs
2022-10-13 20:19:21,930 [Time-limited test] WARN  ha.SCMHAUtils (SCMHAUtils.java:getSCMRatisSnapshotDirectory(153)) - SCM snapshot dir is not configured. Falling back to ozone.metadata.dirs config
2022-10-13 20:19:22,060 [Time-limited test] INFO  upgrade.AbstractLayoutVersionManager (AbstractLayoutVersionManager.java:init(83)) - Initializing Layout version manager with metadata layout = DATANODE_SCHEMA_V3 (version = 4), software layout = DATANODE_SCHEMA_V3 (version = 4)
2022-10-13 20:19:22,227 [Time-limited test] INFO  reflections.Reflections (Reflections.java:scan(232)) - Reflections took 129 ms to scan 7 urls, producing 137 keys and 328 values 
2022-10-13 20:19:22,317 [Time-limited test] INFO  ha.SequenceIdGenerator (SequenceIdGenerator.java:upgradeToSequenceId(349)) - upgrade localId to 109611004723200000
2022-10-13 20:19:22,317 [Time-limited test] INFO  ha.SequenceIdGenerator (SequenceIdGenerator.java:upgradeToSequenceId(359)) - upgrade delTxnId to 0
2022-10-13 20:19:22,321 [Time-limited test] INFO  ha.SequenceIdGenerator (SequenceIdGenerator.java:upgradeToSequenceId(376)) - upgrade containerId to 0
2022-10-13 20:19:22,322 [Time-limited test] INFO  ha.SequenceIdGenerator (SequenceIdGenerator.java:<init>(220)) - Init the HA SequenceIdGenerator.
2022-10-13 20:19:22,368 [Time-limited test] INFO  node.SCMNodeManager (SCMNodeManager.java:<init>(149)) - Entering startup safe mode.
2022-10-13 20:19:22,425 [Time-limited test] INFO  algorithms.ContainerPlacementPolicyFactory (ContainerPlacementPolicyFactory.java:getPolicyInternal(86)) - Create container placement policy of type org.apache.hadoop.hdds.scm.container.placement.algorithms.SCMContainerPlacementRandom
2022-10-13 20:19:22,426 [Time-limited test] INFO  algorithms.ContainerPlacementPolicyFactory (ContainerPlacementPolicyFactory.java:getPolicyInternal(86)) - Create container placement policy of type org.apache.hadoop.hdds.scm.container.placement.algorithms.SCMContainerPlacementRackScatter
2022-10-13 20:19:22,435 [Time-limited test] INFO  pipeline.PipelineStateManagerImpl (PipelineStateManagerImpl.java:initialize(78)) - No pipeline exists in current db
2022-10-13 20:19:22,474 [Time-limited test] INFO  algorithms.LeaderChoosePolicyFactory (LeaderChoosePolicyFactory.java:getPolicy(57)) - Create leader choose policy of type org.apache.hadoop.hdds.scm.pipeline.leader.choose.algorithms.MinLeaderCountChoosePolicy
2022-10-13 20:19:22,474 [Time-limited test] INFO  algorithms.ContainerPlacementPolicyFactory (ContainerPlacementPolicyFactory.java:getPolicyInternal(86)) - Create container placement policy of type org.apache.hadoop.hdds.scm.container.placement.algorithms.SCMContainerPlacementRackScatter
2022-10-13 20:19:22,480 [Time-limited test] INFO  ha.SCMServiceManager (SCMServiceManager.java:register(42)) - Registering service BackgroundPipelineCreator.
2022-10-13 20:19:22,480 [Time-limited test] INFO  pipeline.BackgroundPipelineCreator (BackgroundPipelineCreator.java:start(124)) - Starting RatisPipelineUtilsThread.
2022-10-13 20:19:22,483 [Time-limited test] INFO  BackgroundPipelineScrubber (BackgroundSCMService.java:start(68)) - Starting BackgroundPipelineScrubber Service.
2022-10-13 20:19:22,485 [Time-limited test] INFO  ha.SCMServiceManager (SCMServiceManager.java:register(42)) - Registering service BackgroundPipelineScrubber.
2022-10-13 20:19:22,491 [Time-limited test] INFO  ExpiredContainerReplicaOpScrubber (BackgroundSCMService.java:start(68)) - Starting ExpiredContainerReplicaOpScrubber Service.
2022-10-13 20:19:22,493 [Time-limited test] INFO  ha.SCMServiceManager (SCMServiceManager.java:register(42)) - Registering service ExpiredContainerReplicaOpScrubber.
2022-10-13 20:19:22,532 [Time-limited test] INFO  algorithms.PipelineChoosePolicyFactory (PipelineChoosePolicyFactory.java:createPipelineChoosePolicyFromClass(73)) - Create pipeline choose policy of type org.apache.hadoop.hdds.scm.pipeline.choose.algorithms.RandomPipelineChoosePolicy
2022-10-13 20:19:22,552 [Time-limited test] INFO  ha.SCMServiceManager (SCMServiceManager.java:register(42)) - Registering service SCMBlockDeletingService.
2022-10-13 20:19:22,595 [Time-limited test] INFO  replication.ReplicationManager (ReplicationManager.java:start(223)) - Starting Replication Monitor Thread.
2022-10-13 20:19:22,606 [Time-limited test] INFO  ha.SCMServiceManager (SCMServiceManager.java:register(42)) - Registering service ReplicationManager.
2022-10-13 20:19:22,613 [ReplicationMonitor] INFO  replication.ReplicationManager (ReplicationManager.java:processAll(291)) - Replication Manager is not ready to run until 300000ms after safemode exit
2022-10-13 20:19:22,615 [Time-limited test] INFO  safemode.ContainerSafeModeRule (ContainerSafeModeRule.java:<init>(89)) - containers with one replica threshold count 0
2022-10-13 20:19:22,628 [Time-limited test] INFO  safemode.HealthyPipelineSafeModeRule (HealthyPipelineSafeModeRule.java:initializeRule(169)) - Total pipeline count is 0, healthy pipeline threshold count is 1
2022-10-13 20:19:22,631 [Time-limited test] INFO  safemode.OneReplicaPipelineSafeModeRule (OneReplicaPipelineSafeModeRule.java:initializeRule(180)) - Total pipeline count is 0, pipeline's with at least one datanode reported threshold count is 0
2022-10-13 20:19:22,971 [Time-limited test] INFO  audit.AuditLogger (AuditLogger.java:refreshDebugCmdSet(126)) - Refresh DebugCmdSet for SCMAudit to [].
2022-10-13 20:19:23,006 [Time-limited test] INFO  ipc.CallQueueManager (CallQueueManager.java:<init>(90)) - Using callQueue: class java.util.concurrent.LinkedBlockingQueue, queueCapacity: 10000, scheduler: class org.apache.hadoop.ipc.DefaultRpcScheduler, ipcBackoff: false.
2022-10-13 20:19:23,053 [Socket Reader #1 for port 33963] INFO  ipc.Server (Server.java:run(1273)) - Starting Socket Reader #1 for port 33963
2022-10-13 20:19:23,135 [Listener at 0.0.0.0/33963] INFO  audit.AuditLogger (AuditLogger.java:refreshDebugCmdSet(126)) - Refresh DebugCmdSet for SCMAudit to [].
2022-10-13 20:19:23,141 [Listener at 0.0.0.0/33963] INFO  ipc.CallQueueManager (CallQueueManager.java:<init>(90)) - Using callQueue: class java.util.concurrent.LinkedBlockingQueue, queueCapacity: 10000, scheduler: class org.apache.hadoop.ipc.DefaultRpcScheduler, ipcBackoff: false.
2022-10-13 20:19:23,142 [Socket Reader #1 for port 34209] INFO  ipc.Server (Server.java:run(1273)) - Starting Socket Reader #1 for port 34209
2022-10-13 20:19:23,177 [Listener at 0.0.0.0/34209] INFO  audit.AuditLogger (AuditLogger.java:refreshDebugCmdSet(126)) - Refresh DebugCmdSet for SCMAudit to [].
2022-10-13 20:19:23,188 [Listener at 0.0.0.0/34209] INFO  ipc.CallQueueManager (CallQueueManager.java:<init>(90)) - Using callQueue: class java.util.concurrent.LinkedBlockingQueue, queueCapacity: 10000, scheduler: class org.apache.hadoop.ipc.DefaultRpcScheduler, ipcBackoff: false.
2022-10-13 20:19:23,189 [Socket Reader #1 for port 43923] INFO  ipc.Server (Server.java:run(1273)) - Starting Socket Reader #1 for port 43923
2022-10-13 20:19:23,244 [Listener at 0.0.0.0/43923] INFO  ha.SCMServiceManager (SCMServiceManager.java:register(42)) - Registering service ContainerBalancer.
2022-10-13 20:19:23,245 [Listener at 0.0.0.0/43923] INFO  server.StorageContainerManager (StorageContainerManager.java:<init>(410)) - 
Container Balancer status:
Key                            Value
Running                        false
Container Balancer Configuration values:
Key                                                Value
Threshold                                          10
Max Datanodes to Involve per Iteration(percent)    20
Max Size to Move per Iteration                     500GB
Max Size Entering Target per Iteration             26GB
Max Size Leaving Source per Iteration              26GB

2022-10-13 20:19:23,245 [Listener at 0.0.0.0/43923] WARN  events.EventQueue (EventQueue.java:fireEvent(216)) - No event handler registered for event TypedEvent{payloadType=SafeModeStatus, name='Safe mode status'}
2022-10-13 20:19:23,245 [Listener at 0.0.0.0/43923] INFO  ha.SCMContext (SCMContext.java:updateSafeModeStatus(228)) - Update SafeModeStatus from SafeModeStatus{safeModeStatus=true, preCheckPassed=false} to SafeModeStatus{safeModeStatus=true, preCheckPassed=false}.
2022-10-13 20:19:23,248 [Listener at 0.0.0.0/43923] INFO  server.StorageContainerManager (StorageContainerManager.java:start(1436)) - StorageContainerLocationProtocol RPC server is listening at /0.0.0.0:43923
2022-10-13 20:19:23,249 [Listener at 0.0.0.0/43923] INFO  ha.SCMRatisServerImpl (SCMRatisServerImpl.java:start(178)) - starting ratis server 0.0.0.0:34991
2022-10-13 20:19:23,249 [e2549e0e-20c3-4590-9573-c43d76d3b17a-impl-thread1] INFO  server.RaftServer$Division (RaftServerImpl.java:start(310)) - e2549e0e-20c3-4590-9573-c43d76d3b17a@group-018C6AA32671: start as a follower, conf=0: [e2549e0e-20c3-4590-9573-c43d76d3b17a|rpc:localhost:34991|admin:|client:|dataStream:|priority:0], old=null
2022-10-13 20:19:23,250 [e2549e0e-20c3-4590-9573-c43d76d3b17a-impl-thread1] INFO  server.RaftServer$Division (RaftServerImpl.java:setRole(299)) - e2549e0e-20c3-4590-9573-c43d76d3b17a@group-018C6AA32671: changes role from      null to FOLLOWER at term 1 for startAsFollower
2022-10-13 20:19:23,250 [e2549e0e-20c3-4590-9573-c43d76d3b17a-impl-thread1] INFO  impl.RoleInfo (RoleInfo.java:updateAndGet(139)) - e2549e0e-20c3-4590-9573-c43d76d3b17a: start e2549e0e-20c3-4590-9573-c43d76d3b17a@group-018C6AA32671-FollowerState
2022-10-13 20:19:23,251 [e2549e0e-20c3-4590-9573-c43d76d3b17a-impl-thread1] INFO  util.JmxRegister (JmxRegister.java:tryRegister(44)) - Successfully registered JMX Bean with object name Ratis:service=RaftServer,group=group-018C6AA32671,id=e2549e0e-20c3-4590-9573-c43d76d3b17a
2022-10-13 20:19:23,252 [Listener at 0.0.0.0/43923] INFO  server.RaftServer (RaftServerProxy.java:lambda$start$6(382)) - e2549e0e-20c3-4590-9573-c43d76d3b17a: start RPC server
2022-10-13 20:19:23,253 [Listener at 0.0.0.0/43923] INFO  server.GrpcService (GrpcService.java:startImpl(260)) - e2549e0e-20c3-4590-9573-c43d76d3b17a: GrpcService started, listening on 34991
2022-10-13 20:19:23,253 [Listener at 0.0.0.0/43923] INFO  ha.SCMHAManagerImpl (SCMHAManagerImpl.java:start(121)) -  scm role is FOLLOWER peers [e2549e0e-20c3-4590-9573-c43d76d3b17a|rpc:localhost:34991|admin:|client:|dataStream:|priority:0]
2022-10-13 20:19:23,253 [Listener at 0.0.0.0/43923] INFO  ha.InterSCMGrpcService (InterSCMGrpcProtocolService.java:start(94)) - Starting SCM Grpc Service at port 43095
2022-10-13 20:19:23,265 [org.apache.ratis.util.JvmPauseMonitor$$Lambda$519/1431033796@3f5d9c53] INFO  util.JvmPauseMonitor (JvmPauseMonitor.java:run(103)) - JvmPauseMonitor-e2549e0e-20c3-4590-9573-c43d76d3b17a: Started
2022-10-13 20:19:23,334 [Listener at 0.0.0.0/43923] WARN  impl.MetricsConfig (MetricsConfig.java:loadFirst(136)) - Cannot locate configuration: tried hadoop-metrics2-storagecontainermanager.properties,hadoop-metrics2.properties
2022-10-13 20:19:23,352 [Listener at 0.0.0.0/43923] INFO  impl.MetricsSystemImpl (MetricsSystemImpl.java:startTimer(378)) - Scheduled Metric snapshot period at 10 second(s).
2022-10-13 20:19:23,352 [Listener at 0.0.0.0/43923] INFO  impl.MetricsSystemImpl (MetricsSystemImpl.java:start(191)) - StorageContainerManager metrics system started
2022-10-13 20:19:23,617 [Listener at 0.0.0.0/43923] INFO  server.SCMClientProtocolServer (SCMClientProtocolServer.java:start(170)) - RPC server for Client  is listening at /0.0.0.0:43923
2022-10-13 20:19:23,621 [IPC Server Responder] INFO  ipc.Server (Server.java:run(1512)) - IPC Server Responder: starting
2022-10-13 20:19:23,647 [Listener at 0.0.0.0/43923] INFO  server.StorageContainerManager (StorageContainerManager.java:start(1451)) - ScmBlockLocationProtocol RPC server is listening at /0.0.0.0:34209
2022-10-13 20:19:23,648 [Listener at 0.0.0.0/43923] INFO  server.SCMBlockProtocolServer (SCMBlockProtocolServer.java:start(152)) - RPC server for Block Protocol is listening at /0.0.0.0:34209
2022-10-13 20:19:23,649 [IPC Server Responder] INFO  ipc.Server (Server.java:run(1512)) - IPC Server Responder: starting
2022-10-13 20:19:23,650 [IPC Server listener on 34209] INFO  ipc.Server (Server.java:run(1352)) - IPC Server listener on 34209: starting
2022-10-13 20:19:23,685 [IPC Server listener on 43923] INFO  ipc.Server (Server.java:run(1352)) - IPC Server listener on 43923: starting
2022-10-13 20:19:23,703 [org.apache.hadoop.util.JvmPauseMonitor$Monitor@69bf6d4c] INFO  util.JvmPauseMonitor (JvmPauseMonitor.java:run(188)) - Starting JVM pause monitor
2022-10-13 20:19:23,759 [Listener at 0.0.0.0/43923] INFO  http.BaseHttpServer (BaseHttpServer.java:newHttpServer2BuilderForOzone(213)) - Starting Web-server for scm at: http://0.0.0.0:37639
2022-10-13 20:19:23,760 [Listener at 0.0.0.0/43923] INFO  http.BaseHttpServer (BaseHttpServer.java:<init>(108)) - Hadoop Security Enabled: false Ozone Security Enabled: false Ozone HTTP Security Enabled: false 
2022-10-13 20:19:23,789 [Listener at 0.0.0.0/43923] INFO  util.log (Log.java:initialized(170)) - Logging initialized @11708ms to org.eclipse.jetty.util.log.Slf4jLog
2022-10-13 20:19:23,902 [Listener at 0.0.0.0/43923] WARN  server.AuthenticationFilter (AuthenticationFilter.java:constructSecretProvider(240)) - Unable to initialize FileSignerSecretProvider, falling back to use random secrets. Reason: Could not read signature secret file: /home/runner/hadoop-http-auth-signature-secret
2022-10-13 20:19:23,912 [Listener at 0.0.0.0/43923] WARN  http.HttpRequestLog (HttpRequestLog.java:getRequestLog(103)) - Jetty request log can only be enabled using Log4j
2022-10-13 20:19:23,923 [Listener at 0.0.0.0/43923] INFO  http.HttpServer2 (HttpServer2.java:addGlobalFilter(1031)) - Added global filter 'safety' (class=org.apache.hadoop.hdds.server.http.HttpServer2$QuotingInputFilter)
2022-10-13 20:19:23,927 [Listener at 0.0.0.0/43923] INFO  http.HttpServer2 (HttpServer2.java:addFilter(1007)) - Added filter static_user_filter (class=org.apache.hadoop.http.lib.StaticUserWebFilter$StaticUserFilter) to context scm
2022-10-13 20:19:23,928 [Listener at 0.0.0.0/43923] INFO  http.HttpServer2 (HttpServer2.java:addFilter(1015)) - Added filter static_user_filter (class=org.apache.hadoop.http.lib.StaticUserWebFilter$StaticUserFilter) to context logs
2022-10-13 20:19:23,928 [Listener at 0.0.0.0/43923] INFO  http.HttpServer2 (HttpServer2.java:addFilter(1015)) - Added filter static_user_filter (class=org.apache.hadoop.http.lib.StaticUserWebFilter$StaticUserFilter) to context static
2022-10-13 20:19:23,973 [Listener at 0.0.0.0/43923] INFO  http.HttpServer2 (HttpServer2.java:bindListener(1250)) - Jetty bound to port 37639
2022-10-13 20:19:23,975 [Listener at 0.0.0.0/43923] INFO  server.Server (Server.java:doStart(375)) - jetty-9.4.43.v20210629; built: 2021-06-30T11:07:22.254Z; git: 526006ecfa3af7f1a27ef3a288e2bef7ea9dd7e8; jvm 1.8.0_345-b01
2022-10-13 20:19:24,004 [Listener at 0.0.0.0/43923] INFO  server.session (DefaultSessionIdManager.java:doStart(334)) - DefaultSessionIdManager workerName=node0
2022-10-13 20:19:24,004 [Listener at 0.0.0.0/43923] INFO  server.session (DefaultSessionIdManager.java:doStart(339)) - No SessionScavenger set, using defaults
2022-10-13 20:19:24,006 [Listener at 0.0.0.0/43923] INFO  server.session (HouseKeeper.java:startScavenging(132)) - node0 Scavenging every 600000ms
2022-10-13 20:19:24,019 [Listener at 0.0.0.0/43923] INFO  handler.ContextHandler (ContextHandler.java:doStart(915)) - Started o.e.j.s.ServletContextHandler@3f0c66cf{logs,/logs,file:///home/runner/work/ozone/ozone/hadoop-ozone/integration-test/target/log,AVAILABLE}
2022-10-13 20:19:24,020 [Listener at 0.0.0.0/43923] INFO  handler.ContextHandler (ContextHandler.java:doStart(915)) - Started o.e.j.s.ServletContextHandler@21a0fe74{static,/static,file:///home/runner/work/ozone/ozone/hadoop-ozone/integration-test/target/test-classes/webapps/static,AVAILABLE}
2022-10-13 20:19:24,073 [Listener at 0.0.0.0/43923] INFO  handler.ContextHandler (ContextHandler.java:doStart(915)) - Started o.e.j.w.WebAppContext@7f64cd3a{scm,/,file:///home/runner/work/ozone/ozone/hadoop-ozone/integration-test/target/test-classes/webapps/scm/,AVAILABLE}{file:/home/runner/work/ozone/ozone/hadoop-ozone/integration-test/target/test-classes/webapps/scm}
2022-10-13 20:19:24,085 [Listener at 0.0.0.0/43923] INFO  server.AbstractConnector (AbstractConnector.java:doStart(331)) - Started ServerConnector@520af6f5{HTTP/1.1, (http/1.1)}{0.0.0.0:37639}
2022-10-13 20:19:24,086 [Listener at 0.0.0.0/43923] INFO  server.Server (Server.java:doStart(415)) - Started @12005ms
2022-10-13 20:19:24,089 [Listener at 0.0.0.0/43923] INFO  impl.MetricsSinkAdapter (MetricsSinkAdapter.java:start(204)) - Sink prometheus started
2022-10-13 20:19:24,089 [Listener at 0.0.0.0/43923] INFO  impl.MetricsSystemImpl (MetricsSystemImpl.java:registerSink(305)) - Registered sink prometheus
2022-10-13 20:19:24,090 [Listener at 0.0.0.0/43923] INFO  http.BaseHttpServer (BaseHttpServer.java:updateConnectorAddress(333)) - HTTP server of scm listening at http://0.0.0.0:37639
2022-10-13 20:19:24,091 [Listener at 0.0.0.0/43923] INFO  ozone.MiniOzoneHAClusterImpl (MiniOzoneHAClusterImpl.java:createSCMService(606)) - Started SCM RPC server at /0.0.0.0:43923
2022-10-13 20:19:24,109 [Listener at 0.0.0.0/43923] WARN  server.ServerUtils (ServerUtils.java:getScmDbDir(148)) - ozone.scm.db.dirs is not configured. We recommend adding this setting. Falling back to ozone.metadata.dirs instead.
2022-10-13 20:19:24,110 [Listener at 0.0.0.0/43923] INFO  ha.SCMHANodeDetails (SCMHANodeDetails.java:loadSCMHAConfig(209)) - ServiceID for StorageContainerManager is scmServiceId
2022-10-13 20:19:24,110 [Listener at 0.0.0.0/43923] INFO  ha.SCMHANodeDetails (SCMHANodeDetails.java:loadSCMHAConfig(220)) - ServiceID for StorageContainerManager is scmServiceId
2022-10-13 20:19:24,110 [Listener at 0.0.0.0/43923] WARN  scm.ScmUtils (ScmUtils.java:logWarn(179)) - ConfigKey ozone.scm.block.client.address is deprecated, For configuring different ports for each SCM use PortConfigKey ozone.scm.block.client.port appended with serviceId and nodeId. If want to configure same port configure ozone.scm.block.client.port
2022-10-13 20:19:24,110 [Listener at 0.0.0.0/43923] WARN  scm.ScmUtils (ScmUtils.java:logWarn(179)) - ConfigKey ozone.scm.client.address is deprecated, For configuring different ports for each SCM use PortConfigKey ozone.scm.client.port appended with serviceId and nodeId. If want to configure same port configure ozone.scm.client.port
2022-10-13 20:19:24,110 [Listener at 0.0.0.0/43923] WARN  scm.ScmUtils (ScmUtils.java:logWarn(179)) - ConfigKey ozone.scm.datanode.address is deprecated, For configuring different ports for each SCM use PortConfigKey ozone.scm.datanode.port appended with serviceId and nodeId. If want to configure same port configure ozone.scm.datanode.port
2022-10-13 20:19:24,111 [Listener at 0.0.0.0/43923] WARN  scm.ScmUtils (ScmUtils.java:logWarn(179)) - ConfigKey ozone.scm.block.client.address is deprecated, For configuring different ports for each SCM use PortConfigKey ozone.scm.block.client.port appended with serviceId and nodeId. If want to configure same port configure ozone.scm.block.client.port
2022-10-13 20:19:24,111 [Listener at 0.0.0.0/43923] WARN  scm.ScmUtils (ScmUtils.java:logWarn(179)) - ConfigKey ozone.scm.client.address is deprecated, For configuring different ports for each SCM use PortConfigKey ozone.scm.client.port appended with serviceId and nodeId. If want to configure same port configure ozone.scm.client.port
2022-10-13 20:19:24,111 [Listener at 0.0.0.0/43923] WARN  scm.ScmUtils (ScmUtils.java:logWarn(179)) - ConfigKey ozone.scm.datanode.address is deprecated, For configuring different ports for each SCM use PortConfigKey ozone.scm.datanode.port appended with serviceId and nodeId. If want to configure same port configure ozone.scm.datanode.port
2022-10-13 20:19:24,111 [Listener at 0.0.0.0/43923] INFO  ha.SCMHANodeDetails (SCMHANodeDetails.java:loadSCMHAConfig(307)) - Found matching SCM address with SCMServiceId: scmServiceId, SCMNodeId: scmNode-2, RPC Address: localhost:36593 and Ratis port: 36593
2022-10-13 20:19:24,111 [Listener at 0.0.0.0/43923] INFO  ha.SCMHANodeDetails (ConfUtils.java:setNodeSpecificConfigs(97)) - Setting configuration key ozone.scm.datanode.address with value of key ozone.scm.datanode.address.scmServiceId.scmNode-2: 127.0.0.1:46545
2022-10-13 20:19:24,111 [Listener at 0.0.0.0/43923] INFO  ha.SCMHANodeDetails (ConfUtils.java:setNodeSpecificConfigs(97)) - Setting configuration key ozone.scm.block.client.address with value of key ozone.scm.block.client.address.scmServiceId.scmNode-2: 127.0.0.1:39575
2022-10-13 20:19:24,112 [Listener at 0.0.0.0/43923] INFO  ha.SCMHANodeDetails (ConfUtils.java:setNodeSpecificConfigs(97)) - Setting configuration key ozone.scm.client.address with value of key ozone.scm.client.address.scmServiceId.scmNode-2: 127.0.0.1:45541
2022-10-13 20:19:24,112 [Listener at 0.0.0.0/43923] INFO  ha.SCMHANodeDetails (ConfUtils.java:setNodeSpecificConfigs(97)) - Setting configuration key ozone.scm.ratis.port with value of key ozone.scm.ratis.port.scmServiceId.scmNode-2: 36593
2022-10-13 20:19:24,112 [Listener at 0.0.0.0/43923] INFO  ha.SCMHANodeDetails (ConfUtils.java:setNodeSpecificConfigs(97)) - Setting configuration key ozone.scm.grpc.port with value of key ozone.scm.grpc.port.scmServiceId.scmNode-2: 37975
2022-10-13 20:19:24,112 [Listener at 0.0.0.0/43923] INFO  ha.SCMHANodeDetails (ConfUtils.java:setNodeSpecificConfigs(97)) - Setting configuration key ozone.scm.http-address with value of key ozone.scm.http-address.scmServiceId.scmNode-2: 127.0.0.1:39461
2022-10-13 20:19:24,112 [Listener at 0.0.0.0/43923] INFO  ha.SCMHANodeDetails (ConfUtils.java:setNodeSpecificConfigs(97)) - Setting configuration key ozone.scm.https-address with value of key ozone.scm.https-address.scmServiceId.scmNode-2: 127.0.0.1:44897
2022-10-13 20:19:24,112 [Listener at 0.0.0.0/43923] INFO  ha.SCMHANodeDetails (ConfUtils.java:setNodeSpecificConfigs(97)) - Setting configuration key ozone.scm.address with value of key ozone.scm.address.scmServiceId.scmNode-2: 127.0.0.1
2022-10-13 20:19:24,112 [Listener at 0.0.0.0/43923] WARN  scm.ScmUtils (ScmUtils.java:logWarn(179)) - ConfigKey ozone.scm.block.client.address is deprecated, For configuring different ports for each SCM use PortConfigKey ozone.scm.block.client.port appended with serviceId and nodeId. If want to configure same port configure ozone.scm.block.client.port
2022-10-13 20:19:24,112 [Listener at 0.0.0.0/43923] WARN  scm.ScmUtils (ScmUtils.java:logWarn(179)) - ConfigKey ozone.scm.client.address is deprecated, For configuring different ports for each SCM use PortConfigKey ozone.scm.client.port appended with serviceId and nodeId. If want to configure same port configure ozone.scm.client.port
2022-10-13 20:19:24,113 [Listener at 0.0.0.0/43923] WARN  scm.ScmUtils (ScmUtils.java:logWarn(179)) - ConfigKey ozone.scm.datanode.address is deprecated, For configuring different ports for each SCM use PortConfigKey ozone.scm.datanode.port appended with serviceId and nodeId. If want to configure same port configure ozone.scm.datanode.port
2022-10-13 20:19:24,121 [Listener at 0.0.0.0/43923] INFO  ha.SCMNodeInfo (SCMNodeInfo.java:getPort(197)) - ConfigKey ozone.scm.client.address is deprecated, For configuring different ports for each SCM use PortConfigKey ozone.scm.client.port appended with serviceId and nodeId
2022-10-13 20:19:24,121 [Listener at 0.0.0.0/43923] INFO  ha.SCMNodeInfo (SCMNodeInfo.java:getPort(197)) - ConfigKey ozone.scm.block.client.address is deprecated, For configuring different ports for each SCM use PortConfigKey ozone.scm.block.client.port appended with serviceId and nodeId
2022-10-13 20:19:24,121 [Listener at 0.0.0.0/43923] INFO  ha.SCMNodeInfo (SCMNodeInfo.java:getPort(197)) - ConfigKey ozone.scm.datanode.address is deprecated, For configuring different ports for each SCM use PortConfigKey ozone.scm.datanode.port appended with serviceId and nodeId
2022-10-13 20:19:24,121 [Listener at 0.0.0.0/43923] INFO  ha.SCMNodeInfo (SCMNodeInfo.java:getPort(197)) - ConfigKey ozone.scm.client.address is deprecated, For configuring different ports for each SCM use PortConfigKey ozone.scm.client.port appended with serviceId and nodeId
2022-10-13 20:19:24,121 [Listener at 0.0.0.0/43923] INFO  ha.SCMNodeInfo (SCMNodeInfo.java:getPort(197)) - ConfigKey ozone.scm.block.client.address is deprecated, For configuring different ports for each SCM use PortConfigKey ozone.scm.block.client.port appended with serviceId and nodeId
2022-10-13 20:19:24,121 [Listener at 0.0.0.0/43923] INFO  ha.SCMNodeInfo (SCMNodeInfo.java:getPort(197)) - ConfigKey ozone.scm.datanode.address is deprecated, For configuring different ports for each SCM use PortConfigKey ozone.scm.datanode.port appended with serviceId and nodeId
2022-10-13 20:19:24,123 [Listener at 0.0.0.0/43923] INFO  proxy.SCMBlockLocationFailoverProxyProvider (SCMBlockLocationFailoverProxyProvider.java:<init>(114)) - Created block location fail-over proxy with 2 nodes: [nodeId=scmNode-3,nodeAddress=/127.0.0.1:42331, nodeId=scmNode-1,nodeAddress=/127.0.0.1:34209]
2022-10-13 20:19:26,405 [Listener at 0.0.0.0/43923] INFO  retry.RetryInvocationHandler (RetryInvocationHandler.java:log(411)) - com.google.protobuf.ServiceException: java.net.ConnectException: Call From fv-az186-171/10.1.2.27 to localhost:42331 failed on connection exception: java.net.ConnectException: Connection refused; For more details see:  http://wiki.apache.org/hadoop/ConnectionRefused, while invoking $Proxy41.send over nodeId=scmNode-3,nodeAddress=/127.0.0.1:42331 after 1 failover attempts. Trying to failover after sleeping for 2000ms.
2022-10-13 20:19:28,263 [e2549e0e-20c3-4590-9573-c43d76d3b17a@group-018C6AA32671-FollowerState] INFO  impl.FollowerState (FollowerState.java:run(143)) - e2549e0e-20c3-4590-9573-c43d76d3b17a@group-018C6AA32671-FollowerState: change to CANDIDATE, lastRpcElapsedTime:5012505864ns, electionTimeout:5012ms
2022-10-13 20:19:28,263 [e2549e0e-20c3-4590-9573-c43d76d3b17a@group-018C6AA32671-FollowerState] INFO  impl.RoleInfo (RoleInfo.java:shutdownFollowerState(110)) - e2549e0e-20c3-4590-9573-c43d76d3b17a: shutdown e2549e0e-20c3-4590-9573-c43d76d3b17a@group-018C6AA32671-FollowerState
2022-10-13 20:19:28,263 [e2549e0e-20c3-4590-9573-c43d76d3b17a@group-018C6AA32671-FollowerState] INFO  server.RaftServer$Division (RaftServerImpl.java:setRole(299)) - e2549e0e-20c3-4590-9573-c43d76d3b17a@group-018C6AA32671: changes role from  FOLLOWER to CANDIDATE at term 1 for changeToCandidate
2022-10-13 20:19:28,264 [e2549e0e-20c3-4590-9573-c43d76d3b17a@group-018C6AA32671-FollowerState] INFO  server.RaftServerConfigKeys (ConfUtils.java:logGet(46)) - raft.server.leaderelection.pre-vote = false (custom)
2022-10-13 20:19:28,264 [e2549e0e-20c3-4590-9573-c43d76d3b17a@group-018C6AA32671-FollowerState] INFO  impl.RoleInfo (RoleInfo.java:updateAndGet(139)) - e2549e0e-20c3-4590-9573-c43d76d3b17a: start e2549e0e-20c3-4590-9573-c43d76d3b17a@group-018C6AA32671-LeaderElection2
2022-10-13 20:19:28,267 [e2549e0e-20c3-4590-9573-c43d76d3b17a@group-018C6AA32671-LeaderElection2] INFO  impl.LeaderElection (LeaderElection.java:askForVotes(310)) - e2549e0e-20c3-4590-9573-c43d76d3b17a@group-018C6AA32671-LeaderElection2 ELECTION round 0: submit vote requests at term 2 for 0: [e2549e0e-20c3-4590-9573-c43d76d3b17a|rpc:localhost:34991|admin:|client:|dataStream:|priority:0], old=null
2022-10-13 20:19:28,268 [e2549e0e-20c3-4590-9573-c43d76d3b17a@group-018C6AA32671-LeaderElection2] INFO  impl.LeaderElection (LeaderElection.java:askForVotes(312)) - e2549e0e-20c3-4590-9573-c43d76d3b17a@group-018C6AA32671-LeaderElection2 ELECTION round 0: result PASSED (term=2)
2022-10-13 20:19:28,268 [e2549e0e-20c3-4590-9573-c43d76d3b17a@group-018C6AA32671-LeaderElection2] INFO  impl.RoleInfo (RoleInfo.java:shutdownLeaderElection(130)) - e2549e0e-20c3-4590-9573-c43d76d3b17a: shutdown e2549e0e-20c3-4590-9573-c43d76d3b17a@group-018C6AA32671-LeaderElection2
2022-10-13 20:19:28,268 [e2549e0e-20c3-4590-9573-c43d76d3b17a@group-018C6AA32671-LeaderElection2] INFO  server.RaftServer$Division (RaftServerImpl.java:setRole(299)) - e2549e0e-20c3-4590-9573-c43d76d3b17a@group-018C6AA32671: changes role from CANDIDATE to LEADER at term 2 for changeToLeader
2022-10-13 20:19:28,268 [e2549e0e-20c3-4590-9573-c43d76d3b17a@group-018C6AA32671-LeaderElection2] INFO  ha.SCMStateMachine (SCMStateMachine.java:notifyLeaderChanged(259)) - current SCM becomes leader of term 2.
2022-10-13 20:19:28,268 [e2549e0e-20c3-4590-9573-c43d76d3b17a@group-018C6AA32671-LeaderElection2] INFO  ha.SCMContext (SCMContext.java:updateLeaderAndTerm(99)) - update <isLeader,term> from <false,0> to <true,2>
2022-10-13 20:19:28,271 [e2549e0e-20c3-4590-9573-c43d76d3b17a@group-018C6AA32671-LeaderElection2] INFO  server.RaftServer$Division (ServerState.java:setLeader(287)) - e2549e0e-20c3-4590-9573-c43d76d3b17a@group-018C6AA32671: change Leader from null to e2549e0e-20c3-4590-9573-c43d76d3b17a at term 2 for becomeLeader, leader elected after 6364ms
2022-10-13 20:19:28,271 [e2549e0e-20c3-4590-9573-c43d76d3b17a@group-018C6AA32671-LeaderElection2] INFO  server.RaftServerConfigKeys (ConfUtils.java:logGet(46)) - raft.server.staging.catchup.gap = 1000 (default)
2022-10-13 20:19:28,272 [e2549e0e-20c3-4590-9573-c43d76d3b17a@group-018C6AA32671-LeaderElection2] INFO  server.RaftServerConfigKeys (ConfUtils.java:logGet(46)) - raft.server.write.element-limit = 4096 (default)
2022-10-13 20:19:28,272 [e2549e0e-20c3-4590-9573-c43d76d3b17a@group-018C6AA32671-LeaderElection2] INFO  server.RaftServerConfigKeys (ConfUtils.java:logGet(46)) - raft.server.write.byte-limit = 64MB (=67108864) (default)
2022-10-13 20:19:28,273 [e2549e0e-20c3-4590-9573-c43d76d3b17a@group-018C6AA32671-LeaderElection2] INFO  server.RaftServerConfigKeys (ConfUtils.java:logGet(46)) - raft.server.watch.timeout = 10s (default)
2022-10-13 20:19:28,273 [e2549e0e-20c3-4590-9573-c43d76d3b17a@group-018C6AA32671-LeaderElection2] INFO  server.RaftServerConfigKeys (ConfUtils.java:logGet(46)) - raft.server.watch.timeout.denomination = 1s (default)
2022-10-13 20:19:28,273 [e2549e0e-20c3-4590-9573-c43d76d3b17a@group-018C6AA32671-LeaderElection2] INFO  server.RaftServerConfigKeys (ConfUtils.java:logGet(46)) - raft.server.watch.element-limit = 65536 (default)
2022-10-13 20:19:28,273 [e2549e0e-20c3-4590-9573-c43d76d3b17a@group-018C6AA32671-LeaderElection2] INFO  server.RaftServerConfigKeys (ConfUtils.java:logGet(46)) - raft.server.write.element-limit = 4096 (default)
2022-10-13 20:19:28,273 [e2549e0e-20c3-4590-9573-c43d76d3b17a@group-018C6AA32671-LeaderElection2] INFO  server.RaftServerConfigKeys (ConfUtils.java:logGet(46)) - raft.server.write.follower.gap.ratio.max = -1.0 (default)
2022-10-13 20:19:28,273 [e2549e0e-20c3-4590-9573-c43d76d3b17a@group-018C6AA32671-LeaderElection2] INFO  impl.RoleInfo (RoleInfo.java:updateAndGet(139)) - e2549e0e-20c3-4590-9573-c43d76d3b17a: start e2549e0e-20c3-4590-9573-c43d76d3b17a@group-018C6AA32671-LeaderStateImpl
2022-10-13 20:19:28,280 [e2549e0e-20c3-4590-9573-c43d76d3b17a@group-018C6AA32671-LeaderElection2] INFO  segmented.SegmentedRaftLogWorker (SegmentedRaftLogWorker.java:rollLogSegment(430)) - e2549e0e-20c3-4590-9573-c43d76d3b17a@group-018C6AA32671-SegmentedRaftLogWorker: Rolling segment log-0_0 to index:0
2022-10-13 20:19:28,287 [e2549e0e-20c3-4590-9573-c43d76d3b17a@group-018C6AA32671-SegmentedRaftLogWorker] INFO  segmented.SegmentedRaftLogWorker (SegmentedRaftLogWorker.java:execute(586)) - e2549e0e-20c3-4590-9573-c43d76d3b17a@group-018C6AA32671-SegmentedRaftLogWorker: Rolled log segment from /home/runner/work/ozone/ozone/hadoop-ozone/integration-test/target/test-dir/MiniOzoneClusterImpl-0c33195c-4715-4e74-9207-018c6aa32671/scmNode-1/scm-ha/0c33195c-4715-4e74-9207-018c6aa32671/current/log_inprogress_0 to /home/runner/work/ozone/ozone/hadoop-ozone/integration-test/target/test-dir/MiniOzoneClusterImpl-0c33195c-4715-4e74-9207-018c6aa32671/scmNode-1/scm-ha/0c33195c-4715-4e74-9207-018c6aa32671/current/log_0-0
2022-10-13 20:19:28,288 [e2549e0e-20c3-4590-9573-c43d76d3b17a@group-018C6AA32671-LeaderElection2] INFO  server.RaftServer$Division (ServerState.java:setRaftConf(393)) - e2549e0e-20c3-4590-9573-c43d76d3b17a@group-018C6AA32671: set configuration 1: [e2549e0e-20c3-4590-9573-c43d76d3b17a|rpc:localhost:34991|admin:|client:|dataStream:|priority:0], old=null
2022-10-13 20:19:28,303 [e2549e0e-20c3-4590-9573-c43d76d3b17a@group-018C6AA32671-SegmentedRaftLogWorker] INFO  segmented.SegmentedRaftLogWorker (SegmentedRaftLogWorker.java:execute(629)) - e2549e0e-20c3-4590-9573-c43d76d3b17a@group-018C6AA32671-SegmentedRaftLogWorker: created new log segment /home/runner/work/ozone/ozone/hadoop-ozone/integration-test/target/test-dir/MiniOzoneClusterImpl-0c33195c-4715-4e74-9207-018c6aa32671/scmNode-1/scm-ha/0c33195c-4715-4e74-9207-018c6aa32671/current/log_inprogress_1
2022-10-13 20:19:28,309 [e2549e0e-20c3-4590-9573-c43d76d3b17a@group-018C6AA32671-StateMachineUpdater] INFO  ha.SCMContext (SCMContext.java:setLeaderReady(126)) - update <isLeaderReady> from <false> to <true>
2022-10-13 20:19:28,309 [e2549e0e-20c3-4590-9573-c43d76d3b17a@group-018C6AA32671-StateMachineUpdater] INFO  pipeline.BackgroundPipelineCreator (BackgroundPipelineCreator.java:notifyStatusChanged(254)) - Service BackgroundPipelineCreator transitions to RUNNING.
2022-10-13 20:19:28,312 [e2549e0e-20c3-4590-9573-c43d76d3b17a@group-018C6AA32671-StateMachineUpdater] INFO  safemode.HealthyPipelineSafeModeRule (HealthyPipelineSafeModeRule.java:initializeRule(165)) - Refreshed total pipeline count is 0, healthy pipeline threshold count is 1
2022-10-13 20:19:28,313 [e2549e0e-20c3-4590-9573-c43d76d3b17a@group-018C6AA32671-StateMachineUpdater] INFO  safemode.ContainerSafeModeRule (ContainerSafeModeRule.java:reInitializeRule(177)) - Refreshed one replica container threshold 0, currentThreshold 0
2022-10-13 20:19:28,313 [e2549e0e-20c3-4590-9573-c43d76d3b17a@group-018C6AA32671-StateMachineUpdater] INFO  safemode.OneReplicaPipelineSafeModeRule (OneReplicaPipelineSafeModeRule.java:initializeRule(176)) - Refreshed Total pipeline count is 0, pipeline's with at least one datanode reported threshold count is 0
2022-10-13 20:19:28,314 [e2549e0e-20c3-4590-9573-c43d76d3b17a@group-018C6AA32671-StateMachineUpdater] INFO  server.SCMDatanodeProtocolServer (SCMDatanodeProtocolServer.java:start(186)) - ScmDatanodeProtocol RPC server for DataNodes is listening at /0.0.0.0:33963
2022-10-13 20:19:28,316 [IPC Server Responder] INFO  ipc.Server (Server.java:run(1512)) - IPC Server Responder: starting
2022-10-13 20:19:28,317 [IPC Server listener on 33963] INFO  ipc.Server (Server.java:run(1352)) - IPC Server listener on 33963: starting
2022-10-13 20:19:28,437 [Listener at 0.0.0.0/43923] INFO  server.StorageContainerManager (StorageContainerManager.java:scmBootstrap(1119)) - SCM BootStrap  is successful for ClusterID 0c33195c-4715-4e74-9207-018c6aa32671, SCMID 07c9e681-1902-448f-876d-c238a5737790
2022-10-13 20:19:28,437 [Listener at 0.0.0.0/43923] INFO  server.StorageContainerManager (StorageContainerManager.java:scmBootstrap(1121)) - Primary SCM Node ID e2549e0e-20c3-4590-9573-c43d76d3b17a
2022-10-13 20:19:28,437 [Listener at 0.0.0.0/43923] WARN  server.ServerUtils (ServerUtils.java:getScmDbDir(148)) - ozone.scm.db.dirs is not configured. We recommend adding this setting. Falling back to ozone.metadata.dirs instead.
2022-10-13 20:19:28,438 [Listener at 0.0.0.0/43923] INFO  ha.SCMHANodeDetails (SCMHANodeDetails.java:loadSCMHAConfig(209)) - ServiceID for StorageContainerManager is scmServiceId
2022-10-13 20:19:28,438 [Listener at 0.0.0.0/43923] INFO  ha.SCMHANodeDetails (SCMHANodeDetails.java:loadSCMHAConfig(220)) - ServiceID for StorageContainerManager is scmServiceId
2022-10-13 20:19:28,441 [Listener at 0.0.0.0/43923] WARN  scm.ScmUtils (ScmUtils.java:logWarn(179)) - ConfigKey ozone.scm.block.client.address is deprecated, For configuring different ports for each SCM use PortConfigKey ozone.scm.block.client.port appended with serviceId and nodeId. If want to configure same port configure ozone.scm.block.client.port
2022-10-13 20:19:28,441 [Listener at 0.0.0.0/43923] WARN  scm.ScmUtils (ScmUtils.java:logWarn(179)) - ConfigKey ozone.scm.client.address is deprecated, For configuring different ports for each SCM use PortConfigKey ozone.scm.client.port appended with serviceId and nodeId. If want to configure same port configure ozone.scm.client.port
2022-10-13 20:19:28,441 [Listener at 0.0.0.0/43923] WARN  scm.ScmUtils (ScmUtils.java:logWarn(179)) - ConfigKey ozone.scm.datanode.address is deprecated, For configuring different ports for each SCM use PortConfigKey ozone.scm.datanode.port appended with serviceId and nodeId. If want to configure same port configure ozone.scm.datanode.port
2022-10-13 20:19:28,442 [Listener at 0.0.0.0/43923] WARN  scm.ScmUtils (ScmUtils.java:logWarn(179)) - ConfigKey ozone.scm.block.client.address is deprecated, For configuring different ports for each SCM use PortConfigKey ozone.scm.block.client.port appended with serviceId and nodeId. If want to configure same port configure ozone.scm.block.client.port
2022-10-13 20:19:28,442 [Listener at 0.0.0.0/43923] WARN  scm.ScmUtils (ScmUtils.java:logWarn(179)) - ConfigKey ozone.scm.client.address is deprecated, For configuring different ports for each SCM use PortConfigKey ozone.scm.client.port appended with serviceId and nodeId. If want to configure same port configure ozone.scm.client.port
2022-10-13 20:19:28,442 [Listener at 0.0.0.0/43923] WARN  scm.ScmUtils (ScmUtils.java:logWarn(179)) - ConfigKey ozone.scm.datanode.address is deprecated, For configuring different ports for each SCM use PortConfigKey ozone.scm.datanode.port appended with serviceId and nodeId. If want to configure same port configure ozone.scm.datanode.port
2022-10-13 20:19:28,442 [Listener at 0.0.0.0/43923] INFO  ha.SCMHANodeDetails (SCMHANodeDetails.java:loadSCMHAConfig(307)) - Found matching SCM address with SCMServiceId: scmServiceId, SCMNodeId: scmNode-2, RPC Address: localhost:36593 and Ratis port: 36593
2022-10-13 20:19:28,442 [Listener at 0.0.0.0/43923] INFO  ha.SCMHANodeDetails (ConfUtils.java:setNodeSpecificConfigs(97)) - Setting configuration key ozone.scm.datanode.address with value of key ozone.scm.datanode.address.scmServiceId.scmNode-2: 127.0.0.1:46545
2022-10-13 20:19:28,443 [Listener at 0.0.0.0/43923] INFO  ha.SCMHANodeDetails (ConfUtils.java:setNodeSpecificConfigs(97)) - Setting configuration key ozone.scm.block.client.address with value of key ozone.scm.block.client.address.scmServiceId.scmNode-2: 127.0.0.1:39575
2022-10-13 20:19:28,443 [Listener at 0.0.0.0/43923] INFO  ha.SCMHANodeDetails (ConfUtils.java:setNodeSpecificConfigs(97)) - Setting configuration key ozone.scm.client.address with value of key ozone.scm.client.address.scmServiceId.scmNode-2: 127.0.0.1:45541
2022-10-13 20:19:28,443 [Listener at 0.0.0.0/43923] INFO  ha.SCMHANodeDetails (ConfUtils.java:setNodeSpecificConfigs(97)) - Setting configuration key ozone.scm.ratis.port with value of key ozone.scm.ratis.port.scmServiceId.scmNode-2: 36593
2022-10-13 20:19:28,443 [Listener at 0.0.0.0/43923] INFO  ha.SCMHANodeDetails (ConfUtils.java:setNodeSpecificConfigs(97)) - Setting configuration key ozone.scm.grpc.port with value of key ozone.scm.grpc.port.scmServiceId.scmNode-2: 37975
2022-10-13 20:19:28,443 [Listener at 0.0.0.0/43923] INFO  ha.SCMHANodeDetails (ConfUtils.java:setNodeSpecificConfigs(97)) - Setting configuration key ozone.scm.http-address with value of key ozone.scm.http-address.scmServiceId.scmNode-2: 127.0.0.1:39461
2022-10-13 20:19:28,443 [Listener at 0.0.0.0/43923] INFO  ha.SCMHANodeDetails (ConfUtils.java:setNodeSpecificConfigs(97)) - Setting configuration key ozone.scm.https-address with value of key ozone.scm.https-address.scmServiceId.scmNode-2: 127.0.0.1:44897
2022-10-13 20:19:28,443 [Listener at 0.0.0.0/43923] INFO  ha.SCMHANodeDetails (ConfUtils.java:setNodeSpecificConfigs(97)) - Setting configuration key ozone.scm.address with value of key ozone.scm.address.scmServiceId.scmNode-2: 127.0.0.1
2022-10-13 20:19:28,443 [Listener at 0.0.0.0/43923] WARN  scm.ScmUtils (ScmUtils.java:logWarn(179)) - ConfigKey ozone.scm.block.client.address is deprecated, For configuring different ports for each SCM use PortConfigKey ozone.scm.block.client.port appended with serviceId and nodeId. If want to configure same port configure ozone.scm.block.client.port
2022-10-13 20:19:28,443 [Listener at 0.0.0.0/43923] WARN  scm.ScmUtils (ScmUtils.java:logWarn(179)) - ConfigKey ozone.scm.client.address is deprecated, For configuring different ports for each SCM use PortConfigKey ozone.scm.client.port appended with serviceId and nodeId. If want to configure same port configure ozone.scm.client.port
2022-10-13 20:19:28,443 [Listener at 0.0.0.0/43923] WARN  scm.ScmUtils (ScmUtils.java:logWarn(179)) - ConfigKey ozone.scm.datanode.address is deprecated, For configuring different ports for each SCM use PortConfigKey ozone.scm.datanode.port appended with serviceId and nodeId. If want to configure same port configure ozone.scm.datanode.port
2022-10-13 20:19:28,447 [Listener at 0.0.0.0/43923] WARN  utils.HAUtils (HAUtils.java:getMetaDir(342)) - ozone.scm.db.dirs is not configured. We recommend adding this setting. Falling back to ozone.metadata.dirs instead.
2022-10-13 20:19:28,447 [Listener at 0.0.0.0/43923] WARN  db.DBStoreBuilder (DBStoreBuilder.java:applyDBDefinition(144)) - ozone.scm.db.dirs is not configured. We recommend adding this setting. Falling back to ozone.metadata.dirs instead.
2022-10-13 20:19:28,553 [Listener at 0.0.0.0/43923] INFO  net.NodeSchemaLoader (NodeSchemaLoader.java:loadSchemaFromFile(129)) - Loading schema from [jar:file:/home/runner/.m2/repository/org/apache/ozone/hdds-common/1.3.0-SNAPSHOT/hdds-common-1.3.0-SNAPSHOT.jar!/network-topology-default.xml]
2022-10-13 20:19:28,553 [Listener at 0.0.0.0/43923] INFO  net.NodeSchemaLoader (NodeSchemaLoader.java:loadSchema(176)) - Loading network topology layer schema file
2022-10-13 20:19:28,556 [Listener at 0.0.0.0/43923] WARN  impl.MetricRegistriesImpl (MetricRegistriesImpl.java:addReporterRegistration(111)) - New reporters are added after registries were created. Some metrics will be missing from the reporter. Please add reporter before adding any new registry.
2022-10-13 20:19:28,556 [Listener at 0.0.0.0/43923] WARN  impl.MetricRegistriesImpl (MetricRegistriesImpl.java:addReporterRegistration(111)) - New reporters are added after registries were created. Some metrics will be missing from the reporter. Please add reporter before adding any new registry.
2022-10-13 20:19:28,556 [Listener at 0.0.0.0/43923] INFO  ha.SCMRatisServerImpl (SCMRatisServerImpl.java:<init>(87)) - starting Raft server for scm:07c9e681-1902-448f-876d-c238a5737790
2022-10-13 20:19:28,557 [Listener at 0.0.0.0/43923] INFO  server.RaftServer (ConfUtils.java:logGet(46)) - raft.rpc.type = GRPC (default)
2022-10-13 20:19:28,557 [Listener at 0.0.0.0/43923] INFO  grpc.GrpcFactory (GrpcFactory.java:checkPooledByteBufAllocatorUseCacheForAllThreads(48)) - PERFORMANCE WARNING: useCacheForAllThreads is true that may cause Netty to create a lot garbage objects and, as a result, trigger GC.
	It is recommended to disable useCacheForAllThreads by setting -Dorg.apache.ratis.thirdparty.io.netty.allocator.useCacheForAllThreads=false in command line.
2022-10-13 20:19:28,558 [Listener at 0.0.0.0/43923] INFO  grpc.GrpcConfigKeys (ConfUtils.java:logGet(46)) - raft.grpc.admin.port = -1 (default)
2022-10-13 20:19:28,558 [Listener at 0.0.0.0/43923] INFO  grpc.GrpcConfigKeys (ConfUtils.java:logGet(46)) - raft.grpc.server.port = 36593 (custom)
2022-10-13 20:19:28,558 [Listener at 0.0.0.0/43923] INFO  grpc.GrpcConfigKeys (ConfUtils.java:logGet(46)) - raft.grpc.client.port = -1 (default)
2022-10-13 20:19:28,558 [Listener at 0.0.0.0/43923] INFO  grpc.GrpcConfigKeys (ConfUtils.java:logGet(46)) - raft.grpc.server.port = 36593 (custom)
2022-10-13 20:19:28,558 [Listener at 0.0.0.0/43923] INFO  grpc.GrpcConfigKeys (ConfUtils.java:logGet(46)) - raft.grpc.server.port = 36593 (custom)
2022-10-13 20:19:28,558 [Listener at 0.0.0.0/43923] INFO  server.GrpcService (ConfUtils.java:logGet(46)) - raft.grpc.message.size.max = 32m (=33554432) (custom)
2022-10-13 20:19:28,558 [Listener at 0.0.0.0/43923] INFO  server.RaftServerConfigKeys (ConfUtils.java:logGet(46)) - raft.server.log.appender.buffer.byte-limit = 33554432 (custom)
2022-10-13 20:19:28,559 [Listener at 0.0.0.0/43923] INFO  server.GrpcService (ConfUtils.java:logGet(46)) - raft.grpc.flow.control.window = 1MB (=1048576) (default)
2022-10-13 20:19:28,559 [Listener at 0.0.0.0/43923] INFO  server.RaftServerConfigKeys (ConfUtils.java:logGet(46)) - raft.server.rpc.request.timeout = 30000ms (custom)
2022-10-13 20:19:28,559 [Listener at 0.0.0.0/43923] INFO  grpc.GrpcConfigKeys (ConfUtils.java:logGet(46)) - raft.grpc.server.async.request.thread.pool.cached = true (default)
2022-10-13 20:19:28,559 [Listener at 0.0.0.0/43923] INFO  grpc.GrpcConfigKeys (ConfUtils.java:logGet(46)) - raft.grpc.server.async.request.thread.pool.size = 32 (default)
2022-10-13 20:19:28,560 [Listener at 0.0.0.0/43923] INFO  impl.DataStreamServerImpl (ConfUtils.java:logGet(46)) - raft.datastream.type = DISABLED (default)
2022-10-13 20:19:28,560 [Listener at 0.0.0.0/43923] INFO  server.RaftServerConfigKeys (ConfUtils.java:logGet(46)) - raft.server.threadpool.proxy.cached = true (default)
2022-10-13 20:19:28,560 [Listener at 0.0.0.0/43923] INFO  server.RaftServerConfigKeys (ConfUtils.java:logGet(46)) - raft.server.threadpool.proxy.size = 0 (default)
2022-10-13 20:19:28,561 [Listener at 0.0.0.0/43923] INFO  server.RaftServerConfigKeys (ConfUtils.java:logGet(46)) - raft.server.rpc.slowness.timeout = 120000ms (custom)
2022-10-13 20:19:28,561 [Listener at 0.0.0.0/43923] INFO  server.RaftServerConfigKeys (ConfUtils.java:logGet(46)) - raft.server.leaderelection.leader.step-down.wait-time = 10s (default)
2022-10-13 20:19:28,561 [Listener at 0.0.0.0/43923] INFO  server.RaftServerConfigKeys (ConfUtils.java:logGet(46)) - raft.server.storage.dir = [/home/runner/work/ozone/ozone/hadoop-ozone/integration-test/target/test-dir/MiniOzoneClusterImpl-0c33195c-4715-4e74-9207-018c6aa32671/scmNode-2/scm-ha] (custom)
2022-10-13 20:19:28,562 [Listener at 0.0.0.0/43923] INFO  server.RaftServer (RaftServerProxy.java:addNew(96)) - 07c9e681-1902-448f-876d-c238a5737790: addNew group-018C6AA32671:[] returns group-018C6AA32671:java.util.concurrent.CompletableFuture@69abfe2a[Not completed]
2022-10-13 20:19:28,562 [pool-54-thread-1] INFO  server.RaftServer$Division (RaftServerImpl.java:<init>(190)) - 07c9e681-1902-448f-876d-c238a5737790: new RaftServerImpl for group-018C6AA32671:[] with SCMStateMachine:uninitialized
2022-10-13 20:19:28,563 [pool-54-thread-1] INFO  server.RaftServerConfigKeys (ConfUtils.java:logGet(46)) - raft.server.rpc.timeout.min = 5000ms (custom)
2022-10-13 20:19:28,563 [pool-54-thread-1] INFO  server.RaftServerConfigKeys (ConfUtils.java:logGet(46)) - raft.server.rpc.timeout.max = 5200ms (custom)
2022-10-13 20:19:28,563 [pool-54-thread-1] INFO  server.RaftServerConfigKeys (ConfUtils.java:logGet(46)) - raft.server.rpc.sleep.time = 25ms (default)
2022-10-13 20:19:28,563 [pool-54-thread-1] INFO  server.RaftServerConfigKeys (ConfUtils.java:logGet(46)) - raft.server.rpc.slowness.timeout = 120000ms (custom)
2022-10-13 20:19:28,563 [pool-54-thread-1] INFO  server.RaftServerConfigKeys (ConfUtils.java:logGet(46)) - raft.server.leaderelection.leader.step-down.wait-time = 10s (default)
2022-10-13 20:19:28,563 [pool-54-thread-1] INFO  server.RaftServerConfigKeys (ConfUtils.java:logGet(46)) - raft.server.sleep.deviation.threshold = 300ms (default)
2022-10-13 20:19:28,563 [pool-54-thread-1] INFO  server.RaftServer$Division (ServerState.java:<init>(107)) - 07c9e681-1902-448f-876d-c238a5737790@group-018C6AA32671: ConfigurationManager, init=-1: [], old=null, confs=<EMPTY_MAP>
2022-10-13 20:19:28,563 [pool-54-thread-1] INFO  server.RaftServerConfigKeys (ConfUtils.java:logGet(46)) - raft.server.storage.dir = [/home/runner/work/ozone/ozone/hadoop-ozone/integration-test/target/test-dir/MiniOzoneClusterImpl-0c33195c-4715-4e74-9207-018c6aa32671/scmNode-2/scm-ha] (custom)
2022-10-13 20:19:28,564 [pool-54-thread-1] INFO  server.RaftServerConfigKeys (ConfUtils.java:logGet(46)) - raft.server.log.corruption.policy = EXCEPTION (default)
2022-10-13 20:19:28,564 [pool-54-thread-1] INFO  server.RaftServerConfigKeys (ConfUtils.java:logGet(46)) - raft.server.storage.free-space.min = 0MB (=0) (default)
2022-10-13 20:19:28,564 [pool-54-thread-1] INFO  storage.RaftStorageDirectory (RaftStorageDirectoryImpl.java:analyzeStorage(135)) - The storage directory /home/runner/work/ozone/ozone/hadoop-ozone/integration-test/target/test-dir/MiniOzoneClusterImpl-0c33195c-4715-4e74-9207-018c6aa32671/scmNode-2/scm-ha/0c33195c-4715-4e74-9207-018c6aa32671 does not exist. Creating ...
2022-10-13 20:19:28,568 [pool-54-thread-1] INFO  storage.RaftStorageDirectory (RaftStorageDirectoryImpl.java:tryLock(230)) - Lock on /home/runner/work/ozone/ozone/hadoop-ozone/integration-test/target/test-dir/MiniOzoneClusterImpl-0c33195c-4715-4e74-9207-018c6aa32671/scmNode-2/scm-ha/0c33195c-4715-4e74-9207-018c6aa32671/in_use.lock acquired by nodename 2881@fv-az186-171
2022-10-13 20:19:28,569 [pool-54-thread-1] INFO  storage.RaftStorage (RaftStorageImpl.java:format(89)) - Storage directory /home/runner/work/ozone/ozone/hadoop-ozone/integration-test/target/test-dir/MiniOzoneClusterImpl-0c33195c-4715-4e74-9207-018c6aa32671/scmNode-2/scm-ha/0c33195c-4715-4e74-9207-018c6aa32671 has been successfully formatted.
2022-10-13 20:19:28,570 [pool-54-thread-1] INFO  server.RaftServerConfigKeys (ConfUtils.java:logGet(46)) - raft.server.notification.no-leader.timeout = 60s (default)
2022-10-13 20:19:28,570 [pool-54-thread-1] INFO  server.RaftServerConfigKeys (ConfUtils.java:logGet(46)) - raft.server.log.use.memory = false (default)
2022-10-13 20:19:28,570 [pool-54-thread-1] INFO  server.RaftServerConfigKeys (ConfUtils.java:logGet(46)) - raft.server.log.purge.gap = 1000000 (custom)
2022-10-13 20:19:28,570 [pool-54-thread-1] INFO  server.RaftServerConfigKeys (ConfUtils.java:logGet(46)) - raft.server.log.appender.buffer.byte-limit = 33554432 (custom)
2022-10-13 20:19:28,570 [pool-54-thread-1] INFO  server.RaftServerConfigKeys (ConfUtils.java:logGet(46)) - raft.server.log.statemachine.data.read.timeout = 1000ms (default)
2022-10-13 20:19:28,570 [pool-54-thread-1] INFO  server.RaftServerConfigKeys (ConfUtils.java:logGet(46)) - raft.server.log.segment.size.max = 4194304 (custom)
2022-10-13 20:19:28,571 [pool-54-thread-1] INFO  server.RaftServerConfigKeys (ConfUtils.java:logGet(46)) - raft.server.log.segment.cache.num.max = 2 (custom)
2022-10-13 20:19:28,571 [pool-54-thread-1] INFO  server.RaftServerConfigKeys (ConfUtils.java:logGet(46)) - raft.server.log.segment.cache.size.max = 200MB (=209715200) (default)
2022-10-13 20:19:28,571 [pool-54-thread-1] INFO  segmented.SegmentedRaftLogWorker (SegmentedRaftLogWorker.java:<init>(187)) - new 07c9e681-1902-448f-876d-c238a5737790@group-018C6AA32671-SegmentedRaftLogWorker for RaftStorageImpl:Storage Directory /home/runner/work/ozone/ozone/hadoop-ozone/integration-test/target/test-dir/MiniOzoneClusterImpl-0c33195c-4715-4e74-9207-018c6aa32671/scmNode-2/scm-ha/0c33195c-4715-4e74-9207-018c6aa32671
2022-10-13 20:19:28,571 [pool-54-thread-1] INFO  server.RaftServerConfigKeys (ConfUtils.java:logGet(46)) - raft.server.log.queue.byte-limit = 64MB (=67108864) (default)
2022-10-13 20:19:28,571 [pool-54-thread-1] INFO  server.RaftServerConfigKeys (ConfUtils.java:logGet(46)) - raft.server.log.queue.element-limit = 4096 (default)
2022-10-13 20:19:28,571 [pool-54-thread-1] INFO  server.RaftServerConfigKeys (ConfUtils.java:logGet(46)) - raft.server.log.segment.size.max = 4194304 (custom)
2022-10-13 20:19:28,571 [pool-54-thread-1] INFO  server.RaftServerConfigKeys (ConfUtils.java:logGet(46)) - raft.server.log.preallocated.size = 4194304 (custom)
2022-10-13 20:19:28,572 [pool-54-thread-1] INFO  server.RaftServerConfigKeys (ConfUtils.java:logGet(46)) - raft.server.log.force.sync.num = 128 (default)
2022-10-13 20:19:28,572 [pool-54-thread-1] INFO  server.RaftServerConfigKeys (ConfUtils.java:logGet(46)) - raft.server.log.statemachine.data.sync = true (default)
2022-10-13 20:19:28,572 [pool-54-thread-1] INFO  server.RaftServerConfigKeys (ConfUtils.java:logGet(46)) - raft.server.log.statemachine.data.sync.timeout = 10s (default)
2022-10-13 20:19:28,572 [pool-54-thread-1] INFO  server.RaftServerConfigKeys (ConfUtils.java:logGet(46)) - raft.server.log.statemachine.data.sync.timeout.retry = -1 (default)
2022-10-13 20:19:28,574 [pool-54-thread-1] INFO  server.RaftServerConfigKeys (ConfUtils.java:logGet(46)) - raft.server.log.write.buffer.size = 64KB (=65536) (default)
2022-10-13 20:19:28,574 [pool-54-thread-1] INFO  server.RaftServerConfigKeys (ConfUtils.java:logGet(46)) - raft.server.log.unsafe-flush.enabled = false (default)
2022-10-13 20:19:28,574 [pool-54-thread-1] INFO  server.RaftServerConfigKeys (ConfUtils.java:logGet(46)) - raft.server.log.statemachine.data.caching.enabled = false (default)
2022-10-13 20:19:28,576 [pool-54-thread-1] INFO  segmented.SegmentedRaftLogWorker (SegmentedRaftLogWorker.java:lambda$new$0(135)) - 07c9e681-1902-448f-876d-c238a5737790@group-018C6AA32671-SegmentedRaftLogWorker: flushIndex: setUnconditionally 0 -> -1
2022-10-13 20:19:28,576 [pool-54-thread-1] INFO  segmented.SegmentedRaftLogWorker (SegmentedRaftLogWorker.java:lambda$new$0(135)) - 07c9e681-1902-448f-876d-c238a5737790@group-018C6AA32671-SegmentedRaftLogWorker: safeCacheEvictIndex: setUnconditionally 0 -> -1
2022-10-13 20:19:28,577 [pool-54-thread-1] INFO  server.RaftServerConfigKeys (ConfUtils.java:logGet(46)) - raft.server.snapshot.auto.trigger.enabled = true (custom)
2022-10-13 20:19:28,577 [pool-54-thread-1] INFO  server.RaftServerConfigKeys (ConfUtils.java:logGet(46)) - raft.server.snapshot.auto.trigger.threshold = 1000 (custom)
2022-10-13 20:19:28,577 [pool-54-thread-1] INFO  server.RaftServerConfigKeys (ConfUtils.java:logGet(46)) - raft.server.snapshot.retention.file.num = -1 (default)
2022-10-13 20:19:28,577 [pool-54-thread-1] INFO  server.RaftServerConfigKeys (ConfUtils.java:logGet(46)) - raft.server.log.purge.upto.snapshot.index = false (default)
2022-10-13 20:19:28,577 [pool-54-thread-1] INFO  server.RaftServerConfigKeys (ConfUtils.java:logGet(46)) - raft.server.retrycache.expirytime = 60000ms (default)
2022-10-13 20:19:28,577 [pool-54-thread-1] INFO  server.RaftServerConfigKeys (ConfUtils.java:logGet(46)) - raft.server.retrycache.statistics.expirytime = 100μs (default)
2022-10-13 20:19:28,579 [pool-54-thread-1] INFO  server.RaftServerConfigKeys (ConfUtils.java:logGet(46)) - raft.server.log.appender.install.snapshot.enabled = false (custom)
2022-10-13 20:19:28,580 [pool-54-thread-1] INFO  server.RaftServerConfigKeys (ConfUtils.java:logGet(46)) - raft.server.threadpool.server.cached = true (default)
2022-10-13 20:19:28,580 [pool-54-thread-1] INFO  server.RaftServerConfigKeys (ConfUtils.java:logGet(46)) - raft.server.threadpool.server.size = 0 (default)
2022-10-13 20:19:28,580 [pool-54-thread-1] INFO  server.RaftServerConfigKeys (ConfUtils.java:logGet(46)) - raft.server.threadpool.client.cached = true (default)
2022-10-13 20:19:28,580 [pool-54-thread-1] INFO  server.RaftServerConfigKeys (ConfUtils.java:logGet(46)) - raft.server.threadpool.client.size = 0 (default)
2022-10-13 20:19:28,580 [Listener at 0.0.0.0/43923] INFO  ha.SCMSnapshotProvider (SCMSnapshotProvider.java:<init>(66)) - Initializing SCM Snapshot Provider
2022-10-13 20:19:28,580 [Listener at 0.0.0.0/43923] WARN  server.ServerUtils (ServerUtils.java:getDefaultRatisDirectory(237)) - Storage directory for Ratis is not configured. It is a good idea to map this to an SSD disk. Falling back to ozone.metadata.dirs
2022-10-13 20:19:28,580 [Listener at 0.0.0.0/43923] WARN  ha.SCMHAUtils (SCMHAUtils.java:getSCMRatisSnapshotDirectory(153)) - SCM snapshot dir is not configured. Falling back to ozone.metadata.dirs config
2022-10-13 20:19:28,582 [Listener at 0.0.0.0/43923] INFO  upgrade.AbstractLayoutVersionManager (AbstractLayoutVersionManager.java:init(83)) - Initializing Layout version manager with metadata layout = DATANODE_SCHEMA_V3 (version = 4), software layout = DATANODE_SCHEMA_V3 (version = 4)
2022-10-13 20:19:28,644 [Listener at 0.0.0.0/43923] INFO  reflections.Reflections (Reflections.java:scan(232)) - Reflections took 61 ms to scan 7 urls, producing 137 keys and 328 values 
2022-10-13 20:19:28,647 [Listener at 0.0.0.0/43923] INFO  ha.SequenceIdGenerator (SequenceIdGenerator.java:upgradeToSequenceId(349)) - upgrade localId to 109611004723200000
2022-10-13 20:19:28,647 [Listener at 0.0.0.0/43923] INFO  ha.SequenceIdGenerator (SequenceIdGenerator.java:upgradeToSequenceId(359)) - upgrade delTxnId to 0
2022-10-13 20:19:28,647 [Listener at 0.0.0.0/43923] INFO  ha.SequenceIdGenerator (SequenceIdGenerator.java:upgradeToSequenceId(376)) - upgrade containerId to 0
2022-10-13 20:19:28,647 [Listener at 0.0.0.0/43923] INFO  ha.SequenceIdGenerator (SequenceIdGenerator.java:<init>(220)) - Init the HA SequenceIdGenerator.
2022-10-13 20:19:28,647 [Listener at 0.0.0.0/43923] WARN  server.ServerUtils (ServerUtils.java:sanitizeUserArgs(73)) - ozone.scm.stale.node.interval value = 300000 is larger than max = 100000 based on the key value of ozone.scm.heartbeat.thread.interval, reset to the max value 100000.
2022-10-13 20:19:28,648 [Listener at 0.0.0.0/43923] WARN  server.ServerUtils (ServerUtils.java:sanitizeUserArgs(73)) - ozone.scm.stale.node.interval value = 300000 is larger than max = 100000 based on the key value of ozone.scm.heartbeat.thread.interval, reset to the max value 100000.
2022-10-13 20:19:28,648 [Listener at 0.0.0.0/43923] INFO  node.SCMNodeManager (SCMNodeManager.java:<init>(149)) - Entering startup safe mode.
2022-10-13 20:19:28,649 [Listener at 0.0.0.0/43923] INFO  algorithms.ContainerPlacementPolicyFactory (ContainerPlacementPolicyFactory.java:getPolicyInternal(86)) - Create container placement policy of type org.apache.hadoop.hdds.scm.container.placement.algorithms.SCMContainerPlacementRandom
2022-10-13 20:19:28,650 [Listener at 0.0.0.0/43923] INFO  algorithms.ContainerPlacementPolicyFactory (ContainerPlacementPolicyFactory.java:getPolicyInternal(86)) - Create container placement policy of type org.apache.hadoop.hdds.scm.container.placement.algorithms.SCMContainerPlacementRackScatter
2022-10-13 20:19:28,650 [Listener at 0.0.0.0/43923] INFO  pipeline.PipelineStateManagerImpl (PipelineStateManagerImpl.java:initialize(78)) - No pipeline exists in current db
2022-10-13 20:19:28,650 [Listener at 0.0.0.0/43923] INFO  algorithms.LeaderChoosePolicyFactory (LeaderChoosePolicyFactory.java:getPolicy(57)) - Create leader choose policy of type org.apache.hadoop.hdds.scm.pipeline.leader.choose.algorithms.MinLeaderCountChoosePolicy
2022-10-13 20:19:28,650 [Listener at 0.0.0.0/43923] INFO  algorithms.ContainerPlacementPolicyFactory (ContainerPlacementPolicyFactory.java:getPolicyInternal(86)) - Create container placement policy of type org.apache.hadoop.hdds.scm.container.placement.algorithms.SCMContainerPlacementRackScatter
2022-10-13 20:19:28,651 [Listener at 0.0.0.0/43923] INFO  ha.SCMServiceManager (SCMServiceManager.java:register(42)) - Registering service BackgroundPipelineCreator.
2022-10-13 20:19:28,651 [Listener at 0.0.0.0/43923] INFO  pipeline.BackgroundPipelineCreator (BackgroundPipelineCreator.java:start(124)) - Starting RatisPipelineUtilsThread.
2022-10-13 20:19:28,651 [Listener at 0.0.0.0/43923] INFO  BackgroundPipelineScrubber (BackgroundSCMService.java:start(68)) - Starting BackgroundPipelineScrubber Service.
2022-10-13 20:19:28,652 [Listener at 0.0.0.0/43923] INFO  ha.SCMServiceManager (SCMServiceManager.java:register(42)) - Registering service BackgroundPipelineScrubber.
2022-10-13 20:19:28,652 [Listener at 0.0.0.0/43923] INFO  ExpiredContainerReplicaOpScrubber (BackgroundSCMService.java:start(68)) - Starting ExpiredContainerReplicaOpScrubber Service.
2022-10-13 20:19:28,652 [Listener at 0.0.0.0/43923] INFO  ha.SCMServiceManager (SCMServiceManager.java:register(42)) - Registering service ExpiredContainerReplicaOpScrubber.
2022-10-13 20:19:28,654 [Listener at 0.0.0.0/43923] INFO  algorithms.PipelineChoosePolicyFactory (PipelineChoosePolicyFactory.java:createPipelineChoosePolicyFromClass(73)) - Create pipeline choose policy of type org.apache.hadoop.hdds.scm.pipeline.choose.algorithms.RandomPipelineChoosePolicy
2022-10-13 20:19:28,655 [Listener at 0.0.0.0/43923] INFO  ha.SCMServiceManager (SCMServiceManager.java:register(42)) - Registering service SCMBlockDeletingService.
2022-10-13 20:19:28,655 [Listener at 0.0.0.0/43923] INFO  replication.ReplicationManager (ReplicationManager.java:start(223)) - Starting Replication Monitor Thread.
2022-10-13 20:19:28,660 [Listener at 0.0.0.0/43923] INFO  ha.SCMServiceManager (SCMServiceManager.java:register(42)) - Registering service ReplicationManager.
2022-10-13 20:19:28,661 [Listener at 0.0.0.0/43923] INFO  safemode.ContainerSafeModeRule (ContainerSafeModeRule.java:<init>(89)) - containers with one replica threshold count 0
2022-10-13 20:19:28,662 [Listener at 0.0.0.0/43923] INFO  safemode.HealthyPipelineSafeModeRule (HealthyPipelineSafeModeRule.java:initializeRule(169)) - Total pipeline count is 0, healthy pipeline threshold count is 1
2022-10-13 20:19:28,662 [Listener at 0.0.0.0/43923] INFO  safemode.OneReplicaPipelineSafeModeRule (OneReplicaPipelineSafeModeRule.java:initializeRule(180)) - Total pipeline count is 0, pipeline's with at least one datanode reported threshold count is 0
2022-10-13 20:19:28,663 [ReplicationMonitor] INFO  replication.ReplicationManager (ReplicationManager.java:processAll(291)) - Replication Manager is not ready to run until 3000ms after safemode exit
2022-10-13 20:19:28,663 [Listener at 0.0.0.0/43923] INFO  ipc.CallQueueManager (CallQueueManager.java:<init>(90)) - Using callQueue: class java.util.concurrent.LinkedBlockingQueue, queueCapacity: 2000, scheduler: class org.apache.hadoop.ipc.DefaultRpcScheduler, ipcBackoff: false.
2022-10-13 20:19:28,664 [Socket Reader #1 for port 46545] INFO  ipc.Server (Server.java:run(1273)) - Starting Socket Reader #1 for port 46545
2022-10-13 20:19:28,667 [Listener at 0.0.0.0/46545] INFO  ipc.CallQueueManager (CallQueueManager.java:<init>(90)) - Using callQueue: class java.util.concurrent.LinkedBlockingQueue, queueCapacity: 2000, scheduler: class org.apache.hadoop.ipc.DefaultRpcScheduler, ipcBackoff: false.
2022-10-13 20:19:28,669 [Socket Reader #1 for port 39575] INFO  ipc.Server (Server.java:run(1273)) - Starting Socket Reader #1 for port 39575
2022-10-13 20:19:28,675 [Listener at 0.0.0.0/39575] INFO  ipc.CallQueueManager (CallQueueManager.java:<init>(90)) - Using callQueue: class java.util.concurrent.LinkedBlockingQueue, queueCapacity: 2000, scheduler: class org.apache.hadoop.ipc.DefaultRpcScheduler, ipcBackoff: false.
2022-10-13 20:19:28,676 [Socket Reader #1 for port 45541] INFO  ipc.Server (Server.java:run(1273)) - Starting Socket Reader #1 for port 45541
2022-10-13 20:19:28,704 [Listener at 0.0.0.0/45541] INFO  ha.SCMServiceManager (SCMServiceManager.java:register(42)) - Registering service ContainerBalancer.
2022-10-13 20:19:28,704 [Listener at 0.0.0.0/45541] INFO  server.StorageContainerManager (StorageContainerManager.java:<init>(410)) - 
Container Balancer status:
Key                            Value
Running                        false
Container Balancer Configuration values:
Key                                                Value
Threshold                                          10
Max Datanodes to Involve per Iteration(percent)    20
Max Size to Move per Iteration                     500GB
Max Size Entering Target per Iteration             26GB
Max Size Leaving Source per Iteration              26GB

2022-10-13 20:19:28,704 [Listener at 0.0.0.0/45541] WARN  events.EventQueue (EventQueue.java:fireEvent(216)) - No event handler registered for event TypedEvent{payloadType=SafeModeStatus, name='Safe mode status'}
2022-10-13 20:19:28,704 [Listener at 0.0.0.0/45541] INFO  ha.SCMContext (SCMContext.java:updateSafeModeStatus(228)) - Update SafeModeStatus from SafeModeStatus{safeModeStatus=true, preCheckPassed=false} to SafeModeStatus{safeModeStatus=true, preCheckPassed=false}.
2022-10-13 20:19:28,705 [Listener at 0.0.0.0/45541] INFO  server.StorageContainerManager (StorageContainerManager.java:start(1436)) - StorageContainerLocationProtocol RPC server is listening at /0.0.0.0:45541
2022-10-13 20:19:28,705 [Listener at 0.0.0.0/45541] INFO  ha.SCMRatisServerImpl (SCMRatisServerImpl.java:start(178)) - starting ratis server 0.0.0.0:36593
2022-10-13 20:19:28,705 [07c9e681-1902-448f-876d-c238a5737790-impl-thread1] INFO  server.RaftServer$Division (RaftServerImpl.java:start(316)) - 07c9e681-1902-448f-876d-c238a5737790@group-018C6AA32671: start with initializing state, conf=-1: [], old=null
2022-10-13 20:19:28,706 [07c9e681-1902-448f-876d-c238a5737790-impl-thread1] INFO  server.RaftServer$Division (RaftServerImpl.java:setRole(299)) - 07c9e681-1902-448f-876d-c238a5737790@group-018C6AA32671: changes role from      null to FOLLOWER at term 0 for startInitializing
2022-10-13 20:19:28,706 [07c9e681-1902-448f-876d-c238a5737790-impl-thread1] INFO  util.JmxRegister (JmxRegister.java:tryRegister(44)) - Successfully registered JMX Bean with object name Ratis:service=RaftServer,group=group-018C6AA32671,id=07c9e681-1902-448f-876d-c238a5737790
2022-10-13 20:19:28,708 [Listener at 0.0.0.0/45541] INFO  server.RaftServer (RaftServerProxy.java:lambda$start$6(382)) - 07c9e681-1902-448f-876d-c238a5737790: start RPC server
2022-10-13 20:19:28,714 [Listener at 0.0.0.0/45541] INFO  server.GrpcService (GrpcService.java:startImpl(260)) - 07c9e681-1902-448f-876d-c238a5737790: GrpcService started, listening on 36593
2022-10-13 20:19:28,716 [Listener at 0.0.0.0/45541] INFO  ha.SCMNodeInfo (SCMNodeInfo.java:getPort(197)) - ConfigKey ozone.scm.client.address is deprecated, For configuring different ports for each SCM use PortConfigKey ozone.scm.client.port appended with serviceId and nodeId
2022-10-13 20:19:28,716 [Listener at 0.0.0.0/45541] INFO  ha.SCMNodeInfo (SCMNodeInfo.java:getPort(197)) - ConfigKey ozone.scm.block.client.address is deprecated, For configuring different ports for each SCM use PortConfigKey ozone.scm.block.client.port appended with serviceId and nodeId
2022-10-13 20:19:28,716 [Listener at 0.0.0.0/45541] INFO  ha.SCMNodeInfo (SCMNodeInfo.java:getPort(197)) - ConfigKey ozone.scm.datanode.address is deprecated, For configuring different ports for each SCM use PortConfigKey ozone.scm.datanode.port appended with serviceId and nodeId
2022-10-13 20:19:28,716 [Listener at 0.0.0.0/45541] INFO  ha.SCMNodeInfo (SCMNodeInfo.java:getPort(197)) - ConfigKey ozone.scm.client.address is deprecated, For configuring different ports for each SCM use PortConfigKey ozone.scm.client.port appended with serviceId and nodeId
2022-10-13 20:19:28,717 [Listener at 0.0.0.0/45541] INFO  ha.SCMNodeInfo (SCMNodeInfo.java:getPort(197)) - ConfigKey ozone.scm.block.client.address is deprecated, For configuring different ports for each SCM use PortConfigKey ozone.scm.block.client.port appended with serviceId and nodeId
2022-10-13 20:19:28,717 [Listener at 0.0.0.0/45541] INFO  ha.SCMNodeInfo (SCMNodeInfo.java:getPort(197)) - ConfigKey ozone.scm.datanode.address is deprecated, For configuring different ports for each SCM use PortConfigKey ozone.scm.datanode.port appended with serviceId and nodeId
2022-10-13 20:19:28,717 [Listener at 0.0.0.0/45541] INFO  proxy.SCMBlockLocationFailoverProxyProvider (SCMBlockLocationFailoverProxyProvider.java:<init>(114)) - Created block location fail-over proxy with 2 nodes: [nodeId=scmNode-3,nodeAddress=/127.0.0.1:42331, nodeId=scmNode-1,nodeAddress=/127.0.0.1:34209]
2022-10-13 20:19:28,726 [org.apache.ratis.util.JvmPauseMonitor$$Lambda$519/1431033796@5a2545a] INFO  util.JvmPauseMonitor (JvmPauseMonitor.java:run(103)) - JvmPauseMonitor-07c9e681-1902-448f-876d-c238a5737790: Started
2022-10-13 20:19:28,730 [IPC Server handler 0 on default port 34209] INFO  ha.SCMRatisServerImpl (SCMRatisServerImpl.java:addSCM(298)) - e2549e0e-20c3-4590-9573-c43d76d3b17a: Submitting SetConfiguration request to Ratis server with new SCM peers list: [e2549e0e-20c3-4590-9573-c43d76d3b17a|rpc:localhost:34991|admin:|client:|dataStream:|priority:0, 07c9e681-1902-448f-876d-c238a5737790|rpc:localhost:36593|priority:0]
2022-10-13 20:19:28,745 [IPC Server handler 0 on default port 34209] INFO  server.RaftServer$Division (RaftServerImpl.java:setConfigurationAsync(1080)) - e2549e0e-20c3-4590-9573-c43d76d3b17a@group-018C6AA32671: receive setConfiguration SetConfigurationRequest:client-75ED3F5993B3->e2549e0e-20c3-4590-9573-c43d76d3b17a@group-018C6AA32671, cid=0, seq=0, RW, null, peers:[e2549e0e-20c3-4590-9573-c43d76d3b17a|rpc:localhost:34991|admin:|client:|dataStream:|priority:0, 07c9e681-1902-448f-876d-c238a5737790|rpc:localhost:36593|priority:0]
2022-10-13 20:19:28,746 [IPC Server handler 0 on default port 34209] INFO  server.RaftServer$Division (LeaderStateImpl.java:startSetConfiguration(368)) - e2549e0e-20c3-4590-9573-c43d76d3b17a@group-018C6AA32671-LeaderStateImpl: startSetConfiguration SetConfigurationRequest:client-75ED3F5993B3->e2549e0e-20c3-4590-9573-c43d76d3b17a@group-018C6AA32671, cid=0, seq=0, RW, null, peers:[e2549e0e-20c3-4590-9573-c43d76d3b17a|rpc:localhost:34991|admin:|client:|dataStream:|priority:0, 07c9e681-1902-448f-876d-c238a5737790|rpc:localhost:36593|priority:0]
2022-10-13 20:19:28,756 [IPC Server handler 0 on default port 34209] INFO  server.RaftServerConfigKeys (ConfUtils.java:logGet(46)) - raft.server.log.appender.snapshot.chunk.size.max = 16MB (=16777216) (default)
2022-10-13 20:19:28,756 [IPC Server handler 0 on default port 34209] INFO  server.RaftServerConfigKeys (ConfUtils.java:logGet(46)) - raft.server.log.appender.buffer.byte-limit = 33554432 (custom)
2022-10-13 20:19:28,757 [IPC Server handler 0 on default port 34209] INFO  server.RaftServerConfigKeys (ConfUtils.java:logGet(46)) - raft.server.log.appender.buffer.element-limit = 1024 (custom)
2022-10-13 20:19:28,761 [IPC Server handler 0 on default port 34209] INFO  grpc.GrpcConfigKeys (ConfUtils.java:logGet(46)) - raft.grpc.server.leader.outstanding.appends.max = 128 (default)
2022-10-13 20:19:28,762 [IPC Server handler 0 on default port 34209] INFO  server.RaftServerConfigKeys (ConfUtils.java:logGet(46)) - raft.server.rpc.request.timeout = 30000ms (custom)
2022-10-13 20:19:28,762 [IPC Server handler 0 on default port 34209] INFO  server.RaftServerConfigKeys (ConfUtils.java:logGet(46)) - raft.server.log.appender.install.snapshot.enabled = false (custom)
2022-10-13 20:19:28,767 [e2549e0e-20c3-4590-9573-c43d76d3b17a@group-018C6AA32671->07c9e681-1902-448f-876d-c238a5737790-GrpcLogAppender-LogAppenderDaemon] INFO  server.GrpcLogAppender (GrpcLogAppender.java:installSnapshot(541)) - e2549e0e-20c3-4590-9573-c43d76d3b17a@group-018C6AA32671->07c9e681-1902-448f-876d-c238a5737790-GrpcLogAppender: followerNextIndex = 0 but logStartIndex = 0, notify follower to install snapshot-(t:1, i:0)
2022-10-13 20:19:28,788 [e2549e0e-20c3-4590-9573-c43d76d3b17a@group-018C6AA32671->07c9e681-1902-448f-876d-c238a5737790-GrpcLogAppender-LogAppenderDaemon] INFO  server.GrpcLogAppender (GrpcLogAppender.java:installSnapshot(549)) - e2549e0e-20c3-4590-9573-c43d76d3b17a@group-018C6AA32671->07c9e681-1902-448f-876d-c238a5737790-GrpcLogAppender: send e2549e0e-20c3-4590-9573-c43d76d3b17a->07c9e681-1902-448f-876d-c238a5737790#0-t2,notify:(t:1, i:0)
2022-10-13 20:19:29,371 [grpc-default-executor-0] INFO  impl.SnapshotInstallationHandler (SnapshotInstallationHandler.java:installSnapshot(84)) - 07c9e681-1902-448f-876d-c238a5737790@group-018C6AA32671: receive installSnapshot: e2549e0e-20c3-4590-9573-c43d76d3b17a->07c9e681-1902-448f-876d-c238a5737790#0-t2,notify:(t:1, i:0)
2022-10-13 20:19:29,374 [grpc-default-executor-0] INFO  ha.SCMStateMachine (SCMStateMachine.java:notifyLeaderChanged(255)) - leader changed, yet current SCM is still follower.
2022-10-13 20:19:29,374 [grpc-default-executor-0] INFO  server.RaftServer$Division (ServerState.java:setLeader(287)) - 07c9e681-1902-448f-876d-c238a5737790@group-018C6AA32671: change Leader from null to e2549e0e-20c3-4590-9573-c43d76d3b17a at term 2 for installSnapshot, leader elected after 803ms
2022-10-13 20:19:29,378 [grpc-default-executor-0] INFO  impl.SnapshotInstallationHandler (SnapshotInstallationHandler.java:notifyStateMachineToInstallSnapshot(215)) - 07c9e681-1902-448f-876d-c238a5737790@group-018C6AA32671: Received notification to install snapshot at index 0
2022-10-13 20:19:29,379 [grpc-default-executor-0] INFO  impl.SnapshotInstallationHandler (SnapshotInstallationHandler.java:notifyStateMachineToInstallSnapshot(224)) - 07c9e681-1902-448f-876d-c238a5737790@group-018C6AA32671: InstallSnapshot notification result: ALREADY_INSTALLED, current snapshot index: -1
2022-10-13 20:19:29,466 [grpc-default-executor-0] INFO  impl.SnapshotInstallationHandler (SnapshotInstallationHandler.java:installSnapshotImpl(129)) - 07c9e681-1902-448f-876d-c238a5737790@group-018C6AA32671: set new configuration index: 1
configurationEntry {
  peers {
    id: "e2549e0e-20c3-4590-9573-c43d76d3b17a"
    address: "localhost:34991"
  }
}
 from snapshot
2022-10-13 20:19:29,467 [grpc-default-executor-0] INFO  server.RaftServer$Division (ServerState.java:setRaftConf(393)) - 07c9e681-1902-448f-876d-c238a5737790@group-018C6AA32671: set configuration 1: [e2549e0e-20c3-4590-9573-c43d76d3b17a|rpc:localhost:34991|admin:|client:|dataStream:|priority:0], old=null
2022-10-13 20:19:29,468 [grpc-default-executor-0] INFO  impl.SnapshotInstallationHandler (SnapshotInstallationHandler.java:installSnapshot(95)) - 07c9e681-1902-448f-876d-c238a5737790@group-018C6AA32671: reply installSnapshot: e2549e0e-20c3-4590-9573-c43d76d3b17a<-07c9e681-1902-448f-876d-c238a5737790#0:FAIL-t0,ALREADY_INSTALLED
2022-10-13 20:19:29,470 [grpc-default-executor-0] INFO  server.GrpcServerProtocolService (GrpcServerProtocolService.java:onCompleted(140)) - 07c9e681-1902-448f-876d-c238a5737790: Completed INSTALL_SNAPSHOT, lastRequest: e2549e0e-20c3-4590-9573-c43d76d3b17a->07c9e681-1902-448f-876d-c238a5737790#0-t2,notify:(t:1, i:0)
2022-10-13 20:19:29,479 [grpc-default-executor-0] INFO  server.GrpcLogAppender (GrpcLogAppender.java:onNext(403)) - e2549e0e-20c3-4590-9573-c43d76d3b17a@group-018C6AA32671->07c9e681-1902-448f-876d-c238a5737790-InstallSnapshotResponseHandler: received the first reply e2549e0e-20c3-4590-9573-c43d76d3b17a<-07c9e681-1902-448f-876d-c238a5737790#0:FAIL-t0,ALREADY_INSTALLED
2022-10-13 20:19:29,486 [grpc-default-executor-0] INFO  server.GrpcLogAppender (GrpcLogAppender.java:onNext(426)) - e2549e0e-20c3-4590-9573-c43d76d3b17a@group-018C6AA32671->07c9e681-1902-448f-876d-c238a5737790-InstallSnapshotResponseHandler: Follower snapshot is already at index 0.
2022-10-13 20:19:29,487 [grpc-default-executor-0] INFO  leader.FollowerInfo (FollowerInfoImpl.java:lambda$new$0(48)) - e2549e0e-20c3-4590-9573-c43d76d3b17a@group-018C6AA32671->07c9e681-1902-448f-876d-c238a5737790: snapshotIndex: setUnconditionally 0 -> 0
2022-10-13 20:19:29,487 [grpc-default-executor-0] INFO  leader.FollowerInfo (FollowerInfoImpl.java:lambda$new$0(48)) - e2549e0e-20c3-4590-9573-c43d76d3b17a@group-018C6AA32671->07c9e681-1902-448f-876d-c238a5737790: matchIndex: setUnconditionally 0 -> 0
2022-10-13 20:19:29,487 [grpc-default-executor-0] INFO  leader.FollowerInfo (FollowerInfoImpl.java:lambda$new$0(48)) - e2549e0e-20c3-4590-9573-c43d76d3b17a@group-018C6AA32671->07c9e681-1902-448f-876d-c238a5737790: nextIndex: setUnconditionally 0 -> 1
2022-10-13 20:19:29,487 [grpc-default-executor-0] INFO  leader.FollowerInfo (FollowerInfoImpl.java:setAttemptedToInstallSnapshot(118)) - Follower e2549e0e-20c3-4590-9573-c43d76d3b17a@group-018C6AA32671->07c9e681-1902-448f-876d-c238a5737790 acknowledged installing snapshot
2022-10-13 20:19:29,487 [grpc-default-executor-0] INFO  leader.FollowerInfo (FollowerInfoImpl.java:lambda$new$0(48)) - e2549e0e-20c3-4590-9573-c43d76d3b17a@group-018C6AA32671->07c9e681-1902-448f-876d-c238a5737790: nextIndex: updateToMax old=1, new=1, updated? false
2022-10-13 20:19:29,509 [07c9e681-1902-448f-876d-c238a5737790-server-thread1] INFO  impl.RoleInfo (RoleInfo.java:updateAndGet(139)) - 07c9e681-1902-448f-876d-c238a5737790: start 07c9e681-1902-448f-876d-c238a5737790@group-018C6AA32671-FollowerState
2022-10-13 20:19:29,510 [07c9e681-1902-448f-876d-c238a5737790-server-thread1] INFO  server.RaftServer$Division (RaftServerImpl.java:checkInconsistentAppendEntries(1424)) - 07c9e681-1902-448f-876d-c238a5737790@group-018C6AA32671: Failed appendEntries as previous log entry ((t:1, i:0)) is not found
2022-10-13 20:19:29,512 [07c9e681-1902-448f-876d-c238a5737790-server-thread1] INFO  server.RaftServer$Division (RaftServerImpl.java:checkInconsistentAppendEntries(1394)) - 07c9e681-1902-448f-876d-c238a5737790@group-018C6AA32671: inconsistency entries. Reply:e2549e0e-20c3-4590-9573-c43d76d3b17a<-07c9e681-1902-448f-876d-c238a5737790#0:FAIL-t2,INCONSISTENCY,nextIndex=0,followerCommit=-1
2022-10-13 20:19:29,515 [grpc-default-executor-2] INFO  leader.FollowerInfo (FollowerInfoImpl.java:lambda$new$0(48)) - e2549e0e-20c3-4590-9573-c43d76d3b17a@group-018C6AA32671->07c9e681-1902-448f-876d-c238a5737790: nextIndex: updateUnconditionally 3 -> 0
2022-10-13 20:19:29,516 [07c9e681-1902-448f-876d-c238a5737790-server-thread1] INFO  server.RaftServer$Division (RaftServerImpl.java:checkInconsistentAppendEntries(1424)) - 07c9e681-1902-448f-876d-c238a5737790@group-018C6AA32671: Failed appendEntries as previous log entry ((t:1, i:0)) is not found
2022-10-13 20:19:29,516 [07c9e681-1902-448f-876d-c238a5737790-server-thread1] INFO  server.RaftServer$Division (RaftServerImpl.java:checkInconsistentAppendEntries(1394)) - 07c9e681-1902-448f-876d-c238a5737790@group-018C6AA32671: inconsistency entries. Reply:e2549e0e-20c3-4590-9573-c43d76d3b17a<-07c9e681-1902-448f-876d-c238a5737790#1:FAIL-t2,INCONSISTENCY,nextIndex=0,followerCommit=-1
2022-10-13 20:19:29,518 [grpc-default-executor-0] INFO  leader.FollowerInfo (FollowerInfoImpl.java:lambda$new$0(48)) - e2549e0e-20c3-4590-9573-c43d76d3b17a@group-018C6AA32671->07c9e681-1902-448f-876d-c238a5737790: nextIndex: updateUnconditionally 3 -> 0
2022-10-13 20:19:29,523 [07c9e681-1902-448f-876d-c238a5737790-server-thread1] INFO  server.RaftServer$Division (ServerState.java:setRaftConf(393)) - 07c9e681-1902-448f-876d-c238a5737790@group-018C6AA32671: set configuration 0: [e2549e0e-20c3-4590-9573-c43d76d3b17a|rpc:localhost:34991|admin:|client:|dataStream:|priority:0], old=null
2022-10-13 20:19:29,523 [07c9e681-1902-448f-876d-c238a5737790-server-thread1] INFO  server.RaftServer$Division (ServerState.java:setRaftConf(393)) - 07c9e681-1902-448f-876d-c238a5737790@group-018C6AA32671: set configuration 1: [e2549e0e-20c3-4590-9573-c43d76d3b17a|rpc:localhost:34991|admin:|client:|dataStream:|priority:0], old=null
2022-10-13 20:19:29,523 [07c9e681-1902-448f-876d-c238a5737790-server-thread1] INFO  segmented.SegmentedRaftLogWorker (SegmentedRaftLogWorker.java:startLogSegment(425)) - 07c9e681-1902-448f-876d-c238a5737790@group-018C6AA32671-SegmentedRaftLogWorker: Starting segment from index:0
2022-10-13 20:19:29,529 [07c9e681-1902-448f-876d-c238a5737790-server-thread1] INFO  segmented.SegmentedRaftLogWorker (SegmentedRaftLogWorker.java:rollLogSegment(430)) - 07c9e681-1902-448f-876d-c238a5737790@group-018C6AA32671-SegmentedRaftLogWorker: Rolling segment log-0_0 to index:0
2022-10-13 20:19:29,537 [07c9e681-1902-448f-876d-c238a5737790@group-018C6AA32671-SegmentedRaftLogWorker] INFO  segmented.SegmentedRaftLogWorker (SegmentedRaftLogWorker.java:execute(629)) - 07c9e681-1902-448f-876d-c238a5737790@group-018C6AA32671-SegmentedRaftLogWorker: created new log segment /home/runner/work/ozone/ozone/hadoop-ozone/integration-test/target/test-dir/MiniOzoneClusterImpl-0c33195c-4715-4e74-9207-018c6aa32671/scmNode-2/scm-ha/0c33195c-4715-4e74-9207-018c6aa32671/current/log_inprogress_0
2022-10-13 20:19:29,540 [07c9e681-1902-448f-876d-c238a5737790@group-018C6AA32671-SegmentedRaftLogWorker] INFO  segmented.SegmentedRaftLogWorker (SegmentedRaftLogWorker.java:execute(586)) - 07c9e681-1902-448f-876d-c238a5737790@group-018C6AA32671-SegmentedRaftLogWorker: Rolled log segment from /home/runner/work/ozone/ozone/hadoop-ozone/integration-test/target/test-dir/MiniOzoneClusterImpl-0c33195c-4715-4e74-9207-018c6aa32671/scmNode-2/scm-ha/0c33195c-4715-4e74-9207-018c6aa32671/current/log_inprogress_0 to /home/runner/work/ozone/ozone/hadoop-ozone/integration-test/target/test-dir/MiniOzoneClusterImpl-0c33195c-4715-4e74-9207-018c6aa32671/scmNode-2/scm-ha/0c33195c-4715-4e74-9207-018c6aa32671/current/log_0-0
2022-10-13 20:19:29,540 [07c9e681-1902-448f-876d-c238a5737790-server-thread1] INFO  server.RaftServer$Division (ServerState.java:setRaftConf(393)) - 07c9e681-1902-448f-876d-c238a5737790@group-018C6AA32671: set configuration 0: [e2549e0e-20c3-4590-9573-c43d76d3b17a|rpc:localhost:34991|admin:|client:|dataStream:|priority:0], old=null
2022-10-13 20:19:29,540 [07c9e681-1902-448f-876d-c238a5737790-server-thread1] INFO  server.RaftServer$Division (ServerState.java:setRaftConf(393)) - 07c9e681-1902-448f-876d-c238a5737790@group-018C6AA32671: set configuration 1: [e2549e0e-20c3-4590-9573-c43d76d3b17a|rpc:localhost:34991|admin:|client:|dataStream:|priority:0], old=null
2022-10-13 20:19:29,551 [07c9e681-1902-448f-876d-c238a5737790@group-018C6AA32671-SegmentedRaftLogWorker] INFO  segmented.SegmentedRaftLogWorker (SegmentedRaftLogWorker.java:execute(629)) - 07c9e681-1902-448f-876d-c238a5737790@group-018C6AA32671-SegmentedRaftLogWorker: created new log segment /home/runner/work/ozone/ozone/hadoop-ozone/integration-test/target/test-dir/MiniOzoneClusterImpl-0c33195c-4715-4e74-9207-018c6aa32671/scmNode-2/scm-ha/0c33195c-4715-4e74-9207-018c6aa32671/current/log_inprogress_1
2022-10-13 20:19:29,553 [07c9e681-1902-448f-876d-c238a5737790@group-018C6AA32671-StateMachineUpdater] INFO  safemode.HealthyPipelineSafeModeRule (HealthyPipelineSafeModeRule.java:initializeRule(165)) - Refreshed total pipeline count is 0, healthy pipeline threshold count is 1
2022-10-13 20:19:29,553 [07c9e681-1902-448f-876d-c238a5737790@group-018C6AA32671-StateMachineUpdater] INFO  safemode.ContainerSafeModeRule (ContainerSafeModeRule.java:reInitializeRule(177)) - Refreshed one replica container threshold 0, currentThreshold 0
2022-10-13 20:19:29,553 [07c9e681-1902-448f-876d-c238a5737790@group-018C6AA32671-StateMachineUpdater] INFO  safemode.OneReplicaPipelineSafeModeRule (OneReplicaPipelineSafeModeRule.java:initializeRule(176)) - Refreshed Total pipeline count is 0, pipeline's with at least one datanode reported threshold count is 0
2022-10-13 20:19:29,554 [07c9e681-1902-448f-876d-c238a5737790@group-018C6AA32671-StateMachineUpdater] INFO  server.SCMDatanodeProtocolServer (SCMDatanodeProtocolServer.java:start(186)) - ScmDatanodeProtocol RPC server for DataNodes is listening at /0.0.0.0:46545
2022-10-13 20:19:29,561 [IPC Server listener on 46545] INFO  ipc.Server (Server.java:run(1352)) - IPC Server listener on 46545: starting
2022-10-13 20:19:29,562 [IPC Server Responder] INFO  ipc.Server (Server.java:run(1512)) - IPC Server Responder: starting
2022-10-13 20:19:29,566 [e2549e0e-20c3-4590-9573-c43d76d3b17a@group-018C6AA32671-LeaderStateImpl] INFO  server.RaftServer$Division (ServerState.java:setRaftConf(393)) - e2549e0e-20c3-4590-9573-c43d76d3b17a@group-018C6AA32671: set configuration 3: [e2549e0e-20c3-4590-9573-c43d76d3b17a|rpc:localhost:34991|admin:|client:|dataStream:|priority:0, 07c9e681-1902-448f-876d-c238a5737790|rpc:localhost:36593|priority:0], old=[e2549e0e-20c3-4590-9573-c43d76d3b17a|rpc:localhost:34991|admin:|client:|dataStream:|priority:0]
2022-10-13 20:19:29,577 [07c9e681-1902-448f-876d-c238a5737790-server-thread1] INFO  server.RaftServer$Division (ServerState.java:setRaftConf(393)) - 07c9e681-1902-448f-876d-c238a5737790@group-018C6AA32671: set configuration 3: [e2549e0e-20c3-4590-9573-c43d76d3b17a|rpc:localhost:34991|admin:|client:|dataStream:|priority:0, 07c9e681-1902-448f-876d-c238a5737790|rpc:localhost:36593|admin:|client:|dataStream:|priority:0], old=[e2549e0e-20c3-4590-9573-c43d76d3b17a|rpc:localhost:34991|admin:|client:|dataStream:|priority:0]
2022-10-13 20:19:29,586 [e2549e0e-20c3-4590-9573-c43d76d3b17a@group-018C6AA32671-LeaderStateImpl] INFO  server.RaftServer$Division (ServerState.java:setRaftConf(393)) - e2549e0e-20c3-4590-9573-c43d76d3b17a@group-018C6AA32671: set configuration 5: [e2549e0e-20c3-4590-9573-c43d76d3b17a|rpc:localhost:34991|admin:|client:|dataStream:|priority:0, 07c9e681-1902-448f-876d-c238a5737790|rpc:localhost:36593|priority:0], old=null
2022-10-13 20:19:29,589 [07c9e681-1902-448f-876d-c238a5737790-server-thread1] INFO  server.RaftServer$Division (ServerState.java:setRaftConf(393)) - 07c9e681-1902-448f-876d-c238a5737790@group-018C6AA32671: set configuration 5: [e2549e0e-20c3-4590-9573-c43d76d3b17a|rpc:localhost:34991|admin:|client:|dataStream:|priority:0, 07c9e681-1902-448f-876d-c238a5737790|rpc:localhost:36593|admin:|client:|dataStream:|priority:0], old=null
2022-10-13 20:19:29,599 [IPC Server handler 0 on default port 34209] INFO  ha.SCMRatisServerImpl (SCMRatisServerImpl.java:addSCM(309)) - Successfully added new SCM: 07c9e681-1902-448f-876d-c238a5737790.
2022-10-13 20:19:29,601 [Listener at 0.0.0.0/45541] INFO  ha.SCMHAManagerImpl (SCMHAManagerImpl.java:start(117)) - Successfully added SCM scmNode-2 to group group-018C6AA32671:[e2549e0e-20c3-4590-9573-c43d76d3b17a|rpc:localhost:34991|admin:|client:|dataStream:|priority:0, 07c9e681-1902-448f-876d-c238a5737790|rpc:localhost:36593|admin:|client:|dataStream:|priority:0]
2022-10-13 20:19:29,601 [Listener at 0.0.0.0/45541] INFO  ha.InterSCMGrpcService (InterSCMGrpcProtocolService.java:start(94)) - Starting SCM Grpc Service at port 37975
2022-10-13 20:19:29,618 [Listener at 0.0.0.0/45541] INFO  impl.MetricsSystemImpl (MetricsSystemImpl.java:init(158)) - StorageContainerManager metrics system started (again)
2022-10-13 20:19:29,640 [Listener at 0.0.0.0/45541] INFO  server.SCMClientProtocolServer (SCMClientProtocolServer.java:start(170)) - RPC server for Client  is listening at /0.0.0.0:45541
2022-10-13 20:19:29,641 [IPC Server Responder] INFO  ipc.Server (Server.java:run(1512)) - IPC Server Responder: starting
2022-10-13 20:19:29,645 [IPC Server listener on 45541] INFO  ipc.Server (Server.java:run(1352)) - IPC Server listener on 45541: starting
2022-10-13 20:19:29,647 [Listener at 0.0.0.0/45541] INFO  server.StorageContainerManager (StorageContainerManager.java:start(1451)) - ScmBlockLocationProtocol RPC server is listening at /0.0.0.0:39575
2022-10-13 20:19:29,648 [Listener at 0.0.0.0/45541] INFO  server.SCMBlockProtocolServer (SCMBlockProtocolServer.java:start(152)) - RPC server for Block Protocol is listening at /0.0.0.0:39575
2022-10-13 20:19:29,648 [IPC Server Responder] INFO  ipc.Server (Server.java:run(1512)) - IPC Server Responder: starting
2022-10-13 20:19:29,648 [IPC Server listener on 39575] INFO  ipc.Server (Server.java:run(1352)) - IPC Server listener on 39575: starting
2022-10-13 20:19:29,654 [Listener at 0.0.0.0/45541] INFO  http.BaseHttpServer (BaseHttpServer.java:newHttpServer2BuilderForOzone(213)) - Starting Web-server for scm at: http://0.0.0.0:39461
2022-10-13 20:19:29,654 [Listener at 0.0.0.0/45541] INFO  http.BaseHttpServer (BaseHttpServer.java:<init>(108)) - Hadoop Security Enabled: false Ozone Security Enabled: false Ozone HTTP Security Enabled: false 
2022-10-13 20:19:29,656 [Listener at 0.0.0.0/45541] WARN  server.AuthenticationFilter (AuthenticationFilter.java:constructSecretProvider(240)) - Unable to initialize FileSignerSecretProvider, falling back to use random secrets. Reason: Could not read signature secret file: /home/runner/hadoop-http-auth-signature-secret
2022-10-13 20:19:29,656 [Listener at 0.0.0.0/45541] WARN  http.HttpRequestLog (HttpRequestLog.java:getRequestLog(103)) - Jetty request log can only be enabled using Log4j
2022-10-13 20:19:29,658 [Listener at 0.0.0.0/45541] INFO  http.HttpServer2 (HttpServer2.java:addGlobalFilter(1031)) - Added global filter 'safety' (class=org.apache.hadoop.hdds.server.http.HttpServer2$QuotingInputFilter)
2022-10-13 20:19:29,655 [org.apache.hadoop.util.JvmPauseMonitor$Monitor@3fd19f0] INFO  util.JvmPauseMonitor (JvmPauseMonitor.java:run(188)) - Starting JVM pause monitor
2022-10-13 20:19:29,662 [Listener at 0.0.0.0/45541] INFO  http.HttpServer2 (HttpServer2.java:addFilter(1007)) - Added filter static_user_filter (class=org.apache.hadoop.http.lib.StaticUserWebFilter$StaticUserFilter) to context scm
2022-10-13 20:19:29,662 [Listener at 0.0.0.0/45541] INFO  http.HttpServer2 (HttpServer2.java:addFilter(1015)) - Added filter static_user_filter (class=org.apache.hadoop.http.lib.StaticUserWebFilter$StaticUserFilter) to context static
2022-10-13 20:19:29,662 [Listener at 0.0.0.0/45541] INFO  http.HttpServer2 (HttpServer2.java:addFilter(1015)) - Added filter static_user_filter (class=org.apache.hadoop.http.lib.StaticUserWebFilter$StaticUserFilter) to context logs
2022-10-13 20:19:29,664 [Listener at 0.0.0.0/45541] INFO  http.HttpServer2 (HttpServer2.java:bindListener(1250)) - Jetty bound to port 39461
2022-10-13 20:19:29,664 [Listener at 0.0.0.0/45541] INFO  server.Server (Server.java:doStart(375)) - jetty-9.4.43.v20210629; built: 2021-06-30T11:07:22.254Z; git: 526006ecfa3af7f1a27ef3a288e2bef7ea9dd7e8; jvm 1.8.0_345-b01
2022-10-13 20:19:29,674 [Listener at 0.0.0.0/45541] INFO  server.session (DefaultSessionIdManager.java:doStart(334)) - DefaultSessionIdManager workerName=node0
2022-10-13 20:19:29,674 [Listener at 0.0.0.0/45541] INFO  server.session (DefaultSessionIdManager.java:doStart(339)) - No SessionScavenger set, using defaults
2022-10-13 20:19:29,674 [Listener at 0.0.0.0/45541] INFO  server.session (HouseKeeper.java:startScavenging(132)) - node0 Scavenging every 660000ms
2022-10-13 20:19:29,675 [Listener at 0.0.0.0/45541] INFO  handler.ContextHandler (ContextHandler.java:doStart(915)) - Started o.e.j.s.ServletContextHandler@4c42459d{logs,/logs,file:///home/runner/work/ozone/ozone/hadoop-ozone/integration-test/target/log,AVAILABLE}
2022-10-13 20:19:29,675 [Listener at 0.0.0.0/45541] INFO  handler.ContextHandler (ContextHandler.java:doStart(915)) - Started o.e.j.s.ServletContextHandler@18d6faca{static,/static,file:///home/runner/work/ozone/ozone/hadoop-ozone/integration-test/target/test-classes/webapps/static,AVAILABLE}
2022-10-13 20:19:29,680 [Listener at 0.0.0.0/45541] INFO  handler.ContextHandler (ContextHandler.java:doStart(915)) - Started o.e.j.w.WebAppContext@4c32a0b6{scm,/,file:///home/runner/work/ozone/ozone/hadoop-ozone/integration-test/target/test-classes/webapps/scm/,AVAILABLE}{file:/home/runner/work/ozone/ozone/hadoop-ozone/integration-test/target/test-classes/webapps/scm}
2022-10-13 20:19:29,681 [Listener at 0.0.0.0/45541] INFO  server.AbstractConnector (AbstractConnector.java:doStart(331)) - Started ServerConnector@b0d89d7{HTTP/1.1, (http/1.1)}{0.0.0.0:39461}
2022-10-13 20:19:29,681 [Listener at 0.0.0.0/45541] INFO  server.Server (Server.java:doStart(415)) - Started @17600ms
2022-10-13 20:19:29,681 [Listener at 0.0.0.0/45541] WARN  impl.MetricsSystemImpl (MetricsSystemImpl.java:register(279)) - Sink prometheus already exists!
2022-10-13 20:19:29,682 [Listener at 0.0.0.0/45541] INFO  http.BaseHttpServer (BaseHttpServer.java:updateConnectorAddress(333)) - HTTP server of scm listening at http://0.0.0.0:39461
2022-10-13 20:19:29,682 [Listener at 0.0.0.0/45541] INFO  ozone.MiniOzoneHAClusterImpl (MiniOzoneHAClusterImpl.java:createSCMService(606)) - Started SCM RPC server at /0.0.0.0:45541
2022-10-13 20:19:29,683 [Listener at 0.0.0.0/45541] WARN  server.ServerUtils (ServerUtils.java:getScmDbDir(148)) - ozone.scm.db.dirs is not configured. We recommend adding this setting. Falling back to ozone.metadata.dirs instead.
2022-10-13 20:19:29,683 [Listener at 0.0.0.0/45541] INFO  ha.SCMHANodeDetails (SCMHANodeDetails.java:loadSCMHAConfig(209)) - ServiceID for StorageContainerManager is scmServiceId
2022-10-13 20:19:29,683 [Listener at 0.0.0.0/45541] INFO  ha.SCMHANodeDetails (SCMHANodeDetails.java:loadSCMHAConfig(220)) - ServiceID for StorageContainerManager is scmServiceId
2022-10-13 20:19:29,684 [Listener at 0.0.0.0/45541] WARN  scm.ScmUtils (ScmUtils.java:logWarn(179)) - ConfigKey ozone.scm.block.client.address is deprecated, For configuring different ports for each SCM use PortConfigKey ozone.scm.block.client.port appended with serviceId and nodeId. If want to configure same port configure ozone.scm.block.client.port
2022-10-13 20:19:29,684 [Listener at 0.0.0.0/45541] WARN  scm.ScmUtils (ScmUtils.java:logWarn(179)) - ConfigKey ozone.scm.client.address is deprecated, For configuring different ports for each SCM use PortConfigKey ozone.scm.client.port appended with serviceId and nodeId. If want to configure same port configure ozone.scm.client.port
2022-10-13 20:19:29,684 [Listener at 0.0.0.0/45541] WARN  scm.ScmUtils (ScmUtils.java:logWarn(179)) - ConfigKey ozone.scm.datanode.address is deprecated, For configuring different ports for each SCM use PortConfigKey ozone.scm.datanode.port appended with serviceId and nodeId. If want to configure same port configure ozone.scm.datanode.port
2022-10-13 20:19:29,684 [Listener at 0.0.0.0/45541] WARN  scm.ScmUtils (ScmUtils.java:logWarn(179)) - ConfigKey ozone.scm.block.client.address is deprecated, For configuring different ports for each SCM use PortConfigKey ozone.scm.block.client.port appended with serviceId and nodeId. If want to configure same port configure ozone.scm.block.client.port
2022-10-13 20:19:29,685 [Listener at 0.0.0.0/45541] WARN  scm.ScmUtils (ScmUtils.java:logWarn(179)) - ConfigKey ozone.scm.client.address is deprecated, For configuring different ports for each SCM use PortConfigKey ozone.scm.client.port appended with serviceId and nodeId. If want to configure same port configure ozone.scm.client.port
2022-10-13 20:19:29,685 [Listener at 0.0.0.0/45541] WARN  scm.ScmUtils (ScmUtils.java:logWarn(179)) - ConfigKey ozone.scm.datanode.address is deprecated, For configuring different ports for each SCM use PortConfigKey ozone.scm.datanode.port appended with serviceId and nodeId. If want to configure same port configure ozone.scm.datanode.port
2022-10-13 20:19:29,686 [Listener at 0.0.0.0/45541] INFO  ha.SCMHANodeDetails (SCMHANodeDetails.java:loadSCMHAConfig(307)) - Found matching SCM address with SCMServiceId: scmServiceId, SCMNodeId: scmNode-3, RPC Address: localhost:43085 and Ratis port: 43085
2022-10-13 20:19:29,686 [Listener at 0.0.0.0/45541] INFO  ha.SCMHANodeDetails (ConfUtils.java:setNodeSpecificConfigs(97)) - Setting configuration key ozone.scm.datanode.address with value of key ozone.scm.datanode.address.scmServiceId.scmNode-3: 127.0.0.1:44779
2022-10-13 20:19:29,686 [Listener at 0.0.0.0/45541] INFO  ha.SCMHANodeDetails (ConfUtils.java:setNodeSpecificConfigs(97)) - Setting configuration key ozone.scm.block.client.address with value of key ozone.scm.block.client.address.scmServiceId.scmNode-3: 127.0.0.1:42331
2022-10-13 20:19:29,688 [Listener at 0.0.0.0/45541] INFO  ha.SCMHANodeDetails (ConfUtils.java:setNodeSpecificConfigs(97)) - Setting configuration key ozone.scm.client.address with value of key ozone.scm.client.address.scmServiceId.scmNode-3: 127.0.0.1:41371
2022-10-13 20:19:29,689 [Listener at 0.0.0.0/45541] INFO  ha.SCMHANodeDetails (ConfUtils.java:setNodeSpecificConfigs(97)) - Setting configuration key ozone.scm.ratis.port with value of key ozone.scm.ratis.port.scmServiceId.scmNode-3: 43085
2022-10-13 20:19:29,689 [Listener at 0.0.0.0/45541] INFO  ha.SCMHANodeDetails (ConfUtils.java:setNodeSpecificConfigs(97)) - Setting configuration key ozone.scm.grpc.port with value of key ozone.scm.grpc.port.scmServiceId.scmNode-3: 42483
2022-10-13 20:19:29,689 [Listener at 0.0.0.0/45541] INFO  ha.SCMHANodeDetails (ConfUtils.java:setNodeSpecificConfigs(97)) - Setting configuration key ozone.scm.http-address with value of key ozone.scm.http-address.scmServiceId.scmNode-3: 127.0.0.1:35643
2022-10-13 20:19:29,689 [Listener at 0.0.0.0/45541] INFO  ha.SCMHANodeDetails (ConfUtils.java:setNodeSpecificConfigs(97)) - Setting configuration key ozone.scm.https-address with value of key ozone.scm.https-address.scmServiceId.scmNode-3: 127.0.0.1:35805
2022-10-13 20:19:29,689 [Listener at 0.0.0.0/45541] INFO  ha.SCMHANodeDetails (ConfUtils.java:setNodeSpecificConfigs(97)) - Setting configuration key ozone.scm.address with value of key ozone.scm.address.scmServiceId.scmNode-3: 127.0.0.1
2022-10-13 20:19:29,689 [Listener at 0.0.0.0/45541] WARN  scm.ScmUtils (ScmUtils.java:logWarn(179)) - ConfigKey ozone.scm.block.client.address is deprecated, For configuring different ports for each SCM use PortConfigKey ozone.scm.block.client.port appended with serviceId and nodeId. If want to configure same port configure ozone.scm.block.client.port
2022-10-13 20:19:29,689 [Listener at 0.0.0.0/45541] WARN  scm.ScmUtils (ScmUtils.java:logWarn(179)) - ConfigKey ozone.scm.client.address is deprecated, For configuring different ports for each SCM use PortConfigKey ozone.scm.client.port appended with serviceId and nodeId. If want to configure same port configure ozone.scm.client.port
2022-10-13 20:19:29,690 [Listener at 0.0.0.0/45541] WARN  scm.ScmUtils (ScmUtils.java:logWarn(179)) - ConfigKey ozone.scm.datanode.address is deprecated, For configuring different ports for each SCM use PortConfigKey ozone.scm.datanode.port appended with serviceId and nodeId. If want to configure same port configure ozone.scm.datanode.port
2022-10-13 20:19:29,692 [Listener at 0.0.0.0/45541] INFO  ha.SCMNodeInfo (SCMNodeInfo.java:getPort(197)) - ConfigKey ozone.scm.client.address is deprecated, For configuring different ports for each SCM use PortConfigKey ozone.scm.client.port appended with serviceId and nodeId
2022-10-13 20:19:29,693 [Listener at 0.0.0.0/45541] INFO  ha.SCMNodeInfo (SCMNodeInfo.java:getPort(197)) - ConfigKey ozone.scm.block.client.address is deprecated, For configuring different ports for each SCM use PortConfigKey ozone.scm.block.client.port appended with serviceId and nodeId
2022-10-13 20:19:29,695 [Listener at 0.0.0.0/45541] INFO  ha.SCMNodeInfo (SCMNodeInfo.java:getPort(197)) - ConfigKey ozone.scm.datanode.address is deprecated, For configuring different ports for each SCM use PortConfigKey ozone.scm.datanode.port appended with serviceId and nodeId
2022-10-13 20:19:29,695 [Listener at 0.0.0.0/45541] INFO  ha.SCMNodeInfo (SCMNodeInfo.java:getPort(197)) - ConfigKey ozone.scm.client.address is deprecated, For configuring different ports for each SCM use PortConfigKey ozone.scm.client.port appended with serviceId and nodeId
2022-10-13 20:19:29,697 [Listener at 0.0.0.0/45541] INFO  ha.SCMNodeInfo (SCMNodeInfo.java:getPort(197)) - ConfigKey ozone.scm.block.client.address is deprecated, For configuring different ports for each SCM use PortConfigKey ozone.scm.block.client.port appended with serviceId and nodeId
2022-10-13 20:19:29,697 [Listener at 0.0.0.0/45541] INFO  ha.SCMNodeInfo (SCMNodeInfo.java:getPort(197)) - ConfigKey ozone.scm.datanode.address is deprecated, For configuring different ports for each SCM use PortConfigKey ozone.scm.datanode.port appended with serviceId and nodeId
2022-10-13 20:19:29,697 [Listener at 0.0.0.0/45541] INFO  proxy.SCMBlockLocationFailoverProxyProvider (SCMBlockLocationFailoverProxyProvider.java:<init>(114)) - Created block location fail-over proxy with 2 nodes: [nodeId=scmNode-2,nodeAddress=/127.0.0.1:39575, nodeId=scmNode-1,nodeAddress=/127.0.0.1:34209]
2022-10-13 20:19:29,705 [Listener at 0.0.0.0/45541] INFO  server.StorageContainerManager (StorageContainerManager.java:scmBootstrap(1119)) - SCM BootStrap  is successful for ClusterID 0c33195c-4715-4e74-9207-018c6aa32671, SCMID aa1de7e1-092b-4c10-ba41-bafadd24aa7a
2022-10-13 20:19:29,705 [Listener at 0.0.0.0/45541] INFO  server.StorageContainerManager (StorageContainerManager.java:scmBootstrap(1121)) - Primary SCM Node ID e2549e0e-20c3-4590-9573-c43d76d3b17a
2022-10-13 20:19:29,705 [Listener at 0.0.0.0/45541] WARN  server.ServerUtils (ServerUtils.java:getScmDbDir(148)) - ozone.scm.db.dirs is not configured. We recommend adding this setting. Falling back to ozone.metadata.dirs instead.
2022-10-13 20:19:29,706 [Listener at 0.0.0.0/45541] INFO  ha.SCMHANodeDetails (SCMHANodeDetails.java:loadSCMHAConfig(209)) - ServiceID for StorageContainerManager is scmServiceId
2022-10-13 20:19:29,706 [Listener at 0.0.0.0/45541] INFO  ha.SCMHANodeDetails (SCMHANodeDetails.java:loadSCMHAConfig(220)) - ServiceID for StorageContainerManager is scmServiceId
2022-10-13 20:19:29,706 [Listener at 0.0.0.0/45541] WARN  scm.ScmUtils (ScmUtils.java:logWarn(179)) - ConfigKey ozone.scm.block.client.address is deprecated, For configuring different ports for each SCM use PortConfigKey ozone.scm.block.client.port appended with serviceId and nodeId. If want to configure same port configure ozone.scm.block.client.port
2022-10-13 20:19:29,706 [Listener at 0.0.0.0/45541] WARN  scm.ScmUtils (ScmUtils.java:logWarn(179)) - ConfigKey ozone.scm.client.address is deprecated, For configuring different ports for each SCM use PortConfigKey ozone.scm.client.port appended with serviceId and nodeId. If want to configure same port configure ozone.scm.client.port
2022-10-13 20:19:29,706 [Listener at 0.0.0.0/45541] WARN  scm.ScmUtils (ScmUtils.java:logWarn(179)) - ConfigKey ozone.scm.datanode.address is deprecated, For configuring different ports for each SCM use PortConfigKey ozone.scm.datanode.port appended with serviceId and nodeId. If want to configure same port configure ozone.scm.datanode.port
2022-10-13 20:19:29,706 [Listener at 0.0.0.0/45541] WARN  scm.ScmUtils (ScmUtils.java:logWarn(179)) - ConfigKey ozone.scm.block.client.address is deprecated, For configuring different ports for each SCM use PortConfigKey ozone.scm.block.client.port appended with serviceId and nodeId. If want to configure same port configure ozone.scm.block.client.port
2022-10-13 20:19:29,707 [Listener at 0.0.0.0/45541] WARN  scm.ScmUtils (ScmUtils.java:logWarn(179)) - ConfigKey ozone.scm.client.address is deprecated, For configuring different ports for each SCM use PortConfigKey ozone.scm.client.port appended with serviceId and nodeId. If want to configure same port configure ozone.scm.client.port
2022-10-13 20:19:29,707 [Listener at 0.0.0.0/45541] WARN  scm.ScmUtils (ScmUtils.java:logWarn(179)) - ConfigKey ozone.scm.datanode.address is deprecated, For configuring different ports for each SCM use PortConfigKey ozone.scm.datanode.port appended with serviceId and nodeId. If want to configure same port configure ozone.scm.datanode.port
2022-10-13 20:19:29,707 [Listener at 0.0.0.0/45541] INFO  ha.SCMHANodeDetails (SCMHANodeDetails.java:loadSCMHAConfig(307)) - Found matching SCM address with SCMServiceId: scmServiceId, SCMNodeId: scmNode-3, RPC Address: localhost:43085 and Ratis port: 43085
2022-10-13 20:19:29,707 [Listener at 0.0.0.0/45541] INFO  ha.SCMHANodeDetails (ConfUtils.java:setNodeSpecificConfigs(97)) - Setting configuration key ozone.scm.datanode.address with value of key ozone.scm.datanode.address.scmServiceId.scmNode-3: 127.0.0.1:44779
2022-10-13 20:19:29,707 [Listener at 0.0.0.0/45541] INFO  ha.SCMHANodeDetails (ConfUtils.java:setNodeSpecificConfigs(97)) - Setting configuration key ozone.scm.block.client.address with value of key ozone.scm.block.client.address.scmServiceId.scmNode-3: 127.0.0.1:42331
2022-10-13 20:19:29,707 [Listener at 0.0.0.0/45541] INFO  ha.SCMHANodeDetails (ConfUtils.java:setNodeSpecificConfigs(97)) - Setting configuration key ozone.scm.client.address with value of key ozone.scm.client.address.scmServiceId.scmNode-3: 127.0.0.1:41371
2022-10-13 20:19:29,707 [Listener at 0.0.0.0/45541] INFO  ha.SCMHANodeDetails (ConfUtils.java:setNodeSpecificConfigs(97)) - Setting configuration key ozone.scm.ratis.port with value of key ozone.scm.ratis.port.scmServiceId.scmNode-3: 43085
2022-10-13 20:19:29,707 [Listener at 0.0.0.0/45541] INFO  ha.SCMHANodeDetails (ConfUtils.java:setNodeSpecificConfigs(97)) - Setting configuration key ozone.scm.grpc.port with value of key ozone.scm.grpc.port.scmServiceId.scmNode-3: 42483
2022-10-13 20:19:29,707 [Listener at 0.0.0.0/45541] INFO  ha.SCMHANodeDetails (ConfUtils.java:setNodeSpecificConfigs(97)) - Setting configuration key ozone.scm.http-address with value of key ozone.scm.http-address.scmServiceId.scmNode-3: 127.0.0.1:35643
2022-10-13 20:19:29,707 [Listener at 0.0.0.0/45541] INFO  ha.SCMHANodeDetails (ConfUtils.java:setNodeSpecificConfigs(97)) - Setting configuration key ozone.scm.https-address with value of key ozone.scm.https-address.scmServiceId.scmNode-3: 127.0.0.1:35805
2022-10-13 20:19:29,707 [Listener at 0.0.0.0/45541] INFO  ha.SCMHANodeDetails (ConfUtils.java:setNodeSpecificConfigs(97)) - Setting configuration key ozone.scm.address with value of key ozone.scm.address.scmServiceId.scmNode-3: 127.0.0.1
2022-10-13 20:19:29,707 [Listener at 0.0.0.0/45541] WARN  scm.ScmUtils (ScmUtils.java:logWarn(179)) - ConfigKey ozone.scm.block.client.address is deprecated, For configuring different ports for each SCM use PortConfigKey ozone.scm.block.client.port appended with serviceId and nodeId. If want to configure same port configure ozone.scm.block.client.port
2022-10-13 20:19:29,708 [Listener at 0.0.0.0/45541] WARN  scm.ScmUtils (ScmUtils.java:logWarn(179)) - ConfigKey ozone.scm.client.address is deprecated, For configuring different ports for each SCM use PortConfigKey ozone.scm.client.port appended with serviceId and nodeId. If want to configure same port configure ozone.scm.client.port
2022-10-13 20:19:29,708 [Listener at 0.0.0.0/45541] WARN  scm.ScmUtils (ScmUtils.java:logWarn(179)) - ConfigKey ozone.scm.datanode.address is deprecated, For configuring different ports for each SCM use PortConfigKey ozone.scm.datanode.port appended with serviceId and nodeId. If want to configure same port configure ozone.scm.datanode.port
2022-10-13 20:19:29,709 [Listener at 0.0.0.0/45541] WARN  utils.HAUtils (HAUtils.java:getMetaDir(342)) - ozone.scm.db.dirs is not configured. We recommend adding this setting. Falling back to ozone.metadata.dirs instead.
2022-10-13 20:19:29,709 [Listener at 0.0.0.0/45541] WARN  db.DBStoreBuilder (DBStoreBuilder.java:applyDBDefinition(144)) - ozone.scm.db.dirs is not configured. We recommend adding this setting. Falling back to ozone.metadata.dirs instead.
2022-10-13 20:19:29,822 [Listener at 0.0.0.0/45541] INFO  net.NodeSchemaLoader (NodeSchemaLoader.java:loadSchemaFromFile(129)) - Loading schema from [jar:file:/home/runner/.m2/repository/org/apache/ozone/hdds-common/1.3.0-SNAPSHOT/hdds-common-1.3.0-SNAPSHOT.jar!/network-topology-default.xml]
2022-10-13 20:19:29,822 [Listener at 0.0.0.0/45541] INFO  net.NodeSchemaLoader (NodeSchemaLoader.java:loadSchema(176)) - Loading network topology layer schema file
2022-10-13 20:19:29,825 [Listener at 0.0.0.0/45541] WARN  impl.MetricRegistriesImpl (MetricRegistriesImpl.java:addReporterRegistration(111)) - New reporters are added after registries were created. Some metrics will be missing from the reporter. Please add reporter before adding any new registry.
2022-10-13 20:19:29,825 [Listener at 0.0.0.0/45541] WARN  impl.MetricRegistriesImpl (MetricRegistriesImpl.java:addReporterRegistration(111)) - New reporters are added after registries were created. Some metrics will be missing from the reporter. Please add reporter before adding any new registry.
2022-10-13 20:19:29,826 [Listener at 0.0.0.0/45541] INFO  ha.SCMRatisServerImpl (SCMRatisServerImpl.java:<init>(87)) - starting Raft server for scm:aa1de7e1-092b-4c10-ba41-bafadd24aa7a
2022-10-13 20:19:29,829 [Listener at 0.0.0.0/45541] INFO  server.RaftServer (ConfUtils.java:logGet(46)) - raft.rpc.type = GRPC (default)
2022-10-13 20:19:29,829 [Listener at 0.0.0.0/45541] INFO  grpc.GrpcFactory (GrpcFactory.java:checkPooledByteBufAllocatorUseCacheForAllThreads(48)) - PERFORMANCE WARNING: useCacheForAllThreads is true that may cause Netty to create a lot garbage objects and, as a result, trigger GC.
	It is recommended to disable useCacheForAllThreads by setting -Dorg.apache.ratis.thirdparty.io.netty.allocator.useCacheForAllThreads=false in command line.
2022-10-13 20:19:29,829 [Listener at 0.0.0.0/45541] INFO  grpc.GrpcConfigKeys (ConfUtils.java:logGet(46)) - raft.grpc.admin.port = -1 (default)
2022-10-13 20:19:29,830 [Listener at 0.0.0.0/45541] INFO  grpc.GrpcConfigKeys (ConfUtils.java:logGet(46)) - raft.grpc.server.port = 43085 (custom)
2022-10-13 20:19:29,830 [Listener at 0.0.0.0/45541] INFO  grpc.GrpcConfigKeys (ConfUtils.java:logGet(46)) - raft.grpc.client.port = -1 (default)
2022-10-13 20:19:29,830 [Listener at 0.0.0.0/45541] INFO  grpc.GrpcConfigKeys (ConfUtils.java:logGet(46)) - raft.grpc.server.port = 43085 (custom)
2022-10-13 20:19:29,830 [Listener at 0.0.0.0/45541] INFO  grpc.GrpcConfigKeys (ConfUtils.java:logGet(46)) - raft.grpc.server.port = 43085 (custom)
2022-10-13 20:19:29,830 [Listener at 0.0.0.0/45541] INFO  server.GrpcService (ConfUtils.java:logGet(46)) - raft.grpc.message.size.max = 32m (=33554432) (custom)
2022-10-13 20:19:29,830 [Listener at 0.0.0.0/45541] INFO  server.RaftServerConfigKeys (ConfUtils.java:logGet(46)) - raft.server.log.appender.buffer.byte-limit = 33554432 (custom)
2022-10-13 20:19:29,830 [Listener at 0.0.0.0/45541] INFO  server.GrpcService (ConfUtils.java:logGet(46)) - raft.grpc.flow.control.window = 1MB (=1048576) (default)
2022-10-13 20:19:29,830 [Listener at 0.0.0.0/45541] INFO  server.RaftServerConfigKeys (ConfUtils.java:logGet(46)) - raft.server.rpc.request.timeout = 30000ms (custom)
2022-10-13 20:19:29,831 [Listener at 0.0.0.0/45541] INFO  grpc.GrpcConfigKeys (ConfUtils.java:logGet(46)) - raft.grpc.server.async.request.thread.pool.cached = true (default)
2022-10-13 20:19:29,831 [Listener at 0.0.0.0/45541] INFO  grpc.GrpcConfigKeys (ConfUtils.java:logGet(46)) - raft.grpc.server.async.request.thread.pool.size = 32 (default)
2022-10-13 20:19:29,832 [Listener at 0.0.0.0/45541] INFO  impl.DataStreamServerImpl (ConfUtils.java:logGet(46)) - raft.datastream.type = DISABLED (default)
2022-10-13 20:19:29,832 [Listener at 0.0.0.0/45541] INFO  server.RaftServerConfigKeys (ConfUtils.java:logGet(46)) - raft.server.threadpool.proxy.cached = true (default)
2022-10-13 20:19:29,832 [Listener at 0.0.0.0/45541] INFO  server.RaftServerConfigKeys (ConfUtils.java:logGet(46)) - raft.server.threadpool.proxy.size = 0 (default)
2022-10-13 20:19:29,832 [Listener at 0.0.0.0/45541] INFO  server.RaftServerConfigKeys (ConfUtils.java:logGet(46)) - raft.server.rpc.slowness.timeout = 120000ms (custom)
2022-10-13 20:19:29,832 [Listener at 0.0.0.0/45541] INFO  server.RaftServerConfigKeys (ConfUtils.java:logGet(46)) - raft.server.leaderelection.leader.step-down.wait-time = 10s (default)
2022-10-13 20:19:29,832 [Listener at 0.0.0.0/45541] INFO  server.RaftServerConfigKeys (ConfUtils.java:logGet(46)) - raft.server.storage.dir = [/home/runner/work/ozone/ozone/hadoop-ozone/integration-test/target/test-dir/MiniOzoneClusterImpl-0c33195c-4715-4e74-9207-018c6aa32671/scmNode-3/scm-ha] (custom)
2022-10-13 20:19:29,838 [Listener at 0.0.0.0/45541] INFO  server.RaftServer (RaftServerProxy.java:addNew(96)) - aa1de7e1-092b-4c10-ba41-bafadd24aa7a: addNew group-018C6AA32671:[] returns group-018C6AA32671:java.util.concurrent.CompletableFuture@515979e0[Not completed]
2022-10-13 20:19:29,838 [pool-85-thread-1] INFO  server.RaftServer$Division (RaftServerImpl.java:<init>(190)) - aa1de7e1-092b-4c10-ba41-bafadd24aa7a: new RaftServerImpl for group-018C6AA32671:[] with SCMStateMachine:uninitialized
2022-10-13 20:19:29,838 [pool-85-thread-1] INFO  server.RaftServerConfigKeys (ConfUtils.java:logGet(46)) - raft.server.rpc.timeout.min = 5000ms (custom)
2022-10-13 20:19:29,839 [pool-85-thread-1] INFO  server.RaftServerConfigKeys (ConfUtils.java:logGet(46)) - raft.server.rpc.timeout.max = 5200ms (custom)
2022-10-13 20:19:29,839 [pool-85-thread-1] INFO  server.RaftServerConfigKeys (ConfUtils.java:logGet(46)) - raft.server.rpc.sleep.time = 25ms (default)
2022-10-13 20:19:29,839 [pool-85-thread-1] INFO  server.RaftServerConfigKeys (ConfUtils.java:logGet(46)) - raft.server.rpc.slowness.timeout = 120000ms (custom)
2022-10-13 20:19:29,839 [pool-85-thread-1] INFO  server.RaftServerConfigKeys (ConfUtils.java:logGet(46)) - raft.server.leaderelection.leader.step-down.wait-time = 10s (default)
2022-10-13 20:19:29,839 [pool-85-thread-1] INFO  server.RaftServerConfigKeys (ConfUtils.java:logGet(46)) - raft.server.sleep.deviation.threshold = 300ms (default)
2022-10-13 20:19:29,839 [pool-85-thread-1] INFO  server.RaftServer$Division (ServerState.java:<init>(107)) - aa1de7e1-092b-4c10-ba41-bafadd24aa7a@group-018C6AA32671: ConfigurationManager, init=-1: [], old=null, confs=<EMPTY_MAP>
2022-10-13 20:19:29,839 [pool-85-thread-1] INFO  server.RaftServerConfigKeys (ConfUtils.java:logGet(46)) - raft.server.storage.dir = [/home/runner/work/ozone/ozone/hadoop-ozone/integration-test/target/test-dir/MiniOzoneClusterImpl-0c33195c-4715-4e74-9207-018c6aa32671/scmNode-3/scm-ha] (custom)
2022-10-13 20:19:29,839 [pool-85-thread-1] INFO  server.RaftServerConfigKeys (ConfUtils.java:logGet(46)) - raft.server.log.corruption.policy = EXCEPTION (default)
2022-10-13 20:19:29,839 [pool-85-thread-1] INFO  server.RaftServerConfigKeys (ConfUtils.java:logGet(46)) - raft.server.storage.free-space.min = 0MB (=0) (default)
2022-10-13 20:19:29,839 [pool-85-thread-1] INFO  storage.RaftStorageDirectory (RaftStorageDirectoryImpl.java:analyzeStorage(135)) - The storage directory /home/runner/work/ozone/ozone/hadoop-ozone/integration-test/target/test-dir/MiniOzoneClusterImpl-0c33195c-4715-4e74-9207-018c6aa32671/scmNode-3/scm-ha/0c33195c-4715-4e74-9207-018c6aa32671 does not exist. Creating ...
2022-10-13 20:19:29,843 [pool-85-thread-1] INFO  storage.RaftStorageDirectory (RaftStorageDirectoryImpl.java:tryLock(230)) - Lock on /home/runner/work/ozone/ozone/hadoop-ozone/integration-test/target/test-dir/MiniOzoneClusterImpl-0c33195c-4715-4e74-9207-018c6aa32671/scmNode-3/scm-ha/0c33195c-4715-4e74-9207-018c6aa32671/in_use.lock acquired by nodename 2881@fv-az186-171
2022-10-13 20:19:29,845 [pool-85-thread-1] INFO  storage.RaftStorage (RaftStorageImpl.java:format(89)) - Storage directory /home/runner/work/ozone/ozone/hadoop-ozone/integration-test/target/test-dir/MiniOzoneClusterImpl-0c33195c-4715-4e74-9207-018c6aa32671/scmNode-3/scm-ha/0c33195c-4715-4e74-9207-018c6aa32671 has been successfully formatted.
2022-10-13 20:19:29,845 [pool-85-thread-1] INFO  server.RaftServerConfigKeys (ConfUtils.java:logGet(46)) - raft.server.notification.no-leader.timeout = 60s (default)
2022-10-13 20:19:29,845 [pool-85-thread-1] INFO  server.RaftServerConfigKeys (ConfUtils.java:logGet(46)) - raft.server.log.use.memory = false (default)
2022-10-13 20:19:29,845 [pool-85-thread-1] INFO  server.RaftServerConfigKeys (ConfUtils.java:logGet(46)) - raft.server.log.purge.gap = 1000000 (custom)
2022-10-13 20:19:29,845 [pool-85-thread-1] INFO  server.RaftServerConfigKeys (ConfUtils.java:logGet(46)) - raft.server.log.appender.buffer.byte-limit = 33554432 (custom)
2022-10-13 20:19:29,845 [pool-85-thread-1] INFO  server.RaftServerConfigKeys (ConfUtils.java:logGet(46)) - raft.server.log.statemachine.data.read.timeout = 1000ms (default)
2022-10-13 20:19:29,846 [pool-85-thread-1] INFO  server.RaftServerConfigKeys (ConfUtils.java:logGet(46)) - raft.server.log.segment.size.max = 4194304 (custom)
2022-10-13 20:19:29,852 [pool-85-thread-1] INFO  server.RaftServerConfigKeys (ConfUtils.java:logGet(46)) - raft.server.log.segment.cache.num.max = 2 (custom)
2022-10-13 20:19:29,852 [pool-85-thread-1] INFO  server.RaftServerConfigKeys (ConfUtils.java:logGet(46)) - raft.server.log.segment.cache.size.max = 200MB (=209715200) (default)
2022-10-13 20:19:29,852 [pool-85-thread-1] INFO  segmented.SegmentedRaftLogWorker (SegmentedRaftLogWorker.java:<init>(187)) - new aa1de7e1-092b-4c10-ba41-bafadd24aa7a@group-018C6AA32671-SegmentedRaftLogWorker for RaftStorageImpl:Storage Directory /home/runner/work/ozone/ozone/hadoop-ozone/integration-test/target/test-dir/MiniOzoneClusterImpl-0c33195c-4715-4e74-9207-018c6aa32671/scmNode-3/scm-ha/0c33195c-4715-4e74-9207-018c6aa32671
2022-10-13 20:19:29,852 [pool-85-thread-1] INFO  server.RaftServerConfigKeys (ConfUtils.java:logGet(46)) - raft.server.log.queue.byte-limit = 64MB (=67108864) (default)
2022-10-13 20:19:29,852 [pool-85-thread-1] INFO  server.RaftServerConfigKeys (ConfUtils.java:logGet(46)) - raft.server.log.queue.element-limit = 4096 (default)
2022-10-13 20:19:29,852 [pool-85-thread-1] INFO  server.RaftServerConfigKeys (ConfUtils.java:logGet(46)) - raft.server.log.segment.size.max = 4194304 (custom)
2022-10-13 20:19:29,853 [pool-85-thread-1] INFO  server.RaftServerConfigKeys (ConfUtils.java:logGet(46)) - raft.server.log.preallocated.size = 4194304 (custom)
2022-10-13 20:19:29,853 [pool-85-thread-1] INFO  server.RaftServerConfigKeys (ConfUtils.java:logGet(46)) - raft.server.log.force.sync.num = 128 (default)
2022-10-13 20:19:29,853 [pool-85-thread-1] INFO  server.RaftServerConfigKeys (ConfUtils.java:logGet(46)) - raft.server.log.statemachine.data.sync = true (default)
2022-10-13 20:19:29,853 [pool-85-thread-1] INFO  server.RaftServerConfigKeys (ConfUtils.java:logGet(46)) - raft.server.log.statemachine.data.sync.timeout = 10s (default)
2022-10-13 20:19:29,853 [pool-85-thread-1] INFO  server.RaftServerConfigKeys (ConfUtils.java:logGet(46)) - raft.server.log.statemachine.data.sync.timeout.retry = -1 (default)
2022-10-13 20:19:29,854 [pool-85-thread-1] INFO  server.RaftServerConfigKeys (ConfUtils.java:logGet(46)) - raft.server.log.write.buffer.size = 64KB (=65536) (default)
2022-10-13 20:19:29,854 [pool-85-thread-1] INFO  server.RaftServerConfigKeys (ConfUtils.java:logGet(46)) - raft.server.log.unsafe-flush.enabled = false (default)
2022-10-13 20:19:29,854 [pool-85-thread-1] INFO  server.RaftServerConfigKeys (ConfUtils.java:logGet(46)) - raft.server.log.statemachine.data.caching.enabled = false (default)
2022-10-13 20:19:29,854 [pool-85-thread-1] INFO  segmented.SegmentedRaftLogWorker (SegmentedRaftLogWorker.java:lambda$new$0(135)) - aa1de7e1-092b-4c10-ba41-bafadd24aa7a@group-018C6AA32671-SegmentedRaftLogWorker: flushIndex: setUnconditionally 0 -> -1
2022-10-13 20:19:29,855 [pool-85-thread-1] INFO  segmented.SegmentedRaftLogWorker (SegmentedRaftLogWorker.java:lambda$new$0(135)) - aa1de7e1-092b-4c10-ba41-bafadd24aa7a@group-018C6AA32671-SegmentedRaftLogWorker: safeCacheEvictIndex: setUnconditionally 0 -> -1
2022-10-13 20:19:29,855 [pool-85-thread-1] INFO  server.RaftServerConfigKeys (ConfUtils.java:logGet(46)) - raft.server.snapshot.auto.trigger.enabled = true (custom)
2022-10-13 20:19:29,855 [pool-85-thread-1] INFO  server.RaftServerConfigKeys (ConfUtils.java:logGet(46)) - raft.server.snapshot.auto.trigger.threshold = 1000 (custom)
2022-10-13 20:19:29,855 [pool-85-thread-1] INFO  server.RaftServerConfigKeys (ConfUtils.java:logGet(46)) - raft.server.snapshot.retention.file.num = -1 (default)
2022-10-13 20:19:29,855 [pool-85-thread-1] INFO  server.RaftServerConfigKeys (ConfUtils.java:logGet(46)) - raft.server.log.purge.upto.snapshot.index = false (default)
2022-10-13 20:19:29,855 [pool-85-thread-1] INFO  server.RaftServerConfigKeys (ConfUtils.java:logGet(46)) - raft.server.retrycache.expirytime = 60000ms (default)
2022-10-13 20:19:29,855 [pool-85-thread-1] INFO  server.RaftServerConfigKeys (ConfUtils.java:logGet(46)) - raft.server.retrycache.statistics.expirytime = 100μs (default)
2022-10-13 20:19:29,857 [pool-85-thread-1] INFO  server.RaftServerConfigKeys (ConfUtils.java:logGet(46)) - raft.server.log.appender.install.snapshot.enabled = false (custom)
2022-10-13 20:19:29,857 [pool-85-thread-1] INFO  server.RaftServerConfigKeys (ConfUtils.java:logGet(46)) - raft.server.threadpool.server.cached = true (default)
2022-10-13 20:19:29,857 [pool-85-thread-1] INFO  server.RaftServerConfigKeys (ConfUtils.java:logGet(46)) - raft.server.threadpool.server.size = 0 (default)
2022-10-13 20:19:29,857 [pool-85-thread-1] INFO  server.RaftServerConfigKeys (ConfUtils.java:logGet(46)) - raft.server.threadpool.client.cached = true (default)
2022-10-13 20:19:29,857 [pool-85-thread-1] INFO  server.RaftServerConfigKeys (ConfUtils.java:logGet(46)) - raft.server.threadpool.client.size = 0 (default)
2022-10-13 20:19:29,857 [Listener at 0.0.0.0/45541] INFO  ha.SCMSnapshotProvider (SCMSnapshotProvider.java:<init>(66)) - Initializing SCM Snapshot Provider
2022-10-13 20:19:29,857 [Listener at 0.0.0.0/45541] WARN  server.ServerUtils (ServerUtils.java:getDefaultRatisDirectory(237)) - Storage directory for Ratis is not configured. It is a good idea to map this to an SSD disk. Falling back to ozone.metadata.dirs
2022-10-13 20:19:29,857 [Listener at 0.0.0.0/45541] WARN  ha.SCMHAUtils (SCMHAUtils.java:getSCMRatisSnapshotDirectory(153)) - SCM snapshot dir is not configured. Falling back to ozone.metadata.dirs config
2022-10-13 20:19:29,859 [Listener at 0.0.0.0/45541] INFO  upgrade.AbstractLayoutVersionManager (AbstractLayoutVersionManager.java:init(83)) - Initializing Layout version manager with metadata layout = DATANODE_SCHEMA_V3 (version = 4), software layout = DATANODE_SCHEMA_V3 (version = 4)
2022-10-13 20:19:29,916 [Listener at 0.0.0.0/45541] INFO  reflections.Reflections (Reflections.java:scan(232)) - Reflections took 56 ms to scan 7 urls, producing 137 keys and 328 values 
2022-10-13 20:19:29,919 [Listener at 0.0.0.0/45541] INFO  ha.SequenceIdGenerator (SequenceIdGenerator.java:upgradeToSequenceId(349)) - upgrade localId to 109611004723200000
2022-10-13 20:19:29,919 [Listener at 0.0.0.0/45541] INFO  ha.SequenceIdGenerator (SequenceIdGenerator.java:upgradeToSequenceId(359)) - upgrade delTxnId to 0
2022-10-13 20:19:29,919 [Listener at 0.0.0.0/45541] INFO  ha.SequenceIdGenerator (SequenceIdGenerator.java:upgradeToSequenceId(376)) - upgrade containerId to 0
2022-10-13 20:19:29,920 [Listener at 0.0.0.0/45541] INFO  ha.SequenceIdGenerator (SequenceIdGenerator.java:<init>(220)) - Init the HA SequenceIdGenerator.
2022-10-13 20:19:29,920 [Listener at 0.0.0.0/45541] WARN  server.ServerUtils (ServerUtils.java:sanitizeUserArgs(73)) - ozone.scm.stale.node.interval value = 300000 is larger than max = 100000 based on the key value of ozone.scm.heartbeat.thread.interval, reset to the max value 100000.
2022-10-13 20:19:29,920 [Listener at 0.0.0.0/45541] WARN  server.ServerUtils (ServerUtils.java:sanitizeUserArgs(73)) - ozone.scm.stale.node.interval value = 300000 is larger than max = 100000 based on the key value of ozone.scm.heartbeat.thread.interval, reset to the max value 100000.
2022-10-13 20:19:29,923 [Listener at 0.0.0.0/45541] INFO  node.SCMNodeManager (SCMNodeManager.java:<init>(149)) - Entering startup safe mode.
2022-10-13 20:19:29,924 [Listener at 0.0.0.0/45541] INFO  algorithms.ContainerPlacementPolicyFactory (ContainerPlacementPolicyFactory.java:getPolicyInternal(86)) - Create container placement policy of type org.apache.hadoop.hdds.scm.container.placement.algorithms.SCMContainerPlacementRandom
2022-10-13 20:19:29,924 [Listener at 0.0.0.0/45541] INFO  algorithms.ContainerPlacementPolicyFactory (ContainerPlacementPolicyFactory.java:getPolicyInternal(86)) - Create container placement policy of type org.apache.hadoop.hdds.scm.container.placement.algorithms.SCMContainerPlacementRackScatter
2022-10-13 20:19:29,924 [Listener at 0.0.0.0/45541] INFO  pipeline.PipelineStateManagerImpl (PipelineStateManagerImpl.java:initialize(78)) - No pipeline exists in current db
2022-10-13 20:19:29,924 [Listener at 0.0.0.0/45541] INFO  algorithms.LeaderChoosePolicyFactory (LeaderChoosePolicyFactory.java:getPolicy(57)) - Create leader choose policy of type org.apache.hadoop.hdds.scm.pipeline.leader.choose.algorithms.MinLeaderCountChoosePolicy
2022-10-13 20:19:29,924 [Listener at 0.0.0.0/45541] INFO  algorithms.ContainerPlacementPolicyFactory (ContainerPlacementPolicyFactory.java:getPolicyInternal(86)) - Create container placement policy of type org.apache.hadoop.hdds.scm.container.placement.algorithms.SCMContainerPlacementRackScatter
2022-10-13 20:19:29,925 [Listener at 0.0.0.0/45541] INFO  ha.SCMServiceManager (SCMServiceManager.java:register(42)) - Registering service BackgroundPipelineCreator.
2022-10-13 20:19:29,925 [Listener at 0.0.0.0/45541] INFO  pipeline.BackgroundPipelineCreator (BackgroundPipelineCreator.java:start(124)) - Starting RatisPipelineUtilsThread.
2022-10-13 20:19:29,926 [Listener at 0.0.0.0/45541] INFO  BackgroundPipelineScrubber (BackgroundSCMService.java:start(68)) - Starting BackgroundPipelineScrubber Service.
2022-10-13 20:19:29,928 [Listener at 0.0.0.0/45541] INFO  ha.SCMServiceManager (SCMServiceManager.java:register(42)) - Registering service BackgroundPipelineScrubber.
2022-10-13 20:19:29,930 [Listener at 0.0.0.0/45541] INFO  ExpiredContainerReplicaOpScrubber (BackgroundSCMService.java:start(68)) - Starting ExpiredContainerReplicaOpScrubber Service.
2022-10-13 20:19:29,930 [Listener at 0.0.0.0/45541] INFO  ha.SCMServiceManager (SCMServiceManager.java:register(42)) - Registering service ExpiredContainerReplicaOpScrubber.
2022-10-13 20:19:29,931 [Listener at 0.0.0.0/45541] INFO  algorithms.PipelineChoosePolicyFactory (PipelineChoosePolicyFactory.java:createPipelineChoosePolicyFromClass(73)) - Create pipeline choose policy of type org.apache.hadoop.hdds.scm.pipeline.choose.algorithms.RandomPipelineChoosePolicy
2022-10-13 20:19:29,932 [Listener at 0.0.0.0/45541] INFO  ha.SCMServiceManager (SCMServiceManager.java:register(42)) - Registering service SCMBlockDeletingService.
2022-10-13 20:19:29,932 [Listener at 0.0.0.0/45541] INFO  replication.ReplicationManager (ReplicationManager.java:start(223)) - Starting Replication Monitor Thread.
2022-10-13 20:19:29,941 [Listener at 0.0.0.0/45541] INFO  ha.SCMServiceManager (SCMServiceManager.java:register(42)) - Registering service ReplicationManager.
2022-10-13 20:19:29,941 [ReplicationMonitor] INFO  replication.ReplicationManager (ReplicationManager.java:processAll(291)) - Replication Manager is not ready to run until 3000ms after safemode exit
2022-10-13 20:19:29,942 [Listener at 0.0.0.0/45541] INFO  safemode.ContainerSafeModeRule (ContainerSafeModeRule.java:<init>(89)) - containers with one replica threshold count 0
2022-10-13 20:19:29,943 [Listener at 0.0.0.0/45541] INFO  safemode.HealthyPipelineSafeModeRule (HealthyPipelineSafeModeRule.java:initializeRule(169)) - Total pipeline count is 0, healthy pipeline threshold count is 1
2022-10-13 20:19:29,943 [Listener at 0.0.0.0/45541] INFO  safemode.OneReplicaPipelineSafeModeRule (OneReplicaPipelineSafeModeRule.java:initializeRule(180)) - Total pipeline count is 0, pipeline's with at least one datanode reported threshold count is 0
2022-10-13 20:19:29,945 [Listener at 0.0.0.0/45541] INFO  ipc.CallQueueManager (CallQueueManager.java:<init>(90)) - Using callQueue: class java.util.concurrent.LinkedBlockingQueue, queueCapacity: 2000, scheduler: class org.apache.hadoop.ipc.DefaultRpcScheduler, ipcBackoff: false.
2022-10-13 20:19:29,961 [Socket Reader #1 for port 44779] INFO  ipc.Server (Server.java:run(1273)) - Starting Socket Reader #1 for port 44779
2022-10-13 20:19:29,963 [Listener at 0.0.0.0/44779] INFO  ipc.CallQueueManager (CallQueueManager.java:<init>(90)) - Using callQueue: class java.util.concurrent.LinkedBlockingQueue, queueCapacity: 2000, scheduler: class org.apache.hadoop.ipc.DefaultRpcScheduler, ipcBackoff: false.
2022-10-13 20:19:29,964 [Socket Reader #1 for port 42331] INFO  ipc.Server (Server.java:run(1273)) - Starting Socket Reader #1 for port 42331
2022-10-13 20:19:29,967 [Listener at 0.0.0.0/42331] INFO  ipc.CallQueueManager (CallQueueManager.java:<init>(90)) - Using callQueue: class java.util.concurrent.LinkedBlockingQueue, queueCapacity: 2000, scheduler: class org.apache.hadoop.ipc.DefaultRpcScheduler, ipcBackoff: false.
2022-10-13 20:19:29,968 [Socket Reader #1 for port 41371] INFO  ipc.Server (Server.java:run(1273)) - Starting Socket Reader #1 for port 41371
2022-10-13 20:19:29,995 [Listener at 0.0.0.0/41371] INFO  ha.SCMServiceManager (SCMServiceManager.java:register(42)) - Registering service ContainerBalancer.
2022-10-13 20:19:29,996 [Listener at 0.0.0.0/41371] INFO  server.StorageContainerManager (StorageContainerManager.java:<init>(410)) - 
Container Balancer status:
Key                            Value
Running                        false
Container Balancer Configuration values:
Key                                                Value
Threshold                                          10
Max Datanodes to Involve per Iteration(percent)    20
Max Size to Move per Iteration                     500GB
Max Size Entering Target per Iteration             26GB
Max Size Leaving Source per Iteration              26GB

2022-10-13 20:19:29,996 [Listener at 0.0.0.0/41371] WARN  events.EventQueue (EventQueue.java:fireEvent(216)) - No event handler registered for event TypedEvent{payloadType=SafeModeStatus, name='Safe mode status'}
2022-10-13 20:19:29,996 [Listener at 0.0.0.0/41371] INFO  ha.SCMContext (SCMContext.java:updateSafeModeStatus(228)) - Update SafeModeStatus from SafeModeStatus{safeModeStatus=true, preCheckPassed=false} to SafeModeStatus{safeModeStatus=true, preCheckPassed=false}.
2022-10-13 20:19:29,997 [Listener at 0.0.0.0/41371] INFO  server.StorageContainerManager (StorageContainerManager.java:start(1436)) - StorageContainerLocationProtocol RPC server is listening at /0.0.0.0:41371
2022-10-13 20:19:29,997 [Listener at 0.0.0.0/41371] INFO  ha.SCMRatisServerImpl (SCMRatisServerImpl.java:start(178)) - starting ratis server 0.0.0.0:43085
2022-10-13 20:19:29,997 [aa1de7e1-092b-4c10-ba41-bafadd24aa7a-impl-thread1] INFO  server.RaftServer$Division (RaftServerImpl.java:start(316)) - aa1de7e1-092b-4c10-ba41-bafadd24aa7a@group-018C6AA32671: start with initializing state, conf=-1: [], old=null
2022-10-13 20:19:29,998 [aa1de7e1-092b-4c10-ba41-bafadd24aa7a-impl-thread1] INFO  server.RaftServer$Division (RaftServerImpl.java:setRole(299)) - aa1de7e1-092b-4c10-ba41-bafadd24aa7a@group-018C6AA32671: changes role from      null to FOLLOWER at term 0 for startInitializing
2022-10-13 20:19:29,999 [aa1de7e1-092b-4c10-ba41-bafadd24aa7a-impl-thread1] INFO  util.JmxRegister (JmxRegister.java:tryRegister(44)) - Successfully registered JMX Bean with object name Ratis:service=RaftServer,group=group-018C6AA32671,id=aa1de7e1-092b-4c10-ba41-bafadd24aa7a
2022-10-13 20:19:30,001 [Listener at 0.0.0.0/41371] INFO  server.RaftServer (RaftServerProxy.java:lambda$start$6(382)) - aa1de7e1-092b-4c10-ba41-bafadd24aa7a: start RPC server
2022-10-13 20:19:30,005 [Listener at 0.0.0.0/41371] INFO  server.GrpcService (GrpcService.java:startImpl(260)) - aa1de7e1-092b-4c10-ba41-bafadd24aa7a: GrpcService started, listening on 43085
2022-10-13 20:19:30,007 [Listener at 0.0.0.0/41371] INFO  ha.SCMNodeInfo (SCMNodeInfo.java:getPort(197)) - ConfigKey ozone.scm.client.address is deprecated, For configuring different ports for each SCM use PortConfigKey ozone.scm.client.port appended with serviceId and nodeId
2022-10-13 20:19:30,007 [Listener at 0.0.0.0/41371] INFO  ha.SCMNodeInfo (SCMNodeInfo.java:getPort(197)) - ConfigKey ozone.scm.block.client.address is deprecated, For configuring different ports for each SCM use PortConfigKey ozone.scm.block.client.port appended with serviceId and nodeId
2022-10-13 20:19:30,007 [Listener at 0.0.0.0/41371] INFO  ha.SCMNodeInfo (SCMNodeInfo.java:getPort(197)) - ConfigKey ozone.scm.datanode.address is deprecated, For configuring different ports for each SCM use PortConfigKey ozone.scm.datanode.port appended with serviceId and nodeId
2022-10-13 20:19:30,007 [Listener at 0.0.0.0/41371] INFO  ha.SCMNodeInfo (SCMNodeInfo.java:getPort(197)) - ConfigKey ozone.scm.client.address is deprecated, For configuring different ports for each SCM use PortConfigKey ozone.scm.client.port appended with serviceId and nodeId
2022-10-13 20:19:30,007 [Listener at 0.0.0.0/41371] INFO  ha.SCMNodeInfo (SCMNodeInfo.java:getPort(197)) - ConfigKey ozone.scm.block.client.address is deprecated, For configuring different ports for each SCM use PortConfigKey ozone.scm.block.client.port appended with serviceId and nodeId
2022-10-13 20:19:30,007 [Listener at 0.0.0.0/41371] INFO  ha.SCMNodeInfo (SCMNodeInfo.java:getPort(197)) - ConfigKey ozone.scm.datanode.address is deprecated, For configuring different ports for each SCM use PortConfigKey ozone.scm.datanode.port appended with serviceId and nodeId
2022-10-13 20:19:30,007 [Listener at 0.0.0.0/41371] INFO  proxy.SCMBlockLocationFailoverProxyProvider (SCMBlockLocationFailoverProxyProvider.java:<init>(114)) - Created block location fail-over proxy with 2 nodes: [nodeId=scmNode-2,nodeAddress=/127.0.0.1:39575, nodeId=scmNode-1,nodeAddress=/127.0.0.1:34209]
2022-10-13 20:19:30,009 [org.apache.ratis.util.JvmPauseMonitor$$Lambda$519/1431033796@3eb8b8c5] INFO  util.JvmPauseMonitor (JvmPauseMonitor.java:run(103)) - JvmPauseMonitor-aa1de7e1-092b-4c10-ba41-bafadd24aa7a: Started
2022-10-13 20:19:30,015 [IPC Server handler 0 on default port 34209] INFO  ha.SCMRatisServerImpl (SCMRatisServerImpl.java:addSCM(298)) - e2549e0e-20c3-4590-9573-c43d76d3b17a: Submitting SetConfiguration request to Ratis server with new SCM peers list: [e2549e0e-20c3-4590-9573-c43d76d3b17a|rpc:localhost:34991|admin:|client:|dataStream:|priority:0, 07c9e681-1902-448f-876d-c238a5737790|rpc:localhost:36593|priority:0, aa1de7e1-092b-4c10-ba41-bafadd24aa7a|rpc:localhost:43085|priority:0]
2022-10-13 20:19:30,015 [IPC Server handler 0 on default port 34209] INFO  server.RaftServer$Division (RaftServerImpl.java:setConfigurationAsync(1080)) - e2549e0e-20c3-4590-9573-c43d76d3b17a@group-018C6AA32671: receive setConfiguration SetConfigurationRequest:client-75ED3F5993B3->e2549e0e-20c3-4590-9573-c43d76d3b17a@group-018C6AA32671, cid=1, seq=0, RW, null, peers:[e2549e0e-20c3-4590-9573-c43d76d3b17a|rpc:localhost:34991|admin:|client:|dataStream:|priority:0, 07c9e681-1902-448f-876d-c238a5737790|rpc:localhost:36593|priority:0, aa1de7e1-092b-4c10-ba41-bafadd24aa7a|rpc:localhost:43085|priority:0]
2022-10-13 20:19:30,016 [IPC Server handler 0 on default port 34209] INFO  server.RaftServer$Division (LeaderStateImpl.java:startSetConfiguration(368)) - e2549e0e-20c3-4590-9573-c43d76d3b17a@group-018C6AA32671-LeaderStateImpl: startSetConfiguration SetConfigurationRequest:client-75ED3F5993B3->e2549e0e-20c3-4590-9573-c43d76d3b17a@group-018C6AA32671, cid=1, seq=0, RW, null, peers:[e2549e0e-20c3-4590-9573-c43d76d3b17a|rpc:localhost:34991|admin:|client:|dataStream:|priority:0, 07c9e681-1902-448f-876d-c238a5737790|rpc:localhost:36593|priority:0, aa1de7e1-092b-4c10-ba41-bafadd24aa7a|rpc:localhost:43085|priority:0]
2022-10-13 20:19:30,017 [IPC Server handler 0 on default port 34209] INFO  server.RaftServerConfigKeys (ConfUtils.java:logGet(46)) - raft.server.log.appender.snapshot.chunk.size.max = 16MB (=16777216) (default)
2022-10-13 20:19:30,017 [IPC Server handler 0 on default port 34209] INFO  server.RaftServerConfigKeys (ConfUtils.java:logGet(46)) - raft.server.log.appender.buffer.byte-limit = 33554432 (custom)
2022-10-13 20:19:30,017 [IPC Server handler 0 on default port 34209] INFO  server.RaftServerConfigKeys (ConfUtils.java:logGet(46)) - raft.server.log.appender.buffer.element-limit = 1024 (custom)
2022-10-13 20:19:30,019 [IPC Server handler 0 on default port 34209] INFO  grpc.GrpcConfigKeys (ConfUtils.java:logGet(46)) - raft.grpc.server.leader.outstanding.appends.max = 128 (default)
2022-10-13 20:19:30,020 [IPC Server handler 0 on default port 34209] INFO  server.RaftServerConfigKeys (ConfUtils.java:logGet(46)) - raft.server.rpc.request.timeout = 30000ms (custom)
2022-10-13 20:19:30,020 [IPC Server handler 0 on default port 34209] INFO  server.RaftServerConfigKeys (ConfUtils.java:logGet(46)) - raft.server.log.appender.install.snapshot.enabled = false (custom)
2022-10-13 20:19:30,022 [e2549e0e-20c3-4590-9573-c43d76d3b17a@group-018C6AA32671->aa1de7e1-092b-4c10-ba41-bafadd24aa7a-GrpcLogAppender-LogAppenderDaemon] INFO  server.GrpcLogAppender (GrpcLogAppender.java:installSnapshot(541)) - e2549e0e-20c3-4590-9573-c43d76d3b17a@group-018C6AA32671->aa1de7e1-092b-4c10-ba41-bafadd24aa7a-GrpcLogAppender: followerNextIndex = 0 but logStartIndex = 0, notify follower to install snapshot-(t:1, i:0)
2022-10-13 20:19:30,024 [e2549e0e-20c3-4590-9573-c43d76d3b17a@group-018C6AA32671->aa1de7e1-092b-4c10-ba41-bafadd24aa7a-GrpcLogAppender-LogAppenderDaemon] INFO  server.GrpcLogAppender (GrpcLogAppender.java:installSnapshot(549)) - e2549e0e-20c3-4590-9573-c43d76d3b17a@group-018C6AA32671->aa1de7e1-092b-4c10-ba41-bafadd24aa7a-GrpcLogAppender: send e2549e0e-20c3-4590-9573-c43d76d3b17a->aa1de7e1-092b-4c10-ba41-bafadd24aa7a#0-t2,notify:(t:1, i:0)
2022-10-13 20:19:30,044 [grpc-default-executor-1] INFO  impl.SnapshotInstallationHandler (SnapshotInstallationHandler.java:installSnapshot(84)) - aa1de7e1-092b-4c10-ba41-bafadd24aa7a@group-018C6AA32671: receive installSnapshot: e2549e0e-20c3-4590-9573-c43d76d3b17a->aa1de7e1-092b-4c10-ba41-bafadd24aa7a#0-t2,notify:(t:1, i:0)
2022-10-13 20:19:30,046 [grpc-default-executor-1] INFO  ha.SCMStateMachine (SCMStateMachine.java:notifyLeaderChanged(255)) - leader changed, yet current SCM is still follower.
2022-10-13 20:19:30,046 [grpc-default-executor-1] INFO  server.RaftServer$Division (ServerState.java:setLeader(287)) - aa1de7e1-092b-4c10-ba41-bafadd24aa7a@group-018C6AA32671: change Leader from null to e2549e0e-20c3-4590-9573-c43d76d3b17a at term 2 for installSnapshot, leader elected after 200ms
2022-10-13 20:19:30,046 [grpc-default-executor-1] INFO  impl.SnapshotInstallationHandler (SnapshotInstallationHandler.java:notifyStateMachineToInstallSnapshot(215)) - aa1de7e1-092b-4c10-ba41-bafadd24aa7a@group-018C6AA32671: Received notification to install snapshot at index 0
2022-10-13 20:19:30,046 [grpc-default-executor-1] INFO  impl.SnapshotInstallationHandler (SnapshotInstallationHandler.java:notifyStateMachineToInstallSnapshot(224)) - aa1de7e1-092b-4c10-ba41-bafadd24aa7a@group-018C6AA32671: InstallSnapshot notification result: ALREADY_INSTALLED, current snapshot index: -1
2022-10-13 20:19:30,047 [grpc-default-executor-1] INFO  impl.SnapshotInstallationHandler (SnapshotInstallationHandler.java:installSnapshotImpl(129)) - aa1de7e1-092b-4c10-ba41-bafadd24aa7a@group-018C6AA32671: set new configuration index: 5
configurationEntry {
  peers {
    id: "e2549e0e-20c3-4590-9573-c43d76d3b17a"
    address: "localhost:34991"
  }
  peers {
    id: "07c9e681-1902-448f-876d-c238a5737790"
    address: "localhost:36593"
  }
}
 from snapshot
2022-10-13 20:19:30,047 [grpc-default-executor-1] INFO  server.RaftServer$Division (ServerState.java:setRaftConf(393)) - aa1de7e1-092b-4c10-ba41-bafadd24aa7a@group-018C6AA32671: set configuration 5: [e2549e0e-20c3-4590-9573-c43d76d3b17a|rpc:localhost:34991|admin:|client:|dataStream:|priority:0, 07c9e681-1902-448f-876d-c238a5737790|rpc:localhost:36593|admin:|client:|dataStream:|priority:0], old=null
2022-10-13 20:19:30,048 [grpc-default-executor-1] INFO  impl.SnapshotInstallationHandler (SnapshotInstallationHandler.java:installSnapshot(95)) - aa1de7e1-092b-4c10-ba41-bafadd24aa7a@group-018C6AA32671: reply installSnapshot: e2549e0e-20c3-4590-9573-c43d76d3b17a<-aa1de7e1-092b-4c10-ba41-bafadd24aa7a#0:FAIL-t0,ALREADY_INSTALLED
2022-10-13 20:19:30,048 [grpc-default-executor-1] INFO  server.GrpcServerProtocolService (GrpcServerProtocolService.java:onCompleted(140)) - aa1de7e1-092b-4c10-ba41-bafadd24aa7a: Completed INSTALL_SNAPSHOT, lastRequest: e2549e0e-20c3-4590-9573-c43d76d3b17a->aa1de7e1-092b-4c10-ba41-bafadd24aa7a#0-t2,notify:(t:1, i:0)
2022-10-13 20:19:30,054 [grpc-default-executor-1] INFO  server.GrpcLogAppender (GrpcLogAppender.java:onNext(403)) - e2549e0e-20c3-4590-9573-c43d76d3b17a@group-018C6AA32671->aa1de7e1-092b-4c10-ba41-bafadd24aa7a-InstallSnapshotResponseHandler: received the first reply e2549e0e-20c3-4590-9573-c43d76d3b17a<-aa1de7e1-092b-4c10-ba41-bafadd24aa7a#0:FAIL-t0,ALREADY_INSTALLED
2022-10-13 20:19:30,055 [grpc-default-executor-1] INFO  server.GrpcLogAppender (GrpcLogAppender.java:onNext(426)) - e2549e0e-20c3-4590-9573-c43d76d3b17a@group-018C6AA32671->aa1de7e1-092b-4c10-ba41-bafadd24aa7a-InstallSnapshotResponseHandler: Follower snapshot is already at index 0.
2022-10-13 20:19:30,055 [grpc-default-executor-1] INFO  leader.FollowerInfo (FollowerInfoImpl.java:lambda$new$0(48)) - e2549e0e-20c3-4590-9573-c43d76d3b17a@group-018C6AA32671->aa1de7e1-092b-4c10-ba41-bafadd24aa7a: snapshotIndex: setUnconditionally 0 -> 0
2022-10-13 20:19:30,055 [grpc-default-executor-1] INFO  leader.FollowerInfo (FollowerInfoImpl.java:lambda$new$0(48)) - e2549e0e-20c3-4590-9573-c43d76d3b17a@group-018C6AA32671->aa1de7e1-092b-4c10-ba41-bafadd24aa7a: matchIndex: setUnconditionally 0 -> 0
2022-10-13 20:19:30,055 [grpc-default-executor-1] INFO  leader.FollowerInfo (FollowerInfoImpl.java:lambda$new$0(48)) - e2549e0e-20c3-4590-9573-c43d76d3b17a@group-018C6AA32671->aa1de7e1-092b-4c10-ba41-bafadd24aa7a: nextIndex: setUnconditionally 0 -> 1
2022-10-13 20:19:30,055 [grpc-default-executor-1] INFO  leader.FollowerInfo (FollowerInfoImpl.java:setAttemptedToInstallSnapshot(118)) - Follower e2549e0e-20c3-4590-9573-c43d76d3b17a@group-018C6AA32671->aa1de7e1-092b-4c10-ba41-bafadd24aa7a acknowledged installing snapshot
2022-10-13 20:19:30,055 [grpc-default-executor-1] INFO  leader.FollowerInfo (FollowerInfoImpl.java:lambda$new$0(48)) - e2549e0e-20c3-4590-9573-c43d76d3b17a@group-018C6AA32671->aa1de7e1-092b-4c10-ba41-bafadd24aa7a: nextIndex: updateToMax old=1, new=1, updated? false
2022-10-13 20:19:30,063 [aa1de7e1-092b-4c10-ba41-bafadd24aa7a-server-thread1] INFO  impl.RoleInfo (RoleInfo.java:updateAndGet(139)) - aa1de7e1-092b-4c10-ba41-bafadd24aa7a: start aa1de7e1-092b-4c10-ba41-bafadd24aa7a@group-018C6AA32671-FollowerState
2022-10-13 20:19:30,064 [aa1de7e1-092b-4c10-ba41-bafadd24aa7a-server-thread1] INFO  server.RaftServer$Division (RaftServerImpl.java:checkInconsistentAppendEntries(1424)) - aa1de7e1-092b-4c10-ba41-bafadd24aa7a@group-018C6AA32671: Failed appendEntries as previous log entry ((t:1, i:0)) is not found
2022-10-13 20:19:30,064 [aa1de7e1-092b-4c10-ba41-bafadd24aa7a-server-thread1] INFO  server.RaftServer$Division (RaftServerImpl.java:checkInconsistentAppendEntries(1394)) - aa1de7e1-092b-4c10-ba41-bafadd24aa7a@group-018C6AA32671: inconsistency entries. Reply:e2549e0e-20c3-4590-9573-c43d76d3b17a<-aa1de7e1-092b-4c10-ba41-bafadd24aa7a#0:FAIL-t2,INCONSISTENCY,nextIndex=0,followerCommit=-1
2022-10-13 20:19:30,066 [grpc-default-executor-2] INFO  leader.FollowerInfo (FollowerInfoImpl.java:lambda$new$0(48)) - e2549e0e-20c3-4590-9573-c43d76d3b17a@group-018C6AA32671->aa1de7e1-092b-4c10-ba41-bafadd24aa7a: nextIndex: updateUnconditionally 7 -> 0
2022-10-13 20:19:30,067 [aa1de7e1-092b-4c10-ba41-bafadd24aa7a-server-thread1] INFO  server.RaftServer$Division (RaftServerImpl.java:checkInconsistentAppendEntries(1424)) - aa1de7e1-092b-4c10-ba41-bafadd24aa7a@group-018C6AA32671: Failed appendEntries as previous log entry ((t:1, i:0)) is not found
2022-10-13 20:19:30,069 [aa1de7e1-092b-4c10-ba41-bafadd24aa7a-server-thread1] INFO  server.RaftServer$Division (RaftServerImpl.java:checkInconsistentAppendEntries(1394)) - aa1de7e1-092b-4c10-ba41-bafadd24aa7a@group-018C6AA32671: inconsistency entries. Reply:e2549e0e-20c3-4590-9573-c43d76d3b17a<-aa1de7e1-092b-4c10-ba41-bafadd24aa7a#1:FAIL-t2,INCONSISTENCY,nextIndex=0,followerCommit=-1
2022-10-13 20:19:30,071 [grpc-default-executor-2] INFO  leader.FollowerInfo (FollowerInfoImpl.java:lambda$new$0(48)) - e2549e0e-20c3-4590-9573-c43d76d3b17a@group-018C6AA32671->aa1de7e1-092b-4c10-ba41-bafadd24aa7a: nextIndex: updateUnconditionally 7 -> 0
2022-10-13 20:19:30,071 [aa1de7e1-092b-4c10-ba41-bafadd24aa7a-server-thread1] INFO  server.RaftServer$Division (ServerState.java:setRaftConf(393)) - aa1de7e1-092b-4c10-ba41-bafadd24aa7a@group-018C6AA32671: set configuration 0: [e2549e0e-20c3-4590-9573-c43d76d3b17a|rpc:localhost:34991|admin:|client:|dataStream:|priority:0], old=null
2022-10-13 20:19:30,073 [aa1de7e1-092b-4c10-ba41-bafadd24aa7a-server-thread1] INFO  server.RaftServer$Division (ServerState.java:setRaftConf(393)) - aa1de7e1-092b-4c10-ba41-bafadd24aa7a@group-018C6AA32671: set configuration 1: [e2549e0e-20c3-4590-9573-c43d76d3b17a|rpc:localhost:34991|admin:|client:|dataStream:|priority:0], old=null
2022-10-13 20:19:30,073 [aa1de7e1-092b-4c10-ba41-bafadd24aa7a-server-thread1] INFO  server.RaftServer$Division (ServerState.java:setRaftConf(393)) - aa1de7e1-092b-4c10-ba41-bafadd24aa7a@group-018C6AA32671: set configuration 3: [e2549e0e-20c3-4590-9573-c43d76d3b17a|rpc:localhost:34991|admin:|client:|dataStream:|priority:0, 07c9e681-1902-448f-876d-c238a5737790|rpc:localhost:36593|admin:|client:|dataStream:|priority:0], old=[e2549e0e-20c3-4590-9573-c43d76d3b17a|rpc:localhost:34991|admin:|client:|dataStream:|priority:0]
2022-10-13 20:19:30,073 [aa1de7e1-092b-4c10-ba41-bafadd24aa7a-server-thread1] INFO  server.RaftServer$Division (ServerState.java:setRaftConf(393)) - aa1de7e1-092b-4c10-ba41-bafadd24aa7a@group-018C6AA32671: set configuration 5: [e2549e0e-20c3-4590-9573-c43d76d3b17a|rpc:localhost:34991|admin:|client:|dataStream:|priority:0, 07c9e681-1902-448f-876d-c238a5737790|rpc:localhost:36593|admin:|client:|dataStream:|priority:0], old=null
2022-10-13 20:19:30,074 [aa1de7e1-092b-4c10-ba41-bafadd24aa7a-server-thread1] INFO  segmented.SegmentedRaftLogWorker (SegmentedRaftLogWorker.java:startLogSegment(425)) - aa1de7e1-092b-4c10-ba41-bafadd24aa7a@group-018C6AA32671-SegmentedRaftLogWorker: Starting segment from index:0
2022-10-13 20:19:30,078 [aa1de7e1-092b-4c10-ba41-bafadd24aa7a-server-thread1] INFO  segmented.SegmentedRaftLogWorker (SegmentedRaftLogWorker.java:rollLogSegment(430)) - aa1de7e1-092b-4c10-ba41-bafadd24aa7a@group-018C6AA32671-SegmentedRaftLogWorker: Rolling segment log-0_0 to index:0
2022-10-13 20:19:30,080 [aa1de7e1-092b-4c10-ba41-bafadd24aa7a-server-thread1] INFO  server.RaftServer$Division (ServerState.java:setRaftConf(393)) - aa1de7e1-092b-4c10-ba41-bafadd24aa7a@group-018C6AA32671: set configuration 0: [e2549e0e-20c3-4590-9573-c43d76d3b17a|rpc:localhost:34991|admin:|client:|dataStream:|priority:0], old=null
2022-10-13 20:19:30,080 [aa1de7e1-092b-4c10-ba41-bafadd24aa7a-server-thread1] INFO  server.RaftServer$Division (ServerState.java:setRaftConf(393)) - aa1de7e1-092b-4c10-ba41-bafadd24aa7a@group-018C6AA32671: set configuration 1: [e2549e0e-20c3-4590-9573-c43d76d3b17a|rpc:localhost:34991|admin:|client:|dataStream:|priority:0], old=null
2022-10-13 20:19:30,080 [aa1de7e1-092b-4c10-ba41-bafadd24aa7a-server-thread1] INFO  server.RaftServer$Division (ServerState.java:setRaftConf(393)) - aa1de7e1-092b-4c10-ba41-bafadd24aa7a@group-018C6AA32671: set configuration 3: [e2549e0e-20c3-4590-9573-c43d76d3b17a|rpc:localhost:34991|admin:|client:|dataStream:|priority:0, 07c9e681-1902-448f-876d-c238a5737790|rpc:localhost:36593|admin:|client:|dataStream:|priority:0], old=[e2549e0e-20c3-4590-9573-c43d76d3b17a|rpc:localhost:34991|admin:|client:|dataStream:|priority:0]
2022-10-13 20:19:30,080 [aa1de7e1-092b-4c10-ba41-bafadd24aa7a-server-thread1] INFO  server.RaftServer$Division (ServerState.java:setRaftConf(393)) - aa1de7e1-092b-4c10-ba41-bafadd24aa7a@group-018C6AA32671: set configuration 5: [e2549e0e-20c3-4590-9573-c43d76d3b17a|rpc:localhost:34991|admin:|client:|dataStream:|priority:0, 07c9e681-1902-448f-876d-c238a5737790|rpc:localhost:36593|admin:|client:|dataStream:|priority:0], old=null
2022-10-13 20:19:30,085 [aa1de7e1-092b-4c10-ba41-bafadd24aa7a@group-018C6AA32671-SegmentedRaftLogWorker] INFO  segmented.SegmentedRaftLogWorker (SegmentedRaftLogWorker.java:execute(629)) - aa1de7e1-092b-4c10-ba41-bafadd24aa7a@group-018C6AA32671-SegmentedRaftLogWorker: created new log segment /home/runner/work/ozone/ozone/hadoop-ozone/integration-test/target/test-dir/MiniOzoneClusterImpl-0c33195c-4715-4e74-9207-018c6aa32671/scmNode-3/scm-ha/0c33195c-4715-4e74-9207-018c6aa32671/current/log_inprogress_0
2022-10-13 20:19:30,088 [aa1de7e1-092b-4c10-ba41-bafadd24aa7a@group-018C6AA32671-SegmentedRaftLogWorker] INFO  segmented.SegmentedRaftLogWorker (SegmentedRaftLogWorker.java:execute(586)) - aa1de7e1-092b-4c10-ba41-bafadd24aa7a@group-018C6AA32671-SegmentedRaftLogWorker: Rolled log segment from /home/runner/work/ozone/ozone/hadoop-ozone/integration-test/target/test-dir/MiniOzoneClusterImpl-0c33195c-4715-4e74-9207-018c6aa32671/scmNode-3/scm-ha/0c33195c-4715-4e74-9207-018c6aa32671/current/log_inprogress_0 to /home/runner/work/ozone/ozone/hadoop-ozone/integration-test/target/test-dir/MiniOzoneClusterImpl-0c33195c-4715-4e74-9207-018c6aa32671/scmNode-3/scm-ha/0c33195c-4715-4e74-9207-018c6aa32671/current/log_0-0
2022-10-13 20:19:30,099 [aa1de7e1-092b-4c10-ba41-bafadd24aa7a@group-018C6AA32671-SegmentedRaftLogWorker] INFO  segmented.SegmentedRaftLogWorker (SegmentedRaftLogWorker.java:execute(629)) - aa1de7e1-092b-4c10-ba41-bafadd24aa7a@group-018C6AA32671-SegmentedRaftLogWorker: created new log segment /home/runner/work/ozone/ozone/hadoop-ozone/integration-test/target/test-dir/MiniOzoneClusterImpl-0c33195c-4715-4e74-9207-018c6aa32671/scmNode-3/scm-ha/0c33195c-4715-4e74-9207-018c6aa32671/current/log_inprogress_1
2022-10-13 20:19:30,105 [aa1de7e1-092b-4c10-ba41-bafadd24aa7a@group-018C6AA32671-StateMachineUpdater] INFO  safemode.HealthyPipelineSafeModeRule (HealthyPipelineSafeModeRule.java:initializeRule(165)) - Refreshed total pipeline count is 0, healthy pipeline threshold count is 1
2022-10-13 20:19:30,105 [aa1de7e1-092b-4c10-ba41-bafadd24aa7a@group-018C6AA32671-StateMachineUpdater] INFO  safemode.ContainerSafeModeRule (ContainerSafeModeRule.java:reInitializeRule(177)) - Refreshed one replica container threshold 0, currentThreshold 0
2022-10-13 20:19:30,105 [aa1de7e1-092b-4c10-ba41-bafadd24aa7a@group-018C6AA32671-StateMachineUpdater] INFO  safemode.OneReplicaPipelineSafeModeRule (OneReplicaPipelineSafeModeRule.java:initializeRule(176)) - Refreshed Total pipeline count is 0, pipeline's with at least one datanode reported threshold count is 0
2022-10-13 20:19:30,106 [aa1de7e1-092b-4c10-ba41-bafadd24aa7a@group-018C6AA32671-StateMachineUpdater] INFO  server.SCMDatanodeProtocolServer (SCMDatanodeProtocolServer.java:start(186)) - ScmDatanodeProtocol RPC server for DataNodes is listening at /0.0.0.0:44779
2022-10-13 20:19:30,107 [e2549e0e-20c3-4590-9573-c43d76d3b17a@group-018C6AA32671-LeaderStateImpl] INFO  server.RaftServer$Division (ServerState.java:setRaftConf(393)) - e2549e0e-20c3-4590-9573-c43d76d3b17a@group-018C6AA32671: set configuration 7: [aa1de7e1-092b-4c10-ba41-bafadd24aa7a|rpc:localhost:43085|priority:0, e2549e0e-20c3-4590-9573-c43d76d3b17a|rpc:localhost:34991|admin:|client:|dataStream:|priority:0, 07c9e681-1902-448f-876d-c238a5737790|rpc:localhost:36593|priority:0], old=[e2549e0e-20c3-4590-9573-c43d76d3b17a|rpc:localhost:34991|admin:|client:|dataStream:|priority:0, 07c9e681-1902-448f-876d-c238a5737790|rpc:localhost:36593|priority:0]
2022-10-13 20:19:30,111 [07c9e681-1902-448f-876d-c238a5737790-server-thread1] INFO  server.RaftServer$Division (ServerState.java:setRaftConf(393)) - 07c9e681-1902-448f-876d-c238a5737790@group-018C6AA32671: set configuration 7: [aa1de7e1-092b-4c10-ba41-bafadd24aa7a|rpc:localhost:43085|admin:|client:|dataStream:|priority:0, e2549e0e-20c3-4590-9573-c43d76d3b17a|rpc:localhost:34991|admin:|client:|dataStream:|priority:0, 07c9e681-1902-448f-876d-c238a5737790|rpc:localhost:36593|admin:|client:|dataStream:|priority:0], old=[e2549e0e-20c3-4590-9573-c43d76d3b17a|rpc:localhost:34991|admin:|client:|dataStream:|priority:0, 07c9e681-1902-448f-876d-c238a5737790|rpc:localhost:36593|admin:|client:|dataStream:|priority:0]
2022-10-13 20:19:30,112 [aa1de7e1-092b-4c10-ba41-bafadd24aa7a-server-thread1] INFO  server.RaftServer$Division (ServerState.java:setRaftConf(393)) - aa1de7e1-092b-4c10-ba41-bafadd24aa7a@group-018C6AA32671: set configuration 7: [aa1de7e1-092b-4c10-ba41-bafadd24aa7a|rpc:localhost:43085|admin:|client:|dataStream:|priority:0, e2549e0e-20c3-4590-9573-c43d76d3b17a|rpc:localhost:34991|admin:|client:|dataStream:|priority:0, 07c9e681-1902-448f-876d-c238a5737790|rpc:localhost:36593|admin:|client:|dataStream:|priority:0], old=[e2549e0e-20c3-4590-9573-c43d76d3b17a|rpc:localhost:34991|admin:|client:|dataStream:|priority:0, 07c9e681-1902-448f-876d-c238a5737790|rpc:localhost:36593|admin:|client:|dataStream:|priority:0]
2022-10-13 20:19:30,119 [IPC Server listener on 44779] INFO  ipc.Server (Server.java:run(1352)) - IPC Server listener on 44779: starting
2022-10-13 20:19:30,127 [07c9e681-1902-448f-876d-c238a5737790-server-thread1] INFO  server.RaftServer$Division (ServerState.java:setRaftConf(393)) - 07c9e681-1902-448f-876d-c238a5737790@group-018C6AA32671: set configuration 9: [aa1de7e1-092b-4c10-ba41-bafadd24aa7a|rpc:localhost:43085|admin:|client:|dataStream:|priority:0, e2549e0e-20c3-4590-9573-c43d76d3b17a|rpc:localhost:34991|admin:|client:|dataStream:|priority:0, 07c9e681-1902-448f-876d-c238a5737790|rpc:localhost:36593|admin:|client:|dataStream:|priority:0], old=null
2022-10-13 20:19:30,124 [e2549e0e-20c3-4590-9573-c43d76d3b17a@group-018C6AA32671-LeaderStateImpl] INFO  server.RaftServer$Division (ServerState.java:setRaftConf(393)) - e2549e0e-20c3-4590-9573-c43d76d3b17a@group-018C6AA32671: set configuration 9: [aa1de7e1-092b-4c10-ba41-bafadd24aa7a|rpc:localhost:43085|priority:0, e2549e0e-20c3-4590-9573-c43d76d3b17a|rpc:localhost:34991|admin:|client:|dataStream:|priority:0, 07c9e681-1902-448f-876d-c238a5737790|rpc:localhost:36593|priority:0], old=null
2022-10-13 20:19:30,119 [IPC Server Responder] INFO  ipc.Server (Server.java:run(1512)) - IPC Server Responder: starting
2022-10-13 20:19:30,138 [aa1de7e1-092b-4c10-ba41-bafadd24aa7a-server-thread1] INFO  server.RaftServer$Division (ServerState.java:setRaftConf(393)) - aa1de7e1-092b-4c10-ba41-bafadd24aa7a@group-018C6AA32671: set configuration 9: [aa1de7e1-092b-4c10-ba41-bafadd24aa7a|rpc:localhost:43085|admin:|client:|dataStream:|priority:0, e2549e0e-20c3-4590-9573-c43d76d3b17a|rpc:localhost:34991|admin:|client:|dataStream:|priority:0, 07c9e681-1902-448f-876d-c238a5737790|rpc:localhost:36593|admin:|client:|dataStream:|priority:0], old=null
2022-10-13 20:19:30,143 [IPC Server handler 0 on default port 34209] INFO  ha.SCMRatisServerImpl (SCMRatisServerImpl.java:addSCM(309)) - Successfully added new SCM: aa1de7e1-092b-4c10-ba41-bafadd24aa7a.
2022-10-13 20:19:30,144 [Listener at 0.0.0.0/41371] INFO  ha.SCMHAManagerImpl (SCMHAManagerImpl.java:start(117)) - Successfully added SCM scmNode-3 to group group-018C6AA32671:[aa1de7e1-092b-4c10-ba41-bafadd24aa7a|rpc:localhost:43085|admin:|client:|dataStream:|priority:0, e2549e0e-20c3-4590-9573-c43d76d3b17a|rpc:localhost:34991|admin:|client:|dataStream:|priority:0, 07c9e681-1902-448f-876d-c238a5737790|rpc:localhost:36593|admin:|client:|dataStream:|priority:0]
2022-10-13 20:19:30,151 [Listener at 0.0.0.0/41371] INFO  ha.InterSCMGrpcService (InterSCMGrpcProtocolService.java:start(94)) - Starting SCM Grpc Service at port 42483
2022-10-13 20:19:30,160 [Listener at 0.0.0.0/41371] INFO  impl.MetricsSystemImpl (MetricsSystemImpl.java:init(158)) - StorageContainerManager metrics system started (again)
2022-10-13 20:19:30,172 [Listener at 0.0.0.0/41371] INFO  server.SCMClientProtocolServer (SCMClientProtocolServer.java:start(170)) - RPC server for Client  is listening at /0.0.0.0:41371
2022-10-13 20:19:30,177 [IPC Server Responder] INFO  ipc.Server (Server.java:run(1512)) - IPC Server Responder: starting
2022-10-13 20:19:30,177 [IPC Server listener on 41371] INFO  ipc.Server (Server.java:run(1352)) - IPC Server listener on 41371: starting
2022-10-13 20:19:30,185 [Listener at 0.0.0.0/41371] INFO  server.StorageContainerManager (StorageContainerManager.java:start(1451)) - ScmBlockLocationProtocol RPC server is listening at /0.0.0.0:42331
2022-10-13 20:19:30,192 [Listener at 0.0.0.0/41371] INFO  server.SCMBlockProtocolServer (SCMBlockProtocolServer.java:start(152)) - RPC server for Block Protocol is listening at /0.0.0.0:42331
2022-10-13 20:19:30,192 [IPC Server Responder] INFO  ipc.Server (Server.java:run(1512)) - IPC Server Responder: starting
2022-10-13 20:19:30,193 [IPC Server listener on 42331] INFO  ipc.Server (Server.java:run(1352)) - IPC Server listener on 42331: starting
2022-10-13 20:19:30,196 [org.apache.hadoop.util.JvmPauseMonitor$Monitor@4980e6af] INFO  util.JvmPauseMonitor (JvmPauseMonitor.java:run(188)) - Starting JVM pause monitor
2022-10-13 20:19:30,197 [Listener at 0.0.0.0/41371] INFO  http.BaseHttpServer (BaseHttpServer.java:newHttpServer2BuilderForOzone(213)) - Starting Web-server for scm at: http://0.0.0.0:35643
2022-10-13 20:19:30,197 [Listener at 0.0.0.0/41371] INFO  http.BaseHttpServer (BaseHttpServer.java:<init>(108)) - Hadoop Security Enabled: false Ozone Security Enabled: false Ozone HTTP Security Enabled: false 
2022-10-13 20:19:30,198 [Listener at 0.0.0.0/41371] WARN  server.AuthenticationFilter (AuthenticationFilter.java:constructSecretProvider(240)) - Unable to initialize FileSignerSecretProvider, falling back to use random secrets. Reason: Could not read signature secret file: /home/runner/hadoop-http-auth-signature-secret
2022-10-13 20:19:30,199 [Listener at 0.0.0.0/41371] WARN  http.HttpRequestLog (HttpRequestLog.java:getRequestLog(103)) - Jetty request log can only be enabled using Log4j
2022-10-13 20:19:30,201 [Listener at 0.0.0.0/41371] INFO  http.HttpServer2 (HttpServer2.java:addGlobalFilter(1031)) - Added global filter 'safety' (class=org.apache.hadoop.hdds.server.http.HttpServer2$QuotingInputFilter)
2022-10-13 20:19:30,202 [Listener at 0.0.0.0/41371] INFO  http.HttpServer2 (HttpServer2.java:addFilter(1007)) - Added filter static_user_filter (class=org.apache.hadoop.http.lib.StaticUserWebFilter$StaticUserFilter) to context scm
2022-10-13 20:19:30,202 [Listener at 0.0.0.0/41371] INFO  http.HttpServer2 (HttpServer2.java:addFilter(1015)) - Added filter static_user_filter (class=org.apache.hadoop.http.lib.StaticUserWebFilter$StaticUserFilter) to context logs
2022-10-13 20:19:30,202 [Listener at 0.0.0.0/41371] INFO  http.HttpServer2 (HttpServer2.java:addFilter(1015)) - Added filter static_user_filter (class=org.apache.hadoop.http.lib.StaticUserWebFilter$StaticUserFilter) to context static
2022-10-13 20:19:30,203 [Listener at 0.0.0.0/41371] INFO  http.HttpServer2 (HttpServer2.java:bindListener(1250)) - Jetty bound to port 35643
2022-10-13 20:19:30,203 [Listener at 0.0.0.0/41371] INFO  server.Server (Server.java:doStart(375)) - jetty-9.4.43.v20210629; built: 2021-06-30T11:07:22.254Z; git: 526006ecfa3af7f1a27ef3a288e2bef7ea9dd7e8; jvm 1.8.0_345-b01
2022-10-13 20:19:30,211 [Listener at 0.0.0.0/41371] INFO  server.session (DefaultSessionIdManager.java:doStart(334)) - DefaultSessionIdManager workerName=node0
2022-10-13 20:19:30,211 [Listener at 0.0.0.0/41371] INFO  server.session (DefaultSessionIdManager.java:doStart(339)) - No SessionScavenger set, using defaults
2022-10-13 20:19:30,211 [Listener at 0.0.0.0/41371] INFO  server.session (HouseKeeper.java:startScavenging(132)) - node0 Scavenging every 600000ms
2022-10-13 20:19:30,212 [Listener at 0.0.0.0/41371] INFO  handler.ContextHandler (ContextHandler.java:doStart(915)) - Started o.e.j.s.ServletContextHandler@1b141854{logs,/logs,file:///home/runner/work/ozone/ozone/hadoop-ozone/integration-test/target/log,AVAILABLE}
2022-10-13 20:19:30,213 [Listener at 0.0.0.0/41371] INFO  handler.ContextHandler (ContextHandler.java:doStart(915)) - Started o.e.j.s.ServletContextHandler@1eb8bcf4{static,/static,file:///home/runner/work/ozone/ozone/hadoop-ozone/integration-test/target/test-classes/webapps/static,AVAILABLE}
2022-10-13 20:19:30,217 [Listener at 0.0.0.0/41371] INFO  handler.ContextHandler (ContextHandler.java:doStart(915)) - Started o.e.j.w.WebAppContext@5f33f083{scm,/,file:///home/runner/work/ozone/ozone/hadoop-ozone/integration-test/target/test-classes/webapps/scm/,AVAILABLE}{file:/home/runner/work/ozone/ozone/hadoop-ozone/integration-test/target/test-classes/webapps/scm}
2022-10-13 20:19:30,218 [Listener at 0.0.0.0/41371] INFO  server.AbstractConnector (AbstractConnector.java:doStart(331)) - Started ServerConnector@4cfa5df3{HTTP/1.1, (http/1.1)}{0.0.0.0:35643}
2022-10-13 20:19:30,218 [Listener at 0.0.0.0/41371] INFO  server.Server (Server.java:doStart(415)) - Started @18137ms
2022-10-13 20:19:30,218 [Listener at 0.0.0.0/41371] WARN  impl.MetricsSystemImpl (MetricsSystemImpl.java:register(279)) - Sink prometheus already exists!
2022-10-13 20:19:30,219 [Listener at 0.0.0.0/41371] INFO  http.BaseHttpServer (BaseHttpServer.java:updateConnectorAddress(333)) - HTTP server of scm listening at http://0.0.0.0:35643
2022-10-13 20:19:30,219 [Listener at 0.0.0.0/41371] INFO  ozone.MiniOzoneHAClusterImpl (MiniOzoneHAClusterImpl.java:createSCMService(606)) - Started SCM RPC server at /0.0.0.0:41371
2022-10-13 20:19:30,275 [Listener at 0.0.0.0/41371] INFO  audit.AuditLogger (AuditLogger.java:refreshDebugCmdSet(126)) - Refresh DebugCmdSet for OMAudit to [].
2022-10-13 20:19:30,356 [Listener at 0.0.0.0/41371] INFO  ha.OMHANodeDetails (OMHANodeDetails.java:loadOMHAConfig(121)) - ServiceID for OzoneManager is omServiceId1
2022-10-13 20:19:30,362 [Listener at 0.0.0.0/41371] INFO  ha.OMHANodeDetails (OMHANodeDetails.java:loadOMHAConfig(201)) - Found matching OM address with OMServiceId: omServiceId1, OMNodeId: omNode-1, RPC Address: localhost:36285 and Ratis port: 34613
2022-10-13 20:19:30,362 [Listener at 0.0.0.0/41371] INFO  ha.OMHANodeDetails (ConfUtils.java:setNodeSpecificConfigs(97)) - Setting configuration key ozone.om.http-address with value of key ozone.om.http-address.omServiceId1.omNode-1: 127.0.0.1:33639
2022-10-13 20:19:30,362 [Listener at 0.0.0.0/41371] INFO  ha.OMHANodeDetails (ConfUtils.java:setNodeSpecificConfigs(97)) - Setting configuration key ozone.om.https-address with value of key ozone.om.https-address.omServiceId1.omNode-1: 127.0.0.1:40741
2022-10-13 20:19:30,362 [Listener at 0.0.0.0/41371] INFO  ha.OMHANodeDetails (ConfUtils.java:setNodeSpecificConfigs(97)) - Setting configuration key ozone.om.address with value of key ozone.om.address.omServiceId1.omNode-1: 127.0.0.1:36285
2022-10-13 20:19:30,362 [Listener at 0.0.0.0/41371] WARN  server.ServerUtils (ServerUtils.java:getDBPath(225)) - ozone.om.db.dirs is not configured. We recommend adding this setting. Falling back to ozone.metadata.dirs instead.
2022-10-13 20:19:30,366 [Listener at 0.0.0.0/41371] INFO  ha.SCMNodeInfo (SCMNodeInfo.java:getPort(197)) - ConfigKey ozone.scm.client.address is deprecated, For configuring different ports for each SCM use PortConfigKey ozone.scm.client.port appended with serviceId and nodeId
2022-10-13 20:19:30,367 [Listener at 0.0.0.0/41371] INFO  ha.SCMNodeInfo (SCMNodeInfo.java:getPort(197)) - ConfigKey ozone.scm.block.client.address is deprecated, For configuring different ports for each SCM use PortConfigKey ozone.scm.block.client.port appended with serviceId and nodeId
2022-10-13 20:19:30,367 [Listener at 0.0.0.0/41371] INFO  ha.SCMNodeInfo (SCMNodeInfo.java:getPort(197)) - ConfigKey ozone.scm.datanode.address is deprecated, For configuring different ports for each SCM use PortConfigKey ozone.scm.datanode.port appended with serviceId and nodeId
2022-10-13 20:19:30,367 [Listener at 0.0.0.0/41371] INFO  ha.SCMNodeInfo (SCMNodeInfo.java:getPort(197)) - ConfigKey ozone.scm.client.address is deprecated, For configuring different ports for each SCM use PortConfigKey ozone.scm.client.port appended with serviceId and nodeId
2022-10-13 20:19:30,367 [Listener at 0.0.0.0/41371] INFO  ha.SCMNodeInfo (SCMNodeInfo.java:getPort(197)) - ConfigKey ozone.scm.block.client.address is deprecated, For configuring different ports for each SCM use PortConfigKey ozone.scm.block.client.port appended with serviceId and nodeId
2022-10-13 20:19:30,367 [Listener at 0.0.0.0/41371] INFO  ha.SCMNodeInfo (SCMNodeInfo.java:getPort(197)) - ConfigKey ozone.scm.datanode.address is deprecated, For configuring different ports for each SCM use PortConfigKey ozone.scm.datanode.port appended with serviceId and nodeId
2022-10-13 20:19:30,367 [Listener at 0.0.0.0/41371] INFO  ha.SCMNodeInfo (SCMNodeInfo.java:getPort(197)) - ConfigKey ozone.scm.client.address is deprecated, For configuring different ports for each SCM use PortConfigKey ozone.scm.client.port appended with serviceId and nodeId
2022-10-13 20:19:30,367 [Listener at 0.0.0.0/41371] INFO  ha.SCMNodeInfo (SCMNodeInfo.java:getPort(197)) - ConfigKey ozone.scm.block.client.address is deprecated, For configuring different ports for each SCM use PortConfigKey ozone.scm.block.client.port appended with serviceId and nodeId
2022-10-13 20:19:30,367 [Listener at 0.0.0.0/41371] INFO  ha.SCMNodeInfo (SCMNodeInfo.java:getPort(197)) - ConfigKey ozone.scm.datanode.address is deprecated, For configuring different ports for each SCM use PortConfigKey ozone.scm.datanode.port appended with serviceId and nodeId
2022-10-13 20:19:30,367 [Listener at 0.0.0.0/41371] INFO  proxy.SCMBlockLocationFailoverProxyProvider (SCMBlockLocationFailoverProxyProvider.java:<init>(114)) - Created block location fail-over proxy with 3 nodes: [nodeId=scmNode-2,nodeAddress=/127.0.0.1:39575, nodeId=scmNode-3,nodeAddress=/127.0.0.1:42331, nodeId=scmNode-1,nodeAddress=/127.0.0.1:34209]
OM initialization succeeded.Current cluster id for sd=/home/runner/work/ozone/ozone/hadoop-ozone/integration-test/target/test-dir/MiniOzoneClusterImpl-0c33195c-4715-4e74-9207-018c6aa32671/omNode-1/om;cid=0c33195c-4715-4e74-9207-018c6aa32671;layoutVersion=3
2022-10-13 20:19:30,380 [Listener at 0.0.0.0/41371] INFO  ha.OMHANodeDetails (OMHANodeDetails.java:loadOMHAConfig(121)) - ServiceID for OzoneManager is omServiceId1
2022-10-13 20:19:30,381 [Listener at 0.0.0.0/41371] INFO  ha.OMHANodeDetails (OMHANodeDetails.java:loadOMHAConfig(201)) - Found matching OM address with OMServiceId: omServiceId1, OMNodeId: omNode-1, RPC Address: localhost:36285 and Ratis port: 34613
2022-10-13 20:19:30,381 [Listener at 0.0.0.0/41371] INFO  ha.OMHANodeDetails (ConfUtils.java:setNodeSpecificConfigs(97)) - Setting configuration key ozone.om.http-address with value of key ozone.om.http-address.omServiceId1.omNode-1: 127.0.0.1:33639
2022-10-13 20:19:30,381 [Listener at 0.0.0.0/41371] INFO  ha.OMHANodeDetails (ConfUtils.java:setNodeSpecificConfigs(97)) - Setting configuration key ozone.om.https-address with value of key ozone.om.https-address.omServiceId1.omNode-1: 127.0.0.1:40741
2022-10-13 20:19:30,381 [Listener at 0.0.0.0/41371] INFO  ha.OMHANodeDetails (ConfUtils.java:setNodeSpecificConfigs(97)) - Setting configuration key ozone.om.address with value of key ozone.om.address.omServiceId1.omNode-1: 127.0.0.1:36285
2022-10-13 20:19:30,384 [Listener at 0.0.0.0/41371] WARN  server.ServerUtils (ServerUtils.java:getDBPath(225)) - ozone.om.db.dirs is not configured. We recommend adding this setting. Falling back to ozone.metadata.dirs instead.
2022-10-13 20:19:30,386 [Listener at 0.0.0.0/41371] INFO  upgrade.AbstractLayoutVersionManager (AbstractLayoutVersionManager.java:init(83)) - Initializing Layout version manager with metadata layout = MULTITENANCY_SCHEMA (version = 3), software layout = MULTITENANCY_SCHEMA (version = 3)
2022-10-13 20:19:30,503 [Listener at 0.0.0.0/41371] INFO  reflections.Reflections (Reflections.java:scan(232)) - Reflections took 111 ms to scan 2 urls, producing 154 keys and 428 values [using 2 cores]
2022-10-13 20:19:30,507 [Listener at 0.0.0.0/41371] INFO  upgrade.OMLayoutVersionManager (OMLayoutVersionManager.java:lambda$0(115)) - Skipping Upgrade Action MockOmUpgradeAction since it has been finalized.
2022-10-13 20:19:30,508 [Listener at 0.0.0.0/41371] WARN  server.ServerUtils (ServerUtils.java:getDBPath(225)) - ozone.om.db.dirs is not configured. We recommend adding this setting. Falling back to ozone.metadata.dirs instead.
2022-10-13 20:19:30,516 [Listener at 0.0.0.0/41371] INFO  ha.SCMNodeInfo (SCMNodeInfo.java:getPort(197)) - ConfigKey ozone.scm.client.address is deprecated, For configuring different ports for each SCM use PortConfigKey ozone.scm.client.port appended with serviceId and nodeId
2022-10-13 20:19:30,516 [Listener at 0.0.0.0/41371] INFO  ha.SCMNodeInfo (SCMNodeInfo.java:getPort(197)) - ConfigKey ozone.scm.block.client.address is deprecated, For configuring different ports for each SCM use PortConfigKey ozone.scm.block.client.port appended with serviceId and nodeId
2022-10-13 20:19:30,516 [Listener at 0.0.0.0/41371] INFO  ha.SCMNodeInfo (SCMNodeInfo.java:getPort(197)) - ConfigKey ozone.scm.datanode.address is deprecated, For configuring different ports for each SCM use PortConfigKey ozone.scm.datanode.port appended with serviceId and nodeId
2022-10-13 20:19:30,516 [Listener at 0.0.0.0/41371] INFO  ha.SCMNodeInfo (SCMNodeInfo.java:getPort(197)) - ConfigKey ozone.scm.client.address is deprecated, For configuring different ports for each SCM use PortConfigKey ozone.scm.client.port appended with serviceId and nodeId
2022-10-13 20:19:30,517 [Listener at 0.0.0.0/41371] INFO  ha.SCMNodeInfo (SCMNodeInfo.java:getPort(197)) - ConfigKey ozone.scm.block.client.address is deprecated, For configuring different ports for each SCM use PortConfigKey ozone.scm.block.client.port appended with serviceId and nodeId
2022-10-13 20:19:30,517 [Listener at 0.0.0.0/41371] INFO  ha.SCMNodeInfo (SCMNodeInfo.java:getPort(197)) - ConfigKey ozone.scm.datanode.address is deprecated, For configuring different ports for each SCM use PortConfigKey ozone.scm.datanode.port appended with serviceId and nodeId
2022-10-13 20:19:30,517 [Listener at 0.0.0.0/41371] INFO  ha.SCMNodeInfo (SCMNodeInfo.java:getPort(197)) - ConfigKey ozone.scm.client.address is deprecated, For configuring different ports for each SCM use PortConfigKey ozone.scm.client.port appended with serviceId and nodeId
2022-10-13 20:19:30,517 [Listener at 0.0.0.0/41371] INFO  ha.SCMNodeInfo (SCMNodeInfo.java:getPort(197)) - ConfigKey ozone.scm.block.client.address is deprecated, For configuring different ports for each SCM use PortConfigKey ozone.scm.block.client.port appended with serviceId and nodeId
2022-10-13 20:19:30,517 [Listener at 0.0.0.0/41371] INFO  ha.SCMNodeInfo (SCMNodeInfo.java:getPort(197)) - ConfigKey ozone.scm.datanode.address is deprecated, For configuring different ports for each SCM use PortConfigKey ozone.scm.datanode.port appended with serviceId and nodeId
2022-10-13 20:19:30,654 [Listener at 0.0.0.0/41371] INFO  ha.SCMNodeInfo (SCMNodeInfo.java:getPort(197)) - ConfigKey ozone.scm.client.address is deprecated, For configuring different ports for each SCM use PortConfigKey ozone.scm.client.port appended with serviceId and nodeId
2022-10-13 20:19:30,654 [Listener at 0.0.0.0/41371] INFO  ha.SCMNodeInfo (SCMNodeInfo.java:getPort(197)) - ConfigKey ozone.scm.block.client.address is deprecated, For configuring different ports for each SCM use PortConfigKey ozone.scm.block.client.port appended with serviceId and nodeId
2022-10-13 20:19:30,654 [Listener at 0.0.0.0/41371] INFO  ha.SCMNodeInfo (SCMNodeInfo.java:getPort(197)) - ConfigKey ozone.scm.datanode.address is deprecated, For configuring different ports for each SCM use PortConfigKey ozone.scm.datanode.port appended with serviceId and nodeId
2022-10-13 20:19:30,654 [Listener at 0.0.0.0/41371] INFO  ha.SCMNodeInfo (SCMNodeInfo.java:getPort(197)) - ConfigKey ozone.scm.client.address is deprecated, For configuring different ports for each SCM use PortConfigKey ozone.scm.client.port appended with serviceId and nodeId
2022-10-13 20:19:30,654 [Listener at 0.0.0.0/41371] INFO  ha.SCMNodeInfo (SCMNodeInfo.java:getPort(197)) - ConfigKey ozone.scm.block.client.address is deprecated, For configuring different ports for each SCM use PortConfigKey ozone.scm.block.client.port appended with serviceId and nodeId
2022-10-13 20:19:30,654 [Listener at 0.0.0.0/41371] INFO  ha.SCMNodeInfo (SCMNodeInfo.java:getPort(197)) - ConfigKey ozone.scm.datanode.address is deprecated, For configuring different ports for each SCM use PortConfigKey ozone.scm.datanode.port appended with serviceId and nodeId
2022-10-13 20:19:30,654 [Listener at 0.0.0.0/41371] INFO  ha.SCMNodeInfo (SCMNodeInfo.java:getPort(197)) - ConfigKey ozone.scm.client.address is deprecated, For configuring different ports for each SCM use PortConfigKey ozone.scm.client.port appended with serviceId and nodeId
2022-10-13 20:19:30,655 [Listener at 0.0.0.0/41371] INFO  ha.SCMNodeInfo (SCMNodeInfo.java:getPort(197)) - ConfigKey ozone.scm.block.client.address is deprecated, For configuring different ports for each SCM use PortConfigKey ozone.scm.block.client.port appended with serviceId and nodeId
2022-10-13 20:19:30,656 [Listener at 0.0.0.0/41371] INFO  ha.SCMNodeInfo (SCMNodeInfo.java:getPort(197)) - ConfigKey ozone.scm.datanode.address is deprecated, For configuring different ports for each SCM use PortConfigKey ozone.scm.datanode.port appended with serviceId and nodeId
2022-10-13 20:19:30,657 [Listener at 0.0.0.0/41371] INFO  proxy.SCMBlockLocationFailoverProxyProvider (SCMBlockLocationFailoverProxyProvider.java:<init>(114)) - Created block location fail-over proxy with 3 nodes: [nodeId=scmNode-2,nodeAddress=/127.0.0.1:39575, nodeId=scmNode-3,nodeAddress=/127.0.0.1:42331, nodeId=scmNode-1,nodeAddress=/127.0.0.1:34209]
2022-10-13 20:19:30,662 [Listener at 0.0.0.0/41371] INFO  ha.SCMNodeInfo (SCMNodeInfo.java:getPort(197)) - ConfigKey ozone.scm.client.address is deprecated, For configuring different ports for each SCM use PortConfigKey ozone.scm.client.port appended with serviceId and nodeId
2022-10-13 20:19:30,662 [Listener at 0.0.0.0/41371] INFO  ha.SCMNodeInfo (SCMNodeInfo.java:getPort(197)) - ConfigKey ozone.scm.block.client.address is deprecated, For configuring different ports for each SCM use PortConfigKey ozone.scm.block.client.port appended with serviceId and nodeId
2022-10-13 20:19:30,663 [Listener at 0.0.0.0/41371] INFO  ha.SCMNodeInfo (SCMNodeInfo.java:getPort(197)) - ConfigKey ozone.scm.datanode.address is deprecated, For configuring different ports for each SCM use PortConfigKey ozone.scm.datanode.port appended with serviceId and nodeId
2022-10-13 20:19:30,663 [Listener at 0.0.0.0/41371] INFO  ha.SCMNodeInfo (SCMNodeInfo.java:getPort(197)) - ConfigKey ozone.scm.client.address is deprecated, For configuring different ports for each SCM use PortConfigKey ozone.scm.client.port appended with serviceId and nodeId
2022-10-13 20:19:30,663 [Listener at 0.0.0.0/41371] INFO  ha.SCMNodeInfo (SCMNodeInfo.java:getPort(197)) - ConfigKey ozone.scm.block.client.address is deprecated, For configuring different ports for each SCM use PortConfigKey ozone.scm.block.client.port appended with serviceId and nodeId
2022-10-13 20:19:30,663 [Listener at 0.0.0.0/41371] INFO  ha.SCMNodeInfo (SCMNodeInfo.java:getPort(197)) - ConfigKey ozone.scm.datanode.address is deprecated, For configuring different ports for each SCM use PortConfigKey ozone.scm.datanode.port appended with serviceId and nodeId
2022-10-13 20:19:30,663 [Listener at 0.0.0.0/41371] INFO  ha.SCMNodeInfo (SCMNodeInfo.java:getPort(197)) - ConfigKey ozone.scm.client.address is deprecated, For configuring different ports for each SCM use PortConfigKey ozone.scm.client.port appended with serviceId and nodeId
2022-10-13 20:19:30,663 [Listener at 0.0.0.0/41371] INFO  ha.SCMNodeInfo (SCMNodeInfo.java:getPort(197)) - ConfigKey ozone.scm.block.client.address is deprecated, For configuring different ports for each SCM use PortConfigKey ozone.scm.block.client.port appended with serviceId and nodeId
2022-10-13 20:19:30,663 [Listener at 0.0.0.0/41371] INFO  ha.SCMNodeInfo (SCMNodeInfo.java:getPort(197)) - ConfigKey ozone.scm.datanode.address is deprecated, For configuring different ports for each SCM use PortConfigKey ozone.scm.datanode.port appended with serviceId and nodeId
2022-10-13 20:19:30,663 [Listener at 0.0.0.0/41371] INFO  proxy.SCMBlockLocationFailoverProxyProvider (SCMBlockLocationFailoverProxyProvider.java:<init>(114)) - Created block location fail-over proxy with 3 nodes: [nodeId=scmNode-2,nodeAddress=/127.0.0.1:39575, nodeId=scmNode-3,nodeAddress=/127.0.0.1:42331, nodeId=scmNode-1,nodeAddress=/127.0.0.1:34209]
2022-10-13 20:19:30,688 [Listener at 0.0.0.0/41371] WARN  server.ServerUtils (ServerUtils.java:getDBPath(225)) - ozone.om.db.dirs is not configured. We recommend adding this setting. Falling back to ozone.metadata.dirs instead.
2022-10-13 20:19:30,696 [Listener at 0.0.0.0/41371] INFO  codec.OmKeyInfoCodec (OmKeyInfoCodec.java:<init>(49)) - OmKeyInfoCodec ignorePipeline = true
2022-10-13 20:19:30,697 [Listener at 0.0.0.0/41371] INFO  codec.RepeatedOmKeyInfoCodec (RepeatedOmKeyInfoCodec.java:<init>(41)) - RepeatedOmKeyInfoCodec ignorePipeline = true
2022-10-13 20:19:30,885 [Listener at 0.0.0.0/41371] INFO  om.OzoneManager (OzoneManager.java:instantiateServices(712)) - S3 Multi-Tenancy is disabled
2022-10-13 20:19:30,966 [Listener at 0.0.0.0/41371] INFO  om.OzoneManager (OzoneManager.java:addS3GVolumeToDB(4386)) - Created Volume s3v With Owner runner required for S3Gateway operations.
2022-10-13 20:19:31,020 [Listener at 0.0.0.0/41371] WARN  server.ServerUtils (ServerUtils.java:getDefaultRatisDirectory(237)) - Storage directory for Ratis is not configured. It is a good idea to map this to an SSD disk. Falling back to ozone.metadata.dirs
2022-10-13 20:19:31,021 [Listener at 0.0.0.0/41371] WARN  utils.OzoneManagerRatisUtils (OzoneManagerRatisUtils.java:getOMRatisSnapshotDirectory(434)) - ozone.om.ratis.snapshot.dir is not configured. Falling back to ozone.metadata.dirs config
2022-10-13 20:19:31,026 [Listener at 0.0.0.0/41371] INFO  snapshot.OzoneManagerSnapshotProvider (OzoneManagerSnapshotProvider.java:<init>(76)) - Initializing OM Snapshot Provider
2022-10-13 20:19:31,508 [Listener at 0.0.0.0/41371] WARN  impl.MetricRegistriesImpl (MetricRegistriesImpl.java:addReporterRegistration(111)) - New reporters are added after registries were created. Some metrics will be missing from the reporter. Please add reporter before adding any new registry.
2022-10-13 20:19:31,508 [Listener at 0.0.0.0/41371] WARN  impl.MetricRegistriesImpl (MetricRegistriesImpl.java:addReporterRegistration(111)) - New reporters are added after registries were created. Some metrics will be missing from the reporter. Please add reporter before adding any new registry.
2022-10-13 20:19:31,509 [Listener at 0.0.0.0/41371] WARN  server.ServerUtils (ServerUtils.java:getDefaultRatisDirectory(237)) - Storage directory for Ratis is not configured. It is a good idea to map this to an SSD disk. Falling back to ozone.metadata.dirs
2022-10-13 20:19:31,512 [Listener at 0.0.0.0/41371] INFO  ratis.OzoneManagerRatisServer (OzoneManagerRatisServer.java:<init>(160)) - Instantiating OM Ratis server with groupID: omServiceId1 and peers: localhost:34613, localhost:35315, localhost:38941
2022-10-13 20:19:31,515 [Listener at 0.0.0.0/41371] INFO  ratis.OzoneManagerStateMachine (OzoneManagerStateMachine.java:loadSnapshotInfoFromDB(632)) - LastAppliedIndex is set from TransactionInfo from OM DB as (t:0, i:~)
2022-10-13 20:19:31,546 [Listener at 0.0.0.0/41371] INFO  server.RaftServer (ConfUtils.java:logGet(46)) - raft.rpc.type = GRPC (default)
2022-10-13 20:19:31,547 [Listener at 0.0.0.0/41371] INFO  grpc.GrpcFactory (GrpcFactory.java:checkPooledByteBufAllocatorUseCacheForAllThreads(48)) - PERFORMANCE WARNING: useCacheForAllThreads is true that may cause Netty to create a lot garbage objects and, as a result, trigger GC.
	It is recommended to disable useCacheForAllThreads by setting -Dorg.apache.ratis.thirdparty.io.netty.allocator.useCacheForAllThreads=false in command line.
2022-10-13 20:19:31,547 [Listener at 0.0.0.0/41371] INFO  grpc.GrpcConfigKeys (ConfUtils.java:logGet(46)) - raft.grpc.admin.port = -1 (default)
2022-10-13 20:19:31,547 [Listener at 0.0.0.0/41371] INFO  grpc.GrpcConfigKeys (ConfUtils.java:logGet(46)) - raft.grpc.server.port = 34613 (custom)
2022-10-13 20:19:31,547 [Listener at 0.0.0.0/41371] INFO  grpc.GrpcConfigKeys (ConfUtils.java:logGet(46)) - raft.grpc.client.port = -1 (default)
2022-10-13 20:19:31,547 [Listener at 0.0.0.0/41371] INFO  grpc.GrpcConfigKeys (ConfUtils.java:logGet(46)) - raft.grpc.server.port = 34613 (custom)
2022-10-13 20:19:31,547 [Listener at 0.0.0.0/41371] INFO  grpc.GrpcConfigKeys (ConfUtils.java:logGet(46)) - raft.grpc.server.port = 34613 (custom)
2022-10-13 20:19:31,548 [Listener at 0.0.0.0/41371] INFO  server.GrpcService (ConfUtils.java:logGet(46)) - raft.grpc.message.size.max = 33554432 (custom)
2022-10-13 20:19:31,548 [Listener at 0.0.0.0/41371] INFO  server.RaftServerConfigKeys (ConfUtils.java:logGet(46)) - raft.server.log.appender.buffer.byte-limit = 33554432 (custom)
2022-10-13 20:19:31,548 [Listener at 0.0.0.0/41371] INFO  server.GrpcService (ConfUtils.java:logGet(46)) - raft.grpc.flow.control.window = 1MB (=1048576) (default)
2022-10-13 20:19:31,548 [Listener at 0.0.0.0/41371] INFO  server.RaftServerConfigKeys (ConfUtils.java:logGet(46)) - raft.server.rpc.request.timeout = 3000ms (default)
2022-10-13 20:19:31,548 [Listener at 0.0.0.0/41371] INFO  grpc.GrpcConfigKeys (ConfUtils.java:logGet(46)) - raft.grpc.server.async.request.thread.pool.cached = true (default)
2022-10-13 20:19:31,548 [Listener at 0.0.0.0/41371] INFO  grpc.GrpcConfigKeys (ConfUtils.java:logGet(46)) - raft.grpc.server.async.request.thread.pool.size = 32 (default)
2022-10-13 20:19:31,549 [Listener at 0.0.0.0/41371] INFO  impl.DataStreamServerImpl (ConfUtils.java:logGet(46)) - raft.datastream.type = DISABLED (default)
2022-10-13 20:19:31,550 [Listener at 0.0.0.0/41371] INFO  server.RaftServerConfigKeys (ConfUtils.java:logGet(46)) - raft.server.threadpool.proxy.cached = true (default)
2022-10-13 20:19:31,550 [Listener at 0.0.0.0/41371] INFO  server.RaftServerConfigKeys (ConfUtils.java:logGet(46)) - raft.server.threadpool.proxy.size = 0 (default)
2022-10-13 20:19:31,550 [Listener at 0.0.0.0/41371] INFO  server.RaftServerConfigKeys (ConfUtils.java:logGet(46)) - raft.server.rpc.slowness.timeout = 2s (custom)
2022-10-13 20:19:31,550 [Listener at 0.0.0.0/41371] INFO  server.RaftServerConfigKeys (ConfUtils.java:logGet(46)) - raft.server.leaderelection.leader.step-down.wait-time = 10s (default)
2022-10-13 20:19:31,550 [Listener at 0.0.0.0/41371] INFO  server.RaftServerConfigKeys (ConfUtils.java:logGet(46)) - raft.server.storage.dir = [/home/runner/work/ozone/ozone/hadoop-ozone/integration-test/target/test-dir/MiniOzoneClusterImpl-0c33195c-4715-4e74-9207-018c6aa32671/omNode-1/ratis] (custom)
2022-10-13 20:19:31,551 [Listener at 0.0.0.0/41371] INFO  server.RaftServer (RaftServerProxy.java:addNew(96)) - omNode-1: addNew group-6C22E66A003A:[omNode-3|rpc:localhost:35315|priority:0, omNode-1|rpc:localhost:34613|priority:0, omNode-2|rpc:localhost:38941|priority:0] returns group-6C22E66A003A:java.util.concurrent.CompletableFuture@2c7a39a[Not completed]
2022-10-13 20:19:31,551 [Listener at 0.0.0.0/41371] INFO  om.OzoneManager (OzoneManager.java:initializeRatisServer(1976)) - OzoneManager Ratis server initialized at port 34613
2022-10-13 20:19:31,559 [pool-124-thread-1] INFO  server.RaftServer$Division (RaftServerImpl.java:<init>(190)) - omNode-1: new RaftServerImpl for group-6C22E66A003A:[omNode-3|rpc:localhost:35315|priority:0, omNode-1|rpc:localhost:34613|priority:0, omNode-2|rpc:localhost:38941|priority:0] with OzoneManagerStateMachine:uninitialized
2022-10-13 20:19:31,559 [pool-124-thread-1] INFO  server.RaftServerConfigKeys (ConfUtils.java:logGet(46)) - raft.server.rpc.timeout.min = 1s (custom)
2022-10-13 20:19:31,559 [pool-124-thread-1] INFO  server.RaftServerConfigKeys (ConfUtils.java:logGet(46)) - raft.server.rpc.timeout.max = 1200ms (custom)
2022-10-13 20:19:31,560 [pool-124-thread-1] INFO  server.RaftServerConfigKeys (ConfUtils.java:logGet(46)) - raft.server.rpc.sleep.time = 25ms (default)
2022-10-13 20:19:31,561 [Listener at 0.0.0.0/41371] INFO  om.OzoneManager (OzoneManager.java:getRpcServer(1102)) - Creating RPC Server
2022-10-13 20:19:31,562 [pool-124-thread-1] INFO  server.RaftServerConfigKeys (ConfUtils.java:logGet(46)) - raft.server.rpc.slowness.timeout = 2s (custom)
2022-10-13 20:19:31,562 [pool-124-thread-1] INFO  server.RaftServerConfigKeys (ConfUtils.java:logGet(46)) - raft.server.leaderelection.leader.step-down.wait-time = 10s (default)
2022-10-13 20:19:31,562 [pool-124-thread-1] INFO  server.RaftServerConfigKeys (ConfUtils.java:logGet(46)) - raft.server.sleep.deviation.threshold = 300ms (default)
2022-10-13 20:19:31,562 [pool-124-thread-1] INFO  server.RaftServer$Division (ServerState.java:<init>(107)) - omNode-1@group-6C22E66A003A: ConfigurationManager, init=-1: [omNode-3|rpc:localhost:35315|priority:0, omNode-1|rpc:localhost:34613|priority:0, omNode-2|rpc:localhost:38941|priority:0], old=null, confs=<EMPTY_MAP>
2022-10-13 20:19:31,562 [pool-124-thread-1] INFO  server.RaftServerConfigKeys (ConfUtils.java:logGet(46)) - raft.server.storage.dir = [/home/runner/work/ozone/ozone/hadoop-ozone/integration-test/target/test-dir/MiniOzoneClusterImpl-0c33195c-4715-4e74-9207-018c6aa32671/omNode-1/ratis] (custom)
2022-10-13 20:19:31,563 [pool-124-thread-1] INFO  server.RaftServerConfigKeys (ConfUtils.java:logGet(46)) - raft.server.log.corruption.policy = EXCEPTION (default)
2022-10-13 20:19:31,563 [pool-124-thread-1] INFO  server.RaftServerConfigKeys (ConfUtils.java:logGet(46)) - raft.server.storage.free-space.min = 0MB (=0) (default)
2022-10-13 20:19:31,563 [pool-124-thread-1] INFO  storage.RaftStorageDirectory (RaftStorageDirectoryImpl.java:analyzeStorage(135)) - The storage directory /home/runner/work/ozone/ozone/hadoop-ozone/integration-test/target/test-dir/MiniOzoneClusterImpl-0c33195c-4715-4e74-9207-018c6aa32671/omNode-1/ratis/9c9825ce-8ba7-3ee6-a7c3-6c22e66a003a does not exist. Creating ...
2022-10-13 20:19:31,568 [pool-124-thread-1] INFO  storage.RaftStorageDirectory (RaftStorageDirectoryImpl.java:tryLock(230)) - Lock on /home/runner/work/ozone/ozone/hadoop-ozone/integration-test/target/test-dir/MiniOzoneClusterImpl-0c33195c-4715-4e74-9207-018c6aa32671/omNode-1/ratis/9c9825ce-8ba7-3ee6-a7c3-6c22e66a003a/in_use.lock acquired by nodename 2881@fv-az186-171
2022-10-13 20:19:31,570 [pool-124-thread-1] INFO  storage.RaftStorage (RaftStorageImpl.java:format(89)) - Storage directory /home/runner/work/ozone/ozone/hadoop-ozone/integration-test/target/test-dir/MiniOzoneClusterImpl-0c33195c-4715-4e74-9207-018c6aa32671/omNode-1/ratis/9c9825ce-8ba7-3ee6-a7c3-6c22e66a003a has been successfully formatted.
2022-10-13 20:19:31,571 [pool-124-thread-1] INFO  server.RaftServerConfigKeys (ConfUtils.java:logGet(46)) - raft.server.notification.no-leader.timeout = 2s (custom)
2022-10-13 20:19:31,571 [pool-124-thread-1] INFO  server.RaftServerConfigKeys (ConfUtils.java:logGet(46)) - raft.server.log.use.memory = false (default)
2022-10-13 20:19:31,571 [pool-124-thread-1] INFO  server.RaftServerConfigKeys (ConfUtils.java:logGet(46)) - raft.server.log.purge.gap = 1000000 (custom)
2022-10-13 20:19:31,572 [pool-124-thread-1] INFO  server.RaftServerConfigKeys (ConfUtils.java:logGet(46)) - raft.server.log.appender.buffer.byte-limit = 33554432 (custom)
2022-10-13 20:19:31,572 [pool-124-thread-1] INFO  server.RaftServerConfigKeys (ConfUtils.java:logGet(46)) - raft.server.log.statemachine.data.read.timeout = 1000ms (default)
2022-10-13 20:19:31,572 [pool-124-thread-1] INFO  server.RaftServerConfigKeys (ConfUtils.java:logGet(46)) - raft.server.log.segment.size.max = 4194304 (custom)
2022-10-13 20:19:31,574 [pool-124-thread-1] INFO  server.RaftServerConfigKeys (ConfUtils.java:logGet(46)) - raft.server.log.segment.cache.num.max = 2 (custom)
2022-10-13 20:19:31,575 [pool-124-thread-1] INFO  server.RaftServerConfigKeys (ConfUtils.java:logGet(46)) - raft.server.log.segment.cache.size.max = 200MB (=209715200) (default)
2022-10-13 20:19:31,575 [pool-124-thread-1] INFO  segmented.SegmentedRaftLogWorker (SegmentedRaftLogWorker.java:<init>(187)) - new omNode-1@group-6C22E66A003A-SegmentedRaftLogWorker for RaftStorageImpl:Storage Directory /home/runner/work/ozone/ozone/hadoop-ozone/integration-test/target/test-dir/MiniOzoneClusterImpl-0c33195c-4715-4e74-9207-018c6aa32671/omNode-1/ratis/9c9825ce-8ba7-3ee6-a7c3-6c22e66a003a
2022-10-13 20:19:31,575 [pool-124-thread-1] INFO  server.RaftServerConfigKeys (ConfUtils.java:logGet(46)) - raft.server.log.queue.byte-limit = 64MB (=67108864) (default)
2022-10-13 20:19:31,575 [pool-124-thread-1] INFO  server.RaftServerConfigKeys (ConfUtils.java:logGet(46)) - raft.server.log.queue.element-limit = 4096 (default)
2022-10-13 20:19:31,575 [pool-124-thread-1] INFO  server.RaftServerConfigKeys (ConfUtils.java:logGet(46)) - raft.server.log.segment.size.max = 4194304 (custom)
2022-10-13 20:19:31,575 [pool-124-thread-1] INFO  server.RaftServerConfigKeys (ConfUtils.java:logGet(46)) - raft.server.log.preallocated.size = 4194304 (custom)
2022-10-13 20:19:31,575 [pool-124-thread-1] INFO  server.RaftServerConfigKeys (ConfUtils.java:logGet(46)) - raft.server.log.force.sync.num = 128 (default)
2022-10-13 20:19:31,575 [pool-124-thread-1] INFO  server.RaftServerConfigKeys (ConfUtils.java:logGet(46)) - raft.server.log.statemachine.data.sync = true (default)
2022-10-13 20:19:31,575 [pool-124-thread-1] INFO  server.RaftServerConfigKeys (ConfUtils.java:logGet(46)) - raft.server.log.statemachine.data.sync.timeout = 10s (default)
2022-10-13 20:19:31,575 [pool-124-thread-1] INFO  server.RaftServerConfigKeys (ConfUtils.java:logGet(46)) - raft.server.log.statemachine.data.sync.timeout.retry = -1 (default)
2022-10-13 20:19:31,579 [pool-124-thread-1] INFO  server.RaftServerConfigKeys (ConfUtils.java:logGet(46)) - raft.server.log.write.buffer.size = 64KB (=65536) (default)
2022-10-13 20:19:31,579 [pool-124-thread-1] INFO  server.RaftServerConfigKeys (ConfUtils.java:logGet(46)) - raft.server.log.unsafe-flush.enabled = false (default)
2022-10-13 20:19:31,580 [pool-124-thread-1] INFO  server.RaftServerConfigKeys (ConfUtils.java:logGet(46)) - raft.server.log.statemachine.data.caching.enabled = false (default)
2022-10-13 20:19:31,586 [pool-124-thread-1] INFO  segmented.SegmentedRaftLogWorker (SegmentedRaftLogWorker.java:lambda$new$0(135)) - omNode-1@group-6C22E66A003A-SegmentedRaftLogWorker: flushIndex: setUnconditionally 0 -> -1
2022-10-13 20:19:31,586 [pool-124-thread-1] INFO  segmented.SegmentedRaftLogWorker (SegmentedRaftLogWorker.java:lambda$new$0(135)) - omNode-1@group-6C22E66A003A-SegmentedRaftLogWorker: safeCacheEvictIndex: setUnconditionally 0 -> -1
2022-10-13 20:19:31,597 [pool-124-thread-1] INFO  server.RaftServerConfigKeys (ConfUtils.java:logGet(46)) - raft.server.snapshot.auto.trigger.enabled = true (custom)
2022-10-13 20:19:31,597 [pool-124-thread-1] INFO  server.RaftServerConfigKeys (ConfUtils.java:logGet(46)) - raft.server.snapshot.auto.trigger.threshold = 400000 (default)
2022-10-13 20:19:31,597 [pool-124-thread-1] INFO  server.RaftServerConfigKeys (ConfUtils.java:logGet(46)) - raft.server.snapshot.retention.file.num = -1 (default)
2022-10-13 20:19:31,597 [pool-124-thread-1] INFO  server.RaftServerConfigKeys (ConfUtils.java:logGet(46)) - raft.server.log.purge.upto.snapshot.index = true (custom)
2022-10-13 20:19:31,597 [pool-124-thread-1] INFO  server.RaftServerConfigKeys (ConfUtils.java:logGet(46)) - raft.server.retrycache.expirytime = 300s (custom)
2022-10-13 20:19:31,597 [pool-124-thread-1] INFO  server.RaftServerConfigKeys (ConfUtils.java:logGet(46)) - raft.server.retrycache.statistics.expirytime = 100μs (default)
2022-10-13 20:19:31,599 [pool-124-thread-1] INFO  server.RaftServerConfigKeys (ConfUtils.java:logGet(46)) - raft.server.log.appender.install.snapshot.enabled = false (custom)
2022-10-13 20:19:31,599 [pool-124-thread-1] INFO  server.RaftServerConfigKeys (ConfUtils.java:logGet(46)) - raft.server.threadpool.server.cached = true (default)
2022-10-13 20:19:31,599 [pool-124-thread-1] INFO  server.RaftServerConfigKeys (ConfUtils.java:logGet(46)) - raft.server.threadpool.server.size = 0 (default)
2022-10-13 20:19:31,599 [pool-124-thread-1] INFO  server.RaftServerConfigKeys (ConfUtils.java:logGet(46)) - raft.server.threadpool.client.cached = true (default)
2022-10-13 20:19:31,599 [pool-124-thread-1] INFO  server.RaftServerConfigKeys (ConfUtils.java:logGet(46)) - raft.server.threadpool.client.size = 0 (default)
2022-10-13 20:19:32,140 [Listener at 0.0.0.0/41371] INFO  reflections.Reflections (Reflections.java:scan(232)) - Reflections took 543 ms to scan 19 urls, producing 67 keys and 4232 values [using 2 cores]
2022-10-13 20:19:32,306 [Listener at 0.0.0.0/41371] INFO  ipc.CallQueueManager (CallQueueManager.java:<init>(90)) - Using callQueue: class java.util.concurrent.LinkedBlockingQueue, queueCapacity: 2000, scheduler: class org.apache.hadoop.ipc.DefaultRpcScheduler, ipcBackoff: false.
2022-10-13 20:19:32,307 [Socket Reader #1 for port 36285] INFO  ipc.Server (Server.java:run(1273)) - Starting Socket Reader #1 for port 36285
2022-10-13 20:19:32,338 [Listener at 127.0.0.1/36285] INFO  impl.MetricsSystemImpl (MetricsSystemImpl.java:init(158)) - OzoneManager metrics system started (again)
2022-10-13 20:19:32,351 [Listener at 127.0.0.1/36285] INFO  om.OzoneManager (OzoneManager.java:start(1483)) - OzoneManager RPC server is listening at localhost/127.0.0.1:36285
2022-10-13 20:19:32,351 [Listener at 127.0.0.1/36285] INFO  ratis.OzoneManagerRatisServer (OzoneManagerRatisServer.java:start(555)) - Starting OzoneManagerRatisServer omNode-1 at port 34613
2022-10-13 20:19:32,351 [omNode-1-impl-thread1] INFO  server.RaftServer$Division (RaftServerImpl.java:start(310)) - omNode-1@group-6C22E66A003A: start as a follower, conf=-1: [omNode-3|rpc:localhost:35315|priority:0, omNode-1|rpc:localhost:34613|priority:0, omNode-2|rpc:localhost:38941|priority:0], old=null
2022-10-13 20:19:32,351 [omNode-1-impl-thread1] INFO  server.RaftServer$Division (RaftServerImpl.java:setRole(299)) - omNode-1@group-6C22E66A003A: changes role from      null to FOLLOWER at term 0 for startAsFollower
2022-10-13 20:19:32,351 [omNode-1-impl-thread1] INFO  impl.RoleInfo (RoleInfo.java:updateAndGet(139)) - omNode-1: start omNode-1@group-6C22E66A003A-FollowerState
2022-10-13 20:19:32,352 [omNode-1-impl-thread1] INFO  util.JmxRegister (JmxRegister.java:tryRegister(44)) - Successfully registered JMX Bean with object name Ratis:service=RaftServer,group=group-6C22E66A003A,id=omNode-1
2022-10-13 20:19:32,354 [Listener at 127.0.0.1/36285] INFO  server.RaftServer (RaftServerProxy.java:lambda$start$6(382)) - omNode-1: start RPC server
2022-10-13 20:19:32,356 [Listener at 127.0.0.1/36285] INFO  server.GrpcService (GrpcService.java:startImpl(260)) - omNode-1: GrpcService started, listening on 34613
2022-10-13 20:19:32,359 [Listener at 127.0.0.1/36285] INFO  om.OzoneManager (OzoneManager.java:start(1499)) - Version File has different layout version (3) than OM DB (null). That is expected if this OM has never been finalized to a newer layout version.
2022-10-13 20:19:32,361 [org.apache.ratis.util.JvmPauseMonitor$$Lambda$519/1431033796@24ad5a5d] INFO  util.JvmPauseMonitor (JvmPauseMonitor.java:run(103)) - JvmPauseMonitor-omNode-1: Started
2022-10-13 20:19:32,377 [Listener at 127.0.0.1/36285] INFO  http.BaseHttpServer (BaseHttpServer.java:newHttpServer2BuilderForOzone(213)) - Starting Web-server for ozoneManager at: http://0.0.0.0:33639
2022-10-13 20:19:32,377 [Listener at 127.0.0.1/36285] INFO  http.BaseHttpServer (BaseHttpServer.java:<init>(108)) - Hadoop Security Enabled: false Ozone Security Enabled: false Ozone HTTP Security Enabled: false 
2022-10-13 20:19:32,379 [Listener at 127.0.0.1/36285] WARN  server.AuthenticationFilter (AuthenticationFilter.java:constructSecretProvider(240)) - Unable to initialize FileSignerSecretProvider, falling back to use random secrets. Reason: Could not read signature secret file: /home/runner/hadoop-http-auth-signature-secret
2022-10-13 20:19:32,380 [Listener at 127.0.0.1/36285] WARN  http.HttpRequestLog (HttpRequestLog.java:getRequestLog(103)) - Jetty request log can only be enabled using Log4j
2022-10-13 20:19:32,382 [Listener at 127.0.0.1/36285] INFO  http.HttpServer2 (HttpServer2.java:addGlobalFilter(1031)) - Added global filter 'safety' (class=org.apache.hadoop.hdds.server.http.HttpServer2$QuotingInputFilter)
2022-10-13 20:19:32,383 [Listener at 127.0.0.1/36285] INFO  http.HttpServer2 (HttpServer2.java:addFilter(1007)) - Added filter static_user_filter (class=org.apache.hadoop.http.lib.StaticUserWebFilter$StaticUserFilter) to context ozoneManager
2022-10-13 20:19:32,383 [Listener at 127.0.0.1/36285] INFO  http.HttpServer2 (HttpServer2.java:addFilter(1015)) - Added filter static_user_filter (class=org.apache.hadoop.http.lib.StaticUserWebFilter$StaticUserFilter) to context static
2022-10-13 20:19:32,383 [Listener at 127.0.0.1/36285] INFO  http.HttpServer2 (HttpServer2.java:addFilter(1015)) - Added filter static_user_filter (class=org.apache.hadoop.http.lib.StaticUserWebFilter$StaticUserFilter) to context logs
2022-10-13 20:19:32,391 [Listener at 127.0.0.1/36285] INFO  http.HttpServer2 (HttpServer2.java:bindListener(1250)) - Jetty bound to port 33639
2022-10-13 20:19:32,391 [Listener at 127.0.0.1/36285] INFO  server.Server (Server.java:doStart(375)) - jetty-9.4.43.v20210629; built: 2021-06-30T11:07:22.254Z; git: 526006ecfa3af7f1a27ef3a288e2bef7ea9dd7e8; jvm 1.8.0_345-b01
2022-10-13 20:19:32,404 [Listener at 127.0.0.1/36285] INFO  server.session (DefaultSessionIdManager.java:doStart(334)) - DefaultSessionIdManager workerName=node0
2022-10-13 20:19:32,404 [Listener at 127.0.0.1/36285] INFO  server.session (DefaultSessionIdManager.java:doStart(339)) - No SessionScavenger set, using defaults
2022-10-13 20:19:32,404 [Listener at 127.0.0.1/36285] INFO  server.session (HouseKeeper.java:startScavenging(132)) - node0 Scavenging every 660000ms
2022-10-13 20:19:32,406 [Listener at 127.0.0.1/36285] INFO  handler.ContextHandler (ContextHandler.java:doStart(915)) - Started o.e.j.s.ServletContextHandler@9484cd2{logs,/logs,file:///home/runner/work/ozone/ozone/hadoop-ozone/integration-test/target/log,AVAILABLE}
2022-10-13 20:19:32,406 [Listener at 127.0.0.1/36285] INFO  handler.ContextHandler (ContextHandler.java:doStart(915)) - Started o.e.j.s.ServletContextHandler@29f2b4f{static,/static,file:///home/runner/work/ozone/ozone/hadoop-ozone/integration-test/target/test-classes/webapps/static,AVAILABLE}
2022-10-13 20:19:32,410 [Listener at 127.0.0.1/36285] INFO  handler.ContextHandler (ContextHandler.java:doStart(915)) - Started o.e.j.w.WebAppContext@5b8ce849{ozoneManager,/,file:///home/runner/work/ozone/ozone/hadoop-ozone/integration-test/target/test-classes/webapps/ozoneManager/,AVAILABLE}{file:/home/runner/work/ozone/ozone/hadoop-ozone/integration-test/target/test-classes/webapps/ozoneManager}
2022-10-13 20:19:32,414 [Listener at 127.0.0.1/36285] INFO  server.AbstractConnector (AbstractConnector.java:doStart(331)) - Started ServerConnector@7220f747{HTTP/1.1, (http/1.1)}{0.0.0.0:33639}
2022-10-13 20:19:32,414 [Listener at 127.0.0.1/36285] INFO  server.Server (Server.java:doStart(415)) - Started @20333ms
2022-10-13 20:19:32,414 [Listener at 127.0.0.1/36285] WARN  impl.MetricsSystemImpl (MetricsSystemImpl.java:register(279)) - Sink prometheus already exists!
2022-10-13 20:19:32,415 [Listener at 127.0.0.1/36285] INFO  http.BaseHttpServer (BaseHttpServer.java:updateConnectorAddress(333)) - HTTP server of ozoneManager listening at http://0.0.0.0:33639
2022-10-13 20:19:32,415 [IPC Server Responder] INFO  ipc.Server (Server.java:run(1512)) - IPC Server Responder: starting
2022-10-13 20:19:32,416 [IPC Server listener on 36285] INFO  ipc.Server (Server.java:run(1352)) - IPC Server listener on 36285: starting
2022-10-13 20:19:32,418 [Listener at 127.0.0.1/36285] INFO  om.OzoneManager (OzoneManager.java:startTrashEmptier(1920)) - Trash Interval set to 0. Files deleted won't move to trash
2022-10-13 20:19:32,419 [Listener at 127.0.0.1/36285] INFO  ozone.MiniOzoneHAClusterImpl (MiniOzoneHAClusterImpl.java:createOMService(527)) - Started OzoneManager omNode-1 RPC server at localhost/127.0.0.1:36285
2022-10-13 20:19:32,419 [Listener at 127.0.0.1/36285] INFO  ha.OMHANodeDetails (OMHANodeDetails.java:loadOMHAConfig(121)) - ServiceID for OzoneManager is omServiceId1
2022-10-13 20:19:32,420 [Listener at 127.0.0.1/36285] INFO  ha.OMHANodeDetails (OMHANodeDetails.java:loadOMHAConfig(201)) - Found matching OM address with OMServiceId: omServiceId1, OMNodeId: omNode-2, RPC Address: localhost:38225 and Ratis port: 38941
2022-10-13 20:19:32,420 [Listener at 127.0.0.1/36285] INFO  ha.OMHANodeDetails (ConfUtils.java:setNodeSpecificConfigs(97)) - Setting configuration key ozone.om.http-address with value of key ozone.om.http-address.omServiceId1.omNode-2: 127.0.0.1:43417
2022-10-13 20:19:32,420 [Listener at 127.0.0.1/36285] INFO  ha.OMHANodeDetails (ConfUtils.java:setNodeSpecificConfigs(97)) - Setting configuration key ozone.om.https-address with value of key ozone.om.https-address.omServiceId1.omNode-2: 127.0.0.1:37811
2022-10-13 20:19:32,420 [Listener at 127.0.0.1/36285] INFO  ha.OMHANodeDetails (ConfUtils.java:setNodeSpecificConfigs(97)) - Setting configuration key ozone.om.address with value of key ozone.om.address.omServiceId1.omNode-2: 127.0.0.1:38225
2022-10-13 20:19:32,420 [Listener at 127.0.0.1/36285] WARN  server.ServerUtils (ServerUtils.java:getDBPath(225)) - ozone.om.db.dirs is not configured. We recommend adding this setting. Falling back to ozone.metadata.dirs instead.
2022-10-13 20:19:32,421 [Listener at 127.0.0.1/36285] INFO  ha.SCMNodeInfo (SCMNodeInfo.java:getPort(197)) - ConfigKey ozone.scm.client.address is deprecated, For configuring different ports for each SCM use PortConfigKey ozone.scm.client.port appended with serviceId and nodeId
2022-10-13 20:19:32,421 [Listener at 127.0.0.1/36285] INFO  ha.SCMNodeInfo (SCMNodeInfo.java:getPort(197)) - ConfigKey ozone.scm.block.client.address is deprecated, For configuring different ports for each SCM use PortConfigKey ozone.scm.block.client.port appended with serviceId and nodeId
2022-10-13 20:19:32,422 [Listener at 127.0.0.1/36285] INFO  ha.SCMNodeInfo (SCMNodeInfo.java:getPort(197)) - ConfigKey ozone.scm.datanode.address is deprecated, For configuring different ports for each SCM use PortConfigKey ozone.scm.datanode.port appended with serviceId and nodeId
2022-10-13 20:19:32,422 [Listener at 127.0.0.1/36285] INFO  ha.SCMNodeInfo (SCMNodeInfo.java:getPort(197)) - ConfigKey ozone.scm.client.address is deprecated, For configuring different ports for each SCM use PortConfigKey ozone.scm.client.port appended with serviceId and nodeId
2022-10-13 20:19:32,422 [Listener at 127.0.0.1/36285] INFO  ha.SCMNodeInfo (SCMNodeInfo.java:getPort(197)) - ConfigKey ozone.scm.block.client.address is deprecated, For configuring different ports for each SCM use PortConfigKey ozone.scm.block.client.port appended with serviceId and nodeId
2022-10-13 20:19:32,422 [Listener at 127.0.0.1/36285] INFO  ha.SCMNodeInfo (SCMNodeInfo.java:getPort(197)) - ConfigKey ozone.scm.datanode.address is deprecated, For configuring different ports for each SCM use PortConfigKey ozone.scm.datanode.port appended with serviceId and nodeId
2022-10-13 20:19:32,422 [Listener at 127.0.0.1/36285] INFO  ha.SCMNodeInfo (SCMNodeInfo.java:getPort(197)) - ConfigKey ozone.scm.client.address is deprecated, For configuring different ports for each SCM use PortConfigKey ozone.scm.client.port appended with serviceId and nodeId
2022-10-13 20:19:32,422 [Listener at 127.0.0.1/36285] INFO  ha.SCMNodeInfo (SCMNodeInfo.java:getPort(197)) - ConfigKey ozone.scm.block.client.address is deprecated, For configuring different ports for each SCM use PortConfigKey ozone.scm.block.client.port appended with serviceId and nodeId
2022-10-13 20:19:32,422 [Listener at 127.0.0.1/36285] INFO  ha.SCMNodeInfo (SCMNodeInfo.java:getPort(197)) - ConfigKey ozone.scm.datanode.address is deprecated, For configuring different ports for each SCM use PortConfigKey ozone.scm.datanode.port appended with serviceId and nodeId
2022-10-13 20:19:32,422 [Listener at 127.0.0.1/36285] INFO  proxy.SCMBlockLocationFailoverProxyProvider (SCMBlockLocationFailoverProxyProvider.java:<init>(114)) - Created block location fail-over proxy with 3 nodes: [nodeId=scmNode-2,nodeAddress=/127.0.0.1:39575, nodeId=scmNode-3,nodeAddress=/127.0.0.1:42331, nodeId=scmNode-1,nodeAddress=/127.0.0.1:34209]
2022-10-13 20:19:32,434 [org.apache.hadoop.util.JvmPauseMonitor$Monitor@663d6859] INFO  util.JvmPauseMonitor (JvmPauseMonitor.java:run(188)) - Starting JVM pause monitor
OM initialization succeeded.Current cluster id for sd=/home/runner/work/ozone/ozone/hadoop-ozone/integration-test/target/test-dir/MiniOzoneClusterImpl-0c33195c-4715-4e74-9207-018c6aa32671/omNode-2/om;cid=0c33195c-4715-4e74-9207-018c6aa32671;layoutVersion=3
2022-10-13 20:19:32,443 [Listener at 127.0.0.1/36285] INFO  ha.OMHANodeDetails (OMHANodeDetails.java:loadOMHAConfig(121)) - ServiceID for OzoneManager is omServiceId1
2022-10-13 20:19:32,444 [Listener at 127.0.0.1/36285] INFO  ha.OMHANodeDetails (OMHANodeDetails.java:loadOMHAConfig(201)) - Found matching OM address with OMServiceId: omServiceId1, OMNodeId: omNode-2, RPC Address: localhost:38225 and Ratis port: 38941
2022-10-13 20:19:32,444 [Listener at 127.0.0.1/36285] INFO  ha.OMHANodeDetails (ConfUtils.java:setNodeSpecificConfigs(97)) - Setting configuration key ozone.om.http-address with value of key ozone.om.http-address.omServiceId1.omNode-2: 127.0.0.1:43417
2022-10-13 20:19:32,444 [Listener at 127.0.0.1/36285] INFO  ha.OMHANodeDetails (ConfUtils.java:setNodeSpecificConfigs(97)) - Setting configuration key ozone.om.https-address with value of key ozone.om.https-address.omServiceId1.omNode-2: 127.0.0.1:37811
2022-10-13 20:19:32,444 [Listener at 127.0.0.1/36285] INFO  ha.OMHANodeDetails (ConfUtils.java:setNodeSpecificConfigs(97)) - Setting configuration key ozone.om.address with value of key ozone.om.address.omServiceId1.omNode-2: 127.0.0.1:38225
2022-10-13 20:19:32,444 [Listener at 127.0.0.1/36285] WARN  server.ServerUtils (ServerUtils.java:getDBPath(225)) - ozone.om.db.dirs is not configured. We recommend adding this setting. Falling back to ozone.metadata.dirs instead.
2022-10-13 20:19:32,445 [Listener at 127.0.0.1/36285] INFO  upgrade.AbstractLayoutVersionManager (AbstractLayoutVersionManager.java:init(83)) - Initializing Layout version manager with metadata layout = MULTITENANCY_SCHEMA (version = 3), software layout = MULTITENANCY_SCHEMA (version = 3)
2022-10-13 20:19:32,532 [Listener at 127.0.0.1/36285] INFO  reflections.Reflections (Reflections.java:scan(232)) - Reflections took 85 ms to scan 2 urls, producing 154 keys and 428 values [using 2 cores]
2022-10-13 20:19:32,532 [Listener at 127.0.0.1/36285] INFO  upgrade.OMLayoutVersionManager (OMLayoutVersionManager.java:lambda$0(115)) - Skipping Upgrade Action MockOmUpgradeAction since it has been finalized.
2022-10-13 20:19:32,532 [Listener at 127.0.0.1/36285] WARN  server.ServerUtils (ServerUtils.java:getDBPath(225)) - ozone.om.db.dirs is not configured. We recommend adding this setting. Falling back to ozone.metadata.dirs instead.
2022-10-13 20:19:32,533 [Listener at 127.0.0.1/36285] INFO  ha.SCMNodeInfo (SCMNodeInfo.java:getPort(197)) - ConfigKey ozone.scm.client.address is deprecated, For configuring different ports for each SCM use PortConfigKey ozone.scm.client.port appended with serviceId and nodeId
2022-10-13 20:19:32,533 [Listener at 127.0.0.1/36285] INFO  ha.SCMNodeInfo (SCMNodeInfo.java:getPort(197)) - ConfigKey ozone.scm.block.client.address is deprecated, For configuring different ports for each SCM use PortConfigKey ozone.scm.block.client.port appended with serviceId and nodeId
2022-10-13 20:19:32,533 [Listener at 127.0.0.1/36285] INFO  ha.SCMNodeInfo (SCMNodeInfo.java:getPort(197)) - ConfigKey ozone.scm.datanode.address is deprecated, For configuring different ports for each SCM use PortConfigKey ozone.scm.datanode.port appended with serviceId and nodeId
2022-10-13 20:19:32,533 [Listener at 127.0.0.1/36285] INFO  ha.SCMNodeInfo (SCMNodeInfo.java:getPort(197)) - ConfigKey ozone.scm.client.address is deprecated, For configuring different ports for each SCM use PortConfigKey ozone.scm.client.port appended with serviceId and nodeId
2022-10-13 20:19:32,533 [Listener at 127.0.0.1/36285] INFO  ha.SCMNodeInfo (SCMNodeInfo.java:getPort(197)) - ConfigKey ozone.scm.block.client.address is deprecated, For configuring different ports for each SCM use PortConfigKey ozone.scm.block.client.port appended with serviceId and nodeId
2022-10-13 20:19:32,533 [Listener at 127.0.0.1/36285] INFO  ha.SCMNodeInfo (SCMNodeInfo.java:getPort(197)) - ConfigKey ozone.scm.datanode.address is deprecated, For configuring different ports for each SCM use PortConfigKey ozone.scm.datanode.port appended with serviceId and nodeId
2022-10-13 20:19:32,533 [Listener at 127.0.0.1/36285] INFO  ha.SCMNodeInfo (SCMNodeInfo.java:getPort(197)) - ConfigKey ozone.scm.client.address is deprecated, For configuring different ports for each SCM use PortConfigKey ozone.scm.client.port appended with serviceId and nodeId
2022-10-13 20:19:32,533 [Listener at 127.0.0.1/36285] INFO  ha.SCMNodeInfo (SCMNodeInfo.java:getPort(197)) - ConfigKey ozone.scm.block.client.address is deprecated, For configuring different ports for each SCM use PortConfigKey ozone.scm.block.client.port appended with serviceId and nodeId
2022-10-13 20:19:32,533 [Listener at 127.0.0.1/36285] INFO  ha.SCMNodeInfo (SCMNodeInfo.java:getPort(197)) - ConfigKey ozone.scm.datanode.address is deprecated, For configuring different ports for each SCM use PortConfigKey ozone.scm.datanode.port appended with serviceId and nodeId
2022-10-13 20:19:32,534 [Listener at 127.0.0.1/36285] INFO  ha.SCMNodeInfo (SCMNodeInfo.java:getPort(197)) - ConfigKey ozone.scm.client.address is deprecated, For configuring different ports for each SCM use PortConfigKey ozone.scm.client.port appended with serviceId and nodeId
2022-10-13 20:19:32,534 [Listener at 127.0.0.1/36285] INFO  ha.SCMNodeInfo (SCMNodeInfo.java:getPort(197)) - ConfigKey ozone.scm.block.client.address is deprecated, For configuring different ports for each SCM use PortConfigKey ozone.scm.block.client.port appended with serviceId and nodeId
2022-10-13 20:19:32,534 [Listener at 127.0.0.1/36285] INFO  ha.SCMNodeInfo (SCMNodeInfo.java:getPort(197)) - ConfigKey ozone.scm.datanode.address is deprecated, For configuring different ports for each SCM use PortConfigKey ozone.scm.datanode.port appended with serviceId and nodeId
2022-10-13 20:19:32,534 [Listener at 127.0.0.1/36285] INFO  ha.SCMNodeInfo (SCMNodeInfo.java:getPort(197)) - ConfigKey ozone.scm.client.address is deprecated, For configuring different ports for each SCM use PortConfigKey ozone.scm.client.port appended with serviceId and nodeId
2022-10-13 20:19:32,534 [Listener at 127.0.0.1/36285] INFO  ha.SCMNodeInfo (SCMNodeInfo.java:getPort(197)) - ConfigKey ozone.scm.block.client.address is deprecated, For configuring different ports for each SCM use PortConfigKey ozone.scm.block.client.port appended with serviceId and nodeId
2022-10-13 20:19:32,534 [Listener at 127.0.0.1/36285] INFO  ha.SCMNodeInfo (SCMNodeInfo.java:getPort(197)) - ConfigKey ozone.scm.datanode.address is deprecated, For configuring different ports for each SCM use PortConfigKey ozone.scm.datanode.port appended with serviceId and nodeId
2022-10-13 20:19:32,534 [Listener at 127.0.0.1/36285] INFO  ha.SCMNodeInfo (SCMNodeInfo.java:getPort(197)) - ConfigKey ozone.scm.client.address is deprecated, For configuring different ports for each SCM use PortConfigKey ozone.scm.client.port appended with serviceId and nodeId
2022-10-13 20:19:32,534 [Listener at 127.0.0.1/36285] INFO  ha.SCMNodeInfo (SCMNodeInfo.java:getPort(197)) - ConfigKey ozone.scm.block.client.address is deprecated, For configuring different ports for each SCM use PortConfigKey ozone.scm.block.client.port appended with serviceId and nodeId
2022-10-13 20:19:32,534 [Listener at 127.0.0.1/36285] INFO  ha.SCMNodeInfo (SCMNodeInfo.java:getPort(197)) - ConfigKey ozone.scm.datanode.address is deprecated, For configuring different ports for each SCM use PortConfigKey ozone.scm.datanode.port appended with serviceId and nodeId
2022-10-13 20:19:32,535 [Listener at 127.0.0.1/36285] INFO  proxy.SCMBlockLocationFailoverProxyProvider (SCMBlockLocationFailoverProxyProvider.java:<init>(114)) - Created block location fail-over proxy with 3 nodes: [nodeId=scmNode-2,nodeAddress=/127.0.0.1:39575, nodeId=scmNode-3,nodeAddress=/127.0.0.1:42331, nodeId=scmNode-1,nodeAddress=/127.0.0.1:34209]
2022-10-13 20:19:32,536 [Listener at 127.0.0.1/36285] INFO  ha.SCMNodeInfo (SCMNodeInfo.java:getPort(197)) - ConfigKey ozone.scm.client.address is deprecated, For configuring different ports for each SCM use PortConfigKey ozone.scm.client.port appended with serviceId and nodeId
2022-10-13 20:19:32,536 [Listener at 127.0.0.1/36285] INFO  ha.SCMNodeInfo (SCMNodeInfo.java:getPort(197)) - ConfigKey ozone.scm.block.client.address is deprecated, For configuring different ports for each SCM use PortConfigKey ozone.scm.block.client.port appended with serviceId and nodeId
2022-10-13 20:19:32,536 [Listener at 127.0.0.1/36285] INFO  ha.SCMNodeInfo (SCMNodeInfo.java:getPort(197)) - ConfigKey ozone.scm.datanode.address is deprecated, For configuring different ports for each SCM use PortConfigKey ozone.scm.datanode.port appended with serviceId and nodeId
2022-10-13 20:19:32,536 [Listener at 127.0.0.1/36285] INFO  ha.SCMNodeInfo (SCMNodeInfo.java:getPort(197)) - ConfigKey ozone.scm.client.address is deprecated, For configuring different ports for each SCM use PortConfigKey ozone.scm.client.port appended with serviceId and nodeId
2022-10-13 20:19:32,536 [Listener at 127.0.0.1/36285] INFO  ha.SCMNodeInfo (SCMNodeInfo.java:getPort(197)) - ConfigKey ozone.scm.block.client.address is deprecated, For configuring different ports for each SCM use PortConfigKey ozone.scm.block.client.port appended with serviceId and nodeId
2022-10-13 20:19:32,536 [Listener at 127.0.0.1/36285] INFO  ha.SCMNodeInfo (SCMNodeInfo.java:getPort(197)) - ConfigKey ozone.scm.datanode.address is deprecated, For configuring different ports for each SCM use PortConfigKey ozone.scm.datanode.port appended with serviceId and nodeId
2022-10-13 20:19:32,536 [Listener at 127.0.0.1/36285] INFO  ha.SCMNodeInfo (SCMNodeInfo.java:getPort(197)) - ConfigKey ozone.scm.client.address is deprecated, For configuring different ports for each SCM use PortConfigKey ozone.scm.client.port appended with serviceId and nodeId
2022-10-13 20:19:32,536 [Listener at 127.0.0.1/36285] INFO  ha.SCMNodeInfo (SCMNodeInfo.java:getPort(197)) - ConfigKey ozone.scm.block.client.address is deprecated, For configuring different ports for each SCM use PortConfigKey ozone.scm.block.client.port appended with serviceId and nodeId
2022-10-13 20:19:32,537 [Listener at 127.0.0.1/36285] INFO  ha.SCMNodeInfo (SCMNodeInfo.java:getPort(197)) - ConfigKey ozone.scm.datanode.address is deprecated, For configuring different ports for each SCM use PortConfigKey ozone.scm.datanode.port appended with serviceId and nodeId
2022-10-13 20:19:32,537 [Listener at 127.0.0.1/36285] INFO  proxy.SCMBlockLocationFailoverProxyProvider (SCMBlockLocationFailoverProxyProvider.java:<init>(114)) - Created block location fail-over proxy with 3 nodes: [nodeId=scmNode-2,nodeAddress=/127.0.0.1:39575, nodeId=scmNode-3,nodeAddress=/127.0.0.1:42331, nodeId=scmNode-1,nodeAddress=/127.0.0.1:34209]
2022-10-13 20:19:32,546 [Listener at 127.0.0.1/36285] WARN  server.ServerUtils (ServerUtils.java:getDBPath(225)) - ozone.om.db.dirs is not configured. We recommend adding this setting. Falling back to ozone.metadata.dirs instead.
2022-10-13 20:19:32,546 [Listener at 127.0.0.1/36285] INFO  codec.OmKeyInfoCodec (OmKeyInfoCodec.java:<init>(49)) - OmKeyInfoCodec ignorePipeline = true
2022-10-13 20:19:32,547 [Listener at 127.0.0.1/36285] INFO  codec.RepeatedOmKeyInfoCodec (RepeatedOmKeyInfoCodec.java:<init>(41)) - RepeatedOmKeyInfoCodec ignorePipeline = true
2022-10-13 20:19:32,900 [org.apache.ratis.util.JvmPauseMonitor$$Lambda$519/1431033796@3f5d9c53] WARN  util.JvmPauseMonitor (JvmPauseMonitor.java:detectPause(124)) - JvmPauseMonitor-e2549e0e-20c3-4590-9573-c43d76d3b17a: Detected pause in JVM or host machine (eg GC): pause of approximately 130726524ns.
GC pool 'PS MarkSweep' had collection(s): count=1 time=155ms
GC pool 'PS Scavenge' had collection(s): count=1 time=75ms
2022-10-13 20:19:32,901 [org.apache.ratis.util.JvmPauseMonitor$$Lambda$519/1431033796@5a2545a] WARN  util.JvmPauseMonitor (JvmPauseMonitor.java:detectPause(124)) - JvmPauseMonitor-07c9e681-1902-448f-876d-c238a5737790: Detected pause in JVM or host machine (eg GC): pause of approximately 173387795ns.
GC pool 'PS MarkSweep' had collection(s): count=1 time=155ms
GC pool 'PS Scavenge' had collection(s): count=1 time=75ms
2022-10-13 20:19:32,901 [Listener at 127.0.0.1/36285] INFO  om.OzoneManager (OzoneManager.java:instantiateServices(712)) - S3 Multi-Tenancy is disabled
2022-10-13 20:19:32,903 [Listener at 127.0.0.1/36285] INFO  om.OzoneManager (OzoneManager.java:addS3GVolumeToDB(4386)) - Created Volume s3v With Owner runner required for S3Gateway operations.
2022-10-13 20:19:32,903 [Listener at 127.0.0.1/36285] WARN  server.ServerUtils (ServerUtils.java:getDefaultRatisDirectory(237)) - Storage directory for Ratis is not configured. It is a good idea to map this to an SSD disk. Falling back to ozone.metadata.dirs
2022-10-13 20:19:32,903 [Listener at 127.0.0.1/36285] WARN  utils.OzoneManagerRatisUtils (OzoneManagerRatisUtils.java:getOMRatisSnapshotDirectory(434)) - ozone.om.ratis.snapshot.dir is not configured. Falling back to ozone.metadata.dirs config
2022-10-13 20:19:32,903 [Listener at 127.0.0.1/36285] INFO  snapshot.OzoneManagerSnapshotProvider (OzoneManagerSnapshotProvider.java:<init>(76)) - Initializing OM Snapshot Provider
2022-10-13 20:19:32,925 [Listener at 127.0.0.1/36285] WARN  impl.MetricRegistriesImpl (MetricRegistriesImpl.java:addReporterRegistration(111)) - New reporters are added after registries were created. Some metrics will be missing from the reporter. Please add reporter before adding any new registry.
2022-10-13 20:19:32,925 [Listener at 127.0.0.1/36285] WARN  impl.MetricRegistriesImpl (MetricRegistriesImpl.java:addReporterRegistration(111)) - New reporters are added after registries were created. Some metrics will be missing from the reporter. Please add reporter before adding any new registry.
2022-10-13 20:19:32,925 [Listener at 127.0.0.1/36285] WARN  server.ServerUtils (ServerUtils.java:getDefaultRatisDirectory(237)) - Storage directory for Ratis is not configured. It is a good idea to map this to an SSD disk. Falling back to ozone.metadata.dirs
2022-10-13 20:19:32,927 [Listener at 127.0.0.1/36285] INFO  ratis.OzoneManagerRatisServer (OzoneManagerRatisServer.java:<init>(160)) - Instantiating OM Ratis server with groupID: omServiceId1 and peers: localhost:38941, localhost:35315, localhost:34613
2022-10-13 20:19:32,927 [Listener at 127.0.0.1/36285] INFO  ratis.OzoneManagerStateMachine (OzoneManagerStateMachine.java:loadSnapshotInfoFromDB(632)) - LastAppliedIndex is set from TransactionInfo from OM DB as (t:0, i:~)
2022-10-13 20:19:32,931 [Listener at 127.0.0.1/36285] INFO  server.RaftServer (ConfUtils.java:logGet(46)) - raft.rpc.type = GRPC (default)
2022-10-13 20:19:32,931 [Listener at 127.0.0.1/36285] INFO  grpc.GrpcFactory (GrpcFactory.java:checkPooledByteBufAllocatorUseCacheForAllThreads(48)) - PERFORMANCE WARNING: useCacheForAllThreads is true that may cause Netty to create a lot garbage objects and, as a result, trigger GC.
	It is recommended to disable useCacheForAllThreads by setting -Dorg.apache.ratis.thirdparty.io.netty.allocator.useCacheForAllThreads=false in command line.
2022-10-13 20:19:32,931 [Listener at 127.0.0.1/36285] INFO  grpc.GrpcConfigKeys (ConfUtils.java:logGet(46)) - raft.grpc.admin.port = -1 (default)
2022-10-13 20:19:32,931 [Listener at 127.0.0.1/36285] INFO  grpc.GrpcConfigKeys (ConfUtils.java:logGet(46)) - raft.grpc.server.port = 38941 (custom)
2022-10-13 20:19:32,932 [Listener at 127.0.0.1/36285] INFO  grpc.GrpcConfigKeys (ConfUtils.java:logGet(46)) - raft.grpc.client.port = -1 (default)
2022-10-13 20:19:32,932 [Listener at 127.0.0.1/36285] INFO  grpc.GrpcConfigKeys (ConfUtils.java:logGet(46)) - raft.grpc.server.port = 38941 (custom)
2022-10-13 20:19:32,932 [Listener at 127.0.0.1/36285] INFO  grpc.GrpcConfigKeys (ConfUtils.java:logGet(46)) - raft.grpc.server.port = 38941 (custom)
2022-10-13 20:19:32,932 [Listener at 127.0.0.1/36285] INFO  server.GrpcService (ConfUtils.java:logGet(46)) - raft.grpc.message.size.max = 33554432 (custom)
2022-10-13 20:19:32,932 [Listener at 127.0.0.1/36285] INFO  server.RaftServerConfigKeys (ConfUtils.java:logGet(46)) - raft.server.log.appender.buffer.byte-limit = 33554432 (custom)
2022-10-13 20:19:32,932 [Listener at 127.0.0.1/36285] INFO  server.GrpcService (ConfUtils.java:logGet(46)) - raft.grpc.flow.control.window = 1MB (=1048576) (default)
2022-10-13 20:19:32,932 [Listener at 127.0.0.1/36285] INFO  server.RaftServerConfigKeys (ConfUtils.java:logGet(46)) - raft.server.rpc.request.timeout = 3000ms (default)
2022-10-13 20:19:32,932 [Listener at 127.0.0.1/36285] INFO  grpc.GrpcConfigKeys (ConfUtils.java:logGet(46)) - raft.grpc.server.async.request.thread.pool.cached = true (default)
2022-10-13 20:19:32,932 [Listener at 127.0.0.1/36285] INFO  grpc.GrpcConfigKeys (ConfUtils.java:logGet(46)) - raft.grpc.server.async.request.thread.pool.size = 32 (default)
2022-10-13 20:19:32,934 [Listener at 127.0.0.1/36285] INFO  impl.DataStreamServerImpl (ConfUtils.java:logGet(46)) - raft.datastream.type = DISABLED (default)
2022-10-13 20:19:32,934 [Listener at 127.0.0.1/36285] INFO  server.RaftServerConfigKeys (ConfUtils.java:logGet(46)) - raft.server.threadpool.proxy.cached = true (default)
2022-10-13 20:19:32,934 [Listener at 127.0.0.1/36285] INFO  server.RaftServerConfigKeys (ConfUtils.java:logGet(46)) - raft.server.threadpool.proxy.size = 0 (default)
2022-10-13 20:19:32,936 [Listener at 127.0.0.1/36285] INFO  server.RaftServerConfigKeys (ConfUtils.java:logGet(46)) - raft.server.rpc.slowness.timeout = 2s (custom)
2022-10-13 20:19:32,936 [Listener at 127.0.0.1/36285] INFO  server.RaftServerConfigKeys (ConfUtils.java:logGet(46)) - raft.server.leaderelection.leader.step-down.wait-time = 10s (default)
2022-10-13 20:19:32,937 [Listener at 127.0.0.1/36285] INFO  server.RaftServerConfigKeys (ConfUtils.java:logGet(46)) - raft.server.storage.dir = [/home/runner/work/ozone/ozone/hadoop-ozone/integration-test/target/test-dir/MiniOzoneClusterImpl-0c33195c-4715-4e74-9207-018c6aa32671/omNode-2/ratis] (custom)
2022-10-13 20:19:32,937 [Listener at 127.0.0.1/36285] INFO  server.RaftServer (RaftServerProxy.java:addNew(96)) - omNode-2: addNew group-6C22E66A003A:[omNode-3|rpc:localhost:35315|priority:0, omNode-1|rpc:localhost:34613|priority:0, omNode-2|rpc:localhost:38941|priority:0] returns group-6C22E66A003A:java.util.concurrent.CompletableFuture@76046b29[Not completed]
2022-10-13 20:19:32,937 [Listener at 127.0.0.1/36285] INFO  om.OzoneManager (OzoneManager.java:initializeRatisServer(1976)) - OzoneManager Ratis server initialized at port 38941
2022-10-13 20:19:32,939 [Listener at 127.0.0.1/36285] INFO  om.OzoneManager (OzoneManager.java:getRpcServer(1102)) - Creating RPC Server
2022-10-13 20:19:32,942 [pool-150-thread-1] INFO  server.RaftServer$Division (RaftServerImpl.java:<init>(190)) - omNode-2: new RaftServerImpl for group-6C22E66A003A:[omNode-3|rpc:localhost:35315|priority:0, omNode-1|rpc:localhost:34613|priority:0, omNode-2|rpc:localhost:38941|priority:0] with OzoneManagerStateMachine:uninitialized
2022-10-13 20:19:32,942 [pool-150-thread-1] INFO  server.RaftServerConfigKeys (ConfUtils.java:logGet(46)) - raft.server.rpc.timeout.min = 1s (custom)
2022-10-13 20:19:32,942 [pool-150-thread-1] INFO  server.RaftServerConfigKeys (ConfUtils.java:logGet(46)) - raft.server.rpc.timeout.max = 1200ms (custom)
2022-10-13 20:19:32,942 [pool-150-thread-1] INFO  server.RaftServerConfigKeys (ConfUtils.java:logGet(46)) - raft.server.rpc.sleep.time = 25ms (default)
2022-10-13 20:19:32,942 [pool-150-thread-1] INFO  server.RaftServerConfigKeys (ConfUtils.java:logGet(46)) - raft.server.rpc.slowness.timeout = 2s (custom)
2022-10-13 20:19:32,942 [pool-150-thread-1] INFO  server.RaftServerConfigKeys (ConfUtils.java:logGet(46)) - raft.server.leaderelection.leader.step-down.wait-time = 10s (default)
2022-10-13 20:19:32,942 [pool-150-thread-1] INFO  server.RaftServerConfigKeys (ConfUtils.java:logGet(46)) - raft.server.sleep.deviation.threshold = 300ms (default)
2022-10-13 20:19:32,942 [pool-150-thread-1] INFO  server.RaftServer$Division (ServerState.java:<init>(107)) - omNode-2@group-6C22E66A003A: ConfigurationManager, init=-1: [omNode-3|rpc:localhost:35315|priority:0, omNode-1|rpc:localhost:34613|priority:0, omNode-2|rpc:localhost:38941|priority:0], old=null, confs=<EMPTY_MAP>
2022-10-13 20:19:32,943 [pool-150-thread-1] INFO  server.RaftServerConfigKeys (ConfUtils.java:logGet(46)) - raft.server.storage.dir = [/home/runner/work/ozone/ozone/hadoop-ozone/integration-test/target/test-dir/MiniOzoneClusterImpl-0c33195c-4715-4e74-9207-018c6aa32671/omNode-2/ratis] (custom)
2022-10-13 20:19:32,943 [pool-150-thread-1] INFO  server.RaftServerConfigKeys (ConfUtils.java:logGet(46)) - raft.server.log.corruption.policy = EXCEPTION (default)
2022-10-13 20:19:32,943 [pool-150-thread-1] INFO  server.RaftServerConfigKeys (ConfUtils.java:logGet(46)) - raft.server.storage.free-space.min = 0MB (=0) (default)
2022-10-13 20:19:32,943 [pool-150-thread-1] INFO  storage.RaftStorageDirectory (RaftStorageDirectoryImpl.java:analyzeStorage(135)) - The storage directory /home/runner/work/ozone/ozone/hadoop-ozone/integration-test/target/test-dir/MiniOzoneClusterImpl-0c33195c-4715-4e74-9207-018c6aa32671/omNode-2/ratis/9c9825ce-8ba7-3ee6-a7c3-6c22e66a003a does not exist. Creating ...
2022-10-13 20:19:32,945 [pool-150-thread-1] INFO  storage.RaftStorageDirectory (RaftStorageDirectoryImpl.java:tryLock(230)) - Lock on /home/runner/work/ozone/ozone/hadoop-ozone/integration-test/target/test-dir/MiniOzoneClusterImpl-0c33195c-4715-4e74-9207-018c6aa32671/omNode-2/ratis/9c9825ce-8ba7-3ee6-a7c3-6c22e66a003a/in_use.lock acquired by nodename 2881@fv-az186-171
2022-10-13 20:19:32,947 [pool-150-thread-1] INFO  storage.RaftStorage (RaftStorageImpl.java:format(89)) - Storage directory /home/runner/work/ozone/ozone/hadoop-ozone/integration-test/target/test-dir/MiniOzoneClusterImpl-0c33195c-4715-4e74-9207-018c6aa32671/omNode-2/ratis/9c9825ce-8ba7-3ee6-a7c3-6c22e66a003a has been successfully formatted.
2022-10-13 20:19:32,947 [pool-150-thread-1] INFO  server.RaftServerConfigKeys (ConfUtils.java:logGet(46)) - raft.server.notification.no-leader.timeout = 2s (custom)
2022-10-13 20:19:32,947 [pool-150-thread-1] INFO  server.RaftServerConfigKeys (ConfUtils.java:logGet(46)) - raft.server.log.use.memory = false (default)
2022-10-13 20:19:32,947 [pool-150-thread-1] INFO  server.RaftServerConfigKeys (ConfUtils.java:logGet(46)) - raft.server.log.purge.gap = 1000000 (custom)
2022-10-13 20:19:32,947 [pool-150-thread-1] INFO  server.RaftServerConfigKeys (ConfUtils.java:logGet(46)) - raft.server.log.appender.buffer.byte-limit = 33554432 (custom)
2022-10-13 20:19:32,947 [pool-150-thread-1] INFO  server.RaftServerConfigKeys (ConfUtils.java:logGet(46)) - raft.server.log.statemachine.data.read.timeout = 1000ms (default)
2022-10-13 20:19:32,953 [pool-150-thread-1] INFO  server.RaftServerConfigKeys (ConfUtils.java:logGet(46)) - raft.server.log.segment.size.max = 4194304 (custom)
2022-10-13 20:19:32,954 [pool-150-thread-1] INFO  server.RaftServerConfigKeys (ConfUtils.java:logGet(46)) - raft.server.log.segment.cache.num.max = 2 (custom)
2022-10-13 20:19:32,955 [pool-150-thread-1] INFO  server.RaftServerConfigKeys (ConfUtils.java:logGet(46)) - raft.server.log.segment.cache.size.max = 200MB (=209715200) (default)
2022-10-13 20:19:32,955 [pool-150-thread-1] INFO  segmented.SegmentedRaftLogWorker (SegmentedRaftLogWorker.java:<init>(187)) - new omNode-2@group-6C22E66A003A-SegmentedRaftLogWorker for RaftStorageImpl:Storage Directory /home/runner/work/ozone/ozone/hadoop-ozone/integration-test/target/test-dir/MiniOzoneClusterImpl-0c33195c-4715-4e74-9207-018c6aa32671/omNode-2/ratis/9c9825ce-8ba7-3ee6-a7c3-6c22e66a003a
2022-10-13 20:19:32,955 [pool-150-thread-1] INFO  server.RaftServerConfigKeys (ConfUtils.java:logGet(46)) - raft.server.log.queue.byte-limit = 64MB (=67108864) (default)
2022-10-13 20:19:32,955 [pool-150-thread-1] INFO  server.RaftServerConfigKeys (ConfUtils.java:logGet(46)) - raft.server.log.queue.element-limit = 4096 (default)
2022-10-13 20:19:32,955 [pool-150-thread-1] INFO  server.RaftServerConfigKeys (ConfUtils.java:logGet(46)) - raft.server.log.segment.size.max = 4194304 (custom)
2022-10-13 20:19:32,955 [pool-150-thread-1] INFO  server.RaftServerConfigKeys (ConfUtils.java:logGet(46)) - raft.server.log.preallocated.size = 4194304 (custom)
2022-10-13 20:19:32,955 [pool-150-thread-1] INFO  server.RaftServerConfigKeys (ConfUtils.java:logGet(46)) - raft.server.log.force.sync.num = 128 (default)
2022-10-13 20:19:32,955 [pool-150-thread-1] INFO  server.RaftServerConfigKeys (ConfUtils.java:logGet(46)) - raft.server.log.statemachine.data.sync = true (default)
2022-10-13 20:19:32,955 [pool-150-thread-1] INFO  server.RaftServerConfigKeys (ConfUtils.java:logGet(46)) - raft.server.log.statemachine.data.sync.timeout = 10s (default)
2022-10-13 20:19:32,955 [pool-150-thread-1] INFO  server.RaftServerConfigKeys (ConfUtils.java:logGet(46)) - raft.server.log.statemachine.data.sync.timeout.retry = -1 (default)
2022-10-13 20:19:32,960 [pool-150-thread-1] INFO  server.RaftServerConfigKeys (ConfUtils.java:logGet(46)) - raft.server.log.write.buffer.size = 64KB (=65536) (default)
2022-10-13 20:19:32,960 [pool-150-thread-1] INFO  server.RaftServerConfigKeys (ConfUtils.java:logGet(46)) - raft.server.log.unsafe-flush.enabled = false (default)
2022-10-13 20:19:32,960 [pool-150-thread-1] INFO  server.RaftServerConfigKeys (ConfUtils.java:logGet(46)) - raft.server.log.statemachine.data.caching.enabled = false (default)
2022-10-13 20:19:32,960 [pool-150-thread-1] INFO  segmented.SegmentedRaftLogWorker (SegmentedRaftLogWorker.java:lambda$new$0(135)) - omNode-2@group-6C22E66A003A-SegmentedRaftLogWorker: flushIndex: setUnconditionally 0 -> -1
2022-10-13 20:19:32,960 [pool-150-thread-1] INFO  segmented.SegmentedRaftLogWorker (SegmentedRaftLogWorker.java:lambda$new$0(135)) - omNode-2@group-6C22E66A003A-SegmentedRaftLogWorker: safeCacheEvictIndex: setUnconditionally 0 -> -1
2022-10-13 20:19:32,969 [pool-150-thread-1] INFO  server.RaftServerConfigKeys (ConfUtils.java:logGet(46)) - raft.server.snapshot.auto.trigger.enabled = true (custom)
2022-10-13 20:19:32,969 [pool-150-thread-1] INFO  server.RaftServerConfigKeys (ConfUtils.java:logGet(46)) - raft.server.snapshot.auto.trigger.threshold = 400000 (default)
2022-10-13 20:19:32,969 [pool-150-thread-1] INFO  server.RaftServerConfigKeys (ConfUtils.java:logGet(46)) - raft.server.snapshot.retention.file.num = -1 (default)
2022-10-13 20:19:32,969 [pool-150-thread-1] INFO  server.RaftServerConfigKeys (ConfUtils.java:logGet(46)) - raft.server.log.purge.upto.snapshot.index = true (custom)
2022-10-13 20:19:32,969 [pool-150-thread-1] INFO  server.RaftServerConfigKeys (ConfUtils.java:logGet(46)) - raft.server.retrycache.expirytime = 300s (custom)
2022-10-13 20:19:32,969 [pool-150-thread-1] INFO  server.RaftServerConfigKeys (ConfUtils.java:logGet(46)) - raft.server.retrycache.statistics.expirytime = 100μs (default)
2022-10-13 20:19:32,971 [pool-150-thread-1] INFO  server.RaftServerConfigKeys (ConfUtils.java:logGet(46)) - raft.server.log.appender.install.snapshot.enabled = false (custom)
2022-10-13 20:19:32,971 [pool-150-thread-1] INFO  server.RaftServerConfigKeys (ConfUtils.java:logGet(46)) - raft.server.threadpool.server.cached = true (default)
2022-10-13 20:19:32,971 [pool-150-thread-1] INFO  server.RaftServerConfigKeys (ConfUtils.java:logGet(46)) - raft.server.threadpool.server.size = 0 (default)
2022-10-13 20:19:32,971 [pool-150-thread-1] INFO  server.RaftServerConfigKeys (ConfUtils.java:logGet(46)) - raft.server.threadpool.client.cached = true (default)
2022-10-13 20:19:32,971 [pool-150-thread-1] INFO  server.RaftServerConfigKeys (ConfUtils.java:logGet(46)) - raft.server.threadpool.client.size = 0 (default)
2022-10-13 20:19:33,395 [omNode-1@group-6C22E66A003A-FollowerState] INFO  impl.FollowerState (FollowerState.java:run(143)) - omNode-1@group-6C22E66A003A-FollowerState: change to CANDIDATE, lastRpcElapsedTime:1043812381ns, electionTimeout:1025ms
2022-10-13 20:19:33,396 [omNode-1@group-6C22E66A003A-FollowerState] INFO  impl.RoleInfo (RoleInfo.java:shutdownFollowerState(110)) - omNode-1: shutdown omNode-1@group-6C22E66A003A-FollowerState
2022-10-13 20:19:33,396 [omNode-1@group-6C22E66A003A-FollowerState] INFO  server.RaftServer$Division (RaftServerImpl.java:setRole(299)) - omNode-1@group-6C22E66A003A: changes role from  FOLLOWER to CANDIDATE at term 0 for changeToCandidate
2022-10-13 20:19:33,396 [omNode-1@group-6C22E66A003A-FollowerState] INFO  server.RaftServerConfigKeys (ConfUtils.java:logGet(46)) - raft.server.leaderelection.pre-vote = false (custom)
2022-10-13 20:19:33,396 [omNode-1@group-6C22E66A003A-FollowerState] INFO  impl.RoleInfo (RoleInfo.java:updateAndGet(139)) - omNode-1: start omNode-1@group-6C22E66A003A-LeaderElection3
2022-10-13 20:19:33,409 [omNode-1@group-6C22E66A003A-LeaderElection3] INFO  impl.LeaderElection (LeaderElection.java:askForVotes(310)) - omNode-1@group-6C22E66A003A-LeaderElection3 ELECTION round 0: submit vote requests at term 1 for -1: [omNode-3|rpc:localhost:35315|priority:0, omNode-1|rpc:localhost:34613|priority:0, omNode-2|rpc:localhost:38941|priority:0], old=null
2022-10-13 20:19:33,478 [omNode-1@group-6C22E66A003A-LeaderElection3] INFO  impl.LeaderElection (LogUtils.java:infoOrTrace(137)) - omNode-1@group-6C22E66A003A-LeaderElection3 got exception when requesting votes: java.util.concurrent.ExecutionException: org.apache.ratis.thirdparty.io.grpc.StatusRuntimeException: UNAVAILABLE: io exception
2022-10-13 20:19:33,499 [omNode-1@group-6C22E66A003A-LeaderElection3] INFO  impl.LeaderElection (LogUtils.java:infoOrTrace(137)) - omNode-1@group-6C22E66A003A-LeaderElection3 got exception when requesting votes: java.util.concurrent.ExecutionException: org.apache.ratis.thirdparty.io.grpc.StatusRuntimeException: UNAVAILABLE: io exception
2022-10-13 20:19:33,499 [omNode-1@group-6C22E66A003A-LeaderElection3] INFO  impl.LeaderElection (LeaderElection.java:logAndReturn(90)) - omNode-1@group-6C22E66A003A-LeaderElection3: ELECTION REJECTED received 0 response(s) and 2 exception(s):
2022-10-13 20:19:33,500 [omNode-1@group-6C22E66A003A-LeaderElection3] INFO  impl.LeaderElection (LogUtils.java:infoOrTrace(137)) -   Exception 0: java.util.concurrent.ExecutionException: org.apache.ratis.thirdparty.io.grpc.StatusRuntimeException: UNAVAILABLE: io exception
2022-10-13 20:19:33,500 [omNode-1@group-6C22E66A003A-LeaderElection3] INFO  impl.LeaderElection (LogUtils.java:infoOrTrace(137)) -   Exception 1: java.util.concurrent.ExecutionException: org.apache.ratis.thirdparty.io.grpc.StatusRuntimeException: UNAVAILABLE: io exception
2022-10-13 20:19:33,500 [omNode-1@group-6C22E66A003A-LeaderElection3] INFO  impl.LeaderElection (LeaderElection.java:askForVotes(312)) - omNode-1@group-6C22E66A003A-LeaderElection3 ELECTION round 0: result REJECTED
2022-10-13 20:19:33,501 [omNode-1@group-6C22E66A003A-LeaderElection3] INFO  server.RaftServer$Division (RaftServerImpl.java:setRole(299)) - omNode-1@group-6C22E66A003A: changes role from CANDIDATE to FOLLOWER at term 1 for REJECTED
2022-10-13 20:19:33,501 [omNode-1@group-6C22E66A003A-LeaderElection3] INFO  impl.RoleInfo (RoleInfo.java:shutdownLeaderElection(130)) - omNode-1: shutdown omNode-1@group-6C22E66A003A-LeaderElection3
2022-10-13 20:19:33,501 [omNode-1@group-6C22E66A003A-LeaderElection3] INFO  impl.RoleInfo (RoleInfo.java:updateAndGet(139)) - omNode-1: start omNode-1@group-6C22E66A003A-FollowerState
2022-10-13 20:19:33,547 [Listener at 127.0.0.1/36285] INFO  reflections.Reflections (Reflections.java:scan(232)) - Reflections took 607 ms to scan 19 urls, producing 67 keys and 4232 values [using 2 cores]
2022-10-13 20:19:33,549 [Listener at 127.0.0.1/36285] INFO  ipc.CallQueueManager (CallQueueManager.java:<init>(90)) - Using callQueue: class java.util.concurrent.LinkedBlockingQueue, queueCapacity: 2000, scheduler: class org.apache.hadoop.ipc.DefaultRpcScheduler, ipcBackoff: false.
2022-10-13 20:19:33,549 [Socket Reader #1 for port 38225] INFO  ipc.Server (Server.java:run(1273)) - Starting Socket Reader #1 for port 38225
2022-10-13 20:19:33,602 [Listener at 127.0.0.1/38225] INFO  impl.MetricsSystemImpl (MetricsSystemImpl.java:init(158)) - OzoneManager metrics system started (again)
2022-10-13 20:19:33,618 [Listener at 127.0.0.1/38225] INFO  om.OzoneManager (OzoneManager.java:start(1483)) - OzoneManager RPC server is listening at localhost/127.0.0.1:38225
2022-10-13 20:19:33,618 [Listener at 127.0.0.1/38225] INFO  ratis.OzoneManagerRatisServer (OzoneManagerRatisServer.java:start(555)) - Starting OzoneManagerRatisServer omNode-2 at port 38941
2022-10-13 20:19:33,619 [omNode-2-impl-thread1] INFO  server.RaftServer$Division (RaftServerImpl.java:start(310)) - omNode-2@group-6C22E66A003A: start as a follower, conf=-1: [omNode-3|rpc:localhost:35315|priority:0, omNode-1|rpc:localhost:34613|priority:0, omNode-2|rpc:localhost:38941|priority:0], old=null
2022-10-13 20:19:33,619 [omNode-2-impl-thread1] INFO  server.RaftServer$Division (RaftServerImpl.java:setRole(299)) - omNode-2@group-6C22E66A003A: changes role from      null to FOLLOWER at term 0 for startAsFollower
2022-10-13 20:19:33,619 [omNode-2-impl-thread1] INFO  impl.RoleInfo (RoleInfo.java:updateAndGet(139)) - omNode-2: start omNode-2@group-6C22E66A003A-FollowerState
2022-10-13 20:19:33,631 [omNode-2-impl-thread1] INFO  util.JmxRegister (JmxRegister.java:tryRegister(44)) - Successfully registered JMX Bean with object name Ratis:service=RaftServer,group=group-6C22E66A003A,id=omNode-2
2022-10-13 20:19:33,632 [Listener at 127.0.0.1/38225] INFO  server.RaftServer (RaftServerProxy.java:lambda$start$6(382)) - omNode-2: start RPC server
2022-10-13 20:19:33,635 [Listener at 127.0.0.1/38225] INFO  server.GrpcService (GrpcService.java:startImpl(260)) - omNode-2: GrpcService started, listening on 38941
2022-10-13 20:19:33,636 [org.apache.ratis.util.JvmPauseMonitor$$Lambda$519/1431033796@59ff9207] INFO  util.JvmPauseMonitor (JvmPauseMonitor.java:run(103)) - JvmPauseMonitor-omNode-2: Started
2022-10-13 20:19:33,636 [Listener at 127.0.0.1/38225] INFO  om.OzoneManager (OzoneManager.java:start(1499)) - Version File has different layout version (3) than OM DB (null). That is expected if this OM has never been finalized to a newer layout version.
2022-10-13 20:19:33,650 [Listener at 127.0.0.1/38225] INFO  http.BaseHttpServer (BaseHttpServer.java:newHttpServer2BuilderForOzone(213)) - Starting Web-server for ozoneManager at: http://0.0.0.0:43417
2022-10-13 20:19:33,650 [Listener at 127.0.0.1/38225] INFO  http.BaseHttpServer (BaseHttpServer.java:<init>(108)) - Hadoop Security Enabled: false Ozone Security Enabled: false Ozone HTTP Security Enabled: false 
2022-10-13 20:19:33,652 [Listener at 127.0.0.1/38225] WARN  server.AuthenticationFilter (AuthenticationFilter.java:constructSecretProvider(240)) - Unable to initialize FileSignerSecretProvider, falling back to use random secrets. Reason: Could not read signature secret file: /home/runner/hadoop-http-auth-signature-secret
2022-10-13 20:19:33,661 [Listener at 127.0.0.1/38225] WARN  http.HttpRequestLog (HttpRequestLog.java:getRequestLog(103)) - Jetty request log can only be enabled using Log4j
2022-10-13 20:19:33,663 [Listener at 127.0.0.1/38225] INFO  http.HttpServer2 (HttpServer2.java:addGlobalFilter(1031)) - Added global filter 'safety' (class=org.apache.hadoop.hdds.server.http.HttpServer2$QuotingInputFilter)
2022-10-13 20:19:33,664 [Listener at 127.0.0.1/38225] INFO  http.HttpServer2 (HttpServer2.java:addFilter(1007)) - Added filter static_user_filter (class=org.apache.hadoop.http.lib.StaticUserWebFilter$StaticUserFilter) to context ozoneManager
2022-10-13 20:19:33,664 [Listener at 127.0.0.1/38225] INFO  http.HttpServer2 (HttpServer2.java:addFilter(1015)) - Added filter static_user_filter (class=org.apache.hadoop.http.lib.StaticUserWebFilter$StaticUserFilter) to context static
2022-10-13 20:19:33,664 [Listener at 127.0.0.1/38225] INFO  http.HttpServer2 (HttpServer2.java:addFilter(1015)) - Added filter static_user_filter (class=org.apache.hadoop.http.lib.StaticUserWebFilter$StaticUserFilter) to context logs
2022-10-13 20:19:33,665 [Listener at 127.0.0.1/38225] INFO  http.HttpServer2 (HttpServer2.java:bindListener(1250)) - Jetty bound to port 43417
2022-10-13 20:19:33,665 [Listener at 127.0.0.1/38225] INFO  server.Server (Server.java:doStart(375)) - jetty-9.4.43.v20210629; built: 2021-06-30T11:07:22.254Z; git: 526006ecfa3af7f1a27ef3a288e2bef7ea9dd7e8; jvm 1.8.0_345-b01
2022-10-13 20:19:33,713 [Listener at 127.0.0.1/38225] INFO  server.session (DefaultSessionIdManager.java:doStart(334)) - DefaultSessionIdManager workerName=node0
2022-10-13 20:19:33,713 [Listener at 127.0.0.1/38225] INFO  server.session (DefaultSessionIdManager.java:doStart(339)) - No SessionScavenger set, using defaults
2022-10-13 20:19:33,713 [Listener at 127.0.0.1/38225] INFO  server.session (HouseKeeper.java:startScavenging(132)) - node0 Scavenging every 600000ms
2022-10-13 20:19:33,714 [Listener at 127.0.0.1/38225] INFO  handler.ContextHandler (ContextHandler.java:doStart(915)) - Started o.e.j.s.ServletContextHandler@194032fa{logs,/logs,file:///home/runner/work/ozone/ozone/hadoop-ozone/integration-test/target/log,AVAILABLE}
2022-10-13 20:19:33,714 [Listener at 127.0.0.1/38225] INFO  handler.ContextHandler (ContextHandler.java:doStart(915)) - Started o.e.j.s.ServletContextHandler@6757c2a3{static,/static,file:///home/runner/work/ozone/ozone/hadoop-ozone/integration-test/target/test-classes/webapps/static,AVAILABLE}
2022-10-13 20:19:33,720 [Listener at 127.0.0.1/38225] INFO  handler.ContextHandler (ContextHandler.java:doStart(915)) - Started o.e.j.w.WebAppContext@43212404{ozoneManager,/,file:///home/runner/work/ozone/ozone/hadoop-ozone/integration-test/target/test-classes/webapps/ozoneManager/,AVAILABLE}{file:/home/runner/work/ozone/ozone/hadoop-ozone/integration-test/target/test-classes/webapps/ozoneManager}
2022-10-13 20:19:33,725 [Listener at 127.0.0.1/38225] INFO  server.AbstractConnector (AbstractConnector.java:doStart(331)) - Started ServerConnector@4b8dc6f2{HTTP/1.1, (http/1.1)}{0.0.0.0:43417}
2022-10-13 20:19:33,725 [Listener at 127.0.0.1/38225] INFO  server.Server (Server.java:doStart(415)) - Started @21644ms
2022-10-13 20:19:33,725 [Listener at 127.0.0.1/38225] WARN  impl.MetricsSystemImpl (MetricsSystemImpl.java:register(279)) - Sink prometheus already exists!
2022-10-13 20:19:33,726 [Listener at 127.0.0.1/38225] INFO  http.BaseHttpServer (BaseHttpServer.java:updateConnectorAddress(333)) - HTTP server of ozoneManager listening at http://0.0.0.0:43417
2022-10-13 20:19:33,726 [IPC Server Responder] INFO  ipc.Server (Server.java:run(1512)) - IPC Server Responder: starting
2022-10-13 20:19:33,730 [IPC Server listener on 38225] INFO  ipc.Server (Server.java:run(1352)) - IPC Server listener on 38225: starting
2022-10-13 20:19:33,733 [Listener at 127.0.0.1/38225] INFO  om.OzoneManager (OzoneManager.java:startTrashEmptier(1920)) - Trash Interval set to 0. Files deleted won't move to trash
2022-10-13 20:19:33,734 [Listener at 127.0.0.1/38225] INFO  ozone.MiniOzoneHAClusterImpl (MiniOzoneHAClusterImpl.java:createOMService(527)) - Started OzoneManager omNode-2 RPC server at localhost/127.0.0.1:38225
2022-10-13 20:19:33,734 [org.apache.hadoop.util.JvmPauseMonitor$Monitor@29899af0] INFO  util.JvmPauseMonitor (JvmPauseMonitor.java:run(188)) - Starting JVM pause monitor
2022-10-13 20:19:33,735 [Listener at 127.0.0.1/38225] INFO  ha.OMHANodeDetails (OMHANodeDetails.java:loadOMHAConfig(121)) - ServiceID for OzoneManager is omServiceId1
2022-10-13 20:19:33,736 [Listener at 127.0.0.1/38225] INFO  ha.OMHANodeDetails (OMHANodeDetails.java:loadOMHAConfig(201)) - Found matching OM address with OMServiceId: omServiceId1, OMNodeId: omNode-3, RPC Address: localhost:34689 and Ratis port: 35315
2022-10-13 20:19:33,736 [Listener at 127.0.0.1/38225] INFO  ha.OMHANodeDetails (ConfUtils.java:setNodeSpecificConfigs(97)) - Setting configuration key ozone.om.http-address with value of key ozone.om.http-address.omServiceId1.omNode-3: 127.0.0.1:34397
2022-10-13 20:19:33,736 [Listener at 127.0.0.1/38225] INFO  ha.OMHANodeDetails (ConfUtils.java:setNodeSpecificConfigs(97)) - Setting configuration key ozone.om.https-address with value of key ozone.om.https-address.omServiceId1.omNode-3: 127.0.0.1:38467
2022-10-13 20:19:33,736 [Listener at 127.0.0.1/38225] INFO  ha.OMHANodeDetails (ConfUtils.java:setNodeSpecificConfigs(97)) - Setting configuration key ozone.om.address with value of key ozone.om.address.omServiceId1.omNode-3: 127.0.0.1:34689
2022-10-13 20:19:33,737 [Listener at 127.0.0.1/38225] WARN  server.ServerUtils (ServerUtils.java:getDBPath(225)) - ozone.om.db.dirs is not configured. We recommend adding this setting. Falling back to ozone.metadata.dirs instead.
2022-10-13 20:19:33,738 [Listener at 127.0.0.1/38225] INFO  ha.SCMNodeInfo (SCMNodeInfo.java:getPort(197)) - ConfigKey ozone.scm.client.address is deprecated, For configuring different ports for each SCM use PortConfigKey ozone.scm.client.port appended with serviceId and nodeId
2022-10-13 20:19:33,738 [Listener at 127.0.0.1/38225] INFO  ha.SCMNodeInfo (SCMNodeInfo.java:getPort(197)) - ConfigKey ozone.scm.block.client.address is deprecated, For configuring different ports for each SCM use PortConfigKey ozone.scm.block.client.port appended with serviceId and nodeId
2022-10-13 20:19:33,738 [Listener at 127.0.0.1/38225] INFO  ha.SCMNodeInfo (SCMNodeInfo.java:getPort(197)) - ConfigKey ozone.scm.datanode.address is deprecated, For configuring different ports for each SCM use PortConfigKey ozone.scm.datanode.port appended with serviceId and nodeId
2022-10-13 20:19:33,738 [Listener at 127.0.0.1/38225] INFO  ha.SCMNodeInfo (SCMNodeInfo.java:getPort(197)) - ConfigKey ozone.scm.client.address is deprecated, For configuring different ports for each SCM use PortConfigKey ozone.scm.client.port appended with serviceId and nodeId
2022-10-13 20:19:33,739 [Listener at 127.0.0.1/38225] INFO  ha.SCMNodeInfo (SCMNodeInfo.java:getPort(197)) - ConfigKey ozone.scm.block.client.address is deprecated, For configuring different ports for each SCM use PortConfigKey ozone.scm.block.client.port appended with serviceId and nodeId
2022-10-13 20:19:33,739 [Listener at 127.0.0.1/38225] INFO  ha.SCMNodeInfo (SCMNodeInfo.java:getPort(197)) - ConfigKey ozone.scm.datanode.address is deprecated, For configuring different ports for each SCM use PortConfigKey ozone.scm.datanode.port appended with serviceId and nodeId
2022-10-13 20:19:33,739 [Listener at 127.0.0.1/38225] INFO  ha.SCMNodeInfo (SCMNodeInfo.java:getPort(197)) - ConfigKey ozone.scm.client.address is deprecated, For configuring different ports for each SCM use PortConfigKey ozone.scm.client.port appended with serviceId and nodeId
2022-10-13 20:19:33,739 [Listener at 127.0.0.1/38225] INFO  ha.SCMNodeInfo (SCMNodeInfo.java:getPort(197)) - ConfigKey ozone.scm.block.client.address is deprecated, For configuring different ports for each SCM use PortConfigKey ozone.scm.block.client.port appended with serviceId and nodeId
2022-10-13 20:19:33,739 [Listener at 127.0.0.1/38225] INFO  ha.SCMNodeInfo (SCMNodeInfo.java:getPort(197)) - ConfigKey ozone.scm.datanode.address is deprecated, For configuring different ports for each SCM use PortConfigKey ozone.scm.datanode.port appended with serviceId and nodeId
2022-10-13 20:19:33,739 [Listener at 127.0.0.1/38225] INFO  proxy.SCMBlockLocationFailoverProxyProvider (SCMBlockLocationFailoverProxyProvider.java:<init>(114)) - Created block location fail-over proxy with 3 nodes: [nodeId=scmNode-2,nodeAddress=/127.0.0.1:39575, nodeId=scmNode-3,nodeAddress=/127.0.0.1:42331, nodeId=scmNode-1,nodeAddress=/127.0.0.1:34209]
OM initialization succeeded.Current cluster id for sd=/home/runner/work/ozone/ozone/hadoop-ozone/integration-test/target/test-dir/MiniOzoneClusterImpl-0c33195c-4715-4e74-9207-018c6aa32671/omNode-3/om;cid=0c33195c-4715-4e74-9207-018c6aa32671;layoutVersion=3
2022-10-13 20:19:33,749 [Listener at 127.0.0.1/38225] INFO  ha.OMHANodeDetails (OMHANodeDetails.java:loadOMHAConfig(121)) - ServiceID for OzoneManager is omServiceId1
2022-10-13 20:19:33,750 [Listener at 127.0.0.1/38225] INFO  ha.OMHANodeDetails (OMHANodeDetails.java:loadOMHAConfig(201)) - Found matching OM address with OMServiceId: omServiceId1, OMNodeId: omNode-3, RPC Address: localhost:34689 and Ratis port: 35315
2022-10-13 20:19:33,750 [Listener at 127.0.0.1/38225] INFO  ha.OMHANodeDetails (ConfUtils.java:setNodeSpecificConfigs(97)) - Setting configuration key ozone.om.http-address with value of key ozone.om.http-address.omServiceId1.omNode-3: 127.0.0.1:34397
2022-10-13 20:19:33,750 [Listener at 127.0.0.1/38225] INFO  ha.OMHANodeDetails (ConfUtils.java:setNodeSpecificConfigs(97)) - Setting configuration key ozone.om.https-address with value of key ozone.om.https-address.omServiceId1.omNode-3: 127.0.0.1:38467
2022-10-13 20:19:33,750 [Listener at 127.0.0.1/38225] INFO  ha.OMHANodeDetails (ConfUtils.java:setNodeSpecificConfigs(97)) - Setting configuration key ozone.om.address with value of key ozone.om.address.omServiceId1.omNode-3: 127.0.0.1:34689
2022-10-13 20:19:33,750 [Listener at 127.0.0.1/38225] WARN  server.ServerUtils (ServerUtils.java:getDBPath(225)) - ozone.om.db.dirs is not configured. We recommend adding this setting. Falling back to ozone.metadata.dirs instead.
2022-10-13 20:19:33,750 [Listener at 127.0.0.1/38225] INFO  upgrade.AbstractLayoutVersionManager (AbstractLayoutVersionManager.java:init(83)) - Initializing Layout version manager with metadata layout = MULTITENANCY_SCHEMA (version = 3), software layout = MULTITENANCY_SCHEMA (version = 3)
2022-10-13 20:19:33,824 [Listener at 127.0.0.1/38225] INFO  reflections.Reflections (Reflections.java:scan(232)) - Reflections took 73 ms to scan 2 urls, producing 154 keys and 428 values [using 2 cores]
2022-10-13 20:19:33,825 [Listener at 127.0.0.1/38225] INFO  upgrade.OMLayoutVersionManager (OMLayoutVersionManager.java:lambda$0(115)) - Skipping Upgrade Action MockOmUpgradeAction since it has been finalized.
2022-10-13 20:19:33,825 [Listener at 127.0.0.1/38225] WARN  server.ServerUtils (ServerUtils.java:getDBPath(225)) - ozone.om.db.dirs is not configured. We recommend adding this setting. Falling back to ozone.metadata.dirs instead.
2022-10-13 20:19:33,827 [Listener at 127.0.0.1/38225] INFO  ha.SCMNodeInfo (SCMNodeInfo.java:getPort(197)) - ConfigKey ozone.scm.client.address is deprecated, For configuring different ports for each SCM use PortConfigKey ozone.scm.client.port appended with serviceId and nodeId
2022-10-13 20:19:33,827 [Listener at 127.0.0.1/38225] INFO  ha.SCMNodeInfo (SCMNodeInfo.java:getPort(197)) - ConfigKey ozone.scm.block.client.address is deprecated, For configuring different ports for each SCM use PortConfigKey ozone.scm.block.client.port appended with serviceId and nodeId
2022-10-13 20:19:33,827 [Listener at 127.0.0.1/38225] INFO  ha.SCMNodeInfo (SCMNodeInfo.java:getPort(197)) - ConfigKey ozone.scm.datanode.address is deprecated, For configuring different ports for each SCM use PortConfigKey ozone.scm.datanode.port appended with serviceId and nodeId
2022-10-13 20:19:33,827 [Listener at 127.0.0.1/38225] INFO  ha.SCMNodeInfo (SCMNodeInfo.java:getPort(197)) - ConfigKey ozone.scm.client.address is deprecated, For configuring different ports for each SCM use PortConfigKey ozone.scm.client.port appended with serviceId and nodeId
2022-10-13 20:19:33,827 [Listener at 127.0.0.1/38225] INFO  ha.SCMNodeInfo (SCMNodeInfo.java:getPort(197)) - ConfigKey ozone.scm.block.client.address is deprecated, For configuring different ports for each SCM use PortConfigKey ozone.scm.block.client.port appended with serviceId and nodeId
2022-10-13 20:19:33,827 [Listener at 127.0.0.1/38225] INFO  ha.SCMNodeInfo (SCMNodeInfo.java:getPort(197)) - ConfigKey ozone.scm.datanode.address is deprecated, For configuring different ports for each SCM use PortConfigKey ozone.scm.datanode.port appended with serviceId and nodeId
2022-10-13 20:19:33,827 [Listener at 127.0.0.1/38225] INFO  ha.SCMNodeInfo (SCMNodeInfo.java:getPort(197)) - ConfigKey ozone.scm.client.address is deprecated, For configuring different ports for each SCM use PortConfigKey ozone.scm.client.port appended with serviceId and nodeId
2022-10-13 20:19:33,827 [Listener at 127.0.0.1/38225] INFO  ha.SCMNodeInfo (SCMNodeInfo.java:getPort(197)) - ConfigKey ozone.scm.block.client.address is deprecated, For configuring different ports for each SCM use PortConfigKey ozone.scm.block.client.port appended with serviceId and nodeId
2022-10-13 20:19:33,827 [Listener at 127.0.0.1/38225] INFO  ha.SCMNodeInfo (SCMNodeInfo.java:getPort(197)) - ConfigKey ozone.scm.datanode.address is deprecated, For configuring different ports for each SCM use PortConfigKey ozone.scm.datanode.port appended with serviceId and nodeId
2022-10-13 20:19:33,828 [Listener at 127.0.0.1/38225] INFO  ha.SCMNodeInfo (SCMNodeInfo.java:getPort(197)) - ConfigKey ozone.scm.client.address is deprecated, For configuring different ports for each SCM use PortConfigKey ozone.scm.client.port appended with serviceId and nodeId
2022-10-13 20:19:33,828 [Listener at 127.0.0.1/38225] INFO  ha.SCMNodeInfo (SCMNodeInfo.java:getPort(197)) - ConfigKey ozone.scm.block.client.address is deprecated, For configuring different ports for each SCM use PortConfigKey ozone.scm.block.client.port appended with serviceId and nodeId
2022-10-13 20:19:33,828 [Listener at 127.0.0.1/38225] INFO  ha.SCMNodeInfo (SCMNodeInfo.java:getPort(197)) - ConfigKey ozone.scm.datanode.address is deprecated, For configuring different ports for each SCM use PortConfigKey ozone.scm.datanode.port appended with serviceId and nodeId
2022-10-13 20:19:33,828 [Listener at 127.0.0.1/38225] INFO  ha.SCMNodeInfo (SCMNodeInfo.java:getPort(197)) - ConfigKey ozone.scm.client.address is deprecated, For configuring different ports for each SCM use PortConfigKey ozone.scm.client.port appended with serviceId and nodeId
2022-10-13 20:19:33,828 [Listener at 127.0.0.1/38225] INFO  ha.SCMNodeInfo (SCMNodeInfo.java:getPort(197)) - ConfigKey ozone.scm.block.client.address is deprecated, For configuring different ports for each SCM use PortConfigKey ozone.scm.block.client.port appended with serviceId and nodeId
2022-10-13 20:19:33,828 [Listener at 127.0.0.1/38225] INFO  ha.SCMNodeInfo (SCMNodeInfo.java:getPort(197)) - ConfigKey ozone.scm.datanode.address is deprecated, For configuring different ports for each SCM use PortConfigKey ozone.scm.datanode.port appended with serviceId and nodeId
2022-10-13 20:19:33,828 [Listener at 127.0.0.1/38225] INFO  ha.SCMNodeInfo (SCMNodeInfo.java:getPort(197)) - ConfigKey ozone.scm.client.address is deprecated, For configuring different ports for each SCM use PortConfigKey ozone.scm.client.port appended with serviceId and nodeId
2022-10-13 20:19:33,828 [Listener at 127.0.0.1/38225] INFO  ha.SCMNodeInfo (SCMNodeInfo.java:getPort(197)) - ConfigKey ozone.scm.block.client.address is deprecated, For configuring different ports for each SCM use PortConfigKey ozone.scm.block.client.port appended with serviceId and nodeId
2022-10-13 20:19:33,828 [Listener at 127.0.0.1/38225] INFO  ha.SCMNodeInfo (SCMNodeInfo.java:getPort(197)) - ConfigKey ozone.scm.datanode.address is deprecated, For configuring different ports for each SCM use PortConfigKey ozone.scm.datanode.port appended with serviceId and nodeId
2022-10-13 20:19:33,829 [Listener at 127.0.0.1/38225] INFO  proxy.SCMBlockLocationFailoverProxyProvider (SCMBlockLocationFailoverProxyProvider.java:<init>(114)) - Created block location fail-over proxy with 3 nodes: [nodeId=scmNode-2,nodeAddress=/127.0.0.1:39575, nodeId=scmNode-3,nodeAddress=/127.0.0.1:42331, nodeId=scmNode-1,nodeAddress=/127.0.0.1:34209]
2022-10-13 20:19:33,831 [Listener at 127.0.0.1/38225] INFO  ha.SCMNodeInfo (SCMNodeInfo.java:getPort(197)) - ConfigKey ozone.scm.client.address is deprecated, For configuring different ports for each SCM use PortConfigKey ozone.scm.client.port appended with serviceId and nodeId
2022-10-13 20:19:33,831 [Listener at 127.0.0.1/38225] INFO  ha.SCMNodeInfo (SCMNodeInfo.java:getPort(197)) - ConfigKey ozone.scm.block.client.address is deprecated, For configuring different ports for each SCM use PortConfigKey ozone.scm.block.client.port appended with serviceId and nodeId
2022-10-13 20:19:33,831 [Listener at 127.0.0.1/38225] INFO  ha.SCMNodeInfo (SCMNodeInfo.java:getPort(197)) - ConfigKey ozone.scm.datanode.address is deprecated, For configuring different ports for each SCM use PortConfigKey ozone.scm.datanode.port appended with serviceId and nodeId
2022-10-13 20:19:33,831 [Listener at 127.0.0.1/38225] INFO  ha.SCMNodeInfo (SCMNodeInfo.java:getPort(197)) - ConfigKey ozone.scm.client.address is deprecated, For configuring different ports for each SCM use PortConfigKey ozone.scm.client.port appended with serviceId and nodeId
2022-10-13 20:19:33,831 [Listener at 127.0.0.1/38225] INFO  ha.SCMNodeInfo (SCMNodeInfo.java:getPort(197)) - ConfigKey ozone.scm.block.client.address is deprecated, For configuring different ports for each SCM use PortConfigKey ozone.scm.block.client.port appended with serviceId and nodeId
2022-10-13 20:19:33,831 [Listener at 127.0.0.1/38225] INFO  ha.SCMNodeInfo (SCMNodeInfo.java:getPort(197)) - ConfigKey ozone.scm.datanode.address is deprecated, For configuring different ports for each SCM use PortConfigKey ozone.scm.datanode.port appended with serviceId and nodeId
2022-10-13 20:19:33,831 [Listener at 127.0.0.1/38225] INFO  ha.SCMNodeInfo (SCMNodeInfo.java:getPort(197)) - ConfigKey ozone.scm.client.address is deprecated, For configuring different ports for each SCM use PortConfigKey ozone.scm.client.port appended with serviceId and nodeId
2022-10-13 20:19:33,832 [Listener at 127.0.0.1/38225] INFO  ha.SCMNodeInfo (SCMNodeInfo.java:getPort(197)) - ConfigKey ozone.scm.block.client.address is deprecated, For configuring different ports for each SCM use PortConfigKey ozone.scm.block.client.port appended with serviceId and nodeId
2022-10-13 20:19:33,832 [Listener at 127.0.0.1/38225] INFO  ha.SCMNodeInfo (SCMNodeInfo.java:getPort(197)) - ConfigKey ozone.scm.datanode.address is deprecated, For configuring different ports for each SCM use PortConfigKey ozone.scm.datanode.port appended with serviceId and nodeId
2022-10-13 20:19:33,832 [Listener at 127.0.0.1/38225] INFO  proxy.SCMBlockLocationFailoverProxyProvider (SCMBlockLocationFailoverProxyProvider.java:<init>(114)) - Created block location fail-over proxy with 3 nodes: [nodeId=scmNode-2,nodeAddress=/127.0.0.1:39575, nodeId=scmNode-3,nodeAddress=/127.0.0.1:42331, nodeId=scmNode-1,nodeAddress=/127.0.0.1:34209]
2022-10-13 20:19:33,845 [Listener at 127.0.0.1/38225] WARN  server.ServerUtils (ServerUtils.java:getDBPath(225)) - ozone.om.db.dirs is not configured. We recommend adding this setting. Falling back to ozone.metadata.dirs instead.
2022-10-13 20:19:33,845 [Listener at 127.0.0.1/38225] INFO  codec.OmKeyInfoCodec (OmKeyInfoCodec.java:<init>(49)) - OmKeyInfoCodec ignorePipeline = true
2022-10-13 20:19:33,845 [Listener at 127.0.0.1/38225] INFO  codec.RepeatedOmKeyInfoCodec (RepeatedOmKeyInfoCodec.java:<init>(41)) - RepeatedOmKeyInfoCodec ignorePipeline = true
2022-10-13 20:19:34,029 [Listener at 127.0.0.1/38225] INFO  om.OzoneManager (OzoneManager.java:instantiateServices(712)) - S3 Multi-Tenancy is disabled
2022-10-13 20:19:34,031 [Listener at 127.0.0.1/38225] INFO  om.OzoneManager (OzoneManager.java:addS3GVolumeToDB(4386)) - Created Volume s3v With Owner runner required for S3Gateway operations.
2022-10-13 20:19:34,032 [Listener at 127.0.0.1/38225] WARN  server.ServerUtils (ServerUtils.java:getDefaultRatisDirectory(237)) - Storage directory for Ratis is not configured. It is a good idea to map this to an SSD disk. Falling back to ozone.metadata.dirs
2022-10-13 20:19:34,032 [Listener at 127.0.0.1/38225] WARN  utils.OzoneManagerRatisUtils (OzoneManagerRatisUtils.java:getOMRatisSnapshotDirectory(434)) - ozone.om.ratis.snapshot.dir is not configured. Falling back to ozone.metadata.dirs config
2022-10-13 20:19:34,032 [Listener at 127.0.0.1/38225] INFO  snapshot.OzoneManagerSnapshotProvider (OzoneManagerSnapshotProvider.java:<init>(76)) - Initializing OM Snapshot Provider
2022-10-13 20:19:34,033 [Listener at 127.0.0.1/38225] WARN  impl.MetricRegistriesImpl (MetricRegistriesImpl.java:addReporterRegistration(111)) - New reporters are added after registries were created. Some metrics will be missing from the reporter. Please add reporter before adding any new registry.
2022-10-13 20:19:34,033 [Listener at 127.0.0.1/38225] WARN  impl.MetricRegistriesImpl (MetricRegistriesImpl.java:addReporterRegistration(111)) - New reporters are added after registries were created. Some metrics will be missing from the reporter. Please add reporter before adding any new registry.
2022-10-13 20:19:34,033 [Listener at 127.0.0.1/38225] WARN  server.ServerUtils (ServerUtils.java:getDefaultRatisDirectory(237)) - Storage directory for Ratis is not configured. It is a good idea to map this to an SSD disk. Falling back to ozone.metadata.dirs
2022-10-13 20:19:34,035 [Listener at 127.0.0.1/38225] INFO  ratis.OzoneManagerRatisServer (OzoneManagerRatisServer.java:<init>(160)) - Instantiating OM Ratis server with groupID: omServiceId1 and peers: localhost:35315, localhost:34613, localhost:38941
2022-10-13 20:19:34,035 [Listener at 127.0.0.1/38225] INFO  ratis.OzoneManagerStateMachine (OzoneManagerStateMachine.java:loadSnapshotInfoFromDB(632)) - LastAppliedIndex is set from TransactionInfo from OM DB as (t:0, i:~)
2022-10-13 20:19:34,041 [Listener at 127.0.0.1/38225] INFO  server.RaftServer (ConfUtils.java:logGet(46)) - raft.rpc.type = GRPC (default)
2022-10-13 20:19:34,041 [Listener at 127.0.0.1/38225] INFO  grpc.GrpcFactory (GrpcFactory.java:checkPooledByteBufAllocatorUseCacheForAllThreads(48)) - PERFORMANCE WARNING: useCacheForAllThreads is true that may cause Netty to create a lot garbage objects and, as a result, trigger GC.
	It is recommended to disable useCacheForAllThreads by setting -Dorg.apache.ratis.thirdparty.io.netty.allocator.useCacheForAllThreads=false in command line.
2022-10-13 20:19:34,041 [Listener at 127.0.0.1/38225] INFO  grpc.GrpcConfigKeys (ConfUtils.java:logGet(46)) - raft.grpc.admin.port = -1 (default)
2022-10-13 20:19:34,041 [Listener at 127.0.0.1/38225] INFO  grpc.GrpcConfigKeys (ConfUtils.java:logGet(46)) - raft.grpc.server.port = 35315 (custom)
2022-10-13 20:19:34,041 [Listener at 127.0.0.1/38225] INFO  grpc.GrpcConfigKeys (ConfUtils.java:logGet(46)) - raft.grpc.client.port = -1 (default)
2022-10-13 20:19:34,042 [Listener at 127.0.0.1/38225] INFO  grpc.GrpcConfigKeys (ConfUtils.java:logGet(46)) - raft.grpc.server.port = 35315 (custom)
2022-10-13 20:19:34,042 [Listener at 127.0.0.1/38225] INFO  grpc.GrpcConfigKeys (ConfUtils.java:logGet(46)) - raft.grpc.server.port = 35315 (custom)
2022-10-13 20:19:34,042 [Listener at 127.0.0.1/38225] INFO  server.GrpcService (ConfUtils.java:logGet(46)) - raft.grpc.message.size.max = 33554432 (custom)
2022-10-13 20:19:34,042 [Listener at 127.0.0.1/38225] INFO  server.RaftServerConfigKeys (ConfUtils.java:logGet(46)) - raft.server.log.appender.buffer.byte-limit = 33554432 (custom)
2022-10-13 20:19:34,042 [Listener at 127.0.0.1/38225] INFO  server.GrpcService (ConfUtils.java:logGet(46)) - raft.grpc.flow.control.window = 1MB (=1048576) (default)
2022-10-13 20:19:34,042 [Listener at 127.0.0.1/38225] INFO  server.RaftServerConfigKeys (ConfUtils.java:logGet(46)) - raft.server.rpc.request.timeout = 3000ms (default)
2022-10-13 20:19:34,042 [Listener at 127.0.0.1/38225] INFO  grpc.GrpcConfigKeys (ConfUtils.java:logGet(46)) - raft.grpc.server.async.request.thread.pool.cached = true (default)
2022-10-13 20:19:34,042 [Listener at 127.0.0.1/38225] INFO  grpc.GrpcConfigKeys (ConfUtils.java:logGet(46)) - raft.grpc.server.async.request.thread.pool.size = 32 (default)
2022-10-13 20:19:34,045 [Listener at 127.0.0.1/38225] INFO  impl.DataStreamServerImpl (ConfUtils.java:logGet(46)) - raft.datastream.type = DISABLED (default)
2022-10-13 20:19:34,045 [Listener at 127.0.0.1/38225] INFO  server.RaftServerConfigKeys (ConfUtils.java:logGet(46)) - raft.server.threadpool.proxy.cached = true (default)
2022-10-13 20:19:34,046 [Listener at 127.0.0.1/38225] INFO  server.RaftServerConfigKeys (ConfUtils.java:logGet(46)) - raft.server.threadpool.proxy.size = 0 (default)
2022-10-13 20:19:34,046 [Listener at 127.0.0.1/38225] INFO  server.RaftServerConfigKeys (ConfUtils.java:logGet(46)) - raft.server.rpc.slowness.timeout = 2s (custom)
2022-10-13 20:19:34,046 [Listener at 127.0.0.1/38225] INFO  server.RaftServerConfigKeys (ConfUtils.java:logGet(46)) - raft.server.leaderelection.leader.step-down.wait-time = 10s (default)
2022-10-13 20:19:34,046 [Listener at 127.0.0.1/38225] INFO  server.RaftServerConfigKeys (ConfUtils.java:logGet(46)) - raft.server.storage.dir = [/home/runner/work/ozone/ozone/hadoop-ozone/integration-test/target/test-dir/MiniOzoneClusterImpl-0c33195c-4715-4e74-9207-018c6aa32671/omNode-3/ratis] (custom)
2022-10-13 20:19:34,047 [Listener at 127.0.0.1/38225] INFO  server.RaftServer (RaftServerProxy.java:addNew(96)) - omNode-3: addNew group-6C22E66A003A:[omNode-3|rpc:localhost:35315|priority:0, omNode-1|rpc:localhost:34613|priority:0, omNode-2|rpc:localhost:38941|priority:0] returns group-6C22E66A003A:java.util.concurrent.CompletableFuture@24e25c0f[Not completed]
2022-10-13 20:19:34,047 [Listener at 127.0.0.1/38225] INFO  om.OzoneManager (OzoneManager.java:initializeRatisServer(1976)) - OzoneManager Ratis server initialized at port 35315
2022-10-13 20:19:34,048 [Listener at 127.0.0.1/38225] INFO  om.OzoneManager (OzoneManager.java:getRpcServer(1102)) - Creating RPC Server
2022-10-13 20:19:34,050 [pool-175-thread-1] INFO  server.RaftServer$Division (RaftServerImpl.java:<init>(190)) - omNode-3: new RaftServerImpl for group-6C22E66A003A:[omNode-3|rpc:localhost:35315|priority:0, omNode-1|rpc:localhost:34613|priority:0, omNode-2|rpc:localhost:38941|priority:0] with OzoneManagerStateMachine:uninitialized
2022-10-13 20:19:34,050 [pool-175-thread-1] INFO  server.RaftServerConfigKeys (ConfUtils.java:logGet(46)) - raft.server.rpc.timeout.min = 1s (custom)
2022-10-13 20:19:34,051 [pool-175-thread-1] INFO  server.RaftServerConfigKeys (ConfUtils.java:logGet(46)) - raft.server.rpc.timeout.max = 1200ms (custom)
2022-10-13 20:19:34,054 [pool-175-thread-1] INFO  server.RaftServerConfigKeys (ConfUtils.java:logGet(46)) - raft.server.rpc.sleep.time = 25ms (default)
2022-10-13 20:19:34,054 [pool-175-thread-1] INFO  server.RaftServerConfigKeys (ConfUtils.java:logGet(46)) - raft.server.rpc.slowness.timeout = 2s (custom)
2022-10-13 20:19:34,055 [pool-175-thread-1] INFO  server.RaftServerConfigKeys (ConfUtils.java:logGet(46)) - raft.server.leaderelection.leader.step-down.wait-time = 10s (default)
2022-10-13 20:19:34,055 [pool-175-thread-1] INFO  server.RaftServerConfigKeys (ConfUtils.java:logGet(46)) - raft.server.sleep.deviation.threshold = 300ms (default)
2022-10-13 20:19:34,055 [pool-175-thread-1] INFO  server.RaftServer$Division (ServerState.java:<init>(107)) - omNode-3@group-6C22E66A003A: ConfigurationManager, init=-1: [omNode-3|rpc:localhost:35315|priority:0, omNode-1|rpc:localhost:34613|priority:0, omNode-2|rpc:localhost:38941|priority:0], old=null, confs=<EMPTY_MAP>
2022-10-13 20:19:34,055 [pool-175-thread-1] INFO  server.RaftServerConfigKeys (ConfUtils.java:logGet(46)) - raft.server.storage.dir = [/home/runner/work/ozone/ozone/hadoop-ozone/integration-test/target/test-dir/MiniOzoneClusterImpl-0c33195c-4715-4e74-9207-018c6aa32671/omNode-3/ratis] (custom)
2022-10-13 20:19:34,055 [pool-175-thread-1] INFO  server.RaftServerConfigKeys (ConfUtils.java:logGet(46)) - raft.server.log.corruption.policy = EXCEPTION (default)
2022-10-13 20:19:34,055 [pool-175-thread-1] INFO  server.RaftServerConfigKeys (ConfUtils.java:logGet(46)) - raft.server.storage.free-space.min = 0MB (=0) (default)
2022-10-13 20:19:34,055 [pool-175-thread-1] INFO  storage.RaftStorageDirectory (RaftStorageDirectoryImpl.java:analyzeStorage(135)) - The storage directory /home/runner/work/ozone/ozone/hadoop-ozone/integration-test/target/test-dir/MiniOzoneClusterImpl-0c33195c-4715-4e74-9207-018c6aa32671/omNode-3/ratis/9c9825ce-8ba7-3ee6-a7c3-6c22e66a003a does not exist. Creating ...
2022-10-13 20:19:34,057 [pool-175-thread-1] INFO  storage.RaftStorageDirectory (RaftStorageDirectoryImpl.java:tryLock(230)) - Lock on /home/runner/work/ozone/ozone/hadoop-ozone/integration-test/target/test-dir/MiniOzoneClusterImpl-0c33195c-4715-4e74-9207-018c6aa32671/omNode-3/ratis/9c9825ce-8ba7-3ee6-a7c3-6c22e66a003a/in_use.lock acquired by nodename 2881@fv-az186-171
2022-10-13 20:19:34,060 [pool-175-thread-1] INFO  storage.RaftStorage (RaftStorageImpl.java:format(89)) - Storage directory /home/runner/work/ozone/ozone/hadoop-ozone/integration-test/target/test-dir/MiniOzoneClusterImpl-0c33195c-4715-4e74-9207-018c6aa32671/omNode-3/ratis/9c9825ce-8ba7-3ee6-a7c3-6c22e66a003a has been successfully formatted.
2022-10-13 20:19:34,060 [pool-175-thread-1] INFO  server.RaftServerConfigKeys (ConfUtils.java:logGet(46)) - raft.server.notification.no-leader.timeout = 2s (custom)
2022-10-13 20:19:34,060 [pool-175-thread-1] INFO  server.RaftServerConfigKeys (ConfUtils.java:logGet(46)) - raft.server.log.use.memory = false (default)
2022-10-13 20:19:34,060 [pool-175-thread-1] INFO  server.RaftServerConfigKeys (ConfUtils.java:logGet(46)) - raft.server.log.purge.gap = 1000000 (custom)
2022-10-13 20:19:34,060 [pool-175-thread-1] INFO  server.RaftServerConfigKeys (ConfUtils.java:logGet(46)) - raft.server.log.appender.buffer.byte-limit = 33554432 (custom)
2022-10-13 20:19:34,061 [pool-175-thread-1] INFO  server.RaftServerConfigKeys (ConfUtils.java:logGet(46)) - raft.server.log.statemachine.data.read.timeout = 1000ms (default)
2022-10-13 20:19:34,061 [pool-175-thread-1] INFO  server.RaftServerConfigKeys (ConfUtils.java:logGet(46)) - raft.server.log.segment.size.max = 4194304 (custom)
2022-10-13 20:19:34,074 [pool-175-thread-1] INFO  server.RaftServerConfigKeys (ConfUtils.java:logGet(46)) - raft.server.log.segment.cache.num.max = 2 (custom)
2022-10-13 20:19:34,074 [pool-175-thread-1] INFO  server.RaftServerConfigKeys (ConfUtils.java:logGet(46)) - raft.server.log.segment.cache.size.max = 200MB (=209715200) (default)
2022-10-13 20:19:34,074 [pool-175-thread-1] INFO  segmented.SegmentedRaftLogWorker (SegmentedRaftLogWorker.java:<init>(187)) - new omNode-3@group-6C22E66A003A-SegmentedRaftLogWorker for RaftStorageImpl:Storage Directory /home/runner/work/ozone/ozone/hadoop-ozone/integration-test/target/test-dir/MiniOzoneClusterImpl-0c33195c-4715-4e74-9207-018c6aa32671/omNode-3/ratis/9c9825ce-8ba7-3ee6-a7c3-6c22e66a003a
2022-10-13 20:19:34,074 [pool-175-thread-1] INFO  server.RaftServerConfigKeys (ConfUtils.java:logGet(46)) - raft.server.log.queue.byte-limit = 64MB (=67108864) (default)
2022-10-13 20:19:34,074 [pool-175-thread-1] INFO  server.RaftServerConfigKeys (ConfUtils.java:logGet(46)) - raft.server.log.queue.element-limit = 4096 (default)
2022-10-13 20:19:34,074 [pool-175-thread-1] INFO  server.RaftServerConfigKeys (ConfUtils.java:logGet(46)) - raft.server.log.segment.size.max = 4194304 (custom)
2022-10-13 20:19:34,074 [pool-175-thread-1] INFO  server.RaftServerConfigKeys (ConfUtils.java:logGet(46)) - raft.server.log.preallocated.size = 4194304 (custom)
2022-10-13 20:19:34,074 [pool-175-thread-1] INFO  server.RaftServerConfigKeys (ConfUtils.java:logGet(46)) - raft.server.log.force.sync.num = 128 (default)
2022-10-13 20:19:34,074 [pool-175-thread-1] INFO  server.RaftServerConfigKeys (ConfUtils.java:logGet(46)) - raft.server.log.statemachine.data.sync = true (default)
2022-10-13 20:19:34,074 [pool-175-thread-1] INFO  server.RaftServerConfigKeys (ConfUtils.java:logGet(46)) - raft.server.log.statemachine.data.sync.timeout = 10s (default)
2022-10-13 20:19:34,075 [pool-175-thread-1] INFO  server.RaftServerConfigKeys (ConfUtils.java:logGet(46)) - raft.server.log.statemachine.data.sync.timeout.retry = -1 (default)
2022-10-13 20:19:34,075 [pool-175-thread-1] INFO  server.RaftServerConfigKeys (ConfUtils.java:logGet(46)) - raft.server.log.write.buffer.size = 64KB (=65536) (default)
2022-10-13 20:19:34,075 [pool-175-thread-1] INFO  server.RaftServerConfigKeys (ConfUtils.java:logGet(46)) - raft.server.log.unsafe-flush.enabled = false (default)
2022-10-13 20:19:34,076 [pool-175-thread-1] INFO  server.RaftServerConfigKeys (ConfUtils.java:logGet(46)) - raft.server.log.statemachine.data.caching.enabled = false (default)
2022-10-13 20:19:34,076 [pool-175-thread-1] INFO  segmented.SegmentedRaftLogWorker (SegmentedRaftLogWorker.java:lambda$new$0(135)) - omNode-3@group-6C22E66A003A-SegmentedRaftLogWorker: flushIndex: setUnconditionally 0 -> -1
2022-10-13 20:19:34,076 [pool-175-thread-1] INFO  segmented.SegmentedRaftLogWorker (SegmentedRaftLogWorker.java:lambda$new$0(135)) - omNode-3@group-6C22E66A003A-SegmentedRaftLogWorker: safeCacheEvictIndex: setUnconditionally 0 -> -1
2022-10-13 20:19:34,081 [pool-175-thread-1] INFO  server.RaftServerConfigKeys (ConfUtils.java:logGet(46)) - raft.server.snapshot.auto.trigger.enabled = true (custom)
2022-10-13 20:19:34,081 [pool-175-thread-1] INFO  server.RaftServerConfigKeys (ConfUtils.java:logGet(46)) - raft.server.snapshot.auto.trigger.threshold = 400000 (default)
2022-10-13 20:19:34,081 [pool-175-thread-1] INFO  server.RaftServerConfigKeys (ConfUtils.java:logGet(46)) - raft.server.snapshot.retention.file.num = -1 (default)
2022-10-13 20:19:34,082 [pool-175-thread-1] INFO  server.RaftServerConfigKeys (ConfUtils.java:logGet(46)) - raft.server.log.purge.upto.snapshot.index = true (custom)
2022-10-13 20:19:34,082 [pool-175-thread-1] INFO  server.RaftServerConfigKeys (ConfUtils.java:logGet(46)) - raft.server.retrycache.expirytime = 300s (custom)
2022-10-13 20:19:34,082 [pool-175-thread-1] INFO  server.RaftServerConfigKeys (ConfUtils.java:logGet(46)) - raft.server.retrycache.statistics.expirytime = 100μs (default)
2022-10-13 20:19:34,089 [pool-175-thread-1] INFO  server.RaftServerConfigKeys (ConfUtils.java:logGet(46)) - raft.server.log.appender.install.snapshot.enabled = false (custom)
2022-10-13 20:19:34,089 [pool-175-thread-1] INFO  server.RaftServerConfigKeys (ConfUtils.java:logGet(46)) - raft.server.threadpool.server.cached = true (default)
2022-10-13 20:19:34,089 [pool-175-thread-1] INFO  server.RaftServerConfigKeys (ConfUtils.java:logGet(46)) - raft.server.threadpool.server.size = 0 (default)
2022-10-13 20:19:34,090 [pool-175-thread-1] INFO  server.RaftServerConfigKeys (ConfUtils.java:logGet(46)) - raft.server.threadpool.client.cached = true (default)
2022-10-13 20:19:34,090 [pool-175-thread-1] INFO  server.RaftServerConfigKeys (ConfUtils.java:logGet(46)) - raft.server.threadpool.client.size = 0 (default)
2022-10-13 20:19:34,577 [omNode-1@group-6C22E66A003A-FollowerState] INFO  impl.FollowerState (FollowerState.java:run(143)) - omNode-1@group-6C22E66A003A-FollowerState: change to CANDIDATE, lastRpcElapsedTime:1075942441ns, electionTimeout:1057ms
2022-10-13 20:19:34,577 [omNode-1@group-6C22E66A003A-FollowerState] INFO  impl.RoleInfo (RoleInfo.java:shutdownFollowerState(110)) - omNode-1: shutdown omNode-1@group-6C22E66A003A-FollowerState
2022-10-13 20:19:34,577 [omNode-1@group-6C22E66A003A-FollowerState] INFO  server.RaftServer$Division (RaftServerImpl.java:setRole(299)) - omNode-1@group-6C22E66A003A: changes role from  FOLLOWER to CANDIDATE at term 1 for changeToCandidate
2022-10-13 20:19:34,580 [omNode-1@group-6C22E66A003A-FollowerState] INFO  server.RaftServerConfigKeys (ConfUtils.java:logGet(46)) - raft.server.leaderelection.pre-vote = false (custom)
2022-10-13 20:19:34,580 [omNode-1@group-6C22E66A003A-FollowerState] INFO  impl.RoleInfo (RoleInfo.java:updateAndGet(139)) - omNode-1: start omNode-1@group-6C22E66A003A-LeaderElection4
2022-10-13 20:19:34,583 [omNode-1@group-6C22E66A003A-LeaderElection4] INFO  impl.LeaderElection (LeaderElection.java:askForVotes(310)) - omNode-1@group-6C22E66A003A-LeaderElection4 ELECTION round 0: submit vote requests at term 2 for -1: [omNode-3|rpc:localhost:35315|priority:0, omNode-1|rpc:localhost:34613|priority:0, omNode-2|rpc:localhost:38941|priority:0], old=null
2022-10-13 20:19:34,583 [Listener at 127.0.0.1/38225] INFO  reflections.Reflections (Reflections.java:scan(232)) - Reflections took 533 ms to scan 19 urls, producing 67 keys and 4232 values [using 2 cores]
2022-10-13 20:19:34,585 [Listener at 127.0.0.1/38225] INFO  ipc.CallQueueManager (CallQueueManager.java:<init>(90)) - Using callQueue: class java.util.concurrent.LinkedBlockingQueue, queueCapacity: 2000, scheduler: class org.apache.hadoop.ipc.DefaultRpcScheduler, ipcBackoff: false.
2022-10-13 20:19:34,586 [Socket Reader #1 for port 34689] INFO  ipc.Server (Server.java:run(1273)) - Starting Socket Reader #1 for port 34689
2022-10-13 20:19:34,588 [omNode-1@group-6C22E66A003A-LeaderElection4] INFO  impl.LeaderElection (LogUtils.java:infoOrTrace(137)) - omNode-1@group-6C22E66A003A-LeaderElection4 got exception when requesting votes: java.util.concurrent.ExecutionException: org.apache.ratis.thirdparty.io.grpc.StatusRuntimeException: UNAVAILABLE: io exception
2022-10-13 20:19:34,589 [omNode-1@group-6C22E66A003A-LeaderElection4] INFO  impl.LeaderElection (LogUtils.java:infoOrTrace(137)) - omNode-1@group-6C22E66A003A-LeaderElection4 got exception when requesting votes: java.util.concurrent.ExecutionException: org.apache.ratis.thirdparty.io.grpc.StatusRuntimeException: UNAVAILABLE: io exception
2022-10-13 20:19:34,589 [omNode-1@group-6C22E66A003A-LeaderElection4] INFO  impl.LeaderElection (LeaderElection.java:logAndReturn(90)) - omNode-1@group-6C22E66A003A-LeaderElection4: ELECTION REJECTED received 0 response(s) and 2 exception(s):
2022-10-13 20:19:34,589 [omNode-1@group-6C22E66A003A-LeaderElection4] INFO  impl.LeaderElection (LogUtils.java:infoOrTrace(137)) -   Exception 0: java.util.concurrent.ExecutionException: org.apache.ratis.thirdparty.io.grpc.StatusRuntimeException: UNAVAILABLE: io exception
2022-10-13 20:19:34,589 [omNode-1@group-6C22E66A003A-LeaderElection4] INFO  impl.LeaderElection (LogUtils.java:infoOrTrace(137)) -   Exception 1: java.util.concurrent.ExecutionException: org.apache.ratis.thirdparty.io.grpc.StatusRuntimeException: UNAVAILABLE: io exception
2022-10-13 20:19:34,589 [omNode-1@group-6C22E66A003A-LeaderElection4] INFO  impl.LeaderElection (LeaderElection.java:askForVotes(312)) - omNode-1@group-6C22E66A003A-LeaderElection4 ELECTION round 0: result REJECTED
2022-10-13 20:19:34,589 [omNode-1@group-6C22E66A003A-LeaderElection4] INFO  server.RaftServer$Division (RaftServerImpl.java:setRole(299)) - omNode-1@group-6C22E66A003A: changes role from CANDIDATE to FOLLOWER at term 2 for REJECTED
2022-10-13 20:19:34,590 [omNode-1@group-6C22E66A003A-LeaderElection4] INFO  impl.RoleInfo (RoleInfo.java:shutdownLeaderElection(130)) - omNode-1: shutdown omNode-1@group-6C22E66A003A-LeaderElection4
2022-10-13 20:19:34,590 [omNode-1@group-6C22E66A003A-LeaderElection4] INFO  impl.RoleInfo (RoleInfo.java:updateAndGet(139)) - omNode-1: start omNode-1@group-6C22E66A003A-FollowerState
2022-10-13 20:19:34,620 [Listener at 127.0.0.1/34689] INFO  impl.MetricsSystemImpl (MetricsSystemImpl.java:init(158)) - OzoneManager metrics system started (again)
2022-10-13 20:19:34,634 [Listener at 127.0.0.1/34689] INFO  om.OzoneManager (OzoneManager.java:start(1483)) - OzoneManager RPC server is listening at localhost/127.0.0.1:34689
2022-10-13 20:19:34,634 [Listener at 127.0.0.1/34689] INFO  ratis.OzoneManagerRatisServer (OzoneManagerRatisServer.java:start(555)) - Starting OzoneManagerRatisServer omNode-3 at port 35315
2022-10-13 20:19:34,634 [omNode-3-impl-thread1] INFO  server.RaftServer$Division (RaftServerImpl.java:start(310)) - omNode-3@group-6C22E66A003A: start as a follower, conf=-1: [omNode-3|rpc:localhost:35315|priority:0, omNode-1|rpc:localhost:34613|priority:0, omNode-2|rpc:localhost:38941|priority:0], old=null
2022-10-13 20:19:34,635 [omNode-3-impl-thread1] INFO  server.RaftServer$Division (RaftServerImpl.java:setRole(299)) - omNode-3@group-6C22E66A003A: changes role from      null to FOLLOWER at term 0 for startAsFollower
2022-10-13 20:19:34,635 [omNode-3-impl-thread1] INFO  impl.RoleInfo (RoleInfo.java:updateAndGet(139)) - omNode-3: start omNode-3@group-6C22E66A003A-FollowerState
2022-10-13 20:19:34,635 [omNode-3-impl-thread1] INFO  util.JmxRegister (JmxRegister.java:tryRegister(44)) - Successfully registered JMX Bean with object name Ratis:service=RaftServer,group=group-6C22E66A003A,id=omNode-3
2022-10-13 20:19:34,651 [Listener at 127.0.0.1/34689] INFO  server.RaftServer (RaftServerProxy.java:lambda$start$6(382)) - omNode-3: start RPC server
2022-10-13 20:19:34,660 [Listener at 127.0.0.1/34689] INFO  server.GrpcService (GrpcService.java:startImpl(260)) - omNode-3: GrpcService started, listening on 35315
2022-10-13 20:19:34,661 [Listener at 127.0.0.1/34689] INFO  om.OzoneManager (OzoneManager.java:start(1499)) - Version File has different layout version (3) than OM DB (null). That is expected if this OM has never been finalized to a newer layout version.
2022-10-13 20:19:34,661 [org.apache.ratis.util.JvmPauseMonitor$$Lambda$519/1431033796@37274663] INFO  util.JvmPauseMonitor (JvmPauseMonitor.java:run(103)) - JvmPauseMonitor-omNode-3: Started
2022-10-13 20:19:34,674 [Listener at 127.0.0.1/34689] INFO  http.BaseHttpServer (BaseHttpServer.java:newHttpServer2BuilderForOzone(213)) - Starting Web-server for ozoneManager at: http://0.0.0.0:34397
2022-10-13 20:19:34,674 [Listener at 127.0.0.1/34689] INFO  http.BaseHttpServer (BaseHttpServer.java:<init>(108)) - Hadoop Security Enabled: false Ozone Security Enabled: false Ozone HTTP Security Enabled: false 
2022-10-13 20:19:34,675 [Listener at 127.0.0.1/34689] WARN  server.AuthenticationFilter (AuthenticationFilter.java:constructSecretProvider(240)) - Unable to initialize FileSignerSecretProvider, falling back to use random secrets. Reason: Could not read signature secret file: /home/runner/hadoop-http-auth-signature-secret
2022-10-13 20:19:34,676 [Listener at 127.0.0.1/34689] WARN  http.HttpRequestLog (HttpRequestLog.java:getRequestLog(103)) - Jetty request log can only be enabled using Log4j
2022-10-13 20:19:34,678 [Listener at 127.0.0.1/34689] INFO  http.HttpServer2 (HttpServer2.java:addGlobalFilter(1031)) - Added global filter 'safety' (class=org.apache.hadoop.hdds.server.http.HttpServer2$QuotingInputFilter)
2022-10-13 20:19:34,679 [Listener at 127.0.0.1/34689] INFO  http.HttpServer2 (HttpServer2.java:addFilter(1007)) - Added filter static_user_filter (class=org.apache.hadoop.http.lib.StaticUserWebFilter$StaticUserFilter) to context ozoneManager
2022-10-13 20:19:34,679 [Listener at 127.0.0.1/34689] INFO  http.HttpServer2 (HttpServer2.java:addFilter(1015)) - Added filter static_user_filter (class=org.apache.hadoop.http.lib.StaticUserWebFilter$StaticUserFilter) to context logs
2022-10-13 20:19:34,679 [Listener at 127.0.0.1/34689] INFO  http.HttpServer2 (HttpServer2.java:addFilter(1015)) - Added filter static_user_filter (class=org.apache.hadoop.http.lib.StaticUserWebFilter$StaticUserFilter) to context static
2022-10-13 20:19:34,680 [Listener at 127.0.0.1/34689] INFO  http.HttpServer2 (HttpServer2.java:bindListener(1250)) - Jetty bound to port 34397
2022-10-13 20:19:34,680 [Listener at 127.0.0.1/34689] INFO  server.Server (Server.java:doStart(375)) - jetty-9.4.43.v20210629; built: 2021-06-30T11:07:22.254Z; git: 526006ecfa3af7f1a27ef3a288e2bef7ea9dd7e8; jvm 1.8.0_345-b01
2022-10-13 20:19:34,683 [Listener at 127.0.0.1/34689] INFO  server.session (DefaultSessionIdManager.java:doStart(334)) - DefaultSessionIdManager workerName=node0
2022-10-13 20:19:34,683 [Listener at 127.0.0.1/34689] INFO  server.session (DefaultSessionIdManager.java:doStart(339)) - No SessionScavenger set, using defaults
2022-10-13 20:19:34,683 [Listener at 127.0.0.1/34689] INFO  server.session (HouseKeeper.java:startScavenging(132)) - node0 Scavenging every 600000ms
2022-10-13 20:19:34,684 [Listener at 127.0.0.1/34689] INFO  handler.ContextHandler (ContextHandler.java:doStart(915)) - Started o.e.j.s.ServletContextHandler@54ff0379{logs,/logs,file:///home/runner/work/ozone/ozone/hadoop-ozone/integration-test/target/log,AVAILABLE}
2022-10-13 20:19:34,684 [Listener at 127.0.0.1/34689] INFO  handler.ContextHandler (ContextHandler.java:doStart(915)) - Started o.e.j.s.ServletContextHandler@e2137ba{static,/static,file:///home/runner/work/ozone/ozone/hadoop-ozone/integration-test/target/test-classes/webapps/static,AVAILABLE}
2022-10-13 20:19:34,688 [Listener at 127.0.0.1/34689] INFO  handler.ContextHandler (ContextHandler.java:doStart(915)) - Started o.e.j.w.WebAppContext@57ee64fe{ozoneManager,/,file:///home/runner/work/ozone/ozone/hadoop-ozone/integration-test/target/test-classes/webapps/ozoneManager/,AVAILABLE}{file:/home/runner/work/ozone/ozone/hadoop-ozone/integration-test/target/test-classes/webapps/ozoneManager}
2022-10-13 20:19:34,692 [Listener at 127.0.0.1/34689] INFO  server.AbstractConnector (AbstractConnector.java:doStart(331)) - Started ServerConnector@5b2dc177{HTTP/1.1, (http/1.1)}{0.0.0.0:34397}
2022-10-13 20:19:34,692 [Listener at 127.0.0.1/34689] INFO  server.Server (Server.java:doStart(415)) - Started @22611ms
2022-10-13 20:19:34,692 [Listener at 127.0.0.1/34689] WARN  impl.MetricsSystemImpl (MetricsSystemImpl.java:register(279)) - Sink prometheus already exists!
2022-10-13 20:19:34,693 [Listener at 127.0.0.1/34689] INFO  http.BaseHttpServer (BaseHttpServer.java:updateConnectorAddress(333)) - HTTP server of ozoneManager listening at http://0.0.0.0:34397
2022-10-13 20:19:34,693 [IPC Server Responder] INFO  ipc.Server (Server.java:run(1512)) - IPC Server Responder: starting
2022-10-13 20:19:34,693 [IPC Server listener on 34689] INFO  ipc.Server (Server.java:run(1352)) - IPC Server listener on 34689: starting
2022-10-13 20:19:34,696 [Listener at 127.0.0.1/34689] INFO  om.OzoneManager (OzoneManager.java:startTrashEmptier(1920)) - Trash Interval set to 0. Files deleted won't move to trash
2022-10-13 20:19:34,696 [Listener at 127.0.0.1/34689] INFO  ozone.MiniOzoneHAClusterImpl (MiniOzoneHAClusterImpl.java:createOMService(527)) - Started OzoneManager omNode-3 RPC server at localhost/127.0.0.1:34689
2022-10-13 20:19:34,705 [omNode-2@group-6C22E66A003A-FollowerState] INFO  impl.FollowerState (FollowerState.java:run(143)) - omNode-2@group-6C22E66A003A-FollowerState: change to CANDIDATE, lastRpcElapsedTime:1085416701ns, electionTimeout:1073ms
2022-10-13 20:19:34,705 [org.apache.hadoop.util.JvmPauseMonitor$Monitor@249cef19] INFO  util.JvmPauseMonitor (JvmPauseMonitor.java:run(188)) - Starting JVM pause monitor
2022-10-13 20:19:34,705 [omNode-2@group-6C22E66A003A-FollowerState] INFO  impl.RoleInfo (RoleInfo.java:shutdownFollowerState(110)) - omNode-2: shutdown omNode-2@group-6C22E66A003A-FollowerState
2022-10-13 20:19:34,713 [omNode-2@group-6C22E66A003A-FollowerState] INFO  server.RaftServer$Division (RaftServerImpl.java:setRole(299)) - omNode-2@group-6C22E66A003A: changes role from  FOLLOWER to CANDIDATE at term 0 for changeToCandidate
2022-10-13 20:19:34,713 [omNode-2@group-6C22E66A003A-FollowerState] INFO  server.RaftServerConfigKeys (ConfUtils.java:logGet(46)) - raft.server.leaderelection.pre-vote = false (custom)
2022-10-13 20:19:34,713 [omNode-2@group-6C22E66A003A-FollowerState] INFO  impl.RoleInfo (RoleInfo.java:updateAndGet(139)) - omNode-2: start omNode-2@group-6C22E66A003A-LeaderElection5
2022-10-13 20:19:34,731 [omNode-2@group-6C22E66A003A-LeaderElection5] INFO  impl.LeaderElection (LeaderElection.java:askForVotes(310)) - omNode-2@group-6C22E66A003A-LeaderElection5 ELECTION round 0: submit vote requests at term 1 for -1: [omNode-3|rpc:localhost:35315|priority:0, omNode-1|rpc:localhost:34613|priority:0, omNode-2|rpc:localhost:38941|priority:0], old=null
2022-10-13 20:19:34,753 [grpc-default-executor-0] INFO  server.RaftServer$Division (RaftServerImpl.java:requestVote(1152)) - omNode-3@group-6C22E66A003A: receive requestVote(ELECTION, omNode-2, group-6C22E66A003A, 1, (t:0, i:~))
2022-10-13 20:19:34,754 [grpc-default-executor-0] INFO  impl.VoteContext (VoteContext.java:log(48)) - omNode-3@group-6C22E66A003A-FOLLOWER: accept ELECTION from omNode-2: our priority 0 <= candidate's priority 0
2022-10-13 20:19:34,754 [grpc-default-executor-0] INFO  server.RaftServer$Division (RaftServerImpl.java:setRole(299)) - omNode-3@group-6C22E66A003A: changes role from  FOLLOWER to FOLLOWER at term 1 for candidate:omNode-2
2022-10-13 20:19:34,754 [grpc-default-executor-0] INFO  impl.RoleInfo (RoleInfo.java:shutdownFollowerState(110)) - omNode-3: shutdown omNode-3@group-6C22E66A003A-FollowerState
2022-10-13 20:19:34,755 [omNode-3@group-6C22E66A003A-FollowerState] INFO  impl.FollowerState (FollowerState.java:run(152)) - omNode-3@group-6C22E66A003A-FollowerState was interrupted
2022-10-13 20:19:34,755 [grpc-default-executor-0] INFO  impl.RoleInfo (RoleInfo.java:updateAndGet(139)) - omNode-3: start omNode-3@group-6C22E66A003A-FollowerState
2022-10-13 20:19:34,763 [grpc-default-executor-0] INFO  server.RaftServer$Division (RaftServerImpl.java:requestVote(1184)) - omNode-3@group-6C22E66A003A replies to ELECTION vote request: omNode-2<-omNode-3#0:OK-t1. Peer's state: omNode-3@group-6C22E66A003A:t1, leader=null, voted=omNode-2, raftlog=omNode-3@group-6C22E66A003A-SegmentedRaftLog:OPENED:c-1, conf=-1: [omNode-3|rpc:localhost:35315|priority:0, omNode-1|rpc:localhost:34613|priority:0, omNode-2|rpc:localhost:38941|priority:0], old=null
2022-10-13 20:19:34,775 [omNode-2@group-6C22E66A003A-LeaderElection5] INFO  impl.LeaderElection (LeaderElection.java:logAndReturn(90)) - omNode-2@group-6C22E66A003A-LeaderElection5: ELECTION PASSED received 1 response(s) and 0 exception(s):
2022-10-13 20:19:34,775 [omNode-2@group-6C22E66A003A-LeaderElection5] INFO  impl.LeaderElection (LeaderElection.java:logAndReturn(94)) -   Response 0: omNode-2<-omNode-3#0:OK-t1
2022-10-13 20:19:34,775 [omNode-2@group-6C22E66A003A-LeaderElection5] INFO  impl.LeaderElection (LeaderElection.java:askForVotes(312)) - omNode-2@group-6C22E66A003A-LeaderElection5 ELECTION round 0: result PASSED
2022-10-13 20:19:34,775 [omNode-2@group-6C22E66A003A-LeaderElection5] INFO  impl.RoleInfo (RoleInfo.java:shutdownLeaderElection(130)) - omNode-2: shutdown omNode-2@group-6C22E66A003A-LeaderElection5
2022-10-13 20:19:34,775 [omNode-2@group-6C22E66A003A-LeaderElection5] INFO  server.RaftServer$Division (RaftServerImpl.java:setRole(299)) - omNode-2@group-6C22E66A003A: changes role from CANDIDATE to LEADER at term 1 for changeToLeader
2022-10-13 20:19:34,775 [omNode-2@group-6C22E66A003A-LeaderElection5] INFO  server.RaftServer$Division (ServerState.java:setLeader(287)) - omNode-2@group-6C22E66A003A: change Leader from null to omNode-2 at term 1 for becomeLeader, leader elected after 1828ms
2022-10-13 20:19:34,775 [omNode-2@group-6C22E66A003A-LeaderElection5] INFO  server.RaftServerConfigKeys (ConfUtils.java:logGet(46)) - raft.server.staging.catchup.gap = 1000 (default)
2022-10-13 20:19:34,776 [omNode-2@group-6C22E66A003A-LeaderElection5] INFO  server.RaftServerConfigKeys (ConfUtils.java:logGet(46)) - raft.server.write.element-limit = 4096 (default)
2022-10-13 20:19:34,776 [omNode-2@group-6C22E66A003A-LeaderElection5] INFO  server.RaftServerConfigKeys (ConfUtils.java:logGet(46)) - raft.server.write.byte-limit = 64MB (=67108864) (default)
2022-10-13 20:19:34,778 [omNode-2@group-6C22E66A003A-LeaderElection5] INFO  server.RaftServerConfigKeys (ConfUtils.java:logGet(46)) - raft.server.watch.timeout = 10s (default)
2022-10-13 20:19:34,778 [omNode-2@group-6C22E66A003A-LeaderElection5] INFO  server.RaftServerConfigKeys (ConfUtils.java:logGet(46)) - raft.server.watch.timeout.denomination = 1s (default)
2022-10-13 20:19:34,778 [omNode-2@group-6C22E66A003A-LeaderElection5] INFO  server.RaftServerConfigKeys (ConfUtils.java:logGet(46)) - raft.server.watch.element-limit = 65536 (default)
2022-10-13 20:19:34,778 [omNode-2@group-6C22E66A003A-LeaderElection5] INFO  server.RaftServerConfigKeys (ConfUtils.java:logGet(46)) - raft.server.write.element-limit = 4096 (default)
2022-10-13 20:19:34,778 [omNode-2@group-6C22E66A003A-LeaderElection5] INFO  server.RaftServerConfigKeys (ConfUtils.java:logGet(46)) - raft.server.write.follower.gap.ratio.max = -1.0 (default)
2022-10-13 20:19:34,781 [omNode-2@group-6C22E66A003A-LeaderElection5] INFO  server.RaftServerConfigKeys (ConfUtils.java:logGet(46)) - raft.server.log.appender.snapshot.chunk.size.max = 16MB (=16777216) (default)
2022-10-13 20:19:34,781 [omNode-2@group-6C22E66A003A-LeaderElection5] INFO  server.RaftServerConfigKeys (ConfUtils.java:logGet(46)) - raft.server.log.appender.buffer.byte-limit = 33554432 (custom)
2022-10-13 20:19:34,782 [omNode-2@group-6C22E66A003A-LeaderElection5] INFO  server.RaftServerConfigKeys (ConfUtils.java:logGet(46)) - raft.server.log.appender.buffer.element-limit = 1024 (custom)
2022-10-13 20:19:34,782 [omNode-2@group-6C22E66A003A-LeaderElection5] INFO  grpc.GrpcConfigKeys (ConfUtils.java:logGet(46)) - raft.grpc.server.leader.outstanding.appends.max = 128 (default)
2022-10-13 20:19:34,782 [omNode-2@group-6C22E66A003A-LeaderElection5] INFO  server.RaftServerConfigKeys (ConfUtils.java:logGet(46)) - raft.server.rpc.request.timeout = 3000ms (default)
2022-10-13 20:19:34,782 [omNode-2@group-6C22E66A003A-LeaderElection5] INFO  server.RaftServerConfigKeys (ConfUtils.java:logGet(46)) - raft.server.log.appender.install.snapshot.enabled = false (custom)
2022-10-13 20:19:34,785 [omNode-2@group-6C22E66A003A-LeaderElection5] INFO  server.RaftServerConfigKeys (ConfUtils.java:logGet(46)) - raft.server.log.appender.snapshot.chunk.size.max = 16MB (=16777216) (default)
2022-10-13 20:19:34,785 [omNode-2@group-6C22E66A003A-LeaderElection5] INFO  server.RaftServerConfigKeys (ConfUtils.java:logGet(46)) - raft.server.log.appender.buffer.byte-limit = 33554432 (custom)
2022-10-13 20:19:34,785 [omNode-2@group-6C22E66A003A-LeaderElection5] INFO  server.RaftServerConfigKeys (ConfUtils.java:logGet(46)) - raft.server.log.appender.buffer.element-limit = 1024 (custom)
2022-10-13 20:19:34,785 [omNode-2@group-6C22E66A003A-LeaderElection5] INFO  grpc.GrpcConfigKeys (ConfUtils.java:logGet(46)) - raft.grpc.server.leader.outstanding.appends.max = 128 (default)
2022-10-13 20:19:34,785 [omNode-2@group-6C22E66A003A-LeaderElection5] INFO  server.RaftServerConfigKeys (ConfUtils.java:logGet(46)) - raft.server.rpc.request.timeout = 3000ms (default)
2022-10-13 20:19:34,785 [omNode-2@group-6C22E66A003A-LeaderElection5] INFO  server.RaftServerConfigKeys (ConfUtils.java:logGet(46)) - raft.server.log.appender.install.snapshot.enabled = false (custom)
2022-10-13 20:19:34,785 [omNode-2@group-6C22E66A003A-LeaderElection5] INFO  impl.RoleInfo (RoleInfo.java:updateAndGet(139)) - omNode-2: start omNode-2@group-6C22E66A003A-LeaderStateImpl
2022-10-13 20:19:34,790 [omNode-2@group-6C22E66A003A-LeaderElection5] INFO  segmented.SegmentedRaftLogWorker (SegmentedRaftLogWorker.java:startLogSegment(425)) - omNode-2@group-6C22E66A003A-SegmentedRaftLogWorker: Starting segment from index:0
2022-10-13 20:19:34,802 [grpc-default-executor-0] INFO  server.RaftServer$Division (RaftServerImpl.java:requestVote(1152)) - omNode-1@group-6C22E66A003A: receive requestVote(ELECTION, omNode-2, group-6C22E66A003A, 1, (t:0, i:~))
2022-10-13 20:19:34,802 [grpc-default-executor-0] INFO  impl.VoteContext (VoteContext.java:log(48)) - omNode-1@group-6C22E66A003A-FOLLOWER: reject ELECTION from omNode-2: current term 2 > candidate's term 1
2022-10-13 20:19:34,802 [grpc-default-executor-0] INFO  server.RaftServer$Division (RaftServerImpl.java:requestVote(1184)) - omNode-1@group-6C22E66A003A replies to ELECTION vote request: omNode-2<-omNode-1#0:FAIL-t2. Peer's state: omNode-1@group-6C22E66A003A:t2, leader=null, voted=omNode-1, raftlog=omNode-1@group-6C22E66A003A-SegmentedRaftLog:OPENED:c-1, conf=-1: [omNode-3|rpc:localhost:35315|priority:0, omNode-1|rpc:localhost:34613|priority:0, omNode-2|rpc:localhost:38941|priority:0], old=null
2022-10-13 20:19:34,803 [omNode-2@group-6C22E66A003A-SegmentedRaftLogWorker] INFO  segmented.SegmentedRaftLogWorker (SegmentedRaftLogWorker.java:execute(629)) - omNode-2@group-6C22E66A003A-SegmentedRaftLogWorker: created new log segment /home/runner/work/ozone/ozone/hadoop-ozone/integration-test/target/test-dir/MiniOzoneClusterImpl-0c33195c-4715-4e74-9207-018c6aa32671/omNode-2/ratis/9c9825ce-8ba7-3ee6-a7c3-6c22e66a003a/current/log_inprogress_0
2022-10-13 20:19:34,803 [omNode-2@group-6C22E66A003A-LeaderElection5] INFO  server.RaftServer$Division (ServerState.java:setRaftConf(393)) - omNode-2@group-6C22E66A003A: set configuration 0: [omNode-3|rpc:localhost:35315|admin:|client:|dataStream:|priority:0, omNode-1|rpc:localhost:34613|admin:|client:|dataStream:|priority:0, omNode-2|rpc:localhost:38941|admin:|client:|dataStream:|priority:0], old=null
2022-10-13 20:19:34,819 [omNode-2@group-6C22E66A003A-StateMachineUpdater] INFO  ratis.OzoneManagerStateMachine (OzoneManagerStateMachine.java:notifyConfigurationChanged(192)) - Received Configuration change notification from Ratis. New Peer list:
[id: "omNode-3"
address: "localhost:35315"
, id: "omNode-1"
address: "localhost:34613"
, id: "omNode-2"
address: "localhost:38941"
]
2022-10-13 20:19:34,832 [omNode-2@group-6C22E66A003A-LeaderStateImpl] INFO  server.RaftServer$Division (ServerState.java:setLeader(287)) - omNode-2@group-6C22E66A003A: change Leader from omNode-2 to null at term 2 for updateCurrentTerm
2022-10-13 20:19:34,832 [omNode-2@group-6C22E66A003A-LeaderStateImpl] INFO  server.RaftServer$Division (RaftServerImpl.java:setRole(299)) - omNode-2@group-6C22E66A003A: changes role from    LEADER to FOLLOWER at term 2 for StepDownReason:HIGHER_TERM
2022-10-13 20:19:34,832 [omNode-2@group-6C22E66A003A-LeaderStateImpl] INFO  impl.RoleInfo (RoleInfo.java:shutdownLeaderState(93)) - omNode-2: shutdown omNode-2@group-6C22E66A003A-LeaderStateImpl
2022-10-13 20:19:34,839 [omNode-2@group-6C22E66A003A->omNode-3-GrpcLogAppender-LogAppenderDaemon] WARN  server.GrpcLogAppender (GrpcLogAppender.java:mayWait(171)) - omNode-2@group-6C22E66A003A->omNode-3-GrpcLogAppender: Wait interrupted by java.lang.InterruptedException
2022-10-13 20:19:34,840 [omNode-2@group-6C22E66A003A->omNode-1-GrpcLogAppender-LogAppenderDaemon] WARN  server.GrpcLogAppender (GrpcLogAppender.java:mayWait(171)) - omNode-2@group-6C22E66A003A->omNode-1-GrpcLogAppender: Wait interrupted by java.lang.InterruptedException
2022-10-13 20:19:34,840 [omNode-2@group-6C22E66A003A-LeaderStateImpl] INFO  impl.PendingRequests (PendingRequests.java:sendNotLeaderResponses(282)) - omNode-2@group-6C22E66A003A-PendingRequests: sendNotLeaderResponses
2022-10-13 20:19:34,850 [omNode-2@group-6C22E66A003A-LeaderStateImpl] INFO  impl.RoleInfo (RoleInfo.java:updateAndGet(139)) - omNode-2: start omNode-2@group-6C22E66A003A-FollowerState
2022-10-13 20:19:34,852 [grpc-default-executor-1] INFO  server.GrpcServerProtocolService (GrpcServerProtocolService.java:onCompleted(140)) - omNode-1: Completed APPEND_ENTRIES, lastRequest: omNode-2->omNode-1#1-t1,previous=(t:0, i:0),leaderCommit=0,initializing? true,entries: size=1, first=(t:1, i:0), CONFIGURATIONENTRY
2022-10-13 20:19:34,855 [grpc-default-executor-0] INFO  server.GrpcLogAppender (GrpcLogAppender.java:onCompleted(339)) - omNode-2@group-6C22E66A003A->omNode-1-AppendLogResponseHandler: follower responses appendEntries COMPLETED
2022-10-13 20:19:34,858 [grpc-default-executor-0] INFO  leader.FollowerInfo (FollowerInfoImpl.java:lambda$new$0(48)) - omNode-2@group-6C22E66A003A->omNode-1: nextIndex: updateUnconditionally 1 -> 0
2022-10-13 20:19:34,861 [omNode-3-server-thread1] INFO  server.RaftServer$Division (ServerState.java:setLeader(287)) - omNode-3@group-6C22E66A003A: change Leader from null to omNode-2 at term 1 for appendEntries, leader elected after 800ms
2022-10-13 20:19:34,863 [omNode-3-server-thread1] INFO  server.RaftServer$Division (ServerState.java:setRaftConf(393)) - omNode-3@group-6C22E66A003A: set configuration 0: [omNode-3|rpc:localhost:35315|admin:|client:|dataStream:|priority:0, omNode-1|rpc:localhost:34613|admin:|client:|dataStream:|priority:0, omNode-2|rpc:localhost:38941|admin:|client:|dataStream:|priority:0], old=null
2022-10-13 20:19:34,863 [omNode-3-server-thread1] INFO  segmented.SegmentedRaftLogWorker (SegmentedRaftLogWorker.java:startLogSegment(425)) - omNode-3@group-6C22E66A003A-SegmentedRaftLogWorker: Starting segment from index:0
2022-10-13 20:19:34,863 [grpc-default-executor-2] INFO  server.GrpcServerProtocolService (GrpcServerProtocolService.java:onCompleted(140)) - omNode-3: Completed APPEND_ENTRIES, lastRequest: omNode-2->omNode-3#1-t1,previous=(t:0, i:0),leaderCommit=0,initializing? true,entries: size=1, first=(t:1, i:0), CONFIGURATIONENTRY
2022-10-13 20:19:34,870 [grpc-default-executor-1] INFO  server.GrpcLogAppender (GrpcLogAppender.java:onCompleted(339)) - omNode-2@group-6C22E66A003A->omNode-3-AppendLogResponseHandler: follower responses appendEntries COMPLETED
2022-10-13 20:19:34,871 [grpc-default-executor-1] INFO  leader.FollowerInfo (FollowerInfoImpl.java:lambda$new$0(48)) - omNode-2@group-6C22E66A003A->omNode-3: nextIndex: updateUnconditionally 1 -> 0
2022-10-13 20:19:34,882 [omNode-3@group-6C22E66A003A-SegmentedRaftLogWorker] INFO  segmented.SegmentedRaftLogWorker (SegmentedRaftLogWorker.java:execute(629)) - omNode-3@group-6C22E66A003A-SegmentedRaftLogWorker: created new log segment /home/runner/work/ozone/ozone/hadoop-ozone/integration-test/target/test-dir/MiniOzoneClusterImpl-0c33195c-4715-4e74-9207-018c6aa32671/omNode-3/ratis/9c9825ce-8ba7-3ee6-a7c3-6c22e66a003a/current/log_inprogress_0
2022-10-13 20:19:34,889 [omNode-3@group-6C22E66A003A-StateMachineUpdater] INFO  ratis.OzoneManagerStateMachine (OzoneManagerStateMachine.java:notifyConfigurationChanged(192)) - Received Configuration change notification from Ratis. New Peer list:
[id: "omNode-3"
address: "localhost:35315"
, id: "omNode-1"
address: "localhost:34613"
, id: "omNode-2"
address: "localhost:38941"
]
2022-10-13 20:19:34,997 [Listener at 127.0.0.1/34689] WARN  impl.MetricRegistriesImpl (MetricRegistriesImpl.java:addReporterRegistration(111)) - New reporters are added after registries were created. Some metrics will be missing from the reporter. Please add reporter before adding any new registry.
2022-10-13 20:19:34,997 [Listener at 127.0.0.1/34689] WARN  impl.MetricRegistriesImpl (MetricRegistriesImpl.java:addReporterRegistration(111)) - New reporters are added after registries were created. Some metrics will be missing from the reporter. Please add reporter before adding any new registry.
2022-10-13 20:19:34,997 [Listener at 127.0.0.1/34689] INFO  impl.MetricsSystemImpl (MetricsSystemImpl.java:init(158)) - HddsDatanode metrics system started (again)
2022-10-13 20:19:35,016 [Listener at 127.0.0.1/34689] INFO  ozone.HddsDatanodeService (HddsDatanodeService.java:start(236)) - HddsDatanodeService host:fv-az186-171.qnicg3m0sonedg4msc5mrdkamh.cx.internal.cloudapp.net ip:10.1.2.27
2022-10-13 20:19:35,052 [Listener at 127.0.0.1/34689] INFO  upgrade.AbstractLayoutVersionManager (AbstractLayoutVersionManager.java:init(83)) - Initializing Layout version manager with metadata layout = DATANODE_SCHEMA_V3 (version = 4), software layout = DATANODE_SCHEMA_V3 (version = 4)
2022-10-13 20:19:35,100 [Listener at 127.0.0.1/34689] INFO  reflections.Reflections (Reflections.java:scan(232)) - Reflections took 47 ms to scan 7 urls, producing 137 keys and 328 values 
2022-10-13 20:19:35,103 [Listener at 127.0.0.1/34689] INFO  ha.SCMNodeInfo (SCMNodeInfo.java:getPort(197)) - ConfigKey ozone.scm.client.address is deprecated, For configuring different ports for each SCM use PortConfigKey ozone.scm.client.port appended with serviceId and nodeId
2022-10-13 20:19:35,104 [Listener at 127.0.0.1/34689] INFO  ha.SCMNodeInfo (SCMNodeInfo.java:getPort(197)) - ConfigKey ozone.scm.block.client.address is deprecated, For configuring different ports for each SCM use PortConfigKey ozone.scm.block.client.port appended with serviceId and nodeId
2022-10-13 20:19:35,104 [Listener at 127.0.0.1/34689] INFO  ha.SCMNodeInfo (SCMNodeInfo.java:getPort(197)) - ConfigKey ozone.scm.datanode.address is deprecated, For configuring different ports for each SCM use PortConfigKey ozone.scm.datanode.port appended with serviceId and nodeId
2022-10-13 20:19:35,104 [Listener at 127.0.0.1/34689] INFO  ha.SCMNodeInfo (SCMNodeInfo.java:getPort(197)) - ConfigKey ozone.scm.client.address is deprecated, For configuring different ports for each SCM use PortConfigKey ozone.scm.client.port appended with serviceId and nodeId
2022-10-13 20:19:35,104 [Listener at 127.0.0.1/34689] INFO  ha.SCMNodeInfo (SCMNodeInfo.java:getPort(197)) - ConfigKey ozone.scm.block.client.address is deprecated, For configuring different ports for each SCM use PortConfigKey ozone.scm.block.client.port appended with serviceId and nodeId
2022-10-13 20:19:35,104 [Listener at 127.0.0.1/34689] INFO  ha.SCMNodeInfo (SCMNodeInfo.java:getPort(197)) - ConfigKey ozone.scm.datanode.address is deprecated, For configuring different ports for each SCM use PortConfigKey ozone.scm.datanode.port appended with serviceId and nodeId
2022-10-13 20:19:35,104 [Listener at 127.0.0.1/34689] INFO  ha.SCMNodeInfo (SCMNodeInfo.java:getPort(197)) - ConfigKey ozone.scm.client.address is deprecated, For configuring different ports for each SCM use PortConfigKey ozone.scm.client.port appended with serviceId and nodeId
2022-10-13 20:19:35,104 [Listener at 127.0.0.1/34689] INFO  ha.SCMNodeInfo (SCMNodeInfo.java:getPort(197)) - ConfigKey ozone.scm.block.client.address is deprecated, For configuring different ports for each SCM use PortConfigKey ozone.scm.block.client.port appended with serviceId and nodeId
2022-10-13 20:19:35,104 [Listener at 127.0.0.1/34689] INFO  ha.SCMNodeInfo (SCMNodeInfo.java:getPort(197)) - ConfigKey ozone.scm.datanode.address is deprecated, For configuring different ports for each SCM use PortConfigKey ozone.scm.datanode.port appended with serviceId and nodeId
2022-10-13 20:19:35,104 [Listener at 127.0.0.1/34689] INFO  statemachine.DatanodeStateMachine (DatanodeStateMachine.java:getEndPointTaskThreadPoolSize(237)) - Datanode State Machine Task Thread Pool size 4
2022-10-13 20:19:35,166 [Listener at 127.0.0.1/34689] INFO  volume.HddsVolume (HddsVolume.java:<init>(117)) - Creating HddsVolume: /home/runner/work/ozone/ozone/hadoop-ozone/integration-test/target/test-dir/MiniOzoneClusterImpl-0c33195c-4715-4e74-9207-018c6aa32671/datanode-0/data-0/containers/hdds of storage type : DISK capacity : 9223372036854775807
2022-10-13 20:19:35,168 [Listener at 127.0.0.1/34689] INFO  volume.MutableVolumeSet (MutableVolumeSet.java:initializeVolumeSet(174)) - Added Volume : /home/runner/work/ozone/ozone/hadoop-ozone/integration-test/target/test-dir/MiniOzoneClusterImpl-0c33195c-4715-4e74-9207-018c6aa32671/datanode-0/data-0/containers/hdds to VolumeSet
2022-10-13 20:19:35,169 [Listener at 127.0.0.1/34689] INFO  volume.ThrottledAsyncChecker (ThrottledAsyncChecker.java:schedule(141)) - Scheduling a check for /home/runner/work/ozone/ozone/hadoop-ozone/integration-test/target/test-dir/MiniOzoneClusterImpl-0c33195c-4715-4e74-9207-018c6aa32671/datanode-0/data-0/containers/hdds
2022-10-13 20:19:35,187 [Listener at 127.0.0.1/34689] INFO  volume.StorageVolumeChecker (StorageVolumeChecker.java:checkAllVolumes(202)) - Scheduled health check for volume /home/runner/work/ozone/ozone/hadoop-ozone/integration-test/target/test-dir/MiniOzoneClusterImpl-0c33195c-4715-4e74-9207-018c6aa32671/datanode-0/data-0/containers/hdds
2022-10-13 20:19:35,204 [Listener at 127.0.0.1/34689] INFO  volume.MutableVolumeSet (MutableVolumeSet.java:initializeVolumeSet(174)) - Added Volume : /home/runner/work/ozone/ozone/hadoop-ozone/integration-test/target/test-dir/MiniOzoneClusterImpl-0c33195c-4715-4e74-9207-018c6aa32671/datanode-0/data/ratis to VolumeSet
2022-10-13 20:19:35,204 [Listener at 127.0.0.1/34689] INFO  volume.ThrottledAsyncChecker (ThrottledAsyncChecker.java:schedule(141)) - Scheduling a check for /home/runner/work/ozone/ozone/hadoop-ozone/integration-test/target/test-dir/MiniOzoneClusterImpl-0c33195c-4715-4e74-9207-018c6aa32671/datanode-0/data/ratis
2022-10-13 20:19:35,205 [Listener at 127.0.0.1/34689] INFO  volume.StorageVolumeChecker (StorageVolumeChecker.java:checkAllVolumes(202)) - Scheduled health check for volume /home/runner/work/ozone/ozone/hadoop-ozone/integration-test/target/test-dir/MiniOzoneClusterImpl-0c33195c-4715-4e74-9207-018c6aa32671/datanode-0/data/ratis
2022-10-13 20:19:35,225 [Thread-703] INFO  ozoneimpl.ContainerReader (ContainerReader.java:readVolume(175)) - Finish verifying containers on volume /home/runner/work/ozone/ozone/hadoop-ozone/integration-test/target/test-dir/MiniOzoneClusterImpl-0c33195c-4715-4e74-9207-018c6aa32671/datanode-0/data-0/containers/hdds
2022-10-13 20:19:35,226 [Listener at 127.0.0.1/34689] INFO  ozoneimpl.OzoneContainer (OzoneContainer.java:buildContainerSet(300)) - Build ContainerSet costs 0s
2022-10-13 20:19:35,276 [Listener at 127.0.0.1/34689] INFO  audit.AuditLogger (AuditLogger.java:refreshDebugCmdSet(126)) - Refresh DebugCmdSet for DNAudit to [].
2022-10-13 20:19:35,308 [Listener at 127.0.0.1/34689] INFO  server.RaftServer (ConfUtils.java:logGet(46)) - raft.rpc.type = GRPC (default)
2022-10-13 20:19:35,308 [Listener at 127.0.0.1/34689] INFO  grpc.GrpcFactory (GrpcFactory.java:checkPooledByteBufAllocatorUseCacheForAllThreads(48)) - PERFORMANCE WARNING: useCacheForAllThreads is true that may cause Netty to create a lot garbage objects and, as a result, trigger GC.
	It is recommended to disable useCacheForAllThreads by setting -Dorg.apache.ratis.thirdparty.io.netty.allocator.useCacheForAllThreads=false in command line.
2022-10-13 20:19:35,309 [Listener at 127.0.0.1/34689] INFO  grpc.GrpcConfigKeys (ConfUtils.java:logGet(46)) - raft.grpc.admin.port = 0 (custom)
2022-10-13 20:19:35,309 [Listener at 127.0.0.1/34689] INFO  grpc.GrpcConfigKeys (ConfUtils.java:logGet(46)) - raft.grpc.client.port = 0 (custom)
2022-10-13 20:19:35,309 [Listener at 127.0.0.1/34689] INFO  grpc.GrpcConfigKeys (ConfUtils.java:logGet(46)) - raft.grpc.server.port = 0 (default)
2022-10-13 20:19:35,309 [Listener at 127.0.0.1/34689] INFO  server.GrpcService (ConfUtils.java:logGet(46)) - raft.grpc.message.size.max = 32MB (=33554432) (custom)
2022-10-13 20:19:35,309 [Listener at 127.0.0.1/34689] INFO  server.RaftServerConfigKeys (ConfUtils.java:logGet(46)) - raft.server.log.appender.buffer.byte-limit = 33554432 (custom)
2022-10-13 20:19:35,309 [Listener at 127.0.0.1/34689] INFO  server.GrpcService (ConfUtils.java:logGet(46)) - raft.grpc.flow.control.window = 5MB (=5242880) (custom)
2022-10-13 20:19:35,309 [Listener at 127.0.0.1/34689] INFO  server.RaftServerConfigKeys (ConfUtils.java:logGet(46)) - raft.server.rpc.request.timeout = 60s (custom)
2022-10-13 20:19:35,309 [Listener at 127.0.0.1/34689] INFO  grpc.GrpcConfigKeys (ConfUtils.java:logGet(46)) - raft.grpc.server.async.request.thread.pool.cached = true (default)
2022-10-13 20:19:35,310 [Listener at 127.0.0.1/34689] INFO  grpc.GrpcConfigKeys (ConfUtils.java:logGet(46)) - raft.grpc.server.async.request.thread.pool.size = 32 (default)
2022-10-13 20:19:35,311 [Listener at 127.0.0.1/34689] INFO  impl.DataStreamServerImpl (ConfUtils.java:logGet(46)) - raft.datastream.type = DISABLED (default)
2022-10-13 20:19:35,311 [Listener at 127.0.0.1/34689] INFO  server.RaftServerConfigKeys (ConfUtils.java:logGet(46)) - raft.server.threadpool.proxy.cached = true (default)
2022-10-13 20:19:35,311 [Listener at 127.0.0.1/34689] INFO  server.RaftServerConfigKeys (ConfUtils.java:logGet(46)) - raft.server.threadpool.proxy.size = 0 (default)
2022-10-13 20:19:35,311 [Listener at 127.0.0.1/34689] INFO  server.RaftServerConfigKeys (ConfUtils.java:logGet(46)) - raft.server.rpc.slowness.timeout = 300s (custom)
2022-10-13 20:19:35,311 [Listener at 127.0.0.1/34689] INFO  server.RaftServerConfigKeys (ConfUtils.java:logGet(46)) - raft.server.leaderelection.leader.step-down.wait-time = 10s (default)
2022-10-13 20:19:35,312 [Listener at 127.0.0.1/34689] INFO  server.RaftServerConfigKeys (ConfUtils.java:logGet(46)) - raft.server.storage.dir = [/home/runner/work/ozone/ozone/hadoop-ozone/integration-test/target/test-dir/MiniOzoneClusterImpl-0c33195c-4715-4e74-9207-018c6aa32671/datanode-0/data/ratis] (custom)
2022-10-13 20:19:35,332 [Listener at 127.0.0.1/34689] INFO  server.XceiverServerGrpc (XceiverServerGrpc.java:<init>(132)) - GrpcServer channel type EpollServerSocketChannel
2022-10-13 20:19:35,415 [Listener at 127.0.0.1/34689] INFO  http.BaseHttpServer (BaseHttpServer.java:newHttpServer2BuilderForOzone(213)) - Starting Web-server for hddsDatanode at: http://0.0.0.0:0
2022-10-13 20:19:35,415 [Listener at 127.0.0.1/34689] INFO  http.BaseHttpServer (BaseHttpServer.java:<init>(108)) - Hadoop Security Enabled: false Ozone Security Enabled: false Ozone HTTP Security Enabled: false 
2022-10-13 20:19:35,418 [Listener at 127.0.0.1/34689] WARN  server.AuthenticationFilter (AuthenticationFilter.java:constructSecretProvider(240)) - Unable to initialize FileSignerSecretProvider, falling back to use random secrets. Reason: Could not read signature secret file: /home/runner/hadoop-http-auth-signature-secret
2022-10-13 20:19:35,419 [Listener at 127.0.0.1/34689] WARN  http.HttpRequestLog (HttpRequestLog.java:getRequestLog(103)) - Jetty request log can only be enabled using Log4j
2022-10-13 20:19:35,420 [Listener at 127.0.0.1/34689] INFO  http.HttpServer2 (HttpServer2.java:addGlobalFilter(1031)) - Added global filter 'safety' (class=org.apache.hadoop.hdds.server.http.HttpServer2$QuotingInputFilter)
2022-10-13 20:19:35,421 [Listener at 127.0.0.1/34689] INFO  http.HttpServer2 (HttpServer2.java:addFilter(1007)) - Added filter static_user_filter (class=org.apache.hadoop.http.lib.StaticUserWebFilter$StaticUserFilter) to context hddsDatanode
2022-10-13 20:19:35,421 [Listener at 127.0.0.1/34689] INFO  http.HttpServer2 (HttpServer2.java:addFilter(1015)) - Added filter static_user_filter (class=org.apache.hadoop.http.lib.StaticUserWebFilter$StaticUserFilter) to context static
2022-10-13 20:19:35,421 [Listener at 127.0.0.1/34689] INFO  http.HttpServer2 (HttpServer2.java:addFilter(1015)) - Added filter static_user_filter (class=org.apache.hadoop.http.lib.StaticUserWebFilter$StaticUserFilter) to context logs
2022-10-13 20:19:35,422 [Listener at 127.0.0.1/34689] INFO  http.HttpServer2 (HttpServer2.java:bindListener(1250)) - Jetty bound to port 44105
2022-10-13 20:19:35,422 [Listener at 127.0.0.1/34689] INFO  server.Server (Server.java:doStart(375)) - jetty-9.4.43.v20210629; built: 2021-06-30T11:07:22.254Z; git: 526006ecfa3af7f1a27ef3a288e2bef7ea9dd7e8; jvm 1.8.0_345-b01
2022-10-13 20:19:35,428 [Listener at 127.0.0.1/34689] INFO  server.session (DefaultSessionIdManager.java:doStart(334)) - DefaultSessionIdManager workerName=node0
2022-10-13 20:19:35,429 [Listener at 127.0.0.1/34689] INFO  server.session (DefaultSessionIdManager.java:doStart(339)) - No SessionScavenger set, using defaults
2022-10-13 20:19:35,429 [Listener at 127.0.0.1/34689] INFO  server.session (HouseKeeper.java:startScavenging(132)) - node0 Scavenging every 600000ms
2022-10-13 20:19:35,430 [Listener at 127.0.0.1/34689] INFO  handler.ContextHandler (ContextHandler.java:doStart(915)) - Started o.e.j.s.ServletContextHandler@97a32a7{logs,/logs,file:///home/runner/work/ozone/ozone/hadoop-ozone/integration-test/target/log,AVAILABLE}
2022-10-13 20:19:35,430 [Listener at 127.0.0.1/34689] INFO  handler.ContextHandler (ContextHandler.java:doStart(915)) - Started o.e.j.s.ServletContextHandler@305b061c{static,/static,jar:file:/home/runner/.m2/repository/org/apache/ozone/hdds-container-service/1.3.0-SNAPSHOT/hdds-container-service-1.3.0-SNAPSHOT.jar!/webapps/static,AVAILABLE}
2022-10-13 20:19:35,708 [Listener at 127.0.0.1/34689] INFO  handler.ContextHandler (ContextHandler.java:doStart(915)) - Started o.e.j.w.WebAppContext@16efb0c{hddsDatanode,/,file:///tmp/jetty-0_0_0_0-44105-hdds-container-service-1_3_0-SNAPSHOT_jar-_-any-4380318198776370887/webapp/,AVAILABLE}{jar:file:/home/runner/.m2/repository/org/apache/ozone/hdds-container-service/1.3.0-SNAPSHOT/hdds-container-service-1.3.0-SNAPSHOT.jar!/webapps/hddsDatanode}
2022-10-13 20:19:35,710 [Listener at 127.0.0.1/34689] INFO  server.AbstractConnector (AbstractConnector.java:doStart(331)) - Started ServerConnector@4a96d70d{HTTP/1.1, (http/1.1)}{0.0.0.0:44105}
2022-10-13 20:19:35,710 [Listener at 127.0.0.1/34689] INFO  server.Server (Server.java:doStart(415)) - Started @23629ms
2022-10-13 20:19:35,710 [Listener at 127.0.0.1/34689] WARN  impl.MetricsSystemImpl (MetricsSystemImpl.java:register(279)) - Sink prometheus already exists!
2022-10-13 20:19:35,711 [Listener at 127.0.0.1/34689] INFO  http.BaseHttpServer (BaseHttpServer.java:updateConnectorAddress(333)) - HTTP server of hddsDatanode listening at http://0.0.0.0:44105
2022-10-13 20:19:35,713 [omNode-1@group-6C22E66A003A-FollowerState] INFO  impl.FollowerState (FollowerState.java:run(143)) - omNode-1@group-6C22E66A003A-FollowerState: change to CANDIDATE, lastRpcElapsedTime:1123255139ns, electionTimeout:1117ms
2022-10-13 20:19:35,713 [omNode-1@group-6C22E66A003A-FollowerState] INFO  impl.RoleInfo (RoleInfo.java:shutdownFollowerState(110)) - omNode-1: shutdown omNode-1@group-6C22E66A003A-FollowerState
2022-10-13 20:19:35,713 [omNode-1@group-6C22E66A003A-FollowerState] INFO  server.RaftServer$Division (RaftServerImpl.java:setRole(299)) - omNode-1@group-6C22E66A003A: changes role from  FOLLOWER to CANDIDATE at term 2 for changeToCandidate
2022-10-13 20:19:35,713 [Listener at 127.0.0.1/34689] WARN  impl.MetricRegistriesImpl (MetricRegistriesImpl.java:addReporterRegistration(111)) - New reporters are added after registries were created. Some metrics will be missing from the reporter. Please add reporter before adding any new registry.
2022-10-13 20:19:35,714 [Listener at 127.0.0.1/34689] WARN  impl.MetricRegistriesImpl (MetricRegistriesImpl.java:addReporterRegistration(111)) - New reporters are added after registries were created. Some metrics will be missing from the reporter. Please add reporter before adding any new registry.
2022-10-13 20:19:35,712 [Datanode State Machine Daemon Thread] INFO  statemachine.DatanodeStateMachine (DatanodeStateMachine.java:lambda$startDaemon$0(492)) - Ozone container server started.
2022-10-13 20:19:35,713 [omNode-1@group-6C22E66A003A-FollowerState] INFO  server.RaftServerConfigKeys (ConfUtils.java:logGet(46)) - raft.server.leaderelection.pre-vote = false (custom)
2022-10-13 20:19:35,714 [Listener at 127.0.0.1/34689] INFO  impl.MetricsSystemImpl (MetricsSystemImpl.java:init(158)) - HddsDatanode metrics system started (again)
2022-10-13 20:19:35,716 [omNode-1@group-6C22E66A003A-FollowerState] INFO  impl.RoleInfo (RoleInfo.java:updateAndGet(139)) - omNode-1: start omNode-1@group-6C22E66A003A-LeaderElection6
2022-10-13 20:19:35,724 [omNode-1@group-6C22E66A003A-LeaderElection6] INFO  impl.LeaderElection (LeaderElection.java:askForVotes(310)) - omNode-1@group-6C22E66A003A-LeaderElection6 ELECTION round 0: submit vote requests at term 3 for -1: [omNode-3|rpc:localhost:35315|priority:0, omNode-1|rpc:localhost:34613|priority:0, omNode-2|rpc:localhost:38941|priority:0], old=null
2022-10-13 20:19:35,727 [omNode-1@group-6C22E66A003A-LeaderElection6] INFO  impl.LeaderElection (LogUtils.java:infoOrTrace(137)) - omNode-1@group-6C22E66A003A-LeaderElection6 got exception when requesting votes: java.util.concurrent.ExecutionException: org.apache.ratis.thirdparty.io.grpc.StatusRuntimeException: UNAVAILABLE: io exception
2022-10-13 20:19:35,736 [grpc-default-executor-1] INFO  server.RaftServer$Division (RaftServerImpl.java:requestVote(1152)) - omNode-2@group-6C22E66A003A: receive requestVote(ELECTION, omNode-1, group-6C22E66A003A, 3, (t:0, i:~))
2022-10-13 20:19:35,737 [grpc-default-executor-1] INFO  impl.VoteContext (VoteContext.java:log(48)) - omNode-2@group-6C22E66A003A-FOLLOWER: reject ELECTION from omNode-1: our last entry (t:1, i:0) > candidate's last entry (t:0, i:~)
2022-10-13 20:19:35,738 [grpc-default-executor-1] INFO  server.RaftServer$Division (RaftServerImpl.java:setRole(299)) - omNode-2@group-6C22E66A003A: changes role from  FOLLOWER to FOLLOWER at term 3 for candidate:omNode-1
2022-10-13 20:19:35,738 [grpc-default-executor-1] INFO  impl.RoleInfo (RoleInfo.java:shutdownFollowerState(110)) - omNode-2: shutdown omNode-2@group-6C22E66A003A-FollowerState
2022-10-13 20:19:35,742 [omNode-2@group-6C22E66A003A-FollowerState] INFO  impl.FollowerState (FollowerState.java:run(152)) - omNode-2@group-6C22E66A003A-FollowerState was interrupted
2022-10-13 20:19:35,745 [grpc-default-executor-1] INFO  impl.RoleInfo (RoleInfo.java:updateAndGet(139)) - omNode-2: start omNode-2@group-6C22E66A003A-FollowerState
2022-10-13 20:19:35,745 [org.apache.hadoop.util.JvmPauseMonitor$Monitor@586cc6a4] INFO  util.JvmPauseMonitor (JvmPauseMonitor.java:run(188)) - Starting JVM pause monitor
2022-10-13 20:19:35,752 [Listener at 127.0.0.1/34689] INFO  ozone.HddsDatanodeService (HddsDatanodeService.java:start(236)) - HddsDatanodeService host:fv-az186-171.qnicg3m0sonedg4msc5mrdkamh.cx.internal.cloudapp.net ip:10.1.2.27
2022-10-13 20:19:35,753 [grpc-default-executor-1] INFO  server.RaftServer$Division (RaftServerImpl.java:requestVote(1184)) - omNode-2@group-6C22E66A003A replies to ELECTION vote request: omNode-1<-omNode-2#0:FAIL-t3. Peer's state: omNode-2@group-6C22E66A003A:t3, leader=null, voted=null, raftlog=omNode-2@group-6C22E66A003A-SegmentedRaftLog:OPENED:c0, conf=0: [omNode-3|rpc:localhost:35315|admin:|client:|dataStream:|priority:0, omNode-1|rpc:localhost:34613|admin:|client:|dataStream:|priority:0, omNode-2|rpc:localhost:38941|admin:|client:|dataStream:|priority:0], old=null
2022-10-13 20:19:35,755 [omNode-1@group-6C22E66A003A-LeaderElection6] INFO  impl.LeaderElection (LeaderElection.java:logAndReturn(90)) - omNode-1@group-6C22E66A003A-LeaderElection6: ELECTION REJECTED received 1 response(s) and 1 exception(s):
2022-10-13 20:19:35,755 [omNode-1@group-6C22E66A003A-LeaderElection6] INFO  impl.LeaderElection (LeaderElection.java:logAndReturn(94)) -   Response 0: omNode-1<-omNode-2#0:FAIL-t3
2022-10-13 20:19:35,755 [omNode-1@group-6C22E66A003A-LeaderElection6] INFO  impl.LeaderElection (LogUtils.java:infoOrTrace(137)) -   Exception 1: java.util.concurrent.ExecutionException: org.apache.ratis.thirdparty.io.grpc.StatusRuntimeException: UNAVAILABLE: io exception
2022-10-13 20:19:35,755 [omNode-1@group-6C22E66A003A-LeaderElection6] INFO  impl.LeaderElection (LeaderElection.java:askForVotes(312)) - omNode-1@group-6C22E66A003A-LeaderElection6 ELECTION round 0: result REJECTED
2022-10-13 20:19:35,755 [omNode-1@group-6C22E66A003A-LeaderElection6] INFO  server.RaftServer$Division (RaftServerImpl.java:setRole(299)) - omNode-1@group-6C22E66A003A: changes role from CANDIDATE to FOLLOWER at term 3 for REJECTED
2022-10-13 20:19:35,755 [omNode-1@group-6C22E66A003A-LeaderElection6] INFO  impl.RoleInfo (RoleInfo.java:shutdownLeaderElection(130)) - omNode-1: shutdown omNode-1@group-6C22E66A003A-LeaderElection6
2022-10-13 20:19:35,756 [omNode-1@group-6C22E66A003A-LeaderElection6] INFO  impl.RoleInfo (RoleInfo.java:updateAndGet(139)) - omNode-1: start omNode-1@group-6C22E66A003A-FollowerState
2022-10-13 20:19:35,765 [Datanode State Machine Task Thread - 0] INFO  ha.SCMNodeInfo (SCMNodeInfo.java:getPort(197)) - ConfigKey ozone.scm.client.address is deprecated, For configuring different ports for each SCM use PortConfigKey ozone.scm.client.port appended with serviceId and nodeId
2022-10-13 20:19:35,767 [Datanode State Machine Task Thread - 0] INFO  ha.SCMNodeInfo (SCMNodeInfo.java:getPort(197)) - ConfigKey ozone.scm.block.client.address is deprecated, For configuring different ports for each SCM use PortConfigKey ozone.scm.block.client.port appended with serviceId and nodeId
2022-10-13 20:19:35,767 [Datanode State Machine Task Thread - 0] INFO  ha.SCMNodeInfo (SCMNodeInfo.java:getPort(197)) - ConfigKey ozone.scm.datanode.address is deprecated, For configuring different ports for each SCM use PortConfigKey ozone.scm.datanode.port appended with serviceId and nodeId
2022-10-13 20:19:35,767 [Datanode State Machine Task Thread - 0] INFO  ha.SCMNodeInfo (SCMNodeInfo.java:getPort(197)) - ConfigKey ozone.scm.client.address is deprecated, For configuring different ports for each SCM use PortConfigKey ozone.scm.client.port appended with serviceId and nodeId
2022-10-13 20:19:35,767 [Datanode State Machine Task Thread - 0] INFO  ha.SCMNodeInfo (SCMNodeInfo.java:getPort(197)) - ConfigKey ozone.scm.block.client.address is deprecated, For configuring different ports for each SCM use PortConfigKey ozone.scm.block.client.port appended with serviceId and nodeId
2022-10-13 20:19:35,767 [Datanode State Machine Task Thread - 0] INFO  ha.SCMNodeInfo (SCMNodeInfo.java:getPort(197)) - ConfigKey ozone.scm.datanode.address is deprecated, For configuring different ports for each SCM use PortConfigKey ozone.scm.datanode.port appended with serviceId and nodeId
2022-10-13 20:19:35,767 [Datanode State Machine Task Thread - 0] INFO  ha.SCMNodeInfo (SCMNodeInfo.java:getPort(197)) - ConfigKey ozone.scm.client.address is deprecated, For configuring different ports for each SCM use PortConfigKey ozone.scm.client.port appended with serviceId and nodeId
2022-10-13 20:19:35,767 [Datanode State Machine Task Thread - 0] INFO  ha.SCMNodeInfo (SCMNodeInfo.java:getPort(197)) - ConfigKey ozone.scm.block.client.address is deprecated, For configuring different ports for each SCM use PortConfigKey ozone.scm.block.client.port appended with serviceId and nodeId
2022-10-13 20:19:35,767 [Datanode State Machine Task Thread - 0] INFO  ha.SCMNodeInfo (SCMNodeInfo.java:getPort(197)) - ConfigKey ozone.scm.datanode.address is deprecated, For configuring different ports for each SCM use PortConfigKey ozone.scm.datanode.port appended with serviceId and nodeId
2022-10-13 20:19:35,791 [Listener at 127.0.0.1/34689] INFO  upgrade.AbstractLayoutVersionManager (AbstractLayoutVersionManager.java:init(83)) - Initializing Layout version manager with metadata layout = DATANODE_SCHEMA_V3 (version = 4), software layout = DATANODE_SCHEMA_V3 (version = 4)
2022-10-13 20:19:35,882 [Listener at 127.0.0.1/34689] INFO  reflections.Reflections (Reflections.java:scan(232)) - Reflections took 90 ms to scan 7 urls, producing 137 keys and 328 values 
2022-10-13 20:19:35,887 [Listener at 127.0.0.1/34689] INFO  ha.SCMNodeInfo (SCMNodeInfo.java:getPort(197)) - ConfigKey ozone.scm.client.address is deprecated, For configuring different ports for each SCM use PortConfigKey ozone.scm.client.port appended with serviceId and nodeId
2022-10-13 20:19:35,887 [Listener at 127.0.0.1/34689] INFO  ha.SCMNodeInfo (SCMNodeInfo.java:getPort(197)) - ConfigKey ozone.scm.block.client.address is deprecated, For configuring different ports for each SCM use PortConfigKey ozone.scm.block.client.port appended with serviceId and nodeId
2022-10-13 20:19:35,887 [Listener at 127.0.0.1/34689] INFO  ha.SCMNodeInfo (SCMNodeInfo.java:getPort(197)) - ConfigKey ozone.scm.datanode.address is deprecated, For configuring different ports for each SCM use PortConfigKey ozone.scm.datanode.port appended with serviceId and nodeId
2022-10-13 20:19:35,887 [Listener at 127.0.0.1/34689] INFO  ha.SCMNodeInfo (SCMNodeInfo.java:getPort(197)) - ConfigKey ozone.scm.client.address is deprecated, For configuring different ports for each SCM use PortConfigKey ozone.scm.client.port appended with serviceId and nodeId
2022-10-13 20:19:35,887 [Listener at 127.0.0.1/34689] INFO  ha.SCMNodeInfo (SCMNodeInfo.java:getPort(197)) - ConfigKey ozone.scm.block.client.address is deprecated, For configuring different ports for each SCM use PortConfigKey ozone.scm.block.client.port appended with serviceId and nodeId
2022-10-13 20:19:35,887 [Listener at 127.0.0.1/34689] INFO  ha.SCMNodeInfo (SCMNodeInfo.java:getPort(197)) - ConfigKey ozone.scm.datanode.address is deprecated, For configuring different ports for each SCM use PortConfigKey ozone.scm.datanode.port appended with serviceId and nodeId
2022-10-13 20:19:35,887 [Listener at 127.0.0.1/34689] INFO  ha.SCMNodeInfo (SCMNodeInfo.java:getPort(197)) - ConfigKey ozone.scm.client.address is deprecated, For configuring different ports for each SCM use PortConfigKey ozone.scm.client.port appended with serviceId and nodeId
2022-10-13 20:19:35,887 [Listener at 127.0.0.1/34689] INFO  ha.SCMNodeInfo (SCMNodeInfo.java:getPort(197)) - ConfigKey ozone.scm.block.client.address is deprecated, For configuring different ports for each SCM use PortConfigKey ozone.scm.block.client.port appended with serviceId and nodeId
2022-10-13 20:19:35,887 [Listener at 127.0.0.1/34689] INFO  ha.SCMNodeInfo (SCMNodeInfo.java:getPort(197)) - ConfigKey ozone.scm.datanode.address is deprecated, For configuring different ports for each SCM use PortConfigKey ozone.scm.datanode.port appended with serviceId and nodeId
2022-10-13 20:19:35,888 [Listener at 127.0.0.1/34689] INFO  statemachine.DatanodeStateMachine (DatanodeStateMachine.java:getEndPointTaskThreadPoolSize(237)) - Datanode State Machine Task Thread Pool size 4
2022-10-13 20:19:35,892 [Datanode State Machine Task Thread - 0] INFO  datanode.InitDatanodeState (InitDatanodeState.java:persistContainerDatanodeDetails(138)) - DatanodeDetails is persisted to /home/runner/work/ozone/ozone/hadoop-ozone/integration-test/target/test-dir/MiniOzoneClusterImpl-0c33195c-4715-4e74-9207-018c6aa32671/datanode-0/meta/datanode.id
2022-10-13 20:19:35,894 [Listener at 127.0.0.1/34689] INFO  volume.HddsVolume (HddsVolume.java:<init>(117)) - Creating HddsVolume: /home/runner/work/ozone/ozone/hadoop-ozone/integration-test/target/test-dir/MiniOzoneClusterImpl-0c33195c-4715-4e74-9207-018c6aa32671/datanode-1/data-0/containers/hdds of storage type : DISK capacity : 9223372036854775807
2022-10-13 20:19:35,894 [Listener at 127.0.0.1/34689] INFO  volume.MutableVolumeSet (MutableVolumeSet.java:initializeVolumeSet(174)) - Added Volume : /home/runner/work/ozone/ozone/hadoop-ozone/integration-test/target/test-dir/MiniOzoneClusterImpl-0c33195c-4715-4e74-9207-018c6aa32671/datanode-1/data-0/containers/hdds to VolumeSet
2022-10-13 20:19:35,894 [Listener at 127.0.0.1/34689] INFO  volume.ThrottledAsyncChecker (ThrottledAsyncChecker.java:schedule(141)) - Scheduling a check for /home/runner/work/ozone/ozone/hadoop-ozone/integration-test/target/test-dir/MiniOzoneClusterImpl-0c33195c-4715-4e74-9207-018c6aa32671/datanode-1/data-0/containers/hdds
2022-10-13 20:19:35,897 [Listener at 127.0.0.1/34689] INFO  volume.StorageVolumeChecker (StorageVolumeChecker.java:checkAllVolumes(202)) - Scheduled health check for volume /home/runner/work/ozone/ozone/hadoop-ozone/integration-test/target/test-dir/MiniOzoneClusterImpl-0c33195c-4715-4e74-9207-018c6aa32671/datanode-1/data-0/containers/hdds
2022-10-13 20:19:35,910 [Listener at 127.0.0.1/34689] INFO  volume.MutableVolumeSet (MutableVolumeSet.java:initializeVolumeSet(174)) - Added Volume : /home/runner/work/ozone/ozone/hadoop-ozone/integration-test/target/test-dir/MiniOzoneClusterImpl-0c33195c-4715-4e74-9207-018c6aa32671/datanode-1/data/ratis to VolumeSet
2022-10-13 20:19:35,910 [Listener at 127.0.0.1/34689] INFO  volume.ThrottledAsyncChecker (ThrottledAsyncChecker.java:schedule(141)) - Scheduling a check for /home/runner/work/ozone/ozone/hadoop-ozone/integration-test/target/test-dir/MiniOzoneClusterImpl-0c33195c-4715-4e74-9207-018c6aa32671/datanode-1/data/ratis
2022-10-13 20:19:35,910 [Listener at 127.0.0.1/34689] INFO  volume.StorageVolumeChecker (StorageVolumeChecker.java:checkAllVolumes(202)) - Scheduled health check for volume /home/runner/work/ozone/ozone/hadoop-ozone/integration-test/target/test-dir/MiniOzoneClusterImpl-0c33195c-4715-4e74-9207-018c6aa32671/datanode-1/data/ratis
2022-10-13 20:19:35,926 [Thread-723] INFO  ozoneimpl.ContainerReader (ContainerReader.java:readVolume(175)) - Finish verifying containers on volume /home/runner/work/ozone/ozone/hadoop-ozone/integration-test/target/test-dir/MiniOzoneClusterImpl-0c33195c-4715-4e74-9207-018c6aa32671/datanode-1/data-0/containers/hdds
2022-10-13 20:19:35,927 [Listener at 127.0.0.1/34689] INFO  ozoneimpl.OzoneContainer (OzoneContainer.java:buildContainerSet(300)) - Build ContainerSet costs 0s
2022-10-13 20:19:35,930 [Listener at 127.0.0.1/34689] INFO  server.RaftServer (ConfUtils.java:logGet(46)) - raft.rpc.type = GRPC (default)
2022-10-13 20:19:35,931 [Listener at 127.0.0.1/34689] INFO  grpc.GrpcFactory (GrpcFactory.java:checkPooledByteBufAllocatorUseCacheForAllThreads(48)) - PERFORMANCE WARNING: useCacheForAllThreads is true that may cause Netty to create a lot garbage objects and, as a result, trigger GC.
	It is recommended to disable useCacheForAllThreads by setting -Dorg.apache.ratis.thirdparty.io.netty.allocator.useCacheForAllThreads=false in command line.
2022-10-13 20:19:35,931 [Listener at 127.0.0.1/34689] INFO  grpc.GrpcConfigKeys (ConfUtils.java:logGet(46)) - raft.grpc.admin.port = 0 (custom)
2022-10-13 20:19:35,931 [Listener at 127.0.0.1/34689] INFO  grpc.GrpcConfigKeys (ConfUtils.java:logGet(46)) - raft.grpc.client.port = 0 (custom)
2022-10-13 20:19:35,931 [Listener at 127.0.0.1/34689] INFO  grpc.GrpcConfigKeys (ConfUtils.java:logGet(46)) - raft.grpc.server.port = 0 (default)
2022-10-13 20:19:35,931 [Listener at 127.0.0.1/34689] INFO  server.GrpcService (ConfUtils.java:logGet(46)) - raft.grpc.message.size.max = 32MB (=33554432) (custom)
2022-10-13 20:19:35,931 [Listener at 127.0.0.1/34689] INFO  server.RaftServerConfigKeys (ConfUtils.java:logGet(46)) - raft.server.log.appender.buffer.byte-limit = 33554432 (custom)
2022-10-13 20:19:35,931 [Listener at 127.0.0.1/34689] INFO  server.GrpcService (ConfUtils.java:logGet(46)) - raft.grpc.flow.control.window = 5MB (=5242880) (custom)
2022-10-13 20:19:35,933 [Listener at 127.0.0.1/34689] INFO  server.RaftServerConfigKeys (ConfUtils.java:logGet(46)) - raft.server.rpc.request.timeout = 60s (custom)
2022-10-13 20:19:35,933 [Listener at 127.0.0.1/34689] INFO  grpc.GrpcConfigKeys (ConfUtils.java:logGet(46)) - raft.grpc.server.async.request.thread.pool.cached = true (default)
2022-10-13 20:19:35,933 [Listener at 127.0.0.1/34689] INFO  grpc.GrpcConfigKeys (ConfUtils.java:logGet(46)) - raft.grpc.server.async.request.thread.pool.size = 32 (default)
2022-10-13 20:19:35,934 [Listener at 127.0.0.1/34689] INFO  impl.DataStreamServerImpl (ConfUtils.java:logGet(46)) - raft.datastream.type = DISABLED (default)
2022-10-13 20:19:35,934 [Listener at 127.0.0.1/34689] INFO  server.RaftServerConfigKeys (ConfUtils.java:logGet(46)) - raft.server.threadpool.proxy.cached = true (default)
2022-10-13 20:19:35,934 [Listener at 127.0.0.1/34689] INFO  server.RaftServerConfigKeys (ConfUtils.java:logGet(46)) - raft.server.threadpool.proxy.size = 0 (default)
2022-10-13 20:19:35,935 [Listener at 127.0.0.1/34689] INFO  server.RaftServerConfigKeys (ConfUtils.java:logGet(46)) - raft.server.rpc.slowness.timeout = 300s (custom)
2022-10-13 20:19:35,935 [Listener at 127.0.0.1/34689] INFO  server.RaftServerConfigKeys (ConfUtils.java:logGet(46)) - raft.server.leaderelection.leader.step-down.wait-time = 10s (default)
2022-10-13 20:19:35,935 [Listener at 127.0.0.1/34689] INFO  server.RaftServerConfigKeys (ConfUtils.java:logGet(46)) - raft.server.storage.dir = [/home/runner/work/ozone/ozone/hadoop-ozone/integration-test/target/test-dir/MiniOzoneClusterImpl-0c33195c-4715-4e74-9207-018c6aa32671/datanode-1/data/ratis] (custom)
2022-10-13 20:19:35,937 [Listener at 127.0.0.1/34689] INFO  server.XceiverServerGrpc (XceiverServerGrpc.java:<init>(132)) - GrpcServer channel type EpollServerSocketChannel
2022-10-13 20:19:35,944 [Listener at 127.0.0.1/34689] INFO  http.BaseHttpServer (BaseHttpServer.java:newHttpServer2BuilderForOzone(213)) - Starting Web-server for hddsDatanode at: http://0.0.0.0:0
2022-10-13 20:19:35,944 [Listener at 127.0.0.1/34689] INFO  http.BaseHttpServer (BaseHttpServer.java:<init>(108)) - Hadoop Security Enabled: false Ozone Security Enabled: false Ozone HTTP Security Enabled: false 
2022-10-13 20:19:35,945 [Listener at 127.0.0.1/34689] WARN  server.AuthenticationFilter (AuthenticationFilter.java:constructSecretProvider(240)) - Unable to initialize FileSignerSecretProvider, falling back to use random secrets. Reason: Could not read signature secret file: /home/runner/hadoop-http-auth-signature-secret
2022-10-13 20:19:35,946 [Listener at 127.0.0.1/34689] WARN  http.HttpRequestLog (HttpRequestLog.java:getRequestLog(103)) - Jetty request log can only be enabled using Log4j
2022-10-13 20:19:35,948 [Listener at 127.0.0.1/34689] INFO  http.HttpServer2 (HttpServer2.java:addGlobalFilter(1031)) - Added global filter 'safety' (class=org.apache.hadoop.hdds.server.http.HttpServer2$QuotingInputFilter)
2022-10-13 20:19:35,949 [Listener at 127.0.0.1/34689] INFO  http.HttpServer2 (HttpServer2.java:addFilter(1007)) - Added filter static_user_filter (class=org.apache.hadoop.http.lib.StaticUserWebFilter$StaticUserFilter) to context hddsDatanode
2022-10-13 20:19:35,949 [Listener at 127.0.0.1/34689] INFO  http.HttpServer2 (HttpServer2.java:addFilter(1015)) - Added filter static_user_filter (class=org.apache.hadoop.http.lib.StaticUserWebFilter$StaticUserFilter) to context static
2022-10-13 20:19:35,949 [Listener at 127.0.0.1/34689] INFO  http.HttpServer2 (HttpServer2.java:addFilter(1015)) - Added filter static_user_filter (class=org.apache.hadoop.http.lib.StaticUserWebFilter$StaticUserFilter) to context logs
2022-10-13 20:19:35,949 [Listener at 127.0.0.1/34689] INFO  http.HttpServer2 (HttpServer2.java:bindListener(1250)) - Jetty bound to port 45263
2022-10-13 20:19:35,949 [Listener at 127.0.0.1/34689] INFO  server.Server (Server.java:doStart(375)) - jetty-9.4.43.v20210629; built: 2021-06-30T11:07:22.254Z; git: 526006ecfa3af7f1a27ef3a288e2bef7ea9dd7e8; jvm 1.8.0_345-b01
2022-10-13 20:19:35,952 [Listener at 127.0.0.1/34689] INFO  server.session (DefaultSessionIdManager.java:doStart(334)) - DefaultSessionIdManager workerName=node0
2022-10-13 20:19:35,952 [Listener at 127.0.0.1/34689] INFO  server.session (DefaultSessionIdManager.java:doStart(339)) - No SessionScavenger set, using defaults
2022-10-13 20:19:35,952 [Listener at 127.0.0.1/34689] INFO  server.session (HouseKeeper.java:startScavenging(132)) - node0 Scavenging every 660000ms
2022-10-13 20:19:35,954 [Listener at 127.0.0.1/34689] INFO  handler.ContextHandler (ContextHandler.java:doStart(915)) - Started o.e.j.s.ServletContextHandler@498ea5f3{logs,/logs,file:///home/runner/work/ozone/ozone/hadoop-ozone/integration-test/target/log,AVAILABLE}
2022-10-13 20:19:35,954 [Listener at 127.0.0.1/34689] INFO  handler.ContextHandler (ContextHandler.java:doStart(915)) - Started o.e.j.s.ServletContextHandler@58785db1{static,/static,jar:file:/home/runner/.m2/repository/org/apache/ozone/hdds-container-service/1.3.0-SNAPSHOT/hdds-container-service-1.3.0-SNAPSHOT.jar!/webapps/static,AVAILABLE}
2022-10-13 20:19:36,160 [Listener at 127.0.0.1/34689] INFO  handler.ContextHandler (ContextHandler.java:doStart(915)) - Started o.e.j.w.WebAppContext@c6a80dc{hddsDatanode,/,file:///tmp/jetty-0_0_0_0-45263-hdds-container-service-1_3_0-SNAPSHOT_jar-_-any-3803861285229440107/webapp/,AVAILABLE}{jar:file:/home/runner/.m2/repository/org/apache/ozone/hdds-container-service/1.3.0-SNAPSHOT/hdds-container-service-1.3.0-SNAPSHOT.jar!/webapps/hddsDatanode}
2022-10-13 20:19:36,162 [Listener at 127.0.0.1/34689] INFO  server.AbstractConnector (AbstractConnector.java:doStart(331)) - Started ServerConnector@2288dfcc{HTTP/1.1, (http/1.1)}{0.0.0.0:45263}
2022-10-13 20:19:36,162 [Listener at 127.0.0.1/34689] INFO  server.Server (Server.java:doStart(415)) - Started @24081ms
2022-10-13 20:19:36,162 [Listener at 127.0.0.1/34689] WARN  impl.MetricsSystemImpl (MetricsSystemImpl.java:register(279)) - Sink prometheus already exists!
2022-10-13 20:19:36,163 [Listener at 127.0.0.1/34689] INFO  http.BaseHttpServer (BaseHttpServer.java:updateConnectorAddress(333)) - HTTP server of hddsDatanode listening at http://0.0.0.0:45263
2022-10-13 20:19:36,163 [Datanode State Machine Daemon Thread] INFO  statemachine.DatanodeStateMachine (DatanodeStateMachine.java:lambda$startDaemon$0(492)) - Ozone container server started.
2022-10-13 20:19:36,164 [Listener at 127.0.0.1/34689] WARN  impl.MetricRegistriesImpl (MetricRegistriesImpl.java:addReporterRegistration(111)) - New reporters are added after registries were created. Some metrics will be missing from the reporter. Please add reporter before adding any new registry.
2022-10-13 20:19:36,165 [Listener at 127.0.0.1/34689] WARN  impl.MetricRegistriesImpl (MetricRegistriesImpl.java:addReporterRegistration(111)) - New reporters are added after registries were created. Some metrics will be missing from the reporter. Please add reporter before adding any new registry.
2022-10-13 20:19:36,165 [Listener at 127.0.0.1/34689] INFO  impl.MetricsSystemImpl (MetricsSystemImpl.java:init(158)) - HddsDatanode metrics system started (again)
2022-10-13 20:19:36,174 [org.apache.hadoop.util.JvmPauseMonitor$Monitor@1446bfed] INFO  util.JvmPauseMonitor (JvmPauseMonitor.java:run(188)) - Starting JVM pause monitor
2022-10-13 20:19:36,176 [Datanode State Machine Task Thread - 0] INFO  ha.SCMNodeInfo (SCMNodeInfo.java:getPort(197)) - ConfigKey ozone.scm.client.address is deprecated, For configuring different ports for each SCM use PortConfigKey ozone.scm.client.port appended with serviceId and nodeId
2022-10-13 20:19:36,176 [Datanode State Machine Task Thread - 0] INFO  ha.SCMNodeInfo (SCMNodeInfo.java:getPort(197)) - ConfigKey ozone.scm.block.client.address is deprecated, For configuring different ports for each SCM use PortConfigKey ozone.scm.block.client.port appended with serviceId and nodeId
2022-10-13 20:19:36,177 [Listener at 127.0.0.1/34689] INFO  ozone.HddsDatanodeService (HddsDatanodeService.java:start(236)) - HddsDatanodeService host:fv-az186-171.qnicg3m0sonedg4msc5mrdkamh.cx.internal.cloudapp.net ip:10.1.2.27
2022-10-13 20:19:36,184 [Datanode State Machine Task Thread - 0] INFO  ha.SCMNodeInfo (SCMNodeInfo.java:getPort(197)) - ConfigKey ozone.scm.datanode.address is deprecated, For configuring different ports for each SCM use PortConfigKey ozone.scm.datanode.port appended with serviceId and nodeId
2022-10-13 20:19:36,184 [Datanode State Machine Task Thread - 0] INFO  ha.SCMNodeInfo (SCMNodeInfo.java:getPort(197)) - ConfigKey ozone.scm.client.address is deprecated, For configuring different ports for each SCM use PortConfigKey ozone.scm.client.port appended with serviceId and nodeId
2022-10-13 20:19:36,184 [Datanode State Machine Task Thread - 0] INFO  ha.SCMNodeInfo (SCMNodeInfo.java:getPort(197)) - ConfigKey ozone.scm.block.client.address is deprecated, For configuring different ports for each SCM use PortConfigKey ozone.scm.block.client.port appended with serviceId and nodeId
2022-10-13 20:19:36,184 [Datanode State Machine Task Thread - 0] INFO  ha.SCMNodeInfo (SCMNodeInfo.java:getPort(197)) - ConfigKey ozone.scm.datanode.address is deprecated, For configuring different ports for each SCM use PortConfigKey ozone.scm.datanode.port appended with serviceId and nodeId
2022-10-13 20:19:36,184 [Datanode State Machine Task Thread - 0] INFO  ha.SCMNodeInfo (SCMNodeInfo.java:getPort(197)) - ConfigKey ozone.scm.client.address is deprecated, For configuring different ports for each SCM use PortConfigKey ozone.scm.client.port appended with serviceId and nodeId
2022-10-13 20:19:36,184 [Datanode State Machine Task Thread - 0] INFO  ha.SCMNodeInfo (SCMNodeInfo.java:getPort(197)) - ConfigKey ozone.scm.block.client.address is deprecated, For configuring different ports for each SCM use PortConfigKey ozone.scm.block.client.port appended with serviceId and nodeId
2022-10-13 20:19:36,184 [Datanode State Machine Task Thread - 0] INFO  ha.SCMNodeInfo (SCMNodeInfo.java:getPort(197)) - ConfigKey ozone.scm.datanode.address is deprecated, For configuring different ports for each SCM use PortConfigKey ozone.scm.datanode.port appended with serviceId and nodeId
2022-10-13 20:19:36,205 [Datanode State Machine Task Thread - 0] INFO  datanode.InitDatanodeState (InitDatanodeState.java:persistContainerDatanodeDetails(138)) - DatanodeDetails is persisted to /home/runner/work/ozone/ozone/hadoop-ozone/integration-test/target/test-dir/MiniOzoneClusterImpl-0c33195c-4715-4e74-9207-018c6aa32671/datanode-1/meta/datanode.id
2022-10-13 20:19:36,209 [Listener at 127.0.0.1/34689] INFO  upgrade.AbstractLayoutVersionManager (AbstractLayoutVersionManager.java:init(83)) - Initializing Layout version manager with metadata layout = DATANODE_SCHEMA_V3 (version = 4), software layout = DATANODE_SCHEMA_V3 (version = 4)
2022-10-13 20:19:36,263 [Listener at 127.0.0.1/34689] INFO  reflections.Reflections (Reflections.java:scan(232)) - Reflections took 51 ms to scan 7 urls, producing 137 keys and 328 values 
2022-10-13 20:19:36,264 [Listener at 127.0.0.1/34689] INFO  ha.SCMNodeInfo (SCMNodeInfo.java:getPort(197)) - ConfigKey ozone.scm.client.address is deprecated, For configuring different ports for each SCM use PortConfigKey ozone.scm.client.port appended with serviceId and nodeId
2022-10-13 20:19:36,264 [Listener at 127.0.0.1/34689] INFO  ha.SCMNodeInfo (SCMNodeInfo.java:getPort(197)) - ConfigKey ozone.scm.block.client.address is deprecated, For configuring different ports for each SCM use PortConfigKey ozone.scm.block.client.port appended with serviceId and nodeId
2022-10-13 20:19:36,264 [Listener at 127.0.0.1/34689] INFO  ha.SCMNodeInfo (SCMNodeInfo.java:getPort(197)) - ConfigKey ozone.scm.datanode.address is deprecated, For configuring different ports for each SCM use PortConfigKey ozone.scm.datanode.port appended with serviceId and nodeId
2022-10-13 20:19:36,264 [Listener at 127.0.0.1/34689] INFO  ha.SCMNodeInfo (SCMNodeInfo.java:getPort(197)) - ConfigKey ozone.scm.client.address is deprecated, For configuring different ports for each SCM use PortConfigKey ozone.scm.client.port appended with serviceId and nodeId
2022-10-13 20:19:36,265 [Listener at 127.0.0.1/34689] INFO  ha.SCMNodeInfo (SCMNodeInfo.java:getPort(197)) - ConfigKey ozone.scm.block.client.address is deprecated, For configuring different ports for each SCM use PortConfigKey ozone.scm.block.client.port appended with serviceId and nodeId
2022-10-13 20:19:36,265 [Listener at 127.0.0.1/34689] INFO  ha.SCMNodeInfo (SCMNodeInfo.java:getPort(197)) - ConfigKey ozone.scm.datanode.address is deprecated, For configuring different ports for each SCM use PortConfigKey ozone.scm.datanode.port appended with serviceId and nodeId
2022-10-13 20:19:36,265 [Listener at 127.0.0.1/34689] INFO  ha.SCMNodeInfo (SCMNodeInfo.java:getPort(197)) - ConfigKey ozone.scm.client.address is deprecated, For configuring different ports for each SCM use PortConfigKey ozone.scm.client.port appended with serviceId and nodeId
2022-10-13 20:19:36,265 [Listener at 127.0.0.1/34689] INFO  ha.SCMNodeInfo (SCMNodeInfo.java:getPort(197)) - ConfigKey ozone.scm.block.client.address is deprecated, For configuring different ports for each SCM use PortConfigKey ozone.scm.block.client.port appended with serviceId and nodeId
2022-10-13 20:19:36,265 [Listener at 127.0.0.1/34689] INFO  ha.SCMNodeInfo (SCMNodeInfo.java:getPort(197)) - ConfigKey ozone.scm.datanode.address is deprecated, For configuring different ports for each SCM use PortConfigKey ozone.scm.datanode.port appended with serviceId and nodeId
2022-10-13 20:19:36,265 [Listener at 127.0.0.1/34689] INFO  statemachine.DatanodeStateMachine (DatanodeStateMachine.java:getEndPointTaskThreadPoolSize(237)) - Datanode State Machine Task Thread Pool size 4
2022-10-13 20:19:36,267 [Listener at 127.0.0.1/34689] INFO  volume.HddsVolume (HddsVolume.java:<init>(117)) - Creating HddsVolume: /home/runner/work/ozone/ozone/hadoop-ozone/integration-test/target/test-dir/MiniOzoneClusterImpl-0c33195c-4715-4e74-9207-018c6aa32671/datanode-2/data-0/containers/hdds of storage type : DISK capacity : 9223372036854775807
2022-10-13 20:19:36,267 [Listener at 127.0.0.1/34689] INFO  volume.MutableVolumeSet (MutableVolumeSet.java:initializeVolumeSet(174)) - Added Volume : /home/runner/work/ozone/ozone/hadoop-ozone/integration-test/target/test-dir/MiniOzoneClusterImpl-0c33195c-4715-4e74-9207-018c6aa32671/datanode-2/data-0/containers/hdds to VolumeSet
2022-10-13 20:19:36,268 [Listener at 127.0.0.1/34689] INFO  volume.ThrottledAsyncChecker (ThrottledAsyncChecker.java:schedule(141)) - Scheduling a check for /home/runner/work/ozone/ozone/hadoop-ozone/integration-test/target/test-dir/MiniOzoneClusterImpl-0c33195c-4715-4e74-9207-018c6aa32671/datanode-2/data-0/containers/hdds
2022-10-13 20:19:36,268 [Listener at 127.0.0.1/34689] INFO  volume.StorageVolumeChecker (StorageVolumeChecker.java:checkAllVolumes(202)) - Scheduled health check for volume /home/runner/work/ozone/ozone/hadoop-ozone/integration-test/target/test-dir/MiniOzoneClusterImpl-0c33195c-4715-4e74-9207-018c6aa32671/datanode-2/data-0/containers/hdds
2022-10-13 20:19:36,281 [Listener at 127.0.0.1/34689] INFO  volume.MutableVolumeSet (MutableVolumeSet.java:initializeVolumeSet(174)) - Added Volume : /home/runner/work/ozone/ozone/hadoop-ozone/integration-test/target/test-dir/MiniOzoneClusterImpl-0c33195c-4715-4e74-9207-018c6aa32671/datanode-2/data/ratis to VolumeSet
2022-10-13 20:19:36,282 [Listener at 127.0.0.1/34689] INFO  volume.ThrottledAsyncChecker (ThrottledAsyncChecker.java:schedule(141)) - Scheduling a check for /home/runner/work/ozone/ozone/hadoop-ozone/integration-test/target/test-dir/MiniOzoneClusterImpl-0c33195c-4715-4e74-9207-018c6aa32671/datanode-2/data/ratis
2022-10-13 20:19:36,282 [Listener at 127.0.0.1/34689] INFO  volume.StorageVolumeChecker (StorageVolumeChecker.java:checkAllVolumes(202)) - Scheduled health check for volume /home/runner/work/ozone/ozone/hadoop-ozone/integration-test/target/test-dir/MiniOzoneClusterImpl-0c33195c-4715-4e74-9207-018c6aa32671/datanode-2/data/ratis
2022-10-13 20:19:36,293 [Thread-736] INFO  ozoneimpl.ContainerReader (ContainerReader.java:readVolume(175)) - Finish verifying containers on volume /home/runner/work/ozone/ozone/hadoop-ozone/integration-test/target/test-dir/MiniOzoneClusterImpl-0c33195c-4715-4e74-9207-018c6aa32671/datanode-2/data-0/containers/hdds
2022-10-13 20:19:36,293 [Listener at 127.0.0.1/34689] INFO  ozoneimpl.OzoneContainer (OzoneContainer.java:buildContainerSet(300)) - Build ContainerSet costs 0s
2022-10-13 20:19:36,296 [Listener at 127.0.0.1/34689] INFO  server.RaftServer (ConfUtils.java:logGet(46)) - raft.rpc.type = GRPC (default)
2022-10-13 20:19:36,296 [Listener at 127.0.0.1/34689] INFO  grpc.GrpcFactory (GrpcFactory.java:checkPooledByteBufAllocatorUseCacheForAllThreads(48)) - PERFORMANCE WARNING: useCacheForAllThreads is true that may cause Netty to create a lot garbage objects and, as a result, trigger GC.
	It is recommended to disable useCacheForAllThreads by setting -Dorg.apache.ratis.thirdparty.io.netty.allocator.useCacheForAllThreads=false in command line.
2022-10-13 20:19:36,296 [Listener at 127.0.0.1/34689] INFO  grpc.GrpcConfigKeys (ConfUtils.java:logGet(46)) - raft.grpc.admin.port = 0 (custom)
2022-10-13 20:19:36,296 [Listener at 127.0.0.1/34689] INFO  grpc.GrpcConfigKeys (ConfUtils.java:logGet(46)) - raft.grpc.client.port = 0 (custom)
2022-10-13 20:19:36,297 [Listener at 127.0.0.1/34689] INFO  grpc.GrpcConfigKeys (ConfUtils.java:logGet(46)) - raft.grpc.server.port = 0 (default)
2022-10-13 20:19:36,297 [Listener at 127.0.0.1/34689] INFO  server.GrpcService (ConfUtils.java:logGet(46)) - raft.grpc.message.size.max = 32MB (=33554432) (custom)
2022-10-13 20:19:36,300 [Listener at 127.0.0.1/34689] INFO  server.RaftServerConfigKeys (ConfUtils.java:logGet(46)) - raft.server.log.appender.buffer.byte-limit = 33554432 (custom)
2022-10-13 20:19:36,300 [Listener at 127.0.0.1/34689] INFO  server.GrpcService (ConfUtils.java:logGet(46)) - raft.grpc.flow.control.window = 5MB (=5242880) (custom)
2022-10-13 20:19:36,300 [Listener at 127.0.0.1/34689] INFO  server.RaftServerConfigKeys (ConfUtils.java:logGet(46)) - raft.server.rpc.request.timeout = 60s (custom)
2022-10-13 20:19:36,300 [Listener at 127.0.0.1/34689] INFO  grpc.GrpcConfigKeys (ConfUtils.java:logGet(46)) - raft.grpc.server.async.request.thread.pool.cached = true (default)
2022-10-13 20:19:36,300 [Listener at 127.0.0.1/34689] INFO  grpc.GrpcConfigKeys (ConfUtils.java:logGet(46)) - raft.grpc.server.async.request.thread.pool.size = 32 (default)
2022-10-13 20:19:36,302 [Listener at 127.0.0.1/34689] INFO  impl.DataStreamServerImpl (ConfUtils.java:logGet(46)) - raft.datastream.type = DISABLED (default)
2022-10-13 20:19:36,302 [Listener at 127.0.0.1/34689] INFO  server.RaftServerConfigKeys (ConfUtils.java:logGet(46)) - raft.server.threadpool.proxy.cached = true (default)
2022-10-13 20:19:36,302 [Listener at 127.0.0.1/34689] INFO  server.RaftServerConfigKeys (ConfUtils.java:logGet(46)) - raft.server.threadpool.proxy.size = 0 (default)
2022-10-13 20:19:36,302 [Listener at 127.0.0.1/34689] INFO  server.RaftServerConfigKeys (ConfUtils.java:logGet(46)) - raft.server.rpc.slowness.timeout = 300s (custom)
2022-10-13 20:19:36,303 [Listener at 127.0.0.1/34689] INFO  server.RaftServerConfigKeys (ConfUtils.java:logGet(46)) - raft.server.leaderelection.leader.step-down.wait-time = 10s (default)
2022-10-13 20:19:36,303 [Listener at 127.0.0.1/34689] INFO  server.RaftServerConfigKeys (ConfUtils.java:logGet(46)) - raft.server.storage.dir = [/home/runner/work/ozone/ozone/hadoop-ozone/integration-test/target/test-dir/MiniOzoneClusterImpl-0c33195c-4715-4e74-9207-018c6aa32671/datanode-2/data/ratis] (custom)
2022-10-13 20:19:36,305 [Listener at 127.0.0.1/34689] INFO  server.XceiverServerGrpc (XceiverServerGrpc.java:<init>(132)) - GrpcServer channel type EpollServerSocketChannel
2022-10-13 20:19:36,311 [Listener at 127.0.0.1/34689] INFO  http.BaseHttpServer (BaseHttpServer.java:newHttpServer2BuilderForOzone(213)) - Starting Web-server for hddsDatanode at: http://0.0.0.0:0
2022-10-13 20:19:36,311 [Listener at 127.0.0.1/34689] INFO  http.BaseHttpServer (BaseHttpServer.java:<init>(108)) - Hadoop Security Enabled: false Ozone Security Enabled: false Ozone HTTP Security Enabled: false 
2022-10-13 20:19:36,313 [Listener at 127.0.0.1/34689] WARN  server.AuthenticationFilter (AuthenticationFilter.java:constructSecretProvider(240)) - Unable to initialize FileSignerSecretProvider, falling back to use random secrets. Reason: Could not read signature secret file: /home/runner/hadoop-http-auth-signature-secret
2022-10-13 20:19:36,320 [Listener at 127.0.0.1/34689] WARN  http.HttpRequestLog (HttpRequestLog.java:getRequestLog(103)) - Jetty request log can only be enabled using Log4j
2022-10-13 20:19:36,323 [Listener at 127.0.0.1/34689] INFO  http.HttpServer2 (HttpServer2.java:addGlobalFilter(1031)) - Added global filter 'safety' (class=org.apache.hadoop.hdds.server.http.HttpServer2$QuotingInputFilter)
2022-10-13 20:19:36,324 [Listener at 127.0.0.1/34689] INFO  http.HttpServer2 (HttpServer2.java:addFilter(1007)) - Added filter static_user_filter (class=org.apache.hadoop.http.lib.StaticUserWebFilter$StaticUserFilter) to context hddsDatanode
2022-10-13 20:19:36,324 [Listener at 127.0.0.1/34689] INFO  http.HttpServer2 (HttpServer2.java:addFilter(1015)) - Added filter static_user_filter (class=org.apache.hadoop.http.lib.StaticUserWebFilter$StaticUserFilter) to context static
2022-10-13 20:19:36,324 [Listener at 127.0.0.1/34689] INFO  http.HttpServer2 (HttpServer2.java:addFilter(1015)) - Added filter static_user_filter (class=org.apache.hadoop.http.lib.StaticUserWebFilter$StaticUserFilter) to context logs
2022-10-13 20:19:36,329 [Listener at 127.0.0.1/34689] INFO  http.HttpServer2 (HttpServer2.java:bindListener(1250)) - Jetty bound to port 34177
2022-10-13 20:19:36,329 [Listener at 127.0.0.1/34689] INFO  server.Server (Server.java:doStart(375)) - jetty-9.4.43.v20210629; built: 2021-06-30T11:07:22.254Z; git: 526006ecfa3af7f1a27ef3a288e2bef7ea9dd7e8; jvm 1.8.0_345-b01
2022-10-13 20:19:36,331 [Listener at 127.0.0.1/34689] INFO  server.session (DefaultSessionIdManager.java:doStart(334)) - DefaultSessionIdManager workerName=node0
2022-10-13 20:19:36,331 [Listener at 127.0.0.1/34689] INFO  server.session (DefaultSessionIdManager.java:doStart(339)) - No SessionScavenger set, using defaults
2022-10-13 20:19:36,331 [Listener at 127.0.0.1/34689] INFO  server.session (HouseKeeper.java:startScavenging(132)) - node0 Scavenging every 600000ms
2022-10-13 20:19:36,332 [Listener at 127.0.0.1/34689] INFO  handler.ContextHandler (ContextHandler.java:doStart(915)) - Started o.e.j.s.ServletContextHandler@399c9f3f{logs,/logs,file:///home/runner/work/ozone/ozone/hadoop-ozone/integration-test/target/log,AVAILABLE}
2022-10-13 20:19:36,333 [Listener at 127.0.0.1/34689] INFO  handler.ContextHandler (ContextHandler.java:doStart(915)) - Started o.e.j.s.ServletContextHandler@42ab6eea{static,/static,jar:file:/home/runner/.m2/repository/org/apache/ozone/hdds-container-service/1.3.0-SNAPSHOT/hdds-container-service-1.3.0-SNAPSHOT.jar!/webapps/static,AVAILABLE}
2022-10-13 20:19:36,529 [Listener at 127.0.0.1/34689] INFO  handler.ContextHandler (ContextHandler.java:doStart(915)) - Started o.e.j.w.WebAppContext@19dee8db{hddsDatanode,/,file:///tmp/jetty-0_0_0_0-34177-hdds-container-service-1_3_0-SNAPSHOT_jar-_-any-5138044854953586329/webapp/,AVAILABLE}{jar:file:/home/runner/.m2/repository/org/apache/ozone/hdds-container-service/1.3.0-SNAPSHOT/hdds-container-service-1.3.0-SNAPSHOT.jar!/webapps/hddsDatanode}
2022-10-13 20:19:36,532 [Listener at 127.0.0.1/34689] INFO  server.AbstractConnector (AbstractConnector.java:doStart(331)) - Started ServerConnector@4bf7a21e{HTTP/1.1, (http/1.1)}{0.0.0.0:34177}
2022-10-13 20:19:36,532 [Listener at 127.0.0.1/34689] INFO  server.Server (Server.java:doStart(415)) - Started @24451ms
2022-10-13 20:19:36,532 [Listener at 127.0.0.1/34689] WARN  impl.MetricsSystemImpl (MetricsSystemImpl.java:register(279)) - Sink prometheus already exists!
2022-10-13 20:19:36,533 [Listener at 127.0.0.1/34689] INFO  http.BaseHttpServer (BaseHttpServer.java:updateConnectorAddress(333)) - HTTP server of hddsDatanode listening at http://0.0.0.0:34177
2022-10-13 20:19:36,535 [Listener at 127.0.0.1/34689] INFO  ozone.MiniOzoneClusterImpl (MiniOzoneClusterImpl.java:lambda$waitForClusterToBeReady$0(216)) - Waiting for nodes to be ready. Got 0 of 3 DN Heartbeats.
2022-10-13 20:19:36,535 [Listener at 127.0.0.1/34689] INFO  ozone.MiniOzoneClusterImpl (MiniOzoneClusterImpl.java:lambda$waitForClusterToBeReady$0(219)) - Waiting for cluster to exit safe mode
2022-10-13 20:19:36,535 [Listener at 127.0.0.1/34689] INFO  ozone.MiniOzoneClusterImpl (MiniOzoneClusterImpl.java:lambda$waitForClusterToBeReady$0(221)) - SCM became leader
2022-10-13 20:19:36,535 [Datanode State Machine Daemon Thread] INFO  statemachine.DatanodeStateMachine (DatanodeStateMachine.java:lambda$startDaemon$0(492)) - Ozone container server started.
2022-10-13 20:19:36,541 [org.apache.hadoop.util.JvmPauseMonitor$Monitor@472f1ece] INFO  util.JvmPauseMonitor (JvmPauseMonitor.java:run(188)) - Starting JVM pause monitor
2022-10-13 20:19:36,541 [Datanode State Machine Task Thread - 0] INFO  ha.SCMNodeInfo (SCMNodeInfo.java:getPort(197)) - ConfigKey ozone.scm.client.address is deprecated, For configuring different ports for each SCM use PortConfigKey ozone.scm.client.port appended with serviceId and nodeId
2022-10-13 20:19:36,541 [Datanode State Machine Task Thread - 0] INFO  ha.SCMNodeInfo (SCMNodeInfo.java:getPort(197)) - ConfigKey ozone.scm.block.client.address is deprecated, For configuring different ports for each SCM use PortConfigKey ozone.scm.block.client.port appended with serviceId and nodeId
2022-10-13 20:19:36,541 [Datanode State Machine Task Thread - 0] INFO  ha.SCMNodeInfo (SCMNodeInfo.java:getPort(197)) - ConfigKey ozone.scm.datanode.address is deprecated, For configuring different ports for each SCM use PortConfigKey ozone.scm.datanode.port appended with serviceId and nodeId
2022-10-13 20:19:36,541 [Datanode State Machine Task Thread - 0] INFO  ha.SCMNodeInfo (SCMNodeInfo.java:getPort(197)) - ConfigKey ozone.scm.client.address is deprecated, For configuring different ports for each SCM use PortConfigKey ozone.scm.client.port appended with serviceId and nodeId
2022-10-13 20:19:36,541 [Datanode State Machine Task Thread - 0] INFO  ha.SCMNodeInfo (SCMNodeInfo.java:getPort(197)) - ConfigKey ozone.scm.block.client.address is deprecated, For configuring different ports for each SCM use PortConfigKey ozone.scm.block.client.port appended with serviceId and nodeId
2022-10-13 20:19:36,541 [Datanode State Machine Task Thread - 0] INFO  ha.SCMNodeInfo (SCMNodeInfo.java:getPort(197)) - ConfigKey ozone.scm.datanode.address is deprecated, For configuring different ports for each SCM use PortConfigKey ozone.scm.datanode.port appended with serviceId and nodeId
2022-10-13 20:19:36,542 [Datanode State Machine Task Thread - 0] INFO  ha.SCMNodeInfo (SCMNodeInfo.java:getPort(197)) - ConfigKey ozone.scm.client.address is deprecated, For configuring different ports for each SCM use PortConfigKey ozone.scm.client.port appended with serviceId and nodeId
2022-10-13 20:19:36,542 [Datanode State Machine Task Thread - 0] INFO  ha.SCMNodeInfo (SCMNodeInfo.java:getPort(197)) - ConfigKey ozone.scm.block.client.address is deprecated, For configuring different ports for each SCM use PortConfigKey ozone.scm.block.client.port appended with serviceId and nodeId
2022-10-13 20:19:36,542 [Datanode State Machine Task Thread - 0] INFO  ha.SCMNodeInfo (SCMNodeInfo.java:getPort(197)) - ConfigKey ozone.scm.datanode.address is deprecated, For configuring different ports for each SCM use PortConfigKey ozone.scm.datanode.port appended with serviceId and nodeId
2022-10-13 20:19:36,544 [Datanode State Machine Task Thread - 0] INFO  datanode.InitDatanodeState (InitDatanodeState.java:persistContainerDatanodeDetails(138)) - DatanodeDetails is persisted to /home/runner/work/ozone/ozone/hadoop-ozone/integration-test/target/test-dir/MiniOzoneClusterImpl-0c33195c-4715-4e74-9207-018c6aa32671/datanode-2/meta/datanode.id
2022-10-13 20:19:36,893 [omNode-2@group-6C22E66A003A-FollowerState] INFO  impl.FollowerState (FollowerState.java:run(143)) - omNode-2@group-6C22E66A003A-FollowerState: change to CANDIDATE, lastRpcElapsedTime:1147896635ns, electionTimeout:1147ms
2022-10-13 20:19:36,893 [omNode-2@group-6C22E66A003A-FollowerState] INFO  impl.RoleInfo (RoleInfo.java:shutdownFollowerState(110)) - omNode-2: shutdown omNode-2@group-6C22E66A003A-FollowerState
2022-10-13 20:19:36,893 [omNode-2@group-6C22E66A003A-FollowerState] INFO  server.RaftServer$Division (RaftServerImpl.java:setRole(299)) - omNode-2@group-6C22E66A003A: changes role from  FOLLOWER to CANDIDATE at term 3 for changeToCandidate
2022-10-13 20:19:36,893 [omNode-2@group-6C22E66A003A-FollowerState] INFO  server.RaftServerConfigKeys (ConfUtils.java:logGet(46)) - raft.server.leaderelection.pre-vote = false (custom)
2022-10-13 20:19:36,893 [omNode-2@group-6C22E66A003A-FollowerState] INFO  impl.RoleInfo (RoleInfo.java:updateAndGet(139)) - omNode-2: start omNode-2@group-6C22E66A003A-LeaderElection7
2022-10-13 20:19:36,897 [omNode-2@group-6C22E66A003A-LeaderElection7] INFO  impl.LeaderElection (LeaderElection.java:askForVotes(310)) - omNode-2@group-6C22E66A003A-LeaderElection7 ELECTION round 0: submit vote requests at term 4 for 0: [omNode-3|rpc:localhost:35315|admin:|client:|dataStream:|priority:0, omNode-1|rpc:localhost:34613|admin:|client:|dataStream:|priority:0, omNode-2|rpc:localhost:38941|admin:|client:|dataStream:|priority:0], old=null
2022-10-13 20:19:36,902 [grpc-default-executor-1] INFO  server.RaftServer$Division (RaftServerImpl.java:requestVote(1152)) - omNode-1@group-6C22E66A003A: receive requestVote(ELECTION, omNode-2, group-6C22E66A003A, 4, (t:1, i:0))
2022-10-13 20:19:36,903 [grpc-default-executor-1] INFO  impl.VoteContext (VoteContext.java:log(48)) - omNode-1@group-6C22E66A003A-FOLLOWER: accept ELECTION from omNode-2: our last entry (t:0, i:~) < candidate's last entry (t:1, i:0)
2022-10-13 20:19:36,903 [grpc-default-executor-1] INFO  server.RaftServer$Division (RaftServerImpl.java:setRole(299)) - omNode-1@group-6C22E66A003A: changes role from  FOLLOWER to FOLLOWER at term 4 for candidate:omNode-2
2022-10-13 20:19:36,903 [grpc-default-executor-1] INFO  impl.RoleInfo (RoleInfo.java:shutdownFollowerState(110)) - omNode-1: shutdown omNode-1@group-6C22E66A003A-FollowerState
2022-10-13 20:19:36,903 [grpc-default-executor-1] INFO  impl.RoleInfo (RoleInfo.java:updateAndGet(139)) - omNode-1: start omNode-1@group-6C22E66A003A-FollowerState
2022-10-13 20:19:36,903 [omNode-1@group-6C22E66A003A-FollowerState] INFO  impl.FollowerState (FollowerState.java:run(152)) - omNode-1@group-6C22E66A003A-FollowerState was interrupted
2022-10-13 20:19:36,905 [grpc-default-executor-1] INFO  server.RaftServer$Division (RaftServerImpl.java:requestVote(1184)) - omNode-1@group-6C22E66A003A replies to ELECTION vote request: omNode-2<-omNode-1#0:OK-t4. Peer's state: omNode-1@group-6C22E66A003A:t4, leader=null, voted=omNode-2, raftlog=omNode-1@group-6C22E66A003A-SegmentedRaftLog:OPENED:c-1, conf=-1: [omNode-3|rpc:localhost:35315|priority:0, omNode-1|rpc:localhost:34613|priority:0, omNode-2|rpc:localhost:38941|priority:0], old=null
2022-10-13 20:19:36,905 [grpc-default-executor-2] INFO  server.RaftServer$Division (RaftServerImpl.java:requestVote(1152)) - omNode-3@group-6C22E66A003A: receive requestVote(ELECTION, omNode-2, group-6C22E66A003A, 4, (t:1, i:0))
2022-10-13 20:19:36,906 [grpc-default-executor-2] INFO  impl.VoteContext (VoteContext.java:log(48)) - omNode-3@group-6C22E66A003A-FOLLOWER: accept ELECTION from omNode-2: our priority 0 <= candidate's priority 0
2022-10-13 20:19:36,906 [grpc-default-executor-2] INFO  server.RaftServer$Division (ServerState.java:setLeader(287)) - omNode-3@group-6C22E66A003A: change Leader from omNode-2 to null at term 4 for updateCurrentTerm
2022-10-13 20:19:36,906 [grpc-default-executor-2] INFO  server.RaftServer$Division (RaftServerImpl.java:setRole(299)) - omNode-3@group-6C22E66A003A: changes role from  FOLLOWER to FOLLOWER at term 4 for candidate:omNode-2
2022-10-13 20:19:36,906 [grpc-default-executor-2] INFO  impl.RoleInfo (RoleInfo.java:shutdownFollowerState(110)) - omNode-3: shutdown omNode-3@group-6C22E66A003A-FollowerState
2022-10-13 20:19:36,906 [grpc-default-executor-2] INFO  impl.RoleInfo (RoleInfo.java:updateAndGet(139)) - omNode-3: start omNode-3@group-6C22E66A003A-FollowerState
2022-10-13 20:19:36,906 [omNode-3@group-6C22E66A003A-FollowerState] INFO  impl.FollowerState (FollowerState.java:run(152)) - omNode-3@group-6C22E66A003A-FollowerState was interrupted
2022-10-13 20:19:36,909 [grpc-default-executor-2] INFO  server.RaftServer$Division (RaftServerImpl.java:requestVote(1184)) - omNode-3@group-6C22E66A003A replies to ELECTION vote request: omNode-2<-omNode-3#0:OK-t4. Peer's state: omNode-3@group-6C22E66A003A:t4, leader=null, voted=omNode-2, raftlog=omNode-3@group-6C22E66A003A-SegmentedRaftLog:OPENED:c0, conf=0: [omNode-3|rpc:localhost:35315|admin:|client:|dataStream:|priority:0, omNode-1|rpc:localhost:34613|admin:|client:|dataStream:|priority:0, omNode-2|rpc:localhost:38941|admin:|client:|dataStream:|priority:0], old=null
2022-10-13 20:19:36,910 [omNode-2@group-6C22E66A003A-LeaderElection7] INFO  impl.LeaderElection (LeaderElection.java:logAndReturn(90)) - omNode-2@group-6C22E66A003A-LeaderElection7: ELECTION PASSED received 1 response(s) and 0 exception(s):
2022-10-13 20:19:36,910 [omNode-2@group-6C22E66A003A-LeaderElection7] INFO  impl.LeaderElection (LeaderElection.java:logAndReturn(94)) -   Response 0: omNode-2<-omNode-1#0:OK-t4
2022-10-13 20:19:36,910 [omNode-2@group-6C22E66A003A-LeaderElection7] INFO  impl.LeaderElection (LeaderElection.java:askForVotes(312)) - omNode-2@group-6C22E66A003A-LeaderElection7 ELECTION round 0: result PASSED
2022-10-13 20:19:36,910 [omNode-2@group-6C22E66A003A-LeaderElection7] INFO  impl.RoleInfo (RoleInfo.java:shutdownLeaderElection(130)) - omNode-2: shutdown omNode-2@group-6C22E66A003A-LeaderElection7
2022-10-13 20:19:36,910 [omNode-2@group-6C22E66A003A-LeaderElection7] INFO  server.RaftServer$Division (RaftServerImpl.java:setRole(299)) - omNode-2@group-6C22E66A003A: changes role from CANDIDATE to LEADER at term 4 for changeToLeader
2022-10-13 20:19:36,910 [omNode-2@group-6C22E66A003A-LeaderElection7] INFO  server.RaftServer$Division (ServerState.java:setLeader(287)) - omNode-2@group-6C22E66A003A: change Leader from null to omNode-2 at term 4 for becomeLeader, leader elected after 2078ms
2022-10-13 20:19:36,911 [omNode-2@group-6C22E66A003A-LeaderElection7] INFO  server.RaftServerConfigKeys (ConfUtils.java:logGet(46)) - raft.server.staging.catchup.gap = 1000 (default)
2022-10-13 20:19:36,911 [omNode-2@group-6C22E66A003A-LeaderElection7] INFO  server.RaftServerConfigKeys (ConfUtils.java:logGet(46)) - raft.server.write.element-limit = 4096 (default)
2022-10-13 20:19:36,911 [omNode-2@group-6C22E66A003A-LeaderElection7] INFO  server.RaftServerConfigKeys (ConfUtils.java:logGet(46)) - raft.server.write.byte-limit = 64MB (=67108864) (default)
2022-10-13 20:19:36,911 [omNode-2@group-6C22E66A003A-LeaderElection7] INFO  server.RaftServerConfigKeys (ConfUtils.java:logGet(46)) - raft.server.watch.timeout = 10s (default)
2022-10-13 20:19:36,911 [omNode-2@group-6C22E66A003A-LeaderElection7] INFO  server.RaftServerConfigKeys (ConfUtils.java:logGet(46)) - raft.server.watch.timeout.denomination = 1s (default)
2022-10-13 20:19:36,911 [omNode-2@group-6C22E66A003A-LeaderElection7] INFO  server.RaftServerConfigKeys (ConfUtils.java:logGet(46)) - raft.server.watch.element-limit = 65536 (default)
2022-10-13 20:19:36,912 [omNode-2@group-6C22E66A003A-LeaderElection7] INFO  server.RaftServerConfigKeys (ConfUtils.java:logGet(46)) - raft.server.write.element-limit = 4096 (default)
2022-10-13 20:19:36,912 [omNode-2@group-6C22E66A003A-LeaderElection7] INFO  server.RaftServerConfigKeys (ConfUtils.java:logGet(46)) - raft.server.write.follower.gap.ratio.max = -1.0 (default)
2022-10-13 20:19:36,912 [omNode-2@group-6C22E66A003A-LeaderElection7] INFO  server.RaftServerConfigKeys (ConfUtils.java:logGet(46)) - raft.server.log.appender.snapshot.chunk.size.max = 16MB (=16777216) (default)
2022-10-13 20:19:36,912 [omNode-2@group-6C22E66A003A-LeaderElection7] INFO  server.RaftServerConfigKeys (ConfUtils.java:logGet(46)) - raft.server.log.appender.buffer.byte-limit = 33554432 (custom)
2022-10-13 20:19:36,912 [omNode-2@group-6C22E66A003A-LeaderElection7] INFO  server.RaftServerConfigKeys (ConfUtils.java:logGet(46)) - raft.server.log.appender.buffer.element-limit = 1024 (custom)
2022-10-13 20:19:36,912 [omNode-2@group-6C22E66A003A-LeaderElection7] INFO  grpc.GrpcConfigKeys (ConfUtils.java:logGet(46)) - raft.grpc.server.leader.outstanding.appends.max = 128 (default)
2022-10-13 20:19:36,913 [omNode-2@group-6C22E66A003A-LeaderElection7] INFO  server.RaftServerConfigKeys (ConfUtils.java:logGet(46)) - raft.server.rpc.request.timeout = 3000ms (default)
2022-10-13 20:19:36,913 [omNode-2@group-6C22E66A003A-LeaderElection7] INFO  server.RaftServerConfigKeys (ConfUtils.java:logGet(46)) - raft.server.log.appender.install.snapshot.enabled = false (custom)
2022-10-13 20:19:36,915 [omNode-2@group-6C22E66A003A-LeaderElection7] INFO  server.RaftServerConfigKeys (ConfUtils.java:logGet(46)) - raft.server.log.appender.snapshot.chunk.size.max = 16MB (=16777216) (default)
2022-10-13 20:19:36,915 [omNode-2@group-6C22E66A003A-LeaderElection7] INFO  server.RaftServerConfigKeys (ConfUtils.java:logGet(46)) - raft.server.log.appender.buffer.byte-limit = 33554432 (custom)
2022-10-13 20:19:36,915 [omNode-2@group-6C22E66A003A-LeaderElection7] INFO  server.RaftServerConfigKeys (ConfUtils.java:logGet(46)) - raft.server.log.appender.buffer.element-limit = 1024 (custom)
2022-10-13 20:19:36,915 [omNode-2@group-6C22E66A003A-LeaderElection7] INFO  grpc.GrpcConfigKeys (ConfUtils.java:logGet(46)) - raft.grpc.server.leader.outstanding.appends.max = 128 (default)
2022-10-13 20:19:36,915 [omNode-2@group-6C22E66A003A-LeaderElection7] INFO  server.RaftServerConfigKeys (ConfUtils.java:logGet(46)) - raft.server.rpc.request.timeout = 3000ms (default)
2022-10-13 20:19:36,915 [omNode-2@group-6C22E66A003A-LeaderElection7] INFO  server.RaftServerConfigKeys (ConfUtils.java:logGet(46)) - raft.server.log.appender.install.snapshot.enabled = false (custom)
2022-10-13 20:19:36,916 [omNode-2@group-6C22E66A003A-LeaderElection7] INFO  impl.RoleInfo (RoleInfo.java:updateAndGet(139)) - omNode-2: start omNode-2@group-6C22E66A003A-LeaderStateImpl
2022-10-13 20:19:36,916 [omNode-2@group-6C22E66A003A-LeaderElection7] INFO  segmented.SegmentedRaftLogWorker (SegmentedRaftLogWorker.java:rollLogSegment(430)) - omNode-2@group-6C22E66A003A-SegmentedRaftLogWorker: Rolling segment log-0_0 to index:0
2022-10-13 20:19:36,918 [omNode-2@group-6C22E66A003A-SegmentedRaftLogWorker] INFO  segmented.SegmentedRaftLogWorker (SegmentedRaftLogWorker.java:execute(586)) - omNode-2@group-6C22E66A003A-SegmentedRaftLogWorker: Rolled log segment from /home/runner/work/ozone/ozone/hadoop-ozone/integration-test/target/test-dir/MiniOzoneClusterImpl-0c33195c-4715-4e74-9207-018c6aa32671/omNode-2/ratis/9c9825ce-8ba7-3ee6-a7c3-6c22e66a003a/current/log_inprogress_0 to /home/runner/work/ozone/ozone/hadoop-ozone/integration-test/target/test-dir/MiniOzoneClusterImpl-0c33195c-4715-4e74-9207-018c6aa32671/omNode-2/ratis/9c9825ce-8ba7-3ee6-a7c3-6c22e66a003a/current/log_0-0
2022-10-13 20:19:36,930 [omNode-2@group-6C22E66A003A-LeaderElection7] INFO  server.RaftServer$Division (ServerState.java:setRaftConf(393)) - omNode-2@group-6C22E66A003A: set configuration 1: [omNode-3|rpc:localhost:35315|admin:|client:|dataStream:|priority:0, omNode-1|rpc:localhost:34613|admin:|client:|dataStream:|priority:0, omNode-2|rpc:localhost:38941|admin:|client:|dataStream:|priority:0], old=null
2022-10-13 20:19:36,937 [omNode-1-server-thread2] INFO  server.RaftServer$Division (ServerState.java:setLeader(287)) - omNode-1@group-6C22E66A003A: change Leader from null to omNode-2 at term 4 for appendEntries, leader elected after 5366ms
2022-10-13 20:19:36,938 [omNode-2@group-6C22E66A003A-SegmentedRaftLogWorker] INFO  segmented.SegmentedRaftLogWorker (SegmentedRaftLogWorker.java:execute(629)) - omNode-2@group-6C22E66A003A-SegmentedRaftLogWorker: created new log segment /home/runner/work/ozone/ozone/hadoop-ozone/integration-test/target/test-dir/MiniOzoneClusterImpl-0c33195c-4715-4e74-9207-018c6aa32671/omNode-2/ratis/9c9825ce-8ba7-3ee6-a7c3-6c22e66a003a/current/log_inprogress_1
2022-10-13 20:19:36,942 [omNode-1-server-thread2] INFO  server.RaftServer$Division (RaftServerImpl.java:checkInconsistentAppendEntries(1424)) - omNode-1@group-6C22E66A003A: Failed appendEntries as previous log entry ((t:1, i:0)) is not found
2022-10-13 20:19:36,943 [omNode-1-server-thread2] INFO  server.RaftServer$Division (RaftServerImpl.java:checkInconsistentAppendEntries(1394)) - omNode-1@group-6C22E66A003A: inconsistency entries. Reply:omNode-2<-omNode-1#0:FAIL-t4,INCONSISTENCY,nextIndex=0,followerCommit=-1
2022-10-13 20:19:36,945 [grpc-default-executor-0] INFO  leader.FollowerInfo (FollowerInfoImpl.java:lambda$new$0(48)) - omNode-2@group-6C22E66A003A->omNode-1: nextIndex: updateUnconditionally 2 -> 0
2022-10-13 20:19:36,946 [omNode-1-server-thread2] INFO  server.RaftServer$Division (RaftServerImpl.java:checkInconsistentAppendEntries(1424)) - omNode-1@group-6C22E66A003A: Failed appendEntries as previous log entry ((t:1, i:0)) is not found
2022-10-13 20:19:36,946 [omNode-1-server-thread2] INFO  server.RaftServer$Division (RaftServerImpl.java:checkInconsistentAppendEntries(1394)) - omNode-1@group-6C22E66A003A: inconsistency entries. Reply:omNode-2<-omNode-1#1:FAIL-t4,INCONSISTENCY,nextIndex=0,followerCommit=-1
2022-10-13 20:19:36,947 [grpc-default-executor-0] INFO  leader.FollowerInfo (FollowerInfoImpl.java:lambda$new$0(48)) - omNode-2@group-6C22E66A003A->omNode-1: nextIndex: updateUnconditionally 0 -> 0
2022-10-13 20:19:36,949 [omNode-3-server-thread1] INFO  server.RaftServer$Division (ServerState.java:setLeader(287)) - omNode-3@group-6C22E66A003A: change Leader from null to omNode-2 at term 4 for appendEntries, leader elected after 43ms
2022-10-13 20:19:36,952 [omNode-1-server-thread2] INFO  server.RaftServer$Division (ServerState.java:setRaftConf(393)) - omNode-1@group-6C22E66A003A: set configuration 0: [omNode-3|rpc:localhost:35315|admin:|client:|dataStream:|priority:0, omNode-1|rpc:localhost:34613|admin:|client:|dataStream:|priority:0, omNode-2|rpc:localhost:38941|admin:|client:|dataStream:|priority:0], old=null
2022-10-13 20:19:36,952 [omNode-1-server-thread2] INFO  server.RaftServer$Division (ServerState.java:setRaftConf(393)) - omNode-1@group-6C22E66A003A: set configuration 1: [omNode-3|rpc:localhost:35315|admin:|client:|dataStream:|priority:0, omNode-1|rpc:localhost:34613|admin:|client:|dataStream:|priority:0, omNode-2|rpc:localhost:38941|admin:|client:|dataStream:|priority:0], old=null
2022-10-13 20:19:36,953 [omNode-1-server-thread2] INFO  segmented.SegmentedRaftLogWorker (SegmentedRaftLogWorker.java:startLogSegment(425)) - omNode-1@group-6C22E66A003A-SegmentedRaftLogWorker: Starting segment from index:0
2022-10-13 20:19:36,953 [omNode-1-server-thread2] INFO  segmented.SegmentedRaftLogWorker (SegmentedRaftLogWorker.java:rollLogSegment(430)) - omNode-1@group-6C22E66A003A-SegmentedRaftLogWorker: Rolling segment log-0_0 to index:0
2022-10-13 20:19:36,958 [omNode-3-server-thread1] INFO  server.RaftServer$Division (ServerState.java:setRaftConf(393)) - omNode-3@group-6C22E66A003A: set configuration 1: [omNode-3|rpc:localhost:35315|admin:|client:|dataStream:|priority:0, omNode-1|rpc:localhost:34613|admin:|client:|dataStream:|priority:0, omNode-2|rpc:localhost:38941|admin:|client:|dataStream:|priority:0], old=null
2022-10-13 20:19:36,958 [omNode-3-server-thread1] INFO  segmented.SegmentedRaftLogWorker (SegmentedRaftLogWorker.java:rollLogSegment(430)) - omNode-3@group-6C22E66A003A-SegmentedRaftLogWorker: Rolling segment log-0_0 to index:0
2022-10-13 20:19:36,959 [omNode-3@group-6C22E66A003A-SegmentedRaftLogWorker] INFO  segmented.SegmentedRaftLogWorker (SegmentedRaftLogWorker.java:execute(586)) - omNode-3@group-6C22E66A003A-SegmentedRaftLogWorker: Rolled log segment from /home/runner/work/ozone/ozone/hadoop-ozone/integration-test/target/test-dir/MiniOzoneClusterImpl-0c33195c-4715-4e74-9207-018c6aa32671/omNode-3/ratis/9c9825ce-8ba7-3ee6-a7c3-6c22e66a003a/current/log_inprogress_0 to /home/runner/work/ozone/ozone/hadoop-ozone/integration-test/target/test-dir/MiniOzoneClusterImpl-0c33195c-4715-4e74-9207-018c6aa32671/omNode-3/ratis/9c9825ce-8ba7-3ee6-a7c3-6c22e66a003a/current/log_0-0
2022-10-13 20:19:36,970 [omNode-1@group-6C22E66A003A-SegmentedRaftLogWorker] INFO  segmented.SegmentedRaftLogWorker (SegmentedRaftLogWorker.java:execute(629)) - omNode-1@group-6C22E66A003A-SegmentedRaftLogWorker: created new log segment /home/runner/work/ozone/ozone/hadoop-ozone/integration-test/target/test-dir/MiniOzoneClusterImpl-0c33195c-4715-4e74-9207-018c6aa32671/omNode-1/ratis/9c9825ce-8ba7-3ee6-a7c3-6c22e66a003a/current/log_inprogress_0
2022-10-13 20:19:36,970 [omNode-3@group-6C22E66A003A-SegmentedRaftLogWorker] INFO  segmented.SegmentedRaftLogWorker (SegmentedRaftLogWorker.java:execute(629)) - omNode-3@group-6C22E66A003A-SegmentedRaftLogWorker: created new log segment /home/runner/work/ozone/ozone/hadoop-ozone/integration-test/target/test-dir/MiniOzoneClusterImpl-0c33195c-4715-4e74-9207-018c6aa32671/omNode-3/ratis/9c9825ce-8ba7-3ee6-a7c3-6c22e66a003a/current/log_inprogress_1
2022-10-13 20:19:36,973 [omNode-1@group-6C22E66A003A-SegmentedRaftLogWorker] INFO  segmented.SegmentedRaftLogWorker (SegmentedRaftLogWorker.java:execute(586)) - omNode-1@group-6C22E66A003A-SegmentedRaftLogWorker: Rolled log segment from /home/runner/work/ozone/ozone/hadoop-ozone/integration-test/target/test-dir/MiniOzoneClusterImpl-0c33195c-4715-4e74-9207-018c6aa32671/omNode-1/ratis/9c9825ce-8ba7-3ee6-a7c3-6c22e66a003a/current/log_inprogress_0 to /home/runner/work/ozone/ozone/hadoop-ozone/integration-test/target/test-dir/MiniOzoneClusterImpl-0c33195c-4715-4e74-9207-018c6aa32671/omNode-1/ratis/9c9825ce-8ba7-3ee6-a7c3-6c22e66a003a/current/log_0-0
2022-10-13 20:19:36,981 [omNode-2@group-6C22E66A003A-StateMachineUpdater] INFO  ratis.OzoneManagerStateMachine (OzoneManagerStateMachine.java:notifyConfigurationChanged(192)) - Received Configuration change notification from Ratis. New Peer list:
[id: "omNode-3"
address: "localhost:35315"
, id: "omNode-1"
address: "localhost:34613"
, id: "omNode-2"
address: "localhost:38941"
]
2022-10-13 20:19:36,986 [omNode-3@group-6C22E66A003A-StateMachineUpdater] INFO  ratis.OzoneManagerStateMachine (OzoneManagerStateMachine.java:notifyConfigurationChanged(192)) - Received Configuration change notification from Ratis. New Peer list:
[id: "omNode-3"
address: "localhost:35315"
, id: "omNode-1"
address: "localhost:34613"
, id: "omNode-2"
address: "localhost:38941"
]
2022-10-13 20:19:36,994 [omNode-1@group-6C22E66A003A-SegmentedRaftLogWorker] INFO  segmented.SegmentedRaftLogWorker (SegmentedRaftLogWorker.java:execute(629)) - omNode-1@group-6C22E66A003A-SegmentedRaftLogWorker: created new log segment /home/runner/work/ozone/ozone/hadoop-ozone/integration-test/target/test-dir/MiniOzoneClusterImpl-0c33195c-4715-4e74-9207-018c6aa32671/omNode-1/ratis/9c9825ce-8ba7-3ee6-a7c3-6c22e66a003a/current/log_inprogress_1
2022-10-13 20:19:37,001 [omNode-1@group-6C22E66A003A-StateMachineUpdater] INFO  ratis.OzoneManagerStateMachine (OzoneManagerStateMachine.java:notifyConfigurationChanged(192)) - Received Configuration change notification from Ratis. New Peer list:
[id: "omNode-3"
address: "localhost:35315"
, id: "omNode-1"
address: "localhost:34613"
, id: "omNode-2"
address: "localhost:38941"
]
2022-10-13 20:19:37,002 [omNode-1@group-6C22E66A003A-StateMachineUpdater] INFO  ratis.OzoneManagerStateMachine (OzoneManagerStateMachine.java:notifyConfigurationChanged(192)) - Received Configuration change notification from Ratis. New Peer list:
[id: "omNode-3"
address: "localhost:35315"
, id: "omNode-1"
address: "localhost:34613"
, id: "omNode-2"
address: "localhost:38941"
]
2022-10-13 20:19:37,536 [Listener at 127.0.0.1/34689] INFO  ozone.MiniOzoneClusterImpl (MiniOzoneClusterImpl.java:lambda$waitForClusterToBeReady$0(216)) - Waiting for nodes to be ready. Got 0 of 3 DN Heartbeats.
2022-10-13 20:19:37,536 [Listener at 127.0.0.1/34689] INFO  ozone.MiniOzoneClusterImpl (MiniOzoneClusterImpl.java:lambda$waitForClusterToBeReady$0(219)) - Waiting for cluster to exit safe mode
2022-10-13 20:19:37,536 [Listener at 127.0.0.1/34689] INFO  ozone.MiniOzoneClusterImpl (MiniOzoneClusterImpl.java:lambda$waitForClusterToBeReady$0(221)) - SCM became leader
2022-10-13 20:19:37,879 [EndpointStateMachine task thread for /127.0.0.1:46545 - 0 ] INFO  volume.HddsVolume (HddsVolume.java:createDbStore(307)) - SchemaV3 db is created and loaded at /home/runner/work/ozone/ozone/hadoop-ozone/integration-test/target/test-dir/MiniOzoneClusterImpl-0c33195c-4715-4e74-9207-018c6aa32671/datanode-0/data-0/containers/hdds/0c33195c-4715-4e74-9207-018c6aa32671/DS-d5a04b2a-0011-4f33-9fba-ebbfb3437b08/container.db for volume DS-d5a04b2a-0011-4f33-9fba-ebbfb3437b08
2022-10-13 20:19:37,890 [EndpointStateMachine task thread for /127.0.0.1:46545 - 0 ] INFO  volume.HddsVolume (HddsVolume.java:closeDbStore(338)) - SchemaV3 db is stopped at /home/runner/work/ozone/ozone/hadoop-ozone/integration-test/target/test-dir/MiniOzoneClusterImpl-0c33195c-4715-4e74-9207-018c6aa32671/datanode-0/data-0/containers/hdds/0c33195c-4715-4e74-9207-018c6aa32671/DS-d5a04b2a-0011-4f33-9fba-ebbfb3437b08/container.db for volume DS-d5a04b2a-0011-4f33-9fba-ebbfb3437b08
2022-10-13 20:19:37,890 [EndpointStateMachine task thread for /127.0.0.1:46545 - 0 ] INFO  ozoneimpl.OzoneContainer (OzoneContainer.java:start(378)) - Attempting to start container services.
2022-10-13 20:19:37,893 [EndpointStateMachine task thread for /127.0.0.1:46545 - 0 ] INFO  ozoneimpl.OzoneContainer (OzoneContainer.java:startContainerScrub(313)) - Background container scanner has been disabled.
2022-10-13 20:19:37,898 [EndpointStateMachine task thread for /127.0.0.1:46545 - 0 ] INFO  replication.ReplicationServer (ReplicationServer.java:start(111)) - ReplicationServer is started using port 44995
2022-10-13 20:19:37,900 [EndpointStateMachine task thread for /127.0.0.1:46545 - 0 ] INFO  ratis.XceiverServerRatis (XceiverServerRatis.java:start(481)) - Starting XceiverServerRatis 3ddcf304-85b1-49d2-b8da-4a506cacc1b8
2022-10-13 20:19:37,901 [EndpointStateMachine task thread for /127.0.0.1:46545 - 0 ] INFO  server.RaftServer (RaftServerProxy.java:lambda$start$6(382)) - 3ddcf304-85b1-49d2-b8da-4a506cacc1b8: start RPC server
2022-10-13 20:19:37,906 [EndpointStateMachine task thread for /127.0.0.1:46545 - 0 ] INFO  server.GrpcService (GrpcService.java:startImpl(260)) - 3ddcf304-85b1-49d2-b8da-4a506cacc1b8: GrpcService started, listening on 38205
2022-10-13 20:19:37,908 [EndpointStateMachine task thread for /127.0.0.1:46545 - 0 ] INFO  ratis.XceiverServerRatis (XceiverServerRatis.java:getRealPort(502)) - XceiverServerRatis 3ddcf304-85b1-49d2-b8da-4a506cacc1b8 is started using port 38205 for RATIS
2022-10-13 20:19:37,908 [org.apache.ratis.util.JvmPauseMonitor$$Lambda$519/1431033796@71f9b83c] INFO  util.JvmPauseMonitor (JvmPauseMonitor.java:run(103)) - JvmPauseMonitor-3ddcf304-85b1-49d2-b8da-4a506cacc1b8: Started
2022-10-13 20:19:37,908 [EndpointStateMachine task thread for /127.0.0.1:46545 - 0 ] INFO  ratis.XceiverServerRatis (XceiverServerRatis.java:getRealPort(502)) - XceiverServerRatis 3ddcf304-85b1-49d2-b8da-4a506cacc1b8 is started using port 38205 for RATIS_ADMIN
2022-10-13 20:19:37,908 [EndpointStateMachine task thread for /127.0.0.1:46545 - 0 ] INFO  ratis.XceiverServerRatis (XceiverServerRatis.java:getRealPort(502)) - XceiverServerRatis 3ddcf304-85b1-49d2-b8da-4a506cacc1b8 is started using port 38205 for RATIS_SERVER
2022-10-13 20:19:37,911 [EndpointStateMachine task thread for /127.0.0.1:46545 - 0 ] INFO  server.XceiverServerGrpc (XceiverServerGrpc.java:start(180)) - XceiverServerGrpc 3ddcf304-85b1-49d2-b8da-4a506cacc1b8 is started using port 33925
2022-10-13 20:19:37,917 [EndpointStateMachine task thread for /127.0.0.1:33963 - 0 ] INFO  ozoneimpl.OzoneContainer (OzoneContainer.java:start(374)) - Ignore. OzoneContainer already started.
2022-10-13 20:19:37,917 [EndpointStateMachine task thread for /127.0.0.1:44779 - 0 ] INFO  ozoneimpl.OzoneContainer (OzoneContainer.java:start(374)) - Ignore. OzoneContainer already started.
2022-10-13 20:19:38,237 [EndpointStateMachine task thread for /127.0.0.1:44779 - 0 ] INFO  volume.HddsVolume (HddsVolume.java:createDbStore(307)) - SchemaV3 db is created and loaded at /home/runner/work/ozone/ozone/hadoop-ozone/integration-test/target/test-dir/MiniOzoneClusterImpl-0c33195c-4715-4e74-9207-018c6aa32671/datanode-1/data-0/containers/hdds/0c33195c-4715-4e74-9207-018c6aa32671/DS-d09f037d-4898-4a9c-89b5-d96746ba0073/container.db for volume DS-d09f037d-4898-4a9c-89b5-d96746ba0073
2022-10-13 20:19:38,239 [EndpointStateMachine task thread for /127.0.0.1:44779 - 0 ] INFO  volume.HddsVolume (HddsVolume.java:closeDbStore(338)) - SchemaV3 db is stopped at /home/runner/work/ozone/ozone/hadoop-ozone/integration-test/target/test-dir/MiniOzoneClusterImpl-0c33195c-4715-4e74-9207-018c6aa32671/datanode-1/data-0/containers/hdds/0c33195c-4715-4e74-9207-018c6aa32671/DS-d09f037d-4898-4a9c-89b5-d96746ba0073/container.db for volume DS-d09f037d-4898-4a9c-89b5-d96746ba0073
2022-10-13 20:19:38,239 [EndpointStateMachine task thread for /127.0.0.1:44779 - 0 ] INFO  ozoneimpl.OzoneContainer (OzoneContainer.java:start(378)) - Attempting to start container services.
2022-10-13 20:19:38,239 [EndpointStateMachine task thread for /127.0.0.1:44779 - 0 ] INFO  ozoneimpl.OzoneContainer (OzoneContainer.java:startContainerScrub(313)) - Background container scanner has been disabled.
2022-10-13 20:19:38,242 [EndpointStateMachine task thread for /127.0.0.1:44779 - 0 ] INFO  replication.ReplicationServer (ReplicationServer.java:start(111)) - ReplicationServer is started using port 36131
2022-10-13 20:19:38,244 [EndpointStateMachine task thread for /127.0.0.1:44779 - 0 ] INFO  ratis.XceiverServerRatis (XceiverServerRatis.java:start(481)) - Starting XceiverServerRatis b33b9c80-8f32-4607-98ae-733684aaa44e
2022-10-13 20:19:38,245 [EndpointStateMachine task thread for /127.0.0.1:44779 - 0 ] INFO  server.RaftServer (RaftServerProxy.java:lambda$start$6(382)) - b33b9c80-8f32-4607-98ae-733684aaa44e: start RPC server
2022-10-13 20:19:38,248 [EndpointStateMachine task thread for /127.0.0.1:44779 - 0 ] INFO  server.GrpcService (GrpcService.java:startImpl(260)) - b33b9c80-8f32-4607-98ae-733684aaa44e: GrpcService started, listening on 46351
2022-10-13 20:19:38,248 [EndpointStateMachine task thread for /127.0.0.1:44779 - 0 ] INFO  ratis.XceiverServerRatis (XceiverServerRatis.java:getRealPort(502)) - XceiverServerRatis b33b9c80-8f32-4607-98ae-733684aaa44e is started using port 46351 for RATIS
2022-10-13 20:19:38,248 [org.apache.ratis.util.JvmPauseMonitor$$Lambda$519/1431033796@7ee5fce3] INFO  util.JvmPauseMonitor (JvmPauseMonitor.java:run(103)) - JvmPauseMonitor-b33b9c80-8f32-4607-98ae-733684aaa44e: Started
2022-10-13 20:19:38,248 [EndpointStateMachine task thread for /127.0.0.1:44779 - 0 ] INFO  ratis.XceiverServerRatis (XceiverServerRatis.java:getRealPort(502)) - XceiverServerRatis b33b9c80-8f32-4607-98ae-733684aaa44e is started using port 46351 for RATIS_ADMIN
2022-10-13 20:19:38,248 [EndpointStateMachine task thread for /127.0.0.1:44779 - 0 ] INFO  ratis.XceiverServerRatis (XceiverServerRatis.java:getRealPort(502)) - XceiverServerRatis b33b9c80-8f32-4607-98ae-733684aaa44e is started using port 46351 for RATIS_SERVER
2022-10-13 20:19:38,252 [EndpointStateMachine task thread for /127.0.0.1:44779 - 0 ] INFO  server.XceiverServerGrpc (XceiverServerGrpc.java:start(180)) - XceiverServerGrpc b33b9c80-8f32-4607-98ae-733684aaa44e is started using port 46553
2022-10-13 20:19:38,258 [EndpointStateMachine task thread for /127.0.0.1:46545 - 0 ] INFO  ozoneimpl.OzoneContainer (OzoneContainer.java:start(374)) - Ignore. OzoneContainer already started.
2022-10-13 20:19:38,258 [EndpointStateMachine task thread for /127.0.0.1:33963 - 0 ] INFO  ozoneimpl.OzoneContainer (OzoneContainer.java:start(374)) - Ignore. OzoneContainer already started.
2022-10-13 20:19:38,536 [Listener at 127.0.0.1/34689] INFO  ozone.MiniOzoneClusterImpl (MiniOzoneClusterImpl.java:lambda$waitForClusterToBeReady$0(216)) - Waiting for nodes to be ready. Got 0 of 3 DN Heartbeats.
2022-10-13 20:19:38,536 [Listener at 127.0.0.1/34689] INFO  ozone.MiniOzoneClusterImpl (MiniOzoneClusterImpl.java:lambda$waitForClusterToBeReady$0(219)) - Waiting for cluster to exit safe mode
2022-10-13 20:19:38,536 [Listener at 127.0.0.1/34689] INFO  ozone.MiniOzoneClusterImpl (MiniOzoneClusterImpl.java:lambda$waitForClusterToBeReady$0(221)) - SCM became leader
2022-10-13 20:19:38,592 [EndpointStateMachine task thread for /127.0.0.1:33963 - 0 ] INFO  volume.HddsVolume (HddsVolume.java:createDbStore(307)) - SchemaV3 db is created and loaded at /home/runner/work/ozone/ozone/hadoop-ozone/integration-test/target/test-dir/MiniOzoneClusterImpl-0c33195c-4715-4e74-9207-018c6aa32671/datanode-2/data-0/containers/hdds/0c33195c-4715-4e74-9207-018c6aa32671/DS-e03a9965-6024-49c5-92aa-57cf2d4f76e2/container.db for volume DS-e03a9965-6024-49c5-92aa-57cf2d4f76e2
2022-10-13 20:19:38,592 [EndpointStateMachine task thread for /127.0.0.1:33963 - 0 ] INFO  volume.HddsVolume (HddsVolume.java:closeDbStore(338)) - SchemaV3 db is stopped at /home/runner/work/ozone/ozone/hadoop-ozone/integration-test/target/test-dir/MiniOzoneClusterImpl-0c33195c-4715-4e74-9207-018c6aa32671/datanode-2/data-0/containers/hdds/0c33195c-4715-4e74-9207-018c6aa32671/DS-e03a9965-6024-49c5-92aa-57cf2d4f76e2/container.db for volume DS-e03a9965-6024-49c5-92aa-57cf2d4f76e2
2022-10-13 20:19:38,593 [EndpointStateMachine task thread for /127.0.0.1:33963 - 0 ] INFO  ozoneimpl.OzoneContainer (OzoneContainer.java:start(378)) - Attempting to start container services.
2022-10-13 20:19:38,593 [EndpointStateMachine task thread for /127.0.0.1:33963 - 0 ] INFO  ozoneimpl.OzoneContainer (OzoneContainer.java:startContainerScrub(313)) - Background container scanner has been disabled.
2022-10-13 20:19:38,597 [EndpointStateMachine task thread for /127.0.0.1:33963 - 0 ] INFO  replication.ReplicationServer (ReplicationServer.java:start(111)) - ReplicationServer is started using port 41723
2022-10-13 20:19:38,598 [EndpointStateMachine task thread for /127.0.0.1:33963 - 0 ] INFO  ratis.XceiverServerRatis (XceiverServerRatis.java:start(481)) - Starting XceiverServerRatis 4204fecc-e3eb-437d-ab57-73516eed136b
2022-10-13 20:19:38,598 [EndpointStateMachine task thread for /127.0.0.1:33963 - 0 ] INFO  server.RaftServer (RaftServerProxy.java:lambda$start$6(382)) - 4204fecc-e3eb-437d-ab57-73516eed136b: start RPC server
2022-10-13 20:19:38,601 [EndpointStateMachine task thread for /127.0.0.1:33963 - 0 ] INFO  server.GrpcService (GrpcService.java:startImpl(260)) - 4204fecc-e3eb-437d-ab57-73516eed136b: GrpcService started, listening on 37675
2022-10-13 20:19:38,602 [EndpointStateMachine task thread for /127.0.0.1:33963 - 0 ] INFO  ratis.XceiverServerRatis (XceiverServerRatis.java:getRealPort(502)) - XceiverServerRatis 4204fecc-e3eb-437d-ab57-73516eed136b is started using port 37675 for RATIS
2022-10-13 20:19:38,602 [org.apache.ratis.util.JvmPauseMonitor$$Lambda$519/1431033796@71e19267] INFO  util.JvmPauseMonitor (JvmPauseMonitor.java:run(103)) - JvmPauseMonitor-4204fecc-e3eb-437d-ab57-73516eed136b: Started
2022-10-13 20:19:38,602 [EndpointStateMachine task thread for /127.0.0.1:33963 - 0 ] INFO  ratis.XceiverServerRatis (XceiverServerRatis.java:getRealPort(502)) - XceiverServerRatis 4204fecc-e3eb-437d-ab57-73516eed136b is started using port 37675 for RATIS_ADMIN
2022-10-13 20:19:38,602 [EndpointStateMachine task thread for /127.0.0.1:33963 - 0 ] INFO  ratis.XceiverServerRatis (XceiverServerRatis.java:getRealPort(502)) - XceiverServerRatis 4204fecc-e3eb-437d-ab57-73516eed136b is started using port 37675 for RATIS_SERVER
2022-10-13 20:19:38,606 [EndpointStateMachine task thread for /127.0.0.1:33963 - 0 ] INFO  server.XceiverServerGrpc (XceiverServerGrpc.java:start(180)) - XceiverServerGrpc 4204fecc-e3eb-437d-ab57-73516eed136b is started using port 35545
2022-10-13 20:19:38,614 [EndpointStateMachine task thread for /127.0.0.1:46545 - 0 ] INFO  ozoneimpl.OzoneContainer (OzoneContainer.java:start(374)) - Ignore. OzoneContainer already started.
2022-10-13 20:19:38,614 [EndpointStateMachine task thread for /127.0.0.1:44779 - 0 ] INFO  ozoneimpl.OzoneContainer (OzoneContainer.java:start(374)) - Ignore. OzoneContainer already started.
2022-10-13 20:19:39,537 [Listener at 127.0.0.1/34689] INFO  ozone.MiniOzoneClusterImpl (MiniOzoneClusterImpl.java:lambda$waitForClusterToBeReady$0(216)) - Waiting for nodes to be ready. Got 0 of 3 DN Heartbeats.
2022-10-13 20:19:39,537 [Listener at 127.0.0.1/34689] INFO  ozone.MiniOzoneClusterImpl (MiniOzoneClusterImpl.java:lambda$waitForClusterToBeReady$0(219)) - Waiting for cluster to exit safe mode
2022-10-13 20:19:39,537 [Listener at 127.0.0.1/34689] INFO  ozone.MiniOzoneClusterImpl (MiniOzoneClusterImpl.java:lambda$waitForClusterToBeReady$0(221)) - SCM became leader
2022-10-13 20:19:39,784 [IPC Server handler 0 on default port 33963] INFO  net.NetworkTopologyImpl (NetworkTopologyImpl.java:add(112)) - Added a new node: /default-rack/3ddcf304-85b1-49d2-b8da-4a506cacc1b8
2022-10-13 20:19:39,786 [IPC Server handler 0 on default port 33963] INFO  node.SCMNodeManager (SCMNodeManager.java:register(397)) - Registered Data node : 3ddcf304-85b1-49d2-b8da-4a506cacc1b8{ip: 127.0.0.1, host: localhost, ports: [REPLICATION=44995, RATIS=38205, RATIS_ADMIN=38205, RATIS_SERVER=38205, STANDALONE=33925], networkLocation: /default-rack, certSerialId: null, persistedOpState: null, persistedOpStateExpiryEpochSec: 0}
2022-10-13 20:19:39,794 [EventQueue-NodeRegistrationContainerReportForDataNodeSafeModeRule] INFO  safemode.SCMSafeModeManager (DataNodeSafeModeRule.java:process(71)) - SCM in safe mode. 1 DataNodes registered, 3 required.
2022-10-13 20:19:39,795 [EventQueue-NewNodeForNewNodeHandler] INFO  pipeline.BackgroundPipelineCreator (BackgroundPipelineCreator.java:notifyEventTriggered(276)) - trigger a one-shot run on RatisPipelineUtilsThread.
2022-10-13 20:19:39,793 [IPC Server handler 0 on default port 46545] INFO  net.NetworkTopologyImpl (NetworkTopologyImpl.java:add(112)) - Added a new node: /default-rack/3ddcf304-85b1-49d2-b8da-4a506cacc1b8
2022-10-13 20:19:39,793 [IPC Server handler 16 on default port 44779] INFO  net.NetworkTopologyImpl (NetworkTopologyImpl.java:add(112)) - Added a new node: /default-rack/3ddcf304-85b1-49d2-b8da-4a506cacc1b8
2022-10-13 20:19:39,799 [IPC Server handler 0 on default port 46545] INFO  node.SCMNodeManager (SCMNodeManager.java:register(397)) - Registered Data node : 3ddcf304-85b1-49d2-b8da-4a506cacc1b8{ip: 127.0.0.1, host: localhost, ports: [REPLICATION=44995, RATIS=38205, RATIS_ADMIN=38205, RATIS_SERVER=38205, STANDALONE=33925], networkLocation: /default-rack, certSerialId: null, persistedOpState: null, persistedOpStateExpiryEpochSec: 0}
2022-10-13 20:19:39,799 [IPC Server handler 16 on default port 44779] INFO  node.SCMNodeManager (SCMNodeManager.java:register(397)) - Registered Data node : 3ddcf304-85b1-49d2-b8da-4a506cacc1b8{ip: 127.0.0.1, host: localhost, ports: [REPLICATION=44995, RATIS=38205, RATIS_ADMIN=38205, RATIS_SERVER=38205, STANDALONE=33925], networkLocation: /default-rack, certSerialId: null, persistedOpState: null, persistedOpStateExpiryEpochSec: 0}
2022-10-13 20:19:39,799 [EventQueue-NodeRegistrationContainerReportForContainerSafeModeRule] INFO  safemode.SCMSafeModeManager (SCMSafeModeManager.java:validateSafeModeExitRules(204)) - ContainerSafeModeRule rule is successfully validated
2022-10-13 20:19:39,804 [EventQueue-PipelineReportForOneReplicaPipelineSafeModeRule] INFO  safemode.SCMSafeModeManager (SCMSafeModeManager.java:validateSafeModeExitRules(204)) - AtleastOneDatanodeReportedRule rule is successfully validated
2022-10-13 20:19:39,805 [EventQueue-NewNodeForNewNodeHandler] INFO  pipeline.BackgroundPipelineCreator (BackgroundPipelineCreator.java:notifyEventTriggered(269)) - ignore, not leader SCM.
2022-10-13 20:19:39,805 [EventQueue-NodeRegistrationContainerReportForDataNodeSafeModeRule] INFO  safemode.SCMSafeModeManager (DataNodeSafeModeRule.java:process(71)) - SCM in safe mode. 1 DataNodes registered, 3 required.
2022-10-13 20:19:39,812 [RatisPipelineUtilsThread - 0] INFO  pipeline.RatisPipelineProvider (RatisPipelineProvider.java:lambda$create$0(195)) - Sending CreatePipelineCommand for pipeline:PipelineID=b57567b0-a8f2-45b5-9a0f-a03b71562239 to datanode:3ddcf304-85b1-49d2-b8da-4a506cacc1b8
2022-10-13 20:19:39,813 [EventQueue-NewNodeForNewNodeHandler] INFO  pipeline.BackgroundPipelineCreator (BackgroundPipelineCreator.java:notifyEventTriggered(269)) - ignore, not leader SCM.
2022-10-13 20:19:39,813 [EventQueue-NodeRegistrationContainerReportForContainerSafeModeRule] INFO  safemode.SCMSafeModeManager (SCMSafeModeManager.java:validateSafeModeExitRules(204)) - ContainerSafeModeRule rule is successfully validated
2022-10-13 20:19:39,813 [EventQueue-NodeRegistrationContainerReportForContainerSafeModeRule] INFO  safemode.SCMSafeModeManager (SCMSafeModeManager.java:validateSafeModeExitRules(204)) - ContainerSafeModeRule rule is successfully validated
2022-10-13 20:19:39,817 [EventQueue-PipelineReportForOneReplicaPipelineSafeModeRule] INFO  safemode.SCMSafeModeManager (SCMSafeModeManager.java:validateSafeModeExitRules(204)) - AtleastOneDatanodeReportedRule rule is successfully validated
2022-10-13 20:19:39,818 [EventQueue-NodeRegistrationContainerReportForDataNodeSafeModeRule] INFO  safemode.SCMSafeModeManager (DataNodeSafeModeRule.java:process(71)) - SCM in safe mode. 1 DataNodes registered, 3 required.
2022-10-13 20:19:39,823 [EventQueue-PipelineReportForOneReplicaPipelineSafeModeRule] INFO  safemode.SCMSafeModeManager (SCMSafeModeManager.java:validateSafeModeExitRules(204)) - AtleastOneDatanodeReportedRule rule is successfully validated
2022-10-13 20:19:39,899 [e2549e0e-20c3-4590-9573-c43d76d3b17a@group-018C6AA32671-StateMachineUpdater] INFO  pipeline.PipelineStateManagerImpl (PipelineStateManagerImpl.java:addPipeline(103)) - Created pipeline Pipeline[ Id: b57567b0-a8f2-45b5-9a0f-a03b71562239, Nodes: 3ddcf304-85b1-49d2-b8da-4a506cacc1b8{ip: 127.0.0.1, host: localhost, ports: [REPLICATION=44995, RATIS=38205, RATIS_ADMIN=38205, RATIS_SERVER=38205, STANDALONE=33925], networkLocation: /default-rack, certSerialId: null, persistedOpState: IN_SERVICE, persistedOpStateExpiryEpochSec: 0}, ReplicationConfig: RATIS/ONE, State:ALLOCATED, leaderId:, CreationTimestamp2022-10-13T20:19:39.811Z[Etc/UTC]].
2022-10-13 20:19:39,901 [e2549e0e-20c3-4590-9573-c43d76d3b17a@group-018C6AA32671-StateMachineUpdater] INFO  safemode.HealthyPipelineSafeModeRule (HealthyPipelineSafeModeRule.java:initializeRule(165)) - Refreshed total pipeline count is 0, healthy pipeline threshold count is 1
2022-10-13 20:19:39,905 [aa1de7e1-092b-4c10-ba41-bafadd24aa7a@group-018C6AA32671-StateMachineUpdater] INFO  pipeline.PipelineStateManagerImpl (PipelineStateManagerImpl.java:addPipeline(103)) - Created pipeline Pipeline[ Id: b57567b0-a8f2-45b5-9a0f-a03b71562239, Nodes: 3ddcf304-85b1-49d2-b8da-4a506cacc1b8{ip: 127.0.0.1, host: localhost, ports: [REPLICATION=44995, RATIS=38205, RATIS_ADMIN=38205, RATIS_SERVER=38205, STANDALONE=33925], networkLocation: /default-rack, certSerialId: null, persistedOpState: IN_SERVICE, persistedOpStateExpiryEpochSec: 0}, ReplicationConfig: RATIS/ONE, State:ALLOCATED, leaderId:, CreationTimestamp2022-10-13T20:19:39.811Z[Etc/UTC]].
2022-10-13 20:19:39,907 [aa1de7e1-092b-4c10-ba41-bafadd24aa7a@group-018C6AA32671-StateMachineUpdater] INFO  safemode.HealthyPipelineSafeModeRule (HealthyPipelineSafeModeRule.java:initializeRule(165)) - Refreshed total pipeline count is 0, healthy pipeline threshold count is 1
2022-10-13 20:19:39,911 [07c9e681-1902-448f-876d-c238a5737790@group-018C6AA32671-StateMachineUpdater] INFO  pipeline.PipelineStateManagerImpl (PipelineStateManagerImpl.java:addPipeline(103)) - Created pipeline Pipeline[ Id: b57567b0-a8f2-45b5-9a0f-a03b71562239, Nodes: 3ddcf304-85b1-49d2-b8da-4a506cacc1b8{ip: 127.0.0.1, host: localhost, ports: [REPLICATION=44995, RATIS=38205, RATIS_ADMIN=38205, RATIS_SERVER=38205, STANDALONE=33925], networkLocation: /default-rack, certSerialId: null, persistedOpState: IN_SERVICE, persistedOpStateExpiryEpochSec: 0}, ReplicationConfig: RATIS/ONE, State:ALLOCATED, leaderId:, CreationTimestamp2022-10-13T20:19:39.811Z[Etc/UTC]].
2022-10-13 20:19:39,912 [07c9e681-1902-448f-876d-c238a5737790@group-018C6AA32671-StateMachineUpdater] INFO  safemode.HealthyPipelineSafeModeRule (HealthyPipelineSafeModeRule.java:initializeRule(165)) - Refreshed total pipeline count is 0, healthy pipeline threshold count is 1
2022-10-13 20:19:40,179 [IPC Server handler 2 on default port 33963] INFO  net.NetworkTopologyImpl (NetworkTopologyImpl.java:add(112)) - Added a new node: /default-rack/b33b9c80-8f32-4607-98ae-733684aaa44e
2022-10-13 20:19:40,181 [IPC Server handler 2 on default port 33963] INFO  node.SCMNodeManager (SCMNodeManager.java:register(397)) - Registered Data node : b33b9c80-8f32-4607-98ae-733684aaa44e{ip: 127.0.0.1, host: localhost, ports: [REPLICATION=36131, RATIS=46351, RATIS_ADMIN=46351, RATIS_SERVER=46351, STANDALONE=46553], networkLocation: /default-rack, certSerialId: null, persistedOpState: null, persistedOpStateExpiryEpochSec: 0}
2022-10-13 20:19:40,181 [IPC Server handler 1 on default port 46545] INFO  net.NetworkTopologyImpl (NetworkTopologyImpl.java:add(112)) - Added a new node: /default-rack/b33b9c80-8f32-4607-98ae-733684aaa44e
2022-10-13 20:19:40,181 [IPC Server handler 1 on default port 46545] INFO  node.SCMNodeManager (SCMNodeManager.java:register(397)) - Registered Data node : b33b9c80-8f32-4607-98ae-733684aaa44e{ip: 127.0.0.1, host: localhost, ports: [REPLICATION=36131, RATIS=46351, RATIS_ADMIN=46351, RATIS_SERVER=46351, STANDALONE=46553], networkLocation: /default-rack, certSerialId: null, persistedOpState: null, persistedOpStateExpiryEpochSec: 0}
2022-10-13 20:19:40,181 [IPC Server handler 15 on default port 44779] INFO  net.NetworkTopologyImpl (NetworkTopologyImpl.java:add(112)) - Added a new node: /default-rack/b33b9c80-8f32-4607-98ae-733684aaa44e
2022-10-13 20:19:40,182 [IPC Server handler 15 on default port 44779] INFO  node.SCMNodeManager (SCMNodeManager.java:register(397)) - Registered Data node : b33b9c80-8f32-4607-98ae-733684aaa44e{ip: 127.0.0.1, host: localhost, ports: [REPLICATION=36131, RATIS=46351, RATIS_ADMIN=46351, RATIS_SERVER=46351, STANDALONE=46553], networkLocation: /default-rack, certSerialId: null, persistedOpState: null, persistedOpStateExpiryEpochSec: 0}
2022-10-13 20:19:40,182 [EventQueue-NewNodeForNewNodeHandler] INFO  pipeline.BackgroundPipelineCreator (BackgroundPipelineCreator.java:notifyEventTriggered(276)) - trigger a one-shot run on RatisPipelineUtilsThread.
2022-10-13 20:19:40,185 [EventQueue-NodeRegistrationContainerReportForDataNodeSafeModeRule] INFO  safemode.SCMSafeModeManager (DataNodeSafeModeRule.java:process(71)) - SCM in safe mode. 2 DataNodes registered, 3 required.
2022-10-13 20:19:40,185 [RatisPipelineUtilsThread - 0] INFO  pipeline.RatisPipelineProvider (RatisPipelineProvider.java:lambda$create$0(195)) - Sending CreatePipelineCommand for pipeline:PipelineID=9b492d2c-6b2c-426a-aa04-d113bded26a6 to datanode:b33b9c80-8f32-4607-98ae-733684aaa44e
2022-10-13 20:19:40,186 [EventQueue-NewNodeForNewNodeHandler] INFO  pipeline.BackgroundPipelineCreator (BackgroundPipelineCreator.java:notifyEventTriggered(269)) - ignore, not leader SCM.
2022-10-13 20:19:40,192 [EventQueue-NodeRegistrationContainerReportForDataNodeSafeModeRule] INFO  safemode.SCMSafeModeManager (DataNodeSafeModeRule.java:process(71)) - SCM in safe mode. 2 DataNodes registered, 3 required.
2022-10-13 20:19:40,192 [EventQueue-NewNodeForNewNodeHandler] INFO  pipeline.BackgroundPipelineCreator (BackgroundPipelineCreator.java:notifyEventTriggered(269)) - ignore, not leader SCM.
2022-10-13 20:19:40,195 [e2549e0e-20c3-4590-9573-c43d76d3b17a@group-018C6AA32671-StateMachineUpdater] INFO  pipeline.PipelineStateManagerImpl (PipelineStateManagerImpl.java:addPipeline(103)) - Created pipeline Pipeline[ Id: 9b492d2c-6b2c-426a-aa04-d113bded26a6, Nodes: b33b9c80-8f32-4607-98ae-733684aaa44e{ip: 127.0.0.1, host: localhost, ports: [REPLICATION=36131, RATIS=46351, RATIS_ADMIN=46351, RATIS_SERVER=46351, STANDALONE=46553], networkLocation: /default-rack, certSerialId: null, persistedOpState: IN_SERVICE, persistedOpStateExpiryEpochSec: 0}, ReplicationConfig: RATIS/ONE, State:ALLOCATED, leaderId:, CreationTimestamp2022-10-13T20:19:40.185Z[Etc/UTC]].
2022-10-13 20:19:40,196 [e2549e0e-20c3-4590-9573-c43d76d3b17a@group-018C6AA32671-StateMachineUpdater] INFO  safemode.HealthyPipelineSafeModeRule (HealthyPipelineSafeModeRule.java:initializeRule(165)) - Refreshed total pipeline count is 0, healthy pipeline threshold count is 1
2022-10-13 20:19:40,200 [EventQueue-NodeRegistrationContainerReportForDataNodeSafeModeRule] INFO  safemode.SCMSafeModeManager (DataNodeSafeModeRule.java:process(71)) - SCM in safe mode. 2 DataNodes registered, 3 required.
2022-10-13 20:19:40,203 [aa1de7e1-092b-4c10-ba41-bafadd24aa7a@group-018C6AA32671-StateMachineUpdater] INFO  pipeline.PipelineStateManagerImpl (PipelineStateManagerImpl.java:addPipeline(103)) - Created pipeline Pipeline[ Id: 9b492d2c-6b2c-426a-aa04-d113bded26a6, Nodes: b33b9c80-8f32-4607-98ae-733684aaa44e{ip: 127.0.0.1, host: localhost, ports: [REPLICATION=36131, RATIS=46351, RATIS_ADMIN=46351, RATIS_SERVER=46351, STANDALONE=46553], networkLocation: /default-rack, certSerialId: null, persistedOpState: IN_SERVICE, persistedOpStateExpiryEpochSec: 0}, ReplicationConfig: RATIS/ONE, State:ALLOCATED, leaderId:, CreationTimestamp2022-10-13T20:19:40.185Z[Etc/UTC]].
2022-10-13 20:19:40,203 [aa1de7e1-092b-4c10-ba41-bafadd24aa7a@group-018C6AA32671-StateMachineUpdater] INFO  safemode.HealthyPipelineSafeModeRule (HealthyPipelineSafeModeRule.java:initializeRule(165)) - Refreshed total pipeline count is 0, healthy pipeline threshold count is 1
2022-10-13 20:19:40,206 [07c9e681-1902-448f-876d-c238a5737790@group-018C6AA32671-StateMachineUpdater] INFO  pipeline.PipelineStateManagerImpl (PipelineStateManagerImpl.java:addPipeline(103)) - Created pipeline Pipeline[ Id: 9b492d2c-6b2c-426a-aa04-d113bded26a6, Nodes: b33b9c80-8f32-4607-98ae-733684aaa44e{ip: 127.0.0.1, host: localhost, ports: [REPLICATION=36131, RATIS=46351, RATIS_ADMIN=46351, RATIS_SERVER=46351, STANDALONE=46553], networkLocation: /default-rack, certSerialId: null, persistedOpState: IN_SERVICE, persistedOpStateExpiryEpochSec: 0}, ReplicationConfig: RATIS/ONE, State:ALLOCATED, leaderId:, CreationTimestamp2022-10-13T20:19:40.185Z[Etc/UTC]].
2022-10-13 20:19:40,207 [07c9e681-1902-448f-876d-c238a5737790@group-018C6AA32671-StateMachineUpdater] INFO  safemode.HealthyPipelineSafeModeRule (HealthyPipelineSafeModeRule.java:initializeRule(165)) - Refreshed total pipeline count is 0, healthy pipeline threshold count is 1
2022-10-13 20:19:40,537 [Listener at 127.0.0.1/34689] INFO  ozone.MiniOzoneClusterImpl (MiniOzoneClusterImpl.java:lambda$waitForClusterToBeReady$0(216)) - Waiting for nodes to be ready. Got 2 of 3 DN Heartbeats.
2022-10-13 20:19:40,539 [Listener at 127.0.0.1/34689] INFO  ozone.MiniOzoneClusterImpl (MiniOzoneClusterImpl.java:lambda$waitForClusterToBeReady$0(219)) - Waiting for cluster to exit safe mode
2022-10-13 20:19:40,539 [Listener at 127.0.0.1/34689] INFO  ozone.MiniOzoneClusterImpl (MiniOzoneClusterImpl.java:lambda$waitForClusterToBeReady$0(221)) - SCM became leader
2022-10-13 20:19:40,544 [IPC Server handler 1 on default port 33963] INFO  net.NetworkTopologyImpl (NetworkTopologyImpl.java:add(112)) - Added a new node: /default-rack/4204fecc-e3eb-437d-ab57-73516eed136b
2022-10-13 20:19:40,544 [IPC Server handler 1 on default port 33963] INFO  node.SCMNodeManager (SCMNodeManager.java:register(397)) - Registered Data node : 4204fecc-e3eb-437d-ab57-73516eed136b{ip: 127.0.0.1, host: localhost, ports: [REPLICATION=41723, RATIS=37675, RATIS_ADMIN=37675, RATIS_SERVER=37675, STANDALONE=35545], networkLocation: /default-rack, certSerialId: null, persistedOpState: null, persistedOpStateExpiryEpochSec: 0}
2022-10-13 20:19:40,545 [EventQueue-NodeRegistrationContainerReportForDataNodeSafeModeRule] INFO  safemode.SCMSafeModeManager (DataNodeSafeModeRule.java:process(71)) - SCM in safe mode. 3 DataNodes registered, 3 required.
2022-10-13 20:19:40,545 [EventQueue-NodeRegistrationContainerReportForDataNodeSafeModeRule] INFO  safemode.SCMSafeModeManager (SCMSafeModeManager.java:validateSafeModeExitRules(204)) - DataNodeSafeModeRule rule is successfully validated
2022-10-13 20:19:40,545 [EventQueue-NodeRegistrationContainerReportForDataNodeSafeModeRule] INFO  safemode.SCMSafeModeManager (SCMSafeModeManager.java:completePreCheck(233)) - All SCM safe mode pre check rules have passed
2022-10-13 20:19:40,546 [EventQueue-NodeRegistrationContainerReportForDataNodeSafeModeRule] WARN  events.EventQueue (EventQueue.java:fireEvent(216)) - No event handler registered for event TypedEvent{payloadType=SafeModeStatus, name='Safe mode status'}
2022-10-13 20:19:40,546 [EventQueue-NodeRegistrationContainerReportForDataNodeSafeModeRule] INFO  ha.SCMContext (SCMContext.java:updateSafeModeStatus(228)) - Update SafeModeStatus from SafeModeStatus{safeModeStatus=true, preCheckPassed=false} to SafeModeStatus{safeModeStatus=true, preCheckPassed=true}.
2022-10-13 20:19:40,546 [EventQueue-NodeRegistrationContainerReportForDataNodeSafeModeRule] INFO  pipeline.BackgroundPipelineCreator (BackgroundPipelineCreator.java:notifyEventTriggered(276)) - trigger a one-shot run on RatisPipelineUtilsThread.
2022-10-13 20:19:40,547 [RatisPipelineUtilsThread - 0] INFO  pipeline.RatisPipelineProvider (RatisPipelineProvider.java:lambda$create$0(195)) - Sending CreatePipelineCommand for pipeline:PipelineID=cf99af9f-7f22-4373-8c0a-eb8c396807bf to datanode:4204fecc-e3eb-437d-ab57-73516eed136b
2022-10-13 20:19:40,549 [EventQueue-NewNodeForNewNodeHandler] INFO  pipeline.BackgroundPipelineCreator (BackgroundPipelineCreator.java:notifyEventTriggered(276)) - trigger a one-shot run on RatisPipelineUtilsThread.
2022-10-13 20:19:40,550 [IPC Server handler 19 on default port 44779] INFO  net.NetworkTopologyImpl (NetworkTopologyImpl.java:add(112)) - Added a new node: /default-rack/4204fecc-e3eb-437d-ab57-73516eed136b
2022-10-13 20:19:40,550 [IPC Server handler 19 on default port 44779] INFO  node.SCMNodeManager (SCMNodeManager.java:register(397)) - Registered Data node : 4204fecc-e3eb-437d-ab57-73516eed136b{ip: 127.0.0.1, host: localhost, ports: [REPLICATION=41723, RATIS=37675, RATIS_ADMIN=37675, RATIS_SERVER=37675, STANDALONE=35545], networkLocation: /default-rack, certSerialId: null, persistedOpState: null, persistedOpStateExpiryEpochSec: 0}
2022-10-13 20:19:40,550 [EventQueue-NewNodeForNewNodeHandler] INFO  pipeline.BackgroundPipelineCreator (BackgroundPipelineCreator.java:notifyEventTriggered(269)) - ignore, not leader SCM.
2022-10-13 20:19:40,551 [EventQueue-NodeRegistrationContainerReportForDataNodeSafeModeRule] INFO  safemode.SCMSafeModeManager (DataNodeSafeModeRule.java:process(71)) - SCM in safe mode. 3 DataNodes registered, 3 required.
2022-10-13 20:19:40,551 [EventQueue-NodeRegistrationContainerReportForDataNodeSafeModeRule] INFO  safemode.SCMSafeModeManager (SCMSafeModeManager.java:validateSafeModeExitRules(204)) - DataNodeSafeModeRule rule is successfully validated
2022-10-13 20:19:40,551 [EventQueue-NodeRegistrationContainerReportForDataNodeSafeModeRule] INFO  safemode.SCMSafeModeManager (SCMSafeModeManager.java:completePreCheck(233)) - All SCM safe mode pre check rules have passed
2022-10-13 20:19:40,551 [IPC Server handler 2 on default port 46545] INFO  net.NetworkTopologyImpl (NetworkTopologyImpl.java:add(112)) - Added a new node: /default-rack/4204fecc-e3eb-437d-ab57-73516eed136b
2022-10-13 20:19:40,551 [IPC Server handler 2 on default port 46545] INFO  node.SCMNodeManager (SCMNodeManager.java:register(397)) - Registered Data node : 4204fecc-e3eb-437d-ab57-73516eed136b{ip: 127.0.0.1, host: localhost, ports: [REPLICATION=41723, RATIS=37675, RATIS_ADMIN=37675, RATIS_SERVER=37675, STANDALONE=35545], networkLocation: /default-rack, certSerialId: null, persistedOpState: null, persistedOpStateExpiryEpochSec: 0}
2022-10-13 20:19:40,552 [EventQueue-NewNodeForNewNodeHandler] INFO  pipeline.BackgroundPipelineCreator (BackgroundPipelineCreator.java:notifyEventTriggered(269)) - ignore, not leader SCM.
2022-10-13 20:19:40,552 [EventQueue-NodeRegistrationContainerReportForDataNodeSafeModeRule] INFO  safemode.SCMSafeModeManager (DataNodeSafeModeRule.java:process(71)) - SCM in safe mode. 3 DataNodes registered, 3 required.
2022-10-13 20:19:40,552 [EventQueue-NodeRegistrationContainerReportForDataNodeSafeModeRule] INFO  safemode.SCMSafeModeManager (SCMSafeModeManager.java:validateSafeModeExitRules(204)) - DataNodeSafeModeRule rule is successfully validated
2022-10-13 20:19:40,555 [EventQueue-NodeRegistrationContainerReportForDataNodeSafeModeRule] INFO  safemode.SCMSafeModeManager (SCMSafeModeManager.java:completePreCheck(233)) - All SCM safe mode pre check rules have passed
2022-10-13 20:19:40,555 [EventQueue-NodeRegistrationContainerReportForDataNodeSafeModeRule] WARN  events.EventQueue (EventQueue.java:fireEvent(216)) - No event handler registered for event TypedEvent{payloadType=SafeModeStatus, name='Safe mode status'}
2022-10-13 20:19:40,555 [EventQueue-NodeRegistrationContainerReportForDataNodeSafeModeRule] INFO  ha.SCMContext (SCMContext.java:updateSafeModeStatus(228)) - Update SafeModeStatus from SafeModeStatus{safeModeStatus=true, preCheckPassed=false} to SafeModeStatus{safeModeStatus=true, preCheckPassed=true}.
2022-10-13 20:19:40,555 [EventQueue-NodeRegistrationContainerReportForDataNodeSafeModeRule] INFO  pipeline.BackgroundPipelineCreator (BackgroundPipelineCreator.java:notifyEventTriggered(269)) - ignore, not leader SCM.
2022-10-13 20:19:40,551 [EventQueue-NodeRegistrationContainerReportForDataNodeSafeModeRule] WARN  events.EventQueue (EventQueue.java:fireEvent(216)) - No event handler registered for event TypedEvent{payloadType=SafeModeStatus, name='Safe mode status'}
2022-10-13 20:19:40,555 [EventQueue-NodeRegistrationContainerReportForDataNodeSafeModeRule] INFO  ha.SCMContext (SCMContext.java:updateSafeModeStatus(228)) - Update SafeModeStatus from SafeModeStatus{safeModeStatus=true, preCheckPassed=false} to SafeModeStatus{safeModeStatus=true, preCheckPassed=true}.
2022-10-13 20:19:40,555 [EventQueue-NodeRegistrationContainerReportForDataNodeSafeModeRule] INFO  pipeline.BackgroundPipelineCreator (BackgroundPipelineCreator.java:notifyEventTriggered(269)) - ignore, not leader SCM.
2022-10-13 20:19:40,558 [e2549e0e-20c3-4590-9573-c43d76d3b17a@group-018C6AA32671-StateMachineUpdater] INFO  pipeline.PipelineStateManagerImpl (PipelineStateManagerImpl.java:addPipeline(103)) - Created pipeline Pipeline[ Id: cf99af9f-7f22-4373-8c0a-eb8c396807bf, Nodes: 4204fecc-e3eb-437d-ab57-73516eed136b{ip: 127.0.0.1, host: localhost, ports: [REPLICATION=41723, RATIS=37675, RATIS_ADMIN=37675, RATIS_SERVER=37675, STANDALONE=35545], networkLocation: /default-rack, certSerialId: null, persistedOpState: IN_SERVICE, persistedOpStateExpiryEpochSec: 0}, ReplicationConfig: RATIS/ONE, State:ALLOCATED, leaderId:, CreationTimestamp2022-10-13T20:19:40.547Z[Etc/UTC]].
2022-10-13 20:19:40,558 [e2549e0e-20c3-4590-9573-c43d76d3b17a@group-018C6AA32671-StateMachineUpdater] INFO  safemode.HealthyPipelineSafeModeRule (HealthyPipelineSafeModeRule.java:initializeRule(165)) - Refreshed total pipeline count is 0, healthy pipeline threshold count is 1
2022-10-13 20:19:40,561 [aa1de7e1-092b-4c10-ba41-bafadd24aa7a@group-018C6AA32671-StateMachineUpdater] INFO  pipeline.PipelineStateManagerImpl (PipelineStateManagerImpl.java:addPipeline(103)) - Created pipeline Pipeline[ Id: cf99af9f-7f22-4373-8c0a-eb8c396807bf, Nodes: 4204fecc-e3eb-437d-ab57-73516eed136b{ip: 127.0.0.1, host: localhost, ports: [REPLICATION=41723, RATIS=37675, RATIS_ADMIN=37675, RATIS_SERVER=37675, STANDALONE=35545], networkLocation: /default-rack, certSerialId: null, persistedOpState: IN_SERVICE, persistedOpStateExpiryEpochSec: 0}, ReplicationConfig: RATIS/ONE, State:ALLOCATED, leaderId:, CreationTimestamp2022-10-13T20:19:40.547Z[Etc/UTC]].
2022-10-13 20:19:40,566 [RatisPipelineUtilsThread - 0] INFO  pipeline.RatisPipelineProvider (RatisPipelineProvider.java:lambda$create$0(195)) - Sending CreatePipelineCommand for pipeline:PipelineID=d793b308-2941-4e47-a1c9-ca5994de78b6 to datanode:4204fecc-e3eb-437d-ab57-73516eed136b
2022-10-13 20:19:40,568 [aa1de7e1-092b-4c10-ba41-bafadd24aa7a@group-018C6AA32671-StateMachineUpdater] INFO  safemode.HealthyPipelineSafeModeRule (HealthyPipelineSafeModeRule.java:initializeRule(165)) - Refreshed total pipeline count is 0, healthy pipeline threshold count is 1
2022-10-13 20:19:40,569 [RatisPipelineUtilsThread - 0] INFO  pipeline.RatisPipelineProvider (RatisPipelineProvider.java:lambda$create$0(195)) - Sending CreatePipelineCommand for pipeline:PipelineID=d793b308-2941-4e47-a1c9-ca5994de78b6 to datanode:b33b9c80-8f32-4607-98ae-733684aaa44e
2022-10-13 20:19:40,569 [RatisPipelineUtilsThread - 0] INFO  pipeline.RatisPipelineProvider (RatisPipelineProvider.java:lambda$create$0(195)) - Sending CreatePipelineCommand for pipeline:PipelineID=d793b308-2941-4e47-a1c9-ca5994de78b6 to datanode:3ddcf304-85b1-49d2-b8da-4a506cacc1b8
2022-10-13 20:19:40,572 [07c9e681-1902-448f-876d-c238a5737790@group-018C6AA32671-StateMachineUpdater] INFO  pipeline.PipelineStateManagerImpl (PipelineStateManagerImpl.java:addPipeline(103)) - Created pipeline Pipeline[ Id: cf99af9f-7f22-4373-8c0a-eb8c396807bf, Nodes: 4204fecc-e3eb-437d-ab57-73516eed136b{ip: 127.0.0.1, host: localhost, ports: [REPLICATION=41723, RATIS=37675, RATIS_ADMIN=37675, RATIS_SERVER=37675, STANDALONE=35545], networkLocation: /default-rack, certSerialId: null, persistedOpState: IN_SERVICE, persistedOpStateExpiryEpochSec: 0}, ReplicationConfig: RATIS/ONE, State:ALLOCATED, leaderId:, CreationTimestamp2022-10-13T20:19:40.547Z[Etc/UTC]].
2022-10-13 20:19:40,573 [07c9e681-1902-448f-876d-c238a5737790@group-018C6AA32671-StateMachineUpdater] INFO  safemode.HealthyPipelineSafeModeRule (HealthyPipelineSafeModeRule.java:initializeRule(165)) - Refreshed total pipeline count is 0, healthy pipeline threshold count is 1
2022-10-13 20:19:40,577 [e2549e0e-20c3-4590-9573-c43d76d3b17a@group-018C6AA32671-StateMachineUpdater] INFO  pipeline.PipelineStateManagerImpl (PipelineStateManagerImpl.java:addPipeline(103)) - Created pipeline Pipeline[ Id: d793b308-2941-4e47-a1c9-ca5994de78b6, Nodes: 4204fecc-e3eb-437d-ab57-73516eed136b{ip: 127.0.0.1, host: localhost, ports: [REPLICATION=41723, RATIS=37675, RATIS_ADMIN=37675, RATIS_SERVER=37675, STANDALONE=35545], networkLocation: /default-rack, certSerialId: null, persistedOpState: IN_SERVICE, persistedOpStateExpiryEpochSec: 0}b33b9c80-8f32-4607-98ae-733684aaa44e{ip: 127.0.0.1, host: localhost, ports: [REPLICATION=36131, RATIS=46351, RATIS_ADMIN=46351, RATIS_SERVER=46351, STANDALONE=46553], networkLocation: /default-rack, certSerialId: null, persistedOpState: IN_SERVICE, persistedOpStateExpiryEpochSec: 0}3ddcf304-85b1-49d2-b8da-4a506cacc1b8{ip: 127.0.0.1, host: localhost, ports: [REPLICATION=44995, RATIS=38205, RATIS_ADMIN=38205, RATIS_SERVER=38205, STANDALONE=33925], networkLocation: /default-rack, certSerialId: null, persistedOpState: IN_SERVICE, persistedOpStateExpiryEpochSec: 0}, ReplicationConfig: RATIS/THREE, State:ALLOCATED, leaderId:, CreationTimestamp2022-10-13T20:19:40.566Z[Etc/UTC]].
2022-10-13 20:19:40,580 [aa1de7e1-092b-4c10-ba41-bafadd24aa7a@group-018C6AA32671-StateMachineUpdater] INFO  pipeline.PipelineStateManagerImpl (PipelineStateManagerImpl.java:addPipeline(103)) - Created pipeline Pipeline[ Id: d793b308-2941-4e47-a1c9-ca5994de78b6, Nodes: 4204fecc-e3eb-437d-ab57-73516eed136b{ip: 127.0.0.1, host: localhost, ports: [REPLICATION=41723, RATIS=37675, RATIS_ADMIN=37675, RATIS_SERVER=37675, STANDALONE=35545], networkLocation: /default-rack, certSerialId: null, persistedOpState: IN_SERVICE, persistedOpStateExpiryEpochSec: 0}b33b9c80-8f32-4607-98ae-733684aaa44e{ip: 127.0.0.1, host: localhost, ports: [REPLICATION=36131, RATIS=46351, RATIS_ADMIN=46351, RATIS_SERVER=46351, STANDALONE=46553], networkLocation: /default-rack, certSerialId: null, persistedOpState: IN_SERVICE, persistedOpStateExpiryEpochSec: 0}3ddcf304-85b1-49d2-b8da-4a506cacc1b8{ip: 127.0.0.1, host: localhost, ports: [REPLICATION=44995, RATIS=38205, RATIS_ADMIN=38205, RATIS_SERVER=38205, STANDALONE=33925], networkLocation: /default-rack, certSerialId: null, persistedOpState: IN_SERVICE, persistedOpStateExpiryEpochSec: 0}, ReplicationConfig: RATIS/THREE, State:ALLOCATED, leaderId:, CreationTimestamp2022-10-13T20:19:40.566Z[Etc/UTC]].
2022-10-13 20:19:40,587 [e2549e0e-20c3-4590-9573-c43d76d3b17a@group-018C6AA32671-StateMachineUpdater] INFO  safemode.HealthyPipelineSafeModeRule (HealthyPipelineSafeModeRule.java:initializeRule(165)) - Refreshed total pipeline count is 0, healthy pipeline threshold count is 1
2022-10-13 20:19:40,590 [07c9e681-1902-448f-876d-c238a5737790@group-018C6AA32671-StateMachineUpdater] INFO  pipeline.PipelineStateManagerImpl (PipelineStateManagerImpl.java:addPipeline(103)) - Created pipeline Pipeline[ Id: d793b308-2941-4e47-a1c9-ca5994de78b6, Nodes: 4204fecc-e3eb-437d-ab57-73516eed136b{ip: 127.0.0.1, host: localhost, ports: [REPLICATION=41723, RATIS=37675, RATIS_ADMIN=37675, RATIS_SERVER=37675, STANDALONE=35545], networkLocation: /default-rack, certSerialId: null, persistedOpState: IN_SERVICE, persistedOpStateExpiryEpochSec: 0}b33b9c80-8f32-4607-98ae-733684aaa44e{ip: 127.0.0.1, host: localhost, ports: [REPLICATION=36131, RATIS=46351, RATIS_ADMIN=46351, RATIS_SERVER=46351, STANDALONE=46553], networkLocation: /default-rack, certSerialId: null, persistedOpState: IN_SERVICE, persistedOpStateExpiryEpochSec: 0}3ddcf304-85b1-49d2-b8da-4a506cacc1b8{ip: 127.0.0.1, host: localhost, ports: [REPLICATION=44995, RATIS=38205, RATIS_ADMIN=38205, RATIS_SERVER=38205, STANDALONE=33925], networkLocation: /default-rack, certSerialId: null, persistedOpState: IN_SERVICE, persistedOpStateExpiryEpochSec: 0}, ReplicationConfig: RATIS/THREE, State:ALLOCATED, leaderId:, CreationTimestamp2022-10-13T20:19:40.566Z[Etc/UTC]].
2022-10-13 20:19:40,587 [aa1de7e1-092b-4c10-ba41-bafadd24aa7a@group-018C6AA32671-StateMachineUpdater] INFO  safemode.HealthyPipelineSafeModeRule (HealthyPipelineSafeModeRule.java:initializeRule(165)) - Refreshed total pipeline count is 0, healthy pipeline threshold count is 1
2022-10-13 20:19:40,592 [07c9e681-1902-448f-876d-c238a5737790@group-018C6AA32671-StateMachineUpdater] INFO  safemode.HealthyPipelineSafeModeRule (HealthyPipelineSafeModeRule.java:initializeRule(165)) - Refreshed total pipeline count is 0, healthy pipeline threshold count is 1
2022-10-13 20:19:40,591 [RatisPipelineUtilsThread - 0] INFO  pipeline.RatisPipelineProvider (RatisPipelineProvider.java:lambda$create$0(195)) - Sending CreatePipelineCommand for pipeline:PipelineID=fd382d7b-fa24-4e8b-b8b9-355af9d2c133 to datanode:3ddcf304-85b1-49d2-b8da-4a506cacc1b8
2022-10-13 20:19:40,594 [RatisPipelineUtilsThread - 0] INFO  pipeline.RatisPipelineProvider (RatisPipelineProvider.java:lambda$create$0(195)) - Sending CreatePipelineCommand for pipeline:PipelineID=fd382d7b-fa24-4e8b-b8b9-355af9d2c133 to datanode:4204fecc-e3eb-437d-ab57-73516eed136b
2022-10-13 20:19:40,594 [RatisPipelineUtilsThread - 0] INFO  pipeline.RatisPipelineProvider (RatisPipelineProvider.java:lambda$create$0(195)) - Sending CreatePipelineCommand for pipeline:PipelineID=fd382d7b-fa24-4e8b-b8b9-355af9d2c133 to datanode:b33b9c80-8f32-4607-98ae-733684aaa44e
2022-10-13 20:19:40,599 [e2549e0e-20c3-4590-9573-c43d76d3b17a@group-018C6AA32671-StateMachineUpdater] INFO  pipeline.PipelineStateManagerImpl (PipelineStateManagerImpl.java:addPipeline(103)) - Created pipeline Pipeline[ Id: fd382d7b-fa24-4e8b-b8b9-355af9d2c133, Nodes: 3ddcf304-85b1-49d2-b8da-4a506cacc1b8{ip: 127.0.0.1, host: localhost, ports: [REPLICATION=44995, RATIS=38205, RATIS_ADMIN=38205, RATIS_SERVER=38205, STANDALONE=33925], networkLocation: /default-rack, certSerialId: null, persistedOpState: IN_SERVICE, persistedOpStateExpiryEpochSec: 0}4204fecc-e3eb-437d-ab57-73516eed136b{ip: 127.0.0.1, host: localhost, ports: [REPLICATION=41723, RATIS=37675, RATIS_ADMIN=37675, RATIS_SERVER=37675, STANDALONE=35545], networkLocation: /default-rack, certSerialId: null, persistedOpState: IN_SERVICE, persistedOpStateExpiryEpochSec: 0}b33b9c80-8f32-4607-98ae-733684aaa44e{ip: 127.0.0.1, host: localhost, ports: [REPLICATION=36131, RATIS=46351, RATIS_ADMIN=46351, RATIS_SERVER=46351, STANDALONE=46553], networkLocation: /default-rack, certSerialId: null, persistedOpState: IN_SERVICE, persistedOpStateExpiryEpochSec: 0}, ReplicationConfig: RATIS/THREE, State:ALLOCATED, leaderId:, CreationTimestamp2022-10-13T20:19:40.591Z[Etc/UTC]].
2022-10-13 20:19:40,599 [e2549e0e-20c3-4590-9573-c43d76d3b17a@group-018C6AA32671-StateMachineUpdater] INFO  safemode.HealthyPipelineSafeModeRule (HealthyPipelineSafeModeRule.java:initializeRule(165)) - Refreshed total pipeline count is 0, healthy pipeline threshold count is 1
2022-10-13 20:19:40,600 [RatisPipelineUtilsThread - 0] INFO  pipeline.PipelineManagerImpl (PipelineManagerImpl.java:recordMetricsForPipeline(796)) - Pipeline: PipelineID=fd382d7b-fa24-4e8b-b8b9-355af9d2c133 contains same datanodes as previous pipelines: PipelineID=d793b308-2941-4e47-a1c9-ca5994de78b6 nodeIds: 3ddcf304-85b1-49d2-b8da-4a506cacc1b8, 4204fecc-e3eb-437d-ab57-73516eed136b, b33b9c80-8f32-4607-98ae-733684aaa44e
2022-10-13 20:19:40,617 [aa1de7e1-092b-4c10-ba41-bafadd24aa7a@group-018C6AA32671-StateMachineUpdater] INFO  pipeline.PipelineStateManagerImpl (PipelineStateManagerImpl.java:addPipeline(103)) - Created pipeline Pipeline[ Id: fd382d7b-fa24-4e8b-b8b9-355af9d2c133, Nodes: 3ddcf304-85b1-49d2-b8da-4a506cacc1b8{ip: 127.0.0.1, host: localhost, ports: [REPLICATION=44995, RATIS=38205, RATIS_ADMIN=38205, RATIS_SERVER=38205, STANDALONE=33925], networkLocation: /default-rack, certSerialId: null, persistedOpState: IN_SERVICE, persistedOpStateExpiryEpochSec: 0}4204fecc-e3eb-437d-ab57-73516eed136b{ip: 127.0.0.1, host: localhost, ports: [REPLICATION=41723, RATIS=37675, RATIS_ADMIN=37675, RATIS_SERVER=37675, STANDALONE=35545], networkLocation: /default-rack, certSerialId: null, persistedOpState: IN_SERVICE, persistedOpStateExpiryEpochSec: 0}b33b9c80-8f32-4607-98ae-733684aaa44e{ip: 127.0.0.1, host: localhost, ports: [REPLICATION=36131, RATIS=46351, RATIS_ADMIN=46351, RATIS_SERVER=46351, STANDALONE=46553], networkLocation: /default-rack, certSerialId: null, persistedOpState: IN_SERVICE, persistedOpStateExpiryEpochSec: 0}, ReplicationConfig: RATIS/THREE, State:ALLOCATED, leaderId:, CreationTimestamp2022-10-13T20:19:40.591Z[Etc/UTC]].
2022-10-13 20:19:40,617 [aa1de7e1-092b-4c10-ba41-bafadd24aa7a@group-018C6AA32671-StateMachineUpdater] INFO  safemode.HealthyPipelineSafeModeRule (HealthyPipelineSafeModeRule.java:initializeRule(165)) - Refreshed total pipeline count is 0, healthy pipeline threshold count is 1
2022-10-13 20:19:40,620 [07c9e681-1902-448f-876d-c238a5737790@group-018C6AA32671-StateMachineUpdater] INFO  pipeline.PipelineStateManagerImpl (PipelineStateManagerImpl.java:addPipeline(103)) - Created pipeline Pipeline[ Id: fd382d7b-fa24-4e8b-b8b9-355af9d2c133, Nodes: 3ddcf304-85b1-49d2-b8da-4a506cacc1b8{ip: 127.0.0.1, host: localhost, ports: [REPLICATION=44995, RATIS=38205, RATIS_ADMIN=38205, RATIS_SERVER=38205, STANDALONE=33925], networkLocation: /default-rack, certSerialId: null, persistedOpState: IN_SERVICE, persistedOpStateExpiryEpochSec: 0}4204fecc-e3eb-437d-ab57-73516eed136b{ip: 127.0.0.1, host: localhost, ports: [REPLICATION=41723, RATIS=37675, RATIS_ADMIN=37675, RATIS_SERVER=37675, STANDALONE=35545], networkLocation: /default-rack, certSerialId: null, persistedOpState: IN_SERVICE, persistedOpStateExpiryEpochSec: 0}b33b9c80-8f32-4607-98ae-733684aaa44e{ip: 127.0.0.1, host: localhost, ports: [REPLICATION=36131, RATIS=46351, RATIS_ADMIN=46351, RATIS_SERVER=46351, STANDALONE=46553], networkLocation: /default-rack, certSerialId: null, persistedOpState: IN_SERVICE, persistedOpStateExpiryEpochSec: 0}, ReplicationConfig: RATIS/THREE, State:ALLOCATED, leaderId:, CreationTimestamp2022-10-13T20:19:40.591Z[Etc/UTC]].
2022-10-13 20:19:40,622 [07c9e681-1902-448f-876d-c238a5737790@group-018C6AA32671-StateMachineUpdater] INFO  safemode.HealthyPipelineSafeModeRule (HealthyPipelineSafeModeRule.java:initializeRule(165)) - Refreshed total pipeline count is 0, healthy pipeline threshold count is 1
2022-10-13 20:19:41,539 [Listener at 127.0.0.1/34689] INFO  ozone.MiniOzoneClusterImpl (MiniOzoneClusterImpl.java:lambda$waitForClusterToBeReady$0(216)) - Nodes are ready. Got 3 of 3 DN Heartbeats.
2022-10-13 20:19:41,541 [Listener at 127.0.0.1/34689] INFO  ozone.MiniOzoneClusterImpl (MiniOzoneClusterImpl.java:lambda$waitForClusterToBeReady$0(219)) - Waiting for cluster to exit safe mode
2022-10-13 20:19:41,541 [Listener at 127.0.0.1/34689] INFO  ozone.MiniOzoneClusterImpl (MiniOzoneClusterImpl.java:lambda$waitForClusterToBeReady$0(221)) - SCM became leader
2022-10-13 20:19:42,541 [Listener at 127.0.0.1/34689] INFO  ozone.MiniOzoneClusterImpl (MiniOzoneClusterImpl.java:lambda$waitForClusterToBeReady$0(216)) - Nodes are ready. Got 3 of 3 DN Heartbeats.
2022-10-13 20:19:42,542 [Listener at 127.0.0.1/34689] INFO  ozone.MiniOzoneClusterImpl (MiniOzoneClusterImpl.java:lambda$waitForClusterToBeReady$0(219)) - Waiting for cluster to exit safe mode
2022-10-13 20:19:42,542 [Listener at 127.0.0.1/34689] INFO  ozone.MiniOzoneClusterImpl (MiniOzoneClusterImpl.java:lambda$waitForClusterToBeReady$0(221)) - SCM became leader
2022-10-13 20:19:42,770 [Command processor thread] INFO  server.RaftServer (RaftServerProxy.java:addNew(96)) - 3ddcf304-85b1-49d2-b8da-4a506cacc1b8: addNew group-A03B71562239:[3ddcf304-85b1-49d2-b8da-4a506cacc1b8|rpc:127.0.0.1:38205|priority:1] returns group-A03B71562239:java.util.concurrent.CompletableFuture@249b8a76[Not completed]
2022-10-13 20:19:42,784 [pool-190-thread-1] INFO  server.RaftServer$Division (RaftServerImpl.java:<init>(190)) - 3ddcf304-85b1-49d2-b8da-4a506cacc1b8: new RaftServerImpl for group-A03B71562239:[3ddcf304-85b1-49d2-b8da-4a506cacc1b8|rpc:127.0.0.1:38205|priority:1] with ContainerStateMachine:uninitialized
2022-10-13 20:19:42,784 [pool-190-thread-1] INFO  server.RaftServerConfigKeys (ConfUtils.java:logGet(46)) - raft.server.rpc.timeout.min = 5s (custom)
2022-10-13 20:19:42,784 [pool-190-thread-1] INFO  server.RaftServerConfigKeys (ConfUtils.java:logGet(46)) - raft.server.rpc.timeout.max = 5200ms (custom)
2022-10-13 20:19:42,784 [pool-190-thread-1] INFO  server.RaftServerConfigKeys (ConfUtils.java:logGet(46)) - raft.server.rpc.sleep.time = 25ms (default)
2022-10-13 20:19:42,784 [pool-190-thread-1] INFO  server.RaftServerConfigKeys (ConfUtils.java:logGet(46)) - raft.server.rpc.slowness.timeout = 300s (custom)
2022-10-13 20:19:42,784 [pool-190-thread-1] INFO  server.RaftServerConfigKeys (ConfUtils.java:logGet(46)) - raft.server.leaderelection.leader.step-down.wait-time = 10s (default)
2022-10-13 20:19:42,784 [pool-190-thread-1] INFO  server.RaftServerConfigKeys (ConfUtils.java:logGet(46)) - raft.server.sleep.deviation.threshold = 300ms (default)
2022-10-13 20:19:42,784 [pool-190-thread-1] INFO  server.RaftServer$Division (ServerState.java:<init>(107)) - 3ddcf304-85b1-49d2-b8da-4a506cacc1b8@group-A03B71562239: ConfigurationManager, init=-1: [3ddcf304-85b1-49d2-b8da-4a506cacc1b8|rpc:127.0.0.1:38205|priority:1], old=null, confs=<EMPTY_MAP>
2022-10-13 20:19:42,784 [pool-190-thread-1] INFO  server.RaftServerConfigKeys (ConfUtils.java:logGet(46)) - raft.server.storage.dir = [/home/runner/work/ozone/ozone/hadoop-ozone/integration-test/target/test-dir/MiniOzoneClusterImpl-0c33195c-4715-4e74-9207-018c6aa32671/datanode-0/data/ratis] (custom)
2022-10-13 20:19:42,784 [pool-190-thread-1] INFO  server.RaftServerConfigKeys (ConfUtils.java:logGet(46)) - raft.server.log.corruption.policy = EXCEPTION (default)
2022-10-13 20:19:42,784 [pool-190-thread-1] INFO  server.RaftServerConfigKeys (ConfUtils.java:logGet(46)) - raft.server.storage.free-space.min = 0MB (=0) (default)
2022-10-13 20:19:42,785 [pool-190-thread-1] INFO  storage.RaftStorageDirectory (RaftStorageDirectoryImpl.java:analyzeStorage(135)) - The storage directory /home/runner/work/ozone/ozone/hadoop-ozone/integration-test/target/test-dir/MiniOzoneClusterImpl-0c33195c-4715-4e74-9207-018c6aa32671/datanode-0/data/ratis/b57567b0-a8f2-45b5-9a0f-a03b71562239 does not exist. Creating ...
2022-10-13 20:19:42,786 [pool-190-thread-1] INFO  storage.RaftStorageDirectory (RaftStorageDirectoryImpl.java:tryLock(230)) - Lock on /home/runner/work/ozone/ozone/hadoop-ozone/integration-test/target/test-dir/MiniOzoneClusterImpl-0c33195c-4715-4e74-9207-018c6aa32671/datanode-0/data/ratis/b57567b0-a8f2-45b5-9a0f-a03b71562239/in_use.lock acquired by nodename 2881@fv-az186-171
2022-10-13 20:19:42,788 [pool-190-thread-1] INFO  storage.RaftStorage (RaftStorageImpl.java:format(89)) - Storage directory /home/runner/work/ozone/ozone/hadoop-ozone/integration-test/target/test-dir/MiniOzoneClusterImpl-0c33195c-4715-4e74-9207-018c6aa32671/datanode-0/data/ratis/b57567b0-a8f2-45b5-9a0f-a03b71562239 has been successfully formatted.
2022-10-13 20:19:42,792 [pool-190-thread-1] INFO  ratis.ContainerStateMachine (ContainerStateMachine.java:loadSnapshot(236)) - group-A03B71562239: The snapshot info is null. Setting the last applied indexto:(t:0, i:~)
2022-10-13 20:19:42,792 [pool-190-thread-1] INFO  server.RaftServerConfigKeys (ConfUtils.java:logGet(46)) - raft.server.notification.no-leader.timeout = 300s (custom)
2022-10-13 20:19:42,792 [pool-190-thread-1] INFO  server.RaftServerConfigKeys (ConfUtils.java:logGet(46)) - raft.server.log.use.memory = false (default)
2022-10-13 20:19:42,792 [pool-190-thread-1] INFO  server.RaftServerConfigKeys (ConfUtils.java:logGet(46)) - raft.server.log.purge.gap = 1000000 (custom)
2022-10-13 20:19:42,792 [pool-190-thread-1] INFO  server.RaftServerConfigKeys (ConfUtils.java:logGet(46)) - raft.server.log.appender.buffer.byte-limit = 33554432 (custom)
2022-10-13 20:19:42,792 [pool-190-thread-1] INFO  server.RaftServerConfigKeys (ConfUtils.java:logGet(46)) - raft.server.log.statemachine.data.read.timeout = 1000ms (default)
2022-10-13 20:19:42,793 [pool-190-thread-1] INFO  server.RaftServerConfigKeys (ConfUtils.java:logGet(46)) - raft.server.log.segment.size.max = 1048576 (custom)
2022-10-13 20:19:42,794 [pool-190-thread-1] INFO  server.RaftServerConfigKeys (ConfUtils.java:logGet(46)) - raft.server.log.segment.cache.num.max = 2 (custom)
2022-10-13 20:19:42,794 [pool-190-thread-1] INFO  server.RaftServerConfigKeys (ConfUtils.java:logGet(46)) - raft.server.log.segment.cache.size.max = 200MB (=209715200) (default)
2022-10-13 20:19:42,794 [pool-190-thread-1] INFO  segmented.SegmentedRaftLogWorker (SegmentedRaftLogWorker.java:<init>(187)) - new 3ddcf304-85b1-49d2-b8da-4a506cacc1b8@group-A03B71562239-SegmentedRaftLogWorker for RaftStorageImpl:Storage Directory /home/runner/work/ozone/ozone/hadoop-ozone/integration-test/target/test-dir/MiniOzoneClusterImpl-0c33195c-4715-4e74-9207-018c6aa32671/datanode-0/data/ratis/b57567b0-a8f2-45b5-9a0f-a03b71562239
2022-10-13 20:19:42,794 [pool-190-thread-1] INFO  server.RaftServerConfigKeys (ConfUtils.java:logGet(46)) - raft.server.log.queue.byte-limit = 4294967296 (custom)
2022-10-13 20:19:42,794 [pool-190-thread-1] INFO  server.RaftServerConfigKeys (ConfUtils.java:logGet(46)) - raft.server.log.queue.element-limit = 1024 (custom)
2022-10-13 20:19:42,794 [pool-190-thread-1] INFO  server.RaftServerConfigKeys (ConfUtils.java:logGet(46)) - raft.server.log.segment.size.max = 1048576 (custom)
2022-10-13 20:19:42,794 [pool-190-thread-1] INFO  server.RaftServerConfigKeys (ConfUtils.java:logGet(46)) - raft.server.log.preallocated.size = 16384 (custom)
2022-10-13 20:19:42,794 [pool-190-thread-1] INFO  server.RaftServerConfigKeys (ConfUtils.java:logGet(46)) - raft.server.log.force.sync.num = 128 (default)
2022-10-13 20:19:42,794 [pool-190-thread-1] INFO  server.RaftServerConfigKeys (ConfUtils.java:logGet(46)) - raft.server.log.statemachine.data.sync = true (default)
2022-10-13 20:19:42,794 [pool-190-thread-1] INFO  server.RaftServerConfigKeys (ConfUtils.java:logGet(46)) - raft.server.log.statemachine.data.sync.timeout = 10s (default)
2022-10-13 20:19:42,794 [pool-190-thread-1] INFO  server.RaftServerConfigKeys (ConfUtils.java:logGet(46)) - raft.server.log.statemachine.data.sync.timeout.retry = -1 (default)
2022-10-13 20:19:42,795 [pool-190-thread-1] INFO  server.RaftServerConfigKeys (ConfUtils.java:logGet(46)) - raft.server.log.write.buffer.size = 1048576 (custom)
2022-10-13 20:19:42,798 [pool-190-thread-1] INFO  server.RaftServerConfigKeys (ConfUtils.java:logGet(46)) - raft.server.log.unsafe-flush.enabled = false (default)
2022-10-13 20:19:42,798 [pool-190-thread-1] INFO  server.RaftServerConfigKeys (ConfUtils.java:logGet(46)) - raft.server.log.statemachine.data.caching.enabled = true (custom)
2022-10-13 20:19:42,802 [pool-190-thread-1] INFO  segmented.SegmentedRaftLogWorker (SegmentedRaftLogWorker.java:lambda$new$0(135)) - 3ddcf304-85b1-49d2-b8da-4a506cacc1b8@group-A03B71562239-SegmentedRaftLogWorker: flushIndex: setUnconditionally 0 -> -1
2022-10-13 20:19:42,802 [pool-190-thread-1] INFO  segmented.SegmentedRaftLogWorker (SegmentedRaftLogWorker.java:lambda$new$0(135)) - 3ddcf304-85b1-49d2-b8da-4a506cacc1b8@group-A03B71562239-SegmentedRaftLogWorker: safeCacheEvictIndex: setUnconditionally 0 -> -1
2022-10-13 20:19:42,803 [pool-190-thread-1] INFO  server.RaftServerConfigKeys (ConfUtils.java:logGet(46)) - raft.server.snapshot.auto.trigger.enabled = true (custom)
2022-10-13 20:19:42,803 [pool-190-thread-1] INFO  server.RaftServerConfigKeys (ConfUtils.java:logGet(46)) - raft.server.snapshot.auto.trigger.threshold = 10000 (custom)
2022-10-13 20:19:42,803 [pool-190-thread-1] INFO  server.RaftServerConfigKeys (ConfUtils.java:logGet(46)) - raft.server.snapshot.retention.file.num = 5 (custom)
2022-10-13 20:19:42,803 [pool-190-thread-1] INFO  server.RaftServerConfigKeys (ConfUtils.java:logGet(46)) - raft.server.log.purge.upto.snapshot.index = false (default)
2022-10-13 20:19:42,803 [pool-190-thread-1] INFO  server.RaftServerConfigKeys (ConfUtils.java:logGet(46)) - raft.server.retrycache.expirytime = 600000ms (custom)
2022-10-13 20:19:42,803 [pool-190-thread-1] INFO  server.RaftServerConfigKeys (ConfUtils.java:logGet(46)) - raft.server.retrycache.statistics.expirytime = 100μs (default)
2022-10-13 20:19:42,806 [pool-190-thread-1] INFO  server.RaftServerConfigKeys (ConfUtils.java:logGet(46)) - raft.server.log.appender.install.snapshot.enabled = false (custom)
2022-10-13 20:19:42,806 [pool-190-thread-1] INFO  server.RaftServerConfigKeys (ConfUtils.java:logGet(46)) - raft.server.threadpool.server.cached = true (default)
2022-10-13 20:19:42,806 [pool-190-thread-1] INFO  server.RaftServerConfigKeys (ConfUtils.java:logGet(46)) - raft.server.threadpool.server.size = 0 (default)
2022-10-13 20:19:42,806 [pool-190-thread-1] INFO  server.RaftServerConfigKeys (ConfUtils.java:logGet(46)) - raft.server.threadpool.client.cached = true (default)
2022-10-13 20:19:42,806 [pool-190-thread-1] INFO  server.RaftServerConfigKeys (ConfUtils.java:logGet(46)) - raft.server.threadpool.client.size = 0 (default)
2022-10-13 20:19:42,806 [pool-190-thread-1] INFO  server.RaftServer$Division (RaftServerImpl.java:start(310)) - 3ddcf304-85b1-49d2-b8da-4a506cacc1b8@group-A03B71562239: start as a follower, conf=-1: [3ddcf304-85b1-49d2-b8da-4a506cacc1b8|rpc:127.0.0.1:38205|priority:1], old=null
2022-10-13 20:19:42,806 [pool-190-thread-1] INFO  server.RaftServer$Division (RaftServerImpl.java:setRole(299)) - 3ddcf304-85b1-49d2-b8da-4a506cacc1b8@group-A03B71562239: changes role from      null to FOLLOWER at term 0 for startAsFollower
2022-10-13 20:19:42,806 [pool-190-thread-1] INFO  impl.RoleInfo (RoleInfo.java:updateAndGet(139)) - 3ddcf304-85b1-49d2-b8da-4a506cacc1b8: start 3ddcf304-85b1-49d2-b8da-4a506cacc1b8@group-A03B71562239-FollowerState
2022-10-13 20:19:42,816 [pool-190-thread-1] INFO  util.JmxRegister (JmxRegister.java:tryRegister(44)) - Successfully registered JMX Bean with object name Ratis:service=RaftServer,group=group-A03B71562239,id=3ddcf304-85b1-49d2-b8da-4a506cacc1b8
2022-10-13 20:19:42,813 [EventQueue-PipelineReportForPipelineReportHandler] INFO  pipeline.PipelineManagerImpl (PipelineManagerImpl.java:openPipeline(367)) - Pipeline Pipeline[ Id: b57567b0-a8f2-45b5-9a0f-a03b71562239, Nodes: 3ddcf304-85b1-49d2-b8da-4a506cacc1b8{ip: 127.0.0.1, host: localhost, ports: [REPLICATION=44995, RATIS=38205, RATIS_ADMIN=38205, RATIS_SERVER=38205, STANDALONE=33925], networkLocation: /default-rack, certSerialId: null, persistedOpState: IN_SERVICE, persistedOpStateExpiryEpochSec: 0}, ReplicationConfig: RATIS/ONE, State:ALLOCATED, leaderId:3ddcf304-85b1-49d2-b8da-4a506cacc1b8, CreationTimestamp2022-10-13T20:19:39.811Z[Etc/UTC]] moved to OPEN state
2022-10-13 20:19:42,820 [Command processor thread] INFO  ratis.XceiverServerRatis (XceiverServerRatis.java:addGroup(765)) - Created group PipelineID=b57567b0-a8f2-45b5-9a0f-a03b71562239
2022-10-13 20:19:42,821 [Command processor thread] INFO  commandhandler.CreatePipelineCommandHandler (CreatePipelineCommandHandler.java:handle(113)) - Created Pipeline RATIS ONE PipelineID=b57567b0-a8f2-45b5-9a0f-a03b71562239.
2022-10-13 20:19:42,821 [Command processor thread] INFO  server.RaftServer (RaftServerProxy.java:addNew(96)) - 3ddcf304-85b1-49d2-b8da-4a506cacc1b8: addNew group-CA5994DE78B6:[b33b9c80-8f32-4607-98ae-733684aaa44e|rpc:127.0.0.1:46351|priority:1, 4204fecc-e3eb-437d-ab57-73516eed136b|rpc:127.0.0.1:37675|priority:0, 3ddcf304-85b1-49d2-b8da-4a506cacc1b8|rpc:127.0.0.1:38205|priority:0] returns group-CA5994DE78B6:java.util.concurrent.CompletableFuture@4a2893a7[Not completed]
2022-10-13 20:19:42,822 [pool-190-thread-1] INFO  server.RaftServer$Division (RaftServerImpl.java:<init>(190)) - 3ddcf304-85b1-49d2-b8da-4a506cacc1b8: new RaftServerImpl for group-CA5994DE78B6:[b33b9c80-8f32-4607-98ae-733684aaa44e|rpc:127.0.0.1:46351|priority:1, 4204fecc-e3eb-437d-ab57-73516eed136b|rpc:127.0.0.1:37675|priority:0, 3ddcf304-85b1-49d2-b8da-4a506cacc1b8|rpc:127.0.0.1:38205|priority:0] with ContainerStateMachine:uninitialized
2022-10-13 20:19:42,815 [EventQueue-PipelineReportForPipelineReportHandler] INFO  pipeline.PipelineManagerImpl (PipelineManagerImpl.java:openPipeline(367)) - Pipeline Pipeline[ Id: b57567b0-a8f2-45b5-9a0f-a03b71562239, Nodes: 3ddcf304-85b1-49d2-b8da-4a506cacc1b8{ip: 127.0.0.1, host: localhost, ports: [REPLICATION=44995, RATIS=38205, RATIS_ADMIN=38205, RATIS_SERVER=38205, STANDALONE=33925], networkLocation: /default-rack, certSerialId: null, persistedOpState: IN_SERVICE, persistedOpStateExpiryEpochSec: 0}, ReplicationConfig: RATIS/ONE, State:ALLOCATED, leaderId:3ddcf304-85b1-49d2-b8da-4a506cacc1b8, CreationTimestamp2022-10-13T20:19:39.811Z[Etc/UTC]] moved to OPEN state
2022-10-13 20:19:42,814 [EventQueue-PipelineReportForPipelineReportHandler] INFO  pipeline.PipelineManagerImpl (PipelineManagerImpl.java:openPipeline(367)) - Pipeline Pipeline[ Id: b57567b0-a8f2-45b5-9a0f-a03b71562239, Nodes: 3ddcf304-85b1-49d2-b8da-4a506cacc1b8{ip: 127.0.0.1, host: localhost, ports: [REPLICATION=44995, RATIS=38205, RATIS_ADMIN=38205, RATIS_SERVER=38205, STANDALONE=33925], networkLocation: /default-rack, certSerialId: null, persistedOpState: IN_SERVICE, persistedOpStateExpiryEpochSec: 0}, ReplicationConfig: RATIS/ONE, State:ALLOCATED, leaderId:3ddcf304-85b1-49d2-b8da-4a506cacc1b8, CreationTimestamp2022-10-13T20:19:39.811Z[Etc/UTC]] moved to OPEN state
2022-10-13 20:19:42,827 [pool-190-thread-1] INFO  server.RaftServerConfigKeys (ConfUtils.java:logGet(46)) - raft.server.rpc.timeout.min = 5s (custom)
2022-10-13 20:19:42,846 [pool-190-thread-1] INFO  server.RaftServerConfigKeys (ConfUtils.java:logGet(46)) - raft.server.rpc.timeout.max = 5200ms (custom)
2022-10-13 20:19:42,847 [pool-190-thread-1] INFO  server.RaftServerConfigKeys (ConfUtils.java:logGet(46)) - raft.server.rpc.sleep.time = 25ms (default)
2022-10-13 20:19:42,847 [pool-190-thread-1] INFO  server.RaftServerConfigKeys (ConfUtils.java:logGet(46)) - raft.server.rpc.slowness.timeout = 300s (custom)
2022-10-13 20:19:42,847 [pool-190-thread-1] INFO  server.RaftServerConfigKeys (ConfUtils.java:logGet(46)) - raft.server.leaderelection.leader.step-down.wait-time = 10s (default)
2022-10-13 20:19:42,847 [pool-190-thread-1] INFO  server.RaftServerConfigKeys (ConfUtils.java:logGet(46)) - raft.server.sleep.deviation.threshold = 300ms (default)
2022-10-13 20:19:42,847 [pool-190-thread-1] INFO  server.RaftServer$Division (ServerState.java:<init>(107)) - 3ddcf304-85b1-49d2-b8da-4a506cacc1b8@group-CA5994DE78B6: ConfigurationManager, init=-1: [b33b9c80-8f32-4607-98ae-733684aaa44e|rpc:127.0.0.1:46351|priority:1, 4204fecc-e3eb-437d-ab57-73516eed136b|rpc:127.0.0.1:37675|priority:0, 3ddcf304-85b1-49d2-b8da-4a506cacc1b8|rpc:127.0.0.1:38205|priority:0], old=null, confs=<EMPTY_MAP>
2022-10-13 20:19:42,847 [pool-190-thread-1] INFO  server.RaftServerConfigKeys (ConfUtils.java:logGet(46)) - raft.server.storage.dir = [/home/runner/work/ozone/ozone/hadoop-ozone/integration-test/target/test-dir/MiniOzoneClusterImpl-0c33195c-4715-4e74-9207-018c6aa32671/datanode-0/data/ratis] (custom)
2022-10-13 20:19:42,847 [pool-190-thread-1] INFO  server.RaftServerConfigKeys (ConfUtils.java:logGet(46)) - raft.server.log.corruption.policy = EXCEPTION (default)
2022-10-13 20:19:42,847 [pool-190-thread-1] INFO  server.RaftServerConfigKeys (ConfUtils.java:logGet(46)) - raft.server.storage.free-space.min = 0MB (=0) (default)
2022-10-13 20:19:42,847 [pool-190-thread-1] INFO  storage.RaftStorageDirectory (RaftStorageDirectoryImpl.java:analyzeStorage(135)) - The storage directory /home/runner/work/ozone/ozone/hadoop-ozone/integration-test/target/test-dir/MiniOzoneClusterImpl-0c33195c-4715-4e74-9207-018c6aa32671/datanode-0/data/ratis/d793b308-2941-4e47-a1c9-ca5994de78b6 does not exist. Creating ...
2022-10-13 20:19:42,849 [pool-190-thread-1] INFO  storage.RaftStorageDirectory (RaftStorageDirectoryImpl.java:tryLock(230)) - Lock on /home/runner/work/ozone/ozone/hadoop-ozone/integration-test/target/test-dir/MiniOzoneClusterImpl-0c33195c-4715-4e74-9207-018c6aa32671/datanode-0/data/ratis/d793b308-2941-4e47-a1c9-ca5994de78b6/in_use.lock acquired by nodename 2881@fv-az186-171
2022-10-13 20:19:42,851 [pool-190-thread-1] INFO  storage.RaftStorage (RaftStorageImpl.java:format(89)) - Storage directory /home/runner/work/ozone/ozone/hadoop-ozone/integration-test/target/test-dir/MiniOzoneClusterImpl-0c33195c-4715-4e74-9207-018c6aa32671/datanode-0/data/ratis/d793b308-2941-4e47-a1c9-ca5994de78b6 has been successfully formatted.
2022-10-13 20:19:42,856 [pool-190-thread-1] INFO  ratis.ContainerStateMachine (ContainerStateMachine.java:loadSnapshot(236)) - group-CA5994DE78B6: The snapshot info is null. Setting the last applied indexto:(t:0, i:~)
2022-10-13 20:19:42,857 [pool-190-thread-1] INFO  server.RaftServerConfigKeys (ConfUtils.java:logGet(46)) - raft.server.notification.no-leader.timeout = 300s (custom)
2022-10-13 20:19:42,858 [pool-190-thread-1] INFO  server.RaftServerConfigKeys (ConfUtils.java:logGet(46)) - raft.server.log.use.memory = false (default)
2022-10-13 20:19:42,858 [pool-190-thread-1] INFO  server.RaftServerConfigKeys (ConfUtils.java:logGet(46)) - raft.server.log.purge.gap = 1000000 (custom)
2022-10-13 20:19:42,858 [pool-190-thread-1] INFO  server.RaftServerConfigKeys (ConfUtils.java:logGet(46)) - raft.server.log.appender.buffer.byte-limit = 33554432 (custom)
2022-10-13 20:19:42,858 [pool-190-thread-1] INFO  server.RaftServerConfigKeys (ConfUtils.java:logGet(46)) - raft.server.log.statemachine.data.read.timeout = 1000ms (default)
2022-10-13 20:19:42,858 [pool-190-thread-1] INFO  server.RaftServerConfigKeys (ConfUtils.java:logGet(46)) - raft.server.log.segment.size.max = 1048576 (custom)
2022-10-13 20:19:42,861 [pool-190-thread-1] INFO  server.RaftServerConfigKeys (ConfUtils.java:logGet(46)) - raft.server.log.segment.cache.num.max = 2 (custom)
2022-10-13 20:19:42,861 [pool-190-thread-1] INFO  server.RaftServerConfigKeys (ConfUtils.java:logGet(46)) - raft.server.log.segment.cache.size.max = 200MB (=209715200) (default)
2022-10-13 20:19:42,862 [pool-190-thread-1] INFO  segmented.SegmentedRaftLogWorker (SegmentedRaftLogWorker.java:<init>(187)) - new 3ddcf304-85b1-49d2-b8da-4a506cacc1b8@group-CA5994DE78B6-SegmentedRaftLogWorker for RaftStorageImpl:Storage Directory /home/runner/work/ozone/ozone/hadoop-ozone/integration-test/target/test-dir/MiniOzoneClusterImpl-0c33195c-4715-4e74-9207-018c6aa32671/datanode-0/data/ratis/d793b308-2941-4e47-a1c9-ca5994de78b6
2022-10-13 20:19:42,862 [pool-190-thread-1] INFO  server.RaftServerConfigKeys (ConfUtils.java:logGet(46)) - raft.server.log.queue.byte-limit = 4294967296 (custom)
2022-10-13 20:19:42,862 [pool-190-thread-1] INFO  server.RaftServerConfigKeys (ConfUtils.java:logGet(46)) - raft.server.log.queue.element-limit = 1024 (custom)
2022-10-13 20:19:42,862 [pool-190-thread-1] INFO  server.RaftServerConfigKeys (ConfUtils.java:logGet(46)) - raft.server.log.segment.size.max = 1048576 (custom)
2022-10-13 20:19:42,862 [pool-190-thread-1] INFO  server.RaftServerConfigKeys (ConfUtils.java:logGet(46)) - raft.server.log.preallocated.size = 16384 (custom)
2022-10-13 20:19:42,862 [pool-190-thread-1] INFO  server.RaftServerConfigKeys (ConfUtils.java:logGet(46)) - raft.server.log.force.sync.num = 128 (default)
2022-10-13 20:19:42,862 [pool-190-thread-1] INFO  server.RaftServerConfigKeys (ConfUtils.java:logGet(46)) - raft.server.log.statemachine.data.sync = true (default)
2022-10-13 20:19:42,862 [pool-190-thread-1] INFO  server.RaftServerConfigKeys (ConfUtils.java:logGet(46)) - raft.server.log.statemachine.data.sync.timeout = 10s (default)
2022-10-13 20:19:42,862 [pool-190-thread-1] INFO  server.RaftServerConfigKeys (ConfUtils.java:logGet(46)) - raft.server.log.statemachine.data.sync.timeout.retry = -1 (default)
2022-10-13 20:19:42,863 [e2549e0e-20c3-4590-9573-c43d76d3b17a@group-018C6AA32671-StateMachineUpdater] INFO  safemode.HealthyPipelineSafeModeRule (HealthyPipelineSafeModeRule.java:initializeRule(165)) - Refreshed total pipeline count is 0, healthy pipeline threshold count is 1
2022-10-13 20:19:42,869 [pool-190-thread-1] INFO  server.RaftServerConfigKeys (ConfUtils.java:logGet(46)) - raft.server.log.write.buffer.size = 1048576 (custom)
2022-10-13 20:19:42,870 [pool-190-thread-1] INFO  server.RaftServerConfigKeys (ConfUtils.java:logGet(46)) - raft.server.log.unsafe-flush.enabled = false (default)
2022-10-13 20:19:42,870 [pool-190-thread-1] INFO  server.RaftServerConfigKeys (ConfUtils.java:logGet(46)) - raft.server.log.statemachine.data.caching.enabled = true (custom)
2022-10-13 20:19:42,870 [pool-190-thread-1] INFO  segmented.SegmentedRaftLogWorker (SegmentedRaftLogWorker.java:lambda$new$0(135)) - 3ddcf304-85b1-49d2-b8da-4a506cacc1b8@group-CA5994DE78B6-SegmentedRaftLogWorker: flushIndex: setUnconditionally 0 -> -1
2022-10-13 20:19:42,870 [pool-190-thread-1] INFO  segmented.SegmentedRaftLogWorker (SegmentedRaftLogWorker.java:lambda$new$0(135)) - 3ddcf304-85b1-49d2-b8da-4a506cacc1b8@group-CA5994DE78B6-SegmentedRaftLogWorker: safeCacheEvictIndex: setUnconditionally 0 -> -1
2022-10-13 20:19:42,871 [07c9e681-1902-448f-876d-c238a5737790@group-018C6AA32671-StateMachineUpdater] INFO  safemode.HealthyPipelineSafeModeRule (HealthyPipelineSafeModeRule.java:initializeRule(165)) - Refreshed total pipeline count is 0, healthy pipeline threshold count is 1
2022-10-13 20:19:42,873 [pool-190-thread-1] INFO  server.RaftServerConfigKeys (ConfUtils.java:logGet(46)) - raft.server.snapshot.auto.trigger.enabled = true (custom)
2022-10-13 20:19:42,873 [pool-190-thread-1] INFO  server.RaftServerConfigKeys (ConfUtils.java:logGet(46)) - raft.server.snapshot.auto.trigger.threshold = 10000 (custom)
2022-10-13 20:19:42,873 [pool-190-thread-1] INFO  server.RaftServerConfigKeys (ConfUtils.java:logGet(46)) - raft.server.snapshot.retention.file.num = 5 (custom)
2022-10-13 20:19:42,873 [pool-190-thread-1] INFO  server.RaftServerConfigKeys (ConfUtils.java:logGet(46)) - raft.server.log.purge.upto.snapshot.index = false (default)
2022-10-13 20:19:42,874 [pool-190-thread-1] INFO  server.RaftServerConfigKeys (ConfUtils.java:logGet(46)) - raft.server.retrycache.expirytime = 600000ms (custom)
2022-10-13 20:19:42,874 [pool-190-thread-1] INFO  server.RaftServerConfigKeys (ConfUtils.java:logGet(46)) - raft.server.retrycache.statistics.expirytime = 100μs (default)
2022-10-13 20:19:42,875 [pool-190-thread-1] INFO  server.RaftServerConfigKeys (ConfUtils.java:logGet(46)) - raft.server.log.appender.install.snapshot.enabled = false (custom)
2022-10-13 20:19:42,875 [pool-190-thread-1] INFO  server.RaftServerConfigKeys (ConfUtils.java:logGet(46)) - raft.server.threadpool.server.cached = true (default)
2022-10-13 20:19:42,875 [pool-190-thread-1] INFO  server.RaftServerConfigKeys (ConfUtils.java:logGet(46)) - raft.server.threadpool.server.size = 0 (default)
2022-10-13 20:19:42,875 [pool-190-thread-1] INFO  server.RaftServerConfigKeys (ConfUtils.java:logGet(46)) - raft.server.threadpool.client.cached = true (default)
2022-10-13 20:19:42,875 [pool-190-thread-1] INFO  server.RaftServerConfigKeys (ConfUtils.java:logGet(46)) - raft.server.threadpool.client.size = 0 (default)
2022-10-13 20:19:42,875 [pool-190-thread-1] INFO  server.RaftServer$Division (RaftServerImpl.java:start(310)) - 3ddcf304-85b1-49d2-b8da-4a506cacc1b8@group-CA5994DE78B6: start as a follower, conf=-1: [b33b9c80-8f32-4607-98ae-733684aaa44e|rpc:127.0.0.1:46351|priority:1, 4204fecc-e3eb-437d-ab57-73516eed136b|rpc:127.0.0.1:37675|priority:0, 3ddcf304-85b1-49d2-b8da-4a506cacc1b8|rpc:127.0.0.1:38205|priority:0], old=null
2022-10-13 20:19:42,875 [pool-190-thread-1] INFO  server.RaftServer$Division (RaftServerImpl.java:setRole(299)) - 3ddcf304-85b1-49d2-b8da-4a506cacc1b8@group-CA5994DE78B6: changes role from      null to FOLLOWER at term 0 for startAsFollower
2022-10-13 20:19:42,875 [pool-190-thread-1] INFO  impl.RoleInfo (RoleInfo.java:updateAndGet(139)) - 3ddcf304-85b1-49d2-b8da-4a506cacc1b8: start 3ddcf304-85b1-49d2-b8da-4a506cacc1b8@group-CA5994DE78B6-FollowerState
2022-10-13 20:19:42,876 [pool-190-thread-1] INFO  util.JmxRegister (JmxRegister.java:tryRegister(44)) - Successfully registered JMX Bean with object name Ratis:service=RaftServer,group=group-CA5994DE78B6,id=3ddcf304-85b1-49d2-b8da-4a506cacc1b8
2022-10-13 20:19:42,877 [Command processor thread] INFO  ratis.XceiverServerRatis (XceiverServerRatis.java:addGroup(765)) - Created group PipelineID=d793b308-2941-4e47-a1c9-ca5994de78b6
2022-10-13 20:19:42,881 [EventQueue-OpenPipelineForHealthyPipelineSafeModeRule] INFO  safemode.SCMSafeModeManager (HealthyPipelineSafeModeRule.java:process(137)) - SCM in safe mode. Healthy pipelines reported count is 0, required healthy pipeline reported count is 1
2022-10-13 20:19:42,881 [EventQueue-OpenPipelineForHealthyPipelineSafeModeRule] INFO  safemode.SCMSafeModeManager (HealthyPipelineSafeModeRule.java:process(137)) - SCM in safe mode. Healthy pipelines reported count is 0, required healthy pipeline reported count is 1
2022-10-13 20:19:42,893 [aa1de7e1-092b-4c10-ba41-bafadd24aa7a@group-018C6AA32671-StateMachineUpdater] INFO  safemode.HealthyPipelineSafeModeRule (HealthyPipelineSafeModeRule.java:initializeRule(165)) - Refreshed total pipeline count is 0, healthy pipeline threshold count is 1
2022-10-13 20:19:42,894 [EventQueue-OpenPipelineForHealthyPipelineSafeModeRule] INFO  safemode.SCMSafeModeManager (HealthyPipelineSafeModeRule.java:process(137)) - SCM in safe mode. Healthy pipelines reported count is 0, required healthy pipeline reported count is 1
2022-10-13 20:19:42,907 [EventQueue-OpenPipelineForHealthyPipelineSafeModeRule] INFO  safemode.SCMSafeModeManager (HealthyPipelineSafeModeRule.java:process(137)) - SCM in safe mode. Healthy pipelines reported count is 0, required healthy pipeline reported count is 1
2022-10-13 20:19:42,963 [grpc-default-executor-2] INFO  server.RaftServer (RaftServerProxy.java:addNew(96)) - 4204fecc-e3eb-437d-ab57-73516eed136b: addNew group-CA5994DE78B6:[b33b9c80-8f32-4607-98ae-733684aaa44e|rpc:127.0.0.1:46351|dataStream:|priority:1, 4204fecc-e3eb-437d-ab57-73516eed136b|rpc:127.0.0.1:37675|dataStream:|priority:0, 3ddcf304-85b1-49d2-b8da-4a506cacc1b8|rpc:127.0.0.1:38205|dataStream:|priority:0] returns group-CA5994DE78B6:java.util.concurrent.CompletableFuture@4f5465d4[Not completed]
2022-10-13 20:19:42,965 [pool-240-thread-1] INFO  server.RaftServer$Division (RaftServerImpl.java:<init>(190)) - 4204fecc-e3eb-437d-ab57-73516eed136b: new RaftServerImpl for group-CA5994DE78B6:[b33b9c80-8f32-4607-98ae-733684aaa44e|rpc:127.0.0.1:46351|dataStream:|priority:1, 4204fecc-e3eb-437d-ab57-73516eed136b|rpc:127.0.0.1:37675|dataStream:|priority:0, 3ddcf304-85b1-49d2-b8da-4a506cacc1b8|rpc:127.0.0.1:38205|dataStream:|priority:0] with ContainerStateMachine:uninitialized
2022-10-13 20:19:42,965 [pool-240-thread-1] INFO  server.RaftServerConfigKeys (ConfUtils.java:logGet(46)) - raft.server.rpc.timeout.min = 5s (custom)
2022-10-13 20:19:42,965 [pool-240-thread-1] INFO  server.RaftServerConfigKeys (ConfUtils.java:logGet(46)) - raft.server.rpc.timeout.max = 5200ms (custom)
2022-10-13 20:19:42,965 [pool-240-thread-1] INFO  server.RaftServerConfigKeys (ConfUtils.java:logGet(46)) - raft.server.rpc.sleep.time = 25ms (default)
2022-10-13 20:19:42,965 [pool-240-thread-1] INFO  server.RaftServerConfigKeys (ConfUtils.java:logGet(46)) - raft.server.rpc.slowness.timeout = 300s (custom)
2022-10-13 20:19:42,965 [pool-240-thread-1] INFO  server.RaftServerConfigKeys (ConfUtils.java:logGet(46)) - raft.server.leaderelection.leader.step-down.wait-time = 10s (default)
2022-10-13 20:19:42,965 [pool-240-thread-1] INFO  server.RaftServerConfigKeys (ConfUtils.java:logGet(46)) - raft.server.sleep.deviation.threshold = 300ms (default)
2022-10-13 20:19:42,966 [pool-240-thread-1] INFO  server.RaftServer$Division (ServerState.java:<init>(107)) - 4204fecc-e3eb-437d-ab57-73516eed136b@group-CA5994DE78B6: ConfigurationManager, init=-1: [b33b9c80-8f32-4607-98ae-733684aaa44e|rpc:127.0.0.1:46351|dataStream:|priority:1, 4204fecc-e3eb-437d-ab57-73516eed136b|rpc:127.0.0.1:37675|dataStream:|priority:0, 3ddcf304-85b1-49d2-b8da-4a506cacc1b8|rpc:127.0.0.1:38205|dataStream:|priority:0], old=null, confs=<EMPTY_MAP>
2022-10-13 20:19:42,966 [pool-240-thread-1] INFO  server.RaftServerConfigKeys (ConfUtils.java:logGet(46)) - raft.server.storage.dir = [/home/runner/work/ozone/ozone/hadoop-ozone/integration-test/target/test-dir/MiniOzoneClusterImpl-0c33195c-4715-4e74-9207-018c6aa32671/datanode-2/data/ratis] (custom)
2022-10-13 20:19:42,966 [pool-240-thread-1] INFO  server.RaftServerConfigKeys (ConfUtils.java:logGet(46)) - raft.server.log.corruption.policy = EXCEPTION (default)
2022-10-13 20:19:42,966 [pool-240-thread-1] INFO  server.RaftServerConfigKeys (ConfUtils.java:logGet(46)) - raft.server.storage.free-space.min = 0MB (=0) (default)
2022-10-13 20:19:42,966 [pool-240-thread-1] INFO  storage.RaftStorageDirectory (RaftStorageDirectoryImpl.java:analyzeStorage(135)) - The storage directory /home/runner/work/ozone/ozone/hadoop-ozone/integration-test/target/test-dir/MiniOzoneClusterImpl-0c33195c-4715-4e74-9207-018c6aa32671/datanode-2/data/ratis/d793b308-2941-4e47-a1c9-ca5994de78b6 does not exist. Creating ...
2022-10-13 20:19:42,967 [pool-240-thread-1] INFO  storage.RaftStorageDirectory (RaftStorageDirectoryImpl.java:tryLock(230)) - Lock on /home/runner/work/ozone/ozone/hadoop-ozone/integration-test/target/test-dir/MiniOzoneClusterImpl-0c33195c-4715-4e74-9207-018c6aa32671/datanode-2/data/ratis/d793b308-2941-4e47-a1c9-ca5994de78b6/in_use.lock acquired by nodename 2881@fv-az186-171
2022-10-13 20:19:42,968 [pool-240-thread-1] INFO  storage.RaftStorage (RaftStorageImpl.java:format(89)) - Storage directory /home/runner/work/ozone/ozone/hadoop-ozone/integration-test/target/test-dir/MiniOzoneClusterImpl-0c33195c-4715-4e74-9207-018c6aa32671/datanode-2/data/ratis/d793b308-2941-4e47-a1c9-ca5994de78b6 has been successfully formatted.
2022-10-13 20:19:42,974 [pool-240-thread-1] INFO  ratis.ContainerStateMachine (ContainerStateMachine.java:loadSnapshot(236)) - group-CA5994DE78B6: The snapshot info is null. Setting the last applied indexto:(t:0, i:~)
2022-10-13 20:19:42,976 [pool-240-thread-1] INFO  server.RaftServerConfigKeys (ConfUtils.java:logGet(46)) - raft.server.notification.no-leader.timeout = 300s (custom)
2022-10-13 20:19:42,976 [pool-240-thread-1] INFO  server.RaftServerConfigKeys (ConfUtils.java:logGet(46)) - raft.server.log.use.memory = false (default)
2022-10-13 20:19:42,976 [pool-240-thread-1] INFO  server.RaftServerConfigKeys (ConfUtils.java:logGet(46)) - raft.server.log.purge.gap = 1000000 (custom)
2022-10-13 20:19:42,976 [pool-240-thread-1] INFO  server.RaftServerConfigKeys (ConfUtils.java:logGet(46)) - raft.server.log.appender.buffer.byte-limit = 33554432 (custom)
2022-10-13 20:19:42,976 [pool-240-thread-1] INFO  server.RaftServerConfigKeys (ConfUtils.java:logGet(46)) - raft.server.log.statemachine.data.read.timeout = 1000ms (default)
2022-10-13 20:19:42,976 [pool-240-thread-1] INFO  server.RaftServerConfigKeys (ConfUtils.java:logGet(46)) - raft.server.log.segment.size.max = 1048576 (custom)
2022-10-13 20:19:42,977 [pool-240-thread-1] INFO  server.RaftServerConfigKeys (ConfUtils.java:logGet(46)) - raft.server.log.segment.cache.num.max = 2 (custom)
2022-10-13 20:19:42,977 [pool-240-thread-1] INFO  server.RaftServerConfigKeys (ConfUtils.java:logGet(46)) - raft.server.log.segment.cache.size.max = 200MB (=209715200) (default)
2022-10-13 20:19:42,977 [pool-240-thread-1] INFO  segmented.SegmentedRaftLogWorker (SegmentedRaftLogWorker.java:<init>(187)) - new 4204fecc-e3eb-437d-ab57-73516eed136b@group-CA5994DE78B6-SegmentedRaftLogWorker for RaftStorageImpl:Storage Directory /home/runner/work/ozone/ozone/hadoop-ozone/integration-test/target/test-dir/MiniOzoneClusterImpl-0c33195c-4715-4e74-9207-018c6aa32671/datanode-2/data/ratis/d793b308-2941-4e47-a1c9-ca5994de78b6
2022-10-13 20:19:42,977 [pool-240-thread-1] INFO  server.RaftServerConfigKeys (ConfUtils.java:logGet(46)) - raft.server.log.queue.byte-limit = 4294967296 (custom)
2022-10-13 20:19:42,977 [pool-240-thread-1] INFO  server.RaftServerConfigKeys (ConfUtils.java:logGet(46)) - raft.server.log.queue.element-limit = 1024 (custom)
2022-10-13 20:19:42,977 [pool-240-thread-1] INFO  server.RaftServerConfigKeys (ConfUtils.java:logGet(46)) - raft.server.log.segment.size.max = 1048576 (custom)
2022-10-13 20:19:42,977 [pool-240-thread-1] INFO  server.RaftServerConfigKeys (ConfUtils.java:logGet(46)) - raft.server.log.preallocated.size = 16384 (custom)
2022-10-13 20:19:42,977 [pool-240-thread-1] INFO  server.RaftServerConfigKeys (ConfUtils.java:logGet(46)) - raft.server.log.force.sync.num = 128 (default)
2022-10-13 20:19:42,977 [pool-240-thread-1] INFO  server.RaftServerConfigKeys (ConfUtils.java:logGet(46)) - raft.server.log.statemachine.data.sync = true (default)
2022-10-13 20:19:42,977 [pool-240-thread-1] INFO  server.RaftServerConfigKeys (ConfUtils.java:logGet(46)) - raft.server.log.statemachine.data.sync.timeout = 10s (default)
2022-10-13 20:19:42,977 [pool-240-thread-1] INFO  server.RaftServerConfigKeys (ConfUtils.java:logGet(46)) - raft.server.log.statemachine.data.sync.timeout.retry = -1 (default)
2022-10-13 20:19:42,978 [pool-240-thread-1] INFO  server.RaftServerConfigKeys (ConfUtils.java:logGet(46)) - raft.server.log.write.buffer.size = 1048576 (custom)
2022-10-13 20:19:42,979 [pool-240-thread-1] INFO  server.RaftServerConfigKeys (ConfUtils.java:logGet(46)) - raft.server.log.unsafe-flush.enabled = false (default)
2022-10-13 20:19:42,979 [pool-240-thread-1] INFO  server.RaftServerConfigKeys (ConfUtils.java:logGet(46)) - raft.server.log.statemachine.data.caching.enabled = true (custom)
2022-10-13 20:19:42,979 [pool-240-thread-1] INFO  segmented.SegmentedRaftLogWorker (SegmentedRaftLogWorker.java:lambda$new$0(135)) - 4204fecc-e3eb-437d-ab57-73516eed136b@group-CA5994DE78B6-SegmentedRaftLogWorker: flushIndex: setUnconditionally 0 -> -1
2022-10-13 20:19:42,979 [pool-240-thread-1] INFO  segmented.SegmentedRaftLogWorker (SegmentedRaftLogWorker.java:lambda$new$0(135)) - 4204fecc-e3eb-437d-ab57-73516eed136b@group-CA5994DE78B6-SegmentedRaftLogWorker: safeCacheEvictIndex: setUnconditionally 0 -> -1
2022-10-13 20:19:42,980 [pool-240-thread-1] INFO  server.RaftServerConfigKeys (ConfUtils.java:logGet(46)) - raft.server.snapshot.auto.trigger.enabled = true (custom)
2022-10-13 20:19:42,980 [pool-240-thread-1] INFO  server.RaftServerConfigKeys (ConfUtils.java:logGet(46)) - raft.server.snapshot.auto.trigger.threshold = 10000 (custom)
2022-10-13 20:19:42,980 [pool-240-thread-1] INFO  server.RaftServerConfigKeys (ConfUtils.java:logGet(46)) - raft.server.snapshot.retention.file.num = 5 (custom)
2022-10-13 20:19:42,980 [pool-240-thread-1] INFO  server.RaftServerConfigKeys (ConfUtils.java:logGet(46)) - raft.server.log.purge.upto.snapshot.index = false (default)
2022-10-13 20:19:42,980 [pool-240-thread-1] INFO  server.RaftServerConfigKeys (ConfUtils.java:logGet(46)) - raft.server.retrycache.expirytime = 600000ms (custom)
2022-10-13 20:19:42,980 [pool-240-thread-1] INFO  server.RaftServerConfigKeys (ConfUtils.java:logGet(46)) - raft.server.retrycache.statistics.expirytime = 100μs (default)
2022-10-13 20:19:42,981 [pool-240-thread-1] INFO  server.RaftServerConfigKeys (ConfUtils.java:logGet(46)) - raft.server.log.appender.install.snapshot.enabled = false (custom)
2022-10-13 20:19:42,981 [pool-240-thread-1] INFO  server.RaftServerConfigKeys (ConfUtils.java:logGet(46)) - raft.server.threadpool.server.cached = true (default)
2022-10-13 20:19:42,981 [pool-240-thread-1] INFO  server.RaftServerConfigKeys (ConfUtils.java:logGet(46)) - raft.server.threadpool.server.size = 0 (default)
2022-10-13 20:19:42,981 [pool-240-thread-1] INFO  server.RaftServerConfigKeys (ConfUtils.java:logGet(46)) - raft.server.threadpool.client.cached = true (default)
2022-10-13 20:19:42,982 [pool-240-thread-1] INFO  server.RaftServerConfigKeys (ConfUtils.java:logGet(46)) - raft.server.threadpool.client.size = 0 (default)
2022-10-13 20:19:42,982 [pool-240-thread-1] INFO  server.RaftServer$Division (RaftServerImpl.java:start(310)) - 4204fecc-e3eb-437d-ab57-73516eed136b@group-CA5994DE78B6: start as a follower, conf=-1: [b33b9c80-8f32-4607-98ae-733684aaa44e|rpc:127.0.0.1:46351|dataStream:|priority:1, 4204fecc-e3eb-437d-ab57-73516eed136b|rpc:127.0.0.1:37675|dataStream:|priority:0, 3ddcf304-85b1-49d2-b8da-4a506cacc1b8|rpc:127.0.0.1:38205|dataStream:|priority:0], old=null
2022-10-13 20:19:42,982 [pool-240-thread-1] INFO  server.RaftServer$Division (RaftServerImpl.java:setRole(299)) - 4204fecc-e3eb-437d-ab57-73516eed136b@group-CA5994DE78B6: changes role from      null to FOLLOWER at term 0 for startAsFollower
2022-10-13 20:19:42,982 [pool-240-thread-1] INFO  impl.RoleInfo (RoleInfo.java:updateAndGet(139)) - 4204fecc-e3eb-437d-ab57-73516eed136b: start 4204fecc-e3eb-437d-ab57-73516eed136b@group-CA5994DE78B6-FollowerState
2022-10-13 20:19:42,988 [pool-240-thread-1] INFO  util.JmxRegister (JmxRegister.java:tryRegister(44)) - Successfully registered JMX Bean with object name Ratis:service=RaftServer,group=group-CA5994DE78B6,id=4204fecc-e3eb-437d-ab57-73516eed136b
2022-10-13 20:19:43,032 [grpc-default-executor-2] INFO  server.RaftServer (RaftServerProxy.java:addNew(96)) - b33b9c80-8f32-4607-98ae-733684aaa44e: addNew group-CA5994DE78B6:[b33b9c80-8f32-4607-98ae-733684aaa44e|rpc:127.0.0.1:46351|dataStream:|priority:1, 4204fecc-e3eb-437d-ab57-73516eed136b|rpc:127.0.0.1:37675|dataStream:|priority:0, 3ddcf304-85b1-49d2-b8da-4a506cacc1b8|rpc:127.0.0.1:38205|dataStream:|priority:0] returns group-CA5994DE78B6:java.util.concurrent.CompletableFuture@172bc56[Not completed]
2022-10-13 20:19:43,038 [pool-215-thread-1] INFO  server.RaftServer$Division (RaftServerImpl.java:<init>(190)) - b33b9c80-8f32-4607-98ae-733684aaa44e: new RaftServerImpl for group-CA5994DE78B6:[b33b9c80-8f32-4607-98ae-733684aaa44e|rpc:127.0.0.1:46351|dataStream:|priority:1, 4204fecc-e3eb-437d-ab57-73516eed136b|rpc:127.0.0.1:37675|dataStream:|priority:0, 3ddcf304-85b1-49d2-b8da-4a506cacc1b8|rpc:127.0.0.1:38205|dataStream:|priority:0] with ContainerStateMachine:uninitialized
2022-10-13 20:19:43,038 [pool-215-thread-1] INFO  server.RaftServerConfigKeys (ConfUtils.java:logGet(46)) - raft.server.rpc.timeout.min = 5s (custom)
2022-10-13 20:19:43,038 [pool-215-thread-1] INFO  server.RaftServerConfigKeys (ConfUtils.java:logGet(46)) - raft.server.rpc.timeout.max = 5200ms (custom)
2022-10-13 20:19:43,038 [pool-215-thread-1] INFO  server.RaftServerConfigKeys (ConfUtils.java:logGet(46)) - raft.server.rpc.sleep.time = 25ms (default)
2022-10-13 20:19:43,040 [pool-215-thread-1] INFO  server.RaftServerConfigKeys (ConfUtils.java:logGet(46)) - raft.server.rpc.slowness.timeout = 300s (custom)
2022-10-13 20:19:43,042 [pool-215-thread-1] INFO  server.RaftServerConfigKeys (ConfUtils.java:logGet(46)) - raft.server.leaderelection.leader.step-down.wait-time = 10s (default)
2022-10-13 20:19:43,042 [pool-215-thread-1] INFO  server.RaftServerConfigKeys (ConfUtils.java:logGet(46)) - raft.server.sleep.deviation.threshold = 300ms (default)
2022-10-13 20:19:43,042 [pool-215-thread-1] INFO  server.RaftServer$Division (ServerState.java:<init>(107)) - b33b9c80-8f32-4607-98ae-733684aaa44e@group-CA5994DE78B6: ConfigurationManager, init=-1: [b33b9c80-8f32-4607-98ae-733684aaa44e|rpc:127.0.0.1:46351|dataStream:|priority:1, 4204fecc-e3eb-437d-ab57-73516eed136b|rpc:127.0.0.1:37675|dataStream:|priority:0, 3ddcf304-85b1-49d2-b8da-4a506cacc1b8|rpc:127.0.0.1:38205|dataStream:|priority:0], old=null, confs=<EMPTY_MAP>
2022-10-13 20:19:43,042 [pool-215-thread-1] INFO  server.RaftServerConfigKeys (ConfUtils.java:logGet(46)) - raft.server.storage.dir = [/home/runner/work/ozone/ozone/hadoop-ozone/integration-test/target/test-dir/MiniOzoneClusterImpl-0c33195c-4715-4e74-9207-018c6aa32671/datanode-1/data/ratis] (custom)
2022-10-13 20:19:43,042 [pool-215-thread-1] INFO  server.RaftServerConfigKeys (ConfUtils.java:logGet(46)) - raft.server.log.corruption.policy = EXCEPTION (default)
2022-10-13 20:19:43,042 [pool-215-thread-1] INFO  server.RaftServerConfigKeys (ConfUtils.java:logGet(46)) - raft.server.storage.free-space.min = 0MB (=0) (default)
2022-10-13 20:19:43,043 [pool-215-thread-1] INFO  storage.RaftStorageDirectory (RaftStorageDirectoryImpl.java:analyzeStorage(135)) - The storage directory /home/runner/work/ozone/ozone/hadoop-ozone/integration-test/target/test-dir/MiniOzoneClusterImpl-0c33195c-4715-4e74-9207-018c6aa32671/datanode-1/data/ratis/d793b308-2941-4e47-a1c9-ca5994de78b6 does not exist. Creating ...
2022-10-13 20:19:43,045 [pool-215-thread-1] INFO  storage.RaftStorageDirectory (RaftStorageDirectoryImpl.java:tryLock(230)) - Lock on /home/runner/work/ozone/ozone/hadoop-ozone/integration-test/target/test-dir/MiniOzoneClusterImpl-0c33195c-4715-4e74-9207-018c6aa32671/datanode-1/data/ratis/d793b308-2941-4e47-a1c9-ca5994de78b6/in_use.lock acquired by nodename 2881@fv-az186-171
2022-10-13 20:19:43,047 [pool-215-thread-1] INFO  storage.RaftStorage (RaftStorageImpl.java:format(89)) - Storage directory /home/runner/work/ozone/ozone/hadoop-ozone/integration-test/target/test-dir/MiniOzoneClusterImpl-0c33195c-4715-4e74-9207-018c6aa32671/datanode-1/data/ratis/d793b308-2941-4e47-a1c9-ca5994de78b6 has been successfully formatted.
2022-10-13 20:19:43,047 [pool-215-thread-1] INFO  ratis.ContainerStateMachine (ContainerStateMachine.java:loadSnapshot(236)) - group-CA5994DE78B6: The snapshot info is null. Setting the last applied indexto:(t:0, i:~)
2022-10-13 20:19:43,047 [pool-215-thread-1] INFO  server.RaftServerConfigKeys (ConfUtils.java:logGet(46)) - raft.server.notification.no-leader.timeout = 300s (custom)
2022-10-13 20:19:43,047 [pool-215-thread-1] INFO  server.RaftServerConfigKeys (ConfUtils.java:logGet(46)) - raft.server.log.use.memory = false (default)
2022-10-13 20:19:43,047 [pool-215-thread-1] INFO  server.RaftServerConfigKeys (ConfUtils.java:logGet(46)) - raft.server.log.purge.gap = 1000000 (custom)
2022-10-13 20:19:43,048 [pool-215-thread-1] INFO  server.RaftServerConfigKeys (ConfUtils.java:logGet(46)) - raft.server.log.appender.buffer.byte-limit = 33554432 (custom)
2022-10-13 20:19:43,048 [pool-215-thread-1] INFO  server.RaftServerConfigKeys (ConfUtils.java:logGet(46)) - raft.server.log.statemachine.data.read.timeout = 1000ms (default)
2022-10-13 20:19:43,048 [pool-215-thread-1] INFO  server.RaftServerConfigKeys (ConfUtils.java:logGet(46)) - raft.server.log.segment.size.max = 1048576 (custom)
2022-10-13 20:19:43,049 [pool-215-thread-1] INFO  server.RaftServerConfigKeys (ConfUtils.java:logGet(46)) - raft.server.log.segment.cache.num.max = 2 (custom)
2022-10-13 20:19:43,049 [pool-215-thread-1] INFO  server.RaftServerConfigKeys (ConfUtils.java:logGet(46)) - raft.server.log.segment.cache.size.max = 200MB (=209715200) (default)
2022-10-13 20:19:43,049 [pool-215-thread-1] INFO  segmented.SegmentedRaftLogWorker (SegmentedRaftLogWorker.java:<init>(187)) - new b33b9c80-8f32-4607-98ae-733684aaa44e@group-CA5994DE78B6-SegmentedRaftLogWorker for RaftStorageImpl:Storage Directory /home/runner/work/ozone/ozone/hadoop-ozone/integration-test/target/test-dir/MiniOzoneClusterImpl-0c33195c-4715-4e74-9207-018c6aa32671/datanode-1/data/ratis/d793b308-2941-4e47-a1c9-ca5994de78b6
2022-10-13 20:19:43,049 [pool-215-thread-1] INFO  server.RaftServerConfigKeys (ConfUtils.java:logGet(46)) - raft.server.log.queue.byte-limit = 4294967296 (custom)
2022-10-13 20:19:43,049 [pool-215-thread-1] INFO  server.RaftServerConfigKeys (ConfUtils.java:logGet(46)) - raft.server.log.queue.element-limit = 1024 (custom)
2022-10-13 20:19:43,049 [pool-215-thread-1] INFO  server.RaftServerConfigKeys (ConfUtils.java:logGet(46)) - raft.server.log.segment.size.max = 1048576 (custom)
2022-10-13 20:19:43,049 [pool-215-thread-1] INFO  server.RaftServerConfigKeys (ConfUtils.java:logGet(46)) - raft.server.log.preallocated.size = 16384 (custom)
2022-10-13 20:19:43,049 [pool-215-thread-1] INFO  server.RaftServerConfigKeys (ConfUtils.java:logGet(46)) - raft.server.log.force.sync.num = 128 (default)
2022-10-13 20:19:43,049 [pool-215-thread-1] INFO  server.RaftServerConfigKeys (ConfUtils.java:logGet(46)) - raft.server.log.statemachine.data.sync = true (default)
2022-10-13 20:19:43,050 [pool-215-thread-1] INFO  server.RaftServerConfigKeys (ConfUtils.java:logGet(46)) - raft.server.log.statemachine.data.sync.timeout = 10s (default)
2022-10-13 20:19:43,050 [pool-215-thread-1] INFO  server.RaftServerConfigKeys (ConfUtils.java:logGet(46)) - raft.server.log.statemachine.data.sync.timeout.retry = -1 (default)
2022-10-13 20:19:43,053 [pool-215-thread-1] INFO  server.RaftServerConfigKeys (ConfUtils.java:logGet(46)) - raft.server.log.write.buffer.size = 1048576 (custom)
2022-10-13 20:19:43,054 [pool-215-thread-1] INFO  server.RaftServerConfigKeys (ConfUtils.java:logGet(46)) - raft.server.log.unsafe-flush.enabled = false (default)
2022-10-13 20:19:43,054 [pool-215-thread-1] INFO  server.RaftServerConfigKeys (ConfUtils.java:logGet(46)) - raft.server.log.statemachine.data.caching.enabled = true (custom)
2022-10-13 20:19:43,054 [pool-215-thread-1] INFO  segmented.SegmentedRaftLogWorker (SegmentedRaftLogWorker.java:lambda$new$0(135)) - b33b9c80-8f32-4607-98ae-733684aaa44e@group-CA5994DE78B6-SegmentedRaftLogWorker: flushIndex: setUnconditionally 0 -> -1
2022-10-13 20:19:43,054 [pool-215-thread-1] INFO  segmented.SegmentedRaftLogWorker (SegmentedRaftLogWorker.java:lambda$new$0(135)) - b33b9c80-8f32-4607-98ae-733684aaa44e@group-CA5994DE78B6-SegmentedRaftLogWorker: safeCacheEvictIndex: setUnconditionally 0 -> -1
2022-10-13 20:19:43,056 [pool-215-thread-1] INFO  server.RaftServerConfigKeys (ConfUtils.java:logGet(46)) - raft.server.snapshot.auto.trigger.enabled = true (custom)
2022-10-13 20:19:43,056 [pool-215-thread-1] INFO  server.RaftServerConfigKeys (ConfUtils.java:logGet(46)) - raft.server.snapshot.auto.trigger.threshold = 10000 (custom)
2022-10-13 20:19:43,057 [pool-215-thread-1] INFO  server.RaftServerConfigKeys (ConfUtils.java:logGet(46)) - raft.server.snapshot.retention.file.num = 5 (custom)
2022-10-13 20:19:43,057 [pool-215-thread-1] INFO  server.RaftServerConfigKeys (ConfUtils.java:logGet(46)) - raft.server.log.purge.upto.snapshot.index = false (default)
2022-10-13 20:19:43,057 [pool-215-thread-1] INFO  server.RaftServerConfigKeys (ConfUtils.java:logGet(46)) - raft.server.retrycache.expirytime = 600000ms (custom)
2022-10-13 20:19:43,057 [pool-215-thread-1] INFO  server.RaftServerConfigKeys (ConfUtils.java:logGet(46)) - raft.server.retrycache.statistics.expirytime = 100μs (default)
2022-10-13 20:19:43,059 [pool-215-thread-1] INFO  server.RaftServerConfigKeys (ConfUtils.java:logGet(46)) - raft.server.log.appender.install.snapshot.enabled = false (custom)
2022-10-13 20:19:43,059 [pool-215-thread-1] INFO  server.RaftServerConfigKeys (ConfUtils.java:logGet(46)) - raft.server.threadpool.server.cached = true (default)
2022-10-13 20:19:43,059 [pool-215-thread-1] INFO  server.RaftServerConfigKeys (ConfUtils.java:logGet(46)) - raft.server.threadpool.server.size = 0 (default)
2022-10-13 20:19:43,059 [pool-215-thread-1] INFO  server.RaftServerConfigKeys (ConfUtils.java:logGet(46)) - raft.server.threadpool.client.cached = true (default)
2022-10-13 20:19:43,059 [pool-215-thread-1] INFO  server.RaftServerConfigKeys (ConfUtils.java:logGet(46)) - raft.server.threadpool.client.size = 0 (default)
2022-10-13 20:19:43,059 [pool-215-thread-1] INFO  server.RaftServer$Division (RaftServerImpl.java:start(310)) - b33b9c80-8f32-4607-98ae-733684aaa44e@group-CA5994DE78B6: start as a follower, conf=-1: [b33b9c80-8f32-4607-98ae-733684aaa44e|rpc:127.0.0.1:46351|dataStream:|priority:1, 4204fecc-e3eb-437d-ab57-73516eed136b|rpc:127.0.0.1:37675|dataStream:|priority:0, 3ddcf304-85b1-49d2-b8da-4a506cacc1b8|rpc:127.0.0.1:38205|dataStream:|priority:0], old=null
2022-10-13 20:19:43,059 [pool-215-thread-1] INFO  server.RaftServer$Division (RaftServerImpl.java:setRole(299)) - b33b9c80-8f32-4607-98ae-733684aaa44e@group-CA5994DE78B6: changes role from      null to FOLLOWER at term 0 for startAsFollower
2022-10-13 20:19:43,059 [pool-215-thread-1] INFO  impl.RoleInfo (RoleInfo.java:updateAndGet(139)) - b33b9c80-8f32-4607-98ae-733684aaa44e: start b33b9c80-8f32-4607-98ae-733684aaa44e@group-CA5994DE78B6-FollowerState
2022-10-13 20:19:43,066 [pool-215-thread-1] INFO  util.JmxRegister (JmxRegister.java:tryRegister(44)) - Successfully registered JMX Bean with object name Ratis:service=RaftServer,group=group-CA5994DE78B6,id=b33b9c80-8f32-4607-98ae-733684aaa44e
2022-10-13 20:19:43,088 [Command processor thread] INFO  commandhandler.CreatePipelineCommandHandler (CreatePipelineCommandHandler.java:handle(113)) - Created Pipeline RATIS THREE PipelineID=d793b308-2941-4e47-a1c9-ca5994de78b6.
2022-10-13 20:19:43,088 [Command processor thread] INFO  server.RaftServer (RaftServerProxy.java:addNew(96)) - 3ddcf304-85b1-49d2-b8da-4a506cacc1b8: addNew group-355AF9D2C133:[b33b9c80-8f32-4607-98ae-733684aaa44e|rpc:127.0.0.1:46351|priority:0, 4204fecc-e3eb-437d-ab57-73516eed136b|rpc:127.0.0.1:37675|priority:0, 3ddcf304-85b1-49d2-b8da-4a506cacc1b8|rpc:127.0.0.1:38205|priority:1] returns group-355AF9D2C133:java.util.concurrent.CompletableFuture@72b53ab5[Not completed]
2022-10-13 20:19:43,090 [pool-190-thread-1] INFO  server.RaftServer$Division (RaftServerImpl.java:<init>(190)) - 3ddcf304-85b1-49d2-b8da-4a506cacc1b8: new RaftServerImpl for group-355AF9D2C133:[b33b9c80-8f32-4607-98ae-733684aaa44e|rpc:127.0.0.1:46351|priority:0, 4204fecc-e3eb-437d-ab57-73516eed136b|rpc:127.0.0.1:37675|priority:0, 3ddcf304-85b1-49d2-b8da-4a506cacc1b8|rpc:127.0.0.1:38205|priority:1] with ContainerStateMachine:uninitialized
2022-10-13 20:19:43,090 [pool-190-thread-1] INFO  server.RaftServerConfigKeys (ConfUtils.java:logGet(46)) - raft.server.rpc.timeout.min = 5s (custom)
2022-10-13 20:19:43,090 [pool-190-thread-1] INFO  server.RaftServerConfigKeys (ConfUtils.java:logGet(46)) - raft.server.rpc.timeout.max = 5200ms (custom)
2022-10-13 20:19:43,090 [pool-190-thread-1] INFO  server.RaftServerConfigKeys (ConfUtils.java:logGet(46)) - raft.server.rpc.sleep.time = 25ms (default)
2022-10-13 20:19:43,090 [pool-190-thread-1] INFO  server.RaftServerConfigKeys (ConfUtils.java:logGet(46)) - raft.server.rpc.slowness.timeout = 300s (custom)
2022-10-13 20:19:43,090 [pool-190-thread-1] INFO  server.RaftServerConfigKeys (ConfUtils.java:logGet(46)) - raft.server.leaderelection.leader.step-down.wait-time = 10s (default)
2022-10-13 20:19:43,090 [pool-190-thread-1] INFO  server.RaftServerConfigKeys (ConfUtils.java:logGet(46)) - raft.server.sleep.deviation.threshold = 300ms (default)
2022-10-13 20:19:43,090 [pool-190-thread-1] INFO  server.RaftServer$Division (ServerState.java:<init>(107)) - 3ddcf304-85b1-49d2-b8da-4a506cacc1b8@group-355AF9D2C133: ConfigurationManager, init=-1: [b33b9c80-8f32-4607-98ae-733684aaa44e|rpc:127.0.0.1:46351|priority:0, 4204fecc-e3eb-437d-ab57-73516eed136b|rpc:127.0.0.1:37675|priority:0, 3ddcf304-85b1-49d2-b8da-4a506cacc1b8|rpc:127.0.0.1:38205|priority:1], old=null, confs=<EMPTY_MAP>
2022-10-13 20:19:43,090 [pool-190-thread-1] INFO  server.RaftServerConfigKeys (ConfUtils.java:logGet(46)) - raft.server.storage.dir = [/home/runner/work/ozone/ozone/hadoop-ozone/integration-test/target/test-dir/MiniOzoneClusterImpl-0c33195c-4715-4e74-9207-018c6aa32671/datanode-0/data/ratis] (custom)
2022-10-13 20:19:43,091 [pool-190-thread-1] INFO  server.RaftServerConfigKeys (ConfUtils.java:logGet(46)) - raft.server.log.corruption.policy = EXCEPTION (default)
2022-10-13 20:19:43,091 [pool-190-thread-1] INFO  server.RaftServerConfigKeys (ConfUtils.java:logGet(46)) - raft.server.storage.free-space.min = 0MB (=0) (default)
2022-10-13 20:19:43,091 [pool-190-thread-1] INFO  storage.RaftStorageDirectory (RaftStorageDirectoryImpl.java:analyzeStorage(135)) - The storage directory /home/runner/work/ozone/ozone/hadoop-ozone/integration-test/target/test-dir/MiniOzoneClusterImpl-0c33195c-4715-4e74-9207-018c6aa32671/datanode-0/data/ratis/fd382d7b-fa24-4e8b-b8b9-355af9d2c133 does not exist. Creating ...
2022-10-13 20:19:43,092 [pool-190-thread-1] INFO  storage.RaftStorageDirectory (RaftStorageDirectoryImpl.java:tryLock(230)) - Lock on /home/runner/work/ozone/ozone/hadoop-ozone/integration-test/target/test-dir/MiniOzoneClusterImpl-0c33195c-4715-4e74-9207-018c6aa32671/datanode-0/data/ratis/fd382d7b-fa24-4e8b-b8b9-355af9d2c133/in_use.lock acquired by nodename 2881@fv-az186-171
2022-10-13 20:19:43,093 [pool-190-thread-1] INFO  storage.RaftStorage (RaftStorageImpl.java:format(89)) - Storage directory /home/runner/work/ozone/ozone/hadoop-ozone/integration-test/target/test-dir/MiniOzoneClusterImpl-0c33195c-4715-4e74-9207-018c6aa32671/datanode-0/data/ratis/fd382d7b-fa24-4e8b-b8b9-355af9d2c133 has been successfully formatted.
2022-10-13 20:19:43,094 [pool-190-thread-1] INFO  ratis.ContainerStateMachine (ContainerStateMachine.java:loadSnapshot(236)) - group-355AF9D2C133: The snapshot info is null. Setting the last applied indexto:(t:0, i:~)
2022-10-13 20:19:43,094 [pool-190-thread-1] INFO  server.RaftServerConfigKeys (ConfUtils.java:logGet(46)) - raft.server.notification.no-leader.timeout = 300s (custom)
2022-10-13 20:19:43,100 [pool-190-thread-1] INFO  server.RaftServerConfigKeys (ConfUtils.java:logGet(46)) - raft.server.log.use.memory = false (default)
2022-10-13 20:19:43,101 [pool-190-thread-1] INFO  server.RaftServerConfigKeys (ConfUtils.java:logGet(46)) - raft.server.log.purge.gap = 1000000 (custom)
2022-10-13 20:19:43,101 [pool-190-thread-1] INFO  server.RaftServerConfigKeys (ConfUtils.java:logGet(46)) - raft.server.log.appender.buffer.byte-limit = 33554432 (custom)
2022-10-13 20:19:43,101 [pool-190-thread-1] INFO  server.RaftServerConfigKeys (ConfUtils.java:logGet(46)) - raft.server.log.statemachine.data.read.timeout = 1000ms (default)
2022-10-13 20:19:43,104 [pool-190-thread-1] INFO  server.RaftServerConfigKeys (ConfUtils.java:logGet(46)) - raft.server.log.segment.size.max = 1048576 (custom)
2022-10-13 20:19:43,105 [pool-190-thread-1] INFO  server.RaftServerConfigKeys (ConfUtils.java:logGet(46)) - raft.server.log.segment.cache.num.max = 2 (custom)
2022-10-13 20:19:43,105 [pool-190-thread-1] INFO  server.RaftServerConfigKeys (ConfUtils.java:logGet(46)) - raft.server.log.segment.cache.size.max = 200MB (=209715200) (default)
2022-10-13 20:19:43,108 [EventQueue-OpenPipelineForHealthyPipelineSafeModeRule] INFO  safemode.SCMSafeModeManager (HealthyPipelineSafeModeRule.java:process(137)) - SCM in safe mode. Healthy pipelines reported count is 0, required healthy pipeline reported count is 1
2022-10-13 20:19:43,110 [pool-190-thread-1] INFO  segmented.SegmentedRaftLogWorker (SegmentedRaftLogWorker.java:<init>(187)) - new 3ddcf304-85b1-49d2-b8da-4a506cacc1b8@group-355AF9D2C133-SegmentedRaftLogWorker for RaftStorageImpl:Storage Directory /home/runner/work/ozone/ozone/hadoop-ozone/integration-test/target/test-dir/MiniOzoneClusterImpl-0c33195c-4715-4e74-9207-018c6aa32671/datanode-0/data/ratis/fd382d7b-fa24-4e8b-b8b9-355af9d2c133
2022-10-13 20:19:43,110 [pool-190-thread-1] INFO  server.RaftServerConfigKeys (ConfUtils.java:logGet(46)) - raft.server.log.queue.byte-limit = 4294967296 (custom)
2022-10-13 20:19:43,107 [EventQueue-OpenPipelineForHealthyPipelineSafeModeRule] INFO  safemode.SCMSafeModeManager (HealthyPipelineSafeModeRule.java:process(137)) - SCM in safe mode. Healthy pipelines reported count is 0, required healthy pipeline reported count is 1
2022-10-13 20:19:43,107 [EventQueue-OpenPipelineForHealthyPipelineSafeModeRule] INFO  safemode.SCMSafeModeManager (HealthyPipelineSafeModeRule.java:process(137)) - SCM in safe mode. Healthy pipelines reported count is 0, required healthy pipeline reported count is 1
2022-10-13 20:19:43,110 [pool-190-thread-1] INFO  server.RaftServerConfigKeys (ConfUtils.java:logGet(46)) - raft.server.log.queue.element-limit = 1024 (custom)
2022-10-13 20:19:43,110 [pool-190-thread-1] INFO  server.RaftServerConfigKeys (ConfUtils.java:logGet(46)) - raft.server.log.segment.size.max = 1048576 (custom)
2022-10-13 20:19:43,110 [pool-190-thread-1] INFO  server.RaftServerConfigKeys (ConfUtils.java:logGet(46)) - raft.server.log.preallocated.size = 16384 (custom)
2022-10-13 20:19:43,110 [pool-190-thread-1] INFO  server.RaftServerConfigKeys (ConfUtils.java:logGet(46)) - raft.server.log.force.sync.num = 128 (default)
2022-10-13 20:19:43,110 [pool-190-thread-1] INFO  server.RaftServerConfigKeys (ConfUtils.java:logGet(46)) - raft.server.log.statemachine.data.sync = true (default)
2022-10-13 20:19:43,110 [pool-190-thread-1] INFO  server.RaftServerConfigKeys (ConfUtils.java:logGet(46)) - raft.server.log.statemachine.data.sync.timeout = 10s (default)
2022-10-13 20:19:43,111 [pool-190-thread-1] INFO  server.RaftServerConfigKeys (ConfUtils.java:logGet(46)) - raft.server.log.statemachine.data.sync.timeout.retry = -1 (default)
2022-10-13 20:19:43,116 [pool-190-thread-1] INFO  server.RaftServerConfigKeys (ConfUtils.java:logGet(46)) - raft.server.log.write.buffer.size = 1048576 (custom)
2022-10-13 20:19:43,117 [pool-190-thread-1] INFO  server.RaftServerConfigKeys (ConfUtils.java:logGet(46)) - raft.server.log.unsafe-flush.enabled = false (default)
2022-10-13 20:19:43,117 [pool-190-thread-1] INFO  server.RaftServerConfigKeys (ConfUtils.java:logGet(46)) - raft.server.log.statemachine.data.caching.enabled = true (custom)
2022-10-13 20:19:43,117 [pool-190-thread-1] INFO  segmented.SegmentedRaftLogWorker (SegmentedRaftLogWorker.java:lambda$new$0(135)) - 3ddcf304-85b1-49d2-b8da-4a506cacc1b8@group-355AF9D2C133-SegmentedRaftLogWorker: flushIndex: setUnconditionally 0 -> -1
2022-10-13 20:19:43,118 [pool-190-thread-1] INFO  segmented.SegmentedRaftLogWorker (SegmentedRaftLogWorker.java:lambda$new$0(135)) - 3ddcf304-85b1-49d2-b8da-4a506cacc1b8@group-355AF9D2C133-SegmentedRaftLogWorker: safeCacheEvictIndex: setUnconditionally 0 -> -1
2022-10-13 20:19:43,121 [pool-190-thread-1] INFO  server.RaftServerConfigKeys (ConfUtils.java:logGet(46)) - raft.server.snapshot.auto.trigger.enabled = true (custom)
2022-10-13 20:19:43,121 [pool-190-thread-1] INFO  server.RaftServerConfigKeys (ConfUtils.java:logGet(46)) - raft.server.snapshot.auto.trigger.threshold = 10000 (custom)
2022-10-13 20:19:43,122 [pool-190-thread-1] INFO  server.RaftServerConfigKeys (ConfUtils.java:logGet(46)) - raft.server.snapshot.retention.file.num = 5 (custom)
2022-10-13 20:19:43,122 [pool-190-thread-1] INFO  server.RaftServerConfigKeys (ConfUtils.java:logGet(46)) - raft.server.log.purge.upto.snapshot.index = false (default)
2022-10-13 20:19:43,122 [pool-190-thread-1] INFO  server.RaftServerConfigKeys (ConfUtils.java:logGet(46)) - raft.server.retrycache.expirytime = 600000ms (custom)
2022-10-13 20:19:43,122 [pool-190-thread-1] INFO  server.RaftServerConfigKeys (ConfUtils.java:logGet(46)) - raft.server.retrycache.statistics.expirytime = 100μs (default)
2022-10-13 20:19:43,126 [pool-190-thread-1] INFO  server.RaftServerConfigKeys (ConfUtils.java:logGet(46)) - raft.server.log.appender.install.snapshot.enabled = false (custom)
2022-10-13 20:19:43,126 [pool-190-thread-1] INFO  server.RaftServerConfigKeys (ConfUtils.java:logGet(46)) - raft.server.threadpool.server.cached = true (default)
2022-10-13 20:19:43,126 [pool-190-thread-1] INFO  server.RaftServerConfigKeys (ConfUtils.java:logGet(46)) - raft.server.threadpool.server.size = 0 (default)
2022-10-13 20:19:43,127 [pool-190-thread-1] INFO  server.RaftServerConfigKeys (ConfUtils.java:logGet(46)) - raft.server.threadpool.client.cached = true (default)
2022-10-13 20:19:43,127 [pool-190-thread-1] INFO  server.RaftServerConfigKeys (ConfUtils.java:logGet(46)) - raft.server.threadpool.client.size = 0 (default)
2022-10-13 20:19:43,127 [pool-190-thread-1] INFO  server.RaftServer$Division (RaftServerImpl.java:start(310)) - 3ddcf304-85b1-49d2-b8da-4a506cacc1b8@group-355AF9D2C133: start as a follower, conf=-1: [b33b9c80-8f32-4607-98ae-733684aaa44e|rpc:127.0.0.1:46351|priority:0, 4204fecc-e3eb-437d-ab57-73516eed136b|rpc:127.0.0.1:37675|priority:0, 3ddcf304-85b1-49d2-b8da-4a506cacc1b8|rpc:127.0.0.1:38205|priority:1], old=null
2022-10-13 20:19:43,127 [pool-190-thread-1] INFO  server.RaftServer$Division (RaftServerImpl.java:setRole(299)) - 3ddcf304-85b1-49d2-b8da-4a506cacc1b8@group-355AF9D2C133: changes role from      null to FOLLOWER at term 0 for startAsFollower
2022-10-13 20:19:43,127 [pool-190-thread-1] INFO  impl.RoleInfo (RoleInfo.java:updateAndGet(139)) - 3ddcf304-85b1-49d2-b8da-4a506cacc1b8: start 3ddcf304-85b1-49d2-b8da-4a506cacc1b8@group-355AF9D2C133-FollowerState
2022-10-13 20:19:43,128 [pool-190-thread-1] INFO  util.JmxRegister (JmxRegister.java:tryRegister(44)) - Successfully registered JMX Bean with object name Ratis:service=RaftServer,group=group-355AF9D2C133,id=3ddcf304-85b1-49d2-b8da-4a506cacc1b8
2022-10-13 20:19:43,132 [Command processor thread] INFO  ratis.XceiverServerRatis (XceiverServerRatis.java:addGroup(765)) - Created group PipelineID=fd382d7b-fa24-4e8b-b8b9-355af9d2c133
2022-10-13 20:19:43,156 [pool-240-thread-1] INFO  server.RaftServer$Division (RaftServerImpl.java:<init>(190)) - 4204fecc-e3eb-437d-ab57-73516eed136b: new RaftServerImpl for group-355AF9D2C133:[b33b9c80-8f32-4607-98ae-733684aaa44e|rpc:127.0.0.1:46351|dataStream:|priority:0, 4204fecc-e3eb-437d-ab57-73516eed136b|rpc:127.0.0.1:37675|dataStream:|priority:0, 3ddcf304-85b1-49d2-b8da-4a506cacc1b8|rpc:127.0.0.1:38205|dataStream:|priority:1] with ContainerStateMachine:uninitialized
2022-10-13 20:19:43,156 [grpc-default-executor-2] INFO  server.RaftServer (RaftServerProxy.java:addNew(96)) - 4204fecc-e3eb-437d-ab57-73516eed136b: addNew group-355AF9D2C133:[b33b9c80-8f32-4607-98ae-733684aaa44e|rpc:127.0.0.1:46351|dataStream:|priority:0, 4204fecc-e3eb-437d-ab57-73516eed136b|rpc:127.0.0.1:37675|dataStream:|priority:0, 3ddcf304-85b1-49d2-b8da-4a506cacc1b8|rpc:127.0.0.1:38205|dataStream:|priority:1] returns group-355AF9D2C133:java.util.concurrent.CompletableFuture@7972ef72[Not completed]
2022-10-13 20:19:43,157 [pool-240-thread-1] INFO  server.RaftServerConfigKeys (ConfUtils.java:logGet(46)) - raft.server.rpc.timeout.min = 5s (custom)
2022-10-13 20:19:43,157 [pool-240-thread-1] INFO  server.RaftServerConfigKeys (ConfUtils.java:logGet(46)) - raft.server.rpc.timeout.max = 5200ms (custom)
2022-10-13 20:19:43,157 [pool-240-thread-1] INFO  server.RaftServerConfigKeys (ConfUtils.java:logGet(46)) - raft.server.rpc.sleep.time = 25ms (default)
2022-10-13 20:19:43,157 [pool-240-thread-1] INFO  server.RaftServerConfigKeys (ConfUtils.java:logGet(46)) - raft.server.rpc.slowness.timeout = 300s (custom)
2022-10-13 20:19:43,157 [pool-240-thread-1] INFO  server.RaftServerConfigKeys (ConfUtils.java:logGet(46)) - raft.server.leaderelection.leader.step-down.wait-time = 10s (default)
2022-10-13 20:19:43,157 [pool-240-thread-1] INFO  server.RaftServerConfigKeys (ConfUtils.java:logGet(46)) - raft.server.sleep.deviation.threshold = 300ms (default)
2022-10-13 20:19:43,157 [pool-240-thread-1] INFO  server.RaftServer$Division (ServerState.java:<init>(107)) - 4204fecc-e3eb-437d-ab57-73516eed136b@group-355AF9D2C133: ConfigurationManager, init=-1: [b33b9c80-8f32-4607-98ae-733684aaa44e|rpc:127.0.0.1:46351|dataStream:|priority:0, 4204fecc-e3eb-437d-ab57-73516eed136b|rpc:127.0.0.1:37675|dataStream:|priority:0, 3ddcf304-85b1-49d2-b8da-4a506cacc1b8|rpc:127.0.0.1:38205|dataStream:|priority:1], old=null, confs=<EMPTY_MAP>
2022-10-13 20:19:43,158 [pool-240-thread-1] INFO  server.RaftServerConfigKeys (ConfUtils.java:logGet(46)) - raft.server.storage.dir = [/home/runner/work/ozone/ozone/hadoop-ozone/integration-test/target/test-dir/MiniOzoneClusterImpl-0c33195c-4715-4e74-9207-018c6aa32671/datanode-2/data/ratis] (custom)
2022-10-13 20:19:43,158 [pool-240-thread-1] INFO  server.RaftServerConfigKeys (ConfUtils.java:logGet(46)) - raft.server.log.corruption.policy = EXCEPTION (default)
2022-10-13 20:19:43,158 [pool-240-thread-1] INFO  server.RaftServerConfigKeys (ConfUtils.java:logGet(46)) - raft.server.storage.free-space.min = 0MB (=0) (default)
2022-10-13 20:19:43,158 [pool-240-thread-1] INFO  storage.RaftStorageDirectory (RaftStorageDirectoryImpl.java:analyzeStorage(135)) - The storage directory /home/runner/work/ozone/ozone/hadoop-ozone/integration-test/target/test-dir/MiniOzoneClusterImpl-0c33195c-4715-4e74-9207-018c6aa32671/datanode-2/data/ratis/fd382d7b-fa24-4e8b-b8b9-355af9d2c133 does not exist. Creating ...
2022-10-13 20:19:43,159 [pool-240-thread-1] INFO  storage.RaftStorageDirectory (RaftStorageDirectoryImpl.java:tryLock(230)) - Lock on /home/runner/work/ozone/ozone/hadoop-ozone/integration-test/target/test-dir/MiniOzoneClusterImpl-0c33195c-4715-4e74-9207-018c6aa32671/datanode-2/data/ratis/fd382d7b-fa24-4e8b-b8b9-355af9d2c133/in_use.lock acquired by nodename 2881@fv-az186-171
2022-10-13 20:19:43,161 [pool-240-thread-1] INFO  storage.RaftStorage (RaftStorageImpl.java:format(89)) - Storage directory /home/runner/work/ozone/ozone/hadoop-ozone/integration-test/target/test-dir/MiniOzoneClusterImpl-0c33195c-4715-4e74-9207-018c6aa32671/datanode-2/data/ratis/fd382d7b-fa24-4e8b-b8b9-355af9d2c133 has been successfully formatted.
2022-10-13 20:19:43,161 [pool-240-thread-1] INFO  ratis.ContainerStateMachine (ContainerStateMachine.java:loadSnapshot(236)) - group-355AF9D2C133: The snapshot info is null. Setting the last applied indexto:(t:0, i:~)
2022-10-13 20:19:43,161 [pool-240-thread-1] INFO  server.RaftServerConfigKeys (ConfUtils.java:logGet(46)) - raft.server.notification.no-leader.timeout = 300s (custom)
2022-10-13 20:19:43,161 [pool-240-thread-1] INFO  server.RaftServerConfigKeys (ConfUtils.java:logGet(46)) - raft.server.log.use.memory = false (default)
2022-10-13 20:19:43,162 [pool-240-thread-1] INFO  server.RaftServerConfigKeys (ConfUtils.java:logGet(46)) - raft.server.log.purge.gap = 1000000 (custom)
2022-10-13 20:19:43,162 [pool-240-thread-1] INFO  server.RaftServerConfigKeys (ConfUtils.java:logGet(46)) - raft.server.log.appender.buffer.byte-limit = 33554432 (custom)
2022-10-13 20:19:43,163 [pool-240-thread-1] INFO  server.RaftServerConfigKeys (ConfUtils.java:logGet(46)) - raft.server.log.statemachine.data.read.timeout = 1000ms (default)
2022-10-13 20:19:43,165 [pool-240-thread-1] INFO  server.RaftServerConfigKeys (ConfUtils.java:logGet(46)) - raft.server.log.segment.size.max = 1048576 (custom)
2022-10-13 20:19:43,165 [pool-240-thread-1] INFO  server.RaftServerConfigKeys (ConfUtils.java:logGet(46)) - raft.server.log.segment.cache.num.max = 2 (custom)
2022-10-13 20:19:43,165 [pool-240-thread-1] INFO  server.RaftServerConfigKeys (ConfUtils.java:logGet(46)) - raft.server.log.segment.cache.size.max = 200MB (=209715200) (default)
2022-10-13 20:19:43,165 [pool-240-thread-1] INFO  segmented.SegmentedRaftLogWorker (SegmentedRaftLogWorker.java:<init>(187)) - new 4204fecc-e3eb-437d-ab57-73516eed136b@group-355AF9D2C133-SegmentedRaftLogWorker for RaftStorageImpl:Storage Directory /home/runner/work/ozone/ozone/hadoop-ozone/integration-test/target/test-dir/MiniOzoneClusterImpl-0c33195c-4715-4e74-9207-018c6aa32671/datanode-2/data/ratis/fd382d7b-fa24-4e8b-b8b9-355af9d2c133
2022-10-13 20:19:43,166 [pool-240-thread-1] INFO  server.RaftServerConfigKeys (ConfUtils.java:logGet(46)) - raft.server.log.queue.byte-limit = 4294967296 (custom)
2022-10-13 20:19:43,166 [pool-240-thread-1] INFO  server.RaftServerConfigKeys (ConfUtils.java:logGet(46)) - raft.server.log.queue.element-limit = 1024 (custom)
2022-10-13 20:19:43,166 [pool-240-thread-1] INFO  server.RaftServerConfigKeys (ConfUtils.java:logGet(46)) - raft.server.log.segment.size.max = 1048576 (custom)
2022-10-13 20:19:43,166 [pool-240-thread-1] INFO  server.RaftServerConfigKeys (ConfUtils.java:logGet(46)) - raft.server.log.preallocated.size = 16384 (custom)
2022-10-13 20:19:43,166 [pool-240-thread-1] INFO  server.RaftServerConfigKeys (ConfUtils.java:logGet(46)) - raft.server.log.force.sync.num = 128 (default)
2022-10-13 20:19:43,166 [pool-240-thread-1] INFO  server.RaftServerConfigKeys (ConfUtils.java:logGet(46)) - raft.server.log.statemachine.data.sync = true (default)
2022-10-13 20:19:43,166 [pool-240-thread-1] INFO  server.RaftServerConfigKeys (ConfUtils.java:logGet(46)) - raft.server.log.statemachine.data.sync.timeout = 10s (default)
2022-10-13 20:19:43,166 [pool-240-thread-1] INFO  server.RaftServerConfigKeys (ConfUtils.java:logGet(46)) - raft.server.log.statemachine.data.sync.timeout.retry = -1 (default)
2022-10-13 20:19:43,170 [pool-240-thread-1] INFO  server.RaftServerConfigKeys (ConfUtils.java:logGet(46)) - raft.server.log.write.buffer.size = 1048576 (custom)
2022-10-13 20:19:43,171 [pool-240-thread-1] INFO  server.RaftServerConfigKeys (ConfUtils.java:logGet(46)) - raft.server.log.unsafe-flush.enabled = false (default)
2022-10-13 20:19:43,171 [pool-240-thread-1] INFO  server.RaftServerConfigKeys (ConfUtils.java:logGet(46)) - raft.server.log.statemachine.data.caching.enabled = true (custom)
2022-10-13 20:19:43,171 [pool-240-thread-1] INFO  segmented.SegmentedRaftLogWorker (SegmentedRaftLogWorker.java:lambda$new$0(135)) - 4204fecc-e3eb-437d-ab57-73516eed136b@group-355AF9D2C133-SegmentedRaftLogWorker: flushIndex: setUnconditionally 0 -> -1
2022-10-13 20:19:43,171 [pool-240-thread-1] INFO  segmented.SegmentedRaftLogWorker (SegmentedRaftLogWorker.java:lambda$new$0(135)) - 4204fecc-e3eb-437d-ab57-73516eed136b@group-355AF9D2C133-SegmentedRaftLogWorker: safeCacheEvictIndex: setUnconditionally 0 -> -1
2022-10-13 20:19:43,171 [pool-240-thread-1] INFO  server.RaftServerConfigKeys (ConfUtils.java:logGet(46)) - raft.server.snapshot.auto.trigger.enabled = true (custom)
2022-10-13 20:19:43,171 [pool-240-thread-1] INFO  server.RaftServerConfigKeys (ConfUtils.java:logGet(46)) - raft.server.snapshot.auto.trigger.threshold = 10000 (custom)
2022-10-13 20:19:43,171 [pool-240-thread-1] INFO  server.RaftServerConfigKeys (ConfUtils.java:logGet(46)) - raft.server.snapshot.retention.file.num = 5 (custom)
2022-10-13 20:19:43,171 [pool-240-thread-1] INFO  server.RaftServerConfigKeys (ConfUtils.java:logGet(46)) - raft.server.log.purge.upto.snapshot.index = false (default)
2022-10-13 20:19:43,172 [pool-240-thread-1] INFO  server.RaftServerConfigKeys (ConfUtils.java:logGet(46)) - raft.server.retrycache.expirytime = 600000ms (custom)
2022-10-13 20:19:43,172 [pool-240-thread-1] INFO  server.RaftServerConfigKeys (ConfUtils.java:logGet(46)) - raft.server.retrycache.statistics.expirytime = 100μs (default)
2022-10-13 20:19:43,173 [pool-240-thread-1] INFO  server.RaftServerConfigKeys (ConfUtils.java:logGet(46)) - raft.server.log.appender.install.snapshot.enabled = false (custom)
2022-10-13 20:19:43,173 [pool-240-thread-1] INFO  server.RaftServerConfigKeys (ConfUtils.java:logGet(46)) - raft.server.threadpool.server.cached = true (default)
2022-10-13 20:19:43,173 [pool-240-thread-1] INFO  server.RaftServerConfigKeys (ConfUtils.java:logGet(46)) - raft.server.threadpool.server.size = 0 (default)
2022-10-13 20:19:43,173 [pool-240-thread-1] INFO  server.RaftServerConfigKeys (ConfUtils.java:logGet(46)) - raft.server.threadpool.client.cached = true (default)
2022-10-13 20:19:43,178 [pool-240-thread-1] INFO  server.RaftServerConfigKeys (ConfUtils.java:logGet(46)) - raft.server.threadpool.client.size = 0 (default)
2022-10-13 20:19:43,179 [pool-240-thread-1] INFO  server.RaftServer$Division (RaftServerImpl.java:start(310)) - 4204fecc-e3eb-437d-ab57-73516eed136b@group-355AF9D2C133: start as a follower, conf=-1: [b33b9c80-8f32-4607-98ae-733684aaa44e|rpc:127.0.0.1:46351|dataStream:|priority:0, 4204fecc-e3eb-437d-ab57-73516eed136b|rpc:127.0.0.1:37675|dataStream:|priority:0, 3ddcf304-85b1-49d2-b8da-4a506cacc1b8|rpc:127.0.0.1:38205|dataStream:|priority:1], old=null
2022-10-13 20:19:43,179 [pool-240-thread-1] INFO  server.RaftServer$Division (RaftServerImpl.java:setRole(299)) - 4204fecc-e3eb-437d-ab57-73516eed136b@group-355AF9D2C133: changes role from      null to FOLLOWER at term 0 for startAsFollower
2022-10-13 20:19:43,179 [pool-240-thread-1] INFO  impl.RoleInfo (RoleInfo.java:updateAndGet(139)) - 4204fecc-e3eb-437d-ab57-73516eed136b: start 4204fecc-e3eb-437d-ab57-73516eed136b@group-355AF9D2C133-FollowerState
2022-10-13 20:19:43,179 [pool-240-thread-1] INFO  util.JmxRegister (JmxRegister.java:tryRegister(44)) - Successfully registered JMX Bean with object name Ratis:service=RaftServer,group=group-355AF9D2C133,id=4204fecc-e3eb-437d-ab57-73516eed136b
2022-10-13 20:19:43,182 [Command processor thread] INFO  server.RaftServer (RaftServerProxy.java:addNew(96)) - b33b9c80-8f32-4607-98ae-733684aaa44e: addNew group-D113BDED26A6:[b33b9c80-8f32-4607-98ae-733684aaa44e|rpc:127.0.0.1:46351|priority:1] returns group-D113BDED26A6:java.util.concurrent.CompletableFuture@1f7666ab[Not completed]
2022-10-13 20:19:43,183 [pool-215-thread-1] INFO  server.RaftServer$Division (RaftServerImpl.java:<init>(190)) - b33b9c80-8f32-4607-98ae-733684aaa44e: new RaftServerImpl for group-D113BDED26A6:[b33b9c80-8f32-4607-98ae-733684aaa44e|rpc:127.0.0.1:46351|priority:1] with ContainerStateMachine:uninitialized
2022-10-13 20:19:43,183 [pool-215-thread-1] INFO  server.RaftServerConfigKeys (ConfUtils.java:logGet(46)) - raft.server.rpc.timeout.min = 5s (custom)
2022-10-13 20:19:43,184 [pool-215-thread-1] INFO  server.RaftServerConfigKeys (ConfUtils.java:logGet(46)) - raft.server.rpc.timeout.max = 5200ms (custom)
2022-10-13 20:19:43,184 [pool-215-thread-1] INFO  server.RaftServerConfigKeys (ConfUtils.java:logGet(46)) - raft.server.rpc.sleep.time = 25ms (default)
2022-10-13 20:19:43,184 [pool-215-thread-1] INFO  server.RaftServerConfigKeys (ConfUtils.java:logGet(46)) - raft.server.rpc.slowness.timeout = 300s (custom)
2022-10-13 20:19:43,184 [pool-215-thread-1] INFO  server.RaftServerConfigKeys (ConfUtils.java:logGet(46)) - raft.server.leaderelection.leader.step-down.wait-time = 10s (default)
2022-10-13 20:19:43,184 [pool-215-thread-1] INFO  server.RaftServerConfigKeys (ConfUtils.java:logGet(46)) - raft.server.sleep.deviation.threshold = 300ms (default)
2022-10-13 20:19:43,184 [pool-215-thread-1] INFO  server.RaftServer$Division (ServerState.java:<init>(107)) - b33b9c80-8f32-4607-98ae-733684aaa44e@group-D113BDED26A6: ConfigurationManager, init=-1: [b33b9c80-8f32-4607-98ae-733684aaa44e|rpc:127.0.0.1:46351|priority:1], old=null, confs=<EMPTY_MAP>
2022-10-13 20:19:43,184 [pool-215-thread-1] INFO  server.RaftServerConfigKeys (ConfUtils.java:logGet(46)) - raft.server.storage.dir = [/home/runner/work/ozone/ozone/hadoop-ozone/integration-test/target/test-dir/MiniOzoneClusterImpl-0c33195c-4715-4e74-9207-018c6aa32671/datanode-1/data/ratis] (custom)
2022-10-13 20:19:43,184 [pool-215-thread-1] INFO  server.RaftServerConfigKeys (ConfUtils.java:logGet(46)) - raft.server.log.corruption.policy = EXCEPTION (default)
2022-10-13 20:19:43,184 [pool-215-thread-1] INFO  server.RaftServerConfigKeys (ConfUtils.java:logGet(46)) - raft.server.storage.free-space.min = 0MB (=0) (default)
2022-10-13 20:19:43,184 [pool-215-thread-1] INFO  storage.RaftStorageDirectory (RaftStorageDirectoryImpl.java:analyzeStorage(135)) - The storage directory /home/runner/work/ozone/ozone/hadoop-ozone/integration-test/target/test-dir/MiniOzoneClusterImpl-0c33195c-4715-4e74-9207-018c6aa32671/datanode-1/data/ratis/9b492d2c-6b2c-426a-aa04-d113bded26a6 does not exist. Creating ...
2022-10-13 20:19:43,186 [pool-215-thread-1] INFO  storage.RaftStorageDirectory (RaftStorageDirectoryImpl.java:tryLock(230)) - Lock on /home/runner/work/ozone/ozone/hadoop-ozone/integration-test/target/test-dir/MiniOzoneClusterImpl-0c33195c-4715-4e74-9207-018c6aa32671/datanode-1/data/ratis/9b492d2c-6b2c-426a-aa04-d113bded26a6/in_use.lock acquired by nodename 2881@fv-az186-171
2022-10-13 20:19:43,189 [pool-215-thread-1] INFO  storage.RaftStorage (RaftStorageImpl.java:format(89)) - Storage directory /home/runner/work/ozone/ozone/hadoop-ozone/integration-test/target/test-dir/MiniOzoneClusterImpl-0c33195c-4715-4e74-9207-018c6aa32671/datanode-1/data/ratis/9b492d2c-6b2c-426a-aa04-d113bded26a6 has been successfully formatted.
2022-10-13 20:19:43,191 [pool-215-thread-1] INFO  ratis.ContainerStateMachine (ContainerStateMachine.java:loadSnapshot(236)) - group-D113BDED26A6: The snapshot info is null. Setting the last applied indexto:(t:0, i:~)
2022-10-13 20:19:43,191 [pool-215-thread-1] INFO  server.RaftServerConfigKeys (ConfUtils.java:logGet(46)) - raft.server.notification.no-leader.timeout = 300s (custom)
2022-10-13 20:19:43,191 [pool-215-thread-1] INFO  server.RaftServerConfigKeys (ConfUtils.java:logGet(46)) - raft.server.log.use.memory = false (default)
2022-10-13 20:19:43,192 [pool-215-thread-1] INFO  server.RaftServerConfigKeys (ConfUtils.java:logGet(46)) - raft.server.log.purge.gap = 1000000 (custom)
2022-10-13 20:19:43,192 [pool-215-thread-1] INFO  server.RaftServerConfigKeys (ConfUtils.java:logGet(46)) - raft.server.log.appender.buffer.byte-limit = 33554432 (custom)
2022-10-13 20:19:43,193 [pool-215-thread-1] INFO  server.RaftServerConfigKeys (ConfUtils.java:logGet(46)) - raft.server.log.statemachine.data.read.timeout = 1000ms (default)
2022-10-13 20:19:43,193 [pool-215-thread-1] INFO  server.RaftServerConfigKeys (ConfUtils.java:logGet(46)) - raft.server.log.segment.size.max = 1048576 (custom)
2022-10-13 20:19:43,193 [EventQueue-PipelineReportForPipelineReportHandler] INFO  pipeline.PipelineManagerImpl (PipelineManagerImpl.java:openPipeline(367)) - Pipeline Pipeline[ Id: 9b492d2c-6b2c-426a-aa04-d113bded26a6, Nodes: b33b9c80-8f32-4607-98ae-733684aaa44e{ip: 127.0.0.1, host: localhost, ports: [REPLICATION=36131, RATIS=46351, RATIS_ADMIN=46351, RATIS_SERVER=46351, STANDALONE=46553], networkLocation: /default-rack, certSerialId: null, persistedOpState: IN_SERVICE, persistedOpStateExpiryEpochSec: 0}, ReplicationConfig: RATIS/ONE, State:ALLOCATED, leaderId:b33b9c80-8f32-4607-98ae-733684aaa44e, CreationTimestamp2022-10-13T20:19:40.185Z[Etc/UTC]] moved to OPEN state
2022-10-13 20:19:43,194 [pool-215-thread-1] INFO  server.RaftServerConfigKeys (ConfUtils.java:logGet(46)) - raft.server.log.segment.cache.num.max = 2 (custom)
2022-10-13 20:19:43,194 [pool-215-thread-1] INFO  server.RaftServerConfigKeys (ConfUtils.java:logGet(46)) - raft.server.log.segment.cache.size.max = 200MB (=209715200) (default)
2022-10-13 20:19:43,194 [pool-215-thread-1] INFO  segmented.SegmentedRaftLogWorker (SegmentedRaftLogWorker.java:<init>(187)) - new b33b9c80-8f32-4607-98ae-733684aaa44e@group-D113BDED26A6-SegmentedRaftLogWorker for RaftStorageImpl:Storage Directory /home/runner/work/ozone/ozone/hadoop-ozone/integration-test/target/test-dir/MiniOzoneClusterImpl-0c33195c-4715-4e74-9207-018c6aa32671/datanode-1/data/ratis/9b492d2c-6b2c-426a-aa04-d113bded26a6
2022-10-13 20:19:43,194 [pool-215-thread-1] INFO  server.RaftServerConfigKeys (ConfUtils.java:logGet(46)) - raft.server.log.queue.byte-limit = 4294967296 (custom)
2022-10-13 20:19:43,194 [pool-215-thread-1] INFO  server.RaftServerConfigKeys (ConfUtils.java:logGet(46)) - raft.server.log.queue.element-limit = 1024 (custom)
2022-10-13 20:19:43,194 [pool-215-thread-1] INFO  server.RaftServerConfigKeys (ConfUtils.java:logGet(46)) - raft.server.log.segment.size.max = 1048576 (custom)
2022-10-13 20:19:43,197 [EventQueue-PipelineReportForPipelineReportHandler] INFO  pipeline.PipelineManagerImpl (PipelineManagerImpl.java:openPipeline(367)) - Pipeline Pipeline[ Id: 9b492d2c-6b2c-426a-aa04-d113bded26a6, Nodes: b33b9c80-8f32-4607-98ae-733684aaa44e{ip: 127.0.0.1, host: localhost, ports: [REPLICATION=36131, RATIS=46351, RATIS_ADMIN=46351, RATIS_SERVER=46351, STANDALONE=46553], networkLocation: /default-rack, certSerialId: null, persistedOpState: IN_SERVICE, persistedOpStateExpiryEpochSec: 0}, ReplicationConfig: RATIS/ONE, State:ALLOCATED, leaderId:b33b9c80-8f32-4607-98ae-733684aaa44e, CreationTimestamp2022-10-13T20:19:40.185Z[Etc/UTC]] moved to OPEN state
2022-10-13 20:19:43,197 [EventQueue-PipelineReportForPipelineReportHandler] INFO  pipeline.PipelineManagerImpl (PipelineManagerImpl.java:openPipeline(367)) - Pipeline Pipeline[ Id: 9b492d2c-6b2c-426a-aa04-d113bded26a6, Nodes: b33b9c80-8f32-4607-98ae-733684aaa44e{ip: 127.0.0.1, host: localhost, ports: [REPLICATION=36131, RATIS=46351, RATIS_ADMIN=46351, RATIS_SERVER=46351, STANDALONE=46553], networkLocation: /default-rack, certSerialId: null, persistedOpState: IN_SERVICE, persistedOpStateExpiryEpochSec: 0}, ReplicationConfig: RATIS/ONE, State:ALLOCATED, leaderId:b33b9c80-8f32-4607-98ae-733684aaa44e, CreationTimestamp2022-10-13T20:19:40.185Z[Etc/UTC]] moved to OPEN state
2022-10-13 20:19:43,202 [pool-215-thread-1] INFO  server.RaftServerConfigKeys (ConfUtils.java:logGet(46)) - raft.server.log.preallocated.size = 16384 (custom)
2022-10-13 20:19:43,202 [pool-215-thread-1] INFO  server.RaftServerConfigKeys (ConfUtils.java:logGet(46)) - raft.server.log.force.sync.num = 128 (default)
2022-10-13 20:19:43,202 [pool-215-thread-1] INFO  server.RaftServerConfigKeys (ConfUtils.java:logGet(46)) - raft.server.log.statemachine.data.sync = true (default)
2022-10-13 20:19:43,202 [pool-215-thread-1] INFO  server.RaftServerConfigKeys (ConfUtils.java:logGet(46)) - raft.server.log.statemachine.data.sync.timeout = 10s (default)
2022-10-13 20:19:43,202 [pool-215-thread-1] INFO  server.RaftServerConfigKeys (ConfUtils.java:logGet(46)) - raft.server.log.statemachine.data.sync.timeout.retry = -1 (default)
2022-10-13 20:19:43,222 [e2549e0e-20c3-4590-9573-c43d76d3b17a@group-018C6AA32671-StateMachineUpdater] INFO  safemode.HealthyPipelineSafeModeRule (HealthyPipelineSafeModeRule.java:initializeRule(165)) - Refreshed total pipeline count is 0, healthy pipeline threshold count is 1
2022-10-13 20:19:43,222 [pool-215-thread-1] INFO  server.RaftServerConfigKeys (ConfUtils.java:logGet(46)) - raft.server.log.write.buffer.size = 1048576 (custom)
2022-10-13 20:19:43,222 [EventQueue-OpenPipelineForHealthyPipelineSafeModeRule] INFO  safemode.SCMSafeModeManager (HealthyPipelineSafeModeRule.java:process(137)) - SCM in safe mode. Healthy pipelines reported count is 0, required healthy pipeline reported count is 1
2022-10-13 20:19:43,231 [pool-215-thread-1] INFO  server.RaftServerConfigKeys (ConfUtils.java:logGet(46)) - raft.server.log.unsafe-flush.enabled = false (default)
2022-10-13 20:19:43,231 [pool-215-thread-1] INFO  server.RaftServerConfigKeys (ConfUtils.java:logGet(46)) - raft.server.log.statemachine.data.caching.enabled = true (custom)
2022-10-13 20:19:43,231 [pool-215-thread-1] INFO  segmented.SegmentedRaftLogWorker (SegmentedRaftLogWorker.java:lambda$new$0(135)) - b33b9c80-8f32-4607-98ae-733684aaa44e@group-D113BDED26A6-SegmentedRaftLogWorker: flushIndex: setUnconditionally 0 -> -1
2022-10-13 20:19:43,231 [pool-215-thread-1] INFO  segmented.SegmentedRaftLogWorker (SegmentedRaftLogWorker.java:lambda$new$0(135)) - b33b9c80-8f32-4607-98ae-733684aaa44e@group-D113BDED26A6-SegmentedRaftLogWorker: safeCacheEvictIndex: setUnconditionally 0 -> -1
2022-10-13 20:19:43,238 [pool-215-thread-1] INFO  server.RaftServerConfigKeys (ConfUtils.java:logGet(46)) - raft.server.snapshot.auto.trigger.enabled = true (custom)
2022-10-13 20:19:43,238 [pool-215-thread-1] INFO  server.RaftServerConfigKeys (ConfUtils.java:logGet(46)) - raft.server.snapshot.auto.trigger.threshold = 10000 (custom)
2022-10-13 20:19:43,238 [pool-215-thread-1] INFO  server.RaftServerConfigKeys (ConfUtils.java:logGet(46)) - raft.server.snapshot.retention.file.num = 5 (custom)
2022-10-13 20:19:43,238 [pool-215-thread-1] INFO  server.RaftServerConfigKeys (ConfUtils.java:logGet(46)) - raft.server.log.purge.upto.snapshot.index = false (default)
2022-10-13 20:19:43,238 [pool-215-thread-1] INFO  server.RaftServerConfigKeys (ConfUtils.java:logGet(46)) - raft.server.retrycache.expirytime = 600000ms (custom)
2022-10-13 20:19:43,238 [pool-215-thread-1] INFO  server.RaftServerConfigKeys (ConfUtils.java:logGet(46)) - raft.server.retrycache.statistics.expirytime = 100μs (default)
2022-10-13 20:19:43,239 [07c9e681-1902-448f-876d-c238a5737790@group-018C6AA32671-StateMachineUpdater] INFO  safemode.HealthyPipelineSafeModeRule (HealthyPipelineSafeModeRule.java:initializeRule(165)) - Refreshed total pipeline count is 0, healthy pipeline threshold count is 1
2022-10-13 20:19:43,240 [pool-215-thread-1] INFO  server.RaftServerConfigKeys (ConfUtils.java:logGet(46)) - raft.server.log.appender.install.snapshot.enabled = false (custom)
2022-10-13 20:19:43,240 [pool-215-thread-1] INFO  server.RaftServerConfigKeys (ConfUtils.java:logGet(46)) - raft.server.threadpool.server.cached = true (default)
2022-10-13 20:19:43,240 [pool-215-thread-1] INFO  server.RaftServerConfigKeys (ConfUtils.java:logGet(46)) - raft.server.threadpool.server.size = 0 (default)
2022-10-13 20:19:43,240 [pool-215-thread-1] INFO  server.RaftServerConfigKeys (ConfUtils.java:logGet(46)) - raft.server.threadpool.client.cached = true (default)
2022-10-13 20:19:43,240 [pool-215-thread-1] INFO  server.RaftServerConfigKeys (ConfUtils.java:logGet(46)) - raft.server.threadpool.client.size = 0 (default)
2022-10-13 20:19:43,240 [pool-215-thread-1] INFO  server.RaftServer$Division (RaftServerImpl.java:start(310)) - b33b9c80-8f32-4607-98ae-733684aaa44e@group-D113BDED26A6: start as a follower, conf=-1: [b33b9c80-8f32-4607-98ae-733684aaa44e|rpc:127.0.0.1:46351|priority:1], old=null
2022-10-13 20:19:43,240 [pool-215-thread-1] INFO  server.RaftServer$Division (RaftServerImpl.java:setRole(299)) - b33b9c80-8f32-4607-98ae-733684aaa44e@group-D113BDED26A6: changes role from      null to FOLLOWER at term 0 for startAsFollower
2022-10-13 20:19:43,240 [pool-215-thread-1] INFO  impl.RoleInfo (RoleInfo.java:updateAndGet(139)) - b33b9c80-8f32-4607-98ae-733684aaa44e: start b33b9c80-8f32-4607-98ae-733684aaa44e@group-D113BDED26A6-FollowerState
2022-10-13 20:19:43,242 [pool-215-thread-1] INFO  util.JmxRegister (JmxRegister.java:tryRegister(44)) - Successfully registered JMX Bean with object name Ratis:service=RaftServer,group=group-D113BDED26A6,id=b33b9c80-8f32-4607-98ae-733684aaa44e
2022-10-13 20:19:43,243 [Command processor thread] INFO  ratis.XceiverServerRatis (XceiverServerRatis.java:addGroup(765)) - Created group PipelineID=9b492d2c-6b2c-426a-aa04-d113bded26a6
2022-10-13 20:19:43,243 [Command processor thread] INFO  commandhandler.CreatePipelineCommandHandler (CreatePipelineCommandHandler.java:handle(113)) - Created Pipeline RATIS ONE PipelineID=9b492d2c-6b2c-426a-aa04-d113bded26a6.
2022-10-13 20:19:43,245 [Command processor thread] INFO  server.RaftServer (RaftServerProxy.java:addNew(96)) - b33b9c80-8f32-4607-98ae-733684aaa44e: addNew group-355AF9D2C133:[b33b9c80-8f32-4607-98ae-733684aaa44e|rpc:127.0.0.1:46351|priority:0, 4204fecc-e3eb-437d-ab57-73516eed136b|rpc:127.0.0.1:37675|priority:0, 3ddcf304-85b1-49d2-b8da-4a506cacc1b8|rpc:127.0.0.1:38205|priority:1] returns group-355AF9D2C133:java.util.concurrent.CompletableFuture@11b19b35[Not completed]
2022-10-13 20:19:43,246 [pool-215-thread-1] INFO  server.RaftServer$Division (RaftServerImpl.java:<init>(190)) - b33b9c80-8f32-4607-98ae-733684aaa44e: new RaftServerImpl for group-355AF9D2C133:[b33b9c80-8f32-4607-98ae-733684aaa44e|rpc:127.0.0.1:46351|priority:0, 4204fecc-e3eb-437d-ab57-73516eed136b|rpc:127.0.0.1:37675|priority:0, 3ddcf304-85b1-49d2-b8da-4a506cacc1b8|rpc:127.0.0.1:38205|priority:1] with ContainerStateMachine:uninitialized
2022-10-13 20:19:43,246 [pool-215-thread-1] INFO  server.RaftServerConfigKeys (ConfUtils.java:logGet(46)) - raft.server.rpc.timeout.min = 5s (custom)
2022-10-13 20:19:43,246 [pool-215-thread-1] INFO  server.RaftServerConfigKeys (ConfUtils.java:logGet(46)) - raft.server.rpc.timeout.max = 5200ms (custom)
2022-10-13 20:19:43,246 [pool-215-thread-1] INFO  server.RaftServerConfigKeys (ConfUtils.java:logGet(46)) - raft.server.rpc.sleep.time = 25ms (default)
2022-10-13 20:19:43,246 [pool-215-thread-1] INFO  server.RaftServerConfigKeys (ConfUtils.java:logGet(46)) - raft.server.rpc.slowness.timeout = 300s (custom)
2022-10-13 20:19:43,246 [pool-215-thread-1] INFO  server.RaftServerConfigKeys (ConfUtils.java:logGet(46)) - raft.server.leaderelection.leader.step-down.wait-time = 10s (default)
2022-10-13 20:19:43,246 [pool-215-thread-1] INFO  server.RaftServerConfigKeys (ConfUtils.java:logGet(46)) - raft.server.sleep.deviation.threshold = 300ms (default)
2022-10-13 20:19:43,246 [pool-215-thread-1] INFO  server.RaftServer$Division (ServerState.java:<init>(107)) - b33b9c80-8f32-4607-98ae-733684aaa44e@group-355AF9D2C133: ConfigurationManager, init=-1: [b33b9c80-8f32-4607-98ae-733684aaa44e|rpc:127.0.0.1:46351|priority:0, 4204fecc-e3eb-437d-ab57-73516eed136b|rpc:127.0.0.1:37675|priority:0, 3ddcf304-85b1-49d2-b8da-4a506cacc1b8|rpc:127.0.0.1:38205|priority:1], old=null, confs=<EMPTY_MAP>
2022-10-13 20:19:43,247 [pool-215-thread-1] INFO  server.RaftServerConfigKeys (ConfUtils.java:logGet(46)) - raft.server.storage.dir = [/home/runner/work/ozone/ozone/hadoop-ozone/integration-test/target/test-dir/MiniOzoneClusterImpl-0c33195c-4715-4e74-9207-018c6aa32671/datanode-1/data/ratis] (custom)
2022-10-13 20:19:43,247 [pool-215-thread-1] INFO  server.RaftServerConfigKeys (ConfUtils.java:logGet(46)) - raft.server.log.corruption.policy = EXCEPTION (default)
2022-10-13 20:19:43,247 [pool-215-thread-1] INFO  server.RaftServerConfigKeys (ConfUtils.java:logGet(46)) - raft.server.storage.free-space.min = 0MB (=0) (default)
2022-10-13 20:19:43,247 [pool-215-thread-1] INFO  storage.RaftStorageDirectory (RaftStorageDirectoryImpl.java:analyzeStorage(135)) - The storage directory /home/runner/work/ozone/ozone/hadoop-ozone/integration-test/target/test-dir/MiniOzoneClusterImpl-0c33195c-4715-4e74-9207-018c6aa32671/datanode-1/data/ratis/fd382d7b-fa24-4e8b-b8b9-355af9d2c133 does not exist. Creating ...
2022-10-13 20:19:43,254 [aa1de7e1-092b-4c10-ba41-bafadd24aa7a@group-018C6AA32671-StateMachineUpdater] INFO  safemode.HealthyPipelineSafeModeRule (HealthyPipelineSafeModeRule.java:initializeRule(165)) - Refreshed total pipeline count is 0, healthy pipeline threshold count is 1
2022-10-13 20:19:43,260 [pool-215-thread-1] INFO  storage.RaftStorageDirectory (RaftStorageDirectoryImpl.java:tryLock(230)) - Lock on /home/runner/work/ozone/ozone/hadoop-ozone/integration-test/target/test-dir/MiniOzoneClusterImpl-0c33195c-4715-4e74-9207-018c6aa32671/datanode-1/data/ratis/fd382d7b-fa24-4e8b-b8b9-355af9d2c133/in_use.lock acquired by nodename 2881@fv-az186-171
2022-10-13 20:19:43,263 [pool-215-thread-1] INFO  storage.RaftStorage (RaftStorageImpl.java:format(89)) - Storage directory /home/runner/work/ozone/ozone/hadoop-ozone/integration-test/target/test-dir/MiniOzoneClusterImpl-0c33195c-4715-4e74-9207-018c6aa32671/datanode-1/data/ratis/fd382d7b-fa24-4e8b-b8b9-355af9d2c133 has been successfully formatted.
2022-10-13 20:19:43,264 [pool-215-thread-1] INFO  ratis.ContainerStateMachine (ContainerStateMachine.java:loadSnapshot(236)) - group-355AF9D2C133: The snapshot info is null. Setting the last applied indexto:(t:0, i:~)
2022-10-13 20:19:43,264 [pool-215-thread-1] INFO  server.RaftServerConfigKeys (ConfUtils.java:logGet(46)) - raft.server.notification.no-leader.timeout = 300s (custom)
2022-10-13 20:19:43,264 [pool-215-thread-1] INFO  server.RaftServerConfigKeys (ConfUtils.java:logGet(46)) - raft.server.log.use.memory = false (default)
2022-10-13 20:19:43,264 [pool-215-thread-1] INFO  server.RaftServerConfigKeys (ConfUtils.java:logGet(46)) - raft.server.log.purge.gap = 1000000 (custom)
2022-10-13 20:19:43,264 [pool-215-thread-1] INFO  server.RaftServerConfigKeys (ConfUtils.java:logGet(46)) - raft.server.log.appender.buffer.byte-limit = 33554432 (custom)
2022-10-13 20:19:43,264 [pool-215-thread-1] INFO  server.RaftServerConfigKeys (ConfUtils.java:logGet(46)) - raft.server.log.statemachine.data.read.timeout = 1000ms (default)
2022-10-13 20:19:43,265 [pool-215-thread-1] INFO  server.RaftServerConfigKeys (ConfUtils.java:logGet(46)) - raft.server.log.segment.size.max = 1048576 (custom)
2022-10-13 20:19:43,265 [pool-215-thread-1] INFO  server.RaftServerConfigKeys (ConfUtils.java:logGet(46)) - raft.server.log.segment.cache.num.max = 2 (custom)
2022-10-13 20:19:43,266 [pool-215-thread-1] INFO  server.RaftServerConfigKeys (ConfUtils.java:logGet(46)) - raft.server.log.segment.cache.size.max = 200MB (=209715200) (default)
2022-10-13 20:19:43,266 [pool-215-thread-1] INFO  segmented.SegmentedRaftLogWorker (SegmentedRaftLogWorker.java:<init>(187)) - new b33b9c80-8f32-4607-98ae-733684aaa44e@group-355AF9D2C133-SegmentedRaftLogWorker for RaftStorageImpl:Storage Directory /home/runner/work/ozone/ozone/hadoop-ozone/integration-test/target/test-dir/MiniOzoneClusterImpl-0c33195c-4715-4e74-9207-018c6aa32671/datanode-1/data/ratis/fd382d7b-fa24-4e8b-b8b9-355af9d2c133
2022-10-13 20:19:43,266 [pool-215-thread-1] INFO  server.RaftServerConfigKeys (ConfUtils.java:logGet(46)) - raft.server.log.queue.byte-limit = 4294967296 (custom)
2022-10-13 20:19:43,266 [pool-215-thread-1] INFO  server.RaftServerConfigKeys (ConfUtils.java:logGet(46)) - raft.server.log.queue.element-limit = 1024 (custom)
2022-10-13 20:19:43,266 [pool-215-thread-1] INFO  server.RaftServerConfigKeys (ConfUtils.java:logGet(46)) - raft.server.log.segment.size.max = 1048576 (custom)
2022-10-13 20:19:43,266 [pool-215-thread-1] INFO  server.RaftServerConfigKeys (ConfUtils.java:logGet(46)) - raft.server.log.preallocated.size = 16384 (custom)
2022-10-13 20:19:43,266 [pool-215-thread-1] INFO  server.RaftServerConfigKeys (ConfUtils.java:logGet(46)) - raft.server.log.force.sync.num = 128 (default)
2022-10-13 20:19:43,266 [pool-215-thread-1] INFO  server.RaftServerConfigKeys (ConfUtils.java:logGet(46)) - raft.server.log.statemachine.data.sync = true (default)
2022-10-13 20:19:43,266 [pool-215-thread-1] INFO  server.RaftServerConfigKeys (ConfUtils.java:logGet(46)) - raft.server.log.statemachine.data.sync.timeout = 10s (default)
2022-10-13 20:19:43,266 [pool-215-thread-1] INFO  server.RaftServerConfigKeys (ConfUtils.java:logGet(46)) - raft.server.log.statemachine.data.sync.timeout.retry = -1 (default)
2022-10-13 20:19:43,267 [pool-215-thread-1] INFO  server.RaftServerConfigKeys (ConfUtils.java:logGet(46)) - raft.server.log.write.buffer.size = 1048576 (custom)
2022-10-13 20:19:43,267 [pool-215-thread-1] INFO  server.RaftServerConfigKeys (ConfUtils.java:logGet(46)) - raft.server.log.unsafe-flush.enabled = false (default)
2022-10-13 20:19:43,267 [pool-215-thread-1] INFO  server.RaftServerConfigKeys (ConfUtils.java:logGet(46)) - raft.server.log.statemachine.data.caching.enabled = true (custom)
2022-10-13 20:19:43,268 [pool-215-thread-1] INFO  segmented.SegmentedRaftLogWorker (SegmentedRaftLogWorker.java:lambda$new$0(135)) - b33b9c80-8f32-4607-98ae-733684aaa44e@group-355AF9D2C133-SegmentedRaftLogWorker: flushIndex: setUnconditionally 0 -> -1
2022-10-13 20:19:43,268 [pool-215-thread-1] INFO  segmented.SegmentedRaftLogWorker (SegmentedRaftLogWorker.java:lambda$new$0(135)) - b33b9c80-8f32-4607-98ae-733684aaa44e@group-355AF9D2C133-SegmentedRaftLogWorker: safeCacheEvictIndex: setUnconditionally 0 -> -1
2022-10-13 20:19:43,271 [EventQueue-OpenPipelineForHealthyPipelineSafeModeRule] INFO  safemode.SCMSafeModeManager (HealthyPipelineSafeModeRule.java:process(137)) - SCM in safe mode. Healthy pipelines reported count is 0, required healthy pipeline reported count is 1
2022-10-13 20:19:43,272 [EventQueue-OpenPipelineForHealthyPipelineSafeModeRule] INFO  safemode.SCMSafeModeManager (HealthyPipelineSafeModeRule.java:process(137)) - SCM in safe mode. Healthy pipelines reported count is 0, required healthy pipeline reported count is 1
2022-10-13 20:19:43,276 [pool-215-thread-1] INFO  server.RaftServerConfigKeys (ConfUtils.java:logGet(46)) - raft.server.snapshot.auto.trigger.enabled = true (custom)
2022-10-13 20:19:43,276 [pool-215-thread-1] INFO  server.RaftServerConfigKeys (ConfUtils.java:logGet(46)) - raft.server.snapshot.auto.trigger.threshold = 10000 (custom)
2022-10-13 20:19:43,276 [pool-215-thread-1] INFO  server.RaftServerConfigKeys (ConfUtils.java:logGet(46)) - raft.server.snapshot.retention.file.num = 5 (custom)
2022-10-13 20:19:43,276 [pool-215-thread-1] INFO  server.RaftServerConfigKeys (ConfUtils.java:logGet(46)) - raft.server.log.purge.upto.snapshot.index = false (default)
2022-10-13 20:19:43,277 [EventQueue-OpenPipelineForHealthyPipelineSafeModeRule] INFO  safemode.SCMSafeModeManager (HealthyPipelineSafeModeRule.java:process(137)) - SCM in safe mode. Healthy pipelines reported count is 0, required healthy pipeline reported count is 1
2022-10-13 20:19:43,280 [pool-215-thread-1] INFO  server.RaftServerConfigKeys (ConfUtils.java:logGet(46)) - raft.server.retrycache.expirytime = 600000ms (custom)
2022-10-13 20:19:43,280 [pool-215-thread-1] INFO  server.RaftServerConfigKeys (ConfUtils.java:logGet(46)) - raft.server.retrycache.statistics.expirytime = 100μs (default)
2022-10-13 20:19:43,281 [pool-215-thread-1] INFO  server.RaftServerConfigKeys (ConfUtils.java:logGet(46)) - raft.server.log.appender.install.snapshot.enabled = false (custom)
2022-10-13 20:19:43,281 [pool-215-thread-1] INFO  server.RaftServerConfigKeys (ConfUtils.java:logGet(46)) - raft.server.threadpool.server.cached = true (default)
2022-10-13 20:19:43,282 [pool-215-thread-1] INFO  server.RaftServerConfigKeys (ConfUtils.java:logGet(46)) - raft.server.threadpool.server.size = 0 (default)
2022-10-13 20:19:43,282 [pool-215-thread-1] INFO  server.RaftServerConfigKeys (ConfUtils.java:logGet(46)) - raft.server.threadpool.client.cached = true (default)
2022-10-13 20:19:43,282 [pool-215-thread-1] INFO  server.RaftServerConfigKeys (ConfUtils.java:logGet(46)) - raft.server.threadpool.client.size = 0 (default)
2022-10-13 20:19:43,282 [pool-215-thread-1] INFO  server.RaftServer$Division (RaftServerImpl.java:start(310)) - b33b9c80-8f32-4607-98ae-733684aaa44e@group-355AF9D2C133: start as a follower, conf=-1: [b33b9c80-8f32-4607-98ae-733684aaa44e|rpc:127.0.0.1:46351|priority:0, 4204fecc-e3eb-437d-ab57-73516eed136b|rpc:127.0.0.1:37675|priority:0, 3ddcf304-85b1-49d2-b8da-4a506cacc1b8|rpc:127.0.0.1:38205|priority:1], old=null
2022-10-13 20:19:43,282 [pool-215-thread-1] INFO  server.RaftServer$Division (RaftServerImpl.java:setRole(299)) - b33b9c80-8f32-4607-98ae-733684aaa44e@group-355AF9D2C133: changes role from      null to FOLLOWER at term 0 for startAsFollower
2022-10-13 20:19:43,282 [pool-215-thread-1] INFO  impl.RoleInfo (RoleInfo.java:updateAndGet(139)) - b33b9c80-8f32-4607-98ae-733684aaa44e: start b33b9c80-8f32-4607-98ae-733684aaa44e@group-355AF9D2C133-FollowerState
2022-10-13 20:19:43,287 [pool-215-thread-1] INFO  util.JmxRegister (JmxRegister.java:tryRegister(44)) - Successfully registered JMX Bean with object name Ratis:service=RaftServer,group=group-355AF9D2C133,id=b33b9c80-8f32-4607-98ae-733684aaa44e
2022-10-13 20:19:43,293 [Command processor thread] INFO  ratis.XceiverServerRatis (XceiverServerRatis.java:addGroup(765)) - Created group PipelineID=fd382d7b-fa24-4e8b-b8b9-355af9d2c133
2022-10-13 20:19:43,314 [Command processor thread] INFO  commandhandler.CreatePipelineCommandHandler (CreatePipelineCommandHandler.java:handle(113)) - Created Pipeline RATIS THREE PipelineID=fd382d7b-fa24-4e8b-b8b9-355af9d2c133.
2022-10-13 20:19:43,380 [Command processor thread] INFO  commandhandler.CreatePipelineCommandHandler (CreatePipelineCommandHandler.java:handle(113)) - Created Pipeline RATIS THREE PipelineID=fd382d7b-fa24-4e8b-b8b9-355af9d2c133.
2022-10-13 20:19:43,542 [Command processor thread] INFO  server.RaftServer (RaftServerProxy.java:addNew(96)) - 4204fecc-e3eb-437d-ab57-73516eed136b: addNew group-EB8C396807BF:[4204fecc-e3eb-437d-ab57-73516eed136b|rpc:127.0.0.1:37675|priority:1] returns group-EB8C396807BF:java.util.concurrent.CompletableFuture@39c64003[Not completed]
2022-10-13 20:19:43,543 [pool-240-thread-1] INFO  server.RaftServer$Division (RaftServerImpl.java:<init>(190)) - 4204fecc-e3eb-437d-ab57-73516eed136b: new RaftServerImpl for group-EB8C396807BF:[4204fecc-e3eb-437d-ab57-73516eed136b|rpc:127.0.0.1:37675|priority:1] with ContainerStateMachine:uninitialized
2022-10-13 20:19:43,544 [pool-240-thread-1] INFO  server.RaftServerConfigKeys (ConfUtils.java:logGet(46)) - raft.server.rpc.timeout.min = 5s (custom)
2022-10-13 20:19:43,544 [pool-240-thread-1] INFO  server.RaftServerConfigKeys (ConfUtils.java:logGet(46)) - raft.server.rpc.timeout.max = 5200ms (custom)
2022-10-13 20:19:43,544 [pool-240-thread-1] INFO  server.RaftServerConfigKeys (ConfUtils.java:logGet(46)) - raft.server.rpc.sleep.time = 25ms (default)
2022-10-13 20:19:43,544 [pool-240-thread-1] INFO  server.RaftServerConfigKeys (ConfUtils.java:logGet(46)) - raft.server.rpc.slowness.timeout = 300s (custom)
2022-10-13 20:19:43,544 [pool-240-thread-1] INFO  server.RaftServerConfigKeys (ConfUtils.java:logGet(46)) - raft.server.leaderelection.leader.step-down.wait-time = 10s (default)
2022-10-13 20:19:43,544 [pool-240-thread-1] INFO  server.RaftServerConfigKeys (ConfUtils.java:logGet(46)) - raft.server.sleep.deviation.threshold = 300ms (default)
2022-10-13 20:19:43,544 [pool-240-thread-1] INFO  server.RaftServer$Division (ServerState.java:<init>(107)) - 4204fecc-e3eb-437d-ab57-73516eed136b@group-EB8C396807BF: ConfigurationManager, init=-1: [4204fecc-e3eb-437d-ab57-73516eed136b|rpc:127.0.0.1:37675|priority:1], old=null, confs=<EMPTY_MAP>
2022-10-13 20:19:43,544 [pool-240-thread-1] INFO  server.RaftServerConfigKeys (ConfUtils.java:logGet(46)) - raft.server.storage.dir = [/home/runner/work/ozone/ozone/hadoop-ozone/integration-test/target/test-dir/MiniOzoneClusterImpl-0c33195c-4715-4e74-9207-018c6aa32671/datanode-2/data/ratis] (custom)
2022-10-13 20:19:43,544 [pool-240-thread-1] INFO  server.RaftServerConfigKeys (ConfUtils.java:logGet(46)) - raft.server.log.corruption.policy = EXCEPTION (default)
2022-10-13 20:19:43,544 [pool-240-thread-1] INFO  server.RaftServerConfigKeys (ConfUtils.java:logGet(46)) - raft.server.storage.free-space.min = 0MB (=0) (default)
2022-10-13 20:19:43,545 [Listener at 127.0.0.1/34689] INFO  ozone.MiniOzoneClusterImpl (MiniOzoneClusterImpl.java:lambda$waitForClusterToBeReady$0(216)) - Nodes are ready. Got 3 of 3 DN Heartbeats.
2022-10-13 20:19:43,545 [Listener at 127.0.0.1/34689] INFO  ozone.MiniOzoneClusterImpl (MiniOzoneClusterImpl.java:lambda$waitForClusterToBeReady$0(219)) - Waiting for cluster to exit safe mode
2022-10-13 20:19:43,545 [Listener at 127.0.0.1/34689] INFO  ozone.MiniOzoneClusterImpl (MiniOzoneClusterImpl.java:lambda$waitForClusterToBeReady$0(221)) - SCM became leader
2022-10-13 20:19:43,546 [pool-240-thread-1] INFO  storage.RaftStorageDirectory (RaftStorageDirectoryImpl.java:analyzeStorage(135)) - The storage directory /home/runner/work/ozone/ozone/hadoop-ozone/integration-test/target/test-dir/MiniOzoneClusterImpl-0c33195c-4715-4e74-9207-018c6aa32671/datanode-2/data/ratis/cf99af9f-7f22-4373-8c0a-eb8c396807bf does not exist. Creating ...
2022-10-13 20:19:43,547 [pool-240-thread-1] INFO  storage.RaftStorageDirectory (RaftStorageDirectoryImpl.java:tryLock(230)) - Lock on /home/runner/work/ozone/ozone/hadoop-ozone/integration-test/target/test-dir/MiniOzoneClusterImpl-0c33195c-4715-4e74-9207-018c6aa32671/datanode-2/data/ratis/cf99af9f-7f22-4373-8c0a-eb8c396807bf/in_use.lock acquired by nodename 2881@fv-az186-171
2022-10-13 20:19:43,550 [pool-240-thread-1] INFO  storage.RaftStorage (RaftStorageImpl.java:format(89)) - Storage directory /home/runner/work/ozone/ozone/hadoop-ozone/integration-test/target/test-dir/MiniOzoneClusterImpl-0c33195c-4715-4e74-9207-018c6aa32671/datanode-2/data/ratis/cf99af9f-7f22-4373-8c0a-eb8c396807bf has been successfully formatted.
2022-10-13 20:19:43,550 [pool-240-thread-1] INFO  ratis.ContainerStateMachine (ContainerStateMachine.java:loadSnapshot(236)) - group-EB8C396807BF: The snapshot info is null. Setting the last applied indexto:(t:0, i:~)
2022-10-13 20:19:43,550 [pool-240-thread-1] INFO  server.RaftServerConfigKeys (ConfUtils.java:logGet(46)) - raft.server.notification.no-leader.timeout = 300s (custom)
2022-10-13 20:19:43,551 [pool-240-thread-1] INFO  server.RaftServerConfigKeys (ConfUtils.java:logGet(46)) - raft.server.log.use.memory = false (default)
2022-10-13 20:19:43,551 [pool-240-thread-1] INFO  server.RaftServerConfigKeys (ConfUtils.java:logGet(46)) - raft.server.log.purge.gap = 1000000 (custom)
2022-10-13 20:19:43,551 [pool-240-thread-1] INFO  server.RaftServerConfigKeys (ConfUtils.java:logGet(46)) - raft.server.log.appender.buffer.byte-limit = 33554432 (custom)
2022-10-13 20:19:43,551 [pool-240-thread-1] INFO  server.RaftServerConfigKeys (ConfUtils.java:logGet(46)) - raft.server.log.statemachine.data.read.timeout = 1000ms (default)
2022-10-13 20:19:43,554 [EventQueue-PipelineReportForPipelineReportHandler] INFO  pipeline.PipelineManagerImpl (PipelineManagerImpl.java:openPipeline(367)) - Pipeline Pipeline[ Id: cf99af9f-7f22-4373-8c0a-eb8c396807bf, Nodes: 4204fecc-e3eb-437d-ab57-73516eed136b{ip: 127.0.0.1, host: localhost, ports: [REPLICATION=41723, RATIS=37675, RATIS_ADMIN=37675, RATIS_SERVER=37675, STANDALONE=35545], networkLocation: /default-rack, certSerialId: null, persistedOpState: IN_SERVICE, persistedOpStateExpiryEpochSec: 0}, ReplicationConfig: RATIS/ONE, State:ALLOCATED, leaderId:4204fecc-e3eb-437d-ab57-73516eed136b, CreationTimestamp2022-10-13T20:19:40.547Z[Etc/UTC]] moved to OPEN state
2022-10-13 20:19:43,554 [EventQueue-PipelineReportForPipelineReportHandler] INFO  pipeline.PipelineManagerImpl (PipelineManagerImpl.java:openPipeline(367)) - Pipeline Pipeline[ Id: cf99af9f-7f22-4373-8c0a-eb8c396807bf, Nodes: 4204fecc-e3eb-437d-ab57-73516eed136b{ip: 127.0.0.1, host: localhost, ports: [REPLICATION=41723, RATIS=37675, RATIS_ADMIN=37675, RATIS_SERVER=37675, STANDALONE=35545], networkLocation: /default-rack, certSerialId: null, persistedOpState: IN_SERVICE, persistedOpStateExpiryEpochSec: 0}, ReplicationConfig: RATIS/ONE, State:ALLOCATED, leaderId:4204fecc-e3eb-437d-ab57-73516eed136b, CreationTimestamp2022-10-13T20:19:40.547Z[Etc/UTC]] moved to OPEN state
2022-10-13 20:19:43,559 [EventQueue-PipelineReportForPipelineReportHandler] INFO  pipeline.PipelineManagerImpl (PipelineManagerImpl.java:openPipeline(367)) - Pipeline Pipeline[ Id: cf99af9f-7f22-4373-8c0a-eb8c396807bf, Nodes: 4204fecc-e3eb-437d-ab57-73516eed136b{ip: 127.0.0.1, host: localhost, ports: [REPLICATION=41723, RATIS=37675, RATIS_ADMIN=37675, RATIS_SERVER=37675, STANDALONE=35545], networkLocation: /default-rack, certSerialId: null, persistedOpState: IN_SERVICE, persistedOpStateExpiryEpochSec: 0}, ReplicationConfig: RATIS/ONE, State:ALLOCATED, leaderId:4204fecc-e3eb-437d-ab57-73516eed136b, CreationTimestamp2022-10-13T20:19:40.547Z[Etc/UTC]] moved to OPEN state
2022-10-13 20:19:43,560 [pool-240-thread-1] INFO  server.RaftServerConfigKeys (ConfUtils.java:logGet(46)) - raft.server.log.segment.size.max = 1048576 (custom)
2022-10-13 20:19:43,560 [pool-240-thread-1] INFO  server.RaftServerConfigKeys (ConfUtils.java:logGet(46)) - raft.server.log.segment.cache.num.max = 2 (custom)
2022-10-13 20:19:43,560 [pool-240-thread-1] INFO  server.RaftServerConfigKeys (ConfUtils.java:logGet(46)) - raft.server.log.segment.cache.size.max = 200MB (=209715200) (default)
2022-10-13 20:19:43,560 [pool-240-thread-1] INFO  segmented.SegmentedRaftLogWorker (SegmentedRaftLogWorker.java:<init>(187)) - new 4204fecc-e3eb-437d-ab57-73516eed136b@group-EB8C396807BF-SegmentedRaftLogWorker for RaftStorageImpl:Storage Directory /home/runner/work/ozone/ozone/hadoop-ozone/integration-test/target/test-dir/MiniOzoneClusterImpl-0c33195c-4715-4e74-9207-018c6aa32671/datanode-2/data/ratis/cf99af9f-7f22-4373-8c0a-eb8c396807bf
2022-10-13 20:19:43,560 [pool-240-thread-1] INFO  server.RaftServerConfigKeys (ConfUtils.java:logGet(46)) - raft.server.log.queue.byte-limit = 4294967296 (custom)
2022-10-13 20:19:43,561 [pool-240-thread-1] INFO  server.RaftServerConfigKeys (ConfUtils.java:logGet(46)) - raft.server.log.queue.element-limit = 1024 (custom)
2022-10-13 20:19:43,561 [pool-240-thread-1] INFO  server.RaftServerConfigKeys (ConfUtils.java:logGet(46)) - raft.server.log.segment.size.max = 1048576 (custom)
2022-10-13 20:19:43,561 [pool-240-thread-1] INFO  server.RaftServerConfigKeys (ConfUtils.java:logGet(46)) - raft.server.log.preallocated.size = 16384 (custom)
2022-10-13 20:19:43,561 [pool-240-thread-1] INFO  server.RaftServerConfigKeys (ConfUtils.java:logGet(46)) - raft.server.log.force.sync.num = 128 (default)
2022-10-13 20:19:43,561 [pool-240-thread-1] INFO  server.RaftServerConfigKeys (ConfUtils.java:logGet(46)) - raft.server.log.statemachine.data.sync = true (default)
2022-10-13 20:19:43,561 [pool-240-thread-1] INFO  server.RaftServerConfigKeys (ConfUtils.java:logGet(46)) - raft.server.log.statemachine.data.sync.timeout = 10s (default)
2022-10-13 20:19:43,561 [pool-240-thread-1] INFO  server.RaftServerConfigKeys (ConfUtils.java:logGet(46)) - raft.server.log.statemachine.data.sync.timeout.retry = -1 (default)
2022-10-13 20:19:43,566 [pool-240-thread-1] INFO  server.RaftServerConfigKeys (ConfUtils.java:logGet(46)) - raft.server.log.write.buffer.size = 1048576 (custom)
2022-10-13 20:19:43,567 [pool-240-thread-1] INFO  server.RaftServerConfigKeys (ConfUtils.java:logGet(46)) - raft.server.log.unsafe-flush.enabled = false (default)
2022-10-13 20:19:43,567 [pool-240-thread-1] INFO  server.RaftServerConfigKeys (ConfUtils.java:logGet(46)) - raft.server.log.statemachine.data.caching.enabled = true (custom)
2022-10-13 20:19:43,567 [pool-240-thread-1] INFO  segmented.SegmentedRaftLogWorker (SegmentedRaftLogWorker.java:lambda$new$0(135)) - 4204fecc-e3eb-437d-ab57-73516eed136b@group-EB8C396807BF-SegmentedRaftLogWorker: flushIndex: setUnconditionally 0 -> -1
2022-10-13 20:19:43,567 [pool-240-thread-1] INFO  segmented.SegmentedRaftLogWorker (SegmentedRaftLogWorker.java:lambda$new$0(135)) - 4204fecc-e3eb-437d-ab57-73516eed136b@group-EB8C396807BF-SegmentedRaftLogWorker: safeCacheEvictIndex: setUnconditionally 0 -> -1
2022-10-13 20:19:43,570 [e2549e0e-20c3-4590-9573-c43d76d3b17a@group-018C6AA32671-StateMachineUpdater] INFO  safemode.HealthyPipelineSafeModeRule (HealthyPipelineSafeModeRule.java:initializeRule(165)) - Refreshed total pipeline count is 0, healthy pipeline threshold count is 1
2022-10-13 20:19:43,571 [EventQueue-OpenPipelineForHealthyPipelineSafeModeRule] INFO  safemode.SCMSafeModeManager (HealthyPipelineSafeModeRule.java:process(137)) - SCM in safe mode. Healthy pipelines reported count is 0, required healthy pipeline reported count is 1
2022-10-13 20:19:43,585 [07c9e681-1902-448f-876d-c238a5737790@group-018C6AA32671-StateMachineUpdater] INFO  safemode.HealthyPipelineSafeModeRule (HealthyPipelineSafeModeRule.java:initializeRule(165)) - Refreshed total pipeline count is 0, healthy pipeline threshold count is 1
2022-10-13 20:19:43,587 [aa1de7e1-092b-4c10-ba41-bafadd24aa7a@group-018C6AA32671-StateMachineUpdater] INFO  safemode.HealthyPipelineSafeModeRule (HealthyPipelineSafeModeRule.java:initializeRule(165)) - Refreshed total pipeline count is 0, healthy pipeline threshold count is 1
2022-10-13 20:19:43,589 [pool-240-thread-1] INFO  server.RaftServerConfigKeys (ConfUtils.java:logGet(46)) - raft.server.snapshot.auto.trigger.enabled = true (custom)
2022-10-13 20:19:43,589 [pool-240-thread-1] INFO  server.RaftServerConfigKeys (ConfUtils.java:logGet(46)) - raft.server.snapshot.auto.trigger.threshold = 10000 (custom)
2022-10-13 20:19:43,589 [pool-240-thread-1] INFO  server.RaftServerConfigKeys (ConfUtils.java:logGet(46)) - raft.server.snapshot.retention.file.num = 5 (custom)
2022-10-13 20:19:43,589 [pool-240-thread-1] INFO  server.RaftServerConfigKeys (ConfUtils.java:logGet(46)) - raft.server.log.purge.upto.snapshot.index = false (default)
2022-10-13 20:19:43,589 [pool-240-thread-1] INFO  server.RaftServerConfigKeys (ConfUtils.java:logGet(46)) - raft.server.retrycache.expirytime = 600000ms (custom)
2022-10-13 20:19:43,590 [pool-240-thread-1] INFO  server.RaftServerConfigKeys (ConfUtils.java:logGet(46)) - raft.server.retrycache.statistics.expirytime = 100μs (default)
2022-10-13 20:19:43,591 [pool-240-thread-1] INFO  server.RaftServerConfigKeys (ConfUtils.java:logGet(46)) - raft.server.log.appender.install.snapshot.enabled = false (custom)
2022-10-13 20:19:43,591 [pool-240-thread-1] INFO  server.RaftServerConfigKeys (ConfUtils.java:logGet(46)) - raft.server.threadpool.server.cached = true (default)
2022-10-13 20:19:43,591 [pool-240-thread-1] INFO  server.RaftServerConfigKeys (ConfUtils.java:logGet(46)) - raft.server.threadpool.server.size = 0 (default)
2022-10-13 20:19:43,591 [pool-240-thread-1] INFO  server.RaftServerConfigKeys (ConfUtils.java:logGet(46)) - raft.server.threadpool.client.cached = true (default)
2022-10-13 20:19:43,591 [pool-240-thread-1] INFO  server.RaftServerConfigKeys (ConfUtils.java:logGet(46)) - raft.server.threadpool.client.size = 0 (default)
2022-10-13 20:19:43,591 [pool-240-thread-1] INFO  server.RaftServer$Division (RaftServerImpl.java:start(310)) - 4204fecc-e3eb-437d-ab57-73516eed136b@group-EB8C396807BF: start as a follower, conf=-1: [4204fecc-e3eb-437d-ab57-73516eed136b|rpc:127.0.0.1:37675|priority:1], old=null
2022-10-13 20:19:43,591 [pool-240-thread-1] INFO  server.RaftServer$Division (RaftServerImpl.java:setRole(299)) - 4204fecc-e3eb-437d-ab57-73516eed136b@group-EB8C396807BF: changes role from      null to FOLLOWER at term 0 for startAsFollower
2022-10-13 20:19:43,591 [pool-240-thread-1] INFO  impl.RoleInfo (RoleInfo.java:updateAndGet(139)) - 4204fecc-e3eb-437d-ab57-73516eed136b: start 4204fecc-e3eb-437d-ab57-73516eed136b@group-EB8C396807BF-FollowerState
2022-10-13 20:19:43,592 [pool-240-thread-1] INFO  util.JmxRegister (JmxRegister.java:tryRegister(44)) - Successfully registered JMX Bean with object name Ratis:service=RaftServer,group=group-EB8C396807BF,id=4204fecc-e3eb-437d-ab57-73516eed136b
2022-10-13 20:19:43,593 [Command processor thread] INFO  ratis.XceiverServerRatis (XceiverServerRatis.java:addGroup(765)) - Created group PipelineID=cf99af9f-7f22-4373-8c0a-eb8c396807bf
2022-10-13 20:19:43,593 [Command processor thread] INFO  commandhandler.CreatePipelineCommandHandler (CreatePipelineCommandHandler.java:handle(113)) - Created Pipeline RATIS ONE PipelineID=cf99af9f-7f22-4373-8c0a-eb8c396807bf.
2022-10-13 20:19:44,545 [Listener at 127.0.0.1/34689] INFO  ozone.MiniOzoneClusterImpl (MiniOzoneClusterImpl.java:lambda$waitForClusterToBeReady$0(216)) - Nodes are ready. Got 3 of 3 DN Heartbeats.
2022-10-13 20:19:44,545 [Listener at 127.0.0.1/34689] INFO  ozone.MiniOzoneClusterImpl (MiniOzoneClusterImpl.java:lambda$waitForClusterToBeReady$0(219)) - Waiting for cluster to exit safe mode
2022-10-13 20:19:44,545 [Listener at 127.0.0.1/34689] INFO  ozone.MiniOzoneClusterImpl (MiniOzoneClusterImpl.java:lambda$waitForClusterToBeReady$0(221)) - SCM became leader
2022-10-13 20:19:45,545 [Listener at 127.0.0.1/34689] INFO  ozone.MiniOzoneClusterImpl (MiniOzoneClusterImpl.java:lambda$waitForClusterToBeReady$0(216)) - Nodes are ready. Got 3 of 3 DN Heartbeats.
2022-10-13 20:19:45,546 [Listener at 127.0.0.1/34689] INFO  ozone.MiniOzoneClusterImpl (MiniOzoneClusterImpl.java:lambda$waitForClusterToBeReady$0(219)) - Waiting for cluster to exit safe mode
2022-10-13 20:19:45,546 [Listener at 127.0.0.1/34689] INFO  ozone.MiniOzoneClusterImpl (MiniOzoneClusterImpl.java:lambda$waitForClusterToBeReady$0(221)) - SCM became leader
2022-10-13 20:19:46,546 [Listener at 127.0.0.1/34689] INFO  ozone.MiniOzoneClusterImpl (MiniOzoneClusterImpl.java:lambda$waitForClusterToBeReady$0(216)) - Nodes are ready. Got 3 of 3 DN Heartbeats.
2022-10-13 20:19:46,546 [Listener at 127.0.0.1/34689] INFO  ozone.MiniOzoneClusterImpl (MiniOzoneClusterImpl.java:lambda$waitForClusterToBeReady$0(219)) - Waiting for cluster to exit safe mode
2022-10-13 20:19:46,546 [Listener at 127.0.0.1/34689] INFO  ozone.MiniOzoneClusterImpl (MiniOzoneClusterImpl.java:lambda$waitForClusterToBeReady$0(221)) - SCM became leader
2022-10-13 20:19:47,547 [Listener at 127.0.0.1/34689] INFO  ozone.MiniOzoneClusterImpl (MiniOzoneClusterImpl.java:lambda$waitForClusterToBeReady$0(216)) - Nodes are ready. Got 3 of 3 DN Heartbeats.
2022-10-13 20:19:47,547 [Listener at 127.0.0.1/34689] INFO  ozone.MiniOzoneClusterImpl (MiniOzoneClusterImpl.java:lambda$waitForClusterToBeReady$0(219)) - Waiting for cluster to exit safe mode
2022-10-13 20:19:47,547 [Listener at 127.0.0.1/34689] INFO  ozone.MiniOzoneClusterImpl (MiniOzoneClusterImpl.java:lambda$waitForClusterToBeReady$0(221)) - SCM became leader
2022-10-13 20:19:47,981 [3ddcf304-85b1-49d2-b8da-4a506cacc1b8@group-CA5994DE78B6-FollowerState] INFO  impl.FollowerState (FollowerState.java:run(143)) - 3ddcf304-85b1-49d2-b8da-4a506cacc1b8@group-CA5994DE78B6-FollowerState: change to CANDIDATE, lastRpcElapsedTime:5105250363ns, electionTimeout:5104ms
2022-10-13 20:19:47,981 [3ddcf304-85b1-49d2-b8da-4a506cacc1b8@group-CA5994DE78B6-FollowerState] INFO  impl.RoleInfo (RoleInfo.java:shutdownFollowerState(110)) - 3ddcf304-85b1-49d2-b8da-4a506cacc1b8: shutdown 3ddcf304-85b1-49d2-b8da-4a506cacc1b8@group-CA5994DE78B6-FollowerState
2022-10-13 20:19:47,981 [3ddcf304-85b1-49d2-b8da-4a506cacc1b8@group-CA5994DE78B6-FollowerState] INFO  server.RaftServer$Division (RaftServerImpl.java:setRole(299)) - 3ddcf304-85b1-49d2-b8da-4a506cacc1b8@group-CA5994DE78B6: changes role from  FOLLOWER to CANDIDATE at term 0 for changeToCandidate
2022-10-13 20:19:47,981 [3ddcf304-85b1-49d2-b8da-4a506cacc1b8@group-CA5994DE78B6-FollowerState] INFO  server.RaftServerConfigKeys (ConfUtils.java:logGet(46)) - raft.server.leaderelection.pre-vote = false (custom)
2022-10-13 20:19:47,981 [3ddcf304-85b1-49d2-b8da-4a506cacc1b8@group-CA5994DE78B6-FollowerState] INFO  impl.RoleInfo (RoleInfo.java:updateAndGet(139)) - 3ddcf304-85b1-49d2-b8da-4a506cacc1b8: start 3ddcf304-85b1-49d2-b8da-4a506cacc1b8@group-CA5994DE78B6-LeaderElection8
2022-10-13 20:19:47,986 [3ddcf304-85b1-49d2-b8da-4a506cacc1b8@group-CA5994DE78B6-LeaderElection8] INFO  impl.LeaderElection (LeaderElection.java:askForVotes(310)) - 3ddcf304-85b1-49d2-b8da-4a506cacc1b8@group-CA5994DE78B6-LeaderElection8 ELECTION round 0: submit vote requests at term 1 for -1: [b33b9c80-8f32-4607-98ae-733684aaa44e|rpc:127.0.0.1:46351|priority:1, 4204fecc-e3eb-437d-ab57-73516eed136b|rpc:127.0.0.1:37675|priority:0, 3ddcf304-85b1-49d2-b8da-4a506cacc1b8|rpc:127.0.0.1:38205|priority:0], old=null
2022-10-13 20:19:47,987 [3ddcf304-85b1-49d2-b8da-4a506cacc1b8@group-A03B71562239-FollowerState] INFO  impl.FollowerState (FollowerState.java:run(143)) - 3ddcf304-85b1-49d2-b8da-4a506cacc1b8@group-A03B71562239-FollowerState: change to CANDIDATE, lastRpcElapsedTime:5180471448ns, electionTimeout:5169ms
2022-10-13 20:19:47,987 [3ddcf304-85b1-49d2-b8da-4a506cacc1b8@group-A03B71562239-FollowerState] INFO  impl.RoleInfo (RoleInfo.java:shutdownFollowerState(110)) - 3ddcf304-85b1-49d2-b8da-4a506cacc1b8: shutdown 3ddcf304-85b1-49d2-b8da-4a506cacc1b8@group-A03B71562239-FollowerState
2022-10-13 20:19:47,987 [3ddcf304-85b1-49d2-b8da-4a506cacc1b8@group-A03B71562239-FollowerState] INFO  server.RaftServer$Division (RaftServerImpl.java:setRole(299)) - 3ddcf304-85b1-49d2-b8da-4a506cacc1b8@group-A03B71562239: changes role from  FOLLOWER to CANDIDATE at term 0 for changeToCandidate
2022-10-13 20:19:47,990 [3ddcf304-85b1-49d2-b8da-4a506cacc1b8@group-A03B71562239-FollowerState] INFO  server.RaftServerConfigKeys (ConfUtils.java:logGet(46)) - raft.server.leaderelection.pre-vote = false (custom)
2022-10-13 20:19:47,990 [3ddcf304-85b1-49d2-b8da-4a506cacc1b8@group-A03B71562239-FollowerState] INFO  impl.RoleInfo (RoleInfo.java:updateAndGet(139)) - 3ddcf304-85b1-49d2-b8da-4a506cacc1b8: start 3ddcf304-85b1-49d2-b8da-4a506cacc1b8@group-A03B71562239-LeaderElection9
2022-10-13 20:19:47,998 [3ddcf304-85b1-49d2-b8da-4a506cacc1b8@group-A03B71562239-LeaderElection9] INFO  impl.LeaderElection (LeaderElection.java:askForVotes(310)) - 3ddcf304-85b1-49d2-b8da-4a506cacc1b8@group-A03B71562239-LeaderElection9 ELECTION round 0: submit vote requests at term 1 for -1: [3ddcf304-85b1-49d2-b8da-4a506cacc1b8|rpc:127.0.0.1:38205|priority:1], old=null
2022-10-13 20:19:47,998 [3ddcf304-85b1-49d2-b8da-4a506cacc1b8@group-A03B71562239-LeaderElection9] INFO  impl.LeaderElection (LeaderElection.java:askForVotes(312)) - 3ddcf304-85b1-49d2-b8da-4a506cacc1b8@group-A03B71562239-LeaderElection9 ELECTION round 0: result PASSED (term=1)
2022-10-13 20:19:47,998 [3ddcf304-85b1-49d2-b8da-4a506cacc1b8@group-A03B71562239-LeaderElection9] INFO  impl.RoleInfo (RoleInfo.java:shutdownLeaderElection(130)) - 3ddcf304-85b1-49d2-b8da-4a506cacc1b8: shutdown 3ddcf304-85b1-49d2-b8da-4a506cacc1b8@group-A03B71562239-LeaderElection9
2022-10-13 20:19:47,998 [3ddcf304-85b1-49d2-b8da-4a506cacc1b8@group-A03B71562239-LeaderElection9] INFO  server.RaftServer$Division (RaftServerImpl.java:setRole(299)) - 3ddcf304-85b1-49d2-b8da-4a506cacc1b8@group-A03B71562239: changes role from CANDIDATE to LEADER at term 1 for changeToLeader
2022-10-13 20:19:47,999 [3ddcf304-85b1-49d2-b8da-4a506cacc1b8@group-A03B71562239-LeaderElection9] INFO  ratis.XceiverServerRatis (XceiverServerRatis.java:handleLeaderChangedNotification(863)) - Leader change notification received for group: group-A03B71562239 with new leaderId: 3ddcf304-85b1-49d2-b8da-4a506cacc1b8
2022-10-13 20:19:47,999 [3ddcf304-85b1-49d2-b8da-4a506cacc1b8@group-A03B71562239-LeaderElection9] INFO  server.RaftServer$Division (ServerState.java:setLeader(287)) - 3ddcf304-85b1-49d2-b8da-4a506cacc1b8@group-A03B71562239: change Leader from null to 3ddcf304-85b1-49d2-b8da-4a506cacc1b8 at term 1 for becomeLeader, leader elected after 5206ms
2022-10-13 20:19:47,999 [3ddcf304-85b1-49d2-b8da-4a506cacc1b8@group-A03B71562239-LeaderElection9] INFO  server.RaftServerConfigKeys (ConfUtils.java:logGet(46)) - raft.server.staging.catchup.gap = 1000 (default)
2022-10-13 20:19:48,002 [EventQueue-OpenPipelineForHealthyPipelineSafeModeRule] INFO  safemode.SCMSafeModeManager (HealthyPipelineSafeModeRule.java:process(137)) - SCM in safe mode. Healthy pipelines reported count is 0, required healthy pipeline reported count is 1
2022-10-13 20:19:48,005 [grpc-default-executor-3] INFO  server.RaftServer$Division (RaftServerImpl.java:requestVote(1152)) - b33b9c80-8f32-4607-98ae-733684aaa44e@group-CA5994DE78B6: receive requestVote(ELECTION, 3ddcf304-85b1-49d2-b8da-4a506cacc1b8, group-CA5994DE78B6, 1, (t:0, i:0))
2022-10-13 20:19:48,005 [grpc-default-executor-3] INFO  impl.VoteContext (VoteContext.java:log(48)) - b33b9c80-8f32-4607-98ae-733684aaa44e@group-CA5994DE78B6-FOLLOWER: reject ELECTION from 3ddcf304-85b1-49d2-b8da-4a506cacc1b8: our priority 1 > candidate's priority 0
2022-10-13 20:19:48,006 [grpc-default-executor-3] INFO  server.RaftServer$Division (RaftServerImpl.java:setRole(299)) - b33b9c80-8f32-4607-98ae-733684aaa44e@group-CA5994DE78B6: changes role from  FOLLOWER to FOLLOWER at term 1 for candidate:3ddcf304-85b1-49d2-b8da-4a506cacc1b8
2022-10-13 20:19:48,006 [grpc-default-executor-3] INFO  impl.RoleInfo (RoleInfo.java:shutdownFollowerState(110)) - b33b9c80-8f32-4607-98ae-733684aaa44e: shutdown b33b9c80-8f32-4607-98ae-733684aaa44e@group-CA5994DE78B6-FollowerState
2022-10-13 20:19:48,006 [grpc-default-executor-3] INFO  impl.RoleInfo (RoleInfo.java:updateAndGet(139)) - b33b9c80-8f32-4607-98ae-733684aaa44e: start b33b9c80-8f32-4607-98ae-733684aaa44e@group-CA5994DE78B6-FollowerState
2022-10-13 20:19:48,006 [b33b9c80-8f32-4607-98ae-733684aaa44e@group-CA5994DE78B6-FollowerState] INFO  impl.FollowerState (FollowerState.java:run(152)) - b33b9c80-8f32-4607-98ae-733684aaa44e@group-CA5994DE78B6-FollowerState was interrupted
2022-10-13 20:19:48,006 [EventQueue-OpenPipelineForHealthyPipelineSafeModeRule] INFO  safemode.SCMSafeModeManager (HealthyPipelineSafeModeRule.java:process(137)) - SCM in safe mode. Healthy pipelines reported count is 0, required healthy pipeline reported count is 1
2022-10-13 20:19:48,008 [EventQueue-OpenPipelineForHealthyPipelineSafeModeRule] INFO  safemode.SCMSafeModeManager (HealthyPipelineSafeModeRule.java:process(137)) - SCM in safe mode. Healthy pipelines reported count is 0, required healthy pipeline reported count is 1
2022-10-13 20:19:48,014 [grpc-default-executor-3] INFO  server.RaftServer$Division (RaftServerImpl.java:requestVote(1184)) - b33b9c80-8f32-4607-98ae-733684aaa44e@group-CA5994DE78B6 replies to ELECTION vote request: 3ddcf304-85b1-49d2-b8da-4a506cacc1b8<-b33b9c80-8f32-4607-98ae-733684aaa44e#0:FAIL-t1. Peer's state: b33b9c80-8f32-4607-98ae-733684aaa44e@group-CA5994DE78B6:t1, leader=null, voted=null, raftlog=b33b9c80-8f32-4607-98ae-733684aaa44e@group-CA5994DE78B6-SegmentedRaftLog:OPENED:c-1, conf=-1: [b33b9c80-8f32-4607-98ae-733684aaa44e|rpc:127.0.0.1:46351|dataStream:|priority:1, 4204fecc-e3eb-437d-ab57-73516eed136b|rpc:127.0.0.1:37675|dataStream:|priority:0, 3ddcf304-85b1-49d2-b8da-4a506cacc1b8|rpc:127.0.0.1:38205|dataStream:|priority:0], old=null
2022-10-13 20:19:48,014 [3ddcf304-85b1-49d2-b8da-4a506cacc1b8@group-A03B71562239-LeaderElection9] INFO  server.RaftServerConfigKeys (ConfUtils.java:logGet(46)) - raft.server.write.element-limit = 1024 (custom)
2022-10-13 20:19:48,016 [3ddcf304-85b1-49d2-b8da-4a506cacc1b8@group-A03B71562239-LeaderElection9] INFO  server.RaftServerConfigKeys (ConfUtils.java:logGet(46)) - raft.server.write.byte-limit = 1024 M (=1073741824) (custom)
2022-10-13 20:19:48,017 [3ddcf304-85b1-49d2-b8da-4a506cacc1b8@group-A03B71562239-LeaderElection9] INFO  server.RaftServerConfigKeys (ConfUtils.java:logGet(46)) - raft.server.watch.timeout = 180s (custom)
2022-10-13 20:19:48,017 [3ddcf304-85b1-49d2-b8da-4a506cacc1b8@group-A03B71562239-LeaderElection9] INFO  server.RaftServerConfigKeys (ConfUtils.java:logGet(46)) - raft.server.watch.timeout.denomination = 1s (default)
2022-10-13 20:19:48,017 [3ddcf304-85b1-49d2-b8da-4a506cacc1b8@group-A03B71562239-LeaderElection9] INFO  server.RaftServerConfigKeys (ConfUtils.java:logGet(46)) - raft.server.watch.element-limit = 65536 (default)
2022-10-13 20:19:48,017 [3ddcf304-85b1-49d2-b8da-4a506cacc1b8@group-A03B71562239-LeaderElection9] INFO  server.RaftServerConfigKeys (ConfUtils.java:logGet(46)) - raft.server.write.element-limit = 1024 (custom)
2022-10-13 20:19:48,017 [3ddcf304-85b1-49d2-b8da-4a506cacc1b8@group-A03B71562239-LeaderElection9] INFO  server.RaftServerConfigKeys (ConfUtils.java:logGet(46)) - raft.server.write.follower.gap.ratio.max = -1.0 (default)
2022-10-13 20:19:48,018 [3ddcf304-85b1-49d2-b8da-4a506cacc1b8@group-A03B71562239-LeaderElection9] INFO  impl.RoleInfo (RoleInfo.java:updateAndGet(139)) - 3ddcf304-85b1-49d2-b8da-4a506cacc1b8: start 3ddcf304-85b1-49d2-b8da-4a506cacc1b8@group-A03B71562239-LeaderStateImpl
2022-10-13 20:19:48,018 [3ddcf304-85b1-49d2-b8da-4a506cacc1b8@group-A03B71562239-LeaderElection9] INFO  segmented.SegmentedRaftLogWorker (SegmentedRaftLogWorker.java:startLogSegment(425)) - 3ddcf304-85b1-49d2-b8da-4a506cacc1b8@group-A03B71562239-SegmentedRaftLogWorker: Starting segment from index:0
2022-10-13 20:19:48,019 [grpc-default-executor-0] INFO  server.RaftServer$Division (RaftServerImpl.java:requestVote(1152)) - 4204fecc-e3eb-437d-ab57-73516eed136b@group-CA5994DE78B6: receive requestVote(ELECTION, 3ddcf304-85b1-49d2-b8da-4a506cacc1b8, group-CA5994DE78B6, 1, (t:0, i:0))
2022-10-13 20:19:48,019 [grpc-default-executor-0] INFO  impl.VoteContext (VoteContext.java:log(48)) - 4204fecc-e3eb-437d-ab57-73516eed136b@group-CA5994DE78B6-FOLLOWER: accept ELECTION from 3ddcf304-85b1-49d2-b8da-4a506cacc1b8: our priority 0 <= candidate's priority 0
2022-10-13 20:19:48,019 [grpc-default-executor-0] INFO  server.RaftServer$Division (RaftServerImpl.java:setRole(299)) - 4204fecc-e3eb-437d-ab57-73516eed136b@group-CA5994DE78B6: changes role from  FOLLOWER to FOLLOWER at term 1 for candidate:3ddcf304-85b1-49d2-b8da-4a506cacc1b8
2022-10-13 20:19:48,019 [grpc-default-executor-0] INFO  impl.RoleInfo (RoleInfo.java:shutdownFollowerState(110)) - 4204fecc-e3eb-437d-ab57-73516eed136b: shutdown 4204fecc-e3eb-437d-ab57-73516eed136b@group-CA5994DE78B6-FollowerState
2022-10-13 20:19:48,019 [3ddcf304-85b1-49d2-b8da-4a506cacc1b8@group-A03B71562239-SegmentedRaftLogWorker] INFO  segmented.SegmentedRaftLogWorker (SegmentedRaftLogWorker.java:execute(629)) - 3ddcf304-85b1-49d2-b8da-4a506cacc1b8@group-A03B71562239-SegmentedRaftLogWorker: created new log segment /home/runner/work/ozone/ozone/hadoop-ozone/integration-test/target/test-dir/MiniOzoneClusterImpl-0c33195c-4715-4e74-9207-018c6aa32671/datanode-0/data/ratis/b57567b0-a8f2-45b5-9a0f-a03b71562239/current/log_inprogress_0
2022-10-13 20:19:48,019 [grpc-default-executor-0] INFO  impl.RoleInfo (RoleInfo.java:updateAndGet(139)) - 4204fecc-e3eb-437d-ab57-73516eed136b: start 4204fecc-e3eb-437d-ab57-73516eed136b@group-CA5994DE78B6-FollowerState
2022-10-13 20:19:48,020 [4204fecc-e3eb-437d-ab57-73516eed136b@group-CA5994DE78B6-FollowerState] INFO  impl.FollowerState (FollowerState.java:run(152)) - 4204fecc-e3eb-437d-ab57-73516eed136b@group-CA5994DE78B6-FollowerState was interrupted
2022-10-13 20:19:48,023 [3ddcf304-85b1-49d2-b8da-4a506cacc1b8@group-A03B71562239-LeaderElection9] INFO  server.RaftServer$Division (ServerState.java:setRaftConf(393)) - 3ddcf304-85b1-49d2-b8da-4a506cacc1b8@group-A03B71562239: set configuration 0: [3ddcf304-85b1-49d2-b8da-4a506cacc1b8|rpc:127.0.0.1:38205|dataStream:|priority:1], old=null
2022-10-13 20:19:48,024 [3ddcf304-85b1-49d2-b8da-4a506cacc1b8@group-CA5994DE78B6-LeaderElection8] INFO  impl.LeaderElection (LeaderElection.java:logAndReturn(90)) - 3ddcf304-85b1-49d2-b8da-4a506cacc1b8@group-CA5994DE78B6-LeaderElection8: ELECTION REJECTED received 1 response(s) and 0 exception(s):
2022-10-13 20:19:48,024 [3ddcf304-85b1-49d2-b8da-4a506cacc1b8@group-CA5994DE78B6-LeaderElection8] INFO  impl.LeaderElection (LeaderElection.java:logAndReturn(94)) -   Response 0: 3ddcf304-85b1-49d2-b8da-4a506cacc1b8<-b33b9c80-8f32-4607-98ae-733684aaa44e#0:FAIL-t1
2022-10-13 20:19:48,024 [3ddcf304-85b1-49d2-b8da-4a506cacc1b8@group-CA5994DE78B6-LeaderElection8] INFO  impl.LeaderElection (LeaderElection.java:askForVotes(312)) - 3ddcf304-85b1-49d2-b8da-4a506cacc1b8@group-CA5994DE78B6-LeaderElection8 ELECTION round 0: result REJECTED
2022-10-13 20:19:48,024 [3ddcf304-85b1-49d2-b8da-4a506cacc1b8@group-CA5994DE78B6-LeaderElection8] INFO  server.RaftServer$Division (RaftServerImpl.java:setRole(299)) - 3ddcf304-85b1-49d2-b8da-4a506cacc1b8@group-CA5994DE78B6: changes role from CANDIDATE to FOLLOWER at term 1 for REJECTED
2022-10-13 20:19:48,024 [3ddcf304-85b1-49d2-b8da-4a506cacc1b8@group-CA5994DE78B6-LeaderElection8] INFO  impl.RoleInfo (RoleInfo.java:shutdownLeaderElection(130)) - 3ddcf304-85b1-49d2-b8da-4a506cacc1b8: shutdown 3ddcf304-85b1-49d2-b8da-4a506cacc1b8@group-CA5994DE78B6-LeaderElection8
2022-10-13 20:19:48,024 [3ddcf304-85b1-49d2-b8da-4a506cacc1b8@group-CA5994DE78B6-LeaderElection8] INFO  impl.RoleInfo (RoleInfo.java:updateAndGet(139)) - 3ddcf304-85b1-49d2-b8da-4a506cacc1b8: start 3ddcf304-85b1-49d2-b8da-4a506cacc1b8@group-CA5994DE78B6-FollowerState
2022-10-13 20:19:48,025 [grpc-default-executor-0] INFO  server.RaftServer$Division (RaftServerImpl.java:requestVote(1184)) - 4204fecc-e3eb-437d-ab57-73516eed136b@group-CA5994DE78B6 replies to ELECTION vote request: 3ddcf304-85b1-49d2-b8da-4a506cacc1b8<-4204fecc-e3eb-437d-ab57-73516eed136b#0:OK-t1. Peer's state: 4204fecc-e3eb-437d-ab57-73516eed136b@group-CA5994DE78B6:t1, leader=null, voted=3ddcf304-85b1-49d2-b8da-4a506cacc1b8, raftlog=4204fecc-e3eb-437d-ab57-73516eed136b@group-CA5994DE78B6-SegmentedRaftLog:OPENED:c-1, conf=-1: [b33b9c80-8f32-4607-98ae-733684aaa44e|rpc:127.0.0.1:46351|dataStream:|priority:1, 4204fecc-e3eb-437d-ab57-73516eed136b|rpc:127.0.0.1:37675|dataStream:|priority:0, 3ddcf304-85b1-49d2-b8da-4a506cacc1b8|rpc:127.0.0.1:38205|dataStream:|priority:0], old=null
2022-10-13 20:19:48,172 [3ddcf304-85b1-49d2-b8da-4a506cacc1b8@group-355AF9D2C133-FollowerState] INFO  impl.FollowerState (FollowerState.java:run(143)) - 3ddcf304-85b1-49d2-b8da-4a506cacc1b8@group-355AF9D2C133-FollowerState: change to CANDIDATE, lastRpcElapsedTime:5044800619ns, electionTimeout:5043ms
2022-10-13 20:19:48,172 [3ddcf304-85b1-49d2-b8da-4a506cacc1b8@group-355AF9D2C133-FollowerState] INFO  impl.RoleInfo (RoleInfo.java:shutdownFollowerState(110)) - 3ddcf304-85b1-49d2-b8da-4a506cacc1b8: shutdown 3ddcf304-85b1-49d2-b8da-4a506cacc1b8@group-355AF9D2C133-FollowerState
2022-10-13 20:19:48,173 [3ddcf304-85b1-49d2-b8da-4a506cacc1b8@group-355AF9D2C133-FollowerState] INFO  server.RaftServer$Division (RaftServerImpl.java:setRole(299)) - 3ddcf304-85b1-49d2-b8da-4a506cacc1b8@group-355AF9D2C133: changes role from  FOLLOWER to CANDIDATE at term 0 for changeToCandidate
2022-10-13 20:19:48,173 [3ddcf304-85b1-49d2-b8da-4a506cacc1b8@group-355AF9D2C133-FollowerState] INFO  server.RaftServerConfigKeys (ConfUtils.java:logGet(46)) - raft.server.leaderelection.pre-vote = false (custom)
2022-10-13 20:19:48,173 [3ddcf304-85b1-49d2-b8da-4a506cacc1b8@group-355AF9D2C133-FollowerState] INFO  impl.RoleInfo (RoleInfo.java:updateAndGet(139)) - 3ddcf304-85b1-49d2-b8da-4a506cacc1b8: start 3ddcf304-85b1-49d2-b8da-4a506cacc1b8@group-355AF9D2C133-LeaderElection10
2022-10-13 20:19:48,179 [3ddcf304-85b1-49d2-b8da-4a506cacc1b8@group-355AF9D2C133-LeaderElection10] INFO  impl.LeaderElection (LeaderElection.java:askForVotes(310)) - 3ddcf304-85b1-49d2-b8da-4a506cacc1b8@group-355AF9D2C133-LeaderElection10 ELECTION round 0: submit vote requests at term 1 for -1: [b33b9c80-8f32-4607-98ae-733684aaa44e|rpc:127.0.0.1:46351|priority:0, 4204fecc-e3eb-437d-ab57-73516eed136b|rpc:127.0.0.1:37675|priority:0, 3ddcf304-85b1-49d2-b8da-4a506cacc1b8|rpc:127.0.0.1:38205|priority:1], old=null
2022-10-13 20:19:48,184 [grpc-default-executor-0] INFO  server.RaftServer$Division (RaftServerImpl.java:requestVote(1152)) - 4204fecc-e3eb-437d-ab57-73516eed136b@group-355AF9D2C133: receive requestVote(ELECTION, 3ddcf304-85b1-49d2-b8da-4a506cacc1b8, group-355AF9D2C133, 1, (t:0, i:0))
2022-10-13 20:19:48,185 [grpc-default-executor-0] INFO  impl.VoteContext (VoteContext.java:log(48)) - 4204fecc-e3eb-437d-ab57-73516eed136b@group-355AF9D2C133-FOLLOWER: accept ELECTION from 3ddcf304-85b1-49d2-b8da-4a506cacc1b8: our priority 0 <= candidate's priority 1
2022-10-13 20:19:48,185 [grpc-default-executor-0] INFO  server.RaftServer$Division (RaftServerImpl.java:setRole(299)) - 4204fecc-e3eb-437d-ab57-73516eed136b@group-355AF9D2C133: changes role from  FOLLOWER to FOLLOWER at term 1 for candidate:3ddcf304-85b1-49d2-b8da-4a506cacc1b8
2022-10-13 20:19:48,185 [grpc-default-executor-0] INFO  impl.RoleInfo (RoleInfo.java:shutdownFollowerState(110)) - 4204fecc-e3eb-437d-ab57-73516eed136b: shutdown 4204fecc-e3eb-437d-ab57-73516eed136b@group-355AF9D2C133-FollowerState
2022-10-13 20:19:48,185 [grpc-default-executor-0] INFO  impl.RoleInfo (RoleInfo.java:updateAndGet(139)) - 4204fecc-e3eb-437d-ab57-73516eed136b: start 4204fecc-e3eb-437d-ab57-73516eed136b@group-355AF9D2C133-FollowerState
2022-10-13 20:19:48,185 [4204fecc-e3eb-437d-ab57-73516eed136b@group-355AF9D2C133-FollowerState] INFO  impl.FollowerState (FollowerState.java:run(152)) - 4204fecc-e3eb-437d-ab57-73516eed136b@group-355AF9D2C133-FollowerState was interrupted
2022-10-13 20:19:48,189 [grpc-default-executor-3] INFO  server.RaftServer$Division (RaftServerImpl.java:requestVote(1152)) - b33b9c80-8f32-4607-98ae-733684aaa44e@group-355AF9D2C133: receive requestVote(ELECTION, 3ddcf304-85b1-49d2-b8da-4a506cacc1b8, group-355AF9D2C133, 1, (t:0, i:0))
2022-10-13 20:19:48,189 [grpc-default-executor-3] INFO  impl.VoteContext (VoteContext.java:log(48)) - b33b9c80-8f32-4607-98ae-733684aaa44e@group-355AF9D2C133-FOLLOWER: accept ELECTION from 3ddcf304-85b1-49d2-b8da-4a506cacc1b8: our priority 0 <= candidate's priority 1
2022-10-13 20:19:48,189 [grpc-default-executor-3] INFO  server.RaftServer$Division (RaftServerImpl.java:setRole(299)) - b33b9c80-8f32-4607-98ae-733684aaa44e@group-355AF9D2C133: changes role from  FOLLOWER to FOLLOWER at term 1 for candidate:3ddcf304-85b1-49d2-b8da-4a506cacc1b8
2022-10-13 20:19:48,190 [grpc-default-executor-3] INFO  impl.RoleInfo (RoleInfo.java:shutdownFollowerState(110)) - b33b9c80-8f32-4607-98ae-733684aaa44e: shutdown b33b9c80-8f32-4607-98ae-733684aaa44e@group-355AF9D2C133-FollowerState
2022-10-13 20:19:48,190 [grpc-default-executor-3] INFO  impl.RoleInfo (RoleInfo.java:updateAndGet(139)) - b33b9c80-8f32-4607-98ae-733684aaa44e: start b33b9c80-8f32-4607-98ae-733684aaa44e@group-355AF9D2C133-FollowerState
2022-10-13 20:19:48,189 [grpc-default-executor-0] INFO  server.RaftServer$Division (RaftServerImpl.java:requestVote(1184)) - 4204fecc-e3eb-437d-ab57-73516eed136b@group-355AF9D2C133 replies to ELECTION vote request: 3ddcf304-85b1-49d2-b8da-4a506cacc1b8<-4204fecc-e3eb-437d-ab57-73516eed136b#0:OK-t1. Peer's state: 4204fecc-e3eb-437d-ab57-73516eed136b@group-355AF9D2C133:t1, leader=null, voted=3ddcf304-85b1-49d2-b8da-4a506cacc1b8, raftlog=4204fecc-e3eb-437d-ab57-73516eed136b@group-355AF9D2C133-SegmentedRaftLog:OPENED:c-1, conf=-1: [b33b9c80-8f32-4607-98ae-733684aaa44e|rpc:127.0.0.1:46351|dataStream:|priority:0, 4204fecc-e3eb-437d-ab57-73516eed136b|rpc:127.0.0.1:37675|dataStream:|priority:0, 3ddcf304-85b1-49d2-b8da-4a506cacc1b8|rpc:127.0.0.1:38205|dataStream:|priority:1], old=null
2022-10-13 20:19:48,192 [b33b9c80-8f32-4607-98ae-733684aaa44e@group-355AF9D2C133-FollowerState] INFO  impl.FollowerState (FollowerState.java:run(152)) - b33b9c80-8f32-4607-98ae-733684aaa44e@group-355AF9D2C133-FollowerState was interrupted
2022-10-13 20:19:48,194 [grpc-default-executor-3] INFO  server.RaftServer$Division (RaftServerImpl.java:requestVote(1184)) - b33b9c80-8f32-4607-98ae-733684aaa44e@group-355AF9D2C133 replies to ELECTION vote request: 3ddcf304-85b1-49d2-b8da-4a506cacc1b8<-b33b9c80-8f32-4607-98ae-733684aaa44e#0:OK-t1. Peer's state: b33b9c80-8f32-4607-98ae-733684aaa44e@group-355AF9D2C133:t1, leader=null, voted=3ddcf304-85b1-49d2-b8da-4a506cacc1b8, raftlog=b33b9c80-8f32-4607-98ae-733684aaa44e@group-355AF9D2C133-SegmentedRaftLog:OPENED:c-1, conf=-1: [b33b9c80-8f32-4607-98ae-733684aaa44e|rpc:127.0.0.1:46351|priority:0, 4204fecc-e3eb-437d-ab57-73516eed136b|rpc:127.0.0.1:37675|priority:0, 3ddcf304-85b1-49d2-b8da-4a506cacc1b8|rpc:127.0.0.1:38205|priority:1], old=null
2022-10-13 20:19:48,195 [3ddcf304-85b1-49d2-b8da-4a506cacc1b8@group-355AF9D2C133-LeaderElection10] INFO  impl.LeaderElection (LeaderElection.java:logAndReturn(90)) - 3ddcf304-85b1-49d2-b8da-4a506cacc1b8@group-355AF9D2C133-LeaderElection10: ELECTION PASSED received 1 response(s) and 0 exception(s):
2022-10-13 20:19:48,195 [3ddcf304-85b1-49d2-b8da-4a506cacc1b8@group-355AF9D2C133-LeaderElection10] INFO  impl.LeaderElection (LeaderElection.java:logAndReturn(94)) -   Response 0: 3ddcf304-85b1-49d2-b8da-4a506cacc1b8<-4204fecc-e3eb-437d-ab57-73516eed136b#0:OK-t1
2022-10-13 20:19:48,195 [3ddcf304-85b1-49d2-b8da-4a506cacc1b8@group-355AF9D2C133-LeaderElection10] INFO  impl.LeaderElection (LeaderElection.java:askForVotes(312)) - 3ddcf304-85b1-49d2-b8da-4a506cacc1b8@group-355AF9D2C133-LeaderElection10 ELECTION round 0: result PASSED
2022-10-13 20:19:48,195 [3ddcf304-85b1-49d2-b8da-4a506cacc1b8@group-355AF9D2C133-LeaderElection10] INFO  impl.RoleInfo (RoleInfo.java:shutdownLeaderElection(130)) - 3ddcf304-85b1-49d2-b8da-4a506cacc1b8: shutdown 3ddcf304-85b1-49d2-b8da-4a506cacc1b8@group-355AF9D2C133-LeaderElection10
2022-10-13 20:19:48,195 [3ddcf304-85b1-49d2-b8da-4a506cacc1b8@group-355AF9D2C133-LeaderElection10] INFO  server.RaftServer$Division (RaftServerImpl.java:setRole(299)) - 3ddcf304-85b1-49d2-b8da-4a506cacc1b8@group-355AF9D2C133: changes role from CANDIDATE to LEADER at term 1 for changeToLeader
2022-10-13 20:19:48,195 [3ddcf304-85b1-49d2-b8da-4a506cacc1b8@group-355AF9D2C133-LeaderElection10] INFO  ratis.XceiverServerRatis (XceiverServerRatis.java:handleLeaderChangedNotification(863)) - Leader change notification received for group: group-355AF9D2C133 with new leaderId: 3ddcf304-85b1-49d2-b8da-4a506cacc1b8
2022-10-13 20:19:48,195 [3ddcf304-85b1-49d2-b8da-4a506cacc1b8@group-355AF9D2C133-LeaderElection10] INFO  server.RaftServer$Division (ServerState.java:setLeader(287)) - 3ddcf304-85b1-49d2-b8da-4a506cacc1b8@group-355AF9D2C133: change Leader from null to 3ddcf304-85b1-49d2-b8da-4a506cacc1b8 at term 1 for becomeLeader, leader elected after 5101ms
2022-10-13 20:19:48,195 [3ddcf304-85b1-49d2-b8da-4a506cacc1b8@group-355AF9D2C133-LeaderElection10] INFO  server.RaftServerConfigKeys (ConfUtils.java:logGet(46)) - raft.server.staging.catchup.gap = 1000 (default)
2022-10-13 20:19:48,196 [3ddcf304-85b1-49d2-b8da-4a506cacc1b8@group-355AF9D2C133-LeaderElection10] INFO  server.RaftServerConfigKeys (ConfUtils.java:logGet(46)) - raft.server.write.element-limit = 1024 (custom)
2022-10-13 20:19:48,196 [3ddcf304-85b1-49d2-b8da-4a506cacc1b8@group-355AF9D2C133-LeaderElection10] INFO  server.RaftServerConfigKeys (ConfUtils.java:logGet(46)) - raft.server.write.byte-limit = 1024 M (=1073741824) (custom)
2022-10-13 20:19:48,196 [3ddcf304-85b1-49d2-b8da-4a506cacc1b8@group-355AF9D2C133-LeaderElection10] INFO  server.RaftServerConfigKeys (ConfUtils.java:logGet(46)) - raft.server.watch.timeout = 180s (custom)
2022-10-13 20:19:48,196 [3ddcf304-85b1-49d2-b8da-4a506cacc1b8@group-355AF9D2C133-LeaderElection10] INFO  server.RaftServerConfigKeys (ConfUtils.java:logGet(46)) - raft.server.watch.timeout.denomination = 1s (default)
2022-10-13 20:19:48,196 [3ddcf304-85b1-49d2-b8da-4a506cacc1b8@group-355AF9D2C133-LeaderElection10] INFO  server.RaftServerConfigKeys (ConfUtils.java:logGet(46)) - raft.server.watch.element-limit = 65536 (default)
2022-10-13 20:19:48,196 [3ddcf304-85b1-49d2-b8da-4a506cacc1b8@group-355AF9D2C133-LeaderElection10] INFO  server.RaftServerConfigKeys (ConfUtils.java:logGet(46)) - raft.server.write.element-limit = 1024 (custom)
2022-10-13 20:19:48,197 [3ddcf304-85b1-49d2-b8da-4a506cacc1b8@group-355AF9D2C133-LeaderElection10] INFO  server.RaftServerConfigKeys (ConfUtils.java:logGet(46)) - raft.server.write.follower.gap.ratio.max = -1.0 (default)
2022-10-13 20:19:48,199 [3ddcf304-85b1-49d2-b8da-4a506cacc1b8@group-355AF9D2C133-LeaderElection10] INFO  server.RaftServerConfigKeys (ConfUtils.java:logGet(46)) - raft.server.log.appender.snapshot.chunk.size.max = 16MB (=16777216) (default)
2022-10-13 20:19:48,199 [3ddcf304-85b1-49d2-b8da-4a506cacc1b8@group-355AF9D2C133-LeaderElection10] INFO  server.RaftServerConfigKeys (ConfUtils.java:logGet(46)) - raft.server.log.appender.buffer.byte-limit = 33554432 (custom)
2022-10-13 20:19:48,199 [3ddcf304-85b1-49d2-b8da-4a506cacc1b8@group-355AF9D2C133-LeaderElection10] INFO  server.RaftServerConfigKeys (ConfUtils.java:logGet(46)) - raft.server.log.appender.buffer.element-limit = 1 (custom)
2022-10-13 20:19:48,199 [3ddcf304-85b1-49d2-b8da-4a506cacc1b8@group-355AF9D2C133-LeaderElection10] INFO  grpc.GrpcConfigKeys (ConfUtils.java:logGet(46)) - raft.grpc.server.leader.outstanding.appends.max = 128 (default)
2022-10-13 20:19:48,200 [3ddcf304-85b1-49d2-b8da-4a506cacc1b8@group-355AF9D2C133-LeaderElection10] INFO  server.RaftServerConfigKeys (ConfUtils.java:logGet(46)) - raft.server.rpc.request.timeout = 60s (custom)
2022-10-13 20:19:48,199 [EventQueue-PipelineReportForPipelineReportHandler] INFO  pipeline.PipelineManagerImpl (PipelineManagerImpl.java:openPipeline(367)) - Pipeline Pipeline[ Id: fd382d7b-fa24-4e8b-b8b9-355af9d2c133, Nodes: 3ddcf304-85b1-49d2-b8da-4a506cacc1b8{ip: 127.0.0.1, host: localhost, ports: [REPLICATION=44995, RATIS=38205, RATIS_ADMIN=38205, RATIS_SERVER=38205, STANDALONE=33925], networkLocation: /default-rack, certSerialId: null, persistedOpState: IN_SERVICE, persistedOpStateExpiryEpochSec: 0}4204fecc-e3eb-437d-ab57-73516eed136b{ip: 127.0.0.1, host: localhost, ports: [REPLICATION=41723, RATIS=37675, RATIS_ADMIN=37675, RATIS_SERVER=37675, STANDALONE=35545], networkLocation: /default-rack, certSerialId: null, persistedOpState: IN_SERVICE, persistedOpStateExpiryEpochSec: 0}b33b9c80-8f32-4607-98ae-733684aaa44e{ip: 127.0.0.1, host: localhost, ports: [REPLICATION=36131, RATIS=46351, RATIS_ADMIN=46351, RATIS_SERVER=46351, STANDALONE=46553], networkLocation: /default-rack, certSerialId: null, persistedOpState: IN_SERVICE, persistedOpStateExpiryEpochSec: 0}, ReplicationConfig: RATIS/THREE, State:ALLOCATED, leaderId:3ddcf304-85b1-49d2-b8da-4a506cacc1b8, CreationTimestamp2022-10-13T20:19:40.591Z[Etc/UTC]] moved to OPEN state
2022-10-13 20:19:48,199 [EventQueue-OpenPipelineForHealthyPipelineSafeModeRule] INFO  safemode.SCMSafeModeManager (HealthyPipelineSafeModeRule.java:process(137)) - SCM in safe mode. Healthy pipelines reported count is 0, required healthy pipeline reported count is 1
2022-10-13 20:19:48,200 [EventQueue-PipelineReportForPipelineReportHandler] INFO  pipeline.PipelineManagerImpl (PipelineManagerImpl.java:openPipeline(367)) - Pipeline Pipeline[ Id: fd382d7b-fa24-4e8b-b8b9-355af9d2c133, Nodes: 3ddcf304-85b1-49d2-b8da-4a506cacc1b8{ip: 127.0.0.1, host: localhost, ports: [REPLICATION=44995, RATIS=38205, RATIS_ADMIN=38205, RATIS_SERVER=38205, STANDALONE=33925], networkLocation: /default-rack, certSerialId: null, persistedOpState: IN_SERVICE, persistedOpStateExpiryEpochSec: 0}4204fecc-e3eb-437d-ab57-73516eed136b{ip: 127.0.0.1, host: localhost, ports: [REPLICATION=41723, RATIS=37675, RATIS_ADMIN=37675, RATIS_SERVER=37675, STANDALONE=35545], networkLocation: /default-rack, certSerialId: null, persistedOpState: IN_SERVICE, persistedOpStateExpiryEpochSec: 0}b33b9c80-8f32-4607-98ae-733684aaa44e{ip: 127.0.0.1, host: localhost, ports: [REPLICATION=36131, RATIS=46351, RATIS_ADMIN=46351, RATIS_SERVER=46351, STANDALONE=46553], networkLocation: /default-rack, certSerialId: null, persistedOpState: IN_SERVICE, persistedOpStateExpiryEpochSec: 0}, ReplicationConfig: RATIS/THREE, State:ALLOCATED, leaderId:3ddcf304-85b1-49d2-b8da-4a506cacc1b8, CreationTimestamp2022-10-13T20:19:40.591Z[Etc/UTC]] moved to OPEN state
2022-10-13 20:19:48,203 [3ddcf304-85b1-49d2-b8da-4a506cacc1b8@group-355AF9D2C133-LeaderElection10] INFO  server.RaftServerConfigKeys (ConfUtils.java:logGet(46)) - raft.server.log.appender.install.snapshot.enabled = false (custom)
2022-10-13 20:19:48,203 [EventQueue-PipelineReportForPipelineReportHandler] INFO  pipeline.PipelineManagerImpl (PipelineManagerImpl.java:openPipeline(367)) - Pipeline Pipeline[ Id: fd382d7b-fa24-4e8b-b8b9-355af9d2c133, Nodes: 3ddcf304-85b1-49d2-b8da-4a506cacc1b8{ip: 127.0.0.1, host: localhost, ports: [REPLICATION=44995, RATIS=38205, RATIS_ADMIN=38205, RATIS_SERVER=38205, STANDALONE=33925], networkLocation: /default-rack, certSerialId: null, persistedOpState: IN_SERVICE, persistedOpStateExpiryEpochSec: 0}4204fecc-e3eb-437d-ab57-73516eed136b{ip: 127.0.0.1, host: localhost, ports: [REPLICATION=41723, RATIS=37675, RATIS_ADMIN=37675, RATIS_SERVER=37675, STANDALONE=35545], networkLocation: /default-rack, certSerialId: null, persistedOpState: IN_SERVICE, persistedOpStateExpiryEpochSec: 0}b33b9c80-8f32-4607-98ae-733684aaa44e{ip: 127.0.0.1, host: localhost, ports: [REPLICATION=36131, RATIS=46351, RATIS_ADMIN=46351, RATIS_SERVER=46351, STANDALONE=46553], networkLocation: /default-rack, certSerialId: null, persistedOpState: IN_SERVICE, persistedOpStateExpiryEpochSec: 0}, ReplicationConfig: RATIS/THREE, State:ALLOCATED, leaderId:3ddcf304-85b1-49d2-b8da-4a506cacc1b8, CreationTimestamp2022-10-13T20:19:40.591Z[Etc/UTC]] moved to OPEN state
2022-10-13 20:19:48,204 [EventQueue-OpenPipelineForHealthyPipelineSafeModeRule] INFO  safemode.SCMSafeModeManager (HealthyPipelineSafeModeRule.java:process(137)) - SCM in safe mode. Healthy pipelines reported count is 0, required healthy pipeline reported count is 1
2022-10-13 20:19:48,200 [EventQueue-OpenPipelineForHealthyPipelineSafeModeRule] INFO  safemode.SCMSafeModeManager (HealthyPipelineSafeModeRule.java:process(137)) - SCM in safe mode. Healthy pipelines reported count is 0, required healthy pipeline reported count is 1
2022-10-13 20:19:48,206 [3ddcf304-85b1-49d2-b8da-4a506cacc1b8@group-355AF9D2C133-LeaderElection10] INFO  server.RaftServerConfigKeys (ConfUtils.java:logGet(46)) - raft.server.log.appender.snapshot.chunk.size.max = 16MB (=16777216) (default)
2022-10-13 20:19:48,206 [3ddcf304-85b1-49d2-b8da-4a506cacc1b8@group-355AF9D2C133-LeaderElection10] INFO  server.RaftServerConfigKeys (ConfUtils.java:logGet(46)) - raft.server.log.appender.buffer.byte-limit = 33554432 (custom)
2022-10-13 20:19:48,206 [3ddcf304-85b1-49d2-b8da-4a506cacc1b8@group-355AF9D2C133-LeaderElection10] INFO  server.RaftServerConfigKeys (ConfUtils.java:logGet(46)) - raft.server.log.appender.buffer.element-limit = 1 (custom)
2022-10-13 20:19:48,206 [3ddcf304-85b1-49d2-b8da-4a506cacc1b8@group-355AF9D2C133-LeaderElection10] INFO  grpc.GrpcConfigKeys (ConfUtils.java:logGet(46)) - raft.grpc.server.leader.outstanding.appends.max = 128 (default)
2022-10-13 20:19:48,207 [3ddcf304-85b1-49d2-b8da-4a506cacc1b8@group-355AF9D2C133-LeaderElection10] INFO  server.RaftServerConfigKeys (ConfUtils.java:logGet(46)) - raft.server.rpc.request.timeout = 60s (custom)
2022-10-13 20:19:48,207 [3ddcf304-85b1-49d2-b8da-4a506cacc1b8@group-355AF9D2C133-LeaderElection10] INFO  server.RaftServerConfigKeys (ConfUtils.java:logGet(46)) - raft.server.log.appender.install.snapshot.enabled = false (custom)
2022-10-13 20:19:48,207 [3ddcf304-85b1-49d2-b8da-4a506cacc1b8@group-355AF9D2C133-LeaderElection10] INFO  impl.RoleInfo (RoleInfo.java:updateAndGet(139)) - 3ddcf304-85b1-49d2-b8da-4a506cacc1b8: start 3ddcf304-85b1-49d2-b8da-4a506cacc1b8@group-355AF9D2C133-LeaderStateImpl
2022-10-13 20:19:48,207 [3ddcf304-85b1-49d2-b8da-4a506cacc1b8@group-355AF9D2C133-LeaderElection10] INFO  segmented.SegmentedRaftLogWorker (SegmentedRaftLogWorker.java:startLogSegment(425)) - 3ddcf304-85b1-49d2-b8da-4a506cacc1b8@group-355AF9D2C133-SegmentedRaftLogWorker: Starting segment from index:0
2022-10-13 20:19:48,211 [3ddcf304-85b1-49d2-b8da-4a506cacc1b8@group-355AF9D2C133-SegmentedRaftLogWorker] INFO  segmented.SegmentedRaftLogWorker (SegmentedRaftLogWorker.java:execute(629)) - 3ddcf304-85b1-49d2-b8da-4a506cacc1b8@group-355AF9D2C133-SegmentedRaftLogWorker: created new log segment /home/runner/work/ozone/ozone/hadoop-ozone/integration-test/target/test-dir/MiniOzoneClusterImpl-0c33195c-4715-4e74-9207-018c6aa32671/datanode-0/data/ratis/fd382d7b-fa24-4e8b-b8b9-355af9d2c133/current/log_inprogress_0
2022-10-13 20:19:48,213 [e2549e0e-20c3-4590-9573-c43d76d3b17a@group-018C6AA32671-StateMachineUpdater] INFO  safemode.HealthyPipelineSafeModeRule (HealthyPipelineSafeModeRule.java:initializeRule(165)) - Refreshed total pipeline count is 1, healthy pipeline threshold count is 1
2022-10-13 20:19:48,213 [EventQueue-OpenPipelineForHealthyPipelineSafeModeRule] INFO  safemode.SCMSafeModeManager (HealthyPipelineSafeModeRule.java:process(137)) - SCM in safe mode. Healthy pipelines reported count is 1, required healthy pipeline reported count is 1
2022-10-13 20:19:48,213 [EventQueue-OpenPipelineForHealthyPipelineSafeModeRule] INFO  safemode.SCMSafeModeManager (SCMSafeModeManager.java:validateSafeModeExitRules(204)) - HealthyPipelineSafeModeRule rule is successfully validated
2022-10-13 20:19:48,213 [EventQueue-OpenPipelineForHealthyPipelineSafeModeRule] INFO  safemode.SCMSafeModeManager (SCMSafeModeManager.java:validateSafeModeExitRules(219)) - ScmSafeModeManager, all rules are successfully validated
2022-10-13 20:19:48,213 [EventQueue-OpenPipelineForHealthyPipelineSafeModeRule] INFO  safemode.SCMSafeModeManager (SCMSafeModeManager.java:exitSafeMode(248)) - SCM exiting safe mode.
2022-10-13 20:19:48,213 [EventQueue-OpenPipelineForHealthyPipelineSafeModeRule] WARN  events.EventQueue (EventQueue.java:fireEvent(216)) - No event handler registered for event TypedEvent{payloadType=SafeModeStatus, name='Safe mode status'}
2022-10-13 20:19:48,214 [EventQueue-OpenPipelineForHealthyPipelineSafeModeRule] INFO  ha.SCMContext (SCMContext.java:updateSafeModeStatus(228)) - Update SafeModeStatus from SafeModeStatus{safeModeStatus=true, preCheckPassed=true} to SafeModeStatus{safeModeStatus=false, preCheckPassed=true}.
2022-10-13 20:19:48,214 [EventQueue-OpenPipelineForHealthyPipelineSafeModeRule] INFO  BackgroundPipelineScrubber (BackgroundSCMService.java:notifyStatusChanged(82)) - Service BackgroundPipelineScrubber transitions to RUNNING.
2022-10-13 20:19:48,214 [EventQueue-OpenPipelineForHealthyPipelineSafeModeRule] INFO  ExpiredContainerReplicaOpScrubber (BackgroundSCMService.java:notifyStatusChanged(82)) - Service ExpiredContainerReplicaOpScrubber transitions to RUNNING.
2022-10-13 20:19:48,214 [EventQueue-OpenPipelineForHealthyPipelineSafeModeRule] INFO  replication.ReplicationManager (ReplicationManager.java:notifyStatusChanged(728)) - Service ReplicationManager transitions to RUNNING.
2022-10-13 20:19:48,218 [EventQueue-OpenPipelineForHealthyPipelineSafeModeRule] WARN  balancer.ContainerBalancer (ContainerBalancer.java:shouldRun(936)) - Could not find persisted configuration for ContainerBalancer when checking if ContainerBalancer should run. ContainerBalancer should not run now.
2022-10-13 20:19:48,220 [07c9e681-1902-448f-876d-c238a5737790@group-018C6AA32671-StateMachineUpdater] INFO  safemode.HealthyPipelineSafeModeRule (HealthyPipelineSafeModeRule.java:initializeRule(165)) - Refreshed total pipeline count is 1, healthy pipeline threshold count is 1
2022-10-13 20:19:48,228 [3ddcf304-85b1-49d2-b8da-4a506cacc1b8@group-355AF9D2C133-LeaderElection10] INFO  server.RaftServer$Division (ServerState.java:setRaftConf(393)) - 3ddcf304-85b1-49d2-b8da-4a506cacc1b8@group-355AF9D2C133: set configuration 0: [b33b9c80-8f32-4607-98ae-733684aaa44e|rpc:127.0.0.1:46351|dataStream:|priority:0, 4204fecc-e3eb-437d-ab57-73516eed136b|rpc:127.0.0.1:37675|dataStream:|priority:0, 3ddcf304-85b1-49d2-b8da-4a506cacc1b8|rpc:127.0.0.1:38205|dataStream:|priority:1], old=null
2022-10-13 20:19:48,228 [aa1de7e1-092b-4c10-ba41-bafadd24aa7a@group-018C6AA32671-StateMachineUpdater] INFO  safemode.HealthyPipelineSafeModeRule (HealthyPipelineSafeModeRule.java:initializeRule(165)) - Refreshed total pipeline count is 1, healthy pipeline threshold count is 1
2022-10-13 20:19:48,235 [b33b9c80-8f32-4607-98ae-733684aaa44e-server-thread1] INFO  ratis.XceiverServerRatis (XceiverServerRatis.java:handleLeaderChangedNotification(863)) - Leader change notification received for group: group-355AF9D2C133 with new leaderId: 3ddcf304-85b1-49d2-b8da-4a506cacc1b8
2022-10-13 20:19:48,235 [b33b9c80-8f32-4607-98ae-733684aaa44e-server-thread1] INFO  server.RaftServer$Division (ServerState.java:setLeader(287)) - b33b9c80-8f32-4607-98ae-733684aaa44e@group-355AF9D2C133: change Leader from null to 3ddcf304-85b1-49d2-b8da-4a506cacc1b8 at term 1 for appendEntries, leader elected after 4970ms
2022-10-13 20:19:48,238 [4204fecc-e3eb-437d-ab57-73516eed136b-server-thread1] INFO  ratis.XceiverServerRatis (XceiverServerRatis.java:handleLeaderChangedNotification(863)) - Leader change notification received for group: group-355AF9D2C133 with new leaderId: 3ddcf304-85b1-49d2-b8da-4a506cacc1b8
2022-10-13 20:19:48,238 [4204fecc-e3eb-437d-ab57-73516eed136b-server-thread1] INFO  server.RaftServer$Division (ServerState.java:setLeader(287)) - 4204fecc-e3eb-437d-ab57-73516eed136b@group-355AF9D2C133: change Leader from null to 3ddcf304-85b1-49d2-b8da-4a506cacc1b8 at term 1 for appendEntries, leader elected after 5076ms
2022-10-13 20:19:48,243 [b33b9c80-8f32-4607-98ae-733684aaa44e-server-thread2] INFO  server.RaftServer$Division (ServerState.java:setRaftConf(393)) - b33b9c80-8f32-4607-98ae-733684aaa44e@group-355AF9D2C133: set configuration 0: [b33b9c80-8f32-4607-98ae-733684aaa44e|rpc:127.0.0.1:46351|dataStream:|priority:0, 4204fecc-e3eb-437d-ab57-73516eed136b|rpc:127.0.0.1:37675|dataStream:|priority:0, 3ddcf304-85b1-49d2-b8da-4a506cacc1b8|rpc:127.0.0.1:38205|dataStream:|priority:1], old=null
2022-10-13 20:19:48,243 [4204fecc-e3eb-437d-ab57-73516eed136b-server-thread2] INFO  server.RaftServer$Division (ServerState.java:setRaftConf(393)) - 4204fecc-e3eb-437d-ab57-73516eed136b@group-355AF9D2C133: set configuration 0: [b33b9c80-8f32-4607-98ae-733684aaa44e|rpc:127.0.0.1:46351|dataStream:|priority:0, 4204fecc-e3eb-437d-ab57-73516eed136b|rpc:127.0.0.1:37675|dataStream:|priority:0, 3ddcf304-85b1-49d2-b8da-4a506cacc1b8|rpc:127.0.0.1:38205|dataStream:|priority:1], old=null
2022-10-13 20:19:48,243 [4204fecc-e3eb-437d-ab57-73516eed136b-server-thread2] INFO  segmented.SegmentedRaftLogWorker (SegmentedRaftLogWorker.java:startLogSegment(425)) - 4204fecc-e3eb-437d-ab57-73516eed136b@group-355AF9D2C133-SegmentedRaftLogWorker: Starting segment from index:0
2022-10-13 20:19:48,245 [b33b9c80-8f32-4607-98ae-733684aaa44e-server-thread2] INFO  segmented.SegmentedRaftLogWorker (SegmentedRaftLogWorker.java:startLogSegment(425)) - b33b9c80-8f32-4607-98ae-733684aaa44e@group-355AF9D2C133-SegmentedRaftLogWorker: Starting segment from index:0
2022-10-13 20:19:48,249 [b33b9c80-8f32-4607-98ae-733684aaa44e@group-355AF9D2C133-SegmentedRaftLogWorker] INFO  segmented.SegmentedRaftLogWorker (SegmentedRaftLogWorker.java:execute(629)) - b33b9c80-8f32-4607-98ae-733684aaa44e@group-355AF9D2C133-SegmentedRaftLogWorker: created new log segment /home/runner/work/ozone/ozone/hadoop-ozone/integration-test/target/test-dir/MiniOzoneClusterImpl-0c33195c-4715-4e74-9207-018c6aa32671/datanode-1/data/ratis/fd382d7b-fa24-4e8b-b8b9-355af9d2c133/current/log_inprogress_0
2022-10-13 20:19:48,250 [4204fecc-e3eb-437d-ab57-73516eed136b@group-355AF9D2C133-SegmentedRaftLogWorker] INFO  segmented.SegmentedRaftLogWorker (SegmentedRaftLogWorker.java:execute(629)) - 4204fecc-e3eb-437d-ab57-73516eed136b@group-355AF9D2C133-SegmentedRaftLogWorker: created new log segment /home/runner/work/ozone/ozone/hadoop-ozone/integration-test/target/test-dir/MiniOzoneClusterImpl-0c33195c-4715-4e74-9207-018c6aa32671/datanode-2/data/ratis/fd382d7b-fa24-4e8b-b8b9-355af9d2c133/current/log_inprogress_0
2022-10-13 20:19:48,416 [b33b9c80-8f32-4607-98ae-733684aaa44e@group-D113BDED26A6-FollowerState] INFO  impl.FollowerState (FollowerState.java:run(143)) - b33b9c80-8f32-4607-98ae-733684aaa44e@group-D113BDED26A6-FollowerState: change to CANDIDATE, lastRpcElapsedTime:5175100175ns, electionTimeout:5173ms
2022-10-13 20:19:48,416 [b33b9c80-8f32-4607-98ae-733684aaa44e@group-D113BDED26A6-FollowerState] INFO  impl.RoleInfo (RoleInfo.java:shutdownFollowerState(110)) - b33b9c80-8f32-4607-98ae-733684aaa44e: shutdown b33b9c80-8f32-4607-98ae-733684aaa44e@group-D113BDED26A6-FollowerState
2022-10-13 20:19:48,416 [b33b9c80-8f32-4607-98ae-733684aaa44e@group-D113BDED26A6-FollowerState] INFO  server.RaftServer$Division (RaftServerImpl.java:setRole(299)) - b33b9c80-8f32-4607-98ae-733684aaa44e@group-D113BDED26A6: changes role from  FOLLOWER to CANDIDATE at term 0 for changeToCandidate
2022-10-13 20:19:48,416 [b33b9c80-8f32-4607-98ae-733684aaa44e@group-D113BDED26A6-FollowerState] INFO  server.RaftServerConfigKeys (ConfUtils.java:logGet(46)) - raft.server.leaderelection.pre-vote = false (custom)
2022-10-13 20:19:48,416 [b33b9c80-8f32-4607-98ae-733684aaa44e@group-D113BDED26A6-FollowerState] INFO  impl.RoleInfo (RoleInfo.java:updateAndGet(139)) - b33b9c80-8f32-4607-98ae-733684aaa44e: start b33b9c80-8f32-4607-98ae-733684aaa44e@group-D113BDED26A6-LeaderElection11
2022-10-13 20:19:48,421 [b33b9c80-8f32-4607-98ae-733684aaa44e@group-D113BDED26A6-LeaderElection11] INFO  impl.LeaderElection (LeaderElection.java:askForVotes(310)) - b33b9c80-8f32-4607-98ae-733684aaa44e@group-D113BDED26A6-LeaderElection11 ELECTION round 0: submit vote requests at term 1 for -1: [b33b9c80-8f32-4607-98ae-733684aaa44e|rpc:127.0.0.1:46351|priority:1], old=null
2022-10-13 20:19:48,421 [b33b9c80-8f32-4607-98ae-733684aaa44e@group-D113BDED26A6-LeaderElection11] INFO  impl.LeaderElection (LeaderElection.java:askForVotes(312)) - b33b9c80-8f32-4607-98ae-733684aaa44e@group-D113BDED26A6-LeaderElection11 ELECTION round 0: result PASSED (term=1)
2022-10-13 20:19:48,421 [b33b9c80-8f32-4607-98ae-733684aaa44e@group-D113BDED26A6-LeaderElection11] INFO  impl.RoleInfo (RoleInfo.java:shutdownLeaderElection(130)) - b33b9c80-8f32-4607-98ae-733684aaa44e: shutdown b33b9c80-8f32-4607-98ae-733684aaa44e@group-D113BDED26A6-LeaderElection11
2022-10-13 20:19:48,421 [b33b9c80-8f32-4607-98ae-733684aaa44e@group-D113BDED26A6-LeaderElection11] INFO  server.RaftServer$Division (RaftServerImpl.java:setRole(299)) - b33b9c80-8f32-4607-98ae-733684aaa44e@group-D113BDED26A6: changes role from CANDIDATE to LEADER at term 1 for changeToLeader
2022-10-13 20:19:48,421 [b33b9c80-8f32-4607-98ae-733684aaa44e@group-D113BDED26A6-LeaderElection11] INFO  ratis.XceiverServerRatis (XceiverServerRatis.java:handleLeaderChangedNotification(863)) - Leader change notification received for group: group-D113BDED26A6 with new leaderId: b33b9c80-8f32-4607-98ae-733684aaa44e
2022-10-13 20:19:48,421 [b33b9c80-8f32-4607-98ae-733684aaa44e@group-D113BDED26A6-LeaderElection11] INFO  server.RaftServer$Division (ServerState.java:setLeader(287)) - b33b9c80-8f32-4607-98ae-733684aaa44e@group-D113BDED26A6: change Leader from null to b33b9c80-8f32-4607-98ae-733684aaa44e at term 1 for becomeLeader, leader elected after 5229ms
2022-10-13 20:19:48,422 [b33b9c80-8f32-4607-98ae-733684aaa44e@group-D113BDED26A6-LeaderElection11] INFO  server.RaftServerConfigKeys (ConfUtils.java:logGet(46)) - raft.server.staging.catchup.gap = 1000 (default)
2022-10-13 20:19:48,424 [EventQueue-OpenPipelineForHealthyPipelineSafeModeRule] INFO  safemode.SCMSafeModeManager (HealthyPipelineSafeModeRule.java:process(137)) - SCM in safe mode. Healthy pipelines reported count is 1, required healthy pipeline reported count is 1
2022-10-13 20:19:48,424 [EventQueue-OpenPipelineForHealthyPipelineSafeModeRule] INFO  safemode.SCMSafeModeManager (SCMSafeModeManager.java:validateSafeModeExitRules(204)) - HealthyPipelineSafeModeRule rule is successfully validated
2022-10-13 20:19:48,424 [EventQueue-OpenPipelineForHealthyPipelineSafeModeRule] INFO  safemode.SCMSafeModeManager (SCMSafeModeManager.java:validateSafeModeExitRules(219)) - ScmSafeModeManager, all rules are successfully validated
2022-10-13 20:19:48,424 [EventQueue-OpenPipelineForHealthyPipelineSafeModeRule] INFO  safemode.SCMSafeModeManager (SCMSafeModeManager.java:exitSafeMode(248)) - SCM exiting safe mode.
2022-10-13 20:19:48,424 [EventQueue-OpenPipelineForHealthyPipelineSafeModeRule] INFO  safemode.SCMSafeModeManager (HealthyPipelineSafeModeRule.java:process(137)) - SCM in safe mode. Healthy pipelines reported count is 1, required healthy pipeline reported count is 1
2022-10-13 20:19:48,425 [EventQueue-OpenPipelineForHealthyPipelineSafeModeRule] INFO  safemode.SCMSafeModeManager (SCMSafeModeManager.java:validateSafeModeExitRules(204)) - HealthyPipelineSafeModeRule rule is successfully validated
2022-10-13 20:19:48,425 [EventQueue-OpenPipelineForHealthyPipelineSafeModeRule] INFO  safemode.SCMSafeModeManager (SCMSafeModeManager.java:validateSafeModeExitRules(219)) - ScmSafeModeManager, all rules are successfully validated
2022-10-13 20:19:48,425 [EventQueue-OpenPipelineForHealthyPipelineSafeModeRule] INFO  safemode.SCMSafeModeManager (SCMSafeModeManager.java:exitSafeMode(248)) - SCM exiting safe mode.
2022-10-13 20:19:48,425 [EventQueue-OpenPipelineForHealthyPipelineSafeModeRule] WARN  events.EventQueue (EventQueue.java:fireEvent(216)) - No event handler registered for event TypedEvent{payloadType=SafeModeStatus, name='Safe mode status'}
2022-10-13 20:19:48,425 [EventQueue-OpenPipelineForHealthyPipelineSafeModeRule] INFO  ha.SCMContext (SCMContext.java:updateSafeModeStatus(228)) - Update SafeModeStatus from SafeModeStatus{safeModeStatus=true, preCheckPassed=true} to SafeModeStatus{safeModeStatus=false, preCheckPassed=true}.
2022-10-13 20:19:48,424 [EventQueue-OpenPipelineForHealthyPipelineSafeModeRule] WARN  events.EventQueue (EventQueue.java:fireEvent(216)) - No event handler registered for event TypedEvent{payloadType=SafeModeStatus, name='Safe mode status'}
2022-10-13 20:19:48,425 [EventQueue-OpenPipelineForHealthyPipelineSafeModeRule] INFO  ha.SCMContext (SCMContext.java:updateSafeModeStatus(228)) - Update SafeModeStatus from SafeModeStatus{safeModeStatus=true, preCheckPassed=true} to SafeModeStatus{safeModeStatus=false, preCheckPassed=true}.
2022-10-13 20:19:48,427 [b33b9c80-8f32-4607-98ae-733684aaa44e@group-D113BDED26A6-LeaderElection11] INFO  server.RaftServerConfigKeys (ConfUtils.java:logGet(46)) - raft.server.write.element-limit = 1024 (custom)
2022-10-13 20:19:48,427 [b33b9c80-8f32-4607-98ae-733684aaa44e@group-D113BDED26A6-LeaderElection11] INFO  server.RaftServerConfigKeys (ConfUtils.java:logGet(46)) - raft.server.write.byte-limit = 1024 M (=1073741824) (custom)
2022-10-13 20:19:48,427 [b33b9c80-8f32-4607-98ae-733684aaa44e@group-D113BDED26A6-LeaderElection11] INFO  server.RaftServerConfigKeys (ConfUtils.java:logGet(46)) - raft.server.watch.timeout = 180s (custom)
2022-10-13 20:19:48,427 [b33b9c80-8f32-4607-98ae-733684aaa44e@group-D113BDED26A6-LeaderElection11] INFO  server.RaftServerConfigKeys (ConfUtils.java:logGet(46)) - raft.server.watch.timeout.denomination = 1s (default)
2022-10-13 20:19:48,428 [b33b9c80-8f32-4607-98ae-733684aaa44e@group-D113BDED26A6-LeaderElection11] INFO  server.RaftServerConfigKeys (ConfUtils.java:logGet(46)) - raft.server.watch.element-limit = 65536 (default)
2022-10-13 20:19:48,428 [b33b9c80-8f32-4607-98ae-733684aaa44e@group-D113BDED26A6-LeaderElection11] INFO  server.RaftServerConfigKeys (ConfUtils.java:logGet(46)) - raft.server.write.element-limit = 1024 (custom)
2022-10-13 20:19:48,428 [b33b9c80-8f32-4607-98ae-733684aaa44e@group-D113BDED26A6-LeaderElection11] INFO  server.RaftServerConfigKeys (ConfUtils.java:logGet(46)) - raft.server.write.follower.gap.ratio.max = -1.0 (default)
2022-10-13 20:19:48,428 [b33b9c80-8f32-4607-98ae-733684aaa44e@group-D113BDED26A6-LeaderElection11] INFO  impl.RoleInfo (RoleInfo.java:updateAndGet(139)) - b33b9c80-8f32-4607-98ae-733684aaa44e: start b33b9c80-8f32-4607-98ae-733684aaa44e@group-D113BDED26A6-LeaderStateImpl
2022-10-13 20:19:48,428 [b33b9c80-8f32-4607-98ae-733684aaa44e@group-D113BDED26A6-LeaderElection11] INFO  segmented.SegmentedRaftLogWorker (SegmentedRaftLogWorker.java:startLogSegment(425)) - b33b9c80-8f32-4607-98ae-733684aaa44e@group-D113BDED26A6-SegmentedRaftLogWorker: Starting segment from index:0
2022-10-13 20:19:48,430 [b33b9c80-8f32-4607-98ae-733684aaa44e@group-D113BDED26A6-LeaderElection11] INFO  server.RaftServer$Division (ServerState.java:setRaftConf(393)) - b33b9c80-8f32-4607-98ae-733684aaa44e@group-D113BDED26A6: set configuration 0: [b33b9c80-8f32-4607-98ae-733684aaa44e|rpc:127.0.0.1:46351|dataStream:|priority:1], old=null
2022-10-13 20:19:48,433 [b33b9c80-8f32-4607-98ae-733684aaa44e@group-D113BDED26A6-SegmentedRaftLogWorker] INFO  segmented.SegmentedRaftLogWorker (SegmentedRaftLogWorker.java:execute(629)) - b33b9c80-8f32-4607-98ae-733684aaa44e@group-D113BDED26A6-SegmentedRaftLogWorker: created new log segment /home/runner/work/ozone/ozone/hadoop-ozone/integration-test/target/test-dir/MiniOzoneClusterImpl-0c33195c-4715-4e74-9207-018c6aa32671/datanode-1/data/ratis/9b492d2c-6b2c-426a-aa04-d113bded26a6/current/log_inprogress_0
2022-10-13 20:19:48,547 [Listener at 127.0.0.1/34689] INFO  ozone.MiniOzoneClusterImpl (MiniOzoneClusterImpl.java:lambda$waitForClusterToBeReady$0(216)) - Nodes are ready. Got 3 of 3 DN Heartbeats.
2022-10-13 20:19:48,547 [Listener at 127.0.0.1/34689] INFO  ozone.MiniOzoneClusterImpl (MiniOzoneClusterImpl.java:lambda$waitForClusterToBeReady$0(219)) - Cluster exits safe mode
2022-10-13 20:19:48,547 [Listener at 127.0.0.1/34689] INFO  ozone.MiniOzoneClusterImpl (MiniOzoneClusterImpl.java:lambda$waitForClusterToBeReady$0(221)) - SCM became leader
2022-10-13 20:19:48,758 [4204fecc-e3eb-437d-ab57-73516eed136b@group-EB8C396807BF-FollowerState] INFO  impl.FollowerState (FollowerState.java:run(143)) - 4204fecc-e3eb-437d-ab57-73516eed136b@group-EB8C396807BF-FollowerState: change to CANDIDATE, lastRpcElapsedTime:5166212418ns, electionTimeout:5165ms
2022-10-13 20:19:48,758 [4204fecc-e3eb-437d-ab57-73516eed136b@group-EB8C396807BF-FollowerState] INFO  impl.RoleInfo (RoleInfo.java:shutdownFollowerState(110)) - 4204fecc-e3eb-437d-ab57-73516eed136b: shutdown 4204fecc-e3eb-437d-ab57-73516eed136b@group-EB8C396807BF-FollowerState
2022-10-13 20:19:48,758 [4204fecc-e3eb-437d-ab57-73516eed136b@group-EB8C396807BF-FollowerState] INFO  server.RaftServer$Division (RaftServerImpl.java:setRole(299)) - 4204fecc-e3eb-437d-ab57-73516eed136b@group-EB8C396807BF: changes role from  FOLLOWER to CANDIDATE at term 0 for changeToCandidate
2022-10-13 20:19:48,758 [4204fecc-e3eb-437d-ab57-73516eed136b@group-EB8C396807BF-FollowerState] INFO  server.RaftServerConfigKeys (ConfUtils.java:logGet(46)) - raft.server.leaderelection.pre-vote = false (custom)
2022-10-13 20:19:48,758 [4204fecc-e3eb-437d-ab57-73516eed136b@group-EB8C396807BF-FollowerState] INFO  impl.RoleInfo (RoleInfo.java:updateAndGet(139)) - 4204fecc-e3eb-437d-ab57-73516eed136b: start 4204fecc-e3eb-437d-ab57-73516eed136b@group-EB8C396807BF-LeaderElection12
2022-10-13 20:19:48,773 [4204fecc-e3eb-437d-ab57-73516eed136b@group-EB8C396807BF-LeaderElection12] INFO  impl.LeaderElection (LeaderElection.java:askForVotes(310)) - 4204fecc-e3eb-437d-ab57-73516eed136b@group-EB8C396807BF-LeaderElection12 ELECTION round 0: submit vote requests at term 1 for -1: [4204fecc-e3eb-437d-ab57-73516eed136b|rpc:127.0.0.1:37675|priority:1], old=null
2022-10-13 20:19:48,773 [4204fecc-e3eb-437d-ab57-73516eed136b@group-EB8C396807BF-LeaderElection12] INFO  impl.LeaderElection (LeaderElection.java:askForVotes(312)) - 4204fecc-e3eb-437d-ab57-73516eed136b@group-EB8C396807BF-LeaderElection12 ELECTION round 0: result PASSED (term=1)
2022-10-13 20:19:48,773 [4204fecc-e3eb-437d-ab57-73516eed136b@group-EB8C396807BF-LeaderElection12] INFO  impl.RoleInfo (RoleInfo.java:shutdownLeaderElection(130)) - 4204fecc-e3eb-437d-ab57-73516eed136b: shutdown 4204fecc-e3eb-437d-ab57-73516eed136b@group-EB8C396807BF-LeaderElection12
2022-10-13 20:19:48,773 [4204fecc-e3eb-437d-ab57-73516eed136b@group-EB8C396807BF-LeaderElection12] INFO  server.RaftServer$Division (RaftServerImpl.java:setRole(299)) - 4204fecc-e3eb-437d-ab57-73516eed136b@group-EB8C396807BF: changes role from CANDIDATE to LEADER at term 1 for changeToLeader
2022-10-13 20:19:48,773 [4204fecc-e3eb-437d-ab57-73516eed136b@group-EB8C396807BF-LeaderElection12] INFO  ratis.XceiverServerRatis (XceiverServerRatis.java:handleLeaderChangedNotification(863)) - Leader change notification received for group: group-EB8C396807BF with new leaderId: 4204fecc-e3eb-437d-ab57-73516eed136b
2022-10-13 20:19:48,774 [4204fecc-e3eb-437d-ab57-73516eed136b@group-EB8C396807BF-LeaderElection12] INFO  server.RaftServer$Division (ServerState.java:setLeader(287)) - 4204fecc-e3eb-437d-ab57-73516eed136b@group-EB8C396807BF: change Leader from null to 4204fecc-e3eb-437d-ab57-73516eed136b at term 1 for becomeLeader, leader elected after 5223ms
2022-10-13 20:19:48,774 [4204fecc-e3eb-437d-ab57-73516eed136b@group-EB8C396807BF-LeaderElection12] INFO  server.RaftServerConfigKeys (ConfUtils.java:logGet(46)) - raft.server.staging.catchup.gap = 1000 (default)
2022-10-13 20:19:48,775 [4204fecc-e3eb-437d-ab57-73516eed136b@group-EB8C396807BF-LeaderElection12] INFO  server.RaftServerConfigKeys (ConfUtils.java:logGet(46)) - raft.server.write.element-limit = 1024 (custom)
2022-10-13 20:19:48,775 [4204fecc-e3eb-437d-ab57-73516eed136b@group-EB8C396807BF-LeaderElection12] INFO  server.RaftServerConfigKeys (ConfUtils.java:logGet(46)) - raft.server.write.byte-limit = 1024 M (=1073741824) (custom)
2022-10-13 20:19:48,775 [4204fecc-e3eb-437d-ab57-73516eed136b@group-EB8C396807BF-LeaderElection12] INFO  server.RaftServerConfigKeys (ConfUtils.java:logGet(46)) - raft.server.watch.timeout = 180s (custom)
2022-10-13 20:19:48,775 [4204fecc-e3eb-437d-ab57-73516eed136b@group-EB8C396807BF-LeaderElection12] INFO  server.RaftServerConfigKeys (ConfUtils.java:logGet(46)) - raft.server.watch.timeout.denomination = 1s (default)
2022-10-13 20:19:48,775 [4204fecc-e3eb-437d-ab57-73516eed136b@group-EB8C396807BF-LeaderElection12] INFO  server.RaftServerConfigKeys (ConfUtils.java:logGet(46)) - raft.server.watch.element-limit = 65536 (default)
2022-10-13 20:19:48,775 [4204fecc-e3eb-437d-ab57-73516eed136b@group-EB8C396807BF-LeaderElection12] INFO  server.RaftServerConfigKeys (ConfUtils.java:logGet(46)) - raft.server.write.element-limit = 1024 (custom)
2022-10-13 20:19:48,775 [4204fecc-e3eb-437d-ab57-73516eed136b@group-EB8C396807BF-LeaderElection12] INFO  server.RaftServerConfigKeys (ConfUtils.java:logGet(46)) - raft.server.write.follower.gap.ratio.max = -1.0 (default)
2022-10-13 20:19:48,775 [4204fecc-e3eb-437d-ab57-73516eed136b@group-EB8C396807BF-LeaderElection12] INFO  impl.RoleInfo (RoleInfo.java:updateAndGet(139)) - 4204fecc-e3eb-437d-ab57-73516eed136b: start 4204fecc-e3eb-437d-ab57-73516eed136b@group-EB8C396807BF-LeaderStateImpl
2022-10-13 20:19:48,776 [4204fecc-e3eb-437d-ab57-73516eed136b@group-EB8C396807BF-LeaderElection12] INFO  segmented.SegmentedRaftLogWorker (SegmentedRaftLogWorker.java:startLogSegment(425)) - 4204fecc-e3eb-437d-ab57-73516eed136b@group-EB8C396807BF-SegmentedRaftLogWorker: Starting segment from index:0
2022-10-13 20:19:48,779 [4204fecc-e3eb-437d-ab57-73516eed136b@group-EB8C396807BF-SegmentedRaftLogWorker] INFO  segmented.SegmentedRaftLogWorker (SegmentedRaftLogWorker.java:execute(629)) - 4204fecc-e3eb-437d-ab57-73516eed136b@group-EB8C396807BF-SegmentedRaftLogWorker: created new log segment /home/runner/work/ozone/ozone/hadoop-ozone/integration-test/target/test-dir/MiniOzoneClusterImpl-0c33195c-4715-4e74-9207-018c6aa32671/datanode-2/data/ratis/cf99af9f-7f22-4373-8c0a-eb8c396807bf/current/log_inprogress_0
2022-10-13 20:19:48,788 [4204fecc-e3eb-437d-ab57-73516eed136b@group-EB8C396807BF-LeaderElection12] INFO  server.RaftServer$Division (ServerState.java:setRaftConf(393)) - 4204fecc-e3eb-437d-ab57-73516eed136b@group-EB8C396807BF: set configuration 0: [4204fecc-e3eb-437d-ab57-73516eed136b|rpc:127.0.0.1:37675|dataStream:|priority:1], old=null
2022-10-13 20:19:49,054 [IPC Server handler 0 on default port 38225] INFO  ha.SCMNodeInfo (SCMNodeInfo.java:getPort(197)) - ConfigKey ozone.scm.client.address is deprecated, For configuring different ports for each SCM use PortConfigKey ozone.scm.client.port appended with serviceId and nodeId
2022-10-13 20:19:49,055 [IPC Server handler 0 on default port 38225] INFO  ha.SCMNodeInfo (SCMNodeInfo.java:getPort(197)) - ConfigKey ozone.scm.block.client.address is deprecated, For configuring different ports for each SCM use PortConfigKey ozone.scm.block.client.port appended with serviceId and nodeId
2022-10-13 20:19:49,055 [IPC Server handler 0 on default port 38225] INFO  ha.SCMNodeInfo (SCMNodeInfo.java:getPort(197)) - ConfigKey ozone.scm.datanode.address is deprecated, For configuring different ports for each SCM use PortConfigKey ozone.scm.datanode.port appended with serviceId and nodeId
2022-10-13 20:19:49,055 [IPC Server handler 0 on default port 38225] INFO  ha.SCMNodeInfo (SCMNodeInfo.java:getPort(197)) - ConfigKey ozone.scm.client.address is deprecated, For configuring different ports for each SCM use PortConfigKey ozone.scm.client.port appended with serviceId and nodeId
2022-10-13 20:19:49,055 [IPC Server handler 0 on default port 38225] INFO  ha.SCMNodeInfo (SCMNodeInfo.java:getPort(197)) - ConfigKey ozone.scm.block.client.address is deprecated, For configuring different ports for each SCM use PortConfigKey ozone.scm.block.client.port appended with serviceId and nodeId
2022-10-13 20:19:49,055 [IPC Server handler 0 on default port 38225] INFO  ha.SCMNodeInfo (SCMNodeInfo.java:getPort(197)) - ConfigKey ozone.scm.datanode.address is deprecated, For configuring different ports for each SCM use PortConfigKey ozone.scm.datanode.port appended with serviceId and nodeId
2022-10-13 20:19:49,055 [IPC Server handler 0 on default port 38225] INFO  ha.SCMNodeInfo (SCMNodeInfo.java:getPort(197)) - ConfigKey ozone.scm.client.address is deprecated, For configuring different ports for each SCM use PortConfigKey ozone.scm.client.port appended with serviceId and nodeId
2022-10-13 20:19:49,055 [IPC Server handler 0 on default port 38225] INFO  ha.SCMNodeInfo (SCMNodeInfo.java:getPort(197)) - ConfigKey ozone.scm.block.client.address is deprecated, For configuring different ports for each SCM use PortConfigKey ozone.scm.block.client.port appended with serviceId and nodeId
2022-10-13 20:19:49,055 [IPC Server handler 0 on default port 38225] INFO  ha.SCMNodeInfo (SCMNodeInfo.java:getPort(197)) - ConfigKey ozone.scm.datanode.address is deprecated, For configuring different ports for each SCM use PortConfigKey ozone.scm.datanode.port appended with serviceId and nodeId
2022-10-13 20:19:49,070 [Listener at 127.0.0.1/34689] INFO  rpc.RpcClient (RpcClient.java:createVolume(471)) - Creating Volume: 3f07693f-e9bd-4285-9af7-3e4e2b7ab748, with runner as owner and space quota set to -1 bytes, counts quota set to -1
2022-10-13 20:19:49,125 [OM StateMachine ApplyTransaction Thread - 0] INFO  volume.OMVolumeCreateRequest (OMVolumeCreateRequest.java:validateAndUpdateCache(195)) - created volume:3f07693f-e9bd-4285-9af7-3e4e2b7ab748 for user:runner
2022-10-13 20:19:49,130 [OM StateMachine ApplyTransaction Thread - 0] INFO  volume.OMVolumeCreateRequest (OMVolumeCreateRequest.java:validateAndUpdateCache(195)) - created volume:3f07693f-e9bd-4285-9af7-3e4e2b7ab748 for user:runner
2022-10-13 20:19:49,130 [OM StateMachine ApplyTransaction Thread - 0] INFO  volume.OMVolumeCreateRequest (OMVolumeCreateRequest.java:validateAndUpdateCache(195)) - created volume:3f07693f-e9bd-4285-9af7-3e4e2b7ab748 for user:runner
2022-10-13 20:19:49,167 [Listener at 127.0.0.1/34689] INFO  rpc.RpcClient (RpcClient.java:createBucket(674)) - Creating Bucket: 3f07693f-e9bd-4285-9af7-3e4e2b7ab748/0ac00d51-220d-4a04-99c6-46bbfa7449fe, with server-side default bucket layout, runner as owner, Versioning false, Storage Type set to DISK and Encryption set to false 
2022-10-13 20:19:49,202 [OM StateMachine ApplyTransaction Thread - 0] INFO  bucket.OMBucketCreateRequest (OMBucketCreateRequest.java:validateAndUpdateCache(260)) - created bucket: 0ac00d51-220d-4a04-99c6-46bbfa7449fe of layout LEGACY in volume: 3f07693f-e9bd-4285-9af7-3e4e2b7ab748
2022-10-13 20:19:49,206 [Listener at 127.0.0.1/34689] INFO  ozone.MiniOzoneHAClusterImpl (MiniOzoneHAClusterImpl.java:stop(312)) - Stopping the OzoneManager omNode-3
2022-10-13 20:19:49,206 [Listener at 127.0.0.1/34689] INFO  om.OzoneManager (OzoneManager.java:stop(2035)) - omNode-3[localhost:34689]: Stopping Ozone Manager
2022-10-13 20:19:49,206 [Listener at 127.0.0.1/34689] INFO  ipc.Server (Server.java:stop(3428)) - Stopping server on 34689
2022-10-13 20:19:49,208 [OM StateMachine ApplyTransaction Thread - 0] INFO  bucket.OMBucketCreateRequest (OMBucketCreateRequest.java:validateAndUpdateCache(260)) - created bucket: 0ac00d51-220d-4a04-99c6-46bbfa7449fe of layout LEGACY in volume: 3f07693f-e9bd-4285-9af7-3e4e2b7ab748
2022-10-13 20:19:49,224 [OM StateMachine ApplyTransaction Thread - 0] INFO  bucket.OMBucketCreateRequest (OMBucketCreateRequest.java:validateAndUpdateCache(260)) - created bucket: 0ac00d51-220d-4a04-99c6-46bbfa7449fe of layout LEGACY in volume: 3f07693f-e9bd-4285-9af7-3e4e2b7ab748
2022-10-13 20:19:49,232 [IPC Server listener on 34689] INFO  ipc.Server (Server.java:run(1384)) - Stopping IPC Server listener on 34689
2022-10-13 20:19:49,233 [Listener at 127.0.0.1/34689] INFO  server.RaftServer (RaftServerProxy.java:lambda$close$7(398)) - omNode-3: close
2022-10-13 20:19:49,233 [Listener at 127.0.0.1/34689] INFO  server.RaftServer$Division (RaftServerImpl.java:lambda$close$4(434)) - omNode-3@group-6C22E66A003A: shutdown
2022-10-13 20:19:49,233 [Listener at 127.0.0.1/34689] INFO  util.JmxRegister (JmxRegister.java:unregister(73)) - Successfully un-registered JMX Bean with object name Ratis:service=RaftServer,group=group-6C22E66A003A,id=omNode-3
2022-10-13 20:19:49,233 [Listener at 127.0.0.1/34689] INFO  impl.RoleInfo (RoleInfo.java:shutdownFollowerState(110)) - omNode-3: shutdown omNode-3@group-6C22E66A003A-FollowerState
2022-10-13 20:19:49,233 [IPC Server Responder] INFO  ipc.Server (Server.java:run(1517)) - Stopping IPC Server Responder
2022-10-13 20:19:49,234 [Listener at 127.0.0.1/34689] INFO  impl.StateMachineUpdater (StateMachineUpdater.java:stopAndJoin(153)) - omNode-3@group-6C22E66A003A-StateMachineUpdater: set stopIndex = 5
2022-10-13 20:19:49,234 [omNode-3@group-6C22E66A003A-FollowerState] INFO  impl.FollowerState (FollowerState.java:run(152)) - omNode-3@group-6C22E66A003A-FollowerState was interrupted
2022-10-13 20:19:49,234 [omNode-3@group-6C22E66A003A-StateMachineUpdater] INFO  ratis.OzoneManagerStateMachine (OzoneManagerStateMachine.java:takeSnapshot(441)) - Current Snapshot Index (t:4, i:5)
2022-10-13 20:19:49,235 [omNode-3@group-6C22E66A003A-StateMachineUpdater] INFO  impl.StateMachineUpdater (StateMachineUpdater.java:takeSnapshot(287)) - omNode-3@group-6C22E66A003A-StateMachineUpdater: Took a snapshot at index 5
2022-10-13 20:19:49,235 [omNode-3@group-6C22E66A003A-StateMachineUpdater] INFO  impl.StateMachineUpdater (StateMachineUpdater.java:lambda$new$0(92)) - omNode-3@group-6C22E66A003A-StateMachineUpdater: snapshotIndex: updateIncreasingly -1 -> 5
2022-10-13 20:19:49,235 [omNode-3@group-6C22E66A003A-StateMachineUpdater] INFO  ratis.OzoneManagerStateMachine (OzoneManagerStateMachine.java:close(495)) - StateMachine has shutdown. Shutdown OzoneManager if not already shutdown.
2022-10-13 20:19:49,235 [omNode-3@group-6C22E66A003A-StateMachineUpdater] INFO  ratis.OzoneManagerDoubleBuffer (OzoneManagerDoubleBuffer.java:stop(466)) - Stopping OMDoubleBuffer flush thread
2022-10-13 20:19:49,235 [OMDoubleBufferFlushThread] INFO  ratis.OzoneManagerDoubleBuffer (OzoneManagerDoubleBuffer.java:flushTransactions(385)) - OMDoubleBuffer flush thread OMDoubleBufferFlushThread is interrupted and will exit.
2022-10-13 20:19:49,241 [Listener at 127.0.0.1/34689] INFO  server.RaftServer$Division (ServerState.java:close(429)) - omNode-3@group-6C22E66A003A: closes. applyIndex: 5
2022-10-13 20:19:49,241 [omNode-3@group-6C22E66A003A-SegmentedRaftLogWorker] INFO  segmented.SegmentedRaftLogWorker (SegmentedRaftLogWorker.java:run(336)) - omNode-3@group-6C22E66A003A-SegmentedRaftLogWorker was interrupted, exiting. There are 0 tasks remaining in the queue.
2022-10-13 20:19:49,243 [Listener at 127.0.0.1/34689] INFO  segmented.SegmentedRaftLogWorker (SegmentedRaftLogWorker.java:close(246)) - omNode-3@group-6C22E66A003A-SegmentedRaftLogWorker close()
2022-10-13 20:19:49,246 [Listener at 127.0.0.1/34689] INFO  server.GrpcService (GrpcService.java:closeImpl(269)) - omNode-3: shutdown server with port 35315 now
2022-10-13 20:19:49,256 [grpc-default-executor-2] WARN  server.GrpcServerProtocolService (LogUtils.java:warn(122)) - omNode-3: installSnapshot onError, lastRequest: omNode-2->omNode-3#92-t4,previous=(t:4, i:5),leaderCommit=5,initializing? true,entries: size=1, first=(t:4, i:6), METADATAENTRY(c:5): org.apache.ratis.thirdparty.io.grpc.StatusRuntimeException: CANCELLED: client cancelled
2022-10-13 20:19:49,264 [grpc-default-executor-2] WARN  server.GrpcLogAppender (LogUtils.java:warn(122)) - omNode-2@group-6C22E66A003A->omNode-3-AppendLogResponseHandler: Failed appendEntries: org.apache.ratis.thirdparty.io.grpc.StatusRuntimeException: CANCELLED: RST_STREAM closed stream. HTTP/2 error code: CANCEL
2022-10-13 20:19:49,264 [grpc-default-executor-2] INFO  leader.FollowerInfo (FollowerInfoImpl.java:lambda$new$0(48)) - omNode-2@group-6C22E66A003A->omNode-3: nextIndex: updateUnconditionally 7 -> 6
2022-10-13 20:19:49,266 [Listener at 127.0.0.1/34689] INFO  server.GrpcService (GrpcService.java:closeImpl(278)) - omNode-3: shutdown server with port 35315 successfully
2022-10-13 20:19:49,266 [org.apache.ratis.util.JvmPauseMonitor$$Lambda$519/1431033796@37274663] INFO  util.JvmPauseMonitor (JvmPauseMonitor.java:run(109)) - JvmPauseMonitor-omNode-3: Stopped
2022-10-13 20:19:49,267 [Listener at 127.0.0.1/34689] INFO  ratis.OzoneManagerStateMachine (OzoneManagerStateMachine.java:close(495)) - StateMachine has shutdown. Shutdown OzoneManager if not already shutdown.
2022-10-13 20:19:49,267 [Listener at 127.0.0.1/34689] INFO  ratis.OzoneManagerDoubleBuffer (OzoneManagerDoubleBuffer.java:stop(478)) - OMDoubleBuffer flush thread is not running.
2022-10-13 20:19:49,267 [Listener at 127.0.0.1/34689] INFO  utils.BackgroundService (BackgroundService.java:shutdown(141)) - Shutting down service KeyDeletingService
2022-10-13 20:19:49,267 [Listener at 127.0.0.1/34689] INFO  utils.BackgroundService (BackgroundService.java:shutdown(141)) - Shutting down service DirectoryDeletingService
2022-10-13 20:19:49,267 [Listener at 127.0.0.1/34689] INFO  utils.BackgroundService (BackgroundService.java:shutdown(141)) - Shutting down service OpenKeyCleanupService
2022-10-13 20:19:49,269 [Listener at 127.0.0.1/34689] INFO  handler.ContextHandler (ContextHandler.java:doStop(1153)) - Stopped o.e.j.w.WebAppContext@57ee64fe{ozoneManager,/,null,STOPPED}{file:/home/runner/work/ozone/ozone/hadoop-ozone/integration-test/target/test-classes/webapps/ozoneManager}
2022-10-13 20:19:49,276 [Listener at 127.0.0.1/34689] INFO  server.AbstractConnector (AbstractConnector.java:doStop(381)) - Stopped ServerConnector@5b2dc177{HTTP/1.1, (http/1.1)}{0.0.0.0:34397}
2022-10-13 20:19:49,276 [Listener at 127.0.0.1/34689] INFO  server.session (HouseKeeper.java:stopScavenging(149)) - node0 Stopped scavenging
2022-10-13 20:19:49,276 [Listener at 127.0.0.1/34689] INFO  handler.ContextHandler (ContextHandler.java:doStop(1153)) - Stopped o.e.j.s.ServletContextHandler@e2137ba{static,/static,file:///home/runner/work/ozone/ozone/hadoop-ozone/integration-test/target/test-classes/webapps/static,STOPPED}
2022-10-13 20:19:49,276 [Listener at 127.0.0.1/34689] INFO  handler.ContextHandler (ContextHandler.java:doStop(1153)) - Stopped o.e.j.s.ServletContextHandler@54ff0379{logs,/logs,file:///home/runner/work/ozone/ozone/hadoop-ozone/integration-test/target/log,STOPPED}
2022-10-13 20:19:49,281 [grpc-default-executor-0] WARN  server.GrpcLogAppender (LogUtils.java:warn(122)) - omNode-2@group-6C22E66A003A->omNode-3-AppendLogResponseHandler: Failed appendEntries: org.apache.ratis.thirdparty.io.grpc.StatusRuntimeException: UNAVAILABLE: io exception
2022-10-13 20:19:49,281 [grpc-default-executor-0] INFO  leader.FollowerInfo (FollowerInfoImpl.java:lambda$new$0(48)) - omNode-2@group-6C22E66A003A->omNode-3: nextIndex: updateUnconditionally 7 -> 6
2022-10-13 20:19:49,282 [Listener at 127.0.0.1/34689] INFO  ozone.MiniOzoneHAClusterImpl (MiniOzoneHAClusterImpl.java:stop(312)) - Stopping the OzoneManager omNode-1
2022-10-13 20:19:49,282 [Listener at 127.0.0.1/34689] INFO  om.OzoneManager (OzoneManager.java:stop(2035)) - omNode-1[localhost:36285]: Stopping Ozone Manager
2022-10-13 20:19:49,282 [Listener at 127.0.0.1/34689] INFO  ipc.Server (Server.java:stop(3428)) - Stopping server on 36285
2022-10-13 20:19:49,283 [IPC Server listener on 36285] INFO  ipc.Server (Server.java:run(1384)) - Stopping IPC Server listener on 36285
2022-10-13 20:19:49,290 [IPC Server Responder] INFO  ipc.Server (Server.java:run(1517)) - Stopping IPC Server Responder
2022-10-13 20:19:49,291 [Listener at 127.0.0.1/34689] INFO  server.RaftServer (RaftServerProxy.java:lambda$close$7(398)) - omNode-1: close
2022-10-13 20:19:49,291 [Listener at 127.0.0.1/34689] INFO  server.RaftServer$Division (RaftServerImpl.java:lambda$close$4(434)) - omNode-1@group-6C22E66A003A: shutdown
2022-10-13 20:19:49,291 [Listener at 127.0.0.1/34689] INFO  util.JmxRegister (JmxRegister.java:unregister(73)) - Successfully un-registered JMX Bean with object name Ratis:service=RaftServer,group=group-6C22E66A003A,id=omNode-1
2022-10-13 20:19:49,291 [Listener at 127.0.0.1/34689] INFO  impl.RoleInfo (RoleInfo.java:shutdownFollowerState(110)) - omNode-1: shutdown omNode-1@group-6C22E66A003A-FollowerState
2022-10-13 20:19:49,291 [omNode-1@group-6C22E66A003A-FollowerState] INFO  impl.FollowerState (FollowerState.java:run(152)) - omNode-1@group-6C22E66A003A-FollowerState was interrupted
2022-10-13 20:19:49,291 [Listener at 127.0.0.1/34689] INFO  impl.StateMachineUpdater (StateMachineUpdater.java:stopAndJoin(153)) - omNode-1@group-6C22E66A003A-StateMachineUpdater: set stopIndex = 5
2022-10-13 20:19:49,292 [omNode-1@group-6C22E66A003A-StateMachineUpdater] INFO  ratis.OzoneManagerStateMachine (OzoneManagerStateMachine.java:takeSnapshot(441)) - Current Snapshot Index (t:4, i:5)
2022-10-13 20:19:49,292 [omNode-1@group-6C22E66A003A-StateMachineUpdater] INFO  impl.StateMachineUpdater (StateMachineUpdater.java:takeSnapshot(287)) - omNode-1@group-6C22E66A003A-StateMachineUpdater: Took a snapshot at index 5
2022-10-13 20:19:49,292 [omNode-1@group-6C22E66A003A-StateMachineUpdater] INFO  impl.StateMachineUpdater (StateMachineUpdater.java:lambda$new$0(92)) - omNode-1@group-6C22E66A003A-StateMachineUpdater: snapshotIndex: updateIncreasingly -1 -> 5
2022-10-13 20:19:49,292 [omNode-1@group-6C22E66A003A-StateMachineUpdater] INFO  ratis.OzoneManagerStateMachine (OzoneManagerStateMachine.java:close(495)) - StateMachine has shutdown. Shutdown OzoneManager if not already shutdown.
2022-10-13 20:19:49,292 [omNode-1@group-6C22E66A003A-StateMachineUpdater] INFO  ratis.OzoneManagerDoubleBuffer (OzoneManagerDoubleBuffer.java:stop(466)) - Stopping OMDoubleBuffer flush thread
2022-10-13 20:19:49,292 [OMDoubleBufferFlushThread] INFO  ratis.OzoneManagerDoubleBuffer (OzoneManagerDoubleBuffer.java:flushTransactions(385)) - OMDoubleBuffer flush thread OMDoubleBufferFlushThread is interrupted and will exit.
2022-10-13 20:19:49,295 [Listener at 127.0.0.1/34689] INFO  server.RaftServer$Division (ServerState.java:close(429)) - omNode-1@group-6C22E66A003A: closes. applyIndex: 5
2022-10-13 20:19:49,295 [omNode-1@group-6C22E66A003A-SegmentedRaftLogWorker] INFO  segmented.SegmentedRaftLogWorker (SegmentedRaftLogWorker.java:run(336)) - omNode-1@group-6C22E66A003A-SegmentedRaftLogWorker was interrupted, exiting. There are 0 tasks remaining in the queue.
2022-10-13 20:19:49,298 [Listener at 127.0.0.1/34689] INFO  segmented.SegmentedRaftLogWorker (SegmentedRaftLogWorker.java:close(246)) - omNode-1@group-6C22E66A003A-SegmentedRaftLogWorker close()
2022-10-13 20:19:49,301 [Listener at 127.0.0.1/34689] INFO  server.GrpcService (GrpcService.java:closeImpl(269)) - omNode-1: shutdown server with port 34613 now
2022-10-13 20:19:49,303 [grpc-default-executor-2] WARN  server.GrpcServerProtocolService (LogUtils.java:warn(122)) - omNode-1: installSnapshot onError, lastRequest: omNode-2->omNode-1#95-t4,previous=(t:4, i:5),leaderCommit=5,initializing? true,entries: size=1, first=(t:4, i:6), METADATAENTRY(c:5): org.apache.ratis.thirdparty.io.grpc.StatusRuntimeException: CANCELLED: client cancelled
2022-10-13 20:19:49,303 [grpc-default-executor-3] WARN  server.GrpcLogAppender (LogUtils.java:warn(122)) - omNode-2@group-6C22E66A003A->omNode-1-AppendLogResponseHandler: Failed appendEntries: org.apache.ratis.thirdparty.io.grpc.StatusRuntimeException: CANCELLED: RST_STREAM closed stream. HTTP/2 error code: CANCEL
2022-10-13 20:19:49,303 [grpc-default-executor-3] INFO  leader.FollowerInfo (FollowerInfoImpl.java:lambda$new$0(48)) - omNode-2@group-6C22E66A003A->omNode-1: nextIndex: updateUnconditionally 7 -> 6
2022-10-13 20:19:49,316 [Listener at 127.0.0.1/34689] INFO  server.GrpcService (GrpcService.java:closeImpl(278)) - omNode-1: shutdown server with port 34613 successfully
2022-10-13 20:19:49,317 [grpc-default-executor-3] WARN  server.GrpcLogAppender (LogUtils.java:warn(122)) - omNode-2@group-6C22E66A003A->omNode-1-AppendLogResponseHandler: Failed appendEntries: org.apache.ratis.thirdparty.io.grpc.StatusRuntimeException: UNAVAILABLE: io exception
2022-10-13 20:19:49,318 [grpc-default-executor-3] INFO  leader.FollowerInfo (FollowerInfoImpl.java:lambda$new$0(48)) - omNode-2@group-6C22E66A003A->omNode-1: nextIndex: updateUnconditionally 7 -> 6
2022-10-13 20:19:49,318 [org.apache.ratis.util.JvmPauseMonitor$$Lambda$519/1431033796@24ad5a5d] INFO  util.JvmPauseMonitor (JvmPauseMonitor.java:run(109)) - JvmPauseMonitor-omNode-1: Stopped
2022-10-13 20:19:49,323 [Listener at 127.0.0.1/34689] INFO  ratis.OzoneManagerStateMachine (OzoneManagerStateMachine.java:close(495)) - StateMachine has shutdown. Shutdown OzoneManager if not already shutdown.
2022-10-13 20:19:49,324 [Listener at 127.0.0.1/34689] INFO  ratis.OzoneManagerDoubleBuffer (OzoneManagerDoubleBuffer.java:stop(478)) - OMDoubleBuffer flush thread is not running.
2022-10-13 20:19:49,324 [Listener at 127.0.0.1/34689] INFO  utils.BackgroundService (BackgroundService.java:shutdown(141)) - Shutting down service KeyDeletingService
2022-10-13 20:19:49,325 [Listener at 127.0.0.1/34689] INFO  utils.BackgroundService (BackgroundService.java:shutdown(141)) - Shutting down service DirectoryDeletingService
2022-10-13 20:19:49,326 [Listener at 127.0.0.1/34689] INFO  utils.BackgroundService (BackgroundService.java:shutdown(141)) - Shutting down service OpenKeyCleanupService
2022-10-13 20:19:49,326 [Listener at 127.0.0.1/34689] INFO  handler.ContextHandler (ContextHandler.java:doStop(1153)) - Stopped o.e.j.w.WebAppContext@5b8ce849{ozoneManager,/,null,STOPPED}{file:/home/runner/work/ozone/ozone/hadoop-ozone/integration-test/target/test-classes/webapps/ozoneManager}
2022-10-13 20:19:49,327 [Listener at 127.0.0.1/34689] INFO  server.AbstractConnector (AbstractConnector.java:doStop(381)) - Stopped ServerConnector@7220f747{HTTP/1.1, (http/1.1)}{0.0.0.0:33639}
2022-10-13 20:19:49,327 [Listener at 127.0.0.1/34689] INFO  server.session (HouseKeeper.java:stopScavenging(149)) - node0 Stopped scavenging
2022-10-13 20:19:49,327 [Listener at 127.0.0.1/34689] INFO  handler.ContextHandler (ContextHandler.java:doStop(1153)) - Stopped o.e.j.s.ServletContextHandler@29f2b4f{static,/static,file:///home/runner/work/ozone/ozone/hadoop-ozone/integration-test/target/test-classes/webapps/static,STOPPED}
2022-10-13 20:19:49,327 [Listener at 127.0.0.1/34689] INFO  handler.ContextHandler (ContextHandler.java:doStop(1153)) - Stopped o.e.j.s.ServletContextHandler@9484cd2{logs,/logs,file:///home/runner/work/ozone/ozone/hadoop-ozone/integration-test/target/log,STOPPED}
2022-10-13 20:19:49,332 [Listener at 127.0.0.1/34689] INFO  ozone.MiniOzoneHAClusterImpl (MiniOzoneHAClusterImpl.java:stop(312)) - Stopping the OzoneManager omNode-2
2022-10-13 20:19:49,332 [Listener at 127.0.0.1/34689] INFO  om.OzoneManager (OzoneManager.java:stop(2035)) - omNode-2[localhost:38225]: Stopping Ozone Manager
2022-10-13 20:19:49,332 [Listener at 127.0.0.1/34689] INFO  ipc.Server (Server.java:stop(3428)) - Stopping server on 38225
2022-10-13 20:19:49,337 [IPC Server Responder] INFO  ipc.Server (Server.java:run(1517)) - Stopping IPC Server Responder
2022-10-13 20:19:49,337 [IPC Server listener on 38225] INFO  ipc.Server (Server.java:run(1384)) - Stopping IPC Server listener on 38225
2022-10-13 20:19:49,338 [Listener at 127.0.0.1/34689] INFO  server.RaftServer (RaftServerProxy.java:lambda$close$7(398)) - omNode-2: close
2022-10-13 20:19:49,339 [Listener at 127.0.0.1/34689] INFO  server.RaftServer$Division (RaftServerImpl.java:lambda$close$4(434)) - omNode-2@group-6C22E66A003A: shutdown
2022-10-13 20:19:49,339 [Listener at 127.0.0.1/34689] INFO  util.JmxRegister (JmxRegister.java:unregister(73)) - Successfully un-registered JMX Bean with object name Ratis:service=RaftServer,group=group-6C22E66A003A,id=omNode-2
2022-10-13 20:19:49,339 [Listener at 127.0.0.1/34689] INFO  impl.RoleInfo (RoleInfo.java:shutdownLeaderState(93)) - omNode-2: shutdown omNode-2@group-6C22E66A003A-LeaderStateImpl
2022-10-13 20:19:49,339 [omNode-2@group-6C22E66A003A->omNode-3-GrpcLogAppender-LogAppenderDaemon] WARN  server.GrpcLogAppender (GrpcLogAppender.java:mayWait(171)) - omNode-2@group-6C22E66A003A->omNode-3-GrpcLogAppender: Wait interrupted by java.lang.InterruptedException
2022-10-13 20:19:49,339 [omNode-2@group-6C22E66A003A->omNode-1-GrpcLogAppender-LogAppenderDaemon] WARN  server.GrpcLogAppender (GrpcLogAppender.java:mayWait(171)) - omNode-2@group-6C22E66A003A->omNode-1-GrpcLogAppender: Wait interrupted by java.lang.InterruptedException
2022-10-13 20:19:49,341 [Listener at 127.0.0.1/34689] INFO  impl.PendingRequests (PendingRequests.java:sendNotLeaderResponses(282)) - omNode-2@group-6C22E66A003A-PendingRequests: sendNotLeaderResponses
2022-10-13 20:19:49,344 [Listener at 127.0.0.1/34689] INFO  impl.StateMachineUpdater (StateMachineUpdater.java:stopAndJoin(153)) - omNode-2@group-6C22E66A003A-StateMachineUpdater: set stopIndex = 6
2022-10-13 20:19:49,344 [omNode-2@group-6C22E66A003A-StateMachineUpdater] INFO  ratis.OzoneManagerStateMachine (OzoneManagerStateMachine.java:takeSnapshot(441)) - Current Snapshot Index (t:4, i:6)
2022-10-13 20:19:49,345 [omNode-2@group-6C22E66A003A-StateMachineUpdater] INFO  impl.StateMachineUpdater (StateMachineUpdater.java:takeSnapshot(287)) - omNode-2@group-6C22E66A003A-StateMachineUpdater: Took a snapshot at index 6
2022-10-13 20:19:49,345 [omNode-2@group-6C22E66A003A-StateMachineUpdater] INFO  impl.StateMachineUpdater (StateMachineUpdater.java:lambda$new$0(92)) - omNode-2@group-6C22E66A003A-StateMachineUpdater: snapshotIndex: updateIncreasingly -1 -> 6
2022-10-13 20:19:49,345 [omNode-2@group-6C22E66A003A-StateMachineUpdater] INFO  ratis.OzoneManagerStateMachine (OzoneManagerStateMachine.java:close(495)) - StateMachine has shutdown. Shutdown OzoneManager if not already shutdown.
2022-10-13 20:19:49,345 [omNode-2@group-6C22E66A003A-StateMachineUpdater] INFO  ratis.OzoneManagerDoubleBuffer (OzoneManagerDoubleBuffer.java:stop(466)) - Stopping OMDoubleBuffer flush thread
2022-10-13 20:19:49,346 [OMDoubleBufferFlushThread] INFO  ratis.OzoneManagerDoubleBuffer (OzoneManagerDoubleBuffer.java:flushTransactions(385)) - OMDoubleBuffer flush thread OMDoubleBufferFlushThread is interrupted and will exit.
2022-10-13 20:19:49,346 [Listener at 127.0.0.1/34689] INFO  server.RaftServer$Division (ServerState.java:close(429)) - omNode-2@group-6C22E66A003A: closes. applyIndex: 6
2022-10-13 20:19:49,346 [omNode-2@group-6C22E66A003A-SegmentedRaftLogWorker] INFO  segmented.SegmentedRaftLogWorker (SegmentedRaftLogWorker.java:run(336)) - omNode-2@group-6C22E66A003A-SegmentedRaftLogWorker was interrupted, exiting. There are 0 tasks remaining in the queue.
2022-10-13 20:19:49,349 [Listener at 127.0.0.1/34689] INFO  segmented.SegmentedRaftLogWorker (SegmentedRaftLogWorker.java:close(246)) - omNode-2@group-6C22E66A003A-SegmentedRaftLogWorker close()
2022-10-13 20:19:49,352 [Listener at 127.0.0.1/34689] INFO  server.GrpcService (GrpcService.java:closeImpl(269)) - omNode-2: shutdown server with port 38941 now
2022-10-13 20:19:49,359 [Listener at 127.0.0.1/34689] INFO  server.GrpcService (GrpcService.java:closeImpl(278)) - omNode-2: shutdown server with port 38941 successfully
2022-10-13 20:19:49,359 [org.apache.ratis.util.JvmPauseMonitor$$Lambda$519/1431033796@59ff9207] INFO  util.JvmPauseMonitor (JvmPauseMonitor.java:run(109)) - JvmPauseMonitor-omNode-2: Stopped
2022-10-13 20:19:49,359 [Listener at 127.0.0.1/34689] INFO  ratis.OzoneManagerStateMachine (OzoneManagerStateMachine.java:close(495)) - StateMachine has shutdown. Shutdown OzoneManager if not already shutdown.
2022-10-13 20:19:49,359 [Listener at 127.0.0.1/34689] INFO  ratis.OzoneManagerDoubleBuffer (OzoneManagerDoubleBuffer.java:stop(478)) - OMDoubleBuffer flush thread is not running.
2022-10-13 20:19:49,360 [Listener at 127.0.0.1/34689] INFO  utils.BackgroundService (BackgroundService.java:shutdown(141)) - Shutting down service KeyDeletingService
2022-10-13 20:19:49,360 [Listener at 127.0.0.1/34689] INFO  utils.BackgroundService (BackgroundService.java:shutdown(141)) - Shutting down service DirectoryDeletingService
2022-10-13 20:19:49,360 [Listener at 127.0.0.1/34689] INFO  utils.BackgroundService (BackgroundService.java:shutdown(141)) - Shutting down service OpenKeyCleanupService
2022-10-13 20:19:49,361 [Listener at 127.0.0.1/34689] INFO  handler.ContextHandler (ContextHandler.java:doStop(1153)) - Stopped o.e.j.w.WebAppContext@43212404{ozoneManager,/,null,STOPPED}{file:/home/runner/work/ozone/ozone/hadoop-ozone/integration-test/target/test-classes/webapps/ozoneManager}
2022-10-13 20:19:49,363 [Listener at 127.0.0.1/34689] INFO  server.AbstractConnector (AbstractConnector.java:doStop(381)) - Stopped ServerConnector@4b8dc6f2{HTTP/1.1, (http/1.1)}{0.0.0.0:43417}
2022-10-13 20:19:49,363 [Listener at 127.0.0.1/34689] INFO  server.session (HouseKeeper.java:stopScavenging(149)) - node0 Stopped scavenging
2022-10-13 20:19:49,363 [Listener at 127.0.0.1/34689] INFO  handler.ContextHandler (ContextHandler.java:doStop(1153)) - Stopped o.e.j.s.ServletContextHandler@6757c2a3{static,/static,file:///home/runner/work/ozone/ozone/hadoop-ozone/integration-test/target/test-classes/webapps/static,STOPPED}
2022-10-13 20:19:49,363 [Listener at 127.0.0.1/34689] INFO  handler.ContextHandler (ContextHandler.java:doStop(1153)) - Stopped o.e.j.s.ServletContextHandler@194032fa{logs,/logs,file:///home/runner/work/ozone/ozone/hadoop-ozone/integration-test/target/log,STOPPED}
2022-10-13 20:19:49,366 [Listener at 127.0.0.1/34689] INFO  ozone.MiniOzoneHAClusterImpl (MiniOzoneHAClusterImpl.java:stop(320)) - Stopping the StorageContainerManager 07c9e681-1902-448f-876d-c238a5737790
2022-10-13 20:19:49,366 [Listener at 127.0.0.1/34689] INFO  server.StorageContainerManager (StorageContainerManager.java:stop(1528)) - Container Balancer is not running.
2022-10-13 20:19:49,366 [Listener at 127.0.0.1/34689] INFO  server.StorageContainerManager (StorageContainerManager.java:stop(1535)) - Stopping Replication Manager Service.
2022-10-13 20:19:49,366 [Listener at 127.0.0.1/34689] INFO  replication.ReplicationManager (ReplicationManager.java:stop(257)) - Stopping Replication Monitor Thread.
2022-10-13 20:19:49,366 [Over Replicated Processor] WARN  replication.OverReplicatedProcessor (OverReplicatedProcessor.java:run(137)) - Over Replicated Processor interrupted. Exiting...
2022-10-13 20:19:49,366 [Under Replicated Processor] WARN  replication.UnderReplicatedProcessor (UnderReplicatedProcessor.java:run(148)) - Under Replicated Processor interrupted. Exiting...
2022-10-13 20:19:49,367 [Listener at 127.0.0.1/34689] INFO  server.StorageContainerManager (StorageContainerManager.java:stop(1542)) - Stopping the Datanode Admin Monitor.
2022-10-13 20:19:49,367 [ReplicationMonitor] INFO  replication.ReplicationManager (ReplicationManager.java:run(509)) - Replication Monitor Thread is stopped
2022-10-13 20:19:49,367 [Listener at 127.0.0.1/34689] INFO  server.StorageContainerManager (StorageContainerManager.java:stop(1549)) - Stopping Lease Manager of the command watchers
2022-10-13 20:19:49,368 [Listener at 127.0.0.1/34689] INFO  server.StorageContainerManager (StorageContainerManager.java:stop(1556)) - Stopping datanode service RPC server
2022-10-13 20:19:49,368 [Listener at 127.0.0.1/34689] INFO  server.SCMDatanodeProtocolServer (SCMDatanodeProtocolServer.java:stop(414)) - Stopping the RPC server for DataNodes
2022-10-13 20:19:49,368 [Listener at 127.0.0.1/34689] INFO  ipc.Server (Server.java:stop(3428)) - Stopping server on 46545
2022-10-13 20:19:49,368 [IPC Server listener on 46545] INFO  ipc.Server (Server.java:run(1384)) - Stopping IPC Server listener on 46545
2022-10-13 20:19:49,371 [IPC Server Responder] INFO  ipc.Server (Server.java:run(1517)) - Stopping IPC Server Responder
2022-10-13 20:19:49,395 [SCM Heartbeat Processing Thread - 0] WARN  node.NodeStateManager (NodeStateManager.java:scheduleNextHealthCheck(870)) - Current Thread is interrupted, shutting down HB processing thread for Node Manager.
2022-10-13 20:19:49,397 [Listener at 127.0.0.1/34689] INFO  server.StorageContainerManager (StorageContainerManager.java:stop(1564)) - Stopping block service RPC server
2022-10-13 20:19:49,397 [Listener at 127.0.0.1/34689] INFO  server.SCMBlockProtocolServer (SCMBlockProtocolServer.java:stop(161)) - Stopping the RPC server for Block Protocol
2022-10-13 20:19:49,397 [Listener at 127.0.0.1/34689] INFO  ipc.Server (Server.java:stop(3428)) - Stopping server on 39575
2022-10-13 20:19:49,398 [IPC Server listener on 39575] INFO  ipc.Server (Server.java:run(1384)) - Stopping IPC Server listener on 39575
2022-10-13 20:19:49,400 [Listener at 127.0.0.1/34689] INFO  server.StorageContainerManager (StorageContainerManager.java:stop(1571)) - Stopping the StorageContainerLocationProtocol RPC server
2022-10-13 20:19:49,400 [Listener at 127.0.0.1/34689] INFO  server.SCMClientProtocolServer (SCMClientProtocolServer.java:stop(179)) - Stopping the RPC server for Client Protocol
2022-10-13 20:19:49,400 [Listener at 127.0.0.1/34689] INFO  ipc.Server (Server.java:stop(3428)) - Stopping server on 45541
2022-10-13 20:19:49,401 [IPC Server listener on 45541] INFO  ipc.Server (Server.java:run(1384)) - Stopping IPC Server listener on 45541
2022-10-13 20:19:49,401 [IPC Server Responder] INFO  ipc.Server (Server.java:run(1517)) - Stopping IPC Server Responder
2022-10-13 20:19:49,404 [IPC Server Responder] INFO  ipc.Server (Server.java:run(1517)) - Stopping IPC Server Responder
2022-10-13 20:19:49,404 [Listener at 127.0.0.1/34689] INFO  server.StorageContainerManager (StorageContainerManager.java:stop(1578)) - Stopping Storage Container Manager HTTP server.
2022-10-13 20:19:49,406 [Listener at 127.0.0.1/34689] INFO  handler.ContextHandler (ContextHandler.java:doStop(1153)) - Stopped o.e.j.w.WebAppContext@4c32a0b6{scm,/,null,STOPPED}{file:/home/runner/work/ozone/ozone/hadoop-ozone/integration-test/target/test-classes/webapps/scm}
2022-10-13 20:19:49,407 [Listener at 127.0.0.1/34689] INFO  server.AbstractConnector (AbstractConnector.java:doStop(381)) - Stopped ServerConnector@b0d89d7{HTTP/1.1, (http/1.1)}{0.0.0.0:39461}
2022-10-13 20:19:49,407 [Listener at 127.0.0.1/34689] INFO  server.session (HouseKeeper.java:stopScavenging(149)) - node0 Stopped scavenging
2022-10-13 20:19:49,407 [Listener at 127.0.0.1/34689] INFO  handler.ContextHandler (ContextHandler.java:doStop(1153)) - Stopped o.e.j.s.ServletContextHandler@18d6faca{static,/static,file:///home/runner/work/ozone/ozone/hadoop-ozone/integration-test/target/test-classes/webapps/static,STOPPED}
2022-10-13 20:19:49,407 [Listener at 127.0.0.1/34689] INFO  handler.ContextHandler (ContextHandler.java:doStop(1153)) - Stopped o.e.j.s.ServletContextHandler@4c42459d{logs,/logs,file:///home/runner/work/ozone/ozone/hadoop-ozone/integration-test/target/log,STOPPED}
2022-10-13 20:19:49,408 [Listener at 127.0.0.1/34689] INFO  server.StorageContainerManager (StorageContainerManager.java:stop(1584)) - Stopping SCM LayoutVersionManager Service.
2022-10-13 20:19:49,408 [Listener at 127.0.0.1/34689] INFO  server.StorageContainerManager (StorageContainerManager.java:stop(1592)) - Stopping Block Manager Service.
2022-10-13 20:19:49,409 [Listener at 127.0.0.1/34689] INFO  utils.BackgroundService (BackgroundService.java:shutdown(141)) - Shutting down service SCMBlockDeletingService
2022-10-13 20:19:49,409 [Listener at 127.0.0.1/34689] INFO  utils.BackgroundService (BackgroundService.java:shutdown(141)) - Shutting down service SCMBlockDeletingService
2022-10-13 20:19:49,409 [Listener at 127.0.0.1/34689] INFO  server.StorageContainerManager (StorageContainerManager.java:stop(1619)) - Stopping SCM Event Queue.
2022-10-13 20:19:49,411 [Listener at 127.0.0.1/34689] INFO  server.StorageContainerManager (StorageContainerManager.java:stop(1630)) - Stopping SCM HA services.
2022-10-13 20:19:49,411 [Listener at 127.0.0.1/34689] INFO  ha.SCMRatisServerImpl (SCMRatisServerImpl.java:stop(237)) - stopping ratis server 0.0.0.0:36593
2022-10-13 20:19:49,412 [Listener at 127.0.0.1/34689] INFO  server.RaftServer (RaftServerProxy.java:lambda$close$7(398)) - 07c9e681-1902-448f-876d-c238a5737790: close
2022-10-13 20:19:49,412 [Listener at 127.0.0.1/34689] INFO  server.RaftServer$Division (RaftServerImpl.java:lambda$close$4(434)) - 07c9e681-1902-448f-876d-c238a5737790@group-018C6AA32671: shutdown
2022-10-13 20:19:49,412 [Listener at 127.0.0.1/34689] INFO  util.JmxRegister (JmxRegister.java:unregister(73)) - Successfully un-registered JMX Bean with object name Ratis:service=RaftServer,group=group-018C6AA32671,id=07c9e681-1902-448f-876d-c238a5737790
2022-10-13 20:19:49,412 [Listener at 127.0.0.1/34689] INFO  impl.RoleInfo (RoleInfo.java:shutdownFollowerState(110)) - 07c9e681-1902-448f-876d-c238a5737790: shutdown 07c9e681-1902-448f-876d-c238a5737790@group-018C6AA32671-FollowerState
2022-10-13 20:19:49,412 [Listener at 127.0.0.1/34689] INFO  impl.StateMachineUpdater (StateMachineUpdater.java:stopAndJoin(153)) - 07c9e681-1902-448f-876d-c238a5737790@group-018C6AA32671-StateMachineUpdater: set stopIndex = 27
2022-10-13 20:19:49,413 [07c9e681-1902-448f-876d-c238a5737790@group-018C6AA32671-StateMachineUpdater] INFO  ha.SCMStateMachine (SCMStateMachine.java:takeSnapshot(297)) - Current Snapshot Index 27, takeSnapshot took 1 ms
2022-10-13 20:19:49,413 [07c9e681-1902-448f-876d-c238a5737790@group-018C6AA32671-StateMachineUpdater] INFO  impl.StateMachineUpdater (StateMachineUpdater.java:takeSnapshot(287)) - 07c9e681-1902-448f-876d-c238a5737790@group-018C6AA32671-StateMachineUpdater: Took a snapshot at index 27
2022-10-13 20:19:49,413 [07c9e681-1902-448f-876d-c238a5737790@group-018C6AA32671-StateMachineUpdater] INFO  impl.StateMachineUpdater (StateMachineUpdater.java:lambda$new$0(92)) - 07c9e681-1902-448f-876d-c238a5737790@group-018C6AA32671-StateMachineUpdater: snapshotIndex: updateIncreasingly -1 -> 27
2022-10-13 20:19:49,413 [07c9e681-1902-448f-876d-c238a5737790@group-018C6AA32671-StateMachineUpdater] INFO  server.StorageContainerManager (StorageContainerManager.java:stop(1528)) - Container Balancer is not running.
2022-10-13 20:19:49,413 [07c9e681-1902-448f-876d-c238a5737790@group-018C6AA32671-StateMachineUpdater] INFO  server.StorageContainerManager (StorageContainerManager.java:stop(1535)) - Stopping Replication Manager Service.
2022-10-13 20:19:49,413 [07c9e681-1902-448f-876d-c238a5737790@group-018C6AA32671-StateMachineUpdater] INFO  replication.ReplicationManager (ReplicationManager.java:stop(265)) - Replication Monitor Thread is not running.
2022-10-13 20:19:49,413 [07c9e681-1902-448f-876d-c238a5737790@group-018C6AA32671-StateMachineUpdater] INFO  server.StorageContainerManager (StorageContainerManager.java:stop(1542)) - Stopping the Datanode Admin Monitor.
2022-10-13 20:19:49,413 [07c9e681-1902-448f-876d-c238a5737790@group-018C6AA32671-StateMachineUpdater] INFO  server.StorageContainerManager (StorageContainerManager.java:stop(1549)) - Stopping Lease Manager of the command watchers
2022-10-13 20:19:49,413 [07c9e681-1902-448f-876d-c238a5737790@group-018C6AA32671-StateMachineUpdater] ERROR server.StorageContainerManager (StorageContainerManager.java:stop(1552)) - Lease Manager of the command watchers stop failed
2022-10-13 20:19:49,413 [07c9e681-1902-448f-876d-c238a5737790@group-018C6AA32671-StateMachineUpdater] INFO  server.StorageContainerManager (StorageContainerManager.java:stop(1556)) - Stopping datanode service RPC server
2022-10-13 20:19:49,413 [07c9e681-1902-448f-876d-c238a5737790@group-018C6AA32671-StateMachineUpdater] INFO  server.SCMDatanodeProtocolServer (SCMDatanodeProtocolServer.java:stop(414)) - Stopping the RPC server for DataNodes
2022-10-13 20:19:49,413 [07c9e681-1902-448f-876d-c238a5737790@group-018C6AA32671-StateMachineUpdater] INFO  ipc.Server (Server.java:stop(3428)) - Stopping server on 46545
2022-10-13 20:19:49,414 [07c9e681-1902-448f-876d-c238a5737790@group-018C6AA32671-StateMachineUpdater] INFO  server.StorageContainerManager (StorageContainerManager.java:stop(1564)) - Stopping block service RPC server
2022-10-13 20:19:49,414 [07c9e681-1902-448f-876d-c238a5737790@group-018C6AA32671-StateMachineUpdater] INFO  server.SCMBlockProtocolServer (SCMBlockProtocolServer.java:stop(161)) - Stopping the RPC server for Block Protocol
2022-10-13 20:19:49,414 [07c9e681-1902-448f-876d-c238a5737790@group-018C6AA32671-StateMachineUpdater] INFO  ipc.Server (Server.java:stop(3428)) - Stopping server on 39575
2022-10-13 20:19:49,414 [07c9e681-1902-448f-876d-c238a5737790@group-018C6AA32671-StateMachineUpdater] INFO  server.StorageContainerManager (StorageContainerManager.java:stop(1571)) - Stopping the StorageContainerLocationProtocol RPC server
2022-10-13 20:19:49,414 [07c9e681-1902-448f-876d-c238a5737790@group-018C6AA32671-StateMachineUpdater] INFO  server.SCMClientProtocolServer (SCMClientProtocolServer.java:stop(179)) - Stopping the RPC server for Client Protocol
2022-10-13 20:19:49,414 [07c9e681-1902-448f-876d-c238a5737790@group-018C6AA32671-StateMachineUpdater] INFO  ipc.Server (Server.java:stop(3428)) - Stopping server on 45541
2022-10-13 20:19:49,414 [07c9e681-1902-448f-876d-c238a5737790@group-018C6AA32671-StateMachineUpdater] INFO  server.StorageContainerManager (StorageContainerManager.java:stop(1578)) - Stopping Storage Container Manager HTTP server.
2022-10-13 20:19:49,412 [07c9e681-1902-448f-876d-c238a5737790@group-018C6AA32671-FollowerState] INFO  impl.FollowerState (FollowerState.java:run(152)) - 07c9e681-1902-448f-876d-c238a5737790@group-018C6AA32671-FollowerState was interrupted
2022-10-13 20:19:49,415 [07c9e681-1902-448f-876d-c238a5737790@group-018C6AA32671-StateMachineUpdater] INFO  server.StorageContainerManager (StorageContainerManager.java:stop(1584)) - Stopping SCM LayoutVersionManager Service.
2022-10-13 20:19:49,415 [07c9e681-1902-448f-876d-c238a5737790@group-018C6AA32671-StateMachineUpdater] INFO  server.StorageContainerManager (StorageContainerManager.java:stop(1592)) - Stopping Block Manager Service.
2022-10-13 20:19:49,416 [07c9e681-1902-448f-876d-c238a5737790@group-018C6AA32671-StateMachineUpdater] INFO  utils.BackgroundService (BackgroundService.java:shutdown(141)) - Shutting down service SCMBlockDeletingService
2022-10-13 20:19:49,416 [07c9e681-1902-448f-876d-c238a5737790@group-018C6AA32671-StateMachineUpdater] INFO  utils.BackgroundService (BackgroundService.java:shutdown(141)) - Shutting down service SCMBlockDeletingService
2022-10-13 20:19:49,416 [07c9e681-1902-448f-876d-c238a5737790@group-018C6AA32671-StateMachineUpdater] INFO  server.StorageContainerManager (StorageContainerManager.java:stop(1619)) - Stopping SCM Event Queue.
2022-10-13 20:19:49,416 [07c9e681-1902-448f-876d-c238a5737790@group-018C6AA32671-StateMachineUpdater] INFO  server.StorageContainerManager (StorageContainerManager.java:stop(1630)) - Stopping SCM HA services.
2022-10-13 20:19:49,416 [07c9e681-1902-448f-876d-c238a5737790@group-018C6AA32671-StateMachineUpdater] INFO  ha.SCMRatisServerImpl (SCMRatisServerImpl.java:stop(237)) - stopping ratis server 0.0.0.0:36593
2022-10-13 20:19:49,419 [org.apache.ratis.util.JvmPauseMonitor$$Lambda$519/1431033796@5a2545a] INFO  util.JvmPauseMonitor (JvmPauseMonitor.java:run(109)) - JvmPauseMonitor-07c9e681-1902-448f-876d-c238a5737790: Stopped
2022-10-13 20:19:49,420 [07c9e681-1902-448f-876d-c238a5737790@group-018C6AA32671-StateMachineUpdater] INFO  pipeline.BackgroundPipelineCreator (BackgroundPipelineCreator.java:stop(149)) - Stopping RatisPipelineUtilsThread.
2022-10-13 20:19:49,420 [RatisPipelineUtilsThread - 0] WARN  pipeline.BackgroundPipelineCreator (BackgroundPipelineCreator.java:run(180)) - RatisPipelineUtilsThread is interrupted.
2022-10-13 20:19:49,421 [07c9e681-1902-448f-876d-c238a5737790@group-018C6AA32671-StateMachineUpdater] INFO  BackgroundPipelineScrubber (BackgroundSCMService.java:stop(131)) - Stopping BackgroundPipelineScrubber Service.
2022-10-13 20:19:49,421 [BackgroundPipelineScrubberThread] WARN  BackgroundPipelineScrubber (BackgroundSCMService.java:run(115)) - BackgroundPipelineScrubber is interrupted, exit
2022-10-13 20:19:49,424 [07c9e681-1902-448f-876d-c238a5737790@group-018C6AA32671-StateMachineUpdater] INFO  impl.MetricsSystemImpl (MetricsSystemImpl.java:stop(210)) - Stopping HddsDatanode metrics system...
2022-10-13 20:19:49,425 [EndpointStateMachine task thread for /127.0.0.1:46545 - 0 ] WARN  statemachine.EndpointStateMachine (EndpointStateMachine.java:logIfNeeded(242)) - Unable to communicate to SCM server at 127.0.0.1:46545 for past 0 seconds.
java.io.EOFException: End of File Exception between local host is: "fv-az186-171/10.1.2.27"; destination host is: "localhost":46545; : java.io.EOFException; For more details see:  http://wiki.apache.org/hadoop/EOFException
	at sun.reflect.NativeConstructorAccessorImpl.newInstance0(Native Method)
	at sun.reflect.NativeConstructorAccessorImpl.newInstance(NativeConstructorAccessorImpl.java:62)
	at sun.reflect.DelegatingConstructorAccessorImpl.newInstance(DelegatingConstructorAccessorImpl.java:45)
	at java.lang.reflect.Constructor.newInstance(Constructor.java:423)
	at org.apache.hadoop.net.NetUtils.wrapWithMessage(NetUtils.java:913)
	at org.apache.hadoop.net.NetUtils.wrapException(NetUtils.java:862)
	at org.apache.hadoop.ipc.Client.getRpcResponse(Client.java:1616)
	at org.apache.hadoop.ipc.Client.call(Client.java:1558)
	at org.apache.hadoop.ipc.Client.call(Client.java:1455)
	at org.apache.hadoop.ipc.ProtobufRpcEngine$Invoker.invoke(ProtobufRpcEngine.java:235)
	at org.apache.hadoop.ipc.ProtobufRpcEngine$Invoker.invoke(ProtobufRpcEngine.java:122)
	at com.sun.proxy.$Proxy51.submitRequest(Unknown Source)
	at org.apache.hadoop.ozone.protocolPB.StorageContainerDatanodeProtocolClientSideTranslatorPB.submitRequest(StorageContainerDatanodeProtocolClientSideTranslatorPB.java:117)
	at org.apache.hadoop.ozone.protocolPB.StorageContainerDatanodeProtocolClientSideTranslatorPB.sendHeartbeat(StorageContainerDatanodeProtocolClientSideTranslatorPB.java:149)
	at org.apache.hadoop.ozone.container.common.states.endpoint.HeartbeatEndpointTask.call(HeartbeatEndpointTask.java:185)
	at org.apache.hadoop.ozone.container.common.states.endpoint.HeartbeatEndpointTask.call(HeartbeatEndpointTask.java:87)
	at java.util.concurrent.FutureTask.run(FutureTask.java:266)
	at java.util.concurrent.ThreadPoolExecutor.runWorker(ThreadPoolExecutor.java:1149)
	at java.util.concurrent.ThreadPoolExecutor$Worker.run(ThreadPoolExecutor.java:624)
	at java.lang.Thread.run(Thread.java:750)
Caused by: java.io.EOFException
	at java.io.DataInputStream.readInt(DataInputStream.java:392)
	at org.apache.hadoop.ipc.Client$IpcStreams.readResponse(Client.java:1922)
	at org.apache.hadoop.ipc.Client$Connection.receiveRpcResponse(Client.java:1238)
	at org.apache.hadoop.ipc.Client$Connection.run(Client.java:1134)
2022-10-13 20:19:49,443 [prometheus] INFO  impl.MetricsSinkAdapter (MetricsSinkAdapter.java:publishMetricsFromQueue(141)) - prometheus thread interrupted.
2022-10-13 20:19:49,445 [07c9e681-1902-448f-876d-c238a5737790@group-018C6AA32671-StateMachineUpdater] INFO  impl.MetricsSystemImpl (MetricsSystemImpl.java:stop(216)) - HddsDatanode metrics system stopped.
2022-10-13 20:19:49,445 [07c9e681-1902-448f-876d-c238a5737790@group-018C6AA32671-StateMachineUpdater] WARN  pipeline.BackgroundPipelineCreator (BackgroundPipelineCreator.java:stop(145)) - RatisPipelineUtilsThread is not running, just ignore.
2022-10-13 20:19:49,445 [07c9e681-1902-448f-876d-c238a5737790@group-018C6AA32671-StateMachineUpdater] INFO  BackgroundPipelineScrubber (BackgroundSCMService.java:stop(126)) - BackgroundPipelineScrubber Service is not running, skip stop.
2022-10-13 20:19:49,445 [07c9e681-1902-448f-876d-c238a5737790@group-018C6AA32671-StateMachineUpdater] INFO  ExpiredContainerReplicaOpScrubber (BackgroundSCMService.java:stop(131)) - Stopping ExpiredContainerReplicaOpScrubber Service.
2022-10-13 20:19:49,446 [07c9e681-1902-448f-876d-c238a5737790@group-018C6AA32671-StateMachineUpdater] INFO  utils.BackgroundService (BackgroundService.java:shutdown(141)) - Shutting down service SCMBlockDeletingService
2022-10-13 20:19:49,446 [07c9e681-1902-448f-876d-c238a5737790@group-018C6AA32671-StateMachineUpdater] INFO  replication.ReplicationManager (ReplicationManager.java:stop(265)) - Replication Monitor Thread is not running.
2022-10-13 20:19:49,446 [07c9e681-1902-448f-876d-c238a5737790@group-018C6AA32671-StateMachineUpdater] WARN  balancer.ContainerBalancer (ContainerBalancer.java:stop(1096)) - Cannot stop Container Balancer because it's not running
2022-10-13 20:19:49,446 [07c9e681-1902-448f-876d-c238a5737790@group-018C6AA32671-StateMachineUpdater] INFO  server.StorageContainerManager (StorageContainerManager.java:stop(1648)) - Stopping SCM MetadataStore.
2022-10-13 20:19:49,447 [07c9e681-1902-448f-876d-c238a5737790@group-018C6AA32671-StateMachineUpdater] ERROR server.StorageContainerManager (ExitUtils.java:terminate(133)) - Terminating with exit status 1: scm statemachine is closed by ratis, terminate SCM
2022-10-13 20:19:49,447 [ExpiredContainerReplicaOpScrubberThread] WARN  ExpiredContainerReplicaOpScrubber (BackgroundSCMService.java:run(115)) - ExpiredContainerReplicaOpScrubber is interrupted, exit
2022-10-13 20:19:49,447 [07c9e681-1902-448f-876d-c238a5737790@group-018C6AA32671-StateMachineUpdater] WARN  impl.StateMachineUpdater (StateMachineUpdater.java:stop(137)) - 07c9e681-1902-448f-876d-c238a5737790@group-018C6AA32671-StateMachineUpdater: Failed to close SCMStateMachine SCMStateMachine:07c9e681-1902-448f-876d-c238a5737790:group-018C6AA32671
org.apache.ratis.util.ExitUtils$ExitException: scm statemachine is closed by ratis, terminate SCM
	at org.apache.ratis.util.ExitUtils.terminate(ExitUtils.java:141)
	at org.apache.ratis.util.ExitUtils.terminate(ExitUtils.java:151)
	at org.apache.ratis.util.ExitUtils.terminate(ExitUtils.java:155)
	at org.apache.hadoop.hdds.scm.server.StorageContainerManager.shutDown(StorageContainerManager.java:1658)
	at org.apache.hadoop.hdds.scm.ha.SCMStateMachine.close(SCMStateMachine.java:403)
	at org.apache.ratis.server.impl.StateMachineUpdater.stop(StateMachineUpdater.java:134)
	at org.apache.ratis.server.impl.StateMachineUpdater.run(StateMachineUpdater.java:187)
	at java.lang.Thread.run(Thread.java:750)
2022-10-13 20:19:49,448 [Listener at 127.0.0.1/34689] INFO  server.RaftServer$Division (ServerState.java:close(429)) - 07c9e681-1902-448f-876d-c238a5737790@group-018C6AA32671: closes. applyIndex: 26
2022-10-13 20:19:49,448 [07c9e681-1902-448f-876d-c238a5737790@group-018C6AA32671-SegmentedRaftLogWorker] INFO  segmented.SegmentedRaftLogWorker (SegmentedRaftLogWorker.java:run(336)) - 07c9e681-1902-448f-876d-c238a5737790@group-018C6AA32671-SegmentedRaftLogWorker was interrupted, exiting. There are 0 tasks remaining in the queue.
2022-10-13 20:19:49,450 [Listener at 127.0.0.1/34689] INFO  segmented.SegmentedRaftLogWorker (SegmentedRaftLogWorker.java:close(246)) - 07c9e681-1902-448f-876d-c238a5737790@group-018C6AA32671-SegmentedRaftLogWorker close()
2022-10-13 20:19:49,453 [Listener at 127.0.0.1/34689] INFO  server.GrpcService (GrpcService.java:closeImpl(269)) - 07c9e681-1902-448f-876d-c238a5737790: shutdown server with port 36593 now
2022-10-13 20:19:49,455 [Listener at 127.0.0.1/34689] INFO  server.GrpcService (GrpcService.java:closeImpl(278)) - 07c9e681-1902-448f-876d-c238a5737790: shutdown server with port 36593 successfully
2022-10-13 20:19:49,455 [Listener at 127.0.0.1/34689] WARN  pipeline.BackgroundPipelineCreator (BackgroundPipelineCreator.java:stop(145)) - RatisPipelineUtilsThread is not running, just ignore.
2022-10-13 20:19:49,455 [Listener at 127.0.0.1/34689] INFO  BackgroundPipelineScrubber (BackgroundSCMService.java:stop(126)) - BackgroundPipelineScrubber Service is not running, skip stop.
2022-10-13 20:19:49,455 [grpc-default-executor-2] WARN  server.GrpcServerProtocolService (LogUtils.java:warn(122)) - 07c9e681-1902-448f-876d-c238a5737790: installSnapshot onError, lastRequest: e2549e0e-20c3-4590-9573-c43d76d3b17a->07c9e681-1902-448f-876d-c238a5737790#945-t2,previous=(t:2, i:27),leaderCommit=27,initializing? true,entries: size=1, first=(t:2, i:28), METADATAENTRY(c:27): org.apache.ratis.thirdparty.io.grpc.StatusRuntimeException: CANCELLED: client cancelled
2022-10-13 20:19:49,455 [grpc-default-executor-3] WARN  server.GrpcLogAppender (LogUtils.java:warn(122)) - e2549e0e-20c3-4590-9573-c43d76d3b17a@group-018C6AA32671->07c9e681-1902-448f-876d-c238a5737790-AppendLogResponseHandler: Failed appendEntries: org.apache.ratis.thirdparty.io.grpc.StatusRuntimeException: CANCELLED: RST_STREAM closed stream. HTTP/2 error code: CANCEL
2022-10-13 20:19:49,456 [grpc-default-executor-3] INFO  leader.FollowerInfo (FollowerInfoImpl.java:lambda$new$0(48)) - e2549e0e-20c3-4590-9573-c43d76d3b17a@group-018C6AA32671->07c9e681-1902-448f-876d-c238a5737790: nextIndex: updateUnconditionally 29 -> 28
2022-10-13 20:19:49,455 [Listener at 127.0.0.1/34689] INFO  impl.MetricsSystemImpl (MetricsSystemImpl.java:stop(205)) - HddsDatanode metrics system stopped (again)
2022-10-13 20:19:49,456 [Listener at 127.0.0.1/34689] WARN  pipeline.BackgroundPipelineCreator (BackgroundPipelineCreator.java:stop(145)) - RatisPipelineUtilsThread is not running, just ignore.
2022-10-13 20:19:49,456 [Listener at 127.0.0.1/34689] INFO  BackgroundPipelineScrubber (BackgroundSCMService.java:stop(126)) - BackgroundPipelineScrubber Service is not running, skip stop.
2022-10-13 20:19:49,456 [Listener at 127.0.0.1/34689] INFO  ExpiredContainerReplicaOpScrubber (BackgroundSCMService.java:stop(126)) - ExpiredContainerReplicaOpScrubber Service is not running, skip stop.
2022-10-13 20:19:49,456 [Listener at 127.0.0.1/34689] INFO  utils.BackgroundService (BackgroundService.java:shutdown(141)) - Shutting down service SCMBlockDeletingService
2022-10-13 20:19:49,456 [Listener at 127.0.0.1/34689] INFO  replication.ReplicationManager (ReplicationManager.java:stop(265)) - Replication Monitor Thread is not running.
2022-10-13 20:19:49,456 [Listener at 127.0.0.1/34689] WARN  balancer.ContainerBalancer (ContainerBalancer.java:stop(1096)) - Cannot stop Container Balancer because it's not running
2022-10-13 20:19:49,456 [Listener at 127.0.0.1/34689] INFO  server.StorageContainerManager (StorageContainerManager.java:stop(1648)) - Stopping SCM MetadataStore.
2022-10-13 20:19:49,457 [Listener at 127.0.0.1/34689] INFO  ozone.MiniOzoneHAClusterImpl (MiniOzoneHAClusterImpl.java:stop(320)) - Stopping the StorageContainerManager aa1de7e1-092b-4c10-ba41-bafadd24aa7a
2022-10-13 20:19:49,457 [Listener at 127.0.0.1/34689] INFO  server.StorageContainerManager (StorageContainerManager.java:stop(1528)) - Container Balancer is not running.
2022-10-13 20:19:49,457 [Listener at 127.0.0.1/34689] INFO  server.StorageContainerManager (StorageContainerManager.java:stop(1535)) - Stopping Replication Manager Service.
2022-10-13 20:19:49,457 [Listener at 127.0.0.1/34689] INFO  replication.ReplicationManager (ReplicationManager.java:stop(257)) - Stopping Replication Monitor Thread.
2022-10-13 20:19:49,457 [Listener at 127.0.0.1/34689] INFO  server.StorageContainerManager (StorageContainerManager.java:stop(1542)) - Stopping the Datanode Admin Monitor.
2022-10-13 20:19:49,457 [ReplicationMonitor] INFO  replication.ReplicationManager (ReplicationManager.java:run(509)) - Replication Monitor Thread is stopped
2022-10-13 20:19:49,457 [Listener at 127.0.0.1/34689] INFO  server.StorageContainerManager (StorageContainerManager.java:stop(1549)) - Stopping Lease Manager of the command watchers
2022-10-13 20:19:49,457 [Listener at 127.0.0.1/34689] INFO  server.StorageContainerManager (StorageContainerManager.java:stop(1556)) - Stopping datanode service RPC server
2022-10-13 20:19:49,457 [Listener at 127.0.0.1/34689] INFO  server.SCMDatanodeProtocolServer (SCMDatanodeProtocolServer.java:stop(414)) - Stopping the RPC server for DataNodes
2022-10-13 20:19:49,457 [Listener at 127.0.0.1/34689] INFO  ipc.Server (Server.java:stop(3428)) - Stopping server on 44779
2022-10-13 20:19:49,457 [Under Replicated Processor] WARN  replication.UnderReplicatedProcessor (UnderReplicatedProcessor.java:run(148)) - Under Replicated Processor interrupted. Exiting...
2022-10-13 20:19:49,459 [Over Replicated Processor] WARN  replication.OverReplicatedProcessor (OverReplicatedProcessor.java:run(137)) - Over Replicated Processor interrupted. Exiting...
2022-10-13 20:19:49,462 [IPC Server listener on 44779] INFO  ipc.Server (Server.java:run(1384)) - Stopping IPC Server listener on 44779
2022-10-13 20:19:49,464 [IPC Server Responder] INFO  ipc.Server (Server.java:run(1517)) - Stopping IPC Server Responder
2022-10-13 20:19:49,465 [grpc-default-executor-3] WARN  server.GrpcLogAppender (LogUtils.java:warn(122)) - e2549e0e-20c3-4590-9573-c43d76d3b17a@group-018C6AA32671->07c9e681-1902-448f-876d-c238a5737790-AppendLogResponseHandler: Failed appendEntries: org.apache.ratis.thirdparty.io.grpc.StatusRuntimeException: UNAVAILABLE: io exception
2022-10-13 20:19:49,466 [grpc-default-executor-3] INFO  leader.FollowerInfo (FollowerInfoImpl.java:lambda$new$0(48)) - e2549e0e-20c3-4590-9573-c43d76d3b17a@group-018C6AA32671->07c9e681-1902-448f-876d-c238a5737790: nextIndex: updateUnconditionally 29 -> 28
2022-10-13 20:19:49,495 [SCM Heartbeat Processing Thread - 0] WARN  node.NodeStateManager (NodeStateManager.java:scheduleNextHealthCheck(870)) - Current Thread is interrupted, shutting down HB processing thread for Node Manager.
2022-10-13 20:19:49,495 [Listener at 127.0.0.1/34689] INFO  server.StorageContainerManager (StorageContainerManager.java:stop(1564)) - Stopping block service RPC server
2022-10-13 20:19:49,495 [Listener at 127.0.0.1/34689] INFO  server.SCMBlockProtocolServer (SCMBlockProtocolServer.java:stop(161)) - Stopping the RPC server for Block Protocol
2022-10-13 20:19:49,495 [Listener at 127.0.0.1/34689] INFO  ipc.Server (Server.java:stop(3428)) - Stopping server on 42331
2022-10-13 20:19:49,499 [IPC Server listener on 42331] INFO  ipc.Server (Server.java:run(1384)) - Stopping IPC Server listener on 42331
2022-10-13 20:19:49,499 [Listener at 127.0.0.1/34689] INFO  server.StorageContainerManager (StorageContainerManager.java:stop(1571)) - Stopping the StorageContainerLocationProtocol RPC server
2022-10-13 20:19:49,499 [Listener at 127.0.0.1/34689] INFO  server.SCMClientProtocolServer (SCMClientProtocolServer.java:stop(179)) - Stopping the RPC server for Client Protocol
2022-10-13 20:19:49,499 [Listener at 127.0.0.1/34689] INFO  ipc.Server (Server.java:stop(3428)) - Stopping server on 41371
2022-10-13 20:19:49,500 [IPC Server Responder] INFO  ipc.Server (Server.java:run(1517)) - Stopping IPC Server Responder
2022-10-13 20:19:49,502 [Listener at 127.0.0.1/34689] INFO  server.StorageContainerManager (StorageContainerManager.java:stop(1578)) - Stopping Storage Container Manager HTTP server.
2022-10-13 20:19:49,503 [Listener at 127.0.0.1/34689] INFO  handler.ContextHandler (ContextHandler.java:doStop(1153)) - Stopped o.e.j.w.WebAppContext@5f33f083{scm,/,null,STOPPED}{file:/home/runner/work/ozone/ozone/hadoop-ozone/integration-test/target/test-classes/webapps/scm}
2022-10-13 20:19:49,503 [IPC Server Responder] INFO  ipc.Server (Server.java:run(1517)) - Stopping IPC Server Responder
2022-10-13 20:19:49,503 [IPC Server listener on 41371] INFO  ipc.Server (Server.java:run(1384)) - Stopping IPC Server listener on 41371
2022-10-13 20:19:49,504 [Listener at 127.0.0.1/34689] INFO  server.AbstractConnector (AbstractConnector.java:doStop(381)) - Stopped ServerConnector@4cfa5df3{HTTP/1.1, (http/1.1)}{0.0.0.0:35643}
2022-10-13 20:19:49,504 [Listener at 127.0.0.1/34689] INFO  server.session (HouseKeeper.java:stopScavenging(149)) - node0 Stopped scavenging
2022-10-13 20:19:49,504 [Listener at 127.0.0.1/34689] INFO  handler.ContextHandler (ContextHandler.java:doStop(1153)) - Stopped o.e.j.s.ServletContextHandler@1eb8bcf4{static,/static,file:///home/runner/work/ozone/ozone/hadoop-ozone/integration-test/target/test-classes/webapps/static,STOPPED}
2022-10-13 20:19:49,504 [Listener at 127.0.0.1/34689] INFO  handler.ContextHandler (ContextHandler.java:doStop(1153)) - Stopped o.e.j.s.ServletContextHandler@1b141854{logs,/logs,file:///home/runner/work/ozone/ozone/hadoop-ozone/integration-test/target/log,STOPPED}
2022-10-13 20:19:49,506 [Listener at 127.0.0.1/34689] INFO  server.StorageContainerManager (StorageContainerManager.java:stop(1584)) - Stopping SCM LayoutVersionManager Service.
2022-10-13 20:19:49,506 [Listener at 127.0.0.1/34689] INFO  server.StorageContainerManager (StorageContainerManager.java:stop(1592)) - Stopping Block Manager Service.
2022-10-13 20:19:49,506 [Listener at 127.0.0.1/34689] INFO  utils.BackgroundService (BackgroundService.java:shutdown(141)) - Shutting down service SCMBlockDeletingService
2022-10-13 20:19:49,506 [Listener at 127.0.0.1/34689] INFO  utils.BackgroundService (BackgroundService.java:shutdown(141)) - Shutting down service SCMBlockDeletingService
2022-10-13 20:19:49,506 [Listener at 127.0.0.1/34689] INFO  server.StorageContainerManager (StorageContainerManager.java:stop(1619)) - Stopping SCM Event Queue.
2022-10-13 20:19:49,507 [Listener at 127.0.0.1/34689] INFO  server.StorageContainerManager (StorageContainerManager.java:stop(1630)) - Stopping SCM HA services.
2022-10-13 20:19:49,507 [Listener at 127.0.0.1/34689] INFO  ha.SCMRatisServerImpl (SCMRatisServerImpl.java:stop(237)) - stopping ratis server 0.0.0.0:43085
2022-10-13 20:19:49,508 [Listener at 127.0.0.1/34689] INFO  server.RaftServer (RaftServerProxy.java:lambda$close$7(398)) - aa1de7e1-092b-4c10-ba41-bafadd24aa7a: close
2022-10-13 20:19:49,508 [Listener at 127.0.0.1/34689] INFO  server.RaftServer$Division (RaftServerImpl.java:lambda$close$4(434)) - aa1de7e1-092b-4c10-ba41-bafadd24aa7a@group-018C6AA32671: shutdown
2022-10-13 20:19:49,508 [Listener at 127.0.0.1/34689] INFO  util.JmxRegister (JmxRegister.java:unregister(73)) - Successfully un-registered JMX Bean with object name Ratis:service=RaftServer,group=group-018C6AA32671,id=aa1de7e1-092b-4c10-ba41-bafadd24aa7a
2022-10-13 20:19:49,508 [Listener at 127.0.0.1/34689] INFO  impl.RoleInfo (RoleInfo.java:shutdownFollowerState(110)) - aa1de7e1-092b-4c10-ba41-bafadd24aa7a: shutdown aa1de7e1-092b-4c10-ba41-bafadd24aa7a@group-018C6AA32671-FollowerState
2022-10-13 20:19:49,508 [aa1de7e1-092b-4c10-ba41-bafadd24aa7a@group-018C6AA32671-FollowerState] INFO  impl.FollowerState (FollowerState.java:run(152)) - aa1de7e1-092b-4c10-ba41-bafadd24aa7a@group-018C6AA32671-FollowerState was interrupted
2022-10-13 20:19:49,508 [Listener at 127.0.0.1/34689] INFO  impl.StateMachineUpdater (StateMachineUpdater.java:stopAndJoin(153)) - aa1de7e1-092b-4c10-ba41-bafadd24aa7a@group-018C6AA32671-StateMachineUpdater: set stopIndex = 27
2022-10-13 20:19:49,509 [aa1de7e1-092b-4c10-ba41-bafadd24aa7a@group-018C6AA32671-StateMachineUpdater] INFO  ha.SCMStateMachine (SCMStateMachine.java:takeSnapshot(297)) - Current Snapshot Index 27, takeSnapshot took 1 ms
2022-10-13 20:19:49,509 [aa1de7e1-092b-4c10-ba41-bafadd24aa7a@group-018C6AA32671-StateMachineUpdater] INFO  impl.StateMachineUpdater (StateMachineUpdater.java:takeSnapshot(287)) - aa1de7e1-092b-4c10-ba41-bafadd24aa7a@group-018C6AA32671-StateMachineUpdater: Took a snapshot at index 27
2022-10-13 20:19:49,509 [aa1de7e1-092b-4c10-ba41-bafadd24aa7a@group-018C6AA32671-StateMachineUpdater] INFO  impl.StateMachineUpdater (StateMachineUpdater.java:lambda$new$0(92)) - aa1de7e1-092b-4c10-ba41-bafadd24aa7a@group-018C6AA32671-StateMachineUpdater: snapshotIndex: updateIncreasingly -1 -> 27
2022-10-13 20:19:49,509 [aa1de7e1-092b-4c10-ba41-bafadd24aa7a@group-018C6AA32671-StateMachineUpdater] INFO  server.StorageContainerManager (StorageContainerManager.java:stop(1528)) - Container Balancer is not running.
2022-10-13 20:19:49,509 [aa1de7e1-092b-4c10-ba41-bafadd24aa7a@group-018C6AA32671-StateMachineUpdater] INFO  server.StorageContainerManager (StorageContainerManager.java:stop(1535)) - Stopping Replication Manager Service.
2022-10-13 20:19:49,509 [aa1de7e1-092b-4c10-ba41-bafadd24aa7a@group-018C6AA32671-StateMachineUpdater] INFO  replication.ReplicationManager (ReplicationManager.java:stop(265)) - Replication Monitor Thread is not running.
2022-10-13 20:19:49,509 [aa1de7e1-092b-4c10-ba41-bafadd24aa7a@group-018C6AA32671-StateMachineUpdater] INFO  server.StorageContainerManager (StorageContainerManager.java:stop(1542)) - Stopping the Datanode Admin Monitor.
2022-10-13 20:19:49,509 [aa1de7e1-092b-4c10-ba41-bafadd24aa7a@group-018C6AA32671-StateMachineUpdater] INFO  server.StorageContainerManager (StorageContainerManager.java:stop(1549)) - Stopping Lease Manager of the command watchers
2022-10-13 20:19:49,509 [aa1de7e1-092b-4c10-ba41-bafadd24aa7a@group-018C6AA32671-StateMachineUpdater] ERROR server.StorageContainerManager (StorageContainerManager.java:stop(1552)) - Lease Manager of the command watchers stop failed
2022-10-13 20:19:49,509 [aa1de7e1-092b-4c10-ba41-bafadd24aa7a@group-018C6AA32671-StateMachineUpdater] INFO  server.StorageContainerManager (StorageContainerManager.java:stop(1556)) - Stopping datanode service RPC server
2022-10-13 20:19:49,509 [aa1de7e1-092b-4c10-ba41-bafadd24aa7a@group-018C6AA32671-StateMachineUpdater] INFO  server.SCMDatanodeProtocolServer (SCMDatanodeProtocolServer.java:stop(414)) - Stopping the RPC server for DataNodes
2022-10-13 20:19:49,510 [aa1de7e1-092b-4c10-ba41-bafadd24aa7a@group-018C6AA32671-StateMachineUpdater] INFO  ipc.Server (Server.java:stop(3428)) - Stopping server on 44779
2022-10-13 20:19:49,510 [aa1de7e1-092b-4c10-ba41-bafadd24aa7a@group-018C6AA32671-StateMachineUpdater] INFO  server.StorageContainerManager (StorageContainerManager.java:stop(1564)) - Stopping block service RPC server
2022-10-13 20:19:49,510 [aa1de7e1-092b-4c10-ba41-bafadd24aa7a@group-018C6AA32671-StateMachineUpdater] INFO  server.SCMBlockProtocolServer (SCMBlockProtocolServer.java:stop(161)) - Stopping the RPC server for Block Protocol
2022-10-13 20:19:49,510 [aa1de7e1-092b-4c10-ba41-bafadd24aa7a@group-018C6AA32671-StateMachineUpdater] INFO  ipc.Server (Server.java:stop(3428)) - Stopping server on 42331
2022-10-13 20:19:49,510 [aa1de7e1-092b-4c10-ba41-bafadd24aa7a@group-018C6AA32671-StateMachineUpdater] INFO  server.StorageContainerManager (StorageContainerManager.java:stop(1571)) - Stopping the StorageContainerLocationProtocol RPC server
2022-10-13 20:19:49,510 [aa1de7e1-092b-4c10-ba41-bafadd24aa7a@group-018C6AA32671-StateMachineUpdater] INFO  server.SCMClientProtocolServer (SCMClientProtocolServer.java:stop(179)) - Stopping the RPC server for Client Protocol
2022-10-13 20:19:49,510 [aa1de7e1-092b-4c10-ba41-bafadd24aa7a@group-018C6AA32671-StateMachineUpdater] INFO  ipc.Server (Server.java:stop(3428)) - Stopping server on 41371
2022-10-13 20:19:49,510 [aa1de7e1-092b-4c10-ba41-bafadd24aa7a@group-018C6AA32671-StateMachineUpdater] INFO  server.StorageContainerManager (StorageContainerManager.java:stop(1578)) - Stopping Storage Container Manager HTTP server.
2022-10-13 20:19:49,510 [aa1de7e1-092b-4c10-ba41-bafadd24aa7a@group-018C6AA32671-StateMachineUpdater] INFO  server.StorageContainerManager (StorageContainerManager.java:stop(1584)) - Stopping SCM LayoutVersionManager Service.
2022-10-13 20:19:49,511 [aa1de7e1-092b-4c10-ba41-bafadd24aa7a@group-018C6AA32671-StateMachineUpdater] INFO  server.StorageContainerManager (StorageContainerManager.java:stop(1592)) - Stopping Block Manager Service.
2022-10-13 20:19:49,511 [aa1de7e1-092b-4c10-ba41-bafadd24aa7a@group-018C6AA32671-StateMachineUpdater] INFO  utils.BackgroundService (BackgroundService.java:shutdown(141)) - Shutting down service SCMBlockDeletingService
2022-10-13 20:19:49,511 [aa1de7e1-092b-4c10-ba41-bafadd24aa7a@group-018C6AA32671-StateMachineUpdater] INFO  utils.BackgroundService (BackgroundService.java:shutdown(141)) - Shutting down service SCMBlockDeletingService
2022-10-13 20:19:49,511 [aa1de7e1-092b-4c10-ba41-bafadd24aa7a@group-018C6AA32671-StateMachineUpdater] INFO  server.StorageContainerManager (StorageContainerManager.java:stop(1619)) - Stopping SCM Event Queue.
2022-10-13 20:19:49,511 [aa1de7e1-092b-4c10-ba41-bafadd24aa7a@group-018C6AA32671-StateMachineUpdater] INFO  server.StorageContainerManager (StorageContainerManager.java:stop(1630)) - Stopping SCM HA services.
2022-10-13 20:19:49,511 [aa1de7e1-092b-4c10-ba41-bafadd24aa7a@group-018C6AA32671-StateMachineUpdater] INFO  ha.SCMRatisServerImpl (SCMRatisServerImpl.java:stop(237)) - stopping ratis server 0.0.0.0:43085
2022-10-13 20:19:49,511 [org.apache.ratis.util.JvmPauseMonitor$$Lambda$519/1431033796@3eb8b8c5] INFO  util.JvmPauseMonitor (JvmPauseMonitor.java:run(109)) - JvmPauseMonitor-aa1de7e1-092b-4c10-ba41-bafadd24aa7a: Stopped
2022-10-13 20:19:49,512 [aa1de7e1-092b-4c10-ba41-bafadd24aa7a@group-018C6AA32671-StateMachineUpdater] INFO  pipeline.BackgroundPipelineCreator (BackgroundPipelineCreator.java:stop(149)) - Stopping RatisPipelineUtilsThread.
2022-10-13 20:19:49,512 [RatisPipelineUtilsThread - 0] WARN  pipeline.BackgroundPipelineCreator (BackgroundPipelineCreator.java:run(180)) - RatisPipelineUtilsThread is interrupted.
2022-10-13 20:19:49,512 [aa1de7e1-092b-4c10-ba41-bafadd24aa7a@group-018C6AA32671-StateMachineUpdater] INFO  BackgroundPipelineScrubber (BackgroundSCMService.java:stop(131)) - Stopping BackgroundPipelineScrubber Service.
2022-10-13 20:19:49,512 [BackgroundPipelineScrubberThread] WARN  BackgroundPipelineScrubber (BackgroundSCMService.java:run(115)) - BackgroundPipelineScrubber is interrupted, exit
2022-10-13 20:19:49,512 [aa1de7e1-092b-4c10-ba41-bafadd24aa7a@group-018C6AA32671-StateMachineUpdater] INFO  impl.MetricsSystemImpl (MetricsSystemImpl.java:stop(205)) - HddsDatanode metrics system stopped (again)
2022-10-13 20:19:49,512 [aa1de7e1-092b-4c10-ba41-bafadd24aa7a@group-018C6AA32671-StateMachineUpdater] WARN  pipeline.BackgroundPipelineCreator (BackgroundPipelineCreator.java:stop(145)) - RatisPipelineUtilsThread is not running, just ignore.
2022-10-13 20:19:49,512 [aa1de7e1-092b-4c10-ba41-bafadd24aa7a@group-018C6AA32671-StateMachineUpdater] INFO  BackgroundPipelineScrubber (BackgroundSCMService.java:stop(126)) - BackgroundPipelineScrubber Service is not running, skip stop.
2022-10-13 20:19:49,513 [ExpiredContainerReplicaOpScrubberThread] WARN  ExpiredContainerReplicaOpScrubber (BackgroundSCMService.java:run(115)) - ExpiredContainerReplicaOpScrubber is interrupted, exit
2022-10-13 20:19:49,513 [aa1de7e1-092b-4c10-ba41-bafadd24aa7a@group-018C6AA32671-StateMachineUpdater] INFO  ExpiredContainerReplicaOpScrubber (BackgroundSCMService.java:stop(131)) - Stopping ExpiredContainerReplicaOpScrubber Service.
2022-10-13 20:19:49,513 [aa1de7e1-092b-4c10-ba41-bafadd24aa7a@group-018C6AA32671-StateMachineUpdater] INFO  utils.BackgroundService (BackgroundService.java:shutdown(141)) - Shutting down service SCMBlockDeletingService
2022-10-13 20:19:49,513 [aa1de7e1-092b-4c10-ba41-bafadd24aa7a@group-018C6AA32671-StateMachineUpdater] INFO  replication.ReplicationManager (ReplicationManager.java:stop(265)) - Replication Monitor Thread is not running.
2022-10-13 20:19:49,513 [aa1de7e1-092b-4c10-ba41-bafadd24aa7a@group-018C6AA32671-StateMachineUpdater] WARN  balancer.ContainerBalancer (ContainerBalancer.java:stop(1096)) - Cannot stop Container Balancer because it's not running
2022-10-13 20:19:49,513 [aa1de7e1-092b-4c10-ba41-bafadd24aa7a@group-018C6AA32671-StateMachineUpdater] INFO  server.StorageContainerManager (StorageContainerManager.java:stop(1648)) - Stopping SCM MetadataStore.
2022-10-13 20:19:49,516 [aa1de7e1-092b-4c10-ba41-bafadd24aa7a@group-018C6AA32671-StateMachineUpdater] ERROR server.StorageContainerManager (ExitUtils.java:terminate(133)) - Terminating with exit status 1: scm statemachine is closed by ratis, terminate SCM
2022-10-13 20:19:49,516 [aa1de7e1-092b-4c10-ba41-bafadd24aa7a@group-018C6AA32671-StateMachineUpdater] WARN  impl.StateMachineUpdater (StateMachineUpdater.java:stop(137)) - aa1de7e1-092b-4c10-ba41-bafadd24aa7a@group-018C6AA32671-StateMachineUpdater: Failed to close SCMStateMachine SCMStateMachine:aa1de7e1-092b-4c10-ba41-bafadd24aa7a:group-018C6AA32671
org.apache.ratis.util.ExitUtils$ExitException: scm statemachine is closed by ratis, terminate SCM
	at org.apache.ratis.util.ExitUtils.terminate(ExitUtils.java:141)
	at org.apache.ratis.util.ExitUtils.terminate(ExitUtils.java:151)
	at org.apache.ratis.util.ExitUtils.terminate(ExitUtils.java:155)
	at org.apache.hadoop.hdds.scm.server.StorageContainerManager.shutDown(StorageContainerManager.java:1658)
	at org.apache.hadoop.hdds.scm.ha.SCMStateMachine.close(SCMStateMachine.java:403)
	at org.apache.ratis.server.impl.StateMachineUpdater.stop(StateMachineUpdater.java:134)
	at org.apache.ratis.server.impl.StateMachineUpdater.run(StateMachineUpdater.java:187)
	at java.lang.Thread.run(Thread.java:750)
2022-10-13 20:19:49,516 [Listener at 127.0.0.1/34689] INFO  server.RaftServer$Division (ServerState.java:close(429)) - aa1de7e1-092b-4c10-ba41-bafadd24aa7a@group-018C6AA32671: closes. applyIndex: 26
2022-10-13 20:19:49,516 [aa1de7e1-092b-4c10-ba41-bafadd24aa7a@group-018C6AA32671-SegmentedRaftLogWorker] INFO  segmented.SegmentedRaftLogWorker (SegmentedRaftLogWorker.java:run(336)) - aa1de7e1-092b-4c10-ba41-bafadd24aa7a@group-018C6AA32671-SegmentedRaftLogWorker was interrupted, exiting. There are 0 tasks remaining in the queue.
2022-10-13 20:19:49,518 [Listener at 127.0.0.1/34689] INFO  segmented.SegmentedRaftLogWorker (SegmentedRaftLogWorker.java:close(246)) - aa1de7e1-092b-4c10-ba41-bafadd24aa7a@group-018C6AA32671-SegmentedRaftLogWorker close()
2022-10-13 20:19:49,522 [Listener at 127.0.0.1/34689] INFO  server.GrpcService (GrpcService.java:closeImpl(269)) - aa1de7e1-092b-4c10-ba41-bafadd24aa7a: shutdown server with port 43085 now
2022-10-13 20:19:49,574 [grpc-default-executor-2] WARN  server.GrpcServerProtocolService (LogUtils.java:warn(122)) - aa1de7e1-092b-4c10-ba41-bafadd24aa7a: installSnapshot onError, lastRequest: e2549e0e-20c3-4590-9573-c43d76d3b17a->aa1de7e1-092b-4c10-ba41-bafadd24aa7a#890-t2,previous=(t:2, i:27),leaderCommit=27,initializing? true,entries: size=1, first=(t:2, i:28), METADATAENTRY(c:27): org.apache.ratis.thirdparty.io.grpc.StatusRuntimeException: CANCELLED: client cancelled
2022-10-13 20:19:49,574 [Listener at 127.0.0.1/34689] INFO  server.GrpcService (GrpcService.java:closeImpl(278)) - aa1de7e1-092b-4c10-ba41-bafadd24aa7a: shutdown server with port 43085 successfully
2022-10-13 20:19:49,574 [Listener at 127.0.0.1/34689] WARN  pipeline.BackgroundPipelineCreator (BackgroundPipelineCreator.java:stop(145)) - RatisPipelineUtilsThread is not running, just ignore.
2022-10-13 20:19:49,575 [Listener at 127.0.0.1/34689] INFO  BackgroundPipelineScrubber (BackgroundSCMService.java:stop(126)) - BackgroundPipelineScrubber Service is not running, skip stop.
2022-10-13 20:19:49,575 [Listener at 127.0.0.1/34689] INFO  impl.MetricsSystemImpl (MetricsSystemImpl.java:stop(205)) - HddsDatanode metrics system stopped (again)
2022-10-13 20:19:49,575 [Listener at 127.0.0.1/34689] WARN  pipeline.BackgroundPipelineCreator (BackgroundPipelineCreator.java:stop(145)) - RatisPipelineUtilsThread is not running, just ignore.
2022-10-13 20:19:49,575 [Listener at 127.0.0.1/34689] INFO  BackgroundPipelineScrubber (BackgroundSCMService.java:stop(126)) - BackgroundPipelineScrubber Service is not running, skip stop.
2022-10-13 20:19:49,575 [Listener at 127.0.0.1/34689] INFO  ExpiredContainerReplicaOpScrubber (BackgroundSCMService.java:stop(126)) - ExpiredContainerReplicaOpScrubber Service is not running, skip stop.
2022-10-13 20:19:49,575 [Listener at 127.0.0.1/34689] INFO  utils.BackgroundService (BackgroundService.java:shutdown(141)) - Shutting down service SCMBlockDeletingService
2022-10-13 20:19:49,575 [Listener at 127.0.0.1/34689] INFO  replication.ReplicationManager (ReplicationManager.java:stop(265)) - Replication Monitor Thread is not running.
2022-10-13 20:19:49,575 [Listener at 127.0.0.1/34689] WARN  balancer.ContainerBalancer (ContainerBalancer.java:stop(1096)) - Cannot stop Container Balancer because it's not running
2022-10-13 20:19:49,575 [Listener at 127.0.0.1/34689] INFO  server.StorageContainerManager (StorageContainerManager.java:stop(1648)) - Stopping SCM MetadataStore.
2022-10-13 20:19:49,575 [Listener at 127.0.0.1/34689] INFO  ozone.MiniOzoneHAClusterImpl (MiniOzoneHAClusterImpl.java:stop(320)) - Stopping the StorageContainerManager e2549e0e-20c3-4590-9573-c43d76d3b17a
2022-10-13 20:19:49,575 [Listener at 127.0.0.1/34689] INFO  server.StorageContainerManager (StorageContainerManager.java:stop(1528)) - Container Balancer is not running.
2022-10-13 20:19:49,575 [Listener at 127.0.0.1/34689] INFO  server.StorageContainerManager (StorageContainerManager.java:stop(1535)) - Stopping Replication Manager Service.
2022-10-13 20:19:49,575 [Listener at 127.0.0.1/34689] INFO  replication.ReplicationManager (ReplicationManager.java:stop(257)) - Stopping Replication Monitor Thread.
2022-10-13 20:19:49,575 [Listener at 127.0.0.1/34689] INFO  server.StorageContainerManager (StorageContainerManager.java:stop(1542)) - Stopping the Datanode Admin Monitor.
2022-10-13 20:19:49,575 [Listener at 127.0.0.1/34689] INFO  server.StorageContainerManager (StorageContainerManager.java:stop(1549)) - Stopping Lease Manager of the command watchers
2022-10-13 20:19:49,575 [Listener at 127.0.0.1/34689] INFO  server.StorageContainerManager (StorageContainerManager.java:stop(1556)) - Stopping datanode service RPC server
2022-10-13 20:19:49,576 [Listener at 127.0.0.1/34689] INFO  server.SCMDatanodeProtocolServer (SCMDatanodeProtocolServer.java:stop(414)) - Stopping the RPC server for DataNodes
2022-10-13 20:19:49,576 [Listener at 127.0.0.1/34689] INFO  ipc.Server (Server.java:stop(3428)) - Stopping server on 33963
2022-10-13 20:19:49,576 [grpc-default-executor-0] WARN  server.GrpcLogAppender (LogUtils.java:warn(122)) - e2549e0e-20c3-4590-9573-c43d76d3b17a@group-018C6AA32671->aa1de7e1-092b-4c10-ba41-bafadd24aa7a-AppendLogResponseHandler: Failed appendEntries: org.apache.ratis.thirdparty.io.grpc.StatusRuntimeException: CANCELLED: RST_STREAM closed stream. HTTP/2 error code: CANCEL
2022-10-13 20:19:49,576 [grpc-default-executor-0] INFO  leader.FollowerInfo (FollowerInfoImpl.java:lambda$new$0(48)) - e2549e0e-20c3-4590-9573-c43d76d3b17a@group-018C6AA32671->aa1de7e1-092b-4c10-ba41-bafadd24aa7a: nextIndex: updateUnconditionally 29 -> 28
2022-10-13 20:19:49,576 [Under Replicated Processor] WARN  replication.UnderReplicatedProcessor (UnderReplicatedProcessor.java:run(148)) - Under Replicated Processor interrupted. Exiting...
2022-10-13 20:19:49,576 [ReplicationMonitor] INFO  replication.ReplicationManager (ReplicationManager.java:run(509)) - Replication Monitor Thread is stopped
2022-10-13 20:19:49,578 [Over Replicated Processor] WARN  replication.OverReplicatedProcessor (OverReplicatedProcessor.java:run(137)) - Over Replicated Processor interrupted. Exiting...
2022-10-13 20:19:49,593 [grpc-default-executor-3] WARN  server.GrpcLogAppender (LogUtils.java:warn(122)) - e2549e0e-20c3-4590-9573-c43d76d3b17a@group-018C6AA32671->aa1de7e1-092b-4c10-ba41-bafadd24aa7a-AppendLogResponseHandler: Failed appendEntries: org.apache.ratis.thirdparty.io.grpc.StatusRuntimeException: UNAVAILABLE: io exception
2022-10-13 20:19:49,594 [grpc-default-executor-3] INFO  leader.FollowerInfo (FollowerInfoImpl.java:lambda$new$0(48)) - e2549e0e-20c3-4590-9573-c43d76d3b17a@group-018C6AA32671->aa1de7e1-092b-4c10-ba41-bafadd24aa7a: nextIndex: updateUnconditionally 29 -> 28
2022-10-13 20:19:49,595 [IPC Server listener on 33963] INFO  ipc.Server (Server.java:run(1384)) - Stopping IPC Server listener on 33963
2022-10-13 20:19:49,595 [IPC Server Responder] INFO  ipc.Server (Server.java:run(1517)) - Stopping IPC Server Responder
2022-10-13 20:19:49,777 [EndpointStateMachine task thread for /127.0.0.1:44779 - 0 ] WARN  statemachine.EndpointStateMachine (EndpointStateMachine.java:logIfNeeded(242)) - Unable to communicate to SCM server at 127.0.0.1:44779 for past 0 seconds.
java.io.EOFException: End of File Exception between local host is: "fv-az186-171/10.1.2.27"; destination host is: "localhost":44779; : java.io.EOFException; For more details see:  http://wiki.apache.org/hadoop/EOFException
	at sun.reflect.NativeConstructorAccessorImpl.newInstance0(Native Method)
	at sun.reflect.NativeConstructorAccessorImpl.newInstance(NativeConstructorAccessorImpl.java:62)
	at sun.reflect.DelegatingConstructorAccessorImpl.newInstance(DelegatingConstructorAccessorImpl.java:45)
	at java.lang.reflect.Constructor.newInstance(Constructor.java:423)
	at org.apache.hadoop.net.NetUtils.wrapWithMessage(NetUtils.java:913)
	at org.apache.hadoop.net.NetUtils.wrapException(NetUtils.java:862)
	at org.apache.hadoop.ipc.Client.getRpcResponse(Client.java:1616)
	at org.apache.hadoop.ipc.Client.call(Client.java:1558)
	at org.apache.hadoop.ipc.Client.call(Client.java:1455)
	at org.apache.hadoop.ipc.ProtobufRpcEngine$Invoker.invoke(ProtobufRpcEngine.java:235)
	at org.apache.hadoop.ipc.ProtobufRpcEngine$Invoker.invoke(ProtobufRpcEngine.java:122)
	at com.sun.proxy.$Proxy51.submitRequest(Unknown Source)
	at org.apache.hadoop.ozone.protocolPB.StorageContainerDatanodeProtocolClientSideTranslatorPB.submitRequest(StorageContainerDatanodeProtocolClientSideTranslatorPB.java:117)
	at org.apache.hadoop.ozone.protocolPB.StorageContainerDatanodeProtocolClientSideTranslatorPB.sendHeartbeat(StorageContainerDatanodeProtocolClientSideTranslatorPB.java:149)
	at org.apache.hadoop.ozone.container.common.states.endpoint.HeartbeatEndpointTask.call(HeartbeatEndpointTask.java:185)
	at org.apache.hadoop.ozone.container.common.states.endpoint.HeartbeatEndpointTask.call(HeartbeatEndpointTask.java:87)
	at java.util.concurrent.FutureTask.run(FutureTask.java:266)
	at java.util.concurrent.ThreadPoolExecutor.runWorker(ThreadPoolExecutor.java:1149)
	at java.util.concurrent.ThreadPoolExecutor$Worker.run(ThreadPoolExecutor.java:624)
	at java.lang.Thread.run(Thread.java:750)
Caused by: java.io.EOFException
	at java.io.DataInputStream.readInt(DataInputStream.java:392)
	at org.apache.hadoop.ipc.Client$IpcStreams.readResponse(Client.java:1922)
	at org.apache.hadoop.ipc.Client$Connection.receiveRpcResponse(Client.java:1238)
	at org.apache.hadoop.ipc.Client$Connection.run(Client.java:1134)
2022-10-13 20:19:49,778 [EndpointStateMachine task thread for /127.0.0.1:33963 - 0 ] WARN  statemachine.EndpointStateMachine (EndpointStateMachine.java:logIfNeeded(242)) - Unable to communicate to SCM server at 127.0.0.1:33963 for past 0 seconds.
java.io.EOFException: End of File Exception between local host is: "fv-az186-171/10.1.2.27"; destination host is: "localhost":33963; : java.io.EOFException; For more details see:  http://wiki.apache.org/hadoop/EOFException
	at sun.reflect.NativeConstructorAccessorImpl.newInstance0(Native Method)
	at sun.reflect.NativeConstructorAccessorImpl.newInstance(NativeConstructorAccessorImpl.java:62)
	at sun.reflect.DelegatingConstructorAccessorImpl.newInstance(DelegatingConstructorAccessorImpl.java:45)
	at java.lang.reflect.Constructor.newInstance(Constructor.java:423)
	at org.apache.hadoop.net.NetUtils.wrapWithMessage(NetUtils.java:913)
	at org.apache.hadoop.net.NetUtils.wrapException(NetUtils.java:862)
	at org.apache.hadoop.ipc.Client.getRpcResponse(Client.java:1616)
	at org.apache.hadoop.ipc.Client.call(Client.java:1558)
	at org.apache.hadoop.ipc.Client.call(Client.java:1455)
	at org.apache.hadoop.ipc.ProtobufRpcEngine$Invoker.invoke(ProtobufRpcEngine.java:235)
	at org.apache.hadoop.ipc.ProtobufRpcEngine$Invoker.invoke(ProtobufRpcEngine.java:122)
	at com.sun.proxy.$Proxy51.submitRequest(Unknown Source)
	at org.apache.hadoop.ozone.protocolPB.StorageContainerDatanodeProtocolClientSideTranslatorPB.submitRequest(StorageContainerDatanodeProtocolClientSideTranslatorPB.java:117)
	at org.apache.hadoop.ozone.protocolPB.StorageContainerDatanodeProtocolClientSideTranslatorPB.sendHeartbeat(StorageContainerDatanodeProtocolClientSideTranslatorPB.java:149)
	at org.apache.hadoop.ozone.container.common.states.endpoint.HeartbeatEndpointTask.call(HeartbeatEndpointTask.java:185)
	at org.apache.hadoop.ozone.container.common.states.endpoint.HeartbeatEndpointTask.call(HeartbeatEndpointTask.java:87)
	at java.util.concurrent.FutureTask.run(FutureTask.java:266)
	at java.util.concurrent.ThreadPoolExecutor.runWorker(ThreadPoolExecutor.java:1149)
	at java.util.concurrent.ThreadPoolExecutor$Worker.run(ThreadPoolExecutor.java:624)
	at java.lang.Thread.run(Thread.java:750)
Caused by: java.io.EOFException
	at java.io.DataInputStream.readInt(DataInputStream.java:392)
	at org.apache.hadoop.ipc.Client$IpcStreams.readResponse(Client.java:1922)
	at org.apache.hadoop.ipc.Client$Connection.receiveRpcResponse(Client.java:1238)
	at org.apache.hadoop.ipc.Client$Connection.run(Client.java:1134)
2022-10-13 20:19:50,723 [grpc-default-executor-3] WARN  server.GrpcLogAppender (LogUtils.java:warn(122)) - e2549e0e-20c3-4590-9573-c43d76d3b17a@group-018C6AA32671->07c9e681-1902-448f-876d-c238a5737790-AppendLogResponseHandler: Failed appendEntries: org.apache.ratis.thirdparty.io.grpc.StatusRuntimeException: UNAVAILABLE: io exception
2022-10-13 20:19:50,724 [grpc-default-executor-3] INFO  leader.FollowerInfo (FollowerInfoImpl.java:lambda$new$0(48)) - e2549e0e-20c3-4590-9573-c43d76d3b17a@group-018C6AA32671->07c9e681-1902-448f-876d-c238a5737790: nextIndex: updateUnconditionally 29 -> 28
2022-10-13 20:19:50,731 [grpc-default-executor-3] WARN  server.GrpcLogAppender (LogUtils.java:warn(122)) - e2549e0e-20c3-4590-9573-c43d76d3b17a@group-018C6AA32671->aa1de7e1-092b-4c10-ba41-bafadd24aa7a-AppendLogResponseHandler: Failed appendEntries: org.apache.ratis.thirdparty.io.grpc.StatusRuntimeException: UNAVAILABLE: io exception
2022-10-13 20:19:50,731 [grpc-default-executor-3] INFO  leader.FollowerInfo (FollowerInfoImpl.java:lambda$new$0(48)) - e2549e0e-20c3-4590-9573-c43d76d3b17a@group-018C6AA32671->aa1de7e1-092b-4c10-ba41-bafadd24aa7a: nextIndex: updateUnconditionally 29 -> 28
2022-10-13 20:19:50,776 [EndpointStateMachine task thread for /127.0.0.1:46545 - 0 ] INFO  ipc.Client (Client.java:handleConnectionFailure(1010)) - Retrying connect to server: localhost/127.0.0.1:46545. Already tried 0 time(s); retry policy is RetryUpToMaximumCountWithFixedSleep(maxRetries=15, sleepTime=1000 MILLISECONDS)
2022-10-13 20:19:51,197 [EndpointStateMachine task thread for /127.0.0.1:44779 - 0 ] INFO  ipc.Client (Client.java:handleConnectionFailure(1010)) - Retrying connect to server: localhost/127.0.0.1:44779. Already tried 0 time(s); retry policy is RetryUpToMaximumCountWithFixedSleep(maxRetries=15, sleepTime=1000 MILLISECONDS)
2022-10-13 20:19:51,198 [EndpointStateMachine task thread for /127.0.0.1:33963 - 0 ] INFO  ipc.Client (Client.java:handleConnectionFailure(1010)) - Retrying connect to server: localhost/127.0.0.1:33963. Already tried 0 time(s); retry policy is RetryUpToMaximumCountWithFixedSleep(maxRetries=15, sleepTime=1000 MILLISECONDS)
2022-10-13 20:19:51,777 [EndpointStateMachine task thread for /127.0.0.1:46545 - 0 ] INFO  ipc.Client (Client.java:handleConnectionFailure(1010)) - Retrying connect to server: localhost/127.0.0.1:46545. Already tried 1 time(s); retry policy is RetryUpToMaximumCountWithFixedSleep(maxRetries=15, sleepTime=1000 MILLISECONDS)
2022-10-13 20:19:51,974 [grpc-default-executor-3] WARN  server.GrpcLogAppender (LogUtils.java:warn(122)) - e2549e0e-20c3-4590-9573-c43d76d3b17a@group-018C6AA32671->07c9e681-1902-448f-876d-c238a5737790-AppendLogResponseHandler: Failed appendEntries: org.apache.ratis.thirdparty.io.grpc.StatusRuntimeException: UNAVAILABLE: io exception
2022-10-13 20:19:51,975 [grpc-default-executor-3] INFO  leader.FollowerInfo (FollowerInfoImpl.java:lambda$new$0(48)) - e2549e0e-20c3-4590-9573-c43d76d3b17a@group-018C6AA32671->07c9e681-1902-448f-876d-c238a5737790: nextIndex: updateUnconditionally 29 -> 28
2022-10-13 20:19:51,981 [grpc-default-executor-3] WARN  server.GrpcLogAppender (LogUtils.java:warn(122)) - e2549e0e-20c3-4590-9573-c43d76d3b17a@group-018C6AA32671->aa1de7e1-092b-4c10-ba41-bafadd24aa7a-AppendLogResponseHandler: Failed appendEntries: org.apache.ratis.thirdparty.io.grpc.StatusRuntimeException: UNAVAILABLE: io exception
2022-10-13 20:19:51,982 [grpc-default-executor-3] INFO  leader.FollowerInfo (FollowerInfoImpl.java:lambda$new$0(48)) - e2549e0e-20c3-4590-9573-c43d76d3b17a@group-018C6AA32671->aa1de7e1-092b-4c10-ba41-bafadd24aa7a: nextIndex: updateUnconditionally 29 -> 28
2022-10-13 20:19:52,198 [EndpointStateMachine task thread for /127.0.0.1:44779 - 0 ] INFO  ipc.Client (Client.java:handleConnectionFailure(1010)) - Retrying connect to server: localhost/127.0.0.1:44779. Already tried 1 time(s); retry policy is RetryUpToMaximumCountWithFixedSleep(maxRetries=15, sleepTime=1000 MILLISECONDS)
2022-10-13 20:19:52,198 [EndpointStateMachine task thread for /127.0.0.1:33963 - 0 ] INFO  ipc.Client (Client.java:handleConnectionFailure(1010)) - Retrying connect to server: localhost/127.0.0.1:33963. Already tried 1 time(s); retry policy is RetryUpToMaximumCountWithFixedSleep(maxRetries=15, sleepTime=1000 MILLISECONDS)
2022-10-13 20:19:52,370 [SCM Heartbeat Processing Thread - 0] WARN  node.NodeStateManager (NodeStateManager.java:scheduleNextHealthCheck(870)) - Current Thread is interrupted, shutting down HB processing thread for Node Manager.
2022-10-13 20:19:52,371 [Listener at 127.0.0.1/34689] INFO  server.StorageContainerManager (StorageContainerManager.java:stop(1564)) - Stopping block service RPC server
2022-10-13 20:19:52,371 [Listener at 127.0.0.1/34689] INFO  server.SCMBlockProtocolServer (SCMBlockProtocolServer.java:stop(161)) - Stopping the RPC server for Block Protocol
2022-10-13 20:19:52,371 [Listener at 127.0.0.1/34689] INFO  ipc.Server (Server.java:stop(3428)) - Stopping server on 34209
2022-10-13 20:19:52,375 [Listener at 127.0.0.1/34689] INFO  server.StorageContainerManager (StorageContainerManager.java:stop(1571)) - Stopping the StorageContainerLocationProtocol RPC server
2022-10-13 20:19:52,375 [Listener at 127.0.0.1/34689] INFO  server.SCMClientProtocolServer (SCMClientProtocolServer.java:stop(179)) - Stopping the RPC server for Client Protocol
2022-10-13 20:19:52,375 [IPC Server listener on 34209] INFO  ipc.Server (Server.java:run(1384)) - Stopping IPC Server listener on 34209
2022-10-13 20:19:52,375 [Listener at 127.0.0.1/34689] INFO  ipc.Server (Server.java:stop(3428)) - Stopping server on 43923
2022-10-13 20:19:52,375 [IPC Server Responder] INFO  ipc.Server (Server.java:run(1517)) - Stopping IPC Server Responder
2022-10-13 20:19:52,393 [IPC Server Responder] INFO  ipc.Server (Server.java:run(1517)) - Stopping IPC Server Responder
2022-10-13 20:19:52,393 [IPC Server listener on 43923] INFO  ipc.Server (Server.java:run(1384)) - Stopping IPC Server listener on 43923
2022-10-13 20:19:52,393 [Listener at 127.0.0.1/34689] INFO  server.StorageContainerManager (StorageContainerManager.java:stop(1578)) - Stopping Storage Container Manager HTTP server.
2022-10-13 20:19:52,397 [Listener at 127.0.0.1/34689] INFO  handler.ContextHandler (ContextHandler.java:doStop(1153)) - Stopped o.e.j.w.WebAppContext@7f64cd3a{scm,/,null,STOPPED}{file:/home/runner/work/ozone/ozone/hadoop-ozone/integration-test/target/test-classes/webapps/scm}
2022-10-13 20:19:52,398 [Listener at 127.0.0.1/34689] INFO  server.AbstractConnector (AbstractConnector.java:doStop(381)) - Stopped ServerConnector@520af6f5{HTTP/1.1, (http/1.1)}{0.0.0.0:37639}
2022-10-13 20:19:52,398 [Listener at 127.0.0.1/34689] INFO  server.session (HouseKeeper.java:stopScavenging(149)) - node0 Stopped scavenging
2022-10-13 20:19:52,398 [Listener at 127.0.0.1/34689] INFO  handler.ContextHandler (ContextHandler.java:doStop(1153)) - Stopped o.e.j.s.ServletContextHandler@21a0fe74{static,/static,file:///home/runner/work/ozone/ozone/hadoop-ozone/integration-test/target/test-classes/webapps/static,STOPPED}
2022-10-13 20:19:52,398 [Listener at 127.0.0.1/34689] INFO  handler.ContextHandler (ContextHandler.java:doStop(1153)) - Stopped o.e.j.s.ServletContextHandler@3f0c66cf{logs,/logs,file:///home/runner/work/ozone/ozone/hadoop-ozone/integration-test/target/log,STOPPED}
2022-10-13 20:19:52,399 [Listener at 127.0.0.1/34689] INFO  server.StorageContainerManager (StorageContainerManager.java:stop(1584)) - Stopping SCM LayoutVersionManager Service.
2022-10-13 20:19:52,399 [Listener at 127.0.0.1/34689] INFO  server.StorageContainerManager (StorageContainerManager.java:stop(1592)) - Stopping Block Manager Service.
2022-10-13 20:19:52,399 [Listener at 127.0.0.1/34689] INFO  utils.BackgroundService (BackgroundService.java:shutdown(141)) - Shutting down service SCMBlockDeletingService
2022-10-13 20:19:52,400 [Listener at 127.0.0.1/34689] INFO  utils.BackgroundService (BackgroundService.java:shutdown(141)) - Shutting down service SCMBlockDeletingService
2022-10-13 20:19:52,400 [Listener at 127.0.0.1/34689] INFO  server.StorageContainerManager (StorageContainerManager.java:stop(1619)) - Stopping SCM Event Queue.
2022-10-13 20:19:52,402 [Listener at 127.0.0.1/34689] INFO  server.StorageContainerManager (StorageContainerManager.java:stop(1630)) - Stopping SCM HA services.
2022-10-13 20:19:52,402 [Listener at 127.0.0.1/34689] INFO  ha.SCMRatisServerImpl (SCMRatisServerImpl.java:stop(237)) - stopping ratis server 0.0.0.0:34991
2022-10-13 20:19:52,402 [Listener at 127.0.0.1/34689] INFO  server.RaftServer (RaftServerProxy.java:lambda$close$7(398)) - e2549e0e-20c3-4590-9573-c43d76d3b17a: close
2022-10-13 20:19:52,402 [Listener at 127.0.0.1/34689] INFO  server.RaftServer$Division (RaftServerImpl.java:lambda$close$4(434)) - e2549e0e-20c3-4590-9573-c43d76d3b17a@group-018C6AA32671: shutdown
2022-10-13 20:19:52,402 [Listener at 127.0.0.1/34689] INFO  util.JmxRegister (JmxRegister.java:unregister(73)) - Successfully un-registered JMX Bean with object name Ratis:service=RaftServer,group=group-018C6AA32671,id=e2549e0e-20c3-4590-9573-c43d76d3b17a
2022-10-13 20:19:52,403 [Listener at 127.0.0.1/34689] INFO  impl.RoleInfo (RoleInfo.java:shutdownLeaderState(93)) - e2549e0e-20c3-4590-9573-c43d76d3b17a: shutdown e2549e0e-20c3-4590-9573-c43d76d3b17a@group-018C6AA32671-LeaderStateImpl
2022-10-13 20:19:52,403 [e2549e0e-20c3-4590-9573-c43d76d3b17a@group-018C6AA32671->07c9e681-1902-448f-876d-c238a5737790-GrpcLogAppender-LogAppenderDaemon] WARN  server.GrpcLogAppender (GrpcLogAppender.java:mayWait(171)) - e2549e0e-20c3-4590-9573-c43d76d3b17a@group-018C6AA32671->07c9e681-1902-448f-876d-c238a5737790-GrpcLogAppender: Wait interrupted by java.lang.InterruptedException
2022-10-13 20:19:52,403 [e2549e0e-20c3-4590-9573-c43d76d3b17a@group-018C6AA32671->aa1de7e1-092b-4c10-ba41-bafadd24aa7a-GrpcLogAppender-LogAppenderDaemon] WARN  server.GrpcLogAppender (GrpcLogAppender.java:mayWait(171)) - e2549e0e-20c3-4590-9573-c43d76d3b17a@group-018C6AA32671->aa1de7e1-092b-4c10-ba41-bafadd24aa7a-GrpcLogAppender: Wait interrupted by java.lang.InterruptedException
2022-10-13 20:19:52,403 [Listener at 127.0.0.1/34689] INFO  impl.PendingRequests (PendingRequests.java:sendNotLeaderResponses(282)) - e2549e0e-20c3-4590-9573-c43d76d3b17a@group-018C6AA32671-PendingRequests: sendNotLeaderResponses
2022-10-13 20:19:52,405 [Listener at 127.0.0.1/34689] INFO  ha.SCMStateMachine (SCMStateMachine.java:notifyNotLeader(190)) - current leader SCM steps down.
2022-10-13 20:19:52,405 [Listener at 127.0.0.1/34689] INFO  ha.SCMContext (SCMContext.java:updateLeaderAndTerm(99)) - update <isLeader,term> from <true,2> to <false,0>
2022-10-13 20:19:52,405 [Listener at 127.0.0.1/34689] INFO  ha.SCMContext (SCMContext.java:updateLeaderAndTerm(106)) - update <isLeaderReady> from <false> to <false>
2022-10-13 20:19:52,406 [Listener at 127.0.0.1/34689] INFO  BackgroundPipelineScrubber (BackgroundSCMService.java:notifyStatusChanged(88)) - Service BackgroundPipelineScrubber transitions to PAUSING.
2022-10-13 20:19:52,406 [Listener at 127.0.0.1/34689] INFO  ExpiredContainerReplicaOpScrubber (BackgroundSCMService.java:notifyStatusChanged(88)) - Service ExpiredContainerReplicaOpScrubber transitions to PAUSING.
2022-10-13 20:19:52,407 [Listener at 127.0.0.1/34689] INFO  impl.StateMachineUpdater (StateMachineUpdater.java:stopAndJoin(153)) - e2549e0e-20c3-4590-9573-c43d76d3b17a@group-018C6AA32671-StateMachineUpdater: set stopIndex = 28
2022-10-13 20:19:52,407 [e2549e0e-20c3-4590-9573-c43d76d3b17a@group-018C6AA32671-StateMachineUpdater] INFO  ha.SCMStateMachine (SCMStateMachine.java:takeSnapshot(297)) - Current Snapshot Index 28, takeSnapshot took 0 ms
2022-10-13 20:19:52,407 [e2549e0e-20c3-4590-9573-c43d76d3b17a@group-018C6AA32671-StateMachineUpdater] INFO  impl.StateMachineUpdater (StateMachineUpdater.java:takeSnapshot(287)) - e2549e0e-20c3-4590-9573-c43d76d3b17a@group-018C6AA32671-StateMachineUpdater: Took a snapshot at index 28
2022-10-13 20:19:52,407 [e2549e0e-20c3-4590-9573-c43d76d3b17a@group-018C6AA32671-StateMachineUpdater] INFO  impl.StateMachineUpdater (StateMachineUpdater.java:lambda$new$0(92)) - e2549e0e-20c3-4590-9573-c43d76d3b17a@group-018C6AA32671-StateMachineUpdater: snapshotIndex: updateIncreasingly -1 -> 28
2022-10-13 20:19:52,407 [e2549e0e-20c3-4590-9573-c43d76d3b17a@group-018C6AA32671-StateMachineUpdater] INFO  server.StorageContainerManager (StorageContainerManager.java:stop(1528)) - Container Balancer is not running.
2022-10-13 20:19:52,407 [e2549e0e-20c3-4590-9573-c43d76d3b17a@group-018C6AA32671-StateMachineUpdater] INFO  server.StorageContainerManager (StorageContainerManager.java:stop(1535)) - Stopping Replication Manager Service.
2022-10-13 20:19:52,407 [e2549e0e-20c3-4590-9573-c43d76d3b17a@group-018C6AA32671-StateMachineUpdater] INFO  replication.ReplicationManager (ReplicationManager.java:stop(265)) - Replication Monitor Thread is not running.
2022-10-13 20:19:52,407 [e2549e0e-20c3-4590-9573-c43d76d3b17a@group-018C6AA32671-StateMachineUpdater] INFO  server.StorageContainerManager (StorageContainerManager.java:stop(1542)) - Stopping the Datanode Admin Monitor.
2022-10-13 20:19:52,407 [e2549e0e-20c3-4590-9573-c43d76d3b17a@group-018C6AA32671-StateMachineUpdater] INFO  server.StorageContainerManager (StorageContainerManager.java:stop(1549)) - Stopping Lease Manager of the command watchers
2022-10-13 20:19:52,407 [e2549e0e-20c3-4590-9573-c43d76d3b17a@group-018C6AA32671-StateMachineUpdater] ERROR server.StorageContainerManager (StorageContainerManager.java:stop(1552)) - Lease Manager of the command watchers stop failed
2022-10-13 20:19:52,407 [e2549e0e-20c3-4590-9573-c43d76d3b17a@group-018C6AA32671-StateMachineUpdater] INFO  server.StorageContainerManager (StorageContainerManager.java:stop(1556)) - Stopping datanode service RPC server
2022-10-13 20:19:52,408 [e2549e0e-20c3-4590-9573-c43d76d3b17a@group-018C6AA32671-StateMachineUpdater] INFO  server.SCMDatanodeProtocolServer (SCMDatanodeProtocolServer.java:stop(414)) - Stopping the RPC server for DataNodes
2022-10-13 20:19:52,408 [e2549e0e-20c3-4590-9573-c43d76d3b17a@group-018C6AA32671-StateMachineUpdater] INFO  ipc.Server (Server.java:stop(3428)) - Stopping server on 33963
2022-10-13 20:19:52,408 [e2549e0e-20c3-4590-9573-c43d76d3b17a@group-018C6AA32671-StateMachineUpdater] INFO  server.StorageContainerManager (StorageContainerManager.java:stop(1564)) - Stopping block service RPC server
2022-10-13 20:19:52,408 [e2549e0e-20c3-4590-9573-c43d76d3b17a@group-018C6AA32671-StateMachineUpdater] INFO  server.SCMBlockProtocolServer (SCMBlockProtocolServer.java:stop(161)) - Stopping the RPC server for Block Protocol
2022-10-13 20:19:52,408 [e2549e0e-20c3-4590-9573-c43d76d3b17a@group-018C6AA32671-StateMachineUpdater] INFO  ipc.Server (Server.java:stop(3428)) - Stopping server on 34209
2022-10-13 20:19:52,408 [e2549e0e-20c3-4590-9573-c43d76d3b17a@group-018C6AA32671-StateMachineUpdater] INFO  server.StorageContainerManager (StorageContainerManager.java:stop(1571)) - Stopping the StorageContainerLocationProtocol RPC server
2022-10-13 20:19:52,408 [e2549e0e-20c3-4590-9573-c43d76d3b17a@group-018C6AA32671-StateMachineUpdater] INFO  server.SCMClientProtocolServer (SCMClientProtocolServer.java:stop(179)) - Stopping the RPC server for Client Protocol
2022-10-13 20:19:52,408 [e2549e0e-20c3-4590-9573-c43d76d3b17a@group-018C6AA32671-StateMachineUpdater] INFO  ipc.Server (Server.java:stop(3428)) - Stopping server on 43923
2022-10-13 20:19:52,408 [e2549e0e-20c3-4590-9573-c43d76d3b17a@group-018C6AA32671-StateMachineUpdater] INFO  server.StorageContainerManager (StorageContainerManager.java:stop(1578)) - Stopping Storage Container Manager HTTP server.
2022-10-13 20:19:52,408 [e2549e0e-20c3-4590-9573-c43d76d3b17a@group-018C6AA32671-StateMachineUpdater] INFO  server.StorageContainerManager (StorageContainerManager.java:stop(1584)) - Stopping SCM LayoutVersionManager Service.
2022-10-13 20:19:52,409 [e2549e0e-20c3-4590-9573-c43d76d3b17a@group-018C6AA32671-StateMachineUpdater] INFO  server.StorageContainerManager (StorageContainerManager.java:stop(1592)) - Stopping Block Manager Service.
2022-10-13 20:19:52,409 [e2549e0e-20c3-4590-9573-c43d76d3b17a@group-018C6AA32671-StateMachineUpdater] INFO  utils.BackgroundService (BackgroundService.java:shutdown(141)) - Shutting down service SCMBlockDeletingService
2022-10-13 20:19:52,409 [e2549e0e-20c3-4590-9573-c43d76d3b17a@group-018C6AA32671-StateMachineUpdater] INFO  utils.BackgroundService (BackgroundService.java:shutdown(141)) - Shutting down service SCMBlockDeletingService
2022-10-13 20:19:52,409 [e2549e0e-20c3-4590-9573-c43d76d3b17a@group-018C6AA32671-StateMachineUpdater] INFO  server.StorageContainerManager (StorageContainerManager.java:stop(1619)) - Stopping SCM Event Queue.
2022-10-13 20:19:52,409 [e2549e0e-20c3-4590-9573-c43d76d3b17a@group-018C6AA32671-StateMachineUpdater] INFO  server.StorageContainerManager (StorageContainerManager.java:stop(1630)) - Stopping SCM HA services.
2022-10-13 20:19:52,409 [e2549e0e-20c3-4590-9573-c43d76d3b17a@group-018C6AA32671-StateMachineUpdater] INFO  ha.SCMRatisServerImpl (SCMRatisServerImpl.java:stop(237)) - stopping ratis server 0.0.0.0:34991
2022-10-13 20:19:52,409 [org.apache.ratis.util.JvmPauseMonitor$$Lambda$519/1431033796@3f5d9c53] INFO  util.JvmPauseMonitor (JvmPauseMonitor.java:run(109)) - JvmPauseMonitor-e2549e0e-20c3-4590-9573-c43d76d3b17a: Stopped
2022-10-13 20:19:52,410 [e2549e0e-20c3-4590-9573-c43d76d3b17a@group-018C6AA32671-StateMachineUpdater] INFO  pipeline.BackgroundPipelineCreator (BackgroundPipelineCreator.java:stop(149)) - Stopping RatisPipelineUtilsThread.
2022-10-13 20:19:52,410 [RatisPipelineUtilsThread - 0] WARN  pipeline.BackgroundPipelineCreator (BackgroundPipelineCreator.java:run(180)) - RatisPipelineUtilsThread is interrupted.
2022-10-13 20:19:52,410 [e2549e0e-20c3-4590-9573-c43d76d3b17a@group-018C6AA32671-StateMachineUpdater] INFO  BackgroundPipelineScrubber (BackgroundSCMService.java:stop(131)) - Stopping BackgroundPipelineScrubber Service.
2022-10-13 20:19:52,410 [BackgroundPipelineScrubberThread] WARN  BackgroundPipelineScrubber (BackgroundSCMService.java:run(115)) - BackgroundPipelineScrubber is interrupted, exit
2022-10-13 20:19:52,410 [e2549e0e-20c3-4590-9573-c43d76d3b17a@group-018C6AA32671-StateMachineUpdater] INFO  impl.MetricsSystemImpl (MetricsSystemImpl.java:stop(205)) - HddsDatanode metrics system stopped (again)
2022-10-13 20:19:52,410 [e2549e0e-20c3-4590-9573-c43d76d3b17a@group-018C6AA32671-StateMachineUpdater] WARN  pipeline.BackgroundPipelineCreator (BackgroundPipelineCreator.java:stop(145)) - RatisPipelineUtilsThread is not running, just ignore.
2022-10-13 20:19:52,410 [e2549e0e-20c3-4590-9573-c43d76d3b17a@group-018C6AA32671-StateMachineUpdater] INFO  BackgroundPipelineScrubber (BackgroundSCMService.java:stop(126)) - BackgroundPipelineScrubber Service is not running, skip stop.
2022-10-13 20:19:52,410 [e2549e0e-20c3-4590-9573-c43d76d3b17a@group-018C6AA32671-StateMachineUpdater] INFO  ExpiredContainerReplicaOpScrubber (BackgroundSCMService.java:stop(131)) - Stopping ExpiredContainerReplicaOpScrubber Service.
2022-10-13 20:19:52,410 [ExpiredContainerReplicaOpScrubberThread] WARN  ExpiredContainerReplicaOpScrubber (BackgroundSCMService.java:run(115)) - ExpiredContainerReplicaOpScrubber is interrupted, exit
2022-10-13 20:19:52,410 [e2549e0e-20c3-4590-9573-c43d76d3b17a@group-018C6AA32671-StateMachineUpdater] INFO  utils.BackgroundService (BackgroundService.java:shutdown(141)) - Shutting down service SCMBlockDeletingService
2022-10-13 20:19:52,412 [e2549e0e-20c3-4590-9573-c43d76d3b17a@group-018C6AA32671-StateMachineUpdater] INFO  replication.ReplicationManager (ReplicationManager.java:stop(265)) - Replication Monitor Thread is not running.
2022-10-13 20:19:52,412 [e2549e0e-20c3-4590-9573-c43d76d3b17a@group-018C6AA32671-StateMachineUpdater] WARN  balancer.ContainerBalancer (ContainerBalancer.java:stop(1096)) - Cannot stop Container Balancer because it's not running
2022-10-13 20:19:52,412 [e2549e0e-20c3-4590-9573-c43d76d3b17a@group-018C6AA32671-StateMachineUpdater] INFO  server.StorageContainerManager (StorageContainerManager.java:stop(1648)) - Stopping SCM MetadataStore.
2022-10-13 20:19:52,415 [e2549e0e-20c3-4590-9573-c43d76d3b17a@group-018C6AA32671-StateMachineUpdater] ERROR server.StorageContainerManager (ExitUtils.java:terminate(133)) - Terminating with exit status 1: scm statemachine is closed by ratis, terminate SCM
2022-10-13 20:19:52,415 [e2549e0e-20c3-4590-9573-c43d76d3b17a@group-018C6AA32671-StateMachineUpdater] WARN  impl.StateMachineUpdater (StateMachineUpdater.java:stop(137)) - e2549e0e-20c3-4590-9573-c43d76d3b17a@group-018C6AA32671-StateMachineUpdater: Failed to close SCMStateMachine SCMStateMachine:e2549e0e-20c3-4590-9573-c43d76d3b17a:group-018C6AA32671
org.apache.ratis.util.ExitUtils$ExitException: scm statemachine is closed by ratis, terminate SCM
	at org.apache.ratis.util.ExitUtils.terminate(ExitUtils.java:141)
	at org.apache.ratis.util.ExitUtils.terminate(ExitUtils.java:151)
	at org.apache.ratis.util.ExitUtils.terminate(ExitUtils.java:155)
	at org.apache.hadoop.hdds.scm.server.StorageContainerManager.shutDown(StorageContainerManager.java:1658)
	at org.apache.hadoop.hdds.scm.ha.SCMStateMachine.close(SCMStateMachine.java:403)
	at org.apache.ratis.server.impl.StateMachineUpdater.stop(StateMachineUpdater.java:134)
	at org.apache.ratis.server.impl.StateMachineUpdater.run(StateMachineUpdater.java:187)
	at java.lang.Thread.run(Thread.java:750)
2022-10-13 20:19:52,415 [Listener at 127.0.0.1/34689] INFO  server.RaftServer$Division (ServerState.java:close(429)) - e2549e0e-20c3-4590-9573-c43d76d3b17a@group-018C6AA32671: closes. applyIndex: 28
2022-10-13 20:19:52,415 [e2549e0e-20c3-4590-9573-c43d76d3b17a@group-018C6AA32671-SegmentedRaftLogWorker] INFO  segmented.SegmentedRaftLogWorker (SegmentedRaftLogWorker.java:run(336)) - e2549e0e-20c3-4590-9573-c43d76d3b17a@group-018C6AA32671-SegmentedRaftLogWorker was interrupted, exiting. There are 0 tasks remaining in the queue.
2022-10-13 20:19:52,417 [Listener at 127.0.0.1/34689] INFO  segmented.SegmentedRaftLogWorker (SegmentedRaftLogWorker.java:close(246)) - e2549e0e-20c3-4590-9573-c43d76d3b17a@group-018C6AA32671-SegmentedRaftLogWorker close()
2022-10-13 20:19:52,418 [Listener at 127.0.0.1/34689] INFO  server.GrpcService (GrpcService.java:closeImpl(269)) - e2549e0e-20c3-4590-9573-c43d76d3b17a: shutdown server with port 34991 now
2022-10-13 20:19:52,423 [Listener at 127.0.0.1/34689] INFO  server.GrpcService (GrpcService.java:closeImpl(278)) - e2549e0e-20c3-4590-9573-c43d76d3b17a: shutdown server with port 34991 successfully
2022-10-13 20:19:52,423 [Listener at 127.0.0.1/34689] WARN  pipeline.BackgroundPipelineCreator (BackgroundPipelineCreator.java:stop(145)) - RatisPipelineUtilsThread is not running, just ignore.
2022-10-13 20:19:52,423 [Listener at 127.0.0.1/34689] INFO  BackgroundPipelineScrubber (BackgroundSCMService.java:stop(126)) - BackgroundPipelineScrubber Service is not running, skip stop.
2022-10-13 20:19:52,424 [Listener at 127.0.0.1/34689] INFO  impl.MetricsSystemImpl (MetricsSystemImpl.java:stop(205)) - HddsDatanode metrics system stopped (again)
2022-10-13 20:19:52,424 [Listener at 127.0.0.1/34689] WARN  pipeline.BackgroundPipelineCreator (BackgroundPipelineCreator.java:stop(145)) - RatisPipelineUtilsThread is not running, just ignore.
2022-10-13 20:19:52,424 [Listener at 127.0.0.1/34689] INFO  BackgroundPipelineScrubber (BackgroundSCMService.java:stop(126)) - BackgroundPipelineScrubber Service is not running, skip stop.
2022-10-13 20:19:52,424 [Listener at 127.0.0.1/34689] INFO  ExpiredContainerReplicaOpScrubber (BackgroundSCMService.java:stop(126)) - ExpiredContainerReplicaOpScrubber Service is not running, skip stop.
2022-10-13 20:19:52,424 [Listener at 127.0.0.1/34689] INFO  utils.BackgroundService (BackgroundService.java:shutdown(141)) - Shutting down service SCMBlockDeletingService
2022-10-13 20:19:52,424 [Listener at 127.0.0.1/34689] INFO  replication.ReplicationManager (ReplicationManager.java:stop(265)) - Replication Monitor Thread is not running.
2022-10-13 20:19:52,424 [Listener at 127.0.0.1/34689] WARN  balancer.ContainerBalancer (ContainerBalancer.java:stop(1096)) - Cannot stop Container Balancer because it's not running
2022-10-13 20:19:52,424 [Listener at 127.0.0.1/34689] INFO  server.StorageContainerManager (StorageContainerManager.java:stop(1648)) - Stopping SCM MetadataStore.
2022-10-13 20:19:52,424 [Listener at 127.0.0.1/34689] INFO  ozone.MiniOzoneClusterImpl (MiniOzoneClusterImpl.java:stop(463)) - Stopping the Mini Ozone Cluster
2022-10-13 20:19:52,424 [Listener at 127.0.0.1/34689] INFO  ozone.MiniOzoneClusterImpl (MiniOzoneClusterImpl.java:stopDatanodes(522)) - Stopping the HddsDatanodes
2022-10-13 20:19:52,778 [EndpointStateMachine task thread for /127.0.0.1:46545 - 0 ] INFO  ipc.Client (Client.java:handleConnectionFailure(1010)) - Retrying connect to server: localhost/127.0.0.1:46545. Already tried 2 time(s); retry policy is RetryUpToMaximumCountWithFixedSleep(maxRetries=15, sleepTime=1000 MILLISECONDS)
2022-10-13 20:19:53,074 [b33b9c80-8f32-4607-98ae-733684aaa44e@group-CA5994DE78B6-FollowerState] INFO  impl.FollowerState (FollowerState.java:run(143)) - b33b9c80-8f32-4607-98ae-733684aaa44e@group-CA5994DE78B6-FollowerState: change to CANDIDATE, lastRpcElapsedTime:5068225201ns, electionTimeout:5059ms
2022-10-13 20:19:53,074 [b33b9c80-8f32-4607-98ae-733684aaa44e@group-CA5994DE78B6-FollowerState] INFO  impl.RoleInfo (RoleInfo.java:shutdownFollowerState(110)) - b33b9c80-8f32-4607-98ae-733684aaa44e: shutdown b33b9c80-8f32-4607-98ae-733684aaa44e@group-CA5994DE78B6-FollowerState
2022-10-13 20:19:53,074 [b33b9c80-8f32-4607-98ae-733684aaa44e@group-CA5994DE78B6-FollowerState] INFO  server.RaftServer$Division (RaftServerImpl.java:setRole(299)) - b33b9c80-8f32-4607-98ae-733684aaa44e@group-CA5994DE78B6: changes role from  FOLLOWER to CANDIDATE at term 1 for changeToCandidate
2022-10-13 20:19:53,075 [b33b9c80-8f32-4607-98ae-733684aaa44e@group-CA5994DE78B6-FollowerState] INFO  server.RaftServerConfigKeys (ConfUtils.java:logGet(46)) - raft.server.leaderelection.pre-vote = false (custom)
2022-10-13 20:19:53,075 [b33b9c80-8f32-4607-98ae-733684aaa44e@group-CA5994DE78B6-FollowerState] INFO  impl.RoleInfo (RoleInfo.java:updateAndGet(139)) - b33b9c80-8f32-4607-98ae-733684aaa44e: start b33b9c80-8f32-4607-98ae-733684aaa44e@group-CA5994DE78B6-LeaderElection13
2022-10-13 20:19:53,078 [b33b9c80-8f32-4607-98ae-733684aaa44e@group-CA5994DE78B6-LeaderElection13] INFO  impl.LeaderElection (LeaderElection.java:askForVotes(310)) - b33b9c80-8f32-4607-98ae-733684aaa44e@group-CA5994DE78B6-LeaderElection13 ELECTION round 0: submit vote requests at term 2 for -1: [b33b9c80-8f32-4607-98ae-733684aaa44e|rpc:127.0.0.1:46351|dataStream:|priority:1, 4204fecc-e3eb-437d-ab57-73516eed136b|rpc:127.0.0.1:37675|dataStream:|priority:0, 3ddcf304-85b1-49d2-b8da-4a506cacc1b8|rpc:127.0.0.1:38205|dataStream:|priority:0], old=null
2022-10-13 20:19:53,093 [grpc-default-executor-3] INFO  server.RaftServer$Division (RaftServerImpl.java:requestVote(1152)) - 3ddcf304-85b1-49d2-b8da-4a506cacc1b8@group-CA5994DE78B6: receive requestVote(ELECTION, b33b9c80-8f32-4607-98ae-733684aaa44e, group-CA5994DE78B6, 2, (t:0, i:0))
2022-10-13 20:19:53,094 [grpc-default-executor-3] INFO  impl.VoteContext (VoteContext.java:log(48)) - 3ddcf304-85b1-49d2-b8da-4a506cacc1b8@group-CA5994DE78B6-FOLLOWER: accept ELECTION from b33b9c80-8f32-4607-98ae-733684aaa44e: our priority 0 <= candidate's priority 1
2022-10-13 20:19:53,094 [grpc-default-executor-3] INFO  server.RaftServer$Division (RaftServerImpl.java:setRole(299)) - 3ddcf304-85b1-49d2-b8da-4a506cacc1b8@group-CA5994DE78B6: changes role from  FOLLOWER to FOLLOWER at term 2 for candidate:b33b9c80-8f32-4607-98ae-733684aaa44e
2022-10-13 20:19:53,094 [grpc-default-executor-3] INFO  impl.RoleInfo (RoleInfo.java:shutdownFollowerState(110)) - 3ddcf304-85b1-49d2-b8da-4a506cacc1b8: shutdown 3ddcf304-85b1-49d2-b8da-4a506cacc1b8@group-CA5994DE78B6-FollowerState
2022-10-13 20:19:53,094 [3ddcf304-85b1-49d2-b8da-4a506cacc1b8@group-CA5994DE78B6-FollowerState] INFO  impl.FollowerState (FollowerState.java:run(152)) - 3ddcf304-85b1-49d2-b8da-4a506cacc1b8@group-CA5994DE78B6-FollowerState was interrupted
2022-10-13 20:19:53,094 [grpc-default-executor-3] INFO  impl.RoleInfo (RoleInfo.java:updateAndGet(139)) - 3ddcf304-85b1-49d2-b8da-4a506cacc1b8: start 3ddcf304-85b1-49d2-b8da-4a506cacc1b8@group-CA5994DE78B6-FollowerState
2022-10-13 20:19:53,098 [grpc-default-executor-3] INFO  server.RaftServer$Division (RaftServerImpl.java:requestVote(1184)) - 3ddcf304-85b1-49d2-b8da-4a506cacc1b8@group-CA5994DE78B6 replies to ELECTION vote request: b33b9c80-8f32-4607-98ae-733684aaa44e<-3ddcf304-85b1-49d2-b8da-4a506cacc1b8#0:OK-t2. Peer's state: 3ddcf304-85b1-49d2-b8da-4a506cacc1b8@group-CA5994DE78B6:t2, leader=null, voted=b33b9c80-8f32-4607-98ae-733684aaa44e, raftlog=3ddcf304-85b1-49d2-b8da-4a506cacc1b8@group-CA5994DE78B6-SegmentedRaftLog:OPENED:c-1, conf=-1: [b33b9c80-8f32-4607-98ae-733684aaa44e|rpc:127.0.0.1:46351|priority:1, 4204fecc-e3eb-437d-ab57-73516eed136b|rpc:127.0.0.1:37675|priority:0, 3ddcf304-85b1-49d2-b8da-4a506cacc1b8|rpc:127.0.0.1:38205|priority:0], old=null
2022-10-13 20:19:53,101 [grpc-default-executor-3] INFO  server.RaftServer$Division (RaftServerImpl.java:requestVote(1152)) - 4204fecc-e3eb-437d-ab57-73516eed136b@group-CA5994DE78B6: receive requestVote(ELECTION, b33b9c80-8f32-4607-98ae-733684aaa44e, group-CA5994DE78B6, 2, (t:0, i:0))
2022-10-13 20:19:53,101 [b33b9c80-8f32-4607-98ae-733684aaa44e@group-CA5994DE78B6-LeaderElection13] INFO  impl.LeaderElection (LeaderElection.java:logAndReturn(90)) - b33b9c80-8f32-4607-98ae-733684aaa44e@group-CA5994DE78B6-LeaderElection13: ELECTION PASSED received 1 response(s) and 0 exception(s):
2022-10-13 20:19:53,101 [b33b9c80-8f32-4607-98ae-733684aaa44e@group-CA5994DE78B6-LeaderElection13] INFO  impl.LeaderElection (LeaderElection.java:logAndReturn(94)) -   Response 0: b33b9c80-8f32-4607-98ae-733684aaa44e<-3ddcf304-85b1-49d2-b8da-4a506cacc1b8#0:OK-t2
2022-10-13 20:19:53,101 [b33b9c80-8f32-4607-98ae-733684aaa44e@group-CA5994DE78B6-LeaderElection13] INFO  impl.LeaderElection (LeaderElection.java:askForVotes(312)) - b33b9c80-8f32-4607-98ae-733684aaa44e@group-CA5994DE78B6-LeaderElection13 ELECTION round 0: result PASSED
2022-10-13 20:19:53,101 [b33b9c80-8f32-4607-98ae-733684aaa44e@group-CA5994DE78B6-LeaderElection13] INFO  impl.RoleInfo (RoleInfo.java:shutdownLeaderElection(130)) - b33b9c80-8f32-4607-98ae-733684aaa44e: shutdown b33b9c80-8f32-4607-98ae-733684aaa44e@group-CA5994DE78B6-LeaderElection13
2022-10-13 20:19:53,101 [b33b9c80-8f32-4607-98ae-733684aaa44e@group-CA5994DE78B6-LeaderElection13] INFO  server.RaftServer$Division (RaftServerImpl.java:setRole(299)) - b33b9c80-8f32-4607-98ae-733684aaa44e@group-CA5994DE78B6: changes role from CANDIDATE to LEADER at term 2 for changeToLeader
2022-10-13 20:19:53,101 [b33b9c80-8f32-4607-98ae-733684aaa44e@group-CA5994DE78B6-LeaderElection13] INFO  ratis.XceiverServerRatis (XceiverServerRatis.java:handleLeaderChangedNotification(863)) - Leader change notification received for group: group-CA5994DE78B6 with new leaderId: b33b9c80-8f32-4607-98ae-733684aaa44e
2022-10-13 20:19:53,102 [b33b9c80-8f32-4607-98ae-733684aaa44e@group-CA5994DE78B6-LeaderElection13] INFO  server.RaftServer$Division (ServerState.java:setLeader(287)) - b33b9c80-8f32-4607-98ae-733684aaa44e@group-CA5994DE78B6: change Leader from null to b33b9c80-8f32-4607-98ae-733684aaa44e at term 2 for becomeLeader, leader elected after 10054ms
2022-10-13 20:19:53,102 [b33b9c80-8f32-4607-98ae-733684aaa44e@group-CA5994DE78B6-LeaderElection13] INFO  server.RaftServerConfigKeys (ConfUtils.java:logGet(46)) - raft.server.staging.catchup.gap = 1000 (default)
2022-10-13 20:19:53,102 [b33b9c80-8f32-4607-98ae-733684aaa44e@group-CA5994DE78B6-LeaderElection13] INFO  server.RaftServerConfigKeys (ConfUtils.java:logGet(46)) - raft.server.write.element-limit = 1024 (custom)
2022-10-13 20:19:53,102 [b33b9c80-8f32-4607-98ae-733684aaa44e@group-CA5994DE78B6-LeaderElection13] INFO  server.RaftServerConfigKeys (ConfUtils.java:logGet(46)) - raft.server.write.byte-limit = 1024 M (=1073741824) (custom)
2022-10-13 20:19:53,102 [b33b9c80-8f32-4607-98ae-733684aaa44e@group-CA5994DE78B6-LeaderElection13] INFO  server.RaftServerConfigKeys (ConfUtils.java:logGet(46)) - raft.server.watch.timeout = 180s (custom)
2022-10-13 20:19:53,103 [b33b9c80-8f32-4607-98ae-733684aaa44e@group-CA5994DE78B6-LeaderElection13] INFO  server.RaftServerConfigKeys (ConfUtils.java:logGet(46)) - raft.server.watch.timeout.denomination = 1s (default)
2022-10-13 20:19:53,103 [b33b9c80-8f32-4607-98ae-733684aaa44e@group-CA5994DE78B6-LeaderElection13] INFO  server.RaftServerConfigKeys (ConfUtils.java:logGet(46)) - raft.server.watch.element-limit = 65536 (default)
2022-10-13 20:19:53,103 [b33b9c80-8f32-4607-98ae-733684aaa44e@group-CA5994DE78B6-LeaderElection13] INFO  server.RaftServerConfigKeys (ConfUtils.java:logGet(46)) - raft.server.write.element-limit = 1024 (custom)
2022-10-13 20:19:53,103 [b33b9c80-8f32-4607-98ae-733684aaa44e@group-CA5994DE78B6-LeaderElection13] INFO  server.RaftServerConfigKeys (ConfUtils.java:logGet(46)) - raft.server.write.follower.gap.ratio.max = -1.0 (default)
2022-10-13 20:19:53,103 [b33b9c80-8f32-4607-98ae-733684aaa44e@group-CA5994DE78B6-LeaderElection13] INFO  server.RaftServerConfigKeys (ConfUtils.java:logGet(46)) - raft.server.log.appender.snapshot.chunk.size.max = 16MB (=16777216) (default)
2022-10-13 20:19:53,104 [b33b9c80-8f32-4607-98ae-733684aaa44e@group-CA5994DE78B6-LeaderElection13] INFO  server.RaftServerConfigKeys (ConfUtils.java:logGet(46)) - raft.server.log.appender.buffer.byte-limit = 33554432 (custom)
2022-10-13 20:19:53,104 [b33b9c80-8f32-4607-98ae-733684aaa44e@group-CA5994DE78B6-LeaderElection13] INFO  server.RaftServerConfigKeys (ConfUtils.java:logGet(46)) - raft.server.log.appender.buffer.element-limit = 1 (custom)
2022-10-13 20:19:53,104 [b33b9c80-8f32-4607-98ae-733684aaa44e@group-CA5994DE78B6-LeaderElection13] INFO  grpc.GrpcConfigKeys (ConfUtils.java:logGet(46)) - raft.grpc.server.leader.outstanding.appends.max = 128 (default)
2022-10-13 20:19:53,104 [b33b9c80-8f32-4607-98ae-733684aaa44e@group-CA5994DE78B6-LeaderElection13] INFO  server.RaftServerConfigKeys (ConfUtils.java:logGet(46)) - raft.server.rpc.request.timeout = 60s (custom)
2022-10-13 20:19:53,104 [b33b9c80-8f32-4607-98ae-733684aaa44e@group-CA5994DE78B6-LeaderElection13] INFO  server.RaftServerConfigKeys (ConfUtils.java:logGet(46)) - raft.server.log.appender.install.snapshot.enabled = false (custom)
2022-10-13 20:19:53,105 [grpc-default-executor-3] INFO  impl.VoteContext (VoteContext.java:log(48)) - 4204fecc-e3eb-437d-ab57-73516eed136b@group-CA5994DE78B6-FOLLOWER: accept ELECTION from b33b9c80-8f32-4607-98ae-733684aaa44e: our priority 0 <= candidate's priority 1
2022-10-13 20:19:53,105 [grpc-default-executor-3] INFO  server.RaftServer$Division (RaftServerImpl.java:setRole(299)) - 4204fecc-e3eb-437d-ab57-73516eed136b@group-CA5994DE78B6: changes role from  FOLLOWER to FOLLOWER at term 2 for candidate:b33b9c80-8f32-4607-98ae-733684aaa44e
2022-10-13 20:19:53,105 [grpc-default-executor-3] INFO  impl.RoleInfo (RoleInfo.java:shutdownFollowerState(110)) - 4204fecc-e3eb-437d-ab57-73516eed136b: shutdown 4204fecc-e3eb-437d-ab57-73516eed136b@group-CA5994DE78B6-FollowerState
2022-10-13 20:19:53,105 [b33b9c80-8f32-4607-98ae-733684aaa44e@group-CA5994DE78B6-LeaderElection13] INFO  server.RaftServerConfigKeys (ConfUtils.java:logGet(46)) - raft.server.log.appender.snapshot.chunk.size.max = 16MB (=16777216) (default)
2022-10-13 20:19:53,106 [grpc-default-executor-3] INFO  impl.RoleInfo (RoleInfo.java:updateAndGet(139)) - 4204fecc-e3eb-437d-ab57-73516eed136b: start 4204fecc-e3eb-437d-ab57-73516eed136b@group-CA5994DE78B6-FollowerState
2022-10-13 20:19:53,106 [4204fecc-e3eb-437d-ab57-73516eed136b@group-CA5994DE78B6-FollowerState] INFO  impl.FollowerState (FollowerState.java:run(152)) - 4204fecc-e3eb-437d-ab57-73516eed136b@group-CA5994DE78B6-FollowerState was interrupted
2022-10-13 20:19:53,106 [b33b9c80-8f32-4607-98ae-733684aaa44e@group-CA5994DE78B6-LeaderElection13] INFO  server.RaftServerConfigKeys (ConfUtils.java:logGet(46)) - raft.server.log.appender.buffer.byte-limit = 33554432 (custom)
2022-10-13 20:19:53,108 [b33b9c80-8f32-4607-98ae-733684aaa44e@group-CA5994DE78B6-LeaderElection13] INFO  server.RaftServerConfigKeys (ConfUtils.java:logGet(46)) - raft.server.log.appender.buffer.element-limit = 1 (custom)
2022-10-13 20:19:53,109 [b33b9c80-8f32-4607-98ae-733684aaa44e@group-CA5994DE78B6-LeaderElection13] INFO  grpc.GrpcConfigKeys (ConfUtils.java:logGet(46)) - raft.grpc.server.leader.outstanding.appends.max = 128 (default)
2022-10-13 20:19:53,109 [b33b9c80-8f32-4607-98ae-733684aaa44e@group-CA5994DE78B6-LeaderElection13] INFO  server.RaftServerConfigKeys (ConfUtils.java:logGet(46)) - raft.server.rpc.request.timeout = 60s (custom)
2022-10-13 20:19:53,109 [b33b9c80-8f32-4607-98ae-733684aaa44e@group-CA5994DE78B6-LeaderElection13] INFO  server.RaftServerConfigKeys (ConfUtils.java:logGet(46)) - raft.server.log.appender.install.snapshot.enabled = false (custom)
2022-10-13 20:19:53,109 [b33b9c80-8f32-4607-98ae-733684aaa44e@group-CA5994DE78B6-LeaderElection13] INFO  impl.RoleInfo (RoleInfo.java:updateAndGet(139)) - b33b9c80-8f32-4607-98ae-733684aaa44e: start b33b9c80-8f32-4607-98ae-733684aaa44e@group-CA5994DE78B6-LeaderStateImpl
2022-10-13 20:19:53,110 [b33b9c80-8f32-4607-98ae-733684aaa44e@group-CA5994DE78B6-LeaderElection13] INFO  segmented.SegmentedRaftLogWorker (SegmentedRaftLogWorker.java:startLogSegment(425)) - b33b9c80-8f32-4607-98ae-733684aaa44e@group-CA5994DE78B6-SegmentedRaftLogWorker: Starting segment from index:0
2022-10-13 20:19:53,110 [grpc-default-executor-3] INFO  server.RaftServer$Division (RaftServerImpl.java:requestVote(1184)) - 4204fecc-e3eb-437d-ab57-73516eed136b@group-CA5994DE78B6 replies to ELECTION vote request: b33b9c80-8f32-4607-98ae-733684aaa44e<-4204fecc-e3eb-437d-ab57-73516eed136b#0:OK-t2. Peer's state: 4204fecc-e3eb-437d-ab57-73516eed136b@group-CA5994DE78B6:t2, leader=null, voted=b33b9c80-8f32-4607-98ae-733684aaa44e, raftlog=4204fecc-e3eb-437d-ab57-73516eed136b@group-CA5994DE78B6-SegmentedRaftLog:OPENED:c-1, conf=-1: [b33b9c80-8f32-4607-98ae-733684aaa44e|rpc:127.0.0.1:46351|dataStream:|priority:1, 4204fecc-e3eb-437d-ab57-73516eed136b|rpc:127.0.0.1:37675|dataStream:|priority:0, 3ddcf304-85b1-49d2-b8da-4a506cacc1b8|rpc:127.0.0.1:38205|dataStream:|priority:0], old=null
2022-10-13 20:19:53,111 [b33b9c80-8f32-4607-98ae-733684aaa44e@group-CA5994DE78B6-SegmentedRaftLogWorker] INFO  segmented.SegmentedRaftLogWorker (SegmentedRaftLogWorker.java:execute(629)) - b33b9c80-8f32-4607-98ae-733684aaa44e@group-CA5994DE78B6-SegmentedRaftLogWorker: created new log segment /home/runner/work/ozone/ozone/hadoop-ozone/integration-test/target/test-dir/MiniOzoneClusterImpl-0c33195c-4715-4e74-9207-018c6aa32671/datanode-1/data/ratis/d793b308-2941-4e47-a1c9-ca5994de78b6/current/log_inprogress_0
2022-10-13 20:19:53,118 [b33b9c80-8f32-4607-98ae-733684aaa44e@group-CA5994DE78B6-LeaderElection13] INFO  server.RaftServer$Division (ServerState.java:setRaftConf(393)) - b33b9c80-8f32-4607-98ae-733684aaa44e@group-CA5994DE78B6: set configuration 0: [b33b9c80-8f32-4607-98ae-733684aaa44e|rpc:127.0.0.1:46351|dataStream:|priority:1, 4204fecc-e3eb-437d-ab57-73516eed136b|rpc:127.0.0.1:37675|dataStream:|priority:0, 3ddcf304-85b1-49d2-b8da-4a506cacc1b8|rpc:127.0.0.1:38205|dataStream:|priority:0], old=null
2022-10-13 20:19:53,136 [4204fecc-e3eb-437d-ab57-73516eed136b-server-thread1] INFO  ratis.XceiverServerRatis (XceiverServerRatis.java:handleLeaderChangedNotification(863)) - Leader change notification received for group: group-CA5994DE78B6 with new leaderId: b33b9c80-8f32-4607-98ae-733684aaa44e
2022-10-13 20:19:53,136 [4204fecc-e3eb-437d-ab57-73516eed136b-server-thread1] INFO  server.RaftServer$Division (ServerState.java:setLeader(287)) - 4204fecc-e3eb-437d-ab57-73516eed136b@group-CA5994DE78B6: change Leader from null to b33b9c80-8f32-4607-98ae-733684aaa44e at term 2 for appendEntries, leader elected after 10160ms
2022-10-13 20:19:53,141 [4204fecc-e3eb-437d-ab57-73516eed136b-server-thread1] INFO  server.RaftServer$Division (ServerState.java:setRaftConf(393)) - 4204fecc-e3eb-437d-ab57-73516eed136b@group-CA5994DE78B6: set configuration 0: [b33b9c80-8f32-4607-98ae-733684aaa44e|rpc:127.0.0.1:46351|dataStream:|priority:1, 4204fecc-e3eb-437d-ab57-73516eed136b|rpc:127.0.0.1:37675|dataStream:|priority:0, 3ddcf304-85b1-49d2-b8da-4a506cacc1b8|rpc:127.0.0.1:38205|dataStream:|priority:0], old=null
2022-10-13 20:19:53,142 [4204fecc-e3eb-437d-ab57-73516eed136b-server-thread1] INFO  segmented.SegmentedRaftLogWorker (SegmentedRaftLogWorker.java:startLogSegment(425)) - 4204fecc-e3eb-437d-ab57-73516eed136b@group-CA5994DE78B6-SegmentedRaftLogWorker: Starting segment from index:0
2022-10-13 20:19:53,145 [4204fecc-e3eb-437d-ab57-73516eed136b@group-CA5994DE78B6-SegmentedRaftLogWorker] INFO  segmented.SegmentedRaftLogWorker (SegmentedRaftLogWorker.java:execute(629)) - 4204fecc-e3eb-437d-ab57-73516eed136b@group-CA5994DE78B6-SegmentedRaftLogWorker: created new log segment /home/runner/work/ozone/ozone/hadoop-ozone/integration-test/target/test-dir/MiniOzoneClusterImpl-0c33195c-4715-4e74-9207-018c6aa32671/datanode-2/data/ratis/d793b308-2941-4e47-a1c9-ca5994de78b6/current/log_inprogress_0
2022-10-13 20:19:53,149 [3ddcf304-85b1-49d2-b8da-4a506cacc1b8-server-thread1] INFO  ratis.XceiverServerRatis (XceiverServerRatis.java:handleLeaderChangedNotification(863)) - Leader change notification received for group: group-CA5994DE78B6 with new leaderId: b33b9c80-8f32-4607-98ae-733684aaa44e
2022-10-13 20:19:53,149 [3ddcf304-85b1-49d2-b8da-4a506cacc1b8-server-thread1] INFO  server.RaftServer$Division (ServerState.java:setLeader(287)) - 3ddcf304-85b1-49d2-b8da-4a506cacc1b8@group-CA5994DE78B6: change Leader from null to b33b9c80-8f32-4607-98ae-733684aaa44e at term 2 for appendEntries, leader elected after 10292ms
2022-10-13 20:19:53,165 [3ddcf304-85b1-49d2-b8da-4a506cacc1b8-server-thread1] INFO  server.RaftServer$Division (ServerState.java:setRaftConf(393)) - 3ddcf304-85b1-49d2-b8da-4a506cacc1b8@group-CA5994DE78B6: set configuration 0: [b33b9c80-8f32-4607-98ae-733684aaa44e|rpc:127.0.0.1:46351|dataStream:|priority:1, 4204fecc-e3eb-437d-ab57-73516eed136b|rpc:127.0.0.1:37675|dataStream:|priority:0, 3ddcf304-85b1-49d2-b8da-4a506cacc1b8|rpc:127.0.0.1:38205|dataStream:|priority:0], old=null
2022-10-13 20:19:53,165 [3ddcf304-85b1-49d2-b8da-4a506cacc1b8-server-thread1] INFO  segmented.SegmentedRaftLogWorker (SegmentedRaftLogWorker.java:startLogSegment(425)) - 3ddcf304-85b1-49d2-b8da-4a506cacc1b8@group-CA5994DE78B6-SegmentedRaftLogWorker: Starting segment from index:0
2022-10-13 20:19:53,167 [3ddcf304-85b1-49d2-b8da-4a506cacc1b8@group-CA5994DE78B6-SegmentedRaftLogWorker] INFO  segmented.SegmentedRaftLogWorker (SegmentedRaftLogWorker.java:execute(629)) - 3ddcf304-85b1-49d2-b8da-4a506cacc1b8@group-CA5994DE78B6-SegmentedRaftLogWorker: created new log segment /home/runner/work/ozone/ozone/hadoop-ozone/integration-test/target/test-dir/MiniOzoneClusterImpl-0c33195c-4715-4e74-9207-018c6aa32671/datanode-0/data/ratis/d793b308-2941-4e47-a1c9-ca5994de78b6/current/log_inprogress_0
2022-10-13 20:19:53,198 [ForkJoinPool.commonPool-worker-0] INFO  ozoneimpl.OzoneContainer (OzoneContainer.java:stop(400)) - Attempting to stop container services.
2022-10-13 20:19:53,198 [ForkJoinPool.commonPool-worker-0] INFO  server.RaftServer (RaftServerProxy.java:lambda$close$7(398)) - 3ddcf304-85b1-49d2-b8da-4a506cacc1b8: close
2022-10-13 20:19:53,199 [ForkJoinPool.commonPool-worker-0] INFO  server.RaftServer$Division (RaftServerImpl.java:lambda$close$4(434)) - 3ddcf304-85b1-49d2-b8da-4a506cacc1b8@group-CA5994DE78B6: shutdown
2022-10-13 20:19:53,199 [EndpointStateMachine task thread for /127.0.0.1:44779 - 0 ] INFO  ipc.Client (Client.java:handleConnectionFailure(1010)) - Retrying connect to server: localhost/127.0.0.1:44779. Already tried 2 time(s); retry policy is RetryUpToMaximumCountWithFixedSleep(maxRetries=15, sleepTime=1000 MILLISECONDS)
2022-10-13 20:19:53,199 [EndpointStateMachine task thread for /127.0.0.1:33963 - 0 ] INFO  ipc.Client (Client.java:handleConnectionFailure(1010)) - Retrying connect to server: localhost/127.0.0.1:33963. Already tried 2 time(s); retry policy is RetryUpToMaximumCountWithFixedSleep(maxRetries=15, sleepTime=1000 MILLISECONDS)
2022-10-13 20:19:53,199 [ForkJoinPool.commonPool-worker-0] INFO  util.JmxRegister (JmxRegister.java:unregister(73)) - Successfully un-registered JMX Bean with object name Ratis:service=RaftServer,group=group-CA5994DE78B6,id=3ddcf304-85b1-49d2-b8da-4a506cacc1b8
2022-10-13 20:19:53,199 [ForkJoinPool.commonPool-worker-0] INFO  impl.RoleInfo (RoleInfo.java:shutdownFollowerState(110)) - 3ddcf304-85b1-49d2-b8da-4a506cacc1b8: shutdown 3ddcf304-85b1-49d2-b8da-4a506cacc1b8@group-CA5994DE78B6-FollowerState
2022-10-13 20:19:53,200 [ForkJoinPool.commonPool-worker-0] INFO  impl.StateMachineUpdater (StateMachineUpdater.java:stopAndJoin(153)) - 3ddcf304-85b1-49d2-b8da-4a506cacc1b8@group-CA5994DE78B6-StateMachineUpdater: set stopIndex = 0
2022-10-13 20:19:53,200 [3ddcf304-85b1-49d2-b8da-4a506cacc1b8@group-CA5994DE78B6-StateMachineUpdater] INFO  ratis.ContainerStateMachine (ContainerStateMachine.java:takeSnapshot(304)) - group-CA5994DE78B6: Taking a snapshot at:(t:2, i:0) file /home/runner/work/ozone/ozone/hadoop-ozone/integration-test/target/test-dir/MiniOzoneClusterImpl-0c33195c-4715-4e74-9207-018c6aa32671/datanode-0/data/ratis/d793b308-2941-4e47-a1c9-ca5994de78b6/sm/snapshot.2_0
2022-10-13 20:19:53,200 [3ddcf304-85b1-49d2-b8da-4a506cacc1b8@group-CA5994DE78B6-FollowerState] INFO  impl.FollowerState (FollowerState.java:run(152)) - 3ddcf304-85b1-49d2-b8da-4a506cacc1b8@group-CA5994DE78B6-FollowerState was interrupted
2022-10-13 20:19:53,230 [3ddcf304-85b1-49d2-b8da-4a506cacc1b8@group-CA5994DE78B6-StateMachineUpdater] INFO  ratis.ContainerStateMachine (ContainerStateMachine.java:takeSnapshot(315)) - group-CA5994DE78B6: Finished taking a snapshot at:(t:2, i:0) file:/home/runner/work/ozone/ozone/hadoop-ozone/integration-test/target/test-dir/MiniOzoneClusterImpl-0c33195c-4715-4e74-9207-018c6aa32671/datanode-0/data/ratis/d793b308-2941-4e47-a1c9-ca5994de78b6/sm/snapshot.2_0 took: 30 ms
2022-10-13 20:19:53,234 [3ddcf304-85b1-49d2-b8da-4a506cacc1b8@group-CA5994DE78B6-StateMachineUpdater] INFO  impl.StateMachineUpdater (StateMachineUpdater.java:takeSnapshot(287)) - 3ddcf304-85b1-49d2-b8da-4a506cacc1b8@group-CA5994DE78B6-StateMachineUpdater: Took a snapshot at index 0
2022-10-13 20:19:53,234 [3ddcf304-85b1-49d2-b8da-4a506cacc1b8@group-CA5994DE78B6-StateMachineUpdater] INFO  impl.StateMachineUpdater (StateMachineUpdater.java:lambda$new$0(92)) - 3ddcf304-85b1-49d2-b8da-4a506cacc1b8@group-CA5994DE78B6-StateMachineUpdater: snapshotIndex: updateIncreasingly -1 -> 0
2022-10-13 20:19:53,235 [ForkJoinPool.commonPool-worker-0] INFO  server.RaftServer$Division (ServerState.java:close(429)) - 3ddcf304-85b1-49d2-b8da-4a506cacc1b8@group-CA5994DE78B6: closes. applyIndex: 0
2022-10-13 20:19:53,235 [3ddcf304-85b1-49d2-b8da-4a506cacc1b8@group-CA5994DE78B6-SegmentedRaftLogWorker] INFO  segmented.SegmentedRaftLogWorker (SegmentedRaftLogWorker.java:run(336)) - 3ddcf304-85b1-49d2-b8da-4a506cacc1b8@group-CA5994DE78B6-SegmentedRaftLogWorker was interrupted, exiting. There are 0 tasks remaining in the queue.
2022-10-13 20:19:53,236 [ForkJoinPool.commonPool-worker-0] INFO  segmented.SegmentedRaftLogWorker (SegmentedRaftLogWorker.java:close(246)) - 3ddcf304-85b1-49d2-b8da-4a506cacc1b8@group-CA5994DE78B6-SegmentedRaftLogWorker close()
2022-10-13 20:19:53,237 [ForkJoinPool.commonPool-worker-0] INFO  server.RaftServer$Division (RaftServerImpl.java:lambda$close$4(434)) - 3ddcf304-85b1-49d2-b8da-4a506cacc1b8@group-A03B71562239: shutdown
2022-10-13 20:19:53,237 [ForkJoinPool.commonPool-worker-0] INFO  util.JmxRegister (JmxRegister.java:unregister(73)) - Successfully un-registered JMX Bean with object name Ratis:service=RaftServer,group=group-A03B71562239,id=3ddcf304-85b1-49d2-b8da-4a506cacc1b8
2022-10-13 20:19:53,237 [ForkJoinPool.commonPool-worker-0] INFO  impl.RoleInfo (RoleInfo.java:shutdownLeaderState(93)) - 3ddcf304-85b1-49d2-b8da-4a506cacc1b8: shutdown 3ddcf304-85b1-49d2-b8da-4a506cacc1b8@group-A03B71562239-LeaderStateImpl
2022-10-13 20:19:53,237 [ForkJoinPool.commonPool-worker-0] INFO  impl.PendingRequests (PendingRequests.java:sendNotLeaderResponses(282)) - 3ddcf304-85b1-49d2-b8da-4a506cacc1b8@group-A03B71562239-PendingRequests: sendNotLeaderResponses
2022-10-13 20:19:53,238 [ForkJoinPool.commonPool-worker-0] INFO  impl.StateMachineUpdater (StateMachineUpdater.java:stopAndJoin(153)) - 3ddcf304-85b1-49d2-b8da-4a506cacc1b8@group-A03B71562239-StateMachineUpdater: set stopIndex = 0
2022-10-13 20:19:53,238 [3ddcf304-85b1-49d2-b8da-4a506cacc1b8@group-A03B71562239-StateMachineUpdater] INFO  ratis.ContainerStateMachine (ContainerStateMachine.java:takeSnapshot(304)) - group-A03B71562239: Taking a snapshot at:(t:1, i:0) file /home/runner/work/ozone/ozone/hadoop-ozone/integration-test/target/test-dir/MiniOzoneClusterImpl-0c33195c-4715-4e74-9207-018c6aa32671/datanode-0/data/ratis/b57567b0-a8f2-45b5-9a0f-a03b71562239/sm/snapshot.1_0
2022-10-13 20:19:53,239 [3ddcf304-85b1-49d2-b8da-4a506cacc1b8@group-A03B71562239-StateMachineUpdater] INFO  ratis.ContainerStateMachine (ContainerStateMachine.java:takeSnapshot(315)) - group-A03B71562239: Finished taking a snapshot at:(t:1, i:0) file:/home/runner/work/ozone/ozone/hadoop-ozone/integration-test/target/test-dir/MiniOzoneClusterImpl-0c33195c-4715-4e74-9207-018c6aa32671/datanode-0/data/ratis/b57567b0-a8f2-45b5-9a0f-a03b71562239/sm/snapshot.1_0 took: 1 ms
2022-10-13 20:19:53,239 [3ddcf304-85b1-49d2-b8da-4a506cacc1b8@group-A03B71562239-StateMachineUpdater] INFO  impl.StateMachineUpdater (StateMachineUpdater.java:takeSnapshot(287)) - 3ddcf304-85b1-49d2-b8da-4a506cacc1b8@group-A03B71562239-StateMachineUpdater: Took a snapshot at index 0
2022-10-13 20:19:53,239 [3ddcf304-85b1-49d2-b8da-4a506cacc1b8@group-A03B71562239-StateMachineUpdater] INFO  impl.StateMachineUpdater (StateMachineUpdater.java:lambda$new$0(92)) - 3ddcf304-85b1-49d2-b8da-4a506cacc1b8@group-A03B71562239-StateMachineUpdater: snapshotIndex: updateIncreasingly -1 -> 0
2022-10-13 20:19:53,239 [ForkJoinPool.commonPool-worker-0] INFO  server.RaftServer$Division (ServerState.java:close(429)) - 3ddcf304-85b1-49d2-b8da-4a506cacc1b8@group-A03B71562239: closes. applyIndex: 0
2022-10-13 20:19:53,240 [3ddcf304-85b1-49d2-b8da-4a506cacc1b8@group-A03B71562239-SegmentedRaftLogWorker] INFO  segmented.SegmentedRaftLogWorker (SegmentedRaftLogWorker.java:run(336)) - 3ddcf304-85b1-49d2-b8da-4a506cacc1b8@group-A03B71562239-SegmentedRaftLogWorker was interrupted, exiting. There are 0 tasks remaining in the queue.
2022-10-13 20:19:53,240 [ForkJoinPool.commonPool-worker-0] INFO  segmented.SegmentedRaftLogWorker (SegmentedRaftLogWorker.java:close(246)) - 3ddcf304-85b1-49d2-b8da-4a506cacc1b8@group-A03B71562239-SegmentedRaftLogWorker close()
2022-10-13 20:19:53,241 [ForkJoinPool.commonPool-worker-0] INFO  server.RaftServer$Division (RaftServerImpl.java:lambda$close$4(434)) - 3ddcf304-85b1-49d2-b8da-4a506cacc1b8@group-355AF9D2C133: shutdown
2022-10-13 20:19:53,241 [ForkJoinPool.commonPool-worker-0] INFO  util.JmxRegister (JmxRegister.java:unregister(73)) - Successfully un-registered JMX Bean with object name Ratis:service=RaftServer,group=group-355AF9D2C133,id=3ddcf304-85b1-49d2-b8da-4a506cacc1b8
2022-10-13 20:19:53,241 [ForkJoinPool.commonPool-worker-0] INFO  impl.RoleInfo (RoleInfo.java:shutdownLeaderState(93)) - 3ddcf304-85b1-49d2-b8da-4a506cacc1b8: shutdown 3ddcf304-85b1-49d2-b8da-4a506cacc1b8@group-355AF9D2C133-LeaderStateImpl
2022-10-13 20:19:53,241 [3ddcf304-85b1-49d2-b8da-4a506cacc1b8@group-355AF9D2C133->b33b9c80-8f32-4607-98ae-733684aaa44e-GrpcLogAppender-LogAppenderDaemon] WARN  server.GrpcLogAppender (GrpcLogAppender.java:mayWait(171)) - 3ddcf304-85b1-49d2-b8da-4a506cacc1b8@group-355AF9D2C133->b33b9c80-8f32-4607-98ae-733684aaa44e-GrpcLogAppender: Wait interrupted by java.lang.InterruptedException
2022-10-13 20:19:53,241 [ForkJoinPool.commonPool-worker-0] INFO  impl.PendingRequests (PendingRequests.java:sendNotLeaderResponses(282)) - 3ddcf304-85b1-49d2-b8da-4a506cacc1b8@group-355AF9D2C133-PendingRequests: sendNotLeaderResponses
2022-10-13 20:19:53,242 [ForkJoinPool.commonPool-worker-0] INFO  impl.StateMachineUpdater (StateMachineUpdater.java:stopAndJoin(153)) - 3ddcf304-85b1-49d2-b8da-4a506cacc1b8@group-355AF9D2C133-StateMachineUpdater: set stopIndex = 0
2022-10-13 20:19:53,242 [3ddcf304-85b1-49d2-b8da-4a506cacc1b8@group-355AF9D2C133-StateMachineUpdater] INFO  ratis.ContainerStateMachine (ContainerStateMachine.java:takeSnapshot(304)) - group-355AF9D2C133: Taking a snapshot at:(t:1, i:0) file /home/runner/work/ozone/ozone/hadoop-ozone/integration-test/target/test-dir/MiniOzoneClusterImpl-0c33195c-4715-4e74-9207-018c6aa32671/datanode-0/data/ratis/fd382d7b-fa24-4e8b-b8b9-355af9d2c133/sm/snapshot.1_0
2022-10-13 20:19:53,243 [3ddcf304-85b1-49d2-b8da-4a506cacc1b8@group-355AF9D2C133->4204fecc-e3eb-437d-ab57-73516eed136b-GrpcLogAppender-LogAppenderDaemon] WARN  server.GrpcLogAppender (GrpcLogAppender.java:mayWait(171)) - 3ddcf304-85b1-49d2-b8da-4a506cacc1b8@group-355AF9D2C133->4204fecc-e3eb-437d-ab57-73516eed136b-GrpcLogAppender: Wait interrupted by java.lang.InterruptedException
2022-10-13 20:19:53,243 [grpc-default-executor-2] INFO  server.GrpcServerProtocolService (GrpcServerProtocolService.java:onCompleted(140)) - b33b9c80-8f32-4607-98ae-733684aaa44e: Completed APPEND_ENTRIES, lastRequest: 3ddcf304-85b1-49d2-b8da-4a506cacc1b8->b33b9c80-8f32-4607-98ae-733684aaa44e#1-t1,previous=(t:0, i:0),leaderCommit=-1,initializing? true,entries: size=1, first=(t:1, i:0), CONFIGURATIONENTRY
2022-10-13 20:19:53,243 [grpc-default-executor-0] INFO  server.GrpcServerProtocolService (GrpcServerProtocolService.java:onCompleted(140)) - 4204fecc-e3eb-437d-ab57-73516eed136b: Completed APPEND_ENTRIES, lastRequest: 3ddcf304-85b1-49d2-b8da-4a506cacc1b8->4204fecc-e3eb-437d-ab57-73516eed136b#1-t1,previous=(t:0, i:0),leaderCommit=-1,initializing? true,entries: size=1, first=(t:1, i:0), CONFIGURATIONENTRY
2022-10-13 20:19:53,244 [3ddcf304-85b1-49d2-b8da-4a506cacc1b8@group-355AF9D2C133-StateMachineUpdater] INFO  ratis.ContainerStateMachine (ContainerStateMachine.java:takeSnapshot(315)) - group-355AF9D2C133: Finished taking a snapshot at:(t:1, i:0) file:/home/runner/work/ozone/ozone/hadoop-ozone/integration-test/target/test-dir/MiniOzoneClusterImpl-0c33195c-4715-4e74-9207-018c6aa32671/datanode-0/data/ratis/fd382d7b-fa24-4e8b-b8b9-355af9d2c133/sm/snapshot.1_0 took: 2 ms
2022-10-13 20:19:53,244 [3ddcf304-85b1-49d2-b8da-4a506cacc1b8@group-355AF9D2C133-StateMachineUpdater] INFO  impl.StateMachineUpdater (StateMachineUpdater.java:takeSnapshot(287)) - 3ddcf304-85b1-49d2-b8da-4a506cacc1b8@group-355AF9D2C133-StateMachineUpdater: Took a snapshot at index 0
2022-10-13 20:19:53,244 [3ddcf304-85b1-49d2-b8da-4a506cacc1b8@group-355AF9D2C133-StateMachineUpdater] INFO  impl.StateMachineUpdater (StateMachineUpdater.java:lambda$new$0(92)) - 3ddcf304-85b1-49d2-b8da-4a506cacc1b8@group-355AF9D2C133-StateMachineUpdater: snapshotIndex: updateIncreasingly -1 -> 0
2022-10-13 20:19:53,244 [grpc-default-executor-3] INFO  server.GrpcLogAppender (GrpcLogAppender.java:onCompleted(339)) - 3ddcf304-85b1-49d2-b8da-4a506cacc1b8@group-355AF9D2C133->4204fecc-e3eb-437d-ab57-73516eed136b-AppendLogResponseHandler: follower responses appendEntries COMPLETED
2022-10-13 20:19:53,244 [grpc-default-executor-3] INFO  leader.FollowerInfo (FollowerInfoImpl.java:lambda$new$0(48)) - 3ddcf304-85b1-49d2-b8da-4a506cacc1b8@group-355AF9D2C133->4204fecc-e3eb-437d-ab57-73516eed136b: nextIndex: updateUnconditionally 1 -> 0
2022-10-13 20:19:53,244 [grpc-default-executor-0] INFO  server.GrpcLogAppender (GrpcLogAppender.java:onCompleted(339)) - 3ddcf304-85b1-49d2-b8da-4a506cacc1b8@group-355AF9D2C133->b33b9c80-8f32-4607-98ae-733684aaa44e-AppendLogResponseHandler: follower responses appendEntries COMPLETED
2022-10-13 20:19:53,244 [ForkJoinPool.commonPool-worker-0] INFO  server.RaftServer$Division (ServerState.java:close(429)) - 3ddcf304-85b1-49d2-b8da-4a506cacc1b8@group-355AF9D2C133: closes. applyIndex: 0
2022-10-13 20:19:53,244 [grpc-default-executor-0] INFO  leader.FollowerInfo (FollowerInfoImpl.java:lambda$new$0(48)) - 3ddcf304-85b1-49d2-b8da-4a506cacc1b8@group-355AF9D2C133->b33b9c80-8f32-4607-98ae-733684aaa44e: nextIndex: updateUnconditionally 1 -> 0
2022-10-13 20:19:53,245 [3ddcf304-85b1-49d2-b8da-4a506cacc1b8@group-355AF9D2C133-SegmentedRaftLogWorker] INFO  segmented.SegmentedRaftLogWorker (SegmentedRaftLogWorker.java:run(336)) - 3ddcf304-85b1-49d2-b8da-4a506cacc1b8@group-355AF9D2C133-SegmentedRaftLogWorker was interrupted, exiting. There are 0 tasks remaining in the queue.
2022-10-13 20:19:53,245 [ForkJoinPool.commonPool-worker-0] INFO  segmented.SegmentedRaftLogWorker (SegmentedRaftLogWorker.java:close(246)) - 3ddcf304-85b1-49d2-b8da-4a506cacc1b8@group-355AF9D2C133-SegmentedRaftLogWorker close()
2022-10-13 20:19:53,247 [ForkJoinPool.commonPool-worker-0] INFO  server.GrpcService (GrpcService.java:closeImpl(269)) - 3ddcf304-85b1-49d2-b8da-4a506cacc1b8: shutdown server with port 38205 now
2022-10-13 20:19:53,248 [grpc-default-executor-3] WARN  server.GrpcLogAppender (LogUtils.java:warn(122)) - b33b9c80-8f32-4607-98ae-733684aaa44e@group-CA5994DE78B6->3ddcf304-85b1-49d2-b8da-4a506cacc1b8-AppendLogResponseHandler: Failed appendEntries: org.apache.ratis.thirdparty.io.grpc.StatusRuntimeException: CANCELLED: RST_STREAM closed stream. HTTP/2 error code: CANCEL
2022-10-13 20:19:53,249 [grpc-default-executor-3] WARN  server.GrpcLogAppender (GrpcLogAppender.java:resetClient(111)) - b33b9c80-8f32-4607-98ae-733684aaa44e@group-CA5994DE78B6->3ddcf304-85b1-49d2-b8da-4a506cacc1b8-GrpcLogAppender: Leader has not got in touch with Follower b33b9c80-8f32-4607-98ae-733684aaa44e@group-CA5994DE78B6->3ddcf304-85b1-49d2-b8da-4a506cacc1b8(c0,m0,n1, attendVote=true, lastRpcSendTime=86, lastRpcResponseTime=74) yet, just keep nextIndex unchanged and retry.
2022-10-13 20:19:53,249 [grpc-default-executor-2] WARN  server.GrpcServerProtocolService (LogUtils.java:warn(122)) - 3ddcf304-85b1-49d2-b8da-4a506cacc1b8: installSnapshot onError, lastRequest: b33b9c80-8f32-4607-98ae-733684aaa44e->3ddcf304-85b1-49d2-b8da-4a506cacc1b8#1-t2,previous=(t:0, i:0),leaderCommit=0,initializing? true,entries: size=1, first=(t:2, i:0), CONFIGURATIONENTRY: org.apache.ratis.thirdparty.io.grpc.StatusRuntimeException: CANCELLED: client cancelled
2022-10-13 20:19:53,251 [ForkJoinPool.commonPool-worker-0] INFO  server.GrpcService (GrpcService.java:closeImpl(278)) - 3ddcf304-85b1-49d2-b8da-4a506cacc1b8: shutdown server with port 38205 successfully
2022-10-13 20:19:53,252 [org.apache.ratis.util.JvmPauseMonitor$$Lambda$519/1431033796@71f9b83c] INFO  util.JvmPauseMonitor (JvmPauseMonitor.java:run(109)) - JvmPauseMonitor-3ddcf304-85b1-49d2-b8da-4a506cacc1b8: Stopped
2022-10-13 20:19:53,423 [Listener at 127.0.0.1/34689] INFO  ozoneimpl.OzoneContainer (OzoneContainer.java:stop(400)) - Attempting to stop container services.
2022-10-13 20:19:53,424 [Listener at 127.0.0.1/34689] INFO  server.RaftServer (RaftServerProxy.java:lambda$close$7(398)) - b33b9c80-8f32-4607-98ae-733684aaa44e: close
2022-10-13 20:19:53,424 [Listener at 127.0.0.1/34689] INFO  server.RaftServer$Division (RaftServerImpl.java:lambda$close$4(434)) - b33b9c80-8f32-4607-98ae-733684aaa44e@group-CA5994DE78B6: shutdown
2022-10-13 20:19:53,424 [Listener at 127.0.0.1/34689] INFO  util.JmxRegister (JmxRegister.java:unregister(73)) - Successfully un-registered JMX Bean with object name Ratis:service=RaftServer,group=group-CA5994DE78B6,id=b33b9c80-8f32-4607-98ae-733684aaa44e
2022-10-13 20:19:53,424 [Listener at 127.0.0.1/34689] INFO  impl.RoleInfo (RoleInfo.java:shutdownLeaderState(93)) - b33b9c80-8f32-4607-98ae-733684aaa44e: shutdown b33b9c80-8f32-4607-98ae-733684aaa44e@group-CA5994DE78B6-LeaderStateImpl
2022-10-13 20:19:53,425 [Listener at 127.0.0.1/34689] INFO  impl.PendingRequests (PendingRequests.java:sendNotLeaderResponses(282)) - b33b9c80-8f32-4607-98ae-733684aaa44e@group-CA5994DE78B6-PendingRequests: sendNotLeaderResponses
2022-10-13 20:19:53,425 [b33b9c80-8f32-4607-98ae-733684aaa44e@group-CA5994DE78B6->4204fecc-e3eb-437d-ab57-73516eed136b-GrpcLogAppender-LogAppenderDaemon] WARN  server.GrpcLogAppender (GrpcLogAppender.java:mayWait(171)) - b33b9c80-8f32-4607-98ae-733684aaa44e@group-CA5994DE78B6->4204fecc-e3eb-437d-ab57-73516eed136b-GrpcLogAppender: Wait interrupted by java.lang.InterruptedException
2022-10-13 20:19:53,425 [Listener at 127.0.0.1/34689] INFO  impl.StateMachineUpdater (StateMachineUpdater.java:stopAndJoin(153)) - b33b9c80-8f32-4607-98ae-733684aaa44e@group-CA5994DE78B6-StateMachineUpdater: set stopIndex = 0
2022-10-13 20:19:53,426 [b33b9c80-8f32-4607-98ae-733684aaa44e@group-CA5994DE78B6-StateMachineUpdater] INFO  ratis.ContainerStateMachine (ContainerStateMachine.java:takeSnapshot(304)) - group-CA5994DE78B6: Taking a snapshot at:(t:2, i:0) file /home/runner/work/ozone/ozone/hadoop-ozone/integration-test/target/test-dir/MiniOzoneClusterImpl-0c33195c-4715-4e74-9207-018c6aa32671/datanode-1/data/ratis/d793b308-2941-4e47-a1c9-ca5994de78b6/sm/snapshot.2_0
2022-10-13 20:19:53,426 [grpc-default-executor-2] INFO  server.GrpcServerProtocolService (GrpcServerProtocolService.java:onCompleted(140)) - 4204fecc-e3eb-437d-ab57-73516eed136b: Completed APPEND_ENTRIES, lastRequest: b33b9c80-8f32-4607-98ae-733684aaa44e->4204fecc-e3eb-437d-ab57-73516eed136b#1-t2,previous=(t:0, i:0),leaderCommit=-1,initializing? true,entries: size=1, first=(t:2, i:0), CONFIGURATIONENTRY
2022-10-13 20:19:53,434 [b33b9c80-8f32-4607-98ae-733684aaa44e@group-CA5994DE78B6-StateMachineUpdater] INFO  ratis.ContainerStateMachine (ContainerStateMachine.java:takeSnapshot(315)) - group-CA5994DE78B6: Finished taking a snapshot at:(t:2, i:0) file:/home/runner/work/ozone/ozone/hadoop-ozone/integration-test/target/test-dir/MiniOzoneClusterImpl-0c33195c-4715-4e74-9207-018c6aa32671/datanode-1/data/ratis/d793b308-2941-4e47-a1c9-ca5994de78b6/sm/snapshot.2_0 took: 8 ms
2022-10-13 20:19:53,434 [grpc-default-executor-2] INFO  server.GrpcLogAppender (GrpcLogAppender.java:onCompleted(339)) - b33b9c80-8f32-4607-98ae-733684aaa44e@group-CA5994DE78B6->4204fecc-e3eb-437d-ab57-73516eed136b-AppendLogResponseHandler: follower responses appendEntries COMPLETED
2022-10-13 20:19:53,437 [grpc-default-executor-2] INFO  leader.FollowerInfo (FollowerInfoImpl.java:lambda$new$0(48)) - b33b9c80-8f32-4607-98ae-733684aaa44e@group-CA5994DE78B6->4204fecc-e3eb-437d-ab57-73516eed136b: nextIndex: updateUnconditionally 1 -> 0
2022-10-13 20:19:53,434 [b33b9c80-8f32-4607-98ae-733684aaa44e@group-CA5994DE78B6-StateMachineUpdater] INFO  impl.StateMachineUpdater (StateMachineUpdater.java:takeSnapshot(287)) - b33b9c80-8f32-4607-98ae-733684aaa44e@group-CA5994DE78B6-StateMachineUpdater: Took a snapshot at index 0
2022-10-13 20:19:53,437 [b33b9c80-8f32-4607-98ae-733684aaa44e@group-CA5994DE78B6-StateMachineUpdater] INFO  impl.StateMachineUpdater (StateMachineUpdater.java:lambda$new$0(92)) - b33b9c80-8f32-4607-98ae-733684aaa44e@group-CA5994DE78B6-StateMachineUpdater: snapshotIndex: updateIncreasingly -1 -> 0
2022-10-13 20:19:53,438 [Listener at 127.0.0.1/34689] INFO  server.RaftServer$Division (ServerState.java:close(429)) - b33b9c80-8f32-4607-98ae-733684aaa44e@group-CA5994DE78B6: closes. applyIndex: 0
2022-10-13 20:19:53,438 [b33b9c80-8f32-4607-98ae-733684aaa44e@group-CA5994DE78B6-SegmentedRaftLogWorker] INFO  segmented.SegmentedRaftLogWorker (SegmentedRaftLogWorker.java:run(336)) - b33b9c80-8f32-4607-98ae-733684aaa44e@group-CA5994DE78B6-SegmentedRaftLogWorker was interrupted, exiting. There are 0 tasks remaining in the queue.
2022-10-13 20:19:53,439 [Listener at 127.0.0.1/34689] INFO  segmented.SegmentedRaftLogWorker (SegmentedRaftLogWorker.java:close(246)) - b33b9c80-8f32-4607-98ae-733684aaa44e@group-CA5994DE78B6-SegmentedRaftLogWorker close()
2022-10-13 20:19:53,439 [Listener at 127.0.0.1/34689] INFO  server.RaftServer$Division (RaftServerImpl.java:lambda$close$4(434)) - b33b9c80-8f32-4607-98ae-733684aaa44e@group-355AF9D2C133: shutdown
2022-10-13 20:19:53,439 [Listener at 127.0.0.1/34689] INFO  util.JmxRegister (JmxRegister.java:unregister(73)) - Successfully un-registered JMX Bean with object name Ratis:service=RaftServer,group=group-355AF9D2C133,id=b33b9c80-8f32-4607-98ae-733684aaa44e
2022-10-13 20:19:53,440 [Listener at 127.0.0.1/34689] INFO  impl.RoleInfo (RoleInfo.java:shutdownFollowerState(110)) - b33b9c80-8f32-4607-98ae-733684aaa44e: shutdown b33b9c80-8f32-4607-98ae-733684aaa44e@group-355AF9D2C133-FollowerState
2022-10-13 20:19:53,440 [Listener at 127.0.0.1/34689] INFO  impl.StateMachineUpdater (StateMachineUpdater.java:stopAndJoin(153)) - b33b9c80-8f32-4607-98ae-733684aaa44e@group-355AF9D2C133-StateMachineUpdater: set stopIndex = 0
2022-10-13 20:19:53,440 [b33b9c80-8f32-4607-98ae-733684aaa44e@group-355AF9D2C133-StateMachineUpdater] INFO  ratis.ContainerStateMachine (ContainerStateMachine.java:takeSnapshot(304)) - group-355AF9D2C133: Taking a snapshot at:(t:1, i:0) file /home/runner/work/ozone/ozone/hadoop-ozone/integration-test/target/test-dir/MiniOzoneClusterImpl-0c33195c-4715-4e74-9207-018c6aa32671/datanode-1/data/ratis/fd382d7b-fa24-4e8b-b8b9-355af9d2c133/sm/snapshot.1_0
2022-10-13 20:19:53,440 [b33b9c80-8f32-4607-98ae-733684aaa44e@group-355AF9D2C133-FollowerState] INFO  impl.FollowerState (FollowerState.java:run(152)) - b33b9c80-8f32-4607-98ae-733684aaa44e@group-355AF9D2C133-FollowerState was interrupted
2022-10-13 20:19:53,441 [b33b9c80-8f32-4607-98ae-733684aaa44e@group-355AF9D2C133-StateMachineUpdater] INFO  ratis.ContainerStateMachine (ContainerStateMachine.java:takeSnapshot(315)) - group-355AF9D2C133: Finished taking a snapshot at:(t:1, i:0) file:/home/runner/work/ozone/ozone/hadoop-ozone/integration-test/target/test-dir/MiniOzoneClusterImpl-0c33195c-4715-4e74-9207-018c6aa32671/datanode-1/data/ratis/fd382d7b-fa24-4e8b-b8b9-355af9d2c133/sm/snapshot.1_0 took: 1 ms
2022-10-13 20:19:53,441 [b33b9c80-8f32-4607-98ae-733684aaa44e@group-355AF9D2C133-StateMachineUpdater] INFO  impl.StateMachineUpdater (StateMachineUpdater.java:takeSnapshot(287)) - b33b9c80-8f32-4607-98ae-733684aaa44e@group-355AF9D2C133-StateMachineUpdater: Took a snapshot at index 0
2022-10-13 20:19:53,441 [b33b9c80-8f32-4607-98ae-733684aaa44e@group-355AF9D2C133-StateMachineUpdater] INFO  impl.StateMachineUpdater (StateMachineUpdater.java:lambda$new$0(92)) - b33b9c80-8f32-4607-98ae-733684aaa44e@group-355AF9D2C133-StateMachineUpdater: snapshotIndex: updateIncreasingly -1 -> 0
2022-10-13 20:19:53,441 [Listener at 127.0.0.1/34689] INFO  server.RaftServer$Division (ServerState.java:close(429)) - b33b9c80-8f32-4607-98ae-733684aaa44e@group-355AF9D2C133: closes. applyIndex: 0
2022-10-13 20:19:53,442 [b33b9c80-8f32-4607-98ae-733684aaa44e@group-355AF9D2C133-SegmentedRaftLogWorker] INFO  segmented.SegmentedRaftLogWorker (SegmentedRaftLogWorker.java:run(336)) - b33b9c80-8f32-4607-98ae-733684aaa44e@group-355AF9D2C133-SegmentedRaftLogWorker was interrupted, exiting. There are 0 tasks remaining in the queue.
2022-10-13 20:19:53,442 [Listener at 127.0.0.1/34689] INFO  segmented.SegmentedRaftLogWorker (SegmentedRaftLogWorker.java:close(246)) - b33b9c80-8f32-4607-98ae-733684aaa44e@group-355AF9D2C133-SegmentedRaftLogWorker close()
2022-10-13 20:19:53,443 [Listener at 127.0.0.1/34689] INFO  server.RaftServer$Division (RaftServerImpl.java:lambda$close$4(434)) - b33b9c80-8f32-4607-98ae-733684aaa44e@group-D113BDED26A6: shutdown
2022-10-13 20:19:53,443 [Listener at 127.0.0.1/34689] INFO  util.JmxRegister (JmxRegister.java:unregister(73)) - Successfully un-registered JMX Bean with object name Ratis:service=RaftServer,group=group-D113BDED26A6,id=b33b9c80-8f32-4607-98ae-733684aaa44e
2022-10-13 20:19:53,443 [Listener at 127.0.0.1/34689] INFO  impl.RoleInfo (RoleInfo.java:shutdownLeaderState(93)) - b33b9c80-8f32-4607-98ae-733684aaa44e: shutdown b33b9c80-8f32-4607-98ae-733684aaa44e@group-D113BDED26A6-LeaderStateImpl
2022-10-13 20:19:53,443 [Listener at 127.0.0.1/34689] INFO  impl.PendingRequests (PendingRequests.java:sendNotLeaderResponses(282)) - b33b9c80-8f32-4607-98ae-733684aaa44e@group-D113BDED26A6-PendingRequests: sendNotLeaderResponses
2022-10-13 20:19:53,444 [b33b9c80-8f32-4607-98ae-733684aaa44e@group-D113BDED26A6-StateMachineUpdater] INFO  ratis.ContainerStateMachine (ContainerStateMachine.java:takeSnapshot(304)) - group-D113BDED26A6: Taking a snapshot at:(t:1, i:0) file /home/runner/work/ozone/ozone/hadoop-ozone/integration-test/target/test-dir/MiniOzoneClusterImpl-0c33195c-4715-4e74-9207-018c6aa32671/datanode-1/data/ratis/9b492d2c-6b2c-426a-aa04-d113bded26a6/sm/snapshot.1_0
2022-10-13 20:19:53,444 [Listener at 127.0.0.1/34689] INFO  impl.StateMachineUpdater (StateMachineUpdater.java:stopAndJoin(153)) - b33b9c80-8f32-4607-98ae-733684aaa44e@group-D113BDED26A6-StateMachineUpdater: set stopIndex = 0
2022-10-13 20:19:53,445 [b33b9c80-8f32-4607-98ae-733684aaa44e@group-D113BDED26A6-StateMachineUpdater] INFO  ratis.ContainerStateMachine (ContainerStateMachine.java:takeSnapshot(315)) - group-D113BDED26A6: Finished taking a snapshot at:(t:1, i:0) file:/home/runner/work/ozone/ozone/hadoop-ozone/integration-test/target/test-dir/MiniOzoneClusterImpl-0c33195c-4715-4e74-9207-018c6aa32671/datanode-1/data/ratis/9b492d2c-6b2c-426a-aa04-d113bded26a6/sm/snapshot.1_0 took: 0 ms
2022-10-13 20:19:53,445 [b33b9c80-8f32-4607-98ae-733684aaa44e@group-D113BDED26A6-StateMachineUpdater] INFO  impl.StateMachineUpdater (StateMachineUpdater.java:takeSnapshot(287)) - b33b9c80-8f32-4607-98ae-733684aaa44e@group-D113BDED26A6-StateMachineUpdater: Took a snapshot at index 0
2022-10-13 20:19:53,445 [b33b9c80-8f32-4607-98ae-733684aaa44e@group-D113BDED26A6-StateMachineUpdater] INFO  impl.StateMachineUpdater (StateMachineUpdater.java:lambda$new$0(92)) - b33b9c80-8f32-4607-98ae-733684aaa44e@group-D113BDED26A6-StateMachineUpdater: snapshotIndex: updateIncreasingly -1 -> 0
2022-10-13 20:19:53,445 [Listener at 127.0.0.1/34689] INFO  server.RaftServer$Division (ServerState.java:close(429)) - b33b9c80-8f32-4607-98ae-733684aaa44e@group-D113BDED26A6: closes. applyIndex: 0
2022-10-13 20:19:53,445 [b33b9c80-8f32-4607-98ae-733684aaa44e@group-D113BDED26A6-SegmentedRaftLogWorker] INFO  segmented.SegmentedRaftLogWorker (SegmentedRaftLogWorker.java:run(336)) - b33b9c80-8f32-4607-98ae-733684aaa44e@group-D113BDED26A6-SegmentedRaftLogWorker was interrupted, exiting. There are 0 tasks remaining in the queue.
2022-10-13 20:19:53,446 [Listener at 127.0.0.1/34689] INFO  segmented.SegmentedRaftLogWorker (SegmentedRaftLogWorker.java:close(246)) - b33b9c80-8f32-4607-98ae-733684aaa44e@group-D113BDED26A6-SegmentedRaftLogWorker close()
2022-10-13 20:19:53,446 [Listener at 127.0.0.1/34689] INFO  server.GrpcService (GrpcService.java:closeImpl(269)) - b33b9c80-8f32-4607-98ae-733684aaa44e: shutdown server with port 46351 now
2022-10-13 20:19:53,448 [Listener at 127.0.0.1/34689] INFO  server.GrpcService (GrpcService.java:closeImpl(278)) - b33b9c80-8f32-4607-98ae-733684aaa44e: shutdown server with port 46351 successfully
2022-10-13 20:19:53,449 [org.apache.ratis.util.JvmPauseMonitor$$Lambda$519/1431033796@7ee5fce3] INFO  util.JvmPauseMonitor (JvmPauseMonitor.java:run(109)) - JvmPauseMonitor-b33b9c80-8f32-4607-98ae-733684aaa44e: Stopped
2022-10-13 20:19:53,779 [EndpointStateMachine task thread for /127.0.0.1:46545 - 0 ] INFO  ipc.Client (Client.java:handleConnectionFailure(1010)) - Retrying connect to server: localhost/127.0.0.1:46545. Already tried 3 time(s); retry policy is RetryUpToMaximumCountWithFixedSleep(maxRetries=15, sleepTime=1000 MILLISECONDS)
2022-10-13 20:19:54,199 [EndpointStateMachine task thread for /127.0.0.1:44779 - 0 ] INFO  ipc.Client (Client.java:handleConnectionFailure(1010)) - Retrying connect to server: localhost/127.0.0.1:44779. Already tried 3 time(s); retry policy is RetryUpToMaximumCountWithFixedSleep(maxRetries=15, sleepTime=1000 MILLISECONDS)
2022-10-13 20:19:54,199 [EndpointStateMachine task thread for /127.0.0.1:33963 - 0 ] INFO  ipc.Client (Client.java:handleConnectionFailure(1010)) - Retrying connect to server: localhost/127.0.0.1:33963. Already tried 3 time(s); retry policy is RetryUpToMaximumCountWithFixedSleep(maxRetries=15, sleepTime=1000 MILLISECONDS)
2022-10-13 20:19:54,779 [EndpointStateMachine task thread for /127.0.0.1:46545 - 0 ] INFO  ipc.Client (Client.java:handleConnectionFailure(1010)) - Retrying connect to server: localhost/127.0.0.1:46545. Already tried 4 time(s); retry policy is RetryUpToMaximumCountWithFixedSleep(maxRetries=15, sleepTime=1000 MILLISECONDS)
2022-10-13 20:19:55,200 [EndpointStateMachine task thread for /127.0.0.1:33963 - 0 ] INFO  ipc.Client (Client.java:handleConnectionFailure(1010)) - Retrying connect to server: localhost/127.0.0.1:33963. Already tried 4 time(s); retry policy is RetryUpToMaximumCountWithFixedSleep(maxRetries=15, sleepTime=1000 MILLISECONDS)
2022-10-13 20:19:55,200 [EndpointStateMachine task thread for /127.0.0.1:44779 - 0 ] INFO  ipc.Client (Client.java:handleConnectionFailure(1010)) - Retrying connect to server: localhost/127.0.0.1:44779. Already tried 4 time(s); retry policy is RetryUpToMaximumCountWithFixedSleep(maxRetries=15, sleepTime=1000 MILLISECONDS)
2022-10-13 20:19:55,280 [ForkJoinPool.commonPool-worker-0] INFO  utils.BackgroundService (BackgroundService.java:shutdown(141)) - Shutting down service BlockDeletingService
2022-10-13 20:19:55,280 [ForkJoinPool.commonPool-worker-0] INFO  utils.BackgroundService (BackgroundService.java:shutdown(141)) - Shutting down service StaleRecoveringContainerScrubbingService
2022-10-13 20:19:55,282 [ForkJoinPool.commonPool-worker-0] INFO  statemachine.DatanodeStateMachine (DatanodeStateMachine.java:stopDaemon(580)) - Ozone container server stopped.
2022-10-13 20:19:55,293 [ForkJoinPool.commonPool-worker-0] INFO  handler.ContextHandler (ContextHandler.java:doStop(1153)) - Stopped o.e.j.w.WebAppContext@16efb0c{hddsDatanode,/,null,STOPPED}{jar:file:/home/runner/.m2/repository/org/apache/ozone/hdds-container-service/1.3.0-SNAPSHOT/hdds-container-service-1.3.0-SNAPSHOT.jar!/webapps/hddsDatanode}
2022-10-13 20:19:55,294 [ForkJoinPool.commonPool-worker-0] INFO  server.AbstractConnector (AbstractConnector.java:doStop(381)) - Stopped ServerConnector@4a96d70d{HTTP/1.1, (http/1.1)}{0.0.0.0:0}
2022-10-13 20:19:55,294 [ForkJoinPool.commonPool-worker-0] INFO  server.session (HouseKeeper.java:stopScavenging(149)) - node0 Stopped scavenging
2022-10-13 20:19:55,295 [ForkJoinPool.commonPool-worker-0] INFO  handler.ContextHandler (ContextHandler.java:doStop(1153)) - Stopped o.e.j.s.ServletContextHandler@305b061c{static,/static,jar:file:/home/runner/.m2/repository/org/apache/ozone/hdds-container-service/1.3.0-SNAPSHOT/hdds-container-service-1.3.0-SNAPSHOT.jar!/webapps/static,STOPPED}
2022-10-13 20:19:55,296 [ForkJoinPool.commonPool-worker-0] INFO  handler.ContextHandler (ContextHandler.java:doStop(1153)) - Stopped o.e.j.s.ServletContextHandler@97a32a7{logs,/logs,file:///home/runner/work/ozone/ozone/hadoop-ozone/integration-test/target/log,STOPPED}
2022-10-13 20:19:55,459 [Listener at 127.0.0.1/34689] INFO  utils.BackgroundService (BackgroundService.java:shutdown(141)) - Shutting down service BlockDeletingService
2022-10-13 20:19:55,459 [Listener at 127.0.0.1/34689] INFO  utils.BackgroundService (BackgroundService.java:shutdown(141)) - Shutting down service StaleRecoveringContainerScrubbingService
2022-10-13 20:19:55,461 [Listener at 127.0.0.1/34689] INFO  statemachine.DatanodeStateMachine (DatanodeStateMachine.java:stopDaemon(580)) - Ozone container server stopped.
2022-10-13 20:19:55,470 [Listener at 127.0.0.1/34689] INFO  handler.ContextHandler (ContextHandler.java:doStop(1153)) - Stopped o.e.j.w.WebAppContext@c6a80dc{hddsDatanode,/,null,STOPPED}{jar:file:/home/runner/.m2/repository/org/apache/ozone/hdds-container-service/1.3.0-SNAPSHOT/hdds-container-service-1.3.0-SNAPSHOT.jar!/webapps/hddsDatanode}
2022-10-13 20:19:55,471 [Listener at 127.0.0.1/34689] INFO  server.AbstractConnector (AbstractConnector.java:doStop(381)) - Stopped ServerConnector@2288dfcc{HTTP/1.1, (http/1.1)}{0.0.0.0:0}
2022-10-13 20:19:55,471 [Listener at 127.0.0.1/34689] INFO  server.session (HouseKeeper.java:stopScavenging(149)) - node0 Stopped scavenging
2022-10-13 20:19:55,471 [Listener at 127.0.0.1/34689] INFO  handler.ContextHandler (ContextHandler.java:doStop(1153)) - Stopped o.e.j.s.ServletContextHandler@58785db1{static,/static,jar:file:/home/runner/.m2/repository/org/apache/ozone/hdds-container-service/1.3.0-SNAPSHOT/hdds-container-service-1.3.0-SNAPSHOT.jar!/webapps/static,STOPPED}
2022-10-13 20:19:55,472 [Listener at 127.0.0.1/34689] INFO  handler.ContextHandler (ContextHandler.java:doStop(1153)) - Stopped o.e.j.s.ServletContextHandler@498ea5f3{logs,/logs,file:///home/runner/work/ozone/ozone/hadoop-ozone/integration-test/target/log,STOPPED}
2022-10-13 20:19:55,777 [ForkJoinPool.commonPool-worker-0] INFO  ozoneimpl.OzoneContainer (OzoneContainer.java:stop(400)) - Attempting to stop container services.
2022-10-13 20:19:55,778 [ForkJoinPool.commonPool-worker-0] INFO  server.RaftServer (RaftServerProxy.java:lambda$close$7(398)) - 4204fecc-e3eb-437d-ab57-73516eed136b: close
2022-10-13 20:19:55,778 [ForkJoinPool.commonPool-worker-0] INFO  server.RaftServer$Division (RaftServerImpl.java:lambda$close$4(434)) - 4204fecc-e3eb-437d-ab57-73516eed136b@group-CA5994DE78B6: shutdown
2022-10-13 20:19:55,778 [ForkJoinPool.commonPool-worker-0] INFO  util.JmxRegister (JmxRegister.java:unregister(73)) - Successfully un-registered JMX Bean with object name Ratis:service=RaftServer,group=group-CA5994DE78B6,id=4204fecc-e3eb-437d-ab57-73516eed136b
2022-10-13 20:19:55,778 [ForkJoinPool.commonPool-worker-0] INFO  impl.RoleInfo (RoleInfo.java:shutdownFollowerState(110)) - 4204fecc-e3eb-437d-ab57-73516eed136b: shutdown 4204fecc-e3eb-437d-ab57-73516eed136b@group-CA5994DE78B6-FollowerState
2022-10-13 20:19:55,778 [ForkJoinPool.commonPool-worker-0] INFO  impl.StateMachineUpdater (StateMachineUpdater.java:stopAndJoin(153)) - 4204fecc-e3eb-437d-ab57-73516eed136b@group-CA5994DE78B6-StateMachineUpdater: set stopIndex = 0
2022-10-13 20:19:55,778 [4204fecc-e3eb-437d-ab57-73516eed136b@group-CA5994DE78B6-FollowerState] INFO  impl.FollowerState (FollowerState.java:run(152)) - 4204fecc-e3eb-437d-ab57-73516eed136b@group-CA5994DE78B6-FollowerState was interrupted
2022-10-13 20:19:55,779 [4204fecc-e3eb-437d-ab57-73516eed136b@group-CA5994DE78B6-StateMachineUpdater] INFO  ratis.ContainerStateMachine (ContainerStateMachine.java:takeSnapshot(304)) - group-CA5994DE78B6: Taking a snapshot at:(t:2, i:0) file /home/runner/work/ozone/ozone/hadoop-ozone/integration-test/target/test-dir/MiniOzoneClusterImpl-0c33195c-4715-4e74-9207-018c6aa32671/datanode-2/data/ratis/d793b308-2941-4e47-a1c9-ca5994de78b6/sm/snapshot.2_0
2022-10-13 20:19:55,780 [EndpointStateMachine task thread for /127.0.0.1:46545 - 0 ] INFO  ipc.Client (Client.java:handleConnectionFailure(1010)) - Retrying connect to server: localhost/127.0.0.1:46545. Already tried 5 time(s); retry policy is RetryUpToMaximumCountWithFixedSleep(maxRetries=15, sleepTime=1000 MILLISECONDS)
2022-10-13 20:19:55,781 [4204fecc-e3eb-437d-ab57-73516eed136b@group-CA5994DE78B6-StateMachineUpdater] INFO  ratis.ContainerStateMachine (ContainerStateMachine.java:takeSnapshot(315)) - group-CA5994DE78B6: Finished taking a snapshot at:(t:2, i:0) file:/home/runner/work/ozone/ozone/hadoop-ozone/integration-test/target/test-dir/MiniOzoneClusterImpl-0c33195c-4715-4e74-9207-018c6aa32671/datanode-2/data/ratis/d793b308-2941-4e47-a1c9-ca5994de78b6/sm/snapshot.2_0 took: 2 ms
2022-10-13 20:19:55,781 [4204fecc-e3eb-437d-ab57-73516eed136b@group-CA5994DE78B6-StateMachineUpdater] INFO  impl.StateMachineUpdater (StateMachineUpdater.java:takeSnapshot(287)) - 4204fecc-e3eb-437d-ab57-73516eed136b@group-CA5994DE78B6-StateMachineUpdater: Took a snapshot at index 0
2022-10-13 20:19:55,781 [4204fecc-e3eb-437d-ab57-73516eed136b@group-CA5994DE78B6-StateMachineUpdater] INFO  impl.StateMachineUpdater (StateMachineUpdater.java:lambda$new$0(92)) - 4204fecc-e3eb-437d-ab57-73516eed136b@group-CA5994DE78B6-StateMachineUpdater: snapshotIndex: updateIncreasingly -1 -> 0
2022-10-13 20:19:55,781 [ForkJoinPool.commonPool-worker-0] INFO  server.RaftServer$Division (ServerState.java:close(429)) - 4204fecc-e3eb-437d-ab57-73516eed136b@group-CA5994DE78B6: closes. applyIndex: 0
2022-10-13 20:19:55,782 [4204fecc-e3eb-437d-ab57-73516eed136b@group-CA5994DE78B6-SegmentedRaftLogWorker] INFO  segmented.SegmentedRaftLogWorker (SegmentedRaftLogWorker.java:run(336)) - 4204fecc-e3eb-437d-ab57-73516eed136b@group-CA5994DE78B6-SegmentedRaftLogWorker was interrupted, exiting. There are 0 tasks remaining in the queue.
2022-10-13 20:19:55,783 [ForkJoinPool.commonPool-worker-0] INFO  segmented.SegmentedRaftLogWorker (SegmentedRaftLogWorker.java:close(246)) - 4204fecc-e3eb-437d-ab57-73516eed136b@group-CA5994DE78B6-SegmentedRaftLogWorker close()
2022-10-13 20:19:55,785 [ForkJoinPool.commonPool-worker-0] INFO  server.RaftServer$Division (RaftServerImpl.java:lambda$close$4(434)) - 4204fecc-e3eb-437d-ab57-73516eed136b@group-EB8C396807BF: shutdown
2022-10-13 20:19:55,785 [ForkJoinPool.commonPool-worker-0] INFO  util.JmxRegister (JmxRegister.java:unregister(73)) - Successfully un-registered JMX Bean with object name Ratis:service=RaftServer,group=group-EB8C396807BF,id=4204fecc-e3eb-437d-ab57-73516eed136b
2022-10-13 20:19:55,785 [ForkJoinPool.commonPool-worker-0] INFO  impl.RoleInfo (RoleInfo.java:shutdownLeaderState(93)) - 4204fecc-e3eb-437d-ab57-73516eed136b: shutdown 4204fecc-e3eb-437d-ab57-73516eed136b@group-EB8C396807BF-LeaderStateImpl
2022-10-13 20:19:55,785 [ForkJoinPool.commonPool-worker-0] INFO  impl.PendingRequests (PendingRequests.java:sendNotLeaderResponses(282)) - 4204fecc-e3eb-437d-ab57-73516eed136b@group-EB8C396807BF-PendingRequests: sendNotLeaderResponses
2022-10-13 20:19:55,786 [ForkJoinPool.commonPool-worker-0] INFO  impl.StateMachineUpdater (StateMachineUpdater.java:stopAndJoin(153)) - 4204fecc-e3eb-437d-ab57-73516eed136b@group-EB8C396807BF-StateMachineUpdater: set stopIndex = 0
2022-10-13 20:19:55,786 [4204fecc-e3eb-437d-ab57-73516eed136b@group-EB8C396807BF-StateMachineUpdater] INFO  ratis.ContainerStateMachine (ContainerStateMachine.java:takeSnapshot(304)) - group-EB8C396807BF: Taking a snapshot at:(t:1, i:0) file /home/runner/work/ozone/ozone/hadoop-ozone/integration-test/target/test-dir/MiniOzoneClusterImpl-0c33195c-4715-4e74-9207-018c6aa32671/datanode-2/data/ratis/cf99af9f-7f22-4373-8c0a-eb8c396807bf/sm/snapshot.1_0
2022-10-13 20:19:55,787 [4204fecc-e3eb-437d-ab57-73516eed136b@group-EB8C396807BF-StateMachineUpdater] INFO  ratis.ContainerStateMachine (ContainerStateMachine.java:takeSnapshot(315)) - group-EB8C396807BF: Finished taking a snapshot at:(t:1, i:0) file:/home/runner/work/ozone/ozone/hadoop-ozone/integration-test/target/test-dir/MiniOzoneClusterImpl-0c33195c-4715-4e74-9207-018c6aa32671/datanode-2/data/ratis/cf99af9f-7f22-4373-8c0a-eb8c396807bf/sm/snapshot.1_0 took: 1 ms
2022-10-13 20:19:55,787 [4204fecc-e3eb-437d-ab57-73516eed136b@group-EB8C396807BF-StateMachineUpdater] INFO  impl.StateMachineUpdater (StateMachineUpdater.java:takeSnapshot(287)) - 4204fecc-e3eb-437d-ab57-73516eed136b@group-EB8C396807BF-StateMachineUpdater: Took a snapshot at index 0
2022-10-13 20:19:55,787 [4204fecc-e3eb-437d-ab57-73516eed136b@group-EB8C396807BF-StateMachineUpdater] INFO  impl.StateMachineUpdater (StateMachineUpdater.java:lambda$new$0(92)) - 4204fecc-e3eb-437d-ab57-73516eed136b@group-EB8C396807BF-StateMachineUpdater: snapshotIndex: updateIncreasingly -1 -> 0
2022-10-13 20:19:55,787 [ForkJoinPool.commonPool-worker-0] INFO  server.RaftServer$Division (ServerState.java:close(429)) - 4204fecc-e3eb-437d-ab57-73516eed136b@group-EB8C396807BF: closes. applyIndex: 0
2022-10-13 20:19:55,788 [4204fecc-e3eb-437d-ab57-73516eed136b@group-EB8C396807BF-SegmentedRaftLogWorker] INFO  segmented.SegmentedRaftLogWorker (SegmentedRaftLogWorker.java:run(336)) - 4204fecc-e3eb-437d-ab57-73516eed136b@group-EB8C396807BF-SegmentedRaftLogWorker was interrupted, exiting. There are 0 tasks remaining in the queue.
2022-10-13 20:19:55,788 [ForkJoinPool.commonPool-worker-0] INFO  segmented.SegmentedRaftLogWorker (SegmentedRaftLogWorker.java:close(246)) - 4204fecc-e3eb-437d-ab57-73516eed136b@group-EB8C396807BF-SegmentedRaftLogWorker close()
2022-10-13 20:19:55,788 [ForkJoinPool.commonPool-worker-0] INFO  server.RaftServer$Division (RaftServerImpl.java:lambda$close$4(434)) - 4204fecc-e3eb-437d-ab57-73516eed136b@group-355AF9D2C133: shutdown
2022-10-13 20:19:55,788 [ForkJoinPool.commonPool-worker-0] INFO  util.JmxRegister (JmxRegister.java:unregister(73)) - Successfully un-registered JMX Bean with object name Ratis:service=RaftServer,group=group-355AF9D2C133,id=4204fecc-e3eb-437d-ab57-73516eed136b
2022-10-13 20:19:55,788 [ForkJoinPool.commonPool-worker-0] INFO  impl.RoleInfo (RoleInfo.java:shutdownFollowerState(110)) - 4204fecc-e3eb-437d-ab57-73516eed136b: shutdown 4204fecc-e3eb-437d-ab57-73516eed136b@group-355AF9D2C133-FollowerState
2022-10-13 20:19:55,789 [4204fecc-e3eb-437d-ab57-73516eed136b@group-355AF9D2C133-FollowerState] INFO  impl.FollowerState (FollowerState.java:run(152)) - 4204fecc-e3eb-437d-ab57-73516eed136b@group-355AF9D2C133-FollowerState was interrupted
2022-10-13 20:19:55,789 [4204fecc-e3eb-437d-ab57-73516eed136b@group-355AF9D2C133-StateMachineUpdater] INFO  ratis.ContainerStateMachine (ContainerStateMachine.java:takeSnapshot(304)) - group-355AF9D2C133: Taking a snapshot at:(t:1, i:0) file /home/runner/work/ozone/ozone/hadoop-ozone/integration-test/target/test-dir/MiniOzoneClusterImpl-0c33195c-4715-4e74-9207-018c6aa32671/datanode-2/data/ratis/fd382d7b-fa24-4e8b-b8b9-355af9d2c133/sm/snapshot.1_0
2022-10-13 20:19:55,789 [ForkJoinPool.commonPool-worker-0] INFO  impl.StateMachineUpdater (StateMachineUpdater.java:stopAndJoin(153)) - 4204fecc-e3eb-437d-ab57-73516eed136b@group-355AF9D2C133-StateMachineUpdater: set stopIndex = 0
2022-10-13 20:19:55,790 [4204fecc-e3eb-437d-ab57-73516eed136b@group-355AF9D2C133-StateMachineUpdater] INFO  ratis.ContainerStateMachine (ContainerStateMachine.java:takeSnapshot(315)) - group-355AF9D2C133: Finished taking a snapshot at:(t:1, i:0) file:/home/runner/work/ozone/ozone/hadoop-ozone/integration-test/target/test-dir/MiniOzoneClusterImpl-0c33195c-4715-4e74-9207-018c6aa32671/datanode-2/data/ratis/fd382d7b-fa24-4e8b-b8b9-355af9d2c133/sm/snapshot.1_0 took: 1 ms
2022-10-13 20:19:55,790 [4204fecc-e3eb-437d-ab57-73516eed136b@group-355AF9D2C133-StateMachineUpdater] INFO  impl.StateMachineUpdater (StateMachineUpdater.java:takeSnapshot(287)) - 4204fecc-e3eb-437d-ab57-73516eed136b@group-355AF9D2C133-StateMachineUpdater: Took a snapshot at index 0
2022-10-13 20:19:55,790 [4204fecc-e3eb-437d-ab57-73516eed136b@group-355AF9D2C133-StateMachineUpdater] INFO  impl.StateMachineUpdater (StateMachineUpdater.java:lambda$new$0(92)) - 4204fecc-e3eb-437d-ab57-73516eed136b@group-355AF9D2C133-StateMachineUpdater: snapshotIndex: updateIncreasingly -1 -> 0
2022-10-13 20:19:55,790 [ForkJoinPool.commonPool-worker-0] INFO  server.RaftServer$Division (ServerState.java:close(429)) - 4204fecc-e3eb-437d-ab57-73516eed136b@group-355AF9D2C133: closes. applyIndex: 0
2022-10-13 20:19:55,790 [4204fecc-e3eb-437d-ab57-73516eed136b@group-355AF9D2C133-SegmentedRaftLogWorker] INFO  segmented.SegmentedRaftLogWorker (SegmentedRaftLogWorker.java:run(336)) - 4204fecc-e3eb-437d-ab57-73516eed136b@group-355AF9D2C133-SegmentedRaftLogWorker was interrupted, exiting. There are 0 tasks remaining in the queue.
2022-10-13 20:19:55,791 [ForkJoinPool.commonPool-worker-0] INFO  segmented.SegmentedRaftLogWorker (SegmentedRaftLogWorker.java:close(246)) - 4204fecc-e3eb-437d-ab57-73516eed136b@group-355AF9D2C133-SegmentedRaftLogWorker close()
2022-10-13 20:19:55,791 [ForkJoinPool.commonPool-worker-0] INFO  server.GrpcService (GrpcService.java:closeImpl(269)) - 4204fecc-e3eb-437d-ab57-73516eed136b: shutdown server with port 37675 now
2022-10-13 20:19:55,792 [ForkJoinPool.commonPool-worker-0] INFO  server.GrpcService (GrpcService.java:closeImpl(278)) - 4204fecc-e3eb-437d-ab57-73516eed136b: shutdown server with port 37675 successfully
2022-10-13 20:19:55,801 [org.apache.ratis.util.JvmPauseMonitor$$Lambda$519/1431033796@71e19267] INFO  util.JvmPauseMonitor (JvmPauseMonitor.java:run(109)) - JvmPauseMonitor-4204fecc-e3eb-437d-ab57-73516eed136b: Stopped
2022-10-13 20:19:56,201 [EndpointStateMachine task thread for /127.0.0.1:44779 - 0 ] INFO  ipc.Client (Client.java:handleConnectionFailure(1010)) - Retrying connect to server: localhost/127.0.0.1:44779. Already tried 5 time(s); retry policy is RetryUpToMaximumCountWithFixedSleep(maxRetries=15, sleepTime=1000 MILLISECONDS)
2022-10-13 20:19:56,201 [EndpointStateMachine task thread for /127.0.0.1:33963 - 0 ] INFO  ipc.Client (Client.java:handleConnectionFailure(1010)) - Retrying connect to server: localhost/127.0.0.1:33963. Already tried 5 time(s); retry policy is RetryUpToMaximumCountWithFixedSleep(maxRetries=15, sleepTime=1000 MILLISECONDS)
2022-10-13 20:19:56,781 [EndpointStateMachine task thread for /127.0.0.1:46545 - 0 ] INFO  ipc.Client (Client.java:handleConnectionFailure(1010)) - Retrying connect to server: localhost/127.0.0.1:46545. Already tried 6 time(s); retry policy is RetryUpToMaximumCountWithFixedSleep(maxRetries=15, sleepTime=1000 MILLISECONDS)
2022-10-13 20:19:57,202 [EndpointStateMachine task thread for /127.0.0.1:44779 - 0 ] INFO  ipc.Client (Client.java:handleConnectionFailure(1010)) - Retrying connect to server: localhost/127.0.0.1:44779. Already tried 6 time(s); retry policy is RetryUpToMaximumCountWithFixedSleep(maxRetries=15, sleepTime=1000 MILLISECONDS)
2022-10-13 20:19:57,203 [EndpointStateMachine task thread for /127.0.0.1:33963 - 0 ] INFO  ipc.Client (Client.java:handleConnectionFailure(1010)) - Retrying connect to server: localhost/127.0.0.1:33963. Already tried 6 time(s); retry policy is RetryUpToMaximumCountWithFixedSleep(maxRetries=15, sleepTime=1000 MILLISECONDS)
2022-10-13 20:19:57,782 [EndpointStateMachine task thread for /127.0.0.1:46545 - 0 ] INFO  ipc.Client (Client.java:handleConnectionFailure(1010)) - Retrying connect to server: localhost/127.0.0.1:46545. Already tried 7 time(s); retry policy is RetryUpToMaximumCountWithFixedSleep(maxRetries=15, sleepTime=1000 MILLISECONDS)
2022-10-13 20:19:57,807 [ForkJoinPool.commonPool-worker-0] INFO  utils.BackgroundService (BackgroundService.java:shutdown(141)) - Shutting down service BlockDeletingService
2022-10-13 20:19:57,808 [ForkJoinPool.commonPool-worker-0] INFO  utils.BackgroundService (BackgroundService.java:shutdown(141)) - Shutting down service StaleRecoveringContainerScrubbingService
2022-10-13 20:19:57,809 [ForkJoinPool.commonPool-worker-0] INFO  statemachine.DatanodeStateMachine (DatanodeStateMachine.java:stopDaemon(580)) - Ozone container server stopped.
2022-10-13 20:19:57,819 [ForkJoinPool.commonPool-worker-0] INFO  handler.ContextHandler (ContextHandler.java:doStop(1153)) - Stopped o.e.j.w.WebAppContext@19dee8db{hddsDatanode,/,null,STOPPED}{jar:file:/home/runner/.m2/repository/org/apache/ozone/hdds-container-service/1.3.0-SNAPSHOT/hdds-container-service-1.3.0-SNAPSHOT.jar!/webapps/hddsDatanode}
2022-10-13 20:19:57,820 [ForkJoinPool.commonPool-worker-0] INFO  server.AbstractConnector (AbstractConnector.java:doStop(381)) - Stopped ServerConnector@4bf7a21e{HTTP/1.1, (http/1.1)}{0.0.0.0:0}
2022-10-13 20:19:57,820 [ForkJoinPool.commonPool-worker-0] INFO  server.session (HouseKeeper.java:stopScavenging(149)) - node0 Stopped scavenging
2022-10-13 20:19:57,820 [ForkJoinPool.commonPool-worker-0] INFO  handler.ContextHandler (ContextHandler.java:doStop(1153)) - Stopped o.e.j.s.ServletContextHandler@42ab6eea{static,/static,jar:file:/home/runner/.m2/repository/org/apache/ozone/hdds-container-service/1.3.0-SNAPSHOT/hdds-container-service-1.3.0-SNAPSHOT.jar!/webapps/static,STOPPED}
2022-10-13 20:19:57,822 [ForkJoinPool.commonPool-worker-0] INFO  handler.ContextHandler (ContextHandler.java:doStop(1153)) - Stopped o.e.j.s.ServletContextHandler@399c9f3f{logs,/logs,file:///home/runner/work/ozone/ozone/hadoop-ozone/integration-test/target/log,STOPPED}
2022-10-13 20:19:58,203 [EndpointStateMachine task thread for /127.0.0.1:44779 - 0 ] INFO  ipc.Client (Client.java:handleConnectionFailure(1010)) - Retrying connect to server: localhost/127.0.0.1:44779. Already tried 7 time(s); retry policy is RetryUpToMaximumCountWithFixedSleep(maxRetries=15, sleepTime=1000 MILLISECONDS)
2022-10-13 20:19:58,203 [EndpointStateMachine task thread for /127.0.0.1:33963 - 0 ] INFO  ipc.Client (Client.java:handleConnectionFailure(1010)) - Retrying connect to server: localhost/127.0.0.1:33963. Already tried 7 time(s); retry policy is RetryUpToMaximumCountWithFixedSleep(maxRetries=15, sleepTime=1000 MILLISECONDS)
2022-10-13 20:19:58,782 [EndpointStateMachine task thread for /127.0.0.1:46545 - 0 ] INFO  ipc.Client (Client.java:handleConnectionFailure(1010)) - Retrying connect to server: localhost/127.0.0.1:46545. Already tried 8 time(s); retry policy is RetryUpToMaximumCountWithFixedSleep(maxRetries=15, sleepTime=1000 MILLISECONDS)
2022-10-13 20:19:59,204 [EndpointStateMachine task thread for /127.0.0.1:33963 - 0 ] INFO  ipc.Client (Client.java:handleConnectionFailure(1010)) - Retrying connect to server: localhost/127.0.0.1:33963. Already tried 8 time(s); retry policy is RetryUpToMaximumCountWithFixedSleep(maxRetries=15, sleepTime=1000 MILLISECONDS)
2022-10-13 20:19:59,204 [EndpointStateMachine task thread for /127.0.0.1:44779 - 0 ] INFO  ipc.Client (Client.java:handleConnectionFailure(1010)) - Retrying connect to server: localhost/127.0.0.1:44779. Already tried 8 time(s); retry policy is RetryUpToMaximumCountWithFixedSleep(maxRetries=15, sleepTime=1000 MILLISECONDS)
2022-10-13 20:19:59,783 [EndpointStateMachine task thread for /127.0.0.1:46545 - 0 ] INFO  ipc.Client (Client.java:handleConnectionFailure(1010)) - Retrying connect to server: localhost/127.0.0.1:46545. Already tried 9 time(s); retry policy is RetryUpToMaximumCountWithFixedSleep(maxRetries=15, sleepTime=1000 MILLISECONDS)
2022-10-13 20:20:00,205 [EndpointStateMachine task thread for /127.0.0.1:33963 - 0 ] INFO  ipc.Client (Client.java:handleConnectionFailure(1010)) - Retrying connect to server: localhost/127.0.0.1:33963. Already tried 9 time(s); retry policy is RetryUpToMaximumCountWithFixedSleep(maxRetries=15, sleepTime=1000 MILLISECONDS)
2022-10-13 20:20:00,206 [EndpointStateMachine task thread for /127.0.0.1:44779 - 0 ] INFO  ipc.Client (Client.java:handleConnectionFailure(1010)) - Retrying connect to server: localhost/127.0.0.1:44779. Already tried 9 time(s); retry policy is RetryUpToMaximumCountWithFixedSleep(maxRetries=15, sleepTime=1000 MILLISECONDS)
2022-10-13 20:20:00,784 [EndpointStateMachine task thread for /127.0.0.1:46545 - 0 ] INFO  ipc.Client (Client.java:handleConnectionFailure(1010)) - Retrying connect to server: localhost/127.0.0.1:46545. Already tried 10 time(s); retry policy is RetryUpToMaximumCountWithFixedSleep(maxRetries=15, sleepTime=1000 MILLISECONDS)
2022-10-13 20:20:01,206 [EndpointStateMachine task thread for /127.0.0.1:33963 - 0 ] INFO  ipc.Client (Client.java:handleConnectionFailure(1010)) - Retrying connect to server: localhost/127.0.0.1:33963. Already tried 10 time(s); retry policy is RetryUpToMaximumCountWithFixedSleep(maxRetries=15, sleepTime=1000 MILLISECONDS)
2022-10-13 20:20:01,207 [EndpointStateMachine task thread for /127.0.0.1:44779 - 0 ] INFO  ipc.Client (Client.java:handleConnectionFailure(1010)) - Retrying connect to server: localhost/127.0.0.1:44779. Already tried 10 time(s); retry policy is RetryUpToMaximumCountWithFixedSleep(maxRetries=15, sleepTime=1000 MILLISECONDS)
2022-10-13 20:20:01,785 [EndpointStateMachine task thread for /127.0.0.1:46545 - 0 ] INFO  ipc.Client (Client.java:handleConnectionFailure(1010)) - Retrying connect to server: localhost/127.0.0.1:46545. Already tried 11 time(s); retry policy is RetryUpToMaximumCountWithFixedSleep(maxRetries=15, sleepTime=1000 MILLISECONDS)
2022-10-13 20:20:02,207 [EndpointStateMachine task thread for /127.0.0.1:33963 - 0 ] INFO  ipc.Client (Client.java:handleConnectionFailure(1010)) - Retrying connect to server: localhost/127.0.0.1:33963. Already tried 11 time(s); retry policy is RetryUpToMaximumCountWithFixedSleep(maxRetries=15, sleepTime=1000 MILLISECONDS)
2022-10-13 20:20:02,207 [EndpointStateMachine task thread for /127.0.0.1:44779 - 0 ] INFO  ipc.Client (Client.java:handleConnectionFailure(1010)) - Retrying connect to server: localhost/127.0.0.1:44779. Already tried 11 time(s); retry policy is RetryUpToMaximumCountWithFixedSleep(maxRetries=15, sleepTime=1000 MILLISECONDS)
2022-10-13 20:20:02,786 [EndpointStateMachine task thread for /127.0.0.1:46545 - 0 ] INFO  ipc.Client (Client.java:handleConnectionFailure(1010)) - Retrying connect to server: localhost/127.0.0.1:46545. Already tried 12 time(s); retry policy is RetryUpToMaximumCountWithFixedSleep(maxRetries=15, sleepTime=1000 MILLISECONDS)
2022-10-13 20:20:03,208 [EndpointStateMachine task thread for /127.0.0.1:33963 - 0 ] INFO  ipc.Client (Client.java:handleConnectionFailure(1010)) - Retrying connect to server: localhost/127.0.0.1:33963. Already tried 12 time(s); retry policy is RetryUpToMaximumCountWithFixedSleep(maxRetries=15, sleepTime=1000 MILLISECONDS)
2022-10-13 20:20:03,208 [EndpointStateMachine task thread for /127.0.0.1:44779 - 0 ] INFO  ipc.Client (Client.java:handleConnectionFailure(1010)) - Retrying connect to server: localhost/127.0.0.1:44779. Already tried 12 time(s); retry policy is RetryUpToMaximumCountWithFixedSleep(maxRetries=15, sleepTime=1000 MILLISECONDS)
2022-10-13 20:20:03,786 [EndpointStateMachine task thread for /127.0.0.1:46545 - 0 ] INFO  ipc.Client (Client.java:handleConnectionFailure(1010)) - Retrying connect to server: localhost/127.0.0.1:46545. Already tried 13 time(s); retry policy is RetryUpToMaximumCountWithFixedSleep(maxRetries=15, sleepTime=1000 MILLISECONDS)
2022-10-13 20:20:04,209 [EndpointStateMachine task thread for /127.0.0.1:33963 - 0 ] INFO  ipc.Client (Client.java:handleConnectionFailure(1010)) - Retrying connect to server: localhost/127.0.0.1:33963. Already tried 13 time(s); retry policy is RetryUpToMaximumCountWithFixedSleep(maxRetries=15, sleepTime=1000 MILLISECONDS)
2022-10-13 20:20:04,209 [EndpointStateMachine task thread for /127.0.0.1:44779 - 0 ] INFO  ipc.Client (Client.java:handleConnectionFailure(1010)) - Retrying connect to server: localhost/127.0.0.1:44779. Already tried 13 time(s); retry policy is RetryUpToMaximumCountWithFixedSleep(maxRetries=15, sleepTime=1000 MILLISECONDS)
2022-10-13 20:20:04,787 [EndpointStateMachine task thread for /127.0.0.1:46545 - 0 ] INFO  ipc.Client (Client.java:handleConnectionFailure(1010)) - Retrying connect to server: localhost/127.0.0.1:46545. Already tried 14 time(s); retry policy is RetryUpToMaximumCountWithFixedSleep(maxRetries=15, sleepTime=1000 MILLISECONDS)
2022-10-13 20:20:04,788 [EndpointStateMachine task thread for /127.0.0.1:46545 - 0 ] WARN  statemachine.EndpointStateMachine (EndpointStateMachine.java:logIfNeeded(242)) - Unable to communicate to SCM server at localhost:46545 for past 0 seconds.
java.net.ConnectException: Call From fv-az186-171/10.1.2.27 to localhost:46545 failed on connection exception: java.net.ConnectException: Connection refused; For more details see:  http://wiki.apache.org/hadoop/ConnectionRefused
	at sun.reflect.NativeConstructorAccessorImpl.newInstance0(Native Method)
	at sun.reflect.NativeConstructorAccessorImpl.newInstance(NativeConstructorAccessorImpl.java:62)
	at sun.reflect.DelegatingConstructorAccessorImpl.newInstance(DelegatingConstructorAccessorImpl.java:45)
	at java.lang.reflect.Constructor.newInstance(Constructor.java:423)
	at org.apache.hadoop.net.NetUtils.wrapWithMessage(NetUtils.java:913)
	at org.apache.hadoop.net.NetUtils.wrapException(NetUtils.java:828)
	at org.apache.hadoop.ipc.Client.getRpcResponse(Client.java:1616)
	at org.apache.hadoop.ipc.Client.call(Client.java:1558)
	at org.apache.hadoop.ipc.Client.call(Client.java:1455)
	at org.apache.hadoop.ipc.ProtobufRpcEngine$Invoker.invoke(ProtobufRpcEngine.java:235)
	at org.apache.hadoop.ipc.ProtobufRpcEngine$Invoker.invoke(ProtobufRpcEngine.java:122)
	at com.sun.proxy.$Proxy51.submitRequest(Unknown Source)
	at org.apache.hadoop.ozone.protocolPB.StorageContainerDatanodeProtocolClientSideTranslatorPB.submitRequest(StorageContainerDatanodeProtocolClientSideTranslatorPB.java:117)
	at org.apache.hadoop.ozone.protocolPB.StorageContainerDatanodeProtocolClientSideTranslatorPB.sendHeartbeat(StorageContainerDatanodeProtocolClientSideTranslatorPB.java:149)
	at org.apache.hadoop.ozone.container.common.states.endpoint.HeartbeatEndpointTask.call(HeartbeatEndpointTask.java:185)
	at org.apache.hadoop.ozone.container.common.states.endpoint.HeartbeatEndpointTask.call(HeartbeatEndpointTask.java:87)
	at java.util.concurrent.FutureTask.run(FutureTask.java:266)
	at java.util.concurrent.ThreadPoolExecutor.runWorker(ThreadPoolExecutor.java:1149)
	at java.util.concurrent.ThreadPoolExecutor$Worker.run(ThreadPoolExecutor.java:624)
	at java.lang.Thread.run(Thread.java:750)
Caused by: java.net.ConnectException: Connection refused
	at sun.nio.ch.SocketChannelImpl.checkConnect(Native Method)
	at sun.nio.ch.SocketChannelImpl.finishConnect(SocketChannelImpl.java:716)
	at org.apache.hadoop.net.SocketIOWithTimeout.connect(SocketIOWithTimeout.java:205)
	at org.apache.hadoop.net.NetUtils.connect(NetUtils.java:586)
	at org.apache.hadoop.ipc.Client$Connection.setupConnection(Client.java:711)
	at org.apache.hadoop.ipc.Client$Connection.setupIOstreams(Client.java:833)
	at org.apache.hadoop.ipc.Client$Connection.access$3800(Client.java:414)
	at org.apache.hadoop.ipc.Client.getConnection(Client.java:1677)
	at org.apache.hadoop.ipc.Client.call(Client.java:1502)
	... 12 more
2022-10-13 20:20:05,209 [EndpointStateMachine task thread for /127.0.0.1:33963 - 0 ] INFO  ipc.Client (Client.java:handleConnectionFailure(1010)) - Retrying connect to server: localhost/127.0.0.1:33963. Already tried 14 time(s); retry policy is RetryUpToMaximumCountWithFixedSleep(maxRetries=15, sleepTime=1000 MILLISECONDS)
2022-10-13 20:20:05,209 [EndpointStateMachine task thread for /127.0.0.1:44779 - 0 ] INFO  ipc.Client (Client.java:handleConnectionFailure(1010)) - Retrying connect to server: localhost/127.0.0.1:44779. Already tried 14 time(s); retry policy is RetryUpToMaximumCountWithFixedSleep(maxRetries=15, sleepTime=1000 MILLISECONDS)
2022-10-13 20:20:05,211 [EndpointStateMachine task thread for /127.0.0.1:44779 - 0 ] WARN  statemachine.EndpointStateMachine (EndpointStateMachine.java:logIfNeeded(242)) - Unable to communicate to SCM server at localhost:44779 for past 0 seconds.
java.net.ConnectException: Call From fv-az186-171/10.1.2.27 to localhost:44779 failed on connection exception: java.net.ConnectException: Connection refused; For more details see:  http://wiki.apache.org/hadoop/ConnectionRefused
	at sun.reflect.NativeConstructorAccessorImpl.newInstance0(Native Method)
	at sun.reflect.NativeConstructorAccessorImpl.newInstance(NativeConstructorAccessorImpl.java:62)
	at sun.reflect.DelegatingConstructorAccessorImpl.newInstance(DelegatingConstructorAccessorImpl.java:45)
	at java.lang.reflect.Constructor.newInstance(Constructor.java:423)
	at org.apache.hadoop.net.NetUtils.wrapWithMessage(NetUtils.java:913)
	at org.apache.hadoop.net.NetUtils.wrapException(NetUtils.java:828)
	at org.apache.hadoop.ipc.Client.getRpcResponse(Client.java:1616)
	at org.apache.hadoop.ipc.Client.call(Client.java:1558)
	at org.apache.hadoop.ipc.Client.call(Client.java:1455)
	at org.apache.hadoop.ipc.ProtobufRpcEngine$Invoker.invoke(ProtobufRpcEngine.java:235)
	at org.apache.hadoop.ipc.ProtobufRpcEngine$Invoker.invoke(ProtobufRpcEngine.java:122)
	at com.sun.proxy.$Proxy51.submitRequest(Unknown Source)
	at org.apache.hadoop.ozone.protocolPB.StorageContainerDatanodeProtocolClientSideTranslatorPB.submitRequest(StorageContainerDatanodeProtocolClientSideTranslatorPB.java:117)
	at org.apache.hadoop.ozone.protocolPB.StorageContainerDatanodeProtocolClientSideTranslatorPB.sendHeartbeat(StorageContainerDatanodeProtocolClientSideTranslatorPB.java:149)
	at org.apache.hadoop.ozone.container.common.states.endpoint.HeartbeatEndpointTask.call(HeartbeatEndpointTask.java:185)
	at org.apache.hadoop.ozone.container.common.states.endpoint.HeartbeatEndpointTask.call(HeartbeatEndpointTask.java:87)
	at java.util.concurrent.FutureTask.run(FutureTask.java:266)
	at java.util.concurrent.ThreadPoolExecutor.runWorker(ThreadPoolExecutor.java:1149)
	at java.util.concurrent.ThreadPoolExecutor$Worker.run(ThreadPoolExecutor.java:624)
	at java.lang.Thread.run(Thread.java:750)
Caused by: java.net.ConnectException: Connection refused
	at sun.nio.ch.SocketChannelImpl.checkConnect(Native Method)
	at sun.nio.ch.SocketChannelImpl.finishConnect(SocketChannelImpl.java:716)
	at org.apache.hadoop.net.SocketIOWithTimeout.connect(SocketIOWithTimeout.java:205)
	at org.apache.hadoop.net.NetUtils.connect(NetUtils.java:586)
	at org.apache.hadoop.ipc.Client$Connection.setupConnection(Client.java:711)
	at org.apache.hadoop.ipc.Client$Connection.setupIOstreams(Client.java:833)
	at org.apache.hadoop.ipc.Client$Connection.access$3800(Client.java:414)
	at org.apache.hadoop.ipc.Client.getConnection(Client.java:1677)
	at org.apache.hadoop.ipc.Client.call(Client.java:1502)
	... 12 more
2022-10-13 20:20:05,211 [EndpointStateMachine task thread for /127.0.0.1:33963 - 0 ] WARN  statemachine.EndpointStateMachine (EndpointStateMachine.java:logIfNeeded(242)) - Unable to communicate to SCM server at localhost:33963 for past 0 seconds.
java.net.ConnectException: Call From fv-az186-171/10.1.2.27 to localhost:33963 failed on connection exception: java.net.ConnectException: Connection refused; For more details see:  http://wiki.apache.org/hadoop/ConnectionRefused
	at sun.reflect.NativeConstructorAccessorImpl.newInstance0(Native Method)
	at sun.reflect.NativeConstructorAccessorImpl.newInstance(NativeConstructorAccessorImpl.java:62)
	at sun.reflect.DelegatingConstructorAccessorImpl.newInstance(DelegatingConstructorAccessorImpl.java:45)
	at java.lang.reflect.Constructor.newInstance(Constructor.java:423)
	at org.apache.hadoop.net.NetUtils.wrapWithMessage(NetUtils.java:913)
	at org.apache.hadoop.net.NetUtils.wrapException(NetUtils.java:828)
	at org.apache.hadoop.ipc.Client.getRpcResponse(Client.java:1616)
	at org.apache.hadoop.ipc.Client.call(Client.java:1558)
	at org.apache.hadoop.ipc.Client.call(Client.java:1455)
	at org.apache.hadoop.ipc.ProtobufRpcEngine$Invoker.invoke(ProtobufRpcEngine.java:235)
	at org.apache.hadoop.ipc.ProtobufRpcEngine$Invoker.invoke(ProtobufRpcEngine.java:122)
	at com.sun.proxy.$Proxy51.submitRequest(Unknown Source)
	at org.apache.hadoop.ozone.protocolPB.StorageContainerDatanodeProtocolClientSideTranslatorPB.submitRequest(StorageContainerDatanodeProtocolClientSideTranslatorPB.java:117)
	at org.apache.hadoop.ozone.protocolPB.StorageContainerDatanodeProtocolClientSideTranslatorPB.sendHeartbeat(StorageContainerDatanodeProtocolClientSideTranslatorPB.java:149)
	at org.apache.hadoop.ozone.container.common.states.endpoint.HeartbeatEndpointTask.call(HeartbeatEndpointTask.java:185)
	at org.apache.hadoop.ozone.container.common.states.endpoint.HeartbeatEndpointTask.call(HeartbeatEndpointTask.java:87)
	at java.util.concurrent.FutureTask.run(FutureTask.java:266)
	at java.util.concurrent.ThreadPoolExecutor.runWorker(ThreadPoolExecutor.java:1149)
	at java.util.concurrent.ThreadPoolExecutor$Worker.run(ThreadPoolExecutor.java:624)
	at java.lang.Thread.run(Thread.java:750)
Caused by: java.net.ConnectException: Connection refused
	at sun.nio.ch.SocketChannelImpl.checkConnect(Native Method)
	at sun.nio.ch.SocketChannelImpl.finishConnect(SocketChannelImpl.java:716)
	at org.apache.hadoop.net.SocketIOWithTimeout.connect(SocketIOWithTimeout.java:205)
	at org.apache.hadoop.net.NetUtils.connect(NetUtils.java:586)
	at org.apache.hadoop.ipc.Client$Connection.setupConnection(Client.java:711)
	at org.apache.hadoop.ipc.Client$Connection.setupIOstreams(Client.java:833)
	at org.apache.hadoop.ipc.Client$Connection.access$3800(Client.java:414)
	at org.apache.hadoop.ipc.Client.getConnection(Client.java:1677)
	at org.apache.hadoop.ipc.Client.call(Client.java:1502)
	... 12 more
2022-10-13 20:20:05,790 [EndpointStateMachine task thread for /127.0.0.1:46545 - 0 ] INFO  ipc.Client (Client.java:handleConnectionFailure(1010)) - Retrying connect to server: localhost/127.0.0.1:46545. Already tried 0 time(s); retry policy is RetryUpToMaximumCountWithFixedSleep(maxRetries=15, sleepTime=1000 MILLISECONDS)
2022-10-13 20:20:06,211 [EndpointStateMachine task thread for /127.0.0.1:44779 - 0 ] INFO  ipc.Client (Client.java:handleConnectionFailure(1010)) - Retrying connect to server: localhost/127.0.0.1:44779. Already tried 0 time(s); retry policy is RetryUpToMaximumCountWithFixedSleep(maxRetries=15, sleepTime=1000 MILLISECONDS)
2022-10-13 20:20:06,212 [EndpointStateMachine task thread for /127.0.0.1:33963 - 0 ] INFO  ipc.Client (Client.java:handleConnectionFailure(1010)) - Retrying connect to server: localhost/127.0.0.1:33963. Already tried 0 time(s); retry policy is RetryUpToMaximumCountWithFixedSleep(maxRetries=15, sleepTime=1000 MILLISECONDS)
2022-10-13 20:20:06,791 [EndpointStateMachine task thread for /127.0.0.1:46545 - 0 ] INFO  ipc.Client (Client.java:handleConnectionFailure(1010)) - Retrying connect to server: localhost/127.0.0.1:46545. Already tried 1 time(s); retry policy is RetryUpToMaximumCountWithFixedSleep(maxRetries=15, sleepTime=1000 MILLISECONDS)
2022-10-13 20:20:07,212 [EndpointStateMachine task thread for /127.0.0.1:44779 - 0 ] INFO  ipc.Client (Client.java:handleConnectionFailure(1010)) - Retrying connect to server: localhost/127.0.0.1:44779. Already tried 1 time(s); retry policy is RetryUpToMaximumCountWithFixedSleep(maxRetries=15, sleepTime=1000 MILLISECONDS)
2022-10-13 20:20:07,212 [EndpointStateMachine task thread for /127.0.0.1:33963 - 0 ] INFO  ipc.Client (Client.java:handleConnectionFailure(1010)) - Retrying connect to server: localhost/127.0.0.1:33963. Already tried 1 time(s); retry policy is RetryUpToMaximumCountWithFixedSleep(maxRetries=15, sleepTime=1000 MILLISECONDS)
2022-10-13 20:20:07,791 [EndpointStateMachine task thread for /127.0.0.1:46545 - 0 ] INFO  ipc.Client (Client.java:handleConnectionFailure(1010)) - Retrying connect to server: localhost/127.0.0.1:46545. Already tried 2 time(s); retry policy is RetryUpToMaximumCountWithFixedSleep(maxRetries=15, sleepTime=1000 MILLISECONDS)
2022-10-13 20:20:08,213 [EndpointStateMachine task thread for /127.0.0.1:33963 - 0 ] INFO  ipc.Client (Client.java:handleConnectionFailure(1010)) - Retrying connect to server: localhost/127.0.0.1:33963. Already tried 2 time(s); retry policy is RetryUpToMaximumCountWithFixedSleep(maxRetries=15, sleepTime=1000 MILLISECONDS)
2022-10-13 20:20:08,213 [EndpointStateMachine task thread for /127.0.0.1:44779 - 0 ] INFO  ipc.Client (Client.java:handleConnectionFailure(1010)) - Retrying connect to server: localhost/127.0.0.1:44779. Already tried 2 time(s); retry policy is RetryUpToMaximumCountWithFixedSleep(maxRetries=15, sleepTime=1000 MILLISECONDS)
2022-10-13 20:20:08,792 [EndpointStateMachine task thread for /127.0.0.1:46545 - 0 ] INFO  ipc.Client (Client.java:handleConnectionFailure(1010)) - Retrying connect to server: localhost/127.0.0.1:46545. Already tried 3 time(s); retry policy is RetryUpToMaximumCountWithFixedSleep(maxRetries=15, sleepTime=1000 MILLISECONDS)
2022-10-13 20:20:09,214 [EndpointStateMachine task thread for /127.0.0.1:33963 - 0 ] INFO  ipc.Client (Client.java:handleConnectionFailure(1010)) - Retrying connect to server: localhost/127.0.0.1:33963. Already tried 3 time(s); retry policy is RetryUpToMaximumCountWithFixedSleep(maxRetries=15, sleepTime=1000 MILLISECONDS)
2022-10-13 20:20:09,214 [EndpointStateMachine task thread for /127.0.0.1:44779 - 0 ] INFO  ipc.Client (Client.java:handleConnectionFailure(1010)) - Retrying connect to server: localhost/127.0.0.1:44779. Already tried 3 time(s); retry policy is RetryUpToMaximumCountWithFixedSleep(maxRetries=15, sleepTime=1000 MILLISECONDS)
2022-10-13 20:20:09,793 [EndpointStateMachine task thread for /127.0.0.1:46545 - 0 ] INFO  ipc.Client (Client.java:handleConnectionFailure(1010)) - Retrying connect to server: localhost/127.0.0.1:46545. Already tried 4 time(s); retry policy is RetryUpToMaximumCountWithFixedSleep(maxRetries=15, sleepTime=1000 MILLISECONDS)
2022-10-13 20:20:10,215 [EndpointStateMachine task thread for /127.0.0.1:33963 - 0 ] INFO  ipc.Client (Client.java:handleConnectionFailure(1010)) - Retrying connect to server: localhost/127.0.0.1:33963. Already tried 4 time(s); retry policy is RetryUpToMaximumCountWithFixedSleep(maxRetries=15, sleepTime=1000 MILLISECONDS)
2022-10-13 20:20:10,215 [EndpointStateMachine task thread for /127.0.0.1:44779 - 0 ] INFO  ipc.Client (Client.java:handleConnectionFailure(1010)) - Retrying connect to server: localhost/127.0.0.1:44779. Already tried 4 time(s); retry policy is RetryUpToMaximumCountWithFixedSleep(maxRetries=15, sleepTime=1000 MILLISECONDS)
2022-10-13 20:20:10,794 [EndpointStateMachine task thread for /127.0.0.1:46545 - 0 ] INFO  ipc.Client (Client.java:handleConnectionFailure(1010)) - Retrying connect to server: localhost/127.0.0.1:46545. Already tried 5 time(s); retry policy is RetryUpToMaximumCountWithFixedSleep(maxRetries=15, sleepTime=1000 MILLISECONDS)
2022-10-13 20:20:11,216 [EndpointStateMachine task thread for /127.0.0.1:44779 - 0 ] INFO  ipc.Client (Client.java:handleConnectionFailure(1010)) - Retrying connect to server: localhost/127.0.0.1:44779. Already tried 5 time(s); retry policy is RetryUpToMaximumCountWithFixedSleep(maxRetries=15, sleepTime=1000 MILLISECONDS)
2022-10-13 20:20:11,216 [EndpointStateMachine task thread for /127.0.0.1:33963 - 0 ] INFO  ipc.Client (Client.java:handleConnectionFailure(1010)) - Retrying connect to server: localhost/127.0.0.1:33963. Already tried 5 time(s); retry policy is RetryUpToMaximumCountWithFixedSleep(maxRetries=15, sleepTime=1000 MILLISECONDS)
2022-10-13 20:20:11,794 [EndpointStateMachine task thread for /127.0.0.1:46545 - 0 ] INFO  ipc.Client (Client.java:handleConnectionFailure(1010)) - Retrying connect to server: localhost/127.0.0.1:46545. Already tried 6 time(s); retry policy is RetryUpToMaximumCountWithFixedSleep(maxRetries=15, sleepTime=1000 MILLISECONDS)
2022-10-13 20:20:12,217 [EndpointStateMachine task thread for /127.0.0.1:33963 - 0 ] INFO  ipc.Client (Client.java:handleConnectionFailure(1010)) - Retrying connect to server: localhost/127.0.0.1:33963. Already tried 6 time(s); retry policy is RetryUpToMaximumCountWithFixedSleep(maxRetries=15, sleepTime=1000 MILLISECONDS)
2022-10-13 20:20:12,217 [EndpointStateMachine task thread for /127.0.0.1:44779 - 0 ] INFO  ipc.Client (Client.java:handleConnectionFailure(1010)) - Retrying connect to server: localhost/127.0.0.1:44779. Already tried 6 time(s); retry policy is RetryUpToMaximumCountWithFixedSleep(maxRetries=15, sleepTime=1000 MILLISECONDS)
2022-10-13 20:20:12,795 [EndpointStateMachine task thread for /127.0.0.1:46545 - 0 ] INFO  ipc.Client (Client.java:handleConnectionFailure(1010)) - Retrying connect to server: localhost/127.0.0.1:46545. Already tried 7 time(s); retry policy is RetryUpToMaximumCountWithFixedSleep(maxRetries=15, sleepTime=1000 MILLISECONDS)
2022-10-13 20:20:12,855 [Listener at 127.0.0.1/34689] INFO  ozone.MiniOzoneClusterImpl (MiniOzoneClusterImpl.java:shutdown(448)) - Shutting down the Mini Ozone Cluster
2022-10-13 20:20:12,858 [Listener at 127.0.0.1/34689] INFO  ozone.MiniOzoneHAClusterImpl (MiniOzoneHAClusterImpl.java:stop(312)) - Stopping the OzoneManager omNode-3
2022-10-13 20:20:12,858 [Listener at 127.0.0.1/34689] INFO  om.OzoneManager (OzoneManager.java:stop(2035)) - omNode-3[localhost:34689]: Stopping Ozone Manager
2022-10-13 20:20:12,858 [Listener at 127.0.0.1/34689] INFO  ozone.MiniOzoneHAClusterImpl (MiniOzoneHAClusterImpl.java:stop(312)) - Stopping the OzoneManager omNode-1
2022-10-13 20:20:12,858 [Listener at 127.0.0.1/34689] INFO  om.OzoneManager (OzoneManager.java:stop(2035)) - omNode-1[localhost:36285]: Stopping Ozone Manager
2022-10-13 20:20:12,858 [Listener at 127.0.0.1/34689] INFO  ozone.MiniOzoneHAClusterImpl (MiniOzoneHAClusterImpl.java:stop(312)) - Stopping the OzoneManager omNode-2
2022-10-13 20:20:12,858 [Listener at 127.0.0.1/34689] INFO  om.OzoneManager (OzoneManager.java:stop(2035)) - omNode-2[localhost:38225]: Stopping Ozone Manager
2022-10-13 20:20:12,858 [Listener at 127.0.0.1/34689] INFO  ozone.MiniOzoneHAClusterImpl (MiniOzoneHAClusterImpl.java:stop(320)) - Stopping the StorageContainerManager 07c9e681-1902-448f-876d-c238a5737790
2022-10-13 20:20:12,859 [Listener at 127.0.0.1/34689] INFO  server.StorageContainerManager (StorageContainerManager.java:stop(1528)) - Container Balancer is not running.
2022-10-13 20:20:12,859 [Listener at 127.0.0.1/34689] INFO  server.StorageContainerManager (StorageContainerManager.java:stop(1535)) - Stopping Replication Manager Service.
2022-10-13 20:20:12,859 [Listener at 127.0.0.1/34689] INFO  replication.ReplicationManager (ReplicationManager.java:stop(265)) - Replication Monitor Thread is not running.
2022-10-13 20:20:12,859 [Listener at 127.0.0.1/34689] INFO  server.StorageContainerManager (StorageContainerManager.java:stop(1542)) - Stopping the Datanode Admin Monitor.
2022-10-13 20:20:12,859 [Listener at 127.0.0.1/34689] INFO  server.StorageContainerManager (StorageContainerManager.java:stop(1549)) - Stopping Lease Manager of the command watchers
2022-10-13 20:20:12,859 [Listener at 127.0.0.1/34689] ERROR server.StorageContainerManager (StorageContainerManager.java:stop(1552)) - Lease Manager of the command watchers stop failed
2022-10-13 20:20:12,859 [Listener at 127.0.0.1/34689] INFO  server.StorageContainerManager (StorageContainerManager.java:stop(1556)) - Stopping datanode service RPC server
2022-10-13 20:20:12,859 [Listener at 127.0.0.1/34689] INFO  server.SCMDatanodeProtocolServer (SCMDatanodeProtocolServer.java:stop(414)) - Stopping the RPC server for DataNodes
2022-10-13 20:20:12,859 [Listener at 127.0.0.1/34689] INFO  ipc.Server (Server.java:stop(3428)) - Stopping server on 46545
2022-10-13 20:20:12,859 [Listener at 127.0.0.1/34689] INFO  server.StorageContainerManager (StorageContainerManager.java:stop(1564)) - Stopping block service RPC server
2022-10-13 20:20:12,859 [Listener at 127.0.0.1/34689] INFO  server.SCMBlockProtocolServer (SCMBlockProtocolServer.java:stop(161)) - Stopping the RPC server for Block Protocol
2022-10-13 20:20:12,859 [Listener at 127.0.0.1/34689] INFO  ipc.Server (Server.java:stop(3428)) - Stopping server on 39575
2022-10-13 20:20:12,859 [Listener at 127.0.0.1/34689] INFO  server.StorageContainerManager (StorageContainerManager.java:stop(1571)) - Stopping the StorageContainerLocationProtocol RPC server
2022-10-13 20:20:12,859 [Listener at 127.0.0.1/34689] INFO  server.SCMClientProtocolServer (SCMClientProtocolServer.java:stop(179)) - Stopping the RPC server for Client Protocol
2022-10-13 20:20:12,859 [Listener at 127.0.0.1/34689] INFO  ipc.Server (Server.java:stop(3428)) - Stopping server on 45541
2022-10-13 20:20:12,859 [Listener at 127.0.0.1/34689] INFO  server.StorageContainerManager (StorageContainerManager.java:stop(1578)) - Stopping Storage Container Manager HTTP server.
2022-10-13 20:20:12,859 [Listener at 127.0.0.1/34689] INFO  server.StorageContainerManager (StorageContainerManager.java:stop(1584)) - Stopping SCM LayoutVersionManager Service.
2022-10-13 20:20:12,859 [Listener at 127.0.0.1/34689] INFO  server.StorageContainerManager (StorageContainerManager.java:stop(1592)) - Stopping Block Manager Service.
2022-10-13 20:20:12,859 [Listener at 127.0.0.1/34689] INFO  utils.BackgroundService (BackgroundService.java:shutdown(141)) - Shutting down service SCMBlockDeletingService
2022-10-13 20:20:12,860 [Listener at 127.0.0.1/34689] INFO  utils.BackgroundService (BackgroundService.java:shutdown(141)) - Shutting down service SCMBlockDeletingService
2022-10-13 20:20:12,860 [Listener at 127.0.0.1/34689] INFO  server.StorageContainerManager (StorageContainerManager.java:stop(1619)) - Stopping SCM Event Queue.
2022-10-13 20:20:12,860 [Listener at 127.0.0.1/34689] INFO  server.StorageContainerManager (StorageContainerManager.java:stop(1630)) - Stopping SCM HA services.
2022-10-13 20:20:12,860 [Listener at 127.0.0.1/34689] INFO  ha.SCMRatisServerImpl (SCMRatisServerImpl.java:stop(237)) - stopping ratis server 0.0.0.0:36593
2022-10-13 20:20:12,860 [Listener at 127.0.0.1/34689] WARN  pipeline.BackgroundPipelineCreator (BackgroundPipelineCreator.java:stop(145)) - RatisPipelineUtilsThread is not running, just ignore.
2022-10-13 20:20:12,860 [Listener at 127.0.0.1/34689] INFO  BackgroundPipelineScrubber (BackgroundSCMService.java:stop(126)) - BackgroundPipelineScrubber Service is not running, skip stop.
2022-10-13 20:20:12,860 [Listener at 127.0.0.1/34689] INFO  impl.MetricsSystemImpl (MetricsSystemImpl.java:stop(205)) - HddsDatanode metrics system stopped (again)
2022-10-13 20:20:12,860 [Listener at 127.0.0.1/34689] WARN  pipeline.BackgroundPipelineCreator (BackgroundPipelineCreator.java:stop(145)) - RatisPipelineUtilsThread is not running, just ignore.
2022-10-13 20:20:12,860 [Listener at 127.0.0.1/34689] INFO  BackgroundPipelineScrubber (BackgroundSCMService.java:stop(126)) - BackgroundPipelineScrubber Service is not running, skip stop.
2022-10-13 20:20:12,860 [Listener at 127.0.0.1/34689] INFO  ExpiredContainerReplicaOpScrubber (BackgroundSCMService.java:stop(126)) - ExpiredContainerReplicaOpScrubber Service is not running, skip stop.
2022-10-13 20:20:12,860 [Listener at 127.0.0.1/34689] INFO  utils.BackgroundService (BackgroundService.java:shutdown(141)) - Shutting down service SCMBlockDeletingService
2022-10-13 20:20:12,860 [Listener at 127.0.0.1/34689] INFO  replication.ReplicationManager (ReplicationManager.java:stop(265)) - Replication Monitor Thread is not running.
2022-10-13 20:20:12,860 [Listener at 127.0.0.1/34689] WARN  balancer.ContainerBalancer (ContainerBalancer.java:stop(1096)) - Cannot stop Container Balancer because it's not running
2022-10-13 20:20:12,861 [Listener at 127.0.0.1/34689] INFO  server.StorageContainerManager (StorageContainerManager.java:stop(1648)) - Stopping SCM MetadataStore.
2022-10-13 20:20:12,861 [Listener at 127.0.0.1/34689] INFO  ozone.MiniOzoneHAClusterImpl (MiniOzoneHAClusterImpl.java:stop(320)) - Stopping the StorageContainerManager aa1de7e1-092b-4c10-ba41-bafadd24aa7a
2022-10-13 20:20:12,861 [Listener at 127.0.0.1/34689] INFO  server.StorageContainerManager (StorageContainerManager.java:stop(1528)) - Container Balancer is not running.
2022-10-13 20:20:12,861 [Listener at 127.0.0.1/34689] INFO  server.StorageContainerManager (StorageContainerManager.java:stop(1535)) - Stopping Replication Manager Service.
2022-10-13 20:20:12,861 [Listener at 127.0.0.1/34689] INFO  replication.ReplicationManager (ReplicationManager.java:stop(265)) - Replication Monitor Thread is not running.
2022-10-13 20:20:12,861 [Listener at 127.0.0.1/34689] INFO  server.StorageContainerManager (StorageContainerManager.java:stop(1542)) - Stopping the Datanode Admin Monitor.
2022-10-13 20:20:12,861 [Listener at 127.0.0.1/34689] INFO  server.StorageContainerManager (StorageContainerManager.java:stop(1549)) - Stopping Lease Manager of the command watchers
2022-10-13 20:20:12,861 [Listener at 127.0.0.1/34689] ERROR server.StorageContainerManager (StorageContainerManager.java:stop(1552)) - Lease Manager of the command watchers stop failed
2022-10-13 20:20:12,861 [Listener at 127.0.0.1/34689] INFO  server.StorageContainerManager (StorageContainerManager.java:stop(1556)) - Stopping datanode service RPC server
2022-10-13 20:20:12,861 [Listener at 127.0.0.1/34689] INFO  server.SCMDatanodeProtocolServer (SCMDatanodeProtocolServer.java:stop(414)) - Stopping the RPC server for DataNodes
2022-10-13 20:20:12,861 [Listener at 127.0.0.1/34689] INFO  ipc.Server (Server.java:stop(3428)) - Stopping server on 44779
2022-10-13 20:20:12,861 [Listener at 127.0.0.1/34689] INFO  server.StorageContainerManager (StorageContainerManager.java:stop(1564)) - Stopping block service RPC server
2022-10-13 20:20:12,861 [Listener at 127.0.0.1/34689] INFO  server.SCMBlockProtocolServer (SCMBlockProtocolServer.java:stop(161)) - Stopping the RPC server for Block Protocol
2022-10-13 20:20:12,861 [Listener at 127.0.0.1/34689] INFO  ipc.Server (Server.java:stop(3428)) - Stopping server on 42331
2022-10-13 20:20:12,861 [Listener at 127.0.0.1/34689] INFO  server.StorageContainerManager (StorageContainerManager.java:stop(1571)) - Stopping the StorageContainerLocationProtocol RPC server
2022-10-13 20:20:12,861 [Listener at 127.0.0.1/34689] INFO  server.SCMClientProtocolServer (SCMClientProtocolServer.java:stop(179)) - Stopping the RPC server for Client Protocol
2022-10-13 20:20:12,861 [Listener at 127.0.0.1/34689] INFO  ipc.Server (Server.java:stop(3428)) - Stopping server on 41371
2022-10-13 20:20:12,862 [Listener at 127.0.0.1/34689] INFO  server.StorageContainerManager (StorageContainerManager.java:stop(1578)) - Stopping Storage Container Manager HTTP server.
2022-10-13 20:20:12,862 [Listener at 127.0.0.1/34689] INFO  server.StorageContainerManager (StorageContainerManager.java:stop(1584)) - Stopping SCM LayoutVersionManager Service.
2022-10-13 20:20:12,862 [Listener at 127.0.0.1/34689] INFO  server.StorageContainerManager (StorageContainerManager.java:stop(1592)) - Stopping Block Manager Service.
2022-10-13 20:20:12,862 [Listener at 127.0.0.1/34689] INFO  utils.BackgroundService (BackgroundService.java:shutdown(141)) - Shutting down service SCMBlockDeletingService
2022-10-13 20:20:12,862 [Listener at 127.0.0.1/34689] INFO  utils.BackgroundService (BackgroundService.java:shutdown(141)) - Shutting down service SCMBlockDeletingService
2022-10-13 20:20:12,862 [Listener at 127.0.0.1/34689] INFO  server.StorageContainerManager (StorageContainerManager.java:stop(1619)) - Stopping SCM Event Queue.
2022-10-13 20:20:12,862 [Listener at 127.0.0.1/34689] INFO  server.StorageContainerManager (StorageContainerManager.java:stop(1630)) - Stopping SCM HA services.
2022-10-13 20:20:12,862 [Listener at 127.0.0.1/34689] INFO  ha.SCMRatisServerImpl (SCMRatisServerImpl.java:stop(237)) - stopping ratis server 0.0.0.0:43085
2022-10-13 20:20:12,862 [Listener at 127.0.0.1/34689] WARN  pipeline.BackgroundPipelineCreator (BackgroundPipelineCreator.java:stop(145)) - RatisPipelineUtilsThread is not running, just ignore.
2022-10-13 20:20:12,862 [Listener at 127.0.0.1/34689] INFO  BackgroundPipelineScrubber (BackgroundSCMService.java:stop(126)) - BackgroundPipelineScrubber Service is not running, skip stop.
2022-10-13 20:20:12,862 [Listener at 127.0.0.1/34689] INFO  impl.MetricsSystemImpl (MetricsSystemImpl.java:stop(205)) - HddsDatanode metrics system stopped (again)
2022-10-13 20:20:12,862 [Listener at 127.0.0.1/34689] WARN  pipeline.BackgroundPipelineCreator (BackgroundPipelineCreator.java:stop(145)) - RatisPipelineUtilsThread is not running, just ignore.
2022-10-13 20:20:12,862 [Listener at 127.0.0.1/34689] INFO  BackgroundPipelineScrubber (BackgroundSCMService.java:stop(126)) - BackgroundPipelineScrubber Service is not running, skip stop.
2022-10-13 20:20:12,862 [Listener at 127.0.0.1/34689] INFO  ExpiredContainerReplicaOpScrubber (BackgroundSCMService.java:stop(126)) - ExpiredContainerReplicaOpScrubber Service is not running, skip stop.
2022-10-13 20:20:12,863 [Listener at 127.0.0.1/34689] INFO  utils.BackgroundService (BackgroundService.java:shutdown(141)) - Shutting down service SCMBlockDeletingService
2022-10-13 20:20:12,863 [Listener at 127.0.0.1/34689] INFO  replication.ReplicationManager (ReplicationManager.java:stop(265)) - Replication Monitor Thread is not running.
2022-10-13 20:20:12,863 [Listener at 127.0.0.1/34689] WARN  balancer.ContainerBalancer (ContainerBalancer.java:stop(1096)) - Cannot stop Container Balancer because it's not running
2022-10-13 20:20:12,863 [Listener at 127.0.0.1/34689] INFO  server.StorageContainerManager (StorageContainerManager.java:stop(1648)) - Stopping SCM MetadataStore.
2022-10-13 20:20:12,863 [Listener at 127.0.0.1/34689] INFO  ozone.MiniOzoneHAClusterImpl (MiniOzoneHAClusterImpl.java:stop(320)) - Stopping the StorageContainerManager e2549e0e-20c3-4590-9573-c43d76d3b17a
2022-10-13 20:20:12,863 [Listener at 127.0.0.1/34689] INFO  server.StorageContainerManager (StorageContainerManager.java:stop(1528)) - Container Balancer is not running.
2022-10-13 20:20:12,863 [Listener at 127.0.0.1/34689] INFO  server.StorageContainerManager (StorageContainerManager.java:stop(1535)) - Stopping Replication Manager Service.
2022-10-13 20:20:12,863 [Listener at 127.0.0.1/34689] INFO  replication.ReplicationManager (ReplicationManager.java:stop(265)) - Replication Monitor Thread is not running.
2022-10-13 20:20:12,863 [Listener at 127.0.0.1/34689] INFO  server.StorageContainerManager (StorageContainerManager.java:stop(1542)) - Stopping the Datanode Admin Monitor.
2022-10-13 20:20:12,863 [Listener at 127.0.0.1/34689] INFO  server.StorageContainerManager (StorageContainerManager.java:stop(1549)) - Stopping Lease Manager of the command watchers
2022-10-13 20:20:12,863 [Listener at 127.0.0.1/34689] ERROR server.StorageContainerManager (StorageContainerManager.java:stop(1552)) - Lease Manager of the command watchers stop failed
2022-10-13 20:20:12,863 [Listener at 127.0.0.1/34689] INFO  server.StorageContainerManager (StorageContainerManager.java:stop(1556)) - Stopping datanode service RPC server
2022-10-13 20:20:12,863 [Listener at 127.0.0.1/34689] INFO  server.SCMDatanodeProtocolServer (SCMDatanodeProtocolServer.java:stop(414)) - Stopping the RPC server for DataNodes
2022-10-13 20:20:12,863 [Listener at 127.0.0.1/34689] INFO  ipc.Server (Server.java:stop(3428)) - Stopping server on 33963
2022-10-13 20:20:12,863 [Listener at 127.0.0.1/34689] INFO  server.StorageContainerManager (StorageContainerManager.java:stop(1564)) - Stopping block service RPC server
2022-10-13 20:20:12,863 [Listener at 127.0.0.1/34689] INFO  server.SCMBlockProtocolServer (SCMBlockProtocolServer.java:stop(161)) - Stopping the RPC server for Block Protocol
2022-10-13 20:20:12,863 [Listener at 127.0.0.1/34689] INFO  ipc.Server (Server.java:stop(3428)) - Stopping server on 34209
2022-10-13 20:20:12,863 [Listener at 127.0.0.1/34689] INFO  server.StorageContainerManager (StorageContainerManager.java:stop(1571)) - Stopping the StorageContainerLocationProtocol RPC server
2022-10-13 20:20:12,864 [Listener at 127.0.0.1/34689] INFO  server.SCMClientProtocolServer (SCMClientProtocolServer.java:stop(179)) - Stopping the RPC server for Client Protocol
2022-10-13 20:20:12,864 [Listener at 127.0.0.1/34689] INFO  ipc.Server (Server.java:stop(3428)) - Stopping server on 43923
2022-10-13 20:20:12,864 [Listener at 127.0.0.1/34689] INFO  server.StorageContainerManager (StorageContainerManager.java:stop(1578)) - Stopping Storage Container Manager HTTP server.
2022-10-13 20:20:12,864 [Listener at 127.0.0.1/34689] INFO  server.StorageContainerManager (StorageContainerManager.java:stop(1584)) - Stopping SCM LayoutVersionManager Service.
2022-10-13 20:20:12,864 [Listener at 127.0.0.1/34689] INFO  server.StorageContainerManager (StorageContainerManager.java:stop(1592)) - Stopping Block Manager Service.
2022-10-13 20:20:12,864 [Listener at 127.0.0.1/34689] INFO  utils.BackgroundService (BackgroundService.java:shutdown(141)) - Shutting down service SCMBlockDeletingService
2022-10-13 20:20:12,864 [Listener at 127.0.0.1/34689] INFO  utils.BackgroundService (BackgroundService.java:shutdown(141)) - Shutting down service SCMBlockDeletingService
2022-10-13 20:20:12,864 [Listener at 127.0.0.1/34689] INFO  server.StorageContainerManager (StorageContainerManager.java:stop(1619)) - Stopping SCM Event Queue.
2022-10-13 20:20:12,864 [Listener at 127.0.0.1/34689] INFO  server.StorageContainerManager (StorageContainerManager.java:stop(1630)) - Stopping SCM HA services.
2022-10-13 20:20:12,864 [Listener at 127.0.0.1/34689] INFO  ha.SCMRatisServerImpl (SCMRatisServerImpl.java:stop(237)) - stopping ratis server 0.0.0.0:34991
2022-10-13 20:20:12,864 [Listener at 127.0.0.1/34689] WARN  pipeline.BackgroundPipelineCreator (BackgroundPipelineCreator.java:stop(145)) - RatisPipelineUtilsThread is not running, just ignore.
2022-10-13 20:20:12,864 [Listener at 127.0.0.1/34689] INFO  BackgroundPipelineScrubber (BackgroundSCMService.java:stop(126)) - BackgroundPipelineScrubber Service is not running, skip stop.
2022-10-13 20:20:12,864 [Listener at 127.0.0.1/34689] INFO  impl.MetricsSystemImpl (MetricsSystemImpl.java:stop(205)) - HddsDatanode metrics system stopped (again)
2022-10-13 20:20:12,864 [Listener at 127.0.0.1/34689] WARN  pipeline.BackgroundPipelineCreator (BackgroundPipelineCreator.java:stop(145)) - RatisPipelineUtilsThread is not running, just ignore.
2022-10-13 20:20:12,864 [Listener at 127.0.0.1/34689] INFO  BackgroundPipelineScrubber (BackgroundSCMService.java:stop(126)) - BackgroundPipelineScrubber Service is not running, skip stop.
2022-10-13 20:20:12,865 [Listener at 127.0.0.1/34689] INFO  ExpiredContainerReplicaOpScrubber (BackgroundSCMService.java:stop(126)) - ExpiredContainerReplicaOpScrubber Service is not running, skip stop.
2022-10-13 20:20:12,865 [Listener at 127.0.0.1/34689] INFO  utils.BackgroundService (BackgroundService.java:shutdown(141)) - Shutting down service SCMBlockDeletingService
2022-10-13 20:20:12,865 [Listener at 127.0.0.1/34689] INFO  replication.ReplicationManager (ReplicationManager.java:stop(265)) - Replication Monitor Thread is not running.
2022-10-13 20:20:12,865 [Listener at 127.0.0.1/34689] WARN  balancer.ContainerBalancer (ContainerBalancer.java:stop(1096)) - Cannot stop Container Balancer because it's not running
2022-10-13 20:20:12,865 [Listener at 127.0.0.1/34689] INFO  server.StorageContainerManager (StorageContainerManager.java:stop(1648)) - Stopping SCM MetadataStore.
2022-10-13 20:20:12,865 [Listener at 127.0.0.1/34689] INFO  ozone.MiniOzoneClusterImpl (MiniOzoneClusterImpl.java:stop(463)) - Stopping the Mini Ozone Cluster
2022-10-13 20:20:12,865 [Listener at 127.0.0.1/34689] INFO  ozone.MiniOzoneClusterImpl (MiniOzoneClusterImpl.java:stopDatanodes(522)) - Stopping the HddsDatanodes
]]></system-out>
  </testcase>
</testsuite>