<?xml version="1.0" encoding="UTF-8"?>
<testsuite xmlns:xsi="http://www.w3.org/2001/XMLSchema-instance" xsi:noNamespaceSchemaLocation="https://maven.apache.org/surefire/maven-surefire-plugin/xsd/surefire-test-report-3.0.xsd" version="3.0" name="org.apache.hadoop.fs.ozone.TestRootedOzoneFileSystemWithFSO" time="148.826" tests="72" errors="0" skipped="18" failures="1">
  <properties>
    <property name="awt.toolkit" value="sun.awt.X11.XToolkit"/>
    <property name="file.encoding.pkg" value="sun.io"/>
    <property name="java.specification.version" value="1.8"/>
    <property name="sun.cpu.isalist" value=""/>
    <property name="sun.jnu.encoding" value="UTF-8"/>
    <property name="java.class.path" value="/home/runner/work/ozone/ozone/hadoop-ozone/integration-test/target/test-classes:/home/runner/work/ozone/ozone/hadoop-ozone/integration-test/target/classes:/home/runner/.m2/repository/org/apache/ozone/ozone-common/1.3.0-SNAPSHOT/ozone-common-1.3.0-SNAPSHOT.jar:/home/runner/.m2/repository/io/grpc/grpc-netty/1.48.1/grpc-netty-1.48.1.jar:/home/runner/.m2/repository/io/grpc/grpc-core/1.48.1/grpc-core-1.48.1.jar:/home/runner/.m2/repository/com/google/android/annotations/4.1.1.4/annotations-4.1.1.4.jar:/home/runner/.m2/repository/org/codehaus/mojo/animal-sniffer-annotations/1.21/animal-sniffer-annotations-1.21.jar:/home/runner/.m2/repository/com/google/errorprone/error_prone_annotations/2.2.0/error_prone_annotations-2.2.0.jar:/home/runner/.m2/repository/io/perfmark/perfmark-api/0.25.0/perfmark-api-0.25.0.jar:/home/runner/.m2/repository/io/netty/netty-codec-http2/4.1.79.Final/netty-codec-http2-4.1.79.Final.jar:/home/runner/.m2/repository/io/netty/netty-common/4.1.79.Final/netty-common-4.1.79.Final.jar:/home/runner/.m2/repository/io/netty/netty-buffer/4.1.79.Final/netty-buffer-4.1.79.Final.jar:/home/runner/.m2/repository/io/netty/netty-codec-http/4.1.79.Final/netty-codec-http-4.1.79.Final.jar:/home/runner/.m2/repository/io/netty/netty-handler-proxy/4.1.79.Final/netty-handler-proxy-4.1.79.Final.jar:/home/runner/.m2/repository/io/netty/netty-codec-socks/4.1.79.Final/netty-codec-socks-4.1.79.Final.jar:/home/runner/.m2/repository/io/netty/netty-tcnative-boringssl-static/2.0.53.Final/netty-tcnative-boringssl-static-2.0.53.Final.jar:/home/runner/.m2/repository/io/netty/netty-tcnative-classes/2.0.53.Final/netty-tcnative-classes-2.0.53.Final.jar:/home/runner/.m2/repository/io/netty/netty-tcnative-boringssl-static/2.0.53.Final/netty-tcnative-boringssl-static-2.0.53.Final-linux-x86_64.jar:/home/runner/.m2/repository/io/netty/netty-tcnative-boringssl-static/2.0.53.Final/netty-tcnative-boringssl-static-2.0.53.Final-linux-aarch_64.jar:/home/runner/.m2/repository/io/netty/netty-tcnative-boringssl-static/2.0.53.Final/netty-tcnative-boringssl-static-2.0.53.Final-osx-x86_64.jar:/home/runner/.m2/repository/io/netty/netty-tcnative-boringssl-static/2.0.53.Final/netty-tcnative-boringssl-static-2.0.53.Final-osx-aarch_64.jar:/home/runner/.m2/repository/io/netty/netty-tcnative-boringssl-static/2.0.53.Final/netty-tcnative-boringssl-static-2.0.53.Final-windows-x86_64.jar:/home/runner/.m2/repository/org/apache/commons/commons-compress/1.21/commons-compress-1.21.jar:/home/runner/.m2/repository/org/apache/ozone/hdds-common/1.3.0-SNAPSHOT/hdds-common-1.3.0-SNAPSHOT.jar:/home/runner/.m2/repository/org/apache/ozone/hdds-client/1.3.0-SNAPSHOT/hdds-client-1.3.0-SNAPSHOT.jar:/home/runner/.m2/repository/org/apache/ozone/ozone-interface-client/1.3.0-SNAPSHOT/ozone-interface-client-1.3.0-SNAPSHOT.jar:/home/runner/.m2/repository/org/apache/ozone/hdds-test-utils/1.3.0-SNAPSHOT/hdds-test-utils-1.3.0-SNAPSHOT.jar:/home/runner/.m2/repository/com/google/guava/guava/31.1-jre/guava-31.1-jre.jar:/home/runner/.m2/repository/com/google/guava/failureaccess/1.0.1/failureaccess-1.0.1.jar:/home/runner/.m2/repository/com/google/guava/listenablefuture/9999.0-empty-to-avoid-conflict-with-guava/listenablefuture-9999.0-empty-to-avoid-conflict-with-guava.jar:/home/runner/.m2/repository/com/google/code/findbugs/jsr305/3.0.0/jsr305-3.0.0.jar:/home/runner/.m2/repository/org/checkerframework/checker-qual/3.12.0/checker-qual-3.12.0.jar:/home/runner/.m2/repository/com/google/j2objc/j2objc-annotations/1.3/j2objc-annotations-1.3.jar:/home/runner/.m2/repository/commons-io/commons-io/2.11.0/commons-io-2.11.0.jar:/home/runner/.m2/repository/commons-logging/commons-logging/1.2/commons-logging-1.2.jar:/home/runner/.m2/repository/log4j/log4j/1.2.17/log4j-1.2.17.jar:/home/runner/.m2/repository/org/slf4j/slf4j-api/1.7.30/slf4j-api-1.7.30.jar:/home/runner/.m2/repository/org/apache/ozone/hdds-server-scm/1.3.0-SNAPSHOT/hdds-server-scm-1.3.0-SNAPSHOT.jar:/home/runner/.m2/repository/org/apache/ozone/hdds-container-service/1.3.0-SNAPSHOT/hdds-container-service-1.3.0-SNAPSHOT.jar:/home/runner/.m2/repository/org/apache/ozone/hdds-hadoop-dependency-server/1.3.0-SNAPSHOT/hdds-hadoop-dependency-server-1.3.0-SNAPSHOT.jar:/home/runner/.m2/repository/org/apache/hadoop/hadoop-hdfs/3.3.1/hadoop-hdfs-3.3.1.jar:/home/runner/.m2/repository/org/apache/ozone/hdds-server-framework/1.3.0-SNAPSHOT/hdds-server-framework-1.3.0-SNAPSHOT.jar:/home/runner/.m2/repository/org/apache/ozone/hdds-interface-server/1.3.0-SNAPSHOT/hdds-interface-server-1.3.0-SNAPSHOT.jar:/home/runner/.m2/repository/org/apache/logging/log4j/log4j-core/2.17.1/log4j-core-2.17.1.jar:/home/runner/.m2/repository/com/lmax/disruptor/3.4.2/disruptor-3.4.2.jar:/home/runner/.m2/repository/org/eclipse/jetty/jetty-servlet/9.4.43.v20210629/jetty-servlet-9.4.43.v20210629.jar:/home/runner/.m2/repository/org/eclipse/jetty/jetty-security/9.4.43.v20210629/jetty-security-9.4.43.v20210629.jar:/home/runner/.m2/repository/org/rocksdb/rocksdbjni/6.29.5/rocksdbjni-6.29.5.jar:/home/runner/.m2/repository/io/prometheus/simpleclient_dropwizard/0.7.0/simpleclient_dropwizard-0.7.0.jar:/home/runner/.m2/repository/io/prometheus/simpleclient/0.7.0/simpleclient-0.7.0.jar:/home/runner/.m2/repository/io/prometheus/simpleclient_common/0.7.0/simpleclient_common-0.7.0.jar:/home/runner/.m2/repository/io/dropwizard/metrics/metrics-core/3.2.4/metrics-core-3.2.4.jar:/home/runner/.m2/repository/org/apache/hadoop/hadoop-hdfs-client/3.3.1/hadoop-hdfs-client-3.3.1.jar:/home/runner/.m2/repository/org/bouncycastle/bcprov-jdk15on/1.67/bcprov-jdk15on-1.67.jar:/home/runner/.m2/repository/com/google/protobuf/protobuf-java/2.5.0/protobuf-java-2.5.0.jar:/home/runner/.m2/repository/org/apache/ozone/ozone-manager/1.3.0-SNAPSHOT/ozone-manager-1.3.0-SNAPSHOT.jar:/home/runner/.m2/repository/org/aspectj/aspectjrt/1.9.7/aspectjrt-1.9.7.jar:/home/runner/.m2/repository/org/aspectj/aspectjweaver/1.9.7/aspectjweaver-1.9.7.jar:/home/runner/.m2/repository/org/apache/ozone/hdds-interface-client/1.3.0-SNAPSHOT/hdds-interface-client-1.3.0-SNAPSHOT.jar:/home/runner/.m2/repository/org/apache/hadoop/thirdparty/hadoop-shaded-protobuf_3_7/1.1.1/hadoop-shaded-protobuf_3_7-1.1.1.jar:/home/runner/.m2/repository/org/apache/ozone/ozone-interface-storage/1.3.0-SNAPSHOT/ozone-interface-storage-1.3.0-SNAPSHOT.jar:/home/runner/.m2/repository/org/reflections/reflections/0.9.11/reflections-0.9.11.jar:/home/runner/.m2/repository/com/sun/jersey/jersey-client/1.19/jersey-client-1.19.jar:/home/runner/.m2/repository/org/apache/ranger/ranger-intg/2.3.0/ranger-intg-2.3.0.jar:/home/runner/.m2/repository/org/apache/ranger/ranger-plugins-common/2.3.0/ranger-plugins-common-2.3.0.jar:/home/runner/.m2/repository/commons-lang/commons-lang/2.6/commons-lang-2.6.jar:/home/runner/.m2/repository/org/codehaus/jackson/jackson-jaxrs/1.9.13/jackson-jaxrs-1.9.13.jar:/home/runner/.m2/repository/org/apache/ranger/ranger-plugins-cred/2.3.0/ranger-plugins-cred-2.3.0.jar:/home/runner/.m2/repository/org/apache/ranger/ranger-plugins-audit/2.3.0/ranger-plugins-audit-2.3.0.jar:/home/runner/.m2/repository/org/apache/kafka/kafka-clients/2.8.1/kafka-clients-2.8.1.jar:/home/runner/.m2/repository/com/github/luben/zstd-jni/1.4.9-1/zstd-jni-1.4.9-1.jar:/home/runner/.m2/repository/org/apache/solr/solr-solrj/8.6.3/solr-solrj-8.6.3.jar:/home/runner/.m2/repository/org/slf4j/jcl-over-slf4j/1.7.24/jcl-over-slf4j-1.7.24.jar:/home/runner/.m2/repository/org/eclipse/jetty/jetty-client/9.4.31.v20200723/jetty-client-9.4.31.v20200723.jar:/home/runner/.m2/repository/org/apache/httpcomponents/httpmime/4.5.6/httpmime-4.5.6.jar:/home/runner/.m2/repository/org/apache/httpcomponents/httpcore-nio/4.4.6/httpcore-nio-4.4.6.jar:/home/runner/.m2/repository/org/apache/httpcomponents/httpasyncclient/4.1.3/httpasyncclient-4.1.3.jar:/home/runner/.m2/repository/com/carrotsearch/hppc/0.8.0/hppc-0.8.0.jar:/home/runner/.m2/repository/org/apache/hive/hive-storage-api/2.7.2/hive-storage-api-2.7.2.jar:/home/runner/.m2/repository/org/apache/orc/orc-core/1.5.8/orc-core-1.5.8.jar:/home/runner/.m2/repository/com/amazonaws/aws-java-sdk-bundle/1.12.125/aws-java-sdk-bundle-1.12.125.jar:/home/runner/.m2/repository/net/java/dev/jna/jna/5.2.0/jna-5.2.0.jar:/home/runner/.m2/repository/net/java/dev/jna/jna-platform/5.2.0/jna-platform-5.2.0.jar:/home/runner/.m2/repository/com/kstruct/gethostname4j/0.0.2/gethostname4j-0.0.2.jar:/home/runner/.m2/repository/org/apache/ranger/ranger-plugin-classloader/2.3.0/ranger-plugin-classloader-2.3.0.jar:/home/runner/.m2/repository/org/apache/hadoop/hadoop-minikdc/3.3.1/hadoop-minikdc-3.3.1.jar:/home/runner/.m2/repository/org/apache/kerby/kerb-simplekdc/1.0.1/kerb-simplekdc-1.0.1.jar:/home/runner/.m2/repository/org/apache/kerby/kerb-client/1.0.1/kerb-client-1.0.1.jar:/home/runner/.m2/repository/org/apache/kerby/kerby-config/1.0.1/kerby-config-1.0.1.jar:/home/runner/.m2/repository/org/apache/kerby/kerb-common/1.0.1/kerb-common-1.0.1.jar:/home/runner/.m2/repository/org/apache/kerby/kerb-crypto/1.0.1/kerb-crypto-1.0.1.jar:/home/runner/.m2/repository/org/apache/kerby/kerb-util/1.0.1/kerb-util-1.0.1.jar:/home/runner/.m2/repository/org/apache/kerby/token-provider/1.0.1/token-provider-1.0.1.jar:/home/runner/.m2/repository/org/apache/kerby/kerb-admin/1.0.1/kerb-admin-1.0.1.jar:/home/runner/.m2/repository/org/apache/kerby/kerb-server/1.0.1/kerb-server-1.0.1.jar:/home/runner/.m2/repository/org/apache/kerby/kerb-identity/1.0.1/kerb-identity-1.0.1.jar:/home/runner/.m2/repository/org/apache/kerby/kerby-xdr/1.0.1/kerby-xdr-1.0.1.jar:/home/runner/.m2/repository/org/slf4j/slf4j-log4j12/1.7.30/slf4j-log4j12-1.7.30.jar:/home/runner/.m2/repository/org/apache/ozone/ozone-s3gateway/1.3.0-SNAPSHOT/ozone-s3gateway-1.3.0-SNAPSHOT.jar:/home/runner/.m2/repository/org/javassist/javassist/3.21.0-GA/javassist-3.21.0-GA.jar:/home/runner/.m2/repository/org/jboss/weld/servlet/weld-servlet/2.4.7.Final/weld-servlet-2.4.7.Final.jar:/home/runner/.m2/repository/org/glassfish/jersey/containers/jersey-container-servlet-core/2.33/jersey-container-servlet-core-2.33.jar:/home/runner/.m2/repository/org/glassfish/hk2/external/jakarta.inject/2.6.1/jakarta.inject-2.6.1.jar:/home/runner/.m2/repository/org/glassfish/jersey/core/jersey-common/2.33/jersey-common-2.33.jar:/home/runner/.m2/repository/jakarta/ws/rs/jakarta.ws.rs-api/2.1.6/jakarta.ws.rs-api-2.1.6.jar:/home/runner/.m2/repository/org/glassfish/jersey/ext/cdi/jersey-cdi1x/2.33/jersey-cdi1x-2.33.jar:/home/runner/.m2/repository/org/glassfish/jersey/inject/jersey-hk2/2.33/jersey-hk2-2.33.jar:/home/runner/.m2/repository/org/glassfish/hk2/hk2-locator/2.6.1/hk2-locator-2.6.1.jar:/home/runner/.m2/repository/org/glassfish/jersey/media/jersey-media-jaxb/2.33/jersey-media-jaxb-2.33.jar:/home/runner/.m2/repository/org/glassfish/hk2/osgi-resource-locator/1.0.3/osgi-resource-locator-1.0.3.jar:/home/runner/.m2/repository/org/glassfish/hk2/hk2-api/2.5.0/hk2-api-2.5.0.jar:/home/runner/.m2/repository/org/glassfish/hk2/hk2-utils/2.5.0/hk2-utils-2.5.0.jar:/home/runner/.m2/repository/org/glassfish/hk2/external/aopalliance-repackaged/2.5.0/aopalliance-repackaged-2.5.0.jar:/home/runner/.m2/repository/com/fasterxml/jackson/dataformat/jackson-dataformat-xml/2.13.2/jackson-dataformat-xml-2.13.2.jar:/home/runner/.m2/repository/com/fasterxml/jackson/core/jackson-core/2.13.2/jackson-core-2.13.2.jar:/home/runner/.m2/repository/org/codehaus/woodstox/stax2-api/3.1.4/stax2-api-3.1.4.jar:/home/runner/.m2/repository/com/fasterxml/woodstox/woodstox-core/5.0.3/woodstox-core-5.0.3.jar:/home/runner/.m2/repository/com/fasterxml/jackson/module/jackson-module-jaxb-annotations/2.13.2/jackson-module-jaxb-annotations-2.13.2.jar:/home/runner/.m2/repository/jakarta/xml/bind/jakarta.xml.bind-api/2.3.3/jakarta.xml.bind-api-2.3.3.jar:/home/runner/.m2/repository/jakarta/activation/jakarta.activation-api/1.2.1/jakarta.activation-api-1.2.1.jar:/home/runner/.m2/repository/javax/enterprise/cdi-api/1.2/cdi-api-1.2.jar:/home/runner/.m2/repository/javax/el/javax.el-api/3.0.0/javax.el-api-3.0.0.jar:/home/runner/.m2/repository/javax/interceptor/javax.interceptor-api/1.2/javax.interceptor-api-1.2.jar:/home/runner/.m2/repository/javax/inject/javax.inject/1/javax.inject-1.jar:/home/runner/.m2/repository/javax/xml/bind/jaxb-api/2.3.0/jaxb-api-2.3.0.jar:/home/runner/.m2/repository/org/glassfish/jaxb/jaxb-runtime/2.3.0.1/jaxb-runtime-2.3.0.1.jar:/home/runner/.m2/repository/org/glassfish/jaxb/jaxb-core/2.3.0.1/jaxb-core-2.3.0.1.jar:/home/runner/.m2/repository/org/glassfish/jaxb/txw2/2.3.0.1/txw2-2.3.0.1.jar:/home/runner/.m2/repository/com/sun/istack/istack-commons-runtime/3.0.5/istack-commons-runtime-3.0.5.jar:/home/runner/.m2/repository/org/jvnet/staxex/stax-ex/1.7.8/stax-ex-1.7.8.jar:/home/runner/.m2/repository/com/sun/xml/fastinfoset/FastInfoset/1.2.13/FastInfoset-1.2.13.jar:/home/runner/.m2/repository/javax/activation/activation/1.1.1/activation-1.1.1.jar:/home/runner/.m2/repository/io/grpc/grpc-protobuf/1.48.1/grpc-protobuf-1.48.1.jar:/home/runner/.m2/repository/io/grpc/grpc-api/1.48.1/grpc-api-1.48.1.jar:/home/runner/.m2/repository/io/grpc/grpc-context/1.48.1/grpc-context-1.48.1.jar:/home/runner/.m2/repository/com/google/api/grpc/proto-google-common-protos/2.9.0/proto-google-common-protos-2.9.0.jar:/home/runner/.m2/repository/io/grpc/grpc-protobuf-lite/1.48.1/grpc-protobuf-lite-1.48.1.jar:/home/runner/.m2/repository/io/grpc/grpc-stub/1.48.1/grpc-stub-1.48.1.jar:/home/runner/.m2/repository/io/netty/netty-transport/4.1.79.Final/netty-transport-4.1.79.Final.jar:/home/runner/.m2/repository/io/netty/netty-resolver/4.1.79.Final/netty-resolver-4.1.79.Final.jar:/home/runner/.m2/repository/org/apache/ozone/ozone-csi/1.3.0-SNAPSHOT/ozone-csi-1.3.0-SNAPSHOT.jar:/home/runner/.m2/repository/com/google/protobuf/protobuf-java-util/3.19.2/protobuf-java-util-3.19.2.jar:/home/runner/.m2/repository/com/google/code/gson/gson/2.9.0/gson-2.9.0.jar:/home/runner/.m2/repository/org/apache/ozone/hdds-config/1.3.0-SNAPSHOT/hdds-config-1.3.0-SNAPSHOT.jar:/home/runner/.m2/repository/io/netty/netty-transport-native-epoll/4.1.79.Final/netty-transport-native-epoll-4.1.79.Final-linux-x86_64.jar:/home/runner/.m2/repository/io/netty/netty-transport-classes-epoll/4.1.79.Final/netty-transport-classes-epoll-4.1.79.Final.jar:/home/runner/.m2/repository/io/netty/netty-transport-native-unix-common/4.1.79.Final/netty-transport-native-unix-common-4.1.79.Final.jar:/home/runner/.m2/repository/org/apache/ozone/ozone-recon/1.3.0-SNAPSHOT/ozone-recon-1.3.0-SNAPSHOT.jar:/home/runner/.m2/repository/org/apache/ozone/ozone-reconcodegen/1.3.0-SNAPSHOT/ozone-reconcodegen-1.3.0-SNAPSHOT.jar:/home/runner/.m2/repository/com/google/inject/extensions/guice-multibindings/4.0/guice-multibindings-4.0.jar:/home/runner/.m2/repository/com/google/inject/guice/4.0/guice-4.0.jar:/home/runner/.m2/repository/aopalliance/aopalliance/1.0/aopalliance-1.0.jar:/home/runner/.m2/repository/com/google/inject/extensions/guice-assistedinject/4.0/guice-assistedinject-4.0.jar:/home/runner/.m2/repository/com/google/inject/extensions/guice-servlet/4.0/guice-servlet-4.0.jar:/home/runner/.m2/repository/org/glassfish/jersey/containers/jersey-container-servlet/2.33/jersey-container-servlet-2.33.jar:/home/runner/.m2/repository/org/glassfish/hk2/guice-bridge/2.5.0/guice-bridge-2.5.0.jar:/home/runner/.m2/repository/org/glassfish/jersey/core/jersey-server/2.33/jersey-server-2.33.jar:/home/runner/.m2/repository/org/glassfish/jersey/core/jersey-client/2.33/jersey-client-2.33.jar:/home/runner/.m2/repository/jakarta/annotation/jakarta.annotation-api/1.3.5/jakarta.annotation-api-1.3.5.jar:/home/runner/.m2/repository/jakarta/validation/jakarta.validation-api/2.0.2/jakarta.validation-api-2.0.2.jar:/home/runner/.m2/repository/org/glassfish/jersey/media/jersey-media-json-jackson/2.33/jersey-media-json-jackson-2.33.jar:/home/runner/.m2/repository/org/glassfish/jersey/ext/jersey-entity-filtering/2.33/jersey-entity-filtering-2.33.jar:/home/runner/.m2/repository/org/jooq/jooq/3.11.10/jooq-3.11.10.jar:/home/runner/.m2/repository/org/jooq/jooq-meta/3.11.10/jooq-meta-3.11.10.jar:/home/runner/.m2/repository/org/jooq/jooq-codegen/3.11.10/jooq-codegen-3.11.10.jar:/home/runner/.m2/repository/com/jolbox/bonecp/0.8.0.RELEASE/bonecp-0.8.0.RELEASE.jar:/home/runner/.m2/repository/org/apache/derby/derby/10.14.2.0/derby-10.14.2.0.jar:/home/runner/.m2/repository/org/xerial/sqlite-jdbc/3.25.2/sqlite-jdbc-3.25.2.jar:/home/runner/.m2/repository/org/springframework/spring-jdbc/5.2.20.RELEASE/spring-jdbc-5.2.20.RELEASE.jar:/home/runner/.m2/repository/org/springframework/spring-beans/5.2.20.RELEASE/spring-beans-5.2.20.RELEASE.jar:/home/runner/.m2/repository/org/springframework/spring-core/5.2.20.RELEASE/spring-core-5.2.20.RELEASE.jar:/home/runner/.m2/repository/org/springframework/spring-jcl/5.2.20.RELEASE/spring-jcl-5.2.20.RELEASE.jar:/home/runner/.m2/repository/org/springframework/spring-tx/5.2.20.RELEASE/spring-tx-5.2.20.RELEASE.jar:/home/runner/.m2/repository/org/apache/ozone/ozone-client/1.3.0-SNAPSHOT/ozone-client-1.3.0-SNAPSHOT.jar:/home/runner/.m2/repository/org/apache/ozone/hdds-erasurecode/1.3.0-SNAPSHOT/hdds-erasurecode-1.3.0-SNAPSHOT.jar:/home/runner/.m2/repository/com/github/spotbugs/spotbugs-annotations/3.1.12/spotbugs-annotations-3.1.12.jar:/home/runner/.m2/repository/org/apache/ozone/ozone-filesystem/1.3.0-SNAPSHOT/ozone-filesystem-1.3.0-SNAPSHOT.jar:/home/runner/.m2/repository/org/apache/ozone/ozone-filesystem-common/1.3.0-SNAPSHOT/ozone-filesystem-common-1.3.0-SNAPSHOT.jar:/home/runner/.m2/repository/org/apache/ozone/ozone-tools/1.3.0-SNAPSHOT/ozone-tools-1.3.0-SNAPSHOT.jar:/home/runner/.m2/repository/org/apache/ratis/ratis-tools/2.3.0/ratis-tools-2.3.0.jar:/home/runner/.m2/repository/com/amazonaws/aws-java-sdk-core/1.12.261/aws-java-sdk-core-1.12.261.jar:/home/runner/.m2/repository/org/apache/httpcomponents/httpclient/4.5.13/httpclient-4.5.13.jar:/home/runner/.m2/repository/org/apache/httpcomponents/httpcore/4.4.13/httpcore-4.4.13.jar:/home/runner/.m2/repository/software/amazon/ion/ion-java/1.0.2/ion-java-1.0.2.jar:/home/runner/.m2/repository/com/fasterxml/jackson/dataformat/jackson-dataformat-cbor/2.13.2/jackson-dataformat-cbor-2.13.2.jar:/home/runner/.m2/repository/joda-time/joda-time/2.8.1/joda-time-2.8.1.jar:/home/runner/.m2/repository/com/amazonaws/aws-java-sdk-s3/1.12.261/aws-java-sdk-s3-1.12.261.jar:/home/runner/.m2/repository/com/amazonaws/aws-java-sdk-kms/1.12.261/aws-java-sdk-kms-1.12.261.jar:/home/runner/.m2/repository/com/amazonaws/jmespath-java/1.12.261/jmespath-java-1.12.261.jar:/home/runner/.m2/repository/org/kohsuke/metainf-services/metainf-services/1.8/metainf-services-1.8.jar:/home/runner/.m2/repository/org/apache/ozone/hdds-tools/1.3.0-SNAPSHOT/hdds-tools-1.3.0-SNAPSHOT.jar:/home/runner/.m2/repository/commons-cli/commons-cli/1.2/commons-cli-1.2.jar:/home/runner/.m2/repository/org/apache/commons/commons-lang3/3.7/commons-lang3-3.7.jar:/home/runner/.m2/repository/org/apache/ozone/ozone-manager/1.3.0-SNAPSHOT/ozone-manager-1.3.0-SNAPSHOT-tests.jar:/home/runner/.m2/repository/org/apache/ozone/hdds-common/1.3.0-SNAPSHOT/hdds-common-1.3.0-SNAPSHOT-tests.jar:/home/runner/.m2/repository/org/apache/ozone/hdds-hadoop-dependency-client/1.3.0-SNAPSHOT/hdds-hadoop-dependency-client-1.3.0-SNAPSHOT.jar:/home/runner/.m2/repository/info/picocli/picocli/4.6.1/picocli-4.6.1.jar:/home/runner/.m2/repository/com/fasterxml/jackson/core/jackson-annotations/2.13.2/jackson-annotations-2.13.2.jar:/home/runner/.m2/repository/com/fasterxml/jackson/datatype/jackson-datatype-jsr310/2.13.2/jackson-datatype-jsr310-2.13.2.jar:/home/runner/.m2/repository/javax/annotation/javax.annotation-api/1.2/javax.annotation-api-1.2.jar:/home/runner/.m2/repository/org/apache/ratis/ratis-server/2.3.0/ratis-server-2.3.0.jar:/home/runner/.m2/repository/org/apache/ratis/ratis-client/2.3.0/ratis-client-2.3.0.jar:/home/runner/.m2/repository/org/apache/ratis/ratis-server-api/2.3.0/ratis-server-api-2.3.0.jar:/home/runner/.m2/repository/org/apache/ratis/ratis-metrics/2.3.0/ratis-metrics-2.3.0.jar:/home/runner/.m2/repository/org/apache/ratis/ratis-netty/2.3.0/ratis-netty-2.3.0.jar:/home/runner/.m2/repository/org/apache/ratis/ratis-grpc/2.3.0/ratis-grpc-2.3.0.jar:/home/runner/.m2/repository/org/apache/logging/log4j/log4j-api/2.17.1/log4j-api-2.17.1.jar:/home/runner/.m2/repository/org/apache/commons/commons-pool2/2.6.0/commons-pool2-2.6.0.jar:/home/runner/.m2/repository/org/bouncycastle/bcpkix-jdk15on/1.67/bcpkix-jdk15on-1.67.jar:/home/runner/.m2/repository/commons-validator/commons-validator/1.6/commons-validator-1.6.jar:/home/runner/.m2/repository/commons-beanutils/commons-beanutils/1.9.4/commons-beanutils-1.9.4.jar:/home/runner/.m2/repository/commons-digester/commons-digester/1.8.1/commons-digester-1.8.1.jar:/home/runner/.m2/repository/commons-collections/commons-collections/3.2.2/commons-collections-3.2.2.jar:/home/runner/.m2/repository/io/jaegertracing/jaeger-client/1.6.0/jaeger-client-1.6.0.jar:/home/runner/.m2/repository/io/jaegertracing/jaeger-thrift/1.6.0/jaeger-thrift-1.6.0.jar:/home/runner/.m2/repository/org/apache/thrift/libthrift/0.14.1/libthrift-0.14.1.jar:/home/runner/.m2/repository/com/squareup/okhttp3/okhttp/4.9.0/okhttp-4.9.0.jar:/home/runner/.m2/repository/com/squareup/okio/okio/2.8.0/okio-2.8.0.jar:/home/runner/.m2/repository/io/jaegertracing/jaeger-core/1.6.0/jaeger-core-1.6.0.jar:/home/runner/.m2/repository/io/jaegertracing/jaeger-tracerresolver/1.6.0/jaeger-tracerresolver-1.6.0.jar:/home/runner/.m2/repository/io/opentracing/contrib/opentracing-tracerresolver/0.1.8/opentracing-tracerresolver-0.1.8.jar:/home/runner/.m2/repository/org/jetbrains/kotlin/kotlin-stdlib/1.6.21/kotlin-stdlib-1.6.21.jar:/home/runner/.m2/repository/org/jetbrains/kotlin/kotlin-stdlib-common/1.6.21/kotlin-stdlib-common-1.6.21.jar:/home/runner/.m2/repository/org/jetbrains/annotations/13.0/annotations-13.0.jar:/home/runner/.m2/repository/io/opentracing/opentracing-util/0.33.0/opentracing-util-0.33.0.jar:/home/runner/.m2/repository/io/opentracing/opentracing-api/0.33.0/opentracing-api-0.33.0.jar:/home/runner/.m2/repository/io/opentracing/opentracing-noop/0.33.0/opentracing-noop-0.33.0.jar:/home/runner/.m2/repository/org/yaml/snakeyaml/1.26/snakeyaml-1.26.jar:/home/runner/.m2/repository/org/apache/ozone/hdds-interface-admin/1.3.0-SNAPSHOT/hdds-interface-admin-1.3.0-SNAPSHOT.jar:/home/runner/.m2/repository/junit/junit/4.13.1/junit-4.13.1.jar:/home/runner/.m2/repository/org/hamcrest/hamcrest-core/1.3/hamcrest-core-1.3.jar:/home/runner/.m2/repository/org/junit/jupiter/junit-jupiter-api/5.8.2/junit-jupiter-api-5.8.2.jar:/home/runner/.m2/repository/org/opentest4j/opentest4j/1.2.0/opentest4j-1.2.0.jar:/home/runner/.m2/repository/org/junit/platform/junit-platform-commons/1.8.2/junit-platform-commons-1.8.2.jar:/home/runner/.m2/repository/org/apiguardian/apiguardian-api/1.1.2/apiguardian-api-1.1.2.jar:/home/runner/.m2/repository/org/junit/jupiter/junit-jupiter-params/5.8.2/junit-jupiter-params-5.8.2.jar:/home/runner/.m2/repository/org/junit/jupiter/junit-jupiter-migrationsupport/5.8.2/junit-jupiter-migrationsupport-5.8.2.jar:/home/runner/.m2/repository/org/junit/jupiter/junit-jupiter-engine/5.8.2/junit-jupiter-engine-5.8.2.jar:/home/runner/.m2/repository/org/junit/platform/junit-platform-engine/1.8.2/junit-platform-engine-1.8.2.jar:/home/runner/.m2/repository/org/junit/vintage/junit-vintage-engine/5.8.2/junit-vintage-engine-5.8.2.jar:/home/runner/.m2/repository/org/junit/platform/junit-platform-launcher/1.8.2/junit-platform-launcher-1.8.2.jar:/home/runner/.m2/repository/org/mockito/mockito-core/2.28.2/mockito-core-2.28.2.jar:/home/runner/.m2/repository/net/bytebuddy/byte-buddy/1.9.10/byte-buddy-1.9.10.jar:/home/runner/.m2/repository/net/bytebuddy/byte-buddy-agent/1.9.10/byte-buddy-agent-1.9.10.jar:/home/runner/.m2/repository/org/objenesis/objenesis/1.0/objenesis-1.0.jar:/home/runner/.m2/repository/org/apache/hadoop/hadoop-kms/3.3.1/hadoop-kms-3.3.1.jar:/home/runner/.m2/repository/org/apache/hadoop/hadoop-auth/3.3.1/hadoop-auth-3.3.1.jar:/home/runner/.m2/repository/com/nimbusds/nimbus-jose-jwt/7.9/nimbus-jose-jwt-7.9.jar:/home/runner/.m2/repository/com/github/stephenc/jcip/jcip-annotations/1.0-1/jcip-annotations-1.0-1.jar:/home/runner/.m2/repository/net/minidev/json-smart/2.4.7/json-smart-2.4.7.jar:/home/runner/.m2/repository/net/minidev/accessors-smart/2.4.7/accessors-smart-2.4.7.jar:/home/runner/.m2/repository/org/ow2/asm/asm/5.0.4/asm-5.0.4.jar:/home/runner/.m2/repository/org/apache/zookeeper/zookeeper/3.5.6/zookeeper-3.5.6.jar:/home/runner/.m2/repository/org/apache/zookeeper/zookeeper-jute/3.5.6/zookeeper-jute-3.5.6.jar:/home/runner/.m2/repository/org/apache/yetus/audience-annotations/0.5.0/audience-annotations-0.5.0.jar:/home/runner/.m2/repository/org/apache/curator/curator-framework/4.2.0/curator-framework-4.2.0.jar:/home/runner/.m2/repository/org/apache/hadoop/thirdparty/hadoop-shaded-guava/1.1.1/hadoop-shaded-guava-1.1.1.jar:/home/runner/.m2/repository/com/sun/jersey/jersey-core/1.19/jersey-core-1.19.jar:/home/runner/.m2/repository/javax/ws/rs/jsr311-api/1.1.1/jsr311-api-1.1.1.jar:/home/runner/.m2/repository/com/sun/jersey/jersey-server/1.19/jersey-server-1.19.jar:/home/runner/.m2/repository/javax/servlet/javax.servlet-api/3.1.0/javax.servlet-api-3.1.0.jar:/home/runner/.m2/repository/org/eclipse/jetty/jetty-server/9.4.43.v20210629/jetty-server-9.4.43.v20210629.jar:/home/runner/.m2/repository/org/eclipse/jetty/jetty-http/9.4.43.v20210629/jetty-http-9.4.43.v20210629.jar:/home/runner/.m2/repository/org/eclipse/jetty/jetty-io/9.4.43.v20210629/jetty-io-9.4.43.v20210629.jar:/home/runner/.m2/repository/org/eclipse/jetty/jetty-webapp/9.4.43.v20210629/jetty-webapp-9.4.43.v20210629.jar:/home/runner/.m2/repository/org/eclipse/jetty/jetty-xml/9.4.43.v20210629/jetty-xml-9.4.43.v20210629.jar:/home/runner/.m2/repository/org/apache/hadoop/hadoop-common/3.3.1/hadoop-common-3.3.1.jar:/home/runner/.m2/repository/org/apache/commons/commons-math3/3.1.1/commons-math3-3.1.1.jar:/home/runner/.m2/repository/commons-net/commons-net/3.6/commons-net-3.6.jar:/home/runner/.m2/repository/com/sun/jersey/jersey-servlet/1.19/jersey-servlet-1.19.jar:/home/runner/.m2/repository/com/sun/jersey/jersey-json/1.19/jersey-json-1.19.jar:/home/runner/.m2/repository/org/codehaus/jettison/jettison/1.1/jettison-1.1.jar:/home/runner/.m2/repository/com/sun/xml/bind/jaxb-impl/2.2.3-1/jaxb-impl-2.2.3-1.jar:/home/runner/.m2/repository/org/codehaus/jackson/jackson-xc/1.9.2/jackson-xc-1.9.2.jar:/home/runner/.m2/repository/org/apache/commons/commons-configuration2/2.1.1/commons-configuration2-2.1.1.jar:/home/runner/.m2/repository/org/apache/commons/commons-text/1.4/commons-text-1.4.jar:/home/runner/.m2/repository/com/google/re2j/re2j/1.1/re2j-1.1.jar:/home/runner/.m2/repository/com/jcraft/jsch/0.1.54/jsch-0.1.54.jar:/home/runner/.m2/repository/org/apache/curator/curator-client/4.2.0/curator-client-4.2.0.jar:/home/runner/.m2/repository/org/apache/curator/curator-recipes/4.2.0/curator-recipes-4.2.0.jar:/home/runner/.m2/repository/org/apache/kerby/kerb-core/1.0.1/kerb-core-1.0.1.jar:/home/runner/.m2/repository/org/apache/kerby/kerby-pkix/1.0.1/kerby-pkix-1.0.1.jar:/home/runner/.m2/repository/org/apache/kerby/kerby-asn1/1.0.1/kerby-asn1-1.0.1.jar:/home/runner/.m2/repository/org/apache/kerby/kerby-util/1.0.1/kerby-util-1.0.1.jar:/home/runner/.m2/repository/dnsjava/dnsjava/2.1.7/dnsjava-2.1.7.jar:/home/runner/.m2/repository/org/xerial/snappy/snappy-java/1.1.8.2/snappy-java-1.1.8.2.jar:/home/runner/.m2/repository/org/slf4j/jul-to-slf4j/1.7.30/jul-to-slf4j-1.7.30.jar:/home/runner/.m2/repository/org/eclipse/jetty/jetty-util/9.4.43.v20210629/jetty-util-9.4.43.v20210629.jar:/home/runner/.m2/repository/com/fasterxml/jackson/core/jackson-databind/2.13.2.2/jackson-databind-2.13.2.2.jar:/home/runner/.m2/repository/org/apache/hadoop/hadoop-kms/3.3.1/hadoop-kms-3.3.1-tests.jar:/home/runner/.m2/repository/org/apache/ozone/hdds-server-scm/1.3.0-SNAPSHOT/hdds-server-scm-1.3.0-SNAPSHOT-tests.jar:/home/runner/.m2/repository/org/apache/ozone/hdds-container-service/1.3.0-SNAPSHOT/hdds-container-service-1.3.0-SNAPSHOT-tests.jar:/home/runner/.m2/repository/commons-codec/commons-codec/1.11/commons-codec-1.11.jar:/home/runner/.m2/repository/io/netty/netty-codec/4.1.79.Final/netty-codec-4.1.79.Final.jar:/home/runner/.m2/repository/io/netty/netty-handler/4.1.79.Final/netty-handler-4.1.79.Final.jar:/home/runner/.m2/repository/org/apache/ozone/hdds-hadoop-dependency-test/1.3.0-SNAPSHOT/hdds-hadoop-dependency-test-1.3.0-SNAPSHOT.jar:/home/runner/.m2/repository/org/apache/hadoop/hadoop-common/3.3.1/hadoop-common-3.3.1-tests.jar:/home/runner/.m2/repository/org/assertj/assertj-core/3.12.2/assertj-core-3.12.2.jar:/home/runner/.m2/repository/org/apache/hadoop/hadoop-hdfs/3.3.1/hadoop-hdfs-3.3.1-tests.jar:/home/runner/.m2/repository/org/eclipse/jetty/jetty-util-ajax/9.4.43.v20210629/jetty-util-ajax-9.4.43.v20210629.jar:/home/runner/.m2/repository/commons-daemon/commons-daemon/1.0.13/commons-daemon-1.0.13.jar:/home/runner/.m2/repository/io/netty/netty/3.10.6.Final/netty-3.10.6.Final.jar:/home/runner/.m2/repository/io/netty/netty-all/4.1.79.Final/netty-all-4.1.79.Final.jar:/home/runner/.m2/repository/io/netty/netty-codec-dns/4.1.79.Final/netty-codec-dns-4.1.79.Final.jar:/home/runner/.m2/repository/io/netty/netty-codec-haproxy/4.1.79.Final/netty-codec-haproxy-4.1.79.Final.jar:/home/runner/.m2/repository/io/netty/netty-codec-memcache/4.1.79.Final/netty-codec-memcache-4.1.79.Final.jar:/home/runner/.m2/repository/io/netty/netty-codec-mqtt/4.1.79.Final/netty-codec-mqtt-4.1.79.Final.jar:/home/runner/.m2/repository/io/netty/netty-codec-redis/4.1.79.Final/netty-codec-redis-4.1.79.Final.jar:/home/runner/.m2/repository/io/netty/netty-codec-smtp/4.1.79.Final/netty-codec-smtp-4.1.79.Final.jar:/home/runner/.m2/repository/io/netty/netty-codec-stomp/4.1.79.Final/netty-codec-stomp-4.1.79.Final.jar:/home/runner/.m2/repository/io/netty/netty-codec-xml/4.1.79.Final/netty-codec-xml-4.1.79.Final.jar:/home/runner/.m2/repository/io/netty/netty-resolver-dns/4.1.79.Final/netty-resolver-dns-4.1.79.Final.jar:/home/runner/.m2/repository/io/netty/netty-transport-rxtx/4.1.79.Final/netty-transport-rxtx-4.1.79.Final.jar:/home/runner/.m2/repository/io/netty/netty-transport-sctp/4.1.79.Final/netty-transport-sctp-4.1.79.Final.jar:/home/runner/.m2/repository/io/netty/netty-transport-udt/4.1.79.Final/netty-transport-udt-4.1.79.Final.jar:/home/runner/.m2/repository/io/netty/netty-transport-classes-kqueue/4.1.79.Final/netty-transport-classes-kqueue-4.1.79.Final.jar:/home/runner/.m2/repository/io/netty/netty-resolver-dns-classes-macos/4.1.79.Final/netty-resolver-dns-classes-macos-4.1.79.Final.jar:/home/runner/.m2/repository/io/netty/netty-transport-native-epoll/4.1.79.Final/netty-transport-native-epoll-4.1.79.Final-linux-aarch_64.jar:/home/runner/.m2/repository/io/netty/netty-transport-native-kqueue/4.1.79.Final/netty-transport-native-kqueue-4.1.79.Final-osx-x86_64.jar:/home/runner/.m2/repository/io/netty/netty-transport-native-kqueue/4.1.79.Final/netty-transport-native-kqueue-4.1.79.Final-osx-aarch_64.jar:/home/runner/.m2/repository/io/netty/netty-resolver-dns-native-macos/4.1.79.Final/netty-resolver-dns-native-macos-4.1.79.Final-osx-x86_64.jar:/home/runner/.m2/repository/io/netty/netty-resolver-dns-native-macos/4.1.79.Final/netty-resolver-dns-native-macos-4.1.79.Final-osx-aarch_64.jar:/home/runner/.m2/repository/org/apache/htrace/htrace-core4/4.1.0-incubating/htrace-core4-4.1.0-incubating.jar:/home/runner/.m2/repository/org/fusesource/leveldbjni/leveldbjni-all/1.8/leveldbjni-all-1.8.jar:/home/runner/.m2/repository/org/apache/hadoop/hadoop-distcp/3.3.1/hadoop-distcp-3.3.1.jar:/home/runner/.m2/repository/org/apache/hadoop/hadoop-mapreduce-client-jobclient/3.3.1/hadoop-mapreduce-client-jobclient-3.3.1.jar:/home/runner/.m2/repository/org/apache/hadoop/hadoop-mapreduce-client-common/3.3.1/hadoop-mapreduce-client-common-3.3.1.jar:/home/runner/.m2/repository/org/apache/hadoop/hadoop-yarn-common/3.3.1/hadoop-yarn-common-3.3.1.jar:/home/runner/.m2/repository/org/apache/hadoop/hadoop-yarn-api/3.3.1/hadoop-yarn-api-3.3.1.jar:/home/runner/.m2/repository/com/sun/jersey/contribs/jersey-guice/1.19/jersey-guice-1.19.jar:/home/runner/.m2/repository/com/fasterxml/jackson/jaxrs/jackson-jaxrs-json-provider/2.13.2/jackson-jaxrs-json-provider-2.13.2.jar:/home/runner/.m2/repository/com/fasterxml/jackson/jaxrs/jackson-jaxrs-base/2.13.2/jackson-jaxrs-base-2.13.2.jar:/home/runner/.m2/repository/org/apache/hadoop/hadoop-yarn-client/3.3.1/hadoop-yarn-client-3.3.1.jar:/home/runner/.m2/repository/org/eclipse/jetty/websocket/websocket-client/9.4.40.v20210413/websocket-client-9.4.40.v20210413.jar:/home/runner/.m2/repository/org/eclipse/jetty/websocket/websocket-common/9.4.40.v20210413/websocket-common-9.4.40.v20210413.jar:/home/runner/.m2/repository/org/eclipse/jetty/websocket/websocket-api/9.4.40.v20210413/websocket-api-9.4.40.v20210413.jar:/home/runner/.m2/repository/org/jline/jline/3.9.0/jline-3.9.0.jar:/home/runner/.m2/repository/org/apache/hadoop/hadoop-mapreduce-client-core/3.3.1/hadoop-mapreduce-client-core-3.3.1.jar:/home/runner/.m2/repository/org/apache/avro/avro/1.7.7/avro-1.7.7.jar:/home/runner/.m2/repository/org/codehaus/jackson/jackson-core-asl/1.9.13/jackson-core-asl-1.9.13.jar:/home/runner/.m2/repository/org/codehaus/jackson/jackson-mapper-asl/1.9.13/jackson-mapper-asl-1.9.13.jar:/home/runner/.m2/repository/com/thoughtworks/paranamer/paranamer/2.3/paranamer-2.3.jar:/home/runner/.m2/repository/org/apache/hadoop/hadoop-annotations/3.3.1/hadoop-annotations-3.3.1.jar:/usr/lib/jvm/temurin-8-jdk-amd64/jre/../lib/tools.jar:/home/runner/.m2/repository/org/apache/hadoop/hadoop-distcp/3.3.1/hadoop-distcp-3.3.1-tests.jar:/home/runner/.m2/repository/org/apache/ratis/ratis-common/2.3.0/ratis-common-2.3.0.jar:/home/runner/.m2/repository/org/apache/ratis/ratis-thirdparty-misc/1.0.0/ratis-thirdparty-misc-1.0.0.jar:/home/runner/.m2/repository/org/apache/ratis/ratis-proto/2.3.0/ratis-proto-2.3.0.jar:/home/runner/.m2/repository/org/apache/ozone/ozone-annotation-processing/1.3.0-SNAPSHOT/ozone-annotation-processing-1.3.0-SNAPSHOT.jar:"/>
    <property name="java.vm.vendor" value="Temurin"/>
    <property name="sun.arch.data.model" value="64"/>
    <property name="test.build.dir" value="/home/runner/work/ozone/ozone/hadoop-ozone/integration-test/target/test-dir"/>
    <property name="test.cache.data" value=""/>
    <property name="java.vendor.url" value="https://adoptium.net/"/>
    <property name="user.timezone" value="Etc/UTC"/>
    <property name="java.vm.specification.version" value="1.8"/>
    <property name="os.name" value="Linux"/>
    <property name="test.build.data" value="/home/runner/work/ozone/ozone/hadoop-ozone/integration-test/target/test-dir"/>
    <property name="sun.java.launcher" value="SUN_STANDARD"/>
    <property name="sun.boot.library.path" value="/usr/lib/jvm/temurin-8-jdk-amd64/jre/lib/amd64"/>
    <property name="sun.java.command" value="/home/runner/work/ozone/ozone/hadoop-ozone/integration-test/target/surefire/surefirebooter9150548743066702092.jar /home/runner/work/ozone/ozone/hadoop-ozone/integration-test/target/surefire 2022-08-08T16-50-32_886-jvmRun1 surefire8387066845427984525tmp surefire_277112663343338555724tmp"/>
    <property name="surefire.test.class.path" value="/home/runner/work/ozone/ozone/hadoop-ozone/integration-test/target/test-classes:/home/runner/work/ozone/ozone/hadoop-ozone/integration-test/target/classes:/home/runner/.m2/repository/org/apache/ozone/ozone-common/1.3.0-SNAPSHOT/ozone-common-1.3.0-SNAPSHOT.jar:/home/runner/.m2/repository/io/grpc/grpc-netty/1.48.1/grpc-netty-1.48.1.jar:/home/runner/.m2/repository/io/grpc/grpc-core/1.48.1/grpc-core-1.48.1.jar:/home/runner/.m2/repository/com/google/android/annotations/4.1.1.4/annotations-4.1.1.4.jar:/home/runner/.m2/repository/org/codehaus/mojo/animal-sniffer-annotations/1.21/animal-sniffer-annotations-1.21.jar:/home/runner/.m2/repository/com/google/errorprone/error_prone_annotations/2.2.0/error_prone_annotations-2.2.0.jar:/home/runner/.m2/repository/io/perfmark/perfmark-api/0.25.0/perfmark-api-0.25.0.jar:/home/runner/.m2/repository/io/netty/netty-codec-http2/4.1.79.Final/netty-codec-http2-4.1.79.Final.jar:/home/runner/.m2/repository/io/netty/netty-common/4.1.79.Final/netty-common-4.1.79.Final.jar:/home/runner/.m2/repository/io/netty/netty-buffer/4.1.79.Final/netty-buffer-4.1.79.Final.jar:/home/runner/.m2/repository/io/netty/netty-codec-http/4.1.79.Final/netty-codec-http-4.1.79.Final.jar:/home/runner/.m2/repository/io/netty/netty-handler-proxy/4.1.79.Final/netty-handler-proxy-4.1.79.Final.jar:/home/runner/.m2/repository/io/netty/netty-codec-socks/4.1.79.Final/netty-codec-socks-4.1.79.Final.jar:/home/runner/.m2/repository/io/netty/netty-tcnative-boringssl-static/2.0.53.Final/netty-tcnative-boringssl-static-2.0.53.Final.jar:/home/runner/.m2/repository/io/netty/netty-tcnative-classes/2.0.53.Final/netty-tcnative-classes-2.0.53.Final.jar:/home/runner/.m2/repository/io/netty/netty-tcnative-boringssl-static/2.0.53.Final/netty-tcnative-boringssl-static-2.0.53.Final-linux-x86_64.jar:/home/runner/.m2/repository/io/netty/netty-tcnative-boringssl-static/2.0.53.Final/netty-tcnative-boringssl-static-2.0.53.Final-linux-aarch_64.jar:/home/runner/.m2/repository/io/netty/netty-tcnative-boringssl-static/2.0.53.Final/netty-tcnative-boringssl-static-2.0.53.Final-osx-x86_64.jar:/home/runner/.m2/repository/io/netty/netty-tcnative-boringssl-static/2.0.53.Final/netty-tcnative-boringssl-static-2.0.53.Final-osx-aarch_64.jar:/home/runner/.m2/repository/io/netty/netty-tcnative-boringssl-static/2.0.53.Final/netty-tcnative-boringssl-static-2.0.53.Final-windows-x86_64.jar:/home/runner/.m2/repository/org/apache/commons/commons-compress/1.21/commons-compress-1.21.jar:/home/runner/.m2/repository/org/apache/ozone/hdds-common/1.3.0-SNAPSHOT/hdds-common-1.3.0-SNAPSHOT.jar:/home/runner/.m2/repository/org/apache/ozone/hdds-client/1.3.0-SNAPSHOT/hdds-client-1.3.0-SNAPSHOT.jar:/home/runner/.m2/repository/org/apache/ozone/ozone-interface-client/1.3.0-SNAPSHOT/ozone-interface-client-1.3.0-SNAPSHOT.jar:/home/runner/.m2/repository/org/apache/ozone/hdds-test-utils/1.3.0-SNAPSHOT/hdds-test-utils-1.3.0-SNAPSHOT.jar:/home/runner/.m2/repository/com/google/guava/guava/31.1-jre/guava-31.1-jre.jar:/home/runner/.m2/repository/com/google/guava/failureaccess/1.0.1/failureaccess-1.0.1.jar:/home/runner/.m2/repository/com/google/guava/listenablefuture/9999.0-empty-to-avoid-conflict-with-guava/listenablefuture-9999.0-empty-to-avoid-conflict-with-guava.jar:/home/runner/.m2/repository/com/google/code/findbugs/jsr305/3.0.0/jsr305-3.0.0.jar:/home/runner/.m2/repository/org/checkerframework/checker-qual/3.12.0/checker-qual-3.12.0.jar:/home/runner/.m2/repository/com/google/j2objc/j2objc-annotations/1.3/j2objc-annotations-1.3.jar:/home/runner/.m2/repository/commons-io/commons-io/2.11.0/commons-io-2.11.0.jar:/home/runner/.m2/repository/commons-logging/commons-logging/1.2/commons-logging-1.2.jar:/home/runner/.m2/repository/log4j/log4j/1.2.17/log4j-1.2.17.jar:/home/runner/.m2/repository/org/slf4j/slf4j-api/1.7.30/slf4j-api-1.7.30.jar:/home/runner/.m2/repository/org/apache/ozone/hdds-server-scm/1.3.0-SNAPSHOT/hdds-server-scm-1.3.0-SNAPSHOT.jar:/home/runner/.m2/repository/org/apache/ozone/hdds-container-service/1.3.0-SNAPSHOT/hdds-container-service-1.3.0-SNAPSHOT.jar:/home/runner/.m2/repository/org/apache/ozone/hdds-hadoop-dependency-server/1.3.0-SNAPSHOT/hdds-hadoop-dependency-server-1.3.0-SNAPSHOT.jar:/home/runner/.m2/repository/org/apache/hadoop/hadoop-hdfs/3.3.1/hadoop-hdfs-3.3.1.jar:/home/runner/.m2/repository/org/apache/ozone/hdds-server-framework/1.3.0-SNAPSHOT/hdds-server-framework-1.3.0-SNAPSHOT.jar:/home/runner/.m2/repository/org/apache/ozone/hdds-interface-server/1.3.0-SNAPSHOT/hdds-interface-server-1.3.0-SNAPSHOT.jar:/home/runner/.m2/repository/org/apache/logging/log4j/log4j-core/2.17.1/log4j-core-2.17.1.jar:/home/runner/.m2/repository/com/lmax/disruptor/3.4.2/disruptor-3.4.2.jar:/home/runner/.m2/repository/org/eclipse/jetty/jetty-servlet/9.4.43.v20210629/jetty-servlet-9.4.43.v20210629.jar:/home/runner/.m2/repository/org/eclipse/jetty/jetty-security/9.4.43.v20210629/jetty-security-9.4.43.v20210629.jar:/home/runner/.m2/repository/org/rocksdb/rocksdbjni/6.29.5/rocksdbjni-6.29.5.jar:/home/runner/.m2/repository/io/prometheus/simpleclient_dropwizard/0.7.0/simpleclient_dropwizard-0.7.0.jar:/home/runner/.m2/repository/io/prometheus/simpleclient/0.7.0/simpleclient-0.7.0.jar:/home/runner/.m2/repository/io/prometheus/simpleclient_common/0.7.0/simpleclient_common-0.7.0.jar:/home/runner/.m2/repository/io/dropwizard/metrics/metrics-core/3.2.4/metrics-core-3.2.4.jar:/home/runner/.m2/repository/org/apache/hadoop/hadoop-hdfs-client/3.3.1/hadoop-hdfs-client-3.3.1.jar:/home/runner/.m2/repository/org/bouncycastle/bcprov-jdk15on/1.67/bcprov-jdk15on-1.67.jar:/home/runner/.m2/repository/com/google/protobuf/protobuf-java/2.5.0/protobuf-java-2.5.0.jar:/home/runner/.m2/repository/org/apache/ozone/ozone-manager/1.3.0-SNAPSHOT/ozone-manager-1.3.0-SNAPSHOT.jar:/home/runner/.m2/repository/org/aspectj/aspectjrt/1.9.7/aspectjrt-1.9.7.jar:/home/runner/.m2/repository/org/aspectj/aspectjweaver/1.9.7/aspectjweaver-1.9.7.jar:/home/runner/.m2/repository/org/apache/ozone/hdds-interface-client/1.3.0-SNAPSHOT/hdds-interface-client-1.3.0-SNAPSHOT.jar:/home/runner/.m2/repository/org/apache/hadoop/thirdparty/hadoop-shaded-protobuf_3_7/1.1.1/hadoop-shaded-protobuf_3_7-1.1.1.jar:/home/runner/.m2/repository/org/apache/ozone/ozone-interface-storage/1.3.0-SNAPSHOT/ozone-interface-storage-1.3.0-SNAPSHOT.jar:/home/runner/.m2/repository/org/reflections/reflections/0.9.11/reflections-0.9.11.jar:/home/runner/.m2/repository/com/sun/jersey/jersey-client/1.19/jersey-client-1.19.jar:/home/runner/.m2/repository/org/apache/ranger/ranger-intg/2.3.0/ranger-intg-2.3.0.jar:/home/runner/.m2/repository/org/apache/ranger/ranger-plugins-common/2.3.0/ranger-plugins-common-2.3.0.jar:/home/runner/.m2/repository/commons-lang/commons-lang/2.6/commons-lang-2.6.jar:/home/runner/.m2/repository/org/codehaus/jackson/jackson-jaxrs/1.9.13/jackson-jaxrs-1.9.13.jar:/home/runner/.m2/repository/org/apache/ranger/ranger-plugins-cred/2.3.0/ranger-plugins-cred-2.3.0.jar:/home/runner/.m2/repository/org/apache/ranger/ranger-plugins-audit/2.3.0/ranger-plugins-audit-2.3.0.jar:/home/runner/.m2/repository/org/apache/kafka/kafka-clients/2.8.1/kafka-clients-2.8.1.jar:/home/runner/.m2/repository/com/github/luben/zstd-jni/1.4.9-1/zstd-jni-1.4.9-1.jar:/home/runner/.m2/repository/org/apache/solr/solr-solrj/8.6.3/solr-solrj-8.6.3.jar:/home/runner/.m2/repository/org/slf4j/jcl-over-slf4j/1.7.24/jcl-over-slf4j-1.7.24.jar:/home/runner/.m2/repository/org/eclipse/jetty/jetty-client/9.4.31.v20200723/jetty-client-9.4.31.v20200723.jar:/home/runner/.m2/repository/org/apache/httpcomponents/httpmime/4.5.6/httpmime-4.5.6.jar:/home/runner/.m2/repository/org/apache/httpcomponents/httpcore-nio/4.4.6/httpcore-nio-4.4.6.jar:/home/runner/.m2/repository/org/apache/httpcomponents/httpasyncclient/4.1.3/httpasyncclient-4.1.3.jar:/home/runner/.m2/repository/com/carrotsearch/hppc/0.8.0/hppc-0.8.0.jar:/home/runner/.m2/repository/org/apache/hive/hive-storage-api/2.7.2/hive-storage-api-2.7.2.jar:/home/runner/.m2/repository/org/apache/orc/orc-core/1.5.8/orc-core-1.5.8.jar:/home/runner/.m2/repository/com/amazonaws/aws-java-sdk-bundle/1.12.125/aws-java-sdk-bundle-1.12.125.jar:/home/runner/.m2/repository/net/java/dev/jna/jna/5.2.0/jna-5.2.0.jar:/home/runner/.m2/repository/net/java/dev/jna/jna-platform/5.2.0/jna-platform-5.2.0.jar:/home/runner/.m2/repository/com/kstruct/gethostname4j/0.0.2/gethostname4j-0.0.2.jar:/home/runner/.m2/repository/org/apache/ranger/ranger-plugin-classloader/2.3.0/ranger-plugin-classloader-2.3.0.jar:/home/runner/.m2/repository/org/apache/hadoop/hadoop-minikdc/3.3.1/hadoop-minikdc-3.3.1.jar:/home/runner/.m2/repository/org/apache/kerby/kerb-simplekdc/1.0.1/kerb-simplekdc-1.0.1.jar:/home/runner/.m2/repository/org/apache/kerby/kerb-client/1.0.1/kerb-client-1.0.1.jar:/home/runner/.m2/repository/org/apache/kerby/kerby-config/1.0.1/kerby-config-1.0.1.jar:/home/runner/.m2/repository/org/apache/kerby/kerb-common/1.0.1/kerb-common-1.0.1.jar:/home/runner/.m2/repository/org/apache/kerby/kerb-crypto/1.0.1/kerb-crypto-1.0.1.jar:/home/runner/.m2/repository/org/apache/kerby/kerb-util/1.0.1/kerb-util-1.0.1.jar:/home/runner/.m2/repository/org/apache/kerby/token-provider/1.0.1/token-provider-1.0.1.jar:/home/runner/.m2/repository/org/apache/kerby/kerb-admin/1.0.1/kerb-admin-1.0.1.jar:/home/runner/.m2/repository/org/apache/kerby/kerb-server/1.0.1/kerb-server-1.0.1.jar:/home/runner/.m2/repository/org/apache/kerby/kerb-identity/1.0.1/kerb-identity-1.0.1.jar:/home/runner/.m2/repository/org/apache/kerby/kerby-xdr/1.0.1/kerby-xdr-1.0.1.jar:/home/runner/.m2/repository/org/slf4j/slf4j-log4j12/1.7.30/slf4j-log4j12-1.7.30.jar:/home/runner/.m2/repository/org/apache/ozone/ozone-s3gateway/1.3.0-SNAPSHOT/ozone-s3gateway-1.3.0-SNAPSHOT.jar:/home/runner/.m2/repository/org/javassist/javassist/3.21.0-GA/javassist-3.21.0-GA.jar:/home/runner/.m2/repository/org/jboss/weld/servlet/weld-servlet/2.4.7.Final/weld-servlet-2.4.7.Final.jar:/home/runner/.m2/repository/org/glassfish/jersey/containers/jersey-container-servlet-core/2.33/jersey-container-servlet-core-2.33.jar:/home/runner/.m2/repository/org/glassfish/hk2/external/jakarta.inject/2.6.1/jakarta.inject-2.6.1.jar:/home/runner/.m2/repository/org/glassfish/jersey/core/jersey-common/2.33/jersey-common-2.33.jar:/home/runner/.m2/repository/jakarta/ws/rs/jakarta.ws.rs-api/2.1.6/jakarta.ws.rs-api-2.1.6.jar:/home/runner/.m2/repository/org/glassfish/jersey/ext/cdi/jersey-cdi1x/2.33/jersey-cdi1x-2.33.jar:/home/runner/.m2/repository/org/glassfish/jersey/inject/jersey-hk2/2.33/jersey-hk2-2.33.jar:/home/runner/.m2/repository/org/glassfish/hk2/hk2-locator/2.6.1/hk2-locator-2.6.1.jar:/home/runner/.m2/repository/org/glassfish/jersey/media/jersey-media-jaxb/2.33/jersey-media-jaxb-2.33.jar:/home/runner/.m2/repository/org/glassfish/hk2/osgi-resource-locator/1.0.3/osgi-resource-locator-1.0.3.jar:/home/runner/.m2/repository/org/glassfish/hk2/hk2-api/2.5.0/hk2-api-2.5.0.jar:/home/runner/.m2/repository/org/glassfish/hk2/hk2-utils/2.5.0/hk2-utils-2.5.0.jar:/home/runner/.m2/repository/org/glassfish/hk2/external/aopalliance-repackaged/2.5.0/aopalliance-repackaged-2.5.0.jar:/home/runner/.m2/repository/com/fasterxml/jackson/dataformat/jackson-dataformat-xml/2.13.2/jackson-dataformat-xml-2.13.2.jar:/home/runner/.m2/repository/com/fasterxml/jackson/core/jackson-core/2.13.2/jackson-core-2.13.2.jar:/home/runner/.m2/repository/org/codehaus/woodstox/stax2-api/3.1.4/stax2-api-3.1.4.jar:/home/runner/.m2/repository/com/fasterxml/woodstox/woodstox-core/5.0.3/woodstox-core-5.0.3.jar:/home/runner/.m2/repository/com/fasterxml/jackson/module/jackson-module-jaxb-annotations/2.13.2/jackson-module-jaxb-annotations-2.13.2.jar:/home/runner/.m2/repository/jakarta/xml/bind/jakarta.xml.bind-api/2.3.3/jakarta.xml.bind-api-2.3.3.jar:/home/runner/.m2/repository/jakarta/activation/jakarta.activation-api/1.2.1/jakarta.activation-api-1.2.1.jar:/home/runner/.m2/repository/javax/enterprise/cdi-api/1.2/cdi-api-1.2.jar:/home/runner/.m2/repository/javax/el/javax.el-api/3.0.0/javax.el-api-3.0.0.jar:/home/runner/.m2/repository/javax/interceptor/javax.interceptor-api/1.2/javax.interceptor-api-1.2.jar:/home/runner/.m2/repository/javax/inject/javax.inject/1/javax.inject-1.jar:/home/runner/.m2/repository/javax/xml/bind/jaxb-api/2.3.0/jaxb-api-2.3.0.jar:/home/runner/.m2/repository/org/glassfish/jaxb/jaxb-runtime/2.3.0.1/jaxb-runtime-2.3.0.1.jar:/home/runner/.m2/repository/org/glassfish/jaxb/jaxb-core/2.3.0.1/jaxb-core-2.3.0.1.jar:/home/runner/.m2/repository/org/glassfish/jaxb/txw2/2.3.0.1/txw2-2.3.0.1.jar:/home/runner/.m2/repository/com/sun/istack/istack-commons-runtime/3.0.5/istack-commons-runtime-3.0.5.jar:/home/runner/.m2/repository/org/jvnet/staxex/stax-ex/1.7.8/stax-ex-1.7.8.jar:/home/runner/.m2/repository/com/sun/xml/fastinfoset/FastInfoset/1.2.13/FastInfoset-1.2.13.jar:/home/runner/.m2/repository/javax/activation/activation/1.1.1/activation-1.1.1.jar:/home/runner/.m2/repository/io/grpc/grpc-protobuf/1.48.1/grpc-protobuf-1.48.1.jar:/home/runner/.m2/repository/io/grpc/grpc-api/1.48.1/grpc-api-1.48.1.jar:/home/runner/.m2/repository/io/grpc/grpc-context/1.48.1/grpc-context-1.48.1.jar:/home/runner/.m2/repository/com/google/api/grpc/proto-google-common-protos/2.9.0/proto-google-common-protos-2.9.0.jar:/home/runner/.m2/repository/io/grpc/grpc-protobuf-lite/1.48.1/grpc-protobuf-lite-1.48.1.jar:/home/runner/.m2/repository/io/grpc/grpc-stub/1.48.1/grpc-stub-1.48.1.jar:/home/runner/.m2/repository/io/netty/netty-transport/4.1.79.Final/netty-transport-4.1.79.Final.jar:/home/runner/.m2/repository/io/netty/netty-resolver/4.1.79.Final/netty-resolver-4.1.79.Final.jar:/home/runner/.m2/repository/org/apache/ozone/ozone-csi/1.3.0-SNAPSHOT/ozone-csi-1.3.0-SNAPSHOT.jar:/home/runner/.m2/repository/com/google/protobuf/protobuf-java-util/3.19.2/protobuf-java-util-3.19.2.jar:/home/runner/.m2/repository/com/google/code/gson/gson/2.9.0/gson-2.9.0.jar:/home/runner/.m2/repository/org/apache/ozone/hdds-config/1.3.0-SNAPSHOT/hdds-config-1.3.0-SNAPSHOT.jar:/home/runner/.m2/repository/io/netty/netty-transport-native-epoll/4.1.79.Final/netty-transport-native-epoll-4.1.79.Final-linux-x86_64.jar:/home/runner/.m2/repository/io/netty/netty-transport-classes-epoll/4.1.79.Final/netty-transport-classes-epoll-4.1.79.Final.jar:/home/runner/.m2/repository/io/netty/netty-transport-native-unix-common/4.1.79.Final/netty-transport-native-unix-common-4.1.79.Final.jar:/home/runner/.m2/repository/org/apache/ozone/ozone-recon/1.3.0-SNAPSHOT/ozone-recon-1.3.0-SNAPSHOT.jar:/home/runner/.m2/repository/org/apache/ozone/ozone-reconcodegen/1.3.0-SNAPSHOT/ozone-reconcodegen-1.3.0-SNAPSHOT.jar:/home/runner/.m2/repository/com/google/inject/extensions/guice-multibindings/4.0/guice-multibindings-4.0.jar:/home/runner/.m2/repository/com/google/inject/guice/4.0/guice-4.0.jar:/home/runner/.m2/repository/aopalliance/aopalliance/1.0/aopalliance-1.0.jar:/home/runner/.m2/repository/com/google/inject/extensions/guice-assistedinject/4.0/guice-assistedinject-4.0.jar:/home/runner/.m2/repository/com/google/inject/extensions/guice-servlet/4.0/guice-servlet-4.0.jar:/home/runner/.m2/repository/org/glassfish/jersey/containers/jersey-container-servlet/2.33/jersey-container-servlet-2.33.jar:/home/runner/.m2/repository/org/glassfish/hk2/guice-bridge/2.5.0/guice-bridge-2.5.0.jar:/home/runner/.m2/repository/org/glassfish/jersey/core/jersey-server/2.33/jersey-server-2.33.jar:/home/runner/.m2/repository/org/glassfish/jersey/core/jersey-client/2.33/jersey-client-2.33.jar:/home/runner/.m2/repository/jakarta/annotation/jakarta.annotation-api/1.3.5/jakarta.annotation-api-1.3.5.jar:/home/runner/.m2/repository/jakarta/validation/jakarta.validation-api/2.0.2/jakarta.validation-api-2.0.2.jar:/home/runner/.m2/repository/org/glassfish/jersey/media/jersey-media-json-jackson/2.33/jersey-media-json-jackson-2.33.jar:/home/runner/.m2/repository/org/glassfish/jersey/ext/jersey-entity-filtering/2.33/jersey-entity-filtering-2.33.jar:/home/runner/.m2/repository/org/jooq/jooq/3.11.10/jooq-3.11.10.jar:/home/runner/.m2/repository/org/jooq/jooq-meta/3.11.10/jooq-meta-3.11.10.jar:/home/runner/.m2/repository/org/jooq/jooq-codegen/3.11.10/jooq-codegen-3.11.10.jar:/home/runner/.m2/repository/com/jolbox/bonecp/0.8.0.RELEASE/bonecp-0.8.0.RELEASE.jar:/home/runner/.m2/repository/org/apache/derby/derby/10.14.2.0/derby-10.14.2.0.jar:/home/runner/.m2/repository/org/xerial/sqlite-jdbc/3.25.2/sqlite-jdbc-3.25.2.jar:/home/runner/.m2/repository/org/springframework/spring-jdbc/5.2.20.RELEASE/spring-jdbc-5.2.20.RELEASE.jar:/home/runner/.m2/repository/org/springframework/spring-beans/5.2.20.RELEASE/spring-beans-5.2.20.RELEASE.jar:/home/runner/.m2/repository/org/springframework/spring-core/5.2.20.RELEASE/spring-core-5.2.20.RELEASE.jar:/home/runner/.m2/repository/org/springframework/spring-jcl/5.2.20.RELEASE/spring-jcl-5.2.20.RELEASE.jar:/home/runner/.m2/repository/org/springframework/spring-tx/5.2.20.RELEASE/spring-tx-5.2.20.RELEASE.jar:/home/runner/.m2/repository/org/apache/ozone/ozone-client/1.3.0-SNAPSHOT/ozone-client-1.3.0-SNAPSHOT.jar:/home/runner/.m2/repository/org/apache/ozone/hdds-erasurecode/1.3.0-SNAPSHOT/hdds-erasurecode-1.3.0-SNAPSHOT.jar:/home/runner/.m2/repository/com/github/spotbugs/spotbugs-annotations/3.1.12/spotbugs-annotations-3.1.12.jar:/home/runner/.m2/repository/org/apache/ozone/ozone-filesystem/1.3.0-SNAPSHOT/ozone-filesystem-1.3.0-SNAPSHOT.jar:/home/runner/.m2/repository/org/apache/ozone/ozone-filesystem-common/1.3.0-SNAPSHOT/ozone-filesystem-common-1.3.0-SNAPSHOT.jar:/home/runner/.m2/repository/org/apache/ozone/ozone-tools/1.3.0-SNAPSHOT/ozone-tools-1.3.0-SNAPSHOT.jar:/home/runner/.m2/repository/org/apache/ratis/ratis-tools/2.3.0/ratis-tools-2.3.0.jar:/home/runner/.m2/repository/com/amazonaws/aws-java-sdk-core/1.12.261/aws-java-sdk-core-1.12.261.jar:/home/runner/.m2/repository/org/apache/httpcomponents/httpclient/4.5.13/httpclient-4.5.13.jar:/home/runner/.m2/repository/org/apache/httpcomponents/httpcore/4.4.13/httpcore-4.4.13.jar:/home/runner/.m2/repository/software/amazon/ion/ion-java/1.0.2/ion-java-1.0.2.jar:/home/runner/.m2/repository/com/fasterxml/jackson/dataformat/jackson-dataformat-cbor/2.13.2/jackson-dataformat-cbor-2.13.2.jar:/home/runner/.m2/repository/joda-time/joda-time/2.8.1/joda-time-2.8.1.jar:/home/runner/.m2/repository/com/amazonaws/aws-java-sdk-s3/1.12.261/aws-java-sdk-s3-1.12.261.jar:/home/runner/.m2/repository/com/amazonaws/aws-java-sdk-kms/1.12.261/aws-java-sdk-kms-1.12.261.jar:/home/runner/.m2/repository/com/amazonaws/jmespath-java/1.12.261/jmespath-java-1.12.261.jar:/home/runner/.m2/repository/org/kohsuke/metainf-services/metainf-services/1.8/metainf-services-1.8.jar:/home/runner/.m2/repository/org/apache/ozone/hdds-tools/1.3.0-SNAPSHOT/hdds-tools-1.3.0-SNAPSHOT.jar:/home/runner/.m2/repository/commons-cli/commons-cli/1.2/commons-cli-1.2.jar:/home/runner/.m2/repository/org/apache/commons/commons-lang3/3.7/commons-lang3-3.7.jar:/home/runner/.m2/repository/org/apache/ozone/ozone-manager/1.3.0-SNAPSHOT/ozone-manager-1.3.0-SNAPSHOT-tests.jar:/home/runner/.m2/repository/org/apache/ozone/hdds-common/1.3.0-SNAPSHOT/hdds-common-1.3.0-SNAPSHOT-tests.jar:/home/runner/.m2/repository/org/apache/ozone/hdds-hadoop-dependency-client/1.3.0-SNAPSHOT/hdds-hadoop-dependency-client-1.3.0-SNAPSHOT.jar:/home/runner/.m2/repository/info/picocli/picocli/4.6.1/picocli-4.6.1.jar:/home/runner/.m2/repository/com/fasterxml/jackson/core/jackson-annotations/2.13.2/jackson-annotations-2.13.2.jar:/home/runner/.m2/repository/com/fasterxml/jackson/datatype/jackson-datatype-jsr310/2.13.2/jackson-datatype-jsr310-2.13.2.jar:/home/runner/.m2/repository/javax/annotation/javax.annotation-api/1.2/javax.annotation-api-1.2.jar:/home/runner/.m2/repository/org/apache/ratis/ratis-server/2.3.0/ratis-server-2.3.0.jar:/home/runner/.m2/repository/org/apache/ratis/ratis-client/2.3.0/ratis-client-2.3.0.jar:/home/runner/.m2/repository/org/apache/ratis/ratis-server-api/2.3.0/ratis-server-api-2.3.0.jar:/home/runner/.m2/repository/org/apache/ratis/ratis-metrics/2.3.0/ratis-metrics-2.3.0.jar:/home/runner/.m2/repository/org/apache/ratis/ratis-netty/2.3.0/ratis-netty-2.3.0.jar:/home/runner/.m2/repository/org/apache/ratis/ratis-grpc/2.3.0/ratis-grpc-2.3.0.jar:/home/runner/.m2/repository/org/apache/logging/log4j/log4j-api/2.17.1/log4j-api-2.17.1.jar:/home/runner/.m2/repository/org/apache/commons/commons-pool2/2.6.0/commons-pool2-2.6.0.jar:/home/runner/.m2/repository/org/bouncycastle/bcpkix-jdk15on/1.67/bcpkix-jdk15on-1.67.jar:/home/runner/.m2/repository/commons-validator/commons-validator/1.6/commons-validator-1.6.jar:/home/runner/.m2/repository/commons-beanutils/commons-beanutils/1.9.4/commons-beanutils-1.9.4.jar:/home/runner/.m2/repository/commons-digester/commons-digester/1.8.1/commons-digester-1.8.1.jar:/home/runner/.m2/repository/commons-collections/commons-collections/3.2.2/commons-collections-3.2.2.jar:/home/runner/.m2/repository/io/jaegertracing/jaeger-client/1.6.0/jaeger-client-1.6.0.jar:/home/runner/.m2/repository/io/jaegertracing/jaeger-thrift/1.6.0/jaeger-thrift-1.6.0.jar:/home/runner/.m2/repository/org/apache/thrift/libthrift/0.14.1/libthrift-0.14.1.jar:/home/runner/.m2/repository/com/squareup/okhttp3/okhttp/4.9.0/okhttp-4.9.0.jar:/home/runner/.m2/repository/com/squareup/okio/okio/2.8.0/okio-2.8.0.jar:/home/runner/.m2/repository/io/jaegertracing/jaeger-core/1.6.0/jaeger-core-1.6.0.jar:/home/runner/.m2/repository/io/jaegertracing/jaeger-tracerresolver/1.6.0/jaeger-tracerresolver-1.6.0.jar:/home/runner/.m2/repository/io/opentracing/contrib/opentracing-tracerresolver/0.1.8/opentracing-tracerresolver-0.1.8.jar:/home/runner/.m2/repository/org/jetbrains/kotlin/kotlin-stdlib/1.6.21/kotlin-stdlib-1.6.21.jar:/home/runner/.m2/repository/org/jetbrains/kotlin/kotlin-stdlib-common/1.6.21/kotlin-stdlib-common-1.6.21.jar:/home/runner/.m2/repository/org/jetbrains/annotations/13.0/annotations-13.0.jar:/home/runner/.m2/repository/io/opentracing/opentracing-util/0.33.0/opentracing-util-0.33.0.jar:/home/runner/.m2/repository/io/opentracing/opentracing-api/0.33.0/opentracing-api-0.33.0.jar:/home/runner/.m2/repository/io/opentracing/opentracing-noop/0.33.0/opentracing-noop-0.33.0.jar:/home/runner/.m2/repository/org/yaml/snakeyaml/1.26/snakeyaml-1.26.jar:/home/runner/.m2/repository/org/apache/ozone/hdds-interface-admin/1.3.0-SNAPSHOT/hdds-interface-admin-1.3.0-SNAPSHOT.jar:/home/runner/.m2/repository/junit/junit/4.13.1/junit-4.13.1.jar:/home/runner/.m2/repository/org/hamcrest/hamcrest-core/1.3/hamcrest-core-1.3.jar:/home/runner/.m2/repository/org/junit/jupiter/junit-jupiter-api/5.8.2/junit-jupiter-api-5.8.2.jar:/home/runner/.m2/repository/org/opentest4j/opentest4j/1.2.0/opentest4j-1.2.0.jar:/home/runner/.m2/repository/org/junit/platform/junit-platform-commons/1.8.2/junit-platform-commons-1.8.2.jar:/home/runner/.m2/repository/org/apiguardian/apiguardian-api/1.1.2/apiguardian-api-1.1.2.jar:/home/runner/.m2/repository/org/junit/jupiter/junit-jupiter-params/5.8.2/junit-jupiter-params-5.8.2.jar:/home/runner/.m2/repository/org/junit/jupiter/junit-jupiter-migrationsupport/5.8.2/junit-jupiter-migrationsupport-5.8.2.jar:/home/runner/.m2/repository/org/junit/jupiter/junit-jupiter-engine/5.8.2/junit-jupiter-engine-5.8.2.jar:/home/runner/.m2/repository/org/junit/platform/junit-platform-engine/1.8.2/junit-platform-engine-1.8.2.jar:/home/runner/.m2/repository/org/junit/vintage/junit-vintage-engine/5.8.2/junit-vintage-engine-5.8.2.jar:/home/runner/.m2/repository/org/junit/platform/junit-platform-launcher/1.8.2/junit-platform-launcher-1.8.2.jar:/home/runner/.m2/repository/org/mockito/mockito-core/2.28.2/mockito-core-2.28.2.jar:/home/runner/.m2/repository/net/bytebuddy/byte-buddy/1.9.10/byte-buddy-1.9.10.jar:/home/runner/.m2/repository/net/bytebuddy/byte-buddy-agent/1.9.10/byte-buddy-agent-1.9.10.jar:/home/runner/.m2/repository/org/objenesis/objenesis/1.0/objenesis-1.0.jar:/home/runner/.m2/repository/org/apache/hadoop/hadoop-kms/3.3.1/hadoop-kms-3.3.1.jar:/home/runner/.m2/repository/org/apache/hadoop/hadoop-auth/3.3.1/hadoop-auth-3.3.1.jar:/home/runner/.m2/repository/com/nimbusds/nimbus-jose-jwt/7.9/nimbus-jose-jwt-7.9.jar:/home/runner/.m2/repository/com/github/stephenc/jcip/jcip-annotations/1.0-1/jcip-annotations-1.0-1.jar:/home/runner/.m2/repository/net/minidev/json-smart/2.4.7/json-smart-2.4.7.jar:/home/runner/.m2/repository/net/minidev/accessors-smart/2.4.7/accessors-smart-2.4.7.jar:/home/runner/.m2/repository/org/ow2/asm/asm/5.0.4/asm-5.0.4.jar:/home/runner/.m2/repository/org/apache/zookeeper/zookeeper/3.5.6/zookeeper-3.5.6.jar:/home/runner/.m2/repository/org/apache/zookeeper/zookeeper-jute/3.5.6/zookeeper-jute-3.5.6.jar:/home/runner/.m2/repository/org/apache/yetus/audience-annotations/0.5.0/audience-annotations-0.5.0.jar:/home/runner/.m2/repository/org/apache/curator/curator-framework/4.2.0/curator-framework-4.2.0.jar:/home/runner/.m2/repository/org/apache/hadoop/thirdparty/hadoop-shaded-guava/1.1.1/hadoop-shaded-guava-1.1.1.jar:/home/runner/.m2/repository/com/sun/jersey/jersey-core/1.19/jersey-core-1.19.jar:/home/runner/.m2/repository/javax/ws/rs/jsr311-api/1.1.1/jsr311-api-1.1.1.jar:/home/runner/.m2/repository/com/sun/jersey/jersey-server/1.19/jersey-server-1.19.jar:/home/runner/.m2/repository/javax/servlet/javax.servlet-api/3.1.0/javax.servlet-api-3.1.0.jar:/home/runner/.m2/repository/org/eclipse/jetty/jetty-server/9.4.43.v20210629/jetty-server-9.4.43.v20210629.jar:/home/runner/.m2/repository/org/eclipse/jetty/jetty-http/9.4.43.v20210629/jetty-http-9.4.43.v20210629.jar:/home/runner/.m2/repository/org/eclipse/jetty/jetty-io/9.4.43.v20210629/jetty-io-9.4.43.v20210629.jar:/home/runner/.m2/repository/org/eclipse/jetty/jetty-webapp/9.4.43.v20210629/jetty-webapp-9.4.43.v20210629.jar:/home/runner/.m2/repository/org/eclipse/jetty/jetty-xml/9.4.43.v20210629/jetty-xml-9.4.43.v20210629.jar:/home/runner/.m2/repository/org/apache/hadoop/hadoop-common/3.3.1/hadoop-common-3.3.1.jar:/home/runner/.m2/repository/org/apache/commons/commons-math3/3.1.1/commons-math3-3.1.1.jar:/home/runner/.m2/repository/commons-net/commons-net/3.6/commons-net-3.6.jar:/home/runner/.m2/repository/com/sun/jersey/jersey-servlet/1.19/jersey-servlet-1.19.jar:/home/runner/.m2/repository/com/sun/jersey/jersey-json/1.19/jersey-json-1.19.jar:/home/runner/.m2/repository/org/codehaus/jettison/jettison/1.1/jettison-1.1.jar:/home/runner/.m2/repository/com/sun/xml/bind/jaxb-impl/2.2.3-1/jaxb-impl-2.2.3-1.jar:/home/runner/.m2/repository/org/codehaus/jackson/jackson-xc/1.9.2/jackson-xc-1.9.2.jar:/home/runner/.m2/repository/org/apache/commons/commons-configuration2/2.1.1/commons-configuration2-2.1.1.jar:/home/runner/.m2/repository/org/apache/commons/commons-text/1.4/commons-text-1.4.jar:/home/runner/.m2/repository/com/google/re2j/re2j/1.1/re2j-1.1.jar:/home/runner/.m2/repository/com/jcraft/jsch/0.1.54/jsch-0.1.54.jar:/home/runner/.m2/repository/org/apache/curator/curator-client/4.2.0/curator-client-4.2.0.jar:/home/runner/.m2/repository/org/apache/curator/curator-recipes/4.2.0/curator-recipes-4.2.0.jar:/home/runner/.m2/repository/org/apache/kerby/kerb-core/1.0.1/kerb-core-1.0.1.jar:/home/runner/.m2/repository/org/apache/kerby/kerby-pkix/1.0.1/kerby-pkix-1.0.1.jar:/home/runner/.m2/repository/org/apache/kerby/kerby-asn1/1.0.1/kerby-asn1-1.0.1.jar:/home/runner/.m2/repository/org/apache/kerby/kerby-util/1.0.1/kerby-util-1.0.1.jar:/home/runner/.m2/repository/dnsjava/dnsjava/2.1.7/dnsjava-2.1.7.jar:/home/runner/.m2/repository/org/xerial/snappy/snappy-java/1.1.8.2/snappy-java-1.1.8.2.jar:/home/runner/.m2/repository/org/slf4j/jul-to-slf4j/1.7.30/jul-to-slf4j-1.7.30.jar:/home/runner/.m2/repository/org/eclipse/jetty/jetty-util/9.4.43.v20210629/jetty-util-9.4.43.v20210629.jar:/home/runner/.m2/repository/com/fasterxml/jackson/core/jackson-databind/2.13.2.2/jackson-databind-2.13.2.2.jar:/home/runner/.m2/repository/org/apache/hadoop/hadoop-kms/3.3.1/hadoop-kms-3.3.1-tests.jar:/home/runner/.m2/repository/org/apache/ozone/hdds-server-scm/1.3.0-SNAPSHOT/hdds-server-scm-1.3.0-SNAPSHOT-tests.jar:/home/runner/.m2/repository/org/apache/ozone/hdds-container-service/1.3.0-SNAPSHOT/hdds-container-service-1.3.0-SNAPSHOT-tests.jar:/home/runner/.m2/repository/commons-codec/commons-codec/1.11/commons-codec-1.11.jar:/home/runner/.m2/repository/io/netty/netty-codec/4.1.79.Final/netty-codec-4.1.79.Final.jar:/home/runner/.m2/repository/io/netty/netty-handler/4.1.79.Final/netty-handler-4.1.79.Final.jar:/home/runner/.m2/repository/org/apache/ozone/hdds-hadoop-dependency-test/1.3.0-SNAPSHOT/hdds-hadoop-dependency-test-1.3.0-SNAPSHOT.jar:/home/runner/.m2/repository/org/apache/hadoop/hadoop-common/3.3.1/hadoop-common-3.3.1-tests.jar:/home/runner/.m2/repository/org/assertj/assertj-core/3.12.2/assertj-core-3.12.2.jar:/home/runner/.m2/repository/org/apache/hadoop/hadoop-hdfs/3.3.1/hadoop-hdfs-3.3.1-tests.jar:/home/runner/.m2/repository/org/eclipse/jetty/jetty-util-ajax/9.4.43.v20210629/jetty-util-ajax-9.4.43.v20210629.jar:/home/runner/.m2/repository/commons-daemon/commons-daemon/1.0.13/commons-daemon-1.0.13.jar:/home/runner/.m2/repository/io/netty/netty/3.10.6.Final/netty-3.10.6.Final.jar:/home/runner/.m2/repository/io/netty/netty-all/4.1.79.Final/netty-all-4.1.79.Final.jar:/home/runner/.m2/repository/io/netty/netty-codec-dns/4.1.79.Final/netty-codec-dns-4.1.79.Final.jar:/home/runner/.m2/repository/io/netty/netty-codec-haproxy/4.1.79.Final/netty-codec-haproxy-4.1.79.Final.jar:/home/runner/.m2/repository/io/netty/netty-codec-memcache/4.1.79.Final/netty-codec-memcache-4.1.79.Final.jar:/home/runner/.m2/repository/io/netty/netty-codec-mqtt/4.1.79.Final/netty-codec-mqtt-4.1.79.Final.jar:/home/runner/.m2/repository/io/netty/netty-codec-redis/4.1.79.Final/netty-codec-redis-4.1.79.Final.jar:/home/runner/.m2/repository/io/netty/netty-codec-smtp/4.1.79.Final/netty-codec-smtp-4.1.79.Final.jar:/home/runner/.m2/repository/io/netty/netty-codec-stomp/4.1.79.Final/netty-codec-stomp-4.1.79.Final.jar:/home/runner/.m2/repository/io/netty/netty-codec-xml/4.1.79.Final/netty-codec-xml-4.1.79.Final.jar:/home/runner/.m2/repository/io/netty/netty-resolver-dns/4.1.79.Final/netty-resolver-dns-4.1.79.Final.jar:/home/runner/.m2/repository/io/netty/netty-transport-rxtx/4.1.79.Final/netty-transport-rxtx-4.1.79.Final.jar:/home/runner/.m2/repository/io/netty/netty-transport-sctp/4.1.79.Final/netty-transport-sctp-4.1.79.Final.jar:/home/runner/.m2/repository/io/netty/netty-transport-udt/4.1.79.Final/netty-transport-udt-4.1.79.Final.jar:/home/runner/.m2/repository/io/netty/netty-transport-classes-kqueue/4.1.79.Final/netty-transport-classes-kqueue-4.1.79.Final.jar:/home/runner/.m2/repository/io/netty/netty-resolver-dns-classes-macos/4.1.79.Final/netty-resolver-dns-classes-macos-4.1.79.Final.jar:/home/runner/.m2/repository/io/netty/netty-transport-native-epoll/4.1.79.Final/netty-transport-native-epoll-4.1.79.Final-linux-aarch_64.jar:/home/runner/.m2/repository/io/netty/netty-transport-native-kqueue/4.1.79.Final/netty-transport-native-kqueue-4.1.79.Final-osx-x86_64.jar:/home/runner/.m2/repository/io/netty/netty-transport-native-kqueue/4.1.79.Final/netty-transport-native-kqueue-4.1.79.Final-osx-aarch_64.jar:/home/runner/.m2/repository/io/netty/netty-resolver-dns-native-macos/4.1.79.Final/netty-resolver-dns-native-macos-4.1.79.Final-osx-x86_64.jar:/home/runner/.m2/repository/io/netty/netty-resolver-dns-native-macos/4.1.79.Final/netty-resolver-dns-native-macos-4.1.79.Final-osx-aarch_64.jar:/home/runner/.m2/repository/org/apache/htrace/htrace-core4/4.1.0-incubating/htrace-core4-4.1.0-incubating.jar:/home/runner/.m2/repository/org/fusesource/leveldbjni/leveldbjni-all/1.8/leveldbjni-all-1.8.jar:/home/runner/.m2/repository/org/apache/hadoop/hadoop-distcp/3.3.1/hadoop-distcp-3.3.1.jar:/home/runner/.m2/repository/org/apache/hadoop/hadoop-mapreduce-client-jobclient/3.3.1/hadoop-mapreduce-client-jobclient-3.3.1.jar:/home/runner/.m2/repository/org/apache/hadoop/hadoop-mapreduce-client-common/3.3.1/hadoop-mapreduce-client-common-3.3.1.jar:/home/runner/.m2/repository/org/apache/hadoop/hadoop-yarn-common/3.3.1/hadoop-yarn-common-3.3.1.jar:/home/runner/.m2/repository/org/apache/hadoop/hadoop-yarn-api/3.3.1/hadoop-yarn-api-3.3.1.jar:/home/runner/.m2/repository/com/sun/jersey/contribs/jersey-guice/1.19/jersey-guice-1.19.jar:/home/runner/.m2/repository/com/fasterxml/jackson/jaxrs/jackson-jaxrs-json-provider/2.13.2/jackson-jaxrs-json-provider-2.13.2.jar:/home/runner/.m2/repository/com/fasterxml/jackson/jaxrs/jackson-jaxrs-base/2.13.2/jackson-jaxrs-base-2.13.2.jar:/home/runner/.m2/repository/org/apache/hadoop/hadoop-yarn-client/3.3.1/hadoop-yarn-client-3.3.1.jar:/home/runner/.m2/repository/org/eclipse/jetty/websocket/websocket-client/9.4.40.v20210413/websocket-client-9.4.40.v20210413.jar:/home/runner/.m2/repository/org/eclipse/jetty/websocket/websocket-common/9.4.40.v20210413/websocket-common-9.4.40.v20210413.jar:/home/runner/.m2/repository/org/eclipse/jetty/websocket/websocket-api/9.4.40.v20210413/websocket-api-9.4.40.v20210413.jar:/home/runner/.m2/repository/org/jline/jline/3.9.0/jline-3.9.0.jar:/home/runner/.m2/repository/org/apache/hadoop/hadoop-mapreduce-client-core/3.3.1/hadoop-mapreduce-client-core-3.3.1.jar:/home/runner/.m2/repository/org/apache/avro/avro/1.7.7/avro-1.7.7.jar:/home/runner/.m2/repository/org/codehaus/jackson/jackson-core-asl/1.9.13/jackson-core-asl-1.9.13.jar:/home/runner/.m2/repository/org/codehaus/jackson/jackson-mapper-asl/1.9.13/jackson-mapper-asl-1.9.13.jar:/home/runner/.m2/repository/com/thoughtworks/paranamer/paranamer/2.3/paranamer-2.3.jar:/home/runner/.m2/repository/org/apache/hadoop/hadoop-annotations/3.3.1/hadoop-annotations-3.3.1.jar:/usr/lib/jvm/temurin-8-jdk-amd64/jre/../lib/tools.jar:/home/runner/.m2/repository/org/apache/hadoop/hadoop-distcp/3.3.1/hadoop-distcp-3.3.1-tests.jar:/home/runner/.m2/repository/org/apache/ratis/ratis-common/2.3.0/ratis-common-2.3.0.jar:/home/runner/.m2/repository/org/apache/ratis/ratis-thirdparty-misc/1.0.0/ratis-thirdparty-misc-1.0.0.jar:/home/runner/.m2/repository/org/apache/ratis/ratis-proto/2.3.0/ratis-proto-2.3.0.jar:/home/runner/.m2/repository/org/apache/ozone/ozone-annotation-processing/1.3.0-SNAPSHOT/ozone-annotation-processing-1.3.0-SNAPSHOT.jar:"/>
    <property name="sun.cpu.endian" value="little"/>
    <property name="user.home" value="/home/runner"/>
    <property name="user.language" value="en"/>
    <property name="java.specification.vendor" value="Oracle Corporation"/>
    <property name="java.home" value="/usr/lib/jvm/temurin-8-jdk-amd64/jre"/>
    <property name="java.security.krb5.conf" value="/home/runner/work/ozone/ozone/hadoop-ozone/integration-test/target/test-classes/krb5.conf"/>
    <property name="basedir" value="/home/runner/work/ozone/ozone/hadoop-ozone/integration-test"/>
    <property name="file.separator" value="/"/>
    <property name="line.separator" value="&#10;"/>
    <property name="java.vm.specification.vendor" value="Oracle Corporation"/>
    <property name="java.specification.name" value="Java Platform API Specification"/>
    <property name="java.awt.graphicsenv" value="sun.awt.X11GraphicsEnvironment"/>
    <property name="skip.installnpx" value="true"/>
    <property name="surefire.real.class.path" value="/home/runner/work/ozone/ozone/hadoop-ozone/integration-test/target/surefire/surefirebooter9150548743066702092.jar:/home/runner/.m2/repository/org/jacoco/org.jacoco.agent/0.8.5/org.jacoco.agent-0.8.5-runtime.jar"/>
    <property name="hadoop.log.dir" value="/home/runner/work/ozone/ozone/hadoop-ozone/integration-test/target/log"/>
    <property name="sun.boot.class.path" value="/usr/lib/jvm/temurin-8-jdk-amd64/jre/lib/resources.jar:/usr/lib/jvm/temurin-8-jdk-amd64/jre/lib/rt.jar:/usr/lib/jvm/temurin-8-jdk-amd64/jre/lib/sunrsasign.jar:/usr/lib/jvm/temurin-8-jdk-amd64/jre/lib/jsse.jar:/usr/lib/jvm/temurin-8-jdk-amd64/jre/lib/jce.jar:/usr/lib/jvm/temurin-8-jdk-amd64/jre/lib/charsets.jar:/usr/lib/jvm/temurin-8-jdk-amd64/jre/lib/jfr.jar:/usr/lib/jvm/temurin-8-jdk-amd64/jre/classes"/>
    <property name="sun.management.compiler" value="HotSpot 64-Bit Tiered Compilers"/>
    <property name="skip.npx" value="true"/>
    <property name="java.runtime.version" value="1.8.0_332-b09"/>
    <property name="java.net.preferIPv4Stack" value="true"/>
    <property name="user.name" value="runner"/>
    <property name="path.separator" value=":"/>
    <property name="java.security.egd" value="file:///dev/urandom"/>
    <property name="os.version" value="5.4.0-1086-azure"/>
    <property name="java.endorsed.dirs" value="/usr/lib/jvm/temurin-8-jdk-amd64/jre/lib/endorsed"/>
    <property name="java.runtime.name" value="OpenJDK Runtime Environment"/>
    <property name="file.encoding" value="UTF-8"/>
    <property name="java.vm.name" value="OpenJDK 64-Bit Server VM"/>
    <property name="test.build.webapps" value=""/>
    <property name="localRepository" value="/home/runner/.m2/repository"/>
    <property name="jetty.git.hash" value="526006ecfa3af7f1a27ef3a288e2bef7ea9dd7e8"/>
    <property name="java.vendor.url.bug" value="https://github.com/adoptium/adoptium-support/issues"/>
    <property name="java.io.tmpdir" value="/tmp"/>
    <property name="require.test.libhadoop" value=""/>
    <property name="java.version" value="1.8.0_332"/>
    <property name="user.dir" value="/home/runner/work/ozone/ozone/hadoop-ozone/integration-test"/>
    <property name="os.arch" value="amd64"/>
    <property name="java.vm.specification.name" value="Java Virtual Machine Specification"/>
    <property name="test.build.classes" value="/home/runner/work/ozone/ozone/hadoop-ozone/integration-test/target/test-classes"/>
    <property name="java.awt.printerjob" value="sun.print.PSPrinterJob"/>
    <property name="sun.os.patch.level" value="unknown"/>
    <property name="hadoop.tmp.dir" value="/home/runner/work/ozone/ozone/hadoop-ozone/integration-test/target/tmp"/>
    <property name="java.library.path" value="/usr/java/packages/lib/amd64:/usr/lib64:/lib64:/lib:/usr/lib"/>
    <property name="java.vm.info" value="mixed mode"/>
    <property name="java.vendor" value="Temurin"/>
    <property name="java.vm.version" value="25.332-b09"/>
    <property name="java.ext.dirs" value="/usr/lib/jvm/temurin-8-jdk-amd64/jre/lib/ext:/usr/java/packages/lib/ext"/>
    <property name="sun.io.unicode.encoding" value="UnicodeLittle"/>
    <property name="java.class.version" value="52.0"/>
  </properties>
  <testcase name="testRenameDir" classname="TestRootedOzoneFileSystemWithFSO" time="0.352">
    <system-out><![CDATA[2022-08-08 17:30:27,198 [main] WARN  server.ServerUtils (ServerUtils.java:getScmDbDir(148)) - ozone.scm.db.dirs is not configured. We recommend adding this setting. Falling back to ozone.metadata.dirs instead.
2022-08-08 17:30:27,276 [main] WARN  server.ServerUtils (ServerUtils.java:getScmDbDir(148)) - ozone.scm.db.dirs is not configured. We recommend adding this setting. Falling back to ozone.metadata.dirs instead.
2022-08-08 17:30:27,280 [main] INFO  ha.SCMHANodeDetails (SCMHANodeDetails.java:loadSCMHAConfig(209)) - ServiceID for StorageContainerManager is null
2022-08-08 17:30:27,291 [main] WARN  ha.SCMHANodeDetails (SCMHANodeDetails.java:validateSCMHAConfig(182)) - Invalid config ozone.scm.ratis.enable. The config was not specified, but the default value true conflicts with the expected config value false. Falling back to the expected value. Current State of SCM: SCM is running in Non-HA without Ratis Ratis SCM -> Non Ratis SCM or Non HA SCM -> HA SCM is not supported
2022-08-08 17:30:27,291 [main] INFO  ha.SCMHANodeDetails (SCMHANodeDetails.java:loadSCMHAConfig(214)) - ozone.scm.default.service.id is not defined, falling back to ozone.scm.service.ids to find serviceID for StorageContainerManager if it is HA enabled cluster
2022-08-08 17:30:27,875 [main] WARN  utils.HAUtils (HAUtils.java:getMetaDir(342)) - ozone.scm.db.dirs is not configured. We recommend adding this setting. Falling back to ozone.metadata.dirs instead.
2022-08-08 17:30:28,124 [main] WARN  db.DBStoreBuilder (DBStoreBuilder.java:applyDBDefinition(146)) - ozone.scm.db.dirs is not configured. We recommend adding this setting. Falling back to ozone.metadata.dirs instead.
2022-08-08 17:30:28,354 [main] INFO  net.NodeSchemaLoader (NodeSchemaLoader.java:loadSchemaFromFile(129)) - Loading schema from [jar:file:/home/runner/.m2/repository/org/apache/ozone/hdds-common/1.3.0-SNAPSHOT/hdds-common-1.3.0-SNAPSHOT.jar!/network-topology-default.xml]
2022-08-08 17:30:28,356 [main] INFO  net.NodeSchemaLoader (NodeSchemaLoader.java:loadSchema(176)) - Loading network topology layer schema file
2022-08-08 17:30:28,424 [main] INFO  metrics.MetricRegistries (MetricRegistriesLoader.java:load(64)) - Loaded MetricRegistries class org.apache.ratis.metrics.impl.MetricRegistriesImpl
2022-08-08 17:30:28,433 [main] INFO  upgrade.AbstractLayoutVersionManager (AbstractLayoutVersionManager.java:init(83)) - Initializing Layout version manager with metadata layout = DATANODE_SCHEMA_V3 (version = 4), software layout = DATANODE_SCHEMA_V3 (version = 4)
2022-08-08 17:30:28,700 [main] INFO  reflections.Reflections (Reflections.java:scan(232)) - Reflections took 170 ms to scan 7 urls, producing 132 keys and 321 values 
2022-08-08 17:30:28,820 [main] INFO  ha.SequenceIdGenerator (SequenceIdGenerator.java:upgradeToSequenceId(349)) - upgrade localId to 109611004723200000
2022-08-08 17:30:28,821 [main] INFO  ha.SequenceIdGenerator (SequenceIdGenerator.java:upgradeToSequenceId(359)) - upgrade delTxnId to 0
2022-08-08 17:30:28,825 [main] INFO  ha.SequenceIdGenerator (SequenceIdGenerator.java:upgradeToSequenceId(376)) - upgrade containerId to 0
2022-08-08 17:30:28,828 [main] INFO  ha.SequenceIdGenerator (SequenceIdGenerator.java:<init>(220)) - Init the HA SequenceIdGenerator.
2022-08-08 17:30:28,873 [main] WARN  server.ServerUtils (ServerUtils.java:sanitizeUserArgs(73)) - ozone.scm.stale.node.interval value = 300000 is larger than max = 100000 based on the key value of ozone.scm.heartbeat.thread.interval, reset to the max value 100000.
2022-08-08 17:30:28,874 [main] WARN  server.ServerUtils (ServerUtils.java:sanitizeUserArgs(73)) - ozone.scm.stale.node.interval value = 300000 is larger than max = 100000 based on the key value of ozone.scm.heartbeat.thread.interval, reset to the max value 100000.
2022-08-08 17:30:28,884 [main] INFO  node.SCMNodeManager (SCMNodeManager.java:<init>(149)) - Entering startup safe mode.
2022-08-08 17:30:28,900 [main] INFO  algorithms.ContainerPlacementPolicyFactory (ContainerPlacementPolicyFactory.java:getPolicyInternal(86)) - Create container placement policy of type org.apache.hadoop.hdds.scm.container.placement.algorithms.SCMContainerPlacementRandom
2022-08-08 17:30:28,903 [main] INFO  algorithms.ContainerPlacementPolicyFactory (ContainerPlacementPolicyFactory.java:getPolicyInternal(86)) - Create container placement policy of type org.apache.hadoop.hdds.scm.container.placement.algorithms.SCMContainerPlacementRackScatter
2022-08-08 17:30:28,913 [main] INFO  pipeline.PipelineStateManagerImpl (PipelineStateManagerImpl.java:initialize(78)) - No pipeline exists in current db
2022-08-08 17:30:28,969 [Finalizer] WARN  managed.ManagedRocksObjectUtils (ManagedRocksObjectUtils.java:assertClosed(39)) - ManagedColumnFamilyOptions is not closed properly
2022-08-08 17:30:28,970 [Finalizer] WARN  managed.ManagedRocksObjectUtils (ManagedRocksObjectUtils.java:assertClosed(39)) - ManagedColumnFamilyOptions is not closed properly
2022-08-08 17:30:28,970 [Finalizer] WARN  managed.ManagedRocksObjectUtils (ManagedRocksObjectUtils.java:assertClosed(39)) - ManagedColumnFamilyOptions is not closed properly
2022-08-08 17:30:28,970 [Finalizer] WARN  managed.ManagedRocksObjectUtils (ManagedRocksObjectUtils.java:assertClosed(39)) - ManagedColumnFamilyOptions is not closed properly
2022-08-08 17:30:28,970 [Finalizer] WARN  managed.ManagedRocksObjectUtils (ManagedRocksObjectUtils.java:assertClosed(39)) - ManagedColumnFamilyOptions is not closed properly
2022-08-08 17:30:28,970 [Finalizer] WARN  managed.ManagedRocksObjectUtils (ManagedRocksObjectUtils.java:assertClosed(39)) - ManagedColumnFamilyOptions is not closed properly
2022-08-08 17:30:28,970 [Finalizer] WARN  managed.ManagedRocksObjectUtils (ManagedRocksObjectUtils.java:assertClosed(39)) - ManagedColumnFamilyOptions is not closed properly
2022-08-08 17:30:28,971 [Finalizer] WARN  managed.ManagedRocksObjectUtils (ManagedRocksObjectUtils.java:assertClosed(39)) - ManagedColumnFamilyOptions is not closed properly
2022-08-08 17:30:28,971 [Finalizer] WARN  managed.ManagedRocksObjectUtils (ManagedRocksObjectUtils.java:assertClosed(39)) - ManagedColumnFamilyOptions is not closed properly
2022-08-08 17:30:28,971 [Finalizer] WARN  managed.ManagedRocksObjectUtils (ManagedRocksObjectUtils.java:assertClosed(39)) - ManagedColumnFamilyOptions is not closed properly
2022-08-08 17:30:28,971 [Finalizer] WARN  managed.ManagedRocksObjectUtils (ManagedRocksObjectUtils.java:assertClosed(39)) - ManagedColumnFamilyOptions is not closed properly
2022-08-08 17:30:28,971 [Finalizer] WARN  managed.ManagedRocksObjectUtils (ManagedRocksObjectUtils.java:assertClosed(39)) - ManagedColumnFamilyOptions is not closed properly
2022-08-08 17:30:28,971 [Finalizer] WARN  managed.ManagedRocksObjectUtils (ManagedRocksObjectUtils.java:assertClosed(39)) - ManagedColumnFamilyOptions is not closed properly
2022-08-08 17:30:28,971 [Finalizer] WARN  managed.ManagedRocksObjectUtils (ManagedRocksObjectUtils.java:assertClosed(39)) - ManagedColumnFamilyOptions is not closed properly
2022-08-08 17:30:28,971 [Finalizer] WARN  managed.ManagedRocksObjectUtils (ManagedRocksObjectUtils.java:assertClosed(39)) - ManagedColumnFamilyOptions is not closed properly
2022-08-08 17:30:28,971 [Finalizer] WARN  managed.ManagedRocksObjectUtils (ManagedRocksObjectUtils.java:assertClosed(39)) - ManagedColumnFamilyOptions is not closed properly
2022-08-08 17:30:28,976 [main] INFO  algorithms.LeaderChoosePolicyFactory (LeaderChoosePolicyFactory.java:getPolicy(57)) - Create leader choose policy of type org.apache.hadoop.hdds.scm.pipeline.leader.choose.algorithms.MinLeaderCountChoosePolicy
2022-08-08 17:30:28,976 [main] INFO  algorithms.ContainerPlacementPolicyFactory (ContainerPlacementPolicyFactory.java:getPolicyInternal(86)) - Create container placement policy of type org.apache.hadoop.hdds.scm.container.placement.algorithms.SCMContainerPlacementRackScatter
2022-08-08 17:30:28,982 [main] INFO  ha.SCMServiceManager (SCMServiceManager.java:register(42)) - Registering service BackgroundPipelineCreator.
2022-08-08 17:30:28,982 [main] INFO  pipeline.BackgroundPipelineCreator (BackgroundPipelineCreator.java:start(124)) - Starting RatisPipelineUtilsThread.
2022-08-08 17:30:28,986 [main] INFO  BackgroundPipelineScrubber (BackgroundSCMService.java:start(68)) - Starting BackgroundPipelineScrubber Service.
2022-08-08 17:30:28,990 [main] INFO  ha.SCMServiceManager (SCMServiceManager.java:register(42)) - Registering service BackgroundPipelineScrubber.
2022-08-08 17:30:28,997 [main] INFO  ExpiredContainerReplicaOpScrubber (BackgroundSCMService.java:start(68)) - Starting ExpiredContainerReplicaOpScrubber Service.
2022-08-08 17:30:28,997 [main] INFO  ha.SCMServiceManager (SCMServiceManager.java:register(42)) - Registering service ExpiredContainerReplicaOpScrubber.
2022-08-08 17:30:29,038 [main] INFO  algorithms.PipelineChoosePolicyFactory (PipelineChoosePolicyFactory.java:createPipelineChoosePolicyFromClass(73)) - Create pipeline choose policy of type org.apache.hadoop.hdds.scm.pipeline.choose.algorithms.RandomPipelineChoosePolicy
2022-08-08 17:30:29,063 [main] INFO  ha.SCMServiceManager (SCMServiceManager.java:register(42)) - Registering service SCMBlockDeletingService.
2022-08-08 17:30:29,103 [main] INFO  replication.ReplicationManager (ReplicationManager.java:start(200)) - Starting Replication Monitor Thread.
2022-08-08 17:30:29,115 [ReplicationMonitor] INFO  replication.ReplicationManager (ReplicationManager.java:processAll(249)) - Replication Manager is not ready to run until 3000ms after safemode exit
2022-08-08 17:30:29,120 [main] INFO  UnderReplicatedQueueThread (BackgroundSCMService.java:start(68)) - Starting UnderReplicatedQueueThread Service.
2022-08-08 17:30:29,121 [main] INFO  ha.SCMServiceManager (SCMServiceManager.java:register(42)) - Registering service UnderReplicatedQueueThread.
2022-08-08 17:30:29,122 [main] INFO  OverReplicatedQueueThread (BackgroundSCMService.java:start(68)) - Starting OverReplicatedQueueThread Service.
2022-08-08 17:30:29,123 [main] INFO  ha.SCMServiceManager (SCMServiceManager.java:register(42)) - Registering service OverReplicatedQueueThread.
2022-08-08 17:30:29,123 [main] INFO  ha.SCMServiceManager (SCMServiceManager.java:register(42)) - Registering service ReplicationManager.
2022-08-08 17:30:29,132 [main] INFO  safemode.ContainerSafeModeRule (ContainerSafeModeRule.java:<init>(89)) - containers with one replica threshold count 0
2022-08-08 17:30:29,136 [main] INFO  safemode.HealthyPipelineSafeModeRule (HealthyPipelineSafeModeRule.java:initializeRule(169)) - Total pipeline count is 0, healthy pipeline threshold count is 1
2022-08-08 17:30:29,138 [main] INFO  safemode.OneReplicaPipelineSafeModeRule (OneReplicaPipelineSafeModeRule.java:initializeRule(180)) - Total pipeline count is 0, pipeline's with at least one datanode reported threshold count is 0
2022-08-08 17:30:29,453 [main] INFO  audit.AuditLogger (AuditLogger.java:refreshDebugCmdSet(126)) - Refresh DebugCmdSet for SCMAudit to [].
2022-08-08 17:30:29,487 [main] INFO  ipc.CallQueueManager (CallQueueManager.java:<init>(90)) - Using callQueue: class java.util.concurrent.LinkedBlockingQueue, queueCapacity: 2000, scheduler: class org.apache.hadoop.ipc.DefaultRpcScheduler, ipcBackoff: false.
2022-08-08 17:30:29,531 [Socket Reader #1 for port 0] INFO  ipc.Server (Server.java:run(1265)) - Starting Socket Reader #1 for port 0
2022-08-08 17:30:29,605 [Listener at 0.0.0.0/46441] INFO  audit.AuditLogger (AuditLogger.java:refreshDebugCmdSet(126)) - Refresh DebugCmdSet for SCMAudit to [].
2022-08-08 17:30:29,611 [Listener at 0.0.0.0/46441] INFO  ipc.CallQueueManager (CallQueueManager.java:<init>(90)) - Using callQueue: class java.util.concurrent.LinkedBlockingQueue, queueCapacity: 2000, scheduler: class org.apache.hadoop.ipc.DefaultRpcScheduler, ipcBackoff: false.
2022-08-08 17:30:29,616 [Socket Reader #1 for port 0] INFO  ipc.Server (Server.java:run(1265)) - Starting Socket Reader #1 for port 0
2022-08-08 17:30:29,663 [Listener at 0.0.0.0/35903] INFO  audit.AuditLogger (AuditLogger.java:refreshDebugCmdSet(126)) - Refresh DebugCmdSet for SCMAudit to [].
2022-08-08 17:30:29,677 [Listener at 0.0.0.0/35903] INFO  ipc.CallQueueManager (CallQueueManager.java:<init>(90)) - Using callQueue: class java.util.concurrent.LinkedBlockingQueue, queueCapacity: 2000, scheduler: class org.apache.hadoop.ipc.DefaultRpcScheduler, ipcBackoff: false.
2022-08-08 17:30:29,679 [Socket Reader #1 for port 0] INFO  ipc.Server (Server.java:run(1265)) - Starting Socket Reader #1 for port 0
2022-08-08 17:30:29,757 [Listener at 0.0.0.0/36553] INFO  ha.SCMServiceManager (SCMServiceManager.java:register(42)) - Registering service ContainerBalancer.
2022-08-08 17:30:29,758 [Listener at 0.0.0.0/36553] INFO  server.StorageContainerManager (StorageContainerManager.java:<init>(406)) - 
Container Balancer status:
Key                            Value
Running                        false
Container Balancer Configuration values:
Key                                                Value
Threshold                                          10
Max Datanodes to Involve per Iteration(percent)    20
Max Size to Move per Iteration                     500GB
Max Size Entering Target per Iteration             26GB
Max Size Leaving Source per Iteration              26GB

2022-08-08 17:30:29,759 [Listener at 0.0.0.0/36553] WARN  events.EventQueue (EventQueue.java:fireEvent(216)) - No event handler registered for event TypedEvent{payloadType=SafeModeStatus, name='Safe mode status'}
2022-08-08 17:30:29,760 [Listener at 0.0.0.0/36553] INFO  ha.SCMContext (SCMContext.java:updateSafeModeStatus(228)) - Update SafeModeStatus from SafeModeStatus{safeModeStatus=true, preCheckPassed=false} to SafeModeStatus{safeModeStatus=true, preCheckPassed=false}.
2022-08-08 17:30:29,764 [Listener at 0.0.0.0/36553] INFO  server.StorageContainerManager (StorageContainerManager.java:start(1460)) - StorageContainerLocationProtocol RPC server is listening at /0.0.0.0:36553
2022-08-08 17:30:29,859 [Listener at 0.0.0.0/36553] WARN  impl.MetricsConfig (MetricsConfig.java:loadFirst(136)) - Cannot locate configuration: tried hadoop-metrics2-storagecontainermanager.properties,hadoop-metrics2.properties
2022-08-08 17:30:29,880 [Listener at 0.0.0.0/36553] INFO  impl.MetricsSystemImpl (MetricsSystemImpl.java:startTimer(378)) - Scheduled Metric snapshot period at 10 second(s).
2022-08-08 17:30:29,880 [Listener at 0.0.0.0/36553] INFO  impl.MetricsSystemImpl (MetricsSystemImpl.java:start(191)) - StorageContainerManager metrics system started
2022-08-08 17:30:30,230 [Listener at 0.0.0.0/36553] INFO  server.SCMClientProtocolServer (SCMClientProtocolServer.java:start(170)) - RPC server for Client  is listening at /0.0.0.0:36553
2022-08-08 17:30:30,232 [IPC Server Responder] INFO  ipc.Server (Server.java:run(1507)) - IPC Server Responder: starting
2022-08-08 17:30:30,234 [IPC Server listener on 0] INFO  ipc.Server (Server.java:run(1344)) - IPC Server listener on 0: starting
2022-08-08 17:30:30,242 [Listener at 0.0.0.0/36553] INFO  server.StorageContainerManager (StorageContainerManager.java:start(1475)) - ScmBlockLocationProtocol RPC server is listening at /0.0.0.0:35903
2022-08-08 17:30:30,243 [Listener at 0.0.0.0/36553] INFO  server.SCMBlockProtocolServer (SCMBlockProtocolServer.java:start(152)) - RPC server for Block Protocol is listening at /0.0.0.0:35903
2022-08-08 17:30:30,244 [IPC Server Responder] INFO  ipc.Server (Server.java:run(1507)) - IPC Server Responder: starting
2022-08-08 17:30:30,244 [IPC Server listener on 0] INFO  ipc.Server (Server.java:run(1344)) - IPC Server listener on 0: starting
2022-08-08 17:30:30,250 [Listener at 0.0.0.0/36553] INFO  server.SCMDatanodeProtocolServer (SCMDatanodeProtocolServer.java:start(186)) - ScmDatanodeProtocol RPC server for DataNodes is listening at /0.0.0.0:46441
2022-08-08 17:30:30,251 [IPC Server Responder] INFO  ipc.Server (Server.java:run(1507)) - IPC Server Responder: starting
2022-08-08 17:30:30,252 [IPC Server listener on 0] INFO  ipc.Server (Server.java:run(1344)) - IPC Server listener on 0: starting
2022-08-08 17:30:30,271 [org.apache.hadoop.util.JvmPauseMonitor$Monitor@62f73b0c] INFO  util.JvmPauseMonitor (JvmPauseMonitor.java:run(188)) - Starting JVM pause monitor
2022-08-08 17:30:30,287 [Listener at 0.0.0.0/36553] INFO  http.BaseHttpServer (BaseHttpServer.java:newHttpServer2BuilderForOzone(209)) - Starting Web-server for scm at: http://0.0.0.0:0
2022-08-08 17:30:30,287 [Listener at 0.0.0.0/36553] INFO  http.BaseHttpServer (BaseHttpServer.java:<init>(107)) - Hadoop Security Enabled: false Ozone Security Enabled: false Ozone HTTP Security Enabled: false 
2022-08-08 17:30:30,322 [Listener at 0.0.0.0/36553] INFO  util.log (Log.java:initialized(170)) - Logging initialized @5008ms to org.eclipse.jetty.util.log.Slf4jLog
2022-08-08 17:30:30,440 [Listener at 0.0.0.0/36553] INFO  server.AuthenticationFilter (AuthenticationFilter.java:constructSecretProvider(240)) - Unable to initialize FileSignerSecretProvider, falling back to use random secrets.
2022-08-08 17:30:30,446 [Listener at 0.0.0.0/36553] WARN  http.HttpRequestLog (HttpRequestLog.java:getRequestLog(103)) - Jetty request log can only be enabled using Log4j
2022-08-08 17:30:30,453 [Listener at 0.0.0.0/36553] INFO  http.HttpServer2 (HttpServer2.java:addGlobalFilter(1029)) - Added global filter 'safety' (class=org.apache.hadoop.hdds.server.http.HttpServer2$QuotingInputFilter)
2022-08-08 17:30:30,455 [Listener at 0.0.0.0/36553] INFO  http.HttpServer2 (HttpServer2.java:addFilter(1005)) - Added filter static_user_filter (class=org.apache.hadoop.http.lib.StaticUserWebFilter$StaticUserFilter) to context scm
2022-08-08 17:30:30,456 [Listener at 0.0.0.0/36553] INFO  http.HttpServer2 (HttpServer2.java:addFilter(1013)) - Added filter static_user_filter (class=org.apache.hadoop.http.lib.StaticUserWebFilter$StaticUserFilter) to context logs
2022-08-08 17:30:30,456 [Listener at 0.0.0.0/36553] INFO  http.HttpServer2 (HttpServer2.java:addFilter(1013)) - Added filter static_user_filter (class=org.apache.hadoop.http.lib.StaticUserWebFilter$StaticUserFilter) to context static
2022-08-08 17:30:30,502 [Listener at 0.0.0.0/36553] INFO  http.HttpServer2 (HttpServer2.java:bindListener(1248)) - Jetty bound to port 43635
2022-08-08 17:30:30,504 [Listener at 0.0.0.0/36553] INFO  server.Server (Server.java:doStart(375)) - jetty-9.4.43.v20210629; built: 2021-06-30T11:07:22.254Z; git: 526006ecfa3af7f1a27ef3a288e2bef7ea9dd7e8; jvm 1.8.0_332-b09
2022-08-08 17:30:30,539 [Listener at 0.0.0.0/36553] INFO  server.session (DefaultSessionIdManager.java:doStart(334)) - DefaultSessionIdManager workerName=node0
2022-08-08 17:30:30,539 [Listener at 0.0.0.0/36553] INFO  server.session (DefaultSessionIdManager.java:doStart(339)) - No SessionScavenger set, using defaults
2022-08-08 17:30:30,541 [Listener at 0.0.0.0/36553] INFO  server.session (HouseKeeper.java:startScavenging(132)) - node0 Scavenging every 660000ms
2022-08-08 17:30:30,555 [Listener at 0.0.0.0/36553] INFO  handler.ContextHandler (ContextHandler.java:doStart(915)) - Started o.e.j.s.ServletContextHandler@429dde4d{logs,/logs,file:///home/runner/work/ozone/ozone/hadoop-ozone/integration-test/target/log,AVAILABLE}
2022-08-08 17:30:30,556 [Listener at 0.0.0.0/36553] INFO  handler.ContextHandler (ContextHandler.java:doStart(915)) - Started o.e.j.s.ServletContextHandler@58b30e3e{static,/static,file:///home/runner/work/ozone/ozone/hadoop-ozone/integration-test/target/test-classes/webapps/static,AVAILABLE}
2022-08-08 17:30:30,612 [Listener at 0.0.0.0/36553] INFO  handler.ContextHandler (ContextHandler.java:doStart(915)) - Started o.e.j.w.WebAppContext@19834eb7{scm,/,file:///home/runner/work/ozone/ozone/hadoop-ozone/integration-test/target/test-classes/webapps/scm/,AVAILABLE}{file:/home/runner/work/ozone/ozone/hadoop-ozone/integration-test/target/test-classes/webapps/scm}
2022-08-08 17:30:30,624 [Listener at 0.0.0.0/36553] INFO  server.AbstractConnector (AbstractConnector.java:doStart(331)) - Started ServerConnector@48d14ea0{HTTP/1.1, (http/1.1)}{0.0.0.0:43635}
2022-08-08 17:30:30,625 [Listener at 0.0.0.0/36553] INFO  server.Server (Server.java:doStart(415)) - Started @5311ms
2022-08-08 17:30:30,627 [Listener at 0.0.0.0/36553] INFO  impl.MetricsSinkAdapter (MetricsSinkAdapter.java:start(204)) - Sink prometheus started
2022-08-08 17:30:30,628 [Listener at 0.0.0.0/36553] INFO  impl.MetricsSystemImpl (MetricsSystemImpl.java:registerSink(305)) - Registered sink prometheus
2022-08-08 17:30:30,629 [Listener at 0.0.0.0/36553] INFO  http.BaseHttpServer (BaseHttpServer.java:updateConnectorAddress(329)) - HTTP server of scm listening at http://0.0.0.0:43635
2022-08-08 17:30:30,631 [Listener at 0.0.0.0/36553] WARN  server.ServerUtils (ServerUtils.java:getDBPath(225)) - ozone.om.db.dirs is not configured. We recommend adding this setting. Falling back to ozone.metadata.dirs instead.
2022-08-08 17:30:30,707 [Listener at 0.0.0.0/36553] INFO  audit.AuditLogger (AuditLogger.java:refreshDebugCmdSet(126)) - Refresh DebugCmdSet for OMAudit to [].
2022-08-08 17:30:30,817 [Listener at 0.0.0.0/36553] INFO  ha.OMHANodeDetails (OMHANodeDetails.java:loadOMHAConfig(115)) - ozone.om.internal.service.id is not defined, falling back to ozone.om.service.ids to find serviceID for OzoneManager if it is HA enabled cluster
2022-08-08 17:30:30,821 [Listener at 0.0.0.0/36553] INFO  ha.OMHANodeDetails (OMHANodeDetails.java:loadOMHAConfig(226)) - Configuration does not have ozone.om.address set. Falling back to the default OM address /127.0.0.1:0
2022-08-08 17:30:30,821 [Listener at 0.0.0.0/36553] INFO  ha.OMHANodeDetails (OMHANodeDetails.java:getOMNodeDetailsForNonHA(254)) - OM Service ID is not set. Setting it to the default ID: omServiceIdDefault
2022-08-08 17:30:30,821 [Listener at 0.0.0.0/36553] INFO  ha.OMHANodeDetails (OMHANodeDetails.java:getOMNodeDetailsForNonHA(261)) - OM Node ID is not set. Setting it to the default ID: om1
2022-08-08 17:30:30,827 [Listener at 0.0.0.0/36553] WARN  server.ServerUtils (ServerUtils.java:getDBPath(225)) - ozone.om.db.dirs is not configured. We recommend adding this setting. Falling back to ozone.metadata.dirs instead.
2022-08-08 17:30:30,829 [Listener at 0.0.0.0/36553] INFO  upgrade.AbstractLayoutVersionManager (AbstractLayoutVersionManager.java:init(83)) - Initializing Layout version manager with metadata layout = MULTITENANCY_SCHEMA (version = 3), software layout = MULTITENANCY_SCHEMA (version = 3)
2022-08-08 17:30:30,919 [Listener at 0.0.0.0/36553] INFO  reflections.Reflections (Reflections.java:scan(232)) - Reflections took 85 ms to scan 2 urls, producing 153 keys and 425 values [using 2 cores]
2022-08-08 17:30:30,924 [Listener at 0.0.0.0/36553] INFO  upgrade.OMLayoutVersionManager (OMLayoutVersionManager.java:lambda$0(115)) - Skipping Upgrade Action MockOmUpgradeAction since it has been finalized.
2022-08-08 17:30:30,925 [Listener at 0.0.0.0/36553] WARN  server.ServerUtils (ServerUtils.java:getDBPath(225)) - ozone.om.db.dirs is not configured. We recommend adding this setting. Falling back to ozone.metadata.dirs instead.
2022-08-08 17:30:31,107 [Listener at 0.0.0.0/36553] INFO  proxy.SCMBlockLocationFailoverProxyProvider (SCMBlockLocationFailoverProxyProvider.java:<init>(114)) - Created block location fail-over proxy with 1 nodes: [nodeId=scmNodeId,nodeAddress=/0.0.0.0:35903]
2022-08-08 17:30:31,136 [Listener at 0.0.0.0/36553] INFO  proxy.SCMBlockLocationFailoverProxyProvider (SCMBlockLocationFailoverProxyProvider.java:<init>(114)) - Created block location fail-over proxy with 1 nodes: [nodeId=scmNodeId,nodeAddress=/0.0.0.0:35903]
2022-08-08 17:30:31,410 [Listener at 0.0.0.0/36553] WARN  server.ServerUtils (ServerUtils.java:getDBPath(225)) - ozone.om.db.dirs is not configured. We recommend adding this setting. Falling back to ozone.metadata.dirs instead.
2022-08-08 17:30:31,418 [Listener at 0.0.0.0/36553] INFO  codec.OmKeyInfoCodec (OmKeyInfoCodec.java:<init>(49)) - OmKeyInfoCodec ignorePipeline = true
2022-08-08 17:30:31,420 [Listener at 0.0.0.0/36553] INFO  codec.RepeatedOmKeyInfoCodec (RepeatedOmKeyInfoCodec.java:<init>(41)) - RepeatedOmKeyInfoCodec ignorePipeline = true
2022-08-08 17:30:31,628 [Listener at 0.0.0.0/36553] INFO  om.OzoneManager (OzoneManager.java:instantiateServices(696)) - S3 Multi-Tenancy is disabled
2022-08-08 17:30:31,716 [Listener at 0.0.0.0/36553] INFO  om.OzoneManager (OzoneManager.java:addS3GVolumeToDB(4307)) - Created Volume s3v With Owner runner required for S3Gateway operations.
2022-08-08 17:30:31,742 [Finalizer] WARN  managed.ManagedRocksObjectUtils (ManagedRocksObjectUtils.java:assertClosed(39)) - ManagedColumnFamilyOptions is not closed properly
2022-08-08 17:30:31,742 [Finalizer] WARN  managed.ManagedRocksObjectUtils (ManagedRocksObjectUtils.java:assertClosed(39)) - ManagedColumnFamilyOptions is not closed properly
2022-08-08 17:30:31,742 [Finalizer] WARN  managed.ManagedRocksObjectUtils (ManagedRocksObjectUtils.java:assertClosed(39)) - ManagedColumnFamilyOptions is not closed properly
2022-08-08 17:30:31,743 [Finalizer] WARN  managed.ManagedRocksObjectUtils (ManagedRocksObjectUtils.java:assertClosed(39)) - ManagedColumnFamilyOptions is not closed properly
2022-08-08 17:30:31,743 [Finalizer] WARN  managed.ManagedRocksObjectUtils (ManagedRocksObjectUtils.java:assertClosed(39)) - ManagedColumnFamilyOptions is not closed properly
2022-08-08 17:30:31,743 [Finalizer] WARN  managed.ManagedRocksObjectUtils (ManagedRocksObjectUtils.java:assertClosed(39)) - ManagedColumnFamilyOptions is not closed properly
2022-08-08 17:30:31,743 [Finalizer] WARN  managed.ManagedRocksObjectUtils (ManagedRocksObjectUtils.java:assertClosed(39)) - ManagedColumnFamilyOptions is not closed properly
2022-08-08 17:30:31,743 [Finalizer] WARN  managed.ManagedRocksObjectUtils (ManagedRocksObjectUtils.java:assertClosed(39)) - ManagedColumnFamilyOptions is not closed properly
2022-08-08 17:30:31,743 [Finalizer] WARN  managed.ManagedRocksObjectUtils (ManagedRocksObjectUtils.java:assertClosed(39)) - ManagedColumnFamilyOptions is not closed properly
2022-08-08 17:30:31,743 [Finalizer] WARN  managed.ManagedRocksObjectUtils (ManagedRocksObjectUtils.java:assertClosed(39)) - ManagedColumnFamilyOptions is not closed properly
2022-08-08 17:30:31,743 [Finalizer] WARN  managed.ManagedRocksObjectUtils (ManagedRocksObjectUtils.java:assertClosed(39)) - ManagedColumnFamilyOptions is not closed properly
2022-08-08 17:30:31,743 [Finalizer] WARN  managed.ManagedRocksObjectUtils (ManagedRocksObjectUtils.java:assertClosed(39)) - ManagedColumnFamilyOptions is not closed properly
2022-08-08 17:30:31,743 [Finalizer] WARN  managed.ManagedRocksObjectUtils (ManagedRocksObjectUtils.java:assertClosed(39)) - ManagedColumnFamilyOptions is not closed properly
2022-08-08 17:30:31,743 [Finalizer] WARN  managed.ManagedRocksObjectUtils (ManagedRocksObjectUtils.java:assertClosed(39)) - ManagedColumnFamilyOptions is not closed properly
2022-08-08 17:30:31,743 [Finalizer] WARN  managed.ManagedRocksObjectUtils (ManagedRocksObjectUtils.java:assertClosed(39)) - ManagedColumnFamilyOptions is not closed properly
2022-08-08 17:30:31,743 [Finalizer] WARN  managed.ManagedRocksObjectUtils (ManagedRocksObjectUtils.java:assertClosed(39)) - ManagedColumnFamilyOptions is not closed properly
2022-08-08 17:30:31,743 [Finalizer] WARN  managed.ManagedRocksObjectUtils (ManagedRocksObjectUtils.java:assertClosed(39)) - ManagedColumnFamilyOptions is not closed properly
2022-08-08 17:30:31,743 [Finalizer] WARN  managed.ManagedRocksObjectUtils (ManagedRocksObjectUtils.java:assertClosed(39)) - ManagedColumnFamilyOptions is not closed properly
2022-08-08 17:30:31,744 [Finalizer] WARN  managed.ManagedRocksObjectUtils (ManagedRocksObjectUtils.java:assertClosed(39)) - ManagedColumnFamilyOptions is not closed properly
2022-08-08 17:30:31,744 [Finalizer] WARN  managed.ManagedRocksObjectUtils (ManagedRocksObjectUtils.java:assertClosed(39)) - ManagedColumnFamilyOptions is not closed properly
2022-08-08 17:30:31,744 [Finalizer] WARN  managed.ManagedRocksObjectUtils (ManagedRocksObjectUtils.java:assertClosed(39)) - ManagedColumnFamilyOptions is not closed properly
2022-08-08 17:30:31,812 [Listener at 0.0.0.0/36553] WARN  server.ServerUtils (ServerUtils.java:getDefaultRatisDirectory(237)) - Storage directory for Ratis is not configured. It is a good idea to map this to an SSD disk. Falling back to ozone.metadata.dirs
2022-08-08 17:30:31,813 [Listener at 0.0.0.0/36553] WARN  utils.OzoneManagerRatisUtils (OzoneManagerRatisUtils.java:getOMRatisSnapshotDirectory(431)) - ozone.om.ratis.snapshot.dir is not configured. Falling back to ozone.metadata.dirs config
2022-08-08 17:30:31,838 [Listener at 0.0.0.0/36553] WARN  server.ServerUtils (ServerUtils.java:getDefaultRatisDirectory(237)) - Storage directory for Ratis is not configured. It is a good idea to map this to an SSD disk. Falling back to ozone.metadata.dirs
2022-08-08 17:30:31,871 [Listener at 0.0.0.0/36553] INFO  ratis.OzoneManagerRatisServer (OzoneManagerRatisServer.java:<init>(159)) - Instantiating OM Ratis server with groupID: omServiceIdDefault and peers: localhost:9872
2022-08-08 17:30:31,881 [Listener at 0.0.0.0/36553] INFO  ratis.OzoneManagerStateMachine (OzoneManagerStateMachine.java:loadSnapshotInfoFromDB(632)) - LastAppliedIndex is set from TransactionInfo from OM DB as (t:0, i:~)
2022-08-08 17:30:31,938 [Listener at 0.0.0.0/36553] INFO  server.RaftServer (ConfUtils.java:logGet(46)) - raft.rpc.type = GRPC (default)
2022-08-08 17:30:32,035 [Listener at 0.0.0.0/36553] INFO  grpc.GrpcFactory (GrpcFactory.java:checkPooledByteBufAllocatorUseCacheForAllThreads(48)) - PERFORMANCE WARNING: useCacheForAllThreads is true that may cause Netty to create a lot garbage objects and, as a result, trigger GC.
	It is recommended to disable useCacheForAllThreads by setting -Dorg.apache.ratis.thirdparty.io.netty.allocator.useCacheForAllThreads=false in command line.
2022-08-08 17:30:32,039 [Listener at 0.0.0.0/36553] INFO  grpc.GrpcConfigKeys (ConfUtils.java:logGet(46)) - raft.grpc.admin.port = -1 (default)
2022-08-08 17:30:32,040 [Listener at 0.0.0.0/36553] INFO  grpc.GrpcConfigKeys (ConfUtils.java:logGet(46)) - raft.grpc.server.port = 9872 (custom)
2022-08-08 17:30:32,041 [Listener at 0.0.0.0/36553] INFO  grpc.GrpcConfigKeys (ConfUtils.java:logGet(46)) - raft.grpc.client.port = -1 (default)
2022-08-08 17:30:32,041 [Listener at 0.0.0.0/36553] INFO  grpc.GrpcConfigKeys (ConfUtils.java:logGet(46)) - raft.grpc.server.port = 9872 (custom)
2022-08-08 17:30:32,041 [Listener at 0.0.0.0/36553] INFO  grpc.GrpcConfigKeys (ConfUtils.java:logGet(46)) - raft.grpc.server.port = 9872 (custom)
2022-08-08 17:30:32,042 [Listener at 0.0.0.0/36553] INFO  server.GrpcService (ConfUtils.java:logGet(46)) - raft.grpc.message.size.max = 33554432 (custom)
2022-08-08 17:30:32,043 [Listener at 0.0.0.0/36553] INFO  server.RaftServerConfigKeys (ConfUtils.java:logGet(46)) - raft.server.log.appender.buffer.byte-limit = 33554432 (custom)
2022-08-08 17:30:32,044 [Listener at 0.0.0.0/36553] INFO  server.GrpcService (ConfUtils.java:logGet(46)) - raft.grpc.flow.control.window = 1MB (=1048576) (default)
2022-08-08 17:30:32,044 [Listener at 0.0.0.0/36553] INFO  server.RaftServerConfigKeys (ConfUtils.java:logGet(46)) - raft.server.rpc.request.timeout = 3000ms (default)
2022-08-08 17:30:32,066 [Listener at 0.0.0.0/36553] INFO  grpc.GrpcConfigKeys (ConfUtils.java:logGet(46)) - raft.grpc.server.async.request.thread.pool.cached = true (default)
2022-08-08 17:30:32,067 [Listener at 0.0.0.0/36553] INFO  grpc.GrpcConfigKeys (ConfUtils.java:logGet(46)) - raft.grpc.server.async.request.thread.pool.size = 32 (default)
2022-08-08 17:30:32,446 [Listener at 0.0.0.0/36553] INFO  impl.DataStreamServerImpl (ConfUtils.java:logGet(46)) - raft.datastream.type = DISABLED (default)
2022-08-08 17:30:32,449 [Listener at 0.0.0.0/36553] INFO  server.RaftServerConfigKeys (ConfUtils.java:logGet(46)) - raft.server.threadpool.proxy.cached = true (default)
2022-08-08 17:30:32,450 [Listener at 0.0.0.0/36553] INFO  server.RaftServerConfigKeys (ConfUtils.java:logGet(46)) - raft.server.threadpool.proxy.size = 0 (default)
2022-08-08 17:30:32,450 [Listener at 0.0.0.0/36553] INFO  server.RaftServerConfigKeys (ConfUtils.java:logGet(46)) - raft.server.rpc.slowness.timeout = 120s (custom)
2022-08-08 17:30:32,450 [Listener at 0.0.0.0/36553] INFO  server.RaftServerConfigKeys (ConfUtils.java:logGet(46)) - raft.server.leaderelection.leader.step-down.wait-time = 10s (default)
2022-08-08 17:30:32,455 [Listener at 0.0.0.0/36553] INFO  server.RaftServerConfigKeys (ConfUtils.java:logGet(46)) - raft.server.storage.dir = [/home/runner/work/ozone/ozone/hadoop-ozone/integration-test/target/test-dir/MiniOzoneClusterImpl-51406671-1893-4796-a216-b7dfafadb542/ozone-meta/ratis] (custom)
2022-08-08 17:30:32,466 [Listener at 0.0.0.0/36553] INFO  server.RaftServer (RaftServerProxy.java:addNew(96)) - om1: addNew group-C5BA1605619E:[om1|rpc:localhost:9872|priority:0] returns group-C5BA1605619E:java.util.concurrent.CompletableFuture@428c9250[Not completed]
2022-08-08 17:30:32,467 [Listener at 0.0.0.0/36553] INFO  om.OzoneManager (OzoneManager.java:initializeRatisServer(1962)) - OzoneManager Ratis server initialized at port 9872
2022-08-08 17:30:32,479 [Listener at 0.0.0.0/36553] INFO  om.OzoneManager (OzoneManager.java:getRpcServer(1085)) - Creating RPC Server
2022-08-08 17:30:32,494 [pool-55-thread-1] INFO  server.RaftServer$Division (RaftServerImpl.java:<init>(190)) - om1: new RaftServerImpl for group-C5BA1605619E:[om1|rpc:localhost:9872|priority:0] with OzoneManagerStateMachine:uninitialized
2022-08-08 17:30:32,498 [pool-55-thread-1] INFO  server.RaftServerConfigKeys (ConfUtils.java:logGet(46)) - raft.server.rpc.timeout.min = 1s (custom)
2022-08-08 17:30:32,506 [pool-55-thread-1] INFO  server.RaftServerConfigKeys (ConfUtils.java:logGet(46)) - raft.server.rpc.timeout.max = 1200ms (custom)
2022-08-08 17:30:32,506 [pool-55-thread-1] INFO  server.RaftServerConfigKeys (ConfUtils.java:logGet(46)) - raft.server.rpc.sleep.time = 25ms (default)
2022-08-08 17:30:32,507 [pool-55-thread-1] INFO  server.RaftServerConfigKeys (ConfUtils.java:logGet(46)) - raft.server.rpc.slowness.timeout = 120s (custom)
2022-08-08 17:30:32,507 [pool-55-thread-1] INFO  server.RaftServerConfigKeys (ConfUtils.java:logGet(46)) - raft.server.leaderelection.leader.step-down.wait-time = 10s (default)
2022-08-08 17:30:32,507 [pool-55-thread-1] INFO  server.RaftServerConfigKeys (ConfUtils.java:logGet(46)) - raft.server.sleep.deviation.threshold = 300ms (default)
2022-08-08 17:30:32,516 [pool-55-thread-1] INFO  server.RaftServer$Division (ServerState.java:<init>(107)) - om1@group-C5BA1605619E: ConfigurationManager, init=-1: [om1|rpc:localhost:9872|priority:0], old=null, confs=<EMPTY_MAP>
2022-08-08 17:30:32,517 [pool-55-thread-1] INFO  server.RaftServerConfigKeys (ConfUtils.java:logGet(46)) - raft.server.storage.dir = [/home/runner/work/ozone/ozone/hadoop-ozone/integration-test/target/test-dir/MiniOzoneClusterImpl-51406671-1893-4796-a216-b7dfafadb542/ozone-meta/ratis] (custom)
2022-08-08 17:30:32,533 [pool-55-thread-1] INFO  server.RaftServerConfigKeys (ConfUtils.java:logGet(46)) - raft.server.log.corruption.policy = EXCEPTION (default)
2022-08-08 17:30:32,534 [pool-55-thread-1] INFO  server.RaftServerConfigKeys (ConfUtils.java:logGet(46)) - raft.server.storage.free-space.min = 0MB (=0) (default)
2022-08-08 17:30:32,536 [pool-55-thread-1] INFO  storage.RaftStorageDirectory (RaftStorageDirectoryImpl.java:analyzeStorage(135)) - The storage directory /home/runner/work/ozone/ozone/hadoop-ozone/integration-test/target/test-dir/MiniOzoneClusterImpl-51406671-1893-4796-a216-b7dfafadb542/ozone-meta/ratis/bf265839-605b-3f16-9796-c5ba1605619e does not exist. Creating ...
2022-08-08 17:30:32,546 [pool-55-thread-1] INFO  storage.RaftStorageDirectory (RaftStorageDirectoryImpl.java:tryLock(230)) - Lock on /home/runner/work/ozone/ozone/hadoop-ozone/integration-test/target/test-dir/MiniOzoneClusterImpl-51406671-1893-4796-a216-b7dfafadb542/ozone-meta/ratis/bf265839-605b-3f16-9796-c5ba1605619e/in_use.lock acquired by nodename 1880@fv-az207-152
2022-08-08 17:30:32,562 [pool-55-thread-1] INFO  storage.RaftStorage (RaftStorageImpl.java:format(89)) - Storage directory /home/runner/work/ozone/ozone/hadoop-ozone/integration-test/target/test-dir/MiniOzoneClusterImpl-51406671-1893-4796-a216-b7dfafadb542/ozone-meta/ratis/bf265839-605b-3f16-9796-c5ba1605619e has been successfully formatted.
2022-08-08 17:30:32,568 [pool-55-thread-1] INFO  server.RaftServerConfigKeys (ConfUtils.java:logGet(46)) - raft.server.notification.no-leader.timeout = 120s (custom)
2022-08-08 17:30:32,575 [pool-55-thread-1] INFO  server.RaftServerConfigKeys (ConfUtils.java:logGet(46)) - raft.server.log.use.memory = false (default)
2022-08-08 17:30:32,584 [pool-55-thread-1] INFO  server.RaftServerConfigKeys (ConfUtils.java:logGet(46)) - raft.server.log.purge.gap = 1000000 (custom)
2022-08-08 17:30:32,585 [pool-55-thread-1] INFO  server.RaftServerConfigKeys (ConfUtils.java:logGet(46)) - raft.server.log.appender.buffer.byte-limit = 33554432 (custom)
2022-08-08 17:30:32,587 [pool-55-thread-1] INFO  server.RaftServerConfigKeys (ConfUtils.java:logGet(46)) - raft.server.log.statemachine.data.read.timeout = 1000ms (default)
2022-08-08 17:30:32,649 [pool-55-thread-1] INFO  server.RaftServerConfigKeys (ConfUtils.java:logGet(46)) - raft.server.log.segment.size.max = 4194304 (custom)
2022-08-08 17:30:32,665 [pool-55-thread-1] INFO  server.RaftServerConfigKeys (ConfUtils.java:logGet(46)) - raft.server.log.segment.cache.num.max = 2 (custom)
2022-08-08 17:30:32,666 [pool-55-thread-1] INFO  server.RaftServerConfigKeys (ConfUtils.java:logGet(46)) - raft.server.log.segment.cache.size.max = 200MB (=209715200) (default)
2022-08-08 17:30:32,690 [pool-55-thread-1] INFO  segmented.SegmentedRaftLogWorker (SegmentedRaftLogWorker.java:<init>(187)) - new om1@group-C5BA1605619E-SegmentedRaftLogWorker for RaftStorageImpl:Storage Directory /home/runner/work/ozone/ozone/hadoop-ozone/integration-test/target/test-dir/MiniOzoneClusterImpl-51406671-1893-4796-a216-b7dfafadb542/ozone-meta/ratis/bf265839-605b-3f16-9796-c5ba1605619e
2022-08-08 17:30:32,691 [pool-55-thread-1] INFO  server.RaftServerConfigKeys (ConfUtils.java:logGet(46)) - raft.server.log.queue.byte-limit = 64MB (=67108864) (default)
2022-08-08 17:30:32,691 [pool-55-thread-1] INFO  server.RaftServerConfigKeys (ConfUtils.java:logGet(46)) - raft.server.log.queue.element-limit = 4096 (default)
2022-08-08 17:30:32,693 [pool-55-thread-1] INFO  server.RaftServerConfigKeys (ConfUtils.java:logGet(46)) - raft.server.log.segment.size.max = 4194304 (custom)
2022-08-08 17:30:32,693 [pool-55-thread-1] INFO  server.RaftServerConfigKeys (ConfUtils.java:logGet(46)) - raft.server.log.preallocated.size = 4194304 (custom)
2022-08-08 17:30:32,693 [pool-55-thread-1] INFO  server.RaftServerConfigKeys (ConfUtils.java:logGet(46)) - raft.server.log.force.sync.num = 128 (default)
2022-08-08 17:30:32,695 [pool-55-thread-1] INFO  server.RaftServerConfigKeys (ConfUtils.java:logGet(46)) - raft.server.log.statemachine.data.sync = true (default)
2022-08-08 17:30:32,696 [pool-55-thread-1] INFO  server.RaftServerConfigKeys (ConfUtils.java:logGet(46)) - raft.server.log.statemachine.data.sync.timeout = 10s (default)
2022-08-08 17:30:32,696 [pool-55-thread-1] INFO  server.RaftServerConfigKeys (ConfUtils.java:logGet(46)) - raft.server.log.statemachine.data.sync.timeout.retry = -1 (default)
2022-08-08 17:30:32,747 [pool-55-thread-1] INFO  server.RaftServerConfigKeys (ConfUtils.java:logGet(46)) - raft.server.log.write.buffer.size = 64KB (=65536) (default)
2022-08-08 17:30:32,748 [pool-55-thread-1] INFO  server.RaftServerConfigKeys (ConfUtils.java:logGet(46)) - raft.server.log.unsafe-flush.enabled = false (default)
2022-08-08 17:30:32,748 [pool-55-thread-1] INFO  server.RaftServerConfigKeys (ConfUtils.java:logGet(46)) - raft.server.log.statemachine.data.caching.enabled = false (default)
2022-08-08 17:30:32,770 [pool-55-thread-1] INFO  segmented.SegmentedRaftLogWorker (SegmentedRaftLogWorker.java:lambda$new$0(135)) - om1@group-C5BA1605619E-SegmentedRaftLogWorker: flushIndex: setUnconditionally 0 -> -1
2022-08-08 17:30:32,772 [pool-55-thread-1] INFO  segmented.SegmentedRaftLogWorker (SegmentedRaftLogWorker.java:lambda$new$0(135)) - om1@group-C5BA1605619E-SegmentedRaftLogWorker: safeCacheEvictIndex: setUnconditionally 0 -> -1
2022-08-08 17:30:32,789 [pool-55-thread-1] INFO  server.RaftServerConfigKeys (ConfUtils.java:logGet(46)) - raft.server.snapshot.auto.trigger.enabled = true (custom)
2022-08-08 17:30:32,790 [pool-55-thread-1] INFO  server.RaftServerConfigKeys (ConfUtils.java:logGet(46)) - raft.server.snapshot.auto.trigger.threshold = 400000 (default)
2022-08-08 17:30:32,790 [pool-55-thread-1] INFO  server.RaftServerConfigKeys (ConfUtils.java:logGet(46)) - raft.server.snapshot.retention.file.num = -1 (default)
2022-08-08 17:30:32,791 [pool-55-thread-1] INFO  server.RaftServerConfigKeys (ConfUtils.java:logGet(46)) - raft.server.log.purge.upto.snapshot.index = true (custom)
2022-08-08 17:30:32,803 [pool-55-thread-1] INFO  server.RaftServerConfigKeys (ConfUtils.java:logGet(46)) - raft.server.retrycache.expirytime = 300s (custom)
2022-08-08 17:30:32,803 [pool-55-thread-1] INFO  server.RaftServerConfigKeys (ConfUtils.java:logGet(46)) - raft.server.retrycache.statistics.expirytime = 100μs (default)
2022-08-08 17:30:32,940 [pool-55-thread-1] INFO  server.RaftServerConfigKeys (ConfUtils.java:logGet(46)) - raft.server.log.appender.install.snapshot.enabled = false (custom)
2022-08-08 17:30:32,941 [pool-55-thread-1] INFO  server.RaftServerConfigKeys (ConfUtils.java:logGet(46)) - raft.server.threadpool.server.cached = true (default)
2022-08-08 17:30:32,941 [pool-55-thread-1] INFO  server.RaftServerConfigKeys (ConfUtils.java:logGet(46)) - raft.server.threadpool.server.size = 0 (default)
2022-08-08 17:30:32,942 [pool-55-thread-1] INFO  server.RaftServerConfigKeys (ConfUtils.java:logGet(46)) - raft.server.threadpool.client.cached = true (default)
2022-08-08 17:30:32,950 [pool-55-thread-1] INFO  server.RaftServerConfigKeys (ConfUtils.java:logGet(46)) - raft.server.threadpool.client.size = 0 (default)
2022-08-08 17:30:33,458 [Listener at 0.0.0.0/36553] INFO  reflections.Reflections (Reflections.java:scan(232)) - Reflections took 884 ms to scan 19 urls, producing 67 keys and 4146 values [using 2 cores]
2022-08-08 17:30:33,627 [Listener at 0.0.0.0/36553] INFO  ipc.CallQueueManager (CallQueueManager.java:<init>(90)) - Using callQueue: class java.util.concurrent.LinkedBlockingQueue, queueCapacity: 2000, scheduler: class org.apache.hadoop.ipc.DefaultRpcScheduler, ipcBackoff: false.
2022-08-08 17:30:33,628 [Socket Reader #1 for port 0] INFO  ipc.Server (Server.java:run(1265)) - Starting Socket Reader #1 for port 0
2022-08-08 17:30:33,663 [Listener at 127.0.0.1/37325] INFO  impl.MetricsSystemImpl (MetricsSystemImpl.java:init(158)) - OzoneManager metrics system started (again)
2022-08-08 17:30:33,677 [Listener at 127.0.0.1/37325] INFO  om.OzoneManager (OzoneManager.java:start(1469)) - OzoneManager RPC server is listening at localhost/127.0.0.1:37325
2022-08-08 17:30:33,677 [Listener at 127.0.0.1/37325] INFO  ratis.OzoneManagerRatisServer (OzoneManagerRatisServer.java:start(554)) - Starting OzoneManagerRatisServer om1 at port 9872
2022-08-08 17:30:33,680 [om1-impl-thread1] INFO  server.RaftServer$Division (RaftServerImpl.java:start(310)) - om1@group-C5BA1605619E: start as a follower, conf=-1: [om1|rpc:localhost:9872|priority:0], old=null
2022-08-08 17:30:33,681 [om1-impl-thread1] INFO  server.RaftServer$Division (RaftServerImpl.java:setRole(299)) - om1@group-C5BA1605619E: changes role from      null to FOLLOWER at term 0 for startAsFollower
2022-08-08 17:30:33,682 [om1-impl-thread1] INFO  impl.RoleInfo (RoleInfo.java:updateAndGet(139)) - om1: start om1@group-C5BA1605619E-FollowerState
2022-08-08 17:30:33,688 [om1-impl-thread1] INFO  util.JmxRegister (JmxRegister.java:tryRegister(44)) - Successfully registered JMX Bean with object name Ratis:service=RaftServer,group=group-C5BA1605619E,id=om1
2022-08-08 17:30:33,693 [Listener at 127.0.0.1/37325] INFO  server.RaftServer (RaftServerProxy.java:lambda$start$6(382)) - om1: start RPC server
2022-08-08 17:30:33,769 [Listener at 127.0.0.1/37325] INFO  server.GrpcService (GrpcService.java:startImpl(260)) - om1: GrpcService started, listening on 9872
2022-08-08 17:30:33,772 [Listener at 127.0.0.1/37325] INFO  om.OzoneManager (OzoneManager.java:start(1485)) - Version File has different layout version (3) than OM DB (null). That is expected if this OM has never been finalized to a newer layout version.
2022-08-08 17:30:33,773 [org.apache.ratis.util.JvmPauseMonitor$$Lambda$616/2073768691@993dab8] INFO  util.JvmPauseMonitor (JvmPauseMonitor.java:run(103)) - JvmPauseMonitor-om1: Started
2022-08-08 17:30:33,798 [Listener at 127.0.0.1/37325] INFO  http.BaseHttpServer (BaseHttpServer.java:newHttpServer2BuilderForOzone(209)) - Starting Web-server for ozoneManager at: http://0.0.0.0:0
2022-08-08 17:30:33,799 [Listener at 127.0.0.1/37325] INFO  http.BaseHttpServer (BaseHttpServer.java:<init>(107)) - Hadoop Security Enabled: false Ozone Security Enabled: false Ozone HTTP Security Enabled: false 
2022-08-08 17:30:33,800 [Listener at 127.0.0.1/37325] INFO  server.AuthenticationFilter (AuthenticationFilter.java:constructSecretProvider(240)) - Unable to initialize FileSignerSecretProvider, falling back to use random secrets.
2022-08-08 17:30:33,803 [Listener at 127.0.0.1/37325] WARN  http.HttpRequestLog (HttpRequestLog.java:getRequestLog(103)) - Jetty request log can only be enabled using Log4j
2022-08-08 17:30:33,805 [Listener at 127.0.0.1/37325] INFO  http.HttpServer2 (HttpServer2.java:addGlobalFilter(1029)) - Added global filter 'safety' (class=org.apache.hadoop.hdds.server.http.HttpServer2$QuotingInputFilter)
2022-08-08 17:30:33,806 [Listener at 127.0.0.1/37325] INFO  http.HttpServer2 (HttpServer2.java:addFilter(1005)) - Added filter static_user_filter (class=org.apache.hadoop.http.lib.StaticUserWebFilter$StaticUserFilter) to context ozoneManager
2022-08-08 17:30:33,806 [Listener at 127.0.0.1/37325] INFO  http.HttpServer2 (HttpServer2.java:addFilter(1013)) - Added filter static_user_filter (class=org.apache.hadoop.http.lib.StaticUserWebFilter$StaticUserFilter) to context static
2022-08-08 17:30:33,806 [Listener at 127.0.0.1/37325] INFO  http.HttpServer2 (HttpServer2.java:addFilter(1013)) - Added filter static_user_filter (class=org.apache.hadoop.http.lib.StaticUserWebFilter$StaticUserFilter) to context logs
2022-08-08 17:30:33,808 [Listener at 127.0.0.1/37325] INFO  http.HttpServer2 (HttpServer2.java:bindListener(1248)) - Jetty bound to port 38739
2022-08-08 17:30:33,808 [Listener at 127.0.0.1/37325] INFO  server.Server (Server.java:doStart(375)) - jetty-9.4.43.v20210629; built: 2021-06-30T11:07:22.254Z; git: 526006ecfa3af7f1a27ef3a288e2bef7ea9dd7e8; jvm 1.8.0_332-b09
2022-08-08 17:30:33,815 [Listener at 127.0.0.1/37325] INFO  server.session (DefaultSessionIdManager.java:doStart(334)) - DefaultSessionIdManager workerName=node0
2022-08-08 17:30:33,815 [Listener at 127.0.0.1/37325] INFO  server.session (DefaultSessionIdManager.java:doStart(339)) - No SessionScavenger set, using defaults
2022-08-08 17:30:33,816 [Listener at 127.0.0.1/37325] INFO  server.session (HouseKeeper.java:startScavenging(132)) - node0 Scavenging every 660000ms
2022-08-08 17:30:33,816 [Listener at 127.0.0.1/37325] INFO  handler.ContextHandler (ContextHandler.java:doStart(915)) - Started o.e.j.s.ServletContextHandler@609f3626{logs,/logs,file:///home/runner/work/ozone/ozone/hadoop-ozone/integration-test/target/log,AVAILABLE}
2022-08-08 17:30:33,817 [Listener at 127.0.0.1/37325] INFO  handler.ContextHandler (ContextHandler.java:doStart(915)) - Started o.e.j.s.ServletContextHandler@786296ca{static,/static,file:///home/runner/work/ozone/ozone/hadoop-ozone/integration-test/target/test-classes/webapps/static,AVAILABLE}
2022-08-08 17:30:33,821 [Listener at 127.0.0.1/37325] INFO  handler.ContextHandler (ContextHandler.java:doStart(915)) - Started o.e.j.w.WebAppContext@5035ce0b{ozoneManager,/,file:///home/runner/work/ozone/ozone/hadoop-ozone/integration-test/target/test-classes/webapps/ozoneManager/,AVAILABLE}{file:/home/runner/work/ozone/ozone/hadoop-ozone/integration-test/target/test-classes/webapps/ozoneManager}
2022-08-08 17:30:33,822 [Listener at 127.0.0.1/37325] INFO  server.AbstractConnector (AbstractConnector.java:doStart(331)) - Started ServerConnector@13fe4e38{HTTP/1.1, (http/1.1)}{0.0.0.0:38739}
2022-08-08 17:30:33,822 [Listener at 127.0.0.1/37325] INFO  server.Server (Server.java:doStart(415)) - Started @8509ms
2022-08-08 17:30:33,823 [Listener at 127.0.0.1/37325] WARN  impl.MetricsSystemImpl (MetricsSystemImpl.java:register(279)) - Sink prometheus already exists!
2022-08-08 17:30:33,823 [Listener at 127.0.0.1/37325] INFO  http.BaseHttpServer (BaseHttpServer.java:updateConnectorAddress(329)) - HTTP server of ozoneManager listening at http://0.0.0.0:38739
2022-08-08 17:30:33,824 [IPC Server Responder] INFO  ipc.Server (Server.java:run(1507)) - IPC Server Responder: starting
2022-08-08 17:30:33,824 [IPC Server listener on 0] INFO  ipc.Server (Server.java:run(1344)) - IPC Server listener on 0: starting
2022-08-08 17:30:33,882 [Listener at 127.0.0.1/37325] INFO  om.TrashPolicyOzone (TrashPolicyOzone.java:<init>(178)) - Ozone Manager trash configuration: Deletion interval = 0 minutes, Emptier interval = 0 minutes.
2022-08-08 17:30:33,898 [org.apache.hadoop.util.JvmPauseMonitor$Monitor@16acdd2f] INFO  util.JvmPauseMonitor (JvmPauseMonitor.java:run(188)) - Starting JVM pause monitor
2022-08-08 17:30:34,078 [Listener at 127.0.0.1/37325] WARN  impl.MetricRegistriesImpl (MetricRegistriesImpl.java:addReporterRegistration(111)) - New reporters are added after registries were created. Some metrics will be missing from the reporter. Please add reporter before adding any new registry.
2022-08-08 17:30:34,079 [Listener at 127.0.0.1/37325] WARN  impl.MetricRegistriesImpl (MetricRegistriesImpl.java:addReporterRegistration(111)) - New reporters are added after registries were created. Some metrics will be missing from the reporter. Please add reporter before adding any new registry.
2022-08-08 17:30:34,079 [Listener at 127.0.0.1/37325] INFO  impl.MetricsSystemImpl (MetricsSystemImpl.java:init(158)) - HddsDatanode metrics system started (again)
2022-08-08 17:30:34,099 [Listener at 127.0.0.1/37325] INFO  ozone.HddsDatanodeService (HddsDatanodeService.java:start(236)) - HddsDatanodeService host:fv-az207-152.1ztp0ef1jgbebjcpob1ohcpowa.jx.internal.cloudapp.net ip:10.1.0.4
2022-08-08 17:30:34,137 [Listener at 127.0.0.1/37325] INFO  upgrade.AbstractLayoutVersionManager (AbstractLayoutVersionManager.java:init(83)) - Initializing Layout version manager with metadata layout = DATANODE_SCHEMA_V3 (version = 4), software layout = DATANODE_SCHEMA_V3 (version = 4)
2022-08-08 17:30:34,191 [Listener at 127.0.0.1/37325] INFO  reflections.Reflections (Reflections.java:scan(232)) - Reflections took 52 ms to scan 7 urls, producing 132 keys and 321 values 
2022-08-08 17:30:34,197 [Listener at 127.0.0.1/37325] INFO  statemachine.DatanodeStateMachine (DatanodeStateMachine.java:getEndPointTaskThreadPoolSize(237)) - Datanode State Machine Task Thread Pool size 2
2022-08-08 17:30:34,267 [Listener at 127.0.0.1/37325] INFO  volume.HddsVolume (HddsVolume.java:<init>(116)) - Creating HddsVolume: /home/runner/work/ozone/ozone/hadoop-ozone/integration-test/target/test-dir/MiniOzoneClusterImpl-51406671-1893-4796-a216-b7dfafadb542/datanode-0/data-0/containers/hdds of storage type : DISK capacity : 9223372036854775807
2022-08-08 17:30:34,269 [Listener at 127.0.0.1/37325] INFO  volume.MutableVolumeSet (MutableVolumeSet.java:initializeVolumeSet(174)) - Added Volume : /home/runner/work/ozone/ozone/hadoop-ozone/integration-test/target/test-dir/MiniOzoneClusterImpl-51406671-1893-4796-a216-b7dfafadb542/datanode-0/data-0/containers/hdds to VolumeSet
2022-08-08 17:30:34,270 [Listener at 127.0.0.1/37325] INFO  volume.ThrottledAsyncChecker (ThrottledAsyncChecker.java:schedule(141)) - Scheduling a check for /home/runner/work/ozone/ozone/hadoop-ozone/integration-test/target/test-dir/MiniOzoneClusterImpl-51406671-1893-4796-a216-b7dfafadb542/datanode-0/data-0/containers/hdds
2022-08-08 17:30:34,291 [Listener at 127.0.0.1/37325] INFO  volume.StorageVolumeChecker (StorageVolumeChecker.java:checkAllVolumes(202)) - Scheduled health check for volume /home/runner/work/ozone/ozone/hadoop-ozone/integration-test/target/test-dir/MiniOzoneClusterImpl-51406671-1893-4796-a216-b7dfafadb542/datanode-0/data-0/containers/hdds
2022-08-08 17:30:34,309 [Listener at 127.0.0.1/37325] INFO  volume.MutableVolumeSet (MutableVolumeSet.java:initializeVolumeSet(174)) - Added Volume : /home/runner/work/ozone/ozone/hadoop-ozone/integration-test/target/test-dir/MiniOzoneClusterImpl-51406671-1893-4796-a216-b7dfafadb542/datanode-0/data/ratis to VolumeSet
2022-08-08 17:30:34,310 [Listener at 127.0.0.1/37325] INFO  volume.ThrottledAsyncChecker (ThrottledAsyncChecker.java:schedule(141)) - Scheduling a check for /home/runner/work/ozone/ozone/hadoop-ozone/integration-test/target/test-dir/MiniOzoneClusterImpl-51406671-1893-4796-a216-b7dfafadb542/datanode-0/data/ratis
2022-08-08 17:30:34,312 [Listener at 127.0.0.1/37325] INFO  volume.StorageVolumeChecker (StorageVolumeChecker.java:checkAllVolumes(202)) - Scheduled health check for volume /home/runner/work/ozone/ozone/hadoop-ozone/integration-test/target/test-dir/MiniOzoneClusterImpl-51406671-1893-4796-a216-b7dfafadb542/datanode-0/data/ratis
2022-08-08 17:30:34,339 [Thread-136] INFO  ozoneimpl.ContainerReader (ContainerReader.java:readVolume(175)) - Finish verifying containers on volume /home/runner/work/ozone/ozone/hadoop-ozone/integration-test/target/test-dir/MiniOzoneClusterImpl-51406671-1893-4796-a216-b7dfafadb542/datanode-0/data-0/containers/hdds
2022-08-08 17:30:34,339 [Listener at 127.0.0.1/37325] INFO  ozoneimpl.OzoneContainer (OzoneContainer.java:buildContainerSet(299)) - Build ContainerSet costs 0s
2022-08-08 17:30:34,391 [Listener at 127.0.0.1/37325] INFO  audit.AuditLogger (AuditLogger.java:refreshDebugCmdSet(126)) - Refresh DebugCmdSet for DNAudit to [].
2022-08-08 17:30:34,425 [Listener at 127.0.0.1/37325] INFO  server.RaftServer (ConfUtils.java:logGet(46)) - raft.rpc.type = GRPC (default)
2022-08-08 17:30:34,427 [Listener at 127.0.0.1/37325] INFO  grpc.GrpcFactory (GrpcFactory.java:checkPooledByteBufAllocatorUseCacheForAllThreads(48)) - PERFORMANCE WARNING: useCacheForAllThreads is true that may cause Netty to create a lot garbage objects and, as a result, trigger GC.
	It is recommended to disable useCacheForAllThreads by setting -Dorg.apache.ratis.thirdparty.io.netty.allocator.useCacheForAllThreads=false in command line.
2022-08-08 17:30:34,427 [Listener at 127.0.0.1/37325] INFO  grpc.GrpcConfigKeys (ConfUtils.java:logGet(46)) - raft.grpc.admin.port = 0 (custom)
2022-08-08 17:30:34,428 [Listener at 127.0.0.1/37325] INFO  grpc.GrpcConfigKeys (ConfUtils.java:logGet(46)) - raft.grpc.client.port = 0 (custom)
2022-08-08 17:30:34,428 [Listener at 127.0.0.1/37325] INFO  grpc.GrpcConfigKeys (ConfUtils.java:logGet(46)) - raft.grpc.server.port = 0 (default)
2022-08-08 17:30:34,428 [Listener at 127.0.0.1/37325] INFO  server.GrpcService (ConfUtils.java:logGet(46)) - raft.grpc.message.size.max = 32MB (=33554432) (custom)
2022-08-08 17:30:34,429 [Listener at 127.0.0.1/37325] INFO  server.RaftServerConfigKeys (ConfUtils.java:logGet(46)) - raft.server.log.appender.buffer.byte-limit = 33554432 (custom)
2022-08-08 17:30:34,429 [Listener at 127.0.0.1/37325] INFO  server.GrpcService (ConfUtils.java:logGet(46)) - raft.grpc.flow.control.window = 5MB (=5242880) (custom)
2022-08-08 17:30:34,429 [Listener at 127.0.0.1/37325] INFO  server.RaftServerConfigKeys (ConfUtils.java:logGet(46)) - raft.server.rpc.request.timeout = 60s (custom)
2022-08-08 17:30:34,429 [Listener at 127.0.0.1/37325] INFO  grpc.GrpcConfigKeys (ConfUtils.java:logGet(46)) - raft.grpc.server.async.request.thread.pool.cached = true (default)
2022-08-08 17:30:34,429 [Listener at 127.0.0.1/37325] INFO  grpc.GrpcConfigKeys (ConfUtils.java:logGet(46)) - raft.grpc.server.async.request.thread.pool.size = 32 (default)
2022-08-08 17:30:34,431 [Listener at 127.0.0.1/37325] INFO  impl.DataStreamServerImpl (ConfUtils.java:logGet(46)) - raft.datastream.type = DISABLED (default)
2022-08-08 17:30:34,431 [Listener at 127.0.0.1/37325] INFO  server.RaftServerConfigKeys (ConfUtils.java:logGet(46)) - raft.server.threadpool.proxy.cached = true (default)
2022-08-08 17:30:34,431 [Listener at 127.0.0.1/37325] INFO  server.RaftServerConfigKeys (ConfUtils.java:logGet(46)) - raft.server.threadpool.proxy.size = 0 (default)
2022-08-08 17:30:34,431 [Listener at 127.0.0.1/37325] INFO  server.RaftServerConfigKeys (ConfUtils.java:logGet(46)) - raft.server.rpc.slowness.timeout = 300s (custom)
2022-08-08 17:30:34,432 [Listener at 127.0.0.1/37325] INFO  server.RaftServerConfigKeys (ConfUtils.java:logGet(46)) - raft.server.leaderelection.leader.step-down.wait-time = 10s (default)
2022-08-08 17:30:34,432 [Listener at 127.0.0.1/37325] INFO  server.RaftServerConfigKeys (ConfUtils.java:logGet(46)) - raft.server.storage.dir = [/home/runner/work/ozone/ozone/hadoop-ozone/integration-test/target/test-dir/MiniOzoneClusterImpl-51406671-1893-4796-a216-b7dfafadb542/datanode-0/data/ratis] (custom)
2022-08-08 17:30:34,452 [Listener at 127.0.0.1/37325] INFO  server.XceiverServerGrpc (XceiverServerGrpc.java:<init>(132)) - GrpcServer channel type EpollServerSocketChannel
2022-08-08 17:30:34,527 [Listener at 127.0.0.1/37325] INFO  http.BaseHttpServer (BaseHttpServer.java:newHttpServer2BuilderForOzone(209)) - Starting Web-server for hddsDatanode at: http://0.0.0.0:0
2022-08-08 17:30:34,527 [Listener at 127.0.0.1/37325] INFO  http.BaseHttpServer (BaseHttpServer.java:<init>(107)) - Hadoop Security Enabled: false Ozone Security Enabled: false Ozone HTTP Security Enabled: false 
2022-08-08 17:30:34,529 [Listener at 127.0.0.1/37325] INFO  server.AuthenticationFilter (AuthenticationFilter.java:constructSecretProvider(240)) - Unable to initialize FileSignerSecretProvider, falling back to use random secrets.
2022-08-08 17:30:34,529 [Listener at 127.0.0.1/37325] WARN  http.HttpRequestLog (HttpRequestLog.java:getRequestLog(103)) - Jetty request log can only be enabled using Log4j
2022-08-08 17:30:34,531 [Listener at 127.0.0.1/37325] INFO  http.HttpServer2 (HttpServer2.java:addGlobalFilter(1029)) - Added global filter 'safety' (class=org.apache.hadoop.hdds.server.http.HttpServer2$QuotingInputFilter)
2022-08-08 17:30:34,532 [Listener at 127.0.0.1/37325] INFO  http.HttpServer2 (HttpServer2.java:addFilter(1005)) - Added filter static_user_filter (class=org.apache.hadoop.http.lib.StaticUserWebFilter$StaticUserFilter) to context hddsDatanode
2022-08-08 17:30:34,533 [Listener at 127.0.0.1/37325] INFO  http.HttpServer2 (HttpServer2.java:addFilter(1013)) - Added filter static_user_filter (class=org.apache.hadoop.http.lib.StaticUserWebFilter$StaticUserFilter) to context static
2022-08-08 17:30:34,533 [Listener at 127.0.0.1/37325] INFO  http.HttpServer2 (HttpServer2.java:addFilter(1013)) - Added filter static_user_filter (class=org.apache.hadoop.http.lib.StaticUserWebFilter$StaticUserFilter) to context logs
2022-08-08 17:30:34,534 [Listener at 127.0.0.1/37325] INFO  http.HttpServer2 (HttpServer2.java:bindListener(1248)) - Jetty bound to port 42047
2022-08-08 17:30:34,534 [Listener at 127.0.0.1/37325] INFO  server.Server (Server.java:doStart(375)) - jetty-9.4.43.v20210629; built: 2021-06-30T11:07:22.254Z; git: 526006ecfa3af7f1a27ef3a288e2bef7ea9dd7e8; jvm 1.8.0_332-b09
2022-08-08 17:30:34,539 [Listener at 127.0.0.1/37325] INFO  server.session (DefaultSessionIdManager.java:doStart(334)) - DefaultSessionIdManager workerName=node0
2022-08-08 17:30:34,539 [Listener at 127.0.0.1/37325] INFO  server.session (DefaultSessionIdManager.java:doStart(339)) - No SessionScavenger set, using defaults
2022-08-08 17:30:34,539 [Listener at 127.0.0.1/37325] INFO  server.session (HouseKeeper.java:startScavenging(132)) - node0 Scavenging every 600000ms
2022-08-08 17:30:34,540 [Listener at 127.0.0.1/37325] INFO  handler.ContextHandler (ContextHandler.java:doStart(915)) - Started o.e.j.s.ServletContextHandler@fb8adcf{logs,/logs,file:///home/runner/work/ozone/ozone/hadoop-ozone/integration-test/target/log,AVAILABLE}
2022-08-08 17:30:34,541 [Listener at 127.0.0.1/37325] INFO  handler.ContextHandler (ContextHandler.java:doStart(915)) - Started o.e.j.s.ServletContextHandler@5c374b46{static,/static,jar:file:/home/runner/.m2/repository/org/apache/ozone/hdds-container-service/1.3.0-SNAPSHOT/hdds-container-service-1.3.0-SNAPSHOT.jar!/webapps/static,AVAILABLE}
2022-08-08 17:30:34,778 [Finalizer] WARN  managed.ManagedRocksObjectUtils (ManagedRocksObjectUtils.java:assertClosed(39)) - ManagedColumnFamilyOptions is not closed properly
2022-08-08 17:30:34,778 [Finalizer] WARN  managed.ManagedRocksObjectUtils (ManagedRocksObjectUtils.java:assertClosed(39)) - ManagedColumnFamilyOptions is not closed properly
2022-08-08 17:30:34,778 [Finalizer] WARN  managed.ManagedRocksObjectUtils (ManagedRocksObjectUtils.java:assertClosed(39)) - ManagedColumnFamilyOptions is not closed properly
2022-08-08 17:30:34,778 [Finalizer] WARN  managed.ManagedRocksObjectUtils (ManagedRocksObjectUtils.java:assertClosed(39)) - ManagedColumnFamilyOptions is not closed properly
2022-08-08 17:30:34,782 [Listener at 127.0.0.1/37325] INFO  handler.ContextHandler (ContextHandler.java:doStart(915)) - Started o.e.j.w.WebAppContext@4dcc1625{hddsDatanode,/,file:///tmp/jetty-0_0_0_0-42047-hdds-container-service-1_3_0-SNAPSHOT_jar-_-any-5455477456670618951/webapp/,AVAILABLE}{jar:file:/home/runner/.m2/repository/org/apache/ozone/hdds-container-service/1.3.0-SNAPSHOT/hdds-container-service-1.3.0-SNAPSHOT.jar!/webapps/hddsDatanode}
2022-08-08 17:30:34,783 [Listener at 127.0.0.1/37325] INFO  server.AbstractConnector (AbstractConnector.java:doStart(331)) - Started ServerConnector@625b827b{HTTP/1.1, (http/1.1)}{0.0.0.0:42047}
2022-08-08 17:30:34,784 [Listener at 127.0.0.1/37325] INFO  server.Server (Server.java:doStart(415)) - Started @9470ms
2022-08-08 17:30:34,784 [Listener at 127.0.0.1/37325] WARN  impl.MetricsSystemImpl (MetricsSystemImpl.java:register(279)) - Sink prometheus already exists!
2022-08-08 17:30:34,784 [Listener at 127.0.0.1/37325] INFO  http.BaseHttpServer (BaseHttpServer.java:updateConnectorAddress(329)) - HTTP server of hddsDatanode listening at http://0.0.0.0:42047
2022-08-08 17:30:34,788 [Listener at 127.0.0.1/37325] WARN  impl.MetricRegistriesImpl (MetricRegistriesImpl.java:addReporterRegistration(111)) - New reporters are added after registries were created. Some metrics will be missing from the reporter. Please add reporter before adding any new registry.
2022-08-08 17:30:34,788 [Listener at 127.0.0.1/37325] WARN  impl.MetricRegistriesImpl (MetricRegistriesImpl.java:addReporterRegistration(111)) - New reporters are added after registries were created. Some metrics will be missing from the reporter. Please add reporter before adding any new registry.
2022-08-08 17:30:34,788 [Listener at 127.0.0.1/37325] INFO  impl.MetricsSystemImpl (MetricsSystemImpl.java:init(158)) - HddsDatanode metrics system started (again)
2022-08-08 17:30:34,795 [Datanode State Machine Daemon Thread] INFO  statemachine.DatanodeStateMachine (DatanodeStateMachine.java:lambda$startDaemon$0(492)) - Ozone container server started.
2022-08-08 17:30:34,808 [om1@group-C5BA1605619E-FollowerState] INFO  impl.FollowerState (FollowerState.java:run(143)) - om1@group-C5BA1605619E-FollowerState: change to CANDIDATE, lastRpcElapsedTime:1126281667ns, electionTimeout:1114ms
2022-08-08 17:30:34,809 [Listener at 127.0.0.1/37325] INFO  ozone.HddsDatanodeService (HddsDatanodeService.java:start(236)) - HddsDatanodeService host:fv-az207-152.1ztp0ef1jgbebjcpob1ohcpowa.jx.internal.cloudapp.net ip:10.1.0.4
2022-08-08 17:30:34,809 [om1@group-C5BA1605619E-FollowerState] INFO  impl.RoleInfo (RoleInfo.java:shutdownFollowerState(110)) - om1: shutdown om1@group-C5BA1605619E-FollowerState
2022-08-08 17:30:34,815 [om1@group-C5BA1605619E-FollowerState] INFO  server.RaftServer$Division (RaftServerImpl.java:setRole(299)) - om1@group-C5BA1605619E: changes role from  FOLLOWER to CANDIDATE at term 0 for changeToCandidate
2022-08-08 17:30:34,819 [org.apache.hadoop.util.JvmPauseMonitor$Monitor@4cc2d285] INFO  util.JvmPauseMonitor (JvmPauseMonitor.java:run(188)) - Starting JVM pause monitor
2022-08-08 17:30:34,820 [om1@group-C5BA1605619E-FollowerState] INFO  server.RaftServerConfigKeys (ConfUtils.java:logGet(46)) - raft.server.leaderelection.pre-vote = false (custom)
2022-08-08 17:30:34,820 [om1@group-C5BA1605619E-FollowerState] INFO  impl.RoleInfo (RoleInfo.java:updateAndGet(139)) - om1: start om1@group-C5BA1605619E-LeaderElection1
2022-08-08 17:30:34,843 [om1@group-C5BA1605619E-LeaderElection1] INFO  impl.LeaderElection (LeaderElection.java:askForVotes(310)) - om1@group-C5BA1605619E-LeaderElection1 ELECTION round 0: submit vote requests at term 1 for -1: [om1|rpc:localhost:9872|priority:0], old=null
2022-08-08 17:30:34,844 [om1@group-C5BA1605619E-LeaderElection1] INFO  impl.LeaderElection (LeaderElection.java:askForVotes(312)) - om1@group-C5BA1605619E-LeaderElection1 ELECTION round 0: result PASSED (term=1)
2022-08-08 17:30:34,844 [om1@group-C5BA1605619E-LeaderElection1] INFO  impl.RoleInfo (RoleInfo.java:shutdownLeaderElection(130)) - om1: shutdown om1@group-C5BA1605619E-LeaderElection1
2022-08-08 17:30:34,846 [om1@group-C5BA1605619E-LeaderElection1] INFO  server.RaftServer$Division (RaftServerImpl.java:setRole(299)) - om1@group-C5BA1605619E: changes role from CANDIDATE to LEADER at term 1 for changeToLeader
2022-08-08 17:30:34,846 [om1@group-C5BA1605619E-LeaderElection1] INFO  server.RaftServer$Division (ServerState.java:setLeader(287)) - om1@group-C5BA1605619E: change Leader from null to om1 at term 1 for becomeLeader, leader elected after 2277ms
2022-08-08 17:30:34,857 [om1@group-C5BA1605619E-LeaderElection1] INFO  server.RaftServerConfigKeys (ConfUtils.java:logGet(46)) - raft.server.staging.catchup.gap = 1000 (default)
2022-08-08 17:30:34,871 [om1@group-C5BA1605619E-LeaderElection1] INFO  server.RaftServerConfigKeys (ConfUtils.java:logGet(46)) - raft.server.write.element-limit = 4096 (default)
2022-08-08 17:30:34,872 [om1@group-C5BA1605619E-LeaderElection1] INFO  server.RaftServerConfigKeys (ConfUtils.java:logGet(46)) - raft.server.write.byte-limit = 64MB (=67108864) (default)
2022-08-08 17:30:34,881 [Listener at 127.0.0.1/37325] INFO  upgrade.AbstractLayoutVersionManager (AbstractLayoutVersionManager.java:init(83)) - Initializing Layout version manager with metadata layout = DATANODE_SCHEMA_V3 (version = 4), software layout = DATANODE_SCHEMA_V3 (version = 4)
2022-08-08 17:30:34,884 [om1@group-C5BA1605619E-LeaderElection1] INFO  server.RaftServerConfigKeys (ConfUtils.java:logGet(46)) - raft.server.watch.timeout = 10s (default)
2022-08-08 17:30:34,885 [om1@group-C5BA1605619E-LeaderElection1] INFO  server.RaftServerConfigKeys (ConfUtils.java:logGet(46)) - raft.server.watch.timeout.denomination = 1s (default)
2022-08-08 17:30:34,885 [om1@group-C5BA1605619E-LeaderElection1] INFO  server.RaftServerConfigKeys (ConfUtils.java:logGet(46)) - raft.server.watch.element-limit = 65536 (default)
2022-08-08 17:30:34,897 [om1@group-C5BA1605619E-LeaderElection1] INFO  server.RaftServerConfigKeys (ConfUtils.java:logGet(46)) - raft.server.write.element-limit = 4096 (default)
2022-08-08 17:30:34,901 [om1@group-C5BA1605619E-LeaderElection1] INFO  server.RaftServerConfigKeys (ConfUtils.java:logGet(46)) - raft.server.write.follower.gap.ratio.max = -1.0 (default)
2022-08-08 17:30:34,912 [om1@group-C5BA1605619E-LeaderElection1] INFO  impl.RoleInfo (RoleInfo.java:updateAndGet(139)) - om1: start om1@group-C5BA1605619E-LeaderStateImpl
2022-08-08 17:30:34,984 [om1@group-C5BA1605619E-LeaderElection1] INFO  segmented.SegmentedRaftLogWorker (SegmentedRaftLogWorker.java:startLogSegment(425)) - om1@group-C5BA1605619E-SegmentedRaftLogWorker: Starting segment from index:0
2022-08-08 17:30:35,017 [Listener at 127.0.0.1/37325] INFO  reflections.Reflections (Reflections.java:scan(232)) - Reflections took 133 ms to scan 7 urls, producing 132 keys and 321 values 
2022-08-08 17:30:35,018 [Listener at 127.0.0.1/37325] INFO  statemachine.DatanodeStateMachine (DatanodeStateMachine.java:getEndPointTaskThreadPoolSize(237)) - Datanode State Machine Task Thread Pool size 2
2022-08-08 17:30:35,042 [Listener at 127.0.0.1/37325] INFO  volume.HddsVolume (HddsVolume.java:<init>(116)) - Creating HddsVolume: /home/runner/work/ozone/ozone/hadoop-ozone/integration-test/target/test-dir/MiniOzoneClusterImpl-51406671-1893-4796-a216-b7dfafadb542/datanode-1/data-0/containers/hdds of storage type : DISK capacity : 9223372036854775807
2022-08-08 17:30:35,042 [Listener at 127.0.0.1/37325] INFO  volume.MutableVolumeSet (MutableVolumeSet.java:initializeVolumeSet(174)) - Added Volume : /home/runner/work/ozone/ozone/hadoop-ozone/integration-test/target/test-dir/MiniOzoneClusterImpl-51406671-1893-4796-a216-b7dfafadb542/datanode-1/data-0/containers/hdds to VolumeSet
2022-08-08 17:30:35,042 [Listener at 127.0.0.1/37325] INFO  volume.ThrottledAsyncChecker (ThrottledAsyncChecker.java:schedule(141)) - Scheduling a check for /home/runner/work/ozone/ozone/hadoop-ozone/integration-test/target/test-dir/MiniOzoneClusterImpl-51406671-1893-4796-a216-b7dfafadb542/datanode-1/data-0/containers/hdds
2022-08-08 17:30:35,069 [Datanode State Machine Task Thread - 0] INFO  datanode.InitDatanodeState (InitDatanodeState.java:persistContainerDatanodeDetails(138)) - DatanodeDetails is persisted to /home/runner/work/ozone/ozone/hadoop-ozone/integration-test/target/test-dir/MiniOzoneClusterImpl-51406671-1893-4796-a216-b7dfafadb542/datanode-0/meta/datanode.id
2022-08-08 17:30:35,069 [Listener at 127.0.0.1/37325] INFO  volume.StorageVolumeChecker (StorageVolumeChecker.java:checkAllVolumes(202)) - Scheduled health check for volume /home/runner/work/ozone/ozone/hadoop-ozone/integration-test/target/test-dir/MiniOzoneClusterImpl-51406671-1893-4796-a216-b7dfafadb542/datanode-1/data-0/containers/hdds
2022-08-08 17:30:35,099 [Listener at 127.0.0.1/37325] INFO  volume.MutableVolumeSet (MutableVolumeSet.java:initializeVolumeSet(174)) - Added Volume : /home/runner/work/ozone/ozone/hadoop-ozone/integration-test/target/test-dir/MiniOzoneClusterImpl-51406671-1893-4796-a216-b7dfafadb542/datanode-1/data/ratis to VolumeSet
2022-08-08 17:30:35,099 [Listener at 127.0.0.1/37325] INFO  volume.ThrottledAsyncChecker (ThrottledAsyncChecker.java:schedule(141)) - Scheduling a check for /home/runner/work/ozone/ozone/hadoop-ozone/integration-test/target/test-dir/MiniOzoneClusterImpl-51406671-1893-4796-a216-b7dfafadb542/datanode-1/data/ratis
2022-08-08 17:30:35,100 [Listener at 127.0.0.1/37325] INFO  volume.StorageVolumeChecker (StorageVolumeChecker.java:checkAllVolumes(202)) - Scheduled health check for volume /home/runner/work/ozone/ozone/hadoop-ozone/integration-test/target/test-dir/MiniOzoneClusterImpl-51406671-1893-4796-a216-b7dfafadb542/datanode-1/data/ratis
2022-08-08 17:30:35,100 [om1@group-C5BA1605619E-LeaderElection1] INFO  server.RaftServer$Division (ServerState.java:setRaftConf(393)) - om1@group-C5BA1605619E: set configuration 0: [om1|rpc:localhost:9872|admin:|client:|dataStream:|priority:0], old=null
2022-08-08 17:30:35,130 [Thread-151] INFO  ozoneimpl.ContainerReader (ContainerReader.java:readVolume(175)) - Finish verifying containers on volume /home/runner/work/ozone/ozone/hadoop-ozone/integration-test/target/test-dir/MiniOzoneClusterImpl-51406671-1893-4796-a216-b7dfafadb542/datanode-1/data-0/containers/hdds
2022-08-08 17:30:35,131 [Listener at 127.0.0.1/37325] INFO  ozoneimpl.OzoneContainer (OzoneContainer.java:buildContainerSet(299)) - Build ContainerSet costs 0s
2022-08-08 17:30:35,135 [Listener at 127.0.0.1/37325] INFO  server.RaftServer (ConfUtils.java:logGet(46)) - raft.rpc.type = GRPC (default)
2022-08-08 17:30:35,135 [Listener at 127.0.0.1/37325] INFO  grpc.GrpcFactory (GrpcFactory.java:checkPooledByteBufAllocatorUseCacheForAllThreads(48)) - PERFORMANCE WARNING: useCacheForAllThreads is true that may cause Netty to create a lot garbage objects and, as a result, trigger GC.
	It is recommended to disable useCacheForAllThreads by setting -Dorg.apache.ratis.thirdparty.io.netty.allocator.useCacheForAllThreads=false in command line.
2022-08-08 17:30:35,135 [Listener at 127.0.0.1/37325] INFO  grpc.GrpcConfigKeys (ConfUtils.java:logGet(46)) - raft.grpc.admin.port = 0 (custom)
2022-08-08 17:30:35,135 [Listener at 127.0.0.1/37325] INFO  grpc.GrpcConfigKeys (ConfUtils.java:logGet(46)) - raft.grpc.client.port = 0 (custom)
2022-08-08 17:30:35,136 [Listener at 127.0.0.1/37325] INFO  grpc.GrpcConfigKeys (ConfUtils.java:logGet(46)) - raft.grpc.server.port = 0 (default)
2022-08-08 17:30:35,136 [Listener at 127.0.0.1/37325] INFO  server.GrpcService (ConfUtils.java:logGet(46)) - raft.grpc.message.size.max = 32MB (=33554432) (custom)
2022-08-08 17:30:35,136 [Listener at 127.0.0.1/37325] INFO  server.RaftServerConfigKeys (ConfUtils.java:logGet(46)) - raft.server.log.appender.buffer.byte-limit = 33554432 (custom)
2022-08-08 17:30:35,136 [Listener at 127.0.0.1/37325] INFO  server.GrpcService (ConfUtils.java:logGet(46)) - raft.grpc.flow.control.window = 5MB (=5242880) (custom)
2022-08-08 17:30:35,137 [Listener at 127.0.0.1/37325] INFO  server.RaftServerConfigKeys (ConfUtils.java:logGet(46)) - raft.server.rpc.request.timeout = 60s (custom)
2022-08-08 17:30:35,138 [Listener at 127.0.0.1/37325] INFO  grpc.GrpcConfigKeys (ConfUtils.java:logGet(46)) - raft.grpc.server.async.request.thread.pool.cached = true (default)
2022-08-08 17:30:35,138 [Listener at 127.0.0.1/37325] INFO  grpc.GrpcConfigKeys (ConfUtils.java:logGet(46)) - raft.grpc.server.async.request.thread.pool.size = 32 (default)
2022-08-08 17:30:35,144 [Listener at 127.0.0.1/37325] INFO  impl.DataStreamServerImpl (ConfUtils.java:logGet(46)) - raft.datastream.type = DISABLED (default)
2022-08-08 17:30:35,144 [Listener at 127.0.0.1/37325] INFO  server.RaftServerConfigKeys (ConfUtils.java:logGet(46)) - raft.server.threadpool.proxy.cached = true (default)
2022-08-08 17:30:35,144 [Listener at 127.0.0.1/37325] INFO  server.RaftServerConfigKeys (ConfUtils.java:logGet(46)) - raft.server.threadpool.proxy.size = 0 (default)
2022-08-08 17:30:35,145 [Listener at 127.0.0.1/37325] INFO  server.RaftServerConfigKeys (ConfUtils.java:logGet(46)) - raft.server.rpc.slowness.timeout = 300s (custom)
2022-08-08 17:30:35,145 [Listener at 127.0.0.1/37325] INFO  server.RaftServerConfigKeys (ConfUtils.java:logGet(46)) - raft.server.leaderelection.leader.step-down.wait-time = 10s (default)
2022-08-08 17:30:35,145 [Listener at 127.0.0.1/37325] INFO  server.RaftServerConfigKeys (ConfUtils.java:logGet(46)) - raft.server.storage.dir = [/home/runner/work/ozone/ozone/hadoop-ozone/integration-test/target/test-dir/MiniOzoneClusterImpl-51406671-1893-4796-a216-b7dfafadb542/datanode-1/data/ratis] (custom)
2022-08-08 17:30:35,156 [Listener at 127.0.0.1/37325] INFO  server.XceiverServerGrpc (XceiverServerGrpc.java:<init>(132)) - GrpcServer channel type EpollServerSocketChannel
2022-08-08 17:30:35,164 [Listener at 127.0.0.1/37325] INFO  http.BaseHttpServer (BaseHttpServer.java:newHttpServer2BuilderForOzone(209)) - Starting Web-server for hddsDatanode at: http://0.0.0.0:0
2022-08-08 17:30:35,164 [Listener at 127.0.0.1/37325] INFO  http.BaseHttpServer (BaseHttpServer.java:<init>(107)) - Hadoop Security Enabled: false Ozone Security Enabled: false Ozone HTTP Security Enabled: false 
2022-08-08 17:30:35,165 [Listener at 127.0.0.1/37325] INFO  server.AuthenticationFilter (AuthenticationFilter.java:constructSecretProvider(240)) - Unable to initialize FileSignerSecretProvider, falling back to use random secrets.
2022-08-08 17:30:35,166 [Listener at 127.0.0.1/37325] WARN  http.HttpRequestLog (HttpRequestLog.java:getRequestLog(103)) - Jetty request log can only be enabled using Log4j
2022-08-08 17:30:35,168 [Listener at 127.0.0.1/37325] INFO  http.HttpServer2 (HttpServer2.java:addGlobalFilter(1029)) - Added global filter 'safety' (class=org.apache.hadoop.hdds.server.http.HttpServer2$QuotingInputFilter)
2022-08-08 17:30:35,168 [Listener at 127.0.0.1/37325] INFO  http.HttpServer2 (HttpServer2.java:addFilter(1005)) - Added filter static_user_filter (class=org.apache.hadoop.http.lib.StaticUserWebFilter$StaticUserFilter) to context hddsDatanode
2022-08-08 17:30:35,169 [Listener at 127.0.0.1/37325] INFO  http.HttpServer2 (HttpServer2.java:addFilter(1013)) - Added filter static_user_filter (class=org.apache.hadoop.http.lib.StaticUserWebFilter$StaticUserFilter) to context static
2022-08-08 17:30:35,169 [Listener at 127.0.0.1/37325] INFO  http.HttpServer2 (HttpServer2.java:addFilter(1013)) - Added filter static_user_filter (class=org.apache.hadoop.http.lib.StaticUserWebFilter$StaticUserFilter) to context logs
2022-08-08 17:30:35,169 [Listener at 127.0.0.1/37325] INFO  http.HttpServer2 (HttpServer2.java:bindListener(1248)) - Jetty bound to port 40235
2022-08-08 17:30:35,169 [Listener at 127.0.0.1/37325] INFO  server.Server (Server.java:doStart(375)) - jetty-9.4.43.v20210629; built: 2021-06-30T11:07:22.254Z; git: 526006ecfa3af7f1a27ef3a288e2bef7ea9dd7e8; jvm 1.8.0_332-b09
2022-08-08 17:30:35,174 [Listener at 127.0.0.1/37325] INFO  server.session (DefaultSessionIdManager.java:doStart(334)) - DefaultSessionIdManager workerName=node0
2022-08-08 17:30:35,174 [Listener at 127.0.0.1/37325] INFO  server.session (DefaultSessionIdManager.java:doStart(339)) - No SessionScavenger set, using defaults
2022-08-08 17:30:35,175 [Listener at 127.0.0.1/37325] INFO  server.session (HouseKeeper.java:startScavenging(132)) - node0 Scavenging every 600000ms
2022-08-08 17:30:35,175 [Listener at 127.0.0.1/37325] INFO  handler.ContextHandler (ContextHandler.java:doStart(915)) - Started o.e.j.s.ServletContextHandler@19fe6f97{logs,/logs,file:///home/runner/work/ozone/ozone/hadoop-ozone/integration-test/target/log,AVAILABLE}
2022-08-08 17:30:35,176 [Listener at 127.0.0.1/37325] INFO  handler.ContextHandler (ContextHandler.java:doStart(915)) - Started o.e.j.s.ServletContextHandler@176cc62b{static,/static,jar:file:/home/runner/.m2/repository/org/apache/ozone/hdds-container-service/1.3.0-SNAPSHOT/hdds-container-service-1.3.0-SNAPSHOT.jar!/webapps/static,AVAILABLE}
2022-08-08 17:30:35,192 [om1@group-C5BA1605619E-SegmentedRaftLogWorker] INFO  segmented.SegmentedRaftLogWorker (SegmentedRaftLogWorker.java:execute(629)) - om1@group-C5BA1605619E-SegmentedRaftLogWorker: created new log segment /home/runner/work/ozone/ozone/hadoop-ozone/integration-test/target/test-dir/MiniOzoneClusterImpl-51406671-1893-4796-a216-b7dfafadb542/ozone-meta/ratis/bf265839-605b-3f16-9796-c5ba1605619e/current/log_inprogress_0
2022-08-08 17:30:35,295 [om1@group-C5BA1605619E-StateMachineUpdater] INFO  ratis.OzoneManagerStateMachine (OzoneManagerStateMachine.java:notifyConfigurationChanged(192)) - Received Configuration change notification from Ratis. New Peer list:
[id: "om1"
address: "localhost:9872"
]
2022-08-08 17:30:35,400 [Listener at 127.0.0.1/37325] INFO  handler.ContextHandler (ContextHandler.java:doStart(915)) - Started o.e.j.w.WebAppContext@53a5b50f{hddsDatanode,/,file:///tmp/jetty-0_0_0_0-40235-hdds-container-service-1_3_0-SNAPSHOT_jar-_-any-2731742729864462653/webapp/,AVAILABLE}{jar:file:/home/runner/.m2/repository/org/apache/ozone/hdds-container-service/1.3.0-SNAPSHOT/hdds-container-service-1.3.0-SNAPSHOT.jar!/webapps/hddsDatanode}
2022-08-08 17:30:35,401 [Listener at 127.0.0.1/37325] INFO  server.AbstractConnector (AbstractConnector.java:doStart(331)) - Started ServerConnector@72ddbe12{HTTP/1.1, (http/1.1)}{0.0.0.0:40235}
2022-08-08 17:30:35,402 [Listener at 127.0.0.1/37325] INFO  server.Server (Server.java:doStart(415)) - Started @10088ms
2022-08-08 17:30:35,402 [Listener at 127.0.0.1/37325] WARN  impl.MetricsSystemImpl (MetricsSystemImpl.java:register(279)) - Sink prometheus already exists!
2022-08-08 17:30:35,403 [Listener at 127.0.0.1/37325] INFO  http.BaseHttpServer (BaseHttpServer.java:updateConnectorAddress(329)) - HTTP server of hddsDatanode listening at http://0.0.0.0:40235
2022-08-08 17:30:35,406 [Listener at 127.0.0.1/37325] WARN  impl.MetricRegistriesImpl (MetricRegistriesImpl.java:addReporterRegistration(111)) - New reporters are added after registries were created. Some metrics will be missing from the reporter. Please add reporter before adding any new registry.
2022-08-08 17:30:35,406 [Listener at 127.0.0.1/37325] WARN  impl.MetricRegistriesImpl (MetricRegistriesImpl.java:addReporterRegistration(111)) - New reporters are added after registries were created. Some metrics will be missing from the reporter. Please add reporter before adding any new registry.
2022-08-08 17:30:35,407 [Listener at 127.0.0.1/37325] INFO  impl.MetricsSystemImpl (MetricsSystemImpl.java:init(158)) - HddsDatanode metrics system started (again)
2022-08-08 17:30:35,414 [Datanode State Machine Daemon Thread] INFO  statemachine.DatanodeStateMachine (DatanodeStateMachine.java:lambda$startDaemon$0(492)) - Ozone container server started.
2022-08-08 17:30:35,429 [org.apache.hadoop.util.JvmPauseMonitor$Monitor@708a7dda] INFO  util.JvmPauseMonitor (JvmPauseMonitor.java:run(188)) - Starting JVM pause monitor
2022-08-08 17:30:35,437 [Listener at 127.0.0.1/37325] INFO  ozone.HddsDatanodeService (HddsDatanodeService.java:start(236)) - HddsDatanodeService host:fv-az207-152.1ztp0ef1jgbebjcpob1ohcpowa.jx.internal.cloudapp.net ip:10.1.0.4
2022-08-08 17:30:35,448 [Datanode State Machine Task Thread - 0] INFO  datanode.InitDatanodeState (InitDatanodeState.java:persistContainerDatanodeDetails(138)) - DatanodeDetails is persisted to /home/runner/work/ozone/ozone/hadoop-ozone/integration-test/target/test-dir/MiniOzoneClusterImpl-51406671-1893-4796-a216-b7dfafadb542/datanode-1/meta/datanode.id
2022-08-08 17:30:35,467 [Listener at 127.0.0.1/37325] INFO  upgrade.AbstractLayoutVersionManager (AbstractLayoutVersionManager.java:init(83)) - Initializing Layout version manager with metadata layout = DATANODE_SCHEMA_V3 (version = 4), software layout = DATANODE_SCHEMA_V3 (version = 4)
2022-08-08 17:30:35,520 [Listener at 127.0.0.1/37325] INFO  reflections.Reflections (Reflections.java:scan(232)) - Reflections took 51 ms to scan 7 urls, producing 132 keys and 321 values 
2022-08-08 17:30:35,522 [Listener at 127.0.0.1/37325] INFO  statemachine.DatanodeStateMachine (DatanodeStateMachine.java:getEndPointTaskThreadPoolSize(237)) - Datanode State Machine Task Thread Pool size 2
2022-08-08 17:30:35,524 [Listener at 127.0.0.1/37325] INFO  volume.HddsVolume (HddsVolume.java:<init>(116)) - Creating HddsVolume: /home/runner/work/ozone/ozone/hadoop-ozone/integration-test/target/test-dir/MiniOzoneClusterImpl-51406671-1893-4796-a216-b7dfafadb542/datanode-2/data-0/containers/hdds of storage type : DISK capacity : 9223372036854775807
2022-08-08 17:30:35,525 [Listener at 127.0.0.1/37325] INFO  volume.MutableVolumeSet (MutableVolumeSet.java:initializeVolumeSet(174)) - Added Volume : /home/runner/work/ozone/ozone/hadoop-ozone/integration-test/target/test-dir/MiniOzoneClusterImpl-51406671-1893-4796-a216-b7dfafadb542/datanode-2/data-0/containers/hdds to VolumeSet
2022-08-08 17:30:35,525 [Listener at 127.0.0.1/37325] INFO  volume.ThrottledAsyncChecker (ThrottledAsyncChecker.java:schedule(141)) - Scheduling a check for /home/runner/work/ozone/ozone/hadoop-ozone/integration-test/target/test-dir/MiniOzoneClusterImpl-51406671-1893-4796-a216-b7dfafadb542/datanode-2/data-0/containers/hdds
2022-08-08 17:30:35,526 [Listener at 127.0.0.1/37325] INFO  volume.StorageVolumeChecker (StorageVolumeChecker.java:checkAllVolumes(202)) - Scheduled health check for volume /home/runner/work/ozone/ozone/hadoop-ozone/integration-test/target/test-dir/MiniOzoneClusterImpl-51406671-1893-4796-a216-b7dfafadb542/datanode-2/data-0/containers/hdds
2022-08-08 17:30:35,538 [Listener at 127.0.0.1/37325] INFO  volume.MutableVolumeSet (MutableVolumeSet.java:initializeVolumeSet(174)) - Added Volume : /home/runner/work/ozone/ozone/hadoop-ozone/integration-test/target/test-dir/MiniOzoneClusterImpl-51406671-1893-4796-a216-b7dfafadb542/datanode-2/data/ratis to VolumeSet
2022-08-08 17:30:35,538 [Listener at 127.0.0.1/37325] INFO  volume.ThrottledAsyncChecker (ThrottledAsyncChecker.java:schedule(141)) - Scheduling a check for /home/runner/work/ozone/ozone/hadoop-ozone/integration-test/target/test-dir/MiniOzoneClusterImpl-51406671-1893-4796-a216-b7dfafadb542/datanode-2/data/ratis
2022-08-08 17:30:35,538 [Listener at 127.0.0.1/37325] INFO  volume.StorageVolumeChecker (StorageVolumeChecker.java:checkAllVolumes(202)) - Scheduled health check for volume /home/runner/work/ozone/ozone/hadoop-ozone/integration-test/target/test-dir/MiniOzoneClusterImpl-51406671-1893-4796-a216-b7dfafadb542/datanode-2/data/ratis
2022-08-08 17:30:35,549 [Thread-164] INFO  ozoneimpl.ContainerReader (ContainerReader.java:readVolume(175)) - Finish verifying containers on volume /home/runner/work/ozone/ozone/hadoop-ozone/integration-test/target/test-dir/MiniOzoneClusterImpl-51406671-1893-4796-a216-b7dfafadb542/datanode-2/data-0/containers/hdds
2022-08-08 17:30:35,549 [Listener at 127.0.0.1/37325] INFO  ozoneimpl.OzoneContainer (OzoneContainer.java:buildContainerSet(299)) - Build ContainerSet costs 0s
2022-08-08 17:30:35,552 [Listener at 127.0.0.1/37325] INFO  server.RaftServer (ConfUtils.java:logGet(46)) - raft.rpc.type = GRPC (default)
2022-08-08 17:30:35,552 [Listener at 127.0.0.1/37325] INFO  grpc.GrpcFactory (GrpcFactory.java:checkPooledByteBufAllocatorUseCacheForAllThreads(48)) - PERFORMANCE WARNING: useCacheForAllThreads is true that may cause Netty to create a lot garbage objects and, as a result, trigger GC.
	It is recommended to disable useCacheForAllThreads by setting -Dorg.apache.ratis.thirdparty.io.netty.allocator.useCacheForAllThreads=false in command line.
2022-08-08 17:30:35,552 [Listener at 127.0.0.1/37325] INFO  grpc.GrpcConfigKeys (ConfUtils.java:logGet(46)) - raft.grpc.admin.port = 0 (custom)
2022-08-08 17:30:35,552 [Listener at 127.0.0.1/37325] INFO  grpc.GrpcConfigKeys (ConfUtils.java:logGet(46)) - raft.grpc.client.port = 0 (custom)
2022-08-08 17:30:35,552 [Listener at 127.0.0.1/37325] INFO  grpc.GrpcConfigKeys (ConfUtils.java:logGet(46)) - raft.grpc.server.port = 0 (default)
2022-08-08 17:30:35,552 [Listener at 127.0.0.1/37325] INFO  server.GrpcService (ConfUtils.java:logGet(46)) - raft.grpc.message.size.max = 32MB (=33554432) (custom)
2022-08-08 17:30:35,552 [Listener at 127.0.0.1/37325] INFO  server.RaftServerConfigKeys (ConfUtils.java:logGet(46)) - raft.server.log.appender.buffer.byte-limit = 33554432 (custom)
2022-08-08 17:30:35,553 [Listener at 127.0.0.1/37325] INFO  server.GrpcService (ConfUtils.java:logGet(46)) - raft.grpc.flow.control.window = 5MB (=5242880) (custom)
2022-08-08 17:30:35,553 [Listener at 127.0.0.1/37325] INFO  server.RaftServerConfigKeys (ConfUtils.java:logGet(46)) - raft.server.rpc.request.timeout = 60s (custom)
2022-08-08 17:30:35,553 [Listener at 127.0.0.1/37325] INFO  grpc.GrpcConfigKeys (ConfUtils.java:logGet(46)) - raft.grpc.server.async.request.thread.pool.cached = true (default)
2022-08-08 17:30:35,553 [Listener at 127.0.0.1/37325] INFO  grpc.GrpcConfigKeys (ConfUtils.java:logGet(46)) - raft.grpc.server.async.request.thread.pool.size = 32 (default)
2022-08-08 17:30:35,554 [Listener at 127.0.0.1/37325] INFO  impl.DataStreamServerImpl (ConfUtils.java:logGet(46)) - raft.datastream.type = DISABLED (default)
2022-08-08 17:30:35,554 [Listener at 127.0.0.1/37325] INFO  server.RaftServerConfigKeys (ConfUtils.java:logGet(46)) - raft.server.threadpool.proxy.cached = true (default)
2022-08-08 17:30:35,554 [Listener at 127.0.0.1/37325] INFO  server.RaftServerConfigKeys (ConfUtils.java:logGet(46)) - raft.server.threadpool.proxy.size = 0 (default)
2022-08-08 17:30:35,554 [Listener at 127.0.0.1/37325] INFO  server.RaftServerConfigKeys (ConfUtils.java:logGet(46)) - raft.server.rpc.slowness.timeout = 300s (custom)
2022-08-08 17:30:35,555 [Listener at 127.0.0.1/37325] INFO  server.RaftServerConfigKeys (ConfUtils.java:logGet(46)) - raft.server.leaderelection.leader.step-down.wait-time = 10s (default)
2022-08-08 17:30:35,555 [Listener at 127.0.0.1/37325] INFO  server.RaftServerConfigKeys (ConfUtils.java:logGet(46)) - raft.server.storage.dir = [/home/runner/work/ozone/ozone/hadoop-ozone/integration-test/target/test-dir/MiniOzoneClusterImpl-51406671-1893-4796-a216-b7dfafadb542/datanode-2/data/ratis] (custom)
2022-08-08 17:30:35,560 [Listener at 127.0.0.1/37325] INFO  server.XceiverServerGrpc (XceiverServerGrpc.java:<init>(132)) - GrpcServer channel type EpollServerSocketChannel
2022-08-08 17:30:35,563 [Listener at 127.0.0.1/37325] INFO  http.BaseHttpServer (BaseHttpServer.java:newHttpServer2BuilderForOzone(209)) - Starting Web-server for hddsDatanode at: http://0.0.0.0:0
2022-08-08 17:30:35,563 [Listener at 127.0.0.1/37325] INFO  http.BaseHttpServer (BaseHttpServer.java:<init>(107)) - Hadoop Security Enabled: false Ozone Security Enabled: false Ozone HTTP Security Enabled: false 
2022-08-08 17:30:35,564 [Listener at 127.0.0.1/37325] INFO  server.AuthenticationFilter (AuthenticationFilter.java:constructSecretProvider(240)) - Unable to initialize FileSignerSecretProvider, falling back to use random secrets.
2022-08-08 17:30:35,566 [Listener at 127.0.0.1/37325] WARN  http.HttpRequestLog (HttpRequestLog.java:getRequestLog(103)) - Jetty request log can only be enabled using Log4j
2022-08-08 17:30:35,567 [Listener at 127.0.0.1/37325] INFO  http.HttpServer2 (HttpServer2.java:addGlobalFilter(1029)) - Added global filter 'safety' (class=org.apache.hadoop.hdds.server.http.HttpServer2$QuotingInputFilter)
2022-08-08 17:30:35,568 [Listener at 127.0.0.1/37325] INFO  http.HttpServer2 (HttpServer2.java:addFilter(1005)) - Added filter static_user_filter (class=org.apache.hadoop.http.lib.StaticUserWebFilter$StaticUserFilter) to context hddsDatanode
2022-08-08 17:30:35,568 [Listener at 127.0.0.1/37325] INFO  http.HttpServer2 (HttpServer2.java:addFilter(1013)) - Added filter static_user_filter (class=org.apache.hadoop.http.lib.StaticUserWebFilter$StaticUserFilter) to context logs
2022-08-08 17:30:35,568 [Listener at 127.0.0.1/37325] INFO  http.HttpServer2 (HttpServer2.java:addFilter(1013)) - Added filter static_user_filter (class=org.apache.hadoop.http.lib.StaticUserWebFilter$StaticUserFilter) to context static
2022-08-08 17:30:35,569 [Listener at 127.0.0.1/37325] INFO  http.HttpServer2 (HttpServer2.java:bindListener(1248)) - Jetty bound to port 44653
2022-08-08 17:30:35,569 [Listener at 127.0.0.1/37325] INFO  server.Server (Server.java:doStart(375)) - jetty-9.4.43.v20210629; built: 2021-06-30T11:07:22.254Z; git: 526006ecfa3af7f1a27ef3a288e2bef7ea9dd7e8; jvm 1.8.0_332-b09
2022-08-08 17:30:35,575 [Listener at 127.0.0.1/37325] INFO  server.session (DefaultSessionIdManager.java:doStart(334)) - DefaultSessionIdManager workerName=node0
2022-08-08 17:30:35,575 [Listener at 127.0.0.1/37325] INFO  server.session (DefaultSessionIdManager.java:doStart(339)) - No SessionScavenger set, using defaults
2022-08-08 17:30:35,575 [Listener at 127.0.0.1/37325] INFO  server.session (HouseKeeper.java:startScavenging(132)) - node0 Scavenging every 600000ms
2022-08-08 17:30:35,576 [Listener at 127.0.0.1/37325] INFO  handler.ContextHandler (ContextHandler.java:doStart(915)) - Started o.e.j.s.ServletContextHandler@6a9b6e01{logs,/logs,file:///home/runner/work/ozone/ozone/hadoop-ozone/integration-test/target/log,AVAILABLE}
2022-08-08 17:30:35,577 [Listener at 127.0.0.1/37325] INFO  handler.ContextHandler (ContextHandler.java:doStart(915)) - Started o.e.j.s.ServletContextHandler@75ca3140{static,/static,jar:file:/home/runner/.m2/repository/org/apache/ozone/hdds-container-service/1.3.0-SNAPSHOT/hdds-container-service-1.3.0-SNAPSHOT.jar!/webapps/static,AVAILABLE}
2022-08-08 17:30:35,764 [Listener at 127.0.0.1/37325] INFO  handler.ContextHandler (ContextHandler.java:doStart(915)) - Started o.e.j.w.WebAppContext@576593bd{hddsDatanode,/,file:///tmp/jetty-0_0_0_0-44653-hdds-container-service-1_3_0-SNAPSHOT_jar-_-any-6168361625230022966/webapp/,AVAILABLE}{jar:file:/home/runner/.m2/repository/org/apache/ozone/hdds-container-service/1.3.0-SNAPSHOT/hdds-container-service-1.3.0-SNAPSHOT.jar!/webapps/hddsDatanode}
2022-08-08 17:30:35,766 [Listener at 127.0.0.1/37325] INFO  server.AbstractConnector (AbstractConnector.java:doStart(331)) - Started ServerConnector@3fecb459{HTTP/1.1, (http/1.1)}{0.0.0.0:44653}
2022-08-08 17:30:35,766 [Listener at 127.0.0.1/37325] INFO  server.Server (Server.java:doStart(415)) - Started @10452ms
2022-08-08 17:30:35,766 [Listener at 127.0.0.1/37325] WARN  impl.MetricsSystemImpl (MetricsSystemImpl.java:register(279)) - Sink prometheus already exists!
2022-08-08 17:30:35,767 [Listener at 127.0.0.1/37325] INFO  http.BaseHttpServer (BaseHttpServer.java:updateConnectorAddress(329)) - HTTP server of hddsDatanode listening at http://0.0.0.0:44653
2022-08-08 17:30:35,767 [Listener at 127.0.0.1/37325] WARN  impl.MetricRegistriesImpl (MetricRegistriesImpl.java:addReporterRegistration(111)) - New reporters are added after registries were created. Some metrics will be missing from the reporter. Please add reporter before adding any new registry.
2022-08-08 17:30:35,767 [Listener at 127.0.0.1/37325] WARN  impl.MetricRegistriesImpl (MetricRegistriesImpl.java:addReporterRegistration(111)) - New reporters are added after registries were created. Some metrics will be missing from the reporter. Please add reporter before adding any new registry.
2022-08-08 17:30:35,768 [Listener at 127.0.0.1/37325] INFO  impl.MetricsSystemImpl (MetricsSystemImpl.java:init(158)) - HddsDatanode metrics system started (again)
2022-08-08 17:30:35,777 [Datanode State Machine Daemon Thread] INFO  statemachine.DatanodeStateMachine (DatanodeStateMachine.java:lambda$startDaemon$0(492)) - Ozone container server started.
2022-08-08 17:30:35,781 [Listener at 127.0.0.1/37325] INFO  ozone.HddsDatanodeService (HddsDatanodeService.java:start(236)) - HddsDatanodeService host:fv-az207-152.1ztp0ef1jgbebjcpob1ohcpowa.jx.internal.cloudapp.net ip:10.1.0.4
2022-08-08 17:30:35,789 [org.apache.hadoop.util.JvmPauseMonitor$Monitor@27b789f4] INFO  util.JvmPauseMonitor (JvmPauseMonitor.java:run(188)) - Starting JVM pause monitor
2022-08-08 17:30:35,793 [Datanode State Machine Task Thread - 0] INFO  datanode.InitDatanodeState (InitDatanodeState.java:persistContainerDatanodeDetails(138)) - DatanodeDetails is persisted to /home/runner/work/ozone/ozone/hadoop-ozone/integration-test/target/test-dir/MiniOzoneClusterImpl-51406671-1893-4796-a216-b7dfafadb542/datanode-2/meta/datanode.id
2022-08-08 17:30:35,807 [Listener at 127.0.0.1/37325] INFO  upgrade.AbstractLayoutVersionManager (AbstractLayoutVersionManager.java:init(83)) - Initializing Layout version manager with metadata layout = DATANODE_SCHEMA_V3 (version = 4), software layout = DATANODE_SCHEMA_V3 (version = 4)
2022-08-08 17:30:35,861 [Listener at 127.0.0.1/37325] INFO  reflections.Reflections (Reflections.java:scan(232)) - Reflections took 53 ms to scan 7 urls, producing 132 keys and 321 values 
2022-08-08 17:30:35,863 [Listener at 127.0.0.1/37325] INFO  statemachine.DatanodeStateMachine (DatanodeStateMachine.java:getEndPointTaskThreadPoolSize(237)) - Datanode State Machine Task Thread Pool size 2
2022-08-08 17:30:35,867 [Listener at 127.0.0.1/37325] INFO  volume.HddsVolume (HddsVolume.java:<init>(116)) - Creating HddsVolume: /home/runner/work/ozone/ozone/hadoop-ozone/integration-test/target/test-dir/MiniOzoneClusterImpl-51406671-1893-4796-a216-b7dfafadb542/datanode-3/data-0/containers/hdds of storage type : DISK capacity : 9223372036854775807
2022-08-08 17:30:35,868 [Listener at 127.0.0.1/37325] INFO  volume.MutableVolumeSet (MutableVolumeSet.java:initializeVolumeSet(174)) - Added Volume : /home/runner/work/ozone/ozone/hadoop-ozone/integration-test/target/test-dir/MiniOzoneClusterImpl-51406671-1893-4796-a216-b7dfafadb542/datanode-3/data-0/containers/hdds to VolumeSet
2022-08-08 17:30:35,868 [Listener at 127.0.0.1/37325] INFO  volume.ThrottledAsyncChecker (ThrottledAsyncChecker.java:schedule(141)) - Scheduling a check for /home/runner/work/ozone/ozone/hadoop-ozone/integration-test/target/test-dir/MiniOzoneClusterImpl-51406671-1893-4796-a216-b7dfafadb542/datanode-3/data-0/containers/hdds
2022-08-08 17:30:35,870 [Listener at 127.0.0.1/37325] INFO  volume.StorageVolumeChecker (StorageVolumeChecker.java:checkAllVolumes(202)) - Scheduled health check for volume /home/runner/work/ozone/ozone/hadoop-ozone/integration-test/target/test-dir/MiniOzoneClusterImpl-51406671-1893-4796-a216-b7dfafadb542/datanode-3/data-0/containers/hdds
2022-08-08 17:30:35,882 [Listener at 127.0.0.1/37325] INFO  volume.MutableVolumeSet (MutableVolumeSet.java:initializeVolumeSet(174)) - Added Volume : /home/runner/work/ozone/ozone/hadoop-ozone/integration-test/target/test-dir/MiniOzoneClusterImpl-51406671-1893-4796-a216-b7dfafadb542/datanode-3/data/ratis to VolumeSet
2022-08-08 17:30:35,882 [Listener at 127.0.0.1/37325] INFO  volume.ThrottledAsyncChecker (ThrottledAsyncChecker.java:schedule(141)) - Scheduling a check for /home/runner/work/ozone/ozone/hadoop-ozone/integration-test/target/test-dir/MiniOzoneClusterImpl-51406671-1893-4796-a216-b7dfafadb542/datanode-3/data/ratis
2022-08-08 17:30:35,883 [Listener at 127.0.0.1/37325] INFO  volume.StorageVolumeChecker (StorageVolumeChecker.java:checkAllVolumes(202)) - Scheduled health check for volume /home/runner/work/ozone/ozone/hadoop-ozone/integration-test/target/test-dir/MiniOzoneClusterImpl-51406671-1893-4796-a216-b7dfafadb542/datanode-3/data/ratis
2022-08-08 17:30:35,895 [Thread-177] INFO  ozoneimpl.ContainerReader (ContainerReader.java:readVolume(175)) - Finish verifying containers on volume /home/runner/work/ozone/ozone/hadoop-ozone/integration-test/target/test-dir/MiniOzoneClusterImpl-51406671-1893-4796-a216-b7dfafadb542/datanode-3/data-0/containers/hdds
2022-08-08 17:30:35,896 [Listener at 127.0.0.1/37325] INFO  ozoneimpl.OzoneContainer (OzoneContainer.java:buildContainerSet(299)) - Build ContainerSet costs 0s
2022-08-08 17:30:35,900 [Listener at 127.0.0.1/37325] INFO  server.RaftServer (ConfUtils.java:logGet(46)) - raft.rpc.type = GRPC (default)
2022-08-08 17:30:35,900 [Listener at 127.0.0.1/37325] INFO  grpc.GrpcFactory (GrpcFactory.java:checkPooledByteBufAllocatorUseCacheForAllThreads(48)) - PERFORMANCE WARNING: useCacheForAllThreads is true that may cause Netty to create a lot garbage objects and, as a result, trigger GC.
	It is recommended to disable useCacheForAllThreads by setting -Dorg.apache.ratis.thirdparty.io.netty.allocator.useCacheForAllThreads=false in command line.
2022-08-08 17:30:35,900 [Listener at 127.0.0.1/37325] INFO  grpc.GrpcConfigKeys (ConfUtils.java:logGet(46)) - raft.grpc.admin.port = 0 (custom)
2022-08-08 17:30:35,900 [Listener at 127.0.0.1/37325] INFO  grpc.GrpcConfigKeys (ConfUtils.java:logGet(46)) - raft.grpc.client.port = 0 (custom)
2022-08-08 17:30:35,900 [Listener at 127.0.0.1/37325] INFO  grpc.GrpcConfigKeys (ConfUtils.java:logGet(46)) - raft.grpc.server.port = 0 (default)
2022-08-08 17:30:35,900 [Listener at 127.0.0.1/37325] INFO  server.GrpcService (ConfUtils.java:logGet(46)) - raft.grpc.message.size.max = 32MB (=33554432) (custom)
2022-08-08 17:30:35,900 [Listener at 127.0.0.1/37325] INFO  server.RaftServerConfigKeys (ConfUtils.java:logGet(46)) - raft.server.log.appender.buffer.byte-limit = 33554432 (custom)
2022-08-08 17:30:35,901 [Listener at 127.0.0.1/37325] INFO  server.GrpcService (ConfUtils.java:logGet(46)) - raft.grpc.flow.control.window = 5MB (=5242880) (custom)
2022-08-08 17:30:35,901 [Listener at 127.0.0.1/37325] INFO  server.RaftServerConfigKeys (ConfUtils.java:logGet(46)) - raft.server.rpc.request.timeout = 60s (custom)
2022-08-08 17:30:35,901 [Listener at 127.0.0.1/37325] INFO  grpc.GrpcConfigKeys (ConfUtils.java:logGet(46)) - raft.grpc.server.async.request.thread.pool.cached = true (default)
2022-08-08 17:30:35,901 [Listener at 127.0.0.1/37325] INFO  grpc.GrpcConfigKeys (ConfUtils.java:logGet(46)) - raft.grpc.server.async.request.thread.pool.size = 32 (default)
2022-08-08 17:30:35,902 [Listener at 127.0.0.1/37325] INFO  impl.DataStreamServerImpl (ConfUtils.java:logGet(46)) - raft.datastream.type = DISABLED (default)
2022-08-08 17:30:35,903 [Listener at 127.0.0.1/37325] INFO  server.RaftServerConfigKeys (ConfUtils.java:logGet(46)) - raft.server.threadpool.proxy.cached = true (default)
2022-08-08 17:30:35,903 [Listener at 127.0.0.1/37325] INFO  server.RaftServerConfigKeys (ConfUtils.java:logGet(46)) - raft.server.threadpool.proxy.size = 0 (default)
2022-08-08 17:30:35,903 [Listener at 127.0.0.1/37325] INFO  server.RaftServerConfigKeys (ConfUtils.java:logGet(46)) - raft.server.rpc.slowness.timeout = 300s (custom)
2022-08-08 17:30:35,903 [Listener at 127.0.0.1/37325] INFO  server.RaftServerConfigKeys (ConfUtils.java:logGet(46)) - raft.server.leaderelection.leader.step-down.wait-time = 10s (default)
2022-08-08 17:30:35,903 [Listener at 127.0.0.1/37325] INFO  server.RaftServerConfigKeys (ConfUtils.java:logGet(46)) - raft.server.storage.dir = [/home/runner/work/ozone/ozone/hadoop-ozone/integration-test/target/test-dir/MiniOzoneClusterImpl-51406671-1893-4796-a216-b7dfafadb542/datanode-3/data/ratis] (custom)
2022-08-08 17:30:35,908 [Listener at 127.0.0.1/37325] INFO  server.XceiverServerGrpc (XceiverServerGrpc.java:<init>(132)) - GrpcServer channel type EpollServerSocketChannel
2022-08-08 17:30:35,912 [Listener at 127.0.0.1/37325] INFO  http.BaseHttpServer (BaseHttpServer.java:newHttpServer2BuilderForOzone(209)) - Starting Web-server for hddsDatanode at: http://0.0.0.0:0
2022-08-08 17:30:35,912 [Listener at 127.0.0.1/37325] INFO  http.BaseHttpServer (BaseHttpServer.java:<init>(107)) - Hadoop Security Enabled: false Ozone Security Enabled: false Ozone HTTP Security Enabled: false 
2022-08-08 17:30:35,914 [Listener at 127.0.0.1/37325] INFO  server.AuthenticationFilter (AuthenticationFilter.java:constructSecretProvider(240)) - Unable to initialize FileSignerSecretProvider, falling back to use random secrets.
2022-08-08 17:30:35,914 [Listener at 127.0.0.1/37325] WARN  http.HttpRequestLog (HttpRequestLog.java:getRequestLog(103)) - Jetty request log can only be enabled using Log4j
2022-08-08 17:30:35,916 [Listener at 127.0.0.1/37325] INFO  http.HttpServer2 (HttpServer2.java:addGlobalFilter(1029)) - Added global filter 'safety' (class=org.apache.hadoop.hdds.server.http.HttpServer2$QuotingInputFilter)
2022-08-08 17:30:35,918 [Listener at 127.0.0.1/37325] INFO  http.HttpServer2 (HttpServer2.java:addFilter(1005)) - Added filter static_user_filter (class=org.apache.hadoop.http.lib.StaticUserWebFilter$StaticUserFilter) to context hddsDatanode
2022-08-08 17:30:35,918 [Listener at 127.0.0.1/37325] INFO  http.HttpServer2 (HttpServer2.java:addFilter(1013)) - Added filter static_user_filter (class=org.apache.hadoop.http.lib.StaticUserWebFilter$StaticUserFilter) to context static
2022-08-08 17:30:35,918 [Listener at 127.0.0.1/37325] INFO  http.HttpServer2 (HttpServer2.java:addFilter(1013)) - Added filter static_user_filter (class=org.apache.hadoop.http.lib.StaticUserWebFilter$StaticUserFilter) to context logs
2022-08-08 17:30:35,919 [Listener at 127.0.0.1/37325] INFO  http.HttpServer2 (HttpServer2.java:bindListener(1248)) - Jetty bound to port 35035
2022-08-08 17:30:35,919 [Listener at 127.0.0.1/37325] INFO  server.Server (Server.java:doStart(375)) - jetty-9.4.43.v20210629; built: 2021-06-30T11:07:22.254Z; git: 526006ecfa3af7f1a27ef3a288e2bef7ea9dd7e8; jvm 1.8.0_332-b09
2022-08-08 17:30:35,927 [Listener at 127.0.0.1/37325] INFO  server.session (DefaultSessionIdManager.java:doStart(334)) - DefaultSessionIdManager workerName=node0
2022-08-08 17:30:35,927 [Listener at 127.0.0.1/37325] INFO  server.session (DefaultSessionIdManager.java:doStart(339)) - No SessionScavenger set, using defaults
2022-08-08 17:30:35,927 [Listener at 127.0.0.1/37325] INFO  server.session (HouseKeeper.java:startScavenging(132)) - node0 Scavenging every 600000ms
2022-08-08 17:30:35,928 [Listener at 127.0.0.1/37325] INFO  handler.ContextHandler (ContextHandler.java:doStart(915)) - Started o.e.j.s.ServletContextHandler@5db07ad9{logs,/logs,file:///home/runner/work/ozone/ozone/hadoop-ozone/integration-test/target/log,AVAILABLE}
2022-08-08 17:30:35,928 [Listener at 127.0.0.1/37325] INFO  handler.ContextHandler (ContextHandler.java:doStart(915)) - Started o.e.j.s.ServletContextHandler@24cf094d{static,/static,jar:file:/home/runner/.m2/repository/org/apache/ozone/hdds-container-service/1.3.0-SNAPSHOT/hdds-container-service-1.3.0-SNAPSHOT.jar!/webapps/static,AVAILABLE}
2022-08-08 17:30:36,108 [Listener at 127.0.0.1/37325] INFO  handler.ContextHandler (ContextHandler.java:doStart(915)) - Started o.e.j.w.WebAppContext@3acd599d{hddsDatanode,/,file:///tmp/jetty-0_0_0_0-35035-hdds-container-service-1_3_0-SNAPSHOT_jar-_-any-5944141946332093563/webapp/,AVAILABLE}{jar:file:/home/runner/.m2/repository/org/apache/ozone/hdds-container-service/1.3.0-SNAPSHOT/hdds-container-service-1.3.0-SNAPSHOT.jar!/webapps/hddsDatanode}
2022-08-08 17:30:36,109 [Listener at 127.0.0.1/37325] INFO  server.AbstractConnector (AbstractConnector.java:doStart(331)) - Started ServerConnector@22c15ebc{HTTP/1.1, (http/1.1)}{0.0.0.0:35035}
2022-08-08 17:30:36,110 [Listener at 127.0.0.1/37325] INFO  server.Server (Server.java:doStart(415)) - Started @10796ms
2022-08-08 17:30:36,110 [Listener at 127.0.0.1/37325] WARN  impl.MetricsSystemImpl (MetricsSystemImpl.java:register(279)) - Sink prometheus already exists!
2022-08-08 17:30:36,110 [Listener at 127.0.0.1/37325] INFO  http.BaseHttpServer (BaseHttpServer.java:updateConnectorAddress(329)) - HTTP server of hddsDatanode listening at http://0.0.0.0:35035
2022-08-08 17:30:36,115 [Datanode State Machine Daemon Thread] INFO  statemachine.DatanodeStateMachine (DatanodeStateMachine.java:lambda$startDaemon$0(492)) - Ozone container server started.
2022-08-08 17:30:36,115 [Listener at 127.0.0.1/37325] WARN  impl.MetricRegistriesImpl (MetricRegistriesImpl.java:addReporterRegistration(111)) - New reporters are added after registries were created. Some metrics will be missing from the reporter. Please add reporter before adding any new registry.
2022-08-08 17:30:36,119 [Listener at 127.0.0.1/37325] WARN  impl.MetricRegistriesImpl (MetricRegistriesImpl.java:addReporterRegistration(111)) - New reporters are added after registries were created. Some metrics will be missing from the reporter. Please add reporter before adding any new registry.
2022-08-08 17:30:36,119 [Listener at 127.0.0.1/37325] INFO  impl.MetricsSystemImpl (MetricsSystemImpl.java:init(158)) - HddsDatanode metrics system started (again)
2022-08-08 17:30:36,133 [Listener at 127.0.0.1/37325] INFO  ozone.HddsDatanodeService (HddsDatanodeService.java:start(236)) - HddsDatanodeService host:fv-az207-152.1ztp0ef1jgbebjcpob1ohcpowa.jx.internal.cloudapp.net ip:10.1.0.4
2022-08-08 17:30:36,142 [org.apache.hadoop.util.JvmPauseMonitor$Monitor@36456296] INFO  util.JvmPauseMonitor (JvmPauseMonitor.java:run(188)) - Starting JVM pause monitor
2022-08-08 17:30:36,144 [Datanode State Machine Task Thread - 0] INFO  datanode.InitDatanodeState (InitDatanodeState.java:persistContainerDatanodeDetails(138)) - DatanodeDetails is persisted to /home/runner/work/ozone/ozone/hadoop-ozone/integration-test/target/test-dir/MiniOzoneClusterImpl-51406671-1893-4796-a216-b7dfafadb542/datanode-3/meta/datanode.id
2022-08-08 17:30:36,154 [Listener at 127.0.0.1/37325] INFO  upgrade.AbstractLayoutVersionManager (AbstractLayoutVersionManager.java:init(83)) - Initializing Layout version manager with metadata layout = DATANODE_SCHEMA_V3 (version = 4), software layout = DATANODE_SCHEMA_V3 (version = 4)
2022-08-08 17:30:36,204 [Listener at 127.0.0.1/37325] INFO  reflections.Reflections (Reflections.java:scan(232)) - Reflections took 48 ms to scan 7 urls, producing 132 keys and 321 values 
2022-08-08 17:30:36,205 [Listener at 127.0.0.1/37325] INFO  statemachine.DatanodeStateMachine (DatanodeStateMachine.java:getEndPointTaskThreadPoolSize(237)) - Datanode State Machine Task Thread Pool size 2
2022-08-08 17:30:36,211 [Listener at 127.0.0.1/37325] INFO  volume.HddsVolume (HddsVolume.java:<init>(116)) - Creating HddsVolume: /home/runner/work/ozone/ozone/hadoop-ozone/integration-test/target/test-dir/MiniOzoneClusterImpl-51406671-1893-4796-a216-b7dfafadb542/datanode-4/data-0/containers/hdds of storage type : DISK capacity : 9223372036854775807
2022-08-08 17:30:36,212 [Listener at 127.0.0.1/37325] INFO  volume.MutableVolumeSet (MutableVolumeSet.java:initializeVolumeSet(174)) - Added Volume : /home/runner/work/ozone/ozone/hadoop-ozone/integration-test/target/test-dir/MiniOzoneClusterImpl-51406671-1893-4796-a216-b7dfafadb542/datanode-4/data-0/containers/hdds to VolumeSet
2022-08-08 17:30:36,212 [Listener at 127.0.0.1/37325] INFO  volume.ThrottledAsyncChecker (ThrottledAsyncChecker.java:schedule(141)) - Scheduling a check for /home/runner/work/ozone/ozone/hadoop-ozone/integration-test/target/test-dir/MiniOzoneClusterImpl-51406671-1893-4796-a216-b7dfafadb542/datanode-4/data-0/containers/hdds
2022-08-08 17:30:36,217 [Listener at 127.0.0.1/37325] INFO  volume.StorageVolumeChecker (StorageVolumeChecker.java:checkAllVolumes(202)) - Scheduled health check for volume /home/runner/work/ozone/ozone/hadoop-ozone/integration-test/target/test-dir/MiniOzoneClusterImpl-51406671-1893-4796-a216-b7dfafadb542/datanode-4/data-0/containers/hdds
2022-08-08 17:30:36,230 [Listener at 127.0.0.1/37325] INFO  volume.MutableVolumeSet (MutableVolumeSet.java:initializeVolumeSet(174)) - Added Volume : /home/runner/work/ozone/ozone/hadoop-ozone/integration-test/target/test-dir/MiniOzoneClusterImpl-51406671-1893-4796-a216-b7dfafadb542/datanode-4/data/ratis to VolumeSet
2022-08-08 17:30:36,230 [Listener at 127.0.0.1/37325] INFO  volume.ThrottledAsyncChecker (ThrottledAsyncChecker.java:schedule(141)) - Scheduling a check for /home/runner/work/ozone/ozone/hadoop-ozone/integration-test/target/test-dir/MiniOzoneClusterImpl-51406671-1893-4796-a216-b7dfafadb542/datanode-4/data/ratis
2022-08-08 17:30:36,230 [Listener at 127.0.0.1/37325] INFO  volume.StorageVolumeChecker (StorageVolumeChecker.java:checkAllVolumes(202)) - Scheduled health check for volume /home/runner/work/ozone/ozone/hadoop-ozone/integration-test/target/test-dir/MiniOzoneClusterImpl-51406671-1893-4796-a216-b7dfafadb542/datanode-4/data/ratis
2022-08-08 17:30:36,243 [Thread-190] INFO  ozoneimpl.ContainerReader (ContainerReader.java:readVolume(175)) - Finish verifying containers on volume /home/runner/work/ozone/ozone/hadoop-ozone/integration-test/target/test-dir/MiniOzoneClusterImpl-51406671-1893-4796-a216-b7dfafadb542/datanode-4/data-0/containers/hdds
2022-08-08 17:30:36,244 [Listener at 127.0.0.1/37325] INFO  ozoneimpl.OzoneContainer (OzoneContainer.java:buildContainerSet(299)) - Build ContainerSet costs 0s
2022-08-08 17:30:36,247 [Listener at 127.0.0.1/37325] INFO  server.RaftServer (ConfUtils.java:logGet(46)) - raft.rpc.type = GRPC (default)
2022-08-08 17:30:36,248 [Listener at 127.0.0.1/37325] INFO  grpc.GrpcFactory (GrpcFactory.java:checkPooledByteBufAllocatorUseCacheForAllThreads(48)) - PERFORMANCE WARNING: useCacheForAllThreads is true that may cause Netty to create a lot garbage objects and, as a result, trigger GC.
	It is recommended to disable useCacheForAllThreads by setting -Dorg.apache.ratis.thirdparty.io.netty.allocator.useCacheForAllThreads=false in command line.
2022-08-08 17:30:36,248 [Listener at 127.0.0.1/37325] INFO  grpc.GrpcConfigKeys (ConfUtils.java:logGet(46)) - raft.grpc.admin.port = 0 (custom)
2022-08-08 17:30:36,248 [Listener at 127.0.0.1/37325] INFO  grpc.GrpcConfigKeys (ConfUtils.java:logGet(46)) - raft.grpc.client.port = 0 (custom)
2022-08-08 17:30:36,248 [Listener at 127.0.0.1/37325] INFO  grpc.GrpcConfigKeys (ConfUtils.java:logGet(46)) - raft.grpc.server.port = 0 (default)
2022-08-08 17:30:36,248 [Listener at 127.0.0.1/37325] INFO  server.GrpcService (ConfUtils.java:logGet(46)) - raft.grpc.message.size.max = 32MB (=33554432) (custom)
2022-08-08 17:30:36,248 [Listener at 127.0.0.1/37325] INFO  server.RaftServerConfigKeys (ConfUtils.java:logGet(46)) - raft.server.log.appender.buffer.byte-limit = 33554432 (custom)
2022-08-08 17:30:36,248 [Listener at 127.0.0.1/37325] INFO  server.GrpcService (ConfUtils.java:logGet(46)) - raft.grpc.flow.control.window = 5MB (=5242880) (custom)
2022-08-08 17:30:36,249 [Listener at 127.0.0.1/37325] INFO  server.RaftServerConfigKeys (ConfUtils.java:logGet(46)) - raft.server.rpc.request.timeout = 60s (custom)
2022-08-08 17:30:36,249 [Listener at 127.0.0.1/37325] INFO  grpc.GrpcConfigKeys (ConfUtils.java:logGet(46)) - raft.grpc.server.async.request.thread.pool.cached = true (default)
2022-08-08 17:30:36,249 [Listener at 127.0.0.1/37325] INFO  grpc.GrpcConfigKeys (ConfUtils.java:logGet(46)) - raft.grpc.server.async.request.thread.pool.size = 32 (default)
2022-08-08 17:30:36,251 [Listener at 127.0.0.1/37325] INFO  impl.DataStreamServerImpl (ConfUtils.java:logGet(46)) - raft.datastream.type = DISABLED (default)
2022-08-08 17:30:36,251 [Listener at 127.0.0.1/37325] INFO  server.RaftServerConfigKeys (ConfUtils.java:logGet(46)) - raft.server.threadpool.proxy.cached = true (default)
2022-08-08 17:30:36,252 [Listener at 127.0.0.1/37325] INFO  server.RaftServerConfigKeys (ConfUtils.java:logGet(46)) - raft.server.threadpool.proxy.size = 0 (default)
2022-08-08 17:30:36,252 [Listener at 127.0.0.1/37325] INFO  server.RaftServerConfigKeys (ConfUtils.java:logGet(46)) - raft.server.rpc.slowness.timeout = 300s (custom)
2022-08-08 17:30:36,252 [Listener at 127.0.0.1/37325] INFO  server.RaftServerConfigKeys (ConfUtils.java:logGet(46)) - raft.server.leaderelection.leader.step-down.wait-time = 10s (default)
2022-08-08 17:30:36,252 [Listener at 127.0.0.1/37325] INFO  server.RaftServerConfigKeys (ConfUtils.java:logGet(46)) - raft.server.storage.dir = [/home/runner/work/ozone/ozone/hadoop-ozone/integration-test/target/test-dir/MiniOzoneClusterImpl-51406671-1893-4796-a216-b7dfafadb542/datanode-4/data/ratis] (custom)
2022-08-08 17:30:36,254 [Listener at 127.0.0.1/37325] INFO  server.XceiverServerGrpc (XceiverServerGrpc.java:<init>(132)) - GrpcServer channel type EpollServerSocketChannel
2022-08-08 17:30:36,260 [Listener at 127.0.0.1/37325] INFO  http.BaseHttpServer (BaseHttpServer.java:newHttpServer2BuilderForOzone(209)) - Starting Web-server for hddsDatanode at: http://0.0.0.0:0
2022-08-08 17:30:36,260 [Listener at 127.0.0.1/37325] INFO  http.BaseHttpServer (BaseHttpServer.java:<init>(107)) - Hadoop Security Enabled: false Ozone Security Enabled: false Ozone HTTP Security Enabled: false 
2022-08-08 17:30:36,262 [Listener at 127.0.0.1/37325] INFO  server.AuthenticationFilter (AuthenticationFilter.java:constructSecretProvider(240)) - Unable to initialize FileSignerSecretProvider, falling back to use random secrets.
2022-08-08 17:30:36,266 [Listener at 127.0.0.1/37325] WARN  http.HttpRequestLog (HttpRequestLog.java:getRequestLog(103)) - Jetty request log can only be enabled using Log4j
2022-08-08 17:30:36,268 [Listener at 127.0.0.1/37325] INFO  http.HttpServer2 (HttpServer2.java:addGlobalFilter(1029)) - Added global filter 'safety' (class=org.apache.hadoop.hdds.server.http.HttpServer2$QuotingInputFilter)
2022-08-08 17:30:36,269 [Listener at 127.0.0.1/37325] INFO  http.HttpServer2 (HttpServer2.java:addFilter(1005)) - Added filter static_user_filter (class=org.apache.hadoop.http.lib.StaticUserWebFilter$StaticUserFilter) to context hddsDatanode
2022-08-08 17:30:36,269 [Listener at 127.0.0.1/37325] INFO  http.HttpServer2 (HttpServer2.java:addFilter(1013)) - Added filter static_user_filter (class=org.apache.hadoop.http.lib.StaticUserWebFilter$StaticUserFilter) to context logs
2022-08-08 17:30:36,269 [Listener at 127.0.0.1/37325] INFO  http.HttpServer2 (HttpServer2.java:addFilter(1013)) - Added filter static_user_filter (class=org.apache.hadoop.http.lib.StaticUserWebFilter$StaticUserFilter) to context static
2022-08-08 17:30:36,270 [Listener at 127.0.0.1/37325] INFO  http.HttpServer2 (HttpServer2.java:bindListener(1248)) - Jetty bound to port 45271
2022-08-08 17:30:36,270 [Listener at 127.0.0.1/37325] INFO  server.Server (Server.java:doStart(375)) - jetty-9.4.43.v20210629; built: 2021-06-30T11:07:22.254Z; git: 526006ecfa3af7f1a27ef3a288e2bef7ea9dd7e8; jvm 1.8.0_332-b09
2022-08-08 17:30:36,274 [Listener at 127.0.0.1/37325] INFO  server.session (DefaultSessionIdManager.java:doStart(334)) - DefaultSessionIdManager workerName=node0
2022-08-08 17:30:36,274 [Listener at 127.0.0.1/37325] INFO  server.session (DefaultSessionIdManager.java:doStart(339)) - No SessionScavenger set, using defaults
2022-08-08 17:30:36,275 [Listener at 127.0.0.1/37325] INFO  server.session (HouseKeeper.java:startScavenging(132)) - node0 Scavenging every 660000ms
2022-08-08 17:30:36,277 [Listener at 127.0.0.1/37325] INFO  handler.ContextHandler (ContextHandler.java:doStart(915)) - Started o.e.j.s.ServletContextHandler@4d0e17ed{logs,/logs,file:///home/runner/work/ozone/ozone/hadoop-ozone/integration-test/target/log,AVAILABLE}
2022-08-08 17:30:36,277 [Listener at 127.0.0.1/37325] INFO  handler.ContextHandler (ContextHandler.java:doStart(915)) - Started o.e.j.s.ServletContextHandler@740f7490{static,/static,jar:file:/home/runner/.m2/repository/org/apache/ozone/hdds-container-service/1.3.0-SNAPSHOT/hdds-container-service-1.3.0-SNAPSHOT.jar!/webapps/static,AVAILABLE}
2022-08-08 17:30:36,459 [Listener at 127.0.0.1/37325] INFO  handler.ContextHandler (ContextHandler.java:doStart(915)) - Started o.e.j.w.WebAppContext@608d49c8{hddsDatanode,/,file:///tmp/jetty-0_0_0_0-45271-hdds-container-service-1_3_0-SNAPSHOT_jar-_-any-7788200381138041474/webapp/,AVAILABLE}{jar:file:/home/runner/.m2/repository/org/apache/ozone/hdds-container-service/1.3.0-SNAPSHOT/hdds-container-service-1.3.0-SNAPSHOT.jar!/webapps/hddsDatanode}
2022-08-08 17:30:36,460 [Listener at 127.0.0.1/37325] INFO  server.AbstractConnector (AbstractConnector.java:doStart(331)) - Started ServerConnector@4a822518{HTTP/1.1, (http/1.1)}{0.0.0.0:45271}
2022-08-08 17:30:36,461 [Listener at 127.0.0.1/37325] INFO  server.Server (Server.java:doStart(415)) - Started @11147ms
2022-08-08 17:30:36,461 [Listener at 127.0.0.1/37325] WARN  impl.MetricsSystemImpl (MetricsSystemImpl.java:register(279)) - Sink prometheus already exists!
2022-08-08 17:30:36,462 [Listener at 127.0.0.1/37325] INFO  http.BaseHttpServer (BaseHttpServer.java:updateConnectorAddress(329)) - HTTP server of hddsDatanode listening at http://0.0.0.0:45271
2022-08-08 17:30:36,463 [Listener at 127.0.0.1/37325] INFO  ozone.MiniOzoneClusterImpl (MiniOzoneClusterImpl.java:lambda$waitForClusterToBeReady$0(216)) - Waiting for nodes to be ready. Got 0 of 5 DN Heartbeats.
2022-08-08 17:30:36,464 [Listener at 127.0.0.1/37325] INFO  ozone.MiniOzoneClusterImpl (MiniOzoneClusterImpl.java:lambda$waitForClusterToBeReady$0(219)) - Waiting for cluster to exit safe mode
2022-08-08 17:30:36,464 [Listener at 127.0.0.1/37325] INFO  ozone.MiniOzoneClusterImpl (MiniOzoneClusterImpl.java:lambda$waitForClusterToBeReady$0(221)) - SCM became leader
2022-08-08 17:30:36,464 [Datanode State Machine Daemon Thread] INFO  statemachine.DatanodeStateMachine (DatanodeStateMachine.java:lambda$startDaemon$0(492)) - Ozone container server started.
2022-08-08 17:30:36,474 [org.apache.hadoop.util.JvmPauseMonitor$Monitor@6a747121] INFO  util.JvmPauseMonitor (JvmPauseMonitor.java:run(188)) - Starting JVM pause monitor
2022-08-08 17:30:36,477 [Datanode State Machine Task Thread - 0] INFO  datanode.InitDatanodeState (InitDatanodeState.java:persistContainerDatanodeDetails(138)) - DatanodeDetails is persisted to /home/runner/work/ozone/ozone/hadoop-ozone/integration-test/target/test-dir/MiniOzoneClusterImpl-51406671-1893-4796-a216-b7dfafadb542/datanode-4/meta/datanode.id
2022-08-08 17:30:36,866 [Finalizer] WARN  managed.ManagedRocksObjectUtils (ManagedRocksObjectUtils.java:assertClosed(39)) - ManagedColumnFamilyOptions is not closed properly
2022-08-08 17:30:36,866 [Finalizer] WARN  managed.ManagedRocksObjectUtils (ManagedRocksObjectUtils.java:assertClosed(39)) - ManagedColumnFamilyOptions is not closed properly
2022-08-08 17:30:36,866 [Finalizer] WARN  managed.ManagedRocksObjectUtils (ManagedRocksObjectUtils.java:assertClosed(39)) - ManagedColumnFamilyOptions is not closed properly
2022-08-08 17:30:36,866 [Finalizer] WARN  managed.ManagedRocksObjectUtils (ManagedRocksObjectUtils.java:assertClosed(39)) - ManagedColumnFamilyOptions is not closed properly
2022-08-08 17:30:36,870 [Finalizer] WARN  managed.ManagedRocksObjectUtils (ManagedRocksObjectUtils.java:assertClosed(39)) - ManagedColumnFamilyOptions is not closed properly
2022-08-08 17:30:36,870 [Finalizer] WARN  managed.ManagedRocksObjectUtils (ManagedRocksObjectUtils.java:assertClosed(39)) - ManagedColumnFamilyOptions is not closed properly
2022-08-08 17:30:36,870 [Finalizer] WARN  managed.ManagedRocksObjectUtils (ManagedRocksObjectUtils.java:assertClosed(39)) - ManagedColumnFamilyOptions is not closed properly
2022-08-08 17:30:36,870 [Finalizer] WARN  managed.ManagedRocksObjectUtils (ManagedRocksObjectUtils.java:assertClosed(39)) - ManagedColumnFamilyOptions is not closed properly
2022-08-08 17:30:36,872 [Finalizer] WARN  managed.ManagedRocksObjectUtils (ManagedRocksObjectUtils.java:assertClosed(39)) - ManagedColumnFamilyOptions is not closed properly
2022-08-08 17:30:36,872 [Finalizer] WARN  managed.ManagedRocksObjectUtils (ManagedRocksObjectUtils.java:assertClosed(39)) - ManagedColumnFamilyOptions is not closed properly
2022-08-08 17:30:36,872 [Finalizer] WARN  managed.ManagedRocksObjectUtils (ManagedRocksObjectUtils.java:assertClosed(39)) - ManagedColumnFamilyOptions is not closed properly
2022-08-08 17:30:36,875 [Finalizer] WARN  managed.ManagedRocksObjectUtils (ManagedRocksObjectUtils.java:assertClosed(39)) - ManagedColumnFamilyOptions is not closed properly
2022-08-08 17:30:36,876 [Finalizer] WARN  managed.ManagedRocksObjectUtils (ManagedRocksObjectUtils.java:assertClosed(39)) - ManagedColumnFamilyOptions is not closed properly
2022-08-08 17:30:36,876 [Finalizer] WARN  managed.ManagedRocksObjectUtils (ManagedRocksObjectUtils.java:assertClosed(39)) - ManagedColumnFamilyOptions is not closed properly
2022-08-08 17:30:36,876 [Finalizer] WARN  managed.ManagedRocksObjectUtils (ManagedRocksObjectUtils.java:assertClosed(39)) - ManagedColumnFamilyOptions is not closed properly
2022-08-08 17:30:36,876 [Finalizer] WARN  managed.ManagedRocksObjectUtils (ManagedRocksObjectUtils.java:assertClosed(39)) - ManagedColumnFamilyOptions is not closed properly
2022-08-08 17:30:36,960 [EndpointStateMachine task thread for /0.0.0.0:46441 - 0 ] INFO  volume.HddsVolume (HddsVolume.java:createDbStore(309)) - SchemaV3 db is created and loaded at /home/runner/work/ozone/ozone/hadoop-ozone/integration-test/target/test-dir/MiniOzoneClusterImpl-51406671-1893-4796-a216-b7dfafadb542/datanode-0/data-0/containers/hdds/51406671-1893-4796-a216-b7dfafadb542/DS-6d13257d-e8f9-4a75-838b-b353be848c72/container.db for volume DS-6d13257d-e8f9-4a75-838b-b353be848c72
2022-08-08 17:30:36,966 [EndpointStateMachine task thread for /0.0.0.0:46441 - 0 ] INFO  volume.HddsVolume (HddsVolume.java:closeDbStore(340)) - SchemaV3 db is stopped at /home/runner/work/ozone/ozone/hadoop-ozone/integration-test/target/test-dir/MiniOzoneClusterImpl-51406671-1893-4796-a216-b7dfafadb542/datanode-0/data-0/containers/hdds/51406671-1893-4796-a216-b7dfafadb542/DS-6d13257d-e8f9-4a75-838b-b353be848c72/container.db for volume DS-6d13257d-e8f9-4a75-838b-b353be848c72
2022-08-08 17:30:36,966 [EndpointStateMachine task thread for /0.0.0.0:46441 - 0 ] INFO  ozoneimpl.OzoneContainer (OzoneContainer.java:start(377)) - Attempting to start container services.
2022-08-08 17:30:36,968 [EndpointStateMachine task thread for /0.0.0.0:46441 - 0 ] INFO  ozoneimpl.OzoneContainer (OzoneContainer.java:startContainerScrub(312)) - Background container scanner has been disabled.
2022-08-08 17:30:36,970 [EndpointStateMachine task thread for /0.0.0.0:46441 - 0 ] INFO  replication.ReplicationServer (ReplicationServer.java:start(111)) - ReplicationServer is started using port 35657
2022-08-08 17:30:36,972 [EndpointStateMachine task thread for /0.0.0.0:46441 - 0 ] INFO  ratis.XceiverServerRatis (XceiverServerRatis.java:start(481)) - Starting XceiverServerRatis f64dc5e8-62f3-4def-b87e-a162ae32d3b9
2022-08-08 17:30:36,983 [EndpointStateMachine task thread for /0.0.0.0:46441 - 0 ] INFO  server.RaftServer (RaftServerProxy.java:lambda$start$6(382)) - f64dc5e8-62f3-4def-b87e-a162ae32d3b9: start RPC server
2022-08-08 17:30:36,984 [EndpointStateMachine task thread for /0.0.0.0:46441 - 0 ] INFO  server.GrpcService (GrpcService.java:startImpl(260)) - f64dc5e8-62f3-4def-b87e-a162ae32d3b9: GrpcService started, listening on 38901
2022-08-08 17:30:36,985 [EndpointStateMachine task thread for /0.0.0.0:46441 - 0 ] INFO  ratis.XceiverServerRatis (XceiverServerRatis.java:getRealPort(502)) - XceiverServerRatis f64dc5e8-62f3-4def-b87e-a162ae32d3b9 is started using port 38901 for RATIS
2022-08-08 17:30:36,985 [EndpointStateMachine task thread for /0.0.0.0:46441 - 0 ] INFO  ratis.XceiverServerRatis (XceiverServerRatis.java:getRealPort(502)) - XceiverServerRatis f64dc5e8-62f3-4def-b87e-a162ae32d3b9 is started using port 38901 for RATIS_ADMIN
2022-08-08 17:30:36,985 [EndpointStateMachine task thread for /0.0.0.0:46441 - 0 ] INFO  ratis.XceiverServerRatis (XceiverServerRatis.java:getRealPort(502)) - XceiverServerRatis f64dc5e8-62f3-4def-b87e-a162ae32d3b9 is started using port 38901 for RATIS_SERVER
2022-08-08 17:30:36,986 [org.apache.ratis.util.JvmPauseMonitor$$Lambda$616/2073768691@7c159592] INFO  util.JvmPauseMonitor (JvmPauseMonitor.java:run(103)) - JvmPauseMonitor-f64dc5e8-62f3-4def-b87e-a162ae32d3b9: Started
2022-08-08 17:30:36,995 [EndpointStateMachine task thread for /0.0.0.0:46441 - 0 ] INFO  server.XceiverServerGrpc (XceiverServerGrpc.java:start(180)) - XceiverServerGrpc f64dc5e8-62f3-4def-b87e-a162ae32d3b9 is started using port 33859
2022-08-08 17:30:37,464 [Listener at 127.0.0.1/37325] INFO  ozone.MiniOzoneClusterImpl (MiniOzoneClusterImpl.java:lambda$waitForClusterToBeReady$0(216)) - Waiting for nodes to be ready. Got 0 of 5 DN Heartbeats.
2022-08-08 17:30:37,464 [Listener at 127.0.0.1/37325] INFO  ozone.MiniOzoneClusterImpl (MiniOzoneClusterImpl.java:lambda$waitForClusterToBeReady$0(219)) - Waiting for cluster to exit safe mode
2022-08-08 17:30:37,464 [Listener at 127.0.0.1/37325] INFO  ozone.MiniOzoneClusterImpl (MiniOzoneClusterImpl.java:lambda$waitForClusterToBeReady$0(221)) - SCM became leader
2022-08-08 17:30:37,466 [EndpointStateMachine task thread for /0.0.0.0:46441 - 0 ] INFO  volume.HddsVolume (HddsVolume.java:createDbStore(309)) - SchemaV3 db is created and loaded at /home/runner/work/ozone/ozone/hadoop-ozone/integration-test/target/test-dir/MiniOzoneClusterImpl-51406671-1893-4796-a216-b7dfafadb542/datanode-1/data-0/containers/hdds/51406671-1893-4796-a216-b7dfafadb542/DS-341370bb-3fab-4971-a05c-7e7d4ead5e89/container.db for volume DS-341370bb-3fab-4971-a05c-7e7d4ead5e89
2022-08-08 17:30:37,467 [EndpointStateMachine task thread for /0.0.0.0:46441 - 0 ] INFO  volume.HddsVolume (HddsVolume.java:closeDbStore(340)) - SchemaV3 db is stopped at /home/runner/work/ozone/ozone/hadoop-ozone/integration-test/target/test-dir/MiniOzoneClusterImpl-51406671-1893-4796-a216-b7dfafadb542/datanode-1/data-0/containers/hdds/51406671-1893-4796-a216-b7dfafadb542/DS-341370bb-3fab-4971-a05c-7e7d4ead5e89/container.db for volume DS-341370bb-3fab-4971-a05c-7e7d4ead5e89
2022-08-08 17:30:37,467 [EndpointStateMachine task thread for /0.0.0.0:46441 - 0 ] INFO  ozoneimpl.OzoneContainer (OzoneContainer.java:start(377)) - Attempting to start container services.
2022-08-08 17:30:37,467 [EndpointStateMachine task thread for /0.0.0.0:46441 - 0 ] INFO  ozoneimpl.OzoneContainer (OzoneContainer.java:startContainerScrub(312)) - Background container scanner has been disabled.
2022-08-08 17:30:37,469 [EndpointStateMachine task thread for /0.0.0.0:46441 - 0 ] INFO  replication.ReplicationServer (ReplicationServer.java:start(111)) - ReplicationServer is started using port 39539
2022-08-08 17:30:37,469 [EndpointStateMachine task thread for /0.0.0.0:46441 - 0 ] INFO  ratis.XceiverServerRatis (XceiverServerRatis.java:start(481)) - Starting XceiverServerRatis 02b59665-40e6-4f54-a95c-0606f78ec7ff
2022-08-08 17:30:37,473 [EndpointStateMachine task thread for /0.0.0.0:46441 - 0 ] INFO  server.RaftServer (RaftServerProxy.java:lambda$start$6(382)) - 02b59665-40e6-4f54-a95c-0606f78ec7ff: start RPC server
2022-08-08 17:30:37,475 [EndpointStateMachine task thread for /0.0.0.0:46441 - 0 ] INFO  server.GrpcService (GrpcService.java:startImpl(260)) - 02b59665-40e6-4f54-a95c-0606f78ec7ff: GrpcService started, listening on 36877
2022-08-08 17:30:37,476 [EndpointStateMachine task thread for /0.0.0.0:46441 - 0 ] INFO  ratis.XceiverServerRatis (XceiverServerRatis.java:getRealPort(502)) - XceiverServerRatis 02b59665-40e6-4f54-a95c-0606f78ec7ff is started using port 36877 for RATIS
2022-08-08 17:30:37,476 [org.apache.ratis.util.JvmPauseMonitor$$Lambda$616/2073768691@17f9bbcc] INFO  util.JvmPauseMonitor (JvmPauseMonitor.java:run(103)) - JvmPauseMonitor-02b59665-40e6-4f54-a95c-0606f78ec7ff: Started
2022-08-08 17:30:37,476 [EndpointStateMachine task thread for /0.0.0.0:46441 - 0 ] INFO  ratis.XceiverServerRatis (XceiverServerRatis.java:getRealPort(502)) - XceiverServerRatis 02b59665-40e6-4f54-a95c-0606f78ec7ff is started using port 36877 for RATIS_ADMIN
2022-08-08 17:30:37,476 [EndpointStateMachine task thread for /0.0.0.0:46441 - 0 ] INFO  ratis.XceiverServerRatis (XceiverServerRatis.java:getRealPort(502)) - XceiverServerRatis 02b59665-40e6-4f54-a95c-0606f78ec7ff is started using port 36877 for RATIS_SERVER
2022-08-08 17:30:37,478 [EndpointStateMachine task thread for /0.0.0.0:46441 - 0 ] INFO  server.XceiverServerGrpc (XceiverServerGrpc.java:start(180)) - XceiverServerGrpc 02b59665-40e6-4f54-a95c-0606f78ec7ff is started using port 40375
2022-08-08 17:30:37,828 [EndpointStateMachine task thread for /0.0.0.0:46441 - 0 ] INFO  volume.HddsVolume (HddsVolume.java:createDbStore(309)) - SchemaV3 db is created and loaded at /home/runner/work/ozone/ozone/hadoop-ozone/integration-test/target/test-dir/MiniOzoneClusterImpl-51406671-1893-4796-a216-b7dfafadb542/datanode-2/data-0/containers/hdds/51406671-1893-4796-a216-b7dfafadb542/DS-63734db4-cb68-402d-ad50-07a196e0d3f3/container.db for volume DS-63734db4-cb68-402d-ad50-07a196e0d3f3
2022-08-08 17:30:37,829 [EndpointStateMachine task thread for /0.0.0.0:46441 - 0 ] INFO  volume.HddsVolume (HddsVolume.java:closeDbStore(340)) - SchemaV3 db is stopped at /home/runner/work/ozone/ozone/hadoop-ozone/integration-test/target/test-dir/MiniOzoneClusterImpl-51406671-1893-4796-a216-b7dfafadb542/datanode-2/data-0/containers/hdds/51406671-1893-4796-a216-b7dfafadb542/DS-63734db4-cb68-402d-ad50-07a196e0d3f3/container.db for volume DS-63734db4-cb68-402d-ad50-07a196e0d3f3
2022-08-08 17:30:37,829 [EndpointStateMachine task thread for /0.0.0.0:46441 - 0 ] INFO  ozoneimpl.OzoneContainer (OzoneContainer.java:start(377)) - Attempting to start container services.
2022-08-08 17:30:37,829 [EndpointStateMachine task thread for /0.0.0.0:46441 - 0 ] INFO  ozoneimpl.OzoneContainer (OzoneContainer.java:startContainerScrub(312)) - Background container scanner has been disabled.
2022-08-08 17:30:37,835 [EndpointStateMachine task thread for /0.0.0.0:46441 - 0 ] INFO  replication.ReplicationServer (ReplicationServer.java:start(111)) - ReplicationServer is started using port 38379
2022-08-08 17:30:37,836 [EndpointStateMachine task thread for /0.0.0.0:46441 - 0 ] INFO  ratis.XceiverServerRatis (XceiverServerRatis.java:start(481)) - Starting XceiverServerRatis f220fda6-a22f-4438-8ee2-dd02585921dd
2022-08-08 17:30:37,838 [EndpointStateMachine task thread for /0.0.0.0:46441 - 0 ] INFO  server.RaftServer (RaftServerProxy.java:lambda$start$6(382)) - f220fda6-a22f-4438-8ee2-dd02585921dd: start RPC server
2022-08-08 17:30:37,841 [EndpointStateMachine task thread for /0.0.0.0:46441 - 0 ] INFO  server.GrpcService (GrpcService.java:startImpl(260)) - f220fda6-a22f-4438-8ee2-dd02585921dd: GrpcService started, listening on 37777
2022-08-08 17:30:37,841 [EndpointStateMachine task thread for /0.0.0.0:46441 - 0 ] INFO  ratis.XceiverServerRatis (XceiverServerRatis.java:getRealPort(502)) - XceiverServerRatis f220fda6-a22f-4438-8ee2-dd02585921dd is started using port 37777 for RATIS
2022-08-08 17:30:37,841 [EndpointStateMachine task thread for /0.0.0.0:46441 - 0 ] INFO  ratis.XceiverServerRatis (XceiverServerRatis.java:getRealPort(502)) - XceiverServerRatis f220fda6-a22f-4438-8ee2-dd02585921dd is started using port 37777 for RATIS_ADMIN
2022-08-08 17:30:37,841 [EndpointStateMachine task thread for /0.0.0.0:46441 - 0 ] INFO  ratis.XceiverServerRatis (XceiverServerRatis.java:getRealPort(502)) - XceiverServerRatis f220fda6-a22f-4438-8ee2-dd02585921dd is started using port 37777 for RATIS_SERVER
2022-08-08 17:30:37,844 [org.apache.ratis.util.JvmPauseMonitor$$Lambda$616/2073768691@7ab40abb] INFO  util.JvmPauseMonitor (JvmPauseMonitor.java:run(103)) - JvmPauseMonitor-f220fda6-a22f-4438-8ee2-dd02585921dd: Started
2022-08-08 17:30:37,847 [EndpointStateMachine task thread for /0.0.0.0:46441 - 0 ] INFO  server.XceiverServerGrpc (XceiverServerGrpc.java:start(180)) - XceiverServerGrpc f220fda6-a22f-4438-8ee2-dd02585921dd is started using port 38219
2022-08-08 17:30:38,177 [EndpointStateMachine task thread for /0.0.0.0:46441 - 0 ] INFO  volume.HddsVolume (HddsVolume.java:createDbStore(309)) - SchemaV3 db is created and loaded at /home/runner/work/ozone/ozone/hadoop-ozone/integration-test/target/test-dir/MiniOzoneClusterImpl-51406671-1893-4796-a216-b7dfafadb542/datanode-3/data-0/containers/hdds/51406671-1893-4796-a216-b7dfafadb542/DS-0f8e3daf-4e77-444f-800e-5d4687981e3c/container.db for volume DS-0f8e3daf-4e77-444f-800e-5d4687981e3c
2022-08-08 17:30:38,178 [EndpointStateMachine task thread for /0.0.0.0:46441 - 0 ] INFO  volume.HddsVolume (HddsVolume.java:closeDbStore(340)) - SchemaV3 db is stopped at /home/runner/work/ozone/ozone/hadoop-ozone/integration-test/target/test-dir/MiniOzoneClusterImpl-51406671-1893-4796-a216-b7dfafadb542/datanode-3/data-0/containers/hdds/51406671-1893-4796-a216-b7dfafadb542/DS-0f8e3daf-4e77-444f-800e-5d4687981e3c/container.db for volume DS-0f8e3daf-4e77-444f-800e-5d4687981e3c
2022-08-08 17:30:38,178 [EndpointStateMachine task thread for /0.0.0.0:46441 - 0 ] INFO  ozoneimpl.OzoneContainer (OzoneContainer.java:start(377)) - Attempting to start container services.
2022-08-08 17:30:38,178 [EndpointStateMachine task thread for /0.0.0.0:46441 - 0 ] INFO  ozoneimpl.OzoneContainer (OzoneContainer.java:startContainerScrub(312)) - Background container scanner has been disabled.
2022-08-08 17:30:38,181 [EndpointStateMachine task thread for /0.0.0.0:46441 - 0 ] INFO  replication.ReplicationServer (ReplicationServer.java:start(111)) - ReplicationServer is started using port 45059
2022-08-08 17:30:38,181 [EndpointStateMachine task thread for /0.0.0.0:46441 - 0 ] INFO  ratis.XceiverServerRatis (XceiverServerRatis.java:start(481)) - Starting XceiverServerRatis f7aacf51-5793-4fef-8f84-f2340b06749c
2022-08-08 17:30:38,182 [EndpointStateMachine task thread for /0.0.0.0:46441 - 0 ] INFO  server.RaftServer (RaftServerProxy.java:lambda$start$6(382)) - f7aacf51-5793-4fef-8f84-f2340b06749c: start RPC server
2022-08-08 17:30:38,187 [EndpointStateMachine task thread for /0.0.0.0:46441 - 0 ] INFO  server.GrpcService (GrpcService.java:startImpl(260)) - f7aacf51-5793-4fef-8f84-f2340b06749c: GrpcService started, listening on 41927
2022-08-08 17:30:38,188 [EndpointStateMachine task thread for /0.0.0.0:46441 - 0 ] INFO  ratis.XceiverServerRatis (XceiverServerRatis.java:getRealPort(502)) - XceiverServerRatis f7aacf51-5793-4fef-8f84-f2340b06749c is started using port 41927 for RATIS
2022-08-08 17:30:38,188 [EndpointStateMachine task thread for /0.0.0.0:46441 - 0 ] INFO  ratis.XceiverServerRatis (XceiverServerRatis.java:getRealPort(502)) - XceiverServerRatis f7aacf51-5793-4fef-8f84-f2340b06749c is started using port 41927 for RATIS_ADMIN
2022-08-08 17:30:38,188 [EndpointStateMachine task thread for /0.0.0.0:46441 - 0 ] INFO  ratis.XceiverServerRatis (XceiverServerRatis.java:getRealPort(502)) - XceiverServerRatis f7aacf51-5793-4fef-8f84-f2340b06749c is started using port 41927 for RATIS_SERVER
2022-08-08 17:30:38,189 [org.apache.ratis.util.JvmPauseMonitor$$Lambda$616/2073768691@20a9ce5e] INFO  util.JvmPauseMonitor (JvmPauseMonitor.java:run(103)) - JvmPauseMonitor-f7aacf51-5793-4fef-8f84-f2340b06749c: Started
2022-08-08 17:30:38,191 [EndpointStateMachine task thread for /0.0.0.0:46441 - 0 ] INFO  server.XceiverServerGrpc (XceiverServerGrpc.java:start(180)) - XceiverServerGrpc f7aacf51-5793-4fef-8f84-f2340b06749c is started using port 39499
2022-08-08 17:30:38,465 [Listener at 127.0.0.1/37325] INFO  ozone.MiniOzoneClusterImpl (MiniOzoneClusterImpl.java:lambda$waitForClusterToBeReady$0(216)) - Waiting for nodes to be ready. Got 0 of 5 DN Heartbeats.
2022-08-08 17:30:38,465 [Listener at 127.0.0.1/37325] INFO  ozone.MiniOzoneClusterImpl (MiniOzoneClusterImpl.java:lambda$waitForClusterToBeReady$0(219)) - Waiting for cluster to exit safe mode
2022-08-08 17:30:38,465 [Listener at 127.0.0.1/37325] INFO  ozone.MiniOzoneClusterImpl (MiniOzoneClusterImpl.java:lambda$waitForClusterToBeReady$0(221)) - SCM became leader
2022-08-08 17:30:38,512 [EndpointStateMachine task thread for /0.0.0.0:46441 - 0 ] INFO  volume.HddsVolume (HddsVolume.java:createDbStore(309)) - SchemaV3 db is created and loaded at /home/runner/work/ozone/ozone/hadoop-ozone/integration-test/target/test-dir/MiniOzoneClusterImpl-51406671-1893-4796-a216-b7dfafadb542/datanode-4/data-0/containers/hdds/51406671-1893-4796-a216-b7dfafadb542/DS-caecedbe-9f95-4e8d-a1b6-4864ca67189a/container.db for volume DS-caecedbe-9f95-4e8d-a1b6-4864ca67189a
2022-08-08 17:30:38,516 [EndpointStateMachine task thread for /0.0.0.0:46441 - 0 ] INFO  volume.HddsVolume (HddsVolume.java:closeDbStore(340)) - SchemaV3 db is stopped at /home/runner/work/ozone/ozone/hadoop-ozone/integration-test/target/test-dir/MiniOzoneClusterImpl-51406671-1893-4796-a216-b7dfafadb542/datanode-4/data-0/containers/hdds/51406671-1893-4796-a216-b7dfafadb542/DS-caecedbe-9f95-4e8d-a1b6-4864ca67189a/container.db for volume DS-caecedbe-9f95-4e8d-a1b6-4864ca67189a
2022-08-08 17:30:38,516 [EndpointStateMachine task thread for /0.0.0.0:46441 - 0 ] INFO  ozoneimpl.OzoneContainer (OzoneContainer.java:start(377)) - Attempting to start container services.
2022-08-08 17:30:38,516 [EndpointStateMachine task thread for /0.0.0.0:46441 - 0 ] INFO  ozoneimpl.OzoneContainer (OzoneContainer.java:startContainerScrub(312)) - Background container scanner has been disabled.
2022-08-08 17:30:38,518 [EndpointStateMachine task thread for /0.0.0.0:46441 - 0 ] INFO  replication.ReplicationServer (ReplicationServer.java:start(111)) - ReplicationServer is started using port 44827
2022-08-08 17:30:38,519 [EndpointStateMachine task thread for /0.0.0.0:46441 - 0 ] INFO  ratis.XceiverServerRatis (XceiverServerRatis.java:start(481)) - Starting XceiverServerRatis d819746f-ac91-42dc-803b-6bdb8cd6e8e0
2022-08-08 17:30:38,521 [EndpointStateMachine task thread for /0.0.0.0:46441 - 0 ] INFO  server.RaftServer (RaftServerProxy.java:lambda$start$6(382)) - d819746f-ac91-42dc-803b-6bdb8cd6e8e0: start RPC server
2022-08-08 17:30:38,523 [EndpointStateMachine task thread for /0.0.0.0:46441 - 0 ] INFO  server.GrpcService (GrpcService.java:startImpl(260)) - d819746f-ac91-42dc-803b-6bdb8cd6e8e0: GrpcService started, listening on 46319
2022-08-08 17:30:38,523 [EndpointStateMachine task thread for /0.0.0.0:46441 - 0 ] INFO  ratis.XceiverServerRatis (XceiverServerRatis.java:getRealPort(502)) - XceiverServerRatis d819746f-ac91-42dc-803b-6bdb8cd6e8e0 is started using port 46319 for RATIS
2022-08-08 17:30:38,523 [EndpointStateMachine task thread for /0.0.0.0:46441 - 0 ] INFO  ratis.XceiverServerRatis (XceiverServerRatis.java:getRealPort(502)) - XceiverServerRatis d819746f-ac91-42dc-803b-6bdb8cd6e8e0 is started using port 46319 for RATIS_ADMIN
2022-08-08 17:30:38,523 [org.apache.ratis.util.JvmPauseMonitor$$Lambda$616/2073768691@5eb3d1d2] INFO  util.JvmPauseMonitor (JvmPauseMonitor.java:run(103)) - JvmPauseMonitor-d819746f-ac91-42dc-803b-6bdb8cd6e8e0: Started
2022-08-08 17:30:38,524 [EndpointStateMachine task thread for /0.0.0.0:46441 - 0 ] INFO  ratis.XceiverServerRatis (XceiverServerRatis.java:getRealPort(502)) - XceiverServerRatis d819746f-ac91-42dc-803b-6bdb8cd6e8e0 is started using port 46319 for RATIS_SERVER
2022-08-08 17:30:38,526 [EndpointStateMachine task thread for /0.0.0.0:46441 - 0 ] INFO  server.XceiverServerGrpc (XceiverServerGrpc.java:start(180)) - XceiverServerGrpc d819746f-ac91-42dc-803b-6bdb8cd6e8e0 is started using port 46483
2022-08-08 17:30:38,860 [IPC Server handler 17 on default port 46441] INFO  net.NetworkTopologyImpl (NetworkTopologyImpl.java:add(112)) - Added a new node: /default-rack/f64dc5e8-62f3-4def-b87e-a162ae32d3b9
2022-08-08 17:30:38,863 [IPC Server handler 17 on default port 46441] INFO  node.SCMNodeManager (SCMNodeManager.java:register(397)) - Registered Data node : f64dc5e8-62f3-4def-b87e-a162ae32d3b9{ip: 10.1.0.4, host: fv-az207-152.1ztp0ef1jgbebjcpob1ohcpowa.jx.internal.cloudapp.net, ports: [REPLICATION=35657, RATIS=38901, RATIS_ADMIN=38901, RATIS_SERVER=38901, STANDALONE=33859], networkLocation: /default-rack, certSerialId: null, persistedOpState: null, persistedOpStateExpiryEpochSec: 0}
2022-08-08 17:30:38,869 [EventQueue-NewNodeForNewNodeHandler] INFO  pipeline.BackgroundPipelineCreator (BackgroundPipelineCreator.java:notifyEventTriggered(276)) - trigger a one-shot run on RatisPipelineUtilsThread.
2022-08-08 17:30:38,870 [EventQueue-NodeRegistrationContainerReportForDataNodeSafeModeRule] INFO  safemode.SCMSafeModeManager (DataNodeSafeModeRule.java:process(71)) - SCM in safe mode. 1 DataNodes registered, 3 required.
2022-08-08 17:30:38,870 [EventQueue-NodeRegistrationContainerReportForContainerSafeModeRule] INFO  safemode.SCMSafeModeManager (SCMSafeModeManager.java:validateSafeModeExitRules(204)) - ContainerSafeModeRule rule is successfully validated
2022-08-08 17:30:38,880 [RatisPipelineUtilsThread - 0] INFO  pipeline.RatisPipelineProvider (RatisPipelineProvider.java:lambda$create$0(195)) - Sending CreatePipelineCommand for pipeline:PipelineID=5800f117-7fe0-48ac-a266-896c7ba0313e to datanode:f64dc5e8-62f3-4def-b87e-a162ae32d3b9
2022-08-08 17:30:38,884 [EventQueue-PipelineReportForOneReplicaPipelineSafeModeRule] INFO  safemode.SCMSafeModeManager (SCMSafeModeManager.java:validateSafeModeExitRules(204)) - AtleastOneDatanodeReportedRule rule is successfully validated
2022-08-08 17:30:38,894 [RatisPipelineUtilsThread - 0] INFO  pipeline.PipelineStateManagerImpl (PipelineStateManagerImpl.java:addPipeline(103)) - Created pipeline Pipeline[ Id: 5800f117-7fe0-48ac-a266-896c7ba0313e, Nodes: f64dc5e8-62f3-4def-b87e-a162ae32d3b9{ip: 10.1.0.4, host: fv-az207-152.1ztp0ef1jgbebjcpob1ohcpowa.jx.internal.cloudapp.net, ports: [REPLICATION=35657, RATIS=38901, RATIS_ADMIN=38901, RATIS_SERVER=38901, STANDALONE=33859], networkLocation: /default-rack, certSerialId: null, persistedOpState: IN_SERVICE, persistedOpStateExpiryEpochSec: 0}, ReplicationConfig: RATIS/ONE, State:ALLOCATED, leaderId:, CreationTimestamp2022-08-08T17:30:38.876Z[Etc/UTC]].
2022-08-08 17:30:39,433 [IPC Server handler 19 on default port 46441] INFO  net.NetworkTopologyImpl (NetworkTopologyImpl.java:add(112)) - Added a new node: /default-rack/02b59665-40e6-4f54-a95c-0606f78ec7ff
2022-08-08 17:30:39,433 [IPC Server handler 19 on default port 46441] INFO  node.SCMNodeManager (SCMNodeManager.java:register(397)) - Registered Data node : 02b59665-40e6-4f54-a95c-0606f78ec7ff{ip: 10.1.0.4, host: fv-az207-152.1ztp0ef1jgbebjcpob1ohcpowa.jx.internal.cloudapp.net, ports: [REPLICATION=39539, RATIS=36877, RATIS_ADMIN=36877, RATIS_SERVER=36877, STANDALONE=40375], networkLocation: /default-rack, certSerialId: null, persistedOpState: null, persistedOpStateExpiryEpochSec: 0}
2022-08-08 17:30:39,434 [EventQueue-NodeRegistrationContainerReportForDataNodeSafeModeRule] INFO  safemode.SCMSafeModeManager (DataNodeSafeModeRule.java:process(71)) - SCM in safe mode. 2 DataNodes registered, 3 required.
2022-08-08 17:30:39,435 [EventQueue-NewNodeForNewNodeHandler] INFO  pipeline.BackgroundPipelineCreator (BackgroundPipelineCreator.java:notifyEventTriggered(276)) - trigger a one-shot run on RatisPipelineUtilsThread.
2022-08-08 17:30:39,437 [RatisPipelineUtilsThread - 0] INFO  pipeline.RatisPipelineProvider (RatisPipelineProvider.java:lambda$create$0(195)) - Sending CreatePipelineCommand for pipeline:PipelineID=208be93f-37bc-41f2-b0ce-b73de5303c81 to datanode:02b59665-40e6-4f54-a95c-0606f78ec7ff
2022-08-08 17:30:39,438 [RatisPipelineUtilsThread - 0] INFO  pipeline.PipelineStateManagerImpl (PipelineStateManagerImpl.java:addPipeline(103)) - Created pipeline Pipeline[ Id: 208be93f-37bc-41f2-b0ce-b73de5303c81, Nodes: 02b59665-40e6-4f54-a95c-0606f78ec7ff{ip: 10.1.0.4, host: fv-az207-152.1ztp0ef1jgbebjcpob1ohcpowa.jx.internal.cloudapp.net, ports: [REPLICATION=39539, RATIS=36877, RATIS_ADMIN=36877, RATIS_SERVER=36877, STANDALONE=40375], networkLocation: /default-rack, certSerialId: null, persistedOpState: IN_SERVICE, persistedOpStateExpiryEpochSec: 0}, ReplicationConfig: RATIS/ONE, State:ALLOCATED, leaderId:, CreationTimestamp2022-08-08T17:30:39.437Z[Etc/UTC]].
2022-08-08 17:30:39,466 [Listener at 127.0.0.1/37325] INFO  ozone.MiniOzoneClusterImpl (MiniOzoneClusterImpl.java:lambda$waitForClusterToBeReady$0(216)) - Waiting for nodes to be ready. Got 2 of 5 DN Heartbeats.
2022-08-08 17:30:39,466 [Listener at 127.0.0.1/37325] INFO  ozone.MiniOzoneClusterImpl (MiniOzoneClusterImpl.java:lambda$waitForClusterToBeReady$0(219)) - Waiting for cluster to exit safe mode
2022-08-08 17:30:39,466 [Listener at 127.0.0.1/37325] INFO  ozone.MiniOzoneClusterImpl (MiniOzoneClusterImpl.java:lambda$waitForClusterToBeReady$0(221)) - SCM became leader
2022-08-08 17:30:39,791 [IPC Server handler 17 on default port 46441] INFO  net.NetworkTopologyImpl (NetworkTopologyImpl.java:add(112)) - Added a new node: /default-rack/f220fda6-a22f-4438-8ee2-dd02585921dd
2022-08-08 17:30:39,792 [IPC Server handler 17 on default port 46441] INFO  node.SCMNodeManager (SCMNodeManager.java:register(397)) - Registered Data node : f220fda6-a22f-4438-8ee2-dd02585921dd{ip: 10.1.0.4, host: fv-az207-152.1ztp0ef1jgbebjcpob1ohcpowa.jx.internal.cloudapp.net, ports: [REPLICATION=38379, RATIS=37777, RATIS_ADMIN=37777, RATIS_SERVER=37777, STANDALONE=38219], networkLocation: /default-rack, certSerialId: null, persistedOpState: null, persistedOpStateExpiryEpochSec: 0}
2022-08-08 17:30:39,792 [EventQueue-NewNodeForNewNodeHandler] INFO  pipeline.BackgroundPipelineCreator (BackgroundPipelineCreator.java:notifyEventTriggered(276)) - trigger a one-shot run on RatisPipelineUtilsThread.
2022-08-08 17:30:39,792 [EventQueue-NodeRegistrationContainerReportForDataNodeSafeModeRule] INFO  safemode.SCMSafeModeManager (DataNodeSafeModeRule.java:process(71)) - SCM in safe mode. 3 DataNodes registered, 3 required.
2022-08-08 17:30:39,792 [EventQueue-NodeRegistrationContainerReportForDataNodeSafeModeRule] INFO  safemode.SCMSafeModeManager (SCMSafeModeManager.java:validateSafeModeExitRules(204)) - DataNodeSafeModeRule rule is successfully validated
2022-08-08 17:30:39,792 [EventQueue-NodeRegistrationContainerReportForDataNodeSafeModeRule] INFO  safemode.SCMSafeModeManager (SCMSafeModeManager.java:completePreCheck(233)) - All SCM safe mode pre check rules have passed
2022-08-08 17:30:39,792 [EventQueue-NodeRegistrationContainerReportForDataNodeSafeModeRule] WARN  events.EventQueue (EventQueue.java:fireEvent(216)) - No event handler registered for event TypedEvent{payloadType=SafeModeStatus, name='Safe mode status'}
2022-08-08 17:30:39,792 [EventQueue-NodeRegistrationContainerReportForDataNodeSafeModeRule] INFO  ha.SCMContext (SCMContext.java:updateSafeModeStatus(228)) - Update SafeModeStatus from SafeModeStatus{safeModeStatus=true, preCheckPassed=false} to SafeModeStatus{safeModeStatus=true, preCheckPassed=true}.
2022-08-08 17:30:39,793 [EventQueue-NodeRegistrationContainerReportForDataNodeSafeModeRule] INFO  pipeline.BackgroundPipelineCreator (BackgroundPipelineCreator.java:notifyEventTriggered(276)) - trigger a one-shot run on RatisPipelineUtilsThread.
2022-08-08 17:30:39,793 [RatisPipelineUtilsThread - 0] INFO  pipeline.RatisPipelineProvider (RatisPipelineProvider.java:lambda$create$0(195)) - Sending CreatePipelineCommand for pipeline:PipelineID=56598b43-e6fa-40a4-9745-e50b999fcd23 to datanode:f220fda6-a22f-4438-8ee2-dd02585921dd
2022-08-08 17:30:39,794 [RatisPipelineUtilsThread - 0] INFO  pipeline.PipelineStateManagerImpl (PipelineStateManagerImpl.java:addPipeline(103)) - Created pipeline Pipeline[ Id: 56598b43-e6fa-40a4-9745-e50b999fcd23, Nodes: f220fda6-a22f-4438-8ee2-dd02585921dd{ip: 10.1.0.4, host: fv-az207-152.1ztp0ef1jgbebjcpob1ohcpowa.jx.internal.cloudapp.net, ports: [REPLICATION=38379, RATIS=37777, RATIS_ADMIN=37777, RATIS_SERVER=37777, STANDALONE=38219], networkLocation: /default-rack, certSerialId: null, persistedOpState: IN_SERVICE, persistedOpStateExpiryEpochSec: 0}, ReplicationConfig: RATIS/ONE, State:ALLOCATED, leaderId:, CreationTimestamp2022-08-08T17:30:39.793Z[Etc/UTC]].
2022-08-08 17:30:39,797 [RatisPipelineUtilsThread - 0] INFO  pipeline.RatisPipelineProvider (RatisPipelineProvider.java:lambda$create$0(195)) - Sending CreatePipelineCommand for pipeline:PipelineID=3cee1696-830b-4191-a8cb-45c8e505b354 to datanode:f220fda6-a22f-4438-8ee2-dd02585921dd
2022-08-08 17:30:39,798 [RatisPipelineUtilsThread - 0] INFO  pipeline.RatisPipelineProvider (RatisPipelineProvider.java:lambda$create$0(195)) - Sending CreatePipelineCommand for pipeline:PipelineID=3cee1696-830b-4191-a8cb-45c8e505b354 to datanode:f64dc5e8-62f3-4def-b87e-a162ae32d3b9
2022-08-08 17:30:39,798 [RatisPipelineUtilsThread - 0] INFO  pipeline.RatisPipelineProvider (RatisPipelineProvider.java:lambda$create$0(195)) - Sending CreatePipelineCommand for pipeline:PipelineID=3cee1696-830b-4191-a8cb-45c8e505b354 to datanode:02b59665-40e6-4f54-a95c-0606f78ec7ff
2022-08-08 17:30:39,799 [RatisPipelineUtilsThread - 0] INFO  pipeline.PipelineStateManagerImpl (PipelineStateManagerImpl.java:addPipeline(103)) - Created pipeline Pipeline[ Id: 3cee1696-830b-4191-a8cb-45c8e505b354, Nodes: f220fda6-a22f-4438-8ee2-dd02585921dd{ip: 10.1.0.4, host: fv-az207-152.1ztp0ef1jgbebjcpob1ohcpowa.jx.internal.cloudapp.net, ports: [REPLICATION=38379, RATIS=37777, RATIS_ADMIN=37777, RATIS_SERVER=37777, STANDALONE=38219], networkLocation: /default-rack, certSerialId: null, persistedOpState: IN_SERVICE, persistedOpStateExpiryEpochSec: 0}f64dc5e8-62f3-4def-b87e-a162ae32d3b9{ip: 10.1.0.4, host: fv-az207-152.1ztp0ef1jgbebjcpob1ohcpowa.jx.internal.cloudapp.net, ports: [REPLICATION=35657, RATIS=38901, RATIS_ADMIN=38901, RATIS_SERVER=38901, STANDALONE=33859], networkLocation: /default-rack, certSerialId: null, persistedOpState: IN_SERVICE, persistedOpStateExpiryEpochSec: 0}02b59665-40e6-4f54-a95c-0606f78ec7ff{ip: 10.1.0.4, host: fv-az207-152.1ztp0ef1jgbebjcpob1ohcpowa.jx.internal.cloudapp.net, ports: [REPLICATION=39539, RATIS=36877, RATIS_ADMIN=36877, RATIS_SERVER=36877, STANDALONE=40375], networkLocation: /default-rack, certSerialId: null, persistedOpState: IN_SERVICE, persistedOpStateExpiryEpochSec: 0}, ReplicationConfig: RATIS/THREE, State:ALLOCATED, leaderId:, CreationTimestamp2022-08-08T17:30:39.797Z[Etc/UTC]].
2022-08-08 17:30:39,801 [RatisPipelineUtilsThread - 0] INFO  pipeline.RatisPipelineProvider (RatisPipelineProvider.java:lambda$create$0(195)) - Sending CreatePipelineCommand for pipeline:PipelineID=86a0b168-ca13-43f9-b32a-32afe4578994 to datanode:f220fda6-a22f-4438-8ee2-dd02585921dd
2022-08-08 17:30:39,801 [RatisPipelineUtilsThread - 0] INFO  pipeline.RatisPipelineProvider (RatisPipelineProvider.java:lambda$create$0(195)) - Sending CreatePipelineCommand for pipeline:PipelineID=86a0b168-ca13-43f9-b32a-32afe4578994 to datanode:f64dc5e8-62f3-4def-b87e-a162ae32d3b9
2022-08-08 17:30:39,801 [RatisPipelineUtilsThread - 0] INFO  pipeline.RatisPipelineProvider (RatisPipelineProvider.java:lambda$create$0(195)) - Sending CreatePipelineCommand for pipeline:PipelineID=86a0b168-ca13-43f9-b32a-32afe4578994 to datanode:02b59665-40e6-4f54-a95c-0606f78ec7ff
2022-08-08 17:30:39,802 [RatisPipelineUtilsThread - 0] INFO  pipeline.PipelineStateManagerImpl (PipelineStateManagerImpl.java:addPipeline(103)) - Created pipeline Pipeline[ Id: 86a0b168-ca13-43f9-b32a-32afe4578994, Nodes: f220fda6-a22f-4438-8ee2-dd02585921dd{ip: 10.1.0.4, host: fv-az207-152.1ztp0ef1jgbebjcpob1ohcpowa.jx.internal.cloudapp.net, ports: [REPLICATION=38379, RATIS=37777, RATIS_ADMIN=37777, RATIS_SERVER=37777, STANDALONE=38219], networkLocation: /default-rack, certSerialId: null, persistedOpState: IN_SERVICE, persistedOpStateExpiryEpochSec: 0}f64dc5e8-62f3-4def-b87e-a162ae32d3b9{ip: 10.1.0.4, host: fv-az207-152.1ztp0ef1jgbebjcpob1ohcpowa.jx.internal.cloudapp.net, ports: [REPLICATION=35657, RATIS=38901, RATIS_ADMIN=38901, RATIS_SERVER=38901, STANDALONE=33859], networkLocation: /default-rack, certSerialId: null, persistedOpState: IN_SERVICE, persistedOpStateExpiryEpochSec: 0}02b59665-40e6-4f54-a95c-0606f78ec7ff{ip: 10.1.0.4, host: fv-az207-152.1ztp0ef1jgbebjcpob1ohcpowa.jx.internal.cloudapp.net, ports: [REPLICATION=39539, RATIS=36877, RATIS_ADMIN=36877, RATIS_SERVER=36877, STANDALONE=40375], networkLocation: /default-rack, certSerialId: null, persistedOpState: IN_SERVICE, persistedOpStateExpiryEpochSec: 0}, ReplicationConfig: RATIS/THREE, State:ALLOCATED, leaderId:, CreationTimestamp2022-08-08T17:30:39.801Z[Etc/UTC]].
2022-08-08 17:30:39,802 [RatisPipelineUtilsThread - 0] INFO  pipeline.PipelineManagerImpl (PipelineManagerImpl.java:recordMetricsForPipeline(796)) - Pipeline: PipelineID=86a0b168-ca13-43f9-b32a-32afe4578994 contains same datanodes as previous pipelines: PipelineID=3cee1696-830b-4191-a8cb-45c8e505b354 nodeIds: f220fda6-a22f-4438-8ee2-dd02585921dd, f64dc5e8-62f3-4def-b87e-a162ae32d3b9, 02b59665-40e6-4f54-a95c-0606f78ec7ff
2022-08-08 17:30:40,144 [IPC Server handler 13 on default port 46441] INFO  net.NetworkTopologyImpl (NetworkTopologyImpl.java:add(112)) - Added a new node: /default-rack/f7aacf51-5793-4fef-8f84-f2340b06749c
2022-08-08 17:30:40,145 [IPC Server handler 13 on default port 46441] INFO  node.SCMNodeManager (SCMNodeManager.java:register(397)) - Registered Data node : f7aacf51-5793-4fef-8f84-f2340b06749c{ip: 10.1.0.4, host: fv-az207-152.1ztp0ef1jgbebjcpob1ohcpowa.jx.internal.cloudapp.net, ports: [REPLICATION=45059, RATIS=41927, RATIS_ADMIN=41927, RATIS_SERVER=41927, STANDALONE=39499], networkLocation: /default-rack, certSerialId: null, persistedOpState: null, persistedOpStateExpiryEpochSec: 0}
2022-08-08 17:30:40,146 [EventQueue-NewNodeForNewNodeHandler] INFO  pipeline.BackgroundPipelineCreator (BackgroundPipelineCreator.java:notifyEventTriggered(276)) - trigger a one-shot run on RatisPipelineUtilsThread.
2022-08-08 17:30:40,147 [RatisPipelineUtilsThread - 0] INFO  pipeline.RatisPipelineProvider (RatisPipelineProvider.java:lambda$create$0(195)) - Sending CreatePipelineCommand for pipeline:PipelineID=8695c4e4-165d-4a47-bca0-581e282f9161 to datanode:f7aacf51-5793-4fef-8f84-f2340b06749c
2022-08-08 17:30:40,147 [RatisPipelineUtilsThread - 0] INFO  pipeline.PipelineStateManagerImpl (PipelineStateManagerImpl.java:addPipeline(103)) - Created pipeline Pipeline[ Id: 8695c4e4-165d-4a47-bca0-581e282f9161, Nodes: f7aacf51-5793-4fef-8f84-f2340b06749c{ip: 10.1.0.4, host: fv-az207-152.1ztp0ef1jgbebjcpob1ohcpowa.jx.internal.cloudapp.net, ports: [REPLICATION=45059, RATIS=41927, RATIS_ADMIN=41927, RATIS_SERVER=41927, STANDALONE=39499], networkLocation: /default-rack, certSerialId: null, persistedOpState: IN_SERVICE, persistedOpStateExpiryEpochSec: 0}, ReplicationConfig: RATIS/ONE, State:ALLOCATED, leaderId:, CreationTimestamp2022-08-08T17:30:40.147Z[Etc/UTC]].
2022-08-08 17:30:40,466 [Listener at 127.0.0.1/37325] INFO  ozone.MiniOzoneClusterImpl (MiniOzoneClusterImpl.java:lambda$waitForClusterToBeReady$0(216)) - Waiting for nodes to be ready. Got 4 of 5 DN Heartbeats.
2022-08-08 17:30:40,467 [Listener at 127.0.0.1/37325] INFO  ozone.MiniOzoneClusterImpl (MiniOzoneClusterImpl.java:lambda$waitForClusterToBeReady$0(219)) - Waiting for cluster to exit safe mode
2022-08-08 17:30:40,467 [Listener at 127.0.0.1/37325] INFO  ozone.MiniOzoneClusterImpl (MiniOzoneClusterImpl.java:lambda$waitForClusterToBeReady$0(221)) - SCM became leader
2022-08-08 17:30:40,477 [IPC Server handler 18 on default port 46441] INFO  net.NetworkTopologyImpl (NetworkTopologyImpl.java:add(112)) - Added a new node: /default-rack/d819746f-ac91-42dc-803b-6bdb8cd6e8e0
2022-08-08 17:30:40,478 [IPC Server handler 18 on default port 46441] INFO  node.SCMNodeManager (SCMNodeManager.java:register(397)) - Registered Data node : d819746f-ac91-42dc-803b-6bdb8cd6e8e0{ip: 10.1.0.4, host: fv-az207-152.1ztp0ef1jgbebjcpob1ohcpowa.jx.internal.cloudapp.net, ports: [REPLICATION=44827, RATIS=46319, RATIS_ADMIN=46319, RATIS_SERVER=46319, STANDALONE=46483], networkLocation: /default-rack, certSerialId: null, persistedOpState: null, persistedOpStateExpiryEpochSec: 0}
2022-08-08 17:30:40,478 [EventQueue-NewNodeForNewNodeHandler] INFO  pipeline.BackgroundPipelineCreator (BackgroundPipelineCreator.java:notifyEventTriggered(276)) - trigger a one-shot run on RatisPipelineUtilsThread.
2022-08-08 17:30:40,479 [RatisPipelineUtilsThread - 0] INFO  pipeline.RatisPipelineProvider (RatisPipelineProvider.java:lambda$create$0(195)) - Sending CreatePipelineCommand for pipeline:PipelineID=5f83fb3f-eaee-4368-8305-4100bc640c01 to datanode:d819746f-ac91-42dc-803b-6bdb8cd6e8e0
2022-08-08 17:30:40,480 [RatisPipelineUtilsThread - 0] INFO  pipeline.PipelineStateManagerImpl (PipelineStateManagerImpl.java:addPipeline(103)) - Created pipeline Pipeline[ Id: 5f83fb3f-eaee-4368-8305-4100bc640c01, Nodes: d819746f-ac91-42dc-803b-6bdb8cd6e8e0{ip: 10.1.0.4, host: fv-az207-152.1ztp0ef1jgbebjcpob1ohcpowa.jx.internal.cloudapp.net, ports: [REPLICATION=44827, RATIS=46319, RATIS_ADMIN=46319, RATIS_SERVER=46319, STANDALONE=46483], networkLocation: /default-rack, certSerialId: null, persistedOpState: IN_SERVICE, persistedOpStateExpiryEpochSec: 0}, ReplicationConfig: RATIS/ONE, State:ALLOCATED, leaderId:, CreationTimestamp2022-08-08T17:30:40.479Z[Etc/UTC]].
2022-08-08 17:30:41,467 [Listener at 127.0.0.1/37325] INFO  ozone.MiniOzoneClusterImpl (MiniOzoneClusterImpl.java:lambda$waitForClusterToBeReady$0(216)) - Nodes are ready. Got 5 of 5 DN Heartbeats.
2022-08-08 17:30:41,468 [Listener at 127.0.0.1/37325] INFO  ozone.MiniOzoneClusterImpl (MiniOzoneClusterImpl.java:lambda$waitForClusterToBeReady$0(219)) - Waiting for cluster to exit safe mode
2022-08-08 17:30:41,468 [Listener at 127.0.0.1/37325] INFO  ozone.MiniOzoneClusterImpl (MiniOzoneClusterImpl.java:lambda$waitForClusterToBeReady$0(221)) - SCM became leader
2022-08-08 17:30:41,858 [Command processor thread] INFO  server.RaftServer (RaftServerProxy.java:addNew(96)) - f64dc5e8-62f3-4def-b87e-a162ae32d3b9: addNew group-896C7BA0313E:[f64dc5e8-62f3-4def-b87e-a162ae32d3b9|rpc:10.1.0.4:38901|priority:1] returns group-896C7BA0313E:java.util.concurrent.CompletableFuture@4df5c3ec[Not completed]
2022-08-08 17:30:41,870 [pool-73-thread-1] INFO  server.RaftServer$Division (RaftServerImpl.java:<init>(190)) - f64dc5e8-62f3-4def-b87e-a162ae32d3b9: new RaftServerImpl for group-896C7BA0313E:[f64dc5e8-62f3-4def-b87e-a162ae32d3b9|rpc:10.1.0.4:38901|priority:1] with ContainerStateMachine:uninitialized
2022-08-08 17:30:41,870 [pool-73-thread-1] INFO  server.RaftServerConfigKeys (ConfUtils.java:logGet(46)) - raft.server.rpc.timeout.min = 5s (custom)
2022-08-08 17:30:41,870 [pool-73-thread-1] INFO  server.RaftServerConfigKeys (ConfUtils.java:logGet(46)) - raft.server.rpc.timeout.max = 5200ms (custom)
2022-08-08 17:30:41,870 [pool-73-thread-1] INFO  server.RaftServerConfigKeys (ConfUtils.java:logGet(46)) - raft.server.rpc.sleep.time = 25ms (default)
2022-08-08 17:30:41,870 [pool-73-thread-1] INFO  server.RaftServerConfigKeys (ConfUtils.java:logGet(46)) - raft.server.rpc.slowness.timeout = 300s (custom)
2022-08-08 17:30:41,870 [pool-73-thread-1] INFO  server.RaftServerConfigKeys (ConfUtils.java:logGet(46)) - raft.server.leaderelection.leader.step-down.wait-time = 10s (default)
2022-08-08 17:30:41,870 [pool-73-thread-1] INFO  server.RaftServerConfigKeys (ConfUtils.java:logGet(46)) - raft.server.sleep.deviation.threshold = 300ms (default)
2022-08-08 17:30:41,870 [pool-73-thread-1] INFO  server.RaftServer$Division (ServerState.java:<init>(107)) - f64dc5e8-62f3-4def-b87e-a162ae32d3b9@group-896C7BA0313E: ConfigurationManager, init=-1: [f64dc5e8-62f3-4def-b87e-a162ae32d3b9|rpc:10.1.0.4:38901|priority:1], old=null, confs=<EMPTY_MAP>
2022-08-08 17:30:41,871 [pool-73-thread-1] INFO  server.RaftServerConfigKeys (ConfUtils.java:logGet(46)) - raft.server.storage.dir = [/home/runner/work/ozone/ozone/hadoop-ozone/integration-test/target/test-dir/MiniOzoneClusterImpl-51406671-1893-4796-a216-b7dfafadb542/datanode-0/data/ratis] (custom)
2022-08-08 17:30:41,871 [pool-73-thread-1] INFO  server.RaftServerConfigKeys (ConfUtils.java:logGet(46)) - raft.server.log.corruption.policy = EXCEPTION (default)
2022-08-08 17:30:41,871 [pool-73-thread-1] INFO  server.RaftServerConfigKeys (ConfUtils.java:logGet(46)) - raft.server.storage.free-space.min = 0MB (=0) (default)
2022-08-08 17:30:41,871 [pool-73-thread-1] INFO  storage.RaftStorageDirectory (RaftStorageDirectoryImpl.java:analyzeStorage(135)) - The storage directory /home/runner/work/ozone/ozone/hadoop-ozone/integration-test/target/test-dir/MiniOzoneClusterImpl-51406671-1893-4796-a216-b7dfafadb542/datanode-0/data/ratis/5800f117-7fe0-48ac-a266-896c7ba0313e does not exist. Creating ...
2022-08-08 17:30:41,873 [pool-73-thread-1] INFO  storage.RaftStorageDirectory (RaftStorageDirectoryImpl.java:tryLock(230)) - Lock on /home/runner/work/ozone/ozone/hadoop-ozone/integration-test/target/test-dir/MiniOzoneClusterImpl-51406671-1893-4796-a216-b7dfafadb542/datanode-0/data/ratis/5800f117-7fe0-48ac-a266-896c7ba0313e/in_use.lock acquired by nodename 1880@fv-az207-152
2022-08-08 17:30:41,874 [pool-73-thread-1] INFO  storage.RaftStorage (RaftStorageImpl.java:format(89)) - Storage directory /home/runner/work/ozone/ozone/hadoop-ozone/integration-test/target/test-dir/MiniOzoneClusterImpl-51406671-1893-4796-a216-b7dfafadb542/datanode-0/data/ratis/5800f117-7fe0-48ac-a266-896c7ba0313e has been successfully formatted.
2022-08-08 17:30:41,886 [pool-73-thread-1] INFO  ratis.ContainerStateMachine (ContainerStateMachine.java:loadSnapshot(236)) - group-896C7BA0313E: The snapshot info is null. Setting the last applied indexto:(t:0, i:~)
2022-08-08 17:30:41,887 [pool-73-thread-1] INFO  server.RaftServerConfigKeys (ConfUtils.java:logGet(46)) - raft.server.notification.no-leader.timeout = 300s (custom)
2022-08-08 17:30:41,887 [pool-73-thread-1] INFO  server.RaftServerConfigKeys (ConfUtils.java:logGet(46)) - raft.server.log.use.memory = false (default)
2022-08-08 17:30:41,887 [pool-73-thread-1] INFO  server.RaftServerConfigKeys (ConfUtils.java:logGet(46)) - raft.server.log.purge.gap = 1000000 (custom)
2022-08-08 17:30:41,887 [pool-73-thread-1] INFO  server.RaftServerConfigKeys (ConfUtils.java:logGet(46)) - raft.server.log.appender.buffer.byte-limit = 33554432 (custom)
2022-08-08 17:30:41,887 [pool-73-thread-1] INFO  server.RaftServerConfigKeys (ConfUtils.java:logGet(46)) - raft.server.log.statemachine.data.read.timeout = 1000ms (default)
2022-08-08 17:30:41,887 [pool-73-thread-1] INFO  server.RaftServerConfigKeys (ConfUtils.java:logGet(46)) - raft.server.log.segment.size.max = 1048576 (custom)
2022-08-08 17:30:41,890 [pool-73-thread-1] INFO  server.RaftServerConfigKeys (ConfUtils.java:logGet(46)) - raft.server.log.segment.cache.num.max = 2 (custom)
2022-08-08 17:30:41,890 [pool-73-thread-1] INFO  server.RaftServerConfigKeys (ConfUtils.java:logGet(46)) - raft.server.log.segment.cache.size.max = 200MB (=209715200) (default)
2022-08-08 17:30:41,890 [pool-73-thread-1] INFO  segmented.SegmentedRaftLogWorker (SegmentedRaftLogWorker.java:<init>(187)) - new f64dc5e8-62f3-4def-b87e-a162ae32d3b9@group-896C7BA0313E-SegmentedRaftLogWorker for RaftStorageImpl:Storage Directory /home/runner/work/ozone/ozone/hadoop-ozone/integration-test/target/test-dir/MiniOzoneClusterImpl-51406671-1893-4796-a216-b7dfafadb542/datanode-0/data/ratis/5800f117-7fe0-48ac-a266-896c7ba0313e
2022-08-08 17:30:41,890 [pool-73-thread-1] INFO  server.RaftServerConfigKeys (ConfUtils.java:logGet(46)) - raft.server.log.queue.byte-limit = 4294967296 (custom)
2022-08-08 17:30:41,890 [pool-73-thread-1] INFO  server.RaftServerConfigKeys (ConfUtils.java:logGet(46)) - raft.server.log.queue.element-limit = 1024 (custom)
2022-08-08 17:30:41,890 [pool-73-thread-1] INFO  server.RaftServerConfigKeys (ConfUtils.java:logGet(46)) - raft.server.log.segment.size.max = 1048576 (custom)
2022-08-08 17:30:41,890 [pool-73-thread-1] INFO  server.RaftServerConfigKeys (ConfUtils.java:logGet(46)) - raft.server.log.preallocated.size = 16384 (custom)
2022-08-08 17:30:41,890 [pool-73-thread-1] INFO  server.RaftServerConfigKeys (ConfUtils.java:logGet(46)) - raft.server.log.force.sync.num = 128 (default)
2022-08-08 17:30:41,893 [pool-73-thread-1] INFO  server.RaftServerConfigKeys (ConfUtils.java:logGet(46)) - raft.server.log.statemachine.data.sync = true (default)
2022-08-08 17:30:41,893 [pool-73-thread-1] INFO  server.RaftServerConfigKeys (ConfUtils.java:logGet(46)) - raft.server.log.statemachine.data.sync.timeout = 10s (default)
2022-08-08 17:30:41,893 [pool-73-thread-1] INFO  server.RaftServerConfigKeys (ConfUtils.java:logGet(46)) - raft.server.log.statemachine.data.sync.timeout.retry = -1 (default)
2022-08-08 17:30:41,895 [pool-73-thread-1] INFO  server.RaftServerConfigKeys (ConfUtils.java:logGet(46)) - raft.server.log.write.buffer.size = 1048576 (custom)
2022-08-08 17:30:41,895 [pool-73-thread-1] INFO  server.RaftServerConfigKeys (ConfUtils.java:logGet(46)) - raft.server.log.unsafe-flush.enabled = false (default)
2022-08-08 17:30:41,895 [pool-73-thread-1] INFO  server.RaftServerConfigKeys (ConfUtils.java:logGet(46)) - raft.server.log.statemachine.data.caching.enabled = true (custom)
2022-08-08 17:30:41,896 [pool-73-thread-1] INFO  segmented.SegmentedRaftLogWorker (SegmentedRaftLogWorker.java:lambda$new$0(135)) - f64dc5e8-62f3-4def-b87e-a162ae32d3b9@group-896C7BA0313E-SegmentedRaftLogWorker: flushIndex: setUnconditionally 0 -> -1
2022-08-08 17:30:41,896 [pool-73-thread-1] INFO  segmented.SegmentedRaftLogWorker (SegmentedRaftLogWorker.java:lambda$new$0(135)) - f64dc5e8-62f3-4def-b87e-a162ae32d3b9@group-896C7BA0313E-SegmentedRaftLogWorker: safeCacheEvictIndex: setUnconditionally 0 -> -1
2022-08-08 17:30:41,914 [pool-73-thread-1] INFO  server.RaftServerConfigKeys (ConfUtils.java:logGet(46)) - raft.server.snapshot.auto.trigger.enabled = true (custom)
2022-08-08 17:30:41,914 [pool-73-thread-1] INFO  server.RaftServerConfigKeys (ConfUtils.java:logGet(46)) - raft.server.snapshot.auto.trigger.threshold = 10000 (custom)
2022-08-08 17:30:41,914 [pool-73-thread-1] INFO  server.RaftServerConfigKeys (ConfUtils.java:logGet(46)) - raft.server.snapshot.retention.file.num = 5 (custom)
2022-08-08 17:30:41,914 [pool-73-thread-1] INFO  server.RaftServerConfigKeys (ConfUtils.java:logGet(46)) - raft.server.log.purge.upto.snapshot.index = false (default)
2022-08-08 17:30:41,914 [pool-73-thread-1] INFO  server.RaftServerConfigKeys (ConfUtils.java:logGet(46)) - raft.server.retrycache.expirytime = 600000ms (custom)
2022-08-08 17:30:41,914 [pool-73-thread-1] INFO  server.RaftServerConfigKeys (ConfUtils.java:logGet(46)) - raft.server.retrycache.statistics.expirytime = 100μs (default)
2022-08-08 17:30:41,917 [pool-73-thread-1] INFO  server.RaftServerConfigKeys (ConfUtils.java:logGet(46)) - raft.server.log.appender.install.snapshot.enabled = false (custom)
2022-08-08 17:30:41,917 [pool-73-thread-1] INFO  server.RaftServerConfigKeys (ConfUtils.java:logGet(46)) - raft.server.threadpool.server.cached = true (default)
2022-08-08 17:30:41,917 [pool-73-thread-1] INFO  server.RaftServerConfigKeys (ConfUtils.java:logGet(46)) - raft.server.threadpool.server.size = 0 (default)
2022-08-08 17:30:41,917 [pool-73-thread-1] INFO  server.RaftServerConfigKeys (ConfUtils.java:logGet(46)) - raft.server.threadpool.client.cached = true (default)
2022-08-08 17:30:41,917 [pool-73-thread-1] INFO  server.RaftServerConfigKeys (ConfUtils.java:logGet(46)) - raft.server.threadpool.client.size = 0 (default)
2022-08-08 17:30:41,917 [pool-73-thread-1] INFO  server.RaftServer$Division (RaftServerImpl.java:start(310)) - f64dc5e8-62f3-4def-b87e-a162ae32d3b9@group-896C7BA0313E: start as a follower, conf=-1: [f64dc5e8-62f3-4def-b87e-a162ae32d3b9|rpc:10.1.0.4:38901|priority:1], old=null
2022-08-08 17:30:41,917 [pool-73-thread-1] INFO  server.RaftServer$Division (RaftServerImpl.java:setRole(299)) - f64dc5e8-62f3-4def-b87e-a162ae32d3b9@group-896C7BA0313E: changes role from      null to FOLLOWER at term 0 for startAsFollower
2022-08-08 17:30:41,917 [pool-73-thread-1] INFO  impl.RoleInfo (RoleInfo.java:updateAndGet(139)) - f64dc5e8-62f3-4def-b87e-a162ae32d3b9: start f64dc5e8-62f3-4def-b87e-a162ae32d3b9@group-896C7BA0313E-FollowerState
2022-08-08 17:30:41,920 [EventQueue-PipelineReportForPipelineReportHandler] INFO  pipeline.PipelineManagerImpl (PipelineManagerImpl.java:openPipeline(367)) - Pipeline Pipeline[ Id: 5800f117-7fe0-48ac-a266-896c7ba0313e, Nodes: f64dc5e8-62f3-4def-b87e-a162ae32d3b9{ip: 10.1.0.4, host: fv-az207-152.1ztp0ef1jgbebjcpob1ohcpowa.jx.internal.cloudapp.net, ports: [REPLICATION=35657, RATIS=38901, RATIS_ADMIN=38901, RATIS_SERVER=38901, STANDALONE=33859], networkLocation: /default-rack, certSerialId: null, persistedOpState: IN_SERVICE, persistedOpStateExpiryEpochSec: 0}, ReplicationConfig: RATIS/ONE, State:ALLOCATED, leaderId:f64dc5e8-62f3-4def-b87e-a162ae32d3b9, CreationTimestamp2022-08-08T17:30:38.876Z[Etc/UTC]] moved to OPEN state
2022-08-08 17:30:41,918 [pool-73-thread-1] INFO  util.JmxRegister (JmxRegister.java:tryRegister(44)) - Successfully registered JMX Bean with object name Ratis:service=RaftServer,group=group-896C7BA0313E,id=f64dc5e8-62f3-4def-b87e-a162ae32d3b9
2022-08-08 17:30:41,942 [Command processor thread] INFO  ratis.XceiverServerRatis (XceiverServerRatis.java:addGroup(765)) - Created group PipelineID=5800f117-7fe0-48ac-a266-896c7ba0313e
2022-08-08 17:30:41,951 [Command processor thread] INFO  commandhandler.CreatePipelineCommandHandler (CreatePipelineCommandHandler.java:handle(113)) - Created Pipeline RATIS ONE PipelineID=5800f117-7fe0-48ac-a266-896c7ba0313e.
2022-08-08 17:30:41,951 [Command processor thread] INFO  server.RaftServer (RaftServerProxy.java:addNew(96)) - f64dc5e8-62f3-4def-b87e-a162ae32d3b9: addNew group-45C8E505B354:[02b59665-40e6-4f54-a95c-0606f78ec7ff|rpc:10.1.0.4:36877|priority:0, f64dc5e8-62f3-4def-b87e-a162ae32d3b9|rpc:10.1.0.4:38901|priority:0, f220fda6-a22f-4438-8ee2-dd02585921dd|rpc:10.1.0.4:37777|priority:1] returns group-45C8E505B354:java.util.concurrent.CompletableFuture@1a047de1[Not completed]
2022-08-08 17:30:41,950 [EventQueue-OpenPipelineForHealthyPipelineSafeModeRule] INFO  safemode.SCMSafeModeManager (HealthyPipelineSafeModeRule.java:process(137)) - SCM in safe mode. Healthy pipelines reported count is 0, required healthy pipeline reported count is 1
2022-08-08 17:30:41,953 [pool-73-thread-1] INFO  server.RaftServer$Division (RaftServerImpl.java:<init>(190)) - f64dc5e8-62f3-4def-b87e-a162ae32d3b9: new RaftServerImpl for group-45C8E505B354:[02b59665-40e6-4f54-a95c-0606f78ec7ff|rpc:10.1.0.4:36877|priority:0, f64dc5e8-62f3-4def-b87e-a162ae32d3b9|rpc:10.1.0.4:38901|priority:0, f220fda6-a22f-4438-8ee2-dd02585921dd|rpc:10.1.0.4:37777|priority:1] with ContainerStateMachine:uninitialized
2022-08-08 17:30:41,953 [pool-73-thread-1] INFO  server.RaftServerConfigKeys (ConfUtils.java:logGet(46)) - raft.server.rpc.timeout.min = 5s (custom)
2022-08-08 17:30:41,953 [pool-73-thread-1] INFO  server.RaftServerConfigKeys (ConfUtils.java:logGet(46)) - raft.server.rpc.timeout.max = 5200ms (custom)
2022-08-08 17:30:41,953 [pool-73-thread-1] INFO  server.RaftServerConfigKeys (ConfUtils.java:logGet(46)) - raft.server.rpc.sleep.time = 25ms (default)
2022-08-08 17:30:41,953 [pool-73-thread-1] INFO  server.RaftServerConfigKeys (ConfUtils.java:logGet(46)) - raft.server.rpc.slowness.timeout = 300s (custom)
2022-08-08 17:30:41,953 [pool-73-thread-1] INFO  server.RaftServerConfigKeys (ConfUtils.java:logGet(46)) - raft.server.leaderelection.leader.step-down.wait-time = 10s (default)
2022-08-08 17:30:41,953 [pool-73-thread-1] INFO  server.RaftServerConfigKeys (ConfUtils.java:logGet(46)) - raft.server.sleep.deviation.threshold = 300ms (default)
2022-08-08 17:30:41,953 [pool-73-thread-1] INFO  server.RaftServer$Division (ServerState.java:<init>(107)) - f64dc5e8-62f3-4def-b87e-a162ae32d3b9@group-45C8E505B354: ConfigurationManager, init=-1: [02b59665-40e6-4f54-a95c-0606f78ec7ff|rpc:10.1.0.4:36877|priority:0, f64dc5e8-62f3-4def-b87e-a162ae32d3b9|rpc:10.1.0.4:38901|priority:0, f220fda6-a22f-4438-8ee2-dd02585921dd|rpc:10.1.0.4:37777|priority:1], old=null, confs=<EMPTY_MAP>
2022-08-08 17:30:41,953 [pool-73-thread-1] INFO  server.RaftServerConfigKeys (ConfUtils.java:logGet(46)) - raft.server.storage.dir = [/home/runner/work/ozone/ozone/hadoop-ozone/integration-test/target/test-dir/MiniOzoneClusterImpl-51406671-1893-4796-a216-b7dfafadb542/datanode-0/data/ratis] (custom)
2022-08-08 17:30:41,954 [pool-73-thread-1] INFO  server.RaftServerConfigKeys (ConfUtils.java:logGet(46)) - raft.server.log.corruption.policy = EXCEPTION (default)
2022-08-08 17:30:41,954 [pool-73-thread-1] INFO  server.RaftServerConfigKeys (ConfUtils.java:logGet(46)) - raft.server.storage.free-space.min = 0MB (=0) (default)
2022-08-08 17:30:41,954 [pool-73-thread-1] INFO  storage.RaftStorageDirectory (RaftStorageDirectoryImpl.java:analyzeStorage(135)) - The storage directory /home/runner/work/ozone/ozone/hadoop-ozone/integration-test/target/test-dir/MiniOzoneClusterImpl-51406671-1893-4796-a216-b7dfafadb542/datanode-0/data/ratis/3cee1696-830b-4191-a8cb-45c8e505b354 does not exist. Creating ...
2022-08-08 17:30:41,955 [pool-73-thread-1] INFO  storage.RaftStorageDirectory (RaftStorageDirectoryImpl.java:tryLock(230)) - Lock on /home/runner/work/ozone/ozone/hadoop-ozone/integration-test/target/test-dir/MiniOzoneClusterImpl-51406671-1893-4796-a216-b7dfafadb542/datanode-0/data/ratis/3cee1696-830b-4191-a8cb-45c8e505b354/in_use.lock acquired by nodename 1880@fv-az207-152
2022-08-08 17:30:41,956 [pool-73-thread-1] INFO  storage.RaftStorage (RaftStorageImpl.java:format(89)) - Storage directory /home/runner/work/ozone/ozone/hadoop-ozone/integration-test/target/test-dir/MiniOzoneClusterImpl-51406671-1893-4796-a216-b7dfafadb542/datanode-0/data/ratis/3cee1696-830b-4191-a8cb-45c8e505b354 has been successfully formatted.
2022-08-08 17:30:41,957 [pool-73-thread-1] INFO  ratis.ContainerStateMachine (ContainerStateMachine.java:loadSnapshot(236)) - group-45C8E505B354: The snapshot info is null. Setting the last applied indexto:(t:0, i:~)
2022-08-08 17:30:41,957 [pool-73-thread-1] INFO  server.RaftServerConfigKeys (ConfUtils.java:logGet(46)) - raft.server.notification.no-leader.timeout = 300s (custom)
2022-08-08 17:30:41,957 [pool-73-thread-1] INFO  server.RaftServerConfigKeys (ConfUtils.java:logGet(46)) - raft.server.log.use.memory = false (default)
2022-08-08 17:30:41,957 [pool-73-thread-1] INFO  server.RaftServerConfigKeys (ConfUtils.java:logGet(46)) - raft.server.log.purge.gap = 1000000 (custom)
2022-08-08 17:30:41,957 [pool-73-thread-1] INFO  server.RaftServerConfigKeys (ConfUtils.java:logGet(46)) - raft.server.log.appender.buffer.byte-limit = 33554432 (custom)
2022-08-08 17:30:41,957 [pool-73-thread-1] INFO  server.RaftServerConfigKeys (ConfUtils.java:logGet(46)) - raft.server.log.statemachine.data.read.timeout = 1000ms (default)
2022-08-08 17:30:41,958 [pool-73-thread-1] INFO  server.RaftServerConfigKeys (ConfUtils.java:logGet(46)) - raft.server.log.segment.size.max = 1048576 (custom)
2022-08-08 17:30:41,958 [pool-73-thread-1] INFO  server.RaftServerConfigKeys (ConfUtils.java:logGet(46)) - raft.server.log.segment.cache.num.max = 2 (custom)
2022-08-08 17:30:41,958 [pool-73-thread-1] INFO  server.RaftServerConfigKeys (ConfUtils.java:logGet(46)) - raft.server.log.segment.cache.size.max = 200MB (=209715200) (default)
2022-08-08 17:30:41,959 [pool-73-thread-1] INFO  segmented.SegmentedRaftLogWorker (SegmentedRaftLogWorker.java:<init>(187)) - new f64dc5e8-62f3-4def-b87e-a162ae32d3b9@group-45C8E505B354-SegmentedRaftLogWorker for RaftStorageImpl:Storage Directory /home/runner/work/ozone/ozone/hadoop-ozone/integration-test/target/test-dir/MiniOzoneClusterImpl-51406671-1893-4796-a216-b7dfafadb542/datanode-0/data/ratis/3cee1696-830b-4191-a8cb-45c8e505b354
2022-08-08 17:30:41,959 [pool-73-thread-1] INFO  server.RaftServerConfigKeys (ConfUtils.java:logGet(46)) - raft.server.log.queue.byte-limit = 4294967296 (custom)
2022-08-08 17:30:41,959 [pool-73-thread-1] INFO  server.RaftServerConfigKeys (ConfUtils.java:logGet(46)) - raft.server.log.queue.element-limit = 1024 (custom)
2022-08-08 17:30:41,959 [pool-73-thread-1] INFO  server.RaftServerConfigKeys (ConfUtils.java:logGet(46)) - raft.server.log.segment.size.max = 1048576 (custom)
2022-08-08 17:30:41,959 [pool-73-thread-1] INFO  server.RaftServerConfigKeys (ConfUtils.java:logGet(46)) - raft.server.log.preallocated.size = 16384 (custom)
2022-08-08 17:30:41,959 [pool-73-thread-1] INFO  server.RaftServerConfigKeys (ConfUtils.java:logGet(46)) - raft.server.log.force.sync.num = 128 (default)
2022-08-08 17:30:41,959 [pool-73-thread-1] INFO  server.RaftServerConfigKeys (ConfUtils.java:logGet(46)) - raft.server.log.statemachine.data.sync = true (default)
2022-08-08 17:30:41,959 [pool-73-thread-1] INFO  server.RaftServerConfigKeys (ConfUtils.java:logGet(46)) - raft.server.log.statemachine.data.sync.timeout = 10s (default)
2022-08-08 17:30:41,959 [pool-73-thread-1] INFO  server.RaftServerConfigKeys (ConfUtils.java:logGet(46)) - raft.server.log.statemachine.data.sync.timeout.retry = -1 (default)
2022-08-08 17:30:41,961 [EventQueue-OpenPipelineForHealthyPipelineSafeModeRule] INFO  safemode.SCMSafeModeManager (HealthyPipelineSafeModeRule.java:process(137)) - SCM in safe mode. Healthy pipelines reported count is 0, required healthy pipeline reported count is 1
2022-08-08 17:30:41,962 [pool-73-thread-1] INFO  server.RaftServerConfigKeys (ConfUtils.java:logGet(46)) - raft.server.log.write.buffer.size = 1048576 (custom)
2022-08-08 17:30:41,962 [pool-73-thread-1] INFO  server.RaftServerConfigKeys (ConfUtils.java:logGet(46)) - raft.server.log.unsafe-flush.enabled = false (default)
2022-08-08 17:30:41,962 [pool-73-thread-1] INFO  server.RaftServerConfigKeys (ConfUtils.java:logGet(46)) - raft.server.log.statemachine.data.caching.enabled = true (custom)
2022-08-08 17:30:41,963 [pool-73-thread-1] INFO  segmented.SegmentedRaftLogWorker (SegmentedRaftLogWorker.java:lambda$new$0(135)) - f64dc5e8-62f3-4def-b87e-a162ae32d3b9@group-45C8E505B354-SegmentedRaftLogWorker: flushIndex: setUnconditionally 0 -> -1
2022-08-08 17:30:41,963 [pool-73-thread-1] INFO  segmented.SegmentedRaftLogWorker (SegmentedRaftLogWorker.java:lambda$new$0(135)) - f64dc5e8-62f3-4def-b87e-a162ae32d3b9@group-45C8E505B354-SegmentedRaftLogWorker: safeCacheEvictIndex: setUnconditionally 0 -> -1
2022-08-08 17:30:41,963 [pool-73-thread-1] INFO  server.RaftServerConfigKeys (ConfUtils.java:logGet(46)) - raft.server.snapshot.auto.trigger.enabled = true (custom)
2022-08-08 17:30:41,963 [pool-73-thread-1] INFO  server.RaftServerConfigKeys (ConfUtils.java:logGet(46)) - raft.server.snapshot.auto.trigger.threshold = 10000 (custom)
2022-08-08 17:30:41,963 [pool-73-thread-1] INFO  server.RaftServerConfigKeys (ConfUtils.java:logGet(46)) - raft.server.snapshot.retention.file.num = 5 (custom)
2022-08-08 17:30:41,963 [pool-73-thread-1] INFO  server.RaftServerConfigKeys (ConfUtils.java:logGet(46)) - raft.server.log.purge.upto.snapshot.index = false (default)
2022-08-08 17:30:41,963 [pool-73-thread-1] INFO  server.RaftServerConfigKeys (ConfUtils.java:logGet(46)) - raft.server.retrycache.expirytime = 600000ms (custom)
2022-08-08 17:30:41,963 [pool-73-thread-1] INFO  server.RaftServerConfigKeys (ConfUtils.java:logGet(46)) - raft.server.retrycache.statistics.expirytime = 100μs (default)
2022-08-08 17:30:41,965 [pool-73-thread-1] INFO  server.RaftServerConfigKeys (ConfUtils.java:logGet(46)) - raft.server.log.appender.install.snapshot.enabled = false (custom)
2022-08-08 17:30:41,965 [pool-73-thread-1] INFO  server.RaftServerConfigKeys (ConfUtils.java:logGet(46)) - raft.server.threadpool.server.cached = true (default)
2022-08-08 17:30:41,965 [pool-73-thread-1] INFO  server.RaftServerConfigKeys (ConfUtils.java:logGet(46)) - raft.server.threadpool.server.size = 0 (default)
2022-08-08 17:30:41,965 [pool-73-thread-1] INFO  server.RaftServerConfigKeys (ConfUtils.java:logGet(46)) - raft.server.threadpool.client.cached = true (default)
2022-08-08 17:30:41,965 [pool-73-thread-1] INFO  server.RaftServerConfigKeys (ConfUtils.java:logGet(46)) - raft.server.threadpool.client.size = 0 (default)
2022-08-08 17:30:41,965 [pool-73-thread-1] INFO  server.RaftServer$Division (RaftServerImpl.java:start(310)) - f64dc5e8-62f3-4def-b87e-a162ae32d3b9@group-45C8E505B354: start as a follower, conf=-1: [02b59665-40e6-4f54-a95c-0606f78ec7ff|rpc:10.1.0.4:36877|priority:0, f64dc5e8-62f3-4def-b87e-a162ae32d3b9|rpc:10.1.0.4:38901|priority:0, f220fda6-a22f-4438-8ee2-dd02585921dd|rpc:10.1.0.4:37777|priority:1], old=null
2022-08-08 17:30:41,965 [pool-73-thread-1] INFO  server.RaftServer$Division (RaftServerImpl.java:setRole(299)) - f64dc5e8-62f3-4def-b87e-a162ae32d3b9@group-45C8E505B354: changes role from      null to FOLLOWER at term 0 for startAsFollower
2022-08-08 17:30:41,965 [pool-73-thread-1] INFO  impl.RoleInfo (RoleInfo.java:updateAndGet(139)) - f64dc5e8-62f3-4def-b87e-a162ae32d3b9: start f64dc5e8-62f3-4def-b87e-a162ae32d3b9@group-45C8E505B354-FollowerState
2022-08-08 17:30:41,968 [pool-73-thread-1] INFO  util.JmxRegister (JmxRegister.java:tryRegister(44)) - Successfully registered JMX Bean with object name Ratis:service=RaftServer,group=group-45C8E505B354,id=f64dc5e8-62f3-4def-b87e-a162ae32d3b9
2022-08-08 17:30:41,974 [Command processor thread] INFO  ratis.XceiverServerRatis (XceiverServerRatis.java:addGroup(765)) - Created group PipelineID=3cee1696-830b-4191-a8cb-45c8e505b354
2022-08-08 17:30:42,440 [Command processor thread] INFO  server.RaftServer (RaftServerProxy.java:addNew(96)) - 02b59665-40e6-4f54-a95c-0606f78ec7ff: addNew group-B73DE5303C81:[02b59665-40e6-4f54-a95c-0606f78ec7ff|rpc:10.1.0.4:36877|priority:1] returns group-B73DE5303C81:java.util.concurrent.CompletableFuture@4d34fc19[Not completed]
2022-08-08 17:30:42,442 [pool-96-thread-1] INFO  server.RaftServer$Division (RaftServerImpl.java:<init>(190)) - 02b59665-40e6-4f54-a95c-0606f78ec7ff: new RaftServerImpl for group-B73DE5303C81:[02b59665-40e6-4f54-a95c-0606f78ec7ff|rpc:10.1.0.4:36877|priority:1] with ContainerStateMachine:uninitialized
2022-08-08 17:30:42,442 [pool-96-thread-1] INFO  server.RaftServerConfigKeys (ConfUtils.java:logGet(46)) - raft.server.rpc.timeout.min = 5s (custom)
2022-08-08 17:30:42,442 [pool-96-thread-1] INFO  server.RaftServerConfigKeys (ConfUtils.java:logGet(46)) - raft.server.rpc.timeout.max = 5200ms (custom)
2022-08-08 17:30:42,443 [pool-96-thread-1] INFO  server.RaftServerConfigKeys (ConfUtils.java:logGet(46)) - raft.server.rpc.sleep.time = 25ms (default)
2022-08-08 17:30:42,444 [pool-96-thread-1] INFO  server.RaftServerConfigKeys (ConfUtils.java:logGet(46)) - raft.server.rpc.slowness.timeout = 300s (custom)
2022-08-08 17:30:42,444 [pool-96-thread-1] INFO  server.RaftServerConfigKeys (ConfUtils.java:logGet(46)) - raft.server.leaderelection.leader.step-down.wait-time = 10s (default)
2022-08-08 17:30:42,444 [pool-96-thread-1] INFO  server.RaftServerConfigKeys (ConfUtils.java:logGet(46)) - raft.server.sleep.deviation.threshold = 300ms (default)
2022-08-08 17:30:42,444 [pool-96-thread-1] INFO  server.RaftServer$Division (ServerState.java:<init>(107)) - 02b59665-40e6-4f54-a95c-0606f78ec7ff@group-B73DE5303C81: ConfigurationManager, init=-1: [02b59665-40e6-4f54-a95c-0606f78ec7ff|rpc:10.1.0.4:36877|priority:1], old=null, confs=<EMPTY_MAP>
2022-08-08 17:30:42,444 [pool-96-thread-1] INFO  server.RaftServerConfigKeys (ConfUtils.java:logGet(46)) - raft.server.storage.dir = [/home/runner/work/ozone/ozone/hadoop-ozone/integration-test/target/test-dir/MiniOzoneClusterImpl-51406671-1893-4796-a216-b7dfafadb542/datanode-1/data/ratis] (custom)
2022-08-08 17:30:42,447 [pool-96-thread-1] INFO  server.RaftServerConfigKeys (ConfUtils.java:logGet(46)) - raft.server.log.corruption.policy = EXCEPTION (default)
2022-08-08 17:30:42,447 [pool-96-thread-1] INFO  server.RaftServerConfigKeys (ConfUtils.java:logGet(46)) - raft.server.storage.free-space.min = 0MB (=0) (default)
2022-08-08 17:30:42,447 [pool-96-thread-1] INFO  storage.RaftStorageDirectory (RaftStorageDirectoryImpl.java:analyzeStorage(135)) - The storage directory /home/runner/work/ozone/ozone/hadoop-ozone/integration-test/target/test-dir/MiniOzoneClusterImpl-51406671-1893-4796-a216-b7dfafadb542/datanode-1/data/ratis/208be93f-37bc-41f2-b0ce-b73de5303c81 does not exist. Creating ...
2022-08-08 17:30:42,448 [pool-96-thread-1] INFO  storage.RaftStorageDirectory (RaftStorageDirectoryImpl.java:tryLock(230)) - Lock on /home/runner/work/ozone/ozone/hadoop-ozone/integration-test/target/test-dir/MiniOzoneClusterImpl-51406671-1893-4796-a216-b7dfafadb542/datanode-1/data/ratis/208be93f-37bc-41f2-b0ce-b73de5303c81/in_use.lock acquired by nodename 1880@fv-az207-152
2022-08-08 17:30:42,450 [pool-96-thread-1] INFO  storage.RaftStorage (RaftStorageImpl.java:format(89)) - Storage directory /home/runner/work/ozone/ozone/hadoop-ozone/integration-test/target/test-dir/MiniOzoneClusterImpl-51406671-1893-4796-a216-b7dfafadb542/datanode-1/data/ratis/208be93f-37bc-41f2-b0ce-b73de5303c81 has been successfully formatted.
2022-08-08 17:30:42,454 [pool-96-thread-1] INFO  ratis.ContainerStateMachine (ContainerStateMachine.java:loadSnapshot(236)) - group-B73DE5303C81: The snapshot info is null. Setting the last applied indexto:(t:0, i:~)
2022-08-08 17:30:42,460 [pool-96-thread-1] INFO  server.RaftServerConfigKeys (ConfUtils.java:logGet(46)) - raft.server.notification.no-leader.timeout = 300s (custom)
2022-08-08 17:30:42,460 [pool-96-thread-1] INFO  server.RaftServerConfigKeys (ConfUtils.java:logGet(46)) - raft.server.log.use.memory = false (default)
2022-08-08 17:30:42,460 [pool-96-thread-1] INFO  server.RaftServerConfigKeys (ConfUtils.java:logGet(46)) - raft.server.log.purge.gap = 1000000 (custom)
2022-08-08 17:30:42,460 [pool-96-thread-1] INFO  server.RaftServerConfigKeys (ConfUtils.java:logGet(46)) - raft.server.log.appender.buffer.byte-limit = 33554432 (custom)
2022-08-08 17:30:42,460 [pool-96-thread-1] INFO  server.RaftServerConfigKeys (ConfUtils.java:logGet(46)) - raft.server.log.statemachine.data.read.timeout = 1000ms (default)
2022-08-08 17:30:42,462 [EventQueue-PipelineReportForPipelineReportHandler] INFO  pipeline.PipelineManagerImpl (PipelineManagerImpl.java:openPipeline(367)) - Pipeline Pipeline[ Id: 208be93f-37bc-41f2-b0ce-b73de5303c81, Nodes: 02b59665-40e6-4f54-a95c-0606f78ec7ff{ip: 10.1.0.4, host: fv-az207-152.1ztp0ef1jgbebjcpob1ohcpowa.jx.internal.cloudapp.net, ports: [REPLICATION=39539, RATIS=36877, RATIS_ADMIN=36877, RATIS_SERVER=36877, STANDALONE=40375], networkLocation: /default-rack, certSerialId: null, persistedOpState: IN_SERVICE, persistedOpStateExpiryEpochSec: 0}, ReplicationConfig: RATIS/ONE, State:ALLOCATED, leaderId:02b59665-40e6-4f54-a95c-0606f78ec7ff, CreationTimestamp2022-08-08T17:30:39.437Z[Etc/UTC]] moved to OPEN state
2022-08-08 17:30:42,464 [EventQueue-OpenPipelineForHealthyPipelineSafeModeRule] INFO  safemode.SCMSafeModeManager (HealthyPipelineSafeModeRule.java:process(137)) - SCM in safe mode. Healthy pipelines reported count is 0, required healthy pipeline reported count is 1
2022-08-08 17:30:42,465 [pool-96-thread-1] INFO  server.RaftServerConfigKeys (ConfUtils.java:logGet(46)) - raft.server.log.segment.size.max = 1048576 (custom)
2022-08-08 17:30:42,468 [Listener at 127.0.0.1/37325] INFO  ozone.MiniOzoneClusterImpl (MiniOzoneClusterImpl.java:lambda$waitForClusterToBeReady$0(216)) - Nodes are ready. Got 5 of 5 DN Heartbeats.
2022-08-08 17:30:42,468 [Listener at 127.0.0.1/37325] INFO  ozone.MiniOzoneClusterImpl (MiniOzoneClusterImpl.java:lambda$waitForClusterToBeReady$0(219)) - Waiting for cluster to exit safe mode
2022-08-08 17:30:42,468 [Listener at 127.0.0.1/37325] INFO  ozone.MiniOzoneClusterImpl (MiniOzoneClusterImpl.java:lambda$waitForClusterToBeReady$0(221)) - SCM became leader
2022-08-08 17:30:42,470 [pool-96-thread-1] INFO  server.RaftServerConfigKeys (ConfUtils.java:logGet(46)) - raft.server.log.segment.cache.num.max = 2 (custom)
2022-08-08 17:30:42,474 [pool-96-thread-1] INFO  server.RaftServerConfigKeys (ConfUtils.java:logGet(46)) - raft.server.log.segment.cache.size.max = 200MB (=209715200) (default)
2022-08-08 17:30:42,474 [pool-96-thread-1] INFO  segmented.SegmentedRaftLogWorker (SegmentedRaftLogWorker.java:<init>(187)) - new 02b59665-40e6-4f54-a95c-0606f78ec7ff@group-B73DE5303C81-SegmentedRaftLogWorker for RaftStorageImpl:Storage Directory /home/runner/work/ozone/ozone/hadoop-ozone/integration-test/target/test-dir/MiniOzoneClusterImpl-51406671-1893-4796-a216-b7dfafadb542/datanode-1/data/ratis/208be93f-37bc-41f2-b0ce-b73de5303c81
2022-08-08 17:30:42,474 [pool-96-thread-1] INFO  server.RaftServerConfigKeys (ConfUtils.java:logGet(46)) - raft.server.log.queue.byte-limit = 4294967296 (custom)
2022-08-08 17:30:42,474 [pool-96-thread-1] INFO  server.RaftServerConfigKeys (ConfUtils.java:logGet(46)) - raft.server.log.queue.element-limit = 1024 (custom)
2022-08-08 17:30:42,474 [pool-96-thread-1] INFO  server.RaftServerConfigKeys (ConfUtils.java:logGet(46)) - raft.server.log.segment.size.max = 1048576 (custom)
2022-08-08 17:30:42,474 [pool-96-thread-1] INFO  server.RaftServerConfigKeys (ConfUtils.java:logGet(46)) - raft.server.log.preallocated.size = 16384 (custom)
2022-08-08 17:30:42,474 [pool-96-thread-1] INFO  server.RaftServerConfigKeys (ConfUtils.java:logGet(46)) - raft.server.log.force.sync.num = 128 (default)
2022-08-08 17:30:42,474 [pool-96-thread-1] INFO  server.RaftServerConfigKeys (ConfUtils.java:logGet(46)) - raft.server.log.statemachine.data.sync = true (default)
2022-08-08 17:30:42,474 [pool-96-thread-1] INFO  server.RaftServerConfigKeys (ConfUtils.java:logGet(46)) - raft.server.log.statemachine.data.sync.timeout = 10s (default)
2022-08-08 17:30:42,474 [pool-96-thread-1] INFO  server.RaftServerConfigKeys (ConfUtils.java:logGet(46)) - raft.server.log.statemachine.data.sync.timeout.retry = -1 (default)
2022-08-08 17:30:42,479 [pool-96-thread-1] INFO  server.RaftServerConfigKeys (ConfUtils.java:logGet(46)) - raft.server.log.write.buffer.size = 1048576 (custom)
2022-08-08 17:30:42,480 [pool-96-thread-1] INFO  server.RaftServerConfigKeys (ConfUtils.java:logGet(46)) - raft.server.log.unsafe-flush.enabled = false (default)
2022-08-08 17:30:42,480 [pool-96-thread-1] INFO  server.RaftServerConfigKeys (ConfUtils.java:logGet(46)) - raft.server.log.statemachine.data.caching.enabled = true (custom)
2022-08-08 17:30:42,480 [pool-96-thread-1] INFO  segmented.SegmentedRaftLogWorker (SegmentedRaftLogWorker.java:lambda$new$0(135)) - 02b59665-40e6-4f54-a95c-0606f78ec7ff@group-B73DE5303C81-SegmentedRaftLogWorker: flushIndex: setUnconditionally 0 -> -1
2022-08-08 17:30:42,480 [pool-96-thread-1] INFO  segmented.SegmentedRaftLogWorker (SegmentedRaftLogWorker.java:lambda$new$0(135)) - 02b59665-40e6-4f54-a95c-0606f78ec7ff@group-B73DE5303C81-SegmentedRaftLogWorker: safeCacheEvictIndex: setUnconditionally 0 -> -1
2022-08-08 17:30:42,487 [pool-96-thread-1] INFO  server.RaftServerConfigKeys (ConfUtils.java:logGet(46)) - raft.server.snapshot.auto.trigger.enabled = true (custom)
2022-08-08 17:30:42,487 [pool-96-thread-1] INFO  server.RaftServerConfigKeys (ConfUtils.java:logGet(46)) - raft.server.snapshot.auto.trigger.threshold = 10000 (custom)
2022-08-08 17:30:42,487 [pool-96-thread-1] INFO  server.RaftServerConfigKeys (ConfUtils.java:logGet(46)) - raft.server.snapshot.retention.file.num = 5 (custom)
2022-08-08 17:30:42,487 [pool-96-thread-1] INFO  server.RaftServerConfigKeys (ConfUtils.java:logGet(46)) - raft.server.log.purge.upto.snapshot.index = false (default)
2022-08-08 17:30:42,487 [pool-96-thread-1] INFO  server.RaftServerConfigKeys (ConfUtils.java:logGet(46)) - raft.server.retrycache.expirytime = 600000ms (custom)
2022-08-08 17:30:42,487 [pool-96-thread-1] INFO  server.RaftServerConfigKeys (ConfUtils.java:logGet(46)) - raft.server.retrycache.statistics.expirytime = 100μs (default)
2022-08-08 17:30:42,489 [pool-96-thread-1] INFO  server.RaftServerConfigKeys (ConfUtils.java:logGet(46)) - raft.server.log.appender.install.snapshot.enabled = false (custom)
2022-08-08 17:30:42,489 [pool-96-thread-1] INFO  server.RaftServerConfigKeys (ConfUtils.java:logGet(46)) - raft.server.threadpool.server.cached = true (default)
2022-08-08 17:30:42,489 [pool-96-thread-1] INFO  server.RaftServerConfigKeys (ConfUtils.java:logGet(46)) - raft.server.threadpool.server.size = 0 (default)
2022-08-08 17:30:42,489 [pool-96-thread-1] INFO  server.RaftServerConfigKeys (ConfUtils.java:logGet(46)) - raft.server.threadpool.client.cached = true (default)
2022-08-08 17:30:42,489 [pool-96-thread-1] INFO  server.RaftServerConfigKeys (ConfUtils.java:logGet(46)) - raft.server.threadpool.client.size = 0 (default)
2022-08-08 17:30:42,490 [pool-96-thread-1] INFO  server.RaftServer$Division (RaftServerImpl.java:start(310)) - 02b59665-40e6-4f54-a95c-0606f78ec7ff@group-B73DE5303C81: start as a follower, conf=-1: [02b59665-40e6-4f54-a95c-0606f78ec7ff|rpc:10.1.0.4:36877|priority:1], old=null
2022-08-08 17:30:42,490 [pool-96-thread-1] INFO  server.RaftServer$Division (RaftServerImpl.java:setRole(299)) - 02b59665-40e6-4f54-a95c-0606f78ec7ff@group-B73DE5303C81: changes role from      null to FOLLOWER at term 0 for startAsFollower
2022-08-08 17:30:42,490 [pool-96-thread-1] INFO  impl.RoleInfo (RoleInfo.java:updateAndGet(139)) - 02b59665-40e6-4f54-a95c-0606f78ec7ff: start 02b59665-40e6-4f54-a95c-0606f78ec7ff@group-B73DE5303C81-FollowerState
2022-08-08 17:30:42,494 [pool-96-thread-1] INFO  util.JmxRegister (JmxRegister.java:tryRegister(44)) - Successfully registered JMX Bean with object name Ratis:service=RaftServer,group=group-B73DE5303C81,id=02b59665-40e6-4f54-a95c-0606f78ec7ff
2022-08-08 17:30:42,507 [Command processor thread] INFO  ratis.XceiverServerRatis (XceiverServerRatis.java:addGroup(765)) - Created group PipelineID=208be93f-37bc-41f2-b0ce-b73de5303c81
2022-08-08 17:30:42,507 [Command processor thread] INFO  commandhandler.CreatePipelineCommandHandler (CreatePipelineCommandHandler.java:handle(113)) - Created Pipeline RATIS ONE PipelineID=208be93f-37bc-41f2-b0ce-b73de5303c81.
2022-08-08 17:30:42,511 [Command processor thread] INFO  server.RaftServer (RaftServerProxy.java:addNew(96)) - 02b59665-40e6-4f54-a95c-0606f78ec7ff: addNew group-45C8E505B354:[02b59665-40e6-4f54-a95c-0606f78ec7ff|rpc:10.1.0.4:36877|priority:0, f64dc5e8-62f3-4def-b87e-a162ae32d3b9|rpc:10.1.0.4:38901|priority:0, f220fda6-a22f-4438-8ee2-dd02585921dd|rpc:10.1.0.4:37777|priority:1] returns group-45C8E505B354:java.util.concurrent.CompletableFuture@490b7167[Not completed]
2022-08-08 17:30:42,512 [pool-96-thread-1] INFO  server.RaftServer$Division (RaftServerImpl.java:<init>(190)) - 02b59665-40e6-4f54-a95c-0606f78ec7ff: new RaftServerImpl for group-45C8E505B354:[02b59665-40e6-4f54-a95c-0606f78ec7ff|rpc:10.1.0.4:36877|priority:0, f64dc5e8-62f3-4def-b87e-a162ae32d3b9|rpc:10.1.0.4:38901|priority:0, f220fda6-a22f-4438-8ee2-dd02585921dd|rpc:10.1.0.4:37777|priority:1] with ContainerStateMachine:uninitialized
2022-08-08 17:30:42,512 [pool-96-thread-1] INFO  server.RaftServerConfigKeys (ConfUtils.java:logGet(46)) - raft.server.rpc.timeout.min = 5s (custom)
2022-08-08 17:30:42,512 [pool-96-thread-1] INFO  server.RaftServerConfigKeys (ConfUtils.java:logGet(46)) - raft.server.rpc.timeout.max = 5200ms (custom)
2022-08-08 17:30:42,512 [pool-96-thread-1] INFO  server.RaftServerConfigKeys (ConfUtils.java:logGet(46)) - raft.server.rpc.sleep.time = 25ms (default)
2022-08-08 17:30:42,512 [pool-96-thread-1] INFO  server.RaftServerConfigKeys (ConfUtils.java:logGet(46)) - raft.server.rpc.slowness.timeout = 300s (custom)
2022-08-08 17:30:42,513 [pool-96-thread-1] INFO  server.RaftServerConfigKeys (ConfUtils.java:logGet(46)) - raft.server.leaderelection.leader.step-down.wait-time = 10s (default)
2022-08-08 17:30:42,513 [pool-96-thread-1] INFO  server.RaftServerConfigKeys (ConfUtils.java:logGet(46)) - raft.server.sleep.deviation.threshold = 300ms (default)
2022-08-08 17:30:42,513 [pool-96-thread-1] INFO  server.RaftServer$Division (ServerState.java:<init>(107)) - 02b59665-40e6-4f54-a95c-0606f78ec7ff@group-45C8E505B354: ConfigurationManager, init=-1: [02b59665-40e6-4f54-a95c-0606f78ec7ff|rpc:10.1.0.4:36877|priority:0, f64dc5e8-62f3-4def-b87e-a162ae32d3b9|rpc:10.1.0.4:38901|priority:0, f220fda6-a22f-4438-8ee2-dd02585921dd|rpc:10.1.0.4:37777|priority:1], old=null, confs=<EMPTY_MAP>
2022-08-08 17:30:42,513 [pool-96-thread-1] INFO  server.RaftServerConfigKeys (ConfUtils.java:logGet(46)) - raft.server.storage.dir = [/home/runner/work/ozone/ozone/hadoop-ozone/integration-test/target/test-dir/MiniOzoneClusterImpl-51406671-1893-4796-a216-b7dfafadb542/datanode-1/data/ratis] (custom)
2022-08-08 17:30:42,513 [pool-96-thread-1] INFO  server.RaftServerConfigKeys (ConfUtils.java:logGet(46)) - raft.server.log.corruption.policy = EXCEPTION (default)
2022-08-08 17:30:42,513 [pool-96-thread-1] INFO  server.RaftServerConfigKeys (ConfUtils.java:logGet(46)) - raft.server.storage.free-space.min = 0MB (=0) (default)
2022-08-08 17:30:42,513 [pool-96-thread-1] INFO  storage.RaftStorageDirectory (RaftStorageDirectoryImpl.java:analyzeStorage(135)) - The storage directory /home/runner/work/ozone/ozone/hadoop-ozone/integration-test/target/test-dir/MiniOzoneClusterImpl-51406671-1893-4796-a216-b7dfafadb542/datanode-1/data/ratis/3cee1696-830b-4191-a8cb-45c8e505b354 does not exist. Creating ...
2022-08-08 17:30:42,514 [pool-96-thread-1] INFO  storage.RaftStorageDirectory (RaftStorageDirectoryImpl.java:tryLock(230)) - Lock on /home/runner/work/ozone/ozone/hadoop-ozone/integration-test/target/test-dir/MiniOzoneClusterImpl-51406671-1893-4796-a216-b7dfafadb542/datanode-1/data/ratis/3cee1696-830b-4191-a8cb-45c8e505b354/in_use.lock acquired by nodename 1880@fv-az207-152
2022-08-08 17:30:42,515 [pool-96-thread-1] INFO  storage.RaftStorage (RaftStorageImpl.java:format(89)) - Storage directory /home/runner/work/ozone/ozone/hadoop-ozone/integration-test/target/test-dir/MiniOzoneClusterImpl-51406671-1893-4796-a216-b7dfafadb542/datanode-1/data/ratis/3cee1696-830b-4191-a8cb-45c8e505b354 has been successfully formatted.
2022-08-08 17:30:42,517 [pool-96-thread-1] INFO  ratis.ContainerStateMachine (ContainerStateMachine.java:loadSnapshot(236)) - group-45C8E505B354: The snapshot info is null. Setting the last applied indexto:(t:0, i:~)
2022-08-08 17:30:42,517 [pool-96-thread-1] INFO  server.RaftServerConfigKeys (ConfUtils.java:logGet(46)) - raft.server.notification.no-leader.timeout = 300s (custom)
2022-08-08 17:30:42,517 [pool-96-thread-1] INFO  server.RaftServerConfigKeys (ConfUtils.java:logGet(46)) - raft.server.log.use.memory = false (default)
2022-08-08 17:30:42,517 [pool-96-thread-1] INFO  server.RaftServerConfigKeys (ConfUtils.java:logGet(46)) - raft.server.log.purge.gap = 1000000 (custom)
2022-08-08 17:30:42,517 [pool-96-thread-1] INFO  server.RaftServerConfigKeys (ConfUtils.java:logGet(46)) - raft.server.log.appender.buffer.byte-limit = 33554432 (custom)
2022-08-08 17:30:42,517 [pool-96-thread-1] INFO  server.RaftServerConfigKeys (ConfUtils.java:logGet(46)) - raft.server.log.statemachine.data.read.timeout = 1000ms (default)
2022-08-08 17:30:42,517 [pool-96-thread-1] INFO  server.RaftServerConfigKeys (ConfUtils.java:logGet(46)) - raft.server.log.segment.size.max = 1048576 (custom)
2022-08-08 17:30:42,520 [EventQueue-OpenPipelineForHealthyPipelineSafeModeRule] INFO  safemode.SCMSafeModeManager (HealthyPipelineSafeModeRule.java:process(137)) - SCM in safe mode. Healthy pipelines reported count is 0, required healthy pipeline reported count is 1
2022-08-08 17:30:42,521 [pool-96-thread-1] INFO  server.RaftServerConfigKeys (ConfUtils.java:logGet(46)) - raft.server.log.segment.cache.num.max = 2 (custom)
2022-08-08 17:30:42,521 [pool-96-thread-1] INFO  server.RaftServerConfigKeys (ConfUtils.java:logGet(46)) - raft.server.log.segment.cache.size.max = 200MB (=209715200) (default)
2022-08-08 17:30:42,521 [pool-96-thread-1] INFO  segmented.SegmentedRaftLogWorker (SegmentedRaftLogWorker.java:<init>(187)) - new 02b59665-40e6-4f54-a95c-0606f78ec7ff@group-45C8E505B354-SegmentedRaftLogWorker for RaftStorageImpl:Storage Directory /home/runner/work/ozone/ozone/hadoop-ozone/integration-test/target/test-dir/MiniOzoneClusterImpl-51406671-1893-4796-a216-b7dfafadb542/datanode-1/data/ratis/3cee1696-830b-4191-a8cb-45c8e505b354
2022-08-08 17:30:42,521 [pool-96-thread-1] INFO  server.RaftServerConfigKeys (ConfUtils.java:logGet(46)) - raft.server.log.queue.byte-limit = 4294967296 (custom)
2022-08-08 17:30:42,521 [pool-96-thread-1] INFO  server.RaftServerConfigKeys (ConfUtils.java:logGet(46)) - raft.server.log.queue.element-limit = 1024 (custom)
2022-08-08 17:30:42,521 [pool-96-thread-1] INFO  server.RaftServerConfigKeys (ConfUtils.java:logGet(46)) - raft.server.log.segment.size.max = 1048576 (custom)
2022-08-08 17:30:42,521 [pool-96-thread-1] INFO  server.RaftServerConfigKeys (ConfUtils.java:logGet(46)) - raft.server.log.preallocated.size = 16384 (custom)
2022-08-08 17:30:42,521 [pool-96-thread-1] INFO  server.RaftServerConfigKeys (ConfUtils.java:logGet(46)) - raft.server.log.force.sync.num = 128 (default)
2022-08-08 17:30:42,521 [pool-96-thread-1] INFO  server.RaftServerConfigKeys (ConfUtils.java:logGet(46)) - raft.server.log.statemachine.data.sync = true (default)
2022-08-08 17:30:42,521 [pool-96-thread-1] INFO  server.RaftServerConfigKeys (ConfUtils.java:logGet(46)) - raft.server.log.statemachine.data.sync.timeout = 10s (default)
2022-08-08 17:30:42,521 [pool-96-thread-1] INFO  server.RaftServerConfigKeys (ConfUtils.java:logGet(46)) - raft.server.log.statemachine.data.sync.timeout.retry = -1 (default)
2022-08-08 17:30:42,522 [pool-96-thread-1] INFO  server.RaftServerConfigKeys (ConfUtils.java:logGet(46)) - raft.server.log.write.buffer.size = 1048576 (custom)
2022-08-08 17:30:42,523 [pool-96-thread-1] INFO  server.RaftServerConfigKeys (ConfUtils.java:logGet(46)) - raft.server.log.unsafe-flush.enabled = false (default)
2022-08-08 17:30:42,523 [pool-96-thread-1] INFO  server.RaftServerConfigKeys (ConfUtils.java:logGet(46)) - raft.server.log.statemachine.data.caching.enabled = true (custom)
2022-08-08 17:30:42,523 [pool-96-thread-1] INFO  segmented.SegmentedRaftLogWorker (SegmentedRaftLogWorker.java:lambda$new$0(135)) - 02b59665-40e6-4f54-a95c-0606f78ec7ff@group-45C8E505B354-SegmentedRaftLogWorker: flushIndex: setUnconditionally 0 -> -1
2022-08-08 17:30:42,523 [pool-96-thread-1] INFO  segmented.SegmentedRaftLogWorker (SegmentedRaftLogWorker.java:lambda$new$0(135)) - 02b59665-40e6-4f54-a95c-0606f78ec7ff@group-45C8E505B354-SegmentedRaftLogWorker: safeCacheEvictIndex: setUnconditionally 0 -> -1
2022-08-08 17:30:42,523 [pool-96-thread-1] INFO  server.RaftServerConfigKeys (ConfUtils.java:logGet(46)) - raft.server.snapshot.auto.trigger.enabled = true (custom)
2022-08-08 17:30:42,524 [pool-96-thread-1] INFO  server.RaftServerConfigKeys (ConfUtils.java:logGet(46)) - raft.server.snapshot.auto.trigger.threshold = 10000 (custom)
2022-08-08 17:30:42,524 [pool-96-thread-1] INFO  server.RaftServerConfigKeys (ConfUtils.java:logGet(46)) - raft.server.snapshot.retention.file.num = 5 (custom)
2022-08-08 17:30:42,524 [pool-96-thread-1] INFO  server.RaftServerConfigKeys (ConfUtils.java:logGet(46)) - raft.server.log.purge.upto.snapshot.index = false (default)
2022-08-08 17:30:42,524 [pool-96-thread-1] INFO  server.RaftServerConfigKeys (ConfUtils.java:logGet(46)) - raft.server.retrycache.expirytime = 600000ms (custom)
2022-08-08 17:30:42,524 [pool-96-thread-1] INFO  server.RaftServerConfigKeys (ConfUtils.java:logGet(46)) - raft.server.retrycache.statistics.expirytime = 100μs (default)
2022-08-08 17:30:42,525 [pool-96-thread-1] INFO  server.RaftServerConfigKeys (ConfUtils.java:logGet(46)) - raft.server.log.appender.install.snapshot.enabled = false (custom)
2022-08-08 17:30:42,525 [pool-96-thread-1] INFO  server.RaftServerConfigKeys (ConfUtils.java:logGet(46)) - raft.server.threadpool.server.cached = true (default)
2022-08-08 17:30:42,525 [pool-96-thread-1] INFO  server.RaftServerConfigKeys (ConfUtils.java:logGet(46)) - raft.server.threadpool.server.size = 0 (default)
2022-08-08 17:30:42,525 [pool-96-thread-1] INFO  server.RaftServerConfigKeys (ConfUtils.java:logGet(46)) - raft.server.threadpool.client.cached = true (default)
2022-08-08 17:30:42,525 [pool-96-thread-1] INFO  server.RaftServerConfigKeys (ConfUtils.java:logGet(46)) - raft.server.threadpool.client.size = 0 (default)
2022-08-08 17:30:42,525 [pool-96-thread-1] INFO  server.RaftServer$Division (RaftServerImpl.java:start(310)) - 02b59665-40e6-4f54-a95c-0606f78ec7ff@group-45C8E505B354: start as a follower, conf=-1: [02b59665-40e6-4f54-a95c-0606f78ec7ff|rpc:10.1.0.4:36877|priority:0, f64dc5e8-62f3-4def-b87e-a162ae32d3b9|rpc:10.1.0.4:38901|priority:0, f220fda6-a22f-4438-8ee2-dd02585921dd|rpc:10.1.0.4:37777|priority:1], old=null
2022-08-08 17:30:42,525 [pool-96-thread-1] INFO  server.RaftServer$Division (RaftServerImpl.java:setRole(299)) - 02b59665-40e6-4f54-a95c-0606f78ec7ff@group-45C8E505B354: changes role from      null to FOLLOWER at term 0 for startAsFollower
2022-08-08 17:30:42,526 [pool-96-thread-1] INFO  impl.RoleInfo (RoleInfo.java:updateAndGet(139)) - 02b59665-40e6-4f54-a95c-0606f78ec7ff: start 02b59665-40e6-4f54-a95c-0606f78ec7ff@group-45C8E505B354-FollowerState
2022-08-08 17:30:42,528 [pool-96-thread-1] INFO  util.JmxRegister (JmxRegister.java:tryRegister(44)) - Successfully registered JMX Bean with object name Ratis:service=RaftServer,group=group-45C8E505B354,id=02b59665-40e6-4f54-a95c-0606f78ec7ff
2022-08-08 17:30:42,529 [Command processor thread] INFO  ratis.XceiverServerRatis (XceiverServerRatis.java:addGroup(765)) - Created group PipelineID=3cee1696-830b-4191-a8cb-45c8e505b354
2022-08-08 17:30:42,610 [grpc-default-executor-0] INFO  server.RaftServer (RaftServerProxy.java:addNew(96)) - f220fda6-a22f-4438-8ee2-dd02585921dd: addNew group-45C8E505B354:[02b59665-40e6-4f54-a95c-0606f78ec7ff|rpc:10.1.0.4:36877|dataStream:|priority:0, f64dc5e8-62f3-4def-b87e-a162ae32d3b9|rpc:10.1.0.4:38901|dataStream:|priority:0, f220fda6-a22f-4438-8ee2-dd02585921dd|rpc:10.1.0.4:37777|dataStream:|priority:1] returns group-45C8E505B354:java.util.concurrent.CompletableFuture@a1aca84[Not completed]
2022-08-08 17:30:42,624 [pool-119-thread-1] INFO  server.RaftServer$Division (RaftServerImpl.java:<init>(190)) - f220fda6-a22f-4438-8ee2-dd02585921dd: new RaftServerImpl for group-45C8E505B354:[02b59665-40e6-4f54-a95c-0606f78ec7ff|rpc:10.1.0.4:36877|dataStream:|priority:0, f64dc5e8-62f3-4def-b87e-a162ae32d3b9|rpc:10.1.0.4:38901|dataStream:|priority:0, f220fda6-a22f-4438-8ee2-dd02585921dd|rpc:10.1.0.4:37777|dataStream:|priority:1] with ContainerStateMachine:uninitialized
2022-08-08 17:30:42,625 [pool-119-thread-1] INFO  server.RaftServerConfigKeys (ConfUtils.java:logGet(46)) - raft.server.rpc.timeout.min = 5s (custom)
2022-08-08 17:30:42,625 [pool-119-thread-1] INFO  server.RaftServerConfigKeys (ConfUtils.java:logGet(46)) - raft.server.rpc.timeout.max = 5200ms (custom)
2022-08-08 17:30:42,625 [pool-119-thread-1] INFO  server.RaftServerConfigKeys (ConfUtils.java:logGet(46)) - raft.server.rpc.sleep.time = 25ms (default)
2022-08-08 17:30:42,625 [pool-119-thread-1] INFO  server.RaftServerConfigKeys (ConfUtils.java:logGet(46)) - raft.server.rpc.slowness.timeout = 300s (custom)
2022-08-08 17:30:42,625 [pool-119-thread-1] INFO  server.RaftServerConfigKeys (ConfUtils.java:logGet(46)) - raft.server.leaderelection.leader.step-down.wait-time = 10s (default)
2022-08-08 17:30:42,625 [pool-119-thread-1] INFO  server.RaftServerConfigKeys (ConfUtils.java:logGet(46)) - raft.server.sleep.deviation.threshold = 300ms (default)
2022-08-08 17:30:42,626 [pool-119-thread-1] INFO  server.RaftServer$Division (ServerState.java:<init>(107)) - f220fda6-a22f-4438-8ee2-dd02585921dd@group-45C8E505B354: ConfigurationManager, init=-1: [02b59665-40e6-4f54-a95c-0606f78ec7ff|rpc:10.1.0.4:36877|dataStream:|priority:0, f64dc5e8-62f3-4def-b87e-a162ae32d3b9|rpc:10.1.0.4:38901|dataStream:|priority:0, f220fda6-a22f-4438-8ee2-dd02585921dd|rpc:10.1.0.4:37777|dataStream:|priority:1], old=null, confs=<EMPTY_MAP>
2022-08-08 17:30:42,629 [pool-119-thread-1] INFO  server.RaftServerConfigKeys (ConfUtils.java:logGet(46)) - raft.server.storage.dir = [/home/runner/work/ozone/ozone/hadoop-ozone/integration-test/target/test-dir/MiniOzoneClusterImpl-51406671-1893-4796-a216-b7dfafadb542/datanode-2/data/ratis] (custom)
2022-08-08 17:30:42,629 [pool-119-thread-1] INFO  server.RaftServerConfigKeys (ConfUtils.java:logGet(46)) - raft.server.log.corruption.policy = EXCEPTION (default)
2022-08-08 17:30:42,629 [pool-119-thread-1] INFO  server.RaftServerConfigKeys (ConfUtils.java:logGet(46)) - raft.server.storage.free-space.min = 0MB (=0) (default)
2022-08-08 17:30:42,629 [pool-119-thread-1] INFO  storage.RaftStorageDirectory (RaftStorageDirectoryImpl.java:analyzeStorage(135)) - The storage directory /home/runner/work/ozone/ozone/hadoop-ozone/integration-test/target/test-dir/MiniOzoneClusterImpl-51406671-1893-4796-a216-b7dfafadb542/datanode-2/data/ratis/3cee1696-830b-4191-a8cb-45c8e505b354 does not exist. Creating ...
2022-08-08 17:30:42,635 [pool-119-thread-1] INFO  storage.RaftStorageDirectory (RaftStorageDirectoryImpl.java:tryLock(230)) - Lock on /home/runner/work/ozone/ozone/hadoop-ozone/integration-test/target/test-dir/MiniOzoneClusterImpl-51406671-1893-4796-a216-b7dfafadb542/datanode-2/data/ratis/3cee1696-830b-4191-a8cb-45c8e505b354/in_use.lock acquired by nodename 1880@fv-az207-152
2022-08-08 17:30:42,637 [pool-119-thread-1] INFO  storage.RaftStorage (RaftStorageImpl.java:format(89)) - Storage directory /home/runner/work/ozone/ozone/hadoop-ozone/integration-test/target/test-dir/MiniOzoneClusterImpl-51406671-1893-4796-a216-b7dfafadb542/datanode-2/data/ratis/3cee1696-830b-4191-a8cb-45c8e505b354 has been successfully formatted.
2022-08-08 17:30:42,639 [pool-119-thread-1] INFO  ratis.ContainerStateMachine (ContainerStateMachine.java:loadSnapshot(236)) - group-45C8E505B354: The snapshot info is null. Setting the last applied indexto:(t:0, i:~)
2022-08-08 17:30:42,639 [pool-119-thread-1] INFO  server.RaftServerConfigKeys (ConfUtils.java:logGet(46)) - raft.server.notification.no-leader.timeout = 300s (custom)
2022-08-08 17:30:42,640 [pool-119-thread-1] INFO  server.RaftServerConfigKeys (ConfUtils.java:logGet(46)) - raft.server.log.use.memory = false (default)
2022-08-08 17:30:42,640 [pool-119-thread-1] INFO  server.RaftServerConfigKeys (ConfUtils.java:logGet(46)) - raft.server.log.purge.gap = 1000000 (custom)
2022-08-08 17:30:42,640 [pool-119-thread-1] INFO  server.RaftServerConfigKeys (ConfUtils.java:logGet(46)) - raft.server.log.appender.buffer.byte-limit = 33554432 (custom)
2022-08-08 17:30:42,640 [pool-119-thread-1] INFO  server.RaftServerConfigKeys (ConfUtils.java:logGet(46)) - raft.server.log.statemachine.data.read.timeout = 1000ms (default)
2022-08-08 17:30:42,640 [pool-119-thread-1] INFO  server.RaftServerConfigKeys (ConfUtils.java:logGet(46)) - raft.server.log.segment.size.max = 1048576 (custom)
2022-08-08 17:30:42,641 [pool-119-thread-1] INFO  server.RaftServerConfigKeys (ConfUtils.java:logGet(46)) - raft.server.log.segment.cache.num.max = 2 (custom)
2022-08-08 17:30:42,641 [pool-119-thread-1] INFO  server.RaftServerConfigKeys (ConfUtils.java:logGet(46)) - raft.server.log.segment.cache.size.max = 200MB (=209715200) (default)
2022-08-08 17:30:42,641 [pool-119-thread-1] INFO  segmented.SegmentedRaftLogWorker (SegmentedRaftLogWorker.java:<init>(187)) - new f220fda6-a22f-4438-8ee2-dd02585921dd@group-45C8E505B354-SegmentedRaftLogWorker for RaftStorageImpl:Storage Directory /home/runner/work/ozone/ozone/hadoop-ozone/integration-test/target/test-dir/MiniOzoneClusterImpl-51406671-1893-4796-a216-b7dfafadb542/datanode-2/data/ratis/3cee1696-830b-4191-a8cb-45c8e505b354
2022-08-08 17:30:42,641 [pool-119-thread-1] INFO  server.RaftServerConfigKeys (ConfUtils.java:logGet(46)) - raft.server.log.queue.byte-limit = 4294967296 (custom)
2022-08-08 17:30:42,641 [pool-119-thread-1] INFO  server.RaftServerConfigKeys (ConfUtils.java:logGet(46)) - raft.server.log.queue.element-limit = 1024 (custom)
2022-08-08 17:30:42,641 [pool-119-thread-1] INFO  server.RaftServerConfigKeys (ConfUtils.java:logGet(46)) - raft.server.log.segment.size.max = 1048576 (custom)
2022-08-08 17:30:42,641 [pool-119-thread-1] INFO  server.RaftServerConfigKeys (ConfUtils.java:logGet(46)) - raft.server.log.preallocated.size = 16384 (custom)
2022-08-08 17:30:42,641 [pool-119-thread-1] INFO  server.RaftServerConfigKeys (ConfUtils.java:logGet(46)) - raft.server.log.force.sync.num = 128 (default)
2022-08-08 17:30:42,642 [pool-119-thread-1] INFO  server.RaftServerConfigKeys (ConfUtils.java:logGet(46)) - raft.server.log.statemachine.data.sync = true (default)
2022-08-08 17:30:42,642 [pool-119-thread-1] INFO  server.RaftServerConfigKeys (ConfUtils.java:logGet(46)) - raft.server.log.statemachine.data.sync.timeout = 10s (default)
2022-08-08 17:30:42,642 [pool-119-thread-1] INFO  server.RaftServerConfigKeys (ConfUtils.java:logGet(46)) - raft.server.log.statemachine.data.sync.timeout.retry = -1 (default)
2022-08-08 17:30:42,642 [pool-119-thread-1] INFO  server.RaftServerConfigKeys (ConfUtils.java:logGet(46)) - raft.server.log.write.buffer.size = 1048576 (custom)
2022-08-08 17:30:42,643 [pool-119-thread-1] INFO  server.RaftServerConfigKeys (ConfUtils.java:logGet(46)) - raft.server.log.unsafe-flush.enabled = false (default)
2022-08-08 17:30:42,643 [pool-119-thread-1] INFO  server.RaftServerConfigKeys (ConfUtils.java:logGet(46)) - raft.server.log.statemachine.data.caching.enabled = true (custom)
2022-08-08 17:30:42,644 [pool-119-thread-1] INFO  segmented.SegmentedRaftLogWorker (SegmentedRaftLogWorker.java:lambda$new$0(135)) - f220fda6-a22f-4438-8ee2-dd02585921dd@group-45C8E505B354-SegmentedRaftLogWorker: flushIndex: setUnconditionally 0 -> -1
2022-08-08 17:30:42,644 [pool-119-thread-1] INFO  segmented.SegmentedRaftLogWorker (SegmentedRaftLogWorker.java:lambda$new$0(135)) - f220fda6-a22f-4438-8ee2-dd02585921dd@group-45C8E505B354-SegmentedRaftLogWorker: safeCacheEvictIndex: setUnconditionally 0 -> -1
2022-08-08 17:30:42,654 [pool-119-thread-1] INFO  server.RaftServerConfigKeys (ConfUtils.java:logGet(46)) - raft.server.snapshot.auto.trigger.enabled = true (custom)
2022-08-08 17:30:42,655 [pool-119-thread-1] INFO  server.RaftServerConfigKeys (ConfUtils.java:logGet(46)) - raft.server.snapshot.auto.trigger.threshold = 10000 (custom)
2022-08-08 17:30:42,655 [pool-119-thread-1] INFO  server.RaftServerConfigKeys (ConfUtils.java:logGet(46)) - raft.server.snapshot.retention.file.num = 5 (custom)
2022-08-08 17:30:42,655 [pool-119-thread-1] INFO  server.RaftServerConfigKeys (ConfUtils.java:logGet(46)) - raft.server.log.purge.upto.snapshot.index = false (default)
2022-08-08 17:30:42,655 [pool-119-thread-1] INFO  server.RaftServerConfigKeys (ConfUtils.java:logGet(46)) - raft.server.retrycache.expirytime = 600000ms (custom)
2022-08-08 17:30:42,655 [pool-119-thread-1] INFO  server.RaftServerConfigKeys (ConfUtils.java:logGet(46)) - raft.server.retrycache.statistics.expirytime = 100μs (default)
2022-08-08 17:30:42,657 [pool-119-thread-1] INFO  server.RaftServerConfigKeys (ConfUtils.java:logGet(46)) - raft.server.log.appender.install.snapshot.enabled = false (custom)
2022-08-08 17:30:42,657 [pool-119-thread-1] INFO  server.RaftServerConfigKeys (ConfUtils.java:logGet(46)) - raft.server.threadpool.server.cached = true (default)
2022-08-08 17:30:42,657 [pool-119-thread-1] INFO  server.RaftServerConfigKeys (ConfUtils.java:logGet(46)) - raft.server.threadpool.server.size = 0 (default)
2022-08-08 17:30:42,657 [pool-119-thread-1] INFO  server.RaftServerConfigKeys (ConfUtils.java:logGet(46)) - raft.server.threadpool.client.cached = true (default)
2022-08-08 17:30:42,657 [pool-119-thread-1] INFO  server.RaftServerConfigKeys (ConfUtils.java:logGet(46)) - raft.server.threadpool.client.size = 0 (default)
2022-08-08 17:30:42,657 [pool-119-thread-1] INFO  server.RaftServer$Division (RaftServerImpl.java:start(310)) - f220fda6-a22f-4438-8ee2-dd02585921dd@group-45C8E505B354: start as a follower, conf=-1: [02b59665-40e6-4f54-a95c-0606f78ec7ff|rpc:10.1.0.4:36877|dataStream:|priority:0, f64dc5e8-62f3-4def-b87e-a162ae32d3b9|rpc:10.1.0.4:38901|dataStream:|priority:0, f220fda6-a22f-4438-8ee2-dd02585921dd|rpc:10.1.0.4:37777|dataStream:|priority:1], old=null
2022-08-08 17:30:42,658 [pool-119-thread-1] INFO  server.RaftServer$Division (RaftServerImpl.java:setRole(299)) - f220fda6-a22f-4438-8ee2-dd02585921dd@group-45C8E505B354: changes role from      null to FOLLOWER at term 0 for startAsFollower
2022-08-08 17:30:42,658 [pool-119-thread-1] INFO  impl.RoleInfo (RoleInfo.java:updateAndGet(139)) - f220fda6-a22f-4438-8ee2-dd02585921dd: start f220fda6-a22f-4438-8ee2-dd02585921dd@group-45C8E505B354-FollowerState
2022-08-08 17:30:42,662 [pool-119-thread-1] INFO  util.JmxRegister (JmxRegister.java:tryRegister(44)) - Successfully registered JMX Bean with object name Ratis:service=RaftServer,group=group-45C8E505B354,id=f220fda6-a22f-4438-8ee2-dd02585921dd
2022-08-08 17:30:42,742 [Command processor thread] INFO  commandhandler.CreatePipelineCommandHandler (CreatePipelineCommandHandler.java:handle(113)) - Created Pipeline RATIS THREE PipelineID=3cee1696-830b-4191-a8cb-45c8e505b354.
2022-08-08 17:30:42,742 [Command processor thread] INFO  server.RaftServer (RaftServerProxy.java:addNew(96)) - f64dc5e8-62f3-4def-b87e-a162ae32d3b9: addNew group-32AFE4578994:[02b59665-40e6-4f54-a95c-0606f78ec7ff|rpc:10.1.0.4:36877|priority:1, f64dc5e8-62f3-4def-b87e-a162ae32d3b9|rpc:10.1.0.4:38901|priority:0, f220fda6-a22f-4438-8ee2-dd02585921dd|rpc:10.1.0.4:37777|priority:0] returns group-32AFE4578994:java.util.concurrent.CompletableFuture@380c64b1[Not completed]
2022-08-08 17:30:42,743 [pool-73-thread-1] INFO  server.RaftServer$Division (RaftServerImpl.java:<init>(190)) - f64dc5e8-62f3-4def-b87e-a162ae32d3b9: new RaftServerImpl for group-32AFE4578994:[02b59665-40e6-4f54-a95c-0606f78ec7ff|rpc:10.1.0.4:36877|priority:1, f64dc5e8-62f3-4def-b87e-a162ae32d3b9|rpc:10.1.0.4:38901|priority:0, f220fda6-a22f-4438-8ee2-dd02585921dd|rpc:10.1.0.4:37777|priority:0] with ContainerStateMachine:uninitialized
2022-08-08 17:30:42,744 [pool-73-thread-1] INFO  server.RaftServerConfigKeys (ConfUtils.java:logGet(46)) - raft.server.rpc.timeout.min = 5s (custom)
2022-08-08 17:30:42,744 [pool-73-thread-1] INFO  server.RaftServerConfigKeys (ConfUtils.java:logGet(46)) - raft.server.rpc.timeout.max = 5200ms (custom)
2022-08-08 17:30:42,744 [pool-73-thread-1] INFO  server.RaftServerConfigKeys (ConfUtils.java:logGet(46)) - raft.server.rpc.sleep.time = 25ms (default)
2022-08-08 17:30:42,744 [pool-73-thread-1] INFO  server.RaftServerConfigKeys (ConfUtils.java:logGet(46)) - raft.server.rpc.slowness.timeout = 300s (custom)
2022-08-08 17:30:42,744 [pool-73-thread-1] INFO  server.RaftServerConfigKeys (ConfUtils.java:logGet(46)) - raft.server.leaderelection.leader.step-down.wait-time = 10s (default)
2022-08-08 17:30:42,744 [pool-73-thread-1] INFO  server.RaftServerConfigKeys (ConfUtils.java:logGet(46)) - raft.server.sleep.deviation.threshold = 300ms (default)
2022-08-08 17:30:42,744 [pool-73-thread-1] INFO  server.RaftServer$Division (ServerState.java:<init>(107)) - f64dc5e8-62f3-4def-b87e-a162ae32d3b9@group-32AFE4578994: ConfigurationManager, init=-1: [02b59665-40e6-4f54-a95c-0606f78ec7ff|rpc:10.1.0.4:36877|priority:1, f64dc5e8-62f3-4def-b87e-a162ae32d3b9|rpc:10.1.0.4:38901|priority:0, f220fda6-a22f-4438-8ee2-dd02585921dd|rpc:10.1.0.4:37777|priority:0], old=null, confs=<EMPTY_MAP>
2022-08-08 17:30:42,744 [pool-73-thread-1] INFO  server.RaftServerConfigKeys (ConfUtils.java:logGet(46)) - raft.server.storage.dir = [/home/runner/work/ozone/ozone/hadoop-ozone/integration-test/target/test-dir/MiniOzoneClusterImpl-51406671-1893-4796-a216-b7dfafadb542/datanode-0/data/ratis] (custom)
2022-08-08 17:30:42,744 [pool-73-thread-1] INFO  server.RaftServerConfigKeys (ConfUtils.java:logGet(46)) - raft.server.log.corruption.policy = EXCEPTION (default)
2022-08-08 17:30:42,744 [pool-73-thread-1] INFO  server.RaftServerConfigKeys (ConfUtils.java:logGet(46)) - raft.server.storage.free-space.min = 0MB (=0) (default)
2022-08-08 17:30:42,744 [pool-73-thread-1] INFO  storage.RaftStorageDirectory (RaftStorageDirectoryImpl.java:analyzeStorage(135)) - The storage directory /home/runner/work/ozone/ozone/hadoop-ozone/integration-test/target/test-dir/MiniOzoneClusterImpl-51406671-1893-4796-a216-b7dfafadb542/datanode-0/data/ratis/86a0b168-ca13-43f9-b32a-32afe4578994 does not exist. Creating ...
2022-08-08 17:30:42,746 [pool-73-thread-1] INFO  storage.RaftStorageDirectory (RaftStorageDirectoryImpl.java:tryLock(230)) - Lock on /home/runner/work/ozone/ozone/hadoop-ozone/integration-test/target/test-dir/MiniOzoneClusterImpl-51406671-1893-4796-a216-b7dfafadb542/datanode-0/data/ratis/86a0b168-ca13-43f9-b32a-32afe4578994/in_use.lock acquired by nodename 1880@fv-az207-152
2022-08-08 17:30:42,749 [pool-73-thread-1] INFO  storage.RaftStorage (RaftStorageImpl.java:format(89)) - Storage directory /home/runner/work/ozone/ozone/hadoop-ozone/integration-test/target/test-dir/MiniOzoneClusterImpl-51406671-1893-4796-a216-b7dfafadb542/datanode-0/data/ratis/86a0b168-ca13-43f9-b32a-32afe4578994 has been successfully formatted.
2022-08-08 17:30:42,750 [pool-73-thread-1] INFO  ratis.ContainerStateMachine (ContainerStateMachine.java:loadSnapshot(236)) - group-32AFE4578994: The snapshot info is null. Setting the last applied indexto:(t:0, i:~)
2022-08-08 17:30:42,750 [pool-73-thread-1] INFO  server.RaftServerConfigKeys (ConfUtils.java:logGet(46)) - raft.server.notification.no-leader.timeout = 300s (custom)
2022-08-08 17:30:42,750 [pool-73-thread-1] INFO  server.RaftServerConfigKeys (ConfUtils.java:logGet(46)) - raft.server.log.use.memory = false (default)
2022-08-08 17:30:42,751 [pool-73-thread-1] INFO  server.RaftServerConfigKeys (ConfUtils.java:logGet(46)) - raft.server.log.purge.gap = 1000000 (custom)
2022-08-08 17:30:42,751 [pool-73-thread-1] INFO  server.RaftServerConfigKeys (ConfUtils.java:logGet(46)) - raft.server.log.appender.buffer.byte-limit = 33554432 (custom)
2022-08-08 17:30:42,751 [pool-73-thread-1] INFO  server.RaftServerConfigKeys (ConfUtils.java:logGet(46)) - raft.server.log.statemachine.data.read.timeout = 1000ms (default)
2022-08-08 17:30:42,751 [pool-73-thread-1] INFO  server.RaftServerConfigKeys (ConfUtils.java:logGet(46)) - raft.server.log.segment.size.max = 1048576 (custom)
2022-08-08 17:30:42,751 [pool-73-thread-1] INFO  server.RaftServerConfigKeys (ConfUtils.java:logGet(46)) - raft.server.log.segment.cache.num.max = 2 (custom)
2022-08-08 17:30:42,751 [pool-73-thread-1] INFO  server.RaftServerConfigKeys (ConfUtils.java:logGet(46)) - raft.server.log.segment.cache.size.max = 200MB (=209715200) (default)
2022-08-08 17:30:42,751 [pool-73-thread-1] INFO  segmented.SegmentedRaftLogWorker (SegmentedRaftLogWorker.java:<init>(187)) - new f64dc5e8-62f3-4def-b87e-a162ae32d3b9@group-32AFE4578994-SegmentedRaftLogWorker for RaftStorageImpl:Storage Directory /home/runner/work/ozone/ozone/hadoop-ozone/integration-test/target/test-dir/MiniOzoneClusterImpl-51406671-1893-4796-a216-b7dfafadb542/datanode-0/data/ratis/86a0b168-ca13-43f9-b32a-32afe4578994
2022-08-08 17:30:42,751 [pool-73-thread-1] INFO  server.RaftServerConfigKeys (ConfUtils.java:logGet(46)) - raft.server.log.queue.byte-limit = 4294967296 (custom)
2022-08-08 17:30:42,752 [pool-73-thread-1] INFO  server.RaftServerConfigKeys (ConfUtils.java:logGet(46)) - raft.server.log.queue.element-limit = 1024 (custom)
2022-08-08 17:30:42,752 [pool-73-thread-1] INFO  server.RaftServerConfigKeys (ConfUtils.java:logGet(46)) - raft.server.log.segment.size.max = 1048576 (custom)
2022-08-08 17:30:42,752 [pool-73-thread-1] INFO  server.RaftServerConfigKeys (ConfUtils.java:logGet(46)) - raft.server.log.preallocated.size = 16384 (custom)
2022-08-08 17:30:42,752 [pool-73-thread-1] INFO  server.RaftServerConfigKeys (ConfUtils.java:logGet(46)) - raft.server.log.force.sync.num = 128 (default)
2022-08-08 17:30:42,752 [pool-73-thread-1] INFO  server.RaftServerConfigKeys (ConfUtils.java:logGet(46)) - raft.server.log.statemachine.data.sync = true (default)
2022-08-08 17:30:42,752 [pool-73-thread-1] INFO  server.RaftServerConfigKeys (ConfUtils.java:logGet(46)) - raft.server.log.statemachine.data.sync.timeout = 10s (default)
2022-08-08 17:30:42,752 [pool-73-thread-1] INFO  server.RaftServerConfigKeys (ConfUtils.java:logGet(46)) - raft.server.log.statemachine.data.sync.timeout.retry = -1 (default)
2022-08-08 17:30:42,753 [pool-73-thread-1] INFO  server.RaftServerConfigKeys (ConfUtils.java:logGet(46)) - raft.server.log.write.buffer.size = 1048576 (custom)
2022-08-08 17:30:42,753 [pool-73-thread-1] INFO  server.RaftServerConfigKeys (ConfUtils.java:logGet(46)) - raft.server.log.unsafe-flush.enabled = false (default)
2022-08-08 17:30:42,753 [pool-73-thread-1] INFO  server.RaftServerConfigKeys (ConfUtils.java:logGet(46)) - raft.server.log.statemachine.data.caching.enabled = true (custom)
2022-08-08 17:30:42,753 [pool-73-thread-1] INFO  segmented.SegmentedRaftLogWorker (SegmentedRaftLogWorker.java:lambda$new$0(135)) - f64dc5e8-62f3-4def-b87e-a162ae32d3b9@group-32AFE4578994-SegmentedRaftLogWorker: flushIndex: setUnconditionally 0 -> -1
2022-08-08 17:30:42,753 [pool-73-thread-1] INFO  segmented.SegmentedRaftLogWorker (SegmentedRaftLogWorker.java:lambda$new$0(135)) - f64dc5e8-62f3-4def-b87e-a162ae32d3b9@group-32AFE4578994-SegmentedRaftLogWorker: safeCacheEvictIndex: setUnconditionally 0 -> -1
2022-08-08 17:30:42,753 [pool-73-thread-1] INFO  server.RaftServerConfigKeys (ConfUtils.java:logGet(46)) - raft.server.snapshot.auto.trigger.enabled = true (custom)
2022-08-08 17:30:42,753 [pool-73-thread-1] INFO  server.RaftServerConfigKeys (ConfUtils.java:logGet(46)) - raft.server.snapshot.auto.trigger.threshold = 10000 (custom)
2022-08-08 17:30:42,753 [pool-73-thread-1] INFO  server.RaftServerConfigKeys (ConfUtils.java:logGet(46)) - raft.server.snapshot.retention.file.num = 5 (custom)
2022-08-08 17:30:42,754 [pool-73-thread-1] INFO  server.RaftServerConfigKeys (ConfUtils.java:logGet(46)) - raft.server.log.purge.upto.snapshot.index = false (default)
2022-08-08 17:30:42,754 [pool-73-thread-1] INFO  server.RaftServerConfigKeys (ConfUtils.java:logGet(46)) - raft.server.retrycache.expirytime = 600000ms (custom)
2022-08-08 17:30:42,754 [pool-73-thread-1] INFO  server.RaftServerConfigKeys (ConfUtils.java:logGet(46)) - raft.server.retrycache.statistics.expirytime = 100μs (default)
2022-08-08 17:30:42,755 [pool-73-thread-1] INFO  server.RaftServerConfigKeys (ConfUtils.java:logGet(46)) - raft.server.log.appender.install.snapshot.enabled = false (custom)
2022-08-08 17:30:42,755 [pool-73-thread-1] INFO  server.RaftServerConfigKeys (ConfUtils.java:logGet(46)) - raft.server.threadpool.server.cached = true (default)
2022-08-08 17:30:42,755 [pool-73-thread-1] INFO  server.RaftServerConfigKeys (ConfUtils.java:logGet(46)) - raft.server.threadpool.server.size = 0 (default)
2022-08-08 17:30:42,755 [pool-73-thread-1] INFO  server.RaftServerConfigKeys (ConfUtils.java:logGet(46)) - raft.server.threadpool.client.cached = true (default)
2022-08-08 17:30:42,755 [pool-73-thread-1] INFO  server.RaftServerConfigKeys (ConfUtils.java:logGet(46)) - raft.server.threadpool.client.size = 0 (default)
2022-08-08 17:30:42,755 [pool-73-thread-1] INFO  server.RaftServer$Division (RaftServerImpl.java:start(310)) - f64dc5e8-62f3-4def-b87e-a162ae32d3b9@group-32AFE4578994: start as a follower, conf=-1: [02b59665-40e6-4f54-a95c-0606f78ec7ff|rpc:10.1.0.4:36877|priority:1, f64dc5e8-62f3-4def-b87e-a162ae32d3b9|rpc:10.1.0.4:38901|priority:0, f220fda6-a22f-4438-8ee2-dd02585921dd|rpc:10.1.0.4:37777|priority:0], old=null
2022-08-08 17:30:42,755 [pool-73-thread-1] INFO  server.RaftServer$Division (RaftServerImpl.java:setRole(299)) - f64dc5e8-62f3-4def-b87e-a162ae32d3b9@group-32AFE4578994: changes role from      null to FOLLOWER at term 0 for startAsFollower
2022-08-08 17:30:42,755 [pool-73-thread-1] INFO  impl.RoleInfo (RoleInfo.java:updateAndGet(139)) - f64dc5e8-62f3-4def-b87e-a162ae32d3b9: start f64dc5e8-62f3-4def-b87e-a162ae32d3b9@group-32AFE4578994-FollowerState
2022-08-08 17:30:42,755 [pool-73-thread-1] INFO  util.JmxRegister (JmxRegister.java:tryRegister(44)) - Successfully registered JMX Bean with object name Ratis:service=RaftServer,group=group-32AFE4578994,id=f64dc5e8-62f3-4def-b87e-a162ae32d3b9
2022-08-08 17:30:42,758 [Command processor thread] INFO  ratis.XceiverServerRatis (XceiverServerRatis.java:addGroup(765)) - Created group PipelineID=86a0b168-ca13-43f9-b32a-32afe4578994
2022-08-08 17:30:42,771 [EventQueue-OpenPipelineForHealthyPipelineSafeModeRule] INFO  safemode.SCMSafeModeManager (HealthyPipelineSafeModeRule.java:process(137)) - SCM in safe mode. Healthy pipelines reported count is 0, required healthy pipeline reported count is 1
2022-08-08 17:30:42,793 [grpc-default-executor-0] INFO  server.RaftServer (RaftServerProxy.java:addNew(96)) - f220fda6-a22f-4438-8ee2-dd02585921dd: addNew group-32AFE4578994:[02b59665-40e6-4f54-a95c-0606f78ec7ff|rpc:10.1.0.4:36877|dataStream:|priority:1, f64dc5e8-62f3-4def-b87e-a162ae32d3b9|rpc:10.1.0.4:38901|dataStream:|priority:0, f220fda6-a22f-4438-8ee2-dd02585921dd|rpc:10.1.0.4:37777|dataStream:|priority:0] returns group-32AFE4578994:java.util.concurrent.CompletableFuture@1c48e4ae[Not completed]
2022-08-08 17:30:42,793 [Command processor thread] INFO  server.RaftServer (RaftServerProxy.java:addNew(96)) - f220fda6-a22f-4438-8ee2-dd02585921dd: addNew group-E50B999FCD23:[f220fda6-a22f-4438-8ee2-dd02585921dd|rpc:10.1.0.4:37777|priority:1] returns group-E50B999FCD23:java.util.concurrent.CompletableFuture@453d1960[Not completed]
2022-08-08 17:30:42,796 [pool-119-thread-1] INFO  server.RaftServer$Division (RaftServerImpl.java:<init>(190)) - f220fda6-a22f-4438-8ee2-dd02585921dd: new RaftServerImpl for group-32AFE4578994:[02b59665-40e6-4f54-a95c-0606f78ec7ff|rpc:10.1.0.4:36877|dataStream:|priority:1, f64dc5e8-62f3-4def-b87e-a162ae32d3b9|rpc:10.1.0.4:38901|dataStream:|priority:0, f220fda6-a22f-4438-8ee2-dd02585921dd|rpc:10.1.0.4:37777|dataStream:|priority:0] with ContainerStateMachine:uninitialized
2022-08-08 17:30:42,796 [pool-119-thread-1] INFO  server.RaftServerConfigKeys (ConfUtils.java:logGet(46)) - raft.server.rpc.timeout.min = 5s (custom)
2022-08-08 17:30:42,796 [pool-119-thread-1] INFO  server.RaftServerConfigKeys (ConfUtils.java:logGet(46)) - raft.server.rpc.timeout.max = 5200ms (custom)
2022-08-08 17:30:42,796 [pool-119-thread-1] INFO  server.RaftServerConfigKeys (ConfUtils.java:logGet(46)) - raft.server.rpc.sleep.time = 25ms (default)
2022-08-08 17:30:42,796 [pool-119-thread-1] INFO  server.RaftServerConfigKeys (ConfUtils.java:logGet(46)) - raft.server.rpc.slowness.timeout = 300s (custom)
2022-08-08 17:30:42,796 [pool-119-thread-1] INFO  server.RaftServerConfigKeys (ConfUtils.java:logGet(46)) - raft.server.leaderelection.leader.step-down.wait-time = 10s (default)
2022-08-08 17:30:42,796 [pool-119-thread-1] INFO  server.RaftServerConfigKeys (ConfUtils.java:logGet(46)) - raft.server.sleep.deviation.threshold = 300ms (default)
2022-08-08 17:30:42,796 [pool-119-thread-1] INFO  server.RaftServer$Division (ServerState.java:<init>(107)) - f220fda6-a22f-4438-8ee2-dd02585921dd@group-32AFE4578994: ConfigurationManager, init=-1: [02b59665-40e6-4f54-a95c-0606f78ec7ff|rpc:10.1.0.4:36877|dataStream:|priority:1, f64dc5e8-62f3-4def-b87e-a162ae32d3b9|rpc:10.1.0.4:38901|dataStream:|priority:0, f220fda6-a22f-4438-8ee2-dd02585921dd|rpc:10.1.0.4:37777|dataStream:|priority:0], old=null, confs=<EMPTY_MAP>
2022-08-08 17:30:42,796 [pool-119-thread-1] INFO  server.RaftServerConfigKeys (ConfUtils.java:logGet(46)) - raft.server.storage.dir = [/home/runner/work/ozone/ozone/hadoop-ozone/integration-test/target/test-dir/MiniOzoneClusterImpl-51406671-1893-4796-a216-b7dfafadb542/datanode-2/data/ratis] (custom)
2022-08-08 17:30:42,796 [pool-119-thread-1] INFO  server.RaftServerConfigKeys (ConfUtils.java:logGet(46)) - raft.server.log.corruption.policy = EXCEPTION (default)
2022-08-08 17:30:42,796 [pool-119-thread-1] INFO  server.RaftServerConfigKeys (ConfUtils.java:logGet(46)) - raft.server.storage.free-space.min = 0MB (=0) (default)
2022-08-08 17:30:42,797 [pool-119-thread-1] INFO  storage.RaftStorageDirectory (RaftStorageDirectoryImpl.java:analyzeStorage(135)) - The storage directory /home/runner/work/ozone/ozone/hadoop-ozone/integration-test/target/test-dir/MiniOzoneClusterImpl-51406671-1893-4796-a216-b7dfafadb542/datanode-2/data/ratis/86a0b168-ca13-43f9-b32a-32afe4578994 does not exist. Creating ...
2022-08-08 17:30:42,802 [pool-119-thread-1] INFO  storage.RaftStorageDirectory (RaftStorageDirectoryImpl.java:tryLock(230)) - Lock on /home/runner/work/ozone/ozone/hadoop-ozone/integration-test/target/test-dir/MiniOzoneClusterImpl-51406671-1893-4796-a216-b7dfafadb542/datanode-2/data/ratis/86a0b168-ca13-43f9-b32a-32afe4578994/in_use.lock acquired by nodename 1880@fv-az207-152
2022-08-08 17:30:42,803 [pool-119-thread-1] INFO  storage.RaftStorage (RaftStorageImpl.java:format(89)) - Storage directory /home/runner/work/ozone/ozone/hadoop-ozone/integration-test/target/test-dir/MiniOzoneClusterImpl-51406671-1893-4796-a216-b7dfafadb542/datanode-2/data/ratis/86a0b168-ca13-43f9-b32a-32afe4578994 has been successfully formatted.
2022-08-08 17:30:42,804 [pool-119-thread-1] INFO  ratis.ContainerStateMachine (ContainerStateMachine.java:loadSnapshot(236)) - group-32AFE4578994: The snapshot info is null. Setting the last applied indexto:(t:0, i:~)
2022-08-08 17:30:42,804 [pool-119-thread-1] INFO  server.RaftServerConfigKeys (ConfUtils.java:logGet(46)) - raft.server.notification.no-leader.timeout = 300s (custom)
2022-08-08 17:30:42,804 [pool-119-thread-1] INFO  server.RaftServerConfigKeys (ConfUtils.java:logGet(46)) - raft.server.log.use.memory = false (default)
2022-08-08 17:30:42,804 [pool-119-thread-1] INFO  server.RaftServerConfigKeys (ConfUtils.java:logGet(46)) - raft.server.log.purge.gap = 1000000 (custom)
2022-08-08 17:30:42,804 [pool-119-thread-1] INFO  server.RaftServerConfigKeys (ConfUtils.java:logGet(46)) - raft.server.log.appender.buffer.byte-limit = 33554432 (custom)
2022-08-08 17:30:42,804 [pool-119-thread-1] INFO  server.RaftServerConfigKeys (ConfUtils.java:logGet(46)) - raft.server.log.statemachine.data.read.timeout = 1000ms (default)
2022-08-08 17:30:42,804 [pool-119-thread-1] INFO  server.RaftServerConfigKeys (ConfUtils.java:logGet(46)) - raft.server.log.segment.size.max = 1048576 (custom)
2022-08-08 17:30:42,805 [pool-119-thread-1] INFO  server.RaftServerConfigKeys (ConfUtils.java:logGet(46)) - raft.server.log.segment.cache.num.max = 2 (custom)
2022-08-08 17:30:42,805 [pool-119-thread-1] INFO  server.RaftServerConfigKeys (ConfUtils.java:logGet(46)) - raft.server.log.segment.cache.size.max = 200MB (=209715200) (default)
2022-08-08 17:30:42,805 [pool-119-thread-1] INFO  segmented.SegmentedRaftLogWorker (SegmentedRaftLogWorker.java:<init>(187)) - new f220fda6-a22f-4438-8ee2-dd02585921dd@group-32AFE4578994-SegmentedRaftLogWorker for RaftStorageImpl:Storage Directory /home/runner/work/ozone/ozone/hadoop-ozone/integration-test/target/test-dir/MiniOzoneClusterImpl-51406671-1893-4796-a216-b7dfafadb542/datanode-2/data/ratis/86a0b168-ca13-43f9-b32a-32afe4578994
2022-08-08 17:30:42,805 [pool-119-thread-1] INFO  server.RaftServerConfigKeys (ConfUtils.java:logGet(46)) - raft.server.log.queue.byte-limit = 4294967296 (custom)
2022-08-08 17:30:42,805 [pool-119-thread-1] INFO  server.RaftServerConfigKeys (ConfUtils.java:logGet(46)) - raft.server.log.queue.element-limit = 1024 (custom)
2022-08-08 17:30:42,805 [pool-119-thread-1] INFO  server.RaftServerConfigKeys (ConfUtils.java:logGet(46)) - raft.server.log.segment.size.max = 1048576 (custom)
2022-08-08 17:30:42,805 [pool-119-thread-1] INFO  server.RaftServerConfigKeys (ConfUtils.java:logGet(46)) - raft.server.log.preallocated.size = 16384 (custom)
2022-08-08 17:30:42,805 [pool-119-thread-1] INFO  server.RaftServerConfigKeys (ConfUtils.java:logGet(46)) - raft.server.log.force.sync.num = 128 (default)
2022-08-08 17:30:42,805 [pool-119-thread-1] INFO  server.RaftServerConfigKeys (ConfUtils.java:logGet(46)) - raft.server.log.statemachine.data.sync = true (default)
2022-08-08 17:30:42,805 [pool-119-thread-1] INFO  server.RaftServerConfigKeys (ConfUtils.java:logGet(46)) - raft.server.log.statemachine.data.sync.timeout = 10s (default)
2022-08-08 17:30:42,805 [pool-119-thread-1] INFO  server.RaftServerConfigKeys (ConfUtils.java:logGet(46)) - raft.server.log.statemachine.data.sync.timeout.retry = -1 (default)
2022-08-08 17:30:42,806 [pool-119-thread-1] INFO  server.RaftServerConfigKeys (ConfUtils.java:logGet(46)) - raft.server.log.write.buffer.size = 1048576 (custom)
2022-08-08 17:30:42,807 [pool-119-thread-1] INFO  server.RaftServerConfigKeys (ConfUtils.java:logGet(46)) - raft.server.log.unsafe-flush.enabled = false (default)
2022-08-08 17:30:42,807 [pool-119-thread-1] INFO  server.RaftServerConfigKeys (ConfUtils.java:logGet(46)) - raft.server.log.statemachine.data.caching.enabled = true (custom)
2022-08-08 17:30:42,808 [EventQueue-PipelineReportForPipelineReportHandler] INFO  pipeline.PipelineManagerImpl (PipelineManagerImpl.java:openPipeline(367)) - Pipeline Pipeline[ Id: 56598b43-e6fa-40a4-9745-e50b999fcd23, Nodes: f220fda6-a22f-4438-8ee2-dd02585921dd{ip: 10.1.0.4, host: fv-az207-152.1ztp0ef1jgbebjcpob1ohcpowa.jx.internal.cloudapp.net, ports: [REPLICATION=38379, RATIS=37777, RATIS_ADMIN=37777, RATIS_SERVER=37777, STANDALONE=38219], networkLocation: /default-rack, certSerialId: null, persistedOpState: IN_SERVICE, persistedOpStateExpiryEpochSec: 0}, ReplicationConfig: RATIS/ONE, State:ALLOCATED, leaderId:f220fda6-a22f-4438-8ee2-dd02585921dd, CreationTimestamp2022-08-08T17:30:39.793Z[Etc/UTC]] moved to OPEN state
2022-08-08 17:30:42,808 [EventQueue-OpenPipelineForHealthyPipelineSafeModeRule] INFO  safemode.SCMSafeModeManager (HealthyPipelineSafeModeRule.java:process(137)) - SCM in safe mode. Healthy pipelines reported count is 0, required healthy pipeline reported count is 1
2022-08-08 17:30:42,809 [Command processor thread] INFO  commandhandler.CreatePipelineCommandHandler (CreatePipelineCommandHandler.java:handle(113)) - Created Pipeline RATIS THREE PipelineID=3cee1696-830b-4191-a8cb-45c8e505b354.
2022-08-08 17:30:42,808 [pool-119-thread-1] INFO  segmented.SegmentedRaftLogWorker (SegmentedRaftLogWorker.java:lambda$new$0(135)) - f220fda6-a22f-4438-8ee2-dd02585921dd@group-32AFE4578994-SegmentedRaftLogWorker: flushIndex: setUnconditionally 0 -> -1
2022-08-08 17:30:42,811 [pool-119-thread-1] INFO  segmented.SegmentedRaftLogWorker (SegmentedRaftLogWorker.java:lambda$new$0(135)) - f220fda6-a22f-4438-8ee2-dd02585921dd@group-32AFE4578994-SegmentedRaftLogWorker: safeCacheEvictIndex: setUnconditionally 0 -> -1
2022-08-08 17:30:42,811 [Command processor thread] INFO  server.RaftServer (RaftServerProxy.java:addNew(96)) - 02b59665-40e6-4f54-a95c-0606f78ec7ff: addNew group-32AFE4578994:[02b59665-40e6-4f54-a95c-0606f78ec7ff|rpc:10.1.0.4:36877|priority:1, f64dc5e8-62f3-4def-b87e-a162ae32d3b9|rpc:10.1.0.4:38901|priority:0, f220fda6-a22f-4438-8ee2-dd02585921dd|rpc:10.1.0.4:37777|priority:0] returns group-32AFE4578994:java.util.concurrent.CompletableFuture@747a14ea[Not completed]
2022-08-08 17:30:42,812 [pool-96-thread-1] INFO  server.RaftServer$Division (RaftServerImpl.java:<init>(190)) - 02b59665-40e6-4f54-a95c-0606f78ec7ff: new RaftServerImpl for group-32AFE4578994:[02b59665-40e6-4f54-a95c-0606f78ec7ff|rpc:10.1.0.4:36877|priority:1, f64dc5e8-62f3-4def-b87e-a162ae32d3b9|rpc:10.1.0.4:38901|priority:0, f220fda6-a22f-4438-8ee2-dd02585921dd|rpc:10.1.0.4:37777|priority:0] with ContainerStateMachine:uninitialized
2022-08-08 17:30:42,812 [pool-96-thread-1] INFO  server.RaftServerConfigKeys (ConfUtils.java:logGet(46)) - raft.server.rpc.timeout.min = 5s (custom)
2022-08-08 17:30:42,812 [pool-96-thread-1] INFO  server.RaftServerConfigKeys (ConfUtils.java:logGet(46)) - raft.server.rpc.timeout.max = 5200ms (custom)
2022-08-08 17:30:42,812 [pool-96-thread-1] INFO  server.RaftServerConfigKeys (ConfUtils.java:logGet(46)) - raft.server.rpc.sleep.time = 25ms (default)
2022-08-08 17:30:42,812 [pool-96-thread-1] INFO  server.RaftServerConfigKeys (ConfUtils.java:logGet(46)) - raft.server.rpc.slowness.timeout = 300s (custom)
2022-08-08 17:30:42,812 [pool-96-thread-1] INFO  server.RaftServerConfigKeys (ConfUtils.java:logGet(46)) - raft.server.leaderelection.leader.step-down.wait-time = 10s (default)
2022-08-08 17:30:42,812 [pool-96-thread-1] INFO  server.RaftServerConfigKeys (ConfUtils.java:logGet(46)) - raft.server.sleep.deviation.threshold = 300ms (default)
2022-08-08 17:30:42,812 [pool-96-thread-1] INFO  server.RaftServer$Division (ServerState.java:<init>(107)) - 02b59665-40e6-4f54-a95c-0606f78ec7ff@group-32AFE4578994: ConfigurationManager, init=-1: [02b59665-40e6-4f54-a95c-0606f78ec7ff|rpc:10.1.0.4:36877|priority:1, f64dc5e8-62f3-4def-b87e-a162ae32d3b9|rpc:10.1.0.4:38901|priority:0, f220fda6-a22f-4438-8ee2-dd02585921dd|rpc:10.1.0.4:37777|priority:0], old=null, confs=<EMPTY_MAP>
2022-08-08 17:30:42,812 [pool-96-thread-1] INFO  server.RaftServerConfigKeys (ConfUtils.java:logGet(46)) - raft.server.storage.dir = [/home/runner/work/ozone/ozone/hadoop-ozone/integration-test/target/test-dir/MiniOzoneClusterImpl-51406671-1893-4796-a216-b7dfafadb542/datanode-1/data/ratis] (custom)
2022-08-08 17:30:42,812 [pool-96-thread-1] INFO  server.RaftServerConfigKeys (ConfUtils.java:logGet(46)) - raft.server.log.corruption.policy = EXCEPTION (default)
2022-08-08 17:30:42,812 [pool-96-thread-1] INFO  server.RaftServerConfigKeys (ConfUtils.java:logGet(46)) - raft.server.storage.free-space.min = 0MB (=0) (default)
2022-08-08 17:30:42,813 [pool-96-thread-1] INFO  storage.RaftStorageDirectory (RaftStorageDirectoryImpl.java:analyzeStorage(135)) - The storage directory /home/runner/work/ozone/ozone/hadoop-ozone/integration-test/target/test-dir/MiniOzoneClusterImpl-51406671-1893-4796-a216-b7dfafadb542/datanode-1/data/ratis/86a0b168-ca13-43f9-b32a-32afe4578994 does not exist. Creating ...
2022-08-08 17:30:42,814 [pool-96-thread-1] INFO  storage.RaftStorageDirectory (RaftStorageDirectoryImpl.java:tryLock(230)) - Lock on /home/runner/work/ozone/ozone/hadoop-ozone/integration-test/target/test-dir/MiniOzoneClusterImpl-51406671-1893-4796-a216-b7dfafadb542/datanode-1/data/ratis/86a0b168-ca13-43f9-b32a-32afe4578994/in_use.lock acquired by nodename 1880@fv-az207-152
2022-08-08 17:30:42,815 [pool-96-thread-1] INFO  storage.RaftStorage (RaftStorageImpl.java:format(89)) - Storage directory /home/runner/work/ozone/ozone/hadoop-ozone/integration-test/target/test-dir/MiniOzoneClusterImpl-51406671-1893-4796-a216-b7dfafadb542/datanode-1/data/ratis/86a0b168-ca13-43f9-b32a-32afe4578994 has been successfully formatted.
2022-08-08 17:30:42,818 [pool-96-thread-1] INFO  ratis.ContainerStateMachine (ContainerStateMachine.java:loadSnapshot(236)) - group-32AFE4578994: The snapshot info is null. Setting the last applied indexto:(t:0, i:~)
2022-08-08 17:30:42,818 [pool-96-thread-1] INFO  server.RaftServerConfigKeys (ConfUtils.java:logGet(46)) - raft.server.notification.no-leader.timeout = 300s (custom)
2022-08-08 17:30:42,818 [pool-96-thread-1] INFO  server.RaftServerConfigKeys (ConfUtils.java:logGet(46)) - raft.server.log.use.memory = false (default)
2022-08-08 17:30:42,818 [pool-96-thread-1] INFO  server.RaftServerConfigKeys (ConfUtils.java:logGet(46)) - raft.server.log.purge.gap = 1000000 (custom)
2022-08-08 17:30:42,818 [pool-96-thread-1] INFO  server.RaftServerConfigKeys (ConfUtils.java:logGet(46)) - raft.server.log.appender.buffer.byte-limit = 33554432 (custom)
2022-08-08 17:30:42,818 [pool-96-thread-1] INFO  server.RaftServerConfigKeys (ConfUtils.java:logGet(46)) - raft.server.log.statemachine.data.read.timeout = 1000ms (default)
2022-08-08 17:30:42,819 [pool-96-thread-1] INFO  server.RaftServerConfigKeys (ConfUtils.java:logGet(46)) - raft.server.log.segment.size.max = 1048576 (custom)
2022-08-08 17:30:42,819 [pool-96-thread-1] INFO  server.RaftServerConfigKeys (ConfUtils.java:logGet(46)) - raft.server.log.segment.cache.num.max = 2 (custom)
2022-08-08 17:30:42,819 [pool-96-thread-1] INFO  server.RaftServerConfigKeys (ConfUtils.java:logGet(46)) - raft.server.log.segment.cache.size.max = 200MB (=209715200) (default)
2022-08-08 17:30:42,819 [pool-96-thread-1] INFO  segmented.SegmentedRaftLogWorker (SegmentedRaftLogWorker.java:<init>(187)) - new 02b59665-40e6-4f54-a95c-0606f78ec7ff@group-32AFE4578994-SegmentedRaftLogWorker for RaftStorageImpl:Storage Directory /home/runner/work/ozone/ozone/hadoop-ozone/integration-test/target/test-dir/MiniOzoneClusterImpl-51406671-1893-4796-a216-b7dfafadb542/datanode-1/data/ratis/86a0b168-ca13-43f9-b32a-32afe4578994
2022-08-08 17:30:42,819 [pool-96-thread-1] INFO  server.RaftServerConfigKeys (ConfUtils.java:logGet(46)) - raft.server.log.queue.byte-limit = 4294967296 (custom)
2022-08-08 17:30:42,819 [pool-96-thread-1] INFO  server.RaftServerConfigKeys (ConfUtils.java:logGet(46)) - raft.server.log.queue.element-limit = 1024 (custom)
2022-08-08 17:30:42,819 [pool-96-thread-1] INFO  server.RaftServerConfigKeys (ConfUtils.java:logGet(46)) - raft.server.log.segment.size.max = 1048576 (custom)
2022-08-08 17:30:42,819 [pool-96-thread-1] INFO  server.RaftServerConfigKeys (ConfUtils.java:logGet(46)) - raft.server.log.preallocated.size = 16384 (custom)
2022-08-08 17:30:42,819 [pool-96-thread-1] INFO  server.RaftServerConfigKeys (ConfUtils.java:logGet(46)) - raft.server.log.force.sync.num = 128 (default)
2022-08-08 17:30:42,819 [pool-96-thread-1] INFO  server.RaftServerConfigKeys (ConfUtils.java:logGet(46)) - raft.server.log.statemachine.data.sync = true (default)
2022-08-08 17:30:42,819 [pool-96-thread-1] INFO  server.RaftServerConfigKeys (ConfUtils.java:logGet(46)) - raft.server.log.statemachine.data.sync.timeout = 10s (default)
2022-08-08 17:30:42,819 [pool-96-thread-1] INFO  server.RaftServerConfigKeys (ConfUtils.java:logGet(46)) - raft.server.log.statemachine.data.sync.timeout.retry = -1 (default)
2022-08-08 17:30:42,820 [pool-96-thread-1] INFO  server.RaftServerConfigKeys (ConfUtils.java:logGet(46)) - raft.server.log.write.buffer.size = 1048576 (custom)
2022-08-08 17:30:42,821 [pool-96-thread-1] INFO  server.RaftServerConfigKeys (ConfUtils.java:logGet(46)) - raft.server.log.unsafe-flush.enabled = false (default)
2022-08-08 17:30:42,821 [pool-96-thread-1] INFO  server.RaftServerConfigKeys (ConfUtils.java:logGet(46)) - raft.server.log.statemachine.data.caching.enabled = true (custom)
2022-08-08 17:30:42,821 [pool-96-thread-1] INFO  segmented.SegmentedRaftLogWorker (SegmentedRaftLogWorker.java:lambda$new$0(135)) - 02b59665-40e6-4f54-a95c-0606f78ec7ff@group-32AFE4578994-SegmentedRaftLogWorker: flushIndex: setUnconditionally 0 -> -1
2022-08-08 17:30:42,821 [pool-96-thread-1] INFO  segmented.SegmentedRaftLogWorker (SegmentedRaftLogWorker.java:lambda$new$0(135)) - 02b59665-40e6-4f54-a95c-0606f78ec7ff@group-32AFE4578994-SegmentedRaftLogWorker: safeCacheEvictIndex: setUnconditionally 0 -> -1
2022-08-08 17:30:42,824 [pool-96-thread-1] INFO  server.RaftServerConfigKeys (ConfUtils.java:logGet(46)) - raft.server.snapshot.auto.trigger.enabled = true (custom)
2022-08-08 17:30:42,832 [pool-96-thread-1] INFO  server.RaftServerConfigKeys (ConfUtils.java:logGet(46)) - raft.server.snapshot.auto.trigger.threshold = 10000 (custom)
2022-08-08 17:30:42,832 [EventQueue-OpenPipelineForHealthyPipelineSafeModeRule] INFO  safemode.SCMSafeModeManager (HealthyPipelineSafeModeRule.java:process(137)) - SCM in safe mode. Healthy pipelines reported count is 0, required healthy pipeline reported count is 1
2022-08-08 17:30:42,824 [pool-119-thread-1] INFO  server.RaftServerConfigKeys (ConfUtils.java:logGet(46)) - raft.server.snapshot.auto.trigger.enabled = true (custom)
2022-08-08 17:30:42,832 [pool-119-thread-1] INFO  server.RaftServerConfigKeys (ConfUtils.java:logGet(46)) - raft.server.snapshot.auto.trigger.threshold = 10000 (custom)
2022-08-08 17:30:42,832 [pool-119-thread-1] INFO  server.RaftServerConfigKeys (ConfUtils.java:logGet(46)) - raft.server.snapshot.retention.file.num = 5 (custom)
2022-08-08 17:30:42,832 [pool-119-thread-1] INFO  server.RaftServerConfigKeys (ConfUtils.java:logGet(46)) - raft.server.log.purge.upto.snapshot.index = false (default)
2022-08-08 17:30:42,832 [pool-96-thread-1] INFO  server.RaftServerConfigKeys (ConfUtils.java:logGet(46)) - raft.server.snapshot.retention.file.num = 5 (custom)
2022-08-08 17:30:42,832 [pool-119-thread-1] INFO  server.RaftServerConfigKeys (ConfUtils.java:logGet(46)) - raft.server.retrycache.expirytime = 600000ms (custom)
2022-08-08 17:30:42,832 [pool-96-thread-1] INFO  server.RaftServerConfigKeys (ConfUtils.java:logGet(46)) - raft.server.log.purge.upto.snapshot.index = false (default)
2022-08-08 17:30:42,832 [pool-119-thread-1] INFO  server.RaftServerConfigKeys (ConfUtils.java:logGet(46)) - raft.server.retrycache.statistics.expirytime = 100μs (default)
2022-08-08 17:30:42,833 [pool-96-thread-1] INFO  server.RaftServerConfigKeys (ConfUtils.java:logGet(46)) - raft.server.retrycache.expirytime = 600000ms (custom)
2022-08-08 17:30:42,833 [pool-96-thread-1] INFO  server.RaftServerConfigKeys (ConfUtils.java:logGet(46)) - raft.server.retrycache.statistics.expirytime = 100μs (default)
2022-08-08 17:30:42,835 [pool-119-thread-1] INFO  server.RaftServerConfigKeys (ConfUtils.java:logGet(46)) - raft.server.log.appender.install.snapshot.enabled = false (custom)
2022-08-08 17:30:42,835 [pool-96-thread-1] INFO  server.RaftServerConfigKeys (ConfUtils.java:logGet(46)) - raft.server.log.appender.install.snapshot.enabled = false (custom)
2022-08-08 17:30:42,835 [pool-119-thread-1] INFO  server.RaftServerConfigKeys (ConfUtils.java:logGet(46)) - raft.server.threadpool.server.cached = true (default)
2022-08-08 17:30:42,835 [pool-119-thread-1] INFO  server.RaftServerConfigKeys (ConfUtils.java:logGet(46)) - raft.server.threadpool.server.size = 0 (default)
2022-08-08 17:30:42,836 [pool-119-thread-1] INFO  server.RaftServerConfigKeys (ConfUtils.java:logGet(46)) - raft.server.threadpool.client.cached = true (default)
2022-08-08 17:30:42,836 [pool-119-thread-1] INFO  server.RaftServerConfigKeys (ConfUtils.java:logGet(46)) - raft.server.threadpool.client.size = 0 (default)
2022-08-08 17:30:42,837 [pool-119-thread-1] INFO  server.RaftServer$Division (RaftServerImpl.java:<init>(190)) - f220fda6-a22f-4438-8ee2-dd02585921dd: new RaftServerImpl for group-E50B999FCD23:[f220fda6-a22f-4438-8ee2-dd02585921dd|rpc:10.1.0.4:37777|priority:1] with ContainerStateMachine:uninitialized
2022-08-08 17:30:42,837 [pool-119-thread-1] INFO  server.RaftServerConfigKeys (ConfUtils.java:logGet(46)) - raft.server.rpc.timeout.min = 5s (custom)
2022-08-08 17:30:42,837 [pool-119-thread-1] INFO  server.RaftServerConfigKeys (ConfUtils.java:logGet(46)) - raft.server.rpc.timeout.max = 5200ms (custom)
2022-08-08 17:30:42,837 [pool-119-thread-1] INFO  server.RaftServerConfigKeys (ConfUtils.java:logGet(46)) - raft.server.rpc.sleep.time = 25ms (default)
2022-08-08 17:30:42,837 [pool-119-thread-1] INFO  server.RaftServerConfigKeys (ConfUtils.java:logGet(46)) - raft.server.rpc.slowness.timeout = 300s (custom)
2022-08-08 17:30:42,837 [pool-119-thread-1] INFO  server.RaftServerConfigKeys (ConfUtils.java:logGet(46)) - raft.server.leaderelection.leader.step-down.wait-time = 10s (default)
2022-08-08 17:30:42,837 [pool-119-thread-1] INFO  server.RaftServerConfigKeys (ConfUtils.java:logGet(46)) - raft.server.sleep.deviation.threshold = 300ms (default)
2022-08-08 17:30:42,837 [pool-119-thread-1] INFO  server.RaftServer$Division (ServerState.java:<init>(107)) - f220fda6-a22f-4438-8ee2-dd02585921dd@group-E50B999FCD23: ConfigurationManager, init=-1: [f220fda6-a22f-4438-8ee2-dd02585921dd|rpc:10.1.0.4:37777|priority:1], old=null, confs=<EMPTY_MAP>
2022-08-08 17:30:42,835 [pool-96-thread-1] INFO  server.RaftServerConfigKeys (ConfUtils.java:logGet(46)) - raft.server.threadpool.server.cached = true (default)
2022-08-08 17:30:42,837 [pool-119-thread-1] INFO  server.RaftServerConfigKeys (ConfUtils.java:logGet(46)) - raft.server.storage.dir = [/home/runner/work/ozone/ozone/hadoop-ozone/integration-test/target/test-dir/MiniOzoneClusterImpl-51406671-1893-4796-a216-b7dfafadb542/datanode-2/data/ratis] (custom)
2022-08-08 17:30:42,837 [pool-96-thread-1] INFO  server.RaftServerConfigKeys (ConfUtils.java:logGet(46)) - raft.server.threadpool.server.size = 0 (default)
2022-08-08 17:30:42,837 [pool-96-thread-1] INFO  server.RaftServerConfigKeys (ConfUtils.java:logGet(46)) - raft.server.threadpool.client.cached = true (default)
2022-08-08 17:30:42,837 [pool-96-thread-1] INFO  server.RaftServerConfigKeys (ConfUtils.java:logGet(46)) - raft.server.threadpool.client.size = 0 (default)
2022-08-08 17:30:42,837 [pool-96-thread-1] INFO  server.RaftServer$Division (RaftServerImpl.java:start(310)) - 02b59665-40e6-4f54-a95c-0606f78ec7ff@group-32AFE4578994: start as a follower, conf=-1: [02b59665-40e6-4f54-a95c-0606f78ec7ff|rpc:10.1.0.4:36877|priority:1, f64dc5e8-62f3-4def-b87e-a162ae32d3b9|rpc:10.1.0.4:38901|priority:0, f220fda6-a22f-4438-8ee2-dd02585921dd|rpc:10.1.0.4:37777|priority:0], old=null
2022-08-08 17:30:42,837 [pool-96-thread-1] INFO  server.RaftServer$Division (RaftServerImpl.java:setRole(299)) - 02b59665-40e6-4f54-a95c-0606f78ec7ff@group-32AFE4578994: changes role from      null to FOLLOWER at term 0 for startAsFollower
2022-08-08 17:30:42,838 [pool-96-thread-1] INFO  impl.RoleInfo (RoleInfo.java:updateAndGet(139)) - 02b59665-40e6-4f54-a95c-0606f78ec7ff: start 02b59665-40e6-4f54-a95c-0606f78ec7ff@group-32AFE4578994-FollowerState
2022-08-08 17:30:42,837 [pool-119-thread-1] INFO  server.RaftServerConfigKeys (ConfUtils.java:logGet(46)) - raft.server.log.corruption.policy = EXCEPTION (default)
2022-08-08 17:30:42,838 [pool-119-thread-1] INFO  server.RaftServerConfigKeys (ConfUtils.java:logGet(46)) - raft.server.storage.free-space.min = 0MB (=0) (default)
2022-08-08 17:30:42,838 [pool-96-thread-1] INFO  util.JmxRegister (JmxRegister.java:tryRegister(44)) - Successfully registered JMX Bean with object name Ratis:service=RaftServer,group=group-32AFE4578994,id=02b59665-40e6-4f54-a95c-0606f78ec7ff
2022-08-08 17:30:42,838 [pool-119-thread-1] INFO  storage.RaftStorageDirectory (RaftStorageDirectoryImpl.java:analyzeStorage(135)) - The storage directory /home/runner/work/ozone/ozone/hadoop-ozone/integration-test/target/test-dir/MiniOzoneClusterImpl-51406671-1893-4796-a216-b7dfafadb542/datanode-2/data/ratis/56598b43-e6fa-40a4-9745-e50b999fcd23 does not exist. Creating ...
2022-08-08 17:30:42,839 [Command processor thread] INFO  ratis.XceiverServerRatis (XceiverServerRatis.java:addGroup(765)) - Created group PipelineID=86a0b168-ca13-43f9-b32a-32afe4578994
2022-08-08 17:30:42,843 [pool-119-thread-1] INFO  storage.RaftStorageDirectory (RaftStorageDirectoryImpl.java:tryLock(230)) - Lock on /home/runner/work/ozone/ozone/hadoop-ozone/integration-test/target/test-dir/MiniOzoneClusterImpl-51406671-1893-4796-a216-b7dfafadb542/datanode-2/data/ratis/56598b43-e6fa-40a4-9745-e50b999fcd23/in_use.lock acquired by nodename 1880@fv-az207-152
2022-08-08 17:30:42,850 [pool-119-thread-1] INFO  storage.RaftStorage (RaftStorageImpl.java:format(89)) - Storage directory /home/runner/work/ozone/ozone/hadoop-ozone/integration-test/target/test-dir/MiniOzoneClusterImpl-51406671-1893-4796-a216-b7dfafadb542/datanode-2/data/ratis/56598b43-e6fa-40a4-9745-e50b999fcd23 has been successfully formatted.
2022-08-08 17:30:42,850 [pool-119-thread-1] INFO  ratis.ContainerStateMachine (ContainerStateMachine.java:loadSnapshot(236)) - group-E50B999FCD23: The snapshot info is null. Setting the last applied indexto:(t:0, i:~)
2022-08-08 17:30:42,850 [pool-119-thread-1] INFO  server.RaftServerConfigKeys (ConfUtils.java:logGet(46)) - raft.server.notification.no-leader.timeout = 300s (custom)
2022-08-08 17:30:42,850 [pool-119-thread-1] INFO  server.RaftServerConfigKeys (ConfUtils.java:logGet(46)) - raft.server.log.use.memory = false (default)
2022-08-08 17:30:42,851 [pool-119-thread-1] INFO  server.RaftServerConfigKeys (ConfUtils.java:logGet(46)) - raft.server.log.purge.gap = 1000000 (custom)
2022-08-08 17:30:42,851 [pool-119-thread-1] INFO  server.RaftServerConfigKeys (ConfUtils.java:logGet(46)) - raft.server.log.appender.buffer.byte-limit = 33554432 (custom)
2022-08-08 17:30:42,851 [pool-119-thread-1] INFO  server.RaftServerConfigKeys (ConfUtils.java:logGet(46)) - raft.server.log.statemachine.data.read.timeout = 1000ms (default)
2022-08-08 17:30:42,854 [pool-119-thread-1] INFO  server.RaftServerConfigKeys (ConfUtils.java:logGet(46)) - raft.server.log.segment.size.max = 1048576 (custom)
2022-08-08 17:30:42,858 [EventQueue-OpenPipelineForHealthyPipelineSafeModeRule] INFO  safemode.SCMSafeModeManager (HealthyPipelineSafeModeRule.java:process(137)) - SCM in safe mode. Healthy pipelines reported count is 0, required healthy pipeline reported count is 1
2022-08-08 17:30:42,858 [pool-119-thread-1] INFO  server.RaftServerConfigKeys (ConfUtils.java:logGet(46)) - raft.server.log.segment.cache.num.max = 2 (custom)
2022-08-08 17:30:42,858 [pool-119-thread-1] INFO  server.RaftServerConfigKeys (ConfUtils.java:logGet(46)) - raft.server.log.segment.cache.size.max = 200MB (=209715200) (default)
2022-08-08 17:30:42,858 [pool-119-thread-1] INFO  segmented.SegmentedRaftLogWorker (SegmentedRaftLogWorker.java:<init>(187)) - new f220fda6-a22f-4438-8ee2-dd02585921dd@group-E50B999FCD23-SegmentedRaftLogWorker for RaftStorageImpl:Storage Directory /home/runner/work/ozone/ozone/hadoop-ozone/integration-test/target/test-dir/MiniOzoneClusterImpl-51406671-1893-4796-a216-b7dfafadb542/datanode-2/data/ratis/56598b43-e6fa-40a4-9745-e50b999fcd23
2022-08-08 17:30:42,858 [pool-119-thread-1] INFO  server.RaftServerConfigKeys (ConfUtils.java:logGet(46)) - raft.server.log.queue.byte-limit = 4294967296 (custom)
2022-08-08 17:30:42,858 [pool-119-thread-1] INFO  server.RaftServerConfigKeys (ConfUtils.java:logGet(46)) - raft.server.log.queue.element-limit = 1024 (custom)
2022-08-08 17:30:42,858 [pool-119-thread-1] INFO  server.RaftServerConfigKeys (ConfUtils.java:logGet(46)) - raft.server.log.segment.size.max = 1048576 (custom)
2022-08-08 17:30:42,858 [pool-119-thread-1] INFO  server.RaftServerConfigKeys (ConfUtils.java:logGet(46)) - raft.server.log.preallocated.size = 16384 (custom)
2022-08-08 17:30:42,858 [pool-119-thread-1] INFO  server.RaftServerConfigKeys (ConfUtils.java:logGet(46)) - raft.server.log.force.sync.num = 128 (default)
2022-08-08 17:30:42,858 [pool-119-thread-1] INFO  server.RaftServerConfigKeys (ConfUtils.java:logGet(46)) - raft.server.log.statemachine.data.sync = true (default)
2022-08-08 17:30:42,858 [pool-119-thread-1] INFO  server.RaftServerConfigKeys (ConfUtils.java:logGet(46)) - raft.server.log.statemachine.data.sync.timeout = 10s (default)
2022-08-08 17:30:42,859 [pool-119-thread-1] INFO  server.RaftServerConfigKeys (ConfUtils.java:logGet(46)) - raft.server.log.statemachine.data.sync.timeout.retry = -1 (default)
2022-08-08 17:30:42,859 [pool-119-thread-1] INFO  server.RaftServerConfigKeys (ConfUtils.java:logGet(46)) - raft.server.log.write.buffer.size = 1048576 (custom)
2022-08-08 17:30:42,860 [pool-119-thread-1] INFO  server.RaftServerConfigKeys (ConfUtils.java:logGet(46)) - raft.server.log.unsafe-flush.enabled = false (default)
2022-08-08 17:30:42,860 [pool-119-thread-1] INFO  server.RaftServerConfigKeys (ConfUtils.java:logGet(46)) - raft.server.log.statemachine.data.caching.enabled = true (custom)
2022-08-08 17:30:42,860 [pool-119-thread-1] INFO  segmented.SegmentedRaftLogWorker (SegmentedRaftLogWorker.java:lambda$new$0(135)) - f220fda6-a22f-4438-8ee2-dd02585921dd@group-E50B999FCD23-SegmentedRaftLogWorker: flushIndex: setUnconditionally 0 -> -1
2022-08-08 17:30:42,860 [pool-119-thread-1] INFO  segmented.SegmentedRaftLogWorker (SegmentedRaftLogWorker.java:lambda$new$0(135)) - f220fda6-a22f-4438-8ee2-dd02585921dd@group-E50B999FCD23-SegmentedRaftLogWorker: safeCacheEvictIndex: setUnconditionally 0 -> -1
2022-08-08 17:30:42,861 [pool-119-thread-1] INFO  server.RaftServerConfigKeys (ConfUtils.java:logGet(46)) - raft.server.snapshot.auto.trigger.enabled = true (custom)
2022-08-08 17:30:42,861 [pool-119-thread-1] INFO  server.RaftServerConfigKeys (ConfUtils.java:logGet(46)) - raft.server.snapshot.auto.trigger.threshold = 10000 (custom)
2022-08-08 17:30:42,861 [pool-119-thread-1] INFO  server.RaftServerConfigKeys (ConfUtils.java:logGet(46)) - raft.server.snapshot.retention.file.num = 5 (custom)
2022-08-08 17:30:42,861 [pool-119-thread-1] INFO  server.RaftServerConfigKeys (ConfUtils.java:logGet(46)) - raft.server.log.purge.upto.snapshot.index = false (default)
2022-08-08 17:30:42,861 [pool-119-thread-1] INFO  server.RaftServerConfigKeys (ConfUtils.java:logGet(46)) - raft.server.retrycache.expirytime = 600000ms (custom)
2022-08-08 17:30:42,861 [pool-119-thread-1] INFO  server.RaftServerConfigKeys (ConfUtils.java:logGet(46)) - raft.server.retrycache.statistics.expirytime = 100μs (default)
2022-08-08 17:30:42,862 [pool-119-thread-1] INFO  server.RaftServerConfigKeys (ConfUtils.java:logGet(46)) - raft.server.log.appender.install.snapshot.enabled = false (custom)
2022-08-08 17:30:42,862 [pool-119-thread-1] INFO  server.RaftServerConfigKeys (ConfUtils.java:logGet(46)) - raft.server.threadpool.server.cached = true (default)
2022-08-08 17:30:42,862 [pool-119-thread-1] INFO  server.RaftServerConfigKeys (ConfUtils.java:logGet(46)) - raft.server.threadpool.server.size = 0 (default)
2022-08-08 17:30:42,862 [pool-119-thread-1] INFO  server.RaftServerConfigKeys (ConfUtils.java:logGet(46)) - raft.server.threadpool.client.cached = true (default)
2022-08-08 17:30:42,862 [pool-119-thread-1] INFO  server.RaftServerConfigKeys (ConfUtils.java:logGet(46)) - raft.server.threadpool.client.size = 0 (default)
2022-08-08 17:30:42,862 [pool-119-thread-1] INFO  server.RaftServer$Division (RaftServerImpl.java:start(310)) - f220fda6-a22f-4438-8ee2-dd02585921dd@group-32AFE4578994: start as a follower, conf=-1: [02b59665-40e6-4f54-a95c-0606f78ec7ff|rpc:10.1.0.4:36877|dataStream:|priority:1, f64dc5e8-62f3-4def-b87e-a162ae32d3b9|rpc:10.1.0.4:38901|dataStream:|priority:0, f220fda6-a22f-4438-8ee2-dd02585921dd|rpc:10.1.0.4:37777|dataStream:|priority:0], old=null
2022-08-08 17:30:42,863 [pool-119-thread-1] INFO  server.RaftServer$Division (RaftServerImpl.java:setRole(299)) - f220fda6-a22f-4438-8ee2-dd02585921dd@group-32AFE4578994: changes role from      null to FOLLOWER at term 0 for startAsFollower
2022-08-08 17:30:42,863 [pool-119-thread-1] INFO  impl.RoleInfo (RoleInfo.java:updateAndGet(139)) - f220fda6-a22f-4438-8ee2-dd02585921dd: start f220fda6-a22f-4438-8ee2-dd02585921dd@group-32AFE4578994-FollowerState
2022-08-08 17:30:42,871 [pool-119-thread-1] INFO  util.JmxRegister (JmxRegister.java:tryRegister(44)) - Successfully registered JMX Bean with object name Ratis:service=RaftServer,group=group-32AFE4578994,id=f220fda6-a22f-4438-8ee2-dd02585921dd
2022-08-08 17:30:42,876 [pool-119-thread-1] INFO  server.RaftServer$Division (RaftServerImpl.java:start(310)) - f220fda6-a22f-4438-8ee2-dd02585921dd@group-E50B999FCD23: start as a follower, conf=-1: [f220fda6-a22f-4438-8ee2-dd02585921dd|rpc:10.1.0.4:37777|priority:1], old=null
2022-08-08 17:30:42,876 [pool-119-thread-1] INFO  server.RaftServer$Division (RaftServerImpl.java:setRole(299)) - f220fda6-a22f-4438-8ee2-dd02585921dd@group-E50B999FCD23: changes role from      null to FOLLOWER at term 0 for startAsFollower
2022-08-08 17:30:42,876 [pool-119-thread-1] INFO  impl.RoleInfo (RoleInfo.java:updateAndGet(139)) - f220fda6-a22f-4438-8ee2-dd02585921dd: start f220fda6-a22f-4438-8ee2-dd02585921dd@group-E50B999FCD23-FollowerState
2022-08-08 17:30:42,883 [pool-119-thread-1] INFO  util.JmxRegister (JmxRegister.java:tryRegister(44)) - Successfully registered JMX Bean with object name Ratis:service=RaftServer,group=group-E50B999FCD23,id=f220fda6-a22f-4438-8ee2-dd02585921dd
2022-08-08 17:30:42,888 [Command processor thread] INFO  ratis.XceiverServerRatis (XceiverServerRatis.java:addGroup(765)) - Created group PipelineID=56598b43-e6fa-40a4-9745-e50b999fcd23
2022-08-08 17:30:42,888 [Command processor thread] INFO  commandhandler.CreatePipelineCommandHandler (CreatePipelineCommandHandler.java:handle(113)) - Created Pipeline RATIS ONE PipelineID=56598b43-e6fa-40a4-9745-e50b999fcd23.
2022-08-08 17:30:42,930 [Command processor thread] INFO  commandhandler.CreatePipelineCommandHandler (CreatePipelineCommandHandler.java:handle(113)) - Created Pipeline RATIS THREE PipelineID=86a0b168-ca13-43f9-b32a-32afe4578994.
2022-08-08 17:30:42,935 [Command processor thread] INFO  commandhandler.CreatePipelineCommandHandler (CreatePipelineCommandHandler.java:handle(113)) - Created Pipeline RATIS THREE PipelineID=86a0b168-ca13-43f9-b32a-32afe4578994.
2022-08-08 17:30:43,142 [Command processor thread] INFO  server.RaftServer (RaftServerProxy.java:addNew(96)) - f7aacf51-5793-4fef-8f84-f2340b06749c: addNew group-581E282F9161:[f7aacf51-5793-4fef-8f84-f2340b06749c|rpc:10.1.0.4:41927|priority:1] returns group-581E282F9161:java.util.concurrent.CompletableFuture@74e4d97e[Not completed]
2022-08-08 17:30:43,153 [pool-142-thread-1] INFO  server.RaftServer$Division (RaftServerImpl.java:<init>(190)) - f7aacf51-5793-4fef-8f84-f2340b06749c: new RaftServerImpl for group-581E282F9161:[f7aacf51-5793-4fef-8f84-f2340b06749c|rpc:10.1.0.4:41927|priority:1] with ContainerStateMachine:uninitialized
2022-08-08 17:30:43,154 [pool-142-thread-1] INFO  server.RaftServerConfigKeys (ConfUtils.java:logGet(46)) - raft.server.rpc.timeout.min = 5s (custom)
2022-08-08 17:30:43,154 [pool-142-thread-1] INFO  server.RaftServerConfigKeys (ConfUtils.java:logGet(46)) - raft.server.rpc.timeout.max = 5200ms (custom)
2022-08-08 17:30:43,154 [pool-142-thread-1] INFO  server.RaftServerConfigKeys (ConfUtils.java:logGet(46)) - raft.server.rpc.sleep.time = 25ms (default)
2022-08-08 17:30:43,154 [pool-142-thread-1] INFO  server.RaftServerConfigKeys (ConfUtils.java:logGet(46)) - raft.server.rpc.slowness.timeout = 300s (custom)
2022-08-08 17:30:43,154 [pool-142-thread-1] INFO  server.RaftServerConfigKeys (ConfUtils.java:logGet(46)) - raft.server.leaderelection.leader.step-down.wait-time = 10s (default)
2022-08-08 17:30:43,154 [pool-142-thread-1] INFO  server.RaftServerConfigKeys (ConfUtils.java:logGet(46)) - raft.server.sleep.deviation.threshold = 300ms (default)
2022-08-08 17:30:43,154 [pool-142-thread-1] INFO  server.RaftServer$Division (ServerState.java:<init>(107)) - f7aacf51-5793-4fef-8f84-f2340b06749c@group-581E282F9161: ConfigurationManager, init=-1: [f7aacf51-5793-4fef-8f84-f2340b06749c|rpc:10.1.0.4:41927|priority:1], old=null, confs=<EMPTY_MAP>
2022-08-08 17:30:43,154 [pool-142-thread-1] INFO  server.RaftServerConfigKeys (ConfUtils.java:logGet(46)) - raft.server.storage.dir = [/home/runner/work/ozone/ozone/hadoop-ozone/integration-test/target/test-dir/MiniOzoneClusterImpl-51406671-1893-4796-a216-b7dfafadb542/datanode-3/data/ratis] (custom)
2022-08-08 17:30:43,154 [pool-142-thread-1] INFO  server.RaftServerConfigKeys (ConfUtils.java:logGet(46)) - raft.server.log.corruption.policy = EXCEPTION (default)
2022-08-08 17:30:43,154 [pool-142-thread-1] INFO  server.RaftServerConfigKeys (ConfUtils.java:logGet(46)) - raft.server.storage.free-space.min = 0MB (=0) (default)
2022-08-08 17:30:43,155 [pool-142-thread-1] INFO  storage.RaftStorageDirectory (RaftStorageDirectoryImpl.java:analyzeStorage(135)) - The storage directory /home/runner/work/ozone/ozone/hadoop-ozone/integration-test/target/test-dir/MiniOzoneClusterImpl-51406671-1893-4796-a216-b7dfafadb542/datanode-3/data/ratis/8695c4e4-165d-4a47-bca0-581e282f9161 does not exist. Creating ...
2022-08-08 17:30:43,156 [pool-142-thread-1] INFO  storage.RaftStorageDirectory (RaftStorageDirectoryImpl.java:tryLock(230)) - Lock on /home/runner/work/ozone/ozone/hadoop-ozone/integration-test/target/test-dir/MiniOzoneClusterImpl-51406671-1893-4796-a216-b7dfafadb542/datanode-3/data/ratis/8695c4e4-165d-4a47-bca0-581e282f9161/in_use.lock acquired by nodename 1880@fv-az207-152
2022-08-08 17:30:43,158 [pool-142-thread-1] INFO  storage.RaftStorage (RaftStorageImpl.java:format(89)) - Storage directory /home/runner/work/ozone/ozone/hadoop-ozone/integration-test/target/test-dir/MiniOzoneClusterImpl-51406671-1893-4796-a216-b7dfafadb542/datanode-3/data/ratis/8695c4e4-165d-4a47-bca0-581e282f9161 has been successfully formatted.
2022-08-08 17:30:43,159 [pool-142-thread-1] INFO  ratis.ContainerStateMachine (ContainerStateMachine.java:loadSnapshot(236)) - group-581E282F9161: The snapshot info is null. Setting the last applied indexto:(t:0, i:~)
2022-08-08 17:30:43,159 [pool-142-thread-1] INFO  server.RaftServerConfigKeys (ConfUtils.java:logGet(46)) - raft.server.notification.no-leader.timeout = 300s (custom)
2022-08-08 17:30:43,159 [pool-142-thread-1] INFO  server.RaftServerConfigKeys (ConfUtils.java:logGet(46)) - raft.server.log.use.memory = false (default)
2022-08-08 17:30:43,159 [pool-142-thread-1] INFO  server.RaftServerConfigKeys (ConfUtils.java:logGet(46)) - raft.server.log.purge.gap = 1000000 (custom)
2022-08-08 17:30:43,159 [pool-142-thread-1] INFO  server.RaftServerConfigKeys (ConfUtils.java:logGet(46)) - raft.server.log.appender.buffer.byte-limit = 33554432 (custom)
2022-08-08 17:30:43,159 [pool-142-thread-1] INFO  server.RaftServerConfigKeys (ConfUtils.java:logGet(46)) - raft.server.log.statemachine.data.read.timeout = 1000ms (default)
2022-08-08 17:30:43,161 [EventQueue-PipelineReportForPipelineReportHandler] INFO  pipeline.PipelineManagerImpl (PipelineManagerImpl.java:openPipeline(367)) - Pipeline Pipeline[ Id: 8695c4e4-165d-4a47-bca0-581e282f9161, Nodes: f7aacf51-5793-4fef-8f84-f2340b06749c{ip: 10.1.0.4, host: fv-az207-152.1ztp0ef1jgbebjcpob1ohcpowa.jx.internal.cloudapp.net, ports: [REPLICATION=45059, RATIS=41927, RATIS_ADMIN=41927, RATIS_SERVER=41927, STANDALONE=39499], networkLocation: /default-rack, certSerialId: null, persistedOpState: IN_SERVICE, persistedOpStateExpiryEpochSec: 0}, ReplicationConfig: RATIS/ONE, State:ALLOCATED, leaderId:f7aacf51-5793-4fef-8f84-f2340b06749c, CreationTimestamp2022-08-08T17:30:40.147Z[Etc/UTC]] moved to OPEN state
2022-08-08 17:30:43,161 [pool-142-thread-1] INFO  server.RaftServerConfigKeys (ConfUtils.java:logGet(46)) - raft.server.log.segment.size.max = 1048576 (custom)
2022-08-08 17:30:43,162 [pool-142-thread-1] INFO  server.RaftServerConfigKeys (ConfUtils.java:logGet(46)) - raft.server.log.segment.cache.num.max = 2 (custom)
2022-08-08 17:30:43,162 [pool-142-thread-1] INFO  server.RaftServerConfigKeys (ConfUtils.java:logGet(46)) - raft.server.log.segment.cache.size.max = 200MB (=209715200) (default)
2022-08-08 17:30:43,162 [EventQueue-OpenPipelineForHealthyPipelineSafeModeRule] INFO  safemode.SCMSafeModeManager (HealthyPipelineSafeModeRule.java:process(137)) - SCM in safe mode. Healthy pipelines reported count is 0, required healthy pipeline reported count is 1
2022-08-08 17:30:43,170 [pool-142-thread-1] INFO  segmented.SegmentedRaftLogWorker (SegmentedRaftLogWorker.java:<init>(187)) - new f7aacf51-5793-4fef-8f84-f2340b06749c@group-581E282F9161-SegmentedRaftLogWorker for RaftStorageImpl:Storage Directory /home/runner/work/ozone/ozone/hadoop-ozone/integration-test/target/test-dir/MiniOzoneClusterImpl-51406671-1893-4796-a216-b7dfafadb542/datanode-3/data/ratis/8695c4e4-165d-4a47-bca0-581e282f9161
2022-08-08 17:30:43,170 [pool-142-thread-1] INFO  server.RaftServerConfigKeys (ConfUtils.java:logGet(46)) - raft.server.log.queue.byte-limit = 4294967296 (custom)
2022-08-08 17:30:43,170 [pool-142-thread-1] INFO  server.RaftServerConfigKeys (ConfUtils.java:logGet(46)) - raft.server.log.queue.element-limit = 1024 (custom)
2022-08-08 17:30:43,170 [pool-142-thread-1] INFO  server.RaftServerConfigKeys (ConfUtils.java:logGet(46)) - raft.server.log.segment.size.max = 1048576 (custom)
2022-08-08 17:30:43,170 [pool-142-thread-1] INFO  server.RaftServerConfigKeys (ConfUtils.java:logGet(46)) - raft.server.log.preallocated.size = 16384 (custom)
2022-08-08 17:30:43,170 [pool-142-thread-1] INFO  server.RaftServerConfigKeys (ConfUtils.java:logGet(46)) - raft.server.log.force.sync.num = 128 (default)
2022-08-08 17:30:43,170 [pool-142-thread-1] INFO  server.RaftServerConfigKeys (ConfUtils.java:logGet(46)) - raft.server.log.statemachine.data.sync = true (default)
2022-08-08 17:30:43,170 [pool-142-thread-1] INFO  server.RaftServerConfigKeys (ConfUtils.java:logGet(46)) - raft.server.log.statemachine.data.sync.timeout = 10s (default)
2022-08-08 17:30:43,170 [pool-142-thread-1] INFO  server.RaftServerConfigKeys (ConfUtils.java:logGet(46)) - raft.server.log.statemachine.data.sync.timeout.retry = -1 (default)
2022-08-08 17:30:43,171 [pool-142-thread-1] INFO  server.RaftServerConfigKeys (ConfUtils.java:logGet(46)) - raft.server.log.write.buffer.size = 1048576 (custom)
2022-08-08 17:30:43,171 [pool-142-thread-1] INFO  server.RaftServerConfigKeys (ConfUtils.java:logGet(46)) - raft.server.log.unsafe-flush.enabled = false (default)
2022-08-08 17:30:43,171 [pool-142-thread-1] INFO  server.RaftServerConfigKeys (ConfUtils.java:logGet(46)) - raft.server.log.statemachine.data.caching.enabled = true (custom)
2022-08-08 17:30:43,172 [pool-142-thread-1] INFO  segmented.SegmentedRaftLogWorker (SegmentedRaftLogWorker.java:lambda$new$0(135)) - f7aacf51-5793-4fef-8f84-f2340b06749c@group-581E282F9161-SegmentedRaftLogWorker: flushIndex: setUnconditionally 0 -> -1
2022-08-08 17:30:43,172 [pool-142-thread-1] INFO  segmented.SegmentedRaftLogWorker (SegmentedRaftLogWorker.java:lambda$new$0(135)) - f7aacf51-5793-4fef-8f84-f2340b06749c@group-581E282F9161-SegmentedRaftLogWorker: safeCacheEvictIndex: setUnconditionally 0 -> -1
2022-08-08 17:30:43,172 [pool-142-thread-1] INFO  server.RaftServerConfigKeys (ConfUtils.java:logGet(46)) - raft.server.snapshot.auto.trigger.enabled = true (custom)
2022-08-08 17:30:43,172 [pool-142-thread-1] INFO  server.RaftServerConfigKeys (ConfUtils.java:logGet(46)) - raft.server.snapshot.auto.trigger.threshold = 10000 (custom)
2022-08-08 17:30:43,172 [pool-142-thread-1] INFO  server.RaftServerConfigKeys (ConfUtils.java:logGet(46)) - raft.server.snapshot.retention.file.num = 5 (custom)
2022-08-08 17:30:43,172 [pool-142-thread-1] INFO  server.RaftServerConfigKeys (ConfUtils.java:logGet(46)) - raft.server.log.purge.upto.snapshot.index = false (default)
2022-08-08 17:30:43,173 [pool-142-thread-1] INFO  server.RaftServerConfigKeys (ConfUtils.java:logGet(46)) - raft.server.retrycache.expirytime = 600000ms (custom)
2022-08-08 17:30:43,173 [pool-142-thread-1] INFO  server.RaftServerConfigKeys (ConfUtils.java:logGet(46)) - raft.server.retrycache.statistics.expirytime = 100μs (default)
2022-08-08 17:30:43,174 [pool-142-thread-1] INFO  server.RaftServerConfigKeys (ConfUtils.java:logGet(46)) - raft.server.log.appender.install.snapshot.enabled = false (custom)
2022-08-08 17:30:43,174 [pool-142-thread-1] INFO  server.RaftServerConfigKeys (ConfUtils.java:logGet(46)) - raft.server.threadpool.server.cached = true (default)
2022-08-08 17:30:43,174 [pool-142-thread-1] INFO  server.RaftServerConfigKeys (ConfUtils.java:logGet(46)) - raft.server.threadpool.server.size = 0 (default)
2022-08-08 17:30:43,174 [pool-142-thread-1] INFO  server.RaftServerConfigKeys (ConfUtils.java:logGet(46)) - raft.server.threadpool.client.cached = true (default)
2022-08-08 17:30:43,174 [pool-142-thread-1] INFO  server.RaftServerConfigKeys (ConfUtils.java:logGet(46)) - raft.server.threadpool.client.size = 0 (default)
2022-08-08 17:30:43,174 [pool-142-thread-1] INFO  server.RaftServer$Division (RaftServerImpl.java:start(310)) - f7aacf51-5793-4fef-8f84-f2340b06749c@group-581E282F9161: start as a follower, conf=-1: [f7aacf51-5793-4fef-8f84-f2340b06749c|rpc:10.1.0.4:41927|priority:1], old=null
2022-08-08 17:30:43,174 [pool-142-thread-1] INFO  server.RaftServer$Division (RaftServerImpl.java:setRole(299)) - f7aacf51-5793-4fef-8f84-f2340b06749c@group-581E282F9161: changes role from      null to FOLLOWER at term 0 for startAsFollower
2022-08-08 17:30:43,174 [pool-142-thread-1] INFO  impl.RoleInfo (RoleInfo.java:updateAndGet(139)) - f7aacf51-5793-4fef-8f84-f2340b06749c: start f7aacf51-5793-4fef-8f84-f2340b06749c@group-581E282F9161-FollowerState
2022-08-08 17:30:43,176 [pool-142-thread-1] INFO  util.JmxRegister (JmxRegister.java:tryRegister(44)) - Successfully registered JMX Bean with object name Ratis:service=RaftServer,group=group-581E282F9161,id=f7aacf51-5793-4fef-8f84-f2340b06749c
2022-08-08 17:30:43,177 [Command processor thread] INFO  ratis.XceiverServerRatis (XceiverServerRatis.java:addGroup(765)) - Created group PipelineID=8695c4e4-165d-4a47-bca0-581e282f9161
2022-08-08 17:30:43,177 [Command processor thread] INFO  commandhandler.CreatePipelineCommandHandler (CreatePipelineCommandHandler.java:handle(113)) - Created Pipeline RATIS ONE PipelineID=8695c4e4-165d-4a47-bca0-581e282f9161.
2022-08-08 17:30:43,469 [Listener at 127.0.0.1/37325] INFO  ozone.MiniOzoneClusterImpl (MiniOzoneClusterImpl.java:lambda$waitForClusterToBeReady$0(216)) - Nodes are ready. Got 5 of 5 DN Heartbeats.
2022-08-08 17:30:43,469 [Listener at 127.0.0.1/37325] INFO  ozone.MiniOzoneClusterImpl (MiniOzoneClusterImpl.java:lambda$waitForClusterToBeReady$0(219)) - Waiting for cluster to exit safe mode
2022-08-08 17:30:43,469 [Listener at 127.0.0.1/37325] INFO  ozone.MiniOzoneClusterImpl (MiniOzoneClusterImpl.java:lambda$waitForClusterToBeReady$0(221)) - SCM became leader
2022-08-08 17:30:43,476 [Command processor thread] INFO  server.RaftServer (RaftServerProxy.java:addNew(96)) - d819746f-ac91-42dc-803b-6bdb8cd6e8e0: addNew group-4100BC640C01:[d819746f-ac91-42dc-803b-6bdb8cd6e8e0|rpc:10.1.0.4:46319|priority:1] returns group-4100BC640C01:java.util.concurrent.CompletableFuture@478ef96c[Not completed]
2022-08-08 17:30:43,478 [pool-165-thread-1] INFO  server.RaftServer$Division (RaftServerImpl.java:<init>(190)) - d819746f-ac91-42dc-803b-6bdb8cd6e8e0: new RaftServerImpl for group-4100BC640C01:[d819746f-ac91-42dc-803b-6bdb8cd6e8e0|rpc:10.1.0.4:46319|priority:1] with ContainerStateMachine:uninitialized
2022-08-08 17:30:43,478 [pool-165-thread-1] INFO  server.RaftServerConfigKeys (ConfUtils.java:logGet(46)) - raft.server.rpc.timeout.min = 5s (custom)
2022-08-08 17:30:43,478 [pool-165-thread-1] INFO  server.RaftServerConfigKeys (ConfUtils.java:logGet(46)) - raft.server.rpc.timeout.max = 5200ms (custom)
2022-08-08 17:30:43,478 [pool-165-thread-1] INFO  server.RaftServerConfigKeys (ConfUtils.java:logGet(46)) - raft.server.rpc.sleep.time = 25ms (default)
2022-08-08 17:30:43,478 [pool-165-thread-1] INFO  server.RaftServerConfigKeys (ConfUtils.java:logGet(46)) - raft.server.rpc.slowness.timeout = 300s (custom)
2022-08-08 17:30:43,478 [pool-165-thread-1] INFO  server.RaftServerConfigKeys (ConfUtils.java:logGet(46)) - raft.server.leaderelection.leader.step-down.wait-time = 10s (default)
2022-08-08 17:30:43,478 [pool-165-thread-1] INFO  server.RaftServerConfigKeys (ConfUtils.java:logGet(46)) - raft.server.sleep.deviation.threshold = 300ms (default)
2022-08-08 17:30:43,479 [pool-165-thread-1] INFO  server.RaftServer$Division (ServerState.java:<init>(107)) - d819746f-ac91-42dc-803b-6bdb8cd6e8e0@group-4100BC640C01: ConfigurationManager, init=-1: [d819746f-ac91-42dc-803b-6bdb8cd6e8e0|rpc:10.1.0.4:46319|priority:1], old=null, confs=<EMPTY_MAP>
2022-08-08 17:30:43,479 [pool-165-thread-1] INFO  server.RaftServerConfigKeys (ConfUtils.java:logGet(46)) - raft.server.storage.dir = [/home/runner/work/ozone/ozone/hadoop-ozone/integration-test/target/test-dir/MiniOzoneClusterImpl-51406671-1893-4796-a216-b7dfafadb542/datanode-4/data/ratis] (custom)
2022-08-08 17:30:43,479 [pool-165-thread-1] INFO  server.RaftServerConfigKeys (ConfUtils.java:logGet(46)) - raft.server.log.corruption.policy = EXCEPTION (default)
2022-08-08 17:30:43,479 [pool-165-thread-1] INFO  server.RaftServerConfigKeys (ConfUtils.java:logGet(46)) - raft.server.storage.free-space.min = 0MB (=0) (default)
2022-08-08 17:30:43,479 [pool-165-thread-1] INFO  storage.RaftStorageDirectory (RaftStorageDirectoryImpl.java:analyzeStorage(135)) - The storage directory /home/runner/work/ozone/ozone/hadoop-ozone/integration-test/target/test-dir/MiniOzoneClusterImpl-51406671-1893-4796-a216-b7dfafadb542/datanode-4/data/ratis/5f83fb3f-eaee-4368-8305-4100bc640c01 does not exist. Creating ...
2022-08-08 17:30:43,480 [pool-165-thread-1] INFO  storage.RaftStorageDirectory (RaftStorageDirectoryImpl.java:tryLock(230)) - Lock on /home/runner/work/ozone/ozone/hadoop-ozone/integration-test/target/test-dir/MiniOzoneClusterImpl-51406671-1893-4796-a216-b7dfafadb542/datanode-4/data/ratis/5f83fb3f-eaee-4368-8305-4100bc640c01/in_use.lock acquired by nodename 1880@fv-az207-152
2022-08-08 17:30:43,482 [pool-165-thread-1] INFO  storage.RaftStorage (RaftStorageImpl.java:format(89)) - Storage directory /home/runner/work/ozone/ozone/hadoop-ozone/integration-test/target/test-dir/MiniOzoneClusterImpl-51406671-1893-4796-a216-b7dfafadb542/datanode-4/data/ratis/5f83fb3f-eaee-4368-8305-4100bc640c01 has been successfully formatted.
2022-08-08 17:30:43,484 [pool-165-thread-1] INFO  ratis.ContainerStateMachine (ContainerStateMachine.java:loadSnapshot(236)) - group-4100BC640C01: The snapshot info is null. Setting the last applied indexto:(t:0, i:~)
2022-08-08 17:30:43,484 [pool-165-thread-1] INFO  server.RaftServerConfigKeys (ConfUtils.java:logGet(46)) - raft.server.notification.no-leader.timeout = 300s (custom)
2022-08-08 17:30:43,484 [pool-165-thread-1] INFO  server.RaftServerConfigKeys (ConfUtils.java:logGet(46)) - raft.server.log.use.memory = false (default)
2022-08-08 17:30:43,484 [pool-165-thread-1] INFO  server.RaftServerConfigKeys (ConfUtils.java:logGet(46)) - raft.server.log.purge.gap = 1000000 (custom)
2022-08-08 17:30:43,484 [pool-165-thread-1] INFO  server.RaftServerConfigKeys (ConfUtils.java:logGet(46)) - raft.server.log.appender.buffer.byte-limit = 33554432 (custom)
2022-08-08 17:30:43,484 [pool-165-thread-1] INFO  server.RaftServerConfigKeys (ConfUtils.java:logGet(46)) - raft.server.log.statemachine.data.read.timeout = 1000ms (default)
2022-08-08 17:30:43,486 [EventQueue-PipelineReportForPipelineReportHandler] INFO  pipeline.PipelineManagerImpl (PipelineManagerImpl.java:openPipeline(367)) - Pipeline Pipeline[ Id: 5f83fb3f-eaee-4368-8305-4100bc640c01, Nodes: d819746f-ac91-42dc-803b-6bdb8cd6e8e0{ip: 10.1.0.4, host: fv-az207-152.1ztp0ef1jgbebjcpob1ohcpowa.jx.internal.cloudapp.net, ports: [REPLICATION=44827, RATIS=46319, RATIS_ADMIN=46319, RATIS_SERVER=46319, STANDALONE=46483], networkLocation: /default-rack, certSerialId: null, persistedOpState: IN_SERVICE, persistedOpStateExpiryEpochSec: 0}, ReplicationConfig: RATIS/ONE, State:ALLOCATED, leaderId:d819746f-ac91-42dc-803b-6bdb8cd6e8e0, CreationTimestamp2022-08-08T17:30:40.479Z[Etc/UTC]] moved to OPEN state
2022-08-08 17:30:43,487 [pool-165-thread-1] INFO  server.RaftServerConfigKeys (ConfUtils.java:logGet(46)) - raft.server.log.segment.size.max = 1048576 (custom)
2022-08-08 17:30:43,487 [EventQueue-OpenPipelineForHealthyPipelineSafeModeRule] INFO  safemode.SCMSafeModeManager (HealthyPipelineSafeModeRule.java:process(137)) - SCM in safe mode. Healthy pipelines reported count is 0, required healthy pipeline reported count is 1
2022-08-08 17:30:43,489 [pool-165-thread-1] INFO  server.RaftServerConfigKeys (ConfUtils.java:logGet(46)) - raft.server.log.segment.cache.num.max = 2 (custom)
2022-08-08 17:30:43,489 [pool-165-thread-1] INFO  server.RaftServerConfigKeys (ConfUtils.java:logGet(46)) - raft.server.log.segment.cache.size.max = 200MB (=209715200) (default)
2022-08-08 17:30:43,489 [pool-165-thread-1] INFO  segmented.SegmentedRaftLogWorker (SegmentedRaftLogWorker.java:<init>(187)) - new d819746f-ac91-42dc-803b-6bdb8cd6e8e0@group-4100BC640C01-SegmentedRaftLogWorker for RaftStorageImpl:Storage Directory /home/runner/work/ozone/ozone/hadoop-ozone/integration-test/target/test-dir/MiniOzoneClusterImpl-51406671-1893-4796-a216-b7dfafadb542/datanode-4/data/ratis/5f83fb3f-eaee-4368-8305-4100bc640c01
2022-08-08 17:30:43,489 [pool-165-thread-1] INFO  server.RaftServerConfigKeys (ConfUtils.java:logGet(46)) - raft.server.log.queue.byte-limit = 4294967296 (custom)
2022-08-08 17:30:43,489 [pool-165-thread-1] INFO  server.RaftServerConfigKeys (ConfUtils.java:logGet(46)) - raft.server.log.queue.element-limit = 1024 (custom)
2022-08-08 17:30:43,489 [pool-165-thread-1] INFO  server.RaftServerConfigKeys (ConfUtils.java:logGet(46)) - raft.server.log.segment.size.max = 1048576 (custom)
2022-08-08 17:30:43,489 [pool-165-thread-1] INFO  server.RaftServerConfigKeys (ConfUtils.java:logGet(46)) - raft.server.log.preallocated.size = 16384 (custom)
2022-08-08 17:30:43,491 [pool-165-thread-1] INFO  server.RaftServerConfigKeys (ConfUtils.java:logGet(46)) - raft.server.log.force.sync.num = 128 (default)
2022-08-08 17:30:43,491 [pool-165-thread-1] INFO  server.RaftServerConfigKeys (ConfUtils.java:logGet(46)) - raft.server.log.statemachine.data.sync = true (default)
2022-08-08 17:30:43,491 [pool-165-thread-1] INFO  server.RaftServerConfigKeys (ConfUtils.java:logGet(46)) - raft.server.log.statemachine.data.sync.timeout = 10s (default)
2022-08-08 17:30:43,491 [pool-165-thread-1] INFO  server.RaftServerConfigKeys (ConfUtils.java:logGet(46)) - raft.server.log.statemachine.data.sync.timeout.retry = -1 (default)
2022-08-08 17:30:43,492 [pool-165-thread-1] INFO  server.RaftServerConfigKeys (ConfUtils.java:logGet(46)) - raft.server.log.write.buffer.size = 1048576 (custom)
2022-08-08 17:30:43,492 [pool-165-thread-1] INFO  server.RaftServerConfigKeys (ConfUtils.java:logGet(46)) - raft.server.log.unsafe-flush.enabled = false (default)
2022-08-08 17:30:43,492 [pool-165-thread-1] INFO  server.RaftServerConfigKeys (ConfUtils.java:logGet(46)) - raft.server.log.statemachine.data.caching.enabled = true (custom)
2022-08-08 17:30:43,493 [pool-165-thread-1] INFO  segmented.SegmentedRaftLogWorker (SegmentedRaftLogWorker.java:lambda$new$0(135)) - d819746f-ac91-42dc-803b-6bdb8cd6e8e0@group-4100BC640C01-SegmentedRaftLogWorker: flushIndex: setUnconditionally 0 -> -1
2022-08-08 17:30:43,493 [pool-165-thread-1] INFO  segmented.SegmentedRaftLogWorker (SegmentedRaftLogWorker.java:lambda$new$0(135)) - d819746f-ac91-42dc-803b-6bdb8cd6e8e0@group-4100BC640C01-SegmentedRaftLogWorker: safeCacheEvictIndex: setUnconditionally 0 -> -1
2022-08-08 17:30:43,493 [pool-165-thread-1] INFO  server.RaftServerConfigKeys (ConfUtils.java:logGet(46)) - raft.server.snapshot.auto.trigger.enabled = true (custom)
2022-08-08 17:30:43,493 [pool-165-thread-1] INFO  server.RaftServerConfigKeys (ConfUtils.java:logGet(46)) - raft.server.snapshot.auto.trigger.threshold = 10000 (custom)
2022-08-08 17:30:43,493 [pool-165-thread-1] INFO  server.RaftServerConfigKeys (ConfUtils.java:logGet(46)) - raft.server.snapshot.retention.file.num = 5 (custom)
2022-08-08 17:30:43,493 [pool-165-thread-1] INFO  server.RaftServerConfigKeys (ConfUtils.java:logGet(46)) - raft.server.log.purge.upto.snapshot.index = false (default)
2022-08-08 17:30:43,493 [pool-165-thread-1] INFO  server.RaftServerConfigKeys (ConfUtils.java:logGet(46)) - raft.server.retrycache.expirytime = 600000ms (custom)
2022-08-08 17:30:43,493 [pool-165-thread-1] INFO  server.RaftServerConfigKeys (ConfUtils.java:logGet(46)) - raft.server.retrycache.statistics.expirytime = 100μs (default)
2022-08-08 17:30:43,494 [pool-165-thread-1] INFO  server.RaftServerConfigKeys (ConfUtils.java:logGet(46)) - raft.server.log.appender.install.snapshot.enabled = false (custom)
2022-08-08 17:30:43,494 [pool-165-thread-1] INFO  server.RaftServerConfigKeys (ConfUtils.java:logGet(46)) - raft.server.threadpool.server.cached = true (default)
2022-08-08 17:30:43,494 [pool-165-thread-1] INFO  server.RaftServerConfigKeys (ConfUtils.java:logGet(46)) - raft.server.threadpool.server.size = 0 (default)
2022-08-08 17:30:43,495 [pool-165-thread-1] INFO  server.RaftServerConfigKeys (ConfUtils.java:logGet(46)) - raft.server.threadpool.client.cached = true (default)
2022-08-08 17:30:43,495 [pool-165-thread-1] INFO  server.RaftServerConfigKeys (ConfUtils.java:logGet(46)) - raft.server.threadpool.client.size = 0 (default)
2022-08-08 17:30:43,495 [pool-165-thread-1] INFO  server.RaftServer$Division (RaftServerImpl.java:start(310)) - d819746f-ac91-42dc-803b-6bdb8cd6e8e0@group-4100BC640C01: start as a follower, conf=-1: [d819746f-ac91-42dc-803b-6bdb8cd6e8e0|rpc:10.1.0.4:46319|priority:1], old=null
2022-08-08 17:30:43,495 [pool-165-thread-1] INFO  server.RaftServer$Division (RaftServerImpl.java:setRole(299)) - d819746f-ac91-42dc-803b-6bdb8cd6e8e0@group-4100BC640C01: changes role from      null to FOLLOWER at term 0 for startAsFollower
2022-08-08 17:30:43,495 [pool-165-thread-1] INFO  impl.RoleInfo (RoleInfo.java:updateAndGet(139)) - d819746f-ac91-42dc-803b-6bdb8cd6e8e0: start d819746f-ac91-42dc-803b-6bdb8cd6e8e0@group-4100BC640C01-FollowerState
2022-08-08 17:30:43,495 [pool-165-thread-1] INFO  util.JmxRegister (JmxRegister.java:tryRegister(44)) - Successfully registered JMX Bean with object name Ratis:service=RaftServer,group=group-4100BC640C01,id=d819746f-ac91-42dc-803b-6bdb8cd6e8e0
2022-08-08 17:30:43,502 [Command processor thread] INFO  ratis.XceiverServerRatis (XceiverServerRatis.java:addGroup(765)) - Created group PipelineID=5f83fb3f-eaee-4368-8305-4100bc640c01
2022-08-08 17:30:43,502 [Command processor thread] INFO  commandhandler.CreatePipelineCommandHandler (CreatePipelineCommandHandler.java:handle(113)) - Created Pipeline RATIS ONE PipelineID=5f83fb3f-eaee-4368-8305-4100bc640c01.
2022-08-08 17:30:44,469 [Listener at 127.0.0.1/37325] INFO  ozone.MiniOzoneClusterImpl (MiniOzoneClusterImpl.java:lambda$waitForClusterToBeReady$0(216)) - Nodes are ready. Got 5 of 5 DN Heartbeats.
2022-08-08 17:30:44,470 [Listener at 127.0.0.1/37325] INFO  ozone.MiniOzoneClusterImpl (MiniOzoneClusterImpl.java:lambda$waitForClusterToBeReady$0(219)) - Waiting for cluster to exit safe mode
2022-08-08 17:30:44,470 [Listener at 127.0.0.1/37325] INFO  ozone.MiniOzoneClusterImpl (MiniOzoneClusterImpl.java:lambda$waitForClusterToBeReady$0(221)) - SCM became leader
2022-08-08 17:30:45,470 [Listener at 127.0.0.1/37325] INFO  ozone.MiniOzoneClusterImpl (MiniOzoneClusterImpl.java:lambda$waitForClusterToBeReady$0(216)) - Nodes are ready. Got 5 of 5 DN Heartbeats.
2022-08-08 17:30:45,471 [Listener at 127.0.0.1/37325] INFO  ozone.MiniOzoneClusterImpl (MiniOzoneClusterImpl.java:lambda$waitForClusterToBeReady$0(219)) - Waiting for cluster to exit safe mode
2022-08-08 17:30:45,471 [Listener at 127.0.0.1/37325] INFO  ozone.MiniOzoneClusterImpl (MiniOzoneClusterImpl.java:lambda$waitForClusterToBeReady$0(221)) - SCM became leader
2022-08-08 17:30:46,471 [Listener at 127.0.0.1/37325] INFO  ozone.MiniOzoneClusterImpl (MiniOzoneClusterImpl.java:lambda$waitForClusterToBeReady$0(216)) - Nodes are ready. Got 5 of 5 DN Heartbeats.
2022-08-08 17:30:46,472 [Listener at 127.0.0.1/37325] INFO  ozone.MiniOzoneClusterImpl (MiniOzoneClusterImpl.java:lambda$waitForClusterToBeReady$0(219)) - Waiting for cluster to exit safe mode
2022-08-08 17:30:46,472 [Listener at 127.0.0.1/37325] INFO  ozone.MiniOzoneClusterImpl (MiniOzoneClusterImpl.java:lambda$waitForClusterToBeReady$0(221)) - SCM became leader
2022-08-08 17:30:46,983 [f64dc5e8-62f3-4def-b87e-a162ae32d3b9@group-896C7BA0313E-FollowerState] INFO  impl.FollowerState (FollowerState.java:run(143)) - f64dc5e8-62f3-4def-b87e-a162ae32d3b9@group-896C7BA0313E-FollowerState: change to CANDIDATE, lastRpcElapsedTime:5066201100ns, electionTimeout:5053ms
2022-08-08 17:30:46,984 [f64dc5e8-62f3-4def-b87e-a162ae32d3b9@group-896C7BA0313E-FollowerState] INFO  impl.RoleInfo (RoleInfo.java:shutdownFollowerState(110)) - f64dc5e8-62f3-4def-b87e-a162ae32d3b9: shutdown f64dc5e8-62f3-4def-b87e-a162ae32d3b9@group-896C7BA0313E-FollowerState
2022-08-08 17:30:46,984 [f64dc5e8-62f3-4def-b87e-a162ae32d3b9@group-896C7BA0313E-FollowerState] INFO  server.RaftServer$Division (RaftServerImpl.java:setRole(299)) - f64dc5e8-62f3-4def-b87e-a162ae32d3b9@group-896C7BA0313E: changes role from  FOLLOWER to CANDIDATE at term 0 for changeToCandidate
2022-08-08 17:30:46,984 [f64dc5e8-62f3-4def-b87e-a162ae32d3b9@group-896C7BA0313E-FollowerState] INFO  server.RaftServerConfigKeys (ConfUtils.java:logGet(46)) - raft.server.leaderelection.pre-vote = false (custom)
2022-08-08 17:30:46,984 [f64dc5e8-62f3-4def-b87e-a162ae32d3b9@group-896C7BA0313E-FollowerState] INFO  impl.RoleInfo (RoleInfo.java:updateAndGet(139)) - f64dc5e8-62f3-4def-b87e-a162ae32d3b9: start f64dc5e8-62f3-4def-b87e-a162ae32d3b9@group-896C7BA0313E-LeaderElection2
2022-08-08 17:30:46,988 [f64dc5e8-62f3-4def-b87e-a162ae32d3b9@group-896C7BA0313E-LeaderElection2] INFO  impl.LeaderElection (LeaderElection.java:askForVotes(310)) - f64dc5e8-62f3-4def-b87e-a162ae32d3b9@group-896C7BA0313E-LeaderElection2 ELECTION round 0: submit vote requests at term 1 for -1: [f64dc5e8-62f3-4def-b87e-a162ae32d3b9|rpc:10.1.0.4:38901|priority:1], old=null
2022-08-08 17:30:46,989 [f64dc5e8-62f3-4def-b87e-a162ae32d3b9@group-896C7BA0313E-LeaderElection2] INFO  impl.LeaderElection (LeaderElection.java:askForVotes(312)) - f64dc5e8-62f3-4def-b87e-a162ae32d3b9@group-896C7BA0313E-LeaderElection2 ELECTION round 0: result PASSED (term=1)
2022-08-08 17:30:46,989 [f64dc5e8-62f3-4def-b87e-a162ae32d3b9@group-896C7BA0313E-LeaderElection2] INFO  impl.RoleInfo (RoleInfo.java:shutdownLeaderElection(130)) - f64dc5e8-62f3-4def-b87e-a162ae32d3b9: shutdown f64dc5e8-62f3-4def-b87e-a162ae32d3b9@group-896C7BA0313E-LeaderElection2
2022-08-08 17:30:46,989 [f64dc5e8-62f3-4def-b87e-a162ae32d3b9@group-896C7BA0313E-LeaderElection2] INFO  server.RaftServer$Division (RaftServerImpl.java:setRole(299)) - f64dc5e8-62f3-4def-b87e-a162ae32d3b9@group-896C7BA0313E: changes role from CANDIDATE to LEADER at term 1 for changeToLeader
2022-08-08 17:30:46,989 [f64dc5e8-62f3-4def-b87e-a162ae32d3b9@group-896C7BA0313E-LeaderElection2] INFO  ratis.XceiverServerRatis (XceiverServerRatis.java:handleLeaderChangedNotification(863)) - Leader change notification received for group: group-896C7BA0313E with new leaderId: f64dc5e8-62f3-4def-b87e-a162ae32d3b9
2022-08-08 17:30:46,989 [f64dc5e8-62f3-4def-b87e-a162ae32d3b9@group-896C7BA0313E-LeaderElection2] INFO  server.RaftServer$Division (ServerState.java:setLeader(287)) - f64dc5e8-62f3-4def-b87e-a162ae32d3b9@group-896C7BA0313E: change Leader from null to f64dc5e8-62f3-4def-b87e-a162ae32d3b9 at term 1 for becomeLeader, leader elected after 5102ms
2022-08-08 17:30:46,989 [f64dc5e8-62f3-4def-b87e-a162ae32d3b9@group-896C7BA0313E-LeaderElection2] INFO  server.RaftServerConfigKeys (ConfUtils.java:logGet(46)) - raft.server.staging.catchup.gap = 1000 (default)
2022-08-08 17:30:46,989 [f64dc5e8-62f3-4def-b87e-a162ae32d3b9@group-896C7BA0313E-LeaderElection2] INFO  server.RaftServerConfigKeys (ConfUtils.java:logGet(46)) - raft.server.write.element-limit = 1024 (custom)
2022-08-08 17:30:46,990 [f64dc5e8-62f3-4def-b87e-a162ae32d3b9@group-896C7BA0313E-LeaderElection2] INFO  server.RaftServerConfigKeys (ConfUtils.java:logGet(46)) - raft.server.write.byte-limit = 1024 M (=1073741824) (custom)
2022-08-08 17:30:46,990 [f64dc5e8-62f3-4def-b87e-a162ae32d3b9@group-896C7BA0313E-LeaderElection2] INFO  server.RaftServerConfigKeys (ConfUtils.java:logGet(46)) - raft.server.watch.timeout = 180s (custom)
2022-08-08 17:30:46,990 [f64dc5e8-62f3-4def-b87e-a162ae32d3b9@group-896C7BA0313E-LeaderElection2] INFO  server.RaftServerConfigKeys (ConfUtils.java:logGet(46)) - raft.server.watch.timeout.denomination = 1s (default)
2022-08-08 17:30:46,991 [f64dc5e8-62f3-4def-b87e-a162ae32d3b9@group-896C7BA0313E-LeaderElection2] INFO  server.RaftServerConfigKeys (ConfUtils.java:logGet(46)) - raft.server.watch.element-limit = 65536 (default)
2022-08-08 17:30:46,992 [EventQueue-OpenPipelineForHealthyPipelineSafeModeRule] INFO  safemode.SCMSafeModeManager (HealthyPipelineSafeModeRule.java:process(137)) - SCM in safe mode. Healthy pipelines reported count is 0, required healthy pipeline reported count is 1
2022-08-08 17:30:46,993 [f64dc5e8-62f3-4def-b87e-a162ae32d3b9@group-896C7BA0313E-LeaderElection2] INFO  server.RaftServerConfigKeys (ConfUtils.java:logGet(46)) - raft.server.write.element-limit = 1024 (custom)
2022-08-08 17:30:46,994 [f64dc5e8-62f3-4def-b87e-a162ae32d3b9@group-896C7BA0313E-LeaderElection2] INFO  server.RaftServerConfigKeys (ConfUtils.java:logGet(46)) - raft.server.write.follower.gap.ratio.max = -1.0 (default)
2022-08-08 17:30:46,994 [f64dc5e8-62f3-4def-b87e-a162ae32d3b9@group-896C7BA0313E-LeaderElection2] INFO  impl.RoleInfo (RoleInfo.java:updateAndGet(139)) - f64dc5e8-62f3-4def-b87e-a162ae32d3b9: start f64dc5e8-62f3-4def-b87e-a162ae32d3b9@group-896C7BA0313E-LeaderStateImpl
2022-08-08 17:30:46,994 [f64dc5e8-62f3-4def-b87e-a162ae32d3b9@group-896C7BA0313E-LeaderElection2] INFO  segmented.SegmentedRaftLogWorker (SegmentedRaftLogWorker.java:startLogSegment(425)) - f64dc5e8-62f3-4def-b87e-a162ae32d3b9@group-896C7BA0313E-SegmentedRaftLogWorker: Starting segment from index:0
2022-08-08 17:30:46,996 [f64dc5e8-62f3-4def-b87e-a162ae32d3b9@group-896C7BA0313E-SegmentedRaftLogWorker] INFO  segmented.SegmentedRaftLogWorker (SegmentedRaftLogWorker.java:execute(629)) - f64dc5e8-62f3-4def-b87e-a162ae32d3b9@group-896C7BA0313E-SegmentedRaftLogWorker: created new log segment /home/runner/work/ozone/ozone/hadoop-ozone/integration-test/target/test-dir/MiniOzoneClusterImpl-51406671-1893-4796-a216-b7dfafadb542/datanode-0/data/ratis/5800f117-7fe0-48ac-a266-896c7ba0313e/current/log_inprogress_0
2022-08-08 17:30:46,998 [f64dc5e8-62f3-4def-b87e-a162ae32d3b9@group-896C7BA0313E-LeaderElection2] INFO  server.RaftServer$Division (ServerState.java:setRaftConf(393)) - f64dc5e8-62f3-4def-b87e-a162ae32d3b9@group-896C7BA0313E: set configuration 0: [f64dc5e8-62f3-4def-b87e-a162ae32d3b9|rpc:10.1.0.4:38901|dataStream:|priority:1], old=null
2022-08-08 17:30:47,130 [f64dc5e8-62f3-4def-b87e-a162ae32d3b9@group-45C8E505B354-FollowerState] INFO  impl.FollowerState (FollowerState.java:run(143)) - f64dc5e8-62f3-4def-b87e-a162ae32d3b9@group-45C8E505B354-FollowerState: change to CANDIDATE, lastRpcElapsedTime:5164299588ns, electionTimeout:5159ms
2022-08-08 17:30:47,131 [f64dc5e8-62f3-4def-b87e-a162ae32d3b9@group-45C8E505B354-FollowerState] INFO  impl.RoleInfo (RoleInfo.java:shutdownFollowerState(110)) - f64dc5e8-62f3-4def-b87e-a162ae32d3b9: shutdown f64dc5e8-62f3-4def-b87e-a162ae32d3b9@group-45C8E505B354-FollowerState
2022-08-08 17:30:47,132 [f64dc5e8-62f3-4def-b87e-a162ae32d3b9@group-45C8E505B354-FollowerState] INFO  server.RaftServer$Division (RaftServerImpl.java:setRole(299)) - f64dc5e8-62f3-4def-b87e-a162ae32d3b9@group-45C8E505B354: changes role from  FOLLOWER to CANDIDATE at term 0 for changeToCandidate
2022-08-08 17:30:47,132 [f64dc5e8-62f3-4def-b87e-a162ae32d3b9@group-45C8E505B354-FollowerState] INFO  server.RaftServerConfigKeys (ConfUtils.java:logGet(46)) - raft.server.leaderelection.pre-vote = false (custom)
2022-08-08 17:30:47,132 [f64dc5e8-62f3-4def-b87e-a162ae32d3b9@group-45C8E505B354-FollowerState] INFO  impl.RoleInfo (RoleInfo.java:updateAndGet(139)) - f64dc5e8-62f3-4def-b87e-a162ae32d3b9: start f64dc5e8-62f3-4def-b87e-a162ae32d3b9@group-45C8E505B354-LeaderElection3
2022-08-08 17:30:47,135 [f64dc5e8-62f3-4def-b87e-a162ae32d3b9@group-45C8E505B354-LeaderElection3] INFO  impl.LeaderElection (LeaderElection.java:askForVotes(310)) - f64dc5e8-62f3-4def-b87e-a162ae32d3b9@group-45C8E505B354-LeaderElection3 ELECTION round 0: submit vote requests at term 1 for -1: [02b59665-40e6-4f54-a95c-0606f78ec7ff|rpc:10.1.0.4:36877|priority:0, f64dc5e8-62f3-4def-b87e-a162ae32d3b9|rpc:10.1.0.4:38901|priority:0, f220fda6-a22f-4438-8ee2-dd02585921dd|rpc:10.1.0.4:37777|priority:1], old=null
2022-08-08 17:30:47,167 [grpc-default-executor-1] INFO  server.RaftServer$Division (RaftServerImpl.java:requestVote(1152)) - 02b59665-40e6-4f54-a95c-0606f78ec7ff@group-45C8E505B354: receive requestVote(ELECTION, f64dc5e8-62f3-4def-b87e-a162ae32d3b9, group-45C8E505B354, 1, (t:0, i:0))
2022-08-08 17:30:47,169 [grpc-default-executor-1] INFO  impl.VoteContext (VoteContext.java:log(48)) - 02b59665-40e6-4f54-a95c-0606f78ec7ff@group-45C8E505B354-FOLLOWER: accept ELECTION from f64dc5e8-62f3-4def-b87e-a162ae32d3b9: our priority 0 <= candidate's priority 0
2022-08-08 17:30:47,170 [grpc-default-executor-1] INFO  server.RaftServer$Division (RaftServerImpl.java:setRole(299)) - 02b59665-40e6-4f54-a95c-0606f78ec7ff@group-45C8E505B354: changes role from  FOLLOWER to FOLLOWER at term 1 for candidate:f64dc5e8-62f3-4def-b87e-a162ae32d3b9
2022-08-08 17:30:47,170 [grpc-default-executor-1] INFO  impl.RoleInfo (RoleInfo.java:shutdownFollowerState(110)) - 02b59665-40e6-4f54-a95c-0606f78ec7ff: shutdown 02b59665-40e6-4f54-a95c-0606f78ec7ff@group-45C8E505B354-FollowerState
2022-08-08 17:30:47,170 [grpc-default-executor-1] INFO  impl.RoleInfo (RoleInfo.java:updateAndGet(139)) - 02b59665-40e6-4f54-a95c-0606f78ec7ff: start 02b59665-40e6-4f54-a95c-0606f78ec7ff@group-45C8E505B354-FollowerState
2022-08-08 17:30:47,170 [02b59665-40e6-4f54-a95c-0606f78ec7ff@group-45C8E505B354-FollowerState] INFO  impl.FollowerState (FollowerState.java:run(152)) - 02b59665-40e6-4f54-a95c-0606f78ec7ff@group-45C8E505B354-FollowerState was interrupted
2022-08-08 17:30:47,176 [grpc-default-executor-1] INFO  server.RaftServer$Division (RaftServerImpl.java:requestVote(1184)) - 02b59665-40e6-4f54-a95c-0606f78ec7ff@group-45C8E505B354 replies to ELECTION vote request: f64dc5e8-62f3-4def-b87e-a162ae32d3b9<-02b59665-40e6-4f54-a95c-0606f78ec7ff#0:OK-t1. Peer's state: 02b59665-40e6-4f54-a95c-0606f78ec7ff@group-45C8E505B354:t1, leader=null, voted=f64dc5e8-62f3-4def-b87e-a162ae32d3b9, raftlog=02b59665-40e6-4f54-a95c-0606f78ec7ff@group-45C8E505B354-SegmentedRaftLog:OPENED:c-1, conf=-1: [02b59665-40e6-4f54-a95c-0606f78ec7ff|rpc:10.1.0.4:36877|priority:0, f64dc5e8-62f3-4def-b87e-a162ae32d3b9|rpc:10.1.0.4:38901|priority:0, f220fda6-a22f-4438-8ee2-dd02585921dd|rpc:10.1.0.4:37777|priority:1], old=null
2022-08-08 17:30:47,189 [grpc-default-executor-0] INFO  server.RaftServer$Division (RaftServerImpl.java:requestVote(1152)) - f220fda6-a22f-4438-8ee2-dd02585921dd@group-45C8E505B354: receive requestVote(ELECTION, f64dc5e8-62f3-4def-b87e-a162ae32d3b9, group-45C8E505B354, 1, (t:0, i:0))
2022-08-08 17:30:47,189 [grpc-default-executor-0] INFO  impl.VoteContext (VoteContext.java:log(48)) - f220fda6-a22f-4438-8ee2-dd02585921dd@group-45C8E505B354-FOLLOWER: reject ELECTION from f64dc5e8-62f3-4def-b87e-a162ae32d3b9: our priority 1 > candidate's priority 0
2022-08-08 17:30:47,190 [grpc-default-executor-0] INFO  server.RaftServer$Division (RaftServerImpl.java:setRole(299)) - f220fda6-a22f-4438-8ee2-dd02585921dd@group-45C8E505B354: changes role from  FOLLOWER to FOLLOWER at term 1 for candidate:f64dc5e8-62f3-4def-b87e-a162ae32d3b9
2022-08-08 17:30:47,190 [grpc-default-executor-0] INFO  impl.RoleInfo (RoleInfo.java:shutdownFollowerState(110)) - f220fda6-a22f-4438-8ee2-dd02585921dd: shutdown f220fda6-a22f-4438-8ee2-dd02585921dd@group-45C8E505B354-FollowerState
2022-08-08 17:30:47,190 [grpc-default-executor-0] INFO  impl.RoleInfo (RoleInfo.java:updateAndGet(139)) - f220fda6-a22f-4438-8ee2-dd02585921dd: start f220fda6-a22f-4438-8ee2-dd02585921dd@group-45C8E505B354-FollowerState
2022-08-08 17:30:47,190 [f220fda6-a22f-4438-8ee2-dd02585921dd@group-45C8E505B354-FollowerState] INFO  impl.FollowerState (FollowerState.java:run(152)) - f220fda6-a22f-4438-8ee2-dd02585921dd@group-45C8E505B354-FollowerState was interrupted
2022-08-08 17:30:47,198 [grpc-default-executor-0] INFO  server.RaftServer$Division (RaftServerImpl.java:requestVote(1184)) - f220fda6-a22f-4438-8ee2-dd02585921dd@group-45C8E505B354 replies to ELECTION vote request: f64dc5e8-62f3-4def-b87e-a162ae32d3b9<-f220fda6-a22f-4438-8ee2-dd02585921dd#0:FAIL-t1. Peer's state: f220fda6-a22f-4438-8ee2-dd02585921dd@group-45C8E505B354:t1, leader=null, voted=null, raftlog=f220fda6-a22f-4438-8ee2-dd02585921dd@group-45C8E505B354-SegmentedRaftLog:OPENED:c-1, conf=-1: [02b59665-40e6-4f54-a95c-0606f78ec7ff|rpc:10.1.0.4:36877|dataStream:|priority:0, f64dc5e8-62f3-4def-b87e-a162ae32d3b9|rpc:10.1.0.4:38901|dataStream:|priority:0, f220fda6-a22f-4438-8ee2-dd02585921dd|rpc:10.1.0.4:37777|dataStream:|priority:1], old=null
2022-08-08 17:30:47,201 [f64dc5e8-62f3-4def-b87e-a162ae32d3b9@group-45C8E505B354-LeaderElection3] INFO  impl.LeaderElection (LeaderElection.java:logAndReturn(90)) - f64dc5e8-62f3-4def-b87e-a162ae32d3b9@group-45C8E505B354-LeaderElection3: ELECTION REJECTED received 2 response(s) and 0 exception(s):
2022-08-08 17:30:47,201 [f64dc5e8-62f3-4def-b87e-a162ae32d3b9@group-45C8E505B354-LeaderElection3] INFO  impl.LeaderElection (LeaderElection.java:logAndReturn(94)) -   Response 0: f64dc5e8-62f3-4def-b87e-a162ae32d3b9<-02b59665-40e6-4f54-a95c-0606f78ec7ff#0:OK-t1
2022-08-08 17:30:47,201 [f64dc5e8-62f3-4def-b87e-a162ae32d3b9@group-45C8E505B354-LeaderElection3] INFO  impl.LeaderElection (LeaderElection.java:logAndReturn(94)) -   Response 1: f64dc5e8-62f3-4def-b87e-a162ae32d3b9<-f220fda6-a22f-4438-8ee2-dd02585921dd#0:FAIL-t1
2022-08-08 17:30:47,201 [f64dc5e8-62f3-4def-b87e-a162ae32d3b9@group-45C8E505B354-LeaderElection3] INFO  impl.LeaderElection (LeaderElection.java:askForVotes(312)) - f64dc5e8-62f3-4def-b87e-a162ae32d3b9@group-45C8E505B354-LeaderElection3 ELECTION round 0: result REJECTED
2022-08-08 17:30:47,201 [f64dc5e8-62f3-4def-b87e-a162ae32d3b9@group-45C8E505B354-LeaderElection3] INFO  server.RaftServer$Division (RaftServerImpl.java:setRole(299)) - f64dc5e8-62f3-4def-b87e-a162ae32d3b9@group-45C8E505B354: changes role from CANDIDATE to FOLLOWER at term 1 for REJECTED
2022-08-08 17:30:47,201 [f64dc5e8-62f3-4def-b87e-a162ae32d3b9@group-45C8E505B354-LeaderElection3] INFO  impl.RoleInfo (RoleInfo.java:shutdownLeaderElection(130)) - f64dc5e8-62f3-4def-b87e-a162ae32d3b9: shutdown f64dc5e8-62f3-4def-b87e-a162ae32d3b9@group-45C8E505B354-LeaderElection3
2022-08-08 17:30:47,202 [f64dc5e8-62f3-4def-b87e-a162ae32d3b9@group-45C8E505B354-LeaderElection3] INFO  impl.RoleInfo (RoleInfo.java:updateAndGet(139)) - f64dc5e8-62f3-4def-b87e-a162ae32d3b9: start f64dc5e8-62f3-4def-b87e-a162ae32d3b9@group-45C8E505B354-FollowerState
2022-08-08 17:30:47,472 [Listener at 127.0.0.1/37325] INFO  ozone.MiniOzoneClusterImpl (MiniOzoneClusterImpl.java:lambda$waitForClusterToBeReady$0(216)) - Nodes are ready. Got 5 of 5 DN Heartbeats.
2022-08-08 17:30:47,473 [Listener at 127.0.0.1/37325] INFO  ozone.MiniOzoneClusterImpl (MiniOzoneClusterImpl.java:lambda$waitForClusterToBeReady$0(219)) - Waiting for cluster to exit safe mode
2022-08-08 17:30:47,474 [Listener at 127.0.0.1/37325] INFO  ozone.MiniOzoneClusterImpl (MiniOzoneClusterImpl.java:lambda$waitForClusterToBeReady$0(221)) - SCM became leader
2022-08-08 17:30:47,536 [02b59665-40e6-4f54-a95c-0606f78ec7ff@group-B73DE5303C81-FollowerState] INFO  impl.FollowerState (FollowerState.java:run(143)) - 02b59665-40e6-4f54-a95c-0606f78ec7ff@group-B73DE5303C81-FollowerState: change to CANDIDATE, lastRpcElapsedTime:5045985725ns, electionTimeout:5041ms
2022-08-08 17:30:47,536 [02b59665-40e6-4f54-a95c-0606f78ec7ff@group-B73DE5303C81-FollowerState] INFO  impl.RoleInfo (RoleInfo.java:shutdownFollowerState(110)) - 02b59665-40e6-4f54-a95c-0606f78ec7ff: shutdown 02b59665-40e6-4f54-a95c-0606f78ec7ff@group-B73DE5303C81-FollowerState
2022-08-08 17:30:47,536 [02b59665-40e6-4f54-a95c-0606f78ec7ff@group-B73DE5303C81-FollowerState] INFO  server.RaftServer$Division (RaftServerImpl.java:setRole(299)) - 02b59665-40e6-4f54-a95c-0606f78ec7ff@group-B73DE5303C81: changes role from  FOLLOWER to CANDIDATE at term 0 for changeToCandidate
2022-08-08 17:30:47,536 [02b59665-40e6-4f54-a95c-0606f78ec7ff@group-B73DE5303C81-FollowerState] INFO  server.RaftServerConfigKeys (ConfUtils.java:logGet(46)) - raft.server.leaderelection.pre-vote = false (custom)
2022-08-08 17:30:47,537 [02b59665-40e6-4f54-a95c-0606f78ec7ff@group-B73DE5303C81-FollowerState] INFO  impl.RoleInfo (RoleInfo.java:updateAndGet(139)) - 02b59665-40e6-4f54-a95c-0606f78ec7ff: start 02b59665-40e6-4f54-a95c-0606f78ec7ff@group-B73DE5303C81-LeaderElection4
2022-08-08 17:30:47,540 [02b59665-40e6-4f54-a95c-0606f78ec7ff@group-B73DE5303C81-LeaderElection4] INFO  impl.LeaderElection (LeaderElection.java:askForVotes(310)) - 02b59665-40e6-4f54-a95c-0606f78ec7ff@group-B73DE5303C81-LeaderElection4 ELECTION round 0: submit vote requests at term 1 for -1: [02b59665-40e6-4f54-a95c-0606f78ec7ff|rpc:10.1.0.4:36877|priority:1], old=null
2022-08-08 17:30:47,541 [02b59665-40e6-4f54-a95c-0606f78ec7ff@group-B73DE5303C81-LeaderElection4] INFO  impl.LeaderElection (LeaderElection.java:askForVotes(312)) - 02b59665-40e6-4f54-a95c-0606f78ec7ff@group-B73DE5303C81-LeaderElection4 ELECTION round 0: result PASSED (term=1)
2022-08-08 17:30:47,541 [02b59665-40e6-4f54-a95c-0606f78ec7ff@group-B73DE5303C81-LeaderElection4] INFO  impl.RoleInfo (RoleInfo.java:shutdownLeaderElection(130)) - 02b59665-40e6-4f54-a95c-0606f78ec7ff: shutdown 02b59665-40e6-4f54-a95c-0606f78ec7ff@group-B73DE5303C81-LeaderElection4
2022-08-08 17:30:47,542 [02b59665-40e6-4f54-a95c-0606f78ec7ff@group-B73DE5303C81-LeaderElection4] INFO  server.RaftServer$Division (RaftServerImpl.java:setRole(299)) - 02b59665-40e6-4f54-a95c-0606f78ec7ff@group-B73DE5303C81: changes role from CANDIDATE to LEADER at term 1 for changeToLeader
2022-08-08 17:30:47,542 [02b59665-40e6-4f54-a95c-0606f78ec7ff@group-B73DE5303C81-LeaderElection4] INFO  ratis.XceiverServerRatis (XceiverServerRatis.java:handleLeaderChangedNotification(863)) - Leader change notification received for group: group-B73DE5303C81 with new leaderId: 02b59665-40e6-4f54-a95c-0606f78ec7ff
2022-08-08 17:30:47,542 [02b59665-40e6-4f54-a95c-0606f78ec7ff@group-B73DE5303C81-LeaderElection4] INFO  server.RaftServer$Division (ServerState.java:setLeader(287)) - 02b59665-40e6-4f54-a95c-0606f78ec7ff@group-B73DE5303C81: change Leader from null to 02b59665-40e6-4f54-a95c-0606f78ec7ff at term 1 for becomeLeader, leader elected after 5081ms
2022-08-08 17:30:47,542 [02b59665-40e6-4f54-a95c-0606f78ec7ff@group-B73DE5303C81-LeaderElection4] INFO  server.RaftServerConfigKeys (ConfUtils.java:logGet(46)) - raft.server.staging.catchup.gap = 1000 (default)
2022-08-08 17:30:47,543 [02b59665-40e6-4f54-a95c-0606f78ec7ff@group-B73DE5303C81-LeaderElection4] INFO  server.RaftServerConfigKeys (ConfUtils.java:logGet(46)) - raft.server.write.element-limit = 1024 (custom)
2022-08-08 17:30:47,543 [02b59665-40e6-4f54-a95c-0606f78ec7ff@group-B73DE5303C81-LeaderElection4] INFO  server.RaftServerConfigKeys (ConfUtils.java:logGet(46)) - raft.server.write.byte-limit = 1024 M (=1073741824) (custom)
2022-08-08 17:30:47,543 [02b59665-40e6-4f54-a95c-0606f78ec7ff@group-B73DE5303C81-LeaderElection4] INFO  server.RaftServerConfigKeys (ConfUtils.java:logGet(46)) - raft.server.watch.timeout = 180s (custom)
2022-08-08 17:30:47,543 [02b59665-40e6-4f54-a95c-0606f78ec7ff@group-B73DE5303C81-LeaderElection4] INFO  server.RaftServerConfigKeys (ConfUtils.java:logGet(46)) - raft.server.watch.timeout.denomination = 1s (default)
2022-08-08 17:30:47,543 [02b59665-40e6-4f54-a95c-0606f78ec7ff@group-B73DE5303C81-LeaderElection4] INFO  server.RaftServerConfigKeys (ConfUtils.java:logGet(46)) - raft.server.watch.element-limit = 65536 (default)
2022-08-08 17:30:47,543 [02b59665-40e6-4f54-a95c-0606f78ec7ff@group-B73DE5303C81-LeaderElection4] INFO  server.RaftServerConfigKeys (ConfUtils.java:logGet(46)) - raft.server.write.element-limit = 1024 (custom)
2022-08-08 17:30:47,543 [02b59665-40e6-4f54-a95c-0606f78ec7ff@group-B73DE5303C81-LeaderElection4] INFO  server.RaftServerConfigKeys (ConfUtils.java:logGet(46)) - raft.server.write.follower.gap.ratio.max = -1.0 (default)
2022-08-08 17:30:47,543 [02b59665-40e6-4f54-a95c-0606f78ec7ff@group-B73DE5303C81-LeaderElection4] INFO  impl.RoleInfo (RoleInfo.java:updateAndGet(139)) - 02b59665-40e6-4f54-a95c-0606f78ec7ff: start 02b59665-40e6-4f54-a95c-0606f78ec7ff@group-B73DE5303C81-LeaderStateImpl
2022-08-08 17:30:47,544 [02b59665-40e6-4f54-a95c-0606f78ec7ff@group-B73DE5303C81-LeaderElection4] INFO  segmented.SegmentedRaftLogWorker (SegmentedRaftLogWorker.java:startLogSegment(425)) - 02b59665-40e6-4f54-a95c-0606f78ec7ff@group-B73DE5303C81-SegmentedRaftLogWorker: Starting segment from index:0
2022-08-08 17:30:47,546 [EventQueue-OpenPipelineForHealthyPipelineSafeModeRule] INFO  safemode.SCMSafeModeManager (HealthyPipelineSafeModeRule.java:process(137)) - SCM in safe mode. Healthy pipelines reported count is 0, required healthy pipeline reported count is 1
2022-08-08 17:30:47,547 [02b59665-40e6-4f54-a95c-0606f78ec7ff@group-B73DE5303C81-SegmentedRaftLogWorker] INFO  segmented.SegmentedRaftLogWorker (SegmentedRaftLogWorker.java:execute(629)) - 02b59665-40e6-4f54-a95c-0606f78ec7ff@group-B73DE5303C81-SegmentedRaftLogWorker: created new log segment /home/runner/work/ozone/ozone/hadoop-ozone/integration-test/target/test-dir/MiniOzoneClusterImpl-51406671-1893-4796-a216-b7dfafadb542/datanode-1/data/ratis/208be93f-37bc-41f2-b0ce-b73de5303c81/current/log_inprogress_0
2022-08-08 17:30:47,552 [02b59665-40e6-4f54-a95c-0606f78ec7ff@group-B73DE5303C81-LeaderElection4] INFO  server.RaftServer$Division (ServerState.java:setRaftConf(393)) - 02b59665-40e6-4f54-a95c-0606f78ec7ff@group-B73DE5303C81: set configuration 0: [02b59665-40e6-4f54-a95c-0606f78ec7ff|rpc:10.1.0.4:36877|dataStream:|priority:1], old=null
2022-08-08 17:30:47,769 [f64dc5e8-62f3-4def-b87e-a162ae32d3b9@group-32AFE4578994-FollowerState] INFO  impl.FollowerState (FollowerState.java:run(143)) - f64dc5e8-62f3-4def-b87e-a162ae32d3b9@group-32AFE4578994-FollowerState: change to CANDIDATE, lastRpcElapsedTime:5014008139ns, electionTimeout:5013ms
2022-08-08 17:30:47,770 [f64dc5e8-62f3-4def-b87e-a162ae32d3b9@group-32AFE4578994-FollowerState] INFO  impl.RoleInfo (RoleInfo.java:shutdownFollowerState(110)) - f64dc5e8-62f3-4def-b87e-a162ae32d3b9: shutdown f64dc5e8-62f3-4def-b87e-a162ae32d3b9@group-32AFE4578994-FollowerState
2022-08-08 17:30:47,770 [f64dc5e8-62f3-4def-b87e-a162ae32d3b9@group-32AFE4578994-FollowerState] INFO  server.RaftServer$Division (RaftServerImpl.java:setRole(299)) - f64dc5e8-62f3-4def-b87e-a162ae32d3b9@group-32AFE4578994: changes role from  FOLLOWER to CANDIDATE at term 0 for changeToCandidate
2022-08-08 17:30:47,770 [f64dc5e8-62f3-4def-b87e-a162ae32d3b9@group-32AFE4578994-FollowerState] INFO  server.RaftServerConfigKeys (ConfUtils.java:logGet(46)) - raft.server.leaderelection.pre-vote = false (custom)
2022-08-08 17:30:47,770 [f64dc5e8-62f3-4def-b87e-a162ae32d3b9@group-32AFE4578994-FollowerState] INFO  impl.RoleInfo (RoleInfo.java:updateAndGet(139)) - f64dc5e8-62f3-4def-b87e-a162ae32d3b9: start f64dc5e8-62f3-4def-b87e-a162ae32d3b9@group-32AFE4578994-LeaderElection5
2022-08-08 17:30:47,774 [f64dc5e8-62f3-4def-b87e-a162ae32d3b9@group-32AFE4578994-LeaderElection5] INFO  impl.LeaderElection (LeaderElection.java:askForVotes(310)) - f64dc5e8-62f3-4def-b87e-a162ae32d3b9@group-32AFE4578994-LeaderElection5 ELECTION round 0: submit vote requests at term 1 for -1: [02b59665-40e6-4f54-a95c-0606f78ec7ff|rpc:10.1.0.4:36877|priority:1, f64dc5e8-62f3-4def-b87e-a162ae32d3b9|rpc:10.1.0.4:38901|priority:0, f220fda6-a22f-4438-8ee2-dd02585921dd|rpc:10.1.0.4:37777|priority:0], old=null
2022-08-08 17:30:47,784 [grpc-default-executor-0] INFO  server.RaftServer$Division (RaftServerImpl.java:requestVote(1152)) - f220fda6-a22f-4438-8ee2-dd02585921dd@group-32AFE4578994: receive requestVote(ELECTION, f64dc5e8-62f3-4def-b87e-a162ae32d3b9, group-32AFE4578994, 1, (t:0, i:0))
2022-08-08 17:30:47,784 [grpc-default-executor-0] INFO  impl.VoteContext (VoteContext.java:log(48)) - f220fda6-a22f-4438-8ee2-dd02585921dd@group-32AFE4578994-FOLLOWER: accept ELECTION from f64dc5e8-62f3-4def-b87e-a162ae32d3b9: our priority 0 <= candidate's priority 0
2022-08-08 17:30:47,784 [grpc-default-executor-0] INFO  server.RaftServer$Division (RaftServerImpl.java:setRole(299)) - f220fda6-a22f-4438-8ee2-dd02585921dd@group-32AFE4578994: changes role from  FOLLOWER to FOLLOWER at term 1 for candidate:f64dc5e8-62f3-4def-b87e-a162ae32d3b9
2022-08-08 17:30:47,784 [grpc-default-executor-0] INFO  impl.RoleInfo (RoleInfo.java:shutdownFollowerState(110)) - f220fda6-a22f-4438-8ee2-dd02585921dd: shutdown f220fda6-a22f-4438-8ee2-dd02585921dd@group-32AFE4578994-FollowerState
2022-08-08 17:30:47,784 [grpc-default-executor-0] INFO  impl.RoleInfo (RoleInfo.java:updateAndGet(139)) - f220fda6-a22f-4438-8ee2-dd02585921dd: start f220fda6-a22f-4438-8ee2-dd02585921dd@group-32AFE4578994-FollowerState
2022-08-08 17:30:47,784 [f220fda6-a22f-4438-8ee2-dd02585921dd@group-32AFE4578994-FollowerState] INFO  impl.FollowerState (FollowerState.java:run(152)) - f220fda6-a22f-4438-8ee2-dd02585921dd@group-32AFE4578994-FollowerState was interrupted
2022-08-08 17:30:47,784 [grpc-default-executor-1] INFO  server.RaftServer$Division (RaftServerImpl.java:requestVote(1152)) - 02b59665-40e6-4f54-a95c-0606f78ec7ff@group-32AFE4578994: receive requestVote(ELECTION, f64dc5e8-62f3-4def-b87e-a162ae32d3b9, group-32AFE4578994, 1, (t:0, i:0))
2022-08-08 17:30:47,785 [grpc-default-executor-1] INFO  impl.VoteContext (VoteContext.java:log(48)) - 02b59665-40e6-4f54-a95c-0606f78ec7ff@group-32AFE4578994-FOLLOWER: reject ELECTION from f64dc5e8-62f3-4def-b87e-a162ae32d3b9: our priority 1 > candidate's priority 0
2022-08-08 17:30:47,785 [grpc-default-executor-1] INFO  server.RaftServer$Division (RaftServerImpl.java:setRole(299)) - 02b59665-40e6-4f54-a95c-0606f78ec7ff@group-32AFE4578994: changes role from  FOLLOWER to FOLLOWER at term 1 for candidate:f64dc5e8-62f3-4def-b87e-a162ae32d3b9
2022-08-08 17:30:47,785 [grpc-default-executor-1] INFO  impl.RoleInfo (RoleInfo.java:shutdownFollowerState(110)) - 02b59665-40e6-4f54-a95c-0606f78ec7ff: shutdown 02b59665-40e6-4f54-a95c-0606f78ec7ff@group-32AFE4578994-FollowerState
2022-08-08 17:30:47,786 [grpc-default-executor-1] INFO  impl.RoleInfo (RoleInfo.java:updateAndGet(139)) - 02b59665-40e6-4f54-a95c-0606f78ec7ff: start 02b59665-40e6-4f54-a95c-0606f78ec7ff@group-32AFE4578994-FollowerState
2022-08-08 17:30:47,786 [02b59665-40e6-4f54-a95c-0606f78ec7ff@group-32AFE4578994-FollowerState] INFO  impl.FollowerState (FollowerState.java:run(152)) - 02b59665-40e6-4f54-a95c-0606f78ec7ff@group-32AFE4578994-FollowerState was interrupted
2022-08-08 17:30:47,791 [grpc-default-executor-1] INFO  server.RaftServer$Division (RaftServerImpl.java:requestVote(1184)) - 02b59665-40e6-4f54-a95c-0606f78ec7ff@group-32AFE4578994 replies to ELECTION vote request: f64dc5e8-62f3-4def-b87e-a162ae32d3b9<-02b59665-40e6-4f54-a95c-0606f78ec7ff#0:FAIL-t1. Peer's state: 02b59665-40e6-4f54-a95c-0606f78ec7ff@group-32AFE4578994:t1, leader=null, voted=null, raftlog=02b59665-40e6-4f54-a95c-0606f78ec7ff@group-32AFE4578994-SegmentedRaftLog:OPENED:c-1, conf=-1: [02b59665-40e6-4f54-a95c-0606f78ec7ff|rpc:10.1.0.4:36877|priority:1, f64dc5e8-62f3-4def-b87e-a162ae32d3b9|rpc:10.1.0.4:38901|priority:0, f220fda6-a22f-4438-8ee2-dd02585921dd|rpc:10.1.0.4:37777|priority:0], old=null
2022-08-08 17:30:47,795 [grpc-default-executor-0] INFO  server.RaftServer$Division (RaftServerImpl.java:requestVote(1184)) - f220fda6-a22f-4438-8ee2-dd02585921dd@group-32AFE4578994 replies to ELECTION vote request: f64dc5e8-62f3-4def-b87e-a162ae32d3b9<-f220fda6-a22f-4438-8ee2-dd02585921dd#0:OK-t1. Peer's state: f220fda6-a22f-4438-8ee2-dd02585921dd@group-32AFE4578994:t1, leader=null, voted=f64dc5e8-62f3-4def-b87e-a162ae32d3b9, raftlog=f220fda6-a22f-4438-8ee2-dd02585921dd@group-32AFE4578994-SegmentedRaftLog:OPENED:c-1, conf=-1: [02b59665-40e6-4f54-a95c-0606f78ec7ff|rpc:10.1.0.4:36877|dataStream:|priority:1, f64dc5e8-62f3-4def-b87e-a162ae32d3b9|rpc:10.1.0.4:38901|dataStream:|priority:0, f220fda6-a22f-4438-8ee2-dd02585921dd|rpc:10.1.0.4:37777|dataStream:|priority:0], old=null
2022-08-08 17:30:47,804 [f64dc5e8-62f3-4def-b87e-a162ae32d3b9@group-32AFE4578994-LeaderElection5] INFO  impl.LeaderElection (LeaderElection.java:logAndReturn(90)) - f64dc5e8-62f3-4def-b87e-a162ae32d3b9@group-32AFE4578994-LeaderElection5: ELECTION REJECTED received 1 response(s) and 0 exception(s):
2022-08-08 17:30:47,807 [f64dc5e8-62f3-4def-b87e-a162ae32d3b9@group-32AFE4578994-LeaderElection5] INFO  impl.LeaderElection (LeaderElection.java:logAndReturn(94)) -   Response 0: f64dc5e8-62f3-4def-b87e-a162ae32d3b9<-02b59665-40e6-4f54-a95c-0606f78ec7ff#0:FAIL-t1
2022-08-08 17:30:47,807 [f64dc5e8-62f3-4def-b87e-a162ae32d3b9@group-32AFE4578994-LeaderElection5] INFO  impl.LeaderElection (LeaderElection.java:askForVotes(312)) - f64dc5e8-62f3-4def-b87e-a162ae32d3b9@group-32AFE4578994-LeaderElection5 ELECTION round 0: result REJECTED
2022-08-08 17:30:47,807 [f64dc5e8-62f3-4def-b87e-a162ae32d3b9@group-32AFE4578994-LeaderElection5] INFO  server.RaftServer$Division (RaftServerImpl.java:setRole(299)) - f64dc5e8-62f3-4def-b87e-a162ae32d3b9@group-32AFE4578994: changes role from CANDIDATE to FOLLOWER at term 1 for REJECTED
2022-08-08 17:30:47,807 [f64dc5e8-62f3-4def-b87e-a162ae32d3b9@group-32AFE4578994-LeaderElection5] INFO  impl.RoleInfo (RoleInfo.java:shutdownLeaderElection(130)) - f64dc5e8-62f3-4def-b87e-a162ae32d3b9: shutdown f64dc5e8-62f3-4def-b87e-a162ae32d3b9@group-32AFE4578994-LeaderElection5
2022-08-08 17:30:47,807 [f64dc5e8-62f3-4def-b87e-a162ae32d3b9@group-32AFE4578994-LeaderElection5] INFO  impl.RoleInfo (RoleInfo.java:updateAndGet(139)) - f64dc5e8-62f3-4def-b87e-a162ae32d3b9: start f64dc5e8-62f3-4def-b87e-a162ae32d3b9@group-32AFE4578994-FollowerState
2022-08-08 17:30:48,078 [f220fda6-a22f-4438-8ee2-dd02585921dd@group-E50B999FCD23-FollowerState] INFO  impl.FollowerState (FollowerState.java:run(143)) - f220fda6-a22f-4438-8ee2-dd02585921dd@group-E50B999FCD23-FollowerState: change to CANDIDATE, lastRpcElapsedTime:5201202350ns, electionTimeout:5194ms
2022-08-08 17:30:48,080 [f220fda6-a22f-4438-8ee2-dd02585921dd@group-E50B999FCD23-FollowerState] INFO  impl.RoleInfo (RoleInfo.java:shutdownFollowerState(110)) - f220fda6-a22f-4438-8ee2-dd02585921dd: shutdown f220fda6-a22f-4438-8ee2-dd02585921dd@group-E50B999FCD23-FollowerState
2022-08-08 17:30:48,080 [f220fda6-a22f-4438-8ee2-dd02585921dd@group-E50B999FCD23-FollowerState] INFO  server.RaftServer$Division (RaftServerImpl.java:setRole(299)) - f220fda6-a22f-4438-8ee2-dd02585921dd@group-E50B999FCD23: changes role from  FOLLOWER to CANDIDATE at term 0 for changeToCandidate
2022-08-08 17:30:48,080 [f220fda6-a22f-4438-8ee2-dd02585921dd@group-E50B999FCD23-FollowerState] INFO  server.RaftServerConfigKeys (ConfUtils.java:logGet(46)) - raft.server.leaderelection.pre-vote = false (custom)
2022-08-08 17:30:48,080 [f220fda6-a22f-4438-8ee2-dd02585921dd@group-E50B999FCD23-FollowerState] INFO  impl.RoleInfo (RoleInfo.java:updateAndGet(139)) - f220fda6-a22f-4438-8ee2-dd02585921dd: start f220fda6-a22f-4438-8ee2-dd02585921dd@group-E50B999FCD23-LeaderElection6
2022-08-08 17:30:48,084 [f220fda6-a22f-4438-8ee2-dd02585921dd@group-E50B999FCD23-LeaderElection6] INFO  impl.LeaderElection (LeaderElection.java:askForVotes(310)) - f220fda6-a22f-4438-8ee2-dd02585921dd@group-E50B999FCD23-LeaderElection6 ELECTION round 0: submit vote requests at term 1 for -1: [f220fda6-a22f-4438-8ee2-dd02585921dd|rpc:10.1.0.4:37777|priority:1], old=null
2022-08-08 17:30:48,084 [f220fda6-a22f-4438-8ee2-dd02585921dd@group-E50B999FCD23-LeaderElection6] INFO  impl.LeaderElection (LeaderElection.java:askForVotes(312)) - f220fda6-a22f-4438-8ee2-dd02585921dd@group-E50B999FCD23-LeaderElection6 ELECTION round 0: result PASSED (term=1)
2022-08-08 17:30:48,084 [f220fda6-a22f-4438-8ee2-dd02585921dd@group-E50B999FCD23-LeaderElection6] INFO  impl.RoleInfo (RoleInfo.java:shutdownLeaderElection(130)) - f220fda6-a22f-4438-8ee2-dd02585921dd: shutdown f220fda6-a22f-4438-8ee2-dd02585921dd@group-E50B999FCD23-LeaderElection6
2022-08-08 17:30:48,084 [f220fda6-a22f-4438-8ee2-dd02585921dd@group-E50B999FCD23-LeaderElection6] INFO  server.RaftServer$Division (RaftServerImpl.java:setRole(299)) - f220fda6-a22f-4438-8ee2-dd02585921dd@group-E50B999FCD23: changes role from CANDIDATE to LEADER at term 1 for changeToLeader
2022-08-08 17:30:48,084 [f220fda6-a22f-4438-8ee2-dd02585921dd@group-E50B999FCD23-LeaderElection6] INFO  ratis.XceiverServerRatis (XceiverServerRatis.java:handleLeaderChangedNotification(863)) - Leader change notification received for group: group-E50B999FCD23 with new leaderId: f220fda6-a22f-4438-8ee2-dd02585921dd
2022-08-08 17:30:48,085 [f220fda6-a22f-4438-8ee2-dd02585921dd@group-E50B999FCD23-LeaderElection6] INFO  server.RaftServer$Division (ServerState.java:setLeader(287)) - f220fda6-a22f-4438-8ee2-dd02585921dd@group-E50B999FCD23: change Leader from null to f220fda6-a22f-4438-8ee2-dd02585921dd at term 1 for becomeLeader, leader elected after 5233ms
2022-08-08 17:30:48,085 [f220fda6-a22f-4438-8ee2-dd02585921dd@group-E50B999FCD23-LeaderElection6] INFO  server.RaftServerConfigKeys (ConfUtils.java:logGet(46)) - raft.server.staging.catchup.gap = 1000 (default)
2022-08-08 17:30:48,085 [f220fda6-a22f-4438-8ee2-dd02585921dd@group-E50B999FCD23-LeaderElection6] INFO  server.RaftServerConfigKeys (ConfUtils.java:logGet(46)) - raft.server.write.element-limit = 1024 (custom)
2022-08-08 17:30:48,085 [f220fda6-a22f-4438-8ee2-dd02585921dd@group-E50B999FCD23-LeaderElection6] INFO  server.RaftServerConfigKeys (ConfUtils.java:logGet(46)) - raft.server.write.byte-limit = 1024 M (=1073741824) (custom)
2022-08-08 17:30:48,085 [f220fda6-a22f-4438-8ee2-dd02585921dd@group-E50B999FCD23-LeaderElection6] INFO  server.RaftServerConfigKeys (ConfUtils.java:logGet(46)) - raft.server.watch.timeout = 180s (custom)
2022-08-08 17:30:48,085 [f220fda6-a22f-4438-8ee2-dd02585921dd@group-E50B999FCD23-LeaderElection6] INFO  server.RaftServerConfigKeys (ConfUtils.java:logGet(46)) - raft.server.watch.timeout.denomination = 1s (default)
2022-08-08 17:30:48,085 [f220fda6-a22f-4438-8ee2-dd02585921dd@group-E50B999FCD23-LeaderElection6] INFO  server.RaftServerConfigKeys (ConfUtils.java:logGet(46)) - raft.server.watch.element-limit = 65536 (default)
2022-08-08 17:30:48,086 [f220fda6-a22f-4438-8ee2-dd02585921dd@group-E50B999FCD23-LeaderElection6] INFO  server.RaftServerConfigKeys (ConfUtils.java:logGet(46)) - raft.server.write.element-limit = 1024 (custom)
2022-08-08 17:30:48,086 [f220fda6-a22f-4438-8ee2-dd02585921dd@group-E50B999FCD23-LeaderElection6] INFO  server.RaftServerConfigKeys (ConfUtils.java:logGet(46)) - raft.server.write.follower.gap.ratio.max = -1.0 (default)
2022-08-08 17:30:48,086 [f220fda6-a22f-4438-8ee2-dd02585921dd@group-E50B999FCD23-LeaderElection6] INFO  impl.RoleInfo (RoleInfo.java:updateAndGet(139)) - f220fda6-a22f-4438-8ee2-dd02585921dd: start f220fda6-a22f-4438-8ee2-dd02585921dd@group-E50B999FCD23-LeaderStateImpl
2022-08-08 17:30:48,086 [f220fda6-a22f-4438-8ee2-dd02585921dd@group-E50B999FCD23-LeaderElection6] INFO  segmented.SegmentedRaftLogWorker (SegmentedRaftLogWorker.java:startLogSegment(425)) - f220fda6-a22f-4438-8ee2-dd02585921dd@group-E50B999FCD23-SegmentedRaftLogWorker: Starting segment from index:0
2022-08-08 17:30:48,086 [EventQueue-OpenPipelineForHealthyPipelineSafeModeRule] INFO  safemode.SCMSafeModeManager (HealthyPipelineSafeModeRule.java:process(137)) - SCM in safe mode. Healthy pipelines reported count is 0, required healthy pipeline reported count is 1
2022-08-08 17:30:48,090 [f220fda6-a22f-4438-8ee2-dd02585921dd@group-E50B999FCD23-LeaderElection6] INFO  server.RaftServer$Division (ServerState.java:setRaftConf(393)) - f220fda6-a22f-4438-8ee2-dd02585921dd@group-E50B999FCD23: set configuration 0: [f220fda6-a22f-4438-8ee2-dd02585921dd|rpc:10.1.0.4:37777|dataStream:|priority:1], old=null
2022-08-08 17:30:48,094 [f220fda6-a22f-4438-8ee2-dd02585921dd@group-E50B999FCD23-SegmentedRaftLogWorker] INFO  segmented.SegmentedRaftLogWorker (SegmentedRaftLogWorker.java:execute(629)) - f220fda6-a22f-4438-8ee2-dd02585921dd@group-E50B999FCD23-SegmentedRaftLogWorker: created new log segment /home/runner/work/ozone/ozone/hadoop-ozone/integration-test/target/test-dir/MiniOzoneClusterImpl-51406671-1893-4796-a216-b7dfafadb542/datanode-2/data/ratis/56598b43-e6fa-40a4-9745-e50b999fcd23/current/log_inprogress_0
2022-08-08 17:30:48,268 [f7aacf51-5793-4fef-8f84-f2340b06749c@group-581E282F9161-FollowerState] INFO  impl.FollowerState (FollowerState.java:run(143)) - f7aacf51-5793-4fef-8f84-f2340b06749c@group-581E282F9161-FollowerState: change to CANDIDATE, lastRpcElapsedTime:5093729188ns, electionTimeout:5092ms
2022-08-08 17:30:48,268 [f7aacf51-5793-4fef-8f84-f2340b06749c@group-581E282F9161-FollowerState] INFO  impl.RoleInfo (RoleInfo.java:shutdownFollowerState(110)) - f7aacf51-5793-4fef-8f84-f2340b06749c: shutdown f7aacf51-5793-4fef-8f84-f2340b06749c@group-581E282F9161-FollowerState
2022-08-08 17:30:48,268 [f7aacf51-5793-4fef-8f84-f2340b06749c@group-581E282F9161-FollowerState] INFO  server.RaftServer$Division (RaftServerImpl.java:setRole(299)) - f7aacf51-5793-4fef-8f84-f2340b06749c@group-581E282F9161: changes role from  FOLLOWER to CANDIDATE at term 0 for changeToCandidate
2022-08-08 17:30:48,268 [f7aacf51-5793-4fef-8f84-f2340b06749c@group-581E282F9161-FollowerState] INFO  server.RaftServerConfigKeys (ConfUtils.java:logGet(46)) - raft.server.leaderelection.pre-vote = false (custom)
2022-08-08 17:30:48,269 [f7aacf51-5793-4fef-8f84-f2340b06749c@group-581E282F9161-FollowerState] INFO  impl.RoleInfo (RoleInfo.java:updateAndGet(139)) - f7aacf51-5793-4fef-8f84-f2340b06749c: start f7aacf51-5793-4fef-8f84-f2340b06749c@group-581E282F9161-LeaderElection7
2022-08-08 17:30:48,272 [f7aacf51-5793-4fef-8f84-f2340b06749c@group-581E282F9161-LeaderElection7] INFO  impl.LeaderElection (LeaderElection.java:askForVotes(310)) - f7aacf51-5793-4fef-8f84-f2340b06749c@group-581E282F9161-LeaderElection7 ELECTION round 0: submit vote requests at term 1 for -1: [f7aacf51-5793-4fef-8f84-f2340b06749c|rpc:10.1.0.4:41927|priority:1], old=null
2022-08-08 17:30:48,272 [f7aacf51-5793-4fef-8f84-f2340b06749c@group-581E282F9161-LeaderElection7] INFO  impl.LeaderElection (LeaderElection.java:askForVotes(312)) - f7aacf51-5793-4fef-8f84-f2340b06749c@group-581E282F9161-LeaderElection7 ELECTION round 0: result PASSED (term=1)
2022-08-08 17:30:48,273 [f7aacf51-5793-4fef-8f84-f2340b06749c@group-581E282F9161-LeaderElection7] INFO  impl.RoleInfo (RoleInfo.java:shutdownLeaderElection(130)) - f7aacf51-5793-4fef-8f84-f2340b06749c: shutdown f7aacf51-5793-4fef-8f84-f2340b06749c@group-581E282F9161-LeaderElection7
2022-08-08 17:30:48,273 [f7aacf51-5793-4fef-8f84-f2340b06749c@group-581E282F9161-LeaderElection7] INFO  server.RaftServer$Division (RaftServerImpl.java:setRole(299)) - f7aacf51-5793-4fef-8f84-f2340b06749c@group-581E282F9161: changes role from CANDIDATE to LEADER at term 1 for changeToLeader
2022-08-08 17:30:48,273 [f7aacf51-5793-4fef-8f84-f2340b06749c@group-581E282F9161-LeaderElection7] INFO  ratis.XceiverServerRatis (XceiverServerRatis.java:handleLeaderChangedNotification(863)) - Leader change notification received for group: group-581E282F9161 with new leaderId: f7aacf51-5793-4fef-8f84-f2340b06749c
2022-08-08 17:30:48,273 [f7aacf51-5793-4fef-8f84-f2340b06749c@group-581E282F9161-LeaderElection7] INFO  server.RaftServer$Division (ServerState.java:setLeader(287)) - f7aacf51-5793-4fef-8f84-f2340b06749c@group-581E282F9161: change Leader from null to f7aacf51-5793-4fef-8f84-f2340b06749c at term 1 for becomeLeader, leader elected after 5113ms
2022-08-08 17:30:48,273 [f7aacf51-5793-4fef-8f84-f2340b06749c@group-581E282F9161-LeaderElection7] INFO  server.RaftServerConfigKeys (ConfUtils.java:logGet(46)) - raft.server.staging.catchup.gap = 1000 (default)
2022-08-08 17:30:48,273 [f7aacf51-5793-4fef-8f84-f2340b06749c@group-581E282F9161-LeaderElection7] INFO  server.RaftServerConfigKeys (ConfUtils.java:logGet(46)) - raft.server.write.element-limit = 1024 (custom)
2022-08-08 17:30:48,274 [f7aacf51-5793-4fef-8f84-f2340b06749c@group-581E282F9161-LeaderElection7] INFO  server.RaftServerConfigKeys (ConfUtils.java:logGet(46)) - raft.server.write.byte-limit = 1024 M (=1073741824) (custom)
2022-08-08 17:30:48,274 [f7aacf51-5793-4fef-8f84-f2340b06749c@group-581E282F9161-LeaderElection7] INFO  server.RaftServerConfigKeys (ConfUtils.java:logGet(46)) - raft.server.watch.timeout = 180s (custom)
2022-08-08 17:30:48,274 [f7aacf51-5793-4fef-8f84-f2340b06749c@group-581E282F9161-LeaderElection7] INFO  server.RaftServerConfigKeys (ConfUtils.java:logGet(46)) - raft.server.watch.timeout.denomination = 1s (default)
2022-08-08 17:30:48,274 [f7aacf51-5793-4fef-8f84-f2340b06749c@group-581E282F9161-LeaderElection7] INFO  server.RaftServerConfigKeys (ConfUtils.java:logGet(46)) - raft.server.watch.element-limit = 65536 (default)
2022-08-08 17:30:48,275 [f7aacf51-5793-4fef-8f84-f2340b06749c@group-581E282F9161-LeaderElection7] INFO  server.RaftServerConfigKeys (ConfUtils.java:logGet(46)) - raft.server.write.element-limit = 1024 (custom)
2022-08-08 17:30:48,275 [f7aacf51-5793-4fef-8f84-f2340b06749c@group-581E282F9161-LeaderElection7] INFO  server.RaftServerConfigKeys (ConfUtils.java:logGet(46)) - raft.server.write.follower.gap.ratio.max = -1.0 (default)
2022-08-08 17:30:48,275 [f7aacf51-5793-4fef-8f84-f2340b06749c@group-581E282F9161-LeaderElection7] INFO  impl.RoleInfo (RoleInfo.java:updateAndGet(139)) - f7aacf51-5793-4fef-8f84-f2340b06749c: start f7aacf51-5793-4fef-8f84-f2340b06749c@group-581E282F9161-LeaderStateImpl
2022-08-08 17:30:48,275 [EventQueue-OpenPipelineForHealthyPipelineSafeModeRule] INFO  safemode.SCMSafeModeManager (HealthyPipelineSafeModeRule.java:process(137)) - SCM in safe mode. Healthy pipelines reported count is 0, required healthy pipeline reported count is 1
2022-08-08 17:30:48,275 [f7aacf51-5793-4fef-8f84-f2340b06749c@group-581E282F9161-LeaderElection7] INFO  segmented.SegmentedRaftLogWorker (SegmentedRaftLogWorker.java:startLogSegment(425)) - f7aacf51-5793-4fef-8f84-f2340b06749c@group-581E282F9161-SegmentedRaftLogWorker: Starting segment from index:0
2022-08-08 17:30:48,279 [f7aacf51-5793-4fef-8f84-f2340b06749c@group-581E282F9161-LeaderElection7] INFO  server.RaftServer$Division (ServerState.java:setRaftConf(393)) - f7aacf51-5793-4fef-8f84-f2340b06749c@group-581E282F9161: set configuration 0: [f7aacf51-5793-4fef-8f84-f2340b06749c|rpc:10.1.0.4:41927|dataStream:|priority:1], old=null
2022-08-08 17:30:48,281 [f7aacf51-5793-4fef-8f84-f2340b06749c@group-581E282F9161-SegmentedRaftLogWorker] INFO  segmented.SegmentedRaftLogWorker (SegmentedRaftLogWorker.java:execute(629)) - f7aacf51-5793-4fef-8f84-f2340b06749c@group-581E282F9161-SegmentedRaftLogWorker: created new log segment /home/runner/work/ozone/ozone/hadoop-ozone/integration-test/target/test-dir/MiniOzoneClusterImpl-51406671-1893-4796-a216-b7dfafadb542/datanode-3/data/ratis/8695c4e4-165d-4a47-bca0-581e282f9161/current/log_inprogress_0
2022-08-08 17:30:48,474 [Listener at 127.0.0.1/37325] INFO  ozone.MiniOzoneClusterImpl (MiniOzoneClusterImpl.java:lambda$waitForClusterToBeReady$0(216)) - Nodes are ready. Got 5 of 5 DN Heartbeats.
2022-08-08 17:30:48,474 [Listener at 127.0.0.1/37325] INFO  ozone.MiniOzoneClusterImpl (MiniOzoneClusterImpl.java:lambda$waitForClusterToBeReady$0(219)) - Waiting for cluster to exit safe mode
2022-08-08 17:30:48,474 [Listener at 127.0.0.1/37325] INFO  ozone.MiniOzoneClusterImpl (MiniOzoneClusterImpl.java:lambda$waitForClusterToBeReady$0(221)) - SCM became leader
2022-08-08 17:30:48,692 [d819746f-ac91-42dc-803b-6bdb8cd6e8e0@group-4100BC640C01-FollowerState] INFO  impl.FollowerState (FollowerState.java:run(143)) - d819746f-ac91-42dc-803b-6bdb8cd6e8e0@group-4100BC640C01-FollowerState: change to CANDIDATE, lastRpcElapsedTime:5197129368ns, electionTimeout:5191ms
2022-08-08 17:30:48,692 [d819746f-ac91-42dc-803b-6bdb8cd6e8e0@group-4100BC640C01-FollowerState] INFO  impl.RoleInfo (RoleInfo.java:shutdownFollowerState(110)) - d819746f-ac91-42dc-803b-6bdb8cd6e8e0: shutdown d819746f-ac91-42dc-803b-6bdb8cd6e8e0@group-4100BC640C01-FollowerState
2022-08-08 17:30:48,693 [d819746f-ac91-42dc-803b-6bdb8cd6e8e0@group-4100BC640C01-FollowerState] INFO  server.RaftServer$Division (RaftServerImpl.java:setRole(299)) - d819746f-ac91-42dc-803b-6bdb8cd6e8e0@group-4100BC640C01: changes role from  FOLLOWER to CANDIDATE at term 0 for changeToCandidate
2022-08-08 17:30:48,693 [d819746f-ac91-42dc-803b-6bdb8cd6e8e0@group-4100BC640C01-FollowerState] INFO  server.RaftServerConfigKeys (ConfUtils.java:logGet(46)) - raft.server.leaderelection.pre-vote = false (custom)
2022-08-08 17:30:48,694 [d819746f-ac91-42dc-803b-6bdb8cd6e8e0@group-4100BC640C01-FollowerState] INFO  impl.RoleInfo (RoleInfo.java:updateAndGet(139)) - d819746f-ac91-42dc-803b-6bdb8cd6e8e0: start d819746f-ac91-42dc-803b-6bdb8cd6e8e0@group-4100BC640C01-LeaderElection8
2022-08-08 17:30:48,698 [d819746f-ac91-42dc-803b-6bdb8cd6e8e0@group-4100BC640C01-LeaderElection8] INFO  impl.LeaderElection (LeaderElection.java:askForVotes(310)) - d819746f-ac91-42dc-803b-6bdb8cd6e8e0@group-4100BC640C01-LeaderElection8 ELECTION round 0: submit vote requests at term 1 for -1: [d819746f-ac91-42dc-803b-6bdb8cd6e8e0|rpc:10.1.0.4:46319|priority:1], old=null
2022-08-08 17:30:48,698 [d819746f-ac91-42dc-803b-6bdb8cd6e8e0@group-4100BC640C01-LeaderElection8] INFO  impl.LeaderElection (LeaderElection.java:askForVotes(312)) - d819746f-ac91-42dc-803b-6bdb8cd6e8e0@group-4100BC640C01-LeaderElection8 ELECTION round 0: result PASSED (term=1)
2022-08-08 17:30:48,698 [d819746f-ac91-42dc-803b-6bdb8cd6e8e0@group-4100BC640C01-LeaderElection8] INFO  impl.RoleInfo (RoleInfo.java:shutdownLeaderElection(130)) - d819746f-ac91-42dc-803b-6bdb8cd6e8e0: shutdown d819746f-ac91-42dc-803b-6bdb8cd6e8e0@group-4100BC640C01-LeaderElection8
2022-08-08 17:30:48,698 [d819746f-ac91-42dc-803b-6bdb8cd6e8e0@group-4100BC640C01-LeaderElection8] INFO  server.RaftServer$Division (RaftServerImpl.java:setRole(299)) - d819746f-ac91-42dc-803b-6bdb8cd6e8e0@group-4100BC640C01: changes role from CANDIDATE to LEADER at term 1 for changeToLeader
2022-08-08 17:30:48,698 [d819746f-ac91-42dc-803b-6bdb8cd6e8e0@group-4100BC640C01-LeaderElection8] INFO  ratis.XceiverServerRatis (XceiverServerRatis.java:handleLeaderChangedNotification(863)) - Leader change notification received for group: group-4100BC640C01 with new leaderId: d819746f-ac91-42dc-803b-6bdb8cd6e8e0
2022-08-08 17:30:48,698 [d819746f-ac91-42dc-803b-6bdb8cd6e8e0@group-4100BC640C01-LeaderElection8] INFO  server.RaftServer$Division (ServerState.java:setLeader(287)) - d819746f-ac91-42dc-803b-6bdb8cd6e8e0@group-4100BC640C01: change Leader from null to d819746f-ac91-42dc-803b-6bdb8cd6e8e0 at term 1 for becomeLeader, leader elected after 5214ms
2022-08-08 17:30:48,699 [d819746f-ac91-42dc-803b-6bdb8cd6e8e0@group-4100BC640C01-LeaderElection8] INFO  server.RaftServerConfigKeys (ConfUtils.java:logGet(46)) - raft.server.staging.catchup.gap = 1000 (default)
2022-08-08 17:30:48,699 [d819746f-ac91-42dc-803b-6bdb8cd6e8e0@group-4100BC640C01-LeaderElection8] INFO  server.RaftServerConfigKeys (ConfUtils.java:logGet(46)) - raft.server.write.element-limit = 1024 (custom)
2022-08-08 17:30:48,699 [d819746f-ac91-42dc-803b-6bdb8cd6e8e0@group-4100BC640C01-LeaderElection8] INFO  server.RaftServerConfigKeys (ConfUtils.java:logGet(46)) - raft.server.write.byte-limit = 1024 M (=1073741824) (custom)
2022-08-08 17:30:48,700 [d819746f-ac91-42dc-803b-6bdb8cd6e8e0@group-4100BC640C01-LeaderElection8] INFO  server.RaftServerConfigKeys (ConfUtils.java:logGet(46)) - raft.server.watch.timeout = 180s (custom)
2022-08-08 17:30:48,700 [d819746f-ac91-42dc-803b-6bdb8cd6e8e0@group-4100BC640C01-LeaderElection8] INFO  server.RaftServerConfigKeys (ConfUtils.java:logGet(46)) - raft.server.watch.timeout.denomination = 1s (default)
2022-08-08 17:30:48,700 [d819746f-ac91-42dc-803b-6bdb8cd6e8e0@group-4100BC640C01-LeaderElection8] INFO  server.RaftServerConfigKeys (ConfUtils.java:logGet(46)) - raft.server.watch.element-limit = 65536 (default)
2022-08-08 17:30:48,700 [d819746f-ac91-42dc-803b-6bdb8cd6e8e0@group-4100BC640C01-LeaderElection8] INFO  server.RaftServerConfigKeys (ConfUtils.java:logGet(46)) - raft.server.write.element-limit = 1024 (custom)
2022-08-08 17:30:48,700 [d819746f-ac91-42dc-803b-6bdb8cd6e8e0@group-4100BC640C01-LeaderElection8] INFO  server.RaftServerConfigKeys (ConfUtils.java:logGet(46)) - raft.server.write.follower.gap.ratio.max = -1.0 (default)
2022-08-08 17:30:48,700 [d819746f-ac91-42dc-803b-6bdb8cd6e8e0@group-4100BC640C01-LeaderElection8] INFO  impl.RoleInfo (RoleInfo.java:updateAndGet(139)) - d819746f-ac91-42dc-803b-6bdb8cd6e8e0: start d819746f-ac91-42dc-803b-6bdb8cd6e8e0@group-4100BC640C01-LeaderStateImpl
2022-08-08 17:30:48,701 [d819746f-ac91-42dc-803b-6bdb8cd6e8e0@group-4100BC640C01-LeaderElection8] INFO  segmented.SegmentedRaftLogWorker (SegmentedRaftLogWorker.java:startLogSegment(425)) - d819746f-ac91-42dc-803b-6bdb8cd6e8e0@group-4100BC640C01-SegmentedRaftLogWorker: Starting segment from index:0
2022-08-08 17:30:48,702 [EventQueue-OpenPipelineForHealthyPipelineSafeModeRule] INFO  safemode.SCMSafeModeManager (HealthyPipelineSafeModeRule.java:process(137)) - SCM in safe mode. Healthy pipelines reported count is 0, required healthy pipeline reported count is 1
2022-08-08 17:30:48,704 [d819746f-ac91-42dc-803b-6bdb8cd6e8e0@group-4100BC640C01-SegmentedRaftLogWorker] INFO  segmented.SegmentedRaftLogWorker (SegmentedRaftLogWorker.java:execute(629)) - d819746f-ac91-42dc-803b-6bdb8cd6e8e0@group-4100BC640C01-SegmentedRaftLogWorker: created new log segment /home/runner/work/ozone/ozone/hadoop-ozone/integration-test/target/test-dir/MiniOzoneClusterImpl-51406671-1893-4796-a216-b7dfafadb542/datanode-4/data/ratis/5f83fb3f-eaee-4368-8305-4100bc640c01/current/log_inprogress_0
2022-08-08 17:30:48,707 [d819746f-ac91-42dc-803b-6bdb8cd6e8e0@group-4100BC640C01-LeaderElection8] INFO  server.RaftServer$Division (ServerState.java:setRaftConf(393)) - d819746f-ac91-42dc-803b-6bdb8cd6e8e0@group-4100BC640C01: set configuration 0: [d819746f-ac91-42dc-803b-6bdb8cd6e8e0|rpc:10.1.0.4:46319|dataStream:|priority:1], old=null
2022-08-08 17:30:49,475 [Listener at 127.0.0.1/37325] INFO  ozone.MiniOzoneClusterImpl (MiniOzoneClusterImpl.java:lambda$waitForClusterToBeReady$0(216)) - Nodes are ready. Got 5 of 5 DN Heartbeats.
2022-08-08 17:30:49,475 [Listener at 127.0.0.1/37325] INFO  ozone.MiniOzoneClusterImpl (MiniOzoneClusterImpl.java:lambda$waitForClusterToBeReady$0(219)) - Waiting for cluster to exit safe mode
2022-08-08 17:30:49,475 [Listener at 127.0.0.1/37325] INFO  ozone.MiniOzoneClusterImpl (MiniOzoneClusterImpl.java:lambda$waitForClusterToBeReady$0(221)) - SCM became leader
2022-08-08 17:30:50,475 [Listener at 127.0.0.1/37325] INFO  ozone.MiniOzoneClusterImpl (MiniOzoneClusterImpl.java:lambda$waitForClusterToBeReady$0(216)) - Nodes are ready. Got 5 of 5 DN Heartbeats.
2022-08-08 17:30:50,476 [Listener at 127.0.0.1/37325] INFO  ozone.MiniOzoneClusterImpl (MiniOzoneClusterImpl.java:lambda$waitForClusterToBeReady$0(219)) - Waiting for cluster to exit safe mode
2022-08-08 17:30:50,476 [Listener at 127.0.0.1/37325] INFO  ozone.MiniOzoneClusterImpl (MiniOzoneClusterImpl.java:lambda$waitForClusterToBeReady$0(221)) - SCM became leader
2022-08-08 17:30:51,476 [Listener at 127.0.0.1/37325] INFO  ozone.MiniOzoneClusterImpl (MiniOzoneClusterImpl.java:lambda$waitForClusterToBeReady$0(216)) - Nodes are ready. Got 5 of 5 DN Heartbeats.
2022-08-08 17:30:51,476 [Listener at 127.0.0.1/37325] INFO  ozone.MiniOzoneClusterImpl (MiniOzoneClusterImpl.java:lambda$waitForClusterToBeReady$0(219)) - Waiting for cluster to exit safe mode
2022-08-08 17:30:51,477 [Listener at 127.0.0.1/37325] INFO  ozone.MiniOzoneClusterImpl (MiniOzoneClusterImpl.java:lambda$waitForClusterToBeReady$0(221)) - SCM became leader
2022-08-08 17:30:52,297 [f220fda6-a22f-4438-8ee2-dd02585921dd@group-45C8E505B354-FollowerState] INFO  impl.FollowerState (FollowerState.java:run(143)) - f220fda6-a22f-4438-8ee2-dd02585921dd@group-45C8E505B354-FollowerState: change to CANDIDATE, lastRpcElapsedTime:5107022184ns, electionTimeout:5098ms
2022-08-08 17:30:52,297 [f220fda6-a22f-4438-8ee2-dd02585921dd@group-45C8E505B354-FollowerState] INFO  impl.RoleInfo (RoleInfo.java:shutdownFollowerState(110)) - f220fda6-a22f-4438-8ee2-dd02585921dd: shutdown f220fda6-a22f-4438-8ee2-dd02585921dd@group-45C8E505B354-FollowerState
2022-08-08 17:30:52,298 [f220fda6-a22f-4438-8ee2-dd02585921dd@group-45C8E505B354-FollowerState] INFO  server.RaftServer$Division (RaftServerImpl.java:setRole(299)) - f220fda6-a22f-4438-8ee2-dd02585921dd@group-45C8E505B354: changes role from  FOLLOWER to CANDIDATE at term 1 for changeToCandidate
2022-08-08 17:30:52,298 [f220fda6-a22f-4438-8ee2-dd02585921dd@group-45C8E505B354-FollowerState] INFO  server.RaftServerConfigKeys (ConfUtils.java:logGet(46)) - raft.server.leaderelection.pre-vote = false (custom)
2022-08-08 17:30:52,298 [f220fda6-a22f-4438-8ee2-dd02585921dd@group-45C8E505B354-FollowerState] INFO  impl.RoleInfo (RoleInfo.java:updateAndGet(139)) - f220fda6-a22f-4438-8ee2-dd02585921dd: start f220fda6-a22f-4438-8ee2-dd02585921dd@group-45C8E505B354-LeaderElection9
2022-08-08 17:30:52,308 [f220fda6-a22f-4438-8ee2-dd02585921dd@group-45C8E505B354-LeaderElection9] INFO  impl.LeaderElection (LeaderElection.java:askForVotes(310)) - f220fda6-a22f-4438-8ee2-dd02585921dd@group-45C8E505B354-LeaderElection9 ELECTION round 0: submit vote requests at term 2 for -1: [02b59665-40e6-4f54-a95c-0606f78ec7ff|rpc:10.1.0.4:36877|dataStream:|priority:0, f64dc5e8-62f3-4def-b87e-a162ae32d3b9|rpc:10.1.0.4:38901|dataStream:|priority:0, f220fda6-a22f-4438-8ee2-dd02585921dd|rpc:10.1.0.4:37777|dataStream:|priority:1], old=null
2022-08-08 17:30:52,328 [grpc-default-executor-1] INFO  server.RaftServer$Division (RaftServerImpl.java:requestVote(1152)) - 02b59665-40e6-4f54-a95c-0606f78ec7ff@group-45C8E505B354: receive requestVote(ELECTION, f220fda6-a22f-4438-8ee2-dd02585921dd, group-45C8E505B354, 2, (t:0, i:0))
2022-08-08 17:30:52,328 [grpc-default-executor-1] INFO  impl.VoteContext (VoteContext.java:log(48)) - 02b59665-40e6-4f54-a95c-0606f78ec7ff@group-45C8E505B354-FOLLOWER: accept ELECTION from f220fda6-a22f-4438-8ee2-dd02585921dd: our priority 0 <= candidate's priority 1
2022-08-08 17:30:52,328 [grpc-default-executor-1] INFO  server.RaftServer$Division (RaftServerImpl.java:setRole(299)) - 02b59665-40e6-4f54-a95c-0606f78ec7ff@group-45C8E505B354: changes role from  FOLLOWER to FOLLOWER at term 2 for candidate:f220fda6-a22f-4438-8ee2-dd02585921dd
2022-08-08 17:30:52,328 [grpc-default-executor-1] INFO  impl.RoleInfo (RoleInfo.java:shutdownFollowerState(110)) - 02b59665-40e6-4f54-a95c-0606f78ec7ff: shutdown 02b59665-40e6-4f54-a95c-0606f78ec7ff@group-45C8E505B354-FollowerState
2022-08-08 17:30:52,328 [grpc-default-executor-1] INFO  impl.RoleInfo (RoleInfo.java:updateAndGet(139)) - 02b59665-40e6-4f54-a95c-0606f78ec7ff: start 02b59665-40e6-4f54-a95c-0606f78ec7ff@group-45C8E505B354-FollowerState
2022-08-08 17:30:52,328 [02b59665-40e6-4f54-a95c-0606f78ec7ff@group-45C8E505B354-FollowerState] INFO  impl.FollowerState (FollowerState.java:run(152)) - 02b59665-40e6-4f54-a95c-0606f78ec7ff@group-45C8E505B354-FollowerState was interrupted
2022-08-08 17:30:52,330 [grpc-default-executor-1] INFO  server.RaftServer$Division (RaftServerImpl.java:requestVote(1184)) - 02b59665-40e6-4f54-a95c-0606f78ec7ff@group-45C8E505B354 replies to ELECTION vote request: f220fda6-a22f-4438-8ee2-dd02585921dd<-02b59665-40e6-4f54-a95c-0606f78ec7ff#0:OK-t2. Peer's state: 02b59665-40e6-4f54-a95c-0606f78ec7ff@group-45C8E505B354:t2, leader=null, voted=f220fda6-a22f-4438-8ee2-dd02585921dd, raftlog=02b59665-40e6-4f54-a95c-0606f78ec7ff@group-45C8E505B354-SegmentedRaftLog:OPENED:c-1, conf=-1: [02b59665-40e6-4f54-a95c-0606f78ec7ff|rpc:10.1.0.4:36877|priority:0, f64dc5e8-62f3-4def-b87e-a162ae32d3b9|rpc:10.1.0.4:38901|priority:0, f220fda6-a22f-4438-8ee2-dd02585921dd|rpc:10.1.0.4:37777|priority:1], old=null
2022-08-08 17:30:52,335 [f220fda6-a22f-4438-8ee2-dd02585921dd@group-45C8E505B354-LeaderElection9] INFO  impl.LeaderElection (LeaderElection.java:logAndReturn(90)) - f220fda6-a22f-4438-8ee2-dd02585921dd@group-45C8E505B354-LeaderElection9: ELECTION PASSED received 1 response(s) and 0 exception(s):
2022-08-08 17:30:52,335 [f220fda6-a22f-4438-8ee2-dd02585921dd@group-45C8E505B354-LeaderElection9] INFO  impl.LeaderElection (LeaderElection.java:logAndReturn(94)) -   Response 0: f220fda6-a22f-4438-8ee2-dd02585921dd<-02b59665-40e6-4f54-a95c-0606f78ec7ff#0:OK-t2
2022-08-08 17:30:52,335 [f220fda6-a22f-4438-8ee2-dd02585921dd@group-45C8E505B354-LeaderElection9] INFO  impl.LeaderElection (LeaderElection.java:askForVotes(312)) - f220fda6-a22f-4438-8ee2-dd02585921dd@group-45C8E505B354-LeaderElection9 ELECTION round 0: result PASSED
2022-08-08 17:30:52,335 [f220fda6-a22f-4438-8ee2-dd02585921dd@group-45C8E505B354-LeaderElection9] INFO  impl.RoleInfo (RoleInfo.java:shutdownLeaderElection(130)) - f220fda6-a22f-4438-8ee2-dd02585921dd: shutdown f220fda6-a22f-4438-8ee2-dd02585921dd@group-45C8E505B354-LeaderElection9
2022-08-08 17:30:52,336 [f220fda6-a22f-4438-8ee2-dd02585921dd@group-45C8E505B354-LeaderElection9] INFO  server.RaftServer$Division (RaftServerImpl.java:setRole(299)) - f220fda6-a22f-4438-8ee2-dd02585921dd@group-45C8E505B354: changes role from CANDIDATE to LEADER at term 2 for changeToLeader
2022-08-08 17:30:52,336 [f220fda6-a22f-4438-8ee2-dd02585921dd@group-45C8E505B354-LeaderElection9] INFO  ratis.XceiverServerRatis (XceiverServerRatis.java:handleLeaderChangedNotification(863)) - Leader change notification received for group: group-45C8E505B354 with new leaderId: f220fda6-a22f-4438-8ee2-dd02585921dd
2022-08-08 17:30:52,336 [f220fda6-a22f-4438-8ee2-dd02585921dd@group-45C8E505B354-LeaderElection9] INFO  server.RaftServer$Division (ServerState.java:setLeader(287)) - f220fda6-a22f-4438-8ee2-dd02585921dd@group-45C8E505B354: change Leader from null to f220fda6-a22f-4438-8ee2-dd02585921dd at term 2 for becomeLeader, leader elected after 9696ms
2022-08-08 17:30:52,336 [f220fda6-a22f-4438-8ee2-dd02585921dd@group-45C8E505B354-LeaderElection9] INFO  server.RaftServerConfigKeys (ConfUtils.java:logGet(46)) - raft.server.staging.catchup.gap = 1000 (default)
2022-08-08 17:30:52,336 [f220fda6-a22f-4438-8ee2-dd02585921dd@group-45C8E505B354-LeaderElection9] INFO  server.RaftServerConfigKeys (ConfUtils.java:logGet(46)) - raft.server.write.element-limit = 1024 (custom)
2022-08-08 17:30:52,336 [f220fda6-a22f-4438-8ee2-dd02585921dd@group-45C8E505B354-LeaderElection9] INFO  server.RaftServerConfigKeys (ConfUtils.java:logGet(46)) - raft.server.write.byte-limit = 1024 M (=1073741824) (custom)
2022-08-08 17:30:52,336 [f220fda6-a22f-4438-8ee2-dd02585921dd@group-45C8E505B354-LeaderElection9] INFO  server.RaftServerConfigKeys (ConfUtils.java:logGet(46)) - raft.server.watch.timeout = 180s (custom)
2022-08-08 17:30:52,337 [f220fda6-a22f-4438-8ee2-dd02585921dd@group-45C8E505B354-LeaderElection9] INFO  server.RaftServerConfigKeys (ConfUtils.java:logGet(46)) - raft.server.watch.timeout.denomination = 1s (default)
2022-08-08 17:30:52,337 [f220fda6-a22f-4438-8ee2-dd02585921dd@group-45C8E505B354-LeaderElection9] INFO  server.RaftServerConfigKeys (ConfUtils.java:logGet(46)) - raft.server.watch.element-limit = 65536 (default)
2022-08-08 17:30:52,337 [f220fda6-a22f-4438-8ee2-dd02585921dd@group-45C8E505B354-LeaderElection9] INFO  server.RaftServerConfigKeys (ConfUtils.java:logGet(46)) - raft.server.write.element-limit = 1024 (custom)
2022-08-08 17:30:52,337 [f220fda6-a22f-4438-8ee2-dd02585921dd@group-45C8E505B354-LeaderElection9] INFO  server.RaftServerConfigKeys (ConfUtils.java:logGet(46)) - raft.server.write.follower.gap.ratio.max = -1.0 (default)
2022-08-08 17:30:52,339 [EventQueue-PipelineReportForPipelineReportHandler] INFO  pipeline.PipelineManagerImpl (PipelineManagerImpl.java:openPipeline(367)) - Pipeline Pipeline[ Id: 3cee1696-830b-4191-a8cb-45c8e505b354, Nodes: f220fda6-a22f-4438-8ee2-dd02585921dd{ip: 10.1.0.4, host: fv-az207-152.1ztp0ef1jgbebjcpob1ohcpowa.jx.internal.cloudapp.net, ports: [REPLICATION=38379, RATIS=37777, RATIS_ADMIN=37777, RATIS_SERVER=37777, STANDALONE=38219], networkLocation: /default-rack, certSerialId: null, persistedOpState: IN_SERVICE, persistedOpStateExpiryEpochSec: 0}f64dc5e8-62f3-4def-b87e-a162ae32d3b9{ip: 10.1.0.4, host: fv-az207-152.1ztp0ef1jgbebjcpob1ohcpowa.jx.internal.cloudapp.net, ports: [REPLICATION=35657, RATIS=38901, RATIS_ADMIN=38901, RATIS_SERVER=38901, STANDALONE=33859], networkLocation: /default-rack, certSerialId: null, persistedOpState: IN_SERVICE, persistedOpStateExpiryEpochSec: 0}02b59665-40e6-4f54-a95c-0606f78ec7ff{ip: 10.1.0.4, host: fv-az207-152.1ztp0ef1jgbebjcpob1ohcpowa.jx.internal.cloudapp.net, ports: [REPLICATION=39539, RATIS=36877, RATIS_ADMIN=36877, RATIS_SERVER=36877, STANDALONE=40375], networkLocation: /default-rack, certSerialId: null, persistedOpState: IN_SERVICE, persistedOpStateExpiryEpochSec: 0}, ReplicationConfig: RATIS/THREE, State:ALLOCATED, leaderId:f220fda6-a22f-4438-8ee2-dd02585921dd, CreationTimestamp2022-08-08T17:30:39.797Z[Etc/UTC]] moved to OPEN state
2022-08-08 17:30:52,341 [EventQueue-OpenPipelineForHealthyPipelineSafeModeRule] INFO  safemode.SCMSafeModeManager (HealthyPipelineSafeModeRule.java:process(137)) - SCM in safe mode. Healthy pipelines reported count is 1, required healthy pipeline reported count is 1
2022-08-08 17:30:52,341 [EventQueue-OpenPipelineForHealthyPipelineSafeModeRule] INFO  safemode.SCMSafeModeManager (SCMSafeModeManager.java:validateSafeModeExitRules(204)) - HealthyPipelineSafeModeRule rule is successfully validated
2022-08-08 17:30:52,341 [EventQueue-OpenPipelineForHealthyPipelineSafeModeRule] INFO  safemode.SCMSafeModeManager (SCMSafeModeManager.java:validateSafeModeExitRules(219)) - ScmSafeModeManager, all rules are successfully validated
2022-08-08 17:30:52,341 [EventQueue-OpenPipelineForHealthyPipelineSafeModeRule] INFO  safemode.SCMSafeModeManager (SCMSafeModeManager.java:exitSafeMode(248)) - SCM exiting safe mode.
2022-08-08 17:30:52,341 [EventQueue-OpenPipelineForHealthyPipelineSafeModeRule] WARN  events.EventQueue (EventQueue.java:fireEvent(216)) - No event handler registered for event TypedEvent{payloadType=SafeModeStatus, name='Safe mode status'}
2022-08-08 17:30:52,341 [EventQueue-OpenPipelineForHealthyPipelineSafeModeRule] INFO  ha.SCMContext (SCMContext.java:updateSafeModeStatus(228)) - Update SafeModeStatus from SafeModeStatus{safeModeStatus=true, preCheckPassed=true} to SafeModeStatus{safeModeStatus=false, preCheckPassed=true}.
2022-08-08 17:30:52,341 [EventQueue-OpenPipelineForHealthyPipelineSafeModeRule] INFO  pipeline.BackgroundPipelineCreator (BackgroundPipelineCreator.java:notifyStatusChanged(254)) - Service BackgroundPipelineCreator transitions to RUNNING.
2022-08-08 17:30:52,341 [EventQueue-OpenPipelineForHealthyPipelineSafeModeRule] INFO  BackgroundPipelineScrubber (BackgroundSCMService.java:notifyStatusChanged(82)) - Service BackgroundPipelineScrubber transitions to RUNNING.
2022-08-08 17:30:52,341 [EventQueue-OpenPipelineForHealthyPipelineSafeModeRule] INFO  ExpiredContainerReplicaOpScrubber (BackgroundSCMService.java:notifyStatusChanged(82)) - Service ExpiredContainerReplicaOpScrubber transitions to RUNNING.
2022-08-08 17:30:52,341 [EventQueue-OpenPipelineForHealthyPipelineSafeModeRule] INFO  UnderReplicatedQueueThread (BackgroundSCMService.java:notifyStatusChanged(82)) - Service UnderReplicatedQueueThread transitions to RUNNING.
2022-08-08 17:30:52,341 [EventQueue-OpenPipelineForHealthyPipelineSafeModeRule] INFO  OverReplicatedQueueThread (BackgroundSCMService.java:notifyStatusChanged(82)) - Service OverReplicatedQueueThread transitions to RUNNING.
2022-08-08 17:30:52,341 [EventQueue-OpenPipelineForHealthyPipelineSafeModeRule] INFO  replication.ReplicationManager (ReplicationManager.java:notifyStatusChanged(642)) - Service ReplicationManager transitions to RUNNING.
2022-08-08 17:30:52,342 [EventQueue-OpenPipelineForHealthyPipelineSafeModeRule] WARN  balancer.ContainerBalancer (ContainerBalancer.java:shouldRun(904)) - Could not find persisted configuration for ContainerBalancer when checking if ContainerBalancer should run. ContainerBalancer should not run now.
2022-08-08 17:30:52,351 [f220fda6-a22f-4438-8ee2-dd02585921dd@group-45C8E505B354-LeaderElection9] INFO  server.RaftServerConfigKeys (ConfUtils.java:logGet(46)) - raft.server.log.appender.snapshot.chunk.size.max = 16MB (=16777216) (default)
2022-08-08 17:30:52,352 [f220fda6-a22f-4438-8ee2-dd02585921dd@group-45C8E505B354-LeaderElection9] INFO  server.RaftServerConfigKeys (ConfUtils.java:logGet(46)) - raft.server.log.appender.buffer.byte-limit = 33554432 (custom)
2022-08-08 17:30:52,352 [f220fda6-a22f-4438-8ee2-dd02585921dd@group-45C8E505B354-LeaderElection9] INFO  server.RaftServerConfigKeys (ConfUtils.java:logGet(46)) - raft.server.log.appender.buffer.element-limit = 1 (custom)
2022-08-08 17:30:52,355 [grpc-default-executor-1] INFO  server.RaftServer$Division (RaftServerImpl.java:requestVote(1152)) - f64dc5e8-62f3-4def-b87e-a162ae32d3b9@group-45C8E505B354: receive requestVote(ELECTION, f220fda6-a22f-4438-8ee2-dd02585921dd, group-45C8E505B354, 2, (t:0, i:0))
2022-08-08 17:30:52,355 [grpc-default-executor-1] INFO  impl.VoteContext (VoteContext.java:log(48)) - f64dc5e8-62f3-4def-b87e-a162ae32d3b9@group-45C8E505B354-FOLLOWER: accept ELECTION from f220fda6-a22f-4438-8ee2-dd02585921dd: our priority 0 <= candidate's priority 1
2022-08-08 17:30:52,355 [grpc-default-executor-1] INFO  server.RaftServer$Division (RaftServerImpl.java:setRole(299)) - f64dc5e8-62f3-4def-b87e-a162ae32d3b9@group-45C8E505B354: changes role from  FOLLOWER to FOLLOWER at term 2 for candidate:f220fda6-a22f-4438-8ee2-dd02585921dd
2022-08-08 17:30:52,355 [grpc-default-executor-1] INFO  impl.RoleInfo (RoleInfo.java:shutdownFollowerState(110)) - f64dc5e8-62f3-4def-b87e-a162ae32d3b9: shutdown f64dc5e8-62f3-4def-b87e-a162ae32d3b9@group-45C8E505B354-FollowerState
2022-08-08 17:30:52,355 [grpc-default-executor-1] INFO  impl.RoleInfo (RoleInfo.java:updateAndGet(139)) - f64dc5e8-62f3-4def-b87e-a162ae32d3b9: start f64dc5e8-62f3-4def-b87e-a162ae32d3b9@group-45C8E505B354-FollowerState
2022-08-08 17:30:52,355 [f64dc5e8-62f3-4def-b87e-a162ae32d3b9@group-45C8E505B354-FollowerState] INFO  impl.FollowerState (FollowerState.java:run(152)) - f64dc5e8-62f3-4def-b87e-a162ae32d3b9@group-45C8E505B354-FollowerState was interrupted
2022-08-08 17:30:52,357 [grpc-default-executor-1] INFO  server.RaftServer$Division (RaftServerImpl.java:requestVote(1184)) - f64dc5e8-62f3-4def-b87e-a162ae32d3b9@group-45C8E505B354 replies to ELECTION vote request: f220fda6-a22f-4438-8ee2-dd02585921dd<-f64dc5e8-62f3-4def-b87e-a162ae32d3b9#0:OK-t2. Peer's state: f64dc5e8-62f3-4def-b87e-a162ae32d3b9@group-45C8E505B354:t2, leader=null, voted=f220fda6-a22f-4438-8ee2-dd02585921dd, raftlog=f64dc5e8-62f3-4def-b87e-a162ae32d3b9@group-45C8E505B354-SegmentedRaftLog:OPENED:c-1, conf=-1: [02b59665-40e6-4f54-a95c-0606f78ec7ff|rpc:10.1.0.4:36877|priority:0, f64dc5e8-62f3-4def-b87e-a162ae32d3b9|rpc:10.1.0.4:38901|priority:0, f220fda6-a22f-4438-8ee2-dd02585921dd|rpc:10.1.0.4:37777|priority:1], old=null
2022-08-08 17:30:52,362 [f220fda6-a22f-4438-8ee2-dd02585921dd@group-45C8E505B354-LeaderElection9] INFO  grpc.GrpcConfigKeys (ConfUtils.java:logGet(46)) - raft.grpc.server.leader.outstanding.appends.max = 128 (default)
2022-08-08 17:30:52,362 [f220fda6-a22f-4438-8ee2-dd02585921dd@group-45C8E505B354-LeaderElection9] INFO  server.RaftServerConfigKeys (ConfUtils.java:logGet(46)) - raft.server.rpc.request.timeout = 60s (custom)
2022-08-08 17:30:52,363 [f220fda6-a22f-4438-8ee2-dd02585921dd@group-45C8E505B354-LeaderElection9] INFO  server.RaftServerConfigKeys (ConfUtils.java:logGet(46)) - raft.server.log.appender.install.snapshot.enabled = false (custom)
2022-08-08 17:30:52,365 [f220fda6-a22f-4438-8ee2-dd02585921dd@group-45C8E505B354-LeaderElection9] INFO  server.RaftServerConfigKeys (ConfUtils.java:logGet(46)) - raft.server.log.appender.snapshot.chunk.size.max = 16MB (=16777216) (default)
2022-08-08 17:30:52,365 [f220fda6-a22f-4438-8ee2-dd02585921dd@group-45C8E505B354-LeaderElection9] INFO  server.RaftServerConfigKeys (ConfUtils.java:logGet(46)) - raft.server.log.appender.buffer.byte-limit = 33554432 (custom)
2022-08-08 17:30:52,365 [f220fda6-a22f-4438-8ee2-dd02585921dd@group-45C8E505B354-LeaderElection9] INFO  server.RaftServerConfigKeys (ConfUtils.java:logGet(46)) - raft.server.log.appender.buffer.element-limit = 1 (custom)
2022-08-08 17:30:52,365 [f220fda6-a22f-4438-8ee2-dd02585921dd@group-45C8E505B354-LeaderElection9] INFO  grpc.GrpcConfigKeys (ConfUtils.java:logGet(46)) - raft.grpc.server.leader.outstanding.appends.max = 128 (default)
2022-08-08 17:30:52,365 [f220fda6-a22f-4438-8ee2-dd02585921dd@group-45C8E505B354-LeaderElection9] INFO  server.RaftServerConfigKeys (ConfUtils.java:logGet(46)) - raft.server.rpc.request.timeout = 60s (custom)
2022-08-08 17:30:52,365 [f220fda6-a22f-4438-8ee2-dd02585921dd@group-45C8E505B354-LeaderElection9] INFO  server.RaftServerConfigKeys (ConfUtils.java:logGet(46)) - raft.server.log.appender.install.snapshot.enabled = false (custom)
2022-08-08 17:30:52,370 [f220fda6-a22f-4438-8ee2-dd02585921dd@group-45C8E505B354-LeaderElection9] INFO  impl.RoleInfo (RoleInfo.java:updateAndGet(139)) - f220fda6-a22f-4438-8ee2-dd02585921dd: start f220fda6-a22f-4438-8ee2-dd02585921dd@group-45C8E505B354-LeaderStateImpl
2022-08-08 17:30:52,371 [f220fda6-a22f-4438-8ee2-dd02585921dd@group-45C8E505B354-LeaderElection9] INFO  segmented.SegmentedRaftLogWorker (SegmentedRaftLogWorker.java:startLogSegment(425)) - f220fda6-a22f-4438-8ee2-dd02585921dd@group-45C8E505B354-SegmentedRaftLogWorker: Starting segment from index:0
2022-08-08 17:30:52,379 [f220fda6-a22f-4438-8ee2-dd02585921dd@group-45C8E505B354-LeaderElection9] INFO  server.RaftServer$Division (ServerState.java:setRaftConf(393)) - f220fda6-a22f-4438-8ee2-dd02585921dd@group-45C8E505B354: set configuration 0: [02b59665-40e6-4f54-a95c-0606f78ec7ff|rpc:10.1.0.4:36877|dataStream:|priority:0, f64dc5e8-62f3-4def-b87e-a162ae32d3b9|rpc:10.1.0.4:38901|dataStream:|priority:0, f220fda6-a22f-4438-8ee2-dd02585921dd|rpc:10.1.0.4:37777|dataStream:|priority:1], old=null
2022-08-08 17:30:52,379 [f220fda6-a22f-4438-8ee2-dd02585921dd@group-45C8E505B354-SegmentedRaftLogWorker] INFO  segmented.SegmentedRaftLogWorker (SegmentedRaftLogWorker.java:execute(629)) - f220fda6-a22f-4438-8ee2-dd02585921dd@group-45C8E505B354-SegmentedRaftLogWorker: created new log segment /home/runner/work/ozone/ozone/hadoop-ozone/integration-test/target/test-dir/MiniOzoneClusterImpl-51406671-1893-4796-a216-b7dfafadb542/datanode-2/data/ratis/3cee1696-830b-4191-a8cb-45c8e505b354/current/log_inprogress_0
2022-08-08 17:30:52,402 [f64dc5e8-62f3-4def-b87e-a162ae32d3b9-server-thread1] INFO  ratis.XceiverServerRatis (XceiverServerRatis.java:handleLeaderChangedNotification(863)) - Leader change notification received for group: group-45C8E505B354 with new leaderId: f220fda6-a22f-4438-8ee2-dd02585921dd
2022-08-08 17:30:52,402 [f64dc5e8-62f3-4def-b87e-a162ae32d3b9-server-thread1] INFO  server.RaftServer$Division (ServerState.java:setLeader(287)) - f64dc5e8-62f3-4def-b87e-a162ae32d3b9@group-45C8E505B354: change Leader from null to f220fda6-a22f-4438-8ee2-dd02585921dd at term 2 for appendEntries, leader elected after 10445ms
2022-08-08 17:30:52,438 [02b59665-40e6-4f54-a95c-0606f78ec7ff-server-thread1] INFO  ratis.XceiverServerRatis (XceiverServerRatis.java:handleLeaderChangedNotification(863)) - Leader change notification received for group: group-45C8E505B354 with new leaderId: f220fda6-a22f-4438-8ee2-dd02585921dd
2022-08-08 17:30:52,438 [02b59665-40e6-4f54-a95c-0606f78ec7ff-server-thread1] INFO  server.RaftServer$Division (ServerState.java:setLeader(287)) - 02b59665-40e6-4f54-a95c-0606f78ec7ff@group-45C8E505B354: change Leader from null to f220fda6-a22f-4438-8ee2-dd02585921dd at term 2 for appendEntries, leader elected after 9921ms
2022-08-08 17:30:52,440 [f64dc5e8-62f3-4def-b87e-a162ae32d3b9-server-thread1] INFO  server.RaftServer$Division (ServerState.java:setRaftConf(393)) - f64dc5e8-62f3-4def-b87e-a162ae32d3b9@group-45C8E505B354: set configuration 0: [02b59665-40e6-4f54-a95c-0606f78ec7ff|rpc:10.1.0.4:36877|dataStream:|priority:0, f64dc5e8-62f3-4def-b87e-a162ae32d3b9|rpc:10.1.0.4:38901|dataStream:|priority:0, f220fda6-a22f-4438-8ee2-dd02585921dd|rpc:10.1.0.4:37777|dataStream:|priority:1], old=null
2022-08-08 17:30:52,440 [f64dc5e8-62f3-4def-b87e-a162ae32d3b9-server-thread1] INFO  segmented.SegmentedRaftLogWorker (SegmentedRaftLogWorker.java:startLogSegment(425)) - f64dc5e8-62f3-4def-b87e-a162ae32d3b9@group-45C8E505B354-SegmentedRaftLogWorker: Starting segment from index:0
2022-08-08 17:30:52,450 [02b59665-40e6-4f54-a95c-0606f78ec7ff-server-thread1] INFO  server.RaftServer$Division (ServerState.java:setRaftConf(393)) - 02b59665-40e6-4f54-a95c-0606f78ec7ff@group-45C8E505B354: set configuration 0: [02b59665-40e6-4f54-a95c-0606f78ec7ff|rpc:10.1.0.4:36877|dataStream:|priority:0, f64dc5e8-62f3-4def-b87e-a162ae32d3b9|rpc:10.1.0.4:38901|dataStream:|priority:0, f220fda6-a22f-4438-8ee2-dd02585921dd|rpc:10.1.0.4:37777|dataStream:|priority:1], old=null
2022-08-08 17:30:52,450 [02b59665-40e6-4f54-a95c-0606f78ec7ff-server-thread1] INFO  segmented.SegmentedRaftLogWorker (SegmentedRaftLogWorker.java:startLogSegment(425)) - 02b59665-40e6-4f54-a95c-0606f78ec7ff@group-45C8E505B354-SegmentedRaftLogWorker: Starting segment from index:0
2022-08-08 17:30:52,451 [f64dc5e8-62f3-4def-b87e-a162ae32d3b9@group-45C8E505B354-SegmentedRaftLogWorker] INFO  segmented.SegmentedRaftLogWorker (SegmentedRaftLogWorker.java:execute(629)) - f64dc5e8-62f3-4def-b87e-a162ae32d3b9@group-45C8E505B354-SegmentedRaftLogWorker: created new log segment /home/runner/work/ozone/ozone/hadoop-ozone/integration-test/target/test-dir/MiniOzoneClusterImpl-51406671-1893-4796-a216-b7dfafadb542/datanode-0/data/ratis/3cee1696-830b-4191-a8cb-45c8e505b354/current/log_inprogress_0
2022-08-08 17:30:52,453 [02b59665-40e6-4f54-a95c-0606f78ec7ff@group-45C8E505B354-SegmentedRaftLogWorker] INFO  segmented.SegmentedRaftLogWorker (SegmentedRaftLogWorker.java:execute(629)) - 02b59665-40e6-4f54-a95c-0606f78ec7ff@group-45C8E505B354-SegmentedRaftLogWorker: created new log segment /home/runner/work/ozone/ozone/hadoop-ozone/integration-test/target/test-dir/MiniOzoneClusterImpl-51406671-1893-4796-a216-b7dfafadb542/datanode-1/data/ratis/3cee1696-830b-4191-a8cb-45c8e505b354/current/log_inprogress_0
2022-08-08 17:30:52,477 [Listener at 127.0.0.1/37325] INFO  ozone.MiniOzoneClusterImpl (MiniOzoneClusterImpl.java:lambda$waitForClusterToBeReady$0(216)) - Nodes are ready. Got 5 of 5 DN Heartbeats.
2022-08-08 17:30:52,477 [Listener at 127.0.0.1/37325] INFO  ozone.MiniOzoneClusterImpl (MiniOzoneClusterImpl.java:lambda$waitForClusterToBeReady$0(219)) - Cluster exits safe mode
2022-08-08 17:30:52,477 [Listener at 127.0.0.1/37325] INFO  ozone.MiniOzoneClusterImpl (MiniOzoneClusterImpl.java:lambda$waitForClusterToBeReady$0(221)) - SCM became leader
2022-08-08 17:30:52,493 [Finalizer] WARN  managed.ManagedRocksObjectUtils (ManagedRocksObjectUtils.java:assertClosed(39)) - ManagedLRUCache is not closed properly
2022-08-08 17:30:52,493 [Finalizer] WARN  managed.ManagedRocksObjectUtils (ManagedRocksObjectUtils.java:assertClosed(39)) - ManagedBloomFilter is not closed properly
2022-08-08 17:30:52,493 [Finalizer] WARN  managed.ManagedRocksObjectUtils (ManagedRocksObjectUtils.java:assertClosed(39)) - ManagedLRUCache is not closed properly
2022-08-08 17:30:52,493 [Finalizer] WARN  managed.ManagedRocksObjectUtils (ManagedRocksObjectUtils.java:assertClosed(39)) - ManagedDBOptions is not closed properly
2022-08-08 17:30:52,493 [Finalizer] WARN  managed.ManagedRocksObjectUtils (ManagedRocksObjectUtils.java:assertClosed(39)) - ManagedColumnFamilyOptions is not closed properly
2022-08-08 17:30:52,493 [Finalizer] WARN  managed.ManagedRocksObjectUtils (ManagedRocksObjectUtils.java:assertClosed(39)) - ManagedLRUCache is not closed properly
2022-08-08 17:30:52,493 [Finalizer] WARN  managed.ManagedRocksObjectUtils (ManagedRocksObjectUtils.java:assertClosed(39)) - ManagedBloomFilter is not closed properly
2022-08-08 17:30:52,493 [Finalizer] WARN  managed.ManagedRocksObjectUtils (ManagedRocksObjectUtils.java:assertClosed(39)) - ManagedDBOptions is not closed properly
2022-08-08 17:30:52,493 [Finalizer] WARN  managed.ManagedRocksObjectUtils (ManagedRocksObjectUtils.java:assertClosed(39)) - ManagedColumnFamilyOptions is not closed properly
2022-08-08 17:30:52,493 [Finalizer] WARN  managed.ManagedRocksObjectUtils (ManagedRocksObjectUtils.java:assertClosed(39)) - ManagedLRUCache is not closed properly
2022-08-08 17:30:52,493 [Finalizer] WARN  managed.ManagedRocksObjectUtils (ManagedRocksObjectUtils.java:assertClosed(39)) - ManagedBloomFilter is not closed properly
2022-08-08 17:30:52,493 [Finalizer] WARN  managed.ManagedRocksObjectUtils (ManagedRocksObjectUtils.java:assertClosed(39)) - ManagedDBOptions is not closed properly
2022-08-08 17:30:52,493 [Finalizer] WARN  managed.ManagedRocksObjectUtils (ManagedRocksObjectUtils.java:assertClosed(39)) - ManagedColumnFamilyOptions is not closed properly
2022-08-08 17:30:52,494 [Finalizer] WARN  managed.ManagedRocksObjectUtils (ManagedRocksObjectUtils.java:assertClosed(39)) - ManagedLRUCache is not closed properly
2022-08-08 17:30:52,494 [Finalizer] WARN  managed.ManagedRocksObjectUtils (ManagedRocksObjectUtils.java:assertClosed(39)) - ManagedBloomFilter is not closed properly
2022-08-08 17:30:52,494 [Finalizer] WARN  managed.ManagedRocksObjectUtils (ManagedRocksObjectUtils.java:assertClosed(39)) - ManagedDBOptions is not closed properly
2022-08-08 17:30:52,494 [Finalizer] WARN  managed.ManagedRocksObjectUtils (ManagedRocksObjectUtils.java:assertClosed(39)) - ManagedColumnFamilyOptions is not closed properly
2022-08-08 17:30:52,494 [Finalizer] WARN  managed.ManagedRocksObjectUtils (ManagedRocksObjectUtils.java:assertClosed(39)) - ManagedLRUCache is not closed properly
2022-08-08 17:30:52,494 [Finalizer] WARN  managed.ManagedRocksObjectUtils (ManagedRocksObjectUtils.java:assertClosed(39)) - ManagedBloomFilter is not closed properly
2022-08-08 17:30:52,494 [Finalizer] WARN  managed.ManagedRocksObjectUtils (ManagedRocksObjectUtils.java:assertClosed(39)) - ManagedDBOptions is not closed properly
2022-08-08 17:30:52,494 [Finalizer] WARN  managed.ManagedRocksObjectUtils (ManagedRocksObjectUtils.java:assertClosed(39)) - ManagedColumnFamilyOptions is not closed properly
2022-08-08 17:30:52,496 [Finalizer] WARN  managed.ManagedRocksObjectUtils (ManagedRocksObjectUtils.java:assertClosed(39)) - ManagedLRUCache is not closed properly
2022-08-08 17:30:52,496 [Finalizer] WARN  managed.ManagedRocksObjectUtils (ManagedRocksObjectUtils.java:assertClosed(39)) - ManagedBloomFilter is not closed properly
2022-08-08 17:30:52,885 [f220fda6-a22f-4438-8ee2-dd02585921dd@group-32AFE4578994-FollowerState] INFO  impl.FollowerState (FollowerState.java:run(143)) - f220fda6-a22f-4438-8ee2-dd02585921dd@group-32AFE4578994-FollowerState: change to CANDIDATE, lastRpcElapsedTime:5090057968ns, electionTimeout:5078ms
2022-08-08 17:30:52,885 [f220fda6-a22f-4438-8ee2-dd02585921dd@group-32AFE4578994-FollowerState] INFO  impl.RoleInfo (RoleInfo.java:shutdownFollowerState(110)) - f220fda6-a22f-4438-8ee2-dd02585921dd: shutdown f220fda6-a22f-4438-8ee2-dd02585921dd@group-32AFE4578994-FollowerState
2022-08-08 17:30:52,886 [f220fda6-a22f-4438-8ee2-dd02585921dd@group-32AFE4578994-FollowerState] INFO  server.RaftServer$Division (RaftServerImpl.java:setRole(299)) - f220fda6-a22f-4438-8ee2-dd02585921dd@group-32AFE4578994: changes role from  FOLLOWER to CANDIDATE at term 1 for changeToCandidate
2022-08-08 17:30:52,886 [f220fda6-a22f-4438-8ee2-dd02585921dd@group-32AFE4578994-FollowerState] INFO  server.RaftServerConfigKeys (ConfUtils.java:logGet(46)) - raft.server.leaderelection.pre-vote = false (custom)
2022-08-08 17:30:52,886 [f220fda6-a22f-4438-8ee2-dd02585921dd@group-32AFE4578994-FollowerState] INFO  impl.RoleInfo (RoleInfo.java:updateAndGet(139)) - f220fda6-a22f-4438-8ee2-dd02585921dd: start f220fda6-a22f-4438-8ee2-dd02585921dd@group-32AFE4578994-LeaderElection10
2022-08-08 17:30:52,890 [02b59665-40e6-4f54-a95c-0606f78ec7ff@group-32AFE4578994-FollowerState] INFO  impl.FollowerState (FollowerState.java:run(143)) - 02b59665-40e6-4f54-a95c-0606f78ec7ff@group-32AFE4578994-FollowerState: change to CANDIDATE, lastRpcElapsedTime:5103797419ns, electionTimeout:5094ms
2022-08-08 17:30:52,891 [02b59665-40e6-4f54-a95c-0606f78ec7ff@group-32AFE4578994-FollowerState] INFO  impl.RoleInfo (RoleInfo.java:shutdownFollowerState(110)) - 02b59665-40e6-4f54-a95c-0606f78ec7ff: shutdown 02b59665-40e6-4f54-a95c-0606f78ec7ff@group-32AFE4578994-FollowerState
2022-08-08 17:30:52,891 [02b59665-40e6-4f54-a95c-0606f78ec7ff@group-32AFE4578994-FollowerState] INFO  server.RaftServer$Division (RaftServerImpl.java:setRole(299)) - 02b59665-40e6-4f54-a95c-0606f78ec7ff@group-32AFE4578994: changes role from  FOLLOWER to CANDIDATE at term 1 for changeToCandidate
2022-08-08 17:30:52,891 [02b59665-40e6-4f54-a95c-0606f78ec7ff@group-32AFE4578994-FollowerState] INFO  server.RaftServerConfigKeys (ConfUtils.java:logGet(46)) - raft.server.leaderelection.pre-vote = false (custom)
2022-08-08 17:30:52,891 [02b59665-40e6-4f54-a95c-0606f78ec7ff@group-32AFE4578994-FollowerState] INFO  impl.RoleInfo (RoleInfo.java:updateAndGet(139)) - 02b59665-40e6-4f54-a95c-0606f78ec7ff: start 02b59665-40e6-4f54-a95c-0606f78ec7ff@group-32AFE4578994-LeaderElection11
2022-08-08 17:30:52,892 [f220fda6-a22f-4438-8ee2-dd02585921dd@group-32AFE4578994-LeaderElection10] INFO  impl.LeaderElection (LeaderElection.java:askForVotes(310)) - f220fda6-a22f-4438-8ee2-dd02585921dd@group-32AFE4578994-LeaderElection10 ELECTION round 0: submit vote requests at term 2 for -1: [02b59665-40e6-4f54-a95c-0606f78ec7ff|rpc:10.1.0.4:36877|dataStream:|priority:1, f64dc5e8-62f3-4def-b87e-a162ae32d3b9|rpc:10.1.0.4:38901|dataStream:|priority:0, f220fda6-a22f-4438-8ee2-dd02585921dd|rpc:10.1.0.4:37777|dataStream:|priority:0], old=null
2022-08-08 17:30:52,898 [02b59665-40e6-4f54-a95c-0606f78ec7ff@group-32AFE4578994-LeaderElection11] INFO  impl.LeaderElection (LeaderElection.java:askForVotes(310)) - 02b59665-40e6-4f54-a95c-0606f78ec7ff@group-32AFE4578994-LeaderElection11 ELECTION round 0: submit vote requests at term 2 for -1: [02b59665-40e6-4f54-a95c-0606f78ec7ff|rpc:10.1.0.4:36877|priority:1, f64dc5e8-62f3-4def-b87e-a162ae32d3b9|rpc:10.1.0.4:38901|priority:0, f220fda6-a22f-4438-8ee2-dd02585921dd|rpc:10.1.0.4:37777|priority:0], old=null
2022-08-08 17:30:52,922 [grpc-default-executor-0] INFO  server.RaftServer$Division (RaftServerImpl.java:requestVote(1152)) - 02b59665-40e6-4f54-a95c-0606f78ec7ff@group-32AFE4578994: receive requestVote(ELECTION, f220fda6-a22f-4438-8ee2-dd02585921dd, group-32AFE4578994, 2, (t:0, i:0))
2022-08-08 17:30:52,933 [grpc-default-executor-0] INFO  impl.VoteContext (VoteContext.java:log(48)) - 02b59665-40e6-4f54-a95c-0606f78ec7ff@group-32AFE4578994-CANDIDATE: reject ELECTION from f220fda6-a22f-4438-8ee2-dd02585921dd: already has voted for 02b59665-40e6-4f54-a95c-0606f78ec7ff at current term 2
2022-08-08 17:30:52,933 [grpc-default-executor-0] INFO  server.RaftServer$Division (RaftServerImpl.java:requestVote(1184)) - 02b59665-40e6-4f54-a95c-0606f78ec7ff@group-32AFE4578994 replies to ELECTION vote request: f220fda6-a22f-4438-8ee2-dd02585921dd<-02b59665-40e6-4f54-a95c-0606f78ec7ff#0:FAIL-t2. Peer's state: 02b59665-40e6-4f54-a95c-0606f78ec7ff@group-32AFE4578994:t2, leader=null, voted=02b59665-40e6-4f54-a95c-0606f78ec7ff, raftlog=02b59665-40e6-4f54-a95c-0606f78ec7ff@group-32AFE4578994-SegmentedRaftLog:OPENED:c-1, conf=-1: [02b59665-40e6-4f54-a95c-0606f78ec7ff|rpc:10.1.0.4:36877|priority:1, f64dc5e8-62f3-4def-b87e-a162ae32d3b9|rpc:10.1.0.4:38901|priority:0, f220fda6-a22f-4438-8ee2-dd02585921dd|rpc:10.1.0.4:37777|priority:0], old=null
2022-08-08 17:30:52,922 [grpc-default-executor-2] INFO  server.RaftServer$Division (RaftServerImpl.java:requestVote(1152)) - f64dc5e8-62f3-4def-b87e-a162ae32d3b9@group-32AFE4578994: receive requestVote(ELECTION, f220fda6-a22f-4438-8ee2-dd02585921dd, group-32AFE4578994, 2, (t:0, i:0))
2022-08-08 17:30:52,934 [grpc-default-executor-2] INFO  impl.VoteContext (VoteContext.java:log(48)) - f64dc5e8-62f3-4def-b87e-a162ae32d3b9@group-32AFE4578994-FOLLOWER: accept ELECTION from f220fda6-a22f-4438-8ee2-dd02585921dd: our priority 0 <= candidate's priority 0
2022-08-08 17:30:52,934 [grpc-default-executor-2] INFO  server.RaftServer$Division (RaftServerImpl.java:setRole(299)) - f64dc5e8-62f3-4def-b87e-a162ae32d3b9@group-32AFE4578994: changes role from  FOLLOWER to FOLLOWER at term 2 for candidate:f220fda6-a22f-4438-8ee2-dd02585921dd
2022-08-08 17:30:52,934 [grpc-default-executor-2] INFO  impl.RoleInfo (RoleInfo.java:shutdownFollowerState(110)) - f64dc5e8-62f3-4def-b87e-a162ae32d3b9: shutdown f64dc5e8-62f3-4def-b87e-a162ae32d3b9@group-32AFE4578994-FollowerState
2022-08-08 17:30:52,934 [grpc-default-executor-2] INFO  impl.RoleInfo (RoleInfo.java:updateAndGet(139)) - f64dc5e8-62f3-4def-b87e-a162ae32d3b9: start f64dc5e8-62f3-4def-b87e-a162ae32d3b9@group-32AFE4578994-FollowerState
2022-08-08 17:30:52,934 [f64dc5e8-62f3-4def-b87e-a162ae32d3b9@group-32AFE4578994-FollowerState] INFO  impl.FollowerState (FollowerState.java:run(152)) - f64dc5e8-62f3-4def-b87e-a162ae32d3b9@group-32AFE4578994-FollowerState was interrupted
2022-08-08 17:30:52,940 [grpc-default-executor-2] INFO  server.RaftServer$Division (RaftServerImpl.java:requestVote(1184)) - f64dc5e8-62f3-4def-b87e-a162ae32d3b9@group-32AFE4578994 replies to ELECTION vote request: f220fda6-a22f-4438-8ee2-dd02585921dd<-f64dc5e8-62f3-4def-b87e-a162ae32d3b9#0:OK-t2. Peer's state: f64dc5e8-62f3-4def-b87e-a162ae32d3b9@group-32AFE4578994:t2, leader=null, voted=f220fda6-a22f-4438-8ee2-dd02585921dd, raftlog=f64dc5e8-62f3-4def-b87e-a162ae32d3b9@group-32AFE4578994-SegmentedRaftLog:OPENED:c-1, conf=-1: [02b59665-40e6-4f54-a95c-0606f78ec7ff|rpc:10.1.0.4:36877|priority:1, f64dc5e8-62f3-4def-b87e-a162ae32d3b9|rpc:10.1.0.4:38901|priority:0, f220fda6-a22f-4438-8ee2-dd02585921dd|rpc:10.1.0.4:37777|priority:0], old=null
2022-08-08 17:30:52,951 [grpc-default-executor-0] INFO  server.RaftServer$Division (RaftServerImpl.java:requestVote(1152)) - f64dc5e8-62f3-4def-b87e-a162ae32d3b9@group-32AFE4578994: receive requestVote(ELECTION, 02b59665-40e6-4f54-a95c-0606f78ec7ff, group-32AFE4578994, 2, (t:0, i:0))
2022-08-08 17:30:52,951 [grpc-default-executor-0] INFO  impl.VoteContext (VoteContext.java:log(48)) - f64dc5e8-62f3-4def-b87e-a162ae32d3b9@group-32AFE4578994-FOLLOWER: reject ELECTION from 02b59665-40e6-4f54-a95c-0606f78ec7ff: already has voted for f220fda6-a22f-4438-8ee2-dd02585921dd at current term 2
2022-08-08 17:30:52,939 [f220fda6-a22f-4438-8ee2-dd02585921dd@group-32AFE4578994-LeaderElection10] INFO  impl.LeaderElection (LeaderElection.java:logAndReturn(90)) - f220fda6-a22f-4438-8ee2-dd02585921dd@group-32AFE4578994-LeaderElection10: ELECTION REJECTED received 1 response(s) and 0 exception(s):
2022-08-08 17:30:52,952 [grpc-default-executor-1] INFO  server.RaftServer$Division (RaftServerImpl.java:requestVote(1152)) - f220fda6-a22f-4438-8ee2-dd02585921dd@group-32AFE4578994: receive requestVote(ELECTION, 02b59665-40e6-4f54-a95c-0606f78ec7ff, group-32AFE4578994, 2, (t:0, i:0))
2022-08-08 17:30:52,955 [grpc-default-executor-1] INFO  impl.VoteContext (VoteContext.java:log(48)) - f220fda6-a22f-4438-8ee2-dd02585921dd@group-32AFE4578994-CANDIDATE: reject ELECTION from 02b59665-40e6-4f54-a95c-0606f78ec7ff: already has voted for f220fda6-a22f-4438-8ee2-dd02585921dd at current term 2
2022-08-08 17:30:52,955 [grpc-default-executor-1] INFO  server.RaftServer$Division (RaftServerImpl.java:requestVote(1184)) - f220fda6-a22f-4438-8ee2-dd02585921dd@group-32AFE4578994 replies to ELECTION vote request: 02b59665-40e6-4f54-a95c-0606f78ec7ff<-f220fda6-a22f-4438-8ee2-dd02585921dd#0:FAIL-t2. Peer's state: f220fda6-a22f-4438-8ee2-dd02585921dd@group-32AFE4578994:t2, leader=null, voted=f220fda6-a22f-4438-8ee2-dd02585921dd, raftlog=f220fda6-a22f-4438-8ee2-dd02585921dd@group-32AFE4578994-SegmentedRaftLog:OPENED:c-1, conf=-1: [02b59665-40e6-4f54-a95c-0606f78ec7ff|rpc:10.1.0.4:36877|dataStream:|priority:1, f64dc5e8-62f3-4def-b87e-a162ae32d3b9|rpc:10.1.0.4:38901|dataStream:|priority:0, f220fda6-a22f-4438-8ee2-dd02585921dd|rpc:10.1.0.4:37777|dataStream:|priority:0], old=null
2022-08-08 17:30:52,951 [grpc-default-executor-0] INFO  server.RaftServer$Division (RaftServerImpl.java:requestVote(1184)) - f64dc5e8-62f3-4def-b87e-a162ae32d3b9@group-32AFE4578994 replies to ELECTION vote request: 02b59665-40e6-4f54-a95c-0606f78ec7ff<-f64dc5e8-62f3-4def-b87e-a162ae32d3b9#0:FAIL-t2. Peer's state: f64dc5e8-62f3-4def-b87e-a162ae32d3b9@group-32AFE4578994:t2, leader=null, voted=f220fda6-a22f-4438-8ee2-dd02585921dd, raftlog=f64dc5e8-62f3-4def-b87e-a162ae32d3b9@group-32AFE4578994-SegmentedRaftLog:OPENED:c-1, conf=-1: [02b59665-40e6-4f54-a95c-0606f78ec7ff|rpc:10.1.0.4:36877|priority:1, f64dc5e8-62f3-4def-b87e-a162ae32d3b9|rpc:10.1.0.4:38901|priority:0, f220fda6-a22f-4438-8ee2-dd02585921dd|rpc:10.1.0.4:37777|priority:0], old=null
2022-08-08 17:30:52,955 [f220fda6-a22f-4438-8ee2-dd02585921dd@group-32AFE4578994-LeaderElection10] INFO  impl.LeaderElection (LeaderElection.java:logAndReturn(94)) -   Response 0: f220fda6-a22f-4438-8ee2-dd02585921dd<-02b59665-40e6-4f54-a95c-0606f78ec7ff#0:FAIL-t2
2022-08-08 17:30:52,958 [f220fda6-a22f-4438-8ee2-dd02585921dd@group-32AFE4578994-LeaderElection10] INFO  impl.LeaderElection (LeaderElection.java:askForVotes(312)) - f220fda6-a22f-4438-8ee2-dd02585921dd@group-32AFE4578994-LeaderElection10 ELECTION round 0: result REJECTED
2022-08-08 17:30:52,958 [f220fda6-a22f-4438-8ee2-dd02585921dd@group-32AFE4578994-LeaderElection10] INFO  server.RaftServer$Division (RaftServerImpl.java:setRole(299)) - f220fda6-a22f-4438-8ee2-dd02585921dd@group-32AFE4578994: changes role from CANDIDATE to FOLLOWER at term 2 for REJECTED
2022-08-08 17:30:52,958 [f220fda6-a22f-4438-8ee2-dd02585921dd@group-32AFE4578994-LeaderElection10] INFO  impl.RoleInfo (RoleInfo.java:shutdownLeaderElection(130)) - f220fda6-a22f-4438-8ee2-dd02585921dd: shutdown f220fda6-a22f-4438-8ee2-dd02585921dd@group-32AFE4578994-LeaderElection10
2022-08-08 17:30:52,958 [f220fda6-a22f-4438-8ee2-dd02585921dd@group-32AFE4578994-LeaderElection10] INFO  impl.RoleInfo (RoleInfo.java:updateAndGet(139)) - f220fda6-a22f-4438-8ee2-dd02585921dd: start f220fda6-a22f-4438-8ee2-dd02585921dd@group-32AFE4578994-FollowerState
2022-08-08 17:30:52,958 [02b59665-40e6-4f54-a95c-0606f78ec7ff@group-32AFE4578994-LeaderElection11] INFO  impl.LeaderElection (LeaderElection.java:logAndReturn(90)) - 02b59665-40e6-4f54-a95c-0606f78ec7ff@group-32AFE4578994-LeaderElection11: ELECTION REJECTED received 2 response(s) and 0 exception(s):
2022-08-08 17:30:52,963 [02b59665-40e6-4f54-a95c-0606f78ec7ff@group-32AFE4578994-LeaderElection11] INFO  impl.LeaderElection (LeaderElection.java:logAndReturn(94)) -   Response 0: 02b59665-40e6-4f54-a95c-0606f78ec7ff<-f64dc5e8-62f3-4def-b87e-a162ae32d3b9#0:FAIL-t2
2022-08-08 17:30:52,963 [02b59665-40e6-4f54-a95c-0606f78ec7ff@group-32AFE4578994-LeaderElection11] INFO  impl.LeaderElection (LeaderElection.java:logAndReturn(94)) -   Response 1: 02b59665-40e6-4f54-a95c-0606f78ec7ff<-f220fda6-a22f-4438-8ee2-dd02585921dd#0:FAIL-t2
2022-08-08 17:30:52,963 [02b59665-40e6-4f54-a95c-0606f78ec7ff@group-32AFE4578994-LeaderElection11] INFO  impl.LeaderElection (LeaderElection.java:askForVotes(312)) - 02b59665-40e6-4f54-a95c-0606f78ec7ff@group-32AFE4578994-LeaderElection11 ELECTION round 0: result REJECTED
2022-08-08 17:30:52,963 [02b59665-40e6-4f54-a95c-0606f78ec7ff@group-32AFE4578994-LeaderElection11] INFO  server.RaftServer$Division (RaftServerImpl.java:setRole(299)) - 02b59665-40e6-4f54-a95c-0606f78ec7ff@group-32AFE4578994: changes role from CANDIDATE to FOLLOWER at term 2 for REJECTED
2022-08-08 17:30:52,963 [02b59665-40e6-4f54-a95c-0606f78ec7ff@group-32AFE4578994-LeaderElection11] INFO  impl.RoleInfo (RoleInfo.java:shutdownLeaderElection(130)) - 02b59665-40e6-4f54-a95c-0606f78ec7ff: shutdown 02b59665-40e6-4f54-a95c-0606f78ec7ff@group-32AFE4578994-LeaderElection11
2022-08-08 17:30:52,963 [02b59665-40e6-4f54-a95c-0606f78ec7ff@group-32AFE4578994-LeaderElection11] INFO  impl.RoleInfo (RoleInfo.java:updateAndGet(139)) - 02b59665-40e6-4f54-a95c-0606f78ec7ff: start 02b59665-40e6-4f54-a95c-0606f78ec7ff@group-32AFE4578994-FollowerState
2022-08-08 17:30:53,123 [Time-limited test] INFO  rpc.RpcClient (RpcClient.java:createVolume(468)) - Creating Volume: volume72971, with user30165 as owner and space quota set to -1 bytes, counts quota set to -1
2022-08-08 17:30:53,171 [OM StateMachine ApplyTransaction Thread - 0] INFO  volume.OMVolumeCreateRequest (OMVolumeCreateRequest.java:validateAndUpdateCache(195)) - created volume:volume72971 for user:user30165
2022-08-08 17:30:53,190 [Time-limited test] INFO  rpc.RpcClient (RpcClient.java:createBucket(671)) - Creating Bucket: volume72971/bucket51554, with bucket layout FILE_SYSTEM_OPTIMIZED, runner as owner, Versioning false, Storage Type set to DISK and Encryption set to false 
2022-08-08 17:30:53,215 [OM StateMachine ApplyTransaction Thread - 0] INFO  bucket.OMBucketCreateRequest (OMBucketCreateRequest.java:validateAndUpdateCache(260)) - created bucket: bucket51554 of layout FILE_SYSTEM_OPTIMIZED in volume: volume72971
2022-08-08 17:30:53,276 [Time-limited test] INFO  ozone.TestRootedOzoneFileSystemWithFSO (TestRootedOzoneFileSystemWithFSO.java:testRenameDir(148)) - Created dir /volume72971/bucket51554/dir1/sub_dir1
2022-08-08 17:30:53,276 [Time-limited test] INFO  ozone.TestRootedOzoneFileSystemWithFSO (TestRootedOzoneFileSystemWithFSO.java:testRenameDir(149)) - Will move /volume72971/bucket51554/dir1 to /volume72971/bucket51554/dir1.renamed
]]></system-out>
  </testcase>
  <testcase name="testRenameDir" classname="TestRootedOzoneFileSystemWithFSO" time="0.314">
    <system-out><![CDATA[2022-08-08 17:31:18,255 [Listener at 127.0.0.1/37325] INFO  ozone.MiniOzoneClusterImpl (MiniOzoneClusterImpl.java:shutdown(448)) - Shutting down the Mini Ozone Cluster
2022-08-08 17:31:18,255 [Listener at 127.0.0.1/37325] INFO  ozone.MiniOzoneClusterImpl (MiniOzoneClusterImpl.java:stop(463)) - Stopping the Mini Ozone Cluster
2022-08-08 17:31:18,255 [Listener at 127.0.0.1/37325] INFO  ozone.MiniOzoneClusterImpl (MiniOzoneClusterImpl.java:stopOM(545)) - Stopping the OzoneManager
2022-08-08 17:31:18,255 [Listener at 127.0.0.1/37325] INFO  om.OzoneManager (OzoneManager.java:stop(2021)) - om1[localhost:0]: Stopping Ozone Manager
2022-08-08 17:31:18,255 [Listener at 127.0.0.1/37325] INFO  ipc.Server (Server.java:stop(3414)) - Stopping server on 37325
2022-08-08 17:31:18,273 [IPC Server listener on 0] INFO  ipc.Server (Server.java:run(1376)) - Stopping IPC Server listener on 0
2022-08-08 17:31:18,274 [IPC Server Responder] INFO  ipc.Server (Server.java:run(1512)) - Stopping IPC Server Responder
2022-08-08 17:31:18,276 [Listener at 127.0.0.1/37325] INFO  server.RaftServer (RaftServerProxy.java:lambda$close$7(398)) - om1: close
2022-08-08 17:31:18,277 [Listener at 127.0.0.1/37325] INFO  server.RaftServer$Division (RaftServerImpl.java:lambda$close$4(434)) - om1@group-C5BA1605619E: shutdown
2022-08-08 17:31:18,277 [Listener at 127.0.0.1/37325] INFO  util.JmxRegister (JmxRegister.java:unregister(73)) - Successfully un-registered JMX Bean with object name Ratis:service=RaftServer,group=group-C5BA1605619E,id=om1
2022-08-08 17:31:18,277 [Listener at 127.0.0.1/37325] INFO  impl.RoleInfo (RoleInfo.java:shutdownLeaderState(93)) - om1: shutdown om1@group-C5BA1605619E-LeaderStateImpl
2022-08-08 17:31:18,278 [Listener at 127.0.0.1/37325] INFO  impl.PendingRequests (PendingRequests.java:sendNotLeaderResponses(282)) - om1@group-C5BA1605619E-PendingRequests: sendNotLeaderResponses
2022-08-08 17:31:18,282 [Listener at 127.0.0.1/37325] INFO  impl.StateMachineUpdater (StateMachineUpdater.java:stopAndJoin(153)) - om1@group-C5BA1605619E-StateMachineUpdater: set stopIndex = 13994
2022-08-08 17:31:18,282 [om1@group-C5BA1605619E-StateMachineUpdater] INFO  ratis.OzoneManagerStateMachine (OzoneManagerStateMachine.java:takeSnapshot(441)) - Current Snapshot Index (t:1, i:13994)
2022-08-08 17:31:18,283 [om1@group-C5BA1605619E-StateMachineUpdater] INFO  impl.StateMachineUpdater (StateMachineUpdater.java:takeSnapshot(287)) - om1@group-C5BA1605619E-StateMachineUpdater: Took a snapshot at index 13994
2022-08-08 17:31:18,284 [om1@group-C5BA1605619E-StateMachineUpdater] INFO  impl.StateMachineUpdater (StateMachineUpdater.java:lambda$new$0(92)) - om1@group-C5BA1605619E-StateMachineUpdater: snapshotIndex: updateIncreasingly -1 -> 13994
2022-08-08 17:31:18,284 [om1@group-C5BA1605619E-StateMachineUpdater] INFO  ratis.OzoneManagerStateMachine (OzoneManagerStateMachine.java:close(495)) - StateMachine has shutdown. Shutdown OzoneManager if not already shutdown.
2022-08-08 17:31:18,284 [om1@group-C5BA1605619E-StateMachineUpdater] INFO  ratis.OzoneManagerDoubleBuffer (OzoneManagerDoubleBuffer.java:stop(466)) - Stopping OMDoubleBuffer flush thread
2022-08-08 17:31:18,284 [OMDoubleBufferFlushThread] INFO  ratis.OzoneManagerDoubleBuffer (OzoneManagerDoubleBuffer.java:flushTransactions(385)) - OMDoubleBuffer flush thread OMDoubleBufferFlushThread is interrupted and will exit.
2022-08-08 17:31:18,286 [Listener at 127.0.0.1/37325] INFO  server.RaftServer$Division (ServerState.java:close(429)) - om1@group-C5BA1605619E: closes. applyIndex: 13994
2022-08-08 17:31:18,288 [om1@group-C5BA1605619E-SegmentedRaftLogWorker] INFO  segmented.SegmentedRaftLogWorker (SegmentedRaftLogWorker.java:run(336)) - om1@group-C5BA1605619E-SegmentedRaftLogWorker was interrupted, exiting. There are 0 tasks remaining in the queue.
2022-08-08 17:31:18,290 [Listener at 127.0.0.1/37325] INFO  segmented.SegmentedRaftLogWorker (SegmentedRaftLogWorker.java:close(246)) - om1@group-C5BA1605619E-SegmentedRaftLogWorker close()
2022-08-08 17:31:18,291 [Listener at 127.0.0.1/37325] INFO  server.GrpcService (GrpcService.java:closeImpl(269)) - om1: shutdown server with port 9872 now
2022-08-08 17:31:18,299 [Listener at 127.0.0.1/37325] INFO  server.GrpcService (GrpcService.java:closeImpl(278)) - om1: shutdown server with port 9872 successfully
2022-08-08 17:31:18,300 [org.apache.ratis.util.JvmPauseMonitor$$Lambda$616/2073768691@993dab8] INFO  util.JvmPauseMonitor (JvmPauseMonitor.java:run(109)) - JvmPauseMonitor-om1: Stopped
2022-08-08 17:31:18,300 [Listener at 127.0.0.1/37325] INFO  ratis.OzoneManagerStateMachine (OzoneManagerStateMachine.java:close(495)) - StateMachine has shutdown. Shutdown OzoneManager if not already shutdown.
2022-08-08 17:31:18,300 [Listener at 127.0.0.1/37325] INFO  ratis.OzoneManagerDoubleBuffer (OzoneManagerDoubleBuffer.java:stop(478)) - OMDoubleBuffer flush thread is not running.
2022-08-08 17:31:18,300 [Listener at 127.0.0.1/37325] INFO  utils.BackgroundService (BackgroundService.java:shutdown(141)) - Shutting down service KeyDeletingService
2022-08-08 17:31:18,301 [Listener at 127.0.0.1/37325] INFO  utils.BackgroundService (BackgroundService.java:shutdown(141)) - Shutting down service DirectoryDeletingService
2022-08-08 17:31:18,301 [Listener at 127.0.0.1/37325] INFO  utils.BackgroundService (BackgroundService.java:shutdown(141)) - Shutting down service OpenKeyCleanupService
2022-08-08 17:31:18,304 [Listener at 127.0.0.1/37325] INFO  handler.ContextHandler (ContextHandler.java:doStop(1153)) - Stopped o.e.j.w.WebAppContext@5035ce0b{ozoneManager,/,null,STOPPED}{file:/home/runner/work/ozone/ozone/hadoop-ozone/integration-test/target/test-classes/webapps/ozoneManager}
2022-08-08 17:31:18,308 [Listener at 127.0.0.1/37325] INFO  server.AbstractConnector (AbstractConnector.java:doStop(381)) - Stopped ServerConnector@13fe4e38{HTTP/1.1, (http/1.1)}{0.0.0.0:0}
2022-08-08 17:31:18,308 [Listener at 127.0.0.1/37325] INFO  server.session (HouseKeeper.java:stopScavenging(149)) - node0 Stopped scavenging
2022-08-08 17:31:18,308 [Listener at 127.0.0.1/37325] INFO  handler.ContextHandler (ContextHandler.java:doStop(1153)) - Stopped o.e.j.s.ServletContextHandler@786296ca{static,/static,file:///home/runner/work/ozone/ozone/hadoop-ozone/integration-test/target/test-classes/webapps/static,STOPPED}
2022-08-08 17:31:18,309 [Listener at 127.0.0.1/37325] INFO  handler.ContextHandler (ContextHandler.java:doStop(1153)) - Stopped o.e.j.s.ServletContextHandler@609f3626{logs,/logs,file:///home/runner/work/ozone/ozone/hadoop-ozone/integration-test/target/log,STOPPED}
2022-08-08 17:31:18,311 [Trash Emptier] ERROR om.TrashPolicyOzone (TrashPolicyOzone.java:run(251)) - Error attempting to shutdown
java.lang.InterruptedException
	at java.util.concurrent.locks.AbstractQueuedSynchronizer$ConditionObject.awaitNanos(AbstractQueuedSynchronizer.java:2067)
	at java.util.concurrent.ThreadPoolExecutor.awaitTermination(ThreadPoolExecutor.java:1475)
	at org.apache.hadoop.ozone.om.TrashPolicyOzone$Emptier.run(TrashPolicyOzone.java:249)
	at java.lang.Thread.run(Thread.java:750)
2022-08-08 17:31:18,311 [Trash Emptier] ERROR util.ExitUtils (ExitUtils.java:terminate(133)) - Terminating with exit status -1: Thread[Trash Emptier,5,main] has thrown an uncaught exception
java.lang.UnsupportedOperationException: fs.getUri() not implemented in TrashOzoneFileSystem
	at org.apache.hadoop.ozone.om.TrashOzoneFileSystem.getUri(TrashOzoneFileSystem.java:126)
	at org.apache.hadoop.fs.FileSystem.close(FileSystem.java:2592)
	at org.apache.hadoop.ozone.om.TrashPolicyOzone$Emptier.run(TrashPolicyOzone.java:243)
	at java.lang.Thread.run(Thread.java:750)
2022-08-08 17:31:18,312 [Listener at 127.0.0.1/37325] INFO  ozone.MiniOzoneClusterImpl (MiniOzoneClusterImpl.java:stopDatanodes(522)) - Stopping the HddsDatanodes
2022-08-08 17:31:23,316 [ForkJoinPool.commonPool-worker-1] INFO  ozoneimpl.OzoneContainer (OzoneContainer.java:stop(399)) - Attempting to stop container services.
2022-08-08 17:31:23,316 [Listener at 127.0.0.1/37325] INFO  ozoneimpl.OzoneContainer (OzoneContainer.java:stop(399)) - Attempting to stop container services.
2022-08-08 17:31:23,321 [Listener at 127.0.0.1/37325] INFO  server.RaftServer (RaftServerProxy.java:lambda$close$7(398)) - f220fda6-a22f-4438-8ee2-dd02585921dd: close
2022-08-08 17:31:23,322 [Listener at 127.0.0.1/37325] INFO  server.RaftServer$Division (RaftServerImpl.java:lambda$close$4(434)) - f220fda6-a22f-4438-8ee2-dd02585921dd@group-45C8E505B354: shutdown
2022-08-08 17:31:23,322 [Listener at 127.0.0.1/37325] INFO  util.JmxRegister (JmxRegister.java:unregister(73)) - Successfully un-registered JMX Bean with object name Ratis:service=RaftServer,group=group-45C8E505B354,id=f220fda6-a22f-4438-8ee2-dd02585921dd
2022-08-08 17:31:23,322 [Listener at 127.0.0.1/37325] INFO  impl.RoleInfo (RoleInfo.java:shutdownLeaderState(93)) - f220fda6-a22f-4438-8ee2-dd02585921dd: shutdown f220fda6-a22f-4438-8ee2-dd02585921dd@group-45C8E505B354-LeaderStateImpl
2022-08-08 17:31:23,322 [Listener at 127.0.0.1/37325] INFO  impl.PendingRequests (PendingRequests.java:sendNotLeaderResponses(282)) - f220fda6-a22f-4438-8ee2-dd02585921dd@group-45C8E505B354-PendingRequests: sendNotLeaderResponses
2022-08-08 17:31:23,322 [f220fda6-a22f-4438-8ee2-dd02585921dd@group-45C8E505B354->f64dc5e8-62f3-4def-b87e-a162ae32d3b9-GrpcLogAppender-LogAppenderDaemon] WARN  server.GrpcLogAppender (GrpcLogAppender.java:mayWait(171)) - f220fda6-a22f-4438-8ee2-dd02585921dd@group-45C8E505B354->f64dc5e8-62f3-4def-b87e-a162ae32d3b9-GrpcLogAppender: Wait interrupted by java.lang.InterruptedException
2022-08-08 17:31:23,323 [ForkJoinPool.commonPool-worker-1] INFO  server.RaftServer (RaftServerProxy.java:lambda$close$7(398)) - 02b59665-40e6-4f54-a95c-0606f78ec7ff: close
2022-08-08 17:31:23,323 [ForkJoinPool.commonPool-worker-1] INFO  server.RaftServer$Division (RaftServerImpl.java:lambda$close$4(434)) - 02b59665-40e6-4f54-a95c-0606f78ec7ff@group-45C8E505B354: shutdown
2022-08-08 17:31:23,323 [ForkJoinPool.commonPool-worker-1] INFO  util.JmxRegister (JmxRegister.java:unregister(73)) - Successfully un-registered JMX Bean with object name Ratis:service=RaftServer,group=group-45C8E505B354,id=02b59665-40e6-4f54-a95c-0606f78ec7ff
2022-08-08 17:31:23,325 [ForkJoinPool.commonPool-worker-1] INFO  impl.RoleInfo (RoleInfo.java:shutdownFollowerState(110)) - 02b59665-40e6-4f54-a95c-0606f78ec7ff: shutdown 02b59665-40e6-4f54-a95c-0606f78ec7ff@group-45C8E505B354-FollowerState
2022-08-08 17:31:23,327 [Listener at 127.0.0.1/37325] INFO  impl.StateMachineUpdater (StateMachineUpdater.java:stopAndJoin(153)) - f220fda6-a22f-4438-8ee2-dd02585921dd@group-45C8E505B354-StateMachineUpdater: set stopIndex = 43
2022-08-08 17:31:23,329 [02b59665-40e6-4f54-a95c-0606f78ec7ff@group-45C8E505B354-FollowerState] INFO  impl.FollowerState (FollowerState.java:run(152)) - 02b59665-40e6-4f54-a95c-0606f78ec7ff@group-45C8E505B354-FollowerState was interrupted
2022-08-08 17:31:23,329 [02b59665-40e6-4f54-a95c-0606f78ec7ff@group-45C8E505B354-StateMachineUpdater] INFO  ratis.ContainerStateMachine (ContainerStateMachine.java:takeSnapshot(304)) - group-45C8E505B354: Taking a snapshot at:(t:2, i:43) file /home/runner/work/ozone/ozone/hadoop-ozone/integration-test/target/test-dir/MiniOzoneClusterImpl-51406671-1893-4796-a216-b7dfafadb542/datanode-1/data/ratis/3cee1696-830b-4191-a8cb-45c8e505b354/sm/snapshot.2_43
2022-08-08 17:31:23,332 [ForkJoinPool.commonPool-worker-1] INFO  impl.StateMachineUpdater (StateMachineUpdater.java:stopAndJoin(153)) - 02b59665-40e6-4f54-a95c-0606f78ec7ff@group-45C8E505B354-StateMachineUpdater: set stopIndex = 43
2022-08-08 17:31:23,327 [f220fda6-a22f-4438-8ee2-dd02585921dd@group-45C8E505B354-StateMachineUpdater] INFO  ratis.ContainerStateMachine (ContainerStateMachine.java:takeSnapshot(304)) - group-45C8E505B354: Taking a snapshot at:(t:2, i:43) file /home/runner/work/ozone/ozone/hadoop-ozone/integration-test/target/test-dir/MiniOzoneClusterImpl-51406671-1893-4796-a216-b7dfafadb542/datanode-2/data/ratis/3cee1696-830b-4191-a8cb-45c8e505b354/sm/snapshot.2_43
2022-08-08 17:31:23,325 [grpc-default-executor-2] INFO  server.GrpcServerProtocolService (GrpcServerProtocolService.java:onCompleted(140)) - f64dc5e8-62f3-4def-b87e-a162ae32d3b9: Completed APPEND_ENTRIES, lastRequest: f220fda6-a22f-4438-8ee2-dd02585921dd->f64dc5e8-62f3-4def-b87e-a162ae32d3b9#580-t2,previous=(t:2, i:42),leaderCommit=41,initializing? true,entries: size=1, first=(t:2, i:43), METADATAENTRY(c:41)
2022-08-08 17:31:23,337 [grpc-default-executor-2] INFO  server.GrpcLogAppender (GrpcLogAppender.java:onCompleted(339)) - f220fda6-a22f-4438-8ee2-dd02585921dd@group-45C8E505B354->f64dc5e8-62f3-4def-b87e-a162ae32d3b9-AppendLogResponseHandler: follower responses appendEntries COMPLETED
2022-08-08 17:31:23,340 [grpc-default-executor-2] INFO  leader.FollowerInfo (FollowerInfoImpl.java:lambda$new$0(48)) - f220fda6-a22f-4438-8ee2-dd02585921dd@group-45C8E505B354->f64dc5e8-62f3-4def-b87e-a162ae32d3b9: nextIndex: updateUnconditionally 44 -> 43
2022-08-08 17:31:23,334 [f220fda6-a22f-4438-8ee2-dd02585921dd@group-45C8E505B354->02b59665-40e6-4f54-a95c-0606f78ec7ff-GrpcLogAppender-LogAppenderDaemon] WARN  server.GrpcLogAppender (GrpcLogAppender.java:mayWait(171)) - f220fda6-a22f-4438-8ee2-dd02585921dd@group-45C8E505B354->02b59665-40e6-4f54-a95c-0606f78ec7ff-GrpcLogAppender: Wait interrupted by java.lang.InterruptedException
2022-08-08 17:31:23,346 [grpc-default-executor-2] INFO  server.GrpcServerProtocolService (GrpcServerProtocolService.java:onCompleted(140)) - 02b59665-40e6-4f54-a95c-0606f78ec7ff: Completed APPEND_ENTRIES, lastRequest: f220fda6-a22f-4438-8ee2-dd02585921dd->02b59665-40e6-4f54-a95c-0606f78ec7ff#568-t2,previous=(t:2, i:42),leaderCommit=41,initializing? true,entries: size=1, first=(t:2, i:43), METADATAENTRY(c:41)
2022-08-08 17:31:23,347 [grpc-default-executor-3] INFO  server.GrpcLogAppender (GrpcLogAppender.java:onCompleted(339)) - f220fda6-a22f-4438-8ee2-dd02585921dd@group-45C8E505B354->02b59665-40e6-4f54-a95c-0606f78ec7ff-AppendLogResponseHandler: follower responses appendEntries COMPLETED
2022-08-08 17:31:23,347 [grpc-default-executor-3] INFO  leader.FollowerInfo (FollowerInfoImpl.java:lambda$new$0(48)) - f220fda6-a22f-4438-8ee2-dd02585921dd@group-45C8E505B354->02b59665-40e6-4f54-a95c-0606f78ec7ff: nextIndex: updateUnconditionally 44 -> 43
2022-08-08 17:31:23,371 [f220fda6-a22f-4438-8ee2-dd02585921dd@group-45C8E505B354-StateMachineUpdater] INFO  ratis.ContainerStateMachine (ContainerStateMachine.java:takeSnapshot(315)) - group-45C8E505B354: Finished taking a snapshot at:(t:2, i:43) file:/home/runner/work/ozone/ozone/hadoop-ozone/integration-test/target/test-dir/MiniOzoneClusterImpl-51406671-1893-4796-a216-b7dfafadb542/datanode-2/data/ratis/3cee1696-830b-4191-a8cb-45c8e505b354/sm/snapshot.2_43 took: 45 ms
2022-08-08 17:31:23,372 [02b59665-40e6-4f54-a95c-0606f78ec7ff@group-45C8E505B354-StateMachineUpdater] INFO  ratis.ContainerStateMachine (ContainerStateMachine.java:takeSnapshot(315)) - group-45C8E505B354: Finished taking a snapshot at:(t:2, i:43) file:/home/runner/work/ozone/ozone/hadoop-ozone/integration-test/target/test-dir/MiniOzoneClusterImpl-51406671-1893-4796-a216-b7dfafadb542/datanode-1/data/ratis/3cee1696-830b-4191-a8cb-45c8e505b354/sm/snapshot.2_43 took: 44 ms
2022-08-08 17:31:23,373 [02b59665-40e6-4f54-a95c-0606f78ec7ff@group-45C8E505B354-StateMachineUpdater] INFO  impl.StateMachineUpdater (StateMachineUpdater.java:takeSnapshot(287)) - 02b59665-40e6-4f54-a95c-0606f78ec7ff@group-45C8E505B354-StateMachineUpdater: Took a snapshot at index 43
2022-08-08 17:31:23,373 [f220fda6-a22f-4438-8ee2-dd02585921dd@group-45C8E505B354-StateMachineUpdater] INFO  impl.StateMachineUpdater (StateMachineUpdater.java:takeSnapshot(287)) - f220fda6-a22f-4438-8ee2-dd02585921dd@group-45C8E505B354-StateMachineUpdater: Took a snapshot at index 43
2022-08-08 17:31:23,373 [02b59665-40e6-4f54-a95c-0606f78ec7ff@group-45C8E505B354-StateMachineUpdater] INFO  impl.StateMachineUpdater (StateMachineUpdater.java:lambda$new$0(92)) - 02b59665-40e6-4f54-a95c-0606f78ec7ff@group-45C8E505B354-StateMachineUpdater: snapshotIndex: updateIncreasingly -1 -> 43
2022-08-08 17:31:23,373 [f220fda6-a22f-4438-8ee2-dd02585921dd@group-45C8E505B354-StateMachineUpdater] INFO  impl.StateMachineUpdater (StateMachineUpdater.java:lambda$new$0(92)) - f220fda6-a22f-4438-8ee2-dd02585921dd@group-45C8E505B354-StateMachineUpdater: snapshotIndex: updateIncreasingly -1 -> 43
2022-08-08 17:31:23,379 [ForkJoinPool.commonPool-worker-1] INFO  server.RaftServer$Division (ServerState.java:close(429)) - 02b59665-40e6-4f54-a95c-0606f78ec7ff@group-45C8E505B354: closes. applyIndex: 43
2022-08-08 17:31:23,380 [Listener at 127.0.0.1/37325] INFO  server.RaftServer$Division (ServerState.java:close(429)) - f220fda6-a22f-4438-8ee2-dd02585921dd@group-45C8E505B354: closes. applyIndex: 43
2022-08-08 17:31:23,382 [02b59665-40e6-4f54-a95c-0606f78ec7ff@group-45C8E505B354-SegmentedRaftLogWorker] INFO  segmented.SegmentedRaftLogWorker (SegmentedRaftLogWorker.java:run(336)) - 02b59665-40e6-4f54-a95c-0606f78ec7ff@group-45C8E505B354-SegmentedRaftLogWorker was interrupted, exiting. There are 0 tasks remaining in the queue.
2022-08-08 17:31:23,383 [ForkJoinPool.commonPool-worker-1] INFO  segmented.SegmentedRaftLogWorker (SegmentedRaftLogWorker.java:close(246)) - 02b59665-40e6-4f54-a95c-0606f78ec7ff@group-45C8E505B354-SegmentedRaftLogWorker close()
2022-08-08 17:31:23,384 [f220fda6-a22f-4438-8ee2-dd02585921dd@group-45C8E505B354-SegmentedRaftLogWorker] INFO  segmented.SegmentedRaftLogWorker (SegmentedRaftLogWorker.java:run(336)) - f220fda6-a22f-4438-8ee2-dd02585921dd@group-45C8E505B354-SegmentedRaftLogWorker was interrupted, exiting. There are 0 tasks remaining in the queue.
2022-08-08 17:31:23,384 [ForkJoinPool.commonPool-worker-1] INFO  server.RaftServer$Division (RaftServerImpl.java:lambda$close$4(434)) - 02b59665-40e6-4f54-a95c-0606f78ec7ff@group-32AFE4578994: shutdown
2022-08-08 17:31:23,384 [ForkJoinPool.commonPool-worker-1] INFO  util.JmxRegister (JmxRegister.java:unregister(73)) - Successfully un-registered JMX Bean with object name Ratis:service=RaftServer,group=group-32AFE4578994,id=02b59665-40e6-4f54-a95c-0606f78ec7ff
2022-08-08 17:31:23,384 [ForkJoinPool.commonPool-worker-1] INFO  impl.RoleInfo (RoleInfo.java:shutdownLeaderState(93)) - 02b59665-40e6-4f54-a95c-0606f78ec7ff: shutdown 02b59665-40e6-4f54-a95c-0606f78ec7ff@group-32AFE4578994-LeaderStateImpl
2022-08-08 17:31:23,385 [02b59665-40e6-4f54-a95c-0606f78ec7ff@group-32AFE4578994->f220fda6-a22f-4438-8ee2-dd02585921dd-GrpcLogAppender-LogAppenderDaemon] WARN  server.GrpcLogAppender (GrpcLogAppender.java:mayWait(171)) - 02b59665-40e6-4f54-a95c-0606f78ec7ff@group-32AFE4578994->f220fda6-a22f-4438-8ee2-dd02585921dd-GrpcLogAppender: Wait interrupted by java.lang.InterruptedException
2022-08-08 17:31:23,385 [02b59665-40e6-4f54-a95c-0606f78ec7ff@group-32AFE4578994->f64dc5e8-62f3-4def-b87e-a162ae32d3b9-GrpcLogAppender-LogAppenderDaemon] WARN  server.GrpcLogAppender (GrpcLogAppender.java:mayWait(171)) - 02b59665-40e6-4f54-a95c-0606f78ec7ff@group-32AFE4578994->f64dc5e8-62f3-4def-b87e-a162ae32d3b9-GrpcLogAppender: Wait interrupted by java.lang.InterruptedException
2022-08-08 17:31:23,386 [Listener at 127.0.0.1/37325] INFO  segmented.SegmentedRaftLogWorker (SegmentedRaftLogWorker.java:close(246)) - f220fda6-a22f-4438-8ee2-dd02585921dd@group-45C8E505B354-SegmentedRaftLogWorker close()
2022-08-08 17:31:23,385 [ForkJoinPool.commonPool-worker-1] INFO  impl.PendingRequests (PendingRequests.java:sendNotLeaderResponses(282)) - 02b59665-40e6-4f54-a95c-0606f78ec7ff@group-32AFE4578994-PendingRequests: sendNotLeaderResponses
2022-08-08 17:31:23,387 [ForkJoinPool.commonPool-worker-1] INFO  impl.StateMachineUpdater (StateMachineUpdater.java:stopAndJoin(153)) - 02b59665-40e6-4f54-a95c-0606f78ec7ff@group-32AFE4578994-StateMachineUpdater: set stopIndex = 0
2022-08-08 17:31:23,394 [02b59665-40e6-4f54-a95c-0606f78ec7ff@group-32AFE4578994-StateMachineUpdater] INFO  ratis.ContainerStateMachine (ContainerStateMachine.java:takeSnapshot(304)) - group-32AFE4578994: Taking a snapshot at:(t:6, i:0) file /home/runner/work/ozone/ozone/hadoop-ozone/integration-test/target/test-dir/MiniOzoneClusterImpl-51406671-1893-4796-a216-b7dfafadb542/datanode-1/data/ratis/86a0b168-ca13-43f9-b32a-32afe4578994/sm/snapshot.6_0
2022-08-08 17:31:23,395 [grpc-default-executor-2] INFO  server.GrpcServerProtocolService (GrpcServerProtocolService.java:onCompleted(140)) - f64dc5e8-62f3-4def-b87e-a162ae32d3b9: Completed APPEND_ENTRIES, lastRequest: 02b59665-40e6-4f54-a95c-0606f78ec7ff->f64dc5e8-62f3-4def-b87e-a162ae32d3b9#1-t6,previous=(t:0, i:0),leaderCommit=-1,initializing? true,entries: size=1, first=(t:6, i:0), CONFIGURATIONENTRY
2022-08-08 17:31:23,396 [grpc-default-executor-1] INFO  server.GrpcLogAppender (GrpcLogAppender.java:onCompleted(339)) - 02b59665-40e6-4f54-a95c-0606f78ec7ff@group-32AFE4578994->f64dc5e8-62f3-4def-b87e-a162ae32d3b9-AppendLogResponseHandler: follower responses appendEntries COMPLETED
2022-08-08 17:31:23,396 [grpc-default-executor-1] INFO  leader.FollowerInfo (FollowerInfoImpl.java:lambda$new$0(48)) - 02b59665-40e6-4f54-a95c-0606f78ec7ff@group-32AFE4578994->f64dc5e8-62f3-4def-b87e-a162ae32d3b9: nextIndex: updateUnconditionally 1 -> 0
2022-08-08 17:31:23,396 [02b59665-40e6-4f54-a95c-0606f78ec7ff@group-32AFE4578994-StateMachineUpdater] INFO  ratis.ContainerStateMachine (ContainerStateMachine.java:takeSnapshot(315)) - group-32AFE4578994: Finished taking a snapshot at:(t:6, i:0) file:/home/runner/work/ozone/ozone/hadoop-ozone/integration-test/target/test-dir/MiniOzoneClusterImpl-51406671-1893-4796-a216-b7dfafadb542/datanode-1/data/ratis/86a0b168-ca13-43f9-b32a-32afe4578994/sm/snapshot.6_0 took: 1 ms
2022-08-08 17:31:23,396 [02b59665-40e6-4f54-a95c-0606f78ec7ff@group-32AFE4578994-StateMachineUpdater] INFO  impl.StateMachineUpdater (StateMachineUpdater.java:takeSnapshot(287)) - 02b59665-40e6-4f54-a95c-0606f78ec7ff@group-32AFE4578994-StateMachineUpdater: Took a snapshot at index 0
2022-08-08 17:31:23,396 [02b59665-40e6-4f54-a95c-0606f78ec7ff@group-32AFE4578994-StateMachineUpdater] INFO  impl.StateMachineUpdater (StateMachineUpdater.java:lambda$new$0(92)) - 02b59665-40e6-4f54-a95c-0606f78ec7ff@group-32AFE4578994-StateMachineUpdater: snapshotIndex: updateIncreasingly -1 -> 0
2022-08-08 17:31:23,397 [ForkJoinPool.commonPool-worker-1] INFO  server.RaftServer$Division (ServerState.java:close(429)) - 02b59665-40e6-4f54-a95c-0606f78ec7ff@group-32AFE4578994: closes. applyIndex: 0
2022-08-08 17:31:23,386 [grpc-default-executor-3] INFO  server.GrpcServerProtocolService (GrpcServerProtocolService.java:onCompleted(140)) - f220fda6-a22f-4438-8ee2-dd02585921dd: Completed APPEND_ENTRIES, lastRequest: 02b59665-40e6-4f54-a95c-0606f78ec7ff->f220fda6-a22f-4438-8ee2-dd02585921dd#1-t6,previous=(t:0, i:0),leaderCommit=-1,initializing? true,entries: size=1, first=(t:6, i:0), CONFIGURATIONENTRY
2022-08-08 17:31:23,397 [Listener at 127.0.0.1/37325] INFO  server.RaftServer$Division (RaftServerImpl.java:lambda$close$4(434)) - f220fda6-a22f-4438-8ee2-dd02585921dd@group-32AFE4578994: shutdown
2022-08-08 17:31:23,398 [Listener at 127.0.0.1/37325] INFO  util.JmxRegister (JmxRegister.java:unregister(73)) - Successfully un-registered JMX Bean with object name Ratis:service=RaftServer,group=group-32AFE4578994,id=f220fda6-a22f-4438-8ee2-dd02585921dd
2022-08-08 17:31:23,398 [Listener at 127.0.0.1/37325] INFO  impl.RoleInfo (RoleInfo.java:shutdownFollowerState(110)) - f220fda6-a22f-4438-8ee2-dd02585921dd: shutdown f220fda6-a22f-4438-8ee2-dd02585921dd@group-32AFE4578994-FollowerState
2022-08-08 17:31:23,398 [Listener at 127.0.0.1/37325] INFO  impl.StateMachineUpdater (StateMachineUpdater.java:stopAndJoin(153)) - f220fda6-a22f-4438-8ee2-dd02585921dd@group-32AFE4578994-StateMachineUpdater: set stopIndex = 0
2022-08-08 17:31:23,398 [f220fda6-a22f-4438-8ee2-dd02585921dd@group-32AFE4578994-StateMachineUpdater] INFO  ratis.ContainerStateMachine (ContainerStateMachine.java:takeSnapshot(304)) - group-32AFE4578994: Taking a snapshot at:(t:6, i:0) file /home/runner/work/ozone/ozone/hadoop-ozone/integration-test/target/test-dir/MiniOzoneClusterImpl-51406671-1893-4796-a216-b7dfafadb542/datanode-2/data/ratis/86a0b168-ca13-43f9-b32a-32afe4578994/sm/snapshot.6_0
2022-08-08 17:31:23,398 [02b59665-40e6-4f54-a95c-0606f78ec7ff@group-32AFE4578994-SegmentedRaftLogWorker] INFO  segmented.SegmentedRaftLogWorker (SegmentedRaftLogWorker.java:run(336)) - 02b59665-40e6-4f54-a95c-0606f78ec7ff@group-32AFE4578994-SegmentedRaftLogWorker was interrupted, exiting. There are 0 tasks remaining in the queue.
2022-08-08 17:31:23,398 [f220fda6-a22f-4438-8ee2-dd02585921dd@group-32AFE4578994-FollowerState] INFO  impl.FollowerState (FollowerState.java:run(152)) - f220fda6-a22f-4438-8ee2-dd02585921dd@group-32AFE4578994-FollowerState was interrupted
2022-08-08 17:31:23,400 [grpc-default-executor-3] INFO  server.GrpcLogAppender (GrpcLogAppender.java:onCompleted(339)) - 02b59665-40e6-4f54-a95c-0606f78ec7ff@group-32AFE4578994->f220fda6-a22f-4438-8ee2-dd02585921dd-AppendLogResponseHandler: follower responses appendEntries COMPLETED
2022-08-08 17:31:23,401 [grpc-default-executor-3] INFO  leader.FollowerInfo (FollowerInfoImpl.java:lambda$new$0(48)) - 02b59665-40e6-4f54-a95c-0606f78ec7ff@group-32AFE4578994->f220fda6-a22f-4438-8ee2-dd02585921dd: nextIndex: updateUnconditionally 1 -> 0
2022-08-08 17:31:23,400 [f220fda6-a22f-4438-8ee2-dd02585921dd@group-32AFE4578994-StateMachineUpdater] INFO  ratis.ContainerStateMachine (ContainerStateMachine.java:takeSnapshot(315)) - group-32AFE4578994: Finished taking a snapshot at:(t:6, i:0) file:/home/runner/work/ozone/ozone/hadoop-ozone/integration-test/target/test-dir/MiniOzoneClusterImpl-51406671-1893-4796-a216-b7dfafadb542/datanode-2/data/ratis/86a0b168-ca13-43f9-b32a-32afe4578994/sm/snapshot.6_0 took: 1 ms
2022-08-08 17:31:23,400 [ForkJoinPool.commonPool-worker-1] INFO  segmented.SegmentedRaftLogWorker (SegmentedRaftLogWorker.java:close(246)) - 02b59665-40e6-4f54-a95c-0606f78ec7ff@group-32AFE4578994-SegmentedRaftLogWorker close()
2022-08-08 17:31:23,402 [f220fda6-a22f-4438-8ee2-dd02585921dd@group-32AFE4578994-StateMachineUpdater] INFO  impl.StateMachineUpdater (StateMachineUpdater.java:takeSnapshot(287)) - f220fda6-a22f-4438-8ee2-dd02585921dd@group-32AFE4578994-StateMachineUpdater: Took a snapshot at index 0
2022-08-08 17:31:23,402 [f220fda6-a22f-4438-8ee2-dd02585921dd@group-32AFE4578994-StateMachineUpdater] INFO  impl.StateMachineUpdater (StateMachineUpdater.java:lambda$new$0(92)) - f220fda6-a22f-4438-8ee2-dd02585921dd@group-32AFE4578994-StateMachineUpdater: snapshotIndex: updateIncreasingly -1 -> 0
2022-08-08 17:31:23,402 [ForkJoinPool.commonPool-worker-1] INFO  server.RaftServer$Division (RaftServerImpl.java:lambda$close$4(434)) - 02b59665-40e6-4f54-a95c-0606f78ec7ff@group-B73DE5303C81: shutdown
2022-08-08 17:31:23,402 [ForkJoinPool.commonPool-worker-1] INFO  util.JmxRegister (JmxRegister.java:unregister(73)) - Successfully un-registered JMX Bean with object name Ratis:service=RaftServer,group=group-B73DE5303C81,id=02b59665-40e6-4f54-a95c-0606f78ec7ff
2022-08-08 17:31:23,403 [ForkJoinPool.commonPool-worker-1] INFO  impl.RoleInfo (RoleInfo.java:shutdownLeaderState(93)) - 02b59665-40e6-4f54-a95c-0606f78ec7ff: shutdown 02b59665-40e6-4f54-a95c-0606f78ec7ff@group-B73DE5303C81-LeaderStateImpl
2022-08-08 17:31:23,403 [ForkJoinPool.commonPool-worker-1] INFO  impl.PendingRequests (PendingRequests.java:sendNotLeaderResponses(282)) - 02b59665-40e6-4f54-a95c-0606f78ec7ff@group-B73DE5303C81-PendingRequests: sendNotLeaderResponses
2022-08-08 17:31:23,403 [Listener at 127.0.0.1/37325] INFO  server.RaftServer$Division (ServerState.java:close(429)) - f220fda6-a22f-4438-8ee2-dd02585921dd@group-32AFE4578994: closes. applyIndex: 0
2022-08-08 17:31:23,403 [f220fda6-a22f-4438-8ee2-dd02585921dd@group-32AFE4578994-SegmentedRaftLogWorker] INFO  segmented.SegmentedRaftLogWorker (SegmentedRaftLogWorker.java:run(336)) - f220fda6-a22f-4438-8ee2-dd02585921dd@group-32AFE4578994-SegmentedRaftLogWorker was interrupted, exiting. There are 0 tasks remaining in the queue.
2022-08-08 17:31:23,405 [Listener at 127.0.0.1/37325] INFO  segmented.SegmentedRaftLogWorker (SegmentedRaftLogWorker.java:close(246)) - f220fda6-a22f-4438-8ee2-dd02585921dd@group-32AFE4578994-SegmentedRaftLogWorker close()
2022-08-08 17:31:23,406 [ForkJoinPool.commonPool-worker-1] INFO  impl.StateMachineUpdater (StateMachineUpdater.java:stopAndJoin(153)) - 02b59665-40e6-4f54-a95c-0606f78ec7ff@group-B73DE5303C81-StateMachineUpdater: set stopIndex = 0
2022-08-08 17:31:23,406 [02b59665-40e6-4f54-a95c-0606f78ec7ff@group-B73DE5303C81-StateMachineUpdater] INFO  ratis.ContainerStateMachine (ContainerStateMachine.java:takeSnapshot(304)) - group-B73DE5303C81: Taking a snapshot at:(t:1, i:0) file /home/runner/work/ozone/ozone/hadoop-ozone/integration-test/target/test-dir/MiniOzoneClusterImpl-51406671-1893-4796-a216-b7dfafadb542/datanode-1/data/ratis/208be93f-37bc-41f2-b0ce-b73de5303c81/sm/snapshot.1_0
2022-08-08 17:31:23,407 [Listener at 127.0.0.1/37325] INFO  server.RaftServer$Division (RaftServerImpl.java:lambda$close$4(434)) - f220fda6-a22f-4438-8ee2-dd02585921dd@group-E50B999FCD23: shutdown
2022-08-08 17:31:23,407 [Listener at 127.0.0.1/37325] INFO  util.JmxRegister (JmxRegister.java:unregister(73)) - Successfully un-registered JMX Bean with object name Ratis:service=RaftServer,group=group-E50B999FCD23,id=f220fda6-a22f-4438-8ee2-dd02585921dd
2022-08-08 17:31:23,407 [Listener at 127.0.0.1/37325] INFO  impl.RoleInfo (RoleInfo.java:shutdownLeaderState(93)) - f220fda6-a22f-4438-8ee2-dd02585921dd: shutdown f220fda6-a22f-4438-8ee2-dd02585921dd@group-E50B999FCD23-LeaderStateImpl
2022-08-08 17:31:23,407 [02b59665-40e6-4f54-a95c-0606f78ec7ff@group-B73DE5303C81-StateMachineUpdater] INFO  ratis.ContainerStateMachine (ContainerStateMachine.java:takeSnapshot(315)) - group-B73DE5303C81: Finished taking a snapshot at:(t:1, i:0) file:/home/runner/work/ozone/ozone/hadoop-ozone/integration-test/target/test-dir/MiniOzoneClusterImpl-51406671-1893-4796-a216-b7dfafadb542/datanode-1/data/ratis/208be93f-37bc-41f2-b0ce-b73de5303c81/sm/snapshot.1_0 took: 2 ms
2022-08-08 17:31:23,407 [Listener at 127.0.0.1/37325] INFO  impl.PendingRequests (PendingRequests.java:sendNotLeaderResponses(282)) - f220fda6-a22f-4438-8ee2-dd02585921dd@group-E50B999FCD23-PendingRequests: sendNotLeaderResponses
2022-08-08 17:31:23,407 [02b59665-40e6-4f54-a95c-0606f78ec7ff@group-B73DE5303C81-StateMachineUpdater] INFO  impl.StateMachineUpdater (StateMachineUpdater.java:takeSnapshot(287)) - 02b59665-40e6-4f54-a95c-0606f78ec7ff@group-B73DE5303C81-StateMachineUpdater: Took a snapshot at index 0
2022-08-08 17:31:23,408 [02b59665-40e6-4f54-a95c-0606f78ec7ff@group-B73DE5303C81-StateMachineUpdater] INFO  impl.StateMachineUpdater (StateMachineUpdater.java:lambda$new$0(92)) - 02b59665-40e6-4f54-a95c-0606f78ec7ff@group-B73DE5303C81-StateMachineUpdater: snapshotIndex: updateIncreasingly -1 -> 0
2022-08-08 17:31:23,408 [Listener at 127.0.0.1/37325] INFO  impl.StateMachineUpdater (StateMachineUpdater.java:stopAndJoin(153)) - f220fda6-a22f-4438-8ee2-dd02585921dd@group-E50B999FCD23-StateMachineUpdater: set stopIndex = 0
2022-08-08 17:31:23,408 [ForkJoinPool.commonPool-worker-1] INFO  server.RaftServer$Division (ServerState.java:close(429)) - 02b59665-40e6-4f54-a95c-0606f78ec7ff@group-B73DE5303C81: closes. applyIndex: 0
2022-08-08 17:31:23,408 [02b59665-40e6-4f54-a95c-0606f78ec7ff@group-B73DE5303C81-SegmentedRaftLogWorker] INFO  segmented.SegmentedRaftLogWorker (SegmentedRaftLogWorker.java:run(336)) - 02b59665-40e6-4f54-a95c-0606f78ec7ff@group-B73DE5303C81-SegmentedRaftLogWorker was interrupted, exiting. There are 0 tasks remaining in the queue.
2022-08-08 17:31:23,409 [ForkJoinPool.commonPool-worker-1] INFO  segmented.SegmentedRaftLogWorker (SegmentedRaftLogWorker.java:close(246)) - 02b59665-40e6-4f54-a95c-0606f78ec7ff@group-B73DE5303C81-SegmentedRaftLogWorker close()
2022-08-08 17:31:23,409 [f220fda6-a22f-4438-8ee2-dd02585921dd@group-E50B999FCD23-StateMachineUpdater] INFO  ratis.ContainerStateMachine (ContainerStateMachine.java:takeSnapshot(304)) - group-E50B999FCD23: Taking a snapshot at:(t:1, i:0) file /home/runner/work/ozone/ozone/hadoop-ozone/integration-test/target/test-dir/MiniOzoneClusterImpl-51406671-1893-4796-a216-b7dfafadb542/datanode-2/data/ratis/56598b43-e6fa-40a4-9745-e50b999fcd23/sm/snapshot.1_0
2022-08-08 17:31:23,410 [ForkJoinPool.commonPool-worker-1] INFO  server.GrpcService (GrpcService.java:closeImpl(269)) - 02b59665-40e6-4f54-a95c-0606f78ec7ff: shutdown server with port 36877 now
2022-08-08 17:31:23,411 [f220fda6-a22f-4438-8ee2-dd02585921dd@group-E50B999FCD23-StateMachineUpdater] INFO  ratis.ContainerStateMachine (ContainerStateMachine.java:takeSnapshot(315)) - group-E50B999FCD23: Finished taking a snapshot at:(t:1, i:0) file:/home/runner/work/ozone/ozone/hadoop-ozone/integration-test/target/test-dir/MiniOzoneClusterImpl-51406671-1893-4796-a216-b7dfafadb542/datanode-2/data/ratis/56598b43-e6fa-40a4-9745-e50b999fcd23/sm/snapshot.1_0 took: 3 ms
2022-08-08 17:31:23,411 [f220fda6-a22f-4438-8ee2-dd02585921dd@group-E50B999FCD23-StateMachineUpdater] INFO  impl.StateMachineUpdater (StateMachineUpdater.java:takeSnapshot(287)) - f220fda6-a22f-4438-8ee2-dd02585921dd@group-E50B999FCD23-StateMachineUpdater: Took a snapshot at index 0
2022-08-08 17:31:23,411 [f220fda6-a22f-4438-8ee2-dd02585921dd@group-E50B999FCD23-StateMachineUpdater] INFO  impl.StateMachineUpdater (StateMachineUpdater.java:lambda$new$0(92)) - f220fda6-a22f-4438-8ee2-dd02585921dd@group-E50B999FCD23-StateMachineUpdater: snapshotIndex: updateIncreasingly -1 -> 0
2022-08-08 17:31:23,411 [Listener at 127.0.0.1/37325] INFO  server.RaftServer$Division (ServerState.java:close(429)) - f220fda6-a22f-4438-8ee2-dd02585921dd@group-E50B999FCD23: closes. applyIndex: 0
2022-08-08 17:31:23,411 [f220fda6-a22f-4438-8ee2-dd02585921dd@group-E50B999FCD23-SegmentedRaftLogWorker] INFO  segmented.SegmentedRaftLogWorker (SegmentedRaftLogWorker.java:run(336)) - f220fda6-a22f-4438-8ee2-dd02585921dd@group-E50B999FCD23-SegmentedRaftLogWorker was interrupted, exiting. There are 0 tasks remaining in the queue.
2022-08-08 17:31:23,412 [Listener at 127.0.0.1/37325] INFO  segmented.SegmentedRaftLogWorker (SegmentedRaftLogWorker.java:close(246)) - f220fda6-a22f-4438-8ee2-dd02585921dd@group-E50B999FCD23-SegmentedRaftLogWorker close()
2022-08-08 17:31:23,415 [Listener at 127.0.0.1/37325] INFO  server.GrpcService (GrpcService.java:closeImpl(269)) - f220fda6-a22f-4438-8ee2-dd02585921dd: shutdown server with port 37777 now
2022-08-08 17:31:23,423 [grpc-default-executor-3] WARN  server.GrpcClientProtocolService (LogUtils.java:warn(122)) - 3-UnorderedRequestStreamObserver3: onError: org.apache.ratis.thirdparty.io.grpc.StatusRuntimeException: CANCELLED: client cancelled
2022-08-08 17:31:23,435 [ForkJoinPool.commonPool-worker-1] INFO  server.GrpcService (GrpcService.java:closeImpl(278)) - 02b59665-40e6-4f54-a95c-0606f78ec7ff: shutdown server with port 36877 successfully
2022-08-08 17:31:23,435 [org.apache.ratis.util.JvmPauseMonitor$$Lambda$616/2073768691@17f9bbcc] INFO  util.JvmPauseMonitor (JvmPauseMonitor.java:run(109)) - JvmPauseMonitor-02b59665-40e6-4f54-a95c-0606f78ec7ff: Stopped
2022-08-08 17:31:23,446 [Listener at 127.0.0.1/37325] INFO  server.GrpcService (GrpcService.java:closeImpl(278)) - f220fda6-a22f-4438-8ee2-dd02585921dd: shutdown server with port 37777 successfully
2022-08-08 17:31:23,447 [org.apache.ratis.util.JvmPauseMonitor$$Lambda$616/2073768691@7ab40abb] INFO  util.JvmPauseMonitor (JvmPauseMonitor.java:run(109)) - JvmPauseMonitor-f220fda6-a22f-4438-8ee2-dd02585921dd: Stopped
2022-08-08 17:31:25,473 [Listener at 127.0.0.1/37325] INFO  utils.BackgroundService (BackgroundService.java:shutdown(141)) - Shutting down service BlockDeletingService
2022-08-08 17:31:25,477 [ForkJoinPool.commonPool-worker-1] INFO  utils.BackgroundService (BackgroundService.java:shutdown(141)) - Shutting down service BlockDeletingService
2022-08-08 17:31:25,478 [ForkJoinPool.commonPool-worker-1] INFO  utils.BackgroundService (BackgroundService.java:shutdown(141)) - Shutting down service StaleRecoveringContainerScrubbingService
2022-08-08 17:31:25,482 [Listener at 127.0.0.1/37325] INFO  utils.BackgroundService (BackgroundService.java:shutdown(141)) - Shutting down service StaleRecoveringContainerScrubbingService
2022-08-08 17:31:27,523 [Finalizer] WARN  managed.ManagedRocksObjectUtils (ManagedRocksObjectUtils.java:assertClosed(39)) - ManagedDBOptions is not closed properly
2022-08-08 17:31:27,523 [Finalizer] WARN  managed.ManagedRocksObjectUtils (ManagedRocksObjectUtils.java:assertClosed(39)) - ManagedColumnFamilyOptions is not closed properly
2022-08-08 17:31:27,523 [Finalizer] WARN  managed.ManagedRocksObjectUtils (ManagedRocksObjectUtils.java:assertClosed(39)) - ManagedLRUCache is not closed properly
2022-08-08 17:31:27,523 [Finalizer] WARN  managed.ManagedRocksObjectUtils (ManagedRocksObjectUtils.java:assertClosed(39)) - ManagedBloomFilter is not closed properly
2022-08-08 17:31:27,523 [Finalizer] WARN  managed.ManagedRocksObjectUtils (ManagedRocksObjectUtils.java:assertClosed(39)) - ManagedDBOptions is not closed properly
2022-08-08 17:31:27,523 [Finalizer] WARN  managed.ManagedRocksObjectUtils (ManagedRocksObjectUtils.java:assertClosed(39)) - ManagedColumnFamilyOptions is not closed properly
2022-08-08 17:31:27,523 [Finalizer] WARN  managed.ManagedRocksObjectUtils (ManagedRocksObjectUtils.java:assertClosed(39)) - ManagedLRUCache is not closed properly
2022-08-08 17:31:27,523 [Finalizer] WARN  managed.ManagedRocksObjectUtils (ManagedRocksObjectUtils.java:assertClosed(39)) - ManagedBloomFilter is not closed properly
2022-08-08 17:31:27,523 [Finalizer] WARN  managed.ManagedRocksObjectUtils (ManagedRocksObjectUtils.java:assertClosed(39)) - ManagedDBOptions is not closed properly
2022-08-08 17:31:27,523 [Finalizer] WARN  managed.ManagedRocksObjectUtils (ManagedRocksObjectUtils.java:assertClosed(39)) - ManagedColumnFamilyOptions is not closed properly
2022-08-08 17:31:27,523 [Finalizer] WARN  managed.ManagedRocksObjectUtils (ManagedRocksObjectUtils.java:assertClosed(39)) - ManagedLRUCache is not closed properly
2022-08-08 17:31:27,523 [Finalizer] WARN  managed.ManagedRocksObjectUtils (ManagedRocksObjectUtils.java:assertClosed(39)) - ManagedBloomFilter is not closed properly
2022-08-08 17:31:27,523 [Finalizer] WARN  managed.ManagedRocksObjectUtils (ManagedRocksObjectUtils.java:assertClosed(39)) - ManagedDBOptions is not closed properly
2022-08-08 17:31:27,523 [Finalizer] WARN  managed.ManagedRocksObjectUtils (ManagedRocksObjectUtils.java:assertClosed(39)) - ManagedColumnFamilyOptions is not closed properly
2022-08-08 17:31:27,523 [Finalizer] WARN  managed.ManagedRocksObjectUtils (ManagedRocksObjectUtils.java:assertClosed(39)) - ManagedLRUCache is not closed properly
2022-08-08 17:31:27,523 [Finalizer] WARN  managed.ManagedRocksObjectUtils (ManagedRocksObjectUtils.java:assertClosed(39)) - ManagedBloomFilter is not closed properly
2022-08-08 17:31:27,523 [Finalizer] WARN  managed.ManagedRocksObjectUtils (ManagedRocksObjectUtils.java:assertClosed(39)) - ManagedDBOptions is not closed properly
2022-08-08 17:31:27,523 [Finalizer] WARN  managed.ManagedRocksObjectUtils (ManagedRocksObjectUtils.java:assertClosed(39)) - ManagedColumnFamilyOptions is not closed properly
2022-08-08 17:31:27,523 [Finalizer] WARN  managed.ManagedRocksObjectUtils (ManagedRocksObjectUtils.java:assertClosed(39)) - ManagedLRUCache is not closed properly
2022-08-08 17:31:27,523 [Finalizer] WARN  managed.ManagedRocksObjectUtils (ManagedRocksObjectUtils.java:assertClosed(39)) - ManagedBloomFilter is not closed properly
2022-08-08 17:31:27,948 [f64dc5e8-62f3-4def-b87e-a162ae32d3b9@group-45C8E505B354-FollowerState] INFO  impl.FollowerState (FollowerState.java:run(143)) - f64dc5e8-62f3-4def-b87e-a162ae32d3b9@group-45C8E505B354-FollowerState: change to CANDIDATE, lastRpcElapsedTime:6458157430ns, electionTimeout:5055ms
2022-08-08 17:31:27,948 [f64dc5e8-62f3-4def-b87e-a162ae32d3b9@group-45C8E505B354-FollowerState] INFO  impl.RoleInfo (RoleInfo.java:shutdownFollowerState(110)) - f64dc5e8-62f3-4def-b87e-a162ae32d3b9: shutdown f64dc5e8-62f3-4def-b87e-a162ae32d3b9@group-45C8E505B354-FollowerState
2022-08-08 17:31:27,949 [f64dc5e8-62f3-4def-b87e-a162ae32d3b9@group-45C8E505B354-FollowerState] INFO  server.RaftServer$Division (RaftServerImpl.java:setRole(299)) - f64dc5e8-62f3-4def-b87e-a162ae32d3b9@group-45C8E505B354: changes role from  FOLLOWER to CANDIDATE at term 2 for changeToCandidate
2022-08-08 17:31:27,949 [f64dc5e8-62f3-4def-b87e-a162ae32d3b9@group-45C8E505B354-FollowerState] INFO  server.RaftServerConfigKeys (ConfUtils.java:logGet(46)) - raft.server.leaderelection.pre-vote = false (custom)
2022-08-08 17:31:27,949 [f64dc5e8-62f3-4def-b87e-a162ae32d3b9@group-45C8E505B354-FollowerState] INFO  impl.RoleInfo (RoleInfo.java:updateAndGet(139)) - f64dc5e8-62f3-4def-b87e-a162ae32d3b9: start f64dc5e8-62f3-4def-b87e-a162ae32d3b9@group-45C8E505B354-LeaderElection16
2022-08-08 17:31:27,956 [f64dc5e8-62f3-4def-b87e-a162ae32d3b9@group-45C8E505B354-LeaderElection16] INFO  server.RaftServer$Division (ServerState.java:setLeader(287)) - f64dc5e8-62f3-4def-b87e-a162ae32d3b9@group-45C8E505B354: change Leader from f220fda6-a22f-4438-8ee2-dd02585921dd to null at term 2 for ELECTION
2022-08-08 17:31:27,959 [f64dc5e8-62f3-4def-b87e-a162ae32d3b9@group-45C8E505B354-LeaderElection16] INFO  impl.LeaderElection (LeaderElection.java:askForVotes(310)) - f64dc5e8-62f3-4def-b87e-a162ae32d3b9@group-45C8E505B354-LeaderElection16 ELECTION round 0: submit vote requests at term 3 for 0: [02b59665-40e6-4f54-a95c-0606f78ec7ff|rpc:10.1.0.4:36877|dataStream:|priority:0, f64dc5e8-62f3-4def-b87e-a162ae32d3b9|rpc:10.1.0.4:38901|dataStream:|priority:0, f220fda6-a22f-4438-8ee2-dd02585921dd|rpc:10.1.0.4:37777|dataStream:|priority:1], old=null
2022-08-08 17:31:27,996 [f64dc5e8-62f3-4def-b87e-a162ae32d3b9@group-45C8E505B354-LeaderElection16] INFO  impl.LeaderElection (LogUtils.java:infoOrTrace(137)) - f64dc5e8-62f3-4def-b87e-a162ae32d3b9@group-45C8E505B354-LeaderElection16 got exception when requesting votes: java.util.concurrent.ExecutionException: org.apache.ratis.thirdparty.io.grpc.StatusRuntimeException: UNAVAILABLE: io exception
2022-08-08 17:31:27,997 [f64dc5e8-62f3-4def-b87e-a162ae32d3b9@group-45C8E505B354-LeaderElection16] INFO  impl.LeaderElection (LogUtils.java:infoOrTrace(137)) - f64dc5e8-62f3-4def-b87e-a162ae32d3b9@group-45C8E505B354-LeaderElection16 got exception when requesting votes: java.util.concurrent.ExecutionException: org.apache.ratis.thirdparty.io.grpc.StatusRuntimeException: UNAVAILABLE: io exception
2022-08-08 17:31:27,997 [f64dc5e8-62f3-4def-b87e-a162ae32d3b9@group-45C8E505B354-LeaderElection16] INFO  impl.LeaderElection (LeaderElection.java:logAndReturn(90)) - f64dc5e8-62f3-4def-b87e-a162ae32d3b9@group-45C8E505B354-LeaderElection16: ELECTION REJECTED received 0 response(s) and 2 exception(s):
2022-08-08 17:31:27,997 [f64dc5e8-62f3-4def-b87e-a162ae32d3b9@group-45C8E505B354-LeaderElection16] INFO  impl.LeaderElection (LogUtils.java:infoOrTrace(137)) -   Exception 0: java.util.concurrent.ExecutionException: org.apache.ratis.thirdparty.io.grpc.StatusRuntimeException: UNAVAILABLE: io exception
2022-08-08 17:31:27,997 [f64dc5e8-62f3-4def-b87e-a162ae32d3b9@group-45C8E505B354-LeaderElection16] INFO  impl.LeaderElection (LogUtils.java:infoOrTrace(137)) -   Exception 1: java.util.concurrent.ExecutionException: org.apache.ratis.thirdparty.io.grpc.StatusRuntimeException: UNAVAILABLE: io exception
2022-08-08 17:31:27,997 [f64dc5e8-62f3-4def-b87e-a162ae32d3b9@group-45C8E505B354-LeaderElection16] INFO  impl.LeaderElection (LeaderElection.java:askForVotes(312)) - f64dc5e8-62f3-4def-b87e-a162ae32d3b9@group-45C8E505B354-LeaderElection16 ELECTION round 0: result REJECTED
2022-08-08 17:31:27,999 [f64dc5e8-62f3-4def-b87e-a162ae32d3b9@group-45C8E505B354-LeaderElection16] INFO  server.RaftServer$Division (RaftServerImpl.java:setRole(299)) - f64dc5e8-62f3-4def-b87e-a162ae32d3b9@group-45C8E505B354: changes role from CANDIDATE to FOLLOWER at term 3 for REJECTED
2022-08-08 17:31:27,999 [f64dc5e8-62f3-4def-b87e-a162ae32d3b9@group-45C8E505B354-LeaderElection16] INFO  impl.RoleInfo (RoleInfo.java:shutdownLeaderElection(130)) - f64dc5e8-62f3-4def-b87e-a162ae32d3b9: shutdown f64dc5e8-62f3-4def-b87e-a162ae32d3b9@group-45C8E505B354-LeaderElection16
2022-08-08 17:31:27,999 [f64dc5e8-62f3-4def-b87e-a162ae32d3b9@group-45C8E505B354-LeaderElection16] INFO  impl.RoleInfo (RoleInfo.java:updateAndGet(139)) - f64dc5e8-62f3-4def-b87e-a162ae32d3b9: start f64dc5e8-62f3-4def-b87e-a162ae32d3b9@group-45C8E505B354-FollowerState
2022-08-08 17:31:28,490 [Listener at 127.0.0.1/37325] INFO  statemachine.DatanodeStateMachine (DatanodeStateMachine.java:stopDaemon(580)) - Ozone container server stopped.
2022-08-08 17:31:28,497 [ForkJoinPool.commonPool-worker-1] INFO  statemachine.DatanodeStateMachine (DatanodeStateMachine.java:stopDaemon(580)) - Ozone container server stopped.
2022-08-08 17:31:28,518 [Listener at 127.0.0.1/37325] INFO  handler.ContextHandler (ContextHandler.java:doStop(1153)) - Stopped o.e.j.w.WebAppContext@576593bd{hddsDatanode,/,null,STOPPED}{jar:file:/home/runner/.m2/repository/org/apache/ozone/hdds-container-service/1.3.0-SNAPSHOT/hdds-container-service-1.3.0-SNAPSHOT.jar!/webapps/hddsDatanode}
2022-08-08 17:31:28,525 [Listener at 127.0.0.1/37325] INFO  server.AbstractConnector (AbstractConnector.java:doStop(381)) - Stopped ServerConnector@3fecb459{HTTP/1.1, (http/1.1)}{0.0.0.0:0}
2022-08-08 17:31:28,525 [Listener at 127.0.0.1/37325] INFO  server.session (HouseKeeper.java:stopScavenging(149)) - node0 Stopped scavenging
2022-08-08 17:31:28,525 [Listener at 127.0.0.1/37325] INFO  handler.ContextHandler (ContextHandler.java:doStop(1153)) - Stopped o.e.j.s.ServletContextHandler@75ca3140{static,/static,jar:file:/home/runner/.m2/repository/org/apache/ozone/hdds-container-service/1.3.0-SNAPSHOT/hdds-container-service-1.3.0-SNAPSHOT.jar!/webapps/static,STOPPED}
2022-08-08 17:31:28,525 [Listener at 127.0.0.1/37325] INFO  handler.ContextHandler (ContextHandler.java:doStop(1153)) - Stopped o.e.j.s.ServletContextHandler@6a9b6e01{logs,/logs,file:///home/runner/work/ozone/ozone/hadoop-ozone/integration-test/target/log,STOPPED}
2022-08-08 17:31:28,525 [ForkJoinPool.commonPool-worker-1] INFO  handler.ContextHandler (ContextHandler.java:doStop(1153)) - Stopped o.e.j.w.WebAppContext@53a5b50f{hddsDatanode,/,null,STOPPED}{jar:file:/home/runner/.m2/repository/org/apache/ozone/hdds-container-service/1.3.0-SNAPSHOT/hdds-container-service-1.3.0-SNAPSHOT.jar!/webapps/hddsDatanode}
2022-08-08 17:31:28,532 [ForkJoinPool.commonPool-worker-1] INFO  server.AbstractConnector (AbstractConnector.java:doStop(381)) - Stopped ServerConnector@72ddbe12{HTTP/1.1, (http/1.1)}{0.0.0.0:0}
2022-08-08 17:31:28,533 [ForkJoinPool.commonPool-worker-1] INFO  server.session (HouseKeeper.java:stopScavenging(149)) - node0 Stopped scavenging
2022-08-08 17:31:28,534 [ForkJoinPool.commonPool-worker-1] INFO  handler.ContextHandler (ContextHandler.java:doStop(1153)) - Stopped o.e.j.s.ServletContextHandler@176cc62b{static,/static,jar:file:/home/runner/.m2/repository/org/apache/ozone/hdds-container-service/1.3.0-SNAPSHOT/hdds-container-service-1.3.0-SNAPSHOT.jar!/webapps/static,STOPPED}
2022-08-08 17:31:28,534 [ForkJoinPool.commonPool-worker-1] INFO  handler.ContextHandler (ContextHandler.java:doStop(1153)) - Stopped o.e.j.s.ServletContextHandler@19fe6f97{logs,/logs,file:///home/runner/work/ozone/ozone/hadoop-ozone/integration-test/target/log,STOPPED}
2022-08-08 17:31:28,685 [f64dc5e8-62f3-4def-b87e-a162ae32d3b9@group-32AFE4578994-FollowerState] INFO  impl.FollowerState (FollowerState.java:run(143)) - f64dc5e8-62f3-4def-b87e-a162ae32d3b9@group-32AFE4578994-FollowerState: change to CANDIDATE, lastRpcElapsedTime:7714858441ns, electionTimeout:5002ms
2022-08-08 17:31:28,685 [f64dc5e8-62f3-4def-b87e-a162ae32d3b9@group-32AFE4578994-FollowerState] INFO  impl.RoleInfo (RoleInfo.java:shutdownFollowerState(110)) - f64dc5e8-62f3-4def-b87e-a162ae32d3b9: shutdown f64dc5e8-62f3-4def-b87e-a162ae32d3b9@group-32AFE4578994-FollowerState
2022-08-08 17:31:28,685 [f64dc5e8-62f3-4def-b87e-a162ae32d3b9@group-32AFE4578994-FollowerState] INFO  server.RaftServer$Division (RaftServerImpl.java:setRole(299)) - f64dc5e8-62f3-4def-b87e-a162ae32d3b9@group-32AFE4578994: changes role from  FOLLOWER to CANDIDATE at term 6 for changeToCandidate
2022-08-08 17:31:28,685 [f64dc5e8-62f3-4def-b87e-a162ae32d3b9@group-32AFE4578994-FollowerState] INFO  server.RaftServerConfigKeys (ConfUtils.java:logGet(46)) - raft.server.leaderelection.pre-vote = false (custom)
2022-08-08 17:31:28,685 [f64dc5e8-62f3-4def-b87e-a162ae32d3b9@group-32AFE4578994-FollowerState] INFO  impl.RoleInfo (RoleInfo.java:updateAndGet(139)) - f64dc5e8-62f3-4def-b87e-a162ae32d3b9: start f64dc5e8-62f3-4def-b87e-a162ae32d3b9@group-32AFE4578994-LeaderElection17
2022-08-08 17:31:28,694 [f64dc5e8-62f3-4def-b87e-a162ae32d3b9@group-32AFE4578994-LeaderElection17] INFO  server.RaftServer$Division (ServerState.java:setLeader(287)) - f64dc5e8-62f3-4def-b87e-a162ae32d3b9@group-32AFE4578994: change Leader from 02b59665-40e6-4f54-a95c-0606f78ec7ff to null at term 6 for ELECTION
2022-08-08 17:31:28,699 [f64dc5e8-62f3-4def-b87e-a162ae32d3b9@group-32AFE4578994-LeaderElection17] INFO  impl.LeaderElection (LeaderElection.java:askForVotes(310)) - f64dc5e8-62f3-4def-b87e-a162ae32d3b9@group-32AFE4578994-LeaderElection17 ELECTION round 0: submit vote requests at term 7 for 0: [02b59665-40e6-4f54-a95c-0606f78ec7ff|rpc:10.1.0.4:36877|dataStream:|priority:1, f64dc5e8-62f3-4def-b87e-a162ae32d3b9|rpc:10.1.0.4:38901|dataStream:|priority:0, f220fda6-a22f-4438-8ee2-dd02585921dd|rpc:10.1.0.4:37777|dataStream:|priority:0], old=null
2022-08-08 17:31:28,712 [f64dc5e8-62f3-4def-b87e-a162ae32d3b9@group-32AFE4578994-LeaderElection17] INFO  impl.LeaderElection (LogUtils.java:infoOrTrace(137)) - f64dc5e8-62f3-4def-b87e-a162ae32d3b9@group-32AFE4578994-LeaderElection17 got exception when requesting votes: java.util.concurrent.ExecutionException: org.apache.ratis.thirdparty.io.grpc.StatusRuntimeException: UNAVAILABLE: io exception
2022-08-08 17:31:28,718 [f64dc5e8-62f3-4def-b87e-a162ae32d3b9@group-32AFE4578994-LeaderElection17] INFO  impl.LeaderElection (LogUtils.java:infoOrTrace(137)) - f64dc5e8-62f3-4def-b87e-a162ae32d3b9@group-32AFE4578994-LeaderElection17 got exception when requesting votes: java.util.concurrent.ExecutionException: org.apache.ratis.thirdparty.io.grpc.StatusRuntimeException: UNAVAILABLE: io exception
2022-08-08 17:31:28,718 [f64dc5e8-62f3-4def-b87e-a162ae32d3b9@group-32AFE4578994-LeaderElection17] INFO  impl.LeaderElection (LeaderElection.java:logAndReturn(90)) - f64dc5e8-62f3-4def-b87e-a162ae32d3b9@group-32AFE4578994-LeaderElection17: ELECTION REJECTED received 0 response(s) and 2 exception(s):
2022-08-08 17:31:28,718 [f64dc5e8-62f3-4def-b87e-a162ae32d3b9@group-32AFE4578994-LeaderElection17] INFO  impl.LeaderElection (LogUtils.java:infoOrTrace(137)) -   Exception 0: java.util.concurrent.ExecutionException: org.apache.ratis.thirdparty.io.grpc.StatusRuntimeException: UNAVAILABLE: io exception
2022-08-08 17:31:28,718 [f64dc5e8-62f3-4def-b87e-a162ae32d3b9@group-32AFE4578994-LeaderElection17] INFO  impl.LeaderElection (LogUtils.java:infoOrTrace(137)) -   Exception 1: java.util.concurrent.ExecutionException: org.apache.ratis.thirdparty.io.grpc.StatusRuntimeException: UNAVAILABLE: io exception
2022-08-08 17:31:28,718 [f64dc5e8-62f3-4def-b87e-a162ae32d3b9@group-32AFE4578994-LeaderElection17] INFO  impl.LeaderElection (LeaderElection.java:askForVotes(312)) - f64dc5e8-62f3-4def-b87e-a162ae32d3b9@group-32AFE4578994-LeaderElection17 ELECTION round 0: result REJECTED
2022-08-08 17:31:28,718 [f64dc5e8-62f3-4def-b87e-a162ae32d3b9@group-32AFE4578994-LeaderElection17] INFO  server.RaftServer$Division (RaftServerImpl.java:setRole(299)) - f64dc5e8-62f3-4def-b87e-a162ae32d3b9@group-32AFE4578994: changes role from CANDIDATE to FOLLOWER at term 7 for REJECTED
2022-08-08 17:31:28,718 [f64dc5e8-62f3-4def-b87e-a162ae32d3b9@group-32AFE4578994-LeaderElection17] INFO  impl.RoleInfo (RoleInfo.java:shutdownLeaderElection(130)) - f64dc5e8-62f3-4def-b87e-a162ae32d3b9: shutdown f64dc5e8-62f3-4def-b87e-a162ae32d3b9@group-32AFE4578994-LeaderElection17
2022-08-08 17:31:28,718 [f64dc5e8-62f3-4def-b87e-a162ae32d3b9@group-32AFE4578994-LeaderElection17] INFO  impl.RoleInfo (RoleInfo.java:updateAndGet(139)) - f64dc5e8-62f3-4def-b87e-a162ae32d3b9: start f64dc5e8-62f3-4def-b87e-a162ae32d3b9@group-32AFE4578994-FollowerState
2022-08-08 17:31:29,125 [UnderReplicatedQueueThreadThread] INFO  replication.UnderReplicatedProcessor (UnderReplicatedProcessor.java:processAll(85)) - Processed 0 under replicated containers, failed processing 0
2022-08-08 17:31:29,125 [OverReplicatedQueueThreadThread] INFO  replication.OverReplicatedProcessor (OverReplicatedProcessor.java:processAll(83)) - Processed 0 over replicated containers, failed processing 0
2022-08-08 17:31:33,162 [f64dc5e8-62f3-4def-b87e-a162ae32d3b9@group-45C8E505B354-FollowerState] INFO  impl.FollowerState (FollowerState.java:run(143)) - f64dc5e8-62f3-4def-b87e-a162ae32d3b9@group-45C8E505B354-FollowerState: change to CANDIDATE, lastRpcElapsedTime:5163341465ns, electionTimeout:5159ms
2022-08-08 17:31:33,162 [f64dc5e8-62f3-4def-b87e-a162ae32d3b9@group-45C8E505B354-FollowerState] INFO  impl.RoleInfo (RoleInfo.java:shutdownFollowerState(110)) - f64dc5e8-62f3-4def-b87e-a162ae32d3b9: shutdown f64dc5e8-62f3-4def-b87e-a162ae32d3b9@group-45C8E505B354-FollowerState
2022-08-08 17:31:33,162 [f64dc5e8-62f3-4def-b87e-a162ae32d3b9@group-45C8E505B354-FollowerState] INFO  server.RaftServer$Division (RaftServerImpl.java:setRole(299)) - f64dc5e8-62f3-4def-b87e-a162ae32d3b9@group-45C8E505B354: changes role from  FOLLOWER to CANDIDATE at term 3 for changeToCandidate
2022-08-08 17:31:33,162 [f64dc5e8-62f3-4def-b87e-a162ae32d3b9@group-45C8E505B354-FollowerState] INFO  server.RaftServerConfigKeys (ConfUtils.java:logGet(46)) - raft.server.leaderelection.pre-vote = false (custom)
2022-08-08 17:31:33,163 [f64dc5e8-62f3-4def-b87e-a162ae32d3b9@group-45C8E505B354-FollowerState] INFO  impl.RoleInfo (RoleInfo.java:updateAndGet(139)) - f64dc5e8-62f3-4def-b87e-a162ae32d3b9: start f64dc5e8-62f3-4def-b87e-a162ae32d3b9@group-45C8E505B354-LeaderElection18
2022-08-08 17:31:33,173 [f64dc5e8-62f3-4def-b87e-a162ae32d3b9@group-45C8E505B354-LeaderElection18] INFO  impl.LeaderElection (LeaderElection.java:askForVotes(310)) - f64dc5e8-62f3-4def-b87e-a162ae32d3b9@group-45C8E505B354-LeaderElection18 ELECTION round 0: submit vote requests at term 4 for 0: [02b59665-40e6-4f54-a95c-0606f78ec7ff|rpc:10.1.0.4:36877|dataStream:|priority:0, f64dc5e8-62f3-4def-b87e-a162ae32d3b9|rpc:10.1.0.4:38901|dataStream:|priority:0, f220fda6-a22f-4438-8ee2-dd02585921dd|rpc:10.1.0.4:37777|dataStream:|priority:1], old=null
2022-08-08 17:31:33,184 [f64dc5e8-62f3-4def-b87e-a162ae32d3b9@group-45C8E505B354-LeaderElection18] INFO  impl.LeaderElection (LogUtils.java:infoOrTrace(137)) - f64dc5e8-62f3-4def-b87e-a162ae32d3b9@group-45C8E505B354-LeaderElection18 got exception when requesting votes: java.util.concurrent.ExecutionException: org.apache.ratis.thirdparty.io.grpc.StatusRuntimeException: UNAVAILABLE: io exception
2022-08-08 17:31:33,185 [f64dc5e8-62f3-4def-b87e-a162ae32d3b9@group-45C8E505B354-LeaderElection18] INFO  impl.LeaderElection (LogUtils.java:infoOrTrace(137)) - f64dc5e8-62f3-4def-b87e-a162ae32d3b9@group-45C8E505B354-LeaderElection18 got exception when requesting votes: java.util.concurrent.ExecutionException: org.apache.ratis.thirdparty.io.grpc.StatusRuntimeException: UNAVAILABLE: io exception
2022-08-08 17:31:33,185 [f64dc5e8-62f3-4def-b87e-a162ae32d3b9@group-45C8E505B354-LeaderElection18] INFO  impl.LeaderElection (LeaderElection.java:logAndReturn(90)) - f64dc5e8-62f3-4def-b87e-a162ae32d3b9@group-45C8E505B354-LeaderElection18: ELECTION REJECTED received 0 response(s) and 2 exception(s):
2022-08-08 17:31:33,185 [f64dc5e8-62f3-4def-b87e-a162ae32d3b9@group-45C8E505B354-LeaderElection18] INFO  impl.LeaderElection (LogUtils.java:infoOrTrace(137)) -   Exception 0: java.util.concurrent.ExecutionException: org.apache.ratis.thirdparty.io.grpc.StatusRuntimeException: UNAVAILABLE: io exception
2022-08-08 17:31:33,185 [f64dc5e8-62f3-4def-b87e-a162ae32d3b9@group-45C8E505B354-LeaderElection18] INFO  impl.LeaderElection (LogUtils.java:infoOrTrace(137)) -   Exception 1: java.util.concurrent.ExecutionException: org.apache.ratis.thirdparty.io.grpc.StatusRuntimeException: UNAVAILABLE: io exception
2022-08-08 17:31:33,185 [f64dc5e8-62f3-4def-b87e-a162ae32d3b9@group-45C8E505B354-LeaderElection18] INFO  impl.LeaderElection (LeaderElection.java:askForVotes(312)) - f64dc5e8-62f3-4def-b87e-a162ae32d3b9@group-45C8E505B354-LeaderElection18 ELECTION round 0: result REJECTED
2022-08-08 17:31:33,185 [f64dc5e8-62f3-4def-b87e-a162ae32d3b9@group-45C8E505B354-LeaderElection18] INFO  server.RaftServer$Division (RaftServerImpl.java:setRole(299)) - f64dc5e8-62f3-4def-b87e-a162ae32d3b9@group-45C8E505B354: changes role from CANDIDATE to FOLLOWER at term 4 for REJECTED
2022-08-08 17:31:33,186 [f64dc5e8-62f3-4def-b87e-a162ae32d3b9@group-45C8E505B354-LeaderElection18] INFO  impl.RoleInfo (RoleInfo.java:shutdownLeaderElection(130)) - f64dc5e8-62f3-4def-b87e-a162ae32d3b9: shutdown f64dc5e8-62f3-4def-b87e-a162ae32d3b9@group-45C8E505B354-LeaderElection18
2022-08-08 17:31:33,186 [f64dc5e8-62f3-4def-b87e-a162ae32d3b9@group-45C8E505B354-LeaderElection18] INFO  impl.RoleInfo (RoleInfo.java:updateAndGet(139)) - f64dc5e8-62f3-4def-b87e-a162ae32d3b9: start f64dc5e8-62f3-4def-b87e-a162ae32d3b9@group-45C8E505B354-FollowerState
2022-08-08 17:31:33,532 [Listener at 127.0.0.1/37325] INFO  ozoneimpl.OzoneContainer (OzoneContainer.java:stop(399)) - Attempting to stop container services.
2022-08-08 17:31:33,534 [Listener at 127.0.0.1/37325] INFO  server.RaftServer (RaftServerProxy.java:lambda$close$7(398)) - d819746f-ac91-42dc-803b-6bdb8cd6e8e0: close
2022-08-08 17:31:33,534 [Listener at 127.0.0.1/37325] INFO  server.RaftServer$Division (RaftServerImpl.java:lambda$close$4(434)) - d819746f-ac91-42dc-803b-6bdb8cd6e8e0@group-4100BC640C01: shutdown
2022-08-08 17:31:33,534 [Listener at 127.0.0.1/37325] INFO  util.JmxRegister (JmxRegister.java:unregister(73)) - Successfully un-registered JMX Bean with object name Ratis:service=RaftServer,group=group-4100BC640C01,id=d819746f-ac91-42dc-803b-6bdb8cd6e8e0
2022-08-08 17:31:33,534 [Listener at 127.0.0.1/37325] INFO  impl.RoleInfo (RoleInfo.java:shutdownLeaderState(93)) - d819746f-ac91-42dc-803b-6bdb8cd6e8e0: shutdown d819746f-ac91-42dc-803b-6bdb8cd6e8e0@group-4100BC640C01-LeaderStateImpl
2022-08-08 17:31:33,535 [Listener at 127.0.0.1/37325] INFO  impl.PendingRequests (PendingRequests.java:sendNotLeaderResponses(282)) - d819746f-ac91-42dc-803b-6bdb8cd6e8e0@group-4100BC640C01-PendingRequests: sendNotLeaderResponses
2022-08-08 17:31:33,535 [Listener at 127.0.0.1/37325] INFO  impl.StateMachineUpdater (StateMachineUpdater.java:stopAndJoin(153)) - d819746f-ac91-42dc-803b-6bdb8cd6e8e0@group-4100BC640C01-StateMachineUpdater: set stopIndex = 0
2022-08-08 17:31:33,535 [d819746f-ac91-42dc-803b-6bdb8cd6e8e0@group-4100BC640C01-StateMachineUpdater] INFO  ratis.ContainerStateMachine (ContainerStateMachine.java:takeSnapshot(304)) - group-4100BC640C01: Taking a snapshot at:(t:1, i:0) file /home/runner/work/ozone/ozone/hadoop-ozone/integration-test/target/test-dir/MiniOzoneClusterImpl-51406671-1893-4796-a216-b7dfafadb542/datanode-4/data/ratis/5f83fb3f-eaee-4368-8305-4100bc640c01/sm/snapshot.1_0
2022-08-08 17:31:33,538 [d819746f-ac91-42dc-803b-6bdb8cd6e8e0@group-4100BC640C01-StateMachineUpdater] INFO  ratis.ContainerStateMachine (ContainerStateMachine.java:takeSnapshot(315)) - group-4100BC640C01: Finished taking a snapshot at:(t:1, i:0) file:/home/runner/work/ozone/ozone/hadoop-ozone/integration-test/target/test-dir/MiniOzoneClusterImpl-51406671-1893-4796-a216-b7dfafadb542/datanode-4/data/ratis/5f83fb3f-eaee-4368-8305-4100bc640c01/sm/snapshot.1_0 took: 2 ms
2022-08-08 17:31:33,538 [d819746f-ac91-42dc-803b-6bdb8cd6e8e0@group-4100BC640C01-StateMachineUpdater] INFO  impl.StateMachineUpdater (StateMachineUpdater.java:takeSnapshot(287)) - d819746f-ac91-42dc-803b-6bdb8cd6e8e0@group-4100BC640C01-StateMachineUpdater: Took a snapshot at index 0
2022-08-08 17:31:33,538 [d819746f-ac91-42dc-803b-6bdb8cd6e8e0@group-4100BC640C01-StateMachineUpdater] INFO  impl.StateMachineUpdater (StateMachineUpdater.java:lambda$new$0(92)) - d819746f-ac91-42dc-803b-6bdb8cd6e8e0@group-4100BC640C01-StateMachineUpdater: snapshotIndex: updateIncreasingly -1 -> 0
2022-08-08 17:31:33,538 [Listener at 127.0.0.1/37325] INFO  server.RaftServer$Division (ServerState.java:close(429)) - d819746f-ac91-42dc-803b-6bdb8cd6e8e0@group-4100BC640C01: closes. applyIndex: 0
2022-08-08 17:31:33,539 [d819746f-ac91-42dc-803b-6bdb8cd6e8e0@group-4100BC640C01-SegmentedRaftLogWorker] INFO  segmented.SegmentedRaftLogWorker (SegmentedRaftLogWorker.java:run(336)) - d819746f-ac91-42dc-803b-6bdb8cd6e8e0@group-4100BC640C01-SegmentedRaftLogWorker was interrupted, exiting. There are 0 tasks remaining in the queue.
2022-08-08 17:31:33,539 [Listener at 127.0.0.1/37325] INFO  segmented.SegmentedRaftLogWorker (SegmentedRaftLogWorker.java:close(246)) - d819746f-ac91-42dc-803b-6bdb8cd6e8e0@group-4100BC640C01-SegmentedRaftLogWorker close()
2022-08-08 17:31:33,540 [Listener at 127.0.0.1/37325] INFO  server.GrpcService (GrpcService.java:closeImpl(269)) - d819746f-ac91-42dc-803b-6bdb8cd6e8e0: shutdown server with port 46319 now
2022-08-08 17:31:33,541 [Listener at 127.0.0.1/37325] INFO  server.GrpcService (GrpcService.java:closeImpl(278)) - d819746f-ac91-42dc-803b-6bdb8cd6e8e0: shutdown server with port 46319 successfully
2022-08-08 17:31:33,541 [org.apache.ratis.util.JvmPauseMonitor$$Lambda$616/2073768691@5eb3d1d2] INFO  util.JvmPauseMonitor (JvmPauseMonitor.java:run(109)) - JvmPauseMonitor-d819746f-ac91-42dc-803b-6bdb8cd6e8e0: Stopped
2022-08-08 17:31:33,542 [ForkJoinPool.commonPool-worker-1] INFO  ozoneimpl.OzoneContainer (OzoneContainer.java:stop(399)) - Attempting to stop container services.
2022-08-08 17:31:33,542 [ForkJoinPool.commonPool-worker-1] INFO  server.RaftServer (RaftServerProxy.java:lambda$close$7(398)) - f64dc5e8-62f3-4def-b87e-a162ae32d3b9: close
2022-08-08 17:31:33,542 [ForkJoinPool.commonPool-worker-1] INFO  server.RaftServer$Division (RaftServerImpl.java:lambda$close$4(434)) - f64dc5e8-62f3-4def-b87e-a162ae32d3b9@group-45C8E505B354: shutdown
2022-08-08 17:31:33,543 [ForkJoinPool.commonPool-worker-1] INFO  util.JmxRegister (JmxRegister.java:unregister(73)) - Successfully un-registered JMX Bean with object name Ratis:service=RaftServer,group=group-45C8E505B354,id=f64dc5e8-62f3-4def-b87e-a162ae32d3b9
2022-08-08 17:31:33,543 [ForkJoinPool.commonPool-worker-1] INFO  impl.RoleInfo (RoleInfo.java:shutdownFollowerState(110)) - f64dc5e8-62f3-4def-b87e-a162ae32d3b9: shutdown f64dc5e8-62f3-4def-b87e-a162ae32d3b9@group-45C8E505B354-FollowerState
2022-08-08 17:31:33,543 [ForkJoinPool.commonPool-worker-1] INFO  impl.StateMachineUpdater (StateMachineUpdater.java:stopAndJoin(153)) - f64dc5e8-62f3-4def-b87e-a162ae32d3b9@group-45C8E505B354-StateMachineUpdater: set stopIndex = 43
2022-08-08 17:31:33,543 [f64dc5e8-62f3-4def-b87e-a162ae32d3b9@group-45C8E505B354-FollowerState] INFO  impl.FollowerState (FollowerState.java:run(152)) - f64dc5e8-62f3-4def-b87e-a162ae32d3b9@group-45C8E505B354-FollowerState was interrupted
2022-08-08 17:31:33,543 [f64dc5e8-62f3-4def-b87e-a162ae32d3b9@group-45C8E505B354-StateMachineUpdater] INFO  ratis.ContainerStateMachine (ContainerStateMachine.java:takeSnapshot(304)) - group-45C8E505B354: Taking a snapshot at:(t:2, i:43) file /home/runner/work/ozone/ozone/hadoop-ozone/integration-test/target/test-dir/MiniOzoneClusterImpl-51406671-1893-4796-a216-b7dfafadb542/datanode-0/data/ratis/3cee1696-830b-4191-a8cb-45c8e505b354/sm/snapshot.2_43
2022-08-08 17:31:33,544 [f64dc5e8-62f3-4def-b87e-a162ae32d3b9@group-45C8E505B354-StateMachineUpdater] INFO  ratis.ContainerStateMachine (ContainerStateMachine.java:takeSnapshot(315)) - group-45C8E505B354: Finished taking a snapshot at:(t:2, i:43) file:/home/runner/work/ozone/ozone/hadoop-ozone/integration-test/target/test-dir/MiniOzoneClusterImpl-51406671-1893-4796-a216-b7dfafadb542/datanode-0/data/ratis/3cee1696-830b-4191-a8cb-45c8e505b354/sm/snapshot.2_43 took: 1 ms
2022-08-08 17:31:33,544 [f64dc5e8-62f3-4def-b87e-a162ae32d3b9@group-45C8E505B354-StateMachineUpdater] INFO  impl.StateMachineUpdater (StateMachineUpdater.java:takeSnapshot(287)) - f64dc5e8-62f3-4def-b87e-a162ae32d3b9@group-45C8E505B354-StateMachineUpdater: Took a snapshot at index 43
2022-08-08 17:31:33,544 [f64dc5e8-62f3-4def-b87e-a162ae32d3b9@group-45C8E505B354-StateMachineUpdater] INFO  impl.StateMachineUpdater (StateMachineUpdater.java:lambda$new$0(92)) - f64dc5e8-62f3-4def-b87e-a162ae32d3b9@group-45C8E505B354-StateMachineUpdater: snapshotIndex: updateIncreasingly -1 -> 43
2022-08-08 17:31:33,545 [ForkJoinPool.commonPool-worker-1] INFO  server.RaftServer$Division (ServerState.java:close(429)) - f64dc5e8-62f3-4def-b87e-a162ae32d3b9@group-45C8E505B354: closes. applyIndex: 43
2022-08-08 17:31:33,547 [f64dc5e8-62f3-4def-b87e-a162ae32d3b9@group-45C8E505B354-SegmentedRaftLogWorker] INFO  segmented.SegmentedRaftLogWorker (SegmentedRaftLogWorker.java:run(336)) - f64dc5e8-62f3-4def-b87e-a162ae32d3b9@group-45C8E505B354-SegmentedRaftLogWorker was interrupted, exiting. There are 0 tasks remaining in the queue.
2022-08-08 17:31:33,547 [ForkJoinPool.commonPool-worker-1] INFO  segmented.SegmentedRaftLogWorker (SegmentedRaftLogWorker.java:close(246)) - f64dc5e8-62f3-4def-b87e-a162ae32d3b9@group-45C8E505B354-SegmentedRaftLogWorker close()
2022-08-08 17:31:33,549 [ForkJoinPool.commonPool-worker-1] INFO  server.RaftServer$Division (RaftServerImpl.java:lambda$close$4(434)) - f64dc5e8-62f3-4def-b87e-a162ae32d3b9@group-32AFE4578994: shutdown
2022-08-08 17:31:33,549 [ForkJoinPool.commonPool-worker-1] INFO  util.JmxRegister (JmxRegister.java:unregister(73)) - Successfully un-registered JMX Bean with object name Ratis:service=RaftServer,group=group-32AFE4578994,id=f64dc5e8-62f3-4def-b87e-a162ae32d3b9
2022-08-08 17:31:33,549 [ForkJoinPool.commonPool-worker-1] INFO  impl.RoleInfo (RoleInfo.java:shutdownFollowerState(110)) - f64dc5e8-62f3-4def-b87e-a162ae32d3b9: shutdown f64dc5e8-62f3-4def-b87e-a162ae32d3b9@group-32AFE4578994-FollowerState
2022-08-08 17:31:33,549 [ForkJoinPool.commonPool-worker-1] INFO  impl.StateMachineUpdater (StateMachineUpdater.java:stopAndJoin(153)) - f64dc5e8-62f3-4def-b87e-a162ae32d3b9@group-32AFE4578994-StateMachineUpdater: set stopIndex = 0
2022-08-08 17:31:33,549 [f64dc5e8-62f3-4def-b87e-a162ae32d3b9@group-32AFE4578994-FollowerState] INFO  impl.FollowerState (FollowerState.java:run(152)) - f64dc5e8-62f3-4def-b87e-a162ae32d3b9@group-32AFE4578994-FollowerState was interrupted
2022-08-08 17:31:33,549 [f64dc5e8-62f3-4def-b87e-a162ae32d3b9@group-32AFE4578994-StateMachineUpdater] INFO  ratis.ContainerStateMachine (ContainerStateMachine.java:takeSnapshot(304)) - group-32AFE4578994: Taking a snapshot at:(t:6, i:0) file /home/runner/work/ozone/ozone/hadoop-ozone/integration-test/target/test-dir/MiniOzoneClusterImpl-51406671-1893-4796-a216-b7dfafadb542/datanode-0/data/ratis/86a0b168-ca13-43f9-b32a-32afe4578994/sm/snapshot.6_0
2022-08-08 17:31:33,554 [f64dc5e8-62f3-4def-b87e-a162ae32d3b9@group-32AFE4578994-StateMachineUpdater] INFO  ratis.ContainerStateMachine (ContainerStateMachine.java:takeSnapshot(315)) - group-32AFE4578994: Finished taking a snapshot at:(t:6, i:0) file:/home/runner/work/ozone/ozone/hadoop-ozone/integration-test/target/test-dir/MiniOzoneClusterImpl-51406671-1893-4796-a216-b7dfafadb542/datanode-0/data/ratis/86a0b168-ca13-43f9-b32a-32afe4578994/sm/snapshot.6_0 took: 4 ms
2022-08-08 17:31:33,554 [f64dc5e8-62f3-4def-b87e-a162ae32d3b9@group-32AFE4578994-StateMachineUpdater] INFO  impl.StateMachineUpdater (StateMachineUpdater.java:takeSnapshot(287)) - f64dc5e8-62f3-4def-b87e-a162ae32d3b9@group-32AFE4578994-StateMachineUpdater: Took a snapshot at index 0
2022-08-08 17:31:33,554 [f64dc5e8-62f3-4def-b87e-a162ae32d3b9@group-32AFE4578994-StateMachineUpdater] INFO  impl.StateMachineUpdater (StateMachineUpdater.java:lambda$new$0(92)) - f64dc5e8-62f3-4def-b87e-a162ae32d3b9@group-32AFE4578994-StateMachineUpdater: snapshotIndex: updateIncreasingly -1 -> 0
2022-08-08 17:31:33,555 [ForkJoinPool.commonPool-worker-1] INFO  server.RaftServer$Division (ServerState.java:close(429)) - f64dc5e8-62f3-4def-b87e-a162ae32d3b9@group-32AFE4578994: closes. applyIndex: 0
2022-08-08 17:31:33,555 [f64dc5e8-62f3-4def-b87e-a162ae32d3b9@group-32AFE4578994-SegmentedRaftLogWorker] INFO  segmented.SegmentedRaftLogWorker (SegmentedRaftLogWorker.java:run(336)) - f64dc5e8-62f3-4def-b87e-a162ae32d3b9@group-32AFE4578994-SegmentedRaftLogWorker was interrupted, exiting. There are 0 tasks remaining in the queue.
2022-08-08 17:31:33,555 [ForkJoinPool.commonPool-worker-1] INFO  segmented.SegmentedRaftLogWorker (SegmentedRaftLogWorker.java:close(246)) - f64dc5e8-62f3-4def-b87e-a162ae32d3b9@group-32AFE4578994-SegmentedRaftLogWorker close()
2022-08-08 17:31:33,556 [ForkJoinPool.commonPool-worker-1] INFO  server.RaftServer$Division (RaftServerImpl.java:lambda$close$4(434)) - f64dc5e8-62f3-4def-b87e-a162ae32d3b9@group-896C7BA0313E: shutdown
2022-08-08 17:31:33,556 [ForkJoinPool.commonPool-worker-1] INFO  util.JmxRegister (JmxRegister.java:unregister(73)) - Successfully un-registered JMX Bean with object name Ratis:service=RaftServer,group=group-896C7BA0313E,id=f64dc5e8-62f3-4def-b87e-a162ae32d3b9
2022-08-08 17:31:33,556 [ForkJoinPool.commonPool-worker-1] INFO  impl.RoleInfo (RoleInfo.java:shutdownLeaderState(93)) - f64dc5e8-62f3-4def-b87e-a162ae32d3b9: shutdown f64dc5e8-62f3-4def-b87e-a162ae32d3b9@group-896C7BA0313E-LeaderStateImpl
2022-08-08 17:31:33,557 [ForkJoinPool.commonPool-worker-1] INFO  impl.PendingRequests (PendingRequests.java:sendNotLeaderResponses(282)) - f64dc5e8-62f3-4def-b87e-a162ae32d3b9@group-896C7BA0313E-PendingRequests: sendNotLeaderResponses
2022-08-08 17:31:33,557 [f64dc5e8-62f3-4def-b87e-a162ae32d3b9@group-896C7BA0313E-StateMachineUpdater] INFO  ratis.ContainerStateMachine (ContainerStateMachine.java:takeSnapshot(304)) - group-896C7BA0313E: Taking a snapshot at:(t:1, i:0) file /home/runner/work/ozone/ozone/hadoop-ozone/integration-test/target/test-dir/MiniOzoneClusterImpl-51406671-1893-4796-a216-b7dfafadb542/datanode-0/data/ratis/5800f117-7fe0-48ac-a266-896c7ba0313e/sm/snapshot.1_0
2022-08-08 17:31:33,557 [ForkJoinPool.commonPool-worker-1] INFO  impl.StateMachineUpdater (StateMachineUpdater.java:stopAndJoin(153)) - f64dc5e8-62f3-4def-b87e-a162ae32d3b9@group-896C7BA0313E-StateMachineUpdater: set stopIndex = 0
2022-08-08 17:31:33,559 [f64dc5e8-62f3-4def-b87e-a162ae32d3b9@group-896C7BA0313E-StateMachineUpdater] INFO  ratis.ContainerStateMachine (ContainerStateMachine.java:takeSnapshot(315)) - group-896C7BA0313E: Finished taking a snapshot at:(t:1, i:0) file:/home/runner/work/ozone/ozone/hadoop-ozone/integration-test/target/test-dir/MiniOzoneClusterImpl-51406671-1893-4796-a216-b7dfafadb542/datanode-0/data/ratis/5800f117-7fe0-48ac-a266-896c7ba0313e/sm/snapshot.1_0 took: 3 ms
2022-08-08 17:31:33,560 [f64dc5e8-62f3-4def-b87e-a162ae32d3b9@group-896C7BA0313E-StateMachineUpdater] INFO  impl.StateMachineUpdater (StateMachineUpdater.java:takeSnapshot(287)) - f64dc5e8-62f3-4def-b87e-a162ae32d3b9@group-896C7BA0313E-StateMachineUpdater: Took a snapshot at index 0
2022-08-08 17:31:33,560 [f64dc5e8-62f3-4def-b87e-a162ae32d3b9@group-896C7BA0313E-StateMachineUpdater] INFO  impl.StateMachineUpdater (StateMachineUpdater.java:lambda$new$0(92)) - f64dc5e8-62f3-4def-b87e-a162ae32d3b9@group-896C7BA0313E-StateMachineUpdater: snapshotIndex: updateIncreasingly -1 -> 0
2022-08-08 17:31:33,560 [ForkJoinPool.commonPool-worker-1] INFO  server.RaftServer$Division (ServerState.java:close(429)) - f64dc5e8-62f3-4def-b87e-a162ae32d3b9@group-896C7BA0313E: closes. applyIndex: 0
2022-08-08 17:31:33,560 [f64dc5e8-62f3-4def-b87e-a162ae32d3b9@group-896C7BA0313E-SegmentedRaftLogWorker] INFO  segmented.SegmentedRaftLogWorker (SegmentedRaftLogWorker.java:run(336)) - f64dc5e8-62f3-4def-b87e-a162ae32d3b9@group-896C7BA0313E-SegmentedRaftLogWorker was interrupted, exiting. There are 0 tasks remaining in the queue.
2022-08-08 17:31:33,560 [ForkJoinPool.commonPool-worker-1] INFO  segmented.SegmentedRaftLogWorker (SegmentedRaftLogWorker.java:close(246)) - f64dc5e8-62f3-4def-b87e-a162ae32d3b9@group-896C7BA0313E-SegmentedRaftLogWorker close()
2022-08-08 17:31:33,567 [ForkJoinPool.commonPool-worker-1] INFO  server.GrpcService (GrpcService.java:closeImpl(269)) - f64dc5e8-62f3-4def-b87e-a162ae32d3b9: shutdown server with port 38901 now
2022-08-08 17:31:33,568 [ForkJoinPool.commonPool-worker-1] INFO  server.GrpcService (GrpcService.java:closeImpl(278)) - f64dc5e8-62f3-4def-b87e-a162ae32d3b9: shutdown server with port 38901 successfully
2022-08-08 17:31:33,568 [org.apache.ratis.util.JvmPauseMonitor$$Lambda$616/2073768691@7c159592] INFO  util.JvmPauseMonitor (JvmPauseMonitor.java:run(109)) - JvmPauseMonitor-f64dc5e8-62f3-4def-b87e-a162ae32d3b9: Stopped
2022-08-08 17:31:35,564 [Listener at 127.0.0.1/37325] INFO  utils.BackgroundService (BackgroundService.java:shutdown(141)) - Shutting down service BlockDeletingService
2022-08-08 17:31:35,565 [Listener at 127.0.0.1/37325] INFO  utils.BackgroundService (BackgroundService.java:shutdown(141)) - Shutting down service StaleRecoveringContainerScrubbingService
2022-08-08 17:31:35,589 [ForkJoinPool.commonPool-worker-1] INFO  utils.BackgroundService (BackgroundService.java:shutdown(141)) - Shutting down service BlockDeletingService
2022-08-08 17:31:35,589 [ForkJoinPool.commonPool-worker-1] INFO  utils.BackgroundService (BackgroundService.java:shutdown(141)) - Shutting down service StaleRecoveringContainerScrubbingService
2022-08-08 17:31:38,572 [Listener at 127.0.0.1/37325] INFO  statemachine.DatanodeStateMachine (DatanodeStateMachine.java:stopDaemon(580)) - Ozone container server stopped.
2022-08-08 17:31:38,582 [Listener at 127.0.0.1/37325] INFO  handler.ContextHandler (ContextHandler.java:doStop(1153)) - Stopped o.e.j.w.WebAppContext@608d49c8{hddsDatanode,/,null,STOPPED}{jar:file:/home/runner/.m2/repository/org/apache/ozone/hdds-container-service/1.3.0-SNAPSHOT/hdds-container-service-1.3.0-SNAPSHOT.jar!/webapps/hddsDatanode}
2022-08-08 17:31:38,583 [Listener at 127.0.0.1/37325] INFO  server.AbstractConnector (AbstractConnector.java:doStop(381)) - Stopped ServerConnector@4a822518{HTTP/1.1, (http/1.1)}{0.0.0.0:0}
2022-08-08 17:31:38,583 [Listener at 127.0.0.1/37325] INFO  server.session (HouseKeeper.java:stopScavenging(149)) - node0 Stopped scavenging
2022-08-08 17:31:38,585 [Listener at 127.0.0.1/37325] INFO  handler.ContextHandler (ContextHandler.java:doStop(1153)) - Stopped o.e.j.s.ServletContextHandler@740f7490{static,/static,jar:file:/home/runner/.m2/repository/org/apache/ozone/hdds-container-service/1.3.0-SNAPSHOT/hdds-container-service-1.3.0-SNAPSHOT.jar!/webapps/static,STOPPED}
2022-08-08 17:31:38,586 [Listener at 127.0.0.1/37325] INFO  handler.ContextHandler (ContextHandler.java:doStop(1153)) - Stopped o.e.j.s.ServletContextHandler@4d0e17ed{logs,/logs,file:///home/runner/work/ozone/ozone/hadoop-ozone/integration-test/target/log,STOPPED}
2022-08-08 17:31:38,599 [ForkJoinPool.commonPool-worker-1] INFO  statemachine.DatanodeStateMachine (DatanodeStateMachine.java:stopDaemon(580)) - Ozone container server stopped.
2022-08-08 17:31:38,618 [ForkJoinPool.commonPool-worker-1] INFO  handler.ContextHandler (ContextHandler.java:doStop(1153)) - Stopped o.e.j.w.WebAppContext@4dcc1625{hddsDatanode,/,null,STOPPED}{jar:file:/home/runner/.m2/repository/org/apache/ozone/hdds-container-service/1.3.0-SNAPSHOT/hdds-container-service-1.3.0-SNAPSHOT.jar!/webapps/hddsDatanode}
2022-08-08 17:31:38,619 [ForkJoinPool.commonPool-worker-1] INFO  server.AbstractConnector (AbstractConnector.java:doStop(381)) - Stopped ServerConnector@625b827b{HTTP/1.1, (http/1.1)}{0.0.0.0:0}
2022-08-08 17:31:38,619 [ForkJoinPool.commonPool-worker-1] INFO  server.session (HouseKeeper.java:stopScavenging(149)) - node0 Stopped scavenging
2022-08-08 17:31:38,631 [ForkJoinPool.commonPool-worker-1] INFO  handler.ContextHandler (ContextHandler.java:doStop(1153)) - Stopped o.e.j.s.ServletContextHandler@5c374b46{static,/static,jar:file:/home/runner/.m2/repository/org/apache/ozone/hdds-container-service/1.3.0-SNAPSHOT/hdds-container-service-1.3.0-SNAPSHOT.jar!/webapps/static,STOPPED}
2022-08-08 17:31:38,631 [ForkJoinPool.commonPool-worker-1] INFO  handler.ContextHandler (ContextHandler.java:doStop(1153)) - Stopped o.e.j.s.ServletContextHandler@fb8adcf{logs,/logs,file:///home/runner/work/ozone/ozone/hadoop-ozone/integration-test/target/log,STOPPED}
2022-08-08 17:31:43,595 [Listener at 127.0.0.1/37325] INFO  ozoneimpl.OzoneContainer (OzoneContainer.java:stop(399)) - Attempting to stop container services.
2022-08-08 17:31:43,596 [Listener at 127.0.0.1/37325] INFO  server.RaftServer (RaftServerProxy.java:lambda$close$7(398)) - f7aacf51-5793-4fef-8f84-f2340b06749c: close
2022-08-08 17:31:43,596 [Listener at 127.0.0.1/37325] INFO  server.RaftServer$Division (RaftServerImpl.java:lambda$close$4(434)) - f7aacf51-5793-4fef-8f84-f2340b06749c@group-581E282F9161: shutdown
2022-08-08 17:31:43,596 [Listener at 127.0.0.1/37325] INFO  util.JmxRegister (JmxRegister.java:unregister(73)) - Successfully un-registered JMX Bean with object name Ratis:service=RaftServer,group=group-581E282F9161,id=f7aacf51-5793-4fef-8f84-f2340b06749c
2022-08-08 17:31:43,596 [Listener at 127.0.0.1/37325] INFO  impl.RoleInfo (RoleInfo.java:shutdownLeaderState(93)) - f7aacf51-5793-4fef-8f84-f2340b06749c: shutdown f7aacf51-5793-4fef-8f84-f2340b06749c@group-581E282F9161-LeaderStateImpl
2022-08-08 17:31:43,597 [Listener at 127.0.0.1/37325] INFO  impl.PendingRequests (PendingRequests.java:sendNotLeaderResponses(282)) - f7aacf51-5793-4fef-8f84-f2340b06749c@group-581E282F9161-PendingRequests: sendNotLeaderResponses
2022-08-08 17:31:43,597 [Listener at 127.0.0.1/37325] INFO  impl.StateMachineUpdater (StateMachineUpdater.java:stopAndJoin(153)) - f7aacf51-5793-4fef-8f84-f2340b06749c@group-581E282F9161-StateMachineUpdater: set stopIndex = 0
2022-08-08 17:31:43,597 [f7aacf51-5793-4fef-8f84-f2340b06749c@group-581E282F9161-StateMachineUpdater] INFO  ratis.ContainerStateMachine (ContainerStateMachine.java:takeSnapshot(304)) - group-581E282F9161: Taking a snapshot at:(t:1, i:0) file /home/runner/work/ozone/ozone/hadoop-ozone/integration-test/target/test-dir/MiniOzoneClusterImpl-51406671-1893-4796-a216-b7dfafadb542/datanode-3/data/ratis/8695c4e4-165d-4a47-bca0-581e282f9161/sm/snapshot.1_0
2022-08-08 17:31:43,606 [f7aacf51-5793-4fef-8f84-f2340b06749c@group-581E282F9161-StateMachineUpdater] INFO  ratis.ContainerStateMachine (ContainerStateMachine.java:takeSnapshot(315)) - group-581E282F9161: Finished taking a snapshot at:(t:1, i:0) file:/home/runner/work/ozone/ozone/hadoop-ozone/integration-test/target/test-dir/MiniOzoneClusterImpl-51406671-1893-4796-a216-b7dfafadb542/datanode-3/data/ratis/8695c4e4-165d-4a47-bca0-581e282f9161/sm/snapshot.1_0 took: 8 ms
2022-08-08 17:31:43,606 [f7aacf51-5793-4fef-8f84-f2340b06749c@group-581E282F9161-StateMachineUpdater] INFO  impl.StateMachineUpdater (StateMachineUpdater.java:takeSnapshot(287)) - f7aacf51-5793-4fef-8f84-f2340b06749c@group-581E282F9161-StateMachineUpdater: Took a snapshot at index 0
2022-08-08 17:31:43,606 [f7aacf51-5793-4fef-8f84-f2340b06749c@group-581E282F9161-StateMachineUpdater] INFO  impl.StateMachineUpdater (StateMachineUpdater.java:lambda$new$0(92)) - f7aacf51-5793-4fef-8f84-f2340b06749c@group-581E282F9161-StateMachineUpdater: snapshotIndex: updateIncreasingly -1 -> 0
2022-08-08 17:31:43,606 [Listener at 127.0.0.1/37325] INFO  server.RaftServer$Division (ServerState.java:close(429)) - f7aacf51-5793-4fef-8f84-f2340b06749c@group-581E282F9161: closes. applyIndex: 0
2022-08-08 17:31:43,607 [f7aacf51-5793-4fef-8f84-f2340b06749c@group-581E282F9161-SegmentedRaftLogWorker] INFO  segmented.SegmentedRaftLogWorker (SegmentedRaftLogWorker.java:run(336)) - f7aacf51-5793-4fef-8f84-f2340b06749c@group-581E282F9161-SegmentedRaftLogWorker was interrupted, exiting. There are 0 tasks remaining in the queue.
2022-08-08 17:31:43,607 [Listener at 127.0.0.1/37325] INFO  segmented.SegmentedRaftLogWorker (SegmentedRaftLogWorker.java:close(246)) - f7aacf51-5793-4fef-8f84-f2340b06749c@group-581E282F9161-SegmentedRaftLogWorker close()
2022-08-08 17:31:43,608 [Listener at 127.0.0.1/37325] INFO  server.GrpcService (GrpcService.java:closeImpl(269)) - f7aacf51-5793-4fef-8f84-f2340b06749c: shutdown server with port 41927 now
2022-08-08 17:31:43,610 [Listener at 127.0.0.1/37325] INFO  server.GrpcService (GrpcService.java:closeImpl(278)) - f7aacf51-5793-4fef-8f84-f2340b06749c: shutdown server with port 41927 successfully
2022-08-08 17:31:43,610 [org.apache.ratis.util.JvmPauseMonitor$$Lambda$616/2073768691@20a9ce5e] INFO  util.JvmPauseMonitor (JvmPauseMonitor.java:run(109)) - JvmPauseMonitor-f7aacf51-5793-4fef-8f84-f2340b06749c: Stopped
2022-08-08 17:31:45,629 [Listener at 127.0.0.1/37325] INFO  utils.BackgroundService (BackgroundService.java:shutdown(141)) - Shutting down service BlockDeletingService
2022-08-08 17:31:45,631 [Listener at 127.0.0.1/37325] INFO  utils.BackgroundService (BackgroundService.java:shutdown(141)) - Shutting down service StaleRecoveringContainerScrubbingService
2022-08-08 17:31:48,633 [Listener at 127.0.0.1/37325] INFO  statemachine.DatanodeStateMachine (DatanodeStateMachine.java:stopDaemon(580)) - Ozone container server stopped.
2022-08-08 17:31:48,642 [Listener at 127.0.0.1/37325] INFO  handler.ContextHandler (ContextHandler.java:doStop(1153)) - Stopped o.e.j.w.WebAppContext@3acd599d{hddsDatanode,/,null,STOPPED}{jar:file:/home/runner/.m2/repository/org/apache/ozone/hdds-container-service/1.3.0-SNAPSHOT/hdds-container-service-1.3.0-SNAPSHOT.jar!/webapps/hddsDatanode}
2022-08-08 17:31:48,643 [Listener at 127.0.0.1/37325] INFO  server.AbstractConnector (AbstractConnector.java:doStop(381)) - Stopped ServerConnector@22c15ebc{HTTP/1.1, (http/1.1)}{0.0.0.0:0}
2022-08-08 17:31:48,643 [Listener at 127.0.0.1/37325] INFO  server.session (HouseKeeper.java:stopScavenging(149)) - node0 Stopped scavenging
2022-08-08 17:31:48,643 [Listener at 127.0.0.1/37325] INFO  handler.ContextHandler (ContextHandler.java:doStop(1153)) - Stopped o.e.j.s.ServletContextHandler@24cf094d{static,/static,jar:file:/home/runner/.m2/repository/org/apache/ozone/hdds-container-service/1.3.0-SNAPSHOT/hdds-container-service-1.3.0-SNAPSHOT.jar!/webapps/static,STOPPED}
2022-08-08 17:31:48,644 [Listener at 127.0.0.1/37325] INFO  handler.ContextHandler (ContextHandler.java:doStop(1153)) - Stopped o.e.j.s.ServletContextHandler@5db07ad9{logs,/logs,file:///home/runner/work/ozone/ozone/hadoop-ozone/integration-test/target/log,STOPPED}
2022-08-08 17:31:48,661 [Listener at 127.0.0.1/37325] INFO  ozone.MiniOzoneClusterImpl (MiniOzoneClusterImpl.java:stopSCM(537)) - Stopping the StorageContainerManager
2022-08-08 17:31:48,661 [Listener at 127.0.0.1/37325] INFO  server.StorageContainerManager (StorageContainerManager.java:stop(1552)) - Container Balancer is not running.
2022-08-08 17:31:48,661 [Listener at 127.0.0.1/37325] INFO  server.StorageContainerManager (StorageContainerManager.java:stop(1559)) - Stopping Replication Manager Service.
2022-08-08 17:31:48,661 [Listener at 127.0.0.1/37325] INFO  replication.ReplicationManager (ReplicationManager.java:stop(233)) - Stopping Replication Monitor Thread.
2022-08-08 17:31:48,662 [Listener at 127.0.0.1/37325] INFO  server.StorageContainerManager (StorageContainerManager.java:stop(1566)) - Stopping the Datanode Admin Monitor.
2022-08-08 17:31:48,662 [Listener at 127.0.0.1/37325] INFO  server.StorageContainerManager (StorageContainerManager.java:stop(1573)) - Stopping Lease Manager of the command watchers
2022-08-08 17:31:48,662 [Listener at 127.0.0.1/37325] INFO  server.StorageContainerManager (StorageContainerManager.java:stop(1580)) - Stopping datanode service RPC server
2022-08-08 17:31:48,662 [Listener at 127.0.0.1/37325] INFO  server.SCMDatanodeProtocolServer (SCMDatanodeProtocolServer.java:stop(414)) - Stopping the RPC server for DataNodes
2022-08-08 17:31:48,662 [Listener at 127.0.0.1/37325] INFO  ipc.Server (Server.java:stop(3414)) - Stopping server on 46441
2022-08-08 17:31:48,665 [ReplicationMonitor] INFO  replication.ReplicationManager (ReplicationManager.java:run(466)) - Replication Monitor Thread is stopped
2022-08-08 17:31:48,678 [IPC Server listener on 0] INFO  ipc.Server (Server.java:run(1376)) - Stopping IPC Server listener on 0
2022-08-08 17:31:48,678 [IPC Server Responder] INFO  ipc.Server (Server.java:run(1512)) - Stopping IPC Server Responder
2022-08-08 17:31:48,753 [SCM Heartbeat Processing Thread - 0] WARN  node.NodeStateManager (NodeStateManager.java:scheduleNextHealthCheck(870)) - Current Thread is interrupted, shutting down HB processing thread for Node Manager.
2022-08-08 17:31:48,753 [Listener at 127.0.0.1/37325] INFO  server.StorageContainerManager (StorageContainerManager.java:stop(1588)) - Stopping block service RPC server
2022-08-08 17:31:48,753 [Listener at 127.0.0.1/37325] INFO  server.SCMBlockProtocolServer (SCMBlockProtocolServer.java:stop(161)) - Stopping the RPC server for Block Protocol
2022-08-08 17:31:48,753 [Listener at 127.0.0.1/37325] INFO  ipc.Server (Server.java:stop(3414)) - Stopping server on 35903
2022-08-08 17:31:48,759 [IPC Server Responder] INFO  ipc.Server (Server.java:run(1512)) - Stopping IPC Server Responder
2022-08-08 17:31:48,759 [Listener at 127.0.0.1/37325] INFO  server.StorageContainerManager (StorageContainerManager.java:stop(1595)) - Stopping the StorageContainerLocationProtocol RPC server
2022-08-08 17:31:48,759 [Listener at 127.0.0.1/37325] INFO  server.SCMClientProtocolServer (SCMClientProtocolServer.java:stop(179)) - Stopping the RPC server for Client Protocol
2022-08-08 17:31:48,759 [Listener at 127.0.0.1/37325] INFO  ipc.Server (Server.java:stop(3414)) - Stopping server on 36553
2022-08-08 17:31:48,760 [IPC Server listener on 0] INFO  ipc.Server (Server.java:run(1376)) - Stopping IPC Server listener on 0
2022-08-08 17:31:48,761 [Listener at 127.0.0.1/37325] INFO  server.StorageContainerManager (StorageContainerManager.java:stop(1602)) - Stopping Storage Container Manager HTTP server.
2022-08-08 17:31:48,762 [Listener at 127.0.0.1/37325] INFO  handler.ContextHandler (ContextHandler.java:doStop(1153)) - Stopped o.e.j.w.WebAppContext@19834eb7{scm,/,null,STOPPED}{file:/home/runner/work/ozone/ozone/hadoop-ozone/integration-test/target/test-classes/webapps/scm}
2022-08-08 17:31:48,762 [IPC Server Responder] INFO  ipc.Server (Server.java:run(1512)) - Stopping IPC Server Responder
2022-08-08 17:31:48,762 [IPC Server listener on 0] INFO  ipc.Server (Server.java:run(1376)) - Stopping IPC Server listener on 0
2022-08-08 17:31:48,763 [Listener at 127.0.0.1/37325] INFO  server.AbstractConnector (AbstractConnector.java:doStop(381)) - Stopped ServerConnector@48d14ea0{HTTP/1.1, (http/1.1)}{0.0.0.0:0}
2022-08-08 17:31:48,763 [Listener at 127.0.0.1/37325] INFO  server.session (HouseKeeper.java:stopScavenging(149)) - node0 Stopped scavenging
2022-08-08 17:31:48,767 [Listener at 127.0.0.1/37325] INFO  handler.ContextHandler (ContextHandler.java:doStop(1153)) - Stopped o.e.j.s.ServletContextHandler@58b30e3e{static,/static,file:///home/runner/work/ozone/ozone/hadoop-ozone/integration-test/target/test-classes/webapps/static,STOPPED}
2022-08-08 17:31:48,767 [Listener at 127.0.0.1/37325] INFO  handler.ContextHandler (ContextHandler.java:doStop(1153)) - Stopped o.e.j.s.ServletContextHandler@429dde4d{logs,/logs,file:///home/runner/work/ozone/ozone/hadoop-ozone/integration-test/target/log,STOPPED}
2022-08-08 17:31:48,768 [Listener at 127.0.0.1/37325] INFO  server.StorageContainerManager (StorageContainerManager.java:stop(1613)) - Stopping Block Manager Service.
2022-08-08 17:31:48,768 [Listener at 127.0.0.1/37325] INFO  utils.BackgroundService (BackgroundService.java:shutdown(141)) - Shutting down service SCMBlockDeletingService
2022-08-08 17:31:48,769 [Listener at 127.0.0.1/37325] INFO  utils.BackgroundService (BackgroundService.java:shutdown(141)) - Shutting down service SCMBlockDeletingService
2022-08-08 17:31:48,769 [Listener at 127.0.0.1/37325] INFO  server.StorageContainerManager (StorageContainerManager.java:stop(1640)) - Stopping SCM Event Queue.
2022-08-08 17:31:48,774 [Listener at 127.0.0.1/37325] INFO  server.StorageContainerManager (StorageContainerManager.java:stop(1651)) - Stopping SCM HA services.
2022-08-08 17:31:48,774 [Listener at 127.0.0.1/37325] INFO  pipeline.BackgroundPipelineCreator (BackgroundPipelineCreator.java:stop(149)) - Stopping RatisPipelineUtilsThread.
2022-08-08 17:31:48,774 [RatisPipelineUtilsThread - 0] WARN  pipeline.BackgroundPipelineCreator (BackgroundPipelineCreator.java:run(180)) - RatisPipelineUtilsThread is interrupted.
2022-08-08 17:31:48,775 [Listener at 127.0.0.1/37325] INFO  BackgroundPipelineScrubber (BackgroundSCMService.java:stop(131)) - Stopping BackgroundPipelineScrubber Service.
2022-08-08 17:31:48,775 [BackgroundPipelineScrubberThread] WARN  BackgroundPipelineScrubber (BackgroundSCMService.java:run(115)) - BackgroundPipelineScrubber is interrupted, exit
2022-08-08 17:31:48,775 [Listener at 127.0.0.1/37325] INFO  server.StorageContainerManager (StorageContainerManager.java:stop(1661)) - Stopping SCM MetadataStore.
2022-08-08 17:31:48,779 [Listener at 127.0.0.1/37325] INFO  impl.MetricsSystemImpl (MetricsSystemImpl.java:stop(210)) - Stopping XceiverClientMetrics metrics system...
2022-08-08 17:31:48,785 [prometheus] INFO  impl.MetricsSinkAdapter (MetricsSinkAdapter.java:publishMetricsFromQueue(141)) - prometheus thread interrupted.
2022-08-08 17:31:48,797 [Listener at 127.0.0.1/37325] INFO  impl.MetricsSystemImpl (MetricsSystemImpl.java:stop(216)) - XceiverClientMetrics metrics system stopped.
2022-08-08 17:31:49,046 [Listener at 127.0.0.1/37325] WARN  server.ServerUtils (ServerUtils.java:getScmDbDir(148)) - ozone.scm.db.dirs is not configured. We recommend adding this setting. Falling back to ozone.metadata.dirs instead.
2022-08-08 17:31:49,054 [Listener at 127.0.0.1/37325] WARN  server.ServerUtils (ServerUtils.java:getScmDbDir(148)) - ozone.scm.db.dirs is not configured. We recommend adding this setting. Falling back to ozone.metadata.dirs instead.
2022-08-08 17:31:49,055 [Listener at 127.0.0.1/37325] INFO  ha.SCMHANodeDetails (SCMHANodeDetails.java:loadSCMHAConfig(209)) - ServiceID for StorageContainerManager is null
2022-08-08 17:31:49,055 [Listener at 127.0.0.1/37325] INFO  ha.SCMHANodeDetails (SCMHANodeDetails.java:loadSCMHAConfig(214)) - ozone.scm.default.service.id is not defined, falling back to ozone.scm.service.ids to find serviceID for StorageContainerManager if it is HA enabled cluster
2022-08-08 17:31:49,055 [Listener at 127.0.0.1/37325] WARN  utils.HAUtils (HAUtils.java:getMetaDir(342)) - ozone.scm.db.dirs is not configured. We recommend adding this setting. Falling back to ozone.metadata.dirs instead.
2022-08-08 17:31:49,056 [Listener at 127.0.0.1/37325] WARN  db.DBStoreBuilder (DBStoreBuilder.java:applyDBDefinition(146)) - ozone.scm.db.dirs is not configured. We recommend adding this setting. Falling back to ozone.metadata.dirs instead.
2022-08-08 17:31:49,300 [Listener at 127.0.0.1/37325] INFO  net.NodeSchemaLoader (NodeSchemaLoader.java:loadSchemaFromFile(129)) - Loading schema from [jar:file:/home/runner/.m2/repository/org/apache/ozone/hdds-common/1.3.0-SNAPSHOT/hdds-common-1.3.0-SNAPSHOT.jar!/network-topology-default.xml]
2022-08-08 17:31:49,301 [Listener at 127.0.0.1/37325] INFO  net.NodeSchemaLoader (NodeSchemaLoader.java:loadSchema(176)) - Loading network topology layer schema file
2022-08-08 17:31:49,317 [Listener at 127.0.0.1/37325] WARN  impl.MetricRegistriesImpl (MetricRegistriesImpl.java:addReporterRegistration(111)) - New reporters are added after registries were created. Some metrics will be missing from the reporter. Please add reporter before adding any new registry.
2022-08-08 17:31:49,317 [Listener at 127.0.0.1/37325] WARN  impl.MetricRegistriesImpl (MetricRegistriesImpl.java:addReporterRegistration(111)) - New reporters are added after registries were created. Some metrics will be missing from the reporter. Please add reporter before adding any new registry.
2022-08-08 17:31:49,317 [Listener at 127.0.0.1/37325] INFO  upgrade.AbstractLayoutVersionManager (AbstractLayoutVersionManager.java:init(83)) - Initializing Layout version manager with metadata layout = DATANODE_SCHEMA_V3 (version = 4), software layout = DATANODE_SCHEMA_V3 (version = 4)
2022-08-08 17:31:49,455 [Listener at 127.0.0.1/37325] INFO  reflections.Reflections (Reflections.java:scan(232)) - Reflections took 135 ms to scan 7 urls, producing 132 keys and 321 values 
2022-08-08 17:31:49,464 [Listener at 127.0.0.1/37325] INFO  ha.SequenceIdGenerator (SequenceIdGenerator.java:upgradeToSequenceId(349)) - upgrade localId to 109611004723200000
2022-08-08 17:31:49,464 [Listener at 127.0.0.1/37325] INFO  ha.SequenceIdGenerator (SequenceIdGenerator.java:upgradeToSequenceId(359)) - upgrade delTxnId to 0
2022-08-08 17:31:49,464 [Listener at 127.0.0.1/37325] INFO  ha.SequenceIdGenerator (SequenceIdGenerator.java:upgradeToSequenceId(376)) - upgrade containerId to 0
2022-08-08 17:31:49,464 [Listener at 127.0.0.1/37325] INFO  ha.SequenceIdGenerator (SequenceIdGenerator.java:<init>(220)) - Init the HA SequenceIdGenerator.
2022-08-08 17:31:49,465 [Listener at 127.0.0.1/37325] WARN  server.ServerUtils (ServerUtils.java:sanitizeUserArgs(73)) - ozone.scm.stale.node.interval value = 300000 is larger than max = 100000 based on the key value of ozone.scm.heartbeat.thread.interval, reset to the max value 100000.
2022-08-08 17:31:49,465 [Listener at 127.0.0.1/37325] WARN  server.ServerUtils (ServerUtils.java:sanitizeUserArgs(73)) - ozone.scm.stale.node.interval value = 300000 is larger than max = 100000 based on the key value of ozone.scm.heartbeat.thread.interval, reset to the max value 100000.
2022-08-08 17:31:49,470 [Listener at 127.0.0.1/37325] INFO  node.SCMNodeManager (SCMNodeManager.java:<init>(149)) - Entering startup safe mode.
2022-08-08 17:31:49,471 [Listener at 127.0.0.1/37325] INFO  algorithms.ContainerPlacementPolicyFactory (ContainerPlacementPolicyFactory.java:getPolicyInternal(86)) - Create container placement policy of type org.apache.hadoop.hdds.scm.container.placement.algorithms.SCMContainerPlacementRandom
2022-08-08 17:31:49,471 [Listener at 127.0.0.1/37325] INFO  algorithms.ContainerPlacementPolicyFactory (ContainerPlacementPolicyFactory.java:getPolicyInternal(86)) - Create container placement policy of type org.apache.hadoop.hdds.scm.container.placement.algorithms.SCMContainerPlacementRackScatter
2022-08-08 17:31:49,471 [Listener at 127.0.0.1/37325] INFO  pipeline.PipelineStateManagerImpl (PipelineStateManagerImpl.java:initialize(78)) - No pipeline exists in current db
2022-08-08 17:31:49,472 [Listener at 127.0.0.1/37325] INFO  algorithms.LeaderChoosePolicyFactory (LeaderChoosePolicyFactory.java:getPolicy(57)) - Create leader choose policy of type org.apache.hadoop.hdds.scm.pipeline.leader.choose.algorithms.MinLeaderCountChoosePolicy
2022-08-08 17:31:49,472 [Listener at 127.0.0.1/37325] INFO  algorithms.ContainerPlacementPolicyFactory (ContainerPlacementPolicyFactory.java:getPolicyInternal(86)) - Create container placement policy of type org.apache.hadoop.hdds.scm.container.placement.algorithms.SCMContainerPlacementRackScatter
2022-08-08 17:31:49,473 [Listener at 127.0.0.1/37325] INFO  ha.SCMServiceManager (SCMServiceManager.java:register(42)) - Registering service BackgroundPipelineCreator.
2022-08-08 17:31:49,473 [Listener at 127.0.0.1/37325] INFO  pipeline.BackgroundPipelineCreator (BackgroundPipelineCreator.java:start(124)) - Starting RatisPipelineUtilsThread.
2022-08-08 17:31:49,473 [Listener at 127.0.0.1/37325] INFO  BackgroundPipelineScrubber (BackgroundSCMService.java:start(68)) - Starting BackgroundPipelineScrubber Service.
2022-08-08 17:31:49,474 [Listener at 127.0.0.1/37325] INFO  ha.SCMServiceManager (SCMServiceManager.java:register(42)) - Registering service BackgroundPipelineScrubber.
2022-08-08 17:31:49,474 [Listener at 127.0.0.1/37325] INFO  ExpiredContainerReplicaOpScrubber (BackgroundSCMService.java:start(68)) - Starting ExpiredContainerReplicaOpScrubber Service.
2022-08-08 17:31:49,480 [Listener at 127.0.0.1/37325] INFO  ha.SCMServiceManager (SCMServiceManager.java:register(42)) - Registering service ExpiredContainerReplicaOpScrubber.
2022-08-08 17:31:49,481 [Listener at 127.0.0.1/37325] INFO  algorithms.PipelineChoosePolicyFactory (PipelineChoosePolicyFactory.java:createPipelineChoosePolicyFromClass(73)) - Create pipeline choose policy of type org.apache.hadoop.hdds.scm.pipeline.choose.algorithms.RandomPipelineChoosePolicy
2022-08-08 17:31:49,481 [Listener at 127.0.0.1/37325] INFO  ha.SCMServiceManager (SCMServiceManager.java:register(42)) - Registering service SCMBlockDeletingService.
2022-08-08 17:31:49,482 [Listener at 127.0.0.1/37325] INFO  replication.ReplicationManager (ReplicationManager.java:start(200)) - Starting Replication Monitor Thread.
2022-08-08 17:31:49,496 [Listener at 127.0.0.1/37325] INFO  UnderReplicatedQueueThread (BackgroundSCMService.java:start(68)) - Starting UnderReplicatedQueueThread Service.
2022-08-08 17:31:49,496 [Listener at 127.0.0.1/37325] INFO  ha.SCMServiceManager (SCMServiceManager.java:register(42)) - Registering service UnderReplicatedQueueThread.
2022-08-08 17:31:49,496 [Listener at 127.0.0.1/37325] INFO  OverReplicatedQueueThread (BackgroundSCMService.java:start(68)) - Starting OverReplicatedQueueThread Service.
2022-08-08 17:31:49,500 [ReplicationMonitor] INFO  replication.ReplicationManager (ReplicationManager.java:processAll(249)) - Replication Manager is not ready to run until 3000ms after safemode exit
2022-08-08 17:31:49,503 [Listener at 127.0.0.1/37325] INFO  ha.SCMServiceManager (SCMServiceManager.java:register(42)) - Registering service OverReplicatedQueueThread.
2022-08-08 17:31:49,503 [Listener at 127.0.0.1/37325] INFO  ha.SCMServiceManager (SCMServiceManager.java:register(42)) - Registering service ReplicationManager.
2022-08-08 17:31:49,504 [Listener at 127.0.0.1/37325] INFO  safemode.ContainerSafeModeRule (ContainerSafeModeRule.java:<init>(89)) - containers with one replica threshold count 0
2022-08-08 17:31:49,504 [Listener at 127.0.0.1/37325] INFO  safemode.HealthyPipelineSafeModeRule (HealthyPipelineSafeModeRule.java:initializeRule(169)) - Total pipeline count is 0, healthy pipeline threshold count is 1
2022-08-08 17:31:49,504 [Listener at 127.0.0.1/37325] INFO  safemode.OneReplicaPipelineSafeModeRule (OneReplicaPipelineSafeModeRule.java:initializeRule(180)) - Total pipeline count is 0, pipeline's with at least one datanode reported threshold count is 0
2022-08-08 17:31:49,505 [Listener at 127.0.0.1/37325] INFO  ipc.CallQueueManager (CallQueueManager.java:<init>(90)) - Using callQueue: class java.util.concurrent.LinkedBlockingQueue, queueCapacity: 2000, scheduler: class org.apache.hadoop.ipc.DefaultRpcScheduler, ipcBackoff: false.
2022-08-08 17:31:49,506 [Socket Reader #1 for port 0] INFO  ipc.Server (Server.java:run(1265)) - Starting Socket Reader #1 for port 0
2022-08-08 17:31:49,525 [Listener at 0.0.0.0/44433] INFO  ipc.CallQueueManager (CallQueueManager.java:<init>(90)) - Using callQueue: class java.util.concurrent.LinkedBlockingQueue, queueCapacity: 2000, scheduler: class org.apache.hadoop.ipc.DefaultRpcScheduler, ipcBackoff: false.
2022-08-08 17:31:49,526 [Socket Reader #1 for port 0] INFO  ipc.Server (Server.java:run(1265)) - Starting Socket Reader #1 for port 0
2022-08-08 17:31:49,541 [Listener at 0.0.0.0/44507] INFO  ipc.CallQueueManager (CallQueueManager.java:<init>(90)) - Using callQueue: class java.util.concurrent.LinkedBlockingQueue, queueCapacity: 2000, scheduler: class org.apache.hadoop.ipc.DefaultRpcScheduler, ipcBackoff: false.
2022-08-08 17:31:49,553 [Socket Reader #1 for port 0] INFO  ipc.Server (Server.java:run(1265)) - Starting Socket Reader #1 for port 0
2022-08-08 17:31:49,636 [Listener at 0.0.0.0/39385] INFO  ha.SCMServiceManager (SCMServiceManager.java:register(42)) - Registering service ContainerBalancer.
2022-08-08 17:31:49,636 [Listener at 0.0.0.0/39385] INFO  server.StorageContainerManager (StorageContainerManager.java:<init>(406)) - 
Container Balancer status:
Key                            Value
Running                        false
Container Balancer Configuration values:
Key                                                Value
Threshold                                          10
Max Datanodes to Involve per Iteration(percent)    20
Max Size to Move per Iteration                     500GB
Max Size Entering Target per Iteration             26GB
Max Size Leaving Source per Iteration              26GB

2022-08-08 17:31:49,636 [Listener at 0.0.0.0/39385] WARN  events.EventQueue (EventQueue.java:fireEvent(216)) - No event handler registered for event TypedEvent{payloadType=SafeModeStatus, name='Safe mode status'}
2022-08-08 17:31:49,636 [Listener at 0.0.0.0/39385] INFO  ha.SCMContext (SCMContext.java:updateSafeModeStatus(228)) - Update SafeModeStatus from SafeModeStatus{safeModeStatus=true, preCheckPassed=false} to SafeModeStatus{safeModeStatus=true, preCheckPassed=false}.
2022-08-08 17:31:49,637 [Listener at 0.0.0.0/39385] INFO  server.StorageContainerManager (StorageContainerManager.java:start(1460)) - StorageContainerLocationProtocol RPC server is listening at /0.0.0.0:39385
2022-08-08 17:31:49,649 [Listener at 0.0.0.0/39385] WARN  impl.MetricsConfig (MetricsConfig.java:loadFirst(136)) - Cannot locate configuration: tried hadoop-metrics2-storagecontainermanager.properties,hadoop-metrics2.properties
2022-08-08 17:31:49,656 [Listener at 0.0.0.0/39385] INFO  impl.MetricsSystemImpl (MetricsSystemImpl.java:startTimer(378)) - Scheduled Metric snapshot period at 10 second(s).
2022-08-08 17:31:49,656 [Listener at 0.0.0.0/39385] INFO  impl.MetricsSystemImpl (MetricsSystemImpl.java:start(191)) - StorageContainerManager metrics system started
2022-08-08 17:31:49,730 [Listener at 0.0.0.0/39385] INFO  impl.MetricsSinkAdapter (MetricsSinkAdapter.java:start(204)) - Sink prometheus started
2022-08-08 17:31:49,731 [Listener at 0.0.0.0/39385] INFO  impl.MetricsSystemImpl (MetricsSystemImpl.java:registerSink(305)) - Registered sink prometheus
2022-08-08 17:31:49,770 [Listener at 0.0.0.0/39385] INFO  server.SCMClientProtocolServer (SCMClientProtocolServer.java:start(170)) - RPC server for Client  is listening at /0.0.0.0:39385
2022-08-08 17:31:49,772 [IPC Server Responder] INFO  ipc.Server (Server.java:run(1507)) - IPC Server Responder: starting
2022-08-08 17:31:49,777 [IPC Server listener on 0] INFO  ipc.Server (Server.java:run(1344)) - IPC Server listener on 0: starting
2022-08-08 17:31:49,783 [Listener at 0.0.0.0/39385] INFO  server.StorageContainerManager (StorageContainerManager.java:start(1475)) - ScmBlockLocationProtocol RPC server is listening at /0.0.0.0:44507
2022-08-08 17:31:49,784 [Listener at 0.0.0.0/39385] INFO  server.SCMBlockProtocolServer (SCMBlockProtocolServer.java:start(152)) - RPC server for Block Protocol is listening at /0.0.0.0:44507
2022-08-08 17:31:49,784 [IPC Server Responder] INFO  ipc.Server (Server.java:run(1507)) - IPC Server Responder: starting
2022-08-08 17:31:49,784 [IPC Server listener on 0] INFO  ipc.Server (Server.java:run(1344)) - IPC Server listener on 0: starting
2022-08-08 17:31:49,796 [Listener at 0.0.0.0/39385] INFO  server.SCMDatanodeProtocolServer (SCMDatanodeProtocolServer.java:start(186)) - ScmDatanodeProtocol RPC server for DataNodes is listening at /0.0.0.0:44433
2022-08-08 17:31:49,797 [IPC Server Responder] INFO  ipc.Server (Server.java:run(1507)) - IPC Server Responder: starting
2022-08-08 17:31:49,801 [IPC Server listener on 0] INFO  ipc.Server (Server.java:run(1344)) - IPC Server listener on 0: starting
2022-08-08 17:31:49,852 [org.apache.hadoop.util.JvmPauseMonitor$Monitor@59ecbff6] INFO  util.JvmPauseMonitor (JvmPauseMonitor.java:run(188)) - Starting JVM pause monitor
2022-08-08 17:31:49,852 [Listener at 0.0.0.0/39385] INFO  http.BaseHttpServer (BaseHttpServer.java:newHttpServer2BuilderForOzone(209)) - Starting Web-server for scm at: http://0.0.0.0:0
2022-08-08 17:31:49,852 [Listener at 0.0.0.0/39385] INFO  http.BaseHttpServer (BaseHttpServer.java:<init>(107)) - Hadoop Security Enabled: false Ozone Security Enabled: false Ozone HTTP Security Enabled: false 
2022-08-08 17:31:49,854 [Listener at 0.0.0.0/39385] INFO  server.AuthenticationFilter (AuthenticationFilter.java:constructSecretProvider(240)) - Unable to initialize FileSignerSecretProvider, falling back to use random secrets.
2022-08-08 17:31:49,864 [Listener at 0.0.0.0/39385] WARN  http.HttpRequestLog (HttpRequestLog.java:getRequestLog(103)) - Jetty request log can only be enabled using Log4j
2022-08-08 17:31:49,866 [Listener at 0.0.0.0/39385] INFO  http.HttpServer2 (HttpServer2.java:addGlobalFilter(1029)) - Added global filter 'safety' (class=org.apache.hadoop.hdds.server.http.HttpServer2$QuotingInputFilter)
2022-08-08 17:31:49,868 [Listener at 0.0.0.0/39385] INFO  http.HttpServer2 (HttpServer2.java:addFilter(1005)) - Added filter static_user_filter (class=org.apache.hadoop.http.lib.StaticUserWebFilter$StaticUserFilter) to context scm
2022-08-08 17:31:49,868 [Listener at 0.0.0.0/39385] INFO  http.HttpServer2 (HttpServer2.java:addFilter(1013)) - Added filter static_user_filter (class=org.apache.hadoop.http.lib.StaticUserWebFilter$StaticUserFilter) to context logs
2022-08-08 17:31:49,869 [Listener at 0.0.0.0/39385] INFO  http.HttpServer2 (HttpServer2.java:addFilter(1013)) - Added filter static_user_filter (class=org.apache.hadoop.http.lib.StaticUserWebFilter$StaticUserFilter) to context static
2022-08-08 17:31:49,869 [Listener at 0.0.0.0/39385] INFO  http.HttpServer2 (HttpServer2.java:bindListener(1248)) - Jetty bound to port 38053
2022-08-08 17:31:49,869 [Listener at 0.0.0.0/39385] INFO  server.Server (Server.java:doStart(375)) - jetty-9.4.43.v20210629; built: 2021-06-30T11:07:22.254Z; git: 526006ecfa3af7f1a27ef3a288e2bef7ea9dd7e8; jvm 1.8.0_332-b09
2022-08-08 17:31:49,891 [Listener at 0.0.0.0/39385] INFO  server.session (DefaultSessionIdManager.java:doStart(334)) - DefaultSessionIdManager workerName=node0
2022-08-08 17:31:49,892 [Listener at 0.0.0.0/39385] INFO  server.session (DefaultSessionIdManager.java:doStart(339)) - No SessionScavenger set, using defaults
2022-08-08 17:31:49,892 [Listener at 0.0.0.0/39385] INFO  server.session (HouseKeeper.java:startScavenging(132)) - node0 Scavenging every 660000ms
2022-08-08 17:31:49,893 [Listener at 0.0.0.0/39385] INFO  handler.ContextHandler (ContextHandler.java:doStart(915)) - Started o.e.j.s.ServletContextHandler@3db4ba49{logs,/logs,file:///home/runner/work/ozone/ozone/hadoop-ozone/integration-test/target/log,AVAILABLE}
2022-08-08 17:31:49,893 [Listener at 0.0.0.0/39385] INFO  handler.ContextHandler (ContextHandler.java:doStart(915)) - Started o.e.j.s.ServletContextHandler@3b7ec5c0{static,/static,file:///home/runner/work/ozone/ozone/hadoop-ozone/integration-test/target/test-classes/webapps/static,AVAILABLE}
2022-08-08 17:31:49,897 [Listener at 0.0.0.0/39385] INFO  handler.ContextHandler (ContextHandler.java:doStart(915)) - Started o.e.j.w.WebAppContext@2561aada{scm,/,file:///home/runner/work/ozone/ozone/hadoop-ozone/integration-test/target/test-classes/webapps/scm/,AVAILABLE}{file:/home/runner/work/ozone/ozone/hadoop-ozone/integration-test/target/test-classes/webapps/scm}
2022-08-08 17:31:49,902 [Listener at 0.0.0.0/39385] INFO  server.AbstractConnector (AbstractConnector.java:doStart(331)) - Started ServerConnector@7b41a3f9{HTTP/1.1, (http/1.1)}{0.0.0.0:38053}
2022-08-08 17:31:49,902 [Listener at 0.0.0.0/39385] INFO  server.Server (Server.java:doStart(415)) - Started @84588ms
2022-08-08 17:31:49,902 [Listener at 0.0.0.0/39385] WARN  impl.MetricsSystemImpl (MetricsSystemImpl.java:register(279)) - Sink prometheus already exists!
2022-08-08 17:31:49,903 [Listener at 0.0.0.0/39385] INFO  http.BaseHttpServer (BaseHttpServer.java:updateConnectorAddress(329)) - HTTP server of scm listening at http://0.0.0.0:38053
2022-08-08 17:31:49,903 [Listener at 0.0.0.0/39385] WARN  server.ServerUtils (ServerUtils.java:getDBPath(225)) - ozone.om.db.dirs is not configured. We recommend adding this setting. Falling back to ozone.metadata.dirs instead.
2022-08-08 17:31:49,916 [Listener at 0.0.0.0/39385] INFO  ha.OMHANodeDetails (OMHANodeDetails.java:loadOMHAConfig(115)) - ozone.om.internal.service.id is not defined, falling back to ozone.om.service.ids to find serviceID for OzoneManager if it is HA enabled cluster
2022-08-08 17:31:49,917 [Listener at 0.0.0.0/39385] INFO  ha.OMHANodeDetails (OMHANodeDetails.java:loadOMHAConfig(226)) - Configuration does not have ozone.om.address set. Falling back to the default OM address /127.0.0.1:0
2022-08-08 17:31:49,917 [Listener at 0.0.0.0/39385] INFO  ha.OMHANodeDetails (OMHANodeDetails.java:getOMNodeDetailsForNonHA(254)) - OM Service ID is not set. Setting it to the default ID: omServiceIdDefault
2022-08-08 17:31:49,917 [Listener at 0.0.0.0/39385] INFO  ha.OMHANodeDetails (OMHANodeDetails.java:getOMNodeDetailsForNonHA(261)) - OM Node ID is not set. Setting it to the default ID: om1
2022-08-08 17:31:49,917 [Listener at 0.0.0.0/39385] WARN  server.ServerUtils (ServerUtils.java:getDBPath(225)) - ozone.om.db.dirs is not configured. We recommend adding this setting. Falling back to ozone.metadata.dirs instead.
2022-08-08 17:31:49,919 [Listener at 0.0.0.0/39385] INFO  upgrade.AbstractLayoutVersionManager (AbstractLayoutVersionManager.java:init(83)) - Initializing Layout version manager with metadata layout = MULTITENANCY_SCHEMA (version = 3), software layout = MULTITENANCY_SCHEMA (version = 3)
2022-08-08 17:31:50,062 [Finalizer] WARN  managed.ManagedRocksObjectUtils (ManagedRocksObjectUtils.java:assertClosed(39)) - ManagedColumnFamilyOptions is not closed properly
2022-08-08 17:31:50,062 [Finalizer] WARN  managed.ManagedRocksObjectUtils (ManagedRocksObjectUtils.java:assertClosed(39)) - ManagedColumnFamilyOptions is not closed properly
2022-08-08 17:31:50,062 [Finalizer] WARN  managed.ManagedRocksObjectUtils (ManagedRocksObjectUtils.java:assertClosed(39)) - ManagedColumnFamilyOptions is not closed properly
2022-08-08 17:31:50,062 [Finalizer] WARN  managed.ManagedRocksObjectUtils (ManagedRocksObjectUtils.java:assertClosed(39)) - ManagedColumnFamilyOptions is not closed properly
2022-08-08 17:31:50,062 [Finalizer] WARN  managed.ManagedRocksObjectUtils (ManagedRocksObjectUtils.java:assertClosed(39)) - ManagedColumnFamilyOptions is not closed properly
2022-08-08 17:31:50,062 [Finalizer] WARN  managed.ManagedRocksObjectUtils (ManagedRocksObjectUtils.java:assertClosed(39)) - ManagedColumnFamilyOptions is not closed properly
2022-08-08 17:31:50,062 [Finalizer] WARN  managed.ManagedRocksObjectUtils (ManagedRocksObjectUtils.java:assertClosed(39)) - ManagedColumnFamilyOptions is not closed properly
2022-08-08 17:31:50,062 [Finalizer] WARN  managed.ManagedRocksObjectUtils (ManagedRocksObjectUtils.java:assertClosed(39)) - ManagedColumnFamilyOptions is not closed properly
2022-08-08 17:31:50,063 [Finalizer] WARN  managed.ManagedRocksObjectUtils (ManagedRocksObjectUtils.java:assertClosed(39)) - ManagedColumnFamilyOptions is not closed properly
2022-08-08 17:31:50,063 [Finalizer] WARN  managed.ManagedRocksObjectUtils (ManagedRocksObjectUtils.java:assertClosed(39)) - ManagedColumnFamilyOptions is not closed properly
2022-08-08 17:31:50,063 [Finalizer] WARN  managed.ManagedRocksObjectUtils (ManagedRocksObjectUtils.java:assertClosed(39)) - ManagedColumnFamilyOptions is not closed properly
2022-08-08 17:31:50,063 [Finalizer] WARN  managed.ManagedRocksObjectUtils (ManagedRocksObjectUtils.java:assertClosed(39)) - ManagedColumnFamilyOptions is not closed properly
2022-08-08 17:31:50,063 [Finalizer] WARN  managed.ManagedRocksObjectUtils (ManagedRocksObjectUtils.java:assertClosed(39)) - ManagedColumnFamilyOptions is not closed properly
2022-08-08 17:31:50,063 [Finalizer] WARN  managed.ManagedRocksObjectUtils (ManagedRocksObjectUtils.java:assertClosed(39)) - ManagedColumnFamilyOptions is not closed properly
2022-08-08 17:31:50,063 [Finalizer] WARN  managed.ManagedRocksObjectUtils (ManagedRocksObjectUtils.java:assertClosed(39)) - ManagedColumnFamilyOptions is not closed properly
2022-08-08 17:31:50,063 [Finalizer] WARN  managed.ManagedRocksObjectUtils (ManagedRocksObjectUtils.java:assertClosed(39)) - ManagedColumnFamilyOptions is not closed properly
2022-08-08 17:31:50,143 [Listener at 0.0.0.0/39385] INFO  reflections.Reflections (Reflections.java:scan(232)) - Reflections took 219 ms to scan 2 urls, producing 153 keys and 425 values [using 2 cores]
2022-08-08 17:31:50,143 [Listener at 0.0.0.0/39385] INFO  upgrade.OMLayoutVersionManager (OMLayoutVersionManager.java:lambda$0(115)) - Skipping Upgrade Action MockOmUpgradeAction since it has been finalized.
2022-08-08 17:31:50,144 [Listener at 0.0.0.0/39385] WARN  server.ServerUtils (ServerUtils.java:getDBPath(225)) - ozone.om.db.dirs is not configured. We recommend adding this setting. Falling back to ozone.metadata.dirs instead.
2022-08-08 17:31:50,149 [Listener at 0.0.0.0/39385] INFO  proxy.SCMBlockLocationFailoverProxyProvider (SCMBlockLocationFailoverProxyProvider.java:<init>(114)) - Created block location fail-over proxy with 1 nodes: [nodeId=scmNodeId,nodeAddress=/0.0.0.0:44507]
2022-08-08 17:31:50,150 [Listener at 0.0.0.0/39385] INFO  proxy.SCMBlockLocationFailoverProxyProvider (SCMBlockLocationFailoverProxyProvider.java:<init>(114)) - Created block location fail-over proxy with 1 nodes: [nodeId=scmNodeId,nodeAddress=/0.0.0.0:44507]
2022-08-08 17:31:50,167 [Listener at 0.0.0.0/39385] WARN  server.ServerUtils (ServerUtils.java:getDBPath(225)) - ozone.om.db.dirs is not configured. We recommend adding this setting. Falling back to ozone.metadata.dirs instead.
2022-08-08 17:31:50,168 [Listener at 0.0.0.0/39385] INFO  codec.OmKeyInfoCodec (OmKeyInfoCodec.java:<init>(49)) - OmKeyInfoCodec ignorePipeline = true
2022-08-08 17:31:50,168 [Listener at 0.0.0.0/39385] INFO  codec.RepeatedOmKeyInfoCodec (RepeatedOmKeyInfoCodec.java:<init>(41)) - RepeatedOmKeyInfoCodec ignorePipeline = true
2022-08-08 17:31:50,509 [Listener at 0.0.0.0/39385] INFO  om.OzoneManager (OzoneManager.java:instantiateServices(696)) - S3 Multi-Tenancy is disabled
2022-08-08 17:31:50,518 [Listener at 0.0.0.0/39385] INFO  om.OzoneManager (OzoneManager.java:addS3GVolumeToDB(4307)) - Created Volume s3v With Owner runner required for S3Gateway operations.
2022-08-08 17:31:50,520 [Listener at 0.0.0.0/39385] INFO  om.OzoneManager (OzoneManager.java:getRpcServer(1085)) - Creating RPC Server
2022-08-08 17:31:51,699 [Listener at 0.0.0.0/39385] INFO  reflections.Reflections (Reflections.java:scan(232)) - Reflections took 1170 ms to scan 19 urls, producing 67 keys and 4146 values [using 2 cores]
2022-08-08 17:31:51,700 [Listener at 0.0.0.0/39385] INFO  ipc.CallQueueManager (CallQueueManager.java:<init>(90)) - Using callQueue: class java.util.concurrent.LinkedBlockingQueue, queueCapacity: 2000, scheduler: class org.apache.hadoop.ipc.DefaultRpcScheduler, ipcBackoff: false.
2022-08-08 17:31:51,711 [Socket Reader #1 for port 0] INFO  ipc.Server (Server.java:run(1265)) - Starting Socket Reader #1 for port 0
2022-08-08 17:31:51,769 [Listener at 127.0.0.1/44865] INFO  impl.MetricsSystemImpl (MetricsSystemImpl.java:init(158)) - OzoneManager metrics system started (again)
2022-08-08 17:31:51,809 [Listener at 127.0.0.1/44865] INFO  om.OzoneManager (OzoneManager.java:start(1469)) - OzoneManager RPC server is listening at localhost/127.0.0.1:44865
2022-08-08 17:31:51,809 [Listener at 127.0.0.1/44865] INFO  om.OzoneManager (OzoneManager.java:start(1485)) - Version File has different layout version (3) than OM DB (null). That is expected if this OM has never been finalized to a newer layout version.
2022-08-08 17:31:51,851 [Listener at 127.0.0.1/44865] INFO  http.BaseHttpServer (BaseHttpServer.java:newHttpServer2BuilderForOzone(209)) - Starting Web-server for ozoneManager at: http://0.0.0.0:0
2022-08-08 17:31:51,851 [Listener at 127.0.0.1/44865] INFO  http.BaseHttpServer (BaseHttpServer.java:<init>(107)) - Hadoop Security Enabled: false Ozone Security Enabled: false Ozone HTTP Security Enabled: false 
2022-08-08 17:31:51,853 [Listener at 127.0.0.1/44865] INFO  server.AuthenticationFilter (AuthenticationFilter.java:constructSecretProvider(240)) - Unable to initialize FileSignerSecretProvider, falling back to use random secrets.
2022-08-08 17:31:51,882 [Listener at 127.0.0.1/44865] WARN  http.HttpRequestLog (HttpRequestLog.java:getRequestLog(103)) - Jetty request log can only be enabled using Log4j
2022-08-08 17:31:51,884 [Listener at 127.0.0.1/44865] INFO  http.HttpServer2 (HttpServer2.java:addGlobalFilter(1029)) - Added global filter 'safety' (class=org.apache.hadoop.hdds.server.http.HttpServer2$QuotingInputFilter)
2022-08-08 17:31:51,885 [Listener at 127.0.0.1/44865] INFO  http.HttpServer2 (HttpServer2.java:addFilter(1005)) - Added filter static_user_filter (class=org.apache.hadoop.http.lib.StaticUserWebFilter$StaticUserFilter) to context ozoneManager
2022-08-08 17:31:51,885 [Listener at 127.0.0.1/44865] INFO  http.HttpServer2 (HttpServer2.java:addFilter(1013)) - Added filter static_user_filter (class=org.apache.hadoop.http.lib.StaticUserWebFilter$StaticUserFilter) to context logs
2022-08-08 17:31:51,885 [Listener at 127.0.0.1/44865] INFO  http.HttpServer2 (HttpServer2.java:addFilter(1013)) - Added filter static_user_filter (class=org.apache.hadoop.http.lib.StaticUserWebFilter$StaticUserFilter) to context static
2022-08-08 17:31:51,885 [Listener at 127.0.0.1/44865] INFO  http.HttpServer2 (HttpServer2.java:bindListener(1248)) - Jetty bound to port 32951
2022-08-08 17:31:51,885 [Listener at 127.0.0.1/44865] INFO  server.Server (Server.java:doStart(375)) - jetty-9.4.43.v20210629; built: 2021-06-30T11:07:22.254Z; git: 526006ecfa3af7f1a27ef3a288e2bef7ea9dd7e8; jvm 1.8.0_332-b09
2022-08-08 17:31:52,019 [Finalizer] WARN  managed.ManagedRocksObjectUtils (ManagedRocksObjectUtils.java:assertClosed(39)) - ManagedColumnFamilyOptions is not closed properly
2022-08-08 17:31:52,019 [Finalizer] WARN  managed.ManagedRocksObjectUtils (ManagedRocksObjectUtils.java:assertClosed(39)) - ManagedColumnFamilyOptions is not closed properly
2022-08-08 17:31:52,019 [Finalizer] WARN  managed.ManagedRocksObjectUtils (ManagedRocksObjectUtils.java:assertClosed(39)) - ManagedColumnFamilyOptions is not closed properly
2022-08-08 17:31:52,019 [Finalizer] WARN  managed.ManagedRocksObjectUtils (ManagedRocksObjectUtils.java:assertClosed(39)) - ManagedColumnFamilyOptions is not closed properly
2022-08-08 17:31:52,019 [Finalizer] WARN  managed.ManagedRocksObjectUtils (ManagedRocksObjectUtils.java:assertClosed(39)) - ManagedColumnFamilyOptions is not closed properly
2022-08-08 17:31:52,019 [Finalizer] WARN  managed.ManagedRocksObjectUtils (ManagedRocksObjectUtils.java:assertClosed(39)) - ManagedColumnFamilyOptions is not closed properly
2022-08-08 17:31:52,019 [Finalizer] WARN  managed.ManagedRocksObjectUtils (ManagedRocksObjectUtils.java:assertClosed(39)) - ManagedColumnFamilyOptions is not closed properly
2022-08-08 17:31:52,019 [Finalizer] WARN  managed.ManagedRocksObjectUtils (ManagedRocksObjectUtils.java:assertClosed(39)) - ManagedColumnFamilyOptions is not closed properly
2022-08-08 17:31:52,019 [Finalizer] WARN  managed.ManagedRocksObjectUtils (ManagedRocksObjectUtils.java:assertClosed(39)) - ManagedColumnFamilyOptions is not closed properly
2022-08-08 17:31:52,019 [Finalizer] WARN  managed.ManagedRocksObjectUtils (ManagedRocksObjectUtils.java:assertClosed(39)) - ManagedColumnFamilyOptions is not closed properly
2022-08-08 17:31:52,019 [Finalizer] WARN  managed.ManagedRocksObjectUtils (ManagedRocksObjectUtils.java:assertClosed(39)) - ManagedColumnFamilyOptions is not closed properly
2022-08-08 17:31:52,019 [Finalizer] WARN  managed.ManagedRocksObjectUtils (ManagedRocksObjectUtils.java:assertClosed(39)) - ManagedColumnFamilyOptions is not closed properly
2022-08-08 17:31:52,019 [Finalizer] WARN  managed.ManagedRocksObjectUtils (ManagedRocksObjectUtils.java:assertClosed(39)) - ManagedColumnFamilyOptions is not closed properly
2022-08-08 17:31:52,019 [Finalizer] WARN  managed.ManagedRocksObjectUtils (ManagedRocksObjectUtils.java:assertClosed(39)) - ManagedColumnFamilyOptions is not closed properly
2022-08-08 17:31:52,019 [Finalizer] WARN  managed.ManagedRocksObjectUtils (ManagedRocksObjectUtils.java:assertClosed(39)) - ManagedColumnFamilyOptions is not closed properly
2022-08-08 17:31:52,020 [Finalizer] WARN  managed.ManagedRocksObjectUtils (ManagedRocksObjectUtils.java:assertClosed(39)) - ManagedColumnFamilyOptions is not closed properly
2022-08-08 17:31:52,020 [Finalizer] WARN  managed.ManagedRocksObjectUtils (ManagedRocksObjectUtils.java:assertClosed(39)) - ManagedColumnFamilyOptions is not closed properly
2022-08-08 17:31:52,020 [Finalizer] WARN  managed.ManagedRocksObjectUtils (ManagedRocksObjectUtils.java:assertClosed(39)) - ManagedColumnFamilyOptions is not closed properly
2022-08-08 17:31:52,020 [Finalizer] WARN  managed.ManagedRocksObjectUtils (ManagedRocksObjectUtils.java:assertClosed(39)) - ManagedColumnFamilyOptions is not closed properly
2022-08-08 17:31:52,020 [Finalizer] WARN  managed.ManagedRocksObjectUtils (ManagedRocksObjectUtils.java:assertClosed(39)) - ManagedColumnFamilyOptions is not closed properly
2022-08-08 17:31:52,020 [Finalizer] WARN  managed.ManagedRocksObjectUtils (ManagedRocksObjectUtils.java:assertClosed(39)) - ManagedColumnFamilyOptions is not closed properly
2022-08-08 17:31:52,044 [Listener at 127.0.0.1/44865] INFO  server.session (DefaultSessionIdManager.java:doStart(334)) - DefaultSessionIdManager workerName=node0
2022-08-08 17:31:52,044 [Listener at 127.0.0.1/44865] INFO  server.session (DefaultSessionIdManager.java:doStart(339)) - No SessionScavenger set, using defaults
2022-08-08 17:31:52,045 [Listener at 127.0.0.1/44865] INFO  server.session (HouseKeeper.java:startScavenging(132)) - node0 Scavenging every 660000ms
2022-08-08 17:31:52,045 [Listener at 127.0.0.1/44865] INFO  handler.ContextHandler (ContextHandler.java:doStart(915)) - Started o.e.j.s.ServletContextHandler@68b30f2d{logs,/logs,file:///home/runner/work/ozone/ozone/hadoop-ozone/integration-test/target/log,AVAILABLE}
2022-08-08 17:31:52,046 [Listener at 127.0.0.1/44865] INFO  handler.ContextHandler (ContextHandler.java:doStart(915)) - Started o.e.j.s.ServletContextHandler@41478fb{static,/static,file:///home/runner/work/ozone/ozone/hadoop-ozone/integration-test/target/test-classes/webapps/static,AVAILABLE}
2022-08-08 17:31:52,055 [Listener at 127.0.0.1/44865] INFO  handler.ContextHandler (ContextHandler.java:doStart(915)) - Started o.e.j.w.WebAppContext@37859489{ozoneManager,/,file:///home/runner/work/ozone/ozone/hadoop-ozone/integration-test/target/test-classes/webapps/ozoneManager/,AVAILABLE}{file:/home/runner/work/ozone/ozone/hadoop-ozone/integration-test/target/test-classes/webapps/ozoneManager}
2022-08-08 17:31:52,064 [Listener at 127.0.0.1/44865] INFO  server.AbstractConnector (AbstractConnector.java:doStart(331)) - Started ServerConnector@2c8cced4{HTTP/1.1, (http/1.1)}{0.0.0.0:32951}
2022-08-08 17:31:52,065 [Listener at 127.0.0.1/44865] INFO  server.Server (Server.java:doStart(415)) - Started @86751ms
2022-08-08 17:31:52,065 [Listener at 127.0.0.1/44865] WARN  impl.MetricsSystemImpl (MetricsSystemImpl.java:register(279)) - Sink prometheus already exists!
2022-08-08 17:31:52,082 [Listener at 127.0.0.1/44865] INFO  http.BaseHttpServer (BaseHttpServer.java:updateConnectorAddress(329)) - HTTP server of ozoneManager listening at http://0.0.0.0:32951
2022-08-08 17:31:52,086 [IPC Server Responder] INFO  ipc.Server (Server.java:run(1507)) - IPC Server Responder: starting
2022-08-08 17:31:52,094 [IPC Server listener on 0] INFO  ipc.Server (Server.java:run(1344)) - IPC Server listener on 0: starting
2022-08-08 17:31:52,171 [Listener at 127.0.0.1/44865] INFO  om.TrashPolicyOzone (TrashPolicyOzone.java:<init>(178)) - Ozone Manager trash configuration: Deletion interval = 0 minutes, Emptier interval = 0 minutes.
2022-08-08 17:31:52,202 [org.apache.hadoop.util.JvmPauseMonitor$Monitor@72d5daf9] INFO  util.JvmPauseMonitor (JvmPauseMonitor.java:run(188)) - Starting JVM pause monitor
2022-08-08 17:31:52,214 [Listener at 127.0.0.1/44865] WARN  impl.MetricRegistriesImpl (MetricRegistriesImpl.java:addReporterRegistration(111)) - New reporters are added after registries were created. Some metrics will be missing from the reporter. Please add reporter before adding any new registry.
2022-08-08 17:31:52,214 [Listener at 127.0.0.1/44865] WARN  impl.MetricRegistriesImpl (MetricRegistriesImpl.java:addReporterRegistration(111)) - New reporters are added after registries were created. Some metrics will be missing from the reporter. Please add reporter before adding any new registry.
2022-08-08 17:31:52,214 [Listener at 127.0.0.1/44865] INFO  impl.MetricsSystemImpl (MetricsSystemImpl.java:init(158)) - HddsDatanode metrics system started (again)
2022-08-08 17:31:52,240 [Listener at 127.0.0.1/44865] INFO  ozone.HddsDatanodeService (HddsDatanodeService.java:start(236)) - HddsDatanodeService host:fv-az207-152.1ztp0ef1jgbebjcpob1ohcpowa.jx.internal.cloudapp.net ip:10.1.0.4
2022-08-08 17:31:52,307 [Listener at 127.0.0.1/44865] INFO  upgrade.AbstractLayoutVersionManager (AbstractLayoutVersionManager.java:init(83)) - Initializing Layout version manager with metadata layout = DATANODE_SCHEMA_V3 (version = 4), software layout = DATANODE_SCHEMA_V3 (version = 4)
2022-08-08 17:31:52,406 [Listener at 127.0.0.1/44865] INFO  reflections.Reflections (Reflections.java:scan(232)) - Reflections took 97 ms to scan 7 urls, producing 132 keys and 321 values 
2022-08-08 17:31:52,409 [Listener at 127.0.0.1/44865] INFO  statemachine.DatanodeStateMachine (DatanodeStateMachine.java:getEndPointTaskThreadPoolSize(237)) - Datanode State Machine Task Thread Pool size 2
2022-08-08 17:31:52,435 [Listener at 127.0.0.1/44865] INFO  volume.HddsVolume (HddsVolume.java:<init>(116)) - Creating HddsVolume: /home/runner/work/ozone/ozone/hadoop-ozone/integration-test/target/test-dir/MiniOzoneClusterImpl-f558af99-55da-4127-a18c-29a24303d895/datanode-0/data-0/containers/hdds of storage type : DISK capacity : 9223372036854775807
2022-08-08 17:31:52,436 [Listener at 127.0.0.1/44865] INFO  volume.MutableVolumeSet (MutableVolumeSet.java:initializeVolumeSet(174)) - Added Volume : /home/runner/work/ozone/ozone/hadoop-ozone/integration-test/target/test-dir/MiniOzoneClusterImpl-f558af99-55da-4127-a18c-29a24303d895/datanode-0/data-0/containers/hdds to VolumeSet
2022-08-08 17:31:52,436 [Listener at 127.0.0.1/44865] INFO  volume.ThrottledAsyncChecker (ThrottledAsyncChecker.java:schedule(141)) - Scheduling a check for /home/runner/work/ozone/ozone/hadoop-ozone/integration-test/target/test-dir/MiniOzoneClusterImpl-f558af99-55da-4127-a18c-29a24303d895/datanode-0/data-0/containers/hdds
2022-08-08 17:31:52,444 [Listener at 127.0.0.1/44865] INFO  volume.StorageVolumeChecker (StorageVolumeChecker.java:checkAllVolumes(202)) - Scheduled health check for volume /home/runner/work/ozone/ozone/hadoop-ozone/integration-test/target/test-dir/MiniOzoneClusterImpl-f558af99-55da-4127-a18c-29a24303d895/datanode-0/data-0/containers/hdds
2022-08-08 17:31:52,457 [Listener at 127.0.0.1/44865] INFO  volume.MutableVolumeSet (MutableVolumeSet.java:initializeVolumeSet(174)) - Added Volume : /home/runner/work/ozone/ozone/hadoop-ozone/integration-test/target/test-dir/MiniOzoneClusterImpl-f558af99-55da-4127-a18c-29a24303d895/datanode-0/data/ratis to VolumeSet
2022-08-08 17:31:52,458 [Listener at 127.0.0.1/44865] INFO  volume.ThrottledAsyncChecker (ThrottledAsyncChecker.java:schedule(141)) - Scheduling a check for /home/runner/work/ozone/ozone/hadoop-ozone/integration-test/target/test-dir/MiniOzoneClusterImpl-f558af99-55da-4127-a18c-29a24303d895/datanode-0/data/ratis
2022-08-08 17:31:52,458 [Listener at 127.0.0.1/44865] INFO  volume.StorageVolumeChecker (StorageVolumeChecker.java:checkAllVolumes(202)) - Scheduled health check for volume /home/runner/work/ozone/ozone/hadoop-ozone/integration-test/target/test-dir/MiniOzoneClusterImpl-f558af99-55da-4127-a18c-29a24303d895/datanode-0/data/ratis
2022-08-08 17:31:52,486 [Thread-684] INFO  ozoneimpl.ContainerReader (ContainerReader.java:readVolume(175)) - Finish verifying containers on volume /home/runner/work/ozone/ozone/hadoop-ozone/integration-test/target/test-dir/MiniOzoneClusterImpl-f558af99-55da-4127-a18c-29a24303d895/datanode-0/data-0/containers/hdds
2022-08-08 17:31:52,487 [Listener at 127.0.0.1/44865] INFO  ozoneimpl.OzoneContainer (OzoneContainer.java:buildContainerSet(299)) - Build ContainerSet costs 0s
2022-08-08 17:31:52,490 [Listener at 127.0.0.1/44865] INFO  server.RaftServer (ConfUtils.java:logGet(46)) - raft.rpc.type = GRPC (default)
2022-08-08 17:31:52,490 [Listener at 127.0.0.1/44865] INFO  grpc.GrpcFactory (GrpcFactory.java:checkPooledByteBufAllocatorUseCacheForAllThreads(48)) - PERFORMANCE WARNING: useCacheForAllThreads is true that may cause Netty to create a lot garbage objects and, as a result, trigger GC.
	It is recommended to disable useCacheForAllThreads by setting -Dorg.apache.ratis.thirdparty.io.netty.allocator.useCacheForAllThreads=false in command line.
2022-08-08 17:31:52,490 [Listener at 127.0.0.1/44865] INFO  grpc.GrpcConfigKeys (ConfUtils.java:logGet(46)) - raft.grpc.admin.port = 0 (custom)
2022-08-08 17:31:52,490 [Listener at 127.0.0.1/44865] INFO  grpc.GrpcConfigKeys (ConfUtils.java:logGet(46)) - raft.grpc.client.port = 0 (custom)
2022-08-08 17:31:52,490 [Listener at 127.0.0.1/44865] INFO  grpc.GrpcConfigKeys (ConfUtils.java:logGet(46)) - raft.grpc.server.port = 0 (default)
2022-08-08 17:31:52,491 [Listener at 127.0.0.1/44865] INFO  server.GrpcService (ConfUtils.java:logGet(46)) - raft.grpc.message.size.max = 32MB (=33554432) (custom)
2022-08-08 17:31:52,491 [Listener at 127.0.0.1/44865] INFO  server.RaftServerConfigKeys (ConfUtils.java:logGet(46)) - raft.server.log.appender.buffer.byte-limit = 33554432 (custom)
2022-08-08 17:31:52,491 [Listener at 127.0.0.1/44865] INFO  server.GrpcService (ConfUtils.java:logGet(46)) - raft.grpc.flow.control.window = 5MB (=5242880) (custom)
2022-08-08 17:31:52,491 [Listener at 127.0.0.1/44865] INFO  server.RaftServerConfigKeys (ConfUtils.java:logGet(46)) - raft.server.rpc.request.timeout = 60s (custom)
2022-08-08 17:31:52,491 [Listener at 127.0.0.1/44865] INFO  grpc.GrpcConfigKeys (ConfUtils.java:logGet(46)) - raft.grpc.server.async.request.thread.pool.cached = true (default)
2022-08-08 17:31:52,491 [Listener at 127.0.0.1/44865] INFO  grpc.GrpcConfigKeys (ConfUtils.java:logGet(46)) - raft.grpc.server.async.request.thread.pool.size = 32 (default)
2022-08-08 17:31:52,493 [Listener at 127.0.0.1/44865] INFO  impl.DataStreamServerImpl (ConfUtils.java:logGet(46)) - raft.datastream.type = DISABLED (default)
2022-08-08 17:31:52,493 [Listener at 127.0.0.1/44865] INFO  server.RaftServerConfigKeys (ConfUtils.java:logGet(46)) - raft.server.threadpool.proxy.cached = true (default)
2022-08-08 17:31:52,493 [Listener at 127.0.0.1/44865] INFO  server.RaftServerConfigKeys (ConfUtils.java:logGet(46)) - raft.server.threadpool.proxy.size = 0 (default)
2022-08-08 17:31:52,493 [Listener at 127.0.0.1/44865] INFO  server.RaftServerConfigKeys (ConfUtils.java:logGet(46)) - raft.server.rpc.slowness.timeout = 300s (custom)
2022-08-08 17:31:52,493 [Listener at 127.0.0.1/44865] INFO  server.RaftServerConfigKeys (ConfUtils.java:logGet(46)) - raft.server.leaderelection.leader.step-down.wait-time = 10s (default)
2022-08-08 17:31:52,493 [Listener at 127.0.0.1/44865] INFO  server.RaftServerConfigKeys (ConfUtils.java:logGet(46)) - raft.server.storage.dir = [/home/runner/work/ozone/ozone/hadoop-ozone/integration-test/target/test-dir/MiniOzoneClusterImpl-f558af99-55da-4127-a18c-29a24303d895/datanode-0/data/ratis] (custom)
2022-08-08 17:31:52,506 [Listener at 127.0.0.1/44865] INFO  server.XceiverServerGrpc (XceiverServerGrpc.java:<init>(132)) - GrpcServer channel type EpollServerSocketChannel
2022-08-08 17:31:52,514 [Listener at 127.0.0.1/44865] INFO  http.BaseHttpServer (BaseHttpServer.java:newHttpServer2BuilderForOzone(209)) - Starting Web-server for hddsDatanode at: http://0.0.0.0:0
2022-08-08 17:31:52,514 [Listener at 127.0.0.1/44865] INFO  http.BaseHttpServer (BaseHttpServer.java:<init>(107)) - Hadoop Security Enabled: false Ozone Security Enabled: false Ozone HTTP Security Enabled: false 
2022-08-08 17:31:52,515 [Listener at 127.0.0.1/44865] INFO  server.AuthenticationFilter (AuthenticationFilter.java:constructSecretProvider(240)) - Unable to initialize FileSignerSecretProvider, falling back to use random secrets.
2022-08-08 17:31:52,537 [Listener at 127.0.0.1/44865] WARN  http.HttpRequestLog (HttpRequestLog.java:getRequestLog(103)) - Jetty request log can only be enabled using Log4j
2022-08-08 17:31:52,538 [Listener at 127.0.0.1/44865] INFO  http.HttpServer2 (HttpServer2.java:addGlobalFilter(1029)) - Added global filter 'safety' (class=org.apache.hadoop.hdds.server.http.HttpServer2$QuotingInputFilter)
2022-08-08 17:31:52,539 [Listener at 127.0.0.1/44865] INFO  http.HttpServer2 (HttpServer2.java:addFilter(1005)) - Added filter static_user_filter (class=org.apache.hadoop.http.lib.StaticUserWebFilter$StaticUserFilter) to context hddsDatanode
2022-08-08 17:31:52,539 [Listener at 127.0.0.1/44865] INFO  http.HttpServer2 (HttpServer2.java:addFilter(1013)) - Added filter static_user_filter (class=org.apache.hadoop.http.lib.StaticUserWebFilter$StaticUserFilter) to context logs
2022-08-08 17:31:52,539 [Listener at 127.0.0.1/44865] INFO  http.HttpServer2 (HttpServer2.java:addFilter(1013)) - Added filter static_user_filter (class=org.apache.hadoop.http.lib.StaticUserWebFilter$StaticUserFilter) to context static
2022-08-08 17:31:52,540 [Listener at 127.0.0.1/44865] INFO  http.HttpServer2 (HttpServer2.java:bindListener(1248)) - Jetty bound to port 37891
2022-08-08 17:31:52,540 [Listener at 127.0.0.1/44865] INFO  server.Server (Server.java:doStart(375)) - jetty-9.4.43.v20210629; built: 2021-06-30T11:07:22.254Z; git: 526006ecfa3af7f1a27ef3a288e2bef7ea9dd7e8; jvm 1.8.0_332-b09
2022-08-08 17:31:52,554 [Listener at 127.0.0.1/44865] INFO  server.session (DefaultSessionIdManager.java:doStart(334)) - DefaultSessionIdManager workerName=node0
2022-08-08 17:31:52,554 [Listener at 127.0.0.1/44865] INFO  server.session (DefaultSessionIdManager.java:doStart(339)) - No SessionScavenger set, using defaults
2022-08-08 17:31:52,554 [Listener at 127.0.0.1/44865] INFO  server.session (HouseKeeper.java:startScavenging(132)) - node0 Scavenging every 660000ms
2022-08-08 17:31:52,555 [Listener at 127.0.0.1/44865] INFO  handler.ContextHandler (ContextHandler.java:doStart(915)) - Started o.e.j.s.ServletContextHandler@3911b515{logs,/logs,file:///home/runner/work/ozone/ozone/hadoop-ozone/integration-test/target/log,AVAILABLE}
2022-08-08 17:31:52,555 [Listener at 127.0.0.1/44865] INFO  handler.ContextHandler (ContextHandler.java:doStart(915)) - Started o.e.j.s.ServletContextHandler@35fd1646{static,/static,jar:file:/home/runner/.m2/repository/org/apache/ozone/hdds-container-service/1.3.0-SNAPSHOT/hdds-container-service-1.3.0-SNAPSHOT.jar!/webapps/static,AVAILABLE}
2022-08-08 17:31:52,973 [Listener at 127.0.0.1/44865] INFO  handler.ContextHandler (ContextHandler.java:doStart(915)) - Started o.e.j.w.WebAppContext@2c4e7542{hddsDatanode,/,file:///tmp/jetty-0_0_0_0-37891-hdds-container-service-1_3_0-SNAPSHOT_jar-_-any-7271850438411385602/webapp/,AVAILABLE}{jar:file:/home/runner/.m2/repository/org/apache/ozone/hdds-container-service/1.3.0-SNAPSHOT/hdds-container-service-1.3.0-SNAPSHOT.jar!/webapps/hddsDatanode}
2022-08-08 17:31:52,975 [Listener at 127.0.0.1/44865] INFO  server.AbstractConnector (AbstractConnector.java:doStart(331)) - Started ServerConnector@5c0fa074{HTTP/1.1, (http/1.1)}{0.0.0.0:37891}
2022-08-08 17:31:52,975 [Listener at 127.0.0.1/44865] INFO  server.Server (Server.java:doStart(415)) - Started @87661ms
2022-08-08 17:31:52,975 [Listener at 127.0.0.1/44865] WARN  impl.MetricsSystemImpl (MetricsSystemImpl.java:register(279)) - Sink prometheus already exists!
2022-08-08 17:31:52,976 [Listener at 127.0.0.1/44865] INFO  http.BaseHttpServer (BaseHttpServer.java:updateConnectorAddress(329)) - HTTP server of hddsDatanode listening at http://0.0.0.0:37891
2022-08-08 17:31:52,976 [Listener at 127.0.0.1/44865] WARN  impl.MetricRegistriesImpl (MetricRegistriesImpl.java:addReporterRegistration(111)) - New reporters are added after registries were created. Some metrics will be missing from the reporter. Please add reporter before adding any new registry.
2022-08-08 17:31:52,977 [Listener at 127.0.0.1/44865] WARN  impl.MetricRegistriesImpl (MetricRegistriesImpl.java:addReporterRegistration(111)) - New reporters are added after registries were created. Some metrics will be missing from the reporter. Please add reporter before adding any new registry.
2022-08-08 17:31:52,977 [Listener at 127.0.0.1/44865] INFO  impl.MetricsSystemImpl (MetricsSystemImpl.java:init(158)) - HddsDatanode metrics system started (again)
2022-08-08 17:31:52,990 [Datanode State Machine Daemon Thread] INFO  statemachine.DatanodeStateMachine (DatanodeStateMachine.java:lambda$startDaemon$0(492)) - Ozone container server started.
2022-08-08 17:31:53,010 [Listener at 127.0.0.1/44865] INFO  ozone.HddsDatanodeService (HddsDatanodeService.java:start(236)) - HddsDatanodeService host:fv-az207-152.1ztp0ef1jgbebjcpob1ohcpowa.jx.internal.cloudapp.net ip:10.1.0.4
2022-08-08 17:31:53,030 [org.apache.hadoop.util.JvmPauseMonitor$Monitor@f1d63c1] INFO  util.JvmPauseMonitor (JvmPauseMonitor.java:run(188)) - Starting JVM pause monitor
2022-08-08 17:31:53,043 [Datanode State Machine Task Thread - 0] INFO  datanode.InitDatanodeState (InitDatanodeState.java:persistContainerDatanodeDetails(138)) - DatanodeDetails is persisted to /home/runner/work/ozone/ozone/hadoop-ozone/integration-test/target/test-dir/MiniOzoneClusterImpl-f558af99-55da-4127-a18c-29a24303d895/datanode-0/meta/datanode.id
2022-08-08 17:31:53,070 [Listener at 127.0.0.1/44865] INFO  upgrade.AbstractLayoutVersionManager (AbstractLayoutVersionManager.java:init(83)) - Initializing Layout version manager with metadata layout = DATANODE_SCHEMA_V3 (version = 4), software layout = DATANODE_SCHEMA_V3 (version = 4)
2022-08-08 17:31:53,215 [Listener at 127.0.0.1/44865] INFO  reflections.Reflections (Reflections.java:scan(232)) - Reflections took 144 ms to scan 7 urls, producing 132 keys and 321 values 
2022-08-08 17:31:53,217 [Listener at 127.0.0.1/44865] INFO  statemachine.DatanodeStateMachine (DatanodeStateMachine.java:getEndPointTaskThreadPoolSize(237)) - Datanode State Machine Task Thread Pool size 2
2022-08-08 17:31:53,232 [Listener at 127.0.0.1/44865] INFO  volume.HddsVolume (HddsVolume.java:<init>(116)) - Creating HddsVolume: /home/runner/work/ozone/ozone/hadoop-ozone/integration-test/target/test-dir/MiniOzoneClusterImpl-f558af99-55da-4127-a18c-29a24303d895/datanode-1/data-0/containers/hdds of storage type : DISK capacity : 9223372036854775807
2022-08-08 17:31:53,232 [Listener at 127.0.0.1/44865] INFO  volume.MutableVolumeSet (MutableVolumeSet.java:initializeVolumeSet(174)) - Added Volume : /home/runner/work/ozone/ozone/hadoop-ozone/integration-test/target/test-dir/MiniOzoneClusterImpl-f558af99-55da-4127-a18c-29a24303d895/datanode-1/data-0/containers/hdds to VolumeSet
2022-08-08 17:31:53,232 [Listener at 127.0.0.1/44865] INFO  volume.ThrottledAsyncChecker (ThrottledAsyncChecker.java:schedule(141)) - Scheduling a check for /home/runner/work/ozone/ozone/hadoop-ozone/integration-test/target/test-dir/MiniOzoneClusterImpl-f558af99-55da-4127-a18c-29a24303d895/datanode-1/data-0/containers/hdds
2022-08-08 17:31:53,246 [Listener at 127.0.0.1/44865] INFO  volume.StorageVolumeChecker (StorageVolumeChecker.java:checkAllVolumes(202)) - Scheduled health check for volume /home/runner/work/ozone/ozone/hadoop-ozone/integration-test/target/test-dir/MiniOzoneClusterImpl-f558af99-55da-4127-a18c-29a24303d895/datanode-1/data-0/containers/hdds
2022-08-08 17:31:53,268 [Listener at 127.0.0.1/44865] INFO  volume.MutableVolumeSet (MutableVolumeSet.java:initializeVolumeSet(174)) - Added Volume : /home/runner/work/ozone/ozone/hadoop-ozone/integration-test/target/test-dir/MiniOzoneClusterImpl-f558af99-55da-4127-a18c-29a24303d895/datanode-1/data/ratis to VolumeSet
2022-08-08 17:31:53,269 [Listener at 127.0.0.1/44865] INFO  volume.ThrottledAsyncChecker (ThrottledAsyncChecker.java:schedule(141)) - Scheduling a check for /home/runner/work/ozone/ozone/hadoop-ozone/integration-test/target/test-dir/MiniOzoneClusterImpl-f558af99-55da-4127-a18c-29a24303d895/datanode-1/data/ratis
2022-08-08 17:31:53,269 [Listener at 127.0.0.1/44865] INFO  volume.StorageVolumeChecker (StorageVolumeChecker.java:checkAllVolumes(202)) - Scheduled health check for volume /home/runner/work/ozone/ozone/hadoop-ozone/integration-test/target/test-dir/MiniOzoneClusterImpl-f558af99-55da-4127-a18c-29a24303d895/datanode-1/data/ratis
2022-08-08 17:31:53,312 [Thread-697] INFO  ozoneimpl.ContainerReader (ContainerReader.java:readVolume(175)) - Finish verifying containers on volume /home/runner/work/ozone/ozone/hadoop-ozone/integration-test/target/test-dir/MiniOzoneClusterImpl-f558af99-55da-4127-a18c-29a24303d895/datanode-1/data-0/containers/hdds
2022-08-08 17:31:53,318 [Listener at 127.0.0.1/44865] INFO  ozoneimpl.OzoneContainer (OzoneContainer.java:buildContainerSet(299)) - Build ContainerSet costs 0s
2022-08-08 17:31:53,322 [Listener at 127.0.0.1/44865] INFO  server.RaftServer (ConfUtils.java:logGet(46)) - raft.rpc.type = GRPC (default)
2022-08-08 17:31:53,322 [Listener at 127.0.0.1/44865] INFO  grpc.GrpcFactory (GrpcFactory.java:checkPooledByteBufAllocatorUseCacheForAllThreads(48)) - PERFORMANCE WARNING: useCacheForAllThreads is true that may cause Netty to create a lot garbage objects and, as a result, trigger GC.
	It is recommended to disable useCacheForAllThreads by setting -Dorg.apache.ratis.thirdparty.io.netty.allocator.useCacheForAllThreads=false in command line.
2022-08-08 17:31:53,322 [Listener at 127.0.0.1/44865] INFO  grpc.GrpcConfigKeys (ConfUtils.java:logGet(46)) - raft.grpc.admin.port = 0 (custom)
2022-08-08 17:31:53,322 [Listener at 127.0.0.1/44865] INFO  grpc.GrpcConfigKeys (ConfUtils.java:logGet(46)) - raft.grpc.client.port = 0 (custom)
2022-08-08 17:31:53,322 [Listener at 127.0.0.1/44865] INFO  grpc.GrpcConfigKeys (ConfUtils.java:logGet(46)) - raft.grpc.server.port = 0 (default)
2022-08-08 17:31:53,322 [Listener at 127.0.0.1/44865] INFO  server.GrpcService (ConfUtils.java:logGet(46)) - raft.grpc.message.size.max = 32MB (=33554432) (custom)
2022-08-08 17:31:53,322 [Listener at 127.0.0.1/44865] INFO  server.RaftServerConfigKeys (ConfUtils.java:logGet(46)) - raft.server.log.appender.buffer.byte-limit = 33554432 (custom)
2022-08-08 17:31:53,323 [Listener at 127.0.0.1/44865] INFO  server.GrpcService (ConfUtils.java:logGet(46)) - raft.grpc.flow.control.window = 5MB (=5242880) (custom)
2022-08-08 17:31:53,323 [Listener at 127.0.0.1/44865] INFO  server.RaftServerConfigKeys (ConfUtils.java:logGet(46)) - raft.server.rpc.request.timeout = 60s (custom)
2022-08-08 17:31:53,323 [Listener at 127.0.0.1/44865] INFO  grpc.GrpcConfigKeys (ConfUtils.java:logGet(46)) - raft.grpc.server.async.request.thread.pool.cached = true (default)
2022-08-08 17:31:53,323 [Listener at 127.0.0.1/44865] INFO  grpc.GrpcConfigKeys (ConfUtils.java:logGet(46)) - raft.grpc.server.async.request.thread.pool.size = 32 (default)
2022-08-08 17:31:53,324 [Listener at 127.0.0.1/44865] INFO  impl.DataStreamServerImpl (ConfUtils.java:logGet(46)) - raft.datastream.type = DISABLED (default)
2022-08-08 17:31:53,325 [Listener at 127.0.0.1/44865] INFO  server.RaftServerConfigKeys (ConfUtils.java:logGet(46)) - raft.server.threadpool.proxy.cached = true (default)
2022-08-08 17:31:53,325 [Listener at 127.0.0.1/44865] INFO  server.RaftServerConfigKeys (ConfUtils.java:logGet(46)) - raft.server.threadpool.proxy.size = 0 (default)
2022-08-08 17:31:53,325 [Listener at 127.0.0.1/44865] INFO  server.RaftServerConfigKeys (ConfUtils.java:logGet(46)) - raft.server.rpc.slowness.timeout = 300s (custom)
2022-08-08 17:31:53,325 [Listener at 127.0.0.1/44865] INFO  server.RaftServerConfigKeys (ConfUtils.java:logGet(46)) - raft.server.leaderelection.leader.step-down.wait-time = 10s (default)
2022-08-08 17:31:53,325 [Listener at 127.0.0.1/44865] INFO  server.RaftServerConfigKeys (ConfUtils.java:logGet(46)) - raft.server.storage.dir = [/home/runner/work/ozone/ozone/hadoop-ozone/integration-test/target/test-dir/MiniOzoneClusterImpl-f558af99-55da-4127-a18c-29a24303d895/datanode-1/data/ratis] (custom)
2022-08-08 17:31:53,327 [Listener at 127.0.0.1/44865] INFO  server.XceiverServerGrpc (XceiverServerGrpc.java:<init>(132)) - GrpcServer channel type EpollServerSocketChannel
2022-08-08 17:31:53,332 [Listener at 127.0.0.1/44865] INFO  http.BaseHttpServer (BaseHttpServer.java:newHttpServer2BuilderForOzone(209)) - Starting Web-server for hddsDatanode at: http://0.0.0.0:0
2022-08-08 17:31:53,332 [Listener at 127.0.0.1/44865] INFO  http.BaseHttpServer (BaseHttpServer.java:<init>(107)) - Hadoop Security Enabled: false Ozone Security Enabled: false Ozone HTTP Security Enabled: false 
2022-08-08 17:31:53,334 [Listener at 127.0.0.1/44865] INFO  server.AuthenticationFilter (AuthenticationFilter.java:constructSecretProvider(240)) - Unable to initialize FileSignerSecretProvider, falling back to use random secrets.
2022-08-08 17:31:53,343 [Listener at 127.0.0.1/44865] WARN  http.HttpRequestLog (HttpRequestLog.java:getRequestLog(103)) - Jetty request log can only be enabled using Log4j
2022-08-08 17:31:53,344 [Listener at 127.0.0.1/44865] INFO  http.HttpServer2 (HttpServer2.java:addGlobalFilter(1029)) - Added global filter 'safety' (class=org.apache.hadoop.hdds.server.http.HttpServer2$QuotingInputFilter)
2022-08-08 17:31:53,345 [Listener at 127.0.0.1/44865] INFO  http.HttpServer2 (HttpServer2.java:addFilter(1005)) - Added filter static_user_filter (class=org.apache.hadoop.http.lib.StaticUserWebFilter$StaticUserFilter) to context hddsDatanode
2022-08-08 17:31:53,345 [Listener at 127.0.0.1/44865] INFO  http.HttpServer2 (HttpServer2.java:addFilter(1013)) - Added filter static_user_filter (class=org.apache.hadoop.http.lib.StaticUserWebFilter$StaticUserFilter) to context logs
2022-08-08 17:31:53,345 [Listener at 127.0.0.1/44865] INFO  http.HttpServer2 (HttpServer2.java:addFilter(1013)) - Added filter static_user_filter (class=org.apache.hadoop.http.lib.StaticUserWebFilter$StaticUserFilter) to context static
2022-08-08 17:31:53,346 [Listener at 127.0.0.1/44865] INFO  http.HttpServer2 (HttpServer2.java:bindListener(1248)) - Jetty bound to port 46365
2022-08-08 17:31:53,346 [Listener at 127.0.0.1/44865] INFO  server.Server (Server.java:doStart(375)) - jetty-9.4.43.v20210629; built: 2021-06-30T11:07:22.254Z; git: 526006ecfa3af7f1a27ef3a288e2bef7ea9dd7e8; jvm 1.8.0_332-b09
2022-08-08 17:31:53,349 [Listener at 127.0.0.1/44865] INFO  server.session (DefaultSessionIdManager.java:doStart(334)) - DefaultSessionIdManager workerName=node0
2022-08-08 17:31:53,349 [Listener at 127.0.0.1/44865] INFO  server.session (DefaultSessionIdManager.java:doStart(339)) - No SessionScavenger set, using defaults
2022-08-08 17:31:53,349 [Listener at 127.0.0.1/44865] INFO  server.session (HouseKeeper.java:startScavenging(132)) - node0 Scavenging every 600000ms
2022-08-08 17:31:53,351 [Listener at 127.0.0.1/44865] INFO  handler.ContextHandler (ContextHandler.java:doStart(915)) - Started o.e.j.s.ServletContextHandler@3cd5db14{logs,/logs,file:///home/runner/work/ozone/ozone/hadoop-ozone/integration-test/target/log,AVAILABLE}
2022-08-08 17:31:53,352 [Listener at 127.0.0.1/44865] INFO  handler.ContextHandler (ContextHandler.java:doStart(915)) - Started o.e.j.s.ServletContextHandler@11337728{static,/static,jar:file:/home/runner/.m2/repository/org/apache/ozone/hdds-container-service/1.3.0-SNAPSHOT/hdds-container-service-1.3.0-SNAPSHOT.jar!/webapps/static,AVAILABLE}
2022-08-08 17:31:53,684 [Listener at 127.0.0.1/44865] INFO  handler.ContextHandler (ContextHandler.java:doStart(915)) - Started o.e.j.w.WebAppContext@36ab683{hddsDatanode,/,file:///tmp/jetty-0_0_0_0-46365-hdds-container-service-1_3_0-SNAPSHOT_jar-_-any-7533292646136083393/webapp/,AVAILABLE}{jar:file:/home/runner/.m2/repository/org/apache/ozone/hdds-container-service/1.3.0-SNAPSHOT/hdds-container-service-1.3.0-SNAPSHOT.jar!/webapps/hddsDatanode}
2022-08-08 17:31:53,692 [Listener at 127.0.0.1/44865] INFO  server.AbstractConnector (AbstractConnector.java:doStart(331)) - Started ServerConnector@58411db7{HTTP/1.1, (http/1.1)}{0.0.0.0:46365}
2022-08-08 17:31:53,693 [Listener at 127.0.0.1/44865] INFO  server.Server (Server.java:doStart(415)) - Started @88379ms
2022-08-08 17:31:53,693 [Listener at 127.0.0.1/44865] WARN  impl.MetricsSystemImpl (MetricsSystemImpl.java:register(279)) - Sink prometheus already exists!
2022-08-08 17:31:53,693 [Listener at 127.0.0.1/44865] INFO  http.BaseHttpServer (BaseHttpServer.java:updateConnectorAddress(329)) - HTTP server of hddsDatanode listening at http://0.0.0.0:46365
2022-08-08 17:31:53,695 [Listener at 127.0.0.1/44865] WARN  impl.MetricRegistriesImpl (MetricRegistriesImpl.java:addReporterRegistration(111)) - New reporters are added after registries were created. Some metrics will be missing from the reporter. Please add reporter before adding any new registry.
2022-08-08 17:31:53,695 [Listener at 127.0.0.1/44865] WARN  impl.MetricRegistriesImpl (MetricRegistriesImpl.java:addReporterRegistration(111)) - New reporters are added after registries were created. Some metrics will be missing from the reporter. Please add reporter before adding any new registry.
2022-08-08 17:31:53,695 [Listener at 127.0.0.1/44865] INFO  impl.MetricsSystemImpl (MetricsSystemImpl.java:init(158)) - HddsDatanode metrics system started (again)
2022-08-08 17:31:53,703 [Datanode State Machine Daemon Thread] INFO  statemachine.DatanodeStateMachine (DatanodeStateMachine.java:lambda$startDaemon$0(492)) - Ozone container server started.
2022-08-08 17:31:53,724 [org.apache.hadoop.util.JvmPauseMonitor$Monitor@3973b4a6] INFO  util.JvmPauseMonitor (JvmPauseMonitor.java:run(188)) - Starting JVM pause monitor
2022-08-08 17:31:53,743 [Datanode State Machine Task Thread - 0] INFO  datanode.InitDatanodeState (InitDatanodeState.java:persistContainerDatanodeDetails(138)) - DatanodeDetails is persisted to /home/runner/work/ozone/ozone/hadoop-ozone/integration-test/target/test-dir/MiniOzoneClusterImpl-f558af99-55da-4127-a18c-29a24303d895/datanode-1/meta/datanode.id
2022-08-08 17:31:53,754 [Listener at 127.0.0.1/44865] INFO  ozone.HddsDatanodeService (HddsDatanodeService.java:start(236)) - HddsDatanodeService host:fv-az207-152.1ztp0ef1jgbebjcpob1ohcpowa.jx.internal.cloudapp.net ip:10.1.0.4
2022-08-08 17:31:53,785 [Listener at 127.0.0.1/44865] INFO  upgrade.AbstractLayoutVersionManager (AbstractLayoutVersionManager.java:init(83)) - Initializing Layout version manager with metadata layout = DATANODE_SCHEMA_V3 (version = 4), software layout = DATANODE_SCHEMA_V3 (version = 4)
2022-08-08 17:31:53,956 [Listener at 127.0.0.1/44865] INFO  reflections.Reflections (Reflections.java:scan(232)) - Reflections took 169 ms to scan 7 urls, producing 132 keys and 321 values 
2022-08-08 17:31:53,957 [Listener at 127.0.0.1/44865] INFO  statemachine.DatanodeStateMachine (DatanodeStateMachine.java:getEndPointTaskThreadPoolSize(237)) - Datanode State Machine Task Thread Pool size 2
2022-08-08 17:31:53,967 [Listener at 127.0.0.1/44865] INFO  volume.HddsVolume (HddsVolume.java:<init>(116)) - Creating HddsVolume: /home/runner/work/ozone/ozone/hadoop-ozone/integration-test/target/test-dir/MiniOzoneClusterImpl-f558af99-55da-4127-a18c-29a24303d895/datanode-2/data-0/containers/hdds of storage type : DISK capacity : 9223372036854775807
2022-08-08 17:31:53,967 [Listener at 127.0.0.1/44865] INFO  volume.MutableVolumeSet (MutableVolumeSet.java:initializeVolumeSet(174)) - Added Volume : /home/runner/work/ozone/ozone/hadoop-ozone/integration-test/target/test-dir/MiniOzoneClusterImpl-f558af99-55da-4127-a18c-29a24303d895/datanode-2/data-0/containers/hdds to VolumeSet
2022-08-08 17:31:53,967 [Listener at 127.0.0.1/44865] INFO  volume.ThrottledAsyncChecker (ThrottledAsyncChecker.java:schedule(141)) - Scheduling a check for /home/runner/work/ozone/ozone/hadoop-ozone/integration-test/target/test-dir/MiniOzoneClusterImpl-f558af99-55da-4127-a18c-29a24303d895/datanode-2/data-0/containers/hdds
2022-08-08 17:31:53,968 [Listener at 127.0.0.1/44865] INFO  volume.StorageVolumeChecker (StorageVolumeChecker.java:checkAllVolumes(202)) - Scheduled health check for volume /home/runner/work/ozone/ozone/hadoop-ozone/integration-test/target/test-dir/MiniOzoneClusterImpl-f558af99-55da-4127-a18c-29a24303d895/datanode-2/data-0/containers/hdds
2022-08-08 17:31:53,996 [Listener at 127.0.0.1/44865] INFO  volume.MutableVolumeSet (MutableVolumeSet.java:initializeVolumeSet(174)) - Added Volume : /home/runner/work/ozone/ozone/hadoop-ozone/integration-test/target/test-dir/MiniOzoneClusterImpl-f558af99-55da-4127-a18c-29a24303d895/datanode-2/data/ratis to VolumeSet
2022-08-08 17:31:53,996 [Listener at 127.0.0.1/44865] INFO  volume.ThrottledAsyncChecker (ThrottledAsyncChecker.java:schedule(141)) - Scheduling a check for /home/runner/work/ozone/ozone/hadoop-ozone/integration-test/target/test-dir/MiniOzoneClusterImpl-f558af99-55da-4127-a18c-29a24303d895/datanode-2/data/ratis
2022-08-08 17:31:53,996 [Listener at 127.0.0.1/44865] INFO  volume.StorageVolumeChecker (StorageVolumeChecker.java:checkAllVolumes(202)) - Scheduled health check for volume /home/runner/work/ozone/ozone/hadoop-ozone/integration-test/target/test-dir/MiniOzoneClusterImpl-f558af99-55da-4127-a18c-29a24303d895/datanode-2/data/ratis
2022-08-08 17:31:54,031 [Thread-710] INFO  ozoneimpl.ContainerReader (ContainerReader.java:readVolume(175)) - Finish verifying containers on volume /home/runner/work/ozone/ozone/hadoop-ozone/integration-test/target/test-dir/MiniOzoneClusterImpl-f558af99-55da-4127-a18c-29a24303d895/datanode-2/data-0/containers/hdds
2022-08-08 17:31:54,031 [Listener at 127.0.0.1/44865] INFO  ozoneimpl.OzoneContainer (OzoneContainer.java:buildContainerSet(299)) - Build ContainerSet costs 0s
2022-08-08 17:31:54,044 [Listener at 127.0.0.1/44865] INFO  server.RaftServer (ConfUtils.java:logGet(46)) - raft.rpc.type = GRPC (default)
2022-08-08 17:31:54,044 [Listener at 127.0.0.1/44865] INFO  grpc.GrpcFactory (GrpcFactory.java:checkPooledByteBufAllocatorUseCacheForAllThreads(48)) - PERFORMANCE WARNING: useCacheForAllThreads is true that may cause Netty to create a lot garbage objects and, as a result, trigger GC.
	It is recommended to disable useCacheForAllThreads by setting -Dorg.apache.ratis.thirdparty.io.netty.allocator.useCacheForAllThreads=false in command line.
2022-08-08 17:31:54,046 [Listener at 127.0.0.1/44865] INFO  grpc.GrpcConfigKeys (ConfUtils.java:logGet(46)) - raft.grpc.admin.port = 0 (custom)
2022-08-08 17:31:54,046 [Listener at 127.0.0.1/44865] INFO  grpc.GrpcConfigKeys (ConfUtils.java:logGet(46)) - raft.grpc.client.port = 0 (custom)
2022-08-08 17:31:54,046 [Listener at 127.0.0.1/44865] INFO  grpc.GrpcConfigKeys (ConfUtils.java:logGet(46)) - raft.grpc.server.port = 0 (default)
2022-08-08 17:31:54,046 [Listener at 127.0.0.1/44865] INFO  server.GrpcService (ConfUtils.java:logGet(46)) - raft.grpc.message.size.max = 32MB (=33554432) (custom)
2022-08-08 17:31:54,047 [Listener at 127.0.0.1/44865] INFO  server.RaftServerConfigKeys (ConfUtils.java:logGet(46)) - raft.server.log.appender.buffer.byte-limit = 33554432 (custom)
2022-08-08 17:31:54,047 [Listener at 127.0.0.1/44865] INFO  server.GrpcService (ConfUtils.java:logGet(46)) - raft.grpc.flow.control.window = 5MB (=5242880) (custom)
2022-08-08 17:31:54,047 [Listener at 127.0.0.1/44865] INFO  server.RaftServerConfigKeys (ConfUtils.java:logGet(46)) - raft.server.rpc.request.timeout = 60s (custom)
2022-08-08 17:31:54,047 [Listener at 127.0.0.1/44865] INFO  grpc.GrpcConfigKeys (ConfUtils.java:logGet(46)) - raft.grpc.server.async.request.thread.pool.cached = true (default)
2022-08-08 17:31:54,047 [Listener at 127.0.0.1/44865] INFO  grpc.GrpcConfigKeys (ConfUtils.java:logGet(46)) - raft.grpc.server.async.request.thread.pool.size = 32 (default)
2022-08-08 17:31:54,053 [Listener at 127.0.0.1/44865] INFO  impl.DataStreamServerImpl (ConfUtils.java:logGet(46)) - raft.datastream.type = DISABLED (default)
2022-08-08 17:31:54,053 [Listener at 127.0.0.1/44865] INFO  server.RaftServerConfigKeys (ConfUtils.java:logGet(46)) - raft.server.threadpool.proxy.cached = true (default)
2022-08-08 17:31:54,053 [Listener at 127.0.0.1/44865] INFO  server.RaftServerConfigKeys (ConfUtils.java:logGet(46)) - raft.server.threadpool.proxy.size = 0 (default)
2022-08-08 17:31:54,053 [Listener at 127.0.0.1/44865] INFO  server.RaftServerConfigKeys (ConfUtils.java:logGet(46)) - raft.server.rpc.slowness.timeout = 300s (custom)
2022-08-08 17:31:54,053 [Listener at 127.0.0.1/44865] INFO  server.RaftServerConfigKeys (ConfUtils.java:logGet(46)) - raft.server.leaderelection.leader.step-down.wait-time = 10s (default)
2022-08-08 17:31:54,054 [Listener at 127.0.0.1/44865] INFO  server.RaftServerConfigKeys (ConfUtils.java:logGet(46)) - raft.server.storage.dir = [/home/runner/work/ozone/ozone/hadoop-ozone/integration-test/target/test-dir/MiniOzoneClusterImpl-f558af99-55da-4127-a18c-29a24303d895/datanode-2/data/ratis] (custom)
2022-08-08 17:31:54,066 [Listener at 127.0.0.1/44865] INFO  server.XceiverServerGrpc (XceiverServerGrpc.java:<init>(132)) - GrpcServer channel type EpollServerSocketChannel
2022-08-08 17:31:54,086 [Listener at 127.0.0.1/44865] INFO  http.BaseHttpServer (BaseHttpServer.java:newHttpServer2BuilderForOzone(209)) - Starting Web-server for hddsDatanode at: http://0.0.0.0:0
2022-08-08 17:31:54,087 [Listener at 127.0.0.1/44865] INFO  http.BaseHttpServer (BaseHttpServer.java:<init>(107)) - Hadoop Security Enabled: false Ozone Security Enabled: false Ozone HTTP Security Enabled: false 
2022-08-08 17:31:54,088 [Listener at 127.0.0.1/44865] INFO  server.AuthenticationFilter (AuthenticationFilter.java:constructSecretProvider(240)) - Unable to initialize FileSignerSecretProvider, falling back to use random secrets.
2022-08-08 17:31:54,096 [Listener at 127.0.0.1/44865] WARN  http.HttpRequestLog (HttpRequestLog.java:getRequestLog(103)) - Jetty request log can only be enabled using Log4j
2022-08-08 17:31:54,097 [Listener at 127.0.0.1/44865] INFO  http.HttpServer2 (HttpServer2.java:addGlobalFilter(1029)) - Added global filter 'safety' (class=org.apache.hadoop.hdds.server.http.HttpServer2$QuotingInputFilter)
2022-08-08 17:31:54,098 [Listener at 127.0.0.1/44865] INFO  http.HttpServer2 (HttpServer2.java:addFilter(1005)) - Added filter static_user_filter (class=org.apache.hadoop.http.lib.StaticUserWebFilter$StaticUserFilter) to context hddsDatanode
2022-08-08 17:31:54,098 [Listener at 127.0.0.1/44865] INFO  http.HttpServer2 (HttpServer2.java:addFilter(1013)) - Added filter static_user_filter (class=org.apache.hadoop.http.lib.StaticUserWebFilter$StaticUserFilter) to context static
2022-08-08 17:31:54,098 [Listener at 127.0.0.1/44865] INFO  http.HttpServer2 (HttpServer2.java:addFilter(1013)) - Added filter static_user_filter (class=org.apache.hadoop.http.lib.StaticUserWebFilter$StaticUserFilter) to context logs
2022-08-08 17:31:54,098 [Listener at 127.0.0.1/44865] INFO  http.HttpServer2 (HttpServer2.java:bindListener(1248)) - Jetty bound to port 41933
2022-08-08 17:31:54,099 [Listener at 127.0.0.1/44865] INFO  server.Server (Server.java:doStart(375)) - jetty-9.4.43.v20210629; built: 2021-06-30T11:07:22.254Z; git: 526006ecfa3af7f1a27ef3a288e2bef7ea9dd7e8; jvm 1.8.0_332-b09
2022-08-08 17:31:54,108 [Listener at 127.0.0.1/44865] INFO  server.session (DefaultSessionIdManager.java:doStart(334)) - DefaultSessionIdManager workerName=node0
2022-08-08 17:31:54,108 [Listener at 127.0.0.1/44865] INFO  server.session (DefaultSessionIdManager.java:doStart(339)) - No SessionScavenger set, using defaults
2022-08-08 17:31:54,109 [Listener at 127.0.0.1/44865] INFO  server.session (HouseKeeper.java:startScavenging(132)) - node0 Scavenging every 600000ms
2022-08-08 17:31:54,118 [Listener at 127.0.0.1/44865] INFO  handler.ContextHandler (ContextHandler.java:doStart(915)) - Started o.e.j.s.ServletContextHandler@2ac59630{logs,/logs,file:///home/runner/work/ozone/ozone/hadoop-ozone/integration-test/target/log,AVAILABLE}
2022-08-08 17:31:54,119 [Listener at 127.0.0.1/44865] INFO  handler.ContextHandler (ContextHandler.java:doStart(915)) - Started o.e.j.s.ServletContextHandler@72cb82a9{static,/static,jar:file:/home/runner/.m2/repository/org/apache/ozone/hdds-container-service/1.3.0-SNAPSHOT/hdds-container-service-1.3.0-SNAPSHOT.jar!/webapps/static,AVAILABLE}
2022-08-08 17:31:54,484 [Listener at 127.0.0.1/44865] INFO  handler.ContextHandler (ContextHandler.java:doStart(915)) - Started o.e.j.w.WebAppContext@27d60a52{hddsDatanode,/,file:///tmp/jetty-0_0_0_0-41933-hdds-container-service-1_3_0-SNAPSHOT_jar-_-any-6516074641595852670/webapp/,AVAILABLE}{jar:file:/home/runner/.m2/repository/org/apache/ozone/hdds-container-service/1.3.0-SNAPSHOT/hdds-container-service-1.3.0-SNAPSHOT.jar!/webapps/hddsDatanode}
2022-08-08 17:31:54,489 [Listener at 127.0.0.1/44865] INFO  server.AbstractConnector (AbstractConnector.java:doStart(331)) - Started ServerConnector@1dd69de7{HTTP/1.1, (http/1.1)}{0.0.0.0:41933}
2022-08-08 17:31:54,489 [Listener at 127.0.0.1/44865] INFO  server.Server (Server.java:doStart(415)) - Started @89175ms
2022-08-08 17:31:54,489 [Listener at 127.0.0.1/44865] WARN  impl.MetricsSystemImpl (MetricsSystemImpl.java:register(279)) - Sink prometheus already exists!
2022-08-08 17:31:54,491 [Listener at 127.0.0.1/44865] INFO  http.BaseHttpServer (BaseHttpServer.java:updateConnectorAddress(329)) - HTTP server of hddsDatanode listening at http://0.0.0.0:41933
2022-08-08 17:31:54,498 [Listener at 127.0.0.1/44865] WARN  impl.MetricRegistriesImpl (MetricRegistriesImpl.java:addReporterRegistration(111)) - New reporters are added after registries were created. Some metrics will be missing from the reporter. Please add reporter before adding any new registry.
2022-08-08 17:31:54,498 [Listener at 127.0.0.1/44865] WARN  impl.MetricRegistriesImpl (MetricRegistriesImpl.java:addReporterRegistration(111)) - New reporters are added after registries were created. Some metrics will be missing from the reporter. Please add reporter before adding any new registry.
2022-08-08 17:31:54,498 [Listener at 127.0.0.1/44865] INFO  impl.MetricsSystemImpl (MetricsSystemImpl.java:init(158)) - HddsDatanode metrics system started (again)
2022-08-08 17:31:54,506 [Datanode State Machine Daemon Thread] INFO  statemachine.DatanodeStateMachine (DatanodeStateMachine.java:lambda$startDaemon$0(492)) - Ozone container server started.
2022-08-08 17:31:54,523 [Listener at 127.0.0.1/44865] INFO  ozone.HddsDatanodeService (HddsDatanodeService.java:start(236)) - HddsDatanodeService host:fv-az207-152.1ztp0ef1jgbebjcpob1ohcpowa.jx.internal.cloudapp.net ip:10.1.0.4
2022-08-08 17:31:54,556 [org.apache.hadoop.util.JvmPauseMonitor$Monitor@5901ba58] INFO  util.JvmPauseMonitor (JvmPauseMonitor.java:run(188)) - Starting JVM pause monitor
2022-08-08 17:31:54,559 [Datanode State Machine Task Thread - 0] INFO  datanode.InitDatanodeState (InitDatanodeState.java:persistContainerDatanodeDetails(138)) - DatanodeDetails is persisted to /home/runner/work/ozone/ozone/hadoop-ozone/integration-test/target/test-dir/MiniOzoneClusterImpl-f558af99-55da-4127-a18c-29a24303d895/datanode-2/meta/datanode.id
2022-08-08 17:31:54,593 [Listener at 127.0.0.1/44865] INFO  upgrade.AbstractLayoutVersionManager (AbstractLayoutVersionManager.java:init(83)) - Initializing Layout version manager with metadata layout = DATANODE_SCHEMA_V3 (version = 4), software layout = DATANODE_SCHEMA_V3 (version = 4)
2022-08-08 17:31:54,663 [Finalizer] WARN  managed.ManagedRocksObjectUtils (ManagedRocksObjectUtils.java:assertClosed(39)) - ManagedColumnFamilyOptions is not closed properly
2022-08-08 17:31:54,663 [Finalizer] WARN  managed.ManagedRocksObjectUtils (ManagedRocksObjectUtils.java:assertClosed(39)) - ManagedColumnFamilyOptions is not closed properly
2022-08-08 17:31:54,663 [Finalizer] WARN  managed.ManagedRocksObjectUtils (ManagedRocksObjectUtils.java:assertClosed(39)) - ManagedColumnFamilyOptions is not closed properly
2022-08-08 17:31:54,663 [Finalizer] WARN  managed.ManagedRocksObjectUtils (ManagedRocksObjectUtils.java:assertClosed(39)) - ManagedColumnFamilyOptions is not closed properly
2022-08-08 17:31:54,670 [Finalizer] WARN  managed.ManagedRocksObjectUtils (ManagedRocksObjectUtils.java:assertClosed(39)) - ManagedColumnFamilyOptions is not closed properly
2022-08-08 17:31:54,670 [Finalizer] WARN  managed.ManagedRocksObjectUtils (ManagedRocksObjectUtils.java:assertClosed(39)) - ManagedColumnFamilyOptions is not closed properly
2022-08-08 17:31:54,670 [Finalizer] WARN  managed.ManagedRocksObjectUtils (ManagedRocksObjectUtils.java:assertClosed(39)) - ManagedColumnFamilyOptions is not closed properly
2022-08-08 17:31:54,670 [Finalizer] WARN  managed.ManagedRocksObjectUtils (ManagedRocksObjectUtils.java:assertClosed(39)) - ManagedColumnFamilyOptions is not closed properly
2022-08-08 17:31:54,670 [Finalizer] WARN  managed.ManagedRocksObjectUtils (ManagedRocksObjectUtils.java:assertClosed(39)) - ManagedColumnFamilyOptions is not closed properly
2022-08-08 17:31:54,670 [Finalizer] WARN  managed.ManagedRocksObjectUtils (ManagedRocksObjectUtils.java:assertClosed(39)) - ManagedColumnFamilyOptions is not closed properly
2022-08-08 17:31:54,670 [Finalizer] WARN  managed.ManagedRocksObjectUtils (ManagedRocksObjectUtils.java:assertClosed(39)) - ManagedColumnFamilyOptions is not closed properly
2022-08-08 17:31:54,670 [Finalizer] WARN  managed.ManagedRocksObjectUtils (ManagedRocksObjectUtils.java:assertClosed(39)) - ManagedColumnFamilyOptions is not closed properly
2022-08-08 17:31:54,671 [Finalizer] WARN  managed.ManagedRocksObjectUtils (ManagedRocksObjectUtils.java:assertClosed(39)) - ManagedColumnFamilyOptions is not closed properly
2022-08-08 17:31:54,671 [Finalizer] WARN  managed.ManagedRocksObjectUtils (ManagedRocksObjectUtils.java:assertClosed(39)) - ManagedColumnFamilyOptions is not closed properly
2022-08-08 17:31:54,671 [Finalizer] WARN  managed.ManagedRocksObjectUtils (ManagedRocksObjectUtils.java:assertClosed(39)) - ManagedColumnFamilyOptions is not closed properly
2022-08-08 17:31:54,671 [Finalizer] WARN  managed.ManagedRocksObjectUtils (ManagedRocksObjectUtils.java:assertClosed(39)) - ManagedColumnFamilyOptions is not closed properly
2022-08-08 17:31:54,719 [Listener at 127.0.0.1/44865] INFO  reflections.Reflections (Reflections.java:scan(232)) - Reflections took 125 ms to scan 7 urls, producing 132 keys and 321 values 
2022-08-08 17:31:54,720 [Listener at 127.0.0.1/44865] INFO  statemachine.DatanodeStateMachine (DatanodeStateMachine.java:getEndPointTaskThreadPoolSize(237)) - Datanode State Machine Task Thread Pool size 2
2022-08-08 17:31:54,726 [Listener at 127.0.0.1/44865] INFO  volume.HddsVolume (HddsVolume.java:<init>(116)) - Creating HddsVolume: /home/runner/work/ozone/ozone/hadoop-ozone/integration-test/target/test-dir/MiniOzoneClusterImpl-f558af99-55da-4127-a18c-29a24303d895/datanode-3/data-0/containers/hdds of storage type : DISK capacity : 9223372036854775807
2022-08-08 17:31:54,726 [Listener at 127.0.0.1/44865] INFO  volume.MutableVolumeSet (MutableVolumeSet.java:initializeVolumeSet(174)) - Added Volume : /home/runner/work/ozone/ozone/hadoop-ozone/integration-test/target/test-dir/MiniOzoneClusterImpl-f558af99-55da-4127-a18c-29a24303d895/datanode-3/data-0/containers/hdds to VolumeSet
2022-08-08 17:31:54,726 [Listener at 127.0.0.1/44865] INFO  volume.ThrottledAsyncChecker (ThrottledAsyncChecker.java:schedule(141)) - Scheduling a check for /home/runner/work/ozone/ozone/hadoop-ozone/integration-test/target/test-dir/MiniOzoneClusterImpl-f558af99-55da-4127-a18c-29a24303d895/datanode-3/data-0/containers/hdds
2022-08-08 17:31:54,727 [Listener at 127.0.0.1/44865] INFO  volume.StorageVolumeChecker (StorageVolumeChecker.java:checkAllVolumes(202)) - Scheduled health check for volume /home/runner/work/ozone/ozone/hadoop-ozone/integration-test/target/test-dir/MiniOzoneClusterImpl-f558af99-55da-4127-a18c-29a24303d895/datanode-3/data-0/containers/hdds
2022-08-08 17:31:54,758 [Listener at 127.0.0.1/44865] INFO  volume.MutableVolumeSet (MutableVolumeSet.java:initializeVolumeSet(174)) - Added Volume : /home/runner/work/ozone/ozone/hadoop-ozone/integration-test/target/test-dir/MiniOzoneClusterImpl-f558af99-55da-4127-a18c-29a24303d895/datanode-3/data/ratis to VolumeSet
2022-08-08 17:31:54,759 [Listener at 127.0.0.1/44865] INFO  volume.ThrottledAsyncChecker (ThrottledAsyncChecker.java:schedule(141)) - Scheduling a check for /home/runner/work/ozone/ozone/hadoop-ozone/integration-test/target/test-dir/MiniOzoneClusterImpl-f558af99-55da-4127-a18c-29a24303d895/datanode-3/data/ratis
2022-08-08 17:31:54,759 [Listener at 127.0.0.1/44865] INFO  volume.StorageVolumeChecker (StorageVolumeChecker.java:checkAllVolumes(202)) - Scheduled health check for volume /home/runner/work/ozone/ozone/hadoop-ozone/integration-test/target/test-dir/MiniOzoneClusterImpl-f558af99-55da-4127-a18c-29a24303d895/datanode-3/data/ratis
2022-08-08 17:31:54,776 [Thread-723] INFO  ozoneimpl.ContainerReader (ContainerReader.java:readVolume(175)) - Finish verifying containers on volume /home/runner/work/ozone/ozone/hadoop-ozone/integration-test/target/test-dir/MiniOzoneClusterImpl-f558af99-55da-4127-a18c-29a24303d895/datanode-3/data-0/containers/hdds
2022-08-08 17:31:54,776 [Listener at 127.0.0.1/44865] INFO  ozoneimpl.OzoneContainer (OzoneContainer.java:buildContainerSet(299)) - Build ContainerSet costs 0s
2022-08-08 17:31:54,779 [Listener at 127.0.0.1/44865] INFO  server.RaftServer (ConfUtils.java:logGet(46)) - raft.rpc.type = GRPC (default)
2022-08-08 17:31:54,779 [Listener at 127.0.0.1/44865] INFO  grpc.GrpcFactory (GrpcFactory.java:checkPooledByteBufAllocatorUseCacheForAllThreads(48)) - PERFORMANCE WARNING: useCacheForAllThreads is true that may cause Netty to create a lot garbage objects and, as a result, trigger GC.
	It is recommended to disable useCacheForAllThreads by setting -Dorg.apache.ratis.thirdparty.io.netty.allocator.useCacheForAllThreads=false in command line.
2022-08-08 17:31:54,779 [Listener at 127.0.0.1/44865] INFO  grpc.GrpcConfigKeys (ConfUtils.java:logGet(46)) - raft.grpc.admin.port = 0 (custom)
2022-08-08 17:31:54,779 [Listener at 127.0.0.1/44865] INFO  grpc.GrpcConfigKeys (ConfUtils.java:logGet(46)) - raft.grpc.client.port = 0 (custom)
2022-08-08 17:31:54,779 [Listener at 127.0.0.1/44865] INFO  grpc.GrpcConfigKeys (ConfUtils.java:logGet(46)) - raft.grpc.server.port = 0 (default)
2022-08-08 17:31:54,779 [Listener at 127.0.0.1/44865] INFO  server.GrpcService (ConfUtils.java:logGet(46)) - raft.grpc.message.size.max = 32MB (=33554432) (custom)
2022-08-08 17:31:54,779 [Listener at 127.0.0.1/44865] INFO  server.RaftServerConfigKeys (ConfUtils.java:logGet(46)) - raft.server.log.appender.buffer.byte-limit = 33554432 (custom)
2022-08-08 17:31:54,779 [Listener at 127.0.0.1/44865] INFO  server.GrpcService (ConfUtils.java:logGet(46)) - raft.grpc.flow.control.window = 5MB (=5242880) (custom)
2022-08-08 17:31:54,780 [Listener at 127.0.0.1/44865] INFO  server.RaftServerConfigKeys (ConfUtils.java:logGet(46)) - raft.server.rpc.request.timeout = 60s (custom)
2022-08-08 17:31:54,780 [Listener at 127.0.0.1/44865] INFO  grpc.GrpcConfigKeys (ConfUtils.java:logGet(46)) - raft.grpc.server.async.request.thread.pool.cached = true (default)
2022-08-08 17:31:54,780 [Listener at 127.0.0.1/44865] INFO  grpc.GrpcConfigKeys (ConfUtils.java:logGet(46)) - raft.grpc.server.async.request.thread.pool.size = 32 (default)
2022-08-08 17:31:54,781 [Listener at 127.0.0.1/44865] INFO  impl.DataStreamServerImpl (ConfUtils.java:logGet(46)) - raft.datastream.type = DISABLED (default)
2022-08-08 17:31:54,781 [Listener at 127.0.0.1/44865] INFO  server.RaftServerConfigKeys (ConfUtils.java:logGet(46)) - raft.server.threadpool.proxy.cached = true (default)
2022-08-08 17:31:54,781 [Listener at 127.0.0.1/44865] INFO  server.RaftServerConfigKeys (ConfUtils.java:logGet(46)) - raft.server.threadpool.proxy.size = 0 (default)
2022-08-08 17:31:54,781 [Listener at 127.0.0.1/44865] INFO  server.RaftServerConfigKeys (ConfUtils.java:logGet(46)) - raft.server.rpc.slowness.timeout = 300s (custom)
2022-08-08 17:31:54,781 [Listener at 127.0.0.1/44865] INFO  server.RaftServerConfigKeys (ConfUtils.java:logGet(46)) - raft.server.leaderelection.leader.step-down.wait-time = 10s (default)
2022-08-08 17:31:54,781 [Listener at 127.0.0.1/44865] INFO  server.RaftServerConfigKeys (ConfUtils.java:logGet(46)) - raft.server.storage.dir = [/home/runner/work/ozone/ozone/hadoop-ozone/integration-test/target/test-dir/MiniOzoneClusterImpl-f558af99-55da-4127-a18c-29a24303d895/datanode-3/data/ratis] (custom)
2022-08-08 17:31:54,799 [Listener at 127.0.0.1/44865] INFO  server.XceiverServerGrpc (XceiverServerGrpc.java:<init>(132)) - GrpcServer channel type EpollServerSocketChannel
2022-08-08 17:31:54,806 [Listener at 127.0.0.1/44865] INFO  http.BaseHttpServer (BaseHttpServer.java:newHttpServer2BuilderForOzone(209)) - Starting Web-server for hddsDatanode at: http://0.0.0.0:0
2022-08-08 17:31:54,806 [Listener at 127.0.0.1/44865] INFO  http.BaseHttpServer (BaseHttpServer.java:<init>(107)) - Hadoop Security Enabled: false Ozone Security Enabled: false Ozone HTTP Security Enabled: false 
2022-08-08 17:31:54,807 [Listener at 127.0.0.1/44865] INFO  server.AuthenticationFilter (AuthenticationFilter.java:constructSecretProvider(240)) - Unable to initialize FileSignerSecretProvider, falling back to use random secrets.
2022-08-08 17:31:54,818 [Listener at 127.0.0.1/44865] WARN  http.HttpRequestLog (HttpRequestLog.java:getRequestLog(103)) - Jetty request log can only be enabled using Log4j
2022-08-08 17:31:54,819 [Listener at 127.0.0.1/44865] INFO  http.HttpServer2 (HttpServer2.java:addGlobalFilter(1029)) - Added global filter 'safety' (class=org.apache.hadoop.hdds.server.http.HttpServer2$QuotingInputFilter)
2022-08-08 17:31:54,819 [Listener at 127.0.0.1/44865] INFO  http.HttpServer2 (HttpServer2.java:addFilter(1005)) - Added filter static_user_filter (class=org.apache.hadoop.http.lib.StaticUserWebFilter$StaticUserFilter) to context hddsDatanode
2022-08-08 17:31:54,819 [Listener at 127.0.0.1/44865] INFO  http.HttpServer2 (HttpServer2.java:addFilter(1013)) - Added filter static_user_filter (class=org.apache.hadoop.http.lib.StaticUserWebFilter$StaticUserFilter) to context logs
2022-08-08 17:31:54,820 [Listener at 127.0.0.1/44865] INFO  http.HttpServer2 (HttpServer2.java:addFilter(1013)) - Added filter static_user_filter (class=org.apache.hadoop.http.lib.StaticUserWebFilter$StaticUserFilter) to context static
2022-08-08 17:31:54,820 [Listener at 127.0.0.1/44865] INFO  http.HttpServer2 (HttpServer2.java:bindListener(1248)) - Jetty bound to port 37523
2022-08-08 17:31:54,820 [Listener at 127.0.0.1/44865] INFO  server.Server (Server.java:doStart(375)) - jetty-9.4.43.v20210629; built: 2021-06-30T11:07:22.254Z; git: 526006ecfa3af7f1a27ef3a288e2bef7ea9dd7e8; jvm 1.8.0_332-b09
2022-08-08 17:31:54,839 [Listener at 127.0.0.1/44865] INFO  server.session (DefaultSessionIdManager.java:doStart(334)) - DefaultSessionIdManager workerName=node0
2022-08-08 17:31:54,839 [Listener at 127.0.0.1/44865] INFO  server.session (DefaultSessionIdManager.java:doStart(339)) - No SessionScavenger set, using defaults
2022-08-08 17:31:54,840 [Listener at 127.0.0.1/44865] INFO  server.session (HouseKeeper.java:startScavenging(132)) - node0 Scavenging every 660000ms
2022-08-08 17:31:54,840 [Listener at 127.0.0.1/44865] INFO  handler.ContextHandler (ContextHandler.java:doStart(915)) - Started o.e.j.s.ServletContextHandler@3b8a9150{logs,/logs,file:///home/runner/work/ozone/ozone/hadoop-ozone/integration-test/target/log,AVAILABLE}
2022-08-08 17:31:54,841 [Listener at 127.0.0.1/44865] INFO  handler.ContextHandler (ContextHandler.java:doStart(915)) - Started o.e.j.s.ServletContextHandler@23e7eb1d{static,/static,jar:file:/home/runner/.m2/repository/org/apache/ozone/hdds-container-service/1.3.0-SNAPSHOT/hdds-container-service-1.3.0-SNAPSHOT.jar!/webapps/static,AVAILABLE}
2022-08-08 17:31:55,132 [EndpointStateMachine task thread for /0.0.0.0:44433 - 0 ] INFO  volume.HddsVolume (HddsVolume.java:createDbStore(309)) - SchemaV3 db is created and loaded at /home/runner/work/ozone/ozone/hadoop-ozone/integration-test/target/test-dir/MiniOzoneClusterImpl-f558af99-55da-4127-a18c-29a24303d895/datanode-0/data-0/containers/hdds/f558af99-55da-4127-a18c-29a24303d895/DS-4673ba15-813a-49a3-bda0-0056d8c78feb/container.db for volume DS-4673ba15-813a-49a3-bda0-0056d8c78feb
2022-08-08 17:31:55,135 [EndpointStateMachine task thread for /0.0.0.0:44433 - 0 ] INFO  volume.HddsVolume (HddsVolume.java:closeDbStore(340)) - SchemaV3 db is stopped at /home/runner/work/ozone/ozone/hadoop-ozone/integration-test/target/test-dir/MiniOzoneClusterImpl-f558af99-55da-4127-a18c-29a24303d895/datanode-0/data-0/containers/hdds/f558af99-55da-4127-a18c-29a24303d895/DS-4673ba15-813a-49a3-bda0-0056d8c78feb/container.db for volume DS-4673ba15-813a-49a3-bda0-0056d8c78feb
2022-08-08 17:31:55,136 [EndpointStateMachine task thread for /0.0.0.0:44433 - 0 ] INFO  ozoneimpl.OzoneContainer (OzoneContainer.java:start(377)) - Attempting to start container services.
2022-08-08 17:31:55,136 [EndpointStateMachine task thread for /0.0.0.0:44433 - 0 ] INFO  ozoneimpl.OzoneContainer (OzoneContainer.java:startContainerScrub(312)) - Background container scanner has been disabled.
2022-08-08 17:31:55,171 [EndpointStateMachine task thread for /0.0.0.0:44433 - 0 ] INFO  replication.ReplicationServer (ReplicationServer.java:start(111)) - ReplicationServer is started using port 37335
2022-08-08 17:31:55,171 [EndpointStateMachine task thread for /0.0.0.0:44433 - 0 ] INFO  ratis.XceiverServerRatis (XceiverServerRatis.java:start(481)) - Starting XceiverServerRatis cf00da59-0cdc-47d7-956f-cb1d63eabba8
2022-08-08 17:31:55,186 [EndpointStateMachine task thread for /0.0.0.0:44433 - 0 ] INFO  server.RaftServer (RaftServerProxy.java:lambda$start$6(382)) - cf00da59-0cdc-47d7-956f-cb1d63eabba8: start RPC server
2022-08-08 17:31:55,210 [EndpointStateMachine task thread for /0.0.0.0:44433 - 0 ] INFO  server.GrpcService (GrpcService.java:startImpl(260)) - cf00da59-0cdc-47d7-956f-cb1d63eabba8: GrpcService started, listening on 38075
2022-08-08 17:31:55,218 [EndpointStateMachine task thread for /0.0.0.0:44433 - 0 ] INFO  ratis.XceiverServerRatis (XceiverServerRatis.java:getRealPort(502)) - XceiverServerRatis cf00da59-0cdc-47d7-956f-cb1d63eabba8 is started using port 38075 for RATIS
2022-08-08 17:31:55,218 [org.apache.ratis.util.JvmPauseMonitor$$Lambda$616/2073768691@2dbe5ad] INFO  util.JvmPauseMonitor (JvmPauseMonitor.java:run(103)) - JvmPauseMonitor-cf00da59-0cdc-47d7-956f-cb1d63eabba8: Started
2022-08-08 17:31:55,218 [EndpointStateMachine task thread for /0.0.0.0:44433 - 0 ] INFO  ratis.XceiverServerRatis (XceiverServerRatis.java:getRealPort(502)) - XceiverServerRatis cf00da59-0cdc-47d7-956f-cb1d63eabba8 is started using port 38075 for RATIS_ADMIN
2022-08-08 17:31:55,218 [EndpointStateMachine task thread for /0.0.0.0:44433 - 0 ] INFO  ratis.XceiverServerRatis (XceiverServerRatis.java:getRealPort(502)) - XceiverServerRatis cf00da59-0cdc-47d7-956f-cb1d63eabba8 is started using port 38075 for RATIS_SERVER
2022-08-08 17:31:55,250 [EndpointStateMachine task thread for /0.0.0.0:44433 - 0 ] INFO  server.XceiverServerGrpc (XceiverServerGrpc.java:start(180)) - XceiverServerGrpc cf00da59-0cdc-47d7-956f-cb1d63eabba8 is started using port 32969
2022-08-08 17:31:55,300 [Listener at 127.0.0.1/44865] INFO  handler.ContextHandler (ContextHandler.java:doStart(915)) - Started o.e.j.w.WebAppContext@481d5c41{hddsDatanode,/,file:///tmp/jetty-0_0_0_0-37523-hdds-container-service-1_3_0-SNAPSHOT_jar-_-any-6013287734781417815/webapp/,AVAILABLE}{jar:file:/home/runner/.m2/repository/org/apache/ozone/hdds-container-service/1.3.0-SNAPSHOT/hdds-container-service-1.3.0-SNAPSHOT.jar!/webapps/hddsDatanode}
2022-08-08 17:31:55,302 [Listener at 127.0.0.1/44865] INFO  server.AbstractConnector (AbstractConnector.java:doStart(331)) - Started ServerConnector@317648d8{HTTP/1.1, (http/1.1)}{0.0.0.0:37523}
2022-08-08 17:31:55,302 [Listener at 127.0.0.1/44865] INFO  server.Server (Server.java:doStart(415)) - Started @89989ms
2022-08-08 17:31:55,302 [Listener at 127.0.0.1/44865] WARN  impl.MetricsSystemImpl (MetricsSystemImpl.java:register(279)) - Sink prometheus already exists!
2022-08-08 17:31:55,306 [Listener at 127.0.0.1/44865] INFO  http.BaseHttpServer (BaseHttpServer.java:updateConnectorAddress(329)) - HTTP server of hddsDatanode listening at http://0.0.0.0:37523
2022-08-08 17:31:55,322 [Listener at 127.0.0.1/44865] WARN  impl.MetricRegistriesImpl (MetricRegistriesImpl.java:addReporterRegistration(111)) - New reporters are added after registries were created. Some metrics will be missing from the reporter. Please add reporter before adding any new registry.
2022-08-08 17:31:55,322 [Listener at 127.0.0.1/44865] WARN  impl.MetricRegistriesImpl (MetricRegistriesImpl.java:addReporterRegistration(111)) - New reporters are added after registries were created. Some metrics will be missing from the reporter. Please add reporter before adding any new registry.
2022-08-08 17:31:55,323 [Listener at 127.0.0.1/44865] INFO  impl.MetricsSystemImpl (MetricsSystemImpl.java:init(158)) - HddsDatanode metrics system started (again)
2022-08-08 17:31:55,330 [Datanode State Machine Daemon Thread] INFO  statemachine.DatanodeStateMachine (DatanodeStateMachine.java:lambda$startDaemon$0(492)) - Ozone container server started.
2022-08-08 17:31:55,357 [Listener at 127.0.0.1/44865] INFO  ozone.HddsDatanodeService (HddsDatanodeService.java:start(236)) - HddsDatanodeService host:fv-az207-152.1ztp0ef1jgbebjcpob1ohcpowa.jx.internal.cloudapp.net ip:10.1.0.4
2022-08-08 17:31:55,402 [org.apache.hadoop.util.JvmPauseMonitor$Monitor@2157b2d6] INFO  util.JvmPauseMonitor (JvmPauseMonitor.java:run(188)) - Starting JVM pause monitor
2022-08-08 17:31:55,407 [Datanode State Machine Task Thread - 0] INFO  datanode.InitDatanodeState (InitDatanodeState.java:persistContainerDatanodeDetails(138)) - DatanodeDetails is persisted to /home/runner/work/ozone/ozone/hadoop-ozone/integration-test/target/test-dir/MiniOzoneClusterImpl-f558af99-55da-4127-a18c-29a24303d895/datanode-3/meta/datanode.id
2022-08-08 17:31:55,409 [Listener at 127.0.0.1/44865] INFO  upgrade.AbstractLayoutVersionManager (AbstractLayoutVersionManager.java:init(83)) - Initializing Layout version manager with metadata layout = DATANODE_SCHEMA_V3 (version = 4), software layout = DATANODE_SCHEMA_V3 (version = 4)
2022-08-08 17:31:55,588 [Listener at 127.0.0.1/44865] INFO  reflections.Reflections (Reflections.java:scan(232)) - Reflections took 176 ms to scan 7 urls, producing 132 keys and 321 values 
2022-08-08 17:31:55,596 [Listener at 127.0.0.1/44865] INFO  statemachine.DatanodeStateMachine (DatanodeStateMachine.java:getEndPointTaskThreadPoolSize(237)) - Datanode State Machine Task Thread Pool size 2
2022-08-08 17:31:55,614 [Listener at 127.0.0.1/44865] INFO  volume.HddsVolume (HddsVolume.java:<init>(116)) - Creating HddsVolume: /home/runner/work/ozone/ozone/hadoop-ozone/integration-test/target/test-dir/MiniOzoneClusterImpl-f558af99-55da-4127-a18c-29a24303d895/datanode-4/data-0/containers/hdds of storage type : DISK capacity : 9223372036854775807
2022-08-08 17:31:55,615 [Listener at 127.0.0.1/44865] INFO  volume.MutableVolumeSet (MutableVolumeSet.java:initializeVolumeSet(174)) - Added Volume : /home/runner/work/ozone/ozone/hadoop-ozone/integration-test/target/test-dir/MiniOzoneClusterImpl-f558af99-55da-4127-a18c-29a24303d895/datanode-4/data-0/containers/hdds to VolumeSet
2022-08-08 17:31:55,615 [Listener at 127.0.0.1/44865] INFO  volume.ThrottledAsyncChecker (ThrottledAsyncChecker.java:schedule(141)) - Scheduling a check for /home/runner/work/ozone/ozone/hadoop-ozone/integration-test/target/test-dir/MiniOzoneClusterImpl-f558af99-55da-4127-a18c-29a24303d895/datanode-4/data-0/containers/hdds
2022-08-08 17:31:55,626 [Listener at 127.0.0.1/44865] INFO  volume.StorageVolumeChecker (StorageVolumeChecker.java:checkAllVolumes(202)) - Scheduled health check for volume /home/runner/work/ozone/ozone/hadoop-ozone/integration-test/target/test-dir/MiniOzoneClusterImpl-f558af99-55da-4127-a18c-29a24303d895/datanode-4/data-0/containers/hdds
2022-08-08 17:31:55,639 [Listener at 127.0.0.1/44865] INFO  volume.MutableVolumeSet (MutableVolumeSet.java:initializeVolumeSet(174)) - Added Volume : /home/runner/work/ozone/ozone/hadoop-ozone/integration-test/target/test-dir/MiniOzoneClusterImpl-f558af99-55da-4127-a18c-29a24303d895/datanode-4/data/ratis to VolumeSet
2022-08-08 17:31:55,639 [Listener at 127.0.0.1/44865] INFO  volume.ThrottledAsyncChecker (ThrottledAsyncChecker.java:schedule(141)) - Scheduling a check for /home/runner/work/ozone/ozone/hadoop-ozone/integration-test/target/test-dir/MiniOzoneClusterImpl-f558af99-55da-4127-a18c-29a24303d895/datanode-4/data/ratis
2022-08-08 17:31:55,639 [Listener at 127.0.0.1/44865] INFO  volume.StorageVolumeChecker (StorageVolumeChecker.java:checkAllVolumes(202)) - Scheduled health check for volume /home/runner/work/ozone/ozone/hadoop-ozone/integration-test/target/test-dir/MiniOzoneClusterImpl-f558af99-55da-4127-a18c-29a24303d895/datanode-4/data/ratis
2022-08-08 17:31:55,676 [Thread-742] INFO  ozoneimpl.ContainerReader (ContainerReader.java:readVolume(175)) - Finish verifying containers on volume /home/runner/work/ozone/ozone/hadoop-ozone/integration-test/target/test-dir/MiniOzoneClusterImpl-f558af99-55da-4127-a18c-29a24303d895/datanode-4/data-0/containers/hdds
2022-08-08 17:31:55,676 [Listener at 127.0.0.1/44865] INFO  ozoneimpl.OzoneContainer (OzoneContainer.java:buildContainerSet(299)) - Build ContainerSet costs 0s
2022-08-08 17:31:55,678 [Listener at 127.0.0.1/44865] INFO  server.RaftServer (ConfUtils.java:logGet(46)) - raft.rpc.type = GRPC (default)
2022-08-08 17:31:55,678 [Listener at 127.0.0.1/44865] INFO  grpc.GrpcFactory (GrpcFactory.java:checkPooledByteBufAllocatorUseCacheForAllThreads(48)) - PERFORMANCE WARNING: useCacheForAllThreads is true that may cause Netty to create a lot garbage objects and, as a result, trigger GC.
	It is recommended to disable useCacheForAllThreads by setting -Dorg.apache.ratis.thirdparty.io.netty.allocator.useCacheForAllThreads=false in command line.
2022-08-08 17:31:55,678 [Listener at 127.0.0.1/44865] INFO  grpc.GrpcConfigKeys (ConfUtils.java:logGet(46)) - raft.grpc.admin.port = 0 (custom)
2022-08-08 17:31:55,679 [Listener at 127.0.0.1/44865] INFO  grpc.GrpcConfigKeys (ConfUtils.java:logGet(46)) - raft.grpc.client.port = 0 (custom)
2022-08-08 17:31:55,679 [Listener at 127.0.0.1/44865] INFO  grpc.GrpcConfigKeys (ConfUtils.java:logGet(46)) - raft.grpc.server.port = 0 (default)
2022-08-08 17:31:55,679 [Listener at 127.0.0.1/44865] INFO  server.GrpcService (ConfUtils.java:logGet(46)) - raft.grpc.message.size.max = 32MB (=33554432) (custom)
2022-08-08 17:31:55,679 [Listener at 127.0.0.1/44865] INFO  server.RaftServerConfigKeys (ConfUtils.java:logGet(46)) - raft.server.log.appender.buffer.byte-limit = 33554432 (custom)
2022-08-08 17:31:55,679 [Listener at 127.0.0.1/44865] INFO  server.GrpcService (ConfUtils.java:logGet(46)) - raft.grpc.flow.control.window = 5MB (=5242880) (custom)
2022-08-08 17:31:55,679 [Listener at 127.0.0.1/44865] INFO  server.RaftServerConfigKeys (ConfUtils.java:logGet(46)) - raft.server.rpc.request.timeout = 60s (custom)
2022-08-08 17:31:55,679 [Listener at 127.0.0.1/44865] INFO  grpc.GrpcConfigKeys (ConfUtils.java:logGet(46)) - raft.grpc.server.async.request.thread.pool.cached = true (default)
2022-08-08 17:31:55,679 [Listener at 127.0.0.1/44865] INFO  grpc.GrpcConfigKeys (ConfUtils.java:logGet(46)) - raft.grpc.server.async.request.thread.pool.size = 32 (default)
2022-08-08 17:31:55,680 [Listener at 127.0.0.1/44865] INFO  impl.DataStreamServerImpl (ConfUtils.java:logGet(46)) - raft.datastream.type = DISABLED (default)
2022-08-08 17:31:55,680 [Listener at 127.0.0.1/44865] INFO  server.RaftServerConfigKeys (ConfUtils.java:logGet(46)) - raft.server.threadpool.proxy.cached = true (default)
2022-08-08 17:31:55,681 [Listener at 127.0.0.1/44865] INFO  server.RaftServerConfigKeys (ConfUtils.java:logGet(46)) - raft.server.threadpool.proxy.size = 0 (default)
2022-08-08 17:31:55,681 [Listener at 127.0.0.1/44865] INFO  server.RaftServerConfigKeys (ConfUtils.java:logGet(46)) - raft.server.rpc.slowness.timeout = 300s (custom)
2022-08-08 17:31:55,681 [Listener at 127.0.0.1/44865] INFO  server.RaftServerConfigKeys (ConfUtils.java:logGet(46)) - raft.server.leaderelection.leader.step-down.wait-time = 10s (default)
2022-08-08 17:31:55,681 [Listener at 127.0.0.1/44865] INFO  server.RaftServerConfigKeys (ConfUtils.java:logGet(46)) - raft.server.storage.dir = [/home/runner/work/ozone/ozone/hadoop-ozone/integration-test/target/test-dir/MiniOzoneClusterImpl-f558af99-55da-4127-a18c-29a24303d895/datanode-4/data/ratis] (custom)
2022-08-08 17:31:55,682 [Listener at 127.0.0.1/44865] INFO  server.XceiverServerGrpc (XceiverServerGrpc.java:<init>(132)) - GrpcServer channel type EpollServerSocketChannel
2022-08-08 17:31:55,706 [Listener at 127.0.0.1/44865] INFO  http.BaseHttpServer (BaseHttpServer.java:newHttpServer2BuilderForOzone(209)) - Starting Web-server for hddsDatanode at: http://0.0.0.0:0
2022-08-08 17:31:55,706 [Listener at 127.0.0.1/44865] INFO  http.BaseHttpServer (BaseHttpServer.java:<init>(107)) - Hadoop Security Enabled: false Ozone Security Enabled: false Ozone HTTP Security Enabled: false 
2022-08-08 17:31:55,707 [Listener at 127.0.0.1/44865] INFO  server.AuthenticationFilter (AuthenticationFilter.java:constructSecretProvider(240)) - Unable to initialize FileSignerSecretProvider, falling back to use random secrets.
2022-08-08 17:31:55,722 [Listener at 127.0.0.1/44865] WARN  http.HttpRequestLog (HttpRequestLog.java:getRequestLog(103)) - Jetty request log can only be enabled using Log4j
2022-08-08 17:31:55,723 [Listener at 127.0.0.1/44865] INFO  http.HttpServer2 (HttpServer2.java:addGlobalFilter(1029)) - Added global filter 'safety' (class=org.apache.hadoop.hdds.server.http.HttpServer2$QuotingInputFilter)
2022-08-08 17:31:55,724 [Listener at 127.0.0.1/44865] INFO  http.HttpServer2 (HttpServer2.java:addFilter(1005)) - Added filter static_user_filter (class=org.apache.hadoop.http.lib.StaticUserWebFilter$StaticUserFilter) to context hddsDatanode
2022-08-08 17:31:55,724 [Listener at 127.0.0.1/44865] INFO  http.HttpServer2 (HttpServer2.java:addFilter(1013)) - Added filter static_user_filter (class=org.apache.hadoop.http.lib.StaticUserWebFilter$StaticUserFilter) to context logs
2022-08-08 17:31:55,724 [Listener at 127.0.0.1/44865] INFO  http.HttpServer2 (HttpServer2.java:addFilter(1013)) - Added filter static_user_filter (class=org.apache.hadoop.http.lib.StaticUserWebFilter$StaticUserFilter) to context static
2022-08-08 17:31:55,725 [Listener at 127.0.0.1/44865] INFO  http.HttpServer2 (HttpServer2.java:bindListener(1248)) - Jetty bound to port 46621
2022-08-08 17:31:55,725 [Listener at 127.0.0.1/44865] INFO  server.Server (Server.java:doStart(375)) - jetty-9.4.43.v20210629; built: 2021-06-30T11:07:22.254Z; git: 526006ecfa3af7f1a27ef3a288e2bef7ea9dd7e8; jvm 1.8.0_332-b09
2022-08-08 17:31:55,774 [Listener at 127.0.0.1/44865] INFO  server.session (DefaultSessionIdManager.java:doStart(334)) - DefaultSessionIdManager workerName=node0
2022-08-08 17:31:55,775 [Listener at 127.0.0.1/44865] INFO  server.session (DefaultSessionIdManager.java:doStart(339)) - No SessionScavenger set, using defaults
2022-08-08 17:31:55,775 [Listener at 127.0.0.1/44865] INFO  server.session (HouseKeeper.java:startScavenging(132)) - node0 Scavenging every 600000ms
2022-08-08 17:31:55,786 [Listener at 127.0.0.1/44865] INFO  handler.ContextHandler (ContextHandler.java:doStart(915)) - Started o.e.j.s.ServletContextHandler@8dc07ba{logs,/logs,file:///home/runner/work/ozone/ozone/hadoop-ozone/integration-test/target/log,AVAILABLE}
2022-08-08 17:31:55,787 [Listener at 127.0.0.1/44865] INFO  handler.ContextHandler (ContextHandler.java:doStart(915)) - Started o.e.j.s.ServletContextHandler@5871dc87{static,/static,jar:file:/home/runner/.m2/repository/org/apache/ozone/hdds-container-service/1.3.0-SNAPSHOT/hdds-container-service-1.3.0-SNAPSHOT.jar!/webapps/static,AVAILABLE}
2022-08-08 17:31:55,856 [EndpointStateMachine task thread for /0.0.0.0:44433 - 0 ] INFO  volume.HddsVolume (HddsVolume.java:createDbStore(309)) - SchemaV3 db is created and loaded at /home/runner/work/ozone/ozone/hadoop-ozone/integration-test/target/test-dir/MiniOzoneClusterImpl-f558af99-55da-4127-a18c-29a24303d895/datanode-1/data-0/containers/hdds/f558af99-55da-4127-a18c-29a24303d895/DS-3231d704-b711-43c6-9674-71f61ff58e47/container.db for volume DS-3231d704-b711-43c6-9674-71f61ff58e47
2022-08-08 17:31:55,859 [EndpointStateMachine task thread for /0.0.0.0:44433 - 0 ] INFO  volume.HddsVolume (HddsVolume.java:closeDbStore(340)) - SchemaV3 db is stopped at /home/runner/work/ozone/ozone/hadoop-ozone/integration-test/target/test-dir/MiniOzoneClusterImpl-f558af99-55da-4127-a18c-29a24303d895/datanode-1/data-0/containers/hdds/f558af99-55da-4127-a18c-29a24303d895/DS-3231d704-b711-43c6-9674-71f61ff58e47/container.db for volume DS-3231d704-b711-43c6-9674-71f61ff58e47
2022-08-08 17:31:55,859 [EndpointStateMachine task thread for /0.0.0.0:44433 - 0 ] INFO  ozoneimpl.OzoneContainer (OzoneContainer.java:start(377)) - Attempting to start container services.
2022-08-08 17:31:55,859 [EndpointStateMachine task thread for /0.0.0.0:44433 - 0 ] INFO  ozoneimpl.OzoneContainer (OzoneContainer.java:startContainerScrub(312)) - Background container scanner has been disabled.
2022-08-08 17:31:55,920 [EndpointStateMachine task thread for /0.0.0.0:44433 - 0 ] INFO  replication.ReplicationServer (ReplicationServer.java:start(111)) - ReplicationServer is started using port 40469
2022-08-08 17:31:55,923 [EndpointStateMachine task thread for /0.0.0.0:44433 - 0 ] INFO  ratis.XceiverServerRatis (XceiverServerRatis.java:start(481)) - Starting XceiverServerRatis 53355090-c5c3-46c8-9fb6-985b331fedcd
2022-08-08 17:31:55,943 [EndpointStateMachine task thread for /0.0.0.0:44433 - 0 ] INFO  server.RaftServer (RaftServerProxy.java:lambda$start$6(382)) - 53355090-c5c3-46c8-9fb6-985b331fedcd: start RPC server
2022-08-08 17:31:55,955 [EndpointStateMachine task thread for /0.0.0.0:44433 - 0 ] INFO  server.GrpcService (GrpcService.java:startImpl(260)) - 53355090-c5c3-46c8-9fb6-985b331fedcd: GrpcService started, listening on 44583
2022-08-08 17:31:55,956 [EndpointStateMachine task thread for /0.0.0.0:44433 - 0 ] INFO  ratis.XceiverServerRatis (XceiverServerRatis.java:getRealPort(502)) - XceiverServerRatis 53355090-c5c3-46c8-9fb6-985b331fedcd is started using port 44583 for RATIS
2022-08-08 17:31:55,956 [EndpointStateMachine task thread for /0.0.0.0:44433 - 0 ] INFO  ratis.XceiverServerRatis (XceiverServerRatis.java:getRealPort(502)) - XceiverServerRatis 53355090-c5c3-46c8-9fb6-985b331fedcd is started using port 44583 for RATIS_ADMIN
2022-08-08 17:31:55,956 [EndpointStateMachine task thread for /0.0.0.0:44433 - 0 ] INFO  ratis.XceiverServerRatis (XceiverServerRatis.java:getRealPort(502)) - XceiverServerRatis 53355090-c5c3-46c8-9fb6-985b331fedcd is started using port 44583 for RATIS_SERVER
2022-08-08 17:31:55,956 [org.apache.ratis.util.JvmPauseMonitor$$Lambda$616/2073768691@2de900b5] INFO  util.JvmPauseMonitor (JvmPauseMonitor.java:run(103)) - JvmPauseMonitor-53355090-c5c3-46c8-9fb6-985b331fedcd: Started
2022-08-08 17:31:55,965 [EndpointStateMachine task thread for /0.0.0.0:44433 - 0 ] INFO  server.XceiverServerGrpc (XceiverServerGrpc.java:start(180)) - XceiverServerGrpc 53355090-c5c3-46c8-9fb6-985b331fedcd is started using port 39391
2022-08-08 17:31:56,510 [Listener at 127.0.0.1/44865] INFO  handler.ContextHandler (ContextHandler.java:doStart(915)) - Started o.e.j.w.WebAppContext@3720dba4{hddsDatanode,/,file:///tmp/jetty-0_0_0_0-46621-hdds-container-service-1_3_0-SNAPSHOT_jar-_-any-5356432619149543377/webapp/,AVAILABLE}{jar:file:/home/runner/.m2/repository/org/apache/ozone/hdds-container-service/1.3.0-SNAPSHOT/hdds-container-service-1.3.0-SNAPSHOT.jar!/webapps/hddsDatanode}
2022-08-08 17:31:56,523 [Listener at 127.0.0.1/44865] INFO  server.AbstractConnector (AbstractConnector.java:doStart(331)) - Started ServerConnector@7c7a1f75{HTTP/1.1, (http/1.1)}{0.0.0.0:46621}
2022-08-08 17:31:56,524 [Listener at 127.0.0.1/44865] INFO  server.Server (Server.java:doStart(415)) - Started @91210ms
2022-08-08 17:31:56,524 [Listener at 127.0.0.1/44865] WARN  impl.MetricsSystemImpl (MetricsSystemImpl.java:register(279)) - Sink prometheus already exists!
2022-08-08 17:31:56,531 [Listener at 127.0.0.1/44865] INFO  http.BaseHttpServer (BaseHttpServer.java:updateConnectorAddress(329)) - HTTP server of hddsDatanode listening at http://0.0.0.0:46621
2022-08-08 17:31:56,537 [Listener at 127.0.0.1/44865] INFO  ozone.MiniOzoneClusterImpl (MiniOzoneClusterImpl.java:lambda$waitForClusterToBeReady$0(216)) - Waiting for nodes to be ready. Got 0 of 5 DN Heartbeats.
2022-08-08 17:31:56,537 [Listener at 127.0.0.1/44865] INFO  ozone.MiniOzoneClusterImpl (MiniOzoneClusterImpl.java:lambda$waitForClusterToBeReady$0(219)) - Waiting for cluster to exit safe mode
2022-08-08 17:31:56,537 [Listener at 127.0.0.1/44865] INFO  ozone.MiniOzoneClusterImpl (MiniOzoneClusterImpl.java:lambda$waitForClusterToBeReady$0(221)) - SCM became leader
2022-08-08 17:31:56,538 [Datanode State Machine Daemon Thread] INFO  statemachine.DatanodeStateMachine (DatanodeStateMachine.java:lambda$startDaemon$0(492)) - Ozone container server started.
2022-08-08 17:31:56,622 [org.apache.hadoop.util.JvmPauseMonitor$Monitor@26eb8f52] INFO  util.JvmPauseMonitor (JvmPauseMonitor.java:run(188)) - Starting JVM pause monitor
2022-08-08 17:31:56,637 [Datanode State Machine Task Thread - 0] INFO  datanode.InitDatanodeState (InitDatanodeState.java:persistContainerDatanodeDetails(138)) - DatanodeDetails is persisted to /home/runner/work/ozone/ozone/hadoop-ozone/integration-test/target/test-dir/MiniOzoneClusterImpl-f558af99-55da-4127-a18c-29a24303d895/datanode-4/meta/datanode.id
2022-08-08 17:31:56,677 [EndpointStateMachine task thread for /0.0.0.0:44433 - 0 ] INFO  volume.HddsVolume (HddsVolume.java:createDbStore(309)) - SchemaV3 db is created and loaded at /home/runner/work/ozone/ozone/hadoop-ozone/integration-test/target/test-dir/MiniOzoneClusterImpl-f558af99-55da-4127-a18c-29a24303d895/datanode-2/data-0/containers/hdds/f558af99-55da-4127-a18c-29a24303d895/DS-9346c7d1-0e0d-4f0d-b580-a87ef4012403/container.db for volume DS-9346c7d1-0e0d-4f0d-b580-a87ef4012403
2022-08-08 17:31:56,677 [EndpointStateMachine task thread for /0.0.0.0:44433 - 0 ] INFO  volume.HddsVolume (HddsVolume.java:closeDbStore(340)) - SchemaV3 db is stopped at /home/runner/work/ozone/ozone/hadoop-ozone/integration-test/target/test-dir/MiniOzoneClusterImpl-f558af99-55da-4127-a18c-29a24303d895/datanode-2/data-0/containers/hdds/f558af99-55da-4127-a18c-29a24303d895/DS-9346c7d1-0e0d-4f0d-b580-a87ef4012403/container.db for volume DS-9346c7d1-0e0d-4f0d-b580-a87ef4012403
2022-08-08 17:31:56,677 [EndpointStateMachine task thread for /0.0.0.0:44433 - 0 ] INFO  ozoneimpl.OzoneContainer (OzoneContainer.java:start(377)) - Attempting to start container services.
2022-08-08 17:31:56,677 [EndpointStateMachine task thread for /0.0.0.0:44433 - 0 ] INFO  ozoneimpl.OzoneContainer (OzoneContainer.java:startContainerScrub(312)) - Background container scanner has been disabled.
2022-08-08 17:31:56,703 [EndpointStateMachine task thread for /0.0.0.0:44433 - 0 ] INFO  replication.ReplicationServer (ReplicationServer.java:start(111)) - ReplicationServer is started using port 42839
2022-08-08 17:31:56,704 [EndpointStateMachine task thread for /0.0.0.0:44433 - 0 ] INFO  ratis.XceiverServerRatis (XceiverServerRatis.java:start(481)) - Starting XceiverServerRatis e097b380-c3a4-416d-961b-62d57346101a
2022-08-08 17:31:56,704 [EndpointStateMachine task thread for /0.0.0.0:44433 - 0 ] INFO  server.RaftServer (RaftServerProxy.java:lambda$start$6(382)) - e097b380-c3a4-416d-961b-62d57346101a: start RPC server
2022-08-08 17:31:56,766 [EndpointStateMachine task thread for /0.0.0.0:44433 - 0 ] INFO  server.GrpcService (GrpcService.java:startImpl(260)) - e097b380-c3a4-416d-961b-62d57346101a: GrpcService started, listening on 33879
2022-08-08 17:31:56,771 [EndpointStateMachine task thread for /0.0.0.0:44433 - 0 ] INFO  ratis.XceiverServerRatis (XceiverServerRatis.java:getRealPort(502)) - XceiverServerRatis e097b380-c3a4-416d-961b-62d57346101a is started using port 33879 for RATIS
2022-08-08 17:31:56,772 [EndpointStateMachine task thread for /0.0.0.0:44433 - 0 ] INFO  ratis.XceiverServerRatis (XceiverServerRatis.java:getRealPort(502)) - XceiverServerRatis e097b380-c3a4-416d-961b-62d57346101a is started using port 33879 for RATIS_ADMIN
2022-08-08 17:31:56,774 [EndpointStateMachine task thread for /0.0.0.0:44433 - 0 ] INFO  ratis.XceiverServerRatis (XceiverServerRatis.java:getRealPort(502)) - XceiverServerRatis e097b380-c3a4-416d-961b-62d57346101a is started using port 33879 for RATIS_SERVER
2022-08-08 17:31:56,773 [org.apache.ratis.util.JvmPauseMonitor$$Lambda$616/2073768691@6f3bd962] INFO  util.JvmPauseMonitor (JvmPauseMonitor.java:run(103)) - JvmPauseMonitor-e097b380-c3a4-416d-961b-62d57346101a: Started
2022-08-08 17:31:56,797 [EndpointStateMachine task thread for /0.0.0.0:44433 - 0 ] INFO  server.XceiverServerGrpc (XceiverServerGrpc.java:start(180)) - XceiverServerGrpc e097b380-c3a4-416d-961b-62d57346101a is started using port 35245
2022-08-08 17:31:57,035 [IPC Server handler 0 on default port 44433] INFO  net.NetworkTopologyImpl (NetworkTopologyImpl.java:add(112)) - Added a new node: /default-rack/cf00da59-0cdc-47d7-956f-cb1d63eabba8
2022-08-08 17:31:57,035 [IPC Server handler 0 on default port 44433] INFO  node.SCMNodeManager (SCMNodeManager.java:register(397)) - Registered Data node : cf00da59-0cdc-47d7-956f-cb1d63eabba8{ip: 10.1.0.4, host: fv-az207-152.1ztp0ef1jgbebjcpob1ohcpowa.jx.internal.cloudapp.net, ports: [REPLICATION=37335, RATIS=38075, RATIS_ADMIN=38075, RATIS_SERVER=38075, STANDALONE=32969], networkLocation: /default-rack, certSerialId: null, persistedOpState: null, persistedOpStateExpiryEpochSec: 0}
2022-08-08 17:31:57,038 [EventQueue-NodeRegistrationContainerReportForContainerSafeModeRule] INFO  safemode.SCMSafeModeManager (SCMSafeModeManager.java:validateSafeModeExitRules(204)) - ContainerSafeModeRule rule is successfully validated
2022-08-08 17:31:57,039 [EventQueue-NodeRegistrationContainerReportForDataNodeSafeModeRule] INFO  safemode.SCMSafeModeManager (DataNodeSafeModeRule.java:process(71)) - SCM in safe mode. 1 DataNodes registered, 3 required.
2022-08-08 17:31:57,055 [EventQueue-NewNodeForNewNodeHandler] INFO  pipeline.BackgroundPipelineCreator (BackgroundPipelineCreator.java:notifyEventTriggered(276)) - trigger a one-shot run on RatisPipelineUtilsThread.
2022-08-08 17:31:57,055 [RatisPipelineUtilsThread - 0] INFO  pipeline.RatisPipelineProvider (RatisPipelineProvider.java:lambda$create$0(195)) - Sending CreatePipelineCommand for pipeline:PipelineID=14158c90-1e34-45d1-a2cd-c7470ad1f1dc to datanode:cf00da59-0cdc-47d7-956f-cb1d63eabba8
2022-08-08 17:31:57,057 [RatisPipelineUtilsThread - 0] INFO  pipeline.PipelineStateManagerImpl (PipelineStateManagerImpl.java:addPipeline(103)) - Created pipeline Pipeline[ Id: 14158c90-1e34-45d1-a2cd-c7470ad1f1dc, Nodes: cf00da59-0cdc-47d7-956f-cb1d63eabba8{ip: 10.1.0.4, host: fv-az207-152.1ztp0ef1jgbebjcpob1ohcpowa.jx.internal.cloudapp.net, ports: [REPLICATION=37335, RATIS=38075, RATIS_ADMIN=38075, RATIS_SERVER=38075, STANDALONE=32969], networkLocation: /default-rack, certSerialId: null, persistedOpState: IN_SERVICE, persistedOpStateExpiryEpochSec: 0}, ReplicationConfig: RATIS/ONE, State:ALLOCATED, leaderId:, CreationTimestamp2022-08-08T17:31:57.055Z[Etc/UTC]].
2022-08-08 17:31:57,063 [EventQueue-PipelineReportForOneReplicaPipelineSafeModeRule] INFO  safemode.SCMSafeModeManager (SCMSafeModeManager.java:validateSafeModeExitRules(204)) - AtleastOneDatanodeReportedRule rule is successfully validated
2022-08-08 17:31:57,473 [EndpointStateMachine task thread for /0.0.0.0:44433 - 0 ] INFO  volume.HddsVolume (HddsVolume.java:createDbStore(309)) - SchemaV3 db is created and loaded at /home/runner/work/ozone/ozone/hadoop-ozone/integration-test/target/test-dir/MiniOzoneClusterImpl-f558af99-55da-4127-a18c-29a24303d895/datanode-3/data-0/containers/hdds/f558af99-55da-4127-a18c-29a24303d895/DS-b159f1ed-2c1f-4312-ab45-3dbe0154d846/container.db for volume DS-b159f1ed-2c1f-4312-ab45-3dbe0154d846
2022-08-08 17:31:57,474 [EndpointStateMachine task thread for /0.0.0.0:44433 - 0 ] INFO  volume.HddsVolume (HddsVolume.java:closeDbStore(340)) - SchemaV3 db is stopped at /home/runner/work/ozone/ozone/hadoop-ozone/integration-test/target/test-dir/MiniOzoneClusterImpl-f558af99-55da-4127-a18c-29a24303d895/datanode-3/data-0/containers/hdds/f558af99-55da-4127-a18c-29a24303d895/DS-b159f1ed-2c1f-4312-ab45-3dbe0154d846/container.db for volume DS-b159f1ed-2c1f-4312-ab45-3dbe0154d846
2022-08-08 17:31:57,474 [EndpointStateMachine task thread for /0.0.0.0:44433 - 0 ] INFO  ozoneimpl.OzoneContainer (OzoneContainer.java:start(377)) - Attempting to start container services.
2022-08-08 17:31:57,477 [EndpointStateMachine task thread for /0.0.0.0:44433 - 0 ] INFO  ozoneimpl.OzoneContainer (OzoneContainer.java:startContainerScrub(312)) - Background container scanner has been disabled.
2022-08-08 17:31:57,510 [EndpointStateMachine task thread for /0.0.0.0:44433 - 0 ] INFO  replication.ReplicationServer (ReplicationServer.java:start(111)) - ReplicationServer is started using port 41141
2022-08-08 17:31:57,511 [EndpointStateMachine task thread for /0.0.0.0:44433 - 0 ] INFO  ratis.XceiverServerRatis (XceiverServerRatis.java:start(481)) - Starting XceiverServerRatis 6f3b8b9d-98c0-45ee-9faa-ef87da063f94
2022-08-08 17:31:57,512 [EndpointStateMachine task thread for /0.0.0.0:44433 - 0 ] INFO  server.RaftServer (RaftServerProxy.java:lambda$start$6(382)) - 6f3b8b9d-98c0-45ee-9faa-ef87da063f94: start RPC server
2022-08-08 17:31:57,520 [EndpointStateMachine task thread for /0.0.0.0:44433 - 0 ] INFO  server.GrpcService (GrpcService.java:startImpl(260)) - 6f3b8b9d-98c0-45ee-9faa-ef87da063f94: GrpcService started, listening on 36339
2022-08-08 17:31:57,527 [org.apache.ratis.util.JvmPauseMonitor$$Lambda$616/2073768691@7a570fff] INFO  util.JvmPauseMonitor (JvmPauseMonitor.java:run(103)) - JvmPauseMonitor-6f3b8b9d-98c0-45ee-9faa-ef87da063f94: Started
2022-08-08 17:31:57,530 [EndpointStateMachine task thread for /0.0.0.0:44433 - 0 ] INFO  ratis.XceiverServerRatis (XceiverServerRatis.java:getRealPort(502)) - XceiverServerRatis 6f3b8b9d-98c0-45ee-9faa-ef87da063f94 is started using port 36339 for RATIS
2022-08-08 17:31:57,530 [EndpointStateMachine task thread for /0.0.0.0:44433 - 0 ] INFO  ratis.XceiverServerRatis (XceiverServerRatis.java:getRealPort(502)) - XceiverServerRatis 6f3b8b9d-98c0-45ee-9faa-ef87da063f94 is started using port 36339 for RATIS_ADMIN
2022-08-08 17:31:57,530 [EndpointStateMachine task thread for /0.0.0.0:44433 - 0 ] INFO  ratis.XceiverServerRatis (XceiverServerRatis.java:getRealPort(502)) - XceiverServerRatis 6f3b8b9d-98c0-45ee-9faa-ef87da063f94 is started using port 36339 for RATIS_SERVER
2022-08-08 17:31:57,538 [Listener at 127.0.0.1/44865] INFO  ozone.MiniOzoneClusterImpl (MiniOzoneClusterImpl.java:lambda$waitForClusterToBeReady$0(216)) - Waiting for nodes to be ready. Got 1 of 5 DN Heartbeats.
2022-08-08 17:31:57,538 [Listener at 127.0.0.1/44865] INFO  ozone.MiniOzoneClusterImpl (MiniOzoneClusterImpl.java:lambda$waitForClusterToBeReady$0(219)) - Waiting for cluster to exit safe mode
2022-08-08 17:31:57,538 [Listener at 127.0.0.1/44865] INFO  ozone.MiniOzoneClusterImpl (MiniOzoneClusterImpl.java:lambda$waitForClusterToBeReady$0(221)) - SCM became leader
2022-08-08 17:31:57,563 [EndpointStateMachine task thread for /0.0.0.0:44433 - 0 ] INFO  server.XceiverServerGrpc (XceiverServerGrpc.java:start(180)) - XceiverServerGrpc 6f3b8b9d-98c0-45ee-9faa-ef87da063f94 is started using port 44461
2022-08-08 17:31:57,600 [Finalizer] WARN  managed.ManagedRocksObjectUtils (ManagedRocksObjectUtils.java:assertClosed(39)) - ManagedColumnFamilyOptions is not closed properly
2022-08-08 17:31:57,600 [Finalizer] WARN  managed.ManagedRocksObjectUtils (ManagedRocksObjectUtils.java:assertClosed(39)) - ManagedColumnFamilyOptions is not closed properly
2022-08-08 17:31:57,600 [Finalizer] WARN  managed.ManagedRocksObjectUtils (ManagedRocksObjectUtils.java:assertClosed(39)) - ManagedColumnFamilyOptions is not closed properly
2022-08-08 17:31:57,600 [Finalizer] WARN  managed.ManagedRocksObjectUtils (ManagedRocksObjectUtils.java:assertClosed(39)) - ManagedColumnFamilyOptions is not closed properly
2022-08-08 17:31:57,611 [Finalizer] WARN  managed.ManagedRocksObjectUtils (ManagedRocksObjectUtils.java:assertClosed(39)) - ManagedDBOptions is not closed properly
2022-08-08 17:31:57,611 [Finalizer] WARN  managed.ManagedRocksObjectUtils (ManagedRocksObjectUtils.java:assertClosed(39)) - ManagedColumnFamilyOptions is not closed properly
2022-08-08 17:31:57,611 [Finalizer] WARN  managed.ManagedRocksObjectUtils (ManagedRocksObjectUtils.java:assertClosed(39)) - ManagedLRUCache is not closed properly
2022-08-08 17:31:57,611 [Finalizer] WARN  managed.ManagedRocksObjectUtils (ManagedRocksObjectUtils.java:assertClosed(39)) - ManagedBloomFilter is not closed properly
2022-08-08 17:31:57,611 [Finalizer] WARN  managed.ManagedRocksObjectUtils (ManagedRocksObjectUtils.java:assertClosed(39)) - ManagedDBOptions is not closed properly
2022-08-08 17:31:57,611 [Finalizer] WARN  managed.ManagedRocksObjectUtils (ManagedRocksObjectUtils.java:assertClosed(39)) - ManagedColumnFamilyOptions is not closed properly
2022-08-08 17:31:57,611 [Finalizer] WARN  managed.ManagedRocksObjectUtils (ManagedRocksObjectUtils.java:assertClosed(39)) - ManagedLRUCache is not closed properly
2022-08-08 17:31:57,611 [Finalizer] WARN  managed.ManagedRocksObjectUtils (ManagedRocksObjectUtils.java:assertClosed(39)) - ManagedBloomFilter is not closed properly
2022-08-08 17:31:57,611 [Finalizer] WARN  managed.ManagedRocksObjectUtils (ManagedRocksObjectUtils.java:assertClosed(39)) - ManagedDBOptions is not closed properly
2022-08-08 17:31:57,611 [Finalizer] WARN  managed.ManagedRocksObjectUtils (ManagedRocksObjectUtils.java:assertClosed(39)) - ManagedColumnFamilyOptions is not closed properly
2022-08-08 17:31:57,611 [Finalizer] WARN  managed.ManagedRocksObjectUtils (ManagedRocksObjectUtils.java:assertClosed(39)) - ManagedLRUCache is not closed properly
2022-08-08 17:31:57,611 [Finalizer] WARN  managed.ManagedRocksObjectUtils (ManagedRocksObjectUtils.java:assertClosed(39)) - ManagedBloomFilter is not closed properly
2022-08-08 17:31:57,612 [Finalizer] WARN  managed.ManagedRocksObjectUtils (ManagedRocksObjectUtils.java:assertClosed(39)) - ManagedDBOptions is not closed properly
2022-08-08 17:31:57,612 [Finalizer] WARN  managed.ManagedRocksObjectUtils (ManagedRocksObjectUtils.java:assertClosed(39)) - ManagedColumnFamilyOptions is not closed properly
2022-08-08 17:31:57,612 [Finalizer] WARN  managed.ManagedRocksObjectUtils (ManagedRocksObjectUtils.java:assertClosed(39)) - ManagedLRUCache is not closed properly
2022-08-08 17:31:57,612 [Finalizer] WARN  managed.ManagedRocksObjectUtils (ManagedRocksObjectUtils.java:assertClosed(39)) - ManagedBloomFilter is not closed properly
2022-08-08 17:31:57,728 [IPC Server handler 1 on default port 44433] INFO  net.NetworkTopologyImpl (NetworkTopologyImpl.java:add(112)) - Added a new node: /default-rack/53355090-c5c3-46c8-9fb6-985b331fedcd
2022-08-08 17:31:57,729 [IPC Server handler 1 on default port 44433] INFO  node.SCMNodeManager (SCMNodeManager.java:register(397)) - Registered Data node : 53355090-c5c3-46c8-9fb6-985b331fedcd{ip: 10.1.0.4, host: fv-az207-152.1ztp0ef1jgbebjcpob1ohcpowa.jx.internal.cloudapp.net, ports: [REPLICATION=40469, RATIS=44583, RATIS_ADMIN=44583, RATIS_SERVER=44583, STANDALONE=39391], networkLocation: /default-rack, certSerialId: null, persistedOpState: null, persistedOpStateExpiryEpochSec: 0}
2022-08-08 17:31:57,729 [EventQueue-NewNodeForNewNodeHandler] INFO  pipeline.BackgroundPipelineCreator (BackgroundPipelineCreator.java:notifyEventTriggered(276)) - trigger a one-shot run on RatisPipelineUtilsThread.
2022-08-08 17:31:57,738 [EventQueue-NodeRegistrationContainerReportForDataNodeSafeModeRule] INFO  safemode.SCMSafeModeManager (DataNodeSafeModeRule.java:process(71)) - SCM in safe mode. 2 DataNodes registered, 3 required.
2022-08-08 17:31:57,739 [RatisPipelineUtilsThread - 0] INFO  pipeline.RatisPipelineProvider (RatisPipelineProvider.java:lambda$create$0(195)) - Sending CreatePipelineCommand for pipeline:PipelineID=9f52aab5-6dfa-41c5-93d3-00b62e71e525 to datanode:53355090-c5c3-46c8-9fb6-985b331fedcd
2022-08-08 17:31:57,740 [RatisPipelineUtilsThread - 0] INFO  pipeline.PipelineStateManagerImpl (PipelineStateManagerImpl.java:addPipeline(103)) - Created pipeline Pipeline[ Id: 9f52aab5-6dfa-41c5-93d3-00b62e71e525, Nodes: 53355090-c5c3-46c8-9fb6-985b331fedcd{ip: 10.1.0.4, host: fv-az207-152.1ztp0ef1jgbebjcpob1ohcpowa.jx.internal.cloudapp.net, ports: [REPLICATION=40469, RATIS=44583, RATIS_ADMIN=44583, RATIS_SERVER=44583, STANDALONE=39391], networkLocation: /default-rack, certSerialId: null, persistedOpState: IN_SERVICE, persistedOpStateExpiryEpochSec: 0}, ReplicationConfig: RATIS/ONE, State:ALLOCATED, leaderId:, CreationTimestamp2022-08-08T17:31:57.739Z[Etc/UTC]].
2022-08-08 17:31:58,538 [Listener at 127.0.0.1/44865] INFO  ozone.MiniOzoneClusterImpl (MiniOzoneClusterImpl.java:lambda$waitForClusterToBeReady$0(216)) - Waiting for nodes to be ready. Got 2 of 5 DN Heartbeats.
2022-08-08 17:31:58,538 [Listener at 127.0.0.1/44865] INFO  ozone.MiniOzoneClusterImpl (MiniOzoneClusterImpl.java:lambda$waitForClusterToBeReady$0(219)) - Waiting for cluster to exit safe mode
2022-08-08 17:31:58,539 [Listener at 127.0.0.1/44865] INFO  ozone.MiniOzoneClusterImpl (MiniOzoneClusterImpl.java:lambda$waitForClusterToBeReady$0(221)) - SCM became leader
2022-08-08 17:31:58,558 [IPC Server handler 1 on default port 44433] INFO  net.NetworkTopologyImpl (NetworkTopologyImpl.java:add(112)) - Added a new node: /default-rack/e097b380-c3a4-416d-961b-62d57346101a
2022-08-08 17:31:58,558 [IPC Server handler 1 on default port 44433] INFO  node.SCMNodeManager (SCMNodeManager.java:register(397)) - Registered Data node : e097b380-c3a4-416d-961b-62d57346101a{ip: 10.1.0.4, host: fv-az207-152.1ztp0ef1jgbebjcpob1ohcpowa.jx.internal.cloudapp.net, ports: [REPLICATION=42839, RATIS=33879, RATIS_ADMIN=33879, RATIS_SERVER=33879, STANDALONE=35245], networkLocation: /default-rack, certSerialId: null, persistedOpState: null, persistedOpStateExpiryEpochSec: 0}
2022-08-08 17:31:58,560 [EventQueue-NewNodeForNewNodeHandler] INFO  pipeline.BackgroundPipelineCreator (BackgroundPipelineCreator.java:notifyEventTriggered(276)) - trigger a one-shot run on RatisPipelineUtilsThread.
2022-08-08 17:31:58,564 [RatisPipelineUtilsThread - 0] INFO  pipeline.RatisPipelineProvider (RatisPipelineProvider.java:lambda$create$0(195)) - Sending CreatePipelineCommand for pipeline:PipelineID=3e98d580-85f8-42d5-9a81-0d2dac4d0735 to datanode:e097b380-c3a4-416d-961b-62d57346101a
2022-08-08 17:31:58,564 [RatisPipelineUtilsThread - 0] INFO  pipeline.PipelineStateManagerImpl (PipelineStateManagerImpl.java:addPipeline(103)) - Created pipeline Pipeline[ Id: 3e98d580-85f8-42d5-9a81-0d2dac4d0735, Nodes: e097b380-c3a4-416d-961b-62d57346101a{ip: 10.1.0.4, host: fv-az207-152.1ztp0ef1jgbebjcpob1ohcpowa.jx.internal.cloudapp.net, ports: [REPLICATION=42839, RATIS=33879, RATIS_ADMIN=33879, RATIS_SERVER=33879, STANDALONE=35245], networkLocation: /default-rack, certSerialId: null, persistedOpState: IN_SERVICE, persistedOpStateExpiryEpochSec: 0}, ReplicationConfig: RATIS/ONE, State:ALLOCATED, leaderId:, CreationTimestamp2022-08-08T17:31:58.564Z[Etc/UTC]].
2022-08-08 17:31:58,565 [EventQueue-NodeRegistrationContainerReportForDataNodeSafeModeRule] INFO  safemode.SCMSafeModeManager (DataNodeSafeModeRule.java:process(71)) - SCM in safe mode. 3 DataNodes registered, 3 required.
2022-08-08 17:31:58,565 [EventQueue-NodeRegistrationContainerReportForDataNodeSafeModeRule] INFO  safemode.SCMSafeModeManager (SCMSafeModeManager.java:validateSafeModeExitRules(204)) - DataNodeSafeModeRule rule is successfully validated
2022-08-08 17:31:58,565 [EventQueue-NodeRegistrationContainerReportForDataNodeSafeModeRule] INFO  safemode.SCMSafeModeManager (SCMSafeModeManager.java:completePreCheck(233)) - All SCM safe mode pre check rules have passed
2022-08-08 17:31:58,565 [EventQueue-NodeRegistrationContainerReportForDataNodeSafeModeRule] WARN  events.EventQueue (EventQueue.java:fireEvent(216)) - No event handler registered for event TypedEvent{payloadType=SafeModeStatus, name='Safe mode status'}
2022-08-08 17:31:58,565 [EventQueue-NodeRegistrationContainerReportForDataNodeSafeModeRule] INFO  ha.SCMContext (SCMContext.java:updateSafeModeStatus(228)) - Update SafeModeStatus from SafeModeStatus{safeModeStatus=true, preCheckPassed=false} to SafeModeStatus{safeModeStatus=true, preCheckPassed=true}.
2022-08-08 17:31:58,565 [EventQueue-NodeRegistrationContainerReportForDataNodeSafeModeRule] INFO  pipeline.BackgroundPipelineCreator (BackgroundPipelineCreator.java:notifyEventTriggered(276)) - trigger a one-shot run on RatisPipelineUtilsThread.
2022-08-08 17:31:58,566 [RatisPipelineUtilsThread - 0] INFO  pipeline.RatisPipelineProvider (RatisPipelineProvider.java:lambda$create$0(195)) - Sending CreatePipelineCommand for pipeline:PipelineID=83124423-251a-4f0f-8650-575cb7bf0479 to datanode:cf00da59-0cdc-47d7-956f-cb1d63eabba8
2022-08-08 17:31:58,566 [RatisPipelineUtilsThread - 0] INFO  pipeline.RatisPipelineProvider (RatisPipelineProvider.java:lambda$create$0(195)) - Sending CreatePipelineCommand for pipeline:PipelineID=83124423-251a-4f0f-8650-575cb7bf0479 to datanode:53355090-c5c3-46c8-9fb6-985b331fedcd
2022-08-08 17:31:58,566 [RatisPipelineUtilsThread - 0] INFO  pipeline.RatisPipelineProvider (RatisPipelineProvider.java:lambda$create$0(195)) - Sending CreatePipelineCommand for pipeline:PipelineID=83124423-251a-4f0f-8650-575cb7bf0479 to datanode:e097b380-c3a4-416d-961b-62d57346101a
2022-08-08 17:31:58,566 [RatisPipelineUtilsThread - 0] INFO  pipeline.PipelineStateManagerImpl (PipelineStateManagerImpl.java:addPipeline(103)) - Created pipeline Pipeline[ Id: 83124423-251a-4f0f-8650-575cb7bf0479, Nodes: cf00da59-0cdc-47d7-956f-cb1d63eabba8{ip: 10.1.0.4, host: fv-az207-152.1ztp0ef1jgbebjcpob1ohcpowa.jx.internal.cloudapp.net, ports: [REPLICATION=37335, RATIS=38075, RATIS_ADMIN=38075, RATIS_SERVER=38075, STANDALONE=32969], networkLocation: /default-rack, certSerialId: null, persistedOpState: IN_SERVICE, persistedOpStateExpiryEpochSec: 0}53355090-c5c3-46c8-9fb6-985b331fedcd{ip: 10.1.0.4, host: fv-az207-152.1ztp0ef1jgbebjcpob1ohcpowa.jx.internal.cloudapp.net, ports: [REPLICATION=40469, RATIS=44583, RATIS_ADMIN=44583, RATIS_SERVER=44583, STANDALONE=39391], networkLocation: /default-rack, certSerialId: null, persistedOpState: IN_SERVICE, persistedOpStateExpiryEpochSec: 0}e097b380-c3a4-416d-961b-62d57346101a{ip: 10.1.0.4, host: fv-az207-152.1ztp0ef1jgbebjcpob1ohcpowa.jx.internal.cloudapp.net, ports: [REPLICATION=42839, RATIS=33879, RATIS_ADMIN=33879, RATIS_SERVER=33879, STANDALONE=35245], networkLocation: /default-rack, certSerialId: null, persistedOpState: IN_SERVICE, persistedOpStateExpiryEpochSec: 0}, ReplicationConfig: RATIS/THREE, State:ALLOCATED, leaderId:, CreationTimestamp2022-08-08T17:31:58.566Z[Etc/UTC]].
2022-08-08 17:31:58,566 [RatisPipelineUtilsThread - 0] INFO  pipeline.RatisPipelineProvider (RatisPipelineProvider.java:lambda$create$0(195)) - Sending CreatePipelineCommand for pipeline:PipelineID=a45ae34e-5457-4e7e-a33f-1798fcdfd889 to datanode:53355090-c5c3-46c8-9fb6-985b331fedcd
2022-08-08 17:31:58,566 [RatisPipelineUtilsThread - 0] INFO  pipeline.RatisPipelineProvider (RatisPipelineProvider.java:lambda$create$0(195)) - Sending CreatePipelineCommand for pipeline:PipelineID=a45ae34e-5457-4e7e-a33f-1798fcdfd889 to datanode:e097b380-c3a4-416d-961b-62d57346101a
2022-08-08 17:31:58,567 [RatisPipelineUtilsThread - 0] INFO  pipeline.RatisPipelineProvider (RatisPipelineProvider.java:lambda$create$0(195)) - Sending CreatePipelineCommand for pipeline:PipelineID=a45ae34e-5457-4e7e-a33f-1798fcdfd889 to datanode:cf00da59-0cdc-47d7-956f-cb1d63eabba8
2022-08-08 17:31:58,567 [RatisPipelineUtilsThread - 0] INFO  pipeline.PipelineStateManagerImpl (PipelineStateManagerImpl.java:addPipeline(103)) - Created pipeline Pipeline[ Id: a45ae34e-5457-4e7e-a33f-1798fcdfd889, Nodes: 53355090-c5c3-46c8-9fb6-985b331fedcd{ip: 10.1.0.4, host: fv-az207-152.1ztp0ef1jgbebjcpob1ohcpowa.jx.internal.cloudapp.net, ports: [REPLICATION=40469, RATIS=44583, RATIS_ADMIN=44583, RATIS_SERVER=44583, STANDALONE=39391], networkLocation: /default-rack, certSerialId: null, persistedOpState: IN_SERVICE, persistedOpStateExpiryEpochSec: 0}e097b380-c3a4-416d-961b-62d57346101a{ip: 10.1.0.4, host: fv-az207-152.1ztp0ef1jgbebjcpob1ohcpowa.jx.internal.cloudapp.net, ports: [REPLICATION=42839, RATIS=33879, RATIS_ADMIN=33879, RATIS_SERVER=33879, STANDALONE=35245], networkLocation: /default-rack, certSerialId: null, persistedOpState: IN_SERVICE, persistedOpStateExpiryEpochSec: 0}cf00da59-0cdc-47d7-956f-cb1d63eabba8{ip: 10.1.0.4, host: fv-az207-152.1ztp0ef1jgbebjcpob1ohcpowa.jx.internal.cloudapp.net, ports: [REPLICATION=37335, RATIS=38075, RATIS_ADMIN=38075, RATIS_SERVER=38075, STANDALONE=32969], networkLocation: /default-rack, certSerialId: null, persistedOpState: IN_SERVICE, persistedOpStateExpiryEpochSec: 0}, ReplicationConfig: RATIS/THREE, State:ALLOCATED, leaderId:, CreationTimestamp2022-08-08T17:31:58.566Z[Etc/UTC]].
2022-08-08 17:31:58,567 [RatisPipelineUtilsThread - 0] INFO  pipeline.PipelineManagerImpl (PipelineManagerImpl.java:recordMetricsForPipeline(796)) - Pipeline: PipelineID=a45ae34e-5457-4e7e-a33f-1798fcdfd889 contains same datanodes as previous pipelines: PipelineID=83124423-251a-4f0f-8650-575cb7bf0479 nodeIds: 53355090-c5c3-46c8-9fb6-985b331fedcd, e097b380-c3a4-416d-961b-62d57346101a, cf00da59-0cdc-47d7-956f-cb1d63eabba8
2022-08-08 17:31:58,700 [EndpointStateMachine task thread for /0.0.0.0:44433 - 0 ] INFO  volume.HddsVolume (HddsVolume.java:createDbStore(309)) - SchemaV3 db is created and loaded at /home/runner/work/ozone/ozone/hadoop-ozone/integration-test/target/test-dir/MiniOzoneClusterImpl-f558af99-55da-4127-a18c-29a24303d895/datanode-4/data-0/containers/hdds/f558af99-55da-4127-a18c-29a24303d895/DS-e4f0a9e1-667e-431b-b4c5-3fef55a6c50e/container.db for volume DS-e4f0a9e1-667e-431b-b4c5-3fef55a6c50e
2022-08-08 17:31:58,700 [EndpointStateMachine task thread for /0.0.0.0:44433 - 0 ] INFO  volume.HddsVolume (HddsVolume.java:closeDbStore(340)) - SchemaV3 db is stopped at /home/runner/work/ozone/ozone/hadoop-ozone/integration-test/target/test-dir/MiniOzoneClusterImpl-f558af99-55da-4127-a18c-29a24303d895/datanode-4/data-0/containers/hdds/f558af99-55da-4127-a18c-29a24303d895/DS-e4f0a9e1-667e-431b-b4c5-3fef55a6c50e/container.db for volume DS-e4f0a9e1-667e-431b-b4c5-3fef55a6c50e
2022-08-08 17:31:58,700 [EndpointStateMachine task thread for /0.0.0.0:44433 - 0 ] INFO  ozoneimpl.OzoneContainer (OzoneContainer.java:start(377)) - Attempting to start container services.
2022-08-08 17:31:58,701 [EndpointStateMachine task thread for /0.0.0.0:44433 - 0 ] INFO  ozoneimpl.OzoneContainer (OzoneContainer.java:startContainerScrub(312)) - Background container scanner has been disabled.
2022-08-08 17:31:58,718 [EndpointStateMachine task thread for /0.0.0.0:44433 - 0 ] INFO  replication.ReplicationServer (ReplicationServer.java:start(111)) - ReplicationServer is started using port 41405
2022-08-08 17:31:58,719 [EndpointStateMachine task thread for /0.0.0.0:44433 - 0 ] INFO  ratis.XceiverServerRatis (XceiverServerRatis.java:start(481)) - Starting XceiverServerRatis db1702a3-da9c-40bc-8787-7ef8b4501257
2022-08-08 17:31:58,727 [EndpointStateMachine task thread for /0.0.0.0:44433 - 0 ] INFO  server.RaftServer (RaftServerProxy.java:lambda$start$6(382)) - db1702a3-da9c-40bc-8787-7ef8b4501257: start RPC server
2022-08-08 17:31:58,740 [EndpointStateMachine task thread for /0.0.0.0:44433 - 0 ] INFO  server.GrpcService (GrpcService.java:startImpl(260)) - db1702a3-da9c-40bc-8787-7ef8b4501257: GrpcService started, listening on 46881
2022-08-08 17:31:58,740 [EndpointStateMachine task thread for /0.0.0.0:44433 - 0 ] INFO  ratis.XceiverServerRatis (XceiverServerRatis.java:getRealPort(502)) - XceiverServerRatis db1702a3-da9c-40bc-8787-7ef8b4501257 is started using port 46881 for RATIS
2022-08-08 17:31:58,740 [EndpointStateMachine task thread for /0.0.0.0:44433 - 0 ] INFO  ratis.XceiverServerRatis (XceiverServerRatis.java:getRealPort(502)) - XceiverServerRatis db1702a3-da9c-40bc-8787-7ef8b4501257 is started using port 46881 for RATIS_ADMIN
2022-08-08 17:31:58,740 [org.apache.ratis.util.JvmPauseMonitor$$Lambda$616/2073768691@4ae1250e] INFO  util.JvmPauseMonitor (JvmPauseMonitor.java:run(103)) - JvmPauseMonitor-db1702a3-da9c-40bc-8787-7ef8b4501257: Started
2022-08-08 17:31:58,740 [EndpointStateMachine task thread for /0.0.0.0:44433 - 0 ] INFO  ratis.XceiverServerRatis (XceiverServerRatis.java:getRealPort(502)) - XceiverServerRatis db1702a3-da9c-40bc-8787-7ef8b4501257 is started using port 46881 for RATIS_SERVER
2022-08-08 17:31:58,763 [EndpointStateMachine task thread for /0.0.0.0:44433 - 0 ] INFO  server.XceiverServerGrpc (XceiverServerGrpc.java:start(180)) - XceiverServerGrpc db1702a3-da9c-40bc-8787-7ef8b4501257 is started using port 34627
2022-08-08 17:31:59,125 [UnderReplicatedQueueThreadThread] INFO  replication.UnderReplicatedProcessor (UnderReplicatedProcessor.java:processAll(85)) - Processed 0 under replicated containers, failed processing 0
2022-08-08 17:31:59,125 [OverReplicatedQueueThreadThread] INFO  replication.OverReplicatedProcessor (OverReplicatedProcessor.java:processAll(83)) - Processed 0 over replicated containers, failed processing 0
2022-08-08 17:31:59,404 [IPC Server handler 2 on default port 44433] INFO  net.NetworkTopologyImpl (NetworkTopologyImpl.java:add(112)) - Added a new node: /default-rack/6f3b8b9d-98c0-45ee-9faa-ef87da063f94
2022-08-08 17:31:59,405 [IPC Server handler 2 on default port 44433] INFO  node.SCMNodeManager (SCMNodeManager.java:register(397)) - Registered Data node : 6f3b8b9d-98c0-45ee-9faa-ef87da063f94{ip: 10.1.0.4, host: fv-az207-152.1ztp0ef1jgbebjcpob1ohcpowa.jx.internal.cloudapp.net, ports: [REPLICATION=41141, RATIS=36339, RATIS_ADMIN=36339, RATIS_SERVER=36339, STANDALONE=44461], networkLocation: /default-rack, certSerialId: null, persistedOpState: null, persistedOpStateExpiryEpochSec: 0}
2022-08-08 17:31:59,407 [EventQueue-NewNodeForNewNodeHandler] INFO  pipeline.BackgroundPipelineCreator (BackgroundPipelineCreator.java:notifyEventTriggered(276)) - trigger a one-shot run on RatisPipelineUtilsThread.
2022-08-08 17:31:59,408 [RatisPipelineUtilsThread - 0] INFO  pipeline.RatisPipelineProvider (RatisPipelineProvider.java:lambda$create$0(195)) - Sending CreatePipelineCommand for pipeline:PipelineID=d4b823d5-82c9-4c31-abc4-dd953a941461 to datanode:6f3b8b9d-98c0-45ee-9faa-ef87da063f94
2022-08-08 17:31:59,408 [RatisPipelineUtilsThread - 0] INFO  pipeline.PipelineStateManagerImpl (PipelineStateManagerImpl.java:addPipeline(103)) - Created pipeline Pipeline[ Id: d4b823d5-82c9-4c31-abc4-dd953a941461, Nodes: 6f3b8b9d-98c0-45ee-9faa-ef87da063f94{ip: 10.1.0.4, host: fv-az207-152.1ztp0ef1jgbebjcpob1ohcpowa.jx.internal.cloudapp.net, ports: [REPLICATION=41141, RATIS=36339, RATIS_ADMIN=36339, RATIS_SERVER=36339, STANDALONE=44461], networkLocation: /default-rack, certSerialId: null, persistedOpState: IN_SERVICE, persistedOpStateExpiryEpochSec: 0}, ReplicationConfig: RATIS/ONE, State:ALLOCATED, leaderId:, CreationTimestamp2022-08-08T17:31:59.408Z[Etc/UTC]].
2022-08-08 17:31:59,539 [Listener at 127.0.0.1/44865] INFO  ozone.MiniOzoneClusterImpl (MiniOzoneClusterImpl.java:lambda$waitForClusterToBeReady$0(216)) - Waiting for nodes to be ready. Got 4 of 5 DN Heartbeats.
2022-08-08 17:31:59,539 [Listener at 127.0.0.1/44865] INFO  ozone.MiniOzoneClusterImpl (MiniOzoneClusterImpl.java:lambda$waitForClusterToBeReady$0(219)) - Waiting for cluster to exit safe mode
2022-08-08 17:31:59,539 [Listener at 127.0.0.1/44865] INFO  ozone.MiniOzoneClusterImpl (MiniOzoneClusterImpl.java:lambda$waitForClusterToBeReady$0(221)) - SCM became leader
2022-08-08 17:32:00,038 [Command processor thread] INFO  server.RaftServer (RaftServerProxy.java:addNew(96)) - cf00da59-0cdc-47d7-956f-cb1d63eabba8: addNew group-C7470AD1F1DC:[cf00da59-0cdc-47d7-956f-cb1d63eabba8|rpc:10.1.0.4:38075|priority:1] returns group-C7470AD1F1DC:java.util.concurrent.CompletableFuture@381b082b[Not completed]
2022-08-08 17:32:00,040 [pool-332-thread-1] INFO  server.RaftServer$Division (RaftServerImpl.java:<init>(190)) - cf00da59-0cdc-47d7-956f-cb1d63eabba8: new RaftServerImpl for group-C7470AD1F1DC:[cf00da59-0cdc-47d7-956f-cb1d63eabba8|rpc:10.1.0.4:38075|priority:1] with ContainerStateMachine:uninitialized
2022-08-08 17:32:00,040 [pool-332-thread-1] INFO  server.RaftServerConfigKeys (ConfUtils.java:logGet(46)) - raft.server.rpc.timeout.min = 5s (custom)
2022-08-08 17:32:00,040 [pool-332-thread-1] INFO  server.RaftServerConfigKeys (ConfUtils.java:logGet(46)) - raft.server.rpc.timeout.max = 5200ms (custom)
2022-08-08 17:32:00,044 [pool-332-thread-1] INFO  server.RaftServerConfigKeys (ConfUtils.java:logGet(46)) - raft.server.rpc.sleep.time = 25ms (default)
2022-08-08 17:32:00,044 [pool-332-thread-1] INFO  server.RaftServerConfigKeys (ConfUtils.java:logGet(46)) - raft.server.rpc.slowness.timeout = 300s (custom)
2022-08-08 17:32:00,044 [pool-332-thread-1] INFO  server.RaftServerConfigKeys (ConfUtils.java:logGet(46)) - raft.server.leaderelection.leader.step-down.wait-time = 10s (default)
2022-08-08 17:32:00,044 [pool-332-thread-1] INFO  server.RaftServerConfigKeys (ConfUtils.java:logGet(46)) - raft.server.sleep.deviation.threshold = 300ms (default)
2022-08-08 17:32:00,044 [pool-332-thread-1] INFO  server.RaftServer$Division (ServerState.java:<init>(107)) - cf00da59-0cdc-47d7-956f-cb1d63eabba8@group-C7470AD1F1DC: ConfigurationManager, init=-1: [cf00da59-0cdc-47d7-956f-cb1d63eabba8|rpc:10.1.0.4:38075|priority:1], old=null, confs=<EMPTY_MAP>
2022-08-08 17:32:00,045 [pool-332-thread-1] INFO  server.RaftServerConfigKeys (ConfUtils.java:logGet(46)) - raft.server.storage.dir = [/home/runner/work/ozone/ozone/hadoop-ozone/integration-test/target/test-dir/MiniOzoneClusterImpl-f558af99-55da-4127-a18c-29a24303d895/datanode-0/data/ratis] (custom)
2022-08-08 17:32:00,045 [pool-332-thread-1] INFO  server.RaftServerConfigKeys (ConfUtils.java:logGet(46)) - raft.server.log.corruption.policy = EXCEPTION (default)
2022-08-08 17:32:00,045 [pool-332-thread-1] INFO  server.RaftServerConfigKeys (ConfUtils.java:logGet(46)) - raft.server.storage.free-space.min = 0MB (=0) (default)
2022-08-08 17:32:00,045 [pool-332-thread-1] INFO  storage.RaftStorageDirectory (RaftStorageDirectoryImpl.java:analyzeStorage(135)) - The storage directory /home/runner/work/ozone/ozone/hadoop-ozone/integration-test/target/test-dir/MiniOzoneClusterImpl-f558af99-55da-4127-a18c-29a24303d895/datanode-0/data/ratis/14158c90-1e34-45d1-a2cd-c7470ad1f1dc does not exist. Creating ...
2022-08-08 17:32:00,050 [pool-332-thread-1] INFO  storage.RaftStorageDirectory (RaftStorageDirectoryImpl.java:tryLock(230)) - Lock on /home/runner/work/ozone/ozone/hadoop-ozone/integration-test/target/test-dir/MiniOzoneClusterImpl-f558af99-55da-4127-a18c-29a24303d895/datanode-0/data/ratis/14158c90-1e34-45d1-a2cd-c7470ad1f1dc/in_use.lock acquired by nodename 1880@fv-az207-152
2022-08-08 17:32:00,052 [pool-332-thread-1] INFO  storage.RaftStorage (RaftStorageImpl.java:format(89)) - Storage directory /home/runner/work/ozone/ozone/hadoop-ozone/integration-test/target/test-dir/MiniOzoneClusterImpl-f558af99-55da-4127-a18c-29a24303d895/datanode-0/data/ratis/14158c90-1e34-45d1-a2cd-c7470ad1f1dc has been successfully formatted.
2022-08-08 17:32:00,059 [pool-332-thread-1] INFO  ratis.ContainerStateMachine (ContainerStateMachine.java:loadSnapshot(236)) - group-C7470AD1F1DC: The snapshot info is null. Setting the last applied indexto:(t:0, i:~)
2022-08-08 17:32:00,060 [EventQueue-PipelineReportForPipelineReportHandler] INFO  pipeline.PipelineManagerImpl (PipelineManagerImpl.java:openPipeline(367)) - Pipeline Pipeline[ Id: 14158c90-1e34-45d1-a2cd-c7470ad1f1dc, Nodes: cf00da59-0cdc-47d7-956f-cb1d63eabba8{ip: 10.1.0.4, host: fv-az207-152.1ztp0ef1jgbebjcpob1ohcpowa.jx.internal.cloudapp.net, ports: [REPLICATION=37335, RATIS=38075, RATIS_ADMIN=38075, RATIS_SERVER=38075, STANDALONE=32969], networkLocation: /default-rack, certSerialId: null, persistedOpState: IN_SERVICE, persistedOpStateExpiryEpochSec: 0}, ReplicationConfig: RATIS/ONE, State:ALLOCATED, leaderId:cf00da59-0cdc-47d7-956f-cb1d63eabba8, CreationTimestamp2022-08-08T17:31:57.055Z[Etc/UTC]] moved to OPEN state
2022-08-08 17:32:00,079 [pool-332-thread-1] INFO  server.RaftServerConfigKeys (ConfUtils.java:logGet(46)) - raft.server.notification.no-leader.timeout = 300s (custom)
2022-08-08 17:32:00,080 [pool-332-thread-1] INFO  server.RaftServerConfigKeys (ConfUtils.java:logGet(46)) - raft.server.log.use.memory = false (default)
2022-08-08 17:32:00,080 [pool-332-thread-1] INFO  server.RaftServerConfigKeys (ConfUtils.java:logGet(46)) - raft.server.log.purge.gap = 1000000 (custom)
2022-08-08 17:32:00,080 [pool-332-thread-1] INFO  server.RaftServerConfigKeys (ConfUtils.java:logGet(46)) - raft.server.log.appender.buffer.byte-limit = 33554432 (custom)
2022-08-08 17:32:00,080 [pool-332-thread-1] INFO  server.RaftServerConfigKeys (ConfUtils.java:logGet(46)) - raft.server.log.statemachine.data.read.timeout = 1000ms (default)
2022-08-08 17:32:00,081 [pool-332-thread-1] INFO  server.RaftServerConfigKeys (ConfUtils.java:logGet(46)) - raft.server.log.segment.size.max = 1048576 (custom)
2022-08-08 17:32:00,082 [pool-332-thread-1] INFO  server.RaftServerConfigKeys (ConfUtils.java:logGet(46)) - raft.server.log.segment.cache.num.max = 2 (custom)
2022-08-08 17:32:00,082 [pool-332-thread-1] INFO  server.RaftServerConfigKeys (ConfUtils.java:logGet(46)) - raft.server.log.segment.cache.size.max = 200MB (=209715200) (default)
2022-08-08 17:32:00,082 [pool-332-thread-1] INFO  segmented.SegmentedRaftLogWorker (SegmentedRaftLogWorker.java:<init>(187)) - new cf00da59-0cdc-47d7-956f-cb1d63eabba8@group-C7470AD1F1DC-SegmentedRaftLogWorker for RaftStorageImpl:Storage Directory /home/runner/work/ozone/ozone/hadoop-ozone/integration-test/target/test-dir/MiniOzoneClusterImpl-f558af99-55da-4127-a18c-29a24303d895/datanode-0/data/ratis/14158c90-1e34-45d1-a2cd-c7470ad1f1dc
2022-08-08 17:32:00,082 [pool-332-thread-1] INFO  server.RaftServerConfigKeys (ConfUtils.java:logGet(46)) - raft.server.log.queue.byte-limit = 4294967296 (custom)
2022-08-08 17:32:00,082 [pool-332-thread-1] INFO  server.RaftServerConfigKeys (ConfUtils.java:logGet(46)) - raft.server.log.queue.element-limit = 1024 (custom)
2022-08-08 17:32:00,082 [pool-332-thread-1] INFO  server.RaftServerConfigKeys (ConfUtils.java:logGet(46)) - raft.server.log.segment.size.max = 1048576 (custom)
2022-08-08 17:32:00,082 [pool-332-thread-1] INFO  server.RaftServerConfigKeys (ConfUtils.java:logGet(46)) - raft.server.log.preallocated.size = 16384 (custom)
2022-08-08 17:32:00,082 [pool-332-thread-1] INFO  server.RaftServerConfigKeys (ConfUtils.java:logGet(46)) - raft.server.log.force.sync.num = 128 (default)
2022-08-08 17:32:00,082 [pool-332-thread-1] INFO  server.RaftServerConfigKeys (ConfUtils.java:logGet(46)) - raft.server.log.statemachine.data.sync = true (default)
2022-08-08 17:32:00,082 [pool-332-thread-1] INFO  server.RaftServerConfigKeys (ConfUtils.java:logGet(46)) - raft.server.log.statemachine.data.sync.timeout = 10s (default)
2022-08-08 17:32:00,082 [pool-332-thread-1] INFO  server.RaftServerConfigKeys (ConfUtils.java:logGet(46)) - raft.server.log.statemachine.data.sync.timeout.retry = -1 (default)
2022-08-08 17:32:00,083 [pool-332-thread-1] INFO  server.RaftServerConfigKeys (ConfUtils.java:logGet(46)) - raft.server.log.write.buffer.size = 1048576 (custom)
2022-08-08 17:32:00,083 [pool-332-thread-1] INFO  server.RaftServerConfigKeys (ConfUtils.java:logGet(46)) - raft.server.log.unsafe-flush.enabled = false (default)
2022-08-08 17:32:00,084 [pool-332-thread-1] INFO  server.RaftServerConfigKeys (ConfUtils.java:logGet(46)) - raft.server.log.statemachine.data.caching.enabled = true (custom)
2022-08-08 17:32:00,084 [pool-332-thread-1] INFO  segmented.SegmentedRaftLogWorker (SegmentedRaftLogWorker.java:lambda$new$0(135)) - cf00da59-0cdc-47d7-956f-cb1d63eabba8@group-C7470AD1F1DC-SegmentedRaftLogWorker: flushIndex: setUnconditionally 0 -> -1
2022-08-08 17:32:00,084 [pool-332-thread-1] INFO  segmented.SegmentedRaftLogWorker (SegmentedRaftLogWorker.java:lambda$new$0(135)) - cf00da59-0cdc-47d7-956f-cb1d63eabba8@group-C7470AD1F1DC-SegmentedRaftLogWorker: safeCacheEvictIndex: setUnconditionally 0 -> -1
2022-08-08 17:32:00,088 [pool-332-thread-1] INFO  server.RaftServerConfigKeys (ConfUtils.java:logGet(46)) - raft.server.snapshot.auto.trigger.enabled = true (custom)
2022-08-08 17:32:00,088 [pool-332-thread-1] INFO  server.RaftServerConfigKeys (ConfUtils.java:logGet(46)) - raft.server.snapshot.auto.trigger.threshold = 10000 (custom)
2022-08-08 17:32:00,088 [pool-332-thread-1] INFO  server.RaftServerConfigKeys (ConfUtils.java:logGet(46)) - raft.server.snapshot.retention.file.num = 5 (custom)
2022-08-08 17:32:00,088 [pool-332-thread-1] INFO  server.RaftServerConfigKeys (ConfUtils.java:logGet(46)) - raft.server.log.purge.upto.snapshot.index = false (default)
2022-08-08 17:32:00,090 [pool-332-thread-1] INFO  server.RaftServerConfigKeys (ConfUtils.java:logGet(46)) - raft.server.retrycache.expirytime = 600000ms (custom)
2022-08-08 17:32:00,090 [pool-332-thread-1] INFO  server.RaftServerConfigKeys (ConfUtils.java:logGet(46)) - raft.server.retrycache.statistics.expirytime = 100μs (default)
2022-08-08 17:32:00,093 [pool-332-thread-1] INFO  server.RaftServerConfigKeys (ConfUtils.java:logGet(46)) - raft.server.log.appender.install.snapshot.enabled = false (custom)
2022-08-08 17:32:00,093 [pool-332-thread-1] INFO  server.RaftServerConfigKeys (ConfUtils.java:logGet(46)) - raft.server.threadpool.server.cached = true (default)
2022-08-08 17:32:00,094 [pool-332-thread-1] INFO  server.RaftServerConfigKeys (ConfUtils.java:logGet(46)) - raft.server.threadpool.server.size = 0 (default)
2022-08-08 17:32:00,094 [pool-332-thread-1] INFO  server.RaftServerConfigKeys (ConfUtils.java:logGet(46)) - raft.server.threadpool.client.cached = true (default)
2022-08-08 17:32:00,094 [pool-332-thread-1] INFO  server.RaftServerConfigKeys (ConfUtils.java:logGet(46)) - raft.server.threadpool.client.size = 0 (default)
2022-08-08 17:32:00,094 [pool-332-thread-1] INFO  server.RaftServer$Division (RaftServerImpl.java:start(310)) - cf00da59-0cdc-47d7-956f-cb1d63eabba8@group-C7470AD1F1DC: start as a follower, conf=-1: [cf00da59-0cdc-47d7-956f-cb1d63eabba8|rpc:10.1.0.4:38075|priority:1], old=null
2022-08-08 17:32:00,094 [pool-332-thread-1] INFO  server.RaftServer$Division (RaftServerImpl.java:setRole(299)) - cf00da59-0cdc-47d7-956f-cb1d63eabba8@group-C7470AD1F1DC: changes role from      null to FOLLOWER at term 0 for startAsFollower
2022-08-08 17:32:00,094 [pool-332-thread-1] INFO  impl.RoleInfo (RoleInfo.java:updateAndGet(139)) - cf00da59-0cdc-47d7-956f-cb1d63eabba8: start cf00da59-0cdc-47d7-956f-cb1d63eabba8@group-C7470AD1F1DC-FollowerState
2022-08-08 17:32:00,094 [pool-332-thread-1] INFO  util.JmxRegister (JmxRegister.java:tryRegister(44)) - Successfully registered JMX Bean with object name Ratis:service=RaftServer,group=group-C7470AD1F1DC,id=cf00da59-0cdc-47d7-956f-cb1d63eabba8
2022-08-08 17:32:00,100 [Command processor thread] INFO  ratis.XceiverServerRatis (XceiverServerRatis.java:addGroup(765)) - Created group PipelineID=14158c90-1e34-45d1-a2cd-c7470ad1f1dc
2022-08-08 17:32:00,100 [Command processor thread] INFO  commandhandler.CreatePipelineCommandHandler (CreatePipelineCommandHandler.java:handle(113)) - Created Pipeline RATIS ONE PipelineID=14158c90-1e34-45d1-a2cd-c7470ad1f1dc.
2022-08-08 17:32:00,100 [Command processor thread] INFO  server.RaftServer (RaftServerProxy.java:addNew(96)) - cf00da59-0cdc-47d7-956f-cb1d63eabba8: addNew group-575CB7BF0479:[53355090-c5c3-46c8-9fb6-985b331fedcd|rpc:10.1.0.4:44583|priority:1, cf00da59-0cdc-47d7-956f-cb1d63eabba8|rpc:10.1.0.4:38075|priority:0, e097b380-c3a4-416d-961b-62d57346101a|rpc:10.1.0.4:33879|priority:0] returns group-575CB7BF0479:java.util.concurrent.CompletableFuture@3c249bf0[Not completed]
2022-08-08 17:32:00,104 [EventQueue-OpenPipelineForHealthyPipelineSafeModeRule] INFO  safemode.SCMSafeModeManager (HealthyPipelineSafeModeRule.java:process(137)) - SCM in safe mode. Healthy pipelines reported count is 0, required healthy pipeline reported count is 1
2022-08-08 17:32:00,105 [pool-332-thread-1] INFO  server.RaftServer$Division (RaftServerImpl.java:<init>(190)) - cf00da59-0cdc-47d7-956f-cb1d63eabba8: new RaftServerImpl for group-575CB7BF0479:[53355090-c5c3-46c8-9fb6-985b331fedcd|rpc:10.1.0.4:44583|priority:1, cf00da59-0cdc-47d7-956f-cb1d63eabba8|rpc:10.1.0.4:38075|priority:0, e097b380-c3a4-416d-961b-62d57346101a|rpc:10.1.0.4:33879|priority:0] with ContainerStateMachine:uninitialized
2022-08-08 17:32:00,105 [pool-332-thread-1] INFO  server.RaftServerConfigKeys (ConfUtils.java:logGet(46)) - raft.server.rpc.timeout.min = 5s (custom)
2022-08-08 17:32:00,105 [pool-332-thread-1] INFO  server.RaftServerConfigKeys (ConfUtils.java:logGet(46)) - raft.server.rpc.timeout.max = 5200ms (custom)
2022-08-08 17:32:00,105 [pool-332-thread-1] INFO  server.RaftServerConfigKeys (ConfUtils.java:logGet(46)) - raft.server.rpc.sleep.time = 25ms (default)
2022-08-08 17:32:00,105 [pool-332-thread-1] INFO  server.RaftServerConfigKeys (ConfUtils.java:logGet(46)) - raft.server.rpc.slowness.timeout = 300s (custom)
2022-08-08 17:32:00,105 [pool-332-thread-1] INFO  server.RaftServerConfigKeys (ConfUtils.java:logGet(46)) - raft.server.leaderelection.leader.step-down.wait-time = 10s (default)
2022-08-08 17:32:00,105 [pool-332-thread-1] INFO  server.RaftServerConfigKeys (ConfUtils.java:logGet(46)) - raft.server.sleep.deviation.threshold = 300ms (default)
2022-08-08 17:32:00,105 [pool-332-thread-1] INFO  server.RaftServer$Division (ServerState.java:<init>(107)) - cf00da59-0cdc-47d7-956f-cb1d63eabba8@group-575CB7BF0479: ConfigurationManager, init=-1: [53355090-c5c3-46c8-9fb6-985b331fedcd|rpc:10.1.0.4:44583|priority:1, cf00da59-0cdc-47d7-956f-cb1d63eabba8|rpc:10.1.0.4:38075|priority:0, e097b380-c3a4-416d-961b-62d57346101a|rpc:10.1.0.4:33879|priority:0], old=null, confs=<EMPTY_MAP>
2022-08-08 17:32:00,105 [pool-332-thread-1] INFO  server.RaftServerConfigKeys (ConfUtils.java:logGet(46)) - raft.server.storage.dir = [/home/runner/work/ozone/ozone/hadoop-ozone/integration-test/target/test-dir/MiniOzoneClusterImpl-f558af99-55da-4127-a18c-29a24303d895/datanode-0/data/ratis] (custom)
2022-08-08 17:32:00,106 [pool-332-thread-1] INFO  server.RaftServerConfigKeys (ConfUtils.java:logGet(46)) - raft.server.log.corruption.policy = EXCEPTION (default)
2022-08-08 17:32:00,106 [pool-332-thread-1] INFO  server.RaftServerConfigKeys (ConfUtils.java:logGet(46)) - raft.server.storage.free-space.min = 0MB (=0) (default)
2022-08-08 17:32:00,106 [pool-332-thread-1] INFO  storage.RaftStorageDirectory (RaftStorageDirectoryImpl.java:analyzeStorage(135)) - The storage directory /home/runner/work/ozone/ozone/hadoop-ozone/integration-test/target/test-dir/MiniOzoneClusterImpl-f558af99-55da-4127-a18c-29a24303d895/datanode-0/data/ratis/83124423-251a-4f0f-8650-575cb7bf0479 does not exist. Creating ...
2022-08-08 17:32:00,110 [pool-332-thread-1] INFO  storage.RaftStorageDirectory (RaftStorageDirectoryImpl.java:tryLock(230)) - Lock on /home/runner/work/ozone/ozone/hadoop-ozone/integration-test/target/test-dir/MiniOzoneClusterImpl-f558af99-55da-4127-a18c-29a24303d895/datanode-0/data/ratis/83124423-251a-4f0f-8650-575cb7bf0479/in_use.lock acquired by nodename 1880@fv-az207-152
2022-08-08 17:32:00,111 [pool-332-thread-1] INFO  storage.RaftStorage (RaftStorageImpl.java:format(89)) - Storage directory /home/runner/work/ozone/ozone/hadoop-ozone/integration-test/target/test-dir/MiniOzoneClusterImpl-f558af99-55da-4127-a18c-29a24303d895/datanode-0/data/ratis/83124423-251a-4f0f-8650-575cb7bf0479 has been successfully formatted.
2022-08-08 17:32:00,112 [pool-332-thread-1] INFO  ratis.ContainerStateMachine (ContainerStateMachine.java:loadSnapshot(236)) - group-575CB7BF0479: The snapshot info is null. Setting the last applied indexto:(t:0, i:~)
2022-08-08 17:32:00,112 [pool-332-thread-1] INFO  server.RaftServerConfigKeys (ConfUtils.java:logGet(46)) - raft.server.notification.no-leader.timeout = 300s (custom)
2022-08-08 17:32:00,112 [pool-332-thread-1] INFO  server.RaftServerConfigKeys (ConfUtils.java:logGet(46)) - raft.server.log.use.memory = false (default)
2022-08-08 17:32:00,112 [pool-332-thread-1] INFO  server.RaftServerConfigKeys (ConfUtils.java:logGet(46)) - raft.server.log.purge.gap = 1000000 (custom)
2022-08-08 17:32:00,112 [pool-332-thread-1] INFO  server.RaftServerConfigKeys (ConfUtils.java:logGet(46)) - raft.server.log.appender.buffer.byte-limit = 33554432 (custom)
2022-08-08 17:32:00,112 [pool-332-thread-1] INFO  server.RaftServerConfigKeys (ConfUtils.java:logGet(46)) - raft.server.log.statemachine.data.read.timeout = 1000ms (default)
2022-08-08 17:32:00,115 [EventQueue-OpenPipelineForHealthyPipelineSafeModeRule] INFO  safemode.SCMSafeModeManager (HealthyPipelineSafeModeRule.java:process(137)) - SCM in safe mode. Healthy pipelines reported count is 0, required healthy pipeline reported count is 1
2022-08-08 17:32:00,115 [pool-332-thread-1] INFO  server.RaftServerConfigKeys (ConfUtils.java:logGet(46)) - raft.server.log.segment.size.max = 1048576 (custom)
2022-08-08 17:32:00,116 [pool-332-thread-1] INFO  server.RaftServerConfigKeys (ConfUtils.java:logGet(46)) - raft.server.log.segment.cache.num.max = 2 (custom)
2022-08-08 17:32:00,116 [pool-332-thread-1] INFO  server.RaftServerConfigKeys (ConfUtils.java:logGet(46)) - raft.server.log.segment.cache.size.max = 200MB (=209715200) (default)
2022-08-08 17:32:00,116 [pool-332-thread-1] INFO  segmented.SegmentedRaftLogWorker (SegmentedRaftLogWorker.java:<init>(187)) - new cf00da59-0cdc-47d7-956f-cb1d63eabba8@group-575CB7BF0479-SegmentedRaftLogWorker for RaftStorageImpl:Storage Directory /home/runner/work/ozone/ozone/hadoop-ozone/integration-test/target/test-dir/MiniOzoneClusterImpl-f558af99-55da-4127-a18c-29a24303d895/datanode-0/data/ratis/83124423-251a-4f0f-8650-575cb7bf0479
2022-08-08 17:32:00,118 [pool-332-thread-1] INFO  server.RaftServerConfigKeys (ConfUtils.java:logGet(46)) - raft.server.log.queue.byte-limit = 4294967296 (custom)
2022-08-08 17:32:00,118 [pool-332-thread-1] INFO  server.RaftServerConfigKeys (ConfUtils.java:logGet(46)) - raft.server.log.queue.element-limit = 1024 (custom)
2022-08-08 17:32:00,118 [pool-332-thread-1] INFO  server.RaftServerConfigKeys (ConfUtils.java:logGet(46)) - raft.server.log.segment.size.max = 1048576 (custom)
2022-08-08 17:32:00,118 [pool-332-thread-1] INFO  server.RaftServerConfigKeys (ConfUtils.java:logGet(46)) - raft.server.log.preallocated.size = 16384 (custom)
2022-08-08 17:32:00,118 [pool-332-thread-1] INFO  server.RaftServerConfigKeys (ConfUtils.java:logGet(46)) - raft.server.log.force.sync.num = 128 (default)
2022-08-08 17:32:00,118 [pool-332-thread-1] INFO  server.RaftServerConfigKeys (ConfUtils.java:logGet(46)) - raft.server.log.statemachine.data.sync = true (default)
2022-08-08 17:32:00,118 [pool-332-thread-1] INFO  server.RaftServerConfigKeys (ConfUtils.java:logGet(46)) - raft.server.log.statemachine.data.sync.timeout = 10s (default)
2022-08-08 17:32:00,118 [pool-332-thread-1] INFO  server.RaftServerConfigKeys (ConfUtils.java:logGet(46)) - raft.server.log.statemachine.data.sync.timeout.retry = -1 (default)
2022-08-08 17:32:00,119 [pool-332-thread-1] INFO  server.RaftServerConfigKeys (ConfUtils.java:logGet(46)) - raft.server.log.write.buffer.size = 1048576 (custom)
2022-08-08 17:32:00,119 [pool-332-thread-1] INFO  server.RaftServerConfigKeys (ConfUtils.java:logGet(46)) - raft.server.log.unsafe-flush.enabled = false (default)
2022-08-08 17:32:00,119 [pool-332-thread-1] INFO  server.RaftServerConfigKeys (ConfUtils.java:logGet(46)) - raft.server.log.statemachine.data.caching.enabled = true (custom)
2022-08-08 17:32:00,120 [pool-332-thread-1] INFO  segmented.SegmentedRaftLogWorker (SegmentedRaftLogWorker.java:lambda$new$0(135)) - cf00da59-0cdc-47d7-956f-cb1d63eabba8@group-575CB7BF0479-SegmentedRaftLogWorker: flushIndex: setUnconditionally 0 -> -1
2022-08-08 17:32:00,120 [pool-332-thread-1] INFO  segmented.SegmentedRaftLogWorker (SegmentedRaftLogWorker.java:lambda$new$0(135)) - cf00da59-0cdc-47d7-956f-cb1d63eabba8@group-575CB7BF0479-SegmentedRaftLogWorker: safeCacheEvictIndex: setUnconditionally 0 -> -1
2022-08-08 17:32:00,130 [pool-332-thread-1] INFO  server.RaftServerConfigKeys (ConfUtils.java:logGet(46)) - raft.server.snapshot.auto.trigger.enabled = true (custom)
2022-08-08 17:32:00,130 [pool-332-thread-1] INFO  server.RaftServerConfigKeys (ConfUtils.java:logGet(46)) - raft.server.snapshot.auto.trigger.threshold = 10000 (custom)
2022-08-08 17:32:00,130 [pool-332-thread-1] INFO  server.RaftServerConfigKeys (ConfUtils.java:logGet(46)) - raft.server.snapshot.retention.file.num = 5 (custom)
2022-08-08 17:32:00,130 [pool-332-thread-1] INFO  server.RaftServerConfigKeys (ConfUtils.java:logGet(46)) - raft.server.log.purge.upto.snapshot.index = false (default)
2022-08-08 17:32:00,130 [pool-332-thread-1] INFO  server.RaftServerConfigKeys (ConfUtils.java:logGet(46)) - raft.server.retrycache.expirytime = 600000ms (custom)
2022-08-08 17:32:00,130 [pool-332-thread-1] INFO  server.RaftServerConfigKeys (ConfUtils.java:logGet(46)) - raft.server.retrycache.statistics.expirytime = 100μs (default)
2022-08-08 17:32:00,132 [pool-332-thread-1] INFO  server.RaftServerConfigKeys (ConfUtils.java:logGet(46)) - raft.server.log.appender.install.snapshot.enabled = false (custom)
2022-08-08 17:32:00,132 [pool-332-thread-1] INFO  server.RaftServerConfigKeys (ConfUtils.java:logGet(46)) - raft.server.threadpool.server.cached = true (default)
2022-08-08 17:32:00,132 [pool-332-thread-1] INFO  server.RaftServerConfigKeys (ConfUtils.java:logGet(46)) - raft.server.threadpool.server.size = 0 (default)
2022-08-08 17:32:00,132 [pool-332-thread-1] INFO  server.RaftServerConfigKeys (ConfUtils.java:logGet(46)) - raft.server.threadpool.client.cached = true (default)
2022-08-08 17:32:00,132 [pool-332-thread-1] INFO  server.RaftServerConfigKeys (ConfUtils.java:logGet(46)) - raft.server.threadpool.client.size = 0 (default)
2022-08-08 17:32:00,132 [pool-332-thread-1] INFO  server.RaftServer$Division (RaftServerImpl.java:start(310)) - cf00da59-0cdc-47d7-956f-cb1d63eabba8@group-575CB7BF0479: start as a follower, conf=-1: [53355090-c5c3-46c8-9fb6-985b331fedcd|rpc:10.1.0.4:44583|priority:1, cf00da59-0cdc-47d7-956f-cb1d63eabba8|rpc:10.1.0.4:38075|priority:0, e097b380-c3a4-416d-961b-62d57346101a|rpc:10.1.0.4:33879|priority:0], old=null
2022-08-08 17:32:00,132 [pool-332-thread-1] INFO  server.RaftServer$Division (RaftServerImpl.java:setRole(299)) - cf00da59-0cdc-47d7-956f-cb1d63eabba8@group-575CB7BF0479: changes role from      null to FOLLOWER at term 0 for startAsFollower
2022-08-08 17:32:00,132 [pool-332-thread-1] INFO  impl.RoleInfo (RoleInfo.java:updateAndGet(139)) - cf00da59-0cdc-47d7-956f-cb1d63eabba8: start cf00da59-0cdc-47d7-956f-cb1d63eabba8@group-575CB7BF0479-FollowerState
2022-08-08 17:32:00,132 [pool-332-thread-1] INFO  util.JmxRegister (JmxRegister.java:tryRegister(44)) - Successfully registered JMX Bean with object name Ratis:service=RaftServer,group=group-575CB7BF0479,id=cf00da59-0cdc-47d7-956f-cb1d63eabba8
2022-08-08 17:32:00,133 [Command processor thread] INFO  ratis.XceiverServerRatis (XceiverServerRatis.java:addGroup(765)) - Created group PipelineID=83124423-251a-4f0f-8650-575cb7bf0479
2022-08-08 17:32:00,168 [grpc-default-executor-0] INFO  server.RaftServer (RaftServerProxy.java:addNew(96)) - 53355090-c5c3-46c8-9fb6-985b331fedcd: addNew group-575CB7BF0479:[53355090-c5c3-46c8-9fb6-985b331fedcd|rpc:10.1.0.4:44583|dataStream:|priority:1, cf00da59-0cdc-47d7-956f-cb1d63eabba8|rpc:10.1.0.4:38075|dataStream:|priority:0, e097b380-c3a4-416d-961b-62d57346101a|rpc:10.1.0.4:33879|dataStream:|priority:0] returns group-575CB7BF0479:java.util.concurrent.CompletableFuture@287d4d4[Not completed]
2022-08-08 17:32:00,170 [pool-355-thread-1] INFO  server.RaftServer$Division (RaftServerImpl.java:<init>(190)) - 53355090-c5c3-46c8-9fb6-985b331fedcd: new RaftServerImpl for group-575CB7BF0479:[53355090-c5c3-46c8-9fb6-985b331fedcd|rpc:10.1.0.4:44583|dataStream:|priority:1, cf00da59-0cdc-47d7-956f-cb1d63eabba8|rpc:10.1.0.4:38075|dataStream:|priority:0, e097b380-c3a4-416d-961b-62d57346101a|rpc:10.1.0.4:33879|dataStream:|priority:0] with ContainerStateMachine:uninitialized
2022-08-08 17:32:00,171 [pool-355-thread-1] INFO  server.RaftServerConfigKeys (ConfUtils.java:logGet(46)) - raft.server.rpc.timeout.min = 5s (custom)
2022-08-08 17:32:00,171 [pool-355-thread-1] INFO  server.RaftServerConfigKeys (ConfUtils.java:logGet(46)) - raft.server.rpc.timeout.max = 5200ms (custom)
2022-08-08 17:32:00,171 [pool-355-thread-1] INFO  server.RaftServerConfigKeys (ConfUtils.java:logGet(46)) - raft.server.rpc.sleep.time = 25ms (default)
2022-08-08 17:32:00,171 [pool-355-thread-1] INFO  server.RaftServerConfigKeys (ConfUtils.java:logGet(46)) - raft.server.rpc.slowness.timeout = 300s (custom)
2022-08-08 17:32:00,171 [pool-355-thread-1] INFO  server.RaftServerConfigKeys (ConfUtils.java:logGet(46)) - raft.server.leaderelection.leader.step-down.wait-time = 10s (default)
2022-08-08 17:32:00,171 [pool-355-thread-1] INFO  server.RaftServerConfigKeys (ConfUtils.java:logGet(46)) - raft.server.sleep.deviation.threshold = 300ms (default)
2022-08-08 17:32:00,171 [pool-355-thread-1] INFO  server.RaftServer$Division (ServerState.java:<init>(107)) - 53355090-c5c3-46c8-9fb6-985b331fedcd@group-575CB7BF0479: ConfigurationManager, init=-1: [53355090-c5c3-46c8-9fb6-985b331fedcd|rpc:10.1.0.4:44583|dataStream:|priority:1, cf00da59-0cdc-47d7-956f-cb1d63eabba8|rpc:10.1.0.4:38075|dataStream:|priority:0, e097b380-c3a4-416d-961b-62d57346101a|rpc:10.1.0.4:33879|dataStream:|priority:0], old=null, confs=<EMPTY_MAP>
2022-08-08 17:32:00,171 [pool-355-thread-1] INFO  server.RaftServerConfigKeys (ConfUtils.java:logGet(46)) - raft.server.storage.dir = [/home/runner/work/ozone/ozone/hadoop-ozone/integration-test/target/test-dir/MiniOzoneClusterImpl-f558af99-55da-4127-a18c-29a24303d895/datanode-1/data/ratis] (custom)
2022-08-08 17:32:00,171 [pool-355-thread-1] INFO  server.RaftServerConfigKeys (ConfUtils.java:logGet(46)) - raft.server.log.corruption.policy = EXCEPTION (default)
2022-08-08 17:32:00,171 [pool-355-thread-1] INFO  server.RaftServerConfigKeys (ConfUtils.java:logGet(46)) - raft.server.storage.free-space.min = 0MB (=0) (default)
2022-08-08 17:32:00,171 [pool-355-thread-1] INFO  storage.RaftStorageDirectory (RaftStorageDirectoryImpl.java:analyzeStorage(135)) - The storage directory /home/runner/work/ozone/ozone/hadoop-ozone/integration-test/target/test-dir/MiniOzoneClusterImpl-f558af99-55da-4127-a18c-29a24303d895/datanode-1/data/ratis/83124423-251a-4f0f-8650-575cb7bf0479 does not exist. Creating ...
2022-08-08 17:32:00,174 [pool-355-thread-1] INFO  storage.RaftStorageDirectory (RaftStorageDirectoryImpl.java:tryLock(230)) - Lock on /home/runner/work/ozone/ozone/hadoop-ozone/integration-test/target/test-dir/MiniOzoneClusterImpl-f558af99-55da-4127-a18c-29a24303d895/datanode-1/data/ratis/83124423-251a-4f0f-8650-575cb7bf0479/in_use.lock acquired by nodename 1880@fv-az207-152
2022-08-08 17:32:00,176 [pool-355-thread-1] INFO  storage.RaftStorage (RaftStorageImpl.java:format(89)) - Storage directory /home/runner/work/ozone/ozone/hadoop-ozone/integration-test/target/test-dir/MiniOzoneClusterImpl-f558af99-55da-4127-a18c-29a24303d895/datanode-1/data/ratis/83124423-251a-4f0f-8650-575cb7bf0479 has been successfully formatted.
2022-08-08 17:32:00,186 [pool-355-thread-1] INFO  ratis.ContainerStateMachine (ContainerStateMachine.java:loadSnapshot(236)) - group-575CB7BF0479: The snapshot info is null. Setting the last applied indexto:(t:0, i:~)
2022-08-08 17:32:00,186 [pool-355-thread-1] INFO  server.RaftServerConfigKeys (ConfUtils.java:logGet(46)) - raft.server.notification.no-leader.timeout = 300s (custom)
2022-08-08 17:32:00,186 [pool-355-thread-1] INFO  server.RaftServerConfigKeys (ConfUtils.java:logGet(46)) - raft.server.log.use.memory = false (default)
2022-08-08 17:32:00,186 [pool-355-thread-1] INFO  server.RaftServerConfigKeys (ConfUtils.java:logGet(46)) - raft.server.log.purge.gap = 1000000 (custom)
2022-08-08 17:32:00,187 [pool-355-thread-1] INFO  server.RaftServerConfigKeys (ConfUtils.java:logGet(46)) - raft.server.log.appender.buffer.byte-limit = 33554432 (custom)
2022-08-08 17:32:00,187 [pool-355-thread-1] INFO  server.RaftServerConfigKeys (ConfUtils.java:logGet(46)) - raft.server.log.statemachine.data.read.timeout = 1000ms (default)
2022-08-08 17:32:00,187 [pool-355-thread-1] INFO  server.RaftServerConfigKeys (ConfUtils.java:logGet(46)) - raft.server.log.segment.size.max = 1048576 (custom)
2022-08-08 17:32:00,187 [pool-355-thread-1] INFO  server.RaftServerConfigKeys (ConfUtils.java:logGet(46)) - raft.server.log.segment.cache.num.max = 2 (custom)
2022-08-08 17:32:00,187 [pool-355-thread-1] INFO  server.RaftServerConfigKeys (ConfUtils.java:logGet(46)) - raft.server.log.segment.cache.size.max = 200MB (=209715200) (default)
2022-08-08 17:32:00,187 [pool-355-thread-1] INFO  segmented.SegmentedRaftLogWorker (SegmentedRaftLogWorker.java:<init>(187)) - new 53355090-c5c3-46c8-9fb6-985b331fedcd@group-575CB7BF0479-SegmentedRaftLogWorker for RaftStorageImpl:Storage Directory /home/runner/work/ozone/ozone/hadoop-ozone/integration-test/target/test-dir/MiniOzoneClusterImpl-f558af99-55da-4127-a18c-29a24303d895/datanode-1/data/ratis/83124423-251a-4f0f-8650-575cb7bf0479
2022-08-08 17:32:00,187 [pool-355-thread-1] INFO  server.RaftServerConfigKeys (ConfUtils.java:logGet(46)) - raft.server.log.queue.byte-limit = 4294967296 (custom)
2022-08-08 17:32:00,187 [pool-355-thread-1] INFO  server.RaftServerConfigKeys (ConfUtils.java:logGet(46)) - raft.server.log.queue.element-limit = 1024 (custom)
2022-08-08 17:32:00,187 [pool-355-thread-1] INFO  server.RaftServerConfigKeys (ConfUtils.java:logGet(46)) - raft.server.log.segment.size.max = 1048576 (custom)
2022-08-08 17:32:00,188 [pool-355-thread-1] INFO  server.RaftServerConfigKeys (ConfUtils.java:logGet(46)) - raft.server.log.preallocated.size = 16384 (custom)
2022-08-08 17:32:00,188 [pool-355-thread-1] INFO  server.RaftServerConfigKeys (ConfUtils.java:logGet(46)) - raft.server.log.force.sync.num = 128 (default)
2022-08-08 17:32:00,188 [pool-355-thread-1] INFO  server.RaftServerConfigKeys (ConfUtils.java:logGet(46)) - raft.server.log.statemachine.data.sync = true (default)
2022-08-08 17:32:00,188 [pool-355-thread-1] INFO  server.RaftServerConfigKeys (ConfUtils.java:logGet(46)) - raft.server.log.statemachine.data.sync.timeout = 10s (default)
2022-08-08 17:32:00,188 [pool-355-thread-1] INFO  server.RaftServerConfigKeys (ConfUtils.java:logGet(46)) - raft.server.log.statemachine.data.sync.timeout.retry = -1 (default)
2022-08-08 17:32:00,189 [pool-355-thread-1] INFO  server.RaftServerConfigKeys (ConfUtils.java:logGet(46)) - raft.server.log.write.buffer.size = 1048576 (custom)
2022-08-08 17:32:00,189 [pool-355-thread-1] INFO  server.RaftServerConfigKeys (ConfUtils.java:logGet(46)) - raft.server.log.unsafe-flush.enabled = false (default)
2022-08-08 17:32:00,189 [pool-355-thread-1] INFO  server.RaftServerConfigKeys (ConfUtils.java:logGet(46)) - raft.server.log.statemachine.data.caching.enabled = true (custom)
2022-08-08 17:32:00,190 [pool-355-thread-1] INFO  segmented.SegmentedRaftLogWorker (SegmentedRaftLogWorker.java:lambda$new$0(135)) - 53355090-c5c3-46c8-9fb6-985b331fedcd@group-575CB7BF0479-SegmentedRaftLogWorker: flushIndex: setUnconditionally 0 -> -1
2022-08-08 17:32:00,190 [pool-355-thread-1] INFO  segmented.SegmentedRaftLogWorker (SegmentedRaftLogWorker.java:lambda$new$0(135)) - 53355090-c5c3-46c8-9fb6-985b331fedcd@group-575CB7BF0479-SegmentedRaftLogWorker: safeCacheEvictIndex: setUnconditionally 0 -> -1
2022-08-08 17:32:00,194 [pool-355-thread-1] INFO  server.RaftServerConfigKeys (ConfUtils.java:logGet(46)) - raft.server.snapshot.auto.trigger.enabled = true (custom)
2022-08-08 17:32:00,194 [pool-355-thread-1] INFO  server.RaftServerConfigKeys (ConfUtils.java:logGet(46)) - raft.server.snapshot.auto.trigger.threshold = 10000 (custom)
2022-08-08 17:32:00,194 [pool-355-thread-1] INFO  server.RaftServerConfigKeys (ConfUtils.java:logGet(46)) - raft.server.snapshot.retention.file.num = 5 (custom)
2022-08-08 17:32:00,194 [pool-355-thread-1] INFO  server.RaftServerConfigKeys (ConfUtils.java:logGet(46)) - raft.server.log.purge.upto.snapshot.index = false (default)
2022-08-08 17:32:00,194 [pool-355-thread-1] INFO  server.RaftServerConfigKeys (ConfUtils.java:logGet(46)) - raft.server.retrycache.expirytime = 600000ms (custom)
2022-08-08 17:32:00,194 [pool-355-thread-1] INFO  server.RaftServerConfigKeys (ConfUtils.java:logGet(46)) - raft.server.retrycache.statistics.expirytime = 100μs (default)
2022-08-08 17:32:00,196 [pool-355-thread-1] INFO  server.RaftServerConfigKeys (ConfUtils.java:logGet(46)) - raft.server.log.appender.install.snapshot.enabled = false (custom)
2022-08-08 17:32:00,196 [pool-355-thread-1] INFO  server.RaftServerConfigKeys (ConfUtils.java:logGet(46)) - raft.server.threadpool.server.cached = true (default)
2022-08-08 17:32:00,196 [pool-355-thread-1] INFO  server.RaftServerConfigKeys (ConfUtils.java:logGet(46)) - raft.server.threadpool.server.size = 0 (default)
2022-08-08 17:32:00,196 [pool-355-thread-1] INFO  server.RaftServerConfigKeys (ConfUtils.java:logGet(46)) - raft.server.threadpool.client.cached = true (default)
2022-08-08 17:32:00,196 [pool-355-thread-1] INFO  server.RaftServerConfigKeys (ConfUtils.java:logGet(46)) - raft.server.threadpool.client.size = 0 (default)
2022-08-08 17:32:00,196 [pool-355-thread-1] INFO  server.RaftServer$Division (RaftServerImpl.java:start(310)) - 53355090-c5c3-46c8-9fb6-985b331fedcd@group-575CB7BF0479: start as a follower, conf=-1: [53355090-c5c3-46c8-9fb6-985b331fedcd|rpc:10.1.0.4:44583|dataStream:|priority:1, cf00da59-0cdc-47d7-956f-cb1d63eabba8|rpc:10.1.0.4:38075|dataStream:|priority:0, e097b380-c3a4-416d-961b-62d57346101a|rpc:10.1.0.4:33879|dataStream:|priority:0], old=null
2022-08-08 17:32:00,196 [pool-355-thread-1] INFO  server.RaftServer$Division (RaftServerImpl.java:setRole(299)) - 53355090-c5c3-46c8-9fb6-985b331fedcd@group-575CB7BF0479: changes role from      null to FOLLOWER at term 0 for startAsFollower
2022-08-08 17:32:00,196 [pool-355-thread-1] INFO  impl.RoleInfo (RoleInfo.java:updateAndGet(139)) - 53355090-c5c3-46c8-9fb6-985b331fedcd: start 53355090-c5c3-46c8-9fb6-985b331fedcd@group-575CB7BF0479-FollowerState
2022-08-08 17:32:00,211 [pool-355-thread-1] INFO  util.JmxRegister (JmxRegister.java:tryRegister(44)) - Successfully registered JMX Bean with object name Ratis:service=RaftServer,group=group-575CB7BF0479,id=53355090-c5c3-46c8-9fb6-985b331fedcd
2022-08-08 17:32:00,281 [grpc-default-executor-0] INFO  server.RaftServer (RaftServerProxy.java:addNew(96)) - e097b380-c3a4-416d-961b-62d57346101a: addNew group-575CB7BF0479:[53355090-c5c3-46c8-9fb6-985b331fedcd|rpc:10.1.0.4:44583|dataStream:|priority:1, cf00da59-0cdc-47d7-956f-cb1d63eabba8|rpc:10.1.0.4:38075|dataStream:|priority:0, e097b380-c3a4-416d-961b-62d57346101a|rpc:10.1.0.4:33879|dataStream:|priority:0] returns group-575CB7BF0479:java.util.concurrent.CompletableFuture@707e3a9a[Not completed]
2022-08-08 17:32:00,292 [pool-378-thread-1] INFO  server.RaftServer$Division (RaftServerImpl.java:<init>(190)) - e097b380-c3a4-416d-961b-62d57346101a: new RaftServerImpl for group-575CB7BF0479:[53355090-c5c3-46c8-9fb6-985b331fedcd|rpc:10.1.0.4:44583|dataStream:|priority:1, cf00da59-0cdc-47d7-956f-cb1d63eabba8|rpc:10.1.0.4:38075|dataStream:|priority:0, e097b380-c3a4-416d-961b-62d57346101a|rpc:10.1.0.4:33879|dataStream:|priority:0] with ContainerStateMachine:uninitialized
2022-08-08 17:32:00,292 [pool-378-thread-1] INFO  server.RaftServerConfigKeys (ConfUtils.java:logGet(46)) - raft.server.rpc.timeout.min = 5s (custom)
2022-08-08 17:32:00,293 [pool-378-thread-1] INFO  server.RaftServerConfigKeys (ConfUtils.java:logGet(46)) - raft.server.rpc.timeout.max = 5200ms (custom)
2022-08-08 17:32:00,293 [pool-378-thread-1] INFO  server.RaftServerConfigKeys (ConfUtils.java:logGet(46)) - raft.server.rpc.sleep.time = 25ms (default)
2022-08-08 17:32:00,293 [pool-378-thread-1] INFO  server.RaftServerConfigKeys (ConfUtils.java:logGet(46)) - raft.server.rpc.slowness.timeout = 300s (custom)
2022-08-08 17:32:00,293 [pool-378-thread-1] INFO  server.RaftServerConfigKeys (ConfUtils.java:logGet(46)) - raft.server.leaderelection.leader.step-down.wait-time = 10s (default)
2022-08-08 17:32:00,293 [pool-378-thread-1] INFO  server.RaftServerConfigKeys (ConfUtils.java:logGet(46)) - raft.server.sleep.deviation.threshold = 300ms (default)
2022-08-08 17:32:00,293 [pool-378-thread-1] INFO  server.RaftServer$Division (ServerState.java:<init>(107)) - e097b380-c3a4-416d-961b-62d57346101a@group-575CB7BF0479: ConfigurationManager, init=-1: [53355090-c5c3-46c8-9fb6-985b331fedcd|rpc:10.1.0.4:44583|dataStream:|priority:1, cf00da59-0cdc-47d7-956f-cb1d63eabba8|rpc:10.1.0.4:38075|dataStream:|priority:0, e097b380-c3a4-416d-961b-62d57346101a|rpc:10.1.0.4:33879|dataStream:|priority:0], old=null, confs=<EMPTY_MAP>
2022-08-08 17:32:00,293 [pool-378-thread-1] INFO  server.RaftServerConfigKeys (ConfUtils.java:logGet(46)) - raft.server.storage.dir = [/home/runner/work/ozone/ozone/hadoop-ozone/integration-test/target/test-dir/MiniOzoneClusterImpl-f558af99-55da-4127-a18c-29a24303d895/datanode-2/data/ratis] (custom)
2022-08-08 17:32:00,293 [pool-378-thread-1] INFO  server.RaftServerConfigKeys (ConfUtils.java:logGet(46)) - raft.server.log.corruption.policy = EXCEPTION (default)
2022-08-08 17:32:00,293 [pool-378-thread-1] INFO  server.RaftServerConfigKeys (ConfUtils.java:logGet(46)) - raft.server.storage.free-space.min = 0MB (=0) (default)
2022-08-08 17:32:00,293 [pool-378-thread-1] INFO  storage.RaftStorageDirectory (RaftStorageDirectoryImpl.java:analyzeStorage(135)) - The storage directory /home/runner/work/ozone/ozone/hadoop-ozone/integration-test/target/test-dir/MiniOzoneClusterImpl-f558af99-55da-4127-a18c-29a24303d895/datanode-2/data/ratis/83124423-251a-4f0f-8650-575cb7bf0479 does not exist. Creating ...
2022-08-08 17:32:00,294 [pool-378-thread-1] INFO  storage.RaftStorageDirectory (RaftStorageDirectoryImpl.java:tryLock(230)) - Lock on /home/runner/work/ozone/ozone/hadoop-ozone/integration-test/target/test-dir/MiniOzoneClusterImpl-f558af99-55da-4127-a18c-29a24303d895/datanode-2/data/ratis/83124423-251a-4f0f-8650-575cb7bf0479/in_use.lock acquired by nodename 1880@fv-az207-152
2022-08-08 17:32:00,298 [pool-378-thread-1] INFO  storage.RaftStorage (RaftStorageImpl.java:format(89)) - Storage directory /home/runner/work/ozone/ozone/hadoop-ozone/integration-test/target/test-dir/MiniOzoneClusterImpl-f558af99-55da-4127-a18c-29a24303d895/datanode-2/data/ratis/83124423-251a-4f0f-8650-575cb7bf0479 has been successfully formatted.
2022-08-08 17:32:00,299 [pool-378-thread-1] INFO  ratis.ContainerStateMachine (ContainerStateMachine.java:loadSnapshot(236)) - group-575CB7BF0479: The snapshot info is null. Setting the last applied indexto:(t:0, i:~)
2022-08-08 17:32:00,299 [pool-378-thread-1] INFO  server.RaftServerConfigKeys (ConfUtils.java:logGet(46)) - raft.server.notification.no-leader.timeout = 300s (custom)
2022-08-08 17:32:00,299 [pool-378-thread-1] INFO  server.RaftServerConfigKeys (ConfUtils.java:logGet(46)) - raft.server.log.use.memory = false (default)
2022-08-08 17:32:00,299 [pool-378-thread-1] INFO  server.RaftServerConfigKeys (ConfUtils.java:logGet(46)) - raft.server.log.purge.gap = 1000000 (custom)
2022-08-08 17:32:00,299 [pool-378-thread-1] INFO  server.RaftServerConfigKeys (ConfUtils.java:logGet(46)) - raft.server.log.appender.buffer.byte-limit = 33554432 (custom)
2022-08-08 17:32:00,325 [pool-378-thread-1] INFO  server.RaftServerConfigKeys (ConfUtils.java:logGet(46)) - raft.server.log.statemachine.data.read.timeout = 1000ms (default)
2022-08-08 17:32:00,325 [pool-378-thread-1] INFO  server.RaftServerConfigKeys (ConfUtils.java:logGet(46)) - raft.server.log.segment.size.max = 1048576 (custom)
2022-08-08 17:32:00,326 [pool-378-thread-1] INFO  server.RaftServerConfigKeys (ConfUtils.java:logGet(46)) - raft.server.log.segment.cache.num.max = 2 (custom)
2022-08-08 17:32:00,326 [pool-378-thread-1] INFO  server.RaftServerConfigKeys (ConfUtils.java:logGet(46)) - raft.server.log.segment.cache.size.max = 200MB (=209715200) (default)
2022-08-08 17:32:00,326 [pool-378-thread-1] INFO  segmented.SegmentedRaftLogWorker (SegmentedRaftLogWorker.java:<init>(187)) - new e097b380-c3a4-416d-961b-62d57346101a@group-575CB7BF0479-SegmentedRaftLogWorker for RaftStorageImpl:Storage Directory /home/runner/work/ozone/ozone/hadoop-ozone/integration-test/target/test-dir/MiniOzoneClusterImpl-f558af99-55da-4127-a18c-29a24303d895/datanode-2/data/ratis/83124423-251a-4f0f-8650-575cb7bf0479
2022-08-08 17:32:00,326 [pool-378-thread-1] INFO  server.RaftServerConfigKeys (ConfUtils.java:logGet(46)) - raft.server.log.queue.byte-limit = 4294967296 (custom)
2022-08-08 17:32:00,326 [pool-378-thread-1] INFO  server.RaftServerConfigKeys (ConfUtils.java:logGet(46)) - raft.server.log.queue.element-limit = 1024 (custom)
2022-08-08 17:32:00,326 [pool-378-thread-1] INFO  server.RaftServerConfigKeys (ConfUtils.java:logGet(46)) - raft.server.log.segment.size.max = 1048576 (custom)
2022-08-08 17:32:00,326 [pool-378-thread-1] INFO  server.RaftServerConfigKeys (ConfUtils.java:logGet(46)) - raft.server.log.preallocated.size = 16384 (custom)
2022-08-08 17:32:00,326 [pool-378-thread-1] INFO  server.RaftServerConfigKeys (ConfUtils.java:logGet(46)) - raft.server.log.force.sync.num = 128 (default)
2022-08-08 17:32:00,326 [pool-378-thread-1] INFO  server.RaftServerConfigKeys (ConfUtils.java:logGet(46)) - raft.server.log.statemachine.data.sync = true (default)
2022-08-08 17:32:00,326 [pool-378-thread-1] INFO  server.RaftServerConfigKeys (ConfUtils.java:logGet(46)) - raft.server.log.statemachine.data.sync.timeout = 10s (default)
2022-08-08 17:32:00,326 [pool-378-thread-1] INFO  server.RaftServerConfigKeys (ConfUtils.java:logGet(46)) - raft.server.log.statemachine.data.sync.timeout.retry = -1 (default)
2022-08-08 17:32:00,341 [pool-378-thread-1] INFO  server.RaftServerConfigKeys (ConfUtils.java:logGet(46)) - raft.server.log.write.buffer.size = 1048576 (custom)
2022-08-08 17:32:00,342 [pool-378-thread-1] INFO  server.RaftServerConfigKeys (ConfUtils.java:logGet(46)) - raft.server.log.unsafe-flush.enabled = false (default)
2022-08-08 17:32:00,342 [pool-378-thread-1] INFO  server.RaftServerConfigKeys (ConfUtils.java:logGet(46)) - raft.server.log.statemachine.data.caching.enabled = true (custom)
2022-08-08 17:32:00,342 [pool-378-thread-1] INFO  segmented.SegmentedRaftLogWorker (SegmentedRaftLogWorker.java:lambda$new$0(135)) - e097b380-c3a4-416d-961b-62d57346101a@group-575CB7BF0479-SegmentedRaftLogWorker: flushIndex: setUnconditionally 0 -> -1
2022-08-08 17:32:00,342 [pool-378-thread-1] INFO  segmented.SegmentedRaftLogWorker (SegmentedRaftLogWorker.java:lambda$new$0(135)) - e097b380-c3a4-416d-961b-62d57346101a@group-575CB7BF0479-SegmentedRaftLogWorker: safeCacheEvictIndex: setUnconditionally 0 -> -1
2022-08-08 17:32:00,362 [pool-378-thread-1] INFO  server.RaftServerConfigKeys (ConfUtils.java:logGet(46)) - raft.server.snapshot.auto.trigger.enabled = true (custom)
2022-08-08 17:32:00,362 [pool-378-thread-1] INFO  server.RaftServerConfigKeys (ConfUtils.java:logGet(46)) - raft.server.snapshot.auto.trigger.threshold = 10000 (custom)
2022-08-08 17:32:00,362 [pool-378-thread-1] INFO  server.RaftServerConfigKeys (ConfUtils.java:logGet(46)) - raft.server.snapshot.retention.file.num = 5 (custom)
2022-08-08 17:32:00,362 [pool-378-thread-1] INFO  server.RaftServerConfigKeys (ConfUtils.java:logGet(46)) - raft.server.log.purge.upto.snapshot.index = false (default)
2022-08-08 17:32:00,362 [pool-378-thread-1] INFO  server.RaftServerConfigKeys (ConfUtils.java:logGet(46)) - raft.server.retrycache.expirytime = 600000ms (custom)
2022-08-08 17:32:00,362 [pool-378-thread-1] INFO  server.RaftServerConfigKeys (ConfUtils.java:logGet(46)) - raft.server.retrycache.statistics.expirytime = 100μs (default)
2022-08-08 17:32:00,363 [pool-378-thread-1] INFO  server.RaftServerConfigKeys (ConfUtils.java:logGet(46)) - raft.server.log.appender.install.snapshot.enabled = false (custom)
2022-08-08 17:32:00,363 [pool-378-thread-1] INFO  server.RaftServerConfigKeys (ConfUtils.java:logGet(46)) - raft.server.threadpool.server.cached = true (default)
2022-08-08 17:32:00,363 [pool-378-thread-1] INFO  server.RaftServerConfigKeys (ConfUtils.java:logGet(46)) - raft.server.threadpool.server.size = 0 (default)
2022-08-08 17:32:00,363 [pool-378-thread-1] INFO  server.RaftServerConfigKeys (ConfUtils.java:logGet(46)) - raft.server.threadpool.client.cached = true (default)
2022-08-08 17:32:00,363 [pool-378-thread-1] INFO  server.RaftServerConfigKeys (ConfUtils.java:logGet(46)) - raft.server.threadpool.client.size = 0 (default)
2022-08-08 17:32:00,364 [pool-378-thread-1] INFO  server.RaftServer$Division (RaftServerImpl.java:start(310)) - e097b380-c3a4-416d-961b-62d57346101a@group-575CB7BF0479: start as a follower, conf=-1: [53355090-c5c3-46c8-9fb6-985b331fedcd|rpc:10.1.0.4:44583|dataStream:|priority:1, cf00da59-0cdc-47d7-956f-cb1d63eabba8|rpc:10.1.0.4:38075|dataStream:|priority:0, e097b380-c3a4-416d-961b-62d57346101a|rpc:10.1.0.4:33879|dataStream:|priority:0], old=null
2022-08-08 17:32:00,364 [pool-378-thread-1] INFO  server.RaftServer$Division (RaftServerImpl.java:setRole(299)) - e097b380-c3a4-416d-961b-62d57346101a@group-575CB7BF0479: changes role from      null to FOLLOWER at term 0 for startAsFollower
2022-08-08 17:32:00,364 [pool-378-thread-1] INFO  impl.RoleInfo (RoleInfo.java:updateAndGet(139)) - e097b380-c3a4-416d-961b-62d57346101a: start e097b380-c3a4-416d-961b-62d57346101a@group-575CB7BF0479-FollowerState
2022-08-08 17:32:00,366 [pool-378-thread-1] INFO  util.JmxRegister (JmxRegister.java:tryRegister(44)) - Successfully registered JMX Bean with object name Ratis:service=RaftServer,group=group-575CB7BF0479,id=e097b380-c3a4-416d-961b-62d57346101a
2022-08-08 17:32:00,413 [Command processor thread] INFO  commandhandler.CreatePipelineCommandHandler (CreatePipelineCommandHandler.java:handle(113)) - Created Pipeline RATIS THREE PipelineID=83124423-251a-4f0f-8650-575cb7bf0479.
2022-08-08 17:32:00,414 [Command processor thread] INFO  server.RaftServer (RaftServerProxy.java:addNew(96)) - cf00da59-0cdc-47d7-956f-cb1d63eabba8: addNew group-1798FCDFD889:[53355090-c5c3-46c8-9fb6-985b331fedcd|rpc:10.1.0.4:44583|priority:0, e097b380-c3a4-416d-961b-62d57346101a|rpc:10.1.0.4:33879|priority:0, cf00da59-0cdc-47d7-956f-cb1d63eabba8|rpc:10.1.0.4:38075|priority:1] returns group-1798FCDFD889:java.util.concurrent.CompletableFuture@53b8a1b6[Not completed]
2022-08-08 17:32:00,415 [pool-332-thread-1] INFO  server.RaftServer$Division (RaftServerImpl.java:<init>(190)) - cf00da59-0cdc-47d7-956f-cb1d63eabba8: new RaftServerImpl for group-1798FCDFD889:[53355090-c5c3-46c8-9fb6-985b331fedcd|rpc:10.1.0.4:44583|priority:0, e097b380-c3a4-416d-961b-62d57346101a|rpc:10.1.0.4:33879|priority:0, cf00da59-0cdc-47d7-956f-cb1d63eabba8|rpc:10.1.0.4:38075|priority:1] with ContainerStateMachine:uninitialized
2022-08-08 17:32:00,415 [pool-332-thread-1] INFO  server.RaftServerConfigKeys (ConfUtils.java:logGet(46)) - raft.server.rpc.timeout.min = 5s (custom)
2022-08-08 17:32:00,415 [pool-332-thread-1] INFO  server.RaftServerConfigKeys (ConfUtils.java:logGet(46)) - raft.server.rpc.timeout.max = 5200ms (custom)
2022-08-08 17:32:00,415 [pool-332-thread-1] INFO  server.RaftServerConfigKeys (ConfUtils.java:logGet(46)) - raft.server.rpc.sleep.time = 25ms (default)
2022-08-08 17:32:00,415 [pool-332-thread-1] INFO  server.RaftServerConfigKeys (ConfUtils.java:logGet(46)) - raft.server.rpc.slowness.timeout = 300s (custom)
2022-08-08 17:32:00,415 [pool-332-thread-1] INFO  server.RaftServerConfigKeys (ConfUtils.java:logGet(46)) - raft.server.leaderelection.leader.step-down.wait-time = 10s (default)
2022-08-08 17:32:00,415 [pool-332-thread-1] INFO  server.RaftServerConfigKeys (ConfUtils.java:logGet(46)) - raft.server.sleep.deviation.threshold = 300ms (default)
2022-08-08 17:32:00,415 [pool-332-thread-1] INFO  server.RaftServer$Division (ServerState.java:<init>(107)) - cf00da59-0cdc-47d7-956f-cb1d63eabba8@group-1798FCDFD889: ConfigurationManager, init=-1: [53355090-c5c3-46c8-9fb6-985b331fedcd|rpc:10.1.0.4:44583|priority:0, e097b380-c3a4-416d-961b-62d57346101a|rpc:10.1.0.4:33879|priority:0, cf00da59-0cdc-47d7-956f-cb1d63eabba8|rpc:10.1.0.4:38075|priority:1], old=null, confs=<EMPTY_MAP>
2022-08-08 17:32:00,415 [pool-332-thread-1] INFO  server.RaftServerConfigKeys (ConfUtils.java:logGet(46)) - raft.server.storage.dir = [/home/runner/work/ozone/ozone/hadoop-ozone/integration-test/target/test-dir/MiniOzoneClusterImpl-f558af99-55da-4127-a18c-29a24303d895/datanode-0/data/ratis] (custom)
2022-08-08 17:32:00,415 [pool-332-thread-1] INFO  server.RaftServerConfigKeys (ConfUtils.java:logGet(46)) - raft.server.log.corruption.policy = EXCEPTION (default)
2022-08-08 17:32:00,415 [pool-332-thread-1] INFO  server.RaftServerConfigKeys (ConfUtils.java:logGet(46)) - raft.server.storage.free-space.min = 0MB (=0) (default)
2022-08-08 17:32:00,415 [pool-332-thread-1] INFO  storage.RaftStorageDirectory (RaftStorageDirectoryImpl.java:analyzeStorage(135)) - The storage directory /home/runner/work/ozone/ozone/hadoop-ozone/integration-test/target/test-dir/MiniOzoneClusterImpl-f558af99-55da-4127-a18c-29a24303d895/datanode-0/data/ratis/a45ae34e-5457-4e7e-a33f-1798fcdfd889 does not exist. Creating ...
2022-08-08 17:32:00,416 [pool-332-thread-1] INFO  storage.RaftStorageDirectory (RaftStorageDirectoryImpl.java:tryLock(230)) - Lock on /home/runner/work/ozone/ozone/hadoop-ozone/integration-test/target/test-dir/MiniOzoneClusterImpl-f558af99-55da-4127-a18c-29a24303d895/datanode-0/data/ratis/a45ae34e-5457-4e7e-a33f-1798fcdfd889/in_use.lock acquired by nodename 1880@fv-az207-152
2022-08-08 17:32:00,417 [pool-332-thread-1] INFO  storage.RaftStorage (RaftStorageImpl.java:format(89)) - Storage directory /home/runner/work/ozone/ozone/hadoop-ozone/integration-test/target/test-dir/MiniOzoneClusterImpl-f558af99-55da-4127-a18c-29a24303d895/datanode-0/data/ratis/a45ae34e-5457-4e7e-a33f-1798fcdfd889 has been successfully formatted.
2022-08-08 17:32:00,418 [pool-332-thread-1] INFO  ratis.ContainerStateMachine (ContainerStateMachine.java:loadSnapshot(236)) - group-1798FCDFD889: The snapshot info is null. Setting the last applied indexto:(t:0, i:~)
2022-08-08 17:32:00,418 [pool-332-thread-1] INFO  server.RaftServerConfigKeys (ConfUtils.java:logGet(46)) - raft.server.notification.no-leader.timeout = 300s (custom)
2022-08-08 17:32:00,418 [pool-332-thread-1] INFO  server.RaftServerConfigKeys (ConfUtils.java:logGet(46)) - raft.server.log.use.memory = false (default)
2022-08-08 17:32:00,418 [pool-332-thread-1] INFO  server.RaftServerConfigKeys (ConfUtils.java:logGet(46)) - raft.server.log.purge.gap = 1000000 (custom)
2022-08-08 17:32:00,419 [pool-332-thread-1] INFO  server.RaftServerConfigKeys (ConfUtils.java:logGet(46)) - raft.server.log.appender.buffer.byte-limit = 33554432 (custom)
2022-08-08 17:32:00,419 [pool-332-thread-1] INFO  server.RaftServerConfigKeys (ConfUtils.java:logGet(46)) - raft.server.log.statemachine.data.read.timeout = 1000ms (default)
2022-08-08 17:32:00,419 [pool-332-thread-1] INFO  server.RaftServerConfigKeys (ConfUtils.java:logGet(46)) - raft.server.log.segment.size.max = 1048576 (custom)
2022-08-08 17:32:00,419 [EventQueue-OpenPipelineForHealthyPipelineSafeModeRule] INFO  safemode.SCMSafeModeManager (HealthyPipelineSafeModeRule.java:process(137)) - SCM in safe mode. Healthy pipelines reported count is 0, required healthy pipeline reported count is 1
2022-08-08 17:32:00,420 [pool-332-thread-1] INFO  server.RaftServerConfigKeys (ConfUtils.java:logGet(46)) - raft.server.log.segment.cache.num.max = 2 (custom)
2022-08-08 17:32:00,420 [pool-332-thread-1] INFO  server.RaftServerConfigKeys (ConfUtils.java:logGet(46)) - raft.server.log.segment.cache.size.max = 200MB (=209715200) (default)
2022-08-08 17:32:00,420 [pool-332-thread-1] INFO  segmented.SegmentedRaftLogWorker (SegmentedRaftLogWorker.java:<init>(187)) - new cf00da59-0cdc-47d7-956f-cb1d63eabba8@group-1798FCDFD889-SegmentedRaftLogWorker for RaftStorageImpl:Storage Directory /home/runner/work/ozone/ozone/hadoop-ozone/integration-test/target/test-dir/MiniOzoneClusterImpl-f558af99-55da-4127-a18c-29a24303d895/datanode-0/data/ratis/a45ae34e-5457-4e7e-a33f-1798fcdfd889
2022-08-08 17:32:00,420 [pool-332-thread-1] INFO  server.RaftServerConfigKeys (ConfUtils.java:logGet(46)) - raft.server.log.queue.byte-limit = 4294967296 (custom)
2022-08-08 17:32:00,420 [pool-332-thread-1] INFO  server.RaftServerConfigKeys (ConfUtils.java:logGet(46)) - raft.server.log.queue.element-limit = 1024 (custom)
2022-08-08 17:32:00,420 [pool-332-thread-1] INFO  server.RaftServerConfigKeys (ConfUtils.java:logGet(46)) - raft.server.log.segment.size.max = 1048576 (custom)
2022-08-08 17:32:00,420 [pool-332-thread-1] INFO  server.RaftServerConfigKeys (ConfUtils.java:logGet(46)) - raft.server.log.preallocated.size = 16384 (custom)
2022-08-08 17:32:00,420 [pool-332-thread-1] INFO  server.RaftServerConfigKeys (ConfUtils.java:logGet(46)) - raft.server.log.force.sync.num = 128 (default)
2022-08-08 17:32:00,420 [pool-332-thread-1] INFO  server.RaftServerConfigKeys (ConfUtils.java:logGet(46)) - raft.server.log.statemachine.data.sync = true (default)
2022-08-08 17:32:00,420 [pool-332-thread-1] INFO  server.RaftServerConfigKeys (ConfUtils.java:logGet(46)) - raft.server.log.statemachine.data.sync.timeout = 10s (default)
2022-08-08 17:32:00,420 [pool-332-thread-1] INFO  server.RaftServerConfigKeys (ConfUtils.java:logGet(46)) - raft.server.log.statemachine.data.sync.timeout.retry = -1 (default)
2022-08-08 17:32:00,422 [pool-332-thread-1] INFO  server.RaftServerConfigKeys (ConfUtils.java:logGet(46)) - raft.server.log.write.buffer.size = 1048576 (custom)
2022-08-08 17:32:00,422 [pool-332-thread-1] INFO  server.RaftServerConfigKeys (ConfUtils.java:logGet(46)) - raft.server.log.unsafe-flush.enabled = false (default)
2022-08-08 17:32:00,422 [pool-332-thread-1] INFO  server.RaftServerConfigKeys (ConfUtils.java:logGet(46)) - raft.server.log.statemachine.data.caching.enabled = true (custom)
2022-08-08 17:32:00,423 [pool-332-thread-1] INFO  segmented.SegmentedRaftLogWorker (SegmentedRaftLogWorker.java:lambda$new$0(135)) - cf00da59-0cdc-47d7-956f-cb1d63eabba8@group-1798FCDFD889-SegmentedRaftLogWorker: flushIndex: setUnconditionally 0 -> -1
2022-08-08 17:32:00,423 [pool-332-thread-1] INFO  segmented.SegmentedRaftLogWorker (SegmentedRaftLogWorker.java:lambda$new$0(135)) - cf00da59-0cdc-47d7-956f-cb1d63eabba8@group-1798FCDFD889-SegmentedRaftLogWorker: safeCacheEvictIndex: setUnconditionally 0 -> -1
2022-08-08 17:32:00,433 [pool-332-thread-1] INFO  server.RaftServerConfigKeys (ConfUtils.java:logGet(46)) - raft.server.snapshot.auto.trigger.enabled = true (custom)
2022-08-08 17:32:00,433 [pool-332-thread-1] INFO  server.RaftServerConfigKeys (ConfUtils.java:logGet(46)) - raft.server.snapshot.auto.trigger.threshold = 10000 (custom)
2022-08-08 17:32:00,433 [pool-332-thread-1] INFO  server.RaftServerConfigKeys (ConfUtils.java:logGet(46)) - raft.server.snapshot.retention.file.num = 5 (custom)
2022-08-08 17:32:00,433 [pool-332-thread-1] INFO  server.RaftServerConfigKeys (ConfUtils.java:logGet(46)) - raft.server.log.purge.upto.snapshot.index = false (default)
2022-08-08 17:32:00,433 [pool-332-thread-1] INFO  server.RaftServerConfigKeys (ConfUtils.java:logGet(46)) - raft.server.retrycache.expirytime = 600000ms (custom)
2022-08-08 17:32:00,433 [pool-332-thread-1] INFO  server.RaftServerConfigKeys (ConfUtils.java:logGet(46)) - raft.server.retrycache.statistics.expirytime = 100μs (default)
2022-08-08 17:32:00,434 [pool-332-thread-1] INFO  server.RaftServerConfigKeys (ConfUtils.java:logGet(46)) - raft.server.log.appender.install.snapshot.enabled = false (custom)
2022-08-08 17:32:00,434 [pool-332-thread-1] INFO  server.RaftServerConfigKeys (ConfUtils.java:logGet(46)) - raft.server.threadpool.server.cached = true (default)
2022-08-08 17:32:00,434 [pool-332-thread-1] INFO  server.RaftServerConfigKeys (ConfUtils.java:logGet(46)) - raft.server.threadpool.server.size = 0 (default)
2022-08-08 17:32:00,434 [pool-332-thread-1] INFO  server.RaftServerConfigKeys (ConfUtils.java:logGet(46)) - raft.server.threadpool.client.cached = true (default)
2022-08-08 17:32:00,435 [pool-332-thread-1] INFO  server.RaftServerConfigKeys (ConfUtils.java:logGet(46)) - raft.server.threadpool.client.size = 0 (default)
2022-08-08 17:32:00,435 [pool-332-thread-1] INFO  server.RaftServer$Division (RaftServerImpl.java:start(310)) - cf00da59-0cdc-47d7-956f-cb1d63eabba8@group-1798FCDFD889: start as a follower, conf=-1: [53355090-c5c3-46c8-9fb6-985b331fedcd|rpc:10.1.0.4:44583|priority:0, e097b380-c3a4-416d-961b-62d57346101a|rpc:10.1.0.4:33879|priority:0, cf00da59-0cdc-47d7-956f-cb1d63eabba8|rpc:10.1.0.4:38075|priority:1], old=null
2022-08-08 17:32:00,435 [pool-332-thread-1] INFO  server.RaftServer$Division (RaftServerImpl.java:setRole(299)) - cf00da59-0cdc-47d7-956f-cb1d63eabba8@group-1798FCDFD889: changes role from      null to FOLLOWER at term 0 for startAsFollower
2022-08-08 17:32:00,435 [pool-332-thread-1] INFO  impl.RoleInfo (RoleInfo.java:updateAndGet(139)) - cf00da59-0cdc-47d7-956f-cb1d63eabba8: start cf00da59-0cdc-47d7-956f-cb1d63eabba8@group-1798FCDFD889-FollowerState
2022-08-08 17:32:00,443 [pool-332-thread-1] INFO  util.JmxRegister (JmxRegister.java:tryRegister(44)) - Successfully registered JMX Bean with object name Ratis:service=RaftServer,group=group-1798FCDFD889,id=cf00da59-0cdc-47d7-956f-cb1d63eabba8
2022-08-08 17:32:00,463 [Command processor thread] INFO  ratis.XceiverServerRatis (XceiverServerRatis.java:addGroup(765)) - Created group PipelineID=a45ae34e-5457-4e7e-a33f-1798fcdfd889
2022-08-08 17:32:00,483 [grpc-default-executor-0] INFO  server.RaftServer (RaftServerProxy.java:addNew(96)) - 53355090-c5c3-46c8-9fb6-985b331fedcd: addNew group-1798FCDFD889:[53355090-c5c3-46c8-9fb6-985b331fedcd|rpc:10.1.0.4:44583|dataStream:|priority:0, e097b380-c3a4-416d-961b-62d57346101a|rpc:10.1.0.4:33879|dataStream:|priority:0, cf00da59-0cdc-47d7-956f-cb1d63eabba8|rpc:10.1.0.4:38075|dataStream:|priority:1] returns group-1798FCDFD889:java.util.concurrent.CompletableFuture@7aa4ac15[Not completed]
2022-08-08 17:32:00,484 [pool-355-thread-1] INFO  server.RaftServer$Division (RaftServerImpl.java:<init>(190)) - 53355090-c5c3-46c8-9fb6-985b331fedcd: new RaftServerImpl for group-1798FCDFD889:[53355090-c5c3-46c8-9fb6-985b331fedcd|rpc:10.1.0.4:44583|dataStream:|priority:0, e097b380-c3a4-416d-961b-62d57346101a|rpc:10.1.0.4:33879|dataStream:|priority:0, cf00da59-0cdc-47d7-956f-cb1d63eabba8|rpc:10.1.0.4:38075|dataStream:|priority:1] with ContainerStateMachine:uninitialized
2022-08-08 17:32:00,484 [pool-355-thread-1] INFO  server.RaftServerConfigKeys (ConfUtils.java:logGet(46)) - raft.server.rpc.timeout.min = 5s (custom)
2022-08-08 17:32:00,484 [pool-355-thread-1] INFO  server.RaftServerConfigKeys (ConfUtils.java:logGet(46)) - raft.server.rpc.timeout.max = 5200ms (custom)
2022-08-08 17:32:00,484 [pool-355-thread-1] INFO  server.RaftServerConfigKeys (ConfUtils.java:logGet(46)) - raft.server.rpc.sleep.time = 25ms (default)
2022-08-08 17:32:00,484 [pool-355-thread-1] INFO  server.RaftServerConfigKeys (ConfUtils.java:logGet(46)) - raft.server.rpc.slowness.timeout = 300s (custom)
2022-08-08 17:32:00,484 [pool-355-thread-1] INFO  server.RaftServerConfigKeys (ConfUtils.java:logGet(46)) - raft.server.leaderelection.leader.step-down.wait-time = 10s (default)
2022-08-08 17:32:00,484 [pool-355-thread-1] INFO  server.RaftServerConfigKeys (ConfUtils.java:logGet(46)) - raft.server.sleep.deviation.threshold = 300ms (default)
2022-08-08 17:32:00,484 [pool-355-thread-1] INFO  server.RaftServer$Division (ServerState.java:<init>(107)) - 53355090-c5c3-46c8-9fb6-985b331fedcd@group-1798FCDFD889: ConfigurationManager, init=-1: [53355090-c5c3-46c8-9fb6-985b331fedcd|rpc:10.1.0.4:44583|dataStream:|priority:0, e097b380-c3a4-416d-961b-62d57346101a|rpc:10.1.0.4:33879|dataStream:|priority:0, cf00da59-0cdc-47d7-956f-cb1d63eabba8|rpc:10.1.0.4:38075|dataStream:|priority:1], old=null, confs=<EMPTY_MAP>
2022-08-08 17:32:00,484 [pool-355-thread-1] INFO  server.RaftServerConfigKeys (ConfUtils.java:logGet(46)) - raft.server.storage.dir = [/home/runner/work/ozone/ozone/hadoop-ozone/integration-test/target/test-dir/MiniOzoneClusterImpl-f558af99-55da-4127-a18c-29a24303d895/datanode-1/data/ratis] (custom)
2022-08-08 17:32:00,485 [pool-355-thread-1] INFO  server.RaftServerConfigKeys (ConfUtils.java:logGet(46)) - raft.server.log.corruption.policy = EXCEPTION (default)
2022-08-08 17:32:00,485 [pool-355-thread-1] INFO  server.RaftServerConfigKeys (ConfUtils.java:logGet(46)) - raft.server.storage.free-space.min = 0MB (=0) (default)
2022-08-08 17:32:00,485 [pool-355-thread-1] INFO  storage.RaftStorageDirectory (RaftStorageDirectoryImpl.java:analyzeStorage(135)) - The storage directory /home/runner/work/ozone/ozone/hadoop-ozone/integration-test/target/test-dir/MiniOzoneClusterImpl-f558af99-55da-4127-a18c-29a24303d895/datanode-1/data/ratis/a45ae34e-5457-4e7e-a33f-1798fcdfd889 does not exist. Creating ...
2022-08-08 17:32:00,486 [pool-355-thread-1] INFO  storage.RaftStorageDirectory (RaftStorageDirectoryImpl.java:tryLock(230)) - Lock on /home/runner/work/ozone/ozone/hadoop-ozone/integration-test/target/test-dir/MiniOzoneClusterImpl-f558af99-55da-4127-a18c-29a24303d895/datanode-1/data/ratis/a45ae34e-5457-4e7e-a33f-1798fcdfd889/in_use.lock acquired by nodename 1880@fv-az207-152
2022-08-08 17:32:00,487 [pool-355-thread-1] INFO  storage.RaftStorage (RaftStorageImpl.java:format(89)) - Storage directory /home/runner/work/ozone/ozone/hadoop-ozone/integration-test/target/test-dir/MiniOzoneClusterImpl-f558af99-55da-4127-a18c-29a24303d895/datanode-1/data/ratis/a45ae34e-5457-4e7e-a33f-1798fcdfd889 has been successfully formatted.
2022-08-08 17:32:00,487 [pool-355-thread-1] INFO  ratis.ContainerStateMachine (ContainerStateMachine.java:loadSnapshot(236)) - group-1798FCDFD889: The snapshot info is null. Setting the last applied indexto:(t:0, i:~)
2022-08-08 17:32:00,488 [pool-355-thread-1] INFO  server.RaftServerConfigKeys (ConfUtils.java:logGet(46)) - raft.server.notification.no-leader.timeout = 300s (custom)
2022-08-08 17:32:00,488 [pool-355-thread-1] INFO  server.RaftServerConfigKeys (ConfUtils.java:logGet(46)) - raft.server.log.use.memory = false (default)
2022-08-08 17:32:00,488 [pool-355-thread-1] INFO  server.RaftServerConfigKeys (ConfUtils.java:logGet(46)) - raft.server.log.purge.gap = 1000000 (custom)
2022-08-08 17:32:00,488 [pool-355-thread-1] INFO  server.RaftServerConfigKeys (ConfUtils.java:logGet(46)) - raft.server.log.appender.buffer.byte-limit = 33554432 (custom)
2022-08-08 17:32:00,488 [pool-355-thread-1] INFO  server.RaftServerConfigKeys (ConfUtils.java:logGet(46)) - raft.server.log.statemachine.data.read.timeout = 1000ms (default)
2022-08-08 17:32:00,488 [pool-355-thread-1] INFO  server.RaftServerConfigKeys (ConfUtils.java:logGet(46)) - raft.server.log.segment.size.max = 1048576 (custom)
2022-08-08 17:32:00,489 [pool-355-thread-1] INFO  server.RaftServerConfigKeys (ConfUtils.java:logGet(46)) - raft.server.log.segment.cache.num.max = 2 (custom)
2022-08-08 17:32:00,489 [pool-355-thread-1] INFO  server.RaftServerConfigKeys (ConfUtils.java:logGet(46)) - raft.server.log.segment.cache.size.max = 200MB (=209715200) (default)
2022-08-08 17:32:00,489 [pool-355-thread-1] INFO  segmented.SegmentedRaftLogWorker (SegmentedRaftLogWorker.java:<init>(187)) - new 53355090-c5c3-46c8-9fb6-985b331fedcd@group-1798FCDFD889-SegmentedRaftLogWorker for RaftStorageImpl:Storage Directory /home/runner/work/ozone/ozone/hadoop-ozone/integration-test/target/test-dir/MiniOzoneClusterImpl-f558af99-55da-4127-a18c-29a24303d895/datanode-1/data/ratis/a45ae34e-5457-4e7e-a33f-1798fcdfd889
2022-08-08 17:32:00,489 [pool-355-thread-1] INFO  server.RaftServerConfigKeys (ConfUtils.java:logGet(46)) - raft.server.log.queue.byte-limit = 4294967296 (custom)
2022-08-08 17:32:00,489 [pool-355-thread-1] INFO  server.RaftServerConfigKeys (ConfUtils.java:logGet(46)) - raft.server.log.queue.element-limit = 1024 (custom)
2022-08-08 17:32:00,489 [pool-355-thread-1] INFO  server.RaftServerConfigKeys (ConfUtils.java:logGet(46)) - raft.server.log.segment.size.max = 1048576 (custom)
2022-08-08 17:32:00,489 [pool-355-thread-1] INFO  server.RaftServerConfigKeys (ConfUtils.java:logGet(46)) - raft.server.log.preallocated.size = 16384 (custom)
2022-08-08 17:32:00,489 [pool-355-thread-1] INFO  server.RaftServerConfigKeys (ConfUtils.java:logGet(46)) - raft.server.log.force.sync.num = 128 (default)
2022-08-08 17:32:00,489 [pool-355-thread-1] INFO  server.RaftServerConfigKeys (ConfUtils.java:logGet(46)) - raft.server.log.statemachine.data.sync = true (default)
2022-08-08 17:32:00,489 [pool-355-thread-1] INFO  server.RaftServerConfigKeys (ConfUtils.java:logGet(46)) - raft.server.log.statemachine.data.sync.timeout = 10s (default)
2022-08-08 17:32:00,489 [pool-355-thread-1] INFO  server.RaftServerConfigKeys (ConfUtils.java:logGet(46)) - raft.server.log.statemachine.data.sync.timeout.retry = -1 (default)
2022-08-08 17:32:00,490 [pool-355-thread-1] INFO  server.RaftServerConfigKeys (ConfUtils.java:logGet(46)) - raft.server.log.write.buffer.size = 1048576 (custom)
2022-08-08 17:32:00,491 [pool-355-thread-1] INFO  server.RaftServerConfigKeys (ConfUtils.java:logGet(46)) - raft.server.log.unsafe-flush.enabled = false (default)
2022-08-08 17:32:00,491 [pool-355-thread-1] INFO  server.RaftServerConfigKeys (ConfUtils.java:logGet(46)) - raft.server.log.statemachine.data.caching.enabled = true (custom)
2022-08-08 17:32:00,491 [pool-355-thread-1] INFO  segmented.SegmentedRaftLogWorker (SegmentedRaftLogWorker.java:lambda$new$0(135)) - 53355090-c5c3-46c8-9fb6-985b331fedcd@group-1798FCDFD889-SegmentedRaftLogWorker: flushIndex: setUnconditionally 0 -> -1
2022-08-08 17:32:00,491 [pool-355-thread-1] INFO  segmented.SegmentedRaftLogWorker (SegmentedRaftLogWorker.java:lambda$new$0(135)) - 53355090-c5c3-46c8-9fb6-985b331fedcd@group-1798FCDFD889-SegmentedRaftLogWorker: safeCacheEvictIndex: setUnconditionally 0 -> -1
2022-08-08 17:32:00,491 [pool-355-thread-1] INFO  server.RaftServerConfigKeys (ConfUtils.java:logGet(46)) - raft.server.snapshot.auto.trigger.enabled = true (custom)
2022-08-08 17:32:00,491 [pool-355-thread-1] INFO  server.RaftServerConfigKeys (ConfUtils.java:logGet(46)) - raft.server.snapshot.auto.trigger.threshold = 10000 (custom)
2022-08-08 17:32:00,491 [pool-355-thread-1] INFO  server.RaftServerConfigKeys (ConfUtils.java:logGet(46)) - raft.server.snapshot.retention.file.num = 5 (custom)
2022-08-08 17:32:00,491 [pool-355-thread-1] INFO  server.RaftServerConfigKeys (ConfUtils.java:logGet(46)) - raft.server.log.purge.upto.snapshot.index = false (default)
2022-08-08 17:32:00,491 [pool-355-thread-1] INFO  server.RaftServerConfigKeys (ConfUtils.java:logGet(46)) - raft.server.retrycache.expirytime = 600000ms (custom)
2022-08-08 17:32:00,492 [pool-355-thread-1] INFO  server.RaftServerConfigKeys (ConfUtils.java:logGet(46)) - raft.server.retrycache.statistics.expirytime = 100μs (default)
2022-08-08 17:32:00,494 [pool-355-thread-1] INFO  server.RaftServerConfigKeys (ConfUtils.java:logGet(46)) - raft.server.log.appender.install.snapshot.enabled = false (custom)
2022-08-08 17:32:00,494 [pool-355-thread-1] INFO  server.RaftServerConfigKeys (ConfUtils.java:logGet(46)) - raft.server.threadpool.server.cached = true (default)
2022-08-08 17:32:00,494 [pool-355-thread-1] INFO  server.RaftServerConfigKeys (ConfUtils.java:logGet(46)) - raft.server.threadpool.server.size = 0 (default)
2022-08-08 17:32:00,494 [pool-355-thread-1] INFO  server.RaftServerConfigKeys (ConfUtils.java:logGet(46)) - raft.server.threadpool.client.cached = true (default)
2022-08-08 17:32:00,494 [pool-355-thread-1] INFO  server.RaftServerConfigKeys (ConfUtils.java:logGet(46)) - raft.server.threadpool.client.size = 0 (default)
2022-08-08 17:32:00,494 [pool-355-thread-1] INFO  server.RaftServer$Division (RaftServerImpl.java:start(310)) - 53355090-c5c3-46c8-9fb6-985b331fedcd@group-1798FCDFD889: start as a follower, conf=-1: [53355090-c5c3-46c8-9fb6-985b331fedcd|rpc:10.1.0.4:44583|dataStream:|priority:0, e097b380-c3a4-416d-961b-62d57346101a|rpc:10.1.0.4:33879|dataStream:|priority:0, cf00da59-0cdc-47d7-956f-cb1d63eabba8|rpc:10.1.0.4:38075|dataStream:|priority:1], old=null
2022-08-08 17:32:00,494 [pool-355-thread-1] INFO  server.RaftServer$Division (RaftServerImpl.java:setRole(299)) - 53355090-c5c3-46c8-9fb6-985b331fedcd@group-1798FCDFD889: changes role from      null to FOLLOWER at term 0 for startAsFollower
2022-08-08 17:32:00,494 [pool-355-thread-1] INFO  impl.RoleInfo (RoleInfo.java:updateAndGet(139)) - 53355090-c5c3-46c8-9fb6-985b331fedcd: start 53355090-c5c3-46c8-9fb6-985b331fedcd@group-1798FCDFD889-FollowerState
2022-08-08 17:32:00,504 [pool-355-thread-1] INFO  util.JmxRegister (JmxRegister.java:tryRegister(44)) - Successfully registered JMX Bean with object name Ratis:service=RaftServer,group=group-1798FCDFD889,id=53355090-c5c3-46c8-9fb6-985b331fedcd
2022-08-08 17:32:00,539 [Finalizer] WARN  managed.ManagedRocksObjectUtils (ManagedRocksObjectUtils.java:assertClosed(39)) - Checkpoint is not closed properly
2022-08-08 17:32:00,539 [Finalizer] WARN  managed.ManagedRocksObjectUtils (ManagedRocksObjectUtils.java:assertClosed(39)) - ManagedBloomFilter is not closed properly
2022-08-08 17:32:00,539 [Finalizer] WARN  managed.ManagedRocksObjectUtils (ManagedRocksObjectUtils.java:assertClosed(39)) - ManagedLRUCache is not closed properly
2022-08-08 17:32:00,539 [Finalizer] WARN  managed.ManagedRocksObjectUtils (ManagedRocksObjectUtils.java:assertClosed(39)) - ManagedColumnFamilyOptions is not closed properly
2022-08-08 17:32:00,539 [Finalizer] WARN  managed.ManagedRocksObjectUtils (ManagedRocksObjectUtils.java:assertClosed(39)) - ManagedDBOptions is not closed properly
2022-08-08 17:32:00,540 [Listener at 127.0.0.1/44865] INFO  ozone.MiniOzoneClusterImpl (MiniOzoneClusterImpl.java:lambda$waitForClusterToBeReady$0(216)) - Waiting for nodes to be ready. Got 4 of 5 DN Heartbeats.
2022-08-08 17:32:00,541 [Listener at 127.0.0.1/44865] INFO  ozone.MiniOzoneClusterImpl (MiniOzoneClusterImpl.java:lambda$waitForClusterToBeReady$0(219)) - Waiting for cluster to exit safe mode
2022-08-08 17:32:00,541 [Listener at 127.0.0.1/44865] INFO  ozone.MiniOzoneClusterImpl (MiniOzoneClusterImpl.java:lambda$waitForClusterToBeReady$0(221)) - SCM became leader
2022-08-08 17:32:00,582 [grpc-default-executor-0] INFO  server.RaftServer (RaftServerProxy.java:addNew(96)) - e097b380-c3a4-416d-961b-62d57346101a: addNew group-1798FCDFD889:[53355090-c5c3-46c8-9fb6-985b331fedcd|rpc:10.1.0.4:44583|dataStream:|priority:0, e097b380-c3a4-416d-961b-62d57346101a|rpc:10.1.0.4:33879|dataStream:|priority:0, cf00da59-0cdc-47d7-956f-cb1d63eabba8|rpc:10.1.0.4:38075|dataStream:|priority:1] returns group-1798FCDFD889:java.util.concurrent.CompletableFuture@1c02093[Not completed]
2022-08-08 17:32:00,583 [pool-378-thread-1] INFO  server.RaftServer$Division (RaftServerImpl.java:<init>(190)) - e097b380-c3a4-416d-961b-62d57346101a: new RaftServerImpl for group-1798FCDFD889:[53355090-c5c3-46c8-9fb6-985b331fedcd|rpc:10.1.0.4:44583|dataStream:|priority:0, e097b380-c3a4-416d-961b-62d57346101a|rpc:10.1.0.4:33879|dataStream:|priority:0, cf00da59-0cdc-47d7-956f-cb1d63eabba8|rpc:10.1.0.4:38075|dataStream:|priority:1] with ContainerStateMachine:uninitialized
2022-08-08 17:32:00,583 [pool-378-thread-1] INFO  server.RaftServerConfigKeys (ConfUtils.java:logGet(46)) - raft.server.rpc.timeout.min = 5s (custom)
2022-08-08 17:32:00,583 [pool-378-thread-1] INFO  server.RaftServerConfigKeys (ConfUtils.java:logGet(46)) - raft.server.rpc.timeout.max = 5200ms (custom)
2022-08-08 17:32:00,583 [pool-378-thread-1] INFO  server.RaftServerConfigKeys (ConfUtils.java:logGet(46)) - raft.server.rpc.sleep.time = 25ms (default)
2022-08-08 17:32:00,583 [pool-378-thread-1] INFO  server.RaftServerConfigKeys (ConfUtils.java:logGet(46)) - raft.server.rpc.slowness.timeout = 300s (custom)
2022-08-08 17:32:00,583 [pool-378-thread-1] INFO  server.RaftServerConfigKeys (ConfUtils.java:logGet(46)) - raft.server.leaderelection.leader.step-down.wait-time = 10s (default)
2022-08-08 17:32:00,583 [pool-378-thread-1] INFO  server.RaftServerConfigKeys (ConfUtils.java:logGet(46)) - raft.server.sleep.deviation.threshold = 300ms (default)
2022-08-08 17:32:00,583 [pool-378-thread-1] INFO  server.RaftServer$Division (ServerState.java:<init>(107)) - e097b380-c3a4-416d-961b-62d57346101a@group-1798FCDFD889: ConfigurationManager, init=-1: [53355090-c5c3-46c8-9fb6-985b331fedcd|rpc:10.1.0.4:44583|dataStream:|priority:0, e097b380-c3a4-416d-961b-62d57346101a|rpc:10.1.0.4:33879|dataStream:|priority:0, cf00da59-0cdc-47d7-956f-cb1d63eabba8|rpc:10.1.0.4:38075|dataStream:|priority:1], old=null, confs=<EMPTY_MAP>
2022-08-08 17:32:00,584 [pool-378-thread-1] INFO  server.RaftServerConfigKeys (ConfUtils.java:logGet(46)) - raft.server.storage.dir = [/home/runner/work/ozone/ozone/hadoop-ozone/integration-test/target/test-dir/MiniOzoneClusterImpl-f558af99-55da-4127-a18c-29a24303d895/datanode-2/data/ratis] (custom)
2022-08-08 17:32:00,584 [pool-378-thread-1] INFO  server.RaftServerConfigKeys (ConfUtils.java:logGet(46)) - raft.server.log.corruption.policy = EXCEPTION (default)
2022-08-08 17:32:00,584 [pool-378-thread-1] INFO  server.RaftServerConfigKeys (ConfUtils.java:logGet(46)) - raft.server.storage.free-space.min = 0MB (=0) (default)
2022-08-08 17:32:00,584 [pool-378-thread-1] INFO  storage.RaftStorageDirectory (RaftStorageDirectoryImpl.java:analyzeStorage(135)) - The storage directory /home/runner/work/ozone/ozone/hadoop-ozone/integration-test/target/test-dir/MiniOzoneClusterImpl-f558af99-55da-4127-a18c-29a24303d895/datanode-2/data/ratis/a45ae34e-5457-4e7e-a33f-1798fcdfd889 does not exist. Creating ...
2022-08-08 17:32:00,585 [pool-378-thread-1] INFO  storage.RaftStorageDirectory (RaftStorageDirectoryImpl.java:tryLock(230)) - Lock on /home/runner/work/ozone/ozone/hadoop-ozone/integration-test/target/test-dir/MiniOzoneClusterImpl-f558af99-55da-4127-a18c-29a24303d895/datanode-2/data/ratis/a45ae34e-5457-4e7e-a33f-1798fcdfd889/in_use.lock acquired by nodename 1880@fv-az207-152
2022-08-08 17:32:00,587 [pool-378-thread-1] INFO  storage.RaftStorage (RaftStorageImpl.java:format(89)) - Storage directory /home/runner/work/ozone/ozone/hadoop-ozone/integration-test/target/test-dir/MiniOzoneClusterImpl-f558af99-55da-4127-a18c-29a24303d895/datanode-2/data/ratis/a45ae34e-5457-4e7e-a33f-1798fcdfd889 has been successfully formatted.
2022-08-08 17:32:00,588 [pool-378-thread-1] INFO  ratis.ContainerStateMachine (ContainerStateMachine.java:loadSnapshot(236)) - group-1798FCDFD889: The snapshot info is null. Setting the last applied indexto:(t:0, i:~)
2022-08-08 17:32:00,588 [pool-378-thread-1] INFO  server.RaftServerConfigKeys (ConfUtils.java:logGet(46)) - raft.server.notification.no-leader.timeout = 300s (custom)
2022-08-08 17:32:00,589 [pool-378-thread-1] INFO  server.RaftServerConfigKeys (ConfUtils.java:logGet(46)) - raft.server.log.use.memory = false (default)
2022-08-08 17:32:00,589 [pool-378-thread-1] INFO  server.RaftServerConfigKeys (ConfUtils.java:logGet(46)) - raft.server.log.purge.gap = 1000000 (custom)
2022-08-08 17:32:00,589 [pool-378-thread-1] INFO  server.RaftServerConfigKeys (ConfUtils.java:logGet(46)) - raft.server.log.appender.buffer.byte-limit = 33554432 (custom)
2022-08-08 17:32:00,590 [pool-378-thread-1] INFO  server.RaftServerConfigKeys (ConfUtils.java:logGet(46)) - raft.server.log.statemachine.data.read.timeout = 1000ms (default)
2022-08-08 17:32:00,590 [pool-378-thread-1] INFO  server.RaftServerConfigKeys (ConfUtils.java:logGet(46)) - raft.server.log.segment.size.max = 1048576 (custom)
2022-08-08 17:32:00,590 [pool-378-thread-1] INFO  server.RaftServerConfigKeys (ConfUtils.java:logGet(46)) - raft.server.log.segment.cache.num.max = 2 (custom)
2022-08-08 17:32:00,590 [pool-378-thread-1] INFO  server.RaftServerConfigKeys (ConfUtils.java:logGet(46)) - raft.server.log.segment.cache.size.max = 200MB (=209715200) (default)
2022-08-08 17:32:00,590 [pool-378-thread-1] INFO  segmented.SegmentedRaftLogWorker (SegmentedRaftLogWorker.java:<init>(187)) - new e097b380-c3a4-416d-961b-62d57346101a@group-1798FCDFD889-SegmentedRaftLogWorker for RaftStorageImpl:Storage Directory /home/runner/work/ozone/ozone/hadoop-ozone/integration-test/target/test-dir/MiniOzoneClusterImpl-f558af99-55da-4127-a18c-29a24303d895/datanode-2/data/ratis/a45ae34e-5457-4e7e-a33f-1798fcdfd889
2022-08-08 17:32:00,591 [pool-378-thread-1] INFO  server.RaftServerConfigKeys (ConfUtils.java:logGet(46)) - raft.server.log.queue.byte-limit = 4294967296 (custom)
2022-08-08 17:32:00,591 [pool-378-thread-1] INFO  server.RaftServerConfigKeys (ConfUtils.java:logGet(46)) - raft.server.log.queue.element-limit = 1024 (custom)
2022-08-08 17:32:00,591 [pool-378-thread-1] INFO  server.RaftServerConfigKeys (ConfUtils.java:logGet(46)) - raft.server.log.segment.size.max = 1048576 (custom)
2022-08-08 17:32:00,591 [pool-378-thread-1] INFO  server.RaftServerConfigKeys (ConfUtils.java:logGet(46)) - raft.server.log.preallocated.size = 16384 (custom)
2022-08-08 17:32:00,591 [pool-378-thread-1] INFO  server.RaftServerConfigKeys (ConfUtils.java:logGet(46)) - raft.server.log.force.sync.num = 128 (default)
2022-08-08 17:32:00,591 [pool-378-thread-1] INFO  server.RaftServerConfigKeys (ConfUtils.java:logGet(46)) - raft.server.log.statemachine.data.sync = true (default)
2022-08-08 17:32:00,591 [pool-378-thread-1] INFO  server.RaftServerConfigKeys (ConfUtils.java:logGet(46)) - raft.server.log.statemachine.data.sync.timeout = 10s (default)
2022-08-08 17:32:00,591 [pool-378-thread-1] INFO  server.RaftServerConfigKeys (ConfUtils.java:logGet(46)) - raft.server.log.statemachine.data.sync.timeout.retry = -1 (default)
2022-08-08 17:32:00,592 [pool-378-thread-1] INFO  server.RaftServerConfigKeys (ConfUtils.java:logGet(46)) - raft.server.log.write.buffer.size = 1048576 (custom)
2022-08-08 17:32:00,593 [pool-378-thread-1] INFO  server.RaftServerConfigKeys (ConfUtils.java:logGet(46)) - raft.server.log.unsafe-flush.enabled = false (default)
2022-08-08 17:32:00,593 [pool-378-thread-1] INFO  server.RaftServerConfigKeys (ConfUtils.java:logGet(46)) - raft.server.log.statemachine.data.caching.enabled = true (custom)
2022-08-08 17:32:00,593 [pool-378-thread-1] INFO  segmented.SegmentedRaftLogWorker (SegmentedRaftLogWorker.java:lambda$new$0(135)) - e097b380-c3a4-416d-961b-62d57346101a@group-1798FCDFD889-SegmentedRaftLogWorker: flushIndex: setUnconditionally 0 -> -1
2022-08-08 17:32:00,593 [pool-378-thread-1] INFO  segmented.SegmentedRaftLogWorker (SegmentedRaftLogWorker.java:lambda$new$0(135)) - e097b380-c3a4-416d-961b-62d57346101a@group-1798FCDFD889-SegmentedRaftLogWorker: safeCacheEvictIndex: setUnconditionally 0 -> -1
2022-08-08 17:32:00,598 [pool-378-thread-1] INFO  server.RaftServerConfigKeys (ConfUtils.java:logGet(46)) - raft.server.snapshot.auto.trigger.enabled = true (custom)
2022-08-08 17:32:00,598 [pool-378-thread-1] INFO  server.RaftServerConfigKeys (ConfUtils.java:logGet(46)) - raft.server.snapshot.auto.trigger.threshold = 10000 (custom)
2022-08-08 17:32:00,598 [pool-378-thread-1] INFO  server.RaftServerConfigKeys (ConfUtils.java:logGet(46)) - raft.server.snapshot.retention.file.num = 5 (custom)
2022-08-08 17:32:00,598 [pool-378-thread-1] INFO  server.RaftServerConfigKeys (ConfUtils.java:logGet(46)) - raft.server.log.purge.upto.snapshot.index = false (default)
2022-08-08 17:32:00,598 [pool-378-thread-1] INFO  server.RaftServerConfigKeys (ConfUtils.java:logGet(46)) - raft.server.retrycache.expirytime = 600000ms (custom)
2022-08-08 17:32:00,599 [pool-378-thread-1] INFO  server.RaftServerConfigKeys (ConfUtils.java:logGet(46)) - raft.server.retrycache.statistics.expirytime = 100μs (default)
2022-08-08 17:32:00,600 [pool-378-thread-1] INFO  server.RaftServerConfigKeys (ConfUtils.java:logGet(46)) - raft.server.log.appender.install.snapshot.enabled = false (custom)
2022-08-08 17:32:00,600 [pool-378-thread-1] INFO  server.RaftServerConfigKeys (ConfUtils.java:logGet(46)) - raft.server.threadpool.server.cached = true (default)
2022-08-08 17:32:00,600 [pool-378-thread-1] INFO  server.RaftServerConfigKeys (ConfUtils.java:logGet(46)) - raft.server.threadpool.server.size = 0 (default)
2022-08-08 17:32:00,600 [pool-378-thread-1] INFO  server.RaftServerConfigKeys (ConfUtils.java:logGet(46)) - raft.server.threadpool.client.cached = true (default)
2022-08-08 17:32:00,600 [pool-378-thread-1] INFO  server.RaftServerConfigKeys (ConfUtils.java:logGet(46)) - raft.server.threadpool.client.size = 0 (default)
2022-08-08 17:32:00,600 [pool-378-thread-1] INFO  server.RaftServer$Division (RaftServerImpl.java:start(310)) - e097b380-c3a4-416d-961b-62d57346101a@group-1798FCDFD889: start as a follower, conf=-1: [53355090-c5c3-46c8-9fb6-985b331fedcd|rpc:10.1.0.4:44583|dataStream:|priority:0, e097b380-c3a4-416d-961b-62d57346101a|rpc:10.1.0.4:33879|dataStream:|priority:0, cf00da59-0cdc-47d7-956f-cb1d63eabba8|rpc:10.1.0.4:38075|dataStream:|priority:1], old=null
2022-08-08 17:32:00,600 [pool-378-thread-1] INFO  server.RaftServer$Division (RaftServerImpl.java:setRole(299)) - e097b380-c3a4-416d-961b-62d57346101a@group-1798FCDFD889: changes role from      null to FOLLOWER at term 0 for startAsFollower
2022-08-08 17:32:00,600 [pool-378-thread-1] INFO  impl.RoleInfo (RoleInfo.java:updateAndGet(139)) - e097b380-c3a4-416d-961b-62d57346101a: start e097b380-c3a4-416d-961b-62d57346101a@group-1798FCDFD889-FollowerState
2022-08-08 17:32:00,604 [pool-378-thread-1] INFO  util.JmxRegister (JmxRegister.java:tryRegister(44)) - Successfully registered JMX Bean with object name Ratis:service=RaftServer,group=group-1798FCDFD889,id=e097b380-c3a4-416d-961b-62d57346101a
2022-08-08 17:32:00,624 [Command processor thread] INFO  commandhandler.CreatePipelineCommandHandler (CreatePipelineCommandHandler.java:handle(113)) - Created Pipeline RATIS THREE PipelineID=a45ae34e-5457-4e7e-a33f-1798fcdfd889.
2022-08-08 17:32:00,629 [IPC Server handler 9 on default port 44433] INFO  net.NetworkTopologyImpl (NetworkTopologyImpl.java:add(112)) - Added a new node: /default-rack/db1702a3-da9c-40bc-8787-7ef8b4501257
2022-08-08 17:32:00,630 [IPC Server handler 9 on default port 44433] INFO  node.SCMNodeManager (SCMNodeManager.java:register(397)) - Registered Data node : db1702a3-da9c-40bc-8787-7ef8b4501257{ip: 10.1.0.4, host: fv-az207-152.1ztp0ef1jgbebjcpob1ohcpowa.jx.internal.cloudapp.net, ports: [REPLICATION=41405, RATIS=46881, RATIS_ADMIN=46881, RATIS_SERVER=46881, STANDALONE=34627], networkLocation: /default-rack, certSerialId: null, persistedOpState: null, persistedOpStateExpiryEpochSec: 0}
2022-08-08 17:32:00,631 [EventQueue-NewNodeForNewNodeHandler] INFO  pipeline.BackgroundPipelineCreator (BackgroundPipelineCreator.java:notifyEventTriggered(276)) - trigger a one-shot run on RatisPipelineUtilsThread.
2022-08-08 17:32:00,632 [RatisPipelineUtilsThread - 0] INFO  pipeline.RatisPipelineProvider (RatisPipelineProvider.java:lambda$create$0(195)) - Sending CreatePipelineCommand for pipeline:PipelineID=1b0fa587-4215-406f-9a03-4a94424e77bc to datanode:db1702a3-da9c-40bc-8787-7ef8b4501257
2022-08-08 17:32:00,632 [RatisPipelineUtilsThread - 0] INFO  pipeline.PipelineStateManagerImpl (PipelineStateManagerImpl.java:addPipeline(103)) - Created pipeline Pipeline[ Id: 1b0fa587-4215-406f-9a03-4a94424e77bc, Nodes: db1702a3-da9c-40bc-8787-7ef8b4501257{ip: 10.1.0.4, host: fv-az207-152.1ztp0ef1jgbebjcpob1ohcpowa.jx.internal.cloudapp.net, ports: [REPLICATION=41405, RATIS=46881, RATIS_ADMIN=46881, RATIS_SERVER=46881, STANDALONE=34627], networkLocation: /default-rack, certSerialId: null, persistedOpState: IN_SERVICE, persistedOpStateExpiryEpochSec: 0}, ReplicationConfig: RATIS/ONE, State:ALLOCATED, leaderId:, CreationTimestamp2022-08-08T17:32:00.632Z[Etc/UTC]].
2022-08-08 17:32:00,725 [Command processor thread] INFO  server.RaftServer (RaftServerProxy.java:addNew(96)) - 53355090-c5c3-46c8-9fb6-985b331fedcd: addNew group-00B62E71E525:[53355090-c5c3-46c8-9fb6-985b331fedcd|rpc:10.1.0.4:44583|priority:1] returns group-00B62E71E525:java.util.concurrent.CompletableFuture@1bd3adab[Not completed]
2022-08-08 17:32:00,726 [pool-355-thread-1] INFO  server.RaftServer$Division (RaftServerImpl.java:<init>(190)) - 53355090-c5c3-46c8-9fb6-985b331fedcd: new RaftServerImpl for group-00B62E71E525:[53355090-c5c3-46c8-9fb6-985b331fedcd|rpc:10.1.0.4:44583|priority:1] with ContainerStateMachine:uninitialized
2022-08-08 17:32:00,726 [pool-355-thread-1] INFO  server.RaftServerConfigKeys (ConfUtils.java:logGet(46)) - raft.server.rpc.timeout.min = 5s (custom)
2022-08-08 17:32:00,726 [pool-355-thread-1] INFO  server.RaftServerConfigKeys (ConfUtils.java:logGet(46)) - raft.server.rpc.timeout.max = 5200ms (custom)
2022-08-08 17:32:00,726 [pool-355-thread-1] INFO  server.RaftServerConfigKeys (ConfUtils.java:logGet(46)) - raft.server.rpc.sleep.time = 25ms (default)
2022-08-08 17:32:00,726 [pool-355-thread-1] INFO  server.RaftServerConfigKeys (ConfUtils.java:logGet(46)) - raft.server.rpc.slowness.timeout = 300s (custom)
2022-08-08 17:32:00,726 [pool-355-thread-1] INFO  server.RaftServerConfigKeys (ConfUtils.java:logGet(46)) - raft.server.leaderelection.leader.step-down.wait-time = 10s (default)
2022-08-08 17:32:00,726 [pool-355-thread-1] INFO  server.RaftServerConfigKeys (ConfUtils.java:logGet(46)) - raft.server.sleep.deviation.threshold = 300ms (default)
2022-08-08 17:32:00,726 [pool-355-thread-1] INFO  server.RaftServer$Division (ServerState.java:<init>(107)) - 53355090-c5c3-46c8-9fb6-985b331fedcd@group-00B62E71E525: ConfigurationManager, init=-1: [53355090-c5c3-46c8-9fb6-985b331fedcd|rpc:10.1.0.4:44583|priority:1], old=null, confs=<EMPTY_MAP>
2022-08-08 17:32:00,726 [pool-355-thread-1] INFO  server.RaftServerConfigKeys (ConfUtils.java:logGet(46)) - raft.server.storage.dir = [/home/runner/work/ozone/ozone/hadoop-ozone/integration-test/target/test-dir/MiniOzoneClusterImpl-f558af99-55da-4127-a18c-29a24303d895/datanode-1/data/ratis] (custom)
2022-08-08 17:32:00,727 [pool-355-thread-1] INFO  server.RaftServerConfigKeys (ConfUtils.java:logGet(46)) - raft.server.log.corruption.policy = EXCEPTION (default)
2022-08-08 17:32:00,727 [pool-355-thread-1] INFO  server.RaftServerConfigKeys (ConfUtils.java:logGet(46)) - raft.server.storage.free-space.min = 0MB (=0) (default)
2022-08-08 17:32:00,727 [pool-355-thread-1] INFO  storage.RaftStorageDirectory (RaftStorageDirectoryImpl.java:analyzeStorage(135)) - The storage directory /home/runner/work/ozone/ozone/hadoop-ozone/integration-test/target/test-dir/MiniOzoneClusterImpl-f558af99-55da-4127-a18c-29a24303d895/datanode-1/data/ratis/9f52aab5-6dfa-41c5-93d3-00b62e71e525 does not exist. Creating ...
2022-08-08 17:32:00,730 [pool-355-thread-1] INFO  storage.RaftStorageDirectory (RaftStorageDirectoryImpl.java:tryLock(230)) - Lock on /home/runner/work/ozone/ozone/hadoop-ozone/integration-test/target/test-dir/MiniOzoneClusterImpl-f558af99-55da-4127-a18c-29a24303d895/datanode-1/data/ratis/9f52aab5-6dfa-41c5-93d3-00b62e71e525/in_use.lock acquired by nodename 1880@fv-az207-152
2022-08-08 17:32:00,732 [pool-355-thread-1] INFO  storage.RaftStorage (RaftStorageImpl.java:format(89)) - Storage directory /home/runner/work/ozone/ozone/hadoop-ozone/integration-test/target/test-dir/MiniOzoneClusterImpl-f558af99-55da-4127-a18c-29a24303d895/datanode-1/data/ratis/9f52aab5-6dfa-41c5-93d3-00b62e71e525 has been successfully formatted.
2022-08-08 17:32:00,732 [pool-355-thread-1] INFO  ratis.ContainerStateMachine (ContainerStateMachine.java:loadSnapshot(236)) - group-00B62E71E525: The snapshot info is null. Setting the last applied indexto:(t:0, i:~)
2022-08-08 17:32:00,739 [EventQueue-PipelineReportForPipelineReportHandler] INFO  pipeline.PipelineManagerImpl (PipelineManagerImpl.java:openPipeline(367)) - Pipeline Pipeline[ Id: 9f52aab5-6dfa-41c5-93d3-00b62e71e525, Nodes: 53355090-c5c3-46c8-9fb6-985b331fedcd{ip: 10.1.0.4, host: fv-az207-152.1ztp0ef1jgbebjcpob1ohcpowa.jx.internal.cloudapp.net, ports: [REPLICATION=40469, RATIS=44583, RATIS_ADMIN=44583, RATIS_SERVER=44583, STANDALONE=39391], networkLocation: /default-rack, certSerialId: null, persistedOpState: IN_SERVICE, persistedOpStateExpiryEpochSec: 0}, ReplicationConfig: RATIS/ONE, State:ALLOCATED, leaderId:53355090-c5c3-46c8-9fb6-985b331fedcd, CreationTimestamp2022-08-08T17:31:57.739Z[Etc/UTC]] moved to OPEN state
2022-08-08 17:32:00,739 [pool-355-thread-1] INFO  server.RaftServerConfigKeys (ConfUtils.java:logGet(46)) - raft.server.notification.no-leader.timeout = 300s (custom)
2022-08-08 17:32:00,739 [pool-355-thread-1] INFO  server.RaftServerConfigKeys (ConfUtils.java:logGet(46)) - raft.server.log.use.memory = false (default)
2022-08-08 17:32:00,739 [pool-355-thread-1] INFO  server.RaftServerConfigKeys (ConfUtils.java:logGet(46)) - raft.server.log.purge.gap = 1000000 (custom)
2022-08-08 17:32:00,739 [pool-355-thread-1] INFO  server.RaftServerConfigKeys (ConfUtils.java:logGet(46)) - raft.server.log.appender.buffer.byte-limit = 33554432 (custom)
2022-08-08 17:32:00,739 [pool-355-thread-1] INFO  server.RaftServerConfigKeys (ConfUtils.java:logGet(46)) - raft.server.log.statemachine.data.read.timeout = 1000ms (default)
2022-08-08 17:32:00,739 [EventQueue-OpenPipelineForHealthyPipelineSafeModeRule] INFO  safemode.SCMSafeModeManager (HealthyPipelineSafeModeRule.java:process(137)) - SCM in safe mode. Healthy pipelines reported count is 0, required healthy pipeline reported count is 1
2022-08-08 17:32:00,739 [pool-355-thread-1] INFO  server.RaftServerConfigKeys (ConfUtils.java:logGet(46)) - raft.server.log.segment.size.max = 1048576 (custom)
2022-08-08 17:32:00,742 [pool-355-thread-1] INFO  server.RaftServerConfigKeys (ConfUtils.java:logGet(46)) - raft.server.log.segment.cache.num.max = 2 (custom)
2022-08-08 17:32:00,742 [pool-355-thread-1] INFO  server.RaftServerConfigKeys (ConfUtils.java:logGet(46)) - raft.server.log.segment.cache.size.max = 200MB (=209715200) (default)
2022-08-08 17:32:00,742 [pool-355-thread-1] INFO  segmented.SegmentedRaftLogWorker (SegmentedRaftLogWorker.java:<init>(187)) - new 53355090-c5c3-46c8-9fb6-985b331fedcd@group-00B62E71E525-SegmentedRaftLogWorker for RaftStorageImpl:Storage Directory /home/runner/work/ozone/ozone/hadoop-ozone/integration-test/target/test-dir/MiniOzoneClusterImpl-f558af99-55da-4127-a18c-29a24303d895/datanode-1/data/ratis/9f52aab5-6dfa-41c5-93d3-00b62e71e525
2022-08-08 17:32:00,742 [pool-355-thread-1] INFO  server.RaftServerConfigKeys (ConfUtils.java:logGet(46)) - raft.server.log.queue.byte-limit = 4294967296 (custom)
2022-08-08 17:32:00,742 [pool-355-thread-1] INFO  server.RaftServerConfigKeys (ConfUtils.java:logGet(46)) - raft.server.log.queue.element-limit = 1024 (custom)
2022-08-08 17:32:00,742 [pool-355-thread-1] INFO  server.RaftServerConfigKeys (ConfUtils.java:logGet(46)) - raft.server.log.segment.size.max = 1048576 (custom)
2022-08-08 17:32:00,742 [pool-355-thread-1] INFO  server.RaftServerConfigKeys (ConfUtils.java:logGet(46)) - raft.server.log.preallocated.size = 16384 (custom)
2022-08-08 17:32:00,742 [pool-355-thread-1] INFO  server.RaftServerConfigKeys (ConfUtils.java:logGet(46)) - raft.server.log.force.sync.num = 128 (default)
2022-08-08 17:32:00,742 [pool-355-thread-1] INFO  server.RaftServerConfigKeys (ConfUtils.java:logGet(46)) - raft.server.log.statemachine.data.sync = true (default)
2022-08-08 17:32:00,742 [pool-355-thread-1] INFO  server.RaftServerConfigKeys (ConfUtils.java:logGet(46)) - raft.server.log.statemachine.data.sync.timeout = 10s (default)
2022-08-08 17:32:00,742 [pool-355-thread-1] INFO  server.RaftServerConfigKeys (ConfUtils.java:logGet(46)) - raft.server.log.statemachine.data.sync.timeout.retry = -1 (default)
2022-08-08 17:32:00,743 [pool-355-thread-1] INFO  server.RaftServerConfigKeys (ConfUtils.java:logGet(46)) - raft.server.log.write.buffer.size = 1048576 (custom)
2022-08-08 17:32:00,747 [pool-355-thread-1] INFO  server.RaftServerConfigKeys (ConfUtils.java:logGet(46)) - raft.server.log.unsafe-flush.enabled = false (default)
2022-08-08 17:32:00,747 [pool-355-thread-1] INFO  server.RaftServerConfigKeys (ConfUtils.java:logGet(46)) - raft.server.log.statemachine.data.caching.enabled = true (custom)
2022-08-08 17:32:00,747 [pool-355-thread-1] INFO  segmented.SegmentedRaftLogWorker (SegmentedRaftLogWorker.java:lambda$new$0(135)) - 53355090-c5c3-46c8-9fb6-985b331fedcd@group-00B62E71E525-SegmentedRaftLogWorker: flushIndex: setUnconditionally 0 -> -1
2022-08-08 17:32:00,747 [pool-355-thread-1] INFO  segmented.SegmentedRaftLogWorker (SegmentedRaftLogWorker.java:lambda$new$0(135)) - 53355090-c5c3-46c8-9fb6-985b331fedcd@group-00B62E71E525-SegmentedRaftLogWorker: safeCacheEvictIndex: setUnconditionally 0 -> -1
2022-08-08 17:32:00,762 [pool-355-thread-1] INFO  server.RaftServerConfigKeys (ConfUtils.java:logGet(46)) - raft.server.snapshot.auto.trigger.enabled = true (custom)
2022-08-08 17:32:00,762 [pool-355-thread-1] INFO  server.RaftServerConfigKeys (ConfUtils.java:logGet(46)) - raft.server.snapshot.auto.trigger.threshold = 10000 (custom)
2022-08-08 17:32:00,762 [pool-355-thread-1] INFO  server.RaftServerConfigKeys (ConfUtils.java:logGet(46)) - raft.server.snapshot.retention.file.num = 5 (custom)
2022-08-08 17:32:00,762 [pool-355-thread-1] INFO  server.RaftServerConfigKeys (ConfUtils.java:logGet(46)) - raft.server.log.purge.upto.snapshot.index = false (default)
2022-08-08 17:32:00,762 [pool-355-thread-1] INFO  server.RaftServerConfigKeys (ConfUtils.java:logGet(46)) - raft.server.retrycache.expirytime = 600000ms (custom)
2022-08-08 17:32:00,762 [pool-355-thread-1] INFO  server.RaftServerConfigKeys (ConfUtils.java:logGet(46)) - raft.server.retrycache.statistics.expirytime = 100μs (default)
2022-08-08 17:32:00,764 [pool-355-thread-1] INFO  server.RaftServerConfigKeys (ConfUtils.java:logGet(46)) - raft.server.log.appender.install.snapshot.enabled = false (custom)
2022-08-08 17:32:00,764 [pool-355-thread-1] INFO  server.RaftServerConfigKeys (ConfUtils.java:logGet(46)) - raft.server.threadpool.server.cached = true (default)
2022-08-08 17:32:00,764 [pool-355-thread-1] INFO  server.RaftServerConfigKeys (ConfUtils.java:logGet(46)) - raft.server.threadpool.server.size = 0 (default)
2022-08-08 17:32:00,764 [pool-355-thread-1] INFO  server.RaftServerConfigKeys (ConfUtils.java:logGet(46)) - raft.server.threadpool.client.cached = true (default)
2022-08-08 17:32:00,764 [pool-355-thread-1] INFO  server.RaftServerConfigKeys (ConfUtils.java:logGet(46)) - raft.server.threadpool.client.size = 0 (default)
2022-08-08 17:32:00,764 [pool-355-thread-1] INFO  server.RaftServer$Division (RaftServerImpl.java:start(310)) - 53355090-c5c3-46c8-9fb6-985b331fedcd@group-00B62E71E525: start as a follower, conf=-1: [53355090-c5c3-46c8-9fb6-985b331fedcd|rpc:10.1.0.4:44583|priority:1], old=null
2022-08-08 17:32:00,764 [pool-355-thread-1] INFO  server.RaftServer$Division (RaftServerImpl.java:setRole(299)) - 53355090-c5c3-46c8-9fb6-985b331fedcd@group-00B62E71E525: changes role from      null to FOLLOWER at term 0 for startAsFollower
2022-08-08 17:32:00,764 [pool-355-thread-1] INFO  impl.RoleInfo (RoleInfo.java:updateAndGet(139)) - 53355090-c5c3-46c8-9fb6-985b331fedcd: start 53355090-c5c3-46c8-9fb6-985b331fedcd@group-00B62E71E525-FollowerState
2022-08-08 17:32:00,773 [pool-355-thread-1] INFO  util.JmxRegister (JmxRegister.java:tryRegister(44)) - Successfully registered JMX Bean with object name Ratis:service=RaftServer,group=group-00B62E71E525,id=53355090-c5c3-46c8-9fb6-985b331fedcd
2022-08-08 17:32:00,774 [Command processor thread] INFO  ratis.XceiverServerRatis (XceiverServerRatis.java:addGroup(765)) - Created group PipelineID=9f52aab5-6dfa-41c5-93d3-00b62e71e525
2022-08-08 17:32:00,774 [Command processor thread] INFO  commandhandler.CreatePipelineCommandHandler (CreatePipelineCommandHandler.java:handle(113)) - Created Pipeline RATIS ONE PipelineID=9f52aab5-6dfa-41c5-93d3-00b62e71e525.
2022-08-08 17:32:01,541 [Listener at 127.0.0.1/44865] INFO  ozone.MiniOzoneClusterImpl (MiniOzoneClusterImpl.java:lambda$waitForClusterToBeReady$0(216)) - Nodes are ready. Got 5 of 5 DN Heartbeats.
2022-08-08 17:32:01,541 [Listener at 127.0.0.1/44865] INFO  ozone.MiniOzoneClusterImpl (MiniOzoneClusterImpl.java:lambda$waitForClusterToBeReady$0(219)) - Waiting for cluster to exit safe mode
2022-08-08 17:32:01,541 [Listener at 127.0.0.1/44865] INFO  ozone.MiniOzoneClusterImpl (MiniOzoneClusterImpl.java:lambda$waitForClusterToBeReady$0(221)) - SCM became leader
2022-08-08 17:32:01,557 [Command processor thread] INFO  server.RaftServer (RaftServerProxy.java:addNew(96)) - e097b380-c3a4-416d-961b-62d57346101a: addNew group-0D2DAC4D0735:[e097b380-c3a4-416d-961b-62d57346101a|rpc:10.1.0.4:33879|priority:1] returns group-0D2DAC4D0735:java.util.concurrent.CompletableFuture@63269bf9[Not completed]
2022-08-08 17:32:01,558 [pool-378-thread-1] INFO  server.RaftServer$Division (RaftServerImpl.java:<init>(190)) - e097b380-c3a4-416d-961b-62d57346101a: new RaftServerImpl for group-0D2DAC4D0735:[e097b380-c3a4-416d-961b-62d57346101a|rpc:10.1.0.4:33879|priority:1] with ContainerStateMachine:uninitialized
2022-08-08 17:32:01,558 [pool-378-thread-1] INFO  server.RaftServerConfigKeys (ConfUtils.java:logGet(46)) - raft.server.rpc.timeout.min = 5s (custom)
2022-08-08 17:32:01,558 [pool-378-thread-1] INFO  server.RaftServerConfigKeys (ConfUtils.java:logGet(46)) - raft.server.rpc.timeout.max = 5200ms (custom)
2022-08-08 17:32:01,558 [pool-378-thread-1] INFO  server.RaftServerConfigKeys (ConfUtils.java:logGet(46)) - raft.server.rpc.sleep.time = 25ms (default)
2022-08-08 17:32:01,558 [pool-378-thread-1] INFO  server.RaftServerConfigKeys (ConfUtils.java:logGet(46)) - raft.server.rpc.slowness.timeout = 300s (custom)
2022-08-08 17:32:01,559 [pool-378-thread-1] INFO  server.RaftServerConfigKeys (ConfUtils.java:logGet(46)) - raft.server.leaderelection.leader.step-down.wait-time = 10s (default)
2022-08-08 17:32:01,559 [pool-378-thread-1] INFO  server.RaftServerConfigKeys (ConfUtils.java:logGet(46)) - raft.server.sleep.deviation.threshold = 300ms (default)
2022-08-08 17:32:01,559 [pool-378-thread-1] INFO  server.RaftServer$Division (ServerState.java:<init>(107)) - e097b380-c3a4-416d-961b-62d57346101a@group-0D2DAC4D0735: ConfigurationManager, init=-1: [e097b380-c3a4-416d-961b-62d57346101a|rpc:10.1.0.4:33879|priority:1], old=null, confs=<EMPTY_MAP>
2022-08-08 17:32:01,559 [pool-378-thread-1] INFO  server.RaftServerConfigKeys (ConfUtils.java:logGet(46)) - raft.server.storage.dir = [/home/runner/work/ozone/ozone/hadoop-ozone/integration-test/target/test-dir/MiniOzoneClusterImpl-f558af99-55da-4127-a18c-29a24303d895/datanode-2/data/ratis] (custom)
2022-08-08 17:32:01,559 [pool-378-thread-1] INFO  server.RaftServerConfigKeys (ConfUtils.java:logGet(46)) - raft.server.log.corruption.policy = EXCEPTION (default)
2022-08-08 17:32:01,559 [pool-378-thread-1] INFO  server.RaftServerConfigKeys (ConfUtils.java:logGet(46)) - raft.server.storage.free-space.min = 0MB (=0) (default)
2022-08-08 17:32:01,559 [pool-378-thread-1] INFO  storage.RaftStorageDirectory (RaftStorageDirectoryImpl.java:analyzeStorage(135)) - The storage directory /home/runner/work/ozone/ozone/hadoop-ozone/integration-test/target/test-dir/MiniOzoneClusterImpl-f558af99-55da-4127-a18c-29a24303d895/datanode-2/data/ratis/3e98d580-85f8-42d5-9a81-0d2dac4d0735 does not exist. Creating ...
2022-08-08 17:32:01,561 [pool-378-thread-1] INFO  storage.RaftStorageDirectory (RaftStorageDirectoryImpl.java:tryLock(230)) - Lock on /home/runner/work/ozone/ozone/hadoop-ozone/integration-test/target/test-dir/MiniOzoneClusterImpl-f558af99-55da-4127-a18c-29a24303d895/datanode-2/data/ratis/3e98d580-85f8-42d5-9a81-0d2dac4d0735/in_use.lock acquired by nodename 1880@fv-az207-152
2022-08-08 17:32:01,567 [pool-378-thread-1] INFO  storage.RaftStorage (RaftStorageImpl.java:format(89)) - Storage directory /home/runner/work/ozone/ozone/hadoop-ozone/integration-test/target/test-dir/MiniOzoneClusterImpl-f558af99-55da-4127-a18c-29a24303d895/datanode-2/data/ratis/3e98d580-85f8-42d5-9a81-0d2dac4d0735 has been successfully formatted.
2022-08-08 17:32:01,568 [pool-378-thread-1] INFO  ratis.ContainerStateMachine (ContainerStateMachine.java:loadSnapshot(236)) - group-0D2DAC4D0735: The snapshot info is null. Setting the last applied indexto:(t:0, i:~)
2022-08-08 17:32:01,575 [pool-378-thread-1] INFO  server.RaftServerConfigKeys (ConfUtils.java:logGet(46)) - raft.server.notification.no-leader.timeout = 300s (custom)
2022-08-08 17:32:01,575 [pool-378-thread-1] INFO  server.RaftServerConfigKeys (ConfUtils.java:logGet(46)) - raft.server.log.use.memory = false (default)
2022-08-08 17:32:01,575 [pool-378-thread-1] INFO  server.RaftServerConfigKeys (ConfUtils.java:logGet(46)) - raft.server.log.purge.gap = 1000000 (custom)
2022-08-08 17:32:01,575 [pool-378-thread-1] INFO  server.RaftServerConfigKeys (ConfUtils.java:logGet(46)) - raft.server.log.appender.buffer.byte-limit = 33554432 (custom)
2022-08-08 17:32:01,575 [pool-378-thread-1] INFO  server.RaftServerConfigKeys (ConfUtils.java:logGet(46)) - raft.server.log.statemachine.data.read.timeout = 1000ms (default)
2022-08-08 17:32:01,576 [pool-378-thread-1] INFO  server.RaftServerConfigKeys (ConfUtils.java:logGet(46)) - raft.server.log.segment.size.max = 1048576 (custom)
2022-08-08 17:32:01,576 [pool-378-thread-1] INFO  server.RaftServerConfigKeys (ConfUtils.java:logGet(46)) - raft.server.log.segment.cache.num.max = 2 (custom)
2022-08-08 17:32:01,576 [pool-378-thread-1] INFO  server.RaftServerConfigKeys (ConfUtils.java:logGet(46)) - raft.server.log.segment.cache.size.max = 200MB (=209715200) (default)
2022-08-08 17:32:01,576 [pool-378-thread-1] INFO  segmented.SegmentedRaftLogWorker (SegmentedRaftLogWorker.java:<init>(187)) - new e097b380-c3a4-416d-961b-62d57346101a@group-0D2DAC4D0735-SegmentedRaftLogWorker for RaftStorageImpl:Storage Directory /home/runner/work/ozone/ozone/hadoop-ozone/integration-test/target/test-dir/MiniOzoneClusterImpl-f558af99-55da-4127-a18c-29a24303d895/datanode-2/data/ratis/3e98d580-85f8-42d5-9a81-0d2dac4d0735
2022-08-08 17:32:01,576 [pool-378-thread-1] INFO  server.RaftServerConfigKeys (ConfUtils.java:logGet(46)) - raft.server.log.queue.byte-limit = 4294967296 (custom)
2022-08-08 17:32:01,576 [pool-378-thread-1] INFO  server.RaftServerConfigKeys (ConfUtils.java:logGet(46)) - raft.server.log.queue.element-limit = 1024 (custom)
2022-08-08 17:32:01,576 [pool-378-thread-1] INFO  server.RaftServerConfigKeys (ConfUtils.java:logGet(46)) - raft.server.log.segment.size.max = 1048576 (custom)
2022-08-08 17:32:01,576 [pool-378-thread-1] INFO  server.RaftServerConfigKeys (ConfUtils.java:logGet(46)) - raft.server.log.preallocated.size = 16384 (custom)
2022-08-08 17:32:01,576 [pool-378-thread-1] INFO  server.RaftServerConfigKeys (ConfUtils.java:logGet(46)) - raft.server.log.force.sync.num = 128 (default)
2022-08-08 17:32:01,576 [pool-378-thread-1] INFO  server.RaftServerConfigKeys (ConfUtils.java:logGet(46)) - raft.server.log.statemachine.data.sync = true (default)
2022-08-08 17:32:01,577 [pool-378-thread-1] INFO  server.RaftServerConfigKeys (ConfUtils.java:logGet(46)) - raft.server.log.statemachine.data.sync.timeout = 10s (default)
2022-08-08 17:32:01,577 [pool-378-thread-1] INFO  server.RaftServerConfigKeys (ConfUtils.java:logGet(46)) - raft.server.log.statemachine.data.sync.timeout.retry = -1 (default)
2022-08-08 17:32:01,577 [pool-378-thread-1] INFO  server.RaftServerConfigKeys (ConfUtils.java:logGet(46)) - raft.server.log.write.buffer.size = 1048576 (custom)
2022-08-08 17:32:01,580 [pool-378-thread-1] INFO  server.RaftServerConfigKeys (ConfUtils.java:logGet(46)) - raft.server.log.unsafe-flush.enabled = false (default)
2022-08-08 17:32:01,580 [pool-378-thread-1] INFO  server.RaftServerConfigKeys (ConfUtils.java:logGet(46)) - raft.server.log.statemachine.data.caching.enabled = true (custom)
2022-08-08 17:32:01,580 [pool-378-thread-1] INFO  segmented.SegmentedRaftLogWorker (SegmentedRaftLogWorker.java:lambda$new$0(135)) - e097b380-c3a4-416d-961b-62d57346101a@group-0D2DAC4D0735-SegmentedRaftLogWorker: flushIndex: setUnconditionally 0 -> -1
2022-08-08 17:32:01,580 [pool-378-thread-1] INFO  segmented.SegmentedRaftLogWorker (SegmentedRaftLogWorker.java:lambda$new$0(135)) - e097b380-c3a4-416d-961b-62d57346101a@group-0D2DAC4D0735-SegmentedRaftLogWorker: safeCacheEvictIndex: setUnconditionally 0 -> -1
2022-08-08 17:32:01,583 [EventQueue-PipelineReportForPipelineReportHandler] INFO  pipeline.PipelineManagerImpl (PipelineManagerImpl.java:openPipeline(367)) - Pipeline Pipeline[ Id: 3e98d580-85f8-42d5-9a81-0d2dac4d0735, Nodes: e097b380-c3a4-416d-961b-62d57346101a{ip: 10.1.0.4, host: fv-az207-152.1ztp0ef1jgbebjcpob1ohcpowa.jx.internal.cloudapp.net, ports: [REPLICATION=42839, RATIS=33879, RATIS_ADMIN=33879, RATIS_SERVER=33879, STANDALONE=35245], networkLocation: /default-rack, certSerialId: null, persistedOpState: IN_SERVICE, persistedOpStateExpiryEpochSec: 0}, ReplicationConfig: RATIS/ONE, State:ALLOCATED, leaderId:e097b380-c3a4-416d-961b-62d57346101a, CreationTimestamp2022-08-08T17:31:58.564Z[Etc/UTC]] moved to OPEN state
2022-08-08 17:32:01,583 [EventQueue-OpenPipelineForHealthyPipelineSafeModeRule] INFO  safemode.SCMSafeModeManager (HealthyPipelineSafeModeRule.java:process(137)) - SCM in safe mode. Healthy pipelines reported count is 0, required healthy pipeline reported count is 1
2022-08-08 17:32:01,583 [pool-378-thread-1] INFO  server.RaftServerConfigKeys (ConfUtils.java:logGet(46)) - raft.server.snapshot.auto.trigger.enabled = true (custom)
2022-08-08 17:32:01,583 [pool-378-thread-1] INFO  server.RaftServerConfigKeys (ConfUtils.java:logGet(46)) - raft.server.snapshot.auto.trigger.threshold = 10000 (custom)
2022-08-08 17:32:01,584 [pool-378-thread-1] INFO  server.RaftServerConfigKeys (ConfUtils.java:logGet(46)) - raft.server.snapshot.retention.file.num = 5 (custom)
2022-08-08 17:32:01,584 [pool-378-thread-1] INFO  server.RaftServerConfigKeys (ConfUtils.java:logGet(46)) - raft.server.log.purge.upto.snapshot.index = false (default)
2022-08-08 17:32:01,584 [pool-378-thread-1] INFO  server.RaftServerConfigKeys (ConfUtils.java:logGet(46)) - raft.server.retrycache.expirytime = 600000ms (custom)
2022-08-08 17:32:01,584 [pool-378-thread-1] INFO  server.RaftServerConfigKeys (ConfUtils.java:logGet(46)) - raft.server.retrycache.statistics.expirytime = 100μs (default)
2022-08-08 17:32:01,585 [pool-378-thread-1] INFO  server.RaftServerConfigKeys (ConfUtils.java:logGet(46)) - raft.server.log.appender.install.snapshot.enabled = false (custom)
2022-08-08 17:32:01,585 [pool-378-thread-1] INFO  server.RaftServerConfigKeys (ConfUtils.java:logGet(46)) - raft.server.threadpool.server.cached = true (default)
2022-08-08 17:32:01,585 [pool-378-thread-1] INFO  server.RaftServerConfigKeys (ConfUtils.java:logGet(46)) - raft.server.threadpool.server.size = 0 (default)
2022-08-08 17:32:01,585 [pool-378-thread-1] INFO  server.RaftServerConfigKeys (ConfUtils.java:logGet(46)) - raft.server.threadpool.client.cached = true (default)
2022-08-08 17:32:01,585 [pool-378-thread-1] INFO  server.RaftServerConfigKeys (ConfUtils.java:logGet(46)) - raft.server.threadpool.client.size = 0 (default)
2022-08-08 17:32:01,585 [pool-378-thread-1] INFO  server.RaftServer$Division (RaftServerImpl.java:start(310)) - e097b380-c3a4-416d-961b-62d57346101a@group-0D2DAC4D0735: start as a follower, conf=-1: [e097b380-c3a4-416d-961b-62d57346101a|rpc:10.1.0.4:33879|priority:1], old=null
2022-08-08 17:32:01,585 [pool-378-thread-1] INFO  server.RaftServer$Division (RaftServerImpl.java:setRole(299)) - e097b380-c3a4-416d-961b-62d57346101a@group-0D2DAC4D0735: changes role from      null to FOLLOWER at term 0 for startAsFollower
2022-08-08 17:32:01,585 [pool-378-thread-1] INFO  impl.RoleInfo (RoleInfo.java:updateAndGet(139)) - e097b380-c3a4-416d-961b-62d57346101a: start e097b380-c3a4-416d-961b-62d57346101a@group-0D2DAC4D0735-FollowerState
2022-08-08 17:32:01,586 [pool-378-thread-1] INFO  util.JmxRegister (JmxRegister.java:tryRegister(44)) - Successfully registered JMX Bean with object name Ratis:service=RaftServer,group=group-0D2DAC4D0735,id=e097b380-c3a4-416d-961b-62d57346101a
2022-08-08 17:32:01,586 [Command processor thread] INFO  ratis.XceiverServerRatis (XceiverServerRatis.java:addGroup(765)) - Created group PipelineID=3e98d580-85f8-42d5-9a81-0d2dac4d0735
2022-08-08 17:32:01,586 [Command processor thread] INFO  commandhandler.CreatePipelineCommandHandler (CreatePipelineCommandHandler.java:handle(113)) - Created Pipeline RATIS ONE PipelineID=3e98d580-85f8-42d5-9a81-0d2dac4d0735.
2022-08-08 17:32:02,403 [Command processor thread] INFO  server.RaftServer (RaftServerProxy.java:addNew(96)) - 6f3b8b9d-98c0-45ee-9faa-ef87da063f94: addNew group-DD953A941461:[6f3b8b9d-98c0-45ee-9faa-ef87da063f94|rpc:10.1.0.4:36339|priority:1] returns group-DD953A941461:java.util.concurrent.CompletableFuture@34be848a[Not completed]
2022-08-08 17:32:02,415 [pool-401-thread-1] INFO  server.RaftServer$Division (RaftServerImpl.java:<init>(190)) - 6f3b8b9d-98c0-45ee-9faa-ef87da063f94: new RaftServerImpl for group-DD953A941461:[6f3b8b9d-98c0-45ee-9faa-ef87da063f94|rpc:10.1.0.4:36339|priority:1] with ContainerStateMachine:uninitialized
2022-08-08 17:32:02,415 [pool-401-thread-1] INFO  server.RaftServerConfigKeys (ConfUtils.java:logGet(46)) - raft.server.rpc.timeout.min = 5s (custom)
2022-08-08 17:32:02,415 [pool-401-thread-1] INFO  server.RaftServerConfigKeys (ConfUtils.java:logGet(46)) - raft.server.rpc.timeout.max = 5200ms (custom)
2022-08-08 17:32:02,415 [pool-401-thread-1] INFO  server.RaftServerConfigKeys (ConfUtils.java:logGet(46)) - raft.server.rpc.sleep.time = 25ms (default)
2022-08-08 17:32:02,415 [pool-401-thread-1] INFO  server.RaftServerConfigKeys (ConfUtils.java:logGet(46)) - raft.server.rpc.slowness.timeout = 300s (custom)
2022-08-08 17:32:02,415 [pool-401-thread-1] INFO  server.RaftServerConfigKeys (ConfUtils.java:logGet(46)) - raft.server.leaderelection.leader.step-down.wait-time = 10s (default)
2022-08-08 17:32:02,415 [pool-401-thread-1] INFO  server.RaftServerConfigKeys (ConfUtils.java:logGet(46)) - raft.server.sleep.deviation.threshold = 300ms (default)
2022-08-08 17:32:02,415 [pool-401-thread-1] INFO  server.RaftServer$Division (ServerState.java:<init>(107)) - 6f3b8b9d-98c0-45ee-9faa-ef87da063f94@group-DD953A941461: ConfigurationManager, init=-1: [6f3b8b9d-98c0-45ee-9faa-ef87da063f94|rpc:10.1.0.4:36339|priority:1], old=null, confs=<EMPTY_MAP>
2022-08-08 17:32:02,415 [pool-401-thread-1] INFO  server.RaftServerConfigKeys (ConfUtils.java:logGet(46)) - raft.server.storage.dir = [/home/runner/work/ozone/ozone/hadoop-ozone/integration-test/target/test-dir/MiniOzoneClusterImpl-f558af99-55da-4127-a18c-29a24303d895/datanode-3/data/ratis] (custom)
2022-08-08 17:32:02,415 [pool-401-thread-1] INFO  server.RaftServerConfigKeys (ConfUtils.java:logGet(46)) - raft.server.log.corruption.policy = EXCEPTION (default)
2022-08-08 17:32:02,415 [pool-401-thread-1] INFO  server.RaftServerConfigKeys (ConfUtils.java:logGet(46)) - raft.server.storage.free-space.min = 0MB (=0) (default)
2022-08-08 17:32:02,416 [pool-401-thread-1] INFO  storage.RaftStorageDirectory (RaftStorageDirectoryImpl.java:analyzeStorage(135)) - The storage directory /home/runner/work/ozone/ozone/hadoop-ozone/integration-test/target/test-dir/MiniOzoneClusterImpl-f558af99-55da-4127-a18c-29a24303d895/datanode-3/data/ratis/d4b823d5-82c9-4c31-abc4-dd953a941461 does not exist. Creating ...
2022-08-08 17:32:02,419 [pool-401-thread-1] INFO  storage.RaftStorageDirectory (RaftStorageDirectoryImpl.java:tryLock(230)) - Lock on /home/runner/work/ozone/ozone/hadoop-ozone/integration-test/target/test-dir/MiniOzoneClusterImpl-f558af99-55da-4127-a18c-29a24303d895/datanode-3/data/ratis/d4b823d5-82c9-4c31-abc4-dd953a941461/in_use.lock acquired by nodename 1880@fv-az207-152
2022-08-08 17:32:02,426 [pool-401-thread-1] INFO  storage.RaftStorage (RaftStorageImpl.java:format(89)) - Storage directory /home/runner/work/ozone/ozone/hadoop-ozone/integration-test/target/test-dir/MiniOzoneClusterImpl-f558af99-55da-4127-a18c-29a24303d895/datanode-3/data/ratis/d4b823d5-82c9-4c31-abc4-dd953a941461 has been successfully formatted.
2022-08-08 17:32:02,428 [pool-401-thread-1] INFO  ratis.ContainerStateMachine (ContainerStateMachine.java:loadSnapshot(236)) - group-DD953A941461: The snapshot info is null. Setting the last applied indexto:(t:0, i:~)
2022-08-08 17:32:02,428 [EventQueue-PipelineReportForPipelineReportHandler] INFO  pipeline.PipelineManagerImpl (PipelineManagerImpl.java:openPipeline(367)) - Pipeline Pipeline[ Id: d4b823d5-82c9-4c31-abc4-dd953a941461, Nodes: 6f3b8b9d-98c0-45ee-9faa-ef87da063f94{ip: 10.1.0.4, host: fv-az207-152.1ztp0ef1jgbebjcpob1ohcpowa.jx.internal.cloudapp.net, ports: [REPLICATION=41141, RATIS=36339, RATIS_ADMIN=36339, RATIS_SERVER=36339, STANDALONE=44461], networkLocation: /default-rack, certSerialId: null, persistedOpState: IN_SERVICE, persistedOpStateExpiryEpochSec: 0}, ReplicationConfig: RATIS/ONE, State:ALLOCATED, leaderId:6f3b8b9d-98c0-45ee-9faa-ef87da063f94, CreationTimestamp2022-08-08T17:31:59.408Z[Etc/UTC]] moved to OPEN state
2022-08-08 17:32:02,429 [EventQueue-OpenPipelineForHealthyPipelineSafeModeRule] INFO  safemode.SCMSafeModeManager (HealthyPipelineSafeModeRule.java:process(137)) - SCM in safe mode. Healthy pipelines reported count is 0, required healthy pipeline reported count is 1
2022-08-08 17:32:02,431 [pool-401-thread-1] INFO  server.RaftServerConfigKeys (ConfUtils.java:logGet(46)) - raft.server.notification.no-leader.timeout = 300s (custom)
2022-08-08 17:32:02,431 [pool-401-thread-1] INFO  server.RaftServerConfigKeys (ConfUtils.java:logGet(46)) - raft.server.log.use.memory = false (default)
2022-08-08 17:32:02,431 [pool-401-thread-1] INFO  server.RaftServerConfigKeys (ConfUtils.java:logGet(46)) - raft.server.log.purge.gap = 1000000 (custom)
2022-08-08 17:32:02,431 [pool-401-thread-1] INFO  server.RaftServerConfigKeys (ConfUtils.java:logGet(46)) - raft.server.log.appender.buffer.byte-limit = 33554432 (custom)
2022-08-08 17:32:02,431 [pool-401-thread-1] INFO  server.RaftServerConfigKeys (ConfUtils.java:logGet(46)) - raft.server.log.statemachine.data.read.timeout = 1000ms (default)
2022-08-08 17:32:02,431 [pool-401-thread-1] INFO  server.RaftServerConfigKeys (ConfUtils.java:logGet(46)) - raft.server.log.segment.size.max = 1048576 (custom)
2022-08-08 17:32:02,456 [pool-401-thread-1] INFO  server.RaftServerConfigKeys (ConfUtils.java:logGet(46)) - raft.server.log.segment.cache.num.max = 2 (custom)
2022-08-08 17:32:02,456 [pool-401-thread-1] INFO  server.RaftServerConfigKeys (ConfUtils.java:logGet(46)) - raft.server.log.segment.cache.size.max = 200MB (=209715200) (default)
2022-08-08 17:32:02,456 [pool-401-thread-1] INFO  segmented.SegmentedRaftLogWorker (SegmentedRaftLogWorker.java:<init>(187)) - new 6f3b8b9d-98c0-45ee-9faa-ef87da063f94@group-DD953A941461-SegmentedRaftLogWorker for RaftStorageImpl:Storage Directory /home/runner/work/ozone/ozone/hadoop-ozone/integration-test/target/test-dir/MiniOzoneClusterImpl-f558af99-55da-4127-a18c-29a24303d895/datanode-3/data/ratis/d4b823d5-82c9-4c31-abc4-dd953a941461
2022-08-08 17:32:02,456 [pool-401-thread-1] INFO  server.RaftServerConfigKeys (ConfUtils.java:logGet(46)) - raft.server.log.queue.byte-limit = 4294967296 (custom)
2022-08-08 17:32:02,456 [pool-401-thread-1] INFO  server.RaftServerConfigKeys (ConfUtils.java:logGet(46)) - raft.server.log.queue.element-limit = 1024 (custom)
2022-08-08 17:32:02,456 [pool-401-thread-1] INFO  server.RaftServerConfigKeys (ConfUtils.java:logGet(46)) - raft.server.log.segment.size.max = 1048576 (custom)
2022-08-08 17:32:02,456 [pool-401-thread-1] INFO  server.RaftServerConfigKeys (ConfUtils.java:logGet(46)) - raft.server.log.preallocated.size = 16384 (custom)
2022-08-08 17:32:02,456 [pool-401-thread-1] INFO  server.RaftServerConfigKeys (ConfUtils.java:logGet(46)) - raft.server.log.force.sync.num = 128 (default)
2022-08-08 17:32:02,456 [pool-401-thread-1] INFO  server.RaftServerConfigKeys (ConfUtils.java:logGet(46)) - raft.server.log.statemachine.data.sync = true (default)
2022-08-08 17:32:02,456 [pool-401-thread-1] INFO  server.RaftServerConfigKeys (ConfUtils.java:logGet(46)) - raft.server.log.statemachine.data.sync.timeout = 10s (default)
2022-08-08 17:32:02,457 [pool-401-thread-1] INFO  server.RaftServerConfigKeys (ConfUtils.java:logGet(46)) - raft.server.log.statemachine.data.sync.timeout.retry = -1 (default)
2022-08-08 17:32:02,461 [pool-401-thread-1] INFO  server.RaftServerConfigKeys (ConfUtils.java:logGet(46)) - raft.server.log.write.buffer.size = 1048576 (custom)
2022-08-08 17:32:02,462 [pool-401-thread-1] INFO  server.RaftServerConfigKeys (ConfUtils.java:logGet(46)) - raft.server.log.unsafe-flush.enabled = false (default)
2022-08-08 17:32:02,465 [pool-401-thread-1] INFO  server.RaftServerConfigKeys (ConfUtils.java:logGet(46)) - raft.server.log.statemachine.data.caching.enabled = true (custom)
2022-08-08 17:32:02,466 [pool-401-thread-1] INFO  segmented.SegmentedRaftLogWorker (SegmentedRaftLogWorker.java:lambda$new$0(135)) - 6f3b8b9d-98c0-45ee-9faa-ef87da063f94@group-DD953A941461-SegmentedRaftLogWorker: flushIndex: setUnconditionally 0 -> -1
2022-08-08 17:32:02,466 [pool-401-thread-1] INFO  segmented.SegmentedRaftLogWorker (SegmentedRaftLogWorker.java:lambda$new$0(135)) - 6f3b8b9d-98c0-45ee-9faa-ef87da063f94@group-DD953A941461-SegmentedRaftLogWorker: safeCacheEvictIndex: setUnconditionally 0 -> -1
2022-08-08 17:32:02,467 [pool-401-thread-1] INFO  server.RaftServerConfigKeys (ConfUtils.java:logGet(46)) - raft.server.snapshot.auto.trigger.enabled = true (custom)
2022-08-08 17:32:02,467 [pool-401-thread-1] INFO  server.RaftServerConfigKeys (ConfUtils.java:logGet(46)) - raft.server.snapshot.auto.trigger.threshold = 10000 (custom)
2022-08-08 17:32:02,467 [pool-401-thread-1] INFO  server.RaftServerConfigKeys (ConfUtils.java:logGet(46)) - raft.server.snapshot.retention.file.num = 5 (custom)
2022-08-08 17:32:02,467 [pool-401-thread-1] INFO  server.RaftServerConfigKeys (ConfUtils.java:logGet(46)) - raft.server.log.purge.upto.snapshot.index = false (default)
2022-08-08 17:32:02,467 [pool-401-thread-1] INFO  server.RaftServerConfigKeys (ConfUtils.java:logGet(46)) - raft.server.retrycache.expirytime = 600000ms (custom)
2022-08-08 17:32:02,467 [pool-401-thread-1] INFO  server.RaftServerConfigKeys (ConfUtils.java:logGet(46)) - raft.server.retrycache.statistics.expirytime = 100μs (default)
2022-08-08 17:32:02,471 [pool-401-thread-1] INFO  server.RaftServerConfigKeys (ConfUtils.java:logGet(46)) - raft.server.log.appender.install.snapshot.enabled = false (custom)
2022-08-08 17:32:02,471 [pool-401-thread-1] INFO  server.RaftServerConfigKeys (ConfUtils.java:logGet(46)) - raft.server.threadpool.server.cached = true (default)
2022-08-08 17:32:02,471 [pool-401-thread-1] INFO  server.RaftServerConfigKeys (ConfUtils.java:logGet(46)) - raft.server.threadpool.server.size = 0 (default)
2022-08-08 17:32:02,471 [pool-401-thread-1] INFO  server.RaftServerConfigKeys (ConfUtils.java:logGet(46)) - raft.server.threadpool.client.cached = true (default)
2022-08-08 17:32:02,471 [pool-401-thread-1] INFO  server.RaftServerConfigKeys (ConfUtils.java:logGet(46)) - raft.server.threadpool.client.size = 0 (default)
2022-08-08 17:32:02,471 [pool-401-thread-1] INFO  server.RaftServer$Division (RaftServerImpl.java:start(310)) - 6f3b8b9d-98c0-45ee-9faa-ef87da063f94@group-DD953A941461: start as a follower, conf=-1: [6f3b8b9d-98c0-45ee-9faa-ef87da063f94|rpc:10.1.0.4:36339|priority:1], old=null
2022-08-08 17:32:02,471 [pool-401-thread-1] INFO  server.RaftServer$Division (RaftServerImpl.java:setRole(299)) - 6f3b8b9d-98c0-45ee-9faa-ef87da063f94@group-DD953A941461: changes role from      null to FOLLOWER at term 0 for startAsFollower
2022-08-08 17:32:02,471 [pool-401-thread-1] INFO  impl.RoleInfo (RoleInfo.java:updateAndGet(139)) - 6f3b8b9d-98c0-45ee-9faa-ef87da063f94: start 6f3b8b9d-98c0-45ee-9faa-ef87da063f94@group-DD953A941461-FollowerState
2022-08-08 17:32:02,478 [pool-401-thread-1] INFO  util.JmxRegister (JmxRegister.java:tryRegister(44)) - Successfully registered JMX Bean with object name Ratis:service=RaftServer,group=group-DD953A941461,id=6f3b8b9d-98c0-45ee-9faa-ef87da063f94
2022-08-08 17:32:02,485 [Command processor thread] INFO  ratis.XceiverServerRatis (XceiverServerRatis.java:addGroup(765)) - Created group PipelineID=d4b823d5-82c9-4c31-abc4-dd953a941461
2022-08-08 17:32:02,485 [Command processor thread] INFO  commandhandler.CreatePipelineCommandHandler (CreatePipelineCommandHandler.java:handle(113)) - Created Pipeline RATIS ONE PipelineID=d4b823d5-82c9-4c31-abc4-dd953a941461.
2022-08-08 17:32:02,542 [Listener at 127.0.0.1/44865] INFO  ozone.MiniOzoneClusterImpl (MiniOzoneClusterImpl.java:lambda$waitForClusterToBeReady$0(216)) - Nodes are ready. Got 5 of 5 DN Heartbeats.
2022-08-08 17:32:02,542 [Listener at 127.0.0.1/44865] INFO  ozone.MiniOzoneClusterImpl (MiniOzoneClusterImpl.java:lambda$waitForClusterToBeReady$0(219)) - Waiting for cluster to exit safe mode
2022-08-08 17:32:02,542 [Listener at 127.0.0.1/44865] INFO  ozone.MiniOzoneClusterImpl (MiniOzoneClusterImpl.java:lambda$waitForClusterToBeReady$0(221)) - SCM became leader
2022-08-08 17:32:03,542 [Listener at 127.0.0.1/44865] INFO  ozone.MiniOzoneClusterImpl (MiniOzoneClusterImpl.java:lambda$waitForClusterToBeReady$0(216)) - Nodes are ready. Got 5 of 5 DN Heartbeats.
2022-08-08 17:32:03,542 [Listener at 127.0.0.1/44865] INFO  ozone.MiniOzoneClusterImpl (MiniOzoneClusterImpl.java:lambda$waitForClusterToBeReady$0(219)) - Waiting for cluster to exit safe mode
2022-08-08 17:32:03,542 [Listener at 127.0.0.1/44865] INFO  ozone.MiniOzoneClusterImpl (MiniOzoneClusterImpl.java:lambda$waitForClusterToBeReady$0(221)) - SCM became leader
2022-08-08 17:32:03,625 [Command processor thread] INFO  server.RaftServer (RaftServerProxy.java:addNew(96)) - db1702a3-da9c-40bc-8787-7ef8b4501257: addNew group-4A94424E77BC:[db1702a3-da9c-40bc-8787-7ef8b4501257|rpc:10.1.0.4:46881|priority:1] returns group-4A94424E77BC:java.util.concurrent.CompletableFuture@54794cff[Not completed]
2022-08-08 17:32:03,641 [pool-429-thread-1] INFO  server.RaftServer$Division (RaftServerImpl.java:<init>(190)) - db1702a3-da9c-40bc-8787-7ef8b4501257: new RaftServerImpl for group-4A94424E77BC:[db1702a3-da9c-40bc-8787-7ef8b4501257|rpc:10.1.0.4:46881|priority:1] with ContainerStateMachine:uninitialized
2022-08-08 17:32:03,641 [pool-429-thread-1] INFO  server.RaftServerConfigKeys (ConfUtils.java:logGet(46)) - raft.server.rpc.timeout.min = 5s (custom)
2022-08-08 17:32:03,641 [pool-429-thread-1] INFO  server.RaftServerConfigKeys (ConfUtils.java:logGet(46)) - raft.server.rpc.timeout.max = 5200ms (custom)
2022-08-08 17:32:03,641 [pool-429-thread-1] INFO  server.RaftServerConfigKeys (ConfUtils.java:logGet(46)) - raft.server.rpc.sleep.time = 25ms (default)
2022-08-08 17:32:03,641 [pool-429-thread-1] INFO  server.RaftServerConfigKeys (ConfUtils.java:logGet(46)) - raft.server.rpc.slowness.timeout = 300s (custom)
2022-08-08 17:32:03,641 [pool-429-thread-1] INFO  server.RaftServerConfigKeys (ConfUtils.java:logGet(46)) - raft.server.leaderelection.leader.step-down.wait-time = 10s (default)
2022-08-08 17:32:03,641 [pool-429-thread-1] INFO  server.RaftServerConfigKeys (ConfUtils.java:logGet(46)) - raft.server.sleep.deviation.threshold = 300ms (default)
2022-08-08 17:32:03,641 [pool-429-thread-1] INFO  server.RaftServer$Division (ServerState.java:<init>(107)) - db1702a3-da9c-40bc-8787-7ef8b4501257@group-4A94424E77BC: ConfigurationManager, init=-1: [db1702a3-da9c-40bc-8787-7ef8b4501257|rpc:10.1.0.4:46881|priority:1], old=null, confs=<EMPTY_MAP>
2022-08-08 17:32:03,641 [pool-429-thread-1] INFO  server.RaftServerConfigKeys (ConfUtils.java:logGet(46)) - raft.server.storage.dir = [/home/runner/work/ozone/ozone/hadoop-ozone/integration-test/target/test-dir/MiniOzoneClusterImpl-f558af99-55da-4127-a18c-29a24303d895/datanode-4/data/ratis] (custom)
2022-08-08 17:32:03,641 [pool-429-thread-1] INFO  server.RaftServerConfigKeys (ConfUtils.java:logGet(46)) - raft.server.log.corruption.policy = EXCEPTION (default)
2022-08-08 17:32:03,641 [pool-429-thread-1] INFO  server.RaftServerConfigKeys (ConfUtils.java:logGet(46)) - raft.server.storage.free-space.min = 0MB (=0) (default)
2022-08-08 17:32:03,641 [pool-429-thread-1] INFO  storage.RaftStorageDirectory (RaftStorageDirectoryImpl.java:analyzeStorage(135)) - The storage directory /home/runner/work/ozone/ozone/hadoop-ozone/integration-test/target/test-dir/MiniOzoneClusterImpl-f558af99-55da-4127-a18c-29a24303d895/datanode-4/data/ratis/1b0fa587-4215-406f-9a03-4a94424e77bc does not exist. Creating ...
2022-08-08 17:32:03,646 [pool-429-thread-1] INFO  storage.RaftStorageDirectory (RaftStorageDirectoryImpl.java:tryLock(230)) - Lock on /home/runner/work/ozone/ozone/hadoop-ozone/integration-test/target/test-dir/MiniOzoneClusterImpl-f558af99-55da-4127-a18c-29a24303d895/datanode-4/data/ratis/1b0fa587-4215-406f-9a03-4a94424e77bc/in_use.lock acquired by nodename 1880@fv-az207-152
2022-08-08 17:32:03,648 [pool-429-thread-1] INFO  storage.RaftStorage (RaftStorageImpl.java:format(89)) - Storage directory /home/runner/work/ozone/ozone/hadoop-ozone/integration-test/target/test-dir/MiniOzoneClusterImpl-f558af99-55da-4127-a18c-29a24303d895/datanode-4/data/ratis/1b0fa587-4215-406f-9a03-4a94424e77bc has been successfully formatted.
2022-08-08 17:32:03,658 [pool-429-thread-1] INFO  ratis.ContainerStateMachine (ContainerStateMachine.java:loadSnapshot(236)) - group-4A94424E77BC: The snapshot info is null. Setting the last applied indexto:(t:0, i:~)
2022-08-08 17:32:03,659 [EventQueue-PipelineReportForPipelineReportHandler] INFO  pipeline.PipelineManagerImpl (PipelineManagerImpl.java:openPipeline(367)) - Pipeline Pipeline[ Id: 1b0fa587-4215-406f-9a03-4a94424e77bc, Nodes: db1702a3-da9c-40bc-8787-7ef8b4501257{ip: 10.1.0.4, host: fv-az207-152.1ztp0ef1jgbebjcpob1ohcpowa.jx.internal.cloudapp.net, ports: [REPLICATION=41405, RATIS=46881, RATIS_ADMIN=46881, RATIS_SERVER=46881, STANDALONE=34627], networkLocation: /default-rack, certSerialId: null, persistedOpState: IN_SERVICE, persistedOpStateExpiryEpochSec: 0}, ReplicationConfig: RATIS/ONE, State:ALLOCATED, leaderId:db1702a3-da9c-40bc-8787-7ef8b4501257, CreationTimestamp2022-08-08T17:32:00.632Z[Etc/UTC]] moved to OPEN state
2022-08-08 17:32:03,660 [EventQueue-OpenPipelineForHealthyPipelineSafeModeRule] INFO  safemode.SCMSafeModeManager (HealthyPipelineSafeModeRule.java:process(137)) - SCM in safe mode. Healthy pipelines reported count is 0, required healthy pipeline reported count is 1
2022-08-08 17:32:03,660 [pool-429-thread-1] INFO  server.RaftServerConfigKeys (ConfUtils.java:logGet(46)) - raft.server.notification.no-leader.timeout = 300s (custom)
2022-08-08 17:32:03,660 [pool-429-thread-1] INFO  server.RaftServerConfigKeys (ConfUtils.java:logGet(46)) - raft.server.log.use.memory = false (default)
2022-08-08 17:32:03,660 [pool-429-thread-1] INFO  server.RaftServerConfigKeys (ConfUtils.java:logGet(46)) - raft.server.log.purge.gap = 1000000 (custom)
2022-08-08 17:32:03,660 [pool-429-thread-1] INFO  server.RaftServerConfigKeys (ConfUtils.java:logGet(46)) - raft.server.log.appender.buffer.byte-limit = 33554432 (custom)
2022-08-08 17:32:03,660 [pool-429-thread-1] INFO  server.RaftServerConfigKeys (ConfUtils.java:logGet(46)) - raft.server.log.statemachine.data.read.timeout = 1000ms (default)
2022-08-08 17:32:03,660 [pool-429-thread-1] INFO  server.RaftServerConfigKeys (ConfUtils.java:logGet(46)) - raft.server.log.segment.size.max = 1048576 (custom)
2022-08-08 17:32:03,661 [pool-429-thread-1] INFO  server.RaftServerConfigKeys (ConfUtils.java:logGet(46)) - raft.server.log.segment.cache.num.max = 2 (custom)
2022-08-08 17:32:03,661 [pool-429-thread-1] INFO  server.RaftServerConfigKeys (ConfUtils.java:logGet(46)) - raft.server.log.segment.cache.size.max = 200MB (=209715200) (default)
2022-08-08 17:32:03,661 [pool-429-thread-1] INFO  segmented.SegmentedRaftLogWorker (SegmentedRaftLogWorker.java:<init>(187)) - new db1702a3-da9c-40bc-8787-7ef8b4501257@group-4A94424E77BC-SegmentedRaftLogWorker for RaftStorageImpl:Storage Directory /home/runner/work/ozone/ozone/hadoop-ozone/integration-test/target/test-dir/MiniOzoneClusterImpl-f558af99-55da-4127-a18c-29a24303d895/datanode-4/data/ratis/1b0fa587-4215-406f-9a03-4a94424e77bc
2022-08-08 17:32:03,661 [pool-429-thread-1] INFO  server.RaftServerConfigKeys (ConfUtils.java:logGet(46)) - raft.server.log.queue.byte-limit = 4294967296 (custom)
2022-08-08 17:32:03,661 [pool-429-thread-1] INFO  server.RaftServerConfigKeys (ConfUtils.java:logGet(46)) - raft.server.log.queue.element-limit = 1024 (custom)
2022-08-08 17:32:03,661 [pool-429-thread-1] INFO  server.RaftServerConfigKeys (ConfUtils.java:logGet(46)) - raft.server.log.segment.size.max = 1048576 (custom)
2022-08-08 17:32:03,661 [pool-429-thread-1] INFO  server.RaftServerConfigKeys (ConfUtils.java:logGet(46)) - raft.server.log.preallocated.size = 16384 (custom)
2022-08-08 17:32:03,661 [pool-429-thread-1] INFO  server.RaftServerConfigKeys (ConfUtils.java:logGet(46)) - raft.server.log.force.sync.num = 128 (default)
2022-08-08 17:32:03,661 [pool-429-thread-1] INFO  server.RaftServerConfigKeys (ConfUtils.java:logGet(46)) - raft.server.log.statemachine.data.sync = true (default)
2022-08-08 17:32:03,661 [pool-429-thread-1] INFO  server.RaftServerConfigKeys (ConfUtils.java:logGet(46)) - raft.server.log.statemachine.data.sync.timeout = 10s (default)
2022-08-08 17:32:03,661 [pool-429-thread-1] INFO  server.RaftServerConfigKeys (ConfUtils.java:logGet(46)) - raft.server.log.statemachine.data.sync.timeout.retry = -1 (default)
2022-08-08 17:32:03,666 [pool-429-thread-1] INFO  server.RaftServerConfigKeys (ConfUtils.java:logGet(46)) - raft.server.log.write.buffer.size = 1048576 (custom)
2022-08-08 17:32:03,667 [pool-429-thread-1] INFO  server.RaftServerConfigKeys (ConfUtils.java:logGet(46)) - raft.server.log.unsafe-flush.enabled = false (default)
2022-08-08 17:32:03,667 [pool-429-thread-1] INFO  server.RaftServerConfigKeys (ConfUtils.java:logGet(46)) - raft.server.log.statemachine.data.caching.enabled = true (custom)
2022-08-08 17:32:03,667 [pool-429-thread-1] INFO  segmented.SegmentedRaftLogWorker (SegmentedRaftLogWorker.java:lambda$new$0(135)) - db1702a3-da9c-40bc-8787-7ef8b4501257@group-4A94424E77BC-SegmentedRaftLogWorker: flushIndex: setUnconditionally 0 -> -1
2022-08-08 17:32:03,668 [pool-429-thread-1] INFO  segmented.SegmentedRaftLogWorker (SegmentedRaftLogWorker.java:lambda$new$0(135)) - db1702a3-da9c-40bc-8787-7ef8b4501257@group-4A94424E77BC-SegmentedRaftLogWorker: safeCacheEvictIndex: setUnconditionally 0 -> -1
2022-08-08 17:32:03,669 [pool-429-thread-1] INFO  server.RaftServerConfigKeys (ConfUtils.java:logGet(46)) - raft.server.snapshot.auto.trigger.enabled = true (custom)
2022-08-08 17:32:03,669 [pool-429-thread-1] INFO  server.RaftServerConfigKeys (ConfUtils.java:logGet(46)) - raft.server.snapshot.auto.trigger.threshold = 10000 (custom)
2022-08-08 17:32:03,669 [pool-429-thread-1] INFO  server.RaftServerConfigKeys (ConfUtils.java:logGet(46)) - raft.server.snapshot.retention.file.num = 5 (custom)
2022-08-08 17:32:03,669 [pool-429-thread-1] INFO  server.RaftServerConfigKeys (ConfUtils.java:logGet(46)) - raft.server.log.purge.upto.snapshot.index = false (default)
2022-08-08 17:32:03,669 [pool-429-thread-1] INFO  server.RaftServerConfigKeys (ConfUtils.java:logGet(46)) - raft.server.retrycache.expirytime = 600000ms (custom)
2022-08-08 17:32:03,669 [pool-429-thread-1] INFO  server.RaftServerConfigKeys (ConfUtils.java:logGet(46)) - raft.server.retrycache.statistics.expirytime = 100μs (default)
2022-08-08 17:32:03,670 [pool-429-thread-1] INFO  server.RaftServerConfigKeys (ConfUtils.java:logGet(46)) - raft.server.log.appender.install.snapshot.enabled = false (custom)
2022-08-08 17:32:03,670 [pool-429-thread-1] INFO  server.RaftServerConfigKeys (ConfUtils.java:logGet(46)) - raft.server.threadpool.server.cached = true (default)
2022-08-08 17:32:03,670 [pool-429-thread-1] INFO  server.RaftServerConfigKeys (ConfUtils.java:logGet(46)) - raft.server.threadpool.server.size = 0 (default)
2022-08-08 17:32:03,670 [pool-429-thread-1] INFO  server.RaftServerConfigKeys (ConfUtils.java:logGet(46)) - raft.server.threadpool.client.cached = true (default)
2022-08-08 17:32:03,670 [pool-429-thread-1] INFO  server.RaftServerConfigKeys (ConfUtils.java:logGet(46)) - raft.server.threadpool.client.size = 0 (default)
2022-08-08 17:32:03,671 [pool-429-thread-1] INFO  server.RaftServer$Division (RaftServerImpl.java:start(310)) - db1702a3-da9c-40bc-8787-7ef8b4501257@group-4A94424E77BC: start as a follower, conf=-1: [db1702a3-da9c-40bc-8787-7ef8b4501257|rpc:10.1.0.4:46881|priority:1], old=null
2022-08-08 17:32:03,671 [pool-429-thread-1] INFO  server.RaftServer$Division (RaftServerImpl.java:setRole(299)) - db1702a3-da9c-40bc-8787-7ef8b4501257@group-4A94424E77BC: changes role from      null to FOLLOWER at term 0 for startAsFollower
2022-08-08 17:32:03,671 [pool-429-thread-1] INFO  impl.RoleInfo (RoleInfo.java:updateAndGet(139)) - db1702a3-da9c-40bc-8787-7ef8b4501257: start db1702a3-da9c-40bc-8787-7ef8b4501257@group-4A94424E77BC-FollowerState
2022-08-08 17:32:03,671 [pool-429-thread-1] INFO  util.JmxRegister (JmxRegister.java:tryRegister(44)) - Successfully registered JMX Bean with object name Ratis:service=RaftServer,group=group-4A94424E77BC,id=db1702a3-da9c-40bc-8787-7ef8b4501257
2022-08-08 17:32:03,672 [Command processor thread] INFO  ratis.XceiverServerRatis (XceiverServerRatis.java:addGroup(765)) - Created group PipelineID=1b0fa587-4215-406f-9a03-4a94424e77bc
2022-08-08 17:32:03,672 [Command processor thread] INFO  commandhandler.CreatePipelineCommandHandler (CreatePipelineCommandHandler.java:handle(113)) - Created Pipeline RATIS ONE PipelineID=1b0fa587-4215-406f-9a03-4a94424e77bc.
2022-08-08 17:32:04,543 [Listener at 127.0.0.1/44865] INFO  ozone.MiniOzoneClusterImpl (MiniOzoneClusterImpl.java:lambda$waitForClusterToBeReady$0(216)) - Nodes are ready. Got 5 of 5 DN Heartbeats.
2022-08-08 17:32:04,543 [Listener at 127.0.0.1/44865] INFO  ozone.MiniOzoneClusterImpl (MiniOzoneClusterImpl.java:lambda$waitForClusterToBeReady$0(219)) - Waiting for cluster to exit safe mode
2022-08-08 17:32:04,543 [Listener at 127.0.0.1/44865] INFO  ozone.MiniOzoneClusterImpl (MiniOzoneClusterImpl.java:lambda$waitForClusterToBeReady$0(221)) - SCM became leader
2022-08-08 17:32:05,217 [53355090-c5c3-46c8-9fb6-985b331fedcd@group-575CB7BF0479-FollowerState] INFO  impl.FollowerState (FollowerState.java:run(143)) - 53355090-c5c3-46c8-9fb6-985b331fedcd@group-575CB7BF0479-FollowerState: change to CANDIDATE, lastRpcElapsedTime:5020400454ns, electionTimeout:5005ms
2022-08-08 17:32:05,217 [53355090-c5c3-46c8-9fb6-985b331fedcd@group-575CB7BF0479-FollowerState] INFO  impl.RoleInfo (RoleInfo.java:shutdownFollowerState(110)) - 53355090-c5c3-46c8-9fb6-985b331fedcd: shutdown 53355090-c5c3-46c8-9fb6-985b331fedcd@group-575CB7BF0479-FollowerState
2022-08-08 17:32:05,217 [53355090-c5c3-46c8-9fb6-985b331fedcd@group-575CB7BF0479-FollowerState] INFO  server.RaftServer$Division (RaftServerImpl.java:setRole(299)) - 53355090-c5c3-46c8-9fb6-985b331fedcd@group-575CB7BF0479: changes role from  FOLLOWER to CANDIDATE at term 0 for changeToCandidate
2022-08-08 17:32:05,217 [53355090-c5c3-46c8-9fb6-985b331fedcd@group-575CB7BF0479-FollowerState] INFO  server.RaftServerConfigKeys (ConfUtils.java:logGet(46)) - raft.server.leaderelection.pre-vote = false (custom)
2022-08-08 17:32:05,217 [53355090-c5c3-46c8-9fb6-985b331fedcd@group-575CB7BF0479-FollowerState] INFO  impl.RoleInfo (RoleInfo.java:updateAndGet(139)) - 53355090-c5c3-46c8-9fb6-985b331fedcd: start 53355090-c5c3-46c8-9fb6-985b331fedcd@group-575CB7BF0479-LeaderElection19
2022-08-08 17:32:05,235 [53355090-c5c3-46c8-9fb6-985b331fedcd@group-575CB7BF0479-LeaderElection19] INFO  impl.LeaderElection (LeaderElection.java:askForVotes(310)) - 53355090-c5c3-46c8-9fb6-985b331fedcd@group-575CB7BF0479-LeaderElection19 ELECTION round 0: submit vote requests at term 1 for -1: [53355090-c5c3-46c8-9fb6-985b331fedcd|rpc:10.1.0.4:44583|dataStream:|priority:1, cf00da59-0cdc-47d7-956f-cb1d63eabba8|rpc:10.1.0.4:38075|dataStream:|priority:0, e097b380-c3a4-416d-961b-62d57346101a|rpc:10.1.0.4:33879|dataStream:|priority:0], old=null
2022-08-08 17:32:05,236 [cf00da59-0cdc-47d7-956f-cb1d63eabba8@group-575CB7BF0479-FollowerState] INFO  impl.FollowerState (FollowerState.java:run(143)) - cf00da59-0cdc-47d7-956f-cb1d63eabba8@group-575CB7BF0479-FollowerState: change to CANDIDATE, lastRpcElapsedTime:5103916364ns, electionTimeout:5103ms
2022-08-08 17:32:05,236 [cf00da59-0cdc-47d7-956f-cb1d63eabba8@group-575CB7BF0479-FollowerState] INFO  impl.RoleInfo (RoleInfo.java:shutdownFollowerState(110)) - cf00da59-0cdc-47d7-956f-cb1d63eabba8: shutdown cf00da59-0cdc-47d7-956f-cb1d63eabba8@group-575CB7BF0479-FollowerState
2022-08-08 17:32:05,236 [cf00da59-0cdc-47d7-956f-cb1d63eabba8@group-575CB7BF0479-FollowerState] INFO  server.RaftServer$Division (RaftServerImpl.java:setRole(299)) - cf00da59-0cdc-47d7-956f-cb1d63eabba8@group-575CB7BF0479: changes role from  FOLLOWER to CANDIDATE at term 0 for changeToCandidate
2022-08-08 17:32:05,246 [cf00da59-0cdc-47d7-956f-cb1d63eabba8@group-575CB7BF0479-FollowerState] INFO  server.RaftServerConfigKeys (ConfUtils.java:logGet(46)) - raft.server.leaderelection.pre-vote = false (custom)
2022-08-08 17:32:05,246 [cf00da59-0cdc-47d7-956f-cb1d63eabba8@group-575CB7BF0479-FollowerState] INFO  impl.RoleInfo (RoleInfo.java:updateAndGet(139)) - cf00da59-0cdc-47d7-956f-cb1d63eabba8: start cf00da59-0cdc-47d7-956f-cb1d63eabba8@group-575CB7BF0479-LeaderElection20
2022-08-08 17:32:05,270 [cf00da59-0cdc-47d7-956f-cb1d63eabba8@group-C7470AD1F1DC-FollowerState] INFO  impl.FollowerState (FollowerState.java:run(143)) - cf00da59-0cdc-47d7-956f-cb1d63eabba8@group-C7470AD1F1DC-FollowerState: change to CANDIDATE, lastRpcElapsedTime:5176007466ns, electionTimeout:5175ms
2022-08-08 17:32:05,270 [cf00da59-0cdc-47d7-956f-cb1d63eabba8@group-C7470AD1F1DC-FollowerState] INFO  impl.RoleInfo (RoleInfo.java:shutdownFollowerState(110)) - cf00da59-0cdc-47d7-956f-cb1d63eabba8: shutdown cf00da59-0cdc-47d7-956f-cb1d63eabba8@group-C7470AD1F1DC-FollowerState
2022-08-08 17:32:05,270 [cf00da59-0cdc-47d7-956f-cb1d63eabba8@group-C7470AD1F1DC-FollowerState] INFO  server.RaftServer$Division (RaftServerImpl.java:setRole(299)) - cf00da59-0cdc-47d7-956f-cb1d63eabba8@group-C7470AD1F1DC: changes role from  FOLLOWER to CANDIDATE at term 0 for changeToCandidate
2022-08-08 17:32:05,270 [cf00da59-0cdc-47d7-956f-cb1d63eabba8@group-C7470AD1F1DC-FollowerState] INFO  server.RaftServerConfigKeys (ConfUtils.java:logGet(46)) - raft.server.leaderelection.pre-vote = false (custom)
2022-08-08 17:32:05,270 [cf00da59-0cdc-47d7-956f-cb1d63eabba8@group-C7470AD1F1DC-FollowerState] INFO  impl.RoleInfo (RoleInfo.java:updateAndGet(139)) - cf00da59-0cdc-47d7-956f-cb1d63eabba8: start cf00da59-0cdc-47d7-956f-cb1d63eabba8@group-C7470AD1F1DC-LeaderElection21
2022-08-08 17:32:05,289 [grpc-default-executor-0] INFO  server.RaftServer$Division (RaftServerImpl.java:requestVote(1152)) - cf00da59-0cdc-47d7-956f-cb1d63eabba8@group-575CB7BF0479: receive requestVote(ELECTION, 53355090-c5c3-46c8-9fb6-985b331fedcd, group-575CB7BF0479, 1, (t:0, i:0))
2022-08-08 17:32:05,295 [grpc-default-executor-0] INFO  impl.VoteContext (VoteContext.java:log(48)) - cf00da59-0cdc-47d7-956f-cb1d63eabba8@group-575CB7BF0479-CANDIDATE: accept ELECTION from 53355090-c5c3-46c8-9fb6-985b331fedcd: our priority 0 <= candidate's priority 1
2022-08-08 17:32:05,295 [grpc-default-executor-0] INFO  server.RaftServer$Division (RaftServerImpl.java:setRole(299)) - cf00da59-0cdc-47d7-956f-cb1d63eabba8@group-575CB7BF0479: changes role from CANDIDATE to FOLLOWER at term 1 for candidate:53355090-c5c3-46c8-9fb6-985b331fedcd
2022-08-08 17:32:05,295 [grpc-default-executor-0] INFO  impl.RoleInfo (RoleInfo.java:shutdownLeaderElection(130)) - cf00da59-0cdc-47d7-956f-cb1d63eabba8: shutdown cf00da59-0cdc-47d7-956f-cb1d63eabba8@group-575CB7BF0479-LeaderElection20
2022-08-08 17:32:05,295 [grpc-default-executor-0] INFO  impl.RoleInfo (RoleInfo.java:updateAndGet(139)) - cf00da59-0cdc-47d7-956f-cb1d63eabba8: start cf00da59-0cdc-47d7-956f-cb1d63eabba8@group-575CB7BF0479-FollowerState
2022-08-08 17:32:05,296 [grpc-default-executor-1] INFO  server.RaftServer$Division (RaftServerImpl.java:requestVote(1152)) - e097b380-c3a4-416d-961b-62d57346101a@group-575CB7BF0479: receive requestVote(ELECTION, 53355090-c5c3-46c8-9fb6-985b331fedcd, group-575CB7BF0479, 1, (t:0, i:0))
2022-08-08 17:32:05,296 [grpc-default-executor-1] INFO  impl.VoteContext (VoteContext.java:log(48)) - e097b380-c3a4-416d-961b-62d57346101a@group-575CB7BF0479-FOLLOWER: accept ELECTION from 53355090-c5c3-46c8-9fb6-985b331fedcd: our priority 0 <= candidate's priority 1
2022-08-08 17:32:05,296 [grpc-default-executor-1] INFO  server.RaftServer$Division (RaftServerImpl.java:setRole(299)) - e097b380-c3a4-416d-961b-62d57346101a@group-575CB7BF0479: changes role from  FOLLOWER to FOLLOWER at term 1 for candidate:53355090-c5c3-46c8-9fb6-985b331fedcd
2022-08-08 17:32:05,296 [grpc-default-executor-1] INFO  impl.RoleInfo (RoleInfo.java:shutdownFollowerState(110)) - e097b380-c3a4-416d-961b-62d57346101a: shutdown e097b380-c3a4-416d-961b-62d57346101a@group-575CB7BF0479-FollowerState
2022-08-08 17:32:05,297 [cf00da59-0cdc-47d7-956f-cb1d63eabba8@group-C7470AD1F1DC-LeaderElection21] INFO  impl.LeaderElection (LeaderElection.java:askForVotes(310)) - cf00da59-0cdc-47d7-956f-cb1d63eabba8@group-C7470AD1F1DC-LeaderElection21 ELECTION round 0: submit vote requests at term 1 for -1: [cf00da59-0cdc-47d7-956f-cb1d63eabba8|rpc:10.1.0.4:38075|priority:1], old=null
2022-08-08 17:32:05,297 [cf00da59-0cdc-47d7-956f-cb1d63eabba8@group-C7470AD1F1DC-LeaderElection21] INFO  impl.LeaderElection (LeaderElection.java:askForVotes(312)) - cf00da59-0cdc-47d7-956f-cb1d63eabba8@group-C7470AD1F1DC-LeaderElection21 ELECTION round 0: result PASSED (term=1)
2022-08-08 17:32:05,297 [cf00da59-0cdc-47d7-956f-cb1d63eabba8@group-C7470AD1F1DC-LeaderElection21] INFO  impl.RoleInfo (RoleInfo.java:shutdownLeaderElection(130)) - cf00da59-0cdc-47d7-956f-cb1d63eabba8: shutdown cf00da59-0cdc-47d7-956f-cb1d63eabba8@group-C7470AD1F1DC-LeaderElection21
2022-08-08 17:32:05,297 [cf00da59-0cdc-47d7-956f-cb1d63eabba8@group-C7470AD1F1DC-LeaderElection21] INFO  server.RaftServer$Division (RaftServerImpl.java:setRole(299)) - cf00da59-0cdc-47d7-956f-cb1d63eabba8@group-C7470AD1F1DC: changes role from CANDIDATE to LEADER at term 1 for changeToLeader
2022-08-08 17:32:05,297 [cf00da59-0cdc-47d7-956f-cb1d63eabba8@group-C7470AD1F1DC-LeaderElection21] INFO  ratis.XceiverServerRatis (XceiverServerRatis.java:handleLeaderChangedNotification(863)) - Leader change notification received for group: group-C7470AD1F1DC with new leaderId: cf00da59-0cdc-47d7-956f-cb1d63eabba8
2022-08-08 17:32:05,297 [cf00da59-0cdc-47d7-956f-cb1d63eabba8@group-C7470AD1F1DC-LeaderElection21] INFO  server.RaftServer$Division (ServerState.java:setLeader(287)) - cf00da59-0cdc-47d7-956f-cb1d63eabba8@group-C7470AD1F1DC: change Leader from null to cf00da59-0cdc-47d7-956f-cb1d63eabba8 at term 1 for becomeLeader, leader elected after 5217ms
2022-08-08 17:32:05,297 [cf00da59-0cdc-47d7-956f-cb1d63eabba8@group-C7470AD1F1DC-LeaderElection21] INFO  server.RaftServerConfigKeys (ConfUtils.java:logGet(46)) - raft.server.staging.catchup.gap = 1000 (default)
2022-08-08 17:32:05,297 [cf00da59-0cdc-47d7-956f-cb1d63eabba8@group-C7470AD1F1DC-LeaderElection21] INFO  server.RaftServerConfigKeys (ConfUtils.java:logGet(46)) - raft.server.write.element-limit = 1024 (custom)
2022-08-08 17:32:05,298 [cf00da59-0cdc-47d7-956f-cb1d63eabba8@group-C7470AD1F1DC-LeaderElection21] INFO  server.RaftServerConfigKeys (ConfUtils.java:logGet(46)) - raft.server.write.byte-limit = 1024 M (=1073741824) (custom)
2022-08-08 17:32:05,298 [cf00da59-0cdc-47d7-956f-cb1d63eabba8@group-C7470AD1F1DC-LeaderElection21] INFO  server.RaftServerConfigKeys (ConfUtils.java:logGet(46)) - raft.server.watch.timeout = 180s (custom)
2022-08-08 17:32:05,298 [cf00da59-0cdc-47d7-956f-cb1d63eabba8@group-C7470AD1F1DC-LeaderElection21] INFO  server.RaftServerConfigKeys (ConfUtils.java:logGet(46)) - raft.server.watch.timeout.denomination = 1s (default)
2022-08-08 17:32:05,298 [cf00da59-0cdc-47d7-956f-cb1d63eabba8@group-C7470AD1F1DC-LeaderElection21] INFO  server.RaftServerConfigKeys (ConfUtils.java:logGet(46)) - raft.server.watch.element-limit = 65536 (default)
2022-08-08 17:32:05,298 [cf00da59-0cdc-47d7-956f-cb1d63eabba8@group-C7470AD1F1DC-LeaderElection21] INFO  server.RaftServerConfigKeys (ConfUtils.java:logGet(46)) - raft.server.write.element-limit = 1024 (custom)
2022-08-08 17:32:05,298 [cf00da59-0cdc-47d7-956f-cb1d63eabba8@group-C7470AD1F1DC-LeaderElection21] INFO  server.RaftServerConfigKeys (ConfUtils.java:logGet(46)) - raft.server.write.follower.gap.ratio.max = -1.0 (default)
2022-08-08 17:32:05,298 [cf00da59-0cdc-47d7-956f-cb1d63eabba8@group-C7470AD1F1DC-LeaderElection21] INFO  impl.RoleInfo (RoleInfo.java:updateAndGet(139)) - cf00da59-0cdc-47d7-956f-cb1d63eabba8: start cf00da59-0cdc-47d7-956f-cb1d63eabba8@group-C7470AD1F1DC-LeaderStateImpl
2022-08-08 17:32:05,300 [EventQueue-OpenPipelineForHealthyPipelineSafeModeRule] INFO  safemode.SCMSafeModeManager (HealthyPipelineSafeModeRule.java:process(137)) - SCM in safe mode. Healthy pipelines reported count is 0, required healthy pipeline reported count is 1
2022-08-08 17:32:05,300 [grpc-default-executor-0] INFO  server.RaftServer$Division (RaftServerImpl.java:requestVote(1184)) - cf00da59-0cdc-47d7-956f-cb1d63eabba8@group-575CB7BF0479 replies to ELECTION vote request: 53355090-c5c3-46c8-9fb6-985b331fedcd<-cf00da59-0cdc-47d7-956f-cb1d63eabba8#0:OK-t1. Peer's state: cf00da59-0cdc-47d7-956f-cb1d63eabba8@group-575CB7BF0479:t1, leader=null, voted=53355090-c5c3-46c8-9fb6-985b331fedcd, raftlog=cf00da59-0cdc-47d7-956f-cb1d63eabba8@group-575CB7BF0479-SegmentedRaftLog:OPENED:c-1, conf=-1: [53355090-c5c3-46c8-9fb6-985b331fedcd|rpc:10.1.0.4:44583|priority:1, cf00da59-0cdc-47d7-956f-cb1d63eabba8|rpc:10.1.0.4:38075|priority:0, e097b380-c3a4-416d-961b-62d57346101a|rpc:10.1.0.4:33879|priority:0], old=null
2022-08-08 17:32:05,304 [cf00da59-0cdc-47d7-956f-cb1d63eabba8@group-C7470AD1F1DC-LeaderElection21] INFO  segmented.SegmentedRaftLogWorker (SegmentedRaftLogWorker.java:startLogSegment(425)) - cf00da59-0cdc-47d7-956f-cb1d63eabba8@group-C7470AD1F1DC-SegmentedRaftLogWorker: Starting segment from index:0
2022-08-08 17:32:05,305 [53355090-c5c3-46c8-9fb6-985b331fedcd@group-575CB7BF0479-LeaderElection19] INFO  impl.LeaderElection (LeaderElection.java:logAndReturn(90)) - 53355090-c5c3-46c8-9fb6-985b331fedcd@group-575CB7BF0479-LeaderElection19: ELECTION PASSED received 1 response(s) and 0 exception(s):
2022-08-08 17:32:05,305 [53355090-c5c3-46c8-9fb6-985b331fedcd@group-575CB7BF0479-LeaderElection19] INFO  impl.LeaderElection (LeaderElection.java:logAndReturn(94)) -   Response 0: 53355090-c5c3-46c8-9fb6-985b331fedcd<-cf00da59-0cdc-47d7-956f-cb1d63eabba8#0:OK-t1
2022-08-08 17:32:05,305 [53355090-c5c3-46c8-9fb6-985b331fedcd@group-575CB7BF0479-LeaderElection19] INFO  impl.LeaderElection (LeaderElection.java:askForVotes(312)) - 53355090-c5c3-46c8-9fb6-985b331fedcd@group-575CB7BF0479-LeaderElection19 ELECTION round 0: result PASSED
2022-08-08 17:32:05,305 [53355090-c5c3-46c8-9fb6-985b331fedcd@group-575CB7BF0479-LeaderElection19] INFO  impl.RoleInfo (RoleInfo.java:shutdownLeaderElection(130)) - 53355090-c5c3-46c8-9fb6-985b331fedcd: shutdown 53355090-c5c3-46c8-9fb6-985b331fedcd@group-575CB7BF0479-LeaderElection19
2022-08-08 17:32:05,305 [53355090-c5c3-46c8-9fb6-985b331fedcd@group-575CB7BF0479-LeaderElection19] INFO  server.RaftServer$Division (RaftServerImpl.java:setRole(299)) - 53355090-c5c3-46c8-9fb6-985b331fedcd@group-575CB7BF0479: changes role from CANDIDATE to LEADER at term 1 for changeToLeader
2022-08-08 17:32:05,305 [53355090-c5c3-46c8-9fb6-985b331fedcd@group-575CB7BF0479-LeaderElection19] INFO  ratis.XceiverServerRatis (XceiverServerRatis.java:handleLeaderChangedNotification(863)) - Leader change notification received for group: group-575CB7BF0479 with new leaderId: 53355090-c5c3-46c8-9fb6-985b331fedcd
2022-08-08 17:32:05,305 [53355090-c5c3-46c8-9fb6-985b331fedcd@group-575CB7BF0479-LeaderElection19] INFO  server.RaftServer$Division (ServerState.java:setLeader(287)) - 53355090-c5c3-46c8-9fb6-985b331fedcd@group-575CB7BF0479: change Leader from null to 53355090-c5c3-46c8-9fb6-985b331fedcd at term 1 for becomeLeader, leader elected after 5119ms
2022-08-08 17:32:05,306 [53355090-c5c3-46c8-9fb6-985b331fedcd@group-575CB7BF0479-LeaderElection19] INFO  server.RaftServerConfigKeys (ConfUtils.java:logGet(46)) - raft.server.staging.catchup.gap = 1000 (default)
2022-08-08 17:32:05,306 [53355090-c5c3-46c8-9fb6-985b331fedcd@group-575CB7BF0479-LeaderElection19] INFO  server.RaftServerConfigKeys (ConfUtils.java:logGet(46)) - raft.server.write.element-limit = 1024 (custom)
2022-08-08 17:32:05,306 [53355090-c5c3-46c8-9fb6-985b331fedcd@group-575CB7BF0479-LeaderElection19] INFO  server.RaftServerConfigKeys (ConfUtils.java:logGet(46)) - raft.server.write.byte-limit = 1024 M (=1073741824) (custom)
2022-08-08 17:32:05,306 [53355090-c5c3-46c8-9fb6-985b331fedcd@group-575CB7BF0479-LeaderElection19] INFO  server.RaftServerConfigKeys (ConfUtils.java:logGet(46)) - raft.server.watch.timeout = 180s (custom)
2022-08-08 17:32:05,306 [53355090-c5c3-46c8-9fb6-985b331fedcd@group-575CB7BF0479-LeaderElection19] INFO  server.RaftServerConfigKeys (ConfUtils.java:logGet(46)) - raft.server.watch.timeout.denomination = 1s (default)
2022-08-08 17:32:05,306 [53355090-c5c3-46c8-9fb6-985b331fedcd@group-575CB7BF0479-LeaderElection19] INFO  server.RaftServerConfigKeys (ConfUtils.java:logGet(46)) - raft.server.watch.element-limit = 65536 (default)
2022-08-08 17:32:05,306 [53355090-c5c3-46c8-9fb6-985b331fedcd@group-575CB7BF0479-LeaderElection19] INFO  server.RaftServerConfigKeys (ConfUtils.java:logGet(46)) - raft.server.write.element-limit = 1024 (custom)
2022-08-08 17:32:05,306 [53355090-c5c3-46c8-9fb6-985b331fedcd@group-575CB7BF0479-LeaderElection19] INFO  server.RaftServerConfigKeys (ConfUtils.java:logGet(46)) - raft.server.write.follower.gap.ratio.max = -1.0 (default)
2022-08-08 17:32:05,307 [53355090-c5c3-46c8-9fb6-985b331fedcd@group-575CB7BF0479-LeaderElection19] INFO  server.RaftServerConfigKeys (ConfUtils.java:logGet(46)) - raft.server.log.appender.snapshot.chunk.size.max = 16MB (=16777216) (default)
2022-08-08 17:32:05,307 [53355090-c5c3-46c8-9fb6-985b331fedcd@group-575CB7BF0479-LeaderElection19] INFO  server.RaftServerConfigKeys (ConfUtils.java:logGet(46)) - raft.server.log.appender.buffer.byte-limit = 33554432 (custom)
2022-08-08 17:32:05,307 [53355090-c5c3-46c8-9fb6-985b331fedcd@group-575CB7BF0479-LeaderElection19] INFO  server.RaftServerConfigKeys (ConfUtils.java:logGet(46)) - raft.server.log.appender.buffer.element-limit = 1 (custom)
2022-08-08 17:32:05,307 [53355090-c5c3-46c8-9fb6-985b331fedcd@group-575CB7BF0479-LeaderElection19] INFO  grpc.GrpcConfigKeys (ConfUtils.java:logGet(46)) - raft.grpc.server.leader.outstanding.appends.max = 128 (default)
2022-08-08 17:32:05,307 [53355090-c5c3-46c8-9fb6-985b331fedcd@group-575CB7BF0479-LeaderElection19] INFO  server.RaftServerConfigKeys (ConfUtils.java:logGet(46)) - raft.server.rpc.request.timeout = 60s (custom)
2022-08-08 17:32:05,308 [EventQueue-PipelineReportForPipelineReportHandler] INFO  pipeline.PipelineManagerImpl (PipelineManagerImpl.java:openPipeline(367)) - Pipeline Pipeline[ Id: 83124423-251a-4f0f-8650-575cb7bf0479, Nodes: cf00da59-0cdc-47d7-956f-cb1d63eabba8{ip: 10.1.0.4, host: fv-az207-152.1ztp0ef1jgbebjcpob1ohcpowa.jx.internal.cloudapp.net, ports: [REPLICATION=37335, RATIS=38075, RATIS_ADMIN=38075, RATIS_SERVER=38075, STANDALONE=32969], networkLocation: /default-rack, certSerialId: null, persistedOpState: IN_SERVICE, persistedOpStateExpiryEpochSec: 0}53355090-c5c3-46c8-9fb6-985b331fedcd{ip: 10.1.0.4, host: fv-az207-152.1ztp0ef1jgbebjcpob1ohcpowa.jx.internal.cloudapp.net, ports: [REPLICATION=40469, RATIS=44583, RATIS_ADMIN=44583, RATIS_SERVER=44583, STANDALONE=39391], networkLocation: /default-rack, certSerialId: null, persistedOpState: IN_SERVICE, persistedOpStateExpiryEpochSec: 0}e097b380-c3a4-416d-961b-62d57346101a{ip: 10.1.0.4, host: fv-az207-152.1ztp0ef1jgbebjcpob1ohcpowa.jx.internal.cloudapp.net, ports: [REPLICATION=42839, RATIS=33879, RATIS_ADMIN=33879, RATIS_SERVER=33879, STANDALONE=35245], networkLocation: /default-rack, certSerialId: null, persistedOpState: IN_SERVICE, persistedOpStateExpiryEpochSec: 0}, ReplicationConfig: RATIS/THREE, State:ALLOCATED, leaderId:53355090-c5c3-46c8-9fb6-985b331fedcd, CreationTimestamp2022-08-08T17:31:58.566Z[Etc/UTC]] moved to OPEN state
2022-08-08 17:32:05,309 [EventQueue-OpenPipelineForHealthyPipelineSafeModeRule] INFO  safemode.SCMSafeModeManager (HealthyPipelineSafeModeRule.java:process(137)) - SCM in safe mode. Healthy pipelines reported count is 0, required healthy pipeline reported count is 1
2022-08-08 17:32:05,309 [EventQueue-OpenPipelineForHealthyPipelineSafeModeRule] INFO  safemode.SCMSafeModeManager (HealthyPipelineSafeModeRule.java:process(137)) - SCM in safe mode. Healthy pipelines reported count is 1, required healthy pipeline reported count is 1
2022-08-08 17:32:05,309 [EventQueue-OpenPipelineForHealthyPipelineSafeModeRule] INFO  safemode.SCMSafeModeManager (SCMSafeModeManager.java:validateSafeModeExitRules(204)) - HealthyPipelineSafeModeRule rule is successfully validated
2022-08-08 17:32:05,309 [EventQueue-OpenPipelineForHealthyPipelineSafeModeRule] INFO  safemode.SCMSafeModeManager (SCMSafeModeManager.java:validateSafeModeExitRules(219)) - ScmSafeModeManager, all rules are successfully validated
2022-08-08 17:32:05,309 [EventQueue-OpenPipelineForHealthyPipelineSafeModeRule] INFO  safemode.SCMSafeModeManager (SCMSafeModeManager.java:exitSafeMode(248)) - SCM exiting safe mode.
2022-08-08 17:32:05,309 [EventQueue-OpenPipelineForHealthyPipelineSafeModeRule] WARN  events.EventQueue (EventQueue.java:fireEvent(216)) - No event handler registered for event TypedEvent{payloadType=SafeModeStatus, name='Safe mode status'}
2022-08-08 17:32:05,309 [EventQueue-OpenPipelineForHealthyPipelineSafeModeRule] INFO  ha.SCMContext (SCMContext.java:updateSafeModeStatus(228)) - Update SafeModeStatus from SafeModeStatus{safeModeStatus=true, preCheckPassed=true} to SafeModeStatus{safeModeStatus=false, preCheckPassed=true}.
2022-08-08 17:32:05,309 [EventQueue-OpenPipelineForHealthyPipelineSafeModeRule] INFO  pipeline.BackgroundPipelineCreator (BackgroundPipelineCreator.java:notifyStatusChanged(254)) - Service BackgroundPipelineCreator transitions to RUNNING.
2022-08-08 17:32:05,309 [EventQueue-OpenPipelineForHealthyPipelineSafeModeRule] INFO  BackgroundPipelineScrubber (BackgroundSCMService.java:notifyStatusChanged(82)) - Service BackgroundPipelineScrubber transitions to RUNNING.
2022-08-08 17:32:05,309 [EventQueue-OpenPipelineForHealthyPipelineSafeModeRule] INFO  ExpiredContainerReplicaOpScrubber (BackgroundSCMService.java:notifyStatusChanged(82)) - Service ExpiredContainerReplicaOpScrubber transitions to RUNNING.
2022-08-08 17:32:05,309 [EventQueue-OpenPipelineForHealthyPipelineSafeModeRule] INFO  UnderReplicatedQueueThread (BackgroundSCMService.java:notifyStatusChanged(82)) - Service UnderReplicatedQueueThread transitions to RUNNING.
2022-08-08 17:32:05,309 [EventQueue-OpenPipelineForHealthyPipelineSafeModeRule] INFO  OverReplicatedQueueThread (BackgroundSCMService.java:notifyStatusChanged(82)) - Service OverReplicatedQueueThread transitions to RUNNING.
2022-08-08 17:32:05,309 [EventQueue-OpenPipelineForHealthyPipelineSafeModeRule] INFO  replication.ReplicationManager (ReplicationManager.java:notifyStatusChanged(642)) - Service ReplicationManager transitions to RUNNING.
2022-08-08 17:32:05,309 [EventQueue-OpenPipelineForHealthyPipelineSafeModeRule] WARN  balancer.ContainerBalancer (ContainerBalancer.java:shouldRun(904)) - Could not find persisted configuration for ContainerBalancer when checking if ContainerBalancer should run. ContainerBalancer should not run now.
2022-08-08 17:32:05,311 [e097b380-c3a4-416d-961b-62d57346101a@group-575CB7BF0479-FollowerState] INFO  impl.FollowerState (FollowerState.java:run(152)) - e097b380-c3a4-416d-961b-62d57346101a@group-575CB7BF0479-FollowerState was interrupted
2022-08-08 17:32:05,335 [cf00da59-0cdc-47d7-956f-cb1d63eabba8@group-C7470AD1F1DC-LeaderElection21] INFO  server.RaftServer$Division (ServerState.java:setRaftConf(393)) - cf00da59-0cdc-47d7-956f-cb1d63eabba8@group-C7470AD1F1DC: set configuration 0: [cf00da59-0cdc-47d7-956f-cb1d63eabba8|rpc:10.1.0.4:38075|dataStream:|priority:1], old=null
2022-08-08 17:32:05,336 [53355090-c5c3-46c8-9fb6-985b331fedcd@group-575CB7BF0479-LeaderElection19] INFO  server.RaftServerConfigKeys (ConfUtils.java:logGet(46)) - raft.server.log.appender.install.snapshot.enabled = false (custom)
2022-08-08 17:32:05,337 [53355090-c5c3-46c8-9fb6-985b331fedcd@group-575CB7BF0479-LeaderElection19] INFO  server.RaftServerConfigKeys (ConfUtils.java:logGet(46)) - raft.server.log.appender.snapshot.chunk.size.max = 16MB (=16777216) (default)
2022-08-08 17:32:05,337 [53355090-c5c3-46c8-9fb6-985b331fedcd@group-575CB7BF0479-LeaderElection19] INFO  server.RaftServerConfigKeys (ConfUtils.java:logGet(46)) - raft.server.log.appender.buffer.byte-limit = 33554432 (custom)
2022-08-08 17:32:05,337 [53355090-c5c3-46c8-9fb6-985b331fedcd@group-575CB7BF0479-LeaderElection19] INFO  server.RaftServerConfigKeys (ConfUtils.java:logGet(46)) - raft.server.log.appender.buffer.element-limit = 1 (custom)
2022-08-08 17:32:05,337 [53355090-c5c3-46c8-9fb6-985b331fedcd@group-575CB7BF0479-LeaderElection19] INFO  grpc.GrpcConfigKeys (ConfUtils.java:logGet(46)) - raft.grpc.server.leader.outstanding.appends.max = 128 (default)
2022-08-08 17:32:05,337 [53355090-c5c3-46c8-9fb6-985b331fedcd@group-575CB7BF0479-LeaderElection19] INFO  server.RaftServerConfigKeys (ConfUtils.java:logGet(46)) - raft.server.rpc.request.timeout = 60s (custom)
2022-08-08 17:32:05,337 [53355090-c5c3-46c8-9fb6-985b331fedcd@group-575CB7BF0479-LeaderElection19] INFO  server.RaftServerConfigKeys (ConfUtils.java:logGet(46)) - raft.server.log.appender.install.snapshot.enabled = false (custom)
2022-08-08 17:32:05,337 [53355090-c5c3-46c8-9fb6-985b331fedcd@group-575CB7BF0479-LeaderElection19] INFO  impl.RoleInfo (RoleInfo.java:updateAndGet(139)) - 53355090-c5c3-46c8-9fb6-985b331fedcd: start 53355090-c5c3-46c8-9fb6-985b331fedcd@group-575CB7BF0479-LeaderStateImpl
2022-08-08 17:32:05,338 [53355090-c5c3-46c8-9fb6-985b331fedcd@group-575CB7BF0479-LeaderElection19] INFO  segmented.SegmentedRaftLogWorker (SegmentedRaftLogWorker.java:startLogSegment(425)) - 53355090-c5c3-46c8-9fb6-985b331fedcd@group-575CB7BF0479-SegmentedRaftLogWorker: Starting segment from index:0
2022-08-08 17:32:05,339 [53355090-c5c3-46c8-9fb6-985b331fedcd@group-575CB7BF0479-SegmentedRaftLogWorker] INFO  segmented.SegmentedRaftLogWorker (SegmentedRaftLogWorker.java:execute(629)) - 53355090-c5c3-46c8-9fb6-985b331fedcd@group-575CB7BF0479-SegmentedRaftLogWorker: created new log segment /home/runner/work/ozone/ozone/hadoop-ozone/integration-test/target/test-dir/MiniOzoneClusterImpl-f558af99-55da-4127-a18c-29a24303d895/datanode-1/data/ratis/83124423-251a-4f0f-8650-575cb7bf0479/current/log_inprogress_0
2022-08-08 17:32:05,349 [53355090-c5c3-46c8-9fb6-985b331fedcd@group-575CB7BF0479-LeaderElection19] INFO  server.RaftServer$Division (ServerState.java:setRaftConf(393)) - 53355090-c5c3-46c8-9fb6-985b331fedcd@group-575CB7BF0479: set configuration 0: [53355090-c5c3-46c8-9fb6-985b331fedcd|rpc:10.1.0.4:44583|dataStream:|priority:1, cf00da59-0cdc-47d7-956f-cb1d63eabba8|rpc:10.1.0.4:38075|dataStream:|priority:0, e097b380-c3a4-416d-961b-62d57346101a|rpc:10.1.0.4:33879|dataStream:|priority:0], old=null
2022-08-08 17:32:05,358 [grpc-default-executor-1] INFO  impl.RoleInfo (RoleInfo.java:updateAndGet(139)) - e097b380-c3a4-416d-961b-62d57346101a: start e097b380-c3a4-416d-961b-62d57346101a@group-575CB7BF0479-FollowerState
2022-08-08 17:32:05,367 [cf00da59-0cdc-47d7-956f-cb1d63eabba8-server-thread1] INFO  ratis.XceiverServerRatis (XceiverServerRatis.java:handleLeaderChangedNotification(863)) - Leader change notification received for group: group-575CB7BF0479 with new leaderId: 53355090-c5c3-46c8-9fb6-985b331fedcd
2022-08-08 17:32:05,367 [cf00da59-0cdc-47d7-956f-cb1d63eabba8-server-thread1] INFO  server.RaftServer$Division (ServerState.java:setLeader(287)) - cf00da59-0cdc-47d7-956f-cb1d63eabba8@group-575CB7BF0479: change Leader from null to 53355090-c5c3-46c8-9fb6-985b331fedcd at term 1 for appendEntries, leader elected after 5254ms
2022-08-08 17:32:05,371 [grpc-default-executor-1] INFO  server.RaftServer$Division (RaftServerImpl.java:requestVote(1184)) - e097b380-c3a4-416d-961b-62d57346101a@group-575CB7BF0479 replies to ELECTION vote request: 53355090-c5c3-46c8-9fb6-985b331fedcd<-e097b380-c3a4-416d-961b-62d57346101a#0:OK-t1. Peer's state: e097b380-c3a4-416d-961b-62d57346101a@group-575CB7BF0479:t1, leader=null, voted=53355090-c5c3-46c8-9fb6-985b331fedcd, raftlog=e097b380-c3a4-416d-961b-62d57346101a@group-575CB7BF0479-SegmentedRaftLog:OPENED:c-1, conf=-1: [53355090-c5c3-46c8-9fb6-985b331fedcd|rpc:10.1.0.4:44583|dataStream:|priority:1, cf00da59-0cdc-47d7-956f-cb1d63eabba8|rpc:10.1.0.4:38075|dataStream:|priority:0, e097b380-c3a4-416d-961b-62d57346101a|rpc:10.1.0.4:33879|dataStream:|priority:0], old=null
2022-08-08 17:32:05,385 [cf00da59-0cdc-47d7-956f-cb1d63eabba8@group-C7470AD1F1DC-SegmentedRaftLogWorker] INFO  segmented.SegmentedRaftLogWorker (SegmentedRaftLogWorker.java:execute(629)) - cf00da59-0cdc-47d7-956f-cb1d63eabba8@group-C7470AD1F1DC-SegmentedRaftLogWorker: created new log segment /home/runner/work/ozone/ozone/hadoop-ozone/integration-test/target/test-dir/MiniOzoneClusterImpl-f558af99-55da-4127-a18c-29a24303d895/datanode-0/data/ratis/14158c90-1e34-45d1-a2cd-c7470ad1f1dc/current/log_inprogress_0
2022-08-08 17:32:05,430 [cf00da59-0cdc-47d7-956f-cb1d63eabba8-server-thread1] INFO  server.RaftServer$Division (ServerState.java:setRaftConf(393)) - cf00da59-0cdc-47d7-956f-cb1d63eabba8@group-575CB7BF0479: set configuration 0: [53355090-c5c3-46c8-9fb6-985b331fedcd|rpc:10.1.0.4:44583|dataStream:|priority:1, cf00da59-0cdc-47d7-956f-cb1d63eabba8|rpc:10.1.0.4:38075|dataStream:|priority:0, e097b380-c3a4-416d-961b-62d57346101a|rpc:10.1.0.4:33879|dataStream:|priority:0], old=null
2022-08-08 17:32:05,430 [cf00da59-0cdc-47d7-956f-cb1d63eabba8-server-thread1] INFO  segmented.SegmentedRaftLogWorker (SegmentedRaftLogWorker.java:startLogSegment(425)) - cf00da59-0cdc-47d7-956f-cb1d63eabba8@group-575CB7BF0479-SegmentedRaftLogWorker: Starting segment from index:0
2022-08-08 17:32:05,434 [e097b380-c3a4-416d-961b-62d57346101a-server-thread1] INFO  ratis.XceiverServerRatis (XceiverServerRatis.java:handleLeaderChangedNotification(863)) - Leader change notification received for group: group-575CB7BF0479 with new leaderId: 53355090-c5c3-46c8-9fb6-985b331fedcd
2022-08-08 17:32:05,434 [e097b380-c3a4-416d-961b-62d57346101a-server-thread1] INFO  server.RaftServer$Division (ServerState.java:setLeader(287)) - e097b380-c3a4-416d-961b-62d57346101a@group-575CB7BF0479: change Leader from null to 53355090-c5c3-46c8-9fb6-985b331fedcd at term 1 for appendEntries, leader elected after 5134ms
2022-08-08 17:32:05,448 [e097b380-c3a4-416d-961b-62d57346101a-server-thread1] INFO  server.RaftServer$Division (ServerState.java:setRaftConf(393)) - e097b380-c3a4-416d-961b-62d57346101a@group-575CB7BF0479: set configuration 0: [53355090-c5c3-46c8-9fb6-985b331fedcd|rpc:10.1.0.4:44583|dataStream:|priority:1, cf00da59-0cdc-47d7-956f-cb1d63eabba8|rpc:10.1.0.4:38075|dataStream:|priority:0, e097b380-c3a4-416d-961b-62d57346101a|rpc:10.1.0.4:33879|dataStream:|priority:0], old=null
2022-08-08 17:32:05,448 [e097b380-c3a4-416d-961b-62d57346101a-server-thread1] INFO  segmented.SegmentedRaftLogWorker (SegmentedRaftLogWorker.java:startLogSegment(425)) - e097b380-c3a4-416d-961b-62d57346101a@group-575CB7BF0479-SegmentedRaftLogWorker: Starting segment from index:0
2022-08-08 17:32:05,449 [cf00da59-0cdc-47d7-956f-cb1d63eabba8@group-575CB7BF0479-SegmentedRaftLogWorker] INFO  segmented.SegmentedRaftLogWorker (SegmentedRaftLogWorker.java:execute(629)) - cf00da59-0cdc-47d7-956f-cb1d63eabba8@group-575CB7BF0479-SegmentedRaftLogWorker: created new log segment /home/runner/work/ozone/ozone/hadoop-ozone/integration-test/target/test-dir/MiniOzoneClusterImpl-f558af99-55da-4127-a18c-29a24303d895/datanode-0/data/ratis/83124423-251a-4f0f-8650-575cb7bf0479/current/log_inprogress_0
2022-08-08 17:32:05,450 [e097b380-c3a4-416d-961b-62d57346101a@group-575CB7BF0479-SegmentedRaftLogWorker] INFO  segmented.SegmentedRaftLogWorker (SegmentedRaftLogWorker.java:execute(629)) - e097b380-c3a4-416d-961b-62d57346101a@group-575CB7BF0479-SegmentedRaftLogWorker: created new log segment /home/runner/work/ozone/ozone/hadoop-ozone/integration-test/target/test-dir/MiniOzoneClusterImpl-f558af99-55da-4127-a18c-29a24303d895/datanode-2/data/ratis/83124423-251a-4f0f-8650-575cb7bf0479/current/log_inprogress_0
2022-08-08 17:32:05,461 [cf00da59-0cdc-47d7-956f-cb1d63eabba8@group-1798FCDFD889-FollowerState] INFO  impl.FollowerState (FollowerState.java:run(143)) - cf00da59-0cdc-47d7-956f-cb1d63eabba8@group-1798FCDFD889-FollowerState: change to CANDIDATE, lastRpcElapsedTime:5026721866ns, electionTimeout:5018ms
2022-08-08 17:32:05,464 [cf00da59-0cdc-47d7-956f-cb1d63eabba8@group-1798FCDFD889-FollowerState] INFO  impl.RoleInfo (RoleInfo.java:shutdownFollowerState(110)) - cf00da59-0cdc-47d7-956f-cb1d63eabba8: shutdown cf00da59-0cdc-47d7-956f-cb1d63eabba8@group-1798FCDFD889-FollowerState
2022-08-08 17:32:05,464 [cf00da59-0cdc-47d7-956f-cb1d63eabba8@group-1798FCDFD889-FollowerState] INFO  server.RaftServer$Division (RaftServerImpl.java:setRole(299)) - cf00da59-0cdc-47d7-956f-cb1d63eabba8@group-1798FCDFD889: changes role from  FOLLOWER to CANDIDATE at term 0 for changeToCandidate
2022-08-08 17:32:05,479 [cf00da59-0cdc-47d7-956f-cb1d63eabba8@group-1798FCDFD889-FollowerState] INFO  server.RaftServerConfigKeys (ConfUtils.java:logGet(46)) - raft.server.leaderelection.pre-vote = false (custom)
2022-08-08 17:32:05,479 [cf00da59-0cdc-47d7-956f-cb1d63eabba8@group-1798FCDFD889-FollowerState] INFO  impl.RoleInfo (RoleInfo.java:updateAndGet(139)) - cf00da59-0cdc-47d7-956f-cb1d63eabba8: start cf00da59-0cdc-47d7-956f-cb1d63eabba8@group-1798FCDFD889-LeaderElection22
2022-08-08 17:32:05,511 [cf00da59-0cdc-47d7-956f-cb1d63eabba8@group-1798FCDFD889-LeaderElection22] INFO  impl.LeaderElection (LeaderElection.java:askForVotes(310)) - cf00da59-0cdc-47d7-956f-cb1d63eabba8@group-1798FCDFD889-LeaderElection22 ELECTION round 0: submit vote requests at term 1 for -1: [53355090-c5c3-46c8-9fb6-985b331fedcd|rpc:10.1.0.4:44583|priority:0, e097b380-c3a4-416d-961b-62d57346101a|rpc:10.1.0.4:33879|priority:0, cf00da59-0cdc-47d7-956f-cb1d63eabba8|rpc:10.1.0.4:38075|priority:1], old=null
2022-08-08 17:32:05,543 [Listener at 127.0.0.1/44865] INFO  ozone.MiniOzoneClusterImpl (MiniOzoneClusterImpl.java:lambda$waitForClusterToBeReady$0(216)) - Nodes are ready. Got 5 of 5 DN Heartbeats.
2022-08-08 17:32:05,543 [Listener at 127.0.0.1/44865] INFO  ozone.MiniOzoneClusterImpl (MiniOzoneClusterImpl.java:lambda$waitForClusterToBeReady$0(219)) - Cluster exits safe mode
2022-08-08 17:32:05,543 [Listener at 127.0.0.1/44865] INFO  ozone.MiniOzoneClusterImpl (MiniOzoneClusterImpl.java:lambda$waitForClusterToBeReady$0(221)) - SCM became leader
2022-08-08 17:32:05,557 [53355090-c5c3-46c8-9fb6-985b331fedcd@group-1798FCDFD889-FollowerState] INFO  impl.FollowerState (FollowerState.java:run(143)) - 53355090-c5c3-46c8-9fb6-985b331fedcd@group-1798FCDFD889-FollowerState: change to CANDIDATE, lastRpcElapsedTime:5062838018ns, electionTimeout:5053ms
2022-08-08 17:32:05,557 [53355090-c5c3-46c8-9fb6-985b331fedcd@group-1798FCDFD889-FollowerState] INFO  impl.RoleInfo (RoleInfo.java:shutdownFollowerState(110)) - 53355090-c5c3-46c8-9fb6-985b331fedcd: shutdown 53355090-c5c3-46c8-9fb6-985b331fedcd@group-1798FCDFD889-FollowerState
2022-08-08 17:32:05,558 [53355090-c5c3-46c8-9fb6-985b331fedcd@group-1798FCDFD889-FollowerState] INFO  server.RaftServer$Division (RaftServerImpl.java:setRole(299)) - 53355090-c5c3-46c8-9fb6-985b331fedcd@group-1798FCDFD889: changes role from  FOLLOWER to CANDIDATE at term 0 for changeToCandidate
2022-08-08 17:32:05,558 [53355090-c5c3-46c8-9fb6-985b331fedcd@group-1798FCDFD889-FollowerState] INFO  server.RaftServerConfigKeys (ConfUtils.java:logGet(46)) - raft.server.leaderelection.pre-vote = false (custom)
2022-08-08 17:32:05,558 [53355090-c5c3-46c8-9fb6-985b331fedcd@group-1798FCDFD889-FollowerState] INFO  impl.RoleInfo (RoleInfo.java:updateAndGet(139)) - 53355090-c5c3-46c8-9fb6-985b331fedcd: start 53355090-c5c3-46c8-9fb6-985b331fedcd@group-1798FCDFD889-LeaderElection23
2022-08-08 17:32:05,602 [grpc-default-executor-0] INFO  server.RaftServer$Division (RaftServerImpl.java:requestVote(1152)) - 53355090-c5c3-46c8-9fb6-985b331fedcd@group-1798FCDFD889: receive requestVote(ELECTION, cf00da59-0cdc-47d7-956f-cb1d63eabba8, group-1798FCDFD889, 1, (t:0, i:0))
2022-08-08 17:32:05,602 [grpc-default-executor-0] INFO  impl.VoteContext (VoteContext.java:log(48)) - 53355090-c5c3-46c8-9fb6-985b331fedcd@group-1798FCDFD889-CANDIDATE: accept ELECTION from cf00da59-0cdc-47d7-956f-cb1d63eabba8: our priority 0 <= candidate's priority 1
2022-08-08 17:32:05,603 [grpc-default-executor-0] INFO  server.RaftServer$Division (RaftServerImpl.java:setRole(299)) - 53355090-c5c3-46c8-9fb6-985b331fedcd@group-1798FCDFD889: changes role from CANDIDATE to FOLLOWER at term 1 for candidate:cf00da59-0cdc-47d7-956f-cb1d63eabba8
2022-08-08 17:32:05,603 [grpc-default-executor-0] INFO  impl.RoleInfo (RoleInfo.java:shutdownLeaderElection(130)) - 53355090-c5c3-46c8-9fb6-985b331fedcd: shutdown 53355090-c5c3-46c8-9fb6-985b331fedcd@group-1798FCDFD889-LeaderElection23
2022-08-08 17:32:05,603 [grpc-default-executor-0] INFO  impl.RoleInfo (RoleInfo.java:updateAndGet(139)) - 53355090-c5c3-46c8-9fb6-985b331fedcd: start 53355090-c5c3-46c8-9fb6-985b331fedcd@group-1798FCDFD889-FollowerState
2022-08-08 17:32:05,611 [grpc-default-executor-0] INFO  server.RaftServer$Division (RaftServerImpl.java:requestVote(1184)) - 53355090-c5c3-46c8-9fb6-985b331fedcd@group-1798FCDFD889 replies to ELECTION vote request: cf00da59-0cdc-47d7-956f-cb1d63eabba8<-53355090-c5c3-46c8-9fb6-985b331fedcd#0:OK-t1. Peer's state: 53355090-c5c3-46c8-9fb6-985b331fedcd@group-1798FCDFD889:t1, leader=null, voted=cf00da59-0cdc-47d7-956f-cb1d63eabba8, raftlog=53355090-c5c3-46c8-9fb6-985b331fedcd@group-1798FCDFD889-SegmentedRaftLog:OPENED:c-1, conf=-1: [53355090-c5c3-46c8-9fb6-985b331fedcd|rpc:10.1.0.4:44583|dataStream:|priority:0, e097b380-c3a4-416d-961b-62d57346101a|rpc:10.1.0.4:33879|dataStream:|priority:0, cf00da59-0cdc-47d7-956f-cb1d63eabba8|rpc:10.1.0.4:38075|dataStream:|priority:1], old=null
2022-08-08 17:32:05,612 [53355090-c5c3-46c8-9fb6-985b331fedcd@group-1798FCDFD889-LeaderElection23] INFO  impl.LeaderElection (LeaderElection.java:run(231)) - 53355090-c5c3-46c8-9fb6-985b331fedcd@group-1798FCDFD889-LeaderElection23: skip running since this is already CLOSING
2022-08-08 17:32:05,635 [cf00da59-0cdc-47d7-956f-cb1d63eabba8@group-1798FCDFD889-LeaderElection22] INFO  impl.LeaderElection (LeaderElection.java:logAndReturn(90)) - cf00da59-0cdc-47d7-956f-cb1d63eabba8@group-1798FCDFD889-LeaderElection22: ELECTION PASSED received 1 response(s) and 0 exception(s):
2022-08-08 17:32:05,635 [grpc-default-executor-2] INFO  server.RaftServer$Division (RaftServerImpl.java:requestVote(1152)) - e097b380-c3a4-416d-961b-62d57346101a@group-1798FCDFD889: receive requestVote(ELECTION, cf00da59-0cdc-47d7-956f-cb1d63eabba8, group-1798FCDFD889, 1, (t:0, i:0))
2022-08-08 17:32:05,635 [grpc-default-executor-2] INFO  impl.VoteContext (VoteContext.java:log(48)) - e097b380-c3a4-416d-961b-62d57346101a@group-1798FCDFD889-FOLLOWER: accept ELECTION from cf00da59-0cdc-47d7-956f-cb1d63eabba8: our priority 0 <= candidate's priority 1
2022-08-08 17:32:05,635 [grpc-default-executor-2] INFO  server.RaftServer$Division (RaftServerImpl.java:setRole(299)) - e097b380-c3a4-416d-961b-62d57346101a@group-1798FCDFD889: changes role from  FOLLOWER to FOLLOWER at term 1 for candidate:cf00da59-0cdc-47d7-956f-cb1d63eabba8
2022-08-08 17:32:05,635 [grpc-default-executor-2] INFO  impl.RoleInfo (RoleInfo.java:shutdownFollowerState(110)) - e097b380-c3a4-416d-961b-62d57346101a: shutdown e097b380-c3a4-416d-961b-62d57346101a@group-1798FCDFD889-FollowerState
2022-08-08 17:32:05,635 [grpc-default-executor-2] INFO  impl.RoleInfo (RoleInfo.java:updateAndGet(139)) - e097b380-c3a4-416d-961b-62d57346101a: start e097b380-c3a4-416d-961b-62d57346101a@group-1798FCDFD889-FollowerState
2022-08-08 17:32:05,636 [e097b380-c3a4-416d-961b-62d57346101a@group-1798FCDFD889-FollowerState] INFO  impl.FollowerState (FollowerState.java:run(152)) - e097b380-c3a4-416d-961b-62d57346101a@group-1798FCDFD889-FollowerState was interrupted
2022-08-08 17:32:05,635 [cf00da59-0cdc-47d7-956f-cb1d63eabba8@group-1798FCDFD889-LeaderElection22] INFO  impl.LeaderElection (LeaderElection.java:logAndReturn(94)) -   Response 0: cf00da59-0cdc-47d7-956f-cb1d63eabba8<-53355090-c5c3-46c8-9fb6-985b331fedcd#0:OK-t1
2022-08-08 17:32:05,637 [grpc-default-executor-2] INFO  server.RaftServer$Division (RaftServerImpl.java:requestVote(1184)) - e097b380-c3a4-416d-961b-62d57346101a@group-1798FCDFD889 replies to ELECTION vote request: cf00da59-0cdc-47d7-956f-cb1d63eabba8<-e097b380-c3a4-416d-961b-62d57346101a#0:OK-t1. Peer's state: e097b380-c3a4-416d-961b-62d57346101a@group-1798FCDFD889:t1, leader=null, voted=cf00da59-0cdc-47d7-956f-cb1d63eabba8, raftlog=e097b380-c3a4-416d-961b-62d57346101a@group-1798FCDFD889-SegmentedRaftLog:OPENED:c-1, conf=-1: [53355090-c5c3-46c8-9fb6-985b331fedcd|rpc:10.1.0.4:44583|dataStream:|priority:0, e097b380-c3a4-416d-961b-62d57346101a|rpc:10.1.0.4:33879|dataStream:|priority:0, cf00da59-0cdc-47d7-956f-cb1d63eabba8|rpc:10.1.0.4:38075|dataStream:|priority:1], old=null
2022-08-08 17:32:05,643 [cf00da59-0cdc-47d7-956f-cb1d63eabba8@group-1798FCDFD889-LeaderElection22] INFO  impl.LeaderElection (LeaderElection.java:askForVotes(312)) - cf00da59-0cdc-47d7-956f-cb1d63eabba8@group-1798FCDFD889-LeaderElection22 ELECTION round 0: result PASSED
2022-08-08 17:32:05,644 [cf00da59-0cdc-47d7-956f-cb1d63eabba8@group-1798FCDFD889-LeaderElection22] INFO  impl.RoleInfo (RoleInfo.java:shutdownLeaderElection(130)) - cf00da59-0cdc-47d7-956f-cb1d63eabba8: shutdown cf00da59-0cdc-47d7-956f-cb1d63eabba8@group-1798FCDFD889-LeaderElection22
2022-08-08 17:32:05,644 [cf00da59-0cdc-47d7-956f-cb1d63eabba8@group-1798FCDFD889-LeaderElection22] INFO  server.RaftServer$Division (RaftServerImpl.java:setRole(299)) - cf00da59-0cdc-47d7-956f-cb1d63eabba8@group-1798FCDFD889: changes role from CANDIDATE to LEADER at term 1 for changeToLeader
2022-08-08 17:32:05,644 [cf00da59-0cdc-47d7-956f-cb1d63eabba8@group-1798FCDFD889-LeaderElection22] INFO  ratis.XceiverServerRatis (XceiverServerRatis.java:handleLeaderChangedNotification(863)) - Leader change notification received for group: group-1798FCDFD889 with new leaderId: cf00da59-0cdc-47d7-956f-cb1d63eabba8
2022-08-08 17:32:05,644 [cf00da59-0cdc-47d7-956f-cb1d63eabba8@group-1798FCDFD889-LeaderElection22] INFO  server.RaftServer$Division (ServerState.java:setLeader(287)) - cf00da59-0cdc-47d7-956f-cb1d63eabba8@group-1798FCDFD889: change Leader from null to cf00da59-0cdc-47d7-956f-cb1d63eabba8 at term 1 for becomeLeader, leader elected after 5225ms
2022-08-08 17:32:05,644 [cf00da59-0cdc-47d7-956f-cb1d63eabba8@group-1798FCDFD889-LeaderElection22] INFO  server.RaftServerConfigKeys (ConfUtils.java:logGet(46)) - raft.server.staging.catchup.gap = 1000 (default)
2022-08-08 17:32:05,661 [cf00da59-0cdc-47d7-956f-cb1d63eabba8@group-1798FCDFD889-LeaderElection22] INFO  server.RaftServerConfigKeys (ConfUtils.java:logGet(46)) - raft.server.write.element-limit = 1024 (custom)
2022-08-08 17:32:05,661 [cf00da59-0cdc-47d7-956f-cb1d63eabba8@group-1798FCDFD889-LeaderElection22] INFO  server.RaftServerConfigKeys (ConfUtils.java:logGet(46)) - raft.server.write.byte-limit = 1024 M (=1073741824) (custom)
2022-08-08 17:32:05,661 [cf00da59-0cdc-47d7-956f-cb1d63eabba8@group-1798FCDFD889-LeaderElection22] INFO  server.RaftServerConfigKeys (ConfUtils.java:logGet(46)) - raft.server.watch.timeout = 180s (custom)
2022-08-08 17:32:05,661 [cf00da59-0cdc-47d7-956f-cb1d63eabba8@group-1798FCDFD889-LeaderElection22] INFO  server.RaftServerConfigKeys (ConfUtils.java:logGet(46)) - raft.server.watch.timeout.denomination = 1s (default)
2022-08-08 17:32:05,661 [cf00da59-0cdc-47d7-956f-cb1d63eabba8@group-1798FCDFD889-LeaderElection22] INFO  server.RaftServerConfigKeys (ConfUtils.java:logGet(46)) - raft.server.watch.element-limit = 65536 (default)
2022-08-08 17:32:05,661 [cf00da59-0cdc-47d7-956f-cb1d63eabba8@group-1798FCDFD889-LeaderElection22] INFO  server.RaftServerConfigKeys (ConfUtils.java:logGet(46)) - raft.server.write.element-limit = 1024 (custom)
2022-08-08 17:32:05,661 [cf00da59-0cdc-47d7-956f-cb1d63eabba8@group-1798FCDFD889-LeaderElection22] INFO  server.RaftServerConfigKeys (ConfUtils.java:logGet(46)) - raft.server.write.follower.gap.ratio.max = -1.0 (default)
2022-08-08 17:32:05,675 [cf00da59-0cdc-47d7-956f-cb1d63eabba8@group-1798FCDFD889-LeaderElection22] INFO  server.RaftServerConfigKeys (ConfUtils.java:logGet(46)) - raft.server.log.appender.snapshot.chunk.size.max = 16MB (=16777216) (default)
2022-08-08 17:32:05,675 [cf00da59-0cdc-47d7-956f-cb1d63eabba8@group-1798FCDFD889-LeaderElection22] INFO  server.RaftServerConfigKeys (ConfUtils.java:logGet(46)) - raft.server.log.appender.buffer.byte-limit = 33554432 (custom)
2022-08-08 17:32:05,675 [cf00da59-0cdc-47d7-956f-cb1d63eabba8@group-1798FCDFD889-LeaderElection22] INFO  server.RaftServerConfigKeys (ConfUtils.java:logGet(46)) - raft.server.log.appender.buffer.element-limit = 1 (custom)
2022-08-08 17:32:05,675 [cf00da59-0cdc-47d7-956f-cb1d63eabba8@group-1798FCDFD889-LeaderElection22] INFO  grpc.GrpcConfigKeys (ConfUtils.java:logGet(46)) - raft.grpc.server.leader.outstanding.appends.max = 128 (default)
2022-08-08 17:32:05,675 [cf00da59-0cdc-47d7-956f-cb1d63eabba8@group-1798FCDFD889-LeaderElection22] INFO  server.RaftServerConfigKeys (ConfUtils.java:logGet(46)) - raft.server.rpc.request.timeout = 60s (custom)
2022-08-08 17:32:05,675 [cf00da59-0cdc-47d7-956f-cb1d63eabba8@group-1798FCDFD889-LeaderElection22] INFO  server.RaftServerConfigKeys (ConfUtils.java:logGet(46)) - raft.server.log.appender.install.snapshot.enabled = false (custom)
2022-08-08 17:32:05,681 [cf00da59-0cdc-47d7-956f-cb1d63eabba8@group-1798FCDFD889-LeaderElection22] INFO  server.RaftServerConfigKeys (ConfUtils.java:logGet(46)) - raft.server.log.appender.snapshot.chunk.size.max = 16MB (=16777216) (default)
2022-08-08 17:32:05,681 [cf00da59-0cdc-47d7-956f-cb1d63eabba8@group-1798FCDFD889-LeaderElection22] INFO  server.RaftServerConfigKeys (ConfUtils.java:logGet(46)) - raft.server.log.appender.buffer.byte-limit = 33554432 (custom)
2022-08-08 17:32:05,681 [cf00da59-0cdc-47d7-956f-cb1d63eabba8@group-1798FCDFD889-LeaderElection22] INFO  server.RaftServerConfigKeys (ConfUtils.java:logGet(46)) - raft.server.log.appender.buffer.element-limit = 1 (custom)
2022-08-08 17:32:05,681 [cf00da59-0cdc-47d7-956f-cb1d63eabba8@group-1798FCDFD889-LeaderElection22] INFO  grpc.GrpcConfigKeys (ConfUtils.java:logGet(46)) - raft.grpc.server.leader.outstanding.appends.max = 128 (default)
2022-08-08 17:32:05,681 [cf00da59-0cdc-47d7-956f-cb1d63eabba8@group-1798FCDFD889-LeaderElection22] INFO  server.RaftServerConfigKeys (ConfUtils.java:logGet(46)) - raft.server.rpc.request.timeout = 60s (custom)
2022-08-08 17:32:05,681 [cf00da59-0cdc-47d7-956f-cb1d63eabba8@group-1798FCDFD889-LeaderElection22] INFO  server.RaftServerConfigKeys (ConfUtils.java:logGet(46)) - raft.server.log.appender.install.snapshot.enabled = false (custom)
2022-08-08 17:32:05,682 [cf00da59-0cdc-47d7-956f-cb1d63eabba8@group-1798FCDFD889-LeaderElection22] INFO  impl.RoleInfo (RoleInfo.java:updateAndGet(139)) - cf00da59-0cdc-47d7-956f-cb1d63eabba8: start cf00da59-0cdc-47d7-956f-cb1d63eabba8@group-1798FCDFD889-LeaderStateImpl
2022-08-08 17:32:05,682 [cf00da59-0cdc-47d7-956f-cb1d63eabba8@group-1798FCDFD889-LeaderElection22] INFO  segmented.SegmentedRaftLogWorker (SegmentedRaftLogWorker.java:startLogSegment(425)) - cf00da59-0cdc-47d7-956f-cb1d63eabba8@group-1798FCDFD889-SegmentedRaftLogWorker: Starting segment from index:0
2022-08-08 17:32:05,683 [EventQueue-PipelineReportForPipelineReportHandler] INFO  pipeline.PipelineManagerImpl (PipelineManagerImpl.java:openPipeline(367)) - Pipeline Pipeline[ Id: a45ae34e-5457-4e7e-a33f-1798fcdfd889, Nodes: 53355090-c5c3-46c8-9fb6-985b331fedcd{ip: 10.1.0.4, host: fv-az207-152.1ztp0ef1jgbebjcpob1ohcpowa.jx.internal.cloudapp.net, ports: [REPLICATION=40469, RATIS=44583, RATIS_ADMIN=44583, RATIS_SERVER=44583, STANDALONE=39391], networkLocation: /default-rack, certSerialId: null, persistedOpState: IN_SERVICE, persistedOpStateExpiryEpochSec: 0}e097b380-c3a4-416d-961b-62d57346101a{ip: 10.1.0.4, host: fv-az207-152.1ztp0ef1jgbebjcpob1ohcpowa.jx.internal.cloudapp.net, ports: [REPLICATION=42839, RATIS=33879, RATIS_ADMIN=33879, RATIS_SERVER=33879, STANDALONE=35245], networkLocation: /default-rack, certSerialId: null, persistedOpState: IN_SERVICE, persistedOpStateExpiryEpochSec: 0}cf00da59-0cdc-47d7-956f-cb1d63eabba8{ip: 10.1.0.4, host: fv-az207-152.1ztp0ef1jgbebjcpob1ohcpowa.jx.internal.cloudapp.net, ports: [REPLICATION=37335, RATIS=38075, RATIS_ADMIN=38075, RATIS_SERVER=38075, STANDALONE=32969], networkLocation: /default-rack, certSerialId: null, persistedOpState: IN_SERVICE, persistedOpStateExpiryEpochSec: 0}, ReplicationConfig: RATIS/THREE, State:ALLOCATED, leaderId:cf00da59-0cdc-47d7-956f-cb1d63eabba8, CreationTimestamp2022-08-08T17:31:58.566Z[Etc/UTC]] moved to OPEN state
2022-08-08 17:32:05,684 [cf00da59-0cdc-47d7-956f-cb1d63eabba8@group-1798FCDFD889-SegmentedRaftLogWorker] INFO  segmented.SegmentedRaftLogWorker (SegmentedRaftLogWorker.java:execute(629)) - cf00da59-0cdc-47d7-956f-cb1d63eabba8@group-1798FCDFD889-SegmentedRaftLogWorker: created new log segment /home/runner/work/ozone/ozone/hadoop-ozone/integration-test/target/test-dir/MiniOzoneClusterImpl-f558af99-55da-4127-a18c-29a24303d895/datanode-0/data/ratis/a45ae34e-5457-4e7e-a33f-1798fcdfd889/current/log_inprogress_0
2022-08-08 17:32:05,720 [cf00da59-0cdc-47d7-956f-cb1d63eabba8@group-1798FCDFD889-LeaderElection22] INFO  server.RaftServer$Division (ServerState.java:setRaftConf(393)) - cf00da59-0cdc-47d7-956f-cb1d63eabba8@group-1798FCDFD889: set configuration 0: [53355090-c5c3-46c8-9fb6-985b331fedcd|rpc:10.1.0.4:44583|dataStream:|priority:0, e097b380-c3a4-416d-961b-62d57346101a|rpc:10.1.0.4:33879|dataStream:|priority:0, cf00da59-0cdc-47d7-956f-cb1d63eabba8|rpc:10.1.0.4:38075|dataStream:|priority:1], old=null
2022-08-08 17:32:05,756 [53355090-c5c3-46c8-9fb6-985b331fedcd-server-thread1] INFO  ratis.XceiverServerRatis (XceiverServerRatis.java:handleLeaderChangedNotification(863)) - Leader change notification received for group: group-1798FCDFD889 with new leaderId: cf00da59-0cdc-47d7-956f-cb1d63eabba8
2022-08-08 17:32:05,756 [53355090-c5c3-46c8-9fb6-985b331fedcd-server-thread1] INFO  server.RaftServer$Division (ServerState.java:setLeader(287)) - 53355090-c5c3-46c8-9fb6-985b331fedcd@group-1798FCDFD889: change Leader from null to cf00da59-0cdc-47d7-956f-cb1d63eabba8 at term 1 for appendEntries, leader elected after 5268ms
2022-08-08 17:32:05,766 [e097b380-c3a4-416d-961b-62d57346101a-server-thread1] INFO  ratis.XceiverServerRatis (XceiverServerRatis.java:handleLeaderChangedNotification(863)) - Leader change notification received for group: group-1798FCDFD889 with new leaderId: cf00da59-0cdc-47d7-956f-cb1d63eabba8
2022-08-08 17:32:05,766 [e097b380-c3a4-416d-961b-62d57346101a-server-thread1] INFO  server.RaftServer$Division (ServerState.java:setLeader(287)) - e097b380-c3a4-416d-961b-62d57346101a@group-1798FCDFD889: change Leader from null to cf00da59-0cdc-47d7-956f-cb1d63eabba8 at term 1 for appendEntries, leader elected after 5178ms
2022-08-08 17:32:05,778 [e097b380-c3a4-416d-961b-62d57346101a-server-thread1] INFO  server.RaftServer$Division (ServerState.java:setRaftConf(393)) - e097b380-c3a4-416d-961b-62d57346101a@group-1798FCDFD889: set configuration 0: [53355090-c5c3-46c8-9fb6-985b331fedcd|rpc:10.1.0.4:44583|dataStream:|priority:0, e097b380-c3a4-416d-961b-62d57346101a|rpc:10.1.0.4:33879|dataStream:|priority:0, cf00da59-0cdc-47d7-956f-cb1d63eabba8|rpc:10.1.0.4:38075|dataStream:|priority:1], old=null
2022-08-08 17:32:05,779 [e097b380-c3a4-416d-961b-62d57346101a-server-thread1] INFO  segmented.SegmentedRaftLogWorker (SegmentedRaftLogWorker.java:startLogSegment(425)) - e097b380-c3a4-416d-961b-62d57346101a@group-1798FCDFD889-SegmentedRaftLogWorker: Starting segment from index:0
2022-08-08 17:32:05,794 [53355090-c5c3-46c8-9fb6-985b331fedcd-server-thread1] INFO  server.RaftServer$Division (ServerState.java:setRaftConf(393)) - 53355090-c5c3-46c8-9fb6-985b331fedcd@group-1798FCDFD889: set configuration 0: [53355090-c5c3-46c8-9fb6-985b331fedcd|rpc:10.1.0.4:44583|dataStream:|priority:0, e097b380-c3a4-416d-961b-62d57346101a|rpc:10.1.0.4:33879|dataStream:|priority:0, cf00da59-0cdc-47d7-956f-cb1d63eabba8|rpc:10.1.0.4:38075|dataStream:|priority:1], old=null
2022-08-08 17:32:05,795 [53355090-c5c3-46c8-9fb6-985b331fedcd-server-thread1] INFO  segmented.SegmentedRaftLogWorker (SegmentedRaftLogWorker.java:startLogSegment(425)) - 53355090-c5c3-46c8-9fb6-985b331fedcd@group-1798FCDFD889-SegmentedRaftLogWorker: Starting segment from index:0
2022-08-08 17:32:05,797 [e097b380-c3a4-416d-961b-62d57346101a@group-1798FCDFD889-SegmentedRaftLogWorker] INFO  segmented.SegmentedRaftLogWorker (SegmentedRaftLogWorker.java:execute(629)) - e097b380-c3a4-416d-961b-62d57346101a@group-1798FCDFD889-SegmentedRaftLogWorker: created new log segment /home/runner/work/ozone/ozone/hadoop-ozone/integration-test/target/test-dir/MiniOzoneClusterImpl-f558af99-55da-4127-a18c-29a24303d895/datanode-2/data/ratis/a45ae34e-5457-4e7e-a33f-1798fcdfd889/current/log_inprogress_0
2022-08-08 17:32:05,798 [53355090-c5c3-46c8-9fb6-985b331fedcd@group-1798FCDFD889-SegmentedRaftLogWorker] INFO  segmented.SegmentedRaftLogWorker (SegmentedRaftLogWorker.java:execute(629)) - 53355090-c5c3-46c8-9fb6-985b331fedcd@group-1798FCDFD889-SegmentedRaftLogWorker: created new log segment /home/runner/work/ozone/ozone/hadoop-ozone/integration-test/target/test-dir/MiniOzoneClusterImpl-f558af99-55da-4127-a18c-29a24303d895/datanode-1/data/ratis/a45ae34e-5457-4e7e-a33f-1798fcdfd889/current/log_inprogress_0
2022-08-08 17:32:05,856 [53355090-c5c3-46c8-9fb6-985b331fedcd@group-00B62E71E525-FollowerState] INFO  impl.FollowerState (FollowerState.java:run(143)) - 53355090-c5c3-46c8-9fb6-985b331fedcd@group-00B62E71E525-FollowerState: change to CANDIDATE, lastRpcElapsedTime:5091907940ns, electionTimeout:5082ms
2022-08-08 17:32:05,856 [53355090-c5c3-46c8-9fb6-985b331fedcd@group-00B62E71E525-FollowerState] INFO  impl.RoleInfo (RoleInfo.java:shutdownFollowerState(110)) - 53355090-c5c3-46c8-9fb6-985b331fedcd: shutdown 53355090-c5c3-46c8-9fb6-985b331fedcd@group-00B62E71E525-FollowerState
2022-08-08 17:32:05,856 [53355090-c5c3-46c8-9fb6-985b331fedcd@group-00B62E71E525-FollowerState] INFO  server.RaftServer$Division (RaftServerImpl.java:setRole(299)) - 53355090-c5c3-46c8-9fb6-985b331fedcd@group-00B62E71E525: changes role from  FOLLOWER to CANDIDATE at term 0 for changeToCandidate
2022-08-08 17:32:05,856 [53355090-c5c3-46c8-9fb6-985b331fedcd@group-00B62E71E525-FollowerState] INFO  server.RaftServerConfigKeys (ConfUtils.java:logGet(46)) - raft.server.leaderelection.pre-vote = false (custom)
2022-08-08 17:32:05,856 [53355090-c5c3-46c8-9fb6-985b331fedcd@group-00B62E71E525-FollowerState] INFO  impl.RoleInfo (RoleInfo.java:updateAndGet(139)) - 53355090-c5c3-46c8-9fb6-985b331fedcd: start 53355090-c5c3-46c8-9fb6-985b331fedcd@group-00B62E71E525-LeaderElection24
2022-08-08 17:32:05,865 [Time-limited test] INFO  rpc.RpcClient (RpcClient.java:createVolume(468)) - Creating Volume: volume04526, with user38319 as owner and space quota set to -1 bytes, counts quota set to -1
2022-08-08 17:32:05,869 [IPC Server handler 5 on default port 44865] INFO  volume.OMVolumeCreateRequest (OMVolumeCreateRequest.java:validateAndUpdateCache(195)) - created volume:volume04526 for user:user38319
2022-08-08 17:32:05,878 [53355090-c5c3-46c8-9fb6-985b331fedcd@group-00B62E71E525-LeaderElection24] INFO  impl.LeaderElection (LeaderElection.java:askForVotes(310)) - 53355090-c5c3-46c8-9fb6-985b331fedcd@group-00B62E71E525-LeaderElection24 ELECTION round 0: submit vote requests at term 1 for -1: [53355090-c5c3-46c8-9fb6-985b331fedcd|rpc:10.1.0.4:44583|priority:1], old=null
2022-08-08 17:32:05,878 [53355090-c5c3-46c8-9fb6-985b331fedcd@group-00B62E71E525-LeaderElection24] INFO  impl.LeaderElection (LeaderElection.java:askForVotes(312)) - 53355090-c5c3-46c8-9fb6-985b331fedcd@group-00B62E71E525-LeaderElection24 ELECTION round 0: result PASSED (term=1)
2022-08-08 17:32:05,878 [53355090-c5c3-46c8-9fb6-985b331fedcd@group-00B62E71E525-LeaderElection24] INFO  impl.RoleInfo (RoleInfo.java:shutdownLeaderElection(130)) - 53355090-c5c3-46c8-9fb6-985b331fedcd: shutdown 53355090-c5c3-46c8-9fb6-985b331fedcd@group-00B62E71E525-LeaderElection24
2022-08-08 17:32:05,879 [53355090-c5c3-46c8-9fb6-985b331fedcd@group-00B62E71E525-LeaderElection24] INFO  server.RaftServer$Division (RaftServerImpl.java:setRole(299)) - 53355090-c5c3-46c8-9fb6-985b331fedcd@group-00B62E71E525: changes role from CANDIDATE to LEADER at term 1 for changeToLeader
2022-08-08 17:32:05,879 [53355090-c5c3-46c8-9fb6-985b331fedcd@group-00B62E71E525-LeaderElection24] INFO  ratis.XceiverServerRatis (XceiverServerRatis.java:handleLeaderChangedNotification(863)) - Leader change notification received for group: group-00B62E71E525 with new leaderId: 53355090-c5c3-46c8-9fb6-985b331fedcd
2022-08-08 17:32:05,885 [Time-limited test] INFO  rpc.RpcClient (RpcClient.java:createBucket(671)) - Creating Bucket: volume04526/bucket88928, with bucket layout FILE_SYSTEM_OPTIMIZED, runner as owner, Versioning false, Storage Type set to DISK and Encryption set to false 
2022-08-08 17:32:05,886 [53355090-c5c3-46c8-9fb6-985b331fedcd@group-00B62E71E525-LeaderElection24] INFO  server.RaftServer$Division (ServerState.java:setLeader(287)) - 53355090-c5c3-46c8-9fb6-985b331fedcd@group-00B62E71E525: change Leader from null to 53355090-c5c3-46c8-9fb6-985b331fedcd at term 1 for becomeLeader, leader elected after 5139ms
2022-08-08 17:32:05,886 [53355090-c5c3-46c8-9fb6-985b331fedcd@group-00B62E71E525-LeaderElection24] INFO  server.RaftServerConfigKeys (ConfUtils.java:logGet(46)) - raft.server.staging.catchup.gap = 1000 (default)
2022-08-08 17:32:05,886 [53355090-c5c3-46c8-9fb6-985b331fedcd@group-00B62E71E525-LeaderElection24] INFO  server.RaftServerConfigKeys (ConfUtils.java:logGet(46)) - raft.server.write.element-limit = 1024 (custom)
2022-08-08 17:32:05,886 [53355090-c5c3-46c8-9fb6-985b331fedcd@group-00B62E71E525-LeaderElection24] INFO  server.RaftServerConfigKeys (ConfUtils.java:logGet(46)) - raft.server.write.byte-limit = 1024 M (=1073741824) (custom)
2022-08-08 17:32:05,887 [53355090-c5c3-46c8-9fb6-985b331fedcd@group-00B62E71E525-LeaderElection24] INFO  server.RaftServerConfigKeys (ConfUtils.java:logGet(46)) - raft.server.watch.timeout = 180s (custom)
2022-08-08 17:32:05,887 [53355090-c5c3-46c8-9fb6-985b331fedcd@group-00B62E71E525-LeaderElection24] INFO  server.RaftServerConfigKeys (ConfUtils.java:logGet(46)) - raft.server.watch.timeout.denomination = 1s (default)
2022-08-08 17:32:05,887 [53355090-c5c3-46c8-9fb6-985b331fedcd@group-00B62E71E525-LeaderElection24] INFO  server.RaftServerConfigKeys (ConfUtils.java:logGet(46)) - raft.server.watch.element-limit = 65536 (default)
2022-08-08 17:32:05,887 [53355090-c5c3-46c8-9fb6-985b331fedcd@group-00B62E71E525-LeaderElection24] INFO  server.RaftServerConfigKeys (ConfUtils.java:logGet(46)) - raft.server.write.element-limit = 1024 (custom)
2022-08-08 17:32:05,887 [53355090-c5c3-46c8-9fb6-985b331fedcd@group-00B62E71E525-LeaderElection24] INFO  server.RaftServerConfigKeys (ConfUtils.java:logGet(46)) - raft.server.write.follower.gap.ratio.max = -1.0 (default)
2022-08-08 17:32:05,887 [53355090-c5c3-46c8-9fb6-985b331fedcd@group-00B62E71E525-LeaderElection24] INFO  impl.RoleInfo (RoleInfo.java:updateAndGet(139)) - 53355090-c5c3-46c8-9fb6-985b331fedcd: start 53355090-c5c3-46c8-9fb6-985b331fedcd@group-00B62E71E525-LeaderStateImpl
2022-08-08 17:32:05,887 [53355090-c5c3-46c8-9fb6-985b331fedcd@group-00B62E71E525-LeaderElection24] INFO  segmented.SegmentedRaftLogWorker (SegmentedRaftLogWorker.java:startLogSegment(425)) - 53355090-c5c3-46c8-9fb6-985b331fedcd@group-00B62E71E525-SegmentedRaftLogWorker: Starting segment from index:0
2022-08-08 17:32:05,890 [53355090-c5c3-46c8-9fb6-985b331fedcd@group-00B62E71E525-SegmentedRaftLogWorker] INFO  segmented.SegmentedRaftLogWorker (SegmentedRaftLogWorker.java:execute(629)) - 53355090-c5c3-46c8-9fb6-985b331fedcd@group-00B62E71E525-SegmentedRaftLogWorker: created new log segment /home/runner/work/ozone/ozone/hadoop-ozone/integration-test/target/test-dir/MiniOzoneClusterImpl-f558af99-55da-4127-a18c-29a24303d895/datanode-1/data/ratis/9f52aab5-6dfa-41c5-93d3-00b62e71e525/current/log_inprogress_0
2022-08-08 17:32:05,911 [53355090-c5c3-46c8-9fb6-985b331fedcd@group-00B62E71E525-LeaderElection24] INFO  server.RaftServer$Division (ServerState.java:setRaftConf(393)) - 53355090-c5c3-46c8-9fb6-985b331fedcd@group-00B62E71E525: set configuration 0: [53355090-c5c3-46c8-9fb6-985b331fedcd|rpc:10.1.0.4:44583|dataStream:|priority:1], old=null
2022-08-08 17:32:05,911 [IPC Server handler 7 on default port 44865] INFO  bucket.OMBucketCreateRequest (OMBucketCreateRequest.java:validateAndUpdateCache(260)) - created bucket: bucket88928 of layout FILE_SYSTEM_OPTIMIZED in volume: volume04526
2022-08-08 17:32:05,931 [Time-limited test] INFO  ozone.TestRootedOzoneFileSystemWithFSO (TestRootedOzoneFileSystemWithFSO.java:testRenameDir(148)) - Created dir /volume04526/bucket88928/dir1/sub_dir1
2022-08-08 17:32:05,931 [Time-limited test] INFO  ozone.TestRootedOzoneFileSystemWithFSO (TestRootedOzoneFileSystemWithFSO.java:testRenameDir(149)) - Will move /volume04526/bucket88928/dir1 to /volume04526/bucket88928/dir1.renamed
]]></system-out>
  </testcase>
  <testcase name="testTempMount" classname="TestRootedOzoneFileSystemWithFSO" time="0">
    <skipped message="HDDS-2939"/>
  </testcase>
  <testcase name="testTempMount" classname="TestRootedOzoneFileSystemWithFSO" time="0">
    <skipped message="HDDS-2939"/>
  </testcase>
  <testcase name="testDeleteVolumeAndBucket" classname="TestRootedOzoneFileSystemWithFSO" time="1.374">
    <system-out><![CDATA[2022-08-08 17:30:53,464 [Time-limited test] INFO  rpc.RpcClient (RpcClient.java:createVolume(468)) - Creating Volume: volume70919, with user11328 as owner and space quota set to -1 bytes, counts quota set to -1
2022-08-08 17:30:53,469 [OM StateMachine ApplyTransaction Thread - 0] INFO  volume.OMVolumeCreateRequest (OMVolumeCreateRequest.java:validateAndUpdateCache(195)) - created volume:volume70919 for user:user11328
2022-08-08 17:30:53,472 [Time-limited test] INFO  rpc.RpcClient (RpcClient.java:createBucket(671)) - Creating Bucket: volume70919/bucket81775, with bucket layout FILE_SYSTEM_OPTIMIZED, runner as owner, Versioning false, Storage Type set to DISK and Encryption set to false 
2022-08-08 17:30:53,476 [OM StateMachine ApplyTransaction Thread - 0] INFO  bucket.OMBucketCreateRequest (OMBucketCreateRequest.java:validateAndUpdateCache(260)) - created bucket: bucket81775 of layout FILE_SYSTEM_OPTIMIZED in volume: volume70919
17:30:53.491 [IPC Server handler 0 on default port 37325] ERROR OMAudit - user=runner | ip=127.0.0.1 | op=READ_BUCKET {volume=volume-98825, bucket=bucket3} | ret=FAILURE
org.apache.hadoop.ozone.om.exceptions.OMException: Volume not found when getting bucket info
	at org.apache.hadoop.ozone.om.BucketManagerImpl.getBucketInfo(BucketManagerImpl.java:127) ~[ozone-manager-1.3.0-SNAPSHOT.jar:?]
	at org.apache.hadoop.ozone.om.OzoneManager.getBucketInfo(OzoneManager.java:2779) ~[ozone-manager-1.3.0-SNAPSHOT.jar:?]
	at org.apache.hadoop.ozone.protocolPB.OzoneManagerRequestHandler.infoBucket(OzoneManagerRequestHandler.java:471) ~[ozone-manager-1.3.0-SNAPSHOT.jar:?]
	at org.apache.hadoop.ozone.protocolPB.OzoneManagerRequestHandler.handleReadRequest(OzoneManagerRequestHandler.java:174) ~[ozone-manager-1.3.0-SNAPSHOT.jar:?]
	at org.apache.hadoop.ozone.protocolPB.OzoneManagerProtocolServerSideTranslatorPB.submitReadRequestToOM(OzoneManagerProtocolServerSideTranslatorPB.java:226) ~[ozone-manager-1.3.0-SNAPSHOT.jar:?]
	at org.apache.hadoop.ozone.protocolPB.OzoneManagerProtocolServerSideTranslatorPB.processRequest(OzoneManagerProtocolServerSideTranslatorPB.java:175) ~[ozone-manager-1.3.0-SNAPSHOT.jar:?]
	at org.apache.hadoop.hdds.server.OzoneProtocolMessageDispatcher.processRequest(OzoneProtocolMessageDispatcher.java:87) [hdds-server-framework-1.3.0-SNAPSHOT.jar:?]
	at org.apache.hadoop.ozone.protocolPB.OzoneManagerProtocolServerSideTranslatorPB.submitRequest(OzoneManagerProtocolServerSideTranslatorPB.java:147) [ozone-manager-1.3.0-SNAPSHOT.jar:?]
	at org.apache.hadoop.ozone.protocol.proto.OzoneManagerProtocolProtos$OzoneManagerService$2.callBlockingMethod(OzoneManagerProtocolProtos.java) [ozone-interface-client-1.3.0-SNAPSHOT.jar:?]
	at org.apache.hadoop.ipc.ProtobufRpcEngine$Server.processCall(ProtobufRpcEngine.java:466) [hadoop-common-3.3.1.jar:?]
	at org.apache.hadoop.ipc.ProtobufRpcEngine2$Server$ProtoBufRpcInvoker.call(ProtobufRpcEngine2.java:574) [hadoop-common-3.3.1.jar:?]
	at org.apache.hadoop.ipc.ProtobufRpcEngine2$Server$ProtoBufRpcInvoker.call(ProtobufRpcEngine2.java:552) [hadoop-common-3.3.1.jar:?]
	at org.apache.hadoop.ipc.RPC$Server.call(RPC.java:1093) [hadoop-common-3.3.1.jar:?]
	at org.apache.hadoop.ipc.Server$RpcCall.run(Server.java:1035) [hadoop-common-3.3.1.jar:?]
	at org.apache.hadoop.ipc.Server$RpcCall.run(Server.java:963) [hadoop-common-3.3.1.jar:?]
	at java.security.AccessController.doPrivileged(Native Method) ~[?:1.8.0_332]
	at javax.security.auth.Subject.doAs(Subject.java:422) [?:1.8.0_332]
	at org.apache.hadoop.security.UserGroupInformation.doAs(UserGroupInformation.java:1878) [hadoop-common-3.3.1.jar:?]
	at org.apache.hadoop.ipc.Server$Handler.run(Server.java:2966) [hadoop-common-3.3.1.jar:?]
2022-08-08 17:30:53,506 [Time-limited test] INFO  rpc.RpcClient (RpcClient.java:createVolume(468)) - Creating Volume: volume-98825, with runner as owner and space quota set to -1 bytes, counts quota set to -1
2022-08-08 17:30:53,510 [OM StateMachine ApplyTransaction Thread - 0] INFO  volume.OMVolumeCreateRequest (OMVolumeCreateRequest.java:validateAndUpdateCache(195)) - created volume:volume-98825 for user:runner
2022-08-08 17:30:53,513 [Time-limited test] INFO  rpc.RpcClient (RpcClient.java:createBucket(671)) - Creating Bucket: volume-98825/bucket3, with bucket layout FILE_SYSTEM_OPTIMIZED, runner as owner, Versioning false, Storage Type set to DISK and Encryption set to false 
2022-08-08 17:30:53,516 [OM StateMachine ApplyTransaction Thread - 0] INFO  bucket.OMBucketCreateRequest (OMBucketCreateRequest.java:validateAndUpdateCache(260)) - created bucket: bucket3 of layout FILE_SYSTEM_OPTIMIZED in volume: volume-98825
2022-08-08 17:30:53,560 [IPC Server handler 6 on default port 35903] INFO  ha.SequenceIdGenerator (SequenceIdGenerator.java:getNextId(128)) - Allocate a batch for containerId, change lastId from 0 to 1000.
2022-08-08 17:30:53,575 [IPC Server handler 6 on default port 35903] WARN  ha.SequenceIdGenerator (SequenceIdGenerator.java:allocateBatch(237)) - Failed to allocate a batch for localId, expected lastId is 0, actual lastId is 109611004723200000.
2022-08-08 17:30:53,576 [IPC Server handler 6 on default port 35903] INFO  ha.SequenceIdGenerator (SequenceIdGenerator.java:getNextId(128)) - Allocate a batch for localId, change lastId from 109611004723200000 to 109611004723201000.
2022-08-08 17:30:53,639 [Time-limited test] INFO  impl.MetricsSystemImpl (MetricsSystemImpl.java:init(158)) - XceiverClientMetrics metrics system started (again)
]]></system-out>
  </testcase>
  <testcase name="testDeleteVolumeAndBucket" classname="TestRootedOzoneFileSystemWithFSO" time="1.647">
    <system-out><![CDATA[2022-08-08 17:32:06,071 [Time-limited test] INFO  rpc.RpcClient (RpcClient.java:createVolume(468)) - Creating Volume: volume27535, with user32523 as owner and space quota set to -1 bytes, counts quota set to -1
2022-08-08 17:32:06,072 [IPC Server handler 8 on default port 44865] INFO  volume.OMVolumeCreateRequest (OMVolumeCreateRequest.java:validateAndUpdateCache(195)) - created volume:volume27535 for user:user32523
2022-08-08 17:32:06,076 [Time-limited test] INFO  rpc.RpcClient (RpcClient.java:createBucket(671)) - Creating Bucket: volume27535/bucket94977, with bucket layout FILE_SYSTEM_OPTIMIZED, runner as owner, Versioning false, Storage Type set to DISK and Encryption set to false 
2022-08-08 17:32:06,076 [IPC Server handler 1 on default port 44865] INFO  bucket.OMBucketCreateRequest (OMBucketCreateRequest.java:validateAndUpdateCache(260)) - created bucket: bucket94977 of layout FILE_SYSTEM_OPTIMIZED in volume: volume27535
17:32:06.083 [IPC Server handler 5 on default port 44865] ERROR OMAudit - user=runner | ip=127.0.0.1 | op=READ_BUCKET {volume=volume-52746, bucket=bucket3} | ret=FAILURE
org.apache.hadoop.ozone.om.exceptions.OMException: Volume not found when getting bucket info
	at org.apache.hadoop.ozone.om.BucketManagerImpl.getBucketInfo(BucketManagerImpl.java:127) ~[ozone-manager-1.3.0-SNAPSHOT.jar:?]
	at org.apache.hadoop.ozone.om.OzoneManager.getBucketInfo(OzoneManager.java:2779) ~[ozone-manager-1.3.0-SNAPSHOT.jar:?]
	at org.apache.hadoop.ozone.protocolPB.OzoneManagerRequestHandler.infoBucket(OzoneManagerRequestHandler.java:471) ~[ozone-manager-1.3.0-SNAPSHOT.jar:?]
	at org.apache.hadoop.ozone.protocolPB.OzoneManagerRequestHandler.handleReadRequest(OzoneManagerRequestHandler.java:174) ~[ozone-manager-1.3.0-SNAPSHOT.jar:?]
	at org.apache.hadoop.ozone.protocolPB.OzoneManagerProtocolServerSideTranslatorPB.submitRequestDirectlyToOM(OzoneManagerProtocolServerSideTranslatorPB.java:276) ~[ozone-manager-1.3.0-SNAPSHOT.jar:?]
	at org.apache.hadoop.ozone.protocolPB.OzoneManagerProtocolServerSideTranslatorPB.processRequest(OzoneManagerProtocolServerSideTranslatorPB.java:205) ~[ozone-manager-1.3.0-SNAPSHOT.jar:?]
	at org.apache.hadoop.hdds.server.OzoneProtocolMessageDispatcher.processRequest(OzoneProtocolMessageDispatcher.java:87) [hdds-server-framework-1.3.0-SNAPSHOT.jar:?]
	at org.apache.hadoop.ozone.protocolPB.OzoneManagerProtocolServerSideTranslatorPB.submitRequest(OzoneManagerProtocolServerSideTranslatorPB.java:147) [ozone-manager-1.3.0-SNAPSHOT.jar:?]
	at org.apache.hadoop.ozone.protocol.proto.OzoneManagerProtocolProtos$OzoneManagerService$2.callBlockingMethod(OzoneManagerProtocolProtos.java) [ozone-interface-client-1.3.0-SNAPSHOT.jar:?]
	at org.apache.hadoop.ipc.ProtobufRpcEngine$Server.processCall(ProtobufRpcEngine.java:466) [hadoop-common-3.3.1.jar:?]
	at org.apache.hadoop.ipc.ProtobufRpcEngine2$Server$ProtoBufRpcInvoker.call(ProtobufRpcEngine2.java:574) [hadoop-common-3.3.1.jar:?]
	at org.apache.hadoop.ipc.ProtobufRpcEngine2$Server$ProtoBufRpcInvoker.call(ProtobufRpcEngine2.java:552) [hadoop-common-3.3.1.jar:?]
	at org.apache.hadoop.ipc.RPC$Server.call(RPC.java:1093) [hadoop-common-3.3.1.jar:?]
	at org.apache.hadoop.ipc.Server$RpcCall.run(Server.java:1035) [hadoop-common-3.3.1.jar:?]
	at org.apache.hadoop.ipc.Server$RpcCall.run(Server.java:963) [hadoop-common-3.3.1.jar:?]
	at java.security.AccessController.doPrivileged(Native Method) ~[?:1.8.0_332]
	at javax.security.auth.Subject.doAs(Subject.java:422) [?:1.8.0_332]
	at org.apache.hadoop.security.UserGroupInformation.doAs(UserGroupInformation.java:1878) [hadoop-common-3.3.1.jar:?]
	at org.apache.hadoop.ipc.Server$Handler.run(Server.java:2966) [hadoop-common-3.3.1.jar:?]
2022-08-08 17:32:06,084 [Time-limited test] INFO  rpc.RpcClient (RpcClient.java:createVolume(468)) - Creating Volume: volume-52746, with runner as owner and space quota set to -1 bytes, counts quota set to -1
2022-08-08 17:32:06,084 [IPC Server handler 6 on default port 44865] INFO  volume.OMVolumeCreateRequest (OMVolumeCreateRequest.java:validateAndUpdateCache(195)) - created volume:volume-52746 for user:runner
2022-08-08 17:32:06,085 [Time-limited test] INFO  rpc.RpcClient (RpcClient.java:createBucket(671)) - Creating Bucket: volume-52746/bucket3, with bucket layout FILE_SYSTEM_OPTIMIZED, runner as owner, Versioning false, Storage Type set to DISK and Encryption set to false 
2022-08-08 17:32:06,086 [IPC Server handler 16 on default port 44865] INFO  bucket.OMBucketCreateRequest (OMBucketCreateRequest.java:validateAndUpdateCache(260)) - created bucket: bucket3 of layout FILE_SYSTEM_OPTIMIZED in volume: volume-52746
2022-08-08 17:32:06,114 [IPC Server handler 0 on default port 44507] INFO  ha.SequenceIdGenerator (SequenceIdGenerator.java:getNextId(128)) - Allocate a batch for containerId, change lastId from 0 to 1000.
2022-08-08 17:32:06,116 [IPC Server handler 0 on default port 44507] WARN  ha.SequenceIdGenerator (SequenceIdGenerator.java:allocateBatch(237)) - Failed to allocate a batch for localId, expected lastId is 0, actual lastId is 109611004723200000.
2022-08-08 17:32:06,117 [IPC Server handler 0 on default port 44507] INFO  ha.SequenceIdGenerator (SequenceIdGenerator.java:getNextId(128)) - Allocate a batch for localId, change lastId from 109611004723200000 to 109611004723201000.
2022-08-08 17:32:06,718 [e097b380-c3a4-416d-961b-62d57346101a@group-0D2DAC4D0735-FollowerState] INFO  impl.FollowerState (FollowerState.java:run(143)) - e097b380-c3a4-416d-961b-62d57346101a@group-0D2DAC4D0735-FollowerState: change to CANDIDATE, lastRpcElapsedTime:5133073177ns, electionTimeout:5132ms
2022-08-08 17:32:06,719 [e097b380-c3a4-416d-961b-62d57346101a@group-0D2DAC4D0735-FollowerState] INFO  impl.RoleInfo (RoleInfo.java:shutdownFollowerState(110)) - e097b380-c3a4-416d-961b-62d57346101a: shutdown e097b380-c3a4-416d-961b-62d57346101a@group-0D2DAC4D0735-FollowerState
2022-08-08 17:32:06,719 [e097b380-c3a4-416d-961b-62d57346101a@group-0D2DAC4D0735-FollowerState] INFO  server.RaftServer$Division (RaftServerImpl.java:setRole(299)) - e097b380-c3a4-416d-961b-62d57346101a@group-0D2DAC4D0735: changes role from  FOLLOWER to CANDIDATE at term 0 for changeToCandidate
2022-08-08 17:32:06,758 [e097b380-c3a4-416d-961b-62d57346101a@group-0D2DAC4D0735-FollowerState] INFO  server.RaftServerConfigKeys (ConfUtils.java:logGet(46)) - raft.server.leaderelection.pre-vote = false (custom)
2022-08-08 17:32:06,759 [e097b380-c3a4-416d-961b-62d57346101a@group-0D2DAC4D0735-FollowerState] INFO  impl.RoleInfo (RoleInfo.java:updateAndGet(139)) - e097b380-c3a4-416d-961b-62d57346101a: start e097b380-c3a4-416d-961b-62d57346101a@group-0D2DAC4D0735-LeaderElection25
2022-08-08 17:32:06,791 [e097b380-c3a4-416d-961b-62d57346101a@group-0D2DAC4D0735-LeaderElection25] INFO  impl.LeaderElection (LeaderElection.java:askForVotes(310)) - e097b380-c3a4-416d-961b-62d57346101a@group-0D2DAC4D0735-LeaderElection25 ELECTION round 0: submit vote requests at term 1 for -1: [e097b380-c3a4-416d-961b-62d57346101a|rpc:10.1.0.4:33879|priority:1], old=null
2022-08-08 17:32:06,792 [e097b380-c3a4-416d-961b-62d57346101a@group-0D2DAC4D0735-LeaderElection25] INFO  impl.LeaderElection (LeaderElection.java:askForVotes(312)) - e097b380-c3a4-416d-961b-62d57346101a@group-0D2DAC4D0735-LeaderElection25 ELECTION round 0: result PASSED (term=1)
2022-08-08 17:32:06,792 [e097b380-c3a4-416d-961b-62d57346101a@group-0D2DAC4D0735-LeaderElection25] INFO  impl.RoleInfo (RoleInfo.java:shutdownLeaderElection(130)) - e097b380-c3a4-416d-961b-62d57346101a: shutdown e097b380-c3a4-416d-961b-62d57346101a@group-0D2DAC4D0735-LeaderElection25
2022-08-08 17:32:06,792 [e097b380-c3a4-416d-961b-62d57346101a@group-0D2DAC4D0735-LeaderElection25] INFO  server.RaftServer$Division (RaftServerImpl.java:setRole(299)) - e097b380-c3a4-416d-961b-62d57346101a@group-0D2DAC4D0735: changes role from CANDIDATE to LEADER at term 1 for changeToLeader
2022-08-08 17:32:06,792 [e097b380-c3a4-416d-961b-62d57346101a@group-0D2DAC4D0735-LeaderElection25] INFO  ratis.XceiverServerRatis (XceiverServerRatis.java:handleLeaderChangedNotification(863)) - Leader change notification received for group: group-0D2DAC4D0735 with new leaderId: e097b380-c3a4-416d-961b-62d57346101a
2022-08-08 17:32:06,795 [e097b380-c3a4-416d-961b-62d57346101a@group-0D2DAC4D0735-LeaderElection25] INFO  server.RaftServer$Division (ServerState.java:setLeader(287)) - e097b380-c3a4-416d-961b-62d57346101a@group-0D2DAC4D0735: change Leader from null to e097b380-c3a4-416d-961b-62d57346101a at term 1 for becomeLeader, leader elected after 5217ms
2022-08-08 17:32:06,801 [e097b380-c3a4-416d-961b-62d57346101a@group-0D2DAC4D0735-LeaderElection25] INFO  server.RaftServerConfigKeys (ConfUtils.java:logGet(46)) - raft.server.staging.catchup.gap = 1000 (default)
2022-08-08 17:32:06,801 [e097b380-c3a4-416d-961b-62d57346101a@group-0D2DAC4D0735-LeaderElection25] INFO  server.RaftServerConfigKeys (ConfUtils.java:logGet(46)) - raft.server.write.element-limit = 1024 (custom)
2022-08-08 17:32:06,801 [e097b380-c3a4-416d-961b-62d57346101a@group-0D2DAC4D0735-LeaderElection25] INFO  server.RaftServerConfigKeys (ConfUtils.java:logGet(46)) - raft.server.write.byte-limit = 1024 M (=1073741824) (custom)
2022-08-08 17:32:06,801 [e097b380-c3a4-416d-961b-62d57346101a@group-0D2DAC4D0735-LeaderElection25] INFO  server.RaftServerConfigKeys (ConfUtils.java:logGet(46)) - raft.server.watch.timeout = 180s (custom)
2022-08-08 17:32:06,802 [e097b380-c3a4-416d-961b-62d57346101a@group-0D2DAC4D0735-LeaderElection25] INFO  server.RaftServerConfigKeys (ConfUtils.java:logGet(46)) - raft.server.watch.timeout.denomination = 1s (default)
2022-08-08 17:32:06,803 [e097b380-c3a4-416d-961b-62d57346101a@group-0D2DAC4D0735-LeaderElection25] INFO  server.RaftServerConfigKeys (ConfUtils.java:logGet(46)) - raft.server.watch.element-limit = 65536 (default)
2022-08-08 17:32:06,803 [e097b380-c3a4-416d-961b-62d57346101a@group-0D2DAC4D0735-LeaderElection25] INFO  server.RaftServerConfigKeys (ConfUtils.java:logGet(46)) - raft.server.write.element-limit = 1024 (custom)
2022-08-08 17:32:06,803 [e097b380-c3a4-416d-961b-62d57346101a@group-0D2DAC4D0735-LeaderElection25] INFO  server.RaftServerConfigKeys (ConfUtils.java:logGet(46)) - raft.server.write.follower.gap.ratio.max = -1.0 (default)
2022-08-08 17:32:06,803 [e097b380-c3a4-416d-961b-62d57346101a@group-0D2DAC4D0735-LeaderElection25] INFO  impl.RoleInfo (RoleInfo.java:updateAndGet(139)) - e097b380-c3a4-416d-961b-62d57346101a: start e097b380-c3a4-416d-961b-62d57346101a@group-0D2DAC4D0735-LeaderStateImpl
2022-08-08 17:32:06,803 [e097b380-c3a4-416d-961b-62d57346101a@group-0D2DAC4D0735-LeaderElection25] INFO  segmented.SegmentedRaftLogWorker (SegmentedRaftLogWorker.java:startLogSegment(425)) - e097b380-c3a4-416d-961b-62d57346101a@group-0D2DAC4D0735-SegmentedRaftLogWorker: Starting segment from index:0
2022-08-08 17:32:06,806 [e097b380-c3a4-416d-961b-62d57346101a@group-0D2DAC4D0735-SegmentedRaftLogWorker] INFO  segmented.SegmentedRaftLogWorker (SegmentedRaftLogWorker.java:execute(629)) - e097b380-c3a4-416d-961b-62d57346101a@group-0D2DAC4D0735-SegmentedRaftLogWorker: created new log segment /home/runner/work/ozone/ozone/hadoop-ozone/integration-test/target/test-dir/MiniOzoneClusterImpl-f558af99-55da-4127-a18c-29a24303d895/datanode-2/data/ratis/3e98d580-85f8-42d5-9a81-0d2dac4d0735/current/log_inprogress_0
2022-08-08 17:32:06,815 [e097b380-c3a4-416d-961b-62d57346101a@group-0D2DAC4D0735-LeaderElection25] INFO  server.RaftServer$Division (ServerState.java:setRaftConf(393)) - e097b380-c3a4-416d-961b-62d57346101a@group-0D2DAC4D0735: set configuration 0: [e097b380-c3a4-416d-961b-62d57346101a|rpc:10.1.0.4:33879|dataStream:|priority:1], old=null
2022-08-08 17:32:07,213 [Finalizer] WARN  managed.ManagedRocksObjectUtils (ManagedRocksObjectUtils.java:assertClosed(39)) - ManagedDBOptions is not closed properly
2022-08-08 17:32:07,213 [Finalizer] WARN  managed.ManagedRocksObjectUtils (ManagedRocksObjectUtils.java:assertClosed(39)) - ManagedColumnFamilyOptions is not closed properly
2022-08-08 17:32:07,213 [Finalizer] WARN  managed.ManagedRocksObjectUtils (ManagedRocksObjectUtils.java:assertClosed(39)) - ManagedLRUCache is not closed properly
2022-08-08 17:32:07,213 [Finalizer] WARN  managed.ManagedRocksObjectUtils (ManagedRocksObjectUtils.java:assertClosed(39)) - ManagedBloomFilter is not closed properly
2022-08-08 17:32:07,213 [Finalizer] WARN  managed.ManagedRocksObjectUtils (ManagedRocksObjectUtils.java:assertClosed(39)) - ManagedDBOptions is not closed properly
2022-08-08 17:32:07,213 [Finalizer] WARN  managed.ManagedRocksObjectUtils (ManagedRocksObjectUtils.java:assertClosed(39)) - ManagedColumnFamilyOptions is not closed properly
2022-08-08 17:32:07,213 [Finalizer] WARN  managed.ManagedRocksObjectUtils (ManagedRocksObjectUtils.java:assertClosed(39)) - ManagedLRUCache is not closed properly
2022-08-08 17:32:07,213 [Finalizer] WARN  managed.ManagedRocksObjectUtils (ManagedRocksObjectUtils.java:assertClosed(39)) - ManagedBloomFilter is not closed properly
2022-08-08 17:32:07,213 [Finalizer] WARN  managed.ManagedRocksObjectUtils (ManagedRocksObjectUtils.java:assertClosed(39)) - ManagedDBOptions is not closed properly
2022-08-08 17:32:07,213 [Finalizer] WARN  managed.ManagedRocksObjectUtils (ManagedRocksObjectUtils.java:assertClosed(39)) - ManagedColumnFamilyOptions is not closed properly
2022-08-08 17:32:07,213 [Finalizer] WARN  managed.ManagedRocksObjectUtils (ManagedRocksObjectUtils.java:assertClosed(39)) - ManagedLRUCache is not closed properly
2022-08-08 17:32:07,213 [Finalizer] WARN  managed.ManagedRocksObjectUtils (ManagedRocksObjectUtils.java:assertClosed(39)) - ManagedBloomFilter is not closed properly
2022-08-08 17:32:07,213 [Finalizer] WARN  managed.ManagedRocksObjectUtils (ManagedRocksObjectUtils.java:assertClosed(39)) - ManagedDBOptions is not closed properly
2022-08-08 17:32:07,213 [Finalizer] WARN  managed.ManagedRocksObjectUtils (ManagedRocksObjectUtils.java:assertClosed(39)) - ManagedColumnFamilyOptions is not closed properly
2022-08-08 17:32:07,213 [Finalizer] WARN  managed.ManagedRocksObjectUtils (ManagedRocksObjectUtils.java:assertClosed(39)) - ManagedLRUCache is not closed properly
2022-08-08 17:32:07,213 [Finalizer] WARN  managed.ManagedRocksObjectUtils (ManagedRocksObjectUtils.java:assertClosed(39)) - ManagedBloomFilter is not closed properly
2022-08-08 17:32:07,213 [Finalizer] WARN  managed.ManagedRocksObjectUtils (ManagedRocksObjectUtils.java:assertClosed(39)) - ManagedDBOptions is not closed properly
2022-08-08 17:32:07,214 [Finalizer] WARN  managed.ManagedRocksObjectUtils (ManagedRocksObjectUtils.java:assertClosed(39)) - ManagedColumnFamilyOptions is not closed properly
2022-08-08 17:32:07,214 [Finalizer] WARN  managed.ManagedRocksObjectUtils (ManagedRocksObjectUtils.java:assertClosed(39)) - ManagedLRUCache is not closed properly
2022-08-08 17:32:07,214 [Finalizer] WARN  managed.ManagedRocksObjectUtils (ManagedRocksObjectUtils.java:assertClosed(39)) - ManagedBloomFilter is not closed properly
2022-08-08 17:32:07,214 [Finalizer] WARN  managed.ManagedRocksObjectUtils (ManagedRocksObjectUtils.java:assertClosed(39)) - ManagedDBOptions is not closed properly
2022-08-08 17:32:07,214 [Finalizer] WARN  managed.ManagedRocksObjectUtils (ManagedRocksObjectUtils.java:assertClosed(39)) - ManagedColumnFamilyOptions is not closed properly
2022-08-08 17:32:07,214 [Finalizer] WARN  managed.ManagedRocksObjectUtils (ManagedRocksObjectUtils.java:assertClosed(39)) - ManagedLRUCache is not closed properly
2022-08-08 17:32:07,214 [Finalizer] WARN  managed.ManagedRocksObjectUtils (ManagedRocksObjectUtils.java:assertClosed(39)) - ManagedBloomFilter is not closed properly
2022-08-08 17:32:07,214 [Finalizer] WARN  managed.ManagedRocksObjectUtils (ManagedRocksObjectUtils.java:assertClosed(39)) - ManagedDBOptions is not closed properly
2022-08-08 17:32:07,214 [Finalizer] WARN  managed.ManagedRocksObjectUtils (ManagedRocksObjectUtils.java:assertClosed(39)) - ManagedColumnFamilyOptions is not closed properly
2022-08-08 17:32:07,214 [Finalizer] WARN  managed.ManagedRocksObjectUtils (ManagedRocksObjectUtils.java:assertClosed(39)) - ManagedLRUCache is not closed properly
2022-08-08 17:32:07,214 [Finalizer] WARN  managed.ManagedRocksObjectUtils (ManagedRocksObjectUtils.java:assertClosed(39)) - ManagedBloomFilter is not closed properly
2022-08-08 17:32:07,214 [Finalizer] WARN  managed.ManagedRocksObjectUtils (ManagedRocksObjectUtils.java:assertClosed(39)) - ManagedDBOptions is not closed properly
2022-08-08 17:32:07,214 [Finalizer] WARN  managed.ManagedRocksObjectUtils (ManagedRocksObjectUtils.java:assertClosed(39)) - ManagedColumnFamilyOptions is not closed properly
2022-08-08 17:32:07,214 [Finalizer] WARN  managed.ManagedRocksObjectUtils (ManagedRocksObjectUtils.java:assertClosed(39)) - ManagedLRUCache is not closed properly
2022-08-08 17:32:07,214 [Finalizer] WARN  managed.ManagedRocksObjectUtils (ManagedRocksObjectUtils.java:assertClosed(39)) - ManagedBloomFilter is not closed properly
2022-08-08 17:32:07,214 [Finalizer] WARN  managed.ManagedRocksObjectUtils (ManagedRocksObjectUtils.java:assertClosed(39)) - ManagedDBOptions is not closed properly
2022-08-08 17:32:07,214 [Finalizer] WARN  managed.ManagedRocksObjectUtils (ManagedRocksObjectUtils.java:assertClosed(39)) - ManagedColumnFamilyOptions is not closed properly
2022-08-08 17:32:07,214 [Finalizer] WARN  managed.ManagedRocksObjectUtils (ManagedRocksObjectUtils.java:assertClosed(39)) - ManagedLRUCache is not closed properly
2022-08-08 17:32:07,214 [Finalizer] WARN  managed.ManagedRocksObjectUtils (ManagedRocksObjectUtils.java:assertClosed(39)) - ManagedBloomFilter is not closed properly
]]></system-out>
  </testcase>
  <testcase name="testRenameDirToItsOwnSubDir" classname="TestRootedOzoneFileSystemWithFSO" time="0.106">
    <system-out><![CDATA[2022-08-08 17:30:54,842 [Time-limited test] INFO  rpc.RpcClient (RpcClient.java:createVolume(468)) - Creating Volume: volume57428, with user47909 as owner and space quota set to -1 bytes, counts quota set to -1
2022-08-08 17:30:54,847 [OM StateMachine ApplyTransaction Thread - 0] INFO  volume.OMVolumeCreateRequest (OMVolumeCreateRequest.java:validateAndUpdateCache(195)) - created volume:volume57428 for user:user47909
2022-08-08 17:30:54,852 [Time-limited test] INFO  rpc.RpcClient (RpcClient.java:createBucket(671)) - Creating Bucket: volume57428/bucket36157, with bucket layout FILE_SYSTEM_OPTIMIZED, runner as owner, Versioning false, Storage Type set to DISK and Encryption set to false 
2022-08-08 17:30:54,858 [OM StateMachine ApplyTransaction Thread - 0] INFO  bucket.OMBucketCreateRequest (OMBucketCreateRequest.java:validateAndUpdateCache(260)) - created bucket: bucket36157 of layout FILE_SYSTEM_OPTIMIZED in volume: volume57428
2022-08-08 17:30:54,866 [Time-limited test] INFO  ozone.TestRootedOzoneFileSystemWithFSO (TestRootedOzoneFileSystemWithFSO.java:testRenameDirToItsOwnSubDir(173)) - Created dir1 /volume57428/bucket36157/root/dir1/sub_dir1
2022-08-08 17:30:54,867 [Time-limited test] INFO  ozone.TestRootedOzoneFileSystemWithFSO (TestRootedOzoneFileSystemWithFSO.java:testRenameDirToItsOwnSubDir(174)) - Rename op-> source:/volume57428/bucket36157/root to destin:/volume57428/bucket36157/root/dir1/sub_dir1
17:30:54.872 [OM StateMachine ApplyTransaction Thread - 0] ERROR OMAudit - user=runner | ip=127.0.0.1 | op=RENAME_KEY {volume=volume57428, bucket=bucket36157, dataSize=0, replicationType=NONE, replicationFactor=ZERO, srcKey=root, dstKey=root/dir1/sub_dir1} | ret=FAILURE
org.apache.hadoop.ozone.om.exceptions.OMException: Cannot rename a directory to its own subdirectory
	at org.apache.hadoop.ozone.om.request.file.OMFileRequest.verifyToDirIsASubDirOfFromDirectory(OMFileRequest.java:795) ~[ozone-manager-1.3.0-SNAPSHOT.jar:?]
	at org.apache.hadoop.ozone.om.request.key.OMKeyRenameRequestWithFSO.validateAndUpdateCache(OMKeyRenameRequestWithFSO.java:144) ~[ozone-manager-1.3.0-SNAPSHOT.jar:?]
	at org.apache.hadoop.ozone.protocolPB.OzoneManagerRequestHandler.handleWriteRequest(OzoneManagerRequestHandler.java:300) ~[ozone-manager-1.3.0-SNAPSHOT.jar:?]
	at org.apache.hadoop.ozone.om.ratis.OzoneManagerStateMachine.runCommand(OzoneManagerStateMachine.java:529) ~[ozone-manager-1.3.0-SNAPSHOT.jar:?]
	at org.apache.hadoop.ozone.om.ratis.OzoneManagerStateMachine.lambda$1(OzoneManagerStateMachine.java:324) ~[ozone-manager-1.3.0-SNAPSHOT.jar:?]
	at java.util.concurrent.CompletableFuture$AsyncSupply.run(CompletableFuture.java:1604) [?:1.8.0_332]
	at java.util.concurrent.ThreadPoolExecutor.runWorker(ThreadPoolExecutor.java:1149) [?:1.8.0_332]
	at java.util.concurrent.ThreadPoolExecutor$Worker.run(ThreadPoolExecutor.java:624) [?:1.8.0_332]
	at java.lang.Thread.run(Thread.java:750) [?:1.8.0_332]
2022-08-08 17:30:54,872 [OM StateMachine ApplyTransaction Thread - 0] ERROR key.OMKeyRenameRequestWithFSO (OMKeyRenameRequestWithFSO.java:validateAndUpdateCache(234)) - Rename key failed for volume:volume57428 bucket:bucket36157 fromKey:root toKey:root/dir1/sub_dir1. Key: root not found.
2022-08-08 17:30:54,874 [Time-limited test] ERROR ozone.BasicRootedOzoneFileSystem (BasicRootedOzoneFileSystem.java:renameFSO(403)) - rename key failed: Cannot rename a directory to its own subdirectory. source:volume57428/bucket36157/root, destin:volume57428/bucket36157/root/dir1/sub_dir1
]]></system-out>
  </testcase>
  <testcase name="testRenameDirToItsOwnSubDir" classname="TestRootedOzoneFileSystemWithFSO" time="0.103">
    <system-out><![CDATA[2022-08-08 17:32:07,644 [6f3b8b9d-98c0-45ee-9faa-ef87da063f94@group-DD953A941461-FollowerState] INFO  impl.FollowerState (FollowerState.java:run(143)) - 6f3b8b9d-98c0-45ee-9faa-ef87da063f94@group-DD953A941461-FollowerState: change to CANDIDATE, lastRpcElapsedTime:5173230193ns, electionTimeout:5166ms
2022-08-08 17:32:07,645 [6f3b8b9d-98c0-45ee-9faa-ef87da063f94@group-DD953A941461-FollowerState] INFO  impl.RoleInfo (RoleInfo.java:shutdownFollowerState(110)) - 6f3b8b9d-98c0-45ee-9faa-ef87da063f94: shutdown 6f3b8b9d-98c0-45ee-9faa-ef87da063f94@group-DD953A941461-FollowerState
2022-08-08 17:32:07,645 [6f3b8b9d-98c0-45ee-9faa-ef87da063f94@group-DD953A941461-FollowerState] INFO  server.RaftServer$Division (RaftServerImpl.java:setRole(299)) - 6f3b8b9d-98c0-45ee-9faa-ef87da063f94@group-DD953A941461: changes role from  FOLLOWER to CANDIDATE at term 0 for changeToCandidate
2022-08-08 17:32:07,645 [6f3b8b9d-98c0-45ee-9faa-ef87da063f94@group-DD953A941461-FollowerState] INFO  server.RaftServerConfigKeys (ConfUtils.java:logGet(46)) - raft.server.leaderelection.pre-vote = false (custom)
2022-08-08 17:32:07,645 [6f3b8b9d-98c0-45ee-9faa-ef87da063f94@group-DD953A941461-FollowerState] INFO  impl.RoleInfo (RoleInfo.java:updateAndGet(139)) - 6f3b8b9d-98c0-45ee-9faa-ef87da063f94: start 6f3b8b9d-98c0-45ee-9faa-ef87da063f94@group-DD953A941461-LeaderElection26
2022-08-08 17:32:07,662 [6f3b8b9d-98c0-45ee-9faa-ef87da063f94@group-DD953A941461-LeaderElection26] INFO  impl.LeaderElection (LeaderElection.java:askForVotes(310)) - 6f3b8b9d-98c0-45ee-9faa-ef87da063f94@group-DD953A941461-LeaderElection26 ELECTION round 0: submit vote requests at term 1 for -1: [6f3b8b9d-98c0-45ee-9faa-ef87da063f94|rpc:10.1.0.4:36339|priority:1], old=null
2022-08-08 17:32:07,662 [6f3b8b9d-98c0-45ee-9faa-ef87da063f94@group-DD953A941461-LeaderElection26] INFO  impl.LeaderElection (LeaderElection.java:askForVotes(312)) - 6f3b8b9d-98c0-45ee-9faa-ef87da063f94@group-DD953A941461-LeaderElection26 ELECTION round 0: result PASSED (term=1)
2022-08-08 17:32:07,662 [6f3b8b9d-98c0-45ee-9faa-ef87da063f94@group-DD953A941461-LeaderElection26] INFO  impl.RoleInfo (RoleInfo.java:shutdownLeaderElection(130)) - 6f3b8b9d-98c0-45ee-9faa-ef87da063f94: shutdown 6f3b8b9d-98c0-45ee-9faa-ef87da063f94@group-DD953A941461-LeaderElection26
2022-08-08 17:32:07,662 [6f3b8b9d-98c0-45ee-9faa-ef87da063f94@group-DD953A941461-LeaderElection26] INFO  server.RaftServer$Division (RaftServerImpl.java:setRole(299)) - 6f3b8b9d-98c0-45ee-9faa-ef87da063f94@group-DD953A941461: changes role from CANDIDATE to LEADER at term 1 for changeToLeader
2022-08-08 17:32:07,662 [6f3b8b9d-98c0-45ee-9faa-ef87da063f94@group-DD953A941461-LeaderElection26] INFO  ratis.XceiverServerRatis (XceiverServerRatis.java:handleLeaderChangedNotification(863)) - Leader change notification received for group: group-DD953A941461 with new leaderId: 6f3b8b9d-98c0-45ee-9faa-ef87da063f94
2022-08-08 17:32:07,663 [6f3b8b9d-98c0-45ee-9faa-ef87da063f94@group-DD953A941461-LeaderElection26] INFO  server.RaftServer$Division (ServerState.java:setLeader(287)) - 6f3b8b9d-98c0-45ee-9faa-ef87da063f94@group-DD953A941461: change Leader from null to 6f3b8b9d-98c0-45ee-9faa-ef87da063f94 at term 1 for becomeLeader, leader elected after 5231ms
2022-08-08 17:32:07,663 [6f3b8b9d-98c0-45ee-9faa-ef87da063f94@group-DD953A941461-LeaderElection26] INFO  server.RaftServerConfigKeys (ConfUtils.java:logGet(46)) - raft.server.staging.catchup.gap = 1000 (default)
2022-08-08 17:32:07,663 [6f3b8b9d-98c0-45ee-9faa-ef87da063f94@group-DD953A941461-LeaderElection26] INFO  server.RaftServerConfigKeys (ConfUtils.java:logGet(46)) - raft.server.write.element-limit = 1024 (custom)
2022-08-08 17:32:07,663 [6f3b8b9d-98c0-45ee-9faa-ef87da063f94@group-DD953A941461-LeaderElection26] INFO  server.RaftServerConfigKeys (ConfUtils.java:logGet(46)) - raft.server.write.byte-limit = 1024 M (=1073741824) (custom)
2022-08-08 17:32:07,663 [6f3b8b9d-98c0-45ee-9faa-ef87da063f94@group-DD953A941461-LeaderElection26] INFO  server.RaftServerConfigKeys (ConfUtils.java:logGet(46)) - raft.server.watch.timeout = 180s (custom)
2022-08-08 17:32:07,663 [6f3b8b9d-98c0-45ee-9faa-ef87da063f94@group-DD953A941461-LeaderElection26] INFO  server.RaftServerConfigKeys (ConfUtils.java:logGet(46)) - raft.server.watch.timeout.denomination = 1s (default)
2022-08-08 17:32:07,663 [6f3b8b9d-98c0-45ee-9faa-ef87da063f94@group-DD953A941461-LeaderElection26] INFO  server.RaftServerConfigKeys (ConfUtils.java:logGet(46)) - raft.server.watch.element-limit = 65536 (default)
2022-08-08 17:32:07,664 [6f3b8b9d-98c0-45ee-9faa-ef87da063f94@group-DD953A941461-LeaderElection26] INFO  server.RaftServerConfigKeys (ConfUtils.java:logGet(46)) - raft.server.write.element-limit = 1024 (custom)
2022-08-08 17:32:07,664 [6f3b8b9d-98c0-45ee-9faa-ef87da063f94@group-DD953A941461-LeaderElection26] INFO  server.RaftServerConfigKeys (ConfUtils.java:logGet(46)) - raft.server.write.follower.gap.ratio.max = -1.0 (default)
2022-08-08 17:32:07,664 [6f3b8b9d-98c0-45ee-9faa-ef87da063f94@group-DD953A941461-LeaderElection26] INFO  impl.RoleInfo (RoleInfo.java:updateAndGet(139)) - 6f3b8b9d-98c0-45ee-9faa-ef87da063f94: start 6f3b8b9d-98c0-45ee-9faa-ef87da063f94@group-DD953A941461-LeaderStateImpl
2022-08-08 17:32:07,664 [6f3b8b9d-98c0-45ee-9faa-ef87da063f94@group-DD953A941461-LeaderElection26] INFO  segmented.SegmentedRaftLogWorker (SegmentedRaftLogWorker.java:startLogSegment(425)) - 6f3b8b9d-98c0-45ee-9faa-ef87da063f94@group-DD953A941461-SegmentedRaftLogWorker: Starting segment from index:0
2022-08-08 17:32:07,665 [6f3b8b9d-98c0-45ee-9faa-ef87da063f94@group-DD953A941461-SegmentedRaftLogWorker] INFO  segmented.SegmentedRaftLogWorker (SegmentedRaftLogWorker.java:execute(629)) - 6f3b8b9d-98c0-45ee-9faa-ef87da063f94@group-DD953A941461-SegmentedRaftLogWorker: created new log segment /home/runner/work/ozone/ozone/hadoop-ozone/integration-test/target/test-dir/MiniOzoneClusterImpl-f558af99-55da-4127-a18c-29a24303d895/datanode-3/data/ratis/d4b823d5-82c9-4c31-abc4-dd953a941461/current/log_inprogress_0
2022-08-08 17:32:07,671 [6f3b8b9d-98c0-45ee-9faa-ef87da063f94@group-DD953A941461-LeaderElection26] INFO  server.RaftServer$Division (ServerState.java:setRaftConf(393)) - 6f3b8b9d-98c0-45ee-9faa-ef87da063f94@group-DD953A941461: set configuration 0: [6f3b8b9d-98c0-45ee-9faa-ef87da063f94|rpc:10.1.0.4:36339|dataStream:|priority:1], old=null
2022-08-08 17:32:07,680 [Time-limited test] INFO  rpc.RpcClient (RpcClient.java:createVolume(468)) - Creating Volume: volume84770, with user04178 as owner and space quota set to -1 bytes, counts quota set to -1
2022-08-08 17:32:07,680 [IPC Server handler 2 on default port 44865] INFO  volume.OMVolumeCreateRequest (OMVolumeCreateRequest.java:validateAndUpdateCache(195)) - created volume:volume84770 for user:user04178
2022-08-08 17:32:07,687 [Time-limited test] INFO  rpc.RpcClient (RpcClient.java:createBucket(671)) - Creating Bucket: volume84770/bucket02942, with bucket layout FILE_SYSTEM_OPTIMIZED, runner as owner, Versioning false, Storage Type set to DISK and Encryption set to false 
2022-08-08 17:32:07,687 [IPC Server handler 0 on default port 44865] INFO  bucket.OMBucketCreateRequest (OMBucketCreateRequest.java:validateAndUpdateCache(260)) - created bucket: bucket02942 of layout FILE_SYSTEM_OPTIMIZED in volume: volume84770
2022-08-08 17:32:07,689 [Time-limited test] INFO  ozone.TestRootedOzoneFileSystemWithFSO (TestRootedOzoneFileSystemWithFSO.java:testRenameDirToItsOwnSubDir(173)) - Created dir1 /volume84770/bucket02942/root/dir1/sub_dir1
2022-08-08 17:32:07,689 [Time-limited test] INFO  ozone.TestRootedOzoneFileSystemWithFSO (TestRootedOzoneFileSystemWithFSO.java:testRenameDirToItsOwnSubDir(174)) - Rename op-> source:/volume84770/bucket02942/root to destin:/volume84770/bucket02942/root/dir1/sub_dir1
17:32:07.691 [IPC Server handler 6 on default port 44865] ERROR OMAudit - user=runner | ip=127.0.0.1 | op=RENAME_KEY {volume=volume84770, bucket=bucket02942, dataSize=0, replicationType=NONE, replicationFactor=ZERO, srcKey=root, dstKey=root/dir1/sub_dir1} | ret=FAILURE
org.apache.hadoop.ozone.om.exceptions.OMException: Cannot rename a directory to its own subdirectory
	at org.apache.hadoop.ozone.om.request.file.OMFileRequest.verifyToDirIsASubDirOfFromDirectory(OMFileRequest.java:795) ~[ozone-manager-1.3.0-SNAPSHOT.jar:?]
	at org.apache.hadoop.ozone.om.request.key.OMKeyRenameRequestWithFSO.validateAndUpdateCache(OMKeyRenameRequestWithFSO.java:144) ~[ozone-manager-1.3.0-SNAPSHOT.jar:?]
	at org.apache.hadoop.ozone.protocolPB.OzoneManagerRequestHandler.handleWriteRequest(OzoneManagerRequestHandler.java:300) ~[ozone-manager-1.3.0-SNAPSHOT.jar:?]
	at org.apache.hadoop.ozone.protocolPB.OzoneManagerProtocolServerSideTranslatorPB.submitRequestDirectlyToOM(OzoneManagerProtocolServerSideTranslatorPB.java:282) ~[ozone-manager-1.3.0-SNAPSHOT.jar:?]
	at org.apache.hadoop.ozone.protocolPB.OzoneManagerProtocolServerSideTranslatorPB.processRequest(OzoneManagerProtocolServerSideTranslatorPB.java:205) ~[ozone-manager-1.3.0-SNAPSHOT.jar:?]
	at org.apache.hadoop.hdds.server.OzoneProtocolMessageDispatcher.processRequest(OzoneProtocolMessageDispatcher.java:87) [hdds-server-framework-1.3.0-SNAPSHOT.jar:?]
	at org.apache.hadoop.ozone.protocolPB.OzoneManagerProtocolServerSideTranslatorPB.submitRequest(OzoneManagerProtocolServerSideTranslatorPB.java:147) [ozone-manager-1.3.0-SNAPSHOT.jar:?]
	at org.apache.hadoop.ozone.protocol.proto.OzoneManagerProtocolProtos$OzoneManagerService$2.callBlockingMethod(OzoneManagerProtocolProtos.java) [ozone-interface-client-1.3.0-SNAPSHOT.jar:?]
	at org.apache.hadoop.ipc.ProtobufRpcEngine$Server.processCall(ProtobufRpcEngine.java:466) [hadoop-common-3.3.1.jar:?]
	at org.apache.hadoop.ipc.ProtobufRpcEngine2$Server$ProtoBufRpcInvoker.call(ProtobufRpcEngine2.java:574) [hadoop-common-3.3.1.jar:?]
	at org.apache.hadoop.ipc.ProtobufRpcEngine2$Server$ProtoBufRpcInvoker.call(ProtobufRpcEngine2.java:552) [hadoop-common-3.3.1.jar:?]
	at org.apache.hadoop.ipc.RPC$Server.call(RPC.java:1093) [hadoop-common-3.3.1.jar:?]
	at org.apache.hadoop.ipc.Server$RpcCall.run(Server.java:1035) [hadoop-common-3.3.1.jar:?]
	at org.apache.hadoop.ipc.Server$RpcCall.run(Server.java:963) [hadoop-common-3.3.1.jar:?]
	at java.security.AccessController.doPrivileged(Native Method) ~[?:1.8.0_332]
	at javax.security.auth.Subject.doAs(Subject.java:422) [?:1.8.0_332]
	at org.apache.hadoop.security.UserGroupInformation.doAs(UserGroupInformation.java:1878) [hadoop-common-3.3.1.jar:?]
	at org.apache.hadoop.ipc.Server$Handler.run(Server.java:2966) [hadoop-common-3.3.1.jar:?]
2022-08-08 17:32:07,691 [IPC Server handler 6 on default port 44865] ERROR key.OMKeyRenameRequestWithFSO (OMKeyRenameRequestWithFSO.java:validateAndUpdateCache(234)) - Rename key failed for volume:volume84770 bucket:bucket02942 fromKey:root toKey:root/dir1/sub_dir1. Key: root not found.
2022-08-08 17:32:07,695 [Time-limited test] ERROR ozone.BasicRootedOzoneFileSystem (BasicRootedOzoneFileSystem.java:renameFSO(403)) - rename key failed: Cannot rename a directory to its own subdirectory. source:volume84770/bucket02942/root, destin:volume84770/bucket02942/root/dir1/sub_dir1
]]></system-out>
  </testcase>
  <testcase name="testOzoneFsServiceLoader" classname="TestRootedOzoneFileSystemWithFSO" time="0">
    <skipped message="HDDS-2939"/>
  </testcase>
  <testcase name="testOzoneFsServiceLoader" classname="TestRootedOzoneFileSystemWithFSO" time="0">
    <skipped message="HDDS-2939"/>
  </testcase>
  <testcase name="testRenameDestinationParentDoesntExist" classname="TestRootedOzoneFileSystemWithFSO" time="0.146">
    <system-out><![CDATA[2022-08-08 17:30:54,962 [Time-limited test] INFO  rpc.RpcClient (RpcClient.java:createVolume(468)) - Creating Volume: volume87255, with user85853 as owner and space quota set to -1 bytes, counts quota set to -1
2022-08-08 17:30:54,966 [OM StateMachine ApplyTransaction Thread - 0] INFO  volume.OMVolumeCreateRequest (OMVolumeCreateRequest.java:validateAndUpdateCache(195)) - created volume:volume87255 for user:user85853
2022-08-08 17:30:54,970 [Time-limited test] INFO  rpc.RpcClient (RpcClient.java:createBucket(671)) - Creating Bucket: volume87255/bucket23780, with bucket layout FILE_SYSTEM_OPTIMIZED, runner as owner, Versioning false, Storage Type set to DISK and Encryption set to false 
2022-08-08 17:30:54,973 [OM StateMachine ApplyTransaction Thread - 0] INFO  bucket.OMBucketCreateRequest (OMBucketCreateRequest.java:validateAndUpdateCache(260)) - created bucket: bucket23780 of layout FILE_SYSTEM_OPTIMIZED in volume: volume87255
17:30:54.988 [OM StateMachine ApplyTransaction Thread - 0] ERROR OMAudit - user=runner | ip=127.0.0.1 | op=RENAME_KEY {volume=volume87255, bucket=bucket23780, dataSize=0, replicationType=NONE, replicationFactor=ZERO, srcKey=root_dir/dir1/dir2, dstKey=root_dir/b/c} | ret=FAILURE
org.apache.hadoop.ozone.om.exceptions.OMException: Failed to rename root_dir/dir1/dir2 to root_dir/b/c, root_dir/b doesn't exist
	at org.apache.hadoop.ozone.om.request.file.OMFileRequest.getToKeyNameParentId(OMFileRequest.java:837) ~[ozone-manager-1.3.0-SNAPSHOT.jar:?]
	at org.apache.hadoop.ozone.om.request.key.OMKeyRenameRequestWithFSO.validateAndUpdateCache(OMKeyRenameRequestWithFSO.java:200) ~[ozone-manager-1.3.0-SNAPSHOT.jar:?]
	at org.apache.hadoop.ozone.protocolPB.OzoneManagerRequestHandler.handleWriteRequest(OzoneManagerRequestHandler.java:300) ~[ozone-manager-1.3.0-SNAPSHOT.jar:?]
	at org.apache.hadoop.ozone.om.ratis.OzoneManagerStateMachine.runCommand(OzoneManagerStateMachine.java:529) ~[ozone-manager-1.3.0-SNAPSHOT.jar:?]
	at org.apache.hadoop.ozone.om.ratis.OzoneManagerStateMachine.lambda$1(OzoneManagerStateMachine.java:324) ~[ozone-manager-1.3.0-SNAPSHOT.jar:?]
	at java.util.concurrent.CompletableFuture$AsyncSupply.run(CompletableFuture.java:1604) [?:1.8.0_332]
	at java.util.concurrent.ThreadPoolExecutor.runWorker(ThreadPoolExecutor.java:1149) [?:1.8.0_332]
	at java.util.concurrent.ThreadPoolExecutor$Worker.run(ThreadPoolExecutor.java:624) [?:1.8.0_332]
	at java.lang.Thread.run(Thread.java:750) [?:1.8.0_332]
2022-08-08 17:30:54,988 [OM StateMachine ApplyTransaction Thread - 0] ERROR key.OMKeyRenameRequestWithFSO (OMKeyRenameRequestWithFSO.java:validateAndUpdateCache(234)) - Rename key failed for volume:volume87255 bucket:bucket23780 fromKey:root_dir/dir1/dir2 toKey:root_dir/b/c. Key: root_dir/dir1/dir2 not found.
2022-08-08 17:30:54,989 [Time-limited test] ERROR ozone.BasicRootedOzoneFileSystem (BasicRootedOzoneFileSystem.java:renameFSO(403)) - rename key failed: Failed to rename root_dir/dir1/dir2 to root_dir/b/c, root_dir/b doesn't exist. source:volume87255/bucket23780/root_dir/dir1/dir2, destin:volume87255/bucket23780/root_dir/b/c
17:30:55.018 [OM StateMachine ApplyTransaction Thread - 0] ERROR OMAudit - user=runner | ip=127.0.0.1 | op=RENAME_KEY {volume=volume87255, bucket=bucket23780, dataSize=0, replicationType=NONE, replicationFactor=ZERO, srcKey=root_dir/dir1/dir2, dstKey=root_dir/file1/c} | ret=FAILURE
org.apache.hadoop.ozone.om.exceptions.OMException: Failed to rename root_dir/dir1/dir2 to root_dir/file1/c, root_dir/file1 is a file
	at org.apache.hadoop.ozone.om.request.file.OMFileRequest.getToKeyNameParentId(OMFileRequest.java:842) ~[ozone-manager-1.3.0-SNAPSHOT.jar:?]
	at org.apache.hadoop.ozone.om.request.key.OMKeyRenameRequestWithFSO.validateAndUpdateCache(OMKeyRenameRequestWithFSO.java:200) ~[ozone-manager-1.3.0-SNAPSHOT.jar:?]
	at org.apache.hadoop.ozone.protocolPB.OzoneManagerRequestHandler.handleWriteRequest(OzoneManagerRequestHandler.java:300) ~[ozone-manager-1.3.0-SNAPSHOT.jar:?]
	at org.apache.hadoop.ozone.om.ratis.OzoneManagerStateMachine.runCommand(OzoneManagerStateMachine.java:529) ~[ozone-manager-1.3.0-SNAPSHOT.jar:?]
	at org.apache.hadoop.ozone.om.ratis.OzoneManagerStateMachine.lambda$1(OzoneManagerStateMachine.java:324) ~[ozone-manager-1.3.0-SNAPSHOT.jar:?]
	at java.util.concurrent.CompletableFuture$AsyncSupply.run(CompletableFuture.java:1604) [?:1.8.0_332]
	at java.util.concurrent.ThreadPoolExecutor.runWorker(ThreadPoolExecutor.java:1149) [?:1.8.0_332]
	at java.util.concurrent.ThreadPoolExecutor$Worker.run(ThreadPoolExecutor.java:624) [?:1.8.0_332]
	at java.lang.Thread.run(Thread.java:750) [?:1.8.0_332]
2022-08-08 17:30:55,019 [OM StateMachine ApplyTransaction Thread - 0] ERROR key.OMKeyRenameRequestWithFSO (OMKeyRenameRequestWithFSO.java:validateAndUpdateCache(234)) - Rename key failed for volume:volume87255 bucket:bucket23780 fromKey:root_dir/dir1/dir2 toKey:root_dir/file1/c. Key: root_dir/dir1/dir2 not found.
2022-08-08 17:30:55,024 [Time-limited test] ERROR ozone.BasicRootedOzoneFileSystem (BasicRootedOzoneFileSystem.java:renameFSO(403)) - rename key failed: Failed to rename root_dir/dir1/dir2 to root_dir/file1/c, root_dir/file1 is a file. source:volume87255/bucket23780/root_dir/dir1/dir2, destin:volume87255/bucket23780/root_dir/file1/c
]]></system-out>
  </testcase>
  <testcase name="testRenameDestinationParentDoesntExist" classname="TestRootedOzoneFileSystemWithFSO" time="0.094">
    <system-out><![CDATA[2022-08-08 17:32:07,770 [Time-limited test] INFO  rpc.RpcClient (RpcClient.java:createVolume(468)) - Creating Volume: volume61337, with user14559 as owner and space quota set to -1 bytes, counts quota set to -1
2022-08-08 17:32:07,771 [IPC Server handler 10 on default port 44865] INFO  volume.OMVolumeCreateRequest (OMVolumeCreateRequest.java:validateAndUpdateCache(195)) - created volume:volume61337 for user:user14559
2022-08-08 17:32:07,774 [Time-limited test] INFO  rpc.RpcClient (RpcClient.java:createBucket(671)) - Creating Bucket: volume61337/bucket94286, with bucket layout FILE_SYSTEM_OPTIMIZED, runner as owner, Versioning false, Storage Type set to DISK and Encryption set to false 
2022-08-08 17:32:07,774 [IPC Server handler 12 on default port 44865] INFO  bucket.OMBucketCreateRequest (OMBucketCreateRequest.java:validateAndUpdateCache(260)) - created bucket: bucket94286 of layout FILE_SYSTEM_OPTIMIZED in volume: volume61337
17:32:07.783 [IPC Server handler 18 on default port 44865] ERROR OMAudit - user=runner | ip=127.0.0.1 | op=RENAME_KEY {volume=volume61337, bucket=bucket94286, dataSize=0, replicationType=NONE, replicationFactor=ZERO, srcKey=root_dir/dir1/dir2, dstKey=root_dir/b/c} | ret=FAILURE
org.apache.hadoop.ozone.om.exceptions.OMException: Failed to rename root_dir/dir1/dir2 to root_dir/b/c, root_dir/b doesn't exist
	at org.apache.hadoop.ozone.om.request.file.OMFileRequest.getToKeyNameParentId(OMFileRequest.java:837) ~[ozone-manager-1.3.0-SNAPSHOT.jar:?]
	at org.apache.hadoop.ozone.om.request.key.OMKeyRenameRequestWithFSO.validateAndUpdateCache(OMKeyRenameRequestWithFSO.java:200) ~[ozone-manager-1.3.0-SNAPSHOT.jar:?]
	at org.apache.hadoop.ozone.protocolPB.OzoneManagerRequestHandler.handleWriteRequest(OzoneManagerRequestHandler.java:300) ~[ozone-manager-1.3.0-SNAPSHOT.jar:?]
	at org.apache.hadoop.ozone.protocolPB.OzoneManagerProtocolServerSideTranslatorPB.submitRequestDirectlyToOM(OzoneManagerProtocolServerSideTranslatorPB.java:282) ~[ozone-manager-1.3.0-SNAPSHOT.jar:?]
	at org.apache.hadoop.ozone.protocolPB.OzoneManagerProtocolServerSideTranslatorPB.processRequest(OzoneManagerProtocolServerSideTranslatorPB.java:205) ~[ozone-manager-1.3.0-SNAPSHOT.jar:?]
	at org.apache.hadoop.hdds.server.OzoneProtocolMessageDispatcher.processRequest(OzoneProtocolMessageDispatcher.java:87) [hdds-server-framework-1.3.0-SNAPSHOT.jar:?]
	at org.apache.hadoop.ozone.protocolPB.OzoneManagerProtocolServerSideTranslatorPB.submitRequest(OzoneManagerProtocolServerSideTranslatorPB.java:147) [ozone-manager-1.3.0-SNAPSHOT.jar:?]
	at org.apache.hadoop.ozone.protocol.proto.OzoneManagerProtocolProtos$OzoneManagerService$2.callBlockingMethod(OzoneManagerProtocolProtos.java) [ozone-interface-client-1.3.0-SNAPSHOT.jar:?]
	at org.apache.hadoop.ipc.ProtobufRpcEngine$Server.processCall(ProtobufRpcEngine.java:466) [hadoop-common-3.3.1.jar:?]
	at org.apache.hadoop.ipc.ProtobufRpcEngine2$Server$ProtoBufRpcInvoker.call(ProtobufRpcEngine2.java:574) [hadoop-common-3.3.1.jar:?]
	at org.apache.hadoop.ipc.ProtobufRpcEngine2$Server$ProtoBufRpcInvoker.call(ProtobufRpcEngine2.java:552) [hadoop-common-3.3.1.jar:?]
	at org.apache.hadoop.ipc.RPC$Server.call(RPC.java:1093) [hadoop-common-3.3.1.jar:?]
	at org.apache.hadoop.ipc.Server$RpcCall.run(Server.java:1035) [hadoop-common-3.3.1.jar:?]
	at org.apache.hadoop.ipc.Server$RpcCall.run(Server.java:963) [hadoop-common-3.3.1.jar:?]
	at java.security.AccessController.doPrivileged(Native Method) ~[?:1.8.0_332]
	at javax.security.auth.Subject.doAs(Subject.java:422) [?:1.8.0_332]
	at org.apache.hadoop.security.UserGroupInformation.doAs(UserGroupInformation.java:1878) [hadoop-common-3.3.1.jar:?]
	at org.apache.hadoop.ipc.Server$Handler.run(Server.java:2966) [hadoop-common-3.3.1.jar:?]
2022-08-08 17:32:07,783 [IPC Server handler 18 on default port 44865] ERROR key.OMKeyRenameRequestWithFSO (OMKeyRenameRequestWithFSO.java:validateAndUpdateCache(234)) - Rename key failed for volume:volume61337 bucket:bucket94286 fromKey:root_dir/dir1/dir2 toKey:root_dir/b/c. Key: root_dir/dir1/dir2 not found.
2022-08-08 17:32:07,786 [Time-limited test] ERROR ozone.BasicRootedOzoneFileSystem (BasicRootedOzoneFileSystem.java:renameFSO(403)) - rename key failed: Failed to rename root_dir/dir1/dir2 to root_dir/b/c, root_dir/b doesn't exist. source:volume61337/bucket94286/root_dir/dir1/dir2, destin:volume61337/bucket94286/root_dir/b/c
17:32:07.791 [IPC Server handler 1 on default port 44865] ERROR OMAudit - user=runner | ip=127.0.0.1 | op=RENAME_KEY {volume=volume61337, bucket=bucket94286, dataSize=0, replicationType=NONE, replicationFactor=ZERO, srcKey=root_dir/dir1/dir2, dstKey=root_dir/file1/c} | ret=FAILURE
org.apache.hadoop.ozone.om.exceptions.OMException: Failed to rename root_dir/dir1/dir2 to root_dir/file1/c, root_dir/file1 is a file
	at org.apache.hadoop.ozone.om.request.file.OMFileRequest.getToKeyNameParentId(OMFileRequest.java:842) ~[ozone-manager-1.3.0-SNAPSHOT.jar:?]
	at org.apache.hadoop.ozone.om.request.key.OMKeyRenameRequestWithFSO.validateAndUpdateCache(OMKeyRenameRequestWithFSO.java:200) ~[ozone-manager-1.3.0-SNAPSHOT.jar:?]
	at org.apache.hadoop.ozone.protocolPB.OzoneManagerRequestHandler.handleWriteRequest(OzoneManagerRequestHandler.java:300) ~[ozone-manager-1.3.0-SNAPSHOT.jar:?]
	at org.apache.hadoop.ozone.protocolPB.OzoneManagerProtocolServerSideTranslatorPB.submitRequestDirectlyToOM(OzoneManagerProtocolServerSideTranslatorPB.java:282) ~[ozone-manager-1.3.0-SNAPSHOT.jar:?]
	at org.apache.hadoop.ozone.protocolPB.OzoneManagerProtocolServerSideTranslatorPB.processRequest(OzoneManagerProtocolServerSideTranslatorPB.java:205) ~[ozone-manager-1.3.0-SNAPSHOT.jar:?]
	at org.apache.hadoop.hdds.server.OzoneProtocolMessageDispatcher.processRequest(OzoneProtocolMessageDispatcher.java:87) [hdds-server-framework-1.3.0-SNAPSHOT.jar:?]
	at org.apache.hadoop.ozone.protocolPB.OzoneManagerProtocolServerSideTranslatorPB.submitRequest(OzoneManagerProtocolServerSideTranslatorPB.java:147) [ozone-manager-1.3.0-SNAPSHOT.jar:?]
	at org.apache.hadoop.ozone.protocol.proto.OzoneManagerProtocolProtos$OzoneManagerService$2.callBlockingMethod(OzoneManagerProtocolProtos.java) [ozone-interface-client-1.3.0-SNAPSHOT.jar:?]
	at org.apache.hadoop.ipc.ProtobufRpcEngine$Server.processCall(ProtobufRpcEngine.java:466) [hadoop-common-3.3.1.jar:?]
	at org.apache.hadoop.ipc.ProtobufRpcEngine2$Server$ProtoBufRpcInvoker.call(ProtobufRpcEngine2.java:574) [hadoop-common-3.3.1.jar:?]
	at org.apache.hadoop.ipc.ProtobufRpcEngine2$Server$ProtoBufRpcInvoker.call(ProtobufRpcEngine2.java:552) [hadoop-common-3.3.1.jar:?]
	at org.apache.hadoop.ipc.RPC$Server.call(RPC.java:1093) [hadoop-common-3.3.1.jar:?]
	at org.apache.hadoop.ipc.Server$RpcCall.run(Server.java:1035) [hadoop-common-3.3.1.jar:?]
	at org.apache.hadoop.ipc.Server$RpcCall.run(Server.java:963) [hadoop-common-3.3.1.jar:?]
	at java.security.AccessController.doPrivileged(Native Method) ~[?:1.8.0_332]
	at javax.security.auth.Subject.doAs(Subject.java:422) [?:1.8.0_332]
	at org.apache.hadoop.security.UserGroupInformation.doAs(UserGroupInformation.java:1878) [hadoop-common-3.3.1.jar:?]
	at org.apache.hadoop.ipc.Server$Handler.run(Server.java:2966) [hadoop-common-3.3.1.jar:?]
2022-08-08 17:32:07,792 [IPC Server handler 1 on default port 44865] ERROR key.OMKeyRenameRequestWithFSO (OMKeyRenameRequestWithFSO.java:validateAndUpdateCache(234)) - Rename key failed for volume:volume61337 bucket:bucket94286 fromKey:root_dir/dir1/dir2 toKey:root_dir/file1/c. Key: root_dir/dir1/dir2 not found.
2022-08-08 17:32:07,792 [Time-limited test] ERROR ozone.BasicRootedOzoneFileSystem (BasicRootedOzoneFileSystem.java:renameFSO(403)) - rename key failed: Failed to rename root_dir/dir1/dir2 to root_dir/file1/c, root_dir/file1 is a file. source:volume61337/bucket94286/root_dir/dir1/dir2, destin:volume61337/bucket94286/root_dir/file1/c
]]></system-out>
  </testcase>
  <testcase name="testCreateWithInvalidPaths" classname="TestRootedOzoneFileSystemWithFSO" time="0">
    <skipped message="HDDS-2939"/>
  </testcase>
  <testcase name="testCreateWithInvalidPaths" classname="TestRootedOzoneFileSystemWithFSO" time="0">
    <skipped message="HDDS-2939"/>
  </testcase>
  <testcase name="testListStatusFSO" classname="TestRootedOzoneFileSystemWithFSO" time="11.466">
    <system-out><![CDATA[2022-08-08 17:30:55,091 [Time-limited test] INFO  rpc.RpcClient (RpcClient.java:createVolume(468)) - Creating Volume: volume63711, with user89814 as owner and space quota set to -1 bytes, counts quota set to -1
2022-08-08 17:30:55,095 [OM StateMachine ApplyTransaction Thread - 0] INFO  volume.OMVolumeCreateRequest (OMVolumeCreateRequest.java:validateAndUpdateCache(195)) - created volume:volume63711 for user:user89814
2022-08-08 17:30:55,102 [Time-limited test] INFO  rpc.RpcClient (RpcClient.java:createBucket(671)) - Creating Bucket: volume63711/bucket06845, with bucket layout FILE_SYSTEM_OPTIMIZED, runner as owner, Versioning false, Storage Type set to DISK and Encryption set to false 
2022-08-08 17:30:55,107 [OM StateMachine ApplyTransaction Thread - 0] INFO  bucket.OMBucketCreateRequest (OMBucketCreateRequest.java:validateAndUpdateCache(260)) - created bucket: bucket06845 of layout FILE_SYSTEM_OPTIMIZED in volume: volume63711
2022-08-08 17:30:55,355 [Finalizer] WARN  managed.ManagedRocksObjectUtils (ManagedRocksObjectUtils.java:assertClosed(39)) - ManagedDBOptions is not closed properly
2022-08-08 17:30:55,355 [Finalizer] WARN  managed.ManagedRocksObjectUtils (ManagedRocksObjectUtils.java:assertClosed(39)) - ManagedColumnFamilyOptions is not closed properly
2022-08-08 17:30:55,355 [Finalizer] WARN  managed.ManagedRocksObjectUtils (ManagedRocksObjectUtils.java:assertClosed(39)) - ManagedLRUCache is not closed properly
2022-08-08 17:30:55,355 [Finalizer] WARN  managed.ManagedRocksObjectUtils (ManagedRocksObjectUtils.java:assertClosed(39)) - ManagedBloomFilter is not closed properly
2022-08-08 17:30:55,355 [Finalizer] WARN  managed.ManagedRocksObjectUtils (ManagedRocksObjectUtils.java:assertClosed(39)) - ManagedDBOptions is not closed properly
2022-08-08 17:30:55,355 [Finalizer] WARN  managed.ManagedRocksObjectUtils (ManagedRocksObjectUtils.java:assertClosed(39)) - ManagedColumnFamilyOptions is not closed properly
2022-08-08 17:30:55,355 [Finalizer] WARN  managed.ManagedRocksObjectUtils (ManagedRocksObjectUtils.java:assertClosed(39)) - ManagedLRUCache is not closed properly
2022-08-08 17:30:55,355 [Finalizer] WARN  managed.ManagedRocksObjectUtils (ManagedRocksObjectUtils.java:assertClosed(39)) - ManagedBloomFilter is not closed properly
2022-08-08 17:30:55,355 [Finalizer] WARN  managed.ManagedRocksObjectUtils (ManagedRocksObjectUtils.java:assertClosed(39)) - ManagedDBOptions is not closed properly
2022-08-08 17:30:55,355 [Finalizer] WARN  managed.ManagedRocksObjectUtils (ManagedRocksObjectUtils.java:assertClosed(39)) - ManagedColumnFamilyOptions is not closed properly
2022-08-08 17:30:55,355 [Finalizer] WARN  managed.ManagedRocksObjectUtils (ManagedRocksObjectUtils.java:assertClosed(39)) - ManagedLRUCache is not closed properly
2022-08-08 17:30:55,355 [Finalizer] WARN  managed.ManagedRocksObjectUtils (ManagedRocksObjectUtils.java:assertClosed(39)) - ManagedBloomFilter is not closed properly
2022-08-08 17:30:55,355 [Finalizer] WARN  managed.ManagedRocksObjectUtils (ManagedRocksObjectUtils.java:assertClosed(39)) - ManagedDBOptions is not closed properly
2022-08-08 17:30:55,355 [Finalizer] WARN  managed.ManagedRocksObjectUtils (ManagedRocksObjectUtils.java:assertClosed(39)) - ManagedColumnFamilyOptions is not closed properly
2022-08-08 17:30:55,355 [Finalizer] WARN  managed.ManagedRocksObjectUtils (ManagedRocksObjectUtils.java:assertClosed(39)) - ManagedLRUCache is not closed properly
2022-08-08 17:30:55,356 [Finalizer] WARN  managed.ManagedRocksObjectUtils (ManagedRocksObjectUtils.java:assertClosed(39)) - ManagedBloomFilter is not closed properly
2022-08-08 17:30:55,356 [Finalizer] WARN  managed.ManagedRocksObjectUtils (ManagedRocksObjectUtils.java:assertClosed(39)) - ManagedDBOptions is not closed properly
2022-08-08 17:30:55,356 [Finalizer] WARN  managed.ManagedRocksObjectUtils (ManagedRocksObjectUtils.java:assertClosed(39)) - ManagedColumnFamilyOptions is not closed properly
2022-08-08 17:30:55,356 [Finalizer] WARN  managed.ManagedRocksObjectUtils (ManagedRocksObjectUtils.java:assertClosed(39)) - ManagedLRUCache is not closed properly
2022-08-08 17:30:55,356 [Finalizer] WARN  managed.ManagedRocksObjectUtils (ManagedRocksObjectUtils.java:assertClosed(39)) - ManagedBloomFilter is not closed properly
2022-08-08 17:30:55,356 [Finalizer] WARN  managed.ManagedRocksObjectUtils (ManagedRocksObjectUtils.java:assertClosed(39)) - ManagedDBOptions is not closed properly
2022-08-08 17:30:55,356 [Finalizer] WARN  managed.ManagedRocksObjectUtils (ManagedRocksObjectUtils.java:assertClosed(39)) - ManagedColumnFamilyOptions is not closed properly
2022-08-08 17:30:55,356 [Finalizer] WARN  managed.ManagedRocksObjectUtils (ManagedRocksObjectUtils.java:assertClosed(39)) - ManagedLRUCache is not closed properly
2022-08-08 17:30:55,356 [Finalizer] WARN  managed.ManagedRocksObjectUtils (ManagedRocksObjectUtils.java:assertClosed(39)) - ManagedBloomFilter is not closed properly
2022-08-08 17:30:58,036 [f220fda6-a22f-4438-8ee2-dd02585921dd@group-32AFE4578994-FollowerState] INFO  impl.FollowerState (FollowerState.java:run(143)) - f220fda6-a22f-4438-8ee2-dd02585921dd@group-32AFE4578994-FollowerState: change to CANDIDATE, lastRpcElapsedTime:5077473082ns, electionTimeout:5077ms
2022-08-08 17:30:58,036 [f220fda6-a22f-4438-8ee2-dd02585921dd@group-32AFE4578994-FollowerState] INFO  impl.RoleInfo (RoleInfo.java:shutdownFollowerState(110)) - f220fda6-a22f-4438-8ee2-dd02585921dd: shutdown f220fda6-a22f-4438-8ee2-dd02585921dd@group-32AFE4578994-FollowerState
2022-08-08 17:30:58,036 [f220fda6-a22f-4438-8ee2-dd02585921dd@group-32AFE4578994-FollowerState] INFO  server.RaftServer$Division (RaftServerImpl.java:setRole(299)) - f220fda6-a22f-4438-8ee2-dd02585921dd@group-32AFE4578994: changes role from  FOLLOWER to CANDIDATE at term 2 for changeToCandidate
2022-08-08 17:30:58,036 [f220fda6-a22f-4438-8ee2-dd02585921dd@group-32AFE4578994-FollowerState] INFO  server.RaftServerConfigKeys (ConfUtils.java:logGet(46)) - raft.server.leaderelection.pre-vote = false (custom)
2022-08-08 17:30:58,036 [f220fda6-a22f-4438-8ee2-dd02585921dd@group-32AFE4578994-FollowerState] INFO  impl.RoleInfo (RoleInfo.java:updateAndGet(139)) - f220fda6-a22f-4438-8ee2-dd02585921dd: start f220fda6-a22f-4438-8ee2-dd02585921dd@group-32AFE4578994-LeaderElection12
2022-08-08 17:30:58,048 [f220fda6-a22f-4438-8ee2-dd02585921dd@group-32AFE4578994-LeaderElection12] INFO  impl.LeaderElection (LeaderElection.java:askForVotes(310)) - f220fda6-a22f-4438-8ee2-dd02585921dd@group-32AFE4578994-LeaderElection12 ELECTION round 0: submit vote requests at term 3 for -1: [02b59665-40e6-4f54-a95c-0606f78ec7ff|rpc:10.1.0.4:36877|dataStream:|priority:1, f64dc5e8-62f3-4def-b87e-a162ae32d3b9|rpc:10.1.0.4:38901|dataStream:|priority:0, f220fda6-a22f-4438-8ee2-dd02585921dd|rpc:10.1.0.4:37777|dataStream:|priority:0], old=null
2022-08-08 17:30:58,066 [grpc-default-executor-0] INFO  server.RaftServer$Division (RaftServerImpl.java:requestVote(1152)) - f64dc5e8-62f3-4def-b87e-a162ae32d3b9@group-32AFE4578994: receive requestVote(ELECTION, f220fda6-a22f-4438-8ee2-dd02585921dd, group-32AFE4578994, 3, (t:0, i:0))
2022-08-08 17:30:58,066 [grpc-default-executor-0] INFO  impl.VoteContext (VoteContext.java:log(48)) - f64dc5e8-62f3-4def-b87e-a162ae32d3b9@group-32AFE4578994-FOLLOWER: accept ELECTION from f220fda6-a22f-4438-8ee2-dd02585921dd: our priority 0 <= candidate's priority 0
2022-08-08 17:30:58,066 [grpc-default-executor-0] INFO  server.RaftServer$Division (RaftServerImpl.java:setRole(299)) - f64dc5e8-62f3-4def-b87e-a162ae32d3b9@group-32AFE4578994: changes role from  FOLLOWER to FOLLOWER at term 3 for candidate:f220fda6-a22f-4438-8ee2-dd02585921dd
2022-08-08 17:30:58,066 [grpc-default-executor-0] INFO  impl.RoleInfo (RoleInfo.java:shutdownFollowerState(110)) - f64dc5e8-62f3-4def-b87e-a162ae32d3b9: shutdown f64dc5e8-62f3-4def-b87e-a162ae32d3b9@group-32AFE4578994-FollowerState
2022-08-08 17:30:58,066 [grpc-default-executor-0] INFO  impl.RoleInfo (RoleInfo.java:updateAndGet(139)) - f64dc5e8-62f3-4def-b87e-a162ae32d3b9: start f64dc5e8-62f3-4def-b87e-a162ae32d3b9@group-32AFE4578994-FollowerState
2022-08-08 17:30:58,067 [f64dc5e8-62f3-4def-b87e-a162ae32d3b9@group-32AFE4578994-FollowerState] INFO  impl.FollowerState (FollowerState.java:run(152)) - f64dc5e8-62f3-4def-b87e-a162ae32d3b9@group-32AFE4578994-FollowerState was interrupted
2022-08-08 17:30:58,077 [grpc-default-executor-1] INFO  server.RaftServer$Division (RaftServerImpl.java:requestVote(1152)) - 02b59665-40e6-4f54-a95c-0606f78ec7ff@group-32AFE4578994: receive requestVote(ELECTION, f220fda6-a22f-4438-8ee2-dd02585921dd, group-32AFE4578994, 3, (t:0, i:0))
2022-08-08 17:30:58,077 [grpc-default-executor-1] INFO  impl.VoteContext (VoteContext.java:log(48)) - 02b59665-40e6-4f54-a95c-0606f78ec7ff@group-32AFE4578994-FOLLOWER: reject ELECTION from f220fda6-a22f-4438-8ee2-dd02585921dd: our priority 1 > candidate's priority 0
2022-08-08 17:30:58,077 [grpc-default-executor-1] INFO  server.RaftServer$Division (RaftServerImpl.java:setRole(299)) - 02b59665-40e6-4f54-a95c-0606f78ec7ff@group-32AFE4578994: changes role from  FOLLOWER to FOLLOWER at term 3 for candidate:f220fda6-a22f-4438-8ee2-dd02585921dd
2022-08-08 17:30:58,077 [grpc-default-executor-1] INFO  impl.RoleInfo (RoleInfo.java:shutdownFollowerState(110)) - 02b59665-40e6-4f54-a95c-0606f78ec7ff: shutdown 02b59665-40e6-4f54-a95c-0606f78ec7ff@group-32AFE4578994-FollowerState
2022-08-08 17:30:58,077 [grpc-default-executor-1] INFO  impl.RoleInfo (RoleInfo.java:updateAndGet(139)) - 02b59665-40e6-4f54-a95c-0606f78ec7ff: start 02b59665-40e6-4f54-a95c-0606f78ec7ff@group-32AFE4578994-FollowerState
2022-08-08 17:30:58,078 [02b59665-40e6-4f54-a95c-0606f78ec7ff@group-32AFE4578994-FollowerState] INFO  impl.FollowerState (FollowerState.java:run(152)) - 02b59665-40e6-4f54-a95c-0606f78ec7ff@group-32AFE4578994-FollowerState was interrupted
2022-08-08 17:30:58,079 [grpc-default-executor-1] INFO  server.RaftServer$Division (RaftServerImpl.java:requestVote(1184)) - 02b59665-40e6-4f54-a95c-0606f78ec7ff@group-32AFE4578994 replies to ELECTION vote request: f220fda6-a22f-4438-8ee2-dd02585921dd<-02b59665-40e6-4f54-a95c-0606f78ec7ff#0:FAIL-t3. Peer's state: 02b59665-40e6-4f54-a95c-0606f78ec7ff@group-32AFE4578994:t3, leader=null, voted=null, raftlog=02b59665-40e6-4f54-a95c-0606f78ec7ff@group-32AFE4578994-SegmentedRaftLog:OPENED:c-1, conf=-1: [02b59665-40e6-4f54-a95c-0606f78ec7ff|rpc:10.1.0.4:36877|priority:1, f64dc5e8-62f3-4def-b87e-a162ae32d3b9|rpc:10.1.0.4:38901|priority:0, f220fda6-a22f-4438-8ee2-dd02585921dd|rpc:10.1.0.4:37777|priority:0], old=null
2022-08-08 17:30:58,080 [f220fda6-a22f-4438-8ee2-dd02585921dd@group-32AFE4578994-LeaderElection12] INFO  impl.LeaderElection (LeaderElection.java:logAndReturn(90)) - f220fda6-a22f-4438-8ee2-dd02585921dd@group-32AFE4578994-LeaderElection12: ELECTION REJECTED received 1 response(s) and 0 exception(s):
2022-08-08 17:30:58,080 [f220fda6-a22f-4438-8ee2-dd02585921dd@group-32AFE4578994-LeaderElection12] INFO  impl.LeaderElection (LeaderElection.java:logAndReturn(94)) -   Response 0: f220fda6-a22f-4438-8ee2-dd02585921dd<-02b59665-40e6-4f54-a95c-0606f78ec7ff#0:FAIL-t3
2022-08-08 17:30:58,080 [grpc-default-executor-0] INFO  server.RaftServer$Division (RaftServerImpl.java:requestVote(1184)) - f64dc5e8-62f3-4def-b87e-a162ae32d3b9@group-32AFE4578994 replies to ELECTION vote request: f220fda6-a22f-4438-8ee2-dd02585921dd<-f64dc5e8-62f3-4def-b87e-a162ae32d3b9#0:OK-t3. Peer's state: f64dc5e8-62f3-4def-b87e-a162ae32d3b9@group-32AFE4578994:t3, leader=null, voted=f220fda6-a22f-4438-8ee2-dd02585921dd, raftlog=f64dc5e8-62f3-4def-b87e-a162ae32d3b9@group-32AFE4578994-SegmentedRaftLog:OPENED:c-1, conf=-1: [02b59665-40e6-4f54-a95c-0606f78ec7ff|rpc:10.1.0.4:36877|priority:1, f64dc5e8-62f3-4def-b87e-a162ae32d3b9|rpc:10.1.0.4:38901|priority:0, f220fda6-a22f-4438-8ee2-dd02585921dd|rpc:10.1.0.4:37777|priority:0], old=null
2022-08-08 17:30:58,081 [f220fda6-a22f-4438-8ee2-dd02585921dd@group-32AFE4578994-LeaderElection12] INFO  impl.LeaderElection (LeaderElection.java:askForVotes(312)) - f220fda6-a22f-4438-8ee2-dd02585921dd@group-32AFE4578994-LeaderElection12 ELECTION round 0: result REJECTED
2022-08-08 17:30:58,085 [f220fda6-a22f-4438-8ee2-dd02585921dd@group-32AFE4578994-LeaderElection12] INFO  server.RaftServer$Division (RaftServerImpl.java:setRole(299)) - f220fda6-a22f-4438-8ee2-dd02585921dd@group-32AFE4578994: changes role from CANDIDATE to FOLLOWER at term 3 for REJECTED
2022-08-08 17:30:58,085 [f220fda6-a22f-4438-8ee2-dd02585921dd@group-32AFE4578994-LeaderElection12] INFO  impl.RoleInfo (RoleInfo.java:shutdownLeaderElection(130)) - f220fda6-a22f-4438-8ee2-dd02585921dd: shutdown f220fda6-a22f-4438-8ee2-dd02585921dd@group-32AFE4578994-LeaderElection12
2022-08-08 17:30:58,085 [f220fda6-a22f-4438-8ee2-dd02585921dd@group-32AFE4578994-LeaderElection12] INFO  impl.RoleInfo (RoleInfo.java:updateAndGet(139)) - f220fda6-a22f-4438-8ee2-dd02585921dd: start f220fda6-a22f-4438-8ee2-dd02585921dd@group-32AFE4578994-FollowerState
2022-08-08 17:30:59,123 [UnderReplicatedQueueThreadThread] INFO  replication.UnderReplicatedProcessor (UnderReplicatedProcessor.java:processAll(85)) - Processed 0 under replicated containers, failed processing 0
2022-08-08 17:30:59,125 [OverReplicatedQueueThreadThread] INFO  replication.OverReplicatedProcessor (OverReplicatedProcessor.java:processAll(83)) - Processed 0 over replicated containers, failed processing 0
2022-08-08 17:31:03,144 [f220fda6-a22f-4438-8ee2-dd02585921dd@group-32AFE4578994-FollowerState] INFO  impl.FollowerState (FollowerState.java:run(143)) - f220fda6-a22f-4438-8ee2-dd02585921dd@group-32AFE4578994-FollowerState: change to CANDIDATE, lastRpcElapsedTime:5058931588ns, electionTimeout:5055ms
2022-08-08 17:31:03,144 [f220fda6-a22f-4438-8ee2-dd02585921dd@group-32AFE4578994-FollowerState] INFO  impl.RoleInfo (RoleInfo.java:shutdownFollowerState(110)) - f220fda6-a22f-4438-8ee2-dd02585921dd: shutdown f220fda6-a22f-4438-8ee2-dd02585921dd@group-32AFE4578994-FollowerState
2022-08-08 17:31:03,144 [f220fda6-a22f-4438-8ee2-dd02585921dd@group-32AFE4578994-FollowerState] INFO  server.RaftServer$Division (RaftServerImpl.java:setRole(299)) - f220fda6-a22f-4438-8ee2-dd02585921dd@group-32AFE4578994: changes role from  FOLLOWER to CANDIDATE at term 3 for changeToCandidate
2022-08-08 17:31:03,144 [f220fda6-a22f-4438-8ee2-dd02585921dd@group-32AFE4578994-FollowerState] INFO  server.RaftServerConfigKeys (ConfUtils.java:logGet(46)) - raft.server.leaderelection.pre-vote = false (custom)
2022-08-08 17:31:03,144 [f220fda6-a22f-4438-8ee2-dd02585921dd@group-32AFE4578994-FollowerState] INFO  impl.RoleInfo (RoleInfo.java:updateAndGet(139)) - f220fda6-a22f-4438-8ee2-dd02585921dd: start f220fda6-a22f-4438-8ee2-dd02585921dd@group-32AFE4578994-LeaderElection13
2022-08-08 17:31:03,152 [f220fda6-a22f-4438-8ee2-dd02585921dd@group-32AFE4578994-LeaderElection13] INFO  impl.LeaderElection (LeaderElection.java:askForVotes(310)) - f220fda6-a22f-4438-8ee2-dd02585921dd@group-32AFE4578994-LeaderElection13 ELECTION round 0: submit vote requests at term 4 for -1: [02b59665-40e6-4f54-a95c-0606f78ec7ff|rpc:10.1.0.4:36877|dataStream:|priority:1, f64dc5e8-62f3-4def-b87e-a162ae32d3b9|rpc:10.1.0.4:38901|dataStream:|priority:0, f220fda6-a22f-4438-8ee2-dd02585921dd|rpc:10.1.0.4:37777|dataStream:|priority:0], old=null
2022-08-08 17:31:03,187 [grpc-default-executor-1] INFO  server.RaftServer$Division (RaftServerImpl.java:requestVote(1152)) - 02b59665-40e6-4f54-a95c-0606f78ec7ff@group-32AFE4578994: receive requestVote(ELECTION, f220fda6-a22f-4438-8ee2-dd02585921dd, group-32AFE4578994, 4, (t:0, i:0))
2022-08-08 17:31:03,187 [grpc-default-executor-1] INFO  impl.VoteContext (VoteContext.java:log(48)) - 02b59665-40e6-4f54-a95c-0606f78ec7ff@group-32AFE4578994-FOLLOWER: reject ELECTION from f220fda6-a22f-4438-8ee2-dd02585921dd: our priority 1 > candidate's priority 0
2022-08-08 17:31:03,187 [grpc-default-executor-1] INFO  server.RaftServer$Division (RaftServerImpl.java:setRole(299)) - 02b59665-40e6-4f54-a95c-0606f78ec7ff@group-32AFE4578994: changes role from  FOLLOWER to FOLLOWER at term 4 for candidate:f220fda6-a22f-4438-8ee2-dd02585921dd
2022-08-08 17:31:03,187 [grpc-default-executor-1] INFO  impl.RoleInfo (RoleInfo.java:shutdownFollowerState(110)) - 02b59665-40e6-4f54-a95c-0606f78ec7ff: shutdown 02b59665-40e6-4f54-a95c-0606f78ec7ff@group-32AFE4578994-FollowerState
2022-08-08 17:31:03,188 [grpc-default-executor-1] INFO  impl.RoleInfo (RoleInfo.java:updateAndGet(139)) - 02b59665-40e6-4f54-a95c-0606f78ec7ff: start 02b59665-40e6-4f54-a95c-0606f78ec7ff@group-32AFE4578994-FollowerState
2022-08-08 17:31:03,188 [02b59665-40e6-4f54-a95c-0606f78ec7ff@group-32AFE4578994-FollowerState] INFO  impl.FollowerState (FollowerState.java:run(152)) - 02b59665-40e6-4f54-a95c-0606f78ec7ff@group-32AFE4578994-FollowerState was interrupted
2022-08-08 17:31:03,194 [grpc-default-executor-1] INFO  server.RaftServer$Division (RaftServerImpl.java:requestVote(1184)) - 02b59665-40e6-4f54-a95c-0606f78ec7ff@group-32AFE4578994 replies to ELECTION vote request: f220fda6-a22f-4438-8ee2-dd02585921dd<-02b59665-40e6-4f54-a95c-0606f78ec7ff#0:FAIL-t4. Peer's state: 02b59665-40e6-4f54-a95c-0606f78ec7ff@group-32AFE4578994:t4, leader=null, voted=null, raftlog=02b59665-40e6-4f54-a95c-0606f78ec7ff@group-32AFE4578994-SegmentedRaftLog:OPENED:c-1, conf=-1: [02b59665-40e6-4f54-a95c-0606f78ec7ff|rpc:10.1.0.4:36877|priority:1, f64dc5e8-62f3-4def-b87e-a162ae32d3b9|rpc:10.1.0.4:38901|priority:0, f220fda6-a22f-4438-8ee2-dd02585921dd|rpc:10.1.0.4:37777|priority:0], old=null
2022-08-08 17:31:03,197 [grpc-default-executor-0] INFO  server.RaftServer$Division (RaftServerImpl.java:requestVote(1152)) - f64dc5e8-62f3-4def-b87e-a162ae32d3b9@group-32AFE4578994: receive requestVote(ELECTION, f220fda6-a22f-4438-8ee2-dd02585921dd, group-32AFE4578994, 4, (t:0, i:0))
2022-08-08 17:31:03,197 [grpc-default-executor-0] INFO  impl.VoteContext (VoteContext.java:log(48)) - f64dc5e8-62f3-4def-b87e-a162ae32d3b9@group-32AFE4578994-FOLLOWER: accept ELECTION from f220fda6-a22f-4438-8ee2-dd02585921dd: our priority 0 <= candidate's priority 0
2022-08-08 17:31:03,197 [grpc-default-executor-0] INFO  server.RaftServer$Division (RaftServerImpl.java:setRole(299)) - f64dc5e8-62f3-4def-b87e-a162ae32d3b9@group-32AFE4578994: changes role from  FOLLOWER to FOLLOWER at term 4 for candidate:f220fda6-a22f-4438-8ee2-dd02585921dd
2022-08-08 17:31:03,197 [grpc-default-executor-0] INFO  impl.RoleInfo (RoleInfo.java:shutdownFollowerState(110)) - f64dc5e8-62f3-4def-b87e-a162ae32d3b9: shutdown f64dc5e8-62f3-4def-b87e-a162ae32d3b9@group-32AFE4578994-FollowerState
2022-08-08 17:31:03,197 [grpc-default-executor-0] INFO  impl.RoleInfo (RoleInfo.java:updateAndGet(139)) - f64dc5e8-62f3-4def-b87e-a162ae32d3b9: start f64dc5e8-62f3-4def-b87e-a162ae32d3b9@group-32AFE4578994-FollowerState
2022-08-08 17:31:03,197 [f64dc5e8-62f3-4def-b87e-a162ae32d3b9@group-32AFE4578994-FollowerState] INFO  impl.FollowerState (FollowerState.java:run(152)) - f64dc5e8-62f3-4def-b87e-a162ae32d3b9@group-32AFE4578994-FollowerState was interrupted
2022-08-08 17:31:03,222 [f220fda6-a22f-4438-8ee2-dd02585921dd@group-32AFE4578994-LeaderElection13] INFO  impl.LeaderElection (LeaderElection.java:logAndReturn(90)) - f220fda6-a22f-4438-8ee2-dd02585921dd@group-32AFE4578994-LeaderElection13: ELECTION REJECTED received 1 response(s) and 0 exception(s):
2022-08-08 17:31:03,223 [f220fda6-a22f-4438-8ee2-dd02585921dd@group-32AFE4578994-LeaderElection13] INFO  impl.LeaderElection (LeaderElection.java:logAndReturn(94)) -   Response 0: f220fda6-a22f-4438-8ee2-dd02585921dd<-02b59665-40e6-4f54-a95c-0606f78ec7ff#0:FAIL-t4
2022-08-08 17:31:03,223 [f220fda6-a22f-4438-8ee2-dd02585921dd@group-32AFE4578994-LeaderElection13] INFO  impl.LeaderElection (LeaderElection.java:askForVotes(312)) - f220fda6-a22f-4438-8ee2-dd02585921dd@group-32AFE4578994-LeaderElection13 ELECTION round 0: result REJECTED
2022-08-08 17:31:03,223 [f220fda6-a22f-4438-8ee2-dd02585921dd@group-32AFE4578994-LeaderElection13] INFO  server.RaftServer$Division (RaftServerImpl.java:setRole(299)) - f220fda6-a22f-4438-8ee2-dd02585921dd@group-32AFE4578994: changes role from CANDIDATE to FOLLOWER at term 4 for REJECTED
2022-08-08 17:31:03,223 [f220fda6-a22f-4438-8ee2-dd02585921dd@group-32AFE4578994-LeaderElection13] INFO  impl.RoleInfo (RoleInfo.java:shutdownLeaderElection(130)) - f220fda6-a22f-4438-8ee2-dd02585921dd: shutdown f220fda6-a22f-4438-8ee2-dd02585921dd@group-32AFE4578994-LeaderElection13
2022-08-08 17:31:03,224 [f220fda6-a22f-4438-8ee2-dd02585921dd@group-32AFE4578994-LeaderElection13] INFO  impl.RoleInfo (RoleInfo.java:updateAndGet(139)) - f220fda6-a22f-4438-8ee2-dd02585921dd: start f220fda6-a22f-4438-8ee2-dd02585921dd@group-32AFE4578994-FollowerState
2022-08-08 17:31:03,212 [grpc-default-executor-0] INFO  server.RaftServer$Division (RaftServerImpl.java:requestVote(1184)) - f64dc5e8-62f3-4def-b87e-a162ae32d3b9@group-32AFE4578994 replies to ELECTION vote request: f220fda6-a22f-4438-8ee2-dd02585921dd<-f64dc5e8-62f3-4def-b87e-a162ae32d3b9#0:OK-t4. Peer's state: f64dc5e8-62f3-4def-b87e-a162ae32d3b9@group-32AFE4578994:t4, leader=null, voted=f220fda6-a22f-4438-8ee2-dd02585921dd, raftlog=f64dc5e8-62f3-4def-b87e-a162ae32d3b9@group-32AFE4578994-SegmentedRaftLog:OPENED:c-1, conf=-1: [02b59665-40e6-4f54-a95c-0606f78ec7ff|rpc:10.1.0.4:36877|priority:1, f64dc5e8-62f3-4def-b87e-a162ae32d3b9|rpc:10.1.0.4:38901|priority:0, f220fda6-a22f-4438-8ee2-dd02585921dd|rpc:10.1.0.4:37777|priority:0], old=null
2022-08-08 17:31:04,905 [IPC Server handler 11 on default port 35903] INFO  ha.SequenceIdGenerator (SequenceIdGenerator.java:getNextId(128)) - Allocate a batch for localId, change lastId from 109611004723201000 to 109611004723202000.
]]></system-out>
  </testcase>
  <testcase name="testListStatusFSO" classname="TestRootedOzoneFileSystemWithFSO" time="6.273">
    <system-out><![CDATA[2022-08-08 17:32:07,861 [Time-limited test] INFO  rpc.RpcClient (RpcClient.java:createVolume(468)) - Creating Volume: volume42264, with user66189 as owner and space quota set to -1 bytes, counts quota set to -1
2022-08-08 17:32:07,864 [IPC Server handler 3 on default port 44865] INFO  volume.OMVolumeCreateRequest (OMVolumeCreateRequest.java:validateAndUpdateCache(195)) - created volume:volume42264 for user:user66189
2022-08-08 17:32:07,865 [Time-limited test] INFO  rpc.RpcClient (RpcClient.java:createBucket(671)) - Creating Bucket: volume42264/bucket32953, with bucket layout FILE_SYSTEM_OPTIMIZED, runner as owner, Versioning false, Storage Type set to DISK and Encryption set to false 
2022-08-08 17:32:07,866 [IPC Server handler 5 on default port 44865] INFO  bucket.OMBucketCreateRequest (OMBucketCreateRequest.java:validateAndUpdateCache(260)) - created bucket: bucket32953 of layout FILE_SYSTEM_OPTIMIZED in volume: volume42264
2022-08-08 17:32:08,812 [db1702a3-da9c-40bc-8787-7ef8b4501257@group-4A94424E77BC-FollowerState] INFO  impl.FollowerState (FollowerState.java:run(143)) - db1702a3-da9c-40bc-8787-7ef8b4501257@group-4A94424E77BC-FollowerState: change to CANDIDATE, lastRpcElapsedTime:5141051901ns, electionTimeout:5140ms
2022-08-08 17:32:08,812 [db1702a3-da9c-40bc-8787-7ef8b4501257@group-4A94424E77BC-FollowerState] INFO  impl.RoleInfo (RoleInfo.java:shutdownFollowerState(110)) - db1702a3-da9c-40bc-8787-7ef8b4501257: shutdown db1702a3-da9c-40bc-8787-7ef8b4501257@group-4A94424E77BC-FollowerState
2022-08-08 17:32:08,812 [db1702a3-da9c-40bc-8787-7ef8b4501257@group-4A94424E77BC-FollowerState] INFO  server.RaftServer$Division (RaftServerImpl.java:setRole(299)) - db1702a3-da9c-40bc-8787-7ef8b4501257@group-4A94424E77BC: changes role from  FOLLOWER to CANDIDATE at term 0 for changeToCandidate
2022-08-08 17:32:08,812 [db1702a3-da9c-40bc-8787-7ef8b4501257@group-4A94424E77BC-FollowerState] INFO  server.RaftServerConfigKeys (ConfUtils.java:logGet(46)) - raft.server.leaderelection.pre-vote = false (custom)
2022-08-08 17:32:08,812 [db1702a3-da9c-40bc-8787-7ef8b4501257@group-4A94424E77BC-FollowerState] INFO  impl.RoleInfo (RoleInfo.java:updateAndGet(139)) - db1702a3-da9c-40bc-8787-7ef8b4501257: start db1702a3-da9c-40bc-8787-7ef8b4501257@group-4A94424E77BC-LeaderElection27
2022-08-08 17:32:08,874 [db1702a3-da9c-40bc-8787-7ef8b4501257@group-4A94424E77BC-LeaderElection27] INFO  impl.LeaderElection (LeaderElection.java:askForVotes(310)) - db1702a3-da9c-40bc-8787-7ef8b4501257@group-4A94424E77BC-LeaderElection27 ELECTION round 0: submit vote requests at term 1 for -1: [db1702a3-da9c-40bc-8787-7ef8b4501257|rpc:10.1.0.4:46881|priority:1], old=null
2022-08-08 17:32:08,874 [db1702a3-da9c-40bc-8787-7ef8b4501257@group-4A94424E77BC-LeaderElection27] INFO  impl.LeaderElection (LeaderElection.java:askForVotes(312)) - db1702a3-da9c-40bc-8787-7ef8b4501257@group-4A94424E77BC-LeaderElection27 ELECTION round 0: result PASSED (term=1)
2022-08-08 17:32:08,874 [db1702a3-da9c-40bc-8787-7ef8b4501257@group-4A94424E77BC-LeaderElection27] INFO  impl.RoleInfo (RoleInfo.java:shutdownLeaderElection(130)) - db1702a3-da9c-40bc-8787-7ef8b4501257: shutdown db1702a3-da9c-40bc-8787-7ef8b4501257@group-4A94424E77BC-LeaderElection27
2022-08-08 17:32:08,874 [db1702a3-da9c-40bc-8787-7ef8b4501257@group-4A94424E77BC-LeaderElection27] INFO  server.RaftServer$Division (RaftServerImpl.java:setRole(299)) - db1702a3-da9c-40bc-8787-7ef8b4501257@group-4A94424E77BC: changes role from CANDIDATE to LEADER at term 1 for changeToLeader
2022-08-08 17:32:08,874 [db1702a3-da9c-40bc-8787-7ef8b4501257@group-4A94424E77BC-LeaderElection27] INFO  ratis.XceiverServerRatis (XceiverServerRatis.java:handleLeaderChangedNotification(863)) - Leader change notification received for group: group-4A94424E77BC with new leaderId: db1702a3-da9c-40bc-8787-7ef8b4501257
2022-08-08 17:32:08,875 [db1702a3-da9c-40bc-8787-7ef8b4501257@group-4A94424E77BC-LeaderElection27] INFO  server.RaftServer$Division (ServerState.java:setLeader(287)) - db1702a3-da9c-40bc-8787-7ef8b4501257@group-4A94424E77BC: change Leader from null to db1702a3-da9c-40bc-8787-7ef8b4501257 at term 1 for becomeLeader, leader elected after 5214ms
2022-08-08 17:32:08,875 [db1702a3-da9c-40bc-8787-7ef8b4501257@group-4A94424E77BC-LeaderElection27] INFO  server.RaftServerConfigKeys (ConfUtils.java:logGet(46)) - raft.server.staging.catchup.gap = 1000 (default)
2022-08-08 17:32:08,875 [db1702a3-da9c-40bc-8787-7ef8b4501257@group-4A94424E77BC-LeaderElection27] INFO  server.RaftServerConfigKeys (ConfUtils.java:logGet(46)) - raft.server.write.element-limit = 1024 (custom)
2022-08-08 17:32:08,875 [db1702a3-da9c-40bc-8787-7ef8b4501257@group-4A94424E77BC-LeaderElection27] INFO  server.RaftServerConfigKeys (ConfUtils.java:logGet(46)) - raft.server.write.byte-limit = 1024 M (=1073741824) (custom)
2022-08-08 17:32:08,875 [db1702a3-da9c-40bc-8787-7ef8b4501257@group-4A94424E77BC-LeaderElection27] INFO  server.RaftServerConfigKeys (ConfUtils.java:logGet(46)) - raft.server.watch.timeout = 180s (custom)
2022-08-08 17:32:08,875 [db1702a3-da9c-40bc-8787-7ef8b4501257@group-4A94424E77BC-LeaderElection27] INFO  server.RaftServerConfigKeys (ConfUtils.java:logGet(46)) - raft.server.watch.timeout.denomination = 1s (default)
2022-08-08 17:32:08,875 [db1702a3-da9c-40bc-8787-7ef8b4501257@group-4A94424E77BC-LeaderElection27] INFO  server.RaftServerConfigKeys (ConfUtils.java:logGet(46)) - raft.server.watch.element-limit = 65536 (default)
2022-08-08 17:32:08,875 [db1702a3-da9c-40bc-8787-7ef8b4501257@group-4A94424E77BC-LeaderElection27] INFO  server.RaftServerConfigKeys (ConfUtils.java:logGet(46)) - raft.server.write.element-limit = 1024 (custom)
2022-08-08 17:32:08,875 [db1702a3-da9c-40bc-8787-7ef8b4501257@group-4A94424E77BC-LeaderElection27] INFO  server.RaftServerConfigKeys (ConfUtils.java:logGet(46)) - raft.server.write.follower.gap.ratio.max = -1.0 (default)
2022-08-08 17:32:08,876 [db1702a3-da9c-40bc-8787-7ef8b4501257@group-4A94424E77BC-LeaderElection27] INFO  impl.RoleInfo (RoleInfo.java:updateAndGet(139)) - db1702a3-da9c-40bc-8787-7ef8b4501257: start db1702a3-da9c-40bc-8787-7ef8b4501257@group-4A94424E77BC-LeaderStateImpl
2022-08-08 17:32:08,876 [db1702a3-da9c-40bc-8787-7ef8b4501257@group-4A94424E77BC-LeaderElection27] INFO  segmented.SegmentedRaftLogWorker (SegmentedRaftLogWorker.java:startLogSegment(425)) - db1702a3-da9c-40bc-8787-7ef8b4501257@group-4A94424E77BC-SegmentedRaftLogWorker: Starting segment from index:0
2022-08-08 17:32:08,878 [db1702a3-da9c-40bc-8787-7ef8b4501257@group-4A94424E77BC-SegmentedRaftLogWorker] INFO  segmented.SegmentedRaftLogWorker (SegmentedRaftLogWorker.java:execute(629)) - db1702a3-da9c-40bc-8787-7ef8b4501257@group-4A94424E77BC-SegmentedRaftLogWorker: created new log segment /home/runner/work/ozone/ozone/hadoop-ozone/integration-test/target/test-dir/MiniOzoneClusterImpl-f558af99-55da-4127-a18c-29a24303d895/datanode-4/data/ratis/1b0fa587-4215-406f-9a03-4a94424e77bc/current/log_inprogress_0
2022-08-08 17:32:08,886 [db1702a3-da9c-40bc-8787-7ef8b4501257@group-4A94424E77BC-LeaderElection27] INFO  server.RaftServer$Division (ServerState.java:setRaftConf(393)) - db1702a3-da9c-40bc-8787-7ef8b4501257@group-4A94424E77BC: set configuration 0: [db1702a3-da9c-40bc-8787-7ef8b4501257|rpc:10.1.0.4:46881|dataStream:|priority:1], old=null
2022-08-08 17:32:12,989 [IPC Server handler 15 on default port 44507] INFO  ha.SequenceIdGenerator (SequenceIdGenerator.java:getNextId(128)) - Allocate a batch for localId, change lastId from 109611004723201000 to 109611004723202000.
]]></system-out>
  </testcase>
  <testcase name="testDeleteEmptyVolume" classname="TestRootedOzoneFileSystemWithFSO" time="0">
    <skipped message="HDDS-2939"/>
  </testcase>
  <testcase name="testDeleteEmptyVolume" classname="TestRootedOzoneFileSystemWithFSO" time="0">
    <skipped message="HDDS-2939"/>
  </testcase>
  <testcase name="testMkdirNonExistentVolume" classname="TestRootedOzoneFileSystemWithFSO" time="0">
    <skipped message="HDDS-2939"/>
  </testcase>
  <testcase name="testMkdirNonExistentVolume" classname="TestRootedOzoneFileSystemWithFSO" time="0">
    <skipped message="HDDS-2939"/>
  </testcase>
  <testcase name="testRenameFile" classname="TestRootedOzoneFileSystemWithFSO" time="0.083">
    <system-out><![CDATA[2022-08-08 17:31:06,571 [Time-limited test] INFO  rpc.RpcClient (RpcClient.java:createVolume(468)) - Creating Volume: volume86378, with user17818 as owner and space quota set to -1 bytes, counts quota set to -1
2022-08-08 17:31:06,574 [OM StateMachine ApplyTransaction Thread - 0] INFO  volume.OMVolumeCreateRequest (OMVolumeCreateRequest.java:validateAndUpdateCache(195)) - created volume:volume86378 for user:user17818
2022-08-08 17:31:06,576 [Time-limited test] INFO  rpc.RpcClient (RpcClient.java:createBucket(671)) - Creating Bucket: volume86378/bucket41983, with bucket layout FILE_SYSTEM_OPTIMIZED, runner as owner, Versioning false, Storage Type set to DISK and Encryption set to false 
2022-08-08 17:31:06,578 [OM StateMachine ApplyTransaction Thread - 0] INFO  bucket.OMBucketCreateRequest (OMBucketCreateRequest.java:validateAndUpdateCache(260)) - created bucket: bucket41983 of layout FILE_SYSTEM_OPTIMIZED in volume: volume86378
]]></system-out>
  </testcase>
  <testcase name="testRenameFile" classname="TestRootedOzoneFileSystemWithFSO" time="0.094">
    <system-out><![CDATA[2022-08-08 17:32:14,147 [Time-limited test] INFO  rpc.RpcClient (RpcClient.java:createVolume(468)) - Creating Volume: volume50582, with user87438 as owner and space quota set to -1 bytes, counts quota set to -1
2022-08-08 17:32:14,148 [IPC Server handler 11 on default port 44865] INFO  volume.OMVolumeCreateRequest (OMVolumeCreateRequest.java:validateAndUpdateCache(195)) - created volume:volume50582 for user:user87438
2022-08-08 17:32:14,151 [Time-limited test] INFO  rpc.RpcClient (RpcClient.java:createBucket(671)) - Creating Bucket: volume50582/bucket90073, with bucket layout FILE_SYSTEM_OPTIMIZED, runner as owner, Versioning false, Storage Type set to DISK and Encryption set to false 
2022-08-08 17:32:14,151 [IPC Server handler 13 on default port 44865] INFO  bucket.OMBucketCreateRequest (OMBucketCreateRequest.java:validateAndUpdateCache(260)) - created bucket: bucket90073 of layout FILE_SYSTEM_OPTIMIZED in volume: volume50582
]]></system-out>
  </testcase>
  <testcase name="testListStatusRootAndVolumeRecursive" classname="TestRootedOzoneFileSystemWithFSO" time="0.083">
    <system-out><![CDATA[2022-08-08 17:31:06,668 [Time-limited test] INFO  rpc.RpcClient (RpcClient.java:createVolume(468)) - Creating Volume: volume41054, with user11344 as owner and space quota set to -1 bytes, counts quota set to -1
2022-08-08 17:31:06,670 [OM StateMachine ApplyTransaction Thread - 0] INFO  volume.OMVolumeCreateRequest (OMVolumeCreateRequest.java:validateAndUpdateCache(195)) - created volume:volume41054 for user:user11344
2022-08-08 17:31:06,672 [Time-limited test] INFO  rpc.RpcClient (RpcClient.java:createBucket(671)) - Creating Bucket: volume41054/bucket59087, with bucket layout FILE_SYSTEM_OPTIMIZED, runner as owner, Versioning false, Storage Type set to DISK and Encryption set to false 
2022-08-08 17:31:06,674 [OM StateMachine ApplyTransaction Thread - 0] INFO  bucket.OMBucketCreateRequest (OMBucketCreateRequest.java:validateAndUpdateCache(260)) - created bucket: bucket59087 of layout FILE_SYSTEM_OPTIMIZED in volume: volume41054
]]></system-out>
  </testcase>
  <testcase name="testListStatusRootAndVolumeRecursive" classname="TestRootedOzoneFileSystemWithFSO" time="0.096">
    <system-out><![CDATA[2022-08-08 17:32:14,252 [Time-limited test] INFO  rpc.RpcClient (RpcClient.java:createVolume(468)) - Creating Volume: volume04562, with user18772 as owner and space quota set to -1 bytes, counts quota set to -1
2022-08-08 17:32:14,253 [IPC Server handler 9 on default port 44865] INFO  volume.OMVolumeCreateRequest (OMVolumeCreateRequest.java:validateAndUpdateCache(195)) - created volume:volume04562 for user:user18772
2022-08-08 17:32:14,254 [Time-limited test] INFO  rpc.RpcClient (RpcClient.java:createBucket(671)) - Creating Bucket: volume04562/bucket66950, with bucket layout FILE_SYSTEM_OPTIMIZED, runner as owner, Versioning false, Storage Type set to DISK and Encryption set to false 
2022-08-08 17:32:14,254 [IPC Server handler 11 on default port 44865] INFO  bucket.OMBucketCreateRequest (OMBucketCreateRequest.java:validateAndUpdateCache(260)) - created bucket: bucket66950 of layout FILE_SYSTEM_OPTIMIZED in volume: volume04562
]]></system-out>
  </testcase>
  <testcase name="testListStatusRootAndVolumeNonRecursive" classname="TestRootedOzoneFileSystemWithFSO" time="0.281">
    <system-out><![CDATA[2022-08-08 17:31:06,731 [Time-limited test] INFO  rpc.RpcClient (RpcClient.java:createVolume(468)) - Creating Volume: volume68325, with user51388 as owner and space quota set to -1 bytes, counts quota set to -1
2022-08-08 17:31:06,733 [OM StateMachine ApplyTransaction Thread - 0] INFO  volume.OMVolumeCreateRequest (OMVolumeCreateRequest.java:validateAndUpdateCache(195)) - created volume:volume68325 for user:user51388
2022-08-08 17:31:06,736 [Time-limited test] INFO  rpc.RpcClient (RpcClient.java:createBucket(671)) - Creating Bucket: volume68325/bucket77649, with bucket layout FILE_SYSTEM_OPTIMIZED, runner as owner, Versioning false, Storage Type set to DISK and Encryption set to false 
2022-08-08 17:31:06,737 [OM StateMachine ApplyTransaction Thread - 0] INFO  bucket.OMBucketCreateRequest (OMBucketCreateRequest.java:validateAndUpdateCache(260)) - created bucket: bucket77649 of layout FILE_SYSTEM_OPTIMIZED in volume: volume68325
17:31:06.744 [IPC Server handler 16 on default port 37325] ERROR OMAudit - user=runner | ip=127.0.0.1 | op=READ_BUCKET {volume=volume-02718, bucket=bucket-47970} | ret=FAILURE
org.apache.hadoop.ozone.om.exceptions.OMException: Volume not found when getting bucket info
	at org.apache.hadoop.ozone.om.BucketManagerImpl.getBucketInfo(BucketManagerImpl.java:127) ~[ozone-manager-1.3.0-SNAPSHOT.jar:?]
	at org.apache.hadoop.ozone.om.OzoneManager.getBucketInfo(OzoneManager.java:2779) ~[ozone-manager-1.3.0-SNAPSHOT.jar:?]
	at org.apache.hadoop.ozone.protocolPB.OzoneManagerRequestHandler.infoBucket(OzoneManagerRequestHandler.java:471) ~[ozone-manager-1.3.0-SNAPSHOT.jar:?]
	at org.apache.hadoop.ozone.protocolPB.OzoneManagerRequestHandler.handleReadRequest(OzoneManagerRequestHandler.java:174) ~[ozone-manager-1.3.0-SNAPSHOT.jar:?]
	at org.apache.hadoop.ozone.protocolPB.OzoneManagerProtocolServerSideTranslatorPB.submitReadRequestToOM(OzoneManagerProtocolServerSideTranslatorPB.java:226) ~[ozone-manager-1.3.0-SNAPSHOT.jar:?]
	at org.apache.hadoop.ozone.protocolPB.OzoneManagerProtocolServerSideTranslatorPB.processRequest(OzoneManagerProtocolServerSideTranslatorPB.java:175) ~[ozone-manager-1.3.0-SNAPSHOT.jar:?]
	at org.apache.hadoop.hdds.server.OzoneProtocolMessageDispatcher.processRequest(OzoneProtocolMessageDispatcher.java:87) [hdds-server-framework-1.3.0-SNAPSHOT.jar:?]
	at org.apache.hadoop.ozone.protocolPB.OzoneManagerProtocolServerSideTranslatorPB.submitRequest(OzoneManagerProtocolServerSideTranslatorPB.java:147) [ozone-manager-1.3.0-SNAPSHOT.jar:?]
	at org.apache.hadoop.ozone.protocol.proto.OzoneManagerProtocolProtos$OzoneManagerService$2.callBlockingMethod(OzoneManagerProtocolProtos.java) [ozone-interface-client-1.3.0-SNAPSHOT.jar:?]
	at org.apache.hadoop.ipc.ProtobufRpcEngine$Server.processCall(ProtobufRpcEngine.java:466) [hadoop-common-3.3.1.jar:?]
	at org.apache.hadoop.ipc.ProtobufRpcEngine2$Server$ProtoBufRpcInvoker.call(ProtobufRpcEngine2.java:574) [hadoop-common-3.3.1.jar:?]
	at org.apache.hadoop.ipc.ProtobufRpcEngine2$Server$ProtoBufRpcInvoker.call(ProtobufRpcEngine2.java:552) [hadoop-common-3.3.1.jar:?]
	at org.apache.hadoop.ipc.RPC$Server.call(RPC.java:1093) [hadoop-common-3.3.1.jar:?]
	at org.apache.hadoop.ipc.Server$RpcCall.run(Server.java:1035) [hadoop-common-3.3.1.jar:?]
	at org.apache.hadoop.ipc.Server$RpcCall.run(Server.java:963) [hadoop-common-3.3.1.jar:?]
	at java.security.AccessController.doPrivileged(Native Method) ~[?:1.8.0_332]
	at javax.security.auth.Subject.doAs(Subject.java:422) [?:1.8.0_332]
	at org.apache.hadoop.security.UserGroupInformation.doAs(UserGroupInformation.java:1878) [hadoop-common-3.3.1.jar:?]
	at org.apache.hadoop.ipc.Server$Handler.run(Server.java:2966) [hadoop-common-3.3.1.jar:?]
2022-08-08 17:31:06,745 [Time-limited test] INFO  rpc.RpcClient (RpcClient.java:createVolume(468)) - Creating Volume: volume-02718, with runner as owner and space quota set to -1 bytes, counts quota set to -1
2022-08-08 17:31:06,748 [OM StateMachine ApplyTransaction Thread - 0] INFO  volume.OMVolumeCreateRequest (OMVolumeCreateRequest.java:validateAndUpdateCache(195)) - created volume:volume-02718 for user:runner
2022-08-08 17:31:06,749 [Time-limited test] INFO  rpc.RpcClient (RpcClient.java:createBucket(671)) - Creating Bucket: volume-02718/bucket-47970, with bucket layout FILE_SYSTEM_OPTIMIZED, runner as owner, Versioning false, Storage Type set to DISK and Encryption set to false 
2022-08-08 17:31:06,751 [OM StateMachine ApplyTransaction Thread - 0] INFO  bucket.OMBucketCreateRequest (OMBucketCreateRequest.java:validateAndUpdateCache(260)) - created bucket: bucket-47970 of layout FILE_SYSTEM_OPTIMIZED in volume: volume-02718
17:31:06.860 [IPC Server handler 0 on default port 37325] ERROR OMAudit - user=runner | ip=127.0.0.1 | op=READ_BUCKET {volume=volume-22408, bucket=bucket-46475} | ret=FAILURE
org.apache.hadoop.ozone.om.exceptions.OMException: Volume not found when getting bucket info
	at org.apache.hadoop.ozone.om.BucketManagerImpl.getBucketInfo(BucketManagerImpl.java:127) ~[ozone-manager-1.3.0-SNAPSHOT.jar:?]
	at org.apache.hadoop.ozone.om.OzoneManager.getBucketInfo(OzoneManager.java:2779) ~[ozone-manager-1.3.0-SNAPSHOT.jar:?]
	at org.apache.hadoop.ozone.protocolPB.OzoneManagerRequestHandler.infoBucket(OzoneManagerRequestHandler.java:471) ~[ozone-manager-1.3.0-SNAPSHOT.jar:?]
	at org.apache.hadoop.ozone.protocolPB.OzoneManagerRequestHandler.handleReadRequest(OzoneManagerRequestHandler.java:174) ~[ozone-manager-1.3.0-SNAPSHOT.jar:?]
	at org.apache.hadoop.ozone.protocolPB.OzoneManagerProtocolServerSideTranslatorPB.submitReadRequestToOM(OzoneManagerProtocolServerSideTranslatorPB.java:226) ~[ozone-manager-1.3.0-SNAPSHOT.jar:?]
	at org.apache.hadoop.ozone.protocolPB.OzoneManagerProtocolServerSideTranslatorPB.processRequest(OzoneManagerProtocolServerSideTranslatorPB.java:175) ~[ozone-manager-1.3.0-SNAPSHOT.jar:?]
	at org.apache.hadoop.hdds.server.OzoneProtocolMessageDispatcher.processRequest(OzoneProtocolMessageDispatcher.java:87) [hdds-server-framework-1.3.0-SNAPSHOT.jar:?]
	at org.apache.hadoop.ozone.protocolPB.OzoneManagerProtocolServerSideTranslatorPB.submitRequest(OzoneManagerProtocolServerSideTranslatorPB.java:147) [ozone-manager-1.3.0-SNAPSHOT.jar:?]
	at org.apache.hadoop.ozone.protocol.proto.OzoneManagerProtocolProtos$OzoneManagerService$2.callBlockingMethod(OzoneManagerProtocolProtos.java) [ozone-interface-client-1.3.0-SNAPSHOT.jar:?]
	at org.apache.hadoop.ipc.ProtobufRpcEngine$Server.processCall(ProtobufRpcEngine.java:466) [hadoop-common-3.3.1.jar:?]
	at org.apache.hadoop.ipc.ProtobufRpcEngine2$Server$ProtoBufRpcInvoker.call(ProtobufRpcEngine2.java:574) [hadoop-common-3.3.1.jar:?]
	at org.apache.hadoop.ipc.ProtobufRpcEngine2$Server$ProtoBufRpcInvoker.call(ProtobufRpcEngine2.java:552) [hadoop-common-3.3.1.jar:?]
	at org.apache.hadoop.ipc.RPC$Server.call(RPC.java:1093) [hadoop-common-3.3.1.jar:?]
	at org.apache.hadoop.ipc.Server$RpcCall.run(Server.java:1035) [hadoop-common-3.3.1.jar:?]
	at org.apache.hadoop.ipc.Server$RpcCall.run(Server.java:963) [hadoop-common-3.3.1.jar:?]
	at java.security.AccessController.doPrivileged(Native Method) ~[?:1.8.0_332]
	at javax.security.auth.Subject.doAs(Subject.java:422) [?:1.8.0_332]
	at org.apache.hadoop.security.UserGroupInformation.doAs(UserGroupInformation.java:1878) [hadoop-common-3.3.1.jar:?]
	at org.apache.hadoop.ipc.Server$Handler.run(Server.java:2966) [hadoop-common-3.3.1.jar:?]
2022-08-08 17:31:06,860 [Time-limited test] INFO  rpc.RpcClient (RpcClient.java:createVolume(468)) - Creating Volume: volume-22408, with runner as owner and space quota set to -1 bytes, counts quota set to -1
2022-08-08 17:31:06,862 [OM StateMachine ApplyTransaction Thread - 0] INFO  volume.OMVolumeCreateRequest (OMVolumeCreateRequest.java:validateAndUpdateCache(195)) - created volume:volume-22408 for user:runner
2022-08-08 17:31:06,863 [Time-limited test] INFO  rpc.RpcClient (RpcClient.java:createBucket(671)) - Creating Bucket: volume-22408/bucket-46475, with bucket layout FILE_SYSTEM_OPTIMIZED, runner as owner, Versioning false, Storage Type set to DISK and Encryption set to false 
2022-08-08 17:31:06,865 [OM StateMachine ApplyTransaction Thread - 0] INFO  bucket.OMBucketCreateRequest (OMBucketCreateRequest.java:validateAndUpdateCache(260)) - created bucket: bucket-46475 of layout FILE_SYSTEM_OPTIMIZED in volume: volume-22408
]]></system-out>
  </testcase>
  <testcase name="testListStatusRootAndVolumeNonRecursive" classname="TestRootedOzoneFileSystemWithFSO" time="0.545">
    <system-out><![CDATA[2022-08-08 17:32:14,342 [Time-limited test] INFO  rpc.RpcClient (RpcClient.java:createVolume(468)) - Creating Volume: volume02008, with user07316 as owner and space quota set to -1 bytes, counts quota set to -1
2022-08-08 17:32:14,343 [IPC Server handler 11 on default port 44865] INFO  volume.OMVolumeCreateRequest (OMVolumeCreateRequest.java:validateAndUpdateCache(195)) - created volume:volume02008 for user:user07316
2022-08-08 17:32:14,347 [Time-limited test] INFO  rpc.RpcClient (RpcClient.java:createBucket(671)) - Creating Bucket: volume02008/bucket04864, with bucket layout FILE_SYSTEM_OPTIMIZED, runner as owner, Versioning false, Storage Type set to DISK and Encryption set to false 
2022-08-08 17:32:14,347 [IPC Server handler 13 on default port 44865] INFO  bucket.OMBucketCreateRequest (OMBucketCreateRequest.java:validateAndUpdateCache(260)) - created bucket: bucket04864 of layout FILE_SYSTEM_OPTIMIZED in volume: volume02008
17:32:14.349 [IPC Server handler 19 on default port 44865] ERROR OMAudit - user=runner | ip=127.0.0.1 | op=READ_BUCKET {volume=volume-80689, bucket=bucket-48700} | ret=FAILURE
org.apache.hadoop.ozone.om.exceptions.OMException: Volume not found when getting bucket info
	at org.apache.hadoop.ozone.om.BucketManagerImpl.getBucketInfo(BucketManagerImpl.java:127) ~[ozone-manager-1.3.0-SNAPSHOT.jar:?]
	at org.apache.hadoop.ozone.om.OzoneManager.getBucketInfo(OzoneManager.java:2779) ~[ozone-manager-1.3.0-SNAPSHOT.jar:?]
	at org.apache.hadoop.ozone.protocolPB.OzoneManagerRequestHandler.infoBucket(OzoneManagerRequestHandler.java:471) ~[ozone-manager-1.3.0-SNAPSHOT.jar:?]
	at org.apache.hadoop.ozone.protocolPB.OzoneManagerRequestHandler.handleReadRequest(OzoneManagerRequestHandler.java:174) ~[ozone-manager-1.3.0-SNAPSHOT.jar:?]
	at org.apache.hadoop.ozone.protocolPB.OzoneManagerProtocolServerSideTranslatorPB.submitRequestDirectlyToOM(OzoneManagerProtocolServerSideTranslatorPB.java:276) ~[ozone-manager-1.3.0-SNAPSHOT.jar:?]
	at org.apache.hadoop.ozone.protocolPB.OzoneManagerProtocolServerSideTranslatorPB.processRequest(OzoneManagerProtocolServerSideTranslatorPB.java:205) ~[ozone-manager-1.3.0-SNAPSHOT.jar:?]
	at org.apache.hadoop.hdds.server.OzoneProtocolMessageDispatcher.processRequest(OzoneProtocolMessageDispatcher.java:87) [hdds-server-framework-1.3.0-SNAPSHOT.jar:?]
	at org.apache.hadoop.ozone.protocolPB.OzoneManagerProtocolServerSideTranslatorPB.submitRequest(OzoneManagerProtocolServerSideTranslatorPB.java:147) [ozone-manager-1.3.0-SNAPSHOT.jar:?]
	at org.apache.hadoop.ozone.protocol.proto.OzoneManagerProtocolProtos$OzoneManagerService$2.callBlockingMethod(OzoneManagerProtocolProtos.java) [ozone-interface-client-1.3.0-SNAPSHOT.jar:?]
	at org.apache.hadoop.ipc.ProtobufRpcEngine$Server.processCall(ProtobufRpcEngine.java:466) [hadoop-common-3.3.1.jar:?]
	at org.apache.hadoop.ipc.ProtobufRpcEngine2$Server$ProtoBufRpcInvoker.call(ProtobufRpcEngine2.java:574) [hadoop-common-3.3.1.jar:?]
	at org.apache.hadoop.ipc.ProtobufRpcEngine2$Server$ProtoBufRpcInvoker.call(ProtobufRpcEngine2.java:552) [hadoop-common-3.3.1.jar:?]
	at org.apache.hadoop.ipc.RPC$Server.call(RPC.java:1093) [hadoop-common-3.3.1.jar:?]
	at org.apache.hadoop.ipc.Server$RpcCall.run(Server.java:1035) [hadoop-common-3.3.1.jar:?]
	at org.apache.hadoop.ipc.Server$RpcCall.run(Server.java:963) [hadoop-common-3.3.1.jar:?]
	at java.security.AccessController.doPrivileged(Native Method) ~[?:1.8.0_332]
	at javax.security.auth.Subject.doAs(Subject.java:422) [?:1.8.0_332]
	at org.apache.hadoop.security.UserGroupInformation.doAs(UserGroupInformation.java:1878) [hadoop-common-3.3.1.jar:?]
	at org.apache.hadoop.ipc.Server$Handler.run(Server.java:2966) [hadoop-common-3.3.1.jar:?]
2022-08-08 17:32:14,350 [Time-limited test] INFO  rpc.RpcClient (RpcClient.java:createVolume(468)) - Creating Volume: volume-80689, with runner as owner and space quota set to -1 bytes, counts quota set to -1
2022-08-08 17:32:14,350 [IPC Server handler 18 on default port 44865] INFO  volume.OMVolumeCreateRequest (OMVolumeCreateRequest.java:validateAndUpdateCache(195)) - created volume:volume-80689 for user:runner
2022-08-08 17:32:14,351 [Time-limited test] INFO  rpc.RpcClient (RpcClient.java:createBucket(671)) - Creating Bucket: volume-80689/bucket-48700, with bucket layout FILE_SYSTEM_OPTIMIZED, runner as owner, Versioning false, Storage Type set to DISK and Encryption set to false 
2022-08-08 17:32:14,352 [IPC Server handler 2 on default port 44865] INFO  bucket.OMBucketCreateRequest (OMBucketCreateRequest.java:validateAndUpdateCache(260)) - created bucket: bucket-48700 of layout FILE_SYSTEM_OPTIMIZED in volume: volume-80689
17:32:14.628 [IPC Server handler 10 on default port 44865] ERROR OMAudit - user=runner | ip=127.0.0.1 | op=READ_BUCKET {volume=volume-01588, bucket=bucket-07667} | ret=FAILURE
org.apache.hadoop.ozone.om.exceptions.OMException: Volume not found when getting bucket info
	at org.apache.hadoop.ozone.om.BucketManagerImpl.getBucketInfo(BucketManagerImpl.java:127) ~[ozone-manager-1.3.0-SNAPSHOT.jar:?]
	at org.apache.hadoop.ozone.om.OzoneManager.getBucketInfo(OzoneManager.java:2779) ~[ozone-manager-1.3.0-SNAPSHOT.jar:?]
	at org.apache.hadoop.ozone.protocolPB.OzoneManagerRequestHandler.infoBucket(OzoneManagerRequestHandler.java:471) ~[ozone-manager-1.3.0-SNAPSHOT.jar:?]
	at org.apache.hadoop.ozone.protocolPB.OzoneManagerRequestHandler.handleReadRequest(OzoneManagerRequestHandler.java:174) ~[ozone-manager-1.3.0-SNAPSHOT.jar:?]
	at org.apache.hadoop.ozone.protocolPB.OzoneManagerProtocolServerSideTranslatorPB.submitRequestDirectlyToOM(OzoneManagerProtocolServerSideTranslatorPB.java:276) ~[ozone-manager-1.3.0-SNAPSHOT.jar:?]
	at org.apache.hadoop.ozone.protocolPB.OzoneManagerProtocolServerSideTranslatorPB.processRequest(OzoneManagerProtocolServerSideTranslatorPB.java:205) ~[ozone-manager-1.3.0-SNAPSHOT.jar:?]
	at org.apache.hadoop.hdds.server.OzoneProtocolMessageDispatcher.processRequest(OzoneProtocolMessageDispatcher.java:87) [hdds-server-framework-1.3.0-SNAPSHOT.jar:?]
	at org.apache.hadoop.ozone.protocolPB.OzoneManagerProtocolServerSideTranslatorPB.submitRequest(OzoneManagerProtocolServerSideTranslatorPB.java:147) [ozone-manager-1.3.0-SNAPSHOT.jar:?]
	at org.apache.hadoop.ozone.protocol.proto.OzoneManagerProtocolProtos$OzoneManagerService$2.callBlockingMethod(OzoneManagerProtocolProtos.java) [ozone-interface-client-1.3.0-SNAPSHOT.jar:?]
	at org.apache.hadoop.ipc.ProtobufRpcEngine$Server.processCall(ProtobufRpcEngine.java:466) [hadoop-common-3.3.1.jar:?]
	at org.apache.hadoop.ipc.ProtobufRpcEngine2$Server$ProtoBufRpcInvoker.call(ProtobufRpcEngine2.java:574) [hadoop-common-3.3.1.jar:?]
	at org.apache.hadoop.ipc.ProtobufRpcEngine2$Server$ProtoBufRpcInvoker.call(ProtobufRpcEngine2.java:552) [hadoop-common-3.3.1.jar:?]
	at org.apache.hadoop.ipc.RPC$Server.call(RPC.java:1093) [hadoop-common-3.3.1.jar:?]
	at org.apache.hadoop.ipc.Server$RpcCall.run(Server.java:1035) [hadoop-common-3.3.1.jar:?]
	at org.apache.hadoop.ipc.Server$RpcCall.run(Server.java:963) [hadoop-common-3.3.1.jar:?]
	at java.security.AccessController.doPrivileged(Native Method) ~[?:1.8.0_332]
	at javax.security.auth.Subject.doAs(Subject.java:422) [?:1.8.0_332]
	at org.apache.hadoop.security.UserGroupInformation.doAs(UserGroupInformation.java:1878) [hadoop-common-3.3.1.jar:?]
	at org.apache.hadoop.ipc.Server$Handler.run(Server.java:2966) [hadoop-common-3.3.1.jar:?]
2022-08-08 17:32:14,630 [Time-limited test] INFO  rpc.RpcClient (RpcClient.java:createVolume(468)) - Creating Volume: volume-01588, with runner as owner and space quota set to -1 bytes, counts quota set to -1
2022-08-08 17:32:14,630 [IPC Server handler 11 on default port 44865] INFO  volume.OMVolumeCreateRequest (OMVolumeCreateRequest.java:validateAndUpdateCache(195)) - created volume:volume-01588 for user:runner
2022-08-08 17:32:14,635 [Time-limited test] INFO  rpc.RpcClient (RpcClient.java:createBucket(671)) - Creating Bucket: volume-01588/bucket-07667, with bucket layout FILE_SYSTEM_OPTIMIZED, runner as owner, Versioning false, Storage Type set to DISK and Encryption set to false 
2022-08-08 17:32:14,635 [IPC Server handler 13 on default port 44865] INFO  bucket.OMBucketCreateRequest (OMBucketCreateRequest.java:validateAndUpdateCache(260)) - created bucket: bucket-07667 of layout FILE_SYSTEM_OPTIMIZED in volume: volume-01588
]]></system-out>
  </testcase>
  <testcase name="testDeleteBucketLink" classname="TestRootedOzoneFileSystemWithFSO" time="0.125">
    <system-out><![CDATA[2022-08-08 17:31:07,012 [Time-limited test] INFO  rpc.RpcClient (RpcClient.java:createVolume(468)) - Creating Volume: volume57102, with user49426 as owner and space quota set to -1 bytes, counts quota set to -1
2022-08-08 17:31:07,015 [OM StateMachine ApplyTransaction Thread - 0] INFO  volume.OMVolumeCreateRequest (OMVolumeCreateRequest.java:validateAndUpdateCache(195)) - created volume:volume57102 for user:user49426
2022-08-08 17:31:07,016 [Time-limited test] INFO  rpc.RpcClient (RpcClient.java:createBucket(671)) - Creating Bucket: volume57102/bucket30219, with bucket layout FILE_SYSTEM_OPTIMIZED, runner as owner, Versioning false, Storage Type set to DISK and Encryption set to false 
2022-08-08 17:31:07,018 [OM StateMachine ApplyTransaction Thread - 0] INFO  bucket.OMBucketCreateRequest (OMBucketCreateRequest.java:validateAndUpdateCache(260)) - created bucket: bucket30219 of layout FILE_SYSTEM_OPTIMIZED in volume: volume57102
17:31:07.020 [IPC Server handler 5 on default port 37325] ERROR OMAudit - user=runner | ip=127.0.0.1 | op=READ_BUCKET {volume=volume-23964, bucket=bucket} | ret=FAILURE
org.apache.hadoop.ozone.om.exceptions.OMException: Volume not found when getting bucket info
	at org.apache.hadoop.ozone.om.BucketManagerImpl.getBucketInfo(BucketManagerImpl.java:127) ~[ozone-manager-1.3.0-SNAPSHOT.jar:?]
	at org.apache.hadoop.ozone.om.OzoneManager.getBucketInfo(OzoneManager.java:2779) ~[ozone-manager-1.3.0-SNAPSHOT.jar:?]
	at org.apache.hadoop.ozone.protocolPB.OzoneManagerRequestHandler.infoBucket(OzoneManagerRequestHandler.java:471) ~[ozone-manager-1.3.0-SNAPSHOT.jar:?]
	at org.apache.hadoop.ozone.protocolPB.OzoneManagerRequestHandler.handleReadRequest(OzoneManagerRequestHandler.java:174) ~[ozone-manager-1.3.0-SNAPSHOT.jar:?]
	at org.apache.hadoop.ozone.protocolPB.OzoneManagerProtocolServerSideTranslatorPB.submitReadRequestToOM(OzoneManagerProtocolServerSideTranslatorPB.java:226) ~[ozone-manager-1.3.0-SNAPSHOT.jar:?]
	at org.apache.hadoop.ozone.protocolPB.OzoneManagerProtocolServerSideTranslatorPB.processRequest(OzoneManagerProtocolServerSideTranslatorPB.java:175) ~[ozone-manager-1.3.0-SNAPSHOT.jar:?]
	at org.apache.hadoop.hdds.server.OzoneProtocolMessageDispatcher.processRequest(OzoneProtocolMessageDispatcher.java:87) [hdds-server-framework-1.3.0-SNAPSHOT.jar:?]
	at org.apache.hadoop.ozone.protocolPB.OzoneManagerProtocolServerSideTranslatorPB.submitRequest(OzoneManagerProtocolServerSideTranslatorPB.java:147) [ozone-manager-1.3.0-SNAPSHOT.jar:?]
	at org.apache.hadoop.ozone.protocol.proto.OzoneManagerProtocolProtos$OzoneManagerService$2.callBlockingMethod(OzoneManagerProtocolProtos.java) [ozone-interface-client-1.3.0-SNAPSHOT.jar:?]
	at org.apache.hadoop.ipc.ProtobufRpcEngine$Server.processCall(ProtobufRpcEngine.java:466) [hadoop-common-3.3.1.jar:?]
	at org.apache.hadoop.ipc.ProtobufRpcEngine2$Server$ProtoBufRpcInvoker.call(ProtobufRpcEngine2.java:574) [hadoop-common-3.3.1.jar:?]
	at org.apache.hadoop.ipc.ProtobufRpcEngine2$Server$ProtoBufRpcInvoker.call(ProtobufRpcEngine2.java:552) [hadoop-common-3.3.1.jar:?]
	at org.apache.hadoop.ipc.RPC$Server.call(RPC.java:1093) [hadoop-common-3.3.1.jar:?]
	at org.apache.hadoop.ipc.Server$RpcCall.run(Server.java:1035) [hadoop-common-3.3.1.jar:?]
	at org.apache.hadoop.ipc.Server$RpcCall.run(Server.java:963) [hadoop-common-3.3.1.jar:?]
	at java.security.AccessController.doPrivileged(Native Method) ~[?:1.8.0_332]
	at javax.security.auth.Subject.doAs(Subject.java:422) [?:1.8.0_332]
	at org.apache.hadoop.security.UserGroupInformation.doAs(UserGroupInformation.java:1878) [hadoop-common-3.3.1.jar:?]
	at org.apache.hadoop.ipc.Server$Handler.run(Server.java:2966) [hadoop-common-3.3.1.jar:?]
2022-08-08 17:31:07,021 [Time-limited test] INFO  rpc.RpcClient (RpcClient.java:createVolume(468)) - Creating Volume: volume-23964, with runner as owner and space quota set to -1 bytes, counts quota set to -1
2022-08-08 17:31:07,024 [OM StateMachine ApplyTransaction Thread - 0] INFO  volume.OMVolumeCreateRequest (OMVolumeCreateRequest.java:validateAndUpdateCache(195)) - created volume:volume-23964 for user:runner
2022-08-08 17:31:07,025 [Time-limited test] INFO  rpc.RpcClient (RpcClient.java:createBucket(671)) - Creating Bucket: volume-23964/bucket, with bucket layout FILE_SYSTEM_OPTIMIZED, runner as owner, Versioning false, Storage Type set to DISK and Encryption set to false 
2022-08-08 17:31:07,027 [OM StateMachine ApplyTransaction Thread - 0] INFO  bucket.OMBucketCreateRequest (OMBucketCreateRequest.java:validateAndUpdateCache(260)) - created bucket: bucket of layout FILE_SYSTEM_OPTIMIZED in volume: volume-23964
2022-08-08 17:31:07,035 [Time-limited test] INFO  rpc.RpcClient (RpcClient.java:createVolume(468)) - Creating Volume: volume-96229, with runner as owner and space quota set to -1 bytes, counts quota set to -1
2022-08-08 17:31:07,036 [OM StateMachine ApplyTransaction Thread - 0] INFO  volume.OMVolumeCreateRequest (OMVolumeCreateRequest.java:validateAndUpdateCache(195)) - created volume:volume-96229 for user:runner
2022-08-08 17:31:07,037 [Time-limited test] INFO  rpc.RpcClient (RpcClient.java:createBucket(671)) - Creating Bucket: volume-96229/link, with server-side default bucket layout, runner as owner, Versioning false, Storage Type set to DISK and Encryption set to false 
2022-08-08 17:31:07,039 [OM StateMachine ApplyTransaction Thread - 0] INFO  bucket.OMBucketCreateRequest (OMBucketCreateRequest.java:validateAndUpdateCache(260)) - created bucket: link of layout LEGACY in volume: volume-96229
17:31:07.045 [OM StateMachine ApplyTransaction Thread - 0] ERROR OMAudit - user=runner | ip=127.0.0.1 | op=DELETE_VOLUME {volume=volume-96229} | ret=FAILURE
org.apache.hadoop.ozone.om.exceptions.OMException: null
	at org.apache.hadoop.ozone.om.request.volume.OMVolumeDeleteRequest.validateAndUpdateCache(OMVolumeDeleteRequest.java:122) ~[ozone-manager-1.3.0-SNAPSHOT.jar:?]
	at org.apache.hadoop.ozone.protocolPB.OzoneManagerRequestHandler.handleWriteRequest(OzoneManagerRequestHandler.java:300) ~[ozone-manager-1.3.0-SNAPSHOT.jar:?]
	at org.apache.hadoop.ozone.om.ratis.OzoneManagerStateMachine.runCommand(OzoneManagerStateMachine.java:529) ~[ozone-manager-1.3.0-SNAPSHOT.jar:?]
	at org.apache.hadoop.ozone.om.ratis.OzoneManagerStateMachine.lambda$1(OzoneManagerStateMachine.java:324) ~[ozone-manager-1.3.0-SNAPSHOT.jar:?]
	at java.util.concurrent.CompletableFuture$AsyncSupply.run(CompletableFuture.java:1604) [?:1.8.0_332]
	at java.util.concurrent.ThreadPoolExecutor.runWorker(ThreadPoolExecutor.java:1149) [?:1.8.0_332]
	at java.util.concurrent.ThreadPoolExecutor$Worker.run(ThreadPoolExecutor.java:624) [?:1.8.0_332]
	at java.lang.Thread.run(Thread.java:750) [?:1.8.0_332]
2022-08-08 17:31:07,046 [OM StateMachine ApplyTransaction Thread - 0] ERROR volume.OMVolumeDeleteRequest (OMVolumeDeleteRequest.java:validateAndUpdateCache(170)) - Volume deletion failed for user:runner volume:volume-96229
VOLUME_NOT_EMPTY org.apache.hadoop.ozone.om.exceptions.OMException
	at org.apache.hadoop.ozone.om.request.volume.OMVolumeDeleteRequest.validateAndUpdateCache(OMVolumeDeleteRequest.java:122)
	at org.apache.hadoop.ozone.protocolPB.OzoneManagerRequestHandler.handleWriteRequest(OzoneManagerRequestHandler.java:300)
	at org.apache.hadoop.ozone.om.ratis.OzoneManagerStateMachine.runCommand(OzoneManagerStateMachine.java:529)
	at org.apache.hadoop.ozone.om.ratis.OzoneManagerStateMachine.lambda$1(OzoneManagerStateMachine.java:324)
	at java.util.concurrent.CompletableFuture$AsyncSupply.run(CompletableFuture.java:1604)
	at java.util.concurrent.ThreadPoolExecutor.runWorker(ThreadPoolExecutor.java:1149)
	at java.util.concurrent.ThreadPoolExecutor$Worker.run(ThreadPoolExecutor.java:624)
	at java.lang.Thread.run(Thread.java:750)
17:31:07.069 [IPC Server handler 2 on default port 37325] ERROR OMAudit - user=runner | ip=127.0.0.1 | op=READ_BUCKET {volume=volume-96229, bucket=link} | ret=FAILURE
org.apache.hadoop.ozone.om.exceptions.OMException: Volume not found when getting bucket info
	at org.apache.hadoop.ozone.om.BucketManagerImpl.getBucketInfo(BucketManagerImpl.java:127) ~[ozone-manager-1.3.0-SNAPSHOT.jar:?]
	at org.apache.hadoop.ozone.om.OzoneManager.getBucketInfo(OzoneManager.java:2779) ~[ozone-manager-1.3.0-SNAPSHOT.jar:?]
	at org.apache.hadoop.ozone.protocolPB.OzoneManagerRequestHandler.infoBucket(OzoneManagerRequestHandler.java:471) ~[ozone-manager-1.3.0-SNAPSHOT.jar:?]
	at org.apache.hadoop.ozone.protocolPB.OzoneManagerRequestHandler.handleReadRequest(OzoneManagerRequestHandler.java:174) ~[ozone-manager-1.3.0-SNAPSHOT.jar:?]
	at org.apache.hadoop.ozone.protocolPB.OzoneManagerProtocolServerSideTranslatorPB.submitReadRequestToOM(OzoneManagerProtocolServerSideTranslatorPB.java:226) ~[ozone-manager-1.3.0-SNAPSHOT.jar:?]
	at org.apache.hadoop.ozone.protocolPB.OzoneManagerProtocolServerSideTranslatorPB.processRequest(OzoneManagerProtocolServerSideTranslatorPB.java:175) ~[ozone-manager-1.3.0-SNAPSHOT.jar:?]
	at org.apache.hadoop.hdds.server.OzoneProtocolMessageDispatcher.processRequest(OzoneProtocolMessageDispatcher.java:87) [hdds-server-framework-1.3.0-SNAPSHOT.jar:?]
	at org.apache.hadoop.ozone.protocolPB.OzoneManagerProtocolServerSideTranslatorPB.submitRequest(OzoneManagerProtocolServerSideTranslatorPB.java:147) [ozone-manager-1.3.0-SNAPSHOT.jar:?]
	at org.apache.hadoop.ozone.protocol.proto.OzoneManagerProtocolProtos$OzoneManagerService$2.callBlockingMethod(OzoneManagerProtocolProtos.java) [ozone-interface-client-1.3.0-SNAPSHOT.jar:?]
	at org.apache.hadoop.ipc.ProtobufRpcEngine$Server.processCall(ProtobufRpcEngine.java:466) [hadoop-common-3.3.1.jar:?]
	at org.apache.hadoop.ipc.ProtobufRpcEngine2$Server$ProtoBufRpcInvoker.call(ProtobufRpcEngine2.java:574) [hadoop-common-3.3.1.jar:?]
	at org.apache.hadoop.ipc.ProtobufRpcEngine2$Server$ProtoBufRpcInvoker.call(ProtobufRpcEngine2.java:552) [hadoop-common-3.3.1.jar:?]
	at org.apache.hadoop.ipc.RPC$Server.call(RPC.java:1093) [hadoop-common-3.3.1.jar:?]
	at org.apache.hadoop.ipc.Server$RpcCall.run(Server.java:1035) [hadoop-common-3.3.1.jar:?]
	at org.apache.hadoop.ipc.Server$RpcCall.run(Server.java:963) [hadoop-common-3.3.1.jar:?]
	at java.security.AccessController.doPrivileged(Native Method) ~[?:1.8.0_332]
	at javax.security.auth.Subject.doAs(Subject.java:422) [?:1.8.0_332]
	at org.apache.hadoop.security.UserGroupInformation.doAs(UserGroupInformation.java:1878) [hadoop-common-3.3.1.jar:?]
	at org.apache.hadoop.ipc.Server$Handler.run(Server.java:2966) [hadoop-common-3.3.1.jar:?]
]]></system-out>
  </testcase>
  <testcase name="testDeleteBucketLink" classname="TestRootedOzoneFileSystemWithFSO" time="0.103">
    <system-out><![CDATA[2022-08-08 17:32:14,852 [Time-limited test] INFO  rpc.RpcClient (RpcClient.java:createVolume(468)) - Creating Volume: volume57553, with user28989 as owner and space quota set to -1 bytes, counts quota set to -1
2022-08-08 17:32:14,853 [IPC Server handler 15 on default port 44865] INFO  volume.OMVolumeCreateRequest (OMVolumeCreateRequest.java:validateAndUpdateCache(195)) - created volume:volume57553 for user:user28989
2022-08-08 17:32:14,855 [Time-limited test] INFO  rpc.RpcClient (RpcClient.java:createBucket(671)) - Creating Bucket: volume57553/bucket57864, with bucket layout FILE_SYSTEM_OPTIMIZED, runner as owner, Versioning false, Storage Type set to DISK and Encryption set to false 
2022-08-08 17:32:14,855 [IPC Server handler 19 on default port 44865] INFO  bucket.OMBucketCreateRequest (OMBucketCreateRequest.java:validateAndUpdateCache(260)) - created bucket: bucket57864 of layout FILE_SYSTEM_OPTIMIZED in volume: volume57553
17:32:14.857 [IPC Server handler 2 on default port 44865] ERROR OMAudit - user=runner | ip=127.0.0.1 | op=READ_BUCKET {volume=volume-18529, bucket=bucket} | ret=FAILURE
org.apache.hadoop.ozone.om.exceptions.OMException: Volume not found when getting bucket info
	at org.apache.hadoop.ozone.om.BucketManagerImpl.getBucketInfo(BucketManagerImpl.java:127) ~[ozone-manager-1.3.0-SNAPSHOT.jar:?]
	at org.apache.hadoop.ozone.om.OzoneManager.getBucketInfo(OzoneManager.java:2779) ~[ozone-manager-1.3.0-SNAPSHOT.jar:?]
	at org.apache.hadoop.ozone.protocolPB.OzoneManagerRequestHandler.infoBucket(OzoneManagerRequestHandler.java:471) ~[ozone-manager-1.3.0-SNAPSHOT.jar:?]
	at org.apache.hadoop.ozone.protocolPB.OzoneManagerRequestHandler.handleReadRequest(OzoneManagerRequestHandler.java:174) ~[ozone-manager-1.3.0-SNAPSHOT.jar:?]
	at org.apache.hadoop.ozone.protocolPB.OzoneManagerProtocolServerSideTranslatorPB.submitRequestDirectlyToOM(OzoneManagerProtocolServerSideTranslatorPB.java:276) ~[ozone-manager-1.3.0-SNAPSHOT.jar:?]
	at org.apache.hadoop.ozone.protocolPB.OzoneManagerProtocolServerSideTranslatorPB.processRequest(OzoneManagerProtocolServerSideTranslatorPB.java:205) ~[ozone-manager-1.3.0-SNAPSHOT.jar:?]
	at org.apache.hadoop.hdds.server.OzoneProtocolMessageDispatcher.processRequest(OzoneProtocolMessageDispatcher.java:87) [hdds-server-framework-1.3.0-SNAPSHOT.jar:?]
	at org.apache.hadoop.ozone.protocolPB.OzoneManagerProtocolServerSideTranslatorPB.submitRequest(OzoneManagerProtocolServerSideTranslatorPB.java:147) [ozone-manager-1.3.0-SNAPSHOT.jar:?]
	at org.apache.hadoop.ozone.protocol.proto.OzoneManagerProtocolProtos$OzoneManagerService$2.callBlockingMethod(OzoneManagerProtocolProtos.java) [ozone-interface-client-1.3.0-SNAPSHOT.jar:?]
	at org.apache.hadoop.ipc.ProtobufRpcEngine$Server.processCall(ProtobufRpcEngine.java:466) [hadoop-common-3.3.1.jar:?]
	at org.apache.hadoop.ipc.ProtobufRpcEngine2$Server$ProtoBufRpcInvoker.call(ProtobufRpcEngine2.java:574) [hadoop-common-3.3.1.jar:?]
	at org.apache.hadoop.ipc.ProtobufRpcEngine2$Server$ProtoBufRpcInvoker.call(ProtobufRpcEngine2.java:552) [hadoop-common-3.3.1.jar:?]
	at org.apache.hadoop.ipc.RPC$Server.call(RPC.java:1093) [hadoop-common-3.3.1.jar:?]
	at org.apache.hadoop.ipc.Server$RpcCall.run(Server.java:1035) [hadoop-common-3.3.1.jar:?]
	at org.apache.hadoop.ipc.Server$RpcCall.run(Server.java:963) [hadoop-common-3.3.1.jar:?]
	at java.security.AccessController.doPrivileged(Native Method) ~[?:1.8.0_332]
	at javax.security.auth.Subject.doAs(Subject.java:422) [?:1.8.0_332]
	at org.apache.hadoop.security.UserGroupInformation.doAs(UserGroupInformation.java:1878) [hadoop-common-3.3.1.jar:?]
	at org.apache.hadoop.ipc.Server$Handler.run(Server.java:2966) [hadoop-common-3.3.1.jar:?]
2022-08-08 17:32:14,858 [Time-limited test] INFO  rpc.RpcClient (RpcClient.java:createVolume(468)) - Creating Volume: volume-18529, with runner as owner and space quota set to -1 bytes, counts quota set to -1
2022-08-08 17:32:14,858 [IPC Server handler 8 on default port 44865] INFO  volume.OMVolumeCreateRequest (OMVolumeCreateRequest.java:validateAndUpdateCache(195)) - created volume:volume-18529 for user:runner
2022-08-08 17:32:14,859 [Time-limited test] INFO  rpc.RpcClient (RpcClient.java:createBucket(671)) - Creating Bucket: volume-18529/bucket, with bucket layout FILE_SYSTEM_OPTIMIZED, runner as owner, Versioning false, Storage Type set to DISK and Encryption set to false 
2022-08-08 17:32:14,859 [IPC Server handler 1 on default port 44865] INFO  bucket.OMBucketCreateRequest (OMBucketCreateRequest.java:validateAndUpdateCache(260)) - created bucket: bucket of layout FILE_SYSTEM_OPTIMIZED in volume: volume-18529
2022-08-08 17:32:14,862 [Time-limited test] INFO  rpc.RpcClient (RpcClient.java:createVolume(468)) - Creating Volume: volume-91778, with runner as owner and space quota set to -1 bytes, counts quota set to -1
2022-08-08 17:32:14,863 [IPC Server handler 16 on default port 44865] INFO  volume.OMVolumeCreateRequest (OMVolumeCreateRequest.java:validateAndUpdateCache(195)) - created volume:volume-91778 for user:runner
2022-08-08 17:32:14,863 [Time-limited test] INFO  rpc.RpcClient (RpcClient.java:createBucket(671)) - Creating Bucket: volume-91778/link, with server-side default bucket layout, runner as owner, Versioning false, Storage Type set to DISK and Encryption set to false 
2022-08-08 17:32:14,864 [IPC Server handler 10 on default port 44865] INFO  bucket.OMBucketCreateRequest (OMBucketCreateRequest.java:validateAndUpdateCache(260)) - created bucket: link of layout LEGACY in volume: volume-91778
17:32:14.867 [IPC Server handler 19 on default port 44865] ERROR OMAudit - user=runner | ip=127.0.0.1 | op=DELETE_VOLUME {volume=volume-91778} | ret=FAILURE
org.apache.hadoop.ozone.om.exceptions.OMException: null
	at org.apache.hadoop.ozone.om.request.volume.OMVolumeDeleteRequest.validateAndUpdateCache(OMVolumeDeleteRequest.java:122) ~[ozone-manager-1.3.0-SNAPSHOT.jar:?]
	at org.apache.hadoop.ozone.protocolPB.OzoneManagerRequestHandler.handleWriteRequest(OzoneManagerRequestHandler.java:300) ~[ozone-manager-1.3.0-SNAPSHOT.jar:?]
	at org.apache.hadoop.ozone.protocolPB.OzoneManagerProtocolServerSideTranslatorPB.submitRequestDirectlyToOM(OzoneManagerProtocolServerSideTranslatorPB.java:282) ~[ozone-manager-1.3.0-SNAPSHOT.jar:?]
	at org.apache.hadoop.ozone.protocolPB.OzoneManagerProtocolServerSideTranslatorPB.processRequest(OzoneManagerProtocolServerSideTranslatorPB.java:205) ~[ozone-manager-1.3.0-SNAPSHOT.jar:?]
	at org.apache.hadoop.hdds.server.OzoneProtocolMessageDispatcher.processRequest(OzoneProtocolMessageDispatcher.java:87) [hdds-server-framework-1.3.0-SNAPSHOT.jar:?]
	at org.apache.hadoop.ozone.protocolPB.OzoneManagerProtocolServerSideTranslatorPB.submitRequest(OzoneManagerProtocolServerSideTranslatorPB.java:147) [ozone-manager-1.3.0-SNAPSHOT.jar:?]
	at org.apache.hadoop.ozone.protocol.proto.OzoneManagerProtocolProtos$OzoneManagerService$2.callBlockingMethod(OzoneManagerProtocolProtos.java) [ozone-interface-client-1.3.0-SNAPSHOT.jar:?]
	at org.apache.hadoop.ipc.ProtobufRpcEngine$Server.processCall(ProtobufRpcEngine.java:466) [hadoop-common-3.3.1.jar:?]
	at org.apache.hadoop.ipc.ProtobufRpcEngine2$Server$ProtoBufRpcInvoker.call(ProtobufRpcEngine2.java:574) [hadoop-common-3.3.1.jar:?]
	at org.apache.hadoop.ipc.ProtobufRpcEngine2$Server$ProtoBufRpcInvoker.call(ProtobufRpcEngine2.java:552) [hadoop-common-3.3.1.jar:?]
	at org.apache.hadoop.ipc.RPC$Server.call(RPC.java:1093) [hadoop-common-3.3.1.jar:?]
	at org.apache.hadoop.ipc.Server$RpcCall.run(Server.java:1035) [hadoop-common-3.3.1.jar:?]
	at org.apache.hadoop.ipc.Server$RpcCall.run(Server.java:963) [hadoop-common-3.3.1.jar:?]
	at java.security.AccessController.doPrivileged(Native Method) ~[?:1.8.0_332]
	at javax.security.auth.Subject.doAs(Subject.java:422) [?:1.8.0_332]
	at org.apache.hadoop.security.UserGroupInformation.doAs(UserGroupInformation.java:1878) [hadoop-common-3.3.1.jar:?]
	at org.apache.hadoop.ipc.Server$Handler.run(Server.java:2966) [hadoop-common-3.3.1.jar:?]
2022-08-08 17:32:14,867 [IPC Server handler 19 on default port 44865] ERROR volume.OMVolumeDeleteRequest (OMVolumeDeleteRequest.java:validateAndUpdateCache(170)) - Volume deletion failed for user:runner volume:volume-91778
VOLUME_NOT_EMPTY org.apache.hadoop.ozone.om.exceptions.OMException
	at org.apache.hadoop.ozone.om.request.volume.OMVolumeDeleteRequest.validateAndUpdateCache(OMVolumeDeleteRequest.java:122)
	at org.apache.hadoop.ozone.protocolPB.OzoneManagerRequestHandler.handleWriteRequest(OzoneManagerRequestHandler.java:300)
	at org.apache.hadoop.ozone.protocolPB.OzoneManagerProtocolServerSideTranslatorPB.submitRequestDirectlyToOM(OzoneManagerProtocolServerSideTranslatorPB.java:282)
	at org.apache.hadoop.ozone.protocolPB.OzoneManagerProtocolServerSideTranslatorPB.processRequest(OzoneManagerProtocolServerSideTranslatorPB.java:205)
	at org.apache.hadoop.hdds.server.OzoneProtocolMessageDispatcher.processRequest(OzoneProtocolMessageDispatcher.java:87)
	at org.apache.hadoop.ozone.protocolPB.OzoneManagerProtocolServerSideTranslatorPB.submitRequest(OzoneManagerProtocolServerSideTranslatorPB.java:147)
	at org.apache.hadoop.ozone.protocol.proto.OzoneManagerProtocolProtos$OzoneManagerService$2.callBlockingMethod(OzoneManagerProtocolProtos.java)
	at org.apache.hadoop.ipc.ProtobufRpcEngine$Server.processCall(ProtobufRpcEngine.java:466)
	at org.apache.hadoop.ipc.ProtobufRpcEngine2$Server$ProtoBufRpcInvoker.call(ProtobufRpcEngine2.java:574)
	at org.apache.hadoop.ipc.ProtobufRpcEngine2$Server$ProtoBufRpcInvoker.call(ProtobufRpcEngine2.java:552)
	at org.apache.hadoop.ipc.RPC$Server.call(RPC.java:1093)
	at org.apache.hadoop.ipc.Server$RpcCall.run(Server.java:1035)
	at org.apache.hadoop.ipc.Server$RpcCall.run(Server.java:963)
	at java.security.AccessController.doPrivileged(Native Method)
	at javax.security.auth.Subject.doAs(Subject.java:422)
	at org.apache.hadoop.security.UserGroupInformation.doAs(UserGroupInformation.java:1878)
	at org.apache.hadoop.ipc.Server$Handler.run(Server.java:2966)
17:32:14.885 [IPC Server handler 13 on default port 44865] ERROR OMAudit - user=runner | ip=127.0.0.1 | op=READ_BUCKET {volume=volume-91778, bucket=link} | ret=FAILURE
org.apache.hadoop.ozone.om.exceptions.OMException: Volume not found when getting bucket info
	at org.apache.hadoop.ozone.om.BucketManagerImpl.getBucketInfo(BucketManagerImpl.java:127) ~[ozone-manager-1.3.0-SNAPSHOT.jar:?]
	at org.apache.hadoop.ozone.om.OzoneManager.getBucketInfo(OzoneManager.java:2779) ~[ozone-manager-1.3.0-SNAPSHOT.jar:?]
	at org.apache.hadoop.ozone.protocolPB.OzoneManagerRequestHandler.infoBucket(OzoneManagerRequestHandler.java:471) ~[ozone-manager-1.3.0-SNAPSHOT.jar:?]
	at org.apache.hadoop.ozone.protocolPB.OzoneManagerRequestHandler.handleReadRequest(OzoneManagerRequestHandler.java:174) ~[ozone-manager-1.3.0-SNAPSHOT.jar:?]
	at org.apache.hadoop.ozone.protocolPB.OzoneManagerProtocolServerSideTranslatorPB.submitRequestDirectlyToOM(OzoneManagerProtocolServerSideTranslatorPB.java:276) ~[ozone-manager-1.3.0-SNAPSHOT.jar:?]
	at org.apache.hadoop.ozone.protocolPB.OzoneManagerProtocolServerSideTranslatorPB.processRequest(OzoneManagerProtocolServerSideTranslatorPB.java:205) ~[ozone-manager-1.3.0-SNAPSHOT.jar:?]
	at org.apache.hadoop.hdds.server.OzoneProtocolMessageDispatcher.processRequest(OzoneProtocolMessageDispatcher.java:87) [hdds-server-framework-1.3.0-SNAPSHOT.jar:?]
	at org.apache.hadoop.ozone.protocolPB.OzoneManagerProtocolServerSideTranslatorPB.submitRequest(OzoneManagerProtocolServerSideTranslatorPB.java:147) [ozone-manager-1.3.0-SNAPSHOT.jar:?]
	at org.apache.hadoop.ozone.protocol.proto.OzoneManagerProtocolProtos$OzoneManagerService$2.callBlockingMethod(OzoneManagerProtocolProtos.java) [ozone-interface-client-1.3.0-SNAPSHOT.jar:?]
	at org.apache.hadoop.ipc.ProtobufRpcEngine$Server.processCall(ProtobufRpcEngine.java:466) [hadoop-common-3.3.1.jar:?]
	at org.apache.hadoop.ipc.ProtobufRpcEngine2$Server$ProtoBufRpcInvoker.call(ProtobufRpcEngine2.java:574) [hadoop-common-3.3.1.jar:?]
	at org.apache.hadoop.ipc.ProtobufRpcEngine2$Server$ProtoBufRpcInvoker.call(ProtobufRpcEngine2.java:552) [hadoop-common-3.3.1.jar:?]
	at org.apache.hadoop.ipc.RPC$Server.call(RPC.java:1093) [hadoop-common-3.3.1.jar:?]
	at org.apache.hadoop.ipc.Server$RpcCall.run(Server.java:1035) [hadoop-common-3.3.1.jar:?]
	at org.apache.hadoop.ipc.Server$RpcCall.run(Server.java:963) [hadoop-common-3.3.1.jar:?]
	at java.security.AccessController.doPrivileged(Native Method) ~[?:1.8.0_332]
	at javax.security.auth.Subject.doAs(Subject.java:422) [?:1.8.0_332]
	at org.apache.hadoop.security.UserGroupInformation.doAs(UserGroupInformation.java:1878) [hadoop-common-3.3.1.jar:?]
	at org.apache.hadoop.ipc.Server$Handler.run(Server.java:2966) [hadoop-common-3.3.1.jar:?]
]]></system-out>
  </testcase>
  <testcase name="testBucketDefaultsShouldNotBeInheritedToFileForNonEC" classname="TestRootedOzoneFileSystemWithFSO" time="0.203">
    <system-out><![CDATA[2022-08-08 17:31:07,131 [Time-limited test] INFO  rpc.RpcClient (RpcClient.java:createVolume(468)) - Creating Volume: volume91302, with user58219 as owner and space quota set to -1 bytes, counts quota set to -1
2022-08-08 17:31:07,134 [OM StateMachine ApplyTransaction Thread - 0] INFO  volume.OMVolumeCreateRequest (OMVolumeCreateRequest.java:validateAndUpdateCache(195)) - created volume:volume91302 for user:user58219
2022-08-08 17:31:07,142 [Time-limited test] INFO  rpc.RpcClient (RpcClient.java:createBucket(671)) - Creating Bucket: volume91302/bucket79437, with bucket layout FILE_SYSTEM_OPTIMIZED, runner as owner, Versioning false, Storage Type set to DISK and Encryption set to false 
2022-08-08 17:31:07,144 [OM StateMachine ApplyTransaction Thread - 0] INFO  bucket.OMBucketCreateRequest (OMBucketCreateRequest.java:validateAndUpdateCache(260)) - created bucket: bucket79437 of layout FILE_SYSTEM_OPTIMIZED in volume: volume91302
2022-08-08 17:31:07,178 [Time-limited test] INFO  rpc.RpcClient (RpcClient.java:createVolume(468)) - Creating Volume: 8c4c1062-169b-4c6c-b280-7dcb371950db, with user79534 as owner and space quota set to -1 bytes, counts quota set to -1
2022-08-08 17:31:07,181 [OM StateMachine ApplyTransaction Thread - 0] INFO  volume.OMVolumeCreateRequest (OMVolumeCreateRequest.java:validateAndUpdateCache(195)) - created volume:8c4c1062-169b-4c6c-b280-7dcb371950db for user:user79534
2022-08-08 17:31:07,185 [Time-limited test] INFO  rpc.RpcClient (RpcClient.java:createBucket(671)) - Creating Bucket: 8c4c1062-169b-4c6c-b280-7dcb371950db/3cd3bff7-cca4-4cdd-ab52-4262769acc01, with bucket layout LEGACY, runner as owner, Versioning false, Storage Type set to DISK and Encryption set to false 
2022-08-08 17:31:07,199 [OM StateMachine ApplyTransaction Thread - 0] INFO  bucket.OMBucketCreateRequest (OMBucketCreateRequest.java:validateAndUpdateCache(260)) - created bucket: 3cd3bff7-cca4-4cdd-ab52-4262769acc01 of layout LEGACY in volume: 8c4c1062-169b-4c6c-b280-7dcb371950db
]]></system-out>
  </testcase>
  <testcase name="testBucketDefaultsShouldNotBeInheritedToFileForNonEC" classname="TestRootedOzoneFileSystemWithFSO" time="0.329">
    <system-out><![CDATA[2022-08-08 17:32:15,000 [Time-limited test] INFO  rpc.RpcClient (RpcClient.java:createVolume(468)) - Creating Volume: volume76641, with user51972 as owner and space quota set to -1 bytes, counts quota set to -1
2022-08-08 17:32:15,003 [IPC Server handler 11 on default port 44865] INFO  volume.OMVolumeCreateRequest (OMVolumeCreateRequest.java:validateAndUpdateCache(195)) - created volume:volume76641 for user:user51972
2022-08-08 17:32:15,004 [Time-limited test] INFO  rpc.RpcClient (RpcClient.java:createBucket(671)) - Creating Bucket: volume76641/bucket82458, with bucket layout FILE_SYSTEM_OPTIMIZED, runner as owner, Versioning false, Storage Type set to DISK and Encryption set to false 
2022-08-08 17:32:15,005 [IPC Server handler 13 on default port 44865] INFO  bucket.OMBucketCreateRequest (OMBucketCreateRequest.java:validateAndUpdateCache(260)) - created bucket: bucket82458 of layout FILE_SYSTEM_OPTIMIZED in volume: volume76641
2022-08-08 17:32:15,071 [Time-limited test] INFO  rpc.RpcClient (RpcClient.java:createVolume(468)) - Creating Volume: bc6bd3cd-82b6-4b0a-bce3-24c47713f561, with user81539 as owner and space quota set to -1 bytes, counts quota set to -1
2022-08-08 17:32:15,072 [IPC Server handler 19 on default port 44865] INFO  volume.OMVolumeCreateRequest (OMVolumeCreateRequest.java:validateAndUpdateCache(195)) - created volume:bc6bd3cd-82b6-4b0a-bce3-24c47713f561 for user:user81539
2022-08-08 17:32:15,074 [Time-limited test] INFO  rpc.RpcClient (RpcClient.java:createBucket(671)) - Creating Bucket: bc6bd3cd-82b6-4b0a-bce3-24c47713f561/669a6d60-34e4-4c80-9c2a-fd794b263a74, with bucket layout LEGACY, runner as owner, Versioning false, Storage Type set to DISK and Encryption set to false 
2022-08-08 17:32:15,075 [IPC Server handler 17 on default port 44865] INFO  bucket.OMBucketCreateRequest (OMBucketCreateRequest.java:validateAndUpdateCache(260)) - created bucket: 669a6d60-34e4-4c80-9c2a-fd794b263a74 of layout LEGACY in volume: bc6bd3cd-82b6-4b0a-bce3-24c47713f561
]]></system-out>
  </testcase>
  <testcase name="testTrash" classname="TestRootedOzoneFileSystemWithFSO" time="0">
    <skipped/>
  </testcase>
  <testcase name="testTrash" classname="TestRootedOzoneFileSystemWithFSO" time="0">
    <skipped/>
  </testcase>
  <testcase name="testGetFileStatusRoot" classname="TestRootedOzoneFileSystemWithFSO" time="0.046">
    <system-out><![CDATA[2022-08-08 17:31:07,332 [Time-limited test] INFO  rpc.RpcClient (RpcClient.java:createVolume(468)) - Creating Volume: volume82013, with user78306 as owner and space quota set to -1 bytes, counts quota set to -1
2022-08-08 17:31:07,334 [OM StateMachine ApplyTransaction Thread - 0] INFO  volume.OMVolumeCreateRequest (OMVolumeCreateRequest.java:validateAndUpdateCache(195)) - created volume:volume82013 for user:user78306
2022-08-08 17:31:07,339 [Time-limited test] INFO  rpc.RpcClient (RpcClient.java:createBucket(671)) - Creating Bucket: volume82013/bucket03500, with bucket layout FILE_SYSTEM_OPTIMIZED, runner as owner, Versioning false, Storage Type set to DISK and Encryption set to false 
2022-08-08 17:31:07,341 [OM StateMachine ApplyTransaction Thread - 0] INFO  bucket.OMBucketCreateRequest (OMBucketCreateRequest.java:validateAndUpdateCache(260)) - created bucket: bucket03500 of layout FILE_SYSTEM_OPTIMIZED in volume: volume82013
]]></system-out>
  </testcase>
  <testcase name="testGetFileStatusRoot" classname="TestRootedOzoneFileSystemWithFSO" time="0.097">
    <system-out><![CDATA[2022-08-08 17:32:15,327 [Time-limited test] INFO  rpc.RpcClient (RpcClient.java:createVolume(468)) - Creating Volume: volume75042, with user85004 as owner and space quota set to -1 bytes, counts quota set to -1
2022-08-08 17:32:15,328 [IPC Server handler 3 on default port 44865] INFO  volume.OMVolumeCreateRequest (OMVolumeCreateRequest.java:validateAndUpdateCache(195)) - created volume:volume75042 for user:user85004
2022-08-08 17:32:15,330 [Time-limited test] INFO  rpc.RpcClient (RpcClient.java:createBucket(671)) - Creating Bucket: volume75042/bucket90533, with bucket layout FILE_SYSTEM_OPTIMIZED, runner as owner, Versioning false, Storage Type set to DISK and Encryption set to false 
2022-08-08 17:32:15,331 [IPC Server handler 5 on default port 44865] INFO  bucket.OMBucketCreateRequest (OMBucketCreateRequest.java:validateAndUpdateCache(260)) - created bucket: bucket90533 of layout FILE_SYSTEM_OPTIMIZED in volume: volume75042
]]></system-out>
  </testcase>
  <testcase name="testListStatusRootAndVolumeContinuation" classname="TestRootedOzoneFileSystemWithFSO" time="0">
    <skipped type="org.junit.AssumptionViolatedException"><![CDATA[org.junit.AssumptionViolatedException: FS Path is enabled. Skipping this test as it is not tuned for FS Path yet
	at org.junit.Assume.assumeTrue(Assume.java:68)
	at org.apache.hadoop.fs.ozone.TestRootedOzoneFileSystem.testListStatusRootAndVolumeContinuation(TestRootedOzoneFileSystem.java:912)
	at sun.reflect.NativeMethodAccessorImpl.invoke0(Native Method)
	at sun.reflect.NativeMethodAccessorImpl.invoke(NativeMethodAccessorImpl.java:62)
	at sun.reflect.DelegatingMethodAccessorImpl.invoke(DelegatingMethodAccessorImpl.java:43)
	at java.lang.reflect.Method.invoke(Method.java:498)
	at org.junit.runners.model.FrameworkMethod$1.runReflectiveCall(FrameworkMethod.java:59)
	at org.junit.internal.runners.model.ReflectiveCallable.run(ReflectiveCallable.java:12)
	at org.junit.runners.model.FrameworkMethod.invokeExplosively(FrameworkMethod.java:56)
	at org.junit.internal.runners.statements.InvokeMethod.evaluate(InvokeMethod.java:17)
	at org.junit.internal.runners.statements.RunBefores.evaluate(RunBefores.java:26)
	at org.junit.internal.runners.statements.RunAfters.evaluate(RunAfters.java:27)
	at org.junit.internal.runners.statements.FailOnTimeout$CallableStatement.call(FailOnTimeout.java:288)
	at org.junit.internal.runners.statements.FailOnTimeout$CallableStatement.call(FailOnTimeout.java:282)
	at java.util.concurrent.FutureTask.run(FutureTask.java:266)
	at java.lang.Thread.run(Thread.java:750)
]]></skipped>
    <system-out><![CDATA[2022-08-08 17:31:07,399 [Time-limited test] INFO  rpc.RpcClient (RpcClient.java:createVolume(468)) - Creating Volume: volume64370, with user13394 as owner and space quota set to -1 bytes, counts quota set to -1
2022-08-08 17:31:07,403 [OM StateMachine ApplyTransaction Thread - 0] INFO  volume.OMVolumeCreateRequest (OMVolumeCreateRequest.java:validateAndUpdateCache(195)) - created volume:volume64370 for user:user13394
2022-08-08 17:31:07,405 [Time-limited test] INFO  rpc.RpcClient (RpcClient.java:createBucket(671)) - Creating Bucket: volume64370/bucket14302, with bucket layout FILE_SYSTEM_OPTIMIZED, runner as owner, Versioning false, Storage Type set to DISK and Encryption set to false 
2022-08-08 17:31:07,407 [OM StateMachine ApplyTransaction Thread - 0] INFO  bucket.OMBucketCreateRequest (OMBucketCreateRequest.java:validateAndUpdateCache(260)) - created bucket: bucket14302 of layout FILE_SYSTEM_OPTIMIZED in volume: volume64370
]]></system-out>
  </testcase>
  <testcase name="testListStatusRootAndVolumeContinuation" classname="TestRootedOzoneFileSystemWithFSO" time="0">
    <skipped type="org.junit.AssumptionViolatedException"><![CDATA[org.junit.AssumptionViolatedException: FS Path is enabled. Skipping this test as it is not tuned for FS Path yet
	at org.junit.Assume.assumeTrue(Assume.java:68)
	at org.apache.hadoop.fs.ozone.TestRootedOzoneFileSystem.testListStatusRootAndVolumeContinuation(TestRootedOzoneFileSystem.java:912)
	at sun.reflect.NativeMethodAccessorImpl.invoke0(Native Method)
	at sun.reflect.NativeMethodAccessorImpl.invoke(NativeMethodAccessorImpl.java:62)
	at sun.reflect.DelegatingMethodAccessorImpl.invoke(DelegatingMethodAccessorImpl.java:43)
	at java.lang.reflect.Method.invoke(Method.java:498)
	at org.junit.runners.model.FrameworkMethod$1.runReflectiveCall(FrameworkMethod.java:59)
	at org.junit.internal.runners.model.ReflectiveCallable.run(ReflectiveCallable.java:12)
	at org.junit.runners.model.FrameworkMethod.invokeExplosively(FrameworkMethod.java:56)
	at org.junit.internal.runners.statements.InvokeMethod.evaluate(InvokeMethod.java:17)
	at org.junit.internal.runners.statements.RunBefores.evaluate(RunBefores.java:26)
	at org.junit.internal.runners.statements.RunAfters.evaluate(RunAfters.java:27)
	at org.junit.internal.runners.statements.FailOnTimeout$CallableStatement.call(FailOnTimeout.java:288)
	at org.junit.internal.runners.statements.FailOnTimeout$CallableStatement.call(FailOnTimeout.java:282)
	at java.util.concurrent.FutureTask.run(FutureTask.java:266)
	at java.lang.Thread.run(Thread.java:750)
]]></skipped>
    <system-out><![CDATA[2022-08-08 17:32:15,434 [Time-limited test] INFO  rpc.RpcClient (RpcClient.java:createVolume(468)) - Creating Volume: volume45131, with user94928 as owner and space quota set to -1 bytes, counts quota set to -1
2022-08-08 17:32:15,436 [IPC Server handler 5 on default port 44865] INFO  volume.OMVolumeCreateRequest (OMVolumeCreateRequest.java:validateAndUpdateCache(195)) - created volume:volume45131 for user:user94928
2022-08-08 17:32:15,439 [Time-limited test] INFO  rpc.RpcClient (RpcClient.java:createBucket(671)) - Creating Bucket: volume45131/bucket04096, with bucket layout FILE_SYSTEM_OPTIMIZED, runner as owner, Versioning false, Storage Type set to DISK and Encryption set to false 
2022-08-08 17:32:15,439 [IPC Server handler 7 on default port 44865] INFO  bucket.OMBucketCreateRequest (OMBucketCreateRequest.java:validateAndUpdateCache(260)) - created bucket: bucket04096 of layout FILE_SYSTEM_OPTIMIZED in volume: volume45131
]]></system-out>
  </testcase>
  <testcase name="testDeleteVolumeBucketAndKey" classname="TestRootedOzoneFileSystemWithFSO" time="0.115">
    <system-out><![CDATA[2022-08-08 17:31:07,470 [Time-limited test] INFO  rpc.RpcClient (RpcClient.java:createVolume(468)) - Creating Volume: volume03613, with user14913 as owner and space quota set to -1 bytes, counts quota set to -1
2022-08-08 17:31:07,473 [OM StateMachine ApplyTransaction Thread - 0] INFO  volume.OMVolumeCreateRequest (OMVolumeCreateRequest.java:validateAndUpdateCache(195)) - created volume:volume03613 for user:user14913
2022-08-08 17:31:07,475 [Time-limited test] INFO  rpc.RpcClient (RpcClient.java:createBucket(671)) - Creating Bucket: volume03613/bucket97034, with bucket layout FILE_SYSTEM_OPTIMIZED, runner as owner, Versioning false, Storage Type set to DISK and Encryption set to false 
2022-08-08 17:31:07,476 [OM StateMachine ApplyTransaction Thread - 0] INFO  bucket.OMBucketCreateRequest (OMBucketCreateRequest.java:validateAndUpdateCache(260)) - created bucket: bucket97034 of layout FILE_SYSTEM_OPTIMIZED in volume: volume03613
17:31:07.478 [IPC Server handler 17 on default port 37325] ERROR OMAudit - user=runner | ip=127.0.0.1 | op=READ_BUCKET {volume=volume-91509, bucket=bucket3} | ret=FAILURE
org.apache.hadoop.ozone.om.exceptions.OMException: Volume not found when getting bucket info
	at org.apache.hadoop.ozone.om.BucketManagerImpl.getBucketInfo(BucketManagerImpl.java:127) ~[ozone-manager-1.3.0-SNAPSHOT.jar:?]
	at org.apache.hadoop.ozone.om.OzoneManager.getBucketInfo(OzoneManager.java:2779) ~[ozone-manager-1.3.0-SNAPSHOT.jar:?]
	at org.apache.hadoop.ozone.protocolPB.OzoneManagerRequestHandler.infoBucket(OzoneManagerRequestHandler.java:471) ~[ozone-manager-1.3.0-SNAPSHOT.jar:?]
	at org.apache.hadoop.ozone.protocolPB.OzoneManagerRequestHandler.handleReadRequest(OzoneManagerRequestHandler.java:174) ~[ozone-manager-1.3.0-SNAPSHOT.jar:?]
	at org.apache.hadoop.ozone.protocolPB.OzoneManagerProtocolServerSideTranslatorPB.submitReadRequestToOM(OzoneManagerProtocolServerSideTranslatorPB.java:226) ~[ozone-manager-1.3.0-SNAPSHOT.jar:?]
	at org.apache.hadoop.ozone.protocolPB.OzoneManagerProtocolServerSideTranslatorPB.processRequest(OzoneManagerProtocolServerSideTranslatorPB.java:175) ~[ozone-manager-1.3.0-SNAPSHOT.jar:?]
	at org.apache.hadoop.hdds.server.OzoneProtocolMessageDispatcher.processRequest(OzoneProtocolMessageDispatcher.java:87) [hdds-server-framework-1.3.0-SNAPSHOT.jar:?]
	at org.apache.hadoop.ozone.protocolPB.OzoneManagerProtocolServerSideTranslatorPB.submitRequest(OzoneManagerProtocolServerSideTranslatorPB.java:147) [ozone-manager-1.3.0-SNAPSHOT.jar:?]
	at org.apache.hadoop.ozone.protocol.proto.OzoneManagerProtocolProtos$OzoneManagerService$2.callBlockingMethod(OzoneManagerProtocolProtos.java) [ozone-interface-client-1.3.0-SNAPSHOT.jar:?]
	at org.apache.hadoop.ipc.ProtobufRpcEngine$Server.processCall(ProtobufRpcEngine.java:466) [hadoop-common-3.3.1.jar:?]
	at org.apache.hadoop.ipc.ProtobufRpcEngine2$Server$ProtoBufRpcInvoker.call(ProtobufRpcEngine2.java:574) [hadoop-common-3.3.1.jar:?]
	at org.apache.hadoop.ipc.ProtobufRpcEngine2$Server$ProtoBufRpcInvoker.call(ProtobufRpcEngine2.java:552) [hadoop-common-3.3.1.jar:?]
	at org.apache.hadoop.ipc.RPC$Server.call(RPC.java:1093) [hadoop-common-3.3.1.jar:?]
	at org.apache.hadoop.ipc.Server$RpcCall.run(Server.java:1035) [hadoop-common-3.3.1.jar:?]
	at org.apache.hadoop.ipc.Server$RpcCall.run(Server.java:963) [hadoop-common-3.3.1.jar:?]
	at java.security.AccessController.doPrivileged(Native Method) ~[?:1.8.0_332]
	at javax.security.auth.Subject.doAs(Subject.java:422) [?:1.8.0_332]
	at org.apache.hadoop.security.UserGroupInformation.doAs(UserGroupInformation.java:1878) [hadoop-common-3.3.1.jar:?]
	at org.apache.hadoop.ipc.Server$Handler.run(Server.java:2966) [hadoop-common-3.3.1.jar:?]
2022-08-08 17:31:07,479 [Time-limited test] INFO  rpc.RpcClient (RpcClient.java:createVolume(468)) - Creating Volume: volume-91509, with runner as owner and space quota set to -1 bytes, counts quota set to -1
2022-08-08 17:31:07,481 [OM StateMachine ApplyTransaction Thread - 0] INFO  volume.OMVolumeCreateRequest (OMVolumeCreateRequest.java:validateAndUpdateCache(195)) - created volume:volume-91509 for user:runner
2022-08-08 17:31:07,482 [Time-limited test] INFO  rpc.RpcClient (RpcClient.java:createBucket(671)) - Creating Bucket: volume-91509/bucket3, with bucket layout FILE_SYSTEM_OPTIMIZED, runner as owner, Versioning false, Storage Type set to DISK and Encryption set to false 
2022-08-08 17:31:07,484 [OM StateMachine ApplyTransaction Thread - 0] INFO  bucket.OMBucketCreateRequest (OMBucketCreateRequest.java:validateAndUpdateCache(260)) - created bucket: bucket3 of layout FILE_SYSTEM_OPTIMIZED in volume: volume-91509
17:31:07.489 [OM StateMachine ApplyTransaction Thread - 0] ERROR OMAudit - user=runner | ip=127.0.0.1 | op=DELETE_VOLUME {volume=volume-91509} | ret=FAILURE
org.apache.hadoop.ozone.om.exceptions.OMException: null
	at org.apache.hadoop.ozone.om.request.volume.OMVolumeDeleteRequest.validateAndUpdateCache(OMVolumeDeleteRequest.java:122) ~[ozone-manager-1.3.0-SNAPSHOT.jar:?]
	at org.apache.hadoop.ozone.protocolPB.OzoneManagerRequestHandler.handleWriteRequest(OzoneManagerRequestHandler.java:300) ~[ozone-manager-1.3.0-SNAPSHOT.jar:?]
	at org.apache.hadoop.ozone.om.ratis.OzoneManagerStateMachine.runCommand(OzoneManagerStateMachine.java:529) ~[ozone-manager-1.3.0-SNAPSHOT.jar:?]
	at org.apache.hadoop.ozone.om.ratis.OzoneManagerStateMachine.lambda$1(OzoneManagerStateMachine.java:324) ~[ozone-manager-1.3.0-SNAPSHOT.jar:?]
	at java.util.concurrent.CompletableFuture$AsyncSupply.run(CompletableFuture.java:1604) [?:1.8.0_332]
	at java.util.concurrent.ThreadPoolExecutor.runWorker(ThreadPoolExecutor.java:1149) [?:1.8.0_332]
	at java.util.concurrent.ThreadPoolExecutor$Worker.run(ThreadPoolExecutor.java:624) [?:1.8.0_332]
	at java.lang.Thread.run(Thread.java:750) [?:1.8.0_332]
2022-08-08 17:31:07,489 [OM StateMachine ApplyTransaction Thread - 0] ERROR volume.OMVolumeDeleteRequest (OMVolumeDeleteRequest.java:validateAndUpdateCache(170)) - Volume deletion failed for user:runner volume:volume-91509
VOLUME_NOT_EMPTY org.apache.hadoop.ozone.om.exceptions.OMException
	at org.apache.hadoop.ozone.om.request.volume.OMVolumeDeleteRequest.validateAndUpdateCache(OMVolumeDeleteRequest.java:122)
	at org.apache.hadoop.ozone.protocolPB.OzoneManagerRequestHandler.handleWriteRequest(OzoneManagerRequestHandler.java:300)
	at org.apache.hadoop.ozone.om.ratis.OzoneManagerStateMachine.runCommand(OzoneManagerStateMachine.java:529)
	at org.apache.hadoop.ozone.om.ratis.OzoneManagerStateMachine.lambda$1(OzoneManagerStateMachine.java:324)
	at java.util.concurrent.CompletableFuture$AsyncSupply.run(CompletableFuture.java:1604)
	at java.util.concurrent.ThreadPoolExecutor.runWorker(ThreadPoolExecutor.java:1149)
	at java.util.concurrent.ThreadPoolExecutor$Worker.run(ThreadPoolExecutor.java:624)
	at java.lang.Thread.run(Thread.java:750)
17:31:07.511 [IPC Server handler 18 on default port 37325] ERROR OMAudit - user=runner | ip=127.0.0.1 | op=READ_VOLUME {volume=volume-91509} | ret=FAILURE
org.apache.hadoop.ozone.om.exceptions.OMException: Volume volume-91509 is not found
	at org.apache.hadoop.ozone.om.VolumeManagerImpl.getVolumeInfo(VolumeManagerImpl.java:74) ~[ozone-manager-1.3.0-SNAPSHOT.jar:?]
	at org.apache.hadoop.ozone.om.OzoneManager.getVolumeInfo(OzoneManager.java:2603) ~[ozone-manager-1.3.0-SNAPSHOT.jar:?]
	at org.apache.hadoop.ozone.protocolPB.OzoneManagerRequestHandler.infoVolume(OzoneManagerRequestHandler.java:397) ~[ozone-manager-1.3.0-SNAPSHOT.jar:?]
	at org.apache.hadoop.ozone.protocolPB.OzoneManagerRequestHandler.handleReadRequest(OzoneManagerRequestHandler.java:164) ~[ozone-manager-1.3.0-SNAPSHOT.jar:?]
	at org.apache.hadoop.ozone.protocolPB.OzoneManagerProtocolServerSideTranslatorPB.submitReadRequestToOM(OzoneManagerProtocolServerSideTranslatorPB.java:226) ~[ozone-manager-1.3.0-SNAPSHOT.jar:?]
	at org.apache.hadoop.ozone.protocolPB.OzoneManagerProtocolServerSideTranslatorPB.processRequest(OzoneManagerProtocolServerSideTranslatorPB.java:175) ~[ozone-manager-1.3.0-SNAPSHOT.jar:?]
	at org.apache.hadoop.hdds.server.OzoneProtocolMessageDispatcher.processRequest(OzoneProtocolMessageDispatcher.java:87) [hdds-server-framework-1.3.0-SNAPSHOT.jar:?]
	at org.apache.hadoop.ozone.protocolPB.OzoneManagerProtocolServerSideTranslatorPB.submitRequest(OzoneManagerProtocolServerSideTranslatorPB.java:147) [ozone-manager-1.3.0-SNAPSHOT.jar:?]
	at org.apache.hadoop.ozone.protocol.proto.OzoneManagerProtocolProtos$OzoneManagerService$2.callBlockingMethod(OzoneManagerProtocolProtos.java) [ozone-interface-client-1.3.0-SNAPSHOT.jar:?]
	at org.apache.hadoop.ipc.ProtobufRpcEngine$Server.processCall(ProtobufRpcEngine.java:466) [hadoop-common-3.3.1.jar:?]
	at org.apache.hadoop.ipc.ProtobufRpcEngine2$Server$ProtoBufRpcInvoker.call(ProtobufRpcEngine2.java:574) [hadoop-common-3.3.1.jar:?]
	at org.apache.hadoop.ipc.ProtobufRpcEngine2$Server$ProtoBufRpcInvoker.call(ProtobufRpcEngine2.java:552) [hadoop-common-3.3.1.jar:?]
	at org.apache.hadoop.ipc.RPC$Server.call(RPC.java:1093) [hadoop-common-3.3.1.jar:?]
	at org.apache.hadoop.ipc.Server$RpcCall.run(Server.java:1035) [hadoop-common-3.3.1.jar:?]
	at org.apache.hadoop.ipc.Server$RpcCall.run(Server.java:963) [hadoop-common-3.3.1.jar:?]
	at java.security.AccessController.doPrivileged(Native Method) ~[?:1.8.0_332]
	at javax.security.auth.Subject.doAs(Subject.java:422) [?:1.8.0_332]
	at org.apache.hadoop.security.UserGroupInformation.doAs(UserGroupInformation.java:1878) [hadoop-common-3.3.1.jar:?]
	at org.apache.hadoop.ipc.Server$Handler.run(Server.java:2966) [hadoop-common-3.3.1.jar:?]
17:31:07.512 [IPC Server handler 0 on default port 37325] ERROR OMAudit - user=runner | ip=127.0.0.1 | op=READ_BUCKET {volume=volume-91509, bucket=bucket3} | ret=FAILURE
org.apache.hadoop.ozone.om.exceptions.OMException: Volume not found when getting bucket info
	at org.apache.hadoop.ozone.om.BucketManagerImpl.getBucketInfo(BucketManagerImpl.java:127) ~[ozone-manager-1.3.0-SNAPSHOT.jar:?]
	at org.apache.hadoop.ozone.om.OzoneManager.getBucketInfo(OzoneManager.java:2779) ~[ozone-manager-1.3.0-SNAPSHOT.jar:?]
	at org.apache.hadoop.ozone.protocolPB.OzoneManagerRequestHandler.infoBucket(OzoneManagerRequestHandler.java:471) ~[ozone-manager-1.3.0-SNAPSHOT.jar:?]
	at org.apache.hadoop.ozone.protocolPB.OzoneManagerRequestHandler.handleReadRequest(OzoneManagerRequestHandler.java:174) ~[ozone-manager-1.3.0-SNAPSHOT.jar:?]
	at org.apache.hadoop.ozone.protocolPB.OzoneManagerProtocolServerSideTranslatorPB.submitReadRequestToOM(OzoneManagerProtocolServerSideTranslatorPB.java:226) ~[ozone-manager-1.3.0-SNAPSHOT.jar:?]
	at org.apache.hadoop.ozone.protocolPB.OzoneManagerProtocolServerSideTranslatorPB.processRequest(OzoneManagerProtocolServerSideTranslatorPB.java:175) ~[ozone-manager-1.3.0-SNAPSHOT.jar:?]
	at org.apache.hadoop.hdds.server.OzoneProtocolMessageDispatcher.processRequest(OzoneProtocolMessageDispatcher.java:87) [hdds-server-framework-1.3.0-SNAPSHOT.jar:?]
	at org.apache.hadoop.ozone.protocolPB.OzoneManagerProtocolServerSideTranslatorPB.submitRequest(OzoneManagerProtocolServerSideTranslatorPB.java:147) [ozone-manager-1.3.0-SNAPSHOT.jar:?]
	at org.apache.hadoop.ozone.protocol.proto.OzoneManagerProtocolProtos$OzoneManagerService$2.callBlockingMethod(OzoneManagerProtocolProtos.java) [ozone-interface-client-1.3.0-SNAPSHOT.jar:?]
	at org.apache.hadoop.ipc.ProtobufRpcEngine$Server.processCall(ProtobufRpcEngine.java:466) [hadoop-common-3.3.1.jar:?]
	at org.apache.hadoop.ipc.ProtobufRpcEngine2$Server$ProtoBufRpcInvoker.call(ProtobufRpcEngine2.java:574) [hadoop-common-3.3.1.jar:?]
	at org.apache.hadoop.ipc.ProtobufRpcEngine2$Server$ProtoBufRpcInvoker.call(ProtobufRpcEngine2.java:552) [hadoop-common-3.3.1.jar:?]
	at org.apache.hadoop.ipc.RPC$Server.call(RPC.java:1093) [hadoop-common-3.3.1.jar:?]
	at org.apache.hadoop.ipc.Server$RpcCall.run(Server.java:1035) [hadoop-common-3.3.1.jar:?]
	at org.apache.hadoop.ipc.Server$RpcCall.run(Server.java:963) [hadoop-common-3.3.1.jar:?]
	at java.security.AccessController.doPrivileged(Native Method) ~[?:1.8.0_332]
	at javax.security.auth.Subject.doAs(Subject.java:422) [?:1.8.0_332]
	at org.apache.hadoop.security.UserGroupInformation.doAs(UserGroupInformation.java:1878) [hadoop-common-3.3.1.jar:?]
	at org.apache.hadoop.ipc.Server$Handler.run(Server.java:2966) [hadoop-common-3.3.1.jar:?]
2022-08-08 17:31:07,513 [Time-limited test] INFO  rpc.RpcClient (RpcClient.java:createVolume(468)) - Creating Volume: volume-91509, with runner as owner and space quota set to -1 bytes, counts quota set to -1
2022-08-08 17:31:07,514 [OM StateMachine ApplyTransaction Thread - 0] INFO  volume.OMVolumeCreateRequest (OMVolumeCreateRequest.java:validateAndUpdateCache(195)) - created volume:volume-91509 for user:runner
2022-08-08 17:31:07,515 [Time-limited test] INFO  rpc.RpcClient (RpcClient.java:createBucket(671)) - Creating Bucket: volume-91509/bucket3, with bucket layout FILE_SYSTEM_OPTIMIZED, runner as owner, Versioning false, Storage Type set to DISK and Encryption set to false 
2022-08-08 17:31:07,517 [OM StateMachine ApplyTransaction Thread - 0] INFO  bucket.OMBucketCreateRequest (OMBucketCreateRequest.java:validateAndUpdateCache(260)) - created bucket: bucket3 of layout FILE_SYSTEM_OPTIMIZED in volume: volume-91509
17:31:07.535 [IPC Server handler 12 on default port 37325] ERROR OMAudit - user=runner | ip=127.0.0.1 | op=READ_VOLUME {volume=volume-91509} | ret=FAILURE
org.apache.hadoop.ozone.om.exceptions.OMException: Volume volume-91509 is not found
	at org.apache.hadoop.ozone.om.VolumeManagerImpl.getVolumeInfo(VolumeManagerImpl.java:74) ~[ozone-manager-1.3.0-SNAPSHOT.jar:?]
	at org.apache.hadoop.ozone.om.OzoneManager.getVolumeInfo(OzoneManager.java:2603) ~[ozone-manager-1.3.0-SNAPSHOT.jar:?]
	at org.apache.hadoop.ozone.protocolPB.OzoneManagerRequestHandler.infoVolume(OzoneManagerRequestHandler.java:397) ~[ozone-manager-1.3.0-SNAPSHOT.jar:?]
	at org.apache.hadoop.ozone.protocolPB.OzoneManagerRequestHandler.handleReadRequest(OzoneManagerRequestHandler.java:164) ~[ozone-manager-1.3.0-SNAPSHOT.jar:?]
	at org.apache.hadoop.ozone.protocolPB.OzoneManagerProtocolServerSideTranslatorPB.submitReadRequestToOM(OzoneManagerProtocolServerSideTranslatorPB.java:226) ~[ozone-manager-1.3.0-SNAPSHOT.jar:?]
	at org.apache.hadoop.ozone.protocolPB.OzoneManagerProtocolServerSideTranslatorPB.processRequest(OzoneManagerProtocolServerSideTranslatorPB.java:175) ~[ozone-manager-1.3.0-SNAPSHOT.jar:?]
	at org.apache.hadoop.hdds.server.OzoneProtocolMessageDispatcher.processRequest(OzoneProtocolMessageDispatcher.java:87) [hdds-server-framework-1.3.0-SNAPSHOT.jar:?]
	at org.apache.hadoop.ozone.protocolPB.OzoneManagerProtocolServerSideTranslatorPB.submitRequest(OzoneManagerProtocolServerSideTranslatorPB.java:147) [ozone-manager-1.3.0-SNAPSHOT.jar:?]
	at org.apache.hadoop.ozone.protocol.proto.OzoneManagerProtocolProtos$OzoneManagerService$2.callBlockingMethod(OzoneManagerProtocolProtos.java) [ozone-interface-client-1.3.0-SNAPSHOT.jar:?]
	at org.apache.hadoop.ipc.ProtobufRpcEngine$Server.processCall(ProtobufRpcEngine.java:466) [hadoop-common-3.3.1.jar:?]
	at org.apache.hadoop.ipc.ProtobufRpcEngine2$Server$ProtoBufRpcInvoker.call(ProtobufRpcEngine2.java:574) [hadoop-common-3.3.1.jar:?]
	at org.apache.hadoop.ipc.ProtobufRpcEngine2$Server$ProtoBufRpcInvoker.call(ProtobufRpcEngine2.java:552) [hadoop-common-3.3.1.jar:?]
	at org.apache.hadoop.ipc.RPC$Server.call(RPC.java:1093) [hadoop-common-3.3.1.jar:?]
	at org.apache.hadoop.ipc.Server$RpcCall.run(Server.java:1035) [hadoop-common-3.3.1.jar:?]
	at org.apache.hadoop.ipc.Server$RpcCall.run(Server.java:963) [hadoop-common-3.3.1.jar:?]
	at java.security.AccessController.doPrivileged(Native Method) ~[?:1.8.0_332]
	at javax.security.auth.Subject.doAs(Subject.java:422) [?:1.8.0_332]
	at org.apache.hadoop.security.UserGroupInformation.doAs(UserGroupInformation.java:1878) [hadoop-common-3.3.1.jar:?]
	at org.apache.hadoop.ipc.Server$Handler.run(Server.java:2966) [hadoop-common-3.3.1.jar:?]
]]></system-out>
  </testcase>
  <testcase name="testDeleteVolumeBucketAndKey" classname="TestRootedOzoneFileSystemWithFSO" time="0.096">
    <system-out><![CDATA[2022-08-08 17:32:15,495 [Time-limited test] INFO  rpc.RpcClient (RpcClient.java:createVolume(468)) - Creating Volume: volume44295, with user28663 as owner and space quota set to -1 bytes, counts quota set to -1
2022-08-08 17:32:15,495 [IPC Server handler 7 on default port 44865] INFO  volume.OMVolumeCreateRequest (OMVolumeCreateRequest.java:validateAndUpdateCache(195)) - created volume:volume44295 for user:user28663
2022-08-08 17:32:15,496 [Time-limited test] INFO  rpc.RpcClient (RpcClient.java:createBucket(671)) - Creating Bucket: volume44295/bucket95645, with bucket layout FILE_SYSTEM_OPTIMIZED, runner as owner, Versioning false, Storage Type set to DISK and Encryption set to false 
2022-08-08 17:32:15,497 [IPC Server handler 9 on default port 44865] INFO  bucket.OMBucketCreateRequest (OMBucketCreateRequest.java:validateAndUpdateCache(260)) - created bucket: bucket95645 of layout FILE_SYSTEM_OPTIMIZED in volume: volume44295
17:32:15.499 [IPC Server handler 12 on default port 44865] ERROR OMAudit - user=runner | ip=127.0.0.1 | op=READ_BUCKET {volume=volume-97010, bucket=bucket3} | ret=FAILURE
org.apache.hadoop.ozone.om.exceptions.OMException: Volume not found when getting bucket info
	at org.apache.hadoop.ozone.om.BucketManagerImpl.getBucketInfo(BucketManagerImpl.java:127) ~[ozone-manager-1.3.0-SNAPSHOT.jar:?]
	at org.apache.hadoop.ozone.om.OzoneManager.getBucketInfo(OzoneManager.java:2779) ~[ozone-manager-1.3.0-SNAPSHOT.jar:?]
	at org.apache.hadoop.ozone.protocolPB.OzoneManagerRequestHandler.infoBucket(OzoneManagerRequestHandler.java:471) ~[ozone-manager-1.3.0-SNAPSHOT.jar:?]
	at org.apache.hadoop.ozone.protocolPB.OzoneManagerRequestHandler.handleReadRequest(OzoneManagerRequestHandler.java:174) ~[ozone-manager-1.3.0-SNAPSHOT.jar:?]
	at org.apache.hadoop.ozone.protocolPB.OzoneManagerProtocolServerSideTranslatorPB.submitRequestDirectlyToOM(OzoneManagerProtocolServerSideTranslatorPB.java:276) ~[ozone-manager-1.3.0-SNAPSHOT.jar:?]
	at org.apache.hadoop.ozone.protocolPB.OzoneManagerProtocolServerSideTranslatorPB.processRequest(OzoneManagerProtocolServerSideTranslatorPB.java:205) ~[ozone-manager-1.3.0-SNAPSHOT.jar:?]
	at org.apache.hadoop.hdds.server.OzoneProtocolMessageDispatcher.processRequest(OzoneProtocolMessageDispatcher.java:87) [hdds-server-framework-1.3.0-SNAPSHOT.jar:?]
	at org.apache.hadoop.ozone.protocolPB.OzoneManagerProtocolServerSideTranslatorPB.submitRequest(OzoneManagerProtocolServerSideTranslatorPB.java:147) [ozone-manager-1.3.0-SNAPSHOT.jar:?]
	at org.apache.hadoop.ozone.protocol.proto.OzoneManagerProtocolProtos$OzoneManagerService$2.callBlockingMethod(OzoneManagerProtocolProtos.java) [ozone-interface-client-1.3.0-SNAPSHOT.jar:?]
	at org.apache.hadoop.ipc.ProtobufRpcEngine$Server.processCall(ProtobufRpcEngine.java:466) [hadoop-common-3.3.1.jar:?]
	at org.apache.hadoop.ipc.ProtobufRpcEngine2$Server$ProtoBufRpcInvoker.call(ProtobufRpcEngine2.java:574) [hadoop-common-3.3.1.jar:?]
	at org.apache.hadoop.ipc.ProtobufRpcEngine2$Server$ProtoBufRpcInvoker.call(ProtobufRpcEngine2.java:552) [hadoop-common-3.3.1.jar:?]
	at org.apache.hadoop.ipc.RPC$Server.call(RPC.java:1093) [hadoop-common-3.3.1.jar:?]
	at org.apache.hadoop.ipc.Server$RpcCall.run(Server.java:1035) [hadoop-common-3.3.1.jar:?]
	at org.apache.hadoop.ipc.Server$RpcCall.run(Server.java:963) [hadoop-common-3.3.1.jar:?]
	at java.security.AccessController.doPrivileged(Native Method) ~[?:1.8.0_332]
	at javax.security.auth.Subject.doAs(Subject.java:422) [?:1.8.0_332]
	at org.apache.hadoop.security.UserGroupInformation.doAs(UserGroupInformation.java:1878) [hadoop-common-3.3.1.jar:?]
	at org.apache.hadoop.ipc.Server$Handler.run(Server.java:2966) [hadoop-common-3.3.1.jar:?]
2022-08-08 17:32:15,499 [Time-limited test] INFO  rpc.RpcClient (RpcClient.java:createVolume(468)) - Creating Volume: volume-97010, with runner as owner and space quota set to -1 bytes, counts quota set to -1
2022-08-08 17:32:15,500 [IPC Server handler 13 on default port 44865] INFO  volume.OMVolumeCreateRequest (OMVolumeCreateRequest.java:validateAndUpdateCache(195)) - created volume:volume-97010 for user:runner
2022-08-08 17:32:15,503 [Time-limited test] INFO  rpc.RpcClient (RpcClient.java:createBucket(671)) - Creating Bucket: volume-97010/bucket3, with bucket layout FILE_SYSTEM_OPTIMIZED, runner as owner, Versioning false, Storage Type set to DISK and Encryption set to false 
2022-08-08 17:32:15,503 [IPC Server handler 14 on default port 44865] INFO  bucket.OMBucketCreateRequest (OMBucketCreateRequest.java:validateAndUpdateCache(260)) - created bucket: bucket3 of layout FILE_SYSTEM_OPTIMIZED in volume: volume-97010
17:32:15.505 [IPC Server handler 2 on default port 44865] ERROR OMAudit - user=runner | ip=127.0.0.1 | op=DELETE_VOLUME {volume=volume-97010} | ret=FAILURE
org.apache.hadoop.ozone.om.exceptions.OMException: null
	at org.apache.hadoop.ozone.om.request.volume.OMVolumeDeleteRequest.validateAndUpdateCache(OMVolumeDeleteRequest.java:122) ~[ozone-manager-1.3.0-SNAPSHOT.jar:?]
	at org.apache.hadoop.ozone.protocolPB.OzoneManagerRequestHandler.handleWriteRequest(OzoneManagerRequestHandler.java:300) ~[ozone-manager-1.3.0-SNAPSHOT.jar:?]
	at org.apache.hadoop.ozone.protocolPB.OzoneManagerProtocolServerSideTranslatorPB.submitRequestDirectlyToOM(OzoneManagerProtocolServerSideTranslatorPB.java:282) ~[ozone-manager-1.3.0-SNAPSHOT.jar:?]
	at org.apache.hadoop.ozone.protocolPB.OzoneManagerProtocolServerSideTranslatorPB.processRequest(OzoneManagerProtocolServerSideTranslatorPB.java:205) ~[ozone-manager-1.3.0-SNAPSHOT.jar:?]
	at org.apache.hadoop.hdds.server.OzoneProtocolMessageDispatcher.processRequest(OzoneProtocolMessageDispatcher.java:87) [hdds-server-framework-1.3.0-SNAPSHOT.jar:?]
	at org.apache.hadoop.ozone.protocolPB.OzoneManagerProtocolServerSideTranslatorPB.submitRequest(OzoneManagerProtocolServerSideTranslatorPB.java:147) [ozone-manager-1.3.0-SNAPSHOT.jar:?]
	at org.apache.hadoop.ozone.protocol.proto.OzoneManagerProtocolProtos$OzoneManagerService$2.callBlockingMethod(OzoneManagerProtocolProtos.java) [ozone-interface-client-1.3.0-SNAPSHOT.jar:?]
	at org.apache.hadoop.ipc.ProtobufRpcEngine$Server.processCall(ProtobufRpcEngine.java:466) [hadoop-common-3.3.1.jar:?]
	at org.apache.hadoop.ipc.ProtobufRpcEngine2$Server$ProtoBufRpcInvoker.call(ProtobufRpcEngine2.java:574) [hadoop-common-3.3.1.jar:?]
	at org.apache.hadoop.ipc.ProtobufRpcEngine2$Server$ProtoBufRpcInvoker.call(ProtobufRpcEngine2.java:552) [hadoop-common-3.3.1.jar:?]
	at org.apache.hadoop.ipc.RPC$Server.call(RPC.java:1093) [hadoop-common-3.3.1.jar:?]
	at org.apache.hadoop.ipc.Server$RpcCall.run(Server.java:1035) [hadoop-common-3.3.1.jar:?]
	at org.apache.hadoop.ipc.Server$RpcCall.run(Server.java:963) [hadoop-common-3.3.1.jar:?]
	at java.security.AccessController.doPrivileged(Native Method) ~[?:1.8.0_332]
	at javax.security.auth.Subject.doAs(Subject.java:422) [?:1.8.0_332]
	at org.apache.hadoop.security.UserGroupInformation.doAs(UserGroupInformation.java:1878) [hadoop-common-3.3.1.jar:?]
	at org.apache.hadoop.ipc.Server$Handler.run(Server.java:2966) [hadoop-common-3.3.1.jar:?]
2022-08-08 17:32:15,506 [IPC Server handler 2 on default port 44865] ERROR volume.OMVolumeDeleteRequest (OMVolumeDeleteRequest.java:validateAndUpdateCache(170)) - Volume deletion failed for user:runner volume:volume-97010
VOLUME_NOT_EMPTY org.apache.hadoop.ozone.om.exceptions.OMException
	at org.apache.hadoop.ozone.om.request.volume.OMVolumeDeleteRequest.validateAndUpdateCache(OMVolumeDeleteRequest.java:122)
	at org.apache.hadoop.ozone.protocolPB.OzoneManagerRequestHandler.handleWriteRequest(OzoneManagerRequestHandler.java:300)
	at org.apache.hadoop.ozone.protocolPB.OzoneManagerProtocolServerSideTranslatorPB.submitRequestDirectlyToOM(OzoneManagerProtocolServerSideTranslatorPB.java:282)
	at org.apache.hadoop.ozone.protocolPB.OzoneManagerProtocolServerSideTranslatorPB.processRequest(OzoneManagerProtocolServerSideTranslatorPB.java:205)
	at org.apache.hadoop.hdds.server.OzoneProtocolMessageDispatcher.processRequest(OzoneProtocolMessageDispatcher.java:87)
	at org.apache.hadoop.ozone.protocolPB.OzoneManagerProtocolServerSideTranslatorPB.submitRequest(OzoneManagerProtocolServerSideTranslatorPB.java:147)
	at org.apache.hadoop.ozone.protocol.proto.OzoneManagerProtocolProtos$OzoneManagerService$2.callBlockingMethod(OzoneManagerProtocolProtos.java)
	at org.apache.hadoop.ipc.ProtobufRpcEngine$Server.processCall(ProtobufRpcEngine.java:466)
	at org.apache.hadoop.ipc.ProtobufRpcEngine2$Server$ProtoBufRpcInvoker.call(ProtobufRpcEngine2.java:574)
	at org.apache.hadoop.ipc.ProtobufRpcEngine2$Server$ProtoBufRpcInvoker.call(ProtobufRpcEngine2.java:552)
	at org.apache.hadoop.ipc.RPC$Server.call(RPC.java:1093)
	at org.apache.hadoop.ipc.Server$RpcCall.run(Server.java:1035)
	at org.apache.hadoop.ipc.Server$RpcCall.run(Server.java:963)
	at java.security.AccessController.doPrivileged(Native Method)
	at javax.security.auth.Subject.doAs(Subject.java:422)
	at org.apache.hadoop.security.UserGroupInformation.doAs(UserGroupInformation.java:1878)
	at org.apache.hadoop.ipc.Server$Handler.run(Server.java:2966)
17:32:15.521 [IPC Server handler 9 on default port 44865] ERROR OMAudit - user=runner | ip=127.0.0.1 | op=READ_VOLUME {volume=volume-97010} | ret=FAILURE
org.apache.hadoop.ozone.om.exceptions.OMException: Volume volume-97010 is not found
	at org.apache.hadoop.ozone.om.VolumeManagerImpl.getVolumeInfo(VolumeManagerImpl.java:74) ~[ozone-manager-1.3.0-SNAPSHOT.jar:?]
	at org.apache.hadoop.ozone.om.OzoneManager.getVolumeInfo(OzoneManager.java:2603) ~[ozone-manager-1.3.0-SNAPSHOT.jar:?]
	at org.apache.hadoop.ozone.protocolPB.OzoneManagerRequestHandler.infoVolume(OzoneManagerRequestHandler.java:397) ~[ozone-manager-1.3.0-SNAPSHOT.jar:?]
	at org.apache.hadoop.ozone.protocolPB.OzoneManagerRequestHandler.handleReadRequest(OzoneManagerRequestHandler.java:164) ~[ozone-manager-1.3.0-SNAPSHOT.jar:?]
	at org.apache.hadoop.ozone.protocolPB.OzoneManagerProtocolServerSideTranslatorPB.submitRequestDirectlyToOM(OzoneManagerProtocolServerSideTranslatorPB.java:276) ~[ozone-manager-1.3.0-SNAPSHOT.jar:?]
	at org.apache.hadoop.ozone.protocolPB.OzoneManagerProtocolServerSideTranslatorPB.processRequest(OzoneManagerProtocolServerSideTranslatorPB.java:205) ~[ozone-manager-1.3.0-SNAPSHOT.jar:?]
	at org.apache.hadoop.hdds.server.OzoneProtocolMessageDispatcher.processRequest(OzoneProtocolMessageDispatcher.java:87) [hdds-server-framework-1.3.0-SNAPSHOT.jar:?]
	at org.apache.hadoop.ozone.protocolPB.OzoneManagerProtocolServerSideTranslatorPB.submitRequest(OzoneManagerProtocolServerSideTranslatorPB.java:147) [ozone-manager-1.3.0-SNAPSHOT.jar:?]
	at org.apache.hadoop.ozone.protocol.proto.OzoneManagerProtocolProtos$OzoneManagerService$2.callBlockingMethod(OzoneManagerProtocolProtos.java) [ozone-interface-client-1.3.0-SNAPSHOT.jar:?]
	at org.apache.hadoop.ipc.ProtobufRpcEngine$Server.processCall(ProtobufRpcEngine.java:466) [hadoop-common-3.3.1.jar:?]
	at org.apache.hadoop.ipc.ProtobufRpcEngine2$Server$ProtoBufRpcInvoker.call(ProtobufRpcEngine2.java:574) [hadoop-common-3.3.1.jar:?]
	at org.apache.hadoop.ipc.ProtobufRpcEngine2$Server$ProtoBufRpcInvoker.call(ProtobufRpcEngine2.java:552) [hadoop-common-3.3.1.jar:?]
	at org.apache.hadoop.ipc.RPC$Server.call(RPC.java:1093) [hadoop-common-3.3.1.jar:?]
	at org.apache.hadoop.ipc.Server$RpcCall.run(Server.java:1035) [hadoop-common-3.3.1.jar:?]
	at org.apache.hadoop.ipc.Server$RpcCall.run(Server.java:963) [hadoop-common-3.3.1.jar:?]
	at java.security.AccessController.doPrivileged(Native Method) ~[?:1.8.0_332]
	at javax.security.auth.Subject.doAs(Subject.java:422) [?:1.8.0_332]
	at org.apache.hadoop.security.UserGroupInformation.doAs(UserGroupInformation.java:1878) [hadoop-common-3.3.1.jar:?]
	at org.apache.hadoop.ipc.Server$Handler.run(Server.java:2966) [hadoop-common-3.3.1.jar:?]
17:32:15.522 [IPC Server handler 10 on default port 44865] ERROR OMAudit - user=runner | ip=127.0.0.1 | op=READ_BUCKET {volume=volume-97010, bucket=bucket3} | ret=FAILURE
org.apache.hadoop.ozone.om.exceptions.OMException: Volume not found when getting bucket info
	at org.apache.hadoop.ozone.om.BucketManagerImpl.getBucketInfo(BucketManagerImpl.java:127) ~[ozone-manager-1.3.0-SNAPSHOT.jar:?]
	at org.apache.hadoop.ozone.om.OzoneManager.getBucketInfo(OzoneManager.java:2779) ~[ozone-manager-1.3.0-SNAPSHOT.jar:?]
	at org.apache.hadoop.ozone.protocolPB.OzoneManagerRequestHandler.infoBucket(OzoneManagerRequestHandler.java:471) ~[ozone-manager-1.3.0-SNAPSHOT.jar:?]
	at org.apache.hadoop.ozone.protocolPB.OzoneManagerRequestHandler.handleReadRequest(OzoneManagerRequestHandler.java:174) ~[ozone-manager-1.3.0-SNAPSHOT.jar:?]
	at org.apache.hadoop.ozone.protocolPB.OzoneManagerProtocolServerSideTranslatorPB.submitRequestDirectlyToOM(OzoneManagerProtocolServerSideTranslatorPB.java:276) ~[ozone-manager-1.3.0-SNAPSHOT.jar:?]
	at org.apache.hadoop.ozone.protocolPB.OzoneManagerProtocolServerSideTranslatorPB.processRequest(OzoneManagerProtocolServerSideTranslatorPB.java:205) ~[ozone-manager-1.3.0-SNAPSHOT.jar:?]
	at org.apache.hadoop.hdds.server.OzoneProtocolMessageDispatcher.processRequest(OzoneProtocolMessageDispatcher.java:87) [hdds-server-framework-1.3.0-SNAPSHOT.jar:?]
	at org.apache.hadoop.ozone.protocolPB.OzoneManagerProtocolServerSideTranslatorPB.submitRequest(OzoneManagerProtocolServerSideTranslatorPB.java:147) [ozone-manager-1.3.0-SNAPSHOT.jar:?]
	at org.apache.hadoop.ozone.protocol.proto.OzoneManagerProtocolProtos$OzoneManagerService$2.callBlockingMethod(OzoneManagerProtocolProtos.java) [ozone-interface-client-1.3.0-SNAPSHOT.jar:?]
	at org.apache.hadoop.ipc.ProtobufRpcEngine$Server.processCall(ProtobufRpcEngine.java:466) [hadoop-common-3.3.1.jar:?]
	at org.apache.hadoop.ipc.ProtobufRpcEngine2$Server$ProtoBufRpcInvoker.call(ProtobufRpcEngine2.java:574) [hadoop-common-3.3.1.jar:?]
	at org.apache.hadoop.ipc.ProtobufRpcEngine2$Server$ProtoBufRpcInvoker.call(ProtobufRpcEngine2.java:552) [hadoop-common-3.3.1.jar:?]
	at org.apache.hadoop.ipc.RPC$Server.call(RPC.java:1093) [hadoop-common-3.3.1.jar:?]
	at org.apache.hadoop.ipc.Server$RpcCall.run(Server.java:1035) [hadoop-common-3.3.1.jar:?]
	at org.apache.hadoop.ipc.Server$RpcCall.run(Server.java:963) [hadoop-common-3.3.1.jar:?]
	at java.security.AccessController.doPrivileged(Native Method) ~[?:1.8.0_332]
	at javax.security.auth.Subject.doAs(Subject.java:422) [?:1.8.0_332]
	at org.apache.hadoop.security.UserGroupInformation.doAs(UserGroupInformation.java:1878) [hadoop-common-3.3.1.jar:?]
	at org.apache.hadoop.ipc.Server$Handler.run(Server.java:2966) [hadoop-common-3.3.1.jar:?]
2022-08-08 17:32:15,522 [Time-limited test] INFO  rpc.RpcClient (RpcClient.java:createVolume(468)) - Creating Volume: volume-97010, with runner as owner and space quota set to -1 bytes, counts quota set to -1
2022-08-08 17:32:15,523 [IPC Server handler 11 on default port 44865] INFO  volume.OMVolumeCreateRequest (OMVolumeCreateRequest.java:validateAndUpdateCache(195)) - created volume:volume-97010 for user:runner
2022-08-08 17:32:15,524 [Time-limited test] INFO  rpc.RpcClient (RpcClient.java:createBucket(671)) - Creating Bucket: volume-97010/bucket3, with bucket layout FILE_SYSTEM_OPTIMIZED, runner as owner, Versioning false, Storage Type set to DISK and Encryption set to false 
2022-08-08 17:32:15,524 [IPC Server handler 13 on default port 44865] INFO  bucket.OMBucketCreateRequest (OMBucketCreateRequest.java:validateAndUpdateCache(260)) - created bucket: bucket3 of layout FILE_SYSTEM_OPTIMIZED in volume: volume-97010
17:32:15.540 [IPC Server handler 14 on default port 44865] ERROR OMAudit - user=runner | ip=127.0.0.1 | op=READ_VOLUME {volume=volume-97010} | ret=FAILURE
org.apache.hadoop.ozone.om.exceptions.OMException: Volume volume-97010 is not found
	at org.apache.hadoop.ozone.om.VolumeManagerImpl.getVolumeInfo(VolumeManagerImpl.java:74) ~[ozone-manager-1.3.0-SNAPSHOT.jar:?]
	at org.apache.hadoop.ozone.om.OzoneManager.getVolumeInfo(OzoneManager.java:2603) ~[ozone-manager-1.3.0-SNAPSHOT.jar:?]
	at org.apache.hadoop.ozone.protocolPB.OzoneManagerRequestHandler.infoVolume(OzoneManagerRequestHandler.java:397) ~[ozone-manager-1.3.0-SNAPSHOT.jar:?]
	at org.apache.hadoop.ozone.protocolPB.OzoneManagerRequestHandler.handleReadRequest(OzoneManagerRequestHandler.java:164) ~[ozone-manager-1.3.0-SNAPSHOT.jar:?]
	at org.apache.hadoop.ozone.protocolPB.OzoneManagerProtocolServerSideTranslatorPB.submitRequestDirectlyToOM(OzoneManagerProtocolServerSideTranslatorPB.java:276) ~[ozone-manager-1.3.0-SNAPSHOT.jar:?]
	at org.apache.hadoop.ozone.protocolPB.OzoneManagerProtocolServerSideTranslatorPB.processRequest(OzoneManagerProtocolServerSideTranslatorPB.java:205) ~[ozone-manager-1.3.0-SNAPSHOT.jar:?]
	at org.apache.hadoop.hdds.server.OzoneProtocolMessageDispatcher.processRequest(OzoneProtocolMessageDispatcher.java:87) [hdds-server-framework-1.3.0-SNAPSHOT.jar:?]
	at org.apache.hadoop.ozone.protocolPB.OzoneManagerProtocolServerSideTranslatorPB.submitRequest(OzoneManagerProtocolServerSideTranslatorPB.java:147) [ozone-manager-1.3.0-SNAPSHOT.jar:?]
	at org.apache.hadoop.ozone.protocol.proto.OzoneManagerProtocolProtos$OzoneManagerService$2.callBlockingMethod(OzoneManagerProtocolProtos.java) [ozone-interface-client-1.3.0-SNAPSHOT.jar:?]
	at org.apache.hadoop.ipc.ProtobufRpcEngine$Server.processCall(ProtobufRpcEngine.java:466) [hadoop-common-3.3.1.jar:?]
	at org.apache.hadoop.ipc.ProtobufRpcEngine2$Server$ProtoBufRpcInvoker.call(ProtobufRpcEngine2.java:574) [hadoop-common-3.3.1.jar:?]
	at org.apache.hadoop.ipc.ProtobufRpcEngine2$Server$ProtoBufRpcInvoker.call(ProtobufRpcEngine2.java:552) [hadoop-common-3.3.1.jar:?]
	at org.apache.hadoop.ipc.RPC$Server.call(RPC.java:1093) [hadoop-common-3.3.1.jar:?]
	at org.apache.hadoop.ipc.Server$RpcCall.run(Server.java:1035) [hadoop-common-3.3.1.jar:?]
	at org.apache.hadoop.ipc.Server$RpcCall.run(Server.java:963) [hadoop-common-3.3.1.jar:?]
	at java.security.AccessController.doPrivileged(Native Method) ~[?:1.8.0_332]
	at javax.security.auth.Subject.doAs(Subject.java:422) [?:1.8.0_332]
	at org.apache.hadoop.security.UserGroupInformation.doAs(UserGroupInformation.java:1878) [hadoop-common-3.3.1.jar:?]
	at org.apache.hadoop.ipc.Server$Handler.run(Server.java:2966) [hadoop-common-3.3.1.jar:?]
]]></system-out>
  </testcase>
  <testcase name="testRenameToParentDir" classname="TestRootedOzoneFileSystemWithFSO" time="0.084">
    <system-out><![CDATA[2022-08-08 17:31:07,585 [Time-limited test] INFO  rpc.RpcClient (RpcClient.java:createVolume(468)) - Creating Volume: volume83869, with user36852 as owner and space quota set to -1 bytes, counts quota set to -1
2022-08-08 17:31:07,587 [OM StateMachine ApplyTransaction Thread - 0] INFO  volume.OMVolumeCreateRequest (OMVolumeCreateRequest.java:validateAndUpdateCache(195)) - created volume:volume83869 for user:user36852
2022-08-08 17:31:07,592 [Time-limited test] INFO  rpc.RpcClient (RpcClient.java:createBucket(671)) - Creating Bucket: volume83869/bucket64435, with bucket layout FILE_SYSTEM_OPTIMIZED, runner as owner, Versioning false, Storage Type set to DISK and Encryption set to false 
2022-08-08 17:31:07,595 [OM StateMachine ApplyTransaction Thread - 0] INFO  bucket.OMBucketCreateRequest (OMBucketCreateRequest.java:validateAndUpdateCache(260)) - created bucket: bucket64435 of layout FILE_SYSTEM_OPTIMIZED in volume: volume83869
17:31:07.613 [IPC Server handler 17 on default port 37325] ERROR OMAudit - user=runner | ip=127.0.0.1 | op=GET_FILE_STATUS {volume=volume83869, bucket=bucket64435, key=root_dir/dir1/file2, dataSize=0, replicationConfig=null} | ret=FAILURE
org.apache.hadoop.ozone.om.exceptions.OMException: Unable to get file status: volume: volume83869 bucket: bucket64435 key: root_dir/dir1/file2
	at org.apache.hadoop.ozone.om.KeyManagerImpl.getOzoneFileStatusFSO(KeyManagerImpl.java:1376) ~[ozone-manager-1.3.0-SNAPSHOT.jar:?]
	at org.apache.hadoop.ozone.om.KeyManagerImpl.getFileStatus(KeyManagerImpl.java:1239) ~[ozone-manager-1.3.0-SNAPSHOT.jar:?]
	at org.apache.hadoop.ozone.om.OzoneManager.getFileStatus(OzoneManager.java:3467) ~[ozone-manager-1.3.0-SNAPSHOT.jar:?]
	at org.apache.hadoop.ozone.protocolPB.OzoneManagerRequestHandler.getOzoneFileStatus(OzoneManagerRequestHandler.java:878) ~[ozone-manager-1.3.0-SNAPSHOT.jar:?]
	at org.apache.hadoop.ozone.protocolPB.OzoneManagerRequestHandler.handleReadRequest(OzoneManagerRequestHandler.java:224) ~[ozone-manager-1.3.0-SNAPSHOT.jar:?]
	at org.apache.hadoop.ozone.protocolPB.OzoneManagerProtocolServerSideTranslatorPB.submitReadRequestToOM(OzoneManagerProtocolServerSideTranslatorPB.java:226) ~[ozone-manager-1.3.0-SNAPSHOT.jar:?]
	at org.apache.hadoop.ozone.protocolPB.OzoneManagerProtocolServerSideTranslatorPB.processRequest(OzoneManagerProtocolServerSideTranslatorPB.java:175) ~[ozone-manager-1.3.0-SNAPSHOT.jar:?]
	at org.apache.hadoop.hdds.server.OzoneProtocolMessageDispatcher.processRequest(OzoneProtocolMessageDispatcher.java:87) [hdds-server-framework-1.3.0-SNAPSHOT.jar:?]
	at org.apache.hadoop.ozone.protocolPB.OzoneManagerProtocolServerSideTranslatorPB.submitRequest(OzoneManagerProtocolServerSideTranslatorPB.java:147) [ozone-manager-1.3.0-SNAPSHOT.jar:?]
	at org.apache.hadoop.ozone.protocol.proto.OzoneManagerProtocolProtos$OzoneManagerService$2.callBlockingMethod(OzoneManagerProtocolProtos.java) [ozone-interface-client-1.3.0-SNAPSHOT.jar:?]
	at org.apache.hadoop.ipc.ProtobufRpcEngine$Server.processCall(ProtobufRpcEngine.java:466) [hadoop-common-3.3.1.jar:?]
	at org.apache.hadoop.ipc.ProtobufRpcEngine2$Server$ProtoBufRpcInvoker.call(ProtobufRpcEngine2.java:574) [hadoop-common-3.3.1.jar:?]
	at org.apache.hadoop.ipc.ProtobufRpcEngine2$Server$ProtoBufRpcInvoker.call(ProtobufRpcEngine2.java:552) [hadoop-common-3.3.1.jar:?]
	at org.apache.hadoop.ipc.RPC$Server.call(RPC.java:1093) [hadoop-common-3.3.1.jar:?]
	at org.apache.hadoop.ipc.Server$RpcCall.run(Server.java:1035) [hadoop-common-3.3.1.jar:?]
	at org.apache.hadoop.ipc.Server$RpcCall.run(Server.java:963) [hadoop-common-3.3.1.jar:?]
	at java.security.AccessController.doPrivileged(Native Method) ~[?:1.8.0_332]
	at javax.security.auth.Subject.doAs(Subject.java:422) [?:1.8.0_332]
	at org.apache.hadoop.security.UserGroupInformation.doAs(UserGroupInformation.java:1878) [hadoop-common-3.3.1.jar:?]
	at org.apache.hadoop.ipc.Server$Handler.run(Server.java:2966) [hadoop-common-3.3.1.jar:?]
2022-08-08 17:31:07,614 [Time-limited test] WARN  ozone.BasicRootedOzoneFileSystem (BasicRootedOzoneFileSystem.java:delete(572)) - delete: Path does not exist: /volume83869/bucket64435/root_dir/dir1/file2
17:31:07.616 [IPC Server handler 1 on default port 37325] ERROR OMAudit - user=runner | ip=127.0.0.1 | op=GET_FILE_STATUS {volume=volume83869, bucket=bucket64435, key=root_dir/dir1/dir2, dataSize=0, replicationConfig=null} | ret=FAILURE
org.apache.hadoop.ozone.om.exceptions.OMException: Unable to get file status: volume: volume83869 bucket: bucket64435 key: root_dir/dir1/dir2
	at org.apache.hadoop.ozone.om.KeyManagerImpl.getOzoneFileStatusFSO(KeyManagerImpl.java:1376) ~[ozone-manager-1.3.0-SNAPSHOT.jar:?]
	at org.apache.hadoop.ozone.om.KeyManagerImpl.getFileStatus(KeyManagerImpl.java:1239) ~[ozone-manager-1.3.0-SNAPSHOT.jar:?]
	at org.apache.hadoop.ozone.om.OzoneManager.getFileStatus(OzoneManager.java:3467) ~[ozone-manager-1.3.0-SNAPSHOT.jar:?]
	at org.apache.hadoop.ozone.protocolPB.OzoneManagerRequestHandler.getOzoneFileStatus(OzoneManagerRequestHandler.java:878) ~[ozone-manager-1.3.0-SNAPSHOT.jar:?]
	at org.apache.hadoop.ozone.protocolPB.OzoneManagerRequestHandler.handleReadRequest(OzoneManagerRequestHandler.java:224) ~[ozone-manager-1.3.0-SNAPSHOT.jar:?]
	at org.apache.hadoop.ozone.protocolPB.OzoneManagerProtocolServerSideTranslatorPB.submitReadRequestToOM(OzoneManagerProtocolServerSideTranslatorPB.java:226) ~[ozone-manager-1.3.0-SNAPSHOT.jar:?]
	at org.apache.hadoop.ozone.protocolPB.OzoneManagerProtocolServerSideTranslatorPB.processRequest(OzoneManagerProtocolServerSideTranslatorPB.java:175) ~[ozone-manager-1.3.0-SNAPSHOT.jar:?]
	at org.apache.hadoop.hdds.server.OzoneProtocolMessageDispatcher.processRequest(OzoneProtocolMessageDispatcher.java:87) [hdds-server-framework-1.3.0-SNAPSHOT.jar:?]
	at org.apache.hadoop.ozone.protocolPB.OzoneManagerProtocolServerSideTranslatorPB.submitRequest(OzoneManagerProtocolServerSideTranslatorPB.java:147) [ozone-manager-1.3.0-SNAPSHOT.jar:?]
	at org.apache.hadoop.ozone.protocol.proto.OzoneManagerProtocolProtos$OzoneManagerService$2.callBlockingMethod(OzoneManagerProtocolProtos.java) [ozone-interface-client-1.3.0-SNAPSHOT.jar:?]
	at org.apache.hadoop.ipc.ProtobufRpcEngine$Server.processCall(ProtobufRpcEngine.java:466) [hadoop-common-3.3.1.jar:?]
	at org.apache.hadoop.ipc.ProtobufRpcEngine2$Server$ProtoBufRpcInvoker.call(ProtobufRpcEngine2.java:574) [hadoop-common-3.3.1.jar:?]
	at org.apache.hadoop.ipc.ProtobufRpcEngine2$Server$ProtoBufRpcInvoker.call(ProtobufRpcEngine2.java:552) [hadoop-common-3.3.1.jar:?]
	at org.apache.hadoop.ipc.RPC$Server.call(RPC.java:1093) [hadoop-common-3.3.1.jar:?]
	at org.apache.hadoop.ipc.Server$RpcCall.run(Server.java:1035) [hadoop-common-3.3.1.jar:?]
	at org.apache.hadoop.ipc.Server$RpcCall.run(Server.java:963) [hadoop-common-3.3.1.jar:?]
	at java.security.AccessController.doPrivileged(Native Method) ~[?:1.8.0_332]
	at javax.security.auth.Subject.doAs(Subject.java:422) [?:1.8.0_332]
	at org.apache.hadoop.security.UserGroupInformation.doAs(UserGroupInformation.java:1878) [hadoop-common-3.3.1.jar:?]
	at org.apache.hadoop.ipc.Server$Handler.run(Server.java:2966) [hadoop-common-3.3.1.jar:?]
2022-08-08 17:31:07,617 [Time-limited test] WARN  ozone.BasicRootedOzoneFileSystem (BasicRootedOzoneFileSystem.java:delete(572)) - delete: Path does not exist: /volume83869/bucket64435/root_dir/dir1/dir2
]]></system-out>
  </testcase>
  <testcase name="testRenameToParentDir" classname="TestRootedOzoneFileSystemWithFSO" time="0.102">
    <system-out><![CDATA[2022-08-08 17:32:15,625 [Time-limited test] INFO  rpc.RpcClient (RpcClient.java:createVolume(468)) - Creating Volume: volume15647, with user87063 as owner and space quota set to -1 bytes, counts quota set to -1
2022-08-08 17:32:15,627 [IPC Server handler 15 on default port 44865] INFO  volume.OMVolumeCreateRequest (OMVolumeCreateRequest.java:validateAndUpdateCache(195)) - created volume:volume15647 for user:user87063
2022-08-08 17:32:15,628 [Time-limited test] INFO  rpc.RpcClient (RpcClient.java:createBucket(671)) - Creating Bucket: volume15647/bucket56687, with bucket layout FILE_SYSTEM_OPTIMIZED, runner as owner, Versioning false, Storage Type set to DISK and Encryption set to false 
2022-08-08 17:32:15,628 [IPC Server handler 19 on default port 44865] INFO  bucket.OMBucketCreateRequest (OMBucketCreateRequest.java:validateAndUpdateCache(260)) - created bucket: bucket56687 of layout FILE_SYSTEM_OPTIMIZED in volume: volume15647
17:32:15.640 [IPC Server handler 12 on default port 44865] ERROR OMAudit - user=runner | ip=127.0.0.1 | op=GET_FILE_STATUS {volume=volume15647, bucket=bucket56687, key=root_dir/dir1/file2, dataSize=0, replicationConfig=null} | ret=FAILURE
org.apache.hadoop.ozone.om.exceptions.OMException: Unable to get file status: volume: volume15647 bucket: bucket56687 key: root_dir/dir1/file2
	at org.apache.hadoop.ozone.om.KeyManagerImpl.getOzoneFileStatusFSO(KeyManagerImpl.java:1376) ~[ozone-manager-1.3.0-SNAPSHOT.jar:?]
	at org.apache.hadoop.ozone.om.KeyManagerImpl.getFileStatus(KeyManagerImpl.java:1239) ~[ozone-manager-1.3.0-SNAPSHOT.jar:?]
	at org.apache.hadoop.ozone.om.OzoneManager.getFileStatus(OzoneManager.java:3467) ~[ozone-manager-1.3.0-SNAPSHOT.jar:?]
	at org.apache.hadoop.ozone.protocolPB.OzoneManagerRequestHandler.getOzoneFileStatus(OzoneManagerRequestHandler.java:878) ~[ozone-manager-1.3.0-SNAPSHOT.jar:?]
	at org.apache.hadoop.ozone.protocolPB.OzoneManagerRequestHandler.handleReadRequest(OzoneManagerRequestHandler.java:224) ~[ozone-manager-1.3.0-SNAPSHOT.jar:?]
	at org.apache.hadoop.ozone.protocolPB.OzoneManagerProtocolServerSideTranslatorPB.submitRequestDirectlyToOM(OzoneManagerProtocolServerSideTranslatorPB.java:276) ~[ozone-manager-1.3.0-SNAPSHOT.jar:?]
	at org.apache.hadoop.ozone.protocolPB.OzoneManagerProtocolServerSideTranslatorPB.processRequest(OzoneManagerProtocolServerSideTranslatorPB.java:205) ~[ozone-manager-1.3.0-SNAPSHOT.jar:?]
	at org.apache.hadoop.hdds.server.OzoneProtocolMessageDispatcher.processRequest(OzoneProtocolMessageDispatcher.java:87) [hdds-server-framework-1.3.0-SNAPSHOT.jar:?]
	at org.apache.hadoop.ozone.protocolPB.OzoneManagerProtocolServerSideTranslatorPB.submitRequest(OzoneManagerProtocolServerSideTranslatorPB.java:147) [ozone-manager-1.3.0-SNAPSHOT.jar:?]
	at org.apache.hadoop.ozone.protocol.proto.OzoneManagerProtocolProtos$OzoneManagerService$2.callBlockingMethod(OzoneManagerProtocolProtos.java) [ozone-interface-client-1.3.0-SNAPSHOT.jar:?]
	at org.apache.hadoop.ipc.ProtobufRpcEngine$Server.processCall(ProtobufRpcEngine.java:466) [hadoop-common-3.3.1.jar:?]
	at org.apache.hadoop.ipc.ProtobufRpcEngine2$Server$ProtoBufRpcInvoker.call(ProtobufRpcEngine2.java:574) [hadoop-common-3.3.1.jar:?]
	at org.apache.hadoop.ipc.ProtobufRpcEngine2$Server$ProtoBufRpcInvoker.call(ProtobufRpcEngine2.java:552) [hadoop-common-3.3.1.jar:?]
	at org.apache.hadoop.ipc.RPC$Server.call(RPC.java:1093) [hadoop-common-3.3.1.jar:?]
	at org.apache.hadoop.ipc.Server$RpcCall.run(Server.java:1035) [hadoop-common-3.3.1.jar:?]
	at org.apache.hadoop.ipc.Server$RpcCall.run(Server.java:963) [hadoop-common-3.3.1.jar:?]
	at java.security.AccessController.doPrivileged(Native Method) ~[?:1.8.0_332]
	at javax.security.auth.Subject.doAs(Subject.java:422) [?:1.8.0_332]
	at org.apache.hadoop.security.UserGroupInformation.doAs(UserGroupInformation.java:1878) [hadoop-common-3.3.1.jar:?]
	at org.apache.hadoop.ipc.Server$Handler.run(Server.java:2966) [hadoop-common-3.3.1.jar:?]
2022-08-08 17:32:15,641 [Time-limited test] WARN  ozone.BasicRootedOzoneFileSystem (BasicRootedOzoneFileSystem.java:delete(572)) - delete: Path does not exist: /volume15647/bucket56687/root_dir/dir1/file2
17:32:15.644 [IPC Server handler 15 on default port 44865] ERROR OMAudit - user=runner | ip=127.0.0.1 | op=GET_FILE_STATUS {volume=volume15647, bucket=bucket56687, key=root_dir/dir1/dir2, dataSize=0, replicationConfig=null} | ret=FAILURE
org.apache.hadoop.ozone.om.exceptions.OMException: Unable to get file status: volume: volume15647 bucket: bucket56687 key: root_dir/dir1/dir2
	at org.apache.hadoop.ozone.om.KeyManagerImpl.getOzoneFileStatusFSO(KeyManagerImpl.java:1376) ~[ozone-manager-1.3.0-SNAPSHOT.jar:?]
	at org.apache.hadoop.ozone.om.KeyManagerImpl.getFileStatus(KeyManagerImpl.java:1239) ~[ozone-manager-1.3.0-SNAPSHOT.jar:?]
	at org.apache.hadoop.ozone.om.OzoneManager.getFileStatus(OzoneManager.java:3467) ~[ozone-manager-1.3.0-SNAPSHOT.jar:?]
	at org.apache.hadoop.ozone.protocolPB.OzoneManagerRequestHandler.getOzoneFileStatus(OzoneManagerRequestHandler.java:878) ~[ozone-manager-1.3.0-SNAPSHOT.jar:?]
	at org.apache.hadoop.ozone.protocolPB.OzoneManagerRequestHandler.handleReadRequest(OzoneManagerRequestHandler.java:224) ~[ozone-manager-1.3.0-SNAPSHOT.jar:?]
	at org.apache.hadoop.ozone.protocolPB.OzoneManagerProtocolServerSideTranslatorPB.submitRequestDirectlyToOM(OzoneManagerProtocolServerSideTranslatorPB.java:276) ~[ozone-manager-1.3.0-SNAPSHOT.jar:?]
	at org.apache.hadoop.ozone.protocolPB.OzoneManagerProtocolServerSideTranslatorPB.processRequest(OzoneManagerProtocolServerSideTranslatorPB.java:205) ~[ozone-manager-1.3.0-SNAPSHOT.jar:?]
	at org.apache.hadoop.hdds.server.OzoneProtocolMessageDispatcher.processRequest(OzoneProtocolMessageDispatcher.java:87) [hdds-server-framework-1.3.0-SNAPSHOT.jar:?]
	at org.apache.hadoop.ozone.protocolPB.OzoneManagerProtocolServerSideTranslatorPB.submitRequest(OzoneManagerProtocolServerSideTranslatorPB.java:147) [ozone-manager-1.3.0-SNAPSHOT.jar:?]
	at org.apache.hadoop.ozone.protocol.proto.OzoneManagerProtocolProtos$OzoneManagerService$2.callBlockingMethod(OzoneManagerProtocolProtos.java) [ozone-interface-client-1.3.0-SNAPSHOT.jar:?]
	at org.apache.hadoop.ipc.ProtobufRpcEngine$Server.processCall(ProtobufRpcEngine.java:466) [hadoop-common-3.3.1.jar:?]
	at org.apache.hadoop.ipc.ProtobufRpcEngine2$Server$ProtoBufRpcInvoker.call(ProtobufRpcEngine2.java:574) [hadoop-common-3.3.1.jar:?]
	at org.apache.hadoop.ipc.ProtobufRpcEngine2$Server$ProtoBufRpcInvoker.call(ProtobufRpcEngine2.java:552) [hadoop-common-3.3.1.jar:?]
	at org.apache.hadoop.ipc.RPC$Server.call(RPC.java:1093) [hadoop-common-3.3.1.jar:?]
	at org.apache.hadoop.ipc.Server$RpcCall.run(Server.java:1035) [hadoop-common-3.3.1.jar:?]
	at org.apache.hadoop.ipc.Server$RpcCall.run(Server.java:963) [hadoop-common-3.3.1.jar:?]
	at java.security.AccessController.doPrivileged(Native Method) ~[?:1.8.0_332]
	at javax.security.auth.Subject.doAs(Subject.java:422) [?:1.8.0_332]
	at org.apache.hadoop.security.UserGroupInformation.doAs(UserGroupInformation.java:1878) [hadoop-common-3.3.1.jar:?]
	at org.apache.hadoop.ipc.Server$Handler.run(Server.java:2966) [hadoop-common-3.3.1.jar:?]
2022-08-08 17:32:15,645 [Time-limited test] WARN  ozone.BasicRootedOzoneFileSystem (BasicRootedOzoneFileSystem.java:delete(572)) - delete: Path does not exist: /volume15647/bucket56687/root_dir/dir1/dir2
]]></system-out>
  </testcase>
  <testcase name="testMkdirNonExistentVolumeBucket" classname="TestRootedOzoneFileSystemWithFSO" time="0.059">
    <system-out><![CDATA[2022-08-08 17:31:07,658 [Time-limited test] INFO  rpc.RpcClient (RpcClient.java:createVolume(468)) - Creating Volume: volume15222, with user46413 as owner and space quota set to -1 bytes, counts quota set to -1
2022-08-08 17:31:07,663 [OM StateMachine ApplyTransaction Thread - 0] INFO  volume.OMVolumeCreateRequest (OMVolumeCreateRequest.java:validateAndUpdateCache(195)) - created volume:volume15222 for user:user46413
2022-08-08 17:31:07,666 [Time-limited test] INFO  rpc.RpcClient (RpcClient.java:createBucket(671)) - Creating Bucket: volume15222/bucket74383, with bucket layout FILE_SYSTEM_OPTIMIZED, runner as owner, Versioning false, Storage Type set to DISK and Encryption set to false 
2022-08-08 17:31:07,667 [OM StateMachine ApplyTransaction Thread - 0] INFO  bucket.OMBucketCreateRequest (OMBucketCreateRequest.java:validateAndUpdateCache(260)) - created bucket: bucket74383 of layout FILE_SYSTEM_OPTIMIZED in volume: volume15222
17:31:07.669 [IPC Server handler 4 on default port 37325] ERROR OMAudit - user=runner | ip=127.0.0.1 | op=READ_BUCKET {volume=volume-77289, bucket=bucket-33820} | ret=FAILURE
org.apache.hadoop.ozone.om.exceptions.OMException: Volume not found when getting bucket info
	at org.apache.hadoop.ozone.om.BucketManagerImpl.getBucketInfo(BucketManagerImpl.java:127) ~[ozone-manager-1.3.0-SNAPSHOT.jar:?]
	at org.apache.hadoop.ozone.om.OzoneManager.getBucketInfo(OzoneManager.java:2779) ~[ozone-manager-1.3.0-SNAPSHOT.jar:?]
	at org.apache.hadoop.ozone.protocolPB.OzoneManagerRequestHandler.infoBucket(OzoneManagerRequestHandler.java:471) ~[ozone-manager-1.3.0-SNAPSHOT.jar:?]
	at org.apache.hadoop.ozone.protocolPB.OzoneManagerRequestHandler.handleReadRequest(OzoneManagerRequestHandler.java:174) ~[ozone-manager-1.3.0-SNAPSHOT.jar:?]
	at org.apache.hadoop.ozone.protocolPB.OzoneManagerProtocolServerSideTranslatorPB.submitReadRequestToOM(OzoneManagerProtocolServerSideTranslatorPB.java:226) ~[ozone-manager-1.3.0-SNAPSHOT.jar:?]
	at org.apache.hadoop.ozone.protocolPB.OzoneManagerProtocolServerSideTranslatorPB.processRequest(OzoneManagerProtocolServerSideTranslatorPB.java:175) ~[ozone-manager-1.3.0-SNAPSHOT.jar:?]
	at org.apache.hadoop.hdds.server.OzoneProtocolMessageDispatcher.processRequest(OzoneProtocolMessageDispatcher.java:87) [hdds-server-framework-1.3.0-SNAPSHOT.jar:?]
	at org.apache.hadoop.ozone.protocolPB.OzoneManagerProtocolServerSideTranslatorPB.submitRequest(OzoneManagerProtocolServerSideTranslatorPB.java:147) [ozone-manager-1.3.0-SNAPSHOT.jar:?]
	at org.apache.hadoop.ozone.protocol.proto.OzoneManagerProtocolProtos$OzoneManagerService$2.callBlockingMethod(OzoneManagerProtocolProtos.java) [ozone-interface-client-1.3.0-SNAPSHOT.jar:?]
	at org.apache.hadoop.ipc.ProtobufRpcEngine$Server.processCall(ProtobufRpcEngine.java:466) [hadoop-common-3.3.1.jar:?]
	at org.apache.hadoop.ipc.ProtobufRpcEngine2$Server$ProtoBufRpcInvoker.call(ProtobufRpcEngine2.java:574) [hadoop-common-3.3.1.jar:?]
	at org.apache.hadoop.ipc.ProtobufRpcEngine2$Server$ProtoBufRpcInvoker.call(ProtobufRpcEngine2.java:552) [hadoop-common-3.3.1.jar:?]
	at org.apache.hadoop.ipc.RPC$Server.call(RPC.java:1093) [hadoop-common-3.3.1.jar:?]
	at org.apache.hadoop.ipc.Server$RpcCall.run(Server.java:1035) [hadoop-common-3.3.1.jar:?]
	at org.apache.hadoop.ipc.Server$RpcCall.run(Server.java:963) [hadoop-common-3.3.1.jar:?]
	at java.security.AccessController.doPrivileged(Native Method) ~[?:1.8.0_332]
	at javax.security.auth.Subject.doAs(Subject.java:422) [?:1.8.0_332]
	at org.apache.hadoop.security.UserGroupInformation.doAs(UserGroupInformation.java:1878) [hadoop-common-3.3.1.jar:?]
	at org.apache.hadoop.ipc.Server$Handler.run(Server.java:2966) [hadoop-common-3.3.1.jar:?]
2022-08-08 17:31:07,670 [Time-limited test] INFO  rpc.RpcClient (RpcClient.java:createVolume(468)) - Creating Volume: volume-77289, with runner as owner and space quota set to -1 bytes, counts quota set to -1
2022-08-08 17:31:07,672 [OM StateMachine ApplyTransaction Thread - 0] INFO  volume.OMVolumeCreateRequest (OMVolumeCreateRequest.java:validateAndUpdateCache(195)) - created volume:volume-77289 for user:runner
2022-08-08 17:31:07,673 [Time-limited test] INFO  rpc.RpcClient (RpcClient.java:createBucket(671)) - Creating Bucket: volume-77289/bucket-33820, with bucket layout FILE_SYSTEM_OPTIMIZED, runner as owner, Versioning false, Storage Type set to DISK and Encryption set to false 
2022-08-08 17:31:07,674 [OM StateMachine ApplyTransaction Thread - 0] INFO  bucket.OMBucketCreateRequest (OMBucketCreateRequest.java:validateAndUpdateCache(260)) - created bucket: bucket-33820 of layout FILE_SYSTEM_OPTIMIZED in volume: volume-77289
]]></system-out>
  </testcase>
  <testcase name="testMkdirNonExistentVolumeBucket" classname="TestRootedOzoneFileSystemWithFSO" time="0.113">
    <system-out><![CDATA[2022-08-08 17:32:15,738 [Time-limited test] INFO  rpc.RpcClient (RpcClient.java:createVolume(468)) - Creating Volume: volume82551, with user90118 as owner and space quota set to -1 bytes, counts quota set to -1
2022-08-08 17:32:15,739 [IPC Server handler 17 on default port 44865] INFO  volume.OMVolumeCreateRequest (OMVolumeCreateRequest.java:validateAndUpdateCache(195)) - created volume:volume82551 for user:user90118
2022-08-08 17:32:15,741 [Time-limited test] INFO  rpc.RpcClient (RpcClient.java:createBucket(671)) - Creating Bucket: volume82551/bucket33693, with bucket layout FILE_SYSTEM_OPTIMIZED, runner as owner, Versioning false, Storage Type set to DISK and Encryption set to false 
2022-08-08 17:32:15,741 [IPC Server handler 8 on default port 44865] INFO  bucket.OMBucketCreateRequest (OMBucketCreateRequest.java:validateAndUpdateCache(260)) - created bucket: bucket33693 of layout FILE_SYSTEM_OPTIMIZED in volume: volume82551
17:32:15.747 [IPC Server handler 3 on default port 44865] ERROR OMAudit - user=runner | ip=127.0.0.1 | op=READ_BUCKET {volume=volume-76877, bucket=bucket-94877} | ret=FAILURE
org.apache.hadoop.ozone.om.exceptions.OMException: Volume not found when getting bucket info
	at org.apache.hadoop.ozone.om.BucketManagerImpl.getBucketInfo(BucketManagerImpl.java:127) ~[ozone-manager-1.3.0-SNAPSHOT.jar:?]
	at org.apache.hadoop.ozone.om.OzoneManager.getBucketInfo(OzoneManager.java:2779) ~[ozone-manager-1.3.0-SNAPSHOT.jar:?]
	at org.apache.hadoop.ozone.protocolPB.OzoneManagerRequestHandler.infoBucket(OzoneManagerRequestHandler.java:471) ~[ozone-manager-1.3.0-SNAPSHOT.jar:?]
	at org.apache.hadoop.ozone.protocolPB.OzoneManagerRequestHandler.handleReadRequest(OzoneManagerRequestHandler.java:174) ~[ozone-manager-1.3.0-SNAPSHOT.jar:?]
	at org.apache.hadoop.ozone.protocolPB.OzoneManagerProtocolServerSideTranslatorPB.submitRequestDirectlyToOM(OzoneManagerProtocolServerSideTranslatorPB.java:276) ~[ozone-manager-1.3.0-SNAPSHOT.jar:?]
	at org.apache.hadoop.ozone.protocolPB.OzoneManagerProtocolServerSideTranslatorPB.processRequest(OzoneManagerProtocolServerSideTranslatorPB.java:205) ~[ozone-manager-1.3.0-SNAPSHOT.jar:?]
	at org.apache.hadoop.hdds.server.OzoneProtocolMessageDispatcher.processRequest(OzoneProtocolMessageDispatcher.java:87) [hdds-server-framework-1.3.0-SNAPSHOT.jar:?]
	at org.apache.hadoop.ozone.protocolPB.OzoneManagerProtocolServerSideTranslatorPB.submitRequest(OzoneManagerProtocolServerSideTranslatorPB.java:147) [ozone-manager-1.3.0-SNAPSHOT.jar:?]
	at org.apache.hadoop.ozone.protocol.proto.OzoneManagerProtocolProtos$OzoneManagerService$2.callBlockingMethod(OzoneManagerProtocolProtos.java) [ozone-interface-client-1.3.0-SNAPSHOT.jar:?]
	at org.apache.hadoop.ipc.ProtobufRpcEngine$Server.processCall(ProtobufRpcEngine.java:466) [hadoop-common-3.3.1.jar:?]
	at org.apache.hadoop.ipc.ProtobufRpcEngine2$Server$ProtoBufRpcInvoker.call(ProtobufRpcEngine2.java:574) [hadoop-common-3.3.1.jar:?]
	at org.apache.hadoop.ipc.ProtobufRpcEngine2$Server$ProtoBufRpcInvoker.call(ProtobufRpcEngine2.java:552) [hadoop-common-3.3.1.jar:?]
	at org.apache.hadoop.ipc.RPC$Server.call(RPC.java:1093) [hadoop-common-3.3.1.jar:?]
	at org.apache.hadoop.ipc.Server$RpcCall.run(Server.java:1035) [hadoop-common-3.3.1.jar:?]
	at org.apache.hadoop.ipc.Server$RpcCall.run(Server.java:963) [hadoop-common-3.3.1.jar:?]
	at java.security.AccessController.doPrivileged(Native Method) ~[?:1.8.0_332]
	at javax.security.auth.Subject.doAs(Subject.java:422) [?:1.8.0_332]
	at org.apache.hadoop.security.UserGroupInformation.doAs(UserGroupInformation.java:1878) [hadoop-common-3.3.1.jar:?]
	at org.apache.hadoop.ipc.Server$Handler.run(Server.java:2966) [hadoop-common-3.3.1.jar:?]
2022-08-08 17:32:15,748 [Time-limited test] INFO  rpc.RpcClient (RpcClient.java:createVolume(468)) - Creating Volume: volume-76877, with runner as owner and space quota set to -1 bytes, counts quota set to -1
2022-08-08 17:32:15,749 [IPC Server handler 4 on default port 44865] INFO  volume.OMVolumeCreateRequest (OMVolumeCreateRequest.java:validateAndUpdateCache(195)) - created volume:volume-76877 for user:runner
2022-08-08 17:32:15,749 [Time-limited test] INFO  rpc.RpcClient (RpcClient.java:createBucket(671)) - Creating Bucket: volume-76877/bucket-94877, with bucket layout FILE_SYSTEM_OPTIMIZED, runner as owner, Versioning false, Storage Type set to DISK and Encryption set to false 
2022-08-08 17:32:15,750 [IPC Server handler 6 on default port 44865] INFO  bucket.OMBucketCreateRequest (OMBucketCreateRequest.java:validateAndUpdateCache(260)) - created bucket: bucket-94877 of layout FILE_SYSTEM_OPTIMIZED in volume: volume-76877
]]></system-out>
  </testcase>
  <testcase name="testFailToDeleteRoot" classname="TestRootedOzoneFileSystemWithFSO" time="0.049">
    <system-out><![CDATA[2022-08-08 17:31:07,722 [Time-limited test] INFO  rpc.RpcClient (RpcClient.java:createVolume(468)) - Creating Volume: volume86365, with user51662 as owner and space quota set to -1 bytes, counts quota set to -1
2022-08-08 17:31:07,725 [OM StateMachine ApplyTransaction Thread - 0] INFO  volume.OMVolumeCreateRequest (OMVolumeCreateRequest.java:validateAndUpdateCache(195)) - created volume:volume86365 for user:user51662
2022-08-08 17:31:07,727 [Time-limited test] INFO  rpc.RpcClient (RpcClient.java:createBucket(671)) - Creating Bucket: volume86365/bucket56476, with bucket layout FILE_SYSTEM_OPTIMIZED, runner as owner, Versioning false, Storage Type set to DISK and Encryption set to false 
2022-08-08 17:31:07,728 [OM StateMachine ApplyTransaction Thread - 0] INFO  bucket.OMBucketCreateRequest (OMBucketCreateRequest.java:validateAndUpdateCache(260)) - created bucket: bucket56476 of layout FILE_SYSTEM_OPTIMIZED in volume: volume86365
2022-08-08 17:31:07,729 [Time-limited test] WARN  ozone.BasicRootedOzoneFileSystem (BasicRootedOzoneFileSystem.java:delete(591)) - delete: OFS does not support rm root. To wipe the cluster, please re-init OM instead.
2022-08-08 17:31:07,729 [Time-limited test] WARN  ozone.BasicRootedOzoneFileSystem (BasicRootedOzoneFileSystem.java:delete(591)) - delete: OFS does not support rm root. To wipe the cluster, please re-init OM instead.
]]></system-out>
  </testcase>
  <testcase name="testFailToDeleteRoot" classname="TestRootedOzoneFileSystemWithFSO" time="0.1">
    <system-out><![CDATA[2022-08-08 17:32:15,855 [Time-limited test] INFO  rpc.RpcClient (RpcClient.java:createVolume(468)) - Creating Volume: volume60890, with user28719 as owner and space quota set to -1 bytes, counts quota set to -1
2022-08-08 17:32:15,856 [IPC Server handler 10 on default port 44865] INFO  volume.OMVolumeCreateRequest (OMVolumeCreateRequest.java:validateAndUpdateCache(195)) - created volume:volume60890 for user:user28719
2022-08-08 17:32:15,858 [Time-limited test] INFO  rpc.RpcClient (RpcClient.java:createBucket(671)) - Creating Bucket: volume60890/bucket66003, with bucket layout FILE_SYSTEM_OPTIMIZED, runner as owner, Versioning false, Storage Type set to DISK and Encryption set to false 
2022-08-08 17:32:15,859 [IPC Server handler 12 on default port 44865] INFO  bucket.OMBucketCreateRequest (OMBucketCreateRequest.java:validateAndUpdateCache(260)) - created bucket: bucket66003 of layout FILE_SYSTEM_OPTIMIZED in volume: volume60890
2022-08-08 17:32:15,860 [Time-limited test] WARN  ozone.BasicRootedOzoneFileSystem (BasicRootedOzoneFileSystem.java:delete(591)) - delete: OFS does not support rm root. To wipe the cluster, please re-init OM instead.
2022-08-08 17:32:15,860 [Time-limited test] WARN  ozone.BasicRootedOzoneFileSystem (BasicRootedOzoneFileSystem.java:delete(591)) - delete: OFS does not support rm root. To wipe the cluster, please re-init OM instead.
]]></system-out>
  </testcase>
  <testcase name="testListStatusOnSubDirs" classname="TestRootedOzoneFileSystemWithFSO" time="0.067">
    <system-out><![CDATA[2022-08-08 17:31:07,763 [Time-limited test] INFO  rpc.RpcClient (RpcClient.java:createVolume(468)) - Creating Volume: volume55758, with user93564 as owner and space quota set to -1 bytes, counts quota set to -1
2022-08-08 17:31:07,766 [OM StateMachine ApplyTransaction Thread - 0] INFO  volume.OMVolumeCreateRequest (OMVolumeCreateRequest.java:validateAndUpdateCache(195)) - created volume:volume55758 for user:user93564
2022-08-08 17:31:07,768 [Time-limited test] INFO  rpc.RpcClient (RpcClient.java:createBucket(671)) - Creating Bucket: volume55758/bucket56198, with bucket layout FILE_SYSTEM_OPTIMIZED, runner as owner, Versioning false, Storage Type set to DISK and Encryption set to false 
2022-08-08 17:31:07,769 [OM StateMachine ApplyTransaction Thread - 0] INFO  bucket.OMBucketCreateRequest (OMBucketCreateRequest.java:validateAndUpdateCache(260)) - created bucket: bucket56198 of layout FILE_SYSTEM_OPTIMIZED in volume: volume55758
]]></system-out>
  </testcase>
  <testcase name="testListStatusOnSubDirs" classname="TestRootedOzoneFileSystemWithFSO" time="0.097">
    <system-out><![CDATA[2022-08-08 17:32:15,924 [Time-limited test] INFO  rpc.RpcClient (RpcClient.java:createVolume(468)) - Creating Volume: volume80004, with user55141 as owner and space quota set to -1 bytes, counts quota set to -1
2022-08-08 17:32:15,925 [IPC Server handler 12 on default port 44865] INFO  volume.OMVolumeCreateRequest (OMVolumeCreateRequest.java:validateAndUpdateCache(195)) - created volume:volume80004 for user:user55141
2022-08-08 17:32:15,926 [Time-limited test] INFO  rpc.RpcClient (RpcClient.java:createBucket(671)) - Creating Bucket: volume80004/bucket80176, with bucket layout FILE_SYSTEM_OPTIMIZED, runner as owner, Versioning false, Storage Type set to DISK and Encryption set to false 
2022-08-08 17:32:15,926 [IPC Server handler 15 on default port 44865] INFO  bucket.OMBucketCreateRequest (OMBucketCreateRequest.java:validateAndUpdateCache(260)) - created bucket: bucket80176 of layout FILE_SYSTEM_OPTIMIZED in volume: volume80004
]]></system-out>
  </testcase>
  <testcase name="testListStatus" classname="TestRootedOzoneFileSystemWithFSO" time="0.154">
    <system-out><![CDATA[2022-08-08 17:31:07,854 [Time-limited test] INFO  rpc.RpcClient (RpcClient.java:createVolume(468)) - Creating Volume: volume33298, with user70951 as owner and space quota set to -1 bytes, counts quota set to -1
2022-08-08 17:31:07,885 [OM StateMachine ApplyTransaction Thread - 0] INFO  volume.OMVolumeCreateRequest (OMVolumeCreateRequest.java:validateAndUpdateCache(195)) - created volume:volume33298 for user:user70951
2022-08-08 17:31:07,887 [Time-limited test] INFO  rpc.RpcClient (RpcClient.java:createBucket(671)) - Creating Bucket: volume33298/bucket80696, with bucket layout FILE_SYSTEM_OPTIMIZED, runner as owner, Versioning false, Storage Type set to DISK and Encryption set to false 
2022-08-08 17:31:07,916 [OM StateMachine ApplyTransaction Thread - 0] INFO  bucket.OMBucketCreateRequest (OMBucketCreateRequest.java:validateAndUpdateCache(260)) - created bucket: bucket80696 of layout FILE_SYSTEM_OPTIMIZED in volume: volume33298
]]></system-out>
  </testcase>
  <testcase name="testListStatus" classname="TestRootedOzoneFileSystemWithFSO" time="0.115">
    <system-out><![CDATA[2022-08-08 17:32:16,039 [Time-limited test] INFO  rpc.RpcClient (RpcClient.java:createVolume(468)) - Creating Volume: volume73536, with user97479 as owner and space quota set to -1 bytes, counts quota set to -1
2022-08-08 17:32:16,040 [IPC Server handler 14 on default port 44865] INFO  volume.OMVolumeCreateRequest (OMVolumeCreateRequest.java:validateAndUpdateCache(195)) - created volume:volume73536 for user:user97479
2022-08-08 17:32:16,041 [Time-limited test] INFO  rpc.RpcClient (RpcClient.java:createBucket(671)) - Creating Bucket: volume73536/bucket45633, with bucket layout FILE_SYSTEM_OPTIMIZED, runner as owner, Versioning false, Storage Type set to DISK and Encryption set to false 
2022-08-08 17:32:16,042 [IPC Server handler 18 on default port 44865] INFO  bucket.OMBucketCreateRequest (OMBucketCreateRequest.java:validateAndUpdateCache(260)) - created bucket: bucket45633 of layout FILE_SYSTEM_OPTIMIZED in volume: volume73536
]]></system-out>
  </testcase>
  <testcase name="testGetTrashRoots" classname="TestRootedOzoneFileSystemWithFSO" time="0.506">
    <system-out><![CDATA[2022-08-08 17:31:07,990 [Time-limited test] INFO  rpc.RpcClient (RpcClient.java:createVolume(468)) - Creating Volume: volume27242, with user14614 as owner and space quota set to -1 bytes, counts quota set to -1
2022-08-08 17:31:07,992 [OM StateMachine ApplyTransaction Thread - 0] INFO  volume.OMVolumeCreateRequest (OMVolumeCreateRequest.java:validateAndUpdateCache(195)) - created volume:volume27242 for user:user14614
2022-08-08 17:31:07,994 [Time-limited test] INFO  rpc.RpcClient (RpcClient.java:createBucket(671)) - Creating Bucket: volume27242/bucket61358, with bucket layout FILE_SYSTEM_OPTIMIZED, runner as owner, Versioning false, Storage Type set to DISK and Encryption set to false 
2022-08-08 17:31:07,995 [OM StateMachine ApplyTransaction Thread - 0] INFO  bucket.OMBucketCreateRequest (OMBucketCreateRequest.java:validateAndUpdateCache(260)) - created bucket: bucket61358 of layout FILE_SYSTEM_OPTIMIZED in volume: volume27242
17:31:08.008 [IPC Server handler 13 on default port 37325] ERROR OMAudit - user=runner | ip=127.0.0.1 | op=GET_FILE_STATUS {volume=volume27242, bucket=bucket61358, key=.Trash/runner, dataSize=0, replicationConfig=null} | ret=FAILURE
org.apache.hadoop.ozone.om.exceptions.OMException: Unable to get file status: volume: volume27242 bucket: bucket61358 key: .Trash/runner
	at org.apache.hadoop.ozone.om.KeyManagerImpl.getOzoneFileStatusFSO(KeyManagerImpl.java:1376) ~[ozone-manager-1.3.0-SNAPSHOT.jar:?]
	at org.apache.hadoop.ozone.om.KeyManagerImpl.getFileStatus(KeyManagerImpl.java:1239) ~[ozone-manager-1.3.0-SNAPSHOT.jar:?]
	at org.apache.hadoop.ozone.om.OzoneManager.getFileStatus(OzoneManager.java:3467) ~[ozone-manager-1.3.0-SNAPSHOT.jar:?]
	at org.apache.hadoop.ozone.protocolPB.OzoneManagerRequestHandler.getOzoneFileStatus(OzoneManagerRequestHandler.java:878) ~[ozone-manager-1.3.0-SNAPSHOT.jar:?]
	at org.apache.hadoop.ozone.protocolPB.OzoneManagerRequestHandler.handleReadRequest(OzoneManagerRequestHandler.java:224) ~[ozone-manager-1.3.0-SNAPSHOT.jar:?]
	at org.apache.hadoop.ozone.protocolPB.OzoneManagerProtocolServerSideTranslatorPB.submitReadRequestToOM(OzoneManagerProtocolServerSideTranslatorPB.java:226) ~[ozone-manager-1.3.0-SNAPSHOT.jar:?]
	at org.apache.hadoop.ozone.protocolPB.OzoneManagerProtocolServerSideTranslatorPB.processRequest(OzoneManagerProtocolServerSideTranslatorPB.java:175) ~[ozone-manager-1.3.0-SNAPSHOT.jar:?]
	at org.apache.hadoop.hdds.server.OzoneProtocolMessageDispatcher.processRequest(OzoneProtocolMessageDispatcher.java:87) [hdds-server-framework-1.3.0-SNAPSHOT.jar:?]
	at org.apache.hadoop.ozone.protocolPB.OzoneManagerProtocolServerSideTranslatorPB.submitRequest(OzoneManagerProtocolServerSideTranslatorPB.java:147) [ozone-manager-1.3.0-SNAPSHOT.jar:?]
	at org.apache.hadoop.ozone.protocol.proto.OzoneManagerProtocolProtos$OzoneManagerService$2.callBlockingMethod(OzoneManagerProtocolProtos.java) [ozone-interface-client-1.3.0-SNAPSHOT.jar:?]
	at org.apache.hadoop.ipc.ProtobufRpcEngine$Server.processCall(ProtobufRpcEngine.java:466) [hadoop-common-3.3.1.jar:?]
	at org.apache.hadoop.ipc.ProtobufRpcEngine2$Server$ProtoBufRpcInvoker.call(ProtobufRpcEngine2.java:574) [hadoop-common-3.3.1.jar:?]
	at org.apache.hadoop.ipc.ProtobufRpcEngine2$Server$ProtoBufRpcInvoker.call(ProtobufRpcEngine2.java:552) [hadoop-common-3.3.1.jar:?]
	at org.apache.hadoop.ipc.RPC$Server.call(RPC.java:1093) [hadoop-common-3.3.1.jar:?]
	at org.apache.hadoop.ipc.Server$RpcCall.run(Server.java:1035) [hadoop-common-3.3.1.jar:?]
	at org.apache.hadoop.ipc.Server$RpcCall.run(Server.java:963) [hadoop-common-3.3.1.jar:?]
	at java.security.AccessController.doPrivileged(Native Method) ~[?:1.8.0_332]
	at javax.security.auth.Subject.doAs(Subject.java:422) [?:1.8.0_332]
	at org.apache.hadoop.security.UserGroupInformation.doAs(UserGroupInformation.java:1878) [hadoop-common-3.3.1.jar:?]
	at org.apache.hadoop.ipc.Server$Handler.run(Server.java:2966) [hadoop-common-3.3.1.jar:?]
17:31:08.015 [IPC Server handler 9 on default port 37325] ERROR OMAudit - user=runner | ip=127.0.0.1 | op=GET_FILE_STATUS {volume=8c4c1062-169b-4c6c-b280-7dcb371950db, bucket=3cd3bff7-cca4-4cdd-ab52-4262769acc01, key=.Trash, dataSize=0, replicationConfig=null} | ret=FAILURE
org.apache.hadoop.ozone.om.exceptions.OMException: Unable to get file status: volume: 8c4c1062-169b-4c6c-b280-7dcb371950db bucket: 3cd3bff7-cca4-4cdd-ab52-4262769acc01 key: .Trash
	at org.apache.hadoop.ozone.om.KeyManagerImpl.getOzoneFileStatus(KeyManagerImpl.java:1311) ~[ozone-manager-1.3.0-SNAPSHOT.jar:?]
	at org.apache.hadoop.ozone.om.KeyManagerImpl.getFileStatus(KeyManagerImpl.java:1241) ~[ozone-manager-1.3.0-SNAPSHOT.jar:?]
	at org.apache.hadoop.ozone.om.OzoneManager.getFileStatus(OzoneManager.java:3467) ~[ozone-manager-1.3.0-SNAPSHOT.jar:?]
	at org.apache.hadoop.ozone.protocolPB.OzoneManagerRequestHandler.getOzoneFileStatus(OzoneManagerRequestHandler.java:878) ~[ozone-manager-1.3.0-SNAPSHOT.jar:?]
	at org.apache.hadoop.ozone.protocolPB.OzoneManagerRequestHandler.handleReadRequest(OzoneManagerRequestHandler.java:224) ~[ozone-manager-1.3.0-SNAPSHOT.jar:?]
	at org.apache.hadoop.ozone.protocolPB.OzoneManagerProtocolServerSideTranslatorPB.submitReadRequestToOM(OzoneManagerProtocolServerSideTranslatorPB.java:226) ~[ozone-manager-1.3.0-SNAPSHOT.jar:?]
	at org.apache.hadoop.ozone.protocolPB.OzoneManagerProtocolServerSideTranslatorPB.processRequest(OzoneManagerProtocolServerSideTranslatorPB.java:175) ~[ozone-manager-1.3.0-SNAPSHOT.jar:?]
	at org.apache.hadoop.hdds.server.OzoneProtocolMessageDispatcher.processRequest(OzoneProtocolMessageDispatcher.java:87) [hdds-server-framework-1.3.0-SNAPSHOT.jar:?]
	at org.apache.hadoop.ozone.protocolPB.OzoneManagerProtocolServerSideTranslatorPB.submitRequest(OzoneManagerProtocolServerSideTranslatorPB.java:147) [ozone-manager-1.3.0-SNAPSHOT.jar:?]
	at org.apache.hadoop.ozone.protocol.proto.OzoneManagerProtocolProtos$OzoneManagerService$2.callBlockingMethod(OzoneManagerProtocolProtos.java) [ozone-interface-client-1.3.0-SNAPSHOT.jar:?]
	at org.apache.hadoop.ipc.ProtobufRpcEngine$Server.processCall(ProtobufRpcEngine.java:466) [hadoop-common-3.3.1.jar:?]
	at org.apache.hadoop.ipc.ProtobufRpcEngine2$Server$ProtoBufRpcInvoker.call(ProtobufRpcEngine2.java:574) [hadoop-common-3.3.1.jar:?]
	at org.apache.hadoop.ipc.ProtobufRpcEngine2$Server$ProtoBufRpcInvoker.call(ProtobufRpcEngine2.java:552) [hadoop-common-3.3.1.jar:?]
	at org.apache.hadoop.ipc.RPC$Server.call(RPC.java:1093) [hadoop-common-3.3.1.jar:?]
	at org.apache.hadoop.ipc.Server$RpcCall.run(Server.java:1035) [hadoop-common-3.3.1.jar:?]
	at org.apache.hadoop.ipc.Server$RpcCall.run(Server.java:963) [hadoop-common-3.3.1.jar:?]
	at java.security.AccessController.doPrivileged(Native Method) ~[?:1.8.0_332]
	at javax.security.auth.Subject.doAs(Subject.java:422) [?:1.8.0_332]
	at org.apache.hadoop.security.UserGroupInformation.doAs(UserGroupInformation.java:1878) [hadoop-common-3.3.1.jar:?]
	at org.apache.hadoop.ipc.Server$Handler.run(Server.java:2966) [hadoop-common-3.3.1.jar:?]
17:31:08.018 [IPC Server handler 4 on default port 37325] ERROR OMAudit - user=runner | ip=127.0.0.1 | op=GET_FILE_STATUS {volume=volume27242, bucket=bucket61358, key=.Trash, dataSize=0, replicationConfig=null} | ret=FAILURE
org.apache.hadoop.ozone.om.exceptions.OMException: Unable to get file status: volume: volume27242 bucket: bucket61358 key: .Trash
	at org.apache.hadoop.ozone.om.KeyManagerImpl.getOzoneFileStatusFSO(KeyManagerImpl.java:1376) ~[ozone-manager-1.3.0-SNAPSHOT.jar:?]
	at org.apache.hadoop.ozone.om.KeyManagerImpl.getFileStatus(KeyManagerImpl.java:1239) ~[ozone-manager-1.3.0-SNAPSHOT.jar:?]
	at org.apache.hadoop.ozone.om.OzoneManager.getFileStatus(OzoneManager.java:3467) ~[ozone-manager-1.3.0-SNAPSHOT.jar:?]
	at org.apache.hadoop.ozone.protocolPB.OzoneManagerRequestHandler.getOzoneFileStatus(OzoneManagerRequestHandler.java:878) ~[ozone-manager-1.3.0-SNAPSHOT.jar:?]
	at org.apache.hadoop.ozone.protocolPB.OzoneManagerRequestHandler.handleReadRequest(OzoneManagerRequestHandler.java:224) ~[ozone-manager-1.3.0-SNAPSHOT.jar:?]
	at org.apache.hadoop.ozone.protocolPB.OzoneManagerProtocolServerSideTranslatorPB.submitReadRequestToOM(OzoneManagerProtocolServerSideTranslatorPB.java:226) ~[ozone-manager-1.3.0-SNAPSHOT.jar:?]
	at org.apache.hadoop.ozone.protocolPB.OzoneManagerProtocolServerSideTranslatorPB.processRequest(OzoneManagerProtocolServerSideTranslatorPB.java:175) ~[ozone-manager-1.3.0-SNAPSHOT.jar:?]
	at org.apache.hadoop.hdds.server.OzoneProtocolMessageDispatcher.processRequest(OzoneProtocolMessageDispatcher.java:87) [hdds-server-framework-1.3.0-SNAPSHOT.jar:?]
	at org.apache.hadoop.ozone.protocolPB.OzoneManagerProtocolServerSideTranslatorPB.submitRequest(OzoneManagerProtocolServerSideTranslatorPB.java:147) [ozone-manager-1.3.0-SNAPSHOT.jar:?]
	at org.apache.hadoop.ozone.protocol.proto.OzoneManagerProtocolProtos$OzoneManagerService$2.callBlockingMethod(OzoneManagerProtocolProtos.java) [ozone-interface-client-1.3.0-SNAPSHOT.jar:?]
	at org.apache.hadoop.ipc.ProtobufRpcEngine$Server.processCall(ProtobufRpcEngine.java:466) [hadoop-common-3.3.1.jar:?]
	at org.apache.hadoop.ipc.ProtobufRpcEngine2$Server$ProtoBufRpcInvoker.call(ProtobufRpcEngine2.java:574) [hadoop-common-3.3.1.jar:?]
	at org.apache.hadoop.ipc.ProtobufRpcEngine2$Server$ProtoBufRpcInvoker.call(ProtobufRpcEngine2.java:552) [hadoop-common-3.3.1.jar:?]
	at org.apache.hadoop.ipc.RPC$Server.call(RPC.java:1093) [hadoop-common-3.3.1.jar:?]
	at org.apache.hadoop.ipc.Server$RpcCall.run(Server.java:1035) [hadoop-common-3.3.1.jar:?]
	at org.apache.hadoop.ipc.Server$RpcCall.run(Server.java:963) [hadoop-common-3.3.1.jar:?]
	at java.security.AccessController.doPrivileged(Native Method) ~[?:1.8.0_332]
	at javax.security.auth.Subject.doAs(Subject.java:422) [?:1.8.0_332]
	at org.apache.hadoop.security.UserGroupInformation.doAs(UserGroupInformation.java:1878) [hadoop-common-3.3.1.jar:?]
	at org.apache.hadoop.ipc.Server$Handler.run(Server.java:2966) [hadoop-common-3.3.1.jar:?]
17:31:08.031 [IPC Server handler 8 on default port 37325] ERROR OMAudit - user=runner | ip=127.0.0.1 | op=GET_FILE_STATUS {volume=8c4c1062-169b-4c6c-b280-7dcb371950db, bucket=3cd3bff7-cca4-4cdd-ab52-4262769acc01, key=.Trash, dataSize=0, replicationConfig=null} | ret=FAILURE
org.apache.hadoop.ozone.om.exceptions.OMException: Unable to get file status: volume: 8c4c1062-169b-4c6c-b280-7dcb371950db bucket: 3cd3bff7-cca4-4cdd-ab52-4262769acc01 key: .Trash
	at org.apache.hadoop.ozone.om.KeyManagerImpl.getOzoneFileStatus(KeyManagerImpl.java:1311) ~[ozone-manager-1.3.0-SNAPSHOT.jar:?]
	at org.apache.hadoop.ozone.om.KeyManagerImpl.getFileStatus(KeyManagerImpl.java:1241) ~[ozone-manager-1.3.0-SNAPSHOT.jar:?]
	at org.apache.hadoop.ozone.om.OzoneManager.getFileStatus(OzoneManager.java:3467) ~[ozone-manager-1.3.0-SNAPSHOT.jar:?]
	at org.apache.hadoop.ozone.protocolPB.OzoneManagerRequestHandler.getOzoneFileStatus(OzoneManagerRequestHandler.java:878) ~[ozone-manager-1.3.0-SNAPSHOT.jar:?]
	at org.apache.hadoop.ozone.protocolPB.OzoneManagerRequestHandler.handleReadRequest(OzoneManagerRequestHandler.java:224) ~[ozone-manager-1.3.0-SNAPSHOT.jar:?]
	at org.apache.hadoop.ozone.protocolPB.OzoneManagerProtocolServerSideTranslatorPB.submitReadRequestToOM(OzoneManagerProtocolServerSideTranslatorPB.java:226) ~[ozone-manager-1.3.0-SNAPSHOT.jar:?]
	at org.apache.hadoop.ozone.protocolPB.OzoneManagerProtocolServerSideTranslatorPB.processRequest(OzoneManagerProtocolServerSideTranslatorPB.java:175) ~[ozone-manager-1.3.0-SNAPSHOT.jar:?]
	at org.apache.hadoop.hdds.server.OzoneProtocolMessageDispatcher.processRequest(OzoneProtocolMessageDispatcher.java:87) [hdds-server-framework-1.3.0-SNAPSHOT.jar:?]
	at org.apache.hadoop.ozone.protocolPB.OzoneManagerProtocolServerSideTranslatorPB.submitRequest(OzoneManagerProtocolServerSideTranslatorPB.java:147) [ozone-manager-1.3.0-SNAPSHOT.jar:?]
	at org.apache.hadoop.ozone.protocol.proto.OzoneManagerProtocolProtos$OzoneManagerService$2.callBlockingMethod(OzoneManagerProtocolProtos.java) [ozone-interface-client-1.3.0-SNAPSHOT.jar:?]
	at org.apache.hadoop.ipc.ProtobufRpcEngine$Server.processCall(ProtobufRpcEngine.java:466) [hadoop-common-3.3.1.jar:?]
	at org.apache.hadoop.ipc.ProtobufRpcEngine2$Server$ProtoBufRpcInvoker.call(ProtobufRpcEngine2.java:574) [hadoop-common-3.3.1.jar:?]
	at org.apache.hadoop.ipc.ProtobufRpcEngine2$Server$ProtoBufRpcInvoker.call(ProtobufRpcEngine2.java:552) [hadoop-common-3.3.1.jar:?]
	at org.apache.hadoop.ipc.RPC$Server.call(RPC.java:1093) [hadoop-common-3.3.1.jar:?]
	at org.apache.hadoop.ipc.Server$RpcCall.run(Server.java:1035) [hadoop-common-3.3.1.jar:?]
	at org.apache.hadoop.ipc.Server$RpcCall.run(Server.java:963) [hadoop-common-3.3.1.jar:?]
	at java.security.AccessController.doPrivileged(Native Method) ~[?:1.8.0_332]
	at javax.security.auth.Subject.doAs(Subject.java:422) [?:1.8.0_332]
	at org.apache.hadoop.security.UserGroupInformation.doAs(UserGroupInformation.java:1878) [hadoop-common-3.3.1.jar:?]
	at org.apache.hadoop.ipc.Server$Handler.run(Server.java:2966) [hadoop-common-3.3.1.jar:?]
17:31:08.053 [IPC Server handler 0 on default port 37325] ERROR OMAudit - user=runner | ip=127.0.0.1 | op=GET_FILE_STATUS {volume=8c4c1062-169b-4c6c-b280-7dcb371950db, bucket=3cd3bff7-cca4-4cdd-ab52-4262769acc01, key=.Trash, dataSize=0, replicationConfig=null} | ret=FAILURE
org.apache.hadoop.ozone.om.exceptions.OMException: Unable to get file status: volume: 8c4c1062-169b-4c6c-b280-7dcb371950db bucket: 3cd3bff7-cca4-4cdd-ab52-4262769acc01 key: .Trash
	at org.apache.hadoop.ozone.om.KeyManagerImpl.getOzoneFileStatus(KeyManagerImpl.java:1311) ~[ozone-manager-1.3.0-SNAPSHOT.jar:?]
	at org.apache.hadoop.ozone.om.KeyManagerImpl.getFileStatus(KeyManagerImpl.java:1241) ~[ozone-manager-1.3.0-SNAPSHOT.jar:?]
	at org.apache.hadoop.ozone.om.OzoneManager.getFileStatus(OzoneManager.java:3467) ~[ozone-manager-1.3.0-SNAPSHOT.jar:?]
	at org.apache.hadoop.ozone.protocolPB.OzoneManagerRequestHandler.getOzoneFileStatus(OzoneManagerRequestHandler.java:878) ~[ozone-manager-1.3.0-SNAPSHOT.jar:?]
	at org.apache.hadoop.ozone.protocolPB.OzoneManagerRequestHandler.handleReadRequest(OzoneManagerRequestHandler.java:224) ~[ozone-manager-1.3.0-SNAPSHOT.jar:?]
	at org.apache.hadoop.ozone.protocolPB.OzoneManagerProtocolServerSideTranslatorPB.submitReadRequestToOM(OzoneManagerProtocolServerSideTranslatorPB.java:226) ~[ozone-manager-1.3.0-SNAPSHOT.jar:?]
	at org.apache.hadoop.ozone.protocolPB.OzoneManagerProtocolServerSideTranslatorPB.processRequest(OzoneManagerProtocolServerSideTranslatorPB.java:175) ~[ozone-manager-1.3.0-SNAPSHOT.jar:?]
	at org.apache.hadoop.hdds.server.OzoneProtocolMessageDispatcher.processRequest(OzoneProtocolMessageDispatcher.java:87) [hdds-server-framework-1.3.0-SNAPSHOT.jar:?]
	at org.apache.hadoop.ozone.protocolPB.OzoneManagerProtocolServerSideTranslatorPB.submitRequest(OzoneManagerProtocolServerSideTranslatorPB.java:147) [ozone-manager-1.3.0-SNAPSHOT.jar:?]
	at org.apache.hadoop.ozone.protocol.proto.OzoneManagerProtocolProtos$OzoneManagerService$2.callBlockingMethod(OzoneManagerProtocolProtos.java) [ozone-interface-client-1.3.0-SNAPSHOT.jar:?]
	at org.apache.hadoop.ipc.ProtobufRpcEngine$Server.processCall(ProtobufRpcEngine.java:466) [hadoop-common-3.3.1.jar:?]
	at org.apache.hadoop.ipc.ProtobufRpcEngine2$Server$ProtoBufRpcInvoker.call(ProtobufRpcEngine2.java:574) [hadoop-common-3.3.1.jar:?]
	at org.apache.hadoop.ipc.ProtobufRpcEngine2$Server$ProtoBufRpcInvoker.call(ProtobufRpcEngine2.java:552) [hadoop-common-3.3.1.jar:?]
	at org.apache.hadoop.ipc.RPC$Server.call(RPC.java:1093) [hadoop-common-3.3.1.jar:?]
	at org.apache.hadoop.ipc.Server$RpcCall.run(Server.java:1035) [hadoop-common-3.3.1.jar:?]
	at org.apache.hadoop.ipc.Server$RpcCall.run(Server.java:963) [hadoop-common-3.3.1.jar:?]
	at java.security.AccessController.doPrivileged(Native Method) ~[?:1.8.0_332]
	at javax.security.auth.Subject.doAs(Subject.java:422) [?:1.8.0_332]
	at org.apache.hadoop.security.UserGroupInformation.doAs(UserGroupInformation.java:1878) [hadoop-common-3.3.1.jar:?]
	at org.apache.hadoop.ipc.Server$Handler.run(Server.java:2966) [hadoop-common-3.3.1.jar:?]
2022-08-08 17:31:08,063 [Time-limited test] INFO  rpc.RpcClient (RpcClient.java:createBucket(671)) - Creating Bucket: volume27242/trashroottest2, with bucket layout FILE_SYSTEM_OPTIMIZED, runner as owner, Versioning false, Storage Type set to DISK and Encryption set to false 
2022-08-08 17:31:08,065 [OM StateMachine ApplyTransaction Thread - 0] INFO  bucket.OMBucketCreateRequest (OMBucketCreateRequest.java:validateAndUpdateCache(260)) - created bucket: trashroottest2 of layout FILE_SYSTEM_OPTIMIZED in volume: volume27242
17:31:08.148 [IPC Server handler 14 on default port 37325] ERROR OMAudit - user=runner | ip=127.0.0.1 | op=GET_FILE_STATUS {volume=8c4c1062-169b-4c6c-b280-7dcb371950db, bucket=3cd3bff7-cca4-4cdd-ab52-4262769acc01, key=.Trash, dataSize=0, replicationConfig=null} | ret=FAILURE
org.apache.hadoop.ozone.om.exceptions.OMException: Unable to get file status: volume: 8c4c1062-169b-4c6c-b280-7dcb371950db bucket: 3cd3bff7-cca4-4cdd-ab52-4262769acc01 key: .Trash
	at org.apache.hadoop.ozone.om.KeyManagerImpl.getOzoneFileStatus(KeyManagerImpl.java:1311) ~[ozone-manager-1.3.0-SNAPSHOT.jar:?]
	at org.apache.hadoop.ozone.om.KeyManagerImpl.getFileStatus(KeyManagerImpl.java:1241) ~[ozone-manager-1.3.0-SNAPSHOT.jar:?]
	at org.apache.hadoop.ozone.om.OzoneManager.getFileStatus(OzoneManager.java:3467) ~[ozone-manager-1.3.0-SNAPSHOT.jar:?]
	at org.apache.hadoop.ozone.protocolPB.OzoneManagerRequestHandler.getOzoneFileStatus(OzoneManagerRequestHandler.java:878) ~[ozone-manager-1.3.0-SNAPSHOT.jar:?]
	at org.apache.hadoop.ozone.protocolPB.OzoneManagerRequestHandler.handleReadRequest(OzoneManagerRequestHandler.java:224) ~[ozone-manager-1.3.0-SNAPSHOT.jar:?]
	at org.apache.hadoop.ozone.protocolPB.OzoneManagerProtocolServerSideTranslatorPB.submitReadRequestToOM(OzoneManagerProtocolServerSideTranslatorPB.java:226) ~[ozone-manager-1.3.0-SNAPSHOT.jar:?]
	at org.apache.hadoop.ozone.protocolPB.OzoneManagerProtocolServerSideTranslatorPB.processRequest(OzoneManagerProtocolServerSideTranslatorPB.java:175) ~[ozone-manager-1.3.0-SNAPSHOT.jar:?]
	at org.apache.hadoop.hdds.server.OzoneProtocolMessageDispatcher.processRequest(OzoneProtocolMessageDispatcher.java:87) [hdds-server-framework-1.3.0-SNAPSHOT.jar:?]
	at org.apache.hadoop.ozone.protocolPB.OzoneManagerProtocolServerSideTranslatorPB.submitRequest(OzoneManagerProtocolServerSideTranslatorPB.java:147) [ozone-manager-1.3.0-SNAPSHOT.jar:?]
	at org.apache.hadoop.ozone.protocol.proto.OzoneManagerProtocolProtos$OzoneManagerService$2.callBlockingMethod(OzoneManagerProtocolProtos.java) [ozone-interface-client-1.3.0-SNAPSHOT.jar:?]
	at org.apache.hadoop.ipc.ProtobufRpcEngine$Server.processCall(ProtobufRpcEngine.java:466) [hadoop-common-3.3.1.jar:?]
	at org.apache.hadoop.ipc.ProtobufRpcEngine2$Server$ProtoBufRpcInvoker.call(ProtobufRpcEngine2.java:574) [hadoop-common-3.3.1.jar:?]
	at org.apache.hadoop.ipc.ProtobufRpcEngine2$Server$ProtoBufRpcInvoker.call(ProtobufRpcEngine2.java:552) [hadoop-common-3.3.1.jar:?]
	at org.apache.hadoop.ipc.RPC$Server.call(RPC.java:1093) [hadoop-common-3.3.1.jar:?]
	at org.apache.hadoop.ipc.Server$RpcCall.run(Server.java:1035) [hadoop-common-3.3.1.jar:?]
	at org.apache.hadoop.ipc.Server$RpcCall.run(Server.java:963) [hadoop-common-3.3.1.jar:?]
	at java.security.AccessController.doPrivileged(Native Method) ~[?:1.8.0_332]
	at javax.security.auth.Subject.doAs(Subject.java:422) [?:1.8.0_332]
	at org.apache.hadoop.security.UserGroupInformation.doAs(UserGroupInformation.java:1878) [hadoop-common-3.3.1.jar:?]
	at org.apache.hadoop.ipc.Server$Handler.run(Server.java:2966) [hadoop-common-3.3.1.jar:?]
17:31:08.182 [IPC Server handler 1 on default port 37325] ERROR OMAudit - user=runner | ip=127.0.0.1 | op=GET_FILE_STATUS {volume=8c4c1062-169b-4c6c-b280-7dcb371950db, bucket=3cd3bff7-cca4-4cdd-ab52-4262769acc01, key=.Trash, dataSize=0, replicationConfig=null} | ret=FAILURE
org.apache.hadoop.ozone.om.exceptions.OMException: Unable to get file status: volume: 8c4c1062-169b-4c6c-b280-7dcb371950db bucket: 3cd3bff7-cca4-4cdd-ab52-4262769acc01 key: .Trash
	at org.apache.hadoop.ozone.om.KeyManagerImpl.getOzoneFileStatus(KeyManagerImpl.java:1311) ~[ozone-manager-1.3.0-SNAPSHOT.jar:?]
	at org.apache.hadoop.ozone.om.KeyManagerImpl.getFileStatus(KeyManagerImpl.java:1241) ~[ozone-manager-1.3.0-SNAPSHOT.jar:?]
	at org.apache.hadoop.ozone.om.OzoneManager.getFileStatus(OzoneManager.java:3467) ~[ozone-manager-1.3.0-SNAPSHOT.jar:?]
	at org.apache.hadoop.ozone.protocolPB.OzoneManagerRequestHandler.getOzoneFileStatus(OzoneManagerRequestHandler.java:878) ~[ozone-manager-1.3.0-SNAPSHOT.jar:?]
	at org.apache.hadoop.ozone.protocolPB.OzoneManagerRequestHandler.handleReadRequest(OzoneManagerRequestHandler.java:224) ~[ozone-manager-1.3.0-SNAPSHOT.jar:?]
	at org.apache.hadoop.ozone.protocolPB.OzoneManagerProtocolServerSideTranslatorPB.submitReadRequestToOM(OzoneManagerProtocolServerSideTranslatorPB.java:226) ~[ozone-manager-1.3.0-SNAPSHOT.jar:?]
	at org.apache.hadoop.ozone.protocolPB.OzoneManagerProtocolServerSideTranslatorPB.processRequest(OzoneManagerProtocolServerSideTranslatorPB.java:175) ~[ozone-manager-1.3.0-SNAPSHOT.jar:?]
	at org.apache.hadoop.hdds.server.OzoneProtocolMessageDispatcher.processRequest(OzoneProtocolMessageDispatcher.java:87) [hdds-server-framework-1.3.0-SNAPSHOT.jar:?]
	at org.apache.hadoop.ozone.protocolPB.OzoneManagerProtocolServerSideTranslatorPB.submitRequest(OzoneManagerProtocolServerSideTranslatorPB.java:147) [ozone-manager-1.3.0-SNAPSHOT.jar:?]
	at org.apache.hadoop.ozone.protocol.proto.OzoneManagerProtocolProtos$OzoneManagerService$2.callBlockingMethod(OzoneManagerProtocolProtos.java) [ozone-interface-client-1.3.0-SNAPSHOT.jar:?]
	at org.apache.hadoop.ipc.ProtobufRpcEngine$Server.processCall(ProtobufRpcEngine.java:466) [hadoop-common-3.3.1.jar:?]
	at org.apache.hadoop.ipc.ProtobufRpcEngine2$Server$ProtoBufRpcInvoker.call(ProtobufRpcEngine2.java:574) [hadoop-common-3.3.1.jar:?]
	at org.apache.hadoop.ipc.ProtobufRpcEngine2$Server$ProtoBufRpcInvoker.call(ProtobufRpcEngine2.java:552) [hadoop-common-3.3.1.jar:?]
	at org.apache.hadoop.ipc.RPC$Server.call(RPC.java:1093) [hadoop-common-3.3.1.jar:?]
	at org.apache.hadoop.ipc.Server$RpcCall.run(Server.java:1035) [hadoop-common-3.3.1.jar:?]
	at org.apache.hadoop.ipc.Server$RpcCall.run(Server.java:963) [hadoop-common-3.3.1.jar:?]
	at java.security.AccessController.doPrivileged(Native Method) ~[?:1.8.0_332]
	at javax.security.auth.Subject.doAs(Subject.java:422) [?:1.8.0_332]
	at org.apache.hadoop.security.UserGroupInformation.doAs(UserGroupInformation.java:1878) [hadoop-common-3.3.1.jar:?]
	at org.apache.hadoop.ipc.Server$Handler.run(Server.java:2966) [hadoop-common-3.3.1.jar:?]
2022-08-08 17:31:08,215 [Time-limited test] INFO  rpc.RpcClient (RpcClient.java:createVolume(468)) - Creating Volume: volume85873, with user91950 as owner and space quota set to -1 bytes, counts quota set to -1
2022-08-08 17:31:08,217 [OM StateMachine ApplyTransaction Thread - 0] INFO  volume.OMVolumeCreateRequest (OMVolumeCreateRequest.java:validateAndUpdateCache(195)) - created volume:volume85873 for user:user91950
2022-08-08 17:31:08,219 [Time-limited test] INFO  rpc.RpcClient (RpcClient.java:createBucket(671)) - Creating Bucket: volume85873/bucket46199, with bucket layout FILE_SYSTEM_OPTIMIZED, runner as owner, Versioning false, Storage Type set to DISK and Encryption set to false 
2022-08-08 17:31:08,220 [OM StateMachine ApplyTransaction Thread - 0] INFO  bucket.OMBucketCreateRequest (OMBucketCreateRequest.java:validateAndUpdateCache(260)) - created bucket: bucket46199 of layout FILE_SYSTEM_OPTIMIZED in volume: volume85873
17:31:08.243 [IPC Server handler 13 on default port 37325] ERROR OMAudit - user=runner | ip=127.0.0.1 | op=GET_FILE_STATUS {volume=8c4c1062-169b-4c6c-b280-7dcb371950db, bucket=3cd3bff7-cca4-4cdd-ab52-4262769acc01, key=.Trash, dataSize=0, replicationConfig=null} | ret=FAILURE
org.apache.hadoop.ozone.om.exceptions.OMException: Unable to get file status: volume: 8c4c1062-169b-4c6c-b280-7dcb371950db bucket: 3cd3bff7-cca4-4cdd-ab52-4262769acc01 key: .Trash
	at org.apache.hadoop.ozone.om.KeyManagerImpl.getOzoneFileStatus(KeyManagerImpl.java:1311) ~[ozone-manager-1.3.0-SNAPSHOT.jar:?]
	at org.apache.hadoop.ozone.om.KeyManagerImpl.getFileStatus(KeyManagerImpl.java:1241) ~[ozone-manager-1.3.0-SNAPSHOT.jar:?]
	at org.apache.hadoop.ozone.om.OzoneManager.getFileStatus(OzoneManager.java:3467) ~[ozone-manager-1.3.0-SNAPSHOT.jar:?]
	at org.apache.hadoop.ozone.protocolPB.OzoneManagerRequestHandler.getOzoneFileStatus(OzoneManagerRequestHandler.java:878) ~[ozone-manager-1.3.0-SNAPSHOT.jar:?]
	at org.apache.hadoop.ozone.protocolPB.OzoneManagerRequestHandler.handleReadRequest(OzoneManagerRequestHandler.java:224) ~[ozone-manager-1.3.0-SNAPSHOT.jar:?]
	at org.apache.hadoop.ozone.protocolPB.OzoneManagerProtocolServerSideTranslatorPB.submitReadRequestToOM(OzoneManagerProtocolServerSideTranslatorPB.java:226) ~[ozone-manager-1.3.0-SNAPSHOT.jar:?]
	at org.apache.hadoop.ozone.protocolPB.OzoneManagerProtocolServerSideTranslatorPB.processRequest(OzoneManagerProtocolServerSideTranslatorPB.java:175) ~[ozone-manager-1.3.0-SNAPSHOT.jar:?]
	at org.apache.hadoop.hdds.server.OzoneProtocolMessageDispatcher.processRequest(OzoneProtocolMessageDispatcher.java:87) [hdds-server-framework-1.3.0-SNAPSHOT.jar:?]
	at org.apache.hadoop.ozone.protocolPB.OzoneManagerProtocolServerSideTranslatorPB.submitRequest(OzoneManagerProtocolServerSideTranslatorPB.java:147) [ozone-manager-1.3.0-SNAPSHOT.jar:?]
	at org.apache.hadoop.ozone.protocol.proto.OzoneManagerProtocolProtos$OzoneManagerService$2.callBlockingMethod(OzoneManagerProtocolProtos.java) [ozone-interface-client-1.3.0-SNAPSHOT.jar:?]
	at org.apache.hadoop.ipc.ProtobufRpcEngine$Server.processCall(ProtobufRpcEngine.java:466) [hadoop-common-3.3.1.jar:?]
	at org.apache.hadoop.ipc.ProtobufRpcEngine2$Server$ProtoBufRpcInvoker.call(ProtobufRpcEngine2.java:574) [hadoop-common-3.3.1.jar:?]
	at org.apache.hadoop.ipc.ProtobufRpcEngine2$Server$ProtoBufRpcInvoker.call(ProtobufRpcEngine2.java:552) [hadoop-common-3.3.1.jar:?]
	at org.apache.hadoop.ipc.RPC$Server.call(RPC.java:1093) [hadoop-common-3.3.1.jar:?]
	at org.apache.hadoop.ipc.Server$RpcCall.run(Server.java:1035) [hadoop-common-3.3.1.jar:?]
	at org.apache.hadoop.ipc.Server$RpcCall.run(Server.java:963) [hadoop-common-3.3.1.jar:?]
	at java.security.AccessController.doPrivileged(Native Method) ~[?:1.8.0_332]
	at javax.security.auth.Subject.doAs(Subject.java:422) [?:1.8.0_332]
	at org.apache.hadoop.security.UserGroupInformation.doAs(UserGroupInformation.java:1878) [hadoop-common-3.3.1.jar:?]
	at org.apache.hadoop.ipc.Server$Handler.run(Server.java:2966) [hadoop-common-3.3.1.jar:?]
2022-08-08 17:31:08,243 [f64dc5e8-62f3-4def-b87e-a162ae32d3b9@group-32AFE4578994-FollowerState] INFO  impl.FollowerState (FollowerState.java:run(143)) - f64dc5e8-62f3-4def-b87e-a162ae32d3b9@group-32AFE4578994-FollowerState: change to CANDIDATE, lastRpcElapsedTime:5031433432ns, electionTimeout:5020ms
2022-08-08 17:31:08,243 [f64dc5e8-62f3-4def-b87e-a162ae32d3b9@group-32AFE4578994-FollowerState] INFO  impl.RoleInfo (RoleInfo.java:shutdownFollowerState(110)) - f64dc5e8-62f3-4def-b87e-a162ae32d3b9: shutdown f64dc5e8-62f3-4def-b87e-a162ae32d3b9@group-32AFE4578994-FollowerState
2022-08-08 17:31:08,243 [f64dc5e8-62f3-4def-b87e-a162ae32d3b9@group-32AFE4578994-FollowerState] INFO  server.RaftServer$Division (RaftServerImpl.java:setRole(299)) - f64dc5e8-62f3-4def-b87e-a162ae32d3b9@group-32AFE4578994: changes role from  FOLLOWER to CANDIDATE at term 4 for changeToCandidate
2022-08-08 17:31:08,244 [f64dc5e8-62f3-4def-b87e-a162ae32d3b9@group-32AFE4578994-FollowerState] INFO  server.RaftServerConfigKeys (ConfUtils.java:logGet(46)) - raft.server.leaderelection.pre-vote = false (custom)
2022-08-08 17:31:08,244 [f64dc5e8-62f3-4def-b87e-a162ae32d3b9@group-32AFE4578994-FollowerState] INFO  impl.RoleInfo (RoleInfo.java:updateAndGet(139)) - f64dc5e8-62f3-4def-b87e-a162ae32d3b9: start f64dc5e8-62f3-4def-b87e-a162ae32d3b9@group-32AFE4578994-LeaderElection14
2022-08-08 17:31:08,251 [f64dc5e8-62f3-4def-b87e-a162ae32d3b9@group-32AFE4578994-LeaderElection14] INFO  impl.LeaderElection (LeaderElection.java:askForVotes(310)) - f64dc5e8-62f3-4def-b87e-a162ae32d3b9@group-32AFE4578994-LeaderElection14 ELECTION round 0: submit vote requests at term 5 for -1: [02b59665-40e6-4f54-a95c-0606f78ec7ff|rpc:10.1.0.4:36877|priority:1, f64dc5e8-62f3-4def-b87e-a162ae32d3b9|rpc:10.1.0.4:38901|priority:0, f220fda6-a22f-4438-8ee2-dd02585921dd|rpc:10.1.0.4:37777|priority:0], old=null
2022-08-08 17:31:08,263 [grpc-default-executor-2] INFO  server.RaftServer$Division (RaftServerImpl.java:requestVote(1152)) - 02b59665-40e6-4f54-a95c-0606f78ec7ff@group-32AFE4578994: receive requestVote(ELECTION, f64dc5e8-62f3-4def-b87e-a162ae32d3b9, group-32AFE4578994, 5, (t:0, i:0))
2022-08-08 17:31:08,263 [grpc-default-executor-2] INFO  impl.VoteContext (VoteContext.java:log(48)) - 02b59665-40e6-4f54-a95c-0606f78ec7ff@group-32AFE4578994-FOLLOWER: reject ELECTION from f64dc5e8-62f3-4def-b87e-a162ae32d3b9: our priority 1 > candidate's priority 0
2022-08-08 17:31:08,263 [grpc-default-executor-2] INFO  server.RaftServer$Division (RaftServerImpl.java:setRole(299)) - 02b59665-40e6-4f54-a95c-0606f78ec7ff@group-32AFE4578994: changes role from  FOLLOWER to FOLLOWER at term 5 for candidate:f64dc5e8-62f3-4def-b87e-a162ae32d3b9
2022-08-08 17:31:08,263 [grpc-default-executor-2] INFO  impl.RoleInfo (RoleInfo.java:shutdownFollowerState(110)) - 02b59665-40e6-4f54-a95c-0606f78ec7ff: shutdown 02b59665-40e6-4f54-a95c-0606f78ec7ff@group-32AFE4578994-FollowerState
2022-08-08 17:31:08,263 [grpc-default-executor-2] INFO  impl.RoleInfo (RoleInfo.java:updateAndGet(139)) - 02b59665-40e6-4f54-a95c-0606f78ec7ff: start 02b59665-40e6-4f54-a95c-0606f78ec7ff@group-32AFE4578994-FollowerState
2022-08-08 17:31:08,264 [02b59665-40e6-4f54-a95c-0606f78ec7ff@group-32AFE4578994-FollowerState] INFO  impl.FollowerState (FollowerState.java:run(152)) - 02b59665-40e6-4f54-a95c-0606f78ec7ff@group-32AFE4578994-FollowerState was interrupted
2022-08-08 17:31:08,267 [grpc-default-executor-2] INFO  server.RaftServer$Division (RaftServerImpl.java:requestVote(1184)) - 02b59665-40e6-4f54-a95c-0606f78ec7ff@group-32AFE4578994 replies to ELECTION vote request: f64dc5e8-62f3-4def-b87e-a162ae32d3b9<-02b59665-40e6-4f54-a95c-0606f78ec7ff#0:FAIL-t5. Peer's state: 02b59665-40e6-4f54-a95c-0606f78ec7ff@group-32AFE4578994:t5, leader=null, voted=null, raftlog=02b59665-40e6-4f54-a95c-0606f78ec7ff@group-32AFE4578994-SegmentedRaftLog:OPENED:c-1, conf=-1: [02b59665-40e6-4f54-a95c-0606f78ec7ff|rpc:10.1.0.4:36877|priority:1, f64dc5e8-62f3-4def-b87e-a162ae32d3b9|rpc:10.1.0.4:38901|priority:0, f220fda6-a22f-4438-8ee2-dd02585921dd|rpc:10.1.0.4:37777|priority:0], old=null
2022-08-08 17:31:08,270 [f64dc5e8-62f3-4def-b87e-a162ae32d3b9@group-32AFE4578994-LeaderElection14] INFO  impl.LeaderElection (LeaderElection.java:logAndReturn(90)) - f64dc5e8-62f3-4def-b87e-a162ae32d3b9@group-32AFE4578994-LeaderElection14: ELECTION REJECTED received 1 response(s) and 0 exception(s):
2022-08-08 17:31:08,271 [grpc-default-executor-2] INFO  server.RaftServer$Division (RaftServerImpl.java:requestVote(1152)) - f220fda6-a22f-4438-8ee2-dd02585921dd@group-32AFE4578994: receive requestVote(ELECTION, f64dc5e8-62f3-4def-b87e-a162ae32d3b9, group-32AFE4578994, 5, (t:0, i:0))
2022-08-08 17:31:08,271 [grpc-default-executor-2] INFO  impl.VoteContext (VoteContext.java:log(48)) - f220fda6-a22f-4438-8ee2-dd02585921dd@group-32AFE4578994-FOLLOWER: accept ELECTION from f64dc5e8-62f3-4def-b87e-a162ae32d3b9: our priority 0 <= candidate's priority 0
2022-08-08 17:31:08,271 [grpc-default-executor-2] INFO  server.RaftServer$Division (RaftServerImpl.java:setRole(299)) - f220fda6-a22f-4438-8ee2-dd02585921dd@group-32AFE4578994: changes role from  FOLLOWER to FOLLOWER at term 5 for candidate:f64dc5e8-62f3-4def-b87e-a162ae32d3b9
2022-08-08 17:31:08,271 [grpc-default-executor-2] INFO  impl.RoleInfo (RoleInfo.java:shutdownFollowerState(110)) - f220fda6-a22f-4438-8ee2-dd02585921dd: shutdown f220fda6-a22f-4438-8ee2-dd02585921dd@group-32AFE4578994-FollowerState
2022-08-08 17:31:08,271 [grpc-default-executor-2] INFO  impl.RoleInfo (RoleInfo.java:updateAndGet(139)) - f220fda6-a22f-4438-8ee2-dd02585921dd: start f220fda6-a22f-4438-8ee2-dd02585921dd@group-32AFE4578994-FollowerState
2022-08-08 17:31:08,272 [f220fda6-a22f-4438-8ee2-dd02585921dd@group-32AFE4578994-FollowerState] INFO  impl.FollowerState (FollowerState.java:run(152)) - f220fda6-a22f-4438-8ee2-dd02585921dd@group-32AFE4578994-FollowerState was interrupted
2022-08-08 17:31:08,272 [f64dc5e8-62f3-4def-b87e-a162ae32d3b9@group-32AFE4578994-LeaderElection14] INFO  impl.LeaderElection (LeaderElection.java:logAndReturn(94)) -   Response 0: f64dc5e8-62f3-4def-b87e-a162ae32d3b9<-02b59665-40e6-4f54-a95c-0606f78ec7ff#0:FAIL-t5
2022-08-08 17:31:08,272 [f64dc5e8-62f3-4def-b87e-a162ae32d3b9@group-32AFE4578994-LeaderElection14] INFO  impl.LeaderElection (LeaderElection.java:askForVotes(312)) - f64dc5e8-62f3-4def-b87e-a162ae32d3b9@group-32AFE4578994-LeaderElection14 ELECTION round 0: result REJECTED
2022-08-08 17:31:08,272 [f64dc5e8-62f3-4def-b87e-a162ae32d3b9@group-32AFE4578994-LeaderElection14] INFO  server.RaftServer$Division (RaftServerImpl.java:setRole(299)) - f64dc5e8-62f3-4def-b87e-a162ae32d3b9@group-32AFE4578994: changes role from CANDIDATE to FOLLOWER at term 5 for REJECTED
2022-08-08 17:31:08,272 [f64dc5e8-62f3-4def-b87e-a162ae32d3b9@group-32AFE4578994-LeaderElection14] INFO  impl.RoleInfo (RoleInfo.java:shutdownLeaderElection(130)) - f64dc5e8-62f3-4def-b87e-a162ae32d3b9: shutdown f64dc5e8-62f3-4def-b87e-a162ae32d3b9@group-32AFE4578994-LeaderElection14
2022-08-08 17:31:08,275 [f64dc5e8-62f3-4def-b87e-a162ae32d3b9@group-32AFE4578994-LeaderElection14] INFO  impl.RoleInfo (RoleInfo.java:updateAndGet(139)) - f64dc5e8-62f3-4def-b87e-a162ae32d3b9: start f64dc5e8-62f3-4def-b87e-a162ae32d3b9@group-32AFE4578994-FollowerState
2022-08-08 17:31:08,285 [grpc-default-executor-2] INFO  server.RaftServer$Division (RaftServerImpl.java:requestVote(1184)) - f220fda6-a22f-4438-8ee2-dd02585921dd@group-32AFE4578994 replies to ELECTION vote request: f64dc5e8-62f3-4def-b87e-a162ae32d3b9<-f220fda6-a22f-4438-8ee2-dd02585921dd#0:OK-t5. Peer's state: f220fda6-a22f-4438-8ee2-dd02585921dd@group-32AFE4578994:t5, leader=null, voted=f64dc5e8-62f3-4def-b87e-a162ae32d3b9, raftlog=f220fda6-a22f-4438-8ee2-dd02585921dd@group-32AFE4578994-SegmentedRaftLog:OPENED:c-1, conf=-1: [02b59665-40e6-4f54-a95c-0606f78ec7ff|rpc:10.1.0.4:36877|dataStream:|priority:1, f64dc5e8-62f3-4def-b87e-a162ae32d3b9|rpc:10.1.0.4:38901|dataStream:|priority:0, f220fda6-a22f-4438-8ee2-dd02585921dd|rpc:10.1.0.4:37777|dataStream:|priority:0], old=null
17:31:08.321 [IPC Server handler 18 on default port 37325] ERROR OMAudit - user=runner | ip=127.0.0.1 | op=GET_FILE_STATUS {volume=8c4c1062-169b-4c6c-b280-7dcb371950db, bucket=3cd3bff7-cca4-4cdd-ab52-4262769acc01, key=.Trash, dataSize=0, replicationConfig=null} | ret=FAILURE
org.apache.hadoop.ozone.om.exceptions.OMException: Unable to get file status: volume: 8c4c1062-169b-4c6c-b280-7dcb371950db bucket: 3cd3bff7-cca4-4cdd-ab52-4262769acc01 key: .Trash
	at org.apache.hadoop.ozone.om.KeyManagerImpl.getOzoneFileStatus(KeyManagerImpl.java:1311) ~[ozone-manager-1.3.0-SNAPSHOT.jar:?]
	at org.apache.hadoop.ozone.om.KeyManagerImpl.getFileStatus(KeyManagerImpl.java:1241) ~[ozone-manager-1.3.0-SNAPSHOT.jar:?]
	at org.apache.hadoop.ozone.om.OzoneManager.getFileStatus(OzoneManager.java:3467) ~[ozone-manager-1.3.0-SNAPSHOT.jar:?]
	at org.apache.hadoop.ozone.protocolPB.OzoneManagerRequestHandler.getOzoneFileStatus(OzoneManagerRequestHandler.java:878) ~[ozone-manager-1.3.0-SNAPSHOT.jar:?]
	at org.apache.hadoop.ozone.protocolPB.OzoneManagerRequestHandler.handleReadRequest(OzoneManagerRequestHandler.java:224) ~[ozone-manager-1.3.0-SNAPSHOT.jar:?]
	at org.apache.hadoop.ozone.protocolPB.OzoneManagerProtocolServerSideTranslatorPB.submitReadRequestToOM(OzoneManagerProtocolServerSideTranslatorPB.java:226) ~[ozone-manager-1.3.0-SNAPSHOT.jar:?]
	at org.apache.hadoop.ozone.protocolPB.OzoneManagerProtocolServerSideTranslatorPB.processRequest(OzoneManagerProtocolServerSideTranslatorPB.java:175) ~[ozone-manager-1.3.0-SNAPSHOT.jar:?]
	at org.apache.hadoop.hdds.server.OzoneProtocolMessageDispatcher.processRequest(OzoneProtocolMessageDispatcher.java:87) [hdds-server-framework-1.3.0-SNAPSHOT.jar:?]
	at org.apache.hadoop.ozone.protocolPB.OzoneManagerProtocolServerSideTranslatorPB.submitRequest(OzoneManagerProtocolServerSideTranslatorPB.java:147) [ozone-manager-1.3.0-SNAPSHOT.jar:?]
	at org.apache.hadoop.ozone.protocol.proto.OzoneManagerProtocolProtos$OzoneManagerService$2.callBlockingMethod(OzoneManagerProtocolProtos.java) [ozone-interface-client-1.3.0-SNAPSHOT.jar:?]
	at org.apache.hadoop.ipc.ProtobufRpcEngine$Server.processCall(ProtobufRpcEngine.java:466) [hadoop-common-3.3.1.jar:?]
	at org.apache.hadoop.ipc.ProtobufRpcEngine2$Server$ProtoBufRpcInvoker.call(ProtobufRpcEngine2.java:574) [hadoop-common-3.3.1.jar:?]
	at org.apache.hadoop.ipc.ProtobufRpcEngine2$Server$ProtoBufRpcInvoker.call(ProtobufRpcEngine2.java:552) [hadoop-common-3.3.1.jar:?]
	at org.apache.hadoop.ipc.RPC$Server.call(RPC.java:1093) [hadoop-common-3.3.1.jar:?]
	at org.apache.hadoop.ipc.Server$RpcCall.run(Server.java:1035) [hadoop-common-3.3.1.jar:?]
	at org.apache.hadoop.ipc.Server$RpcCall.run(Server.java:963) [hadoop-common-3.3.1.jar:?]
	at java.security.AccessController.doPrivileged(Native Method) ~[?:1.8.0_332]
	at javax.security.auth.Subject.doAs(Subject.java:422) [?:1.8.0_332]
	at org.apache.hadoop.security.UserGroupInformation.doAs(UserGroupInformation.java:1878) [hadoop-common-3.3.1.jar:?]
	at org.apache.hadoop.ipc.Server$Handler.run(Server.java:2966) [hadoop-common-3.3.1.jar:?]
17:31:08.354 [IPC Server handler 7 on default port 37325] ERROR OMAudit - user=runner | ip=127.0.0.1 | op=GET_FILE_STATUS {volume=volume85873, bucket=bucket46199, key=.Trash/runner, dataSize=0, replicationConfig=null} | ret=FAILURE
org.apache.hadoop.ozone.om.exceptions.OMException: Unable to get file status: volume: volume85873 bucket: bucket46199 key: .Trash/runner
	at org.apache.hadoop.ozone.om.KeyManagerImpl.getOzoneFileStatusFSO(KeyManagerImpl.java:1376) ~[ozone-manager-1.3.0-SNAPSHOT.jar:?]
	at org.apache.hadoop.ozone.om.KeyManagerImpl.getFileStatus(KeyManagerImpl.java:1239) ~[ozone-manager-1.3.0-SNAPSHOT.jar:?]
	at org.apache.hadoop.ozone.om.OzoneManager.getFileStatus(OzoneManager.java:3467) ~[ozone-manager-1.3.0-SNAPSHOT.jar:?]
	at org.apache.hadoop.ozone.protocolPB.OzoneManagerRequestHandler.getOzoneFileStatus(OzoneManagerRequestHandler.java:878) ~[ozone-manager-1.3.0-SNAPSHOT.jar:?]
	at org.apache.hadoop.ozone.protocolPB.OzoneManagerRequestHandler.handleReadRequest(OzoneManagerRequestHandler.java:224) ~[ozone-manager-1.3.0-SNAPSHOT.jar:?]
	at org.apache.hadoop.ozone.protocolPB.OzoneManagerProtocolServerSideTranslatorPB.submitReadRequestToOM(OzoneManagerProtocolServerSideTranslatorPB.java:226) ~[ozone-manager-1.3.0-SNAPSHOT.jar:?]
	at org.apache.hadoop.ozone.protocolPB.OzoneManagerProtocolServerSideTranslatorPB.processRequest(OzoneManagerProtocolServerSideTranslatorPB.java:175) ~[ozone-manager-1.3.0-SNAPSHOT.jar:?]
	at org.apache.hadoop.hdds.server.OzoneProtocolMessageDispatcher.processRequest(OzoneProtocolMessageDispatcher.java:87) [hdds-server-framework-1.3.0-SNAPSHOT.jar:?]
	at org.apache.hadoop.ozone.protocolPB.OzoneManagerProtocolServerSideTranslatorPB.submitRequest(OzoneManagerProtocolServerSideTranslatorPB.java:147) [ozone-manager-1.3.0-SNAPSHOT.jar:?]
	at org.apache.hadoop.ozone.protocol.proto.OzoneManagerProtocolProtos$OzoneManagerService$2.callBlockingMethod(OzoneManagerProtocolProtos.java) [ozone-interface-client-1.3.0-SNAPSHOT.jar:?]
	at org.apache.hadoop.ipc.ProtobufRpcEngine$Server.processCall(ProtobufRpcEngine.java:466) [hadoop-common-3.3.1.jar:?]
	at org.apache.hadoop.ipc.ProtobufRpcEngine2$Server$ProtoBufRpcInvoker.call(ProtobufRpcEngine2.java:574) [hadoop-common-3.3.1.jar:?]
	at org.apache.hadoop.ipc.ProtobufRpcEngine2$Server$ProtoBufRpcInvoker.call(ProtobufRpcEngine2.java:552) [hadoop-common-3.3.1.jar:?]
	at org.apache.hadoop.ipc.RPC$Server.call(RPC.java:1093) [hadoop-common-3.3.1.jar:?]
	at org.apache.hadoop.ipc.Server$RpcCall.run(Server.java:1035) [hadoop-common-3.3.1.jar:?]
	at org.apache.hadoop.ipc.Server$RpcCall.run(Server.java:963) [hadoop-common-3.3.1.jar:?]
	at java.security.AccessController.doPrivileged(Native Method) ~[?:1.8.0_332]
	at javax.security.auth.Subject.doAs(Subject.java:422) [?:1.8.0_332]
	at org.apache.hadoop.security.UserGroupInformation.doAs(UserGroupInformation.java:1878) [hadoop-common-3.3.1.jar:?]
	at org.apache.hadoop.ipc.Server$Handler.run(Server.java:2966) [hadoop-common-3.3.1.jar:?]
17:31:08.359 [IPC Server handler 15 on default port 37325] ERROR OMAudit - user=runner | ip=127.0.0.1 | op=GET_FILE_STATUS {volume=8c4c1062-169b-4c6c-b280-7dcb371950db, bucket=3cd3bff7-cca4-4cdd-ab52-4262769acc01, key=.Trash, dataSize=0, replicationConfig=null} | ret=FAILURE
org.apache.hadoop.ozone.om.exceptions.OMException: Unable to get file status: volume: 8c4c1062-169b-4c6c-b280-7dcb371950db bucket: 3cd3bff7-cca4-4cdd-ab52-4262769acc01 key: .Trash
	at org.apache.hadoop.ozone.om.KeyManagerImpl.getOzoneFileStatus(KeyManagerImpl.java:1311) ~[ozone-manager-1.3.0-SNAPSHOT.jar:?]
	at org.apache.hadoop.ozone.om.KeyManagerImpl.getFileStatus(KeyManagerImpl.java:1241) ~[ozone-manager-1.3.0-SNAPSHOT.jar:?]
	at org.apache.hadoop.ozone.om.OzoneManager.getFileStatus(OzoneManager.java:3467) ~[ozone-manager-1.3.0-SNAPSHOT.jar:?]
	at org.apache.hadoop.ozone.protocolPB.OzoneManagerRequestHandler.getOzoneFileStatus(OzoneManagerRequestHandler.java:878) ~[ozone-manager-1.3.0-SNAPSHOT.jar:?]
	at org.apache.hadoop.ozone.protocolPB.OzoneManagerRequestHandler.handleReadRequest(OzoneManagerRequestHandler.java:224) ~[ozone-manager-1.3.0-SNAPSHOT.jar:?]
	at org.apache.hadoop.ozone.protocolPB.OzoneManagerProtocolServerSideTranslatorPB.submitReadRequestToOM(OzoneManagerProtocolServerSideTranslatorPB.java:226) ~[ozone-manager-1.3.0-SNAPSHOT.jar:?]
	at org.apache.hadoop.ozone.protocolPB.OzoneManagerProtocolServerSideTranslatorPB.processRequest(OzoneManagerProtocolServerSideTranslatorPB.java:175) ~[ozone-manager-1.3.0-SNAPSHOT.jar:?]
	at org.apache.hadoop.hdds.server.OzoneProtocolMessageDispatcher.processRequest(OzoneProtocolMessageDispatcher.java:87) [hdds-server-framework-1.3.0-SNAPSHOT.jar:?]
	at org.apache.hadoop.ozone.protocolPB.OzoneManagerProtocolServerSideTranslatorPB.submitRequest(OzoneManagerProtocolServerSideTranslatorPB.java:147) [ozone-manager-1.3.0-SNAPSHOT.jar:?]
	at org.apache.hadoop.ozone.protocol.proto.OzoneManagerProtocolProtos$OzoneManagerService$2.callBlockingMethod(OzoneManagerProtocolProtos.java) [ozone-interface-client-1.3.0-SNAPSHOT.jar:?]
	at org.apache.hadoop.ipc.ProtobufRpcEngine$Server.processCall(ProtobufRpcEngine.java:466) [hadoop-common-3.3.1.jar:?]
	at org.apache.hadoop.ipc.ProtobufRpcEngine2$Server$ProtoBufRpcInvoker.call(ProtobufRpcEngine2.java:574) [hadoop-common-3.3.1.jar:?]
	at org.apache.hadoop.ipc.ProtobufRpcEngine2$Server$ProtoBufRpcInvoker.call(ProtobufRpcEngine2.java:552) [hadoop-common-3.3.1.jar:?]
	at org.apache.hadoop.ipc.RPC$Server.call(RPC.java:1093) [hadoop-common-3.3.1.jar:?]
	at org.apache.hadoop.ipc.Server$RpcCall.run(Server.java:1035) [hadoop-common-3.3.1.jar:?]
	at org.apache.hadoop.ipc.Server$RpcCall.run(Server.java:963) [hadoop-common-3.3.1.jar:?]
	at java.security.AccessController.doPrivileged(Native Method) ~[?:1.8.0_332]
	at javax.security.auth.Subject.doAs(Subject.java:422) [?:1.8.0_332]
	at org.apache.hadoop.security.UserGroupInformation.doAs(UserGroupInformation.java:1878) [hadoop-common-3.3.1.jar:?]
	at org.apache.hadoop.ipc.Server$Handler.run(Server.java:2966) [hadoop-common-3.3.1.jar:?]
17:31:08.370 [IPC Server handler 18 on default port 37325] ERROR OMAudit - user=runner | ip=127.0.0.1 | op=GET_FILE_STATUS {volume=volume85873, bucket=bucket46199, key=.Trash, dataSize=0, replicationConfig=null} | ret=FAILURE
org.apache.hadoop.ozone.om.exceptions.OMException: Unable to get file status: volume: volume85873 bucket: bucket46199 key: .Trash
	at org.apache.hadoop.ozone.om.KeyManagerImpl.getOzoneFileStatusFSO(KeyManagerImpl.java:1376) ~[ozone-manager-1.3.0-SNAPSHOT.jar:?]
	at org.apache.hadoop.ozone.om.KeyManagerImpl.getFileStatus(KeyManagerImpl.java:1239) ~[ozone-manager-1.3.0-SNAPSHOT.jar:?]
	at org.apache.hadoop.ozone.om.OzoneManager.getFileStatus(OzoneManager.java:3467) ~[ozone-manager-1.3.0-SNAPSHOT.jar:?]
	at org.apache.hadoop.ozone.protocolPB.OzoneManagerRequestHandler.getOzoneFileStatus(OzoneManagerRequestHandler.java:878) ~[ozone-manager-1.3.0-SNAPSHOT.jar:?]
	at org.apache.hadoop.ozone.protocolPB.OzoneManagerRequestHandler.handleReadRequest(OzoneManagerRequestHandler.java:224) ~[ozone-manager-1.3.0-SNAPSHOT.jar:?]
	at org.apache.hadoop.ozone.protocolPB.OzoneManagerProtocolServerSideTranslatorPB.submitReadRequestToOM(OzoneManagerProtocolServerSideTranslatorPB.java:226) ~[ozone-manager-1.3.0-SNAPSHOT.jar:?]
	at org.apache.hadoop.ozone.protocolPB.OzoneManagerProtocolServerSideTranslatorPB.processRequest(OzoneManagerProtocolServerSideTranslatorPB.java:175) ~[ozone-manager-1.3.0-SNAPSHOT.jar:?]
	at org.apache.hadoop.hdds.server.OzoneProtocolMessageDispatcher.processRequest(OzoneProtocolMessageDispatcher.java:87) [hdds-server-framework-1.3.0-SNAPSHOT.jar:?]
	at org.apache.hadoop.ozone.protocolPB.OzoneManagerProtocolServerSideTranslatorPB.submitRequest(OzoneManagerProtocolServerSideTranslatorPB.java:147) [ozone-manager-1.3.0-SNAPSHOT.jar:?]
	at org.apache.hadoop.ozone.protocol.proto.OzoneManagerProtocolProtos$OzoneManagerService$2.callBlockingMethod(OzoneManagerProtocolProtos.java) [ozone-interface-client-1.3.0-SNAPSHOT.jar:?]
	at org.apache.hadoop.ipc.ProtobufRpcEngine$Server.processCall(ProtobufRpcEngine.java:466) [hadoop-common-3.3.1.jar:?]
	at org.apache.hadoop.ipc.ProtobufRpcEngine2$Server$ProtoBufRpcInvoker.call(ProtobufRpcEngine2.java:574) [hadoop-common-3.3.1.jar:?]
	at org.apache.hadoop.ipc.ProtobufRpcEngine2$Server$ProtoBufRpcInvoker.call(ProtobufRpcEngine2.java:552) [hadoop-common-3.3.1.jar:?]
	at org.apache.hadoop.ipc.RPC$Server.call(RPC.java:1093) [hadoop-common-3.3.1.jar:?]
	at org.apache.hadoop.ipc.Server$RpcCall.run(Server.java:1035) [hadoop-common-3.3.1.jar:?]
	at org.apache.hadoop.ipc.Server$RpcCall.run(Server.java:963) [hadoop-common-3.3.1.jar:?]
	at java.security.AccessController.doPrivileged(Native Method) ~[?:1.8.0_332]
	at javax.security.auth.Subject.doAs(Subject.java:422) [?:1.8.0_332]
	at org.apache.hadoop.security.UserGroupInformation.doAs(UserGroupInformation.java:1878) [hadoop-common-3.3.1.jar:?]
	at org.apache.hadoop.ipc.Server$Handler.run(Server.java:2966) [hadoop-common-3.3.1.jar:?]
17:31:08.381 [IPC Server handler 14 on default port 37325] ERROR OMAudit - user=runner | ip=127.0.0.1 | op=GET_FILE_STATUS {volume=volume27242, bucket=trashroottest2, key=.Trash/runner, dataSize=0, replicationConfig=null} | ret=FAILURE
org.apache.hadoop.ozone.om.exceptions.OMException: Unable to get file status: volume: volume27242 bucket: trashroottest2 key: .Trash/runner
	at org.apache.hadoop.ozone.om.KeyManagerImpl.getOzoneFileStatusFSO(KeyManagerImpl.java:1376) ~[ozone-manager-1.3.0-SNAPSHOT.jar:?]
	at org.apache.hadoop.ozone.om.KeyManagerImpl.getFileStatus(KeyManagerImpl.java:1239) ~[ozone-manager-1.3.0-SNAPSHOT.jar:?]
	at org.apache.hadoop.ozone.om.OzoneManager.getFileStatus(OzoneManager.java:3467) ~[ozone-manager-1.3.0-SNAPSHOT.jar:?]
	at org.apache.hadoop.ozone.protocolPB.OzoneManagerRequestHandler.getOzoneFileStatus(OzoneManagerRequestHandler.java:878) ~[ozone-manager-1.3.0-SNAPSHOT.jar:?]
	at org.apache.hadoop.ozone.protocolPB.OzoneManagerRequestHandler.handleReadRequest(OzoneManagerRequestHandler.java:224) ~[ozone-manager-1.3.0-SNAPSHOT.jar:?]
	at org.apache.hadoop.ozone.protocolPB.OzoneManagerProtocolServerSideTranslatorPB.submitReadRequestToOM(OzoneManagerProtocolServerSideTranslatorPB.java:226) ~[ozone-manager-1.3.0-SNAPSHOT.jar:?]
	at org.apache.hadoop.ozone.protocolPB.OzoneManagerProtocolServerSideTranslatorPB.processRequest(OzoneManagerProtocolServerSideTranslatorPB.java:175) ~[ozone-manager-1.3.0-SNAPSHOT.jar:?]
	at org.apache.hadoop.hdds.server.OzoneProtocolMessageDispatcher.processRequest(OzoneProtocolMessageDispatcher.java:87) [hdds-server-framework-1.3.0-SNAPSHOT.jar:?]
	at org.apache.hadoop.ozone.protocolPB.OzoneManagerProtocolServerSideTranslatorPB.submitRequest(OzoneManagerProtocolServerSideTranslatorPB.java:147) [ozone-manager-1.3.0-SNAPSHOT.jar:?]
	at org.apache.hadoop.ozone.protocol.proto.OzoneManagerProtocolProtos$OzoneManagerService$2.callBlockingMethod(OzoneManagerProtocolProtos.java) [ozone-interface-client-1.3.0-SNAPSHOT.jar:?]
	at org.apache.hadoop.ipc.ProtobufRpcEngine$Server.processCall(ProtobufRpcEngine.java:466) [hadoop-common-3.3.1.jar:?]
	at org.apache.hadoop.ipc.ProtobufRpcEngine2$Server$ProtoBufRpcInvoker.call(ProtobufRpcEngine2.java:574) [hadoop-common-3.3.1.jar:?]
	at org.apache.hadoop.ipc.ProtobufRpcEngine2$Server$ProtoBufRpcInvoker.call(ProtobufRpcEngine2.java:552) [hadoop-common-3.3.1.jar:?]
	at org.apache.hadoop.ipc.RPC$Server.call(RPC.java:1093) [hadoop-common-3.3.1.jar:?]
	at org.apache.hadoop.ipc.Server$RpcCall.run(Server.java:1035) [hadoop-common-3.3.1.jar:?]
	at org.apache.hadoop.ipc.Server$RpcCall.run(Server.java:963) [hadoop-common-3.3.1.jar:?]
	at java.security.AccessController.doPrivileged(Native Method) ~[?:1.8.0_332]
	at javax.security.auth.Subject.doAs(Subject.java:422) [?:1.8.0_332]
	at org.apache.hadoop.security.UserGroupInformation.doAs(UserGroupInformation.java:1878) [hadoop-common-3.3.1.jar:?]
	at org.apache.hadoop.ipc.Server$Handler.run(Server.java:2966) [hadoop-common-3.3.1.jar:?]
17:31:08.385 [IPC Server handler 0 on default port 37325] ERROR OMAudit - user=runner | ip=127.0.0.1 | op=GET_FILE_STATUS {volume=volume85873, bucket=bucket46199, key=.Trash/runner, dataSize=0, replicationConfig=null} | ret=FAILURE
org.apache.hadoop.ozone.om.exceptions.OMException: Unable to get file status: volume: volume85873 bucket: bucket46199 key: .Trash/runner
	at org.apache.hadoop.ozone.om.KeyManagerImpl.getOzoneFileStatusFSO(KeyManagerImpl.java:1376) ~[ozone-manager-1.3.0-SNAPSHOT.jar:?]
	at org.apache.hadoop.ozone.om.KeyManagerImpl.getFileStatus(KeyManagerImpl.java:1239) ~[ozone-manager-1.3.0-SNAPSHOT.jar:?]
	at org.apache.hadoop.ozone.om.OzoneManager.getFileStatus(OzoneManager.java:3467) ~[ozone-manager-1.3.0-SNAPSHOT.jar:?]
	at org.apache.hadoop.ozone.protocolPB.OzoneManagerRequestHandler.getOzoneFileStatus(OzoneManagerRequestHandler.java:878) ~[ozone-manager-1.3.0-SNAPSHOT.jar:?]
	at org.apache.hadoop.ozone.protocolPB.OzoneManagerRequestHandler.handleReadRequest(OzoneManagerRequestHandler.java:224) ~[ozone-manager-1.3.0-SNAPSHOT.jar:?]
	at org.apache.hadoop.ozone.protocolPB.OzoneManagerProtocolServerSideTranslatorPB.submitReadRequestToOM(OzoneManagerProtocolServerSideTranslatorPB.java:226) ~[ozone-manager-1.3.0-SNAPSHOT.jar:?]
	at org.apache.hadoop.ozone.protocolPB.OzoneManagerProtocolServerSideTranslatorPB.processRequest(OzoneManagerProtocolServerSideTranslatorPB.java:175) ~[ozone-manager-1.3.0-SNAPSHOT.jar:?]
	at org.apache.hadoop.hdds.server.OzoneProtocolMessageDispatcher.processRequest(OzoneProtocolMessageDispatcher.java:87) [hdds-server-framework-1.3.0-SNAPSHOT.jar:?]
	at org.apache.hadoop.ozone.protocolPB.OzoneManagerProtocolServerSideTranslatorPB.submitRequest(OzoneManagerProtocolServerSideTranslatorPB.java:147) [ozone-manager-1.3.0-SNAPSHOT.jar:?]
	at org.apache.hadoop.ozone.protocol.proto.OzoneManagerProtocolProtos$OzoneManagerService$2.callBlockingMethod(OzoneManagerProtocolProtos.java) [ozone-interface-client-1.3.0-SNAPSHOT.jar:?]
	at org.apache.hadoop.ipc.ProtobufRpcEngine$Server.processCall(ProtobufRpcEngine.java:466) [hadoop-common-3.3.1.jar:?]
	at org.apache.hadoop.ipc.ProtobufRpcEngine2$Server$ProtoBufRpcInvoker.call(ProtobufRpcEngine2.java:574) [hadoop-common-3.3.1.jar:?]
	at org.apache.hadoop.ipc.ProtobufRpcEngine2$Server$ProtoBufRpcInvoker.call(ProtobufRpcEngine2.java:552) [hadoop-common-3.3.1.jar:?]
	at org.apache.hadoop.ipc.RPC$Server.call(RPC.java:1093) [hadoop-common-3.3.1.jar:?]
	at org.apache.hadoop.ipc.Server$RpcCall.run(Server.java:1035) [hadoop-common-3.3.1.jar:?]
	at org.apache.hadoop.ipc.Server$RpcCall.run(Server.java:963) [hadoop-common-3.3.1.jar:?]
	at java.security.AccessController.doPrivileged(Native Method) ~[?:1.8.0_332]
	at javax.security.auth.Subject.doAs(Subject.java:422) [?:1.8.0_332]
	at org.apache.hadoop.security.UserGroupInformation.doAs(UserGroupInformation.java:1878) [hadoop-common-3.3.1.jar:?]
	at org.apache.hadoop.ipc.Server$Handler.run(Server.java:2966) [hadoop-common-3.3.1.jar:?]
17:31:08.390 [IPC Server handler 11 on default port 37325] ERROR OMAudit - user=runner | ip=127.0.0.1 | op=GET_FILE_STATUS {volume=8c4c1062-169b-4c6c-b280-7dcb371950db, bucket=3cd3bff7-cca4-4cdd-ab52-4262769acc01, key=.Trash, dataSize=0, replicationConfig=null} | ret=FAILURE
org.apache.hadoop.ozone.om.exceptions.OMException: Unable to get file status: volume: 8c4c1062-169b-4c6c-b280-7dcb371950db bucket: 3cd3bff7-cca4-4cdd-ab52-4262769acc01 key: .Trash
	at org.apache.hadoop.ozone.om.KeyManagerImpl.getOzoneFileStatus(KeyManagerImpl.java:1311) ~[ozone-manager-1.3.0-SNAPSHOT.jar:?]
	at org.apache.hadoop.ozone.om.KeyManagerImpl.getFileStatus(KeyManagerImpl.java:1241) ~[ozone-manager-1.3.0-SNAPSHOT.jar:?]
	at org.apache.hadoop.ozone.om.OzoneManager.getFileStatus(OzoneManager.java:3467) ~[ozone-manager-1.3.0-SNAPSHOT.jar:?]
	at org.apache.hadoop.ozone.protocolPB.OzoneManagerRequestHandler.getOzoneFileStatus(OzoneManagerRequestHandler.java:878) ~[ozone-manager-1.3.0-SNAPSHOT.jar:?]
	at org.apache.hadoop.ozone.protocolPB.OzoneManagerRequestHandler.handleReadRequest(OzoneManagerRequestHandler.java:224) ~[ozone-manager-1.3.0-SNAPSHOT.jar:?]
	at org.apache.hadoop.ozone.protocolPB.OzoneManagerProtocolServerSideTranslatorPB.submitReadRequestToOM(OzoneManagerProtocolServerSideTranslatorPB.java:226) ~[ozone-manager-1.3.0-SNAPSHOT.jar:?]
	at org.apache.hadoop.ozone.protocolPB.OzoneManagerProtocolServerSideTranslatorPB.processRequest(OzoneManagerProtocolServerSideTranslatorPB.java:175) ~[ozone-manager-1.3.0-SNAPSHOT.jar:?]
	at org.apache.hadoop.hdds.server.OzoneProtocolMessageDispatcher.processRequest(OzoneProtocolMessageDispatcher.java:87) [hdds-server-framework-1.3.0-SNAPSHOT.jar:?]
	at org.apache.hadoop.ozone.protocolPB.OzoneManagerProtocolServerSideTranslatorPB.submitRequest(OzoneManagerProtocolServerSideTranslatorPB.java:147) [ozone-manager-1.3.0-SNAPSHOT.jar:?]
	at org.apache.hadoop.ozone.protocol.proto.OzoneManagerProtocolProtos$OzoneManagerService$2.callBlockingMethod(OzoneManagerProtocolProtos.java) [ozone-interface-client-1.3.0-SNAPSHOT.jar:?]
	at org.apache.hadoop.ipc.ProtobufRpcEngine$Server.processCall(ProtobufRpcEngine.java:466) [hadoop-common-3.3.1.jar:?]
	at org.apache.hadoop.ipc.ProtobufRpcEngine2$Server$ProtoBufRpcInvoker.call(ProtobufRpcEngine2.java:574) [hadoop-common-3.3.1.jar:?]
	at org.apache.hadoop.ipc.ProtobufRpcEngine2$Server$ProtoBufRpcInvoker.call(ProtobufRpcEngine2.java:552) [hadoop-common-3.3.1.jar:?]
	at org.apache.hadoop.ipc.RPC$Server.call(RPC.java:1093) [hadoop-common-3.3.1.jar:?]
	at org.apache.hadoop.ipc.Server$RpcCall.run(Server.java:1035) [hadoop-common-3.3.1.jar:?]
	at org.apache.hadoop.ipc.Server$RpcCall.run(Server.java:963) [hadoop-common-3.3.1.jar:?]
	at java.security.AccessController.doPrivileged(Native Method) ~[?:1.8.0_332]
	at javax.security.auth.Subject.doAs(Subject.java:422) [?:1.8.0_332]
	at org.apache.hadoop.security.UserGroupInformation.doAs(UserGroupInformation.java:1878) [hadoop-common-3.3.1.jar:?]
	at org.apache.hadoop.ipc.Server$Handler.run(Server.java:2966) [hadoop-common-3.3.1.jar:?]
17:31:08.397 [IPC Server handler 0 on default port 37325] ERROR OMAudit - user=runner | ip=127.0.0.1 | op=GET_FILE_STATUS {volume=volume27242, bucket=trashroottest2, key=.Trash, dataSize=0, replicationConfig=null} | ret=FAILURE
org.apache.hadoop.ozone.om.exceptions.OMException: Unable to get file status: volume: volume27242 bucket: trashroottest2 key: .Trash
	at org.apache.hadoop.ozone.om.KeyManagerImpl.getOzoneFileStatusFSO(KeyManagerImpl.java:1376) ~[ozone-manager-1.3.0-SNAPSHOT.jar:?]
	at org.apache.hadoop.ozone.om.KeyManagerImpl.getFileStatus(KeyManagerImpl.java:1239) ~[ozone-manager-1.3.0-SNAPSHOT.jar:?]
	at org.apache.hadoop.ozone.om.OzoneManager.getFileStatus(OzoneManager.java:3467) ~[ozone-manager-1.3.0-SNAPSHOT.jar:?]
	at org.apache.hadoop.ozone.protocolPB.OzoneManagerRequestHandler.getOzoneFileStatus(OzoneManagerRequestHandler.java:878) ~[ozone-manager-1.3.0-SNAPSHOT.jar:?]
	at org.apache.hadoop.ozone.protocolPB.OzoneManagerRequestHandler.handleReadRequest(OzoneManagerRequestHandler.java:224) ~[ozone-manager-1.3.0-SNAPSHOT.jar:?]
	at org.apache.hadoop.ozone.protocolPB.OzoneManagerProtocolServerSideTranslatorPB.submitReadRequestToOM(OzoneManagerProtocolServerSideTranslatorPB.java:226) ~[ozone-manager-1.3.0-SNAPSHOT.jar:?]
	at org.apache.hadoop.ozone.protocolPB.OzoneManagerProtocolServerSideTranslatorPB.processRequest(OzoneManagerProtocolServerSideTranslatorPB.java:175) ~[ozone-manager-1.3.0-SNAPSHOT.jar:?]
	at org.apache.hadoop.hdds.server.OzoneProtocolMessageDispatcher.processRequest(OzoneProtocolMessageDispatcher.java:87) [hdds-server-framework-1.3.0-SNAPSHOT.jar:?]
	at org.apache.hadoop.ozone.protocolPB.OzoneManagerProtocolServerSideTranslatorPB.submitRequest(OzoneManagerProtocolServerSideTranslatorPB.java:147) [ozone-manager-1.3.0-SNAPSHOT.jar:?]
	at org.apache.hadoop.ozone.protocol.proto.OzoneManagerProtocolProtos$OzoneManagerService$2.callBlockingMethod(OzoneManagerProtocolProtos.java) [ozone-interface-client-1.3.0-SNAPSHOT.jar:?]
	at org.apache.hadoop.ipc.ProtobufRpcEngine$Server.processCall(ProtobufRpcEngine.java:466) [hadoop-common-3.3.1.jar:?]
	at org.apache.hadoop.ipc.ProtobufRpcEngine2$Server$ProtoBufRpcInvoker.call(ProtobufRpcEngine2.java:574) [hadoop-common-3.3.1.jar:?]
	at org.apache.hadoop.ipc.ProtobufRpcEngine2$Server$ProtoBufRpcInvoker.call(ProtobufRpcEngine2.java:552) [hadoop-common-3.3.1.jar:?]
	at org.apache.hadoop.ipc.RPC$Server.call(RPC.java:1093) [hadoop-common-3.3.1.jar:?]
	at org.apache.hadoop.ipc.Server$RpcCall.run(Server.java:1035) [hadoop-common-3.3.1.jar:?]
	at org.apache.hadoop.ipc.Server$RpcCall.run(Server.java:963) [hadoop-common-3.3.1.jar:?]
	at java.security.AccessController.doPrivileged(Native Method) ~[?:1.8.0_332]
	at javax.security.auth.Subject.doAs(Subject.java:422) [?:1.8.0_332]
	at org.apache.hadoop.security.UserGroupInformation.doAs(UserGroupInformation.java:1878) [hadoop-common-3.3.1.jar:?]
	at org.apache.hadoop.ipc.Server$Handler.run(Server.java:2966) [hadoop-common-3.3.1.jar:?]
17:31:08.400 [IPC Server handler 1 on default port 37325] ERROR OMAudit - user=runner | ip=127.0.0.1 | op=GET_FILE_STATUS {volume=volume85873, bucket=bucket46199, key=.Trash, dataSize=0, replicationConfig=null} | ret=FAILURE
org.apache.hadoop.ozone.om.exceptions.OMException: Unable to get file status: volume: volume85873 bucket: bucket46199 key: .Trash
	at org.apache.hadoop.ozone.om.KeyManagerImpl.getOzoneFileStatusFSO(KeyManagerImpl.java:1376) ~[ozone-manager-1.3.0-SNAPSHOT.jar:?]
	at org.apache.hadoop.ozone.om.KeyManagerImpl.getFileStatus(KeyManagerImpl.java:1239) ~[ozone-manager-1.3.0-SNAPSHOT.jar:?]
	at org.apache.hadoop.ozone.om.OzoneManager.getFileStatus(OzoneManager.java:3467) ~[ozone-manager-1.3.0-SNAPSHOT.jar:?]
	at org.apache.hadoop.ozone.protocolPB.OzoneManagerRequestHandler.getOzoneFileStatus(OzoneManagerRequestHandler.java:878) ~[ozone-manager-1.3.0-SNAPSHOT.jar:?]
	at org.apache.hadoop.ozone.protocolPB.OzoneManagerRequestHandler.handleReadRequest(OzoneManagerRequestHandler.java:224) ~[ozone-manager-1.3.0-SNAPSHOT.jar:?]
	at org.apache.hadoop.ozone.protocolPB.OzoneManagerProtocolServerSideTranslatorPB.submitReadRequestToOM(OzoneManagerProtocolServerSideTranslatorPB.java:226) ~[ozone-manager-1.3.0-SNAPSHOT.jar:?]
	at org.apache.hadoop.ozone.protocolPB.OzoneManagerProtocolServerSideTranslatorPB.processRequest(OzoneManagerProtocolServerSideTranslatorPB.java:175) ~[ozone-manager-1.3.0-SNAPSHOT.jar:?]
	at org.apache.hadoop.hdds.server.OzoneProtocolMessageDispatcher.processRequest(OzoneProtocolMessageDispatcher.java:87) [hdds-server-framework-1.3.0-SNAPSHOT.jar:?]
	at org.apache.hadoop.ozone.protocolPB.OzoneManagerProtocolServerSideTranslatorPB.submitRequest(OzoneManagerProtocolServerSideTranslatorPB.java:147) [ozone-manager-1.3.0-SNAPSHOT.jar:?]
	at org.apache.hadoop.ozone.protocol.proto.OzoneManagerProtocolProtos$OzoneManagerService$2.callBlockingMethod(OzoneManagerProtocolProtos.java) [ozone-interface-client-1.3.0-SNAPSHOT.jar:?]
	at org.apache.hadoop.ipc.ProtobufRpcEngine$Server.processCall(ProtobufRpcEngine.java:466) [hadoop-common-3.3.1.jar:?]
	at org.apache.hadoop.ipc.ProtobufRpcEngine2$Server$ProtoBufRpcInvoker.call(ProtobufRpcEngine2.java:574) [hadoop-common-3.3.1.jar:?]
	at org.apache.hadoop.ipc.ProtobufRpcEngine2$Server$ProtoBufRpcInvoker.call(ProtobufRpcEngine2.java:552) [hadoop-common-3.3.1.jar:?]
	at org.apache.hadoop.ipc.RPC$Server.call(RPC.java:1093) [hadoop-common-3.3.1.jar:?]
	at org.apache.hadoop.ipc.Server$RpcCall.run(Server.java:1035) [hadoop-common-3.3.1.jar:?]
	at org.apache.hadoop.ipc.Server$RpcCall.run(Server.java:963) [hadoop-common-3.3.1.jar:?]
	at java.security.AccessController.doPrivileged(Native Method) ~[?:1.8.0_332]
	at javax.security.auth.Subject.doAs(Subject.java:422) [?:1.8.0_332]
	at org.apache.hadoop.security.UserGroupInformation.doAs(UserGroupInformation.java:1878) [hadoop-common-3.3.1.jar:?]
	at org.apache.hadoop.ipc.Server$Handler.run(Server.java:2966) [hadoop-common-3.3.1.jar:?]
17:31:08.411 [IPC Server handler 13 on default port 37325] ERROR OMAudit - user=runner | ip=127.0.0.1 | op=GET_FILE_STATUS {volume=volume27242, bucket=trashroottest2, key=.Trash/runner, dataSize=0, replicationConfig=null} | ret=FAILURE
org.apache.hadoop.ozone.om.exceptions.OMException: Unable to get file status: volume: volume27242 bucket: trashroottest2 key: .Trash/runner
	at org.apache.hadoop.ozone.om.KeyManagerImpl.getOzoneFileStatusFSO(KeyManagerImpl.java:1376) ~[ozone-manager-1.3.0-SNAPSHOT.jar:?]
	at org.apache.hadoop.ozone.om.KeyManagerImpl.getFileStatus(KeyManagerImpl.java:1239) ~[ozone-manager-1.3.0-SNAPSHOT.jar:?]
	at org.apache.hadoop.ozone.om.OzoneManager.getFileStatus(OzoneManager.java:3467) ~[ozone-manager-1.3.0-SNAPSHOT.jar:?]
	at org.apache.hadoop.ozone.protocolPB.OzoneManagerRequestHandler.getOzoneFileStatus(OzoneManagerRequestHandler.java:878) ~[ozone-manager-1.3.0-SNAPSHOT.jar:?]
	at org.apache.hadoop.ozone.protocolPB.OzoneManagerRequestHandler.handleReadRequest(OzoneManagerRequestHandler.java:224) ~[ozone-manager-1.3.0-SNAPSHOT.jar:?]
	at org.apache.hadoop.ozone.protocolPB.OzoneManagerProtocolServerSideTranslatorPB.submitReadRequestToOM(OzoneManagerProtocolServerSideTranslatorPB.java:226) ~[ozone-manager-1.3.0-SNAPSHOT.jar:?]
	at org.apache.hadoop.ozone.protocolPB.OzoneManagerProtocolServerSideTranslatorPB.processRequest(OzoneManagerProtocolServerSideTranslatorPB.java:175) ~[ozone-manager-1.3.0-SNAPSHOT.jar:?]
	at org.apache.hadoop.hdds.server.OzoneProtocolMessageDispatcher.processRequest(OzoneProtocolMessageDispatcher.java:87) [hdds-server-framework-1.3.0-SNAPSHOT.jar:?]
	at org.apache.hadoop.ozone.protocolPB.OzoneManagerProtocolServerSideTranslatorPB.submitRequest(OzoneManagerProtocolServerSideTranslatorPB.java:147) [ozone-manager-1.3.0-SNAPSHOT.jar:?]
	at org.apache.hadoop.ozone.protocol.proto.OzoneManagerProtocolProtos$OzoneManagerService$2.callBlockingMethod(OzoneManagerProtocolProtos.java) [ozone-interface-client-1.3.0-SNAPSHOT.jar:?]
	at org.apache.hadoop.ipc.ProtobufRpcEngine$Server.processCall(ProtobufRpcEngine.java:466) [hadoop-common-3.3.1.jar:?]
	at org.apache.hadoop.ipc.ProtobufRpcEngine2$Server$ProtoBufRpcInvoker.call(ProtobufRpcEngine2.java:574) [hadoop-common-3.3.1.jar:?]
	at org.apache.hadoop.ipc.ProtobufRpcEngine2$Server$ProtoBufRpcInvoker.call(ProtobufRpcEngine2.java:552) [hadoop-common-3.3.1.jar:?]
	at org.apache.hadoop.ipc.RPC$Server.call(RPC.java:1093) [hadoop-common-3.3.1.jar:?]
	at org.apache.hadoop.ipc.Server$RpcCall.run(Server.java:1035) [hadoop-common-3.3.1.jar:?]
	at org.apache.hadoop.ipc.Server$RpcCall.run(Server.java:963) [hadoop-common-3.3.1.jar:?]
	at java.security.AccessController.doPrivileged(Native Method) ~[?:1.8.0_332]
	at javax.security.auth.Subject.doAs(Subject.java:422) [?:1.8.0_332]
	at org.apache.hadoop.security.UserGroupInformation.doAs(UserGroupInformation.java:1878) [hadoop-common-3.3.1.jar:?]
	at org.apache.hadoop.ipc.Server$Handler.run(Server.java:2966) [hadoop-common-3.3.1.jar:?]
17:31:08.415 [IPC Server handler 12 on default port 37325] ERROR OMAudit - user=runner | ip=127.0.0.1 | op=GET_FILE_STATUS {volume=volume85873, bucket=bucket46199, key=.Trash/runner, dataSize=0, replicationConfig=null} | ret=FAILURE
org.apache.hadoop.ozone.om.exceptions.OMException: Unable to get file status: volume: volume85873 bucket: bucket46199 key: .Trash/runner
	at org.apache.hadoop.ozone.om.KeyManagerImpl.getOzoneFileStatusFSO(KeyManagerImpl.java:1376) ~[ozone-manager-1.3.0-SNAPSHOT.jar:?]
	at org.apache.hadoop.ozone.om.KeyManagerImpl.getFileStatus(KeyManagerImpl.java:1239) ~[ozone-manager-1.3.0-SNAPSHOT.jar:?]
	at org.apache.hadoop.ozone.om.OzoneManager.getFileStatus(OzoneManager.java:3467) ~[ozone-manager-1.3.0-SNAPSHOT.jar:?]
	at org.apache.hadoop.ozone.protocolPB.OzoneManagerRequestHandler.getOzoneFileStatus(OzoneManagerRequestHandler.java:878) ~[ozone-manager-1.3.0-SNAPSHOT.jar:?]
	at org.apache.hadoop.ozone.protocolPB.OzoneManagerRequestHandler.handleReadRequest(OzoneManagerRequestHandler.java:224) ~[ozone-manager-1.3.0-SNAPSHOT.jar:?]
	at org.apache.hadoop.ozone.protocolPB.OzoneManagerProtocolServerSideTranslatorPB.submitReadRequestToOM(OzoneManagerProtocolServerSideTranslatorPB.java:226) ~[ozone-manager-1.3.0-SNAPSHOT.jar:?]
	at org.apache.hadoop.ozone.protocolPB.OzoneManagerProtocolServerSideTranslatorPB.processRequest(OzoneManagerProtocolServerSideTranslatorPB.java:175) ~[ozone-manager-1.3.0-SNAPSHOT.jar:?]
	at org.apache.hadoop.hdds.server.OzoneProtocolMessageDispatcher.processRequest(OzoneProtocolMessageDispatcher.java:87) [hdds-server-framework-1.3.0-SNAPSHOT.jar:?]
	at org.apache.hadoop.ozone.protocolPB.OzoneManagerProtocolServerSideTranslatorPB.submitRequest(OzoneManagerProtocolServerSideTranslatorPB.java:147) [ozone-manager-1.3.0-SNAPSHOT.jar:?]
	at org.apache.hadoop.ozone.protocol.proto.OzoneManagerProtocolProtos$OzoneManagerService$2.callBlockingMethod(OzoneManagerProtocolProtos.java) [ozone-interface-client-1.3.0-SNAPSHOT.jar:?]
	at org.apache.hadoop.ipc.ProtobufRpcEngine$Server.processCall(ProtobufRpcEngine.java:466) [hadoop-common-3.3.1.jar:?]
	at org.apache.hadoop.ipc.ProtobufRpcEngine2$Server$ProtoBufRpcInvoker.call(ProtobufRpcEngine2.java:574) [hadoop-common-3.3.1.jar:?]
	at org.apache.hadoop.ipc.ProtobufRpcEngine2$Server$ProtoBufRpcInvoker.call(ProtobufRpcEngine2.java:552) [hadoop-common-3.3.1.jar:?]
	at org.apache.hadoop.ipc.RPC$Server.call(RPC.java:1093) [hadoop-common-3.3.1.jar:?]
	at org.apache.hadoop.ipc.Server$RpcCall.run(Server.java:1035) [hadoop-common-3.3.1.jar:?]
	at org.apache.hadoop.ipc.Server$RpcCall.run(Server.java:963) [hadoop-common-3.3.1.jar:?]
	at java.security.AccessController.doPrivileged(Native Method) ~[?:1.8.0_332]
	at javax.security.auth.Subject.doAs(Subject.java:422) [?:1.8.0_332]
	at org.apache.hadoop.security.UserGroupInformation.doAs(UserGroupInformation.java:1878) [hadoop-common-3.3.1.jar:?]
	at org.apache.hadoop.ipc.Server$Handler.run(Server.java:2966) [hadoop-common-3.3.1.jar:?]
17:31:08.420 [IPC Server handler 8 on default port 37325] ERROR OMAudit - user=runner | ip=127.0.0.1 | op=GET_FILE_STATUS {volume=8c4c1062-169b-4c6c-b280-7dcb371950db, bucket=3cd3bff7-cca4-4cdd-ab52-4262769acc01, key=.Trash, dataSize=0, replicationConfig=null} | ret=FAILURE
org.apache.hadoop.ozone.om.exceptions.OMException: Unable to get file status: volume: 8c4c1062-169b-4c6c-b280-7dcb371950db bucket: 3cd3bff7-cca4-4cdd-ab52-4262769acc01 key: .Trash
	at org.apache.hadoop.ozone.om.KeyManagerImpl.getOzoneFileStatus(KeyManagerImpl.java:1311) ~[ozone-manager-1.3.0-SNAPSHOT.jar:?]
	at org.apache.hadoop.ozone.om.KeyManagerImpl.getFileStatus(KeyManagerImpl.java:1241) ~[ozone-manager-1.3.0-SNAPSHOT.jar:?]
	at org.apache.hadoop.ozone.om.OzoneManager.getFileStatus(OzoneManager.java:3467) ~[ozone-manager-1.3.0-SNAPSHOT.jar:?]
	at org.apache.hadoop.ozone.protocolPB.OzoneManagerRequestHandler.getOzoneFileStatus(OzoneManagerRequestHandler.java:878) ~[ozone-manager-1.3.0-SNAPSHOT.jar:?]
	at org.apache.hadoop.ozone.protocolPB.OzoneManagerRequestHandler.handleReadRequest(OzoneManagerRequestHandler.java:224) ~[ozone-manager-1.3.0-SNAPSHOT.jar:?]
	at org.apache.hadoop.ozone.protocolPB.OzoneManagerProtocolServerSideTranslatorPB.submitReadRequestToOM(OzoneManagerProtocolServerSideTranslatorPB.java:226) ~[ozone-manager-1.3.0-SNAPSHOT.jar:?]
	at org.apache.hadoop.ozone.protocolPB.OzoneManagerProtocolServerSideTranslatorPB.processRequest(OzoneManagerProtocolServerSideTranslatorPB.java:175) ~[ozone-manager-1.3.0-SNAPSHOT.jar:?]
	at org.apache.hadoop.hdds.server.OzoneProtocolMessageDispatcher.processRequest(OzoneProtocolMessageDispatcher.java:87) [hdds-server-framework-1.3.0-SNAPSHOT.jar:?]
	at org.apache.hadoop.ozone.protocolPB.OzoneManagerProtocolServerSideTranslatorPB.submitRequest(OzoneManagerProtocolServerSideTranslatorPB.java:147) [ozone-manager-1.3.0-SNAPSHOT.jar:?]
	at org.apache.hadoop.ozone.protocol.proto.OzoneManagerProtocolProtos$OzoneManagerService$2.callBlockingMethod(OzoneManagerProtocolProtos.java) [ozone-interface-client-1.3.0-SNAPSHOT.jar:?]
	at org.apache.hadoop.ipc.ProtobufRpcEngine$Server.processCall(ProtobufRpcEngine.java:466) [hadoop-common-3.3.1.jar:?]
	at org.apache.hadoop.ipc.ProtobufRpcEngine2$Server$ProtoBufRpcInvoker.call(ProtobufRpcEngine2.java:574) [hadoop-common-3.3.1.jar:?]
	at org.apache.hadoop.ipc.ProtobufRpcEngine2$Server$ProtoBufRpcInvoker.call(ProtobufRpcEngine2.java:552) [hadoop-common-3.3.1.jar:?]
	at org.apache.hadoop.ipc.RPC$Server.call(RPC.java:1093) [hadoop-common-3.3.1.jar:?]
	at org.apache.hadoop.ipc.Server$RpcCall.run(Server.java:1035) [hadoop-common-3.3.1.jar:?]
	at org.apache.hadoop.ipc.Server$RpcCall.run(Server.java:963) [hadoop-common-3.3.1.jar:?]
	at java.security.AccessController.doPrivileged(Native Method) ~[?:1.8.0_332]
	at javax.security.auth.Subject.doAs(Subject.java:422) [?:1.8.0_332]
	at org.apache.hadoop.security.UserGroupInformation.doAs(UserGroupInformation.java:1878) [hadoop-common-3.3.1.jar:?]
	at org.apache.hadoop.ipc.Server$Handler.run(Server.java:2966) [hadoop-common-3.3.1.jar:?]
17:31:08.426 [IPC Server handler 2 on default port 37325] ERROR OMAudit - user=runner | ip=127.0.0.1 | op=GET_FILE_STATUS {volume=volume27242, bucket=trashroottest2, key=.Trash, dataSize=0, replicationConfig=null} | ret=FAILURE
org.apache.hadoop.ozone.om.exceptions.OMException: Unable to get file status: volume: volume27242 bucket: trashroottest2 key: .Trash
	at org.apache.hadoop.ozone.om.KeyManagerImpl.getOzoneFileStatusFSO(KeyManagerImpl.java:1376) ~[ozone-manager-1.3.0-SNAPSHOT.jar:?]
	at org.apache.hadoop.ozone.om.KeyManagerImpl.getFileStatus(KeyManagerImpl.java:1239) ~[ozone-manager-1.3.0-SNAPSHOT.jar:?]
	at org.apache.hadoop.ozone.om.OzoneManager.getFileStatus(OzoneManager.java:3467) ~[ozone-manager-1.3.0-SNAPSHOT.jar:?]
	at org.apache.hadoop.ozone.protocolPB.OzoneManagerRequestHandler.getOzoneFileStatus(OzoneManagerRequestHandler.java:878) ~[ozone-manager-1.3.0-SNAPSHOT.jar:?]
	at org.apache.hadoop.ozone.protocolPB.OzoneManagerRequestHandler.handleReadRequest(OzoneManagerRequestHandler.java:224) ~[ozone-manager-1.3.0-SNAPSHOT.jar:?]
	at org.apache.hadoop.ozone.protocolPB.OzoneManagerProtocolServerSideTranslatorPB.submitReadRequestToOM(OzoneManagerProtocolServerSideTranslatorPB.java:226) ~[ozone-manager-1.3.0-SNAPSHOT.jar:?]
	at org.apache.hadoop.ozone.protocolPB.OzoneManagerProtocolServerSideTranslatorPB.processRequest(OzoneManagerProtocolServerSideTranslatorPB.java:175) ~[ozone-manager-1.3.0-SNAPSHOT.jar:?]
	at org.apache.hadoop.hdds.server.OzoneProtocolMessageDispatcher.processRequest(OzoneProtocolMessageDispatcher.java:87) [hdds-server-framework-1.3.0-SNAPSHOT.jar:?]
	at org.apache.hadoop.ozone.protocolPB.OzoneManagerProtocolServerSideTranslatorPB.submitRequest(OzoneManagerProtocolServerSideTranslatorPB.java:147) [ozone-manager-1.3.0-SNAPSHOT.jar:?]
	at org.apache.hadoop.ozone.protocol.proto.OzoneManagerProtocolProtos$OzoneManagerService$2.callBlockingMethod(OzoneManagerProtocolProtos.java) [ozone-interface-client-1.3.0-SNAPSHOT.jar:?]
	at org.apache.hadoop.ipc.ProtobufRpcEngine$Server.processCall(ProtobufRpcEngine.java:466) [hadoop-common-3.3.1.jar:?]
	at org.apache.hadoop.ipc.ProtobufRpcEngine2$Server$ProtoBufRpcInvoker.call(ProtobufRpcEngine2.java:574) [hadoop-common-3.3.1.jar:?]
	at org.apache.hadoop.ipc.ProtobufRpcEngine2$Server$ProtoBufRpcInvoker.call(ProtobufRpcEngine2.java:552) [hadoop-common-3.3.1.jar:?]
	at org.apache.hadoop.ipc.RPC$Server.call(RPC.java:1093) [hadoop-common-3.3.1.jar:?]
	at org.apache.hadoop.ipc.Server$RpcCall.run(Server.java:1035) [hadoop-common-3.3.1.jar:?]
	at org.apache.hadoop.ipc.Server$RpcCall.run(Server.java:963) [hadoop-common-3.3.1.jar:?]
	at java.security.AccessController.doPrivileged(Native Method) ~[?:1.8.0_332]
	at javax.security.auth.Subject.doAs(Subject.java:422) [?:1.8.0_332]
	at org.apache.hadoop.security.UserGroupInformation.doAs(UserGroupInformation.java:1878) [hadoop-common-3.3.1.jar:?]
	at org.apache.hadoop.ipc.Server$Handler.run(Server.java:2966) [hadoop-common-3.3.1.jar:?]
17:31:08.429 [IPC Server handler 11 on default port 37325] ERROR OMAudit - user=runner | ip=127.0.0.1 | op=GET_FILE_STATUS {volume=volume85873, bucket=bucket46199, key=.Trash, dataSize=0, replicationConfig=null} | ret=FAILURE
org.apache.hadoop.ozone.om.exceptions.OMException: Unable to get file status: volume: volume85873 bucket: bucket46199 key: .Trash
	at org.apache.hadoop.ozone.om.KeyManagerImpl.getOzoneFileStatusFSO(KeyManagerImpl.java:1376) ~[ozone-manager-1.3.0-SNAPSHOT.jar:?]
	at org.apache.hadoop.ozone.om.KeyManagerImpl.getFileStatus(KeyManagerImpl.java:1239) ~[ozone-manager-1.3.0-SNAPSHOT.jar:?]
	at org.apache.hadoop.ozone.om.OzoneManager.getFileStatus(OzoneManager.java:3467) ~[ozone-manager-1.3.0-SNAPSHOT.jar:?]
	at org.apache.hadoop.ozone.protocolPB.OzoneManagerRequestHandler.getOzoneFileStatus(OzoneManagerRequestHandler.java:878) ~[ozone-manager-1.3.0-SNAPSHOT.jar:?]
	at org.apache.hadoop.ozone.protocolPB.OzoneManagerRequestHandler.handleReadRequest(OzoneManagerRequestHandler.java:224) ~[ozone-manager-1.3.0-SNAPSHOT.jar:?]
	at org.apache.hadoop.ozone.protocolPB.OzoneManagerProtocolServerSideTranslatorPB.submitReadRequestToOM(OzoneManagerProtocolServerSideTranslatorPB.java:226) ~[ozone-manager-1.3.0-SNAPSHOT.jar:?]
	at org.apache.hadoop.ozone.protocolPB.OzoneManagerProtocolServerSideTranslatorPB.processRequest(OzoneManagerProtocolServerSideTranslatorPB.java:175) ~[ozone-manager-1.3.0-SNAPSHOT.jar:?]
	at org.apache.hadoop.hdds.server.OzoneProtocolMessageDispatcher.processRequest(OzoneProtocolMessageDispatcher.java:87) [hdds-server-framework-1.3.0-SNAPSHOT.jar:?]
	at org.apache.hadoop.ozone.protocolPB.OzoneManagerProtocolServerSideTranslatorPB.submitRequest(OzoneManagerProtocolServerSideTranslatorPB.java:147) [ozone-manager-1.3.0-SNAPSHOT.jar:?]
	at org.apache.hadoop.ozone.protocol.proto.OzoneManagerProtocolProtos$OzoneManagerService$2.callBlockingMethod(OzoneManagerProtocolProtos.java) [ozone-interface-client-1.3.0-SNAPSHOT.jar:?]
	at org.apache.hadoop.ipc.ProtobufRpcEngine$Server.processCall(ProtobufRpcEngine.java:466) [hadoop-common-3.3.1.jar:?]
	at org.apache.hadoop.ipc.ProtobufRpcEngine2$Server$ProtoBufRpcInvoker.call(ProtobufRpcEngine2.java:574) [hadoop-common-3.3.1.jar:?]
	at org.apache.hadoop.ipc.ProtobufRpcEngine2$Server$ProtoBufRpcInvoker.call(ProtobufRpcEngine2.java:552) [hadoop-common-3.3.1.jar:?]
	at org.apache.hadoop.ipc.RPC$Server.call(RPC.java:1093) [hadoop-common-3.3.1.jar:?]
	at org.apache.hadoop.ipc.Server$RpcCall.run(Server.java:1035) [hadoop-common-3.3.1.jar:?]
	at org.apache.hadoop.ipc.Server$RpcCall.run(Server.java:963) [hadoop-common-3.3.1.jar:?]
	at java.security.AccessController.doPrivileged(Native Method) ~[?:1.8.0_332]
	at javax.security.auth.Subject.doAs(Subject.java:422) [?:1.8.0_332]
	at org.apache.hadoop.security.UserGroupInformation.doAs(UserGroupInformation.java:1878) [hadoop-common-3.3.1.jar:?]
	at org.apache.hadoop.ipc.Server$Handler.run(Server.java:2966) [hadoop-common-3.3.1.jar:?]
17:31:08.441 [IPC Server handler 13 on default port 37325] ERROR OMAudit - user=runner | ip=127.0.0.1 | op=GET_FILE_STATUS {volume=volume27242, bucket=bucket61358, key=.Trash/runner, dataSize=0, replicationConfig=null} | ret=FAILURE
org.apache.hadoop.ozone.om.exceptions.OMException: Unable to get file status: volume: volume27242 bucket: bucket61358 key: .Trash/runner
	at org.apache.hadoop.ozone.om.KeyManagerImpl.getOzoneFileStatusFSO(KeyManagerImpl.java:1376) ~[ozone-manager-1.3.0-SNAPSHOT.jar:?]
	at org.apache.hadoop.ozone.om.KeyManagerImpl.getFileStatus(KeyManagerImpl.java:1239) ~[ozone-manager-1.3.0-SNAPSHOT.jar:?]
	at org.apache.hadoop.ozone.om.OzoneManager.getFileStatus(OzoneManager.java:3467) ~[ozone-manager-1.3.0-SNAPSHOT.jar:?]
	at org.apache.hadoop.ozone.protocolPB.OzoneManagerRequestHandler.getOzoneFileStatus(OzoneManagerRequestHandler.java:878) ~[ozone-manager-1.3.0-SNAPSHOT.jar:?]
	at org.apache.hadoop.ozone.protocolPB.OzoneManagerRequestHandler.handleReadRequest(OzoneManagerRequestHandler.java:224) ~[ozone-manager-1.3.0-SNAPSHOT.jar:?]
	at org.apache.hadoop.ozone.protocolPB.OzoneManagerProtocolServerSideTranslatorPB.submitReadRequestToOM(OzoneManagerProtocolServerSideTranslatorPB.java:226) ~[ozone-manager-1.3.0-SNAPSHOT.jar:?]
	at org.apache.hadoop.ozone.protocolPB.OzoneManagerProtocolServerSideTranslatorPB.processRequest(OzoneManagerProtocolServerSideTranslatorPB.java:175) ~[ozone-manager-1.3.0-SNAPSHOT.jar:?]
	at org.apache.hadoop.hdds.server.OzoneProtocolMessageDispatcher.processRequest(OzoneProtocolMessageDispatcher.java:87) [hdds-server-framework-1.3.0-SNAPSHOT.jar:?]
	at org.apache.hadoop.ozone.protocolPB.OzoneManagerProtocolServerSideTranslatorPB.submitRequest(OzoneManagerProtocolServerSideTranslatorPB.java:147) [ozone-manager-1.3.0-SNAPSHOT.jar:?]
	at org.apache.hadoop.ozone.protocol.proto.OzoneManagerProtocolProtos$OzoneManagerService$2.callBlockingMethod(OzoneManagerProtocolProtos.java) [ozone-interface-client-1.3.0-SNAPSHOT.jar:?]
	at org.apache.hadoop.ipc.ProtobufRpcEngine$Server.processCall(ProtobufRpcEngine.java:466) [hadoop-common-3.3.1.jar:?]
	at org.apache.hadoop.ipc.ProtobufRpcEngine2$Server$ProtoBufRpcInvoker.call(ProtobufRpcEngine2.java:574) [hadoop-common-3.3.1.jar:?]
	at org.apache.hadoop.ipc.ProtobufRpcEngine2$Server$ProtoBufRpcInvoker.call(ProtobufRpcEngine2.java:552) [hadoop-common-3.3.1.jar:?]
	at org.apache.hadoop.ipc.RPC$Server.call(RPC.java:1093) [hadoop-common-3.3.1.jar:?]
	at org.apache.hadoop.ipc.Server$RpcCall.run(Server.java:1035) [hadoop-common-3.3.1.jar:?]
	at org.apache.hadoop.ipc.Server$RpcCall.run(Server.java:963) [hadoop-common-3.3.1.jar:?]
	at java.security.AccessController.doPrivileged(Native Method) ~[?:1.8.0_332]
	at javax.security.auth.Subject.doAs(Subject.java:422) [?:1.8.0_332]
	at org.apache.hadoop.security.UserGroupInformation.doAs(UserGroupInformation.java:1878) [hadoop-common-3.3.1.jar:?]
	at org.apache.hadoop.ipc.Server$Handler.run(Server.java:2966) [hadoop-common-3.3.1.jar:?]
17:31:08.447 [IPC Server handler 9 on default port 37325] ERROR OMAudit - user=runner | ip=127.0.0.1 | op=GET_FILE_STATUS {volume=8c4c1062-169b-4c6c-b280-7dcb371950db, bucket=3cd3bff7-cca4-4cdd-ab52-4262769acc01, key=.Trash, dataSize=0, replicationConfig=null} | ret=FAILURE
org.apache.hadoop.ozone.om.exceptions.OMException: Unable to get file status: volume: 8c4c1062-169b-4c6c-b280-7dcb371950db bucket: 3cd3bff7-cca4-4cdd-ab52-4262769acc01 key: .Trash
	at org.apache.hadoop.ozone.om.KeyManagerImpl.getOzoneFileStatus(KeyManagerImpl.java:1311) ~[ozone-manager-1.3.0-SNAPSHOT.jar:?]
	at org.apache.hadoop.ozone.om.KeyManagerImpl.getFileStatus(KeyManagerImpl.java:1241) ~[ozone-manager-1.3.0-SNAPSHOT.jar:?]
	at org.apache.hadoop.ozone.om.OzoneManager.getFileStatus(OzoneManager.java:3467) ~[ozone-manager-1.3.0-SNAPSHOT.jar:?]
	at org.apache.hadoop.ozone.protocolPB.OzoneManagerRequestHandler.getOzoneFileStatus(OzoneManagerRequestHandler.java:878) ~[ozone-manager-1.3.0-SNAPSHOT.jar:?]
	at org.apache.hadoop.ozone.protocolPB.OzoneManagerRequestHandler.handleReadRequest(OzoneManagerRequestHandler.java:224) ~[ozone-manager-1.3.0-SNAPSHOT.jar:?]
	at org.apache.hadoop.ozone.protocolPB.OzoneManagerProtocolServerSideTranslatorPB.submitReadRequestToOM(OzoneManagerProtocolServerSideTranslatorPB.java:226) ~[ozone-manager-1.3.0-SNAPSHOT.jar:?]
	at org.apache.hadoop.ozone.protocolPB.OzoneManagerProtocolServerSideTranslatorPB.processRequest(OzoneManagerProtocolServerSideTranslatorPB.java:175) ~[ozone-manager-1.3.0-SNAPSHOT.jar:?]
	at org.apache.hadoop.hdds.server.OzoneProtocolMessageDispatcher.processRequest(OzoneProtocolMessageDispatcher.java:87) [hdds-server-framework-1.3.0-SNAPSHOT.jar:?]
	at org.apache.hadoop.ozone.protocolPB.OzoneManagerProtocolServerSideTranslatorPB.submitRequest(OzoneManagerProtocolServerSideTranslatorPB.java:147) [ozone-manager-1.3.0-SNAPSHOT.jar:?]
	at org.apache.hadoop.ozone.protocol.proto.OzoneManagerProtocolProtos$OzoneManagerService$2.callBlockingMethod(OzoneManagerProtocolProtos.java) [ozone-interface-client-1.3.0-SNAPSHOT.jar:?]
	at org.apache.hadoop.ipc.ProtobufRpcEngine$Server.processCall(ProtobufRpcEngine.java:466) [hadoop-common-3.3.1.jar:?]
	at org.apache.hadoop.ipc.ProtobufRpcEngine2$Server$ProtoBufRpcInvoker.call(ProtobufRpcEngine2.java:574) [hadoop-common-3.3.1.jar:?]
	at org.apache.hadoop.ipc.ProtobufRpcEngine2$Server$ProtoBufRpcInvoker.call(ProtobufRpcEngine2.java:552) [hadoop-common-3.3.1.jar:?]
	at org.apache.hadoop.ipc.RPC$Server.call(RPC.java:1093) [hadoop-common-3.3.1.jar:?]
	at org.apache.hadoop.ipc.Server$RpcCall.run(Server.java:1035) [hadoop-common-3.3.1.jar:?]
	at org.apache.hadoop.ipc.Server$RpcCall.run(Server.java:963) [hadoop-common-3.3.1.jar:?]
	at java.security.AccessController.doPrivileged(Native Method) ~[?:1.8.0_332]
	at javax.security.auth.Subject.doAs(Subject.java:422) [?:1.8.0_332]
	at org.apache.hadoop.security.UserGroupInformation.doAs(UserGroupInformation.java:1878) [hadoop-common-3.3.1.jar:?]
	at org.apache.hadoop.ipc.Server$Handler.run(Server.java:2966) [hadoop-common-3.3.1.jar:?]
]]></system-out>
  </testcase>
  <testcase name="testGetTrashRoots" classname="TestRootedOzoneFileSystemWithFSO" time="0.62">
    <system-out><![CDATA[2022-08-08 17:32:16,147 [Time-limited test] INFO  rpc.RpcClient (RpcClient.java:createVolume(468)) - Creating Volume: volume39722, with user23243 as owner and space quota set to -1 bytes, counts quota set to -1
2022-08-08 17:32:16,149 [IPC Server handler 1 on default port 44865] INFO  volume.OMVolumeCreateRequest (OMVolumeCreateRequest.java:validateAndUpdateCache(195)) - created volume:volume39722 for user:user23243
2022-08-08 17:32:16,151 [Time-limited test] INFO  rpc.RpcClient (RpcClient.java:createBucket(671)) - Creating Bucket: volume39722/bucket39195, with bucket layout FILE_SYSTEM_OPTIMIZED, runner as owner, Versioning false, Storage Type set to DISK and Encryption set to false 
2022-08-08 17:32:16,151 [IPC Server handler 4 on default port 44865] INFO  bucket.OMBucketCreateRequest (OMBucketCreateRequest.java:validateAndUpdateCache(260)) - created bucket: bucket39195 of layout FILE_SYSTEM_OPTIMIZED in volume: volume39722
17:32:16.162 [IPC Server handler 11 on default port 44865] ERROR OMAudit - user=runner | ip=127.0.0.1 | op=GET_FILE_STATUS {volume=volume39722, bucket=bucket39195, key=.Trash/runner, dataSize=0, replicationConfig=null} | ret=FAILURE
org.apache.hadoop.ozone.om.exceptions.OMException: Unable to get file status: volume: volume39722 bucket: bucket39195 key: .Trash/runner
	at org.apache.hadoop.ozone.om.KeyManagerImpl.getOzoneFileStatusFSO(KeyManagerImpl.java:1376) ~[ozone-manager-1.3.0-SNAPSHOT.jar:?]
	at org.apache.hadoop.ozone.om.KeyManagerImpl.getFileStatus(KeyManagerImpl.java:1239) ~[ozone-manager-1.3.0-SNAPSHOT.jar:?]
	at org.apache.hadoop.ozone.om.OzoneManager.getFileStatus(OzoneManager.java:3467) ~[ozone-manager-1.3.0-SNAPSHOT.jar:?]
	at org.apache.hadoop.ozone.protocolPB.OzoneManagerRequestHandler.getOzoneFileStatus(OzoneManagerRequestHandler.java:878) ~[ozone-manager-1.3.0-SNAPSHOT.jar:?]
	at org.apache.hadoop.ozone.protocolPB.OzoneManagerRequestHandler.handleReadRequest(OzoneManagerRequestHandler.java:224) ~[ozone-manager-1.3.0-SNAPSHOT.jar:?]
	at org.apache.hadoop.ozone.protocolPB.OzoneManagerProtocolServerSideTranslatorPB.submitRequestDirectlyToOM(OzoneManagerProtocolServerSideTranslatorPB.java:276) ~[ozone-manager-1.3.0-SNAPSHOT.jar:?]
	at org.apache.hadoop.ozone.protocolPB.OzoneManagerProtocolServerSideTranslatorPB.processRequest(OzoneManagerProtocolServerSideTranslatorPB.java:205) ~[ozone-manager-1.3.0-SNAPSHOT.jar:?]
	at org.apache.hadoop.hdds.server.OzoneProtocolMessageDispatcher.processRequest(OzoneProtocolMessageDispatcher.java:87) [hdds-server-framework-1.3.0-SNAPSHOT.jar:?]
	at org.apache.hadoop.ozone.protocolPB.OzoneManagerProtocolServerSideTranslatorPB.submitRequest(OzoneManagerProtocolServerSideTranslatorPB.java:147) [ozone-manager-1.3.0-SNAPSHOT.jar:?]
	at org.apache.hadoop.ozone.protocol.proto.OzoneManagerProtocolProtos$OzoneManagerService$2.callBlockingMethod(OzoneManagerProtocolProtos.java) [ozone-interface-client-1.3.0-SNAPSHOT.jar:?]
	at org.apache.hadoop.ipc.ProtobufRpcEngine$Server.processCall(ProtobufRpcEngine.java:466) [hadoop-common-3.3.1.jar:?]
	at org.apache.hadoop.ipc.ProtobufRpcEngine2$Server$ProtoBufRpcInvoker.call(ProtobufRpcEngine2.java:574) [hadoop-common-3.3.1.jar:?]
	at org.apache.hadoop.ipc.ProtobufRpcEngine2$Server$ProtoBufRpcInvoker.call(ProtobufRpcEngine2.java:552) [hadoop-common-3.3.1.jar:?]
	at org.apache.hadoop.ipc.RPC$Server.call(RPC.java:1093) [hadoop-common-3.3.1.jar:?]
	at org.apache.hadoop.ipc.Server$RpcCall.run(Server.java:1035) [hadoop-common-3.3.1.jar:?]
	at org.apache.hadoop.ipc.Server$RpcCall.run(Server.java:963) [hadoop-common-3.3.1.jar:?]
	at java.security.AccessController.doPrivileged(Native Method) ~[?:1.8.0_332]
	at javax.security.auth.Subject.doAs(Subject.java:422) [?:1.8.0_332]
	at org.apache.hadoop.security.UserGroupInformation.doAs(UserGroupInformation.java:1878) [hadoop-common-3.3.1.jar:?]
	at org.apache.hadoop.ipc.Server$Handler.run(Server.java:2966) [hadoop-common-3.3.1.jar:?]
17:32:16.165 [IPC Server handler 17 on default port 44865] ERROR OMAudit - user=runner | ip=127.0.0.1 | op=GET_FILE_STATUS {volume=bc6bd3cd-82b6-4b0a-bce3-24c47713f561, bucket=669a6d60-34e4-4c80-9c2a-fd794b263a74, key=.Trash, dataSize=0, replicationConfig=null} | ret=FAILURE
org.apache.hadoop.ozone.om.exceptions.OMException: Unable to get file status: volume: bc6bd3cd-82b6-4b0a-bce3-24c47713f561 bucket: 669a6d60-34e4-4c80-9c2a-fd794b263a74 key: .Trash
	at org.apache.hadoop.ozone.om.KeyManagerImpl.getOzoneFileStatus(KeyManagerImpl.java:1311) ~[ozone-manager-1.3.0-SNAPSHOT.jar:?]
	at org.apache.hadoop.ozone.om.KeyManagerImpl.getFileStatus(KeyManagerImpl.java:1241) ~[ozone-manager-1.3.0-SNAPSHOT.jar:?]
	at org.apache.hadoop.ozone.om.OzoneManager.getFileStatus(OzoneManager.java:3467) ~[ozone-manager-1.3.0-SNAPSHOT.jar:?]
	at org.apache.hadoop.ozone.protocolPB.OzoneManagerRequestHandler.getOzoneFileStatus(OzoneManagerRequestHandler.java:878) ~[ozone-manager-1.3.0-SNAPSHOT.jar:?]
	at org.apache.hadoop.ozone.protocolPB.OzoneManagerRequestHandler.handleReadRequest(OzoneManagerRequestHandler.java:224) ~[ozone-manager-1.3.0-SNAPSHOT.jar:?]
	at org.apache.hadoop.ozone.protocolPB.OzoneManagerProtocolServerSideTranslatorPB.submitRequestDirectlyToOM(OzoneManagerProtocolServerSideTranslatorPB.java:276) ~[ozone-manager-1.3.0-SNAPSHOT.jar:?]
	at org.apache.hadoop.ozone.protocolPB.OzoneManagerProtocolServerSideTranslatorPB.processRequest(OzoneManagerProtocolServerSideTranslatorPB.java:205) ~[ozone-manager-1.3.0-SNAPSHOT.jar:?]
	at org.apache.hadoop.hdds.server.OzoneProtocolMessageDispatcher.processRequest(OzoneProtocolMessageDispatcher.java:87) [hdds-server-framework-1.3.0-SNAPSHOT.jar:?]
	at org.apache.hadoop.ozone.protocolPB.OzoneManagerProtocolServerSideTranslatorPB.submitRequest(OzoneManagerProtocolServerSideTranslatorPB.java:147) [ozone-manager-1.3.0-SNAPSHOT.jar:?]
	at org.apache.hadoop.ozone.protocol.proto.OzoneManagerProtocolProtos$OzoneManagerService$2.callBlockingMethod(OzoneManagerProtocolProtos.java) [ozone-interface-client-1.3.0-SNAPSHOT.jar:?]
	at org.apache.hadoop.ipc.ProtobufRpcEngine$Server.processCall(ProtobufRpcEngine.java:466) [hadoop-common-3.3.1.jar:?]
	at org.apache.hadoop.ipc.ProtobufRpcEngine2$Server$ProtoBufRpcInvoker.call(ProtobufRpcEngine2.java:574) [hadoop-common-3.3.1.jar:?]
	at org.apache.hadoop.ipc.ProtobufRpcEngine2$Server$ProtoBufRpcInvoker.call(ProtobufRpcEngine2.java:552) [hadoop-common-3.3.1.jar:?]
	at org.apache.hadoop.ipc.RPC$Server.call(RPC.java:1093) [hadoop-common-3.3.1.jar:?]
	at org.apache.hadoop.ipc.Server$RpcCall.run(Server.java:1035) [hadoop-common-3.3.1.jar:?]
	at org.apache.hadoop.ipc.Server$RpcCall.run(Server.java:963) [hadoop-common-3.3.1.jar:?]
	at java.security.AccessController.doPrivileged(Native Method) ~[?:1.8.0_332]
	at javax.security.auth.Subject.doAs(Subject.java:422) [?:1.8.0_332]
	at org.apache.hadoop.security.UserGroupInformation.doAs(UserGroupInformation.java:1878) [hadoop-common-3.3.1.jar:?]
	at org.apache.hadoop.ipc.Server$Handler.run(Server.java:2966) [hadoop-common-3.3.1.jar:?]
17:32:16.169 [IPC Server handler 3 on default port 44865] ERROR OMAudit - user=runner | ip=127.0.0.1 | op=GET_FILE_STATUS {volume=volume39722, bucket=bucket39195, key=.Trash, dataSize=0, replicationConfig=null} | ret=FAILURE
org.apache.hadoop.ozone.om.exceptions.OMException: Unable to get file status: volume: volume39722 bucket: bucket39195 key: .Trash
	at org.apache.hadoop.ozone.om.KeyManagerImpl.getOzoneFileStatusFSO(KeyManagerImpl.java:1376) ~[ozone-manager-1.3.0-SNAPSHOT.jar:?]
	at org.apache.hadoop.ozone.om.KeyManagerImpl.getFileStatus(KeyManagerImpl.java:1239) ~[ozone-manager-1.3.0-SNAPSHOT.jar:?]
	at org.apache.hadoop.ozone.om.OzoneManager.getFileStatus(OzoneManager.java:3467) ~[ozone-manager-1.3.0-SNAPSHOT.jar:?]
	at org.apache.hadoop.ozone.protocolPB.OzoneManagerRequestHandler.getOzoneFileStatus(OzoneManagerRequestHandler.java:878) ~[ozone-manager-1.3.0-SNAPSHOT.jar:?]
	at org.apache.hadoop.ozone.protocolPB.OzoneManagerRequestHandler.handleReadRequest(OzoneManagerRequestHandler.java:224) ~[ozone-manager-1.3.0-SNAPSHOT.jar:?]
	at org.apache.hadoop.ozone.protocolPB.OzoneManagerProtocolServerSideTranslatorPB.submitRequestDirectlyToOM(OzoneManagerProtocolServerSideTranslatorPB.java:276) ~[ozone-manager-1.3.0-SNAPSHOT.jar:?]
	at org.apache.hadoop.ozone.protocolPB.OzoneManagerProtocolServerSideTranslatorPB.processRequest(OzoneManagerProtocolServerSideTranslatorPB.java:205) ~[ozone-manager-1.3.0-SNAPSHOT.jar:?]
	at org.apache.hadoop.hdds.server.OzoneProtocolMessageDispatcher.processRequest(OzoneProtocolMessageDispatcher.java:87) [hdds-server-framework-1.3.0-SNAPSHOT.jar:?]
	at org.apache.hadoop.ozone.protocolPB.OzoneManagerProtocolServerSideTranslatorPB.submitRequest(OzoneManagerProtocolServerSideTranslatorPB.java:147) [ozone-manager-1.3.0-SNAPSHOT.jar:?]
	at org.apache.hadoop.ozone.protocol.proto.OzoneManagerProtocolProtos$OzoneManagerService$2.callBlockingMethod(OzoneManagerProtocolProtos.java) [ozone-interface-client-1.3.0-SNAPSHOT.jar:?]
	at org.apache.hadoop.ipc.ProtobufRpcEngine$Server.processCall(ProtobufRpcEngine.java:466) [hadoop-common-3.3.1.jar:?]
	at org.apache.hadoop.ipc.ProtobufRpcEngine2$Server$ProtoBufRpcInvoker.call(ProtobufRpcEngine2.java:574) [hadoop-common-3.3.1.jar:?]
	at org.apache.hadoop.ipc.ProtobufRpcEngine2$Server$ProtoBufRpcInvoker.call(ProtobufRpcEngine2.java:552) [hadoop-common-3.3.1.jar:?]
	at org.apache.hadoop.ipc.RPC$Server.call(RPC.java:1093) [hadoop-common-3.3.1.jar:?]
	at org.apache.hadoop.ipc.Server$RpcCall.run(Server.java:1035) [hadoop-common-3.3.1.jar:?]
	at org.apache.hadoop.ipc.Server$RpcCall.run(Server.java:963) [hadoop-common-3.3.1.jar:?]
	at java.security.AccessController.doPrivileged(Native Method) ~[?:1.8.0_332]
	at javax.security.auth.Subject.doAs(Subject.java:422) [?:1.8.0_332]
	at org.apache.hadoop.security.UserGroupInformation.doAs(UserGroupInformation.java:1878) [hadoop-common-3.3.1.jar:?]
	at org.apache.hadoop.ipc.Server$Handler.run(Server.java:2966) [hadoop-common-3.3.1.jar:?]
17:32:16.177 [IPC Server handler 1 on default port 44865] ERROR OMAudit - user=runner | ip=127.0.0.1 | op=GET_FILE_STATUS {volume=bc6bd3cd-82b6-4b0a-bce3-24c47713f561, bucket=669a6d60-34e4-4c80-9c2a-fd794b263a74, key=.Trash, dataSize=0, replicationConfig=null} | ret=FAILURE
org.apache.hadoop.ozone.om.exceptions.OMException: Unable to get file status: volume: bc6bd3cd-82b6-4b0a-bce3-24c47713f561 bucket: 669a6d60-34e4-4c80-9c2a-fd794b263a74 key: .Trash
	at org.apache.hadoop.ozone.om.KeyManagerImpl.getOzoneFileStatus(KeyManagerImpl.java:1311) ~[ozone-manager-1.3.0-SNAPSHOT.jar:?]
	at org.apache.hadoop.ozone.om.KeyManagerImpl.getFileStatus(KeyManagerImpl.java:1241) ~[ozone-manager-1.3.0-SNAPSHOT.jar:?]
	at org.apache.hadoop.ozone.om.OzoneManager.getFileStatus(OzoneManager.java:3467) ~[ozone-manager-1.3.0-SNAPSHOT.jar:?]
	at org.apache.hadoop.ozone.protocolPB.OzoneManagerRequestHandler.getOzoneFileStatus(OzoneManagerRequestHandler.java:878) ~[ozone-manager-1.3.0-SNAPSHOT.jar:?]
	at org.apache.hadoop.ozone.protocolPB.OzoneManagerRequestHandler.handleReadRequest(OzoneManagerRequestHandler.java:224) ~[ozone-manager-1.3.0-SNAPSHOT.jar:?]
	at org.apache.hadoop.ozone.protocolPB.OzoneManagerProtocolServerSideTranslatorPB.submitRequestDirectlyToOM(OzoneManagerProtocolServerSideTranslatorPB.java:276) ~[ozone-manager-1.3.0-SNAPSHOT.jar:?]
	at org.apache.hadoop.ozone.protocolPB.OzoneManagerProtocolServerSideTranslatorPB.processRequest(OzoneManagerProtocolServerSideTranslatorPB.java:205) ~[ozone-manager-1.3.0-SNAPSHOT.jar:?]
	at org.apache.hadoop.hdds.server.OzoneProtocolMessageDispatcher.processRequest(OzoneProtocolMessageDispatcher.java:87) [hdds-server-framework-1.3.0-SNAPSHOT.jar:?]
	at org.apache.hadoop.ozone.protocolPB.OzoneManagerProtocolServerSideTranslatorPB.submitRequest(OzoneManagerProtocolServerSideTranslatorPB.java:147) [ozone-manager-1.3.0-SNAPSHOT.jar:?]
	at org.apache.hadoop.ozone.protocol.proto.OzoneManagerProtocolProtos$OzoneManagerService$2.callBlockingMethod(OzoneManagerProtocolProtos.java) [ozone-interface-client-1.3.0-SNAPSHOT.jar:?]
	at org.apache.hadoop.ipc.ProtobufRpcEngine$Server.processCall(ProtobufRpcEngine.java:466) [hadoop-common-3.3.1.jar:?]
	at org.apache.hadoop.ipc.ProtobufRpcEngine2$Server$ProtoBufRpcInvoker.call(ProtobufRpcEngine2.java:574) [hadoop-common-3.3.1.jar:?]
	at org.apache.hadoop.ipc.ProtobufRpcEngine2$Server$ProtoBufRpcInvoker.call(ProtobufRpcEngine2.java:552) [hadoop-common-3.3.1.jar:?]
	at org.apache.hadoop.ipc.RPC$Server.call(RPC.java:1093) [hadoop-common-3.3.1.jar:?]
	at org.apache.hadoop.ipc.Server$RpcCall.run(Server.java:1035) [hadoop-common-3.3.1.jar:?]
	at org.apache.hadoop.ipc.Server$RpcCall.run(Server.java:963) [hadoop-common-3.3.1.jar:?]
	at java.security.AccessController.doPrivileged(Native Method) ~[?:1.8.0_332]
	at javax.security.auth.Subject.doAs(Subject.java:422) [?:1.8.0_332]
	at org.apache.hadoop.security.UserGroupInformation.doAs(UserGroupInformation.java:1878) [hadoop-common-3.3.1.jar:?]
	at org.apache.hadoop.ipc.Server$Handler.run(Server.java:2966) [hadoop-common-3.3.1.jar:?]
17:32:16.212 [IPC Server handler 10 on default port 44865] ERROR OMAudit - user=runner | ip=127.0.0.1 | op=GET_FILE_STATUS {volume=bc6bd3cd-82b6-4b0a-bce3-24c47713f561, bucket=669a6d60-34e4-4c80-9c2a-fd794b263a74, key=.Trash, dataSize=0, replicationConfig=null} | ret=FAILURE
org.apache.hadoop.ozone.om.exceptions.OMException: Unable to get file status: volume: bc6bd3cd-82b6-4b0a-bce3-24c47713f561 bucket: 669a6d60-34e4-4c80-9c2a-fd794b263a74 key: .Trash
	at org.apache.hadoop.ozone.om.KeyManagerImpl.getOzoneFileStatus(KeyManagerImpl.java:1311) ~[ozone-manager-1.3.0-SNAPSHOT.jar:?]
	at org.apache.hadoop.ozone.om.KeyManagerImpl.getFileStatus(KeyManagerImpl.java:1241) ~[ozone-manager-1.3.0-SNAPSHOT.jar:?]
	at org.apache.hadoop.ozone.om.OzoneManager.getFileStatus(OzoneManager.java:3467) ~[ozone-manager-1.3.0-SNAPSHOT.jar:?]
	at org.apache.hadoop.ozone.protocolPB.OzoneManagerRequestHandler.getOzoneFileStatus(OzoneManagerRequestHandler.java:878) ~[ozone-manager-1.3.0-SNAPSHOT.jar:?]
	at org.apache.hadoop.ozone.protocolPB.OzoneManagerRequestHandler.handleReadRequest(OzoneManagerRequestHandler.java:224) ~[ozone-manager-1.3.0-SNAPSHOT.jar:?]
	at org.apache.hadoop.ozone.protocolPB.OzoneManagerProtocolServerSideTranslatorPB.submitRequestDirectlyToOM(OzoneManagerProtocolServerSideTranslatorPB.java:276) ~[ozone-manager-1.3.0-SNAPSHOT.jar:?]
	at org.apache.hadoop.ozone.protocolPB.OzoneManagerProtocolServerSideTranslatorPB.processRequest(OzoneManagerProtocolServerSideTranslatorPB.java:205) ~[ozone-manager-1.3.0-SNAPSHOT.jar:?]
	at org.apache.hadoop.hdds.server.OzoneProtocolMessageDispatcher.processRequest(OzoneProtocolMessageDispatcher.java:87) [hdds-server-framework-1.3.0-SNAPSHOT.jar:?]
	at org.apache.hadoop.ozone.protocolPB.OzoneManagerProtocolServerSideTranslatorPB.submitRequest(OzoneManagerProtocolServerSideTranslatorPB.java:147) [ozone-manager-1.3.0-SNAPSHOT.jar:?]
	at org.apache.hadoop.ozone.protocol.proto.OzoneManagerProtocolProtos$OzoneManagerService$2.callBlockingMethod(OzoneManagerProtocolProtos.java) [ozone-interface-client-1.3.0-SNAPSHOT.jar:?]
	at org.apache.hadoop.ipc.ProtobufRpcEngine$Server.processCall(ProtobufRpcEngine.java:466) [hadoop-common-3.3.1.jar:?]
	at org.apache.hadoop.ipc.ProtobufRpcEngine2$Server$ProtoBufRpcInvoker.call(ProtobufRpcEngine2.java:574) [hadoop-common-3.3.1.jar:?]
	at org.apache.hadoop.ipc.ProtobufRpcEngine2$Server$ProtoBufRpcInvoker.call(ProtobufRpcEngine2.java:552) [hadoop-common-3.3.1.jar:?]
	at org.apache.hadoop.ipc.RPC$Server.call(RPC.java:1093) [hadoop-common-3.3.1.jar:?]
	at org.apache.hadoop.ipc.Server$RpcCall.run(Server.java:1035) [hadoop-common-3.3.1.jar:?]
	at org.apache.hadoop.ipc.Server$RpcCall.run(Server.java:963) [hadoop-common-3.3.1.jar:?]
	at java.security.AccessController.doPrivileged(Native Method) ~[?:1.8.0_332]
	at javax.security.auth.Subject.doAs(Subject.java:422) [?:1.8.0_332]
	at org.apache.hadoop.security.UserGroupInformation.doAs(UserGroupInformation.java:1878) [hadoop-common-3.3.1.jar:?]
	at org.apache.hadoop.ipc.Server$Handler.run(Server.java:2966) [hadoop-common-3.3.1.jar:?]
2022-08-08 17:32:16,218 [Time-limited test] INFO  rpc.RpcClient (RpcClient.java:createBucket(671)) - Creating Bucket: volume39722/trashroottest2, with bucket layout FILE_SYSTEM_OPTIMIZED, runner as owner, Versioning false, Storage Type set to DISK and Encryption set to false 
2022-08-08 17:32:16,223 [IPC Server handler 4 on default port 44865] INFO  bucket.OMBucketCreateRequest (OMBucketCreateRequest.java:validateAndUpdateCache(260)) - created bucket: trashroottest2 of layout FILE_SYSTEM_OPTIMIZED in volume: volume39722
17:32:16.356 [IPC Server handler 6 on default port 44865] ERROR OMAudit - user=runner | ip=127.0.0.1 | op=GET_FILE_STATUS {volume=bc6bd3cd-82b6-4b0a-bce3-24c47713f561, bucket=669a6d60-34e4-4c80-9c2a-fd794b263a74, key=.Trash, dataSize=0, replicationConfig=null} | ret=FAILURE
org.apache.hadoop.ozone.om.exceptions.OMException: Unable to get file status: volume: bc6bd3cd-82b6-4b0a-bce3-24c47713f561 bucket: 669a6d60-34e4-4c80-9c2a-fd794b263a74 key: .Trash
	at org.apache.hadoop.ozone.om.KeyManagerImpl.getOzoneFileStatus(KeyManagerImpl.java:1311) ~[ozone-manager-1.3.0-SNAPSHOT.jar:?]
	at org.apache.hadoop.ozone.om.KeyManagerImpl.getFileStatus(KeyManagerImpl.java:1241) ~[ozone-manager-1.3.0-SNAPSHOT.jar:?]
	at org.apache.hadoop.ozone.om.OzoneManager.getFileStatus(OzoneManager.java:3467) ~[ozone-manager-1.3.0-SNAPSHOT.jar:?]
	at org.apache.hadoop.ozone.protocolPB.OzoneManagerRequestHandler.getOzoneFileStatus(OzoneManagerRequestHandler.java:878) ~[ozone-manager-1.3.0-SNAPSHOT.jar:?]
	at org.apache.hadoop.ozone.protocolPB.OzoneManagerRequestHandler.handleReadRequest(OzoneManagerRequestHandler.java:224) ~[ozone-manager-1.3.0-SNAPSHOT.jar:?]
	at org.apache.hadoop.ozone.protocolPB.OzoneManagerProtocolServerSideTranslatorPB.submitRequestDirectlyToOM(OzoneManagerProtocolServerSideTranslatorPB.java:276) ~[ozone-manager-1.3.0-SNAPSHOT.jar:?]
	at org.apache.hadoop.ozone.protocolPB.OzoneManagerProtocolServerSideTranslatorPB.processRequest(OzoneManagerProtocolServerSideTranslatorPB.java:205) ~[ozone-manager-1.3.0-SNAPSHOT.jar:?]
	at org.apache.hadoop.hdds.server.OzoneProtocolMessageDispatcher.processRequest(OzoneProtocolMessageDispatcher.java:87) [hdds-server-framework-1.3.0-SNAPSHOT.jar:?]
	at org.apache.hadoop.ozone.protocolPB.OzoneManagerProtocolServerSideTranslatorPB.submitRequest(OzoneManagerProtocolServerSideTranslatorPB.java:147) [ozone-manager-1.3.0-SNAPSHOT.jar:?]
	at org.apache.hadoop.ozone.protocol.proto.OzoneManagerProtocolProtos$OzoneManagerService$2.callBlockingMethod(OzoneManagerProtocolProtos.java) [ozone-interface-client-1.3.0-SNAPSHOT.jar:?]
	at org.apache.hadoop.ipc.ProtobufRpcEngine$Server.processCall(ProtobufRpcEngine.java:466) [hadoop-common-3.3.1.jar:?]
	at org.apache.hadoop.ipc.ProtobufRpcEngine2$Server$ProtoBufRpcInvoker.call(ProtobufRpcEngine2.java:574) [hadoop-common-3.3.1.jar:?]
	at org.apache.hadoop.ipc.ProtobufRpcEngine2$Server$ProtoBufRpcInvoker.call(ProtobufRpcEngine2.java:552) [hadoop-common-3.3.1.jar:?]
	at org.apache.hadoop.ipc.RPC$Server.call(RPC.java:1093) [hadoop-common-3.3.1.jar:?]
	at org.apache.hadoop.ipc.Server$RpcCall.run(Server.java:1035) [hadoop-common-3.3.1.jar:?]
	at org.apache.hadoop.ipc.Server$RpcCall.run(Server.java:963) [hadoop-common-3.3.1.jar:?]
	at java.security.AccessController.doPrivileged(Native Method) ~[?:1.8.0_332]
	at javax.security.auth.Subject.doAs(Subject.java:422) [?:1.8.0_332]
	at org.apache.hadoop.security.UserGroupInformation.doAs(UserGroupInformation.java:1878) [hadoop-common-3.3.1.jar:?]
	at org.apache.hadoop.ipc.Server$Handler.run(Server.java:2966) [hadoop-common-3.3.1.jar:?]
17:32:16.396 [IPC Server handler 15 on default port 44865] ERROR OMAudit - user=runner | ip=127.0.0.1 | op=GET_FILE_STATUS {volume=bc6bd3cd-82b6-4b0a-bce3-24c47713f561, bucket=669a6d60-34e4-4c80-9c2a-fd794b263a74, key=.Trash, dataSize=0, replicationConfig=null} | ret=FAILURE
org.apache.hadoop.ozone.om.exceptions.OMException: Unable to get file status: volume: bc6bd3cd-82b6-4b0a-bce3-24c47713f561 bucket: 669a6d60-34e4-4c80-9c2a-fd794b263a74 key: .Trash
	at org.apache.hadoop.ozone.om.KeyManagerImpl.getOzoneFileStatus(KeyManagerImpl.java:1311) ~[ozone-manager-1.3.0-SNAPSHOT.jar:?]
	at org.apache.hadoop.ozone.om.KeyManagerImpl.getFileStatus(KeyManagerImpl.java:1241) ~[ozone-manager-1.3.0-SNAPSHOT.jar:?]
	at org.apache.hadoop.ozone.om.OzoneManager.getFileStatus(OzoneManager.java:3467) ~[ozone-manager-1.3.0-SNAPSHOT.jar:?]
	at org.apache.hadoop.ozone.protocolPB.OzoneManagerRequestHandler.getOzoneFileStatus(OzoneManagerRequestHandler.java:878) ~[ozone-manager-1.3.0-SNAPSHOT.jar:?]
	at org.apache.hadoop.ozone.protocolPB.OzoneManagerRequestHandler.handleReadRequest(OzoneManagerRequestHandler.java:224) ~[ozone-manager-1.3.0-SNAPSHOT.jar:?]
	at org.apache.hadoop.ozone.protocolPB.OzoneManagerProtocolServerSideTranslatorPB.submitRequestDirectlyToOM(OzoneManagerProtocolServerSideTranslatorPB.java:276) ~[ozone-manager-1.3.0-SNAPSHOT.jar:?]
	at org.apache.hadoop.ozone.protocolPB.OzoneManagerProtocolServerSideTranslatorPB.processRequest(OzoneManagerProtocolServerSideTranslatorPB.java:205) ~[ozone-manager-1.3.0-SNAPSHOT.jar:?]
	at org.apache.hadoop.hdds.server.OzoneProtocolMessageDispatcher.processRequest(OzoneProtocolMessageDispatcher.java:87) [hdds-server-framework-1.3.0-SNAPSHOT.jar:?]
	at org.apache.hadoop.ozone.protocolPB.OzoneManagerProtocolServerSideTranslatorPB.submitRequest(OzoneManagerProtocolServerSideTranslatorPB.java:147) [ozone-manager-1.3.0-SNAPSHOT.jar:?]
	at org.apache.hadoop.ozone.protocol.proto.OzoneManagerProtocolProtos$OzoneManagerService$2.callBlockingMethod(OzoneManagerProtocolProtos.java) [ozone-interface-client-1.3.0-SNAPSHOT.jar:?]
	at org.apache.hadoop.ipc.ProtobufRpcEngine$Server.processCall(ProtobufRpcEngine.java:466) [hadoop-common-3.3.1.jar:?]
	at org.apache.hadoop.ipc.ProtobufRpcEngine2$Server$ProtoBufRpcInvoker.call(ProtobufRpcEngine2.java:574) [hadoop-common-3.3.1.jar:?]
	at org.apache.hadoop.ipc.ProtobufRpcEngine2$Server$ProtoBufRpcInvoker.call(ProtobufRpcEngine2.java:552) [hadoop-common-3.3.1.jar:?]
	at org.apache.hadoop.ipc.RPC$Server.call(RPC.java:1093) [hadoop-common-3.3.1.jar:?]
	at org.apache.hadoop.ipc.Server$RpcCall.run(Server.java:1035) [hadoop-common-3.3.1.jar:?]
	at org.apache.hadoop.ipc.Server$RpcCall.run(Server.java:963) [hadoop-common-3.3.1.jar:?]
	at java.security.AccessController.doPrivileged(Native Method) ~[?:1.8.0_332]
	at javax.security.auth.Subject.doAs(Subject.java:422) [?:1.8.0_332]
	at org.apache.hadoop.security.UserGroupInformation.doAs(UserGroupInformation.java:1878) [hadoop-common-3.3.1.jar:?]
	at org.apache.hadoop.ipc.Server$Handler.run(Server.java:2966) [hadoop-common-3.3.1.jar:?]
2022-08-08 17:32:16,495 [Time-limited test] INFO  rpc.RpcClient (RpcClient.java:createVolume(468)) - Creating Volume: volume57436, with user34919 as owner and space quota set to -1 bytes, counts quota set to -1
2022-08-08 17:32:16,496 [IPC Server handler 14 on default port 44865] INFO  volume.OMVolumeCreateRequest (OMVolumeCreateRequest.java:validateAndUpdateCache(195)) - created volume:volume57436 for user:user34919
2022-08-08 17:32:16,498 [Time-limited test] INFO  rpc.RpcClient (RpcClient.java:createBucket(671)) - Creating Bucket: volume57436/bucket20083, with bucket layout FILE_SYSTEM_OPTIMIZED, runner as owner, Versioning false, Storage Type set to DISK and Encryption set to false 
2022-08-08 17:32:16,498 [IPC Server handler 18 on default port 44865] INFO  bucket.OMBucketCreateRequest (OMBucketCreateRequest.java:validateAndUpdateCache(260)) - created bucket: bucket20083 of layout FILE_SYSTEM_OPTIMIZED in volume: volume57436
17:32:16.517 [IPC Server handler 11 on default port 44865] ERROR OMAudit - user=runner | ip=127.0.0.1 | op=GET_FILE_STATUS {volume=bc6bd3cd-82b6-4b0a-bce3-24c47713f561, bucket=669a6d60-34e4-4c80-9c2a-fd794b263a74, key=.Trash, dataSize=0, replicationConfig=null} | ret=FAILURE
org.apache.hadoop.ozone.om.exceptions.OMException: Unable to get file status: volume: bc6bd3cd-82b6-4b0a-bce3-24c47713f561 bucket: 669a6d60-34e4-4c80-9c2a-fd794b263a74 key: .Trash
	at org.apache.hadoop.ozone.om.KeyManagerImpl.getOzoneFileStatus(KeyManagerImpl.java:1311) ~[ozone-manager-1.3.0-SNAPSHOT.jar:?]
	at org.apache.hadoop.ozone.om.KeyManagerImpl.getFileStatus(KeyManagerImpl.java:1241) ~[ozone-manager-1.3.0-SNAPSHOT.jar:?]
	at org.apache.hadoop.ozone.om.OzoneManager.getFileStatus(OzoneManager.java:3467) ~[ozone-manager-1.3.0-SNAPSHOT.jar:?]
	at org.apache.hadoop.ozone.protocolPB.OzoneManagerRequestHandler.getOzoneFileStatus(OzoneManagerRequestHandler.java:878) ~[ozone-manager-1.3.0-SNAPSHOT.jar:?]
	at org.apache.hadoop.ozone.protocolPB.OzoneManagerRequestHandler.handleReadRequest(OzoneManagerRequestHandler.java:224) ~[ozone-manager-1.3.0-SNAPSHOT.jar:?]
	at org.apache.hadoop.ozone.protocolPB.OzoneManagerProtocolServerSideTranslatorPB.submitRequestDirectlyToOM(OzoneManagerProtocolServerSideTranslatorPB.java:276) ~[ozone-manager-1.3.0-SNAPSHOT.jar:?]
	at org.apache.hadoop.ozone.protocolPB.OzoneManagerProtocolServerSideTranslatorPB.processRequest(OzoneManagerProtocolServerSideTranslatorPB.java:205) ~[ozone-manager-1.3.0-SNAPSHOT.jar:?]
	at org.apache.hadoop.hdds.server.OzoneProtocolMessageDispatcher.processRequest(OzoneProtocolMessageDispatcher.java:87) [hdds-server-framework-1.3.0-SNAPSHOT.jar:?]
	at org.apache.hadoop.ozone.protocolPB.OzoneManagerProtocolServerSideTranslatorPB.submitRequest(OzoneManagerProtocolServerSideTranslatorPB.java:147) [ozone-manager-1.3.0-SNAPSHOT.jar:?]
	at org.apache.hadoop.ozone.protocol.proto.OzoneManagerProtocolProtos$OzoneManagerService$2.callBlockingMethod(OzoneManagerProtocolProtos.java) [ozone-interface-client-1.3.0-SNAPSHOT.jar:?]
	at org.apache.hadoop.ipc.ProtobufRpcEngine$Server.processCall(ProtobufRpcEngine.java:466) [hadoop-common-3.3.1.jar:?]
	at org.apache.hadoop.ipc.ProtobufRpcEngine2$Server$ProtoBufRpcInvoker.call(ProtobufRpcEngine2.java:574) [hadoop-common-3.3.1.jar:?]
	at org.apache.hadoop.ipc.ProtobufRpcEngine2$Server$ProtoBufRpcInvoker.call(ProtobufRpcEngine2.java:552) [hadoop-common-3.3.1.jar:?]
	at org.apache.hadoop.ipc.RPC$Server.call(RPC.java:1093) [hadoop-common-3.3.1.jar:?]
	at org.apache.hadoop.ipc.Server$RpcCall.run(Server.java:1035) [hadoop-common-3.3.1.jar:?]
	at org.apache.hadoop.ipc.Server$RpcCall.run(Server.java:963) [hadoop-common-3.3.1.jar:?]
	at java.security.AccessController.doPrivileged(Native Method) ~[?:1.8.0_332]
	at javax.security.auth.Subject.doAs(Subject.java:422) [?:1.8.0_332]
	at org.apache.hadoop.security.UserGroupInformation.doAs(UserGroupInformation.java:1878) [hadoop-common-3.3.1.jar:?]
	at org.apache.hadoop.ipc.Server$Handler.run(Server.java:2966) [hadoop-common-3.3.1.jar:?]
17:32:16.560 [IPC Server handler 9 on default port 44865] ERROR OMAudit - user=runner | ip=127.0.0.1 | op=GET_FILE_STATUS {volume=bc6bd3cd-82b6-4b0a-bce3-24c47713f561, bucket=669a6d60-34e4-4c80-9c2a-fd794b263a74, key=.Trash, dataSize=0, replicationConfig=null} | ret=FAILURE
org.apache.hadoop.ozone.om.exceptions.OMException: Unable to get file status: volume: bc6bd3cd-82b6-4b0a-bce3-24c47713f561 bucket: 669a6d60-34e4-4c80-9c2a-fd794b263a74 key: .Trash
	at org.apache.hadoop.ozone.om.KeyManagerImpl.getOzoneFileStatus(KeyManagerImpl.java:1311) ~[ozone-manager-1.3.0-SNAPSHOT.jar:?]
	at org.apache.hadoop.ozone.om.KeyManagerImpl.getFileStatus(KeyManagerImpl.java:1241) ~[ozone-manager-1.3.0-SNAPSHOT.jar:?]
	at org.apache.hadoop.ozone.om.OzoneManager.getFileStatus(OzoneManager.java:3467) ~[ozone-manager-1.3.0-SNAPSHOT.jar:?]
	at org.apache.hadoop.ozone.protocolPB.OzoneManagerRequestHandler.getOzoneFileStatus(OzoneManagerRequestHandler.java:878) ~[ozone-manager-1.3.0-SNAPSHOT.jar:?]
	at org.apache.hadoop.ozone.protocolPB.OzoneManagerRequestHandler.handleReadRequest(OzoneManagerRequestHandler.java:224) ~[ozone-manager-1.3.0-SNAPSHOT.jar:?]
	at org.apache.hadoop.ozone.protocolPB.OzoneManagerProtocolServerSideTranslatorPB.submitRequestDirectlyToOM(OzoneManagerProtocolServerSideTranslatorPB.java:276) ~[ozone-manager-1.3.0-SNAPSHOT.jar:?]
	at org.apache.hadoop.ozone.protocolPB.OzoneManagerProtocolServerSideTranslatorPB.processRequest(OzoneManagerProtocolServerSideTranslatorPB.java:205) ~[ozone-manager-1.3.0-SNAPSHOT.jar:?]
	at org.apache.hadoop.hdds.server.OzoneProtocolMessageDispatcher.processRequest(OzoneProtocolMessageDispatcher.java:87) [hdds-server-framework-1.3.0-SNAPSHOT.jar:?]
	at org.apache.hadoop.ozone.protocolPB.OzoneManagerProtocolServerSideTranslatorPB.submitRequest(OzoneManagerProtocolServerSideTranslatorPB.java:147) [ozone-manager-1.3.0-SNAPSHOT.jar:?]
	at org.apache.hadoop.ozone.protocol.proto.OzoneManagerProtocolProtos$OzoneManagerService$2.callBlockingMethod(OzoneManagerProtocolProtos.java) [ozone-interface-client-1.3.0-SNAPSHOT.jar:?]
	at org.apache.hadoop.ipc.ProtobufRpcEngine$Server.processCall(ProtobufRpcEngine.java:466) [hadoop-common-3.3.1.jar:?]
	at org.apache.hadoop.ipc.ProtobufRpcEngine2$Server$ProtoBufRpcInvoker.call(ProtobufRpcEngine2.java:574) [hadoop-common-3.3.1.jar:?]
	at org.apache.hadoop.ipc.ProtobufRpcEngine2$Server$ProtoBufRpcInvoker.call(ProtobufRpcEngine2.java:552) [hadoop-common-3.3.1.jar:?]
	at org.apache.hadoop.ipc.RPC$Server.call(RPC.java:1093) [hadoop-common-3.3.1.jar:?]
	at org.apache.hadoop.ipc.Server$RpcCall.run(Server.java:1035) [hadoop-common-3.3.1.jar:?]
	at org.apache.hadoop.ipc.Server$RpcCall.run(Server.java:963) [hadoop-common-3.3.1.jar:?]
	at java.security.AccessController.doPrivileged(Native Method) ~[?:1.8.0_332]
	at javax.security.auth.Subject.doAs(Subject.java:422) [?:1.8.0_332]
	at org.apache.hadoop.security.UserGroupInformation.doAs(UserGroupInformation.java:1878) [hadoop-common-3.3.1.jar:?]
	at org.apache.hadoop.ipc.Server$Handler.run(Server.java:2966) [hadoop-common-3.3.1.jar:?]
17:32:16.594 [IPC Server handler 1 on default port 44865] ERROR OMAudit - user=runner | ip=127.0.0.1 | op=GET_FILE_STATUS {volume=volume57436, bucket=bucket20083, key=.Trash/runner, dataSize=0, replicationConfig=null} | ret=FAILURE
org.apache.hadoop.ozone.om.exceptions.OMException: Unable to get file status: volume: volume57436 bucket: bucket20083 key: .Trash/runner
	at org.apache.hadoop.ozone.om.KeyManagerImpl.getOzoneFileStatusFSO(KeyManagerImpl.java:1376) ~[ozone-manager-1.3.0-SNAPSHOT.jar:?]
	at org.apache.hadoop.ozone.om.KeyManagerImpl.getFileStatus(KeyManagerImpl.java:1239) ~[ozone-manager-1.3.0-SNAPSHOT.jar:?]
	at org.apache.hadoop.ozone.om.OzoneManager.getFileStatus(OzoneManager.java:3467) ~[ozone-manager-1.3.0-SNAPSHOT.jar:?]
	at org.apache.hadoop.ozone.protocolPB.OzoneManagerRequestHandler.getOzoneFileStatus(OzoneManagerRequestHandler.java:878) ~[ozone-manager-1.3.0-SNAPSHOT.jar:?]
	at org.apache.hadoop.ozone.protocolPB.OzoneManagerRequestHandler.handleReadRequest(OzoneManagerRequestHandler.java:224) ~[ozone-manager-1.3.0-SNAPSHOT.jar:?]
	at org.apache.hadoop.ozone.protocolPB.OzoneManagerProtocolServerSideTranslatorPB.submitRequestDirectlyToOM(OzoneManagerProtocolServerSideTranslatorPB.java:276) ~[ozone-manager-1.3.0-SNAPSHOT.jar:?]
	at org.apache.hadoop.ozone.protocolPB.OzoneManagerProtocolServerSideTranslatorPB.processRequest(OzoneManagerProtocolServerSideTranslatorPB.java:205) ~[ozone-manager-1.3.0-SNAPSHOT.jar:?]
	at org.apache.hadoop.hdds.server.OzoneProtocolMessageDispatcher.processRequest(OzoneProtocolMessageDispatcher.java:87) [hdds-server-framework-1.3.0-SNAPSHOT.jar:?]
	at org.apache.hadoop.ozone.protocolPB.OzoneManagerProtocolServerSideTranslatorPB.submitRequest(OzoneManagerProtocolServerSideTranslatorPB.java:147) [ozone-manager-1.3.0-SNAPSHOT.jar:?]
	at org.apache.hadoop.ozone.protocol.proto.OzoneManagerProtocolProtos$OzoneManagerService$2.callBlockingMethod(OzoneManagerProtocolProtos.java) [ozone-interface-client-1.3.0-SNAPSHOT.jar:?]
	at org.apache.hadoop.ipc.ProtobufRpcEngine$Server.processCall(ProtobufRpcEngine.java:466) [hadoop-common-3.3.1.jar:?]
	at org.apache.hadoop.ipc.ProtobufRpcEngine2$Server$ProtoBufRpcInvoker.call(ProtobufRpcEngine2.java:574) [hadoop-common-3.3.1.jar:?]
	at org.apache.hadoop.ipc.ProtobufRpcEngine2$Server$ProtoBufRpcInvoker.call(ProtobufRpcEngine2.java:552) [hadoop-common-3.3.1.jar:?]
	at org.apache.hadoop.ipc.RPC$Server.call(RPC.java:1093) [hadoop-common-3.3.1.jar:?]
	at org.apache.hadoop.ipc.Server$RpcCall.run(Server.java:1035) [hadoop-common-3.3.1.jar:?]
	at org.apache.hadoop.ipc.Server$RpcCall.run(Server.java:963) [hadoop-common-3.3.1.jar:?]
	at java.security.AccessController.doPrivileged(Native Method) ~[?:1.8.0_332]
	at javax.security.auth.Subject.doAs(Subject.java:422) [?:1.8.0_332]
	at org.apache.hadoop.security.UserGroupInformation.doAs(UserGroupInformation.java:1878) [hadoop-common-3.3.1.jar:?]
	at org.apache.hadoop.ipc.Server$Handler.run(Server.java:2966) [hadoop-common-3.3.1.jar:?]
17:32:16.596 [IPC Server handler 16 on default port 44865] ERROR OMAudit - user=runner | ip=127.0.0.1 | op=GET_FILE_STATUS {volume=bc6bd3cd-82b6-4b0a-bce3-24c47713f561, bucket=669a6d60-34e4-4c80-9c2a-fd794b263a74, key=.Trash, dataSize=0, replicationConfig=null} | ret=FAILURE
org.apache.hadoop.ozone.om.exceptions.OMException: Unable to get file status: volume: bc6bd3cd-82b6-4b0a-bce3-24c47713f561 bucket: 669a6d60-34e4-4c80-9c2a-fd794b263a74 key: .Trash
	at org.apache.hadoop.ozone.om.KeyManagerImpl.getOzoneFileStatus(KeyManagerImpl.java:1311) ~[ozone-manager-1.3.0-SNAPSHOT.jar:?]
	at org.apache.hadoop.ozone.om.KeyManagerImpl.getFileStatus(KeyManagerImpl.java:1241) ~[ozone-manager-1.3.0-SNAPSHOT.jar:?]
	at org.apache.hadoop.ozone.om.OzoneManager.getFileStatus(OzoneManager.java:3467) ~[ozone-manager-1.3.0-SNAPSHOT.jar:?]
	at org.apache.hadoop.ozone.protocolPB.OzoneManagerRequestHandler.getOzoneFileStatus(OzoneManagerRequestHandler.java:878) ~[ozone-manager-1.3.0-SNAPSHOT.jar:?]
	at org.apache.hadoop.ozone.protocolPB.OzoneManagerRequestHandler.handleReadRequest(OzoneManagerRequestHandler.java:224) ~[ozone-manager-1.3.0-SNAPSHOT.jar:?]
	at org.apache.hadoop.ozone.protocolPB.OzoneManagerProtocolServerSideTranslatorPB.submitRequestDirectlyToOM(OzoneManagerProtocolServerSideTranslatorPB.java:276) ~[ozone-manager-1.3.0-SNAPSHOT.jar:?]
	at org.apache.hadoop.ozone.protocolPB.OzoneManagerProtocolServerSideTranslatorPB.processRequest(OzoneManagerProtocolServerSideTranslatorPB.java:205) ~[ozone-manager-1.3.0-SNAPSHOT.jar:?]
	at org.apache.hadoop.hdds.server.OzoneProtocolMessageDispatcher.processRequest(OzoneProtocolMessageDispatcher.java:87) [hdds-server-framework-1.3.0-SNAPSHOT.jar:?]
	at org.apache.hadoop.ozone.protocolPB.OzoneManagerProtocolServerSideTranslatorPB.submitRequest(OzoneManagerProtocolServerSideTranslatorPB.java:147) [ozone-manager-1.3.0-SNAPSHOT.jar:?]
	at org.apache.hadoop.ozone.protocol.proto.OzoneManagerProtocolProtos$OzoneManagerService$2.callBlockingMethod(OzoneManagerProtocolProtos.java) [ozone-interface-client-1.3.0-SNAPSHOT.jar:?]
	at org.apache.hadoop.ipc.ProtobufRpcEngine$Server.processCall(ProtobufRpcEngine.java:466) [hadoop-common-3.3.1.jar:?]
	at org.apache.hadoop.ipc.ProtobufRpcEngine2$Server$ProtoBufRpcInvoker.call(ProtobufRpcEngine2.java:574) [hadoop-common-3.3.1.jar:?]
	at org.apache.hadoop.ipc.ProtobufRpcEngine2$Server$ProtoBufRpcInvoker.call(ProtobufRpcEngine2.java:552) [hadoop-common-3.3.1.jar:?]
	at org.apache.hadoop.ipc.RPC$Server.call(RPC.java:1093) [hadoop-common-3.3.1.jar:?]
	at org.apache.hadoop.ipc.Server$RpcCall.run(Server.java:1035) [hadoop-common-3.3.1.jar:?]
	at org.apache.hadoop.ipc.Server$RpcCall.run(Server.java:963) [hadoop-common-3.3.1.jar:?]
	at java.security.AccessController.doPrivileged(Native Method) ~[?:1.8.0_332]
	at javax.security.auth.Subject.doAs(Subject.java:422) [?:1.8.0_332]
	at org.apache.hadoop.security.UserGroupInformation.doAs(UserGroupInformation.java:1878) [hadoop-common-3.3.1.jar:?]
	at org.apache.hadoop.ipc.Server$Handler.run(Server.java:2966) [hadoop-common-3.3.1.jar:?]
17:32:16.614 [IPC Server handler 9 on default port 44865] ERROR OMAudit - user=runner | ip=127.0.0.1 | op=GET_FILE_STATUS {volume=volume57436, bucket=bucket20083, key=.Trash, dataSize=0, replicationConfig=null} | ret=FAILURE
org.apache.hadoop.ozone.om.exceptions.OMException: Unable to get file status: volume: volume57436 bucket: bucket20083 key: .Trash
	at org.apache.hadoop.ozone.om.KeyManagerImpl.getOzoneFileStatusFSO(KeyManagerImpl.java:1376) ~[ozone-manager-1.3.0-SNAPSHOT.jar:?]
	at org.apache.hadoop.ozone.om.KeyManagerImpl.getFileStatus(KeyManagerImpl.java:1239) ~[ozone-manager-1.3.0-SNAPSHOT.jar:?]
	at org.apache.hadoop.ozone.om.OzoneManager.getFileStatus(OzoneManager.java:3467) ~[ozone-manager-1.3.0-SNAPSHOT.jar:?]
	at org.apache.hadoop.ozone.protocolPB.OzoneManagerRequestHandler.getOzoneFileStatus(OzoneManagerRequestHandler.java:878) ~[ozone-manager-1.3.0-SNAPSHOT.jar:?]
	at org.apache.hadoop.ozone.protocolPB.OzoneManagerRequestHandler.handleReadRequest(OzoneManagerRequestHandler.java:224) ~[ozone-manager-1.3.0-SNAPSHOT.jar:?]
	at org.apache.hadoop.ozone.protocolPB.OzoneManagerProtocolServerSideTranslatorPB.submitRequestDirectlyToOM(OzoneManagerProtocolServerSideTranslatorPB.java:276) ~[ozone-manager-1.3.0-SNAPSHOT.jar:?]
	at org.apache.hadoop.ozone.protocolPB.OzoneManagerProtocolServerSideTranslatorPB.processRequest(OzoneManagerProtocolServerSideTranslatorPB.java:205) ~[ozone-manager-1.3.0-SNAPSHOT.jar:?]
	at org.apache.hadoop.hdds.server.OzoneProtocolMessageDispatcher.processRequest(OzoneProtocolMessageDispatcher.java:87) [hdds-server-framework-1.3.0-SNAPSHOT.jar:?]
	at org.apache.hadoop.ozone.protocolPB.OzoneManagerProtocolServerSideTranslatorPB.submitRequest(OzoneManagerProtocolServerSideTranslatorPB.java:147) [ozone-manager-1.3.0-SNAPSHOT.jar:?]
	at org.apache.hadoop.ozone.protocol.proto.OzoneManagerProtocolProtos$OzoneManagerService$2.callBlockingMethod(OzoneManagerProtocolProtos.java) [ozone-interface-client-1.3.0-SNAPSHOT.jar:?]
	at org.apache.hadoop.ipc.ProtobufRpcEngine$Server.processCall(ProtobufRpcEngine.java:466) [hadoop-common-3.3.1.jar:?]
	at org.apache.hadoop.ipc.ProtobufRpcEngine2$Server$ProtoBufRpcInvoker.call(ProtobufRpcEngine2.java:574) [hadoop-common-3.3.1.jar:?]
	at org.apache.hadoop.ipc.ProtobufRpcEngine2$Server$ProtoBufRpcInvoker.call(ProtobufRpcEngine2.java:552) [hadoop-common-3.3.1.jar:?]
	at org.apache.hadoop.ipc.RPC$Server.call(RPC.java:1093) [hadoop-common-3.3.1.jar:?]
	at org.apache.hadoop.ipc.Server$RpcCall.run(Server.java:1035) [hadoop-common-3.3.1.jar:?]
	at org.apache.hadoop.ipc.Server$RpcCall.run(Server.java:963) [hadoop-common-3.3.1.jar:?]
	at java.security.AccessController.doPrivileged(Native Method) ~[?:1.8.0_332]
	at javax.security.auth.Subject.doAs(Subject.java:422) [?:1.8.0_332]
	at org.apache.hadoop.security.UserGroupInformation.doAs(UserGroupInformation.java:1878) [hadoop-common-3.3.1.jar:?]
	at org.apache.hadoop.ipc.Server$Handler.run(Server.java:2966) [hadoop-common-3.3.1.jar:?]
17:32:16.634 [IPC Server handler 6 on default port 44865] ERROR OMAudit - user=runner | ip=127.0.0.1 | op=GET_FILE_STATUS {volume=volume39722, bucket=trashroottest2, key=.Trash/runner, dataSize=0, replicationConfig=null} | ret=FAILURE
org.apache.hadoop.ozone.om.exceptions.OMException: Unable to get file status: volume: volume39722 bucket: trashroottest2 key: .Trash/runner
	at org.apache.hadoop.ozone.om.KeyManagerImpl.getOzoneFileStatusFSO(KeyManagerImpl.java:1376) ~[ozone-manager-1.3.0-SNAPSHOT.jar:?]
	at org.apache.hadoop.ozone.om.KeyManagerImpl.getFileStatus(KeyManagerImpl.java:1239) ~[ozone-manager-1.3.0-SNAPSHOT.jar:?]
	at org.apache.hadoop.ozone.om.OzoneManager.getFileStatus(OzoneManager.java:3467) ~[ozone-manager-1.3.0-SNAPSHOT.jar:?]
	at org.apache.hadoop.ozone.protocolPB.OzoneManagerRequestHandler.getOzoneFileStatus(OzoneManagerRequestHandler.java:878) ~[ozone-manager-1.3.0-SNAPSHOT.jar:?]
	at org.apache.hadoop.ozone.protocolPB.OzoneManagerRequestHandler.handleReadRequest(OzoneManagerRequestHandler.java:224) ~[ozone-manager-1.3.0-SNAPSHOT.jar:?]
	at org.apache.hadoop.ozone.protocolPB.OzoneManagerProtocolServerSideTranslatorPB.submitRequestDirectlyToOM(OzoneManagerProtocolServerSideTranslatorPB.java:276) ~[ozone-manager-1.3.0-SNAPSHOT.jar:?]
	at org.apache.hadoop.ozone.protocolPB.OzoneManagerProtocolServerSideTranslatorPB.processRequest(OzoneManagerProtocolServerSideTranslatorPB.java:205) ~[ozone-manager-1.3.0-SNAPSHOT.jar:?]
	at org.apache.hadoop.hdds.server.OzoneProtocolMessageDispatcher.processRequest(OzoneProtocolMessageDispatcher.java:87) [hdds-server-framework-1.3.0-SNAPSHOT.jar:?]
	at org.apache.hadoop.ozone.protocolPB.OzoneManagerProtocolServerSideTranslatorPB.submitRequest(OzoneManagerProtocolServerSideTranslatorPB.java:147) [ozone-manager-1.3.0-SNAPSHOT.jar:?]
	at org.apache.hadoop.ozone.protocol.proto.OzoneManagerProtocolProtos$OzoneManagerService$2.callBlockingMethod(OzoneManagerProtocolProtos.java) [ozone-interface-client-1.3.0-SNAPSHOT.jar:?]
	at org.apache.hadoop.ipc.ProtobufRpcEngine$Server.processCall(ProtobufRpcEngine.java:466) [hadoop-common-3.3.1.jar:?]
	at org.apache.hadoop.ipc.ProtobufRpcEngine2$Server$ProtoBufRpcInvoker.call(ProtobufRpcEngine2.java:574) [hadoop-common-3.3.1.jar:?]
	at org.apache.hadoop.ipc.ProtobufRpcEngine2$Server$ProtoBufRpcInvoker.call(ProtobufRpcEngine2.java:552) [hadoop-common-3.3.1.jar:?]
	at org.apache.hadoop.ipc.RPC$Server.call(RPC.java:1093) [hadoop-common-3.3.1.jar:?]
	at org.apache.hadoop.ipc.Server$RpcCall.run(Server.java:1035) [hadoop-common-3.3.1.jar:?]
	at org.apache.hadoop.ipc.Server$RpcCall.run(Server.java:963) [hadoop-common-3.3.1.jar:?]
	at java.security.AccessController.doPrivileged(Native Method) ~[?:1.8.0_332]
	at javax.security.auth.Subject.doAs(Subject.java:422) [?:1.8.0_332]
	at org.apache.hadoop.security.UserGroupInformation.doAs(UserGroupInformation.java:1878) [hadoop-common-3.3.1.jar:?]
	at org.apache.hadoop.ipc.Server$Handler.run(Server.java:2966) [hadoop-common-3.3.1.jar:?]
17:32:16.636 [IPC Server handler 11 on default port 44865] ERROR OMAudit - user=runner | ip=127.0.0.1 | op=GET_FILE_STATUS {volume=volume57436, bucket=bucket20083, key=.Trash/runner, dataSize=0, replicationConfig=null} | ret=FAILURE
org.apache.hadoop.ozone.om.exceptions.OMException: Unable to get file status: volume: volume57436 bucket: bucket20083 key: .Trash/runner
	at org.apache.hadoop.ozone.om.KeyManagerImpl.getOzoneFileStatusFSO(KeyManagerImpl.java:1376) ~[ozone-manager-1.3.0-SNAPSHOT.jar:?]
	at org.apache.hadoop.ozone.om.KeyManagerImpl.getFileStatus(KeyManagerImpl.java:1239) ~[ozone-manager-1.3.0-SNAPSHOT.jar:?]
	at org.apache.hadoop.ozone.om.OzoneManager.getFileStatus(OzoneManager.java:3467) ~[ozone-manager-1.3.0-SNAPSHOT.jar:?]
	at org.apache.hadoop.ozone.protocolPB.OzoneManagerRequestHandler.getOzoneFileStatus(OzoneManagerRequestHandler.java:878) ~[ozone-manager-1.3.0-SNAPSHOT.jar:?]
	at org.apache.hadoop.ozone.protocolPB.OzoneManagerRequestHandler.handleReadRequest(OzoneManagerRequestHandler.java:224) ~[ozone-manager-1.3.0-SNAPSHOT.jar:?]
	at org.apache.hadoop.ozone.protocolPB.OzoneManagerProtocolServerSideTranslatorPB.submitRequestDirectlyToOM(OzoneManagerProtocolServerSideTranslatorPB.java:276) ~[ozone-manager-1.3.0-SNAPSHOT.jar:?]
	at org.apache.hadoop.ozone.protocolPB.OzoneManagerProtocolServerSideTranslatorPB.processRequest(OzoneManagerProtocolServerSideTranslatorPB.java:205) ~[ozone-manager-1.3.0-SNAPSHOT.jar:?]
	at org.apache.hadoop.hdds.server.OzoneProtocolMessageDispatcher.processRequest(OzoneProtocolMessageDispatcher.java:87) [hdds-server-framework-1.3.0-SNAPSHOT.jar:?]
	at org.apache.hadoop.ozone.protocolPB.OzoneManagerProtocolServerSideTranslatorPB.submitRequest(OzoneManagerProtocolServerSideTranslatorPB.java:147) [ozone-manager-1.3.0-SNAPSHOT.jar:?]
	at org.apache.hadoop.ozone.protocol.proto.OzoneManagerProtocolProtos$OzoneManagerService$2.callBlockingMethod(OzoneManagerProtocolProtos.java) [ozone-interface-client-1.3.0-SNAPSHOT.jar:?]
	at org.apache.hadoop.ipc.ProtobufRpcEngine$Server.processCall(ProtobufRpcEngine.java:466) [hadoop-common-3.3.1.jar:?]
	at org.apache.hadoop.ipc.ProtobufRpcEngine2$Server$ProtoBufRpcInvoker.call(ProtobufRpcEngine2.java:574) [hadoop-common-3.3.1.jar:?]
	at org.apache.hadoop.ipc.ProtobufRpcEngine2$Server$ProtoBufRpcInvoker.call(ProtobufRpcEngine2.java:552) [hadoop-common-3.3.1.jar:?]
	at org.apache.hadoop.ipc.RPC$Server.call(RPC.java:1093) [hadoop-common-3.3.1.jar:?]
	at org.apache.hadoop.ipc.Server$RpcCall.run(Server.java:1035) [hadoop-common-3.3.1.jar:?]
	at org.apache.hadoop.ipc.Server$RpcCall.run(Server.java:963) [hadoop-common-3.3.1.jar:?]
	at java.security.AccessController.doPrivileged(Native Method) ~[?:1.8.0_332]
	at javax.security.auth.Subject.doAs(Subject.java:422) [?:1.8.0_332]
	at org.apache.hadoop.security.UserGroupInformation.doAs(UserGroupInformation.java:1878) [hadoop-common-3.3.1.jar:?]
	at org.apache.hadoop.ipc.Server$Handler.run(Server.java:2966) [hadoop-common-3.3.1.jar:?]
17:32:16.639 [IPC Server handler 18 on default port 44865] ERROR OMAudit - user=runner | ip=127.0.0.1 | op=GET_FILE_STATUS {volume=bc6bd3cd-82b6-4b0a-bce3-24c47713f561, bucket=669a6d60-34e4-4c80-9c2a-fd794b263a74, key=.Trash, dataSize=0, replicationConfig=null} | ret=FAILURE
org.apache.hadoop.ozone.om.exceptions.OMException: Unable to get file status: volume: bc6bd3cd-82b6-4b0a-bce3-24c47713f561 bucket: 669a6d60-34e4-4c80-9c2a-fd794b263a74 key: .Trash
	at org.apache.hadoop.ozone.om.KeyManagerImpl.getOzoneFileStatus(KeyManagerImpl.java:1311) ~[ozone-manager-1.3.0-SNAPSHOT.jar:?]
	at org.apache.hadoop.ozone.om.KeyManagerImpl.getFileStatus(KeyManagerImpl.java:1241) ~[ozone-manager-1.3.0-SNAPSHOT.jar:?]
	at org.apache.hadoop.ozone.om.OzoneManager.getFileStatus(OzoneManager.java:3467) ~[ozone-manager-1.3.0-SNAPSHOT.jar:?]
	at org.apache.hadoop.ozone.protocolPB.OzoneManagerRequestHandler.getOzoneFileStatus(OzoneManagerRequestHandler.java:878) ~[ozone-manager-1.3.0-SNAPSHOT.jar:?]
	at org.apache.hadoop.ozone.protocolPB.OzoneManagerRequestHandler.handleReadRequest(OzoneManagerRequestHandler.java:224) ~[ozone-manager-1.3.0-SNAPSHOT.jar:?]
	at org.apache.hadoop.ozone.protocolPB.OzoneManagerProtocolServerSideTranslatorPB.submitRequestDirectlyToOM(OzoneManagerProtocolServerSideTranslatorPB.java:276) ~[ozone-manager-1.3.0-SNAPSHOT.jar:?]
	at org.apache.hadoop.ozone.protocolPB.OzoneManagerProtocolServerSideTranslatorPB.processRequest(OzoneManagerProtocolServerSideTranslatorPB.java:205) ~[ozone-manager-1.3.0-SNAPSHOT.jar:?]
	at org.apache.hadoop.hdds.server.OzoneProtocolMessageDispatcher.processRequest(OzoneProtocolMessageDispatcher.java:87) [hdds-server-framework-1.3.0-SNAPSHOT.jar:?]
	at org.apache.hadoop.ozone.protocolPB.OzoneManagerProtocolServerSideTranslatorPB.submitRequest(OzoneManagerProtocolServerSideTranslatorPB.java:147) [ozone-manager-1.3.0-SNAPSHOT.jar:?]
	at org.apache.hadoop.ozone.protocol.proto.OzoneManagerProtocolProtos$OzoneManagerService$2.callBlockingMethod(OzoneManagerProtocolProtos.java) [ozone-interface-client-1.3.0-SNAPSHOT.jar:?]
	at org.apache.hadoop.ipc.ProtobufRpcEngine$Server.processCall(ProtobufRpcEngine.java:466) [hadoop-common-3.3.1.jar:?]
	at org.apache.hadoop.ipc.ProtobufRpcEngine2$Server$ProtoBufRpcInvoker.call(ProtobufRpcEngine2.java:574) [hadoop-common-3.3.1.jar:?]
	at org.apache.hadoop.ipc.ProtobufRpcEngine2$Server$ProtoBufRpcInvoker.call(ProtobufRpcEngine2.java:552) [hadoop-common-3.3.1.jar:?]
	at org.apache.hadoop.ipc.RPC$Server.call(RPC.java:1093) [hadoop-common-3.3.1.jar:?]
	at org.apache.hadoop.ipc.Server$RpcCall.run(Server.java:1035) [hadoop-common-3.3.1.jar:?]
	at org.apache.hadoop.ipc.Server$RpcCall.run(Server.java:963) [hadoop-common-3.3.1.jar:?]
	at java.security.AccessController.doPrivileged(Native Method) ~[?:1.8.0_332]
	at javax.security.auth.Subject.doAs(Subject.java:422) [?:1.8.0_332]
	at org.apache.hadoop.security.UserGroupInformation.doAs(UserGroupInformation.java:1878) [hadoop-common-3.3.1.jar:?]
	at org.apache.hadoop.ipc.Server$Handler.run(Server.java:2966) [hadoop-common-3.3.1.jar:?]
17:32:16.645 [IPC Server handler 10 on default port 44865] ERROR OMAudit - user=runner | ip=127.0.0.1 | op=GET_FILE_STATUS {volume=volume39722, bucket=trashroottest2, key=.Trash, dataSize=0, replicationConfig=null} | ret=FAILURE
org.apache.hadoop.ozone.om.exceptions.OMException: Unable to get file status: volume: volume39722 bucket: trashroottest2 key: .Trash
	at org.apache.hadoop.ozone.om.KeyManagerImpl.getOzoneFileStatusFSO(KeyManagerImpl.java:1376) ~[ozone-manager-1.3.0-SNAPSHOT.jar:?]
	at org.apache.hadoop.ozone.om.KeyManagerImpl.getFileStatus(KeyManagerImpl.java:1239) ~[ozone-manager-1.3.0-SNAPSHOT.jar:?]
	at org.apache.hadoop.ozone.om.OzoneManager.getFileStatus(OzoneManager.java:3467) ~[ozone-manager-1.3.0-SNAPSHOT.jar:?]
	at org.apache.hadoop.ozone.protocolPB.OzoneManagerRequestHandler.getOzoneFileStatus(OzoneManagerRequestHandler.java:878) ~[ozone-manager-1.3.0-SNAPSHOT.jar:?]
	at org.apache.hadoop.ozone.protocolPB.OzoneManagerRequestHandler.handleReadRequest(OzoneManagerRequestHandler.java:224) ~[ozone-manager-1.3.0-SNAPSHOT.jar:?]
	at org.apache.hadoop.ozone.protocolPB.OzoneManagerProtocolServerSideTranslatorPB.submitRequestDirectlyToOM(OzoneManagerProtocolServerSideTranslatorPB.java:276) ~[ozone-manager-1.3.0-SNAPSHOT.jar:?]
	at org.apache.hadoop.ozone.protocolPB.OzoneManagerProtocolServerSideTranslatorPB.processRequest(OzoneManagerProtocolServerSideTranslatorPB.java:205) ~[ozone-manager-1.3.0-SNAPSHOT.jar:?]
	at org.apache.hadoop.hdds.server.OzoneProtocolMessageDispatcher.processRequest(OzoneProtocolMessageDispatcher.java:87) [hdds-server-framework-1.3.0-SNAPSHOT.jar:?]
	at org.apache.hadoop.ozone.protocolPB.OzoneManagerProtocolServerSideTranslatorPB.submitRequest(OzoneManagerProtocolServerSideTranslatorPB.java:147) [ozone-manager-1.3.0-SNAPSHOT.jar:?]
	at org.apache.hadoop.ozone.protocol.proto.OzoneManagerProtocolProtos$OzoneManagerService$2.callBlockingMethod(OzoneManagerProtocolProtos.java) [ozone-interface-client-1.3.0-SNAPSHOT.jar:?]
	at org.apache.hadoop.ipc.ProtobufRpcEngine$Server.processCall(ProtobufRpcEngine.java:466) [hadoop-common-3.3.1.jar:?]
	at org.apache.hadoop.ipc.ProtobufRpcEngine2$Server$ProtoBufRpcInvoker.call(ProtobufRpcEngine2.java:574) [hadoop-common-3.3.1.jar:?]
	at org.apache.hadoop.ipc.ProtobufRpcEngine2$Server$ProtoBufRpcInvoker.call(ProtobufRpcEngine2.java:552) [hadoop-common-3.3.1.jar:?]
	at org.apache.hadoop.ipc.RPC$Server.call(RPC.java:1093) [hadoop-common-3.3.1.jar:?]
	at org.apache.hadoop.ipc.Server$RpcCall.run(Server.java:1035) [hadoop-common-3.3.1.jar:?]
	at org.apache.hadoop.ipc.Server$RpcCall.run(Server.java:963) [hadoop-common-3.3.1.jar:?]
	at java.security.AccessController.doPrivileged(Native Method) ~[?:1.8.0_332]
	at javax.security.auth.Subject.doAs(Subject.java:422) [?:1.8.0_332]
	at org.apache.hadoop.security.UserGroupInformation.doAs(UserGroupInformation.java:1878) [hadoop-common-3.3.1.jar:?]
	at org.apache.hadoop.ipc.Server$Handler.run(Server.java:2966) [hadoop-common-3.3.1.jar:?]
17:32:16.647 [IPC Server handler 15 on default port 44865] ERROR OMAudit - user=runner | ip=127.0.0.1 | op=GET_FILE_STATUS {volume=volume57436, bucket=bucket20083, key=.Trash, dataSize=0, replicationConfig=null} | ret=FAILURE
org.apache.hadoop.ozone.om.exceptions.OMException: Unable to get file status: volume: volume57436 bucket: bucket20083 key: .Trash
	at org.apache.hadoop.ozone.om.KeyManagerImpl.getOzoneFileStatusFSO(KeyManagerImpl.java:1376) ~[ozone-manager-1.3.0-SNAPSHOT.jar:?]
	at org.apache.hadoop.ozone.om.KeyManagerImpl.getFileStatus(KeyManagerImpl.java:1239) ~[ozone-manager-1.3.0-SNAPSHOT.jar:?]
	at org.apache.hadoop.ozone.om.OzoneManager.getFileStatus(OzoneManager.java:3467) ~[ozone-manager-1.3.0-SNAPSHOT.jar:?]
	at org.apache.hadoop.ozone.protocolPB.OzoneManagerRequestHandler.getOzoneFileStatus(OzoneManagerRequestHandler.java:878) ~[ozone-manager-1.3.0-SNAPSHOT.jar:?]
	at org.apache.hadoop.ozone.protocolPB.OzoneManagerRequestHandler.handleReadRequest(OzoneManagerRequestHandler.java:224) ~[ozone-manager-1.3.0-SNAPSHOT.jar:?]
	at org.apache.hadoop.ozone.protocolPB.OzoneManagerProtocolServerSideTranslatorPB.submitRequestDirectlyToOM(OzoneManagerProtocolServerSideTranslatorPB.java:276) ~[ozone-manager-1.3.0-SNAPSHOT.jar:?]
	at org.apache.hadoop.ozone.protocolPB.OzoneManagerProtocolServerSideTranslatorPB.processRequest(OzoneManagerProtocolServerSideTranslatorPB.java:205) ~[ozone-manager-1.3.0-SNAPSHOT.jar:?]
	at org.apache.hadoop.hdds.server.OzoneProtocolMessageDispatcher.processRequest(OzoneProtocolMessageDispatcher.java:87) [hdds-server-framework-1.3.0-SNAPSHOT.jar:?]
	at org.apache.hadoop.ozone.protocolPB.OzoneManagerProtocolServerSideTranslatorPB.submitRequest(OzoneManagerProtocolServerSideTranslatorPB.java:147) [ozone-manager-1.3.0-SNAPSHOT.jar:?]
	at org.apache.hadoop.ozone.protocol.proto.OzoneManagerProtocolProtos$OzoneManagerService$2.callBlockingMethod(OzoneManagerProtocolProtos.java) [ozone-interface-client-1.3.0-SNAPSHOT.jar:?]
	at org.apache.hadoop.ipc.ProtobufRpcEngine$Server.processCall(ProtobufRpcEngine.java:466) [hadoop-common-3.3.1.jar:?]
	at org.apache.hadoop.ipc.ProtobufRpcEngine2$Server$ProtoBufRpcInvoker.call(ProtobufRpcEngine2.java:574) [hadoop-common-3.3.1.jar:?]
	at org.apache.hadoop.ipc.ProtobufRpcEngine2$Server$ProtoBufRpcInvoker.call(ProtobufRpcEngine2.java:552) [hadoop-common-3.3.1.jar:?]
	at org.apache.hadoop.ipc.RPC$Server.call(RPC.java:1093) [hadoop-common-3.3.1.jar:?]
	at org.apache.hadoop.ipc.Server$RpcCall.run(Server.java:1035) [hadoop-common-3.3.1.jar:?]
	at org.apache.hadoop.ipc.Server$RpcCall.run(Server.java:963) [hadoop-common-3.3.1.jar:?]
	at java.security.AccessController.doPrivileged(Native Method) ~[?:1.8.0_332]
	at javax.security.auth.Subject.doAs(Subject.java:422) [?:1.8.0_332]
	at org.apache.hadoop.security.UserGroupInformation.doAs(UserGroupInformation.java:1878) [hadoop-common-3.3.1.jar:?]
	at org.apache.hadoop.ipc.Server$Handler.run(Server.java:2966) [hadoop-common-3.3.1.jar:?]
17:32:16.655 [IPC Server handler 11 on default port 44865] ERROR OMAudit - user=runner | ip=127.0.0.1 | op=GET_FILE_STATUS {volume=volume39722, bucket=trashroottest2, key=.Trash/runner, dataSize=0, replicationConfig=null} | ret=FAILURE
org.apache.hadoop.ozone.om.exceptions.OMException: Unable to get file status: volume: volume39722 bucket: trashroottest2 key: .Trash/runner
	at org.apache.hadoop.ozone.om.KeyManagerImpl.getOzoneFileStatusFSO(KeyManagerImpl.java:1376) ~[ozone-manager-1.3.0-SNAPSHOT.jar:?]
	at org.apache.hadoop.ozone.om.KeyManagerImpl.getFileStatus(KeyManagerImpl.java:1239) ~[ozone-manager-1.3.0-SNAPSHOT.jar:?]
	at org.apache.hadoop.ozone.om.OzoneManager.getFileStatus(OzoneManager.java:3467) ~[ozone-manager-1.3.0-SNAPSHOT.jar:?]
	at org.apache.hadoop.ozone.protocolPB.OzoneManagerRequestHandler.getOzoneFileStatus(OzoneManagerRequestHandler.java:878) ~[ozone-manager-1.3.0-SNAPSHOT.jar:?]
	at org.apache.hadoop.ozone.protocolPB.OzoneManagerRequestHandler.handleReadRequest(OzoneManagerRequestHandler.java:224) ~[ozone-manager-1.3.0-SNAPSHOT.jar:?]
	at org.apache.hadoop.ozone.protocolPB.OzoneManagerProtocolServerSideTranslatorPB.submitRequestDirectlyToOM(OzoneManagerProtocolServerSideTranslatorPB.java:276) ~[ozone-manager-1.3.0-SNAPSHOT.jar:?]
	at org.apache.hadoop.ozone.protocolPB.OzoneManagerProtocolServerSideTranslatorPB.processRequest(OzoneManagerProtocolServerSideTranslatorPB.java:205) ~[ozone-manager-1.3.0-SNAPSHOT.jar:?]
	at org.apache.hadoop.hdds.server.OzoneProtocolMessageDispatcher.processRequest(OzoneProtocolMessageDispatcher.java:87) [hdds-server-framework-1.3.0-SNAPSHOT.jar:?]
	at org.apache.hadoop.ozone.protocolPB.OzoneManagerProtocolServerSideTranslatorPB.submitRequest(OzoneManagerProtocolServerSideTranslatorPB.java:147) [ozone-manager-1.3.0-SNAPSHOT.jar:?]
	at org.apache.hadoop.ozone.protocol.proto.OzoneManagerProtocolProtos$OzoneManagerService$2.callBlockingMethod(OzoneManagerProtocolProtos.java) [ozone-interface-client-1.3.0-SNAPSHOT.jar:?]
	at org.apache.hadoop.ipc.ProtobufRpcEngine$Server.processCall(ProtobufRpcEngine.java:466) [hadoop-common-3.3.1.jar:?]
	at org.apache.hadoop.ipc.ProtobufRpcEngine2$Server$ProtoBufRpcInvoker.call(ProtobufRpcEngine2.java:574) [hadoop-common-3.3.1.jar:?]
	at org.apache.hadoop.ipc.ProtobufRpcEngine2$Server$ProtoBufRpcInvoker.call(ProtobufRpcEngine2.java:552) [hadoop-common-3.3.1.jar:?]
	at org.apache.hadoop.ipc.RPC$Server.call(RPC.java:1093) [hadoop-common-3.3.1.jar:?]
	at org.apache.hadoop.ipc.Server$RpcCall.run(Server.java:1035) [hadoop-common-3.3.1.jar:?]
	at org.apache.hadoop.ipc.Server$RpcCall.run(Server.java:963) [hadoop-common-3.3.1.jar:?]
	at java.security.AccessController.doPrivileged(Native Method) ~[?:1.8.0_332]
	at javax.security.auth.Subject.doAs(Subject.java:422) [?:1.8.0_332]
	at org.apache.hadoop.security.UserGroupInformation.doAs(UserGroupInformation.java:1878) [hadoop-common-3.3.1.jar:?]
	at org.apache.hadoop.ipc.Server$Handler.run(Server.java:2966) [hadoop-common-3.3.1.jar:?]
17:32:16.657 [IPC Server handler 19 on default port 44865] ERROR OMAudit - user=runner | ip=127.0.0.1 | op=GET_FILE_STATUS {volume=volume57436, bucket=bucket20083, key=.Trash/runner, dataSize=0, replicationConfig=null} | ret=FAILURE
org.apache.hadoop.ozone.om.exceptions.OMException: Unable to get file status: volume: volume57436 bucket: bucket20083 key: .Trash/runner
	at org.apache.hadoop.ozone.om.KeyManagerImpl.getOzoneFileStatusFSO(KeyManagerImpl.java:1376) ~[ozone-manager-1.3.0-SNAPSHOT.jar:?]
	at org.apache.hadoop.ozone.om.KeyManagerImpl.getFileStatus(KeyManagerImpl.java:1239) ~[ozone-manager-1.3.0-SNAPSHOT.jar:?]
	at org.apache.hadoop.ozone.om.OzoneManager.getFileStatus(OzoneManager.java:3467) ~[ozone-manager-1.3.0-SNAPSHOT.jar:?]
	at org.apache.hadoop.ozone.protocolPB.OzoneManagerRequestHandler.getOzoneFileStatus(OzoneManagerRequestHandler.java:878) ~[ozone-manager-1.3.0-SNAPSHOT.jar:?]
	at org.apache.hadoop.ozone.protocolPB.OzoneManagerRequestHandler.handleReadRequest(OzoneManagerRequestHandler.java:224) ~[ozone-manager-1.3.0-SNAPSHOT.jar:?]
	at org.apache.hadoop.ozone.protocolPB.OzoneManagerProtocolServerSideTranslatorPB.submitRequestDirectlyToOM(OzoneManagerProtocolServerSideTranslatorPB.java:276) ~[ozone-manager-1.3.0-SNAPSHOT.jar:?]
	at org.apache.hadoop.ozone.protocolPB.OzoneManagerProtocolServerSideTranslatorPB.processRequest(OzoneManagerProtocolServerSideTranslatorPB.java:205) ~[ozone-manager-1.3.0-SNAPSHOT.jar:?]
	at org.apache.hadoop.hdds.server.OzoneProtocolMessageDispatcher.processRequest(OzoneProtocolMessageDispatcher.java:87) [hdds-server-framework-1.3.0-SNAPSHOT.jar:?]
	at org.apache.hadoop.ozone.protocolPB.OzoneManagerProtocolServerSideTranslatorPB.submitRequest(OzoneManagerProtocolServerSideTranslatorPB.java:147) [ozone-manager-1.3.0-SNAPSHOT.jar:?]
	at org.apache.hadoop.ozone.protocol.proto.OzoneManagerProtocolProtos$OzoneManagerService$2.callBlockingMethod(OzoneManagerProtocolProtos.java) [ozone-interface-client-1.3.0-SNAPSHOT.jar:?]
	at org.apache.hadoop.ipc.ProtobufRpcEngine$Server.processCall(ProtobufRpcEngine.java:466) [hadoop-common-3.3.1.jar:?]
	at org.apache.hadoop.ipc.ProtobufRpcEngine2$Server$ProtoBufRpcInvoker.call(ProtobufRpcEngine2.java:574) [hadoop-common-3.3.1.jar:?]
	at org.apache.hadoop.ipc.ProtobufRpcEngine2$Server$ProtoBufRpcInvoker.call(ProtobufRpcEngine2.java:552) [hadoop-common-3.3.1.jar:?]
	at org.apache.hadoop.ipc.RPC$Server.call(RPC.java:1093) [hadoop-common-3.3.1.jar:?]
	at org.apache.hadoop.ipc.Server$RpcCall.run(Server.java:1035) [hadoop-common-3.3.1.jar:?]
	at org.apache.hadoop.ipc.Server$RpcCall.run(Server.java:963) [hadoop-common-3.3.1.jar:?]
	at java.security.AccessController.doPrivileged(Native Method) ~[?:1.8.0_332]
	at javax.security.auth.Subject.doAs(Subject.java:422) [?:1.8.0_332]
	at org.apache.hadoop.security.UserGroupInformation.doAs(UserGroupInformation.java:1878) [hadoop-common-3.3.1.jar:?]
	at org.apache.hadoop.ipc.Server$Handler.run(Server.java:2966) [hadoop-common-3.3.1.jar:?]
17:32:16.660 [IPC Server handler 1 on default port 44865] ERROR OMAudit - user=runner | ip=127.0.0.1 | op=GET_FILE_STATUS {volume=bc6bd3cd-82b6-4b0a-bce3-24c47713f561, bucket=669a6d60-34e4-4c80-9c2a-fd794b263a74, key=.Trash, dataSize=0, replicationConfig=null} | ret=FAILURE
org.apache.hadoop.ozone.om.exceptions.OMException: Unable to get file status: volume: bc6bd3cd-82b6-4b0a-bce3-24c47713f561 bucket: 669a6d60-34e4-4c80-9c2a-fd794b263a74 key: .Trash
	at org.apache.hadoop.ozone.om.KeyManagerImpl.getOzoneFileStatus(KeyManagerImpl.java:1311) ~[ozone-manager-1.3.0-SNAPSHOT.jar:?]
	at org.apache.hadoop.ozone.om.KeyManagerImpl.getFileStatus(KeyManagerImpl.java:1241) ~[ozone-manager-1.3.0-SNAPSHOT.jar:?]
	at org.apache.hadoop.ozone.om.OzoneManager.getFileStatus(OzoneManager.java:3467) ~[ozone-manager-1.3.0-SNAPSHOT.jar:?]
	at org.apache.hadoop.ozone.protocolPB.OzoneManagerRequestHandler.getOzoneFileStatus(OzoneManagerRequestHandler.java:878) ~[ozone-manager-1.3.0-SNAPSHOT.jar:?]
	at org.apache.hadoop.ozone.protocolPB.OzoneManagerRequestHandler.handleReadRequest(OzoneManagerRequestHandler.java:224) ~[ozone-manager-1.3.0-SNAPSHOT.jar:?]
	at org.apache.hadoop.ozone.protocolPB.OzoneManagerProtocolServerSideTranslatorPB.submitRequestDirectlyToOM(OzoneManagerProtocolServerSideTranslatorPB.java:276) ~[ozone-manager-1.3.0-SNAPSHOT.jar:?]
	at org.apache.hadoop.ozone.protocolPB.OzoneManagerProtocolServerSideTranslatorPB.processRequest(OzoneManagerProtocolServerSideTranslatorPB.java:205) ~[ozone-manager-1.3.0-SNAPSHOT.jar:?]
	at org.apache.hadoop.hdds.server.OzoneProtocolMessageDispatcher.processRequest(OzoneProtocolMessageDispatcher.java:87) [hdds-server-framework-1.3.0-SNAPSHOT.jar:?]
	at org.apache.hadoop.ozone.protocolPB.OzoneManagerProtocolServerSideTranslatorPB.submitRequest(OzoneManagerProtocolServerSideTranslatorPB.java:147) [ozone-manager-1.3.0-SNAPSHOT.jar:?]
	at org.apache.hadoop.ozone.protocol.proto.OzoneManagerProtocolProtos$OzoneManagerService$2.callBlockingMethod(OzoneManagerProtocolProtos.java) [ozone-interface-client-1.3.0-SNAPSHOT.jar:?]
	at org.apache.hadoop.ipc.ProtobufRpcEngine$Server.processCall(ProtobufRpcEngine.java:466) [hadoop-common-3.3.1.jar:?]
	at org.apache.hadoop.ipc.ProtobufRpcEngine2$Server$ProtoBufRpcInvoker.call(ProtobufRpcEngine2.java:574) [hadoop-common-3.3.1.jar:?]
	at org.apache.hadoop.ipc.ProtobufRpcEngine2$Server$ProtoBufRpcInvoker.call(ProtobufRpcEngine2.java:552) [hadoop-common-3.3.1.jar:?]
	at org.apache.hadoop.ipc.RPC$Server.call(RPC.java:1093) [hadoop-common-3.3.1.jar:?]
	at org.apache.hadoop.ipc.Server$RpcCall.run(Server.java:1035) [hadoop-common-3.3.1.jar:?]
	at org.apache.hadoop.ipc.Server$RpcCall.run(Server.java:963) [hadoop-common-3.3.1.jar:?]
	at java.security.AccessController.doPrivileged(Native Method) ~[?:1.8.0_332]
	at javax.security.auth.Subject.doAs(Subject.java:422) [?:1.8.0_332]
	at org.apache.hadoop.security.UserGroupInformation.doAs(UserGroupInformation.java:1878) [hadoop-common-3.3.1.jar:?]
	at org.apache.hadoop.ipc.Server$Handler.run(Server.java:2966) [hadoop-common-3.3.1.jar:?]
17:32:16.664 [IPC Server handler 13 on default port 44865] ERROR OMAudit - user=runner | ip=127.0.0.1 | op=GET_FILE_STATUS {volume=volume39722, bucket=trashroottest2, key=.Trash, dataSize=0, replicationConfig=null} | ret=FAILURE
org.apache.hadoop.ozone.om.exceptions.OMException: Unable to get file status: volume: volume39722 bucket: trashroottest2 key: .Trash
	at org.apache.hadoop.ozone.om.KeyManagerImpl.getOzoneFileStatusFSO(KeyManagerImpl.java:1376) ~[ozone-manager-1.3.0-SNAPSHOT.jar:?]
	at org.apache.hadoop.ozone.om.KeyManagerImpl.getFileStatus(KeyManagerImpl.java:1239) ~[ozone-manager-1.3.0-SNAPSHOT.jar:?]
	at org.apache.hadoop.ozone.om.OzoneManager.getFileStatus(OzoneManager.java:3467) ~[ozone-manager-1.3.0-SNAPSHOT.jar:?]
	at org.apache.hadoop.ozone.protocolPB.OzoneManagerRequestHandler.getOzoneFileStatus(OzoneManagerRequestHandler.java:878) ~[ozone-manager-1.3.0-SNAPSHOT.jar:?]
	at org.apache.hadoop.ozone.protocolPB.OzoneManagerRequestHandler.handleReadRequest(OzoneManagerRequestHandler.java:224) ~[ozone-manager-1.3.0-SNAPSHOT.jar:?]
	at org.apache.hadoop.ozone.protocolPB.OzoneManagerProtocolServerSideTranslatorPB.submitRequestDirectlyToOM(OzoneManagerProtocolServerSideTranslatorPB.java:276) ~[ozone-manager-1.3.0-SNAPSHOT.jar:?]
	at org.apache.hadoop.ozone.protocolPB.OzoneManagerProtocolServerSideTranslatorPB.processRequest(OzoneManagerProtocolServerSideTranslatorPB.java:205) ~[ozone-manager-1.3.0-SNAPSHOT.jar:?]
	at org.apache.hadoop.hdds.server.OzoneProtocolMessageDispatcher.processRequest(OzoneProtocolMessageDispatcher.java:87) [hdds-server-framework-1.3.0-SNAPSHOT.jar:?]
	at org.apache.hadoop.ozone.protocolPB.OzoneManagerProtocolServerSideTranslatorPB.submitRequest(OzoneManagerProtocolServerSideTranslatorPB.java:147) [ozone-manager-1.3.0-SNAPSHOT.jar:?]
	at org.apache.hadoop.ozone.protocol.proto.OzoneManagerProtocolProtos$OzoneManagerService$2.callBlockingMethod(OzoneManagerProtocolProtos.java) [ozone-interface-client-1.3.0-SNAPSHOT.jar:?]
	at org.apache.hadoop.ipc.ProtobufRpcEngine$Server.processCall(ProtobufRpcEngine.java:466) [hadoop-common-3.3.1.jar:?]
	at org.apache.hadoop.ipc.ProtobufRpcEngine2$Server$ProtoBufRpcInvoker.call(ProtobufRpcEngine2.java:574) [hadoop-common-3.3.1.jar:?]
	at org.apache.hadoop.ipc.ProtobufRpcEngine2$Server$ProtoBufRpcInvoker.call(ProtobufRpcEngine2.java:552) [hadoop-common-3.3.1.jar:?]
	at org.apache.hadoop.ipc.RPC$Server.call(RPC.java:1093) [hadoop-common-3.3.1.jar:?]
	at org.apache.hadoop.ipc.Server$RpcCall.run(Server.java:1035) [hadoop-common-3.3.1.jar:?]
	at org.apache.hadoop.ipc.Server$RpcCall.run(Server.java:963) [hadoop-common-3.3.1.jar:?]
	at java.security.AccessController.doPrivileged(Native Method) ~[?:1.8.0_332]
	at javax.security.auth.Subject.doAs(Subject.java:422) [?:1.8.0_332]
	at org.apache.hadoop.security.UserGroupInformation.doAs(UserGroupInformation.java:1878) [hadoop-common-3.3.1.jar:?]
	at org.apache.hadoop.ipc.Server$Handler.run(Server.java:2966) [hadoop-common-3.3.1.jar:?]
17:32:16.666 [IPC Server handler 18 on default port 44865] ERROR OMAudit - user=runner | ip=127.0.0.1 | op=GET_FILE_STATUS {volume=volume57436, bucket=bucket20083, key=.Trash, dataSize=0, replicationConfig=null} | ret=FAILURE
org.apache.hadoop.ozone.om.exceptions.OMException: Unable to get file status: volume: volume57436 bucket: bucket20083 key: .Trash
	at org.apache.hadoop.ozone.om.KeyManagerImpl.getOzoneFileStatusFSO(KeyManagerImpl.java:1376) ~[ozone-manager-1.3.0-SNAPSHOT.jar:?]
	at org.apache.hadoop.ozone.om.KeyManagerImpl.getFileStatus(KeyManagerImpl.java:1239) ~[ozone-manager-1.3.0-SNAPSHOT.jar:?]
	at org.apache.hadoop.ozone.om.OzoneManager.getFileStatus(OzoneManager.java:3467) ~[ozone-manager-1.3.0-SNAPSHOT.jar:?]
	at org.apache.hadoop.ozone.protocolPB.OzoneManagerRequestHandler.getOzoneFileStatus(OzoneManagerRequestHandler.java:878) ~[ozone-manager-1.3.0-SNAPSHOT.jar:?]
	at org.apache.hadoop.ozone.protocolPB.OzoneManagerRequestHandler.handleReadRequest(OzoneManagerRequestHandler.java:224) ~[ozone-manager-1.3.0-SNAPSHOT.jar:?]
	at org.apache.hadoop.ozone.protocolPB.OzoneManagerProtocolServerSideTranslatorPB.submitRequestDirectlyToOM(OzoneManagerProtocolServerSideTranslatorPB.java:276) ~[ozone-manager-1.3.0-SNAPSHOT.jar:?]
	at org.apache.hadoop.ozone.protocolPB.OzoneManagerProtocolServerSideTranslatorPB.processRequest(OzoneManagerProtocolServerSideTranslatorPB.java:205) ~[ozone-manager-1.3.0-SNAPSHOT.jar:?]
	at org.apache.hadoop.hdds.server.OzoneProtocolMessageDispatcher.processRequest(OzoneProtocolMessageDispatcher.java:87) [hdds-server-framework-1.3.0-SNAPSHOT.jar:?]
	at org.apache.hadoop.ozone.protocolPB.OzoneManagerProtocolServerSideTranslatorPB.submitRequest(OzoneManagerProtocolServerSideTranslatorPB.java:147) [ozone-manager-1.3.0-SNAPSHOT.jar:?]
	at org.apache.hadoop.ozone.protocol.proto.OzoneManagerProtocolProtos$OzoneManagerService$2.callBlockingMethod(OzoneManagerProtocolProtos.java) [ozone-interface-client-1.3.0-SNAPSHOT.jar:?]
	at org.apache.hadoop.ipc.ProtobufRpcEngine$Server.processCall(ProtobufRpcEngine.java:466) [hadoop-common-3.3.1.jar:?]
	at org.apache.hadoop.ipc.ProtobufRpcEngine2$Server$ProtoBufRpcInvoker.call(ProtobufRpcEngine2.java:574) [hadoop-common-3.3.1.jar:?]
	at org.apache.hadoop.ipc.ProtobufRpcEngine2$Server$ProtoBufRpcInvoker.call(ProtobufRpcEngine2.java:552) [hadoop-common-3.3.1.jar:?]
	at org.apache.hadoop.ipc.RPC$Server.call(RPC.java:1093) [hadoop-common-3.3.1.jar:?]
	at org.apache.hadoop.ipc.Server$RpcCall.run(Server.java:1035) [hadoop-common-3.3.1.jar:?]
	at org.apache.hadoop.ipc.Server$RpcCall.run(Server.java:963) [hadoop-common-3.3.1.jar:?]
	at java.security.AccessController.doPrivileged(Native Method) ~[?:1.8.0_332]
	at javax.security.auth.Subject.doAs(Subject.java:422) [?:1.8.0_332]
	at org.apache.hadoop.security.UserGroupInformation.doAs(UserGroupInformation.java:1878) [hadoop-common-3.3.1.jar:?]
	at org.apache.hadoop.ipc.Server$Handler.run(Server.java:2966) [hadoop-common-3.3.1.jar:?]
17:32:16.674 [IPC Server handler 11 on default port 44865] ERROR OMAudit - user=runner | ip=127.0.0.1 | op=GET_FILE_STATUS {volume=volume39722, bucket=bucket39195, key=.Trash/runner, dataSize=0, replicationConfig=null} | ret=FAILURE
org.apache.hadoop.ozone.om.exceptions.OMException: Unable to get file status: volume: volume39722 bucket: bucket39195 key: .Trash/runner
	at org.apache.hadoop.ozone.om.KeyManagerImpl.getOzoneFileStatusFSO(KeyManagerImpl.java:1376) ~[ozone-manager-1.3.0-SNAPSHOT.jar:?]
	at org.apache.hadoop.ozone.om.KeyManagerImpl.getFileStatus(KeyManagerImpl.java:1239) ~[ozone-manager-1.3.0-SNAPSHOT.jar:?]
	at org.apache.hadoop.ozone.om.OzoneManager.getFileStatus(OzoneManager.java:3467) ~[ozone-manager-1.3.0-SNAPSHOT.jar:?]
	at org.apache.hadoop.ozone.protocolPB.OzoneManagerRequestHandler.getOzoneFileStatus(OzoneManagerRequestHandler.java:878) ~[ozone-manager-1.3.0-SNAPSHOT.jar:?]
	at org.apache.hadoop.ozone.protocolPB.OzoneManagerRequestHandler.handleReadRequest(OzoneManagerRequestHandler.java:224) ~[ozone-manager-1.3.0-SNAPSHOT.jar:?]
	at org.apache.hadoop.ozone.protocolPB.OzoneManagerProtocolServerSideTranslatorPB.submitRequestDirectlyToOM(OzoneManagerProtocolServerSideTranslatorPB.java:276) ~[ozone-manager-1.3.0-SNAPSHOT.jar:?]
	at org.apache.hadoop.ozone.protocolPB.OzoneManagerProtocolServerSideTranslatorPB.processRequest(OzoneManagerProtocolServerSideTranslatorPB.java:205) ~[ozone-manager-1.3.0-SNAPSHOT.jar:?]
	at org.apache.hadoop.hdds.server.OzoneProtocolMessageDispatcher.processRequest(OzoneProtocolMessageDispatcher.java:87) [hdds-server-framework-1.3.0-SNAPSHOT.jar:?]
	at org.apache.hadoop.ozone.protocolPB.OzoneManagerProtocolServerSideTranslatorPB.submitRequest(OzoneManagerProtocolServerSideTranslatorPB.java:147) [ozone-manager-1.3.0-SNAPSHOT.jar:?]
	at org.apache.hadoop.ozone.protocol.proto.OzoneManagerProtocolProtos$OzoneManagerService$2.callBlockingMethod(OzoneManagerProtocolProtos.java) [ozone-interface-client-1.3.0-SNAPSHOT.jar:?]
	at org.apache.hadoop.ipc.ProtobufRpcEngine$Server.processCall(ProtobufRpcEngine.java:466) [hadoop-common-3.3.1.jar:?]
	at org.apache.hadoop.ipc.ProtobufRpcEngine2$Server$ProtoBufRpcInvoker.call(ProtobufRpcEngine2.java:574) [hadoop-common-3.3.1.jar:?]
	at org.apache.hadoop.ipc.ProtobufRpcEngine2$Server$ProtoBufRpcInvoker.call(ProtobufRpcEngine2.java:552) [hadoop-common-3.3.1.jar:?]
	at org.apache.hadoop.ipc.RPC$Server.call(RPC.java:1093) [hadoop-common-3.3.1.jar:?]
	at org.apache.hadoop.ipc.Server$RpcCall.run(Server.java:1035) [hadoop-common-3.3.1.jar:?]
	at org.apache.hadoop.ipc.Server$RpcCall.run(Server.java:963) [hadoop-common-3.3.1.jar:?]
	at java.security.AccessController.doPrivileged(Native Method) ~[?:1.8.0_332]
	at javax.security.auth.Subject.doAs(Subject.java:422) [?:1.8.0_332]
	at org.apache.hadoop.security.UserGroupInformation.doAs(UserGroupInformation.java:1878) [hadoop-common-3.3.1.jar:?]
	at org.apache.hadoop.ipc.Server$Handler.run(Server.java:2966) [hadoop-common-3.3.1.jar:?]
17:32:16.681 [IPC Server handler 17 on default port 44865] ERROR OMAudit - user=runner | ip=127.0.0.1 | op=GET_FILE_STATUS {volume=bc6bd3cd-82b6-4b0a-bce3-24c47713f561, bucket=669a6d60-34e4-4c80-9c2a-fd794b263a74, key=.Trash, dataSize=0, replicationConfig=null} | ret=FAILURE
org.apache.hadoop.ozone.om.exceptions.OMException: Unable to get file status: volume: bc6bd3cd-82b6-4b0a-bce3-24c47713f561 bucket: 669a6d60-34e4-4c80-9c2a-fd794b263a74 key: .Trash
	at org.apache.hadoop.ozone.om.KeyManagerImpl.getOzoneFileStatus(KeyManagerImpl.java:1311) ~[ozone-manager-1.3.0-SNAPSHOT.jar:?]
	at org.apache.hadoop.ozone.om.KeyManagerImpl.getFileStatus(KeyManagerImpl.java:1241) ~[ozone-manager-1.3.0-SNAPSHOT.jar:?]
	at org.apache.hadoop.ozone.om.OzoneManager.getFileStatus(OzoneManager.java:3467) ~[ozone-manager-1.3.0-SNAPSHOT.jar:?]
	at org.apache.hadoop.ozone.protocolPB.OzoneManagerRequestHandler.getOzoneFileStatus(OzoneManagerRequestHandler.java:878) ~[ozone-manager-1.3.0-SNAPSHOT.jar:?]
	at org.apache.hadoop.ozone.protocolPB.OzoneManagerRequestHandler.handleReadRequest(OzoneManagerRequestHandler.java:224) ~[ozone-manager-1.3.0-SNAPSHOT.jar:?]
	at org.apache.hadoop.ozone.protocolPB.OzoneManagerProtocolServerSideTranslatorPB.submitRequestDirectlyToOM(OzoneManagerProtocolServerSideTranslatorPB.java:276) ~[ozone-manager-1.3.0-SNAPSHOT.jar:?]
	at org.apache.hadoop.ozone.protocolPB.OzoneManagerProtocolServerSideTranslatorPB.processRequest(OzoneManagerProtocolServerSideTranslatorPB.java:205) ~[ozone-manager-1.3.0-SNAPSHOT.jar:?]
	at org.apache.hadoop.hdds.server.OzoneProtocolMessageDispatcher.processRequest(OzoneProtocolMessageDispatcher.java:87) [hdds-server-framework-1.3.0-SNAPSHOT.jar:?]
	at org.apache.hadoop.ozone.protocolPB.OzoneManagerProtocolServerSideTranslatorPB.submitRequest(OzoneManagerProtocolServerSideTranslatorPB.java:147) [ozone-manager-1.3.0-SNAPSHOT.jar:?]
	at org.apache.hadoop.ozone.protocol.proto.OzoneManagerProtocolProtos$OzoneManagerService$2.callBlockingMethod(OzoneManagerProtocolProtos.java) [ozone-interface-client-1.3.0-SNAPSHOT.jar:?]
	at org.apache.hadoop.ipc.ProtobufRpcEngine$Server.processCall(ProtobufRpcEngine.java:466) [hadoop-common-3.3.1.jar:?]
	at org.apache.hadoop.ipc.ProtobufRpcEngine2$Server$ProtoBufRpcInvoker.call(ProtobufRpcEngine2.java:574) [hadoop-common-3.3.1.jar:?]
	at org.apache.hadoop.ipc.ProtobufRpcEngine2$Server$ProtoBufRpcInvoker.call(ProtobufRpcEngine2.java:552) [hadoop-common-3.3.1.jar:?]
	at org.apache.hadoop.ipc.RPC$Server.call(RPC.java:1093) [hadoop-common-3.3.1.jar:?]
	at org.apache.hadoop.ipc.Server$RpcCall.run(Server.java:1035) [hadoop-common-3.3.1.jar:?]
	at org.apache.hadoop.ipc.Server$RpcCall.run(Server.java:963) [hadoop-common-3.3.1.jar:?]
	at java.security.AccessController.doPrivileged(Native Method) ~[?:1.8.0_332]
	at javax.security.auth.Subject.doAs(Subject.java:422) [?:1.8.0_332]
	at org.apache.hadoop.security.UserGroupInformation.doAs(UserGroupInformation.java:1878) [hadoop-common-3.3.1.jar:?]
	at org.apache.hadoop.ipc.Server$Handler.run(Server.java:2966) [hadoop-common-3.3.1.jar:?]
]]></system-out>
  </testcase>
  <testcase name="testCreateDoesNotAddParentDirKeys" classname="TestRootedOzoneFileSystemWithFSO" time="0.1">
    <system-out><![CDATA[2022-08-08 17:31:08,507 [Time-limited test] INFO  rpc.RpcClient (RpcClient.java:createVolume(468)) - Creating Volume: volume06793, with user29696 as owner and space quota set to -1 bytes, counts quota set to -1
2022-08-08 17:31:08,509 [OM StateMachine ApplyTransaction Thread - 0] INFO  volume.OMVolumeCreateRequest (OMVolumeCreateRequest.java:validateAndUpdateCache(195)) - created volume:volume06793 for user:user29696
2022-08-08 17:31:08,511 [Time-limited test] INFO  rpc.RpcClient (RpcClient.java:createBucket(671)) - Creating Bucket: volume06793/bucket80439, with bucket layout FILE_SYSTEM_OPTIMIZED, runner as owner, Versioning false, Storage Type set to DISK and Encryption set to false 
2022-08-08 17:31:08,512 [OM StateMachine ApplyTransaction Thread - 0] INFO  bucket.OMBucketCreateRequest (OMBucketCreateRequest.java:validateAndUpdateCache(260)) - created bucket: bucket80439 of layout FILE_SYSTEM_OPTIMIZED in volume: volume06793
]]></system-out>
  </testcase>
  <testcase name="testCreateDoesNotAddParentDirKeys" classname="TestRootedOzoneFileSystemWithFSO" time="0.125">
    <system-out><![CDATA[2022-08-08 17:32:16,775 [Time-limited test] INFO  rpc.RpcClient (RpcClient.java:createVolume(468)) - Creating Volume: volume78442, with user57931 as owner and space quota set to -1 bytes, counts quota set to -1
2022-08-08 17:32:16,776 [IPC Server handler 12 on default port 44865] INFO  volume.OMVolumeCreateRequest (OMVolumeCreateRequest.java:validateAndUpdateCache(195)) - created volume:volume78442 for user:user57931
2022-08-08 17:32:16,778 [Time-limited test] INFO  rpc.RpcClient (RpcClient.java:createBucket(671)) - Creating Bucket: volume78442/bucket87718, with bucket layout FILE_SYSTEM_OPTIMIZED, runner as owner, Versioning false, Storage Type set to DISK and Encryption set to false 
2022-08-08 17:32:16,779 [IPC Server handler 15 on default port 44865] INFO  bucket.OMBucketCreateRequest (OMBucketCreateRequest.java:validateAndUpdateCache(260)) - created bucket: bucket87718 of layout FILE_SYSTEM_OPTIMIZED in volume: volume78442
]]></system-out>
  </testcase>
  <testcase name="testDeleteCreatesFakeParentDir" classname="TestRootedOzoneFileSystemWithFSO" time="0">
    <skipped type="org.junit.AssumptionViolatedException"><![CDATA[org.junit.AssumptionViolatedException: FS Path is enabled. Skipping this test as it is not tuned for FS Path yet
	at org.junit.Assume.assumeTrue(Assume.java:68)
	at org.apache.hadoop.fs.ozone.TestRootedOzoneFileSystem.testDeleteCreatesFakeParentDir(TestRootedOzoneFileSystem.java:318)
	at sun.reflect.NativeMethodAccessorImpl.invoke0(Native Method)
	at sun.reflect.NativeMethodAccessorImpl.invoke(NativeMethodAccessorImpl.java:62)
	at sun.reflect.DelegatingMethodAccessorImpl.invoke(DelegatingMethodAccessorImpl.java:43)
	at java.lang.reflect.Method.invoke(Method.java:498)
	at org.junit.runners.model.FrameworkMethod$1.runReflectiveCall(FrameworkMethod.java:59)
	at org.junit.internal.runners.model.ReflectiveCallable.run(ReflectiveCallable.java:12)
	at org.junit.runners.model.FrameworkMethod.invokeExplosively(FrameworkMethod.java:56)
	at org.junit.internal.runners.statements.InvokeMethod.evaluate(InvokeMethod.java:17)
	at org.junit.internal.runners.statements.RunBefores.evaluate(RunBefores.java:26)
	at org.junit.internal.runners.statements.RunAfters.evaluate(RunAfters.java:27)
	at org.junit.internal.runners.statements.FailOnTimeout$CallableStatement.call(FailOnTimeout.java:288)
	at org.junit.internal.runners.statements.FailOnTimeout$CallableStatement.call(FailOnTimeout.java:282)
	at java.util.concurrent.FutureTask.run(FutureTask.java:266)
	at java.lang.Thread.run(Thread.java:750)
]]></skipped>
    <system-out><![CDATA[2022-08-08 17:31:08,609 [Time-limited test] INFO  rpc.RpcClient (RpcClient.java:createVolume(468)) - Creating Volume: volume52807, with user42571 as owner and space quota set to -1 bytes, counts quota set to -1
2022-08-08 17:31:08,611 [OM StateMachine ApplyTransaction Thread - 0] INFO  volume.OMVolumeCreateRequest (OMVolumeCreateRequest.java:validateAndUpdateCache(195)) - created volume:volume52807 for user:user42571
2022-08-08 17:31:08,613 [Time-limited test] INFO  rpc.RpcClient (RpcClient.java:createBucket(671)) - Creating Bucket: volume52807/bucket92936, with bucket layout FILE_SYSTEM_OPTIMIZED, runner as owner, Versioning false, Storage Type set to DISK and Encryption set to false 
2022-08-08 17:31:08,615 [OM StateMachine ApplyTransaction Thread - 0] INFO  bucket.OMBucketCreateRequest (OMBucketCreateRequest.java:validateAndUpdateCache(260)) - created bucket: bucket92936 of layout FILE_SYSTEM_OPTIMIZED in volume: volume52807
]]></system-out>
  </testcase>
  <testcase name="testDeleteCreatesFakeParentDir" classname="TestRootedOzoneFileSystemWithFSO" time="0">
    <skipped type="org.junit.AssumptionViolatedException"><![CDATA[org.junit.AssumptionViolatedException: FS Path is enabled. Skipping this test as it is not tuned for FS Path yet
	at org.junit.Assume.assumeTrue(Assume.java:68)
	at org.apache.hadoop.fs.ozone.TestRootedOzoneFileSystem.testDeleteCreatesFakeParentDir(TestRootedOzoneFileSystem.java:318)
	at sun.reflect.NativeMethodAccessorImpl.invoke0(Native Method)
	at sun.reflect.NativeMethodAccessorImpl.invoke(NativeMethodAccessorImpl.java:62)
	at sun.reflect.DelegatingMethodAccessorImpl.invoke(DelegatingMethodAccessorImpl.java:43)
	at java.lang.reflect.Method.invoke(Method.java:498)
	at org.junit.runners.model.FrameworkMethod$1.runReflectiveCall(FrameworkMethod.java:59)
	at org.junit.internal.runners.model.ReflectiveCallable.run(ReflectiveCallable.java:12)
	at org.junit.runners.model.FrameworkMethod.invokeExplosively(FrameworkMethod.java:56)
	at org.junit.internal.runners.statements.InvokeMethod.evaluate(InvokeMethod.java:17)
	at org.junit.internal.runners.statements.RunBefores.evaluate(RunBefores.java:26)
	at org.junit.internal.runners.statements.RunAfters.evaluate(RunAfters.java:27)
	at org.junit.internal.runners.statements.FailOnTimeout$CallableStatement.call(FailOnTimeout.java:288)
	at org.junit.internal.runners.statements.FailOnTimeout$CallableStatement.call(FailOnTimeout.java:282)
	at java.util.concurrent.FutureTask.run(FutureTask.java:266)
	at java.lang.Thread.run(Thread.java:750)
]]></skipped>
    <system-out><![CDATA[2022-08-08 17:32:16,895 [Time-limited test] INFO  rpc.RpcClient (RpcClient.java:createVolume(468)) - Creating Volume: volume57636, with user35294 as owner and space quota set to -1 bytes, counts quota set to -1
2022-08-08 17:32:16,896 [IPC Server handler 15 on default port 44865] INFO  volume.OMVolumeCreateRequest (OMVolumeCreateRequest.java:validateAndUpdateCache(195)) - created volume:volume57636 for user:user35294
2022-08-08 17:32:16,899 [Time-limited test] INFO  rpc.RpcClient (RpcClient.java:createBucket(671)) - Creating Bucket: volume57636/bucket10466, with bucket layout FILE_SYSTEM_OPTIMIZED, runner as owner, Versioning false, Storage Type set to DISK and Encryption set to false 
2022-08-08 17:32:16,899 [IPC Server handler 19 on default port 44865] INFO  bucket.OMBucketCreateRequest (OMBucketCreateRequest.java:validateAndUpdateCache(260)) - created bucket: bucket10466 of layout FILE_SYSTEM_OPTIMIZED in volume: volume57636
]]></system-out>
  </testcase>
  <testcase name="testNonExplicitlyCreatedPathExistsAfterItsLeafsWereRemoved" classname="TestRootedOzoneFileSystemWithFSO" time="0.076">
    <system-out><![CDATA[2022-08-08 17:31:08,661 [Time-limited test] INFO  rpc.RpcClient (RpcClient.java:createVolume(468)) - Creating Volume: volume48298, with user73471 as owner and space quota set to -1 bytes, counts quota set to -1
2022-08-08 17:31:08,663 [OM StateMachine ApplyTransaction Thread - 0] INFO  volume.OMVolumeCreateRequest (OMVolumeCreateRequest.java:validateAndUpdateCache(195)) - created volume:volume48298 for user:user73471
2022-08-08 17:31:08,666 [Time-limited test] INFO  rpc.RpcClient (RpcClient.java:createBucket(671)) - Creating Bucket: volume48298/bucket26950, with bucket layout FILE_SYSTEM_OPTIMIZED, runner as owner, Versioning false, Storage Type set to DISK and Encryption set to false 
2022-08-08 17:31:08,667 [OM StateMachine ApplyTransaction Thread - 0] INFO  bucket.OMBucketCreateRequest (OMBucketCreateRequest.java:validateAndUpdateCache(260)) - created bucket: bucket26950 of layout FILE_SYSTEM_OPTIMIZED in volume: volume48298
]]></system-out>
  </testcase>
  <testcase name="testNonExplicitlyCreatedPathExistsAfterItsLeafsWereRemoved" classname="TestRootedOzoneFileSystemWithFSO" time="0.159">
    <system-out><![CDATA[2022-08-08 17:32:17,042 [Time-limited test] INFO  rpc.RpcClient (RpcClient.java:createVolume(468)) - Creating Volume: volume98832, with user11938 as owner and space quota set to -1 bytes, counts quota set to -1
2022-08-08 17:32:17,043 [IPC Server handler 19 on default port 44865] INFO  volume.OMVolumeCreateRequest (OMVolumeCreateRequest.java:validateAndUpdateCache(195)) - created volume:volume98832 for user:user11938
2022-08-08 17:32:17,044 [Time-limited test] INFO  rpc.RpcClient (RpcClient.java:createBucket(671)) - Creating Bucket: volume98832/bucket98932, with bucket layout FILE_SYSTEM_OPTIMIZED, runner as owner, Versioning false, Storage Type set to DISK and Encryption set to false 
2022-08-08 17:32:17,044 [IPC Server handler 17 on default port 44865] INFO  bucket.OMBucketCreateRequest (OMBucketCreateRequest.java:validateAndUpdateCache(260)) - created bucket: bucket98932 of layout FILE_SYSTEM_OPTIMIZED in volume: volume98832
]]></system-out>
  </testcase>
  <testcase name="testFileDelete" classname="TestRootedOzoneFileSystemWithFSO" time="0.188">
    <system-out><![CDATA[2022-08-08 17:31:08,746 [Time-limited test] INFO  rpc.RpcClient (RpcClient.java:createVolume(468)) - Creating Volume: volume34022, with user26724 as owner and space quota set to -1 bytes, counts quota set to -1
2022-08-08 17:31:08,748 [OM StateMachine ApplyTransaction Thread - 0] INFO  volume.OMVolumeCreateRequest (OMVolumeCreateRequest.java:validateAndUpdateCache(195)) - created volume:volume34022 for user:user26724
2022-08-08 17:31:08,751 [Time-limited test] INFO  rpc.RpcClient (RpcClient.java:createBucket(671)) - Creating Bucket: volume34022/bucket02082, with bucket layout FILE_SYSTEM_OPTIMIZED, runner as owner, Versioning false, Storage Type set to DISK and Encryption set to false 
2022-08-08 17:31:08,753 [OM StateMachine ApplyTransaction Thread - 0] INFO  bucket.OMBucketCreateRequest (OMBucketCreateRequest.java:validateAndUpdateCache(260)) - created bucket: bucket02082 of layout FILE_SYSTEM_OPTIMIZED in volume: volume34022
17:31:08.853 [IPC Server handler 3 on default port 37325] ERROR OMAudit - user=runner | ip=127.0.0.1 | op=GET_FILE_STATUS {volume=volume34022, bucket=bucket02082, key=testBatchDelete, dataSize=0, replicationConfig=null} | ret=FAILURE
org.apache.hadoop.ozone.om.exceptions.OMException: Unable to get file status: volume: volume34022 bucket: bucket02082 key: testBatchDelete
	at org.apache.hadoop.ozone.om.KeyManagerImpl.getOzoneFileStatusFSO(KeyManagerImpl.java:1376) ~[ozone-manager-1.3.0-SNAPSHOT.jar:?]
	at org.apache.hadoop.ozone.om.KeyManagerImpl.getFileStatus(KeyManagerImpl.java:1239) ~[ozone-manager-1.3.0-SNAPSHOT.jar:?]
	at org.apache.hadoop.ozone.om.OzoneManager.getFileStatus(OzoneManager.java:3467) ~[ozone-manager-1.3.0-SNAPSHOT.jar:?]
	at org.apache.hadoop.ozone.protocolPB.OzoneManagerRequestHandler.getOzoneFileStatus(OzoneManagerRequestHandler.java:878) ~[ozone-manager-1.3.0-SNAPSHOT.jar:?]
	at org.apache.hadoop.ozone.protocolPB.OzoneManagerRequestHandler.handleReadRequest(OzoneManagerRequestHandler.java:224) ~[ozone-manager-1.3.0-SNAPSHOT.jar:?]
	at org.apache.hadoop.ozone.protocolPB.OzoneManagerProtocolServerSideTranslatorPB.submitReadRequestToOM(OzoneManagerProtocolServerSideTranslatorPB.java:226) ~[ozone-manager-1.3.0-SNAPSHOT.jar:?]
	at org.apache.hadoop.ozone.protocolPB.OzoneManagerProtocolServerSideTranslatorPB.processRequest(OzoneManagerProtocolServerSideTranslatorPB.java:175) ~[ozone-manager-1.3.0-SNAPSHOT.jar:?]
	at org.apache.hadoop.hdds.server.OzoneProtocolMessageDispatcher.processRequest(OzoneProtocolMessageDispatcher.java:87) [hdds-server-framework-1.3.0-SNAPSHOT.jar:?]
	at org.apache.hadoop.ozone.protocolPB.OzoneManagerProtocolServerSideTranslatorPB.submitRequest(OzoneManagerProtocolServerSideTranslatorPB.java:147) [ozone-manager-1.3.0-SNAPSHOT.jar:?]
	at org.apache.hadoop.ozone.protocol.proto.OzoneManagerProtocolProtos$OzoneManagerService$2.callBlockingMethod(OzoneManagerProtocolProtos.java) [ozone-interface-client-1.3.0-SNAPSHOT.jar:?]
	at org.apache.hadoop.ipc.ProtobufRpcEngine$Server.processCall(ProtobufRpcEngine.java:466) [hadoop-common-3.3.1.jar:?]
	at org.apache.hadoop.ipc.ProtobufRpcEngine2$Server$ProtoBufRpcInvoker.call(ProtobufRpcEngine2.java:574) [hadoop-common-3.3.1.jar:?]
	at org.apache.hadoop.ipc.ProtobufRpcEngine2$Server$ProtoBufRpcInvoker.call(ProtobufRpcEngine2.java:552) [hadoop-common-3.3.1.jar:?]
	at org.apache.hadoop.ipc.RPC$Server.call(RPC.java:1093) [hadoop-common-3.3.1.jar:?]
	at org.apache.hadoop.ipc.Server$RpcCall.run(Server.java:1035) [hadoop-common-3.3.1.jar:?]
	at org.apache.hadoop.ipc.Server$RpcCall.run(Server.java:963) [hadoop-common-3.3.1.jar:?]
	at java.security.AccessController.doPrivileged(Native Method) ~[?:1.8.0_332]
	at javax.security.auth.Subject.doAs(Subject.java:422) [?:1.8.0_332]
	at org.apache.hadoop.security.UserGroupInformation.doAs(UserGroupInformation.java:1878) [hadoop-common-3.3.1.jar:?]
	at org.apache.hadoop.ipc.Server$Handler.run(Server.java:2966) [hadoop-common-3.3.1.jar:?]
17:31:08.855 [IPC Server handler 14 on default port 37325] ERROR OMAudit - user=runner | ip=127.0.0.1 | op=GET_FILE_STATUS {volume=volume34022, bucket=bucket02082, key=testBatchDelete/parent/child0, dataSize=0, replicationConfig=null} | ret=FAILURE
org.apache.hadoop.ozone.om.exceptions.OMException: Unable to get file status: volume: volume34022 bucket: bucket02082 key: testBatchDelete/parent/child0
	at org.apache.hadoop.ozone.om.KeyManagerImpl.getOzoneFileStatusFSO(KeyManagerImpl.java:1376) ~[ozone-manager-1.3.0-SNAPSHOT.jar:?]
	at org.apache.hadoop.ozone.om.KeyManagerImpl.getFileStatus(KeyManagerImpl.java:1239) ~[ozone-manager-1.3.0-SNAPSHOT.jar:?]
	at org.apache.hadoop.ozone.om.OzoneManager.getFileStatus(OzoneManager.java:3467) ~[ozone-manager-1.3.0-SNAPSHOT.jar:?]
	at org.apache.hadoop.ozone.protocolPB.OzoneManagerRequestHandler.getOzoneFileStatus(OzoneManagerRequestHandler.java:878) ~[ozone-manager-1.3.0-SNAPSHOT.jar:?]
	at org.apache.hadoop.ozone.protocolPB.OzoneManagerRequestHandler.handleReadRequest(OzoneManagerRequestHandler.java:224) ~[ozone-manager-1.3.0-SNAPSHOT.jar:?]
	at org.apache.hadoop.ozone.protocolPB.OzoneManagerProtocolServerSideTranslatorPB.submitReadRequestToOM(OzoneManagerProtocolServerSideTranslatorPB.java:226) ~[ozone-manager-1.3.0-SNAPSHOT.jar:?]
	at org.apache.hadoop.ozone.protocolPB.OzoneManagerProtocolServerSideTranslatorPB.processRequest(OzoneManagerProtocolServerSideTranslatorPB.java:175) ~[ozone-manager-1.3.0-SNAPSHOT.jar:?]
	at org.apache.hadoop.hdds.server.OzoneProtocolMessageDispatcher.processRequest(OzoneProtocolMessageDispatcher.java:87) [hdds-server-framework-1.3.0-SNAPSHOT.jar:?]
	at org.apache.hadoop.ozone.protocolPB.OzoneManagerProtocolServerSideTranslatorPB.submitRequest(OzoneManagerProtocolServerSideTranslatorPB.java:147) [ozone-manager-1.3.0-SNAPSHOT.jar:?]
	at org.apache.hadoop.ozone.protocol.proto.OzoneManagerProtocolProtos$OzoneManagerService$2.callBlockingMethod(OzoneManagerProtocolProtos.java) [ozone-interface-client-1.3.0-SNAPSHOT.jar:?]
	at org.apache.hadoop.ipc.ProtobufRpcEngine$Server.processCall(ProtobufRpcEngine.java:466) [hadoop-common-3.3.1.jar:?]
	at org.apache.hadoop.ipc.ProtobufRpcEngine2$Server$ProtoBufRpcInvoker.call(ProtobufRpcEngine2.java:574) [hadoop-common-3.3.1.jar:?]
	at org.apache.hadoop.ipc.ProtobufRpcEngine2$Server$ProtoBufRpcInvoker.call(ProtobufRpcEngine2.java:552) [hadoop-common-3.3.1.jar:?]
	at org.apache.hadoop.ipc.RPC$Server.call(RPC.java:1093) [hadoop-common-3.3.1.jar:?]
	at org.apache.hadoop.ipc.Server$RpcCall.run(Server.java:1035) [hadoop-common-3.3.1.jar:?]
	at org.apache.hadoop.ipc.Server$RpcCall.run(Server.java:963) [hadoop-common-3.3.1.jar:?]
	at java.security.AccessController.doPrivileged(Native Method) ~[?:1.8.0_332]
	at javax.security.auth.Subject.doAs(Subject.java:422) [?:1.8.0_332]
	at org.apache.hadoop.security.UserGroupInformation.doAs(UserGroupInformation.java:1878) [hadoop-common-3.3.1.jar:?]
	at org.apache.hadoop.ipc.Server$Handler.run(Server.java:2966) [hadoop-common-3.3.1.jar:?]
17:31:08.856 [IPC Server handler 15 on default port 37325] ERROR OMAudit - user=runner | ip=127.0.0.1 | op=GET_FILE_STATUS {volume=volume34022, bucket=bucket02082, key=testBatchDelete/parent/childFolder/child0, dataSize=0, replicationConfig=null} | ret=FAILURE
org.apache.hadoop.ozone.om.exceptions.OMException: Unable to get file status: volume: volume34022 bucket: bucket02082 key: testBatchDelete/parent/childFolder/child0
	at org.apache.hadoop.ozone.om.KeyManagerImpl.getOzoneFileStatusFSO(KeyManagerImpl.java:1376) ~[ozone-manager-1.3.0-SNAPSHOT.jar:?]
	at org.apache.hadoop.ozone.om.KeyManagerImpl.getFileStatus(KeyManagerImpl.java:1239) ~[ozone-manager-1.3.0-SNAPSHOT.jar:?]
	at org.apache.hadoop.ozone.om.OzoneManager.getFileStatus(OzoneManager.java:3467) ~[ozone-manager-1.3.0-SNAPSHOT.jar:?]
	at org.apache.hadoop.ozone.protocolPB.OzoneManagerRequestHandler.getOzoneFileStatus(OzoneManagerRequestHandler.java:878) ~[ozone-manager-1.3.0-SNAPSHOT.jar:?]
	at org.apache.hadoop.ozone.protocolPB.OzoneManagerRequestHandler.handleReadRequest(OzoneManagerRequestHandler.java:224) ~[ozone-manager-1.3.0-SNAPSHOT.jar:?]
	at org.apache.hadoop.ozone.protocolPB.OzoneManagerProtocolServerSideTranslatorPB.submitReadRequestToOM(OzoneManagerProtocolServerSideTranslatorPB.java:226) ~[ozone-manager-1.3.0-SNAPSHOT.jar:?]
	at org.apache.hadoop.ozone.protocolPB.OzoneManagerProtocolServerSideTranslatorPB.processRequest(OzoneManagerProtocolServerSideTranslatorPB.java:175) ~[ozone-manager-1.3.0-SNAPSHOT.jar:?]
	at org.apache.hadoop.hdds.server.OzoneProtocolMessageDispatcher.processRequest(OzoneProtocolMessageDispatcher.java:87) [hdds-server-framework-1.3.0-SNAPSHOT.jar:?]
	at org.apache.hadoop.ozone.protocolPB.OzoneManagerProtocolServerSideTranslatorPB.submitRequest(OzoneManagerProtocolServerSideTranslatorPB.java:147) [ozone-manager-1.3.0-SNAPSHOT.jar:?]
	at org.apache.hadoop.ozone.protocol.proto.OzoneManagerProtocolProtos$OzoneManagerService$2.callBlockingMethod(OzoneManagerProtocolProtos.java) [ozone-interface-client-1.3.0-SNAPSHOT.jar:?]
	at org.apache.hadoop.ipc.ProtobufRpcEngine$Server.processCall(ProtobufRpcEngine.java:466) [hadoop-common-3.3.1.jar:?]
	at org.apache.hadoop.ipc.ProtobufRpcEngine2$Server$ProtoBufRpcInvoker.call(ProtobufRpcEngine2.java:574) [hadoop-common-3.3.1.jar:?]
	at org.apache.hadoop.ipc.ProtobufRpcEngine2$Server$ProtoBufRpcInvoker.call(ProtobufRpcEngine2.java:552) [hadoop-common-3.3.1.jar:?]
	at org.apache.hadoop.ipc.RPC$Server.call(RPC.java:1093) [hadoop-common-3.3.1.jar:?]
	at org.apache.hadoop.ipc.Server$RpcCall.run(Server.java:1035) [hadoop-common-3.3.1.jar:?]
	at org.apache.hadoop.ipc.Server$RpcCall.run(Server.java:963) [hadoop-common-3.3.1.jar:?]
	at java.security.AccessController.doPrivileged(Native Method) ~[?:1.8.0_332]
	at javax.security.auth.Subject.doAs(Subject.java:422) [?:1.8.0_332]
	at org.apache.hadoop.security.UserGroupInformation.doAs(UserGroupInformation.java:1878) [hadoop-common-3.3.1.jar:?]
	at org.apache.hadoop.ipc.Server$Handler.run(Server.java:2966) [hadoop-common-3.3.1.jar:?]
17:31:08.858 [IPC Server handler 0 on default port 37325] ERROR OMAudit - user=runner | ip=127.0.0.1 | op=GET_FILE_STATUS {volume=volume34022, bucket=bucket02082, key=testBatchDelete/parent/child1, dataSize=0, replicationConfig=null} | ret=FAILURE
org.apache.hadoop.ozone.om.exceptions.OMException: Unable to get file status: volume: volume34022 bucket: bucket02082 key: testBatchDelete/parent/child1
	at org.apache.hadoop.ozone.om.KeyManagerImpl.getOzoneFileStatusFSO(KeyManagerImpl.java:1376) ~[ozone-manager-1.3.0-SNAPSHOT.jar:?]
	at org.apache.hadoop.ozone.om.KeyManagerImpl.getFileStatus(KeyManagerImpl.java:1239) ~[ozone-manager-1.3.0-SNAPSHOT.jar:?]
	at org.apache.hadoop.ozone.om.OzoneManager.getFileStatus(OzoneManager.java:3467) ~[ozone-manager-1.3.0-SNAPSHOT.jar:?]
	at org.apache.hadoop.ozone.protocolPB.OzoneManagerRequestHandler.getOzoneFileStatus(OzoneManagerRequestHandler.java:878) ~[ozone-manager-1.3.0-SNAPSHOT.jar:?]
	at org.apache.hadoop.ozone.protocolPB.OzoneManagerRequestHandler.handleReadRequest(OzoneManagerRequestHandler.java:224) ~[ozone-manager-1.3.0-SNAPSHOT.jar:?]
	at org.apache.hadoop.ozone.protocolPB.OzoneManagerProtocolServerSideTranslatorPB.submitReadRequestToOM(OzoneManagerProtocolServerSideTranslatorPB.java:226) ~[ozone-manager-1.3.0-SNAPSHOT.jar:?]
	at org.apache.hadoop.ozone.protocolPB.OzoneManagerProtocolServerSideTranslatorPB.processRequest(OzoneManagerProtocolServerSideTranslatorPB.java:175) ~[ozone-manager-1.3.0-SNAPSHOT.jar:?]
	at org.apache.hadoop.hdds.server.OzoneProtocolMessageDispatcher.processRequest(OzoneProtocolMessageDispatcher.java:87) [hdds-server-framework-1.3.0-SNAPSHOT.jar:?]
	at org.apache.hadoop.ozone.protocolPB.OzoneManagerProtocolServerSideTranslatorPB.submitRequest(OzoneManagerProtocolServerSideTranslatorPB.java:147) [ozone-manager-1.3.0-SNAPSHOT.jar:?]
	at org.apache.hadoop.ozone.protocol.proto.OzoneManagerProtocolProtos$OzoneManagerService$2.callBlockingMethod(OzoneManagerProtocolProtos.java) [ozone-interface-client-1.3.0-SNAPSHOT.jar:?]
	at org.apache.hadoop.ipc.ProtobufRpcEngine$Server.processCall(ProtobufRpcEngine.java:466) [hadoop-common-3.3.1.jar:?]
	at org.apache.hadoop.ipc.ProtobufRpcEngine2$Server$ProtoBufRpcInvoker.call(ProtobufRpcEngine2.java:574) [hadoop-common-3.3.1.jar:?]
	at org.apache.hadoop.ipc.ProtobufRpcEngine2$Server$ProtoBufRpcInvoker.call(ProtobufRpcEngine2.java:552) [hadoop-common-3.3.1.jar:?]
	at org.apache.hadoop.ipc.RPC$Server.call(RPC.java:1093) [hadoop-common-3.3.1.jar:?]
	at org.apache.hadoop.ipc.Server$RpcCall.run(Server.java:1035) [hadoop-common-3.3.1.jar:?]
	at org.apache.hadoop.ipc.Server$RpcCall.run(Server.java:963) [hadoop-common-3.3.1.jar:?]
	at java.security.AccessController.doPrivileged(Native Method) ~[?:1.8.0_332]
	at javax.security.auth.Subject.doAs(Subject.java:422) [?:1.8.0_332]
	at org.apache.hadoop.security.UserGroupInformation.doAs(UserGroupInformation.java:1878) [hadoop-common-3.3.1.jar:?]
	at org.apache.hadoop.ipc.Server$Handler.run(Server.java:2966) [hadoop-common-3.3.1.jar:?]
17:31:08.859 [IPC Server handler 17 on default port 37325] ERROR OMAudit - user=runner | ip=127.0.0.1 | op=GET_FILE_STATUS {volume=volume34022, bucket=bucket02082, key=testBatchDelete/parent/childFolder/child1, dataSize=0, replicationConfig=null} | ret=FAILURE
org.apache.hadoop.ozone.om.exceptions.OMException: Unable to get file status: volume: volume34022 bucket: bucket02082 key: testBatchDelete/parent/childFolder/child1
	at org.apache.hadoop.ozone.om.KeyManagerImpl.getOzoneFileStatusFSO(KeyManagerImpl.java:1376) ~[ozone-manager-1.3.0-SNAPSHOT.jar:?]
	at org.apache.hadoop.ozone.om.KeyManagerImpl.getFileStatus(KeyManagerImpl.java:1239) ~[ozone-manager-1.3.0-SNAPSHOT.jar:?]
	at org.apache.hadoop.ozone.om.OzoneManager.getFileStatus(OzoneManager.java:3467) ~[ozone-manager-1.3.0-SNAPSHOT.jar:?]
	at org.apache.hadoop.ozone.protocolPB.OzoneManagerRequestHandler.getOzoneFileStatus(OzoneManagerRequestHandler.java:878) ~[ozone-manager-1.3.0-SNAPSHOT.jar:?]
	at org.apache.hadoop.ozone.protocolPB.OzoneManagerRequestHandler.handleReadRequest(OzoneManagerRequestHandler.java:224) ~[ozone-manager-1.3.0-SNAPSHOT.jar:?]
	at org.apache.hadoop.ozone.protocolPB.OzoneManagerProtocolServerSideTranslatorPB.submitReadRequestToOM(OzoneManagerProtocolServerSideTranslatorPB.java:226) ~[ozone-manager-1.3.0-SNAPSHOT.jar:?]
	at org.apache.hadoop.ozone.protocolPB.OzoneManagerProtocolServerSideTranslatorPB.processRequest(OzoneManagerProtocolServerSideTranslatorPB.java:175) ~[ozone-manager-1.3.0-SNAPSHOT.jar:?]
	at org.apache.hadoop.hdds.server.OzoneProtocolMessageDispatcher.processRequest(OzoneProtocolMessageDispatcher.java:87) [hdds-server-framework-1.3.0-SNAPSHOT.jar:?]
	at org.apache.hadoop.ozone.protocolPB.OzoneManagerProtocolServerSideTranslatorPB.submitRequest(OzoneManagerProtocolServerSideTranslatorPB.java:147) [ozone-manager-1.3.0-SNAPSHOT.jar:?]
	at org.apache.hadoop.ozone.protocol.proto.OzoneManagerProtocolProtos$OzoneManagerService$2.callBlockingMethod(OzoneManagerProtocolProtos.java) [ozone-interface-client-1.3.0-SNAPSHOT.jar:?]
	at org.apache.hadoop.ipc.ProtobufRpcEngine$Server.processCall(ProtobufRpcEngine.java:466) [hadoop-common-3.3.1.jar:?]
	at org.apache.hadoop.ipc.ProtobufRpcEngine2$Server$ProtoBufRpcInvoker.call(ProtobufRpcEngine2.java:574) [hadoop-common-3.3.1.jar:?]
	at org.apache.hadoop.ipc.ProtobufRpcEngine2$Server$ProtoBufRpcInvoker.call(ProtobufRpcEngine2.java:552) [hadoop-common-3.3.1.jar:?]
	at org.apache.hadoop.ipc.RPC$Server.call(RPC.java:1093) [hadoop-common-3.3.1.jar:?]
	at org.apache.hadoop.ipc.Server$RpcCall.run(Server.java:1035) [hadoop-common-3.3.1.jar:?]
	at org.apache.hadoop.ipc.Server$RpcCall.run(Server.java:963) [hadoop-common-3.3.1.jar:?]
	at java.security.AccessController.doPrivileged(Native Method) ~[?:1.8.0_332]
	at javax.security.auth.Subject.doAs(Subject.java:422) [?:1.8.0_332]
	at org.apache.hadoop.security.UserGroupInformation.doAs(UserGroupInformation.java:1878) [hadoop-common-3.3.1.jar:?]
	at org.apache.hadoop.ipc.Server$Handler.run(Server.java:2966) [hadoop-common-3.3.1.jar:?]
17:31:08.861 [IPC Server handler 1 on default port 37325] ERROR OMAudit - user=runner | ip=127.0.0.1 | op=GET_FILE_STATUS {volume=volume34022, bucket=bucket02082, key=testBatchDelete/parent/child2, dataSize=0, replicationConfig=null} | ret=FAILURE
org.apache.hadoop.ozone.om.exceptions.OMException: Unable to get file status: volume: volume34022 bucket: bucket02082 key: testBatchDelete/parent/child2
	at org.apache.hadoop.ozone.om.KeyManagerImpl.getOzoneFileStatusFSO(KeyManagerImpl.java:1376) ~[ozone-manager-1.3.0-SNAPSHOT.jar:?]
	at org.apache.hadoop.ozone.om.KeyManagerImpl.getFileStatus(KeyManagerImpl.java:1239) ~[ozone-manager-1.3.0-SNAPSHOT.jar:?]
	at org.apache.hadoop.ozone.om.OzoneManager.getFileStatus(OzoneManager.java:3467) ~[ozone-manager-1.3.0-SNAPSHOT.jar:?]
	at org.apache.hadoop.ozone.protocolPB.OzoneManagerRequestHandler.getOzoneFileStatus(OzoneManagerRequestHandler.java:878) ~[ozone-manager-1.3.0-SNAPSHOT.jar:?]
	at org.apache.hadoop.ozone.protocolPB.OzoneManagerRequestHandler.handleReadRequest(OzoneManagerRequestHandler.java:224) ~[ozone-manager-1.3.0-SNAPSHOT.jar:?]
	at org.apache.hadoop.ozone.protocolPB.OzoneManagerProtocolServerSideTranslatorPB.submitReadRequestToOM(OzoneManagerProtocolServerSideTranslatorPB.java:226) ~[ozone-manager-1.3.0-SNAPSHOT.jar:?]
	at org.apache.hadoop.ozone.protocolPB.OzoneManagerProtocolServerSideTranslatorPB.processRequest(OzoneManagerProtocolServerSideTranslatorPB.java:175) ~[ozone-manager-1.3.0-SNAPSHOT.jar:?]
	at org.apache.hadoop.hdds.server.OzoneProtocolMessageDispatcher.processRequest(OzoneProtocolMessageDispatcher.java:87) [hdds-server-framework-1.3.0-SNAPSHOT.jar:?]
	at org.apache.hadoop.ozone.protocolPB.OzoneManagerProtocolServerSideTranslatorPB.submitRequest(OzoneManagerProtocolServerSideTranslatorPB.java:147) [ozone-manager-1.3.0-SNAPSHOT.jar:?]
	at org.apache.hadoop.ozone.protocol.proto.OzoneManagerProtocolProtos$OzoneManagerService$2.callBlockingMethod(OzoneManagerProtocolProtos.java) [ozone-interface-client-1.3.0-SNAPSHOT.jar:?]
	at org.apache.hadoop.ipc.ProtobufRpcEngine$Server.processCall(ProtobufRpcEngine.java:466) [hadoop-common-3.3.1.jar:?]
	at org.apache.hadoop.ipc.ProtobufRpcEngine2$Server$ProtoBufRpcInvoker.call(ProtobufRpcEngine2.java:574) [hadoop-common-3.3.1.jar:?]
	at org.apache.hadoop.ipc.ProtobufRpcEngine2$Server$ProtoBufRpcInvoker.call(ProtobufRpcEngine2.java:552) [hadoop-common-3.3.1.jar:?]
	at org.apache.hadoop.ipc.RPC$Server.call(RPC.java:1093) [hadoop-common-3.3.1.jar:?]
	at org.apache.hadoop.ipc.Server$RpcCall.run(Server.java:1035) [hadoop-common-3.3.1.jar:?]
	at org.apache.hadoop.ipc.Server$RpcCall.run(Server.java:963) [hadoop-common-3.3.1.jar:?]
	at java.security.AccessController.doPrivileged(Native Method) ~[?:1.8.0_332]
	at javax.security.auth.Subject.doAs(Subject.java:422) [?:1.8.0_332]
	at org.apache.hadoop.security.UserGroupInformation.doAs(UserGroupInformation.java:1878) [hadoop-common-3.3.1.jar:?]
	at org.apache.hadoop.ipc.Server$Handler.run(Server.java:2966) [hadoop-common-3.3.1.jar:?]
17:31:08.862 [IPC Server handler 16 on default port 37325] ERROR OMAudit - user=runner | ip=127.0.0.1 | op=GET_FILE_STATUS {volume=volume34022, bucket=bucket02082, key=testBatchDelete/parent/childFolder/child2, dataSize=0, replicationConfig=null} | ret=FAILURE
org.apache.hadoop.ozone.om.exceptions.OMException: Unable to get file status: volume: volume34022 bucket: bucket02082 key: testBatchDelete/parent/childFolder/child2
	at org.apache.hadoop.ozone.om.KeyManagerImpl.getOzoneFileStatusFSO(KeyManagerImpl.java:1376) ~[ozone-manager-1.3.0-SNAPSHOT.jar:?]
	at org.apache.hadoop.ozone.om.KeyManagerImpl.getFileStatus(KeyManagerImpl.java:1239) ~[ozone-manager-1.3.0-SNAPSHOT.jar:?]
	at org.apache.hadoop.ozone.om.OzoneManager.getFileStatus(OzoneManager.java:3467) ~[ozone-manager-1.3.0-SNAPSHOT.jar:?]
	at org.apache.hadoop.ozone.protocolPB.OzoneManagerRequestHandler.getOzoneFileStatus(OzoneManagerRequestHandler.java:878) ~[ozone-manager-1.3.0-SNAPSHOT.jar:?]
	at org.apache.hadoop.ozone.protocolPB.OzoneManagerRequestHandler.handleReadRequest(OzoneManagerRequestHandler.java:224) ~[ozone-manager-1.3.0-SNAPSHOT.jar:?]
	at org.apache.hadoop.ozone.protocolPB.OzoneManagerProtocolServerSideTranslatorPB.submitReadRequestToOM(OzoneManagerProtocolServerSideTranslatorPB.java:226) ~[ozone-manager-1.3.0-SNAPSHOT.jar:?]
	at org.apache.hadoop.ozone.protocolPB.OzoneManagerProtocolServerSideTranslatorPB.processRequest(OzoneManagerProtocolServerSideTranslatorPB.java:175) ~[ozone-manager-1.3.0-SNAPSHOT.jar:?]
	at org.apache.hadoop.hdds.server.OzoneProtocolMessageDispatcher.processRequest(OzoneProtocolMessageDispatcher.java:87) [hdds-server-framework-1.3.0-SNAPSHOT.jar:?]
	at org.apache.hadoop.ozone.protocolPB.OzoneManagerProtocolServerSideTranslatorPB.submitRequest(OzoneManagerProtocolServerSideTranslatorPB.java:147) [ozone-manager-1.3.0-SNAPSHOT.jar:?]
	at org.apache.hadoop.ozone.protocol.proto.OzoneManagerProtocolProtos$OzoneManagerService$2.callBlockingMethod(OzoneManagerProtocolProtos.java) [ozone-interface-client-1.3.0-SNAPSHOT.jar:?]
	at org.apache.hadoop.ipc.ProtobufRpcEngine$Server.processCall(ProtobufRpcEngine.java:466) [hadoop-common-3.3.1.jar:?]
	at org.apache.hadoop.ipc.ProtobufRpcEngine2$Server$ProtoBufRpcInvoker.call(ProtobufRpcEngine2.java:574) [hadoop-common-3.3.1.jar:?]
	at org.apache.hadoop.ipc.ProtobufRpcEngine2$Server$ProtoBufRpcInvoker.call(ProtobufRpcEngine2.java:552) [hadoop-common-3.3.1.jar:?]
	at org.apache.hadoop.ipc.RPC$Server.call(RPC.java:1093) [hadoop-common-3.3.1.jar:?]
	at org.apache.hadoop.ipc.Server$RpcCall.run(Server.java:1035) [hadoop-common-3.3.1.jar:?]
	at org.apache.hadoop.ipc.Server$RpcCall.run(Server.java:963) [hadoop-common-3.3.1.jar:?]
	at java.security.AccessController.doPrivileged(Native Method) ~[?:1.8.0_332]
	at javax.security.auth.Subject.doAs(Subject.java:422) [?:1.8.0_332]
	at org.apache.hadoop.security.UserGroupInformation.doAs(UserGroupInformation.java:1878) [hadoop-common-3.3.1.jar:?]
	at org.apache.hadoop.ipc.Server$Handler.run(Server.java:2966) [hadoop-common-3.3.1.jar:?]
17:31:08.864 [IPC Server handler 9 on default port 37325] ERROR OMAudit - user=runner | ip=127.0.0.1 | op=GET_FILE_STATUS {volume=volume34022, bucket=bucket02082, key=testBatchDelete/parent/child3, dataSize=0, replicationConfig=null} | ret=FAILURE
org.apache.hadoop.ozone.om.exceptions.OMException: Unable to get file status: volume: volume34022 bucket: bucket02082 key: testBatchDelete/parent/child3
	at org.apache.hadoop.ozone.om.KeyManagerImpl.getOzoneFileStatusFSO(KeyManagerImpl.java:1376) ~[ozone-manager-1.3.0-SNAPSHOT.jar:?]
	at org.apache.hadoop.ozone.om.KeyManagerImpl.getFileStatus(KeyManagerImpl.java:1239) ~[ozone-manager-1.3.0-SNAPSHOT.jar:?]
	at org.apache.hadoop.ozone.om.OzoneManager.getFileStatus(OzoneManager.java:3467) ~[ozone-manager-1.3.0-SNAPSHOT.jar:?]
	at org.apache.hadoop.ozone.protocolPB.OzoneManagerRequestHandler.getOzoneFileStatus(OzoneManagerRequestHandler.java:878) ~[ozone-manager-1.3.0-SNAPSHOT.jar:?]
	at org.apache.hadoop.ozone.protocolPB.OzoneManagerRequestHandler.handleReadRequest(OzoneManagerRequestHandler.java:224) ~[ozone-manager-1.3.0-SNAPSHOT.jar:?]
	at org.apache.hadoop.ozone.protocolPB.OzoneManagerProtocolServerSideTranslatorPB.submitReadRequestToOM(OzoneManagerProtocolServerSideTranslatorPB.java:226) ~[ozone-manager-1.3.0-SNAPSHOT.jar:?]
	at org.apache.hadoop.ozone.protocolPB.OzoneManagerProtocolServerSideTranslatorPB.processRequest(OzoneManagerProtocolServerSideTranslatorPB.java:175) ~[ozone-manager-1.3.0-SNAPSHOT.jar:?]
	at org.apache.hadoop.hdds.server.OzoneProtocolMessageDispatcher.processRequest(OzoneProtocolMessageDispatcher.java:87) [hdds-server-framework-1.3.0-SNAPSHOT.jar:?]
	at org.apache.hadoop.ozone.protocolPB.OzoneManagerProtocolServerSideTranslatorPB.submitRequest(OzoneManagerProtocolServerSideTranslatorPB.java:147) [ozone-manager-1.3.0-SNAPSHOT.jar:?]
	at org.apache.hadoop.ozone.protocol.proto.OzoneManagerProtocolProtos$OzoneManagerService$2.callBlockingMethod(OzoneManagerProtocolProtos.java) [ozone-interface-client-1.3.0-SNAPSHOT.jar:?]
	at org.apache.hadoop.ipc.ProtobufRpcEngine$Server.processCall(ProtobufRpcEngine.java:466) [hadoop-common-3.3.1.jar:?]
	at org.apache.hadoop.ipc.ProtobufRpcEngine2$Server$ProtoBufRpcInvoker.call(ProtobufRpcEngine2.java:574) [hadoop-common-3.3.1.jar:?]
	at org.apache.hadoop.ipc.ProtobufRpcEngine2$Server$ProtoBufRpcInvoker.call(ProtobufRpcEngine2.java:552) [hadoop-common-3.3.1.jar:?]
	at org.apache.hadoop.ipc.RPC$Server.call(RPC.java:1093) [hadoop-common-3.3.1.jar:?]
	at org.apache.hadoop.ipc.Server$RpcCall.run(Server.java:1035) [hadoop-common-3.3.1.jar:?]
	at org.apache.hadoop.ipc.Server$RpcCall.run(Server.java:963) [hadoop-common-3.3.1.jar:?]
	at java.security.AccessController.doPrivileged(Native Method) ~[?:1.8.0_332]
	at javax.security.auth.Subject.doAs(Subject.java:422) [?:1.8.0_332]
	at org.apache.hadoop.security.UserGroupInformation.doAs(UserGroupInformation.java:1878) [hadoop-common-3.3.1.jar:?]
	at org.apache.hadoop.ipc.Server$Handler.run(Server.java:2966) [hadoop-common-3.3.1.jar:?]
17:31:08.865 [IPC Server handler 6 on default port 37325] ERROR OMAudit - user=runner | ip=127.0.0.1 | op=GET_FILE_STATUS {volume=volume34022, bucket=bucket02082, key=testBatchDelete/parent/childFolder/child3, dataSize=0, replicationConfig=null} | ret=FAILURE
org.apache.hadoop.ozone.om.exceptions.OMException: Unable to get file status: volume: volume34022 bucket: bucket02082 key: testBatchDelete/parent/childFolder/child3
	at org.apache.hadoop.ozone.om.KeyManagerImpl.getOzoneFileStatusFSO(KeyManagerImpl.java:1376) ~[ozone-manager-1.3.0-SNAPSHOT.jar:?]
	at org.apache.hadoop.ozone.om.KeyManagerImpl.getFileStatus(KeyManagerImpl.java:1239) ~[ozone-manager-1.3.0-SNAPSHOT.jar:?]
	at org.apache.hadoop.ozone.om.OzoneManager.getFileStatus(OzoneManager.java:3467) ~[ozone-manager-1.3.0-SNAPSHOT.jar:?]
	at org.apache.hadoop.ozone.protocolPB.OzoneManagerRequestHandler.getOzoneFileStatus(OzoneManagerRequestHandler.java:878) ~[ozone-manager-1.3.0-SNAPSHOT.jar:?]
	at org.apache.hadoop.ozone.protocolPB.OzoneManagerRequestHandler.handleReadRequest(OzoneManagerRequestHandler.java:224) ~[ozone-manager-1.3.0-SNAPSHOT.jar:?]
	at org.apache.hadoop.ozone.protocolPB.OzoneManagerProtocolServerSideTranslatorPB.submitReadRequestToOM(OzoneManagerProtocolServerSideTranslatorPB.java:226) ~[ozone-manager-1.3.0-SNAPSHOT.jar:?]
	at org.apache.hadoop.ozone.protocolPB.OzoneManagerProtocolServerSideTranslatorPB.processRequest(OzoneManagerProtocolServerSideTranslatorPB.java:175) ~[ozone-manager-1.3.0-SNAPSHOT.jar:?]
	at org.apache.hadoop.hdds.server.OzoneProtocolMessageDispatcher.processRequest(OzoneProtocolMessageDispatcher.java:87) [hdds-server-framework-1.3.0-SNAPSHOT.jar:?]
	at org.apache.hadoop.ozone.protocolPB.OzoneManagerProtocolServerSideTranslatorPB.submitRequest(OzoneManagerProtocolServerSideTranslatorPB.java:147) [ozone-manager-1.3.0-SNAPSHOT.jar:?]
	at org.apache.hadoop.ozone.protocol.proto.OzoneManagerProtocolProtos$OzoneManagerService$2.callBlockingMethod(OzoneManagerProtocolProtos.java) [ozone-interface-client-1.3.0-SNAPSHOT.jar:?]
	at org.apache.hadoop.ipc.ProtobufRpcEngine$Server.processCall(ProtobufRpcEngine.java:466) [hadoop-common-3.3.1.jar:?]
	at org.apache.hadoop.ipc.ProtobufRpcEngine2$Server$ProtoBufRpcInvoker.call(ProtobufRpcEngine2.java:574) [hadoop-common-3.3.1.jar:?]
	at org.apache.hadoop.ipc.ProtobufRpcEngine2$Server$ProtoBufRpcInvoker.call(ProtobufRpcEngine2.java:552) [hadoop-common-3.3.1.jar:?]
	at org.apache.hadoop.ipc.RPC$Server.call(RPC.java:1093) [hadoop-common-3.3.1.jar:?]
	at org.apache.hadoop.ipc.Server$RpcCall.run(Server.java:1035) [hadoop-common-3.3.1.jar:?]
	at org.apache.hadoop.ipc.Server$RpcCall.run(Server.java:963) [hadoop-common-3.3.1.jar:?]
	at java.security.AccessController.doPrivileged(Native Method) ~[?:1.8.0_332]
	at javax.security.auth.Subject.doAs(Subject.java:422) [?:1.8.0_332]
	at org.apache.hadoop.security.UserGroupInformation.doAs(UserGroupInformation.java:1878) [hadoop-common-3.3.1.jar:?]
	at org.apache.hadoop.ipc.Server$Handler.run(Server.java:2966) [hadoop-common-3.3.1.jar:?]
17:31:08.866 [IPC Server handler 8 on default port 37325] ERROR OMAudit - user=runner | ip=127.0.0.1 | op=GET_FILE_STATUS {volume=volume34022, bucket=bucket02082, key=testBatchDelete/parent/child4, dataSize=0, replicationConfig=null} | ret=FAILURE
org.apache.hadoop.ozone.om.exceptions.OMException: Unable to get file status: volume: volume34022 bucket: bucket02082 key: testBatchDelete/parent/child4
	at org.apache.hadoop.ozone.om.KeyManagerImpl.getOzoneFileStatusFSO(KeyManagerImpl.java:1376) ~[ozone-manager-1.3.0-SNAPSHOT.jar:?]
	at org.apache.hadoop.ozone.om.KeyManagerImpl.getFileStatus(KeyManagerImpl.java:1239) ~[ozone-manager-1.3.0-SNAPSHOT.jar:?]
	at org.apache.hadoop.ozone.om.OzoneManager.getFileStatus(OzoneManager.java:3467) ~[ozone-manager-1.3.0-SNAPSHOT.jar:?]
	at org.apache.hadoop.ozone.protocolPB.OzoneManagerRequestHandler.getOzoneFileStatus(OzoneManagerRequestHandler.java:878) ~[ozone-manager-1.3.0-SNAPSHOT.jar:?]
	at org.apache.hadoop.ozone.protocolPB.OzoneManagerRequestHandler.handleReadRequest(OzoneManagerRequestHandler.java:224) ~[ozone-manager-1.3.0-SNAPSHOT.jar:?]
	at org.apache.hadoop.ozone.protocolPB.OzoneManagerProtocolServerSideTranslatorPB.submitReadRequestToOM(OzoneManagerProtocolServerSideTranslatorPB.java:226) ~[ozone-manager-1.3.0-SNAPSHOT.jar:?]
	at org.apache.hadoop.ozone.protocolPB.OzoneManagerProtocolServerSideTranslatorPB.processRequest(OzoneManagerProtocolServerSideTranslatorPB.java:175) ~[ozone-manager-1.3.0-SNAPSHOT.jar:?]
	at org.apache.hadoop.hdds.server.OzoneProtocolMessageDispatcher.processRequest(OzoneProtocolMessageDispatcher.java:87) [hdds-server-framework-1.3.0-SNAPSHOT.jar:?]
	at org.apache.hadoop.ozone.protocolPB.OzoneManagerProtocolServerSideTranslatorPB.submitRequest(OzoneManagerProtocolServerSideTranslatorPB.java:147) [ozone-manager-1.3.0-SNAPSHOT.jar:?]
	at org.apache.hadoop.ozone.protocol.proto.OzoneManagerProtocolProtos$OzoneManagerService$2.callBlockingMethod(OzoneManagerProtocolProtos.java) [ozone-interface-client-1.3.0-SNAPSHOT.jar:?]
	at org.apache.hadoop.ipc.ProtobufRpcEngine$Server.processCall(ProtobufRpcEngine.java:466) [hadoop-common-3.3.1.jar:?]
	at org.apache.hadoop.ipc.ProtobufRpcEngine2$Server$ProtoBufRpcInvoker.call(ProtobufRpcEngine2.java:574) [hadoop-common-3.3.1.jar:?]
	at org.apache.hadoop.ipc.ProtobufRpcEngine2$Server$ProtoBufRpcInvoker.call(ProtobufRpcEngine2.java:552) [hadoop-common-3.3.1.jar:?]
	at org.apache.hadoop.ipc.RPC$Server.call(RPC.java:1093) [hadoop-common-3.3.1.jar:?]
	at org.apache.hadoop.ipc.Server$RpcCall.run(Server.java:1035) [hadoop-common-3.3.1.jar:?]
	at org.apache.hadoop.ipc.Server$RpcCall.run(Server.java:963) [hadoop-common-3.3.1.jar:?]
	at java.security.AccessController.doPrivileged(Native Method) ~[?:1.8.0_332]
	at javax.security.auth.Subject.doAs(Subject.java:422) [?:1.8.0_332]
	at org.apache.hadoop.security.UserGroupInformation.doAs(UserGroupInformation.java:1878) [hadoop-common-3.3.1.jar:?]
	at org.apache.hadoop.ipc.Server$Handler.run(Server.java:2966) [hadoop-common-3.3.1.jar:?]
17:31:08.867 [IPC Server handler 3 on default port 37325] ERROR OMAudit - user=runner | ip=127.0.0.1 | op=GET_FILE_STATUS {volume=volume34022, bucket=bucket02082, key=testBatchDelete/parent/childFolder/child4, dataSize=0, replicationConfig=null} | ret=FAILURE
org.apache.hadoop.ozone.om.exceptions.OMException: Unable to get file status: volume: volume34022 bucket: bucket02082 key: testBatchDelete/parent/childFolder/child4
	at org.apache.hadoop.ozone.om.KeyManagerImpl.getOzoneFileStatusFSO(KeyManagerImpl.java:1376) ~[ozone-manager-1.3.0-SNAPSHOT.jar:?]
	at org.apache.hadoop.ozone.om.KeyManagerImpl.getFileStatus(KeyManagerImpl.java:1239) ~[ozone-manager-1.3.0-SNAPSHOT.jar:?]
	at org.apache.hadoop.ozone.om.OzoneManager.getFileStatus(OzoneManager.java:3467) ~[ozone-manager-1.3.0-SNAPSHOT.jar:?]
	at org.apache.hadoop.ozone.protocolPB.OzoneManagerRequestHandler.getOzoneFileStatus(OzoneManagerRequestHandler.java:878) ~[ozone-manager-1.3.0-SNAPSHOT.jar:?]
	at org.apache.hadoop.ozone.protocolPB.OzoneManagerRequestHandler.handleReadRequest(OzoneManagerRequestHandler.java:224) ~[ozone-manager-1.3.0-SNAPSHOT.jar:?]
	at org.apache.hadoop.ozone.protocolPB.OzoneManagerProtocolServerSideTranslatorPB.submitReadRequestToOM(OzoneManagerProtocolServerSideTranslatorPB.java:226) ~[ozone-manager-1.3.0-SNAPSHOT.jar:?]
	at org.apache.hadoop.ozone.protocolPB.OzoneManagerProtocolServerSideTranslatorPB.processRequest(OzoneManagerProtocolServerSideTranslatorPB.java:175) ~[ozone-manager-1.3.0-SNAPSHOT.jar:?]
	at org.apache.hadoop.hdds.server.OzoneProtocolMessageDispatcher.processRequest(OzoneProtocolMessageDispatcher.java:87) [hdds-server-framework-1.3.0-SNAPSHOT.jar:?]
	at org.apache.hadoop.ozone.protocolPB.OzoneManagerProtocolServerSideTranslatorPB.submitRequest(OzoneManagerProtocolServerSideTranslatorPB.java:147) [ozone-manager-1.3.0-SNAPSHOT.jar:?]
	at org.apache.hadoop.ozone.protocol.proto.OzoneManagerProtocolProtos$OzoneManagerService$2.callBlockingMethod(OzoneManagerProtocolProtos.java) [ozone-interface-client-1.3.0-SNAPSHOT.jar:?]
	at org.apache.hadoop.ipc.ProtobufRpcEngine$Server.processCall(ProtobufRpcEngine.java:466) [hadoop-common-3.3.1.jar:?]
	at org.apache.hadoop.ipc.ProtobufRpcEngine2$Server$ProtoBufRpcInvoker.call(ProtobufRpcEngine2.java:574) [hadoop-common-3.3.1.jar:?]
	at org.apache.hadoop.ipc.ProtobufRpcEngine2$Server$ProtoBufRpcInvoker.call(ProtobufRpcEngine2.java:552) [hadoop-common-3.3.1.jar:?]
	at org.apache.hadoop.ipc.RPC$Server.call(RPC.java:1093) [hadoop-common-3.3.1.jar:?]
	at org.apache.hadoop.ipc.Server$RpcCall.run(Server.java:1035) [hadoop-common-3.3.1.jar:?]
	at org.apache.hadoop.ipc.Server$RpcCall.run(Server.java:963) [hadoop-common-3.3.1.jar:?]
	at java.security.AccessController.doPrivileged(Native Method) ~[?:1.8.0_332]
	at javax.security.auth.Subject.doAs(Subject.java:422) [?:1.8.0_332]
	at org.apache.hadoop.security.UserGroupInformation.doAs(UserGroupInformation.java:1878) [hadoop-common-3.3.1.jar:?]
	at org.apache.hadoop.ipc.Server$Handler.run(Server.java:2966) [hadoop-common-3.3.1.jar:?]
17:31:08.869 [IPC Server handler 14 on default port 37325] ERROR OMAudit - user=runner | ip=127.0.0.1 | op=GET_FILE_STATUS {volume=volume34022, bucket=bucket02082, key=testBatchDelete/parent/child5, dataSize=0, replicationConfig=null} | ret=FAILURE
org.apache.hadoop.ozone.om.exceptions.OMException: Unable to get file status: volume: volume34022 bucket: bucket02082 key: testBatchDelete/parent/child5
	at org.apache.hadoop.ozone.om.KeyManagerImpl.getOzoneFileStatusFSO(KeyManagerImpl.java:1376) ~[ozone-manager-1.3.0-SNAPSHOT.jar:?]
	at org.apache.hadoop.ozone.om.KeyManagerImpl.getFileStatus(KeyManagerImpl.java:1239) ~[ozone-manager-1.3.0-SNAPSHOT.jar:?]
	at org.apache.hadoop.ozone.om.OzoneManager.getFileStatus(OzoneManager.java:3467) ~[ozone-manager-1.3.0-SNAPSHOT.jar:?]
	at org.apache.hadoop.ozone.protocolPB.OzoneManagerRequestHandler.getOzoneFileStatus(OzoneManagerRequestHandler.java:878) ~[ozone-manager-1.3.0-SNAPSHOT.jar:?]
	at org.apache.hadoop.ozone.protocolPB.OzoneManagerRequestHandler.handleReadRequest(OzoneManagerRequestHandler.java:224) ~[ozone-manager-1.3.0-SNAPSHOT.jar:?]
	at org.apache.hadoop.ozone.protocolPB.OzoneManagerProtocolServerSideTranslatorPB.submitReadRequestToOM(OzoneManagerProtocolServerSideTranslatorPB.java:226) ~[ozone-manager-1.3.0-SNAPSHOT.jar:?]
	at org.apache.hadoop.ozone.protocolPB.OzoneManagerProtocolServerSideTranslatorPB.processRequest(OzoneManagerProtocolServerSideTranslatorPB.java:175) ~[ozone-manager-1.3.0-SNAPSHOT.jar:?]
	at org.apache.hadoop.hdds.server.OzoneProtocolMessageDispatcher.processRequest(OzoneProtocolMessageDispatcher.java:87) [hdds-server-framework-1.3.0-SNAPSHOT.jar:?]
	at org.apache.hadoop.ozone.protocolPB.OzoneManagerProtocolServerSideTranslatorPB.submitRequest(OzoneManagerProtocolServerSideTranslatorPB.java:147) [ozone-manager-1.3.0-SNAPSHOT.jar:?]
	at org.apache.hadoop.ozone.protocol.proto.OzoneManagerProtocolProtos$OzoneManagerService$2.callBlockingMethod(OzoneManagerProtocolProtos.java) [ozone-interface-client-1.3.0-SNAPSHOT.jar:?]
	at org.apache.hadoop.ipc.ProtobufRpcEngine$Server.processCall(ProtobufRpcEngine.java:466) [hadoop-common-3.3.1.jar:?]
	at org.apache.hadoop.ipc.ProtobufRpcEngine2$Server$ProtoBufRpcInvoker.call(ProtobufRpcEngine2.java:574) [hadoop-common-3.3.1.jar:?]
	at org.apache.hadoop.ipc.ProtobufRpcEngine2$Server$ProtoBufRpcInvoker.call(ProtobufRpcEngine2.java:552) [hadoop-common-3.3.1.jar:?]
	at org.apache.hadoop.ipc.RPC$Server.call(RPC.java:1093) [hadoop-common-3.3.1.jar:?]
	at org.apache.hadoop.ipc.Server$RpcCall.run(Server.java:1035) [hadoop-common-3.3.1.jar:?]
	at org.apache.hadoop.ipc.Server$RpcCall.run(Server.java:963) [hadoop-common-3.3.1.jar:?]
	at java.security.AccessController.doPrivileged(Native Method) ~[?:1.8.0_332]
	at javax.security.auth.Subject.doAs(Subject.java:422) [?:1.8.0_332]
	at org.apache.hadoop.security.UserGroupInformation.doAs(UserGroupInformation.java:1878) [hadoop-common-3.3.1.jar:?]
	at org.apache.hadoop.ipc.Server$Handler.run(Server.java:2966) [hadoop-common-3.3.1.jar:?]
17:31:08.870 [IPC Server handler 15 on default port 37325] ERROR OMAudit - user=runner | ip=127.0.0.1 | op=GET_FILE_STATUS {volume=volume34022, bucket=bucket02082, key=testBatchDelete/parent/childFolder/child5, dataSize=0, replicationConfig=null} | ret=FAILURE
org.apache.hadoop.ozone.om.exceptions.OMException: Unable to get file status: volume: volume34022 bucket: bucket02082 key: testBatchDelete/parent/childFolder/child5
	at org.apache.hadoop.ozone.om.KeyManagerImpl.getOzoneFileStatusFSO(KeyManagerImpl.java:1376) ~[ozone-manager-1.3.0-SNAPSHOT.jar:?]
	at org.apache.hadoop.ozone.om.KeyManagerImpl.getFileStatus(KeyManagerImpl.java:1239) ~[ozone-manager-1.3.0-SNAPSHOT.jar:?]
	at org.apache.hadoop.ozone.om.OzoneManager.getFileStatus(OzoneManager.java:3467) ~[ozone-manager-1.3.0-SNAPSHOT.jar:?]
	at org.apache.hadoop.ozone.protocolPB.OzoneManagerRequestHandler.getOzoneFileStatus(OzoneManagerRequestHandler.java:878) ~[ozone-manager-1.3.0-SNAPSHOT.jar:?]
	at org.apache.hadoop.ozone.protocolPB.OzoneManagerRequestHandler.handleReadRequest(OzoneManagerRequestHandler.java:224) ~[ozone-manager-1.3.0-SNAPSHOT.jar:?]
	at org.apache.hadoop.ozone.protocolPB.OzoneManagerProtocolServerSideTranslatorPB.submitReadRequestToOM(OzoneManagerProtocolServerSideTranslatorPB.java:226) ~[ozone-manager-1.3.0-SNAPSHOT.jar:?]
	at org.apache.hadoop.ozone.protocolPB.OzoneManagerProtocolServerSideTranslatorPB.processRequest(OzoneManagerProtocolServerSideTranslatorPB.java:175) ~[ozone-manager-1.3.0-SNAPSHOT.jar:?]
	at org.apache.hadoop.hdds.server.OzoneProtocolMessageDispatcher.processRequest(OzoneProtocolMessageDispatcher.java:87) [hdds-server-framework-1.3.0-SNAPSHOT.jar:?]
	at org.apache.hadoop.ozone.protocolPB.OzoneManagerProtocolServerSideTranslatorPB.submitRequest(OzoneManagerProtocolServerSideTranslatorPB.java:147) [ozone-manager-1.3.0-SNAPSHOT.jar:?]
	at org.apache.hadoop.ozone.protocol.proto.OzoneManagerProtocolProtos$OzoneManagerService$2.callBlockingMethod(OzoneManagerProtocolProtos.java) [ozone-interface-client-1.3.0-SNAPSHOT.jar:?]
	at org.apache.hadoop.ipc.ProtobufRpcEngine$Server.processCall(ProtobufRpcEngine.java:466) [hadoop-common-3.3.1.jar:?]
	at org.apache.hadoop.ipc.ProtobufRpcEngine2$Server$ProtoBufRpcInvoker.call(ProtobufRpcEngine2.java:574) [hadoop-common-3.3.1.jar:?]
	at org.apache.hadoop.ipc.ProtobufRpcEngine2$Server$ProtoBufRpcInvoker.call(ProtobufRpcEngine2.java:552) [hadoop-common-3.3.1.jar:?]
	at org.apache.hadoop.ipc.RPC$Server.call(RPC.java:1093) [hadoop-common-3.3.1.jar:?]
	at org.apache.hadoop.ipc.Server$RpcCall.run(Server.java:1035) [hadoop-common-3.3.1.jar:?]
	at org.apache.hadoop.ipc.Server$RpcCall.run(Server.java:963) [hadoop-common-3.3.1.jar:?]
	at java.security.AccessController.doPrivileged(Native Method) ~[?:1.8.0_332]
	at javax.security.auth.Subject.doAs(Subject.java:422) [?:1.8.0_332]
	at org.apache.hadoop.security.UserGroupInformation.doAs(UserGroupInformation.java:1878) [hadoop-common-3.3.1.jar:?]
	at org.apache.hadoop.ipc.Server$Handler.run(Server.java:2966) [hadoop-common-3.3.1.jar:?]
17:31:08.872 [IPC Server handler 0 on default port 37325] ERROR OMAudit - user=runner | ip=127.0.0.1 | op=GET_FILE_STATUS {volume=volume34022, bucket=bucket02082, key=testBatchDelete/parent/child6, dataSize=0, replicationConfig=null} | ret=FAILURE
org.apache.hadoop.ozone.om.exceptions.OMException: Unable to get file status: volume: volume34022 bucket: bucket02082 key: testBatchDelete/parent/child6
	at org.apache.hadoop.ozone.om.KeyManagerImpl.getOzoneFileStatusFSO(KeyManagerImpl.java:1376) ~[ozone-manager-1.3.0-SNAPSHOT.jar:?]
	at org.apache.hadoop.ozone.om.KeyManagerImpl.getFileStatus(KeyManagerImpl.java:1239) ~[ozone-manager-1.3.0-SNAPSHOT.jar:?]
	at org.apache.hadoop.ozone.om.OzoneManager.getFileStatus(OzoneManager.java:3467) ~[ozone-manager-1.3.0-SNAPSHOT.jar:?]
	at org.apache.hadoop.ozone.protocolPB.OzoneManagerRequestHandler.getOzoneFileStatus(OzoneManagerRequestHandler.java:878) ~[ozone-manager-1.3.0-SNAPSHOT.jar:?]
	at org.apache.hadoop.ozone.protocolPB.OzoneManagerRequestHandler.handleReadRequest(OzoneManagerRequestHandler.java:224) ~[ozone-manager-1.3.0-SNAPSHOT.jar:?]
	at org.apache.hadoop.ozone.protocolPB.OzoneManagerProtocolServerSideTranslatorPB.submitReadRequestToOM(OzoneManagerProtocolServerSideTranslatorPB.java:226) ~[ozone-manager-1.3.0-SNAPSHOT.jar:?]
	at org.apache.hadoop.ozone.protocolPB.OzoneManagerProtocolServerSideTranslatorPB.processRequest(OzoneManagerProtocolServerSideTranslatorPB.java:175) ~[ozone-manager-1.3.0-SNAPSHOT.jar:?]
	at org.apache.hadoop.hdds.server.OzoneProtocolMessageDispatcher.processRequest(OzoneProtocolMessageDispatcher.java:87) [hdds-server-framework-1.3.0-SNAPSHOT.jar:?]
	at org.apache.hadoop.ozone.protocolPB.OzoneManagerProtocolServerSideTranslatorPB.submitRequest(OzoneManagerProtocolServerSideTranslatorPB.java:147) [ozone-manager-1.3.0-SNAPSHOT.jar:?]
	at org.apache.hadoop.ozone.protocol.proto.OzoneManagerProtocolProtos$OzoneManagerService$2.callBlockingMethod(OzoneManagerProtocolProtos.java) [ozone-interface-client-1.3.0-SNAPSHOT.jar:?]
	at org.apache.hadoop.ipc.ProtobufRpcEngine$Server.processCall(ProtobufRpcEngine.java:466) [hadoop-common-3.3.1.jar:?]
	at org.apache.hadoop.ipc.ProtobufRpcEngine2$Server$ProtoBufRpcInvoker.call(ProtobufRpcEngine2.java:574) [hadoop-common-3.3.1.jar:?]
	at org.apache.hadoop.ipc.ProtobufRpcEngine2$Server$ProtoBufRpcInvoker.call(ProtobufRpcEngine2.java:552) [hadoop-common-3.3.1.jar:?]
	at org.apache.hadoop.ipc.RPC$Server.call(RPC.java:1093) [hadoop-common-3.3.1.jar:?]
	at org.apache.hadoop.ipc.Server$RpcCall.run(Server.java:1035) [hadoop-common-3.3.1.jar:?]
	at org.apache.hadoop.ipc.Server$RpcCall.run(Server.java:963) [hadoop-common-3.3.1.jar:?]
	at java.security.AccessController.doPrivileged(Native Method) ~[?:1.8.0_332]
	at javax.security.auth.Subject.doAs(Subject.java:422) [?:1.8.0_332]
	at org.apache.hadoop.security.UserGroupInformation.doAs(UserGroupInformation.java:1878) [hadoop-common-3.3.1.jar:?]
	at org.apache.hadoop.ipc.Server$Handler.run(Server.java:2966) [hadoop-common-3.3.1.jar:?]
17:31:08.874 [IPC Server handler 17 on default port 37325] ERROR OMAudit - user=runner | ip=127.0.0.1 | op=GET_FILE_STATUS {volume=volume34022, bucket=bucket02082, key=testBatchDelete/parent/childFolder/child6, dataSize=0, replicationConfig=null} | ret=FAILURE
org.apache.hadoop.ozone.om.exceptions.OMException: Unable to get file status: volume: volume34022 bucket: bucket02082 key: testBatchDelete/parent/childFolder/child6
	at org.apache.hadoop.ozone.om.KeyManagerImpl.getOzoneFileStatusFSO(KeyManagerImpl.java:1376) ~[ozone-manager-1.3.0-SNAPSHOT.jar:?]
	at org.apache.hadoop.ozone.om.KeyManagerImpl.getFileStatus(KeyManagerImpl.java:1239) ~[ozone-manager-1.3.0-SNAPSHOT.jar:?]
	at org.apache.hadoop.ozone.om.OzoneManager.getFileStatus(OzoneManager.java:3467) ~[ozone-manager-1.3.0-SNAPSHOT.jar:?]
	at org.apache.hadoop.ozone.protocolPB.OzoneManagerRequestHandler.getOzoneFileStatus(OzoneManagerRequestHandler.java:878) ~[ozone-manager-1.3.0-SNAPSHOT.jar:?]
	at org.apache.hadoop.ozone.protocolPB.OzoneManagerRequestHandler.handleReadRequest(OzoneManagerRequestHandler.java:224) ~[ozone-manager-1.3.0-SNAPSHOT.jar:?]
	at org.apache.hadoop.ozone.protocolPB.OzoneManagerProtocolServerSideTranslatorPB.submitReadRequestToOM(OzoneManagerProtocolServerSideTranslatorPB.java:226) ~[ozone-manager-1.3.0-SNAPSHOT.jar:?]
	at org.apache.hadoop.ozone.protocolPB.OzoneManagerProtocolServerSideTranslatorPB.processRequest(OzoneManagerProtocolServerSideTranslatorPB.java:175) ~[ozone-manager-1.3.0-SNAPSHOT.jar:?]
	at org.apache.hadoop.hdds.server.OzoneProtocolMessageDispatcher.processRequest(OzoneProtocolMessageDispatcher.java:87) [hdds-server-framework-1.3.0-SNAPSHOT.jar:?]
	at org.apache.hadoop.ozone.protocolPB.OzoneManagerProtocolServerSideTranslatorPB.submitRequest(OzoneManagerProtocolServerSideTranslatorPB.java:147) [ozone-manager-1.3.0-SNAPSHOT.jar:?]
	at org.apache.hadoop.ozone.protocol.proto.OzoneManagerProtocolProtos$OzoneManagerService$2.callBlockingMethod(OzoneManagerProtocolProtos.java) [ozone-interface-client-1.3.0-SNAPSHOT.jar:?]
	at org.apache.hadoop.ipc.ProtobufRpcEngine$Server.processCall(ProtobufRpcEngine.java:466) [hadoop-common-3.3.1.jar:?]
	at org.apache.hadoop.ipc.ProtobufRpcEngine2$Server$ProtoBufRpcInvoker.call(ProtobufRpcEngine2.java:574) [hadoop-common-3.3.1.jar:?]
	at org.apache.hadoop.ipc.ProtobufRpcEngine2$Server$ProtoBufRpcInvoker.call(ProtobufRpcEngine2.java:552) [hadoop-common-3.3.1.jar:?]
	at org.apache.hadoop.ipc.RPC$Server.call(RPC.java:1093) [hadoop-common-3.3.1.jar:?]
	at org.apache.hadoop.ipc.Server$RpcCall.run(Server.java:1035) [hadoop-common-3.3.1.jar:?]
	at org.apache.hadoop.ipc.Server$RpcCall.run(Server.java:963) [hadoop-common-3.3.1.jar:?]
	at java.security.AccessController.doPrivileged(Native Method) ~[?:1.8.0_332]
	at javax.security.auth.Subject.doAs(Subject.java:422) [?:1.8.0_332]
	at org.apache.hadoop.security.UserGroupInformation.doAs(UserGroupInformation.java:1878) [hadoop-common-3.3.1.jar:?]
	at org.apache.hadoop.ipc.Server$Handler.run(Server.java:2966) [hadoop-common-3.3.1.jar:?]
17:31:08.875 [IPC Server handler 1 on default port 37325] ERROR OMAudit - user=runner | ip=127.0.0.1 | op=GET_FILE_STATUS {volume=volume34022, bucket=bucket02082, key=testBatchDelete/parent/child7, dataSize=0, replicationConfig=null} | ret=FAILURE
org.apache.hadoop.ozone.om.exceptions.OMException: Unable to get file status: volume: volume34022 bucket: bucket02082 key: testBatchDelete/parent/child7
	at org.apache.hadoop.ozone.om.KeyManagerImpl.getOzoneFileStatusFSO(KeyManagerImpl.java:1376) ~[ozone-manager-1.3.0-SNAPSHOT.jar:?]
	at org.apache.hadoop.ozone.om.KeyManagerImpl.getFileStatus(KeyManagerImpl.java:1239) ~[ozone-manager-1.3.0-SNAPSHOT.jar:?]
	at org.apache.hadoop.ozone.om.OzoneManager.getFileStatus(OzoneManager.java:3467) ~[ozone-manager-1.3.0-SNAPSHOT.jar:?]
	at org.apache.hadoop.ozone.protocolPB.OzoneManagerRequestHandler.getOzoneFileStatus(OzoneManagerRequestHandler.java:878) ~[ozone-manager-1.3.0-SNAPSHOT.jar:?]
	at org.apache.hadoop.ozone.protocolPB.OzoneManagerRequestHandler.handleReadRequest(OzoneManagerRequestHandler.java:224) ~[ozone-manager-1.3.0-SNAPSHOT.jar:?]
	at org.apache.hadoop.ozone.protocolPB.OzoneManagerProtocolServerSideTranslatorPB.submitReadRequestToOM(OzoneManagerProtocolServerSideTranslatorPB.java:226) ~[ozone-manager-1.3.0-SNAPSHOT.jar:?]
	at org.apache.hadoop.ozone.protocolPB.OzoneManagerProtocolServerSideTranslatorPB.processRequest(OzoneManagerProtocolServerSideTranslatorPB.java:175) ~[ozone-manager-1.3.0-SNAPSHOT.jar:?]
	at org.apache.hadoop.hdds.server.OzoneProtocolMessageDispatcher.processRequest(OzoneProtocolMessageDispatcher.java:87) [hdds-server-framework-1.3.0-SNAPSHOT.jar:?]
	at org.apache.hadoop.ozone.protocolPB.OzoneManagerProtocolServerSideTranslatorPB.submitRequest(OzoneManagerProtocolServerSideTranslatorPB.java:147) [ozone-manager-1.3.0-SNAPSHOT.jar:?]
	at org.apache.hadoop.ozone.protocol.proto.OzoneManagerProtocolProtos$OzoneManagerService$2.callBlockingMethod(OzoneManagerProtocolProtos.java) [ozone-interface-client-1.3.0-SNAPSHOT.jar:?]
	at org.apache.hadoop.ipc.ProtobufRpcEngine$Server.processCall(ProtobufRpcEngine.java:466) [hadoop-common-3.3.1.jar:?]
	at org.apache.hadoop.ipc.ProtobufRpcEngine2$Server$ProtoBufRpcInvoker.call(ProtobufRpcEngine2.java:574) [hadoop-common-3.3.1.jar:?]
	at org.apache.hadoop.ipc.ProtobufRpcEngine2$Server$ProtoBufRpcInvoker.call(ProtobufRpcEngine2.java:552) [hadoop-common-3.3.1.jar:?]
	at org.apache.hadoop.ipc.RPC$Server.call(RPC.java:1093) [hadoop-common-3.3.1.jar:?]
	at org.apache.hadoop.ipc.Server$RpcCall.run(Server.java:1035) [hadoop-common-3.3.1.jar:?]
	at org.apache.hadoop.ipc.Server$RpcCall.run(Server.java:963) [hadoop-common-3.3.1.jar:?]
	at java.security.AccessController.doPrivileged(Native Method) ~[?:1.8.0_332]
	at javax.security.auth.Subject.doAs(Subject.java:422) [?:1.8.0_332]
	at org.apache.hadoop.security.UserGroupInformation.doAs(UserGroupInformation.java:1878) [hadoop-common-3.3.1.jar:?]
	at org.apache.hadoop.ipc.Server$Handler.run(Server.java:2966) [hadoop-common-3.3.1.jar:?]
17:31:08.878 [IPC Server handler 16 on default port 37325] ERROR OMAudit - user=runner | ip=127.0.0.1 | op=GET_FILE_STATUS {volume=volume34022, bucket=bucket02082, key=testBatchDelete/parent/childFolder/child7, dataSize=0, replicationConfig=null} | ret=FAILURE
org.apache.hadoop.ozone.om.exceptions.OMException: Unable to get file status: volume: volume34022 bucket: bucket02082 key: testBatchDelete/parent/childFolder/child7
	at org.apache.hadoop.ozone.om.KeyManagerImpl.getOzoneFileStatusFSO(KeyManagerImpl.java:1376) ~[ozone-manager-1.3.0-SNAPSHOT.jar:?]
	at org.apache.hadoop.ozone.om.KeyManagerImpl.getFileStatus(KeyManagerImpl.java:1239) ~[ozone-manager-1.3.0-SNAPSHOT.jar:?]
	at org.apache.hadoop.ozone.om.OzoneManager.getFileStatus(OzoneManager.java:3467) ~[ozone-manager-1.3.0-SNAPSHOT.jar:?]
	at org.apache.hadoop.ozone.protocolPB.OzoneManagerRequestHandler.getOzoneFileStatus(OzoneManagerRequestHandler.java:878) ~[ozone-manager-1.3.0-SNAPSHOT.jar:?]
	at org.apache.hadoop.ozone.protocolPB.OzoneManagerRequestHandler.handleReadRequest(OzoneManagerRequestHandler.java:224) ~[ozone-manager-1.3.0-SNAPSHOT.jar:?]
	at org.apache.hadoop.ozone.protocolPB.OzoneManagerProtocolServerSideTranslatorPB.submitReadRequestToOM(OzoneManagerProtocolServerSideTranslatorPB.java:226) ~[ozone-manager-1.3.0-SNAPSHOT.jar:?]
	at org.apache.hadoop.ozone.protocolPB.OzoneManagerProtocolServerSideTranslatorPB.processRequest(OzoneManagerProtocolServerSideTranslatorPB.java:175) ~[ozone-manager-1.3.0-SNAPSHOT.jar:?]
	at org.apache.hadoop.hdds.server.OzoneProtocolMessageDispatcher.processRequest(OzoneProtocolMessageDispatcher.java:87) [hdds-server-framework-1.3.0-SNAPSHOT.jar:?]
	at org.apache.hadoop.ozone.protocolPB.OzoneManagerProtocolServerSideTranslatorPB.submitRequest(OzoneManagerProtocolServerSideTranslatorPB.java:147) [ozone-manager-1.3.0-SNAPSHOT.jar:?]
	at org.apache.hadoop.ozone.protocol.proto.OzoneManagerProtocolProtos$OzoneManagerService$2.callBlockingMethod(OzoneManagerProtocolProtos.java) [ozone-interface-client-1.3.0-SNAPSHOT.jar:?]
	at org.apache.hadoop.ipc.ProtobufRpcEngine$Server.processCall(ProtobufRpcEngine.java:466) [hadoop-common-3.3.1.jar:?]
	at org.apache.hadoop.ipc.ProtobufRpcEngine2$Server$ProtoBufRpcInvoker.call(ProtobufRpcEngine2.java:574) [hadoop-common-3.3.1.jar:?]
	at org.apache.hadoop.ipc.ProtobufRpcEngine2$Server$ProtoBufRpcInvoker.call(ProtobufRpcEngine2.java:552) [hadoop-common-3.3.1.jar:?]
	at org.apache.hadoop.ipc.RPC$Server.call(RPC.java:1093) [hadoop-common-3.3.1.jar:?]
	at org.apache.hadoop.ipc.Server$RpcCall.run(Server.java:1035) [hadoop-common-3.3.1.jar:?]
	at org.apache.hadoop.ipc.Server$RpcCall.run(Server.java:963) [hadoop-common-3.3.1.jar:?]
	at java.security.AccessController.doPrivileged(Native Method) ~[?:1.8.0_332]
	at javax.security.auth.Subject.doAs(Subject.java:422) [?:1.8.0_332]
	at org.apache.hadoop.security.UserGroupInformation.doAs(UserGroupInformation.java:1878) [hadoop-common-3.3.1.jar:?]
	at org.apache.hadoop.ipc.Server$Handler.run(Server.java:2966) [hadoop-common-3.3.1.jar:?]
17:31:08.880 [IPC Server handler 9 on default port 37325] ERROR OMAudit - user=runner | ip=127.0.0.1 | op=GET_FILE_STATUS {volume=volume34022, bucket=bucket02082, key=testBatchDelete/parent, dataSize=0, replicationConfig=null} | ret=FAILURE
org.apache.hadoop.ozone.om.exceptions.OMException: Unable to get file status: volume: volume34022 bucket: bucket02082 key: testBatchDelete/parent
	at org.apache.hadoop.ozone.om.KeyManagerImpl.getOzoneFileStatusFSO(KeyManagerImpl.java:1376) ~[ozone-manager-1.3.0-SNAPSHOT.jar:?]
	at org.apache.hadoop.ozone.om.KeyManagerImpl.getFileStatus(KeyManagerImpl.java:1239) ~[ozone-manager-1.3.0-SNAPSHOT.jar:?]
	at org.apache.hadoop.ozone.om.OzoneManager.getFileStatus(OzoneManager.java:3467) ~[ozone-manager-1.3.0-SNAPSHOT.jar:?]
	at org.apache.hadoop.ozone.protocolPB.OzoneManagerRequestHandler.getOzoneFileStatus(OzoneManagerRequestHandler.java:878) ~[ozone-manager-1.3.0-SNAPSHOT.jar:?]
	at org.apache.hadoop.ozone.protocolPB.OzoneManagerRequestHandler.handleReadRequest(OzoneManagerRequestHandler.java:224) ~[ozone-manager-1.3.0-SNAPSHOT.jar:?]
	at org.apache.hadoop.ozone.protocolPB.OzoneManagerProtocolServerSideTranslatorPB.submitReadRequestToOM(OzoneManagerProtocolServerSideTranslatorPB.java:226) ~[ozone-manager-1.3.0-SNAPSHOT.jar:?]
	at org.apache.hadoop.ozone.protocolPB.OzoneManagerProtocolServerSideTranslatorPB.processRequest(OzoneManagerProtocolServerSideTranslatorPB.java:175) ~[ozone-manager-1.3.0-SNAPSHOT.jar:?]
	at org.apache.hadoop.hdds.server.OzoneProtocolMessageDispatcher.processRequest(OzoneProtocolMessageDispatcher.java:87) [hdds-server-framework-1.3.0-SNAPSHOT.jar:?]
	at org.apache.hadoop.ozone.protocolPB.OzoneManagerProtocolServerSideTranslatorPB.submitRequest(OzoneManagerProtocolServerSideTranslatorPB.java:147) [ozone-manager-1.3.0-SNAPSHOT.jar:?]
	at org.apache.hadoop.ozone.protocol.proto.OzoneManagerProtocolProtos$OzoneManagerService$2.callBlockingMethod(OzoneManagerProtocolProtos.java) [ozone-interface-client-1.3.0-SNAPSHOT.jar:?]
	at org.apache.hadoop.ipc.ProtobufRpcEngine$Server.processCall(ProtobufRpcEngine.java:466) [hadoop-common-3.3.1.jar:?]
	at org.apache.hadoop.ipc.ProtobufRpcEngine2$Server$ProtoBufRpcInvoker.call(ProtobufRpcEngine2.java:574) [hadoop-common-3.3.1.jar:?]
	at org.apache.hadoop.ipc.ProtobufRpcEngine2$Server$ProtoBufRpcInvoker.call(ProtobufRpcEngine2.java:552) [hadoop-common-3.3.1.jar:?]
	at org.apache.hadoop.ipc.RPC$Server.call(RPC.java:1093) [hadoop-common-3.3.1.jar:?]
	at org.apache.hadoop.ipc.Server$RpcCall.run(Server.java:1035) [hadoop-common-3.3.1.jar:?]
	at org.apache.hadoop.ipc.Server$RpcCall.run(Server.java:963) [hadoop-common-3.3.1.jar:?]
	at java.security.AccessController.doPrivileged(Native Method) ~[?:1.8.0_332]
	at javax.security.auth.Subject.doAs(Subject.java:422) [?:1.8.0_332]
	at org.apache.hadoop.security.UserGroupInformation.doAs(UserGroupInformation.java:1878) [hadoop-common-3.3.1.jar:?]
	at org.apache.hadoop.ipc.Server$Handler.run(Server.java:2966) [hadoop-common-3.3.1.jar:?]
2022-08-08 17:31:08,880 [Time-limited test] WARN  ozone.BasicRootedOzoneFileSystem (BasicRootedOzoneFileSystem.java:delete(572)) - delete: Path does not exist: /volume34022/bucket02082/testBatchDelete/parent
]]></system-out>
  </testcase>
  <testcase name="testFileDelete" classname="TestRootedOzoneFileSystemWithFSO" time="0.185">
    <system-out><![CDATA[2022-08-08 17:32:17,125 [Time-limited test] INFO  rpc.RpcClient (RpcClient.java:createVolume(468)) - Creating Volume: volume74595, with user23195 as owner and space quota set to -1 bytes, counts quota set to -1
2022-08-08 17:32:17,126 [IPC Server handler 8 on default port 44865] INFO  volume.OMVolumeCreateRequest (OMVolumeCreateRequest.java:validateAndUpdateCache(195)) - created volume:volume74595 for user:user23195
2022-08-08 17:32:17,127 [Time-limited test] INFO  rpc.RpcClient (RpcClient.java:createBucket(671)) - Creating Bucket: volume74595/bucket82766, with bucket layout FILE_SYSTEM_OPTIMIZED, runner as owner, Versioning false, Storage Type set to DISK and Encryption set to false 
2022-08-08 17:32:17,128 [IPC Server handler 3 on default port 44865] INFO  bucket.OMBucketCreateRequest (OMBucketCreateRequest.java:validateAndUpdateCache(260)) - created bucket: bucket82766 of layout FILE_SYSTEM_OPTIMIZED in volume: volume74595
17:32:17.201 [IPC Server handler 4 on default port 44865] ERROR OMAudit - user=runner | ip=127.0.0.1 | op=GET_FILE_STATUS {volume=volume74595, bucket=bucket82766, key=testBatchDelete, dataSize=0, replicationConfig=null} | ret=FAILURE
org.apache.hadoop.ozone.om.exceptions.OMException: Unable to get file status: volume: volume74595 bucket: bucket82766 key: testBatchDelete
	at org.apache.hadoop.ozone.om.KeyManagerImpl.getOzoneFileStatusFSO(KeyManagerImpl.java:1376) ~[ozone-manager-1.3.0-SNAPSHOT.jar:?]
	at org.apache.hadoop.ozone.om.KeyManagerImpl.getFileStatus(KeyManagerImpl.java:1239) ~[ozone-manager-1.3.0-SNAPSHOT.jar:?]
	at org.apache.hadoop.ozone.om.OzoneManager.getFileStatus(OzoneManager.java:3467) ~[ozone-manager-1.3.0-SNAPSHOT.jar:?]
	at org.apache.hadoop.ozone.protocolPB.OzoneManagerRequestHandler.getOzoneFileStatus(OzoneManagerRequestHandler.java:878) ~[ozone-manager-1.3.0-SNAPSHOT.jar:?]
	at org.apache.hadoop.ozone.protocolPB.OzoneManagerRequestHandler.handleReadRequest(OzoneManagerRequestHandler.java:224) ~[ozone-manager-1.3.0-SNAPSHOT.jar:?]
	at org.apache.hadoop.ozone.protocolPB.OzoneManagerProtocolServerSideTranslatorPB.submitRequestDirectlyToOM(OzoneManagerProtocolServerSideTranslatorPB.java:276) ~[ozone-manager-1.3.0-SNAPSHOT.jar:?]
	at org.apache.hadoop.ozone.protocolPB.OzoneManagerProtocolServerSideTranslatorPB.processRequest(OzoneManagerProtocolServerSideTranslatorPB.java:205) ~[ozone-manager-1.3.0-SNAPSHOT.jar:?]
	at org.apache.hadoop.hdds.server.OzoneProtocolMessageDispatcher.processRequest(OzoneProtocolMessageDispatcher.java:87) [hdds-server-framework-1.3.0-SNAPSHOT.jar:?]
	at org.apache.hadoop.ozone.protocolPB.OzoneManagerProtocolServerSideTranslatorPB.submitRequest(OzoneManagerProtocolServerSideTranslatorPB.java:147) [ozone-manager-1.3.0-SNAPSHOT.jar:?]
	at org.apache.hadoop.ozone.protocol.proto.OzoneManagerProtocolProtos$OzoneManagerService$2.callBlockingMethod(OzoneManagerProtocolProtos.java) [ozone-interface-client-1.3.0-SNAPSHOT.jar:?]
	at org.apache.hadoop.ipc.ProtobufRpcEngine$Server.processCall(ProtobufRpcEngine.java:466) [hadoop-common-3.3.1.jar:?]
	at org.apache.hadoop.ipc.ProtobufRpcEngine2$Server$ProtoBufRpcInvoker.call(ProtobufRpcEngine2.java:574) [hadoop-common-3.3.1.jar:?]
	at org.apache.hadoop.ipc.ProtobufRpcEngine2$Server$ProtoBufRpcInvoker.call(ProtobufRpcEngine2.java:552) [hadoop-common-3.3.1.jar:?]
	at org.apache.hadoop.ipc.RPC$Server.call(RPC.java:1093) [hadoop-common-3.3.1.jar:?]
	at org.apache.hadoop.ipc.Server$RpcCall.run(Server.java:1035) [hadoop-common-3.3.1.jar:?]
	at org.apache.hadoop.ipc.Server$RpcCall.run(Server.java:963) [hadoop-common-3.3.1.jar:?]
	at java.security.AccessController.doPrivileged(Native Method) ~[?:1.8.0_332]
	at javax.security.auth.Subject.doAs(Subject.java:422) [?:1.8.0_332]
	at org.apache.hadoop.security.UserGroupInformation.doAs(UserGroupInformation.java:1878) [hadoop-common-3.3.1.jar:?]
	at org.apache.hadoop.ipc.Server$Handler.run(Server.java:2966) [hadoop-common-3.3.1.jar:?]
17:32:17.202 [IPC Server handler 6 on default port 44865] ERROR OMAudit - user=runner | ip=127.0.0.1 | op=GET_FILE_STATUS {volume=volume74595, bucket=bucket82766, key=testBatchDelete/parent/child0, dataSize=0, replicationConfig=null} | ret=FAILURE
org.apache.hadoop.ozone.om.exceptions.OMException: Unable to get file status: volume: volume74595 bucket: bucket82766 key: testBatchDelete/parent/child0
	at org.apache.hadoop.ozone.om.KeyManagerImpl.getOzoneFileStatusFSO(KeyManagerImpl.java:1376) ~[ozone-manager-1.3.0-SNAPSHOT.jar:?]
	at org.apache.hadoop.ozone.om.KeyManagerImpl.getFileStatus(KeyManagerImpl.java:1239) ~[ozone-manager-1.3.0-SNAPSHOT.jar:?]
	at org.apache.hadoop.ozone.om.OzoneManager.getFileStatus(OzoneManager.java:3467) ~[ozone-manager-1.3.0-SNAPSHOT.jar:?]
	at org.apache.hadoop.ozone.protocolPB.OzoneManagerRequestHandler.getOzoneFileStatus(OzoneManagerRequestHandler.java:878) ~[ozone-manager-1.3.0-SNAPSHOT.jar:?]
	at org.apache.hadoop.ozone.protocolPB.OzoneManagerRequestHandler.handleReadRequest(OzoneManagerRequestHandler.java:224) ~[ozone-manager-1.3.0-SNAPSHOT.jar:?]
	at org.apache.hadoop.ozone.protocolPB.OzoneManagerProtocolServerSideTranslatorPB.submitRequestDirectlyToOM(OzoneManagerProtocolServerSideTranslatorPB.java:276) ~[ozone-manager-1.3.0-SNAPSHOT.jar:?]
	at org.apache.hadoop.ozone.protocolPB.OzoneManagerProtocolServerSideTranslatorPB.processRequest(OzoneManagerProtocolServerSideTranslatorPB.java:205) ~[ozone-manager-1.3.0-SNAPSHOT.jar:?]
	at org.apache.hadoop.hdds.server.OzoneProtocolMessageDispatcher.processRequest(OzoneProtocolMessageDispatcher.java:87) [hdds-server-framework-1.3.0-SNAPSHOT.jar:?]
	at org.apache.hadoop.ozone.protocolPB.OzoneManagerProtocolServerSideTranslatorPB.submitRequest(OzoneManagerProtocolServerSideTranslatorPB.java:147) [ozone-manager-1.3.0-SNAPSHOT.jar:?]
	at org.apache.hadoop.ozone.protocol.proto.OzoneManagerProtocolProtos$OzoneManagerService$2.callBlockingMethod(OzoneManagerProtocolProtos.java) [ozone-interface-client-1.3.0-SNAPSHOT.jar:?]
	at org.apache.hadoop.ipc.ProtobufRpcEngine$Server.processCall(ProtobufRpcEngine.java:466) [hadoop-common-3.3.1.jar:?]
	at org.apache.hadoop.ipc.ProtobufRpcEngine2$Server$ProtoBufRpcInvoker.call(ProtobufRpcEngine2.java:574) [hadoop-common-3.3.1.jar:?]
	at org.apache.hadoop.ipc.ProtobufRpcEngine2$Server$ProtoBufRpcInvoker.call(ProtobufRpcEngine2.java:552) [hadoop-common-3.3.1.jar:?]
	at org.apache.hadoop.ipc.RPC$Server.call(RPC.java:1093) [hadoop-common-3.3.1.jar:?]
	at org.apache.hadoop.ipc.Server$RpcCall.run(Server.java:1035) [hadoop-common-3.3.1.jar:?]
	at org.apache.hadoop.ipc.Server$RpcCall.run(Server.java:963) [hadoop-common-3.3.1.jar:?]
	at java.security.AccessController.doPrivileged(Native Method) ~[?:1.8.0_332]
	at javax.security.auth.Subject.doAs(Subject.java:422) [?:1.8.0_332]
	at org.apache.hadoop.security.UserGroupInformation.doAs(UserGroupInformation.java:1878) [hadoop-common-3.3.1.jar:?]
	at org.apache.hadoop.ipc.Server$Handler.run(Server.java:2966) [hadoop-common-3.3.1.jar:?]
17:32:17.203 [IPC Server handler 16 on default port 44865] ERROR OMAudit - user=runner | ip=127.0.0.1 | op=GET_FILE_STATUS {volume=volume74595, bucket=bucket82766, key=testBatchDelete/parent/childFolder/child0, dataSize=0, replicationConfig=null} | ret=FAILURE
org.apache.hadoop.ozone.om.exceptions.OMException: Unable to get file status: volume: volume74595 bucket: bucket82766 key: testBatchDelete/parent/childFolder/child0
	at org.apache.hadoop.ozone.om.KeyManagerImpl.getOzoneFileStatusFSO(KeyManagerImpl.java:1376) ~[ozone-manager-1.3.0-SNAPSHOT.jar:?]
	at org.apache.hadoop.ozone.om.KeyManagerImpl.getFileStatus(KeyManagerImpl.java:1239) ~[ozone-manager-1.3.0-SNAPSHOT.jar:?]
	at org.apache.hadoop.ozone.om.OzoneManager.getFileStatus(OzoneManager.java:3467) ~[ozone-manager-1.3.0-SNAPSHOT.jar:?]
	at org.apache.hadoop.ozone.protocolPB.OzoneManagerRequestHandler.getOzoneFileStatus(OzoneManagerRequestHandler.java:878) ~[ozone-manager-1.3.0-SNAPSHOT.jar:?]
	at org.apache.hadoop.ozone.protocolPB.OzoneManagerRequestHandler.handleReadRequest(OzoneManagerRequestHandler.java:224) ~[ozone-manager-1.3.0-SNAPSHOT.jar:?]
	at org.apache.hadoop.ozone.protocolPB.OzoneManagerProtocolServerSideTranslatorPB.submitRequestDirectlyToOM(OzoneManagerProtocolServerSideTranslatorPB.java:276) ~[ozone-manager-1.3.0-SNAPSHOT.jar:?]
	at org.apache.hadoop.ozone.protocolPB.OzoneManagerProtocolServerSideTranslatorPB.processRequest(OzoneManagerProtocolServerSideTranslatorPB.java:205) ~[ozone-manager-1.3.0-SNAPSHOT.jar:?]
	at org.apache.hadoop.hdds.server.OzoneProtocolMessageDispatcher.processRequest(OzoneProtocolMessageDispatcher.java:87) [hdds-server-framework-1.3.0-SNAPSHOT.jar:?]
	at org.apache.hadoop.ozone.protocolPB.OzoneManagerProtocolServerSideTranslatorPB.submitRequest(OzoneManagerProtocolServerSideTranslatorPB.java:147) [ozone-manager-1.3.0-SNAPSHOT.jar:?]
	at org.apache.hadoop.ozone.protocol.proto.OzoneManagerProtocolProtos$OzoneManagerService$2.callBlockingMethod(OzoneManagerProtocolProtos.java) [ozone-interface-client-1.3.0-SNAPSHOT.jar:?]
	at org.apache.hadoop.ipc.ProtobufRpcEngine$Server.processCall(ProtobufRpcEngine.java:466) [hadoop-common-3.3.1.jar:?]
	at org.apache.hadoop.ipc.ProtobufRpcEngine2$Server$ProtoBufRpcInvoker.call(ProtobufRpcEngine2.java:574) [hadoop-common-3.3.1.jar:?]
	at org.apache.hadoop.ipc.ProtobufRpcEngine2$Server$ProtoBufRpcInvoker.call(ProtobufRpcEngine2.java:552) [hadoop-common-3.3.1.jar:?]
	at org.apache.hadoop.ipc.RPC$Server.call(RPC.java:1093) [hadoop-common-3.3.1.jar:?]
	at org.apache.hadoop.ipc.Server$RpcCall.run(Server.java:1035) [hadoop-common-3.3.1.jar:?]
	at org.apache.hadoop.ipc.Server$RpcCall.run(Server.java:963) [hadoop-common-3.3.1.jar:?]
	at java.security.AccessController.doPrivileged(Native Method) ~[?:1.8.0_332]
	at javax.security.auth.Subject.doAs(Subject.java:422) [?:1.8.0_332]
	at org.apache.hadoop.security.UserGroupInformation.doAs(UserGroupInformation.java:1878) [hadoop-common-3.3.1.jar:?]
	at org.apache.hadoop.ipc.Server$Handler.run(Server.java:2966) [hadoop-common-3.3.1.jar:?]
17:32:17.206 [IPC Server handler 10 on default port 44865] ERROR OMAudit - user=runner | ip=127.0.0.1 | op=GET_FILE_STATUS {volume=volume74595, bucket=bucket82766, key=testBatchDelete/parent/child1, dataSize=0, replicationConfig=null} | ret=FAILURE
org.apache.hadoop.ozone.om.exceptions.OMException: Unable to get file status: volume: volume74595 bucket: bucket82766 key: testBatchDelete/parent/child1
	at org.apache.hadoop.ozone.om.KeyManagerImpl.getOzoneFileStatusFSO(KeyManagerImpl.java:1376) ~[ozone-manager-1.3.0-SNAPSHOT.jar:?]
	at org.apache.hadoop.ozone.om.KeyManagerImpl.getFileStatus(KeyManagerImpl.java:1239) ~[ozone-manager-1.3.0-SNAPSHOT.jar:?]
	at org.apache.hadoop.ozone.om.OzoneManager.getFileStatus(OzoneManager.java:3467) ~[ozone-manager-1.3.0-SNAPSHOT.jar:?]
	at org.apache.hadoop.ozone.protocolPB.OzoneManagerRequestHandler.getOzoneFileStatus(OzoneManagerRequestHandler.java:878) ~[ozone-manager-1.3.0-SNAPSHOT.jar:?]
	at org.apache.hadoop.ozone.protocolPB.OzoneManagerRequestHandler.handleReadRequest(OzoneManagerRequestHandler.java:224) ~[ozone-manager-1.3.0-SNAPSHOT.jar:?]
	at org.apache.hadoop.ozone.protocolPB.OzoneManagerProtocolServerSideTranslatorPB.submitRequestDirectlyToOM(OzoneManagerProtocolServerSideTranslatorPB.java:276) ~[ozone-manager-1.3.0-SNAPSHOT.jar:?]
	at org.apache.hadoop.ozone.protocolPB.OzoneManagerProtocolServerSideTranslatorPB.processRequest(OzoneManagerProtocolServerSideTranslatorPB.java:205) ~[ozone-manager-1.3.0-SNAPSHOT.jar:?]
	at org.apache.hadoop.hdds.server.OzoneProtocolMessageDispatcher.processRequest(OzoneProtocolMessageDispatcher.java:87) [hdds-server-framework-1.3.0-SNAPSHOT.jar:?]
	at org.apache.hadoop.ozone.protocolPB.OzoneManagerProtocolServerSideTranslatorPB.submitRequest(OzoneManagerProtocolServerSideTranslatorPB.java:147) [ozone-manager-1.3.0-SNAPSHOT.jar:?]
	at org.apache.hadoop.ozone.protocol.proto.OzoneManagerProtocolProtos$OzoneManagerService$2.callBlockingMethod(OzoneManagerProtocolProtos.java) [ozone-interface-client-1.3.0-SNAPSHOT.jar:?]
	at org.apache.hadoop.ipc.ProtobufRpcEngine$Server.processCall(ProtobufRpcEngine.java:466) [hadoop-common-3.3.1.jar:?]
	at org.apache.hadoop.ipc.ProtobufRpcEngine2$Server$ProtoBufRpcInvoker.call(ProtobufRpcEngine2.java:574) [hadoop-common-3.3.1.jar:?]
	at org.apache.hadoop.ipc.ProtobufRpcEngine2$Server$ProtoBufRpcInvoker.call(ProtobufRpcEngine2.java:552) [hadoop-common-3.3.1.jar:?]
	at org.apache.hadoop.ipc.RPC$Server.call(RPC.java:1093) [hadoop-common-3.3.1.jar:?]
	at org.apache.hadoop.ipc.Server$RpcCall.run(Server.java:1035) [hadoop-common-3.3.1.jar:?]
	at org.apache.hadoop.ipc.Server$RpcCall.run(Server.java:963) [hadoop-common-3.3.1.jar:?]
	at java.security.AccessController.doPrivileged(Native Method) ~[?:1.8.0_332]
	at javax.security.auth.Subject.doAs(Subject.java:422) [?:1.8.0_332]
	at org.apache.hadoop.security.UserGroupInformation.doAs(UserGroupInformation.java:1878) [hadoop-common-3.3.1.jar:?]
	at org.apache.hadoop.ipc.Server$Handler.run(Server.java:2966) [hadoop-common-3.3.1.jar:?]
17:32:17.207 [IPC Server handler 12 on default port 44865] ERROR OMAudit - user=runner | ip=127.0.0.1 | op=GET_FILE_STATUS {volume=volume74595, bucket=bucket82766, key=testBatchDelete/parent/childFolder/child1, dataSize=0, replicationConfig=null} | ret=FAILURE
org.apache.hadoop.ozone.om.exceptions.OMException: Unable to get file status: volume: volume74595 bucket: bucket82766 key: testBatchDelete/parent/childFolder/child1
	at org.apache.hadoop.ozone.om.KeyManagerImpl.getOzoneFileStatusFSO(KeyManagerImpl.java:1376) ~[ozone-manager-1.3.0-SNAPSHOT.jar:?]
	at org.apache.hadoop.ozone.om.KeyManagerImpl.getFileStatus(KeyManagerImpl.java:1239) ~[ozone-manager-1.3.0-SNAPSHOT.jar:?]
	at org.apache.hadoop.ozone.om.OzoneManager.getFileStatus(OzoneManager.java:3467) ~[ozone-manager-1.3.0-SNAPSHOT.jar:?]
	at org.apache.hadoop.ozone.protocolPB.OzoneManagerRequestHandler.getOzoneFileStatus(OzoneManagerRequestHandler.java:878) ~[ozone-manager-1.3.0-SNAPSHOT.jar:?]
	at org.apache.hadoop.ozone.protocolPB.OzoneManagerRequestHandler.handleReadRequest(OzoneManagerRequestHandler.java:224) ~[ozone-manager-1.3.0-SNAPSHOT.jar:?]
	at org.apache.hadoop.ozone.protocolPB.OzoneManagerProtocolServerSideTranslatorPB.submitRequestDirectlyToOM(OzoneManagerProtocolServerSideTranslatorPB.java:276) ~[ozone-manager-1.3.0-SNAPSHOT.jar:?]
	at org.apache.hadoop.ozone.protocolPB.OzoneManagerProtocolServerSideTranslatorPB.processRequest(OzoneManagerProtocolServerSideTranslatorPB.java:205) ~[ozone-manager-1.3.0-SNAPSHOT.jar:?]
	at org.apache.hadoop.hdds.server.OzoneProtocolMessageDispatcher.processRequest(OzoneProtocolMessageDispatcher.java:87) [hdds-server-framework-1.3.0-SNAPSHOT.jar:?]
	at org.apache.hadoop.ozone.protocolPB.OzoneManagerProtocolServerSideTranslatorPB.submitRequest(OzoneManagerProtocolServerSideTranslatorPB.java:147) [ozone-manager-1.3.0-SNAPSHOT.jar:?]
	at org.apache.hadoop.ozone.protocol.proto.OzoneManagerProtocolProtos$OzoneManagerService$2.callBlockingMethod(OzoneManagerProtocolProtos.java) [ozone-interface-client-1.3.0-SNAPSHOT.jar:?]
	at org.apache.hadoop.ipc.ProtobufRpcEngine$Server.processCall(ProtobufRpcEngine.java:466) [hadoop-common-3.3.1.jar:?]
	at org.apache.hadoop.ipc.ProtobufRpcEngine2$Server$ProtoBufRpcInvoker.call(ProtobufRpcEngine2.java:574) [hadoop-common-3.3.1.jar:?]
	at org.apache.hadoop.ipc.ProtobufRpcEngine2$Server$ProtoBufRpcInvoker.call(ProtobufRpcEngine2.java:552) [hadoop-common-3.3.1.jar:?]
	at org.apache.hadoop.ipc.RPC$Server.call(RPC.java:1093) [hadoop-common-3.3.1.jar:?]
	at org.apache.hadoop.ipc.Server$RpcCall.run(Server.java:1035) [hadoop-common-3.3.1.jar:?]
	at org.apache.hadoop.ipc.Server$RpcCall.run(Server.java:963) [hadoop-common-3.3.1.jar:?]
	at java.security.AccessController.doPrivileged(Native Method) ~[?:1.8.0_332]
	at javax.security.auth.Subject.doAs(Subject.java:422) [?:1.8.0_332]
	at org.apache.hadoop.security.UserGroupInformation.doAs(UserGroupInformation.java:1878) [hadoop-common-3.3.1.jar:?]
	at org.apache.hadoop.ipc.Server$Handler.run(Server.java:2966) [hadoop-common-3.3.1.jar:?]
17:32:17.211 [IPC Server handler 15 on default port 44865] ERROR OMAudit - user=runner | ip=127.0.0.1 | op=GET_FILE_STATUS {volume=volume74595, bucket=bucket82766, key=testBatchDelete/parent/child2, dataSize=0, replicationConfig=null} | ret=FAILURE
org.apache.hadoop.ozone.om.exceptions.OMException: Unable to get file status: volume: volume74595 bucket: bucket82766 key: testBatchDelete/parent/child2
	at org.apache.hadoop.ozone.om.KeyManagerImpl.getOzoneFileStatusFSO(KeyManagerImpl.java:1376) ~[ozone-manager-1.3.0-SNAPSHOT.jar:?]
	at org.apache.hadoop.ozone.om.KeyManagerImpl.getFileStatus(KeyManagerImpl.java:1239) ~[ozone-manager-1.3.0-SNAPSHOT.jar:?]
	at org.apache.hadoop.ozone.om.OzoneManager.getFileStatus(OzoneManager.java:3467) ~[ozone-manager-1.3.0-SNAPSHOT.jar:?]
	at org.apache.hadoop.ozone.protocolPB.OzoneManagerRequestHandler.getOzoneFileStatus(OzoneManagerRequestHandler.java:878) ~[ozone-manager-1.3.0-SNAPSHOT.jar:?]
	at org.apache.hadoop.ozone.protocolPB.OzoneManagerRequestHandler.handleReadRequest(OzoneManagerRequestHandler.java:224) ~[ozone-manager-1.3.0-SNAPSHOT.jar:?]
	at org.apache.hadoop.ozone.protocolPB.OzoneManagerProtocolServerSideTranslatorPB.submitRequestDirectlyToOM(OzoneManagerProtocolServerSideTranslatorPB.java:276) ~[ozone-manager-1.3.0-SNAPSHOT.jar:?]
	at org.apache.hadoop.ozone.protocolPB.OzoneManagerProtocolServerSideTranslatorPB.processRequest(OzoneManagerProtocolServerSideTranslatorPB.java:205) ~[ozone-manager-1.3.0-SNAPSHOT.jar:?]
	at org.apache.hadoop.hdds.server.OzoneProtocolMessageDispatcher.processRequest(OzoneProtocolMessageDispatcher.java:87) [hdds-server-framework-1.3.0-SNAPSHOT.jar:?]
	at org.apache.hadoop.ozone.protocolPB.OzoneManagerProtocolServerSideTranslatorPB.submitRequest(OzoneManagerProtocolServerSideTranslatorPB.java:147) [ozone-manager-1.3.0-SNAPSHOT.jar:?]
	at org.apache.hadoop.ozone.protocol.proto.OzoneManagerProtocolProtos$OzoneManagerService$2.callBlockingMethod(OzoneManagerProtocolProtos.java) [ozone-interface-client-1.3.0-SNAPSHOT.jar:?]
	at org.apache.hadoop.ipc.ProtobufRpcEngine$Server.processCall(ProtobufRpcEngine.java:466) [hadoop-common-3.3.1.jar:?]
	at org.apache.hadoop.ipc.ProtobufRpcEngine2$Server$ProtoBufRpcInvoker.call(ProtobufRpcEngine2.java:574) [hadoop-common-3.3.1.jar:?]
	at org.apache.hadoop.ipc.ProtobufRpcEngine2$Server$ProtoBufRpcInvoker.call(ProtobufRpcEngine2.java:552) [hadoop-common-3.3.1.jar:?]
	at org.apache.hadoop.ipc.RPC$Server.call(RPC.java:1093) [hadoop-common-3.3.1.jar:?]
	at org.apache.hadoop.ipc.Server$RpcCall.run(Server.java:1035) [hadoop-common-3.3.1.jar:?]
	at org.apache.hadoop.ipc.Server$RpcCall.run(Server.java:963) [hadoop-common-3.3.1.jar:?]
	at java.security.AccessController.doPrivileged(Native Method) ~[?:1.8.0_332]
	at javax.security.auth.Subject.doAs(Subject.java:422) [?:1.8.0_332]
	at org.apache.hadoop.security.UserGroupInformation.doAs(UserGroupInformation.java:1878) [hadoop-common-3.3.1.jar:?]
	at org.apache.hadoop.ipc.Server$Handler.run(Server.java:2966) [hadoop-common-3.3.1.jar:?]
17:32:17.212 [IPC Server handler 19 on default port 44865] ERROR OMAudit - user=runner | ip=127.0.0.1 | op=GET_FILE_STATUS {volume=volume74595, bucket=bucket82766, key=testBatchDelete/parent/childFolder/child2, dataSize=0, replicationConfig=null} | ret=FAILURE
org.apache.hadoop.ozone.om.exceptions.OMException: Unable to get file status: volume: volume74595 bucket: bucket82766 key: testBatchDelete/parent/childFolder/child2
	at org.apache.hadoop.ozone.om.KeyManagerImpl.getOzoneFileStatusFSO(KeyManagerImpl.java:1376) ~[ozone-manager-1.3.0-SNAPSHOT.jar:?]
	at org.apache.hadoop.ozone.om.KeyManagerImpl.getFileStatus(KeyManagerImpl.java:1239) ~[ozone-manager-1.3.0-SNAPSHOT.jar:?]
	at org.apache.hadoop.ozone.om.OzoneManager.getFileStatus(OzoneManager.java:3467) ~[ozone-manager-1.3.0-SNAPSHOT.jar:?]
	at org.apache.hadoop.ozone.protocolPB.OzoneManagerRequestHandler.getOzoneFileStatus(OzoneManagerRequestHandler.java:878) ~[ozone-manager-1.3.0-SNAPSHOT.jar:?]
	at org.apache.hadoop.ozone.protocolPB.OzoneManagerRequestHandler.handleReadRequest(OzoneManagerRequestHandler.java:224) ~[ozone-manager-1.3.0-SNAPSHOT.jar:?]
	at org.apache.hadoop.ozone.protocolPB.OzoneManagerProtocolServerSideTranslatorPB.submitRequestDirectlyToOM(OzoneManagerProtocolServerSideTranslatorPB.java:276) ~[ozone-manager-1.3.0-SNAPSHOT.jar:?]
	at org.apache.hadoop.ozone.protocolPB.OzoneManagerProtocolServerSideTranslatorPB.processRequest(OzoneManagerProtocolServerSideTranslatorPB.java:205) ~[ozone-manager-1.3.0-SNAPSHOT.jar:?]
	at org.apache.hadoop.hdds.server.OzoneProtocolMessageDispatcher.processRequest(OzoneProtocolMessageDispatcher.java:87) [hdds-server-framework-1.3.0-SNAPSHOT.jar:?]
	at org.apache.hadoop.ozone.protocolPB.OzoneManagerProtocolServerSideTranslatorPB.submitRequest(OzoneManagerProtocolServerSideTranslatorPB.java:147) [ozone-manager-1.3.0-SNAPSHOT.jar:?]
	at org.apache.hadoop.ozone.protocol.proto.OzoneManagerProtocolProtos$OzoneManagerService$2.callBlockingMethod(OzoneManagerProtocolProtos.java) [ozone-interface-client-1.3.0-SNAPSHOT.jar:?]
	at org.apache.hadoop.ipc.ProtobufRpcEngine$Server.processCall(ProtobufRpcEngine.java:466) [hadoop-common-3.3.1.jar:?]
	at org.apache.hadoop.ipc.ProtobufRpcEngine2$Server$ProtoBufRpcInvoker.call(ProtobufRpcEngine2.java:574) [hadoop-common-3.3.1.jar:?]
	at org.apache.hadoop.ipc.ProtobufRpcEngine2$Server$ProtoBufRpcInvoker.call(ProtobufRpcEngine2.java:552) [hadoop-common-3.3.1.jar:?]
	at org.apache.hadoop.ipc.RPC$Server.call(RPC.java:1093) [hadoop-common-3.3.1.jar:?]
	at org.apache.hadoop.ipc.Server$RpcCall.run(Server.java:1035) [hadoop-common-3.3.1.jar:?]
	at org.apache.hadoop.ipc.Server$RpcCall.run(Server.java:963) [hadoop-common-3.3.1.jar:?]
	at java.security.AccessController.doPrivileged(Native Method) ~[?:1.8.0_332]
	at javax.security.auth.Subject.doAs(Subject.java:422) [?:1.8.0_332]
	at org.apache.hadoop.security.UserGroupInformation.doAs(UserGroupInformation.java:1878) [hadoop-common-3.3.1.jar:?]
	at org.apache.hadoop.ipc.Server$Handler.run(Server.java:2966) [hadoop-common-3.3.1.jar:?]
17:32:17.213 [IPC Server handler 17 on default port 44865] ERROR OMAudit - user=runner | ip=127.0.0.1 | op=GET_FILE_STATUS {volume=volume74595, bucket=bucket82766, key=testBatchDelete/parent/child3, dataSize=0, replicationConfig=null} | ret=FAILURE
org.apache.hadoop.ozone.om.exceptions.OMException: Unable to get file status: volume: volume74595 bucket: bucket82766 key: testBatchDelete/parent/child3
	at org.apache.hadoop.ozone.om.KeyManagerImpl.getOzoneFileStatusFSO(KeyManagerImpl.java:1376) ~[ozone-manager-1.3.0-SNAPSHOT.jar:?]
	at org.apache.hadoop.ozone.om.KeyManagerImpl.getFileStatus(KeyManagerImpl.java:1239) ~[ozone-manager-1.3.0-SNAPSHOT.jar:?]
	at org.apache.hadoop.ozone.om.OzoneManager.getFileStatus(OzoneManager.java:3467) ~[ozone-manager-1.3.0-SNAPSHOT.jar:?]
	at org.apache.hadoop.ozone.protocolPB.OzoneManagerRequestHandler.getOzoneFileStatus(OzoneManagerRequestHandler.java:878) ~[ozone-manager-1.3.0-SNAPSHOT.jar:?]
	at org.apache.hadoop.ozone.protocolPB.OzoneManagerRequestHandler.handleReadRequest(OzoneManagerRequestHandler.java:224) ~[ozone-manager-1.3.0-SNAPSHOT.jar:?]
	at org.apache.hadoop.ozone.protocolPB.OzoneManagerProtocolServerSideTranslatorPB.submitRequestDirectlyToOM(OzoneManagerProtocolServerSideTranslatorPB.java:276) ~[ozone-manager-1.3.0-SNAPSHOT.jar:?]
	at org.apache.hadoop.ozone.protocolPB.OzoneManagerProtocolServerSideTranslatorPB.processRequest(OzoneManagerProtocolServerSideTranslatorPB.java:205) ~[ozone-manager-1.3.0-SNAPSHOT.jar:?]
	at org.apache.hadoop.hdds.server.OzoneProtocolMessageDispatcher.processRequest(OzoneProtocolMessageDispatcher.java:87) [hdds-server-framework-1.3.0-SNAPSHOT.jar:?]
	at org.apache.hadoop.ozone.protocolPB.OzoneManagerProtocolServerSideTranslatorPB.submitRequest(OzoneManagerProtocolServerSideTranslatorPB.java:147) [ozone-manager-1.3.0-SNAPSHOT.jar:?]
	at org.apache.hadoop.ozone.protocol.proto.OzoneManagerProtocolProtos$OzoneManagerService$2.callBlockingMethod(OzoneManagerProtocolProtos.java) [ozone-interface-client-1.3.0-SNAPSHOT.jar:?]
	at org.apache.hadoop.ipc.ProtobufRpcEngine$Server.processCall(ProtobufRpcEngine.java:466) [hadoop-common-3.3.1.jar:?]
	at org.apache.hadoop.ipc.ProtobufRpcEngine2$Server$ProtoBufRpcInvoker.call(ProtobufRpcEngine2.java:574) [hadoop-common-3.3.1.jar:?]
	at org.apache.hadoop.ipc.ProtobufRpcEngine2$Server$ProtoBufRpcInvoker.call(ProtobufRpcEngine2.java:552) [hadoop-common-3.3.1.jar:?]
	at org.apache.hadoop.ipc.RPC$Server.call(RPC.java:1093) [hadoop-common-3.3.1.jar:?]
	at org.apache.hadoop.ipc.Server$RpcCall.run(Server.java:1035) [hadoop-common-3.3.1.jar:?]
	at org.apache.hadoop.ipc.Server$RpcCall.run(Server.java:963) [hadoop-common-3.3.1.jar:?]
	at java.security.AccessController.doPrivileged(Native Method) ~[?:1.8.0_332]
	at javax.security.auth.Subject.doAs(Subject.java:422) [?:1.8.0_332]
	at org.apache.hadoop.security.UserGroupInformation.doAs(UserGroupInformation.java:1878) [hadoop-common-3.3.1.jar:?]
	at org.apache.hadoop.ipc.Server$Handler.run(Server.java:2966) [hadoop-common-3.3.1.jar:?]
17:32:17.214 [IPC Server handler 8 on default port 44865] ERROR OMAudit - user=runner | ip=127.0.0.1 | op=GET_FILE_STATUS {volume=volume74595, bucket=bucket82766, key=testBatchDelete/parent/childFolder/child3, dataSize=0, replicationConfig=null} | ret=FAILURE
org.apache.hadoop.ozone.om.exceptions.OMException: Unable to get file status: volume: volume74595 bucket: bucket82766 key: testBatchDelete/parent/childFolder/child3
	at org.apache.hadoop.ozone.om.KeyManagerImpl.getOzoneFileStatusFSO(KeyManagerImpl.java:1376) ~[ozone-manager-1.3.0-SNAPSHOT.jar:?]
	at org.apache.hadoop.ozone.om.KeyManagerImpl.getFileStatus(KeyManagerImpl.java:1239) ~[ozone-manager-1.3.0-SNAPSHOT.jar:?]
	at org.apache.hadoop.ozone.om.OzoneManager.getFileStatus(OzoneManager.java:3467) ~[ozone-manager-1.3.0-SNAPSHOT.jar:?]
	at org.apache.hadoop.ozone.protocolPB.OzoneManagerRequestHandler.getOzoneFileStatus(OzoneManagerRequestHandler.java:878) ~[ozone-manager-1.3.0-SNAPSHOT.jar:?]
	at org.apache.hadoop.ozone.protocolPB.OzoneManagerRequestHandler.handleReadRequest(OzoneManagerRequestHandler.java:224) ~[ozone-manager-1.3.0-SNAPSHOT.jar:?]
	at org.apache.hadoop.ozone.protocolPB.OzoneManagerProtocolServerSideTranslatorPB.submitRequestDirectlyToOM(OzoneManagerProtocolServerSideTranslatorPB.java:276) ~[ozone-manager-1.3.0-SNAPSHOT.jar:?]
	at org.apache.hadoop.ozone.protocolPB.OzoneManagerProtocolServerSideTranslatorPB.processRequest(OzoneManagerProtocolServerSideTranslatorPB.java:205) ~[ozone-manager-1.3.0-SNAPSHOT.jar:?]
	at org.apache.hadoop.hdds.server.OzoneProtocolMessageDispatcher.processRequest(OzoneProtocolMessageDispatcher.java:87) [hdds-server-framework-1.3.0-SNAPSHOT.jar:?]
	at org.apache.hadoop.ozone.protocolPB.OzoneManagerProtocolServerSideTranslatorPB.submitRequest(OzoneManagerProtocolServerSideTranslatorPB.java:147) [ozone-manager-1.3.0-SNAPSHOT.jar:?]
	at org.apache.hadoop.ozone.protocol.proto.OzoneManagerProtocolProtos$OzoneManagerService$2.callBlockingMethod(OzoneManagerProtocolProtos.java) [ozone-interface-client-1.3.0-SNAPSHOT.jar:?]
	at org.apache.hadoop.ipc.ProtobufRpcEngine$Server.processCall(ProtobufRpcEngine.java:466) [hadoop-common-3.3.1.jar:?]
	at org.apache.hadoop.ipc.ProtobufRpcEngine2$Server$ProtoBufRpcInvoker.call(ProtobufRpcEngine2.java:574) [hadoop-common-3.3.1.jar:?]
	at org.apache.hadoop.ipc.ProtobufRpcEngine2$Server$ProtoBufRpcInvoker.call(ProtobufRpcEngine2.java:552) [hadoop-common-3.3.1.jar:?]
	at org.apache.hadoop.ipc.RPC$Server.call(RPC.java:1093) [hadoop-common-3.3.1.jar:?]
	at org.apache.hadoop.ipc.Server$RpcCall.run(Server.java:1035) [hadoop-common-3.3.1.jar:?]
	at org.apache.hadoop.ipc.Server$RpcCall.run(Server.java:963) [hadoop-common-3.3.1.jar:?]
	at java.security.AccessController.doPrivileged(Native Method) ~[?:1.8.0_332]
	at javax.security.auth.Subject.doAs(Subject.java:422) [?:1.8.0_332]
	at org.apache.hadoop.security.UserGroupInformation.doAs(UserGroupInformation.java:1878) [hadoop-common-3.3.1.jar:?]
	at org.apache.hadoop.ipc.Server$Handler.run(Server.java:2966) [hadoop-common-3.3.1.jar:?]
17:32:17.218 [IPC Server handler 3 on default port 44865] ERROR OMAudit - user=runner | ip=127.0.0.1 | op=GET_FILE_STATUS {volume=volume74595, bucket=bucket82766, key=testBatchDelete/parent/child4, dataSize=0, replicationConfig=null} | ret=FAILURE
org.apache.hadoop.ozone.om.exceptions.OMException: Unable to get file status: volume: volume74595 bucket: bucket82766 key: testBatchDelete/parent/child4
	at org.apache.hadoop.ozone.om.KeyManagerImpl.getOzoneFileStatusFSO(KeyManagerImpl.java:1376) ~[ozone-manager-1.3.0-SNAPSHOT.jar:?]
	at org.apache.hadoop.ozone.om.KeyManagerImpl.getFileStatus(KeyManagerImpl.java:1239) ~[ozone-manager-1.3.0-SNAPSHOT.jar:?]
	at org.apache.hadoop.ozone.om.OzoneManager.getFileStatus(OzoneManager.java:3467) ~[ozone-manager-1.3.0-SNAPSHOT.jar:?]
	at org.apache.hadoop.ozone.protocolPB.OzoneManagerRequestHandler.getOzoneFileStatus(OzoneManagerRequestHandler.java:878) ~[ozone-manager-1.3.0-SNAPSHOT.jar:?]
	at org.apache.hadoop.ozone.protocolPB.OzoneManagerRequestHandler.handleReadRequest(OzoneManagerRequestHandler.java:224) ~[ozone-manager-1.3.0-SNAPSHOT.jar:?]
	at org.apache.hadoop.ozone.protocolPB.OzoneManagerProtocolServerSideTranslatorPB.submitRequestDirectlyToOM(OzoneManagerProtocolServerSideTranslatorPB.java:276) ~[ozone-manager-1.3.0-SNAPSHOT.jar:?]
	at org.apache.hadoop.ozone.protocolPB.OzoneManagerProtocolServerSideTranslatorPB.processRequest(OzoneManagerProtocolServerSideTranslatorPB.java:205) ~[ozone-manager-1.3.0-SNAPSHOT.jar:?]
	at org.apache.hadoop.hdds.server.OzoneProtocolMessageDispatcher.processRequest(OzoneProtocolMessageDispatcher.java:87) [hdds-server-framework-1.3.0-SNAPSHOT.jar:?]
	at org.apache.hadoop.ozone.protocolPB.OzoneManagerProtocolServerSideTranslatorPB.submitRequest(OzoneManagerProtocolServerSideTranslatorPB.java:147) [ozone-manager-1.3.0-SNAPSHOT.jar:?]
	at org.apache.hadoop.ozone.protocol.proto.OzoneManagerProtocolProtos$OzoneManagerService$2.callBlockingMethod(OzoneManagerProtocolProtos.java) [ozone-interface-client-1.3.0-SNAPSHOT.jar:?]
	at org.apache.hadoop.ipc.ProtobufRpcEngine$Server.processCall(ProtobufRpcEngine.java:466) [hadoop-common-3.3.1.jar:?]
	at org.apache.hadoop.ipc.ProtobufRpcEngine2$Server$ProtoBufRpcInvoker.call(ProtobufRpcEngine2.java:574) [hadoop-common-3.3.1.jar:?]
	at org.apache.hadoop.ipc.ProtobufRpcEngine2$Server$ProtoBufRpcInvoker.call(ProtobufRpcEngine2.java:552) [hadoop-common-3.3.1.jar:?]
	at org.apache.hadoop.ipc.RPC$Server.call(RPC.java:1093) [hadoop-common-3.3.1.jar:?]
	at org.apache.hadoop.ipc.Server$RpcCall.run(Server.java:1035) [hadoop-common-3.3.1.jar:?]
	at org.apache.hadoop.ipc.Server$RpcCall.run(Server.java:963) [hadoop-common-3.3.1.jar:?]
	at java.security.AccessController.doPrivileged(Native Method) ~[?:1.8.0_332]
	at javax.security.auth.Subject.doAs(Subject.java:422) [?:1.8.0_332]
	at org.apache.hadoop.security.UserGroupInformation.doAs(UserGroupInformation.java:1878) [hadoop-common-3.3.1.jar:?]
	at org.apache.hadoop.ipc.Server$Handler.run(Server.java:2966) [hadoop-common-3.3.1.jar:?]
17:32:17.226 [IPC Server handler 4 on default port 44865] ERROR OMAudit - user=runner | ip=127.0.0.1 | op=GET_FILE_STATUS {volume=volume74595, bucket=bucket82766, key=testBatchDelete/parent/childFolder/child4, dataSize=0, replicationConfig=null} | ret=FAILURE
org.apache.hadoop.ozone.om.exceptions.OMException: Unable to get file status: volume: volume74595 bucket: bucket82766 key: testBatchDelete/parent/childFolder/child4
	at org.apache.hadoop.ozone.om.KeyManagerImpl.getOzoneFileStatusFSO(KeyManagerImpl.java:1376) ~[ozone-manager-1.3.0-SNAPSHOT.jar:?]
	at org.apache.hadoop.ozone.om.KeyManagerImpl.getFileStatus(KeyManagerImpl.java:1239) ~[ozone-manager-1.3.0-SNAPSHOT.jar:?]
	at org.apache.hadoop.ozone.om.OzoneManager.getFileStatus(OzoneManager.java:3467) ~[ozone-manager-1.3.0-SNAPSHOT.jar:?]
	at org.apache.hadoop.ozone.protocolPB.OzoneManagerRequestHandler.getOzoneFileStatus(OzoneManagerRequestHandler.java:878) ~[ozone-manager-1.3.0-SNAPSHOT.jar:?]
	at org.apache.hadoop.ozone.protocolPB.OzoneManagerRequestHandler.handleReadRequest(OzoneManagerRequestHandler.java:224) ~[ozone-manager-1.3.0-SNAPSHOT.jar:?]
	at org.apache.hadoop.ozone.protocolPB.OzoneManagerProtocolServerSideTranslatorPB.submitRequestDirectlyToOM(OzoneManagerProtocolServerSideTranslatorPB.java:276) ~[ozone-manager-1.3.0-SNAPSHOT.jar:?]
	at org.apache.hadoop.ozone.protocolPB.OzoneManagerProtocolServerSideTranslatorPB.processRequest(OzoneManagerProtocolServerSideTranslatorPB.java:205) ~[ozone-manager-1.3.0-SNAPSHOT.jar:?]
	at org.apache.hadoop.hdds.server.OzoneProtocolMessageDispatcher.processRequest(OzoneProtocolMessageDispatcher.java:87) [hdds-server-framework-1.3.0-SNAPSHOT.jar:?]
	at org.apache.hadoop.ozone.protocolPB.OzoneManagerProtocolServerSideTranslatorPB.submitRequest(OzoneManagerProtocolServerSideTranslatorPB.java:147) [ozone-manager-1.3.0-SNAPSHOT.jar:?]
	at org.apache.hadoop.ozone.protocol.proto.OzoneManagerProtocolProtos$OzoneManagerService$2.callBlockingMethod(OzoneManagerProtocolProtos.java) [ozone-interface-client-1.3.0-SNAPSHOT.jar:?]
	at org.apache.hadoop.ipc.ProtobufRpcEngine$Server.processCall(ProtobufRpcEngine.java:466) [hadoop-common-3.3.1.jar:?]
	at org.apache.hadoop.ipc.ProtobufRpcEngine2$Server$ProtoBufRpcInvoker.call(ProtobufRpcEngine2.java:574) [hadoop-common-3.3.1.jar:?]
	at org.apache.hadoop.ipc.ProtobufRpcEngine2$Server$ProtoBufRpcInvoker.call(ProtobufRpcEngine2.java:552) [hadoop-common-3.3.1.jar:?]
	at org.apache.hadoop.ipc.RPC$Server.call(RPC.java:1093) [hadoop-common-3.3.1.jar:?]
	at org.apache.hadoop.ipc.Server$RpcCall.run(Server.java:1035) [hadoop-common-3.3.1.jar:?]
	at org.apache.hadoop.ipc.Server$RpcCall.run(Server.java:963) [hadoop-common-3.3.1.jar:?]
	at java.security.AccessController.doPrivileged(Native Method) ~[?:1.8.0_332]
	at javax.security.auth.Subject.doAs(Subject.java:422) [?:1.8.0_332]
	at org.apache.hadoop.security.UserGroupInformation.doAs(UserGroupInformation.java:1878) [hadoop-common-3.3.1.jar:?]
	at org.apache.hadoop.ipc.Server$Handler.run(Server.java:2966) [hadoop-common-3.3.1.jar:?]
17:32:17.229 [IPC Server handler 6 on default port 44865] ERROR OMAudit - user=runner | ip=127.0.0.1 | op=GET_FILE_STATUS {volume=volume74595, bucket=bucket82766, key=testBatchDelete/parent/child5, dataSize=0, replicationConfig=null} | ret=FAILURE
org.apache.hadoop.ozone.om.exceptions.OMException: Unable to get file status: volume: volume74595 bucket: bucket82766 key: testBatchDelete/parent/child5
	at org.apache.hadoop.ozone.om.KeyManagerImpl.getOzoneFileStatusFSO(KeyManagerImpl.java:1376) ~[ozone-manager-1.3.0-SNAPSHOT.jar:?]
	at org.apache.hadoop.ozone.om.KeyManagerImpl.getFileStatus(KeyManagerImpl.java:1239) ~[ozone-manager-1.3.0-SNAPSHOT.jar:?]
	at org.apache.hadoop.ozone.om.OzoneManager.getFileStatus(OzoneManager.java:3467) ~[ozone-manager-1.3.0-SNAPSHOT.jar:?]
	at org.apache.hadoop.ozone.protocolPB.OzoneManagerRequestHandler.getOzoneFileStatus(OzoneManagerRequestHandler.java:878) ~[ozone-manager-1.3.0-SNAPSHOT.jar:?]
	at org.apache.hadoop.ozone.protocolPB.OzoneManagerRequestHandler.handleReadRequest(OzoneManagerRequestHandler.java:224) ~[ozone-manager-1.3.0-SNAPSHOT.jar:?]
	at org.apache.hadoop.ozone.protocolPB.OzoneManagerProtocolServerSideTranslatorPB.submitRequestDirectlyToOM(OzoneManagerProtocolServerSideTranslatorPB.java:276) ~[ozone-manager-1.3.0-SNAPSHOT.jar:?]
	at org.apache.hadoop.ozone.protocolPB.OzoneManagerProtocolServerSideTranslatorPB.processRequest(OzoneManagerProtocolServerSideTranslatorPB.java:205) ~[ozone-manager-1.3.0-SNAPSHOT.jar:?]
	at org.apache.hadoop.hdds.server.OzoneProtocolMessageDispatcher.processRequest(OzoneProtocolMessageDispatcher.java:87) [hdds-server-framework-1.3.0-SNAPSHOT.jar:?]
	at org.apache.hadoop.ozone.protocolPB.OzoneManagerProtocolServerSideTranslatorPB.submitRequest(OzoneManagerProtocolServerSideTranslatorPB.java:147) [ozone-manager-1.3.0-SNAPSHOT.jar:?]
	at org.apache.hadoop.ozone.protocol.proto.OzoneManagerProtocolProtos$OzoneManagerService$2.callBlockingMethod(OzoneManagerProtocolProtos.java) [ozone-interface-client-1.3.0-SNAPSHOT.jar:?]
	at org.apache.hadoop.ipc.ProtobufRpcEngine$Server.processCall(ProtobufRpcEngine.java:466) [hadoop-common-3.3.1.jar:?]
	at org.apache.hadoop.ipc.ProtobufRpcEngine2$Server$ProtoBufRpcInvoker.call(ProtobufRpcEngine2.java:574) [hadoop-common-3.3.1.jar:?]
	at org.apache.hadoop.ipc.ProtobufRpcEngine2$Server$ProtoBufRpcInvoker.call(ProtobufRpcEngine2.java:552) [hadoop-common-3.3.1.jar:?]
	at org.apache.hadoop.ipc.RPC$Server.call(RPC.java:1093) [hadoop-common-3.3.1.jar:?]
	at org.apache.hadoop.ipc.Server$RpcCall.run(Server.java:1035) [hadoop-common-3.3.1.jar:?]
	at org.apache.hadoop.ipc.Server$RpcCall.run(Server.java:963) [hadoop-common-3.3.1.jar:?]
	at java.security.AccessController.doPrivileged(Native Method) ~[?:1.8.0_332]
	at javax.security.auth.Subject.doAs(Subject.java:422) [?:1.8.0_332]
	at org.apache.hadoop.security.UserGroupInformation.doAs(UserGroupInformation.java:1878) [hadoop-common-3.3.1.jar:?]
	at org.apache.hadoop.ipc.Server$Handler.run(Server.java:2966) [hadoop-common-3.3.1.jar:?]
17:32:17.230 [IPC Server handler 16 on default port 44865] ERROR OMAudit - user=runner | ip=127.0.0.1 | op=GET_FILE_STATUS {volume=volume74595, bucket=bucket82766, key=testBatchDelete/parent/childFolder/child5, dataSize=0, replicationConfig=null} | ret=FAILURE
org.apache.hadoop.ozone.om.exceptions.OMException: Unable to get file status: volume: volume74595 bucket: bucket82766 key: testBatchDelete/parent/childFolder/child5
	at org.apache.hadoop.ozone.om.KeyManagerImpl.getOzoneFileStatusFSO(KeyManagerImpl.java:1376) ~[ozone-manager-1.3.0-SNAPSHOT.jar:?]
	at org.apache.hadoop.ozone.om.KeyManagerImpl.getFileStatus(KeyManagerImpl.java:1239) ~[ozone-manager-1.3.0-SNAPSHOT.jar:?]
	at org.apache.hadoop.ozone.om.OzoneManager.getFileStatus(OzoneManager.java:3467) ~[ozone-manager-1.3.0-SNAPSHOT.jar:?]
	at org.apache.hadoop.ozone.protocolPB.OzoneManagerRequestHandler.getOzoneFileStatus(OzoneManagerRequestHandler.java:878) ~[ozone-manager-1.3.0-SNAPSHOT.jar:?]
	at org.apache.hadoop.ozone.protocolPB.OzoneManagerRequestHandler.handleReadRequest(OzoneManagerRequestHandler.java:224) ~[ozone-manager-1.3.0-SNAPSHOT.jar:?]
	at org.apache.hadoop.ozone.protocolPB.OzoneManagerProtocolServerSideTranslatorPB.submitRequestDirectlyToOM(OzoneManagerProtocolServerSideTranslatorPB.java:276) ~[ozone-manager-1.3.0-SNAPSHOT.jar:?]
	at org.apache.hadoop.ozone.protocolPB.OzoneManagerProtocolServerSideTranslatorPB.processRequest(OzoneManagerProtocolServerSideTranslatorPB.java:205) ~[ozone-manager-1.3.0-SNAPSHOT.jar:?]
	at org.apache.hadoop.hdds.server.OzoneProtocolMessageDispatcher.processRequest(OzoneProtocolMessageDispatcher.java:87) [hdds-server-framework-1.3.0-SNAPSHOT.jar:?]
	at org.apache.hadoop.ozone.protocolPB.OzoneManagerProtocolServerSideTranslatorPB.submitRequest(OzoneManagerProtocolServerSideTranslatorPB.java:147) [ozone-manager-1.3.0-SNAPSHOT.jar:?]
	at org.apache.hadoop.ozone.protocol.proto.OzoneManagerProtocolProtos$OzoneManagerService$2.callBlockingMethod(OzoneManagerProtocolProtos.java) [ozone-interface-client-1.3.0-SNAPSHOT.jar:?]
	at org.apache.hadoop.ipc.ProtobufRpcEngine$Server.processCall(ProtobufRpcEngine.java:466) [hadoop-common-3.3.1.jar:?]
	at org.apache.hadoop.ipc.ProtobufRpcEngine2$Server$ProtoBufRpcInvoker.call(ProtobufRpcEngine2.java:574) [hadoop-common-3.3.1.jar:?]
	at org.apache.hadoop.ipc.ProtobufRpcEngine2$Server$ProtoBufRpcInvoker.call(ProtobufRpcEngine2.java:552) [hadoop-common-3.3.1.jar:?]
	at org.apache.hadoop.ipc.RPC$Server.call(RPC.java:1093) [hadoop-common-3.3.1.jar:?]
	at org.apache.hadoop.ipc.Server$RpcCall.run(Server.java:1035) [hadoop-common-3.3.1.jar:?]
	at org.apache.hadoop.ipc.Server$RpcCall.run(Server.java:963) [hadoop-common-3.3.1.jar:?]
	at java.security.AccessController.doPrivileged(Native Method) ~[?:1.8.0_332]
	at javax.security.auth.Subject.doAs(Subject.java:422) [?:1.8.0_332]
	at org.apache.hadoop.security.UserGroupInformation.doAs(UserGroupInformation.java:1878) [hadoop-common-3.3.1.jar:?]
	at org.apache.hadoop.ipc.Server$Handler.run(Server.java:2966) [hadoop-common-3.3.1.jar:?]
17:32:17.231 [IPC Server handler 10 on default port 44865] ERROR OMAudit - user=runner | ip=127.0.0.1 | op=GET_FILE_STATUS {volume=volume74595, bucket=bucket82766, key=testBatchDelete/parent/child6, dataSize=0, replicationConfig=null} | ret=FAILURE
org.apache.hadoop.ozone.om.exceptions.OMException: Unable to get file status: volume: volume74595 bucket: bucket82766 key: testBatchDelete/parent/child6
	at org.apache.hadoop.ozone.om.KeyManagerImpl.getOzoneFileStatusFSO(KeyManagerImpl.java:1376) ~[ozone-manager-1.3.0-SNAPSHOT.jar:?]
	at org.apache.hadoop.ozone.om.KeyManagerImpl.getFileStatus(KeyManagerImpl.java:1239) ~[ozone-manager-1.3.0-SNAPSHOT.jar:?]
	at org.apache.hadoop.ozone.om.OzoneManager.getFileStatus(OzoneManager.java:3467) ~[ozone-manager-1.3.0-SNAPSHOT.jar:?]
	at org.apache.hadoop.ozone.protocolPB.OzoneManagerRequestHandler.getOzoneFileStatus(OzoneManagerRequestHandler.java:878) ~[ozone-manager-1.3.0-SNAPSHOT.jar:?]
	at org.apache.hadoop.ozone.protocolPB.OzoneManagerRequestHandler.handleReadRequest(OzoneManagerRequestHandler.java:224) ~[ozone-manager-1.3.0-SNAPSHOT.jar:?]
	at org.apache.hadoop.ozone.protocolPB.OzoneManagerProtocolServerSideTranslatorPB.submitRequestDirectlyToOM(OzoneManagerProtocolServerSideTranslatorPB.java:276) ~[ozone-manager-1.3.0-SNAPSHOT.jar:?]
	at org.apache.hadoop.ozone.protocolPB.OzoneManagerProtocolServerSideTranslatorPB.processRequest(OzoneManagerProtocolServerSideTranslatorPB.java:205) ~[ozone-manager-1.3.0-SNAPSHOT.jar:?]
	at org.apache.hadoop.hdds.server.OzoneProtocolMessageDispatcher.processRequest(OzoneProtocolMessageDispatcher.java:87) [hdds-server-framework-1.3.0-SNAPSHOT.jar:?]
	at org.apache.hadoop.ozone.protocolPB.OzoneManagerProtocolServerSideTranslatorPB.submitRequest(OzoneManagerProtocolServerSideTranslatorPB.java:147) [ozone-manager-1.3.0-SNAPSHOT.jar:?]
	at org.apache.hadoop.ozone.protocol.proto.OzoneManagerProtocolProtos$OzoneManagerService$2.callBlockingMethod(OzoneManagerProtocolProtos.java) [ozone-interface-client-1.3.0-SNAPSHOT.jar:?]
	at org.apache.hadoop.ipc.ProtobufRpcEngine$Server.processCall(ProtobufRpcEngine.java:466) [hadoop-common-3.3.1.jar:?]
	at org.apache.hadoop.ipc.ProtobufRpcEngine2$Server$ProtoBufRpcInvoker.call(ProtobufRpcEngine2.java:574) [hadoop-common-3.3.1.jar:?]
	at org.apache.hadoop.ipc.ProtobufRpcEngine2$Server$ProtoBufRpcInvoker.call(ProtobufRpcEngine2.java:552) [hadoop-common-3.3.1.jar:?]
	at org.apache.hadoop.ipc.RPC$Server.call(RPC.java:1093) [hadoop-common-3.3.1.jar:?]
	at org.apache.hadoop.ipc.Server$RpcCall.run(Server.java:1035) [hadoop-common-3.3.1.jar:?]
	at org.apache.hadoop.ipc.Server$RpcCall.run(Server.java:963) [hadoop-common-3.3.1.jar:?]
	at java.security.AccessController.doPrivileged(Native Method) ~[?:1.8.0_332]
	at javax.security.auth.Subject.doAs(Subject.java:422) [?:1.8.0_332]
	at org.apache.hadoop.security.UserGroupInformation.doAs(UserGroupInformation.java:1878) [hadoop-common-3.3.1.jar:?]
	at org.apache.hadoop.ipc.Server$Handler.run(Server.java:2966) [hadoop-common-3.3.1.jar:?]
17:32:17.232 [IPC Server handler 12 on default port 44865] ERROR OMAudit - user=runner | ip=127.0.0.1 | op=GET_FILE_STATUS {volume=volume74595, bucket=bucket82766, key=testBatchDelete/parent/childFolder/child6, dataSize=0, replicationConfig=null} | ret=FAILURE
org.apache.hadoop.ozone.om.exceptions.OMException: Unable to get file status: volume: volume74595 bucket: bucket82766 key: testBatchDelete/parent/childFolder/child6
	at org.apache.hadoop.ozone.om.KeyManagerImpl.getOzoneFileStatusFSO(KeyManagerImpl.java:1376) ~[ozone-manager-1.3.0-SNAPSHOT.jar:?]
	at org.apache.hadoop.ozone.om.KeyManagerImpl.getFileStatus(KeyManagerImpl.java:1239) ~[ozone-manager-1.3.0-SNAPSHOT.jar:?]
	at org.apache.hadoop.ozone.om.OzoneManager.getFileStatus(OzoneManager.java:3467) ~[ozone-manager-1.3.0-SNAPSHOT.jar:?]
	at org.apache.hadoop.ozone.protocolPB.OzoneManagerRequestHandler.getOzoneFileStatus(OzoneManagerRequestHandler.java:878) ~[ozone-manager-1.3.0-SNAPSHOT.jar:?]
	at org.apache.hadoop.ozone.protocolPB.OzoneManagerRequestHandler.handleReadRequest(OzoneManagerRequestHandler.java:224) ~[ozone-manager-1.3.0-SNAPSHOT.jar:?]
	at org.apache.hadoop.ozone.protocolPB.OzoneManagerProtocolServerSideTranslatorPB.submitRequestDirectlyToOM(OzoneManagerProtocolServerSideTranslatorPB.java:276) ~[ozone-manager-1.3.0-SNAPSHOT.jar:?]
	at org.apache.hadoop.ozone.protocolPB.OzoneManagerProtocolServerSideTranslatorPB.processRequest(OzoneManagerProtocolServerSideTranslatorPB.java:205) ~[ozone-manager-1.3.0-SNAPSHOT.jar:?]
	at org.apache.hadoop.hdds.server.OzoneProtocolMessageDispatcher.processRequest(OzoneProtocolMessageDispatcher.java:87) [hdds-server-framework-1.3.0-SNAPSHOT.jar:?]
	at org.apache.hadoop.ozone.protocolPB.OzoneManagerProtocolServerSideTranslatorPB.submitRequest(OzoneManagerProtocolServerSideTranslatorPB.java:147) [ozone-manager-1.3.0-SNAPSHOT.jar:?]
	at org.apache.hadoop.ozone.protocol.proto.OzoneManagerProtocolProtos$OzoneManagerService$2.callBlockingMethod(OzoneManagerProtocolProtos.java) [ozone-interface-client-1.3.0-SNAPSHOT.jar:?]
	at org.apache.hadoop.ipc.ProtobufRpcEngine$Server.processCall(ProtobufRpcEngine.java:466) [hadoop-common-3.3.1.jar:?]
	at org.apache.hadoop.ipc.ProtobufRpcEngine2$Server$ProtoBufRpcInvoker.call(ProtobufRpcEngine2.java:574) [hadoop-common-3.3.1.jar:?]
	at org.apache.hadoop.ipc.ProtobufRpcEngine2$Server$ProtoBufRpcInvoker.call(ProtobufRpcEngine2.java:552) [hadoop-common-3.3.1.jar:?]
	at org.apache.hadoop.ipc.RPC$Server.call(RPC.java:1093) [hadoop-common-3.3.1.jar:?]
	at org.apache.hadoop.ipc.Server$RpcCall.run(Server.java:1035) [hadoop-common-3.3.1.jar:?]
	at org.apache.hadoop.ipc.Server$RpcCall.run(Server.java:963) [hadoop-common-3.3.1.jar:?]
	at java.security.AccessController.doPrivileged(Native Method) ~[?:1.8.0_332]
	at javax.security.auth.Subject.doAs(Subject.java:422) [?:1.8.0_332]
	at org.apache.hadoop.security.UserGroupInformation.doAs(UserGroupInformation.java:1878) [hadoop-common-3.3.1.jar:?]
	at org.apache.hadoop.ipc.Server$Handler.run(Server.java:2966) [hadoop-common-3.3.1.jar:?]
17:32:17.245 [IPC Server handler 15 on default port 44865] ERROR OMAudit - user=runner | ip=127.0.0.1 | op=GET_FILE_STATUS {volume=volume74595, bucket=bucket82766, key=testBatchDelete/parent/child7, dataSize=0, replicationConfig=null} | ret=FAILURE
org.apache.hadoop.ozone.om.exceptions.OMException: Unable to get file status: volume: volume74595 bucket: bucket82766 key: testBatchDelete/parent/child7
	at org.apache.hadoop.ozone.om.KeyManagerImpl.getOzoneFileStatusFSO(KeyManagerImpl.java:1376) ~[ozone-manager-1.3.0-SNAPSHOT.jar:?]
	at org.apache.hadoop.ozone.om.KeyManagerImpl.getFileStatus(KeyManagerImpl.java:1239) ~[ozone-manager-1.3.0-SNAPSHOT.jar:?]
	at org.apache.hadoop.ozone.om.OzoneManager.getFileStatus(OzoneManager.java:3467) ~[ozone-manager-1.3.0-SNAPSHOT.jar:?]
	at org.apache.hadoop.ozone.protocolPB.OzoneManagerRequestHandler.getOzoneFileStatus(OzoneManagerRequestHandler.java:878) ~[ozone-manager-1.3.0-SNAPSHOT.jar:?]
	at org.apache.hadoop.ozone.protocolPB.OzoneManagerRequestHandler.handleReadRequest(OzoneManagerRequestHandler.java:224) ~[ozone-manager-1.3.0-SNAPSHOT.jar:?]
	at org.apache.hadoop.ozone.protocolPB.OzoneManagerProtocolServerSideTranslatorPB.submitRequestDirectlyToOM(OzoneManagerProtocolServerSideTranslatorPB.java:276) ~[ozone-manager-1.3.0-SNAPSHOT.jar:?]
	at org.apache.hadoop.ozone.protocolPB.OzoneManagerProtocolServerSideTranslatorPB.processRequest(OzoneManagerProtocolServerSideTranslatorPB.java:205) ~[ozone-manager-1.3.0-SNAPSHOT.jar:?]
	at org.apache.hadoop.hdds.server.OzoneProtocolMessageDispatcher.processRequest(OzoneProtocolMessageDispatcher.java:87) [hdds-server-framework-1.3.0-SNAPSHOT.jar:?]
	at org.apache.hadoop.ozone.protocolPB.OzoneManagerProtocolServerSideTranslatorPB.submitRequest(OzoneManagerProtocolServerSideTranslatorPB.java:147) [ozone-manager-1.3.0-SNAPSHOT.jar:?]
	at org.apache.hadoop.ozone.protocol.proto.OzoneManagerProtocolProtos$OzoneManagerService$2.callBlockingMethod(OzoneManagerProtocolProtos.java) [ozone-interface-client-1.3.0-SNAPSHOT.jar:?]
	at org.apache.hadoop.ipc.ProtobufRpcEngine$Server.processCall(ProtobufRpcEngine.java:466) [hadoop-common-3.3.1.jar:?]
	at org.apache.hadoop.ipc.ProtobufRpcEngine2$Server$ProtoBufRpcInvoker.call(ProtobufRpcEngine2.java:574) [hadoop-common-3.3.1.jar:?]
	at org.apache.hadoop.ipc.ProtobufRpcEngine2$Server$ProtoBufRpcInvoker.call(ProtobufRpcEngine2.java:552) [hadoop-common-3.3.1.jar:?]
	at org.apache.hadoop.ipc.RPC$Server.call(RPC.java:1093) [hadoop-common-3.3.1.jar:?]
	at org.apache.hadoop.ipc.Server$RpcCall.run(Server.java:1035) [hadoop-common-3.3.1.jar:?]
	at org.apache.hadoop.ipc.Server$RpcCall.run(Server.java:963) [hadoop-common-3.3.1.jar:?]
	at java.security.AccessController.doPrivileged(Native Method) ~[?:1.8.0_332]
	at javax.security.auth.Subject.doAs(Subject.java:422) [?:1.8.0_332]
	at org.apache.hadoop.security.UserGroupInformation.doAs(UserGroupInformation.java:1878) [hadoop-common-3.3.1.jar:?]
	at org.apache.hadoop.ipc.Server$Handler.run(Server.java:2966) [hadoop-common-3.3.1.jar:?]
17:32:17.248 [IPC Server handler 19 on default port 44865] ERROR OMAudit - user=runner | ip=127.0.0.1 | op=GET_FILE_STATUS {volume=volume74595, bucket=bucket82766, key=testBatchDelete/parent/childFolder/child7, dataSize=0, replicationConfig=null} | ret=FAILURE
org.apache.hadoop.ozone.om.exceptions.OMException: Unable to get file status: volume: volume74595 bucket: bucket82766 key: testBatchDelete/parent/childFolder/child7
	at org.apache.hadoop.ozone.om.KeyManagerImpl.getOzoneFileStatusFSO(KeyManagerImpl.java:1376) ~[ozone-manager-1.3.0-SNAPSHOT.jar:?]
	at org.apache.hadoop.ozone.om.KeyManagerImpl.getFileStatus(KeyManagerImpl.java:1239) ~[ozone-manager-1.3.0-SNAPSHOT.jar:?]
	at org.apache.hadoop.ozone.om.OzoneManager.getFileStatus(OzoneManager.java:3467) ~[ozone-manager-1.3.0-SNAPSHOT.jar:?]
	at org.apache.hadoop.ozone.protocolPB.OzoneManagerRequestHandler.getOzoneFileStatus(OzoneManagerRequestHandler.java:878) ~[ozone-manager-1.3.0-SNAPSHOT.jar:?]
	at org.apache.hadoop.ozone.protocolPB.OzoneManagerRequestHandler.handleReadRequest(OzoneManagerRequestHandler.java:224) ~[ozone-manager-1.3.0-SNAPSHOT.jar:?]
	at org.apache.hadoop.ozone.protocolPB.OzoneManagerProtocolServerSideTranslatorPB.submitRequestDirectlyToOM(OzoneManagerProtocolServerSideTranslatorPB.java:276) ~[ozone-manager-1.3.0-SNAPSHOT.jar:?]
	at org.apache.hadoop.ozone.protocolPB.OzoneManagerProtocolServerSideTranslatorPB.processRequest(OzoneManagerProtocolServerSideTranslatorPB.java:205) ~[ozone-manager-1.3.0-SNAPSHOT.jar:?]
	at org.apache.hadoop.hdds.server.OzoneProtocolMessageDispatcher.processRequest(OzoneProtocolMessageDispatcher.java:87) [hdds-server-framework-1.3.0-SNAPSHOT.jar:?]
	at org.apache.hadoop.ozone.protocolPB.OzoneManagerProtocolServerSideTranslatorPB.submitRequest(OzoneManagerProtocolServerSideTranslatorPB.java:147) [ozone-manager-1.3.0-SNAPSHOT.jar:?]
	at org.apache.hadoop.ozone.protocol.proto.OzoneManagerProtocolProtos$OzoneManagerService$2.callBlockingMethod(OzoneManagerProtocolProtos.java) [ozone-interface-client-1.3.0-SNAPSHOT.jar:?]
	at org.apache.hadoop.ipc.ProtobufRpcEngine$Server.processCall(ProtobufRpcEngine.java:466) [hadoop-common-3.3.1.jar:?]
	at org.apache.hadoop.ipc.ProtobufRpcEngine2$Server$ProtoBufRpcInvoker.call(ProtobufRpcEngine2.java:574) [hadoop-common-3.3.1.jar:?]
	at org.apache.hadoop.ipc.ProtobufRpcEngine2$Server$ProtoBufRpcInvoker.call(ProtobufRpcEngine2.java:552) [hadoop-common-3.3.1.jar:?]
	at org.apache.hadoop.ipc.RPC$Server.call(RPC.java:1093) [hadoop-common-3.3.1.jar:?]
	at org.apache.hadoop.ipc.Server$RpcCall.run(Server.java:1035) [hadoop-common-3.3.1.jar:?]
	at org.apache.hadoop.ipc.Server$RpcCall.run(Server.java:963) [hadoop-common-3.3.1.jar:?]
	at java.security.AccessController.doPrivileged(Native Method) ~[?:1.8.0_332]
	at javax.security.auth.Subject.doAs(Subject.java:422) [?:1.8.0_332]
	at org.apache.hadoop.security.UserGroupInformation.doAs(UserGroupInformation.java:1878) [hadoop-common-3.3.1.jar:?]
	at org.apache.hadoop.ipc.Server$Handler.run(Server.java:2966) [hadoop-common-3.3.1.jar:?]
17:32:17.248 [IPC Server handler 17 on default port 44865] ERROR OMAudit - user=runner | ip=127.0.0.1 | op=GET_FILE_STATUS {volume=volume74595, bucket=bucket82766, key=testBatchDelete/parent, dataSize=0, replicationConfig=null} | ret=FAILURE
org.apache.hadoop.ozone.om.exceptions.OMException: Unable to get file status: volume: volume74595 bucket: bucket82766 key: testBatchDelete/parent
	at org.apache.hadoop.ozone.om.KeyManagerImpl.getOzoneFileStatusFSO(KeyManagerImpl.java:1376) ~[ozone-manager-1.3.0-SNAPSHOT.jar:?]
	at org.apache.hadoop.ozone.om.KeyManagerImpl.getFileStatus(KeyManagerImpl.java:1239) ~[ozone-manager-1.3.0-SNAPSHOT.jar:?]
	at org.apache.hadoop.ozone.om.OzoneManager.getFileStatus(OzoneManager.java:3467) ~[ozone-manager-1.3.0-SNAPSHOT.jar:?]
	at org.apache.hadoop.ozone.protocolPB.OzoneManagerRequestHandler.getOzoneFileStatus(OzoneManagerRequestHandler.java:878) ~[ozone-manager-1.3.0-SNAPSHOT.jar:?]
	at org.apache.hadoop.ozone.protocolPB.OzoneManagerRequestHandler.handleReadRequest(OzoneManagerRequestHandler.java:224) ~[ozone-manager-1.3.0-SNAPSHOT.jar:?]
	at org.apache.hadoop.ozone.protocolPB.OzoneManagerProtocolServerSideTranslatorPB.submitRequestDirectlyToOM(OzoneManagerProtocolServerSideTranslatorPB.java:276) ~[ozone-manager-1.3.0-SNAPSHOT.jar:?]
	at org.apache.hadoop.ozone.protocolPB.OzoneManagerProtocolServerSideTranslatorPB.processRequest(OzoneManagerProtocolServerSideTranslatorPB.java:205) ~[ozone-manager-1.3.0-SNAPSHOT.jar:?]
	at org.apache.hadoop.hdds.server.OzoneProtocolMessageDispatcher.processRequest(OzoneProtocolMessageDispatcher.java:87) [hdds-server-framework-1.3.0-SNAPSHOT.jar:?]
	at org.apache.hadoop.ozone.protocolPB.OzoneManagerProtocolServerSideTranslatorPB.submitRequest(OzoneManagerProtocolServerSideTranslatorPB.java:147) [ozone-manager-1.3.0-SNAPSHOT.jar:?]
	at org.apache.hadoop.ozone.protocol.proto.OzoneManagerProtocolProtos$OzoneManagerService$2.callBlockingMethod(OzoneManagerProtocolProtos.java) [ozone-interface-client-1.3.0-SNAPSHOT.jar:?]
	at org.apache.hadoop.ipc.ProtobufRpcEngine$Server.processCall(ProtobufRpcEngine.java:466) [hadoop-common-3.3.1.jar:?]
	at org.apache.hadoop.ipc.ProtobufRpcEngine2$Server$ProtoBufRpcInvoker.call(ProtobufRpcEngine2.java:574) [hadoop-common-3.3.1.jar:?]
	at org.apache.hadoop.ipc.ProtobufRpcEngine2$Server$ProtoBufRpcInvoker.call(ProtobufRpcEngine2.java:552) [hadoop-common-3.3.1.jar:?]
	at org.apache.hadoop.ipc.RPC$Server.call(RPC.java:1093) [hadoop-common-3.3.1.jar:?]
	at org.apache.hadoop.ipc.Server$RpcCall.run(Server.java:1035) [hadoop-common-3.3.1.jar:?]
	at org.apache.hadoop.ipc.Server$RpcCall.run(Server.java:963) [hadoop-common-3.3.1.jar:?]
	at java.security.AccessController.doPrivileged(Native Method) ~[?:1.8.0_332]
	at javax.security.auth.Subject.doAs(Subject.java:422) [?:1.8.0_332]
	at org.apache.hadoop.security.UserGroupInformation.doAs(UserGroupInformation.java:1878) [hadoop-common-3.3.1.jar:?]
	at org.apache.hadoop.ipc.Server$Handler.run(Server.java:2966) [hadoop-common-3.3.1.jar:?]
2022-08-08 17:32:17,249 [Time-limited test] WARN  ozone.BasicRootedOzoneFileSystem (BasicRootedOzoneFileSystem.java:delete(572)) - delete: Path does not exist: /volume74595/bucket82766/testBatchDelete/parent
]]></system-out>
  </testcase>
  <testcase name="testRenameToTrashEnabled" classname="TestRootedOzoneFileSystemWithFSO" time="0.395">
    <failure type="java.lang.AssertionError"><![CDATA[java.lang.AssertionError
	at org.junit.Assert.fail(Assert.java:87)
	at org.junit.Assert.assertTrue(Assert.java:42)
	at org.junit.Assert.assertTrue(Assert.java:53)
	at org.apache.hadoop.fs.ozone.TestRootedOzoneFileSystem.testRenameToTrashEnabled(TestRootedOzoneFileSystem.java:1331)
	at sun.reflect.NativeMethodAccessorImpl.invoke0(Native Method)
	at sun.reflect.NativeMethodAccessorImpl.invoke(NativeMethodAccessorImpl.java:62)
	at sun.reflect.DelegatingMethodAccessorImpl.invoke(DelegatingMethodAccessorImpl.java:43)
	at java.lang.reflect.Method.invoke(Method.java:498)
	at org.junit.runners.model.FrameworkMethod$1.runReflectiveCall(FrameworkMethod.java:59)
	at org.junit.internal.runners.model.ReflectiveCallable.run(ReflectiveCallable.java:12)
	at org.junit.runners.model.FrameworkMethod.invokeExplosively(FrameworkMethod.java:56)
	at org.junit.internal.runners.statements.InvokeMethod.evaluate(InvokeMethod.java:17)
	at org.junit.internal.runners.statements.RunBefores.evaluate(RunBefores.java:26)
	at org.junit.internal.runners.statements.RunAfters.evaluate(RunAfters.java:27)
	at org.junit.internal.runners.statements.FailOnTimeout$CallableStatement.call(FailOnTimeout.java:288)
	at org.junit.internal.runners.statements.FailOnTimeout$CallableStatement.call(FailOnTimeout.java:282)
	at java.util.concurrent.FutureTask.run(FutureTask.java:266)
	at java.lang.Thread.run(Thread.java:750)
]]></failure>
    <system-out><![CDATA[2022-08-08 17:31:08,930 [Time-limited test] INFO  rpc.RpcClient (RpcClient.java:createVolume(468)) - Creating Volume: volume34295, with user06970 as owner and space quota set to -1 bytes, counts quota set to -1
2022-08-08 17:31:08,932 [OM StateMachine ApplyTransaction Thread - 0] INFO  volume.OMVolumeCreateRequest (OMVolumeCreateRequest.java:validateAndUpdateCache(195)) - created volume:volume34295 for user:user06970
2022-08-08 17:31:08,933 [Time-limited test] INFO  rpc.RpcClient (RpcClient.java:createBucket(671)) - Creating Bucket: volume34295/bucket33953, with bucket layout FILE_SYSTEM_OPTIMIZED, runner as owner, Versioning false, Storage Type set to DISK and Encryption set to false 
2022-08-08 17:31:08,935 [OM StateMachine ApplyTransaction Thread - 0] INFO  bucket.OMBucketCreateRequest (OMBucketCreateRequest.java:validateAndUpdateCache(260)) - created bucket: bucket33953 of layout FILE_SYSTEM_OPTIMIZED in volume: volume34295
17:31:08.999 [IPC Server handler 13 on default port 37325] ERROR OMAudit - user=runner | ip=127.0.0.1 | op=GET_FILE_STATUS {volume=volume34295, bucket=bucket33953, key=.Trash/runner/Current/volume34295/bucket33953/testKey2, dataSize=0, replicationConfig=null} | ret=FAILURE
org.apache.hadoop.ozone.om.exceptions.OMException: Unable to get file status: volume: volume34295 bucket: bucket33953 key: .Trash/runner/Current/volume34295/bucket33953/testKey2
	at org.apache.hadoop.ozone.om.KeyManagerImpl.getOzoneFileStatusFSO(KeyManagerImpl.java:1376) ~[ozone-manager-1.3.0-SNAPSHOT.jar:?]
	at org.apache.hadoop.ozone.om.KeyManagerImpl.getFileStatus(KeyManagerImpl.java:1239) ~[ozone-manager-1.3.0-SNAPSHOT.jar:?]
	at org.apache.hadoop.ozone.om.OzoneManager.getFileStatus(OzoneManager.java:3467) ~[ozone-manager-1.3.0-SNAPSHOT.jar:?]
	at org.apache.hadoop.ozone.protocolPB.OzoneManagerRequestHandler.getOzoneFileStatus(OzoneManagerRequestHandler.java:878) ~[ozone-manager-1.3.0-SNAPSHOT.jar:?]
	at org.apache.hadoop.ozone.protocolPB.OzoneManagerRequestHandler.handleReadRequest(OzoneManagerRequestHandler.java:224) ~[ozone-manager-1.3.0-SNAPSHOT.jar:?]
	at org.apache.hadoop.ozone.protocolPB.OzoneManagerProtocolServerSideTranslatorPB.submitReadRequestToOM(OzoneManagerProtocolServerSideTranslatorPB.java:226) ~[ozone-manager-1.3.0-SNAPSHOT.jar:?]
	at org.apache.hadoop.ozone.protocolPB.OzoneManagerProtocolServerSideTranslatorPB.processRequest(OzoneManagerProtocolServerSideTranslatorPB.java:175) ~[ozone-manager-1.3.0-SNAPSHOT.jar:?]
	at org.apache.hadoop.hdds.server.OzoneProtocolMessageDispatcher.processRequest(OzoneProtocolMessageDispatcher.java:87) [hdds-server-framework-1.3.0-SNAPSHOT.jar:?]
	at org.apache.hadoop.ozone.protocolPB.OzoneManagerProtocolServerSideTranslatorPB.submitRequest(OzoneManagerProtocolServerSideTranslatorPB.java:147) [ozone-manager-1.3.0-SNAPSHOT.jar:?]
	at org.apache.hadoop.ozone.protocol.proto.OzoneManagerProtocolProtos$OzoneManagerService$2.callBlockingMethod(OzoneManagerProtocolProtos.java) [ozone-interface-client-1.3.0-SNAPSHOT.jar:?]
	at org.apache.hadoop.ipc.ProtobufRpcEngine$Server.processCall(ProtobufRpcEngine.java:466) [hadoop-common-3.3.1.jar:?]
	at org.apache.hadoop.ipc.ProtobufRpcEngine2$Server$ProtoBufRpcInvoker.call(ProtobufRpcEngine2.java:574) [hadoop-common-3.3.1.jar:?]
	at org.apache.hadoop.ipc.ProtobufRpcEngine2$Server$ProtoBufRpcInvoker.call(ProtobufRpcEngine2.java:552) [hadoop-common-3.3.1.jar:?]
	at org.apache.hadoop.ipc.RPC$Server.call(RPC.java:1093) [hadoop-common-3.3.1.jar:?]
	at org.apache.hadoop.ipc.Server$RpcCall.run(Server.java:1035) [hadoop-common-3.3.1.jar:?]
	at org.apache.hadoop.ipc.Server$RpcCall.run(Server.java:963) [hadoop-common-3.3.1.jar:?]
	at java.security.AccessController.doPrivileged(Native Method) ~[?:1.8.0_332]
	at javax.security.auth.Subject.doAs(Subject.java:422) [?:1.8.0_332]
	at org.apache.hadoop.security.UserGroupInformation.doAs(UserGroupInformation.java:1878) [hadoop-common-3.3.1.jar:?]
	at org.apache.hadoop.ipc.Server$Handler.run(Server.java:2966) [hadoop-common-3.3.1.jar:?]
2022-08-08 17:31:09,258 [org.apache.ratis.util.JvmPauseMonitor$$Lambda$616/2073768691@5eb3d1d2] WARN  util.JvmPauseMonitor (JvmPauseMonitor.java:detectPause(124)) - JvmPauseMonitor-d819746f-ac91-42dc-803b-6bdb8cd6e8e0: Detected pause in JVM or host machine (eg GC): pause of approximately 222544240ns.
GC pool 'PS MarkSweep' had collection(s): count=1 time=192ms
GC pool 'PS Scavenge' had collection(s): count=1 time=52ms
17:31:09.268 [OM StateMachine ApplyTransaction Thread - 0] ERROR OMAudit - user=runner | ip=127.0.0.1 | op=RENAME_KEY {volume=volume34295, bucket=bucket33953, dataSize=0, replicationType=NONE, replicationFactor=ZERO, srcKey=testKey2, dstKey=.Trash/runner/Current/volume34295/bucket33953/testKey2} | ret=FAILURE
org.apache.hadoop.ozone.om.exceptions.OMException: Failed to rename testKey2 to .Trash/runner/Current/volume34295/bucket33953/testKey2, .Trash/runner/Current/volume34295/bucket33953 doesn't exist
	at org.apache.hadoop.ozone.om.request.file.OMFileRequest.getToKeyNameParentId(OMFileRequest.java:837) ~[ozone-manager-1.3.0-SNAPSHOT.jar:?]
	at org.apache.hadoop.ozone.om.request.key.OMKeyRenameRequestWithFSO.validateAndUpdateCache(OMKeyRenameRequestWithFSO.java:200) ~[ozone-manager-1.3.0-SNAPSHOT.jar:?]
	at org.apache.hadoop.ozone.protocolPB.OzoneManagerRequestHandler.handleWriteRequest(OzoneManagerRequestHandler.java:300) ~[ozone-manager-1.3.0-SNAPSHOT.jar:?]
	at org.apache.hadoop.ozone.om.ratis.OzoneManagerStateMachine.runCommand(OzoneManagerStateMachine.java:529) ~[ozone-manager-1.3.0-SNAPSHOT.jar:?]
	at org.apache.hadoop.ozone.om.ratis.OzoneManagerStateMachine.lambda$1(OzoneManagerStateMachine.java:324) ~[ozone-manager-1.3.0-SNAPSHOT.jar:?]
	at java.util.concurrent.CompletableFuture$AsyncSupply.run(CompletableFuture.java:1604) [?:1.8.0_332]
	at java.util.concurrent.ThreadPoolExecutor.runWorker(ThreadPoolExecutor.java:1149) [?:1.8.0_332]
	at java.util.concurrent.ThreadPoolExecutor$Worker.run(ThreadPoolExecutor.java:624) [?:1.8.0_332]
	at java.lang.Thread.run(Thread.java:750) [?:1.8.0_332]
2022-08-08 17:31:09,269 [OM StateMachine ApplyTransaction Thread - 0] ERROR key.OMKeyRenameRequestWithFSO (OMKeyRenameRequestWithFSO.java:validateAndUpdateCache(234)) - Rename key failed for volume:volume34295 bucket:bucket33953 fromKey:testKey2 toKey:.Trash/runner/Current/volume34295/bucket33953/testKey2. Key: testKey2 not found.
2022-08-08 17:31:09,269 [Time-limited test] ERROR ozone.BasicRootedOzoneFileSystem (BasicRootedOzoneFileSystem.java:renameFSO(403)) - rename key failed: Failed to rename testKey2 to .Trash/runner/Current/volume34295/bucket33953/testKey2, .Trash/runner/Current/volume34295/bucket33953 doesn't exist. source:volume34295/bucket33953/testKey2, destin:volume34295/bucket33953/.Trash/runner/Current/volume34295/bucket33953/testKey2
2022-08-08 17:31:09,269 [Time-limited test] INFO  fs.TrashPolicyDefault (TrashPolicyDefault.java:moveToTrash(188)) - Moved: '/volume34295/bucket33953/testKey2' to trash at: ofs:/volume34295/bucket33953/.Trash/runner/Current/volume34295/bucket33953/testKey2
17:31:09.271 [IPC Server handler 12 on default port 37325] ERROR OMAudit - user=runner | ip=127.0.0.1 | op=GET_FILE_STATUS {volume=volume34295, bucket=bucket33953, key=.Trash/runner/Current, dataSize=0, replicationConfig=null} | ret=FAILURE
org.apache.hadoop.ozone.om.exceptions.OMException: Unable to get file status: volume: volume34295 bucket: bucket33953 key: .Trash/runner/Current
	at org.apache.hadoop.ozone.om.KeyManagerImpl.getOzoneFileStatusFSO(KeyManagerImpl.java:1376) ~[ozone-manager-1.3.0-SNAPSHOT.jar:?]
	at org.apache.hadoop.ozone.om.KeyManagerImpl.getFileStatus(KeyManagerImpl.java:1239) ~[ozone-manager-1.3.0-SNAPSHOT.jar:?]
	at org.apache.hadoop.ozone.om.OzoneManager.getFileStatus(OzoneManager.java:3467) ~[ozone-manager-1.3.0-SNAPSHOT.jar:?]
	at org.apache.hadoop.ozone.protocolPB.OzoneManagerRequestHandler.getOzoneFileStatus(OzoneManagerRequestHandler.java:878) ~[ozone-manager-1.3.0-SNAPSHOT.jar:?]
	at org.apache.hadoop.ozone.protocolPB.OzoneManagerRequestHandler.handleReadRequest(OzoneManagerRequestHandler.java:224) ~[ozone-manager-1.3.0-SNAPSHOT.jar:?]
	at org.apache.hadoop.ozone.protocolPB.OzoneManagerProtocolServerSideTranslatorPB.submitReadRequestToOM(OzoneManagerProtocolServerSideTranslatorPB.java:226) ~[ozone-manager-1.3.0-SNAPSHOT.jar:?]
	at org.apache.hadoop.ozone.protocolPB.OzoneManagerProtocolServerSideTranslatorPB.processRequest(OzoneManagerProtocolServerSideTranslatorPB.java:175) ~[ozone-manager-1.3.0-SNAPSHOT.jar:?]
	at org.apache.hadoop.hdds.server.OzoneProtocolMessageDispatcher.processRequest(OzoneProtocolMessageDispatcher.java:87) [hdds-server-framework-1.3.0-SNAPSHOT.jar:?]
	at org.apache.hadoop.ozone.protocolPB.OzoneManagerProtocolServerSideTranslatorPB.submitRequest(OzoneManagerProtocolServerSideTranslatorPB.java:147) [ozone-manager-1.3.0-SNAPSHOT.jar:?]
	at org.apache.hadoop.ozone.protocol.proto.OzoneManagerProtocolProtos$OzoneManagerService$2.callBlockingMethod(OzoneManagerProtocolProtos.java) [ozone-interface-client-1.3.0-SNAPSHOT.jar:?]
	at org.apache.hadoop.ipc.ProtobufRpcEngine$Server.processCall(ProtobufRpcEngine.java:466) [hadoop-common-3.3.1.jar:?]
	at org.apache.hadoop.ipc.ProtobufRpcEngine2$Server$ProtoBufRpcInvoker.call(ProtobufRpcEngine2.java:574) [hadoop-common-3.3.1.jar:?]
	at org.apache.hadoop.ipc.ProtobufRpcEngine2$Server$ProtoBufRpcInvoker.call(ProtobufRpcEngine2.java:552) [hadoop-common-3.3.1.jar:?]
	at org.apache.hadoop.ipc.RPC$Server.call(RPC.java:1093) [hadoop-common-3.3.1.jar:?]
	at org.apache.hadoop.ipc.Server$RpcCall.run(Server.java:1035) [hadoop-common-3.3.1.jar:?]
	at org.apache.hadoop.ipc.Server$RpcCall.run(Server.java:963) [hadoop-common-3.3.1.jar:?]
	at java.security.AccessController.doPrivileged(Native Method) ~[?:1.8.0_332]
	at javax.security.auth.Subject.doAs(Subject.java:422) [?:1.8.0_332]
	at org.apache.hadoop.security.UserGroupInformation.doAs(UserGroupInformation.java:1878) [hadoop-common-3.3.1.jar:?]
	at org.apache.hadoop.ipc.Server$Handler.run(Server.java:2966) [hadoop-common-3.3.1.jar:?]
]]></system-out>
  </testcase>
  <testcase name="testRenameToTrashEnabled" classname="TestRootedOzoneFileSystemWithFSO" time="0.235">
    <system-out><![CDATA[2022-08-08 17:32:17,365 [Time-limited test] INFO  rpc.RpcClient (RpcClient.java:createVolume(468)) - Creating Volume: volume02326, with user77107 as owner and space quota set to -1 bytes, counts quota set to -1
2022-08-08 17:32:17,366 [IPC Server handler 18 on default port 44865] INFO  volume.OMVolumeCreateRequest (OMVolumeCreateRequest.java:validateAndUpdateCache(195)) - created volume:volume02326 for user:user77107
2022-08-08 17:32:17,371 [Time-limited test] INFO  rpc.RpcClient (RpcClient.java:createBucket(671)) - Creating Bucket: volume02326/bucket10602, with bucket layout FILE_SYSTEM_OPTIMIZED, runner as owner, Versioning false, Storage Type set to DISK and Encryption set to false 
2022-08-08 17:32:17,371 [IPC Server handler 2 on default port 44865] INFO  bucket.OMBucketCreateRequest (OMBucketCreateRequest.java:validateAndUpdateCache(260)) - created bucket: bucket10602 of layout FILE_SYSTEM_OPTIMIZED in volume: volume02326
17:32:17.472 [IPC Server handler 11 on default port 44865] ERROR OMAudit - user=runner | ip=127.0.0.1 | op=GET_FILE_STATUS {volume=volume02326, bucket=bucket10602, key=.Trash/runner/Current/volume02326/bucket10602/testKey2, dataSize=0, replicationConfig=null} | ret=FAILURE
org.apache.hadoop.ozone.om.exceptions.OMException: Unable to get file status: volume: volume02326 bucket: bucket10602 key: .Trash/runner/Current/volume02326/bucket10602/testKey2
	at org.apache.hadoop.ozone.om.KeyManagerImpl.getOzoneFileStatusFSO(KeyManagerImpl.java:1376) ~[ozone-manager-1.3.0-SNAPSHOT.jar:?]
	at org.apache.hadoop.ozone.om.KeyManagerImpl.getFileStatus(KeyManagerImpl.java:1239) ~[ozone-manager-1.3.0-SNAPSHOT.jar:?]
	at org.apache.hadoop.ozone.om.OzoneManager.getFileStatus(OzoneManager.java:3467) ~[ozone-manager-1.3.0-SNAPSHOT.jar:?]
	at org.apache.hadoop.ozone.protocolPB.OzoneManagerRequestHandler.getOzoneFileStatus(OzoneManagerRequestHandler.java:878) ~[ozone-manager-1.3.0-SNAPSHOT.jar:?]
	at org.apache.hadoop.ozone.protocolPB.OzoneManagerRequestHandler.handleReadRequest(OzoneManagerRequestHandler.java:224) ~[ozone-manager-1.3.0-SNAPSHOT.jar:?]
	at org.apache.hadoop.ozone.protocolPB.OzoneManagerProtocolServerSideTranslatorPB.submitRequestDirectlyToOM(OzoneManagerProtocolServerSideTranslatorPB.java:276) ~[ozone-manager-1.3.0-SNAPSHOT.jar:?]
	at org.apache.hadoop.ozone.protocolPB.OzoneManagerProtocolServerSideTranslatorPB.processRequest(OzoneManagerProtocolServerSideTranslatorPB.java:205) ~[ozone-manager-1.3.0-SNAPSHOT.jar:?]
	at org.apache.hadoop.hdds.server.OzoneProtocolMessageDispatcher.processRequest(OzoneProtocolMessageDispatcher.java:87) [hdds-server-framework-1.3.0-SNAPSHOT.jar:?]
	at org.apache.hadoop.ozone.protocolPB.OzoneManagerProtocolServerSideTranslatorPB.submitRequest(OzoneManagerProtocolServerSideTranslatorPB.java:147) [ozone-manager-1.3.0-SNAPSHOT.jar:?]
	at org.apache.hadoop.ozone.protocol.proto.OzoneManagerProtocolProtos$OzoneManagerService$2.callBlockingMethod(OzoneManagerProtocolProtos.java) [ozone-interface-client-1.3.0-SNAPSHOT.jar:?]
	at org.apache.hadoop.ipc.ProtobufRpcEngine$Server.processCall(ProtobufRpcEngine.java:466) [hadoop-common-3.3.1.jar:?]
	at org.apache.hadoop.ipc.ProtobufRpcEngine2$Server$ProtoBufRpcInvoker.call(ProtobufRpcEngine2.java:574) [hadoop-common-3.3.1.jar:?]
	at org.apache.hadoop.ipc.ProtobufRpcEngine2$Server$ProtoBufRpcInvoker.call(ProtobufRpcEngine2.java:552) [hadoop-common-3.3.1.jar:?]
	at org.apache.hadoop.ipc.RPC$Server.call(RPC.java:1093) [hadoop-common-3.3.1.jar:?]
	at org.apache.hadoop.ipc.Server$RpcCall.run(Server.java:1035) [hadoop-common-3.3.1.jar:?]
	at org.apache.hadoop.ipc.Server$RpcCall.run(Server.java:963) [hadoop-common-3.3.1.jar:?]
	at java.security.AccessController.doPrivileged(Native Method) ~[?:1.8.0_332]
	at javax.security.auth.Subject.doAs(Subject.java:422) [?:1.8.0_332]
	at org.apache.hadoop.security.UserGroupInformation.doAs(UserGroupInformation.java:1878) [hadoop-common-3.3.1.jar:?]
	at org.apache.hadoop.ipc.Server$Handler.run(Server.java:2966) [hadoop-common-3.3.1.jar:?]
2022-08-08 17:32:17,473 [Time-limited test] INFO  fs.TrashPolicyDefault (TrashPolicyDefault.java:moveToTrash(188)) - Moved: '/volume02326/bucket10602/testKey2' to trash at: ofs:/volume02326/bucket10602/.Trash/runner/Current/volume02326/bucket10602/testKey2
]]></system-out>
  </testcase>
  <testcase name="testMkdirOnNonExistentVolumeBucketDir" classname="TestRootedOzoneFileSystemWithFSO" time="0">
    <skipped type="org.junit.AssumptionViolatedException"><![CDATA[org.junit.AssumptionViolatedException: FS Path is enabled. Skipping this test as it is not tuned for FS Path yet
	at org.junit.Assume.assumeTrue(Assume.java:68)
	at org.apache.hadoop.fs.ozone.TestRootedOzoneFileSystem.testMkdirOnNonExistentVolumeBucketDir(TestRootedOzoneFileSystem.java:421)
	at sun.reflect.NativeMethodAccessorImpl.invoke0(Native Method)
	at sun.reflect.NativeMethodAccessorImpl.invoke(NativeMethodAccessorImpl.java:62)
	at sun.reflect.DelegatingMethodAccessorImpl.invoke(DelegatingMethodAccessorImpl.java:43)
	at java.lang.reflect.Method.invoke(Method.java:498)
	at org.junit.runners.model.FrameworkMethod$1.runReflectiveCall(FrameworkMethod.java:59)
	at org.junit.internal.runners.model.ReflectiveCallable.run(ReflectiveCallable.java:12)
	at org.junit.runners.model.FrameworkMethod.invokeExplosively(FrameworkMethod.java:56)
	at org.junit.internal.runners.statements.InvokeMethod.evaluate(InvokeMethod.java:17)
	at org.junit.internal.runners.statements.RunBefores.evaluate(RunBefores.java:26)
	at org.junit.internal.runners.statements.RunAfters.evaluate(RunAfters.java:27)
	at org.junit.internal.runners.statements.FailOnTimeout$CallableStatement.call(FailOnTimeout.java:288)
	at org.junit.internal.runners.statements.FailOnTimeout$CallableStatement.call(FailOnTimeout.java:282)
	at java.util.concurrent.FutureTask.run(FutureTask.java:266)
	at java.lang.Thread.run(Thread.java:750)
]]></skipped>
    <system-out><![CDATA[2022-08-08 17:31:09,324 [Time-limited test] INFO  rpc.RpcClient (RpcClient.java:createVolume(468)) - Creating Volume: volume74290, with user30072 as owner and space quota set to -1 bytes, counts quota set to -1
2022-08-08 17:31:09,326 [OM StateMachine ApplyTransaction Thread - 0] INFO  volume.OMVolumeCreateRequest (OMVolumeCreateRequest.java:validateAndUpdateCache(195)) - created volume:volume74290 for user:user30072
2022-08-08 17:31:09,330 [Time-limited test] INFO  rpc.RpcClient (RpcClient.java:createBucket(671)) - Creating Bucket: volume74290/bucket19381, with bucket layout FILE_SYSTEM_OPTIMIZED, runner as owner, Versioning false, Storage Type set to DISK and Encryption set to false 
2022-08-08 17:31:09,333 [OM StateMachine ApplyTransaction Thread - 0] INFO  bucket.OMBucketCreateRequest (OMBucketCreateRequest.java:validateAndUpdateCache(260)) - created bucket: bucket19381 of layout FILE_SYSTEM_OPTIMIZED in volume: volume74290
]]></system-out>
  </testcase>
  <testcase name="testMkdirOnNonExistentVolumeBucketDir" classname="TestRootedOzoneFileSystemWithFSO" time="0">
    <skipped type="org.junit.AssumptionViolatedException"><![CDATA[org.junit.AssumptionViolatedException: FS Path is enabled. Skipping this test as it is not tuned for FS Path yet
	at org.junit.Assume.assumeTrue(Assume.java:68)
	at org.apache.hadoop.fs.ozone.TestRootedOzoneFileSystem.testMkdirOnNonExistentVolumeBucketDir(TestRootedOzoneFileSystem.java:421)
	at sun.reflect.NativeMethodAccessorImpl.invoke0(Native Method)
	at sun.reflect.NativeMethodAccessorImpl.invoke(NativeMethodAccessorImpl.java:62)
	at sun.reflect.DelegatingMethodAccessorImpl.invoke(DelegatingMethodAccessorImpl.java:43)
	at java.lang.reflect.Method.invoke(Method.java:498)
	at org.junit.runners.model.FrameworkMethod$1.runReflectiveCall(FrameworkMethod.java:59)
	at org.junit.internal.runners.model.ReflectiveCallable.run(ReflectiveCallable.java:12)
	at org.junit.runners.model.FrameworkMethod.invokeExplosively(FrameworkMethod.java:56)
	at org.junit.internal.runners.statements.InvokeMethod.evaluate(InvokeMethod.java:17)
	at org.junit.internal.runners.statements.RunBefores.evaluate(RunBefores.java:26)
	at org.junit.internal.runners.statements.RunAfters.evaluate(RunAfters.java:27)
	at org.junit.internal.runners.statements.FailOnTimeout$CallableStatement.call(FailOnTimeout.java:288)
	at org.junit.internal.runners.statements.FailOnTimeout$CallableStatement.call(FailOnTimeout.java:282)
	at java.util.concurrent.FutureTask.run(FutureTask.java:266)
	at java.lang.Thread.run(Thread.java:750)
]]></skipped>
    <system-out><![CDATA[2022-08-08 17:32:17,558 [Time-limited test] INFO  rpc.RpcClient (RpcClient.java:createVolume(468)) - Creating Volume: volume65367, with user32604 as owner and space quota set to -1 bytes, counts quota set to -1
2022-08-08 17:32:17,563 [IPC Server handler 0 on default port 44865] INFO  volume.OMVolumeCreateRequest (OMVolumeCreateRequest.java:validateAndUpdateCache(195)) - created volume:volume65367 for user:user32604
2022-08-08 17:32:17,566 [Time-limited test] INFO  rpc.RpcClient (RpcClient.java:createBucket(671)) - Creating Bucket: volume65367/bucket32621, with bucket layout FILE_SYSTEM_OPTIMIZED, runner as owner, Versioning false, Storage Type set to DISK and Encryption set to false 
2022-08-08 17:32:17,566 [IPC Server handler 1 on default port 44865] INFO  bucket.OMBucketCreateRequest (OMBucketCreateRequest.java:validateAndUpdateCache(260)) - created bucket: bucket32621 of layout FILE_SYSTEM_OPTIMIZED in volume: volume65367
]]></system-out>
  </testcase>
  <testcase name="testListStatusOnLargeDirectory" classname="TestRootedOzoneFileSystemWithFSO" time="8.168">
    <system-out><![CDATA[2022-08-08 17:31:09,379 [Time-limited test] INFO  rpc.RpcClient (RpcClient.java:createVolume(468)) - Creating Volume: volume83752, with user04581 as owner and space quota set to -1 bytes, counts quota set to -1
2022-08-08 17:31:09,381 [OM StateMachine ApplyTransaction Thread - 0] INFO  volume.OMVolumeCreateRequest (OMVolumeCreateRequest.java:validateAndUpdateCache(195)) - created volume:volume83752 for user:user04581
2022-08-08 17:31:09,383 [Time-limited test] INFO  rpc.RpcClient (RpcClient.java:createBucket(671)) - Creating Bucket: volume83752/bucket81204, with bucket layout FILE_SYSTEM_OPTIMIZED, runner as owner, Versioning false, Storage Type set to DISK and Encryption set to false 
2022-08-08 17:31:09,384 [OM StateMachine ApplyTransaction Thread - 0] INFO  bucket.OMBucketCreateRequest (OMBucketCreateRequest.java:validateAndUpdateCache(260)) - created bucket: bucket81204 of layout FILE_SYSTEM_OPTIMIZED in volume: volume83752
2022-08-08 17:31:13,352 [02b59665-40e6-4f54-a95c-0606f78ec7ff@group-32AFE4578994-FollowerState] INFO  impl.FollowerState (FollowerState.java:run(143)) - 02b59665-40e6-4f54-a95c-0606f78ec7ff@group-32AFE4578994-FollowerState: change to CANDIDATE, lastRpcElapsedTime:5088732320ns, electionTimeout:5088ms
2022-08-08 17:31:13,352 [02b59665-40e6-4f54-a95c-0606f78ec7ff@group-32AFE4578994-FollowerState] INFO  impl.RoleInfo (RoleInfo.java:shutdownFollowerState(110)) - 02b59665-40e6-4f54-a95c-0606f78ec7ff: shutdown 02b59665-40e6-4f54-a95c-0606f78ec7ff@group-32AFE4578994-FollowerState
2022-08-08 17:31:13,352 [02b59665-40e6-4f54-a95c-0606f78ec7ff@group-32AFE4578994-FollowerState] INFO  server.RaftServer$Division (RaftServerImpl.java:setRole(299)) - 02b59665-40e6-4f54-a95c-0606f78ec7ff@group-32AFE4578994: changes role from  FOLLOWER to CANDIDATE at term 5 for changeToCandidate
2022-08-08 17:31:13,353 [02b59665-40e6-4f54-a95c-0606f78ec7ff@group-32AFE4578994-FollowerState] INFO  server.RaftServerConfigKeys (ConfUtils.java:logGet(46)) - raft.server.leaderelection.pre-vote = false (custom)
2022-08-08 17:31:13,353 [02b59665-40e6-4f54-a95c-0606f78ec7ff@group-32AFE4578994-FollowerState] INFO  impl.RoleInfo (RoleInfo.java:updateAndGet(139)) - 02b59665-40e6-4f54-a95c-0606f78ec7ff: start 02b59665-40e6-4f54-a95c-0606f78ec7ff@group-32AFE4578994-LeaderElection15
2022-08-08 17:31:13,361 [02b59665-40e6-4f54-a95c-0606f78ec7ff@group-32AFE4578994-LeaderElection15] INFO  impl.LeaderElection (LeaderElection.java:askForVotes(310)) - 02b59665-40e6-4f54-a95c-0606f78ec7ff@group-32AFE4578994-LeaderElection15 ELECTION round 0: submit vote requests at term 6 for -1: [02b59665-40e6-4f54-a95c-0606f78ec7ff|rpc:10.1.0.4:36877|priority:1, f64dc5e8-62f3-4def-b87e-a162ae32d3b9|rpc:10.1.0.4:38901|priority:0, f220fda6-a22f-4438-8ee2-dd02585921dd|rpc:10.1.0.4:37777|priority:0], old=null
2022-08-08 17:31:13,371 [grpc-default-executor-2] INFO  server.RaftServer$Division (RaftServerImpl.java:requestVote(1152)) - f64dc5e8-62f3-4def-b87e-a162ae32d3b9@group-32AFE4578994: receive requestVote(ELECTION, 02b59665-40e6-4f54-a95c-0606f78ec7ff, group-32AFE4578994, 6, (t:0, i:0))
2022-08-08 17:31:13,371 [grpc-default-executor-2] INFO  impl.VoteContext (VoteContext.java:log(48)) - f64dc5e8-62f3-4def-b87e-a162ae32d3b9@group-32AFE4578994-FOLLOWER: accept ELECTION from 02b59665-40e6-4f54-a95c-0606f78ec7ff: our priority 0 <= candidate's priority 1
2022-08-08 17:31:13,371 [grpc-default-executor-2] INFO  server.RaftServer$Division (RaftServerImpl.java:setRole(299)) - f64dc5e8-62f3-4def-b87e-a162ae32d3b9@group-32AFE4578994: changes role from  FOLLOWER to FOLLOWER at term 6 for candidate:02b59665-40e6-4f54-a95c-0606f78ec7ff
2022-08-08 17:31:13,371 [grpc-default-executor-2] INFO  impl.RoleInfo (RoleInfo.java:shutdownFollowerState(110)) - f64dc5e8-62f3-4def-b87e-a162ae32d3b9: shutdown f64dc5e8-62f3-4def-b87e-a162ae32d3b9@group-32AFE4578994-FollowerState
2022-08-08 17:31:13,371 [grpc-default-executor-2] INFO  impl.RoleInfo (RoleInfo.java:updateAndGet(139)) - f64dc5e8-62f3-4def-b87e-a162ae32d3b9: start f64dc5e8-62f3-4def-b87e-a162ae32d3b9@group-32AFE4578994-FollowerState
2022-08-08 17:31:13,371 [f64dc5e8-62f3-4def-b87e-a162ae32d3b9@group-32AFE4578994-FollowerState] INFO  impl.FollowerState (FollowerState.java:run(152)) - f64dc5e8-62f3-4def-b87e-a162ae32d3b9@group-32AFE4578994-FollowerState was interrupted
2022-08-08 17:31:13,372 [grpc-default-executor-3] INFO  server.RaftServer$Division (RaftServerImpl.java:requestVote(1152)) - f220fda6-a22f-4438-8ee2-dd02585921dd@group-32AFE4578994: receive requestVote(ELECTION, 02b59665-40e6-4f54-a95c-0606f78ec7ff, group-32AFE4578994, 6, (t:0, i:0))
2022-08-08 17:31:13,372 [grpc-default-executor-3] INFO  impl.VoteContext (VoteContext.java:log(48)) - f220fda6-a22f-4438-8ee2-dd02585921dd@group-32AFE4578994-FOLLOWER: accept ELECTION from 02b59665-40e6-4f54-a95c-0606f78ec7ff: our priority 0 <= candidate's priority 1
2022-08-08 17:31:13,372 [grpc-default-executor-3] INFO  server.RaftServer$Division (RaftServerImpl.java:setRole(299)) - f220fda6-a22f-4438-8ee2-dd02585921dd@group-32AFE4578994: changes role from  FOLLOWER to FOLLOWER at term 6 for candidate:02b59665-40e6-4f54-a95c-0606f78ec7ff
2022-08-08 17:31:13,372 [grpc-default-executor-3] INFO  impl.RoleInfo (RoleInfo.java:shutdownFollowerState(110)) - f220fda6-a22f-4438-8ee2-dd02585921dd: shutdown f220fda6-a22f-4438-8ee2-dd02585921dd@group-32AFE4578994-FollowerState
2022-08-08 17:31:13,382 [grpc-default-executor-3] INFO  impl.RoleInfo (RoleInfo.java:updateAndGet(139)) - f220fda6-a22f-4438-8ee2-dd02585921dd: start f220fda6-a22f-4438-8ee2-dd02585921dd@group-32AFE4578994-FollowerState
2022-08-08 17:31:13,382 [f220fda6-a22f-4438-8ee2-dd02585921dd@group-32AFE4578994-FollowerState] INFO  impl.FollowerState (FollowerState.java:run(152)) - f220fda6-a22f-4438-8ee2-dd02585921dd@group-32AFE4578994-FollowerState was interrupted
2022-08-08 17:31:13,383 [grpc-default-executor-2] INFO  server.RaftServer$Division (RaftServerImpl.java:requestVote(1184)) - f64dc5e8-62f3-4def-b87e-a162ae32d3b9@group-32AFE4578994 replies to ELECTION vote request: 02b59665-40e6-4f54-a95c-0606f78ec7ff<-f64dc5e8-62f3-4def-b87e-a162ae32d3b9#0:OK-t6. Peer's state: f64dc5e8-62f3-4def-b87e-a162ae32d3b9@group-32AFE4578994:t6, leader=null, voted=02b59665-40e6-4f54-a95c-0606f78ec7ff, raftlog=f64dc5e8-62f3-4def-b87e-a162ae32d3b9@group-32AFE4578994-SegmentedRaftLog:OPENED:c-1, conf=-1: [02b59665-40e6-4f54-a95c-0606f78ec7ff|rpc:10.1.0.4:36877|priority:1, f64dc5e8-62f3-4def-b87e-a162ae32d3b9|rpc:10.1.0.4:38901|priority:0, f220fda6-a22f-4438-8ee2-dd02585921dd|rpc:10.1.0.4:37777|priority:0], old=null
2022-08-08 17:31:13,387 [grpc-default-executor-3] INFO  server.RaftServer$Division (RaftServerImpl.java:requestVote(1184)) - f220fda6-a22f-4438-8ee2-dd02585921dd@group-32AFE4578994 replies to ELECTION vote request: 02b59665-40e6-4f54-a95c-0606f78ec7ff<-f220fda6-a22f-4438-8ee2-dd02585921dd#0:OK-t6. Peer's state: f220fda6-a22f-4438-8ee2-dd02585921dd@group-32AFE4578994:t6, leader=null, voted=02b59665-40e6-4f54-a95c-0606f78ec7ff, raftlog=f220fda6-a22f-4438-8ee2-dd02585921dd@group-32AFE4578994-SegmentedRaftLog:OPENED:c-1, conf=-1: [02b59665-40e6-4f54-a95c-0606f78ec7ff|rpc:10.1.0.4:36877|dataStream:|priority:1, f64dc5e8-62f3-4def-b87e-a162ae32d3b9|rpc:10.1.0.4:38901|dataStream:|priority:0, f220fda6-a22f-4438-8ee2-dd02585921dd|rpc:10.1.0.4:37777|dataStream:|priority:0], old=null
2022-08-08 17:31:13,388 [02b59665-40e6-4f54-a95c-0606f78ec7ff@group-32AFE4578994-LeaderElection15] INFO  impl.LeaderElection (LeaderElection.java:logAndReturn(90)) - 02b59665-40e6-4f54-a95c-0606f78ec7ff@group-32AFE4578994-LeaderElection15: ELECTION PASSED received 1 response(s) and 0 exception(s):
2022-08-08 17:31:13,388 [02b59665-40e6-4f54-a95c-0606f78ec7ff@group-32AFE4578994-LeaderElection15] INFO  impl.LeaderElection (LeaderElection.java:logAndReturn(94)) -   Response 0: 02b59665-40e6-4f54-a95c-0606f78ec7ff<-f64dc5e8-62f3-4def-b87e-a162ae32d3b9#0:OK-t6
2022-08-08 17:31:13,388 [02b59665-40e6-4f54-a95c-0606f78ec7ff@group-32AFE4578994-LeaderElection15] INFO  impl.LeaderElection (LeaderElection.java:askForVotes(312)) - 02b59665-40e6-4f54-a95c-0606f78ec7ff@group-32AFE4578994-LeaderElection15 ELECTION round 0: result PASSED
2022-08-08 17:31:13,388 [02b59665-40e6-4f54-a95c-0606f78ec7ff@group-32AFE4578994-LeaderElection15] INFO  impl.RoleInfo (RoleInfo.java:shutdownLeaderElection(130)) - 02b59665-40e6-4f54-a95c-0606f78ec7ff: shutdown 02b59665-40e6-4f54-a95c-0606f78ec7ff@group-32AFE4578994-LeaderElection15
2022-08-08 17:31:13,388 [02b59665-40e6-4f54-a95c-0606f78ec7ff@group-32AFE4578994-LeaderElection15] INFO  server.RaftServer$Division (RaftServerImpl.java:setRole(299)) - 02b59665-40e6-4f54-a95c-0606f78ec7ff@group-32AFE4578994: changes role from CANDIDATE to LEADER at term 6 for changeToLeader
2022-08-08 17:31:13,388 [02b59665-40e6-4f54-a95c-0606f78ec7ff@group-32AFE4578994-LeaderElection15] INFO  ratis.XceiverServerRatis (XceiverServerRatis.java:handleLeaderChangedNotification(863)) - Leader change notification received for group: group-32AFE4578994 with new leaderId: 02b59665-40e6-4f54-a95c-0606f78ec7ff
2022-08-08 17:31:13,388 [02b59665-40e6-4f54-a95c-0606f78ec7ff@group-32AFE4578994-LeaderElection15] INFO  server.RaftServer$Division (ServerState.java:setLeader(287)) - 02b59665-40e6-4f54-a95c-0606f78ec7ff@group-32AFE4578994: change Leader from null to 02b59665-40e6-4f54-a95c-0606f78ec7ff at term 6 for becomeLeader, leader elected after 30569ms
2022-08-08 17:31:13,388 [02b59665-40e6-4f54-a95c-0606f78ec7ff@group-32AFE4578994-LeaderElection15] INFO  server.RaftServerConfigKeys (ConfUtils.java:logGet(46)) - raft.server.staging.catchup.gap = 1000 (default)
2022-08-08 17:31:13,388 [02b59665-40e6-4f54-a95c-0606f78ec7ff@group-32AFE4578994-LeaderElection15] INFO  server.RaftServerConfigKeys (ConfUtils.java:logGet(46)) - raft.server.write.element-limit = 1024 (custom)
2022-08-08 17:31:13,389 [02b59665-40e6-4f54-a95c-0606f78ec7ff@group-32AFE4578994-LeaderElection15] INFO  server.RaftServerConfigKeys (ConfUtils.java:logGet(46)) - raft.server.write.byte-limit = 1024 M (=1073741824) (custom)
2022-08-08 17:31:13,389 [02b59665-40e6-4f54-a95c-0606f78ec7ff@group-32AFE4578994-LeaderElection15] INFO  server.RaftServerConfigKeys (ConfUtils.java:logGet(46)) - raft.server.watch.timeout = 180s (custom)
2022-08-08 17:31:13,389 [02b59665-40e6-4f54-a95c-0606f78ec7ff@group-32AFE4578994-LeaderElection15] INFO  server.RaftServerConfigKeys (ConfUtils.java:logGet(46)) - raft.server.watch.timeout.denomination = 1s (default)
2022-08-08 17:31:13,389 [02b59665-40e6-4f54-a95c-0606f78ec7ff@group-32AFE4578994-LeaderElection15] INFO  server.RaftServerConfigKeys (ConfUtils.java:logGet(46)) - raft.server.watch.element-limit = 65536 (default)
2022-08-08 17:31:13,389 [02b59665-40e6-4f54-a95c-0606f78ec7ff@group-32AFE4578994-LeaderElection15] INFO  server.RaftServerConfigKeys (ConfUtils.java:logGet(46)) - raft.server.write.element-limit = 1024 (custom)
2022-08-08 17:31:13,389 [02b59665-40e6-4f54-a95c-0606f78ec7ff@group-32AFE4578994-LeaderElection15] INFO  server.RaftServerConfigKeys (ConfUtils.java:logGet(46)) - raft.server.write.follower.gap.ratio.max = -1.0 (default)
2022-08-08 17:31:13,389 [EventQueue-PipelineReportForPipelineReportHandler] INFO  pipeline.PipelineManagerImpl (PipelineManagerImpl.java:openPipeline(367)) - Pipeline Pipeline[ Id: 86a0b168-ca13-43f9-b32a-32afe4578994, Nodes: f220fda6-a22f-4438-8ee2-dd02585921dd{ip: 10.1.0.4, host: fv-az207-152.1ztp0ef1jgbebjcpob1ohcpowa.jx.internal.cloudapp.net, ports: [REPLICATION=38379, RATIS=37777, RATIS_ADMIN=37777, RATIS_SERVER=37777, STANDALONE=38219], networkLocation: /default-rack, certSerialId: null, persistedOpState: IN_SERVICE, persistedOpStateExpiryEpochSec: 0}f64dc5e8-62f3-4def-b87e-a162ae32d3b9{ip: 10.1.0.4, host: fv-az207-152.1ztp0ef1jgbebjcpob1ohcpowa.jx.internal.cloudapp.net, ports: [REPLICATION=35657, RATIS=38901, RATIS_ADMIN=38901, RATIS_SERVER=38901, STANDALONE=33859], networkLocation: /default-rack, certSerialId: null, persistedOpState: IN_SERVICE, persistedOpStateExpiryEpochSec: 0}02b59665-40e6-4f54-a95c-0606f78ec7ff{ip: 10.1.0.4, host: fv-az207-152.1ztp0ef1jgbebjcpob1ohcpowa.jx.internal.cloudapp.net, ports: [REPLICATION=39539, RATIS=36877, RATIS_ADMIN=36877, RATIS_SERVER=36877, STANDALONE=40375], networkLocation: /default-rack, certSerialId: null, persistedOpState: IN_SERVICE, persistedOpStateExpiryEpochSec: 0}, ReplicationConfig: RATIS/THREE, State:ALLOCATED, leaderId:02b59665-40e6-4f54-a95c-0606f78ec7ff, CreationTimestamp2022-08-08T17:30:39.801Z[Etc/UTC]] moved to OPEN state
2022-08-08 17:31:13,390 [02b59665-40e6-4f54-a95c-0606f78ec7ff@group-32AFE4578994-LeaderElection15] INFO  server.RaftServerConfigKeys (ConfUtils.java:logGet(46)) - raft.server.log.appender.snapshot.chunk.size.max = 16MB (=16777216) (default)
2022-08-08 17:31:13,390 [02b59665-40e6-4f54-a95c-0606f78ec7ff@group-32AFE4578994-LeaderElection15] INFO  server.RaftServerConfigKeys (ConfUtils.java:logGet(46)) - raft.server.log.appender.buffer.byte-limit = 33554432 (custom)
2022-08-08 17:31:13,390 [02b59665-40e6-4f54-a95c-0606f78ec7ff@group-32AFE4578994-LeaderElection15] INFO  server.RaftServerConfigKeys (ConfUtils.java:logGet(46)) - raft.server.log.appender.buffer.element-limit = 1 (custom)
2022-08-08 17:31:13,390 [02b59665-40e6-4f54-a95c-0606f78ec7ff@group-32AFE4578994-LeaderElection15] INFO  grpc.GrpcConfigKeys (ConfUtils.java:logGet(46)) - raft.grpc.server.leader.outstanding.appends.max = 128 (default)
2022-08-08 17:31:13,395 [02b59665-40e6-4f54-a95c-0606f78ec7ff@group-32AFE4578994-LeaderElection15] INFO  server.RaftServerConfigKeys (ConfUtils.java:logGet(46)) - raft.server.rpc.request.timeout = 60s (custom)
2022-08-08 17:31:13,395 [02b59665-40e6-4f54-a95c-0606f78ec7ff@group-32AFE4578994-LeaderElection15] INFO  server.RaftServerConfigKeys (ConfUtils.java:logGet(46)) - raft.server.log.appender.install.snapshot.enabled = false (custom)
2022-08-08 17:31:13,395 [02b59665-40e6-4f54-a95c-0606f78ec7ff@group-32AFE4578994-LeaderElection15] INFO  server.RaftServerConfigKeys (ConfUtils.java:logGet(46)) - raft.server.log.appender.snapshot.chunk.size.max = 16MB (=16777216) (default)
2022-08-08 17:31:13,395 [02b59665-40e6-4f54-a95c-0606f78ec7ff@group-32AFE4578994-LeaderElection15] INFO  server.RaftServerConfigKeys (ConfUtils.java:logGet(46)) - raft.server.log.appender.buffer.byte-limit = 33554432 (custom)
2022-08-08 17:31:13,395 [02b59665-40e6-4f54-a95c-0606f78ec7ff@group-32AFE4578994-LeaderElection15] INFO  server.RaftServerConfigKeys (ConfUtils.java:logGet(46)) - raft.server.log.appender.buffer.element-limit = 1 (custom)
2022-08-08 17:31:13,396 [02b59665-40e6-4f54-a95c-0606f78ec7ff@group-32AFE4578994-LeaderElection15] INFO  grpc.GrpcConfigKeys (ConfUtils.java:logGet(46)) - raft.grpc.server.leader.outstanding.appends.max = 128 (default)
2022-08-08 17:31:13,396 [02b59665-40e6-4f54-a95c-0606f78ec7ff@group-32AFE4578994-LeaderElection15] INFO  server.RaftServerConfigKeys (ConfUtils.java:logGet(46)) - raft.server.rpc.request.timeout = 60s (custom)
2022-08-08 17:31:13,396 [02b59665-40e6-4f54-a95c-0606f78ec7ff@group-32AFE4578994-LeaderElection15] INFO  server.RaftServerConfigKeys (ConfUtils.java:logGet(46)) - raft.server.log.appender.install.snapshot.enabled = false (custom)
2022-08-08 17:31:13,396 [02b59665-40e6-4f54-a95c-0606f78ec7ff@group-32AFE4578994-LeaderElection15] INFO  impl.RoleInfo (RoleInfo.java:updateAndGet(139)) - 02b59665-40e6-4f54-a95c-0606f78ec7ff: start 02b59665-40e6-4f54-a95c-0606f78ec7ff@group-32AFE4578994-LeaderStateImpl
2022-08-08 17:31:13,396 [02b59665-40e6-4f54-a95c-0606f78ec7ff@group-32AFE4578994-LeaderElection15] INFO  segmented.SegmentedRaftLogWorker (SegmentedRaftLogWorker.java:startLogSegment(425)) - 02b59665-40e6-4f54-a95c-0606f78ec7ff@group-32AFE4578994-SegmentedRaftLogWorker: Starting segment from index:0
2022-08-08 17:31:13,398 [02b59665-40e6-4f54-a95c-0606f78ec7ff@group-32AFE4578994-SegmentedRaftLogWorker] INFO  segmented.SegmentedRaftLogWorker (SegmentedRaftLogWorker.java:execute(629)) - 02b59665-40e6-4f54-a95c-0606f78ec7ff@group-32AFE4578994-SegmentedRaftLogWorker: created new log segment /home/runner/work/ozone/ozone/hadoop-ozone/integration-test/target/test-dir/MiniOzoneClusterImpl-51406671-1893-4796-a216-b7dfafadb542/datanode-1/data/ratis/86a0b168-ca13-43f9-b32a-32afe4578994/current/log_inprogress_0
2022-08-08 17:31:13,422 [f64dc5e8-62f3-4def-b87e-a162ae32d3b9-server-thread1] INFO  ratis.XceiverServerRatis (XceiverServerRatis.java:handleLeaderChangedNotification(863)) - Leader change notification received for group: group-32AFE4578994 with new leaderId: 02b59665-40e6-4f54-a95c-0606f78ec7ff
2022-08-08 17:31:13,423 [f64dc5e8-62f3-4def-b87e-a162ae32d3b9-server-thread1] INFO  server.RaftServer$Division (ServerState.java:setLeader(287)) - f64dc5e8-62f3-4def-b87e-a162ae32d3b9@group-32AFE4578994: change Leader from null to 02b59665-40e6-4f54-a95c-0606f78ec7ff at term 6 for appendEntries, leader elected after 30671ms
2022-08-08 17:31:13,434 [02b59665-40e6-4f54-a95c-0606f78ec7ff@group-32AFE4578994-LeaderElection15] INFO  server.RaftServer$Division (ServerState.java:setRaftConf(393)) - 02b59665-40e6-4f54-a95c-0606f78ec7ff@group-32AFE4578994: set configuration 0: [02b59665-40e6-4f54-a95c-0606f78ec7ff|rpc:10.1.0.4:36877|dataStream:|priority:1, f64dc5e8-62f3-4def-b87e-a162ae32d3b9|rpc:10.1.0.4:38901|dataStream:|priority:0, f220fda6-a22f-4438-8ee2-dd02585921dd|rpc:10.1.0.4:37777|dataStream:|priority:0], old=null
2022-08-08 17:31:13,438 [f220fda6-a22f-4438-8ee2-dd02585921dd-server-thread1] INFO  ratis.XceiverServerRatis (XceiverServerRatis.java:handleLeaderChangedNotification(863)) - Leader change notification received for group: group-32AFE4578994 with new leaderId: 02b59665-40e6-4f54-a95c-0606f78ec7ff
2022-08-08 17:31:13,439 [f220fda6-a22f-4438-8ee2-dd02585921dd-server-thread1] INFO  server.RaftServer$Division (ServerState.java:setLeader(287)) - f220fda6-a22f-4438-8ee2-dd02585921dd@group-32AFE4578994: change Leader from null to 02b59665-40e6-4f54-a95c-0606f78ec7ff at term 6 for appendEntries, leader elected after 30634ms
2022-08-08 17:31:13,444 [f64dc5e8-62f3-4def-b87e-a162ae32d3b9-server-thread1] INFO  server.RaftServer$Division (ServerState.java:setRaftConf(393)) - f64dc5e8-62f3-4def-b87e-a162ae32d3b9@group-32AFE4578994: set configuration 0: [02b59665-40e6-4f54-a95c-0606f78ec7ff|rpc:10.1.0.4:36877|dataStream:|priority:1, f64dc5e8-62f3-4def-b87e-a162ae32d3b9|rpc:10.1.0.4:38901|dataStream:|priority:0, f220fda6-a22f-4438-8ee2-dd02585921dd|rpc:10.1.0.4:37777|dataStream:|priority:0], old=null
2022-08-08 17:31:13,444 [f64dc5e8-62f3-4def-b87e-a162ae32d3b9-server-thread1] INFO  segmented.SegmentedRaftLogWorker (SegmentedRaftLogWorker.java:startLogSegment(425)) - f64dc5e8-62f3-4def-b87e-a162ae32d3b9@group-32AFE4578994-SegmentedRaftLogWorker: Starting segment from index:0
2022-08-08 17:31:13,447 [f64dc5e8-62f3-4def-b87e-a162ae32d3b9@group-32AFE4578994-SegmentedRaftLogWorker] INFO  segmented.SegmentedRaftLogWorker (SegmentedRaftLogWorker.java:execute(629)) - f64dc5e8-62f3-4def-b87e-a162ae32d3b9@group-32AFE4578994-SegmentedRaftLogWorker: created new log segment /home/runner/work/ozone/ozone/hadoop-ozone/integration-test/target/test-dir/MiniOzoneClusterImpl-51406671-1893-4796-a216-b7dfafadb542/datanode-0/data/ratis/86a0b168-ca13-43f9-b32a-32afe4578994/current/log_inprogress_0
2022-08-08 17:31:13,453 [f220fda6-a22f-4438-8ee2-dd02585921dd-server-thread1] INFO  server.RaftServer$Division (ServerState.java:setRaftConf(393)) - f220fda6-a22f-4438-8ee2-dd02585921dd@group-32AFE4578994: set configuration 0: [02b59665-40e6-4f54-a95c-0606f78ec7ff|rpc:10.1.0.4:36877|dataStream:|priority:1, f64dc5e8-62f3-4def-b87e-a162ae32d3b9|rpc:10.1.0.4:38901|dataStream:|priority:0, f220fda6-a22f-4438-8ee2-dd02585921dd|rpc:10.1.0.4:37777|dataStream:|priority:0], old=null
2022-08-08 17:31:13,453 [f220fda6-a22f-4438-8ee2-dd02585921dd-server-thread1] INFO  segmented.SegmentedRaftLogWorker (SegmentedRaftLogWorker.java:startLogSegment(425)) - f220fda6-a22f-4438-8ee2-dd02585921dd@group-32AFE4578994-SegmentedRaftLogWorker: Starting segment from index:0
2022-08-08 17:31:13,458 [f220fda6-a22f-4438-8ee2-dd02585921dd@group-32AFE4578994-SegmentedRaftLogWorker] INFO  segmented.SegmentedRaftLogWorker (SegmentedRaftLogWorker.java:execute(629)) - f220fda6-a22f-4438-8ee2-dd02585921dd@group-32AFE4578994-SegmentedRaftLogWorker: created new log segment /home/runner/work/ozone/ozone/hadoop-ozone/integration-test/target/test-dir/MiniOzoneClusterImpl-51406671-1893-4796-a216-b7dfafadb542/datanode-2/data/ratis/86a0b168-ca13-43f9-b32a-32afe4578994/current/log_inprogress_0
]]></system-out>
  </testcase>
  <testcase name="testListStatusOnLargeDirectory" classname="TestRootedOzoneFileSystemWithFSO" time="6.362">
    <system-out><![CDATA[2022-08-08 17:32:17,667 [Time-limited test] INFO  rpc.RpcClient (RpcClient.java:createVolume(468)) - Creating Volume: volume88082, with user50729 as owner and space quota set to -1 bytes, counts quota set to -1
2022-08-08 17:32:17,671 [IPC Server handler 1 on default port 44865] INFO  volume.OMVolumeCreateRequest (OMVolumeCreateRequest.java:validateAndUpdateCache(195)) - created volume:volume88082 for user:user50729
2022-08-08 17:32:17,674 [Time-limited test] INFO  rpc.RpcClient (RpcClient.java:createBucket(671)) - Creating Bucket: volume88082/bucket33093, with bucket layout FILE_SYSTEM_OPTIMIZED, runner as owner, Versioning false, Storage Type set to DISK and Encryption set to false 
2022-08-08 17:32:17,676 [IPC Server handler 5 on default port 44865] INFO  bucket.OMBucketCreateRequest (OMBucketCreateRequest.java:validateAndUpdateCache(260)) - created bucket: bucket33093 of layout FILE_SYSTEM_OPTIMIZED in volume: volume88082
2022-08-08 17:32:17,832 [Finalizer] WARN  managed.ManagedRocksObjectUtils (ManagedRocksObjectUtils.java:assertClosed(39)) - ManagedBloomFilter is not closed properly
2022-08-08 17:32:17,832 [Finalizer] WARN  managed.ManagedRocksObjectUtils (ManagedRocksObjectUtils.java:assertClosed(39)) - ManagedLRUCache is not closed properly
2022-08-08 17:32:17,832 [Finalizer] WARN  managed.ManagedRocksObjectUtils (ManagedRocksObjectUtils.java:assertClosed(39)) - ManagedColumnFamilyOptions is not closed properly
2022-08-08 17:32:17,832 [Finalizer] WARN  managed.ManagedRocksObjectUtils (ManagedRocksObjectUtils.java:assertClosed(39)) - ManagedDBOptions is not closed properly
2022-08-08 17:32:17,832 [Finalizer] WARN  managed.ManagedRocksObjectUtils (ManagedRocksObjectUtils.java:assertClosed(39)) - ManagedBloomFilter is not closed properly
2022-08-08 17:32:17,832 [Finalizer] WARN  managed.ManagedRocksObjectUtils (ManagedRocksObjectUtils.java:assertClosed(39)) - ManagedLRUCache is not closed properly
2022-08-08 17:32:17,832 [Finalizer] WARN  managed.ManagedRocksObjectUtils (ManagedRocksObjectUtils.java:assertClosed(39)) - ManagedColumnFamilyOptions is not closed properly
2022-08-08 17:32:17,832 [Finalizer] WARN  managed.ManagedRocksObjectUtils (ManagedRocksObjectUtils.java:assertClosed(39)) - ManagedDBOptions is not closed properly
2022-08-08 17:32:17,832 [Finalizer] WARN  managed.ManagedRocksObjectUtils (ManagedRocksObjectUtils.java:assertClosed(39)) - ManagedBloomFilter is not closed properly
2022-08-08 17:32:17,832 [Finalizer] WARN  managed.ManagedRocksObjectUtils (ManagedRocksObjectUtils.java:assertClosed(39)) - ManagedLRUCache is not closed properly
2022-08-08 17:32:17,832 [Finalizer] WARN  managed.ManagedRocksObjectUtils (ManagedRocksObjectUtils.java:assertClosed(39)) - ManagedColumnFamilyOptions is not closed properly
2022-08-08 17:32:17,832 [Finalizer] WARN  managed.ManagedRocksObjectUtils (ManagedRocksObjectUtils.java:assertClosed(39)) - ManagedDBOptions is not closed properly
2022-08-08 17:32:19,499 [UnderReplicatedQueueThreadThread] INFO  replication.UnderReplicatedProcessor (UnderReplicatedProcessor.java:processAll(85)) - Processed 0 under replicated containers, failed processing 0
2022-08-08 17:32:19,507 [OverReplicatedQueueThreadThread] INFO  replication.OverReplicatedProcessor (OverReplicatedProcessor.java:processAll(83)) - Processed 0 over replicated containers, failed processing 0
]]></system-out>
  </testcase>
  <testcase name="testRenameToDifferentBucket" classname="TestRootedOzoneFileSystemWithFSO" time="0.058">
    <system-out><![CDATA[2022-08-08 17:31:17,544 [Time-limited test] INFO  rpc.RpcClient (RpcClient.java:createVolume(468)) - Creating Volume: volume10351, with user36631 as owner and space quota set to -1 bytes, counts quota set to -1
2022-08-08 17:31:17,546 [OM StateMachine ApplyTransaction Thread - 0] INFO  volume.OMVolumeCreateRequest (OMVolumeCreateRequest.java:validateAndUpdateCache(195)) - created volume:volume10351 for user:user36631
2022-08-08 17:31:17,548 [Time-limited test] INFO  rpc.RpcClient (RpcClient.java:createBucket(671)) - Creating Bucket: volume10351/bucket41195, with bucket layout FILE_SYSTEM_OPTIMIZED, runner as owner, Versioning false, Storage Type set to DISK and Encryption set to false 
2022-08-08 17:31:17,549 [OM StateMachine ApplyTransaction Thread - 0] INFO  bucket.OMBucketCreateRequest (OMBucketCreateRequest.java:validateAndUpdateCache(260)) - created bucket: bucket41195 of layout FILE_SYSTEM_OPTIMIZED in volume: volume10351
]]></system-out>
  </testcase>
  <testcase name="testRenameToDifferentBucket" classname="TestRootedOzoneFileSystemWithFSO" time="0.082">
    <system-out><![CDATA[2022-08-08 17:32:24,015 [Time-limited test] INFO  rpc.RpcClient (RpcClient.java:createVolume(468)) - Creating Volume: volume06584, with user40092 as owner and space quota set to -1 bytes, counts quota set to -1
2022-08-08 17:32:24,018 [IPC Server handler 0 on default port 44865] INFO  volume.OMVolumeCreateRequest (OMVolumeCreateRequest.java:validateAndUpdateCache(195)) - created volume:volume06584 for user:user40092
2022-08-08 17:32:24,023 [Time-limited test] INFO  rpc.RpcClient (RpcClient.java:createBucket(671)) - Creating Bucket: volume06584/bucket09568, with bucket layout FILE_SYSTEM_OPTIMIZED, runner as owner, Versioning false, Storage Type set to DISK and Encryption set to false 
2022-08-08 17:32:24,023 [IPC Server handler 1 on default port 44865] INFO  bucket.OMBucketCreateRequest (OMBucketCreateRequest.java:validateAndUpdateCache(260)) - created bucket: bucket09568 of layout FILE_SYSTEM_OPTIMIZED in volume: volume06584
]]></system-out>
  </testcase>
  <testcase name="testBucketDefaultsShouldBeInheritedToFileForEC" classname="TestRootedOzoneFileSystemWithFSO" time="0.569">
    <system-out><![CDATA[2022-08-08 17:31:17,600 [Time-limited test] INFO  rpc.RpcClient (RpcClient.java:createVolume(468)) - Creating Volume: volume21287, with user40262 as owner and space quota set to -1 bytes, counts quota set to -1
2022-08-08 17:31:17,607 [OM StateMachine ApplyTransaction Thread - 0] INFO  volume.OMVolumeCreateRequest (OMVolumeCreateRequest.java:validateAndUpdateCache(195)) - created volume:volume21287 for user:user40262
2022-08-08 17:31:17,609 [Time-limited test] INFO  rpc.RpcClient (RpcClient.java:createBucket(671)) - Creating Bucket: volume21287/bucket25179, with bucket layout FILE_SYSTEM_OPTIMIZED, runner as owner, Versioning false, Storage Type set to DISK and Encryption set to false 
2022-08-08 17:31:17,611 [OM StateMachine ApplyTransaction Thread - 0] INFO  bucket.OMBucketCreateRequest (OMBucketCreateRequest.java:validateAndUpdateCache(260)) - created bucket: bucket25179 of layout FILE_SYSTEM_OPTIMIZED in volume: volume21287
2022-08-08 17:31:17,633 [Time-limited test] INFO  rpc.RpcClient (RpcClient.java:createVolume(468)) - Creating Volume: caa19464-9779-4abb-a744-45b7068eea4d, with user14999 as owner and space quota set to -1 bytes, counts quota set to -1
2022-08-08 17:31:17,635 [OM StateMachine ApplyTransaction Thread - 0] INFO  volume.OMVolumeCreateRequest (OMVolumeCreateRequest.java:validateAndUpdateCache(195)) - created volume:caa19464-9779-4abb-a744-45b7068eea4d for user:user14999
2022-08-08 17:31:17,638 [Time-limited test] INFO  rpc.RpcClient (RpcClient.java:createBucket(671)) - Creating Bucket: caa19464-9779-4abb-a744-45b7068eea4d/c4ddb2a0-4885-4951-9ec0-a39d95326f5e, with bucket layout LEGACY, runner as owner, Versioning false, Storage Type set to DISK and Encryption set to false 
2022-08-08 17:31:17,642 [OM StateMachine ApplyTransaction Thread - 0] INFO  bucket.OMBucketCreateRequest (OMBucketCreateRequest.java:validateAndUpdateCache(260)) - created bucket: c4ddb2a0-4885-4951-9ec0-a39d95326f5e of layout LEGACY in volume: caa19464-9779-4abb-a744-45b7068eea4d
2022-08-08 17:31:17,650 [IPC Server handler 17 on default port 35903] INFO  pipeline.PipelineStateManagerImpl (PipelineStateManagerImpl.java:addPipeline(103)) - Created pipeline Pipeline[ Id: 2f3bdb48-9b42-45fe-bad4-36ebc7782e84, Nodes: 02b59665-40e6-4f54-a95c-0606f78ec7ff{ip: 10.1.0.4, host: fv-az207-152.1ztp0ef1jgbebjcpob1ohcpowa.jx.internal.cloudapp.net, ports: [REPLICATION=39539, RATIS=36877, RATIS_ADMIN=36877, RATIS_SERVER=36877, STANDALONE=40375], networkLocation: /default-rack, certSerialId: null, persistedOpState: null, persistedOpStateExpiryEpochSec: 0}f64dc5e8-62f3-4def-b87e-a162ae32d3b9{ip: 10.1.0.4, host: fv-az207-152.1ztp0ef1jgbebjcpob1ohcpowa.jx.internal.cloudapp.net, ports: [REPLICATION=35657, RATIS=38901, RATIS_ADMIN=38901, RATIS_SERVER=38901, STANDALONE=33859], networkLocation: /default-rack, certSerialId: null, persistedOpState: null, persistedOpStateExpiryEpochSec: 0}f220fda6-a22f-4438-8ee2-dd02585921dd{ip: 10.1.0.4, host: fv-az207-152.1ztp0ef1jgbebjcpob1ohcpowa.jx.internal.cloudapp.net, ports: [REPLICATION=38379, RATIS=37777, RATIS_ADMIN=37777, RATIS_SERVER=37777, STANDALONE=38219], networkLocation: /default-rack, certSerialId: null, persistedOpState: null, persistedOpStateExpiryEpochSec: 0}d819746f-ac91-42dc-803b-6bdb8cd6e8e0{ip: 10.1.0.4, host: fv-az207-152.1ztp0ef1jgbebjcpob1ohcpowa.jx.internal.cloudapp.net, ports: [REPLICATION=44827, RATIS=46319, RATIS_ADMIN=46319, RATIS_SERVER=46319, STANDALONE=46483], networkLocation: /default-rack, certSerialId: null, persistedOpState: null, persistedOpStateExpiryEpochSec: 0}f7aacf51-5793-4fef-8f84-f2340b06749c{ip: 10.1.0.4, host: fv-az207-152.1ztp0ef1jgbebjcpob1ohcpowa.jx.internal.cloudapp.net, ports: [REPLICATION=45059, RATIS=41927, RATIS_ADMIN=41927, RATIS_SERVER=41927, STANDALONE=39499], networkLocation: /default-rack, certSerialId: null, persistedOpState: null, persistedOpStateExpiryEpochSec: 0}, ReplicationConfig: EC/ECReplicationConfig{data=3, parity=2, ecChunkSize=1024, codec=rs}, State:ALLOCATED, leaderId:, CreationTimestamp2022-08-08T17:31:17.650Z[Etc/UTC]].
2022-08-08 17:31:17,651 [IPC Server handler 17 on default port 35903] INFO  pipeline.PipelineManagerImpl (PipelineManagerImpl.java:openPipeline(367)) - Pipeline Pipeline[ Id: 2f3bdb48-9b42-45fe-bad4-36ebc7782e84, Nodes: 02b59665-40e6-4f54-a95c-0606f78ec7ff{ip: 10.1.0.4, host: fv-az207-152.1ztp0ef1jgbebjcpob1ohcpowa.jx.internal.cloudapp.net, ports: [REPLICATION=39539, RATIS=36877, RATIS_ADMIN=36877, RATIS_SERVER=36877, STANDALONE=40375], networkLocation: /default-rack, certSerialId: null, persistedOpState: null, persistedOpStateExpiryEpochSec: 0}f64dc5e8-62f3-4def-b87e-a162ae32d3b9{ip: 10.1.0.4, host: fv-az207-152.1ztp0ef1jgbebjcpob1ohcpowa.jx.internal.cloudapp.net, ports: [REPLICATION=35657, RATIS=38901, RATIS_ADMIN=38901, RATIS_SERVER=38901, STANDALONE=33859], networkLocation: /default-rack, certSerialId: null, persistedOpState: null, persistedOpStateExpiryEpochSec: 0}f220fda6-a22f-4438-8ee2-dd02585921dd{ip: 10.1.0.4, host: fv-az207-152.1ztp0ef1jgbebjcpob1ohcpowa.jx.internal.cloudapp.net, ports: [REPLICATION=38379, RATIS=37777, RATIS_ADMIN=37777, RATIS_SERVER=37777, STANDALONE=38219], networkLocation: /default-rack, certSerialId: null, persistedOpState: null, persistedOpStateExpiryEpochSec: 0}d819746f-ac91-42dc-803b-6bdb8cd6e8e0{ip: 10.1.0.4, host: fv-az207-152.1ztp0ef1jgbebjcpob1ohcpowa.jx.internal.cloudapp.net, ports: [REPLICATION=44827, RATIS=46319, RATIS_ADMIN=46319, RATIS_SERVER=46319, STANDALONE=46483], networkLocation: /default-rack, certSerialId: null, persistedOpState: null, persistedOpStateExpiryEpochSec: 0}f7aacf51-5793-4fef-8f84-f2340b06749c{ip: 10.1.0.4, host: fv-az207-152.1ztp0ef1jgbebjcpob1ohcpowa.jx.internal.cloudapp.net, ports: [REPLICATION=45059, RATIS=41927, RATIS_ADMIN=41927, RATIS_SERVER=41927, STANDALONE=39499], networkLocation: /default-rack, certSerialId: null, persistedOpState: null, persistedOpStateExpiryEpochSec: 0}, ReplicationConfig: EC/ECReplicationConfig{data=3, parity=2, ecChunkSize=1024, codec=rs}, State:ALLOCATED, leaderId:, CreationTimestamp2022-08-08T17:31:17.650Z[Etc/UTC]] moved to OPEN state
2022-08-08 17:31:17,707 [Time-limited test] WARN  erasurecode.ErasureCodeNative (ErasureCodeNative.java:<clinit>(55)) - ISA-L support is not available in your platform... using builtin-java codec where applicable
]]></system-out>
  </testcase>
  <testcase name="testBucketDefaultsShouldBeInheritedToFileForEC" classname="TestRootedOzoneFileSystemWithFSO" time="0.71">
    <system-out><![CDATA[2022-08-08 17:32:24,119 [Time-limited test] INFO  rpc.RpcClient (RpcClient.java:createVolume(468)) - Creating Volume: volume42003, with user44844 as owner and space quota set to -1 bytes, counts quota set to -1
2022-08-08 17:32:24,120 [IPC Server handler 2 on default port 44865] INFO  volume.OMVolumeCreateRequest (OMVolumeCreateRequest.java:validateAndUpdateCache(195)) - created volume:volume42003 for user:user44844
2022-08-08 17:32:24,123 [Time-limited test] INFO  rpc.RpcClient (RpcClient.java:createBucket(671)) - Creating Bucket: volume42003/bucket70721, with bucket layout FILE_SYSTEM_OPTIMIZED, runner as owner, Versioning false, Storage Type set to DISK and Encryption set to false 
2022-08-08 17:32:24,123 [IPC Server handler 0 on default port 44865] INFO  bucket.OMBucketCreateRequest (OMBucketCreateRequest.java:validateAndUpdateCache(260)) - created bucket: bucket70721 of layout FILE_SYSTEM_OPTIMIZED in volume: volume42003
2022-08-08 17:32:24,188 [Time-limited test] INFO  rpc.RpcClient (RpcClient.java:createVolume(468)) - Creating Volume: 18f4c9c2-03e9-4407-86e0-beebe1b44b4a, with user34898 as owner and space quota set to -1 bytes, counts quota set to -1
2022-08-08 17:32:24,189 [IPC Server handler 4 on default port 44865] INFO  volume.OMVolumeCreateRequest (OMVolumeCreateRequest.java:validateAndUpdateCache(195)) - created volume:18f4c9c2-03e9-4407-86e0-beebe1b44b4a for user:user34898
2022-08-08 17:32:24,190 [Time-limited test] INFO  rpc.RpcClient (RpcClient.java:createBucket(671)) - Creating Bucket: 18f4c9c2-03e9-4407-86e0-beebe1b44b4a/18958a47-9eb4-4be5-bd70-2d87e07b0053, with bucket layout LEGACY, runner as owner, Versioning false, Storage Type set to DISK and Encryption set to false 
2022-08-08 17:32:24,191 [IPC Server handler 6 on default port 44865] INFO  bucket.OMBucketCreateRequest (OMBucketCreateRequest.java:validateAndUpdateCache(260)) - created bucket: 18958a47-9eb4-4be5-bd70-2d87e07b0053 of layout LEGACY in volume: 18f4c9c2-03e9-4407-86e0-beebe1b44b4a
2022-08-08 17:32:24,200 [IPC Server handler 0 on default port 44507] INFO  pipeline.PipelineStateManagerImpl (PipelineStateManagerImpl.java:addPipeline(103)) - Created pipeline Pipeline[ Id: 5a183f8b-ef36-457c-8b84-701b36db2696, Nodes: e097b380-c3a4-416d-961b-62d57346101a{ip: 10.1.0.4, host: fv-az207-152.1ztp0ef1jgbebjcpob1ohcpowa.jx.internal.cloudapp.net, ports: [REPLICATION=42839, RATIS=33879, RATIS_ADMIN=33879, RATIS_SERVER=33879, STANDALONE=35245], networkLocation: /default-rack, certSerialId: null, persistedOpState: null, persistedOpStateExpiryEpochSec: 0}cf00da59-0cdc-47d7-956f-cb1d63eabba8{ip: 10.1.0.4, host: fv-az207-152.1ztp0ef1jgbebjcpob1ohcpowa.jx.internal.cloudapp.net, ports: [REPLICATION=37335, RATIS=38075, RATIS_ADMIN=38075, RATIS_SERVER=38075, STANDALONE=32969], networkLocation: /default-rack, certSerialId: null, persistedOpState: null, persistedOpStateExpiryEpochSec: 0}53355090-c5c3-46c8-9fb6-985b331fedcd{ip: 10.1.0.4, host: fv-az207-152.1ztp0ef1jgbebjcpob1ohcpowa.jx.internal.cloudapp.net, ports: [REPLICATION=40469, RATIS=44583, RATIS_ADMIN=44583, RATIS_SERVER=44583, STANDALONE=39391], networkLocation: /default-rack, certSerialId: null, persistedOpState: null, persistedOpStateExpiryEpochSec: 0}db1702a3-da9c-40bc-8787-7ef8b4501257{ip: 10.1.0.4, host: fv-az207-152.1ztp0ef1jgbebjcpob1ohcpowa.jx.internal.cloudapp.net, ports: [REPLICATION=41405, RATIS=46881, RATIS_ADMIN=46881, RATIS_SERVER=46881, STANDALONE=34627], networkLocation: /default-rack, certSerialId: null, persistedOpState: null, persistedOpStateExpiryEpochSec: 0}6f3b8b9d-98c0-45ee-9faa-ef87da063f94{ip: 10.1.0.4, host: fv-az207-152.1ztp0ef1jgbebjcpob1ohcpowa.jx.internal.cloudapp.net, ports: [REPLICATION=41141, RATIS=36339, RATIS_ADMIN=36339, RATIS_SERVER=36339, STANDALONE=44461], networkLocation: /default-rack, certSerialId: null, persistedOpState: null, persistedOpStateExpiryEpochSec: 0}, ReplicationConfig: EC/ECReplicationConfig{data=3, parity=2, ecChunkSize=1024, codec=rs}, State:ALLOCATED, leaderId:, CreationTimestamp2022-08-08T17:32:24.195Z[Etc/UTC]].
2022-08-08 17:32:24,200 [IPC Server handler 0 on default port 44507] INFO  pipeline.PipelineManagerImpl (PipelineManagerImpl.java:openPipeline(367)) - Pipeline Pipeline[ Id: 5a183f8b-ef36-457c-8b84-701b36db2696, Nodes: e097b380-c3a4-416d-961b-62d57346101a{ip: 10.1.0.4, host: fv-az207-152.1ztp0ef1jgbebjcpob1ohcpowa.jx.internal.cloudapp.net, ports: [REPLICATION=42839, RATIS=33879, RATIS_ADMIN=33879, RATIS_SERVER=33879, STANDALONE=35245], networkLocation: /default-rack, certSerialId: null, persistedOpState: null, persistedOpStateExpiryEpochSec: 0}cf00da59-0cdc-47d7-956f-cb1d63eabba8{ip: 10.1.0.4, host: fv-az207-152.1ztp0ef1jgbebjcpob1ohcpowa.jx.internal.cloudapp.net, ports: [REPLICATION=37335, RATIS=38075, RATIS_ADMIN=38075, RATIS_SERVER=38075, STANDALONE=32969], networkLocation: /default-rack, certSerialId: null, persistedOpState: null, persistedOpStateExpiryEpochSec: 0}53355090-c5c3-46c8-9fb6-985b331fedcd{ip: 10.1.0.4, host: fv-az207-152.1ztp0ef1jgbebjcpob1ohcpowa.jx.internal.cloudapp.net, ports: [REPLICATION=40469, RATIS=44583, RATIS_ADMIN=44583, RATIS_SERVER=44583, STANDALONE=39391], networkLocation: /default-rack, certSerialId: null, persistedOpState: null, persistedOpStateExpiryEpochSec: 0}db1702a3-da9c-40bc-8787-7ef8b4501257{ip: 10.1.0.4, host: fv-az207-152.1ztp0ef1jgbebjcpob1ohcpowa.jx.internal.cloudapp.net, ports: [REPLICATION=41405, RATIS=46881, RATIS_ADMIN=46881, RATIS_SERVER=46881, STANDALONE=34627], networkLocation: /default-rack, certSerialId: null, persistedOpState: null, persistedOpStateExpiryEpochSec: 0}6f3b8b9d-98c0-45ee-9faa-ef87da063f94{ip: 10.1.0.4, host: fv-az207-152.1ztp0ef1jgbebjcpob1ohcpowa.jx.internal.cloudapp.net, ports: [REPLICATION=41141, RATIS=36339, RATIS_ADMIN=36339, RATIS_SERVER=36339, STANDALONE=44461], networkLocation: /default-rack, certSerialId: null, persistedOpState: null, persistedOpStateExpiryEpochSec: 0}, ReplicationConfig: EC/ECReplicationConfig{data=3, parity=2, ecChunkSize=1024, codec=rs}, State:ALLOCATED, leaderId:, CreationTimestamp2022-08-08T17:32:24.195Z[Etc/UTC]] moved to OPEN state
]]></system-out>
  </testcase>
  <testcase name="testListStatusInBucket" classname="TestRootedOzoneFileSystemWithFSO" time="0.053">
    <system-out><![CDATA[2022-08-08 17:31:18,172 [Time-limited test] INFO  rpc.RpcClient (RpcClient.java:createVolume(468)) - Creating Volume: volume67463, with user85961 as owner and space quota set to -1 bytes, counts quota set to -1
2022-08-08 17:31:18,173 [OM StateMachine ApplyTransaction Thread - 0] INFO  volume.OMVolumeCreateRequest (OMVolumeCreateRequest.java:validateAndUpdateCache(195)) - created volume:volume67463 for user:user85961
2022-08-08 17:31:18,174 [Time-limited test] INFO  rpc.RpcClient (RpcClient.java:createBucket(671)) - Creating Bucket: volume67463/bucket84795, with bucket layout FILE_SYSTEM_OPTIMIZED, runner as owner, Versioning false, Storage Type set to DISK and Encryption set to false 
2022-08-08 17:31:18,175 [OM StateMachine ApplyTransaction Thread - 0] INFO  bucket.OMBucketCreateRequest (OMBucketCreateRequest.java:validateAndUpdateCache(260)) - created bucket: bucket84795 of layout FILE_SYSTEM_OPTIMIZED in volume: volume67463
]]></system-out>
  </testcase>
  <testcase name="testListStatusInBucket" classname="TestRootedOzoneFileSystemWithFSO" time="0.075">
    <system-out><![CDATA[2022-08-08 17:32:24,796 [Time-limited test] INFO  rpc.RpcClient (RpcClient.java:createVolume(468)) - Creating Volume: volume38221, with user62293 as owner and space quota set to -1 bytes, counts quota set to -1
2022-08-08 17:32:24,797 [IPC Server handler 11 on default port 44865] INFO  volume.OMVolumeCreateRequest (OMVolumeCreateRequest.java:validateAndUpdateCache(195)) - created volume:volume38221 for user:user62293
2022-08-08 17:32:24,798 [Time-limited test] INFO  rpc.RpcClient (RpcClient.java:createBucket(671)) - Creating Bucket: volume38221/bucket53322, with bucket layout FILE_SYSTEM_OPTIMIZED, runner as owner, Versioning false, Storage Type set to DISK and Encryption set to false 
2022-08-08 17:32:24,798 [IPC Server handler 13 on default port 44865] INFO  bucket.OMBucketCreateRequest (OMBucketCreateRequest.java:validateAndUpdateCache(260)) - created bucket: bucket53322 of layout FILE_SYSTEM_OPTIMIZED in volume: volume38221
]]></system-out>
  </testcase>
  <testcase name="testRenameFileToDir" classname="TestRootedOzoneFileSystemWithFSO" time="0.052">
    <system-out><![CDATA[2022-08-08 17:31:18,222 [Time-limited test] INFO  rpc.RpcClient (RpcClient.java:createVolume(468)) - Creating Volume: volume51431, with user97857 as owner and space quota set to -1 bytes, counts quota set to -1
2022-08-08 17:31:18,224 [OM StateMachine ApplyTransaction Thread - 0] INFO  volume.OMVolumeCreateRequest (OMVolumeCreateRequest.java:validateAndUpdateCache(195)) - created volume:volume51431 for user:user97857
2022-08-08 17:31:18,225 [Time-limited test] INFO  rpc.RpcClient (RpcClient.java:createBucket(671)) - Creating Bucket: volume51431/bucket06289, with bucket layout FILE_SYSTEM_OPTIMIZED, runner as owner, Versioning false, Storage Type set to DISK and Encryption set to false 
2022-08-08 17:31:18,226 [OM StateMachine ApplyTransaction Thread - 0] INFO  bucket.OMBucketCreateRequest (OMBucketCreateRequest.java:validateAndUpdateCache(260)) - created bucket: bucket06289 of layout FILE_SYSTEM_OPTIMIZED in volume: volume51431
]]></system-out>
  </testcase>
  <testcase name="testRenameFileToDir" classname="TestRootedOzoneFileSystemWithFSO" time="0.109">
    <system-out><![CDATA[2022-08-08 17:32:24,882 [Finalizer] WARN  managed.ManagedRocksObjectUtils (ManagedRocksObjectUtils.java:assertClosed(39)) - ManagedDBOptions is not closed properly
2022-08-08 17:32:24,883 [Finalizer] WARN  managed.ManagedRocksObjectUtils (ManagedRocksObjectUtils.java:assertClosed(39)) - ManagedColumnFamilyOptions is not closed properly
2022-08-08 17:32:24,883 [Finalizer] WARN  managed.ManagedRocksObjectUtils (ManagedRocksObjectUtils.java:assertClosed(39)) - ManagedLRUCache is not closed properly
2022-08-08 17:32:24,883 [Finalizer] WARN  managed.ManagedRocksObjectUtils (ManagedRocksObjectUtils.java:assertClosed(39)) - ManagedBloomFilter is not closed properly
2022-08-08 17:32:24,883 [Finalizer] WARN  managed.ManagedRocksObjectUtils (ManagedRocksObjectUtils.java:assertClosed(39)) - ManagedDBOptions is not closed properly
2022-08-08 17:32:24,883 [Finalizer] WARN  managed.ManagedRocksObjectUtils (ManagedRocksObjectUtils.java:assertClosed(39)) - ManagedColumnFamilyOptions is not closed properly
2022-08-08 17:32:24,883 [Finalizer] WARN  managed.ManagedRocksObjectUtils (ManagedRocksObjectUtils.java:assertClosed(39)) - ManagedLRUCache is not closed properly
2022-08-08 17:32:24,883 [Finalizer] WARN  managed.ManagedRocksObjectUtils (ManagedRocksObjectUtils.java:assertClosed(39)) - ManagedBloomFilter is not closed properly
2022-08-08 17:32:24,883 [Finalizer] WARN  managed.ManagedRocksObjectUtils (ManagedRocksObjectUtils.java:assertClosed(39)) - ManagedDBOptions is not closed properly
2022-08-08 17:32:24,883 [Finalizer] WARN  managed.ManagedRocksObjectUtils (ManagedRocksObjectUtils.java:assertClosed(39)) - ManagedColumnFamilyOptions is not closed properly
2022-08-08 17:32:24,883 [Finalizer] WARN  managed.ManagedRocksObjectUtils (ManagedRocksObjectUtils.java:assertClosed(39)) - ManagedLRUCache is not closed properly
2022-08-08 17:32:24,883 [Finalizer] WARN  managed.ManagedRocksObjectUtils (ManagedRocksObjectUtils.java:assertClosed(39)) - ManagedBloomFilter is not closed properly
2022-08-08 17:32:24,883 [Finalizer] WARN  managed.ManagedRocksObjectUtils (ManagedRocksObjectUtils.java:assertClosed(39)) - ManagedDBOptions is not closed properly
2022-08-08 17:32:24,883 [Finalizer] WARN  managed.ManagedRocksObjectUtils (ManagedRocksObjectUtils.java:assertClosed(39)) - ManagedColumnFamilyOptions is not closed properly
2022-08-08 17:32:24,883 [Finalizer] WARN  managed.ManagedRocksObjectUtils (ManagedRocksObjectUtils.java:assertClosed(39)) - ManagedLRUCache is not closed properly
2022-08-08 17:32:24,883 [Finalizer] WARN  managed.ManagedRocksObjectUtils (ManagedRocksObjectUtils.java:assertClosed(39)) - ManagedBloomFilter is not closed properly
2022-08-08 17:32:24,883 [Finalizer] WARN  managed.ManagedRocksObjectUtils (ManagedRocksObjectUtils.java:assertClosed(39)) - ManagedDBOptions is not closed properly
2022-08-08 17:32:24,883 [Finalizer] WARN  managed.ManagedRocksObjectUtils (ManagedRocksObjectUtils.java:assertClosed(39)) - ManagedColumnFamilyOptions is not closed properly
2022-08-08 17:32:24,883 [Finalizer] WARN  managed.ManagedRocksObjectUtils (ManagedRocksObjectUtils.java:assertClosed(39)) - ManagedLRUCache is not closed properly
2022-08-08 17:32:24,883 [Finalizer] WARN  managed.ManagedRocksObjectUtils (ManagedRocksObjectUtils.java:assertClosed(39)) - ManagedBloomFilter is not closed properly
2022-08-08 17:32:24,903 [Time-limited test] INFO  rpc.RpcClient (RpcClient.java:createVolume(468)) - Creating Volume: volume95313, with user82808 as owner and space quota set to -1 bytes, counts quota set to -1
2022-08-08 17:32:24,904 [IPC Server handler 9 on default port 44865] INFO  volume.OMVolumeCreateRequest (OMVolumeCreateRequest.java:validateAndUpdateCache(195)) - created volume:volume95313 for user:user82808
2022-08-08 17:32:24,910 [Time-limited test] INFO  rpc.RpcClient (RpcClient.java:createBucket(671)) - Creating Bucket: volume95313/bucket42891, with bucket layout FILE_SYSTEM_OPTIMIZED, runner as owner, Versioning false, Storage Type set to DISK and Encryption set to false 
2022-08-08 17:32:24,910 [IPC Server handler 11 on default port 44865] INFO  bucket.OMBucketCreateRequest (OMBucketCreateRequest.java:validateAndUpdateCache(260)) - created bucket: bucket42891 of layout FILE_SYSTEM_OPTIMIZED in volume: volume95313
]]></system-out>
  </testcase>
</testsuite>